<?xml version="1.0" encoding="UTF-8"?>
<robot generator="Robot 7.0.1 (Python 3.12.4 on linux)" generated="2024-07-17T21:14:42.669391" rpa="false" schemaversion="5">
<suite id="s1" name="Tests" source="/home/runner/work/ApiRandomUser/ApiRandomUser/RamdonUser/tests">
<suite id="s1-s1" name="Random-User-Test" source="/home/runner/work/ApiRandomUser/ApiRandomUser/RamdonUser/tests/random-user-test.robot">
<test id="s1-s1-t1" name="Conectar" line="13">
<kw name="Conectar API" owner="random-user-service">
<kw name="Create Session" owner="RequestsLibrary">
<msg time="2024-07-17T21:14:43.117457" level="INFO">Creating Session using : alias=consultarAPI, url=https://randomuser.me/, headers={},                     cookies={}, auth=None, timeout=None, proxies=None, verify=False,                     debug=0 </msg>
<arg>consultarAPI</arg>
<arg>${URL}</arg>
<doc>Create Session: create a HTTP session to a server</doc>
<status status="PASS" start="2024-07-17T21:14:43.117250" elapsed="0.000400"/>
</kw>
<status status="PASS" start="2024-07-17T21:14:43.116235" elapsed="0.001783"/>
</kw>
<status status="PASS" start="2024-07-17T21:14:43.115627" elapsed="0.002586"/>
</test>
<test id="s1-s1-t2" name="Validar retorno 200 e JSON Válido" line="16">
<kw name="Teste de Requisicao Basica" owner="random-user-service">
<kw name="GET On Session" owner="RequestsLibrary">
<msg time="2024-07-17T21:14:43.591807" level="INFO">GET Request : url=https://randomuser.me/api 
 path_url=/api 
 headers={'User-Agent': 'python-requests/2.32.3', 'Accept-Encoding': 'gzip, deflate', 'Accept': '*/*', 'Connection': 'keep-alive'} 
 body=None 
 </msg>
<msg time="2024-07-17T21:14:43.591958" level="INFO">GET Response : url=https://randomuser.me/api 
 status=200, reason=OK 
 headers={'Date': 'Wed, 17 Jul 2024 21:14:43 GMT', 'Content-Type': 'application/json; charset=utf-8', 'Transfer-Encoding': 'chunked', 'Connection': 'keep-alive', 'X-Powered-By': 'Express', 'Access-Control-Allow-Origin': '*', 'Cache-Control': 'no-cache', 'ETag': 'W/"48a-RPOKsZ/WiJkitM6eiUA0ttdjNX4"', 'Vary': 'Accept-Encoding', 'Content-Encoding': 'gzip', 'CF-Cache-Status': 'DYNAMIC', 'Report-To': '{"endpoints":[{"url":"https:\\/\\/a.nel.cloudflare.com\\/report\\/v4?s=TMINsheYOr3Xm0CC05XeFKXSLWhaO4kBiPwRlJvFuWBtWelOLLBkTc%2Fhtjngcl%2BF%2BrcR0qFsy0lZh2rzvSqJHebeGPfE5RahfWgK1ySnURPrBU6utOtYd%2BG%2Bjds0dLib"}],"group":"cf-nel","max_age":604800}', 'NEL': '{"success_fraction":0,"report_to":"cf-nel","max_age":604800}', 'Server': 'cloudflare', 'CF-RAY': '8a4d3e4638462427-IAD', 'alt-svc': 'h3=":443"; ma=86400'} 
 body={"results":[{"gender":"male","name":{"title":"Mr","first":"Eetu","last":"Kumpula"},"location":{"street":{"number":2749,"name":"Satakennankatu"},"city":"Padasjoki","state":"Pirkanmaa","country":"Finland","postcode":32037,"coordinates":{"latitude":"-24.1682","longitude":"-72.3322"},"timezone":{"offset":"+7:00","description":"Bangkok, Hanoi, Jakarta"}},"email":"eetu.kumpula@example.com","login":{"uuid":"36c4c983-7e40-4f7d-bf94-301dd233a23e","username":"purpleelephant298","password":"zhai","salt":"E5ta9CZR","md5":"ce4f1a5f67c2a1c5acc3869de1b2edd8","sha1":"4f6c0870a72b9d8e08e5e33e3fea348ca9de4da1","sha256":"cf9aef4d2a56e2bae7582c20e316e1b36a568a0a1a20d2d7cf065e9b1e75c94a"},"dob":{"date":"1946-12-10T00:21:13.580Z","age":77},"registered":{"date":"2003-11-22T01:30:38.360Z","age":20},"phone":"08-122-612","cell":"049-158-43-58","id":{"name":"HETU","value":"NaNNA185undefined"},"picture":{"large":"https://randomuser.me/api/portraits/men/81.jpg","medium":"https://randomuser.me/api/portraits/med/men/81.jpg","thumbnail":"https://randomuser.me/api/portraits/thumb/men/81.jpg"},"nat":"FI"}],"info":{"seed":"6845f31968e868cf","results":1,"page":1,"version":"1.4"}} 
 </msg>
<msg time="2024-07-17T21:14:43.592040" level="INFO">/opt/hostedtoolcache/Python/3.12.4/x64/lib/python3.12/site-packages/urllib3/connectionpool.py:1099: InsecureRequestWarning: Unverified HTTPS request is being made to host 'randomuser.me'. Adding certificate verification is strongly advised. See: https://urllib3.readthedocs.io/en/latest/advanced-usage.html#tls-warnings
  warnings.warn(</msg>
<msg time="2024-07-17T21:14:43.592175" level="INFO">${response} = &lt;Response [200]&gt;</msg>
<var>${response}</var>
<arg>consultarAPI</arg>
<arg>/api</arg>
<doc>Sends a GET request on a previously created HTTP Session.</doc>
<status status="PASS" start="2024-07-17T21:14:43.120874" elapsed="0.471362"/>
</kw>
<kw name="Should Be Equal As Numbers" owner="BuiltIn">
<msg time="2024-07-17T21:14:43.593225" level="INFO">Argument types are:
&lt;class 'int'&gt;
&lt;class 'str'&gt;</msg>
<arg>${response.status_code}</arg>
<arg>200</arg>
<doc>Fails if objects are unequal after converting them to real numbers.</doc>
<status status="PASS" start="2024-07-17T21:14:43.592762" elapsed="0.000528"/>
</kw>
<kw name="Log" owner="BuiltIn">
<msg time="2024-07-17T21:14:43.593947" level="INFO">200</msg>
<arg>${response.status_code}</arg>
<doc>Logs the given message with the given level.</doc>
<status status="PASS" start="2024-07-17T21:14:43.593603" elapsed="0.000385"/>
</kw>
<kw name="Set Variable" owner="BuiltIn">
<msg time="2024-07-17T21:14:43.594714" level="INFO">${json_data} = {'results': [{'gender': 'male', 'name': {'title': 'Mr', 'first': 'Eetu', 'last': 'Kumpula'}, 'location': {'street': {'number': 2749, 'name': 'Satakennankatu'}, 'city': 'Padasjoki', 'state': 'Pirkanmaa...</msg>
<var>${json_data}</var>
<arg>${response.json()}</arg>
<doc>Returns the given values which can then be assigned to a variables.</doc>
<status status="PASS" start="2024-07-17T21:14:43.594291" elapsed="0.000451"/>
</kw>
<kw name="Dictionary Should Contain Key" owner="Collections">
<arg>${json_data}</arg>
<arg>results</arg>
<doc>Fails if ``key`` is not found from ``dictionary``.</doc>
<status status="PASS" start="2024-07-17T21:14:43.595037" elapsed="0.000162"/>
</kw>
<status status="PASS" start="2024-07-17T21:14:43.120625" elapsed="0.474731"/>
</kw>
<doc>Testa se a API responde corretamente e retorna um objeto JSON válido.</doc>
<tag>testeRequisicaoBasica</tag>
<status status="PASS" start="2024-07-17T21:14:43.120116" elapsed="0.475416"/>
</test>
<test id="s1-s1-t3" name="Validar estrutura de resposta" line="22">
<kw name="Teste de Estrutura de Resposta" owner="random-user-service">
<kw name="GET On Session" owner="RequestsLibrary">
<msg time="2024-07-17T21:14:43.698576" level="INFO">GET Request : url=https://randomuser.me/api 
 path_url=/api 
 headers={'User-Agent': 'python-requests/2.32.3', 'Accept-Encoding': 'gzip, deflate', 'Accept': '*/*', 'Connection': 'keep-alive'} 
 body=None 
 </msg>
<msg time="2024-07-17T21:14:43.698667" level="INFO">GET Response : url=https://randomuser.me/api 
 status=200, reason=OK 
 headers={'Date': 'Wed, 17 Jul 2024 21:14:43 GMT', 'Content-Type': 'application/json; charset=utf-8', 'Transfer-Encoding': 'chunked', 'Connection': 'keep-alive', 'X-Powered-By': 'Express', 'Access-Control-Allow-Origin': '*', 'Cache-Control': 'no-cache', 'ETag': 'W/"49c-GlebJ8562XyGb8lqvNnEVCCabQ4"', 'Vary': 'Accept-Encoding', 'Content-Encoding': 'gzip', 'CF-Cache-Status': 'DYNAMIC', 'Report-To': '{"endpoints":[{"url":"https:\\/\\/a.nel.cloudflare.com\\/report\\/v4?s=bAIKdyEtJ5nBFUQlpvXlxQkkCeUOVzehjaQeAsXlJcRTQo4GTSzjIn%2FvxaQ573RGx8zyv9NMtojzdLs6rinwwHlpAUgM90OG7Nq5%2Fac4Zlwqv27CjTEeGFWsCGQD8kkt"}],"group":"cf-nel","max_age":604800}', 'NEL': '{"success_fraction":0,"report_to":"cf-nel","max_age":604800}', 'Server': 'cloudflare', 'CF-RAY': '8a4d3e4688d52427-IAD', 'alt-svc': 'h3=":443"; ma=86400'} 
 body={"results":[{"gender":"male","name":{"title":"Mr","first":"Albert","last":"Price"},"location":{"street":{"number":3968,"name":"Stevens Creek Blvd"},"city":"Bridgeport","state":"Louisiana","country":"United States","postcode":24159,"coordinates":{"latitude":"82.4282","longitude":"-179.7886"},"timezone":{"offset":"+10:00","description":"Eastern Australia, Guam, Vladivostok"}},"email":"albert.price@example.com","login":{"uuid":"0bf6c152-280b-4b92-8f40-6b7b1707c02e","username":"crazybird441","password":"yuan","salt":"iFaTTJlW","md5":"abe211189f63956c7ccec106358f6f29","sha1":"c7e7b8db16ec0f605c475e6c840aa4df14371ec7","sha256":"ef46018e9400f06b7aa37367010e9009c5d86fb2dc092d7d2cd2c4ade1140816"},"dob":{"date":"1984-05-26T06:36:01.160Z","age":40},"registered":{"date":"2011-01-18T23:14:09.318Z","age":13},"phone":"(240) 570-1915","cell":"(647) 704-4562","id":{"name":"SSN","value":"648-12-7321"},"picture":{"large":"https://randomuser.me/api/portraits/men/74.jpg","medium":"https://randomuser.me/api/portraits/med/men/74.jpg","thumbnail":"https://randomuser.me/api/portraits/thumb/men/74.jpg"},"nat":"US"}],"info":{"seed":"01edbe413758514f","results":1,"page":1,"version":"1.4"}} 
 </msg>
<msg time="2024-07-17T21:14:43.698794" level="INFO">/opt/hostedtoolcache/Python/3.12.4/x64/lib/python3.12/site-packages/urllib3/connectionpool.py:1099: InsecureRequestWarning: Unverified HTTPS request is being made to host 'randomuser.me'. Adding certificate verification is strongly advised. See: https://urllib3.readthedocs.io/en/latest/advanced-usage.html#tls-warnings
  warnings.warn(</msg>
<msg time="2024-07-17T21:14:43.698918" level="INFO">${response} = &lt;Response [200]&gt;</msg>
<var>${response}</var>
<arg>consultarAPI</arg>
<arg>/api</arg>
<doc>Sends a GET request on a previously created HTTP Session.</doc>
<status status="PASS" start="2024-07-17T21:14:43.598546" elapsed="0.100424"/>
</kw>
<kw name="Set Variable" owner="BuiltIn">
<msg time="2024-07-17T21:14:43.700038" level="INFO">${json_data} = {'results': [{'gender': 'male', 'name': {'title': 'Mr', 'first': 'Albert', 'last': 'Price'}, 'location': {'street': {'number': 3968, 'name': 'Stevens Creek Blvd'}, 'city': 'Bridgeport', 'state': 'Loui...</msg>
<var>${json_data}</var>
<arg>${response.json()}</arg>
<doc>Returns the given values which can then be assigned to a variables.</doc>
<status status="PASS" start="2024-07-17T21:14:43.699482" elapsed="0.000586"/>
</kw>
<kw name="Log" owner="BuiltIn">
<msg time="2024-07-17T21:14:43.700580" level="INFO">{'results': [{'gender': 'male', 'name': {'title': 'Mr', 'first': 'Albert', 'last': 'Price'}, 'location': {'street': {'number': 3968, 'name': 'Stevens Creek Blvd'}, 'city': 'Bridgeport', 'state': 'Louisiana', 'country': 'United States', 'postcode': 24159, 'coordinates': {'latitude': '82.4282', 'longitude': '-179.7886'}, 'timezone': {'offset': '+10:00', 'description': 'Eastern Australia, Guam, Vladivostok'}}, 'email': 'albert.price@example.com', 'login': {'uuid': '0bf6c152-280b-4b92-8f40-6b7b1707c02e', 'username': 'crazybird441', 'password': 'yuan', 'salt': 'iFaTTJlW', 'md5': 'abe211189f63956c7ccec106358f6f29', 'sha1': 'c7e7b8db16ec0f605c475e6c840aa4df14371ec7', 'sha256': 'ef46018e9400f06b7aa37367010e9009c5d86fb2dc092d7d2cd2c4ade1140816'}, 'dob': {'date': '1984-05-26T06:36:01.160Z', 'age': 40}, 'registered': {'date': '2011-01-18T23:14:09.318Z', 'age': 13}, 'phone': '(240) 570-1915', 'cell': '(647) 704-4562', 'id': {'name': 'SSN', 'value': '648-12-7321'}, 'picture': {'large': 'https://randomuser.me/api/portraits/men/74.jpg', 'medium': 'https://randomuser.me/api/portraits/med/men/74.jpg', 'thumbnail': 'https://randomuser.me/api/portraits/thumb/men/74.jpg'}, 'nat': 'US'}], 'info': {'seed': '01edbe413758514f', 'results': 1, 'page': 1, 'version': '1.4'}}</msg>
<arg>${json_data}</arg>
<doc>Logs the given message with the given level.</doc>
<status status="PASS" start="2024-07-17T21:14:43.700421" elapsed="0.000206"/>
</kw>
<kw name="Dictionary Should Contain Key" owner="Collections">
<arg>${json_data}</arg>
<arg>results</arg>
<doc>Fails if ``key`` is not found from ``dictionary``.</doc>
<status status="PASS" start="2024-07-17T21:14:43.700919" elapsed="0.000155"/>
</kw>
<kw name="Should Not Be Empty" owner="BuiltIn">
<msg time="2024-07-17T21:14:43.701394" level="INFO">Length is 2.</msg>
<arg>${json_data}</arg>
<doc>Verifies that the given item is not empty.</doc>
<status status="PASS" start="2024-07-17T21:14:43.701266" elapsed="0.000165"/>
</kw>
<kw name="Create List" owner="BuiltIn">
<msg time="2024-07-17T21:14:43.702008" level="INFO">${expected_keys} = ['gender', 'name', 'location', 'email', 'login']</msg>
<var>${expected_keys}</var>
<arg>gender</arg>
<arg>name</arg>
<arg>location</arg>
<arg>email</arg>
<arg>login</arg>
<doc>Returns a list containing given items.</doc>
<status status="PASS" start="2024-07-17T21:14:43.701715" elapsed="0.000318"/>
</kw>
<for flavor="IN">
<iter>
<kw name="Dictionary Should Contain Key" owner="Collections">
<arg>${json_data['results'][0]}</arg>
<arg>${key}</arg>
<doc>Fails if ``key`` is not found from ``dictionary``.</doc>
<status status="PASS" start="2024-07-17T21:14:43.702609" elapsed="0.000400"/>
</kw>
<kw name="Log" owner="BuiltIn">
<msg time="2024-07-17T21:14:43.703552" level="INFO">{'gender': 'male', 'name': {'title': 'Mr', 'first': 'Albert', 'last': 'Price'}, 'location': {'street': {'number': 3968, 'name': 'Stevens Creek Blvd'}, 'city': 'Bridgeport', 'state': 'Louisiana', 'country': 'United States', 'postcode': 24159, 'coordinates': {'latitude': '82.4282', 'longitude': '-179.7886'}, 'timezone': {'offset': '+10:00', 'description': 'Eastern Australia, Guam, Vladivostok'}}, 'email': 'albert.price@example.com', 'login': {'uuid': '0bf6c152-280b-4b92-8f40-6b7b1707c02e', 'username': 'crazybird441', 'password': 'yuan', 'salt': 'iFaTTJlW', 'md5': 'abe211189f63956c7ccec106358f6f29', 'sha1': 'c7e7b8db16ec0f605c475e6c840aa4df14371ec7', 'sha256': 'ef46018e9400f06b7aa37367010e9009c5d86fb2dc092d7d2cd2c4ade1140816'}, 'dob': {'date': '1984-05-26T06:36:01.160Z', 'age': 40}, 'registered': {'date': '2011-01-18T23:14:09.318Z', 'age': 13}, 'phone': '(240) 570-1915', 'cell': '(647) 704-4562', 'id': {'name': 'SSN', 'value': '648-12-7321'}, 'picture': {'large': 'https://randomuser.me/api/portraits/men/74.jpg', 'medium': 'https://randomuser.me/api/portraits/med/men/74.jpg', 'thumbnail': 'https://randomuser.me/api/portraits/thumb/men/74.jpg'}, 'nat': 'US'}</msg>
<arg>${json_data['results'][0]}</arg>
<doc>Logs the given message with the given level.</doc>
<status status="PASS" start="2024-07-17T21:14:43.703193" elapsed="0.000409"/>
</kw>
<kw name="Log" owner="BuiltIn">
<msg time="2024-07-17T21:14:43.704030" level="INFO">gender</msg>
<arg>${key}</arg>
<doc>Logs the given message with the given level.</doc>
<status status="PASS" start="2024-07-17T21:14:43.703902" elapsed="0.000166"/>
</kw>
<var name="${key}">gender</var>
<status status="PASS" start="2024-07-17T21:14:43.702485" elapsed="0.001835"/>
</iter>
<iter>
<kw name="Dictionary Should Contain Key" owner="Collections">
<arg>${json_data['results'][0]}</arg>
<arg>${key}</arg>
<doc>Fails if ``key`` is not found from ``dictionary``.</doc>
<status status="PASS" start="2024-07-17T21:14:43.704619" elapsed="0.000387"/>
</kw>
<kw name="Log" owner="BuiltIn">
<msg time="2024-07-17T21:14:43.705537" level="INFO">{'gender': 'male', 'name': {'title': 'Mr', 'first': 'Albert', 'last': 'Price'}, 'location': {'street': {'number': 3968, 'name': 'Stevens Creek Blvd'}, 'city': 'Bridgeport', 'state': 'Louisiana', 'country': 'United States', 'postcode': 24159, 'coordinates': {'latitude': '82.4282', 'longitude': '-179.7886'}, 'timezone': {'offset': '+10:00', 'description': 'Eastern Australia, Guam, Vladivostok'}}, 'email': 'albert.price@example.com', 'login': {'uuid': '0bf6c152-280b-4b92-8f40-6b7b1707c02e', 'username': 'crazybird441', 'password': 'yuan', 'salt': 'iFaTTJlW', 'md5': 'abe211189f63956c7ccec106358f6f29', 'sha1': 'c7e7b8db16ec0f605c475e6c840aa4df14371ec7', 'sha256': 'ef46018e9400f06b7aa37367010e9009c5d86fb2dc092d7d2cd2c4ade1140816'}, 'dob': {'date': '1984-05-26T06:36:01.160Z', 'age': 40}, 'registered': {'date': '2011-01-18T23:14:09.318Z', 'age': 13}, 'phone': '(240) 570-1915', 'cell': '(647) 704-4562', 'id': {'name': 'SSN', 'value': '648-12-7321'}, 'picture': {'large': 'https://randomuser.me/api/portraits/men/74.jpg', 'medium': 'https://randomuser.me/api/portraits/med/men/74.jpg', 'thumbnail': 'https://randomuser.me/api/portraits/thumb/men/74.jpg'}, 'nat': 'US'}</msg>
<arg>${json_data['results'][0]}</arg>
<doc>Logs the given message with the given level.</doc>
<status status="PASS" start="2024-07-17T21:14:43.705190" elapsed="0.000428"/>
</kw>
<kw name="Log" owner="BuiltIn">
<msg time="2024-07-17T21:14:43.706054" level="INFO">name</msg>
<arg>${key}</arg>
<doc>Logs the given message with the given level.</doc>
<status status="PASS" start="2024-07-17T21:14:43.705927" elapsed="0.000163"/>
</kw>
<var name="${key}">name</var>
<status status="PASS" start="2024-07-17T21:14:43.704508" elapsed="0.001798"/>
</iter>
<iter>
<kw name="Dictionary Should Contain Key" owner="Collections">
<arg>${json_data['results'][0]}</arg>
<arg>${key}</arg>
<doc>Fails if ``key`` is not found from ``dictionary``.</doc>
<status status="PASS" start="2024-07-17T21:14:43.706597" elapsed="0.000376"/>
</kw>
<kw name="Log" owner="BuiltIn">
<msg time="2024-07-17T21:14:43.707507" level="INFO">{'gender': 'male', 'name': {'title': 'Mr', 'first': 'Albert', 'last': 'Price'}, 'location': {'street': {'number': 3968, 'name': 'Stevens Creek Blvd'}, 'city': 'Bridgeport', 'state': 'Louisiana', 'country': 'United States', 'postcode': 24159, 'coordinates': {'latitude': '82.4282', 'longitude': '-179.7886'}, 'timezone': {'offset': '+10:00', 'description': 'Eastern Australia, Guam, Vladivostok'}}, 'email': 'albert.price@example.com', 'login': {'uuid': '0bf6c152-280b-4b92-8f40-6b7b1707c02e', 'username': 'crazybird441', 'password': 'yuan', 'salt': 'iFaTTJlW', 'md5': 'abe211189f63956c7ccec106358f6f29', 'sha1': 'c7e7b8db16ec0f605c475e6c840aa4df14371ec7', 'sha256': 'ef46018e9400f06b7aa37367010e9009c5d86fb2dc092d7d2cd2c4ade1140816'}, 'dob': {'date': '1984-05-26T06:36:01.160Z', 'age': 40}, 'registered': {'date': '2011-01-18T23:14:09.318Z', 'age': 13}, 'phone': '(240) 570-1915', 'cell': '(647) 704-4562', 'id': {'name': 'SSN', 'value': '648-12-7321'}, 'picture': {'large': 'https://randomuser.me/api/portraits/men/74.jpg', 'medium': 'https://randomuser.me/api/portraits/med/men/74.jpg', 'thumbnail': 'https://randomuser.me/api/portraits/thumb/men/74.jpg'}, 'nat': 'US'}</msg>
<arg>${json_data['results'][0]}</arg>
<doc>Logs the given message with the given level.</doc>
<status status="PASS" start="2024-07-17T21:14:43.707154" elapsed="0.000406"/>
</kw>
<kw name="Log" owner="BuiltIn">
<msg time="2024-07-17T21:14:43.707986" level="INFO">location</msg>
<arg>${key}</arg>
<doc>Logs the given message with the given level.</doc>
<status status="PASS" start="2024-07-17T21:14:43.707857" elapsed="0.000166"/>
</kw>
<var name="${key}">location</var>
<status status="PASS" start="2024-07-17T21:14:43.706484" elapsed="0.001781"/>
</iter>
<iter>
<kw name="Dictionary Should Contain Key" owner="Collections">
<arg>${json_data['results'][0]}</arg>
<arg>${key}</arg>
<doc>Fails if ``key`` is not found from ``dictionary``.</doc>
<status status="PASS" start="2024-07-17T21:14:43.708558" elapsed="0.000388"/>
</kw>
<kw name="Log" owner="BuiltIn">
<msg time="2024-07-17T21:14:43.709486" level="INFO">{'gender': 'male', 'name': {'title': 'Mr', 'first': 'Albert', 'last': 'Price'}, 'location': {'street': {'number': 3968, 'name': 'Stevens Creek Blvd'}, 'city': 'Bridgeport', 'state': 'Louisiana', 'country': 'United States', 'postcode': 24159, 'coordinates': {'latitude': '82.4282', 'longitude': '-179.7886'}, 'timezone': {'offset': '+10:00', 'description': 'Eastern Australia, Guam, Vladivostok'}}, 'email': 'albert.price@example.com', 'login': {'uuid': '0bf6c152-280b-4b92-8f40-6b7b1707c02e', 'username': 'crazybird441', 'password': 'yuan', 'salt': 'iFaTTJlW', 'md5': 'abe211189f63956c7ccec106358f6f29', 'sha1': 'c7e7b8db16ec0f605c475e6c840aa4df14371ec7', 'sha256': 'ef46018e9400f06b7aa37367010e9009c5d86fb2dc092d7d2cd2c4ade1140816'}, 'dob': {'date': '1984-05-26T06:36:01.160Z', 'age': 40}, 'registered': {'date': '2011-01-18T23:14:09.318Z', 'age': 13}, 'phone': '(240) 570-1915', 'cell': '(647) 704-4562', 'id': {'name': 'SSN', 'value': '648-12-7321'}, 'picture': {'large': 'https://randomuser.me/api/portraits/men/74.jpg', 'medium': 'https://randomuser.me/api/portraits/med/men/74.jpg', 'thumbnail': 'https://randomuser.me/api/portraits/thumb/men/74.jpg'}, 'nat': 'US'}</msg>
<arg>${json_data['results'][0]}</arg>
<doc>Logs the given message with the given level.</doc>
<status status="PASS" start="2024-07-17T21:14:43.709134" elapsed="0.000400"/>
</kw>
<kw name="Log" owner="BuiltIn">
<msg time="2024-07-17T21:14:43.709964" level="INFO">email</msg>
<arg>${key}</arg>
<doc>Logs the given message with the given level.</doc>
<status status="PASS" start="2024-07-17T21:14:43.709825" elapsed="0.000178"/>
</kw>
<var name="${key}">email</var>
<status status="PASS" start="2024-07-17T21:14:43.708446" elapsed="0.001771"/>
</iter>
<iter>
<kw name="Dictionary Should Contain Key" owner="Collections">
<arg>${json_data['results'][0]}</arg>
<arg>${key}</arg>
<doc>Fails if ``key`` is not found from ``dictionary``.</doc>
<status status="PASS" start="2024-07-17T21:14:43.710496" elapsed="0.000382"/>
</kw>
<kw name="Log" owner="BuiltIn">
<msg time="2024-07-17T21:14:43.711403" level="INFO">{'gender': 'male', 'name': {'title': 'Mr', 'first': 'Albert', 'last': 'Price'}, 'location': {'street': {'number': 3968, 'name': 'Stevens Creek Blvd'}, 'city': 'Bridgeport', 'state': 'Louisiana', 'country': 'United States', 'postcode': 24159, 'coordinates': {'latitude': '82.4282', 'longitude': '-179.7886'}, 'timezone': {'offset': '+10:00', 'description': 'Eastern Australia, Guam, Vladivostok'}}, 'email': 'albert.price@example.com', 'login': {'uuid': '0bf6c152-280b-4b92-8f40-6b7b1707c02e', 'username': 'crazybird441', 'password': 'yuan', 'salt': 'iFaTTJlW', 'md5': 'abe211189f63956c7ccec106358f6f29', 'sha1': 'c7e7b8db16ec0f605c475e6c840aa4df14371ec7', 'sha256': 'ef46018e9400f06b7aa37367010e9009c5d86fb2dc092d7d2cd2c4ade1140816'}, 'dob': {'date': '1984-05-26T06:36:01.160Z', 'age': 40}, 'registered': {'date': '2011-01-18T23:14:09.318Z', 'age': 13}, 'phone': '(240) 570-1915', 'cell': '(647) 704-4562', 'id': {'name': 'SSN', 'value': '648-12-7321'}, 'picture': {'large': 'https://randomuser.me/api/portraits/men/74.jpg', 'medium': 'https://randomuser.me/api/portraits/med/men/74.jpg', 'thumbnail': 'https://randomuser.me/api/portraits/thumb/men/74.jpg'}, 'nat': 'US'}</msg>
<arg>${json_data['results'][0]}</arg>
<doc>Logs the given message with the given level.</doc>
<status status="PASS" start="2024-07-17T21:14:43.711058" elapsed="0.000394"/>
</kw>
<kw name="Log" owner="BuiltIn">
<msg time="2024-07-17T21:14:43.711867" level="INFO">login</msg>
<arg>${key}</arg>
<doc>Logs the given message with the given level.</doc>
<status status="PASS" start="2024-07-17T21:14:43.711742" elapsed="0.000162"/>
</kw>
<var name="${key}">login</var>
<status status="PASS" start="2024-07-17T21:14:43.710384" elapsed="0.001735"/>
</iter>
<var>${key}</var>
<value>@{expected_keys}</value>
<status status="PASS" start="2024-07-17T21:14:43.702296" elapsed="0.009982"/>
</for>
<kw name="Create List" owner="BuiltIn">
<msg time="2024-07-17T21:14:43.712661" level="INFO">${expected_keysTwo} = ['username', 'password']</msg>
<var>${expected_keysTwo}</var>
<arg>username</arg>
<arg>password</arg>
<doc>Returns a list containing given items.</doc>
<status status="PASS" start="2024-07-17T21:14:43.712483" elapsed="0.000204"/>
</kw>
<for flavor="IN">
<iter>
<kw name="Dictionary Should Contain Key" owner="Collections">
<arg>${json_data['results'][0]['login']}</arg>
<arg>${keyTwo}</arg>
<doc>Fails if ``key`` is not found from ``dictionary``.</doc>
<status status="PASS" start="2024-07-17T21:14:43.713189" elapsed="0.000391"/>
</kw>
<kw name="Dictionary Should Contain Key" owner="Collections">
<arg>${json_data['results'][0]['login']}</arg>
<arg>${keyTwo}</arg>
<doc>Fails if ``key`` is not found from ``dictionary``.</doc>
<status status="PASS" start="2024-07-17T21:14:43.713762" elapsed="0.000368"/>
</kw>
<kw name="Log" owner="BuiltIn">
<msg time="2024-07-17T21:14:43.714430" level="INFO">username</msg>
<arg>${keyTwo}</arg>
<doc>Logs the given message with the given level.</doc>
<status status="PASS" start="2024-07-17T21:14:43.714311" elapsed="0.000156"/>
</kw>
<var name="${keyTwo}">username</var>
<status status="PASS" start="2024-07-17T21:14:43.713081" elapsed="0.001603"/>
</iter>
<iter>
<kw name="Dictionary Should Contain Key" owner="Collections">
<arg>${json_data['results'][0]['login']}</arg>
<arg>${keyTwo}</arg>
<doc>Fails if ``key`` is not found from ``dictionary``.</doc>
<status status="PASS" start="2024-07-17T21:14:43.714958" elapsed="0.000389"/>
</kw>
<kw name="Dictionary Should Contain Key" owner="Collections">
<arg>${json_data['results'][0]['login']}</arg>
<arg>${keyTwo}</arg>
<doc>Fails if ``key`` is not found from ``dictionary``.</doc>
<status status="PASS" start="2024-07-17T21:14:43.715525" elapsed="0.000363"/>
</kw>
<kw name="Log" owner="BuiltIn">
<msg time="2024-07-17T21:14:43.716180" level="INFO">password</msg>
<arg>${keyTwo}</arg>
<doc>Logs the given message with the given level.</doc>
<status status="PASS" start="2024-07-17T21:14:43.716063" elapsed="0.000192"/>
</kw>
<var name="${keyTwo}">password</var>
<status status="PASS" start="2024-07-17T21:14:43.714853" elapsed="0.001720"/>
</iter>
<var>${keyTwo}</var>
<value>@{expected_keysTwo}</value>
<status status="PASS" start="2024-07-17T21:14:43.712928" elapsed="0.003766"/>
</for>
<status status="PASS" start="2024-07-17T21:14:43.598215" elapsed="0.118619"/>
</kw>
<doc>Testa a estrutura da resposta da API.</doc>
<tag>testeEstruturaResposta</tag>
<status status="PASS" start="2024-07-17T21:14:43.597423" elapsed="0.119560"/>
</test>
<test id="s1-s1-t4" name="Validar tipos de dados" line="28">
<kw name="Teste de Tipos de Dados" owner="random-user-service">
<kw name="GET On Session" owner="RequestsLibrary">
<msg time="2024-07-17T21:14:43.791205" level="INFO">GET Request : url=https://randomuser.me/api 
 path_url=/api 
 headers={'User-Agent': 'python-requests/2.32.3', 'Accept-Encoding': 'gzip, deflate', 'Accept': '*/*', 'Connection': 'keep-alive'} 
 body=None 
 </msg>
<msg time="2024-07-17T21:14:43.791275" level="INFO">GET Response : url=https://randomuser.me/api 
 status=200, reason=OK 
 headers={'Date': 'Wed, 17 Jul 2024 21:14:43 GMT', 'Content-Type': 'application/json; charset=utf-8', 'Transfer-Encoding': 'chunked', 'Connection': 'keep-alive', 'X-Powered-By': 'Express', 'Access-Control-Allow-Origin': '*', 'Cache-Control': 'no-cache', 'ETag': 'W/"483-/64Ag5BGLvZqi49PvbSnn6gszCw"', 'Vary': 'Accept-Encoding', 'Content-Encoding': 'gzip', 'CF-Cache-Status': 'DYNAMIC', 'Report-To': '{"endpoints":[{"url":"https:\\/\\/a.nel.cloudflare.com\\/report\\/v4?s=ZYR7PkucimZSCp3yaAEdM4o281TqyA63anzcK2X0pzehCEvsIRgwNRpYHklT%2F4ghZ9z8BIjc3SKbHbj946MuNVYElCBJ8sgT%2FY0mZubF754wXnoUGsk4L%2BeD39sfRE5R"}],"group":"cf-nel","max_age":604800}', 'NEL': '{"success_fraction":0,"report_to":"cf-nel","max_age":604800}', 'Server': 'cloudflare', 'CF-RAY': '8a4d3e474a532427-IAD', 'alt-svc': 'h3=":443"; ma=86400'} 
 body={"results":[{"gender":"male","name":{"title":"Mr","first":"Radwan","last":"Mars"},"location":{"street":{"number":127,"name":"Ecuplein"},"city":"Rijckholt","state":"Flevoland","country":"Netherlands","postcode":"9062 YX","coordinates":{"latitude":"33.5947","longitude":"-49.5310"},"timezone":{"offset":"-7:00","description":"Mountain Time (US &amp; Canada)"}},"email":"radwan.mars@example.com","login":{"uuid":"b7207b2a-bb73-48ae-82f2-160faa0b9527","username":"yellowdog206","password":"bolitas","salt":"RTEoGO3c","md5":"a5744813a0b23d14c331e32b2f819e66","sha1":"124e56c9734309f433b8f6cf9e40a75cd5f70b05","sha256":"c658b14737a9306cb3ef96d1cd509487be8fba71f4f2c4da141c6e12f26219d9"},"dob":{"date":"1966-01-16T19:44:32.529Z","age":58},"registered":{"date":"2002-08-06T09:27:30.172Z","age":21},"phone":"(066) 0763148","cell":"(06) 08853983","id":{"name":"BSN","value":"47801657"},"picture":{"large":"https://randomuser.me/api/portraits/men/98.jpg","medium":"https://randomuser.me/api/portraits/med/men/98.jpg","thumbnail":"https://randomuser.me/api/portraits/thumb/men/98.jpg"},"nat":"NL"}],"info":{"seed":"3867b5fb0a101d9a","results":1,"page":1,"version":"1.4"}} 
 </msg>
<msg time="2024-07-17T21:14:43.791333" level="INFO">/opt/hostedtoolcache/Python/3.12.4/x64/lib/python3.12/site-packages/urllib3/connectionpool.py:1099: InsecureRequestWarning: Unverified HTTPS request is being made to host 'randomuser.me'. Adding certificate verification is strongly advised. See: https://urllib3.readthedocs.io/en/latest/advanced-usage.html#tls-warnings
  warnings.warn(</msg>
<msg time="2024-07-17T21:14:43.791422" level="INFO">${response} = &lt;Response [200]&gt;</msg>
<var>${response}</var>
<arg>consultarAPI</arg>
<arg>/api</arg>
<doc>Sends a GET request on a previously created HTTP Session.</doc>
<status status="PASS" start="2024-07-17T21:14:43.719548" elapsed="0.071916"/>
</kw>
<kw name="Set Variable" owner="BuiltIn">
<msg time="2024-07-17T21:14:43.792495" level="INFO">${json_data} = {'results': [{'gender': 'male', 'name': {'title': 'Mr', 'first': 'Radwan', 'last': 'Mars'}, 'location': {'street': {'number': 127, 'name': 'Ecuplein'}, 'city': 'Rijckholt', 'state': 'Flevoland', 'coun...</msg>
<var>${json_data}</var>
<arg>${response.json()}</arg>
<doc>Returns the given values which can then be assigned to a variables.</doc>
<status status="PASS" start="2024-07-17T21:14:43.791910" elapsed="0.000615"/>
</kw>
<kw name="Log" owner="BuiltIn">
<msg time="2024-07-17T21:14:43.792977" level="INFO">{'results': [{'gender': 'male', 'name': {'title': 'Mr', 'first': 'Radwan', 'last': 'Mars'}, 'location': {'street': {'number': 127, 'name': 'Ecuplein'}, 'city': 'Rijckholt', 'state': 'Flevoland', 'country': 'Netherlands', 'postcode': '9062 YX', 'coordinates': {'latitude': '33.5947', 'longitude': '-49.5310'}, 'timezone': {'offset': '-7:00', 'description': 'Mountain Time (US &amp; Canada)'}}, 'email': 'radwan.mars@example.com', 'login': {'uuid': 'b7207b2a-bb73-48ae-82f2-160faa0b9527', 'username': 'yellowdog206', 'password': 'bolitas', 'salt': 'RTEoGO3c', 'md5': 'a5744813a0b23d14c331e32b2f819e66', 'sha1': '124e56c9734309f433b8f6cf9e40a75cd5f70b05', 'sha256': 'c658b14737a9306cb3ef96d1cd509487be8fba71f4f2c4da141c6e12f26219d9'}, 'dob': {'date': '1966-01-16T19:44:32.529Z', 'age': 58}, 'registered': {'date': '2002-08-06T09:27:30.172Z', 'age': 21}, 'phone': '(066) 0763148', 'cell': '(06) 08853983', 'id': {'name': 'BSN', 'value': '47801657'}, 'picture': {'large': 'https://randomuser.me/api/portraits/men/98.jpg', 'medium': 'https://randomuser.me/api/portraits/med/men/98.jpg', 'thumbnail': 'https://randomuser.me/api/portraits/thumb/men/98.jpg'}, 'nat': 'NL'}], 'info': {'seed': '3867b5fb0a101d9a', 'results': 1, 'page': 1, 'version': '1.4'}}</msg>
<arg>${json_data}</arg>
<doc>Logs the given message with the given level.</doc>
<status status="PASS" start="2024-07-17T21:14:43.792828" elapsed="0.000198"/>
</kw>
<kw name="Should Be String" owner="String">
<arg>${json_data['results'][0]['gender']}</arg>
<doc>Fails if the given ``item`` is not a string.</doc>
<status status="PASS" start="2024-07-17T21:14:43.793323" elapsed="0.000353"/>
</kw>
<kw name="Should Match Regexp" owner="BuiltIn">
<arg>${json_data['results'][0]['email']}</arg>
<arg>^[a-zA-Z0-9._%+-]+@[a-zA-Z0-9.-]+\.[a-zA-Z]{2,}$</arg>
<doc>Fails if ``string`` does not match ``pattern`` as a regular expression.</doc>
<status status="PASS" start="2024-07-17T21:14:43.793862" elapsed="0.000549"/>
</kw>
<kw name="Should Match Regexp" owner="BuiltIn">
<arg>${json_data['results'][0]['dob']['date']}</arg>
<arg>\\d{4}-\\d{2}-\\d{2}T\\d{2}:\\d{2}:\\d{2}\\.\\d{3}Z</arg>
<doc>Fails if ``string`` does not match ``pattern`` as a regular expression.</doc>
<status status="PASS" start="2024-07-17T21:14:43.794611" elapsed="0.000489"/>
</kw>
<kw name="Should Match Regexp" owner="BuiltIn">
<arg>${json_data['results'][0]['registered']['date']}</arg>
<arg>\\d{4}-\\d{2}-\\d{2}T\\d{2}:\\d{2}:\\d{2}\\.\\d{3}Z</arg>
<doc>Fails if ``string`` does not match ``pattern`` as a regular expression.</doc>
<status status="PASS" start="2024-07-17T21:14:43.795291" elapsed="0.000361"/>
</kw>
<kw name="Should Match Regexp" owner="BuiltIn">
<arg>${json_data['results'][0]['picture']['large']}</arg>
<arg>^https?://.*\.(?:png|jpe?g|gif|bmp)$</arg>
<doc>Fails if ``string`` does not match ``pattern`` as a regular expression.</doc>
<status status="PASS" start="2024-07-17T21:14:43.795837" elapsed="0.000501"/>
</kw>
<kw name="Should Match Regexp" owner="BuiltIn">
<arg>${json_data['results'][0]['picture']['medium']}</arg>
<arg>^https?://.*\.(?:png|jpe?g|gif|bmp)$</arg>
<doc>Fails if ``string`` does not match ``pattern`` as a regular expression.</doc>
<status status="PASS" start="2024-07-17T21:14:43.796528" elapsed="0.000353"/>
</kw>
<kw name="Should Match Regexp" owner="BuiltIn">
<arg>${json_data['results'][0]['picture']['thumbnail']}</arg>
<arg>^https?://.*\.(?:png|jpe?g|gif|bmp)$</arg>
<doc>Fails if ``string`` does not match ``pattern`` as a regular expression.</doc>
<status status="PASS" start="2024-07-17T21:14:43.797062" elapsed="0.000355"/>
</kw>
<kw name="Log" owner="BuiltIn">
<msg time="2024-07-17T21:14:43.797926" level="INFO">{'large': 'https://randomuser.me/api/portraits/men/98.jpg', 'medium': 'https://randomuser.me/api/portraits/med/men/98.jpg', 'thumbnail': 'https://randomuser.me/api/portraits/thumb/men/98.jpg'}</msg>
<arg>${json_data['results'][0]['picture']}</arg>
<doc>Logs the given message with the given level.</doc>
<status status="PASS" start="2024-07-17T21:14:43.797600" elapsed="0.000370"/>
</kw>
<status status="PASS" start="2024-07-17T21:14:43.719324" elapsed="0.078900"/>
</kw>
<kw name="Teste de Tipos de Dados - Postcode" owner="random-user-service">
<kw name="GET On Session" owner="RequestsLibrary">
<msg time="2024-07-17T21:14:43.903079" level="INFO">GET Request : url=https://randomuser.me/api 
 path_url=/api 
 headers={'User-Agent': 'python-requests/2.32.3', 'Accept-Encoding': 'gzip, deflate', 'Accept': '*/*', 'Connection': 'keep-alive'} 
 body=None 
 </msg>
<msg time="2024-07-17T21:14:43.903192" level="INFO">GET Response : url=https://randomuser.me/api 
 status=200, reason=OK 
 headers={'Date': 'Wed, 17 Jul 2024 21:14:43 GMT', 'Content-Type': 'application/json; charset=utf-8', 'Transfer-Encoding': 'chunked', 'Connection': 'keep-alive', 'X-Powered-By': 'Express', 'Access-Control-Allow-Origin': '*', 'Cache-Control': 'no-cache', 'ETag': 'W/"47e-Nbhc7kXb1atvYmlUZOcie1gpzE0"', 'Vary': 'Accept-Encoding', 'Content-Encoding': 'gzip', 'CF-Cache-Status': 'DYNAMIC', 'Report-To': '{"endpoints":[{"url":"https:\\/\\/a.nel.cloudflare.com\\/report\\/v4?s=v1TUuWKFAOr7aMQ%2FLKxDOAqHFuRDfzRYH3p1zZN%2F0QWCLkrtvjVoeyfcT%2FHoOM7%2BK6WlNQpODbj%2BB%2FYsMzOoSQiAPtUSlpESiR3BYy09EVBpMpGd94yvx0HWOg06Hlhz"}],"group":"cf-nel","max_age":604800}', 'NEL': '{"success_fraction":0,"report_to":"cf-nel","max_age":604800}', 'Server': 'cloudflare', 'CF-RAY': '8a4d3e47cb572427-IAD', 'alt-svc': 'h3=":443"; ma=86400'} 
 body={"results":[{"gender":"male","name":{"title":"Mr","first":"Jovica","last":"Pantić"},"location":{"street":{"number":8943,"name":"Ilije Vukićevića"},"city":"Prokuplje","state":"Kosovo","country":"Serbia","postcode":43985,"coordinates":{"latitude":"56.2470","longitude":"-165.3176"},"timezone":{"offset":"-11:00","description":"Midway Island, Samoa"}},"email":"jovica.pantic@example.com","login":{"uuid":"671e4a26-3f8f-4ea3-99bd-6942aa4e714a","username":"sadswan438","password":"mahler","salt":"m9I06PlK","md5":"0ef868e0edf642c9d8e672f9148165ac","sha1":"7c0692344f90da30237de505cf78d4178540f62a","sha256":"810f612531edddfb1adaed833e61bd13d29626e80ef3a957665386165ec214bf"},"dob":{"date":"1976-08-06T17:27:54.856Z","age":47},"registered":{"date":"2008-07-03T06:39:40.243Z","age":16},"phone":"026-2841-268","cell":"061-3585-392","id":{"name":"SID","value":"840718008"},"picture":{"large":"https://randomuser.me/api/portraits/men/14.jpg","medium":"https://randomuser.me/api/portraits/med/men/14.jpg","thumbnail":"https://randomuser.me/api/portraits/thumb/men/14.jpg"},"nat":"RS"}],"info":{"seed":"a157ab2dc4ede6e3","results":1,"page":1,"version":"1.4"}} 
 </msg>
<msg time="2024-07-17T21:14:43.903278" level="INFO">/opt/hostedtoolcache/Python/3.12.4/x64/lib/python3.12/site-packages/urllib3/connectionpool.py:1099: InsecureRequestWarning: Unverified HTTPS request is being made to host 'randomuser.me'. Adding certificate verification is strongly advised. See: https://urllib3.readthedocs.io/en/latest/advanced-usage.html#tls-warnings
  warnings.warn(</msg>
<msg time="2024-07-17T21:14:43.903413" level="INFO">${response} = &lt;Response [200]&gt;</msg>
<var>${response}</var>
<arg>consultarAPI</arg>
<arg>/api</arg>
<doc>Sends a GET request on a previously created HTTP Session.</doc>
<status status="PASS" start="2024-07-17T21:14:43.798651" elapsed="0.104803"/>
</kw>
<kw name="Set Variable" owner="BuiltIn">
<msg time="2024-07-17T21:14:43.904552" level="INFO">${json_data} = {'results': [{'gender': 'male', 'name': {'title': 'Mr', 'first': 'Jovica', 'last': 'Pantić'}, 'location': {'street': {'number': 8943, 'name': 'Ilije Vukićevića'}, 'city': 'Prokuplje', 'state': 'Kosovo...</msg>
<var>${json_data}</var>
<arg>${response.json()}</arg>
<doc>Returns the given values which can then be assigned to a variables.</doc>
<status status="PASS" start="2024-07-17T21:14:43.903980" elapsed="0.000603"/>
</kw>
<kw name="Log" owner="BuiltIn">
<msg time="2024-07-17T21:14:43.905064" level="INFO">{'results': [{'gender': 'male', 'name': {'title': 'Mr', 'first': 'Jovica', 'last': 'Pantić'}, 'location': {'street': {'number': 8943, 'name': 'Ilije Vukićevića'}, 'city': 'Prokuplje', 'state': 'Kosovo', 'country': 'Serbia', 'postcode': 43985, 'coordinates': {'latitude': '56.2470', 'longitude': '-165.3176'}, 'timezone': {'offset': '-11:00', 'description': 'Midway Island, Samoa'}}, 'email': 'jovica.pantic@example.com', 'login': {'uuid': '671e4a26-3f8f-4ea3-99bd-6942aa4e714a', 'username': 'sadswan438', 'password': 'mahler', 'salt': 'm9I06PlK', 'md5': '0ef868e0edf642c9d8e672f9148165ac', 'sha1': '7c0692344f90da30237de505cf78d4178540f62a', 'sha256': '810f612531edddfb1adaed833e61bd13d29626e80ef3a957665386165ec214bf'}, 'dob': {'date': '1976-08-06T17:27:54.856Z', 'age': 47}, 'registered': {'date': '2008-07-03T06:39:40.243Z', 'age': 16}, 'phone': '026-2841-268', 'cell': '061-3585-392', 'id': {'name': 'SID', 'value': '840718008'}, 'picture': {'large': 'https://randomuser.me/api/portraits/men/14.jpg', 'medium': 'https://randomuser.me/api/portraits/med/men/14.jpg', 'thumbnail': 'https://randomuser.me/api/portraits/thumb/men/14.jpg'}, 'nat': 'RS'}], 'info': {'seed': 'a157ab2dc4ede6e3', 'results': 1, 'page': 1, 'version': '1.4'}}</msg>
<arg>${json_data}</arg>
<doc>Logs the given message with the given level.</doc>
<status status="PASS" start="2024-07-17T21:14:43.904892" elapsed="0.000221"/>
</kw>
<kw name="Should Be Equal As Numbers" owner="BuiltIn">
<arg>${json_data['results'][0]['location']['postcode']}</arg>
<arg>${json_data['results'][0]['location']['postcode']}</arg>
<doc>Fails if objects are unequal after converting them to real numbers.</doc>
<status status="PASS" start="2024-07-17T21:14:43.905404" elapsed="0.000625"/>
</kw>
<kw name="Log" owner="BuiltIn">
<msg time="2024-07-17T21:14:43.906719" level="INFO">43985</msg>
<arg>${json_data['results'][0]['location']['postcode']}</arg>
<doc>Logs the given message with the given level.</doc>
<status status="PASS" start="2024-07-17T21:14:43.906216" elapsed="0.000544"/>
</kw>
<status status="PASS" start="2024-07-17T21:14:43.798434" elapsed="0.108615"/>
</kw>
<doc>Testa se os tipos de dados na resposta da API estão corretos.</doc>
<tag>testeTiposDados</tag>
<status status="PASS" start="2024-07-17T21:14:43.718764" elapsed="0.188450"/>
</test>
<test id="s1-s1-t5" name="Validar conteudo" line="35">
<kw name="Teste de Tipos de Conteudo" owner="random-user-service">
<kw name="GET On Session" owner="RequestsLibrary">
<msg time="2024-07-17T21:14:43.992490" level="INFO">GET Request : url=https://randomuser.me/api 
 path_url=/api 
 headers={'User-Agent': 'python-requests/2.32.3', 'Accept-Encoding': 'gzip, deflate', 'Accept': '*/*', 'Connection': 'keep-alive'} 
 body=None 
 </msg>
<msg time="2024-07-17T21:14:43.992572" level="INFO">GET Response : url=https://randomuser.me/api 
 status=200, reason=OK 
 headers={'Date': 'Wed, 17 Jul 2024 21:14:43 GMT', 'Content-Type': 'application/json; charset=utf-8', 'Transfer-Encoding': 'chunked', 'Connection': 'keep-alive', 'X-Powered-By': 'Express', 'Access-Control-Allow-Origin': '*', 'Cache-Control': 'no-cache', 'ETag': 'W/"4a0-3Xv8TgXj7QnqcF8q8kXC7bBIXDg"', 'Vary': 'Accept-Encoding', 'Content-Encoding': 'gzip', 'CF-Cache-Status': 'DYNAMIC', 'Report-To': '{"endpoints":[{"url":"https:\\/\\/a.nel.cloudflare.com\\/report\\/v4?s=5c9y%2FhlrLpuoHwRf5sgKpk12%2BHbUsFziQR%2B3gM88TELtOC%2FNSU35gsJqNDU7iqYndQ2dvpaB7hN9UD5SsJtnpx5ipDN%2Bk1VvymapC9C%2Fz9A48io5yvz6A4umAGXgMxF%2F"}],"group":"cf-nel","max_age":604800}', 'NEL': '{"success_fraction":0,"report_to":"cf-nel","max_age":604800}', 'Server': 'cloudflare', 'CF-RAY': '8a4d3e487c3a2427-IAD', 'alt-svc': 'h3=":443"; ma=86400'} 
 body={"results":[{"gender":"female","name":{"title":"Mrs","first":"Shelly","last":"Stewart"},"location":{"street":{"number":3436,"name":"Ranchview Dr"},"city":"Rockhampton","state":"Queensland","country":"Australia","postcode":825,"coordinates":{"latitude":"-87.5909","longitude":"17.7433"},"timezone":{"offset":"+5:00","description":"Ekaterinburg, Islamabad, Karachi, Tashkent"}},"email":"shelly.stewart@example.com","login":{"uuid":"dd7a5bb6-9ea3-41f0-bd16-e79ffe076455","username":"happytiger514","password":"antoine","salt":"4Oog7dT1","md5":"29bb3b426be3398cf2c0eabb0dc05d0f","sha1":"b30ae6f57e88b73cf5891adfb6ea73ed3574f7cd","sha256":"6aa674eb60e92563433ba3d21ce2c97d965ef6036b0d941db9170fee1149dd8e"},"dob":{"date":"1976-10-04T17:17:08.964Z","age":47},"registered":{"date":"2021-11-09T22:15:48.871Z","age":2},"phone":"08-0432-3376","cell":"0497-460-261","id":{"name":"TFN","value":"937867299"},"picture":{"large":"https://randomuser.me/api/portraits/women/93.jpg","medium":"https://randomuser.me/api/portraits/med/women/93.jpg","thumbnail":"https://randomuser.me/api/portraits/thumb/women/93.jpg"},"nat":"AU"}],"info":{"seed":"b221b469467bf753","results":1,"page":1,"version":"1.4"}} 
 </msg>
<msg time="2024-07-17T21:14:43.992640" level="INFO">/opt/hostedtoolcache/Python/3.12.4/x64/lib/python3.12/site-packages/urllib3/connectionpool.py:1099: InsecureRequestWarning: Unverified HTTPS request is being made to host 'randomuser.me'. Adding certificate verification is strongly advised. See: https://urllib3.readthedocs.io/en/latest/advanced-usage.html#tls-warnings
  warnings.warn(</msg>
<msg time="2024-07-17T21:14:43.992729" level="INFO">${response} = &lt;Response [200]&gt;</msg>
<var>${response}</var>
<arg>consultarAPI</arg>
<arg>/api</arg>
<doc>Sends a GET request on a previously created HTTP Session.</doc>
<status status="PASS" start="2024-07-17T21:14:43.909659" elapsed="0.083103"/>
</kw>
<kw name="Set Variable" owner="BuiltIn">
<msg time="2024-07-17T21:14:43.993607" level="INFO">${json_data} = {'results': [{'gender': 'female', 'name': {'title': 'Mrs', 'first': 'Shelly', 'last': 'Stewart'}, 'location': {'street': {'number': 3436, 'name': 'Ranchview Dr'}, 'city': 'Rockhampton', 'state': 'Quee...</msg>
<var>${json_data}</var>
<arg>${response.json()}</arg>
<doc>Returns the given values which can then be assigned to a variables.</doc>
<status status="PASS" start="2024-07-17T21:14:43.993156" elapsed="0.000482"/>
</kw>
<kw name="Set Variable" owner="BuiltIn">
<msg time="2024-07-17T21:14:43.994320" level="INFO">${name_title} = Mrs</msg>
<var>${name_title}</var>
<arg>${json_data["results"][0]["name"]["title"]}</arg>
<doc>Returns the given values which can then be assigned to a variables.</doc>
<status status="PASS" start="2024-07-17T21:14:43.993939" elapsed="0.000407"/>
</kw>
<kw name="Create List" owner="BuiltIn">
<msg time="2024-07-17T21:14:43.994791" level="INFO">${allowed_titles} = ['Mr', 'Ms', 'Miss', 'Mrs', 'Madame', 'Monsieur']</msg>
<var>${allowed_titles}</var>
<arg>Mr</arg>
<arg>Ms</arg>
<arg>Miss</arg>
<arg>Mrs</arg>
<arg>Madame</arg>
<arg>Monsieur</arg>
<doc>Returns a list containing given items.</doc>
<status status="PASS" start="2024-07-17T21:14:43.994643" elapsed="0.000172"/>
</kw>
<kw name="List Should Contain Value" owner="Collections">
<arg>${allowed_titles}</arg>
<arg>${name_title}</arg>
<doc>Fails if the ``value`` is not found from ``list``.</doc>
<status status="PASS" start="2024-07-17T21:14:43.995116" elapsed="0.000173"/>
</kw>
<kw name="Set Variable" owner="BuiltIn">
<msg time="2024-07-17T21:14:43.995843" level="INFO">${name_country} = AU</msg>
<var>${name_country}</var>
<arg>${json_data["results"][0]["nat"]}</arg>
<doc>Returns the given values which can then be assigned to a variables.</doc>
<status status="PASS" start="2024-07-17T21:14:43.995469" elapsed="0.000399"/>
</kw>
<kw name="Create List" owner="BuiltIn">
<msg time="2024-07-17T21:14:43.996786" level="INFO">${list_country} = ['AD', 'AE', 'AF', 'AG', 'AI', 'AL', 'AM', 'AO', 'AQ', 'AR', 'AS', 'AT', 'AU', 'AW', 'AX', 'AZ', 'BA', 'BB', 'BD', 'BE', 'BF', 'BG', 'BH', 'BI', 'BJ', 'BL', 'BM', 'BN', 'BO', 'BQ', 'BR', 'BS', 'BT', '...</msg>
<var>${list_country}</var>
<arg>AD</arg>
<arg>AE</arg>
<arg>AF</arg>
<arg>AG</arg>
<arg>AI</arg>
<arg>AL</arg>
<arg>AM</arg>
<arg>AO</arg>
<arg>AQ</arg>
<arg>AR</arg>
<arg>AS</arg>
<arg>AT</arg>
<arg>AU</arg>
<arg>AW</arg>
<arg>AX</arg>
<arg>AZ</arg>
<arg>BA</arg>
<arg>BB</arg>
<arg>BD</arg>
<arg>BE</arg>
<arg>BF</arg>
<arg>BG</arg>
<arg>BH</arg>
<arg>BI</arg>
<arg>BJ</arg>
<arg>BL</arg>
<arg>BM</arg>
<arg>BN</arg>
<arg>BO</arg>
<arg>BQ</arg>
<arg>BR</arg>
<arg>BS</arg>
<arg>BT</arg>
<arg>BV</arg>
<arg>BW</arg>
<arg>BY</arg>
<arg>BZ</arg>
<arg>CA</arg>
<arg>CC</arg>
<arg>CD</arg>
<arg>CF</arg>
<arg>CG</arg>
<arg>CH</arg>
<arg>CI</arg>
<arg>CK</arg>
<arg>CL</arg>
<arg>CM</arg>
<arg>CN</arg>
<arg>CO</arg>
<arg>CR</arg>
<arg>CU</arg>
<arg>CV</arg>
<arg>CW</arg>
<arg>CX</arg>
<arg>CY</arg>
<arg>CZ</arg>
<arg>DE</arg>
<arg>DJ</arg>
<arg>DK</arg>
<arg>DM</arg>
<arg>DO</arg>
<arg>DZ</arg>
<arg>EC</arg>
<arg>EE</arg>
<arg>EG</arg>
<arg>EH</arg>
<arg>ER</arg>
<arg>ES</arg>
<arg>ET</arg>
<arg>FI</arg>
<arg>FJ</arg>
<arg>FK</arg>
<arg>FM</arg>
<arg>FO</arg>
<arg>FR</arg>
<arg>GA</arg>
<arg>GB</arg>
<arg>GD</arg>
<arg>GE</arg>
<arg>GF</arg>
<arg>GG</arg>
<arg>GH</arg>
<arg>GI</arg>
<arg>GL</arg>
<arg>GM</arg>
<arg>GN</arg>
<arg>GP</arg>
<arg>GQ</arg>
<arg>GR</arg>
<arg>GS</arg>
<arg>GT</arg>
<arg>GU</arg>
<arg>GW</arg>
<arg>GY</arg>
<arg>HK</arg>
<arg>HM</arg>
<arg>HN</arg>
<arg>HR</arg>
<arg>HT</arg>
<arg>HU</arg>
<arg>ID</arg>
<arg>IE</arg>
<arg>IL</arg>
<arg>IM</arg>
<arg>IN</arg>
<arg>IO</arg>
<arg>IQ</arg>
<arg>IR</arg>
<arg>IS</arg>
<arg>IT</arg>
<arg>JE</arg>
<arg>JM</arg>
<arg>JO</arg>
<arg>JP</arg>
<arg>KE</arg>
<arg>KG</arg>
<arg>KH</arg>
<arg>KI</arg>
<arg>KM</arg>
<arg>KN</arg>
<arg>KP</arg>
<arg>KR</arg>
<arg>KW</arg>
<arg>KY</arg>
<arg>KZ</arg>
<arg>LA</arg>
<arg>LB</arg>
<arg>LC</arg>
<arg>LI</arg>
<arg>LK</arg>
<arg>LR</arg>
<arg>LS</arg>
<arg>LT</arg>
<arg>LU</arg>
<arg>LV</arg>
<arg>LY</arg>
<arg>MA</arg>
<arg>MC</arg>
<arg>MD</arg>
<arg>ME</arg>
<arg>MF</arg>
<arg>MG</arg>
<arg>MH</arg>
<arg>MK</arg>
<arg>ML</arg>
<arg>MM</arg>
<arg>MN</arg>
<arg>MO</arg>
<arg>MP</arg>
<arg>MQ</arg>
<arg>MR</arg>
<arg>MS</arg>
<arg>MT</arg>
<arg>MU</arg>
<arg>MV</arg>
<arg>MW</arg>
<arg>MX</arg>
<arg>MY</arg>
<arg>MZ</arg>
<arg>NA</arg>
<arg>NC</arg>
<arg>NE</arg>
<arg>NF</arg>
<arg>NG</arg>
<arg>NI</arg>
<arg>NL</arg>
<arg>NO</arg>
<arg>NP</arg>
<arg>NR</arg>
<arg>NU</arg>
<arg>NZ</arg>
<arg>OM</arg>
<arg>PA</arg>
<arg>PE</arg>
<arg>PF</arg>
<arg>PG</arg>
<arg>PH</arg>
<arg>PK</arg>
<arg>PL</arg>
<arg>PM</arg>
<arg>PN</arg>
<arg>PR</arg>
<arg>PS</arg>
<arg>PT</arg>
<arg>PW</arg>
<arg>PY</arg>
<arg>QA</arg>
<arg>RE</arg>
<arg>RO</arg>
<arg>RS</arg>
<arg>RU</arg>
<arg>RW</arg>
<arg>SA</arg>
<arg>SB</arg>
<arg>SC</arg>
<arg>SD</arg>
<arg>SE</arg>
<arg>SG</arg>
<arg>SH</arg>
<arg>SI</arg>
<arg>SJ</arg>
<arg>SK</arg>
<arg>SL</arg>
<arg>SM</arg>
<arg>SN</arg>
<arg>SO</arg>
<arg>SR</arg>
<arg>SS</arg>
<arg>ST</arg>
<arg>SV</arg>
<arg>SX</arg>
<arg>SY</arg>
<arg>SZ</arg>
<arg>TC</arg>
<arg>TD</arg>
<arg>TF</arg>
<arg>TG</arg>
<arg>TH</arg>
<arg>TJ</arg>
<arg>TK</arg>
<arg>TL</arg>
<arg>TM</arg>
<arg>TN</arg>
<arg>TO</arg>
<arg>TR</arg>
<arg>TT</arg>
<arg>TV</arg>
<arg>TW</arg>
<arg>TZ</arg>
<arg>UA</arg>
<arg>UG</arg>
<arg>UM</arg>
<arg>US</arg>
<arg>UY</arg>
<arg>UZ</arg>
<arg>VA</arg>
<arg>VC</arg>
<arg>VE</arg>
<arg>VG</arg>
<arg>VI</arg>
<arg>VN</arg>
<arg>VU</arg>
<arg>WF</arg>
<arg>WS</arg>
<arg>XK</arg>
<arg>YE</arg>
<arg>YT</arg>
<arg>ZA</arg>
<arg>ZM</arg>
<arg>ZW</arg>
<doc>Returns a list containing given items.</doc>
<status status="PASS" start="2024-07-17T21:14:43.996159" elapsed="0.000653"/>
</kw>
<kw name="List Should Contain Value" owner="Collections">
<arg>${list_country}</arg>
<arg>${name_country}</arg>
<doc>Fails if the ``value`` is not found from ``list``.</doc>
<status status="PASS" start="2024-07-17T21:14:43.997605" elapsed="0.000202"/>
</kw>
<kw name="Run Keyword If" owner="BuiltIn">
<kw name="Should Be True" owner="BuiltIn">
<arg>${True}</arg>
<doc>Fails if the given condition is not true.</doc>
<status status="PASS" start="2024-07-17T21:14:43.998734" elapsed="0.000142"/>
</kw>
<arg>${json_data["results"][0]["location"]["coordinates"]["latitude"]} &gt;= -90 and ${json_data["results"][0]["location"]["coordinates"]["latitude"]} &lt;= 90</arg>
<arg>Should Be True</arg>
<arg>${True}</arg>
<doc>Runs the given keyword with the given arguments, if ``condition`` is true.</doc>
<status status="PASS" start="2024-07-17T21:14:43.998000" elapsed="0.001013"/>
</kw>
<kw name="Run Keyword If" owner="BuiltIn">
<kw name="Should Be True" owner="BuiltIn">
<arg>${True}</arg>
<doc>Fails if the given condition is not true.</doc>
<status status="PASS" start="2024-07-17T21:14:43.999889" elapsed="0.000234"/>
</kw>
<arg>${json_data["results"][0]["location"]["coordinates"]["longitude"]} &gt;= -180 and ${json_data["results"][0]["location"]["coordinates"]["longitude"]} &lt;= 180</arg>
<arg>Should Be True</arg>
<arg>${True}</arg>
<doc>Runs the given keyword with the given arguments, if ``condition`` is true.</doc>
<status status="PASS" start="2024-07-17T21:14:43.999192" elapsed="0.001086"/>
</kw>
<status status="PASS" start="2024-07-17T21:14:43.909439" elapsed="0.090974"/>
</kw>
<doc>Testa o conteúdo específico dos campos retornados pela API.</doc>
<tag>testeConteudo</tag>
<status status="PASS" start="2024-07-17T21:14:43.908988" elapsed="0.091570"/>
</test>
<status status="PASS" start="2024-07-17T21:14:42.759029" elapsed="1.243466"/>
</suite>
<status status="PASS" start="2024-07-17T21:14:42.741486" elapsed="1.265952"/>
</suite>
<statistics>
<total>
<stat pass="5" fail="0" skip="0">All Tests</stat>
</total>
<tag>
<stat pass="1" fail="0" skip="0">testeConteudo</stat>
<stat pass="1" fail="0" skip="0">testeEstruturaResposta</stat>
<stat pass="1" fail="0" skip="0">testeRequisicaoBasica</stat>
<stat pass="1" fail="0" skip="0">testeTiposDados</stat>
</tag>
<suite>
<stat pass="5" fail="0" skip="0" id="s1" name="Tests">Tests</stat>
<stat pass="5" fail="0" skip="0" id="s1-s1" name="Random-User-Test">Tests.Random-User-Test</stat>
</suite>
</statistics>
<errors>
</errors>
</robot>
