<?xml version="1.0" encoding="UTF-8"?>
<robot generator="Robot 7.0.1 (Python 3.12.4 on linux)" generated="2024-07-03T03:16:44.133506" rpa="false" schemaversion="5">
<suite id="s1" name="Tests" source="/home/runner/work/ApiRandomUser/ApiRandomUser/RamdonUser/tests">
<suite id="s1-s1" name="Random-User-Test" source="/home/runner/work/ApiRandomUser/ApiRandomUser/RamdonUser/tests/random-user-test.robot">
<test id="s1-s1-t1" name="Conectar" line="13">
<kw name="Conectar API" owner="random-user-service">
<kw name="Create Session" owner="RequestsLibrary">
<msg time="2024-07-03T03:16:44.567953" level="INFO">Creating Session using : alias=consultarAPI, url=https://randomuser.me/, headers={},                     cookies={}, auth=None, timeout=None, proxies=None, verify=False,                     debug=0 </msg>
<arg>consultarAPI</arg>
<arg>${URL}</arg>
<doc>Create Session: create a HTTP session to a server</doc>
<status status="PASS" start="2024-07-03T03:16:44.567742" elapsed="0.000394"/>
</kw>
<status status="PASS" start="2024-07-03T03:16:44.566766" elapsed="0.001765"/>
</kw>
<status status="PASS" start="2024-07-03T03:16:44.566111" elapsed="0.002613"/>
</test>
<test id="s1-s1-t2" name="Validar retorno 200 e JSON Válido" line="16">
<kw name="Teste de Requisicao Basica" owner="random-user-service">
<kw name="GET On Session" owner="RequestsLibrary">
<msg time="2024-07-03T03:16:44.711883" level="INFO">GET Request : url=https://randomuser.me/api 
 path_url=/api 
 headers={'User-Agent': 'python-requests/2.32.3', 'Accept-Encoding': 'gzip, deflate', 'Accept': '*/*', 'Connection': 'keep-alive'} 
 body=None 
 </msg>
<msg time="2024-07-03T03:16:44.712044" level="INFO">GET Response : url=https://randomuser.me/api 
 status=200, reason=OK 
 headers={'Date': 'Wed, 03 Jul 2024 03:16:44 GMT', 'Content-Type': 'application/json; charset=utf-8', 'Transfer-Encoding': 'chunked', 'Connection': 'keep-alive', 'X-Powered-By': 'Express', 'Access-Control-Allow-Origin': '*', 'Cache-Control': 'no-cache', 'ETag': 'W/"490-KdZfm2XGnV3nV7fOE6Sz4dw0ud8"', 'Vary': 'Accept-Encoding', 'Content-Encoding': 'gzip', 'CF-Cache-Status': 'DYNAMIC', 'Report-To': '{"endpoints":[{"url":"https:\\/\\/a.nel.cloudflare.com\\/report\\/v4?s=v0k%2FlR37pSj2sA%2BtMw7RZhDkMI0m0qfDNOJTA%2FxpaY1GUOirWZw%2BM0rZf4x86Zc%2BnSVs0QGP0yB9jjszYgJ4vDZLlwNXQHKe2GxSxOSoTkRb2og02ZFqUV%2F9I6mMCVlt"}],"group":"cf-nel","max_age":604800}', 'NEL': '{"success_fraction":0,"report_to":"cf-nel","max_age":604800}', 'Server': 'cloudflare', 'CF-RAY': '89d3b7f30dc061be-ORD', 'alt-svc': 'h3=":443"; ma=86400'} 
 body={"results":[{"gender":"male","name":{"title":"Mr","first":"Dominic","last":"Gagné"},"location":{"street":{"number":8578,"name":"Maple Ave"},"city":"Notre Dame de Lourdes","state":"Ontario","country":"Canada","postcode":"T8C 0P8","coordinates":{"latitude":"-67.4872","longitude":"-115.7991"},"timezone":{"offset":"+7:00","description":"Bangkok, Hanoi, Jakarta"}},"email":"dominic.gagne@example.com","login":{"uuid":"45cda9ae-4442-4032-a226-af275ccf5931","username":"blackgorilla707","password":"bluejays","salt":"rrrkbmkM","md5":"d13fd4bccaa984e50e8b62a33542b43f","sha1":"8c0588b0f072c12e48b1aad3c44eb64123cb66a7","sha256":"fb0c547beac746d1d53e80fc7efc4be89184903ee9050090edc9746b564485d8"},"dob":{"date":"1999-10-05T17:38:29.222Z","age":24},"registered":{"date":"2005-01-26T22:10:52.458Z","age":19},"phone":"J78 Z36-2083","cell":"Q94 V04-4995","id":{"name":"SIN","value":"887589836"},"picture":{"large":"https://randomuser.me/api/portraits/men/46.jpg","medium":"https://randomuser.me/api/portraits/med/men/46.jpg","thumbnail":"https://randomuser.me/api/portraits/thumb/men/46.jpg"},"nat":"CA"}],"info":{"seed":"9055387287b4f895","results":1,"page":1,"version":"1.4"}} 
 </msg>
<msg time="2024-07-03T03:16:44.712132" level="INFO">/opt/hostedtoolcache/Python/3.12.4/x64/lib/python3.12/site-packages/urllib3/connectionpool.py:1099: InsecureRequestWarning: Unverified HTTPS request is being made to host 'randomuser.me'. Adding certificate verification is strongly advised. See: https://urllib3.readthedocs.io/en/latest/advanced-usage.html#tls-warnings
  warnings.warn(</msg>
<msg time="2024-07-03T03:16:44.712284" level="INFO">${response} = &lt;Response [200]&gt;</msg>
<var>${response}</var>
<arg>consultarAPI</arg>
<arg>/api</arg>
<doc>Sends a GET request on a previously created HTTP Session.</doc>
<status status="PASS" start="2024-07-03T03:16:44.571379" elapsed="0.140948"/>
</kw>
<kw name="Should Be Equal As Numbers" owner="BuiltIn">
<msg time="2024-07-03T03:16:44.713380" level="INFO">Argument types are:
&lt;class 'int'&gt;
&lt;class 'str'&gt;</msg>
<arg>${response.status_code}</arg>
<arg>200</arg>
<doc>Fails if objects are unequal after converting them to real numbers.</doc>
<status status="PASS" start="2024-07-03T03:16:44.712916" elapsed="0.000529"/>
</kw>
<kw name="Log" owner="BuiltIn">
<msg time="2024-07-03T03:16:44.714134" level="INFO">200</msg>
<arg>${response.status_code}</arg>
<doc>Logs the given message with the given level.</doc>
<status status="PASS" start="2024-07-03T03:16:44.713773" elapsed="0.000404"/>
</kw>
<kw name="Set Variable" owner="BuiltIn">
<msg time="2024-07-03T03:16:44.714940" level="INFO">${json_data} = {'results': [{'gender': 'male', 'name': {'title': 'Mr', 'first': 'Dominic', 'last': 'Gagné'}, 'location': {'street': {'number': 8578, 'name': 'Maple Ave'}, 'city': 'Notre Dame de Lourdes', 'state': 'O...</msg>
<var>${json_data}</var>
<arg>${response.json()}</arg>
<doc>Returns the given values which can then be assigned to a variables.</doc>
<status status="PASS" start="2024-07-03T03:16:44.714490" elapsed="0.000479"/>
</kw>
<kw name="Dictionary Should Contain Key" owner="Collections">
<arg>${json_data}</arg>
<arg>results</arg>
<doc>Fails if ``key`` is not found from ``dictionary``.</doc>
<status status="PASS" start="2024-07-03T03:16:44.715275" elapsed="0.000175"/>
</kw>
<status status="PASS" start="2024-07-03T03:16:44.571137" elapsed="0.144468"/>
</kw>
<doc>Testa se a API responde corretamente e retorna um objeto JSON válido.</doc>
<tag>testeRequisicaoBasica</tag>
<status status="PASS" start="2024-07-03T03:16:44.570594" elapsed="0.145191"/>
</test>
<test id="s1-s1-t3" name="Validar estrutura de resposta" line="22">
<kw name="Teste de Estrutura de Resposta" owner="random-user-service">
<kw name="GET On Session" owner="RequestsLibrary">
<msg time="2024-07-03T03:16:44.809156" level="INFO">GET Request : url=https://randomuser.me/api 
 path_url=/api 
 headers={'User-Agent': 'python-requests/2.32.3', 'Accept-Encoding': 'gzip, deflate', 'Accept': '*/*', 'Connection': 'keep-alive'} 
 body=None 
 </msg>
<msg time="2024-07-03T03:16:44.809260" level="INFO">GET Response : url=https://randomuser.me/api 
 status=200, reason=OK 
 headers={'Date': 'Wed, 03 Jul 2024 03:16:44 GMT', 'Content-Type': 'application/json; charset=utf-8', 'Transfer-Encoding': 'chunked', 'Connection': 'keep-alive', 'X-Powered-By': 'Express', 'Access-Control-Allow-Origin': '*', 'Cache-Control': 'no-cache', 'ETag': 'W/"490-iRHYLDh4BiCAy1ax7KSY7p4JRmI"', 'Vary': 'Accept-Encoding', 'Content-Encoding': 'gzip', 'CF-Cache-Status': 'DYNAMIC', 'Report-To': '{"endpoints":[{"url":"https:\\/\\/a.nel.cloudflare.com\\/report\\/v4?s=JVpRRuQkEaSKDqzqSXCwfLw58TVyxm2YTH1vuluL05D2p6t0IJjcORmzKdMaVwWPTwpPvV6dtushmYbRwtBnD8VSjLE0sYpb%2FkhsZy9E5As4prxbWKFeeynk%2FV4h9j5Z"}],"group":"cf-nel","max_age":604800}', 'NEL': '{"success_fraction":0,"report_to":"cf-nel","max_age":604800}', 'Server': 'cloudflare', 'CF-RAY': '89d3b7f37e1f61be-ORD', 'alt-svc': 'h3=":443"; ma=86400'} 
 body={"results":[{"gender":"male","name":{"title":"Mr","first":"Joshua","last":"Li"},"location":{"street":{"number":9046,"name":"Fitzgerald Avenue"},"city":"Wellington","state":"Manawatu-Wanganui","country":"New Zealand","postcode":87779,"coordinates":{"latitude":"54.0518","longitude":"-138.6357"},"timezone":{"offset":"+3:00","description":"Baghdad, Riyadh, Moscow, St. Petersburg"}},"email":"joshua.li@example.com","login":{"uuid":"978e4e5d-f7ef-4fe1-93c2-dacbd990edd6","username":"silvercat852","password":"call","salt":"8E3973ef","md5":"c1ee5202772095a4c913bee1c6e959eb","sha1":"140c473daa668143fd187dab8d79f9f29cea8453","sha256":"919507fa7b23a4d758fccc3485e43dd30e2cb73b4f8037c83c6d218ac8534b92"},"dob":{"date":"1980-04-15T03:09:59.462Z","age":44},"registered":{"date":"2017-12-02T16:40:08.688Z","age":6},"phone":"(855)-098-8340","cell":"(438)-301-0545","id":{"name":"","value":null},"picture":{"large":"https://randomuser.me/api/portraits/men/69.jpg","medium":"https://randomuser.me/api/portraits/med/men/69.jpg","thumbnail":"https://randomuser.me/api/portraits/thumb/men/69.jpg"},"nat":"NZ"}],"info":{"seed":"90e562bb100a9c65","results":1,"page":1,"version":"1.4"}} 
 </msg>
<msg time="2024-07-03T03:16:44.809393" level="INFO">/opt/hostedtoolcache/Python/3.12.4/x64/lib/python3.12/site-packages/urllib3/connectionpool.py:1099: InsecureRequestWarning: Unverified HTTPS request is being made to host 'randomuser.me'. Adding certificate verification is strongly advised. See: https://urllib3.readthedocs.io/en/latest/advanced-usage.html#tls-warnings
  warnings.warn(</msg>
<msg time="2024-07-03T03:16:44.809520" level="INFO">${response} = &lt;Response [200]&gt;</msg>
<var>${response}</var>
<arg>consultarAPI</arg>
<arg>/api</arg>
<doc>Sends a GET request on a previously created HTTP Session.</doc>
<status status="PASS" start="2024-07-03T03:16:44.718491" elapsed="0.091062"/>
</kw>
<kw name="Set Variable" owner="BuiltIn">
<msg time="2024-07-03T03:16:44.810629" level="INFO">${json_data} = {'results': [{'gender': 'male', 'name': {'title': 'Mr', 'first': 'Joshua', 'last': 'Li'}, 'location': {'street': {'number': 9046, 'name': 'Fitzgerald Avenue'}, 'city': 'Wellington', 'state': 'Manawatu...</msg>
<var>${json_data}</var>
<arg>${response.json()}</arg>
<doc>Returns the given values which can then be assigned to a variables.</doc>
<status status="PASS" start="2024-07-03T03:16:44.810099" elapsed="0.000558"/>
</kw>
<kw name="Log" owner="BuiltIn">
<msg time="2024-07-03T03:16:44.811127" level="INFO">{'results': [{'gender': 'male', 'name': {'title': 'Mr', 'first': 'Joshua', 'last': 'Li'}, 'location': {'street': {'number': 9046, 'name': 'Fitzgerald Avenue'}, 'city': 'Wellington', 'state': 'Manawatu-Wanganui', 'country': 'New Zealand', 'postcode': 87779, 'coordinates': {'latitude': '54.0518', 'longitude': '-138.6357'}, 'timezone': {'offset': '+3:00', 'description': 'Baghdad, Riyadh, Moscow, St. Petersburg'}}, 'email': 'joshua.li@example.com', 'login': {'uuid': '978e4e5d-f7ef-4fe1-93c2-dacbd990edd6', 'username': 'silvercat852', 'password': 'call', 'salt': '8E3973ef', 'md5': 'c1ee5202772095a4c913bee1c6e959eb', 'sha1': '140c473daa668143fd187dab8d79f9f29cea8453', 'sha256': '919507fa7b23a4d758fccc3485e43dd30e2cb73b4f8037c83c6d218ac8534b92'}, 'dob': {'date': '1980-04-15T03:09:59.462Z', 'age': 44}, 'registered': {'date': '2017-12-02T16:40:08.688Z', 'age': 6}, 'phone': '(855)-098-8340', 'cell': '(438)-301-0545', 'id': {'name': '', 'value': None}, 'picture': {'large': 'https://randomuser.me/api/portraits/men/69.jpg', 'medium': 'https://randomuser.me/api/portraits/med/men/69.jpg', 'thumbnail': 'https://randomuser.me/api/portraits/thumb/men/69.jpg'}, 'nat': 'NZ'}], 'info': {'seed': '90e562bb100a9c65', 'results': 1, 'page': 1, 'version': '1.4'}}</msg>
<arg>${json_data}</arg>
<doc>Logs the given message with the given level.</doc>
<status status="PASS" start="2024-07-03T03:16:44.810966" elapsed="0.000209"/>
</kw>
<kw name="Dictionary Should Contain Key" owner="Collections">
<arg>${json_data}</arg>
<arg>results</arg>
<doc>Fails if ``key`` is not found from ``dictionary``.</doc>
<status status="PASS" start="2024-07-03T03:16:44.811465" elapsed="0.000163"/>
</kw>
<kw name="Should Not Be Empty" owner="BuiltIn">
<msg time="2024-07-03T03:16:44.811938" level="INFO">Length is 2.</msg>
<arg>${json_data}</arg>
<doc>Verifies that the given item is not empty.</doc>
<status status="PASS" start="2024-07-03T03:16:44.811814" elapsed="0.000163"/>
</kw>
<kw name="Create List" owner="BuiltIn">
<msg time="2024-07-03T03:16:44.812458" level="INFO">${expected_keys} = ['gender', 'name', 'location', 'email', 'login']</msg>
<var>${expected_keys}</var>
<arg>gender</arg>
<arg>name</arg>
<arg>location</arg>
<arg>email</arg>
<arg>login</arg>
<doc>Returns a list containing given items.</doc>
<status status="PASS" start="2024-07-03T03:16:44.812271" elapsed="0.000219"/>
</kw>
<for flavor="IN">
<iter>
<kw name="Dictionary Should Contain Key" owner="Collections">
<arg>${json_data['results'][0]}</arg>
<arg>${key}</arg>
<doc>Fails if ``key`` is not found from ``dictionary``.</doc>
<status status="PASS" start="2024-07-03T03:16:44.813253" elapsed="0.000406"/>
</kw>
<kw name="Log" owner="BuiltIn">
<msg time="2024-07-03T03:16:44.814217" level="INFO">{'gender': 'male', 'name': {'title': 'Mr', 'first': 'Joshua', 'last': 'Li'}, 'location': {'street': {'number': 9046, 'name': 'Fitzgerald Avenue'}, 'city': 'Wellington', 'state': 'Manawatu-Wanganui', 'country': 'New Zealand', 'postcode': 87779, 'coordinates': {'latitude': '54.0518', 'longitude': '-138.6357'}, 'timezone': {'offset': '+3:00', 'description': 'Baghdad, Riyadh, Moscow, St. Petersburg'}}, 'email': 'joshua.li@example.com', 'login': {'uuid': '978e4e5d-f7ef-4fe1-93c2-dacbd990edd6', 'username': 'silvercat852', 'password': 'call', 'salt': '8E3973ef', 'md5': 'c1ee5202772095a4c913bee1c6e959eb', 'sha1': '140c473daa668143fd187dab8d79f9f29cea8453', 'sha256': '919507fa7b23a4d758fccc3485e43dd30e2cb73b4f8037c83c6d218ac8534b92'}, 'dob': {'date': '1980-04-15T03:09:59.462Z', 'age': 44}, 'registered': {'date': '2017-12-02T16:40:08.688Z', 'age': 6}, 'phone': '(855)-098-8340', 'cell': '(438)-301-0545', 'id': {'name': '', 'value': None}, 'picture': {'large': 'https://randomuser.me/api/portraits/men/69.jpg', 'medium': 'https://randomuser.me/api/portraits/med/men/69.jpg', 'thumbnail': 'https://randomuser.me/api/portraits/thumb/men/69.jpg'}, 'nat': 'NZ'}</msg>
<arg>${json_data['results'][0]}</arg>
<doc>Logs the given message with the given level.</doc>
<status status="PASS" start="2024-07-03T03:16:44.813852" elapsed="0.000413"/>
</kw>
<kw name="Log" owner="BuiltIn">
<msg time="2024-07-03T03:16:44.814696" level="INFO">gender</msg>
<arg>${key}</arg>
<doc>Logs the given message with the given level.</doc>
<status status="PASS" start="2024-07-03T03:16:44.814566" elapsed="0.000167"/>
</kw>
<var name="${key}">gender</var>
<status status="PASS" start="2024-07-03T03:16:44.813128" elapsed="0.001822"/>
</iter>
<iter>
<kw name="Dictionary Should Contain Key" owner="Collections">
<arg>${json_data['results'][0]}</arg>
<arg>${key}</arg>
<doc>Fails if ``key`` is not found from ``dictionary``.</doc>
<status status="PASS" start="2024-07-03T03:16:44.815253" elapsed="0.000388"/>
</kw>
<kw name="Log" owner="BuiltIn">
<msg time="2024-07-03T03:16:44.816179" level="INFO">{'gender': 'male', 'name': {'title': 'Mr', 'first': 'Joshua', 'last': 'Li'}, 'location': {'street': {'number': 9046, 'name': 'Fitzgerald Avenue'}, 'city': 'Wellington', 'state': 'Manawatu-Wanganui', 'country': 'New Zealand', 'postcode': 87779, 'coordinates': {'latitude': '54.0518', 'longitude': '-138.6357'}, 'timezone': {'offset': '+3:00', 'description': 'Baghdad, Riyadh, Moscow, St. Petersburg'}}, 'email': 'joshua.li@example.com', 'login': {'uuid': '978e4e5d-f7ef-4fe1-93c2-dacbd990edd6', 'username': 'silvercat852', 'password': 'call', 'salt': '8E3973ef', 'md5': 'c1ee5202772095a4c913bee1c6e959eb', 'sha1': '140c473daa668143fd187dab8d79f9f29cea8453', 'sha256': '919507fa7b23a4d758fccc3485e43dd30e2cb73b4f8037c83c6d218ac8534b92'}, 'dob': {'date': '1980-04-15T03:09:59.462Z', 'age': 44}, 'registered': {'date': '2017-12-02T16:40:08.688Z', 'age': 6}, 'phone': '(855)-098-8340', 'cell': '(438)-301-0545', 'id': {'name': '', 'value': None}, 'picture': {'large': 'https://randomuser.me/api/portraits/men/69.jpg', 'medium': 'https://randomuser.me/api/portraits/med/men/69.jpg', 'thumbnail': 'https://randomuser.me/api/portraits/thumb/men/69.jpg'}, 'nat': 'NZ'}</msg>
<arg>${json_data['results'][0]}</arg>
<doc>Logs the given message with the given level.</doc>
<status status="PASS" start="2024-07-03T03:16:44.815823" elapsed="0.000436"/>
</kw>
<kw name="Log" owner="BuiltIn">
<msg time="2024-07-03T03:16:44.816716" level="INFO">name</msg>
<arg>${key}</arg>
<doc>Logs the given message with the given level.</doc>
<status status="PASS" start="2024-07-03T03:16:44.816579" elapsed="0.000175"/>
</kw>
<var name="${key}">name</var>
<status status="PASS" start="2024-07-03T03:16:44.815140" elapsed="0.001834"/>
</iter>
<iter>
<kw name="Dictionary Should Contain Key" owner="Collections">
<arg>${json_data['results'][0]}</arg>
<arg>${key}</arg>
<doc>Fails if ``key`` is not found from ``dictionary``.</doc>
<status status="PASS" start="2024-07-03T03:16:44.817256" elapsed="0.000378"/>
</kw>
<kw name="Log" owner="BuiltIn">
<msg time="2024-07-03T03:16:44.818163" level="INFO">{'gender': 'male', 'name': {'title': 'Mr', 'first': 'Joshua', 'last': 'Li'}, 'location': {'street': {'number': 9046, 'name': 'Fitzgerald Avenue'}, 'city': 'Wellington', 'state': 'Manawatu-Wanganui', 'country': 'New Zealand', 'postcode': 87779, 'coordinates': {'latitude': '54.0518', 'longitude': '-138.6357'}, 'timezone': {'offset': '+3:00', 'description': 'Baghdad, Riyadh, Moscow, St. Petersburg'}}, 'email': 'joshua.li@example.com', 'login': {'uuid': '978e4e5d-f7ef-4fe1-93c2-dacbd990edd6', 'username': 'silvercat852', 'password': 'call', 'salt': '8E3973ef', 'md5': 'c1ee5202772095a4c913bee1c6e959eb', 'sha1': '140c473daa668143fd187dab8d79f9f29cea8453', 'sha256': '919507fa7b23a4d758fccc3485e43dd30e2cb73b4f8037c83c6d218ac8534b92'}, 'dob': {'date': '1980-04-15T03:09:59.462Z', 'age': 44}, 'registered': {'date': '2017-12-02T16:40:08.688Z', 'age': 6}, 'phone': '(855)-098-8340', 'cell': '(438)-301-0545', 'id': {'name': '', 'value': None}, 'picture': {'large': 'https://randomuser.me/api/portraits/men/69.jpg', 'medium': 'https://randomuser.me/api/portraits/med/men/69.jpg', 'thumbnail': 'https://randomuser.me/api/portraits/thumb/men/69.jpg'}, 'nat': 'NZ'}</msg>
<arg>${json_data['results'][0]}</arg>
<doc>Logs the given message with the given level.</doc>
<status status="PASS" start="2024-07-03T03:16:44.817816" elapsed="0.000394"/>
</kw>
<kw name="Log" owner="BuiltIn">
<msg time="2024-07-03T03:16:44.818634" level="INFO">location</msg>
<arg>${key}</arg>
<doc>Logs the given message with the given level.</doc>
<status status="PASS" start="2024-07-03T03:16:44.818507" elapsed="0.000165"/>
</kw>
<var name="${key}">location</var>
<status status="PASS" start="2024-07-03T03:16:44.817149" elapsed="0.001737"/>
</iter>
<iter>
<kw name="Dictionary Should Contain Key" owner="Collections">
<arg>${json_data['results'][0]}</arg>
<arg>${key}</arg>
<doc>Fails if ``key`` is not found from ``dictionary``.</doc>
<status status="PASS" start="2024-07-03T03:16:44.819162" elapsed="0.000392"/>
</kw>
<kw name="Log" owner="BuiltIn">
<msg time="2024-07-03T03:16:44.820091" level="INFO">{'gender': 'male', 'name': {'title': 'Mr', 'first': 'Joshua', 'last': 'Li'}, 'location': {'street': {'number': 9046, 'name': 'Fitzgerald Avenue'}, 'city': 'Wellington', 'state': 'Manawatu-Wanganui', 'country': 'New Zealand', 'postcode': 87779, 'coordinates': {'latitude': '54.0518', 'longitude': '-138.6357'}, 'timezone': {'offset': '+3:00', 'description': 'Baghdad, Riyadh, Moscow, St. Petersburg'}}, 'email': 'joshua.li@example.com', 'login': {'uuid': '978e4e5d-f7ef-4fe1-93c2-dacbd990edd6', 'username': 'silvercat852', 'password': 'call', 'salt': '8E3973ef', 'md5': 'c1ee5202772095a4c913bee1c6e959eb', 'sha1': '140c473daa668143fd187dab8d79f9f29cea8453', 'sha256': '919507fa7b23a4d758fccc3485e43dd30e2cb73b4f8037c83c6d218ac8534b92'}, 'dob': {'date': '1980-04-15T03:09:59.462Z', 'age': 44}, 'registered': {'date': '2017-12-02T16:40:08.688Z', 'age': 6}, 'phone': '(855)-098-8340', 'cell': '(438)-301-0545', 'id': {'name': '', 'value': None}, 'picture': {'large': 'https://randomuser.me/api/portraits/men/69.jpg', 'medium': 'https://randomuser.me/api/portraits/med/men/69.jpg', 'thumbnail': 'https://randomuser.me/api/portraits/thumb/men/69.jpg'}, 'nat': 'NZ'}</msg>
<arg>${json_data['results'][0]}</arg>
<doc>Logs the given message with the given level.</doc>
<status status="PASS" start="2024-07-03T03:16:44.819736" elapsed="0.000403"/>
</kw>
<kw name="Log" owner="BuiltIn">
<msg time="2024-07-03T03:16:44.820599" level="INFO">email</msg>
<arg>${key}</arg>
<doc>Logs the given message with the given level.</doc>
<status status="PASS" start="2024-07-03T03:16:44.820461" elapsed="0.000176"/>
</kw>
<var name="${key}">email</var>
<status status="PASS" start="2024-07-03T03:16:44.819057" elapsed="0.001812"/>
</iter>
<iter>
<kw name="Dictionary Should Contain Key" owner="Collections">
<arg>${json_data['results'][0]}</arg>
<arg>${key}</arg>
<doc>Fails if ``key`` is not found from ``dictionary``.</doc>
<status status="PASS" start="2024-07-03T03:16:44.821159" elapsed="0.000395"/>
</kw>
<kw name="Log" owner="BuiltIn">
<msg time="2024-07-03T03:16:44.822099" level="INFO">{'gender': 'male', 'name': {'title': 'Mr', 'first': 'Joshua', 'last': 'Li'}, 'location': {'street': {'number': 9046, 'name': 'Fitzgerald Avenue'}, 'city': 'Wellington', 'state': 'Manawatu-Wanganui', 'country': 'New Zealand', 'postcode': 87779, 'coordinates': {'latitude': '54.0518', 'longitude': '-138.6357'}, 'timezone': {'offset': '+3:00', 'description': 'Baghdad, Riyadh, Moscow, St. Petersburg'}}, 'email': 'joshua.li@example.com', 'login': {'uuid': '978e4e5d-f7ef-4fe1-93c2-dacbd990edd6', 'username': 'silvercat852', 'password': 'call', 'salt': '8E3973ef', 'md5': 'c1ee5202772095a4c913bee1c6e959eb', 'sha1': '140c473daa668143fd187dab8d79f9f29cea8453', 'sha256': '919507fa7b23a4d758fccc3485e43dd30e2cb73b4f8037c83c6d218ac8534b92'}, 'dob': {'date': '1980-04-15T03:09:59.462Z', 'age': 44}, 'registered': {'date': '2017-12-02T16:40:08.688Z', 'age': 6}, 'phone': '(855)-098-8340', 'cell': '(438)-301-0545', 'id': {'name': '', 'value': None}, 'picture': {'large': 'https://randomuser.me/api/portraits/men/69.jpg', 'medium': 'https://randomuser.me/api/portraits/med/men/69.jpg', 'thumbnail': 'https://randomuser.me/api/portraits/thumb/men/69.jpg'}, 'nat': 'NZ'}</msg>
<arg>${json_data['results'][0]}</arg>
<doc>Logs the given message with the given level.</doc>
<status status="PASS" start="2024-07-03T03:16:44.821734" elapsed="0.000413"/>
</kw>
<kw name="Log" owner="BuiltIn">
<msg time="2024-07-03T03:16:44.822580" level="INFO">login</msg>
<arg>${key}</arg>
<doc>Logs the given message with the given level.</doc>
<status status="PASS" start="2024-07-03T03:16:44.822449" elapsed="0.000170"/>
</kw>
<var name="${key}">login</var>
<status status="PASS" start="2024-07-03T03:16:44.821045" elapsed="0.001809"/>
</iter>
<var>${key}</var>
<value>@{expected_keys}</value>
<status status="PASS" start="2024-07-03T03:16:44.812927" elapsed="0.010062"/>
</for>
<kw name="Create List" owner="BuiltIn">
<msg time="2024-07-03T03:16:44.823330" level="INFO">${expected_keysTwo} = ['username', 'password']</msg>
<var>${expected_keysTwo}</var>
<arg>username</arg>
<arg>password</arg>
<doc>Returns a list containing given items.</doc>
<status status="PASS" start="2024-07-03T03:16:44.823192" elapsed="0.000194"/>
</kw>
<for flavor="IN">
<iter>
<kw name="Dictionary Should Contain Key" owner="Collections">
<arg>${json_data['results'][0]['login']}</arg>
<arg>${keyTwo}</arg>
<doc>Fails if ``key`` is not found from ``dictionary``.</doc>
<status status="PASS" start="2024-07-03T03:16:44.823922" elapsed="0.000400"/>
</kw>
<kw name="Dictionary Should Contain Key" owner="Collections">
<arg>${json_data['results'][0]['login']}</arg>
<arg>${keyTwo}</arg>
<doc>Fails if ``key`` is not found from ``dictionary``.</doc>
<status status="PASS" start="2024-07-03T03:16:44.824549" elapsed="0.000384"/>
</kw>
<kw name="Log" owner="BuiltIn">
<msg time="2024-07-03T03:16:44.825251" level="INFO">username</msg>
<arg>${keyTwo}</arg>
<doc>Logs the given message with the given level.</doc>
<status status="PASS" start="2024-07-03T03:16:44.825122" elapsed="0.000168"/>
</kw>
<var name="${keyTwo}">username</var>
<status status="PASS" start="2024-07-03T03:16:44.823802" elapsed="0.001714"/>
</iter>
<iter>
<kw name="Dictionary Should Contain Key" owner="Collections">
<arg>${json_data['results'][0]['login']}</arg>
<arg>${keyTwo}</arg>
<doc>Fails if ``key`` is not found from ``dictionary``.</doc>
<status status="PASS" start="2024-07-03T03:16:44.825796" elapsed="0.000390"/>
</kw>
<kw name="Dictionary Should Contain Key" owner="Collections">
<arg>${json_data['results'][0]['login']}</arg>
<arg>${keyTwo}</arg>
<doc>Fails if ``key`` is not found from ``dictionary``.</doc>
<status status="PASS" start="2024-07-03T03:16:44.826367" elapsed="0.000371"/>
</kw>
<kw name="Log" owner="BuiltIn">
<msg time="2024-07-03T03:16:44.827032" level="INFO">password</msg>
<arg>${keyTwo}</arg>
<doc>Logs the given message with the given level.</doc>
<status status="PASS" start="2024-07-03T03:16:44.826914" elapsed="0.000161"/>
</kw>
<var name="${keyTwo}">password</var>
<status status="PASS" start="2024-07-03T03:16:44.825690" elapsed="0.001612"/>
</iter>
<var>${keyTwo}</var>
<value>@{expected_keysTwo}</value>
<status status="PASS" start="2024-07-03T03:16:44.823642" elapsed="0.003782"/>
</for>
<status status="PASS" start="2024-07-03T03:16:44.718248" elapsed="0.109323"/>
</kw>
<doc>Testa a estrutura da resposta da API.</doc>
<tag>testeEstruturaResposta</tag>
<status status="PASS" start="2024-07-03T03:16:44.717725" elapsed="0.110005"/>
</test>
<test id="s1-s1-t4" name="Validar tipos de dados" line="28">
<kw name="Teste de Tipos de Dados" owner="random-user-service">
<kw name="GET On Session" owner="RequestsLibrary">
<msg time="2024-07-03T03:16:44.912796" level="INFO">GET Request : url=https://randomuser.me/api 
 path_url=/api 
 headers={'User-Agent': 'python-requests/2.32.3', 'Accept-Encoding': 'gzip, deflate', 'Accept': '*/*', 'Connection': 'keep-alive'} 
 body=None 
 </msg>
<msg time="2024-07-03T03:16:44.912913" level="INFO">GET Response : url=https://randomuser.me/api 
 status=200, reason=OK 
 headers={'Date': 'Wed, 03 Jul 2024 03:16:44 GMT', 'Content-Type': 'application/json; charset=utf-8', 'Transfer-Encoding': 'chunked', 'Connection': 'keep-alive', 'X-Powered-By': 'Express', 'Access-Control-Allow-Origin': '*', 'Cache-Control': 'no-cache', 'ETag': 'W/"494-I/l6sfgNFMzDpi3VSFaisQpJSnA"', 'Vary': 'Accept-Encoding', 'Content-Encoding': 'gzip', 'CF-Cache-Status': 'DYNAMIC', 'Report-To': '{"endpoints":[{"url":"https:\\/\\/a.nel.cloudflare.com\\/report\\/v4?s=zb2KppPqEJm8%2BzJOqL6vpGme6VziZtWsf%2F4dGzlotVIla3DL8c%2F2h2Dm7uPA3Ud3c9oxH4fFqI3qt1IyQkdFeOUW6LaxLO%2BURrSfm76zIqMgDMxyJXPHjPQzy66nu8I4"}],"group":"cf-nel","max_age":604800}', 'NEL': '{"success_fraction":0,"report_to":"cf-nel","max_age":604800}', 'Server': 'cloudflare', 'CF-RAY': '89d3b7f43eb761be-ORD', 'alt-svc': 'h3=":443"; ma=86400'} 
 body={"results":[{"gender":"female","name":{"title":"Ms","first":"Rosa","last":"Espinoza"},"location":{"street":{"number":8339,"name":"Periférico Bahrein"},"city":"Comitán de Domínguez","state":"Oaxaca","country":"Mexico","postcode":21646,"coordinates":{"latitude":"28.3829","longitude":"83.2814"},"timezone":{"offset":"-2:00","description":"Mid-Atlantic"}},"email":"rosa.espinoza@example.com","login":{"uuid":"d5b6dc39-297b-4074-900e-69bae4273375","username":"tinykoala652","password":"57chevy","salt":"JDRaCsgc","md5":"a10dee9f0f1a6d234e5540dcf34fbcd9","sha1":"b5cf09887092548a29e9d19566af6d95ca51b286","sha256":"8477173147916ccb5c5c901d436b85935243206006f6b024ba6526d90122b0d3"},"dob":{"date":"1986-11-20T06:08:58.114Z","age":37},"registered":{"date":"2015-07-26T19:13:07.549Z","age":8},"phone":"(631) 421 4394","cell":"(652) 758 1071","id":{"name":"NSS","value":"81 62 71 9915 5"},"picture":{"large":"https://randomuser.me/api/portraits/women/87.jpg","medium":"https://randomuser.me/api/portraits/med/women/87.jpg","thumbnail":"https://randomuser.me/api/portraits/thumb/women/87.jpg"},"nat":"MX"}],"info":{"seed":"a5b13df9f32bcd6b","results":1,"page":1,"version":"1.4"}} 
 </msg>
<msg time="2024-07-03T03:16:44.913006" level="INFO">/opt/hostedtoolcache/Python/3.12.4/x64/lib/python3.12/site-packages/urllib3/connectionpool.py:1099: InsecureRequestWarning: Unverified HTTPS request is being made to host 'randomuser.me'. Adding certificate verification is strongly advised. See: https://urllib3.readthedocs.io/en/latest/advanced-usage.html#tls-warnings
  warnings.warn(</msg>
<msg time="2024-07-03T03:16:44.913134" level="INFO">${response} = &lt;Response [200]&gt;</msg>
<var>${response}</var>
<arg>consultarAPI</arg>
<arg>/api</arg>
<doc>Sends a GET request on a previously created HTTP Session.</doc>
<status status="PASS" start="2024-07-03T03:16:44.830407" elapsed="0.082768"/>
</kw>
<kw name="Set Variable" owner="BuiltIn">
<msg time="2024-07-03T03:16:44.914421" level="INFO">${json_data} = {'results': [{'gender': 'female', 'name': {'title': 'Ms', 'first': 'Rosa', 'last': 'Espinoza'}, 'location': {'street': {'number': 8339, 'name': 'Periférico Bahrein'}, 'city': 'Comitán de Domínguez', '...</msg>
<var>${json_data}</var>
<arg>${response.json()}</arg>
<doc>Returns the given values which can then be assigned to a variables.</doc>
<status status="PASS" start="2024-07-03T03:16:44.913839" elapsed="0.000610"/>
</kw>
<kw name="Log" owner="BuiltIn">
<msg time="2024-07-03T03:16:44.914932" level="INFO">{'results': [{'gender': 'female', 'name': {'title': 'Ms', 'first': 'Rosa', 'last': 'Espinoza'}, 'location': {'street': {'number': 8339, 'name': 'Periférico Bahrein'}, 'city': 'Comitán de Domínguez', 'state': 'Oaxaca', 'country': 'Mexico', 'postcode': 21646, 'coordinates': {'latitude': '28.3829', 'longitude': '83.2814'}, 'timezone': {'offset': '-2:00', 'description': 'Mid-Atlantic'}}, 'email': 'rosa.espinoza@example.com', 'login': {'uuid': 'd5b6dc39-297b-4074-900e-69bae4273375', 'username': 'tinykoala652', 'password': '57chevy', 'salt': 'JDRaCsgc', 'md5': 'a10dee9f0f1a6d234e5540dcf34fbcd9', 'sha1': 'b5cf09887092548a29e9d19566af6d95ca51b286', 'sha256': '8477173147916ccb5c5c901d436b85935243206006f6b024ba6526d90122b0d3'}, 'dob': {'date': '1986-11-20T06:08:58.114Z', 'age': 37}, 'registered': {'date': '2015-07-26T19:13:07.549Z', 'age': 8}, 'phone': '(631) 421 4394', 'cell': '(652) 758 1071', 'id': {'name': 'NSS', 'value': '81 62 71 9915 5'}, 'picture': {'large': 'https://randomuser.me/api/portraits/women/87.jpg', 'medium': 'https://randomuser.me/api/portraits/med/women/87.jpg', 'thumbnail': 'https://randomuser.me/api/portraits/thumb/women/87.jpg'}, 'nat': 'MX'}], 'info': {'seed': 'a5b13df9f32bcd6b', 'results': 1, 'page': 1, 'version': '1.4'}}</msg>
<arg>${json_data}</arg>
<doc>Logs the given message with the given level.</doc>
<status status="PASS" start="2024-07-03T03:16:44.914771" elapsed="0.000211"/>
</kw>
<kw name="Should Be String" owner="String">
<arg>${json_data['results'][0]['gender']}</arg>
<doc>Fails if the given ``item`` is not a string.</doc>
<status status="PASS" start="2024-07-03T03:16:44.915287" elapsed="0.000478"/>
</kw>
<kw name="Should Match Regexp" owner="BuiltIn">
<arg>${json_data['results'][0]['email']}</arg>
<arg>^[a-zA-Z0-9._%+-]+@[a-zA-Z0-9.-]+\.[a-zA-Z]{2,}$</arg>
<doc>Fails if ``string`` does not match ``pattern`` as a regular expression.</doc>
<status status="PASS" start="2024-07-03T03:16:44.916003" elapsed="0.001018"/>
</kw>
<kw name="Should Match Regexp" owner="BuiltIn">
<arg>${json_data['results'][0]['dob']['date']}</arg>
<arg>\\d{4}-\\d{2}-\\d{2}T\\d{2}:\\d{2}:\\d{2}\\.\\d{3}Z</arg>
<doc>Fails if ``string`` does not match ``pattern`` as a regular expression.</doc>
<status status="PASS" start="2024-07-03T03:16:44.917333" elapsed="0.000630"/>
</kw>
<kw name="Should Match Regexp" owner="BuiltIn">
<arg>${json_data['results'][0]['registered']['date']}</arg>
<arg>\\d{4}-\\d{2}-\\d{2}T\\d{2}:\\d{2}:\\d{2}\\.\\d{3}Z</arg>
<doc>Fails if ``string`` does not match ``pattern`` as a regular expression.</doc>
<status status="PASS" start="2024-07-03T03:16:44.918153" elapsed="0.000367"/>
</kw>
<kw name="Should Match Regexp" owner="BuiltIn">
<arg>${json_data['results'][0]['picture']['large']}</arg>
<arg>^https?://.*\.(?:png|jpe?g|gif|bmp)$</arg>
<doc>Fails if ``string`` does not match ``pattern`` as a regular expression.</doc>
<status status="PASS" start="2024-07-03T03:16:44.918705" elapsed="0.000508"/>
</kw>
<kw name="Should Match Regexp" owner="BuiltIn">
<arg>${json_data['results'][0]['picture']['medium']}</arg>
<arg>^https?://.*\.(?:png|jpe?g|gif|bmp)$</arg>
<doc>Fails if ``string`` does not match ``pattern`` as a regular expression.</doc>
<status status="PASS" start="2024-07-03T03:16:44.919400" elapsed="0.000350"/>
</kw>
<kw name="Should Match Regexp" owner="BuiltIn">
<arg>${json_data['results'][0]['picture']['thumbnail']}</arg>
<arg>^https?://.*\.(?:png|jpe?g|gif|bmp)$</arg>
<doc>Fails if ``string`` does not match ``pattern`` as a regular expression.</doc>
<status status="PASS" start="2024-07-03T03:16:44.919934" elapsed="0.000351"/>
</kw>
<kw name="Log" owner="BuiltIn">
<msg time="2024-07-03T03:16:44.920841" level="INFO">{'large': 'https://randomuser.me/api/portraits/women/87.jpg', 'medium': 'https://randomuser.me/api/portraits/med/women/87.jpg', 'thumbnail': 'https://randomuser.me/api/portraits/thumb/women/87.jpg'}</msg>
<arg>${json_data['results'][0]['picture']}</arg>
<doc>Logs the given message with the given level.</doc>
<status status="PASS" start="2024-07-03T03:16:44.920502" elapsed="0.000382"/>
</kw>
<status status="PASS" start="2024-07-03T03:16:44.830174" elapsed="0.090989"/>
</kw>
<kw name="Teste de Tipos de Dados - Postcode" owner="random-user-service">
<kw name="GET On Session" owner="RequestsLibrary">
<msg time="2024-07-03T03:16:45.023329" level="INFO">GET Request : url=https://randomuser.me/api 
 path_url=/api 
 headers={'User-Agent': 'python-requests/2.32.3', 'Accept-Encoding': 'gzip, deflate', 'Accept': '*/*', 'Connection': 'keep-alive'} 
 body=None 
 </msg>
<msg time="2024-07-03T03:16:45.023459" level="INFO">GET Response : url=https://randomuser.me/api 
 status=200, reason=OK 
 headers={'Date': 'Wed, 03 Jul 2024 03:16:45 GMT', 'Content-Type': 'application/json; charset=utf-8', 'Transfer-Encoding': 'chunked', 'Connection': 'keep-alive', 'X-Powered-By': 'Express', 'Access-Control-Allow-Origin': '*', 'Cache-Control': 'no-cache', 'ETag': 'W/"483-Bl1eyyTSW8fVG04Q0StPfUuRCeA"', 'Vary': 'Accept-Encoding', 'Content-Encoding': 'gzip', 'CF-Cache-Status': 'DYNAMIC', 'Report-To': '{"endpoints":[{"url":"https:\\/\\/a.nel.cloudflare.com\\/report\\/v4?s=1Ca4mlWz1DKPeN1EcozgqPq2z8L5KZjyLXiHdWEDJbdWgEFbJ4Fy2J1U4wFaIMr%2BBclo02qC2X9BNzXoi7K7s4WjVA9hcbnJjCLpgGwX17pZhSrXtKJ72L1ubFv3qcgj"}],"group":"cf-nel","max_age":604800}', 'NEL': '{"success_fraction":0,"report_to":"cf-nel","max_age":604800}', 'Server': 'cloudflare', 'CF-RAY': '89d3b7f4cf4a61be-ORD', 'alt-svc': 'h3=":443"; ma=86400'} 
 body={"results":[{"gender":"female","name":{"title":"Ms","first":"Medorada","last":"Chehovich"},"location":{"street":{"number":8517,"name":"Oleni Kulchickoyi"},"city":"Pochayiv","state":"Cherkaska","country":"Ukraine","postcode":10916,"coordinates":{"latitude":"76.7970","longitude":"7.6178"},"timezone":{"offset":"-3:30","description":"Newfoundland"}},"email":"medorada.chehovich@example.com","login":{"uuid":"8ec4d7bf-0b1e-4a1d-bea7-5da487f0d3ec","username":"heavyfrog882","password":"patrick1","salt":"Se3PgZp6","md5":"e1a0b64e69ac2c6a3c04535a58c25fad","sha1":"bfc866b463be151198fa3382b54ea5ee0eb4b298","sha256":"19687acaa413df5f2d0b7bcd1199884e6009161ff77fef45bb25ac5d76f621f8"},"dob":{"date":"1981-07-24T00:45:46.205Z","age":42},"registered":{"date":"2007-05-12T09:58:59.859Z","age":17},"phone":"(096) Z08-2978","cell":"(067) B97-6437","id":{"name":"","value":null},"picture":{"large":"https://randomuser.me/api/portraits/women/51.jpg","medium":"https://randomuser.me/api/portraits/med/women/51.jpg","thumbnail":"https://randomuser.me/api/portraits/thumb/women/51.jpg"},"nat":"UA"}],"info":{"seed":"502e65ff361f26c8","results":1,"page":1,"version":"1.4"}} 
 </msg>
<msg time="2024-07-03T03:16:45.023552" level="INFO">/opt/hostedtoolcache/Python/3.12.4/x64/lib/python3.12/site-packages/urllib3/connectionpool.py:1099: InsecureRequestWarning: Unverified HTTPS request is being made to host 'randomuser.me'. Adding certificate verification is strongly advised. See: https://urllib3.readthedocs.io/en/latest/advanced-usage.html#tls-warnings
  warnings.warn(</msg>
<msg time="2024-07-03T03:16:45.023705" level="INFO">${response} = &lt;Response [200]&gt;</msg>
<var>${response}</var>
<arg>consultarAPI</arg>
<arg>/api</arg>
<doc>Sends a GET request on a previously created HTTP Session.</doc>
<status status="PASS" start="2024-07-03T03:16:44.921636" elapsed="0.102120"/>
</kw>
<kw name="Set Variable" owner="BuiltIn">
<msg time="2024-07-03T03:16:45.025150" level="INFO">${json_data} = {'results': [{'gender': 'female', 'name': {'title': 'Ms', 'first': 'Medorada', 'last': 'Chehovich'}, 'location': {'street': {'number': 8517, 'name': 'Oleni Kulchickoyi'}, 'city': 'Pochayiv', 'state': ...</msg>
<var>${json_data}</var>
<arg>${response.json()}</arg>
<doc>Returns the given values which can then be assigned to a variables.</doc>
<status status="PASS" start="2024-07-03T03:16:45.024470" elapsed="0.000708"/>
</kw>
<kw name="Log" owner="BuiltIn">
<msg time="2024-07-03T03:16:45.025817" level="INFO">{'results': [{'gender': 'female', 'name': {'title': 'Ms', 'first': 'Medorada', 'last': 'Chehovich'}, 'location': {'street': {'number': 8517, 'name': 'Oleni Kulchickoyi'}, 'city': 'Pochayiv', 'state': 'Cherkaska', 'country': 'Ukraine', 'postcode': 10916, 'coordinates': {'latitude': '76.7970', 'longitude': '7.6178'}, 'timezone': {'offset': '-3:30', 'description': 'Newfoundland'}}, 'email': 'medorada.chehovich@example.com', 'login': {'uuid': '8ec4d7bf-0b1e-4a1d-bea7-5da487f0d3ec', 'username': 'heavyfrog882', 'password': 'patrick1', 'salt': 'Se3PgZp6', 'md5': 'e1a0b64e69ac2c6a3c04535a58c25fad', 'sha1': 'bfc866b463be151198fa3382b54ea5ee0eb4b298', 'sha256': '19687acaa413df5f2d0b7bcd1199884e6009161ff77fef45bb25ac5d76f621f8'}, 'dob': {'date': '1981-07-24T00:45:46.205Z', 'age': 42}, 'registered': {'date': '2007-05-12T09:58:59.859Z', 'age': 17}, 'phone': '(096) Z08-2978', 'cell': '(067) B97-6437', 'id': {'name': '', 'value': None}, 'picture': {'large': 'https://randomuser.me/api/portraits/women/51.jpg', 'medium': 'https://randomuser.me/api/portraits/med/women/51.jpg', 'thumbnail': 'https://randomuser.me/api/portraits/thumb/women/51.jpg'}, 'nat': 'UA'}], 'info': {'seed': '502e65ff361f26c8', 'results': 1, 'page': 1, 'version': '1.4'}}</msg>
<arg>${json_data}</arg>
<doc>Logs the given message with the given level.</doc>
<status status="PASS" start="2024-07-03T03:16:45.025624" elapsed="0.000242"/>
</kw>
<kw name="Should Be Equal As Numbers" owner="BuiltIn">
<arg>${json_data['results'][0]['location']['postcode']}</arg>
<arg>${json_data['results'][0]['location']['postcode']}</arg>
<doc>Fails if objects are unequal after converting them to real numbers.</doc>
<status status="PASS" start="2024-07-03T03:16:45.026242" elapsed="0.000767"/>
</kw>
<kw name="Log" owner="BuiltIn">
<msg time="2024-07-03T03:16:45.027664" level="INFO">10916</msg>
<arg>${json_data['results'][0]['location']['postcode']}</arg>
<doc>Logs the given message with the given level.</doc>
<status status="PASS" start="2024-07-03T03:16:45.027236" elapsed="0.000480"/>
</kw>
<status status="PASS" start="2024-07-03T03:16:44.921401" elapsed="0.106739"/>
</kw>
<doc>Testa se os tipos de dados na resposta da API estão corretos.</doc>
<tag>testeTiposDados</tag>
<status status="PASS" start="2024-07-03T03:16:44.829542" elapsed="0.198813"/>
</test>
<test id="s1-s1-t5" name="Validar conteudo" line="35">
<kw name="Teste de Tipos de Conteudo" owner="random-user-service">
<kw name="GET On Session" owner="RequestsLibrary">
<msg time="2024-07-03T03:16:45.112411" level="INFO">GET Request : url=https://randomuser.me/api 
 path_url=/api 
 headers={'User-Agent': 'python-requests/2.32.3', 'Accept-Encoding': 'gzip, deflate', 'Accept': '*/*', 'Connection': 'keep-alive'} 
 body=None 
 </msg>
<msg time="2024-07-03T03:16:45.112526" level="INFO">GET Response : url=https://randomuser.me/api 
 status=200, reason=OK 
 headers={'Date': 'Wed, 03 Jul 2024 03:16:45 GMT', 'Content-Type': 'application/json; charset=utf-8', 'Transfer-Encoding': 'chunked', 'Connection': 'keep-alive', 'X-Powered-By': 'Express', 'Access-Control-Allow-Origin': '*', 'Cache-Control': 'no-cache', 'ETag': 'W/"46f-N1LpO5sByCcfFBZMDIjwKE96CC4"', 'Vary': 'Accept-Encoding', 'Content-Encoding': 'gzip', 'CF-Cache-Status': 'DYNAMIC', 'Report-To': '{"endpoints":[{"url":"https:\\/\\/a.nel.cloudflare.com\\/report\\/v4?s=P%2F7hfLNWn8z0l89H9TZJVsrPyFNHjFiKVB4qBu%2BCMZ9RVsczPcm6dp98BH56bvsxOwGGQJTJmr%2BXXR%2FDvJ0JT1lGky0NqDF40eIg5uhqY97fbzgEVO1dDnLRov%2FffpDO"}],"group":"cf-nel","max_age":604800}', 'NEL': '{"success_fraction":0,"report_to":"cf-nel","max_age":604800}', 'Server': 'cloudflare', 'CF-RAY': '89d3b7f57fe061be-ORD', 'alt-svc': 'h3=":443"; ma=86400'} 
 body={"results":[{"gender":"male","name":{"title":"Mr","first":"Jakob","last":"Taksdal"},"location":{"street":{"number":701,"name":"Hellerudfaret"},"city":"Opphaug","state":"Hordaland","country":"Norway","postcode":"3169","coordinates":{"latitude":"45.6718","longitude":"-145.4156"},"timezone":{"offset":"-2:00","description":"Mid-Atlantic"}},"email":"jakob.taksdal@example.com","login":{"uuid":"6d61595f-bd24-41f6-bf99-009af3b9b04d","username":"organicmouse120","password":"whatever","salt":"UYkrg8y8","md5":"c72d5c0e8e0fbc015bbcca754b101c74","sha1":"531c1901573e8b2ed6b6b303b4573315e94d9bc6","sha256":"9fc9ec52775728c7777d677ec16963b4c8b9f885e98c4825cd527e7542ee707a"},"dob":{"date":"1947-08-12T00:42:22.943Z","age":76},"registered":{"date":"2014-10-07T05:45:48.911Z","age":9},"phone":"81767028","cell":"93727482","id":{"name":"FN","value":"12084708567"},"picture":{"large":"https://randomuser.me/api/portraits/men/66.jpg","medium":"https://randomuser.me/api/portraits/med/men/66.jpg","thumbnail":"https://randomuser.me/api/portraits/thumb/men/66.jpg"},"nat":"NO"}],"info":{"seed":"f0533672934b163c","results":1,"page":1,"version":"1.4"}} 
 </msg>
<msg time="2024-07-03T03:16:45.112622" level="INFO">/opt/hostedtoolcache/Python/3.12.4/x64/lib/python3.12/site-packages/urllib3/connectionpool.py:1099: InsecureRequestWarning: Unverified HTTPS request is being made to host 'randomuser.me'. Adding certificate verification is strongly advised. See: https://urllib3.readthedocs.io/en/latest/advanced-usage.html#tls-warnings
  warnings.warn(</msg>
<msg time="2024-07-03T03:16:45.112758" level="INFO">${response} = &lt;Response [200]&gt;</msg>
<var>${response}</var>
<arg>consultarAPI</arg>
<arg>/api</arg>
<doc>Sends a GET request on a previously created HTTP Session.</doc>
<status status="PASS" start="2024-07-03T03:16:45.031752" elapsed="0.081047"/>
</kw>
<kw name="Set Variable" owner="BuiltIn">
<msg time="2024-07-03T03:16:45.113869" level="INFO">${json_data} = {'results': [{'gender': 'male', 'name': {'title': 'Mr', 'first': 'Jakob', 'last': 'Taksdal'}, 'location': {'street': {'number': 701, 'name': 'Hellerudfaret'}, 'city': 'Opphaug', 'state': 'Hordaland', ...</msg>
<var>${json_data}</var>
<arg>${response.json()}</arg>
<doc>Returns the given values which can then be assigned to a variables.</doc>
<status status="PASS" start="2024-07-03T03:16:45.113354" elapsed="0.000544"/>
</kw>
<kw name="Set Variable" owner="BuiltIn">
<msg time="2024-07-03T03:16:45.114593" level="INFO">${name_title} = Mr</msg>
<var>${name_title}</var>
<arg>${json_data["results"][0]["name"]["title"]}</arg>
<doc>Returns the given values which can then be assigned to a variables.</doc>
<status status="PASS" start="2024-07-03T03:16:45.114209" elapsed="0.000410"/>
</kw>
<kw name="Create List" owner="BuiltIn">
<msg time="2024-07-03T03:16:45.115071" level="INFO">${allowed_titles} = ['Mr', 'Ms', 'Miss', 'Mrs', 'Madame', 'Monsieur']</msg>
<var>${allowed_titles}</var>
<arg>Mr</arg>
<arg>Ms</arg>
<arg>Miss</arg>
<arg>Mrs</arg>
<arg>Madame</arg>
<arg>Monsieur</arg>
<doc>Returns a list containing given items.</doc>
<status status="PASS" start="2024-07-03T03:16:45.114921" elapsed="0.000175"/>
</kw>
<kw name="List Should Contain Value" owner="Collections">
<arg>${allowed_titles}</arg>
<arg>${name_title}</arg>
<doc>Fails if the ``value`` is not found from ``list``.</doc>
<status status="PASS" start="2024-07-03T03:16:45.115402" elapsed="0.000181"/>
</kw>
<kw name="Set Variable" owner="BuiltIn">
<msg time="2024-07-03T03:16:45.116132" level="INFO">${name_country} = NO</msg>
<var>${name_country}</var>
<arg>${json_data["results"][0]["nat"]}</arg>
<doc>Returns the given values which can then be assigned to a variables.</doc>
<status status="PASS" start="2024-07-03T03:16:45.115764" elapsed="0.000393"/>
</kw>
<kw name="Create List" owner="BuiltIn">
<msg time="2024-07-03T03:16:45.117105" level="INFO">${list_country} = ['AD', 'AE', 'AF', 'AG', 'AI', 'AL', 'AM', 'AO', 'AQ', 'AR', 'AS', 'AT', 'AU', 'AW', 'AX', 'AZ', 'BA', 'BB', 'BD', 'BE', 'BF', 'BG', 'BH', 'BI', 'BJ', 'BL', 'BM', 'BN', 'BO', 'BQ', 'BR', 'BS', 'BT', '...</msg>
<var>${list_country}</var>
<arg>AD</arg>
<arg>AE</arg>
<arg>AF</arg>
<arg>AG</arg>
<arg>AI</arg>
<arg>AL</arg>
<arg>AM</arg>
<arg>AO</arg>
<arg>AQ</arg>
<arg>AR</arg>
<arg>AS</arg>
<arg>AT</arg>
<arg>AU</arg>
<arg>AW</arg>
<arg>AX</arg>
<arg>AZ</arg>
<arg>BA</arg>
<arg>BB</arg>
<arg>BD</arg>
<arg>BE</arg>
<arg>BF</arg>
<arg>BG</arg>
<arg>BH</arg>
<arg>BI</arg>
<arg>BJ</arg>
<arg>BL</arg>
<arg>BM</arg>
<arg>BN</arg>
<arg>BO</arg>
<arg>BQ</arg>
<arg>BR</arg>
<arg>BS</arg>
<arg>BT</arg>
<arg>BV</arg>
<arg>BW</arg>
<arg>BY</arg>
<arg>BZ</arg>
<arg>CA</arg>
<arg>CC</arg>
<arg>CD</arg>
<arg>CF</arg>
<arg>CG</arg>
<arg>CH</arg>
<arg>CI</arg>
<arg>CK</arg>
<arg>CL</arg>
<arg>CM</arg>
<arg>CN</arg>
<arg>CO</arg>
<arg>CR</arg>
<arg>CU</arg>
<arg>CV</arg>
<arg>CW</arg>
<arg>CX</arg>
<arg>CY</arg>
<arg>CZ</arg>
<arg>DE</arg>
<arg>DJ</arg>
<arg>DK</arg>
<arg>DM</arg>
<arg>DO</arg>
<arg>DZ</arg>
<arg>EC</arg>
<arg>EE</arg>
<arg>EG</arg>
<arg>EH</arg>
<arg>ER</arg>
<arg>ES</arg>
<arg>ET</arg>
<arg>FI</arg>
<arg>FJ</arg>
<arg>FK</arg>
<arg>FM</arg>
<arg>FO</arg>
<arg>FR</arg>
<arg>GA</arg>
<arg>GB</arg>
<arg>GD</arg>
<arg>GE</arg>
<arg>GF</arg>
<arg>GG</arg>
<arg>GH</arg>
<arg>GI</arg>
<arg>GL</arg>
<arg>GM</arg>
<arg>GN</arg>
<arg>GP</arg>
<arg>GQ</arg>
<arg>GR</arg>
<arg>GS</arg>
<arg>GT</arg>
<arg>GU</arg>
<arg>GW</arg>
<arg>GY</arg>
<arg>HK</arg>
<arg>HM</arg>
<arg>HN</arg>
<arg>HR</arg>
<arg>HT</arg>
<arg>HU</arg>
<arg>ID</arg>
<arg>IE</arg>
<arg>IL</arg>
<arg>IM</arg>
<arg>IN</arg>
<arg>IO</arg>
<arg>IQ</arg>
<arg>IR</arg>
<arg>IS</arg>
<arg>IT</arg>
<arg>JE</arg>
<arg>JM</arg>
<arg>JO</arg>
<arg>JP</arg>
<arg>KE</arg>
<arg>KG</arg>
<arg>KH</arg>
<arg>KI</arg>
<arg>KM</arg>
<arg>KN</arg>
<arg>KP</arg>
<arg>KR</arg>
<arg>KW</arg>
<arg>KY</arg>
<arg>KZ</arg>
<arg>LA</arg>
<arg>LB</arg>
<arg>LC</arg>
<arg>LI</arg>
<arg>LK</arg>
<arg>LR</arg>
<arg>LS</arg>
<arg>LT</arg>
<arg>LU</arg>
<arg>LV</arg>
<arg>LY</arg>
<arg>MA</arg>
<arg>MC</arg>
<arg>MD</arg>
<arg>ME</arg>
<arg>MF</arg>
<arg>MG</arg>
<arg>MH</arg>
<arg>MK</arg>
<arg>ML</arg>
<arg>MM</arg>
<arg>MN</arg>
<arg>MO</arg>
<arg>MP</arg>
<arg>MQ</arg>
<arg>MR</arg>
<arg>MS</arg>
<arg>MT</arg>
<arg>MU</arg>
<arg>MV</arg>
<arg>MW</arg>
<arg>MX</arg>
<arg>MY</arg>
<arg>MZ</arg>
<arg>NA</arg>
<arg>NC</arg>
<arg>NE</arg>
<arg>NF</arg>
<arg>NG</arg>
<arg>NI</arg>
<arg>NL</arg>
<arg>NO</arg>
<arg>NP</arg>
<arg>NR</arg>
<arg>NU</arg>
<arg>NZ</arg>
<arg>OM</arg>
<arg>PA</arg>
<arg>PE</arg>
<arg>PF</arg>
<arg>PG</arg>
<arg>PH</arg>
<arg>PK</arg>
<arg>PL</arg>
<arg>PM</arg>
<arg>PN</arg>
<arg>PR</arg>
<arg>PS</arg>
<arg>PT</arg>
<arg>PW</arg>
<arg>PY</arg>
<arg>QA</arg>
<arg>RE</arg>
<arg>RO</arg>
<arg>RS</arg>
<arg>RU</arg>
<arg>RW</arg>
<arg>SA</arg>
<arg>SB</arg>
<arg>SC</arg>
<arg>SD</arg>
<arg>SE</arg>
<arg>SG</arg>
<arg>SH</arg>
<arg>SI</arg>
<arg>SJ</arg>
<arg>SK</arg>
<arg>SL</arg>
<arg>SM</arg>
<arg>SN</arg>
<arg>SO</arg>
<arg>SR</arg>
<arg>SS</arg>
<arg>ST</arg>
<arg>SV</arg>
<arg>SX</arg>
<arg>SY</arg>
<arg>SZ</arg>
<arg>TC</arg>
<arg>TD</arg>
<arg>TF</arg>
<arg>TG</arg>
<arg>TH</arg>
<arg>TJ</arg>
<arg>TK</arg>
<arg>TL</arg>
<arg>TM</arg>
<arg>TN</arg>
<arg>TO</arg>
<arg>TR</arg>
<arg>TT</arg>
<arg>TV</arg>
<arg>TW</arg>
<arg>TZ</arg>
<arg>UA</arg>
<arg>UG</arg>
<arg>UM</arg>
<arg>US</arg>
<arg>UY</arg>
<arg>UZ</arg>
<arg>VA</arg>
<arg>VC</arg>
<arg>VE</arg>
<arg>VG</arg>
<arg>VI</arg>
<arg>VN</arg>
<arg>VU</arg>
<arg>WF</arg>
<arg>WS</arg>
<arg>XK</arg>
<arg>YE</arg>
<arg>YT</arg>
<arg>ZA</arg>
<arg>ZM</arg>
<arg>ZW</arg>
<doc>Returns a list containing given items.</doc>
<status status="PASS" start="2024-07-03T03:16:45.116486" elapsed="0.000645"/>
</kw>
<kw name="List Should Contain Value" owner="Collections">
<arg>${list_country}</arg>
<arg>${name_country}</arg>
<doc>Fails if the ``value`` is not found from ``list``.</doc>
<status status="PASS" start="2024-07-03T03:16:45.117937" elapsed="0.000207"/>
</kw>
<kw name="Run Keyword If" owner="BuiltIn">
<kw name="Should Be True" owner="BuiltIn">
<arg>${True}</arg>
<doc>Fails if the given condition is not true.</doc>
<status status="PASS" start="2024-07-03T03:16:45.119094" elapsed="0.000145"/>
</kw>
<arg>${json_data["results"][0]["location"]["coordinates"]["latitude"]} &gt;= -90 and ${json_data["results"][0]["location"]["coordinates"]["latitude"]} &lt;= 90</arg>
<arg>Should Be True</arg>
<arg>${True}</arg>
<doc>Runs the given keyword with the given arguments, if ``condition`` is true.</doc>
<status status="PASS" start="2024-07-03T03:16:45.118346" elapsed="0.001019"/>
</kw>
<kw name="Run Keyword If" owner="BuiltIn">
<kw name="Should Be True" owner="BuiltIn">
<arg>${True}</arg>
<doc>Fails if the given condition is not true.</doc>
<status status="PASS" start="2024-07-03T03:16:45.120247" elapsed="0.000167"/>
</kw>
<arg>${json_data["results"][0]["location"]["coordinates"]["longitude"]} &gt;= -180 and ${json_data["results"][0]["location"]["coordinates"]["longitude"]} &lt;= 180</arg>
<arg>Should Be True</arg>
<arg>${True}</arg>
<doc>Runs the given keyword with the given arguments, if ``condition`` is true.</doc>
<status status="PASS" start="2024-07-03T03:16:45.119545" elapsed="0.000999"/>
</kw>
<status status="PASS" start="2024-07-03T03:16:45.031176" elapsed="0.089504"/>
</kw>
<doc>Testa o conteúdo específico dos campos retornados pela API.</doc>
<tag>testeConteudo</tag>
<status status="PASS" start="2024-07-03T03:16:45.030538" elapsed="0.090304"/>
</test>
<status status="PASS" start="2024-07-03T03:16:44.193341" elapsed="0.929543"/>
</suite>
<status status="PASS" start="2024-07-03T03:16:44.178456" elapsed="0.949680"/>
</suite>
<statistics>
<total>
<stat pass="5" fail="0" skip="0">All Tests</stat>
</total>
<tag>
<stat pass="1" fail="0" skip="0">testeConteudo</stat>
<stat pass="1" fail="0" skip="0">testeEstruturaResposta</stat>
<stat pass="1" fail="0" skip="0">testeRequisicaoBasica</stat>
<stat pass="1" fail="0" skip="0">testeTiposDados</stat>
</tag>
<suite>
<stat pass="5" fail="0" skip="0" id="s1" name="Tests">Tests</stat>
<stat pass="5" fail="0" skip="0" id="s1-s1" name="Random-User-Test">Tests.Random-User-Test</stat>
</suite>
</statistics>
<errors>
</errors>
</robot>
