<?xml version="1.0" encoding="UTF-8"?>
<robot generator="Robot 7.0.1 (Python 3.12.4 on linux)" generated="2024-06-30T03:17:51.764133" rpa="false" schemaversion="5">
<suite id="s1" name="Tests" source="/home/runner/work/ApiRandomUser/ApiRandomUser/RamdonUser/tests">
<suite id="s1-s1" name="Random-User-Test" source="/home/runner/work/ApiRandomUser/ApiRandomUser/RamdonUser/tests/random-user-test.robot">
<test id="s1-s1-t1" name="Conectar" line="13">
<kw name="Conectar API" owner="random-user-service">
<kw name="Create Session" owner="RequestsLibrary">
<msg time="2024-06-30T03:17:52.165594" level="INFO">Creating Session using : alias=consultarAPI, url=https://randomuser.me/, headers={},                     cookies={}, auth=None, timeout=None, proxies=None, verify=False,                     debug=0 </msg>
<arg>consultarAPI</arg>
<arg>${URL}</arg>
<doc>Create Session: create a HTTP session to a server</doc>
<status status="PASS" start="2024-06-30T03:17:52.165379" elapsed="0.000401"/>
</kw>
<status status="PASS" start="2024-06-30T03:17:52.164352" elapsed="0.001810"/>
</kw>
<status status="PASS" start="2024-06-30T03:17:52.163729" elapsed="0.002626"/>
</test>
<test id="s1-s1-t2" name="Validar retorno 200 e JSON Válido" line="16">
<kw name="Teste de Requisicao Basica" owner="random-user-service">
<kw name="GET On Session" owner="RequestsLibrary">
<msg time="2024-06-30T03:17:52.436935" level="INFO">GET Request : url=https://randomuser.me/api 
 path_url=/api 
 headers={'User-Agent': 'python-requests/2.32.3', 'Accept-Encoding': 'gzip, deflate', 'Accept': '*/*', 'Connection': 'keep-alive'} 
 body=None 
 </msg>
<msg time="2024-06-30T03:17:52.437138" level="INFO">GET Response : url=https://randomuser.me/api 
 status=200, reason=OK 
 headers={'Date': 'Sun, 30 Jun 2024 03:17:52 GMT', 'Content-Type': 'application/json; charset=utf-8', 'Transfer-Encoding': 'chunked', 'Connection': 'keep-alive', 'X-Powered-By': 'Express', 'Access-Control-Allow-Origin': '*', 'Cache-Control': 'no-cache', 'ETag': 'W/"47a-PybMF+GjyjJDnfwWvOcmYYeilNw"', 'Vary': 'Accept-Encoding', 'Content-Encoding': 'gzip', 'CF-Cache-Status': 'DYNAMIC', 'Report-To': '{"endpoints":[{"url":"https:\\/\\/a.nel.cloudflare.com\\/report\\/v4?s=18qqb4RE8RPgucNQNjcz83iEtrmbx4TW6vrqNMggjyqGCa1UO4Zsbuf7q%2BddvP7bzESM40XPeWTHKyz0CGGwSRhwDX082okFi86hE%2FdJRhMq9ov%2BAPjZnQRgzDYzhbn5"}],"group":"cf-nel","max_age":604800}', 'NEL': '{"success_fraction":0,"report_to":"cf-nel","max_age":604800}', 'Server': 'cloudflare', 'CF-RAY': '89bb017a58228256-IAD', 'alt-svc': 'h3=":443"; ma=86400'} 
 body={"results":[{"gender":"female","name":{"title":"Mrs","first":"Tilde","last":"Petersen"},"location":{"street":{"number":9441,"name":"Smedevænget"},"city":"Brondby","state":"Danmark","country":"Denmark","postcode":68211,"coordinates":{"latitude":"-42.7223","longitude":"167.8788"},"timezone":{"offset":"+9:30","description":"Adelaide, Darwin"}},"email":"tilde.petersen@example.com","login":{"uuid":"fc8efc20-a3a1-44a4-a1a7-a5129c331d19","username":"heavymouse425","password":"orchid","salt":"pPfsNqje","md5":"9d898b23cc7fc5a3c2505c0dbc068537","sha1":"f61fe3b5c22cf2611fdfcd0d8d6d25cab0f25424","sha256":"f044ff56c7e96186b599813f8ef4ac1cc188e610fe4086bdd4432121f350b8a1"},"dob":{"date":"1949-02-22T03:41:32.785Z","age":75},"registered":{"date":"2005-07-15T13:02:28.512Z","age":18},"phone":"72208060","cell":"72524610","id":{"name":"CPR","value":"210249-3364"},"picture":{"large":"https://randomuser.me/api/portraits/women/57.jpg","medium":"https://randomuser.me/api/portraits/med/women/57.jpg","thumbnail":"https://randomuser.me/api/portraits/thumb/women/57.jpg"},"nat":"DK"}],"info":{"seed":"84f1e8f804b3d79a","results":1,"page":1,"version":"1.4"}} 
 </msg>
<msg time="2024-06-30T03:17:52.437226" level="INFO">/opt/hostedtoolcache/Python/3.12.4/x64/lib/python3.12/site-packages/urllib3/connectionpool.py:1099: InsecureRequestWarning: Unverified HTTPS request is being made to host 'randomuser.me'. Adding certificate verification is strongly advised. See: https://urllib3.readthedocs.io/en/latest/advanced-usage.html#tls-warnings
  warnings.warn(</msg>
<msg time="2024-06-30T03:17:52.437362" level="INFO">${response} = &lt;Response [200]&gt;</msg>
<var>${response}</var>
<arg>consultarAPI</arg>
<arg>/api</arg>
<doc>Sends a GET request on a previously created HTTP Session.</doc>
<status status="PASS" start="2024-06-30T03:17:52.169037" elapsed="0.268370"/>
</kw>
<kw name="Should Be Equal As Numbers" owner="BuiltIn">
<msg time="2024-06-30T03:17:52.438427" level="INFO">Argument types are:
&lt;class 'int'&gt;
&lt;class 'str'&gt;</msg>
<arg>${response.status_code}</arg>
<arg>200</arg>
<doc>Fails if objects are unequal after converting them to real numbers.</doc>
<status status="PASS" start="2024-06-30T03:17:52.437953" elapsed="0.000540"/>
</kw>
<kw name="Log" owner="BuiltIn">
<msg time="2024-06-30T03:17:52.439166" level="INFO">200</msg>
<arg>${response.status_code}</arg>
<doc>Logs the given message with the given level.</doc>
<status status="PASS" start="2024-06-30T03:17:52.438815" elapsed="0.000394"/>
</kw>
<kw name="Set Variable" owner="BuiltIn">
<msg time="2024-06-30T03:17:52.439962" level="INFO">${json_data} = {'results': [{'gender': 'female', 'name': {'title': 'Mrs', 'first': 'Tilde', 'last': 'Petersen'}, 'location': {'street': {'number': 9441, 'name': 'Smedevænget'}, 'city': 'Brondby', 'state': 'Danmark',...</msg>
<var>${json_data}</var>
<arg>${response.json()}</arg>
<doc>Returns the given values which can then be assigned to a variables.</doc>
<status status="PASS" start="2024-06-30T03:17:52.439515" elapsed="0.000476"/>
</kw>
<kw name="Dictionary Should Contain Key" owner="Collections">
<arg>${json_data}</arg>
<arg>results</arg>
<doc>Fails if ``key`` is not found from ``dictionary``.</doc>
<status status="PASS" start="2024-06-30T03:17:52.440301" elapsed="0.000167"/>
</kw>
<status status="PASS" start="2024-06-30T03:17:52.168756" elapsed="0.271871"/>
</kw>
<doc>Testa se a API responde corretamente e retorna um objeto JSON válido.</doc>
<tag>testeRequisicaoBasica</tag>
<status status="PASS" start="2024-06-30T03:17:52.168225" elapsed="0.272586"/>
</test>
<test id="s1-s1-t3" name="Validar estrutura de resposta" line="22">
<kw name="Teste de Estrutura de Resposta" owner="random-user-service">
<kw name="GET On Session" owner="RequestsLibrary">
<msg time="2024-06-30T03:17:52.534815" level="INFO">GET Request : url=https://randomuser.me/api 
 path_url=/api 
 headers={'User-Agent': 'python-requests/2.32.3', 'Accept-Encoding': 'gzip, deflate', 'Accept': '*/*', 'Connection': 'keep-alive'} 
 body=None 
 </msg>
<msg time="2024-06-30T03:17:52.534935" level="INFO">GET Response : url=https://randomuser.me/api 
 status=200, reason=OK 
 headers={'Date': 'Sun, 30 Jun 2024 03:17:52 GMT', 'Content-Type': 'application/json; charset=utf-8', 'Transfer-Encoding': 'chunked', 'Connection': 'keep-alive', 'X-Powered-By': 'Express', 'Access-Control-Allow-Origin': '*', 'Cache-Control': 'no-cache', 'ETag': 'W/"49b-bl7F5jcwrKi9+S1tGJZ/0T2ClzM"', 'Vary': 'Accept-Encoding', 'Content-Encoding': 'gzip', 'CF-Cache-Status': 'DYNAMIC', 'Report-To': '{"endpoints":[{"url":"https:\\/\\/a.nel.cloudflare.com\\/report\\/v4?s=tiQ8mvcpblknXzzOtBPB%2Fxe3atQdhaxEWZLYbNRHIFTqXhGS%2FdYE7o9DyyEZ97ohfdf4wNZ1xB%2FNq9vfbyYkUVd17AFci9Sfq5gIkPBmONEhnppCtdCFE%2B3tdN%2B6HSTW"}],"group":"cf-nel","max_age":604800}', 'NEL': '{"success_fraction":0,"report_to":"cf-nel","max_age":604800}', 'Server': 'cloudflare', 'CF-RAY': '89bb017ac8ae8256-IAD', 'alt-svc': 'h3=":443"; ma=86400'} 
 body={"results":[{"gender":"female","name":{"title":"Mrs","first":"Hatice","last":"Krüger"},"location":{"street":{"number":2321,"name":"Tannenweg"},"city":"Niederstotzingen","state":"Berlin","country":"Germany","postcode":80794,"coordinates":{"latitude":"-54.6155","longitude":"160.1494"},"timezone":{"offset":"-4:00","description":"Atlantic Time (Canada), Caracas, La Paz"}},"email":"hatice.kruger@example.com","login":{"uuid":"67643e92-c059-42b2-86da-2466192a52cb","username":"redcat372","password":"stereo","salt":"bwKhSjFx","md5":"afeea847653b7548035818a9bc6d9ce6","sha1":"a8f817df1788646f78e24f9176a811aa691de822","sha256":"23b9e5ef324d94eab4044ef4d89d14b0c1b0265179abfb00fde2c45bb7b91d85"},"dob":{"date":"1966-05-08T20:31:33.066Z","age":58},"registered":{"date":"2010-12-11T23:24:08.438Z","age":13},"phone":"0516-3176531","cell":"0175-7971207","id":{"name":"SVNR","value":"68 080566 K 830"},"picture":{"large":"https://randomuser.me/api/portraits/women/8.jpg","medium":"https://randomuser.me/api/portraits/med/women/8.jpg","thumbnail":"https://randomuser.me/api/portraits/thumb/women/8.jpg"},"nat":"DE"}],"info":{"seed":"c7041dd7a9254de6","results":1,"page":1,"version":"1.4"}} 
 </msg>
<msg time="2024-06-30T03:17:52.535091" level="INFO">/opt/hostedtoolcache/Python/3.12.4/x64/lib/python3.12/site-packages/urllib3/connectionpool.py:1099: InsecureRequestWarning: Unverified HTTPS request is being made to host 'randomuser.me'. Adding certificate verification is strongly advised. See: https://urllib3.readthedocs.io/en/latest/advanced-usage.html#tls-warnings
  warnings.warn(</msg>
<msg time="2024-06-30T03:17:52.535236" level="INFO">${response} = &lt;Response [200]&gt;</msg>
<var>${response}</var>
<arg>consultarAPI</arg>
<arg>/api</arg>
<doc>Sends a GET request on a previously created HTTP Session.</doc>
<status status="PASS" start="2024-06-30T03:17:52.443479" elapsed="0.091797"/>
</kw>
<kw name="Set Variable" owner="BuiltIn">
<msg time="2024-06-30T03:17:52.536316" level="INFO">${json_data} = {'results': [{'gender': 'female', 'name': {'title': 'Mrs', 'first': 'Hatice', 'last': 'Krüger'}, 'location': {'street': {'number': 2321, 'name': 'Tannenweg'}, 'city': 'Niederstotzingen', 'state': 'Ber...</msg>
<var>${json_data}</var>
<arg>${response.json()}</arg>
<doc>Returns the given values which can then be assigned to a variables.</doc>
<status status="PASS" start="2024-06-30T03:17:52.535794" elapsed="0.000551"/>
</kw>
<kw name="Log" owner="BuiltIn">
<msg time="2024-06-30T03:17:52.536814" level="INFO">{'results': [{'gender': 'female', 'name': {'title': 'Mrs', 'first': 'Hatice', 'last': 'Krüger'}, 'location': {'street': {'number': 2321, 'name': 'Tannenweg'}, 'city': 'Niederstotzingen', 'state': 'Berlin', 'country': 'Germany', 'postcode': 80794, 'coordinates': {'latitude': '-54.6155', 'longitude': '160.1494'}, 'timezone': {'offset': '-4:00', 'description': 'Atlantic Time (Canada), Caracas, La Paz'}}, 'email': 'hatice.kruger@example.com', 'login': {'uuid': '67643e92-c059-42b2-86da-2466192a52cb', 'username': 'redcat372', 'password': 'stereo', 'salt': 'bwKhSjFx', 'md5': 'afeea847653b7548035818a9bc6d9ce6', 'sha1': 'a8f817df1788646f78e24f9176a811aa691de822', 'sha256': '23b9e5ef324d94eab4044ef4d89d14b0c1b0265179abfb00fde2c45bb7b91d85'}, 'dob': {'date': '1966-05-08T20:31:33.066Z', 'age': 58}, 'registered': {'date': '2010-12-11T23:24:08.438Z', 'age': 13}, 'phone': '0516-3176531', 'cell': '0175-7971207', 'id': {'name': 'SVNR', 'value': '68 080566 K 830'}, 'picture': {'large': 'https://randomuser.me/api/portraits/women/8.jpg', 'medium': 'https://randomuser.me/api/portraits/med/women/8.jpg', 'thumbnail': 'https://randomuser.me/api/portraits/thumb/women/8.jpg'}, 'nat': 'DE'}], 'info': {'seed': 'c7041dd7a9254de6', 'results': 1, 'page': 1, 'version': '1.4'}}</msg>
<arg>${json_data}</arg>
<doc>Logs the given message with the given level.</doc>
<status status="PASS" start="2024-06-30T03:17:52.536653" elapsed="0.000210"/>
</kw>
<kw name="Dictionary Should Contain Key" owner="Collections">
<arg>${json_data}</arg>
<arg>results</arg>
<doc>Fails if ``key`` is not found from ``dictionary``.</doc>
<status status="PASS" start="2024-06-30T03:17:52.537203" elapsed="0.000162"/>
</kw>
<kw name="Should Not Be Empty" owner="BuiltIn">
<msg time="2024-06-30T03:17:52.537724" level="INFO">Length is 2.</msg>
<arg>${json_data}</arg>
<doc>Verifies that the given item is not empty.</doc>
<status status="PASS" start="2024-06-30T03:17:52.537547" elapsed="0.000217"/>
</kw>
<kw name="Create List" owner="BuiltIn">
<msg time="2024-06-30T03:17:52.538385" level="INFO">${expected_keys} = ['gender', 'name', 'location', 'email', 'login']</msg>
<var>${expected_keys}</var>
<arg>gender</arg>
<arg>name</arg>
<arg>location</arg>
<arg>email</arg>
<arg>login</arg>
<doc>Returns a list containing given items.</doc>
<status status="PASS" start="2024-06-30T03:17:52.538064" elapsed="0.000349"/>
</kw>
<for flavor="IN">
<iter>
<kw name="Dictionary Should Contain Key" owner="Collections">
<arg>${json_data['results'][0]}</arg>
<arg>${key}</arg>
<doc>Fails if ``key`` is not found from ``dictionary``.</doc>
<status status="PASS" start="2024-06-30T03:17:52.539009" elapsed="0.000407"/>
</kw>
<kw name="Log" owner="BuiltIn">
<msg time="2024-06-30T03:17:52.539966" level="INFO">{'gender': 'female', 'name': {'title': 'Mrs', 'first': 'Hatice', 'last': 'Krüger'}, 'location': {'street': {'number': 2321, 'name': 'Tannenweg'}, 'city': 'Niederstotzingen', 'state': 'Berlin', 'country': 'Germany', 'postcode': 80794, 'coordinates': {'latitude': '-54.6155', 'longitude': '160.1494'}, 'timezone': {'offset': '-4:00', 'description': 'Atlantic Time (Canada), Caracas, La Paz'}}, 'email': 'hatice.kruger@example.com', 'login': {'uuid': '67643e92-c059-42b2-86da-2466192a52cb', 'username': 'redcat372', 'password': 'stereo', 'salt': 'bwKhSjFx', 'md5': 'afeea847653b7548035818a9bc6d9ce6', 'sha1': 'a8f817df1788646f78e24f9176a811aa691de822', 'sha256': '23b9e5ef324d94eab4044ef4d89d14b0c1b0265179abfb00fde2c45bb7b91d85'}, 'dob': {'date': '1966-05-08T20:31:33.066Z', 'age': 58}, 'registered': {'date': '2010-12-11T23:24:08.438Z', 'age': 13}, 'phone': '0516-3176531', 'cell': '0175-7971207', 'id': {'name': 'SVNR', 'value': '68 080566 K 830'}, 'picture': {'large': 'https://randomuser.me/api/portraits/women/8.jpg', 'medium': 'https://randomuser.me/api/portraits/med/women/8.jpg', 'thumbnail': 'https://randomuser.me/api/portraits/thumb/women/8.jpg'}, 'nat': 'DE'}</msg>
<arg>${json_data['results'][0]}</arg>
<doc>Logs the given message with the given level.</doc>
<status status="PASS" start="2024-06-30T03:17:52.539601" elapsed="0.000415"/>
</kw>
<kw name="Log" owner="BuiltIn">
<msg time="2024-06-30T03:17:52.540446" level="INFO">gender</msg>
<arg>${key}</arg>
<doc>Logs the given message with the given level.</doc>
<status status="PASS" start="2024-06-30T03:17:52.540316" elapsed="0.000168"/>
</kw>
<var name="${key}">gender</var>
<status status="PASS" start="2024-06-30T03:17:52.538880" elapsed="0.001821"/>
</iter>
<iter>
<kw name="Dictionary Should Contain Key" owner="Collections">
<arg>${json_data['results'][0]}</arg>
<arg>${key}</arg>
<doc>Fails if ``key`` is not found from ``dictionary``.</doc>
<status status="PASS" start="2024-06-30T03:17:52.541016" elapsed="0.000394"/>
</kw>
<kw name="Log" owner="BuiltIn">
<msg time="2024-06-30T03:17:52.541987" level="INFO">{'gender': 'female', 'name': {'title': 'Mrs', 'first': 'Hatice', 'last': 'Krüger'}, 'location': {'street': {'number': 2321, 'name': 'Tannenweg'}, 'city': 'Niederstotzingen', 'state': 'Berlin', 'country': 'Germany', 'postcode': 80794, 'coordinates': {'latitude': '-54.6155', 'longitude': '160.1494'}, 'timezone': {'offset': '-4:00', 'description': 'Atlantic Time (Canada), Caracas, La Paz'}}, 'email': 'hatice.kruger@example.com', 'login': {'uuid': '67643e92-c059-42b2-86da-2466192a52cb', 'username': 'redcat372', 'password': 'stereo', 'salt': 'bwKhSjFx', 'md5': 'afeea847653b7548035818a9bc6d9ce6', 'sha1': 'a8f817df1788646f78e24f9176a811aa691de822', 'sha256': '23b9e5ef324d94eab4044ef4d89d14b0c1b0265179abfb00fde2c45bb7b91d85'}, 'dob': {'date': '1966-05-08T20:31:33.066Z', 'age': 58}, 'registered': {'date': '2010-12-11T23:24:08.438Z', 'age': 13}, 'phone': '0516-3176531', 'cell': '0175-7971207', 'id': {'name': 'SVNR', 'value': '68 080566 K 830'}, 'picture': {'large': 'https://randomuser.me/api/portraits/women/8.jpg', 'medium': 'https://randomuser.me/api/portraits/med/women/8.jpg', 'thumbnail': 'https://randomuser.me/api/portraits/thumb/women/8.jpg'}, 'nat': 'DE'}</msg>
<arg>${json_data['results'][0]}</arg>
<doc>Logs the given message with the given level.</doc>
<status status="PASS" start="2024-06-30T03:17:52.541590" elapsed="0.000448"/>
</kw>
<kw name="Log" owner="BuiltIn">
<msg time="2024-06-30T03:17:52.542462" level="INFO">name</msg>
<arg>${key}</arg>
<doc>Logs the given message with the given level.</doc>
<status status="PASS" start="2024-06-30T03:17:52.542335" elapsed="0.000164"/>
</kw>
<var name="${key}">name</var>
<status status="PASS" start="2024-06-30T03:17:52.540885" elapsed="0.001828"/>
</iter>
<iter>
<kw name="Dictionary Should Contain Key" owner="Collections">
<arg>${json_data['results'][0]}</arg>
<arg>${key}</arg>
<doc>Fails if ``key`` is not found from ``dictionary``.</doc>
<status status="PASS" start="2024-06-30T03:17:52.542995" elapsed="0.000377"/>
</kw>
<kw name="Log" owner="BuiltIn">
<msg time="2024-06-30T03:17:52.543900" level="INFO">{'gender': 'female', 'name': {'title': 'Mrs', 'first': 'Hatice', 'last': 'Krüger'}, 'location': {'street': {'number': 2321, 'name': 'Tannenweg'}, 'city': 'Niederstotzingen', 'state': 'Berlin', 'country': 'Germany', 'postcode': 80794, 'coordinates': {'latitude': '-54.6155', 'longitude': '160.1494'}, 'timezone': {'offset': '-4:00', 'description': 'Atlantic Time (Canada), Caracas, La Paz'}}, 'email': 'hatice.kruger@example.com', 'login': {'uuid': '67643e92-c059-42b2-86da-2466192a52cb', 'username': 'redcat372', 'password': 'stereo', 'salt': 'bwKhSjFx', 'md5': 'afeea847653b7548035818a9bc6d9ce6', 'sha1': 'a8f817df1788646f78e24f9176a811aa691de822', 'sha256': '23b9e5ef324d94eab4044ef4d89d14b0c1b0265179abfb00fde2c45bb7b91d85'}, 'dob': {'date': '1966-05-08T20:31:33.066Z', 'age': 58}, 'registered': {'date': '2010-12-11T23:24:08.438Z', 'age': 13}, 'phone': '0516-3176531', 'cell': '0175-7971207', 'id': {'name': 'SVNR', 'value': '68 080566 K 830'}, 'picture': {'large': 'https://randomuser.me/api/portraits/women/8.jpg', 'medium': 'https://randomuser.me/api/portraits/med/women/8.jpg', 'thumbnail': 'https://randomuser.me/api/portraits/thumb/women/8.jpg'}, 'nat': 'DE'}</msg>
<arg>${json_data['results'][0]}</arg>
<doc>Logs the given message with the given level.</doc>
<status status="PASS" start="2024-06-30T03:17:52.543550" elapsed="0.000399"/>
</kw>
<kw name="Log" owner="BuiltIn">
<msg time="2024-06-30T03:17:52.544374" level="INFO">location</msg>
<arg>${key}</arg>
<doc>Logs the given message with the given level.</doc>
<status status="PASS" start="2024-06-30T03:17:52.544247" elapsed="0.000164"/>
</kw>
<var name="${key}">location</var>
<status status="PASS" start="2024-06-30T03:17:52.542888" elapsed="0.001740"/>
</iter>
<iter>
<kw name="Dictionary Should Contain Key" owner="Collections">
<arg>${json_data['results'][0]}</arg>
<arg>${key}</arg>
<doc>Fails if ``key`` is not found from ``dictionary``.</doc>
<status status="PASS" start="2024-06-30T03:17:52.544904" elapsed="0.000431"/>
</kw>
<kw name="Log" owner="BuiltIn">
<msg time="2024-06-30T03:17:52.545954" level="INFO">{'gender': 'female', 'name': {'title': 'Mrs', 'first': 'Hatice', 'last': 'Krüger'}, 'location': {'street': {'number': 2321, 'name': 'Tannenweg'}, 'city': 'Niederstotzingen', 'state': 'Berlin', 'country': 'Germany', 'postcode': 80794, 'coordinates': {'latitude': '-54.6155', 'longitude': '160.1494'}, 'timezone': {'offset': '-4:00', 'description': 'Atlantic Time (Canada), Caracas, La Paz'}}, 'email': 'hatice.kruger@example.com', 'login': {'uuid': '67643e92-c059-42b2-86da-2466192a52cb', 'username': 'redcat372', 'password': 'stereo', 'salt': 'bwKhSjFx', 'md5': 'afeea847653b7548035818a9bc6d9ce6', 'sha1': 'a8f817df1788646f78e24f9176a811aa691de822', 'sha256': '23b9e5ef324d94eab4044ef4d89d14b0c1b0265179abfb00fde2c45bb7b91d85'}, 'dob': {'date': '1966-05-08T20:31:33.066Z', 'age': 58}, 'registered': {'date': '2010-12-11T23:24:08.438Z', 'age': 13}, 'phone': '0516-3176531', 'cell': '0175-7971207', 'id': {'name': 'SVNR', 'value': '68 080566 K 830'}, 'picture': {'large': 'https://randomuser.me/api/portraits/women/8.jpg', 'medium': 'https://randomuser.me/api/portraits/med/women/8.jpg', 'thumbnail': 'https://randomuser.me/api/portraits/thumb/women/8.jpg'}, 'nat': 'DE'}</msg>
<arg>${json_data['results'][0]}</arg>
<doc>Logs the given message with the given level.</doc>
<status status="PASS" start="2024-06-30T03:17:52.545526" elapsed="0.000479"/>
</kw>
<kw name="Log" owner="BuiltIn">
<msg time="2024-06-30T03:17:52.546440" level="INFO">email</msg>
<arg>${key}</arg>
<doc>Logs the given message with the given level.</doc>
<status status="PASS" start="2024-06-30T03:17:52.546311" elapsed="0.000168"/>
</kw>
<var name="${key}">email</var>
<status status="PASS" start="2024-06-30T03:17:52.544798" elapsed="0.002043"/>
</iter>
<iter>
<kw name="Dictionary Should Contain Key" owner="Collections">
<arg>${json_data['results'][0]}</arg>
<arg>${key}</arg>
<doc>Fails if ``key`` is not found from ``dictionary``.</doc>
<status status="PASS" start="2024-06-30T03:17:52.547150" elapsed="0.000401"/>
</kw>
<kw name="Log" owner="BuiltIn">
<msg time="2024-06-30T03:17:52.548102" level="INFO">{'gender': 'female', 'name': {'title': 'Mrs', 'first': 'Hatice', 'last': 'Krüger'}, 'location': {'street': {'number': 2321, 'name': 'Tannenweg'}, 'city': 'Niederstotzingen', 'state': 'Berlin', 'country': 'Germany', 'postcode': 80794, 'coordinates': {'latitude': '-54.6155', 'longitude': '160.1494'}, 'timezone': {'offset': '-4:00', 'description': 'Atlantic Time (Canada), Caracas, La Paz'}}, 'email': 'hatice.kruger@example.com', 'login': {'uuid': '67643e92-c059-42b2-86da-2466192a52cb', 'username': 'redcat372', 'password': 'stereo', 'salt': 'bwKhSjFx', 'md5': 'afeea847653b7548035818a9bc6d9ce6', 'sha1': 'a8f817df1788646f78e24f9176a811aa691de822', 'sha256': '23b9e5ef324d94eab4044ef4d89d14b0c1b0265179abfb00fde2c45bb7b91d85'}, 'dob': {'date': '1966-05-08T20:31:33.066Z', 'age': 58}, 'registered': {'date': '2010-12-11T23:24:08.438Z', 'age': 13}, 'phone': '0516-3176531', 'cell': '0175-7971207', 'id': {'name': 'SVNR', 'value': '68 080566 K 830'}, 'picture': {'large': 'https://randomuser.me/api/portraits/women/8.jpg', 'medium': 'https://randomuser.me/api/portraits/med/women/8.jpg', 'thumbnail': 'https://randomuser.me/api/portraits/thumb/women/8.jpg'}, 'nat': 'DE'}</msg>
<arg>${json_data['results'][0]}</arg>
<doc>Logs the given message with the given level.</doc>
<status status="PASS" start="2024-06-30T03:17:52.547743" elapsed="0.000408"/>
</kw>
<kw name="Log" owner="BuiltIn">
<msg time="2024-06-30T03:17:52.548572" level="INFO">login</msg>
<arg>${key}</arg>
<doc>Logs the given message with the given level.</doc>
<status status="PASS" start="2024-06-30T03:17:52.548445" elapsed="0.000165"/>
</kw>
<var name="${key}">login</var>
<status status="PASS" start="2024-06-30T03:17:52.547029" elapsed="0.001796"/>
</iter>
<var>${key}</var>
<value>@{expected_keys}</value>
<status status="PASS" start="2024-06-30T03:17:52.538688" elapsed="0.010259"/>
</for>
<kw name="Create List" owner="BuiltIn">
<msg time="2024-06-30T03:17:52.549341" level="INFO">${expected_keysTwo} = ['username', 'password']</msg>
<var>${expected_keysTwo}</var>
<arg>username</arg>
<arg>password</arg>
<doc>Returns a list containing given items.</doc>
<status status="PASS" start="2024-06-30T03:17:52.549194" elapsed="0.000171"/>
</kw>
<for flavor="IN">
<iter>
<kw name="Dictionary Should Contain Key" owner="Collections">
<arg>${json_data['results'][0]['login']}</arg>
<arg>${keyTwo}</arg>
<doc>Fails if ``key`` is not found from ``dictionary``.</doc>
<status status="PASS" start="2024-06-30T03:17:52.549861" elapsed="0.000380"/>
</kw>
<kw name="Dictionary Should Contain Key" owner="Collections">
<arg>${json_data['results'][0]['login']}</arg>
<arg>${keyTwo}</arg>
<doc>Fails if ``key`` is not found from ``dictionary``.</doc>
<status status="PASS" start="2024-06-30T03:17:52.550420" elapsed="0.000375"/>
</kw>
<kw name="Log" owner="BuiltIn">
<msg time="2024-06-30T03:17:52.551094" level="INFO">username</msg>
<arg>${keyTwo}</arg>
<doc>Logs the given message with the given level.</doc>
<status status="PASS" start="2024-06-30T03:17:52.550974" elapsed="0.000156"/>
</kw>
<var name="${keyTwo}">username</var>
<status status="PASS" start="2024-06-30T03:17:52.549754" elapsed="0.001598"/>
</iter>
<iter>
<kw name="Dictionary Should Contain Key" owner="Collections">
<arg>${json_data['results'][0]['login']}</arg>
<arg>${keyTwo}</arg>
<doc>Fails if ``key`` is not found from ``dictionary``.</doc>
<status status="PASS" start="2024-06-30T03:17:52.551638" elapsed="0.000382"/>
</kw>
<kw name="Dictionary Should Contain Key" owner="Collections">
<arg>${json_data['results'][0]['login']}</arg>
<arg>${keyTwo}</arg>
<doc>Fails if ``key`` is not found from ``dictionary``.</doc>
<status status="PASS" start="2024-06-30T03:17:52.552197" elapsed="0.000364"/>
</kw>
<kw name="Log" owner="BuiltIn">
<msg time="2024-06-30T03:17:52.552851" level="INFO">password</msg>
<arg>${keyTwo}</arg>
<doc>Logs the given message with the given level.</doc>
<status status="PASS" start="2024-06-30T03:17:52.552733" elapsed="0.000160"/>
</kw>
<var name="${keyTwo}">password</var>
<status status="PASS" start="2024-06-30T03:17:52.551523" elapsed="0.001713"/>
</iter>
<var>${keyTwo}</var>
<value>@{expected_keysTwo}</value>
<status status="PASS" start="2024-06-30T03:17:52.549603" elapsed="0.003758"/>
</for>
<status status="PASS" start="2024-06-30T03:17:52.443243" elapsed="0.110269"/>
</kw>
<doc>Testa a estrutura da resposta da API.</doc>
<tag>testeEstruturaResposta</tag>
<status status="PASS" start="2024-06-30T03:17:52.442707" elapsed="0.110961"/>
</test>
<test id="s1-s1-t4" name="Validar tipos de dados" line="28">
<kw name="Teste de Tipos de Dados" owner="random-user-service">
<kw name="GET On Session" owner="RequestsLibrary">
<msg time="2024-06-30T03:17:52.633996" level="INFO">GET Request : url=https://randomuser.me/api 
 path_url=/api 
 headers={'User-Agent': 'python-requests/2.32.3', 'Accept-Encoding': 'gzip, deflate', 'Accept': '*/*', 'Connection': 'keep-alive'} 
 body=None 
 </msg>
<msg time="2024-06-30T03:17:52.634086" level="INFO">GET Response : url=https://randomuser.me/api 
 status=200, reason=OK 
 headers={'Date': 'Sun, 30 Jun 2024 03:17:52 GMT', 'Content-Type': 'application/json; charset=utf-8', 'Transfer-Encoding': 'chunked', 'Connection': 'keep-alive', 'X-Powered-By': 'Express', 'Access-Control-Allow-Origin': '*', 'Cache-Control': 'no-cache', 'ETag': 'W/"49a-4gnajV1bHNVBYs6Ps1UAfZyLPLw"', 'Vary': 'Accept-Encoding', 'Content-Encoding': 'gzip', 'CF-Cache-Status': 'DYNAMIC', 'Report-To': '{"endpoints":[{"url":"https:\\/\\/a.nel.cloudflare.com\\/report\\/v4?s=oQ08zQiHJt4CZdv7aS3YeLkxsBK52r262VuGZPAXW%2FeIU2NGd5VtT4AS%2BdHsuAYvDrH2ycE0Mg73mXSzRLkNOLK4hr4%2Bkhpr7b5XQ5Gqxxi3VNKh8IeczR9Bqd9U5ufl"}],"group":"cf-nel","max_age":604800}', 'NEL': '{"success_fraction":0,"report_to":"cf-nel","max_age":604800}', 'Server': 'cloudflare', 'CF-RAY': '89bb017b89538256-IAD', 'alt-svc': 'h3=":443"; ma=86400'} 
 body={"results":[{"gender":"male","name":{"title":"Mr","first":"Samuel","last":"Vázquez"},"location":{"street":{"number":1686,"name":"Calle de La Democracia"},"city":"Torrevieja","state":"Andalucía","country":"Spain","postcode":68367,"coordinates":{"latitude":"-34.3246","longitude":"-148.1119"},"timezone":{"offset":"+1:00","description":"Brussels, Copenhagen, Madrid, Paris"}},"email":"samuel.vazquez@example.com","login":{"uuid":"ef728e0a-d696-40d6-abc4-99dec114c2f5","username":"silverfish624","password":"pool6123","salt":"1yMAb2AO","md5":"9b1087aecd20e2a1a47cc680ae47782d","sha1":"fa7093dd783271cdba5e869ecfb10da04661697b","sha256":"a90d7ec6b6981c3126299658ea17fff6ea89d84d7c9fb90921cc90da97c63579"},"dob":{"date":"1978-11-10T12:47:38.694Z","age":45},"registered":{"date":"2018-12-24T23:43:06.818Z","age":5},"phone":"971-127-193","cell":"622-275-721","id":{"name":"DNI","value":"29947864-Y"},"picture":{"large":"https://randomuser.me/api/portraits/men/87.jpg","medium":"https://randomuser.me/api/portraits/med/men/87.jpg","thumbnail":"https://randomuser.me/api/portraits/thumb/men/87.jpg"},"nat":"ES"}],"info":{"seed":"e37092ef35cf6345","results":1,"page":1,"version":"1.4"}} 
 </msg>
<msg time="2024-06-30T03:17:52.634156" level="INFO">/opt/hostedtoolcache/Python/3.12.4/x64/lib/python3.12/site-packages/urllib3/connectionpool.py:1099: InsecureRequestWarning: Unverified HTTPS request is being made to host 'randomuser.me'. Adding certificate verification is strongly advised. See: https://urllib3.readthedocs.io/en/latest/advanced-usage.html#tls-warnings
  warnings.warn(</msg>
<msg time="2024-06-30T03:17:52.634275" level="INFO">${response} = &lt;Response [200]&gt;</msg>
<var>${response}</var>
<arg>consultarAPI</arg>
<arg>/api</arg>
<doc>Sends a GET request on a previously created HTTP Session.</doc>
<status status="PASS" start="2024-06-30T03:17:52.556182" elapsed="0.078132"/>
</kw>
<kw name="Set Variable" owner="BuiltIn">
<msg time="2024-06-30T03:17:52.635466" level="INFO">${json_data} = {'results': [{'gender': 'male', 'name': {'title': 'Mr', 'first': 'Samuel', 'last': 'Vázquez'}, 'location': {'street': {'number': 1686, 'name': 'Calle de La Democracia'}, 'city': 'Torrevieja', 'state':...</msg>
<var>${json_data}</var>
<arg>${response.json()}</arg>
<doc>Returns the given values which can then be assigned to a variables.</doc>
<status status="PASS" start="2024-06-30T03:17:52.634899" elapsed="0.000596"/>
</kw>
<kw name="Log" owner="BuiltIn">
<msg time="2024-06-30T03:17:52.635978" level="INFO">{'results': [{'gender': 'male', 'name': {'title': 'Mr', 'first': 'Samuel', 'last': 'Vázquez'}, 'location': {'street': {'number': 1686, 'name': 'Calle de La Democracia'}, 'city': 'Torrevieja', 'state': 'Andalucía', 'country': 'Spain', 'postcode': 68367, 'coordinates': {'latitude': '-34.3246', 'longitude': '-148.1119'}, 'timezone': {'offset': '+1:00', 'description': 'Brussels, Copenhagen, Madrid, Paris'}}, 'email': 'samuel.vazquez@example.com', 'login': {'uuid': 'ef728e0a-d696-40d6-abc4-99dec114c2f5', 'username': 'silverfish624', 'password': 'pool6123', 'salt': '1yMAb2AO', 'md5': '9b1087aecd20e2a1a47cc680ae47782d', 'sha1': 'fa7093dd783271cdba5e869ecfb10da04661697b', 'sha256': 'a90d7ec6b6981c3126299658ea17fff6ea89d84d7c9fb90921cc90da97c63579'}, 'dob': {'date': '1978-11-10T12:47:38.694Z', 'age': 45}, 'registered': {'date': '2018-12-24T23:43:06.818Z', 'age': 5}, 'phone': '971-127-193', 'cell': '622-275-721', 'id': {'name': 'DNI', 'value': '29947864-Y'}, 'picture': {'large': 'https://randomuser.me/api/portraits/men/87.jpg', 'medium': 'https://randomuser.me/api/portraits/med/men/87.jpg', 'thumbnail': 'https://randomuser.me/api/portraits/thumb/men/87.jpg'}, 'nat': 'ES'}], 'info': {'seed': 'e37092ef35cf6345', 'results': 1, 'page': 1, 'version': '1.4'}}</msg>
<arg>${json_data}</arg>
<doc>Logs the given message with the given level.</doc>
<status status="PASS" start="2024-06-30T03:17:52.635814" elapsed="0.000213"/>
</kw>
<kw name="Should Be String" owner="String">
<arg>${json_data['results'][0]['gender']}</arg>
<doc>Fails if the given ``item`` is not a string.</doc>
<status status="PASS" start="2024-06-30T03:17:52.636322" elapsed="0.000366"/>
</kw>
<kw name="Should Match Regexp" owner="BuiltIn">
<arg>${json_data['results'][0]['email']}</arg>
<arg>^[a-zA-Z0-9._%+-]+@[a-zA-Z0-9.-]+\.[a-zA-Z]{2,}$</arg>
<doc>Fails if ``string`` does not match ``pattern`` as a regular expression.</doc>
<status status="PASS" start="2024-06-30T03:17:52.636914" elapsed="0.000569"/>
</kw>
<kw name="Should Match Regexp" owner="BuiltIn">
<arg>${json_data['results'][0]['dob']['date']}</arg>
<arg>\\d{4}-\\d{2}-\\d{2}T\\d{2}:\\d{2}:\\d{2}\\.\\d{3}Z</arg>
<doc>Fails if ``string`` does not match ``pattern`` as a regular expression.</doc>
<status status="PASS" start="2024-06-30T03:17:52.637678" elapsed="0.000486"/>
</kw>
<kw name="Should Match Regexp" owner="BuiltIn">
<arg>${json_data['results'][0]['registered']['date']}</arg>
<arg>\\d{4}-\\d{2}-\\d{2}T\\d{2}:\\d{2}:\\d{2}\\.\\d{3}Z</arg>
<doc>Fails if ``string`` does not match ``pattern`` as a regular expression.</doc>
<status status="PASS" start="2024-06-30T03:17:52.638352" elapsed="0.000364"/>
</kw>
<kw name="Should Match Regexp" owner="BuiltIn">
<arg>${json_data['results'][0]['picture']['large']}</arg>
<arg>^https?://.*\.(?:png|jpe?g|gif|bmp)$</arg>
<doc>Fails if ``string`` does not match ``pattern`` as a regular expression.</doc>
<status status="PASS" start="2024-06-30T03:17:52.638897" elapsed="0.000452"/>
</kw>
<kw name="Should Match Regexp" owner="BuiltIn">
<arg>${json_data['results'][0]['picture']['medium']}</arg>
<arg>^https?://.*\.(?:png|jpe?g|gif|bmp)$</arg>
<doc>Fails if ``string`` does not match ``pattern`` as a regular expression.</doc>
<status status="PASS" start="2024-06-30T03:17:52.639534" elapsed="0.000350"/>
</kw>
<kw name="Should Match Regexp" owner="BuiltIn">
<arg>${json_data['results'][0]['picture']['thumbnail']}</arg>
<arg>^https?://.*\.(?:png|jpe?g|gif|bmp)$</arg>
<doc>Fails if ``string`` does not match ``pattern`` as a regular expression.</doc>
<status status="PASS" start="2024-06-30T03:17:52.640061" elapsed="0.000349"/>
</kw>
<kw name="Log" owner="BuiltIn">
<msg time="2024-06-30T03:17:52.640917" level="INFO">{'large': 'https://randomuser.me/api/portraits/men/87.jpg', 'medium': 'https://randomuser.me/api/portraits/med/men/87.jpg', 'thumbnail': 'https://randomuser.me/api/portraits/thumb/men/87.jpg'}</msg>
<arg>${json_data['results'][0]['picture']}</arg>
<doc>Logs the given message with the given level.</doc>
<status status="PASS" start="2024-06-30T03:17:52.640591" elapsed="0.000369"/>
</kw>
<status status="PASS" start="2024-06-30T03:17:52.555934" elapsed="0.085340"/>
</kw>
<kw name="Teste de Tipos de Dados - Postcode" owner="random-user-service">
<kw name="GET On Session" owner="RequestsLibrary">
<msg time="2024-06-30T03:17:52.745161" level="INFO">GET Request : url=https://randomuser.me/api 
 path_url=/api 
 headers={'User-Agent': 'python-requests/2.32.3', 'Accept-Encoding': 'gzip, deflate', 'Accept': '*/*', 'Connection': 'keep-alive'} 
 body=None 
 </msg>
<msg time="2024-06-30T03:17:52.745273" level="INFO">GET Response : url=https://randomuser.me/api 
 status=200, reason=OK 
 headers={'Date': 'Sun, 30 Jun 2024 03:17:52 GMT', 'Content-Type': 'application/json; charset=utf-8', 'Transfer-Encoding': 'chunked', 'Connection': 'keep-alive', 'X-Powered-By': 'Express', 'Access-Control-Allow-Origin': '*', 'Cache-Control': 'no-cache', 'ETag': 'W/"4a4-aciKuVrgHbr6YFmjbuFExu3aMm4"', 'Vary': 'Accept-Encoding', 'Content-Encoding': 'gzip', 'CF-Cache-Status': 'DYNAMIC', 'Report-To': '{"endpoints":[{"url":"https:\\/\\/a.nel.cloudflare.com\\/report\\/v4?s=BzsPPw53FV4ib8rPztICX9Qaq3%2B2WVbsCyo13CjDOofKDO1RnwCa1UJ%2B%2FyGYTwuMX7c2bw0Wks0Jrr%2BahqkfTZBUZTBurt990vpLBKtYvTtsxE3uKOBfINFHR8G%2Bvln4"}],"group":"cf-nel","max_age":604800}', 'NEL': '{"success_fraction":0,"report_to":"cf-nel","max_age":604800}', 'Server': 'cloudflare', 'CF-RAY': '89bb017c09bf8256-IAD', 'alt-svc': 'h3=":443"; ma=86400'} 
 body={"results":[{"gender":"female","name":{"title":"Miss","first":"Remedios","last":"Morales"},"location":{"street":{"number":7471,"name":"Avenida del Planetario"},"city":"Alicante","state":"Melilla","country":"Spain","postcode":27595,"coordinates":{"latitude":"-31.7052","longitude":"158.0660"},"timezone":{"offset":"+9:00","description":"Tokyo, Seoul, Osaka, Sapporo, Yakutsk"}},"email":"remedios.morales@example.com","login":{"uuid":"d91eb20c-3d17-4db1-a4bf-99907534307f","username":"whitemeercat607","password":"ravens","salt":"3fBYRh5q","md5":"92c6fa752dec3593bf55d884bb5e05eb","sha1":"ae91d5cf33993f6eda0b24c312c78f648b483a73","sha256":"61037d42bbd590eae558d941d301948a5b7c509532ae3f197448394e281455e8"},"dob":{"date":"1980-02-13T09:10:45.909Z","age":44},"registered":{"date":"2002-09-11T18:09:02.872Z","age":21},"phone":"931-220-493","cell":"691-761-982","id":{"name":"DNI","value":"74817621-F"},"picture":{"large":"https://randomuser.me/api/portraits/women/46.jpg","medium":"https://randomuser.me/api/portraits/med/women/46.jpg","thumbnail":"https://randomuser.me/api/portraits/thumb/women/46.jpg"},"nat":"ES"}],"info":{"seed":"72697a69d1d1d1c8","results":1,"page":1,"version":"1.4"}} 
 </msg>
<msg time="2024-06-30T03:17:52.745353" level="INFO">/opt/hostedtoolcache/Python/3.12.4/x64/lib/python3.12/site-packages/urllib3/connectionpool.py:1099: InsecureRequestWarning: Unverified HTTPS request is being made to host 'randomuser.me'. Adding certificate verification is strongly advised. See: https://urllib3.readthedocs.io/en/latest/advanced-usage.html#tls-warnings
  warnings.warn(</msg>
<msg time="2024-06-30T03:17:52.745518" level="INFO">${response} = &lt;Response [200]&gt;</msg>
<var>${response}</var>
<arg>consultarAPI</arg>
<arg>/api</arg>
<doc>Sends a GET request on a previously created HTTP Session.</doc>
<status status="PASS" start="2024-06-30T03:17:52.641716" elapsed="0.103851"/>
</kw>
<kw name="Set Variable" owner="BuiltIn">
<msg time="2024-06-30T03:17:52.746648" level="INFO">${json_data} = {'results': [{'gender': 'female', 'name': {'title': 'Miss', 'first': 'Remedios', 'last': 'Morales'}, 'location': {'street': {'number': 7471, 'name': 'Avenida del Planetario'}, 'city': 'Alicante', 'sta...</msg>
<var>${json_data}</var>
<arg>${response.json()}</arg>
<doc>Returns the given values which can then be assigned to a variables.</doc>
<status status="PASS" start="2024-06-30T03:17:52.746145" elapsed="0.000532"/>
</kw>
<kw name="Log" owner="BuiltIn">
<msg time="2024-06-30T03:17:52.747159" level="INFO">{'results': [{'gender': 'female', 'name': {'title': 'Miss', 'first': 'Remedios', 'last': 'Morales'}, 'location': {'street': {'number': 7471, 'name': 'Avenida del Planetario'}, 'city': 'Alicante', 'state': 'Melilla', 'country': 'Spain', 'postcode': 27595, 'coordinates': {'latitude': '-31.7052', 'longitude': '158.0660'}, 'timezone': {'offset': '+9:00', 'description': 'Tokyo, Seoul, Osaka, Sapporo, Yakutsk'}}, 'email': 'remedios.morales@example.com', 'login': {'uuid': 'd91eb20c-3d17-4db1-a4bf-99907534307f', 'username': 'whitemeercat607', 'password': 'ravens', 'salt': '3fBYRh5q', 'md5': '92c6fa752dec3593bf55d884bb5e05eb', 'sha1': 'ae91d5cf33993f6eda0b24c312c78f648b483a73', 'sha256': '61037d42bbd590eae558d941d301948a5b7c509532ae3f197448394e281455e8'}, 'dob': {'date': '1980-02-13T09:10:45.909Z', 'age': 44}, 'registered': {'date': '2002-09-11T18:09:02.872Z', 'age': 21}, 'phone': '931-220-493', 'cell': '691-761-982', 'id': {'name': 'DNI', 'value': '74817621-F'}, 'picture': {'large': 'https://randomuser.me/api/portraits/women/46.jpg', 'medium': 'https://randomuser.me/api/portraits/med/women/46.jpg', 'thumbnail': 'https://randomuser.me/api/portraits/thumb/women/46.jpg'}, 'nat': 'ES'}], 'info': {'seed': '72697a69d1d1d1c8', 'results': 1, 'page': 1, 'version': '1.4'}}</msg>
<arg>${json_data}</arg>
<doc>Logs the given message with the given level.</doc>
<status status="PASS" start="2024-06-30T03:17:52.746992" elapsed="0.000214"/>
</kw>
<kw name="Should Be Equal As Numbers" owner="BuiltIn">
<arg>${json_data['results'][0]['location']['postcode']}</arg>
<arg>${json_data['results'][0]['location']['postcode']}</arg>
<doc>Fails if objects are unequal after converting them to real numbers.</doc>
<status status="PASS" start="2024-06-30T03:17:52.747514" elapsed="0.000626"/>
</kw>
<kw name="Log" owner="BuiltIn">
<msg time="2024-06-30T03:17:52.748867" level="INFO">27595</msg>
<arg>${json_data['results'][0]['location']['postcode']}</arg>
<doc>Logs the given message with the given level.</doc>
<status status="PASS" start="2024-06-30T03:17:52.748364" elapsed="0.000545"/>
</kw>
<status status="PASS" start="2024-06-30T03:17:52.641494" elapsed="0.107716"/>
</kw>
<doc>Testa se os tipos de dados na resposta da API estão corretos.</doc>
<tag>testeTiposDados</tag>
<status status="PASS" start="2024-06-30T03:17:52.555491" elapsed="0.193883"/>
</test>
<test id="s1-s1-t5" name="Validar conteudo" line="35">
<kw name="Teste de Tipos de Conteudo" owner="random-user-service">
<kw name="GET On Session" owner="RequestsLibrary">
<msg time="2024-06-30T03:17:52.838041" level="INFO">GET Request : url=https://randomuser.me/api 
 path_url=/api 
 headers={'User-Agent': 'python-requests/2.32.3', 'Accept-Encoding': 'gzip, deflate', 'Accept': '*/*', 'Connection': 'keep-alive'} 
 body=None 
 </msg>
<msg time="2024-06-30T03:17:52.838144" level="INFO">GET Response : url=https://randomuser.me/api 
 status=200, reason=OK 
 headers={'Date': 'Sun, 30 Jun 2024 03:17:52 GMT', 'Content-Type': 'application/json; charset=utf-8', 'Transfer-Encoding': 'chunked', 'Connection': 'keep-alive', 'X-Powered-By': 'Express', 'Access-Control-Allow-Origin': '*', 'Cache-Control': 'no-cache', 'ETag': 'W/"473-Dwc8m7KBVx1MOXLVipdkBk2OjjE"', 'Vary': 'Accept-Encoding', 'Content-Encoding': 'gzip', 'CF-Cache-Status': 'DYNAMIC', 'Report-To': '{"endpoints":[{"url":"https:\\/\\/a.nel.cloudflare.com\\/report\\/v4?s=039SlIbRUfDu0zmCVO2t4zNghMxQMaEsHbUSbQsYL9ZEvD8K0Nfeiu0RpiVwBDPkkINI8uDlAILvY5EbstTBbHGNNUbpCehMX3CVh1ks%2BtImELBvbhWWHMojpaCmBtt5"}],"group":"cf-nel","max_age":604800}', 'NEL': '{"success_fraction":0,"report_to":"cf-nel","max_age":604800}', 'Server': 'cloudflare', 'CF-RAY': '89bb017cba6e8256-IAD', 'alt-svc': 'h3=":443"; ma=86400'} 
 body={"results":[{"gender":"male","name":{"title":"Mr","first":"Vilho","last":"Wirta"},"location":{"street":{"number":900,"name":"Itsenäisyydenkatu"},"city":"Hattula","state":"Kainuu","country":"Finland","postcode":28579,"coordinates":{"latitude":"-23.6533","longitude":"-35.6003"},"timezone":{"offset":"+4:30","description":"Kabul"}},"email":"vilho.wirta@example.com","login":{"uuid":"ffa15123-4658-42cf-a7f0-7bac3337d943","username":"yellowbear512","password":"horseman","salt":"qxvIiX0h","md5":"8c4597c308703ef7cb9122c4ba855283","sha1":"2c3ce02d9b64b776dbbac2e63f99654082b448b9","sha256":"6aeb522eed71ba1989dc6be6d889e50993cf35434b22d3b4c72addf760c9b738"},"dob":{"date":"1987-03-02T15:08:11.607Z","age":37},"registered":{"date":"2015-11-22T04:17:47.658Z","age":8},"phone":"03-224-853","cell":"042-285-84-28","id":{"name":"HETU","value":"NaNNA393undefined"},"picture":{"large":"https://randomuser.me/api/portraits/men/79.jpg","medium":"https://randomuser.me/api/portraits/med/men/79.jpg","thumbnail":"https://randomuser.me/api/portraits/thumb/men/79.jpg"},"nat":"FI"}],"info":{"seed":"89890121ebadca58","results":1,"page":1,"version":"1.4"}} 
 </msg>
<msg time="2024-06-30T03:17:52.838220" level="INFO">/opt/hostedtoolcache/Python/3.12.4/x64/lib/python3.12/site-packages/urllib3/connectionpool.py:1099: InsecureRequestWarning: Unverified HTTPS request is being made to host 'randomuser.me'. Adding certificate verification is strongly advised. See: https://urllib3.readthedocs.io/en/latest/advanced-usage.html#tls-warnings
  warnings.warn(</msg>
<msg time="2024-06-30T03:17:52.838363" level="INFO">${response} = &lt;Response [200]&gt;</msg>
<var>${response}</var>
<arg>consultarAPI</arg>
<arg>/api</arg>
<doc>Sends a GET request on a previously created HTTP Session.</doc>
<status status="PASS" start="2024-06-30T03:17:52.751816" elapsed="0.086586"/>
</kw>
<kw name="Set Variable" owner="BuiltIn">
<msg time="2024-06-30T03:17:52.839432" level="INFO">${json_data} = {'results': [{'gender': 'male', 'name': {'title': 'Mr', 'first': 'Vilho', 'last': 'Wirta'}, 'location': {'street': {'number': 900, 'name': 'Itsenäisyydenkatu'}, 'city': 'Hattula', 'state': 'Kainuu', '...</msg>
<var>${json_data}</var>
<arg>${response.json()}</arg>
<doc>Returns the given values which can then be assigned to a variables.</doc>
<status status="PASS" start="2024-06-30T03:17:52.838914" elapsed="0.000547"/>
</kw>
<kw name="Set Variable" owner="BuiltIn">
<msg time="2024-06-30T03:17:52.840177" level="INFO">${name_title} = Mr</msg>
<var>${name_title}</var>
<arg>${json_data["results"][0]["name"]["title"]}</arg>
<doc>Returns the given values which can then be assigned to a variables.</doc>
<status status="PASS" start="2024-06-30T03:17:52.839792" elapsed="0.000410"/>
</kw>
<kw name="Create List" owner="BuiltIn">
<msg time="2024-06-30T03:17:52.840649" level="INFO">${allowed_titles} = ['Mr', 'Ms', 'Miss', 'Mrs', 'Madame', 'Monsieur']</msg>
<var>${allowed_titles}</var>
<arg>Mr</arg>
<arg>Ms</arg>
<arg>Miss</arg>
<arg>Mrs</arg>
<arg>Madame</arg>
<arg>Monsieur</arg>
<doc>Returns a list containing given items.</doc>
<status status="PASS" start="2024-06-30T03:17:52.840500" elapsed="0.000173"/>
</kw>
<kw name="List Should Contain Value" owner="Collections">
<arg>${allowed_titles}</arg>
<arg>${name_title}</arg>
<doc>Fails if the ``value`` is not found from ``list``.</doc>
<status status="PASS" start="2024-06-30T03:17:52.841009" elapsed="0.000196"/>
</kw>
<kw name="Set Variable" owner="BuiltIn">
<msg time="2024-06-30T03:17:52.841760" level="INFO">${name_country} = FI</msg>
<var>${name_country}</var>
<arg>${json_data["results"][0]["nat"]}</arg>
<doc>Returns the given values which can then be assigned to a variables.</doc>
<status status="PASS" start="2024-06-30T03:17:52.841390" elapsed="0.000394"/>
</kw>
<kw name="Create List" owner="BuiltIn">
<msg time="2024-06-30T03:17:52.842667" level="INFO">${list_country} = ['AD', 'AE', 'AF', 'AG', 'AI', 'AL', 'AM', 'AO', 'AQ', 'AR', 'AS', 'AT', 'AU', 'AW', 'AX', 'AZ', 'BA', 'BB', 'BD', 'BE', 'BF', 'BG', 'BH', 'BI', 'BJ', 'BL', 'BM', 'BN', 'BO', 'BQ', 'BR', 'BS', 'BT', '...</msg>
<var>${list_country}</var>
<arg>AD</arg>
<arg>AE</arg>
<arg>AF</arg>
<arg>AG</arg>
<arg>AI</arg>
<arg>AL</arg>
<arg>AM</arg>
<arg>AO</arg>
<arg>AQ</arg>
<arg>AR</arg>
<arg>AS</arg>
<arg>AT</arg>
<arg>AU</arg>
<arg>AW</arg>
<arg>AX</arg>
<arg>AZ</arg>
<arg>BA</arg>
<arg>BB</arg>
<arg>BD</arg>
<arg>BE</arg>
<arg>BF</arg>
<arg>BG</arg>
<arg>BH</arg>
<arg>BI</arg>
<arg>BJ</arg>
<arg>BL</arg>
<arg>BM</arg>
<arg>BN</arg>
<arg>BO</arg>
<arg>BQ</arg>
<arg>BR</arg>
<arg>BS</arg>
<arg>BT</arg>
<arg>BV</arg>
<arg>BW</arg>
<arg>BY</arg>
<arg>BZ</arg>
<arg>CA</arg>
<arg>CC</arg>
<arg>CD</arg>
<arg>CF</arg>
<arg>CG</arg>
<arg>CH</arg>
<arg>CI</arg>
<arg>CK</arg>
<arg>CL</arg>
<arg>CM</arg>
<arg>CN</arg>
<arg>CO</arg>
<arg>CR</arg>
<arg>CU</arg>
<arg>CV</arg>
<arg>CW</arg>
<arg>CX</arg>
<arg>CY</arg>
<arg>CZ</arg>
<arg>DE</arg>
<arg>DJ</arg>
<arg>DK</arg>
<arg>DM</arg>
<arg>DO</arg>
<arg>DZ</arg>
<arg>EC</arg>
<arg>EE</arg>
<arg>EG</arg>
<arg>EH</arg>
<arg>ER</arg>
<arg>ES</arg>
<arg>ET</arg>
<arg>FI</arg>
<arg>FJ</arg>
<arg>FK</arg>
<arg>FM</arg>
<arg>FO</arg>
<arg>FR</arg>
<arg>GA</arg>
<arg>GB</arg>
<arg>GD</arg>
<arg>GE</arg>
<arg>GF</arg>
<arg>GG</arg>
<arg>GH</arg>
<arg>GI</arg>
<arg>GL</arg>
<arg>GM</arg>
<arg>GN</arg>
<arg>GP</arg>
<arg>GQ</arg>
<arg>GR</arg>
<arg>GS</arg>
<arg>GT</arg>
<arg>GU</arg>
<arg>GW</arg>
<arg>GY</arg>
<arg>HK</arg>
<arg>HM</arg>
<arg>HN</arg>
<arg>HR</arg>
<arg>HT</arg>
<arg>HU</arg>
<arg>ID</arg>
<arg>IE</arg>
<arg>IL</arg>
<arg>IM</arg>
<arg>IN</arg>
<arg>IO</arg>
<arg>IQ</arg>
<arg>IR</arg>
<arg>IS</arg>
<arg>IT</arg>
<arg>JE</arg>
<arg>JM</arg>
<arg>JO</arg>
<arg>JP</arg>
<arg>KE</arg>
<arg>KG</arg>
<arg>KH</arg>
<arg>KI</arg>
<arg>KM</arg>
<arg>KN</arg>
<arg>KP</arg>
<arg>KR</arg>
<arg>KW</arg>
<arg>KY</arg>
<arg>KZ</arg>
<arg>LA</arg>
<arg>LB</arg>
<arg>LC</arg>
<arg>LI</arg>
<arg>LK</arg>
<arg>LR</arg>
<arg>LS</arg>
<arg>LT</arg>
<arg>LU</arg>
<arg>LV</arg>
<arg>LY</arg>
<arg>MA</arg>
<arg>MC</arg>
<arg>MD</arg>
<arg>ME</arg>
<arg>MF</arg>
<arg>MG</arg>
<arg>MH</arg>
<arg>MK</arg>
<arg>ML</arg>
<arg>MM</arg>
<arg>MN</arg>
<arg>MO</arg>
<arg>MP</arg>
<arg>MQ</arg>
<arg>MR</arg>
<arg>MS</arg>
<arg>MT</arg>
<arg>MU</arg>
<arg>MV</arg>
<arg>MW</arg>
<arg>MX</arg>
<arg>MY</arg>
<arg>MZ</arg>
<arg>NA</arg>
<arg>NC</arg>
<arg>NE</arg>
<arg>NF</arg>
<arg>NG</arg>
<arg>NI</arg>
<arg>NL</arg>
<arg>NO</arg>
<arg>NP</arg>
<arg>NR</arg>
<arg>NU</arg>
<arg>NZ</arg>
<arg>OM</arg>
<arg>PA</arg>
<arg>PE</arg>
<arg>PF</arg>
<arg>PG</arg>
<arg>PH</arg>
<arg>PK</arg>
<arg>PL</arg>
<arg>PM</arg>
<arg>PN</arg>
<arg>PR</arg>
<arg>PS</arg>
<arg>PT</arg>
<arg>PW</arg>
<arg>PY</arg>
<arg>QA</arg>
<arg>RE</arg>
<arg>RO</arg>
<arg>RS</arg>
<arg>RU</arg>
<arg>RW</arg>
<arg>SA</arg>
<arg>SB</arg>
<arg>SC</arg>
<arg>SD</arg>
<arg>SE</arg>
<arg>SG</arg>
<arg>SH</arg>
<arg>SI</arg>
<arg>SJ</arg>
<arg>SK</arg>
<arg>SL</arg>
<arg>SM</arg>
<arg>SN</arg>
<arg>SO</arg>
<arg>SR</arg>
<arg>SS</arg>
<arg>ST</arg>
<arg>SV</arg>
<arg>SX</arg>
<arg>SY</arg>
<arg>SZ</arg>
<arg>TC</arg>
<arg>TD</arg>
<arg>TF</arg>
<arg>TG</arg>
<arg>TH</arg>
<arg>TJ</arg>
<arg>TK</arg>
<arg>TL</arg>
<arg>TM</arg>
<arg>TN</arg>
<arg>TO</arg>
<arg>TR</arg>
<arg>TT</arg>
<arg>TV</arg>
<arg>TW</arg>
<arg>TZ</arg>
<arg>UA</arg>
<arg>UG</arg>
<arg>UM</arg>
<arg>US</arg>
<arg>UY</arg>
<arg>UZ</arg>
<arg>VA</arg>
<arg>VC</arg>
<arg>VE</arg>
<arg>VG</arg>
<arg>VI</arg>
<arg>VN</arg>
<arg>VU</arg>
<arg>WF</arg>
<arg>WS</arg>
<arg>XK</arg>
<arg>YE</arg>
<arg>YT</arg>
<arg>ZA</arg>
<arg>ZM</arg>
<arg>ZW</arg>
<doc>Returns a list containing given items.</doc>
<status status="PASS" start="2024-06-30T03:17:52.842074" elapsed="0.000618"/>
</kw>
<kw name="List Should Contain Value" owner="Collections">
<arg>${list_country}</arg>
<arg>${name_country}</arg>
<doc>Fails if the ``value`` is not found from ``list``.</doc>
<status status="PASS" start="2024-06-30T03:17:52.843504" elapsed="0.000202"/>
</kw>
<kw name="Run Keyword If" owner="BuiltIn">
<kw name="Should Be True" owner="BuiltIn">
<arg>${True}</arg>
<doc>Fails if the given condition is not true.</doc>
<status status="PASS" start="2024-06-30T03:17:52.844650" elapsed="0.000143"/>
</kw>
<arg>${json_data["results"][0]["location"]["coordinates"]["latitude"]} &gt;= -90 and ${json_data["results"][0]["location"]["coordinates"]["latitude"]} &lt;= 90</arg>
<arg>Should Be True</arg>
<arg>${True}</arg>
<doc>Runs the given keyword with the given arguments, if ``condition`` is true.</doc>
<status status="PASS" start="2024-06-30T03:17:52.843902" elapsed="0.001016"/>
</kw>
<kw name="Run Keyword If" owner="BuiltIn">
<kw name="Should Be True" owner="BuiltIn">
<arg>${True}</arg>
<doc>Fails if the given condition is not true.</doc>
<status status="PASS" start="2024-06-30T03:17:52.845812" elapsed="0.000239"/>
</kw>
<arg>${json_data["results"][0]["location"]["coordinates"]["longitude"]} &gt;= -180 and ${json_data["results"][0]["location"]["coordinates"]["longitude"]} &lt;= 180</arg>
<arg>Should Be True</arg>
<arg>${True}</arg>
<doc>Runs the given keyword with the given arguments, if ``condition`` is true.</doc>
<status status="PASS" start="2024-06-30T03:17:52.845123" elapsed="0.001057"/>
</kw>
<status status="PASS" start="2024-06-30T03:17:52.751584" elapsed="0.094729"/>
</kw>
<doc>Testa o conteúdo específico dos campos retornados pela API.</doc>
<tag>testeConteudo</tag>
<status status="PASS" start="2024-06-30T03:17:52.751132" elapsed="0.095330"/>
</test>
<status status="PASS" start="2024-06-30T03:17:51.825253" elapsed="1.023117"/>
</suite>
<status status="PASS" start="2024-06-30T03:17:51.810516" elapsed="1.042898"/>
</suite>
<statistics>
<total>
<stat pass="5" fail="0" skip="0">All Tests</stat>
</total>
<tag>
<stat pass="1" fail="0" skip="0">testeConteudo</stat>
<stat pass="1" fail="0" skip="0">testeEstruturaResposta</stat>
<stat pass="1" fail="0" skip="0">testeRequisicaoBasica</stat>
<stat pass="1" fail="0" skip="0">testeTiposDados</stat>
</tag>
<suite>
<stat pass="5" fail="0" skip="0" id="s1" name="Tests">Tests</stat>
<stat pass="5" fail="0" skip="0" id="s1-s1" name="Random-User-Test">Tests.Random-User-Test</stat>
</suite>
</statistics>
<errors>
</errors>
</robot>
