<?xml version="1.0" encoding="UTF-8"?>
<robot generator="Robot 7.0 (Python 3.12.3 on linux)" generated="2024-06-03T02:30:49.171003" rpa="false" schemaversion="5">
<suite id="s1" name="Tests" source="/home/runner/work/ApiRandomUser/ApiRandomUser/RamdonUser/tests">
<suite id="s1-s1" name="Random-User-Test" source="/home/runner/work/ApiRandomUser/ApiRandomUser/RamdonUser/tests/random-user-test.robot">
<test id="s1-s1-t1" name="Conectar" line="13">
<kw name="Conectar API" owner="random-user-service">
<kw name="Create Session" owner="RequestsLibrary">
<msg time="2024-06-03T02:30:49.554695" level="INFO">Creating Session using : alias=consultarAPI, url=https://randomuser.me/, headers={},                     cookies={}, auth=None, timeout=None, proxies=None, verify=False,                     debug=0 </msg>
<arg>consultarAPI</arg>
<arg>${URL}</arg>
<doc>Create Session: create a HTTP session to a server</doc>
<status status="PASS" start="2024-06-03T02:30:49.554486" elapsed="0.000414"/>
</kw>
<status status="PASS" start="2024-06-03T02:30:49.553498" elapsed="0.001773"/>
</kw>
<status status="PASS" start="2024-06-03T02:30:49.552903" elapsed="0.002565"/>
</test>
<test id="s1-s1-t2" name="Validar retorno 200 e JSON Válido" line="16">
<kw name="Teste de Requisicao Basica" owner="random-user-service">
<kw name="GET On Session" owner="RequestsLibrary">
<msg time="2024-06-03T02:30:49.752828" level="INFO">GET Request : url=https://randomuser.me/api 
 path_url=/api 
 headers={'User-Agent': 'python-requests/2.32.3', 'Accept-Encoding': 'gzip, deflate', 'Accept': '*/*', 'Connection': 'keep-alive'} 
 body=None 
 </msg>
<msg time="2024-06-03T02:30:49.752997" level="INFO">GET Response : url=https://randomuser.me/api 
 status=200, reason=OK 
 headers={'Date': 'Mon, 03 Jun 2024 02:30:49 GMT', 'Content-Type': 'application/json; charset=utf-8', 'Transfer-Encoding': 'chunked', 'Connection': 'keep-alive', 'X-Powered-By': 'Express', 'Access-Control-Allow-Origin': '*', 'Cache-Control': 'no-cache', 'ETag': 'W/"47f-py/u5l+GlTxq7Yfovwja2MMiJdc"', 'Vary': 'Accept-Encoding', 'Content-Encoding': 'gzip', 'CF-Cache-Status': 'DYNAMIC', 'Report-To': '{"endpoints":[{"url":"https:\\/\\/a.nel.cloudflare.com\\/report\\/v4?s=2BiQFbZFLnE5AvumINb%2BOx9ZMBCdxZSbUmFa9GiQDoMDTK0NSIaG9LOI7BZd7SXtT%2Bm32TdvjZ6bNuAHbIN8dUeJg0oKgt5SEtiW5zUVtn3YBQNLDcJ1HakO2Xat%2FDRX"}],"group":"cf-nel","max_age":604800}', 'NEL': '{"success_fraction":0,"report_to":"cf-nel","max_age":604800}', 'Server': 'cloudflare', 'CF-RAY': '88dc437098699c5a-IAD', 'alt-svc': 'h3=":443"; ma=86400'} 
 body={"results":[{"gender":"male","name":{"title":"Mr","first":"Edin","last":"Kamper"},"location":{"street":{"number":554,"name":"J. Evertsenstraat"},"city":"Bunschoten","state":"Groningen","country":"Netherlands","postcode":"6568 LM","coordinates":{"latitude":"32.7790","longitude":"-120.2100"},"timezone":{"offset":"-2:00","description":"Mid-Atlantic"}},"email":"edin.kamper@example.com","login":{"uuid":"3560c263-a1fe-48c6-b69e-d6d35ef72e81","username":"purpletiger838","password":"harvey","salt":"Oe96FUzS","md5":"efb640498848810a95901aef73b29dd0","sha1":"cf26c9d6c450a0bd8948b6112d317b4f62c350c1","sha256":"4b49dd2cdc0270bbc8ad637e60667ead35a9c79f5e19b46cbe080bc5c3a21d37"},"dob":{"date":"1966-04-24T23:48:37.593Z","age":58},"registered":{"date":"2019-04-22T04:52:27.293Z","age":5},"phone":"(039) 9418517","cell":"(06) 69905233","id":{"name":"BSN","value":"43116931"},"picture":{"large":"https://randomuser.me/api/portraits/men/20.jpg","medium":"https://randomuser.me/api/portraits/med/men/20.jpg","thumbnail":"https://randomuser.me/api/portraits/thumb/men/20.jpg"},"nat":"NL"}],"info":{"seed":"d8162e370aa8df01","results":1,"page":1,"version":"1.4"}} 
 </msg>
<msg time="2024-06-03T02:30:49.753094" level="INFO">/opt/hostedtoolcache/Python/3.12.3/x64/lib/python3.12/site-packages/urllib3/connectionpool.py:1103: InsecureRequestWarning: Unverified HTTPS request is being made to host 'randomuser.me'. Adding certificate verification is strongly advised. See: https://urllib3.readthedocs.io/en/latest/advanced-usage.html#tls-warnings
  warnings.warn(</msg>
<msg time="2024-06-03T02:30:49.753256" level="INFO">${response} = &lt;Response [200]&gt;</msg>
<var>${response}</var>
<arg>consultarAPI</arg>
<arg>/api</arg>
<doc>Sends a GET request on a previously created HTTP Session.</doc>
<status status="PASS" start="2024-06-03T02:30:49.558100" elapsed="0.195201"/>
</kw>
<kw name="Should Be Equal As Numbers" owner="BuiltIn">
<msg time="2024-06-03T02:30:49.754275" level="INFO">Argument types are:
&lt;class 'int'&gt;
&lt;class 'str'&gt;</msg>
<arg>${response.status_code}</arg>
<arg>200</arg>
<doc>Fails if objects are unequal after converting them to real numbers.</doc>
<status status="PASS" start="2024-06-03T02:30:49.753820" elapsed="0.000522"/>
</kw>
<kw name="Log" owner="BuiltIn">
<msg time="2024-06-03T02:30:49.755101" level="INFO">200</msg>
<arg>${response.status_code}</arg>
<doc>Logs the given message with the given level.</doc>
<status status="PASS" start="2024-06-03T02:30:49.754709" elapsed="0.000441"/>
</kw>
<kw name="Set Variable" owner="BuiltIn">
<msg time="2024-06-03T02:30:49.755913" level="INFO">${json_data} = {'results': [{'gender': 'male', 'name': {'title': 'Mr', 'first': 'Edin', 'last': 'Kamper'}, 'location': {'street': {'number': 554, 'name': 'J. Evertsenstraat'}, 'city': 'Bunschoten', 'state': 'Groning...</msg>
<var>${json_data}</var>
<arg>${response.json()}</arg>
<doc>Returns the given values which can then be assigned to a variables.</doc>
<status status="PASS" start="2024-06-03T02:30:49.755469" elapsed="0.000475"/>
</kw>
<kw name="Dictionary Should Contain Key" owner="Collections">
<msg time="2024-06-03T02:30:49.756424" level="INFO">False</msg>
<arg>${json_data}</arg>
<arg>results</arg>
<doc>Fails if ``key`` is not found from ``dictionary``.</doc>
<status status="PASS" start="2024-06-03T02:30:49.756253" elapsed="0.000211"/>
</kw>
<status status="PASS" start="2024-06-03T02:30:49.557852" elapsed="0.198873"/>
</kw>
<doc>Testa se a API responde corretamente e retorna um objeto JSON válido.</doc>
<tag>testeRequisicaoBasica</tag>
<status status="PASS" start="2024-06-03T02:30:49.557333" elapsed="0.199583"/>
</test>
<test id="s1-s1-t3" name="Validar estrutura de resposta" line="22">
<kw name="Teste de Estrutura de Resposta" owner="random-user-service">
<kw name="GET On Session" owner="RequestsLibrary">
<msg time="2024-06-03T02:30:49.846277" level="INFO">GET Request : url=https://randomuser.me/api 
 path_url=/api 
 headers={'User-Agent': 'python-requests/2.32.3', 'Accept-Encoding': 'gzip, deflate', 'Accept': '*/*', 'Connection': 'keep-alive'} 
 body=None 
 </msg>
<msg time="2024-06-03T02:30:49.846347" level="INFO">GET Response : url=https://randomuser.me/api 
 status=200, reason=OK 
 headers={'Date': 'Mon, 03 Jun 2024 02:30:49 GMT', 'Content-Type': 'application/json; charset=utf-8', 'Transfer-Encoding': 'chunked', 'Connection': 'keep-alive', 'X-Powered-By': 'Express', 'Access-Control-Allow-Origin': '*', 'Cache-Control': 'no-cache', 'ETag': 'W/"484-CgkwVJy9XaBulavyYJdyhhVPpFE"', 'Vary': 'Accept-Encoding', 'Content-Encoding': 'gzip', 'CF-Cache-Status': 'DYNAMIC', 'Report-To': '{"endpoints":[{"url":"https:\\/\\/a.nel.cloudflare.com\\/report\\/v4?s=Nmqp2nsrr6ccatqtKlU%2FNtMglfB%2BfVuWDt1JcWZqbkkKGBTFGeG3myyHu1NE252dNCb6dXjNTu3kO0ACxGlKKRzd8CZ%2FNic%2FEsItTn1dtmK7MV%2BJtplFf6%2B5VeC9JPgw"}],"group":"cf-nel","max_age":604800}', 'NEL': '{"success_fraction":0,"report_to":"cf-nel","max_age":604800}', 'Server': 'cloudflare', 'CF-RAY': '88dc437108dc9c5a-IAD', 'alt-svc': 'h3=":443"; ma=86400'} 
 body={"results":[{"gender":"male","name":{"title":"Mr","first":"Mathias","last":"Johansen"},"location":{"street":{"number":4754,"name":"Toftevangen"},"city":"Bælum","state":"Danmark","country":"Denmark","postcode":66257,"coordinates":{"latitude":"-41.2287","longitude":"-81.1566"},"timezone":{"offset":"+9:00","description":"Tokyo, Seoul, Osaka, Sapporo, Yakutsk"}},"email":"mathias.johansen@example.com","login":{"uuid":"94d7d20a-119d-432a-95a0-c400d2db7638","username":"redbear791","password":"fishing1","salt":"hhKYolNM","md5":"b5c091d2a6b82f27fbe223a58a57957f","sha1":"84032418c88eaa1567872b04e80c99ab516014ad","sha256":"6f04a3de439b97911fa50296e485a353f7fa72b02b92e3dc3ca389ee53fdbd91"},"dob":{"date":"1958-11-07T02:07:14.406Z","age":65},"registered":{"date":"2003-05-17T13:47:11.117Z","age":21},"phone":"81874425","cell":"62033204","id":{"name":"CPR","value":"061158-1570"},"picture":{"large":"https://randomuser.me/api/portraits/men/4.jpg","medium":"https://randomuser.me/api/portraits/med/men/4.jpg","thumbnail":"https://randomuser.me/api/portraits/thumb/men/4.jpg"},"nat":"DK"}],"info":{"seed":"8d5ed79ea757f1e5","results":1,"page":1,"version":"1.4"}} 
 </msg>
<msg time="2024-06-03T02:30:49.846443" level="INFO">/opt/hostedtoolcache/Python/3.12.3/x64/lib/python3.12/site-packages/urllib3/connectionpool.py:1103: InsecureRequestWarning: Unverified HTTPS request is being made to host 'randomuser.me'. Adding certificate verification is strongly advised. See: https://urllib3.readthedocs.io/en/latest/advanced-usage.html#tls-warnings
  warnings.warn(</msg>
<msg time="2024-06-03T02:30:49.846558" level="INFO">${response} = &lt;Response [200]&gt;</msg>
<var>${response}</var>
<arg>consultarAPI</arg>
<arg>/api</arg>
<doc>Sends a GET request on a previously created HTTP Session.</doc>
<status status="PASS" start="2024-06-03T02:30:49.759541" elapsed="0.087059"/>
</kw>
<kw name="Set Variable" owner="BuiltIn">
<msg time="2024-06-03T02:30:49.847462" level="INFO">${json_data} = {'results': [{'gender': 'male', 'name': {'title': 'Mr', 'first': 'Mathias', 'last': 'Johansen'}, 'location': {'street': {'number': 4754, 'name': 'Toftevangen'}, 'city': 'Bælum', 'state': 'Danmark', 'c...</msg>
<var>${json_data}</var>
<arg>${response.json()}</arg>
<doc>Returns the given values which can then be assigned to a variables.</doc>
<status status="PASS" start="2024-06-03T02:30:49.846992" elapsed="0.000500"/>
</kw>
<kw name="Log" owner="BuiltIn">
<msg time="2024-06-03T02:30:49.847961" level="INFO">{'results': [{'gender': 'male', 'name': {'title': 'Mr', 'first': 'Mathias', 'last': 'Johansen'}, 'location': {'street': {'number': 4754, 'name': 'Toftevangen'}, 'city': 'Bælum', 'state': 'Danmark', 'country': 'Denmark', 'postcode': 66257, 'coordinates': {'latitude': '-41.2287', 'longitude': '-81.1566'}, 'timezone': {'offset': '+9:00', 'description': 'Tokyo, Seoul, Osaka, Sapporo, Yakutsk'}}, 'email': 'mathias.johansen@example.com', 'login': {'uuid': '94d7d20a-119d-432a-95a0-c400d2db7638', 'username': 'redbear791', 'password': 'fishing1', 'salt': 'hhKYolNM', 'md5': 'b5c091d2a6b82f27fbe223a58a57957f', 'sha1': '84032418c88eaa1567872b04e80c99ab516014ad', 'sha256': '6f04a3de439b97911fa50296e485a353f7fa72b02b92e3dc3ca389ee53fdbd91'}, 'dob': {'date': '1958-11-07T02:07:14.406Z', 'age': 65}, 'registered': {'date': '2003-05-17T13:47:11.117Z', 'age': 21}, 'phone': '81874425', 'cell': '62033204', 'id': {'name': 'CPR', 'value': '061158-1570'}, 'picture': {'large': 'https://randomuser.me/api/portraits/men/4.jpg', 'medium': 'https://randomuser.me/api/portraits/med/men/4.jpg', 'thumbnail': 'https://randomuser.me/api/portraits/thumb/men/4.jpg'}, 'nat': 'DK'}], 'info': {'seed': '8d5ed79ea757f1e5', 'results': 1, 'page': 1, 'version': '1.4'}}</msg>
<arg>${json_data}</arg>
<doc>Logs the given message with the given level.</doc>
<status status="PASS" start="2024-06-03T02:30:49.847801" elapsed="0.000216"/>
</kw>
<kw name="Dictionary Should Contain Key" owner="Collections">
<msg time="2024-06-03T02:30:49.848473" level="INFO">False</msg>
<arg>${json_data}</arg>
<arg>results</arg>
<doc>Fails if ``key`` is not found from ``dictionary``.</doc>
<status status="PASS" start="2024-06-03T02:30:49.848318" elapsed="0.000192"/>
</kw>
<kw name="Should Not Be Empty" owner="BuiltIn">
<msg time="2024-06-03T02:30:49.848947" level="INFO">Length is 2.</msg>
<arg>${json_data}</arg>
<doc>Verifies that the given item is not empty.</doc>
<status status="PASS" start="2024-06-03T02:30:49.848809" elapsed="0.000178"/>
</kw>
<kw name="Create List" owner="BuiltIn">
<msg time="2024-06-03T02:30:49.849568" level="INFO">${expected_keys} = ['gender', 'name', 'location', 'email', 'login']</msg>
<var>${expected_keys}</var>
<arg>gender</arg>
<arg>name</arg>
<arg>location</arg>
<arg>email</arg>
<arg>login</arg>
<doc>Returns a list containing given items.</doc>
<status status="PASS" start="2024-06-03T02:30:49.849280" elapsed="0.000314"/>
</kw>
<for flavor="IN">
<iter>
<kw name="Dictionary Should Contain Key" owner="Collections">
<msg time="2024-06-03T02:30:49.850568" level="INFO">False</msg>
<arg>${json_data['results'][0]}</arg>
<arg>${key}</arg>
<doc>Fails if ``key`` is not found from ``dictionary``.</doc>
<status status="PASS" start="2024-06-03T02:30:49.850178" elapsed="0.000428"/>
</kw>
<kw name="Log" owner="BuiltIn">
<msg time="2024-06-03T02:30:49.851315" level="INFO">{'gender': 'male', 'name': {'title': 'Mr', 'first': 'Mathias', 'last': 'Johansen'}, 'location': {'street': {'number': 4754, 'name': 'Toftevangen'}, 'city': 'Bælum', 'state': 'Danmark', 'country': 'Denmark', 'postcode': 66257, 'coordinates': {'latitude': '-41.2287', 'longitude': '-81.1566'}, 'timezone': {'offset': '+9:00', 'description': 'Tokyo, Seoul, Osaka, Sapporo, Yakutsk'}}, 'email': 'mathias.johansen@example.com', 'login': {'uuid': '94d7d20a-119d-432a-95a0-c400d2db7638', 'username': 'redbear791', 'password': 'fishing1', 'salt': 'hhKYolNM', 'md5': 'b5c091d2a6b82f27fbe223a58a57957f', 'sha1': '84032418c88eaa1567872b04e80c99ab516014ad', 'sha256': '6f04a3de439b97911fa50296e485a353f7fa72b02b92e3dc3ca389ee53fdbd91'}, 'dob': {'date': '1958-11-07T02:07:14.406Z', 'age': 65}, 'registered': {'date': '2003-05-17T13:47:11.117Z', 'age': 21}, 'phone': '81874425', 'cell': '62033204', 'id': {'name': 'CPR', 'value': '061158-1570'}, 'picture': {'large': 'https://randomuser.me/api/portraits/men/4.jpg', 'medium': 'https://randomuser.me/api/portraits/med/men/4.jpg', 'thumbnail': 'https://randomuser.me/api/portraits/thumb/men/4.jpg'}, 'nat': 'DK'}</msg>
<arg>${json_data['results'][0]}</arg>
<doc>Logs the given message with the given level.</doc>
<status status="PASS" start="2024-06-03T02:30:49.850940" elapsed="0.000426"/>
</kw>
<kw name="Log" owner="BuiltIn">
<msg time="2024-06-03T02:30:49.851794" level="INFO">gender</msg>
<arg>${key}</arg>
<doc>Logs the given message with the given level.</doc>
<status status="PASS" start="2024-06-03T02:30:49.851667" elapsed="0.000165"/>
</kw>
<var name="${key}">gender</var>
<status status="PASS" start="2024-06-03T02:30:49.850051" elapsed="0.001997"/>
</iter>
<iter>
<kw name="Dictionary Should Contain Key" owner="Collections">
<msg time="2024-06-03T02:30:49.852741" level="INFO">False</msg>
<arg>${json_data['results'][0]}</arg>
<arg>${key}</arg>
<doc>Fails if ``key`` is not found from ``dictionary``.</doc>
<status status="PASS" start="2024-06-03T02:30:49.852349" elapsed="0.000430"/>
</kw>
<kw name="Log" owner="BuiltIn">
<msg time="2024-06-03T02:30:49.853468" level="INFO">{'gender': 'male', 'name': {'title': 'Mr', 'first': 'Mathias', 'last': 'Johansen'}, 'location': {'street': {'number': 4754, 'name': 'Toftevangen'}, 'city': 'Bælum', 'state': 'Danmark', 'country': 'Denmark', 'postcode': 66257, 'coordinates': {'latitude': '-41.2287', 'longitude': '-81.1566'}, 'timezone': {'offset': '+9:00', 'description': 'Tokyo, Seoul, Osaka, Sapporo, Yakutsk'}}, 'email': 'mathias.johansen@example.com', 'login': {'uuid': '94d7d20a-119d-432a-95a0-c400d2db7638', 'username': 'redbear791', 'password': 'fishing1', 'salt': 'hhKYolNM', 'md5': 'b5c091d2a6b82f27fbe223a58a57957f', 'sha1': '84032418c88eaa1567872b04e80c99ab516014ad', 'sha256': '6f04a3de439b97911fa50296e485a353f7fa72b02b92e3dc3ca389ee53fdbd91'}, 'dob': {'date': '1958-11-07T02:07:14.406Z', 'age': 65}, 'registered': {'date': '2003-05-17T13:47:11.117Z', 'age': 21}, 'phone': '81874425', 'cell': '62033204', 'id': {'name': 'CPR', 'value': '061158-1570'}, 'picture': {'large': 'https://randomuser.me/api/portraits/men/4.jpg', 'medium': 'https://randomuser.me/api/portraits/med/men/4.jpg', 'thumbnail': 'https://randomuser.me/api/portraits/thumb/men/4.jpg'}, 'nat': 'DK'}</msg>
<arg>${json_data['results'][0]}</arg>
<doc>Logs the given message with the given level.</doc>
<status status="PASS" start="2024-06-03T02:30:49.853108" elapsed="0.000410"/>
</kw>
<kw name="Log" owner="BuiltIn">
<msg time="2024-06-03T02:30:49.853947" level="INFO">name</msg>
<arg>${key}</arg>
<doc>Logs the given message with the given level.</doc>
<status status="PASS" start="2024-06-03T02:30:49.853819" elapsed="0.000165"/>
</kw>
<var name="${key}">name</var>
<status status="PASS" start="2024-06-03T02:30:49.852233" elapsed="0.001968"/>
</iter>
<iter>
<kw name="Dictionary Should Contain Key" owner="Collections">
<msg time="2024-06-03T02:30:49.854907" level="INFO">False</msg>
<arg>${json_data['results'][0]}</arg>
<arg>${key}</arg>
<doc>Fails if ``key`` is not found from ``dictionary``.</doc>
<status status="PASS" start="2024-06-03T02:30:49.854489" elapsed="0.000458"/>
</kw>
<kw name="Log" owner="BuiltIn">
<msg time="2024-06-03T02:30:49.855619" level="INFO">{'gender': 'male', 'name': {'title': 'Mr', 'first': 'Mathias', 'last': 'Johansen'}, 'location': {'street': {'number': 4754, 'name': 'Toftevangen'}, 'city': 'Bælum', 'state': 'Danmark', 'country': 'Denmark', 'postcode': 66257, 'coordinates': {'latitude': '-41.2287', 'longitude': '-81.1566'}, 'timezone': {'offset': '+9:00', 'description': 'Tokyo, Seoul, Osaka, Sapporo, Yakutsk'}}, 'email': 'mathias.johansen@example.com', 'login': {'uuid': '94d7d20a-119d-432a-95a0-c400d2db7638', 'username': 'redbear791', 'password': 'fishing1', 'salt': 'hhKYolNM', 'md5': 'b5c091d2a6b82f27fbe223a58a57957f', 'sha1': '84032418c88eaa1567872b04e80c99ab516014ad', 'sha256': '6f04a3de439b97911fa50296e485a353f7fa72b02b92e3dc3ca389ee53fdbd91'}, 'dob': {'date': '1958-11-07T02:07:14.406Z', 'age': 65}, 'registered': {'date': '2003-05-17T13:47:11.117Z', 'age': 21}, 'phone': '81874425', 'cell': '62033204', 'id': {'name': 'CPR', 'value': '061158-1570'}, 'picture': {'large': 'https://randomuser.me/api/portraits/men/4.jpg', 'medium': 'https://randomuser.me/api/portraits/med/men/4.jpg', 'thumbnail': 'https://randomuser.me/api/portraits/thumb/men/4.jpg'}, 'nat': 'DK'}</msg>
<arg>${json_data['results'][0]}</arg>
<doc>Logs the given message with the given level.</doc>
<status status="PASS" start="2024-06-03T02:30:49.855246" elapsed="0.000433"/>
</kw>
<kw name="Log" owner="BuiltIn">
<msg time="2024-06-03T02:30:49.856110" level="INFO">location</msg>
<arg>${key}</arg>
<doc>Logs the given message with the given level.</doc>
<status status="PASS" start="2024-06-03T02:30:49.855984" elapsed="0.000163"/>
</kw>
<var name="${key}">location</var>
<status status="PASS" start="2024-06-03T02:30:49.854379" elapsed="0.001983"/>
</iter>
<iter>
<kw name="Dictionary Should Contain Key" owner="Collections">
<msg time="2024-06-03T02:30:49.857040" level="INFO">False</msg>
<arg>${json_data['results'][0]}</arg>
<arg>${key}</arg>
<doc>Fails if ``key`` is not found from ``dictionary``.</doc>
<status status="PASS" start="2024-06-03T02:30:49.856649" elapsed="0.000428"/>
</kw>
<kw name="Log" owner="BuiltIn">
<msg time="2024-06-03T02:30:49.857743" level="INFO">{'gender': 'male', 'name': {'title': 'Mr', 'first': 'Mathias', 'last': 'Johansen'}, 'location': {'street': {'number': 4754, 'name': 'Toftevangen'}, 'city': 'Bælum', 'state': 'Danmark', 'country': 'Denmark', 'postcode': 66257, 'coordinates': {'latitude': '-41.2287', 'longitude': '-81.1566'}, 'timezone': {'offset': '+9:00', 'description': 'Tokyo, Seoul, Osaka, Sapporo, Yakutsk'}}, 'email': 'mathias.johansen@example.com', 'login': {'uuid': '94d7d20a-119d-432a-95a0-c400d2db7638', 'username': 'redbear791', 'password': 'fishing1', 'salt': 'hhKYolNM', 'md5': 'b5c091d2a6b82f27fbe223a58a57957f', 'sha1': '84032418c88eaa1567872b04e80c99ab516014ad', 'sha256': '6f04a3de439b97911fa50296e485a353f7fa72b02b92e3dc3ca389ee53fdbd91'}, 'dob': {'date': '1958-11-07T02:07:14.406Z', 'age': 65}, 'registered': {'date': '2003-05-17T13:47:11.117Z', 'age': 21}, 'phone': '81874425', 'cell': '62033204', 'id': {'name': 'CPR', 'value': '061158-1570'}, 'picture': {'large': 'https://randomuser.me/api/portraits/men/4.jpg', 'medium': 'https://randomuser.me/api/portraits/med/men/4.jpg', 'thumbnail': 'https://randomuser.me/api/portraits/thumb/men/4.jpg'}, 'nat': 'DK'}</msg>
<arg>${json_data['results'][0]}</arg>
<doc>Logs the given message with the given level.</doc>
<status status="PASS" start="2024-06-03T02:30:49.857387" elapsed="0.000407"/>
</kw>
<kw name="Log" owner="BuiltIn">
<msg time="2024-06-03T02:30:49.858213" level="INFO">email</msg>
<arg>${key}</arg>
<doc>Logs the given message with the given level.</doc>
<status status="PASS" start="2024-06-03T02:30:49.858087" elapsed="0.000164"/>
</kw>
<var name="${key}">email</var>
<status status="PASS" start="2024-06-03T02:30:49.856532" elapsed="0.001931"/>
</iter>
<iter>
<kw name="Dictionary Should Contain Key" owner="Collections">
<msg time="2024-06-03T02:30:49.859162" level="INFO">False</msg>
<arg>${json_data['results'][0]}</arg>
<arg>${key}</arg>
<doc>Fails if ``key`` is not found from ``dictionary``.</doc>
<status status="PASS" start="2024-06-03T02:30:49.858744" elapsed="0.000455"/>
</kw>
<kw name="Log" owner="BuiltIn">
<msg time="2024-06-03T02:30:49.859848" level="INFO">{'gender': 'male', 'name': {'title': 'Mr', 'first': 'Mathias', 'last': 'Johansen'}, 'location': {'street': {'number': 4754, 'name': 'Toftevangen'}, 'city': 'Bælum', 'state': 'Danmark', 'country': 'Denmark', 'postcode': 66257, 'coordinates': {'latitude': '-41.2287', 'longitude': '-81.1566'}, 'timezone': {'offset': '+9:00', 'description': 'Tokyo, Seoul, Osaka, Sapporo, Yakutsk'}}, 'email': 'mathias.johansen@example.com', 'login': {'uuid': '94d7d20a-119d-432a-95a0-c400d2db7638', 'username': 'redbear791', 'password': 'fishing1', 'salt': 'hhKYolNM', 'md5': 'b5c091d2a6b82f27fbe223a58a57957f', 'sha1': '84032418c88eaa1567872b04e80c99ab516014ad', 'sha256': '6f04a3de439b97911fa50296e485a353f7fa72b02b92e3dc3ca389ee53fdbd91'}, 'dob': {'date': '1958-11-07T02:07:14.406Z', 'age': 65}, 'registered': {'date': '2003-05-17T13:47:11.117Z', 'age': 21}, 'phone': '81874425', 'cell': '62033204', 'id': {'name': 'CPR', 'value': '061158-1570'}, 'picture': {'large': 'https://randomuser.me/api/portraits/men/4.jpg', 'medium': 'https://randomuser.me/api/portraits/med/men/4.jpg', 'thumbnail': 'https://randomuser.me/api/portraits/thumb/men/4.jpg'}, 'nat': 'DK'}</msg>
<arg>${json_data['results'][0]}</arg>
<doc>Logs the given message with the given level.</doc>
<status status="PASS" start="2024-06-03T02:30:49.859492" elapsed="0.000405"/>
</kw>
<kw name="Log" owner="BuiltIn">
<msg time="2024-06-03T02:30:49.860310" level="INFO">login</msg>
<arg>${key}</arg>
<doc>Logs the given message with the given level.</doc>
<status status="PASS" start="2024-06-03T02:30:49.860187" elapsed="0.000160"/>
</kw>
<var name="${key}">login</var>
<status status="PASS" start="2024-06-03T02:30:49.858634" elapsed="0.001927"/>
</iter>
<var>${key}</var>
<value>@{expected_keys}</value>
<status status="PASS" start="2024-06-03T02:30:49.849857" elapsed="0.010852"/>
</for>
<kw name="Create List" owner="BuiltIn">
<msg time="2024-06-03T02:30:49.861047" level="INFO">${expected_keysTwo} = ['username', 'password']</msg>
<var>${expected_keysTwo}</var>
<arg>username</arg>
<arg>password</arg>
<doc>Returns a list containing given items.</doc>
<status status="PASS" start="2024-06-03T02:30:49.860913" elapsed="0.000158"/>
</kw>
<for flavor="IN">
<iter>
<kw name="Dictionary Should Contain Key" owner="Collections">
<msg time="2024-06-03T02:30:49.861945" level="INFO">False</msg>
<arg>${json_data['results'][0]['login']}</arg>
<arg>${keyTwo}</arg>
<doc>Fails if ``key`` is not found from ``dictionary``.</doc>
<status status="PASS" start="2024-06-03T02:30:49.861561" elapsed="0.000422"/>
</kw>
<kw name="Dictionary Should Contain Key" owner="Collections">
<msg time="2024-06-03T02:30:49.862649" level="INFO">False</msg>
<arg>${json_data['results'][0]['login']}</arg>
<arg>${keyTwo}</arg>
<doc>Fails if ``key`` is not found from ``dictionary``.</doc>
<status status="PASS" start="2024-06-03T02:30:49.862274" elapsed="0.000411"/>
</kw>
<kw name="Log" owner="BuiltIn">
<msg time="2024-06-03T02:30:49.863141" level="INFO">username</msg>
<arg>${keyTwo}</arg>
<doc>Logs the given message with the given level.</doc>
<status status="PASS" start="2024-06-03T02:30:49.863016" elapsed="0.000163"/>
</kw>
<var name="${keyTwo}">username</var>
<status status="PASS" start="2024-06-03T02:30:49.861453" elapsed="0.001938"/>
</iter>
<iter>
<kw name="Dictionary Should Contain Key" owner="Collections">
<msg time="2024-06-03T02:30:49.864080" level="INFO">False</msg>
<arg>${json_data['results'][0]['login']}</arg>
<arg>${keyTwo}</arg>
<doc>Fails if ``key`` is not found from ``dictionary``.</doc>
<status status="PASS" start="2024-06-03T02:30:49.863673" elapsed="0.000444"/>
</kw>
<kw name="Dictionary Should Contain Key" owner="Collections">
<msg time="2024-06-03T02:30:49.864861" level="INFO">False</msg>
<arg>${json_data['results'][0]['login']}</arg>
<arg>${keyTwo}</arg>
<doc>Fails if ``key`` is not found from ``dictionary``.</doc>
<status status="PASS" start="2024-06-03T02:30:49.864411" elapsed="0.000491"/>
</kw>
<kw name="Log" owner="BuiltIn">
<msg time="2024-06-03T02:30:49.865326" level="INFO">password</msg>
<arg>${keyTwo}</arg>
<doc>Logs the given message with the given level.</doc>
<status status="PASS" start="2024-06-03T02:30:49.865199" elapsed="0.000165"/>
</kw>
<var name="${keyTwo}">password</var>
<status status="PASS" start="2024-06-03T02:30:49.863559" elapsed="0.002015"/>
</iter>
<var>${keyTwo}</var>
<value>@{expected_keysTwo}</value>
<status status="PASS" start="2024-06-03T02:30:49.861305" elapsed="0.004388"/>
</for>
<status status="PASS" start="2024-06-03T02:30:49.759299" elapsed="0.106530"/>
</kw>
<doc>Testa a estrutura da resposta da API.</doc>
<tag>testeEstruturaResposta</tag>
<status status="PASS" start="2024-06-03T02:30:49.758745" elapsed="0.107232"/>
</test>
<test id="s1-s1-t4" name="Validar tipos de dados" line="28">
<kw name="Teste de Tipos de Dados" owner="random-user-service">
<kw name="GET On Session" owner="RequestsLibrary">
<msg time="2024-06-03T02:30:49.972327" level="INFO">GET Request : url=https://randomuser.me/api 
 path_url=/api 
 headers={'User-Agent': 'python-requests/2.32.3', 'Accept-Encoding': 'gzip, deflate', 'Accept': '*/*', 'Connection': 'keep-alive'} 
 body=None 
 </msg>
<msg time="2024-06-03T02:30:49.972412" level="INFO">GET Response : url=https://randomuser.me/api 
 status=200, reason=OK 
 headers={'Date': 'Mon, 03 Jun 2024 02:30:49 GMT', 'Content-Type': 'application/json; charset=utf-8', 'Transfer-Encoding': 'chunked', 'Connection': 'keep-alive', 'X-Powered-By': 'Express', 'Access-Control-Allow-Origin': '*', 'Cache-Control': 'no-cache', 'ETag': 'W/"4a8-sk9oghEASP8+vBGcbEah4CQP6v4"', 'Vary': 'Accept-Encoding', 'Content-Encoding': 'gzip', 'CF-Cache-Status': 'DYNAMIC', 'Report-To': '{"endpoints":[{"url":"https:\\/\\/a.nel.cloudflare.com\\/report\\/v4?s=Y7t795wB5eJlyi3eVJ2bjBewwnSiSbn0o2NBi2WrOWVS29b%2BMeF0%2FSY%2FSTh%2BbLwuIvy%2FQ2KkD%2Fsjdh8DEd7tg6et82AZX47%2BiAjY8aC6jHl1C7XxJi65w9v1yOwlks28"}],"group":"cf-nel","max_age":604800}', 'NEL': '{"success_fraction":0,"report_to":"cf-nel","max_age":604800}', 'Server': 'cloudflare', 'CF-RAY': '88dc4371b9a89c5a-IAD', 'alt-svc': 'h3=":443"; ma=86400'} 
 body={"results":[{"gender":"male","name":{"title":"Mr","first":"Dragojlo","last":"Tomašević"},"location":{"street":{"number":9455,"name":"Miodraga Popovića"},"city":"Gadžin Han","state":"Kosovo-Pomoravlje","country":"Serbia","postcode":95415,"coordinates":{"latitude":"63.3725","longitude":"-67.1709"},"timezone":{"offset":"+10:00","description":"Eastern Australia, Guam, Vladivostok"}},"email":"dragojlo.tomasevic@example.com","login":{"uuid":"3dff833f-1b02-4143-80c0-b6c907e02b7b","username":"smallbear744","password":"19691969","salt":"gTbjhsoG","md5":"2687f511e356cff043abca20f8707c21","sha1":"4bc8d465a6cc7544cefebd5be8f1e6400e250dc6","sha256":"ece22b4123d189bdd1d16fba69c1dafebfa7eff104b7aa1e347384c5ab48242d"},"dob":{"date":"1966-03-04T08:18:27.871Z","age":58},"registered":{"date":"2018-02-04T13:49:47.316Z","age":6},"phone":"014-9017-462","cell":"062-8304-020","id":{"name":"SID","value":"721178125"},"picture":{"large":"https://randomuser.me/api/portraits/men/58.jpg","medium":"https://randomuser.me/api/portraits/med/men/58.jpg","thumbnail":"https://randomuser.me/api/portraits/thumb/men/58.jpg"},"nat":"RS"}],"info":{"seed":"2ec958753110dbe0","results":1,"page":1,"version":"1.4"}} 
 </msg>
<msg time="2024-06-03T02:30:49.972491" level="INFO">/opt/hostedtoolcache/Python/3.12.3/x64/lib/python3.12/site-packages/urllib3/connectionpool.py:1103: InsecureRequestWarning: Unverified HTTPS request is being made to host 'randomuser.me'. Adding certificate verification is strongly advised. See: https://urllib3.readthedocs.io/en/latest/advanced-usage.html#tls-warnings
  warnings.warn(</msg>
<msg time="2024-06-03T02:30:49.972605" level="INFO">${response} = &lt;Response [200]&gt;</msg>
<var>${response}</var>
<arg>consultarAPI</arg>
<arg>/api</arg>
<doc>Sends a GET request on a previously created HTTP Session.</doc>
<status status="PASS" start="2024-06-03T02:30:49.868418" elapsed="0.104228"/>
</kw>
<kw name="Set Variable" owner="BuiltIn">
<msg time="2024-06-03T02:30:49.973473" level="INFO">${json_data} = {'results': [{'gender': 'male', 'name': {'title': 'Mr', 'first': 'Dragojlo', 'last': 'Tomašević'}, 'location': {'street': {'number': 9455, 'name': 'Miodraga Popovića'}, 'city': 'Gadžin Han', 'state': ...</msg>
<var>${json_data}</var>
<arg>${response.json()}</arg>
<doc>Returns the given values which can then be assigned to a variables.</doc>
<status status="PASS" start="2024-06-03T02:30:49.973024" elapsed="0.000481"/>
</kw>
<kw name="Log" owner="BuiltIn">
<msg time="2024-06-03T02:30:49.973969" level="INFO">{'results': [{'gender': 'male', 'name': {'title': 'Mr', 'first': 'Dragojlo', 'last': 'Tomašević'}, 'location': {'street': {'number': 9455, 'name': 'Miodraga Popovića'}, 'city': 'Gadžin Han', 'state': 'Kosovo-Pomoravlje', 'country': 'Serbia', 'postcode': 95415, 'coordinates': {'latitude': '63.3725', 'longitude': '-67.1709'}, 'timezone': {'offset': '+10:00', 'description': 'Eastern Australia, Guam, Vladivostok'}}, 'email': 'dragojlo.tomasevic@example.com', 'login': {'uuid': '3dff833f-1b02-4143-80c0-b6c907e02b7b', 'username': 'smallbear744', 'password': '19691969', 'salt': 'gTbjhsoG', 'md5': '2687f511e356cff043abca20f8707c21', 'sha1': '4bc8d465a6cc7544cefebd5be8f1e6400e250dc6', 'sha256': 'ece22b4123d189bdd1d16fba69c1dafebfa7eff104b7aa1e347384c5ab48242d'}, 'dob': {'date': '1966-03-04T08:18:27.871Z', 'age': 58}, 'registered': {'date': '2018-02-04T13:49:47.316Z', 'age': 6}, 'phone': '014-9017-462', 'cell': '062-8304-020', 'id': {'name': 'SID', 'value': '721178125'}, 'picture': {'large': 'https://randomuser.me/api/portraits/men/58.jpg', 'medium': 'https://randomuser.me/api/portraits/med/men/58.jpg', 'thumbnail': 'https://randomuser.me/api/portraits/thumb/men/58.jpg'}, 'nat': 'RS'}], 'info': {'seed': '2ec958753110dbe0', 'results': 1, 'page': 1, 'version': '1.4'}}</msg>
<arg>${json_data}</arg>
<doc>Logs the given message with the given level.</doc>
<status status="PASS" start="2024-06-03T02:30:49.973812" elapsed="0.000239"/>
</kw>
<kw name="Should Be String" owner="String">
<arg>${json_data['results'][0]['gender']}</arg>
<doc>Fails if the given ``item`` is not a string.</doc>
<status status="PASS" start="2024-06-03T02:30:49.974351" elapsed="0.000358"/>
</kw>
<kw name="Should Match Regexp" owner="BuiltIn">
<arg>${json_data['results'][0]['email']}</arg>
<arg>^[a-zA-Z0-9._%+-]+@[a-zA-Z0-9.-]+\.[a-zA-Z]{2,}$</arg>
<doc>Fails if ``string`` does not match ``pattern`` as a regular expression.</doc>
<status status="PASS" start="2024-06-03T02:30:49.974943" elapsed="0.000514"/>
</kw>
<kw name="Should Match Regexp" owner="BuiltIn">
<arg>${json_data['results'][0]['dob']['date']}</arg>
<arg>\\d{4}-\\d{2}-\\d{2}T\\d{2}:\\d{2}:\\d{2}\\.\\d{3}Z</arg>
<doc>Fails if ``string`` does not match ``pattern`` as a regular expression.</doc>
<status status="PASS" start="2024-06-03T02:30:49.975654" elapsed="0.000488"/>
</kw>
<kw name="Should Match Regexp" owner="BuiltIn">
<arg>${json_data['results'][0]['registered']['date']}</arg>
<arg>\\d{4}-\\d{2}-\\d{2}T\\d{2}:\\d{2}:\\d{2}\\.\\d{3}Z</arg>
<doc>Fails if ``string`` does not match ``pattern`` as a regular expression.</doc>
<status status="PASS" start="2024-06-03T02:30:49.976332" elapsed="0.000360"/>
</kw>
<kw name="Should Match Regexp" owner="BuiltIn">
<arg>${json_data['results'][0]['picture']['large']}</arg>
<arg>^https?://.*\.(?:png|jpe?g|gif|bmp)$</arg>
<doc>Fails if ``string`` does not match ``pattern`` as a regular expression.</doc>
<status status="PASS" start="2024-06-03T02:30:49.976877" elapsed="0.000446"/>
</kw>
<kw name="Should Match Regexp" owner="BuiltIn">
<arg>${json_data['results'][0]['picture']['medium']}</arg>
<arg>^https?://.*\.(?:png|jpe?g|gif|bmp)$</arg>
<doc>Fails if ``string`` does not match ``pattern`` as a regular expression.</doc>
<status status="PASS" start="2024-06-03T02:30:49.977515" elapsed="0.000352"/>
</kw>
<kw name="Should Match Regexp" owner="BuiltIn">
<arg>${json_data['results'][0]['picture']['thumbnail']}</arg>
<arg>^https?://.*\.(?:png|jpe?g|gif|bmp)$</arg>
<doc>Fails if ``string`` does not match ``pattern`` as a regular expression.</doc>
<status status="PASS" start="2024-06-03T02:30:49.978054" elapsed="0.000346"/>
</kw>
<kw name="Log" owner="BuiltIn">
<msg time="2024-06-03T02:30:49.978939" level="INFO">{'large': 'https://randomuser.me/api/portraits/men/58.jpg', 'medium': 'https://randomuser.me/api/portraits/med/men/58.jpg', 'thumbnail': 'https://randomuser.me/api/portraits/thumb/men/58.jpg'}</msg>
<arg>${json_data['results'][0]['picture']}</arg>
<doc>Logs the given message with the given level.</doc>
<status status="PASS" start="2024-06-03T02:30:49.978593" elapsed="0.000389"/>
</kw>
<status status="PASS" start="2024-06-03T02:30:49.868187" elapsed="0.111053"/>
</kw>
<kw name="Teste de Tipos de Dados - Postcode" owner="random-user-service">
<kw name="GET On Session" owner="RequestsLibrary">
<msg time="2024-06-03T02:30:50.096613" level="INFO">GET Request : url=https://randomuser.me/api 
 path_url=/api 
 headers={'User-Agent': 'python-requests/2.32.3', 'Accept-Encoding': 'gzip, deflate', 'Accept': '*/*', 'Connection': 'keep-alive'} 
 body=None 
 </msg>
<msg time="2024-06-03T02:30:50.096692" level="INFO">GET Response : url=https://randomuser.me/api 
 status=200, reason=OK 
 headers={'Date': 'Mon, 03 Jun 2024 02:30:50 GMT', 'Content-Type': 'application/json; charset=utf-8', 'Transfer-Encoding': 'chunked', 'Connection': 'keep-alive', 'X-Powered-By': 'Express', 'Access-Control-Allow-Origin': '*', 'Cache-Control': 'no-cache', 'ETag': 'W/"48f-ARgXljAyuU/QizDQ5QkCzFZs3Vg"', 'Vary': 'Accept-Encoding', 'Content-Encoding': 'gzip', 'CF-Cache-Status': 'DYNAMIC', 'Report-To': '{"endpoints":[{"url":"https:\\/\\/a.nel.cloudflare.com\\/report\\/v4?s=%2FxeTExDh77EORzPfklzD1vALQR%2B75bMRW8D5hsptbWigqX0Oo7CAwX8Xtvu4r581iBK9SR7DZNQjQFXmSgRSY%2BhksublXZILR7rmpHSzMhkQQ8bGm8Eg5%2BdSxZrtIdqx"}],"group":"cf-nel","max_age":604800}', 'NEL': '{"success_fraction":0,"report_to":"cf-nel","max_age":604800}', 'Server': 'cloudflare', 'CF-RAY': '88dc43726a769c5a-IAD', 'alt-svc': 'h3=":443"; ma=86400'} 
 body={"results":[{"gender":"male","name":{"title":"Mr","first":"Jaxon","last":"Edwards"},"location":{"street":{"number":5563,"name":"Harewood Road"},"city":"New Plymouth","state":"Tasman","country":"New Zealand","postcode":17237,"coordinates":{"latitude":"54.9356","longitude":"-168.6078"},"timezone":{"offset":"-4:00","description":"Atlantic Time (Canada), Caracas, La Paz"}},"email":"jaxon.edwards@example.com","login":{"uuid":"824859c1-9044-4afc-9409-99cefae00d33","username":"angrymeercat649","password":"corey","salt":"IbqqN8Vw","md5":"55f7be3013b69f058428a8f2ddc10d75","sha1":"451f605623a9c6b5c16f49e3462732aa6595abec","sha256":"b650be14f976de1c50d8886676d8529d7634ee4987d81d01e8758004e3960436"},"dob":{"date":"1979-02-03T06:48:36.247Z","age":45},"registered":{"date":"2018-05-21T04:29:39.380Z","age":6},"phone":"(969)-008-2225","cell":"(731)-199-7307","id":{"name":"","value":null},"picture":{"large":"https://randomuser.me/api/portraits/men/92.jpg","medium":"https://randomuser.me/api/portraits/med/men/92.jpg","thumbnail":"https://randomuser.me/api/portraits/thumb/men/92.jpg"},"nat":"NZ"}],"info":{"seed":"eb7e773482136829","results":1,"page":1,"version":"1.4"}} 
 </msg>
<msg time="2024-06-03T02:30:50.096758" level="INFO">/opt/hostedtoolcache/Python/3.12.3/x64/lib/python3.12/site-packages/urllib3/connectionpool.py:1103: InsecureRequestWarning: Unverified HTTPS request is being made to host 'randomuser.me'. Adding certificate verification is strongly advised. See: https://urllib3.readthedocs.io/en/latest/advanced-usage.html#tls-warnings
  warnings.warn(</msg>
<msg time="2024-06-03T02:30:50.096853" level="INFO">${response} = &lt;Response [200]&gt;</msg>
<var>${response}</var>
<arg>consultarAPI</arg>
<arg>/api</arg>
<doc>Sends a GET request on a previously created HTTP Session.</doc>
<status status="PASS" start="2024-06-03T02:30:49.979677" elapsed="0.117214"/>
</kw>
<kw name="Set Variable" owner="BuiltIn">
<msg time="2024-06-03T02:30:50.097716" level="INFO">${json_data} = {'results': [{'gender': 'male', 'name': {'title': 'Mr', 'first': 'Jaxon', 'last': 'Edwards'}, 'location': {'street': {'number': 5563, 'name': 'Harewood Road'}, 'city': 'New Plymouth', 'state': 'Tasman...</msg>
<var>${json_data}</var>
<arg>${response.json()}</arg>
<doc>Returns the given values which can then be assigned to a variables.</doc>
<status status="PASS" start="2024-06-03T02:30:50.097258" elapsed="0.000486"/>
</kw>
<kw name="Log" owner="BuiltIn">
<msg time="2024-06-03T02:30:50.098200" level="INFO">{'results': [{'gender': 'male', 'name': {'title': 'Mr', 'first': 'Jaxon', 'last': 'Edwards'}, 'location': {'street': {'number': 5563, 'name': 'Harewood Road'}, 'city': 'New Plymouth', 'state': 'Tasman', 'country': 'New Zealand', 'postcode': 17237, 'coordinates': {'latitude': '54.9356', 'longitude': '-168.6078'}, 'timezone': {'offset': '-4:00', 'description': 'Atlantic Time (Canada), Caracas, La Paz'}}, 'email': 'jaxon.edwards@example.com', 'login': {'uuid': '824859c1-9044-4afc-9409-99cefae00d33', 'username': 'angrymeercat649', 'password': 'corey', 'salt': 'IbqqN8Vw', 'md5': '55f7be3013b69f058428a8f2ddc10d75', 'sha1': '451f605623a9c6b5c16f49e3462732aa6595abec', 'sha256': 'b650be14f976de1c50d8886676d8529d7634ee4987d81d01e8758004e3960436'}, 'dob': {'date': '1979-02-03T06:48:36.247Z', 'age': 45}, 'registered': {'date': '2018-05-21T04:29:39.380Z', 'age': 6}, 'phone': '(969)-008-2225', 'cell': '(731)-199-7307', 'id': {'name': '', 'value': None}, 'picture': {'large': 'https://randomuser.me/api/portraits/men/92.jpg', 'medium': 'https://randomuser.me/api/portraits/med/men/92.jpg', 'thumbnail': 'https://randomuser.me/api/portraits/thumb/men/92.jpg'}, 'nat': 'NZ'}], 'info': {'seed': 'eb7e773482136829', 'results': 1, 'page': 1, 'version': '1.4'}}</msg>
<arg>${json_data}</arg>
<doc>Logs the given message with the given level.</doc>
<status status="PASS" start="2024-06-03T02:30:50.098050" elapsed="0.000226"/>
</kw>
<kw name="Should Be Equal As Numbers" owner="BuiltIn">
<arg>${json_data['results'][0]['location']['postcode']}</arg>
<arg>${json_data['results'][0]['location']['postcode']}</arg>
<doc>Fails if objects are unequal after converting them to real numbers.</doc>
<status status="PASS" start="2024-06-03T02:30:50.098575" elapsed="0.000776"/>
</kw>
<kw name="Log" owner="BuiltIn">
<msg time="2024-06-03T02:30:50.099881" level="INFO">17237</msg>
<arg>${json_data['results'][0]['location']['postcode']}</arg>
<doc>Logs the given message with the given level.</doc>
<status status="PASS" start="2024-06-03T02:30:50.099545" elapsed="0.000375"/>
</kw>
<status status="PASS" start="2024-06-03T02:30:49.979457" elapsed="0.120711"/>
</kw>
<doc>Testa se os tipos de dados na resposta da API estão corretos.</doc>
<tag>testeTiposDados</tag>
<status status="PASS" start="2024-06-03T02:30:49.867750" elapsed="0.232577"/>
</test>
<test id="s1-s1-t5" name="Validar conteudo" line="35">
<kw name="Teste de Tipos de Conteudo" owner="random-user-service">
<kw name="GET On Session" owner="RequestsLibrary">
<msg time="2024-06-03T02:30:50.145310" level="INFO">GET Request : url=https://randomuser.me/api 
 path_url=/api 
 headers={'User-Agent': 'python-requests/2.32.3', 'Accept-Encoding': 'gzip, deflate', 'Accept': '*/*', 'Connection': 'keep-alive'} 
 body=None 
 </msg>
<msg time="2024-06-03T02:30:50.145387" level="INFO">GET Response : url=https://randomuser.me/api 
 status=200, reason=OK 
 headers={'Date': 'Mon, 03 Jun 2024 02:30:50 GMT', 'Content-Type': 'application/json; charset=utf-8', 'Transfer-Encoding': 'chunked', 'Connection': 'keep-alive', 'X-Powered-By': 'Express', 'Access-Control-Allow-Origin': '*', 'Cache-Control': 'no-cache', 'ETag': 'W/"4ab-HiNpUgyq7X54z9jDu4kCHKERR2A"', 'Vary': 'Accept-Encoding', 'Content-Encoding': 'gzip', 'CF-Cache-Status': 'DYNAMIC', 'Report-To': '{"endpoints":[{"url":"https:\\/\\/a.nel.cloudflare.com\\/report\\/v4?s=nwg9sA0iiPZaKxs3%2FAggLa59bvo6xM08YegpQ9kEGtwONv%2Bk6UtGX5zoAbzDdIjVsJ1uWOnYEDsVpPbDPDEH27i1i93XhEdmK41xChoD1Gs1vAdlIoUUq3kVFplbZ2RW"}],"group":"cf-nel","max_age":604800}', 'NEL': '{"success_fraction":0,"report_to":"cf-nel","max_age":604800}', 'Server': 'cloudflare', 'CF-RAY': '88dc43732b5f9c5a-IAD', 'alt-svc': 'h3=":443"; ma=86400'} 
 body={"results":[{"gender":"male","name":{"title":"Mr","first":"Wendolin","last":"Véliz"},"location":{"street":{"number":548,"name":"Continuación Norte Raya"},"city":"Zirahuén","state":"Baja California","country":"Mexico","postcode":77106,"coordinates":{"latitude":"25.1025","longitude":"-68.8355"},"timezone":{"offset":"+9:00","description":"Tokyo, Seoul, Osaka, Sapporo, Yakutsk"}},"email":"wendolin.veliz@example.com","login":{"uuid":"ffe07f0b-afd7-40dc-8a19-0c7a4e9ec0bb","username":"bigmeercat138","password":"oatmeal","salt":"Q8ZDb1Xa","md5":"0862c1f453edb9b9969da72c5362e56b","sha1":"5e65506aca12daad4a2679170256501f726c9892","sha256":"cbf5dfe420acc83f947c9a53c84d06bb040c81e942c3dff892ca5480aac35653"},"dob":{"date":"1990-01-07T02:28:07.582Z","age":34},"registered":{"date":"2011-02-10T03:12:46.873Z","age":13},"phone":"(639) 597 0674","cell":"(623) 991 1299","id":{"name":"NSS","value":"03 52 42 2858 2"},"picture":{"large":"https://randomuser.me/api/portraits/men/68.jpg","medium":"https://randomuser.me/api/portraits/med/men/68.jpg","thumbnail":"https://randomuser.me/api/portraits/thumb/men/68.jpg"},"nat":"MX"}],"info":{"seed":"50512aa8d9d2056e","results":1,"page":1,"version":"1.4"}} 
 </msg>
<msg time="2024-06-03T02:30:50.145454" level="INFO">/opt/hostedtoolcache/Python/3.12.3/x64/lib/python3.12/site-packages/urllib3/connectionpool.py:1103: InsecureRequestWarning: Unverified HTTPS request is being made to host 'randomuser.me'. Adding certificate verification is strongly advised. See: https://urllib3.readthedocs.io/en/latest/advanced-usage.html#tls-warnings
  warnings.warn(</msg>
<msg time="2024-06-03T02:30:50.145562" level="INFO">${response} = &lt;Response [200]&gt;</msg>
<var>${response}</var>
<arg>consultarAPI</arg>
<arg>/api</arg>
<doc>Sends a GET request on a previously created HTTP Session.</doc>
<status status="PASS" start="2024-06-03T02:30:50.102813" elapsed="0.042800"/>
</kw>
<kw name="Set Variable" owner="BuiltIn">
<msg time="2024-06-03T02:30:50.146452" level="INFO">${json_data} = {'results': [{'gender': 'male', 'name': {'title': 'Mr', 'first': 'Wendolin', 'last': 'Véliz'}, 'location': {'street': {'number': 548, 'name': 'Continuación Norte Raya'}, 'city': 'Zirahuén', 'state': '...</msg>
<var>${json_data}</var>
<arg>${response.json()}</arg>
<doc>Returns the given values which can then be assigned to a variables.</doc>
<status status="PASS" start="2024-06-03T02:30:50.146015" elapsed="0.000468"/>
</kw>
<kw name="Set Variable" owner="BuiltIn">
<msg time="2024-06-03T02:30:50.147237" level="INFO">${name_title} = Mr</msg>
<var>${name_title}</var>
<arg>${json_data["results"][0]["name"]["title"]}</arg>
<doc>Returns the given values which can then be assigned to a variables.</doc>
<status status="PASS" start="2024-06-03T02:30:50.146858" elapsed="0.000404"/>
</kw>
<kw name="Create List" owner="BuiltIn">
<msg time="2024-06-03T02:30:50.147703" level="INFO">${allowed_titles} = ['Mr', 'Ms', 'Miss', 'Mrs', 'Madame', 'Monsieur']</msg>
<var>${allowed_titles}</var>
<arg>Mr</arg>
<arg>Ms</arg>
<arg>Miss</arg>
<arg>Mrs</arg>
<arg>Madame</arg>
<arg>Monsieur</arg>
<doc>Returns a list containing given items.</doc>
<status status="PASS" start="2024-06-03T02:30:50.147557" elapsed="0.000169"/>
</kw>
<kw name="List Should Contain Value" owner="Collections">
<msg time="2024-06-03T02:30:50.148198" level="INFO">False</msg>
<arg>${allowed_titles}</arg>
<arg>${name_title}</arg>
<doc>Fails if the ``value`` is not found from ``list``.</doc>
<status status="PASS" start="2024-06-03T02:30:50.148024" elapsed="0.000210"/>
</kw>
<kw name="Set Variable" owner="BuiltIn">
<msg time="2024-06-03T02:30:50.148885" level="INFO">${name_country} = MX</msg>
<var>${name_country}</var>
<arg>${json_data["results"][0]["nat"]}</arg>
<doc>Returns the given values which can then be assigned to a variables.</doc>
<status status="PASS" start="2024-06-03T02:30:50.148518" elapsed="0.000391"/>
</kw>
<kw name="Create List" owner="BuiltIn">
<msg time="2024-06-03T02:30:50.149790" level="INFO">${list_country} = ['AD', 'AE', 'AF', 'AG', 'AI', 'AL', 'AM', 'AO', 'AQ', 'AR', 'AS', 'AT', 'AU', 'AW', 'AX', 'AZ', 'BA', 'BB', 'BD', 'BE', 'BF', 'BG', 'BH', 'BI', 'BJ', 'BL', 'BM', 'BN', 'BO', 'BQ', 'BR', 'BS', 'BT', '...</msg>
<var>${list_country}</var>
<arg>AD</arg>
<arg>AE</arg>
<arg>AF</arg>
<arg>AG</arg>
<arg>AI</arg>
<arg>AL</arg>
<arg>AM</arg>
<arg>AO</arg>
<arg>AQ</arg>
<arg>AR</arg>
<arg>AS</arg>
<arg>AT</arg>
<arg>AU</arg>
<arg>AW</arg>
<arg>AX</arg>
<arg>AZ</arg>
<arg>BA</arg>
<arg>BB</arg>
<arg>BD</arg>
<arg>BE</arg>
<arg>BF</arg>
<arg>BG</arg>
<arg>BH</arg>
<arg>BI</arg>
<arg>BJ</arg>
<arg>BL</arg>
<arg>BM</arg>
<arg>BN</arg>
<arg>BO</arg>
<arg>BQ</arg>
<arg>BR</arg>
<arg>BS</arg>
<arg>BT</arg>
<arg>BV</arg>
<arg>BW</arg>
<arg>BY</arg>
<arg>BZ</arg>
<arg>CA</arg>
<arg>CC</arg>
<arg>CD</arg>
<arg>CF</arg>
<arg>CG</arg>
<arg>CH</arg>
<arg>CI</arg>
<arg>CK</arg>
<arg>CL</arg>
<arg>CM</arg>
<arg>CN</arg>
<arg>CO</arg>
<arg>CR</arg>
<arg>CU</arg>
<arg>CV</arg>
<arg>CW</arg>
<arg>CX</arg>
<arg>CY</arg>
<arg>CZ</arg>
<arg>DE</arg>
<arg>DJ</arg>
<arg>DK</arg>
<arg>DM</arg>
<arg>DO</arg>
<arg>DZ</arg>
<arg>EC</arg>
<arg>EE</arg>
<arg>EG</arg>
<arg>EH</arg>
<arg>ER</arg>
<arg>ES</arg>
<arg>ET</arg>
<arg>FI</arg>
<arg>FJ</arg>
<arg>FK</arg>
<arg>FM</arg>
<arg>FO</arg>
<arg>FR</arg>
<arg>GA</arg>
<arg>GB</arg>
<arg>GD</arg>
<arg>GE</arg>
<arg>GF</arg>
<arg>GG</arg>
<arg>GH</arg>
<arg>GI</arg>
<arg>GL</arg>
<arg>GM</arg>
<arg>GN</arg>
<arg>GP</arg>
<arg>GQ</arg>
<arg>GR</arg>
<arg>GS</arg>
<arg>GT</arg>
<arg>GU</arg>
<arg>GW</arg>
<arg>GY</arg>
<arg>HK</arg>
<arg>HM</arg>
<arg>HN</arg>
<arg>HR</arg>
<arg>HT</arg>
<arg>HU</arg>
<arg>ID</arg>
<arg>IE</arg>
<arg>IL</arg>
<arg>IM</arg>
<arg>IN</arg>
<arg>IO</arg>
<arg>IQ</arg>
<arg>IR</arg>
<arg>IS</arg>
<arg>IT</arg>
<arg>JE</arg>
<arg>JM</arg>
<arg>JO</arg>
<arg>JP</arg>
<arg>KE</arg>
<arg>KG</arg>
<arg>KH</arg>
<arg>KI</arg>
<arg>KM</arg>
<arg>KN</arg>
<arg>KP</arg>
<arg>KR</arg>
<arg>KW</arg>
<arg>KY</arg>
<arg>KZ</arg>
<arg>LA</arg>
<arg>LB</arg>
<arg>LC</arg>
<arg>LI</arg>
<arg>LK</arg>
<arg>LR</arg>
<arg>LS</arg>
<arg>LT</arg>
<arg>LU</arg>
<arg>LV</arg>
<arg>LY</arg>
<arg>MA</arg>
<arg>MC</arg>
<arg>MD</arg>
<arg>ME</arg>
<arg>MF</arg>
<arg>MG</arg>
<arg>MH</arg>
<arg>MK</arg>
<arg>ML</arg>
<arg>MM</arg>
<arg>MN</arg>
<arg>MO</arg>
<arg>MP</arg>
<arg>MQ</arg>
<arg>MR</arg>
<arg>MS</arg>
<arg>MT</arg>
<arg>MU</arg>
<arg>MV</arg>
<arg>MW</arg>
<arg>MX</arg>
<arg>MY</arg>
<arg>MZ</arg>
<arg>NA</arg>
<arg>NC</arg>
<arg>NE</arg>
<arg>NF</arg>
<arg>NG</arg>
<arg>NI</arg>
<arg>NL</arg>
<arg>NO</arg>
<arg>NP</arg>
<arg>NR</arg>
<arg>NU</arg>
<arg>NZ</arg>
<arg>OM</arg>
<arg>PA</arg>
<arg>PE</arg>
<arg>PF</arg>
<arg>PG</arg>
<arg>PH</arg>
<arg>PK</arg>
<arg>PL</arg>
<arg>PM</arg>
<arg>PN</arg>
<arg>PR</arg>
<arg>PS</arg>
<arg>PT</arg>
<arg>PW</arg>
<arg>PY</arg>
<arg>QA</arg>
<arg>RE</arg>
<arg>RO</arg>
<arg>RS</arg>
<arg>RU</arg>
<arg>RW</arg>
<arg>SA</arg>
<arg>SB</arg>
<arg>SC</arg>
<arg>SD</arg>
<arg>SE</arg>
<arg>SG</arg>
<arg>SH</arg>
<arg>SI</arg>
<arg>SJ</arg>
<arg>SK</arg>
<arg>SL</arg>
<arg>SM</arg>
<arg>SN</arg>
<arg>SO</arg>
<arg>SR</arg>
<arg>SS</arg>
<arg>ST</arg>
<arg>SV</arg>
<arg>SX</arg>
<arg>SY</arg>
<arg>SZ</arg>
<arg>TC</arg>
<arg>TD</arg>
<arg>TF</arg>
<arg>TG</arg>
<arg>TH</arg>
<arg>TJ</arg>
<arg>TK</arg>
<arg>TL</arg>
<arg>TM</arg>
<arg>TN</arg>
<arg>TO</arg>
<arg>TR</arg>
<arg>TT</arg>
<arg>TV</arg>
<arg>TW</arg>
<arg>TZ</arg>
<arg>UA</arg>
<arg>UG</arg>
<arg>UM</arg>
<arg>US</arg>
<arg>UY</arg>
<arg>UZ</arg>
<arg>VA</arg>
<arg>VC</arg>
<arg>VE</arg>
<arg>VG</arg>
<arg>VI</arg>
<arg>VN</arg>
<arg>VU</arg>
<arg>WF</arg>
<arg>WS</arg>
<arg>XK</arg>
<arg>YE</arg>
<arg>YT</arg>
<arg>ZA</arg>
<arg>ZM</arg>
<arg>ZW</arg>
<doc>Returns a list containing given items.</doc>
<status status="PASS" start="2024-06-03T02:30:50.149202" elapsed="0.000613"/>
</kw>
<kw name="List Should Contain Value" owner="Collections">
<msg time="2024-06-03T02:30:50.150809" level="INFO">False</msg>
<arg>${list_country}</arg>
<arg>${name_country}</arg>
<doc>Fails if the ``value`` is not found from ``list``.</doc>
<status status="PASS" start="2024-06-03T02:30:50.150586" elapsed="0.000262"/>
</kw>
<kw name="Run Keyword If" owner="BuiltIn">
<kw name="Should Be True" owner="BuiltIn">
<arg>${True}</arg>
<doc>Fails if the given condition is not true.</doc>
<status status="PASS" start="2024-06-03T02:30:50.151879" elapsed="0.000139"/>
</kw>
<arg>${json_data["results"][0]["location"]["coordinates"]["latitude"]} &gt;= -90 and ${json_data["results"][0]["location"]["coordinates"]["latitude"]} &lt;= 90</arg>
<arg>Should Be True</arg>
<arg>${True}</arg>
<doc>Runs the given keyword with the given arguments, if ``condition`` is true.</doc>
<status status="PASS" start="2024-06-03T02:30:50.151153" elapsed="0.000989"/>
</kw>
<kw name="Run Keyword If" owner="BuiltIn">
<kw name="Should Be True" owner="BuiltIn">
<arg>${True}</arg>
<doc>Fails if the given condition is not true.</doc>
<status status="PASS" start="2024-06-03T02:30:50.153005" elapsed="0.000238"/>
</kw>
<arg>${json_data["results"][0]["location"]["coordinates"]["longitude"]} &gt;= -180 and ${json_data["results"][0]["location"]["coordinates"]["longitude"]} &lt;= 180</arg>
<arg>Should Be True</arg>
<arg>${True}</arg>
<doc>Runs the given keyword with the given arguments, if ``condition`` is true.</doc>
<status status="PASS" start="2024-06-03T02:30:50.152323" elapsed="0.001043"/>
</kw>
<status status="PASS" start="2024-06-03T02:30:50.102561" elapsed="0.050932"/>
</kw>
<doc>Testa o conteúdo específico dos campos retornados pela API.</doc>
<tag>testeConteudo</tag>
<status status="PASS" start="2024-06-03T02:30:50.102042" elapsed="0.051588"/>
</test>
<status status="PASS" start="2024-06-03T02:30:49.228436" elapsed="0.927059"/>
</suite>
<status status="PASS" start="2024-06-03T02:30:49.214959" elapsed="0.945588"/>
</suite>
<statistics>
<total>
<stat pass="5" fail="0" skip="0">All Tests</stat>
</total>
<tag>
<stat pass="1" fail="0" skip="0">testeConteudo</stat>
<stat pass="1" fail="0" skip="0">testeEstruturaResposta</stat>
<stat pass="1" fail="0" skip="0">testeRequisicaoBasica</stat>
<stat pass="1" fail="0" skip="0">testeTiposDados</stat>
</tag>
<suite>
<stat pass="5" fail="0" skip="0" id="s1" name="Tests">Tests</stat>
<stat pass="5" fail="0" skip="0" id="s1-s1" name="Random-User-Test">Tests.Random-User-Test</stat>
</suite>
</statistics>
<errors>
</errors>
</robot>
