<?xml version="1.0" encoding="UTF-8"?>
<robot generator="Robot 7.0 (Python 3.12.3 on linux)" generated="2024-04-26T15:15:31.981918" rpa="false" schemaversion="5">
<suite id="s1" name="Tests" source="/home/runner/work/DesafioQAItauRogerioJordao/DesafioQAItauRogerioJordao/RamdonUser/tests">
<suite id="s1-s1" name="Random-User-Test" source="/home/runner/work/DesafioQAItauRogerioJordao/DesafioQAItauRogerioJordao/RamdonUser/tests/random-user-test.robot">
<test id="s1-s1-t1" name="Conectar" line="13">
<kw name="Conectar API" owner="random-user-service">
<kw name="Create Session" owner="RequestsLibrary">
<msg time="2024-04-26T15:15:32.349361" level="INFO">Creating Session using : alias=consultarAPI, url=https://randomuser.me/, headers={},                     cookies={}, auth=None, timeout=None, proxies=None, verify=False,                     debug=0 </msg>
<arg>consultarAPI</arg>
<arg>${URL}</arg>
<doc>Create Session: create a HTTP session to a server</doc>
<status status="PASS" start="2024-04-26T15:15:32.349160" elapsed="0.000367"/>
</kw>
<status status="PASS" start="2024-04-26T15:15:32.348216" elapsed="0.001650"/>
</kw>
<status status="PASS" start="2024-04-26T15:15:32.347646" elapsed="0.002411"/>
</test>
<test id="s1-s1-t2" name="Validar retorno 200 e JSON Válido" line="16">
<kw name="Teste de Requisicao Basica" owner="random-user-service">
<kw name="GET On Session" owner="RequestsLibrary">
<msg time="2024-04-26T15:15:32.526732" level="INFO">GET Request : url=https://randomuser.me/api 
 path_url=/api 
 headers={'User-Agent': 'python-requests/2.31.0', 'Accept-Encoding': 'gzip, deflate', 'Accept': '*/*', 'Connection': 'keep-alive'} 
 body=None 
 </msg>
<msg time="2024-04-26T15:15:32.526879" level="INFO">GET Response : url=https://randomuser.me/api 
 status=200, reason=OK 
 headers={'Date': 'Fri, 26 Apr 2024 15:15:32 GMT', 'Content-Type': 'application/json; charset=utf-8', 'Transfer-Encoding': 'chunked', 'Connection': 'keep-alive', 'X-Powered-By': 'Express', 'Access-Control-Allow-Origin': '*', 'Cache-Control': 'no-cache', 'ETag': 'W/"4a9-qDW/SGf3aruKN8VfrP0LWNy39T8"', 'Vary': 'Accept-Encoding', 'Content-Encoding': 'gzip', 'CF-Cache-Status': 'DYNAMIC', 'Report-To': '{"endpoints":[{"url":"https:\\/\\/a.nel.cloudflare.com\\/report\\/v4?s=OM9i7ARmMHkM8FpIdPyHw48rfOOvZhsujrVNKSemn0J4v06AuK8Wa55x0q4G%2BgY%2Fp3yzW3V%2F195WJFZq9mQOS1riSyraWb74aDVK7pLfF6SmhUEBCJYdbQIu2yaDklv1"}],"group":"cf-nel","max_age":604800}', 'NEL': '{"success_fraction":0,"report_to":"cf-nel","max_age":604800}', 'Server': 'cloudflare', 'CF-RAY': '87a7875faa6e7edd-LAX', 'alt-svc': 'h3=":443"; ma=86400'} 
 body={"results":[{"gender":"female","name":{"title":"Miss","first":"سوگند","last":"جعفری"},"location":{"street":{"number":1980,"name":"سهروردی"},"city":"قدس","state":"آذربایجان غربی","country":"Iran","postcode":93881,"coordinates":{"latitude":"14.2684","longitude":"147.2553"},"timezone":{"offset":"-4:00","description":"Atlantic Time (Canada), Caracas, La Paz"}},"email":"swgnd.jaafry@example.com","login":{"uuid":"810435a0-e0c8-4397-ad40-f3f15eb872a5","username":"beautifulwolf305","password":"descent","salt":"cXGmJBi2","md5":"eb09781763886f1ad344f924ab5d5a6f","sha1":"1636dc2ef524b26a697a8e54de4f383cc47c937c","sha256":"722a94cf08e401ac5325e58cf1835d5135147c954e16cbd5c6ae7f96a9a87300"},"dob":{"date":"2000-03-20T07:58:10.338Z","age":24},"registered":{"date":"2003-12-26T20:00:58.032Z","age":20},"phone":"097-54163706","cell":"0932-920-5401","id":{"name":"","value":null},"picture":{"large":"https://randomuser.me/api/portraits/women/31.jpg","medium":"https://randomuser.me/api/portraits/med/women/31.jpg","thumbnail":"https://randomuser.me/api/portraits/thumb/women/31.jpg"},"nat":"IR"}],"info":{"seed":"4fbd410d6e77659f","results":1,"page":1,"version":"1.4"}} 
 </msg>
<msg time="2024-04-26T15:15:32.526972" level="INFO">/opt/hostedtoolcache/Python/3.12.3/x64/lib/python3.12/site-packages/urllib3/connectionpool.py:1103: InsecureRequestWarning: Unverified HTTPS request is being made to host 'randomuser.me'. Adding certificate verification is strongly advised. See: https://urllib3.readthedocs.io/en/latest/advanced-usage.html#tls-warnings
  warnings.warn(</msg>
<msg time="2024-04-26T15:15:32.527135" level="INFO">${response} = &lt;Response [200]&gt;</msg>
<var>${response}</var>
<arg>consultarAPI</arg>
<arg>/api</arg>
<doc>Sends a GET request on a previously created HTTP Session.</doc>
<status status="PASS" start="2024-04-26T15:15:32.352677" elapsed="0.174509"/>
</kw>
<kw name="Should Be Equal As Numbers" owner="BuiltIn">
<msg time="2024-04-26T15:15:32.528264" level="INFO">Argument types are:
&lt;class 'int'&gt;
&lt;class 'str'&gt;</msg>
<arg>${response.status_code}</arg>
<arg>200</arg>
<doc>Fails if objects are unequal after converting them to real numbers.</doc>
<status status="PASS" start="2024-04-26T15:15:32.527790" elapsed="0.000540"/>
</kw>
<kw name="Log" owner="BuiltIn">
<msg time="2024-04-26T15:15:32.529075" level="INFO">200</msg>
<arg>${response.status_code}</arg>
<doc>Logs the given message with the given level.</doc>
<status status="PASS" start="2024-04-26T15:15:32.528665" elapsed="0.000454"/>
</kw>
<kw name="Set Variable" owner="BuiltIn">
<msg time="2024-04-26T15:15:32.529887" level="INFO">${json_data} = {'results': [{'gender': 'female', 'name': {'title': 'Miss', 'first': 'سوگند', 'last': 'جعفری'}, 'location': {'street': {'number': 1980, 'name': 'سهروردی'}, 'city': 'قدس', 'state': 'آذربایجان غربی', 'c...</msg>
<var>${json_data}</var>
<arg>${response.json()}</arg>
<doc>Returns the given values which can then be assigned to a variables.</doc>
<status status="PASS" start="2024-04-26T15:15:32.529431" elapsed="0.000487"/>
</kw>
<kw name="Dictionary Should Contain Key" owner="Collections">
<msg time="2024-04-26T15:15:32.530400" level="INFO">False</msg>
<arg>${json_data}</arg>
<arg>results</arg>
<doc>Fails if ``key`` is not found from ``dictionary``.</doc>
<status status="PASS" start="2024-04-26T15:15:32.530225" elapsed="0.000216"/>
</kw>
<status status="PASS" start="2024-04-26T15:15:32.352435" elapsed="0.178262"/>
</kw>
<doc>Testa se a API responde corretamente e retorna um objeto JSON válido.</doc>
<tag>testeRequisicaoBasica</tag>
<status status="PASS" start="2024-04-26T15:15:32.351916" elapsed="0.178959"/>
</test>
<test id="s1-s1-t3" name="Validar estrutura de resposta" line="22">
<kw name="Teste de Estrutura de Resposta" owner="random-user-service">
<kw name="GET On Session" owner="RequestsLibrary">
<msg time="2024-04-26T15:15:32.638665" level="INFO">GET Request : url=https://randomuser.me/api 
 path_url=/api 
 headers={'User-Agent': 'python-requests/2.31.0', 'Accept-Encoding': 'gzip, deflate', 'Accept': '*/*', 'Connection': 'keep-alive'} 
 body=None 
 </msg>
<msg time="2024-04-26T15:15:32.638731" level="INFO">GET Response : url=https://randomuser.me/api 
 status=200, reason=OK 
 headers={'Date': 'Fri, 26 Apr 2024 15:15:32 GMT', 'Content-Type': 'application/json; charset=utf-8', 'Transfer-Encoding': 'chunked', 'Connection': 'keep-alive', 'X-Powered-By': 'Express', 'Access-Control-Allow-Origin': '*', 'Cache-Control': 'no-cache', 'ETag': 'W/"48f-UviAqOQ6hrGu5AM6AixJVYuTtEo"', 'Vary': 'Accept-Encoding', 'Content-Encoding': 'gzip', 'CF-Cache-Status': 'DYNAMIC', 'Report-To': '{"endpoints":[{"url":"https:\\/\\/a.nel.cloudflare.com\\/report\\/v4?s=du6%2BSbYI3W8UlOkaYzLH1GP4FF7NLZjxCmIPwWF%2FhLn9uQChZpGu5%2FPpq3mZOrCM3Cy0mFU9EYKJYy%2B%2B%2B9taE2p7SYAZSpk%2F9Fvszixvy6jVv5ZZE9T2T654NbkvHDKd"}],"group":"cf-nel","max_age":604800}', 'NEL': '{"success_fraction":0,"report_to":"cf-nel","max_age":604800}', 'Server': 'cloudflare', 'CF-RAY': '87a787605b117edd-LAX', 'alt-svc': 'h3=":443"; ma=86400'} 
 body={"results":[{"gender":"female","name":{"title":"Miss","first":"Anupama","last":"Kumari"},"location":{"street":{"number":6894,"name":"Gali Paranthe Wali"},"city":"Barasat","state":"Uttar Pradesh","country":"India","postcode":14194,"coordinates":{"latitude":"10.3287","longitude":"127.4442"},"timezone":{"offset":"+6:00","description":"Almaty, Dhaka, Colombo"}},"email":"anupama.kumari@example.com","login":{"uuid":"171cb41f-0e00-468d-92cf-5fb14a230bec","username":"whitefrog995","password":"rrrrr","salt":"4cdxHZJk","md5":"894b4935abfbef0aa5e0d7780a23049b","sha1":"8f27c25e7d428b27d168e0c54967ed2825e16145","sha256":"5e7c047b48f4c95160a05de825173e2fc868ac537a269fcb6c13d7f8b625e3c5"},"dob":{"date":"1984-07-31T00:32:55.094Z","age":39},"registered":{"date":"2003-07-25T21:14:16.935Z","age":20},"phone":"9120797904","cell":"7440701457","id":{"name":"UIDAI","value":"871895102868"},"picture":{"large":"https://randomuser.me/api/portraits/women/26.jpg","medium":"https://randomuser.me/api/portraits/med/women/26.jpg","thumbnail":"https://randomuser.me/api/portraits/thumb/women/26.jpg"},"nat":"IN"}],"info":{"seed":"105ba60aa31036e9","results":1,"page":1,"version":"1.4"}} 
 </msg>
<msg time="2024-04-26T15:15:32.638828" level="INFO">/opt/hostedtoolcache/Python/3.12.3/x64/lib/python3.12/site-packages/urllib3/connectionpool.py:1103: InsecureRequestWarning: Unverified HTTPS request is being made to host 'randomuser.me'. Adding certificate verification is strongly advised. See: https://urllib3.readthedocs.io/en/latest/advanced-usage.html#tls-warnings
  warnings.warn(</msg>
<msg time="2024-04-26T15:15:32.638922" level="INFO">${response} = &lt;Response [200]&gt;</msg>
<var>${response}</var>
<arg>consultarAPI</arg>
<arg>/api</arg>
<doc>Sends a GET request on a previously created HTTP Session.</doc>
<status status="PASS" start="2024-04-26T15:15:32.533658" elapsed="0.105305"/>
</kw>
<kw name="Set Variable" owner="BuiltIn">
<msg time="2024-04-26T15:15:32.639978" level="INFO">${json_data} = {'results': [{'gender': 'female', 'name': {'title': 'Miss', 'first': 'Anupama', 'last': 'Kumari'}, 'location': {'street': {'number': 6894, 'name': 'Gali Paranthe Wali'}, 'city': 'Barasat', 'state': 'U...</msg>
<var>${json_data}</var>
<arg>${response.json()}</arg>
<doc>Returns the given values which can then be assigned to a variables.</doc>
<status status="PASS" start="2024-04-26T15:15:32.639410" elapsed="0.000597"/>
</kw>
<kw name="Log" owner="BuiltIn">
<msg time="2024-04-26T15:15:32.640472" level="INFO">{'results': [{'gender': 'female', 'name': {'title': 'Miss', 'first': 'Anupama', 'last': 'Kumari'}, 'location': {'street': {'number': 6894, 'name': 'Gali Paranthe Wali'}, 'city': 'Barasat', 'state': 'Uttar Pradesh', 'country': 'India', 'postcode': 14194, 'coordinates': {'latitude': '10.3287', 'longitude': '127.4442'}, 'timezone': {'offset': '+6:00', 'description': 'Almaty, Dhaka, Colombo'}}, 'email': 'anupama.kumari@example.com', 'login': {'uuid': '171cb41f-0e00-468d-92cf-5fb14a230bec', 'username': 'whitefrog995', 'password': 'rrrrr', 'salt': '4cdxHZJk', 'md5': '894b4935abfbef0aa5e0d7780a23049b', 'sha1': '8f27c25e7d428b27d168e0c54967ed2825e16145', 'sha256': '5e7c047b48f4c95160a05de825173e2fc868ac537a269fcb6c13d7f8b625e3c5'}, 'dob': {'date': '1984-07-31T00:32:55.094Z', 'age': 39}, 'registered': {'date': '2003-07-25T21:14:16.935Z', 'age': 20}, 'phone': '9120797904', 'cell': '7440701457', 'id': {'name': 'UIDAI', 'value': '871895102868'}, 'picture': {'large': 'https://randomuser.me/api/portraits/women/26.jpg', 'medium': 'https://randomuser.me/api/portraits/med/women/26.jpg', 'thumbnail': 'https://randomuser.me/api/portraits/thumb/women/26.jpg'}, 'nat': 'IN'}], 'info': {'seed': '105ba60aa31036e9', 'results': 1, 'page': 1, 'version': '1.4'}}</msg>
<arg>${json_data}</arg>
<doc>Logs the given message with the given level.</doc>
<status status="PASS" start="2024-04-26T15:15:32.640315" elapsed="0.000205"/>
</kw>
<kw name="Dictionary Should Contain Key" owner="Collections">
<msg time="2024-04-26T15:15:32.641027" level="INFO">False</msg>
<arg>${json_data}</arg>
<arg>results</arg>
<doc>Fails if ``key`` is not found from ``dictionary``.</doc>
<status status="PASS" start="2024-04-26T15:15:32.640862" elapsed="0.000203"/>
</kw>
<kw name="Should Not Be Empty" owner="BuiltIn">
<msg time="2024-04-26T15:15:32.641497" level="INFO">Length is 2.</msg>
<arg>${json_data}</arg>
<doc>Verifies that the given item is not empty.</doc>
<status status="PASS" start="2024-04-26T15:15:32.641360" elapsed="0.000311"/>
</kw>
<kw name="Create List" owner="BuiltIn">
<msg time="2024-04-26T15:15:32.642122" level="INFO">${expected_keys} = ['gender', 'name', 'location', 'email', 'login']</msg>
<var>${expected_keys}</var>
<arg>gender</arg>
<arg>name</arg>
<arg>location</arg>
<arg>email</arg>
<arg>login</arg>
<doc>Returns a list containing given items.</doc>
<status status="PASS" start="2024-04-26T15:15:32.641967" elapsed="0.000179"/>
</kw>
<for flavor="IN">
<iter>
<kw name="Dictionary Should Contain Key" owner="Collections">
<msg time="2024-04-26T15:15:32.643113" level="INFO">False</msg>
<arg>${json_data['results'][0]}</arg>
<arg>${key}</arg>
<doc>Fails if ``key`` is not found from ``dictionary``.</doc>
<status status="PASS" start="2024-04-26T15:15:32.642711" elapsed="0.000440"/>
</kw>
<kw name="Log" owner="BuiltIn">
<msg time="2024-04-26T15:15:32.643815" level="INFO">{'gender': 'female', 'name': {'title': 'Miss', 'first': 'Anupama', 'last': 'Kumari'}, 'location': {'street': {'number': 6894, 'name': 'Gali Paranthe Wali'}, 'city': 'Barasat', 'state': 'Uttar Pradesh', 'country': 'India', 'postcode': 14194, 'coordinates': {'latitude': '10.3287', 'longitude': '127.4442'}, 'timezone': {'offset': '+6:00', 'description': 'Almaty, Dhaka, Colombo'}}, 'email': 'anupama.kumari@example.com', 'login': {'uuid': '171cb41f-0e00-468d-92cf-5fb14a230bec', 'username': 'whitefrog995', 'password': 'rrrrr', 'salt': '4cdxHZJk', 'md5': '894b4935abfbef0aa5e0d7780a23049b', 'sha1': '8f27c25e7d428b27d168e0c54967ed2825e16145', 'sha256': '5e7c047b48f4c95160a05de825173e2fc868ac537a269fcb6c13d7f8b625e3c5'}, 'dob': {'date': '1984-07-31T00:32:55.094Z', 'age': 39}, 'registered': {'date': '2003-07-25T21:14:16.935Z', 'age': 20}, 'phone': '9120797904', 'cell': '7440701457', 'id': {'name': 'UIDAI', 'value': '871895102868'}, 'picture': {'large': 'https://randomuser.me/api/portraits/women/26.jpg', 'medium': 'https://randomuser.me/api/portraits/med/women/26.jpg', 'thumbnail': 'https://randomuser.me/api/portraits/thumb/women/26.jpg'}, 'nat': 'IN'}</msg>
<arg>${json_data['results'][0]}</arg>
<doc>Logs the given message with the given level.</doc>
<status status="PASS" start="2024-04-26T15:15:32.643454" elapsed="0.000408"/>
</kw>
<kw name="Log" owner="BuiltIn">
<msg time="2024-04-26T15:15:32.644279" level="INFO">gender</msg>
<arg>${key}</arg>
<doc>Logs the given message with the given level.</doc>
<status status="PASS" start="2024-04-26T15:15:32.644154" elapsed="0.000163"/>
</kw>
<var name="${key}">gender</var>
<status status="PASS" start="2024-04-26T15:15:32.642587" elapsed="0.001950"/>
</iter>
<iter>
<kw name="Dictionary Should Contain Key" owner="Collections">
<msg time="2024-04-26T15:15:32.645253" level="INFO">False</msg>
<arg>${json_data['results'][0]}</arg>
<arg>${key}</arg>
<doc>Fails if ``key`` is not found from ``dictionary``.</doc>
<status status="PASS" start="2024-04-26T15:15:32.644870" elapsed="0.000420"/>
</kw>
<kw name="Log" owner="BuiltIn">
<msg time="2024-04-26T15:15:32.645979" level="INFO">{'gender': 'female', 'name': {'title': 'Miss', 'first': 'Anupama', 'last': 'Kumari'}, 'location': {'street': {'number': 6894, 'name': 'Gali Paranthe Wali'}, 'city': 'Barasat', 'state': 'Uttar Pradesh', 'country': 'India', 'postcode': 14194, 'coordinates': {'latitude': '10.3287', 'longitude': '127.4442'}, 'timezone': {'offset': '+6:00', 'description': 'Almaty, Dhaka, Colombo'}}, 'email': 'anupama.kumari@example.com', 'login': {'uuid': '171cb41f-0e00-468d-92cf-5fb14a230bec', 'username': 'whitefrog995', 'password': 'rrrrr', 'salt': '4cdxHZJk', 'md5': '894b4935abfbef0aa5e0d7780a23049b', 'sha1': '8f27c25e7d428b27d168e0c54967ed2825e16145', 'sha256': '5e7c047b48f4c95160a05de825173e2fc868ac537a269fcb6c13d7f8b625e3c5'}, 'dob': {'date': '1984-07-31T00:32:55.094Z', 'age': 39}, 'registered': {'date': '2003-07-25T21:14:16.935Z', 'age': 20}, 'phone': '9120797904', 'cell': '7440701457', 'id': {'name': 'UIDAI', 'value': '871895102868'}, 'picture': {'large': 'https://randomuser.me/api/portraits/women/26.jpg', 'medium': 'https://randomuser.me/api/portraits/med/women/26.jpg', 'thumbnail': 'https://randomuser.me/api/portraits/thumb/women/26.jpg'}, 'nat': 'IN'}</msg>
<arg>${json_data['results'][0]}</arg>
<doc>Logs the given message with the given level.</doc>
<status status="PASS" start="2024-04-26T15:15:32.645612" elapsed="0.000414"/>
</kw>
<kw name="Log" owner="BuiltIn">
<msg time="2024-04-26T15:15:32.646450" level="INFO">name</msg>
<arg>${key}</arg>
<doc>Logs the given message with the given level.</doc>
<status status="PASS" start="2024-04-26T15:15:32.646323" elapsed="0.000165"/>
</kw>
<var name="${key}">name</var>
<status status="PASS" start="2024-04-26T15:15:32.644750" elapsed="0.001950"/>
</iter>
<iter>
<kw name="Dictionary Should Contain Key" owner="Collections">
<msg time="2024-04-26T15:15:32.647366" level="INFO">False</msg>
<arg>${json_data['results'][0]}</arg>
<arg>${key}</arg>
<doc>Fails if ``key`` is not found from ``dictionary``.</doc>
<status status="PASS" start="2024-04-26T15:15:32.646986" elapsed="0.000417"/>
</kw>
<kw name="Log" owner="BuiltIn">
<msg time="2024-04-26T15:15:32.648067" level="INFO">{'gender': 'female', 'name': {'title': 'Miss', 'first': 'Anupama', 'last': 'Kumari'}, 'location': {'street': {'number': 6894, 'name': 'Gali Paranthe Wali'}, 'city': 'Barasat', 'state': 'Uttar Pradesh', 'country': 'India', 'postcode': 14194, 'coordinates': {'latitude': '10.3287', 'longitude': '127.4442'}, 'timezone': {'offset': '+6:00', 'description': 'Almaty, Dhaka, Colombo'}}, 'email': 'anupama.kumari@example.com', 'login': {'uuid': '171cb41f-0e00-468d-92cf-5fb14a230bec', 'username': 'whitefrog995', 'password': 'rrrrr', 'salt': '4cdxHZJk', 'md5': '894b4935abfbef0aa5e0d7780a23049b', 'sha1': '8f27c25e7d428b27d168e0c54967ed2825e16145', 'sha256': '5e7c047b48f4c95160a05de825173e2fc868ac537a269fcb6c13d7f8b625e3c5'}, 'dob': {'date': '1984-07-31T00:32:55.094Z', 'age': 39}, 'registered': {'date': '2003-07-25T21:14:16.935Z', 'age': 20}, 'phone': '9120797904', 'cell': '7440701457', 'id': {'name': 'UIDAI', 'value': '871895102868'}, 'picture': {'large': 'https://randomuser.me/api/portraits/women/26.jpg', 'medium': 'https://randomuser.me/api/portraits/med/women/26.jpg', 'thumbnail': 'https://randomuser.me/api/portraits/thumb/women/26.jpg'}, 'nat': 'IN'}</msg>
<arg>${json_data['results'][0]}</arg>
<doc>Logs the given message with the given level.</doc>
<status status="PASS" start="2024-04-26T15:15:32.647704" elapsed="0.000410"/>
</kw>
<kw name="Log" owner="BuiltIn">
<msg time="2024-04-26T15:15:32.648529" level="INFO">location</msg>
<arg>${key}</arg>
<doc>Logs the given message with the given level.</doc>
<status status="PASS" start="2024-04-26T15:15:32.648405" elapsed="0.000162"/>
</kw>
<var name="${key}">location</var>
<status status="PASS" start="2024-04-26T15:15:32.646875" elapsed="0.001932"/>
</iter>
<iter>
<kw name="Dictionary Should Contain Key" owner="Collections">
<msg time="2024-04-26T15:15:32.649472" level="INFO">False</msg>
<arg>${json_data['results'][0]}</arg>
<arg>${key}</arg>
<doc>Fails if ``key`` is not found from ``dictionary``.</doc>
<status status="PASS" start="2024-04-26T15:15:32.649090" elapsed="0.000419"/>
</kw>
<kw name="Log" owner="BuiltIn">
<msg time="2024-04-26T15:15:32.650160" level="INFO">{'gender': 'female', 'name': {'title': 'Miss', 'first': 'Anupama', 'last': 'Kumari'}, 'location': {'street': {'number': 6894, 'name': 'Gali Paranthe Wali'}, 'city': 'Barasat', 'state': 'Uttar Pradesh', 'country': 'India', 'postcode': 14194, 'coordinates': {'latitude': '10.3287', 'longitude': '127.4442'}, 'timezone': {'offset': '+6:00', 'description': 'Almaty, Dhaka, Colombo'}}, 'email': 'anupama.kumari@example.com', 'login': {'uuid': '171cb41f-0e00-468d-92cf-5fb14a230bec', 'username': 'whitefrog995', 'password': 'rrrrr', 'salt': '4cdxHZJk', 'md5': '894b4935abfbef0aa5e0d7780a23049b', 'sha1': '8f27c25e7d428b27d168e0c54967ed2825e16145', 'sha256': '5e7c047b48f4c95160a05de825173e2fc868ac537a269fcb6c13d7f8b625e3c5'}, 'dob': {'date': '1984-07-31T00:32:55.094Z', 'age': 39}, 'registered': {'date': '2003-07-25T21:14:16.935Z', 'age': 20}, 'phone': '9120797904', 'cell': '7440701457', 'id': {'name': 'UIDAI', 'value': '871895102868'}, 'picture': {'large': 'https://randomuser.me/api/portraits/women/26.jpg', 'medium': 'https://randomuser.me/api/portraits/med/women/26.jpg', 'thumbnail': 'https://randomuser.me/api/portraits/thumb/women/26.jpg'}, 'nat': 'IN'}</msg>
<arg>${json_data['results'][0]}</arg>
<doc>Logs the given message with the given level.</doc>
<status status="PASS" start="2024-04-26T15:15:32.649802" elapsed="0.000405"/>
</kw>
<kw name="Log" owner="BuiltIn">
<msg time="2024-04-26T15:15:32.650615" level="INFO">email</msg>
<arg>${key}</arg>
<doc>Logs the given message with the given level.</doc>
<status status="PASS" start="2024-04-26T15:15:32.650491" elapsed="0.000162"/>
</kw>
<var name="${key}">email</var>
<status status="PASS" start="2024-04-26T15:15:32.648981" elapsed="0.001900"/>
</iter>
<iter>
<kw name="Dictionary Should Contain Key" owner="Collections">
<msg time="2024-04-26T15:15:32.651537" level="INFO">False</msg>
<arg>${json_data['results'][0]}</arg>
<arg>${key}</arg>
<doc>Fails if ``key`` is not found from ``dictionary``.</doc>
<status status="PASS" start="2024-04-26T15:15:32.651157" elapsed="0.000418"/>
</kw>
<kw name="Log" owner="BuiltIn">
<msg time="2024-04-26T15:15:32.652226" level="INFO">{'gender': 'female', 'name': {'title': 'Miss', 'first': 'Anupama', 'last': 'Kumari'}, 'location': {'street': {'number': 6894, 'name': 'Gali Paranthe Wali'}, 'city': 'Barasat', 'state': 'Uttar Pradesh', 'country': 'India', 'postcode': 14194, 'coordinates': {'latitude': '10.3287', 'longitude': '127.4442'}, 'timezone': {'offset': '+6:00', 'description': 'Almaty, Dhaka, Colombo'}}, 'email': 'anupama.kumari@example.com', 'login': {'uuid': '171cb41f-0e00-468d-92cf-5fb14a230bec', 'username': 'whitefrog995', 'password': 'rrrrr', 'salt': '4cdxHZJk', 'md5': '894b4935abfbef0aa5e0d7780a23049b', 'sha1': '8f27c25e7d428b27d168e0c54967ed2825e16145', 'sha256': '5e7c047b48f4c95160a05de825173e2fc868ac537a269fcb6c13d7f8b625e3c5'}, 'dob': {'date': '1984-07-31T00:32:55.094Z', 'age': 39}, 'registered': {'date': '2003-07-25T21:14:16.935Z', 'age': 20}, 'phone': '9120797904', 'cell': '7440701457', 'id': {'name': 'UIDAI', 'value': '871895102868'}, 'picture': {'large': 'https://randomuser.me/api/portraits/women/26.jpg', 'medium': 'https://randomuser.me/api/portraits/med/women/26.jpg', 'thumbnail': 'https://randomuser.me/api/portraits/thumb/women/26.jpg'}, 'nat': 'IN'}</msg>
<arg>${json_data['results'][0]}</arg>
<doc>Logs the given message with the given level.</doc>
<status status="PASS" start="2024-04-26T15:15:32.651863" elapsed="0.000410"/>
</kw>
<kw name="Log" owner="BuiltIn">
<msg time="2024-04-26T15:15:32.652692" level="INFO">login</msg>
<arg>${key}</arg>
<doc>Logs the given message with the given level.</doc>
<status status="PASS" start="2024-04-26T15:15:32.652566" elapsed="0.000196"/>
</kw>
<var name="${key}">login</var>
<status status="PASS" start="2024-04-26T15:15:32.651047" elapsed="0.001985"/>
</iter>
<var>${key}</var>
<value>@{expected_keys}</value>
<status status="PASS" start="2024-04-26T15:15:32.642401" elapsed="0.010767"/>
</for>
<kw name="Create List" owner="BuiltIn">
<msg time="2024-04-26T15:15:32.653498" level="INFO">${expected_keysTwo} = ['username', 'password']</msg>
<var>${expected_keysTwo}</var>
<arg>username</arg>
<arg>password</arg>
<doc>Returns a list containing given items.</doc>
<status status="PASS" start="2024-04-26T15:15:32.653362" elapsed="0.000160"/>
</kw>
<for flavor="IN">
<iter>
<kw name="Dictionary Should Contain Key" owner="Collections">
<msg time="2024-04-26T15:15:32.654406" level="INFO">False</msg>
<arg>${json_data['results'][0]['login']}</arg>
<arg>${keyTwo}</arg>
<doc>Fails if ``key`` is not found from ``dictionary``.</doc>
<status status="PASS" start="2024-04-26T15:15:32.654015" elapsed="0.000428"/>
</kw>
<kw name="Dictionary Should Contain Key" owner="Collections">
<msg time="2024-04-26T15:15:32.655116" level="INFO">False</msg>
<arg>${json_data['results'][0]['login']}</arg>
<arg>${keyTwo}</arg>
<doc>Fails if ``key`` is not found from ``dictionary``.</doc>
<status status="PASS" start="2024-04-26T15:15:32.654733" elapsed="0.000420"/>
</kw>
<kw name="Log" owner="BuiltIn">
<msg time="2024-04-26T15:15:32.655566" level="INFO">username</msg>
<arg>${keyTwo}</arg>
<doc>Logs the given message with the given level.</doc>
<status status="PASS" start="2024-04-26T15:15:32.655440" elapsed="0.000167"/>
</kw>
<var name="${keyTwo}">username</var>
<status status="PASS" start="2024-04-26T15:15:32.653906" elapsed="0.001914"/>
</iter>
<iter>
<kw name="Dictionary Should Contain Key" owner="Collections">
<msg time="2024-04-26T15:15:32.656561" level="INFO">False</msg>
<arg>${json_data['results'][0]['login']}</arg>
<arg>${keyTwo}</arg>
<doc>Fails if ``key`` is not found from ``dictionary``.</doc>
<status status="PASS" start="2024-04-26T15:15:32.656098" elapsed="0.000508"/>
</kw>
<kw name="Dictionary Should Contain Key" owner="Collections">
<msg time="2024-04-26T15:15:32.657330" level="INFO">False</msg>
<arg>${json_data['results'][0]['login']}</arg>
<arg>${keyTwo}</arg>
<doc>Fails if ``key`` is not found from ``dictionary``.</doc>
<status status="PASS" start="2024-04-26T15:15:32.656943" elapsed="0.000423"/>
</kw>
<kw name="Log" owner="BuiltIn">
<msg time="2024-04-26T15:15:32.657782" level="INFO">password</msg>
<arg>${keyTwo}</arg>
<doc>Logs the given message with the given level.</doc>
<status status="PASS" start="2024-04-26T15:15:32.657655" elapsed="0.000165"/>
</kw>
<var name="${keyTwo}">password</var>
<status status="PASS" start="2024-04-26T15:15:32.655988" elapsed="0.002043"/>
</iter>
<var>${keyTwo}</var>
<value>@{expected_keysTwo}</value>
<status status="PASS" start="2024-04-26T15:15:32.653755" elapsed="0.004395"/>
</for>
<status status="PASS" start="2024-04-26T15:15:32.533414" elapsed="0.124873"/>
</kw>
<doc>Testa a estrutura da resposta da API.</doc>
<tag>testeEstruturaResposta</tag>
<status status="PASS" start="2024-04-26T15:15:32.532795" elapsed="0.125639"/>
</test>
<test id="s1-s1-t4" name="Validar tipos de dados" line="28">
<kw name="Teste de Tipos de Dados" owner="random-user-service">
<kw name="GET On Session" owner="RequestsLibrary">
<msg time="2024-04-26T15:15:32.760306" level="INFO">GET Request : url=https://randomuser.me/api 
 path_url=/api 
 headers={'User-Agent': 'python-requests/2.31.0', 'Accept-Encoding': 'gzip, deflate', 'Accept': '*/*', 'Connection': 'keep-alive'} 
 body=None 
 </msg>
<msg time="2024-04-26T15:15:32.760384" level="INFO">GET Response : url=https://randomuser.me/api 
 status=200, reason=OK 
 headers={'Date': 'Fri, 26 Apr 2024 15:15:32 GMT', 'Content-Type': 'application/json; charset=utf-8', 'Transfer-Encoding': 'chunked', 'Connection': 'keep-alive', 'X-Powered-By': 'Express', 'Access-Control-Allow-Origin': '*', 'Cache-Control': 'no-cache', 'ETag': 'W/"4a1-yxq/EA2F+X1LMJ5DCIECyw1BEEE"', 'Vary': 'Accept-Encoding', 'Content-Encoding': 'gzip', 'CF-Cache-Status': 'DYNAMIC', 'Report-To': '{"endpoints":[{"url":"https:\\/\\/a.nel.cloudflare.com\\/report\\/v4?s=Zj2l6iEXsFgT9dqs3xVzLKe%2FuQfZqgspPq3H8HMSyT0P6Pw2%2Bxq88AOyojfkT6vUkgrtU6jwuL2%2FklYtTSNwHuOK4D%2Bqy4CXOmJENsfXiokkC%2B0ABhHpq6cO3V2EpOW4"}],"group":"cf-nel","max_age":604800}', 'NEL': '{"success_fraction":0,"report_to":"cf-nel","max_age":604800}', 'Server': 'cloudflare', 'CF-RAY': '87a787612bc17edd-LAX', 'alt-svc': 'h3=":443"; ma=86400'} 
 body={"results":[{"gender":"female","name":{"title":"Ms","first":"Glikeriya","last":"Kmicikevich"},"location":{"street":{"number":2190,"name":"Pilipa Orlika"},"city":"Mostiska","state":"Zaporizka","country":"Ukraine","postcode":37216,"coordinates":{"latitude":"77.7588","longitude":"111.8940"},"timezone":{"offset":"+9:00","description":"Tokyo, Seoul, Osaka, Sapporo, Yakutsk"}},"email":"glikeriya.kmicikevich@example.com","login":{"uuid":"36ce3a95-439d-41e4-a8a4-fc93b9ade3b4","username":"brownzebra784","password":"phantom1","salt":"mKZh3syF","md5":"b75493e244566d3e23d0d857c89263ee","sha1":"7bb55e75587f41722b8284d9646d86ff339e2cc9","sha256":"620a111eb9cfa37edf5dc2a0bddb570318851c2ac08d50c9c68e2e507b4f5b3b"},"dob":{"date":"1978-03-15T12:43:13.514Z","age":46},"registered":{"date":"2007-01-13T02:30:22.500Z","age":17},"phone":"(097) R88-2622","cell":"(067) D03-5866","id":{"name":"","value":null},"picture":{"large":"https://randomuser.me/api/portraits/women/69.jpg","medium":"https://randomuser.me/api/portraits/med/women/69.jpg","thumbnail":"https://randomuser.me/api/portraits/thumb/women/69.jpg"},"nat":"UA"}],"info":{"seed":"1f9fcd97ac209091","results":1,"page":1,"version":"1.4"}} 
 </msg>
<msg time="2024-04-26T15:15:32.760452" level="INFO">/opt/hostedtoolcache/Python/3.12.3/x64/lib/python3.12/site-packages/urllib3/connectionpool.py:1103: InsecureRequestWarning: Unverified HTTPS request is being made to host 'randomuser.me'. Adding certificate verification is strongly advised. See: https://urllib3.readthedocs.io/en/latest/advanced-usage.html#tls-warnings
  warnings.warn(</msg>
<msg time="2024-04-26T15:15:32.760557" level="INFO">${response} = &lt;Response [200]&gt;</msg>
<var>${response}</var>
<arg>consultarAPI</arg>
<arg>/api</arg>
<doc>Sends a GET request on a previously created HTTP Session.</doc>
<status status="PASS" start="2024-04-26T15:15:32.660982" elapsed="0.099625"/>
</kw>
<kw name="Set Variable" owner="BuiltIn">
<msg time="2024-04-26T15:15:32.761661" level="INFO">${json_data} = {'results': [{'gender': 'female', 'name': {'title': 'Ms', 'first': 'Glikeriya', 'last': 'Kmicikevich'}, 'location': {'street': {'number': 2190, 'name': 'Pilipa Orlika'}, 'city': 'Mostiska', 'state': '...</msg>
<var>${json_data}</var>
<arg>${response.json()}</arg>
<doc>Returns the given values which can then be assigned to a variables.</doc>
<status status="PASS" start="2024-04-26T15:15:32.761105" elapsed="0.000584"/>
</kw>
<kw name="Log" owner="BuiltIn">
<msg time="2024-04-26T15:15:32.762149" level="INFO">{'results': [{'gender': 'female', 'name': {'title': 'Ms', 'first': 'Glikeriya', 'last': 'Kmicikevich'}, 'location': {'street': {'number': 2190, 'name': 'Pilipa Orlika'}, 'city': 'Mostiska', 'state': 'Zaporizka', 'country': 'Ukraine', 'postcode': 37216, 'coordinates': {'latitude': '77.7588', 'longitude': '111.8940'}, 'timezone': {'offset': '+9:00', 'description': 'Tokyo, Seoul, Osaka, Sapporo, Yakutsk'}}, 'email': 'glikeriya.kmicikevich@example.com', 'login': {'uuid': '36ce3a95-439d-41e4-a8a4-fc93b9ade3b4', 'username': 'brownzebra784', 'password': 'phantom1', 'salt': 'mKZh3syF', 'md5': 'b75493e244566d3e23d0d857c89263ee', 'sha1': '7bb55e75587f41722b8284d9646d86ff339e2cc9', 'sha256': '620a111eb9cfa37edf5dc2a0bddb570318851c2ac08d50c9c68e2e507b4f5b3b'}, 'dob': {'date': '1978-03-15T12:43:13.514Z', 'age': 46}, 'registered': {'date': '2007-01-13T02:30:22.500Z', 'age': 17}, 'phone': '(097) R88-2622', 'cell': '(067) D03-5866', 'id': {'name': '', 'value': None}, 'picture': {'large': 'https://randomuser.me/api/portraits/women/69.jpg', 'medium': 'https://randomuser.me/api/portraits/med/women/69.jpg', 'thumbnail': 'https://randomuser.me/api/portraits/thumb/women/69.jpg'}, 'nat': 'UA'}], 'info': {'seed': '1f9fcd97ac209091', 'results': 1, 'page': 1, 'version': '1.4'}}</msg>
<arg>${json_data}</arg>
<doc>Logs the given message with the given level.</doc>
<status status="PASS" start="2024-04-26T15:15:32.761994" elapsed="0.000232"/>
</kw>
<kw name="Should Be String" owner="String">
<arg>${json_data['results'][0]['gender']}</arg>
<doc>Fails if the given ``item`` is not a string.</doc>
<status status="PASS" start="2024-04-26T15:15:32.762525" elapsed="0.000354"/>
</kw>
<kw name="Should Match Regexp" owner="BuiltIn">
<arg>${json_data['results'][0]['email']}</arg>
<arg>^[a-zA-Z0-9._%+-]+@[a-zA-Z0-9.-]+\.[a-zA-Z]{2,}$</arg>
<doc>Fails if ``string`` does not match ``pattern`` as a regular expression.</doc>
<status status="PASS" start="2024-04-26T15:15:32.763070" elapsed="0.000511"/>
</kw>
<kw name="Should Match Regexp" owner="BuiltIn">
<arg>${json_data['results'][0]['dob']['date']}</arg>
<arg>\\d{4}-\\d{2}-\\d{2}T\\d{2}:\\d{2}:\\d{2}\\.\\d{3}Z</arg>
<doc>Fails if ``string`` does not match ``pattern`` as a regular expression.</doc>
<status status="PASS" start="2024-04-26T15:15:32.763776" elapsed="0.000489"/>
</kw>
<kw name="Should Match Regexp" owner="BuiltIn">
<arg>${json_data['results'][0]['registered']['date']}</arg>
<arg>\\d{4}-\\d{2}-\\d{2}T\\d{2}:\\d{2}:\\d{2}\\.\\d{3}Z</arg>
<doc>Fails if ``string`` does not match ``pattern`` as a regular expression.</doc>
<status status="PASS" start="2024-04-26T15:15:32.764458" elapsed="0.000412"/>
</kw>
<kw name="Should Match Regexp" owner="BuiltIn">
<arg>${json_data['results'][0]['picture']['large']}</arg>
<arg>^https?://.*\.(?:png|jpe?g|gif|bmp)$</arg>
<doc>Fails if ``string`` does not match ``pattern`` as a regular expression.</doc>
<status status="PASS" start="2024-04-26T15:15:32.765063" elapsed="0.000470"/>
</kw>
<kw name="Should Match Regexp" owner="BuiltIn">
<arg>${json_data['results'][0]['picture']['medium']}</arg>
<arg>^https?://.*\.(?:png|jpe?g|gif|bmp)$</arg>
<doc>Fails if ``string`` does not match ``pattern`` as a regular expression.</doc>
<status status="PASS" start="2024-04-26T15:15:32.765728" elapsed="0.000361"/>
</kw>
<kw name="Should Match Regexp" owner="BuiltIn">
<arg>${json_data['results'][0]['picture']['thumbnail']}</arg>
<arg>^https?://.*\.(?:png|jpe?g|gif|bmp)$</arg>
<doc>Fails if ``string`` does not match ``pattern`` as a regular expression.</doc>
<status status="PASS" start="2024-04-26T15:15:32.766281" elapsed="0.000358"/>
</kw>
<kw name="Log" owner="BuiltIn">
<msg time="2024-04-26T15:15:32.767145" level="INFO">{'large': 'https://randomuser.me/api/portraits/women/69.jpg', 'medium': 'https://randomuser.me/api/portraits/med/women/69.jpg', 'thumbnail': 'https://randomuser.me/api/portraits/thumb/women/69.jpg'}</msg>
<arg>${json_data['results'][0]['picture']}</arg>
<doc>Logs the given message with the given level.</doc>
<status status="PASS" start="2024-04-26T15:15:32.766821" elapsed="0.000366"/>
</kw>
<status status="PASS" start="2024-04-26T15:15:32.660741" elapsed="0.106695"/>
</kw>
<kw name="Teste de Tipos de Dados - Postcode" owner="random-user-service">
<kw name="GET On Session" owner="RequestsLibrary">
<msg time="2024-04-26T15:15:32.866330" level="INFO">GET Request : url=https://randomuser.me/api 
 path_url=/api 
 headers={'User-Agent': 'python-requests/2.31.0', 'Accept-Encoding': 'gzip, deflate', 'Accept': '*/*', 'Connection': 'keep-alive'} 
 body=None 
 </msg>
<msg time="2024-04-26T15:15:32.866414" level="INFO">GET Response : url=https://randomuser.me/api 
 status=200, reason=OK 
 headers={'Date': 'Fri, 26 Apr 2024 15:15:32 GMT', 'Content-Type': 'application/json; charset=utf-8', 'Transfer-Encoding': 'chunked', 'Connection': 'keep-alive', 'X-Powered-By': 'Express', 'Access-Control-Allow-Origin': '*', 'Cache-Control': 'no-cache', 'ETag': 'W/"4a1-4SB77oDOeQzVNlABpVLsMIngXwg"', 'Vary': 'Accept-Encoding', 'Content-Encoding': 'gzip', 'CF-Cache-Status': 'DYNAMIC', 'Report-To': '{"endpoints":[{"url":"https:\\/\\/a.nel.cloudflare.com\\/report\\/v4?s=44%2BF8%2FXiNQi%2BMgBKy9ODwZOHUkxQnarkx35vjmlGfATSfnnp0ndqsJa0W5jag87HowfVj4uXMSvPKgc8LZwsMNPo%2FaaEvREKfcjc52ELIG40fpeIqH0mgilZDSRdFmwv"}],"group":"cf-nel","max_age":604800}', 'NEL': '{"success_fraction":0,"report_to":"cf-nel","max_age":604800}', 'Server': 'cloudflare', 'CF-RAY': '87a78761dc497edd-LAX', 'alt-svc': 'h3=":443"; ma=86400'} 
 body={"results":[{"gender":"female","name":{"title":"Mrs","first":"Fabiola","last":"Sotelo"},"location":{"street":{"number":237,"name":"Ampliación Baja California"},"city":"Ciudad Mier","state":"Michoacan","country":"Mexico","postcode":72269,"coordinates":{"latitude":"26.4829","longitude":"177.9303"},"timezone":{"offset":"-11:00","description":"Midway Island, Samoa"}},"email":"fabiola.sotelo@example.com","login":{"uuid":"6d600027-b7b8-4050-b581-24d23b32c233","username":"beautifuldog376","password":"kids","salt":"ETHavb8t","md5":"b146250078ecc36e56599489a5ea6902","sha1":"d726e68227ad16b7fad73483834174f5c89e8912","sha256":"4e95b35109b4aa6af283a35c0f58a65782b5083a149ae8fd3e5a868424950f89"},"dob":{"date":"1993-08-21T03:57:41.306Z","age":30},"registered":{"date":"2005-12-16T03:56:59.028Z","age":18},"phone":"(661) 171 2237","cell":"(673) 698 6286","id":{"name":"NSS","value":"28 31 67 8151 3"},"picture":{"large":"https://randomuser.me/api/portraits/women/23.jpg","medium":"https://randomuser.me/api/portraits/med/women/23.jpg","thumbnail":"https://randomuser.me/api/portraits/thumb/women/23.jpg"},"nat":"MX"}],"info":{"seed":"3b470d7c8ef5c0fa","results":1,"page":1,"version":"1.4"}} 
 </msg>
<msg time="2024-04-26T15:15:32.866487" level="INFO">/opt/hostedtoolcache/Python/3.12.3/x64/lib/python3.12/site-packages/urllib3/connectionpool.py:1103: InsecureRequestWarning: Unverified HTTPS request is being made to host 'randomuser.me'. Adding certificate verification is strongly advised. See: https://urllib3.readthedocs.io/en/latest/advanced-usage.html#tls-warnings
  warnings.warn(</msg>
<msg time="2024-04-26T15:15:32.866597" level="INFO">${response} = &lt;Response [200]&gt;</msg>
<var>${response}</var>
<arg>consultarAPI</arg>
<arg>/api</arg>
<doc>Sends a GET request on a previously created HTTP Session.</doc>
<status status="PASS" start="2024-04-26T15:15:32.767870" elapsed="0.098767"/>
</kw>
<kw name="Set Variable" owner="BuiltIn">
<msg time="2024-04-26T15:15:32.867541" level="INFO">${json_data} = {'results': [{'gender': 'female', 'name': {'title': 'Mrs', 'first': 'Fabiola', 'last': 'Sotelo'}, 'location': {'street': {'number': 237, 'name': 'Ampliación Baja California'}, 'city': 'Ciudad Mier', '...</msg>
<var>${json_data}</var>
<arg>${response.json()}</arg>
<doc>Returns the given values which can then be assigned to a variables.</doc>
<status status="PASS" start="2024-04-26T15:15:32.867096" elapsed="0.000473"/>
</kw>
<kw name="Log" owner="BuiltIn">
<msg time="2024-04-26T15:15:32.868022" level="INFO">{'results': [{'gender': 'female', 'name': {'title': 'Mrs', 'first': 'Fabiola', 'last': 'Sotelo'}, 'location': {'street': {'number': 237, 'name': 'Ampliación Baja California'}, 'city': 'Ciudad Mier', 'state': 'Michoacan', 'country': 'Mexico', 'postcode': 72269, 'coordinates': {'latitude': '26.4829', 'longitude': '177.9303'}, 'timezone': {'offset': '-11:00', 'description': 'Midway Island, Samoa'}}, 'email': 'fabiola.sotelo@example.com', 'login': {'uuid': '6d600027-b7b8-4050-b581-24d23b32c233', 'username': 'beautifuldog376', 'password': 'kids', 'salt': 'ETHavb8t', 'md5': 'b146250078ecc36e56599489a5ea6902', 'sha1': 'd726e68227ad16b7fad73483834174f5c89e8912', 'sha256': '4e95b35109b4aa6af283a35c0f58a65782b5083a149ae8fd3e5a868424950f89'}, 'dob': {'date': '1993-08-21T03:57:41.306Z', 'age': 30}, 'registered': {'date': '2005-12-16T03:56:59.028Z', 'age': 18}, 'phone': '(661) 171 2237', 'cell': '(673) 698 6286', 'id': {'name': 'NSS', 'value': '28 31 67 8151 3'}, 'picture': {'large': 'https://randomuser.me/api/portraits/women/23.jpg', 'medium': 'https://randomuser.me/api/portraits/med/women/23.jpg', 'thumbnail': 'https://randomuser.me/api/portraits/thumb/women/23.jpg'}, 'nat': 'MX'}], 'info': {'seed': '3b470d7c8ef5c0fa', 'results': 1, 'page': 1, 'version': '1.4'}}</msg>
<arg>${json_data}</arg>
<doc>Logs the given message with the given level.</doc>
<status status="PASS" start="2024-04-26T15:15:32.867870" elapsed="0.000228"/>
</kw>
<kw name="Should Be Equal As Numbers" owner="BuiltIn">
<arg>${json_data['results'][0]['location']['postcode']}</arg>
<arg>${json_data['results'][0]['location']['postcode']}</arg>
<doc>Fails if objects are unequal after converting them to real numbers.</doc>
<status status="PASS" start="2024-04-26T15:15:32.868518" elapsed="0.000664"/>
</kw>
<kw name="Log" owner="BuiltIn">
<msg time="2024-04-26T15:15:32.869710" level="INFO">72269</msg>
<arg>${json_data['results'][0]['location']['postcode']}</arg>
<doc>Logs the given message with the given level.</doc>
<status status="PASS" start="2024-04-26T15:15:32.869373" elapsed="0.000377"/>
</kw>
<status status="PASS" start="2024-04-26T15:15:32.767646" elapsed="0.102350"/>
</kw>
<doc>Testa se os tipos de dados na resposta da API estão corretos.</doc>
<tag>testeTiposDados</tag>
<status status="PASS" start="2024-04-26T15:15:32.660180" elapsed="0.209970"/>
</test>
<test id="s1-s1-t5" name="Validar conteudo" line="35">
<kw name="Teste de Tipos de Conteudo" owner="random-user-service">
<kw name="GET On Session" owner="RequestsLibrary">
<msg time="2024-04-26T15:15:32.978769" level="INFO">GET Request : url=https://randomuser.me/api 
 path_url=/api 
 headers={'User-Agent': 'python-requests/2.31.0', 'Accept-Encoding': 'gzip, deflate', 'Accept': '*/*', 'Connection': 'keep-alive'} 
 body=None 
 </msg>
<msg time="2024-04-26T15:15:32.978853" level="INFO">GET Response : url=https://randomuser.me/api 
 status=200, reason=OK 
 headers={'Date': 'Fri, 26 Apr 2024 15:15:32 GMT', 'Content-Type': 'application/json; charset=utf-8', 'Transfer-Encoding': 'chunked', 'Connection': 'keep-alive', 'X-Powered-By': 'Express', 'Access-Control-Allow-Origin': '*', 'Cache-Control': 'no-cache', 'ETag': 'W/"4b0-vSsHN+Cfw7YIzoG5dXBLdMRxKK0"', 'Vary': 'Accept-Encoding', 'Content-Encoding': 'gzip', 'CF-Cache-Status': 'DYNAMIC', 'Report-To': '{"endpoints":[{"url":"https:\\/\\/a.nel.cloudflare.com\\/report\\/v4?s=YCqLO%2Bi%2BgoVESYKitBHPtJ7vYDhrConC0z4ShR38nN%2FGM8HLmCfaQcyIPylRrBCtt85p5gtNqeXhQGqxeo5QqoMaY70Tjpt6gk28RT566%2Buf0Ol7BAyk4f0FBHNfpr8S"}],"group":"cf-nel","max_age":604800}', 'NEL': '{"success_fraction":0,"report_to":"cf-nel","max_age":604800}', 'Server': 'cloudflare', 'CF-RAY': '87a787627cd07edd-LAX', 'alt-svc': 'h3=":443"; ma=86400'} 
 body={"results":[{"gender":"female","name":{"title":"Miss","first":"Ivanise","last":"Farias"},"location":{"street":{"number":8966,"name":"Rua da Paz "},"city":"Nossa Senhora do Socorro","state":"Pernambuco","country":"Brazil","postcode":50508,"coordinates":{"latitude":"-76.5476","longitude":"87.6389"},"timezone":{"offset":"+9:00","description":"Tokyo, Seoul, Osaka, Sapporo, Yakutsk"}},"email":"ivanise.farias@example.com","login":{"uuid":"764de399-77e9-43d6-94a4-eb0c8850e3c3","username":"goldentiger771","password":"osiris","salt":"E5Mm1AJp","md5":"73588d62a5bffe9956cd30d9497eabb0","sha1":"aec56e18ed95d049fd8204b36d4a4593cc4cd5bf","sha256":"1c068d53e0a05e25b997af98020696bf4b84b05b60a619f068e5a47c610eeaf7"},"dob":{"date":"1945-05-15T19:35:49.836Z","age":78},"registered":{"date":"2017-06-19T07:20:49.533Z","age":6},"phone":"(53) 0817-2372","cell":"(36) 7078-7747","id":{"name":"CPF","value":"472.679.501-63"},"picture":{"large":"https://randomuser.me/api/portraits/women/54.jpg","medium":"https://randomuser.me/api/portraits/med/women/54.jpg","thumbnail":"https://randomuser.me/api/portraits/thumb/women/54.jpg"},"nat":"BR"}],"info":{"seed":"55743b75be23a75b","results":1,"page":1,"version":"1.4"}} 
 </msg>
<msg time="2024-04-26T15:15:32.978925" level="INFO">/opt/hostedtoolcache/Python/3.12.3/x64/lib/python3.12/site-packages/urllib3/connectionpool.py:1103: InsecureRequestWarning: Unverified HTTPS request is being made to host 'randomuser.me'. Adding certificate verification is strongly advised. See: https://urllib3.readthedocs.io/en/latest/advanced-usage.html#tls-warnings
  warnings.warn(</msg>
<msg time="2024-04-26T15:15:32.979037" level="INFO">${response} = &lt;Response [200]&gt;</msg>
<var>${response}</var>
<arg>consultarAPI</arg>
<arg>/api</arg>
<doc>Sends a GET request on a previously created HTTP Session.</doc>
<status status="PASS" start="2024-04-26T15:15:32.872848" elapsed="0.106231"/>
</kw>
<kw name="Set Variable" owner="BuiltIn">
<msg time="2024-04-26T15:15:32.979917" level="INFO">${json_data} = {'results': [{'gender': 'female', 'name': {'title': 'Miss', 'first': 'Ivanise', 'last': 'Farias'}, 'location': {'street': {'number': 8966, 'name': 'Rua da Paz '}, 'city': 'Nossa Senhora do Socorro', '...</msg>
<var>${json_data}</var>
<arg>${response.json()}</arg>
<doc>Returns the given values which can then be assigned to a variables.</doc>
<status status="PASS" start="2024-04-26T15:15:32.979476" elapsed="0.000469"/>
</kw>
<kw name="Set Variable" owner="BuiltIn">
<msg time="2024-04-26T15:15:32.980619" level="INFO">${name_title} = Miss</msg>
<var>${name_title}</var>
<arg>${json_data["results"][0]["name"]["title"]}</arg>
<doc>Returns the given values which can then be assigned to a variables.</doc>
<status status="PASS" start="2024-04-26T15:15:32.980241" elapsed="0.000402"/>
</kw>
<kw name="Create List" owner="BuiltIn">
<msg time="2024-04-26T15:15:32.981134" level="INFO">${allowed_titles} = ['Mr', 'Ms', 'Miss', 'Mrs', 'Madame', 'Monsieur']</msg>
<var>${allowed_titles}</var>
<arg>Mr</arg>
<arg>Ms</arg>
<arg>Miss</arg>
<arg>Mrs</arg>
<arg>Madame</arg>
<arg>Monsieur</arg>
<doc>Returns a list containing given items.</doc>
<status status="PASS" start="2024-04-26T15:15:32.980987" elapsed="0.000171"/>
</kw>
<kw name="List Should Contain Value" owner="Collections">
<msg time="2024-04-26T15:15:32.981620" level="INFO">False</msg>
<arg>${allowed_titles}</arg>
<arg>${name_title}</arg>
<doc>Fails if the ``value`` is not found from ``list``.</doc>
<status status="PASS" start="2024-04-26T15:15:32.981456" elapsed="0.000200"/>
</kw>
<kw name="Set Variable" owner="BuiltIn">
<msg time="2024-04-26T15:15:32.982316" level="INFO">${name_country} = BR</msg>
<var>${name_country}</var>
<arg>${json_data["results"][0]["nat"]}</arg>
<doc>Returns the given values which can then be assigned to a variables.</doc>
<status status="PASS" start="2024-04-26T15:15:32.981938" elapsed="0.000403"/>
</kw>
<kw name="Create List" owner="BuiltIn">
<msg time="2024-04-26T15:15:32.983214" level="INFO">${list_country} = ['AD', 'AE', 'AF', 'AG', 'AI', 'AL', 'AM', 'AO', 'AQ', 'AR', 'AS', 'AT', 'AU', 'AW', 'AX', 'AZ', 'BA', 'BB', 'BD', 'BE', 'BF', 'BG', 'BH', 'BI', 'BJ', 'BL', 'BM', 'BN', 'BO', 'BQ', 'BR', 'BS', 'BT', '...</msg>
<var>${list_country}</var>
<arg>AD</arg>
<arg>AE</arg>
<arg>AF</arg>
<arg>AG</arg>
<arg>AI</arg>
<arg>AL</arg>
<arg>AM</arg>
<arg>AO</arg>
<arg>AQ</arg>
<arg>AR</arg>
<arg>AS</arg>
<arg>AT</arg>
<arg>AU</arg>
<arg>AW</arg>
<arg>AX</arg>
<arg>AZ</arg>
<arg>BA</arg>
<arg>BB</arg>
<arg>BD</arg>
<arg>BE</arg>
<arg>BF</arg>
<arg>BG</arg>
<arg>BH</arg>
<arg>BI</arg>
<arg>BJ</arg>
<arg>BL</arg>
<arg>BM</arg>
<arg>BN</arg>
<arg>BO</arg>
<arg>BQ</arg>
<arg>BR</arg>
<arg>BS</arg>
<arg>BT</arg>
<arg>BV</arg>
<arg>BW</arg>
<arg>BY</arg>
<arg>BZ</arg>
<arg>CA</arg>
<arg>CC</arg>
<arg>CD</arg>
<arg>CF</arg>
<arg>CG</arg>
<arg>CH</arg>
<arg>CI</arg>
<arg>CK</arg>
<arg>CL</arg>
<arg>CM</arg>
<arg>CN</arg>
<arg>CO</arg>
<arg>CR</arg>
<arg>CU</arg>
<arg>CV</arg>
<arg>CW</arg>
<arg>CX</arg>
<arg>CY</arg>
<arg>CZ</arg>
<arg>DE</arg>
<arg>DJ</arg>
<arg>DK</arg>
<arg>DM</arg>
<arg>DO</arg>
<arg>DZ</arg>
<arg>EC</arg>
<arg>EE</arg>
<arg>EG</arg>
<arg>EH</arg>
<arg>ER</arg>
<arg>ES</arg>
<arg>ET</arg>
<arg>FI</arg>
<arg>FJ</arg>
<arg>FK</arg>
<arg>FM</arg>
<arg>FO</arg>
<arg>FR</arg>
<arg>GA</arg>
<arg>GB</arg>
<arg>GD</arg>
<arg>GE</arg>
<arg>GF</arg>
<arg>GG</arg>
<arg>GH</arg>
<arg>GI</arg>
<arg>GL</arg>
<arg>GM</arg>
<arg>GN</arg>
<arg>GP</arg>
<arg>GQ</arg>
<arg>GR</arg>
<arg>GS</arg>
<arg>GT</arg>
<arg>GU</arg>
<arg>GW</arg>
<arg>GY</arg>
<arg>HK</arg>
<arg>HM</arg>
<arg>HN</arg>
<arg>HR</arg>
<arg>HT</arg>
<arg>HU</arg>
<arg>ID</arg>
<arg>IE</arg>
<arg>IL</arg>
<arg>IM</arg>
<arg>IN</arg>
<arg>IO</arg>
<arg>IQ</arg>
<arg>IR</arg>
<arg>IS</arg>
<arg>IT</arg>
<arg>JE</arg>
<arg>JM</arg>
<arg>JO</arg>
<arg>JP</arg>
<arg>KE</arg>
<arg>KG</arg>
<arg>KH</arg>
<arg>KI</arg>
<arg>KM</arg>
<arg>KN</arg>
<arg>KP</arg>
<arg>KR</arg>
<arg>KW</arg>
<arg>KY</arg>
<arg>KZ</arg>
<arg>LA</arg>
<arg>LB</arg>
<arg>LC</arg>
<arg>LI</arg>
<arg>LK</arg>
<arg>LR</arg>
<arg>LS</arg>
<arg>LT</arg>
<arg>LU</arg>
<arg>LV</arg>
<arg>LY</arg>
<arg>MA</arg>
<arg>MC</arg>
<arg>MD</arg>
<arg>ME</arg>
<arg>MF</arg>
<arg>MG</arg>
<arg>MH</arg>
<arg>MK</arg>
<arg>ML</arg>
<arg>MM</arg>
<arg>MN</arg>
<arg>MO</arg>
<arg>MP</arg>
<arg>MQ</arg>
<arg>MR</arg>
<arg>MS</arg>
<arg>MT</arg>
<arg>MU</arg>
<arg>MV</arg>
<arg>MW</arg>
<arg>MX</arg>
<arg>MY</arg>
<arg>MZ</arg>
<arg>NA</arg>
<arg>NC</arg>
<arg>NE</arg>
<arg>NF</arg>
<arg>NG</arg>
<arg>NI</arg>
<arg>NL</arg>
<arg>NO</arg>
<arg>NP</arg>
<arg>NR</arg>
<arg>NU</arg>
<arg>NZ</arg>
<arg>OM</arg>
<arg>PA</arg>
<arg>PE</arg>
<arg>PF</arg>
<arg>PG</arg>
<arg>PH</arg>
<arg>PK</arg>
<arg>PL</arg>
<arg>PM</arg>
<arg>PN</arg>
<arg>PR</arg>
<arg>PS</arg>
<arg>PT</arg>
<arg>PW</arg>
<arg>PY</arg>
<arg>QA</arg>
<arg>RE</arg>
<arg>RO</arg>
<arg>RS</arg>
<arg>RU</arg>
<arg>RW</arg>
<arg>SA</arg>
<arg>SB</arg>
<arg>SC</arg>
<arg>SD</arg>
<arg>SE</arg>
<arg>SG</arg>
<arg>SH</arg>
<arg>SI</arg>
<arg>SJ</arg>
<arg>SK</arg>
<arg>SL</arg>
<arg>SM</arg>
<arg>SN</arg>
<arg>SO</arg>
<arg>SR</arg>
<arg>SS</arg>
<arg>ST</arg>
<arg>SV</arg>
<arg>SX</arg>
<arg>SY</arg>
<arg>SZ</arg>
<arg>TC</arg>
<arg>TD</arg>
<arg>TF</arg>
<arg>TG</arg>
<arg>TH</arg>
<arg>TJ</arg>
<arg>TK</arg>
<arg>TL</arg>
<arg>TM</arg>
<arg>TN</arg>
<arg>TO</arg>
<arg>TR</arg>
<arg>TT</arg>
<arg>TV</arg>
<arg>TW</arg>
<arg>TZ</arg>
<arg>UA</arg>
<arg>UG</arg>
<arg>UM</arg>
<arg>US</arg>
<arg>UY</arg>
<arg>UZ</arg>
<arg>VA</arg>
<arg>VC</arg>
<arg>VE</arg>
<arg>VG</arg>
<arg>VI</arg>
<arg>VN</arg>
<arg>VU</arg>
<arg>WF</arg>
<arg>WS</arg>
<arg>XK</arg>
<arg>YE</arg>
<arg>YT</arg>
<arg>ZA</arg>
<arg>ZM</arg>
<arg>ZW</arg>
<doc>Returns a list containing given items.</doc>
<status status="PASS" start="2024-04-26T15:15:32.982635" elapsed="0.000603"/>
</kw>
<kw name="List Should Contain Value" owner="Collections">
<msg time="2024-04-26T15:15:32.984209" level="INFO">False</msg>
<arg>${list_country}</arg>
<arg>${name_country}</arg>
<doc>Fails if the ``value`` is not found from ``list``.</doc>
<status status="PASS" start="2024-04-26T15:15:32.984012" elapsed="0.000233"/>
</kw>
<kw name="Run Keyword If" owner="BuiltIn">
<kw name="Should Be True" owner="BuiltIn">
<arg>${True}</arg>
<doc>Fails if the given condition is not true.</doc>
<status status="PASS" start="2024-04-26T15:15:32.985318" elapsed="0.000239"/>
</kw>
<arg>${json_data["results"][0]["location"]["coordinates"]["latitude"]} &gt;= -90 and ${json_data["results"][0]["location"]["coordinates"]["latitude"]} &lt;= 90</arg>
<arg>Should Be True</arg>
<arg>${True}</arg>
<doc>Runs the given keyword with the given arguments, if ``condition`` is true.</doc>
<status status="PASS" start="2024-04-26T15:15:32.984551" elapsed="0.001135"/>
</kw>
<kw name="Run Keyword If" owner="BuiltIn">
<kw name="Should Be True" owner="BuiltIn">
<arg>${True}</arg>
<doc>Fails if the given condition is not true.</doc>
<status status="PASS" start="2024-04-26T15:15:32.986564" elapsed="0.000141"/>
</kw>
<arg>${json_data["results"][0]["location"]["coordinates"]["longitude"]} &gt;= -180 and ${json_data["results"][0]["location"]["coordinates"]["longitude"]} &lt;= 180</arg>
<arg>Should Be True</arg>
<arg>${True}</arg>
<doc>Runs the given keyword with the given arguments, if ``condition`` is true.</doc>
<status status="PASS" start="2024-04-26T15:15:32.985871" elapsed="0.000956"/>
</kw>
<status status="PASS" start="2024-04-26T15:15:32.872460" elapsed="0.114493"/>
</kw>
<doc>Testa o conteúdo específico dos campos retornados pela API.</doc>
<tag>testeConteudo</tag>
<status status="PASS" start="2024-04-26T15:15:32.871839" elapsed="0.115253"/>
</test>
<status status="PASS" start="2024-04-26T15:15:32.038677" elapsed="0.950281"/>
</suite>
<status status="PASS" start="2024-04-26T15:15:32.025333" elapsed="0.968610"/>
</suite>
<statistics>
<total>
<stat pass="5" fail="0" skip="0">All Tests</stat>
</total>
<tag>
<stat pass="1" fail="0" skip="0">testeConteudo</stat>
<stat pass="1" fail="0" skip="0">testeEstruturaResposta</stat>
<stat pass="1" fail="0" skip="0">testeRequisicaoBasica</stat>
<stat pass="1" fail="0" skip="0">testeTiposDados</stat>
</tag>
<suite>
<stat pass="5" fail="0" skip="0" id="s1" name="Tests">Tests</stat>
<stat pass="5" fail="0" skip="0" id="s1-s1" name="Random-User-Test">Tests.Random-User-Test</stat>
</suite>
</statistics>
<errors>
</errors>
</robot>
