<?xml version="1.0" encoding="UTF-8"?>
<robot generator="Robot 7.0.1 (Python 3.12.4 on linux)" generated="2024-08-03T19:12:11.921960" rpa="false" schemaversion="5">
<suite id="s1" name="Tests" source="/home/runner/work/ApiRandomUser/ApiRandomUser/RamdonUser/tests">
<suite id="s1-s1" name="Random-User-Test" source="/home/runner/work/ApiRandomUser/ApiRandomUser/RamdonUser/tests/random-user-test.robot">
<test id="s1-s1-t1" name="Conectar" line="13">
<kw name="Conectar API" owner="random-user-service">
<kw name="Create Session" owner="RequestsLibrary">
<msg time="2024-08-03T19:12:12.373084" level="INFO">Creating Session using : alias=consultarAPI, url=https://randomuser.me/, headers={},                     cookies={}, auth=None, timeout=None, proxies=None, verify=False,                     debug=0 </msg>
<arg>consultarAPI</arg>
<arg>${URL}</arg>
<doc>Create Session: create a HTTP session to a server</doc>
<status status="PASS" start="2024-08-03T19:12:12.372870" elapsed="0.000416"/>
</kw>
<status status="PASS" start="2024-08-03T19:12:12.371750" elapsed="0.001912"/>
</kw>
<status status="PASS" start="2024-08-03T19:12:12.371064" elapsed="0.002796"/>
</test>
<test id="s1-s1-t2" name="Validar retorno 200 e JSON Válido" line="16">
<kw name="Teste de Requisicao Basica" owner="random-user-service">
<kw name="GET On Session" owner="RequestsLibrary">
<msg time="2024-08-03T19:12:12.494685" level="INFO">GET Request : url=https://randomuser.me/api 
 path_url=/api 
 headers={'User-Agent': 'python-requests/2.32.3', 'Accept-Encoding': 'gzip, deflate', 'Accept': '*/*', 'Connection': 'keep-alive'} 
 body=None 
 </msg>
<msg time="2024-08-03T19:12:12.494850" level="INFO">GET Response : url=https://randomuser.me/api 
 status=200, reason=OK 
 headers={'Date': 'Sat, 03 Aug 2024 19:12:12 GMT', 'Content-Type': 'application/json; charset=utf-8', 'Transfer-Encoding': 'chunked', 'Connection': 'keep-alive', 'X-Powered-By': 'Express', 'Access-Control-Allow-Origin': '*', 'Cache-Control': 'no-cache', 'ETag': 'W/"495-zX4afZtDXW9yC5LvOEZpDhTI4Mo"', 'Vary': 'Accept-Encoding', 'Content-Encoding': 'gzip', 'CF-Cache-Status': 'DYNAMIC', 'Report-To': '{"endpoints":[{"url":"https:\\/\\/a.nel.cloudflare.com\\/report\\/v4?s=UOnriU%2BvWK0Zn21l6euBbxVmMI3uW2wv0bTs6bwveENRb7hChXXBjkXFL1VTGEEZml2bYJVd%2FzCK%2Bj%2BnEYETM40%2B%2BwjXUt5Jg3AeynMJE3eUZyQnLsxLmC%2FKNKOR9gZF"}],"group":"cf-nel","max_age":604800}', 'NEL': '{"success_fraction":0,"report_to":"cf-nel","max_age":604800}', 'Server': 'cloudflare', 'CF-RAY': '8ad89e2d89437ae8-SJC', 'alt-svc': 'h3=":443"; ma=86400'} 
 body={"results":[{"gender":"male","name":{"title":"Mr","first":"Albert","last":"Castro"},"location":{"street":{"number":2105,"name":"Calle de Ángel García"},"city":"Guadalajara","state":"Castilla y León","country":"Spain","postcode":65882,"coordinates":{"latitude":"-31.5281","longitude":"-162.3127"},"timezone":{"offset":"+6:00","description":"Almaty, Dhaka, Colombo"}},"email":"albert.castro@example.com","login":{"uuid":"02c3b559-7508-4bc9-8131-a363ede71923","username":"brownbutterfly712","password":"atomic","salt":"EtbIRVLV","md5":"96a0ca5055993f47a6f4ae47c9270dc0","sha1":"4589216d2a7ac79c2f840bcd3cbab85804923051","sha256":"7b7cf19fd7544131b3b7f8bdb77593020d214eec96e61234a7f0b319fc6c544f"},"dob":{"date":"1958-07-05T01:34:44.860Z","age":66},"registered":{"date":"2010-08-31T09:44:11.034Z","age":13},"phone":"998-941-512","cell":"691-770-544","id":{"name":"DNI","value":"98150034-N"},"picture":{"large":"https://randomuser.me/api/portraits/men/21.jpg","medium":"https://randomuser.me/api/portraits/med/men/21.jpg","thumbnail":"https://randomuser.me/api/portraits/thumb/men/21.jpg"},"nat":"ES"}],"info":{"seed":"7f85bd2095d1eed3","results":1,"page":1,"version":"1.4"}} 
 </msg>
<msg time="2024-08-03T19:12:12.494940" level="INFO">/opt/hostedtoolcache/Python/3.12.4/x64/lib/python3.12/site-packages/urllib3/connectionpool.py:1099: InsecureRequestWarning: Unverified HTTPS request is being made to host 'randomuser.me'. Adding certificate verification is strongly advised. See: https://urllib3.readthedocs.io/en/latest/advanced-usage.html#tls-warnings
  warnings.warn(</msg>
<msg time="2024-08-03T19:12:12.495120" level="INFO">${response} = &lt;Response [200]&gt;</msg>
<var>${response}</var>
<arg>consultarAPI</arg>
<arg>/api</arg>
<doc>Sends a GET request on a previously created HTTP Session.</doc>
<status status="PASS" start="2024-08-03T19:12:12.376559" elapsed="0.118604"/>
</kw>
<kw name="Should Be Equal As Numbers" owner="BuiltIn">
<msg time="2024-08-03T19:12:12.496174" level="INFO">Argument types are:
&lt;class 'int'&gt;
&lt;class 'str'&gt;</msg>
<arg>${response.status_code}</arg>
<arg>200</arg>
<doc>Fails if objects are unequal after converting them to real numbers.</doc>
<status status="PASS" start="2024-08-03T19:12:12.495719" elapsed="0.000519"/>
</kw>
<kw name="Log" owner="BuiltIn">
<msg time="2024-08-03T19:12:12.496922" level="INFO">200</msg>
<arg>${response.status_code}</arg>
<doc>Logs the given message with the given level.</doc>
<status status="PASS" start="2024-08-03T19:12:12.496581" elapsed="0.000384"/>
</kw>
<kw name="Set Variable" owner="BuiltIn">
<msg time="2024-08-03T19:12:12.497708" level="INFO">${json_data} = {'results': [{'gender': 'male', 'name': {'title': 'Mr', 'first': 'Albert', 'last': 'Castro'}, 'location': {'street': {'number': 2105, 'name': 'Calle de Ángel García'}, 'city': 'Guadalajara', 'state': ...</msg>
<var>${json_data}</var>
<arg>${response.json()}</arg>
<doc>Returns the given values which can then be assigned to a variables.</doc>
<status status="PASS" start="2024-08-03T19:12:12.497268" elapsed="0.000470"/>
</kw>
<kw name="Dictionary Should Contain Key" owner="Collections">
<arg>${json_data}</arg>
<arg>results</arg>
<doc>Fails if ``key`` is not found from ``dictionary``.</doc>
<status status="PASS" start="2024-08-03T19:12:12.498039" elapsed="0.000321"/>
</kw>
<status status="PASS" start="2024-08-03T19:12:12.376275" elapsed="0.122241"/>
</kw>
<doc>Testa se a API responde corretamente e retorna um objeto JSON válido.</doc>
<tag>testeRequisicaoBasica</tag>
<status status="PASS" start="2024-08-03T19:12:12.375710" elapsed="0.122979"/>
</test>
<test id="s1-s1-t3" name="Validar estrutura de resposta" line="22">
<kw name="Teste de Estrutura de Resposta" owner="random-user-service">
<kw name="GET On Session" owner="RequestsLibrary">
<msg time="2024-08-03T19:12:12.604668" level="INFO">GET Request : url=https://randomuser.me/api 
 path_url=/api 
 headers={'User-Agent': 'python-requests/2.32.3', 'Accept-Encoding': 'gzip, deflate', 'Accept': '*/*', 'Connection': 'keep-alive'} 
 body=None 
 </msg>
<msg time="2024-08-03T19:12:12.604788" level="INFO">GET Response : url=https://randomuser.me/api 
 status=200, reason=OK 
 headers={'Date': 'Sat, 03 Aug 2024 19:12:12 GMT', 'Content-Type': 'application/json; charset=utf-8', 'Transfer-Encoding': 'chunked', 'Connection': 'keep-alive', 'X-Powered-By': 'Express', 'Access-Control-Allow-Origin': '*', 'Cache-Control': 'no-cache', 'ETag': 'W/"4a6-IiUXeHiDju1YZVvrZSa9JvwaqVA"', 'Vary': 'Accept-Encoding', 'Content-Encoding': 'gzip', 'CF-Cache-Status': 'DYNAMIC', 'Report-To': '{"endpoints":[{"url":"https:\\/\\/a.nel.cloudflare.com\\/report\\/v4?s=JmkHm9CprCVhq1roZN1L5eoKLoLeZe0t2ZmDmDyFG6o400XMt9q78Ccz4BnY%2FiE5iKcIM%2FxNCPXlZxnOTVKL3xD7ZYJho6dj5XMtTr3LP8opVNKH6GB%2FWRZi50aoPJFL"}],"group":"cf-nel","max_age":604800}', 'NEL': '{"success_fraction":0,"report_to":"cf-nel","max_age":604800}', 'Server': 'cloudflare', 'CF-RAY': '8ad89e2e29c87ae8-SJC', 'alt-svc': 'h3=":443"; ma=86400'} 
 body={"results":[{"gender":"male","name":{"title":"Mr","first":"Alvaro","last":"Roybal"},"location":{"street":{"number":9322,"name":"Viaducto Chiapas"},"city":"Barrio El Rosario","state":"Tamaulipas","country":"Mexico","postcode":24542,"coordinates":{"latitude":"26.8119","longitude":"-47.5959"},"timezone":{"offset":"+3:00","description":"Baghdad, Riyadh, Moscow, St. Petersburg"}},"email":"alvaro.roybal@example.com","login":{"uuid":"1c8ef1d2-e46e-49f1-adad-19de748d372d","username":"purplesnake164","password":"sooners","salt":"5rz6M7eO","md5":"692a0879dbe1490b1537ceb8c758ffb1","sha1":"910072685430182cf582384b70a292b1d89fbf1f","sha256":"524cc62e6cc410ce8981da518f95d37d16f16dd18a102edd22f2e31a598cc057"},"dob":{"date":"1978-01-10T21:13:34.403Z","age":46},"registered":{"date":"2018-10-01T02:52:28.026Z","age":5},"phone":"(642) 582 4186","cell":"(617) 332 8470","id":{"name":"NSS","value":"76 84 97 8434 6"},"picture":{"large":"https://randomuser.me/api/portraits/men/89.jpg","medium":"https://randomuser.me/api/portraits/med/men/89.jpg","thumbnail":"https://randomuser.me/api/portraits/thumb/men/89.jpg"},"nat":"MX"}],"info":{"seed":"305025f52b3acbe1","results":1,"page":1,"version":"1.4"}} 
 </msg>
<msg time="2024-08-03T19:12:12.604929" level="INFO">/opt/hostedtoolcache/Python/3.12.4/x64/lib/python3.12/site-packages/urllib3/connectionpool.py:1099: InsecureRequestWarning: Unverified HTTPS request is being made to host 'randomuser.me'. Adding certificate verification is strongly advised. See: https://urllib3.readthedocs.io/en/latest/advanced-usage.html#tls-warnings
  warnings.warn(</msg>
<msg time="2024-08-03T19:12:12.605081" level="INFO">${response} = &lt;Response [200]&gt;</msg>
<var>${response}</var>
<arg>consultarAPI</arg>
<arg>/api</arg>
<doc>Sends a GET request on a previously created HTTP Session.</doc>
<status status="PASS" start="2024-08-03T19:12:12.501340" elapsed="0.103799"/>
</kw>
<kw name="Set Variable" owner="BuiltIn">
<msg time="2024-08-03T19:12:12.606161" level="INFO">${json_data} = {'results': [{'gender': 'male', 'name': {'title': 'Mr', 'first': 'Alvaro', 'last': 'Roybal'}, 'location': {'street': {'number': 9322, 'name': 'Viaducto Chiapas'}, 'city': 'Barrio El Rosario', 'state':...</msg>
<var>${json_data}</var>
<arg>${response.json()}</arg>
<doc>Returns the given values which can then be assigned to a variables.</doc>
<status status="PASS" start="2024-08-03T19:12:12.605644" elapsed="0.000545"/>
</kw>
<kw name="Log" owner="BuiltIn">
<msg time="2024-08-03T19:12:12.606663" level="INFO">{'results': [{'gender': 'male', 'name': {'title': 'Mr', 'first': 'Alvaro', 'last': 'Roybal'}, 'location': {'street': {'number': 9322, 'name': 'Viaducto Chiapas'}, 'city': 'Barrio El Rosario', 'state': 'Tamaulipas', 'country': 'Mexico', 'postcode': 24542, 'coordinates': {'latitude': '26.8119', 'longitude': '-47.5959'}, 'timezone': {'offset': '+3:00', 'description': 'Baghdad, Riyadh, Moscow, St. Petersburg'}}, 'email': 'alvaro.roybal@example.com', 'login': {'uuid': '1c8ef1d2-e46e-49f1-adad-19de748d372d', 'username': 'purplesnake164', 'password': 'sooners', 'salt': '5rz6M7eO', 'md5': '692a0879dbe1490b1537ceb8c758ffb1', 'sha1': '910072685430182cf582384b70a292b1d89fbf1f', 'sha256': '524cc62e6cc410ce8981da518f95d37d16f16dd18a102edd22f2e31a598cc057'}, 'dob': {'date': '1978-01-10T21:13:34.403Z', 'age': 46}, 'registered': {'date': '2018-10-01T02:52:28.026Z', 'age': 5}, 'phone': '(642) 582 4186', 'cell': '(617) 332 8470', 'id': {'name': 'NSS', 'value': '76 84 97 8434 6'}, 'picture': {'large': 'https://randomuser.me/api/portraits/men/89.jpg', 'medium': 'https://randomuser.me/api/portraits/med/men/89.jpg', 'thumbnail': 'https://randomuser.me/api/portraits/thumb/men/89.jpg'}, 'nat': 'MX'}], 'info': {'seed': '305025f52b3acbe1', 'results': 1, 'page': 1, 'version': '1.4'}}</msg>
<arg>${json_data}</arg>
<doc>Logs the given message with the given level.</doc>
<status status="PASS" start="2024-08-03T19:12:12.606493" elapsed="0.000218"/>
</kw>
<kw name="Dictionary Should Contain Key" owner="Collections">
<arg>${json_data}</arg>
<arg>results</arg>
<doc>Fails if ``key`` is not found from ``dictionary``.</doc>
<status status="PASS" start="2024-08-03T19:12:12.607002" elapsed="0.000164"/>
</kw>
<kw name="Should Not Be Empty" owner="BuiltIn">
<msg time="2024-08-03T19:12:12.607472" level="INFO">Length is 2.</msg>
<arg>${json_data}</arg>
<doc>Verifies that the given item is not empty.</doc>
<status status="PASS" start="2024-08-03T19:12:12.607348" elapsed="0.000161"/>
</kw>
<kw name="Create List" owner="BuiltIn">
<msg time="2024-08-03T19:12:12.607941" level="INFO">${expected_keys} = ['gender', 'name', 'location', 'email', 'login']</msg>
<var>${expected_keys}</var>
<arg>gender</arg>
<arg>name</arg>
<arg>location</arg>
<arg>email</arg>
<arg>login</arg>
<doc>Returns a list containing given items.</doc>
<status status="PASS" start="2024-08-03T19:12:12.607794" elapsed="0.000171"/>
</kw>
<for flavor="IN">
<iter>
<kw name="Dictionary Should Contain Key" owner="Collections">
<arg>${json_data['results'][0]}</arg>
<arg>${key}</arg>
<doc>Fails if ``key`` is not found from ``dictionary``.</doc>
<status status="PASS" start="2024-08-03T19:12:12.608650" elapsed="0.000432"/>
</kw>
<kw name="Log" owner="BuiltIn">
<msg time="2024-08-03T19:12:12.609629" level="INFO">{'gender': 'male', 'name': {'title': 'Mr', 'first': 'Alvaro', 'last': 'Roybal'}, 'location': {'street': {'number': 9322, 'name': 'Viaducto Chiapas'}, 'city': 'Barrio El Rosario', 'state': 'Tamaulipas', 'country': 'Mexico', 'postcode': 24542, 'coordinates': {'latitude': '26.8119', 'longitude': '-47.5959'}, 'timezone': {'offset': '+3:00', 'description': 'Baghdad, Riyadh, Moscow, St. Petersburg'}}, 'email': 'alvaro.roybal@example.com', 'login': {'uuid': '1c8ef1d2-e46e-49f1-adad-19de748d372d', 'username': 'purplesnake164', 'password': 'sooners', 'salt': '5rz6M7eO', 'md5': '692a0879dbe1490b1537ceb8c758ffb1', 'sha1': '910072685430182cf582384b70a292b1d89fbf1f', 'sha256': '524cc62e6cc410ce8981da518f95d37d16f16dd18a102edd22f2e31a598cc057'}, 'dob': {'date': '1978-01-10T21:13:34.403Z', 'age': 46}, 'registered': {'date': '2018-10-01T02:52:28.026Z', 'age': 5}, 'phone': '(642) 582 4186', 'cell': '(617) 332 8470', 'id': {'name': 'NSS', 'value': '76 84 97 8434 6'}, 'picture': {'large': 'https://randomuser.me/api/portraits/men/89.jpg', 'medium': 'https://randomuser.me/api/portraits/med/men/89.jpg', 'thumbnail': 'https://randomuser.me/api/portraits/thumb/men/89.jpg'}, 'nat': 'MX'}</msg>
<arg>${json_data['results'][0]}</arg>
<doc>Logs the given message with the given level.</doc>
<status status="PASS" start="2024-08-03T19:12:12.609275" elapsed="0.000402"/>
</kw>
<kw name="Log" owner="BuiltIn">
<msg time="2024-08-03T19:12:12.610103" level="INFO">gender</msg>
<arg>${key}</arg>
<doc>Logs the given message with the given level.</doc>
<status status="PASS" start="2024-08-03T19:12:12.609974" elapsed="0.000167"/>
</kw>
<var name="${key}">gender</var>
<status status="PASS" start="2024-08-03T19:12:12.608447" elapsed="0.001913"/>
</iter>
<iter>
<kw name="Dictionary Should Contain Key" owner="Collections">
<arg>${json_data['results'][0]}</arg>
<arg>${key}</arg>
<doc>Fails if ``key`` is not found from ``dictionary``.</doc>
<status status="PASS" start="2024-08-03T19:12:12.610660" elapsed="0.000393"/>
</kw>
<kw name="Log" owner="BuiltIn">
<msg time="2024-08-03T19:12:12.611628" level="INFO">{'gender': 'male', 'name': {'title': 'Mr', 'first': 'Alvaro', 'last': 'Roybal'}, 'location': {'street': {'number': 9322, 'name': 'Viaducto Chiapas'}, 'city': 'Barrio El Rosario', 'state': 'Tamaulipas', 'country': 'Mexico', 'postcode': 24542, 'coordinates': {'latitude': '26.8119', 'longitude': '-47.5959'}, 'timezone': {'offset': '+3:00', 'description': 'Baghdad, Riyadh, Moscow, St. Petersburg'}}, 'email': 'alvaro.roybal@example.com', 'login': {'uuid': '1c8ef1d2-e46e-49f1-adad-19de748d372d', 'username': 'purplesnake164', 'password': 'sooners', 'salt': '5rz6M7eO', 'md5': '692a0879dbe1490b1537ceb8c758ffb1', 'sha1': '910072685430182cf582384b70a292b1d89fbf1f', 'sha256': '524cc62e6cc410ce8981da518f95d37d16f16dd18a102edd22f2e31a598cc057'}, 'dob': {'date': '1978-01-10T21:13:34.403Z', 'age': 46}, 'registered': {'date': '2018-10-01T02:52:28.026Z', 'age': 5}, 'phone': '(642) 582 4186', 'cell': '(617) 332 8470', 'id': {'name': 'NSS', 'value': '76 84 97 8434 6'}, 'picture': {'large': 'https://randomuser.me/api/portraits/men/89.jpg', 'medium': 'https://randomuser.me/api/portraits/med/men/89.jpg', 'thumbnail': 'https://randomuser.me/api/portraits/thumb/men/89.jpg'}, 'nat': 'MX'}</msg>
<arg>${json_data['results'][0]}</arg>
<doc>Logs the given message with the given level.</doc>
<status status="PASS" start="2024-08-03T19:12:12.611237" elapsed="0.000438"/>
</kw>
<kw name="Log" owner="BuiltIn">
<msg time="2024-08-03T19:12:12.612103" level="INFO">name</msg>
<arg>${key}</arg>
<doc>Logs the given message with the given level.</doc>
<status status="PASS" start="2024-08-03T19:12:12.611971" elapsed="0.000170"/>
</kw>
<var name="${key}">name</var>
<status status="PASS" start="2024-08-03T19:12:12.610548" elapsed="0.001809"/>
</iter>
<iter>
<kw name="Dictionary Should Contain Key" owner="Collections">
<arg>${json_data['results'][0]}</arg>
<arg>${key}</arg>
<doc>Fails if ``key`` is not found from ``dictionary``.</doc>
<status status="PASS" start="2024-08-03T19:12:12.612669" elapsed="0.000383"/>
</kw>
<kw name="Log" owner="BuiltIn">
<msg time="2024-08-03T19:12:12.613577" level="INFO">{'gender': 'male', 'name': {'title': 'Mr', 'first': 'Alvaro', 'last': 'Roybal'}, 'location': {'street': {'number': 9322, 'name': 'Viaducto Chiapas'}, 'city': 'Barrio El Rosario', 'state': 'Tamaulipas', 'country': 'Mexico', 'postcode': 24542, 'coordinates': {'latitude': '26.8119', 'longitude': '-47.5959'}, 'timezone': {'offset': '+3:00', 'description': 'Baghdad, Riyadh, Moscow, St. Petersburg'}}, 'email': 'alvaro.roybal@example.com', 'login': {'uuid': '1c8ef1d2-e46e-49f1-adad-19de748d372d', 'username': 'purplesnake164', 'password': 'sooners', 'salt': '5rz6M7eO', 'md5': '692a0879dbe1490b1537ceb8c758ffb1', 'sha1': '910072685430182cf582384b70a292b1d89fbf1f', 'sha256': '524cc62e6cc410ce8981da518f95d37d16f16dd18a102edd22f2e31a598cc057'}, 'dob': {'date': '1978-01-10T21:13:34.403Z', 'age': 46}, 'registered': {'date': '2018-10-01T02:52:28.026Z', 'age': 5}, 'phone': '(642) 582 4186', 'cell': '(617) 332 8470', 'id': {'name': 'NSS', 'value': '76 84 97 8434 6'}, 'picture': {'large': 'https://randomuser.me/api/portraits/men/89.jpg', 'medium': 'https://randomuser.me/api/portraits/med/men/89.jpg', 'thumbnail': 'https://randomuser.me/api/portraits/thumb/men/89.jpg'}, 'nat': 'MX'}</msg>
<arg>${json_data['results'][0]}</arg>
<doc>Logs the given message with the given level.</doc>
<status status="PASS" start="2024-08-03T19:12:12.613234" elapsed="0.000390"/>
</kw>
<kw name="Log" owner="BuiltIn">
<msg time="2024-08-03T19:12:12.614052" level="INFO">location</msg>
<arg>${key}</arg>
<doc>Logs the given message with the given level.</doc>
<status status="PASS" start="2024-08-03T19:12:12.613922" elapsed="0.000168"/>
</kw>
<var name="${key}">location</var>
<status status="PASS" start="2024-08-03T19:12:12.612559" elapsed="0.001757"/>
</iter>
<iter>
<kw name="Dictionary Should Contain Key" owner="Collections">
<arg>${json_data['results'][0]}</arg>
<arg>${key}</arg>
<doc>Fails if ``key`` is not found from ``dictionary``.</doc>
<status status="PASS" start="2024-08-03T19:12:12.614595" elapsed="0.000382"/>
</kw>
<kw name="Log" owner="BuiltIn">
<msg time="2024-08-03T19:12:12.615651" level="INFO">{'gender': 'male', 'name': {'title': 'Mr', 'first': 'Alvaro', 'last': 'Roybal'}, 'location': {'street': {'number': 9322, 'name': 'Viaducto Chiapas'}, 'city': 'Barrio El Rosario', 'state': 'Tamaulipas', 'country': 'Mexico', 'postcode': 24542, 'coordinates': {'latitude': '26.8119', 'longitude': '-47.5959'}, 'timezone': {'offset': '+3:00', 'description': 'Baghdad, Riyadh, Moscow, St. Petersburg'}}, 'email': 'alvaro.roybal@example.com', 'login': {'uuid': '1c8ef1d2-e46e-49f1-adad-19de748d372d', 'username': 'purplesnake164', 'password': 'sooners', 'salt': '5rz6M7eO', 'md5': '692a0879dbe1490b1537ceb8c758ffb1', 'sha1': '910072685430182cf582384b70a292b1d89fbf1f', 'sha256': '524cc62e6cc410ce8981da518f95d37d16f16dd18a102edd22f2e31a598cc057'}, 'dob': {'date': '1978-01-10T21:13:34.403Z', 'age': 46}, 'registered': {'date': '2018-10-01T02:52:28.026Z', 'age': 5}, 'phone': '(642) 582 4186', 'cell': '(617) 332 8470', 'id': {'name': 'NSS', 'value': '76 84 97 8434 6'}, 'picture': {'large': 'https://randomuser.me/api/portraits/men/89.jpg', 'medium': 'https://randomuser.me/api/portraits/med/men/89.jpg', 'thumbnail': 'https://randomuser.me/api/portraits/thumb/men/89.jpg'}, 'nat': 'MX'}</msg>
<arg>${json_data['results'][0]}</arg>
<doc>Logs the given message with the given level.</doc>
<status status="PASS" start="2024-08-03T19:12:12.615289" elapsed="0.000410"/>
</kw>
<kw name="Log" owner="BuiltIn">
<msg time="2024-08-03T19:12:12.616129" level="INFO">email</msg>
<arg>${key}</arg>
<doc>Logs the given message with the given level.</doc>
<status status="PASS" start="2024-08-03T19:12:12.615998" elapsed="0.000171"/>
</kw>
<var name="${key}">email</var>
<status status="PASS" start="2024-08-03T19:12:12.614488" elapsed="0.001928"/>
</iter>
<iter>
<kw name="Dictionary Should Contain Key" owner="Collections">
<arg>${json_data['results'][0]}</arg>
<arg>${key}</arg>
<doc>Fails if ``key`` is not found from ``dictionary``.</doc>
<status status="PASS" start="2024-08-03T19:12:12.616706" elapsed="0.000376"/>
</kw>
<kw name="Log" owner="BuiltIn">
<msg time="2024-08-03T19:12:12.617617" level="INFO">{'gender': 'male', 'name': {'title': 'Mr', 'first': 'Alvaro', 'last': 'Roybal'}, 'location': {'street': {'number': 9322, 'name': 'Viaducto Chiapas'}, 'city': 'Barrio El Rosario', 'state': 'Tamaulipas', 'country': 'Mexico', 'postcode': 24542, 'coordinates': {'latitude': '26.8119', 'longitude': '-47.5959'}, 'timezone': {'offset': '+3:00', 'description': 'Baghdad, Riyadh, Moscow, St. Petersburg'}}, 'email': 'alvaro.roybal@example.com', 'login': {'uuid': '1c8ef1d2-e46e-49f1-adad-19de748d372d', 'username': 'purplesnake164', 'password': 'sooners', 'salt': '5rz6M7eO', 'md5': '692a0879dbe1490b1537ceb8c758ffb1', 'sha1': '910072685430182cf582384b70a292b1d89fbf1f', 'sha256': '524cc62e6cc410ce8981da518f95d37d16f16dd18a102edd22f2e31a598cc057'}, 'dob': {'date': '1978-01-10T21:13:34.403Z', 'age': 46}, 'registered': {'date': '2018-10-01T02:52:28.026Z', 'age': 5}, 'phone': '(642) 582 4186', 'cell': '(617) 332 8470', 'id': {'name': 'NSS', 'value': '76 84 97 8434 6'}, 'picture': {'large': 'https://randomuser.me/api/portraits/men/89.jpg', 'medium': 'https://randomuser.me/api/portraits/med/men/89.jpg', 'thumbnail': 'https://randomuser.me/api/portraits/thumb/men/89.jpg'}, 'nat': 'MX'}</msg>
<arg>${json_data['results'][0]}</arg>
<doc>Logs the given message with the given level.</doc>
<status status="PASS" start="2024-08-03T19:12:12.617264" elapsed="0.000411"/>
</kw>
<kw name="Log" owner="BuiltIn">
<msg time="2024-08-03T19:12:12.618102" level="INFO">login</msg>
<arg>${key}</arg>
<doc>Logs the given message with the given level.</doc>
<status status="PASS" start="2024-08-03T19:12:12.617972" elapsed="0.000169"/>
</kw>
<var name="${key}">login</var>
<status status="PASS" start="2024-08-03T19:12:12.616595" elapsed="0.001760"/>
</iter>
<var>${key}</var>
<value>@{expected_keys}</value>
<status status="PASS" start="2024-08-03T19:12:12.608224" elapsed="0.010254"/>
</for>
<kw name="Create List" owner="BuiltIn">
<msg time="2024-08-03T19:12:12.618847" level="INFO">${expected_keysTwo} = ['username', 'password']</msg>
<var>${expected_keysTwo}</var>
<arg>username</arg>
<arg>password</arg>
<doc>Returns a list containing given items.</doc>
<status status="PASS" start="2024-08-03T19:12:12.618705" elapsed="0.000167"/>
</kw>
<for flavor="IN">
<iter>
<kw name="Dictionary Should Contain Key" owner="Collections">
<arg>${json_data['results'][0]['login']}</arg>
<arg>${keyTwo}</arg>
<doc>Fails if ``key`` is not found from ``dictionary``.</doc>
<status status="PASS" start="2024-08-03T19:12:12.619379" elapsed="0.000377"/>
</kw>
<kw name="Dictionary Should Contain Key" owner="Collections">
<arg>${json_data['results'][0]['login']}</arg>
<arg>${keyTwo}</arg>
<doc>Fails if ``key`` is not found from ``dictionary``.</doc>
<status status="PASS" start="2024-08-03T19:12:12.619937" elapsed="0.000388"/>
</kw>
<kw name="Log" owner="BuiltIn">
<msg time="2024-08-03T19:12:12.620652" level="INFO">username</msg>
<arg>${keyTwo}</arg>
<doc>Logs the given message with the given level.</doc>
<status status="PASS" start="2024-08-03T19:12:12.620530" elapsed="0.000160"/>
</kw>
<var name="${keyTwo}">username</var>
<status status="PASS" start="2024-08-03T19:12:12.619272" elapsed="0.001640"/>
</iter>
<iter>
<kw name="Dictionary Should Contain Key" owner="Collections">
<arg>${json_data['results'][0]['login']}</arg>
<arg>${keyTwo}</arg>
<doc>Fails if ``key`` is not found from ``dictionary``.</doc>
<status status="PASS" start="2024-08-03T19:12:12.621190" elapsed="0.000386"/>
</kw>
<kw name="Dictionary Should Contain Key" owner="Collections">
<arg>${json_data['results'][0]['login']}</arg>
<arg>${keyTwo}</arg>
<doc>Fails if ``key`` is not found from ``dictionary``.</doc>
<status status="PASS" start="2024-08-03T19:12:12.621755" elapsed="0.000369"/>
</kw>
<kw name="Log" owner="BuiltIn">
<msg time="2024-08-03T19:12:12.622423" level="INFO">password</msg>
<arg>${keyTwo}</arg>
<doc>Logs the given message with the given level.</doc>
<status status="PASS" start="2024-08-03T19:12:12.622304" elapsed="0.000156"/>
</kw>
<var name="${keyTwo}">password</var>
<status status="PASS" start="2024-08-03T19:12:12.621084" elapsed="0.001596"/>
</iter>
<var>${keyTwo}</var>
<value>@{expected_keysTwo}</value>
<status status="PASS" start="2024-08-03T19:12:12.619116" elapsed="0.003686"/>
</for>
<status status="PASS" start="2024-08-03T19:12:12.501104" elapsed="0.121844"/>
</kw>
<doc>Testa a estrutura da resposta da API.</doc>
<tag>testeEstruturaResposta</tag>
<status status="PASS" start="2024-08-03T19:12:12.500510" elapsed="0.122599"/>
</test>
<test id="s1-s1-t4" name="Validar tipos de dados" line="28">
<kw name="Teste de Tipos de Dados" owner="random-user-service">
<kw name="GET On Session" owner="RequestsLibrary">
<msg time="2024-08-03T19:12:12.722938" level="INFO">GET Request : url=https://randomuser.me/api 
 path_url=/api 
 headers={'User-Agent': 'python-requests/2.32.3', 'Accept-Encoding': 'gzip, deflate', 'Accept': '*/*', 'Connection': 'keep-alive'} 
 body=None 
 </msg>
<msg time="2024-08-03T19:12:12.723055" level="INFO">GET Response : url=https://randomuser.me/api 
 status=200, reason=OK 
 headers={'Date': 'Sat, 03 Aug 2024 19:12:12 GMT', 'Content-Type': 'application/json; charset=utf-8', 'Transfer-Encoding': 'chunked', 'Connection': 'keep-alive', 'X-Powered-By': 'Express', 'Access-Control-Allow-Origin': '*', 'Cache-Control': 'no-cache', 'ETag': 'W/"485-b3fpfuUp6xiqRLiAxzRGCU2/wXg"', 'Vary': 'Accept-Encoding', 'Content-Encoding': 'gzip', 'CF-Cache-Status': 'DYNAMIC', 'Report-To': '{"endpoints":[{"url":"https:\\/\\/a.nel.cloudflare.com\\/report\\/v4?s=es2sJSLCJkcSSNVokIi0xs6JeTxnZop1u0OZr7MZ%2B1b%2BSeq%2FU61JAg7Ccdtu3QaGOp9K7i%2F6xbF1240L8ePxfDwQZcXWFtelIkm4U5SA%2BVWbfud6FDCaRawfdI9e4lJG"}],"group":"cf-nel","max_age":604800}', 'NEL': '{"success_fraction":0,"report_to":"cf-nel","max_age":604800}', 'Server': 'cloudflare', 'CF-RAY': '8ad89e2eea6d7ae8-SJC', 'alt-svc': 'h3=":443"; ma=86400'} 
 body={"results":[{"gender":"male","name":{"title":"Mr","first":"Erling","last":"Yri"},"location":{"street":{"number":5278,"name":"Feltspatveien"},"city":"Hammerfest","state":"Oppland","country":"Norway","postcode":"1730","coordinates":{"latitude":"44.4724","longitude":"-2.3156"},"timezone":{"offset":"+5:00","description":"Ekaterinburg, Islamabad, Karachi, Tashkent"}},"email":"erling.yri@example.com","login":{"uuid":"4fb8338e-2ce0-449d-a00c-3afecbeccff0","username":"angrypeacock282","password":"1q2w3e","salt":"kV5cqM3O","md5":"1b82acbfa979b95396930350edddc0be","sha1":"18ce96e1e408eda4eed938dfa4501bccfde03d72","sha256":"f6872a107ae23367f4ee8e82937fda1daa27a4e51fd3e7301b3bb8f4941fd5ca"},"dob":{"date":"1983-03-28T01:14:15.289Z","age":41},"registered":{"date":"2021-11-26T12:16:28.406Z","age":2},"phone":"77977990","cell":"94447618","id":{"name":"FN","value":"28038314582"},"picture":{"large":"https://randomuser.me/api/portraits/men/93.jpg","medium":"https://randomuser.me/api/portraits/med/men/93.jpg","thumbnail":"https://randomuser.me/api/portraits/thumb/men/93.jpg"},"nat":"NO"}],"info":{"seed":"cc2027e5e0c3eb88","results":1,"page":1,"version":"1.4"}} 
 </msg>
<msg time="2024-08-03T19:12:12.723136" level="INFO">/opt/hostedtoolcache/Python/3.12.4/x64/lib/python3.12/site-packages/urllib3/connectionpool.py:1099: InsecureRequestWarning: Unverified HTTPS request is being made to host 'randomuser.me'. Adding certificate verification is strongly advised. See: https://urllib3.readthedocs.io/en/latest/advanced-usage.html#tls-warnings
  warnings.warn(</msg>
<msg time="2024-08-03T19:12:12.723280" level="INFO">${response} = &lt;Response [200]&gt;</msg>
<var>${response}</var>
<arg>consultarAPI</arg>
<arg>/api</arg>
<doc>Sends a GET request on a previously created HTTP Session.</doc>
<status status="PASS" start="2024-08-03T19:12:12.625621" elapsed="0.097703"/>
</kw>
<kw name="Set Variable" owner="BuiltIn">
<msg time="2024-08-03T19:12:12.724424" level="INFO">${json_data} = {'results': [{'gender': 'male', 'name': {'title': 'Mr', 'first': 'Erling', 'last': 'Yri'}, 'location': {'street': {'number': 5278, 'name': 'Feltspatveien'}, 'city': 'Hammerfest', 'state': 'Oppland', '...</msg>
<var>${json_data}</var>
<arg>${response.json()}</arg>
<doc>Returns the given values which can then be assigned to a variables.</doc>
<status status="PASS" start="2024-08-03T19:12:12.723867" elapsed="0.000588"/>
</kw>
<kw name="Log" owner="BuiltIn">
<msg time="2024-08-03T19:12:12.724930" level="INFO">{'results': [{'gender': 'male', 'name': {'title': 'Mr', 'first': 'Erling', 'last': 'Yri'}, 'location': {'street': {'number': 5278, 'name': 'Feltspatveien'}, 'city': 'Hammerfest', 'state': 'Oppland', 'country': 'Norway', 'postcode': '1730', 'coordinates': {'latitude': '44.4724', 'longitude': '-2.3156'}, 'timezone': {'offset': '+5:00', 'description': 'Ekaterinburg, Islamabad, Karachi, Tashkent'}}, 'email': 'erling.yri@example.com', 'login': {'uuid': '4fb8338e-2ce0-449d-a00c-3afecbeccff0', 'username': 'angrypeacock282', 'password': '1q2w3e', 'salt': 'kV5cqM3O', 'md5': '1b82acbfa979b95396930350edddc0be', 'sha1': '18ce96e1e408eda4eed938dfa4501bccfde03d72', 'sha256': 'f6872a107ae23367f4ee8e82937fda1daa27a4e51fd3e7301b3bb8f4941fd5ca'}, 'dob': {'date': '1983-03-28T01:14:15.289Z', 'age': 41}, 'registered': {'date': '2021-11-26T12:16:28.406Z', 'age': 2}, 'phone': '77977990', 'cell': '94447618', 'id': {'name': 'FN', 'value': '28038314582'}, 'picture': {'large': 'https://randomuser.me/api/portraits/men/93.jpg', 'medium': 'https://randomuser.me/api/portraits/med/men/93.jpg', 'thumbnail': 'https://randomuser.me/api/portraits/thumb/men/93.jpg'}, 'nat': 'NO'}], 'info': {'seed': 'cc2027e5e0c3eb88', 'results': 1, 'page': 1, 'version': '1.4'}}</msg>
<arg>${json_data}</arg>
<doc>Logs the given message with the given level.</doc>
<status status="PASS" start="2024-08-03T19:12:12.724770" elapsed="0.000215"/>
</kw>
<kw name="Should Be String" owner="String">
<arg>${json_data['results'][0]['gender']}</arg>
<doc>Fails if the given ``item`` is not a string.</doc>
<status status="PASS" start="2024-08-03T19:12:12.725274" elapsed="0.000372"/>
</kw>
<kw name="Should Match Regexp" owner="BuiltIn">
<arg>${json_data['results'][0]['email']}</arg>
<arg>^[a-zA-Z0-9._%+-]+@[a-zA-Z0-9.-]+\.[a-zA-Z]{2,}$</arg>
<doc>Fails if ``string`` does not match ``pattern`` as a regular expression.</doc>
<status status="PASS" start="2024-08-03T19:12:12.725874" elapsed="0.000573"/>
</kw>
<kw name="Should Match Regexp" owner="BuiltIn">
<arg>${json_data['results'][0]['dob']['date']}</arg>
<arg>\\d{4}-\\d{2}-\\d{2}T\\d{2}:\\d{2}:\\d{2}\\.\\d{3}Z</arg>
<doc>Fails if ``string`` does not match ``pattern`` as a regular expression.</doc>
<status status="PASS" start="2024-08-03T19:12:12.726642" elapsed="0.000679"/>
</kw>
<kw name="Should Match Regexp" owner="BuiltIn">
<arg>${json_data['results'][0]['registered']['date']}</arg>
<arg>\\d{4}-\\d{2}-\\d{2}T\\d{2}:\\d{2}:\\d{2}\\.\\d{3}Z</arg>
<doc>Fails if ``string`` does not match ``pattern`` as a regular expression.</doc>
<status status="PASS" start="2024-08-03T19:12:12.727519" elapsed="0.000375"/>
</kw>
<kw name="Should Match Regexp" owner="BuiltIn">
<arg>${json_data['results'][0]['picture']['large']}</arg>
<arg>^https?://.*\.(?:png|jpe?g|gif|bmp)$</arg>
<doc>Fails if ``string`` does not match ``pattern`` as a regular expression.</doc>
<status status="PASS" start="2024-08-03T19:12:12.728084" elapsed="0.000481"/>
</kw>
<kw name="Should Match Regexp" owner="BuiltIn">
<arg>${json_data['results'][0]['picture']['medium']}</arg>
<arg>^https?://.*\.(?:png|jpe?g|gif|bmp)$</arg>
<doc>Fails if ``string`` does not match ``pattern`` as a regular expression.</doc>
<status status="PASS" start="2024-08-03T19:12:12.728757" elapsed="0.000364"/>
</kw>
<kw name="Should Match Regexp" owner="BuiltIn">
<arg>${json_data['results'][0]['picture']['thumbnail']}</arg>
<arg>^https?://.*\.(?:png|jpe?g|gif|bmp)$</arg>
<doc>Fails if ``string`` does not match ``pattern`` as a regular expression.</doc>
<status status="PASS" start="2024-08-03T19:12:12.729306" elapsed="0.000362"/>
</kw>
<kw name="Log" owner="BuiltIn">
<msg time="2024-08-03T19:12:12.730173" level="INFO">{'large': 'https://randomuser.me/api/portraits/men/93.jpg', 'medium': 'https://randomuser.me/api/portraits/med/men/93.jpg', 'thumbnail': 'https://randomuser.me/api/portraits/thumb/men/93.jpg'}</msg>
<arg>${json_data['results'][0]['picture']}</arg>
<doc>Logs the given message with the given level.</doc>
<status status="PASS" start="2024-08-03T19:12:12.729848" elapsed="0.000371"/>
</kw>
<status status="PASS" start="2024-08-03T19:12:12.625381" elapsed="0.105164"/>
</kw>
<kw name="Teste de Tipos de Dados - Postcode" owner="random-user-service">
<kw name="GET On Session" owner="RequestsLibrary">
<msg time="2024-08-03T19:12:12.853445" level="INFO">GET Request : url=https://randomuser.me/api 
 path_url=/api 
 headers={'User-Agent': 'python-requests/2.32.3', 'Accept-Encoding': 'gzip, deflate', 'Accept': '*/*', 'Connection': 'keep-alive'} 
 body=None 
 </msg>
<msg time="2024-08-03T19:12:12.853547" level="INFO">GET Response : url=https://randomuser.me/api 
 status=200, reason=OK 
 headers={'Date': 'Sat, 03 Aug 2024 19:12:12 GMT', 'Content-Type': 'application/json; charset=utf-8', 'Transfer-Encoding': 'chunked', 'Connection': 'keep-alive', 'X-Powered-By': 'Express', 'Access-Control-Allow-Origin': '*', 'Cache-Control': 'no-cache', 'ETag': 'W/"496-WN2bISUmhYol6mUfjiS481WRZKU"', 'Vary': 'Accept-Encoding', 'Content-Encoding': 'gzip', 'CF-Cache-Status': 'DYNAMIC', 'Report-To': '{"endpoints":[{"url":"https:\\/\\/a.nel.cloudflare.com\\/report\\/v4?s=Qm8Au4IS4RQUkPTjSNbx2Q9T9bYGwNYT1eHRWH%2Fe2w6dR9MdPY9YY%2FRxPbyOALPB3V8STRdpyO%2FBiZwpbiKTOb3VsxesBsXOQIOjtwX%2FXHp%2B%2FJxNLKkd2bDaDXsp1OFj"}],"group":"cf-nel","max_age":604800}', 'NEL': '{"success_fraction":0,"report_to":"cf-nel","max_age":604800}', 'Server': 'cloudflare', 'CF-RAY': '8ad89e2f9ae87ae8-SJC', 'alt-svc': 'h3=":443"; ma=86400'} 
 body={"results":[{"gender":"male","name":{"title":"Mr","first":"Dan","last":"Carroll"},"location":{"street":{"number":7014,"name":"Daisy Dr"},"city":"Saint Paul","state":"Connecticut","country":"United States","postcode":70937,"coordinates":{"latitude":"89.4544","longitude":"-155.1581"},"timezone":{"offset":"+10:00","description":"Eastern Australia, Guam, Vladivostok"}},"email":"dan.carroll@example.com","login":{"uuid":"32fb2c1a-6c64-437e-abe0-005e4c6d2f5b","username":"whitebear106","password":"pleasure","salt":"zXAqnD43","md5":"5352f56acead3ab667a495d13f27c547","sha1":"3a194d8a9534897ace25a36fad49f242b123b698","sha256":"049345ef2c6251ecbb9fe0a4fae9c81af49eaea85649486dd9a97cfbedc53368"},"dob":{"date":"1946-03-06T13:08:39.670Z","age":78},"registered":{"date":"2008-10-16T03:09:55.492Z","age":15},"phone":"(474) 819-3729","cell":"(590) 965-2689","id":{"name":"SSN","value":"875-54-3814"},"picture":{"large":"https://randomuser.me/api/portraits/men/91.jpg","medium":"https://randomuser.me/api/portraits/med/men/91.jpg","thumbnail":"https://randomuser.me/api/portraits/thumb/men/91.jpg"},"nat":"US"}],"info":{"seed":"669cb8d6d2fc8465","results":1,"page":1,"version":"1.4"}} 
 </msg>
<msg time="2024-08-03T19:12:12.853621" level="INFO">/opt/hostedtoolcache/Python/3.12.4/x64/lib/python3.12/site-packages/urllib3/connectionpool.py:1099: InsecureRequestWarning: Unverified HTTPS request is being made to host 'randomuser.me'. Adding certificate verification is strongly advised. See: https://urllib3.readthedocs.io/en/latest/advanced-usage.html#tls-warnings
  warnings.warn(</msg>
<msg time="2024-08-03T19:12:12.853764" level="INFO">${response} = &lt;Response [200]&gt;</msg>
<var>${response}</var>
<arg>consultarAPI</arg>
<arg>/api</arg>
<doc>Sends a GET request on a previously created HTTP Session.</doc>
<status status="PASS" start="2024-08-03T19:12:12.731031" elapsed="0.122775"/>
</kw>
<kw name="Set Variable" owner="BuiltIn">
<msg time="2024-08-03T19:12:12.854883" level="INFO">${json_data} = {'results': [{'gender': 'male', 'name': {'title': 'Mr', 'first': 'Dan', 'last': 'Carroll'}, 'location': {'street': {'number': 7014, 'name': 'Daisy Dr'}, 'city': 'Saint Paul', 'state': 'Connecticut', '...</msg>
<var>${json_data}</var>
<arg>${response.json()}</arg>
<doc>Returns the given values which can then be assigned to a variables.</doc>
<status status="PASS" start="2024-08-03T19:12:12.854369" elapsed="0.000543"/>
</kw>
<kw name="Log" owner="BuiltIn">
<msg time="2024-08-03T19:12:12.855389" level="INFO">{'results': [{'gender': 'male', 'name': {'title': 'Mr', 'first': 'Dan', 'last': 'Carroll'}, 'location': {'street': {'number': 7014, 'name': 'Daisy Dr'}, 'city': 'Saint Paul', 'state': 'Connecticut', 'country': 'United States', 'postcode': 70937, 'coordinates': {'latitude': '89.4544', 'longitude': '-155.1581'}, 'timezone': {'offset': '+10:00', 'description': 'Eastern Australia, Guam, Vladivostok'}}, 'email': 'dan.carroll@example.com', 'login': {'uuid': '32fb2c1a-6c64-437e-abe0-005e4c6d2f5b', 'username': 'whitebear106', 'password': 'pleasure', 'salt': 'zXAqnD43', 'md5': '5352f56acead3ab667a495d13f27c547', 'sha1': '3a194d8a9534897ace25a36fad49f242b123b698', 'sha256': '049345ef2c6251ecbb9fe0a4fae9c81af49eaea85649486dd9a97cfbedc53368'}, 'dob': {'date': '1946-03-06T13:08:39.670Z', 'age': 78}, 'registered': {'date': '2008-10-16T03:09:55.492Z', 'age': 15}, 'phone': '(474) 819-3729', 'cell': '(590) 965-2689', 'id': {'name': 'SSN', 'value': '875-54-3814'}, 'picture': {'large': 'https://randomuser.me/api/portraits/men/91.jpg', 'medium': 'https://randomuser.me/api/portraits/med/men/91.jpg', 'thumbnail': 'https://randomuser.me/api/portraits/thumb/men/91.jpg'}, 'nat': 'US'}], 'info': {'seed': '669cb8d6d2fc8465', 'results': 1, 'page': 1, 'version': '1.4'}}</msg>
<arg>${json_data}</arg>
<doc>Logs the given message with the given level.</doc>
<status status="PASS" start="2024-08-03T19:12:12.855231" elapsed="0.000217"/>
</kw>
<kw name="Should Be Equal As Numbers" owner="BuiltIn">
<arg>${json_data['results'][0]['location']['postcode']}</arg>
<arg>${json_data['results'][0]['location']['postcode']}</arg>
<doc>Fails if objects are unequal after converting them to real numbers.</doc>
<status status="PASS" start="2024-08-03T19:12:12.855738" elapsed="0.000622"/>
</kw>
<kw name="Log" owner="BuiltIn">
<msg time="2024-08-03T19:12:12.856978" level="INFO">70937</msg>
<arg>${json_data['results'][0]['location']['postcode']}</arg>
<doc>Logs the given message with the given level.</doc>
<status status="PASS" start="2024-08-03T19:12:12.856633" elapsed="0.000387"/>
</kw>
<status status="PASS" start="2024-08-03T19:12:12.730785" elapsed="0.126505"/>
</kw>
<doc>Testa se os tipos de dados na resposta da API estão corretos.</doc>
<tag>testeTiposDados</tag>
<status status="PASS" start="2024-08-03T19:12:12.624914" elapsed="0.232549"/>
</test>
<test id="s1-s1-t5" name="Validar conteudo" line="35">
<kw name="Teste de Tipos de Conteudo" owner="random-user-service">
<kw name="GET On Session" owner="RequestsLibrary">
<msg time="2024-08-03T19:12:12.959307" level="INFO">GET Request : url=https://randomuser.me/api 
 path_url=/api 
 headers={'User-Agent': 'python-requests/2.32.3', 'Accept-Encoding': 'gzip, deflate', 'Accept': '*/*', 'Connection': 'keep-alive'} 
 body=None 
 </msg>
<msg time="2024-08-03T19:12:12.959414" level="INFO">GET Response : url=https://randomuser.me/api 
 status=200, reason=OK 
 headers={'Date': 'Sat, 03 Aug 2024 19:12:12 GMT', 'Content-Type': 'application/json; charset=utf-8', 'Transfer-Encoding': 'chunked', 'Connection': 'keep-alive', 'X-Powered-By': 'Express', 'Access-Control-Allow-Origin': '*', 'Cache-Control': 'no-cache', 'ETag': 'W/"4a4-DtUEg32uPQHUsxs8kw9+zjU5Zg8"', 'Vary': 'Accept-Encoding', 'Content-Encoding': 'gzip', 'cf-cache-status': 'DYNAMIC', 'Report-To': '{"endpoints":[{"url":"https:\\/\\/a.nel.cloudflare.com\\/report\\/v4?s=5K4RQ9XQfKnyIO9pQamuB5gY6APg6jTVTu0zkHVAZKbokvEuFh6j2iQ911DGtTtlIubVaPPoRB%2BbcBZ%2BlpD7KgbLZX9Osmt%2FYL79xdkehbJGDw4gNiOt%2F3wZxbokspuZ"}],"group":"cf-nel","max_age":604800}', 'NEL': '{"success_fraction":0,"report_to":"cf-nel","max_age":604800}', 'Server': 'cloudflare', 'CF-RAY': '8ad89e306b7b7ae8-SJC', 'alt-svc': 'h3=":443"; ma=86400'} 
 body={"results":[{"gender":"male","name":{"title":"Mr","first":"Fidélio","last":"da Paz"},"location":{"street":{"number":2300,"name":"Travessa dos Açorianos"},"city":"Barueri","state":"Bahia","country":"Brazil","postcode":50738,"coordinates":{"latitude":"-73.4232","longitude":"-26.7430"},"timezone":{"offset":"+11:00","description":"Magadan, Solomon Islands, New Caledonia"}},"email":"fidelio.dapaz@example.com","login":{"uuid":"64f3f127-e82a-4dc9-b9fc-bb7b6e780431","username":"yellowpeacock740","password":"martin1","salt":"3IjN2XMC","md5":"6032459b8c939f0f8e617e94dc7642ab","sha1":"9e7010c442953d4e6f92ad15d7df0e63c1f1e4ad","sha256":"2735ee7795c29480083de967720f492d3968e08f81af79afb125d55f0226777c"},"dob":{"date":"1984-10-19T00:01:05.127Z","age":39},"registered":{"date":"2012-01-07T11:57:19.054Z","age":12},"phone":"(39) 4503-2079","cell":"(78) 7529-9127","id":{"name":"CPF","value":"469.329.691-04"},"picture":{"large":"https://randomuser.me/api/portraits/men/68.jpg","medium":"https://randomuser.me/api/portraits/med/men/68.jpg","thumbnail":"https://randomuser.me/api/portraits/thumb/men/68.jpg"},"nat":"BR"}],"info":{"seed":"67ec81dec944236b","results":1,"page":1,"version":"1.4"}} 
 </msg>
<msg time="2024-08-03T19:12:12.959494" level="INFO">/opt/hostedtoolcache/Python/3.12.4/x64/lib/python3.12/site-packages/urllib3/connectionpool.py:1099: InsecureRequestWarning: Unverified HTTPS request is being made to host 'randomuser.me'. Adding certificate verification is strongly advised. See: https://urllib3.readthedocs.io/en/latest/advanced-usage.html#tls-warnings
  warnings.warn(</msg>
<msg time="2024-08-03T19:12:12.959619" level="INFO">${response} = &lt;Response [200]&gt;</msg>
<var>${response}</var>
<arg>consultarAPI</arg>
<arg>/api</arg>
<doc>Sends a GET request on a previously created HTTP Session.</doc>
<status status="PASS" start="2024-08-03T19:12:12.860243" elapsed="0.099406"/>
</kw>
<kw name="Set Variable" owner="BuiltIn">
<msg time="2024-08-03T19:12:12.960819" level="INFO">${json_data} = {'results': [{'gender': 'male', 'name': {'title': 'Mr', 'first': 'Fidélio', 'last': 'da Paz'}, 'location': {'street': {'number': 2300, 'name': 'Travessa dos Açorianos'}, 'city': 'Barueri', 'state': 'B...</msg>
<var>${json_data}</var>
<arg>${response.json()}</arg>
<doc>Returns the given values which can then be assigned to a variables.</doc>
<status status="PASS" start="2024-08-03T19:12:12.960228" elapsed="0.000622"/>
</kw>
<kw name="Set Variable" owner="BuiltIn">
<msg time="2024-08-03T19:12:12.961559" level="INFO">${name_title} = Mr</msg>
<var>${name_title}</var>
<arg>${json_data["results"][0]["name"]["title"]}</arg>
<doc>Returns the given values which can then be assigned to a variables.</doc>
<status status="PASS" start="2024-08-03T19:12:12.961170" elapsed="0.000416"/>
</kw>
<kw name="Create List" owner="BuiltIn">
<msg time="2024-08-03T19:12:12.962048" level="INFO">${allowed_titles} = ['Mr', 'Ms', 'Miss', 'Mrs', 'Madame', 'Monsieur']</msg>
<var>${allowed_titles}</var>
<arg>Mr</arg>
<arg>Ms</arg>
<arg>Miss</arg>
<arg>Mrs</arg>
<arg>Madame</arg>
<arg>Monsieur</arg>
<doc>Returns a list containing given items.</doc>
<status status="PASS" start="2024-08-03T19:12:12.961892" elapsed="0.000182"/>
</kw>
<kw name="List Should Contain Value" owner="Collections">
<arg>${allowed_titles}</arg>
<arg>${name_title}</arg>
<doc>Fails if the ``value`` is not found from ``list``.</doc>
<status status="PASS" start="2024-08-03T19:12:12.962383" elapsed="0.000188"/>
</kw>
<kw name="Set Variable" owner="BuiltIn">
<msg time="2024-08-03T19:12:12.963133" level="INFO">${name_country} = BR</msg>
<var>${name_country}</var>
<arg>${json_data["results"][0]["nat"]}</arg>
<doc>Returns the given values which can then be assigned to a variables.</doc>
<status status="PASS" start="2024-08-03T19:12:12.962753" elapsed="0.000406"/>
</kw>
<kw name="Create List" owner="BuiltIn">
<msg time="2024-08-03T19:12:12.964048" level="INFO">${list_country} = ['AD', 'AE', 'AF', 'AG', 'AI', 'AL', 'AM', 'AO', 'AQ', 'AR', 'AS', 'AT', 'AU', 'AW', 'AX', 'AZ', 'BA', 'BB', 'BD', 'BE', 'BF', 'BG', 'BH', 'BI', 'BJ', 'BL', 'BM', 'BN', 'BO', 'BQ', 'BR', 'BS', 'BT', '...</msg>
<var>${list_country}</var>
<arg>AD</arg>
<arg>AE</arg>
<arg>AF</arg>
<arg>AG</arg>
<arg>AI</arg>
<arg>AL</arg>
<arg>AM</arg>
<arg>AO</arg>
<arg>AQ</arg>
<arg>AR</arg>
<arg>AS</arg>
<arg>AT</arg>
<arg>AU</arg>
<arg>AW</arg>
<arg>AX</arg>
<arg>AZ</arg>
<arg>BA</arg>
<arg>BB</arg>
<arg>BD</arg>
<arg>BE</arg>
<arg>BF</arg>
<arg>BG</arg>
<arg>BH</arg>
<arg>BI</arg>
<arg>BJ</arg>
<arg>BL</arg>
<arg>BM</arg>
<arg>BN</arg>
<arg>BO</arg>
<arg>BQ</arg>
<arg>BR</arg>
<arg>BS</arg>
<arg>BT</arg>
<arg>BV</arg>
<arg>BW</arg>
<arg>BY</arg>
<arg>BZ</arg>
<arg>CA</arg>
<arg>CC</arg>
<arg>CD</arg>
<arg>CF</arg>
<arg>CG</arg>
<arg>CH</arg>
<arg>CI</arg>
<arg>CK</arg>
<arg>CL</arg>
<arg>CM</arg>
<arg>CN</arg>
<arg>CO</arg>
<arg>CR</arg>
<arg>CU</arg>
<arg>CV</arg>
<arg>CW</arg>
<arg>CX</arg>
<arg>CY</arg>
<arg>CZ</arg>
<arg>DE</arg>
<arg>DJ</arg>
<arg>DK</arg>
<arg>DM</arg>
<arg>DO</arg>
<arg>DZ</arg>
<arg>EC</arg>
<arg>EE</arg>
<arg>EG</arg>
<arg>EH</arg>
<arg>ER</arg>
<arg>ES</arg>
<arg>ET</arg>
<arg>FI</arg>
<arg>FJ</arg>
<arg>FK</arg>
<arg>FM</arg>
<arg>FO</arg>
<arg>FR</arg>
<arg>GA</arg>
<arg>GB</arg>
<arg>GD</arg>
<arg>GE</arg>
<arg>GF</arg>
<arg>GG</arg>
<arg>GH</arg>
<arg>GI</arg>
<arg>GL</arg>
<arg>GM</arg>
<arg>GN</arg>
<arg>GP</arg>
<arg>GQ</arg>
<arg>GR</arg>
<arg>GS</arg>
<arg>GT</arg>
<arg>GU</arg>
<arg>GW</arg>
<arg>GY</arg>
<arg>HK</arg>
<arg>HM</arg>
<arg>HN</arg>
<arg>HR</arg>
<arg>HT</arg>
<arg>HU</arg>
<arg>ID</arg>
<arg>IE</arg>
<arg>IL</arg>
<arg>IM</arg>
<arg>IN</arg>
<arg>IO</arg>
<arg>IQ</arg>
<arg>IR</arg>
<arg>IS</arg>
<arg>IT</arg>
<arg>JE</arg>
<arg>JM</arg>
<arg>JO</arg>
<arg>JP</arg>
<arg>KE</arg>
<arg>KG</arg>
<arg>KH</arg>
<arg>KI</arg>
<arg>KM</arg>
<arg>KN</arg>
<arg>KP</arg>
<arg>KR</arg>
<arg>KW</arg>
<arg>KY</arg>
<arg>KZ</arg>
<arg>LA</arg>
<arg>LB</arg>
<arg>LC</arg>
<arg>LI</arg>
<arg>LK</arg>
<arg>LR</arg>
<arg>LS</arg>
<arg>LT</arg>
<arg>LU</arg>
<arg>LV</arg>
<arg>LY</arg>
<arg>MA</arg>
<arg>MC</arg>
<arg>MD</arg>
<arg>ME</arg>
<arg>MF</arg>
<arg>MG</arg>
<arg>MH</arg>
<arg>MK</arg>
<arg>ML</arg>
<arg>MM</arg>
<arg>MN</arg>
<arg>MO</arg>
<arg>MP</arg>
<arg>MQ</arg>
<arg>MR</arg>
<arg>MS</arg>
<arg>MT</arg>
<arg>MU</arg>
<arg>MV</arg>
<arg>MW</arg>
<arg>MX</arg>
<arg>MY</arg>
<arg>MZ</arg>
<arg>NA</arg>
<arg>NC</arg>
<arg>NE</arg>
<arg>NF</arg>
<arg>NG</arg>
<arg>NI</arg>
<arg>NL</arg>
<arg>NO</arg>
<arg>NP</arg>
<arg>NR</arg>
<arg>NU</arg>
<arg>NZ</arg>
<arg>OM</arg>
<arg>PA</arg>
<arg>PE</arg>
<arg>PF</arg>
<arg>PG</arg>
<arg>PH</arg>
<arg>PK</arg>
<arg>PL</arg>
<arg>PM</arg>
<arg>PN</arg>
<arg>PR</arg>
<arg>PS</arg>
<arg>PT</arg>
<arg>PW</arg>
<arg>PY</arg>
<arg>QA</arg>
<arg>RE</arg>
<arg>RO</arg>
<arg>RS</arg>
<arg>RU</arg>
<arg>RW</arg>
<arg>SA</arg>
<arg>SB</arg>
<arg>SC</arg>
<arg>SD</arg>
<arg>SE</arg>
<arg>SG</arg>
<arg>SH</arg>
<arg>SI</arg>
<arg>SJ</arg>
<arg>SK</arg>
<arg>SL</arg>
<arg>SM</arg>
<arg>SN</arg>
<arg>SO</arg>
<arg>SR</arg>
<arg>SS</arg>
<arg>ST</arg>
<arg>SV</arg>
<arg>SX</arg>
<arg>SY</arg>
<arg>SZ</arg>
<arg>TC</arg>
<arg>TD</arg>
<arg>TF</arg>
<arg>TG</arg>
<arg>TH</arg>
<arg>TJ</arg>
<arg>TK</arg>
<arg>TL</arg>
<arg>TM</arg>
<arg>TN</arg>
<arg>TO</arg>
<arg>TR</arg>
<arg>TT</arg>
<arg>TV</arg>
<arg>TW</arg>
<arg>TZ</arg>
<arg>UA</arg>
<arg>UG</arg>
<arg>UM</arg>
<arg>US</arg>
<arg>UY</arg>
<arg>UZ</arg>
<arg>VA</arg>
<arg>VC</arg>
<arg>VE</arg>
<arg>VG</arg>
<arg>VI</arg>
<arg>VN</arg>
<arg>VU</arg>
<arg>WF</arg>
<arg>WS</arg>
<arg>XK</arg>
<arg>YE</arg>
<arg>YT</arg>
<arg>ZA</arg>
<arg>ZM</arg>
<arg>ZW</arg>
<doc>Returns a list containing given items.</doc>
<status status="PASS" start="2024-08-03T19:12:12.963452" elapsed="0.000623"/>
</kw>
<kw name="List Should Contain Value" owner="Collections">
<arg>${list_country}</arg>
<arg>${name_country}</arg>
<doc>Fails if the ``value`` is not found from ``list``.</doc>
<status status="PASS" start="2024-08-03T19:12:12.965100" elapsed="0.000218"/>
</kw>
<kw name="Run Keyword If" owner="BuiltIn">
<kw name="Should Be True" owner="BuiltIn">
<arg>${True}</arg>
<doc>Fails if the given condition is not true.</doc>
<status status="PASS" start="2024-08-03T19:12:12.966286" elapsed="0.000147"/>
</kw>
<arg>${json_data["results"][0]["location"]["coordinates"]["latitude"]} &gt;= -90 and ${json_data["results"][0]["location"]["coordinates"]["latitude"]} &lt;= 90</arg>
<arg>Should Be True</arg>
<arg>${True}</arg>
<doc>Runs the given keyword with the given arguments, if ``condition`` is true.</doc>
<status status="PASS" start="2024-08-03T19:12:12.965524" elapsed="0.001036"/>
</kw>
<kw name="Run Keyword If" owner="BuiltIn">
<kw name="Should Be True" owner="BuiltIn">
<arg>${True}</arg>
<doc>Fails if the given condition is not true.</doc>
<status status="PASS" start="2024-08-03T19:12:12.967438" elapsed="0.000142"/>
</kw>
<arg>${json_data["results"][0]["location"]["coordinates"]["longitude"]} &gt;= -180 and ${json_data["results"][0]["location"]["coordinates"]["longitude"]} &lt;= 180</arg>
<arg>Should Be True</arg>
<arg>${True}</arg>
<doc>Runs the given keyword with the given arguments, if ``condition`` is true.</doc>
<status status="PASS" start="2024-08-03T19:12:12.966743" elapsed="0.000961"/>
</kw>
<status status="PASS" start="2024-08-03T19:12:12.859867" elapsed="0.107971"/>
</kw>
<doc>Testa o conteúdo específico dos campos retornados pela API.</doc>
<tag>testeConteudo</tag>
<status status="PASS" start="2024-08-03T19:12:12.859212" elapsed="0.108782"/>
</test>
<status status="PASS" start="2024-08-03T19:12:11.998884" elapsed="0.971096"/>
</suite>
<status status="PASS" start="2024-08-03T19:12:11.971694" elapsed="1.003505"/>
</suite>
<statistics>
<total>
<stat pass="5" fail="0" skip="0">All Tests</stat>
</total>
<tag>
<stat pass="1" fail="0" skip="0">testeConteudo</stat>
<stat pass="1" fail="0" skip="0">testeEstruturaResposta</stat>
<stat pass="1" fail="0" skip="0">testeRequisicaoBasica</stat>
<stat pass="1" fail="0" skip="0">testeTiposDados</stat>
</tag>
<suite>
<stat pass="5" fail="0" skip="0" id="s1" name="Tests">Tests</stat>
<stat pass="5" fail="0" skip="0" id="s1-s1" name="Random-User-Test">Tests.Random-User-Test</stat>
</suite>
</statistics>
<errors>
</errors>
</robot>
