<?xml version="1.0" encoding="UTF-8"?>
<robot generator="Robot 7.0.1 (Python 3.12.4 on linux)" generated="2024-07-10T23:14:56.334188" rpa="false" schemaversion="5">
<suite id="s1" name="Tests" source="/home/runner/work/ApiRandomUser/ApiRandomUser/RamdonUser/tests">
<suite id="s1-s1" name="Random-User-Test" source="/home/runner/work/ApiRandomUser/ApiRandomUser/RamdonUser/tests/random-user-test.robot">
<test id="s1-s1-t1" name="Conectar" line="13">
<kw name="Conectar API" owner="random-user-service">
<kw name="Create Session" owner="RequestsLibrary">
<msg time="2024-07-10T23:14:56.716432" level="INFO">Creating Session using : alias=consultarAPI, url=https://randomuser.me/, headers={},                     cookies={}, auth=None, timeout=None, proxies=None, verify=False,                     debug=0 </msg>
<arg>consultarAPI</arg>
<arg>${URL}</arg>
<doc>Create Session: create a HTTP session to a server</doc>
<status status="PASS" start="2024-07-10T23:14:56.716232" elapsed="0.000368"/>
</kw>
<status status="PASS" start="2024-07-10T23:14:56.715296" elapsed="0.001643"/>
</kw>
<status status="PASS" start="2024-07-10T23:14:56.714802" elapsed="0.002331"/>
</test>
<test id="s1-s1-t2" name="Validar retorno 200 e JSON Válido" line="16">
<kw name="Teste de Requisicao Basica" owner="random-user-service">
<kw name="GET On Session" owner="RequestsLibrary">
<msg time="2024-07-10T23:14:56.800369" level="INFO">GET Request : url=https://randomuser.me/api 
 path_url=/api 
 headers={'User-Agent': 'python-requests/2.32.3', 'Accept-Encoding': 'gzip, deflate', 'Accept': '*/*', 'Connection': 'keep-alive'} 
 body=None 
 </msg>
<msg time="2024-07-10T23:14:56.800488" level="INFO">GET Response : url=https://randomuser.me/api 
 status=200, reason=OK 
 headers={'Date': 'Wed, 10 Jul 2024 23:14:56 GMT', 'Content-Type': 'application/json; charset=utf-8', 'Transfer-Encoding': 'chunked', 'Connection': 'keep-alive', 'X-Powered-By': 'Express', 'Access-Control-Allow-Origin': '*', 'Cache-Control': 'no-cache', 'ETag': 'W/"485-LMzdUHKz2XN3Hpcg4A2Vix3Zqxw"', 'Vary': 'Accept-Encoding', 'Content-Encoding': 'gzip', 'CF-Cache-Status': 'DYNAMIC', 'Report-To': '{"endpoints":[{"url":"https:\\/\\/a.nel.cloudflare.com\\/report\\/v4?s=k5ByVC4oxx%2BDj9lVsspPS4FMjHyFvBRMoBZr06584%2BHd5C0GygzLlikGw4zROXoPYODLcHXXxYIy17%2FWhktzW3ePTz3XCm2HLid8UX2%2BK2%2FUM1okBVwBS2KC7LykboAF"}],"group":"cf-nel","max_age":604800}', 'NEL': '{"success_fraction":0,"report_to":"cf-nel","max_age":604800}', 'Server': 'cloudflare', 'CF-RAY': '8a1440c0cf8b632a-ORD', 'alt-svc': 'h3=":443"; ma=86400'} 
 body={"results":[{"gender":"female","name":{"title":"Mrs","first":"Erin","last":"Alvarez"},"location":{"street":{"number":6369,"name":"Oaks Cross"},"city":"Wells","state":"West Glamorgan","country":"United Kingdom","postcode":"BQ4 7DD","coordinates":{"latitude":"-9.4949","longitude":"50.2562"},"timezone":{"offset":"+3:30","description":"Tehran"}},"email":"erin.alvarez@example.com","login":{"uuid":"5099a8ee-d5a0-4f10-a10d-cfdb7637a411","username":"smallrabbit952","password":"22222222","salt":"uPb8edNf","md5":"be055ea9ba3b780df6ec893f3b6a9133","sha1":"39929d45803c76f9a0c9b3f0d681c568385c8dc6","sha256":"bcd5cee801b351c52c2b29a1730becebafa2407ad308c2e7ffd03d32bf70cf3a"},"dob":{"date":"1993-08-01T12:46:15.280Z","age":30},"registered":{"date":"2016-10-16T11:48:00.194Z","age":7},"phone":"016973 60489","cell":"07048 317990","id":{"name":"NINO","value":"GC 11 05 19 K"},"picture":{"large":"https://randomuser.me/api/portraits/women/44.jpg","medium":"https://randomuser.me/api/portraits/med/women/44.jpg","thumbnail":"https://randomuser.me/api/portraits/thumb/women/44.jpg"},"nat":"GB"}],"info":{"seed":"0cb374a48556f035","results":1,"page":1,"version":"1.4"}} 
 </msg>
<msg time="2024-07-10T23:14:56.800572" level="INFO">/opt/hostedtoolcache/Python/3.12.4/x64/lib/python3.12/site-packages/urllib3/connectionpool.py:1099: InsecureRequestWarning: Unverified HTTPS request is being made to host 'randomuser.me'. Adding certificate verification is strongly advised. See: https://urllib3.readthedocs.io/en/latest/advanced-usage.html#tls-warnings
  warnings.warn(</msg>
<msg time="2024-07-10T23:14:56.800712" level="INFO">${response} = &lt;Response [200]&gt;</msg>
<var>${response}</var>
<arg>consultarAPI</arg>
<arg>/api</arg>
<doc>Sends a GET request on a previously created HTTP Session.</doc>
<status status="PASS" start="2024-07-10T23:14:56.719731" elapsed="0.081036"/>
</kw>
<kw name="Should Be Equal As Numbers" owner="BuiltIn">
<msg time="2024-07-10T23:14:56.801735" level="INFO">Argument types are:
&lt;class 'int'&gt;
&lt;class 'str'&gt;</msg>
<arg>${response.status_code}</arg>
<arg>200</arg>
<doc>Fails if objects are unequal after converting them to real numbers.</doc>
<status status="PASS" start="2024-07-10T23:14:56.801242" elapsed="0.000556"/>
</kw>
<kw name="Log" owner="BuiltIn">
<msg time="2024-07-10T23:14:56.802507" level="INFO">200</msg>
<arg>${response.status_code}</arg>
<doc>Logs the given message with the given level.</doc>
<status status="PASS" start="2024-07-10T23:14:56.802116" elapsed="0.000434"/>
</kw>
<kw name="Set Variable" owner="BuiltIn">
<msg time="2024-07-10T23:14:56.803276" level="INFO">${json_data} = {'results': [{'gender': 'female', 'name': {'title': 'Mrs', 'first': 'Erin', 'last': 'Alvarez'}, 'location': {'street': {'number': 6369, 'name': 'Oaks Cross'}, 'city': 'Wells', 'state': 'West Glamorgan...</msg>
<var>${json_data}</var>
<arg>${response.json()}</arg>
<doc>Returns the given values which can then be assigned to a variables.</doc>
<status status="PASS" start="2024-07-10T23:14:56.802854" elapsed="0.000452"/>
</kw>
<kw name="Dictionary Should Contain Key" owner="Collections">
<arg>${json_data}</arg>
<arg>results</arg>
<doc>Fails if ``key`` is not found from ``dictionary``.</doc>
<status status="PASS" start="2024-07-10T23:14:56.803601" elapsed="0.000162"/>
</kw>
<status status="PASS" start="2024-07-10T23:14:56.719490" elapsed="0.084415"/>
</kw>
<doc>Testa se a API responde corretamente e retorna um objeto JSON válido.</doc>
<tag>testeRequisicaoBasica</tag>
<status status="PASS" start="2024-07-10T23:14:56.719049" elapsed="0.085019"/>
</test>
<test id="s1-s1-t3" name="Validar estrutura de resposta" line="22">
<kw name="Teste de Estrutura de Resposta" owner="random-user-service">
<kw name="GET On Session" owner="RequestsLibrary">
<msg time="2024-07-10T23:14:56.901245" level="INFO">GET Request : url=https://randomuser.me/api 
 path_url=/api 
 headers={'User-Agent': 'python-requests/2.32.3', 'Accept-Encoding': 'gzip, deflate', 'Accept': '*/*', 'Connection': 'keep-alive'} 
 body=None 
 </msg>
<msg time="2024-07-10T23:14:56.901324" level="INFO">GET Response : url=https://randomuser.me/api 
 status=200, reason=OK 
 headers={'Date': 'Wed, 10 Jul 2024 23:14:56 GMT', 'Content-Type': 'application/json; charset=utf-8', 'Transfer-Encoding': 'chunked', 'Connection': 'keep-alive', 'X-Powered-By': 'Express', 'Access-Control-Allow-Origin': '*', 'Cache-Control': 'no-cache', 'ETag': 'W/"492-SQ6mgteq1eqMi4xIAfZxzfCDckE"', 'Vary': 'Accept-Encoding', 'Content-Encoding': 'gzip', 'CF-Cache-Status': 'DYNAMIC', 'Report-To': '{"endpoints":[{"url":"https:\\/\\/a.nel.cloudflare.com\\/report\\/v4?s=fxddEdHtgwwLB4at2yZQ2M5KTQnOTjUpOxkadSsc8t4rJ%2BToMR1deGulnIdcE9I8A6kLiDq%2FQK764uHoKO%2FI4BH8gS8yrhEGDs4H3gP6dflNlhijWOas0dC5P4syjjwF"}],"group":"cf-nel","max_age":604800}', 'NEL': '{"success_fraction":0,"report_to":"cf-nel","max_age":604800}', 'Server': 'cloudflare', 'CF-RAY': '8a1440c11fda632a-ORD', 'alt-svc': 'h3=":443"; ma=86400'} 
 body={"results":[{"gender":"female","name":{"title":"Ms","first":"Rose","last":"Barnaby"},"location":{"street":{"number":4623,"name":"Dundas Rd"},"city":"Grand Falls","state":"Ontario","country":"Canada","postcode":"G4Q 7H3","coordinates":{"latitude":"-72.4673","longitude":"161.0293"},"timezone":{"offset":"+5:30","description":"Bombay, Calcutta, Madras, New Delhi"}},"email":"rose.barnaby@example.com","login":{"uuid":"e1cb776b-08fe-473b-984e-9b56248ab047","username":"tinymouse772","password":"dakota1","salt":"F03BpT2F","md5":"2c97c6cd138394d0b141938c7f3bfa3f","sha1":"e8aa5e9cd6bce0b6106a3f82f270baf6619b3d9b","sha256":"d90e625f80e82772c0fa2dd704a43a3f86ec6124343238cf71c263d283877977"},"dob":{"date":"1963-11-17T22:39:14.981Z","age":60},"registered":{"date":"2010-02-26T04:05:23.626Z","age":14},"phone":"H56 R02-4929","cell":"Z67 W45-8431","id":{"name":"SIN","value":"758989206"},"picture":{"large":"https://randomuser.me/api/portraits/women/16.jpg","medium":"https://randomuser.me/api/portraits/med/women/16.jpg","thumbnail":"https://randomuser.me/api/portraits/thumb/women/16.jpg"},"nat":"CA"}],"info":{"seed":"e39576d0c188137d","results":1,"page":1,"version":"1.4"}} 
 </msg>
<msg time="2024-07-10T23:14:56.901435" level="INFO">/opt/hostedtoolcache/Python/3.12.4/x64/lib/python3.12/site-packages/urllib3/connectionpool.py:1099: InsecureRequestWarning: Unverified HTTPS request is being made to host 'randomuser.me'. Adding certificate verification is strongly advised. See: https://urllib3.readthedocs.io/en/latest/advanced-usage.html#tls-warnings
  warnings.warn(</msg>
<msg time="2024-07-10T23:14:56.901562" level="INFO">${response} = &lt;Response [200]&gt;</msg>
<var>${response}</var>
<arg>consultarAPI</arg>
<arg>/api</arg>
<doc>Sends a GET request on a previously created HTTP Session.</doc>
<status status="PASS" start="2024-07-10T23:14:56.806675" elapsed="0.094937"/>
</kw>
<kw name="Set Variable" owner="BuiltIn">
<msg time="2024-07-10T23:14:56.902790" level="INFO">${json_data} = {'results': [{'gender': 'female', 'name': {'title': 'Ms', 'first': 'Rose', 'last': 'Barnaby'}, 'location': {'street': {'number': 4623, 'name': 'Dundas Rd'}, 'city': 'Grand Falls', 'state': 'Ontario', ...</msg>
<var>${json_data}</var>
<arg>${response.json()}</arg>
<doc>Returns the given values which can then be assigned to a variables.</doc>
<status status="PASS" start="2024-07-10T23:14:56.902142" elapsed="0.000678"/>
</kw>
<kw name="Log" owner="BuiltIn">
<msg time="2024-07-10T23:14:56.903287" level="INFO">{'results': [{'gender': 'female', 'name': {'title': 'Ms', 'first': 'Rose', 'last': 'Barnaby'}, 'location': {'street': {'number': 4623, 'name': 'Dundas Rd'}, 'city': 'Grand Falls', 'state': 'Ontario', 'country': 'Canada', 'postcode': 'G4Q 7H3', 'coordinates': {'latitude': '-72.4673', 'longitude': '161.0293'}, 'timezone': {'offset': '+5:30', 'description': 'Bombay, Calcutta, Madras, New Delhi'}}, 'email': 'rose.barnaby@example.com', 'login': {'uuid': 'e1cb776b-08fe-473b-984e-9b56248ab047', 'username': 'tinymouse772', 'password': 'dakota1', 'salt': 'F03BpT2F', 'md5': '2c97c6cd138394d0b141938c7f3bfa3f', 'sha1': 'e8aa5e9cd6bce0b6106a3f82f270baf6619b3d9b', 'sha256': 'd90e625f80e82772c0fa2dd704a43a3f86ec6124343238cf71c263d283877977'}, 'dob': {'date': '1963-11-17T22:39:14.981Z', 'age': 60}, 'registered': {'date': '2010-02-26T04:05:23.626Z', 'age': 14}, 'phone': 'H56 R02-4929', 'cell': 'Z67 W45-8431', 'id': {'name': 'SIN', 'value': '758989206'}, 'picture': {'large': 'https://randomuser.me/api/portraits/women/16.jpg', 'medium': 'https://randomuser.me/api/portraits/med/women/16.jpg', 'thumbnail': 'https://randomuser.me/api/portraits/thumb/women/16.jpg'}, 'nat': 'CA'}], 'info': {'seed': 'e39576d0c188137d', 'results': 1, 'page': 1, 'version': '1.4'}}</msg>
<arg>${json_data}</arg>
<doc>Logs the given message with the given level.</doc>
<status status="PASS" start="2024-07-10T23:14:56.903133" elapsed="0.000201"/>
</kw>
<kw name="Dictionary Should Contain Key" owner="Collections">
<arg>${json_data}</arg>
<arg>results</arg>
<doc>Fails if ``key`` is not found from ``dictionary``.</doc>
<status status="PASS" start="2024-07-10T23:14:56.903619" elapsed="0.000151"/>
</kw>
<kw name="Should Not Be Empty" owner="BuiltIn">
<msg time="2024-07-10T23:14:56.904086" level="INFO">Length is 2.</msg>
<arg>${json_data}</arg>
<doc>Verifies that the given item is not empty.</doc>
<status status="PASS" start="2024-07-10T23:14:56.903953" elapsed="0.000171"/>
</kw>
<kw name="Create List" owner="BuiltIn">
<msg time="2024-07-10T23:14:56.904677" level="INFO">${expected_keys} = ['gender', 'name', 'location', 'email', 'login']</msg>
<var>${expected_keys}</var>
<arg>gender</arg>
<arg>name</arg>
<arg>location</arg>
<arg>email</arg>
<arg>login</arg>
<doc>Returns a list containing given items.</doc>
<status status="PASS" start="2024-07-10T23:14:56.904408" elapsed="0.000293"/>
</kw>
<for flavor="IN">
<iter>
<kw name="Dictionary Should Contain Key" owner="Collections">
<arg>${json_data['results'][0]}</arg>
<arg>${key}</arg>
<doc>Fails if ``key`` is not found from ``dictionary``.</doc>
<status status="PASS" start="2024-07-10T23:14:56.905261" elapsed="0.000407"/>
</kw>
<kw name="Log" owner="BuiltIn">
<msg time="2024-07-10T23:14:56.906210" level="INFO">{'gender': 'female', 'name': {'title': 'Ms', 'first': 'Rose', 'last': 'Barnaby'}, 'location': {'street': {'number': 4623, 'name': 'Dundas Rd'}, 'city': 'Grand Falls', 'state': 'Ontario', 'country': 'Canada', 'postcode': 'G4Q 7H3', 'coordinates': {'latitude': '-72.4673', 'longitude': '161.0293'}, 'timezone': {'offset': '+5:30', 'description': 'Bombay, Calcutta, Madras, New Delhi'}}, 'email': 'rose.barnaby@example.com', 'login': {'uuid': 'e1cb776b-08fe-473b-984e-9b56248ab047', 'username': 'tinymouse772', 'password': 'dakota1', 'salt': 'F03BpT2F', 'md5': '2c97c6cd138394d0b141938c7f3bfa3f', 'sha1': 'e8aa5e9cd6bce0b6106a3f82f270baf6619b3d9b', 'sha256': 'd90e625f80e82772c0fa2dd704a43a3f86ec6124343238cf71c263d283877977'}, 'dob': {'date': '1963-11-17T22:39:14.981Z', 'age': 60}, 'registered': {'date': '2010-02-26T04:05:23.626Z', 'age': 14}, 'phone': 'H56 R02-4929', 'cell': 'Z67 W45-8431', 'id': {'name': 'SIN', 'value': '758989206'}, 'picture': {'large': 'https://randomuser.me/api/portraits/women/16.jpg', 'medium': 'https://randomuser.me/api/portraits/med/women/16.jpg', 'thumbnail': 'https://randomuser.me/api/portraits/thumb/women/16.jpg'}, 'nat': 'CA'}</msg>
<arg>${json_data['results'][0]}</arg>
<doc>Logs the given message with the given level.</doc>
<status status="PASS" start="2024-07-10T23:14:56.905856" elapsed="0.000402"/>
</kw>
<kw name="Log" owner="BuiltIn">
<msg time="2024-07-10T23:14:56.906725" level="INFO">gender</msg>
<arg>${key}</arg>
<doc>Logs the given message with the given level.</doc>
<status status="PASS" start="2024-07-10T23:14:56.906596" elapsed="0.000168"/>
</kw>
<var name="${key}">gender</var>
<status status="PASS" start="2024-07-10T23:14:56.905139" elapsed="0.001839"/>
</iter>
<iter>
<kw name="Dictionary Should Contain Key" owner="Collections">
<arg>${json_data['results'][0]}</arg>
<arg>${key}</arg>
<doc>Fails if ``key`` is not found from ``dictionary``.</doc>
<status status="PASS" start="2024-07-10T23:14:56.907273" elapsed="0.000385"/>
</kw>
<kw name="Log" owner="BuiltIn">
<msg time="2024-07-10T23:14:56.908181" level="INFO">{'gender': 'female', 'name': {'title': 'Ms', 'first': 'Rose', 'last': 'Barnaby'}, 'location': {'street': {'number': 4623, 'name': 'Dundas Rd'}, 'city': 'Grand Falls', 'state': 'Ontario', 'country': 'Canada', 'postcode': 'G4Q 7H3', 'coordinates': {'latitude': '-72.4673', 'longitude': '161.0293'}, 'timezone': {'offset': '+5:30', 'description': 'Bombay, Calcutta, Madras, New Delhi'}}, 'email': 'rose.barnaby@example.com', 'login': {'uuid': 'e1cb776b-08fe-473b-984e-9b56248ab047', 'username': 'tinymouse772', 'password': 'dakota1', 'salt': 'F03BpT2F', 'md5': '2c97c6cd138394d0b141938c7f3bfa3f', 'sha1': 'e8aa5e9cd6bce0b6106a3f82f270baf6619b3d9b', 'sha256': 'd90e625f80e82772c0fa2dd704a43a3f86ec6124343238cf71c263d283877977'}, 'dob': {'date': '1963-11-17T22:39:14.981Z', 'age': 60}, 'registered': {'date': '2010-02-26T04:05:23.626Z', 'age': 14}, 'phone': 'H56 R02-4929', 'cell': 'Z67 W45-8431', 'id': {'name': 'SIN', 'value': '758989206'}, 'picture': {'large': 'https://randomuser.me/api/portraits/women/16.jpg', 'medium': 'https://randomuser.me/api/portraits/med/women/16.jpg', 'thumbnail': 'https://randomuser.me/api/portraits/thumb/women/16.jpg'}, 'nat': 'CA'}</msg>
<arg>${json_data['results'][0]}</arg>
<doc>Logs the given message with the given level.</doc>
<status status="PASS" start="2024-07-10T23:14:56.907840" elapsed="0.000421"/>
</kw>
<kw name="Log" owner="BuiltIn">
<msg time="2024-07-10T23:14:56.908684" level="INFO">name</msg>
<arg>${key}</arg>
<doc>Logs the given message with the given level.</doc>
<status status="PASS" start="2024-07-10T23:14:56.908558" elapsed="0.000163"/>
</kw>
<var name="${key}">name</var>
<status status="PASS" start="2024-07-10T23:14:56.907162" elapsed="0.001773"/>
</iter>
<iter>
<kw name="Dictionary Should Contain Key" owner="Collections">
<arg>${json_data['results'][0]}</arg>
<arg>${key}</arg>
<doc>Fails if ``key`` is not found from ``dictionary``.</doc>
<status status="PASS" start="2024-07-10T23:14:56.909218" elapsed="0.000378"/>
</kw>
<kw name="Log" owner="BuiltIn">
<msg time="2024-07-10T23:14:56.910121" level="INFO">{'gender': 'female', 'name': {'title': 'Ms', 'first': 'Rose', 'last': 'Barnaby'}, 'location': {'street': {'number': 4623, 'name': 'Dundas Rd'}, 'city': 'Grand Falls', 'state': 'Ontario', 'country': 'Canada', 'postcode': 'G4Q 7H3', 'coordinates': {'latitude': '-72.4673', 'longitude': '161.0293'}, 'timezone': {'offset': '+5:30', 'description': 'Bombay, Calcutta, Madras, New Delhi'}}, 'email': 'rose.barnaby@example.com', 'login': {'uuid': 'e1cb776b-08fe-473b-984e-9b56248ab047', 'username': 'tinymouse772', 'password': 'dakota1', 'salt': 'F03BpT2F', 'md5': '2c97c6cd138394d0b141938c7f3bfa3f', 'sha1': 'e8aa5e9cd6bce0b6106a3f82f270baf6619b3d9b', 'sha256': 'd90e625f80e82772c0fa2dd704a43a3f86ec6124343238cf71c263d283877977'}, 'dob': {'date': '1963-11-17T22:39:14.981Z', 'age': 60}, 'registered': {'date': '2010-02-26T04:05:23.626Z', 'age': 14}, 'phone': 'H56 R02-4929', 'cell': 'Z67 W45-8431', 'id': {'name': 'SIN', 'value': '758989206'}, 'picture': {'large': 'https://randomuser.me/api/portraits/women/16.jpg', 'medium': 'https://randomuser.me/api/portraits/med/women/16.jpg', 'thumbnail': 'https://randomuser.me/api/portraits/thumb/women/16.jpg'}, 'nat': 'CA'}</msg>
<arg>${json_data['results'][0]}</arg>
<doc>Logs the given message with the given level.</doc>
<status status="PASS" start="2024-07-10T23:14:56.909776" elapsed="0.000393"/>
</kw>
<kw name="Log" owner="BuiltIn">
<msg time="2024-07-10T23:14:56.910622" level="INFO">location</msg>
<arg>${key}</arg>
<doc>Logs the given message with the given level.</doc>
<status status="PASS" start="2024-07-10T23:14:56.910492" elapsed="0.000168"/>
</kw>
<var name="${key}">location</var>
<status status="PASS" start="2024-07-10T23:14:56.909111" elapsed="0.001768"/>
</iter>
<iter>
<kw name="Dictionary Should Contain Key" owner="Collections">
<arg>${json_data['results'][0]}</arg>
<arg>${key}</arg>
<doc>Fails if ``key`` is not found from ``dictionary``.</doc>
<status status="PASS" start="2024-07-10T23:14:56.911159" elapsed="0.000383"/>
</kw>
<kw name="Log" owner="BuiltIn">
<msg time="2024-07-10T23:14:56.912084" level="INFO">{'gender': 'female', 'name': {'title': 'Ms', 'first': 'Rose', 'last': 'Barnaby'}, 'location': {'street': {'number': 4623, 'name': 'Dundas Rd'}, 'city': 'Grand Falls', 'state': 'Ontario', 'country': 'Canada', 'postcode': 'G4Q 7H3', 'coordinates': {'latitude': '-72.4673', 'longitude': '161.0293'}, 'timezone': {'offset': '+5:30', 'description': 'Bombay, Calcutta, Madras, New Delhi'}}, 'email': 'rose.barnaby@example.com', 'login': {'uuid': 'e1cb776b-08fe-473b-984e-9b56248ab047', 'username': 'tinymouse772', 'password': 'dakota1', 'salt': 'F03BpT2F', 'md5': '2c97c6cd138394d0b141938c7f3bfa3f', 'sha1': 'e8aa5e9cd6bce0b6106a3f82f270baf6619b3d9b', 'sha256': 'd90e625f80e82772c0fa2dd704a43a3f86ec6124343238cf71c263d283877977'}, 'dob': {'date': '1963-11-17T22:39:14.981Z', 'age': 60}, 'registered': {'date': '2010-02-26T04:05:23.626Z', 'age': 14}, 'phone': 'H56 R02-4929', 'cell': 'Z67 W45-8431', 'id': {'name': 'SIN', 'value': '758989206'}, 'picture': {'large': 'https://randomuser.me/api/portraits/women/16.jpg', 'medium': 'https://randomuser.me/api/portraits/med/women/16.jpg', 'thumbnail': 'https://randomuser.me/api/portraits/thumb/women/16.jpg'}, 'nat': 'CA'}</msg>
<arg>${json_data['results'][0]}</arg>
<doc>Logs the given message with the given level.</doc>
<status status="PASS" start="2024-07-10T23:14:56.911735" elapsed="0.000397"/>
</kw>
<kw name="Log" owner="BuiltIn">
<msg time="2024-07-10T23:14:56.912559" level="INFO">email</msg>
<arg>${key}</arg>
<doc>Logs the given message with the given level.</doc>
<status status="PASS" start="2024-07-10T23:14:56.912428" elapsed="0.000169"/>
</kw>
<var name="${key}">email</var>
<status status="PASS" start="2024-07-10T23:14:56.911051" elapsed="0.001758"/>
</iter>
<iter>
<kw name="Dictionary Should Contain Key" owner="Collections">
<arg>${json_data['results'][0]}</arg>
<arg>${key}</arg>
<doc>Fails if ``key`` is not found from ``dictionary``.</doc>
<status status="PASS" start="2024-07-10T23:14:56.913089" elapsed="0.000383"/>
</kw>
<kw name="Log" owner="BuiltIn">
<msg time="2024-07-10T23:14:56.914000" level="INFO">{'gender': 'female', 'name': {'title': 'Ms', 'first': 'Rose', 'last': 'Barnaby'}, 'location': {'street': {'number': 4623, 'name': 'Dundas Rd'}, 'city': 'Grand Falls', 'state': 'Ontario', 'country': 'Canada', 'postcode': 'G4Q 7H3', 'coordinates': {'latitude': '-72.4673', 'longitude': '161.0293'}, 'timezone': {'offset': '+5:30', 'description': 'Bombay, Calcutta, Madras, New Delhi'}}, 'email': 'rose.barnaby@example.com', 'login': {'uuid': 'e1cb776b-08fe-473b-984e-9b56248ab047', 'username': 'tinymouse772', 'password': 'dakota1', 'salt': 'F03BpT2F', 'md5': '2c97c6cd138394d0b141938c7f3bfa3f', 'sha1': 'e8aa5e9cd6bce0b6106a3f82f270baf6619b3d9b', 'sha256': 'd90e625f80e82772c0fa2dd704a43a3f86ec6124343238cf71c263d283877977'}, 'dob': {'date': '1963-11-17T22:39:14.981Z', 'age': 60}, 'registered': {'date': '2010-02-26T04:05:23.626Z', 'age': 14}, 'phone': 'H56 R02-4929', 'cell': 'Z67 W45-8431', 'id': {'name': 'SIN', 'value': '758989206'}, 'picture': {'large': 'https://randomuser.me/api/portraits/women/16.jpg', 'medium': 'https://randomuser.me/api/portraits/med/women/16.jpg', 'thumbnail': 'https://randomuser.me/api/portraits/thumb/women/16.jpg'}, 'nat': 'CA'}</msg>
<arg>${json_data['results'][0]}</arg>
<doc>Logs the given message with the given level.</doc>
<status status="PASS" start="2024-07-10T23:14:56.913653" elapsed="0.000396"/>
</kw>
<kw name="Log" owner="BuiltIn">
<msg time="2024-07-10T23:14:56.914501" level="INFO">login</msg>
<arg>${key}</arg>
<doc>Logs the given message with the given level.</doc>
<status status="PASS" start="2024-07-10T23:14:56.914372" elapsed="0.000167"/>
</kw>
<var name="${key}">login</var>
<status status="PASS" start="2024-07-10T23:14:56.912978" elapsed="0.001774"/>
</iter>
<var>${key}</var>
<value>@{expected_keys}</value>
<status status="PASS" start="2024-07-10T23:14:56.904957" elapsed="0.009915"/>
</for>
<kw name="Create List" owner="BuiltIn">
<msg time="2024-07-10T23:14:56.915198" level="INFO">${expected_keysTwo} = ['username', 'password']</msg>
<var>${expected_keysTwo}</var>
<arg>username</arg>
<arg>password</arg>
<doc>Returns a list containing given items.</doc>
<status status="PASS" start="2024-07-10T23:14:56.915060" elapsed="0.000192"/>
</kw>
<for flavor="IN">
<iter>
<kw name="Dictionary Should Contain Key" owner="Collections">
<arg>${json_data['results'][0]['login']}</arg>
<arg>${keyTwo}</arg>
<doc>Fails if ``key`` is not found from ``dictionary``.</doc>
<status status="PASS" start="2024-07-10T23:14:56.915752" elapsed="0.000379"/>
</kw>
<kw name="Dictionary Should Contain Key" owner="Collections">
<arg>${json_data['results'][0]['login']}</arg>
<arg>${keyTwo}</arg>
<doc>Fails if ``key`` is not found from ``dictionary``.</doc>
<status status="PASS" start="2024-07-10T23:14:56.916312" elapsed="0.000376"/>
</kw>
<kw name="Log" owner="BuiltIn">
<msg time="2024-07-10T23:14:56.917034" level="INFO">username</msg>
<arg>${keyTwo}</arg>
<doc>Logs the given message with the given level.</doc>
<status status="PASS" start="2024-07-10T23:14:56.916884" elapsed="0.000204"/>
</kw>
<var name="${keyTwo}">username</var>
<status status="PASS" start="2024-07-10T23:14:56.915647" elapsed="0.001682"/>
</iter>
<iter>
<kw name="Dictionary Should Contain Key" owner="Collections">
<arg>${json_data['results'][0]['login']}</arg>
<arg>${keyTwo}</arg>
<doc>Fails if ``key`` is not found from ``dictionary``.</doc>
<status status="PASS" start="2024-07-10T23:14:56.917606" elapsed="0.000388"/>
</kw>
<kw name="Dictionary Should Contain Key" owner="Collections">
<arg>${json_data['results'][0]['login']}</arg>
<arg>${keyTwo}</arg>
<doc>Fails if ``key`` is not found from ``dictionary``.</doc>
<status status="PASS" start="2024-07-10T23:14:56.918171" elapsed="0.000400"/>
</kw>
<kw name="Log" owner="BuiltIn">
<msg time="2024-07-10T23:14:56.918868" level="INFO">password</msg>
<arg>${keyTwo}</arg>
<doc>Logs the given message with the given level.</doc>
<status status="PASS" start="2024-07-10T23:14:56.918747" elapsed="0.000163"/>
</kw>
<var name="${keyTwo}">password</var>
<status status="PASS" start="2024-07-10T23:14:56.917500" elapsed="0.001721"/>
</iter>
<var>${keyTwo}</var>
<value>@{expected_keysTwo}</value>
<status status="PASS" start="2024-07-10T23:14:56.915496" elapsed="0.003847"/>
</for>
<status status="PASS" start="2024-07-10T23:14:56.806444" elapsed="0.113036"/>
</kw>
<doc>Testa a estrutura da resposta da API.</doc>
<tag>testeEstruturaResposta</tag>
<status status="PASS" start="2024-07-10T23:14:56.805848" elapsed="0.113776"/>
</test>
<test id="s1-s1-t4" name="Validar tipos de dados" line="28">
<kw name="Teste de Tipos de Dados" owner="random-user-service">
<kw name="GET On Session" owner="RequestsLibrary">
<msg time="2024-07-10T23:14:57.004019" level="INFO">GET Request : url=https://randomuser.me/api 
 path_url=/api 
 headers={'User-Agent': 'python-requests/2.32.3', 'Accept-Encoding': 'gzip, deflate', 'Accept': '*/*', 'Connection': 'keep-alive'} 
 body=None 
 </msg>
<msg time="2024-07-10T23:14:57.004081" level="INFO">GET Response : url=https://randomuser.me/api 
 status=200, reason=OK 
 headers={'Date': 'Wed, 10 Jul 2024 23:14:57 GMT', 'Content-Type': 'application/json; charset=utf-8', 'Transfer-Encoding': 'chunked', 'Connection': 'keep-alive', 'X-Powered-By': 'Express', 'Access-Control-Allow-Origin': '*', 'Cache-Control': 'no-cache', 'ETag': 'W/"484-MPM4OauhJRVUXslt7CdnQDKYQ3c"', 'Vary': 'Accept-Encoding', 'Content-Encoding': 'gzip', 'CF-Cache-Status': 'DYNAMIC', 'Report-To': '{"endpoints":[{"url":"https:\\/\\/a.nel.cloudflare.com\\/report\\/v4?s=dCeo8Gaf4Yztnf67BIaAKz0BE9ecQGNFFd3tyFqNDWg1olV8DAvyzfWriPIgcr57LB0JpmQ%2FFy4IQYn2mha%2BR7egPSkXtvYcErSqSOO%2FtSG6GSckm%2FlPE4Vk9O7AaVca"}],"group":"cf-nel","max_age":604800}', 'NEL': '{"success_fraction":0,"report_to":"cf-nel","max_age":604800}', 'Server': 'cloudflare', 'CF-RAY': '8a1440c1c88e632a-ORD', 'alt-svc': 'h3=":443"; ma=86400'} 
 body={"results":[{"gender":"male","name":{"title":"Mr","first":"Okan","last":"Kıraç"},"location":{"street":{"number":9563,"name":"Atatürk Sk"},"city":"Bingöl","state":"Hakkâri","country":"Turkey","postcode":55325,"coordinates":{"latitude":"70.8966","longitude":"-95.8917"},"timezone":{"offset":"-5:00","description":"Eastern Time (US &amp; Canada), Bogota, Lima"}},"email":"okan.kirac@example.com","login":{"uuid":"c83f0258-4386-48c7-a790-6b0897c9f45f","username":"organicbear462","password":"jonathan","salt":"qlIAIWCN","md5":"1b7625293f7b19687b57a9ea5a402808","sha1":"a8580244eda08ae160558843e8a9087e7a76275e","sha256":"299f03059607cb22bbf47ff51c78bc800b3fc570a07f2d3dd02c577390274377"},"dob":{"date":"1985-06-16T04:39:35.916Z","age":39},"registered":{"date":"2002-05-18T14:57:54.808Z","age":22},"phone":"(647)-592-3970","cell":"(079)-840-4128","id":{"name":"","value":null},"picture":{"large":"https://randomuser.me/api/portraits/men/53.jpg","medium":"https://randomuser.me/api/portraits/med/men/53.jpg","thumbnail":"https://randomuser.me/api/portraits/thumb/men/53.jpg"},"nat":"TR"}],"info":{"seed":"8b29dd12e8b70dcb","results":1,"page":1,"version":"1.4"}} 
 </msg>
<msg time="2024-07-10T23:14:57.004143" level="INFO">/opt/hostedtoolcache/Python/3.12.4/x64/lib/python3.12/site-packages/urllib3/connectionpool.py:1099: InsecureRequestWarning: Unverified HTTPS request is being made to host 'randomuser.me'. Adding certificate verification is strongly advised. See: https://urllib3.readthedocs.io/en/latest/advanced-usage.html#tls-warnings
  warnings.warn(</msg>
<msg time="2024-07-10T23:14:57.004230" level="INFO">${response} = &lt;Response [200]&gt;</msg>
<var>${response}</var>
<arg>consultarAPI</arg>
<arg>/api</arg>
<doc>Sends a GET request on a previously created HTTP Session.</doc>
<status status="PASS" start="2024-07-10T23:14:56.922061" elapsed="0.082207"/>
</kw>
<kw name="Set Variable" owner="BuiltIn">
<msg time="2024-07-10T23:14:57.005075" level="INFO">${json_data} = {'results': [{'gender': 'male', 'name': {'title': 'Mr', 'first': 'Okan', 'last': 'Kıraç'}, 'location': {'street': {'number': 9563, 'name': 'Atatürk Sk'}, 'city': 'Bingöl', 'state': 'Hakkâri', 'country...</msg>
<var>${json_data}</var>
<arg>${response.json()}</arg>
<doc>Returns the given values which can then be assigned to a variables.</doc>
<status status="PASS" start="2024-07-10T23:14:57.004633" elapsed="0.000472"/>
</kw>
<kw name="Log" owner="BuiltIn">
<msg time="2024-07-10T23:14:57.005566" level="INFO">{'results': [{'gender': 'male', 'name': {'title': 'Mr', 'first': 'Okan', 'last': 'Kıraç'}, 'location': {'street': {'number': 9563, 'name': 'Atatürk Sk'}, 'city': 'Bingöl', 'state': 'Hakkâri', 'country': 'Turkey', 'postcode': 55325, 'coordinates': {'latitude': '70.8966', 'longitude': '-95.8917'}, 'timezone': {'offset': '-5:00', 'description': 'Eastern Time (US &amp; Canada), Bogota, Lima'}}, 'email': 'okan.kirac@example.com', 'login': {'uuid': 'c83f0258-4386-48c7-a790-6b0897c9f45f', 'username': 'organicbear462', 'password': 'jonathan', 'salt': 'qlIAIWCN', 'md5': '1b7625293f7b19687b57a9ea5a402808', 'sha1': 'a8580244eda08ae160558843e8a9087e7a76275e', 'sha256': '299f03059607cb22bbf47ff51c78bc800b3fc570a07f2d3dd02c577390274377'}, 'dob': {'date': '1985-06-16T04:39:35.916Z', 'age': 39}, 'registered': {'date': '2002-05-18T14:57:54.808Z', 'age': 22}, 'phone': '(647)-592-3970', 'cell': '(079)-840-4128', 'id': {'name': '', 'value': None}, 'picture': {'large': 'https://randomuser.me/api/portraits/men/53.jpg', 'medium': 'https://randomuser.me/api/portraits/med/men/53.jpg', 'thumbnail': 'https://randomuser.me/api/portraits/thumb/men/53.jpg'}, 'nat': 'TR'}], 'info': {'seed': '8b29dd12e8b70dcb', 'results': 1, 'page': 1, 'version': '1.4'}}</msg>
<arg>${json_data}</arg>
<doc>Logs the given message with the given level.</doc>
<status status="PASS" start="2024-07-10T23:14:57.005411" elapsed="0.000206"/>
</kw>
<kw name="Should Be String" owner="String">
<arg>${json_data['results'][0]['gender']}</arg>
<doc>Fails if the given ``item`` is not a string.</doc>
<status status="PASS" start="2024-07-10T23:14:57.005912" elapsed="0.000359"/>
</kw>
<kw name="Should Match Regexp" owner="BuiltIn">
<arg>${json_data['results'][0]['email']}</arg>
<arg>^[a-zA-Z0-9._%+-]+@[a-zA-Z0-9.-]+\.[a-zA-Z]{2,}$</arg>
<doc>Fails if ``string`` does not match ``pattern`` as a regular expression.</doc>
<status status="PASS" start="2024-07-10T23:14:57.006492" elapsed="0.000496"/>
</kw>
<kw name="Should Match Regexp" owner="BuiltIn">
<arg>${json_data['results'][0]['dob']['date']}</arg>
<arg>\\d{4}-\\d{2}-\\d{2}T\\d{2}:\\d{2}:\\d{2}\\.\\d{3}Z</arg>
<doc>Fails if ``string`` does not match ``pattern`` as a regular expression.</doc>
<status status="PASS" start="2024-07-10T23:14:57.007217" elapsed="0.000488"/>
</kw>
<kw name="Should Match Regexp" owner="BuiltIn">
<arg>${json_data['results'][0]['registered']['date']}</arg>
<arg>\\d{4}-\\d{2}-\\d{2}T\\d{2}:\\d{2}:\\d{2}\\.\\d{3}Z</arg>
<doc>Fails if ``string`` does not match ``pattern`` as a regular expression.</doc>
<status status="PASS" start="2024-07-10T23:14:57.007895" elapsed="0.000363"/>
</kw>
<kw name="Should Match Regexp" owner="BuiltIn">
<arg>${json_data['results'][0]['picture']['large']}</arg>
<arg>^https?://.*\.(?:png|jpe?g|gif|bmp)$</arg>
<doc>Fails if ``string`` does not match ``pattern`` as a regular expression.</doc>
<status status="PASS" start="2024-07-10T23:14:57.008442" elapsed="0.000451"/>
</kw>
<kw name="Should Match Regexp" owner="BuiltIn">
<arg>${json_data['results'][0]['picture']['medium']}</arg>
<arg>^https?://.*\.(?:png|jpe?g|gif|bmp)$</arg>
<doc>Fails if ``string`` does not match ``pattern`` as a regular expression.</doc>
<status status="PASS" start="2024-07-10T23:14:57.009079" elapsed="0.000348"/>
</kw>
<kw name="Should Match Regexp" owner="BuiltIn">
<arg>${json_data['results'][0]['picture']['thumbnail']}</arg>
<arg>^https?://.*\.(?:png|jpe?g|gif|bmp)$</arg>
<doc>Fails if ``string`` does not match ``pattern`` as a regular expression.</doc>
<status status="PASS" start="2024-07-10T23:14:57.009610" elapsed="0.000344"/>
</kw>
<kw name="Log" owner="BuiltIn">
<msg time="2024-07-10T23:14:57.010490" level="INFO">{'large': 'https://randomuser.me/api/portraits/men/53.jpg', 'medium': 'https://randomuser.me/api/portraits/med/men/53.jpg', 'thumbnail': 'https://randomuser.me/api/portraits/thumb/men/53.jpg'}</msg>
<arg>${json_data['results'][0]['picture']}</arg>
<doc>Logs the given message with the given level.</doc>
<status status="PASS" start="2024-07-10T23:14:57.010136" elapsed="0.000398"/>
</kw>
<status status="PASS" start="2024-07-10T23:14:56.921844" elapsed="0.088942"/>
</kw>
<kw name="Teste de Tipos de Dados - Postcode" owner="random-user-service">
<kw name="GET On Session" owner="RequestsLibrary">
<msg time="2024-07-10T23:14:57.100700" level="INFO">GET Request : url=https://randomuser.me/api 
 path_url=/api 
 headers={'User-Agent': 'python-requests/2.32.3', 'Accept-Encoding': 'gzip, deflate', 'Accept': '*/*', 'Connection': 'keep-alive'} 
 body=None 
 </msg>
<msg time="2024-07-10T23:14:57.100777" level="INFO">GET Response : url=https://randomuser.me/api 
 status=200, reason=OK 
 headers={'Date': 'Wed, 10 Jul 2024 23:14:57 GMT', 'Content-Type': 'application/json; charset=utf-8', 'Transfer-Encoding': 'chunked', 'Connection': 'keep-alive', 'X-Powered-By': 'Express', 'Access-Control-Allow-Origin': '*', 'Cache-Control': 'no-cache', 'ETag': 'W/"480-9d6qSZbrgmCCMzkJzlEPGBKn6X4"', 'Vary': 'Accept-Encoding', 'Content-Encoding': 'gzip', 'CF-Cache-Status': 'DYNAMIC', 'Report-To': '{"endpoints":[{"url":"https:\\/\\/a.nel.cloudflare.com\\/report\\/v4?s=SLKRlmDbp6QUmm18vw5ga%2BUec79LptKBR8KvN%2BJwFxqtKYdLVCuuz8TPgOxJ9hrygOpW69ZrQ0O8IwtlifuNPAC08goz4l8lTNwedC8DcE%2FfdmaHwP8mYns%2BuPY%2Bgp1V"}],"group":"cf-nel","max_age":604800}', 'NEL': '{"success_fraction":0,"report_to":"cf-nel","max_age":604800}', 'Server': 'cloudflare', 'CF-RAY': '8a1440c2591a632a-ORD', 'alt-svc': 'h3=":443"; ma=86400'} 
 body={"results":[{"gender":"male","name":{"title":"Mr","first":"Eemeli","last":"Wiitala"},"location":{"street":{"number":5936,"name":"Korkeavuorenkatu"},"city":"Suomenniemi","state":"Åland","country":"Finland","postcode":16974,"coordinates":{"latitude":"-22.2744","longitude":"-172.1482"},"timezone":{"offset":"+3:30","description":"Tehran"}},"email":"eemeli.wiitala@example.com","login":{"uuid":"3f995df1-3234-4e6c-a6ca-e98ee98898b8","username":"silvermouse903","password":"goldwing","salt":"oknq6yXz","md5":"06ce63b2efd714516575b59a90685be9","sha1":"60406169a30919b03a4002cccca6bf9b220e4a62","sha256":"c23c64f1fe7f35ce05b8d26d0c11db71d9ba4dedd9cad21ee49bfcf66c247e8f"},"dob":{"date":"1979-10-01T02:02:54.586Z","age":44},"registered":{"date":"2012-07-04T04:28:10.400Z","age":12},"phone":"09-555-557","cell":"045-889-20-33","id":{"name":"HETU","value":"NaNNA395undefined"},"picture":{"large":"https://randomuser.me/api/portraits/men/87.jpg","medium":"https://randomuser.me/api/portraits/med/men/87.jpg","thumbnail":"https://randomuser.me/api/portraits/thumb/men/87.jpg"},"nat":"FI"}],"info":{"seed":"c474467dd13d72a1","results":1,"page":1,"version":"1.4"}} 
 </msg>
<msg time="2024-07-10T23:14:57.100846" level="INFO">/opt/hostedtoolcache/Python/3.12.4/x64/lib/python3.12/site-packages/urllib3/connectionpool.py:1099: InsecureRequestWarning: Unverified HTTPS request is being made to host 'randomuser.me'. Adding certificate verification is strongly advised. See: https://urllib3.readthedocs.io/en/latest/advanced-usage.html#tls-warnings
  warnings.warn(</msg>
<msg time="2024-07-10T23:14:57.100948" level="INFO">${response} = &lt;Response [200]&gt;</msg>
<var>${response}</var>
<arg>consultarAPI</arg>
<arg>/api</arg>
<doc>Sends a GET request on a previously created HTTP Session.</doc>
<status status="PASS" start="2024-07-10T23:14:57.011219" elapsed="0.089766"/>
</kw>
<kw name="Set Variable" owner="BuiltIn">
<msg time="2024-07-10T23:14:57.101913" level="INFO">${json_data} = {'results': [{'gender': 'male', 'name': {'title': 'Mr', 'first': 'Eemeli', 'last': 'Wiitala'}, 'location': {'street': {'number': 5936, 'name': 'Korkeavuorenkatu'}, 'city': 'Suomenniemi', 'state': 'Åla...</msg>
<var>${json_data}</var>
<arg>${response.json()}</arg>
<doc>Returns the given values which can then be assigned to a variables.</doc>
<status status="PASS" start="2024-07-10T23:14:57.101487" elapsed="0.000456"/>
</kw>
<kw name="Log" owner="BuiltIn">
<msg time="2024-07-10T23:14:57.102439" level="INFO">{'results': [{'gender': 'male', 'name': {'title': 'Mr', 'first': 'Eemeli', 'last': 'Wiitala'}, 'location': {'street': {'number': 5936, 'name': 'Korkeavuorenkatu'}, 'city': 'Suomenniemi', 'state': 'Åland', 'country': 'Finland', 'postcode': 16974, 'coordinates': {'latitude': '-22.2744', 'longitude': '-172.1482'}, 'timezone': {'offset': '+3:30', 'description': 'Tehran'}}, 'email': 'eemeli.wiitala@example.com', 'login': {'uuid': '3f995df1-3234-4e6c-a6ca-e98ee98898b8', 'username': 'silvermouse903', 'password': 'goldwing', 'salt': 'oknq6yXz', 'md5': '06ce63b2efd714516575b59a90685be9', 'sha1': '60406169a30919b03a4002cccca6bf9b220e4a62', 'sha256': 'c23c64f1fe7f35ce05b8d26d0c11db71d9ba4dedd9cad21ee49bfcf66c247e8f'}, 'dob': {'date': '1979-10-01T02:02:54.586Z', 'age': 44}, 'registered': {'date': '2012-07-04T04:28:10.400Z', 'age': 12}, 'phone': '09-555-557', 'cell': '045-889-20-33', 'id': {'name': 'HETU', 'value': 'NaNNA395undefined'}, 'picture': {'large': 'https://randomuser.me/api/portraits/men/87.jpg', 'medium': 'https://randomuser.me/api/portraits/med/men/87.jpg', 'thumbnail': 'https://randomuser.me/api/portraits/thumb/men/87.jpg'}, 'nat': 'FI'}], 'info': {'seed': 'c474467dd13d72a1', 'results': 1, 'page': 1, 'version': '1.4'}}</msg>
<arg>${json_data}</arg>
<doc>Logs the given message with the given level.</doc>
<status status="PASS" start="2024-07-10T23:14:57.102254" elapsed="0.000234"/>
</kw>
<kw name="Should Be Equal As Numbers" owner="BuiltIn">
<arg>${json_data['results'][0]['location']['postcode']}</arg>
<arg>${json_data['results'][0]['location']['postcode']}</arg>
<doc>Fails if objects are unequal after converting them to real numbers.</doc>
<status status="PASS" start="2024-07-10T23:14:57.102785" elapsed="0.000613"/>
</kw>
<kw name="Log" owner="BuiltIn">
<msg time="2024-07-10T23:14:57.104038" level="INFO">16974</msg>
<arg>${json_data['results'][0]['location']['postcode']}</arg>
<doc>Logs the given message with the given level.</doc>
<status status="PASS" start="2024-07-10T23:14:57.103585" elapsed="0.000494"/>
</kw>
<status status="PASS" start="2024-07-10T23:14:57.011006" elapsed="0.093348"/>
</kw>
<doc>Testa se os tipos de dados na resposta da API estão corretos.</doc>
<tag>testeTiposDados</tag>
<status status="PASS" start="2024-07-10T23:14:56.921343" elapsed="0.183170"/>
</test>
<test id="s1-s1-t5" name="Validar conteudo" line="35">
<kw name="Teste de Tipos de Conteudo" owner="random-user-service">
<kw name="GET On Session" owner="RequestsLibrary">
<msg time="2024-07-10T23:14:57.205858" level="INFO">GET Request : url=https://randomuser.me/api 
 path_url=/api 
 headers={'User-Agent': 'python-requests/2.32.3', 'Accept-Encoding': 'gzip, deflate', 'Accept': '*/*', 'Connection': 'keep-alive'} 
 body=None 
 </msg>
<msg time="2024-07-10T23:14:57.205935" level="INFO">GET Response : url=https://randomuser.me/api 
 status=200, reason=OK 
 headers={'Date': 'Wed, 10 Jul 2024 23:14:57 GMT', 'Content-Type': 'application/json; charset=utf-8', 'Transfer-Encoding': 'chunked', 'Connection': 'keep-alive', 'X-Powered-By': 'Express', 'Access-Control-Allow-Origin': '*', 'Cache-Control': 'no-cache', 'ETag': 'W/"4ab-XVbGXu5D52ujPwBzV7SHzdudsRE"', 'Vary': 'Accept-Encoding', 'Content-Encoding': 'gzip', 'CF-Cache-Status': 'DYNAMIC', 'Report-To': '{"endpoints":[{"url":"https:\\/\\/a.nel.cloudflare.com\\/report\\/v4?s=XFfrPRlOOHJjzc1fRo6vLR%2FobeJGm0aBpadbAdZspf1EHoxzkKYhSsu78BpqaURqiVhZNex7qE5GXod5abvl7NN6FE%2BYMkcYPFywi0iM0pSt708cEi%2FFqG7BSwbRwK25"}],"group":"cf-nel","max_age":604800}', 'NEL': '{"success_fraction":0,"report_to":"cf-nel","max_age":604800}', 'Server': 'cloudflare', 'CF-RAY': '8a1440c2f9c8632a-ORD', 'alt-svc': 'h3=":443"; ma=86400'} 
 body={"results":[{"gender":"female","name":{"title":"Mrs","first":"Cherly","last":"Hunter"},"location":{"street":{"number":8875,"name":"Edwards Rd"},"city":"Darwin","state":"Australian Capital Territory","country":"Australia","postcode":2503,"coordinates":{"latitude":"-87.2008","longitude":"51.7841"},"timezone":{"offset":"+5:00","description":"Ekaterinburg, Islamabad, Karachi, Tashkent"}},"email":"cherly.hunter@example.com","login":{"uuid":"278ae341-d74c-4022-99c4-d964d6cf5b3c","username":"crazyswan642","password":"sandrine","salt":"EsXajjeL","md5":"90e54eba15fcabd8e9d9b4976f293b59","sha1":"3a8e5fddbf3f823590732ad0f022ca337f2798dc","sha256":"387fe91bfed2f91417621f76657df7b87683ac30d72184fe04f3935735f0b1e6"},"dob":{"date":"1968-03-27T08:56:33.500Z","age":56},"registered":{"date":"2007-05-31T23:24:45.466Z","age":17},"phone":"04-8936-2736","cell":"0406-031-055","id":{"name":"TFN","value":"927166531"},"picture":{"large":"https://randomuser.me/api/portraits/women/82.jpg","medium":"https://randomuser.me/api/portraits/med/women/82.jpg","thumbnail":"https://randomuser.me/api/portraits/thumb/women/82.jpg"},"nat":"AU"}],"info":{"seed":"c651d7e0e2108cde","results":1,"page":1,"version":"1.4"}} 
 </msg>
<msg time="2024-07-10T23:14:57.206002" level="INFO">/opt/hostedtoolcache/Python/3.12.4/x64/lib/python3.12/site-packages/urllib3/connectionpool.py:1099: InsecureRequestWarning: Unverified HTTPS request is being made to host 'randomuser.me'. Adding certificate verification is strongly advised. See: https://urllib3.readthedocs.io/en/latest/advanced-usage.html#tls-warnings
  warnings.warn(</msg>
<msg time="2024-07-10T23:14:57.206105" level="INFO">${response} = &lt;Response [200]&gt;</msg>
<var>${response}</var>
<arg>consultarAPI</arg>
<arg>/api</arg>
<doc>Sends a GET request on a previously created HTTP Session.</doc>
<status status="PASS" start="2024-07-10T23:14:57.106948" elapsed="0.099205"/>
</kw>
<kw name="Set Variable" owner="BuiltIn">
<msg time="2024-07-10T23:14:57.207037" level="INFO">${json_data} = {'results': [{'gender': 'female', 'name': {'title': 'Mrs', 'first': 'Cherly', 'last': 'Hunter'}, 'location': {'street': {'number': 8875, 'name': 'Edwards Rd'}, 'city': 'Darwin', 'state': 'Australian C...</msg>
<var>${json_data}</var>
<arg>${response.json()}</arg>
<doc>Returns the given values which can then be assigned to a variables.</doc>
<status status="PASS" start="2024-07-10T23:14:57.206606" elapsed="0.000459"/>
</kw>
<kw name="Set Variable" owner="BuiltIn">
<msg time="2024-07-10T23:14:57.207736" level="INFO">${name_title} = Mrs</msg>
<var>${name_title}</var>
<arg>${json_data["results"][0]["name"]["title"]}</arg>
<doc>Returns the given values which can then be assigned to a variables.</doc>
<status status="PASS" start="2024-07-10T23:14:57.207361" elapsed="0.000400"/>
</kw>
<kw name="Create List" owner="BuiltIn">
<msg time="2024-07-10T23:14:57.208195" level="INFO">${allowed_titles} = ['Mr', 'Ms', 'Miss', 'Mrs', 'Madame', 'Monsieur']</msg>
<var>${allowed_titles}</var>
<arg>Mr</arg>
<arg>Ms</arg>
<arg>Miss</arg>
<arg>Mrs</arg>
<arg>Madame</arg>
<arg>Monsieur</arg>
<doc>Returns a list containing given items.</doc>
<status status="PASS" start="2024-07-10T23:14:57.208049" elapsed="0.000170"/>
</kw>
<kw name="List Should Contain Value" owner="Collections">
<arg>${allowed_titles}</arg>
<arg>${name_title}</arg>
<doc>Fails if the ``value`` is not found from ``list``.</doc>
<status status="PASS" start="2024-07-10T23:14:57.208512" elapsed="0.000168"/>
</kw>
<kw name="Set Variable" owner="BuiltIn">
<msg time="2024-07-10T23:14:57.209215" level="INFO">${name_country} = AU</msg>
<var>${name_country}</var>
<arg>${json_data["results"][0]["nat"]}</arg>
<doc>Returns the given values which can then be assigned to a variables.</doc>
<status status="PASS" start="2024-07-10T23:14:57.208857" elapsed="0.000383"/>
</kw>
<kw name="Create List" owner="BuiltIn">
<msg time="2024-07-10T23:14:57.210119" level="INFO">${list_country} = ['AD', 'AE', 'AF', 'AG', 'AI', 'AL', 'AM', 'AO', 'AQ', 'AR', 'AS', 'AT', 'AU', 'AW', 'AX', 'AZ', 'BA', 'BB', 'BD', 'BE', 'BF', 'BG', 'BH', 'BI', 'BJ', 'BL', 'BM', 'BN', 'BO', 'BQ', 'BR', 'BS', 'BT', '...</msg>
<var>${list_country}</var>
<arg>AD</arg>
<arg>AE</arg>
<arg>AF</arg>
<arg>AG</arg>
<arg>AI</arg>
<arg>AL</arg>
<arg>AM</arg>
<arg>AO</arg>
<arg>AQ</arg>
<arg>AR</arg>
<arg>AS</arg>
<arg>AT</arg>
<arg>AU</arg>
<arg>AW</arg>
<arg>AX</arg>
<arg>AZ</arg>
<arg>BA</arg>
<arg>BB</arg>
<arg>BD</arg>
<arg>BE</arg>
<arg>BF</arg>
<arg>BG</arg>
<arg>BH</arg>
<arg>BI</arg>
<arg>BJ</arg>
<arg>BL</arg>
<arg>BM</arg>
<arg>BN</arg>
<arg>BO</arg>
<arg>BQ</arg>
<arg>BR</arg>
<arg>BS</arg>
<arg>BT</arg>
<arg>BV</arg>
<arg>BW</arg>
<arg>BY</arg>
<arg>BZ</arg>
<arg>CA</arg>
<arg>CC</arg>
<arg>CD</arg>
<arg>CF</arg>
<arg>CG</arg>
<arg>CH</arg>
<arg>CI</arg>
<arg>CK</arg>
<arg>CL</arg>
<arg>CM</arg>
<arg>CN</arg>
<arg>CO</arg>
<arg>CR</arg>
<arg>CU</arg>
<arg>CV</arg>
<arg>CW</arg>
<arg>CX</arg>
<arg>CY</arg>
<arg>CZ</arg>
<arg>DE</arg>
<arg>DJ</arg>
<arg>DK</arg>
<arg>DM</arg>
<arg>DO</arg>
<arg>DZ</arg>
<arg>EC</arg>
<arg>EE</arg>
<arg>EG</arg>
<arg>EH</arg>
<arg>ER</arg>
<arg>ES</arg>
<arg>ET</arg>
<arg>FI</arg>
<arg>FJ</arg>
<arg>FK</arg>
<arg>FM</arg>
<arg>FO</arg>
<arg>FR</arg>
<arg>GA</arg>
<arg>GB</arg>
<arg>GD</arg>
<arg>GE</arg>
<arg>GF</arg>
<arg>GG</arg>
<arg>GH</arg>
<arg>GI</arg>
<arg>GL</arg>
<arg>GM</arg>
<arg>GN</arg>
<arg>GP</arg>
<arg>GQ</arg>
<arg>GR</arg>
<arg>GS</arg>
<arg>GT</arg>
<arg>GU</arg>
<arg>GW</arg>
<arg>GY</arg>
<arg>HK</arg>
<arg>HM</arg>
<arg>HN</arg>
<arg>HR</arg>
<arg>HT</arg>
<arg>HU</arg>
<arg>ID</arg>
<arg>IE</arg>
<arg>IL</arg>
<arg>IM</arg>
<arg>IN</arg>
<arg>IO</arg>
<arg>IQ</arg>
<arg>IR</arg>
<arg>IS</arg>
<arg>IT</arg>
<arg>JE</arg>
<arg>JM</arg>
<arg>JO</arg>
<arg>JP</arg>
<arg>KE</arg>
<arg>KG</arg>
<arg>KH</arg>
<arg>KI</arg>
<arg>KM</arg>
<arg>KN</arg>
<arg>KP</arg>
<arg>KR</arg>
<arg>KW</arg>
<arg>KY</arg>
<arg>KZ</arg>
<arg>LA</arg>
<arg>LB</arg>
<arg>LC</arg>
<arg>LI</arg>
<arg>LK</arg>
<arg>LR</arg>
<arg>LS</arg>
<arg>LT</arg>
<arg>LU</arg>
<arg>LV</arg>
<arg>LY</arg>
<arg>MA</arg>
<arg>MC</arg>
<arg>MD</arg>
<arg>ME</arg>
<arg>MF</arg>
<arg>MG</arg>
<arg>MH</arg>
<arg>MK</arg>
<arg>ML</arg>
<arg>MM</arg>
<arg>MN</arg>
<arg>MO</arg>
<arg>MP</arg>
<arg>MQ</arg>
<arg>MR</arg>
<arg>MS</arg>
<arg>MT</arg>
<arg>MU</arg>
<arg>MV</arg>
<arg>MW</arg>
<arg>MX</arg>
<arg>MY</arg>
<arg>MZ</arg>
<arg>NA</arg>
<arg>NC</arg>
<arg>NE</arg>
<arg>NF</arg>
<arg>NG</arg>
<arg>NI</arg>
<arg>NL</arg>
<arg>NO</arg>
<arg>NP</arg>
<arg>NR</arg>
<arg>NU</arg>
<arg>NZ</arg>
<arg>OM</arg>
<arg>PA</arg>
<arg>PE</arg>
<arg>PF</arg>
<arg>PG</arg>
<arg>PH</arg>
<arg>PK</arg>
<arg>PL</arg>
<arg>PM</arg>
<arg>PN</arg>
<arg>PR</arg>
<arg>PS</arg>
<arg>PT</arg>
<arg>PW</arg>
<arg>PY</arg>
<arg>QA</arg>
<arg>RE</arg>
<arg>RO</arg>
<arg>RS</arg>
<arg>RU</arg>
<arg>RW</arg>
<arg>SA</arg>
<arg>SB</arg>
<arg>SC</arg>
<arg>SD</arg>
<arg>SE</arg>
<arg>SG</arg>
<arg>SH</arg>
<arg>SI</arg>
<arg>SJ</arg>
<arg>SK</arg>
<arg>SL</arg>
<arg>SM</arg>
<arg>SN</arg>
<arg>SO</arg>
<arg>SR</arg>
<arg>SS</arg>
<arg>ST</arg>
<arg>SV</arg>
<arg>SX</arg>
<arg>SY</arg>
<arg>SZ</arg>
<arg>TC</arg>
<arg>TD</arg>
<arg>TF</arg>
<arg>TG</arg>
<arg>TH</arg>
<arg>TJ</arg>
<arg>TK</arg>
<arg>TL</arg>
<arg>TM</arg>
<arg>TN</arg>
<arg>TO</arg>
<arg>TR</arg>
<arg>TT</arg>
<arg>TV</arg>
<arg>TW</arg>
<arg>TZ</arg>
<arg>UA</arg>
<arg>UG</arg>
<arg>UM</arg>
<arg>US</arg>
<arg>UY</arg>
<arg>UZ</arg>
<arg>VA</arg>
<arg>VC</arg>
<arg>VE</arg>
<arg>VG</arg>
<arg>VI</arg>
<arg>VN</arg>
<arg>VU</arg>
<arg>WF</arg>
<arg>WS</arg>
<arg>XK</arg>
<arg>YE</arg>
<arg>YT</arg>
<arg>ZA</arg>
<arg>ZM</arg>
<arg>ZW</arg>
<doc>Returns a list containing given items.</doc>
<status status="PASS" start="2024-07-10T23:14:57.209525" elapsed="0.000619"/>
</kw>
<kw name="List Should Contain Value" owner="Collections">
<arg>${list_country}</arg>
<arg>${name_country}</arg>
<doc>Fails if the ``value`` is not found from ``list``.</doc>
<status status="PASS" start="2024-07-10T23:14:57.210947" elapsed="0.000200"/>
</kw>
<kw name="Run Keyword If" owner="BuiltIn">
<kw name="Should Be True" owner="BuiltIn">
<arg>${True}</arg>
<doc>Fails if the given condition is not true.</doc>
<status status="PASS" start="2024-07-10T23:14:57.212066" elapsed="0.000156"/>
</kw>
<arg>${json_data["results"][0]["location"]["coordinates"]["latitude"]} &gt;= -90 and ${json_data["results"][0]["location"]["coordinates"]["latitude"]} &lt;= 90</arg>
<arg>Should Be True</arg>
<arg>${True}</arg>
<doc>Runs the given keyword with the given arguments, if ``condition`` is true.</doc>
<status status="PASS" start="2024-07-10T23:14:57.211339" elapsed="0.001007"/>
</kw>
<kw name="Run Keyword If" owner="BuiltIn">
<kw name="Should Be True" owner="BuiltIn">
<arg>${True}</arg>
<doc>Fails if the given condition is not true.</doc>
<status status="PASS" start="2024-07-10T23:14:57.213211" elapsed="0.000229"/>
</kw>
<arg>${json_data["results"][0]["location"]["coordinates"]["longitude"]} &gt;= -180 and ${json_data["results"][0]["location"]["coordinates"]["longitude"]} &lt;= 180</arg>
<arg>Should Be True</arg>
<arg>${True}</arg>
<doc>Runs the given keyword with the given arguments, if ``condition`` is true.</doc>
<status status="PASS" start="2024-07-10T23:14:57.212524" elapsed="0.001044"/>
</kw>
<status status="PASS" start="2024-07-10T23:14:57.106733" elapsed="0.106964"/>
</kw>
<doc>Testa o conteúdo específico dos campos retornados pela API.</doc>
<tag>testeConteudo</tag>
<status status="PASS" start="2024-07-10T23:14:57.106212" elapsed="0.107626"/>
</test>
<status status="PASS" start="2024-07-10T23:14:56.391861" elapsed="0.823849"/>
</suite>
<status status="PASS" start="2024-07-10T23:14:56.377619" elapsed="0.842987"/>
</suite>
<statistics>
<total>
<stat pass="5" fail="0" skip="0">All Tests</stat>
</total>
<tag>
<stat pass="1" fail="0" skip="0">testeConteudo</stat>
<stat pass="1" fail="0" skip="0">testeEstruturaResposta</stat>
<stat pass="1" fail="0" skip="0">testeRequisicaoBasica</stat>
<stat pass="1" fail="0" skip="0">testeTiposDados</stat>
</tag>
<suite>
<stat pass="5" fail="0" skip="0" id="s1" name="Tests">Tests</stat>
<stat pass="5" fail="0" skip="0" id="s1-s1" name="Random-User-Test">Tests.Random-User-Test</stat>
</suite>
</statistics>
<errors>
</errors>
</robot>
