<?xml version="1.0" encoding="UTF-8"?>
<robot generator="Robot 7.0.1 (Python 3.12.4 on linux)" generated="2024-07-01T04:17:59.588335" rpa="false" schemaversion="5">
<suite id="s1" name="Tests" source="/home/runner/work/ApiRandomUser/ApiRandomUser/RamdonUser/tests">
<suite id="s1-s1" name="Random-User-Test" source="/home/runner/work/ApiRandomUser/ApiRandomUser/RamdonUser/tests/random-user-test.robot">
<test id="s1-s1-t1" name="Conectar" line="13">
<kw name="Conectar API" owner="random-user-service">
<kw name="Create Session" owner="RequestsLibrary">
<msg time="2024-07-01T04:18:00.006389" level="INFO">Creating Session using : alias=consultarAPI, url=https://randomuser.me/, headers={},                     cookies={}, auth=None, timeout=None, proxies=None, verify=False,                     debug=0 </msg>
<arg>consultarAPI</arg>
<arg>${URL}</arg>
<doc>Create Session: create a HTTP session to a server</doc>
<status status="PASS" start="2024-07-01T04:18:00.006187" elapsed="0.000376"/>
</kw>
<status status="PASS" start="2024-07-01T04:18:00.005234" elapsed="0.001682"/>
</kw>
<status status="PASS" start="2024-07-01T04:18:00.004687" elapsed="0.002423"/>
</test>
<test id="s1-s1-t2" name="Validar retorno 200 e JSON Válido" line="16">
<kw name="Teste de Requisicao Basica" owner="random-user-service">
<kw name="GET On Session" owner="RequestsLibrary">
<msg time="2024-07-01T04:18:00.089461" level="INFO">GET Request : url=https://randomuser.me/api 
 path_url=/api 
 headers={'User-Agent': 'python-requests/2.32.3', 'Accept-Encoding': 'gzip, deflate', 'Accept': '*/*', 'Connection': 'keep-alive'} 
 body=None 
 </msg>
<msg time="2024-07-01T04:18:00.089623" level="INFO">GET Response : url=https://randomuser.me/api 
 status=200, reason=OK 
 headers={'Date': 'Mon, 01 Jul 2024 04:18:00 GMT', 'Content-Type': 'application/json; charset=utf-8', 'Transfer-Encoding': 'chunked', 'Connection': 'keep-alive', 'X-Powered-By': 'Express', 'Access-Control-Allow-Origin': '*', 'Cache-Control': 'no-cache', 'ETag': 'W/"482-YwV+9n8FMpdGZuCnOPNnlQAITLE"', 'Vary': 'Accept-Encoding', 'Content-Encoding': 'gzip', 'CF-Cache-Status': 'DYNAMIC', 'Report-To': '{"endpoints":[{"url":"https:\\/\\/a.nel.cloudflare.com\\/report\\/v4?s=AfeupTSou9jbHzqMtb%2FUzcUB6xfJY6PSHTQt3xqAWyXR4mvQ%2Bk6cefjltUgJPEOH%2FH%2Fb%2FgbS0dUwlA2eT5trd3%2FCxCL%2BK%2F5zkX%2FEnGWmZysVpPlZzxHFaivPTlUn1fTf"}],"group":"cf-nel","max_age":604800}', 'NEL': '{"success_fraction":0,"report_to":"cf-nel","max_age":604800}', 'Server': 'cloudflare', 'CF-RAY': '89c396ee4b2102bc-ORD', 'alt-svc': 'h3=":443"; ma=86400'} 
 body={"results":[{"gender":"male","name":{"title":"Mr","first":"Steven","last":"Ford"},"location":{"street":{"number":4639,"name":"Paddock Way"},"city":"Bunbury","state":"Australian Capital Territory","country":"Australia","postcode":686,"coordinates":{"latitude":"-86.9029","longitude":"-94.2201"},"timezone":{"offset":"-2:00","description":"Mid-Atlantic"}},"email":"steven.ford@example.com","login":{"uuid":"e467930f-5067-45ef-a568-7ce4a82b51b9","username":"greenleopard547","password":"flash1","salt":"wbzEw396","md5":"55e310830cafa6c2942312004dfa438f","sha1":"f8f3fc6267c4c5365f21ef81c3f54a648203b0e0","sha256":"22028ae308b06578608322e26695cdedce4af7f10346272e8efc4aa16b18a6a5"},"dob":{"date":"1989-03-02T19:46:27.625Z","age":35},"registered":{"date":"2021-01-15T20:31:43.242Z","age":3},"phone":"06-5173-0762","cell":"0493-409-788","id":{"name":"TFN","value":"666382038"},"picture":{"large":"https://randomuser.me/api/portraits/men/27.jpg","medium":"https://randomuser.me/api/portraits/med/men/27.jpg","thumbnail":"https://randomuser.me/api/portraits/thumb/men/27.jpg"},"nat":"AU"}],"info":{"seed":"e0b7b33058c62eb3","results":1,"page":1,"version":"1.4"}} 
 </msg>
<msg time="2024-07-01T04:18:00.089711" level="INFO">/opt/hostedtoolcache/Python/3.12.4/x64/lib/python3.12/site-packages/urllib3/connectionpool.py:1099: InsecureRequestWarning: Unverified HTTPS request is being made to host 'randomuser.me'. Adding certificate verification is strongly advised. See: https://urllib3.readthedocs.io/en/latest/advanced-usage.html#tls-warnings
  warnings.warn(</msg>
<msg time="2024-07-01T04:18:00.089861" level="INFO">${response} = &lt;Response [200]&gt;</msg>
<var>${response}</var>
<arg>consultarAPI</arg>
<arg>/api</arg>
<doc>Sends a GET request on a previously created HTTP Session.</doc>
<status status="PASS" start="2024-07-01T04:18:00.009724" elapsed="0.080179"/>
</kw>
<kw name="Should Be Equal As Numbers" owner="BuiltIn">
<msg time="2024-07-01T04:18:00.091061" level="INFO">Argument types are:
&lt;class 'int'&gt;
&lt;class 'str'&gt;</msg>
<arg>${response.status_code}</arg>
<arg>200</arg>
<doc>Fails if objects are unequal after converting them to real numbers.</doc>
<status status="PASS" start="2024-07-01T04:18:00.090568" elapsed="0.000559"/>
</kw>
<kw name="Log" owner="BuiltIn">
<msg time="2024-07-01T04:18:00.091841" level="INFO">200</msg>
<arg>${response.status_code}</arg>
<doc>Logs the given message with the given level.</doc>
<status status="PASS" start="2024-07-01T04:18:00.091479" elapsed="0.000406"/>
</kw>
<kw name="Set Variable" owner="BuiltIn">
<msg time="2024-07-01T04:18:00.092629" level="INFO">${json_data} = {'results': [{'gender': 'male', 'name': {'title': 'Mr', 'first': 'Steven', 'last': 'Ford'}, 'location': {'street': {'number': 4639, 'name': 'Paddock Way'}, 'city': 'Bunbury', 'state': 'Australian Capi...</msg>
<var>${json_data}</var>
<arg>${response.json()}</arg>
<doc>Returns the given values which can then be assigned to a variables.</doc>
<status status="PASS" start="2024-07-01T04:18:00.092193" elapsed="0.000465"/>
</kw>
<kw name="Dictionary Should Contain Key" owner="Collections">
<arg>${json_data}</arg>
<arg>results</arg>
<doc>Fails if ``key`` is not found from ``dictionary``.</doc>
<status status="PASS" start="2024-07-01T04:18:00.092959" elapsed="0.000167"/>
</kw>
<status status="PASS" start="2024-07-01T04:18:00.009475" elapsed="0.083805"/>
</kw>
<doc>Testa se a API responde corretamente e retorna um objeto JSON válido.</doc>
<tag>testeRequisicaoBasica</tag>
<status status="PASS" start="2024-07-01T04:18:00.009013" elapsed="0.084449"/>
</test>
<test id="s1-s1-t3" name="Validar estrutura de resposta" line="22">
<kw name="Teste de Estrutura de Resposta" owner="random-user-service">
<kw name="GET On Session" owner="RequestsLibrary">
<msg time="2024-07-01T04:18:00.225725" level="INFO">GET Request : url=https://randomuser.me/api 
 path_url=/api 
 headers={'User-Agent': 'python-requests/2.32.3', 'Accept-Encoding': 'gzip, deflate', 'Accept': '*/*', 'Connection': 'keep-alive'} 
 body=None 
 </msg>
<msg time="2024-07-01T04:18:00.225823" level="INFO">GET Response : url=https://randomuser.me/api 
 status=200, reason=OK 
 headers={'Date': 'Mon, 01 Jul 2024 04:18:00 GMT', 'Content-Type': 'application/json; charset=utf-8', 'Transfer-Encoding': 'chunked', 'Connection': 'keep-alive', 'X-Powered-By': 'Express', 'Access-Control-Allow-Origin': '*', 'Cache-Control': 'no-cache', 'ETag': 'W/"4b2-CzrSj4rvBwGQY2/N42iOEfcrwP4"', 'Vary': 'Accept-Encoding', 'Content-Encoding': 'gzip', 'CF-Cache-Status': 'DYNAMIC', 'Report-To': '{"endpoints":[{"url":"https:\\/\\/a.nel.cloudflare.com\\/report\\/v4?s=JmDjY0Y6bMYara4gUXJm0kgpb2bhYqJR%2BFXpWuv866A6xJQKKZTDVdnsPtae34C2Tw0%2BzQO4OWN3abmi4qUfJxqJ58Pp8dSg3e2EYghqqDgTStpviEypWGxCqF9%2BWHXS"}],"group":"cf-nel","max_age":604800}', 'NEL': '{"success_fraction":0,"report_to":"cf-nel","max_age":604800}', 'Server': 'cloudflare', 'CF-RAY': '89c396ee9b6c02bc-ORD', 'alt-svc': 'h3=":443"; ma=86400'} 
 body={"results":[{"gender":"female","name":{"title":"Miss","first":"Luise","last":"Schwarze"},"location":{"street":{"number":8322,"name":"Kapellenweg"},"city":"Großbreitenbach","state":"Baden-Württemberg","country":"Germany","postcode":60864,"coordinates":{"latitude":"-48.3114","longitude":"54.9779"},"timezone":{"offset":"-5:00","description":"Eastern Time (US &amp; Canada), Bogota, Lima"}},"email":"luise.schwarze@example.com","login":{"uuid":"ac03d750-9c29-4355-b3b4-183020f892b2","username":"crazybird561","password":"phillip","salt":"VjJntuCp","md5":"c0af292dd0d75217640d529e002c8d23","sha1":"38fb9fbd37e5b2b2ef2be5d39c3bcbabac42a7ac","sha256":"f6f84a7a3056f5a60bb73594e9d08b1155f453f20285b0b46e06eae48acb84da"},"dob":{"date":"1956-04-28T08:32:48.192Z","age":68},"registered":{"date":"2002-10-16T02:19:36.378Z","age":21},"phone":"0095-5171323","cell":"0170-0687328","id":{"name":"SVNR","value":"59 280456 S 877"},"picture":{"large":"https://randomuser.me/api/portraits/women/14.jpg","medium":"https://randomuser.me/api/portraits/med/women/14.jpg","thumbnail":"https://randomuser.me/api/portraits/thumb/women/14.jpg"},"nat":"DE"}],"info":{"seed":"18642461c9759894","results":1,"page":1,"version":"1.4"}} 
 </msg>
<msg time="2024-07-01T04:18:00.225962" level="INFO">/opt/hostedtoolcache/Python/3.12.4/x64/lib/python3.12/site-packages/urllib3/connectionpool.py:1099: InsecureRequestWarning: Unverified HTTPS request is being made to host 'randomuser.me'. Adding certificate verification is strongly advised. See: https://urllib3.readthedocs.io/en/latest/advanced-usage.html#tls-warnings
  warnings.warn(</msg>
<msg time="2024-07-01T04:18:00.226097" level="INFO">${response} = &lt;Response [200]&gt;</msg>
<var>${response}</var>
<arg>consultarAPI</arg>
<arg>/api</arg>
<doc>Sends a GET request on a previously created HTTP Session.</doc>
<status status="PASS" start="2024-07-01T04:18:00.096480" elapsed="0.129665"/>
</kw>
<kw name="Set Variable" owner="BuiltIn">
<msg time="2024-07-01T04:18:00.227261" level="INFO">${json_data} = {'results': [{'gender': 'female', 'name': {'title': 'Miss', 'first': 'Luise', 'last': 'Schwarze'}, 'location': {'street': {'number': 8322, 'name': 'Kapellenweg'}, 'city': 'Großbreitenbach', 'state': '...</msg>
<var>${json_data}</var>
<arg>${response.json()}</arg>
<doc>Returns the given values which can then be assigned to a variables.</doc>
<status status="PASS" start="2024-07-01T04:18:00.226679" elapsed="0.000612"/>
</kw>
<kw name="Log" owner="BuiltIn">
<msg time="2024-07-01T04:18:00.227823" level="INFO">{'results': [{'gender': 'female', 'name': {'title': 'Miss', 'first': 'Luise', 'last': 'Schwarze'}, 'location': {'street': {'number': 8322, 'name': 'Kapellenweg'}, 'city': 'Großbreitenbach', 'state': 'Baden-Württemberg', 'country': 'Germany', 'postcode': 60864, 'coordinates': {'latitude': '-48.3114', 'longitude': '54.9779'}, 'timezone': {'offset': '-5:00', 'description': 'Eastern Time (US &amp; Canada), Bogota, Lima'}}, 'email': 'luise.schwarze@example.com', 'login': {'uuid': 'ac03d750-9c29-4355-b3b4-183020f892b2', 'username': 'crazybird561', 'password': 'phillip', 'salt': 'VjJntuCp', 'md5': 'c0af292dd0d75217640d529e002c8d23', 'sha1': '38fb9fbd37e5b2b2ef2be5d39c3bcbabac42a7ac', 'sha256': 'f6f84a7a3056f5a60bb73594e9d08b1155f453f20285b0b46e06eae48acb84da'}, 'dob': {'date': '1956-04-28T08:32:48.192Z', 'age': 68}, 'registered': {'date': '2002-10-16T02:19:36.378Z', 'age': 21}, 'phone': '0095-5171323', 'cell': '0170-0687328', 'id': {'name': 'SVNR', 'value': '59 280456 S 877'}, 'picture': {'large': 'https://randomuser.me/api/portraits/women/14.jpg', 'medium': 'https://randomuser.me/api/portraits/med/women/14.jpg', 'thumbnail': 'https://randomuser.me/api/portraits/thumb/women/14.jpg'}, 'nat': 'DE'}], 'info': {'seed': '18642461c9759894', 'results': 1, 'page': 1, 'version': '1.4'}}</msg>
<arg>${json_data}</arg>
<doc>Logs the given message with the given level.</doc>
<status status="PASS" start="2024-07-01T04:18:00.227655" elapsed="0.000221"/>
</kw>
<kw name="Dictionary Should Contain Key" owner="Collections">
<arg>${json_data}</arg>
<arg>results</arg>
<doc>Fails if ``key`` is not found from ``dictionary``.</doc>
<status status="PASS" start="2024-07-01T04:18:00.228174" elapsed="0.000160"/>
</kw>
<kw name="Should Not Be Empty" owner="BuiltIn">
<msg time="2024-07-01T04:18:00.228657" level="INFO">Length is 2.</msg>
<arg>${json_data}</arg>
<doc>Verifies that the given item is not empty.</doc>
<status status="PASS" start="2024-07-01T04:18:00.228527" elapsed="0.000169"/>
</kw>
<kw name="Create List" owner="BuiltIn">
<msg time="2024-07-01T04:18:00.229296" level="INFO">${expected_keys} = ['gender', 'name', 'location', 'email', 'login']</msg>
<var>${expected_keys}</var>
<arg>gender</arg>
<arg>name</arg>
<arg>location</arg>
<arg>email</arg>
<arg>login</arg>
<doc>Returns a list containing given items.</doc>
<status status="PASS" start="2024-07-01T04:18:00.228992" elapsed="0.000330"/>
</kw>
<for flavor="IN">
<iter>
<kw name="Dictionary Should Contain Key" owner="Collections">
<arg>${json_data['results'][0]}</arg>
<arg>${key}</arg>
<doc>Fails if ``key`` is not found from ``dictionary``.</doc>
<status status="PASS" start="2024-07-01T04:18:00.229904" elapsed="0.000390"/>
</kw>
<kw name="Log" owner="BuiltIn">
<msg time="2024-07-01T04:18:00.230850" level="INFO">{'gender': 'female', 'name': {'title': 'Miss', 'first': 'Luise', 'last': 'Schwarze'}, 'location': {'street': {'number': 8322, 'name': 'Kapellenweg'}, 'city': 'Großbreitenbach', 'state': 'Baden-Württemberg', 'country': 'Germany', 'postcode': 60864, 'coordinates': {'latitude': '-48.3114', 'longitude': '54.9779'}, 'timezone': {'offset': '-5:00', 'description': 'Eastern Time (US &amp; Canada), Bogota, Lima'}}, 'email': 'luise.schwarze@example.com', 'login': {'uuid': 'ac03d750-9c29-4355-b3b4-183020f892b2', 'username': 'crazybird561', 'password': 'phillip', 'salt': 'VjJntuCp', 'md5': 'c0af292dd0d75217640d529e002c8d23', 'sha1': '38fb9fbd37e5b2b2ef2be5d39c3bcbabac42a7ac', 'sha256': 'f6f84a7a3056f5a60bb73594e9d08b1155f453f20285b0b46e06eae48acb84da'}, 'dob': {'date': '1956-04-28T08:32:48.192Z', 'age': 68}, 'registered': {'date': '2002-10-16T02:19:36.378Z', 'age': 21}, 'phone': '0095-5171323', 'cell': '0170-0687328', 'id': {'name': 'SVNR', 'value': '59 280456 S 877'}, 'picture': {'large': 'https://randomuser.me/api/portraits/women/14.jpg', 'medium': 'https://randomuser.me/api/portraits/med/women/14.jpg', 'thumbnail': 'https://randomuser.me/api/portraits/thumb/women/14.jpg'}, 'nat': 'DE'}</msg>
<arg>${json_data['results'][0]}</arg>
<doc>Logs the given message with the given level.</doc>
<status status="PASS" start="2024-07-01T04:18:00.230481" elapsed="0.000422"/>
</kw>
<kw name="Log" owner="BuiltIn">
<msg time="2024-07-01T04:18:00.231333" level="INFO">gender</msg>
<arg>${key}</arg>
<doc>Logs the given message with the given level.</doc>
<status status="PASS" start="2024-07-01T04:18:00.231203" elapsed="0.000168"/>
</kw>
<var name="${key}">gender</var>
<status status="PASS" start="2024-07-01T04:18:00.229779" elapsed="0.001837"/>
</iter>
<iter>
<kw name="Dictionary Should Contain Key" owner="Collections">
<arg>${json_data['results'][0]}</arg>
<arg>${key}</arg>
<doc>Fails if ``key`` is not found from ``dictionary``.</doc>
<status status="PASS" start="2024-07-01T04:18:00.231913" elapsed="0.000392"/>
</kw>
<kw name="Log" owner="BuiltIn">
<msg time="2024-07-01T04:18:00.232878" level="INFO">{'gender': 'female', 'name': {'title': 'Miss', 'first': 'Luise', 'last': 'Schwarze'}, 'location': {'street': {'number': 8322, 'name': 'Kapellenweg'}, 'city': 'Großbreitenbach', 'state': 'Baden-Württemberg', 'country': 'Germany', 'postcode': 60864, 'coordinates': {'latitude': '-48.3114', 'longitude': '54.9779'}, 'timezone': {'offset': '-5:00', 'description': 'Eastern Time (US &amp; Canada), Bogota, Lima'}}, 'email': 'luise.schwarze@example.com', 'login': {'uuid': 'ac03d750-9c29-4355-b3b4-183020f892b2', 'username': 'crazybird561', 'password': 'phillip', 'salt': 'VjJntuCp', 'md5': 'c0af292dd0d75217640d529e002c8d23', 'sha1': '38fb9fbd37e5b2b2ef2be5d39c3bcbabac42a7ac', 'sha256': 'f6f84a7a3056f5a60bb73594e9d08b1155f453f20285b0b46e06eae48acb84da'}, 'dob': {'date': '1956-04-28T08:32:48.192Z', 'age': 68}, 'registered': {'date': '2002-10-16T02:19:36.378Z', 'age': 21}, 'phone': '0095-5171323', 'cell': '0170-0687328', 'id': {'name': 'SVNR', 'value': '59 280456 S 877'}, 'picture': {'large': 'https://randomuser.me/api/portraits/women/14.jpg', 'medium': 'https://randomuser.me/api/portraits/med/women/14.jpg', 'thumbnail': 'https://randomuser.me/api/portraits/thumb/women/14.jpg'}, 'nat': 'DE'}</msg>
<arg>${json_data['results'][0]}</arg>
<doc>Logs the given message with the given level.</doc>
<status status="PASS" start="2024-07-01T04:18:00.232520" elapsed="0.000410"/>
</kw>
<kw name="Log" owner="BuiltIn">
<msg time="2024-07-01T04:18:00.233354" level="INFO">name</msg>
<arg>${key}</arg>
<doc>Logs the given message with the given level.</doc>
<status status="PASS" start="2024-07-01T04:18:00.233227" elapsed="0.000164"/>
</kw>
<var name="${key}">name</var>
<status status="PASS" start="2024-07-01T04:18:00.231802" elapsed="0.001804"/>
</iter>
<iter>
<kw name="Dictionary Should Contain Key" owner="Collections">
<arg>${json_data['results'][0]}</arg>
<arg>${key}</arg>
<doc>Fails if ``key`` is not found from ``dictionary``.</doc>
<status status="PASS" start="2024-07-01T04:18:00.233893" elapsed="0.000379"/>
</kw>
<kw name="Log" owner="BuiltIn">
<msg time="2024-07-01T04:18:00.234805" level="INFO">{'gender': 'female', 'name': {'title': 'Miss', 'first': 'Luise', 'last': 'Schwarze'}, 'location': {'street': {'number': 8322, 'name': 'Kapellenweg'}, 'city': 'Großbreitenbach', 'state': 'Baden-Württemberg', 'country': 'Germany', 'postcode': 60864, 'coordinates': {'latitude': '-48.3114', 'longitude': '54.9779'}, 'timezone': {'offset': '-5:00', 'description': 'Eastern Time (US &amp; Canada), Bogota, Lima'}}, 'email': 'luise.schwarze@example.com', 'login': {'uuid': 'ac03d750-9c29-4355-b3b4-183020f892b2', 'username': 'crazybird561', 'password': 'phillip', 'salt': 'VjJntuCp', 'md5': 'c0af292dd0d75217640d529e002c8d23', 'sha1': '38fb9fbd37e5b2b2ef2be5d39c3bcbabac42a7ac', 'sha256': 'f6f84a7a3056f5a60bb73594e9d08b1155f453f20285b0b46e06eae48acb84da'}, 'dob': {'date': '1956-04-28T08:32:48.192Z', 'age': 68}, 'registered': {'date': '2002-10-16T02:19:36.378Z', 'age': 21}, 'phone': '0095-5171323', 'cell': '0170-0687328', 'id': {'name': 'SVNR', 'value': '59 280456 S 877'}, 'picture': {'large': 'https://randomuser.me/api/portraits/women/14.jpg', 'medium': 'https://randomuser.me/api/portraits/med/women/14.jpg', 'thumbnail': 'https://randomuser.me/api/portraits/thumb/women/14.jpg'}, 'nat': 'DE'}</msg>
<arg>${json_data['results'][0]}</arg>
<doc>Logs the given message with the given level.</doc>
<status status="PASS" start="2024-07-01T04:18:00.234453" elapsed="0.000403"/>
</kw>
<kw name="Log" owner="BuiltIn">
<msg time="2024-07-01T04:18:00.235281" level="INFO">location</msg>
<arg>${key}</arg>
<doc>Logs the given message with the given level.</doc>
<status status="PASS" start="2024-07-01T04:18:00.235154" elapsed="0.000164"/>
</kw>
<var name="${key}">location</var>
<status status="PASS" start="2024-07-01T04:18:00.233784" elapsed="0.001788"/>
</iter>
<iter>
<kw name="Dictionary Should Contain Key" owner="Collections">
<arg>${json_data['results'][0]}</arg>
<arg>${key}</arg>
<doc>Fails if ``key`` is not found from ``dictionary``.</doc>
<status status="PASS" start="2024-07-01T04:18:00.235858" elapsed="0.000394"/>
</kw>
<kw name="Log" owner="BuiltIn">
<msg time="2024-07-01T04:18:00.236799" level="INFO">{'gender': 'female', 'name': {'title': 'Miss', 'first': 'Luise', 'last': 'Schwarze'}, 'location': {'street': {'number': 8322, 'name': 'Kapellenweg'}, 'city': 'Großbreitenbach', 'state': 'Baden-Württemberg', 'country': 'Germany', 'postcode': 60864, 'coordinates': {'latitude': '-48.3114', 'longitude': '54.9779'}, 'timezone': {'offset': '-5:00', 'description': 'Eastern Time (US &amp; Canada), Bogota, Lima'}}, 'email': 'luise.schwarze@example.com', 'login': {'uuid': 'ac03d750-9c29-4355-b3b4-183020f892b2', 'username': 'crazybird561', 'password': 'phillip', 'salt': 'VjJntuCp', 'md5': 'c0af292dd0d75217640d529e002c8d23', 'sha1': '38fb9fbd37e5b2b2ef2be5d39c3bcbabac42a7ac', 'sha256': 'f6f84a7a3056f5a60bb73594e9d08b1155f453f20285b0b46e06eae48acb84da'}, 'dob': {'date': '1956-04-28T08:32:48.192Z', 'age': 68}, 'registered': {'date': '2002-10-16T02:19:36.378Z', 'age': 21}, 'phone': '0095-5171323', 'cell': '0170-0687328', 'id': {'name': 'SVNR', 'value': '59 280456 S 877'}, 'picture': {'large': 'https://randomuser.me/api/portraits/women/14.jpg', 'medium': 'https://randomuser.me/api/portraits/med/women/14.jpg', 'thumbnail': 'https://randomuser.me/api/portraits/thumb/women/14.jpg'}, 'nat': 'DE'}</msg>
<arg>${json_data['results'][0]}</arg>
<doc>Logs the given message with the given level.</doc>
<status status="PASS" start="2024-07-01T04:18:00.236441" elapsed="0.000409"/>
</kw>
<kw name="Log" owner="BuiltIn">
<msg time="2024-07-01T04:18:00.237271" level="INFO">email</msg>
<arg>${key}</arg>
<doc>Logs the given message with the given level.</doc>
<status status="PASS" start="2024-07-01T04:18:00.237145" elapsed="0.000165"/>
</kw>
<var name="${key}">email</var>
<status status="PASS" start="2024-07-01T04:18:00.235750" elapsed="0.001781"/>
</iter>
<iter>
<kw name="Dictionary Should Contain Key" owner="Collections">
<arg>${json_data['results'][0]}</arg>
<arg>${key}</arg>
<doc>Fails if ``key`` is not found from ``dictionary``.</doc>
<status status="PASS" start="2024-07-01T04:18:00.237820" elapsed="0.000384"/>
</kw>
<kw name="Log" owner="BuiltIn">
<msg time="2024-07-01T04:18:00.238736" level="INFO">{'gender': 'female', 'name': {'title': 'Miss', 'first': 'Luise', 'last': 'Schwarze'}, 'location': {'street': {'number': 8322, 'name': 'Kapellenweg'}, 'city': 'Großbreitenbach', 'state': 'Baden-Württemberg', 'country': 'Germany', 'postcode': 60864, 'coordinates': {'latitude': '-48.3114', 'longitude': '54.9779'}, 'timezone': {'offset': '-5:00', 'description': 'Eastern Time (US &amp; Canada), Bogota, Lima'}}, 'email': 'luise.schwarze@example.com', 'login': {'uuid': 'ac03d750-9c29-4355-b3b4-183020f892b2', 'username': 'crazybird561', 'password': 'phillip', 'salt': 'VjJntuCp', 'md5': 'c0af292dd0d75217640d529e002c8d23', 'sha1': '38fb9fbd37e5b2b2ef2be5d39c3bcbabac42a7ac', 'sha256': 'f6f84a7a3056f5a60bb73594e9d08b1155f453f20285b0b46e06eae48acb84da'}, 'dob': {'date': '1956-04-28T08:32:48.192Z', 'age': 68}, 'registered': {'date': '2002-10-16T02:19:36.378Z', 'age': 21}, 'phone': '0095-5171323', 'cell': '0170-0687328', 'id': {'name': 'SVNR', 'value': '59 280456 S 877'}, 'picture': {'large': 'https://randomuser.me/api/portraits/women/14.jpg', 'medium': 'https://randomuser.me/api/portraits/med/women/14.jpg', 'thumbnail': 'https://randomuser.me/api/portraits/thumb/women/14.jpg'}, 'nat': 'DE'}</msg>
<arg>${json_data['results'][0]}</arg>
<doc>Logs the given message with the given level.</doc>
<status status="PASS" start="2024-07-01T04:18:00.238384" elapsed="0.000403"/>
</kw>
<kw name="Log" owner="BuiltIn">
<msg time="2024-07-01T04:18:00.239201" level="INFO">login</msg>
<arg>${key}</arg>
<doc>Logs the given message with the given level.</doc>
<status status="PASS" start="2024-07-01T04:18:00.239076" elapsed="0.000162"/>
</kw>
<var name="${key}">login</var>
<status status="PASS" start="2024-07-01T04:18:00.237702" elapsed="0.001747"/>
</iter>
<var>${key}</var>
<value>@{expected_keys}</value>
<status status="PASS" start="2024-07-01T04:18:00.229585" elapsed="0.010050"/>
</for>
<kw name="Create List" owner="BuiltIn">
<msg time="2024-07-01T04:18:00.239984" level="INFO">${expected_keysTwo} = ['username', 'password']</msg>
<var>${expected_keysTwo}</var>
<arg>username</arg>
<arg>password</arg>
<doc>Returns a list containing given items.</doc>
<status status="PASS" start="2024-07-01T04:18:00.239839" elapsed="0.000170"/>
</kw>
<for flavor="IN">
<iter>
<kw name="Dictionary Should Contain Key" owner="Collections">
<arg>${json_data['results'][0]['login']}</arg>
<arg>${keyTwo}</arg>
<doc>Fails if ``key`` is not found from ``dictionary``.</doc>
<status status="PASS" start="2024-07-01T04:18:00.240505" elapsed="0.000390"/>
</kw>
<kw name="Dictionary Should Contain Key" owner="Collections">
<arg>${json_data['results'][0]['login']}</arg>
<arg>${keyTwo}</arg>
<doc>Fails if ``key`` is not found from ``dictionary``.</doc>
<status status="PASS" start="2024-07-01T04:18:00.241073" elapsed="0.000369"/>
</kw>
<kw name="Log" owner="BuiltIn">
<msg time="2024-07-01T04:18:00.241743" level="INFO">username</msg>
<arg>${keyTwo}</arg>
<doc>Logs the given message with the given level.</doc>
<status status="PASS" start="2024-07-01T04:18:00.241624" elapsed="0.000156"/>
</kw>
<var name="${keyTwo}">username</var>
<status status="PASS" start="2024-07-01T04:18:00.240398" elapsed="0.001603"/>
</iter>
<iter>
<kw name="Dictionary Should Contain Key" owner="Collections">
<arg>${json_data['results'][0]['login']}</arg>
<arg>${keyTwo}</arg>
<doc>Fails if ``key`` is not found from ``dictionary``.</doc>
<status status="PASS" start="2024-07-01T04:18:00.242276" elapsed="0.000382"/>
</kw>
<kw name="Dictionary Should Contain Key" owner="Collections">
<arg>${json_data['results'][0]['login']}</arg>
<arg>${keyTwo}</arg>
<doc>Fails if ``key`` is not found from ``dictionary``.</doc>
<status status="PASS" start="2024-07-01T04:18:00.242833" elapsed="0.000369"/>
</kw>
<kw name="Log" owner="BuiltIn">
<msg time="2024-07-01T04:18:00.243522" level="INFO">password</msg>
<arg>${keyTwo}</arg>
<doc>Logs the given message with the given level.</doc>
<status status="PASS" start="2024-07-01T04:18:00.243376" elapsed="0.000191"/>
</kw>
<var name="${keyTwo}">password</var>
<status status="PASS" start="2024-07-01T04:18:00.242171" elapsed="0.001721"/>
</iter>
<var>${keyTwo}</var>
<value>@{expected_keysTwo}</value>
<status status="PASS" start="2024-07-01T04:18:00.240245" elapsed="0.003768"/>
</for>
<status status="PASS" start="2024-07-01T04:18:00.096146" elapsed="0.148008"/>
</kw>
<doc>Testa a estrutura da resposta da API.</doc>
<tag>testeEstruturaResposta</tag>
<status status="PASS" start="2024-07-01T04:18:00.095330" elapsed="0.148978"/>
</test>
<test id="s1-s1-t4" name="Validar tipos de dados" line="28">
<kw name="Teste de Tipos de Dados" owner="random-user-service">
<kw name="GET On Session" owner="RequestsLibrary">
<msg time="2024-07-01T04:18:00.320814" level="INFO">GET Request : url=https://randomuser.me/api 
 path_url=/api 
 headers={'User-Agent': 'python-requests/2.32.3', 'Accept-Encoding': 'gzip, deflate', 'Accept': '*/*', 'Connection': 'keep-alive'} 
 body=None 
 </msg>
<msg time="2024-07-01T04:18:00.320890" level="INFO">GET Response : url=https://randomuser.me/api 
 status=200, reason=OK 
 headers={'Date': 'Mon, 01 Jul 2024 04:18:00 GMT', 'Content-Type': 'application/json; charset=utf-8', 'Transfer-Encoding': 'chunked', 'Connection': 'keep-alive', 'X-Powered-By': 'Express', 'Access-Control-Allow-Origin': '*', 'Cache-Control': 'no-cache', 'ETag': 'W/"491-6KH1vDTGlTNXzHx7v8FHKsiRzuU"', 'Vary': 'Accept-Encoding', 'Content-Encoding': 'gzip', 'CF-Cache-Status': 'DYNAMIC', 'Report-To': '{"endpoints":[{"url":"https:\\/\\/a.nel.cloudflare.com\\/report\\/v4?s=mJmneSwKoB5f7sFTFWS3yzVcUwz8fxZocf7UUkcZZSVmZoY%2B%2F8SagsFONEjyC%2Bu2VGjaFUxi%2F%2Fplim0idh79O6ufIRAQ2VEtQ9bBKDW2TF8p%2Fu3BrW%2BimLmXQk%2BKNlwl"}],"group":"cf-nel","max_age":604800}', 'NEL': '{"success_fraction":0,"report_to":"cf-nel","max_age":604800}', 'Server': 'cloudflare', 'CF-RAY': '89c396ef8c5002bc-ORD', 'alt-svc': 'h3=":443"; ma=86400'} 
 body={"results":[{"gender":"female","name":{"title":"Miss","first":"Maria","last":"Davis"},"location":{"street":{"number":2819,"name":"Stanley Road"},"city":"Kingston upon Hull","state":"Lincolnshire","country":"United Kingdom","postcode":"E4 6NN","coordinates":{"latitude":"-12.1703","longitude":"29.9187"},"timezone":{"offset":"+5:45","description":"Kathmandu"}},"email":"maria.davis@example.com","login":{"uuid":"a34b4c69-5477-40bd-a653-3e8ee4019a66","username":"brownduck890","password":"elliott","salt":"sCCcU2PA","md5":"5441e8c618e85e84c4ab88d121705b15","sha1":"9363000782091a5e0d44732146b0c0dbad3270c5","sha256":"05e790b7ab8ff9ed2eba1d7e12943df5bfa19f72d03c4bc3e30bf94de9e851b0"},"dob":{"date":"1976-06-24T14:51:50.925Z","age":48},"registered":{"date":"2020-02-16T09:15:08.200Z","age":4},"phone":"015242 69980","cell":"07603 159524","id":{"name":"NINO","value":"OK 71 36 03 V"},"picture":{"large":"https://randomuser.me/api/portraits/women/85.jpg","medium":"https://randomuser.me/api/portraits/med/women/85.jpg","thumbnail":"https://randomuser.me/api/portraits/thumb/women/85.jpg"},"nat":"GB"}],"info":{"seed":"bd12c8d2576f197c","results":1,"page":1,"version":"1.4"}} 
 </msg>
<msg time="2024-07-01T04:18:00.320956" level="INFO">/opt/hostedtoolcache/Python/3.12.4/x64/lib/python3.12/site-packages/urllib3/connectionpool.py:1099: InsecureRequestWarning: Unverified HTTPS request is being made to host 'randomuser.me'. Adding certificate verification is strongly advised. See: https://urllib3.readthedocs.io/en/latest/advanced-usage.html#tls-warnings
  warnings.warn(</msg>
<msg time="2024-07-01T04:18:00.321061" level="INFO">${response} = &lt;Response [200]&gt;</msg>
<var>${response}</var>
<arg>consultarAPI</arg>
<arg>/api</arg>
<doc>Sends a GET request on a previously created HTTP Session.</doc>
<status status="PASS" start="2024-07-01T04:18:00.246845" elapsed="0.074268"/>
</kw>
<kw name="Set Variable" owner="BuiltIn">
<msg time="2024-07-01T04:18:00.322155" level="INFO">${json_data} = {'results': [{'gender': 'female', 'name': {'title': 'Miss', 'first': 'Maria', 'last': 'Davis'}, 'location': {'street': {'number': 2819, 'name': 'Stanley Road'}, 'city': 'Kingston upon Hull', 'state': ...</msg>
<var>${json_data}</var>
<arg>${response.json()}</arg>
<doc>Returns the given values which can then be assigned to a variables.</doc>
<status status="PASS" start="2024-07-01T04:18:00.321591" elapsed="0.000596"/>
</kw>
<kw name="Log" owner="BuiltIn">
<msg time="2024-07-01T04:18:00.322645" level="INFO">{'results': [{'gender': 'female', 'name': {'title': 'Miss', 'first': 'Maria', 'last': 'Davis'}, 'location': {'street': {'number': 2819, 'name': 'Stanley Road'}, 'city': 'Kingston upon Hull', 'state': 'Lincolnshire', 'country': 'United Kingdom', 'postcode': 'E4 6NN', 'coordinates': {'latitude': '-12.1703', 'longitude': '29.9187'}, 'timezone': {'offset': '+5:45', 'description': 'Kathmandu'}}, 'email': 'maria.davis@example.com', 'login': {'uuid': 'a34b4c69-5477-40bd-a653-3e8ee4019a66', 'username': 'brownduck890', 'password': 'elliott', 'salt': 'sCCcU2PA', 'md5': '5441e8c618e85e84c4ab88d121705b15', 'sha1': '9363000782091a5e0d44732146b0c0dbad3270c5', 'sha256': '05e790b7ab8ff9ed2eba1d7e12943df5bfa19f72d03c4bc3e30bf94de9e851b0'}, 'dob': {'date': '1976-06-24T14:51:50.925Z', 'age': 48}, 'registered': {'date': '2020-02-16T09:15:08.200Z', 'age': 4}, 'phone': '015242 69980', 'cell': '07603 159524', 'id': {'name': 'NINO', 'value': 'OK 71 36 03 V'}, 'picture': {'large': 'https://randomuser.me/api/portraits/women/85.jpg', 'medium': 'https://randomuser.me/api/portraits/med/women/85.jpg', 'thumbnail': 'https://randomuser.me/api/portraits/thumb/women/85.jpg'}, 'nat': 'GB'}], 'info': {'seed': 'bd12c8d2576f197c', 'results': 1, 'page': 1, 'version': '1.4'}}</msg>
<arg>${json_data}</arg>
<doc>Logs the given message with the given level.</doc>
<status status="PASS" start="2024-07-01T04:18:00.322489" elapsed="0.000201"/>
</kw>
<kw name="Should Be String" owner="String">
<arg>${json_data['results'][0]['gender']}</arg>
<doc>Fails if the given ``item`` is not a string.</doc>
<status status="PASS" start="2024-07-01T04:18:00.322979" elapsed="0.000389"/>
</kw>
<kw name="Should Match Regexp" owner="BuiltIn">
<arg>${json_data['results'][0]['email']}</arg>
<arg>^[a-zA-Z0-9._%+-]+@[a-zA-Z0-9.-]+\.[a-zA-Z]{2,}$</arg>
<doc>Fails if ``string`` does not match ``pattern`` as a regular expression.</doc>
<status status="PASS" start="2024-07-01T04:18:00.323594" elapsed="0.000514"/>
</kw>
<kw name="Should Match Regexp" owner="BuiltIn">
<arg>${json_data['results'][0]['dob']['date']}</arg>
<arg>\\d{4}-\\d{2}-\\d{2}T\\d{2}:\\d{2}:\\d{2}\\.\\d{3}Z</arg>
<doc>Fails if ``string`` does not match ``pattern`` as a regular expression.</doc>
<status status="PASS" start="2024-07-01T04:18:00.324300" elapsed="0.000478"/>
</kw>
<kw name="Should Match Regexp" owner="BuiltIn">
<arg>${json_data['results'][0]['registered']['date']}</arg>
<arg>\\d{4}-\\d{2}-\\d{2}T\\d{2}:\\d{2}:\\d{2}\\.\\d{3}Z</arg>
<doc>Fails if ``string`` does not match ``pattern`` as a regular expression.</doc>
<status status="PASS" start="2024-07-01T04:18:00.324967" elapsed="0.000373"/>
</kw>
<kw name="Should Match Regexp" owner="BuiltIn">
<arg>${json_data['results'][0]['picture']['large']}</arg>
<arg>^https?://.*\.(?:png|jpe?g|gif|bmp)$</arg>
<doc>Fails if ``string`` does not match ``pattern`` as a regular expression.</doc>
<status status="PASS" start="2024-07-01T04:18:00.325527" elapsed="0.000452"/>
</kw>
<kw name="Should Match Regexp" owner="BuiltIn">
<arg>${json_data['results'][0]['picture']['medium']}</arg>
<arg>^https?://.*\.(?:png|jpe?g|gif|bmp)$</arg>
<doc>Fails if ``string`` does not match ``pattern`` as a regular expression.</doc>
<status status="PASS" start="2024-07-01T04:18:00.326168" elapsed="0.000348"/>
</kw>
<kw name="Should Match Regexp" owner="BuiltIn">
<arg>${json_data['results'][0]['picture']['thumbnail']}</arg>
<arg>^https?://.*\.(?:png|jpe?g|gif|bmp)$</arg>
<doc>Fails if ``string`` does not match ``pattern`` as a regular expression.</doc>
<status status="PASS" start="2024-07-01T04:18:00.326702" elapsed="0.000348"/>
</kw>
<kw name="Log" owner="BuiltIn">
<msg time="2024-07-01T04:18:00.327607" level="INFO">{'large': 'https://randomuser.me/api/portraits/women/85.jpg', 'medium': 'https://randomuser.me/api/portraits/med/women/85.jpg', 'thumbnail': 'https://randomuser.me/api/portraits/thumb/women/85.jpg'}</msg>
<arg>${json_data['results'][0]['picture']}</arg>
<doc>Logs the given message with the given level.</doc>
<status status="PASS" start="2024-07-01T04:18:00.327237" elapsed="0.000412"/>
</kw>
<status status="PASS" start="2024-07-01T04:18:00.246613" elapsed="0.081289"/>
</kw>
<kw name="Teste de Tipos de Dados - Postcode" owner="random-user-service">
<kw name="GET On Session" owner="RequestsLibrary">
<msg time="2024-07-01T04:18:00.436072" level="INFO">GET Request : url=https://randomuser.me/api 
 path_url=/api 
 headers={'User-Agent': 'python-requests/2.32.3', 'Accept-Encoding': 'gzip, deflate', 'Accept': '*/*', 'Connection': 'keep-alive'} 
 body=None 
 </msg>
<msg time="2024-07-01T04:18:00.436187" level="INFO">GET Response : url=https://randomuser.me/api 
 status=200, reason=OK 
 headers={'Date': 'Mon, 01 Jul 2024 04:18:00 GMT', 'Content-Type': 'application/json; charset=utf-8', 'Transfer-Encoding': 'chunked', 'Connection': 'keep-alive', 'X-Powered-By': 'Express', 'Access-Control-Allow-Origin': '*', 'Cache-Control': 'no-cache', 'ETag': 'W/"48f-vGQ2ABbEOXUoht3AWtxBY3to+J8"', 'Vary': 'Accept-Encoding', 'Content-Encoding': 'gzip', 'CF-Cache-Status': 'DYNAMIC', 'Report-To': '{"endpoints":[{"url":"https:\\/\\/a.nel.cloudflare.com\\/report\\/v4?s=2C5TUktsu%2Bbvjn7Nx4sCH%2FJB09U05uiydSns9htFkXZHNFoKMY6jPASUw%2FsjdWi2a1XBAO5KjnqcQ3iKMVWwVmmFNEhM47jYcJIe36%2FYqLYv7QHgPH3v8CmenIViVnGy"}],"group":"cf-nel","max_age":604800}', 'NEL': '{"success_fraction":0,"report_to":"cf-nel","max_age":604800}', 'Server': 'cloudflare', 'CF-RAY': '89c396f00cc202bc-ORD', 'alt-svc': 'h3=":443"; ma=86400'} 
 body={"results":[{"gender":"male","name":{"title":"Mr","first":"علی رضا","last":"جعفری"},"location":{"street":{"number":9105,"name":"شهید شواخ"},"city":"آمل","state":"بوشهر","country":"Iran","postcode":97986,"coordinates":{"latitude":"15.2018","longitude":"-90.4066"},"timezone":{"offset":"-4:00","description":"Atlantic Time (Canada), Caracas, La Paz"}},"email":"aalyrd.jaafry@example.com","login":{"uuid":"a14e703f-3e59-489a-acc6-9fbf320bd532","username":"silverkoala635","password":"shou","salt":"p4uLGJPj","md5":"04d9d0f5d4ed3b64599e8c725d5580ed","sha1":"5a5c0bf6f2cd61907b20aeeb7ec4e1416d07a70c","sha256":"dbb2cf256e14fa9049247fe21f018fbd92a7572854cd295dc4c554f366348ffd"},"dob":{"date":"1999-03-25T12:22:14.755Z","age":25},"registered":{"date":"2017-03-28T07:11:54.806Z","age":7},"phone":"021-07832117","cell":"0904-996-6398","id":{"name":"","value":null},"picture":{"large":"https://randomuser.me/api/portraits/men/96.jpg","medium":"https://randomuser.me/api/portraits/med/men/96.jpg","thumbnail":"https://randomuser.me/api/portraits/thumb/men/96.jpg"},"nat":"IR"}],"info":{"seed":"be0ae345bf7bcde7","results":1,"page":1,"version":"1.4"}} 
 </msg>
<msg time="2024-07-01T04:18:00.436272" level="INFO">/opt/hostedtoolcache/Python/3.12.4/x64/lib/python3.12/site-packages/urllib3/connectionpool.py:1099: InsecureRequestWarning: Unverified HTTPS request is being made to host 'randomuser.me'. Adding certificate verification is strongly advised. See: https://urllib3.readthedocs.io/en/latest/advanced-usage.html#tls-warnings
  warnings.warn(</msg>
<msg time="2024-07-01T04:18:00.436414" level="INFO">${response} = &lt;Response [200]&gt;</msg>
<var>${response}</var>
<arg>consultarAPI</arg>
<arg>/api</arg>
<doc>Sends a GET request on a previously created HTTP Session.</doc>
<status status="PASS" start="2024-07-01T04:18:00.328334" elapsed="0.108130"/>
</kw>
<kw name="Set Variable" owner="BuiltIn">
<msg time="2024-07-01T04:18:00.437665" level="INFO">${json_data} = {'results': [{'gender': 'male', 'name': {'title': 'Mr', 'first': 'علی رضا', 'last': 'جعفری'}, 'location': {'street': {'number': 9105, 'name': 'شهید شواخ'}, 'city': 'آمل', 'state': 'بوشهر', 'country': ...</msg>
<var>${json_data}</var>
<arg>${response.json()}</arg>
<doc>Returns the given values which can then be assigned to a variables.</doc>
<status status="PASS" start="2024-07-01T04:18:00.437095" elapsed="0.000602"/>
</kw>
<kw name="Log" owner="BuiltIn">
<msg time="2024-07-01T04:18:00.438206" level="INFO">{'results': [{'gender': 'male', 'name': {'title': 'Mr', 'first': 'علی رضا', 'last': 'جعفری'}, 'location': {'street': {'number': 9105, 'name': 'شهید شواخ'}, 'city': 'آمل', 'state': 'بوشهر', 'country': 'Iran', 'postcode': 97986, 'coordinates': {'latitude': '15.2018', 'longitude': '-90.4066'}, 'timezone': {'offset': '-4:00', 'description': 'Atlantic Time (Canada), Caracas, La Paz'}}, 'email': 'aalyrd.jaafry@example.com', 'login': {'uuid': 'a14e703f-3e59-489a-acc6-9fbf320bd532', 'username': 'silverkoala635', 'password': 'shou', 'salt': 'p4uLGJPj', 'md5': '04d9d0f5d4ed3b64599e8c725d5580ed', 'sha1': '5a5c0bf6f2cd61907b20aeeb7ec4e1416d07a70c', 'sha256': 'dbb2cf256e14fa9049247fe21f018fbd92a7572854cd295dc4c554f366348ffd'}, 'dob': {'date': '1999-03-25T12:22:14.755Z', 'age': 25}, 'registered': {'date': '2017-03-28T07:11:54.806Z', 'age': 7}, 'phone': '021-07832117', 'cell': '0904-996-6398', 'id': {'name': '', 'value': None}, 'picture': {'large': 'https://randomuser.me/api/portraits/men/96.jpg', 'medium': 'https://randomuser.me/api/portraits/med/men/96.jpg', 'thumbnail': 'https://randomuser.me/api/portraits/thumb/men/96.jpg'}, 'nat': 'IR'}], 'info': {'seed': 'be0ae345bf7bcde7', 'results': 1, 'page': 1, 'version': '1.4'}}</msg>
<arg>${json_data}</arg>
<doc>Logs the given message with the given level.</doc>
<status status="PASS" start="2024-07-01T04:18:00.438016" elapsed="0.000241"/>
</kw>
<kw name="Should Be Equal As Numbers" owner="BuiltIn">
<arg>${json_data['results'][0]['location']['postcode']}</arg>
<arg>${json_data['results'][0]['location']['postcode']}</arg>
<doc>Fails if objects are unequal after converting them to real numbers.</doc>
<status status="PASS" start="2024-07-01T04:18:00.438556" elapsed="0.000626"/>
</kw>
<kw name="Log" owner="BuiltIn">
<msg time="2024-07-01T04:18:00.439951" level="INFO">97986</msg>
<arg>${json_data['results'][0]['location']['postcode']}</arg>
<doc>Logs the given message with the given level.</doc>
<status status="PASS" start="2024-07-01T04:18:00.439412" elapsed="0.000581"/>
</kw>
<status status="PASS" start="2024-07-01T04:18:00.328114" elapsed="0.112163"/>
</kw>
<doc>Testa se os tipos de dados na resposta da API estão corretos.</doc>
<tag>testeTiposDados</tag>
<status status="PASS" start="2024-07-01T04:18:00.246057" elapsed="0.194406"/>
</test>
<test id="s1-s1-t5" name="Validar conteudo" line="35">
<kw name="Teste de Tipos de Conteudo" owner="random-user-service">
<kw name="GET On Session" owner="RequestsLibrary">
<msg time="2024-07-01T04:18:00.494772" level="INFO">GET Request : url=https://randomuser.me/api 
 path_url=/api 
 headers={'User-Agent': 'python-requests/2.32.3', 'Accept-Encoding': 'gzip, deflate', 'Accept': '*/*', 'Connection': 'keep-alive'} 
 body=None 
 </msg>
<msg time="2024-07-01T04:18:00.494851" level="INFO">GET Response : url=https://randomuser.me/api 
 status=200, reason=OK 
 headers={'Date': 'Mon, 01 Jul 2024 04:18:00 GMT', 'Content-Type': 'application/json; charset=utf-8', 'Transfer-Encoding': 'chunked', 'Connection': 'keep-alive', 'X-Powered-By': 'Express', 'Access-Control-Allow-Origin': '*', 'Cache-Control': 'no-cache', 'ETag': 'W/"48f-wjM2obxDTG8YyJ96o3ybMdnzEBs"', 'Vary': 'Accept-Encoding', 'Content-Encoding': 'gzip', 'CF-Cache-Status': 'DYNAMIC', 'Report-To': '{"endpoints":[{"url":"https:\\/\\/a.nel.cloudflare.com\\/report\\/v4?s=R4cWOzArLLk8G9kOA7dbQPBhvUQhnrfbefpYGYr6Nov125XETVT9MQ5L0eAsZXThFAZaKrUw5GBf4NlMPUBYED8USljqDBUgmYXPvMnS5I5rgFctLzdFSmtYHPykP9V3"}],"group":"cf-nel","max_age":604800}', 'NEL': '{"success_fraction":0,"report_to":"cf-nel","max_age":604800}', 'Server': 'cloudflare', 'CF-RAY': '89c396f0cd7602bc-ORD', 'alt-svc': 'h3=":443"; ma=86400'} 
 body={"results":[{"gender":"male","name":{"title":"Mr","first":"Salih","last":"Fuchs"},"location":{"street":{"number":6168,"name":"Schulweg"},"city":"Kindelbrück","state":"Brandenburg","country":"Germany","postcode":47974,"coordinates":{"latitude":"-49.3733","longitude":"-47.8778"},"timezone":{"offset":"-7:00","description":"Mountain Time (US &amp; Canada)"}},"email":"salih.fuchs@example.com","login":{"uuid":"d339d736-9a6e-4215-8fd6-3032d4e605af","username":"ticklishgorilla281","password":"westside","salt":"LOx5lhuG","md5":"a53d44685be2b3a7819e734bf6f0e1f9","sha1":"8751873f1ac1455b4b61439efdbb4aefcc8f3216","sha256":"b67034ce0fa630c1d95cb35f58c31ae951f90049f2d102d25b87626b2ba5f213"},"dob":{"date":"1945-07-07T07:53:37.607Z","age":78},"registered":{"date":"2006-02-02T02:48:08.837Z","age":18},"phone":"0839-4036947","cell":"0170-2835107","id":{"name":"SVNR","value":"56 070745 F 219"},"picture":{"large":"https://randomuser.me/api/portraits/men/14.jpg","medium":"https://randomuser.me/api/portraits/med/men/14.jpg","thumbnail":"https://randomuser.me/api/portraits/thumb/men/14.jpg"},"nat":"DE"}],"info":{"seed":"0e57419dc165e90d","results":1,"page":1,"version":"1.4"}} 
 </msg>
<msg time="2024-07-01T04:18:00.494932" level="INFO">/opt/hostedtoolcache/Python/3.12.4/x64/lib/python3.12/site-packages/urllib3/connectionpool.py:1099: InsecureRequestWarning: Unverified HTTPS request is being made to host 'randomuser.me'. Adding certificate verification is strongly advised. See: https://urllib3.readthedocs.io/en/latest/advanced-usage.html#tls-warnings
  warnings.warn(</msg>
<msg time="2024-07-01T04:18:00.495037" level="INFO">${response} = &lt;Response [200]&gt;</msg>
<var>${response}</var>
<arg>consultarAPI</arg>
<arg>/api</arg>
<doc>Sends a GET request on a previously created HTTP Session.</doc>
<status status="PASS" start="2024-07-01T04:18:00.442966" elapsed="0.052117"/>
</kw>
<kw name="Set Variable" owner="BuiltIn">
<msg time="2024-07-01T04:18:00.496029" level="INFO">${json_data} = {'results': [{'gender': 'male', 'name': {'title': 'Mr', 'first': 'Salih', 'last': 'Fuchs'}, 'location': {'street': {'number': 6168, 'name': 'Schulweg'}, 'city': 'Kindelbrück', 'state': 'Brandenburg', ...</msg>
<var>${json_data}</var>
<arg>${response.json()}</arg>
<doc>Returns the given values which can then be assigned to a variables.</doc>
<status status="PASS" start="2024-07-01T04:18:00.495578" elapsed="0.000481"/>
</kw>
<kw name="Set Variable" owner="BuiltIn">
<msg time="2024-07-01T04:18:00.496748" level="INFO">${name_title} = Mr</msg>
<var>${name_title}</var>
<arg>${json_data["results"][0]["name"]["title"]}</arg>
<doc>Returns the given values which can then be assigned to a variables.</doc>
<status status="PASS" start="2024-07-01T04:18:00.496363" elapsed="0.000410"/>
</kw>
<kw name="Create List" owner="BuiltIn">
<msg time="2024-07-01T04:18:00.497220" level="INFO">${allowed_titles} = ['Mr', 'Ms', 'Miss', 'Mrs', 'Madame', 'Monsieur']</msg>
<var>${allowed_titles}</var>
<arg>Mr</arg>
<arg>Ms</arg>
<arg>Miss</arg>
<arg>Mrs</arg>
<arg>Madame</arg>
<arg>Monsieur</arg>
<doc>Returns a list containing given items.</doc>
<status status="PASS" start="2024-07-01T04:18:00.497072" elapsed="0.000172"/>
</kw>
<kw name="List Should Contain Value" owner="Collections">
<arg>${allowed_titles}</arg>
<arg>${name_title}</arg>
<doc>Fails if the ``value`` is not found from ``list``.</doc>
<status status="PASS" start="2024-07-01T04:18:00.497539" elapsed="0.000179"/>
</kw>
<kw name="Set Variable" owner="BuiltIn">
<msg time="2024-07-01T04:18:00.498267" level="INFO">${name_country} = DE</msg>
<var>${name_country}</var>
<arg>${json_data["results"][0]["nat"]}</arg>
<doc>Returns the given values which can then be assigned to a variables.</doc>
<status status="PASS" start="2024-07-01T04:18:00.497900" elapsed="0.000392"/>
</kw>
<kw name="Create List" owner="BuiltIn">
<msg time="2024-07-01T04:18:00.499207" level="INFO">${list_country} = ['AD', 'AE', 'AF', 'AG', 'AI', 'AL', 'AM', 'AO', 'AQ', 'AR', 'AS', 'AT', 'AU', 'AW', 'AX', 'AZ', 'BA', 'BB', 'BD', 'BE', 'BF', 'BG', 'BH', 'BI', 'BJ', 'BL', 'BM', 'BN', 'BO', 'BQ', 'BR', 'BS', 'BT', '...</msg>
<var>${list_country}</var>
<arg>AD</arg>
<arg>AE</arg>
<arg>AF</arg>
<arg>AG</arg>
<arg>AI</arg>
<arg>AL</arg>
<arg>AM</arg>
<arg>AO</arg>
<arg>AQ</arg>
<arg>AR</arg>
<arg>AS</arg>
<arg>AT</arg>
<arg>AU</arg>
<arg>AW</arg>
<arg>AX</arg>
<arg>AZ</arg>
<arg>BA</arg>
<arg>BB</arg>
<arg>BD</arg>
<arg>BE</arg>
<arg>BF</arg>
<arg>BG</arg>
<arg>BH</arg>
<arg>BI</arg>
<arg>BJ</arg>
<arg>BL</arg>
<arg>BM</arg>
<arg>BN</arg>
<arg>BO</arg>
<arg>BQ</arg>
<arg>BR</arg>
<arg>BS</arg>
<arg>BT</arg>
<arg>BV</arg>
<arg>BW</arg>
<arg>BY</arg>
<arg>BZ</arg>
<arg>CA</arg>
<arg>CC</arg>
<arg>CD</arg>
<arg>CF</arg>
<arg>CG</arg>
<arg>CH</arg>
<arg>CI</arg>
<arg>CK</arg>
<arg>CL</arg>
<arg>CM</arg>
<arg>CN</arg>
<arg>CO</arg>
<arg>CR</arg>
<arg>CU</arg>
<arg>CV</arg>
<arg>CW</arg>
<arg>CX</arg>
<arg>CY</arg>
<arg>CZ</arg>
<arg>DE</arg>
<arg>DJ</arg>
<arg>DK</arg>
<arg>DM</arg>
<arg>DO</arg>
<arg>DZ</arg>
<arg>EC</arg>
<arg>EE</arg>
<arg>EG</arg>
<arg>EH</arg>
<arg>ER</arg>
<arg>ES</arg>
<arg>ET</arg>
<arg>FI</arg>
<arg>FJ</arg>
<arg>FK</arg>
<arg>FM</arg>
<arg>FO</arg>
<arg>FR</arg>
<arg>GA</arg>
<arg>GB</arg>
<arg>GD</arg>
<arg>GE</arg>
<arg>GF</arg>
<arg>GG</arg>
<arg>GH</arg>
<arg>GI</arg>
<arg>GL</arg>
<arg>GM</arg>
<arg>GN</arg>
<arg>GP</arg>
<arg>GQ</arg>
<arg>GR</arg>
<arg>GS</arg>
<arg>GT</arg>
<arg>GU</arg>
<arg>GW</arg>
<arg>GY</arg>
<arg>HK</arg>
<arg>HM</arg>
<arg>HN</arg>
<arg>HR</arg>
<arg>HT</arg>
<arg>HU</arg>
<arg>ID</arg>
<arg>IE</arg>
<arg>IL</arg>
<arg>IM</arg>
<arg>IN</arg>
<arg>IO</arg>
<arg>IQ</arg>
<arg>IR</arg>
<arg>IS</arg>
<arg>IT</arg>
<arg>JE</arg>
<arg>JM</arg>
<arg>JO</arg>
<arg>JP</arg>
<arg>KE</arg>
<arg>KG</arg>
<arg>KH</arg>
<arg>KI</arg>
<arg>KM</arg>
<arg>KN</arg>
<arg>KP</arg>
<arg>KR</arg>
<arg>KW</arg>
<arg>KY</arg>
<arg>KZ</arg>
<arg>LA</arg>
<arg>LB</arg>
<arg>LC</arg>
<arg>LI</arg>
<arg>LK</arg>
<arg>LR</arg>
<arg>LS</arg>
<arg>LT</arg>
<arg>LU</arg>
<arg>LV</arg>
<arg>LY</arg>
<arg>MA</arg>
<arg>MC</arg>
<arg>MD</arg>
<arg>ME</arg>
<arg>MF</arg>
<arg>MG</arg>
<arg>MH</arg>
<arg>MK</arg>
<arg>ML</arg>
<arg>MM</arg>
<arg>MN</arg>
<arg>MO</arg>
<arg>MP</arg>
<arg>MQ</arg>
<arg>MR</arg>
<arg>MS</arg>
<arg>MT</arg>
<arg>MU</arg>
<arg>MV</arg>
<arg>MW</arg>
<arg>MX</arg>
<arg>MY</arg>
<arg>MZ</arg>
<arg>NA</arg>
<arg>NC</arg>
<arg>NE</arg>
<arg>NF</arg>
<arg>NG</arg>
<arg>NI</arg>
<arg>NL</arg>
<arg>NO</arg>
<arg>NP</arg>
<arg>NR</arg>
<arg>NU</arg>
<arg>NZ</arg>
<arg>OM</arg>
<arg>PA</arg>
<arg>PE</arg>
<arg>PF</arg>
<arg>PG</arg>
<arg>PH</arg>
<arg>PK</arg>
<arg>PL</arg>
<arg>PM</arg>
<arg>PN</arg>
<arg>PR</arg>
<arg>PS</arg>
<arg>PT</arg>
<arg>PW</arg>
<arg>PY</arg>
<arg>QA</arg>
<arg>RE</arg>
<arg>RO</arg>
<arg>RS</arg>
<arg>RU</arg>
<arg>RW</arg>
<arg>SA</arg>
<arg>SB</arg>
<arg>SC</arg>
<arg>SD</arg>
<arg>SE</arg>
<arg>SG</arg>
<arg>SH</arg>
<arg>SI</arg>
<arg>SJ</arg>
<arg>SK</arg>
<arg>SL</arg>
<arg>SM</arg>
<arg>SN</arg>
<arg>SO</arg>
<arg>SR</arg>
<arg>SS</arg>
<arg>ST</arg>
<arg>SV</arg>
<arg>SX</arg>
<arg>SY</arg>
<arg>SZ</arg>
<arg>TC</arg>
<arg>TD</arg>
<arg>TF</arg>
<arg>TG</arg>
<arg>TH</arg>
<arg>TJ</arg>
<arg>TK</arg>
<arg>TL</arg>
<arg>TM</arg>
<arg>TN</arg>
<arg>TO</arg>
<arg>TR</arg>
<arg>TT</arg>
<arg>TV</arg>
<arg>TW</arg>
<arg>TZ</arg>
<arg>UA</arg>
<arg>UG</arg>
<arg>UM</arg>
<arg>US</arg>
<arg>UY</arg>
<arg>UZ</arg>
<arg>VA</arg>
<arg>VC</arg>
<arg>VE</arg>
<arg>VG</arg>
<arg>VI</arg>
<arg>VN</arg>
<arg>VU</arg>
<arg>WF</arg>
<arg>WS</arg>
<arg>XK</arg>
<arg>YE</arg>
<arg>YT</arg>
<arg>ZA</arg>
<arg>ZM</arg>
<arg>ZW</arg>
<doc>Returns a list containing given items.</doc>
<status status="PASS" start="2024-07-01T04:18:00.498582" elapsed="0.000651"/>
</kw>
<kw name="List Should Contain Value" owner="Collections">
<arg>${list_country}</arg>
<arg>${name_country}</arg>
<doc>Fails if the ``value`` is not found from ``list``.</doc>
<status status="PASS" start="2024-07-01T04:18:00.500057" elapsed="0.000201"/>
</kw>
<kw name="Run Keyword If" owner="BuiltIn">
<kw name="Should Be True" owner="BuiltIn">
<arg>${True}</arg>
<doc>Fails if the given condition is not true.</doc>
<status status="PASS" start="2024-07-01T04:18:00.501194" elapsed="0.000140"/>
</kw>
<arg>${json_data["results"][0]["location"]["coordinates"]["latitude"]} &gt;= -90 and ${json_data["results"][0]["location"]["coordinates"]["latitude"]} &lt;= 90</arg>
<arg>Should Be True</arg>
<arg>${True}</arg>
<doc>Runs the given keyword with the given arguments, if ``condition`` is true.</doc>
<status status="PASS" start="2024-07-01T04:18:00.500457" elapsed="0.001000"/>
</kw>
<kw name="Run Keyword If" owner="BuiltIn">
<kw name="Should Be True" owner="BuiltIn">
<arg>${True}</arg>
<doc>Fails if the given condition is not true.</doc>
<status status="PASS" start="2024-07-01T04:18:00.502325" elapsed="0.000227"/>
</kw>
<arg>${json_data["results"][0]["location"]["coordinates"]["longitude"]} &gt;= -180 and ${json_data["results"][0]["location"]["coordinates"]["longitude"]} &lt;= 180</arg>
<arg>Should Be True</arg>
<arg>${True}</arg>
<doc>Runs the given keyword with the given arguments, if ``condition`` is true.</doc>
<status status="PASS" start="2024-07-01T04:18:00.501640" elapsed="0.001040"/>
</kw>
<status status="PASS" start="2024-07-01T04:18:00.442741" elapsed="0.060068"/>
</kw>
<doc>Testa o conteúdo específico dos campos retornados pela API.</doc>
<tag>testeConteudo</tag>
<status status="PASS" start="2024-07-01T04:18:00.442210" elapsed="0.060745"/>
</test>
<status status="PASS" start="2024-07-01T04:17:59.648521" elapsed="0.856382"/>
</suite>
<status status="PASS" start="2024-07-01T04:17:59.633607" elapsed="0.876229"/>
</suite>
<statistics>
<total>
<stat pass="5" fail="0" skip="0">All Tests</stat>
</total>
<tag>
<stat pass="1" fail="0" skip="0">testeConteudo</stat>
<stat pass="1" fail="0" skip="0">testeEstruturaResposta</stat>
<stat pass="1" fail="0" skip="0">testeRequisicaoBasica</stat>
<stat pass="1" fail="0" skip="0">testeTiposDados</stat>
</tag>
<suite>
<stat pass="5" fail="0" skip="0" id="s1" name="Tests">Tests</stat>
<stat pass="5" fail="0" skip="0" id="s1-s1" name="Random-User-Test">Tests.Random-User-Test</stat>
</suite>
</statistics>
<errors>
</errors>
</robot>
