<?xml version="1.0" encoding="UTF-8"?>
<robot generator="Robot 7.0.1 (Python 3.12.4 on linux)" generated="2024-07-24T01:08:51.631333" rpa="false" schemaversion="5">
<suite id="s1" name="Tests" source="/home/runner/work/ApiRandomUser/ApiRandomUser/RamdonUser/tests">
<suite id="s1-s1" name="Random-User-Test" source="/home/runner/work/ApiRandomUser/ApiRandomUser/RamdonUser/tests/random-user-test.robot">
<test id="s1-s1-t1" name="Conectar" line="13">
<kw name="Conectar API" owner="random-user-service">
<kw name="Create Session" owner="RequestsLibrary">
<msg time="2024-07-24T01:08:52.014280" level="INFO">Creating Session using : alias=consultarAPI, url=https://randomuser.me/, headers={},                     cookies={}, auth=None, timeout=None, proxies=None, verify=False,                     debug=0 </msg>
<arg>consultarAPI</arg>
<arg>${URL}</arg>
<doc>Create Session: create a HTTP session to a server</doc>
<status status="PASS" start="2024-07-24T01:08:52.014086" elapsed="0.000363"/>
</kw>
<status status="PASS" start="2024-07-24T01:08:52.013097" elapsed="0.001700"/>
</kw>
<status status="PASS" start="2024-07-24T01:08:52.012514" elapsed="0.002475"/>
</test>
<test id="s1-s1-t2" name="Validar retorno 200 e JSON Válido" line="16">
<kw name="Teste de Requisicao Basica" owner="random-user-service">
<kw name="GET On Session" owner="RequestsLibrary">
<msg time="2024-07-24T01:08:52.207783" level="INFO">GET Request : url=https://randomuser.me/api 
 path_url=/api 
 headers={'User-Agent': 'python-requests/2.32.3', 'Accept-Encoding': 'gzip, deflate', 'Accept': '*/*', 'Connection': 'keep-alive'} 
 body=None 
 </msg>
<msg time="2024-07-24T01:08:52.207932" level="INFO">GET Response : url=https://randomuser.me/api 
 status=200, reason=OK 
 headers={'Date': 'Wed, 24 Jul 2024 01:08:52 GMT', 'Content-Type': 'application/json; charset=utf-8', 'Transfer-Encoding': 'chunked', 'Connection': 'keep-alive', 'X-Powered-By': 'Express', 'Access-Control-Allow-Origin': '*', 'Cache-Control': 'no-cache', 'ETag': 'W/"4a0-Pm1MphdXRTtZef19dR8YVAeinxk"', 'Vary': 'Accept-Encoding', 'Content-Encoding': 'gzip', 'CF-Cache-Status': 'DYNAMIC', 'Report-To': '{"endpoints":[{"url":"https:\\/\\/a.nel.cloudflare.com\\/report\\/v4?s=ijC%2B8WbvdIa%2BEYBECas6vgishhwnnvAWuRjqXk3ns2ODp12kH6T4ZkRBmL%2BKGJFLpbwe29grOdtNC5elRIfzdT0JLQPd2AX4Ro3iiSQpIVdqJ%2Fxk5tg4W7T0LUvC6HOf"}],"group":"cf-nel","max_age":604800}', 'NEL': '{"success_fraction":0,"report_to":"cf-nel","max_age":604800}', 'Server': 'cloudflare', 'CF-RAY': '8a800581ef4e6fb6-IAD', 'alt-svc': 'h3=":443"; ma=86400'} 
 body={"results":[{"gender":"female","name":{"title":"Ms","first":"Olja","last":"Novaković"},"location":{"street":{"number":1040,"name":"Porodice Nikšić"},"city":"Šabac","state":"South Bačka","country":"Serbia","postcode":78800,"coordinates":{"latitude":"56.0762","longitude":"171.8615"},"timezone":{"offset":"+5:00","description":"Ekaterinburg, Islamabad, Karachi, Tashkent"}},"email":"olja.novakovic@example.com","login":{"uuid":"b7ea1abc-c6ad-4952-a7c6-56994ff93018","username":"greenfrog453","password":"sarah1","salt":"zOZLwjjD","md5":"51d9aa7cc74b49b8f12e517ed4df14f6","sha1":"dd9c2d2142da8c1553de928a7a51af35afb3316b","sha256":"8e2c36003c39f05929e9d4134343515bbf12c442d219e01db70a97f69e3fe3f7"},"dob":{"date":"1977-10-05T23:00:06.257Z","age":46},"registered":{"date":"2014-07-17T18:01:01.314Z","age":10},"phone":"039-6200-554","cell":"069-8331-214","id":{"name":"SID","value":"205803989"},"picture":{"large":"https://randomuser.me/api/portraits/women/27.jpg","medium":"https://randomuser.me/api/portraits/med/women/27.jpg","thumbnail":"https://randomuser.me/api/portraits/thumb/women/27.jpg"},"nat":"RS"}],"info":{"seed":"663757e5abdd2cca","results":1,"page":1,"version":"1.4"}} 
 </msg>
<msg time="2024-07-24T01:08:52.208029" level="INFO">/opt/hostedtoolcache/Python/3.12.4/x64/lib/python3.12/site-packages/urllib3/connectionpool.py:1099: InsecureRequestWarning: Unverified HTTPS request is being made to host 'randomuser.me'. Adding certificate verification is strongly advised. See: https://urllib3.readthedocs.io/en/latest/advanced-usage.html#tls-warnings
  warnings.warn(</msg>
<msg time="2024-07-24T01:08:52.208174" level="INFO">${response} = &lt;Response [200]&gt;</msg>
<var>${response}</var>
<arg>consultarAPI</arg>
<arg>/api</arg>
<doc>Sends a GET request on a previously created HTTP Session.</doc>
<status status="PASS" start="2024-07-24T01:08:52.017685" elapsed="0.190534"/>
</kw>
<kw name="Should Be Equal As Numbers" owner="BuiltIn">
<msg time="2024-07-24T01:08:52.209092" level="INFO">Argument types are:
&lt;class 'int'&gt;
&lt;class 'str'&gt;</msg>
<arg>${response.status_code}</arg>
<arg>200</arg>
<doc>Fails if objects are unequal after converting them to real numbers.</doc>
<status status="PASS" start="2024-07-24T01:08:52.208684" elapsed="0.000472"/>
</kw>
<kw name="Log" owner="BuiltIn">
<msg time="2024-07-24T01:08:52.209827" level="INFO">200</msg>
<arg>${response.status_code}</arg>
<doc>Logs the given message with the given level.</doc>
<status status="PASS" start="2024-07-24T01:08:52.209469" elapsed="0.000401"/>
</kw>
<kw name="Set Variable" owner="BuiltIn">
<msg time="2024-07-24T01:08:52.210612" level="INFO">${json_data} = {'results': [{'gender': 'female', 'name': {'title': 'Ms', 'first': 'Olja', 'last': 'Novaković'}, 'location': {'street': {'number': 1040, 'name': 'Porodice Nikšić'}, 'city': 'Šabac', 'state': 'South Ba...</msg>
<var>${json_data}</var>
<arg>${response.json()}</arg>
<doc>Returns the given values which can then be assigned to a variables.</doc>
<status status="PASS" start="2024-07-24T01:08:52.210177" elapsed="0.000470"/>
</kw>
<kw name="Dictionary Should Contain Key" owner="Collections">
<arg>${json_data}</arg>
<arg>results</arg>
<doc>Fails if ``key`` is not found from ``dictionary``.</doc>
<status status="PASS" start="2024-07-24T01:08:52.210948" elapsed="0.000290"/>
</kw>
<status status="PASS" start="2024-07-24T01:08:52.017435" elapsed="0.193951"/>
</kw>
<doc>Testa se a API responde corretamente e retorna um objeto JSON válido.</doc>
<tag>testeRequisicaoBasica</tag>
<status status="PASS" start="2024-07-24T01:08:52.016893" elapsed="0.194705"/>
</test>
<test id="s1-s1-t3" name="Validar estrutura de resposta" line="22">
<kw name="Teste de Estrutura de Resposta" owner="random-user-service">
<kw name="GET On Session" owner="RequestsLibrary">
<msg time="2024-07-24T01:08:52.295867" level="INFO">GET Request : url=https://randomuser.me/api 
 path_url=/api 
 headers={'User-Agent': 'python-requests/2.32.3', 'Accept-Encoding': 'gzip, deflate', 'Accept': '*/*', 'Connection': 'keep-alive'} 
 body=None 
 </msg>
<msg time="2024-07-24T01:08:52.295957" level="INFO">GET Response : url=https://randomuser.me/api 
 status=200, reason=OK 
 headers={'Date': 'Wed, 24 Jul 2024 01:08:52 GMT', 'Content-Type': 'application/json; charset=utf-8', 'Transfer-Encoding': 'chunked', 'Connection': 'keep-alive', 'X-Powered-By': 'Express', 'Access-Control-Allow-Origin': '*', 'Cache-Control': 'no-cache', 'ETag': 'W/"4a2-MJgmS5B+PzvrFEZ33oSPhy7Bz20"', 'Vary': 'Accept-Encoding', 'Content-Encoding': 'gzip', 'CF-Cache-Status': 'DYNAMIC', 'Report-To': '{"endpoints":[{"url":"https:\\/\\/a.nel.cloudflare.com\\/report\\/v4?s=xVOvWorXcqUZbeakX8eYa9C8dZfjwhP8Tvrqr%2B%2BB4W2eZCPLLYzqeNgvkxpE8pLJb5F8oGecb4tNJIogSkR8u6lEHL7BarRUDrSA5k4sTMa4lhHedpMdfMSZcLEuFywP"}],"group":"cf-nel","max_age":604800}', 'NEL': '{"success_fraction":0,"report_to":"cf-nel","max_age":604800}', 'Server': 'cloudflare', 'CF-RAY': '8a8005825fa86fb6-IAD', 'alt-svc': 'h3=":443"; ma=86400'} 
 body={"results":[{"gender":"female","name":{"title":"Mrs","first":"Marit","last":"Schwenke"},"location":{"street":{"number":8276,"name":"Industriestraße"},"city":"Balve","state":"Thüringen","country":"Germany","postcode":77026,"coordinates":{"latitude":"-53.3343","longitude":"58.6184"},"timezone":{"offset":"-4:00","description":"Atlantic Time (Canada), Caracas, La Paz"}},"email":"marit.schwenke@example.com","login":{"uuid":"bc54d71f-b0ad-4e01-ba57-daab3af1d44c","username":"heavyswan668","password":"dutchess","salt":"dQY4chTP","md5":"f20568d8d010fd8f0a39f6b880de136c","sha1":"a42bcafe2842d56f6473d519e695b899e9acd959","sha256":"6eacc94ddd3a116d55f3237604a56609e176ade4c31fc49a861bc94012602958"},"dob":{"date":"1980-08-13T06:27:28.235Z","age":43},"registered":{"date":"2016-10-12T09:51:18.445Z","age":7},"phone":"0690-8227787","cell":"0172-2091552","id":{"name":"SVNR","value":"13 130880 S 723"},"picture":{"large":"https://randomuser.me/api/portraits/women/22.jpg","medium":"https://randomuser.me/api/portraits/med/women/22.jpg","thumbnail":"https://randomuser.me/api/portraits/thumb/women/22.jpg"},"nat":"DE"}],"info":{"seed":"1bd4eac4a90332ff","results":1,"page":1,"version":"1.4"}} 
 </msg>
<msg time="2024-07-24T01:08:52.296085" level="INFO">/opt/hostedtoolcache/Python/3.12.4/x64/lib/python3.12/site-packages/urllib3/connectionpool.py:1099: InsecureRequestWarning: Unverified HTTPS request is being made to host 'randomuser.me'. Adding certificate verification is strongly advised. See: https://urllib3.readthedocs.io/en/latest/advanced-usage.html#tls-warnings
  warnings.warn(</msg>
<msg time="2024-07-24T01:08:52.296362" level="INFO">${response} = &lt;Response [200]&gt;</msg>
<var>${response}</var>
<arg>consultarAPI</arg>
<arg>/api</arg>
<doc>Sends a GET request on a previously created HTTP Session.</doc>
<status status="PASS" start="2024-07-24T01:08:52.214199" elapsed="0.082208"/>
</kw>
<kw name="Set Variable" owner="BuiltIn">
<msg time="2024-07-24T01:08:52.297449" level="INFO">${json_data} = {'results': [{'gender': 'female', 'name': {'title': 'Mrs', 'first': 'Marit', 'last': 'Schwenke'}, 'location': {'street': {'number': 8276, 'name': 'Industriestraße'}, 'city': 'Balve', 'state': 'Thüring...</msg>
<var>${json_data}</var>
<arg>${response.json()}</arg>
<doc>Returns the given values which can then be assigned to a variables.</doc>
<status status="PASS" start="2024-07-24T01:08:52.296889" elapsed="0.000589"/>
</kw>
<kw name="Log" owner="BuiltIn">
<msg time="2024-07-24T01:08:52.297948" level="INFO">{'results': [{'gender': 'female', 'name': {'title': 'Mrs', 'first': 'Marit', 'last': 'Schwenke'}, 'location': {'street': {'number': 8276, 'name': 'Industriestraße'}, 'city': 'Balve', 'state': 'Thüringen', 'country': 'Germany', 'postcode': 77026, 'coordinates': {'latitude': '-53.3343', 'longitude': '58.6184'}, 'timezone': {'offset': '-4:00', 'description': 'Atlantic Time (Canada), Caracas, La Paz'}}, 'email': 'marit.schwenke@example.com', 'login': {'uuid': 'bc54d71f-b0ad-4e01-ba57-daab3af1d44c', 'username': 'heavyswan668', 'password': 'dutchess', 'salt': 'dQY4chTP', 'md5': 'f20568d8d010fd8f0a39f6b880de136c', 'sha1': 'a42bcafe2842d56f6473d519e695b899e9acd959', 'sha256': '6eacc94ddd3a116d55f3237604a56609e176ade4c31fc49a861bc94012602958'}, 'dob': {'date': '1980-08-13T06:27:28.235Z', 'age': 43}, 'registered': {'date': '2016-10-12T09:51:18.445Z', 'age': 7}, 'phone': '0690-8227787', 'cell': '0172-2091552', 'id': {'name': 'SVNR', 'value': '13 130880 S 723'}, 'picture': {'large': 'https://randomuser.me/api/portraits/women/22.jpg', 'medium': 'https://randomuser.me/api/portraits/med/women/22.jpg', 'thumbnail': 'https://randomuser.me/api/portraits/thumb/women/22.jpg'}, 'nat': 'DE'}], 'info': {'seed': '1bd4eac4a90332ff', 'results': 1, 'page': 1, 'version': '1.4'}}</msg>
<arg>${json_data}</arg>
<doc>Logs the given message with the given level.</doc>
<status status="PASS" start="2024-07-24T01:08:52.297785" elapsed="0.000215"/>
</kw>
<kw name="Dictionary Should Contain Key" owner="Collections">
<arg>${json_data}</arg>
<arg>results</arg>
<doc>Fails if ``key`` is not found from ``dictionary``.</doc>
<status status="PASS" start="2024-07-24T01:08:52.298356" elapsed="0.000166"/>
</kw>
<kw name="Should Not Be Empty" owner="BuiltIn">
<msg time="2024-07-24T01:08:52.298842" level="INFO">Length is 2.</msg>
<arg>${json_data}</arg>
<doc>Verifies that the given item is not empty.</doc>
<status status="PASS" start="2024-07-24T01:08:52.298708" elapsed="0.000173"/>
</kw>
<kw name="Create List" owner="BuiltIn">
<msg time="2024-07-24T01:08:52.299328" level="INFO">${expected_keys} = ['gender', 'name', 'location', 'email', 'login']</msg>
<var>${expected_keys}</var>
<arg>gender</arg>
<arg>name</arg>
<arg>location</arg>
<arg>email</arg>
<arg>login</arg>
<doc>Returns a list containing given items.</doc>
<status status="PASS" start="2024-07-24T01:08:52.299177" elapsed="0.000175"/>
</kw>
<for flavor="IN">
<iter>
<kw name="Dictionary Should Contain Key" owner="Collections">
<arg>${json_data['results'][0]}</arg>
<arg>${key}</arg>
<doc>Fails if ``key`` is not found from ``dictionary``.</doc>
<status status="PASS" start="2024-07-24T01:08:52.299954" elapsed="0.000417"/>
</kw>
<kw name="Log" owner="BuiltIn">
<msg time="2024-07-24T01:08:52.300915" level="INFO">{'gender': 'female', 'name': {'title': 'Mrs', 'first': 'Marit', 'last': 'Schwenke'}, 'location': {'street': {'number': 8276, 'name': 'Industriestraße'}, 'city': 'Balve', 'state': 'Thüringen', 'country': 'Germany', 'postcode': 77026, 'coordinates': {'latitude': '-53.3343', 'longitude': '58.6184'}, 'timezone': {'offset': '-4:00', 'description': 'Atlantic Time (Canada), Caracas, La Paz'}}, 'email': 'marit.schwenke@example.com', 'login': {'uuid': 'bc54d71f-b0ad-4e01-ba57-daab3af1d44c', 'username': 'heavyswan668', 'password': 'dutchess', 'salt': 'dQY4chTP', 'md5': 'f20568d8d010fd8f0a39f6b880de136c', 'sha1': 'a42bcafe2842d56f6473d519e695b899e9acd959', 'sha256': '6eacc94ddd3a116d55f3237604a56609e176ade4c31fc49a861bc94012602958'}, 'dob': {'date': '1980-08-13T06:27:28.235Z', 'age': 43}, 'registered': {'date': '2016-10-12T09:51:18.445Z', 'age': 7}, 'phone': '0690-8227787', 'cell': '0172-2091552', 'id': {'name': 'SVNR', 'value': '13 130880 S 723'}, 'picture': {'large': 'https://randomuser.me/api/portraits/women/22.jpg', 'medium': 'https://randomuser.me/api/portraits/med/women/22.jpg', 'thumbnail': 'https://randomuser.me/api/portraits/thumb/women/22.jpg'}, 'nat': 'DE'}</msg>
<arg>${json_data['results'][0]}</arg>
<doc>Logs the given message with the given level.</doc>
<status status="PASS" start="2024-07-24T01:08:52.300558" elapsed="0.000410"/>
</kw>
<kw name="Log" owner="BuiltIn">
<msg time="2024-07-24T01:08:52.301406" level="INFO">gender</msg>
<arg>${key}</arg>
<doc>Logs the given message with the given level.</doc>
<status status="PASS" start="2024-07-24T01:08:52.301277" elapsed="0.000167"/>
</kw>
<var name="${key}">gender</var>
<status status="PASS" start="2024-07-24T01:08:52.299828" elapsed="0.001832"/>
</iter>
<iter>
<kw name="Dictionary Should Contain Key" owner="Collections">
<arg>${json_data['results'][0]}</arg>
<arg>${key}</arg>
<doc>Fails if ``key`` is not found from ``dictionary``.</doc>
<status status="PASS" start="2024-07-24T01:08:52.301950" elapsed="0.000381"/>
</kw>
<kw name="Log" owner="BuiltIn">
<msg time="2024-07-24T01:08:52.302911" level="INFO">{'gender': 'female', 'name': {'title': 'Mrs', 'first': 'Marit', 'last': 'Schwenke'}, 'location': {'street': {'number': 8276, 'name': 'Industriestraße'}, 'city': 'Balve', 'state': 'Thüringen', 'country': 'Germany', 'postcode': 77026, 'coordinates': {'latitude': '-53.3343', 'longitude': '58.6184'}, 'timezone': {'offset': '-4:00', 'description': 'Atlantic Time (Canada), Caracas, La Paz'}}, 'email': 'marit.schwenke@example.com', 'login': {'uuid': 'bc54d71f-b0ad-4e01-ba57-daab3af1d44c', 'username': 'heavyswan668', 'password': 'dutchess', 'salt': 'dQY4chTP', 'md5': 'f20568d8d010fd8f0a39f6b880de136c', 'sha1': 'a42bcafe2842d56f6473d519e695b899e9acd959', 'sha256': '6eacc94ddd3a116d55f3237604a56609e176ade4c31fc49a861bc94012602958'}, 'dob': {'date': '1980-08-13T06:27:28.235Z', 'age': 43}, 'registered': {'date': '2016-10-12T09:51:18.445Z', 'age': 7}, 'phone': '0690-8227787', 'cell': '0172-2091552', 'id': {'name': 'SVNR', 'value': '13 130880 S 723'}, 'picture': {'large': 'https://randomuser.me/api/portraits/women/22.jpg', 'medium': 'https://randomuser.me/api/portraits/med/women/22.jpg', 'thumbnail': 'https://randomuser.me/api/portraits/thumb/women/22.jpg'}, 'nat': 'DE'}</msg>
<arg>${json_data['results'][0]}</arg>
<doc>Logs the given message with the given level.</doc>
<status status="PASS" start="2024-07-24T01:08:52.302518" elapsed="0.000444"/>
</kw>
<kw name="Log" owner="BuiltIn">
<msg time="2024-07-24T01:08:52.303381" level="INFO">name</msg>
<arg>${key}</arg>
<doc>Logs the given message with the given level.</doc>
<status status="PASS" start="2024-07-24T01:08:52.303256" elapsed="0.000194"/>
</kw>
<var name="${key}">name</var>
<status status="PASS" start="2024-07-24T01:08:52.301841" elapsed="0.001831"/>
</iter>
<iter>
<kw name="Dictionary Should Contain Key" owner="Collections">
<arg>${json_data['results'][0]}</arg>
<arg>${key}</arg>
<doc>Fails if ``key`` is not found from ``dictionary``.</doc>
<status status="PASS" start="2024-07-24T01:08:52.303952" elapsed="0.000376"/>
</kw>
<kw name="Log" owner="BuiltIn">
<msg time="2024-07-24T01:08:52.304868" level="INFO">{'gender': 'female', 'name': {'title': 'Mrs', 'first': 'Marit', 'last': 'Schwenke'}, 'location': {'street': {'number': 8276, 'name': 'Industriestraße'}, 'city': 'Balve', 'state': 'Thüringen', 'country': 'Germany', 'postcode': 77026, 'coordinates': {'latitude': '-53.3343', 'longitude': '58.6184'}, 'timezone': {'offset': '-4:00', 'description': 'Atlantic Time (Canada), Caracas, La Paz'}}, 'email': 'marit.schwenke@example.com', 'login': {'uuid': 'bc54d71f-b0ad-4e01-ba57-daab3af1d44c', 'username': 'heavyswan668', 'password': 'dutchess', 'salt': 'dQY4chTP', 'md5': 'f20568d8d010fd8f0a39f6b880de136c', 'sha1': 'a42bcafe2842d56f6473d519e695b899e9acd959', 'sha256': '6eacc94ddd3a116d55f3237604a56609e176ade4c31fc49a861bc94012602958'}, 'dob': {'date': '1980-08-13T06:27:28.235Z', 'age': 43}, 'registered': {'date': '2016-10-12T09:51:18.445Z', 'age': 7}, 'phone': '0690-8227787', 'cell': '0172-2091552', 'id': {'name': 'SVNR', 'value': '13 130880 S 723'}, 'picture': {'large': 'https://randomuser.me/api/portraits/women/22.jpg', 'medium': 'https://randomuser.me/api/portraits/med/women/22.jpg', 'thumbnail': 'https://randomuser.me/api/portraits/thumb/women/22.jpg'}, 'nat': 'DE'}</msg>
<arg>${json_data['results'][0]}</arg>
<doc>Logs the given message with the given level.</doc>
<status status="PASS" start="2024-07-24T01:08:52.304514" elapsed="0.000405"/>
</kw>
<kw name="Log" owner="BuiltIn">
<msg time="2024-07-24T01:08:52.305333" level="INFO">location</msg>
<arg>${key}</arg>
<doc>Logs the given message with the given level.</doc>
<status status="PASS" start="2024-07-24T01:08:52.305209" elapsed="0.000161"/>
</kw>
<var name="${key}">location</var>
<status status="PASS" start="2024-07-24T01:08:52.303844" elapsed="0.001738"/>
</iter>
<iter>
<kw name="Dictionary Should Contain Key" owner="Collections">
<arg>${json_data['results'][0]}</arg>
<arg>${key}</arg>
<doc>Fails if ``key`` is not found from ``dictionary``.</doc>
<status status="PASS" start="2024-07-24T01:08:52.305856" elapsed="0.000377"/>
</kw>
<kw name="Log" owner="BuiltIn">
<msg time="2024-07-24T01:08:52.306888" level="INFO">{'gender': 'female', 'name': {'title': 'Mrs', 'first': 'Marit', 'last': 'Schwenke'}, 'location': {'street': {'number': 8276, 'name': 'Industriestraße'}, 'city': 'Balve', 'state': 'Thüringen', 'country': 'Germany', 'postcode': 77026, 'coordinates': {'latitude': '-53.3343', 'longitude': '58.6184'}, 'timezone': {'offset': '-4:00', 'description': 'Atlantic Time (Canada), Caracas, La Paz'}}, 'email': 'marit.schwenke@example.com', 'login': {'uuid': 'bc54d71f-b0ad-4e01-ba57-daab3af1d44c', 'username': 'heavyswan668', 'password': 'dutchess', 'salt': 'dQY4chTP', 'md5': 'f20568d8d010fd8f0a39f6b880de136c', 'sha1': 'a42bcafe2842d56f6473d519e695b899e9acd959', 'sha256': '6eacc94ddd3a116d55f3237604a56609e176ade4c31fc49a861bc94012602958'}, 'dob': {'date': '1980-08-13T06:27:28.235Z', 'age': 43}, 'registered': {'date': '2016-10-12T09:51:18.445Z', 'age': 7}, 'phone': '0690-8227787', 'cell': '0172-2091552', 'id': {'name': 'SVNR', 'value': '13 130880 S 723'}, 'picture': {'large': 'https://randomuser.me/api/portraits/women/22.jpg', 'medium': 'https://randomuser.me/api/portraits/med/women/22.jpg', 'thumbnail': 'https://randomuser.me/api/portraits/thumb/women/22.jpg'}, 'nat': 'DE'}</msg>
<arg>${json_data['results'][0]}</arg>
<doc>Logs the given message with the given level.</doc>
<status status="PASS" start="2024-07-24T01:08:52.306529" elapsed="0.000411"/>
</kw>
<kw name="Log" owner="BuiltIn">
<msg time="2024-07-24T01:08:52.307363" level="INFO">email</msg>
<arg>${key}</arg>
<doc>Logs the given message with the given level.</doc>
<status status="PASS" start="2024-07-24T01:08:52.307235" elapsed="0.000167"/>
</kw>
<var name="${key}">email</var>
<status status="PASS" start="2024-07-24T01:08:52.305750" elapsed="0.001904"/>
</iter>
<iter>
<kw name="Dictionary Should Contain Key" owner="Collections">
<arg>${json_data['results'][0]}</arg>
<arg>${key}</arg>
<doc>Fails if ``key`` is not found from ``dictionary``.</doc>
<status status="PASS" start="2024-07-24T01:08:52.307932" elapsed="0.000373"/>
</kw>
<kw name="Log" owner="BuiltIn">
<msg time="2024-07-24T01:08:52.308831" level="INFO">{'gender': 'female', 'name': {'title': 'Mrs', 'first': 'Marit', 'last': 'Schwenke'}, 'location': {'street': {'number': 8276, 'name': 'Industriestraße'}, 'city': 'Balve', 'state': 'Thüringen', 'country': 'Germany', 'postcode': 77026, 'coordinates': {'latitude': '-53.3343', 'longitude': '58.6184'}, 'timezone': {'offset': '-4:00', 'description': 'Atlantic Time (Canada), Caracas, La Paz'}}, 'email': 'marit.schwenke@example.com', 'login': {'uuid': 'bc54d71f-b0ad-4e01-ba57-daab3af1d44c', 'username': 'heavyswan668', 'password': 'dutchess', 'salt': 'dQY4chTP', 'md5': 'f20568d8d010fd8f0a39f6b880de136c', 'sha1': 'a42bcafe2842d56f6473d519e695b899e9acd959', 'sha256': '6eacc94ddd3a116d55f3237604a56609e176ade4c31fc49a861bc94012602958'}, 'dob': {'date': '1980-08-13T06:27:28.235Z', 'age': 43}, 'registered': {'date': '2016-10-12T09:51:18.445Z', 'age': 7}, 'phone': '0690-8227787', 'cell': '0172-2091552', 'id': {'name': 'SVNR', 'value': '13 130880 S 723'}, 'picture': {'large': 'https://randomuser.me/api/portraits/women/22.jpg', 'medium': 'https://randomuser.me/api/portraits/med/women/22.jpg', 'thumbnail': 'https://randomuser.me/api/portraits/thumb/women/22.jpg'}, 'nat': 'DE'}</msg>
<arg>${json_data['results'][0]}</arg>
<doc>Logs the given message with the given level.</doc>
<status status="PASS" start="2024-07-24T01:08:52.308486" elapsed="0.000395"/>
</kw>
<kw name="Log" owner="BuiltIn">
<msg time="2024-07-24T01:08:52.309294" level="INFO">login</msg>
<arg>${key}</arg>
<doc>Logs the given message with the given level.</doc>
<status status="PASS" start="2024-07-24T01:08:52.309170" elapsed="0.000160"/>
</kw>
<var name="${key}">login</var>
<status status="PASS" start="2024-07-24T01:08:52.307824" elapsed="0.001717"/>
</iter>
<var>${key}</var>
<value>@{expected_keys}</value>
<status status="PASS" start="2024-07-24T01:08:52.299645" elapsed="0.010014"/>
</for>
<kw name="Create List" owner="BuiltIn">
<msg time="2024-07-24T01:08:52.310010" level="INFO">${expected_keysTwo} = ['username', 'password']</msg>
<var>${expected_keysTwo}</var>
<arg>username</arg>
<arg>password</arg>
<doc>Returns a list containing given items.</doc>
<status status="PASS" start="2024-07-24T01:08:52.309874" elapsed="0.000159"/>
</kw>
<for flavor="IN">
<iter>
<kw name="Dictionary Should Contain Key" owner="Collections">
<arg>${json_data['results'][0]['login']}</arg>
<arg>${keyTwo}</arg>
<doc>Fails if ``key`` is not found from ``dictionary``.</doc>
<status status="PASS" start="2024-07-24T01:08:52.310528" elapsed="0.000384"/>
</kw>
<kw name="Dictionary Should Contain Key" owner="Collections">
<arg>${json_data['results'][0]['login']}</arg>
<arg>${keyTwo}</arg>
<doc>Fails if ``key`` is not found from ``dictionary``.</doc>
<status status="PASS" start="2024-07-24T01:08:52.311093" elapsed="0.000411"/>
</kw>
<kw name="Log" owner="BuiltIn">
<msg time="2024-07-24T01:08:52.311805" level="INFO">username</msg>
<arg>${keyTwo}</arg>
<doc>Logs the given message with the given level.</doc>
<status status="PASS" start="2024-07-24T01:08:52.311685" elapsed="0.000158"/>
</kw>
<var name="${keyTwo}">username</var>
<status status="PASS" start="2024-07-24T01:08:52.310421" elapsed="0.001640"/>
</iter>
<iter>
<kw name="Dictionary Should Contain Key" owner="Collections">
<arg>${json_data['results'][0]['login']}</arg>
<arg>${keyTwo}</arg>
<doc>Fails if ``key`` is not found from ``dictionary``.</doc>
<status status="PASS" start="2024-07-24T01:08:52.312340" elapsed="0.000374"/>
</kw>
<kw name="Dictionary Should Contain Key" owner="Collections">
<arg>${json_data['results'][0]['login']}</arg>
<arg>${keyTwo}</arg>
<doc>Fails if ``key`` is not found from ``dictionary``.</doc>
<status status="PASS" start="2024-07-24T01:08:52.312893" elapsed="0.000371"/>
</kw>
<kw name="Log" owner="BuiltIn">
<msg time="2024-07-24T01:08:52.313562" level="INFO">password</msg>
<arg>${keyTwo}</arg>
<doc>Logs the given message with the given level.</doc>
<status status="PASS" start="2024-07-24T01:08:52.313439" elapsed="0.000160"/>
</kw>
<var name="${keyTwo}">password</var>
<status status="PASS" start="2024-07-24T01:08:52.312230" elapsed="0.001586"/>
</iter>
<var>${keyTwo}</var>
<value>@{expected_keysTwo}</value>
<status status="PASS" start="2024-07-24T01:08:52.310271" elapsed="0.003662"/>
</for>
<status status="PASS" start="2024-07-24T01:08:52.213968" elapsed="0.100102"/>
</kw>
<doc>Testa a estrutura da resposta da API.</doc>
<tag>testeEstruturaResposta</tag>
<status status="PASS" start="2024-07-24T01:08:52.213415" elapsed="0.100800"/>
</test>
<test id="s1-s1-t4" name="Validar tipos de dados" line="28">
<kw name="Teste de Tipos de Dados" owner="random-user-service">
<kw name="GET On Session" owner="RequestsLibrary">
<msg time="2024-07-24T01:08:52.404423" level="INFO">GET Request : url=https://randomuser.me/api 
 path_url=/api 
 headers={'User-Agent': 'python-requests/2.32.3', 'Accept-Encoding': 'gzip, deflate', 'Accept': '*/*', 'Connection': 'keep-alive'} 
 body=None 
 </msg>
<msg time="2024-07-24T01:08:52.404506" level="INFO">GET Response : url=https://randomuser.me/api 
 status=200, reason=OK 
 headers={'Date': 'Wed, 24 Jul 2024 01:08:52 GMT', 'Content-Type': 'application/json; charset=utf-8', 'Transfer-Encoding': 'chunked', 'Connection': 'keep-alive', 'X-Powered-By': 'Express', 'Access-Control-Allow-Origin': '*', 'Cache-Control': 'no-cache', 'ETag': 'W/"4b8-p4CXVPia86kRAgB6DThPGjM6gps"', 'Vary': 'Accept-Encoding', 'Content-Encoding': 'gzip', 'CF-Cache-Status': 'DYNAMIC', 'Report-To': '{"endpoints":[{"url":"https:\\/\\/a.nel.cloudflare.com\\/report\\/v4?s=Z5%2F%2BhpfFLpocIf9HNS95hsdkp4DgC%2Be21tO5BAnrtJVhMqMR7T2tYlBKam3zNuNcqVQvcHh9ZiqsWto16K%2FhaQMplnrndVxaHs%2FpICpPEbOtuuyRfpyiQ47r7XkO81is"}],"group":"cf-nel","max_age":604800}', 'NEL': '{"success_fraction":0,"report_to":"cf-nel","max_age":604800}', 'Server': 'cloudflare', 'CF-RAY': '8a800582f8636fb6-IAD', 'alt-svc': 'h3=":443"; ma=86400'} 
 body={"results":[{"gender":"female","name":{"title":"Miss","first":"Alexandra","last":"Barnes"},"location":{"street":{"number":815,"name":"George Street"},"city":"Leeds","state":"Staffordshire","country":"United Kingdom","postcode":"U9G 9RZ","coordinates":{"latitude":"-11.0924","longitude":"79.6213"},"timezone":{"offset":"0:00","description":"Western Europe Time, London, Lisbon, Casablanca"}},"email":"alexandra.barnes@example.com","login":{"uuid":"0037126d-2d1f-4cef-a9b3-d7fa5bc571c6","username":"bluesnake526","password":"reggie","salt":"Zh7Y58xM","md5":"4174b0f44c9d2eeaf81793920fb80e04","sha1":"1999ef8be6ee177b7fea188552cbdf101b39da1b","sha256":"84453e0729e9fbfb1f67d830e3853a2d1fd5fffa2d824100100b797fead569ad"},"dob":{"date":"2000-03-24T13:58:26.664Z","age":24},"registered":{"date":"2015-01-03T15:03:33.806Z","age":9},"phone":"0118820 974 4465","cell":"07653 575050","id":{"name":"NINO","value":"ZP 03 49 90 W"},"picture":{"large":"https://randomuser.me/api/portraits/women/30.jpg","medium":"https://randomuser.me/api/portraits/med/women/30.jpg","thumbnail":"https://randomuser.me/api/portraits/thumb/women/30.jpg"},"nat":"GB"}],"info":{"seed":"3c766b5707d06fbd","results":1,"page":1,"version":"1.4"}} 
 </msg>
<msg time="2024-07-24T01:08:52.404585" level="INFO">/opt/hostedtoolcache/Python/3.12.4/x64/lib/python3.12/site-packages/urllib3/connectionpool.py:1099: InsecureRequestWarning: Unverified HTTPS request is being made to host 'randomuser.me'. Adding certificate verification is strongly advised. See: https://urllib3.readthedocs.io/en/latest/advanced-usage.html#tls-warnings
  warnings.warn(</msg>
<msg time="2024-07-24T01:08:52.404676" level="INFO">${response} = &lt;Response [200]&gt;</msg>
<var>${response}</var>
<arg>consultarAPI</arg>
<arg>/api</arg>
<doc>Sends a GET request on a previously created HTTP Session.</doc>
<status status="PASS" start="2024-07-24T01:08:52.316583" elapsed="0.088124"/>
</kw>
<kw name="Set Variable" owner="BuiltIn">
<msg time="2024-07-24T01:08:52.405532" level="INFO">${json_data} = {'results': [{'gender': 'female', 'name': {'title': 'Miss', 'first': 'Alexandra', 'last': 'Barnes'}, 'location': {'street': {'number': 815, 'name': 'George Street'}, 'city': 'Leeds', 'state': 'Staffor...</msg>
<var>${json_data}</var>
<arg>${response.json()}</arg>
<doc>Returns the given values which can then be assigned to a variables.</doc>
<status status="PASS" start="2024-07-24T01:08:52.405076" elapsed="0.000484"/>
</kw>
<kw name="Log" owner="BuiltIn">
<msg time="2024-07-24T01:08:52.406009" level="INFO">{'results': [{'gender': 'female', 'name': {'title': 'Miss', 'first': 'Alexandra', 'last': 'Barnes'}, 'location': {'street': {'number': 815, 'name': 'George Street'}, 'city': 'Leeds', 'state': 'Staffordshire', 'country': 'United Kingdom', 'postcode': 'U9G 9RZ', 'coordinates': {'latitude': '-11.0924', 'longitude': '79.6213'}, 'timezone': {'offset': '0:00', 'description': 'Western Europe Time, London, Lisbon, Casablanca'}}, 'email': 'alexandra.barnes@example.com', 'login': {'uuid': '0037126d-2d1f-4cef-a9b3-d7fa5bc571c6', 'username': 'bluesnake526', 'password': 'reggie', 'salt': 'Zh7Y58xM', 'md5': '4174b0f44c9d2eeaf81793920fb80e04', 'sha1': '1999ef8be6ee177b7fea188552cbdf101b39da1b', 'sha256': '84453e0729e9fbfb1f67d830e3853a2d1fd5fffa2d824100100b797fead569ad'}, 'dob': {'date': '2000-03-24T13:58:26.664Z', 'age': 24}, 'registered': {'date': '2015-01-03T15:03:33.806Z', 'age': 9}, 'phone': '0118820 974 4465', 'cell': '07653 575050', 'id': {'name': 'NINO', 'value': 'ZP 03 49 90 W'}, 'picture': {'large': 'https://randomuser.me/api/portraits/women/30.jpg', 'medium': 'https://randomuser.me/api/portraits/med/women/30.jpg', 'thumbnail': 'https://randomuser.me/api/portraits/thumb/women/30.jpg'}, 'nat': 'GB'}], 'info': {'seed': '3c766b5707d06fbd', 'results': 1, 'page': 1, 'version': '1.4'}}</msg>
<arg>${json_data}</arg>
<doc>Logs the given message with the given level.</doc>
<status status="PASS" start="2024-07-24T01:08:52.405860" elapsed="0.000196"/>
</kw>
<kw name="Should Be String" owner="String">
<arg>${json_data['results'][0]['gender']}</arg>
<doc>Fails if the given ``item`` is not a string.</doc>
<status status="PASS" start="2024-07-24T01:08:52.406342" elapsed="0.000369"/>
</kw>
<kw name="Should Match Regexp" owner="BuiltIn">
<arg>${json_data['results'][0]['email']}</arg>
<arg>^[a-zA-Z0-9._%+-]+@[a-zA-Z0-9.-]+\.[a-zA-Z]{2,}$</arg>
<doc>Fails if ``string`` does not match ``pattern`` as a regular expression.</doc>
<status status="PASS" start="2024-07-24T01:08:52.406935" elapsed="0.000553"/>
</kw>
<kw name="Should Match Regexp" owner="BuiltIn">
<arg>${json_data['results'][0]['dob']['date']}</arg>
<arg>\\d{4}-\\d{2}-\\d{2}T\\d{2}:\\d{2}:\\d{2}\\.\\d{3}Z</arg>
<doc>Fails if ``string`` does not match ``pattern`` as a regular expression.</doc>
<status status="PASS" start="2024-07-24T01:08:52.407718" elapsed="0.000604"/>
</kw>
<kw name="Should Match Regexp" owner="BuiltIn">
<arg>${json_data['results'][0]['registered']['date']}</arg>
<arg>\\d{4}-\\d{2}-\\d{2}T\\d{2}:\\d{2}:\\d{2}\\.\\d{3}Z</arg>
<doc>Fails if ``string`` does not match ``pattern`` as a regular expression.</doc>
<status status="PASS" start="2024-07-24T01:08:52.408519" elapsed="0.000375"/>
</kw>
<kw name="Should Match Regexp" owner="BuiltIn">
<arg>${json_data['results'][0]['picture']['large']}</arg>
<arg>^https?://.*\.(?:png|jpe?g|gif|bmp)$</arg>
<doc>Fails if ``string`` does not match ``pattern`` as a regular expression.</doc>
<status status="PASS" start="2024-07-24T01:08:52.409083" elapsed="0.000459"/>
</kw>
<kw name="Should Match Regexp" owner="BuiltIn">
<arg>${json_data['results'][0]['picture']['medium']}</arg>
<arg>^https?://.*\.(?:png|jpe?g|gif|bmp)$</arg>
<doc>Fails if ``string`` does not match ``pattern`` as a regular expression.</doc>
<status status="PASS" start="2024-07-24T01:08:52.409731" elapsed="0.000355"/>
</kw>
<kw name="Should Match Regexp" owner="BuiltIn">
<arg>${json_data['results'][0]['picture']['thumbnail']}</arg>
<arg>^https?://.*\.(?:png|jpe?g|gif|bmp)$</arg>
<doc>Fails if ``string`` does not match ``pattern`` as a regular expression.</doc>
<status status="PASS" start="2024-07-24T01:08:52.410271" elapsed="0.000347"/>
</kw>
<kw name="Log" owner="BuiltIn">
<msg time="2024-07-24T01:08:52.411122" level="INFO">{'large': 'https://randomuser.me/api/portraits/women/30.jpg', 'medium': 'https://randomuser.me/api/portraits/med/women/30.jpg', 'thumbnail': 'https://randomuser.me/api/portraits/thumb/women/30.jpg'}</msg>
<arg>${json_data['results'][0]['picture']}</arg>
<doc>Logs the given message with the given level.</doc>
<status status="PASS" start="2024-07-24T01:08:52.410800" elapsed="0.000364"/>
</kw>
<status status="PASS" start="2024-07-24T01:08:52.316369" elapsed="0.095078"/>
</kw>
<kw name="Teste de Tipos de Dados - Postcode" owner="random-user-service">
<kw name="GET On Session" owner="RequestsLibrary">
<msg time="2024-07-24T01:08:52.505476" level="INFO">GET Request : url=https://randomuser.me/api 
 path_url=/api 
 headers={'User-Agent': 'python-requests/2.32.3', 'Accept-Encoding': 'gzip, deflate', 'Accept': '*/*', 'Connection': 'keep-alive'} 
 body=None 
 </msg>
<msg time="2024-07-24T01:08:52.505558" level="INFO">GET Response : url=https://randomuser.me/api 
 status=200, reason=OK 
 headers={'Date': 'Wed, 24 Jul 2024 01:08:52 GMT', 'Content-Type': 'application/json; charset=utf-8', 'Transfer-Encoding': 'chunked', 'Connection': 'keep-alive', 'X-Powered-By': 'Express', 'Access-Control-Allow-Origin': '*', 'Cache-Control': 'no-cache', 'ETag': 'W/"491-N38jXROAdkKFzDoHBLco9YSFfoM"', 'Vary': 'Accept-Encoding', 'Content-Encoding': 'gzip', 'CF-Cache-Status': 'DYNAMIC', 'Report-To': '{"endpoints":[{"url":"https:\\/\\/a.nel.cloudflare.com\\/report\\/v4?s=o6Nhl6oa7LXDSSuWMQW4VPkX17gOJXriEczPwiTdduSUEwal5B28wtH5iVsVVGOT3XBpGKzZU%2Fjz6f2pJ%2FjGmnaSKP6p9RNtIT8hICvWSIRiVPz338UoUCkCG%2Bm%2FGu%2F%2B"}],"group":"cf-nel","max_age":604800}', 'NEL': '{"success_fraction":0,"report_to":"cf-nel","max_age":604800}', 'Server': 'cloudflare', 'CF-RAY': '8a80058398e46fb6-IAD', 'alt-svc': 'h3=":443"; ma=86400'} 
 body={"results":[{"gender":"female","name":{"title":"Miss","first":"Suzy","last":"Clark"},"location":{"street":{"number":7542,"name":"Albert Road"},"city":"Drogheda","state":"South Dublin","country":"Ireland","postcode":74817,"coordinates":{"latitude":"-0.0443","longitude":"19.1863"},"timezone":{"offset":"-4:00","description":"Atlantic Time (Canada), Caracas, La Paz"}},"email":"suzy.clark@example.com","login":{"uuid":"e234c05c-b13a-4680-b319-162476d548fc","username":"purplebird475","password":"again","salt":"fpPAGcCp","md5":"a7d6f6f37355847491aae7077025934b","sha1":"423ebaa2d1c59ebd3fae0a3cc55a32fefdd82de3","sha256":"a69df4530ed0476d543de8e948de26d9a24f199bbf857ebb012fb57fc77565df"},"dob":{"date":"1954-04-21T10:28:19.457Z","age":70},"registered":{"date":"2007-05-03T02:54:55.639Z","age":17},"phone":"031-832-5970","cell":"081-577-4662","id":{"name":"PPS","value":"4737625T"},"picture":{"large":"https://randomuser.me/api/portraits/women/43.jpg","medium":"https://randomuser.me/api/portraits/med/women/43.jpg","thumbnail":"https://randomuser.me/api/portraits/thumb/women/43.jpg"},"nat":"IE"}],"info":{"seed":"db0e123328b4a7c0","results":1,"page":1,"version":"1.4"}} 
 </msg>
<msg time="2024-07-24T01:08:52.505635" level="INFO">/opt/hostedtoolcache/Python/3.12.4/x64/lib/python3.12/site-packages/urllib3/connectionpool.py:1099: InsecureRequestWarning: Unverified HTTPS request is being made to host 'randomuser.me'. Adding certificate verification is strongly advised. See: https://urllib3.readthedocs.io/en/latest/advanced-usage.html#tls-warnings
  warnings.warn(</msg>
<msg time="2024-07-24T01:08:52.505722" level="INFO">${response} = &lt;Response [200]&gt;</msg>
<var>${response}</var>
<arg>consultarAPI</arg>
<arg>/api</arg>
<doc>Sends a GET request on a previously created HTTP Session.</doc>
<status status="PASS" start="2024-07-24T01:08:52.411882" elapsed="0.093869"/>
</kw>
<kw name="Set Variable" owner="BuiltIn">
<msg time="2024-07-24T01:08:52.506558" level="INFO">${json_data} = {'results': [{'gender': 'female', 'name': {'title': 'Miss', 'first': 'Suzy', 'last': 'Clark'}, 'location': {'street': {'number': 7542, 'name': 'Albert Road'}, 'city': 'Drogheda', 'state': 'South Dubli...</msg>
<var>${json_data}</var>
<arg>${response.json()}</arg>
<doc>Returns the given values which can then be assigned to a variables.</doc>
<status status="PASS" start="2024-07-24T01:08:52.506115" elapsed="0.000471"/>
</kw>
<kw name="Log" owner="BuiltIn">
<msg time="2024-07-24T01:08:52.507033" level="INFO">{'results': [{'gender': 'female', 'name': {'title': 'Miss', 'first': 'Suzy', 'last': 'Clark'}, 'location': {'street': {'number': 7542, 'name': 'Albert Road'}, 'city': 'Drogheda', 'state': 'South Dublin', 'country': 'Ireland', 'postcode': 74817, 'coordinates': {'latitude': '-0.0443', 'longitude': '19.1863'}, 'timezone': {'offset': '-4:00', 'description': 'Atlantic Time (Canada), Caracas, La Paz'}}, 'email': 'suzy.clark@example.com', 'login': {'uuid': 'e234c05c-b13a-4680-b319-162476d548fc', 'username': 'purplebird475', 'password': 'again', 'salt': 'fpPAGcCp', 'md5': 'a7d6f6f37355847491aae7077025934b', 'sha1': '423ebaa2d1c59ebd3fae0a3cc55a32fefdd82de3', 'sha256': 'a69df4530ed0476d543de8e948de26d9a24f199bbf857ebb012fb57fc77565df'}, 'dob': {'date': '1954-04-21T10:28:19.457Z', 'age': 70}, 'registered': {'date': '2007-05-03T02:54:55.639Z', 'age': 17}, 'phone': '031-832-5970', 'cell': '081-577-4662', 'id': {'name': 'PPS', 'value': '4737625T'}, 'picture': {'large': 'https://randomuser.me/api/portraits/women/43.jpg', 'medium': 'https://randomuser.me/api/portraits/med/women/43.jpg', 'thumbnail': 'https://randomuser.me/api/portraits/thumb/women/43.jpg'}, 'nat': 'IE'}], 'info': {'seed': 'db0e123328b4a7c0', 'results': 1, 'page': 1, 'version': '1.4'}}</msg>
<arg>${json_data}</arg>
<doc>Logs the given message with the given level.</doc>
<status status="PASS" start="2024-07-24T01:08:52.506884" elapsed="0.000195"/>
</kw>
<kw name="Should Be Equal As Numbers" owner="BuiltIn">
<arg>${json_data['results'][0]['location']['postcode']}</arg>
<arg>${json_data['results'][0]['location']['postcode']}</arg>
<doc>Fails if objects are unequal after converting them to real numbers.</doc>
<status status="PASS" start="2024-07-24T01:08:52.507371" elapsed="0.000653"/>
</kw>
<kw name="Log" owner="BuiltIn">
<msg time="2024-07-24T01:08:52.508589" level="INFO">74817</msg>
<arg>${json_data['results'][0]['location']['postcode']}</arg>
<doc>Logs the given message with the given level.</doc>
<status status="PASS" start="2024-07-24T01:08:52.508244" elapsed="0.000385"/>
</kw>
<status status="PASS" start="2024-07-24T01:08:52.411667" elapsed="0.097211"/>
</kw>
<doc>Testa se os tipos de dados na resposta da API estão corretos.</doc>
<tag>testeTiposDados</tag>
<status status="PASS" start="2024-07-24T01:08:52.315961" elapsed="0.193069"/>
</test>
<test id="s1-s1-t5" name="Validar conteudo" line="35">
<kw name="Teste de Tipos de Conteudo" owner="random-user-service">
<kw name="GET On Session" owner="RequestsLibrary">
<msg time="2024-07-24T01:08:52.605615" level="INFO">GET Request : url=https://randomuser.me/api 
 path_url=/api 
 headers={'User-Agent': 'python-requests/2.32.3', 'Accept-Encoding': 'gzip, deflate', 'Accept': '*/*', 'Connection': 'keep-alive'} 
 body=None 
 </msg>
<msg time="2024-07-24T01:08:52.605700" level="INFO">GET Response : url=https://randomuser.me/api 
 status=200, reason=OK 
 headers={'Date': 'Wed, 24 Jul 2024 01:08:52 GMT', 'Content-Type': 'application/json; charset=utf-8', 'Transfer-Encoding': 'chunked', 'Connection': 'keep-alive', 'X-Powered-By': 'Express', 'Access-Control-Allow-Origin': '*', 'Cache-Control': 'no-cache', 'ETag': 'W/"476-Lqd66mURK0s2zEyOiNEcr9+pyS4"', 'Vary': 'Accept-Encoding', 'Content-Encoding': 'gzip', 'CF-Cache-Status': 'DYNAMIC', 'Report-To': '{"endpoints":[{"url":"https:\\/\\/a.nel.cloudflare.com\\/report\\/v4?s=wxL%2Fg1OQOe1mbRWN11p4%2FlIFNWS7hpXJFKVjQGtXaKkfbuK3hvklVH8xWlx6hCeCGVxYh6FvHI0xERtj0zl2sqeLKkXPd6xI4oGKWFbXjiSn7lfdUuPZdTVYq8jw5S3N"}],"group":"cf-nel","max_age":604800}', 'NEL': '{"success_fraction":0,"report_to":"cf-nel","max_age":604800}', 'Server': 'cloudflare', 'CF-RAY': '8a80058439856fb6-IAD', 'alt-svc': 'h3=":443"; ma=86400'} 
 body={"results":[{"gender":"female","name":{"title":"Ms","first":"Misty","last":"Curtis"},"location":{"street":{"number":6728,"name":"Fincher Rd"},"city":"Warragul","state":"South Australia","country":"Australia","postcode":9446,"coordinates":{"latitude":"-88.3534","longitude":"165.9956"},"timezone":{"offset":"+4:30","description":"Kabul"}},"email":"misty.curtis@example.com","login":{"uuid":"b3eaa4e8-52d9-4749-9c84-1e667e752870","username":"goldenbird896","password":"luna","salt":"lZKCsJJV","md5":"72b61d5dad239439a6e0b9b59062ec1e","sha1":"8885ef13bd9c9b107560b48660d784d1f8167392","sha256":"3623eb76b662b8777239e84d40f25c9aa31bee52d1ba607f045c6a11ee034ac0"},"dob":{"date":"1968-09-30T03:24:21.400Z","age":55},"registered":{"date":"2010-09-07T09:05:14.858Z","age":13},"phone":"08-4315-4070","cell":"0469-250-561","id":{"name":"TFN","value":"662443116"},"picture":{"large":"https://randomuser.me/api/portraits/women/47.jpg","medium":"https://randomuser.me/api/portraits/med/women/47.jpg","thumbnail":"https://randomuser.me/api/portraits/thumb/women/47.jpg"},"nat":"AU"}],"info":{"seed":"96f3685ecad3de64","results":1,"page":1,"version":"1.4"}} 
 </msg>
<msg time="2024-07-24T01:08:52.605773" level="INFO">/opt/hostedtoolcache/Python/3.12.4/x64/lib/python3.12/site-packages/urllib3/connectionpool.py:1099: InsecureRequestWarning: Unverified HTTPS request is being made to host 'randomuser.me'. Adding certificate verification is strongly advised. See: https://urllib3.readthedocs.io/en/latest/advanced-usage.html#tls-warnings
  warnings.warn(</msg>
<msg time="2024-07-24T01:08:52.605876" level="INFO">${response} = &lt;Response [200]&gt;</msg>
<var>${response}</var>
<arg>consultarAPI</arg>
<arg>/api</arg>
<doc>Sends a GET request on a previously created HTTP Session.</doc>
<status status="PASS" start="2024-07-24T01:08:52.511343" elapsed="0.094571"/>
</kw>
<kw name="Set Variable" owner="BuiltIn">
<msg time="2024-07-24T01:08:52.606712" level="INFO">${json_data} = {'results': [{'gender': 'female', 'name': {'title': 'Ms', 'first': 'Misty', 'last': 'Curtis'}, 'location': {'street': {'number': 6728, 'name': 'Fincher Rd'}, 'city': 'Warragul', 'state': 'South Austra...</msg>
<var>${json_data}</var>
<arg>${response.json()}</arg>
<doc>Returns the given values which can then be assigned to a variables.</doc>
<status status="PASS" start="2024-07-24T01:08:52.606278" elapsed="0.000462"/>
</kw>
<kw name="Set Variable" owner="BuiltIn">
<msg time="2024-07-24T01:08:52.607456" level="INFO">${name_title} = Ms</msg>
<var>${name_title}</var>
<arg>${json_data["results"][0]["name"]["title"]}</arg>
<doc>Returns the given values which can then be assigned to a variables.</doc>
<status status="PASS" start="2024-07-24T01:08:52.607046" elapsed="0.000439"/>
</kw>
<kw name="Create List" owner="BuiltIn">
<msg time="2024-07-24T01:08:52.607930" level="INFO">${allowed_titles} = ['Mr', 'Ms', 'Miss', 'Mrs', 'Madame', 'Monsieur']</msg>
<var>${allowed_titles}</var>
<arg>Mr</arg>
<arg>Ms</arg>
<arg>Miss</arg>
<arg>Mrs</arg>
<arg>Madame</arg>
<arg>Monsieur</arg>
<doc>Returns a list containing given items.</doc>
<status status="PASS" start="2024-07-24T01:08:52.607782" elapsed="0.000172"/>
</kw>
<kw name="List Should Contain Value" owner="Collections">
<arg>${allowed_titles}</arg>
<arg>${name_title}</arg>
<doc>Fails if the ``value`` is not found from ``list``.</doc>
<status status="PASS" start="2024-07-24T01:08:52.608253" elapsed="0.000172"/>
</kw>
<kw name="Set Variable" owner="BuiltIn">
<msg time="2024-07-24T01:08:52.608991" level="INFO">${name_country} = AU</msg>
<var>${name_country}</var>
<arg>${json_data["results"][0]["nat"]}</arg>
<doc>Returns the given values which can then be assigned to a variables.</doc>
<status status="PASS" start="2024-07-24T01:08:52.608610" elapsed="0.000406"/>
</kw>
<kw name="Create List" owner="BuiltIn">
<msg time="2024-07-24T01:08:52.609894" level="INFO">${list_country} = ['AD', 'AE', 'AF', 'AG', 'AI', 'AL', 'AM', 'AO', 'AQ', 'AR', 'AS', 'AT', 'AU', 'AW', 'AX', 'AZ', 'BA', 'BB', 'BD', 'BE', 'BF', 'BG', 'BH', 'BI', 'BJ', 'BL', 'BM', 'BN', 'BO', 'BQ', 'BR', 'BS', 'BT', '...</msg>
<var>${list_country}</var>
<arg>AD</arg>
<arg>AE</arg>
<arg>AF</arg>
<arg>AG</arg>
<arg>AI</arg>
<arg>AL</arg>
<arg>AM</arg>
<arg>AO</arg>
<arg>AQ</arg>
<arg>AR</arg>
<arg>AS</arg>
<arg>AT</arg>
<arg>AU</arg>
<arg>AW</arg>
<arg>AX</arg>
<arg>AZ</arg>
<arg>BA</arg>
<arg>BB</arg>
<arg>BD</arg>
<arg>BE</arg>
<arg>BF</arg>
<arg>BG</arg>
<arg>BH</arg>
<arg>BI</arg>
<arg>BJ</arg>
<arg>BL</arg>
<arg>BM</arg>
<arg>BN</arg>
<arg>BO</arg>
<arg>BQ</arg>
<arg>BR</arg>
<arg>BS</arg>
<arg>BT</arg>
<arg>BV</arg>
<arg>BW</arg>
<arg>BY</arg>
<arg>BZ</arg>
<arg>CA</arg>
<arg>CC</arg>
<arg>CD</arg>
<arg>CF</arg>
<arg>CG</arg>
<arg>CH</arg>
<arg>CI</arg>
<arg>CK</arg>
<arg>CL</arg>
<arg>CM</arg>
<arg>CN</arg>
<arg>CO</arg>
<arg>CR</arg>
<arg>CU</arg>
<arg>CV</arg>
<arg>CW</arg>
<arg>CX</arg>
<arg>CY</arg>
<arg>CZ</arg>
<arg>DE</arg>
<arg>DJ</arg>
<arg>DK</arg>
<arg>DM</arg>
<arg>DO</arg>
<arg>DZ</arg>
<arg>EC</arg>
<arg>EE</arg>
<arg>EG</arg>
<arg>EH</arg>
<arg>ER</arg>
<arg>ES</arg>
<arg>ET</arg>
<arg>FI</arg>
<arg>FJ</arg>
<arg>FK</arg>
<arg>FM</arg>
<arg>FO</arg>
<arg>FR</arg>
<arg>GA</arg>
<arg>GB</arg>
<arg>GD</arg>
<arg>GE</arg>
<arg>GF</arg>
<arg>GG</arg>
<arg>GH</arg>
<arg>GI</arg>
<arg>GL</arg>
<arg>GM</arg>
<arg>GN</arg>
<arg>GP</arg>
<arg>GQ</arg>
<arg>GR</arg>
<arg>GS</arg>
<arg>GT</arg>
<arg>GU</arg>
<arg>GW</arg>
<arg>GY</arg>
<arg>HK</arg>
<arg>HM</arg>
<arg>HN</arg>
<arg>HR</arg>
<arg>HT</arg>
<arg>HU</arg>
<arg>ID</arg>
<arg>IE</arg>
<arg>IL</arg>
<arg>IM</arg>
<arg>IN</arg>
<arg>IO</arg>
<arg>IQ</arg>
<arg>IR</arg>
<arg>IS</arg>
<arg>IT</arg>
<arg>JE</arg>
<arg>JM</arg>
<arg>JO</arg>
<arg>JP</arg>
<arg>KE</arg>
<arg>KG</arg>
<arg>KH</arg>
<arg>KI</arg>
<arg>KM</arg>
<arg>KN</arg>
<arg>KP</arg>
<arg>KR</arg>
<arg>KW</arg>
<arg>KY</arg>
<arg>KZ</arg>
<arg>LA</arg>
<arg>LB</arg>
<arg>LC</arg>
<arg>LI</arg>
<arg>LK</arg>
<arg>LR</arg>
<arg>LS</arg>
<arg>LT</arg>
<arg>LU</arg>
<arg>LV</arg>
<arg>LY</arg>
<arg>MA</arg>
<arg>MC</arg>
<arg>MD</arg>
<arg>ME</arg>
<arg>MF</arg>
<arg>MG</arg>
<arg>MH</arg>
<arg>MK</arg>
<arg>ML</arg>
<arg>MM</arg>
<arg>MN</arg>
<arg>MO</arg>
<arg>MP</arg>
<arg>MQ</arg>
<arg>MR</arg>
<arg>MS</arg>
<arg>MT</arg>
<arg>MU</arg>
<arg>MV</arg>
<arg>MW</arg>
<arg>MX</arg>
<arg>MY</arg>
<arg>MZ</arg>
<arg>NA</arg>
<arg>NC</arg>
<arg>NE</arg>
<arg>NF</arg>
<arg>NG</arg>
<arg>NI</arg>
<arg>NL</arg>
<arg>NO</arg>
<arg>NP</arg>
<arg>NR</arg>
<arg>NU</arg>
<arg>NZ</arg>
<arg>OM</arg>
<arg>PA</arg>
<arg>PE</arg>
<arg>PF</arg>
<arg>PG</arg>
<arg>PH</arg>
<arg>PK</arg>
<arg>PL</arg>
<arg>PM</arg>
<arg>PN</arg>
<arg>PR</arg>
<arg>PS</arg>
<arg>PT</arg>
<arg>PW</arg>
<arg>PY</arg>
<arg>QA</arg>
<arg>RE</arg>
<arg>RO</arg>
<arg>RS</arg>
<arg>RU</arg>
<arg>RW</arg>
<arg>SA</arg>
<arg>SB</arg>
<arg>SC</arg>
<arg>SD</arg>
<arg>SE</arg>
<arg>SG</arg>
<arg>SH</arg>
<arg>SI</arg>
<arg>SJ</arg>
<arg>SK</arg>
<arg>SL</arg>
<arg>SM</arg>
<arg>SN</arg>
<arg>SO</arg>
<arg>SR</arg>
<arg>SS</arg>
<arg>ST</arg>
<arg>SV</arg>
<arg>SX</arg>
<arg>SY</arg>
<arg>SZ</arg>
<arg>TC</arg>
<arg>TD</arg>
<arg>TF</arg>
<arg>TG</arg>
<arg>TH</arg>
<arg>TJ</arg>
<arg>TK</arg>
<arg>TL</arg>
<arg>TM</arg>
<arg>TN</arg>
<arg>TO</arg>
<arg>TR</arg>
<arg>TT</arg>
<arg>TV</arg>
<arg>TW</arg>
<arg>TZ</arg>
<arg>UA</arg>
<arg>UG</arg>
<arg>UM</arg>
<arg>US</arg>
<arg>UY</arg>
<arg>UZ</arg>
<arg>VA</arg>
<arg>VC</arg>
<arg>VE</arg>
<arg>VG</arg>
<arg>VI</arg>
<arg>VN</arg>
<arg>VU</arg>
<arg>WF</arg>
<arg>WS</arg>
<arg>XK</arg>
<arg>YE</arg>
<arg>YT</arg>
<arg>ZA</arg>
<arg>ZM</arg>
<arg>ZW</arg>
<doc>Returns a list containing given items.</doc>
<status status="PASS" start="2024-07-24T01:08:52.609305" elapsed="0.000615"/>
</kw>
<kw name="List Should Contain Value" owner="Collections">
<arg>${list_country}</arg>
<arg>${name_country}</arg>
<doc>Fails if the ``value`` is not found from ``list``.</doc>
<status status="PASS" start="2024-07-24T01:08:52.610840" elapsed="0.000204"/>
</kw>
<kw name="Run Keyword If" owner="BuiltIn">
<kw name="Should Be True" owner="BuiltIn">
<arg>${True}</arg>
<doc>Fails if the given condition is not true.</doc>
<status status="PASS" start="2024-07-24T01:08:52.612022" elapsed="0.000143"/>
</kw>
<arg>${json_data["results"][0]["location"]["coordinates"]["latitude"]} &gt;= -90 and ${json_data["results"][0]["location"]["coordinates"]["latitude"]} &lt;= 90</arg>
<arg>Should Be True</arg>
<arg>${True}</arg>
<doc>Runs the given keyword with the given arguments, if ``condition`` is true.</doc>
<status status="PASS" start="2024-07-24T01:08:52.611240" elapsed="0.001051"/>
</kw>
<kw name="Run Keyword If" owner="BuiltIn">
<kw name="Should Be True" owner="BuiltIn">
<arg>${True}</arg>
<doc>Fails if the given condition is not true.</doc>
<status status="PASS" start="2024-07-24T01:08:52.613161" elapsed="0.000135"/>
</kw>
<arg>${json_data["results"][0]["location"]["coordinates"]["longitude"]} &gt;= -180 and ${json_data["results"][0]["location"]["coordinates"]["longitude"]} &lt;= 180</arg>
<arg>Should Be True</arg>
<arg>${True}</arg>
<doc>Runs the given keyword with the given arguments, if ``condition`` is true.</doc>
<status status="PASS" start="2024-07-24T01:08:52.612473" elapsed="0.000944"/>
</kw>
<status status="PASS" start="2024-07-24T01:08:52.511130" elapsed="0.102414"/>
</kw>
<doc>Testa o conteúdo específico dos campos retornados pela API.</doc>
<tag>testeConteudo</tag>
<status status="PASS" start="2024-07-24T01:08:52.510718" elapsed="0.102968"/>
</test>
<status status="PASS" start="2024-07-24T01:08:51.689099" elapsed="0.926462"/>
</suite>
<status status="PASS" start="2024-07-24T01:08:51.674889" elapsed="0.945563"/>
</suite>
<statistics>
<total>
<stat pass="5" fail="0" skip="0">All Tests</stat>
</total>
<tag>
<stat pass="1" fail="0" skip="0">testeConteudo</stat>
<stat pass="1" fail="0" skip="0">testeEstruturaResposta</stat>
<stat pass="1" fail="0" skip="0">testeRequisicaoBasica</stat>
<stat pass="1" fail="0" skip="0">testeTiposDados</stat>
</tag>
<suite>
<stat pass="5" fail="0" skip="0" id="s1" name="Tests">Tests</stat>
<stat pass="5" fail="0" skip="0" id="s1-s1" name="Random-User-Test">Tests.Random-User-Test</stat>
</suite>
</statistics>
<errors>
</errors>
</robot>
