<?xml version="1.0" encoding="UTF-8"?>
<robot generator="Robot 7.0 (Python 3.12.2 on linux)" generated="2024-04-12T05:15:33.128729" rpa="false" schemaversion="5">
<suite id="s1" name="Tests" source="/home/runner/work/DesafioQAItauRogerioJordao/DesafioQAItauRogerioJordao/RamdonUser/tests">
<suite id="s1-s1" name="Random-User-Test" source="/home/runner/work/DesafioQAItauRogerioJordao/DesafioQAItauRogerioJordao/RamdonUser/tests/random-user-test.robot">
<test id="s1-s1-t1" name="Conectar" line="13">
<kw name="Conectar API" owner="random-user-service">
<kw name="Create Session" owner="RequestsLibrary">
<msg time="2024-04-12T05:15:33.491765" level="INFO">Creating Session using : alias=consultarAPI, url=https://randomuser.me/, headers={},                     cookies={}, auth=None, timeout=None, proxies=None, verify=False,                     debug=0 </msg>
<arg>consultarAPI</arg>
<arg>${URL}</arg>
<doc>Create Session: create a HTTP session to a server</doc>
<status status="PASS" start="2024-04-12T05:15:33.491543" elapsed="0.000389"/>
</kw>
<status status="PASS" start="2024-04-12T05:15:33.490539" elapsed="0.001741"/>
</kw>
<status status="PASS" start="2024-04-12T05:15:33.489940" elapsed="0.002549"/>
</test>
<test id="s1-s1-t2" name="Validar retorno 200 e JSON Válido" line="16">
<kw name="Teste de Requisicao Basica" owner="random-user-service">
<kw name="GET On Session" owner="RequestsLibrary">
<msg time="2024-04-12T05:15:33.583050" level="INFO">GET Request : url=https://randomuser.me/api 
 path_url=/api 
 headers={'User-Agent': 'python-requests/2.31.0', 'Accept-Encoding': 'gzip, deflate', 'Accept': '*/*', 'Connection': 'keep-alive'} 
 body=None 
 </msg>
<msg time="2024-04-12T05:15:33.583178" level="INFO">GET Response : url=https://randomuser.me/api 
 status=200, reason=OK 
 headers={'Date': 'Fri, 12 Apr 2024 05:15:33 GMT', 'Content-Type': 'application/json; charset=utf-8', 'Transfer-Encoding': 'chunked', 'Connection': 'keep-alive', 'X-Powered-By': 'Express', 'Access-Control-Allow-Origin': '*', 'Cache-Control': 'no-cache', 'ETag': 'W/"493-AdKnaj6GlFTOSuZTbKjLq9/+Dow"', 'Vary': 'Accept-Encoding', 'Content-Encoding': 'gzip', 'CF-Cache-Status': 'DYNAMIC', 'Report-To': '{"endpoints":[{"url":"https:\\/\\/a.nel.cloudflare.com\\/report\\/v4?s=3sfsa0Mju1cAZIKXa8AJIeArfgb3orzQ98GFMkX4GRi2kkzLN0t%2Fd%2BF%2FYapy%2FDdFgfulNXjcrvQnLJM15izE6lhK1U3s90PpS%2BQHMFG6I0d1bBCMF0biqEhr8CUOyDpT"}],"group":"cf-nel","max_age":604800}', 'NEL': '{"success_fraction":0,"report_to":"cf-nel","max_age":604800}', 'Server': 'cloudflare', 'CF-RAY': '8730bd3e98e7081e-IAD', 'alt-svc': 'h3=":443"; ma=86400'} 
 body={"results":[{"gender":"female","name":{"title":"Mrs","first":"Nicole","last":"Robertson"},"location":{"street":{"number":5552,"name":"Strand Road"},"city":"Ardee","state":"Leitrim","country":"Ireland","postcode":97249,"coordinates":{"latitude":"-1.3601","longitude":"15.3844"},"timezone":{"offset":"-5:00","description":"Eastern Time (US &amp; Canada), Bogota, Lima"}},"email":"nicole.robertson@example.com","login":{"uuid":"cc748c08-f34d-42d1-b3c6-a1c408f6e6f3","username":"happymouse200","password":"saleen","salt":"nq1k1f7l","md5":"2a8afba99dcd9846afae205ccc77a0a5","sha1":"2ad87193c61fd50bddd5ea70b369da098e216615","sha256":"3db1d92071ec8296bed6fb7c3b7a04f878a4fdebc7c1e393a536768305d20c23"},"dob":{"date":"1990-09-11T20:54:47.830Z","age":33},"registered":{"date":"2008-03-06T19:18:25.370Z","age":16},"phone":"041-938-3922","cell":"081-589-0344","id":{"name":"PPS","value":"2211134T"},"picture":{"large":"https://randomuser.me/api/portraits/women/5.jpg","medium":"https://randomuser.me/api/portraits/med/women/5.jpg","thumbnail":"https://randomuser.me/api/portraits/thumb/women/5.jpg"},"nat":"IE"}],"info":{"seed":"15f1884068655556","results":1,"page":1,"version":"1.4"}} 
 </msg>
<msg time="2024-04-12T05:15:33.583264" level="INFO">/opt/hostedtoolcache/Python/3.12.2/x64/lib/python3.12/site-packages/urllib3/connectionpool.py:1103: InsecureRequestWarning: Unverified HTTPS request is being made to host 'randomuser.me'. Adding certificate verification is strongly advised. See: https://urllib3.readthedocs.io/en/latest/advanced-usage.html#tls-warnings
  warnings.warn(</msg>
<msg time="2024-04-12T05:15:33.583404" level="INFO">${response} = &lt;Response [200]&gt;</msg>
<var>${response}</var>
<arg>consultarAPI</arg>
<arg>/api</arg>
<doc>Sends a GET request on a previously created HTTP Session.</doc>
<status status="PASS" start="2024-04-12T05:15:33.495112" elapsed="0.088340"/>
</kw>
<kw name="Should Be Equal As Numbers" owner="BuiltIn">
<msg time="2024-04-12T05:15:33.584326" level="INFO">Argument types are:
&lt;class 'int'&gt;
&lt;class 'str'&gt;</msg>
<arg>${response.status_code}</arg>
<arg>200</arg>
<doc>Fails if objects are unequal after converting them to real numbers.</doc>
<status status="PASS" start="2024-04-12T05:15:33.583905" elapsed="0.000486"/>
</kw>
<kw name="Log" owner="BuiltIn">
<msg time="2024-04-12T05:15:33.585097" level="INFO">200</msg>
<arg>${response.status_code}</arg>
<doc>Logs the given message with the given level.</doc>
<status status="PASS" start="2024-04-12T05:15:33.584716" elapsed="0.000427"/>
</kw>
<kw name="Set Variable" owner="BuiltIn">
<msg time="2024-04-12T05:15:33.585898" level="INFO">${json_data} = {'results': [{'gender': 'female', 'name': {'title': 'Mrs', 'first': 'Nicole', 'last': 'Robertson'}, 'location': {'street': {'number': 5552, 'name': 'Strand Road'}, 'city': 'Ardee', 'state': 'Leitrim',...</msg>
<var>${json_data}</var>
<arg>${response.json()}</arg>
<doc>Returns the given values which can then be assigned to a variables.</doc>
<status status="PASS" start="2024-04-12T05:15:33.585457" elapsed="0.000469"/>
</kw>
<kw name="Dictionary Should Contain Key" owner="Collections">
<msg time="2024-04-12T05:15:33.586402" level="INFO">False</msg>
<arg>${json_data}</arg>
<arg>results</arg>
<doc>Fails if ``key`` is not found from ``dictionary``.</doc>
<status status="PASS" start="2024-04-12T05:15:33.586235" elapsed="0.000208"/>
</kw>
<status status="PASS" start="2024-04-12T05:15:33.494862" elapsed="0.091838"/>
</kw>
<doc>Testa se a API responde corretamente e retorna um objeto JSON válido.</doc>
<tag>testeRequisicaoBasica</tag>
<status status="PASS" start="2024-04-12T05:15:33.494325" elapsed="0.092551"/>
</test>
<test id="s1-s1-t3" name="Validar estrutura de resposta" line="22">
<kw name="Teste de Estrutura de Resposta" owner="random-user-service">
<kw name="GET On Session" owner="RequestsLibrary">
<msg time="2024-04-12T05:15:33.665580" level="INFO">GET Request : url=https://randomuser.me/api 
 path_url=/api 
 headers={'User-Agent': 'python-requests/2.31.0', 'Accept-Encoding': 'gzip, deflate', 'Accept': '*/*', 'Connection': 'keep-alive'} 
 body=None 
 </msg>
<msg time="2024-04-12T05:15:33.665665" level="INFO">GET Response : url=https://randomuser.me/api 
 status=200, reason=OK 
 headers={'Date': 'Fri, 12 Apr 2024 05:15:33 GMT', 'Content-Type': 'application/json; charset=utf-8', 'Transfer-Encoding': 'chunked', 'Connection': 'keep-alive', 'X-Powered-By': 'Express', 'Access-Control-Allow-Origin': '*', 'Cache-Control': 'no-cache', 'ETag': 'W/"493-ZQx9Mdk4vHHRHJnAd1Oqr6NfK0o"', 'Vary': 'Accept-Encoding', 'Content-Encoding': 'gzip', 'CF-Cache-Status': 'DYNAMIC', 'Report-To': '{"endpoints":[{"url":"https:\\/\\/a.nel.cloudflare.com\\/report\\/v4?s=21iinniaHduRfomEwkZlphGKKjybopsev%2FrhcHPshVde9T78GFg%2FUqu5XNfubsHdhuGRkcuIjcc9LUsI0DUdWXpQxdOas0ISyrzc9lCeqAZ8fQMnOiheBSKmBo3nFlsO"}],"group":"cf-nel","max_age":604800}', 'NEL': '{"success_fraction":0,"report_to":"cf-nel","max_age":604800}', 'Server': 'cloudflare', 'CF-RAY': '8730bd3ef9a5081e-IAD', 'alt-svc': 'h3=":443"; ma=86400'} 
 body={"results":[{"gender":"male","name":{"title":"Mr","first":"Desimir","last":"Silić"},"location":{"street":{"number":8366,"name":"Pudarački Put"},"city":"Vrnjačka Banja","state":"North Banat","country":"Serbia","postcode":92165,"coordinates":{"latitude":"63.7062","longitude":"-51.1986"},"timezone":{"offset":"+5:30","description":"Bombay, Calcutta, Madras, New Delhi"}},"email":"desimir.silic@example.com","login":{"uuid":"2bbdbf6e-7e1a-43e7-b780-4a6bee87993f","username":"lazybear351","password":"hun999","salt":"C7eNn5D7","md5":"0591a4747e19ddca6f9961c422f5b9a2","sha1":"e7b67e67beb5dc5a4304aeb8693452038e889af8","sha256":"7c817c911d8e5ff9989d2ae2612ec5c60b6740acb2e300d9be57b53228e39b57"},"dob":{"date":"1980-09-07T04:55:50.235Z","age":43},"registered":{"date":"2009-11-08T19:19:00.917Z","age":14},"phone":"039-5465-299","cell":"067-1912-997","id":{"name":"SID","value":"326467650"},"picture":{"large":"https://randomuser.me/api/portraits/men/72.jpg","medium":"https://randomuser.me/api/portraits/med/men/72.jpg","thumbnail":"https://randomuser.me/api/portraits/thumb/men/72.jpg"},"nat":"RS"}],"info":{"seed":"1c032cedb358e2f1","results":1,"page":1,"version":"1.4"}} 
 </msg>
<msg time="2024-04-12T05:15:33.665787" level="INFO">/opt/hostedtoolcache/Python/3.12.2/x64/lib/python3.12/site-packages/urllib3/connectionpool.py:1103: InsecureRequestWarning: Unverified HTTPS request is being made to host 'randomuser.me'. Adding certificate verification is strongly advised. See: https://urllib3.readthedocs.io/en/latest/advanced-usage.html#tls-warnings
  warnings.warn(</msg>
<msg time="2024-04-12T05:15:33.665898" level="INFO">${response} = &lt;Response [200]&gt;</msg>
<var>${response}</var>
<arg>consultarAPI</arg>
<arg>/api</arg>
<doc>Sends a GET request on a previously created HTTP Session.</doc>
<status status="PASS" start="2024-04-12T05:15:33.590046" elapsed="0.075892"/>
</kw>
<kw name="Set Variable" owner="BuiltIn">
<msg time="2024-04-12T05:15:33.666993" level="INFO">${json_data} = {'results': [{'gender': 'male', 'name': {'title': 'Mr', 'first': 'Desimir', 'last': 'Silić'}, 'location': {'street': {'number': 8366, 'name': 'Pudarački Put'}, 'city': 'Vrnjačka Banja', 'state': 'Nort...</msg>
<var>${json_data}</var>
<arg>${response.json()}</arg>
<doc>Returns the given values which can then be assigned to a variables.</doc>
<status status="PASS" start="2024-04-12T05:15:33.666422" elapsed="0.000602"/>
</kw>
<kw name="Log" owner="BuiltIn">
<msg time="2024-04-12T05:15:33.667507" level="INFO">{'results': [{'gender': 'male', 'name': {'title': 'Mr', 'first': 'Desimir', 'last': 'Silić'}, 'location': {'street': {'number': 8366, 'name': 'Pudarački Put'}, 'city': 'Vrnjačka Banja', 'state': 'North Banat', 'country': 'Serbia', 'postcode': 92165, 'coordinates': {'latitude': '63.7062', 'longitude': '-51.1986'}, 'timezone': {'offset': '+5:30', 'description': 'Bombay, Calcutta, Madras, New Delhi'}}, 'email': 'desimir.silic@example.com', 'login': {'uuid': '2bbdbf6e-7e1a-43e7-b780-4a6bee87993f', 'username': 'lazybear351', 'password': 'hun999', 'salt': 'C7eNn5D7', 'md5': '0591a4747e19ddca6f9961c422f5b9a2', 'sha1': 'e7b67e67beb5dc5a4304aeb8693452038e889af8', 'sha256': '7c817c911d8e5ff9989d2ae2612ec5c60b6740acb2e300d9be57b53228e39b57'}, 'dob': {'date': '1980-09-07T04:55:50.235Z', 'age': 43}, 'registered': {'date': '2009-11-08T19:19:00.917Z', 'age': 14}, 'phone': '039-5465-299', 'cell': '067-1912-997', 'id': {'name': 'SID', 'value': '326467650'}, 'picture': {'large': 'https://randomuser.me/api/portraits/men/72.jpg', 'medium': 'https://randomuser.me/api/portraits/med/men/72.jpg', 'thumbnail': 'https://randomuser.me/api/portraits/thumb/men/72.jpg'}, 'nat': 'RS'}], 'info': {'seed': '1c032cedb358e2f1', 'results': 1, 'page': 1, 'version': '1.4'}}</msg>
<arg>${json_data}</arg>
<doc>Logs the given message with the given level.</doc>
<status status="PASS" start="2024-04-12T05:15:33.667341" elapsed="0.000219"/>
</kw>
<kw name="Dictionary Should Contain Key" owner="Collections">
<msg time="2024-04-12T05:15:33.668063" level="INFO">False</msg>
<arg>${json_data}</arg>
<arg>results</arg>
<doc>Fails if ``key`` is not found from ``dictionary``.</doc>
<status status="PASS" start="2024-04-12T05:15:33.667904" elapsed="0.000196"/>
</kw>
<kw name="Should Not Be Empty" owner="BuiltIn">
<msg time="2024-04-12T05:15:33.668540" level="INFO">Length is 2.</msg>
<arg>${json_data}</arg>
<doc>Verifies that the given item is not empty.</doc>
<status status="PASS" start="2024-04-12T05:15:33.668402" elapsed="0.000178"/>
</kw>
<kw name="Create List" owner="BuiltIn">
<msg time="2024-04-12T05:15:33.669035" level="INFO">${expected_keys} = ['gender', 'name', 'location', 'email', 'login']</msg>
<var>${expected_keys}</var>
<arg>gender</arg>
<arg>name</arg>
<arg>location</arg>
<arg>email</arg>
<arg>login</arg>
<doc>Returns a list containing given items.</doc>
<status status="PASS" start="2024-04-12T05:15:33.668881" elapsed="0.000179"/>
</kw>
<for flavor="IN">
<iter>
<kw name="Dictionary Should Contain Key" owner="Collections">
<msg time="2024-04-12T05:15:33.670039" level="INFO">False</msg>
<arg>${json_data['results'][0]}</arg>
<arg>${key}</arg>
<doc>Fails if ``key`` is not found from ``dictionary``.</doc>
<status status="PASS" start="2024-04-12T05:15:33.669634" elapsed="0.000445"/>
</kw>
<kw name="Log" owner="BuiltIn">
<msg time="2024-04-12T05:15:33.670797" level="INFO">{'gender': 'male', 'name': {'title': 'Mr', 'first': 'Desimir', 'last': 'Silić'}, 'location': {'street': {'number': 8366, 'name': 'Pudarački Put'}, 'city': 'Vrnjačka Banja', 'state': 'North Banat', 'country': 'Serbia', 'postcode': 92165, 'coordinates': {'latitude': '63.7062', 'longitude': '-51.1986'}, 'timezone': {'offset': '+5:30', 'description': 'Bombay, Calcutta, Madras, New Delhi'}}, 'email': 'desimir.silic@example.com', 'login': {'uuid': '2bbdbf6e-7e1a-43e7-b780-4a6bee87993f', 'username': 'lazybear351', 'password': 'hun999', 'salt': 'C7eNn5D7', 'md5': '0591a4747e19ddca6f9961c422f5b9a2', 'sha1': 'e7b67e67beb5dc5a4304aeb8693452038e889af8', 'sha256': '7c817c911d8e5ff9989d2ae2612ec5c60b6740acb2e300d9be57b53228e39b57'}, 'dob': {'date': '1980-09-07T04:55:50.235Z', 'age': 43}, 'registered': {'date': '2009-11-08T19:19:00.917Z', 'age': 14}, 'phone': '039-5465-299', 'cell': '067-1912-997', 'id': {'name': 'SID', 'value': '326467650'}, 'picture': {'large': 'https://randomuser.me/api/portraits/men/72.jpg', 'medium': 'https://randomuser.me/api/portraits/med/men/72.jpg', 'thumbnail': 'https://randomuser.me/api/portraits/thumb/men/72.jpg'}, 'nat': 'RS'}</msg>
<arg>${json_data['results'][0]}</arg>
<doc>Logs the given message with the given level.</doc>
<status status="PASS" start="2024-04-12T05:15:33.670412" elapsed="0.000438"/>
</kw>
<kw name="Log" owner="BuiltIn">
<msg time="2024-04-12T05:15:33.671293" level="INFO">gender</msg>
<arg>${key}</arg>
<doc>Logs the given message with the given level.</doc>
<status status="PASS" start="2024-04-12T05:15:33.671160" elapsed="0.000172"/>
</kw>
<var name="${key}">gender</var>
<status status="PASS" start="2024-04-12T05:15:33.669504" elapsed="0.002050"/>
</iter>
<iter>
<kw name="Dictionary Should Contain Key" owner="Collections">
<msg time="2024-04-12T05:15:33.672289" level="INFO">False</msg>
<arg>${json_data['results'][0]}</arg>
<arg>${key}</arg>
<doc>Fails if ``key`` is not found from ``dictionary``.</doc>
<status status="PASS" start="2024-04-12T05:15:33.671896" elapsed="0.000432"/>
</kw>
<kw name="Log" owner="BuiltIn">
<msg time="2024-04-12T05:15:33.673036" level="INFO">{'gender': 'male', 'name': {'title': 'Mr', 'first': 'Desimir', 'last': 'Silić'}, 'location': {'street': {'number': 8366, 'name': 'Pudarački Put'}, 'city': 'Vrnjačka Banja', 'state': 'North Banat', 'country': 'Serbia', 'postcode': 92165, 'coordinates': {'latitude': '63.7062', 'longitude': '-51.1986'}, 'timezone': {'offset': '+5:30', 'description': 'Bombay, Calcutta, Madras, New Delhi'}}, 'email': 'desimir.silic@example.com', 'login': {'uuid': '2bbdbf6e-7e1a-43e7-b780-4a6bee87993f', 'username': 'lazybear351', 'password': 'hun999', 'salt': 'C7eNn5D7', 'md5': '0591a4747e19ddca6f9961c422f5b9a2', 'sha1': 'e7b67e67beb5dc5a4304aeb8693452038e889af8', 'sha256': '7c817c911d8e5ff9989d2ae2612ec5c60b6740acb2e300d9be57b53228e39b57'}, 'dob': {'date': '1980-09-07T04:55:50.235Z', 'age': 43}, 'registered': {'date': '2009-11-08T19:19:00.917Z', 'age': 14}, 'phone': '039-5465-299', 'cell': '067-1912-997', 'id': {'name': 'SID', 'value': '326467650'}, 'picture': {'large': 'https://randomuser.me/api/portraits/men/72.jpg', 'medium': 'https://randomuser.me/api/portraits/med/men/72.jpg', 'thumbnail': 'https://randomuser.me/api/portraits/thumb/men/72.jpg'}, 'nat': 'RS'}</msg>
<arg>${json_data['results'][0]}</arg>
<doc>Logs the given message with the given level.</doc>
<status status="PASS" start="2024-04-12T05:15:33.672666" elapsed="0.000422"/>
</kw>
<kw name="Log" owner="BuiltIn">
<msg time="2024-04-12T05:15:33.673525" level="INFO">name</msg>
<arg>${key}</arg>
<doc>Logs the given message with the given level.</doc>
<status status="PASS" start="2024-04-12T05:15:33.673395" elapsed="0.000170"/>
</kw>
<var name="${key}">name</var>
<status status="PASS" start="2024-04-12T05:15:33.671774" elapsed="0.002013"/>
</iter>
<iter>
<kw name="Dictionary Should Contain Key" owner="Collections">
<msg time="2024-04-12T05:15:33.674486" level="INFO">False</msg>
<arg>${json_data['results'][0]}</arg>
<arg>${key}</arg>
<doc>Fails if ``key`` is not found from ``dictionary``.</doc>
<status status="PASS" start="2024-04-12T05:15:33.674091" elapsed="0.000435"/>
</kw>
<kw name="Log" owner="BuiltIn">
<msg time="2024-04-12T05:15:33.675206" level="INFO">{'gender': 'male', 'name': {'title': 'Mr', 'first': 'Desimir', 'last': 'Silić'}, 'location': {'street': {'number': 8366, 'name': 'Pudarački Put'}, 'city': 'Vrnjačka Banja', 'state': 'North Banat', 'country': 'Serbia', 'postcode': 92165, 'coordinates': {'latitude': '63.7062', 'longitude': '-51.1986'}, 'timezone': {'offset': '+5:30', 'description': 'Bombay, Calcutta, Madras, New Delhi'}}, 'email': 'desimir.silic@example.com', 'login': {'uuid': '2bbdbf6e-7e1a-43e7-b780-4a6bee87993f', 'username': 'lazybear351', 'password': 'hun999', 'salt': 'C7eNn5D7', 'md5': '0591a4747e19ddca6f9961c422f5b9a2', 'sha1': 'e7b67e67beb5dc5a4304aeb8693452038e889af8', 'sha256': '7c817c911d8e5ff9989d2ae2612ec5c60b6740acb2e300d9be57b53228e39b57'}, 'dob': {'date': '1980-09-07T04:55:50.235Z', 'age': 43}, 'registered': {'date': '2009-11-08T19:19:00.917Z', 'age': 14}, 'phone': '039-5465-299', 'cell': '067-1912-997', 'id': {'name': 'SID', 'value': '326467650'}, 'picture': {'large': 'https://randomuser.me/api/portraits/men/72.jpg', 'medium': 'https://randomuser.me/api/portraits/med/men/72.jpg', 'thumbnail': 'https://randomuser.me/api/portraits/thumb/men/72.jpg'}, 'nat': 'RS'}</msg>
<arg>${json_data['results'][0]}</arg>
<doc>Logs the given message with the given level.</doc>
<status status="PASS" start="2024-04-12T05:15:33.674833" elapsed="0.000431"/>
</kw>
<kw name="Log" owner="BuiltIn">
<msg time="2024-04-12T05:15:33.675698" level="INFO">location</msg>
<arg>${key}</arg>
<doc>Logs the given message with the given level.</doc>
<status status="PASS" start="2024-04-12T05:15:33.675569" elapsed="0.000194"/>
</kw>
<var name="${key}">location</var>
<status status="PASS" start="2024-04-12T05:15:33.673975" elapsed="0.002025"/>
</iter>
<iter>
<kw name="Dictionary Should Contain Key" owner="Collections">
<msg time="2024-04-12T05:15:33.676674" level="INFO">False</msg>
<arg>${json_data['results'][0]}</arg>
<arg>${key}</arg>
<doc>Fails if ``key`` is not found from ``dictionary``.</doc>
<status status="PASS" start="2024-04-12T05:15:33.676291" elapsed="0.000422"/>
</kw>
<kw name="Log" owner="BuiltIn">
<msg time="2024-04-12T05:15:33.677388" level="INFO">{'gender': 'male', 'name': {'title': 'Mr', 'first': 'Desimir', 'last': 'Silić'}, 'location': {'street': {'number': 8366, 'name': 'Pudarački Put'}, 'city': 'Vrnjačka Banja', 'state': 'North Banat', 'country': 'Serbia', 'postcode': 92165, 'coordinates': {'latitude': '63.7062', 'longitude': '-51.1986'}, 'timezone': {'offset': '+5:30', 'description': 'Bombay, Calcutta, Madras, New Delhi'}}, 'email': 'desimir.silic@example.com', 'login': {'uuid': '2bbdbf6e-7e1a-43e7-b780-4a6bee87993f', 'username': 'lazybear351', 'password': 'hun999', 'salt': 'C7eNn5D7', 'md5': '0591a4747e19ddca6f9961c422f5b9a2', 'sha1': 'e7b67e67beb5dc5a4304aeb8693452038e889af8', 'sha256': '7c817c911d8e5ff9989d2ae2612ec5c60b6740acb2e300d9be57b53228e39b57'}, 'dob': {'date': '1980-09-07T04:55:50.235Z', 'age': 43}, 'registered': {'date': '2009-11-08T19:19:00.917Z', 'age': 14}, 'phone': '039-5465-299', 'cell': '067-1912-997', 'id': {'name': 'SID', 'value': '326467650'}, 'picture': {'large': 'https://randomuser.me/api/portraits/men/72.jpg', 'medium': 'https://randomuser.me/api/portraits/med/men/72.jpg', 'thumbnail': 'https://randomuser.me/api/portraits/thumb/men/72.jpg'}, 'nat': 'RS'}</msg>
<arg>${json_data['results'][0]}</arg>
<doc>Logs the given message with the given level.</doc>
<status status="PASS" start="2024-04-12T05:15:33.677017" elapsed="0.000422"/>
</kw>
<kw name="Log" owner="BuiltIn">
<msg time="2024-04-12T05:15:33.677883" level="INFO">email</msg>
<arg>${key}</arg>
<doc>Logs the given message with the given level.</doc>
<status status="PASS" start="2024-04-12T05:15:33.677745" elapsed="0.000177"/>
</kw>
<var name="${key}">email</var>
<status status="PASS" start="2024-04-12T05:15:33.676178" elapsed="0.001962"/>
</iter>
<iter>
<kw name="Dictionary Should Contain Key" owner="Collections">
<msg time="2024-04-12T05:15:33.678816" level="INFO">False</msg>
<arg>${json_data['results'][0]}</arg>
<arg>${key}</arg>
<doc>Fails if ``key`` is not found from ``dictionary``.</doc>
<status status="PASS" start="2024-04-12T05:15:33.678430" elapsed="0.000425"/>
</kw>
<kw name="Log" owner="BuiltIn">
<msg time="2024-04-12T05:15:33.679518" level="INFO">{'gender': 'male', 'name': {'title': 'Mr', 'first': 'Desimir', 'last': 'Silić'}, 'location': {'street': {'number': 8366, 'name': 'Pudarački Put'}, 'city': 'Vrnjačka Banja', 'state': 'North Banat', 'country': 'Serbia', 'postcode': 92165, 'coordinates': {'latitude': '63.7062', 'longitude': '-51.1986'}, 'timezone': {'offset': '+5:30', 'description': 'Bombay, Calcutta, Madras, New Delhi'}}, 'email': 'desimir.silic@example.com', 'login': {'uuid': '2bbdbf6e-7e1a-43e7-b780-4a6bee87993f', 'username': 'lazybear351', 'password': 'hun999', 'salt': 'C7eNn5D7', 'md5': '0591a4747e19ddca6f9961c422f5b9a2', 'sha1': 'e7b67e67beb5dc5a4304aeb8693452038e889af8', 'sha256': '7c817c911d8e5ff9989d2ae2612ec5c60b6740acb2e300d9be57b53228e39b57'}, 'dob': {'date': '1980-09-07T04:55:50.235Z', 'age': 43}, 'registered': {'date': '2009-11-08T19:19:00.917Z', 'age': 14}, 'phone': '039-5465-299', 'cell': '067-1912-997', 'id': {'name': 'SID', 'value': '326467650'}, 'picture': {'large': 'https://randomuser.me/api/portraits/men/72.jpg', 'medium': 'https://randomuser.me/api/portraits/med/men/72.jpg', 'thumbnail': 'https://randomuser.me/api/portraits/thumb/men/72.jpg'}, 'nat': 'RS'}</msg>
<arg>${json_data['results'][0]}</arg>
<doc>Logs the given message with the given level.</doc>
<status status="PASS" start="2024-04-12T05:15:33.679153" elapsed="0.000415"/>
</kw>
<kw name="Log" owner="BuiltIn">
<msg time="2024-04-12T05:15:33.680043" level="INFO">login</msg>
<arg>${key}</arg>
<doc>Logs the given message with the given level.</doc>
<status status="PASS" start="2024-04-12T05:15:33.679906" elapsed="0.000177"/>
</kw>
<var name="${key}">login</var>
<status status="PASS" start="2024-04-12T05:15:33.678316" elapsed="0.002016"/>
</iter>
<var>${key}</var>
<value>@{expected_keys}</value>
<status status="PASS" start="2024-04-12T05:15:33.669320" elapsed="0.011152"/>
</for>
<kw name="Create List" owner="BuiltIn">
<msg time="2024-04-12T05:15:33.680827" level="INFO">${expected_keysTwo} = ['username', 'password']</msg>
<var>${expected_keysTwo}</var>
<arg>username</arg>
<arg>password</arg>
<doc>Returns a list containing given items.</doc>
<status status="PASS" start="2024-04-12T05:15:33.680684" elapsed="0.000168"/>
</kw>
<for flavor="IN">
<iter>
<kw name="Dictionary Should Contain Key" owner="Collections">
<msg time="2024-04-12T05:15:33.681872" level="INFO">False</msg>
<arg>${json_data['results'][0]['login']}</arg>
<arg>${keyTwo}</arg>
<doc>Fails if ``key`` is not found from ``dictionary``.</doc>
<status status="PASS" start="2024-04-12T05:15:33.681475" elapsed="0.000436"/>
</kw>
<kw name="Dictionary Should Contain Key" owner="Collections">
<msg time="2024-04-12T05:15:33.682603" level="INFO">False</msg>
<arg>${json_data['results'][0]['login']}</arg>
<arg>${keyTwo}</arg>
<doc>Fails if ``key`` is not found from ``dictionary``.</doc>
<status status="PASS" start="2024-04-12T05:15:33.682214" elapsed="0.000428"/>
</kw>
<kw name="Log" owner="BuiltIn">
<msg time="2024-04-12T05:15:33.683068" level="INFO">username</msg>
<arg>${keyTwo}</arg>
<doc>Logs the given message with the given level.</doc>
<status status="PASS" start="2024-04-12T05:15:33.682940" elapsed="0.000167"/>
</kw>
<var name="${keyTwo}">username</var>
<status status="PASS" start="2024-04-12T05:15:33.681359" elapsed="0.001968"/>
</iter>
<iter>
<kw name="Dictionary Should Contain Key" owner="Collections">
<msg time="2024-04-12T05:15:33.684028" level="INFO">False</msg>
<arg>${json_data['results'][0]['login']}</arg>
<arg>${keyTwo}</arg>
<doc>Fails if ``key`` is not found from ``dictionary``.</doc>
<status status="PASS" start="2024-04-12T05:15:33.683617" elapsed="0.000450"/>
</kw>
<kw name="Dictionary Should Contain Key" owner="Collections">
<msg time="2024-04-12T05:15:33.684746" level="INFO">False</msg>
<arg>${json_data['results'][0]['login']}</arg>
<arg>${keyTwo}</arg>
<doc>Fails if ``key`` is not found from ``dictionary``.</doc>
<status status="PASS" start="2024-04-12T05:15:33.684363" elapsed="0.000421"/>
</kw>
<kw name="Log" owner="BuiltIn">
<msg time="2024-04-12T05:15:33.685207" level="INFO">password</msg>
<arg>${keyTwo}</arg>
<doc>Logs the given message with the given level.</doc>
<status status="PASS" start="2024-04-12T05:15:33.685077" elapsed="0.000169"/>
</kw>
<var name="${keyTwo}">password</var>
<status status="PASS" start="2024-04-12T05:15:33.683505" elapsed="0.001958"/>
</iter>
<var>${keyTwo}</var>
<value>@{expected_keysTwo}</value>
<status status="PASS" start="2024-04-12T05:15:33.681103" elapsed="0.004485"/>
</for>
<status status="PASS" start="2024-04-12T05:15:33.589724" elapsed="0.096006"/>
</kw>
<doc>Testa a estrutura da resposta da API.</doc>
<tag>testeEstruturaResposta</tag>
<status status="PASS" start="2024-04-12T05:15:33.588772" elapsed="0.097124"/>
</test>
<test id="s1-s1-t4" name="Validar tipos de dados" line="28">
<kw name="Teste de Tipos de Dados" owner="random-user-service">
<kw name="GET On Session" owner="RequestsLibrary">
<msg time="2024-04-12T05:15:33.779596" level="INFO">GET Request : url=https://randomuser.me/api 
 path_url=/api 
 headers={'User-Agent': 'python-requests/2.31.0', 'Accept-Encoding': 'gzip, deflate', 'Accept': '*/*', 'Connection': 'keep-alive'} 
 body=None 
 </msg>
<msg time="2024-04-12T05:15:33.779685" level="INFO">GET Response : url=https://randomuser.me/api 
 status=200, reason=OK 
 headers={'Date': 'Fri, 12 Apr 2024 05:15:33 GMT', 'Content-Type': 'application/json; charset=utf-8', 'Transfer-Encoding': 'chunked', 'Connection': 'keep-alive', 'X-Powered-By': 'Express', 'Access-Control-Allow-Origin': '*', 'Cache-Control': 'no-cache', 'ETag': 'W/"4a7-soAIQMh5xyN6YNH1mx5+eV4SlCk"', 'Vary': 'Accept-Encoding', 'Content-Encoding': 'gzip', 'CF-Cache-Status': 'DYNAMIC', 'Report-To': '{"endpoints":[{"url":"https:\\/\\/a.nel.cloudflare.com\\/report\\/v4?s=z7jwY1yzHgGcHNQ5L9bJgl4PQ5rIPZL5yAuiJLa7b3Wqm1d4FqFZKD8PP30QtuxRrrpi2RTSKRo8FwE4TDXBCq5qmNWbJqXOZgoasIRC0qdKhPzAYEj0Avb53jCEJ9Yn"}],"group":"cf-nel","max_age":604800}', 'NEL': '{"success_fraction":0,"report_to":"cf-nel","max_age":604800}', 'Server': 'cloudflare', 'CF-RAY': '8730bd3f9a3c081e-IAD', 'alt-svc': 'h3=":443"; ma=86400'} 
 body={"results":[{"gender":"male","name":{"title":"Mr","first":"Christian","last":"Bailey"},"location":{"street":{"number":7561,"name":"Poplar Dr"},"city":"Devonport","state":"Australian Capital Territory","country":"Australia","postcode":6017,"coordinates":{"latitude":"-84.8152","longitude":"-10.0158"},"timezone":{"offset":"+10:00","description":"Eastern Australia, Guam, Vladivostok"}},"email":"christian.bailey@example.com","login":{"uuid":"20fca51f-8167-42fe-9808-eb851706f6f4","username":"angryleopard921","password":"labtec","salt":"HdxBi052","md5":"6c59b405bbc70fea8905ea4ca1ef8c29","sha1":"e5b3725c7603a6994eeca445034a07afb16853ca","sha256":"4aac39f60f9245cd0ec30ca21a117ade13dab98a8dc23b553d1a607ffbbd1181"},"dob":{"date":"1985-11-06T21:02:23.548Z","age":38},"registered":{"date":"2012-11-16T07:51:24.527Z","age":11},"phone":"00-4049-3921","cell":"0433-059-102","id":{"name":"TFN","value":"779059241"},"picture":{"large":"https://randomuser.me/api/portraits/men/37.jpg","medium":"https://randomuser.me/api/portraits/med/men/37.jpg","thumbnail":"https://randomuser.me/api/portraits/thumb/men/37.jpg"},"nat":"AU"}],"info":{"seed":"a474b1aa66d2be13","results":1,"page":1,"version":"1.4"}} 
 </msg>
<msg time="2024-04-12T05:15:33.779796" level="INFO">/opt/hostedtoolcache/Python/3.12.2/x64/lib/python3.12/site-packages/urllib3/connectionpool.py:1103: InsecureRequestWarning: Unverified HTTPS request is being made to host 'randomuser.me'. Adding certificate verification is strongly advised. See: https://urllib3.readthedocs.io/en/latest/advanced-usage.html#tls-warnings
  warnings.warn(</msg>
<msg time="2024-04-12T05:15:33.779924" level="INFO">${response} = &lt;Response [200]&gt;</msg>
<var>${response}</var>
<arg>consultarAPI</arg>
<arg>/api</arg>
<doc>Sends a GET request on a previously created HTTP Session.</doc>
<status status="PASS" start="2024-04-12T05:15:33.688424" elapsed="0.091554"/>
</kw>
<kw name="Set Variable" owner="BuiltIn">
<msg time="2024-04-12T05:15:33.780812" level="INFO">${json_data} = {'results': [{'gender': 'male', 'name': {'title': 'Mr', 'first': 'Christian', 'last': 'Bailey'}, 'location': {'street': {'number': 7561, 'name': 'Poplar Dr'}, 'city': 'Devonport', 'state': 'Australian...</msg>
<var>${json_data}</var>
<arg>${response.json()}</arg>
<doc>Returns the given values which can then be assigned to a variables.</doc>
<status status="PASS" start="2024-04-12T05:15:33.780357" elapsed="0.000489"/>
</kw>
<kw name="Log" owner="BuiltIn">
<msg time="2024-04-12T05:15:33.781308" level="INFO">{'results': [{'gender': 'male', 'name': {'title': 'Mr', 'first': 'Christian', 'last': 'Bailey'}, 'location': {'street': {'number': 7561, 'name': 'Poplar Dr'}, 'city': 'Devonport', 'state': 'Australian Capital Territory', 'country': 'Australia', 'postcode': 6017, 'coordinates': {'latitude': '-84.8152', 'longitude': '-10.0158'}, 'timezone': {'offset': '+10:00', 'description': 'Eastern Australia, Guam, Vladivostok'}}, 'email': 'christian.bailey@example.com', 'login': {'uuid': '20fca51f-8167-42fe-9808-eb851706f6f4', 'username': 'angryleopard921', 'password': 'labtec', 'salt': 'HdxBi052', 'md5': '6c59b405bbc70fea8905ea4ca1ef8c29', 'sha1': 'e5b3725c7603a6994eeca445034a07afb16853ca', 'sha256': '4aac39f60f9245cd0ec30ca21a117ade13dab98a8dc23b553d1a607ffbbd1181'}, 'dob': {'date': '1985-11-06T21:02:23.548Z', 'age': 38}, 'registered': {'date': '2012-11-16T07:51:24.527Z', 'age': 11}, 'phone': '00-4049-3921', 'cell': '0433-059-102', 'id': {'name': 'TFN', 'value': '779059241'}, 'picture': {'large': 'https://randomuser.me/api/portraits/men/37.jpg', 'medium': 'https://randomuser.me/api/portraits/med/men/37.jpg', 'thumbnail': 'https://randomuser.me/api/portraits/thumb/men/37.jpg'}, 'nat': 'AU'}], 'info': {'seed': 'a474b1aa66d2be13', 'results': 1, 'page': 1, 'version': '1.4'}}</msg>
<arg>${json_data}</arg>
<doc>Logs the given message with the given level.</doc>
<status status="PASS" start="2024-04-12T05:15:33.781155" elapsed="0.000233"/>
</kw>
<kw name="Should Be String" owner="String">
<arg>${json_data['results'][0]['gender']}</arg>
<doc>Fails if the given ``item`` is not a string.</doc>
<status status="PASS" start="2024-04-12T05:15:33.781693" elapsed="0.000368"/>
</kw>
<kw name="Should Match Regexp" owner="BuiltIn">
<arg>${json_data['results'][0]['email']}</arg>
<arg>^[a-zA-Z0-9._%+-]+@[a-zA-Z0-9.-]+\.[a-zA-Z]{2,}$</arg>
<doc>Fails if ``string`` does not match ``pattern`` as a regular expression.</doc>
<status status="PASS" start="2024-04-12T05:15:33.782258" elapsed="0.000513"/>
</kw>
<kw name="Should Match Regexp" owner="BuiltIn">
<arg>${json_data['results'][0]['dob']['date']}</arg>
<arg>\\d{4}-\\d{2}-\\d{2}T\\d{2}:\\d{2}:\\d{2}\\.\\d{3}Z</arg>
<doc>Fails if ``string`` does not match ``pattern`` as a regular expression.</doc>
<status status="PASS" start="2024-04-12T05:15:33.782973" elapsed="0.000499"/>
</kw>
<kw name="Should Match Regexp" owner="BuiltIn">
<arg>${json_data['results'][0]['registered']['date']}</arg>
<arg>\\d{4}-\\d{2}-\\d{2}T\\d{2}:\\d{2}:\\d{2}\\.\\d{3}Z</arg>
<doc>Fails if ``string`` does not match ``pattern`` as a regular expression.</doc>
<status status="PASS" start="2024-04-12T05:15:33.783670" elapsed="0.000420"/>
</kw>
<kw name="Should Match Regexp" owner="BuiltIn">
<arg>${json_data['results'][0]['picture']['large']}</arg>
<arg>^https?://.*\.(?:png|jpe?g|gif|bmp)$</arg>
<doc>Fails if ``string`` does not match ``pattern`` as a regular expression.</doc>
<status status="PASS" start="2024-04-12T05:15:33.784280" elapsed="0.000461"/>
</kw>
<kw name="Should Match Regexp" owner="BuiltIn">
<arg>${json_data['results'][0]['picture']['medium']}</arg>
<arg>^https?://.*\.(?:png|jpe?g|gif|bmp)$</arg>
<doc>Fails if ``string`` does not match ``pattern`` as a regular expression.</doc>
<status status="PASS" start="2024-04-12T05:15:33.784942" elapsed="0.000374"/>
</kw>
<kw name="Should Match Regexp" owner="BuiltIn">
<arg>${json_data['results'][0]['picture']['thumbnail']}</arg>
<arg>^https?://.*\.(?:png|jpe?g|gif|bmp)$</arg>
<doc>Fails if ``string`` does not match ``pattern`` as a regular expression.</doc>
<status status="PASS" start="2024-04-12T05:15:33.785505" elapsed="0.000350"/>
</kw>
<kw name="Log" owner="BuiltIn">
<msg time="2024-04-12T05:15:33.786373" level="INFO">{'large': 'https://randomuser.me/api/portraits/men/37.jpg', 'medium': 'https://randomuser.me/api/portraits/med/men/37.jpg', 'thumbnail': 'https://randomuser.me/api/portraits/thumb/men/37.jpg'}</msg>
<arg>${json_data['results'][0]['picture']}</arg>
<doc>Logs the given message with the given level.</doc>
<status status="PASS" start="2024-04-12T05:15:33.786040" elapsed="0.000376"/>
</kw>
<status status="PASS" start="2024-04-12T05:15:33.688197" elapsed="0.098476"/>
</kw>
<kw name="Teste de Tipos de Dados - Postcode" owner="random-user-service">
<kw name="GET On Session" owner="RequestsLibrary">
<msg time="2024-04-12T05:15:33.860226" level="INFO">GET Request : url=https://randomuser.me/api 
 path_url=/api 
 headers={'User-Agent': 'python-requests/2.31.0', 'Accept-Encoding': 'gzip, deflate', 'Accept': '*/*', 'Connection': 'keep-alive'} 
 body=None 
 </msg>
<msg time="2024-04-12T05:15:33.860289" level="INFO">GET Response : url=https://randomuser.me/api 
 status=200, reason=OK 
 headers={'Date': 'Fri, 12 Apr 2024 05:15:33 GMT', 'Content-Type': 'application/json; charset=utf-8', 'Transfer-Encoding': 'chunked', 'Connection': 'keep-alive', 'X-Powered-By': 'Express', 'Access-Control-Allow-Origin': '*', 'Cache-Control': 'no-cache', 'ETag': 'W/"48c-MKg6KXkKjOPyms+ql8fuTo3438k"', 'Vary': 'Accept-Encoding', 'Content-Encoding': 'gzip', 'CF-Cache-Status': 'DYNAMIC', 'Report-To': '{"endpoints":[{"url":"https:\\/\\/a.nel.cloudflare.com\\/report\\/v4?s=T6dRpEWy7puEteB%2F7vdNF3wnQNFlWyl8M%2BRe63K8xueJxwOCdeh5FEfQflvjFe2gbxQXlCXJgx0dWMDtTD9i9nCNvB8ZgCNIAk%2FZ6P8NPtx%2FxEKgfy2O4fSeMrmEcYpB"}],"group":"cf-nel","max_age":604800}', 'NEL': '{"success_fraction":0,"report_to":"cf-nel","max_age":604800}', 'Server': 'cloudflare', 'CF-RAY': '8730bd402ae6081e-IAD', 'alt-svc': 'h3=":443"; ma=86400'} 
 body={"results":[{"gender":"male","name":{"title":"Mr","first":"Younes","last":"Albrigtsen"},"location":{"street":{"number":384,"name":"Fagerlia"},"city":"Bjerkvik","state":"Hedmark","country":"Norway","postcode":"2840","coordinates":{"latitude":"41.1997","longitude":"-31.3409"},"timezone":{"offset":"+11:00","description":"Magadan, Solomon Islands, New Caledonia"}},"email":"younes.albrigtsen@example.com","login":{"uuid":"f0f0305e-5171-44ec-aa59-371bc2d2ec91","username":"goldenmeercat270","password":"olivia","salt":"ufDes5Uk","md5":"08674bfd2b29e7e31613acecc21ee9ed","sha1":"9c9ad3ca9670372669c8f0f712146d61fc35a007","sha256":"b91d4047fc8cdb861e083fda3564ca16674ee5d719e75f5e1938239b4d92ba12"},"dob":{"date":"1971-11-18T04:07:32.215Z","age":52},"registered":{"date":"2004-05-01T13:33:47.516Z","age":19},"phone":"71818761","cell":"90906412","id":{"name":"FN","value":"18117147726"},"picture":{"large":"https://randomuser.me/api/portraits/men/72.jpg","medium":"https://randomuser.me/api/portraits/med/men/72.jpg","thumbnail":"https://randomuser.me/api/portraits/thumb/men/72.jpg"},"nat":"NO"}],"info":{"seed":"6b4dd2b0537efb30","results":1,"page":1,"version":"1.4"}} 
 </msg>
<msg time="2024-04-12T05:15:33.860357" level="INFO">/opt/hostedtoolcache/Python/3.12.2/x64/lib/python3.12/site-packages/urllib3/connectionpool.py:1103: InsecureRequestWarning: Unverified HTTPS request is being made to host 'randomuser.me'. Adding certificate verification is strongly advised. See: https://urllib3.readthedocs.io/en/latest/advanced-usage.html#tls-warnings
  warnings.warn(</msg>
<msg time="2024-04-12T05:15:33.860444" level="INFO">${response} = &lt;Response [200]&gt;</msg>
<var>${response}</var>
<arg>consultarAPI</arg>
<arg>/api</arg>
<doc>Sends a GET request on a previously created HTTP Session.</doc>
<status status="PASS" start="2024-04-12T05:15:33.787119" elapsed="0.073349"/>
</kw>
<kw name="Set Variable" owner="BuiltIn">
<msg time="2024-04-12T05:15:33.861297" level="INFO">${json_data} = {'results': [{'gender': 'male', 'name': {'title': 'Mr', 'first': 'Younes', 'last': 'Albrigtsen'}, 'location': {'street': {'number': 384, 'name': 'Fagerlia'}, 'city': 'Bjerkvik', 'state': 'Hedmark', 'c...</msg>
<var>${json_data}</var>
<arg>${response.json()}</arg>
<doc>Returns the given values which can then be assigned to a variables.</doc>
<status status="PASS" start="2024-04-12T05:15:33.860848" elapsed="0.000477"/>
</kw>
<kw name="Log" owner="BuiltIn">
<msg time="2024-04-12T05:15:33.861787" level="INFO">{'results': [{'gender': 'male', 'name': {'title': 'Mr', 'first': 'Younes', 'last': 'Albrigtsen'}, 'location': {'street': {'number': 384, 'name': 'Fagerlia'}, 'city': 'Bjerkvik', 'state': 'Hedmark', 'country': 'Norway', 'postcode': '2840', 'coordinates': {'latitude': '41.1997', 'longitude': '-31.3409'}, 'timezone': {'offset': '+11:00', 'description': 'Magadan, Solomon Islands, New Caledonia'}}, 'email': 'younes.albrigtsen@example.com', 'login': {'uuid': 'f0f0305e-5171-44ec-aa59-371bc2d2ec91', 'username': 'goldenmeercat270', 'password': 'olivia', 'salt': 'ufDes5Uk', 'md5': '08674bfd2b29e7e31613acecc21ee9ed', 'sha1': '9c9ad3ca9670372669c8f0f712146d61fc35a007', 'sha256': 'b91d4047fc8cdb861e083fda3564ca16674ee5d719e75f5e1938239b4d92ba12'}, 'dob': {'date': '1971-11-18T04:07:32.215Z', 'age': 52}, 'registered': {'date': '2004-05-01T13:33:47.516Z', 'age': 19}, 'phone': '71818761', 'cell': '90906412', 'id': {'name': 'FN', 'value': '18117147726'}, 'picture': {'large': 'https://randomuser.me/api/portraits/men/72.jpg', 'medium': 'https://randomuser.me/api/portraits/med/men/72.jpg', 'thumbnail': 'https://randomuser.me/api/portraits/thumb/men/72.jpg'}, 'nat': 'NO'}], 'info': {'seed': '6b4dd2b0537efb30', 'results': 1, 'page': 1, 'version': '1.4'}}</msg>
<arg>${json_data}</arg>
<doc>Logs the given message with the given level.</doc>
<status status="PASS" start="2024-04-12T05:15:33.861634" elapsed="0.000230"/>
</kw>
<kw name="Should Be Equal As Numbers" owner="BuiltIn">
<arg>${json_data['results'][0]['location']['postcode']}</arg>
<arg>${json_data['results'][0]['location']['postcode']}</arg>
<doc>Fails if objects are unequal after converting them to real numbers.</doc>
<status status="PASS" start="2024-04-12T05:15:33.862173" elapsed="0.000618"/>
</kw>
<kw name="Log" owner="BuiltIn">
<msg time="2024-04-12T05:15:33.863341" level="INFO">2840</msg>
<arg>${json_data['results'][0]['location']['postcode']}</arg>
<doc>Logs the given message with the given level.</doc>
<status status="PASS" start="2024-04-12T05:15:33.862988" elapsed="0.000394"/>
</kw>
<status status="PASS" start="2024-04-12T05:15:33.786889" elapsed="0.076748"/>
</kw>
<doc>Testa se os tipos de dados na resposta da API estão corretos.</doc>
<tag>testeTiposDados</tag>
<status status="PASS" start="2024-04-12T05:15:33.687638" elapsed="0.176207"/>
</test>
<test id="s1-s1-t5" name="Validar conteudo" line="35">
<kw name="Teste de Tipos de Conteudo" owner="random-user-service">
<kw name="GET On Session" owner="RequestsLibrary">
<msg time="2024-04-12T05:15:33.962901" level="INFO">GET Request : url=https://randomuser.me/api 
 path_url=/api 
 headers={'User-Agent': 'python-requests/2.31.0', 'Accept-Encoding': 'gzip, deflate', 'Accept': '*/*', 'Connection': 'keep-alive'} 
 body=None 
 </msg>
<msg time="2024-04-12T05:15:33.962980" level="INFO">GET Response : url=https://randomuser.me/api 
 status=200, reason=OK 
 headers={'Date': 'Fri, 12 Apr 2024 05:15:33 GMT', 'Content-Type': 'application/json; charset=utf-8', 'Transfer-Encoding': 'chunked', 'Connection': 'keep-alive', 'X-Powered-By': 'Express', 'Access-Control-Allow-Origin': '*', 'Cache-Control': 'no-cache', 'ETag': 'W/"48f-9OHSeAVxakXVLUY8H6QCEcq7BOE"', 'Vary': 'Accept-Encoding', 'Content-Encoding': 'gzip', 'CF-Cache-Status': 'DYNAMIC', 'Report-To': '{"endpoints":[{"url":"https:\\/\\/a.nel.cloudflare.com\\/report\\/v4?s=KcZnN8NMK5nyV%2B8kE6kvpyhunAYSpN1qLGKBUQd%2FpjWhK88ERnbHBR8u%2BkowmxF%2Fwkx0fUZQTEW7m9Lb910mRgTSmZYLkj6MrqLB2pGxsPElkqLw%2FtaYFJkswC%2FnnVjI"}],"group":"cf-nel","max_age":604800}', 'NEL': '{"success_fraction":0,"report_to":"cf-nel","max_age":604800}', 'Server': 'cloudflare', 'CF-RAY': '8730bd40ab57081e-IAD', 'alt-svc': 'h3=":443"; ma=86400'} 
 body={"results":[{"gender":"male","name":{"title":"Mr","first":"Mille","last":"Christiansen"},"location":{"street":{"number":4184,"name":"Svenstrupvej"},"city":"Gl. Rye","state":"Syddanmark","country":"Denmark","postcode":11245,"coordinates":{"latitude":"-46.1735","longitude":"-109.8635"},"timezone":{"offset":"-3:00","description":"Brazil, Buenos Aires, Georgetown"}},"email":"mille.christiansen@example.com","login":{"uuid":"a256c3e0-341c-4531-b169-b35e2507cfa2","username":"happymeercat725","password":"banana","salt":"ophXuog9","md5":"ce97ab4e27b2fd114cbd36a93ee4dd2e","sha1":"ef28bb1e2e11583b72f28ccf074e3fa6387d753a","sha256":"a0fd4e589422904da1dd381e004ce8084a9e9c63b8544e366b8cce2429827ac9"},"dob":{"date":"1957-02-25T07:41:07.757Z","age":67},"registered":{"date":"2009-09-18T12:54:31.980Z","age":14},"phone":"13047961","cell":"84081889","id":{"name":"CPR","value":"250257-7258"},"picture":{"large":"https://randomuser.me/api/portraits/men/90.jpg","medium":"https://randomuser.me/api/portraits/med/men/90.jpg","thumbnail":"https://randomuser.me/api/portraits/thumb/men/90.jpg"},"nat":"DK"}],"info":{"seed":"9defc295d891dd34","results":1,"page":1,"version":"1.4"}} 
 </msg>
<msg time="2024-04-12T05:15:33.963048" level="INFO">/opt/hostedtoolcache/Python/3.12.2/x64/lib/python3.12/site-packages/urllib3/connectionpool.py:1103: InsecureRequestWarning: Unverified HTTPS request is being made to host 'randomuser.me'. Adding certificate verification is strongly advised. See: https://urllib3.readthedocs.io/en/latest/advanced-usage.html#tls-warnings
  warnings.warn(</msg>
<msg time="2024-04-12T05:15:33.963179" level="INFO">${response} = &lt;Response [200]&gt;</msg>
<var>${response}</var>
<arg>consultarAPI</arg>
<arg>/api</arg>
<doc>Sends a GET request on a previously created HTTP Session.</doc>
<status status="PASS" start="2024-04-12T05:15:33.866210" elapsed="0.097016"/>
</kw>
<kw name="Set Variable" owner="BuiltIn">
<msg time="2024-04-12T05:15:33.964266" level="INFO">${json_data} = {'results': [{'gender': 'male', 'name': {'title': 'Mr', 'first': 'Mille', 'last': 'Christiansen'}, 'location': {'street': {'number': 4184, 'name': 'Svenstrupvej'}, 'city': 'Gl. Rye', 'state': 'Syddanm...</msg>
<var>${json_data}</var>
<arg>${response.json()}</arg>
<doc>Returns the given values which can then be assigned to a variables.</doc>
<status status="PASS" start="2024-04-12T05:15:33.963692" elapsed="0.000619"/>
</kw>
<kw name="Set Variable" owner="BuiltIn">
<msg time="2024-04-12T05:15:33.965371" level="INFO">${name_title} = Mr</msg>
<var>${name_title}</var>
<arg>${json_data["results"][0]["name"]["title"]}</arg>
<doc>Returns the given values which can then be assigned to a variables.</doc>
<status status="PASS" start="2024-04-12T05:15:33.964782" elapsed="0.000626"/>
</kw>
<kw name="Create List" owner="BuiltIn">
<msg time="2024-04-12T05:15:33.966048" level="INFO">${allowed_titles} = ['Mr', 'Ms', 'Miss', 'Mrs', 'Madame', 'Monsieur']</msg>
<var>${allowed_titles}</var>
<arg>Mr</arg>
<arg>Ms</arg>
<arg>Miss</arg>
<arg>Mrs</arg>
<arg>Madame</arg>
<arg>Monsieur</arg>
<doc>Returns a list containing given items.</doc>
<status status="PASS" start="2024-04-12T05:15:33.965831" elapsed="0.000253"/>
</kw>
<kw name="List Should Contain Value" owner="Collections">
<msg time="2024-04-12T05:15:33.966819" level="INFO">False</msg>
<arg>${allowed_titles}</arg>
<arg>${name_title}</arg>
<doc>Fails if the ``value`` is not found from ``list``.</doc>
<status status="PASS" start="2024-04-12T05:15:33.966544" elapsed="0.000337"/>
</kw>
<kw name="Set Variable" owner="BuiltIn">
<msg time="2024-04-12T05:15:33.967779" level="INFO">${name_country} = DK</msg>
<var>${name_country}</var>
<arg>${json_data["results"][0]["nat"]}</arg>
<doc>Returns the given values which can then be assigned to a variables.</doc>
<status status="PASS" start="2024-04-12T05:15:33.967345" elapsed="0.000465"/>
</kw>
<kw name="Create List" owner="BuiltIn">
<msg time="2024-04-12T05:15:33.968729" level="INFO">${list_country} = ['AD', 'AE', 'AF', 'AG', 'AI', 'AL', 'AM', 'AO', 'AQ', 'AR', 'AS', 'AT', 'AU', 'AW', 'AX', 'AZ', 'BA', 'BB', 'BD', 'BE', 'BF', 'BG', 'BH', 'BI', 'BJ', 'BL', 'BM', 'BN', 'BO', 'BQ', 'BR', 'BS', 'BT', '...</msg>
<var>${list_country}</var>
<arg>AD</arg>
<arg>AE</arg>
<arg>AF</arg>
<arg>AG</arg>
<arg>AI</arg>
<arg>AL</arg>
<arg>AM</arg>
<arg>AO</arg>
<arg>AQ</arg>
<arg>AR</arg>
<arg>AS</arg>
<arg>AT</arg>
<arg>AU</arg>
<arg>AW</arg>
<arg>AX</arg>
<arg>AZ</arg>
<arg>BA</arg>
<arg>BB</arg>
<arg>BD</arg>
<arg>BE</arg>
<arg>BF</arg>
<arg>BG</arg>
<arg>BH</arg>
<arg>BI</arg>
<arg>BJ</arg>
<arg>BL</arg>
<arg>BM</arg>
<arg>BN</arg>
<arg>BO</arg>
<arg>BQ</arg>
<arg>BR</arg>
<arg>BS</arg>
<arg>BT</arg>
<arg>BV</arg>
<arg>BW</arg>
<arg>BY</arg>
<arg>BZ</arg>
<arg>CA</arg>
<arg>CC</arg>
<arg>CD</arg>
<arg>CF</arg>
<arg>CG</arg>
<arg>CH</arg>
<arg>CI</arg>
<arg>CK</arg>
<arg>CL</arg>
<arg>CM</arg>
<arg>CN</arg>
<arg>CO</arg>
<arg>CR</arg>
<arg>CU</arg>
<arg>CV</arg>
<arg>CW</arg>
<arg>CX</arg>
<arg>CY</arg>
<arg>CZ</arg>
<arg>DE</arg>
<arg>DJ</arg>
<arg>DK</arg>
<arg>DM</arg>
<arg>DO</arg>
<arg>DZ</arg>
<arg>EC</arg>
<arg>EE</arg>
<arg>EG</arg>
<arg>EH</arg>
<arg>ER</arg>
<arg>ES</arg>
<arg>ET</arg>
<arg>FI</arg>
<arg>FJ</arg>
<arg>FK</arg>
<arg>FM</arg>
<arg>FO</arg>
<arg>FR</arg>
<arg>GA</arg>
<arg>GB</arg>
<arg>GD</arg>
<arg>GE</arg>
<arg>GF</arg>
<arg>GG</arg>
<arg>GH</arg>
<arg>GI</arg>
<arg>GL</arg>
<arg>GM</arg>
<arg>GN</arg>
<arg>GP</arg>
<arg>GQ</arg>
<arg>GR</arg>
<arg>GS</arg>
<arg>GT</arg>
<arg>GU</arg>
<arg>GW</arg>
<arg>GY</arg>
<arg>HK</arg>
<arg>HM</arg>
<arg>HN</arg>
<arg>HR</arg>
<arg>HT</arg>
<arg>HU</arg>
<arg>ID</arg>
<arg>IE</arg>
<arg>IL</arg>
<arg>IM</arg>
<arg>IN</arg>
<arg>IO</arg>
<arg>IQ</arg>
<arg>IR</arg>
<arg>IS</arg>
<arg>IT</arg>
<arg>JE</arg>
<arg>JM</arg>
<arg>JO</arg>
<arg>JP</arg>
<arg>KE</arg>
<arg>KG</arg>
<arg>KH</arg>
<arg>KI</arg>
<arg>KM</arg>
<arg>KN</arg>
<arg>KP</arg>
<arg>KR</arg>
<arg>KW</arg>
<arg>KY</arg>
<arg>KZ</arg>
<arg>LA</arg>
<arg>LB</arg>
<arg>LC</arg>
<arg>LI</arg>
<arg>LK</arg>
<arg>LR</arg>
<arg>LS</arg>
<arg>LT</arg>
<arg>LU</arg>
<arg>LV</arg>
<arg>LY</arg>
<arg>MA</arg>
<arg>MC</arg>
<arg>MD</arg>
<arg>ME</arg>
<arg>MF</arg>
<arg>MG</arg>
<arg>MH</arg>
<arg>MK</arg>
<arg>ML</arg>
<arg>MM</arg>
<arg>MN</arg>
<arg>MO</arg>
<arg>MP</arg>
<arg>MQ</arg>
<arg>MR</arg>
<arg>MS</arg>
<arg>MT</arg>
<arg>MU</arg>
<arg>MV</arg>
<arg>MW</arg>
<arg>MX</arg>
<arg>MY</arg>
<arg>MZ</arg>
<arg>NA</arg>
<arg>NC</arg>
<arg>NE</arg>
<arg>NF</arg>
<arg>NG</arg>
<arg>NI</arg>
<arg>NL</arg>
<arg>NO</arg>
<arg>NP</arg>
<arg>NR</arg>
<arg>NU</arg>
<arg>NZ</arg>
<arg>OM</arg>
<arg>PA</arg>
<arg>PE</arg>
<arg>PF</arg>
<arg>PG</arg>
<arg>PH</arg>
<arg>PK</arg>
<arg>PL</arg>
<arg>PM</arg>
<arg>PN</arg>
<arg>PR</arg>
<arg>PS</arg>
<arg>PT</arg>
<arg>PW</arg>
<arg>PY</arg>
<arg>QA</arg>
<arg>RE</arg>
<arg>RO</arg>
<arg>RS</arg>
<arg>RU</arg>
<arg>RW</arg>
<arg>SA</arg>
<arg>SB</arg>
<arg>SC</arg>
<arg>SD</arg>
<arg>SE</arg>
<arg>SG</arg>
<arg>SH</arg>
<arg>SI</arg>
<arg>SJ</arg>
<arg>SK</arg>
<arg>SL</arg>
<arg>SM</arg>
<arg>SN</arg>
<arg>SO</arg>
<arg>SR</arg>
<arg>SS</arg>
<arg>ST</arg>
<arg>SV</arg>
<arg>SX</arg>
<arg>SY</arg>
<arg>SZ</arg>
<arg>TC</arg>
<arg>TD</arg>
<arg>TF</arg>
<arg>TG</arg>
<arg>TH</arg>
<arg>TJ</arg>
<arg>TK</arg>
<arg>TL</arg>
<arg>TM</arg>
<arg>TN</arg>
<arg>TO</arg>
<arg>TR</arg>
<arg>TT</arg>
<arg>TV</arg>
<arg>TW</arg>
<arg>TZ</arg>
<arg>UA</arg>
<arg>UG</arg>
<arg>UM</arg>
<arg>US</arg>
<arg>UY</arg>
<arg>UZ</arg>
<arg>VA</arg>
<arg>VC</arg>
<arg>VE</arg>
<arg>VG</arg>
<arg>VI</arg>
<arg>VN</arg>
<arg>VU</arg>
<arg>WF</arg>
<arg>WS</arg>
<arg>XK</arg>
<arg>YE</arg>
<arg>YT</arg>
<arg>ZA</arg>
<arg>ZM</arg>
<arg>ZW</arg>
<doc>Returns a list containing given items.</doc>
<status status="PASS" start="2024-04-12T05:15:33.968131" elapsed="0.000625"/>
</kw>
<kw name="List Should Contain Value" owner="Collections">
<msg time="2024-04-12T05:15:33.969755" level="INFO">False</msg>
<arg>${list_country}</arg>
<arg>${name_country}</arg>
<doc>Fails if the ``value`` is not found from ``list``.</doc>
<status status="PASS" start="2024-04-12T05:15:33.969545" elapsed="0.000248"/>
</kw>
<kw name="Run Keyword If" owner="BuiltIn">
<kw name="Should Be True" owner="BuiltIn">
<arg>${True}</arg>
<doc>Fails if the given condition is not true.</doc>
<status status="PASS" start="2024-04-12T05:15:33.970989" elapsed="0.000155"/>
</kw>
<arg>${json_data["results"][0]["location"]["coordinates"]["latitude"]} &gt;= -90 and ${json_data["results"][0]["location"]["coordinates"]["latitude"]} &lt;= 90</arg>
<arg>Should Be True</arg>
<arg>${True}</arg>
<doc>Runs the given keyword with the given arguments, if ``condition`` is true.</doc>
<status status="PASS" start="2024-04-12T05:15:33.970106" elapsed="0.001170"/>
</kw>
<kw name="Run Keyword If" owner="BuiltIn">
<kw name="Should Be True" owner="BuiltIn">
<arg>${True}</arg>
<doc>Fails if the given condition is not true.</doc>
<status status="PASS" start="2024-04-12T05:15:33.972206" elapsed="0.000143"/>
</kw>
<arg>${json_data["results"][0]["location"]["coordinates"]["longitude"]} &gt;= -180 and ${json_data["results"][0]["location"]["coordinates"]["longitude"]} &lt;= 180</arg>
<arg>Should Be True</arg>
<arg>${True}</arg>
<doc>Runs the given keyword with the given arguments, if ``condition`` is true.</doc>
<status status="PASS" start="2024-04-12T05:15:33.971465" elapsed="0.001012"/>
</kw>
<status status="PASS" start="2024-04-12T05:15:33.865990" elapsed="0.106618"/>
</kw>
<doc>Testa o conteúdo específico dos campos retornados pela API.</doc>
<tag>testeConteudo</tag>
<status status="PASS" start="2024-04-12T05:15:33.865561" elapsed="0.107198"/>
</test>
<status status="PASS" start="2024-04-12T05:15:33.181350" elapsed="0.793291"/>
</suite>
<status status="PASS" start="2024-04-12T05:15:33.167382" elapsed="0.812549"/>
</suite>
<statistics>
<total>
<stat pass="5" fail="0" skip="0">All Tests</stat>
</total>
<tag>
<stat pass="1" fail="0" skip="0">testeConteudo</stat>
<stat pass="1" fail="0" skip="0">testeEstruturaResposta</stat>
<stat pass="1" fail="0" skip="0">testeRequisicaoBasica</stat>
<stat pass="1" fail="0" skip="0">testeTiposDados</stat>
</tag>
<suite>
<stat pass="5" fail="0" skip="0" id="s1" name="Tests">Tests</stat>
<stat pass="5" fail="0" skip="0" id="s1-s1" name="Random-User-Test">Tests.Random-User-Test</stat>
</suite>
</statistics>
<errors>
</errors>
</robot>
