<?xml version="1.0" encoding="UTF-8"?>
<robot generator="Robot 7.0.1 (Python 3.12.4 on linux)" generated="2024-06-29T11:13:48.262863" rpa="false" schemaversion="5">
<suite id="s1" name="Tests" source="/home/runner/work/ApiRandomUser/ApiRandomUser/RamdonUser/tests">
<suite id="s1-s1" name="Random-User-Test" source="/home/runner/work/ApiRandomUser/ApiRandomUser/RamdonUser/tests/random-user-test.robot">
<test id="s1-s1-t1" name="Conectar" line="13">
<kw name="Conectar API" owner="random-user-service">
<kw name="Create Session" owner="RequestsLibrary">
<msg time="2024-06-29T11:13:48.686150" level="INFO">Creating Session using : alias=consultarAPI, url=https://randomuser.me/, headers={},                     cookies={}, auth=None, timeout=None, proxies=None, verify=False,                     debug=0 </msg>
<arg>consultarAPI</arg>
<arg>${URL}</arg>
<doc>Create Session: create a HTTP session to a server</doc>
<status status="PASS" start="2024-06-29T11:13:48.685946" elapsed="0.000391"/>
</kw>
<status status="PASS" start="2024-06-29T11:13:48.684979" elapsed="0.001720"/>
</kw>
<status status="PASS" start="2024-06-29T11:13:48.684328" elapsed="0.002565"/>
</test>
<test id="s1-s1-t2" name="Validar retorno 200 e JSON Válido" line="16">
<kw name="Teste de Requisicao Basica" owner="random-user-service">
<kw name="GET On Session" owner="RequestsLibrary">
<msg time="2024-06-29T11:13:48.765807" level="INFO">GET Request : url=https://randomuser.me/api 
 path_url=/api 
 headers={'User-Agent': 'python-requests/2.32.3', 'Accept-Encoding': 'gzip, deflate', 'Accept': '*/*', 'Connection': 'keep-alive'} 
 body=None 
 </msg>
<msg time="2024-06-29T11:13:48.765935" level="INFO">GET Response : url=https://randomuser.me/api 
 status=200, reason=OK 
 headers={'Date': 'Sat, 29 Jun 2024 11:13:48 GMT', 'Content-Type': 'application/json; charset=utf-8', 'Transfer-Encoding': 'chunked', 'Connection': 'keep-alive', 'X-Powered-By': 'Express', 'Access-Control-Allow-Origin': '*', 'Cache-Control': 'no-cache', 'ETag': 'W/"49b-eXZAGCAq7W2KG0xca8QhI7oxlKY"', 'Vary': 'Accept-Encoding', 'Content-Encoding': 'gzip', 'CF-Cache-Status': 'DYNAMIC', 'Report-To': '{"endpoints":[{"url":"https:\\/\\/a.nel.cloudflare.com\\/report\\/v4?s=Kr6%2FLq4SLHneWEFzn3CXZ4OrLgGIR%2FQZkSyQyc0WuK66YwJiTHNRYTZ%2FyIKAoZNdNxACrc%2BBnzifQDoESlwNzVay95h6hehqQod83iorADHVebMylQDRdLKBGsqoDApV"}],"group":"cf-nel","max_age":604800}', 'NEL': '{"success_fraction":0,"report_to":"cf-nel","max_age":604800}', 'Server': 'cloudflare', 'CF-RAY': '89b57d478a702c0b-ORD', 'alt-svc': 'h3=":443"; ma=86400'} 
 body={"results":[{"gender":"female","name":{"title":"Ms","first":"Geneci","last":"Gonçalves"},"location":{"street":{"number":3617,"name":"Rua Pernambuco "},"city":"Francisco Morato","state":"Roraima","country":"Brazil","postcode":50070,"coordinates":{"latitude":"-74.4663","longitude":"144.7818"},"timezone":{"offset":"+7:00","description":"Bangkok, Hanoi, Jakarta"}},"email":"geneci.goncalves@example.com","login":{"uuid":"57cc575d-7197-4557-9275-2c4e0cde2c37","username":"greendog808","password":"immortal","salt":"gLEutBZj","md5":"a42dd0594408c78c5366e8a25788adea","sha1":"f4c050bb5b7b968164f6782d8f23323500777d93","sha256":"e963a10f2a5d27f09a0d263121176414d3532de8034305b9fbe86d5b133c97e1"},"dob":{"date":"1959-07-14T22:05:27.060Z","age":64},"registered":{"date":"2020-06-03T13:13:30.845Z","age":4},"phone":"(78) 9182-4127","cell":"(66) 4238-8880","id":{"name":"CPF","value":"114.027.283-47"},"picture":{"large":"https://randomuser.me/api/portraits/women/4.jpg","medium":"https://randomuser.me/api/portraits/med/women/4.jpg","thumbnail":"https://randomuser.me/api/portraits/thumb/women/4.jpg"},"nat":"BR"}],"info":{"seed":"b7e4a23312d1decf","results":1,"page":1,"version":"1.4"}} 
 </msg>
<msg time="2024-06-29T11:13:48.766006" level="INFO">/opt/hostedtoolcache/Python/3.12.4/x64/lib/python3.12/site-packages/urllib3/connectionpool.py:1099: InsecureRequestWarning: Unverified HTTPS request is being made to host 'randomuser.me'. Adding certificate verification is strongly advised. See: https://urllib3.readthedocs.io/en/latest/advanced-usage.html#tls-warnings
  warnings.warn(</msg>
<msg time="2024-06-29T11:13:48.766138" level="INFO">${response} = &lt;Response [200]&gt;</msg>
<var>${response}</var>
<arg>consultarAPI</arg>
<arg>/api</arg>
<doc>Sends a GET request on a previously created HTTP Session.</doc>
<status status="PASS" start="2024-06-29T11:13:48.689635" elapsed="0.076547"/>
</kw>
<kw name="Should Be Equal As Numbers" owner="BuiltIn">
<msg time="2024-06-29T11:13:48.767030" level="INFO">Argument types are:
&lt;class 'int'&gt;
&lt;class 'str'&gt;</msg>
<arg>${response.status_code}</arg>
<arg>200</arg>
<doc>Fails if objects are unequal after converting them to real numbers.</doc>
<status status="PASS" start="2024-06-29T11:13:48.766605" elapsed="0.000489"/>
</kw>
<kw name="Log" owner="BuiltIn">
<msg time="2024-06-29T11:13:48.767804" level="INFO">200</msg>
<arg>${response.status_code}</arg>
<doc>Logs the given message with the given level.</doc>
<status status="PASS" start="2024-06-29T11:13:48.767452" elapsed="0.000395"/>
</kw>
<kw name="Set Variable" owner="BuiltIn">
<msg time="2024-06-29T11:13:48.768628" level="INFO">${json_data} = {'results': [{'gender': 'female', 'name': {'title': 'Ms', 'first': 'Geneci', 'last': 'Gonçalves'}, 'location': {'street': {'number': 3617, 'name': 'Rua Pernambuco '}, 'city': 'Francisco Morato', 'stat...</msg>
<var>${json_data}</var>
<arg>${response.json()}</arg>
<doc>Returns the given values which can then be assigned to a variables.</doc>
<status status="PASS" start="2024-06-29T11:13:48.768177" elapsed="0.000481"/>
</kw>
<kw name="Dictionary Should Contain Key" owner="Collections">
<arg>${json_data}</arg>
<arg>results</arg>
<doc>Fails if ``key`` is not found from ``dictionary``.</doc>
<status status="PASS" start="2024-06-29T11:13:48.768970" elapsed="0.000166"/>
</kw>
<status status="PASS" start="2024-06-29T11:13:48.689384" elapsed="0.079897"/>
</kw>
<doc>Testa se a API responde corretamente e retorna um objeto JSON válido.</doc>
<tag>testeRequisicaoBasica</tag>
<status status="PASS" start="2024-06-29T11:13:48.688804" elapsed="0.080641"/>
</test>
<test id="s1-s1-t3" name="Validar estrutura de resposta" line="22">
<kw name="Teste de Estrutura de Resposta" owner="random-user-service">
<kw name="GET On Session" owner="RequestsLibrary">
<msg time="2024-06-29T11:13:48.863076" level="INFO">GET Request : url=https://randomuser.me/api 
 path_url=/api 
 headers={'User-Agent': 'python-requests/2.32.3', 'Accept-Encoding': 'gzip, deflate', 'Accept': '*/*', 'Connection': 'keep-alive'} 
 body=None 
 </msg>
<msg time="2024-06-29T11:13:48.863177" level="INFO">GET Response : url=https://randomuser.me/api 
 status=200, reason=OK 
 headers={'Date': 'Sat, 29 Jun 2024 11:13:48 GMT', 'Content-Type': 'application/json; charset=utf-8', 'Transfer-Encoding': 'chunked', 'Connection': 'keep-alive', 'X-Powered-By': 'Express', 'Access-Control-Allow-Origin': '*', 'Cache-Control': 'no-cache', 'ETag': 'W/"491-LOZMmhe12WThuBhMLsjKolvrmWs"', 'Vary': 'Accept-Encoding', 'Content-Encoding': 'gzip', 'CF-Cache-Status': 'DYNAMIC', 'Report-To': '{"endpoints":[{"url":"https:\\/\\/a.nel.cloudflare.com\\/report\\/v4?s=prgsvAgZT2pLXNhkpLxzp%2B6iRnubH8AoaI0D%2Bo6UHJ3oOauGWv9vXYJAhFj3Pe2gjaeao%2BizjqQ2mLqEzTomdWaJHn3Toitbm2FqjS2iTICzoCJkfKJNRMeDXX0tmadG"}],"group":"cf-nel","max_age":604800}', 'NEL': '{"success_fraction":0,"report_to":"cf-nel","max_age":604800}', 'Server': 'cloudflare', 'CF-RAY': '89b57d47da9b2c0b-ORD', 'alt-svc': 'h3=":443"; ma=86400'} 
 body={"results":[{"gender":"male","name":{"title":"Mr","first":"Rémy","last":"Blanc"},"location":{"street":{"number":6134,"name":"Rue Bossuet"},"city":"Pau","state":"Indre","country":"France","postcode":42821,"coordinates":{"latitude":"-13.5906","longitude":"-67.0895"},"timezone":{"offset":"+5:00","description":"Ekaterinburg, Islamabad, Karachi, Tashkent"}},"email":"remy.blanc@example.com","login":{"uuid":"d1a97a75-9310-4adb-9391-aae05c94de9f","username":"organicbutterfly687","password":"carbon","salt":"KpfaP1Uh","md5":"b12112acf1b08b1d90c196204136d257","sha1":"d463b37208571392505f53191b16278694f00f75","sha256":"a3981ce0a4afd0d1e8c496c5356c0183d8d9669cffc877871de7fd260d2aeeba"},"dob":{"date":"1982-12-14T15:32:38.473Z","age":41},"registered":{"date":"2020-04-06T10:43:25.534Z","age":4},"phone":"02-75-28-95-93","cell":"06-97-84-30-73","id":{"name":"INSEE","value":"1821137167293 88"},"picture":{"large":"https://randomuser.me/api/portraits/men/3.jpg","medium":"https://randomuser.me/api/portraits/med/men/3.jpg","thumbnail":"https://randomuser.me/api/portraits/thumb/men/3.jpg"},"nat":"FR"}],"info":{"seed":"a86c26906cc383dd","results":1,"page":1,"version":"1.4"}} 
 </msg>
<msg time="2024-06-29T11:13:48.863339" level="INFO">/opt/hostedtoolcache/Python/3.12.4/x64/lib/python3.12/site-packages/urllib3/connectionpool.py:1099: InsecureRequestWarning: Unverified HTTPS request is being made to host 'randomuser.me'. Adding certificate verification is strongly advised. See: https://urllib3.readthedocs.io/en/latest/advanced-usage.html#tls-warnings
  warnings.warn(</msg>
<msg time="2024-06-29T11:13:48.863564" level="INFO">${response} = &lt;Response [200]&gt;</msg>
<var>${response}</var>
<arg>consultarAPI</arg>
<arg>/api</arg>
<doc>Sends a GET request on a previously created HTTP Session.</doc>
<status status="PASS" start="2024-06-29T11:13:48.772024" elapsed="0.091577"/>
</kw>
<kw name="Set Variable" owner="BuiltIn">
<msg time="2024-06-29T11:13:48.864598" level="INFO">${json_data} = {'results': [{'gender': 'male', 'name': {'title': 'Mr', 'first': 'Rémy', 'last': 'Blanc'}, 'location': {'street': {'number': 6134, 'name': 'Rue Bossuet'}, 'city': 'Pau', 'state': 'Indre', 'country': '...</msg>
<var>${json_data}</var>
<arg>${response.json()}</arg>
<doc>Returns the given values which can then be assigned to a variables.</doc>
<status status="PASS" start="2024-06-29T11:13:48.864075" elapsed="0.000553"/>
</kw>
<kw name="Log" owner="BuiltIn">
<msg time="2024-06-29T11:13:48.865180" level="INFO">{'results': [{'gender': 'male', 'name': {'title': 'Mr', 'first': 'Rémy', 'last': 'Blanc'}, 'location': {'street': {'number': 6134, 'name': 'Rue Bossuet'}, 'city': 'Pau', 'state': 'Indre', 'country': 'France', 'postcode': 42821, 'coordinates': {'latitude': '-13.5906', 'longitude': '-67.0895'}, 'timezone': {'offset': '+5:00', 'description': 'Ekaterinburg, Islamabad, Karachi, Tashkent'}}, 'email': 'remy.blanc@example.com', 'login': {'uuid': 'd1a97a75-9310-4adb-9391-aae05c94de9f', 'username': 'organicbutterfly687', 'password': 'carbon', 'salt': 'KpfaP1Uh', 'md5': 'b12112acf1b08b1d90c196204136d257', 'sha1': 'd463b37208571392505f53191b16278694f00f75', 'sha256': 'a3981ce0a4afd0d1e8c496c5356c0183d8d9669cffc877871de7fd260d2aeeba'}, 'dob': {'date': '1982-12-14T15:32:38.473Z', 'age': 41}, 'registered': {'date': '2020-04-06T10:43:25.534Z', 'age': 4}, 'phone': '02-75-28-95-93', 'cell': '06-97-84-30-73', 'id': {'name': 'INSEE', 'value': '1821137167293 88'}, 'picture': {'large': 'https://randomuser.me/api/portraits/men/3.jpg', 'medium': 'https://randomuser.me/api/portraits/med/men/3.jpg', 'thumbnail': 'https://randomuser.me/api/portraits/thumb/men/3.jpg'}, 'nat': 'FR'}], 'info': {'seed': 'a86c26906cc383dd', 'results': 1, 'page': 1, 'version': '1.4'}}</msg>
<arg>${json_data}</arg>
<doc>Logs the given message with the given level.</doc>
<status status="PASS" start="2024-06-29T11:13:48.864959" elapsed="0.000292"/>
</kw>
<kw name="Dictionary Should Contain Key" owner="Collections">
<arg>${json_data}</arg>
<arg>results</arg>
<doc>Fails if ``key`` is not found from ``dictionary``.</doc>
<status status="PASS" start="2024-06-29T11:13:48.865578" elapsed="0.000170"/>
</kw>
<kw name="Should Not Be Empty" owner="BuiltIn">
<msg time="2024-06-29T11:13:48.866067" level="INFO">Length is 2.</msg>
<arg>${json_data}</arg>
<doc>Verifies that the given item is not empty.</doc>
<status status="PASS" start="2024-06-29T11:13:48.865935" elapsed="0.000171"/>
</kw>
<kw name="Create List" owner="BuiltIn">
<msg time="2024-06-29T11:13:48.866561" level="INFO">${expected_keys} = ['gender', 'name', 'location', 'email', 'login']</msg>
<var>${expected_keys}</var>
<arg>gender</arg>
<arg>name</arg>
<arg>location</arg>
<arg>email</arg>
<arg>login</arg>
<doc>Returns a list containing given items.</doc>
<status status="PASS" start="2024-06-29T11:13:48.866407" elapsed="0.000178"/>
</kw>
<for flavor="IN">
<iter>
<kw name="Dictionary Should Contain Key" owner="Collections">
<arg>${json_data['results'][0]}</arg>
<arg>${key}</arg>
<doc>Fails if ``key`` is not found from ``dictionary``.</doc>
<status status="PASS" start="2024-06-29T11:13:48.867357" elapsed="0.000416"/>
</kw>
<kw name="Log" owner="BuiltIn">
<msg time="2024-06-29T11:13:48.868334" level="INFO">{'gender': 'male', 'name': {'title': 'Mr', 'first': 'Rémy', 'last': 'Blanc'}, 'location': {'street': {'number': 6134, 'name': 'Rue Bossuet'}, 'city': 'Pau', 'state': 'Indre', 'country': 'France', 'postcode': 42821, 'coordinates': {'latitude': '-13.5906', 'longitude': '-67.0895'}, 'timezone': {'offset': '+5:00', 'description': 'Ekaterinburg, Islamabad, Karachi, Tashkent'}}, 'email': 'remy.blanc@example.com', 'login': {'uuid': 'd1a97a75-9310-4adb-9391-aae05c94de9f', 'username': 'organicbutterfly687', 'password': 'carbon', 'salt': 'KpfaP1Uh', 'md5': 'b12112acf1b08b1d90c196204136d257', 'sha1': 'd463b37208571392505f53191b16278694f00f75', 'sha256': 'a3981ce0a4afd0d1e8c496c5356c0183d8d9669cffc877871de7fd260d2aeeba'}, 'dob': {'date': '1982-12-14T15:32:38.473Z', 'age': 41}, 'registered': {'date': '2020-04-06T10:43:25.534Z', 'age': 4}, 'phone': '02-75-28-95-93', 'cell': '06-97-84-30-73', 'id': {'name': 'INSEE', 'value': '1821137167293 88'}, 'picture': {'large': 'https://randomuser.me/api/portraits/men/3.jpg', 'medium': 'https://randomuser.me/api/portraits/med/men/3.jpg', 'thumbnail': 'https://randomuser.me/api/portraits/thumb/men/3.jpg'}, 'nat': 'FR'}</msg>
<arg>${json_data['results'][0]}</arg>
<doc>Logs the given message with the given level.</doc>
<status status="PASS" start="2024-06-29T11:13:48.867965" elapsed="0.000418"/>
</kw>
<kw name="Log" owner="BuiltIn">
<msg time="2024-06-29T11:13:48.868818" level="INFO">gender</msg>
<arg>${key}</arg>
<doc>Logs the given message with the given level.</doc>
<status status="PASS" start="2024-06-29T11:13:48.868689" elapsed="0.000167"/>
</kw>
<var name="${key}">gender</var>
<status status="PASS" start="2024-06-29T11:13:48.867205" elapsed="0.001867"/>
</iter>
<iter>
<kw name="Dictionary Should Contain Key" owner="Collections">
<arg>${json_data['results'][0]}</arg>
<arg>${key}</arg>
<doc>Fails if ``key`` is not found from ``dictionary``.</doc>
<status status="PASS" start="2024-06-29T11:13:48.869369" elapsed="0.000395"/>
</kw>
<kw name="Log" owner="BuiltIn">
<msg time="2024-06-29T11:13:48.870297" level="INFO">{'gender': 'male', 'name': {'title': 'Mr', 'first': 'Rémy', 'last': 'Blanc'}, 'location': {'street': {'number': 6134, 'name': 'Rue Bossuet'}, 'city': 'Pau', 'state': 'Indre', 'country': 'France', 'postcode': 42821, 'coordinates': {'latitude': '-13.5906', 'longitude': '-67.0895'}, 'timezone': {'offset': '+5:00', 'description': 'Ekaterinburg, Islamabad, Karachi, Tashkent'}}, 'email': 'remy.blanc@example.com', 'login': {'uuid': 'd1a97a75-9310-4adb-9391-aae05c94de9f', 'username': 'organicbutterfly687', 'password': 'carbon', 'salt': 'KpfaP1Uh', 'md5': 'b12112acf1b08b1d90c196204136d257', 'sha1': 'd463b37208571392505f53191b16278694f00f75', 'sha256': 'a3981ce0a4afd0d1e8c496c5356c0183d8d9669cffc877871de7fd260d2aeeba'}, 'dob': {'date': '1982-12-14T15:32:38.473Z', 'age': 41}, 'registered': {'date': '2020-04-06T10:43:25.534Z', 'age': 4}, 'phone': '02-75-28-95-93', 'cell': '06-97-84-30-73', 'id': {'name': 'INSEE', 'value': '1821137167293 88'}, 'picture': {'large': 'https://randomuser.me/api/portraits/men/3.jpg', 'medium': 'https://randomuser.me/api/portraits/med/men/3.jpg', 'thumbnail': 'https://randomuser.me/api/portraits/thumb/men/3.jpg'}, 'nat': 'FR'}</msg>
<arg>${json_data['results'][0]}</arg>
<doc>Logs the given message with the given level.</doc>
<status status="PASS" start="2024-06-29T11:13:48.869946" elapsed="0.000431"/>
</kw>
<kw name="Log" owner="BuiltIn">
<msg time="2024-06-29T11:13:48.870802" level="INFO">name</msg>
<arg>${key}</arg>
<doc>Logs the given message with the given level.</doc>
<status status="PASS" start="2024-06-29T11:13:48.870675" elapsed="0.000163"/>
</kw>
<var name="${key}">name</var>
<status status="PASS" start="2024-06-29T11:13:48.869257" elapsed="0.001796"/>
</iter>
<iter>
<kw name="Dictionary Should Contain Key" owner="Collections">
<arg>${json_data['results'][0]}</arg>
<arg>${key}</arg>
<doc>Fails if ``key`` is not found from ``dictionary``.</doc>
<status status="PASS" start="2024-06-29T11:13:48.871366" elapsed="0.000389"/>
</kw>
<kw name="Log" owner="BuiltIn">
<msg time="2024-06-29T11:13:48.872287" level="INFO">{'gender': 'male', 'name': {'title': 'Mr', 'first': 'Rémy', 'last': 'Blanc'}, 'location': {'street': {'number': 6134, 'name': 'Rue Bossuet'}, 'city': 'Pau', 'state': 'Indre', 'country': 'France', 'postcode': 42821, 'coordinates': {'latitude': '-13.5906', 'longitude': '-67.0895'}, 'timezone': {'offset': '+5:00', 'description': 'Ekaterinburg, Islamabad, Karachi, Tashkent'}}, 'email': 'remy.blanc@example.com', 'login': {'uuid': 'd1a97a75-9310-4adb-9391-aae05c94de9f', 'username': 'organicbutterfly687', 'password': 'carbon', 'salt': 'KpfaP1Uh', 'md5': 'b12112acf1b08b1d90c196204136d257', 'sha1': 'd463b37208571392505f53191b16278694f00f75', 'sha256': 'a3981ce0a4afd0d1e8c496c5356c0183d8d9669cffc877871de7fd260d2aeeba'}, 'dob': {'date': '1982-12-14T15:32:38.473Z', 'age': 41}, 'registered': {'date': '2020-04-06T10:43:25.534Z', 'age': 4}, 'phone': '02-75-28-95-93', 'cell': '06-97-84-30-73', 'id': {'name': 'INSEE', 'value': '1821137167293 88'}, 'picture': {'large': 'https://randomuser.me/api/portraits/men/3.jpg', 'medium': 'https://randomuser.me/api/portraits/med/men/3.jpg', 'thumbnail': 'https://randomuser.me/api/portraits/thumb/men/3.jpg'}, 'nat': 'FR'}</msg>
<arg>${json_data['results'][0]}</arg>
<doc>Logs the given message with the given level.</doc>
<status status="PASS" start="2024-06-29T11:13:48.871937" elapsed="0.000398"/>
</kw>
<kw name="Log" owner="BuiltIn">
<msg time="2024-06-29T11:13:48.872758" level="INFO">location</msg>
<arg>${key}</arg>
<doc>Logs the given message with the given level.</doc>
<status status="PASS" start="2024-06-29T11:13:48.872632" elapsed="0.000162"/>
</kw>
<var name="${key}">location</var>
<status status="PASS" start="2024-06-29T11:13:48.871228" elapsed="0.001782"/>
</iter>
<iter>
<kw name="Dictionary Should Contain Key" owner="Collections">
<arg>${json_data['results'][0]}</arg>
<arg>${key}</arg>
<doc>Fails if ``key`` is not found from ``dictionary``.</doc>
<status status="PASS" start="2024-06-29T11:13:48.873287" elapsed="0.000385"/>
</kw>
<kw name="Log" owner="BuiltIn">
<msg time="2024-06-29T11:13:48.874202" level="INFO">{'gender': 'male', 'name': {'title': 'Mr', 'first': 'Rémy', 'last': 'Blanc'}, 'location': {'street': {'number': 6134, 'name': 'Rue Bossuet'}, 'city': 'Pau', 'state': 'Indre', 'country': 'France', 'postcode': 42821, 'coordinates': {'latitude': '-13.5906', 'longitude': '-67.0895'}, 'timezone': {'offset': '+5:00', 'description': 'Ekaterinburg, Islamabad, Karachi, Tashkent'}}, 'email': 'remy.blanc@example.com', 'login': {'uuid': 'd1a97a75-9310-4adb-9391-aae05c94de9f', 'username': 'organicbutterfly687', 'password': 'carbon', 'salt': 'KpfaP1Uh', 'md5': 'b12112acf1b08b1d90c196204136d257', 'sha1': 'd463b37208571392505f53191b16278694f00f75', 'sha256': 'a3981ce0a4afd0d1e8c496c5356c0183d8d9669cffc877871de7fd260d2aeeba'}, 'dob': {'date': '1982-12-14T15:32:38.473Z', 'age': 41}, 'registered': {'date': '2020-04-06T10:43:25.534Z', 'age': 4}, 'phone': '02-75-28-95-93', 'cell': '06-97-84-30-73', 'id': {'name': 'INSEE', 'value': '1821137167293 88'}, 'picture': {'large': 'https://randomuser.me/api/portraits/men/3.jpg', 'medium': 'https://randomuser.me/api/portraits/med/men/3.jpg', 'thumbnail': 'https://randomuser.me/api/portraits/thumb/men/3.jpg'}, 'nat': 'FR'}</msg>
<arg>${json_data['results'][0]}</arg>
<doc>Logs the given message with the given level.</doc>
<status status="PASS" start="2024-06-29T11:13:48.873853" elapsed="0.000399"/>
</kw>
<kw name="Log" owner="BuiltIn">
<msg time="2024-06-29T11:13:48.874667" level="INFO">email</msg>
<arg>${key}</arg>
<doc>Logs the given message with the given level.</doc>
<status status="PASS" start="2024-06-29T11:13:48.874543" elapsed="0.000162"/>
</kw>
<var name="${key}">email</var>
<status status="PASS" start="2024-06-29T11:13:48.873181" elapsed="0.001744"/>
</iter>
<iter>
<kw name="Dictionary Should Contain Key" owner="Collections">
<arg>${json_data['results'][0]}</arg>
<arg>${key}</arg>
<doc>Fails if ``key`` is not found from ``dictionary``.</doc>
<status status="PASS" start="2024-06-29T11:13:48.875213" elapsed="0.000441"/>
</kw>
<kw name="Log" owner="BuiltIn">
<msg time="2024-06-29T11:13:48.876197" level="INFO">{'gender': 'male', 'name': {'title': 'Mr', 'first': 'Rémy', 'last': 'Blanc'}, 'location': {'street': {'number': 6134, 'name': 'Rue Bossuet'}, 'city': 'Pau', 'state': 'Indre', 'country': 'France', 'postcode': 42821, 'coordinates': {'latitude': '-13.5906', 'longitude': '-67.0895'}, 'timezone': {'offset': '+5:00', 'description': 'Ekaterinburg, Islamabad, Karachi, Tashkent'}}, 'email': 'remy.blanc@example.com', 'login': {'uuid': 'd1a97a75-9310-4adb-9391-aae05c94de9f', 'username': 'organicbutterfly687', 'password': 'carbon', 'salt': 'KpfaP1Uh', 'md5': 'b12112acf1b08b1d90c196204136d257', 'sha1': 'd463b37208571392505f53191b16278694f00f75', 'sha256': 'a3981ce0a4afd0d1e8c496c5356c0183d8d9669cffc877871de7fd260d2aeeba'}, 'dob': {'date': '1982-12-14T15:32:38.473Z', 'age': 41}, 'registered': {'date': '2020-04-06T10:43:25.534Z', 'age': 4}, 'phone': '02-75-28-95-93', 'cell': '06-97-84-30-73', 'id': {'name': 'INSEE', 'value': '1821137167293 88'}, 'picture': {'large': 'https://randomuser.me/api/portraits/men/3.jpg', 'medium': 'https://randomuser.me/api/portraits/med/men/3.jpg', 'thumbnail': 'https://randomuser.me/api/portraits/thumb/men/3.jpg'}, 'nat': 'FR'}</msg>
<arg>${json_data['results'][0]}</arg>
<doc>Logs the given message with the given level.</doc>
<status status="PASS" start="2024-06-29T11:13:48.875837" elapsed="0.000409"/>
</kw>
<kw name="Log" owner="BuiltIn">
<msg time="2024-06-29T11:13:48.876665" level="INFO">login</msg>
<arg>${key}</arg>
<doc>Logs the given message with the given level.</doc>
<status status="PASS" start="2024-06-29T11:13:48.876540" elapsed="0.000162"/>
</kw>
<var name="${key}">login</var>
<status status="PASS" start="2024-06-29T11:13:48.875100" elapsed="0.001824"/>
</iter>
<var>${key}</var>
<value>@{expected_keys}</value>
<status status="PASS" start="2024-06-29T11:13:48.867008" elapsed="0.010037"/>
</for>
<kw name="Create List" owner="BuiltIn">
<msg time="2024-06-29T11:13:48.877372" level="INFO">${expected_keysTwo} = ['username', 'password']</msg>
<var>${expected_keysTwo}</var>
<arg>username</arg>
<arg>password</arg>
<doc>Returns a list containing given items.</doc>
<status status="PASS" start="2024-06-29T11:13:48.877238" elapsed="0.000186"/>
</kw>
<for flavor="IN">
<iter>
<kw name="Dictionary Should Contain Key" owner="Collections">
<arg>${json_data['results'][0]['login']}</arg>
<arg>${keyTwo}</arg>
<doc>Fails if ``key`` is not found from ``dictionary``.</doc>
<status status="PASS" start="2024-06-29T11:13:48.877926" elapsed="0.000382"/>
</kw>
<kw name="Dictionary Should Contain Key" owner="Collections">
<arg>${json_data['results'][0]['login']}</arg>
<arg>${keyTwo}</arg>
<doc>Fails if ``key`` is not found from ``dictionary``.</doc>
<status status="PASS" start="2024-06-29T11:13:48.878485" elapsed="0.000368"/>
</kw>
<kw name="Log" owner="BuiltIn">
<msg time="2024-06-29T11:13:48.879159" level="INFO">username</msg>
<arg>${keyTwo}</arg>
<doc>Logs the given message with the given level.</doc>
<status status="PASS" start="2024-06-29T11:13:48.879035" elapsed="0.000161"/>
</kw>
<var name="${keyTwo}">username</var>
<status status="PASS" start="2024-06-29T11:13:48.877818" elapsed="0.001630"/>
</iter>
<iter>
<kw name="Dictionary Should Contain Key" owner="Collections">
<arg>${json_data['results'][0]['login']}</arg>
<arg>${keyTwo}</arg>
<doc>Fails if ``key`` is not found from ``dictionary``.</doc>
<status status="PASS" start="2024-06-29T11:13:48.879727" elapsed="0.000385"/>
</kw>
<kw name="Dictionary Should Contain Key" owner="Collections">
<arg>${json_data['results'][0]['login']}</arg>
<arg>${keyTwo}</arg>
<doc>Fails if ``key`` is not found from ``dictionary``.</doc>
<status status="PASS" start="2024-06-29T11:13:48.880287" elapsed="0.000362"/>
</kw>
<kw name="Log" owner="BuiltIn">
<msg time="2024-06-29T11:13:48.880939" level="INFO">password</msg>
<arg>${keyTwo}</arg>
<doc>Logs the given message with the given level.</doc>
<status status="PASS" start="2024-06-29T11:13:48.880822" elapsed="0.000158"/>
</kw>
<var name="${keyTwo}">password</var>
<status status="PASS" start="2024-06-29T11:13:48.879621" elapsed="0.001577"/>
</iter>
<var>${keyTwo}</var>
<value>@{expected_keysTwo}</value>
<status status="PASS" start="2024-06-29T11:13:48.877666" elapsed="0.003652"/>
</for>
<status status="PASS" start="2024-06-29T11:13:48.771795" elapsed="0.109662"/>
</kw>
<doc>Testa a estrutura da resposta da API.</doc>
<tag>testeEstruturaResposta</tag>
<status status="PASS" start="2024-06-29T11:13:48.771257" elapsed="0.110360"/>
</test>
<test id="s1-s1-t4" name="Validar tipos de dados" line="28">
<kw name="Teste de Tipos de Dados" owner="random-user-service">
<kw name="GET On Session" owner="RequestsLibrary">
<msg time="2024-06-29T11:13:48.966547" level="INFO">GET Request : url=https://randomuser.me/api 
 path_url=/api 
 headers={'User-Agent': 'python-requests/2.32.3', 'Accept-Encoding': 'gzip, deflate', 'Accept': '*/*', 'Connection': 'keep-alive'} 
 body=None 
 </msg>
<msg time="2024-06-29T11:13:48.966655" level="INFO">GET Response : url=https://randomuser.me/api 
 status=200, reason=OK 
 headers={'Date': 'Sat, 29 Jun 2024 11:13:48 GMT', 'Content-Type': 'application/json; charset=utf-8', 'Transfer-Encoding': 'chunked', 'Connection': 'keep-alive', 'X-Powered-By': 'Express', 'Access-Control-Allow-Origin': '*', 'Cache-Control': 'no-cache', 'ETag': 'W/"491-Ei0gN7g/sF6+y9P7RIIjNQCK2to"', 'Vary': 'Accept-Encoding', 'Content-Encoding': 'gzip', 'CF-Cache-Status': 'DYNAMIC', 'Report-To': '{"endpoints":[{"url":"https:\\/\\/a.nel.cloudflare.com\\/report\\/v4?s=Kkbeucw%2B0wLSGgG8mQUPykjfyjkiaZMbEDTfJCXoAi0M5zZLKdAdE2Md4vNU2AQJVc2px%2FHwsJfZoxrEpppNa0SLw3Bj3bJ8nZ3NYrDwXh2721mhCajVOqRXzjRvO8Pf"}],"group":"cf-nel","max_age":604800}', 'NEL': '{"success_fraction":0,"report_to":"cf-nel","max_age":604800}', 'Server': 'cloudflare', 'CF-RAY': '89b57d488b062c0b-ORD', 'alt-svc': 'h3=":443"; ma=86400'} 
 body={"results":[{"gender":"female","name":{"title":"Ms","first":"Diane","last":"Martin"},"location":{"street":{"number":6745,"name":"Rue Abel-Ferry"},"city":"Le Havre","state":"Vendée","country":"France","postcode":88451,"coordinates":{"latitude":"-18.1495","longitude":"86.1396"},"timezone":{"offset":"-7:00","description":"Mountain Time (US &amp; Canada)"}},"email":"diane.martin@example.com","login":{"uuid":"4aa3a56f-d944-481f-b74e-b8afd3927a69","username":"tinypanda564","password":"ddddd","salt":"LqsHg97D","md5":"71ad37981207e0d47eb1f19a3b673c62","sha1":"337588a2d36b468d7a52c504344c5da7602a1335","sha256":"25b7712ca18f43bababcf76299b1cf4ce3d4738e4dc32a8331b9ec68d4f6ada0"},"dob":{"date":"1983-06-24T11:01:34.482Z","age":41},"registered":{"date":"2022-01-25T07:35:47.874Z","age":2},"phone":"01-61-46-36-00","cell":"06-06-92-07-10","id":{"name":"INSEE","value":"2830525996642 24"},"picture":{"large":"https://randomuser.me/api/portraits/women/79.jpg","medium":"https://randomuser.me/api/portraits/med/women/79.jpg","thumbnail":"https://randomuser.me/api/portraits/thumb/women/79.jpg"},"nat":"FR"}],"info":{"seed":"e819ffbe50cc7d03","results":1,"page":1,"version":"1.4"}} 
 </msg>
<msg time="2024-06-29T11:13:48.966728" level="INFO">/opt/hostedtoolcache/Python/3.12.4/x64/lib/python3.12/site-packages/urllib3/connectionpool.py:1099: InsecureRequestWarning: Unverified HTTPS request is being made to host 'randomuser.me'. Adding certificate verification is strongly advised. See: https://urllib3.readthedocs.io/en/latest/advanced-usage.html#tls-warnings
  warnings.warn(</msg>
<msg time="2024-06-29T11:13:48.966844" level="INFO">${response} = &lt;Response [200]&gt;</msg>
<var>${response}</var>
<arg>consultarAPI</arg>
<arg>/api</arg>
<doc>Sends a GET request on a previously created HTTP Session.</doc>
<status status="PASS" start="2024-06-29T11:13:48.884156" elapsed="0.082715"/>
</kw>
<kw name="Set Variable" owner="BuiltIn">
<msg time="2024-06-29T11:13:48.968004" level="INFO">${json_data} = {'results': [{'gender': 'female', 'name': {'title': 'Ms', 'first': 'Diane', 'last': 'Martin'}, 'location': {'street': {'number': 6745, 'name': 'Rue Abel-Ferry'}, 'city': 'Le Havre', 'state': 'Vendée',...</msg>
<var>${json_data}</var>
<arg>${response.json()}</arg>
<doc>Returns the given values which can then be assigned to a variables.</doc>
<status status="PASS" start="2024-06-29T11:13:48.967450" elapsed="0.000589"/>
</kw>
<kw name="Log" owner="BuiltIn">
<msg time="2024-06-29T11:13:48.968562" level="INFO">{'results': [{'gender': 'female', 'name': {'title': 'Ms', 'first': 'Diane', 'last': 'Martin'}, 'location': {'street': {'number': 6745, 'name': 'Rue Abel-Ferry'}, 'city': 'Le Havre', 'state': 'Vendée', 'country': 'France', 'postcode': 88451, 'coordinates': {'latitude': '-18.1495', 'longitude': '86.1396'}, 'timezone': {'offset': '-7:00', 'description': 'Mountain Time (US &amp; Canada)'}}, 'email': 'diane.martin@example.com', 'login': {'uuid': '4aa3a56f-d944-481f-b74e-b8afd3927a69', 'username': 'tinypanda564', 'password': 'ddddd', 'salt': 'LqsHg97D', 'md5': '71ad37981207e0d47eb1f19a3b673c62', 'sha1': '337588a2d36b468d7a52c504344c5da7602a1335', 'sha256': '25b7712ca18f43bababcf76299b1cf4ce3d4738e4dc32a8331b9ec68d4f6ada0'}, 'dob': {'date': '1983-06-24T11:01:34.482Z', 'age': 41}, 'registered': {'date': '2022-01-25T07:35:47.874Z', 'age': 2}, 'phone': '01-61-46-36-00', 'cell': '06-06-92-07-10', 'id': {'name': 'INSEE', 'value': '2830525996642 24'}, 'picture': {'large': 'https://randomuser.me/api/portraits/women/79.jpg', 'medium': 'https://randomuser.me/api/portraits/med/women/79.jpg', 'thumbnail': 'https://randomuser.me/api/portraits/thumb/women/79.jpg'}, 'nat': 'FR'}], 'info': {'seed': 'e819ffbe50cc7d03', 'results': 1, 'page': 1, 'version': '1.4'}}</msg>
<arg>${json_data}</arg>
<doc>Logs the given message with the given level.</doc>
<status status="PASS" start="2024-06-29T11:13:48.968390" elapsed="0.000244"/>
</kw>
<kw name="Should Be String" owner="String">
<arg>${json_data['results'][0]['gender']}</arg>
<doc>Fails if the given ``item`` is not a string.</doc>
<status status="PASS" start="2024-06-29T11:13:48.968956" elapsed="0.000397"/>
</kw>
<kw name="Should Match Regexp" owner="BuiltIn">
<arg>${json_data['results'][0]['email']}</arg>
<arg>^[a-zA-Z0-9._%+-]+@[a-zA-Z0-9.-]+\.[a-zA-Z]{2,}$</arg>
<doc>Fails if ``string`` does not match ``pattern`` as a regular expression.</doc>
<status status="PASS" start="2024-06-29T11:13:48.969552" elapsed="0.000574"/>
</kw>
<kw name="Should Match Regexp" owner="BuiltIn">
<arg>${json_data['results'][0]['dob']['date']}</arg>
<arg>\\d{4}-\\d{2}-\\d{2}T\\d{2}:\\d{2}:\\d{2}\\.\\d{3}Z</arg>
<doc>Fails if ``string`` does not match ``pattern`` as a regular expression.</doc>
<status status="PASS" start="2024-06-29T11:13:48.970325" elapsed="0.000498"/>
</kw>
<kw name="Should Match Regexp" owner="BuiltIn">
<arg>${json_data['results'][0]['registered']['date']}</arg>
<arg>\\d{4}-\\d{2}-\\d{2}T\\d{2}:\\d{2}:\\d{2}\\.\\d{3}Z</arg>
<doc>Fails if ``string`` does not match ``pattern`` as a regular expression.</doc>
<status status="PASS" start="2024-06-29T11:13:48.971014" elapsed="0.000398"/>
</kw>
<kw name="Should Match Regexp" owner="BuiltIn">
<arg>${json_data['results'][0]['picture']['large']}</arg>
<arg>^https?://.*\.(?:png|jpe?g|gif|bmp)$</arg>
<doc>Fails if ``string`` does not match ``pattern`` as a regular expression.</doc>
<status status="PASS" start="2024-06-29T11:13:48.971602" elapsed="0.000465"/>
</kw>
<kw name="Should Match Regexp" owner="BuiltIn">
<arg>${json_data['results'][0]['picture']['medium']}</arg>
<arg>^https?://.*\.(?:png|jpe?g|gif|bmp)$</arg>
<doc>Fails if ``string`` does not match ``pattern`` as a regular expression.</doc>
<status status="PASS" start="2024-06-29T11:13:48.972254" elapsed="0.000356"/>
</kw>
<kw name="Should Match Regexp" owner="BuiltIn">
<arg>${json_data['results'][0]['picture']['thumbnail']}</arg>
<arg>^https?://.*\.(?:png|jpe?g|gif|bmp)$</arg>
<doc>Fails if ``string`` does not match ``pattern`` as a regular expression.</doc>
<status status="PASS" start="2024-06-29T11:13:48.972794" elapsed="0.000346"/>
</kw>
<kw name="Log" owner="BuiltIn">
<msg time="2024-06-29T11:13:48.973649" level="INFO">{'large': 'https://randomuser.me/api/portraits/women/79.jpg', 'medium': 'https://randomuser.me/api/portraits/med/women/79.jpg', 'thumbnail': 'https://randomuser.me/api/portraits/thumb/women/79.jpg'}</msg>
<arg>${json_data['results'][0]['picture']}</arg>
<doc>Logs the given message with the given level.</doc>
<status status="PASS" start="2024-06-29T11:13:48.973320" elapsed="0.000372"/>
</kw>
<status status="PASS" start="2024-06-29T11:13:48.883930" elapsed="0.090027"/>
</kw>
<kw name="Teste de Tipos de Dados - Postcode" owner="random-user-service">
<kw name="GET On Session" owner="RequestsLibrary">
<msg time="2024-06-29T11:13:49.063477" level="INFO">GET Request : url=https://randomuser.me/api 
 path_url=/api 
 headers={'User-Agent': 'python-requests/2.32.3', 'Accept-Encoding': 'gzip, deflate', 'Accept': '*/*', 'Connection': 'keep-alive'} 
 body=None 
 </msg>
<msg time="2024-06-29T11:13:49.063566" level="INFO">GET Response : url=https://randomuser.me/api 
 status=200, reason=OK 
 headers={'Date': 'Sat, 29 Jun 2024 11:13:49 GMT', 'Content-Type': 'application/json; charset=utf-8', 'Transfer-Encoding': 'chunked', 'Connection': 'keep-alive', 'X-Powered-By': 'Express', 'Access-Control-Allow-Origin': '*', 'Cache-Control': 'no-cache', 'ETag': 'W/"49a-3U7gF8a+HOoc0tFVHAYI9Yz3V14"', 'Vary': 'Accept-Encoding', 'Content-Encoding': 'gzip', 'CF-Cache-Status': 'DYNAMIC', 'Report-To': '{"endpoints":[{"url":"https:\\/\\/a.nel.cloudflare.com\\/report\\/v4?s=HduTrz9TgQsbNWkefid3YicflfAeGFhG%2BHd8ZagfKmsuW%2BsvWMCB%2BI9Jc29mcDEJo5NRhBZrXnm5PnYMu9S8eLpV14bdwk9jD8B4%2Bm9aymg6GagT2fa%2FHzml8IgrzEw8"}],"group":"cf-nel","max_age":604800}', 'NEL': '{"success_fraction":0,"report_to":"cf-nel","max_age":604800}', 'Server': 'cloudflare', 'CF-RAY': '89b57d491b5f2c0b-ORD', 'alt-svc': 'h3=":443"; ma=86400'} 
 body={"results":[{"gender":"male","name":{"title":"Mr","first":"دانیال","last":"رضاییان"},"location":{"street":{"number":6710,"name":"راستوان"},"city":"زنجان","state":"خراسان رضوی","country":"Iran","postcode":90861,"coordinates":{"latitude":"14.6647","longitude":"-54.3312"},"timezone":{"offset":"+10:00","description":"Eastern Australia, Guam, Vladivostok"}},"email":"dnyl.rdyyn@example.com","login":{"uuid":"53fa574e-0d27-4392-a442-df35b43ca895","username":"crazycat872","password":"dogwood","salt":"a1lDmKjj","md5":"503a63317802ac96e506721820e37d51","sha1":"5025f7d6ddbf11f678778734d77917f4cd3ba1b8","sha256":"f8e627d6488634ddee8f5c2a30fed305cc45749eef0efde1dd7a82e767d4225e"},"dob":{"date":"2000-03-01T12:30:39.536Z","age":24},"registered":{"date":"2006-07-29T08:54:29.455Z","age":17},"phone":"062-28656382","cell":"0941-918-6613","id":{"name":"","value":null},"picture":{"large":"https://randomuser.me/api/portraits/men/33.jpg","medium":"https://randomuser.me/api/portraits/med/men/33.jpg","thumbnail":"https://randomuser.me/api/portraits/thumb/men/33.jpg"},"nat":"IR"}],"info":{"seed":"7a141c382aa851c7","results":1,"page":1,"version":"1.4"}} 
 </msg>
<msg time="2024-06-29T11:13:49.063642" level="INFO">/opt/hostedtoolcache/Python/3.12.4/x64/lib/python3.12/site-packages/urllib3/connectionpool.py:1099: InsecureRequestWarning: Unverified HTTPS request is being made to host 'randomuser.me'. Adding certificate verification is strongly advised. See: https://urllib3.readthedocs.io/en/latest/advanced-usage.html#tls-warnings
  warnings.warn(</msg>
<msg time="2024-06-29T11:13:49.063754" level="INFO">${response} = &lt;Response [200]&gt;</msg>
<var>${response}</var>
<arg>consultarAPI</arg>
<arg>/api</arg>
<doc>Sends a GET request on a previously created HTTP Session.</doc>
<status status="PASS" start="2024-06-29T11:13:48.974413" elapsed="0.089386"/>
</kw>
<kw name="Set Variable" owner="BuiltIn">
<msg time="2024-06-29T11:13:49.064794" level="INFO">${json_data} = {'results': [{'gender': 'male', 'name': {'title': 'Mr', 'first': 'دانیال', 'last': 'رضاییان'}, 'location': {'street': {'number': 6710, 'name': 'راستوان'}, 'city': 'زنجان', 'state': 'خراسان رضوی', 'cou...</msg>
<var>${json_data}</var>
<arg>${response.json()}</arg>
<doc>Returns the given values which can then be assigned to a variables.</doc>
<status status="PASS" start="2024-06-29T11:13:49.064284" elapsed="0.000542"/>
</kw>
<kw name="Log" owner="BuiltIn">
<msg time="2024-06-29T11:13:49.065300" level="INFO">{'results': [{'gender': 'male', 'name': {'title': 'Mr', 'first': 'دانیال', 'last': 'رضاییان'}, 'location': {'street': {'number': 6710, 'name': 'راستوان'}, 'city': 'زنجان', 'state': 'خراسان رضوی', 'country': 'Iran', 'postcode': 90861, 'coordinates': {'latitude': '14.6647', 'longitude': '-54.3312'}, 'timezone': {'offset': '+10:00', 'description': 'Eastern Australia, Guam, Vladivostok'}}, 'email': 'dnyl.rdyyn@example.com', 'login': {'uuid': '53fa574e-0d27-4392-a442-df35b43ca895', 'username': 'crazycat872', 'password': 'dogwood', 'salt': 'a1lDmKjj', 'md5': '503a63317802ac96e506721820e37d51', 'sha1': '5025f7d6ddbf11f678778734d77917f4cd3ba1b8', 'sha256': 'f8e627d6488634ddee8f5c2a30fed305cc45749eef0efde1dd7a82e767d4225e'}, 'dob': {'date': '2000-03-01T12:30:39.536Z', 'age': 24}, 'registered': {'date': '2006-07-29T08:54:29.455Z', 'age': 17}, 'phone': '062-28656382', 'cell': '0941-918-6613', 'id': {'name': '', 'value': None}, 'picture': {'large': 'https://randomuser.me/api/portraits/men/33.jpg', 'medium': 'https://randomuser.me/api/portraits/med/men/33.jpg', 'thumbnail': 'https://randomuser.me/api/portraits/thumb/men/33.jpg'}, 'nat': 'IR'}], 'info': {'seed': '7a141c382aa851c7', 'results': 1, 'page': 1, 'version': '1.4'}}</msg>
<arg>${json_data}</arg>
<doc>Logs the given message with the given level.</doc>
<status status="PASS" start="2024-06-29T11:13:49.065136" elapsed="0.000214"/>
</kw>
<kw name="Should Be Equal As Numbers" owner="BuiltIn">
<arg>${json_data['results'][0]['location']['postcode']}</arg>
<arg>${json_data['results'][0]['location']['postcode']}</arg>
<doc>Fails if objects are unequal after converting them to real numbers.</doc>
<status status="PASS" start="2024-06-29T11:13:49.065646" elapsed="0.000628"/>
</kw>
<kw name="Log" owner="BuiltIn">
<msg time="2024-06-29T11:13:49.066828" level="INFO">90861</msg>
<arg>${json_data['results'][0]['location']['postcode']}</arg>
<doc>Logs the given message with the given level.</doc>
<status status="PASS" start="2024-06-29T11:13:49.066459" elapsed="0.000410"/>
</kw>
<status status="PASS" start="2024-06-29T11:13:48.974184" elapsed="0.092938"/>
</kw>
<doc>Testa se os tipos de dados na resposta da API estão corretos.</doc>
<tag>testeTiposDados</tag>
<status status="PASS" start="2024-06-29T11:13:48.883397" elapsed="0.183922"/>
</test>
<test id="s1-s1-t5" name="Validar conteudo" line="35">
<kw name="Teste de Tipos de Conteudo" owner="random-user-service">
<kw name="GET On Session" owner="RequestsLibrary">
<msg time="2024-06-29T11:13:49.161888" level="INFO">GET Request : url=https://randomuser.me/api 
 path_url=/api 
 headers={'User-Agent': 'python-requests/2.32.3', 'Accept-Encoding': 'gzip, deflate', 'Accept': '*/*', 'Connection': 'keep-alive'} 
 body=None 
 </msg>
<msg time="2024-06-29T11:13:49.161986" level="INFO">GET Response : url=https://randomuser.me/api 
 status=200, reason=OK 
 headers={'Date': 'Sat, 29 Jun 2024 11:13:49 GMT', 'Content-Type': 'application/json; charset=utf-8', 'Transfer-Encoding': 'chunked', 'Connection': 'keep-alive', 'X-Powered-By': 'Express', 'Access-Control-Allow-Origin': '*', 'Cache-Control': 'no-cache', 'ETag': 'W/"47d-NpqekPCRUoJnUYtcXGMJmPy2fPM"', 'Vary': 'Accept-Encoding', 'Content-Encoding': 'gzip', 'CF-Cache-Status': 'DYNAMIC', 'Report-To': '{"endpoints":[{"url":"https:\\/\\/a.nel.cloudflare.com\\/report\\/v4?s=npL9E97gVJUeU3ZtydThZU9WdnPhBrlHji0Smz6ZNxWhC9GZ71Rdpn6yIj%2FqXOHMkCZi%2BD4ze1i2rtD1dAEVWfgjZvm8Ocwe9izW2wH2ZE%2Buvyn7FH6zfDqgQxBF6T1o"}],"group":"cf-nel","max_age":604800}', 'NEL': '{"success_fraction":0,"report_to":"cf-nel","max_age":604800}', 'Server': 'cloudflare', 'CF-RAY': '89b57d49bbcc2c0b-ORD', 'alt-svc': 'h3=":443"; ma=86400'} 
 body={"results":[{"gender":"female","name":{"title":"Ms","first":"Jovana","last":"Aleksić"},"location":{"street":{"number":2528,"name":"Dušana Radića"},"city":"Novi Bečej","state":"Braničevo","country":"Serbia","postcode":73911,"coordinates":{"latitude":"63.3258","longitude":"30.9732"},"timezone":{"offset":"+4:30","description":"Kabul"}},"email":"jovana.aleksic@example.com","login":{"uuid":"50da4380-b5e4-4c80-b5d2-c9b5b380a408","username":"bluerabbit640","password":"starman","salt":"u3sYHalx","md5":"7661f27be06cf01b834b70a262f3f6d0","sha1":"e5b91b738bdf09eb3228cf0d6e49ed4780136ada","sha256":"171d6d465bc3914dfe6f19e6aa842619832eda24ba7004ded4431018e23b28b3"},"dob":{"date":"1985-08-17T18:40:57.702Z","age":38},"registered":{"date":"2009-04-03T21:47:00.176Z","age":15},"phone":"015-0620-576","cell":"066-7130-645","id":{"name":"SID","value":"494931864"},"picture":{"large":"https://randomuser.me/api/portraits/women/68.jpg","medium":"https://randomuser.me/api/portraits/med/women/68.jpg","thumbnail":"https://randomuser.me/api/portraits/thumb/women/68.jpg"},"nat":"RS"}],"info":{"seed":"b4f99c45f126ff16","results":1,"page":1,"version":"1.4"}} 
 </msg>
<msg time="2024-06-29T11:13:49.162076" level="INFO">/opt/hostedtoolcache/Python/3.12.4/x64/lib/python3.12/site-packages/urllib3/connectionpool.py:1099: InsecureRequestWarning: Unverified HTTPS request is being made to host 'randomuser.me'. Adding certificate verification is strongly advised. See: https://urllib3.readthedocs.io/en/latest/advanced-usage.html#tls-warnings
  warnings.warn(</msg>
<msg time="2024-06-29T11:13:49.162181" level="INFO">${response} = &lt;Response [200]&gt;</msg>
<var>${response}</var>
<arg>consultarAPI</arg>
<arg>/api</arg>
<doc>Sends a GET request on a previously created HTTP Session.</doc>
<status status="PASS" start="2024-06-29T11:13:49.069947" elapsed="0.092260"/>
</kw>
<kw name="Set Variable" owner="BuiltIn">
<msg time="2024-06-29T11:13:49.163173" level="INFO">${json_data} = {'results': [{'gender': 'female', 'name': {'title': 'Ms', 'first': 'Jovana', 'last': 'Aleksić'}, 'location': {'street': {'number': 2528, 'name': 'Dušana Radića'}, 'city': 'Novi Bečej', 'state': 'Brani...</msg>
<var>${json_data}</var>
<arg>${response.json()}</arg>
<doc>Returns the given values which can then be assigned to a variables.</doc>
<status status="PASS" start="2024-06-29T11:13:49.162683" elapsed="0.000521"/>
</kw>
<kw name="Set Variable" owner="BuiltIn">
<msg time="2024-06-29T11:13:49.163946" level="INFO">${name_title} = Ms</msg>
<var>${name_title}</var>
<arg>${json_data["results"][0]["name"]["title"]}</arg>
<doc>Returns the given values which can then be assigned to a variables.</doc>
<status status="PASS" start="2024-06-29T11:13:49.163565" elapsed="0.000406"/>
</kw>
<kw name="Create List" owner="BuiltIn">
<msg time="2024-06-29T11:13:49.164409" level="INFO">${allowed_titles} = ['Mr', 'Ms', 'Miss', 'Mrs', 'Madame', 'Monsieur']</msg>
<var>${allowed_titles}</var>
<arg>Mr</arg>
<arg>Ms</arg>
<arg>Miss</arg>
<arg>Mrs</arg>
<arg>Madame</arg>
<arg>Monsieur</arg>
<doc>Returns a list containing given items.</doc>
<status status="PASS" start="2024-06-29T11:13:49.164264" elapsed="0.000169"/>
</kw>
<kw name="List Should Contain Value" owner="Collections">
<arg>${allowed_titles}</arg>
<arg>${name_title}</arg>
<doc>Fails if the ``value`` is not found from ``list``.</doc>
<status status="PASS" start="2024-06-29T11:13:49.164727" elapsed="0.000173"/>
</kw>
<kw name="Set Variable" owner="BuiltIn">
<msg time="2024-06-29T11:13:49.165434" level="INFO">${name_country} = RS</msg>
<var>${name_country}</var>
<arg>${json_data["results"][0]["nat"]}</arg>
<doc>Returns the given values which can then be assigned to a variables.</doc>
<status status="PASS" start="2024-06-29T11:13:49.165076" elapsed="0.000382"/>
</kw>
<kw name="Create List" owner="BuiltIn">
<msg time="2024-06-29T11:13:49.166351" level="INFO">${list_country} = ['AD', 'AE', 'AF', 'AG', 'AI', 'AL', 'AM', 'AO', 'AQ', 'AR', 'AS', 'AT', 'AU', 'AW', 'AX', 'AZ', 'BA', 'BB', 'BD', 'BE', 'BF', 'BG', 'BH', 'BI', 'BJ', 'BL', 'BM', 'BN', 'BO', 'BQ', 'BR', 'BS', 'BT', '...</msg>
<var>${list_country}</var>
<arg>AD</arg>
<arg>AE</arg>
<arg>AF</arg>
<arg>AG</arg>
<arg>AI</arg>
<arg>AL</arg>
<arg>AM</arg>
<arg>AO</arg>
<arg>AQ</arg>
<arg>AR</arg>
<arg>AS</arg>
<arg>AT</arg>
<arg>AU</arg>
<arg>AW</arg>
<arg>AX</arg>
<arg>AZ</arg>
<arg>BA</arg>
<arg>BB</arg>
<arg>BD</arg>
<arg>BE</arg>
<arg>BF</arg>
<arg>BG</arg>
<arg>BH</arg>
<arg>BI</arg>
<arg>BJ</arg>
<arg>BL</arg>
<arg>BM</arg>
<arg>BN</arg>
<arg>BO</arg>
<arg>BQ</arg>
<arg>BR</arg>
<arg>BS</arg>
<arg>BT</arg>
<arg>BV</arg>
<arg>BW</arg>
<arg>BY</arg>
<arg>BZ</arg>
<arg>CA</arg>
<arg>CC</arg>
<arg>CD</arg>
<arg>CF</arg>
<arg>CG</arg>
<arg>CH</arg>
<arg>CI</arg>
<arg>CK</arg>
<arg>CL</arg>
<arg>CM</arg>
<arg>CN</arg>
<arg>CO</arg>
<arg>CR</arg>
<arg>CU</arg>
<arg>CV</arg>
<arg>CW</arg>
<arg>CX</arg>
<arg>CY</arg>
<arg>CZ</arg>
<arg>DE</arg>
<arg>DJ</arg>
<arg>DK</arg>
<arg>DM</arg>
<arg>DO</arg>
<arg>DZ</arg>
<arg>EC</arg>
<arg>EE</arg>
<arg>EG</arg>
<arg>EH</arg>
<arg>ER</arg>
<arg>ES</arg>
<arg>ET</arg>
<arg>FI</arg>
<arg>FJ</arg>
<arg>FK</arg>
<arg>FM</arg>
<arg>FO</arg>
<arg>FR</arg>
<arg>GA</arg>
<arg>GB</arg>
<arg>GD</arg>
<arg>GE</arg>
<arg>GF</arg>
<arg>GG</arg>
<arg>GH</arg>
<arg>GI</arg>
<arg>GL</arg>
<arg>GM</arg>
<arg>GN</arg>
<arg>GP</arg>
<arg>GQ</arg>
<arg>GR</arg>
<arg>GS</arg>
<arg>GT</arg>
<arg>GU</arg>
<arg>GW</arg>
<arg>GY</arg>
<arg>HK</arg>
<arg>HM</arg>
<arg>HN</arg>
<arg>HR</arg>
<arg>HT</arg>
<arg>HU</arg>
<arg>ID</arg>
<arg>IE</arg>
<arg>IL</arg>
<arg>IM</arg>
<arg>IN</arg>
<arg>IO</arg>
<arg>IQ</arg>
<arg>IR</arg>
<arg>IS</arg>
<arg>IT</arg>
<arg>JE</arg>
<arg>JM</arg>
<arg>JO</arg>
<arg>JP</arg>
<arg>KE</arg>
<arg>KG</arg>
<arg>KH</arg>
<arg>KI</arg>
<arg>KM</arg>
<arg>KN</arg>
<arg>KP</arg>
<arg>KR</arg>
<arg>KW</arg>
<arg>KY</arg>
<arg>KZ</arg>
<arg>LA</arg>
<arg>LB</arg>
<arg>LC</arg>
<arg>LI</arg>
<arg>LK</arg>
<arg>LR</arg>
<arg>LS</arg>
<arg>LT</arg>
<arg>LU</arg>
<arg>LV</arg>
<arg>LY</arg>
<arg>MA</arg>
<arg>MC</arg>
<arg>MD</arg>
<arg>ME</arg>
<arg>MF</arg>
<arg>MG</arg>
<arg>MH</arg>
<arg>MK</arg>
<arg>ML</arg>
<arg>MM</arg>
<arg>MN</arg>
<arg>MO</arg>
<arg>MP</arg>
<arg>MQ</arg>
<arg>MR</arg>
<arg>MS</arg>
<arg>MT</arg>
<arg>MU</arg>
<arg>MV</arg>
<arg>MW</arg>
<arg>MX</arg>
<arg>MY</arg>
<arg>MZ</arg>
<arg>NA</arg>
<arg>NC</arg>
<arg>NE</arg>
<arg>NF</arg>
<arg>NG</arg>
<arg>NI</arg>
<arg>NL</arg>
<arg>NO</arg>
<arg>NP</arg>
<arg>NR</arg>
<arg>NU</arg>
<arg>NZ</arg>
<arg>OM</arg>
<arg>PA</arg>
<arg>PE</arg>
<arg>PF</arg>
<arg>PG</arg>
<arg>PH</arg>
<arg>PK</arg>
<arg>PL</arg>
<arg>PM</arg>
<arg>PN</arg>
<arg>PR</arg>
<arg>PS</arg>
<arg>PT</arg>
<arg>PW</arg>
<arg>PY</arg>
<arg>QA</arg>
<arg>RE</arg>
<arg>RO</arg>
<arg>RS</arg>
<arg>RU</arg>
<arg>RW</arg>
<arg>SA</arg>
<arg>SB</arg>
<arg>SC</arg>
<arg>SD</arg>
<arg>SE</arg>
<arg>SG</arg>
<arg>SH</arg>
<arg>SI</arg>
<arg>SJ</arg>
<arg>SK</arg>
<arg>SL</arg>
<arg>SM</arg>
<arg>SN</arg>
<arg>SO</arg>
<arg>SR</arg>
<arg>SS</arg>
<arg>ST</arg>
<arg>SV</arg>
<arg>SX</arg>
<arg>SY</arg>
<arg>SZ</arg>
<arg>TC</arg>
<arg>TD</arg>
<arg>TF</arg>
<arg>TG</arg>
<arg>TH</arg>
<arg>TJ</arg>
<arg>TK</arg>
<arg>TL</arg>
<arg>TM</arg>
<arg>TN</arg>
<arg>TO</arg>
<arg>TR</arg>
<arg>TT</arg>
<arg>TV</arg>
<arg>TW</arg>
<arg>TZ</arg>
<arg>UA</arg>
<arg>UG</arg>
<arg>UM</arg>
<arg>US</arg>
<arg>UY</arg>
<arg>UZ</arg>
<arg>VA</arg>
<arg>VC</arg>
<arg>VE</arg>
<arg>VG</arg>
<arg>VI</arg>
<arg>VN</arg>
<arg>VU</arg>
<arg>WF</arg>
<arg>WS</arg>
<arg>XK</arg>
<arg>YE</arg>
<arg>YT</arg>
<arg>ZA</arg>
<arg>ZM</arg>
<arg>ZW</arg>
<doc>Returns a list containing given items.</doc>
<status status="PASS" start="2024-06-29T11:13:49.165746" elapsed="0.000630"/>
</kw>
<kw name="List Should Contain Value" owner="Collections">
<arg>${list_country}</arg>
<arg>${name_country}</arg>
<doc>Fails if the ``value`` is not found from ``list``.</doc>
<status status="PASS" start="2024-06-29T11:13:49.167173" elapsed="0.000233"/>
</kw>
<kw name="Run Keyword If" owner="BuiltIn">
<kw name="Should Be True" owner="BuiltIn">
<arg>${True}</arg>
<doc>Fails if the given condition is not true.</doc>
<status status="PASS" start="2024-06-29T11:13:49.168341" elapsed="0.000142"/>
</kw>
<arg>${json_data["results"][0]["location"]["coordinates"]["latitude"]} &gt;= -90 and ${json_data["results"][0]["location"]["coordinates"]["latitude"]} &lt;= 90</arg>
<arg>Should Be True</arg>
<arg>${True}</arg>
<doc>Runs the given keyword with the given arguments, if ``condition`` is true.</doc>
<status status="PASS" start="2024-06-29T11:13:49.167605" elapsed="0.001001"/>
</kw>
<kw name="Run Keyword If" owner="BuiltIn">
<kw name="Should Be True" owner="BuiltIn">
<arg>${True}</arg>
<doc>Fails if the given condition is not true.</doc>
<status status="PASS" start="2024-06-29T11:13:49.169499" elapsed="0.000135"/>
</kw>
<arg>${json_data["results"][0]["location"]["coordinates"]["longitude"]} &gt;= -180 and ${json_data["results"][0]["location"]["coordinates"]["longitude"]} &lt;= 180</arg>
<arg>Should Be True</arg>
<arg>${True}</arg>
<doc>Runs the given keyword with the given arguments, if ``condition`` is true.</doc>
<status status="PASS" start="2024-06-29T11:13:49.168786" elapsed="0.001047"/>
</kw>
<status status="PASS" start="2024-06-29T11:13:49.069570" elapsed="0.100415"/>
</kw>
<doc>Testa o conteúdo específico dos campos retornados pela API.</doc>
<tag>testeConteudo</tag>
<status status="PASS" start="2024-06-29T11:13:49.069088" elapsed="0.101050"/>
</test>
<status status="PASS" start="2024-06-29T11:13:48.321793" elapsed="0.850325"/>
</suite>
<status status="PASS" start="2024-06-29T11:13:48.307262" elapsed="0.870019"/>
</suite>
<statistics>
<total>
<stat pass="5" fail="0" skip="0">All Tests</stat>
</total>
<tag>
<stat pass="1" fail="0" skip="0">testeConteudo</stat>
<stat pass="1" fail="0" skip="0">testeEstruturaResposta</stat>
<stat pass="1" fail="0" skip="0">testeRequisicaoBasica</stat>
<stat pass="1" fail="0" skip="0">testeTiposDados</stat>
</tag>
<suite>
<stat pass="5" fail="0" skip="0" id="s1" name="Tests">Tests</stat>
<stat pass="5" fail="0" skip="0" id="s1-s1" name="Random-User-Test">Tests.Random-User-Test</stat>
</suite>
</statistics>
<errors>
</errors>
</robot>
