<?xml version="1.0" encoding="UTF-8"?>
<robot generator="Robot 7.0.1 (Python 3.12.4 on linux)" generated="2024-07-30T09:16:31.290583" rpa="false" schemaversion="5">
<suite id="s1" name="Tests" source="/home/runner/work/ApiRandomUser/ApiRandomUser/RamdonUser/tests">
<suite id="s1-s1" name="Random-User-Test" source="/home/runner/work/ApiRandomUser/ApiRandomUser/RamdonUser/tests/random-user-test.robot">
<test id="s1-s1-t1" name="Conectar" line="13">
<kw name="Conectar API" owner="random-user-service">
<kw name="Create Session" owner="RequestsLibrary">
<msg time="2024-07-30T09:16:31.680291" level="INFO">Creating Session using : alias=consultarAPI, url=https://randomuser.me/, headers={},                     cookies={}, auth=None, timeout=None, proxies=None, verify=False,                     debug=0 </msg>
<arg>consultarAPI</arg>
<arg>${URL}</arg>
<doc>Create Session: create a HTTP session to a server</doc>
<status status="PASS" start="2024-07-30T09:16:31.680068" elapsed="0.000397"/>
</kw>
<status status="PASS" start="2024-07-30T09:16:31.679083" elapsed="0.001726"/>
</kw>
<status status="PASS" start="2024-07-30T09:16:31.678476" elapsed="0.002527"/>
</test>
<test id="s1-s1-t2" name="Validar retorno 200 e JSON Válido" line="16">
<kw name="Teste de Requisicao Basica" owner="random-user-service">
<kw name="GET On Session" owner="RequestsLibrary">
<msg time="2024-07-30T09:16:31.871715" level="INFO">GET Request : url=https://randomuser.me/api 
 path_url=/api 
 headers={'User-Agent': 'python-requests/2.32.3', 'Accept-Encoding': 'gzip, deflate', 'Accept': '*/*', 'Connection': 'keep-alive'} 
 body=None 
 </msg>
<msg time="2024-07-30T09:16:31.871845" level="INFO">GET Response : url=https://randomuser.me/api 
 status=200, reason=OK 
 headers={'Date': 'Tue, 30 Jul 2024 09:16:31 GMT', 'Content-Type': 'application/json; charset=utf-8', 'Transfer-Encoding': 'chunked', 'Connection': 'keep-alive', 'X-Powered-By': 'Express', 'Access-Control-Allow-Origin': '*', 'Cache-Control': 'no-cache', 'ETag': 'W/"49c-1yLbYNTayAc70KhLRnpd+uKehUc"', 'Vary': 'Accept-Encoding', 'Content-Encoding': 'gzip', 'CF-Cache-Status': 'DYNAMIC', 'Report-To': '{"endpoints":[{"url":"https:\\/\\/a.nel.cloudflare.com\\/report\\/v4?s=Etm%2FUkAe3B4mwxKu5QTYkp1koQ0v3MvH3W8aIvqSedJRV%2FLiW0sY2X747M6Fi3igyDMQp0RFyHNTMzINUnW7X2sKSJX9I5xMpDvyQIcaC50l%2BnEBkqvm%2F%2BsA%2FycoFwqy"}],"group":"cf-nel","max_age":604800}', 'NEL': '{"success_fraction":0,"report_to":"cf-nel","max_age":604800}', 'Server': 'cloudflare', 'CF-RAY': '8ab4401a5fb82ed3-LAX', 'alt-svc': 'h3=":443"; ma=86400'} 
 body={"results":[{"gender":"female","name":{"title":"Ms","first":"Julie","last":"Hudson"},"location":{"street":{"number":8964,"name":"Novara Avenue"},"city":"Waterford","state":"Westmeath","country":"Ireland","postcode":94957,"coordinates":{"latitude":"-2.0426","longitude":"44.3505"},"timezone":{"offset":"0:00","description":"Western Europe Time, London, Lisbon, Casablanca"}},"email":"julie.hudson@example.com","login":{"uuid":"87c7e8fe-f2aa-4e80-bfde-f671973e26ff","username":"tinyzebra481","password":"somerset","salt":"iOQ4IcE8","md5":"1a39a542c61756eed8f7b00259577cdb","sha1":"71256645944b4f5d3b616911e90016f0e593ff30","sha256":"01d38477ff0a89ab40871e5ff68c2de3e0dfce5b8015265b0280dcfea52d509d"},"dob":{"date":"1969-07-26T12:28:59.966Z","age":55},"registered":{"date":"2004-01-11T12:45:06.484Z","age":20},"phone":"041-281-3997","cell":"081-686-7907","id":{"name":"PPS","value":"2496166T"},"picture":{"large":"https://randomuser.me/api/portraits/women/56.jpg","medium":"https://randomuser.me/api/portraits/med/women/56.jpg","thumbnail":"https://randomuser.me/api/portraits/thumb/women/56.jpg"},"nat":"IE"}],"info":{"seed":"325e72716406abb3","results":1,"page":1,"version":"1.4"}} 
 </msg>
<msg time="2024-07-30T09:16:31.871922" level="INFO">/opt/hostedtoolcache/Python/3.12.4/x64/lib/python3.12/site-packages/urllib3/connectionpool.py:1099: InsecureRequestWarning: Unverified HTTPS request is being made to host 'randomuser.me'. Adding certificate verification is strongly advised. See: https://urllib3.readthedocs.io/en/latest/advanced-usage.html#tls-warnings
  warnings.warn(</msg>
<msg time="2024-07-30T09:16:31.872066" level="INFO">${response} = &lt;Response [200]&gt;</msg>
<var>${response}</var>
<arg>consultarAPI</arg>
<arg>/api</arg>
<doc>Sends a GET request on a previously created HTTP Session.</doc>
<status status="PASS" start="2024-07-30T09:16:31.683663" elapsed="0.188444"/>
</kw>
<kw name="Should Be Equal As Numbers" owner="BuiltIn">
<msg time="2024-07-30T09:16:31.873016" level="INFO">Argument types are:
&lt;class 'int'&gt;
&lt;class 'str'&gt;</msg>
<arg>${response.status_code}</arg>
<arg>200</arg>
<doc>Fails if objects are unequal after converting them to real numbers.</doc>
<status status="PASS" start="2024-07-30T09:16:31.872576" elapsed="0.000504"/>
</kw>
<kw name="Log" owner="BuiltIn">
<msg time="2024-07-30T09:16:31.873755" level="INFO">200</msg>
<arg>${response.status_code}</arg>
<doc>Logs the given message with the given level.</doc>
<status status="PASS" start="2024-07-30T09:16:31.873399" elapsed="0.000399"/>
</kw>
<kw name="Set Variable" owner="BuiltIn">
<msg time="2024-07-30T09:16:31.874538" level="INFO">${json_data} = {'results': [{'gender': 'female', 'name': {'title': 'Ms', 'first': 'Julie', 'last': 'Hudson'}, 'location': {'street': {'number': 8964, 'name': 'Novara Avenue'}, 'city': 'Waterford', 'state': 'Westmeat...</msg>
<var>${json_data}</var>
<arg>${response.json()}</arg>
<doc>Returns the given values which can then be assigned to a variables.</doc>
<status status="PASS" start="2024-07-30T09:16:31.874107" elapsed="0.000459"/>
</kw>
<kw name="Dictionary Should Contain Key" owner="Collections">
<arg>${json_data}</arg>
<arg>results</arg>
<doc>Fails if ``key`` is not found from ``dictionary``.</doc>
<status status="PASS" start="2024-07-30T09:16:31.874873" elapsed="0.000309"/>
</kw>
<status status="PASS" start="2024-07-30T09:16:31.683416" elapsed="0.191919"/>
</kw>
<doc>Testa se a API responde corretamente e retorna um objeto JSON válido.</doc>
<tag>testeRequisicaoBasica</tag>
<status status="PASS" start="2024-07-30T09:16:31.682868" elapsed="0.192634"/>
</test>
<test id="s1-s1-t3" name="Validar estrutura de resposta" line="22">
<kw name="Teste de Estrutura de Resposta" owner="random-user-service">
<kw name="GET On Session" owner="RequestsLibrary">
<msg time="2024-07-30T09:16:32.108613" level="INFO">GET Request : url=https://randomuser.me/api 
 path_url=/api 
 headers={'User-Agent': 'python-requests/2.32.3', 'Accept-Encoding': 'gzip, deflate', 'Accept': '*/*', 'Connection': 'keep-alive'} 
 body=None 
 </msg>
<msg time="2024-07-30T09:16:32.108722" level="INFO">GET Response : url=https://randomuser.me/api 
 status=200, reason=OK 
 headers={'Date': 'Tue, 30 Jul 2024 09:16:32 GMT', 'Content-Type': 'application/json; charset=utf-8', 'Transfer-Encoding': 'chunked', 'Connection': 'keep-alive', 'X-Powered-By': 'Express', 'Access-Control-Allow-Origin': '*', 'Cache-Control': 'no-cache', 'ETag': 'W/"493-/EpghNg3xIE3CuB82LMW+U9JyA4"', 'Vary': 'Accept-Encoding', 'Content-Encoding': 'gzip', 'CF-Cache-Status': 'DYNAMIC', 'Report-To': '{"endpoints":[{"url":"https:\\/\\/a.nel.cloudflare.com\\/report\\/v4?s=aaz9Aq2V5b1duKYzgGF6gK8Exf0qy1y2lhoetw7V1Dh5pWn%2BcM9Lmkn3amAvZraMLxPOxE%2Bt6sGzHvbk2kNM9jJVLwSKV4S6VG9wsEP1T4BdFUYArBK7GxCKbTN2fNcZ"}],"group":"cf-nel","max_age":604800}', 'NEL': '{"success_fraction":0,"report_to":"cf-nel","max_age":604800}', 'Server': 'cloudflare', 'CF-RAY': '8ab4401b48f82ed3-LAX', 'alt-svc': 'h3=":443"; ma=86400'} 
 body={"results":[{"gender":"female","name":{"title":"Ms","first":"Anna","last":"Montgomery"},"location":{"street":{"number":855,"name":"Galway Road"},"city":"Loughrea","state":"Cavan","country":"Ireland","postcode":36431,"coordinates":{"latitude":"-0.2557","longitude":"111.0849"},"timezone":{"offset":"+11:00","description":"Magadan, Solomon Islands, New Caledonia"}},"email":"anna.montgomery@example.com","login":{"uuid":"19df1290-4e23-4fbb-ab7a-490af8a62b6e","username":"purplefish628","password":"hughes","salt":"6jo0QTiR","md5":"a72b547fbcebd9764dd3e8d6fd82b2a8","sha1":"19d263dc1bb3215ecb487bce979dbab383e4f8b4","sha256":"f6ad121d7c938fe04d5ac8bfa1dd3cf24983551cf6a5a73cb83f28ce969f99d1"},"dob":{"date":"1948-01-24T02:54:18.373Z","age":76},"registered":{"date":"2015-09-06T05:31:05.405Z","age":8},"phone":"041-641-7385","cell":"081-030-7336","id":{"name":"PPS","value":"1283826T"},"picture":{"large":"https://randomuser.me/api/portraits/women/94.jpg","medium":"https://randomuser.me/api/portraits/med/women/94.jpg","thumbnail":"https://randomuser.me/api/portraits/thumb/women/94.jpg"},"nat":"IE"}],"info":{"seed":"e671279299d47c22","results":1,"page":1,"version":"1.4"}} 
 </msg>
<msg time="2024-07-30T09:16:32.108863" level="INFO">/opt/hostedtoolcache/Python/3.12.4/x64/lib/python3.12/site-packages/urllib3/connectionpool.py:1099: InsecureRequestWarning: Unverified HTTPS request is being made to host 'randomuser.me'. Adding certificate verification is strongly advised. See: https://urllib3.readthedocs.io/en/latest/advanced-usage.html#tls-warnings
  warnings.warn(</msg>
<msg time="2024-07-30T09:16:32.109036" level="INFO">${response} = &lt;Response [200]&gt;</msg>
<var>${response}</var>
<arg>consultarAPI</arg>
<arg>/api</arg>
<doc>Sends a GET request on a previously created HTTP Session.</doc>
<status status="PASS" start="2024-07-30T09:16:31.878091" elapsed="0.231008"/>
</kw>
<kw name="Set Variable" owner="BuiltIn">
<msg time="2024-07-30T09:16:32.110045" level="INFO">${json_data} = {'results': [{'gender': 'female', 'name': {'title': 'Ms', 'first': 'Anna', 'last': 'Montgomery'}, 'location': {'street': {'number': 855, 'name': 'Galway Road'}, 'city': 'Loughrea', 'state': 'Cavan', '...</msg>
<var>${json_data}</var>
<arg>${response.json()}</arg>
<doc>Returns the given values which can then be assigned to a variables.</doc>
<status status="PASS" start="2024-07-30T09:16:32.109541" elapsed="0.000533"/>
</kw>
<kw name="Log" owner="BuiltIn">
<msg time="2024-07-30T09:16:32.110552" level="INFO">{'results': [{'gender': 'female', 'name': {'title': 'Ms', 'first': 'Anna', 'last': 'Montgomery'}, 'location': {'street': {'number': 855, 'name': 'Galway Road'}, 'city': 'Loughrea', 'state': 'Cavan', 'country': 'Ireland', 'postcode': 36431, 'coordinates': {'latitude': '-0.2557', 'longitude': '111.0849'}, 'timezone': {'offset': '+11:00', 'description': 'Magadan, Solomon Islands, New Caledonia'}}, 'email': 'anna.montgomery@example.com', 'login': {'uuid': '19df1290-4e23-4fbb-ab7a-490af8a62b6e', 'username': 'purplefish628', 'password': 'hughes', 'salt': '6jo0QTiR', 'md5': 'a72b547fbcebd9764dd3e8d6fd82b2a8', 'sha1': '19d263dc1bb3215ecb487bce979dbab383e4f8b4', 'sha256': 'f6ad121d7c938fe04d5ac8bfa1dd3cf24983551cf6a5a73cb83f28ce969f99d1'}, 'dob': {'date': '1948-01-24T02:54:18.373Z', 'age': 76}, 'registered': {'date': '2015-09-06T05:31:05.405Z', 'age': 8}, 'phone': '041-641-7385', 'cell': '081-030-7336', 'id': {'name': 'PPS', 'value': '1283826T'}, 'picture': {'large': 'https://randomuser.me/api/portraits/women/94.jpg', 'medium': 'https://randomuser.me/api/portraits/med/women/94.jpg', 'thumbnail': 'https://randomuser.me/api/portraits/thumb/women/94.jpg'}, 'nat': 'IE'}], 'info': {'seed': 'e671279299d47c22', 'results': 1, 'page': 1, 'version': '1.4'}}</msg>
<arg>${json_data}</arg>
<doc>Logs the given message with the given level.</doc>
<status status="PASS" start="2024-07-30T09:16:32.110385" elapsed="0.000217"/>
</kw>
<kw name="Dictionary Should Contain Key" owner="Collections">
<arg>${json_data}</arg>
<arg>results</arg>
<doc>Fails if ``key`` is not found from ``dictionary``.</doc>
<status status="PASS" start="2024-07-30T09:16:32.110899" elapsed="0.000166"/>
</kw>
<kw name="Should Not Be Empty" owner="BuiltIn">
<msg time="2024-07-30T09:16:32.111388" level="INFO">Length is 2.</msg>
<arg>${json_data}</arg>
<doc>Verifies that the given item is not empty.</doc>
<status status="PASS" start="2024-07-30T09:16:32.111254" elapsed="0.000172"/>
</kw>
<kw name="Create List" owner="BuiltIn">
<msg time="2024-07-30T09:16:32.111873" level="INFO">${expected_keys} = ['gender', 'name', 'location', 'email', 'login']</msg>
<var>${expected_keys}</var>
<arg>gender</arg>
<arg>name</arg>
<arg>location</arg>
<arg>email</arg>
<arg>login</arg>
<doc>Returns a list containing given items.</doc>
<status status="PASS" start="2024-07-30T09:16:32.111713" elapsed="0.000184"/>
</kw>
<for flavor="IN">
<iter>
<kw name="Dictionary Should Contain Key" owner="Collections">
<arg>${json_data['results'][0]}</arg>
<arg>${key}</arg>
<doc>Fails if ``key`` is not found from ``dictionary``.</doc>
<status status="PASS" start="2024-07-30T09:16:32.112515" elapsed="0.000408"/>
</kw>
<kw name="Log" owner="BuiltIn">
<msg time="2024-07-30T09:16:32.113478" level="INFO">{'gender': 'female', 'name': {'title': 'Ms', 'first': 'Anna', 'last': 'Montgomery'}, 'location': {'street': {'number': 855, 'name': 'Galway Road'}, 'city': 'Loughrea', 'state': 'Cavan', 'country': 'Ireland', 'postcode': 36431, 'coordinates': {'latitude': '-0.2557', 'longitude': '111.0849'}, 'timezone': {'offset': '+11:00', 'description': 'Magadan, Solomon Islands, New Caledonia'}}, 'email': 'anna.montgomery@example.com', 'login': {'uuid': '19df1290-4e23-4fbb-ab7a-490af8a62b6e', 'username': 'purplefish628', 'password': 'hughes', 'salt': '6jo0QTiR', 'md5': 'a72b547fbcebd9764dd3e8d6fd82b2a8', 'sha1': '19d263dc1bb3215ecb487bce979dbab383e4f8b4', 'sha256': 'f6ad121d7c938fe04d5ac8bfa1dd3cf24983551cf6a5a73cb83f28ce969f99d1'}, 'dob': {'date': '1948-01-24T02:54:18.373Z', 'age': 76}, 'registered': {'date': '2015-09-06T05:31:05.405Z', 'age': 8}, 'phone': '041-641-7385', 'cell': '081-030-7336', 'id': {'name': 'PPS', 'value': '1283826T'}, 'picture': {'large': 'https://randomuser.me/api/portraits/women/94.jpg', 'medium': 'https://randomuser.me/api/portraits/med/women/94.jpg', 'thumbnail': 'https://randomuser.me/api/portraits/thumb/women/94.jpg'}, 'nat': 'IE'}</msg>
<arg>${json_data['results'][0]}</arg>
<doc>Logs the given message with the given level.</doc>
<status status="PASS" start="2024-07-30T09:16:32.113112" elapsed="0.000414"/>
</kw>
<kw name="Log" owner="BuiltIn">
<msg time="2024-07-30T09:16:32.113954" level="INFO">gender</msg>
<arg>${key}</arg>
<doc>Logs the given message with the given level.</doc>
<status status="PASS" start="2024-07-30T09:16:32.113823" elapsed="0.000169"/>
</kw>
<var name="${key}">gender</var>
<status status="PASS" start="2024-07-30T09:16:32.112382" elapsed="0.001827"/>
</iter>
<iter>
<kw name="Dictionary Should Contain Key" owner="Collections">
<arg>${json_data['results'][0]}</arg>
<arg>${key}</arg>
<doc>Fails if ``key`` is not found from ``dictionary``.</doc>
<status status="PASS" start="2024-07-30T09:16:32.114514" elapsed="0.000381"/>
</kw>
<kw name="Log" owner="BuiltIn">
<msg time="2024-07-30T09:16:32.115435" level="INFO">{'gender': 'female', 'name': {'title': 'Ms', 'first': 'Anna', 'last': 'Montgomery'}, 'location': {'street': {'number': 855, 'name': 'Galway Road'}, 'city': 'Loughrea', 'state': 'Cavan', 'country': 'Ireland', 'postcode': 36431, 'coordinates': {'latitude': '-0.2557', 'longitude': '111.0849'}, 'timezone': {'offset': '+11:00', 'description': 'Magadan, Solomon Islands, New Caledonia'}}, 'email': 'anna.montgomery@example.com', 'login': {'uuid': '19df1290-4e23-4fbb-ab7a-490af8a62b6e', 'username': 'purplefish628', 'password': 'hughes', 'salt': '6jo0QTiR', 'md5': 'a72b547fbcebd9764dd3e8d6fd82b2a8', 'sha1': '19d263dc1bb3215ecb487bce979dbab383e4f8b4', 'sha256': 'f6ad121d7c938fe04d5ac8bfa1dd3cf24983551cf6a5a73cb83f28ce969f99d1'}, 'dob': {'date': '1948-01-24T02:54:18.373Z', 'age': 76}, 'registered': {'date': '2015-09-06T05:31:05.405Z', 'age': 8}, 'phone': '041-641-7385', 'cell': '081-030-7336', 'id': {'name': 'PPS', 'value': '1283826T'}, 'picture': {'large': 'https://randomuser.me/api/portraits/women/94.jpg', 'medium': 'https://randomuser.me/api/portraits/med/women/94.jpg', 'thumbnail': 'https://randomuser.me/api/portraits/thumb/women/94.jpg'}, 'nat': 'IE'}</msg>
<arg>${json_data['results'][0]}</arg>
<doc>Logs the given message with the given level.</doc>
<status status="PASS" start="2024-07-30T09:16:32.115079" elapsed="0.000436"/>
</kw>
<kw name="Log" owner="BuiltIn">
<msg time="2024-07-30T09:16:32.115943" level="INFO">name</msg>
<arg>${key}</arg>
<doc>Logs the given message with the given level.</doc>
<status status="PASS" start="2024-07-30T09:16:32.115813" elapsed="0.000167"/>
</kw>
<var name="${key}">name</var>
<status status="PASS" start="2024-07-30T09:16:32.114402" elapsed="0.001824"/>
</iter>
<iter>
<kw name="Dictionary Should Contain Key" owner="Collections">
<arg>${json_data['results'][0]}</arg>
<arg>${key}</arg>
<doc>Fails if ``key`` is not found from ``dictionary``.</doc>
<status status="PASS" start="2024-07-30T09:16:32.116515" elapsed="0.000390"/>
</kw>
<kw name="Log" owner="BuiltIn">
<msg time="2024-07-30T09:16:32.117451" level="INFO">{'gender': 'female', 'name': {'title': 'Ms', 'first': 'Anna', 'last': 'Montgomery'}, 'location': {'street': {'number': 855, 'name': 'Galway Road'}, 'city': 'Loughrea', 'state': 'Cavan', 'country': 'Ireland', 'postcode': 36431, 'coordinates': {'latitude': '-0.2557', 'longitude': '111.0849'}, 'timezone': {'offset': '+11:00', 'description': 'Magadan, Solomon Islands, New Caledonia'}}, 'email': 'anna.montgomery@example.com', 'login': {'uuid': '19df1290-4e23-4fbb-ab7a-490af8a62b6e', 'username': 'purplefish628', 'password': 'hughes', 'salt': '6jo0QTiR', 'md5': 'a72b547fbcebd9764dd3e8d6fd82b2a8', 'sha1': '19d263dc1bb3215ecb487bce979dbab383e4f8b4', 'sha256': 'f6ad121d7c938fe04d5ac8bfa1dd3cf24983551cf6a5a73cb83f28ce969f99d1'}, 'dob': {'date': '1948-01-24T02:54:18.373Z', 'age': 76}, 'registered': {'date': '2015-09-06T05:31:05.405Z', 'age': 8}, 'phone': '041-641-7385', 'cell': '081-030-7336', 'id': {'name': 'PPS', 'value': '1283826T'}, 'picture': {'large': 'https://randomuser.me/api/portraits/women/94.jpg', 'medium': 'https://randomuser.me/api/portraits/med/women/94.jpg', 'thumbnail': 'https://randomuser.me/api/portraits/thumb/women/94.jpg'}, 'nat': 'IE'}</msg>
<arg>${json_data['results'][0]}</arg>
<doc>Logs the given message with the given level.</doc>
<status status="PASS" start="2024-07-30T09:16:32.117094" elapsed="0.000403"/>
</kw>
<kw name="Log" owner="BuiltIn">
<msg time="2024-07-30T09:16:32.117928" level="INFO">location</msg>
<arg>${key}</arg>
<doc>Logs the given message with the given level.</doc>
<status status="PASS" start="2024-07-30T09:16:32.117798" elapsed="0.000169"/>
</kw>
<var name="${key}">location</var>
<status status="PASS" start="2024-07-30T09:16:32.116407" elapsed="0.001775"/>
</iter>
<iter>
<kw name="Dictionary Should Contain Key" owner="Collections">
<arg>${json_data['results'][0]}</arg>
<arg>${key}</arg>
<doc>Fails if ``key`` is not found from ``dictionary``.</doc>
<status status="PASS" start="2024-07-30T09:16:32.118459" elapsed="0.000377"/>
</kw>
<kw name="Log" owner="BuiltIn">
<msg time="2024-07-30T09:16:32.119490" level="INFO">{'gender': 'female', 'name': {'title': 'Ms', 'first': 'Anna', 'last': 'Montgomery'}, 'location': {'street': {'number': 855, 'name': 'Galway Road'}, 'city': 'Loughrea', 'state': 'Cavan', 'country': 'Ireland', 'postcode': 36431, 'coordinates': {'latitude': '-0.2557', 'longitude': '111.0849'}, 'timezone': {'offset': '+11:00', 'description': 'Magadan, Solomon Islands, New Caledonia'}}, 'email': 'anna.montgomery@example.com', 'login': {'uuid': '19df1290-4e23-4fbb-ab7a-490af8a62b6e', 'username': 'purplefish628', 'password': 'hughes', 'salt': '6jo0QTiR', 'md5': 'a72b547fbcebd9764dd3e8d6fd82b2a8', 'sha1': '19d263dc1bb3215ecb487bce979dbab383e4f8b4', 'sha256': 'f6ad121d7c938fe04d5ac8bfa1dd3cf24983551cf6a5a73cb83f28ce969f99d1'}, 'dob': {'date': '1948-01-24T02:54:18.373Z', 'age': 76}, 'registered': {'date': '2015-09-06T05:31:05.405Z', 'age': 8}, 'phone': '041-641-7385', 'cell': '081-030-7336', 'id': {'name': 'PPS', 'value': '1283826T'}, 'picture': {'large': 'https://randomuser.me/api/portraits/women/94.jpg', 'medium': 'https://randomuser.me/api/portraits/med/women/94.jpg', 'thumbnail': 'https://randomuser.me/api/portraits/thumb/women/94.jpg'}, 'nat': 'IE'}</msg>
<arg>${json_data['results'][0]}</arg>
<doc>Logs the given message with the given level.</doc>
<status status="PASS" start="2024-07-30T09:16:32.119138" elapsed="0.000401"/>
</kw>
<kw name="Log" owner="BuiltIn">
<msg time="2024-07-30T09:16:32.119966" level="INFO">email</msg>
<arg>${key}</arg>
<doc>Logs the given message with the given level.</doc>
<status status="PASS" start="2024-07-30T09:16:32.119836" elapsed="0.000168"/>
</kw>
<var name="${key}">email</var>
<status status="PASS" start="2024-07-30T09:16:32.118353" elapsed="0.001901"/>
</iter>
<iter>
<kw name="Dictionary Should Contain Key" owner="Collections">
<arg>${json_data['results'][0]}</arg>
<arg>${key}</arg>
<doc>Fails if ``key`` is not found from ``dictionary``.</doc>
<status status="PASS" start="2024-07-30T09:16:32.120536" elapsed="0.000375"/>
</kw>
<kw name="Log" owner="BuiltIn">
<msg time="2024-07-30T09:16:32.121454" level="INFO">{'gender': 'female', 'name': {'title': 'Ms', 'first': 'Anna', 'last': 'Montgomery'}, 'location': {'street': {'number': 855, 'name': 'Galway Road'}, 'city': 'Loughrea', 'state': 'Cavan', 'country': 'Ireland', 'postcode': 36431, 'coordinates': {'latitude': '-0.2557', 'longitude': '111.0849'}, 'timezone': {'offset': '+11:00', 'description': 'Magadan, Solomon Islands, New Caledonia'}}, 'email': 'anna.montgomery@example.com', 'login': {'uuid': '19df1290-4e23-4fbb-ab7a-490af8a62b6e', 'username': 'purplefish628', 'password': 'hughes', 'salt': '6jo0QTiR', 'md5': 'a72b547fbcebd9764dd3e8d6fd82b2a8', 'sha1': '19d263dc1bb3215ecb487bce979dbab383e4f8b4', 'sha256': 'f6ad121d7c938fe04d5ac8bfa1dd3cf24983551cf6a5a73cb83f28ce969f99d1'}, 'dob': {'date': '1948-01-24T02:54:18.373Z', 'age': 76}, 'registered': {'date': '2015-09-06T05:31:05.405Z', 'age': 8}, 'phone': '041-641-7385', 'cell': '081-030-7336', 'id': {'name': 'PPS', 'value': '1283826T'}, 'picture': {'large': 'https://randomuser.me/api/portraits/women/94.jpg', 'medium': 'https://randomuser.me/api/portraits/med/women/94.jpg', 'thumbnail': 'https://randomuser.me/api/portraits/thumb/women/94.jpg'}, 'nat': 'IE'}</msg>
<arg>${json_data['results'][0]}</arg>
<doc>Logs the given message with the given level.</doc>
<status status="PASS" start="2024-07-30T09:16:32.121093" elapsed="0.000417"/>
</kw>
<kw name="Log" owner="BuiltIn">
<msg time="2024-07-30T09:16:32.121935" level="INFO">login</msg>
<arg>${key}</arg>
<doc>Logs the given message with the given level.</doc>
<status status="PASS" start="2024-07-30T09:16:32.121804" elapsed="0.000168"/>
</kw>
<var name="${key}">login</var>
<status status="PASS" start="2024-07-30T09:16:32.120429" elapsed="0.001758"/>
</iter>
<var>${key}</var>
<value>@{expected_keys}</value>
<status status="PASS" start="2024-07-30T09:16:32.112183" elapsed="0.010125"/>
</for>
<kw name="Create List" owner="BuiltIn">
<msg time="2024-07-30T09:16:32.122629" level="INFO">${expected_keysTwo} = ['username', 'password']</msg>
<var>${expected_keysTwo}</var>
<arg>username</arg>
<arg>password</arg>
<doc>Returns a list containing given items.</doc>
<status status="PASS" start="2024-07-30T09:16:32.122496" elapsed="0.000184"/>
</kw>
<for flavor="IN">
<iter>
<kw name="Dictionary Should Contain Key" owner="Collections">
<arg>${json_data['results'][0]['login']}</arg>
<arg>${keyTwo}</arg>
<doc>Fails if ``key`` is not found from ``dictionary``.</doc>
<status status="PASS" start="2024-07-30T09:16:32.123181" elapsed="0.000380"/>
</kw>
<kw name="Dictionary Should Contain Key" owner="Collections">
<arg>${json_data['results'][0]['login']}</arg>
<arg>${keyTwo}</arg>
<doc>Fails if ``key`` is not found from ``dictionary``.</doc>
<status status="PASS" start="2024-07-30T09:16:32.123739" elapsed="0.000399"/>
</kw>
<kw name="Log" owner="BuiltIn">
<msg time="2024-07-30T09:16:32.124449" level="INFO">username</msg>
<arg>${keyTwo}</arg>
<doc>Logs the given message with the given level.</doc>
<status status="PASS" start="2024-07-30T09:16:32.124327" elapsed="0.000159"/>
</kw>
<var name="${keyTwo}">username</var>
<status status="PASS" start="2024-07-30T09:16:32.123074" elapsed="0.001631"/>
</iter>
<iter>
<kw name="Dictionary Should Contain Key" owner="Collections">
<arg>${json_data['results'][0]['login']}</arg>
<arg>${keyTwo}</arg>
<doc>Fails if ``key`` is not found from ``dictionary``.</doc>
<status status="PASS" start="2024-07-30T09:16:32.124989" elapsed="0.000376"/>
</kw>
<kw name="Dictionary Should Contain Key" owner="Collections">
<arg>${json_data['results'][0]['login']}</arg>
<arg>${keyTwo}</arg>
<doc>Fails if ``key`` is not found from ``dictionary``.</doc>
<status status="PASS" start="2024-07-30T09:16:32.125541" elapsed="0.000360"/>
</kw>
<kw name="Log" owner="BuiltIn">
<msg time="2024-07-30T09:16:32.126200" level="INFO">password</msg>
<arg>${keyTwo}</arg>
<doc>Logs the given message with the given level.</doc>
<status status="PASS" start="2024-07-30T09:16:32.126073" elapsed="0.000162"/>
</kw>
<var name="${keyTwo}">password</var>
<status status="PASS" start="2024-07-30T09:16:32.124878" elapsed="0.001575"/>
</iter>
<var>${keyTwo}</var>
<value>@{expected_keysTwo}</value>
<status status="PASS" start="2024-07-30T09:16:32.122924" elapsed="0.003649"/>
</for>
<status status="PASS" start="2024-07-30T09:16:31.877861" elapsed="0.248850"/>
</kw>
<doc>Testa a estrutura da resposta da API.</doc>
<tag>testeEstruturaResposta</tag>
<status status="PASS" start="2024-07-30T09:16:31.877375" elapsed="0.249486"/>
</test>
<test id="s1-s1-t4" name="Validar tipos de dados" line="28">
<kw name="Teste de Tipos de Dados" owner="random-user-service">
<kw name="GET On Session" owner="RequestsLibrary">
<msg time="2024-07-30T09:16:32.294598" level="INFO">GET Request : url=https://randomuser.me/api 
 path_url=/api 
 headers={'User-Agent': 'python-requests/2.32.3', 'Accept-Encoding': 'gzip, deflate', 'Accept': '*/*', 'Connection': 'keep-alive'} 
 body=None 
 </msg>
<msg time="2024-07-30T09:16:32.294662" level="INFO">GET Response : url=https://randomuser.me/api 
 status=200, reason=OK 
 headers={'Date': 'Tue, 30 Jul 2024 09:16:32 GMT', 'Content-Type': 'application/json; charset=utf-8', 'Transfer-Encoding': 'chunked', 'Connection': 'keep-alive', 'X-Powered-By': 'Express', 'Access-Control-Allow-Origin': '*', 'Cache-Control': 'no-cache', 'ETag': 'W/"483-DBlaK/oYo61y8jmVDx8lU7PKfu0"', 'Vary': 'Accept-Encoding', 'Content-Encoding': 'gzip', 'CF-Cache-Status': 'DYNAMIC', 'Report-To': '{"endpoints":[{"url":"https:\\/\\/a.nel.cloudflare.com\\/report\\/v4?s=R9FGhbxrtxdbFrS1u36QMHU0ayvsemkh1E3Yqsp4wGIctRgG7dcz1cbreVCTe8x4sKNwZZs6MX2N%2BJbv9LDFWTNcjP5arDfm%2FofnepAKRRqgtMYasASXDC72HgYQclJ5"}],"group":"cf-nel","max_age":604800}', 'NEL': '{"success_fraction":0,"report_to":"cf-nel","max_age":604800}', 'Server': 'cloudflare', 'CF-RAY': '8ab4401cdac12ed3-LAX', 'alt-svc': 'h3=":443"; ma=86400'} 
 body={"results":[{"gender":"female","name":{"title":"Ms","first":"Emma","last":"Williams"},"location":{"street":{"number":2577,"name":"Grand Marais Ave"},"city":"Kingston","state":"New Brunswick","country":"Canada","postcode":"F1T 5G9","coordinates":{"latitude":"-69.0720","longitude":"78.5095"},"timezone":{"offset":"+3:30","description":"Tehran"}},"email":"emma.williams@example.com","login":{"uuid":"6fd94884-9432-4703-97d9-b51a2bbb008c","username":"organicpanda424","password":"superfly","salt":"rljDdoKE","md5":"c49de3b092c9e7c0777ebb7135e67b9a","sha1":"aba07d2e6678636c78d28e93943884b5ea6033d4","sha256":"4179ab1eeeace4267af461d93c137ce849d0be54d0e716fba072334f00292e9e"},"dob":{"date":"1951-06-07T01:01:14.057Z","age":73},"registered":{"date":"2015-07-15T04:26:58.520Z","age":9},"phone":"T77 B05-7831","cell":"I24 U25-8538","id":{"name":"SIN","value":"757636568"},"picture":{"large":"https://randomuser.me/api/portraits/women/15.jpg","medium":"https://randomuser.me/api/portraits/med/women/15.jpg","thumbnail":"https://randomuser.me/api/portraits/thumb/women/15.jpg"},"nat":"CA"}],"info":{"seed":"8a7919ad954b5954","results":1,"page":1,"version":"1.4"}} 
 </msg>
<msg time="2024-07-30T09:16:32.294718" level="INFO">/opt/hostedtoolcache/Python/3.12.4/x64/lib/python3.12/site-packages/urllib3/connectionpool.py:1099: InsecureRequestWarning: Unverified HTTPS request is being made to host 'randomuser.me'. Adding certificate verification is strongly advised. See: https://urllib3.readthedocs.io/en/latest/advanced-usage.html#tls-warnings
  warnings.warn(</msg>
<msg time="2024-07-30T09:16:32.294820" level="INFO">${response} = &lt;Response [200]&gt;</msg>
<var>${response}</var>
<arg>consultarAPI</arg>
<arg>/api</arg>
<doc>Sends a GET request on a previously created HTTP Session.</doc>
<status status="PASS" start="2024-07-30T09:16:32.129321" elapsed="0.165539"/>
</kw>
<kw name="Set Variable" owner="BuiltIn">
<msg time="2024-07-30T09:16:32.295662" level="INFO">${json_data} = {'results': [{'gender': 'female', 'name': {'title': 'Ms', 'first': 'Emma', 'last': 'Williams'}, 'location': {'street': {'number': 2577, 'name': 'Grand Marais Ave'}, 'city': 'Kingston', 'state': 'New B...</msg>
<var>${json_data}</var>
<arg>${response.json()}</arg>
<doc>Returns the given values which can then be assigned to a variables.</doc>
<status status="PASS" start="2024-07-30T09:16:32.295209" elapsed="0.000481"/>
</kw>
<kw name="Log" owner="BuiltIn">
<msg time="2024-07-30T09:16:32.296176" level="INFO">{'results': [{'gender': 'female', 'name': {'title': 'Ms', 'first': 'Emma', 'last': 'Williams'}, 'location': {'street': {'number': 2577, 'name': 'Grand Marais Ave'}, 'city': 'Kingston', 'state': 'New Brunswick', 'country': 'Canada', 'postcode': 'F1T 5G9', 'coordinates': {'latitude': '-69.0720', 'longitude': '78.5095'}, 'timezone': {'offset': '+3:30', 'description': 'Tehran'}}, 'email': 'emma.williams@example.com', 'login': {'uuid': '6fd94884-9432-4703-97d9-b51a2bbb008c', 'username': 'organicpanda424', 'password': 'superfly', 'salt': 'rljDdoKE', 'md5': 'c49de3b092c9e7c0777ebb7135e67b9a', 'sha1': 'aba07d2e6678636c78d28e93943884b5ea6033d4', 'sha256': '4179ab1eeeace4267af461d93c137ce849d0be54d0e716fba072334f00292e9e'}, 'dob': {'date': '1951-06-07T01:01:14.057Z', 'age': 73}, 'registered': {'date': '2015-07-15T04:26:58.520Z', 'age': 9}, 'phone': 'T77 B05-7831', 'cell': 'I24 U25-8538', 'id': {'name': 'SIN', 'value': '757636568'}, 'picture': {'large': 'https://randomuser.me/api/portraits/women/15.jpg', 'medium': 'https://randomuser.me/api/portraits/med/women/15.jpg', 'thumbnail': 'https://randomuser.me/api/portraits/thumb/women/15.jpg'}, 'nat': 'CA'}], 'info': {'seed': '8a7919ad954b5954', 'results': 1, 'page': 1, 'version': '1.4'}}</msg>
<arg>${json_data}</arg>
<doc>Logs the given message with the given level.</doc>
<status status="PASS" start="2024-07-30T09:16:32.295987" elapsed="0.000249"/>
</kw>
<kw name="Should Be String" owner="String">
<arg>${json_data['results'][0]['gender']}</arg>
<doc>Fails if the given ``item`` is not a string.</doc>
<status status="PASS" start="2024-07-30T09:16:32.296530" elapsed="0.000359"/>
</kw>
<kw name="Should Match Regexp" owner="BuiltIn">
<arg>${json_data['results'][0]['email']}</arg>
<arg>^[a-zA-Z0-9._%+-]+@[a-zA-Z0-9.-]+\.[a-zA-Z]{2,}$</arg>
<doc>Fails if ``string`` does not match ``pattern`` as a regular expression.</doc>
<status status="PASS" start="2024-07-30T09:16:32.297074" elapsed="0.000503"/>
</kw>
<kw name="Should Match Regexp" owner="BuiltIn">
<arg>${json_data['results'][0]['dob']['date']}</arg>
<arg>\\d{4}-\\d{2}-\\d{2}T\\d{2}:\\d{2}:\\d{2}\\.\\d{3}Z</arg>
<doc>Fails if ``string`` does not match ``pattern`` as a regular expression.</doc>
<status status="PASS" start="2024-07-30T09:16:32.297800" elapsed="0.000584"/>
</kw>
<kw name="Should Match Regexp" owner="BuiltIn">
<arg>${json_data['results'][0]['registered']['date']}</arg>
<arg>\\d{4}-\\d{2}-\\d{2}T\\d{2}:\\d{2}:\\d{2}\\.\\d{3}Z</arg>
<doc>Fails if ``string`` does not match ``pattern`` as a regular expression.</doc>
<status status="PASS" start="2024-07-30T09:16:32.298575" elapsed="0.000364"/>
</kw>
<kw name="Should Match Regexp" owner="BuiltIn">
<arg>${json_data['results'][0]['picture']['large']}</arg>
<arg>^https?://.*\.(?:png|jpe?g|gif|bmp)$</arg>
<doc>Fails if ``string`` does not match ``pattern`` as a regular expression.</doc>
<status status="PASS" start="2024-07-30T09:16:32.299122" elapsed="0.000454"/>
</kw>
<kw name="Should Match Regexp" owner="BuiltIn">
<arg>${json_data['results'][0]['picture']['medium']}</arg>
<arg>^https?://.*\.(?:png|jpe?g|gif|bmp)$</arg>
<doc>Fails if ``string`` does not match ``pattern`` as a regular expression.</doc>
<status status="PASS" start="2024-07-30T09:16:32.299759" elapsed="0.000379"/>
</kw>
<kw name="Should Match Regexp" owner="BuiltIn">
<arg>${json_data['results'][0]['picture']['thumbnail']}</arg>
<arg>^https?://.*\.(?:png|jpe?g|gif|bmp)$</arg>
<doc>Fails if ``string`` does not match ``pattern`` as a regular expression.</doc>
<status status="PASS" start="2024-07-30T09:16:32.300343" elapsed="0.000352"/>
</kw>
<kw name="Log" owner="BuiltIn">
<msg time="2024-07-30T09:16:32.301195" level="INFO">{'large': 'https://randomuser.me/api/portraits/women/15.jpg', 'medium': 'https://randomuser.me/api/portraits/med/women/15.jpg', 'thumbnail': 'https://randomuser.me/api/portraits/thumb/women/15.jpg'}</msg>
<arg>${json_data['results'][0]['picture']}</arg>
<doc>Logs the given message with the given level.</doc>
<status status="PASS" start="2024-07-30T09:16:32.300873" elapsed="0.000366"/>
</kw>
<status status="PASS" start="2024-07-30T09:16:32.129089" elapsed="0.172402"/>
</kw>
<kw name="Teste de Tipos de Dados - Postcode" owner="random-user-service">
<kw name="GET On Session" owner="RequestsLibrary">
<msg time="2024-07-30T09:16:32.402220" level="INFO">GET Request : url=https://randomuser.me/api 
 path_url=/api 
 headers={'User-Agent': 'python-requests/2.32.3', 'Accept-Encoding': 'gzip, deflate', 'Accept': '*/*', 'Connection': 'keep-alive'} 
 body=None 
 </msg>
<msg time="2024-07-30T09:16:32.402306" level="INFO">GET Response : url=https://randomuser.me/api 
 status=200, reason=OK 
 headers={'Date': 'Tue, 30 Jul 2024 09:16:32 GMT', 'Content-Type': 'application/json; charset=utf-8', 'Transfer-Encoding': 'chunked', 'Connection': 'keep-alive', 'X-Powered-By': 'Express', 'Access-Control-Allow-Origin': '*', 'Cache-Control': 'no-cache', 'ETag': 'W/"4ab-BwlkoMJYKvUoV7SJlNdMu2EsGUM"', 'Vary': 'Accept-Encoding', 'Content-Encoding': 'gzip', 'CF-Cache-Status': 'DYNAMIC', 'Report-To': '{"endpoints":[{"url":"https:\\/\\/a.nel.cloudflare.com\\/report\\/v4?s=lQ0o9nk6GTJ7TDTLfAmzwbbIM%2F5vFGAKvvZgpNIJMJhe4B28o%2F8YzcxMkVuF36JtI0ZDoDiYoqnu1oKuuBnUISzr5OVwazu%2BJyeQaKiXS9GPeFuNhaIusv95E5Z8q1J1"}],"group":"cf-nel","max_age":604800}', 'NEL': '{"success_fraction":0,"report_to":"cf-nel","max_age":604800}', 'Server': 'cloudflare', 'CF-RAY': '8ab4401dec062ed3-LAX', 'alt-svc': 'h3=":443"; ma=86400'} 
 body={"results":[{"gender":"female","name":{"title":"Miss","first":"فاطمه","last":"حیدری"},"location":{"street":{"number":9969,"name":"جمهوری"},"city":"ساری","state":"کهگیلویه و بویراحمد","country":"Iran","postcode":94399,"coordinates":{"latitude":"20.6301","longitude":"156.3517"},"timezone":{"offset":"-6:00","description":"Central Time (US &amp; Canada), Mexico City"}},"email":"ftmh.hydry@example.com","login":{"uuid":"9213f37e-fa70-4031-a5f4-60423cfd6f50","username":"crazykoala120","password":"volvo","salt":"NCbaogyv","md5":"f48bda0be2d7ecb06e6e2c7db793e543","sha1":"79ed9be3df6bf9d7495efd99b62d455fdf7ed0dc","sha256":"6bfd8c5c206bcad2e7a2264f2fb956f11ed1b9930f37481ce45d0e9872b8ff9e"},"dob":{"date":"1961-03-31T21:45:57.117Z","age":63},"registered":{"date":"2004-10-02T22:23:04.708Z","age":19},"phone":"079-84930800","cell":"0904-327-0808","id":{"name":"","value":null},"picture":{"large":"https://randomuser.me/api/portraits/women/21.jpg","medium":"https://randomuser.me/api/portraits/med/women/21.jpg","thumbnail":"https://randomuser.me/api/portraits/thumb/women/21.jpg"},"nat":"IR"}],"info":{"seed":"ab2bc496042a4f3a","results":1,"page":1,"version":"1.4"}} 
 </msg>
<msg time="2024-07-30T09:16:32.402384" level="INFO">/opt/hostedtoolcache/Python/3.12.4/x64/lib/python3.12/site-packages/urllib3/connectionpool.py:1099: InsecureRequestWarning: Unverified HTTPS request is being made to host 'randomuser.me'. Adding certificate verification is strongly advised. See: https://urllib3.readthedocs.io/en/latest/advanced-usage.html#tls-warnings
  warnings.warn(</msg>
<msg time="2024-07-30T09:16:32.402521" level="INFO">${response} = &lt;Response [200]&gt;</msg>
<var>${response}</var>
<arg>consultarAPI</arg>
<arg>/api</arg>
<doc>Sends a GET request on a previously created HTTP Session.</doc>
<status status="PASS" start="2024-07-30T09:16:32.301923" elapsed="0.100654"/>
</kw>
<kw name="Set Variable" owner="BuiltIn">
<msg time="2024-07-30T09:16:32.403416" level="INFO">${json_data} = {'results': [{'gender': 'female', 'name': {'title': 'Miss', 'first': 'فاطمه', 'last': 'حیدری'}, 'location': {'street': {'number': 9969, 'name': 'جمهوری'}, 'city': 'ساری', 'state': 'کهگیلویه و بویراحمد...</msg>
<var>${json_data}</var>
<arg>${response.json()}</arg>
<doc>Returns the given values which can then be assigned to a variables.</doc>
<status status="PASS" start="2024-07-30T09:16:32.402954" elapsed="0.000492"/>
</kw>
<kw name="Log" owner="BuiltIn">
<msg time="2024-07-30T09:16:32.403909" level="INFO">{'results': [{'gender': 'female', 'name': {'title': 'Miss', 'first': 'فاطمه', 'last': 'حیدری'}, 'location': {'street': {'number': 9969, 'name': 'جمهوری'}, 'city': 'ساری', 'state': 'کهگیلویه و بویراحمد', 'country': 'Iran', 'postcode': 94399, 'coordinates': {'latitude': '20.6301', 'longitude': '156.3517'}, 'timezone': {'offset': '-6:00', 'description': 'Central Time (US &amp; Canada), Mexico City'}}, 'email': 'ftmh.hydry@example.com', 'login': {'uuid': '9213f37e-fa70-4031-a5f4-60423cfd6f50', 'username': 'crazykoala120', 'password': 'volvo', 'salt': 'NCbaogyv', 'md5': 'f48bda0be2d7ecb06e6e2c7db793e543', 'sha1': '79ed9be3df6bf9d7495efd99b62d455fdf7ed0dc', 'sha256': '6bfd8c5c206bcad2e7a2264f2fb956f11ed1b9930f37481ce45d0e9872b8ff9e'}, 'dob': {'date': '1961-03-31T21:45:57.117Z', 'age': 63}, 'registered': {'date': '2004-10-02T22:23:04.708Z', 'age': 19}, 'phone': '079-84930800', 'cell': '0904-327-0808', 'id': {'name': '', 'value': None}, 'picture': {'large': 'https://randomuser.me/api/portraits/women/21.jpg', 'medium': 'https://randomuser.me/api/portraits/med/women/21.jpg', 'thumbnail': 'https://randomuser.me/api/portraits/thumb/women/21.jpg'}, 'nat': 'IR'}], 'info': {'seed': 'ab2bc496042a4f3a', 'results': 1, 'page': 1, 'version': '1.4'}}</msg>
<arg>${json_data}</arg>
<doc>Logs the given message with the given level.</doc>
<status status="PASS" start="2024-07-30T09:16:32.403753" elapsed="0.000206"/>
</kw>
<kw name="Should Be Equal As Numbers" owner="BuiltIn">
<arg>${json_data['results'][0]['location']['postcode']}</arg>
<arg>${json_data['results'][0]['location']['postcode']}</arg>
<doc>Fails if objects are unequal after converting them to real numbers.</doc>
<status status="PASS" start="2024-07-30T09:16:32.404297" elapsed="0.000629"/>
</kw>
<kw name="Log" owner="BuiltIn">
<msg time="2024-07-30T09:16:32.405488" level="INFO">94399</msg>
<arg>${json_data['results'][0]['location']['postcode']}</arg>
<doc>Logs the given message with the given level.</doc>
<status status="PASS" start="2024-07-30T09:16:32.405119" elapsed="0.000410"/>
</kw>
<status status="PASS" start="2024-07-30T09:16:32.301699" elapsed="0.104085"/>
</kw>
<doc>Testa se os tipos de dados na resposta da API estão corretos.</doc>
<tag>testeTiposDados</tag>
<status status="PASS" start="2024-07-30T09:16:32.128646" elapsed="0.277294"/>
</test>
<test id="s1-s1-t5" name="Validar conteudo" line="35">
<kw name="Teste de Tipos de Conteudo" owner="random-user-service">
<kw name="GET On Session" owner="RequestsLibrary">
<msg time="2024-07-30T09:16:32.502864" level="INFO">GET Request : url=https://randomuser.me/api 
 path_url=/api 
 headers={'User-Agent': 'python-requests/2.32.3', 'Accept-Encoding': 'gzip, deflate', 'Accept': '*/*', 'Connection': 'keep-alive'} 
 body=None 
 </msg>
<msg time="2024-07-30T09:16:32.502939" level="INFO">GET Response : url=https://randomuser.me/api 
 status=200, reason=OK 
 headers={'Date': 'Tue, 30 Jul 2024 09:16:32 GMT', 'Content-Type': 'application/json; charset=utf-8', 'Transfer-Encoding': 'chunked', 'Connection': 'keep-alive', 'X-Powered-By': 'Express', 'Access-Control-Allow-Origin': '*', 'Cache-Control': 'no-cache', 'ETag': 'W/"476-PUeAf9Z74SSrAfO2lm5COvUvKpg"', 'Vary': 'Accept-Encoding', 'Content-Encoding': 'gzip', 'CF-Cache-Status': 'DYNAMIC', 'Report-To': '{"endpoints":[{"url":"https:\\/\\/a.nel.cloudflare.com\\/report\\/v4?s=qQZNAUxtxqn2vLe%2F6PqHwnzguP5es2NwxHGexe1MWWA3GQeOnbN1mmM4SNjZuGKovE20he35GNHeamFvOIiI6Ab0Yxb4ci7EcvAdDIRH060VUvhzplkmC4MGLm6RLwAX"}],"group":"cf-nel","max_age":604800}', 'NEL': '{"success_fraction":0,"report_to":"cf-nel","max_age":604800}', 'Server': 'cloudflare', 'CF-RAY': '8ab4401e9d1e2ed3-LAX', 'alt-svc': 'h3=":443"; ma=86400'} 
 body={"results":[{"gender":"male","name":{"title":"Mr","first":"Divyesh","last":"Salian"},"location":{"street":{"number":7754,"name":"Bandstand Promenade"},"city":"Panchkula","state":"Punjab","country":"India","postcode":44068,"coordinates":{"latitude":"12.5826","longitude":"-30.5854"},"timezone":{"offset":"+5:45","description":"Kathmandu"}},"email":"divyesh.salian@example.com","login":{"uuid":"5cbc0bc6-f8a6-4c55-a8ba-e72b5d805ce5","username":"sadmouse914","password":"kcj9wx5n","salt":"9FOAXuvz","md5":"abb87763ef08e4202af87674374bd0cf","sha1":"d4686c7e9483d037be0a9f72d5be1fe1e9d8f657","sha256":"5f07e2ef64417074cf466109ae4cc3c57fafc5d410b71dbffa8d6e00d8a8116c"},"dob":{"date":"1971-03-08T18:10:43.905Z","age":53},"registered":{"date":"2005-06-19T22:46:32.124Z","age":19},"phone":"8850389337","cell":"9094397512","id":{"name":"UIDAI","value":"611572214324"},"picture":{"large":"https://randomuser.me/api/portraits/men/71.jpg","medium":"https://randomuser.me/api/portraits/med/men/71.jpg","thumbnail":"https://randomuser.me/api/portraits/thumb/men/71.jpg"},"nat":"IN"}],"info":{"seed":"049acc1a54cacfbb","results":1,"page":1,"version":"1.4"}} 
 </msg>
<msg time="2024-07-30T09:16:32.502993" level="INFO">/opt/hostedtoolcache/Python/3.12.4/x64/lib/python3.12/site-packages/urllib3/connectionpool.py:1099: InsecureRequestWarning: Unverified HTTPS request is being made to host 'randomuser.me'. Adding certificate verification is strongly advised. See: https://urllib3.readthedocs.io/en/latest/advanced-usage.html#tls-warnings
  warnings.warn(</msg>
<msg time="2024-07-30T09:16:32.503096" level="INFO">${response} = &lt;Response [200]&gt;</msg>
<var>${response}</var>
<arg>consultarAPI</arg>
<arg>/api</arg>
<doc>Sends a GET request on a previously created HTTP Session.</doc>
<status status="PASS" start="2024-07-30T09:16:32.408314" elapsed="0.094825"/>
</kw>
<kw name="Set Variable" owner="BuiltIn">
<msg time="2024-07-30T09:16:32.503955" level="INFO">${json_data} = {'results': [{'gender': 'male', 'name': {'title': 'Mr', 'first': 'Divyesh', 'last': 'Salian'}, 'location': {'street': {'number': 7754, 'name': 'Bandstand Promenade'}, 'city': 'Panchkula', 'state': 'Pu...</msg>
<var>${json_data}</var>
<arg>${response.json()}</arg>
<doc>Returns the given values which can then be assigned to a variables.</doc>
<status status="PASS" start="2024-07-30T09:16:32.503510" elapsed="0.000479"/>
</kw>
<kw name="Set Variable" owner="BuiltIn">
<msg time="2024-07-30T09:16:32.504724" level="INFO">${name_title} = Mr</msg>
<var>${name_title}</var>
<arg>${json_data["results"][0]["name"]["title"]}</arg>
<doc>Returns the given values which can then be assigned to a variables.</doc>
<status status="PASS" start="2024-07-30T09:16:32.504341" elapsed="0.000408"/>
</kw>
<kw name="Create List" owner="BuiltIn">
<msg time="2024-07-30T09:16:32.505218" level="INFO">${allowed_titles} = ['Mr', 'Ms', 'Miss', 'Mrs', 'Madame', 'Monsieur']</msg>
<var>${allowed_titles}</var>
<arg>Mr</arg>
<arg>Ms</arg>
<arg>Miss</arg>
<arg>Mrs</arg>
<arg>Madame</arg>
<arg>Monsieur</arg>
<doc>Returns a list containing given items.</doc>
<status status="PASS" start="2024-07-30T09:16:32.505071" elapsed="0.000172"/>
</kw>
<kw name="List Should Contain Value" owner="Collections">
<arg>${allowed_titles}</arg>
<arg>${name_title}</arg>
<doc>Fails if the ``value`` is not found from ``list``.</doc>
<status status="PASS" start="2024-07-30T09:16:32.505538" elapsed="0.000175"/>
</kw>
<kw name="Set Variable" owner="BuiltIn">
<msg time="2024-07-30T09:16:32.506265" level="INFO">${name_country} = IN</msg>
<var>${name_country}</var>
<arg>${json_data["results"][0]["nat"]}</arg>
<doc>Returns the given values which can then be assigned to a variables.</doc>
<status status="PASS" start="2024-07-30T09:16:32.505890" elapsed="0.000400"/>
</kw>
<kw name="Create List" owner="BuiltIn">
<msg time="2024-07-30T09:16:32.507165" level="INFO">${list_country} = ['AD', 'AE', 'AF', 'AG', 'AI', 'AL', 'AM', 'AO', 'AQ', 'AR', 'AS', 'AT', 'AU', 'AW', 'AX', 'AZ', 'BA', 'BB', 'BD', 'BE', 'BF', 'BG', 'BH', 'BI', 'BJ', 'BL', 'BM', 'BN', 'BO', 'BQ', 'BR', 'BS', 'BT', '...</msg>
<var>${list_country}</var>
<arg>AD</arg>
<arg>AE</arg>
<arg>AF</arg>
<arg>AG</arg>
<arg>AI</arg>
<arg>AL</arg>
<arg>AM</arg>
<arg>AO</arg>
<arg>AQ</arg>
<arg>AR</arg>
<arg>AS</arg>
<arg>AT</arg>
<arg>AU</arg>
<arg>AW</arg>
<arg>AX</arg>
<arg>AZ</arg>
<arg>BA</arg>
<arg>BB</arg>
<arg>BD</arg>
<arg>BE</arg>
<arg>BF</arg>
<arg>BG</arg>
<arg>BH</arg>
<arg>BI</arg>
<arg>BJ</arg>
<arg>BL</arg>
<arg>BM</arg>
<arg>BN</arg>
<arg>BO</arg>
<arg>BQ</arg>
<arg>BR</arg>
<arg>BS</arg>
<arg>BT</arg>
<arg>BV</arg>
<arg>BW</arg>
<arg>BY</arg>
<arg>BZ</arg>
<arg>CA</arg>
<arg>CC</arg>
<arg>CD</arg>
<arg>CF</arg>
<arg>CG</arg>
<arg>CH</arg>
<arg>CI</arg>
<arg>CK</arg>
<arg>CL</arg>
<arg>CM</arg>
<arg>CN</arg>
<arg>CO</arg>
<arg>CR</arg>
<arg>CU</arg>
<arg>CV</arg>
<arg>CW</arg>
<arg>CX</arg>
<arg>CY</arg>
<arg>CZ</arg>
<arg>DE</arg>
<arg>DJ</arg>
<arg>DK</arg>
<arg>DM</arg>
<arg>DO</arg>
<arg>DZ</arg>
<arg>EC</arg>
<arg>EE</arg>
<arg>EG</arg>
<arg>EH</arg>
<arg>ER</arg>
<arg>ES</arg>
<arg>ET</arg>
<arg>FI</arg>
<arg>FJ</arg>
<arg>FK</arg>
<arg>FM</arg>
<arg>FO</arg>
<arg>FR</arg>
<arg>GA</arg>
<arg>GB</arg>
<arg>GD</arg>
<arg>GE</arg>
<arg>GF</arg>
<arg>GG</arg>
<arg>GH</arg>
<arg>GI</arg>
<arg>GL</arg>
<arg>GM</arg>
<arg>GN</arg>
<arg>GP</arg>
<arg>GQ</arg>
<arg>GR</arg>
<arg>GS</arg>
<arg>GT</arg>
<arg>GU</arg>
<arg>GW</arg>
<arg>GY</arg>
<arg>HK</arg>
<arg>HM</arg>
<arg>HN</arg>
<arg>HR</arg>
<arg>HT</arg>
<arg>HU</arg>
<arg>ID</arg>
<arg>IE</arg>
<arg>IL</arg>
<arg>IM</arg>
<arg>IN</arg>
<arg>IO</arg>
<arg>IQ</arg>
<arg>IR</arg>
<arg>IS</arg>
<arg>IT</arg>
<arg>JE</arg>
<arg>JM</arg>
<arg>JO</arg>
<arg>JP</arg>
<arg>KE</arg>
<arg>KG</arg>
<arg>KH</arg>
<arg>KI</arg>
<arg>KM</arg>
<arg>KN</arg>
<arg>KP</arg>
<arg>KR</arg>
<arg>KW</arg>
<arg>KY</arg>
<arg>KZ</arg>
<arg>LA</arg>
<arg>LB</arg>
<arg>LC</arg>
<arg>LI</arg>
<arg>LK</arg>
<arg>LR</arg>
<arg>LS</arg>
<arg>LT</arg>
<arg>LU</arg>
<arg>LV</arg>
<arg>LY</arg>
<arg>MA</arg>
<arg>MC</arg>
<arg>MD</arg>
<arg>ME</arg>
<arg>MF</arg>
<arg>MG</arg>
<arg>MH</arg>
<arg>MK</arg>
<arg>ML</arg>
<arg>MM</arg>
<arg>MN</arg>
<arg>MO</arg>
<arg>MP</arg>
<arg>MQ</arg>
<arg>MR</arg>
<arg>MS</arg>
<arg>MT</arg>
<arg>MU</arg>
<arg>MV</arg>
<arg>MW</arg>
<arg>MX</arg>
<arg>MY</arg>
<arg>MZ</arg>
<arg>NA</arg>
<arg>NC</arg>
<arg>NE</arg>
<arg>NF</arg>
<arg>NG</arg>
<arg>NI</arg>
<arg>NL</arg>
<arg>NO</arg>
<arg>NP</arg>
<arg>NR</arg>
<arg>NU</arg>
<arg>NZ</arg>
<arg>OM</arg>
<arg>PA</arg>
<arg>PE</arg>
<arg>PF</arg>
<arg>PG</arg>
<arg>PH</arg>
<arg>PK</arg>
<arg>PL</arg>
<arg>PM</arg>
<arg>PN</arg>
<arg>PR</arg>
<arg>PS</arg>
<arg>PT</arg>
<arg>PW</arg>
<arg>PY</arg>
<arg>QA</arg>
<arg>RE</arg>
<arg>RO</arg>
<arg>RS</arg>
<arg>RU</arg>
<arg>RW</arg>
<arg>SA</arg>
<arg>SB</arg>
<arg>SC</arg>
<arg>SD</arg>
<arg>SE</arg>
<arg>SG</arg>
<arg>SH</arg>
<arg>SI</arg>
<arg>SJ</arg>
<arg>SK</arg>
<arg>SL</arg>
<arg>SM</arg>
<arg>SN</arg>
<arg>SO</arg>
<arg>SR</arg>
<arg>SS</arg>
<arg>ST</arg>
<arg>SV</arg>
<arg>SX</arg>
<arg>SY</arg>
<arg>SZ</arg>
<arg>TC</arg>
<arg>TD</arg>
<arg>TF</arg>
<arg>TG</arg>
<arg>TH</arg>
<arg>TJ</arg>
<arg>TK</arg>
<arg>TL</arg>
<arg>TM</arg>
<arg>TN</arg>
<arg>TO</arg>
<arg>TR</arg>
<arg>TT</arg>
<arg>TV</arg>
<arg>TW</arg>
<arg>TZ</arg>
<arg>UA</arg>
<arg>UG</arg>
<arg>UM</arg>
<arg>US</arg>
<arg>UY</arg>
<arg>UZ</arg>
<arg>VA</arg>
<arg>VC</arg>
<arg>VE</arg>
<arg>VG</arg>
<arg>VI</arg>
<arg>VN</arg>
<arg>VU</arg>
<arg>WF</arg>
<arg>WS</arg>
<arg>XK</arg>
<arg>YE</arg>
<arg>YT</arg>
<arg>ZA</arg>
<arg>ZM</arg>
<arg>ZW</arg>
<doc>Returns a list containing given items.</doc>
<status status="PASS" start="2024-07-30T09:16:32.506577" elapsed="0.000613"/>
</kw>
<kw name="List Should Contain Value" owner="Collections">
<arg>${list_country}</arg>
<arg>${name_country}</arg>
<doc>Fails if the ``value`` is not found from ``list``.</doc>
<status status="PASS" start="2024-07-30T09:16:32.508136" elapsed="0.000223"/>
</kw>
<kw name="Run Keyword If" owner="BuiltIn">
<kw name="Should Be True" owner="BuiltIn">
<arg>${True}</arg>
<doc>Fails if the given condition is not true.</doc>
<status status="PASS" start="2024-07-30T09:16:32.509287" elapsed="0.000141"/>
</kw>
<arg>${json_data["results"][0]["location"]["coordinates"]["latitude"]} &gt;= -90 and ${json_data["results"][0]["location"]["coordinates"]["latitude"]} &lt;= 90</arg>
<arg>Should Be True</arg>
<arg>${True}</arg>
<doc>Runs the given keyword with the given arguments, if ``condition`` is true.</doc>
<status status="PASS" start="2024-07-30T09:16:32.508555" elapsed="0.001000"/>
</kw>
<kw name="Run Keyword If" owner="BuiltIn">
<kw name="Should Be True" owner="BuiltIn">
<arg>${True}</arg>
<doc>Fails if the given condition is not true.</doc>
<status status="PASS" start="2024-07-30T09:16:32.510417" elapsed="0.000135"/>
</kw>
<arg>${json_data["results"][0]["location"]["coordinates"]["longitude"]} &gt;= -180 and ${json_data["results"][0]["location"]["coordinates"]["longitude"]} &lt;= 180</arg>
<arg>Should Be True</arg>
<arg>${True}</arg>
<doc>Runs the given keyword with the given arguments, if ``condition`` is true.</doc>
<status status="PASS" start="2024-07-30T09:16:32.509733" elapsed="0.000941"/>
</kw>
<status status="PASS" start="2024-07-30T09:16:32.408061" elapsed="0.102736"/>
</kw>
<doc>Testa o conteúdo específico dos campos retornados pela API.</doc>
<tag>testeConteudo</tag>
<status status="PASS" start="2024-07-30T09:16:32.407652" elapsed="0.103285"/>
</test>
<status status="PASS" start="2024-07-30T09:16:31.349280" elapsed="1.163552"/>
</suite>
<status status="PASS" start="2024-07-30T09:16:31.334931" elapsed="1.182845"/>
</suite>
<statistics>
<total>
<stat pass="5" fail="0" skip="0">All Tests</stat>
</total>
<tag>
<stat pass="1" fail="0" skip="0">testeConteudo</stat>
<stat pass="1" fail="0" skip="0">testeEstruturaResposta</stat>
<stat pass="1" fail="0" skip="0">testeRequisicaoBasica</stat>
<stat pass="1" fail="0" skip="0">testeTiposDados</stat>
</tag>
<suite>
<stat pass="5" fail="0" skip="0" id="s1" name="Tests">Tests</stat>
<stat pass="5" fail="0" skip="0" id="s1-s1" name="Random-User-Test">Tests.Random-User-Test</stat>
</suite>
</statistics>
<errors>
</errors>
</robot>
