<?xml version="1.0" encoding="UTF-8"?>
<robot generator="Robot 7.0.1 (Python 3.12.4 on linux)" generated="2024-07-27T11:13:31.096603" rpa="false" schemaversion="5">
<suite id="s1" name="Tests" source="/home/runner/work/ApiRandomUser/ApiRandomUser/RamdonUser/tests">
<suite id="s1-s1" name="Random-User-Test" source="/home/runner/work/ApiRandomUser/ApiRandomUser/RamdonUser/tests/random-user-test.robot">
<test id="s1-s1-t1" name="Conectar" line="13">
<kw name="Conectar API" owner="random-user-service">
<kw name="Create Session" owner="RequestsLibrary">
<msg time="2024-07-27T11:13:31.495577" level="INFO">Creating Session using : alias=consultarAPI, url=https://randomuser.me/, headers={},                     cookies={}, auth=None, timeout=None, proxies=None, verify=False,                     debug=0 </msg>
<arg>consultarAPI</arg>
<arg>${URL}</arg>
<doc>Create Session: create a HTTP session to a server</doc>
<status status="PASS" start="2024-07-27T11:13:31.495358" elapsed="0.000399"/>
</kw>
<status status="PASS" start="2024-07-27T11:13:31.494346" elapsed="0.001763"/>
</kw>
<status status="PASS" start="2024-07-27T11:13:31.493763" elapsed="0.002537"/>
</test>
<test id="s1-s1-t2" name="Validar retorno 200 e JSON Válido" line="16">
<kw name="Teste de Requisicao Basica" owner="random-user-service">
<kw name="GET On Session" owner="RequestsLibrary">
<msg time="2024-07-27T11:13:31.587043" level="INFO">GET Request : url=https://randomuser.me/api 
 path_url=/api 
 headers={'User-Agent': 'python-requests/2.32.3', 'Accept-Encoding': 'gzip, deflate', 'Accept': '*/*', 'Connection': 'keep-alive'} 
 body=None 
 </msg>
<msg time="2024-07-27T11:13:31.587194" level="INFO">GET Response : url=https://randomuser.me/api 
 status=200, reason=OK 
 headers={'Date': 'Sat, 27 Jul 2024 11:13:31 GMT', 'Content-Type': 'application/json; charset=utf-8', 'Transfer-Encoding': 'chunked', 'Connection': 'keep-alive', 'X-Powered-By': 'Express', 'Access-Control-Allow-Origin': '*', 'Cache-Control': 'no-cache', 'ETag': 'W/"473-SbTaFVxIOImdcb2y7qQ95E3gkRM"', 'Vary': 'Accept-Encoding', 'Content-Encoding': 'gzip', 'CF-Cache-Status': 'DYNAMIC', 'Report-To': '{"endpoints":[{"url":"https:\\/\\/a.nel.cloudflare.com\\/report\\/v4?s=UW%2F51XX31riyv2CN2RZSHGsdlAOlU3IBiR4z8HMyYyAealOv9cdGMlYP9YpC4QmmdkfqgpCPe9Db2V46IKe6RdrBJb46m77KV%2BO%2FWMl8h8bFrpCb6Dvp%2BqVuUJWjg8t0"}],"group":"cf-nel","max_age":604800}', 'NEL': '{"success_fraction":0,"report_to":"cf-nel","max_age":604800}', 'Server': 'cloudflare', 'CF-RAY': '8a9c335c1f3a6163-ORD', 'alt-svc': 'h3=":443"; ma=86400'} 
 body={"results":[{"gender":"male","name":{"title":"Mr","first":"Charlie","last":"Tjelle"},"location":{"street":{"number":1445,"name":"Universitetsgata"},"city":"Skulestadmoen","state":"Hordaland","country":"Norway","postcode":"7622","coordinates":{"latitude":"46.4331","longitude":"-8.6619"},"timezone":{"offset":"+3:30","description":"Tehran"}},"email":"charlie.tjelle@example.com","login":{"uuid":"2d92eb5c-41d0-4ef5-b496-e616a1fbc54c","username":"organickoala893","password":"corrado","salt":"rf1a60wR","md5":"c5e975ff4f0859e970adbea2f30c531d","sha1":"12a48188c37d8954e41c10d846da93a5b8e6e01a","sha256":"f0744877b52bbbb64ec691b04d152fd165dd5e81e0bc390f0affff267b6208b5"},"dob":{"date":"1966-04-30T16:05:29.367Z","age":58},"registered":{"date":"2003-11-09T04:35:09.438Z","age":20},"phone":"71977337","cell":"98167462","id":{"name":"FN","value":"30046603105"},"picture":{"large":"https://randomuser.me/api/portraits/men/40.jpg","medium":"https://randomuser.me/api/portraits/med/men/40.jpg","thumbnail":"https://randomuser.me/api/portraits/thumb/men/40.jpg"},"nat":"NO"}],"info":{"seed":"b0328f7dd6a767b6","results":1,"page":1,"version":"1.4"}} 
 </msg>
<msg time="2024-07-27T11:13:31.587279" level="INFO">/opt/hostedtoolcache/Python/3.12.4/x64/lib/python3.12/site-packages/urllib3/connectionpool.py:1099: InsecureRequestWarning: Unverified HTTPS request is being made to host 'randomuser.me'. Adding certificate verification is strongly advised. See: https://urllib3.readthedocs.io/en/latest/advanced-usage.html#tls-warnings
  warnings.warn(</msg>
<msg time="2024-07-27T11:13:31.587427" level="INFO">${response} = &lt;Response [200]&gt;</msg>
<var>${response}</var>
<arg>consultarAPI</arg>
<arg>/api</arg>
<doc>Sends a GET request on a previously created HTTP Session.</doc>
<status status="PASS" start="2024-07-27T11:13:31.498893" elapsed="0.088586"/>
</kw>
<kw name="Should Be Equal As Numbers" owner="BuiltIn">
<msg time="2024-07-27T11:13:31.588435" level="INFO">Argument types are:
&lt;class 'int'&gt;
&lt;class 'str'&gt;</msg>
<arg>${response.status_code}</arg>
<arg>200</arg>
<doc>Fails if objects are unequal after converting them to real numbers.</doc>
<status status="PASS" start="2024-07-27T11:13:31.587996" elapsed="0.000503"/>
</kw>
<kw name="Log" owner="BuiltIn">
<msg time="2024-07-27T11:13:31.589181" level="INFO">200</msg>
<arg>${response.status_code}</arg>
<doc>Logs the given message with the given level.</doc>
<status status="PASS" start="2024-07-27T11:13:31.588821" elapsed="0.000404"/>
</kw>
<kw name="Set Variable" owner="BuiltIn">
<msg time="2024-07-27T11:13:31.589970" level="INFO">${json_data} = {'results': [{'gender': 'male', 'name': {'title': 'Mr', 'first': 'Charlie', 'last': 'Tjelle'}, 'location': {'street': {'number': 1445, 'name': 'Universitetsgata'}, 'city': 'Skulestadmoen', 'state': 'H...</msg>
<var>${json_data}</var>
<arg>${response.json()}</arg>
<doc>Returns the given values which can then be assigned to a variables.</doc>
<status status="PASS" start="2024-07-27T11:13:31.589531" elapsed="0.000468"/>
</kw>
<kw name="Dictionary Should Contain Key" owner="Collections">
<arg>${json_data}</arg>
<arg>results</arg>
<doc>Fails if ``key`` is not found from ``dictionary``.</doc>
<status status="PASS" start="2024-07-27T11:13:31.590306" elapsed="0.000308"/>
</kw>
<status status="PASS" start="2024-07-27T11:13:31.498654" elapsed="0.092117"/>
</kw>
<doc>Testa se a API responde corretamente e retorna um objeto JSON válido.</doc>
<tag>testeRequisicaoBasica</tag>
<status status="PASS" start="2024-07-27T11:13:31.498137" elapsed="0.092804"/>
</test>
<test id="s1-s1-t3" name="Validar estrutura de resposta" line="22">
<kw name="Teste de Estrutura de Resposta" owner="random-user-service">
<kw name="GET On Session" owner="RequestsLibrary">
<msg time="2024-07-27T11:13:31.674610" level="INFO">GET Request : url=https://randomuser.me/api 
 path_url=/api 
 headers={'User-Agent': 'python-requests/2.32.3', 'Accept-Encoding': 'gzip, deflate', 'Accept': '*/*', 'Connection': 'keep-alive'} 
 body=None 
 </msg>
<msg time="2024-07-27T11:13:31.674717" level="INFO">GET Response : url=https://randomuser.me/api 
 status=200, reason=OK 
 headers={'Date': 'Sat, 27 Jul 2024 11:13:31 GMT', 'Content-Type': 'application/json; charset=utf-8', 'Transfer-Encoding': 'chunked', 'Connection': 'keep-alive', 'X-Powered-By': 'Express', 'Access-Control-Allow-Origin': '*', 'Cache-Control': 'no-cache', 'ETag': 'W/"471-1NWhBhFWyMBN0o2DtZ2mHmQs9os"', 'Vary': 'Accept-Encoding', 'Content-Encoding': 'gzip', 'CF-Cache-Status': 'DYNAMIC', 'Report-To': '{"endpoints":[{"url":"https:\\/\\/a.nel.cloudflare.com\\/report\\/v4?s=uyNwVyLsdPBRGFU7NTxI78mkRPBaSscyphKEofABTZ36IFj%2B9FgeSQUGNxPD%2BUqlKDkwMP5MVsKH0hsXFSWrCmFs9onzrWc2Ba7RA9psIAyr1DWkSwcD9OSL%2Bd6rC%2Bqu"}],"group":"cf-nel","max_age":604800}', 'NEL': '{"success_fraction":0,"report_to":"cf-nel","max_age":604800}', 'Server': 'cloudflare', 'CF-RAY': '8a9c335c7f8b6163-ORD', 'alt-svc': 'h3=":443"; ma=86400'} 
 body={"results":[{"gender":"male","name":{"title":"Mr","first":"Yvan","last":"Isenia"},"location":{"street":{"number":1633,"name":"Haarlemmerstraat"},"city":"Niezijl","state":"Flevoland","country":"Netherlands","postcode":"8907 JM","coordinates":{"latitude":"34.1264","longitude":"-93.2723"},"timezone":{"offset":"+4:30","description":"Kabul"}},"email":"yvan.isenia@example.com","login":{"uuid":"f5a2a91b-a81c-4183-bca4-c474d60f4a20","username":"redfish795","password":"seven7","salt":"NIdVfHm0","md5":"40d9cfb27de67c933d1d10d75e5a0ecf","sha1":"c4f2b0db66068cc232bf2a6d9949c8a457b15e5b","sha256":"ec0c9104d10960015f47ddf967620bb00524cb7d54b85760c858cda85f9ccc4d"},"dob":{"date":"1962-04-14T13:17:07.496Z","age":62},"registered":{"date":"2011-11-03T09:53:46.086Z","age":12},"phone":"(084) 0926106","cell":"(06) 65204980","id":{"name":"BSN","value":"69660844"},"picture":{"large":"https://randomuser.me/api/portraits/men/26.jpg","medium":"https://randomuser.me/api/portraits/med/men/26.jpg","thumbnail":"https://randomuser.me/api/portraits/thumb/men/26.jpg"},"nat":"NL"}],"info":{"seed":"c11e10d29a1819e9","results":1,"page":1,"version":"1.4"}} 
 </msg>
<msg time="2024-07-27T11:13:31.674861" level="INFO">/opt/hostedtoolcache/Python/3.12.4/x64/lib/python3.12/site-packages/urllib3/connectionpool.py:1099: InsecureRequestWarning: Unverified HTTPS request is being made to host 'randomuser.me'. Adding certificate verification is strongly advised. See: https://urllib3.readthedocs.io/en/latest/advanced-usage.html#tls-warnings
  warnings.warn(</msg>
<msg time="2024-07-27T11:13:31.674995" level="INFO">${response} = &lt;Response [200]&gt;</msg>
<var>${response}</var>
<arg>consultarAPI</arg>
<arg>/api</arg>
<doc>Sends a GET request on a previously created HTTP Session.</doc>
<status status="PASS" start="2024-07-27T11:13:31.593668" elapsed="0.081367"/>
</kw>
<kw name="Set Variable" owner="BuiltIn">
<msg time="2024-07-27T11:13:31.676195" level="INFO">${json_data} = {'results': [{'gender': 'male', 'name': {'title': 'Mr', 'first': 'Yvan', 'last': 'Isenia'}, 'location': {'street': {'number': 1633, 'name': 'Haarlemmerstraat'}, 'city': 'Niezijl', 'state': 'Flevoland'...</msg>
<var>${json_data}</var>
<arg>${response.json()}</arg>
<doc>Returns the given values which can then be assigned to a variables.</doc>
<status status="PASS" start="2024-07-27T11:13:31.675647" elapsed="0.000578"/>
</kw>
<kw name="Log" owner="BuiltIn">
<msg time="2024-07-27T11:13:31.676729" level="INFO">{'results': [{'gender': 'male', 'name': {'title': 'Mr', 'first': 'Yvan', 'last': 'Isenia'}, 'location': {'street': {'number': 1633, 'name': 'Haarlemmerstraat'}, 'city': 'Niezijl', 'state': 'Flevoland', 'country': 'Netherlands', 'postcode': '8907 JM', 'coordinates': {'latitude': '34.1264', 'longitude': '-93.2723'}, 'timezone': {'offset': '+4:30', 'description': 'Kabul'}}, 'email': 'yvan.isenia@example.com', 'login': {'uuid': 'f5a2a91b-a81c-4183-bca4-c474d60f4a20', 'username': 'redfish795', 'password': 'seven7', 'salt': 'NIdVfHm0', 'md5': '40d9cfb27de67c933d1d10d75e5a0ecf', 'sha1': 'c4f2b0db66068cc232bf2a6d9949c8a457b15e5b', 'sha256': 'ec0c9104d10960015f47ddf967620bb00524cb7d54b85760c858cda85f9ccc4d'}, 'dob': {'date': '1962-04-14T13:17:07.496Z', 'age': 62}, 'registered': {'date': '2011-11-03T09:53:46.086Z', 'age': 12}, 'phone': '(084) 0926106', 'cell': '(06) 65204980', 'id': {'name': 'BSN', 'value': '69660844'}, 'picture': {'large': 'https://randomuser.me/api/portraits/men/26.jpg', 'medium': 'https://randomuser.me/api/portraits/med/men/26.jpg', 'thumbnail': 'https://randomuser.me/api/portraits/thumb/men/26.jpg'}, 'nat': 'NL'}], 'info': {'seed': 'c11e10d29a1819e9', 'results': 1, 'page': 1, 'version': '1.4'}}</msg>
<arg>${json_data}</arg>
<doc>Logs the given message with the given level.</doc>
<status status="PASS" start="2024-07-27T11:13:31.676563" elapsed="0.000216"/>
</kw>
<kw name="Dictionary Should Contain Key" owner="Collections">
<arg>${json_data}</arg>
<arg>results</arg>
<doc>Fails if ``key`` is not found from ``dictionary``.</doc>
<status status="PASS" start="2024-07-27T11:13:31.677076" elapsed="0.000167"/>
</kw>
<kw name="Should Not Be Empty" owner="BuiltIn">
<msg time="2024-07-27T11:13:31.677561" level="INFO">Length is 2.</msg>
<arg>${json_data}</arg>
<doc>Verifies that the given item is not empty.</doc>
<status status="PASS" start="2024-07-27T11:13:31.677435" elapsed="0.000170"/>
</kw>
<kw name="Create List" owner="BuiltIn">
<msg time="2024-07-27T11:13:31.678051" level="INFO">${expected_keys} = ['gender', 'name', 'location', 'email', 'login']</msg>
<var>${expected_keys}</var>
<arg>gender</arg>
<arg>name</arg>
<arg>location</arg>
<arg>email</arg>
<arg>login</arg>
<doc>Returns a list containing given items.</doc>
<status status="PASS" start="2024-07-27T11:13:31.677894" elapsed="0.000181"/>
</kw>
<for flavor="IN">
<iter>
<kw name="Dictionary Should Contain Key" owner="Collections">
<arg>${json_data['results'][0]}</arg>
<arg>${key}</arg>
<doc>Fails if ``key`` is not found from ``dictionary``.</doc>
<status status="PASS" start="2024-07-27T11:13:31.678665" elapsed="0.000410"/>
</kw>
<kw name="Log" owner="BuiltIn">
<msg time="2024-07-27T11:13:31.679662" level="INFO">{'gender': 'male', 'name': {'title': 'Mr', 'first': 'Yvan', 'last': 'Isenia'}, 'location': {'street': {'number': 1633, 'name': 'Haarlemmerstraat'}, 'city': 'Niezijl', 'state': 'Flevoland', 'country': 'Netherlands', 'postcode': '8907 JM', 'coordinates': {'latitude': '34.1264', 'longitude': '-93.2723'}, 'timezone': {'offset': '+4:30', 'description': 'Kabul'}}, 'email': 'yvan.isenia@example.com', 'login': {'uuid': 'f5a2a91b-a81c-4183-bca4-c474d60f4a20', 'username': 'redfish795', 'password': 'seven7', 'salt': 'NIdVfHm0', 'md5': '40d9cfb27de67c933d1d10d75e5a0ecf', 'sha1': 'c4f2b0db66068cc232bf2a6d9949c8a457b15e5b', 'sha256': 'ec0c9104d10960015f47ddf967620bb00524cb7d54b85760c858cda85f9ccc4d'}, 'dob': {'date': '1962-04-14T13:17:07.496Z', 'age': 62}, 'registered': {'date': '2011-11-03T09:53:46.086Z', 'age': 12}, 'phone': '(084) 0926106', 'cell': '(06) 65204980', 'id': {'name': 'BSN', 'value': '69660844'}, 'picture': {'large': 'https://randomuser.me/api/portraits/men/26.jpg', 'medium': 'https://randomuser.me/api/portraits/med/men/26.jpg', 'thumbnail': 'https://randomuser.me/api/portraits/thumb/men/26.jpg'}, 'nat': 'NL'}</msg>
<arg>${json_data['results'][0]}</arg>
<doc>Logs the given message with the given level.</doc>
<status status="PASS" start="2024-07-27T11:13:31.679269" elapsed="0.000444"/>
</kw>
<kw name="Log" owner="BuiltIn">
<msg time="2024-07-27T11:13:31.680148" level="INFO">gender</msg>
<arg>${key}</arg>
<doc>Logs the given message with the given level.</doc>
<status status="PASS" start="2024-07-27T11:13:31.680016" elapsed="0.000171"/>
</kw>
<var name="${key}">gender</var>
<status status="PASS" start="2024-07-27T11:13:31.678537" elapsed="0.001872"/>
</iter>
<iter>
<kw name="Dictionary Should Contain Key" owner="Collections">
<arg>${json_data['results'][0]}</arg>
<arg>${key}</arg>
<doc>Fails if ``key`` is not found from ``dictionary``.</doc>
<status status="PASS" start="2024-07-27T11:13:31.680707" elapsed="0.000397"/>
</kw>
<kw name="Log" owner="BuiltIn">
<msg time="2024-07-27T11:13:31.681647" level="INFO">{'gender': 'male', 'name': {'title': 'Mr', 'first': 'Yvan', 'last': 'Isenia'}, 'location': {'street': {'number': 1633, 'name': 'Haarlemmerstraat'}, 'city': 'Niezijl', 'state': 'Flevoland', 'country': 'Netherlands', 'postcode': '8907 JM', 'coordinates': {'latitude': '34.1264', 'longitude': '-93.2723'}, 'timezone': {'offset': '+4:30', 'description': 'Kabul'}}, 'email': 'yvan.isenia@example.com', 'login': {'uuid': 'f5a2a91b-a81c-4183-bca4-c474d60f4a20', 'username': 'redfish795', 'password': 'seven7', 'salt': 'NIdVfHm0', 'md5': '40d9cfb27de67c933d1d10d75e5a0ecf', 'sha1': 'c4f2b0db66068cc232bf2a6d9949c8a457b15e5b', 'sha256': 'ec0c9104d10960015f47ddf967620bb00524cb7d54b85760c858cda85f9ccc4d'}, 'dob': {'date': '1962-04-14T13:17:07.496Z', 'age': 62}, 'registered': {'date': '2011-11-03T09:53:46.086Z', 'age': 12}, 'phone': '(084) 0926106', 'cell': '(06) 65204980', 'id': {'name': 'BSN', 'value': '69660844'}, 'picture': {'large': 'https://randomuser.me/api/portraits/men/26.jpg', 'medium': 'https://randomuser.me/api/portraits/med/men/26.jpg', 'thumbnail': 'https://randomuser.me/api/portraits/thumb/men/26.jpg'}, 'nat': 'NL'}</msg>
<arg>${json_data['results'][0]}</arg>
<doc>Logs the given message with the given level.</doc>
<status status="PASS" start="2024-07-27T11:13:31.681289" elapsed="0.000440"/>
</kw>
<kw name="Log" owner="BuiltIn">
<msg time="2024-07-27T11:13:31.682168" level="INFO">name</msg>
<arg>${key}</arg>
<doc>Logs the given message with the given level.</doc>
<status status="PASS" start="2024-07-27T11:13:31.682036" elapsed="0.000170"/>
</kw>
<var name="${key}">name</var>
<status status="PASS" start="2024-07-27T11:13:31.680595" elapsed="0.001832"/>
</iter>
<iter>
<kw name="Dictionary Should Contain Key" owner="Collections">
<arg>${json_data['results'][0]}</arg>
<arg>${key}</arg>
<doc>Fails if ``key`` is not found from ``dictionary``.</doc>
<status status="PASS" start="2024-07-27T11:13:31.682714" elapsed="0.000385"/>
</kw>
<kw name="Log" owner="BuiltIn">
<msg time="2024-07-27T11:13:31.683665" level="INFO">{'gender': 'male', 'name': {'title': 'Mr', 'first': 'Yvan', 'last': 'Isenia'}, 'location': {'street': {'number': 1633, 'name': 'Haarlemmerstraat'}, 'city': 'Niezijl', 'state': 'Flevoland', 'country': 'Netherlands', 'postcode': '8907 JM', 'coordinates': {'latitude': '34.1264', 'longitude': '-93.2723'}, 'timezone': {'offset': '+4:30', 'description': 'Kabul'}}, 'email': 'yvan.isenia@example.com', 'login': {'uuid': 'f5a2a91b-a81c-4183-bca4-c474d60f4a20', 'username': 'redfish795', 'password': 'seven7', 'salt': 'NIdVfHm0', 'md5': '40d9cfb27de67c933d1d10d75e5a0ecf', 'sha1': 'c4f2b0db66068cc232bf2a6d9949c8a457b15e5b', 'sha256': 'ec0c9104d10960015f47ddf967620bb00524cb7d54b85760c858cda85f9ccc4d'}, 'dob': {'date': '1962-04-14T13:17:07.496Z', 'age': 62}, 'registered': {'date': '2011-11-03T09:53:46.086Z', 'age': 12}, 'phone': '(084) 0926106', 'cell': '(06) 65204980', 'id': {'name': 'BSN', 'value': '69660844'}, 'picture': {'large': 'https://randomuser.me/api/portraits/men/26.jpg', 'medium': 'https://randomuser.me/api/portraits/med/men/26.jpg', 'thumbnail': 'https://randomuser.me/api/portraits/thumb/men/26.jpg'}, 'nat': 'NL'}</msg>
<arg>${json_data['results'][0]}</arg>
<doc>Logs the given message with the given level.</doc>
<status status="PASS" start="2024-07-27T11:13:31.683290" elapsed="0.000425"/>
</kw>
<kw name="Log" owner="BuiltIn">
<msg time="2024-07-27T11:13:31.684139" level="INFO">location</msg>
<arg>${key}</arg>
<doc>Logs the given message with the given level.</doc>
<status status="PASS" start="2024-07-27T11:13:31.684011" elapsed="0.000167"/>
</kw>
<var name="${key}">location</var>
<status status="PASS" start="2024-07-27T11:13:31.682606" elapsed="0.001793"/>
</iter>
<iter>
<kw name="Dictionary Should Contain Key" owner="Collections">
<arg>${json_data['results'][0]}</arg>
<arg>${key}</arg>
<doc>Fails if ``key`` is not found from ``dictionary``.</doc>
<status status="PASS" start="2024-07-27T11:13:31.684678" elapsed="0.000389"/>
</kw>
<kw name="Log" owner="BuiltIn">
<msg time="2024-07-27T11:13:31.685732" level="INFO">{'gender': 'male', 'name': {'title': 'Mr', 'first': 'Yvan', 'last': 'Isenia'}, 'location': {'street': {'number': 1633, 'name': 'Haarlemmerstraat'}, 'city': 'Niezijl', 'state': 'Flevoland', 'country': 'Netherlands', 'postcode': '8907 JM', 'coordinates': {'latitude': '34.1264', 'longitude': '-93.2723'}, 'timezone': {'offset': '+4:30', 'description': 'Kabul'}}, 'email': 'yvan.isenia@example.com', 'login': {'uuid': 'f5a2a91b-a81c-4183-bca4-c474d60f4a20', 'username': 'redfish795', 'password': 'seven7', 'salt': 'NIdVfHm0', 'md5': '40d9cfb27de67c933d1d10d75e5a0ecf', 'sha1': 'c4f2b0db66068cc232bf2a6d9949c8a457b15e5b', 'sha256': 'ec0c9104d10960015f47ddf967620bb00524cb7d54b85760c858cda85f9ccc4d'}, 'dob': {'date': '1962-04-14T13:17:07.496Z', 'age': 62}, 'registered': {'date': '2011-11-03T09:53:46.086Z', 'age': 12}, 'phone': '(084) 0926106', 'cell': '(06) 65204980', 'id': {'name': 'BSN', 'value': '69660844'}, 'picture': {'large': 'https://randomuser.me/api/portraits/men/26.jpg', 'medium': 'https://randomuser.me/api/portraits/med/men/26.jpg', 'thumbnail': 'https://randomuser.me/api/portraits/thumb/men/26.jpg'}, 'nat': 'NL'}</msg>
<arg>${json_data['results'][0]}</arg>
<doc>Logs the given message with the given level.</doc>
<status status="PASS" start="2024-07-27T11:13:31.685379" elapsed="0.000402"/>
</kw>
<kw name="Log" owner="BuiltIn">
<msg time="2024-07-27T11:13:31.686222" level="INFO">email</msg>
<arg>${key}</arg>
<doc>Logs the given message with the given level.</doc>
<status status="PASS" start="2024-07-27T11:13:31.686088" elapsed="0.000174"/>
</kw>
<var name="${key}">email</var>
<status status="PASS" start="2024-07-27T11:13:31.684572" elapsed="0.001910"/>
</iter>
<iter>
<kw name="Dictionary Should Contain Key" owner="Collections">
<arg>${json_data['results'][0]}</arg>
<arg>${key}</arg>
<doc>Fails if ``key`` is not found from ``dictionary``.</doc>
<status status="PASS" start="2024-07-27T11:13:31.686767" elapsed="0.000380"/>
</kw>
<kw name="Log" owner="BuiltIn">
<msg time="2024-07-27T11:13:31.687715" level="INFO">{'gender': 'male', 'name': {'title': 'Mr', 'first': 'Yvan', 'last': 'Isenia'}, 'location': {'street': {'number': 1633, 'name': 'Haarlemmerstraat'}, 'city': 'Niezijl', 'state': 'Flevoland', 'country': 'Netherlands', 'postcode': '8907 JM', 'coordinates': {'latitude': '34.1264', 'longitude': '-93.2723'}, 'timezone': {'offset': '+4:30', 'description': 'Kabul'}}, 'email': 'yvan.isenia@example.com', 'login': {'uuid': 'f5a2a91b-a81c-4183-bca4-c474d60f4a20', 'username': 'redfish795', 'password': 'seven7', 'salt': 'NIdVfHm0', 'md5': '40d9cfb27de67c933d1d10d75e5a0ecf', 'sha1': 'c4f2b0db66068cc232bf2a6d9949c8a457b15e5b', 'sha256': 'ec0c9104d10960015f47ddf967620bb00524cb7d54b85760c858cda85f9ccc4d'}, 'dob': {'date': '1962-04-14T13:17:07.496Z', 'age': 62}, 'registered': {'date': '2011-11-03T09:53:46.086Z', 'age': 12}, 'phone': '(084) 0926106', 'cell': '(06) 65204980', 'id': {'name': 'BSN', 'value': '69660844'}, 'picture': {'large': 'https://randomuser.me/api/portraits/men/26.jpg', 'medium': 'https://randomuser.me/api/portraits/med/men/26.jpg', 'thumbnail': 'https://randomuser.me/api/portraits/thumb/men/26.jpg'}, 'nat': 'NL'}</msg>
<arg>${json_data['results'][0]}</arg>
<doc>Logs the given message with the given level.</doc>
<status status="PASS" start="2024-07-27T11:13:31.687332" elapsed="0.000431"/>
</kw>
<kw name="Log" owner="BuiltIn">
<msg time="2024-07-27T11:13:31.688212" level="INFO">login</msg>
<arg>${key}</arg>
<doc>Logs the given message with the given level.</doc>
<status status="PASS" start="2024-07-27T11:13:31.688079" elapsed="0.000172"/>
</kw>
<var name="${key}">login</var>
<status status="PASS" start="2024-07-27T11:13:31.686659" elapsed="0.001820"/>
</iter>
<var>${key}</var>
<value>@{expected_keys}</value>
<status status="PASS" start="2024-07-27T11:13:31.678342" elapsed="0.010261"/>
</for>
<kw name="Create List" owner="BuiltIn">
<msg time="2024-07-27T11:13:31.688933" level="INFO">${expected_keysTwo} = ['username', 'password']</msg>
<var>${expected_keysTwo}</var>
<arg>username</arg>
<arg>password</arg>
<doc>Returns a list containing given items.</doc>
<status status="PASS" start="2024-07-27T11:13:31.688795" elapsed="0.000163"/>
</kw>
<for flavor="IN">
<iter>
<kw name="Dictionary Should Contain Key" owner="Collections">
<arg>${json_data['results'][0]['login']}</arg>
<arg>${keyTwo}</arg>
<doc>Fails if ``key`` is not found from ``dictionary``.</doc>
<status status="PASS" start="2024-07-27T11:13:31.689506" elapsed="0.000390"/>
</kw>
<kw name="Dictionary Should Contain Key" owner="Collections">
<arg>${json_data['results'][0]['login']}</arg>
<arg>${keyTwo}</arg>
<doc>Fails if ``key`` is not found from ``dictionary``.</doc>
<status status="PASS" start="2024-07-27T11:13:31.690084" elapsed="0.000384"/>
</kw>
<kw name="Log" owner="BuiltIn">
<msg time="2024-07-27T11:13:31.690785" level="INFO">username</msg>
<arg>${keyTwo}</arg>
<doc>Logs the given message with the given level.</doc>
<status status="PASS" start="2024-07-27T11:13:31.690652" elapsed="0.000173"/>
</kw>
<var name="${keyTwo}">username</var>
<status status="PASS" start="2024-07-27T11:13:31.689395" elapsed="0.001660"/>
</iter>
<iter>
<kw name="Dictionary Should Contain Key" owner="Collections">
<arg>${json_data['results'][0]['login']}</arg>
<arg>${keyTwo}</arg>
<doc>Fails if ``key`` is not found from ``dictionary``.</doc>
<status status="PASS" start="2024-07-27T11:13:31.691349" elapsed="0.000420"/>
</kw>
<kw name="Dictionary Should Contain Key" owner="Collections">
<arg>${json_data['results'][0]['login']}</arg>
<arg>${keyTwo}</arg>
<doc>Fails if ``key`` is not found from ``dictionary``.</doc>
<status status="PASS" start="2024-07-27T11:13:31.691955" elapsed="0.000385"/>
</kw>
<kw name="Log" owner="BuiltIn">
<msg time="2024-07-27T11:13:31.692647" level="INFO">password</msg>
<arg>${keyTwo}</arg>
<doc>Logs the given message with the given level.</doc>
<status status="PASS" start="2024-07-27T11:13:31.692520" elapsed="0.000166"/>
</kw>
<var name="${keyTwo}">password</var>
<status status="PASS" start="2024-07-27T11:13:31.691235" elapsed="0.001673"/>
</iter>
<var>${keyTwo}</var>
<value>@{expected_keysTwo}</value>
<status status="PASS" start="2024-07-27T11:13:31.689234" elapsed="0.003797"/>
</for>
<status status="PASS" start="2024-07-27T11:13:31.593432" elapsed="0.099739"/>
</kw>
<doc>Testa a estrutura da resposta da API.</doc>
<tag>testeEstruturaResposta</tag>
<status status="PASS" start="2024-07-27T11:13:31.592840" elapsed="0.100491"/>
</test>
<test id="s1-s1-t4" name="Validar tipos de dados" line="28">
<kw name="Teste de Tipos de Dados" owner="random-user-service">
<kw name="GET On Session" owner="RequestsLibrary">
<msg time="2024-07-27T11:13:31.772351" level="INFO">GET Request : url=https://randomuser.me/api 
 path_url=/api 
 headers={'User-Agent': 'python-requests/2.32.3', 'Accept-Encoding': 'gzip, deflate', 'Accept': '*/*', 'Connection': 'keep-alive'} 
 body=None 
 </msg>
<msg time="2024-07-27T11:13:31.772428" level="INFO">GET Response : url=https://randomuser.me/api 
 status=200, reason=OK 
 headers={'Date': 'Sat, 27 Jul 2024 11:13:31 GMT', 'Content-Type': 'application/json; charset=utf-8', 'Transfer-Encoding': 'chunked', 'Connection': 'keep-alive', 'X-Powered-By': 'Express', 'Access-Control-Allow-Origin': '*', 'Cache-Control': 'no-cache', 'ETag': 'W/"49e-wbeGYSGv3SlLgWUjEtVyiVnMGAs"', 'Vary': 'Accept-Encoding', 'Content-Encoding': 'gzip', 'CF-Cache-Status': 'DYNAMIC', 'Report-To': '{"endpoints":[{"url":"https:\\/\\/a.nel.cloudflare.com\\/report\\/v4?s=CksngJYExQbfuJNc5kd2dBDtIV7%2B7UOMfwfbV6hT4nEOHFa4JHBlJ4tzJi0sDnz9c8VwlT%2BI0ShA2kNNorSZLIkq7EWbISB%2F0aD9XC8xiEPMVIuJMaSc%2F0vfHV%2FrAtDJ"}],"group":"cf-nel","max_age":604800}', 'NEL': '{"success_fraction":0,"report_to":"cf-nel","max_age":604800}', 'Server': 'cloudflare', 'CF-RAY': '8a9c335d18126163-ORD', 'alt-svc': 'h3=":443"; ma=86400'} 
 body={"results":[{"gender":"female","name":{"title":"Miss","first":"Eevi","last":"Heino"},"location":{"street":{"number":7383,"name":"Pispalan Valtatie"},"city":"Kokkola","state":"Northern Savonia","country":"Finland","postcode":85048,"coordinates":{"latitude":"-29.0342","longitude":"113.5735"},"timezone":{"offset":"-8:00","description":"Pacific Time (US &amp; Canada)"}},"email":"eevi.heino@example.com","login":{"uuid":"1252b957-d57e-4eff-9bf5-4f8a3fdef15f","username":"goldenelephant981","password":"wg8e3wjf","salt":"uC6409fS","md5":"c6634309e5c6983bc3dd8a79e6b1e97e","sha1":"81d1ad95d6cfbbe8afc3367522edc87bc5b21e9b","sha256":"273e009bbe741ccfad968ab70f301a49fea9bf7b47e71600caa7867055664092"},"dob":{"date":"1973-04-17T03:41:21.120Z","age":51},"registered":{"date":"2015-05-13T00:03:17.538Z","age":9},"phone":"09-899-039","cell":"048-276-67-43","id":{"name":"HETU","value":"NaNNA004undefined"},"picture":{"large":"https://randomuser.me/api/portraits/women/23.jpg","medium":"https://randomuser.me/api/portraits/med/women/23.jpg","thumbnail":"https://randomuser.me/api/portraits/thumb/women/23.jpg"},"nat":"FI"}],"info":{"seed":"8641e623b1771962","results":1,"page":1,"version":"1.4"}} 
 </msg>
<msg time="2024-07-27T11:13:31.772498" level="INFO">/opt/hostedtoolcache/Python/3.12.4/x64/lib/python3.12/site-packages/urllib3/connectionpool.py:1099: InsecureRequestWarning: Unverified HTTPS request is being made to host 'randomuser.me'. Adding certificate verification is strongly advised. See: https://urllib3.readthedocs.io/en/latest/advanced-usage.html#tls-warnings
  warnings.warn(</msg>
<msg time="2024-07-27T11:13:31.772603" level="INFO">${response} = &lt;Response [200]&gt;</msg>
<var>${response}</var>
<arg>consultarAPI</arg>
<arg>/api</arg>
<doc>Sends a GET request on a previously created HTTP Session.</doc>
<status status="PASS" start="2024-07-27T11:13:31.695796" elapsed="0.076864"/>
</kw>
<kw name="Set Variable" owner="BuiltIn">
<msg time="2024-07-27T11:13:31.773716" level="INFO">${json_data} = {'results': [{'gender': 'female', 'name': {'title': 'Miss', 'first': 'Eevi', 'last': 'Heino'}, 'location': {'street': {'number': 7383, 'name': 'Pispalan Valtatie'}, 'city': 'Kokkola', 'state': 'Northe...</msg>
<var>${json_data}</var>
<arg>${response.json()}</arg>
<doc>Returns the given values which can then be assigned to a variables.</doc>
<status status="PASS" start="2024-07-27T11:13:31.773164" elapsed="0.000581"/>
</kw>
<kw name="Log" owner="BuiltIn">
<msg time="2024-07-27T11:13:31.774200" level="INFO">{'results': [{'gender': 'female', 'name': {'title': 'Miss', 'first': 'Eevi', 'last': 'Heino'}, 'location': {'street': {'number': 7383, 'name': 'Pispalan Valtatie'}, 'city': 'Kokkola', 'state': 'Northern Savonia', 'country': 'Finland', 'postcode': 85048, 'coordinates': {'latitude': '-29.0342', 'longitude': '113.5735'}, 'timezone': {'offset': '-8:00', 'description': 'Pacific Time (US &amp; Canada)'}}, 'email': 'eevi.heino@example.com', 'login': {'uuid': '1252b957-d57e-4eff-9bf5-4f8a3fdef15f', 'username': 'goldenelephant981', 'password': 'wg8e3wjf', 'salt': 'uC6409fS', 'md5': 'c6634309e5c6983bc3dd8a79e6b1e97e', 'sha1': '81d1ad95d6cfbbe8afc3367522edc87bc5b21e9b', 'sha256': '273e009bbe741ccfad968ab70f301a49fea9bf7b47e71600caa7867055664092'}, 'dob': {'date': '1973-04-17T03:41:21.120Z', 'age': 51}, 'registered': {'date': '2015-05-13T00:03:17.538Z', 'age': 9}, 'phone': '09-899-039', 'cell': '048-276-67-43', 'id': {'name': 'HETU', 'value': 'NaNNA004undefined'}, 'picture': {'large': 'https://randomuser.me/api/portraits/women/23.jpg', 'medium': 'https://randomuser.me/api/portraits/med/women/23.jpg', 'thumbnail': 'https://randomuser.me/api/portraits/thumb/women/23.jpg'}, 'nat': 'FI'}], 'info': {'seed': '8641e623b1771962', 'results': 1, 'page': 1, 'version': '1.4'}}</msg>
<arg>${json_data}</arg>
<doc>Logs the given message with the given level.</doc>
<status status="PASS" start="2024-07-27T11:13:31.774047" elapsed="0.000202"/>
</kw>
<kw name="Should Be String" owner="String">
<arg>${json_data['results'][0]['gender']}</arg>
<doc>Fails if the given ``item`` is not a string.</doc>
<status status="PASS" start="2024-07-27T11:13:31.774540" elapsed="0.000369"/>
</kw>
<kw name="Should Match Regexp" owner="BuiltIn">
<arg>${json_data['results'][0]['email']}</arg>
<arg>^[a-zA-Z0-9._%+-]+@[a-zA-Z0-9.-]+\.[a-zA-Z]{2,}$</arg>
<doc>Fails if ``string`` does not match ``pattern`` as a regular expression.</doc>
<status status="PASS" start="2024-07-27T11:13:31.775099" elapsed="0.000595"/>
</kw>
<kw name="Should Match Regexp" owner="BuiltIn">
<arg>${json_data['results'][0]['dob']['date']}</arg>
<arg>\\d{4}-\\d{2}-\\d{2}T\\d{2}:\\d{2}:\\d{2}\\.\\d{3}Z</arg>
<doc>Fails if ``string`` does not match ``pattern`` as a regular expression.</doc>
<status status="PASS" start="2024-07-27T11:13:31.776031" elapsed="0.000650"/>
</kw>
<kw name="Should Match Regexp" owner="BuiltIn">
<arg>${json_data['results'][0]['registered']['date']}</arg>
<arg>\\d{4}-\\d{2}-\\d{2}T\\d{2}:\\d{2}:\\d{2}\\.\\d{3}Z</arg>
<doc>Fails if ``string`` does not match ``pattern`` as a regular expression.</doc>
<status status="PASS" start="2024-07-27T11:13:31.776877" elapsed="0.000374"/>
</kw>
<kw name="Should Match Regexp" owner="BuiltIn">
<arg>${json_data['results'][0]['picture']['large']}</arg>
<arg>^https?://.*\.(?:png|jpe?g|gif|bmp)$</arg>
<doc>Fails if ``string`` does not match ``pattern`` as a regular expression.</doc>
<status status="PASS" start="2024-07-27T11:13:31.777440" elapsed="0.000457"/>
</kw>
<kw name="Should Match Regexp" owner="BuiltIn">
<arg>${json_data['results'][0]['picture']['medium']}</arg>
<arg>^https?://.*\.(?:png|jpe?g|gif|bmp)$</arg>
<doc>Fails if ``string`` does not match ``pattern`` as a regular expression.</doc>
<status status="PASS" start="2024-07-27T11:13:31.778085" elapsed="0.000356"/>
</kw>
<kw name="Should Match Regexp" owner="BuiltIn">
<arg>${json_data['results'][0]['picture']['thumbnail']}</arg>
<arg>^https?://.*\.(?:png|jpe?g|gif|bmp)$</arg>
<doc>Fails if ``string`` does not match ``pattern`` as a regular expression.</doc>
<status status="PASS" start="2024-07-27T11:13:31.778623" elapsed="0.000350"/>
</kw>
<kw name="Log" owner="BuiltIn">
<msg time="2024-07-27T11:13:31.779475" level="INFO">{'large': 'https://randomuser.me/api/portraits/women/23.jpg', 'medium': 'https://randomuser.me/api/portraits/med/women/23.jpg', 'thumbnail': 'https://randomuser.me/api/portraits/thumb/women/23.jpg'}</msg>
<arg>${json_data['results'][0]['picture']}</arg>
<doc>Logs the given message with the given level.</doc>
<status status="PASS" start="2024-07-27T11:13:31.779155" elapsed="0.000393"/>
</kw>
<status status="PASS" start="2024-07-27T11:13:31.695569" elapsed="0.084240"/>
</kw>
<kw name="Teste de Tipos de Dados - Postcode" owner="random-user-service">
<kw name="GET On Session" owner="RequestsLibrary">
<msg time="2024-07-27T11:13:31.872889" level="INFO">GET Request : url=https://randomuser.me/api 
 path_url=/api 
 headers={'User-Agent': 'python-requests/2.32.3', 'Accept-Encoding': 'gzip, deflate', 'Accept': '*/*', 'Connection': 'keep-alive'} 
 body=None 
 </msg>
<msg time="2024-07-27T11:13:31.872964" level="INFO">GET Response : url=https://randomuser.me/api 
 status=200, reason=OK 
 headers={'Date': 'Sat, 27 Jul 2024 11:13:31 GMT', 'Content-Type': 'application/json; charset=utf-8', 'Transfer-Encoding': 'chunked', 'Connection': 'keep-alive', 'X-Powered-By': 'Express', 'Access-Control-Allow-Origin': '*', 'Cache-Control': 'no-cache', 'ETag': 'W/"4a1-3Mahj64fAq0tNwHZm6XnCiD+H3c"', 'Vary': 'Accept-Encoding', 'Content-Encoding': 'gzip', 'CF-Cache-Status': 'DYNAMIC', 'Report-To': '{"endpoints":[{"url":"https:\\/\\/a.nel.cloudflare.com\\/report\\/v4?s=TVSTYdxetFy9AFQh4HvqWCeX33cUSncPytykjFXHwr0J%2BZhIkzZI1%2BmffakeMtsJUc%2FnqRqlKxWvFDXfGaM2SugYEBP1NGdPM3zzHcTtAIMLGs3DdCX6NF4WCiuKSJWd"}],"group":"cf-nel","max_age":604800}', 'NEL': '{"success_fraction":0,"report_to":"cf-nel","max_age":604800}', 'Server': 'cloudflare', 'CF-RAY': '8a9c335d98706163-ORD', 'alt-svc': 'h3=":443"; ma=86400'} 
 body={"results":[{"gender":"male","name":{"title":"Mr","first":"Nagnibida","last":"Karashevichi"},"location":{"street":{"number":4488,"name":"Taganrozkiy provulok"},"city":"Yavoriv","state":"Kirovogradska","country":"Ukraine","postcode":44899,"coordinates":{"latitude":"76.8429","longitude":"-128.6666"},"timezone":{"offset":"+10:00","description":"Eastern Australia, Guam, Vladivostok"}},"email":"nagnibida.karashevichi@example.com","login":{"uuid":"95f7df76-912b-4427-ab72-883f89bef70e","username":"lazycat561","password":"poison","salt":"KekTplC4","md5":"b766054d91d3692537b02b51ec962a03","sha1":"8294394a864563bd4cbcb94e8b6dbdb6853a0b50","sha256":"5f90533fb81f27ad2226bcb1b7b77f17e8e64656bb0b2449566084c04e81a7d1"},"dob":{"date":"1976-03-10T16:22:47.321Z","age":48},"registered":{"date":"2006-02-23T22:31:03.151Z","age":18},"phone":"(096) O78-9408","cell":"(097) T80-1053","id":{"name":"","value":null},"picture":{"large":"https://randomuser.me/api/portraits/men/99.jpg","medium":"https://randomuser.me/api/portraits/med/men/99.jpg","thumbnail":"https://randomuser.me/api/portraits/thumb/men/99.jpg"},"nat":"UA"}],"info":{"seed":"86cfaafa7e5c0509","results":1,"page":1,"version":"1.4"}} 
 </msg>
<msg time="2024-07-27T11:13:31.873023" level="INFO">/opt/hostedtoolcache/Python/3.12.4/x64/lib/python3.12/site-packages/urllib3/connectionpool.py:1099: InsecureRequestWarning: Unverified HTTPS request is being made to host 'randomuser.me'. Adding certificate verification is strongly advised. See: https://urllib3.readthedocs.io/en/latest/advanced-usage.html#tls-warnings
  warnings.warn(</msg>
<msg time="2024-07-27T11:13:31.873116" level="INFO">${response} = &lt;Response [200]&gt;</msg>
<var>${response}</var>
<arg>consultarAPI</arg>
<arg>/api</arg>
<doc>Sends a GET request on a previously created HTTP Session.</doc>
<status status="PASS" start="2024-07-27T11:13:31.780246" elapsed="0.092907"/>
</kw>
<kw name="Set Variable" owner="BuiltIn">
<msg time="2024-07-27T11:13:31.874104" level="INFO">${json_data} = {'results': [{'gender': 'male', 'name': {'title': 'Mr', 'first': 'Nagnibida', 'last': 'Karashevichi'}, 'location': {'street': {'number': 4488, 'name': 'Taganrozkiy provulok'}, 'city': 'Yavoriv', 'stat...</msg>
<var>${json_data}</var>
<arg>${response.json()}</arg>
<doc>Returns the given values which can then be assigned to a variables.</doc>
<status status="PASS" start="2024-07-27T11:13:31.873629" elapsed="0.000504"/>
</kw>
<kw name="Log" owner="BuiltIn">
<msg time="2024-07-27T11:13:31.874609" level="INFO">{'results': [{'gender': 'male', 'name': {'title': 'Mr', 'first': 'Nagnibida', 'last': 'Karashevichi'}, 'location': {'street': {'number': 4488, 'name': 'Taganrozkiy provulok'}, 'city': 'Yavoriv', 'state': 'Kirovogradska', 'country': 'Ukraine', 'postcode': 44899, 'coordinates': {'latitude': '76.8429', 'longitude': '-128.6666'}, 'timezone': {'offset': '+10:00', 'description': 'Eastern Australia, Guam, Vladivostok'}}, 'email': 'nagnibida.karashevichi@example.com', 'login': {'uuid': '95f7df76-912b-4427-ab72-883f89bef70e', 'username': 'lazycat561', 'password': 'poison', 'salt': 'KekTplC4', 'md5': 'b766054d91d3692537b02b51ec962a03', 'sha1': '8294394a864563bd4cbcb94e8b6dbdb6853a0b50', 'sha256': '5f90533fb81f27ad2226bcb1b7b77f17e8e64656bb0b2449566084c04e81a7d1'}, 'dob': {'date': '1976-03-10T16:22:47.321Z', 'age': 48}, 'registered': {'date': '2006-02-23T22:31:03.151Z', 'age': 18}, 'phone': '(096) O78-9408', 'cell': '(097) T80-1053', 'id': {'name': '', 'value': None}, 'picture': {'large': 'https://randomuser.me/api/portraits/men/99.jpg', 'medium': 'https://randomuser.me/api/portraits/med/men/99.jpg', 'thumbnail': 'https://randomuser.me/api/portraits/thumb/men/99.jpg'}, 'nat': 'UA'}], 'info': {'seed': '86cfaafa7e5c0509', 'results': 1, 'page': 1, 'version': '1.4'}}</msg>
<arg>${json_data}</arg>
<doc>Logs the given message with the given level.</doc>
<status status="PASS" start="2024-07-27T11:13:31.874454" elapsed="0.000203"/>
</kw>
<kw name="Should Be Equal As Numbers" owner="BuiltIn">
<arg>${json_data['results'][0]['location']['postcode']}</arg>
<arg>${json_data['results'][0]['location']['postcode']}</arg>
<doc>Fails if objects are unequal after converting them to real numbers.</doc>
<status status="PASS" start="2024-07-27T11:13:31.874954" elapsed="0.000669"/>
</kw>
<kw name="Log" owner="BuiltIn">
<msg time="2024-07-27T11:13:31.876160" level="INFO">44899</msg>
<arg>${json_data['results'][0]['location']['postcode']}</arg>
<doc>Logs the given message with the given level.</doc>
<status status="PASS" start="2024-07-27T11:13:31.875822" elapsed="0.000379"/>
</kw>
<status status="PASS" start="2024-07-27T11:13:31.780020" elapsed="0.096464"/>
</kw>
<doc>Testa se os tipos de dados na resposta da API estão corretos.</doc>
<tag>testeTiposDados</tag>
<status status="PASS" start="2024-07-27T11:13:31.695094" elapsed="0.181561"/>
</test>
<test id="s1-s1-t5" name="Validar conteudo" line="35">
<kw name="Teste de Tipos de Conteudo" owner="random-user-service">
<kw name="GET On Session" owner="RequestsLibrary">
<msg time="2024-07-27T11:13:31.974897" level="INFO">GET Request : url=https://randomuser.me/api 
 path_url=/api 
 headers={'User-Agent': 'python-requests/2.32.3', 'Accept-Encoding': 'gzip, deflate', 'Accept': '*/*', 'Connection': 'keep-alive'} 
 body=None 
 </msg>
<msg time="2024-07-27T11:13:31.974991" level="INFO">GET Response : url=https://randomuser.me/api 
 status=200, reason=OK 
 headers={'Date': 'Sat, 27 Jul 2024 11:13:31 GMT', 'Content-Type': 'application/json; charset=utf-8', 'Transfer-Encoding': 'chunked', 'Connection': 'keep-alive', 'X-Powered-By': 'Express', 'Access-Control-Allow-Origin': '*', 'Cache-Control': 'no-cache', 'ETag': 'W/"47f-6ulRdDrAhqIVh9xXy0fvtoAD3mw"', 'Vary': 'Accept-Encoding', 'Content-Encoding': 'gzip', 'CF-Cache-Status': 'DYNAMIC', 'Report-To': '{"endpoints":[{"url":"https:\\/\\/a.nel.cloudflare.com\\/report\\/v4?s=i5H4TzVqQum3DRLlRMR6kZco12EFndUxsILUUARu9FkEr43ter4%2B9uTZ5j0txPGBjpHJtji%2Bv0Dtebe59Z9cKnOJN5xrVvyOtVaTZpC3e%2BrGBC6rmtpn6D%2B5wibskAkI"}],"group":"cf-nel","max_age":604800}', 'NEL': '{"success_fraction":0,"report_to":"cf-nel","max_age":604800}', 'Server': 'cloudflare', 'CF-RAY': '8a9c335e38d06163-ORD', 'alt-svc': 'h3=":443"; ma=86400'} 
 body={"results":[{"gender":"male","name":{"title":"Mr","first":"Eemil","last":"Kalas"},"location":{"street":{"number":6926,"name":"Pirkankatu"},"city":"Sodankylä","state":"Uusimaa","country":"Finland","postcode":31397,"coordinates":{"latitude":"-29.0383","longitude":"-115.3920"},"timezone":{"offset":"-11:00","description":"Midway Island, Samoa"}},"email":"eemil.kalas@example.com","login":{"uuid":"330b8cf3-e76b-4578-8e21-cc1211d86067","username":"bluebird810","password":"thegame","salt":"5CySwDHV","md5":"25129dccecf657578c35a6f14a20c01b","sha1":"d8332a7f2feb33adfdbc6958a413a71286883032","sha256":"712c2ed918d54e159228979846cbafea3b75210edddf95600a450c6953c5036d"},"dob":{"date":"1987-05-13T17:14:47.867Z","age":37},"registered":{"date":"2004-08-09T06:57:36.002Z","age":19},"phone":"02-085-404","cell":"044-236-67-55","id":{"name":"HETU","value":"NaNNA451undefined"},"picture":{"large":"https://randomuser.me/api/portraits/men/17.jpg","medium":"https://randomuser.me/api/portraits/med/men/17.jpg","thumbnail":"https://randomuser.me/api/portraits/thumb/men/17.jpg"},"nat":"FI"}],"info":{"seed":"23c8da9b2a585cc1","results":1,"page":1,"version":"1.4"}} 
 </msg>
<msg time="2024-07-27T11:13:31.975065" level="INFO">/opt/hostedtoolcache/Python/3.12.4/x64/lib/python3.12/site-packages/urllib3/connectionpool.py:1099: InsecureRequestWarning: Unverified HTTPS request is being made to host 'randomuser.me'. Adding certificate verification is strongly advised. See: https://urllib3.readthedocs.io/en/latest/advanced-usage.html#tls-warnings
  warnings.warn(</msg>
<msg time="2024-07-27T11:13:31.975193" level="INFO">${response} = &lt;Response [200]&gt;</msg>
<var>${response}</var>
<arg>consultarAPI</arg>
<arg>/api</arg>
<doc>Sends a GET request on a previously created HTTP Session.</doc>
<status status="PASS" start="2024-07-27T11:13:31.879196" elapsed="0.096045"/>
</kw>
<kw name="Set Variable" owner="BuiltIn">
<msg time="2024-07-27T11:13:31.976410" level="INFO">${json_data} = {'results': [{'gender': 'male', 'name': {'title': 'Mr', 'first': 'Eemil', 'last': 'Kalas'}, 'location': {'street': {'number': 6926, 'name': 'Pirkankatu'}, 'city': 'Sodankylä', 'state': 'Uusimaa', 'cou...</msg>
<var>${json_data}</var>
<arg>${response.json()}</arg>
<doc>Returns the given values which can then be assigned to a variables.</doc>
<status status="PASS" start="2024-07-27T11:13:31.975849" elapsed="0.000591"/>
</kw>
<kw name="Set Variable" owner="BuiltIn">
<msg time="2024-07-27T11:13:31.977132" level="INFO">${name_title} = Mr</msg>
<var>${name_title}</var>
<arg>${json_data["results"][0]["name"]["title"]}</arg>
<doc>Returns the given values which can then be assigned to a variables.</doc>
<status status="PASS" start="2024-07-27T11:13:31.976746" elapsed="0.000411"/>
</kw>
<kw name="Create List" owner="BuiltIn">
<msg time="2024-07-27T11:13:31.977601" level="INFO">${allowed_titles} = ['Mr', 'Ms', 'Miss', 'Mrs', 'Madame', 'Monsieur']</msg>
<var>${allowed_titles}</var>
<arg>Mr</arg>
<arg>Ms</arg>
<arg>Miss</arg>
<arg>Mrs</arg>
<arg>Madame</arg>
<arg>Monsieur</arg>
<doc>Returns a list containing given items.</doc>
<status status="PASS" start="2024-07-27T11:13:31.977452" elapsed="0.000173"/>
</kw>
<kw name="List Should Contain Value" owner="Collections">
<arg>${allowed_titles}</arg>
<arg>${name_title}</arg>
<doc>Fails if the ``value`` is not found from ``list``.</doc>
<status status="PASS" start="2024-07-27T11:13:31.977921" elapsed="0.000182"/>
</kw>
<kw name="Set Variable" owner="BuiltIn">
<msg time="2024-07-27T11:13:31.978653" level="INFO">${name_country} = FI</msg>
<var>${name_country}</var>
<arg>${json_data["results"][0]["nat"]}</arg>
<doc>Returns the given values which can then be assigned to a variables.</doc>
<status status="PASS" start="2024-07-27T11:13:31.978288" elapsed="0.000390"/>
</kw>
<kw name="Create List" owner="BuiltIn">
<msg time="2024-07-27T11:13:31.979595" level="INFO">${list_country} = ['AD', 'AE', 'AF', 'AG', 'AI', 'AL', 'AM', 'AO', 'AQ', 'AR', 'AS', 'AT', 'AU', 'AW', 'AX', 'AZ', 'BA', 'BB', 'BD', 'BE', 'BF', 'BG', 'BH', 'BI', 'BJ', 'BL', 'BM', 'BN', 'BO', 'BQ', 'BR', 'BS', 'BT', '...</msg>
<var>${list_country}</var>
<arg>AD</arg>
<arg>AE</arg>
<arg>AF</arg>
<arg>AG</arg>
<arg>AI</arg>
<arg>AL</arg>
<arg>AM</arg>
<arg>AO</arg>
<arg>AQ</arg>
<arg>AR</arg>
<arg>AS</arg>
<arg>AT</arg>
<arg>AU</arg>
<arg>AW</arg>
<arg>AX</arg>
<arg>AZ</arg>
<arg>BA</arg>
<arg>BB</arg>
<arg>BD</arg>
<arg>BE</arg>
<arg>BF</arg>
<arg>BG</arg>
<arg>BH</arg>
<arg>BI</arg>
<arg>BJ</arg>
<arg>BL</arg>
<arg>BM</arg>
<arg>BN</arg>
<arg>BO</arg>
<arg>BQ</arg>
<arg>BR</arg>
<arg>BS</arg>
<arg>BT</arg>
<arg>BV</arg>
<arg>BW</arg>
<arg>BY</arg>
<arg>BZ</arg>
<arg>CA</arg>
<arg>CC</arg>
<arg>CD</arg>
<arg>CF</arg>
<arg>CG</arg>
<arg>CH</arg>
<arg>CI</arg>
<arg>CK</arg>
<arg>CL</arg>
<arg>CM</arg>
<arg>CN</arg>
<arg>CO</arg>
<arg>CR</arg>
<arg>CU</arg>
<arg>CV</arg>
<arg>CW</arg>
<arg>CX</arg>
<arg>CY</arg>
<arg>CZ</arg>
<arg>DE</arg>
<arg>DJ</arg>
<arg>DK</arg>
<arg>DM</arg>
<arg>DO</arg>
<arg>DZ</arg>
<arg>EC</arg>
<arg>EE</arg>
<arg>EG</arg>
<arg>EH</arg>
<arg>ER</arg>
<arg>ES</arg>
<arg>ET</arg>
<arg>FI</arg>
<arg>FJ</arg>
<arg>FK</arg>
<arg>FM</arg>
<arg>FO</arg>
<arg>FR</arg>
<arg>GA</arg>
<arg>GB</arg>
<arg>GD</arg>
<arg>GE</arg>
<arg>GF</arg>
<arg>GG</arg>
<arg>GH</arg>
<arg>GI</arg>
<arg>GL</arg>
<arg>GM</arg>
<arg>GN</arg>
<arg>GP</arg>
<arg>GQ</arg>
<arg>GR</arg>
<arg>GS</arg>
<arg>GT</arg>
<arg>GU</arg>
<arg>GW</arg>
<arg>GY</arg>
<arg>HK</arg>
<arg>HM</arg>
<arg>HN</arg>
<arg>HR</arg>
<arg>HT</arg>
<arg>HU</arg>
<arg>ID</arg>
<arg>IE</arg>
<arg>IL</arg>
<arg>IM</arg>
<arg>IN</arg>
<arg>IO</arg>
<arg>IQ</arg>
<arg>IR</arg>
<arg>IS</arg>
<arg>IT</arg>
<arg>JE</arg>
<arg>JM</arg>
<arg>JO</arg>
<arg>JP</arg>
<arg>KE</arg>
<arg>KG</arg>
<arg>KH</arg>
<arg>KI</arg>
<arg>KM</arg>
<arg>KN</arg>
<arg>KP</arg>
<arg>KR</arg>
<arg>KW</arg>
<arg>KY</arg>
<arg>KZ</arg>
<arg>LA</arg>
<arg>LB</arg>
<arg>LC</arg>
<arg>LI</arg>
<arg>LK</arg>
<arg>LR</arg>
<arg>LS</arg>
<arg>LT</arg>
<arg>LU</arg>
<arg>LV</arg>
<arg>LY</arg>
<arg>MA</arg>
<arg>MC</arg>
<arg>MD</arg>
<arg>ME</arg>
<arg>MF</arg>
<arg>MG</arg>
<arg>MH</arg>
<arg>MK</arg>
<arg>ML</arg>
<arg>MM</arg>
<arg>MN</arg>
<arg>MO</arg>
<arg>MP</arg>
<arg>MQ</arg>
<arg>MR</arg>
<arg>MS</arg>
<arg>MT</arg>
<arg>MU</arg>
<arg>MV</arg>
<arg>MW</arg>
<arg>MX</arg>
<arg>MY</arg>
<arg>MZ</arg>
<arg>NA</arg>
<arg>NC</arg>
<arg>NE</arg>
<arg>NF</arg>
<arg>NG</arg>
<arg>NI</arg>
<arg>NL</arg>
<arg>NO</arg>
<arg>NP</arg>
<arg>NR</arg>
<arg>NU</arg>
<arg>NZ</arg>
<arg>OM</arg>
<arg>PA</arg>
<arg>PE</arg>
<arg>PF</arg>
<arg>PG</arg>
<arg>PH</arg>
<arg>PK</arg>
<arg>PL</arg>
<arg>PM</arg>
<arg>PN</arg>
<arg>PR</arg>
<arg>PS</arg>
<arg>PT</arg>
<arg>PW</arg>
<arg>PY</arg>
<arg>QA</arg>
<arg>RE</arg>
<arg>RO</arg>
<arg>RS</arg>
<arg>RU</arg>
<arg>RW</arg>
<arg>SA</arg>
<arg>SB</arg>
<arg>SC</arg>
<arg>SD</arg>
<arg>SE</arg>
<arg>SG</arg>
<arg>SH</arg>
<arg>SI</arg>
<arg>SJ</arg>
<arg>SK</arg>
<arg>SL</arg>
<arg>SM</arg>
<arg>SN</arg>
<arg>SO</arg>
<arg>SR</arg>
<arg>SS</arg>
<arg>ST</arg>
<arg>SV</arg>
<arg>SX</arg>
<arg>SY</arg>
<arg>SZ</arg>
<arg>TC</arg>
<arg>TD</arg>
<arg>TF</arg>
<arg>TG</arg>
<arg>TH</arg>
<arg>TJ</arg>
<arg>TK</arg>
<arg>TL</arg>
<arg>TM</arg>
<arg>TN</arg>
<arg>TO</arg>
<arg>TR</arg>
<arg>TT</arg>
<arg>TV</arg>
<arg>TW</arg>
<arg>TZ</arg>
<arg>UA</arg>
<arg>UG</arg>
<arg>UM</arg>
<arg>US</arg>
<arg>UY</arg>
<arg>UZ</arg>
<arg>VA</arg>
<arg>VC</arg>
<arg>VE</arg>
<arg>VG</arg>
<arg>VI</arg>
<arg>VN</arg>
<arg>VU</arg>
<arg>WF</arg>
<arg>WS</arg>
<arg>XK</arg>
<arg>YE</arg>
<arg>YT</arg>
<arg>ZA</arg>
<arg>ZM</arg>
<arg>ZW</arg>
<doc>Returns a list containing given items.</doc>
<status status="PASS" start="2024-07-27T11:13:31.978966" elapsed="0.000656"/>
</kw>
<kw name="List Should Contain Value" owner="Collections">
<arg>${list_country}</arg>
<arg>${name_country}</arg>
<doc>Fails if the ``value`` is not found from ``list``.</doc>
<status status="PASS" start="2024-07-27T11:13:31.980598" elapsed="0.000211"/>
</kw>
<kw name="Run Keyword If" owner="BuiltIn">
<kw name="Should Be True" owner="BuiltIn">
<arg>${True}</arg>
<doc>Fails if the given condition is not true.</doc>
<status status="PASS" start="2024-07-27T11:13:31.981757" elapsed="0.000142"/>
</kw>
<arg>${json_data["results"][0]["location"]["coordinates"]["latitude"]} &gt;= -90 and ${json_data["results"][0]["location"]["coordinates"]["latitude"]} &lt;= 90</arg>
<arg>Should Be True</arg>
<arg>${True}</arg>
<doc>Runs the given keyword with the given arguments, if ``condition`` is true.</doc>
<status status="PASS" start="2024-07-27T11:13:31.981011" elapsed="0.001016"/>
</kw>
<kw name="Run Keyword If" owner="BuiltIn">
<kw name="Should Be True" owner="BuiltIn">
<arg>${True}</arg>
<doc>Fails if the given condition is not true.</doc>
<status status="PASS" start="2024-07-27T11:13:31.982891" elapsed="0.000134"/>
</kw>
<arg>${json_data["results"][0]["location"]["coordinates"]["longitude"]} &gt;= -180 and ${json_data["results"][0]["location"]["coordinates"]["longitude"]} &lt;= 180</arg>
<arg>Should Be True</arg>
<arg>${True}</arg>
<doc>Runs the given keyword with the given arguments, if ``condition`` is true.</doc>
<status status="PASS" start="2024-07-27T11:13:31.982208" elapsed="0.000942"/>
</kw>
<status status="PASS" start="2024-07-27T11:13:31.878967" elapsed="0.104313"/>
</kw>
<doc>Testa o conteúdo específico dos campos retornados pela API.</doc>
<tag>testeConteudo</tag>
<status status="PASS" start="2024-07-27T11:13:31.878441" elapsed="0.104990"/>
</test>
<status status="PASS" start="2024-07-27T11:13:31.154262" elapsed="0.831310"/>
</suite>
<status status="PASS" start="2024-07-27T11:13:31.140194" elapsed="0.850457"/>
</suite>
<statistics>
<total>
<stat pass="5" fail="0" skip="0">All Tests</stat>
</total>
<tag>
<stat pass="1" fail="0" skip="0">testeConteudo</stat>
<stat pass="1" fail="0" skip="0">testeEstruturaResposta</stat>
<stat pass="1" fail="0" skip="0">testeRequisicaoBasica</stat>
<stat pass="1" fail="0" skip="0">testeTiposDados</stat>
</tag>
<suite>
<stat pass="5" fail="0" skip="0" id="s1" name="Tests">Tests</stat>
<stat pass="5" fail="0" skip="0" id="s1-s1" name="Random-User-Test">Tests.Random-User-Test</stat>
</suite>
</statistics>
<errors>
</errors>
</robot>
