<?xml version="1.0" encoding="UTF-8"?>
<robot generator="Robot 7.0.1 (Python 3.12.4 on linux)" generated="2024-07-13T05:14:58.805660" rpa="false" schemaversion="5">
<suite id="s1" name="Tests" source="/home/runner/work/ApiRandomUser/ApiRandomUser/RamdonUser/tests">
<suite id="s1-s1" name="Random-User-Test" source="/home/runner/work/ApiRandomUser/ApiRandomUser/RamdonUser/tests/random-user-test.robot">
<test id="s1-s1-t1" name="Conectar" line="13">
<kw name="Conectar API" owner="random-user-service">
<kw name="Create Session" owner="RequestsLibrary">
<msg time="2024-07-13T05:14:59.199131" level="INFO">Creating Session using : alias=consultarAPI, url=https://randomuser.me/, headers={},                     cookies={}, auth=None, timeout=None, proxies=None, verify=False,                     debug=0 </msg>
<arg>consultarAPI</arg>
<arg>${URL}</arg>
<doc>Create Session: create a HTTP session to a server</doc>
<status status="PASS" start="2024-07-13T05:14:59.198926" elapsed="0.000383"/>
</kw>
<status status="PASS" start="2024-07-13T05:14:59.197944" elapsed="0.001728"/>
</kw>
<status status="PASS" start="2024-07-13T05:14:59.197369" elapsed="0.002501"/>
</test>
<test id="s1-s1-t2" name="Validar retorno 200 e JSON Válido" line="16">
<kw name="Teste de Requisicao Basica" owner="random-user-service">
<kw name="GET On Session" owner="RequestsLibrary">
<msg time="2024-07-13T05:14:59.363606" level="INFO">GET Request : url=https://randomuser.me/api 
 path_url=/api 
 headers={'User-Agent': 'python-requests/2.32.3', 'Accept-Encoding': 'gzip, deflate', 'Accept': '*/*', 'Connection': 'keep-alive'} 
 body=None 
 </msg>
<msg time="2024-07-13T05:14:59.363744" level="INFO">GET Response : url=https://randomuser.me/api 
 status=200, reason=OK 
 headers={'Date': 'Sat, 13 Jul 2024 05:14:59 GMT', 'Content-Type': 'application/json; charset=utf-8', 'Transfer-Encoding': 'chunked', 'Connection': 'keep-alive', 'X-Powered-By': 'Express', 'Access-Control-Allow-Origin': '*', 'Cache-Control': 'no-cache', 'ETag': 'W/"48e-qkzepQahb5TCEOip5NtrgsHEYW8"', 'Vary': 'Accept-Encoding', 'Content-Encoding': 'gzip', 'CF-Cache-Status': 'DYNAMIC', 'Report-To': '{"endpoints":[{"url":"https:\\/\\/a.nel.cloudflare.com\\/report\\/v4?s=tQ2EvvvkL%2BvBwEROwbj%2BIucpa8Ei73dP1rTeSU5J%2BPjH7dxfMJLUqSjYSBv5XPIMojbVHR%2B6s1mkTeXZjNfOZw1iFpClEhTvoai2A%2F1EuQQe%2FGo%2BS7x97EAiipagPyxP"}],"group":"cf-nel","max_age":604800}', 'NEL': '{"success_fraction":0,"report_to":"cf-nel","max_age":604800}', 'Server': 'cloudflare', 'CF-RAY': '8a26cae85c6f2b50-LAX', 'alt-svc': 'h3=":443"; ma=86400'} 
 body={"results":[{"gender":"female","name":{"title":"Miss","first":"Hannah","last":"Jensen"},"location":{"street":{"number":3600,"name":"Bruce St"},"city":"Mackay","state":"Tasmania","country":"Australia","postcode":5431,"coordinates":{"latitude":"-88.0043","longitude":"37.3418"},"timezone":{"offset":"+9:00","description":"Tokyo, Seoul, Osaka, Sapporo, Yakutsk"}},"email":"hannah.jensen@example.com","login":{"uuid":"675e518b-ecd6-4019-8143-d3e541f104f4","username":"blueswan298","password":"dogboy","salt":"YZxdfMpe","md5":"641ff8892ec7d62ee31f6772c3cf8778","sha1":"ba227e807c445af256fdcf8d5ffb82eb46a020f5","sha256":"66c882b244867b5d06fd6b4e3e7c4496e547501c64057a05d1f19d5a391a0cc5"},"dob":{"date":"1996-11-29T08:47:00.716Z","age":27},"registered":{"date":"2008-09-21T01:40:58.324Z","age":15},"phone":"00-9002-9273","cell":"0453-428-943","id":{"name":"TFN","value":"986060982"},"picture":{"large":"https://randomuser.me/api/portraits/women/24.jpg","medium":"https://randomuser.me/api/portraits/med/women/24.jpg","thumbnail":"https://randomuser.me/api/portraits/thumb/women/24.jpg"},"nat":"AU"}],"info":{"seed":"f3648856a7d2d738","results":1,"page":1,"version":"1.4"}} 
 </msg>
<msg time="2024-07-13T05:14:59.363830" level="INFO">/opt/hostedtoolcache/Python/3.12.4/x64/lib/python3.12/site-packages/urllib3/connectionpool.py:1099: InsecureRequestWarning: Unverified HTTPS request is being made to host 'randomuser.me'. Adding certificate verification is strongly advised. See: https://urllib3.readthedocs.io/en/latest/advanced-usage.html#tls-warnings
  warnings.warn(</msg>
<msg time="2024-07-13T05:14:59.363966" level="INFO">${response} = &lt;Response [200]&gt;</msg>
<var>${response}</var>
<arg>consultarAPI</arg>
<arg>/api</arg>
<doc>Sends a GET request on a previously created HTTP Session.</doc>
<status status="PASS" start="2024-07-13T05:14:59.202576" elapsed="0.161433"/>
</kw>
<kw name="Should Be Equal As Numbers" owner="BuiltIn">
<msg time="2024-07-13T05:14:59.364987" level="INFO">Argument types are:
&lt;class 'int'&gt;
&lt;class 'str'&gt;</msg>
<arg>${response.status_code}</arg>
<arg>200</arg>
<doc>Fails if objects are unequal after converting them to real numbers.</doc>
<status status="PASS" start="2024-07-13T05:14:59.364519" elapsed="0.000536"/>
</kw>
<kw name="Log" owner="BuiltIn">
<msg time="2024-07-13T05:14:59.365784" level="INFO">200</msg>
<arg>${response.status_code}</arg>
<doc>Logs the given message with the given level.</doc>
<status status="PASS" start="2024-07-13T05:14:59.365424" elapsed="0.000406"/>
</kw>
<kw name="Set Variable" owner="BuiltIn">
<msg time="2024-07-13T05:14:59.366584" level="INFO">${json_data} = {'results': [{'gender': 'female', 'name': {'title': 'Miss', 'first': 'Hannah', 'last': 'Jensen'}, 'location': {'street': {'number': 3600, 'name': 'Bruce St'}, 'city': 'Mackay', 'state': 'Tasmania', 'c...</msg>
<var>${json_data}</var>
<arg>${response.json()}</arg>
<doc>Returns the given values which can then be assigned to a variables.</doc>
<status status="PASS" start="2024-07-13T05:14:59.366139" elapsed="0.000474"/>
</kw>
<kw name="Dictionary Should Contain Key" owner="Collections">
<arg>${json_data}</arg>
<arg>results</arg>
<doc>Fails if ``key`` is not found from ``dictionary``.</doc>
<status status="PASS" start="2024-07-13T05:14:59.366914" elapsed="0.000174"/>
</kw>
<status status="PASS" start="2024-07-13T05:14:59.202323" elapsed="0.164919"/>
</kw>
<doc>Testa se a API responde corretamente e retorna um objeto JSON válido.</doc>
<tag>testeRequisicaoBasica</tag>
<status status="PASS" start="2024-07-13T05:14:59.201842" elapsed="0.165599"/>
</test>
<test id="s1-s1-t3" name="Validar estrutura de resposta" line="22">
<kw name="Teste de Estrutura de Resposta" owner="random-user-service">
<kw name="GET On Session" owner="RequestsLibrary">
<msg time="2024-07-13T05:14:59.468556" level="INFO">GET Request : url=https://randomuser.me/api 
 path_url=/api 
 headers={'User-Agent': 'python-requests/2.32.3', 'Accept-Encoding': 'gzip, deflate', 'Accept': '*/*', 'Connection': 'keep-alive'} 
 body=None 
 </msg>
<msg time="2024-07-13T05:14:59.468628" level="INFO">GET Response : url=https://randomuser.me/api 
 status=200, reason=OK 
 headers={'Date': 'Sat, 13 Jul 2024 05:14:59 GMT', 'Content-Type': 'application/json; charset=utf-8', 'Transfer-Encoding': 'chunked', 'Connection': 'keep-alive', 'X-Powered-By': 'Express', 'Access-Control-Allow-Origin': '*', 'Cache-Control': 'no-cache', 'ETag': 'W/"48c-GSRp0Fvv86jF7f26aqFhoFm2AdQ"', 'Vary': 'Accept-Encoding', 'Content-Encoding': 'gzip', 'CF-Cache-Status': 'DYNAMIC', 'Report-To': '{"endpoints":[{"url":"https:\\/\\/a.nel.cloudflare.com\\/report\\/v4?s=p0WPwXhSV9qdAdpyf5%2BgMVfXf1JWlWxz54Ev%2BC9hz6DCko519HO5A3qyMF3NxGlR7kPqkG3nQ7FuTpoWQSmNnddv8T9sfksI5lhb7cuxMtzVfDuIxhgJ4sAtWmvhmJFZ"}],"group":"cf-nel","max_age":604800}', 'NEL': '{"success_fraction":0,"report_to":"cf-nel","max_age":604800}', 'Server': 'cloudflare', 'CF-RAY': '8a26cae91d412b50-LAX', 'alt-svc': 'h3=":443"; ma=86400'} 
 body={"results":[{"gender":"male","name":{"title":"Mr","first":"Armando","last":"Pena"},"location":{"street":{"number":7522,"name":"Smokey Ln"},"city":"Ballarat","state":"South Australia","country":"Australia","postcode":9081,"coordinates":{"latitude":"-88.2000","longitude":"-76.7462"},"timezone":{"offset":"+8:00","description":"Beijing, Perth, Singapore, Hong Kong"}},"email":"armando.pena@example.com","login":{"uuid":"0bdcc19f-cf3a-402a-a48f-4e45e2708fda","username":"orangewolf345","password":"done","salt":"Y8pQbkPh","md5":"66060bd88a618ffbd48b045b604b6a16","sha1":"17fadc3ae63c97bac4d447b3e8cebc0c7c23b562","sha256":"0845ee0424836f662b66e2ea491978b3f6aa0e80888b5e73c8e557041756d724"},"dob":{"date":"1994-11-01T06:34:46.548Z","age":29},"registered":{"date":"2007-11-15T01:19:30.646Z","age":16},"phone":"09-1405-9860","cell":"0472-261-446","id":{"name":"TFN","value":"734828199"},"picture":{"large":"https://randomuser.me/api/portraits/men/32.jpg","medium":"https://randomuser.me/api/portraits/med/men/32.jpg","thumbnail":"https://randomuser.me/api/portraits/thumb/men/32.jpg"},"nat":"AU"}],"info":{"seed":"8c39ed612693db26","results":1,"page":1,"version":"1.4"}} 
 </msg>
<msg time="2024-07-13T05:14:59.468733" level="INFO">/opt/hostedtoolcache/Python/3.12.4/x64/lib/python3.12/site-packages/urllib3/connectionpool.py:1099: InsecureRequestWarning: Unverified HTTPS request is being made to host 'randomuser.me'. Adding certificate verification is strongly advised. See: https://urllib3.readthedocs.io/en/latest/advanced-usage.html#tls-warnings
  warnings.warn(</msg>
<msg time="2024-07-13T05:14:59.468832" level="INFO">${response} = &lt;Response [200]&gt;</msg>
<var>${response}</var>
<arg>consultarAPI</arg>
<arg>/api</arg>
<doc>Sends a GET request on a previously created HTTP Session.</doc>
<status status="PASS" start="2024-07-13T05:14:59.371829" elapsed="0.097033"/>
</kw>
<kw name="Set Variable" owner="BuiltIn">
<msg time="2024-07-13T05:14:59.469904" level="INFO">${json_data} = {'results': [{'gender': 'male', 'name': {'title': 'Mr', 'first': 'Armando', 'last': 'Pena'}, 'location': {'street': {'number': 7522, 'name': 'Smokey Ln'}, 'city': 'Ballarat', 'state': 'South Australia...</msg>
<var>${json_data}</var>
<arg>${response.json()}</arg>
<doc>Returns the given values which can then be assigned to a variables.</doc>
<status status="PASS" start="2024-07-13T05:14:59.469343" elapsed="0.000591"/>
</kw>
<kw name="Log" owner="BuiltIn">
<msg time="2024-07-13T05:14:59.470414" level="INFO">{'results': [{'gender': 'male', 'name': {'title': 'Mr', 'first': 'Armando', 'last': 'Pena'}, 'location': {'street': {'number': 7522, 'name': 'Smokey Ln'}, 'city': 'Ballarat', 'state': 'South Australia', 'country': 'Australia', 'postcode': 9081, 'coordinates': {'latitude': '-88.2000', 'longitude': '-76.7462'}, 'timezone': {'offset': '+8:00', 'description': 'Beijing, Perth, Singapore, Hong Kong'}}, 'email': 'armando.pena@example.com', 'login': {'uuid': '0bdcc19f-cf3a-402a-a48f-4e45e2708fda', 'username': 'orangewolf345', 'password': 'done', 'salt': 'Y8pQbkPh', 'md5': '66060bd88a618ffbd48b045b604b6a16', 'sha1': '17fadc3ae63c97bac4d447b3e8cebc0c7c23b562', 'sha256': '0845ee0424836f662b66e2ea491978b3f6aa0e80888b5e73c8e557041756d724'}, 'dob': {'date': '1994-11-01T06:34:46.548Z', 'age': 29}, 'registered': {'date': '2007-11-15T01:19:30.646Z', 'age': 16}, 'phone': '09-1405-9860', 'cell': '0472-261-446', 'id': {'name': 'TFN', 'value': '734828199'}, 'picture': {'large': 'https://randomuser.me/api/portraits/men/32.jpg', 'medium': 'https://randomuser.me/api/portraits/med/men/32.jpg', 'thumbnail': 'https://randomuser.me/api/portraits/thumb/men/32.jpg'}, 'nat': 'AU'}], 'info': {'seed': '8c39ed612693db26', 'results': 1, 'page': 1, 'version': '1.4'}}</msg>
<arg>${json_data}</arg>
<doc>Logs the given message with the given level.</doc>
<status status="PASS" start="2024-07-13T05:14:59.470254" elapsed="0.000209"/>
</kw>
<kw name="Dictionary Should Contain Key" owner="Collections">
<arg>${json_data}</arg>
<arg>results</arg>
<doc>Fails if ``key`` is not found from ``dictionary``.</doc>
<status status="PASS" start="2024-07-13T05:14:59.470770" elapsed="0.000166"/>
</kw>
<kw name="Should Not Be Empty" owner="BuiltIn">
<msg time="2024-07-13T05:14:59.471256" level="INFO">Length is 2.</msg>
<arg>${json_data}</arg>
<doc>Verifies that the given item is not empty.</doc>
<status status="PASS" start="2024-07-13T05:14:59.471125" elapsed="0.000172"/>
</kw>
<kw name="Create List" owner="BuiltIn">
<msg time="2024-07-13T05:14:59.471883" level="INFO">${expected_keys} = ['gender', 'name', 'location', 'email', 'login']</msg>
<var>${expected_keys}</var>
<arg>gender</arg>
<arg>name</arg>
<arg>location</arg>
<arg>email</arg>
<arg>login</arg>
<doc>Returns a list containing given items.</doc>
<status status="PASS" start="2024-07-13T05:14:59.471591" elapsed="0.000318"/>
</kw>
<for flavor="IN">
<iter>
<kw name="Dictionary Should Contain Key" owner="Collections">
<arg>${json_data['results'][0]}</arg>
<arg>${key}</arg>
<doc>Fails if ``key`` is not found from ``dictionary``.</doc>
<status status="PASS" start="2024-07-13T05:14:59.472496" elapsed="0.000421"/>
</kw>
<kw name="Log" owner="BuiltIn">
<msg time="2024-07-13T05:14:59.473499" level="INFO">{'gender': 'male', 'name': {'title': 'Mr', 'first': 'Armando', 'last': 'Pena'}, 'location': {'street': {'number': 7522, 'name': 'Smokey Ln'}, 'city': 'Ballarat', 'state': 'South Australia', 'country': 'Australia', 'postcode': 9081, 'coordinates': {'latitude': '-88.2000', 'longitude': '-76.7462'}, 'timezone': {'offset': '+8:00', 'description': 'Beijing, Perth, Singapore, Hong Kong'}}, 'email': 'armando.pena@example.com', 'login': {'uuid': '0bdcc19f-cf3a-402a-a48f-4e45e2708fda', 'username': 'orangewolf345', 'password': 'done', 'salt': 'Y8pQbkPh', 'md5': '66060bd88a618ffbd48b045b604b6a16', 'sha1': '17fadc3ae63c97bac4d447b3e8cebc0c7c23b562', 'sha256': '0845ee0424836f662b66e2ea491978b3f6aa0e80888b5e73c8e557041756d724'}, 'dob': {'date': '1994-11-01T06:34:46.548Z', 'age': 29}, 'registered': {'date': '2007-11-15T01:19:30.646Z', 'age': 16}, 'phone': '09-1405-9860', 'cell': '0472-261-446', 'id': {'name': 'TFN', 'value': '734828199'}, 'picture': {'large': 'https://randomuser.me/api/portraits/men/32.jpg', 'medium': 'https://randomuser.me/api/portraits/med/men/32.jpg', 'thumbnail': 'https://randomuser.me/api/portraits/thumb/men/32.jpg'}, 'nat': 'AU'}</msg>
<arg>${json_data['results'][0]}</arg>
<doc>Logs the given message with the given level.</doc>
<status status="PASS" start="2024-07-13T05:14:59.473108" elapsed="0.000443"/>
</kw>
<kw name="Log" owner="BuiltIn">
<msg time="2024-07-13T05:14:59.473986" level="INFO">gender</msg>
<arg>${key}</arg>
<doc>Logs the given message with the given level.</doc>
<status status="PASS" start="2024-07-13T05:14:59.473855" elapsed="0.000171"/>
</kw>
<var name="${key}">gender</var>
<status status="PASS" start="2024-07-13T05:14:59.472371" elapsed="0.001885"/>
</iter>
<iter>
<kw name="Dictionary Should Contain Key" owner="Collections">
<arg>${json_data['results'][0]}</arg>
<arg>${key}</arg>
<doc>Fails if ``key`` is not found from ``dictionary``.</doc>
<status status="PASS" start="2024-07-13T05:14:59.474579" elapsed="0.000397"/>
</kw>
<kw name="Log" owner="BuiltIn">
<msg time="2024-07-13T05:14:59.475523" level="INFO">{'gender': 'male', 'name': {'title': 'Mr', 'first': 'Armando', 'last': 'Pena'}, 'location': {'street': {'number': 7522, 'name': 'Smokey Ln'}, 'city': 'Ballarat', 'state': 'South Australia', 'country': 'Australia', 'postcode': 9081, 'coordinates': {'latitude': '-88.2000', 'longitude': '-76.7462'}, 'timezone': {'offset': '+8:00', 'description': 'Beijing, Perth, Singapore, Hong Kong'}}, 'email': 'armando.pena@example.com', 'login': {'uuid': '0bdcc19f-cf3a-402a-a48f-4e45e2708fda', 'username': 'orangewolf345', 'password': 'done', 'salt': 'Y8pQbkPh', 'md5': '66060bd88a618ffbd48b045b604b6a16', 'sha1': '17fadc3ae63c97bac4d447b3e8cebc0c7c23b562', 'sha256': '0845ee0424836f662b66e2ea491978b3f6aa0e80888b5e73c8e557041756d724'}, 'dob': {'date': '1994-11-01T06:34:46.548Z', 'age': 29}, 'registered': {'date': '2007-11-15T01:19:30.646Z', 'age': 16}, 'phone': '09-1405-9860', 'cell': '0472-261-446', 'id': {'name': 'TFN', 'value': '734828199'}, 'picture': {'large': 'https://randomuser.me/api/portraits/men/32.jpg', 'medium': 'https://randomuser.me/api/portraits/med/men/32.jpg', 'thumbnail': 'https://randomuser.me/api/portraits/thumb/men/32.jpg'}, 'nat': 'AU'}</msg>
<arg>${json_data['results'][0]}</arg>
<doc>Logs the given message with the given level.</doc>
<status status="PASS" start="2024-07-13T05:14:59.475162" elapsed="0.000442"/>
</kw>
<kw name="Log" owner="BuiltIn">
<msg time="2024-07-13T05:14:59.476039" level="INFO">name</msg>
<arg>${key}</arg>
<doc>Logs the given message with the given level.</doc>
<status status="PASS" start="2024-07-13T05:14:59.475907" elapsed="0.000169"/>
</kw>
<var name="${key}">name</var>
<status status="PASS" start="2024-07-13T05:14:59.474464" elapsed="0.001831"/>
</iter>
<iter>
<kw name="Dictionary Should Contain Key" owner="Collections">
<arg>${json_data['results'][0]}</arg>
<arg>${key}</arg>
<doc>Fails if ``key`` is not found from ``dictionary``.</doc>
<status status="PASS" start="2024-07-13T05:14:59.476585" elapsed="0.000385"/>
</kw>
<kw name="Log" owner="BuiltIn">
<msg time="2024-07-13T05:14:59.477567" level="INFO">{'gender': 'male', 'name': {'title': 'Mr', 'first': 'Armando', 'last': 'Pena'}, 'location': {'street': {'number': 7522, 'name': 'Smokey Ln'}, 'city': 'Ballarat', 'state': 'South Australia', 'country': 'Australia', 'postcode': 9081, 'coordinates': {'latitude': '-88.2000', 'longitude': '-76.7462'}, 'timezone': {'offset': '+8:00', 'description': 'Beijing, Perth, Singapore, Hong Kong'}}, 'email': 'armando.pena@example.com', 'login': {'uuid': '0bdcc19f-cf3a-402a-a48f-4e45e2708fda', 'username': 'orangewolf345', 'password': 'done', 'salt': 'Y8pQbkPh', 'md5': '66060bd88a618ffbd48b045b604b6a16', 'sha1': '17fadc3ae63c97bac4d447b3e8cebc0c7c23b562', 'sha256': '0845ee0424836f662b66e2ea491978b3f6aa0e80888b5e73c8e557041756d724'}, 'dob': {'date': '1994-11-01T06:34:46.548Z', 'age': 29}, 'registered': {'date': '2007-11-15T01:19:30.646Z', 'age': 16}, 'phone': '09-1405-9860', 'cell': '0472-261-446', 'id': {'name': 'TFN', 'value': '734828199'}, 'picture': {'large': 'https://randomuser.me/api/portraits/men/32.jpg', 'medium': 'https://randomuser.me/api/portraits/med/men/32.jpg', 'thumbnail': 'https://randomuser.me/api/portraits/thumb/men/32.jpg'}, 'nat': 'AU'}</msg>
<arg>${json_data['results'][0]}</arg>
<doc>Logs the given message with the given level.</doc>
<status status="PASS" start="2024-07-13T05:14:59.477179" elapsed="0.000438"/>
</kw>
<kw name="Log" owner="BuiltIn">
<msg time="2024-07-13T05:14:59.478054" level="INFO">location</msg>
<arg>${key}</arg>
<doc>Logs the given message with the given level.</doc>
<status status="PASS" start="2024-07-13T05:14:59.477923" elapsed="0.000169"/>
</kw>
<var name="${key}">location</var>
<status status="PASS" start="2024-07-13T05:14:59.476476" elapsed="0.001835"/>
</iter>
<iter>
<kw name="Dictionary Should Contain Key" owner="Collections">
<arg>${json_data['results'][0]}</arg>
<arg>${key}</arg>
<doc>Fails if ``key`` is not found from ``dictionary``.</doc>
<status status="PASS" start="2024-07-13T05:14:59.478592" elapsed="0.000445"/>
</kw>
<kw name="Log" owner="BuiltIn">
<msg time="2024-07-13T05:14:59.479851" level="INFO">{'gender': 'male', 'name': {'title': 'Mr', 'first': 'Armando', 'last': 'Pena'}, 'location': {'street': {'number': 7522, 'name': 'Smokey Ln'}, 'city': 'Ballarat', 'state': 'South Australia', 'country': 'Australia', 'postcode': 9081, 'coordinates': {'latitude': '-88.2000', 'longitude': '-76.7462'}, 'timezone': {'offset': '+8:00', 'description': 'Beijing, Perth, Singapore, Hong Kong'}}, 'email': 'armando.pena@example.com', 'login': {'uuid': '0bdcc19f-cf3a-402a-a48f-4e45e2708fda', 'username': 'orangewolf345', 'password': 'done', 'salt': 'Y8pQbkPh', 'md5': '66060bd88a618ffbd48b045b604b6a16', 'sha1': '17fadc3ae63c97bac4d447b3e8cebc0c7c23b562', 'sha256': '0845ee0424836f662b66e2ea491978b3f6aa0e80888b5e73c8e557041756d724'}, 'dob': {'date': '1994-11-01T06:34:46.548Z', 'age': 29}, 'registered': {'date': '2007-11-15T01:19:30.646Z', 'age': 16}, 'phone': '09-1405-9860', 'cell': '0472-261-446', 'id': {'name': 'TFN', 'value': '734828199'}, 'picture': {'large': 'https://randomuser.me/api/portraits/men/32.jpg', 'medium': 'https://randomuser.me/api/portraits/med/men/32.jpg', 'thumbnail': 'https://randomuser.me/api/portraits/thumb/men/32.jpg'}, 'nat': 'AU'}</msg>
<arg>${json_data['results'][0]}</arg>
<doc>Logs the given message with the given level.</doc>
<status status="PASS" start="2024-07-13T05:14:59.479340" elapsed="0.000562"/>
</kw>
<kw name="Log" owner="BuiltIn">
<msg time="2024-07-13T05:14:59.480347" level="INFO">email</msg>
<arg>${key}</arg>
<doc>Logs the given message with the given level.</doc>
<status status="PASS" start="2024-07-13T05:14:59.480211" elapsed="0.000176"/>
</kw>
<var name="${key}">email</var>
<status status="PASS" start="2024-07-13T05:14:59.478483" elapsed="0.002123"/>
</iter>
<iter>
<kw name="Dictionary Should Contain Key" owner="Collections">
<arg>${json_data['results'][0]}</arg>
<arg>${key}</arg>
<doc>Fails if ``key`` is not found from ``dictionary``.</doc>
<status status="PASS" start="2024-07-13T05:14:59.480898" elapsed="0.000430"/>
</kw>
<kw name="Log" owner="BuiltIn">
<msg time="2024-07-13T05:14:59.481872" level="INFO">{'gender': 'male', 'name': {'title': 'Mr', 'first': 'Armando', 'last': 'Pena'}, 'location': {'street': {'number': 7522, 'name': 'Smokey Ln'}, 'city': 'Ballarat', 'state': 'South Australia', 'country': 'Australia', 'postcode': 9081, 'coordinates': {'latitude': '-88.2000', 'longitude': '-76.7462'}, 'timezone': {'offset': '+8:00', 'description': 'Beijing, Perth, Singapore, Hong Kong'}}, 'email': 'armando.pena@example.com', 'login': {'uuid': '0bdcc19f-cf3a-402a-a48f-4e45e2708fda', 'username': 'orangewolf345', 'password': 'done', 'salt': 'Y8pQbkPh', 'md5': '66060bd88a618ffbd48b045b604b6a16', 'sha1': '17fadc3ae63c97bac4d447b3e8cebc0c7c23b562', 'sha256': '0845ee0424836f662b66e2ea491978b3f6aa0e80888b5e73c8e557041756d724'}, 'dob': {'date': '1994-11-01T06:34:46.548Z', 'age': 29}, 'registered': {'date': '2007-11-15T01:19:30.646Z', 'age': 16}, 'phone': '09-1405-9860', 'cell': '0472-261-446', 'id': {'name': 'TFN', 'value': '734828199'}, 'picture': {'large': 'https://randomuser.me/api/portraits/men/32.jpg', 'medium': 'https://randomuser.me/api/portraits/med/men/32.jpg', 'thumbnail': 'https://randomuser.me/api/portraits/thumb/men/32.jpg'}, 'nat': 'AU'}</msg>
<arg>${json_data['results'][0]}</arg>
<doc>Logs the given message with the given level.</doc>
<status status="PASS" start="2024-07-13T05:14:59.481518" elapsed="0.000403"/>
</kw>
<kw name="Log" owner="BuiltIn">
<msg time="2024-07-13T05:14:59.482351" level="INFO">login</msg>
<arg>${key}</arg>
<doc>Logs the given message with the given level.</doc>
<status status="PASS" start="2024-07-13T05:14:59.482222" elapsed="0.000167"/>
</kw>
<var name="${key}">login</var>
<status status="PASS" start="2024-07-13T05:14:59.480782" elapsed="0.001830"/>
</iter>
<var>${key}</var>
<value>@{expected_keys}</value>
<status status="PASS" start="2024-07-13T05:14:59.472178" elapsed="0.010559"/>
</for>
<kw name="Create List" owner="BuiltIn">
<msg time="2024-07-13T05:14:59.483075" level="INFO">${expected_keysTwo} = ['username', 'password']</msg>
<var>${expected_keysTwo}</var>
<arg>username</arg>
<arg>password</arg>
<doc>Returns a list containing given items.</doc>
<status status="PASS" start="2024-07-13T05:14:59.482932" elapsed="0.000196"/>
</kw>
<for flavor="IN">
<iter>
<kw name="Dictionary Should Contain Key" owner="Collections">
<arg>${json_data['results'][0]['login']}</arg>
<arg>${keyTwo}</arg>
<doc>Fails if ``key`` is not found from ``dictionary``.</doc>
<status status="PASS" start="2024-07-13T05:14:59.483644" elapsed="0.000403"/>
</kw>
<kw name="Dictionary Should Contain Key" owner="Collections">
<arg>${json_data['results'][0]['login']}</arg>
<arg>${keyTwo}</arg>
<doc>Fails if ``key`` is not found from ``dictionary``.</doc>
<status status="PASS" start="2024-07-13T05:14:59.484231" elapsed="0.000375"/>
</kw>
<kw name="Log" owner="BuiltIn">
<msg time="2024-07-13T05:14:59.484917" level="INFO">username</msg>
<arg>${keyTwo}</arg>
<doc>Logs the given message with the given level.</doc>
<status status="PASS" start="2024-07-13T05:14:59.484794" elapsed="0.000161"/>
</kw>
<var name="${keyTwo}">username</var>
<status status="PASS" start="2024-07-13T05:14:59.483534" elapsed="0.001669"/>
</iter>
<iter>
<kw name="Dictionary Should Contain Key" owner="Collections">
<arg>${json_data['results'][0]['login']}</arg>
<arg>${keyTwo}</arg>
<doc>Fails if ``key`` is not found from ``dictionary``.</doc>
<status status="PASS" start="2024-07-13T05:14:59.485500" elapsed="0.000391"/>
</kw>
<kw name="Dictionary Should Contain Key" owner="Collections">
<arg>${json_data['results'][0]['login']}</arg>
<arg>${keyTwo}</arg>
<doc>Fails if ``key`` is not found from ``dictionary``.</doc>
<status status="PASS" start="2024-07-13T05:14:59.486072" elapsed="0.000373"/>
</kw>
<kw name="Log" owner="BuiltIn">
<msg time="2024-07-13T05:14:59.486740" level="INFO">password</msg>
<arg>${keyTwo}</arg>
<doc>Logs the given message with the given level.</doc>
<status status="PASS" start="2024-07-13T05:14:59.486622" elapsed="0.000161"/>
</kw>
<var name="${keyTwo}">password</var>
<status status="PASS" start="2024-07-13T05:14:59.485392" elapsed="0.001703"/>
</iter>
<var>${keyTwo}</var>
<value>@{expected_keysTwo}</value>
<status status="PASS" start="2024-07-13T05:14:59.483377" elapsed="0.003841"/>
</for>
<status status="PASS" start="2024-07-13T05:14:59.371477" elapsed="0.115883"/>
</kw>
<doc>Testa a estrutura da resposta da API.</doc>
<tag>testeEstruturaResposta</tag>
<status status="PASS" start="2024-07-13T05:14:59.370666" elapsed="0.116846"/>
</test>
<test id="s1-s1-t4" name="Validar tipos de dados" line="28">
<kw name="Teste de Tipos de Dados" owner="random-user-service">
<kw name="GET On Session" owner="RequestsLibrary">
<msg time="2024-07-13T05:14:59.588718" level="INFO">GET Request : url=https://randomuser.me/api 
 path_url=/api 
 headers={'User-Agent': 'python-requests/2.32.3', 'Accept-Encoding': 'gzip, deflate', 'Accept': '*/*', 'Connection': 'keep-alive'} 
 body=None 
 </msg>
<msg time="2024-07-13T05:14:59.588811" level="INFO">GET Response : url=https://randomuser.me/api 
 status=200, reason=OK 
 headers={'Date': 'Sat, 13 Jul 2024 05:14:59 GMT', 'Content-Type': 'application/json; charset=utf-8', 'Transfer-Encoding': 'chunked', 'Connection': 'keep-alive', 'X-Powered-By': 'Express', 'Access-Control-Allow-Origin': '*', 'Cache-Control': 'no-cache', 'ETag': 'W/"4a5-Qpf6VbZWxZXI5lm+uI7FNCEXUzI"', 'Vary': 'Accept-Encoding', 'Content-Encoding': 'gzip', 'CF-Cache-Status': 'DYNAMIC', 'Report-To': '{"endpoints":[{"url":"https:\\/\\/a.nel.cloudflare.com\\/report\\/v4?s=aLtFsh5JO0A5brlvbN2AYZdGVlEssdzmFTimeymWeSrM8BTxsR8%2FC3st5gTPGGFAEcDER99MpFr%2BHbAe%2BQLBeVA2kk56CW3Le9oqMWREiSyhaNFhRUldvRq0ndLhJAm6"}],"group":"cf-nel","max_age":604800}', 'NEL': '{"success_fraction":0,"report_to":"cf-nel","max_age":604800}', 'Server': 'cloudflare', 'CF-RAY': '8a26cae9de652b50-LAX', 'alt-svc': 'h3=":443"; ma=86400'} 
 body={"results":[{"gender":"male","name":{"title":"Mr","first":"Frithjof","last":"Köcher"},"location":{"street":{"number":2561,"name":"Mittelstraße"},"city":"Pirna","state":"Schleswig-Holstein","country":"Germany","postcode":51209,"coordinates":{"latitude":"-47.5266","longitude":"-63.8229"},"timezone":{"offset":"+5:00","description":"Ekaterinburg, Islamabad, Karachi, Tashkent"}},"email":"frithjof.kocher@example.com","login":{"uuid":"47b4aae7-85f6-4d59-8fee-c98aac61d5df","username":"whitetiger777","password":"ziggy1","salt":"Fv7A3tKH","md5":"c97e9a2bbc4e1ccb309bd8bab47e8735","sha1":"0020feabaf639a1450e7671edd35036aa4eda715","sha256":"c3a3e33d59cef05a966b4de172add152d885d4c1e0441f780df7199055784f2e"},"dob":{"date":"1977-05-25T08:26:51.695Z","age":47},"registered":{"date":"2012-09-03T01:49:47.650Z","age":11},"phone":"0674-1838932","cell":"0177-4996029","id":{"name":"SVNR","value":"66 250577 K 079"},"picture":{"large":"https://randomuser.me/api/portraits/men/67.jpg","medium":"https://randomuser.me/api/portraits/med/men/67.jpg","thumbnail":"https://randomuser.me/api/portraits/thumb/men/67.jpg"},"nat":"DE"}],"info":{"seed":"e8c59395863fd84c","results":1,"page":1,"version":"1.4"}} 
 </msg>
<msg time="2024-07-13T05:14:59.588907" level="INFO">/opt/hostedtoolcache/Python/3.12.4/x64/lib/python3.12/site-packages/urllib3/connectionpool.py:1099: InsecureRequestWarning: Unverified HTTPS request is being made to host 'randomuser.me'. Adding certificate verification is strongly advised. See: https://urllib3.readthedocs.io/en/latest/advanced-usage.html#tls-warnings
  warnings.warn(</msg>
<msg time="2024-07-13T05:14:59.589002" level="INFO">${response} = &lt;Response [200]&gt;</msg>
<var>${response}</var>
<arg>consultarAPI</arg>
<arg>/api</arg>
<doc>Sends a GET request on a previously created HTTP Session.</doc>
<status status="PASS" start="2024-07-13T05:14:59.490096" elapsed="0.098949"/>
</kw>
<kw name="Set Variable" owner="BuiltIn">
<msg time="2024-07-13T05:14:59.590129" level="INFO">${json_data} = {'results': [{'gender': 'male', 'name': {'title': 'Mr', 'first': 'Frithjof', 'last': 'Köcher'}, 'location': {'street': {'number': 2561, 'name': 'Mittelstraße'}, 'city': 'Pirna', 'state': 'Schleswig-Ho...</msg>
<var>${json_data}</var>
<arg>${response.json()}</arg>
<doc>Returns the given values which can then be assigned to a variables.</doc>
<status status="PASS" start="2024-07-13T05:14:59.589577" elapsed="0.000582"/>
</kw>
<kw name="Log" owner="BuiltIn">
<msg time="2024-07-13T05:14:59.590630" level="INFO">{'results': [{'gender': 'male', 'name': {'title': 'Mr', 'first': 'Frithjof', 'last': 'Köcher'}, 'location': {'street': {'number': 2561, 'name': 'Mittelstraße'}, 'city': 'Pirna', 'state': 'Schleswig-Holstein', 'country': 'Germany', 'postcode': 51209, 'coordinates': {'latitude': '-47.5266', 'longitude': '-63.8229'}, 'timezone': {'offset': '+5:00', 'description': 'Ekaterinburg, Islamabad, Karachi, Tashkent'}}, 'email': 'frithjof.kocher@example.com', 'login': {'uuid': '47b4aae7-85f6-4d59-8fee-c98aac61d5df', 'username': 'whitetiger777', 'password': 'ziggy1', 'salt': 'Fv7A3tKH', 'md5': 'c97e9a2bbc4e1ccb309bd8bab47e8735', 'sha1': '0020feabaf639a1450e7671edd35036aa4eda715', 'sha256': 'c3a3e33d59cef05a966b4de172add152d885d4c1e0441f780df7199055784f2e'}, 'dob': {'date': '1977-05-25T08:26:51.695Z', 'age': 47}, 'registered': {'date': '2012-09-03T01:49:47.650Z', 'age': 11}, 'phone': '0674-1838932', 'cell': '0177-4996029', 'id': {'name': 'SVNR', 'value': '66 250577 K 079'}, 'picture': {'large': 'https://randomuser.me/api/portraits/men/67.jpg', 'medium': 'https://randomuser.me/api/portraits/med/men/67.jpg', 'thumbnail': 'https://randomuser.me/api/portraits/thumb/men/67.jpg'}, 'nat': 'DE'}], 'info': {'seed': 'e8c59395863fd84c', 'results': 1, 'page': 1, 'version': '1.4'}}</msg>
<arg>${json_data}</arg>
<doc>Logs the given message with the given level.</doc>
<status status="PASS" start="2024-07-13T05:14:59.590474" elapsed="0.000205"/>
</kw>
<kw name="Should Be String" owner="String">
<arg>${json_data['results'][0]['gender']}</arg>
<doc>Fails if the given ``item`` is not a string.</doc>
<status status="PASS" start="2024-07-13T05:14:59.590977" elapsed="0.000358"/>
</kw>
<kw name="Should Match Regexp" owner="BuiltIn">
<arg>${json_data['results'][0]['email']}</arg>
<arg>^[a-zA-Z0-9._%+-]+@[a-zA-Z0-9.-]+\.[a-zA-Z]{2,}$</arg>
<doc>Fails if ``string`` does not match ``pattern`` as a regular expression.</doc>
<status status="PASS" start="2024-07-13T05:14:59.591525" elapsed="0.000516"/>
</kw>
<kw name="Should Match Regexp" owner="BuiltIn">
<arg>${json_data['results'][0]['dob']['date']}</arg>
<arg>\\d{4}-\\d{2}-\\d{2}T\\d{2}:\\d{2}:\\d{2}\\.\\d{3}Z</arg>
<doc>Fails if ``string`` does not match ``pattern`` as a regular expression.</doc>
<status status="PASS" start="2024-07-13T05:14:59.592268" elapsed="0.000490"/>
</kw>
<kw name="Should Match Regexp" owner="BuiltIn">
<arg>${json_data['results'][0]['registered']['date']}</arg>
<arg>\\d{4}-\\d{2}-\\d{2}T\\d{2}:\\d{2}:\\d{2}\\.\\d{3}Z</arg>
<doc>Fails if ``string`` does not match ``pattern`` as a regular expression.</doc>
<status status="PASS" start="2024-07-13T05:14:59.592946" elapsed="0.000427"/>
</kw>
<kw name="Should Match Regexp" owner="BuiltIn">
<arg>${json_data['results'][0]['picture']['large']}</arg>
<arg>^https?://.*\.(?:png|jpe?g|gif|bmp)$</arg>
<doc>Fails if ``string`` does not match ``pattern`` as a regular expression.</doc>
<status status="PASS" start="2024-07-13T05:14:59.593567" elapsed="0.000465"/>
</kw>
<kw name="Should Match Regexp" owner="BuiltIn">
<arg>${json_data['results'][0]['picture']['medium']}</arg>
<arg>^https?://.*\.(?:png|jpe?g|gif|bmp)$</arg>
<doc>Fails if ``string`` does not match ``pattern`` as a regular expression.</doc>
<status status="PASS" start="2024-07-13T05:14:59.594220" elapsed="0.000356"/>
</kw>
<kw name="Should Match Regexp" owner="BuiltIn">
<arg>${json_data['results'][0]['picture']['thumbnail']}</arg>
<arg>^https?://.*\.(?:png|jpe?g|gif|bmp)$</arg>
<doc>Fails if ``string`` does not match ``pattern`` as a regular expression.</doc>
<status status="PASS" start="2024-07-13T05:14:59.594759" elapsed="0.000346"/>
</kw>
<kw name="Log" owner="BuiltIn">
<msg time="2024-07-13T05:14:59.595619" level="INFO">{'large': 'https://randomuser.me/api/portraits/men/67.jpg', 'medium': 'https://randomuser.me/api/portraits/med/men/67.jpg', 'thumbnail': 'https://randomuser.me/api/portraits/thumb/men/67.jpg'}</msg>
<arg>${json_data['results'][0]['picture']}</arg>
<doc>Logs the given message with the given level.</doc>
<status status="PASS" start="2024-07-13T05:14:59.595290" elapsed="0.000373"/>
</kw>
<status status="PASS" start="2024-07-13T05:14:59.489874" elapsed="0.106041"/>
</kw>
<kw name="Teste de Tipos de Dados - Postcode" owner="random-user-service">
<kw name="GET On Session" owner="RequestsLibrary">
<msg time="2024-07-13T05:14:59.692736" level="INFO">GET Request : url=https://randomuser.me/api 
 path_url=/api 
 headers={'User-Agent': 'python-requests/2.32.3', 'Accept-Encoding': 'gzip, deflate', 'Accept': '*/*', 'Connection': 'keep-alive'} 
 body=None 
 </msg>
<msg time="2024-07-13T05:14:59.692823" level="INFO">GET Response : url=https://randomuser.me/api 
 status=200, reason=OK 
 headers={'Date': 'Sat, 13 Jul 2024 05:14:59 GMT', 'Content-Type': 'application/json; charset=utf-8', 'Transfer-Encoding': 'chunked', 'Connection': 'keep-alive', 'X-Powered-By': 'Express', 'Access-Control-Allow-Origin': '*', 'Cache-Control': 'no-cache', 'ETag': 'W/"48c-d36HxAwVdr4sGu+ieBM8A4x2/jo"', 'Vary': 'Accept-Encoding', 'Content-Encoding': 'gzip', 'CF-Cache-Status': 'DYNAMIC', 'Report-To': '{"endpoints":[{"url":"https:\\/\\/a.nel.cloudflare.com\\/report\\/v4?s=d9pIAgFOMAw9eK01Lrp%2BDp6fL1nVadUovEtHcsNw8XkDcO3C3rwxUo2wPesUPtPeKS3LXkIA%2Bbhguh042SZqyy7r8ipq6U2z%2BrysrYxVJkeQ7VnqFpujtsngVML9m8A3"}],"group":"cf-nel","max_age":604800}', 'NEL': '{"success_fraction":0,"report_to":"cf-nel","max_age":604800}', 'Server': 'cloudflare', 'CF-RAY': '8a26caea7f832b50-LAX', 'alt-svc': 'h3=":443"; ma=86400'} 
 body={"results":[{"gender":"female","name":{"title":"Ms","first":"رها","last":"کریمی"},"location":{"street":{"number":5878,"name":"شیخ فضل الله نوری"},"city":"ساوه","state":"آذربایجان شرقی","country":"Iran","postcode":93785,"coordinates":{"latitude":"14.5245","longitude":"17.2185"},"timezone":{"offset":"+4:30","description":"Kabul"}},"email":"rh.khrymy@example.com","login":{"uuid":"6dca9880-e476-42e0-a666-78a0788af69a","username":"happyladybug550","password":"gene","salt":"rCAk5diz","md5":"deeb94ec9c65621e3db540b9ffa689f7","sha1":"33d45017659926b1d5a41f37c34196297f9f86d9","sha256":"7c0cf31945d5be7431b3020c6293a53f44e7d8ef6b1b3a373b988c09a2156737"},"dob":{"date":"1980-12-30T09:59:37.000Z","age":43},"registered":{"date":"2003-05-14T12:01:04.056Z","age":21},"phone":"055-69456016","cell":"0965-732-8057","id":{"name":"","value":null},"picture":{"large":"https://randomuser.me/api/portraits/women/46.jpg","medium":"https://randomuser.me/api/portraits/med/women/46.jpg","thumbnail":"https://randomuser.me/api/portraits/thumb/women/46.jpg"},"nat":"IR"}],"info":{"seed":"05c1429892c0f7de","results":1,"page":1,"version":"1.4"}} 
 </msg>
<msg time="2024-07-13T05:14:59.692902" level="INFO">/opt/hostedtoolcache/Python/3.12.4/x64/lib/python3.12/site-packages/urllib3/connectionpool.py:1099: InsecureRequestWarning: Unverified HTTPS request is being made to host 'randomuser.me'. Adding certificate verification is strongly advised. See: https://urllib3.readthedocs.io/en/latest/advanced-usage.html#tls-warnings
  warnings.warn(</msg>
<msg time="2024-07-13T05:14:59.693022" level="INFO">${response} = &lt;Response [200]&gt;</msg>
<var>${response}</var>
<arg>consultarAPI</arg>
<arg>/api</arg>
<doc>Sends a GET request on a previously created HTTP Session.</doc>
<status status="PASS" start="2024-07-13T05:14:59.596358" elapsed="0.096706"/>
</kw>
<kw name="Set Variable" owner="BuiltIn">
<msg time="2024-07-13T05:14:59.694214" level="INFO">${json_data} = {'results': [{'gender': 'female', 'name': {'title': 'Ms', 'first': 'رها', 'last': 'کریمی'}, 'location': {'street': {'number': 5878, 'name': 'شیخ فضل الله نوری'}, 'city': 'ساوه', 'state': 'آذربایجان شر...</msg>
<var>${json_data}</var>
<arg>${response.json()}</arg>
<doc>Returns the given values which can then be assigned to a variables.</doc>
<status status="PASS" start="2024-07-13T05:14:59.693605" elapsed="0.000641"/>
</kw>
<kw name="Log" owner="BuiltIn">
<msg time="2024-07-13T05:14:59.694731" level="INFO">{'results': [{'gender': 'female', 'name': {'title': 'Ms', 'first': 'رها', 'last': 'کریمی'}, 'location': {'street': {'number': 5878, 'name': 'شیخ فضل الله نوری'}, 'city': 'ساوه', 'state': 'آذربایجان شرقی', 'country': 'Iran', 'postcode': 93785, 'coordinates': {'latitude': '14.5245', 'longitude': '17.2185'}, 'timezone': {'offset': '+4:30', 'description': 'Kabul'}}, 'email': 'rh.khrymy@example.com', 'login': {'uuid': '6dca9880-e476-42e0-a666-78a0788af69a', 'username': 'happyladybug550', 'password': 'gene', 'salt': 'rCAk5diz', 'md5': 'deeb94ec9c65621e3db540b9ffa689f7', 'sha1': '33d45017659926b1d5a41f37c34196297f9f86d9', 'sha256': '7c0cf31945d5be7431b3020c6293a53f44e7d8ef6b1b3a373b988c09a2156737'}, 'dob': {'date': '1980-12-30T09:59:37.000Z', 'age': 43}, 'registered': {'date': '2003-05-14T12:01:04.056Z', 'age': 21}, 'phone': '055-69456016', 'cell': '0965-732-8057', 'id': {'name': '', 'value': None}, 'picture': {'large': 'https://randomuser.me/api/portraits/women/46.jpg', 'medium': 'https://randomuser.me/api/portraits/med/women/46.jpg', 'thumbnail': 'https://randomuser.me/api/portraits/thumb/women/46.jpg'}, 'nat': 'IR'}], 'info': {'seed': '05c1429892c0f7de', 'results': 1, 'page': 1, 'version': '1.4'}}</msg>
<arg>${json_data}</arg>
<doc>Logs the given message with the given level.</doc>
<status status="PASS" start="2024-07-13T05:14:59.694565" elapsed="0.000217"/>
</kw>
<kw name="Should Be Equal As Numbers" owner="BuiltIn">
<arg>${json_data['results'][0]['location']['postcode']}</arg>
<arg>${json_data['results'][0]['location']['postcode']}</arg>
<doc>Fails if objects are unequal after converting them to real numbers.</doc>
<status status="PASS" start="2024-07-13T05:14:59.695083" elapsed="0.000638"/>
</kw>
<kw name="Log" owner="BuiltIn">
<msg time="2024-07-13T05:14:59.696400" level="INFO">93785</msg>
<arg>${json_data['results'][0]['location']['postcode']}</arg>
<doc>Logs the given message with the given level.</doc>
<status status="PASS" start="2024-07-13T05:14:59.695915" elapsed="0.000527"/>
</kw>
<status status="PASS" start="2024-07-13T05:14:59.596136" elapsed="0.100596"/>
</kw>
<doc>Testa se os tipos de dados na resposta da API estão corretos.</doc>
<tag>testeTiposDados</tag>
<status status="PASS" start="2024-07-13T05:14:59.489331" elapsed="0.207569"/>
</test>
<test id="s1-s1-t5" name="Validar conteudo" line="35">
<kw name="Teste de Tipos de Conteudo" owner="random-user-service">
<kw name="GET On Session" owner="RequestsLibrary">
<msg time="2024-07-13T05:14:59.796820" level="INFO">GET Request : url=https://randomuser.me/api 
 path_url=/api 
 headers={'User-Agent': 'python-requests/2.32.3', 'Accept-Encoding': 'gzip, deflate', 'Accept': '*/*', 'Connection': 'keep-alive'} 
 body=None 
 </msg>
<msg time="2024-07-13T05:14:59.796908" level="INFO">GET Response : url=https://randomuser.me/api 
 status=200, reason=OK 
 headers={'Date': 'Sat, 13 Jul 2024 05:14:59 GMT', 'Content-Type': 'application/json; charset=utf-8', 'Transfer-Encoding': 'chunked', 'Connection': 'keep-alive', 'X-Powered-By': 'Express', 'Access-Control-Allow-Origin': '*', 'Cache-Control': 'no-cache', 'ETag': 'W/"4a1-zuzOml5TeHMSK+t/Wv27PMEjV2M"', 'Vary': 'Accept-Encoding', 'Content-Encoding': 'gzip', 'CF-Cache-Status': 'DYNAMIC', 'Report-To': '{"endpoints":[{"url":"https:\\/\\/a.nel.cloudflare.com\\/report\\/v4?s=firJmYZiFE1rg6S%2Fc56K5s1EHKDXWhGo0TiaPJP87dUNQiBop7KdckIgS50r%2F%2BFDuO7vxCbOLX4vZ8y4E3Do7zZe1v0aOSczhWiWUj3Bp%2F%2F3oL1NAYchvLqyKqk%2FIXq9"}],"group":"cf-nel","max_age":604800}', 'NEL': '{"success_fraction":0,"report_to":"cf-nel","max_age":604800}', 'Server': 'cloudflare', 'CF-RAY': '8a26caeb287e2b50-LAX', 'alt-svc': 'h3=":443"; ma=86400'} 
 body={"results":[{"gender":"female","name":{"title":"Madame","first":"Mira","last":"Moulin"},"location":{"street":{"number":788,"name":"Rue Principale"},"city":"Huttwil","state":"Schwyz","country":"Switzerland","postcode":2079,"coordinates":{"latitude":"-62.0486","longitude":"49.2899"},"timezone":{"offset":"-5:00","description":"Eastern Time (US &amp; Canada), Bogota, Lima"}},"email":"mira.moulin@example.com","login":{"uuid":"bba31f6a-69d7-4dd3-b4dd-f785181e7bac","username":"smallzebra515","password":"slugger","salt":"K1EZZp7t","md5":"185aac682a4bc32d43bf1f1974820e80","sha1":"6ced6d014aee3f8a98ca973cd2ec82cb7603cd5f","sha256":"f939c980cfee2f9b0dc73e27ccdfaab33587c63b197753e90a4b5a49008eef2d"},"dob":{"date":"1975-02-21T14:06:17.366Z","age":49},"registered":{"date":"2009-04-15T00:34:02.147Z","age":15},"phone":"079 476 79 64","cell":"077 147 53 90","id":{"name":"AVS","value":"756.0215.8938.60"},"picture":{"large":"https://randomuser.me/api/portraits/women/10.jpg","medium":"https://randomuser.me/api/portraits/med/women/10.jpg","thumbnail":"https://randomuser.me/api/portraits/thumb/women/10.jpg"},"nat":"CH"}],"info":{"seed":"37fbb5d14f0101c4","results":1,"page":1,"version":"1.4"}} 
 </msg>
<msg time="2024-07-13T05:14:59.796981" level="INFO">/opt/hostedtoolcache/Python/3.12.4/x64/lib/python3.12/site-packages/urllib3/connectionpool.py:1099: InsecureRequestWarning: Unverified HTTPS request is being made to host 'randomuser.me'. Adding certificate verification is strongly advised. See: https://urllib3.readthedocs.io/en/latest/advanced-usage.html#tls-warnings
  warnings.warn(</msg>
<msg time="2024-07-13T05:14:59.797101" level="INFO">${response} = &lt;Response [200]&gt;</msg>
<var>${response}</var>
<arg>consultarAPI</arg>
<arg>/api</arg>
<doc>Sends a GET request on a previously created HTTP Session.</doc>
<status status="PASS" start="2024-07-13T05:14:59.699520" elapsed="0.097632"/>
</kw>
<kw name="Set Variable" owner="BuiltIn">
<msg time="2024-07-13T05:14:59.798273" level="INFO">${json_data} = {'results': [{'gender': 'female', 'name': {'title': 'Madame', 'first': 'Mira', 'last': 'Moulin'}, 'location': {'street': {'number': 788, 'name': 'Rue Principale'}, 'city': 'Huttwil', 'state': 'Schwyz'...</msg>
<var>${json_data}</var>
<arg>${response.json()}</arg>
<doc>Returns the given values which can then be assigned to a variables.</doc>
<status status="PASS" start="2024-07-13T05:14:59.797714" elapsed="0.000588"/>
</kw>
<kw name="Set Variable" owner="BuiltIn">
<msg time="2024-07-13T05:14:59.799026" level="INFO">${name_title} = Madame</msg>
<var>${name_title}</var>
<arg>${json_data["results"][0]["name"]["title"]}</arg>
<doc>Returns the given values which can then be assigned to a variables.</doc>
<status status="PASS" start="2024-07-13T05:14:59.798641" elapsed="0.000410"/>
</kw>
<kw name="Create List" owner="BuiltIn">
<msg time="2024-07-13T05:14:59.799497" level="INFO">${allowed_titles} = ['Mr', 'Ms', 'Miss', 'Mrs', 'Madame', 'Monsieur']</msg>
<var>${allowed_titles}</var>
<arg>Mr</arg>
<arg>Ms</arg>
<arg>Miss</arg>
<arg>Mrs</arg>
<arg>Madame</arg>
<arg>Monsieur</arg>
<doc>Returns a list containing given items.</doc>
<status status="PASS" start="2024-07-13T05:14:59.799348" elapsed="0.000174"/>
</kw>
<kw name="List Should Contain Value" owner="Collections">
<arg>${allowed_titles}</arg>
<arg>${name_title}</arg>
<doc>Fails if the ``value`` is not found from ``list``.</doc>
<status status="PASS" start="2024-07-13T05:14:59.799820" elapsed="0.000176"/>
</kw>
<kw name="Set Variable" owner="BuiltIn">
<msg time="2024-07-13T05:14:59.800541" level="INFO">${name_country} = CH</msg>
<var>${name_country}</var>
<arg>${json_data["results"][0]["nat"]}</arg>
<doc>Returns the given values which can then be assigned to a variables.</doc>
<status status="PASS" start="2024-07-13T05:14:59.800176" elapsed="0.000389"/>
</kw>
<kw name="Create List" owner="BuiltIn">
<msg time="2024-07-13T05:14:59.801506" level="INFO">${list_country} = ['AD', 'AE', 'AF', 'AG', 'AI', 'AL', 'AM', 'AO', 'AQ', 'AR', 'AS', 'AT', 'AU', 'AW', 'AX', 'AZ', 'BA', 'BB', 'BD', 'BE', 'BF', 'BG', 'BH', 'BI', 'BJ', 'BL', 'BM', 'BN', 'BO', 'BQ', 'BR', 'BS', 'BT', '...</msg>
<var>${list_country}</var>
<arg>AD</arg>
<arg>AE</arg>
<arg>AF</arg>
<arg>AG</arg>
<arg>AI</arg>
<arg>AL</arg>
<arg>AM</arg>
<arg>AO</arg>
<arg>AQ</arg>
<arg>AR</arg>
<arg>AS</arg>
<arg>AT</arg>
<arg>AU</arg>
<arg>AW</arg>
<arg>AX</arg>
<arg>AZ</arg>
<arg>BA</arg>
<arg>BB</arg>
<arg>BD</arg>
<arg>BE</arg>
<arg>BF</arg>
<arg>BG</arg>
<arg>BH</arg>
<arg>BI</arg>
<arg>BJ</arg>
<arg>BL</arg>
<arg>BM</arg>
<arg>BN</arg>
<arg>BO</arg>
<arg>BQ</arg>
<arg>BR</arg>
<arg>BS</arg>
<arg>BT</arg>
<arg>BV</arg>
<arg>BW</arg>
<arg>BY</arg>
<arg>BZ</arg>
<arg>CA</arg>
<arg>CC</arg>
<arg>CD</arg>
<arg>CF</arg>
<arg>CG</arg>
<arg>CH</arg>
<arg>CI</arg>
<arg>CK</arg>
<arg>CL</arg>
<arg>CM</arg>
<arg>CN</arg>
<arg>CO</arg>
<arg>CR</arg>
<arg>CU</arg>
<arg>CV</arg>
<arg>CW</arg>
<arg>CX</arg>
<arg>CY</arg>
<arg>CZ</arg>
<arg>DE</arg>
<arg>DJ</arg>
<arg>DK</arg>
<arg>DM</arg>
<arg>DO</arg>
<arg>DZ</arg>
<arg>EC</arg>
<arg>EE</arg>
<arg>EG</arg>
<arg>EH</arg>
<arg>ER</arg>
<arg>ES</arg>
<arg>ET</arg>
<arg>FI</arg>
<arg>FJ</arg>
<arg>FK</arg>
<arg>FM</arg>
<arg>FO</arg>
<arg>FR</arg>
<arg>GA</arg>
<arg>GB</arg>
<arg>GD</arg>
<arg>GE</arg>
<arg>GF</arg>
<arg>GG</arg>
<arg>GH</arg>
<arg>GI</arg>
<arg>GL</arg>
<arg>GM</arg>
<arg>GN</arg>
<arg>GP</arg>
<arg>GQ</arg>
<arg>GR</arg>
<arg>GS</arg>
<arg>GT</arg>
<arg>GU</arg>
<arg>GW</arg>
<arg>GY</arg>
<arg>HK</arg>
<arg>HM</arg>
<arg>HN</arg>
<arg>HR</arg>
<arg>HT</arg>
<arg>HU</arg>
<arg>ID</arg>
<arg>IE</arg>
<arg>IL</arg>
<arg>IM</arg>
<arg>IN</arg>
<arg>IO</arg>
<arg>IQ</arg>
<arg>IR</arg>
<arg>IS</arg>
<arg>IT</arg>
<arg>JE</arg>
<arg>JM</arg>
<arg>JO</arg>
<arg>JP</arg>
<arg>KE</arg>
<arg>KG</arg>
<arg>KH</arg>
<arg>KI</arg>
<arg>KM</arg>
<arg>KN</arg>
<arg>KP</arg>
<arg>KR</arg>
<arg>KW</arg>
<arg>KY</arg>
<arg>KZ</arg>
<arg>LA</arg>
<arg>LB</arg>
<arg>LC</arg>
<arg>LI</arg>
<arg>LK</arg>
<arg>LR</arg>
<arg>LS</arg>
<arg>LT</arg>
<arg>LU</arg>
<arg>LV</arg>
<arg>LY</arg>
<arg>MA</arg>
<arg>MC</arg>
<arg>MD</arg>
<arg>ME</arg>
<arg>MF</arg>
<arg>MG</arg>
<arg>MH</arg>
<arg>MK</arg>
<arg>ML</arg>
<arg>MM</arg>
<arg>MN</arg>
<arg>MO</arg>
<arg>MP</arg>
<arg>MQ</arg>
<arg>MR</arg>
<arg>MS</arg>
<arg>MT</arg>
<arg>MU</arg>
<arg>MV</arg>
<arg>MW</arg>
<arg>MX</arg>
<arg>MY</arg>
<arg>MZ</arg>
<arg>NA</arg>
<arg>NC</arg>
<arg>NE</arg>
<arg>NF</arg>
<arg>NG</arg>
<arg>NI</arg>
<arg>NL</arg>
<arg>NO</arg>
<arg>NP</arg>
<arg>NR</arg>
<arg>NU</arg>
<arg>NZ</arg>
<arg>OM</arg>
<arg>PA</arg>
<arg>PE</arg>
<arg>PF</arg>
<arg>PG</arg>
<arg>PH</arg>
<arg>PK</arg>
<arg>PL</arg>
<arg>PM</arg>
<arg>PN</arg>
<arg>PR</arg>
<arg>PS</arg>
<arg>PT</arg>
<arg>PW</arg>
<arg>PY</arg>
<arg>QA</arg>
<arg>RE</arg>
<arg>RO</arg>
<arg>RS</arg>
<arg>RU</arg>
<arg>RW</arg>
<arg>SA</arg>
<arg>SB</arg>
<arg>SC</arg>
<arg>SD</arg>
<arg>SE</arg>
<arg>SG</arg>
<arg>SH</arg>
<arg>SI</arg>
<arg>SJ</arg>
<arg>SK</arg>
<arg>SL</arg>
<arg>SM</arg>
<arg>SN</arg>
<arg>SO</arg>
<arg>SR</arg>
<arg>SS</arg>
<arg>ST</arg>
<arg>SV</arg>
<arg>SX</arg>
<arg>SY</arg>
<arg>SZ</arg>
<arg>TC</arg>
<arg>TD</arg>
<arg>TF</arg>
<arg>TG</arg>
<arg>TH</arg>
<arg>TJ</arg>
<arg>TK</arg>
<arg>TL</arg>
<arg>TM</arg>
<arg>TN</arg>
<arg>TO</arg>
<arg>TR</arg>
<arg>TT</arg>
<arg>TV</arg>
<arg>TW</arg>
<arg>TZ</arg>
<arg>UA</arg>
<arg>UG</arg>
<arg>UM</arg>
<arg>US</arg>
<arg>UY</arg>
<arg>UZ</arg>
<arg>VA</arg>
<arg>VC</arg>
<arg>VE</arg>
<arg>VG</arg>
<arg>VI</arg>
<arg>VN</arg>
<arg>VU</arg>
<arg>WF</arg>
<arg>WS</arg>
<arg>XK</arg>
<arg>YE</arg>
<arg>YT</arg>
<arg>ZA</arg>
<arg>ZM</arg>
<arg>ZW</arg>
<doc>Returns a list containing given items.</doc>
<status status="PASS" start="2024-07-13T05:14:59.800862" elapsed="0.000671"/>
</kw>
<kw name="List Should Contain Value" owner="Collections">
<arg>${list_country}</arg>
<arg>${name_country}</arg>
<doc>Fails if the ``value`` is not found from ``list``.</doc>
<status status="PASS" start="2024-07-13T05:14:59.802332" elapsed="0.000201"/>
</kw>
<kw name="Run Keyword If" owner="BuiltIn">
<kw name="Should Be True" owner="BuiltIn">
<arg>${True}</arg>
<doc>Fails if the given condition is not true.</doc>
<status status="PASS" start="2024-07-13T05:14:59.803469" elapsed="0.000142"/>
</kw>
<arg>${json_data["results"][0]["location"]["coordinates"]["latitude"]} &gt;= -90 and ${json_data["results"][0]["location"]["coordinates"]["latitude"]} &lt;= 90</arg>
<arg>Should Be True</arg>
<arg>${True}</arg>
<doc>Runs the given keyword with the given arguments, if ``condition`` is true.</doc>
<status status="PASS" start="2024-07-13T05:14:59.802730" elapsed="0.001006"/>
</kw>
<kw name="Run Keyword If" owner="BuiltIn">
<kw name="Should Be True" owner="BuiltIn">
<arg>${True}</arg>
<doc>Fails if the given condition is not true.</doc>
<status status="PASS" start="2024-07-13T05:14:59.804610" elapsed="0.000235"/>
</kw>
<arg>${json_data["results"][0]["location"]["coordinates"]["longitude"]} &gt;= -180 and ${json_data["results"][0]["location"]["coordinates"]["longitude"]} &lt;= 180</arg>
<arg>Should Be True</arg>
<arg>${True}</arg>
<doc>Runs the given keyword with the given arguments, if ``condition`` is true.</doc>
<status status="PASS" start="2024-07-13T05:14:59.803916" elapsed="0.001058"/>
</kw>
<status status="PASS" start="2024-07-13T05:14:59.699297" elapsed="0.105812"/>
</kw>
<doc>Testa o conteúdo específico dos campos retornados pela API.</doc>
<tag>testeConteudo</tag>
<status status="PASS" start="2024-07-13T05:14:59.698773" elapsed="0.106529"/>
</test>
<status status="PASS" start="2024-07-13T05:14:58.864860" elapsed="0.942428"/>
</suite>
<status status="PASS" start="2024-07-13T05:14:58.850329" elapsed="0.962024"/>
</suite>
<statistics>
<total>
<stat pass="5" fail="0" skip="0">All Tests</stat>
</total>
<tag>
<stat pass="1" fail="0" skip="0">testeConteudo</stat>
<stat pass="1" fail="0" skip="0">testeEstruturaResposta</stat>
<stat pass="1" fail="0" skip="0">testeRequisicaoBasica</stat>
<stat pass="1" fail="0" skip="0">testeTiposDados</stat>
</tag>
<suite>
<stat pass="5" fail="0" skip="0" id="s1" name="Tests">Tests</stat>
<stat pass="5" fail="0" skip="0" id="s1-s1" name="Random-User-Test">Tests.Random-User-Test</stat>
</suite>
</statistics>
<errors>
</errors>
</robot>
