<?xml version="1.0" encoding="UTF-8"?>
<robot generator="Robot 7.0.1 (Python 3.12.4 on linux)" generated="2024-07-02T21:14:19.662055" rpa="false" schemaversion="5">
<suite id="s1" name="Tests" source="/home/runner/work/ApiRandomUser/ApiRandomUser/RamdonUser/tests">
<suite id="s1-s1" name="Random-User-Test" source="/home/runner/work/ApiRandomUser/ApiRandomUser/RamdonUser/tests/random-user-test.robot">
<test id="s1-s1-t1" name="Conectar" line="13">
<kw name="Conectar API" owner="random-user-service">
<kw name="Create Session" owner="RequestsLibrary">
<msg time="2024-07-02T21:14:20.056370" level="INFO">Creating Session using : alias=consultarAPI, url=https://randomuser.me/, headers={},                     cookies={}, auth=None, timeout=None, proxies=None, verify=False,                     debug=0 </msg>
<arg>consultarAPI</arg>
<arg>${URL}</arg>
<doc>Create Session: create a HTTP session to a server</doc>
<status status="PASS" start="2024-07-02T21:14:20.056167" elapsed="0.000377"/>
</kw>
<status status="PASS" start="2024-07-02T21:14:20.055225" elapsed="0.001674"/>
</kw>
<status status="PASS" start="2024-07-02T21:14:20.054643" elapsed="0.002446"/>
</test>
<test id="s1-s1-t2" name="Validar retorno 200 e JSON Válido" line="16">
<kw name="Teste de Requisicao Basica" owner="random-user-service">
<kw name="GET On Session" owner="RequestsLibrary">
<msg time="2024-07-02T21:14:20.298187" level="INFO">GET Request : url=https://randomuser.me/api 
 path_url=/api 
 headers={'User-Agent': 'python-requests/2.32.3', 'Accept-Encoding': 'gzip, deflate', 'Accept': '*/*', 'Connection': 'keep-alive'} 
 body=None 
 </msg>
<msg time="2024-07-02T21:14:20.298347" level="INFO">GET Response : url=https://randomuser.me/api 
 status=200, reason=OK 
 headers={'Date': 'Tue, 02 Jul 2024 21:14:20 GMT', 'Content-Type': 'application/json; charset=utf-8', 'Transfer-Encoding': 'chunked', 'Connection': 'keep-alive', 'X-Powered-By': 'Express', 'Access-Control-Allow-Origin': '*', 'Cache-Control': 'no-cache', 'ETag': 'W/"487-d/3aBVrvMfX575ZHJ4G6dw24T3A"', 'Vary': 'Accept-Encoding', 'Content-Encoding': 'gzip', 'CF-Cache-Status': 'DYNAMIC', 'Report-To': '{"endpoints":[{"url":"https:\\/\\/a.nel.cloudflare.com\\/report\\/v4?s=PXKk%2F3WyQPiHe01y8BU2SObZ2JJzXZZ1ZUyofLB9HH0p%2FXKiP47A1ekxWGMcYvMQXIAGDbADuPxWGMz%2BtFHgmIHfy2qQZ2Qi%2F4vOuCKuzyBZooWwvU%2FgXc8BgtwwTUAq"}],"group":"cf-nel","max_age":604800}', 'NEL': '{"success_fraction":0,"report_to":"cf-nel","max_age":604800}', 'Server': 'cloudflare', 'CF-RAY': '89d1a5149c7d59c8-IAD', 'alt-svc': 'h3=":443"; ma=86400'} 
 body={"results":[{"gender":"male","name":{"title":"Mr","first":"Adriyan","last":"Kachur"},"location":{"street":{"number":4734,"name":"Oleksandra Koshicya"},"city":"Dobropillya","state":"Mikolayivska","country":"Ukraine","postcode":57091,"coordinates":{"latitude":"80.1992","longitude":"-94.3673"},"timezone":{"offset":"-7:00","description":"Mountain Time (US &amp; Canada)"}},"email":"adriyan.kachur@example.com","login":{"uuid":"06277498-5c94-4b95-a8b2-4d2820ee6283","username":"redcat368","password":"laptop","salt":"vWKsTJuP","md5":"e1b050c3eae4d31ab022d2836c3b3842","sha1":"60cd4ec96a066666b51a80391167aee0902f6ef7","sha256":"b104e67c511918974b5d60f1be54f309aeb7f18bd67d35bcda868b67dce1e8f5"},"dob":{"date":"1991-03-14T18:49:57.778Z","age":33},"registered":{"date":"2005-05-27T02:40:45.560Z","age":19},"phone":"(067) A99-3152","cell":"(067) J76-7779","id":{"name":"","value":null},"picture":{"large":"https://randomuser.me/api/portraits/men/53.jpg","medium":"https://randomuser.me/api/portraits/med/men/53.jpg","thumbnail":"https://randomuser.me/api/portraits/thumb/men/53.jpg"},"nat":"UA"}],"info":{"seed":"a5a93c7303e5e512","results":1,"page":1,"version":"1.4"}} 
 </msg>
<msg time="2024-07-02T21:14:20.298428" level="INFO">/opt/hostedtoolcache/Python/3.12.4/x64/lib/python3.12/site-packages/urllib3/connectionpool.py:1099: InsecureRequestWarning: Unverified HTTPS request is being made to host 'randomuser.me'. Adding certificate verification is strongly advised. See: https://urllib3.readthedocs.io/en/latest/advanced-usage.html#tls-warnings
  warnings.warn(</msg>
<msg time="2024-07-02T21:14:20.298589" level="INFO">${response} = &lt;Response [200]&gt;</msg>
<var>${response}</var>
<arg>consultarAPI</arg>
<arg>/api</arg>
<doc>Sends a GET request on a previously created HTTP Session.</doc>
<status status="PASS" start="2024-07-02T21:14:20.059752" elapsed="0.238878"/>
</kw>
<kw name="Should Be Equal As Numbers" owner="BuiltIn">
<msg time="2024-07-02T21:14:20.299591" level="INFO">Argument types are:
&lt;class 'int'&gt;
&lt;class 'str'&gt;</msg>
<arg>${response.status_code}</arg>
<arg>200</arg>
<doc>Fails if objects are unequal after converting them to real numbers.</doc>
<status status="PASS" start="2024-07-02T21:14:20.299132" elapsed="0.000525"/>
</kw>
<kw name="Log" owner="BuiltIn">
<msg time="2024-07-02T21:14:20.300332" level="INFO">200</msg>
<arg>${response.status_code}</arg>
<doc>Logs the given message with the given level.</doc>
<status status="PASS" start="2024-07-02T21:14:20.299975" elapsed="0.000400"/>
</kw>
<kw name="Set Variable" owner="BuiltIn">
<msg time="2024-07-02T21:14:20.301122" level="INFO">${json_data} = {'results': [{'gender': 'male', 'name': {'title': 'Mr', 'first': 'Adriyan', 'last': 'Kachur'}, 'location': {'street': {'number': 4734, 'name': 'Oleksandra Koshicya'}, 'city': 'Dobropillya', 'state': '...</msg>
<var>${json_data}</var>
<arg>${response.json()}</arg>
<doc>Returns the given values which can then be assigned to a variables.</doc>
<status status="PASS" start="2024-07-02T21:14:20.300677" elapsed="0.000473"/>
</kw>
<kw name="Dictionary Should Contain Key" owner="Collections">
<arg>${json_data}</arg>
<arg>results</arg>
<doc>Fails if ``key`` is not found from ``dictionary``.</doc>
<status status="PASS" start="2024-07-02T21:14:20.301449" elapsed="0.000164"/>
</kw>
<status status="PASS" start="2024-07-02T21:14:20.059506" elapsed="0.242298"/>
</kw>
<doc>Testa se a API responde corretamente e retorna um objeto JSON válido.</doc>
<tag>testeRequisicaoBasica</tag>
<status status="PASS" start="2024-07-02T21:14:20.058992" elapsed="0.243003"/>
</test>
<test id="s1-s1-t3" name="Validar estrutura de resposta" line="22">
<kw name="Teste de Estrutura de Resposta" owner="random-user-service">
<kw name="GET On Session" owner="RequestsLibrary">
<msg time="2024-07-02T21:14:20.393082" level="INFO">GET Request : url=https://randomuser.me/api 
 path_url=/api 
 headers={'User-Agent': 'python-requests/2.32.3', 'Accept-Encoding': 'gzip, deflate', 'Accept': '*/*', 'Connection': 'keep-alive'} 
 body=None 
 </msg>
<msg time="2024-07-02T21:14:20.393170" level="INFO">GET Response : url=https://randomuser.me/api 
 status=200, reason=OK 
 headers={'Date': 'Tue, 02 Jul 2024 21:14:20 GMT', 'Content-Type': 'application/json; charset=utf-8', 'Transfer-Encoding': 'chunked', 'Connection': 'keep-alive', 'X-Powered-By': 'Express', 'Access-Control-Allow-Origin': '*', 'Cache-Control': 'no-cache', 'ETag': 'W/"470-fDbDB8u5yr4sfkSkbXwKQ25g04k"', 'Vary': 'Accept-Encoding', 'Content-Encoding': 'gzip', 'CF-Cache-Status': 'DYNAMIC', 'Report-To': '{"endpoints":[{"url":"https:\\/\\/a.nel.cloudflare.com\\/report\\/v4?s=Z9FsXzvMY6Z%2FYsn24pi547rB7Ln3UMwPen9bGRFDltxviE92AW3NzxPMddOiT64vWoC%2Bs8II4evAsTi2WVw6a0M5Osq%2FG6QYqgvqFfqZH19HzL%2FGNThQjjK6KVjbIpSd"}],"group":"cf-nel","max_age":604800}', 'NEL': '{"success_fraction":0,"report_to":"cf-nel","max_age":604800}', 'Server': 'cloudflare', 'CF-RAY': '89d1a514eccb59c8-IAD', 'alt-svc': 'h3=":443"; ma=86400'} 
 body={"results":[{"gender":"male","name":{"title":"Mr","first":"Radoslav","last":"Ternoviy"},"location":{"street":{"number":815,"name":"Irpinska"},"city":"Vasilivka","state":"Chernivecka","country":"Ukraine","postcode":54608,"coordinates":{"latitude":"77.8740","longitude":"-89.0694"},"timezone":{"offset":"-10:00","description":"Hawaii"}},"email":"radoslav.ternoviy@example.com","login":{"uuid":"bd1162f7-06fc-48c5-8b93-81f3465f35af","username":"organicduck565","password":"porsche9","salt":"az0YHUuG","md5":"2707ecdd8943bc2b0cdf791d4605955d","sha1":"c9dd963f009c9a6699d1e96499ec60a54edd5e73","sha256":"e824a4da4dfeb6e9475e2c09eb1e613d743bea1f07ea6f4abdf51d6834460aaa"},"dob":{"date":"1950-04-10T13:56:30.073Z","age":74},"registered":{"date":"2021-09-17T19:17:55.266Z","age":2},"phone":"(067) K39-2369","cell":"(097) L76-0807","id":{"name":"","value":null},"picture":{"large":"https://randomuser.me/api/portraits/men/21.jpg","medium":"https://randomuser.me/api/portraits/med/men/21.jpg","thumbnail":"https://randomuser.me/api/portraits/thumb/men/21.jpg"},"nat":"UA"}],"info":{"seed":"a4af56f8254dfbe5","results":1,"page":1,"version":"1.4"}} 
 </msg>
<msg time="2024-07-02T21:14:20.393293" level="INFO">/opt/hostedtoolcache/Python/3.12.4/x64/lib/python3.12/site-packages/urllib3/connectionpool.py:1099: InsecureRequestWarning: Unverified HTTPS request is being made to host 'randomuser.me'. Adding certificate verification is strongly advised. See: https://urllib3.readthedocs.io/en/latest/advanced-usage.html#tls-warnings
  warnings.warn(</msg>
<msg time="2024-07-02T21:14:20.393436" level="INFO">${response} = &lt;Response [200]&gt;</msg>
<var>${response}</var>
<arg>consultarAPI</arg>
<arg>/api</arg>
<doc>Sends a GET request on a previously created HTTP Session.</doc>
<status status="PASS" start="2024-07-02T21:14:20.304665" elapsed="0.088825"/>
</kw>
<kw name="Set Variable" owner="BuiltIn">
<msg time="2024-07-02T21:14:20.394385" level="INFO">${json_data} = {'results': [{'gender': 'male', 'name': {'title': 'Mr', 'first': 'Radoslav', 'last': 'Ternoviy'}, 'location': {'street': {'number': 815, 'name': 'Irpinska'}, 'city': 'Vasilivka', 'state': 'Chernivecka...</msg>
<var>${json_data}</var>
<arg>${response.json()}</arg>
<doc>Returns the given values which can then be assigned to a variables.</doc>
<status status="PASS" start="2024-07-02T21:14:20.393918" elapsed="0.000494"/>
</kw>
<kw name="Log" owner="BuiltIn">
<msg time="2024-07-02T21:14:20.394868" level="INFO">{'results': [{'gender': 'male', 'name': {'title': 'Mr', 'first': 'Radoslav', 'last': 'Ternoviy'}, 'location': {'street': {'number': 815, 'name': 'Irpinska'}, 'city': 'Vasilivka', 'state': 'Chernivecka', 'country': 'Ukraine', 'postcode': 54608, 'coordinates': {'latitude': '77.8740', 'longitude': '-89.0694'}, 'timezone': {'offset': '-10:00', 'description': 'Hawaii'}}, 'email': 'radoslav.ternoviy@example.com', 'login': {'uuid': 'bd1162f7-06fc-48c5-8b93-81f3465f35af', 'username': 'organicduck565', 'password': 'porsche9', 'salt': 'az0YHUuG', 'md5': '2707ecdd8943bc2b0cdf791d4605955d', 'sha1': 'c9dd963f009c9a6699d1e96499ec60a54edd5e73', 'sha256': 'e824a4da4dfeb6e9475e2c09eb1e613d743bea1f07ea6f4abdf51d6834460aaa'}, 'dob': {'date': '1950-04-10T13:56:30.073Z', 'age': 74}, 'registered': {'date': '2021-09-17T19:17:55.266Z', 'age': 2}, 'phone': '(067) K39-2369', 'cell': '(097) L76-0807', 'id': {'name': '', 'value': None}, 'picture': {'large': 'https://randomuser.me/api/portraits/men/21.jpg', 'medium': 'https://randomuser.me/api/portraits/med/men/21.jpg', 'thumbnail': 'https://randomuser.me/api/portraits/thumb/men/21.jpg'}, 'nat': 'UA'}], 'info': {'seed': 'a4af56f8254dfbe5', 'results': 1, 'page': 1, 'version': '1.4'}}</msg>
<arg>${json_data}</arg>
<doc>Logs the given message with the given level.</doc>
<status status="PASS" start="2024-07-02T21:14:20.394712" elapsed="0.000202"/>
</kw>
<kw name="Dictionary Should Contain Key" owner="Collections">
<arg>${json_data}</arg>
<arg>results</arg>
<doc>Fails if ``key`` is not found from ``dictionary``.</doc>
<status status="PASS" start="2024-07-02T21:14:20.395200" elapsed="0.000161"/>
</kw>
<kw name="Should Not Be Empty" owner="BuiltIn">
<msg time="2024-07-02T21:14:20.395671" level="INFO">Length is 2.</msg>
<arg>${json_data}</arg>
<doc>Verifies that the given item is not empty.</doc>
<status status="PASS" start="2024-07-02T21:14:20.395543" elapsed="0.000167"/>
</kw>
<kw name="Create List" owner="BuiltIn">
<msg time="2024-07-02T21:14:20.396156" level="INFO">${expected_keys} = ['gender', 'name', 'location', 'email', 'login']</msg>
<var>${expected_keys}</var>
<arg>gender</arg>
<arg>name</arg>
<arg>location</arg>
<arg>email</arg>
<arg>login</arg>
<doc>Returns a list containing given items.</doc>
<status status="PASS" start="2024-07-02T21:14:20.396001" elapsed="0.000178"/>
</kw>
<for flavor="IN">
<iter>
<kw name="Dictionary Should Contain Key" owner="Collections">
<arg>${json_data['results'][0]}</arg>
<arg>${key}</arg>
<doc>Fails if ``key`` is not found from ``dictionary``.</doc>
<status status="PASS" start="2024-07-02T21:14:20.396896" elapsed="0.000393"/>
</kw>
<kw name="Log" owner="BuiltIn">
<msg time="2024-07-02T21:14:20.397861" level="INFO">{'gender': 'male', 'name': {'title': 'Mr', 'first': 'Radoslav', 'last': 'Ternoviy'}, 'location': {'street': {'number': 815, 'name': 'Irpinska'}, 'city': 'Vasilivka', 'state': 'Chernivecka', 'country': 'Ukraine', 'postcode': 54608, 'coordinates': {'latitude': '77.8740', 'longitude': '-89.0694'}, 'timezone': {'offset': '-10:00', 'description': 'Hawaii'}}, 'email': 'radoslav.ternoviy@example.com', 'login': {'uuid': 'bd1162f7-06fc-48c5-8b93-81f3465f35af', 'username': 'organicduck565', 'password': 'porsche9', 'salt': 'az0YHUuG', 'md5': '2707ecdd8943bc2b0cdf791d4605955d', 'sha1': 'c9dd963f009c9a6699d1e96499ec60a54edd5e73', 'sha256': 'e824a4da4dfeb6e9475e2c09eb1e613d743bea1f07ea6f4abdf51d6834460aaa'}, 'dob': {'date': '1950-04-10T13:56:30.073Z', 'age': 74}, 'registered': {'date': '2021-09-17T19:17:55.266Z', 'age': 2}, 'phone': '(067) K39-2369', 'cell': '(097) L76-0807', 'id': {'name': '', 'value': None}, 'picture': {'large': 'https://randomuser.me/api/portraits/men/21.jpg', 'medium': 'https://randomuser.me/api/portraits/med/men/21.jpg', 'thumbnail': 'https://randomuser.me/api/portraits/thumb/men/21.jpg'}, 'nat': 'UA'}</msg>
<arg>${json_data['results'][0]}</arg>
<doc>Logs the given message with the given level.</doc>
<status status="PASS" start="2024-07-02T21:14:20.397478" elapsed="0.000430"/>
</kw>
<kw name="Log" owner="BuiltIn">
<msg time="2024-07-02T21:14:20.398346" level="INFO">gender</msg>
<arg>${key}</arg>
<doc>Logs the given message with the given level.</doc>
<status status="PASS" start="2024-07-02T21:14:20.398217" elapsed="0.000168"/>
</kw>
<var name="${key}">gender</var>
<status status="PASS" start="2024-07-02T21:14:20.396772" elapsed="0.001828"/>
</iter>
<iter>
<kw name="Dictionary Should Contain Key" owner="Collections">
<arg>${json_data['results'][0]}</arg>
<arg>${key}</arg>
<doc>Fails if ``key`` is not found from ``dictionary``.</doc>
<status status="PASS" start="2024-07-02T21:14:20.398892" elapsed="0.000384"/>
</kw>
<kw name="Log" owner="BuiltIn">
<msg time="2024-07-02T21:14:20.399802" level="INFO">{'gender': 'male', 'name': {'title': 'Mr', 'first': 'Radoslav', 'last': 'Ternoviy'}, 'location': {'street': {'number': 815, 'name': 'Irpinska'}, 'city': 'Vasilivka', 'state': 'Chernivecka', 'country': 'Ukraine', 'postcode': 54608, 'coordinates': {'latitude': '77.8740', 'longitude': '-89.0694'}, 'timezone': {'offset': '-10:00', 'description': 'Hawaii'}}, 'email': 'radoslav.ternoviy@example.com', 'login': {'uuid': 'bd1162f7-06fc-48c5-8b93-81f3465f35af', 'username': 'organicduck565', 'password': 'porsche9', 'salt': 'az0YHUuG', 'md5': '2707ecdd8943bc2b0cdf791d4605955d', 'sha1': 'c9dd963f009c9a6699d1e96499ec60a54edd5e73', 'sha256': 'e824a4da4dfeb6e9475e2c09eb1e613d743bea1f07ea6f4abdf51d6834460aaa'}, 'dob': {'date': '1950-04-10T13:56:30.073Z', 'age': 74}, 'registered': {'date': '2021-09-17T19:17:55.266Z', 'age': 2}, 'phone': '(067) K39-2369', 'cell': '(097) L76-0807', 'id': {'name': '', 'value': None}, 'picture': {'large': 'https://randomuser.me/api/portraits/men/21.jpg', 'medium': 'https://randomuser.me/api/portraits/med/men/21.jpg', 'thumbnail': 'https://randomuser.me/api/portraits/thumb/men/21.jpg'}, 'nat': 'UA'}</msg>
<arg>${json_data['results'][0]}</arg>
<doc>Logs the given message with the given level.</doc>
<status status="PASS" start="2024-07-02T21:14:20.399456" elapsed="0.000423"/>
</kw>
<kw name="Log" owner="BuiltIn">
<msg time="2024-07-02T21:14:20.400314" level="INFO">name</msg>
<arg>${key}</arg>
<doc>Logs the given message with the given level.</doc>
<status status="PASS" start="2024-07-02T21:14:20.400176" elapsed="0.000174"/>
</kw>
<var name="${key}">name</var>
<status status="PASS" start="2024-07-02T21:14:20.398781" elapsed="0.001786"/>
</iter>
<iter>
<kw name="Dictionary Should Contain Key" owner="Collections">
<arg>${json_data['results'][0]}</arg>
<arg>${key}</arg>
<doc>Fails if ``key`` is not found from ``dictionary``.</doc>
<status status="PASS" start="2024-07-02T21:14:20.400841" elapsed="0.000369"/>
</kw>
<kw name="Log" owner="BuiltIn">
<msg time="2024-07-02T21:14:20.401730" level="INFO">{'gender': 'male', 'name': {'title': 'Mr', 'first': 'Radoslav', 'last': 'Ternoviy'}, 'location': {'street': {'number': 815, 'name': 'Irpinska'}, 'city': 'Vasilivka', 'state': 'Chernivecka', 'country': 'Ukraine', 'postcode': 54608, 'coordinates': {'latitude': '77.8740', 'longitude': '-89.0694'}, 'timezone': {'offset': '-10:00', 'description': 'Hawaii'}}, 'email': 'radoslav.ternoviy@example.com', 'login': {'uuid': 'bd1162f7-06fc-48c5-8b93-81f3465f35af', 'username': 'organicduck565', 'password': 'porsche9', 'salt': 'az0YHUuG', 'md5': '2707ecdd8943bc2b0cdf791d4605955d', 'sha1': 'c9dd963f009c9a6699d1e96499ec60a54edd5e73', 'sha256': 'e824a4da4dfeb6e9475e2c09eb1e613d743bea1f07ea6f4abdf51d6834460aaa'}, 'dob': {'date': '1950-04-10T13:56:30.073Z', 'age': 74}, 'registered': {'date': '2021-09-17T19:17:55.266Z', 'age': 2}, 'phone': '(067) K39-2369', 'cell': '(097) L76-0807', 'id': {'name': '', 'value': None}, 'picture': {'large': 'https://randomuser.me/api/portraits/men/21.jpg', 'medium': 'https://randomuser.me/api/portraits/med/men/21.jpg', 'thumbnail': 'https://randomuser.me/api/portraits/thumb/men/21.jpg'}, 'nat': 'UA'}</msg>
<arg>${json_data['results'][0]}</arg>
<doc>Logs the given message with the given level.</doc>
<status status="PASS" start="2024-07-02T21:14:20.401387" elapsed="0.000426"/>
</kw>
<kw name="Log" owner="BuiltIn">
<msg time="2024-07-02T21:14:20.402254" level="INFO">location</msg>
<arg>${key}</arg>
<doc>Logs the given message with the given level.</doc>
<status status="PASS" start="2024-07-02T21:14:20.402126" elapsed="0.000165"/>
</kw>
<var name="${key}">location</var>
<status status="PASS" start="2024-07-02T21:14:20.400737" elapsed="0.001769"/>
</iter>
<iter>
<kw name="Dictionary Should Contain Key" owner="Collections">
<arg>${json_data['results'][0]}</arg>
<arg>${key}</arg>
<doc>Fails if ``key`` is not found from ``dictionary``.</doc>
<status status="PASS" start="2024-07-02T21:14:20.402776" elapsed="0.000381"/>
</kw>
<kw name="Log" owner="BuiltIn">
<msg time="2024-07-02T21:14:20.403684" level="INFO">{'gender': 'male', 'name': {'title': 'Mr', 'first': 'Radoslav', 'last': 'Ternoviy'}, 'location': {'street': {'number': 815, 'name': 'Irpinska'}, 'city': 'Vasilivka', 'state': 'Chernivecka', 'country': 'Ukraine', 'postcode': 54608, 'coordinates': {'latitude': '77.8740', 'longitude': '-89.0694'}, 'timezone': {'offset': '-10:00', 'description': 'Hawaii'}}, 'email': 'radoslav.ternoviy@example.com', 'login': {'uuid': 'bd1162f7-06fc-48c5-8b93-81f3465f35af', 'username': 'organicduck565', 'password': 'porsche9', 'salt': 'az0YHUuG', 'md5': '2707ecdd8943bc2b0cdf791d4605955d', 'sha1': 'c9dd963f009c9a6699d1e96499ec60a54edd5e73', 'sha256': 'e824a4da4dfeb6e9475e2c09eb1e613d743bea1f07ea6f4abdf51d6834460aaa'}, 'dob': {'date': '1950-04-10T13:56:30.073Z', 'age': 74}, 'registered': {'date': '2021-09-17T19:17:55.266Z', 'age': 2}, 'phone': '(067) K39-2369', 'cell': '(097) L76-0807', 'id': {'name': '', 'value': None}, 'picture': {'large': 'https://randomuser.me/api/portraits/men/21.jpg', 'medium': 'https://randomuser.me/api/portraits/med/men/21.jpg', 'thumbnail': 'https://randomuser.me/api/portraits/thumb/men/21.jpg'}, 'nat': 'UA'}</msg>
<arg>${json_data['results'][0]}</arg>
<doc>Logs the given message with the given level.</doc>
<status status="PASS" start="2024-07-02T21:14:20.403336" elapsed="0.000394"/>
</kw>
<kw name="Log" owner="BuiltIn">
<msg time="2024-07-02T21:14:20.404150" level="INFO">email</msg>
<arg>${key}</arg>
<doc>Logs the given message with the given level.</doc>
<status status="PASS" start="2024-07-02T21:14:20.404025" elapsed="0.000162"/>
</kw>
<var name="${key}">email</var>
<status status="PASS" start="2024-07-02T21:14:20.402672" elapsed="0.001728"/>
</iter>
<iter>
<kw name="Dictionary Should Contain Key" owner="Collections">
<arg>${json_data['results'][0]}</arg>
<arg>${key}</arg>
<doc>Fails if ``key`` is not found from ``dictionary``.</doc>
<status status="PASS" start="2024-07-02T21:14:20.404677" elapsed="0.000381"/>
</kw>
<kw name="Log" owner="BuiltIn">
<msg time="2024-07-02T21:14:20.405618" level="INFO">{'gender': 'male', 'name': {'title': 'Mr', 'first': 'Radoslav', 'last': 'Ternoviy'}, 'location': {'street': {'number': 815, 'name': 'Irpinska'}, 'city': 'Vasilivka', 'state': 'Chernivecka', 'country': 'Ukraine', 'postcode': 54608, 'coordinates': {'latitude': '77.8740', 'longitude': '-89.0694'}, 'timezone': {'offset': '-10:00', 'description': 'Hawaii'}}, 'email': 'radoslav.ternoviy@example.com', 'login': {'uuid': 'bd1162f7-06fc-48c5-8b93-81f3465f35af', 'username': 'organicduck565', 'password': 'porsche9', 'salt': 'az0YHUuG', 'md5': '2707ecdd8943bc2b0cdf791d4605955d', 'sha1': 'c9dd963f009c9a6699d1e96499ec60a54edd5e73', 'sha256': 'e824a4da4dfeb6e9475e2c09eb1e613d743bea1f07ea6f4abdf51d6834460aaa'}, 'dob': {'date': '1950-04-10T13:56:30.073Z', 'age': 74}, 'registered': {'date': '2021-09-17T19:17:55.266Z', 'age': 2}, 'phone': '(067) K39-2369', 'cell': '(097) L76-0807', 'id': {'name': '', 'value': None}, 'picture': {'large': 'https://randomuser.me/api/portraits/men/21.jpg', 'medium': 'https://randomuser.me/api/portraits/med/men/21.jpg', 'thumbnail': 'https://randomuser.me/api/portraits/thumb/men/21.jpg'}, 'nat': 'UA'}</msg>
<arg>${json_data['results'][0]}</arg>
<doc>Logs the given message with the given level.</doc>
<status status="PASS" start="2024-07-02T21:14:20.405235" elapsed="0.000428"/>
</kw>
<kw name="Log" owner="BuiltIn">
<msg time="2024-07-02T21:14:20.406112" level="INFO">login</msg>
<arg>${key}</arg>
<doc>Logs the given message with the given level.</doc>
<status status="PASS" start="2024-07-02T21:14:20.405986" elapsed="0.000162"/>
</kw>
<var name="${key}">login</var>
<status status="PASS" start="2024-07-02T21:14:20.404567" elapsed="0.001801"/>
</iter>
<var>${key}</var>
<value>@{expected_keys}</value>
<status status="PASS" start="2024-07-02T21:14:20.396579" elapsed="0.009909"/>
</for>
<kw name="Create List" owner="BuiltIn">
<msg time="2024-07-02T21:14:20.406809" level="INFO">${expected_keysTwo} = ['username', 'password']</msg>
<var>${expected_keysTwo}</var>
<arg>username</arg>
<arg>password</arg>
<doc>Returns a list containing given items.</doc>
<status status="PASS" start="2024-07-02T21:14:20.406675" elapsed="0.000157"/>
</kw>
<for flavor="IN">
<iter>
<kw name="Dictionary Should Contain Key" owner="Collections">
<arg>${json_data['results'][0]['login']}</arg>
<arg>${keyTwo}</arg>
<doc>Fails if ``key`` is not found from ``dictionary``.</doc>
<status status="PASS" start="2024-07-02T21:14:20.407351" elapsed="0.000375"/>
</kw>
<kw name="Dictionary Should Contain Key" owner="Collections">
<arg>${json_data['results'][0]['login']}</arg>
<arg>${keyTwo}</arg>
<doc>Fails if ``key`` is not found from ``dictionary``.</doc>
<status status="PASS" start="2024-07-02T21:14:20.407904" elapsed="0.000366"/>
</kw>
<kw name="Log" owner="BuiltIn">
<msg time="2024-07-02T21:14:20.408579" level="INFO">username</msg>
<arg>${keyTwo}</arg>
<doc>Logs the given message with the given level.</doc>
<status status="PASS" start="2024-07-02T21:14:20.408454" elapsed="0.000162"/>
</kw>
<var name="${keyTwo}">username</var>
<status status="PASS" start="2024-07-02T21:14:20.407244" elapsed="0.001590"/>
</iter>
<iter>
<kw name="Dictionary Should Contain Key" owner="Collections">
<arg>${json_data['results'][0]['login']}</arg>
<arg>${keyTwo}</arg>
<doc>Fails if ``key`` is not found from ``dictionary``.</doc>
<status status="PASS" start="2024-07-02T21:14:20.409108" elapsed="0.000400"/>
</kw>
<kw name="Dictionary Should Contain Key" owner="Collections">
<arg>${json_data['results'][0]['login']}</arg>
<arg>${keyTwo}</arg>
<doc>Fails if ``key`` is not found from ``dictionary``.</doc>
<status status="PASS" start="2024-07-02T21:14:20.409689" elapsed="0.000449"/>
</kw>
<kw name="Log" owner="BuiltIn">
<msg time="2024-07-02T21:14:20.410443" level="INFO">password</msg>
<arg>${keyTwo}</arg>
<doc>Logs the given message with the given level.</doc>
<status status="PASS" start="2024-07-02T21:14:20.410323" elapsed="0.000161"/>
</kw>
<var name="${keyTwo}">password</var>
<status status="PASS" start="2024-07-02T21:14:20.409004" elapsed="0.001697"/>
</iter>
<var>${keyTwo}</var>
<value>@{expected_keysTwo}</value>
<status status="PASS" start="2024-07-02T21:14:20.407093" elapsed="0.003727"/>
</for>
<status status="PASS" start="2024-07-02T21:14:20.304431" elapsed="0.106527"/>
</kw>
<doc>Testa a estrutura da resposta da API.</doc>
<tag>testeEstruturaResposta</tag>
<status status="PASS" start="2024-07-02T21:14:20.303907" elapsed="0.107197"/>
</test>
<test id="s1-s1-t4" name="Validar tipos de dados" line="28">
<kw name="Teste de Tipos de Dados" owner="random-user-service">
<kw name="GET On Session" owner="RequestsLibrary">
<msg time="2024-07-02T21:14:20.525617" level="INFO">GET Request : url=https://randomuser.me/api 
 path_url=/api 
 headers={'User-Agent': 'python-requests/2.32.3', 'Accept-Encoding': 'gzip, deflate', 'Accept': '*/*', 'Connection': 'keep-alive'} 
 body=None 
 </msg>
<msg time="2024-07-02T21:14:20.525696" level="INFO">GET Response : url=https://randomuser.me/api 
 status=200, reason=OK 
 headers={'Date': 'Tue, 02 Jul 2024 21:14:20 GMT', 'Content-Type': 'application/json; charset=utf-8', 'Transfer-Encoding': 'chunked', 'Connection': 'keep-alive', 'X-Powered-By': 'Express', 'Access-Control-Allow-Origin': '*', 'Cache-Control': 'no-cache', 'ETag': 'W/"479-h6kPWi0Y7pLnULtLBUuIziyjS3s"', 'Vary': 'Accept-Encoding', 'Content-Encoding': 'gzip', 'CF-Cache-Status': 'DYNAMIC', 'Report-To': '{"endpoints":[{"url":"https:\\/\\/a.nel.cloudflare.com\\/report\\/v4?s=uEFdOl3JdEzHBKsP2A7OG0ueCfrbbuUlVTcRwVOt%2BLdFE0OjbNuMMXwDN8FrgLKiteXSxdf%2BbtZBI63%2BEyZnK3oT%2FzjlFnACn3jVptCKcUsLKmKmpPnns1i1nNyPxoZU"}],"group":"cf-nel","max_age":604800}', 'NEL': '{"success_fraction":0,"report_to":"cf-nel","max_age":604800}', 'Server': 'cloudflare', 'CF-RAY': '89d1a5159d5b59c8-IAD', 'alt-svc': 'h3=":443"; ma=86400'} 
 body={"results":[{"gender":"female","name":{"title":"Miss","first":"Erin","last":"Caldwell"},"location":{"street":{"number":7223,"name":"Pearse Street"},"city":"Dungarvan","state":"Longford","country":"Ireland","postcode":15745,"coordinates":{"latitude":"1.9218","longitude":"77.5278"},"timezone":{"offset":"-2:00","description":"Mid-Atlantic"}},"email":"erin.caldwell@example.com","login":{"uuid":"5145ba59-174e-4c48-aa25-3c182559390c","username":"greenduck783","password":"bigal","salt":"Cs4XqH4P","md5":"5d562ec9969e4b43f13bc8233e5cd33a","sha1":"c7492db9bf5855f78a5d349cc2642c12fd5c6592","sha256":"2ae5308c09aabb3406bd1a21d19827aae3718f78a2d55b6c68491dcdd9af6e00"},"dob":{"date":"1949-06-13T14:22:38.626Z","age":75},"registered":{"date":"2013-05-23T23:38:57.187Z","age":11},"phone":"031-352-5074","cell":"081-467-5802","id":{"name":"PPS","value":"9502225T"},"picture":{"large":"https://randomuser.me/api/portraits/women/13.jpg","medium":"https://randomuser.me/api/portraits/med/women/13.jpg","thumbnail":"https://randomuser.me/api/portraits/thumb/women/13.jpg"},"nat":"IE"}],"info":{"seed":"2b2ec9546d4d4ed8","results":1,"page":1,"version":"1.4"}} 
 </msg>
<msg time="2024-07-02T21:14:20.525782" level="INFO">/opt/hostedtoolcache/Python/3.12.4/x64/lib/python3.12/site-packages/urllib3/connectionpool.py:1099: InsecureRequestWarning: Unverified HTTPS request is being made to host 'randomuser.me'. Adding certificate verification is strongly advised. See: https://urllib3.readthedocs.io/en/latest/advanced-usage.html#tls-warnings
  warnings.warn(</msg>
<msg time="2024-07-02T21:14:20.525892" level="INFO">${response} = &lt;Response [200]&gt;</msg>
<var>${response}</var>
<arg>consultarAPI</arg>
<arg>/api</arg>
<doc>Sends a GET request on a previously created HTTP Session.</doc>
<status status="PASS" start="2024-07-02T21:14:20.413592" elapsed="0.112344"/>
</kw>
<kw name="Set Variable" owner="BuiltIn">
<msg time="2024-07-02T21:14:20.526731" level="INFO">${json_data} = {'results': [{'gender': 'female', 'name': {'title': 'Miss', 'first': 'Erin', 'last': 'Caldwell'}, 'location': {'street': {'number': 7223, 'name': 'Pearse Street'}, 'city': 'Dungarvan', 'state': 'Longf...</msg>
<var>${json_data}</var>
<arg>${response.json()}</arg>
<doc>Returns the given values which can then be assigned to a variables.</doc>
<status status="PASS" start="2024-07-02T21:14:20.526283" elapsed="0.000474"/>
</kw>
<kw name="Log" owner="BuiltIn">
<msg time="2024-07-02T21:14:20.527213" level="INFO">{'results': [{'gender': 'female', 'name': {'title': 'Miss', 'first': 'Erin', 'last': 'Caldwell'}, 'location': {'street': {'number': 7223, 'name': 'Pearse Street'}, 'city': 'Dungarvan', 'state': 'Longford', 'country': 'Ireland', 'postcode': 15745, 'coordinates': {'latitude': '1.9218', 'longitude': '77.5278'}, 'timezone': {'offset': '-2:00', 'description': 'Mid-Atlantic'}}, 'email': 'erin.caldwell@example.com', 'login': {'uuid': '5145ba59-174e-4c48-aa25-3c182559390c', 'username': 'greenduck783', 'password': 'bigal', 'salt': 'Cs4XqH4P', 'md5': '5d562ec9969e4b43f13bc8233e5cd33a', 'sha1': 'c7492db9bf5855f78a5d349cc2642c12fd5c6592', 'sha256': '2ae5308c09aabb3406bd1a21d19827aae3718f78a2d55b6c68491dcdd9af6e00'}, 'dob': {'date': '1949-06-13T14:22:38.626Z', 'age': 75}, 'registered': {'date': '2013-05-23T23:38:57.187Z', 'age': 11}, 'phone': '031-352-5074', 'cell': '081-467-5802', 'id': {'name': 'PPS', 'value': '9502225T'}, 'picture': {'large': 'https://randomuser.me/api/portraits/women/13.jpg', 'medium': 'https://randomuser.me/api/portraits/med/women/13.jpg', 'thumbnail': 'https://randomuser.me/api/portraits/thumb/women/13.jpg'}, 'nat': 'IE'}], 'info': {'seed': '2b2ec9546d4d4ed8', 'results': 1, 'page': 1, 'version': '1.4'}}</msg>
<arg>${json_data}</arg>
<doc>Logs the given message with the given level.</doc>
<status status="PASS" start="2024-07-02T21:14:20.527064" elapsed="0.000194"/>
</kw>
<kw name="Should Be String" owner="String">
<arg>${json_data['results'][0]['gender']}</arg>
<doc>Fails if the given ``item`` is not a string.</doc>
<status status="PASS" start="2024-07-02T21:14:20.527551" elapsed="0.000361"/>
</kw>
<kw name="Should Match Regexp" owner="BuiltIn">
<arg>${json_data['results'][0]['email']}</arg>
<arg>^[a-zA-Z0-9._%+-]+@[a-zA-Z0-9.-]+\.[a-zA-Z]{2,}$</arg>
<doc>Fails if ``string`` does not match ``pattern`` as a regular expression.</doc>
<status status="PASS" start="2024-07-02T21:14:20.528097" elapsed="0.000503"/>
</kw>
<kw name="Should Match Regexp" owner="BuiltIn">
<arg>${json_data['results'][0]['dob']['date']}</arg>
<arg>\\d{4}-\\d{2}-\\d{2}T\\d{2}:\\d{2}:\\d{2}\\.\\d{3}Z</arg>
<doc>Fails if ``string`` does not match ``pattern`` as a regular expression.</doc>
<status status="PASS" start="2024-07-02T21:14:20.528821" elapsed="0.000482"/>
</kw>
<kw name="Should Match Regexp" owner="BuiltIn">
<arg>${json_data['results'][0]['registered']['date']}</arg>
<arg>\\d{4}-\\d{2}-\\d{2}T\\d{2}:\\d{2}:\\d{2}\\.\\d{3}Z</arg>
<doc>Fails if ``string`` does not match ``pattern`` as a regular expression.</doc>
<status status="PASS" start="2024-07-02T21:14:20.529488" elapsed="0.000420"/>
</kw>
<kw name="Should Match Regexp" owner="BuiltIn">
<arg>${json_data['results'][0]['picture']['large']}</arg>
<arg>^https?://.*\.(?:png|jpe?g|gif|bmp)$</arg>
<doc>Fails if ``string`` does not match ``pattern`` as a regular expression.</doc>
<status status="PASS" start="2024-07-02T21:14:20.530101" elapsed="0.000473"/>
</kw>
<kw name="Should Match Regexp" owner="BuiltIn">
<arg>${json_data['results'][0]['picture']['medium']}</arg>
<arg>^https?://.*\.(?:png|jpe?g|gif|bmp)$</arg>
<doc>Fails if ``string`` does not match ``pattern`` as a regular expression.</doc>
<status status="PASS" start="2024-07-02T21:14:20.530760" elapsed="0.000348"/>
</kw>
<kw name="Should Match Regexp" owner="BuiltIn">
<arg>${json_data['results'][0]['picture']['thumbnail']}</arg>
<arg>^https?://.*\.(?:png|jpe?g|gif|bmp)$</arg>
<doc>Fails if ``string`` does not match ``pattern`` as a regular expression.</doc>
<status status="PASS" start="2024-07-02T21:14:20.531288" elapsed="0.000345"/>
</kw>
<kw name="Log" owner="BuiltIn">
<msg time="2024-07-02T21:14:20.532153" level="INFO">{'large': 'https://randomuser.me/api/portraits/women/13.jpg', 'medium': 'https://randomuser.me/api/portraits/med/women/13.jpg', 'thumbnail': 'https://randomuser.me/api/portraits/thumb/women/13.jpg'}</msg>
<arg>${json_data['results'][0]['picture']}</arg>
<doc>Logs the given message with the given level.</doc>
<status status="PASS" start="2024-07-02T21:14:20.531814" elapsed="0.000380"/>
</kw>
<status status="PASS" start="2024-07-02T21:14:20.413370" elapsed="0.119073"/>
</kw>
<kw name="Teste de Tipos de Dados - Postcode" owner="random-user-service">
<kw name="GET On Session" owner="RequestsLibrary">
<msg time="2024-07-02T21:14:20.601662" level="INFO">GET Request : url=https://randomuser.me/api 
 path_url=/api 
 headers={'User-Agent': 'python-requests/2.32.3', 'Accept-Encoding': 'gzip, deflate', 'Accept': '*/*', 'Connection': 'keep-alive'} 
 body=None 
 </msg>
<msg time="2024-07-02T21:14:20.601741" level="INFO">GET Response : url=https://randomuser.me/api 
 status=200, reason=OK 
 headers={'Date': 'Tue, 02 Jul 2024 21:14:20 GMT', 'Content-Type': 'application/json; charset=utf-8', 'Transfer-Encoding': 'chunked', 'Connection': 'keep-alive', 'X-Powered-By': 'Express', 'Access-Control-Allow-Origin': '*', 'Cache-Control': 'no-cache', 'ETag': 'W/"4a8-CPCV7WbiFgW2K8toJwmlmCB6y8Q"', 'Vary': 'Accept-Encoding', 'Content-Encoding': 'gzip', 'CF-Cache-Status': 'DYNAMIC', 'Report-To': '{"endpoints":[{"url":"https:\\/\\/a.nel.cloudflare.com\\/report\\/v4?s=Rs%2F1pzbzFCiz9GptqGJUVnRErmFXMNc2YGEj9F69IRTDdGY6uuyyLhB9dYXrXWRspP2uhmQM6q3erXJ6L%2FbYVCoKuVhGUR3t3LGhwlHsrsoYFof4Fu%2BZFMpefiAMPNGt"}],"group":"cf-nel","max_age":604800}', 'NEL': '{"success_fraction":0,"report_to":"cf-nel","max_age":604800}', 'Server': 'cloudflare', 'CF-RAY': '89d1a5165e2259c8-IAD', 'alt-svc': 'h3=":443"; ma=86400'} 
 body={"results":[{"gender":"female","name":{"title":"Ms","first":"Melina","last":"Radovanović"},"location":{"street":{"number":3607,"name":"Slavka Vukosavljevića"},"city":"Malo Crniće","state":"North Bačka","country":"Serbia","postcode":45959,"coordinates":{"latitude":"56.2091","longitude":"67.4361"},"timezone":{"offset":"+4:00","description":"Abu Dhabi, Muscat, Baku, Tbilisi"}},"email":"melina.radovanovic@example.com","login":{"uuid":"89b95c76-63f9-424b-99b1-e8618554ddc3","username":"bigswan596","password":"pingpong","salt":"m0JkpRgJ","md5":"b76aa1a4d64983e9aaf9367be2445bf6","sha1":"993d90c446cec6aa39b6d1dafe7b6e2067afb82a","sha256":"2cdc09771eb30afa200c5bc72dea480a11b6a410340162202e00086032f491d9"},"dob":{"date":"1966-04-21T02:11:42.706Z","age":58},"registered":{"date":"2004-01-26T14:48:23.066Z","age":20},"phone":"023-3887-218","cell":"066-4602-482","id":{"name":"SID","value":"531960478"},"picture":{"large":"https://randomuser.me/api/portraits/women/50.jpg","medium":"https://randomuser.me/api/portraits/med/women/50.jpg","thumbnail":"https://randomuser.me/api/portraits/thumb/women/50.jpg"},"nat":"RS"}],"info":{"seed":"249e4a0372235e5b","results":1,"page":1,"version":"1.4"}} 
 </msg>
<msg time="2024-07-02T21:14:20.601840" level="INFO">/opt/hostedtoolcache/Python/3.12.4/x64/lib/python3.12/site-packages/urllib3/connectionpool.py:1099: InsecureRequestWarning: Unverified HTTPS request is being made to host 'randomuser.me'. Adding certificate verification is strongly advised. See: https://urllib3.readthedocs.io/en/latest/advanced-usage.html#tls-warnings
  warnings.warn(</msg>
<msg time="2024-07-02T21:14:20.601954" level="INFO">${response} = &lt;Response [200]&gt;</msg>
<var>${response}</var>
<arg>consultarAPI</arg>
<arg>/api</arg>
<doc>Sends a GET request on a previously created HTTP Session.</doc>
<status status="PASS" start="2024-07-02T21:14:20.532866" elapsed="0.069130"/>
</kw>
<kw name="Set Variable" owner="BuiltIn">
<msg time="2024-07-02T21:14:20.602800" level="INFO">${json_data} = {'results': [{'gender': 'female', 'name': {'title': 'Ms', 'first': 'Melina', 'last': 'Radovanović'}, 'location': {'street': {'number': 3607, 'name': 'Slavka Vukosavljevića'}, 'city': 'Malo Crniće', 's...</msg>
<var>${json_data}</var>
<arg>${response.json()}</arg>
<doc>Returns the given values which can then be assigned to a variables.</doc>
<status status="PASS" start="2024-07-02T21:14:20.602346" elapsed="0.000484"/>
</kw>
<kw name="Log" owner="BuiltIn">
<msg time="2024-07-02T21:14:20.603290" level="INFO">{'results': [{'gender': 'female', 'name': {'title': 'Ms', 'first': 'Melina', 'last': 'Radovanović'}, 'location': {'street': {'number': 3607, 'name': 'Slavka Vukosavljevića'}, 'city': 'Malo Crniće', 'state': 'North Bačka', 'country': 'Serbia', 'postcode': 45959, 'coordinates': {'latitude': '56.2091', 'longitude': '67.4361'}, 'timezone': {'offset': '+4:00', 'description': 'Abu Dhabi, Muscat, Baku, Tbilisi'}}, 'email': 'melina.radovanovic@example.com', 'login': {'uuid': '89b95c76-63f9-424b-99b1-e8618554ddc3', 'username': 'bigswan596', 'password': 'pingpong', 'salt': 'm0JkpRgJ', 'md5': 'b76aa1a4d64983e9aaf9367be2445bf6', 'sha1': '993d90c446cec6aa39b6d1dafe7b6e2067afb82a', 'sha256': '2cdc09771eb30afa200c5bc72dea480a11b6a410340162202e00086032f491d9'}, 'dob': {'date': '1966-04-21T02:11:42.706Z', 'age': 58}, 'registered': {'date': '2004-01-26T14:48:23.066Z', 'age': 20}, 'phone': '023-3887-218', 'cell': '066-4602-482', 'id': {'name': 'SID', 'value': '531960478'}, 'picture': {'large': 'https://randomuser.me/api/portraits/women/50.jpg', 'medium': 'https://randomuser.me/api/portraits/med/women/50.jpg', 'thumbnail': 'https://randomuser.me/api/portraits/thumb/women/50.jpg'}, 'nat': 'RS'}], 'info': {'seed': '249e4a0372235e5b', 'results': 1, 'page': 1, 'version': '1.4'}}</msg>
<arg>${json_data}</arg>
<doc>Logs the given message with the given level.</doc>
<status status="PASS" start="2024-07-02T21:14:20.603133" elapsed="0.000211"/>
</kw>
<kw name="Should Be Equal As Numbers" owner="BuiltIn">
<arg>${json_data['results'][0]['location']['postcode']}</arg>
<arg>${json_data['results'][0]['location']['postcode']}</arg>
<doc>Fails if objects are unequal after converting them to real numbers.</doc>
<status status="PASS" start="2024-07-02T21:14:20.603633" elapsed="0.000608"/>
</kw>
<kw name="Log" owner="BuiltIn">
<msg time="2024-07-02T21:14:20.604754" level="INFO">45959</msg>
<arg>${json_data['results'][0]['location']['postcode']}</arg>
<doc>Logs the given message with the given level.</doc>
<status status="PASS" start="2024-07-02T21:14:20.604425" elapsed="0.000369"/>
</kw>
<status status="PASS" start="2024-07-02T21:14:20.532651" elapsed="0.072413"/>
</kw>
<doc>Testa se os tipos de dados na resposta da API estão corretos.</doc>
<tag>testeTiposDados</tag>
<status status="PASS" start="2024-07-02T21:14:20.412840" elapsed="0.192380"/>
</test>
<test id="s1-s1-t5" name="Validar conteudo" line="35">
<kw name="Teste de Tipos de Conteudo" owner="random-user-service">
<kw name="GET On Session" owner="RequestsLibrary">
<msg time="2024-07-02T21:14:20.699393" level="INFO">GET Request : url=https://randomuser.me/api 
 path_url=/api 
 headers={'User-Agent': 'python-requests/2.32.3', 'Accept-Encoding': 'gzip, deflate', 'Accept': '*/*', 'Connection': 'keep-alive'} 
 body=None 
 </msg>
<msg time="2024-07-02T21:14:20.699470" level="INFO">GET Response : url=https://randomuser.me/api 
 status=200, reason=OK 
 headers={'Date': 'Tue, 02 Jul 2024 21:14:20 GMT', 'Content-Type': 'application/json; charset=utf-8', 'Transfer-Encoding': 'chunked', 'Connection': 'keep-alive', 'X-Powered-By': 'Express', 'Access-Control-Allow-Origin': '*', 'Cache-Control': 'no-cache', 'ETag': 'W/"48f-SHBCmALROE8lbcR71mDNn0y6qjs"', 'Vary': 'Accept-Encoding', 'Content-Encoding': 'gzip', 'CF-Cache-Status': 'DYNAMIC', 'Report-To': '{"endpoints":[{"url":"https:\\/\\/a.nel.cloudflare.com\\/report\\/v4?s=mqyxM5wxJOdVVYWeN4%2FNCDgNLY1JbYZYCDQMa9kYnMDjTPzPCytaqLVlSlxwJfiBVze3Ge0dl7xQpL1bbKJhw2x5a62PliPx%2BDm%2BcHVsF%2BwNcNiTGFVk%2Bgx%2F%2B5QxkZw6"}],"group":"cf-nel","max_age":604800}', 'NEL': '{"success_fraction":0,"report_to":"cf-nel","max_age":604800}', 'Server': 'cloudflare', 'CF-RAY': '89d1a516de8e59c8-IAD', 'alt-svc': 'h3=":443"; ma=86400'} 
 body={"results":[{"gender":"female","name":{"title":"Mrs","first":"Annabelle","last":"Gagnon"},"location":{"street":{"number":1476,"name":"20th Ave"},"city":"Borden","state":"British Columbia","country":"Canada","postcode":"U7E 6H8","coordinates":{"latitude":"-72.4549","longitude":"141.0947"},"timezone":{"offset":"-12:00","description":"Eniwetok, Kwajalein"}},"email":"annabelle.gagnon@example.com","login":{"uuid":"24702012-1b41-4ced-985a-720d80b3d802","username":"purpleladybug247","password":"feng","salt":"RthX6YMG","md5":"836f5b5b3dde6637c1f7e5dc1a59c34b","sha1":"e596e008d6a1bc7c9c7f78b42be59a3c19ff2c2c","sha256":"1c497a0c956124ee2bce6ab4e5dbed20eddaca4bce29fe4bedb18a010a2b5481"},"dob":{"date":"1946-05-23T19:48:15.148Z","age":78},"registered":{"date":"2018-08-17T00:07:37.465Z","age":5},"phone":"B71 V50-1294","cell":"L11 B90-8023","id":{"name":"SIN","value":"914294079"},"picture":{"large":"https://randomuser.me/api/portraits/women/54.jpg","medium":"https://randomuser.me/api/portraits/med/women/54.jpg","thumbnail":"https://randomuser.me/api/portraits/thumb/women/54.jpg"},"nat":"CA"}],"info":{"seed":"c89836ea95752321","results":1,"page":1,"version":"1.4"}} 
 </msg>
<msg time="2024-07-02T21:14:20.699550" level="INFO">/opt/hostedtoolcache/Python/3.12.4/x64/lib/python3.12/site-packages/urllib3/connectionpool.py:1099: InsecureRequestWarning: Unverified HTTPS request is being made to host 'randomuser.me'. Adding certificate verification is strongly advised. See: https://urllib3.readthedocs.io/en/latest/advanced-usage.html#tls-warnings
  warnings.warn(</msg>
<msg time="2024-07-02T21:14:20.699680" level="INFO">${response} = &lt;Response [200]&gt;</msg>
<var>${response}</var>
<arg>consultarAPI</arg>
<arg>/api</arg>
<doc>Sends a GET request on a previously created HTTP Session.</doc>
<status status="PASS" start="2024-07-02T21:14:20.608197" elapsed="0.091535"/>
</kw>
<kw name="Set Variable" owner="BuiltIn">
<msg time="2024-07-02T21:14:20.700566" level="INFO">${json_data} = {'results': [{'gender': 'female', 'name': {'title': 'Mrs', 'first': 'Annabelle', 'last': 'Gagnon'}, 'location': {'street': {'number': 1476, 'name': '20th Ave'}, 'city': 'Borden', 'state': 'British Col...</msg>
<var>${json_data}</var>
<arg>${response.json()}</arg>
<doc>Returns the given values which can then be assigned to a variables.</doc>
<status status="PASS" start="2024-07-02T21:14:20.700131" elapsed="0.000463"/>
</kw>
<kw name="Set Variable" owner="BuiltIn">
<msg time="2024-07-02T21:14:20.701261" level="INFO">${name_title} = Mrs</msg>
<var>${name_title}</var>
<arg>${json_data["results"][0]["name"]["title"]}</arg>
<doc>Returns the given values which can then be assigned to a variables.</doc>
<status status="PASS" start="2024-07-02T21:14:20.700892" elapsed="0.000393"/>
</kw>
<kw name="Create List" owner="BuiltIn">
<msg time="2024-07-02T21:14:20.701723" level="INFO">${allowed_titles} = ['Mr', 'Ms', 'Miss', 'Mrs', 'Madame', 'Monsieur']</msg>
<var>${allowed_titles}</var>
<arg>Mr</arg>
<arg>Ms</arg>
<arg>Miss</arg>
<arg>Mrs</arg>
<arg>Madame</arg>
<arg>Monsieur</arg>
<doc>Returns a list containing given items.</doc>
<status status="PASS" start="2024-07-02T21:14:20.701576" elapsed="0.000171"/>
</kw>
<kw name="List Should Contain Value" owner="Collections">
<arg>${allowed_titles}</arg>
<arg>${name_title}</arg>
<doc>Fails if the ``value`` is not found from ``list``.</doc>
<status status="PASS" start="2024-07-02T21:14:20.702107" elapsed="0.000172"/>
</kw>
<kw name="Set Variable" owner="BuiltIn">
<msg time="2024-07-02T21:14:20.702823" level="INFO">${name_country} = CA</msg>
<var>${name_country}</var>
<arg>${json_data["results"][0]["nat"]}</arg>
<doc>Returns the given values which can then be assigned to a variables.</doc>
<status status="PASS" start="2024-07-02T21:14:20.702465" elapsed="0.000381"/>
</kw>
<kw name="Create List" owner="BuiltIn">
<msg time="2024-07-02T21:14:20.703733" level="INFO">${list_country} = ['AD', 'AE', 'AF', 'AG', 'AI', 'AL', 'AM', 'AO', 'AQ', 'AR', 'AS', 'AT', 'AU', 'AW', 'AX', 'AZ', 'BA', 'BB', 'BD', 'BE', 'BF', 'BG', 'BH', 'BI', 'BJ', 'BL', 'BM', 'BN', 'BO', 'BQ', 'BR', 'BS', 'BT', '...</msg>
<var>${list_country}</var>
<arg>AD</arg>
<arg>AE</arg>
<arg>AF</arg>
<arg>AG</arg>
<arg>AI</arg>
<arg>AL</arg>
<arg>AM</arg>
<arg>AO</arg>
<arg>AQ</arg>
<arg>AR</arg>
<arg>AS</arg>
<arg>AT</arg>
<arg>AU</arg>
<arg>AW</arg>
<arg>AX</arg>
<arg>AZ</arg>
<arg>BA</arg>
<arg>BB</arg>
<arg>BD</arg>
<arg>BE</arg>
<arg>BF</arg>
<arg>BG</arg>
<arg>BH</arg>
<arg>BI</arg>
<arg>BJ</arg>
<arg>BL</arg>
<arg>BM</arg>
<arg>BN</arg>
<arg>BO</arg>
<arg>BQ</arg>
<arg>BR</arg>
<arg>BS</arg>
<arg>BT</arg>
<arg>BV</arg>
<arg>BW</arg>
<arg>BY</arg>
<arg>BZ</arg>
<arg>CA</arg>
<arg>CC</arg>
<arg>CD</arg>
<arg>CF</arg>
<arg>CG</arg>
<arg>CH</arg>
<arg>CI</arg>
<arg>CK</arg>
<arg>CL</arg>
<arg>CM</arg>
<arg>CN</arg>
<arg>CO</arg>
<arg>CR</arg>
<arg>CU</arg>
<arg>CV</arg>
<arg>CW</arg>
<arg>CX</arg>
<arg>CY</arg>
<arg>CZ</arg>
<arg>DE</arg>
<arg>DJ</arg>
<arg>DK</arg>
<arg>DM</arg>
<arg>DO</arg>
<arg>DZ</arg>
<arg>EC</arg>
<arg>EE</arg>
<arg>EG</arg>
<arg>EH</arg>
<arg>ER</arg>
<arg>ES</arg>
<arg>ET</arg>
<arg>FI</arg>
<arg>FJ</arg>
<arg>FK</arg>
<arg>FM</arg>
<arg>FO</arg>
<arg>FR</arg>
<arg>GA</arg>
<arg>GB</arg>
<arg>GD</arg>
<arg>GE</arg>
<arg>GF</arg>
<arg>GG</arg>
<arg>GH</arg>
<arg>GI</arg>
<arg>GL</arg>
<arg>GM</arg>
<arg>GN</arg>
<arg>GP</arg>
<arg>GQ</arg>
<arg>GR</arg>
<arg>GS</arg>
<arg>GT</arg>
<arg>GU</arg>
<arg>GW</arg>
<arg>GY</arg>
<arg>HK</arg>
<arg>HM</arg>
<arg>HN</arg>
<arg>HR</arg>
<arg>HT</arg>
<arg>HU</arg>
<arg>ID</arg>
<arg>IE</arg>
<arg>IL</arg>
<arg>IM</arg>
<arg>IN</arg>
<arg>IO</arg>
<arg>IQ</arg>
<arg>IR</arg>
<arg>IS</arg>
<arg>IT</arg>
<arg>JE</arg>
<arg>JM</arg>
<arg>JO</arg>
<arg>JP</arg>
<arg>KE</arg>
<arg>KG</arg>
<arg>KH</arg>
<arg>KI</arg>
<arg>KM</arg>
<arg>KN</arg>
<arg>KP</arg>
<arg>KR</arg>
<arg>KW</arg>
<arg>KY</arg>
<arg>KZ</arg>
<arg>LA</arg>
<arg>LB</arg>
<arg>LC</arg>
<arg>LI</arg>
<arg>LK</arg>
<arg>LR</arg>
<arg>LS</arg>
<arg>LT</arg>
<arg>LU</arg>
<arg>LV</arg>
<arg>LY</arg>
<arg>MA</arg>
<arg>MC</arg>
<arg>MD</arg>
<arg>ME</arg>
<arg>MF</arg>
<arg>MG</arg>
<arg>MH</arg>
<arg>MK</arg>
<arg>ML</arg>
<arg>MM</arg>
<arg>MN</arg>
<arg>MO</arg>
<arg>MP</arg>
<arg>MQ</arg>
<arg>MR</arg>
<arg>MS</arg>
<arg>MT</arg>
<arg>MU</arg>
<arg>MV</arg>
<arg>MW</arg>
<arg>MX</arg>
<arg>MY</arg>
<arg>MZ</arg>
<arg>NA</arg>
<arg>NC</arg>
<arg>NE</arg>
<arg>NF</arg>
<arg>NG</arg>
<arg>NI</arg>
<arg>NL</arg>
<arg>NO</arg>
<arg>NP</arg>
<arg>NR</arg>
<arg>NU</arg>
<arg>NZ</arg>
<arg>OM</arg>
<arg>PA</arg>
<arg>PE</arg>
<arg>PF</arg>
<arg>PG</arg>
<arg>PH</arg>
<arg>PK</arg>
<arg>PL</arg>
<arg>PM</arg>
<arg>PN</arg>
<arg>PR</arg>
<arg>PS</arg>
<arg>PT</arg>
<arg>PW</arg>
<arg>PY</arg>
<arg>QA</arg>
<arg>RE</arg>
<arg>RO</arg>
<arg>RS</arg>
<arg>RU</arg>
<arg>RW</arg>
<arg>SA</arg>
<arg>SB</arg>
<arg>SC</arg>
<arg>SD</arg>
<arg>SE</arg>
<arg>SG</arg>
<arg>SH</arg>
<arg>SI</arg>
<arg>SJ</arg>
<arg>SK</arg>
<arg>SL</arg>
<arg>SM</arg>
<arg>SN</arg>
<arg>SO</arg>
<arg>SR</arg>
<arg>SS</arg>
<arg>ST</arg>
<arg>SV</arg>
<arg>SX</arg>
<arg>SY</arg>
<arg>SZ</arg>
<arg>TC</arg>
<arg>TD</arg>
<arg>TF</arg>
<arg>TG</arg>
<arg>TH</arg>
<arg>TJ</arg>
<arg>TK</arg>
<arg>TL</arg>
<arg>TM</arg>
<arg>TN</arg>
<arg>TO</arg>
<arg>TR</arg>
<arg>TT</arg>
<arg>TV</arg>
<arg>TW</arg>
<arg>TZ</arg>
<arg>UA</arg>
<arg>UG</arg>
<arg>UM</arg>
<arg>US</arg>
<arg>UY</arg>
<arg>UZ</arg>
<arg>VA</arg>
<arg>VC</arg>
<arg>VE</arg>
<arg>VG</arg>
<arg>VI</arg>
<arg>VN</arg>
<arg>VU</arg>
<arg>WF</arg>
<arg>WS</arg>
<arg>XK</arg>
<arg>YE</arg>
<arg>YT</arg>
<arg>ZA</arg>
<arg>ZM</arg>
<arg>ZW</arg>
<doc>Returns a list containing given items.</doc>
<status status="PASS" start="2024-07-02T21:14:20.703134" elapsed="0.000623"/>
</kw>
<kw name="List Should Contain Value" owner="Collections">
<arg>${list_country}</arg>
<arg>${name_country}</arg>
<doc>Fails if the ``value`` is not found from ``list``.</doc>
<status status="PASS" start="2024-07-02T21:14:20.704549" elapsed="0.000199"/>
</kw>
<kw name="Run Keyword If" owner="BuiltIn">
<kw name="Should Be True" owner="BuiltIn">
<arg>${True}</arg>
<doc>Fails if the given condition is not true.</doc>
<status status="PASS" start="2024-07-02T21:14:20.705673" elapsed="0.000161"/>
</kw>
<arg>${json_data["results"][0]["location"]["coordinates"]["latitude"]} &gt;= -90 and ${json_data["results"][0]["location"]["coordinates"]["latitude"]} &lt;= 90</arg>
<arg>Should Be True</arg>
<arg>${True}</arg>
<doc>Runs the given keyword with the given arguments, if ``condition`` is true.</doc>
<status status="PASS" start="2024-07-02T21:14:20.704941" elapsed="0.001024"/>
</kw>
<kw name="Run Keyword If" owner="BuiltIn">
<kw name="Should Be True" owner="BuiltIn">
<arg>${True}</arg>
<doc>Fails if the given condition is not true.</doc>
<status status="PASS" start="2024-07-02T21:14:20.706839" elapsed="0.000144"/>
</kw>
<arg>${json_data["results"][0]["location"]["coordinates"]["longitude"]} &gt;= -180 and ${json_data["results"][0]["location"]["coordinates"]["longitude"]} &lt;= 180</arg>
<arg>Should Be True</arg>
<arg>${True}</arg>
<doc>Runs the given keyword with the given arguments, if ``condition`` is true.</doc>
<status status="PASS" start="2024-07-02T21:14:20.706142" elapsed="0.000964"/>
</kw>
<status status="PASS" start="2024-07-02T21:14:20.607655" elapsed="0.099576"/>
</kw>
<doc>Testa o conteúdo específico dos campos retornados pela API.</doc>
<tag>testeConteudo</tag>
<status status="PASS" start="2024-07-02T21:14:20.607011" elapsed="0.100361"/>
</test>
<status status="PASS" start="2024-07-02T21:14:19.720231" elapsed="0.988995"/>
</suite>
<status status="PASS" start="2024-07-02T21:14:19.705900" elapsed="1.008385"/>
</suite>
<statistics>
<total>
<stat pass="5" fail="0" skip="0">All Tests</stat>
</total>
<tag>
<stat pass="1" fail="0" skip="0">testeConteudo</stat>
<stat pass="1" fail="0" skip="0">testeEstruturaResposta</stat>
<stat pass="1" fail="0" skip="0">testeRequisicaoBasica</stat>
<stat pass="1" fail="0" skip="0">testeTiposDados</stat>
</tag>
<suite>
<stat pass="5" fail="0" skip="0" id="s1" name="Tests">Tests</stat>
<stat pass="5" fail="0" skip="0" id="s1-s1" name="Random-User-Test">Tests.Random-User-Test</stat>
</suite>
</statistics>
<errors>
</errors>
</robot>
