<?xml version="1.0" encoding="UTF-8"?>
<robot generator="Robot 7.0.1 (Python 3.12.4 on linux)" generated="2024-08-08T01:09:10.324998" rpa="false" schemaversion="5">
<suite id="s1" name="Tests" source="/home/runner/work/ApiRandomUser/ApiRandomUser/RamdonUser/tests">
<suite id="s1-s1" name="Random-User-Test" source="/home/runner/work/ApiRandomUser/ApiRandomUser/RamdonUser/tests/random-user-test.robot">
<test id="s1-s1-t1" name="Conectar" line="13">
<kw name="Conectar API" owner="random-user-service">
<kw name="Create Session" owner="RequestsLibrary">
<msg time="2024-08-08T01:09:10.759397" level="INFO">Creating Session using : alias=consultarAPI, url=https://randomuser.me/, headers={},                     cookies={}, auth=None, timeout=None, proxies=None, verify=False,                     debug=0 </msg>
<arg>consultarAPI</arg>
<arg>${URL}</arg>
<doc>Create Session: create a HTTP session to a server</doc>
<status status="PASS" start="2024-08-08T01:09:10.759200" elapsed="0.000377"/>
</kw>
<status status="PASS" start="2024-08-08T01:09:10.758129" elapsed="0.001812"/>
</kw>
<status status="PASS" start="2024-08-08T01:09:10.757434" elapsed="0.002697"/>
</test>
<test id="s1-s1-t2" name="Validar retorno 200 e JSON Válido" line="16">
<kw name="Teste de Requisicao Basica" owner="random-user-service">
<kw name="GET On Session" owner="RequestsLibrary">
<msg time="2024-08-08T01:09:11.560672" level="INFO">GET Request : url=https://randomuser.me/api 
 path_url=/api 
 headers={'User-Agent': 'python-requests/2.32.3', 'Accept-Encoding': 'gzip, deflate', 'Accept': '*/*', 'Connection': 'keep-alive'} 
 body=None 
 </msg>
<msg time="2024-08-08T01:09:11.561104" level="INFO">GET Response : url=https://randomuser.me/api 
 status=200, reason=OK 
 headers={'Date': 'Thu, 08 Aug 2024 01:09:11 GMT', 'Content-Type': 'application/json; charset=utf-8', 'Transfer-Encoding': 'chunked', 'Connection': 'keep-alive', 'X-Powered-By': 'Express', 'Access-Control-Allow-Origin': '*', 'Cache-Control': 'no-cache', 'ETag': 'W/"499-gs1PPAflJbKDB0nXjQ/yCD8UzZA"', 'Vary': 'Accept-Encoding', 'Content-Encoding': 'gzip', 'CF-Cache-Status': 'DYNAMIC', 'Report-To': '{"endpoints":[{"url":"https:\\/\\/a.nel.cloudflare.com\\/report\\/v4?s=FsXR7zgoEwbQmB8kNBCzN%2FXfLVuP694nxRmD2jAtztTttimvZbbmrKhdXVWNUQ7FVrlZkd3P39swcLmD8EaUn7gC7lUn9G4rIW%2FmEWdmVVibTQ3NMG6cFjCjK8ARk60T"}],"group":"cf-nel","max_age":604800}', 'NEL': '{"success_fraction":0,"report_to":"cf-nel","max_age":604800}', 'Server': 'cloudflare', 'CF-RAY': '8afb9e97cd1a22cf-ORD', 'alt-svc': 'h3=":443"; ma=86400'} 
 body={"results":[{"gender":"female","name":{"title":"Miss","first":"Phoebe","last":"Cooper"},"location":{"street":{"number":6037,"name":"South Western Arterial"},"city":"Nelson","state":"West Coast","country":"New Zealand","postcode":65039,"coordinates":{"latitude":"51.8299","longitude":"142.9226"},"timezone":{"offset":"+5:30","description":"Bombay, Calcutta, Madras, New Delhi"}},"email":"phoebe.cooper@example.com","login":{"uuid":"c10b9c8f-9446-4f46-98b1-e0fdf4628ab9","username":"bigtiger121","password":"redskin","salt":"qqy9qyMG","md5":"58b458257432874c6e609fefa662c807","sha1":"bef96c59b3fc81ac8db11623e5cfd7f3ad573995","sha256":"eddc15b2567d9c6aa49d070902b74059581a55cd9336852c7e8de1ba7fe63a26"},"dob":{"date":"2000-09-04T07:10:28.047Z","age":23},"registered":{"date":"2019-08-02T04:31:11.521Z","age":5},"phone":"(331)-567-5221","cell":"(297)-092-2420","id":{"name":"","value":null},"picture":{"large":"https://randomuser.me/api/portraits/women/94.jpg","medium":"https://randomuser.me/api/portraits/med/women/94.jpg","thumbnail":"https://randomuser.me/api/portraits/thumb/women/94.jpg"},"nat":"NZ"}],"info":{"seed":"e8e472574f32a9e6","results":1,"page":1,"version":"1.4"}} 
 </msg>
<msg time="2024-08-08T01:09:11.561251" level="INFO">/opt/hostedtoolcache/Python/3.12.4/x64/lib/python3.12/site-packages/urllib3/connectionpool.py:1099: InsecureRequestWarning: Unverified HTTPS request is being made to host 'randomuser.me'. Adding certificate verification is strongly advised. See: https://urllib3.readthedocs.io/en/latest/advanced-usage.html#tls-warnings
  warnings.warn(</msg>
<msg time="2024-08-08T01:09:11.561470" level="INFO">${response} = &lt;Response [200]&gt;</msg>
<var>${response}</var>
<arg>consultarAPI</arg>
<arg>/api</arg>
<doc>Sends a GET request on a previously created HTTP Session.</doc>
<status status="PASS" start="2024-08-08T01:09:10.762752" elapsed="0.798763"/>
</kw>
<kw name="Should Be Equal As Numbers" owner="BuiltIn">
<msg time="2024-08-08T01:09:11.563053" level="INFO">Argument types are:
&lt;class 'int'&gt;
&lt;class 'str'&gt;</msg>
<arg>${response.status_code}</arg>
<arg>200</arg>
<doc>Fails if objects are unequal after converting them to real numbers.</doc>
<status status="PASS" start="2024-08-08T01:09:11.562357" elapsed="0.000780"/>
</kw>
<kw name="Log" owner="BuiltIn">
<msg time="2024-08-08T01:09:11.564211" level="INFO">200</msg>
<arg>${response.status_code}</arg>
<doc>Logs the given message with the given level.</doc>
<status status="PASS" start="2024-08-08T01:09:11.563686" elapsed="0.000568"/>
</kw>
<kw name="Set Variable" owner="BuiltIn">
<msg time="2024-08-08T01:09:11.565530" level="INFO">${json_data} = {'results': [{'gender': 'female', 'name': {'title': 'Miss', 'first': 'Phoebe', 'last': 'Cooper'}, 'location': {'street': {'number': 6037, 'name': 'South Western Arterial'}, 'city': 'Nelson', 'state': ...</msg>
<var>${json_data}</var>
<arg>${response.json()}</arg>
<doc>Returns the given values which can then be assigned to a variables.</doc>
<status status="PASS" start="2024-08-08T01:09:11.564840" elapsed="0.000726"/>
</kw>
<kw name="Dictionary Should Contain Key" owner="Collections">
<arg>${json_data}</arg>
<arg>results</arg>
<doc>Fails if ``key`` is not found from ``dictionary``.</doc>
<status status="PASS" start="2024-08-08T01:09:11.565975" elapsed="0.000571"/>
</kw>
<status status="PASS" start="2024-08-08T01:09:10.762512" elapsed="0.804198"/>
</kw>
<doc>Testa se a API responde corretamente e retorna um objeto JSON válido.</doc>
<tag>testeRequisicaoBasica</tag>
<status status="PASS" start="2024-08-08T01:09:10.762078" elapsed="0.804918"/>
</test>
<test id="s1-s1-t3" name="Validar estrutura de resposta" line="22">
<kw name="Teste de Estrutura de Resposta" owner="random-user-service">
<kw name="GET On Session" owner="RequestsLibrary">
<msg time="2024-08-08T01:09:12.582915" level="INFO">GET Request : url=https://randomuser.me/api 
 path_url=/api 
 headers={'User-Agent': 'python-requests/2.32.3', 'Accept-Encoding': 'gzip, deflate', 'Accept': '*/*', 'Connection': 'keep-alive'} 
 body=None 
 </msg>
<msg time="2024-08-08T01:09:12.583021" level="INFO">GET Response : url=https://randomuser.me/api 
 status=200, reason=OK 
 headers={'Date': 'Thu, 08 Aug 2024 01:09:12 GMT', 'Content-Type': 'application/json; charset=utf-8', 'Transfer-Encoding': 'chunked', 'Connection': 'keep-alive', 'X-Powered-By': 'Express', 'Access-Control-Allow-Origin': '*', 'Cache-Control': 'no-cache', 'ETag': 'W/"4a4-bmQgl6ZLL4SQ5ec2mBc+y/ucyDA"', 'Vary': 'Accept-Encoding', 'Content-Encoding': 'gzip', 'CF-Cache-Status': 'DYNAMIC', 'Report-To': '{"endpoints":[{"url":"https:\\/\\/a.nel.cloudflare.com\\/report\\/v4?s=t%2BbD4BctN5Afhqe5kBdz8qnhd5iZJE%2F1koJSFTd6kzGQ4aD6YXvnR%2F8Vgf3po3fMt8D26k1IBTcHfFXrvBfpxwiSLREtKOIKlU%2FoUsPnFfNx%2FmShp5kDbBg5bDTWFSex"}],"group":"cf-nel","max_age":604800}', 'NEL': '{"success_fraction":0,"report_to":"cf-nel","max_age":604800}', 'Server': 'cloudflare', 'CF-RAY': '8afb9e9b599f22cf-ORD', 'alt-svc': 'h3=":443"; ma=86400'} 
 body={"results":[{"gender":"male","name":{"title":"Mr","first":"Denis","last":"Krebs"},"location":{"street":{"number":3069,"name":"Raiffeisenstraße"},"city":"Gotha","state":"Mecklenburg-Vorpommern","country":"Germany","postcode":73076,"coordinates":{"latitude":"-52.5537","longitude":"-162.0951"},"timezone":{"offset":"+11:00","description":"Magadan, Solomon Islands, New Caledonia"}},"email":"denis.krebs@example.com","login":{"uuid":"27f4c47b-d95f-4097-a62c-f00ca688d0bb","username":"blackrabbit986","password":"gibson","salt":"2Ku0bKEx","md5":"1e5cda2760f4db523cf4adca3e3cc623","sha1":"824aab4a427b189ae0060a6fe1d39e375410df8d","sha256":"b0930e4f6ab01516c5da1c80c41a2978420a7ab9817be24da05a00b6805868aa"},"dob":{"date":"1945-08-01T10:24:36.115Z","age":79},"registered":{"date":"2003-02-08T23:20:41.219Z","age":21},"phone":"0645-5806656","cell":"0173-8966924","id":{"name":"SVNR","value":"69 010845 K 124"},"picture":{"large":"https://randomuser.me/api/portraits/men/77.jpg","medium":"https://randomuser.me/api/portraits/med/men/77.jpg","thumbnail":"https://randomuser.me/api/portraits/thumb/men/77.jpg"},"nat":"DE"}],"info":{"seed":"432c754368f4a889","results":1,"page":1,"version":"1.4"}} 
 </msg>
<msg time="2024-08-08T01:09:12.583156" level="INFO">/opt/hostedtoolcache/Python/3.12.4/x64/lib/python3.12/site-packages/urllib3/connectionpool.py:1099: InsecureRequestWarning: Unverified HTTPS request is being made to host 'randomuser.me'. Adding certificate verification is strongly advised. See: https://urllib3.readthedocs.io/en/latest/advanced-usage.html#tls-warnings
  warnings.warn(</msg>
<msg time="2024-08-08T01:09:12.583297" level="INFO">${response} = &lt;Response [200]&gt;</msg>
<var>${response}</var>
<arg>consultarAPI</arg>
<arg>/api</arg>
<doc>Sends a GET request on a previously created HTTP Session.</doc>
<status status="PASS" start="2024-08-08T01:09:11.571009" elapsed="1.012329"/>
</kw>
<kw name="Set Variable" owner="BuiltIn">
<msg time="2024-08-08T01:09:12.584550" level="INFO">${json_data} = {'results': [{'gender': 'male', 'name': {'title': 'Mr', 'first': 'Denis', 'last': 'Krebs'}, 'location': {'street': {'number': 3069, 'name': 'Raiffeisenstraße'}, 'city': 'Gotha', 'state': 'Mecklenburg-...</msg>
<var>${json_data}</var>
<arg>${response.json()}</arg>
<doc>Returns the given values which can then be assigned to a variables.</doc>
<status status="PASS" start="2024-08-08T01:09:12.583965" elapsed="0.000616"/>
</kw>
<kw name="Log" owner="BuiltIn">
<msg time="2024-08-08T01:09:12.585095" level="INFO">{'results': [{'gender': 'male', 'name': {'title': 'Mr', 'first': 'Denis', 'last': 'Krebs'}, 'location': {'street': {'number': 3069, 'name': 'Raiffeisenstraße'}, 'city': 'Gotha', 'state': 'Mecklenburg-Vorpommern', 'country': 'Germany', 'postcode': 73076, 'coordinates': {'latitude': '-52.5537', 'longitude': '-162.0951'}, 'timezone': {'offset': '+11:00', 'description': 'Magadan, Solomon Islands, New Caledonia'}}, 'email': 'denis.krebs@example.com', 'login': {'uuid': '27f4c47b-d95f-4097-a62c-f00ca688d0bb', 'username': 'blackrabbit986', 'password': 'gibson', 'salt': '2Ku0bKEx', 'md5': '1e5cda2760f4db523cf4adca3e3cc623', 'sha1': '824aab4a427b189ae0060a6fe1d39e375410df8d', 'sha256': 'b0930e4f6ab01516c5da1c80c41a2978420a7ab9817be24da05a00b6805868aa'}, 'dob': {'date': '1945-08-01T10:24:36.115Z', 'age': 79}, 'registered': {'date': '2003-02-08T23:20:41.219Z', 'age': 21}, 'phone': '0645-5806656', 'cell': '0173-8966924', 'id': {'name': 'SVNR', 'value': '69 010845 K 124'}, 'picture': {'large': 'https://randomuser.me/api/portraits/men/77.jpg', 'medium': 'https://randomuser.me/api/portraits/med/men/77.jpg', 'thumbnail': 'https://randomuser.me/api/portraits/thumb/men/77.jpg'}, 'nat': 'DE'}], 'info': {'seed': '432c754368f4a889', 'results': 1, 'page': 1, 'version': '1.4'}}</msg>
<arg>${json_data}</arg>
<doc>Logs the given message with the given level.</doc>
<status status="PASS" start="2024-08-08T01:09:12.584930" elapsed="0.000215"/>
</kw>
<kw name="Dictionary Should Contain Key" owner="Collections">
<arg>${json_data}</arg>
<arg>results</arg>
<doc>Fails if ``key`` is not found from ``dictionary``.</doc>
<status status="PASS" start="2024-08-08T01:09:12.585436" elapsed="0.000162"/>
</kw>
<kw name="Should Not Be Empty" owner="BuiltIn">
<msg time="2024-08-08T01:09:12.585900" level="INFO">Length is 2.</msg>
<arg>${json_data}</arg>
<doc>Verifies that the given item is not empty.</doc>
<status status="PASS" start="2024-08-08T01:09:12.585776" elapsed="0.000160"/>
</kw>
<kw name="Create List" owner="BuiltIn">
<msg time="2024-08-08T01:09:12.586378" level="INFO">${expected_keys} = ['gender', 'name', 'location', 'email', 'login']</msg>
<var>${expected_keys}</var>
<arg>gender</arg>
<arg>name</arg>
<arg>location</arg>
<arg>email</arg>
<arg>login</arg>
<doc>Returns a list containing given items.</doc>
<status status="PASS" start="2024-08-08T01:09:12.586219" elapsed="0.000184"/>
</kw>
<for flavor="IN">
<iter>
<kw name="Dictionary Should Contain Key" owner="Collections">
<arg>${json_data['results'][0]}</arg>
<arg>${key}</arg>
<doc>Fails if ``key`` is not found from ``dictionary``.</doc>
<status status="PASS" start="2024-08-08T01:09:12.586995" elapsed="0.000424"/>
</kw>
<kw name="Log" owner="BuiltIn">
<msg time="2024-08-08T01:09:12.587967" level="INFO">{'gender': 'male', 'name': {'title': 'Mr', 'first': 'Denis', 'last': 'Krebs'}, 'location': {'street': {'number': 3069, 'name': 'Raiffeisenstraße'}, 'city': 'Gotha', 'state': 'Mecklenburg-Vorpommern', 'country': 'Germany', 'postcode': 73076, 'coordinates': {'latitude': '-52.5537', 'longitude': '-162.0951'}, 'timezone': {'offset': '+11:00', 'description': 'Magadan, Solomon Islands, New Caledonia'}}, 'email': 'denis.krebs@example.com', 'login': {'uuid': '27f4c47b-d95f-4097-a62c-f00ca688d0bb', 'username': 'blackrabbit986', 'password': 'gibson', 'salt': '2Ku0bKEx', 'md5': '1e5cda2760f4db523cf4adca3e3cc623', 'sha1': '824aab4a427b189ae0060a6fe1d39e375410df8d', 'sha256': 'b0930e4f6ab01516c5da1c80c41a2978420a7ab9817be24da05a00b6805868aa'}, 'dob': {'date': '1945-08-01T10:24:36.115Z', 'age': 79}, 'registered': {'date': '2003-02-08T23:20:41.219Z', 'age': 21}, 'phone': '0645-5806656', 'cell': '0173-8966924', 'id': {'name': 'SVNR', 'value': '69 010845 K 124'}, 'picture': {'large': 'https://randomuser.me/api/portraits/men/77.jpg', 'medium': 'https://randomuser.me/api/portraits/med/men/77.jpg', 'thumbnail': 'https://randomuser.me/api/portraits/thumb/men/77.jpg'}, 'nat': 'DE'}</msg>
<arg>${json_data['results'][0]}</arg>
<doc>Logs the given message with the given level.</doc>
<status status="PASS" start="2024-08-08T01:09:12.587607" elapsed="0.000411"/>
</kw>
<kw name="Log" owner="BuiltIn">
<msg time="2024-08-08T01:09:12.588440" level="INFO">gender</msg>
<arg>${key}</arg>
<doc>Logs the given message with the given level.</doc>
<status status="PASS" start="2024-08-08T01:09:12.588312" elapsed="0.000166"/>
</kw>
<var name="${key}">gender</var>
<status status="PASS" start="2024-08-08T01:09:12.586871" elapsed="0.001847"/>
</iter>
<iter>
<kw name="Dictionary Should Contain Key" owner="Collections">
<arg>${json_data['results'][0]}</arg>
<arg>${key}</arg>
<doc>Fails if ``key`` is not found from ``dictionary``.</doc>
<status status="PASS" start="2024-08-08T01:09:12.589024" elapsed="0.000391"/>
</kw>
<kw name="Log" owner="BuiltIn">
<msg time="2024-08-08T01:09:12.590056" level="INFO">{'gender': 'male', 'name': {'title': 'Mr', 'first': 'Denis', 'last': 'Krebs'}, 'location': {'street': {'number': 3069, 'name': 'Raiffeisenstraße'}, 'city': 'Gotha', 'state': 'Mecklenburg-Vorpommern', 'country': 'Germany', 'postcode': 73076, 'coordinates': {'latitude': '-52.5537', 'longitude': '-162.0951'}, 'timezone': {'offset': '+11:00', 'description': 'Magadan, Solomon Islands, New Caledonia'}}, 'email': 'denis.krebs@example.com', 'login': {'uuid': '27f4c47b-d95f-4097-a62c-f00ca688d0bb', 'username': 'blackrabbit986', 'password': 'gibson', 'salt': '2Ku0bKEx', 'md5': '1e5cda2760f4db523cf4adca3e3cc623', 'sha1': '824aab4a427b189ae0060a6fe1d39e375410df8d', 'sha256': 'b0930e4f6ab01516c5da1c80c41a2978420a7ab9817be24da05a00b6805868aa'}, 'dob': {'date': '1945-08-01T10:24:36.115Z', 'age': 79}, 'registered': {'date': '2003-02-08T23:20:41.219Z', 'age': 21}, 'phone': '0645-5806656', 'cell': '0173-8966924', 'id': {'name': 'SVNR', 'value': '69 010845 K 124'}, 'picture': {'large': 'https://randomuser.me/api/portraits/men/77.jpg', 'medium': 'https://randomuser.me/api/portraits/med/men/77.jpg', 'thumbnail': 'https://randomuser.me/api/portraits/thumb/men/77.jpg'}, 'nat': 'DE'}</msg>
<arg>${json_data['results'][0]}</arg>
<doc>Logs the given message with the given level.</doc>
<status status="PASS" start="2024-08-08T01:09:12.589594" elapsed="0.000512"/>
</kw>
<kw name="Log" owner="BuiltIn">
<msg time="2024-08-08T01:09:12.590533" level="INFO">name</msg>
<arg>${key}</arg>
<doc>Logs the given message with the given level.</doc>
<status status="PASS" start="2024-08-08T01:09:12.590406" elapsed="0.000163"/>
</kw>
<var name="${key}">name</var>
<status status="PASS" start="2024-08-08T01:09:12.588906" elapsed="0.001876"/>
</iter>
<iter>
<kw name="Dictionary Should Contain Key" owner="Collections">
<arg>${json_data['results'][0]}</arg>
<arg>${key}</arg>
<doc>Fails if ``key`` is not found from ``dictionary``.</doc>
<status status="PASS" start="2024-08-08T01:09:12.591066" elapsed="0.000378"/>
</kw>
<kw name="Log" owner="BuiltIn">
<msg time="2024-08-08T01:09:12.591964" level="INFO">{'gender': 'male', 'name': {'title': 'Mr', 'first': 'Denis', 'last': 'Krebs'}, 'location': {'street': {'number': 3069, 'name': 'Raiffeisenstraße'}, 'city': 'Gotha', 'state': 'Mecklenburg-Vorpommern', 'country': 'Germany', 'postcode': 73076, 'coordinates': {'latitude': '-52.5537', 'longitude': '-162.0951'}, 'timezone': {'offset': '+11:00', 'description': 'Magadan, Solomon Islands, New Caledonia'}}, 'email': 'denis.krebs@example.com', 'login': {'uuid': '27f4c47b-d95f-4097-a62c-f00ca688d0bb', 'username': 'blackrabbit986', 'password': 'gibson', 'salt': '2Ku0bKEx', 'md5': '1e5cda2760f4db523cf4adca3e3cc623', 'sha1': '824aab4a427b189ae0060a6fe1d39e375410df8d', 'sha256': 'b0930e4f6ab01516c5da1c80c41a2978420a7ab9817be24da05a00b6805868aa'}, 'dob': {'date': '1945-08-01T10:24:36.115Z', 'age': 79}, 'registered': {'date': '2003-02-08T23:20:41.219Z', 'age': 21}, 'phone': '0645-5806656', 'cell': '0173-8966924', 'id': {'name': 'SVNR', 'value': '69 010845 K 124'}, 'picture': {'large': 'https://randomuser.me/api/portraits/men/77.jpg', 'medium': 'https://randomuser.me/api/portraits/med/men/77.jpg', 'thumbnail': 'https://randomuser.me/api/portraits/thumb/men/77.jpg'}, 'nat': 'DE'}</msg>
<arg>${json_data['results'][0]}</arg>
<doc>Logs the given message with the given level.</doc>
<status status="PASS" start="2024-08-08T01:09:12.591619" elapsed="0.000403"/>
</kw>
<kw name="Log" owner="BuiltIn">
<msg time="2024-08-08T01:09:12.592450" level="INFO">location</msg>
<arg>${key}</arg>
<doc>Logs the given message with the given level.</doc>
<status status="PASS" start="2024-08-08T01:09:12.592323" elapsed="0.000163"/>
</kw>
<var name="${key}">location</var>
<status status="PASS" start="2024-08-08T01:09:12.590959" elapsed="0.001767"/>
</iter>
<iter>
<kw name="Dictionary Should Contain Key" owner="Collections">
<arg>${json_data['results'][0]}</arg>
<arg>${key}</arg>
<doc>Fails if ``key`` is not found from ``dictionary``.</doc>
<status status="PASS" start="2024-08-08T01:09:12.593008" elapsed="0.000380"/>
</kw>
<kw name="Log" owner="BuiltIn">
<msg time="2024-08-08T01:09:12.594038" level="INFO">{'gender': 'male', 'name': {'title': 'Mr', 'first': 'Denis', 'last': 'Krebs'}, 'location': {'street': {'number': 3069, 'name': 'Raiffeisenstraße'}, 'city': 'Gotha', 'state': 'Mecklenburg-Vorpommern', 'country': 'Germany', 'postcode': 73076, 'coordinates': {'latitude': '-52.5537', 'longitude': '-162.0951'}, 'timezone': {'offset': '+11:00', 'description': 'Magadan, Solomon Islands, New Caledonia'}}, 'email': 'denis.krebs@example.com', 'login': {'uuid': '27f4c47b-d95f-4097-a62c-f00ca688d0bb', 'username': 'blackrabbit986', 'password': 'gibson', 'salt': '2Ku0bKEx', 'md5': '1e5cda2760f4db523cf4adca3e3cc623', 'sha1': '824aab4a427b189ae0060a6fe1d39e375410df8d', 'sha256': 'b0930e4f6ab01516c5da1c80c41a2978420a7ab9817be24da05a00b6805868aa'}, 'dob': {'date': '1945-08-01T10:24:36.115Z', 'age': 79}, 'registered': {'date': '2003-02-08T23:20:41.219Z', 'age': 21}, 'phone': '0645-5806656', 'cell': '0173-8966924', 'id': {'name': 'SVNR', 'value': '69 010845 K 124'}, 'picture': {'large': 'https://randomuser.me/api/portraits/men/77.jpg', 'medium': 'https://randomuser.me/api/portraits/med/men/77.jpg', 'thumbnail': 'https://randomuser.me/api/portraits/thumb/men/77.jpg'}, 'nat': 'DE'}</msg>
<arg>${json_data['results'][0]}</arg>
<doc>Logs the given message with the given level.</doc>
<status status="PASS" start="2024-08-08T01:09:12.593686" elapsed="0.000401"/>
</kw>
<kw name="Log" owner="BuiltIn">
<msg time="2024-08-08T01:09:12.594511" level="INFO">email</msg>
<arg>${key}</arg>
<doc>Logs the given message with the given level.</doc>
<status status="PASS" start="2024-08-08T01:09:12.594382" elapsed="0.000167"/>
</kw>
<var name="${key}">email</var>
<status status="PASS" start="2024-08-08T01:09:12.592901" elapsed="0.001862"/>
</iter>
<iter>
<kw name="Dictionary Should Contain Key" owner="Collections">
<arg>${json_data['results'][0]}</arg>
<arg>${key}</arg>
<doc>Fails if ``key`` is not found from ``dictionary``.</doc>
<status status="PASS" start="2024-08-08T01:09:12.595045" elapsed="0.000370"/>
</kw>
<kw name="Log" owner="BuiltIn">
<msg time="2024-08-08T01:09:12.595938" level="INFO">{'gender': 'male', 'name': {'title': 'Mr', 'first': 'Denis', 'last': 'Krebs'}, 'location': {'street': {'number': 3069, 'name': 'Raiffeisenstraße'}, 'city': 'Gotha', 'state': 'Mecklenburg-Vorpommern', 'country': 'Germany', 'postcode': 73076, 'coordinates': {'latitude': '-52.5537', 'longitude': '-162.0951'}, 'timezone': {'offset': '+11:00', 'description': 'Magadan, Solomon Islands, New Caledonia'}}, 'email': 'denis.krebs@example.com', 'login': {'uuid': '27f4c47b-d95f-4097-a62c-f00ca688d0bb', 'username': 'blackrabbit986', 'password': 'gibson', 'salt': '2Ku0bKEx', 'md5': '1e5cda2760f4db523cf4adca3e3cc623', 'sha1': '824aab4a427b189ae0060a6fe1d39e375410df8d', 'sha256': 'b0930e4f6ab01516c5da1c80c41a2978420a7ab9817be24da05a00b6805868aa'}, 'dob': {'date': '1945-08-01T10:24:36.115Z', 'age': 79}, 'registered': {'date': '2003-02-08T23:20:41.219Z', 'age': 21}, 'phone': '0645-5806656', 'cell': '0173-8966924', 'id': {'name': 'SVNR', 'value': '69 010845 K 124'}, 'picture': {'large': 'https://randomuser.me/api/portraits/men/77.jpg', 'medium': 'https://randomuser.me/api/portraits/med/men/77.jpg', 'thumbnail': 'https://randomuser.me/api/portraits/thumb/men/77.jpg'}, 'nat': 'DE'}</msg>
<arg>${json_data['results'][0]}</arg>
<doc>Logs the given message with the given level.</doc>
<status status="PASS" start="2024-08-08T01:09:12.595591" elapsed="0.000396"/>
</kw>
<kw name="Log" owner="BuiltIn">
<msg time="2024-08-08T01:09:12.596412" level="INFO">login</msg>
<arg>${key}</arg>
<doc>Logs the given message with the given level.</doc>
<status status="PASS" start="2024-08-08T01:09:12.596279" elapsed="0.000170"/>
</kw>
<var name="${key}">login</var>
<status status="PASS" start="2024-08-08T01:09:12.594938" elapsed="0.001725"/>
</iter>
<var>${key}</var>
<value>@{expected_keys}</value>
<status status="PASS" start="2024-08-08T01:09:12.586671" elapsed="0.010139"/>
</for>
<kw name="Create List" owner="BuiltIn">
<msg time="2024-08-08T01:09:12.597165" level="INFO">${expected_keysTwo} = ['username', 'password']</msg>
<var>${expected_keysTwo}</var>
<arg>username</arg>
<arg>password</arg>
<doc>Returns a list containing given items.</doc>
<status status="PASS" start="2024-08-08T01:09:12.597026" elapsed="0.000164"/>
</kw>
<for flavor="IN">
<iter>
<kw name="Dictionary Should Contain Key" owner="Collections">
<arg>${json_data['results'][0]['login']}</arg>
<arg>${keyTwo}</arg>
<doc>Fails if ``key`` is not found from ``dictionary``.</doc>
<status status="PASS" start="2024-08-08T01:09:12.597681" elapsed="0.000384"/>
</kw>
<kw name="Dictionary Should Contain Key" owner="Collections">
<arg>${json_data['results'][0]['login']}</arg>
<arg>${keyTwo}</arg>
<doc>Fails if ``key`` is not found from ``dictionary``.</doc>
<status status="PASS" start="2024-08-08T01:09:12.598242" elapsed="0.000372"/>
</kw>
<kw name="Log" owner="BuiltIn">
<msg time="2024-08-08T01:09:12.598914" level="INFO">username</msg>
<arg>${keyTwo}</arg>
<doc>Logs the given message with the given level.</doc>
<status status="PASS" start="2024-08-08T01:09:12.598794" elapsed="0.000157"/>
</kw>
<var name="${keyTwo}">username</var>
<status status="PASS" start="2024-08-08T01:09:12.597575" elapsed="0.001593"/>
</iter>
<iter>
<kw name="Dictionary Should Contain Key" owner="Collections">
<arg>${json_data['results'][0]['login']}</arg>
<arg>${keyTwo}</arg>
<doc>Fails if ``key`` is not found from ``dictionary``.</doc>
<status status="PASS" start="2024-08-08T01:09:12.599447" elapsed="0.000379"/>
</kw>
<kw name="Dictionary Should Contain Key" owner="Collections">
<arg>${json_data['results'][0]['login']}</arg>
<arg>${keyTwo}</arg>
<doc>Fails if ``key`` is not found from ``dictionary``.</doc>
<status status="PASS" start="2024-08-08T01:09:12.600000" elapsed="0.000363"/>
</kw>
<kw name="Log" owner="BuiltIn">
<msg time="2024-08-08T01:09:12.600651" level="INFO">password</msg>
<arg>${keyTwo}</arg>
<doc>Logs the given message with the given level.</doc>
<status status="PASS" start="2024-08-08T01:09:12.600534" elapsed="0.000185"/>
</kw>
<var name="${keyTwo}">password</var>
<status status="PASS" start="2024-08-08T01:09:12.599343" elapsed="0.001609"/>
</iter>
<var>${keyTwo}</var>
<value>@{expected_keysTwo}</value>
<status status="PASS" start="2024-08-08T01:09:12.597425" elapsed="0.003646"/>
</for>
<status status="PASS" start="2024-08-08T01:09:11.570698" elapsed="1.030512"/>
</kw>
<doc>Testa a estrutura da resposta da API.</doc>
<tag>testeEstruturaResposta</tag>
<status status="PASS" start="2024-08-08T01:09:11.569939" elapsed="1.031428"/>
</test>
<test id="s1-s1-t4" name="Validar tipos de dados" line="28">
<kw name="Teste de Tipos de Dados" owner="random-user-service">
<kw name="GET On Session" owner="RequestsLibrary">
<msg time="2024-08-08T01:09:13.094408" level="INFO">GET Request : url=https://randomuser.me/api 
 path_url=/api 
 headers={'User-Agent': 'python-requests/2.32.3', 'Accept-Encoding': 'gzip, deflate', 'Accept': '*/*', 'Connection': 'keep-alive'} 
 body=None 
 </msg>
<msg time="2024-08-08T01:09:13.094520" level="INFO">GET Response : url=https://randomuser.me/api 
 status=200, reason=OK 
 headers={'Date': 'Thu, 08 Aug 2024 01:09:13 GMT', 'Content-Type': 'application/json; charset=utf-8', 'Transfer-Encoding': 'chunked', 'Connection': 'keep-alive', 'X-Powered-By': 'Express', 'Access-Control-Allow-Origin': '*', 'Cache-Control': 'no-cache', 'ETag': 'W/"4aa-45mFctmxYwk8onWAU6PFLrcCdL0"', 'Vary': 'Accept-Encoding', 'Content-Encoding': 'gzip', 'CF-Cache-Status': 'DYNAMIC', 'Report-To': '{"endpoints":[{"url":"https:\\/\\/a.nel.cloudflare.com\\/report\\/v4?s=pCecFnsOQpnMqu4Vi60WQcnnbKsj%2Fu0vsgEFcFBGyn9i36DhHQaE0nmMKsFY%2BQ4%2BuLQ93Xie9%2FmtttcDQfHnqAUy2Ggx7eDXg%2FAnWNZa3YBlZ0voWgnxkDnzh%2FMcDdfD"}],"group":"cf-nel","max_age":604800}', 'NEL': '{"success_fraction":0,"report_to":"cf-nel","max_age":604800}', 'Server': 'cloudflare', 'CF-RAY': '8afb9ea1ca8122cf-ORD', 'alt-svc': 'h3=":443"; ma=86400'} 
 body={"results":[{"gender":"female","name":{"title":"Mrs","first":"Giovana","last":"Ferreira"},"location":{"street":{"number":4922,"name":"Rua Treze de Maio "},"city":"Recife","state":"Maranhão","country":"Brazil","postcode":88552,"coordinates":{"latitude":"-81.2506","longitude":"76.8729"},"timezone":{"offset":"-6:00","description":"Central Time (US &amp; Canada), Mexico City"}},"email":"giovana.ferreira@example.com","login":{"uuid":"57837db5-dee7-489d-bff0-a01879f59bb6","username":"angrymouse126","password":"vanilla","salt":"53EGLY09","md5":"5211e340799daf52962b7af4e7cea0e0","sha1":"1a62af0d637be711f71305bc776c0eb27d84fcc7","sha256":"dfd80c5304e9e84fcd5542344d403c90a168ea90ed742b63a347446766cc1a1c"},"dob":{"date":"1950-04-04T19:53:16.639Z","age":74},"registered":{"date":"2012-05-02T18:41:51.481Z","age":12},"phone":"(69) 3567-4032","cell":"(51) 3266-7351","id":{"name":"CPF","value":"259.724.822-67"},"picture":{"large":"https://randomuser.me/api/portraits/women/43.jpg","medium":"https://randomuser.me/api/portraits/med/women/43.jpg","thumbnail":"https://randomuser.me/api/portraits/thumb/women/43.jpg"},"nat":"BR"}],"info":{"seed":"f5afd52e44f60c2a","results":1,"page":1,"version":"1.4"}} 
 </msg>
<msg time="2024-08-08T01:09:13.094610" level="INFO">/opt/hostedtoolcache/Python/3.12.4/x64/lib/python3.12/site-packages/urllib3/connectionpool.py:1099: InsecureRequestWarning: Unverified HTTPS request is being made to host 'randomuser.me'. Adding certificate verification is strongly advised. See: https://urllib3.readthedocs.io/en/latest/advanced-usage.html#tls-warnings
  warnings.warn(</msg>
<msg time="2024-08-08T01:09:13.094745" level="INFO">${response} = &lt;Response [200]&gt;</msg>
<var>${response}</var>
<arg>consultarAPI</arg>
<arg>/api</arg>
<doc>Sends a GET request on a previously created HTTP Session.</doc>
<status status="PASS" start="2024-08-08T01:09:12.603881" elapsed="0.490905"/>
</kw>
<kw name="Set Variable" owner="BuiltIn">
<msg time="2024-08-08T01:09:13.095856" level="INFO">${json_data} = {'results': [{'gender': 'female', 'name': {'title': 'Mrs', 'first': 'Giovana', 'last': 'Ferreira'}, 'location': {'street': {'number': 4922, 'name': 'Rua Treze de Maio '}, 'city': 'Recife', 'state': 'M...</msg>
<var>${json_data}</var>
<arg>${response.json()}</arg>
<doc>Returns the given values which can then be assigned to a variables.</doc>
<status status="PASS" start="2024-08-08T01:09:13.095327" elapsed="0.000558"/>
</kw>
<kw name="Log" owner="BuiltIn">
<msg time="2024-08-08T01:09:13.096342" level="INFO">{'results': [{'gender': 'female', 'name': {'title': 'Mrs', 'first': 'Giovana', 'last': 'Ferreira'}, 'location': {'street': {'number': 4922, 'name': 'Rua Treze de Maio '}, 'city': 'Recife', 'state': 'Maranhão', 'country': 'Brazil', 'postcode': 88552, 'coordinates': {'latitude': '-81.2506', 'longitude': '76.8729'}, 'timezone': {'offset': '-6:00', 'description': 'Central Time (US &amp; Canada), Mexico City'}}, 'email': 'giovana.ferreira@example.com', 'login': {'uuid': '57837db5-dee7-489d-bff0-a01879f59bb6', 'username': 'angrymouse126', 'password': 'vanilla', 'salt': '53EGLY09', 'md5': '5211e340799daf52962b7af4e7cea0e0', 'sha1': '1a62af0d637be711f71305bc776c0eb27d84fcc7', 'sha256': 'dfd80c5304e9e84fcd5542344d403c90a168ea90ed742b63a347446766cc1a1c'}, 'dob': {'date': '1950-04-04T19:53:16.639Z', 'age': 74}, 'registered': {'date': '2012-05-02T18:41:51.481Z', 'age': 12}, 'phone': '(69) 3567-4032', 'cell': '(51) 3266-7351', 'id': {'name': 'CPF', 'value': '259.724.822-67'}, 'picture': {'large': 'https://randomuser.me/api/portraits/women/43.jpg', 'medium': 'https://randomuser.me/api/portraits/med/women/43.jpg', 'thumbnail': 'https://randomuser.me/api/portraits/thumb/women/43.jpg'}, 'nat': 'BR'}], 'info': {'seed': 'f5afd52e44f60c2a', 'results': 1, 'page': 1, 'version': '1.4'}}</msg>
<arg>${json_data}</arg>
<doc>Logs the given message with the given level.</doc>
<status status="PASS" start="2024-08-08T01:09:13.096185" elapsed="0.000207"/>
</kw>
<kw name="Should Be String" owner="String">
<arg>${json_data['results'][0]['gender']}</arg>
<doc>Fails if the given ``item`` is not a string.</doc>
<status status="PASS" start="2024-08-08T01:09:13.096722" elapsed="0.000394"/>
</kw>
<kw name="Should Match Regexp" owner="BuiltIn">
<arg>${json_data['results'][0]['email']}</arg>
<arg>^[a-zA-Z0-9._%+-]+@[a-zA-Z0-9.-]+\.[a-zA-Z]{2,}$</arg>
<doc>Fails if ``string`` does not match ``pattern`` as a regular expression.</doc>
<status status="PASS" start="2024-08-08T01:09:13.097347" elapsed="0.000514"/>
</kw>
<kw name="Should Match Regexp" owner="BuiltIn">
<arg>${json_data['results'][0]['dob']['date']}</arg>
<arg>\\d{4}-\\d{2}-\\d{2}T\\d{2}:\\d{2}:\\d{2}\\.\\d{3}Z</arg>
<doc>Fails if ``string`` does not match ``pattern`` as a regular expression.</doc>
<status status="PASS" start="2024-08-08T01:09:13.098054" elapsed="0.000636"/>
</kw>
<kw name="Should Match Regexp" owner="BuiltIn">
<arg>${json_data['results'][0]['registered']['date']}</arg>
<arg>\\d{4}-\\d{2}-\\d{2}T\\d{2}:\\d{2}:\\d{2}\\.\\d{3}Z</arg>
<doc>Fails if ``string`` does not match ``pattern`` as a regular expression.</doc>
<status status="PASS" start="2024-08-08T01:09:13.098882" elapsed="0.000372"/>
</kw>
<kw name="Should Match Regexp" owner="BuiltIn">
<arg>${json_data['results'][0]['picture']['large']}</arg>
<arg>^https?://.*\.(?:png|jpe?g|gif|bmp)$</arg>
<doc>Fails if ``string`` does not match ``pattern`` as a regular expression.</doc>
<status status="PASS" start="2024-08-08T01:09:13.099436" elapsed="0.000454"/>
</kw>
<kw name="Should Match Regexp" owner="BuiltIn">
<arg>${json_data['results'][0]['picture']['medium']}</arg>
<arg>^https?://.*\.(?:png|jpe?g|gif|bmp)$</arg>
<doc>Fails if ``string`` does not match ``pattern`` as a regular expression.</doc>
<status status="PASS" start="2024-08-08T01:09:13.100076" elapsed="0.000358"/>
</kw>
<kw name="Should Match Regexp" owner="BuiltIn">
<arg>${json_data['results'][0]['picture']['thumbnail']}</arg>
<arg>^https?://.*\.(?:png|jpe?g|gif|bmp)$</arg>
<doc>Fails if ``string`` does not match ``pattern`` as a regular expression.</doc>
<status status="PASS" start="2024-08-08T01:09:13.100614" elapsed="0.000388"/>
</kw>
<kw name="Log" owner="BuiltIn">
<msg time="2024-08-08T01:09:13.101518" level="INFO">{'large': 'https://randomuser.me/api/portraits/women/43.jpg', 'medium': 'https://randomuser.me/api/portraits/med/women/43.jpg', 'thumbnail': 'https://randomuser.me/api/portraits/thumb/women/43.jpg'}</msg>
<arg>${json_data['results'][0]['picture']}</arg>
<doc>Logs the given message with the given level.</doc>
<status status="PASS" start="2024-08-08T01:09:13.101195" elapsed="0.000363"/>
</kw>
<status status="PASS" start="2024-08-08T01:09:12.603649" elapsed="0.498168"/>
</kw>
<kw name="Teste de Tipos de Dados - Postcode" owner="random-user-service">
<kw name="GET On Session" owner="RequestsLibrary">
<msg time="2024-08-08T01:09:13.403961" level="INFO">GET Request : url=https://randomuser.me/api 
 path_url=/api 
 headers={'User-Agent': 'python-requests/2.32.3', 'Accept-Encoding': 'gzip, deflate', 'Accept': '*/*', 'Connection': 'keep-alive'} 
 body=None 
 </msg>
<msg time="2024-08-08T01:09:13.404073" level="INFO">GET Response : url=https://randomuser.me/api 
 status=200, reason=OK 
 headers={'Date': 'Thu, 08 Aug 2024 01:09:13 GMT', 'Content-Type': 'application/json; charset=utf-8', 'Transfer-Encoding': 'chunked', 'Connection': 'keep-alive', 'X-Powered-By': 'Express', 'Access-Control-Allow-Origin': '*', 'Cache-Control': 'no-cache', 'ETag': 'W/"485-YrYR2zZzakadqspdNyDyXifBgT0"', 'Vary': 'Accept-Encoding', 'Content-Encoding': 'gzip', 'CF-Cache-Status': 'DYNAMIC', 'Report-To': '{"endpoints":[{"url":"https:\\/\\/a.nel.cloudflare.com\\/report\\/v4?s=OdK%2BjNehs8Koog1LFeTJhHDYMqmuJJpZfpkvZzLNFJjerNUpS9T0d5F6jYXCmS%2B%2FW9l64jwbbua26YT98zVo9%2FxLgt8aXKY%2BDeBYW17aAK6CXwzrphUqZ3tqoIfVbjxU"}],"group":"cf-nel","max_age":604800}', 'NEL': '{"success_fraction":0,"report_to":"cf-nel","max_age":604800}', 'Server': 'cloudflare', 'CF-RAY': '8afb9ea4eecd22cf-ORD', 'alt-svc': 'h3=":443"; ma=86400'} 
 body={"results":[{"gender":"female","name":{"title":"Mrs","first":"Olive","last":"Evans"},"location":{"street":{"number":5296,"name":"Te Mata Road"},"city":"Gisborne","state":"Northland","country":"New Zealand","postcode":65906,"coordinates":{"latitude":"55.4217","longitude":"130.4305"},"timezone":{"offset":"-7:00","description":"Mountain Time (US &amp; Canada)"}},"email":"olive.evans@example.com","login":{"uuid":"b2a28d28-9e46-427a-b4df-41fd2d0a130a","username":"yellowfish173","password":"simple1","salt":"5rAiDNEr","md5":"5a97e3601e2534337d6480e9b3d92224","sha1":"a45f1627c6093a724540a66f285381ee20953f19","sha256":"08bddc105be71daf44e82c47914f5822f89f34ae08a4155d3018de5a39d0308e"},"dob":{"date":"1998-06-27T11:22:41.443Z","age":26},"registered":{"date":"2019-06-20T23:48:57.236Z","age":5},"phone":"(806)-020-6229","cell":"(195)-608-9715","id":{"name":"","value":null},"picture":{"large":"https://randomuser.me/api/portraits/women/17.jpg","medium":"https://randomuser.me/api/portraits/med/women/17.jpg","thumbnail":"https://randomuser.me/api/portraits/thumb/women/17.jpg"},"nat":"NZ"}],"info":{"seed":"7ea791517a07fc40","results":1,"page":1,"version":"1.4"}} 
 </msg>
<msg time="2024-08-08T01:09:13.404153" level="INFO">/opt/hostedtoolcache/Python/3.12.4/x64/lib/python3.12/site-packages/urllib3/connectionpool.py:1099: InsecureRequestWarning: Unverified HTTPS request is being made to host 'randomuser.me'. Adding certificate verification is strongly advised. See: https://urllib3.readthedocs.io/en/latest/advanced-usage.html#tls-warnings
  warnings.warn(</msg>
<msg time="2024-08-08T01:09:13.404294" level="INFO">${response} = &lt;Response [200]&gt;</msg>
<var>${response}</var>
<arg>consultarAPI</arg>
<arg>/api</arg>
<doc>Sends a GET request on a previously created HTTP Session.</doc>
<status status="PASS" start="2024-08-08T01:09:13.102268" elapsed="0.302062"/>
</kw>
<kw name="Set Variable" owner="BuiltIn">
<msg time="2024-08-08T01:09:13.405429" level="INFO">${json_data} = {'results': [{'gender': 'female', 'name': {'title': 'Mrs', 'first': 'Olive', 'last': 'Evans'}, 'location': {'street': {'number': 5296, 'name': 'Te Mata Road'}, 'city': 'Gisborne', 'state': 'Northland'...</msg>
<var>${json_data}</var>
<arg>${response.json()}</arg>
<doc>Returns the given values which can then be assigned to a variables.</doc>
<status status="PASS" start="2024-08-08T01:09:13.404914" elapsed="0.000543"/>
</kw>
<kw name="Log" owner="BuiltIn">
<msg time="2024-08-08T01:09:13.405916" level="INFO">{'results': [{'gender': 'female', 'name': {'title': 'Mrs', 'first': 'Olive', 'last': 'Evans'}, 'location': {'street': {'number': 5296, 'name': 'Te Mata Road'}, 'city': 'Gisborne', 'state': 'Northland', 'country': 'New Zealand', 'postcode': 65906, 'coordinates': {'latitude': '55.4217', 'longitude': '130.4305'}, 'timezone': {'offset': '-7:00', 'description': 'Mountain Time (US &amp; Canada)'}}, 'email': 'olive.evans@example.com', 'login': {'uuid': 'b2a28d28-9e46-427a-b4df-41fd2d0a130a', 'username': 'yellowfish173', 'password': 'simple1', 'salt': '5rAiDNEr', 'md5': '5a97e3601e2534337d6480e9b3d92224', 'sha1': 'a45f1627c6093a724540a66f285381ee20953f19', 'sha256': '08bddc105be71daf44e82c47914f5822f89f34ae08a4155d3018de5a39d0308e'}, 'dob': {'date': '1998-06-27T11:22:41.443Z', 'age': 26}, 'registered': {'date': '2019-06-20T23:48:57.236Z', 'age': 5}, 'phone': '(806)-020-6229', 'cell': '(195)-608-9715', 'id': {'name': '', 'value': None}, 'picture': {'large': 'https://randomuser.me/api/portraits/women/17.jpg', 'medium': 'https://randomuser.me/api/portraits/med/women/17.jpg', 'thumbnail': 'https://randomuser.me/api/portraits/thumb/women/17.jpg'}, 'nat': 'NZ'}], 'info': {'seed': '7ea791517a07fc40', 'results': 1, 'page': 1, 'version': '1.4'}}</msg>
<arg>${json_data}</arg>
<doc>Logs the given message with the given level.</doc>
<status status="PASS" start="2024-08-08T01:09:13.405761" elapsed="0.000203"/>
</kw>
<kw name="Should Be Equal As Numbers" owner="BuiltIn">
<arg>${json_data['results'][0]['location']['postcode']}</arg>
<arg>${json_data['results'][0]['location']['postcode']}</arg>
<doc>Fails if objects are unequal after converting them to real numbers.</doc>
<status status="PASS" start="2024-08-08T01:09:13.406248" elapsed="0.000619"/>
</kw>
<kw name="Log" owner="BuiltIn">
<msg time="2024-08-08T01:09:13.407442" level="INFO">65906</msg>
<arg>${json_data['results'][0]['location']['postcode']}</arg>
<doc>Logs the given message with the given level.</doc>
<status status="PASS" start="2024-08-08T01:09:13.407089" elapsed="0.000394"/>
</kw>
<status status="PASS" start="2024-08-08T01:09:13.102043" elapsed="0.305707"/>
</kw>
<doc>Testa se os tipos de dados na resposta da API estão corretos.</doc>
<tag>testeTiposDados</tag>
<status status="PASS" start="2024-08-08T01:09:12.603108" elapsed="0.804815"/>
</test>
<test id="s1-s1-t5" name="Validar conteudo" line="35">
<kw name="Teste de Tipos de Conteudo" owner="random-user-service">
<kw name="GET On Session" owner="RequestsLibrary">
<msg time="2024-08-08T01:09:13.666454" level="INFO">GET Request : url=https://randomuser.me/api 
 path_url=/api 
 headers={'User-Agent': 'python-requests/2.32.3', 'Accept-Encoding': 'gzip, deflate', 'Accept': '*/*', 'Connection': 'keep-alive'} 
 body=None 
 </msg>
<msg time="2024-08-08T01:09:13.666566" level="INFO">GET Response : url=https://randomuser.me/api 
 status=200, reason=OK 
 headers={'Date': 'Thu, 08 Aug 2024 01:09:13 GMT', 'Content-Type': 'application/json; charset=utf-8', 'Transfer-Encoding': 'chunked', 'Connection': 'keep-alive', 'X-Powered-By': 'Express', 'Access-Control-Allow-Origin': '*', 'Cache-Control': 'no-cache', 'ETag': 'W/"47b-dDX6+zZ9wOqUr/KutwzoL76BGVA"', 'Vary': 'Accept-Encoding', 'Content-Encoding': 'gzip', 'CF-Cache-Status': 'DYNAMIC', 'Report-To': '{"endpoints":[{"url":"https:\\/\\/a.nel.cloudflare.com\\/report\\/v4?s=FMPssnzCBzATTeHaholUYdXhJnessVlcIoOPMLP%2BsjqtcgQTpUhJ8s3anydNgjzdpm%2FjABsRFOQXsimg9upuQKRdYMQy46Q%2Fk7qOI3xq9dgbH%2B07fldLd2MuGqkEksNj"}],"group":"cf-nel","max_age":604800}', 'NEL': '{"success_fraction":0,"report_to":"cf-nel","max_age":604800}', 'Server': 'cloudflare', 'CF-RAY': '8afb9ea6d9b822cf-ORD', 'alt-svc': 'h3=":443"; ma=86400'} 
 body={"results":[{"gender":"female","name":{"title":"Miss","first":"Alex","last":"Bailey"},"location":{"street":{"number":6994,"name":"Mill Road"},"city":"Salford","state":"Grampian","country":"United Kingdom","postcode":"A33 8WG","coordinates":{"latitude":"-7.4772","longitude":"91.9914"},"timezone":{"offset":"-10:00","description":"Hawaii"}},"email":"alex.bailey@example.com","login":{"uuid":"0031b7b6-30c3-4630-be13-070b4b933f3a","username":"bluebear525","password":"aisan","salt":"bUnxlaT6","md5":"33478bc933413006db59abe538af3474","sha1":"a32b5f763e081e011bf256fb4d30042085e51341","sha256":"1903da207dc70c8e4277ebfb003cf10961b406cae60b8005938a2e9d6d9086e1"},"dob":{"date":"1944-11-07T10:43:47.725Z","age":79},"registered":{"date":"2016-09-02T21:55:14.612Z","age":7},"phone":"020 9867 0392","cell":"07825 851725","id":{"name":"NINO","value":"OT 47 89 67 J"},"picture":{"large":"https://randomuser.me/api/portraits/women/24.jpg","medium":"https://randomuser.me/api/portraits/med/women/24.jpg","thumbnail":"https://randomuser.me/api/portraits/thumb/women/24.jpg"},"nat":"GB"}],"info":{"seed":"457bce48b781fea9","results":1,"page":1,"version":"1.4"}} 
 </msg>
<msg time="2024-08-08T01:09:13.666650" level="INFO">/opt/hostedtoolcache/Python/3.12.4/x64/lib/python3.12/site-packages/urllib3/connectionpool.py:1099: InsecureRequestWarning: Unverified HTTPS request is being made to host 'randomuser.me'. Adding certificate verification is strongly advised. See: https://urllib3.readthedocs.io/en/latest/advanced-usage.html#tls-warnings
  warnings.warn(</msg>
<msg time="2024-08-08T01:09:13.666784" level="INFO">${response} = &lt;Response [200]&gt;</msg>
<var>${response}</var>
<arg>consultarAPI</arg>
<arg>/api</arg>
<doc>Sends a GET request on a previously created HTTP Session.</doc>
<status status="PASS" start="2024-08-08T01:09:13.410455" elapsed="0.256373"/>
</kw>
<kw name="Set Variable" owner="BuiltIn">
<msg time="2024-08-08T01:09:13.667900" level="INFO">${json_data} = {'results': [{'gender': 'female', 'name': {'title': 'Miss', 'first': 'Alex', 'last': 'Bailey'}, 'location': {'street': {'number': 6994, 'name': 'Mill Road'}, 'city': 'Salford', 'state': 'Grampian', 'c...</msg>
<var>${json_data}</var>
<arg>${response.json()}</arg>
<doc>Returns the given values which can then be assigned to a variables.</doc>
<status status="PASS" start="2024-08-08T01:09:13.667378" elapsed="0.000552"/>
</kw>
<kw name="Set Variable" owner="BuiltIn">
<msg time="2024-08-08T01:09:13.668620" level="INFO">${name_title} = Miss</msg>
<var>${name_title}</var>
<arg>${json_data["results"][0]["name"]["title"]}</arg>
<doc>Returns the given values which can then be assigned to a variables.</doc>
<status status="PASS" start="2024-08-08T01:09:13.668233" elapsed="0.000413"/>
</kw>
<kw name="Create List" owner="BuiltIn">
<msg time="2024-08-08T01:09:13.669136" level="INFO">${allowed_titles} = ['Mr', 'Ms', 'Miss', 'Mrs', 'Madame', 'Monsieur']</msg>
<var>${allowed_titles}</var>
<arg>Mr</arg>
<arg>Ms</arg>
<arg>Miss</arg>
<arg>Mrs</arg>
<arg>Madame</arg>
<arg>Monsieur</arg>
<doc>Returns a list containing given items.</doc>
<status status="PASS" start="2024-08-08T01:09:13.668986" elapsed="0.000175"/>
</kw>
<kw name="List Should Contain Value" owner="Collections">
<arg>${allowed_titles}</arg>
<arg>${name_title}</arg>
<doc>Fails if the ``value`` is not found from ``list``.</doc>
<status status="PASS" start="2024-08-08T01:09:13.669462" elapsed="0.000180"/>
</kw>
<kw name="Set Variable" owner="BuiltIn">
<msg time="2024-08-08T01:09:13.670193" level="INFO">${name_country} = GB</msg>
<var>${name_country}</var>
<arg>${json_data["results"][0]["nat"]}</arg>
<doc>Returns the given values which can then be assigned to a variables.</doc>
<status status="PASS" start="2024-08-08T01:09:13.669823" elapsed="0.000396"/>
</kw>
<kw name="Create List" owner="BuiltIn">
<msg time="2024-08-08T01:09:13.671097" level="INFO">${list_country} = ['AD', 'AE', 'AF', 'AG', 'AI', 'AL', 'AM', 'AO', 'AQ', 'AR', 'AS', 'AT', 'AU', 'AW', 'AX', 'AZ', 'BA', 'BB', 'BD', 'BE', 'BF', 'BG', 'BH', 'BI', 'BJ', 'BL', 'BM', 'BN', 'BO', 'BQ', 'BR', 'BS', 'BT', '...</msg>
<var>${list_country}</var>
<arg>AD</arg>
<arg>AE</arg>
<arg>AF</arg>
<arg>AG</arg>
<arg>AI</arg>
<arg>AL</arg>
<arg>AM</arg>
<arg>AO</arg>
<arg>AQ</arg>
<arg>AR</arg>
<arg>AS</arg>
<arg>AT</arg>
<arg>AU</arg>
<arg>AW</arg>
<arg>AX</arg>
<arg>AZ</arg>
<arg>BA</arg>
<arg>BB</arg>
<arg>BD</arg>
<arg>BE</arg>
<arg>BF</arg>
<arg>BG</arg>
<arg>BH</arg>
<arg>BI</arg>
<arg>BJ</arg>
<arg>BL</arg>
<arg>BM</arg>
<arg>BN</arg>
<arg>BO</arg>
<arg>BQ</arg>
<arg>BR</arg>
<arg>BS</arg>
<arg>BT</arg>
<arg>BV</arg>
<arg>BW</arg>
<arg>BY</arg>
<arg>BZ</arg>
<arg>CA</arg>
<arg>CC</arg>
<arg>CD</arg>
<arg>CF</arg>
<arg>CG</arg>
<arg>CH</arg>
<arg>CI</arg>
<arg>CK</arg>
<arg>CL</arg>
<arg>CM</arg>
<arg>CN</arg>
<arg>CO</arg>
<arg>CR</arg>
<arg>CU</arg>
<arg>CV</arg>
<arg>CW</arg>
<arg>CX</arg>
<arg>CY</arg>
<arg>CZ</arg>
<arg>DE</arg>
<arg>DJ</arg>
<arg>DK</arg>
<arg>DM</arg>
<arg>DO</arg>
<arg>DZ</arg>
<arg>EC</arg>
<arg>EE</arg>
<arg>EG</arg>
<arg>EH</arg>
<arg>ER</arg>
<arg>ES</arg>
<arg>ET</arg>
<arg>FI</arg>
<arg>FJ</arg>
<arg>FK</arg>
<arg>FM</arg>
<arg>FO</arg>
<arg>FR</arg>
<arg>GA</arg>
<arg>GB</arg>
<arg>GD</arg>
<arg>GE</arg>
<arg>GF</arg>
<arg>GG</arg>
<arg>GH</arg>
<arg>GI</arg>
<arg>GL</arg>
<arg>GM</arg>
<arg>GN</arg>
<arg>GP</arg>
<arg>GQ</arg>
<arg>GR</arg>
<arg>GS</arg>
<arg>GT</arg>
<arg>GU</arg>
<arg>GW</arg>
<arg>GY</arg>
<arg>HK</arg>
<arg>HM</arg>
<arg>HN</arg>
<arg>HR</arg>
<arg>HT</arg>
<arg>HU</arg>
<arg>ID</arg>
<arg>IE</arg>
<arg>IL</arg>
<arg>IM</arg>
<arg>IN</arg>
<arg>IO</arg>
<arg>IQ</arg>
<arg>IR</arg>
<arg>IS</arg>
<arg>IT</arg>
<arg>JE</arg>
<arg>JM</arg>
<arg>JO</arg>
<arg>JP</arg>
<arg>KE</arg>
<arg>KG</arg>
<arg>KH</arg>
<arg>KI</arg>
<arg>KM</arg>
<arg>KN</arg>
<arg>KP</arg>
<arg>KR</arg>
<arg>KW</arg>
<arg>KY</arg>
<arg>KZ</arg>
<arg>LA</arg>
<arg>LB</arg>
<arg>LC</arg>
<arg>LI</arg>
<arg>LK</arg>
<arg>LR</arg>
<arg>LS</arg>
<arg>LT</arg>
<arg>LU</arg>
<arg>LV</arg>
<arg>LY</arg>
<arg>MA</arg>
<arg>MC</arg>
<arg>MD</arg>
<arg>ME</arg>
<arg>MF</arg>
<arg>MG</arg>
<arg>MH</arg>
<arg>MK</arg>
<arg>ML</arg>
<arg>MM</arg>
<arg>MN</arg>
<arg>MO</arg>
<arg>MP</arg>
<arg>MQ</arg>
<arg>MR</arg>
<arg>MS</arg>
<arg>MT</arg>
<arg>MU</arg>
<arg>MV</arg>
<arg>MW</arg>
<arg>MX</arg>
<arg>MY</arg>
<arg>MZ</arg>
<arg>NA</arg>
<arg>NC</arg>
<arg>NE</arg>
<arg>NF</arg>
<arg>NG</arg>
<arg>NI</arg>
<arg>NL</arg>
<arg>NO</arg>
<arg>NP</arg>
<arg>NR</arg>
<arg>NU</arg>
<arg>NZ</arg>
<arg>OM</arg>
<arg>PA</arg>
<arg>PE</arg>
<arg>PF</arg>
<arg>PG</arg>
<arg>PH</arg>
<arg>PK</arg>
<arg>PL</arg>
<arg>PM</arg>
<arg>PN</arg>
<arg>PR</arg>
<arg>PS</arg>
<arg>PT</arg>
<arg>PW</arg>
<arg>PY</arg>
<arg>QA</arg>
<arg>RE</arg>
<arg>RO</arg>
<arg>RS</arg>
<arg>RU</arg>
<arg>RW</arg>
<arg>SA</arg>
<arg>SB</arg>
<arg>SC</arg>
<arg>SD</arg>
<arg>SE</arg>
<arg>SG</arg>
<arg>SH</arg>
<arg>SI</arg>
<arg>SJ</arg>
<arg>SK</arg>
<arg>SL</arg>
<arg>SM</arg>
<arg>SN</arg>
<arg>SO</arg>
<arg>SR</arg>
<arg>SS</arg>
<arg>ST</arg>
<arg>SV</arg>
<arg>SX</arg>
<arg>SY</arg>
<arg>SZ</arg>
<arg>TC</arg>
<arg>TD</arg>
<arg>TF</arg>
<arg>TG</arg>
<arg>TH</arg>
<arg>TJ</arg>
<arg>TK</arg>
<arg>TL</arg>
<arg>TM</arg>
<arg>TN</arg>
<arg>TO</arg>
<arg>TR</arg>
<arg>TT</arg>
<arg>TV</arg>
<arg>TW</arg>
<arg>TZ</arg>
<arg>UA</arg>
<arg>UG</arg>
<arg>UM</arg>
<arg>US</arg>
<arg>UY</arg>
<arg>UZ</arg>
<arg>VA</arg>
<arg>VC</arg>
<arg>VE</arg>
<arg>VG</arg>
<arg>VI</arg>
<arg>VN</arg>
<arg>VU</arg>
<arg>WF</arg>
<arg>WS</arg>
<arg>XK</arg>
<arg>YE</arg>
<arg>YT</arg>
<arg>ZA</arg>
<arg>ZM</arg>
<arg>ZW</arg>
<doc>Returns a list containing given items.</doc>
<status status="PASS" start="2024-08-08T01:09:13.670506" elapsed="0.000616"/>
</kw>
<kw name="List Should Contain Value" owner="Collections">
<arg>${list_country}</arg>
<arg>${name_country}</arg>
<doc>Fails if the ``value`` is not found from ``list``.</doc>
<status status="PASS" start="2024-08-08T01:09:13.672109" elapsed="0.000210"/>
</kw>
<kw name="Run Keyword If" owner="BuiltIn">
<kw name="Should Be True" owner="BuiltIn">
<arg>${True}</arg>
<doc>Fails if the given condition is not true.</doc>
<status status="PASS" start="2024-08-08T01:09:13.673276" elapsed="0.000142"/>
</kw>
<arg>${json_data["results"][0]["location"]["coordinates"]["latitude"]} &gt;= -90 and ${json_data["results"][0]["location"]["coordinates"]["latitude"]} &lt;= 90</arg>
<arg>Should Be True</arg>
<arg>${True}</arg>
<doc>Runs the given keyword with the given arguments, if ``condition`` is true.</doc>
<status status="PASS" start="2024-08-08T01:09:13.672517" elapsed="0.001026"/>
</kw>
<kw name="Run Keyword If" owner="BuiltIn">
<kw name="Should Be True" owner="BuiltIn">
<arg>${True}</arg>
<doc>Fails if the given condition is not true.</doc>
<status status="PASS" start="2024-08-08T01:09:13.674402" elapsed="0.000134"/>
</kw>
<arg>${json_data["results"][0]["location"]["coordinates"]["longitude"]} &gt;= -180 and ${json_data["results"][0]["location"]["coordinates"]["longitude"]} &lt;= 180</arg>
<arg>Should Be True</arg>
<arg>${True}</arg>
<doc>Runs the given keyword with the given arguments, if ``condition`` is true.</doc>
<status status="PASS" start="2024-08-08T01:09:13.673719" elapsed="0.000938"/>
</kw>
<status status="PASS" start="2024-08-08T01:09:13.410227" elapsed="0.264560"/>
</kw>
<doc>Testa o conteúdo específico dos campos retornados pela API.</doc>
<tag>testeConteudo</tag>
<status status="PASS" start="2024-08-08T01:09:13.409689" elapsed="0.265254"/>
</test>
<status status="PASS" start="2024-08-08T01:09:10.385040" elapsed="3.291904"/>
</suite>
<status status="PASS" start="2024-08-08T01:09:10.370687" elapsed="3.311570"/>
</suite>
<statistics>
<total>
<stat pass="5" fail="0" skip="0">All Tests</stat>
</total>
<tag>
<stat pass="1" fail="0" skip="0">testeConteudo</stat>
<stat pass="1" fail="0" skip="0">testeEstruturaResposta</stat>
<stat pass="1" fail="0" skip="0">testeRequisicaoBasica</stat>
<stat pass="1" fail="0" skip="0">testeTiposDados</stat>
</tag>
<suite>
<stat pass="5" fail="0" skip="0" id="s1" name="Tests">Tests</stat>
<stat pass="5" fail="0" skip="0" id="s1-s1" name="Random-User-Test">Tests.Random-User-Test</stat>
</suite>
</statistics>
<errors>
</errors>
</robot>
