<?xml version="1.0" encoding="UTF-8"?>
<robot generator="Robot 7.0.1 (Python 3.12.4 on linux)" generated="2024-07-05T22:15:18.429491" rpa="false" schemaversion="5">
<suite id="s1" name="Tests" source="/home/runner/work/ApiRandomUser/ApiRandomUser/RamdonUser/tests">
<suite id="s1-s1" name="Random-User-Test" source="/home/runner/work/ApiRandomUser/ApiRandomUser/RamdonUser/tests/random-user-test.robot">
<test id="s1-s1-t1" name="Conectar" line="13">
<kw name="Conectar API" owner="random-user-service">
<kw name="Create Session" owner="RequestsLibrary">
<msg time="2024-07-05T22:15:18.831701" level="INFO">Creating Session using : alias=consultarAPI, url=https://randomuser.me/, headers={},                     cookies={}, auth=None, timeout=None, proxies=None, verify=False,                     debug=0 </msg>
<arg>consultarAPI</arg>
<arg>${URL}</arg>
<doc>Create Session: create a HTTP session to a server</doc>
<status status="PASS" start="2024-07-05T22:15:18.831501" elapsed="0.000378"/>
</kw>
<status status="PASS" start="2024-07-05T22:15:18.830546" elapsed="0.001688"/>
</kw>
<status status="PASS" start="2024-07-05T22:15:18.829934" elapsed="0.002489"/>
</test>
<test id="s1-s1-t2" name="Validar retorno 200 e JSON Válido" line="16">
<kw name="Teste de Requisicao Basica" owner="random-user-service">
<kw name="GET On Session" owner="RequestsLibrary">
<msg time="2024-07-05T22:15:19.012080" level="INFO">GET Request : url=https://randomuser.me/api 
 path_url=/api 
 headers={'User-Agent': 'python-requests/2.32.3', 'Accept-Encoding': 'gzip, deflate', 'Accept': '*/*', 'Connection': 'keep-alive'} 
 body=None 
 </msg>
<msg time="2024-07-05T22:15:19.012201" level="INFO">GET Response : url=https://randomuser.me/api 
 status=200, reason=OK 
 headers={'Date': 'Fri, 05 Jul 2024 22:15:19 GMT', 'Content-Type': 'application/json; charset=utf-8', 'Transfer-Encoding': 'chunked', 'Connection': 'keep-alive', 'X-Powered-By': 'Express', 'Access-Control-Allow-Origin': '*', 'Cache-Control': 'no-cache', 'ETag': 'W/"491-KFPJ7oDpPjI2aj2YzFAGjg8fQKI"', 'Vary': 'Accept-Encoding', 'Content-Encoding': 'gzip', 'CF-Cache-Status': 'DYNAMIC', 'Report-To': '{"endpoints":[{"url":"https:\\/\\/a.nel.cloudflare.com\\/report\\/v4?s=KU1wZK92YDgLB7HtyZOEZP7bY7m2UX9x7EkDFTbSgMcaqQ11MIlczXzYzH2VzLN1dJ0UCuSF5zfeKRVIANLV8ic9KMdv56vZCA2V%2FOaXMM9%2BrE%2Blf7qOMpLvlp%2FYJEDX"}],"group":"cf-nel","max_age":604800}', 'NEL': '{"success_fraction":0,"report_to":"cf-nel","max_age":604800}', 'Server': 'cloudflare', 'CF-RAY': '89eab687990d1369-IAD', 'alt-svc': 'h3=":443"; ma=86400'} 
 body={"results":[{"gender":"male","name":{"title":"Monsieur","first":"Till","last":"Meyer"},"location":{"street":{"number":790,"name":"Rue Denfert-Rochereau"},"city":"Hombrechtikon","state":"Solothurn","country":"Switzerland","postcode":7631,"coordinates":{"latitude":"-60.1093","longitude":"-151.0879"},"timezone":{"offset":"-2:00","description":"Mid-Atlantic"}},"email":"till.meyer@example.com","login":{"uuid":"eb51a6a7-8d90-4f33-9ab1-e29abc5e2764","username":"sadbutterfly903","password":"passwor","salt":"H2Lc0omv","md5":"db30e458d234db338198aa50248fe1ba","sha1":"575cb0369a3743f771c805687d5f525723113efa","sha256":"de4af2bb93770cbbe087af01e6b2141d20b2b814049e147fb4ad2fd303a58b42"},"dob":{"date":"1952-08-30T02:19:21.280Z","age":71},"registered":{"date":"2014-05-16T06:22:56.188Z","age":10},"phone":"078 391 44 23","cell":"076 712 05 86","id":{"name":"AVS","value":"756.2197.4865.19"},"picture":{"large":"https://randomuser.me/api/portraits/men/68.jpg","medium":"https://randomuser.me/api/portraits/med/men/68.jpg","thumbnail":"https://randomuser.me/api/portraits/thumb/men/68.jpg"},"nat":"CH"}],"info":{"seed":"8ffbdd6a95a516ef","results":1,"page":1,"version":"1.4"}} 
 </msg>
<msg time="2024-07-05T22:15:19.012292" level="INFO">/opt/hostedtoolcache/Python/3.12.4/x64/lib/python3.12/site-packages/urllib3/connectionpool.py:1099: InsecureRequestWarning: Unverified HTTPS request is being made to host 'randomuser.me'. Adding certificate verification is strongly advised. See: https://urllib3.readthedocs.io/en/latest/advanced-usage.html#tls-warnings
  warnings.warn(</msg>
<msg time="2024-07-05T22:15:19.012438" level="INFO">${response} = &lt;Response [200]&gt;</msg>
<var>${response}</var>
<arg>consultarAPI</arg>
<arg>/api</arg>
<doc>Sends a GET request on a previously created HTTP Session.</doc>
<status status="PASS" start="2024-07-05T22:15:18.835255" elapsed="0.177226"/>
</kw>
<kw name="Should Be Equal As Numbers" owner="BuiltIn">
<msg time="2024-07-05T22:15:19.013368" level="INFO">Argument types are:
&lt;class 'int'&gt;
&lt;class 'str'&gt;</msg>
<arg>${response.status_code}</arg>
<arg>200</arg>
<doc>Fails if objects are unequal after converting them to real numbers.</doc>
<status status="PASS" start="2024-07-05T22:15:19.012930" elapsed="0.000502"/>
</kw>
<kw name="Log" owner="BuiltIn">
<msg time="2024-07-05T22:15:19.014138" level="INFO">200</msg>
<arg>${response.status_code}</arg>
<doc>Logs the given message with the given level.</doc>
<status status="PASS" start="2024-07-05T22:15:19.013782" elapsed="0.000399"/>
</kw>
<kw name="Set Variable" owner="BuiltIn">
<msg time="2024-07-05T22:15:19.014932" level="INFO">${json_data} = {'results': [{'gender': 'male', 'name': {'title': 'Monsieur', 'first': 'Till', 'last': 'Meyer'}, 'location': {'street': {'number': 790, 'name': 'Rue Denfert-Rochereau'}, 'city': 'Hombrechtikon', 'stat...</msg>
<var>${json_data}</var>
<arg>${response.json()}</arg>
<doc>Returns the given values which can then be assigned to a variables.</doc>
<status status="PASS" start="2024-07-05T22:15:19.014492" elapsed="0.000468"/>
</kw>
<kw name="Dictionary Should Contain Key" owner="Collections">
<arg>${json_data}</arg>
<arg>results</arg>
<doc>Fails if ``key`` is not found from ``dictionary``.</doc>
<status status="PASS" start="2024-07-05T22:15:19.015260" elapsed="0.000164"/>
</kw>
<status status="PASS" start="2024-07-05T22:15:18.834976" elapsed="0.180596"/>
</kw>
<doc>Testa se a API responde corretamente e retorna um objeto JSON válido.</doc>
<tag>testeRequisicaoBasica</tag>
<status status="PASS" start="2024-07-05T22:15:18.834358" elapsed="0.181380"/>
</test>
<test id="s1-s1-t3" name="Validar estrutura de resposta" line="22">
<kw name="Teste de Estrutura de Resposta" owner="random-user-service">
<kw name="GET On Session" owner="RequestsLibrary">
<msg time="2024-07-05T22:15:19.127605" level="INFO">GET Request : url=https://randomuser.me/api 
 path_url=/api 
 headers={'User-Agent': 'python-requests/2.32.3', 'Accept-Encoding': 'gzip, deflate', 'Accept': '*/*', 'Connection': 'keep-alive'} 
 body=None 
 </msg>
<msg time="2024-07-05T22:15:19.127692" level="INFO">GET Response : url=https://randomuser.me/api 
 status=200, reason=OK 
 headers={'Date': 'Fri, 05 Jul 2024 22:15:19 GMT', 'Content-Type': 'application/json; charset=utf-8', 'Transfer-Encoding': 'chunked', 'Connection': 'keep-alive', 'X-Powered-By': 'Express', 'Access-Control-Allow-Origin': '*', 'Cache-Control': 'no-cache', 'ETag': 'W/"4a0-WhrSt5KUp6xxY/6YGpkAcnXrAcU"', 'Vary': 'Accept-Encoding', 'Content-Encoding': 'gzip', 'CF-Cache-Status': 'DYNAMIC', 'Report-To': '{"endpoints":[{"url":"https:\\/\\/a.nel.cloudflare.com\\/report\\/v4?s=f6AD8jSaQdhh8lKKYIO%2BbhRQ%2Bnm2nl3ooeO3II7uM0wy4IlsC0DhJmfYNnNEUeah7c7IKEnngzf8JS5dQQJDF0QGf5d9DLPf9Xf7HNhDTIcjZDvdhx%2Fs2%2F1DOscGv%2FWW"}],"group":"cf-nel","max_age":604800}', 'NEL': '{"success_fraction":0,"report_to":"cf-nel","max_age":604800}', 'Server': 'cloudflare', 'CF-RAY': '89eab687e9331369-IAD', 'alt-svc': 'h3=":443"; ma=86400'} 
 body={"results":[{"gender":"female","name":{"title":"Madame","first":"Myrtha","last":"Philippe"},"location":{"street":{"number":6424,"name":"Cours Charlemagne"},"city":"Zofingen","state":"Zug","country":"Switzerland","postcode":4959,"coordinates":{"latitude":"-59.3873","longitude":"175.2761"},"timezone":{"offset":"-8:00","description":"Pacific Time (US &amp; Canada)"}},"email":"myrtha.philippe@example.com","login":{"uuid":"bcb2a2ff-a931-48f6-997e-a8556d799d42","username":"whiteostrich575","password":"inferno","salt":"KpdF8yMJ","md5":"c020c57786e487031089d1615971f453","sha1":"fac86dd73e03b26a503696f5aa6fc1feb9ab2253","sha256":"1f8389a82dfc78610843aa3bcadd8ea1d00cbd67aaf3f9f4e170aa51878bc2df"},"dob":{"date":"1963-09-25T15:40:28.105Z","age":60},"registered":{"date":"2009-09-29T10:52:42.849Z","age":14},"phone":"078 682 18 08","cell":"079 045 13 75","id":{"name":"AVS","value":"756.4775.3171.91"},"picture":{"large":"https://randomuser.me/api/portraits/women/40.jpg","medium":"https://randomuser.me/api/portraits/med/women/40.jpg","thumbnail":"https://randomuser.me/api/portraits/thumb/women/40.jpg"},"nat":"CH"}],"info":{"seed":"3225be424b752038","results":1,"page":1,"version":"1.4"}} 
 </msg>
<msg time="2024-07-05T22:15:19.127845" level="INFO">/opt/hostedtoolcache/Python/3.12.4/x64/lib/python3.12/site-packages/urllib3/connectionpool.py:1099: InsecureRequestWarning: Unverified HTTPS request is being made to host 'randomuser.me'. Adding certificate verification is strongly advised. See: https://urllib3.readthedocs.io/en/latest/advanced-usage.html#tls-warnings
  warnings.warn(</msg>
<msg time="2024-07-05T22:15:19.127999" level="INFO">${response} = &lt;Response [200]&gt;</msg>
<var>${response}</var>
<arg>consultarAPI</arg>
<arg>/api</arg>
<doc>Sends a GET request on a previously created HTTP Session.</doc>
<status status="PASS" start="2024-07-05T22:15:19.018341" elapsed="0.109707"/>
</kw>
<kw name="Set Variable" owner="BuiltIn">
<msg time="2024-07-05T22:15:19.128855" level="INFO">${json_data} = {'results': [{'gender': 'female', 'name': {'title': 'Madame', 'first': 'Myrtha', 'last': 'Philippe'}, 'location': {'street': {'number': 6424, 'name': 'Cours Charlemagne'}, 'city': 'Zofingen', 'state':...</msg>
<var>${json_data}</var>
<arg>${response.json()}</arg>
<doc>Returns the given values which can then be assigned to a variables.</doc>
<status status="PASS" start="2024-07-05T22:15:19.128417" elapsed="0.000466"/>
</kw>
<kw name="Log" owner="BuiltIn">
<msg time="2024-07-05T22:15:19.129336" level="INFO">{'results': [{'gender': 'female', 'name': {'title': 'Madame', 'first': 'Myrtha', 'last': 'Philippe'}, 'location': {'street': {'number': 6424, 'name': 'Cours Charlemagne'}, 'city': 'Zofingen', 'state': 'Zug', 'country': 'Switzerland', 'postcode': 4959, 'coordinates': {'latitude': '-59.3873', 'longitude': '175.2761'}, 'timezone': {'offset': '-8:00', 'description': 'Pacific Time (US &amp; Canada)'}}, 'email': 'myrtha.philippe@example.com', 'login': {'uuid': 'bcb2a2ff-a931-48f6-997e-a8556d799d42', 'username': 'whiteostrich575', 'password': 'inferno', 'salt': 'KpdF8yMJ', 'md5': 'c020c57786e487031089d1615971f453', 'sha1': 'fac86dd73e03b26a503696f5aa6fc1feb9ab2253', 'sha256': '1f8389a82dfc78610843aa3bcadd8ea1d00cbd67aaf3f9f4e170aa51878bc2df'}, 'dob': {'date': '1963-09-25T15:40:28.105Z', 'age': 60}, 'registered': {'date': '2009-09-29T10:52:42.849Z', 'age': 14}, 'phone': '078 682 18 08', 'cell': '079 045 13 75', 'id': {'name': 'AVS', 'value': '756.4775.3171.91'}, 'picture': {'large': 'https://randomuser.me/api/portraits/women/40.jpg', 'medium': 'https://randomuser.me/api/portraits/med/women/40.jpg', 'thumbnail': 'https://randomuser.me/api/portraits/thumb/women/40.jpg'}, 'nat': 'CH'}], 'info': {'seed': '3225be424b752038', 'results': 1, 'page': 1, 'version': '1.4'}}</msg>
<arg>${json_data}</arg>
<doc>Logs the given message with the given level.</doc>
<status status="PASS" start="2024-07-05T22:15:19.129183" elapsed="0.000202"/>
</kw>
<kw name="Dictionary Should Contain Key" owner="Collections">
<arg>${json_data}</arg>
<arg>results</arg>
<doc>Fails if ``key`` is not found from ``dictionary``.</doc>
<status status="PASS" start="2024-07-05T22:15:19.129708" elapsed="0.000162"/>
</kw>
<kw name="Should Not Be Empty" owner="BuiltIn">
<msg time="2024-07-05T22:15:19.130184" level="INFO">Length is 2.</msg>
<arg>${json_data}</arg>
<doc>Verifies that the given item is not empty.</doc>
<status status="PASS" start="2024-07-05T22:15:19.130058" elapsed="0.000165"/>
</kw>
<kw name="Create List" owner="BuiltIn">
<msg time="2024-07-05T22:15:19.130675" level="INFO">${expected_keys} = ['gender', 'name', 'location', 'email', 'login']</msg>
<var>${expected_keys}</var>
<arg>gender</arg>
<arg>name</arg>
<arg>location</arg>
<arg>email</arg>
<arg>login</arg>
<doc>Returns a list containing given items.</doc>
<status status="PASS" start="2024-07-05T22:15:19.130523" elapsed="0.000176"/>
</kw>
<for flavor="IN">
<iter>
<kw name="Dictionary Should Contain Key" owner="Collections">
<arg>${json_data['results'][0]}</arg>
<arg>${key}</arg>
<doc>Fails if ``key`` is not found from ``dictionary``.</doc>
<status status="PASS" start="2024-07-05T22:15:19.131401" elapsed="0.000398"/>
</kw>
<kw name="Log" owner="BuiltIn">
<msg time="2024-07-05T22:15:19.132349" level="INFO">{'gender': 'female', 'name': {'title': 'Madame', 'first': 'Myrtha', 'last': 'Philippe'}, 'location': {'street': {'number': 6424, 'name': 'Cours Charlemagne'}, 'city': 'Zofingen', 'state': 'Zug', 'country': 'Switzerland', 'postcode': 4959, 'coordinates': {'latitude': '-59.3873', 'longitude': '175.2761'}, 'timezone': {'offset': '-8:00', 'description': 'Pacific Time (US &amp; Canada)'}}, 'email': 'myrtha.philippe@example.com', 'login': {'uuid': 'bcb2a2ff-a931-48f6-997e-a8556d799d42', 'username': 'whiteostrich575', 'password': 'inferno', 'salt': 'KpdF8yMJ', 'md5': 'c020c57786e487031089d1615971f453', 'sha1': 'fac86dd73e03b26a503696f5aa6fc1feb9ab2253', 'sha256': '1f8389a82dfc78610843aa3bcadd8ea1d00cbd67aaf3f9f4e170aa51878bc2df'}, 'dob': {'date': '1963-09-25T15:40:28.105Z', 'age': 60}, 'registered': {'date': '2009-09-29T10:52:42.849Z', 'age': 14}, 'phone': '078 682 18 08', 'cell': '079 045 13 75', 'id': {'name': 'AVS', 'value': '756.4775.3171.91'}, 'picture': {'large': 'https://randomuser.me/api/portraits/women/40.jpg', 'medium': 'https://randomuser.me/api/portraits/med/women/40.jpg', 'thumbnail': 'https://randomuser.me/api/portraits/thumb/women/40.jpg'}, 'nat': 'CH'}</msg>
<arg>${json_data['results'][0]}</arg>
<doc>Logs the given message with the given level.</doc>
<status status="PASS" start="2024-07-05T22:15:19.131991" elapsed="0.000407"/>
</kw>
<kw name="Log" owner="BuiltIn">
<msg time="2024-07-05T22:15:19.132820" level="INFO">gender</msg>
<arg>${key}</arg>
<doc>Logs the given message with the given level.</doc>
<status status="PASS" start="2024-07-05T22:15:19.132693" elapsed="0.000164"/>
</kw>
<var name="${key}">gender</var>
<status status="PASS" start="2024-07-05T22:15:19.131278" elapsed="0.001800"/>
</iter>
<iter>
<kw name="Dictionary Should Contain Key" owner="Collections">
<arg>${json_data['results'][0]}</arg>
<arg>${key}</arg>
<doc>Fails if ``key`` is not found from ``dictionary``.</doc>
<status status="PASS" start="2024-07-05T22:15:19.133381" elapsed="0.000411"/>
</kw>
<kw name="Log" owner="BuiltIn">
<msg time="2024-07-05T22:15:19.134365" level="INFO">{'gender': 'female', 'name': {'title': 'Madame', 'first': 'Myrtha', 'last': 'Philippe'}, 'location': {'street': {'number': 6424, 'name': 'Cours Charlemagne'}, 'city': 'Zofingen', 'state': 'Zug', 'country': 'Switzerland', 'postcode': 4959, 'coordinates': {'latitude': '-59.3873', 'longitude': '175.2761'}, 'timezone': {'offset': '-8:00', 'description': 'Pacific Time (US &amp; Canada)'}}, 'email': 'myrtha.philippe@example.com', 'login': {'uuid': 'bcb2a2ff-a931-48f6-997e-a8556d799d42', 'username': 'whiteostrich575', 'password': 'inferno', 'salt': 'KpdF8yMJ', 'md5': 'c020c57786e487031089d1615971f453', 'sha1': 'fac86dd73e03b26a503696f5aa6fc1feb9ab2253', 'sha256': '1f8389a82dfc78610843aa3bcadd8ea1d00cbd67aaf3f9f4e170aa51878bc2df'}, 'dob': {'date': '1963-09-25T15:40:28.105Z', 'age': 60}, 'registered': {'date': '2009-09-29T10:52:42.849Z', 'age': 14}, 'phone': '078 682 18 08', 'cell': '079 045 13 75', 'id': {'name': 'AVS', 'value': '756.4775.3171.91'}, 'picture': {'large': 'https://randomuser.me/api/portraits/women/40.jpg', 'medium': 'https://randomuser.me/api/portraits/med/women/40.jpg', 'thumbnail': 'https://randomuser.me/api/portraits/thumb/women/40.jpg'}, 'nat': 'CH'}</msg>
<arg>${json_data['results'][0]}</arg>
<doc>Logs the given message with the given level.</doc>
<status status="PASS" start="2024-07-05T22:15:19.133973" elapsed="0.000443"/>
</kw>
<kw name="Log" owner="BuiltIn">
<msg time="2024-07-05T22:15:19.134841" level="INFO">name</msg>
<arg>${key}</arg>
<doc>Logs the given message with the given level.</doc>
<status status="PASS" start="2024-07-05T22:15:19.134714" elapsed="0.000187"/>
</kw>
<var name="${key}">name</var>
<status status="PASS" start="2024-07-05T22:15:19.133263" elapsed="0.001852"/>
</iter>
<iter>
<kw name="Dictionary Should Contain Key" owner="Collections">
<arg>${json_data['results'][0]}</arg>
<arg>${key}</arg>
<doc>Fails if ``key`` is not found from ``dictionary``.</doc>
<status status="PASS" start="2024-07-05T22:15:19.135402" elapsed="0.000378"/>
</kw>
<kw name="Log" owner="BuiltIn">
<msg time="2024-07-05T22:15:19.136304" level="INFO">{'gender': 'female', 'name': {'title': 'Madame', 'first': 'Myrtha', 'last': 'Philippe'}, 'location': {'street': {'number': 6424, 'name': 'Cours Charlemagne'}, 'city': 'Zofingen', 'state': 'Zug', 'country': 'Switzerland', 'postcode': 4959, 'coordinates': {'latitude': '-59.3873', 'longitude': '175.2761'}, 'timezone': {'offset': '-8:00', 'description': 'Pacific Time (US &amp; Canada)'}}, 'email': 'myrtha.philippe@example.com', 'login': {'uuid': 'bcb2a2ff-a931-48f6-997e-a8556d799d42', 'username': 'whiteostrich575', 'password': 'inferno', 'salt': 'KpdF8yMJ', 'md5': 'c020c57786e487031089d1615971f453', 'sha1': 'fac86dd73e03b26a503696f5aa6fc1feb9ab2253', 'sha256': '1f8389a82dfc78610843aa3bcadd8ea1d00cbd67aaf3f9f4e170aa51878bc2df'}, 'dob': {'date': '1963-09-25T15:40:28.105Z', 'age': 60}, 'registered': {'date': '2009-09-29T10:52:42.849Z', 'age': 14}, 'phone': '078 682 18 08', 'cell': '079 045 13 75', 'id': {'name': 'AVS', 'value': '756.4775.3171.91'}, 'picture': {'large': 'https://randomuser.me/api/portraits/women/40.jpg', 'medium': 'https://randomuser.me/api/portraits/med/women/40.jpg', 'thumbnail': 'https://randomuser.me/api/portraits/thumb/women/40.jpg'}, 'nat': 'CH'}</msg>
<arg>${json_data['results'][0]}</arg>
<doc>Logs the given message with the given level.</doc>
<status status="PASS" start="2024-07-05T22:15:19.135959" elapsed="0.000394"/>
</kw>
<kw name="Log" owner="BuiltIn">
<msg time="2024-07-05T22:15:19.136770" level="INFO">location</msg>
<arg>${key}</arg>
<doc>Logs the given message with the given level.</doc>
<status status="PASS" start="2024-07-05T22:15:19.136646" elapsed="0.000162"/>
</kw>
<var name="${key}">location</var>
<status status="PASS" start="2024-07-05T22:15:19.135292" elapsed="0.001737"/>
</iter>
<iter>
<kw name="Dictionary Should Contain Key" owner="Collections">
<arg>${json_data['results'][0]}</arg>
<arg>${key}</arg>
<doc>Fails if ``key`` is not found from ``dictionary``.</doc>
<status status="PASS" start="2024-07-05T22:15:19.137307" elapsed="0.000408"/>
</kw>
<kw name="Log" owner="BuiltIn">
<msg time="2024-07-05T22:15:19.138245" level="INFO">{'gender': 'female', 'name': {'title': 'Madame', 'first': 'Myrtha', 'last': 'Philippe'}, 'location': {'street': {'number': 6424, 'name': 'Cours Charlemagne'}, 'city': 'Zofingen', 'state': 'Zug', 'country': 'Switzerland', 'postcode': 4959, 'coordinates': {'latitude': '-59.3873', 'longitude': '175.2761'}, 'timezone': {'offset': '-8:00', 'description': 'Pacific Time (US &amp; Canada)'}}, 'email': 'myrtha.philippe@example.com', 'login': {'uuid': 'bcb2a2ff-a931-48f6-997e-a8556d799d42', 'username': 'whiteostrich575', 'password': 'inferno', 'salt': 'KpdF8yMJ', 'md5': 'c020c57786e487031089d1615971f453', 'sha1': 'fac86dd73e03b26a503696f5aa6fc1feb9ab2253', 'sha256': '1f8389a82dfc78610843aa3bcadd8ea1d00cbd67aaf3f9f4e170aa51878bc2df'}, 'dob': {'date': '1963-09-25T15:40:28.105Z', 'age': 60}, 'registered': {'date': '2009-09-29T10:52:42.849Z', 'age': 14}, 'phone': '078 682 18 08', 'cell': '079 045 13 75', 'id': {'name': 'AVS', 'value': '756.4775.3171.91'}, 'picture': {'large': 'https://randomuser.me/api/portraits/women/40.jpg', 'medium': 'https://randomuser.me/api/portraits/med/women/40.jpg', 'thumbnail': 'https://randomuser.me/api/portraits/thumb/women/40.jpg'}, 'nat': 'CH'}</msg>
<arg>${json_data['results'][0]}</arg>
<doc>Logs the given message with the given level.</doc>
<status status="PASS" start="2024-07-05T22:15:19.137897" elapsed="0.000398"/>
</kw>
<kw name="Log" owner="BuiltIn">
<msg time="2024-07-05T22:15:19.138709" level="INFO">email</msg>
<arg>${key}</arg>
<doc>Logs the given message with the given level.</doc>
<status status="PASS" start="2024-07-05T22:15:19.138584" elapsed="0.000163"/>
</kw>
<var name="${key}">email</var>
<status status="PASS" start="2024-07-05T22:15:19.137200" elapsed="0.001765"/>
</iter>
<iter>
<kw name="Dictionary Should Contain Key" owner="Collections">
<arg>${json_data['results'][0]}</arg>
<arg>${key}</arg>
<doc>Fails if ``key`` is not found from ``dictionary``.</doc>
<status status="PASS" start="2024-07-05T22:15:19.139247" elapsed="0.000385"/>
</kw>
<kw name="Log" owner="BuiltIn">
<msg time="2024-07-05T22:15:19.140169" level="INFO">{'gender': 'female', 'name': {'title': 'Madame', 'first': 'Myrtha', 'last': 'Philippe'}, 'location': {'street': {'number': 6424, 'name': 'Cours Charlemagne'}, 'city': 'Zofingen', 'state': 'Zug', 'country': 'Switzerland', 'postcode': 4959, 'coordinates': {'latitude': '-59.3873', 'longitude': '175.2761'}, 'timezone': {'offset': '-8:00', 'description': 'Pacific Time (US &amp; Canada)'}}, 'email': 'myrtha.philippe@example.com', 'login': {'uuid': 'bcb2a2ff-a931-48f6-997e-a8556d799d42', 'username': 'whiteostrich575', 'password': 'inferno', 'salt': 'KpdF8yMJ', 'md5': 'c020c57786e487031089d1615971f453', 'sha1': 'fac86dd73e03b26a503696f5aa6fc1feb9ab2253', 'sha256': '1f8389a82dfc78610843aa3bcadd8ea1d00cbd67aaf3f9f4e170aa51878bc2df'}, 'dob': {'date': '1963-09-25T15:40:28.105Z', 'age': 60}, 'registered': {'date': '2009-09-29T10:52:42.849Z', 'age': 14}, 'phone': '078 682 18 08', 'cell': '079 045 13 75', 'id': {'name': 'AVS', 'value': '756.4775.3171.91'}, 'picture': {'large': 'https://randomuser.me/api/portraits/women/40.jpg', 'medium': 'https://randomuser.me/api/portraits/med/women/40.jpg', 'thumbnail': 'https://randomuser.me/api/portraits/thumb/women/40.jpg'}, 'nat': 'CH'}</msg>
<arg>${json_data['results'][0]}</arg>
<doc>Logs the given message with the given level.</doc>
<status status="PASS" start="2024-07-05T22:15:19.139813" elapsed="0.000405"/>
</kw>
<kw name="Log" owner="BuiltIn">
<msg time="2024-07-05T22:15:19.140629" level="INFO">login</msg>
<arg>${key}</arg>
<doc>Logs the given message with the given level.</doc>
<status status="PASS" start="2024-07-05T22:15:19.140504" elapsed="0.000163"/>
</kw>
<var name="${key}">login</var>
<status status="PASS" start="2024-07-05T22:15:19.139138" elapsed="0.001749"/>
</iter>
<var>${key}</var>
<value>@{expected_keys}</value>
<status status="PASS" start="2024-07-05T22:15:19.131093" elapsed="0.009917"/>
</for>
<kw name="Create List" owner="BuiltIn">
<msg time="2024-07-05T22:15:19.141366" level="INFO">${expected_keysTwo} = ['username', 'password']</msg>
<var>${expected_keysTwo}</var>
<arg>username</arg>
<arg>password</arg>
<doc>Returns a list containing given items.</doc>
<status status="PASS" start="2024-07-05T22:15:19.141229" elapsed="0.000162"/>
</kw>
<for flavor="IN">
<iter>
<kw name="Dictionary Should Contain Key" owner="Collections">
<arg>${json_data['results'][0]['login']}</arg>
<arg>${keyTwo}</arg>
<doc>Fails if ``key`` is not found from ``dictionary``.</doc>
<status status="PASS" start="2024-07-05T22:15:19.141907" elapsed="0.000384"/>
</kw>
<kw name="Dictionary Should Contain Key" owner="Collections">
<arg>${json_data['results'][0]['login']}</arg>
<arg>${keyTwo}</arg>
<doc>Fails if ``key`` is not found from ``dictionary``.</doc>
<status status="PASS" start="2024-07-05T22:15:19.142469" elapsed="0.000373"/>
</kw>
<kw name="Log" owner="BuiltIn">
<msg time="2024-07-05T22:15:19.143150" level="INFO">username</msg>
<arg>${keyTwo}</arg>
<doc>Logs the given message with the given level.</doc>
<status status="PASS" start="2024-07-05T22:15:19.143025" elapsed="0.000164"/>
</kw>
<var name="${keyTwo}">username</var>
<status status="PASS" start="2024-07-05T22:15:19.141798" elapsed="0.001610"/>
</iter>
<iter>
<kw name="Dictionary Should Contain Key" owner="Collections">
<arg>${json_data['results'][0]['login']}</arg>
<arg>${keyTwo}</arg>
<doc>Fails if ``key`` is not found from ``dictionary``.</doc>
<status status="PASS" start="2024-07-05T22:15:19.143687" elapsed="0.000382"/>
</kw>
<kw name="Dictionary Should Contain Key" owner="Collections">
<arg>${json_data['results'][0]['login']}</arg>
<arg>${keyTwo}</arg>
<doc>Fails if ``key`` is not found from ``dictionary``.</doc>
<status status="PASS" start="2024-07-05T22:15:19.144248" elapsed="0.000376"/>
</kw>
<kw name="Log" owner="BuiltIn">
<msg time="2024-07-05T22:15:19.144919" level="INFO">password</msg>
<arg>${keyTwo}</arg>
<doc>Logs the given message with the given level.</doc>
<status status="PASS" start="2024-07-05T22:15:19.144801" elapsed="0.000160"/>
</kw>
<var name="${keyTwo}">password</var>
<status status="PASS" start="2024-07-05T22:15:19.143580" elapsed="0.001597"/>
</iter>
<var>${keyTwo}</var>
<value>@{expected_keysTwo}</value>
<status status="PASS" start="2024-07-05T22:15:19.141646" elapsed="0.003652"/>
</for>
<status status="PASS" start="2024-07-05T22:15:19.018107" elapsed="0.127329"/>
</kw>
<doc>Testa a estrutura da resposta da API.</doc>
<tag>testeEstruturaResposta</tag>
<status status="PASS" start="2024-07-05T22:15:19.017611" elapsed="0.128011"/>
</test>
<test id="s1-s1-t4" name="Validar tipos de dados" line="28">
<kw name="Teste de Tipos de Dados" owner="random-user-service">
<kw name="GET On Session" owner="RequestsLibrary">
<msg time="2024-07-05T22:15:19.209601" level="INFO">GET Request : url=https://randomuser.me/api 
 path_url=/api 
 headers={'User-Agent': 'python-requests/2.32.3', 'Accept-Encoding': 'gzip, deflate', 'Accept': '*/*', 'Connection': 'keep-alive'} 
 body=None 
 </msg>
<msg time="2024-07-05T22:15:19.209686" level="INFO">GET Response : url=https://randomuser.me/api 
 status=200, reason=OK 
 headers={'Date': 'Fri, 05 Jul 2024 22:15:19 GMT', 'Content-Type': 'application/json; charset=utf-8', 'Transfer-Encoding': 'chunked', 'Connection': 'keep-alive', 'X-Powered-By': 'Express', 'Access-Control-Allow-Origin': '*', 'Cache-Control': 'no-cache', 'ETag': 'W/"49a-+y+tUm7W3kAkMYqi/XR39R6fJHo"', 'Vary': 'Accept-Encoding', 'Content-Encoding': 'gzip', 'CF-Cache-Status': 'DYNAMIC', 'Report-To': '{"endpoints":[{"url":"https:\\/\\/a.nel.cloudflare.com\\/report\\/v4?s=W6LgmyCtwGTYfGdfA3hoZGYhoABITXuF%2BQTdzMIYubiuOtCckw03Ep9%2FAhXpFxxZjna0CLAt2UjynilOGh%2FanGRaU4I1Oe74YL3LTEvUR%2BQiNJJTMtsdiEhgqCwTUe2c"}],"group":"cf-nel","max_age":604800}', 'NEL': '{"success_fraction":0,"report_to":"cf-nel","max_age":604800}', 'Server': 'cloudflare', 'CF-RAY': '89eab688b9a91369-IAD', 'alt-svc': 'h3=":443"; ma=86400'} 
 body={"results":[{"gender":"female","name":{"title":"Miss","first":"Galina","last":"Drach"},"location":{"street":{"number":9777,"name":"Rilieieva"},"city":"Girske","state":"Avtonomna Respublika Krim","country":"Ukraine","postcode":71296,"coordinates":{"latitude":"79.5514","longitude":"142.7700"},"timezone":{"offset":"-6:00","description":"Central Time (US &amp; Canada), Mexico City"}},"email":"galina.drach@example.com","login":{"uuid":"3453fc30-a2ae-4e0f-8616-614791d84a8f","username":"happygoose205","password":"adult","salt":"lO53c7Xz","md5":"b928b698b4113621f227f07bd15758f7","sha1":"5535e77fb106f16882ddf45d7a09e7d5a746fb2a","sha256":"c48c9b24f5ffd8214214a2c53400225c11481bbb4cafaa19ba04786239f1bc62"},"dob":{"date":"1959-07-01T01:30:59.101Z","age":65},"registered":{"date":"2011-03-26T23:41:41.417Z","age":13},"phone":"(066) W53-6597","cell":"(096) L63-7085","id":{"name":"","value":null},"picture":{"large":"https://randomuser.me/api/portraits/women/59.jpg","medium":"https://randomuser.me/api/portraits/med/women/59.jpg","thumbnail":"https://randomuser.me/api/portraits/thumb/women/59.jpg"},"nat":"UA"}],"info":{"seed":"0d7d412d2dc1e09f","results":1,"page":1,"version":"1.4"}} 
 </msg>
<msg time="2024-07-05T22:15:19.209763" level="INFO">/opt/hostedtoolcache/Python/3.12.4/x64/lib/python3.12/site-packages/urllib3/connectionpool.py:1099: InsecureRequestWarning: Unverified HTTPS request is being made to host 'randomuser.me'. Adding certificate verification is strongly advised. See: https://urllib3.readthedocs.io/en/latest/advanced-usage.html#tls-warnings
  warnings.warn(</msg>
<msg time="2024-07-05T22:15:19.209899" level="INFO">${response} = &lt;Response [200]&gt;</msg>
<var>${response}</var>
<arg>consultarAPI</arg>
<arg>/api</arg>
<doc>Sends a GET request on a previously created HTTP Session.</doc>
<status status="PASS" start="2024-07-05T22:15:19.148109" elapsed="0.061846"/>
</kw>
<kw name="Set Variable" owner="BuiltIn">
<msg time="2024-07-05T22:15:19.210792" level="INFO">${json_data} = {'results': [{'gender': 'female', 'name': {'title': 'Miss', 'first': 'Galina', 'last': 'Drach'}, 'location': {'street': {'number': 9777, 'name': 'Rilieieva'}, 'city': 'Girske', 'state': 'Avtonomna Res...</msg>
<var>${json_data}</var>
<arg>${response.json()}</arg>
<doc>Returns the given values which can then be assigned to a variables.</doc>
<status status="PASS" start="2024-07-05T22:15:19.210346" elapsed="0.000474"/>
</kw>
<kw name="Log" owner="BuiltIn">
<msg time="2024-07-05T22:15:19.211282" level="INFO">{'results': [{'gender': 'female', 'name': {'title': 'Miss', 'first': 'Galina', 'last': 'Drach'}, 'location': {'street': {'number': 9777, 'name': 'Rilieieva'}, 'city': 'Girske', 'state': 'Avtonomna Respublika Krim', 'country': 'Ukraine', 'postcode': 71296, 'coordinates': {'latitude': '79.5514', 'longitude': '142.7700'}, 'timezone': {'offset': '-6:00', 'description': 'Central Time (US &amp; Canada), Mexico City'}}, 'email': 'galina.drach@example.com', 'login': {'uuid': '3453fc30-a2ae-4e0f-8616-614791d84a8f', 'username': 'happygoose205', 'password': 'adult', 'salt': 'lO53c7Xz', 'md5': 'b928b698b4113621f227f07bd15758f7', 'sha1': '5535e77fb106f16882ddf45d7a09e7d5a746fb2a', 'sha256': 'c48c9b24f5ffd8214214a2c53400225c11481bbb4cafaa19ba04786239f1bc62'}, 'dob': {'date': '1959-07-01T01:30:59.101Z', 'age': 65}, 'registered': {'date': '2011-03-26T23:41:41.417Z', 'age': 13}, 'phone': '(066) W53-6597', 'cell': '(096) L63-7085', 'id': {'name': '', 'value': None}, 'picture': {'large': 'https://randomuser.me/api/portraits/women/59.jpg', 'medium': 'https://randomuser.me/api/portraits/med/women/59.jpg', 'thumbnail': 'https://randomuser.me/api/portraits/thumb/women/59.jpg'}, 'nat': 'UA'}], 'info': {'seed': '0d7d412d2dc1e09f', 'results': 1, 'page': 1, 'version': '1.4'}}</msg>
<arg>${json_data}</arg>
<doc>Logs the given message with the given level.</doc>
<status status="PASS" start="2024-07-05T22:15:19.211126" elapsed="0.000203"/>
</kw>
<kw name="Should Be String" owner="String">
<arg>${json_data['results'][0]['gender']}</arg>
<doc>Fails if the given ``item`` is not a string.</doc>
<status status="PASS" start="2024-07-05T22:15:19.211617" elapsed="0.000361"/>
</kw>
<kw name="Should Match Regexp" owner="BuiltIn">
<arg>${json_data['results'][0]['email']}</arg>
<arg>^[a-zA-Z0-9._%+-]+@[a-zA-Z0-9.-]+\.[a-zA-Z]{2,}$</arg>
<doc>Fails if ``string`` does not match ``pattern`` as a regular expression.</doc>
<status status="PASS" start="2024-07-05T22:15:19.212201" elapsed="0.000517"/>
</kw>
<kw name="Should Match Regexp" owner="BuiltIn">
<arg>${json_data['results'][0]['dob']['date']}</arg>
<arg>\\d{4}-\\d{2}-\\d{2}T\\d{2}:\\d{2}:\\d{2}\\.\\d{3}Z</arg>
<doc>Fails if ``string`` does not match ``pattern`` as a regular expression.</doc>
<status status="PASS" start="2024-07-05T22:15:19.212913" elapsed="0.000497"/>
</kw>
<kw name="Should Match Regexp" owner="BuiltIn">
<arg>${json_data['results'][0]['registered']['date']}</arg>
<arg>\\d{4}-\\d{2}-\\d{2}T\\d{2}:\\d{2}:\\d{2}\\.\\d{3}Z</arg>
<doc>Fails if ``string`` does not match ``pattern`` as a regular expression.</doc>
<status status="PASS" start="2024-07-05T22:15:19.213627" elapsed="0.000379"/>
</kw>
<kw name="Should Match Regexp" owner="BuiltIn">
<arg>${json_data['results'][0]['picture']['large']}</arg>
<arg>^https?://.*\.(?:png|jpe?g|gif|bmp)$</arg>
<doc>Fails if ``string`` does not match ``pattern`` as a regular expression.</doc>
<status status="PASS" start="2024-07-05T22:15:19.214190" elapsed="0.000454"/>
</kw>
<kw name="Should Match Regexp" owner="BuiltIn">
<arg>${json_data['results'][0]['picture']['medium']}</arg>
<arg>^https?://.*\.(?:png|jpe?g|gif|bmp)$</arg>
<doc>Fails if ``string`` does not match ``pattern`` as a regular expression.</doc>
<status status="PASS" start="2024-07-05T22:15:19.214830" elapsed="0.000351"/>
</kw>
<kw name="Should Match Regexp" owner="BuiltIn">
<arg>${json_data['results'][0]['picture']['thumbnail']}</arg>
<arg>^https?://.*\.(?:png|jpe?g|gif|bmp)$</arg>
<doc>Fails if ``string`` does not match ``pattern`` as a regular expression.</doc>
<status status="PASS" start="2024-07-05T22:15:19.215364" elapsed="0.000347"/>
</kw>
<kw name="Log" owner="BuiltIn">
<msg time="2024-07-05T22:15:19.216221" level="INFO">{'large': 'https://randomuser.me/api/portraits/women/59.jpg', 'medium': 'https://randomuser.me/api/portraits/med/women/59.jpg', 'thumbnail': 'https://randomuser.me/api/portraits/thumb/women/59.jpg'}</msg>
<arg>${json_data['results'][0]['picture']}</arg>
<doc>Logs the given message with the given level.</doc>
<status status="PASS" start="2024-07-05T22:15:19.215895" elapsed="0.000369"/>
</kw>
<status status="PASS" start="2024-07-05T22:15:19.147888" elapsed="0.068628"/>
</kw>
<kw name="Teste de Tipos de Dados - Postcode" owner="random-user-service">
<kw name="GET On Session" owner="RequestsLibrary">
<msg time="2024-07-05T22:15:19.324728" level="INFO">GET Request : url=https://randomuser.me/api 
 path_url=/api 
 headers={'User-Agent': 'python-requests/2.32.3', 'Accept-Encoding': 'gzip, deflate', 'Accept': '*/*', 'Connection': 'keep-alive'} 
 body=None 
 </msg>
<msg time="2024-07-05T22:15:19.324807" level="INFO">GET Response : url=https://randomuser.me/api 
 status=200, reason=OK 
 headers={'Date': 'Fri, 05 Jul 2024 22:15:19 GMT', 'Content-Type': 'application/json; charset=utf-8', 'Transfer-Encoding': 'chunked', 'Connection': 'keep-alive', 'X-Powered-By': 'Express', 'Access-Control-Allow-Origin': '*', 'Cache-Control': 'no-cache', 'ETag': 'W/"49b-NphXrbstI8iwn3QQWZCfjgguemA"', 'Vary': 'Accept-Encoding', 'Content-Encoding': 'gzip', 'CF-Cache-Status': 'DYNAMIC', 'Report-To': '{"endpoints":[{"url":"https:\\/\\/a.nel.cloudflare.com\\/report\\/v4?s=qJ488pjkTunO2UKWyi9qfJuEZ7iPtCu9RNibRxPyZi%2F8cidLzArM%2BeZKnr0aUG9nXTSEWP3SAey0XlI7budRUZVx%2F2L4QFjv%2FqBuxu2h5KlcJNh%2BIp9O%2BUtAXBg9BXK9"}],"group":"cf-nel","max_age":604800}', 'NEL': '{"success_fraction":0,"report_to":"cf-nel","max_age":604800}', 'Server': 'cloudflare', 'CF-RAY': '89eab68929ed1369-IAD', 'alt-svc': 'h3=":443"; ma=86400'} 
 body={"results":[{"gender":"male","name":{"title":"Mr","first":"سپهر","last":"گلشن"},"location":{"street":{"number":351,"name":"میدان شهدا"},"city":"اصفهان","state":"خراسان شمالی","country":"Iran","postcode":29310,"coordinates":{"latitude":"21.3407","longitude":"-178.2055"},"timezone":{"offset":"+11:00","description":"Magadan, Solomon Islands, New Caledonia"}},"email":"sphr.glshn@example.com","login":{"uuid":"7ef0b253-7fc2-490d-aefe-20b2a55145bd","username":"whiteswan239","password":"tennis","salt":"E7WjJbYk","md5":"bc15715d1a25d5d68b87565c2326f63b","sha1":"2f7ab9b6e076a00ac57e5098c787d085834aa538","sha256":"9f682e9ef1fb52c56f47011ec7e3a664b00b4b8706a724072a17d5d17f752441"},"dob":{"date":"1945-09-06T19:34:49.430Z","age":78},"registered":{"date":"2016-12-26T18:55:39.031Z","age":7},"phone":"063-30237894","cell":"0906-705-0266","id":{"name":"","value":null},"picture":{"large":"https://randomuser.me/api/portraits/men/16.jpg","medium":"https://randomuser.me/api/portraits/med/men/16.jpg","thumbnail":"https://randomuser.me/api/portraits/thumb/men/16.jpg"},"nat":"IR"}],"info":{"seed":"2c6852c3d3e990d0","results":1,"page":1,"version":"1.4"}} 
 </msg>
<msg time="2024-07-05T22:15:19.324879" level="INFO">/opt/hostedtoolcache/Python/3.12.4/x64/lib/python3.12/site-packages/urllib3/connectionpool.py:1099: InsecureRequestWarning: Unverified HTTPS request is being made to host 'randomuser.me'. Adding certificate verification is strongly advised. See: https://urllib3.readthedocs.io/en/latest/advanced-usage.html#tls-warnings
  warnings.warn(</msg>
<msg time="2024-07-05T22:15:19.325004" level="INFO">${response} = &lt;Response [200]&gt;</msg>
<var>${response}</var>
<arg>consultarAPI</arg>
<arg>/api</arg>
<doc>Sends a GET request on a previously created HTTP Session.</doc>
<status status="PASS" start="2024-07-05T22:15:19.216942" elapsed="0.108115"/>
</kw>
<kw name="Set Variable" owner="BuiltIn">
<msg time="2024-07-05T22:15:19.325946" level="INFO">${json_data} = {'results': [{'gender': 'male', 'name': {'title': 'Mr', 'first': 'سپهر', 'last': 'گلشن'}, 'location': {'street': {'number': 351, 'name': 'میدان شهدا'}, 'city': 'اصفهان', 'state': 'خراسان شمالی', 'coun...</msg>
<var>${json_data}</var>
<arg>${response.json()}</arg>
<doc>Returns the given values which can then be assigned to a variables.</doc>
<status status="PASS" start="2024-07-05T22:15:19.325463" elapsed="0.000513"/>
</kw>
<kw name="Log" owner="BuiltIn">
<msg time="2024-07-05T22:15:19.326436" level="INFO">{'results': [{'gender': 'male', 'name': {'title': 'Mr', 'first': 'سپهر', 'last': 'گلشن'}, 'location': {'street': {'number': 351, 'name': 'میدان شهدا'}, 'city': 'اصفهان', 'state': 'خراسان شمالی', 'country': 'Iran', 'postcode': 29310, 'coordinates': {'latitude': '21.3407', 'longitude': '-178.2055'}, 'timezone': {'offset': '+11:00', 'description': 'Magadan, Solomon Islands, New Caledonia'}}, 'email': 'sphr.glshn@example.com', 'login': {'uuid': '7ef0b253-7fc2-490d-aefe-20b2a55145bd', 'username': 'whiteswan239', 'password': 'tennis', 'salt': 'E7WjJbYk', 'md5': 'bc15715d1a25d5d68b87565c2326f63b', 'sha1': '2f7ab9b6e076a00ac57e5098c787d085834aa538', 'sha256': '9f682e9ef1fb52c56f47011ec7e3a664b00b4b8706a724072a17d5d17f752441'}, 'dob': {'date': '1945-09-06T19:34:49.430Z', 'age': 78}, 'registered': {'date': '2016-12-26T18:55:39.031Z', 'age': 7}, 'phone': '063-30237894', 'cell': '0906-705-0266', 'id': {'name': '', 'value': None}, 'picture': {'large': 'https://randomuser.me/api/portraits/men/16.jpg', 'medium': 'https://randomuser.me/api/portraits/med/men/16.jpg', 'thumbnail': 'https://randomuser.me/api/portraits/thumb/men/16.jpg'}, 'nat': 'IR'}], 'info': {'seed': '2c6852c3d3e990d0', 'results': 1, 'page': 1, 'version': '1.4'}}</msg>
<arg>${json_data}</arg>
<doc>Logs the given message with the given level.</doc>
<status status="PASS" start="2024-07-05T22:15:19.326280" elapsed="0.000207"/>
</kw>
<kw name="Should Be Equal As Numbers" owner="BuiltIn">
<arg>${json_data['results'][0]['location']['postcode']}</arg>
<arg>${json_data['results'][0]['location']['postcode']}</arg>
<doc>Fails if objects are unequal after converting them to real numbers.</doc>
<status status="PASS" start="2024-07-05T22:15:19.326779" elapsed="0.000625"/>
</kw>
<kw name="Log" owner="BuiltIn">
<msg time="2024-07-05T22:15:19.327959" level="INFO">29310</msg>
<arg>${json_data['results'][0]['location']['postcode']}</arg>
<doc>Logs the given message with the given level.</doc>
<status status="PASS" start="2024-07-05T22:15:19.327621" elapsed="0.000378"/>
</kw>
<status status="PASS" start="2024-07-05T22:15:19.216723" elapsed="0.111523"/>
</kw>
<doc>Testa se os tipos de dados na resposta da API estão corretos.</doc>
<tag>testeTiposDados</tag>
<status status="PASS" start="2024-07-05T22:15:19.147366" elapsed="0.181035"/>
</test>
<test id="s1-s1-t5" name="Validar conteudo" line="35">
<kw name="Teste de Tipos de Conteudo" owner="random-user-service">
<kw name="GET On Session" owner="RequestsLibrary">
<msg time="2024-07-05T22:15:19.422463" level="INFO">GET Request : url=https://randomuser.me/api 
 path_url=/api 
 headers={'User-Agent': 'python-requests/2.32.3', 'Accept-Encoding': 'gzip, deflate', 'Accept': '*/*', 'Connection': 'keep-alive'} 
 body=None 
 </msg>
<msg time="2024-07-05T22:15:19.422546" level="INFO">GET Response : url=https://randomuser.me/api 
 status=200, reason=OK 
 headers={'Date': 'Fri, 05 Jul 2024 22:15:19 GMT', 'Content-Type': 'application/json; charset=utf-8', 'Transfer-Encoding': 'chunked', 'Connection': 'keep-alive', 'X-Powered-By': 'Express', 'Access-Control-Allow-Origin': '*', 'Cache-Control': 'no-cache', 'ETag': 'W/"471-NrRmTmSykMg54pqtHOmLckgKFS4"', 'Vary': 'Accept-Encoding', 'Content-Encoding': 'gzip', 'CF-Cache-Status': 'DYNAMIC', 'Report-To': '{"endpoints":[{"url":"https:\\/\\/a.nel.cloudflare.com\\/report\\/v4?s=YUIPqRvjFVkb%2B1IRFfgPuC29irlGIYmwjPLSL0yAompASosQKn4PpXdJzfoqBulal4KLp6UlCuVU0iwkX0Z917wJYx6qnLWhoLRVo3bNWrKFpAP05MU6ovcBfF204Qra"}],"group":"cf-nel","max_age":604800}', 'NEL': '{"success_fraction":0,"report_to":"cf-nel","max_age":604800}', 'Server': 'cloudflare', 'CF-RAY': '89eab689da6a1369-IAD', 'alt-svc': 'h3=":443"; ma=86400'} 
 body={"results":[{"gender":"female","name":{"title":"Miss","first":"Sofia","last":"Slawa"},"location":{"street":{"number":7131,"name":"Maple Ave"},"city":"Fauquier","state":"Ontario","country":"Canada","postcode":"R7U 0W6","coordinates":{"latitude":"-70.1709","longitude":"22.1099"},"timezone":{"offset":"-10:00","description":"Hawaii"}},"email":"sofia.slawa@example.com","login":{"uuid":"ed51ba5a-2ff6-4ed9-a709-f05e60d24d25","username":"organiczebra121","password":"1956","salt":"70z61JjD","md5":"8f00590d98603742dc871334fd2f4b40","sha1":"13732edbce8532412c40251a16bfe4ec52671497","sha256":"8bd3b834578ac14e7f76b0920a695f2cff7eba3ca05432293c52c5a428763c89"},"dob":{"date":"1964-11-12T08:55:27.926Z","age":59},"registered":{"date":"2021-01-12T18:50:36.056Z","age":3},"phone":"B81 H81-3038","cell":"O23 M88-4589","id":{"name":"SIN","value":"565648557"},"picture":{"large":"https://randomuser.me/api/portraits/women/42.jpg","medium":"https://randomuser.me/api/portraits/med/women/42.jpg","thumbnail":"https://randomuser.me/api/portraits/thumb/women/42.jpg"},"nat":"CA"}],"info":{"seed":"8d94518a3efeb2f4","results":1,"page":1,"version":"1.4"}} 
 </msg>
<msg time="2024-07-05T22:15:19.422632" level="INFO">/opt/hostedtoolcache/Python/3.12.4/x64/lib/python3.12/site-packages/urllib3/connectionpool.py:1099: InsecureRequestWarning: Unverified HTTPS request is being made to host 'randomuser.me'. Adding certificate verification is strongly advised. See: https://urllib3.readthedocs.io/en/latest/advanced-usage.html#tls-warnings
  warnings.warn(</msg>
<msg time="2024-07-05T22:15:19.422736" level="INFO">${response} = &lt;Response [200]&gt;</msg>
<var>${response}</var>
<arg>consultarAPI</arg>
<arg>/api</arg>
<doc>Sends a GET request on a previously created HTTP Session.</doc>
<status status="PASS" start="2024-07-05T22:15:19.330946" elapsed="0.091834"/>
</kw>
<kw name="Set Variable" owner="BuiltIn">
<msg time="2024-07-05T22:15:19.423559" level="INFO">${json_data} = {'results': [{'gender': 'female', 'name': {'title': 'Miss', 'first': 'Sofia', 'last': 'Slawa'}, 'location': {'street': {'number': 7131, 'name': 'Maple Ave'}, 'city': 'Fauquier', 'state': 'Ontario', 'c...</msg>
<var>${json_data}</var>
<arg>${response.json()}</arg>
<doc>Returns the given values which can then be assigned to a variables.</doc>
<status status="PASS" start="2024-07-05T22:15:19.423130" elapsed="0.000457"/>
</kw>
<kw name="Set Variable" owner="BuiltIn">
<msg time="2024-07-05T22:15:19.424253" level="INFO">${name_title} = Miss</msg>
<var>${name_title}</var>
<arg>${json_data["results"][0]["name"]["title"]}</arg>
<doc>Returns the given values which can then be assigned to a variables.</doc>
<status status="PASS" start="2024-07-05T22:15:19.423882" elapsed="0.000397"/>
</kw>
<kw name="Create List" owner="BuiltIn">
<msg time="2024-07-05T22:15:19.424719" level="INFO">${allowed_titles} = ['Mr', 'Ms', 'Miss', 'Mrs', 'Madame', 'Monsieur']</msg>
<var>${allowed_titles}</var>
<arg>Mr</arg>
<arg>Ms</arg>
<arg>Miss</arg>
<arg>Mrs</arg>
<arg>Madame</arg>
<arg>Monsieur</arg>
<doc>Returns a list containing given items.</doc>
<status status="PASS" start="2024-07-05T22:15:19.424571" elapsed="0.000172"/>
</kw>
<kw name="List Should Contain Value" owner="Collections">
<arg>${allowed_titles}</arg>
<arg>${name_title}</arg>
<doc>Fails if the ``value`` is not found from ``list``.</doc>
<status status="PASS" start="2024-07-05T22:15:19.425033" elapsed="0.000168"/>
</kw>
<kw name="Set Variable" owner="BuiltIn">
<msg time="2024-07-05T22:15:19.425781" level="INFO">${name_country} = CA</msg>
<var>${name_country}</var>
<arg>${json_data["results"][0]["nat"]}</arg>
<doc>Returns the given values which can then be assigned to a variables.</doc>
<status status="PASS" start="2024-07-05T22:15:19.425376" elapsed="0.000431"/>
</kw>
<kw name="Create List" owner="BuiltIn">
<msg time="2024-07-05T22:15:19.426695" level="INFO">${list_country} = ['AD', 'AE', 'AF', 'AG', 'AI', 'AL', 'AM', 'AO', 'AQ', 'AR', 'AS', 'AT', 'AU', 'AW', 'AX', 'AZ', 'BA', 'BB', 'BD', 'BE', 'BF', 'BG', 'BH', 'BI', 'BJ', 'BL', 'BM', 'BN', 'BO', 'BQ', 'BR', 'BS', 'BT', '...</msg>
<var>${list_country}</var>
<arg>AD</arg>
<arg>AE</arg>
<arg>AF</arg>
<arg>AG</arg>
<arg>AI</arg>
<arg>AL</arg>
<arg>AM</arg>
<arg>AO</arg>
<arg>AQ</arg>
<arg>AR</arg>
<arg>AS</arg>
<arg>AT</arg>
<arg>AU</arg>
<arg>AW</arg>
<arg>AX</arg>
<arg>AZ</arg>
<arg>BA</arg>
<arg>BB</arg>
<arg>BD</arg>
<arg>BE</arg>
<arg>BF</arg>
<arg>BG</arg>
<arg>BH</arg>
<arg>BI</arg>
<arg>BJ</arg>
<arg>BL</arg>
<arg>BM</arg>
<arg>BN</arg>
<arg>BO</arg>
<arg>BQ</arg>
<arg>BR</arg>
<arg>BS</arg>
<arg>BT</arg>
<arg>BV</arg>
<arg>BW</arg>
<arg>BY</arg>
<arg>BZ</arg>
<arg>CA</arg>
<arg>CC</arg>
<arg>CD</arg>
<arg>CF</arg>
<arg>CG</arg>
<arg>CH</arg>
<arg>CI</arg>
<arg>CK</arg>
<arg>CL</arg>
<arg>CM</arg>
<arg>CN</arg>
<arg>CO</arg>
<arg>CR</arg>
<arg>CU</arg>
<arg>CV</arg>
<arg>CW</arg>
<arg>CX</arg>
<arg>CY</arg>
<arg>CZ</arg>
<arg>DE</arg>
<arg>DJ</arg>
<arg>DK</arg>
<arg>DM</arg>
<arg>DO</arg>
<arg>DZ</arg>
<arg>EC</arg>
<arg>EE</arg>
<arg>EG</arg>
<arg>EH</arg>
<arg>ER</arg>
<arg>ES</arg>
<arg>ET</arg>
<arg>FI</arg>
<arg>FJ</arg>
<arg>FK</arg>
<arg>FM</arg>
<arg>FO</arg>
<arg>FR</arg>
<arg>GA</arg>
<arg>GB</arg>
<arg>GD</arg>
<arg>GE</arg>
<arg>GF</arg>
<arg>GG</arg>
<arg>GH</arg>
<arg>GI</arg>
<arg>GL</arg>
<arg>GM</arg>
<arg>GN</arg>
<arg>GP</arg>
<arg>GQ</arg>
<arg>GR</arg>
<arg>GS</arg>
<arg>GT</arg>
<arg>GU</arg>
<arg>GW</arg>
<arg>GY</arg>
<arg>HK</arg>
<arg>HM</arg>
<arg>HN</arg>
<arg>HR</arg>
<arg>HT</arg>
<arg>HU</arg>
<arg>ID</arg>
<arg>IE</arg>
<arg>IL</arg>
<arg>IM</arg>
<arg>IN</arg>
<arg>IO</arg>
<arg>IQ</arg>
<arg>IR</arg>
<arg>IS</arg>
<arg>IT</arg>
<arg>JE</arg>
<arg>JM</arg>
<arg>JO</arg>
<arg>JP</arg>
<arg>KE</arg>
<arg>KG</arg>
<arg>KH</arg>
<arg>KI</arg>
<arg>KM</arg>
<arg>KN</arg>
<arg>KP</arg>
<arg>KR</arg>
<arg>KW</arg>
<arg>KY</arg>
<arg>KZ</arg>
<arg>LA</arg>
<arg>LB</arg>
<arg>LC</arg>
<arg>LI</arg>
<arg>LK</arg>
<arg>LR</arg>
<arg>LS</arg>
<arg>LT</arg>
<arg>LU</arg>
<arg>LV</arg>
<arg>LY</arg>
<arg>MA</arg>
<arg>MC</arg>
<arg>MD</arg>
<arg>ME</arg>
<arg>MF</arg>
<arg>MG</arg>
<arg>MH</arg>
<arg>MK</arg>
<arg>ML</arg>
<arg>MM</arg>
<arg>MN</arg>
<arg>MO</arg>
<arg>MP</arg>
<arg>MQ</arg>
<arg>MR</arg>
<arg>MS</arg>
<arg>MT</arg>
<arg>MU</arg>
<arg>MV</arg>
<arg>MW</arg>
<arg>MX</arg>
<arg>MY</arg>
<arg>MZ</arg>
<arg>NA</arg>
<arg>NC</arg>
<arg>NE</arg>
<arg>NF</arg>
<arg>NG</arg>
<arg>NI</arg>
<arg>NL</arg>
<arg>NO</arg>
<arg>NP</arg>
<arg>NR</arg>
<arg>NU</arg>
<arg>NZ</arg>
<arg>OM</arg>
<arg>PA</arg>
<arg>PE</arg>
<arg>PF</arg>
<arg>PG</arg>
<arg>PH</arg>
<arg>PK</arg>
<arg>PL</arg>
<arg>PM</arg>
<arg>PN</arg>
<arg>PR</arg>
<arg>PS</arg>
<arg>PT</arg>
<arg>PW</arg>
<arg>PY</arg>
<arg>QA</arg>
<arg>RE</arg>
<arg>RO</arg>
<arg>RS</arg>
<arg>RU</arg>
<arg>RW</arg>
<arg>SA</arg>
<arg>SB</arg>
<arg>SC</arg>
<arg>SD</arg>
<arg>SE</arg>
<arg>SG</arg>
<arg>SH</arg>
<arg>SI</arg>
<arg>SJ</arg>
<arg>SK</arg>
<arg>SL</arg>
<arg>SM</arg>
<arg>SN</arg>
<arg>SO</arg>
<arg>SR</arg>
<arg>SS</arg>
<arg>ST</arg>
<arg>SV</arg>
<arg>SX</arg>
<arg>SY</arg>
<arg>SZ</arg>
<arg>TC</arg>
<arg>TD</arg>
<arg>TF</arg>
<arg>TG</arg>
<arg>TH</arg>
<arg>TJ</arg>
<arg>TK</arg>
<arg>TL</arg>
<arg>TM</arg>
<arg>TN</arg>
<arg>TO</arg>
<arg>TR</arg>
<arg>TT</arg>
<arg>TV</arg>
<arg>TW</arg>
<arg>TZ</arg>
<arg>UA</arg>
<arg>UG</arg>
<arg>UM</arg>
<arg>US</arg>
<arg>UY</arg>
<arg>UZ</arg>
<arg>VA</arg>
<arg>VC</arg>
<arg>VE</arg>
<arg>VG</arg>
<arg>VI</arg>
<arg>VN</arg>
<arg>VU</arg>
<arg>WF</arg>
<arg>WS</arg>
<arg>XK</arg>
<arg>YE</arg>
<arg>YT</arg>
<arg>ZA</arg>
<arg>ZM</arg>
<arg>ZW</arg>
<doc>Returns a list containing given items.</doc>
<status status="PASS" start="2024-07-05T22:15:19.426098" elapsed="0.000623"/>
</kw>
<kw name="List Should Contain Value" owner="Collections">
<arg>${list_country}</arg>
<arg>${name_country}</arg>
<doc>Fails if the ``value`` is not found from ``list``.</doc>
<status status="PASS" start="2024-07-05T22:15:19.427501" elapsed="0.000199"/>
</kw>
<kw name="Run Keyword If" owner="BuiltIn">
<kw name="Should Be True" owner="BuiltIn">
<arg>${True}</arg>
<doc>Fails if the given condition is not true.</doc>
<status status="PASS" start="2024-07-05T22:15:19.428629" elapsed="0.000140"/>
</kw>
<arg>${json_data["results"][0]["location"]["coordinates"]["latitude"]} &gt;= -90 and ${json_data["results"][0]["location"]["coordinates"]["latitude"]} &lt;= 90</arg>
<arg>Should Be True</arg>
<arg>${True}</arg>
<doc>Runs the given keyword with the given arguments, if ``condition`` is true.</doc>
<status status="PASS" start="2024-07-05T22:15:19.427894" elapsed="0.001000"/>
</kw>
<kw name="Run Keyword If" owner="BuiltIn">
<kw name="Should Be True" owner="BuiltIn">
<arg>${True}</arg>
<doc>Fails if the given condition is not true.</doc>
<status status="PASS" start="2024-07-05T22:15:19.429794" elapsed="0.000137"/>
</kw>
<arg>${json_data["results"][0]["location"]["coordinates"]["longitude"]} &gt;= -180 and ${json_data["results"][0]["location"]["coordinates"]["longitude"]} &lt;= 180</arg>
<arg>Should Be True</arg>
<arg>${True}</arg>
<doc>Runs the given keyword with the given arguments, if ``condition`` is true.</doc>
<status status="PASS" start="2024-07-05T22:15:19.429075" elapsed="0.000979"/>
</kw>
<status status="PASS" start="2024-07-05T22:15:19.330606" elapsed="0.099573"/>
</kw>
<doc>Testa o conteúdo específico dos campos retornados pela API.</doc>
<tag>testeConteudo</tag>
<status status="PASS" start="2024-07-05T22:15:19.330195" elapsed="0.100123"/>
</test>
<status status="PASS" start="2024-07-05T22:15:18.487224" elapsed="0.944988"/>
</suite>
<status status="PASS" start="2024-07-05T22:15:18.473028" elapsed="0.964290"/>
</suite>
<statistics>
<total>
<stat pass="5" fail="0" skip="0">All Tests</stat>
</total>
<tag>
<stat pass="1" fail="0" skip="0">testeConteudo</stat>
<stat pass="1" fail="0" skip="0">testeEstruturaResposta</stat>
<stat pass="1" fail="0" skip="0">testeRequisicaoBasica</stat>
<stat pass="1" fail="0" skip="0">testeTiposDados</stat>
</tag>
<suite>
<stat pass="5" fail="0" skip="0" id="s1" name="Tests">Tests</stat>
<stat pass="5" fail="0" skip="0" id="s1-s1" name="Random-User-Test">Tests.Random-User-Test</stat>
</suite>
</statistics>
<errors>
</errors>
</robot>
