<?xml version="1.0" encoding="UTF-8"?>
<robot generator="Robot 7.0.1 (Python 3.12.4 on linux)" generated="2024-07-26T20:18:11.170303" rpa="false" schemaversion="5">
<suite id="s1" name="Tests" source="/home/runner/work/ApiRandomUser/ApiRandomUser/RamdonUser/tests">
<suite id="s1-s1" name="Random-User-Test" source="/home/runner/work/ApiRandomUser/ApiRandomUser/RamdonUser/tests/random-user-test.robot">
<test id="s1-s1-t1" name="Conectar" line="13">
<kw name="Conectar API" owner="random-user-service">
<kw name="Create Session" owner="RequestsLibrary">
<msg time="2024-07-26T20:18:11.598543" level="INFO">Creating Session using : alias=consultarAPI, url=https://randomuser.me/, headers={},                     cookies={}, auth=None, timeout=None, proxies=None, verify=False,                     debug=0 </msg>
<arg>consultarAPI</arg>
<arg>${URL}</arg>
<doc>Create Session: create a HTTP session to a server</doc>
<status status="PASS" start="2024-07-26T20:18:11.598326" elapsed="0.000422"/>
</kw>
<status status="PASS" start="2024-07-26T20:18:11.597199" elapsed="0.001927"/>
</kw>
<status status="PASS" start="2024-07-26T20:18:11.596597" elapsed="0.002729"/>
</test>
<test id="s1-s1-t2" name="Validar retorno 200 e JSON Válido" line="16">
<kw name="Teste de Requisicao Basica" owner="random-user-service">
<kw name="GET On Session" owner="RequestsLibrary">
<msg time="2024-07-26T20:18:11.721032" level="INFO">GET Request : url=https://randomuser.me/api 
 path_url=/api 
 headers={'User-Agent': 'python-requests/2.32.3', 'Accept-Encoding': 'gzip, deflate', 'Accept': '*/*', 'Connection': 'keep-alive'} 
 body=None 
 </msg>
<msg time="2024-07-26T20:18:11.721195" level="INFO">GET Response : url=https://randomuser.me/api 
 status=200, reason=OK 
 headers={'Date': 'Fri, 26 Jul 2024 20:18:11 GMT', 'Content-Type': 'application/json; charset=utf-8', 'Transfer-Encoding': 'chunked', 'Connection': 'keep-alive', 'X-Powered-By': 'Express', 'Access-Control-Allow-Origin': '*', 'Cache-Control': 'no-cache', 'ETag': 'W/"4a6-VU2qYEHljM6nxvImJ24Ie2U3rZs"', 'Vary': 'Accept-Encoding', 'Content-Encoding': 'gzip', 'CF-Cache-Status': 'DYNAMIC', 'Report-To': '{"endpoints":[{"url":"https:\\/\\/a.nel.cloudflare.com\\/report\\/v4?s=H5tUxa0pduY8DCkjl%2BHc2oMIjS7deFwGkq%2BeVfyubAmxMX41ju0rFD8t%2BAavw%2BnDbrinz7oKXnNOdhh07GSp3vJiNk2UdfThreLuvKC%2Fq12go35EQ%2Bo0mcH8eXNZ49%2Ft"}],"group":"cf-nel","max_age":604800}', 'NEL': '{"success_fraction":0,"report_to":"cf-nel","max_age":604800}', 'Server': 'cloudflare', 'CF-RAY': '8a9713d6bfc596b7-SJC', 'alt-svc': 'h3=":443"; ma=86400'} 
 body={"results":[{"gender":"female","name":{"title":"Mrs","first":"Elsa","last":"Leroux"},"location":{"street":{"number":1701,"name":"Rue des Abbesses"},"city":"Aubervilliers","state":"Isère","country":"France","postcode":74759,"coordinates":{"latitude":"-14.8081","longitude":"7.9870"},"timezone":{"offset":"+5:00","description":"Ekaterinburg, Islamabad, Karachi, Tashkent"}},"email":"elsa.leroux@example.com","login":{"uuid":"49aa2a18-be32-4594-9cbe-fe4c71026f27","username":"whitezebra912","password":"qazqaz","salt":"6oixMrwW","md5":"05a212a73ff0f9230ffab9bd8e1f50a7","sha1":"30e1d334aad5f3821970d891040520d3d59b3733","sha256":"a5f45d523afb86e7f4b4c9231bd4480d342857d417edd0377f4889603ff92a34"},"dob":{"date":"1960-09-05T15:01:37.589Z","age":63},"registered":{"date":"2018-03-23T13:03:15.566Z","age":6},"phone":"01-01-39-14-93","cell":"06-21-84-90-29","id":{"name":"INSEE","value":"2600864571058 94"},"picture":{"large":"https://randomuser.me/api/portraits/women/46.jpg","medium":"https://randomuser.me/api/portraits/med/women/46.jpg","thumbnail":"https://randomuser.me/api/portraits/thumb/women/46.jpg"},"nat":"FR"}],"info":{"seed":"b1664d8eb26a5697","results":1,"page":1,"version":"1.4"}} 
 </msg>
<msg time="2024-07-26T20:18:11.721282" level="INFO">/opt/hostedtoolcache/Python/3.12.4/x64/lib/python3.12/site-packages/urllib3/connectionpool.py:1099: InsecureRequestWarning: Unverified HTTPS request is being made to host 'randomuser.me'. Adding certificate verification is strongly advised. See: https://urllib3.readthedocs.io/en/latest/advanced-usage.html#tls-warnings
  warnings.warn(</msg>
<msg time="2024-07-26T20:18:11.721467" level="INFO">${response} = &lt;Response [200]&gt;</msg>
<var>${response}</var>
<arg>consultarAPI</arg>
<arg>/api</arg>
<doc>Sends a GET request on a previously created HTTP Session.</doc>
<status status="PASS" start="2024-07-26T20:18:11.602032" elapsed="0.119480"/>
</kw>
<kw name="Should Be Equal As Numbers" owner="BuiltIn">
<msg time="2024-07-26T20:18:11.722709" level="INFO">Argument types are:
&lt;class 'int'&gt;
&lt;class 'str'&gt;</msg>
<arg>${response.status_code}</arg>
<arg>200</arg>
<doc>Fails if objects are unequal after converting them to real numbers.</doc>
<status status="PASS" start="2024-07-26T20:18:11.722209" elapsed="0.000568"/>
</kw>
<kw name="Log" owner="BuiltIn">
<msg time="2024-07-26T20:18:11.723475" level="INFO">200</msg>
<arg>${response.status_code}</arg>
<doc>Logs the given message with the given level.</doc>
<status status="PASS" start="2024-07-26T20:18:11.723113" elapsed="0.000405"/>
</kw>
<kw name="Set Variable" owner="BuiltIn">
<msg time="2024-07-26T20:18:11.724280" level="INFO">${json_data} = {'results': [{'gender': 'female', 'name': {'title': 'Mrs', 'first': 'Elsa', 'last': 'Leroux'}, 'location': {'street': {'number': 1701, 'name': 'Rue des Abbesses'}, 'city': 'Aubervilliers', 'state': 'I...</msg>
<var>${json_data}</var>
<arg>${response.json()}</arg>
<doc>Returns the given values which can then be assigned to a variables.</doc>
<status status="PASS" start="2024-07-26T20:18:11.723828" elapsed="0.000482"/>
</kw>
<kw name="Dictionary Should Contain Key" owner="Collections">
<arg>${json_data}</arg>
<arg>results</arg>
<doc>Fails if ``key`` is not found from ``dictionary``.</doc>
<status status="PASS" start="2024-07-26T20:18:11.724620" elapsed="0.000334"/>
</kw>
<status status="PASS" start="2024-07-26T20:18:11.601772" elapsed="0.123341"/>
</kw>
<doc>Testa se a API responde corretamente e retorna um objeto JSON válido.</doc>
<tag>testeRequisicaoBasica</tag>
<status status="PASS" start="2024-07-26T20:18:11.601245" elapsed="0.124044"/>
</test>
<test id="s1-s1-t3" name="Validar estrutura de resposta" line="22">
<kw name="Teste de Estrutura de Resposta" owner="random-user-service">
<kw name="GET On Session" owner="RequestsLibrary">
<msg time="2024-07-26T20:18:11.829568" level="INFO">GET Request : url=https://randomuser.me/api 
 path_url=/api 
 headers={'User-Agent': 'python-requests/2.32.3', 'Accept-Encoding': 'gzip, deflate', 'Accept': '*/*', 'Connection': 'keep-alive'} 
 body=None 
 </msg>
<msg time="2024-07-26T20:18:11.829684" level="INFO">GET Response : url=https://randomuser.me/api 
 status=200, reason=OK 
 headers={'Date': 'Fri, 26 Jul 2024 20:18:11 GMT', 'Content-Type': 'application/json; charset=utf-8', 'Transfer-Encoding': 'chunked', 'Connection': 'keep-alive', 'X-Powered-By': 'Express', 'Access-Control-Allow-Origin': '*', 'Cache-Control': 'no-cache', 'ETag': 'W/"48b-iCbCYlhm5hA81BYWtEcDuX97sVM"', 'Vary': 'Accept-Encoding', 'Content-Encoding': 'gzip', 'CF-Cache-Status': 'DYNAMIC', 'Report-To': '{"endpoints":[{"url":"https:\\/\\/a.nel.cloudflare.com\\/report\\/v4?s=No%2BJpQb5AvhrCdRvmwy3hArBbRqW6yH4ptRPPU14ZYDXVfnJGB2t15P1XwC8Ps8WZP89mBEfKqMPLXRV2WLxI5WDJIY%2F05%2FiJQF4Gk6c85%2FVC%2FseVqmkHKmTvmwUj%2FrB"}],"group":"cf-nel","max_age":604800}', 'NEL': '{"success_fraction":0,"report_to":"cf-nel","max_age":604800}', 'Server': 'cloudflare', 'CF-RAY': '8a9713d7581796b7-SJC', 'alt-svc': 'h3=":443"; ma=86400'} 
 body={"results":[{"gender":"male","name":{"title":"Monsieur","first":"Roy","last":"Gonzalez"},"location":{"street":{"number":568,"name":"Rue des Abbesses"},"city":"Gettnau","state":"Graubünden","country":"Switzerland","postcode":7780,"coordinates":{"latitude":"-63.4012","longitude":"-161.6165"},"timezone":{"offset":"+5:45","description":"Kathmandu"}},"email":"roy.gonzalez@example.com","login":{"uuid":"d6b0a563-da69-4a4f-a9d8-37e5ce4e218a","username":"ticklishleopard312","password":"monitor","salt":"ZPyKPq75","md5":"79377d5f7630cd6d5c9c1038445b311d","sha1":"30d5c2d620e4715955c0c7b4adf294cc3b1b0e2f","sha256":"d794f31e9e4ec1b1d866f97bbbc5c963c6f190433f4e03a93a625e06b47f9b8f"},"dob":{"date":"1971-04-15T08:29:26.579Z","age":53},"registered":{"date":"2020-11-16T06:30:26.294Z","age":3},"phone":"079 391 05 66","cell":"078 340 36 75","id":{"name":"AVS","value":"756.5800.7313.55"},"picture":{"large":"https://randomuser.me/api/portraits/men/31.jpg","medium":"https://randomuser.me/api/portraits/med/men/31.jpg","thumbnail":"https://randomuser.me/api/portraits/thumb/men/31.jpg"},"nat":"CH"}],"info":{"seed":"31f45f873fb362fb","results":1,"page":1,"version":"1.4"}} 
 </msg>
<msg time="2024-07-26T20:18:11.829838" level="INFO">/opt/hostedtoolcache/Python/3.12.4/x64/lib/python3.12/site-packages/urllib3/connectionpool.py:1099: InsecureRequestWarning: Unverified HTTPS request is being made to host 'randomuser.me'. Adding certificate verification is strongly advised. See: https://urllib3.readthedocs.io/en/latest/advanced-usage.html#tls-warnings
  warnings.warn(</msg>
<msg time="2024-07-26T20:18:11.829972" level="INFO">${response} = &lt;Response [200]&gt;</msg>
<var>${response}</var>
<arg>consultarAPI</arg>
<arg>/api</arg>
<doc>Sends a GET request on a previously created HTTP Session.</doc>
<status status="PASS" start="2024-07-26T20:18:11.728051" elapsed="0.101962"/>
</kw>
<kw name="Set Variable" owner="BuiltIn">
<msg time="2024-07-26T20:18:11.831258" level="INFO">${json_data} = {'results': [{'gender': 'male', 'name': {'title': 'Monsieur', 'first': 'Roy', 'last': 'Gonzalez'}, 'location': {'street': {'number': 568, 'name': 'Rue des Abbesses'}, 'city': 'Gettnau', 'state': 'Grau...</msg>
<var>${json_data}</var>
<arg>${response.json()}</arg>
<doc>Returns the given values which can then be assigned to a variables.</doc>
<status status="PASS" start="2024-07-26T20:18:11.830650" elapsed="0.000637"/>
</kw>
<kw name="Log" owner="BuiltIn">
<msg time="2024-07-26T20:18:11.831777" level="INFO">{'results': [{'gender': 'male', 'name': {'title': 'Monsieur', 'first': 'Roy', 'last': 'Gonzalez'}, 'location': {'street': {'number': 568, 'name': 'Rue des Abbesses'}, 'city': 'Gettnau', 'state': 'Graubünden', 'country': 'Switzerland', 'postcode': 7780, 'coordinates': {'latitude': '-63.4012', 'longitude': '-161.6165'}, 'timezone': {'offset': '+5:45', 'description': 'Kathmandu'}}, 'email': 'roy.gonzalez@example.com', 'login': {'uuid': 'd6b0a563-da69-4a4f-a9d8-37e5ce4e218a', 'username': 'ticklishleopard312', 'password': 'monitor', 'salt': 'ZPyKPq75', 'md5': '79377d5f7630cd6d5c9c1038445b311d', 'sha1': '30d5c2d620e4715955c0c7b4adf294cc3b1b0e2f', 'sha256': 'd794f31e9e4ec1b1d866f97bbbc5c963c6f190433f4e03a93a625e06b47f9b8f'}, 'dob': {'date': '1971-04-15T08:29:26.579Z', 'age': 53}, 'registered': {'date': '2020-11-16T06:30:26.294Z', 'age': 3}, 'phone': '079 391 05 66', 'cell': '078 340 36 75', 'id': {'name': 'AVS', 'value': '756.5800.7313.55'}, 'picture': {'large': 'https://randomuser.me/api/portraits/men/31.jpg', 'medium': 'https://randomuser.me/api/portraits/med/men/31.jpg', 'thumbnail': 'https://randomuser.me/api/portraits/thumb/men/31.jpg'}, 'nat': 'CH'}], 'info': {'seed': '31f45f873fb362fb', 'results': 1, 'page': 1, 'version': '1.4'}}</msg>
<arg>${json_data}</arg>
<doc>Logs the given message with the given level.</doc>
<status status="PASS" start="2024-07-26T20:18:11.831604" elapsed="0.000226"/>
</kw>
<kw name="Dictionary Should Contain Key" owner="Collections">
<arg>${json_data}</arg>
<arg>results</arg>
<doc>Fails if ``key`` is not found from ``dictionary``.</doc>
<status status="PASS" start="2024-07-26T20:18:11.832121" elapsed="0.000165"/>
</kw>
<kw name="Should Not Be Empty" owner="BuiltIn">
<msg time="2024-07-26T20:18:11.832610" level="INFO">Length is 2.</msg>
<arg>${json_data}</arg>
<doc>Verifies that the given item is not empty.</doc>
<status status="PASS" start="2024-07-26T20:18:11.832471" elapsed="0.000178"/>
</kw>
<kw name="Create List" owner="BuiltIn">
<msg time="2024-07-26T20:18:11.833100" level="INFO">${expected_keys} = ['gender', 'name', 'location', 'email', 'login']</msg>
<var>${expected_keys}</var>
<arg>gender</arg>
<arg>name</arg>
<arg>location</arg>
<arg>email</arg>
<arg>login</arg>
<doc>Returns a list containing given items.</doc>
<status status="PASS" start="2024-07-26T20:18:11.832941" elapsed="0.000183"/>
</kw>
<for flavor="IN">
<iter>
<kw name="Dictionary Should Contain Key" owner="Collections">
<arg>${json_data['results'][0]}</arg>
<arg>${key}</arg>
<doc>Fails if ``key`` is not found from ``dictionary``.</doc>
<status status="PASS" start="2024-07-26T20:18:11.833777" elapsed="0.000414"/>
</kw>
<kw name="Log" owner="BuiltIn">
<msg time="2024-07-26T20:18:11.834737" level="INFO">{'gender': 'male', 'name': {'title': 'Monsieur', 'first': 'Roy', 'last': 'Gonzalez'}, 'location': {'street': {'number': 568, 'name': 'Rue des Abbesses'}, 'city': 'Gettnau', 'state': 'Graubünden', 'country': 'Switzerland', 'postcode': 7780, 'coordinates': {'latitude': '-63.4012', 'longitude': '-161.6165'}, 'timezone': {'offset': '+5:45', 'description': 'Kathmandu'}}, 'email': 'roy.gonzalez@example.com', 'login': {'uuid': 'd6b0a563-da69-4a4f-a9d8-37e5ce4e218a', 'username': 'ticklishleopard312', 'password': 'monitor', 'salt': 'ZPyKPq75', 'md5': '79377d5f7630cd6d5c9c1038445b311d', 'sha1': '30d5c2d620e4715955c0c7b4adf294cc3b1b0e2f', 'sha256': 'd794f31e9e4ec1b1d866f97bbbc5c963c6f190433f4e03a93a625e06b47f9b8f'}, 'dob': {'date': '1971-04-15T08:29:26.579Z', 'age': 53}, 'registered': {'date': '2020-11-16T06:30:26.294Z', 'age': 3}, 'phone': '079 391 05 66', 'cell': '078 340 36 75', 'id': {'name': 'AVS', 'value': '756.5800.7313.55'}, 'picture': {'large': 'https://randomuser.me/api/portraits/men/31.jpg', 'medium': 'https://randomuser.me/api/portraits/med/men/31.jpg', 'thumbnail': 'https://randomuser.me/api/portraits/thumb/men/31.jpg'}, 'nat': 'CH'}</msg>
<arg>${json_data['results'][0]}</arg>
<doc>Logs the given message with the given level.</doc>
<status status="PASS" start="2024-07-26T20:18:11.834377" elapsed="0.000411"/>
</kw>
<kw name="Log" owner="BuiltIn">
<msg time="2024-07-26T20:18:11.835224" level="INFO">gender</msg>
<arg>${key}</arg>
<doc>Logs the given message with the given level.</doc>
<status status="PASS" start="2024-07-26T20:18:11.835094" elapsed="0.000169"/>
</kw>
<var name="${key}">gender</var>
<status status="PASS" start="2024-07-26T20:18:11.833649" elapsed="0.001835"/>
</iter>
<iter>
<kw name="Dictionary Should Contain Key" owner="Collections">
<arg>${json_data['results'][0]}</arg>
<arg>${key}</arg>
<doc>Fails if ``key`` is not found from ``dictionary``.</doc>
<status status="PASS" start="2024-07-26T20:18:11.835780" elapsed="0.000383"/>
</kw>
<kw name="Log" owner="BuiltIn">
<msg time="2024-07-26T20:18:11.836703" level="INFO">{'gender': 'male', 'name': {'title': 'Monsieur', 'first': 'Roy', 'last': 'Gonzalez'}, 'location': {'street': {'number': 568, 'name': 'Rue des Abbesses'}, 'city': 'Gettnau', 'state': 'Graubünden', 'country': 'Switzerland', 'postcode': 7780, 'coordinates': {'latitude': '-63.4012', 'longitude': '-161.6165'}, 'timezone': {'offset': '+5:45', 'description': 'Kathmandu'}}, 'email': 'roy.gonzalez@example.com', 'login': {'uuid': 'd6b0a563-da69-4a4f-a9d8-37e5ce4e218a', 'username': 'ticklishleopard312', 'password': 'monitor', 'salt': 'ZPyKPq75', 'md5': '79377d5f7630cd6d5c9c1038445b311d', 'sha1': '30d5c2d620e4715955c0c7b4adf294cc3b1b0e2f', 'sha256': 'd794f31e9e4ec1b1d866f97bbbc5c963c6f190433f4e03a93a625e06b47f9b8f'}, 'dob': {'date': '1971-04-15T08:29:26.579Z', 'age': 53}, 'registered': {'date': '2020-11-16T06:30:26.294Z', 'age': 3}, 'phone': '079 391 05 66', 'cell': '078 340 36 75', 'id': {'name': 'AVS', 'value': '756.5800.7313.55'}, 'picture': {'large': 'https://randomuser.me/api/portraits/men/31.jpg', 'medium': 'https://randomuser.me/api/portraits/med/men/31.jpg', 'thumbnail': 'https://randomuser.me/api/portraits/thumb/men/31.jpg'}, 'nat': 'CH'}</msg>
<arg>${json_data['results'][0]}</arg>
<doc>Logs the given message with the given level.</doc>
<status status="PASS" start="2024-07-26T20:18:11.836341" elapsed="0.000446"/>
</kw>
<kw name="Log" owner="BuiltIn">
<msg time="2024-07-26T20:18:11.837215" level="INFO">name</msg>
<arg>${key}</arg>
<doc>Logs the given message with the given level.</doc>
<status status="PASS" start="2024-07-26T20:18:11.837088" elapsed="0.000166"/>
</kw>
<var name="${key}">name</var>
<status status="PASS" start="2024-07-26T20:18:11.835669" elapsed="0.001837"/>
</iter>
<iter>
<kw name="Dictionary Should Contain Key" owner="Collections">
<arg>${json_data['results'][0]}</arg>
<arg>${key}</arg>
<doc>Fails if ``key`` is not found from ``dictionary``.</doc>
<status status="PASS" start="2024-07-26T20:18:11.837796" elapsed="0.000385"/>
</kw>
<kw name="Log" owner="BuiltIn">
<msg time="2024-07-26T20:18:11.838721" level="INFO">{'gender': 'male', 'name': {'title': 'Monsieur', 'first': 'Roy', 'last': 'Gonzalez'}, 'location': {'street': {'number': 568, 'name': 'Rue des Abbesses'}, 'city': 'Gettnau', 'state': 'Graubünden', 'country': 'Switzerland', 'postcode': 7780, 'coordinates': {'latitude': '-63.4012', 'longitude': '-161.6165'}, 'timezone': {'offset': '+5:45', 'description': 'Kathmandu'}}, 'email': 'roy.gonzalez@example.com', 'login': {'uuid': 'd6b0a563-da69-4a4f-a9d8-37e5ce4e218a', 'username': 'ticklishleopard312', 'password': 'monitor', 'salt': 'ZPyKPq75', 'md5': '79377d5f7630cd6d5c9c1038445b311d', 'sha1': '30d5c2d620e4715955c0c7b4adf294cc3b1b0e2f', 'sha256': 'd794f31e9e4ec1b1d866f97bbbc5c963c6f190433f4e03a93a625e06b47f9b8f'}, 'dob': {'date': '1971-04-15T08:29:26.579Z', 'age': 53}, 'registered': {'date': '2020-11-16T06:30:26.294Z', 'age': 3}, 'phone': '079 391 05 66', 'cell': '078 340 36 75', 'id': {'name': 'AVS', 'value': '756.5800.7313.55'}, 'picture': {'large': 'https://randomuser.me/api/portraits/men/31.jpg', 'medium': 'https://randomuser.me/api/portraits/med/men/31.jpg', 'thumbnail': 'https://randomuser.me/api/portraits/thumb/men/31.jpg'}, 'nat': 'CH'}</msg>
<arg>${json_data['results'][0]}</arg>
<doc>Logs the given message with the given level.</doc>
<status status="PASS" start="2024-07-26T20:18:11.838368" elapsed="0.000413"/>
</kw>
<kw name="Log" owner="BuiltIn">
<msg time="2024-07-26T20:18:11.839220" level="INFO">location</msg>
<arg>${key}</arg>
<doc>Logs the given message with the given level.</doc>
<status status="PASS" start="2024-07-26T20:18:11.839093" elapsed="0.000165"/>
</kw>
<var name="${key}">location</var>
<status status="PASS" start="2024-07-26T20:18:11.837687" elapsed="0.001786"/>
</iter>
<iter>
<kw name="Dictionary Should Contain Key" owner="Collections">
<arg>${json_data['results'][0]}</arg>
<arg>${key}</arg>
<doc>Fails if ``key`` is not found from ``dictionary``.</doc>
<status status="PASS" start="2024-07-26T20:18:11.839752" elapsed="0.000427"/>
</kw>
<kw name="Log" owner="BuiltIn">
<msg time="2024-07-26T20:18:11.840857" level="INFO">{'gender': 'male', 'name': {'title': 'Monsieur', 'first': 'Roy', 'last': 'Gonzalez'}, 'location': {'street': {'number': 568, 'name': 'Rue des Abbesses'}, 'city': 'Gettnau', 'state': 'Graubünden', 'country': 'Switzerland', 'postcode': 7780, 'coordinates': {'latitude': '-63.4012', 'longitude': '-161.6165'}, 'timezone': {'offset': '+5:45', 'description': 'Kathmandu'}}, 'email': 'roy.gonzalez@example.com', 'login': {'uuid': 'd6b0a563-da69-4a4f-a9d8-37e5ce4e218a', 'username': 'ticklishleopard312', 'password': 'monitor', 'salt': 'ZPyKPq75', 'md5': '79377d5f7630cd6d5c9c1038445b311d', 'sha1': '30d5c2d620e4715955c0c7b4adf294cc3b1b0e2f', 'sha256': 'd794f31e9e4ec1b1d866f97bbbc5c963c6f190433f4e03a93a625e06b47f9b8f'}, 'dob': {'date': '1971-04-15T08:29:26.579Z', 'age': 53}, 'registered': {'date': '2020-11-16T06:30:26.294Z', 'age': 3}, 'phone': '079 391 05 66', 'cell': '078 340 36 75', 'id': {'name': 'AVS', 'value': '756.5800.7313.55'}, 'picture': {'large': 'https://randomuser.me/api/portraits/men/31.jpg', 'medium': 'https://randomuser.me/api/portraits/med/men/31.jpg', 'thumbnail': 'https://randomuser.me/api/portraits/thumb/men/31.jpg'}, 'nat': 'CH'}</msg>
<arg>${json_data['results'][0]}</arg>
<doc>Logs the given message with the given level.</doc>
<status status="PASS" start="2024-07-26T20:18:11.840497" elapsed="0.000410"/>
</kw>
<kw name="Log" owner="BuiltIn">
<msg time="2024-07-26T20:18:11.841363" level="INFO">email</msg>
<arg>${key}</arg>
<doc>Logs the given message with the given level.</doc>
<status status="PASS" start="2024-07-26T20:18:11.841205" elapsed="0.000202"/>
</kw>
<var name="${key}">email</var>
<status status="PASS" start="2024-07-26T20:18:11.839646" elapsed="0.001994"/>
</iter>
<iter>
<kw name="Dictionary Should Contain Key" owner="Collections">
<arg>${json_data['results'][0]}</arg>
<arg>${key}</arg>
<doc>Fails if ``key`` is not found from ``dictionary``.</doc>
<status status="PASS" start="2024-07-26T20:18:11.841923" elapsed="0.000383"/>
</kw>
<kw name="Log" owner="BuiltIn">
<msg time="2024-07-26T20:18:11.842839" level="INFO">{'gender': 'male', 'name': {'title': 'Monsieur', 'first': 'Roy', 'last': 'Gonzalez'}, 'location': {'street': {'number': 568, 'name': 'Rue des Abbesses'}, 'city': 'Gettnau', 'state': 'Graubünden', 'country': 'Switzerland', 'postcode': 7780, 'coordinates': {'latitude': '-63.4012', 'longitude': '-161.6165'}, 'timezone': {'offset': '+5:45', 'description': 'Kathmandu'}}, 'email': 'roy.gonzalez@example.com', 'login': {'uuid': 'd6b0a563-da69-4a4f-a9d8-37e5ce4e218a', 'username': 'ticklishleopard312', 'password': 'monitor', 'salt': 'ZPyKPq75', 'md5': '79377d5f7630cd6d5c9c1038445b311d', 'sha1': '30d5c2d620e4715955c0c7b4adf294cc3b1b0e2f', 'sha256': 'd794f31e9e4ec1b1d866f97bbbc5c963c6f190433f4e03a93a625e06b47f9b8f'}, 'dob': {'date': '1971-04-15T08:29:26.579Z', 'age': 53}, 'registered': {'date': '2020-11-16T06:30:26.294Z', 'age': 3}, 'phone': '079 391 05 66', 'cell': '078 340 36 75', 'id': {'name': 'AVS', 'value': '756.5800.7313.55'}, 'picture': {'large': 'https://randomuser.me/api/portraits/men/31.jpg', 'medium': 'https://randomuser.me/api/portraits/med/men/31.jpg', 'thumbnail': 'https://randomuser.me/api/portraits/thumb/men/31.jpg'}, 'nat': 'CH'}</msg>
<arg>${json_data['results'][0]}</arg>
<doc>Logs the given message with the given level.</doc>
<status status="PASS" start="2024-07-26T20:18:11.842487" elapsed="0.000400"/>
</kw>
<kw name="Log" owner="BuiltIn">
<msg time="2024-07-26T20:18:11.843309" level="INFO">login</msg>
<arg>${key}</arg>
<doc>Logs the given message with the given level.</doc>
<status status="PASS" start="2024-07-26T20:18:11.843181" elapsed="0.000166"/>
</kw>
<var name="${key}">login</var>
<status status="PASS" start="2024-07-26T20:18:11.841814" elapsed="0.001755"/>
</iter>
<var>${key}</var>
<value>@{expected_keys}</value>
<status status="PASS" start="2024-07-26T20:18:11.833429" elapsed="0.010261"/>
</for>
<kw name="Create List" owner="BuiltIn">
<msg time="2024-07-26T20:18:11.844017" level="INFO">${expected_keysTwo} = ['username', 'password']</msg>
<var>${expected_keysTwo}</var>
<arg>username</arg>
<arg>password</arg>
<doc>Returns a list containing given items.</doc>
<status status="PASS" start="2024-07-26T20:18:11.843881" elapsed="0.000188"/>
</kw>
<for flavor="IN">
<iter>
<kw name="Dictionary Should Contain Key" owner="Collections">
<arg>${json_data['results'][0]['login']}</arg>
<arg>${keyTwo}</arg>
<doc>Fails if ``key`` is not found from ``dictionary``.</doc>
<status status="PASS" start="2024-07-26T20:18:11.844574" elapsed="0.000382"/>
</kw>
<kw name="Dictionary Should Contain Key" owner="Collections">
<arg>${json_data['results'][0]['login']}</arg>
<arg>${keyTwo}</arg>
<doc>Fails if ``key`` is not found from ``dictionary``.</doc>
<status status="PASS" start="2024-07-26T20:18:11.845146" elapsed="0.000419"/>
</kw>
<kw name="Log" owner="BuiltIn">
<msg time="2024-07-26T20:18:11.845888" level="INFO">username</msg>
<arg>${keyTwo}</arg>
<doc>Logs the given message with the given level.</doc>
<status status="PASS" start="2024-07-26T20:18:11.845746" elapsed="0.000188"/>
</kw>
<var name="${keyTwo}">username</var>
<status status="PASS" start="2024-07-26T20:18:11.844469" elapsed="0.001695"/>
</iter>
<iter>
<kw name="Dictionary Should Contain Key" owner="Collections">
<arg>${json_data['results'][0]['login']}</arg>
<arg>${keyTwo}</arg>
<doc>Fails if ``key`` is not found from ``dictionary``.</doc>
<status status="PASS" start="2024-07-26T20:18:11.846603" elapsed="0.000585"/>
</kw>
<kw name="Dictionary Should Contain Key" owner="Collections">
<arg>${json_data['results'][0]['login']}</arg>
<arg>${keyTwo}</arg>
<doc>Fails if ``key`` is not found from ``dictionary``.</doc>
<status status="PASS" start="2024-07-26T20:18:11.847377" elapsed="0.000389"/>
</kw>
<kw name="Log" owner="BuiltIn">
<msg time="2024-07-26T20:18:11.848081" level="INFO">password</msg>
<arg>${keyTwo}</arg>
<doc>Logs the given message with the given level.</doc>
<status status="PASS" start="2024-07-26T20:18:11.847954" elapsed="0.000167"/>
</kw>
<var name="${keyTwo}">password</var>
<status status="PASS" start="2024-07-26T20:18:11.846440" elapsed="0.001913"/>
</iter>
<var>${keyTwo}</var>
<value>@{expected_keysTwo}</value>
<status status="PASS" start="2024-07-26T20:18:11.844315" elapsed="0.004160"/>
</for>
<status status="PASS" start="2024-07-26T20:18:11.727811" elapsed="0.120810"/>
</kw>
<doc>Testa a estrutura da resposta da API.</doc>
<tag>testeEstruturaResposta</tag>
<status status="PASS" start="2024-07-26T20:18:11.727188" elapsed="0.121594"/>
</test>
<test id="s1-s1-t4" name="Validar tipos de dados" line="28">
<kw name="Teste de Tipos de Dados" owner="random-user-service">
<kw name="GET On Session" owner="RequestsLibrary">
<msg time="2024-07-26T20:18:11.962399" level="INFO">GET Request : url=https://randomuser.me/api 
 path_url=/api 
 headers={'User-Agent': 'python-requests/2.32.3', 'Accept-Encoding': 'gzip, deflate', 'Accept': '*/*', 'Connection': 'keep-alive'} 
 body=None 
 </msg>
<msg time="2024-07-26T20:18:11.962501" level="INFO">GET Response : url=https://randomuser.me/api 
 status=200, reason=OK 
 headers={'Date': 'Fri, 26 Jul 2024 20:18:11 GMT', 'Content-Type': 'application/json; charset=utf-8', 'Transfer-Encoding': 'chunked', 'Connection': 'keep-alive', 'X-Powered-By': 'Express', 'Access-Control-Allow-Origin': '*', 'Cache-Control': 'no-cache', 'ETag': 'W/"49f-VURNVvvcSJ+aiUppJg6DFBJp8E8"', 'Vary': 'Accept-Encoding', 'Content-Encoding': 'gzip', 'CF-Cache-Status': 'DYNAMIC', 'Report-To': '{"endpoints":[{"url":"https:\\/\\/a.nel.cloudflare.com\\/report\\/v4?s=StaGwnDLdb9uRmgjwU4tq9WvmNsJS8P6eIwRRQDNP5%2Fk4l%2BmWaMoYADagw%2BWvkKXiG%2F65URfjcKx%2F33Iq8etdd%2F1Pmyjy2pJsCwRFaX4j7Wmx1azZIIMWOgw47dSOjbh"}],"group":"cf-nel","max_age":604800}', 'NEL': '{"success_fraction":0,"report_to":"cf-nel","max_age":604800}', 'Server': 'cloudflare', 'CF-RAY': '8a9713d8188496b7-SJC', 'alt-svc': 'h3=":443"; ma=86400'} 
 body={"results":[{"gender":"female","name":{"title":"Madame","first":"Lucienne","last":"Marie"},"location":{"street":{"number":8729,"name":"Avenue de la République"},"city":"Berneck","state":"Jura","country":"Switzerland","postcode":1142,"coordinates":{"latitude":"-56.4218","longitude":"87.8019"},"timezone":{"offset":"+7:00","description":"Bangkok, Hanoi, Jakarta"}},"email":"lucienne.marie@example.com","login":{"uuid":"99add016-b8c9-4b3c-a6f6-b3768f06c13f","username":"greenostrich300","password":"xxxxx","salt":"HWJQnWOA","md5":"bd15c6270129f7985458f962b206a04e","sha1":"abeade28f2f4632ad6ad98a2ad1a92a18aa48cf2","sha256":"0c38fd8b5d0095bb14ac1f65880b4c8c9c8de06ad2b47217d9c1c3b1c5457b3d"},"dob":{"date":"1969-12-30T21:23:27.790Z","age":54},"registered":{"date":"2010-08-15T05:54:43.000Z","age":13},"phone":"077 711 93 79","cell":"079 783 55 43","id":{"name":"AVS","value":"756.3048.5797.87"},"picture":{"large":"https://randomuser.me/api/portraits/women/53.jpg","medium":"https://randomuser.me/api/portraits/med/women/53.jpg","thumbnail":"https://randomuser.me/api/portraits/thumb/women/53.jpg"},"nat":"CH"}],"info":{"seed":"f4554cd39bfcc73f","results":1,"page":1,"version":"1.4"}} 
 </msg>
<msg time="2024-07-26T20:18:11.962573" level="INFO">/opt/hostedtoolcache/Python/3.12.4/x64/lib/python3.12/site-packages/urllib3/connectionpool.py:1099: InsecureRequestWarning: Unverified HTTPS request is being made to host 'randomuser.me'. Adding certificate verification is strongly advised. See: https://urllib3.readthedocs.io/en/latest/advanced-usage.html#tls-warnings
  warnings.warn(</msg>
<msg time="2024-07-26T20:18:11.962701" level="INFO">${response} = &lt;Response [200]&gt;</msg>
<var>${response}</var>
<arg>consultarAPI</arg>
<arg>/api</arg>
<doc>Sends a GET request on a previously created HTTP Session.</doc>
<status status="PASS" start="2024-07-26T20:18:11.851355" elapsed="0.111387"/>
</kw>
<kw name="Set Variable" owner="BuiltIn">
<msg time="2024-07-26T20:18:11.963950" level="INFO">${json_data} = {'results': [{'gender': 'female', 'name': {'title': 'Madame', 'first': 'Lucienne', 'last': 'Marie'}, 'location': {'street': {'number': 8729, 'name': 'Avenue de la République'}, 'city': 'Berneck', 'sta...</msg>
<var>${json_data}</var>
<arg>${response.json()}</arg>
<doc>Returns the given values which can then be assigned to a variables.</doc>
<status status="PASS" start="2024-07-26T20:18:11.963381" elapsed="0.000599"/>
</kw>
<kw name="Log" owner="BuiltIn">
<msg time="2024-07-26T20:18:11.964463" level="INFO">{'results': [{'gender': 'female', 'name': {'title': 'Madame', 'first': 'Lucienne', 'last': 'Marie'}, 'location': {'street': {'number': 8729, 'name': 'Avenue de la République'}, 'city': 'Berneck', 'state': 'Jura', 'country': 'Switzerland', 'postcode': 1142, 'coordinates': {'latitude': '-56.4218', 'longitude': '87.8019'}, 'timezone': {'offset': '+7:00', 'description': 'Bangkok, Hanoi, Jakarta'}}, 'email': 'lucienne.marie@example.com', 'login': {'uuid': '99add016-b8c9-4b3c-a6f6-b3768f06c13f', 'username': 'greenostrich300', 'password': 'xxxxx', 'salt': 'HWJQnWOA', 'md5': 'bd15c6270129f7985458f962b206a04e', 'sha1': 'abeade28f2f4632ad6ad98a2ad1a92a18aa48cf2', 'sha256': '0c38fd8b5d0095bb14ac1f65880b4c8c9c8de06ad2b47217d9c1c3b1c5457b3d'}, 'dob': {'date': '1969-12-30T21:23:27.790Z', 'age': 54}, 'registered': {'date': '2010-08-15T05:54:43.000Z', 'age': 13}, 'phone': '077 711 93 79', 'cell': '079 783 55 43', 'id': {'name': 'AVS', 'value': '756.3048.5797.87'}, 'picture': {'large': 'https://randomuser.me/api/portraits/women/53.jpg', 'medium': 'https://randomuser.me/api/portraits/med/women/53.jpg', 'thumbnail': 'https://randomuser.me/api/portraits/thumb/women/53.jpg'}, 'nat': 'CH'}], 'info': {'seed': 'f4554cd39bfcc73f', 'results': 1, 'page': 1, 'version': '1.4'}}</msg>
<arg>${json_data}</arg>
<doc>Logs the given message with the given level.</doc>
<status status="PASS" start="2024-07-26T20:18:11.964300" elapsed="0.000213"/>
</kw>
<kw name="Should Be String" owner="String">
<arg>${json_data['results'][0]['gender']}</arg>
<doc>Fails if the given ``item`` is not a string.</doc>
<status status="PASS" start="2024-07-26T20:18:11.964808" elapsed="0.000370"/>
</kw>
<kw name="Should Match Regexp" owner="BuiltIn">
<arg>${json_data['results'][0]['email']}</arg>
<arg>^[a-zA-Z0-9._%+-]+@[a-zA-Z0-9.-]+\.[a-zA-Z]{2,}$</arg>
<doc>Fails if ``string`` does not match ``pattern`` as a regular expression.</doc>
<status status="PASS" start="2024-07-26T20:18:11.965408" elapsed="0.000540"/>
</kw>
<kw name="Should Match Regexp" owner="BuiltIn">
<arg>${json_data['results'][0]['dob']['date']}</arg>
<arg>\\d{4}-\\d{2}-\\d{2}T\\d{2}:\\d{2}:\\d{2}\\.\\d{3}Z</arg>
<doc>Fails if ``string`` does not match ``pattern`` as a regular expression.</doc>
<status status="PASS" start="2024-07-26T20:18:11.966186" elapsed="0.000637"/>
</kw>
<kw name="Should Match Regexp" owner="BuiltIn">
<arg>${json_data['results'][0]['registered']['date']}</arg>
<arg>\\d{4}-\\d{2}-\\d{2}T\\d{2}:\\d{2}:\\d{2}\\.\\d{3}Z</arg>
<doc>Fails if ``string`` does not match ``pattern`` as a regular expression.</doc>
<status status="PASS" start="2024-07-26T20:18:11.967014" elapsed="0.000374"/>
</kw>
<kw name="Should Match Regexp" owner="BuiltIn">
<arg>${json_data['results'][0]['picture']['large']}</arg>
<arg>^https?://.*\.(?:png|jpe?g|gif|bmp)$</arg>
<doc>Fails if ``string`` does not match ``pattern`` as a regular expression.</doc>
<status status="PASS" start="2024-07-26T20:18:11.967572" elapsed="0.000460"/>
</kw>
<kw name="Should Match Regexp" owner="BuiltIn">
<arg>${json_data['results'][0]['picture']['medium']}</arg>
<arg>^https?://.*\.(?:png|jpe?g|gif|bmp)$</arg>
<doc>Fails if ``string`` does not match ``pattern`` as a regular expression.</doc>
<status status="PASS" start="2024-07-26T20:18:11.968216" elapsed="0.000353"/>
</kw>
<kw name="Should Match Regexp" owner="BuiltIn">
<arg>${json_data['results'][0]['picture']['thumbnail']}</arg>
<arg>^https?://.*\.(?:png|jpe?g|gif|bmp)$</arg>
<doc>Fails if ``string`` does not match ``pattern`` as a regular expression.</doc>
<status status="PASS" start="2024-07-26T20:18:11.968751" elapsed="0.000353"/>
</kw>
<kw name="Log" owner="BuiltIn">
<msg time="2024-07-26T20:18:11.969640" level="INFO">{'large': 'https://randomuser.me/api/portraits/women/53.jpg', 'medium': 'https://randomuser.me/api/portraits/med/women/53.jpg', 'thumbnail': 'https://randomuser.me/api/portraits/thumb/women/53.jpg'}</msg>
<arg>${json_data['results'][0]['picture']}</arg>
<doc>Logs the given message with the given level.</doc>
<status status="PASS" start="2024-07-26T20:18:11.969284" elapsed="0.000401"/>
</kw>
<status status="PASS" start="2024-07-26T20:18:11.851128" elapsed="0.118819"/>
</kw>
<kw name="Teste de Tipos de Dados - Postcode" owner="random-user-service">
<kw name="GET On Session" owner="RequestsLibrary">
<msg time="2024-07-26T20:18:12.061228" level="INFO">GET Request : url=https://randomuser.me/api 
 path_url=/api 
 headers={'User-Agent': 'python-requests/2.32.3', 'Accept-Encoding': 'gzip, deflate', 'Accept': '*/*', 'Connection': 'keep-alive'} 
 body=None 
 </msg>
<msg time="2024-07-26T20:18:12.061362" level="INFO">GET Response : url=https://randomuser.me/api 
 status=200, reason=OK 
 headers={'Date': 'Fri, 26 Jul 2024 20:18:12 GMT', 'Content-Type': 'application/json; charset=utf-8', 'Transfer-Encoding': 'chunked', 'Connection': 'keep-alive', 'X-Powered-By': 'Express', 'Access-Control-Allow-Origin': '*', 'Cache-Control': 'no-cache', 'ETag': 'W/"495-fL9eG7qPJ7p4u5hmT4R0l+hxkfc"', 'Vary': 'Accept-Encoding', 'Content-Encoding': 'gzip', 'CF-Cache-Status': 'DYNAMIC', 'Report-To': '{"endpoints":[{"url":"https:\\/\\/a.nel.cloudflare.com\\/report\\/v4?s=WjUq816pb4QbnKDfMibDSjfU0AIAbWWVom%2FX%2BKr%2BFgro00VMhS7B%2BmpkeSfnYM72FKvh55GSqA8d7ENqEblv5fUbblPMySiM6KuwFAHXdtsW39us1XudrsKZDuTYbCwi"}],"group":"cf-nel","max_age":604800}', 'NEL': '{"success_fraction":0,"report_to":"cf-nel","max_age":604800}', 'Server': 'cloudflare', 'CF-RAY': '8a9713d8d90296b7-SJC', 'alt-svc': 'h3=":443"; ma=86400'} 
 body={"results":[{"gender":"female","name":{"title":"Mrs","first":"Naomi","last":"Walker"},"location":{"street":{"number":1931,"name":"Royal Road"},"city":"Upper Hutt","state":"Bay of Plenty","country":"New Zealand","postcode":78090,"coordinates":{"latitude":"47.2192","longitude":"39.8054"},"timezone":{"offset":"+8:00","description":"Beijing, Perth, Singapore, Hong Kong"}},"email":"naomi.walker@example.com","login":{"uuid":"bd6d3cd1-c561-4135-bb29-f56d5b63b0f6","username":"organicwolf417","password":"blackhaw","salt":"vyfhnuTU","md5":"228f73c055bcf89702c7fb135de32be4","sha1":"06ccc0690b3f62a0b657f2a5645c5b8f8d056e8e","sha256":"cad820a5c02ff4a1bb0b697d5de6dc65fcf8dd483771f5e2906a0d147ad55425"},"dob":{"date":"1967-07-13T13:59:29.625Z","age":57},"registered":{"date":"2019-06-19T01:40:52.578Z","age":5},"phone":"(642)-609-3454","cell":"(902)-976-8006","id":{"name":"","value":null},"picture":{"large":"https://randomuser.me/api/portraits/women/35.jpg","medium":"https://randomuser.me/api/portraits/med/women/35.jpg","thumbnail":"https://randomuser.me/api/portraits/thumb/women/35.jpg"},"nat":"NZ"}],"info":{"seed":"8be27b32b8ed3c67","results":1,"page":1,"version":"1.4"}} 
 </msg>
<msg time="2024-07-26T20:18:12.061443" level="INFO">/opt/hostedtoolcache/Python/3.12.4/x64/lib/python3.12/site-packages/urllib3/connectionpool.py:1099: InsecureRequestWarning: Unverified HTTPS request is being made to host 'randomuser.me'. Adding certificate verification is strongly advised. See: https://urllib3.readthedocs.io/en/latest/advanced-usage.html#tls-warnings
  warnings.warn(</msg>
<msg time="2024-07-26T20:18:12.061567" level="INFO">${response} = &lt;Response [200]&gt;</msg>
<var>${response}</var>
<arg>consultarAPI</arg>
<arg>/api</arg>
<doc>Sends a GET request on a previously created HTTP Session.</doc>
<status status="PASS" start="2024-07-26T20:18:11.970457" elapsed="0.091155"/>
</kw>
<kw name="Set Variable" owner="BuiltIn">
<msg time="2024-07-26T20:18:12.062905" level="INFO">${json_data} = {'results': [{'gender': 'female', 'name': {'title': 'Mrs', 'first': 'Naomi', 'last': 'Walker'}, 'location': {'street': {'number': 1931, 'name': 'Royal Road'}, 'city': 'Upper Hutt', 'state': 'Bay of Pl...</msg>
<var>${json_data}</var>
<arg>${response.json()}</arg>
<doc>Returns the given values which can then be assigned to a variables.</doc>
<status status="PASS" start="2024-07-26T20:18:12.062293" elapsed="0.000641"/>
</kw>
<kw name="Log" owner="BuiltIn">
<msg time="2024-07-26T20:18:12.063420" level="INFO">{'results': [{'gender': 'female', 'name': {'title': 'Mrs', 'first': 'Naomi', 'last': 'Walker'}, 'location': {'street': {'number': 1931, 'name': 'Royal Road'}, 'city': 'Upper Hutt', 'state': 'Bay of Plenty', 'country': 'New Zealand', 'postcode': 78090, 'coordinates': {'latitude': '47.2192', 'longitude': '39.8054'}, 'timezone': {'offset': '+8:00', 'description': 'Beijing, Perth, Singapore, Hong Kong'}}, 'email': 'naomi.walker@example.com', 'login': {'uuid': 'bd6d3cd1-c561-4135-bb29-f56d5b63b0f6', 'username': 'organicwolf417', 'password': 'blackhaw', 'salt': 'vyfhnuTU', 'md5': '228f73c055bcf89702c7fb135de32be4', 'sha1': '06ccc0690b3f62a0b657f2a5645c5b8f8d056e8e', 'sha256': 'cad820a5c02ff4a1bb0b697d5de6dc65fcf8dd483771f5e2906a0d147ad55425'}, 'dob': {'date': '1967-07-13T13:59:29.625Z', 'age': 57}, 'registered': {'date': '2019-06-19T01:40:52.578Z', 'age': 5}, 'phone': '(642)-609-3454', 'cell': '(902)-976-8006', 'id': {'name': '', 'value': None}, 'picture': {'large': 'https://randomuser.me/api/portraits/women/35.jpg', 'medium': 'https://randomuser.me/api/portraits/med/women/35.jpg', 'thumbnail': 'https://randomuser.me/api/portraits/thumb/women/35.jpg'}, 'nat': 'NZ'}], 'info': {'seed': '8be27b32b8ed3c67', 'results': 1, 'page': 1, 'version': '1.4'}}</msg>
<arg>${json_data}</arg>
<doc>Logs the given message with the given level.</doc>
<status status="PASS" start="2024-07-26T20:18:12.063256" elapsed="0.000211"/>
</kw>
<kw name="Should Be Equal As Numbers" owner="BuiltIn">
<arg>${json_data['results'][0]['location']['postcode']}</arg>
<arg>${json_data['results'][0]['location']['postcode']}</arg>
<doc>Fails if objects are unequal after converting them to real numbers.</doc>
<status status="PASS" start="2024-07-26T20:18:12.063765" elapsed="0.000630"/>
</kw>
<kw name="Log" owner="BuiltIn">
<msg time="2024-07-26T20:18:12.064928" level="INFO">78090</msg>
<arg>${json_data['results'][0]['location']['postcode']}</arg>
<doc>Logs the given message with the given level.</doc>
<status status="PASS" start="2024-07-26T20:18:12.064592" elapsed="0.000378"/>
</kw>
<status status="PASS" start="2024-07-26T20:18:11.970178" elapsed="0.095087"/>
</kw>
<doc>Testa se os tipos de dados na resposta da API estão corretos.</doc>
<tag>testeTiposDados</tag>
<status status="PASS" start="2024-07-26T20:18:11.850573" elapsed="0.214919"/>
</test>
<test id="s1-s1-t5" name="Validar conteudo" line="35">
<kw name="Teste de Tipos de Conteudo" owner="random-user-service">
<kw name="GET On Session" owner="RequestsLibrary">
<msg time="2024-07-26T20:18:12.190319" level="INFO">GET Request : url=https://randomuser.me/api 
 path_url=/api 
 headers={'User-Agent': 'python-requests/2.32.3', 'Accept-Encoding': 'gzip, deflate', 'Accept': '*/*', 'Connection': 'keep-alive'} 
 body=None 
 </msg>
<msg time="2024-07-26T20:18:12.190429" level="INFO">GET Response : url=https://randomuser.me/api 
 status=200, reason=OK 
 headers={'Date': 'Fri, 26 Jul 2024 20:18:12 GMT', 'Content-Type': 'application/json; charset=utf-8', 'Transfer-Encoding': 'chunked', 'Connection': 'keep-alive', 'X-Powered-By': 'Express', 'Access-Control-Allow-Origin': '*', 'Cache-Control': 'no-cache', 'ETag': 'W/"475-Wf3Bg2l4N97PJA/QY4IZyZlkGLM"', 'Vary': 'Accept-Encoding', 'Content-Encoding': 'gzip', 'CF-Cache-Status': 'DYNAMIC', 'Report-To': '{"endpoints":[{"url":"https:\\/\\/a.nel.cloudflare.com\\/report\\/v4?s=jt2KLOo6BnJr%2BCfKQhytXBIN8P2vMMpNWAVJJ1s%2BzFAJPFjYBAVib0K7cEbNoND5NQikjpjdf7DgXrytE4l6LjyoxLfZwjxjDy%2Fl4iaYEFf1XNBU1BMvN5p4yffDn1mx"}],"group":"cf-nel","max_age":604800}', 'NEL': '{"success_fraction":0,"report_to":"cf-nel","max_age":604800}', 'Server': 'cloudflare', 'CF-RAY': '8a9713d9796996b7-SJC', 'alt-svc': 'h3=":443"; ma=86400'} 
 body={"results":[{"gender":"male","name":{"title":"Mr","first":"Tim","last":"Fox"},"location":{"street":{"number":4197,"name":"Rookery Road"},"city":"Sallins","state":"Mayo","country":"Ireland","postcode":41398,"coordinates":{"latitude":"-1.3511","longitude":"-34.5590"},"timezone":{"offset":"-3:00","description":"Brazil, Buenos Aires, Georgetown"}},"email":"tim.fox@example.com","login":{"uuid":"e456bda5-31e2-42ea-8fb0-d2874344ef0f","username":"silverbear840","password":"versace","salt":"lf4ik3Oq","md5":"7642d09cff91fb6f9728aa2c242e291c","sha1":"53f6c955733fc85a53d6accd0fd2944bf4dfe764","sha256":"8c29e66965987b1dc4360add519ec6f56b1075041b0ff75ed8eca702c50b0c63"},"dob":{"date":"1953-11-21T20:04:12.613Z","age":70},"registered":{"date":"2013-04-24T03:12:25.742Z","age":11},"phone":"031-222-9909","cell":"081-116-6222","id":{"name":"PPS","value":"4532428T"},"picture":{"large":"https://randomuser.me/api/portraits/men/43.jpg","medium":"https://randomuser.me/api/portraits/med/men/43.jpg","thumbnail":"https://randomuser.me/api/portraits/thumb/men/43.jpg"},"nat":"IE"}],"info":{"seed":"501021f3972cb6be","results":1,"page":1,"version":"1.4"}} 
 </msg>
<msg time="2024-07-26T20:18:12.190511" level="INFO">/opt/hostedtoolcache/Python/3.12.4/x64/lib/python3.12/site-packages/urllib3/connectionpool.py:1099: InsecureRequestWarning: Unverified HTTPS request is being made to host 'randomuser.me'. Adding certificate verification is strongly advised. See: https://urllib3.readthedocs.io/en/latest/advanced-usage.html#tls-warnings
  warnings.warn(</msg>
<msg time="2024-07-26T20:18:12.190630" level="INFO">${response} = &lt;Response [200]&gt;</msg>
<var>${response}</var>
<arg>consultarAPI</arg>
<arg>/api</arg>
<doc>Sends a GET request on a previously created HTTP Session.</doc>
<status status="PASS" start="2024-07-26T20:18:12.068124" elapsed="0.122546"/>
</kw>
<kw name="Set Variable" owner="BuiltIn">
<msg time="2024-07-26T20:18:12.191905" level="INFO">${json_data} = {'results': [{'gender': 'male', 'name': {'title': 'Mr', 'first': 'Tim', 'last': 'Fox'}, 'location': {'street': {'number': 4197, 'name': 'Rookery Road'}, 'city': 'Sallins', 'state': 'Mayo', 'country': ...</msg>
<var>${json_data}</var>
<arg>${response.json()}</arg>
<doc>Returns the given values which can then be assigned to a variables.</doc>
<status status="PASS" start="2024-07-26T20:18:12.191315" elapsed="0.000620"/>
</kw>
<kw name="Set Variable" owner="BuiltIn">
<msg time="2024-07-26T20:18:12.192656" level="INFO">${name_title} = Mr</msg>
<var>${name_title}</var>
<arg>${json_data["results"][0]["name"]["title"]}</arg>
<doc>Returns the given values which can then be assigned to a variables.</doc>
<status status="PASS" start="2024-07-26T20:18:12.192253" elapsed="0.000429"/>
</kw>
<kw name="Create List" owner="BuiltIn">
<msg time="2024-07-26T20:18:12.193128" level="INFO">${allowed_titles} = ['Mr', 'Ms', 'Miss', 'Mrs', 'Madame', 'Monsieur']</msg>
<var>${allowed_titles}</var>
<arg>Mr</arg>
<arg>Ms</arg>
<arg>Miss</arg>
<arg>Mrs</arg>
<arg>Madame</arg>
<arg>Monsieur</arg>
<doc>Returns a list containing given items.</doc>
<status status="PASS" start="2024-07-26T20:18:12.192978" elapsed="0.000175"/>
</kw>
<kw name="List Should Contain Value" owner="Collections">
<arg>${allowed_titles}</arg>
<arg>${name_title}</arg>
<doc>Fails if the ``value`` is not found from ``list``.</doc>
<status status="PASS" start="2024-07-26T20:18:12.193492" elapsed="0.000193"/>
</kw>
<kw name="Set Variable" owner="BuiltIn">
<msg time="2024-07-26T20:18:12.194244" level="INFO">${name_country} = IE</msg>
<var>${name_country}</var>
<arg>${json_data["results"][0]["nat"]}</arg>
<doc>Returns the given values which can then be assigned to a variables.</doc>
<status status="PASS" start="2024-07-26T20:18:12.193868" elapsed="0.000402"/>
</kw>
<kw name="Create List" owner="BuiltIn">
<msg time="2024-07-26T20:18:12.195163" level="INFO">${list_country} = ['AD', 'AE', 'AF', 'AG', 'AI', 'AL', 'AM', 'AO', 'AQ', 'AR', 'AS', 'AT', 'AU', 'AW', 'AX', 'AZ', 'BA', 'BB', 'BD', 'BE', 'BF', 'BG', 'BH', 'BI', 'BJ', 'BL', 'BM', 'BN', 'BO', 'BQ', 'BR', 'BS', 'BT', '...</msg>
<var>${list_country}</var>
<arg>AD</arg>
<arg>AE</arg>
<arg>AF</arg>
<arg>AG</arg>
<arg>AI</arg>
<arg>AL</arg>
<arg>AM</arg>
<arg>AO</arg>
<arg>AQ</arg>
<arg>AR</arg>
<arg>AS</arg>
<arg>AT</arg>
<arg>AU</arg>
<arg>AW</arg>
<arg>AX</arg>
<arg>AZ</arg>
<arg>BA</arg>
<arg>BB</arg>
<arg>BD</arg>
<arg>BE</arg>
<arg>BF</arg>
<arg>BG</arg>
<arg>BH</arg>
<arg>BI</arg>
<arg>BJ</arg>
<arg>BL</arg>
<arg>BM</arg>
<arg>BN</arg>
<arg>BO</arg>
<arg>BQ</arg>
<arg>BR</arg>
<arg>BS</arg>
<arg>BT</arg>
<arg>BV</arg>
<arg>BW</arg>
<arg>BY</arg>
<arg>BZ</arg>
<arg>CA</arg>
<arg>CC</arg>
<arg>CD</arg>
<arg>CF</arg>
<arg>CG</arg>
<arg>CH</arg>
<arg>CI</arg>
<arg>CK</arg>
<arg>CL</arg>
<arg>CM</arg>
<arg>CN</arg>
<arg>CO</arg>
<arg>CR</arg>
<arg>CU</arg>
<arg>CV</arg>
<arg>CW</arg>
<arg>CX</arg>
<arg>CY</arg>
<arg>CZ</arg>
<arg>DE</arg>
<arg>DJ</arg>
<arg>DK</arg>
<arg>DM</arg>
<arg>DO</arg>
<arg>DZ</arg>
<arg>EC</arg>
<arg>EE</arg>
<arg>EG</arg>
<arg>EH</arg>
<arg>ER</arg>
<arg>ES</arg>
<arg>ET</arg>
<arg>FI</arg>
<arg>FJ</arg>
<arg>FK</arg>
<arg>FM</arg>
<arg>FO</arg>
<arg>FR</arg>
<arg>GA</arg>
<arg>GB</arg>
<arg>GD</arg>
<arg>GE</arg>
<arg>GF</arg>
<arg>GG</arg>
<arg>GH</arg>
<arg>GI</arg>
<arg>GL</arg>
<arg>GM</arg>
<arg>GN</arg>
<arg>GP</arg>
<arg>GQ</arg>
<arg>GR</arg>
<arg>GS</arg>
<arg>GT</arg>
<arg>GU</arg>
<arg>GW</arg>
<arg>GY</arg>
<arg>HK</arg>
<arg>HM</arg>
<arg>HN</arg>
<arg>HR</arg>
<arg>HT</arg>
<arg>HU</arg>
<arg>ID</arg>
<arg>IE</arg>
<arg>IL</arg>
<arg>IM</arg>
<arg>IN</arg>
<arg>IO</arg>
<arg>IQ</arg>
<arg>IR</arg>
<arg>IS</arg>
<arg>IT</arg>
<arg>JE</arg>
<arg>JM</arg>
<arg>JO</arg>
<arg>JP</arg>
<arg>KE</arg>
<arg>KG</arg>
<arg>KH</arg>
<arg>KI</arg>
<arg>KM</arg>
<arg>KN</arg>
<arg>KP</arg>
<arg>KR</arg>
<arg>KW</arg>
<arg>KY</arg>
<arg>KZ</arg>
<arg>LA</arg>
<arg>LB</arg>
<arg>LC</arg>
<arg>LI</arg>
<arg>LK</arg>
<arg>LR</arg>
<arg>LS</arg>
<arg>LT</arg>
<arg>LU</arg>
<arg>LV</arg>
<arg>LY</arg>
<arg>MA</arg>
<arg>MC</arg>
<arg>MD</arg>
<arg>ME</arg>
<arg>MF</arg>
<arg>MG</arg>
<arg>MH</arg>
<arg>MK</arg>
<arg>ML</arg>
<arg>MM</arg>
<arg>MN</arg>
<arg>MO</arg>
<arg>MP</arg>
<arg>MQ</arg>
<arg>MR</arg>
<arg>MS</arg>
<arg>MT</arg>
<arg>MU</arg>
<arg>MV</arg>
<arg>MW</arg>
<arg>MX</arg>
<arg>MY</arg>
<arg>MZ</arg>
<arg>NA</arg>
<arg>NC</arg>
<arg>NE</arg>
<arg>NF</arg>
<arg>NG</arg>
<arg>NI</arg>
<arg>NL</arg>
<arg>NO</arg>
<arg>NP</arg>
<arg>NR</arg>
<arg>NU</arg>
<arg>NZ</arg>
<arg>OM</arg>
<arg>PA</arg>
<arg>PE</arg>
<arg>PF</arg>
<arg>PG</arg>
<arg>PH</arg>
<arg>PK</arg>
<arg>PL</arg>
<arg>PM</arg>
<arg>PN</arg>
<arg>PR</arg>
<arg>PS</arg>
<arg>PT</arg>
<arg>PW</arg>
<arg>PY</arg>
<arg>QA</arg>
<arg>RE</arg>
<arg>RO</arg>
<arg>RS</arg>
<arg>RU</arg>
<arg>RW</arg>
<arg>SA</arg>
<arg>SB</arg>
<arg>SC</arg>
<arg>SD</arg>
<arg>SE</arg>
<arg>SG</arg>
<arg>SH</arg>
<arg>SI</arg>
<arg>SJ</arg>
<arg>SK</arg>
<arg>SL</arg>
<arg>SM</arg>
<arg>SN</arg>
<arg>SO</arg>
<arg>SR</arg>
<arg>SS</arg>
<arg>ST</arg>
<arg>SV</arg>
<arg>SX</arg>
<arg>SY</arg>
<arg>SZ</arg>
<arg>TC</arg>
<arg>TD</arg>
<arg>TF</arg>
<arg>TG</arg>
<arg>TH</arg>
<arg>TJ</arg>
<arg>TK</arg>
<arg>TL</arg>
<arg>TM</arg>
<arg>TN</arg>
<arg>TO</arg>
<arg>TR</arg>
<arg>TT</arg>
<arg>TV</arg>
<arg>TW</arg>
<arg>TZ</arg>
<arg>UA</arg>
<arg>UG</arg>
<arg>UM</arg>
<arg>US</arg>
<arg>UY</arg>
<arg>UZ</arg>
<arg>VA</arg>
<arg>VC</arg>
<arg>VE</arg>
<arg>VG</arg>
<arg>VI</arg>
<arg>VN</arg>
<arg>VU</arg>
<arg>WF</arg>
<arg>WS</arg>
<arg>XK</arg>
<arg>YE</arg>
<arg>YT</arg>
<arg>ZA</arg>
<arg>ZM</arg>
<arg>ZW</arg>
<doc>Returns a list containing given items.</doc>
<status status="PASS" start="2024-07-26T20:18:12.194560" elapsed="0.000631"/>
</kw>
<kw name="List Should Contain Value" owner="Collections">
<arg>${list_country}</arg>
<arg>${name_country}</arg>
<doc>Fails if the ``value`` is not found from ``list``.</doc>
<status status="PASS" start="2024-07-26T20:18:12.196181" elapsed="0.000214"/>
</kw>
<kw name="Run Keyword If" owner="BuiltIn">
<kw name="Should Be True" owner="BuiltIn">
<arg>${True}</arg>
<doc>Fails if the given condition is not true.</doc>
<status status="PASS" start="2024-07-26T20:18:12.197392" elapsed="0.000153"/>
</kw>
<arg>${json_data["results"][0]["location"]["coordinates"]["latitude"]} &gt;= -90 and ${json_data["results"][0]["location"]["coordinates"]["latitude"]} &lt;= 90</arg>
<arg>Should Be True</arg>
<arg>${True}</arg>
<doc>Runs the given keyword with the given arguments, if ``condition`` is true.</doc>
<status status="PASS" start="2024-07-26T20:18:12.196598" elapsed="0.001073"/>
</kw>
<kw name="Run Keyword If" owner="BuiltIn">
<kw name="Should Be True" owner="BuiltIn">
<arg>${True}</arg>
<doc>Fails if the given condition is not true.</doc>
<status status="PASS" start="2024-07-26T20:18:12.198543" elapsed="0.000138"/>
</kw>
<arg>${json_data["results"][0]["location"]["coordinates"]["longitude"]} &gt;= -180 and ${json_data["results"][0]["location"]["coordinates"]["longitude"]} &lt;= 180</arg>
<arg>Should Be True</arg>
<arg>${True}</arg>
<doc>Runs the given keyword with the given arguments, if ``condition`` is true.</doc>
<status status="PASS" start="2024-07-26T20:18:12.197849" elapsed="0.000955"/>
</kw>
<status status="PASS" start="2024-07-26T20:18:12.067874" elapsed="0.131060"/>
</kw>
<doc>Testa o conteúdo específico dos campos retornados pela API.</doc>
<tag>testeConteudo</tag>
<status status="PASS" start="2024-07-26T20:18:12.067282" elapsed="0.131802"/>
</test>
<status status="PASS" start="2024-07-26T20:18:11.231603" elapsed="0.969445"/>
</suite>
<status status="PASS" start="2024-07-26T20:18:11.216543" elapsed="0.989728"/>
</suite>
<statistics>
<total>
<stat pass="5" fail="0" skip="0">All Tests</stat>
</total>
<tag>
<stat pass="1" fail="0" skip="0">testeConteudo</stat>
<stat pass="1" fail="0" skip="0">testeEstruturaResposta</stat>
<stat pass="1" fail="0" skip="0">testeRequisicaoBasica</stat>
<stat pass="1" fail="0" skip="0">testeTiposDados</stat>
</tag>
<suite>
<stat pass="5" fail="0" skip="0" id="s1" name="Tests">Tests</stat>
<stat pass="5" fail="0" skip="0" id="s1-s1" name="Random-User-Test">Tests.Random-User-Test</stat>
</suite>
</statistics>
<errors>
</errors>
</robot>
