<?xml version="1.0" encoding="UTF-8"?>
<robot generator="Robot 7.0.1 (Python 3.12.4 on linux)" generated="2024-07-07T15:15:30.914057" rpa="false" schemaversion="5">
<suite id="s1" name="Tests" source="/home/runner/work/ApiRandomUser/ApiRandomUser/RamdonUser/tests">
<suite id="s1-s1" name="Random-User-Test" source="/home/runner/work/ApiRandomUser/ApiRandomUser/RamdonUser/tests/random-user-test.robot">
<test id="s1-s1-t1" name="Conectar" line="13">
<kw name="Conectar API" owner="random-user-service">
<kw name="Create Session" owner="RequestsLibrary">
<msg time="2024-07-07T15:15:31.350783" level="INFO">Creating Session using : alias=consultarAPI, url=https://randomuser.me/, headers={},                     cookies={}, auth=None, timeout=None, proxies=None, verify=False,                     debug=0 </msg>
<arg>consultarAPI</arg>
<arg>${URL}</arg>
<doc>Create Session: create a HTTP session to a server</doc>
<status status="PASS" start="2024-07-07T15:15:31.350578" elapsed="0.000385"/>
</kw>
<status status="PASS" start="2024-07-07T15:15:31.349597" elapsed="0.001723"/>
</kw>
<status status="PASS" start="2024-07-07T15:15:31.349005" elapsed="0.002506"/>
</test>
<test id="s1-s1-t2" name="Validar retorno 200 e JSON Válido" line="16">
<kw name="Teste de Requisicao Basica" owner="random-user-service">
<kw name="GET On Session" owner="RequestsLibrary">
<msg time="2024-07-07T15:15:31.604501" level="INFO">GET Request : url=https://randomuser.me/api 
 path_url=/api 
 headers={'User-Agent': 'python-requests/2.32.3', 'Accept-Encoding': 'gzip, deflate', 'Accept': '*/*', 'Connection': 'keep-alive'} 
 body=None 
 </msg>
<msg time="2024-07-07T15:15:31.604647" level="INFO">GET Response : url=https://randomuser.me/api 
 status=200, reason=OK 
 headers={'Date': 'Sun, 07 Jul 2024 15:15:31 GMT', 'Content-Type': 'application/json; charset=utf-8', 'Transfer-Encoding': 'chunked', 'Connection': 'keep-alive', 'X-Powered-By': 'Express', 'Access-Control-Allow-Origin': '*', 'Cache-Control': 'no-cache', 'ETag': 'W/"49c-01UGOPhvWiE4PxLq5DBQLGrwXUQ"', 'Vary': 'Accept-Encoding', 'Content-Encoding': 'gzip', 'CF-Cache-Status': 'DYNAMIC', 'Report-To': '{"endpoints":[{"url":"https:\\/\\/a.nel.cloudflare.com\\/report\\/v4?s=wP1aCsMlDIM72S8xql6Cld3YDrZFgQZTazr%2BRjr%2BzMERG7OvkqyxwAKFhY6nozCdSzdERnFW%2B6VXekslq%2BTq5bOmnebBVLjjMRTInsgHHhk8sbWE9im%2B9C4UYOlZwYQJ"}],"group":"cf-nel","max_age":604800}', 'NEL': '{"success_fraction":0,"report_to":"cf-nel","max_age":604800}', 'Server': 'cloudflare', 'CF-RAY': '89f8ca5a2f28616c-ORD', 'alt-svc': 'h3=":443"; ma=86400'} 
 body={"results":[{"gender":"male","name":{"title":"Mr","first":"Franz-Josef","last":"Schnitzler"},"location":{"street":{"number":3023,"name":"Schützenstraße"},"city":"Höchstädt an der Donau","state":"Bremen","country":"Germany","postcode":30245,"coordinates":{"latitude":"-52.8117","longitude":"-64.9819"},"timezone":{"offset":"-9:00","description":"Alaska"}},"email":"franz-josef.schnitzler@example.com","login":{"uuid":"4c24e643-49bc-4bea-97d8-08bd696b20f6","username":"ticklishleopard140","password":"isaiah","salt":"sJSWR5Ne","md5":"4a97862f69c4ec8315517450d5f46731","sha1":"82e6cd357db4a59a3fe45f52073d5ac6046e3688","sha256":"bcd7b451110c839c2d7a082fb6ee4ae2f2fa16f9adcfd411ff40da31984fb850"},"dob":{"date":"1976-01-03T12:17:25.852Z","age":48},"registered":{"date":"2016-03-30T19:57:07.331Z","age":8},"phone":"0453-7109416","cell":"0170-3417823","id":{"name":"SVNR","value":"73 030176 S 425"},"picture":{"large":"https://randomuser.me/api/portraits/men/85.jpg","medium":"https://randomuser.me/api/portraits/med/men/85.jpg","thumbnail":"https://randomuser.me/api/portraits/thumb/men/85.jpg"},"nat":"DE"}],"info":{"seed":"efe827bad68aaab8","results":1,"page":1,"version":"1.4"}} 
 </msg>
<msg time="2024-07-07T15:15:31.604735" level="INFO">/opt/hostedtoolcache/Python/3.12.4/x64/lib/python3.12/site-packages/urllib3/connectionpool.py:1099: InsecureRequestWarning: Unverified HTTPS request is being made to host 'randomuser.me'. Adding certificate verification is strongly advised. See: https://urllib3.readthedocs.io/en/latest/advanced-usage.html#tls-warnings
  warnings.warn(</msg>
<msg time="2024-07-07T15:15:31.604884" level="INFO">${response} = &lt;Response [200]&gt;</msg>
<var>${response}</var>
<arg>consultarAPI</arg>
<arg>/api</arg>
<doc>Sends a GET request on a previously created HTTP Session.</doc>
<status status="PASS" start="2024-07-07T15:15:31.354300" elapsed="0.250625"/>
</kw>
<kw name="Should Be Equal As Numbers" owner="BuiltIn">
<msg time="2024-07-07T15:15:31.606025" level="INFO">Argument types are:
&lt;class 'int'&gt;
&lt;class 'str'&gt;</msg>
<arg>${response.status_code}</arg>
<arg>200</arg>
<doc>Fails if objects are unequal after converting them to real numbers.</doc>
<status status="PASS" start="2024-07-07T15:15:31.605555" elapsed="0.000535"/>
</kw>
<kw name="Log" owner="BuiltIn">
<msg time="2024-07-07T15:15:31.606751" level="INFO">200</msg>
<arg>${response.status_code}</arg>
<doc>Logs the given message with the given level.</doc>
<status status="PASS" start="2024-07-07T15:15:31.606407" elapsed="0.000386"/>
</kw>
<kw name="Set Variable" owner="BuiltIn">
<msg time="2024-07-07T15:15:31.607530" level="INFO">${json_data} = {'results': [{'gender': 'male', 'name': {'title': 'Mr', 'first': 'Franz-Josef', 'last': 'Schnitzler'}, 'location': {'street': {'number': 3023, 'name': 'Schützenstraße'}, 'city': 'Höchstädt an der Dona...</msg>
<var>${json_data}</var>
<arg>${response.json()}</arg>
<doc>Returns the given values which can then be assigned to a variables.</doc>
<status status="PASS" start="2024-07-07T15:15:31.607092" elapsed="0.000468"/>
</kw>
<kw name="Dictionary Should Contain Key" owner="Collections">
<arg>${json_data}</arg>
<arg>results</arg>
<doc>Fails if ``key`` is not found from ``dictionary``.</doc>
<status status="PASS" start="2024-07-07T15:15:31.607853" elapsed="0.000164"/>
</kw>
<status status="PASS" start="2024-07-07T15:15:31.354022" elapsed="0.254148"/>
</kw>
<doc>Testa se a API responde corretamente e retorna um objeto JSON válido.</doc>
<tag>testeRequisicaoBasica</tag>
<status status="PASS" start="2024-07-07T15:15:31.353422" elapsed="0.254963"/>
</test>
<test id="s1-s1-t3" name="Validar estrutura de resposta" line="22">
<kw name="Teste de Estrutura de Resposta" owner="random-user-service">
<kw name="GET On Session" owner="RequestsLibrary">
<msg time="2024-07-07T15:15:31.702787" level="INFO">GET Request : url=https://randomuser.me/api 
 path_url=/api 
 headers={'User-Agent': 'python-requests/2.32.3', 'Accept-Encoding': 'gzip, deflate', 'Accept': '*/*', 'Connection': 'keep-alive'} 
 body=None 
 </msg>
<msg time="2024-07-07T15:15:31.702874" level="INFO">GET Response : url=https://randomuser.me/api 
 status=200, reason=OK 
 headers={'Date': 'Sun, 07 Jul 2024 15:15:31 GMT', 'Content-Type': 'application/json; charset=utf-8', 'Transfer-Encoding': 'chunked', 'Connection': 'keep-alive', 'X-Powered-By': 'Express', 'Access-Control-Allow-Origin': '*', 'Cache-Control': 'no-cache', 'ETag': 'W/"47e-sSM8kPlsN/uYc0SEaFWjWWTwAOk"', 'Vary': 'Accept-Encoding', 'Content-Encoding': 'gzip', 'CF-Cache-Status': 'DYNAMIC', 'Report-To': '{"endpoints":[{"url":"https:\\/\\/a.nel.cloudflare.com\\/report\\/v4?s=%2FrwtBq0XLRi5jPEbW5jE3LnoTjYBBEhr4SFHtF5rVMWHYNWEYuOQm8HwUzibHv1FIICTR46NLQraK%2FWSo%2FqYrNloFVKnX67XjirF8J82TffPKyJZtEbrOMfuIJC7BDaS"}],"group":"cf-nel","max_age":604800}', 'NEL': '{"success_fraction":0,"report_to":"cf-nel","max_age":604800}', 'Server': 'cloudflare', 'CF-RAY': '89f8ca5a9f87616c-ORD', 'alt-svc': 'h3=":443"; ma=86400'} 
 body={"results":[{"gender":"male","name":{"title":"Mr","first":"محمدپارسا","last":"زارعی"},"location":{"street":{"number":1614,"name":"امام خمینی"},"city":"قزوین","state":"گلستان","country":"Iran","postcode":14690,"coordinates":{"latitude":"19.4852","longitude":"-135.7095"},"timezone":{"offset":"+3:30","description":"Tehran"}},"email":"mhmdprs.zraay@example.com","login":{"uuid":"d4921be0-848e-4e79-90d3-e82ad88466ac","username":"ticklishduck911","password":"2525","salt":"ItF54DJg","md5":"2f2ac0d7fd8a75fb7ea28c97e7415e4b","sha1":"0aaa9ad51134ff71c2469846d9d190617a937ca5","sha256":"ed926933de87db2f92233766655be6d4887e3c3c088a72ee5ccdc284377b4edf"},"dob":{"date":"1973-12-20T16:15:21.345Z","age":50},"registered":{"date":"2005-06-26T01:24:18.895Z","age":19},"phone":"085-52436820","cell":"0906-928-4271","id":{"name":"","value":null},"picture":{"large":"https://randomuser.me/api/portraits/men/63.jpg","medium":"https://randomuser.me/api/portraits/med/men/63.jpg","thumbnail":"https://randomuser.me/api/portraits/thumb/men/63.jpg"},"nat":"IR"}],"info":{"seed":"c24b6e345aa86575","results":1,"page":1,"version":"1.4"}} 
 </msg>
<msg time="2024-07-07T15:15:31.703000" level="INFO">/opt/hostedtoolcache/Python/3.12.4/x64/lib/python3.12/site-packages/urllib3/connectionpool.py:1099: InsecureRequestWarning: Unverified HTTPS request is being made to host 'randomuser.me'. Adding certificate verification is strongly advised. See: https://urllib3.readthedocs.io/en/latest/advanced-usage.html#tls-warnings
  warnings.warn(</msg>
<msg time="2024-07-07T15:15:31.703122" level="INFO">${response} = &lt;Response [200]&gt;</msg>
<var>${response}</var>
<arg>consultarAPI</arg>
<arg>/api</arg>
<doc>Sends a GET request on a previously created HTTP Session.</doc>
<status status="PASS" start="2024-07-07T15:15:31.611040" elapsed="0.092133"/>
</kw>
<kw name="Set Variable" owner="BuiltIn">
<msg time="2024-07-07T15:15:31.704256" level="INFO">${json_data} = {'results': [{'gender': 'male', 'name': {'title': 'Mr', 'first': 'محمدپارسا', 'last': 'زارعی'}, 'location': {'street': {'number': 1614, 'name': 'امام خمینی'}, 'city': 'قزوین', 'state': 'گلستان', 'coun...</msg>
<var>${json_data}</var>
<arg>${response.json()}</arg>
<doc>Returns the given values which can then be assigned to a variables.</doc>
<status status="PASS" start="2024-07-07T15:15:31.703688" elapsed="0.000634"/>
</kw>
<kw name="Log" owner="BuiltIn">
<msg time="2024-07-07T15:15:31.704806" level="INFO">{'results': [{'gender': 'male', 'name': {'title': 'Mr', 'first': 'محمدپارسا', 'last': 'زارعی'}, 'location': {'street': {'number': 1614, 'name': 'امام خمینی'}, 'city': 'قزوین', 'state': 'گلستان', 'country': 'Iran', 'postcode': 14690, 'coordinates': {'latitude': '19.4852', 'longitude': '-135.7095'}, 'timezone': {'offset': '+3:30', 'description': 'Tehran'}}, 'email': 'mhmdprs.zraay@example.com', 'login': {'uuid': 'd4921be0-848e-4e79-90d3-e82ad88466ac', 'username': 'ticklishduck911', 'password': '2525', 'salt': 'ItF54DJg', 'md5': '2f2ac0d7fd8a75fb7ea28c97e7415e4b', 'sha1': '0aaa9ad51134ff71c2469846d9d190617a937ca5', 'sha256': 'ed926933de87db2f92233766655be6d4887e3c3c088a72ee5ccdc284377b4edf'}, 'dob': {'date': '1973-12-20T16:15:21.345Z', 'age': 50}, 'registered': {'date': '2005-06-26T01:24:18.895Z', 'age': 19}, 'phone': '085-52436820', 'cell': '0906-928-4271', 'id': {'name': '', 'value': None}, 'picture': {'large': 'https://randomuser.me/api/portraits/men/63.jpg', 'medium': 'https://randomuser.me/api/portraits/med/men/63.jpg', 'thumbnail': 'https://randomuser.me/api/portraits/thumb/men/63.jpg'}, 'nat': 'IR'}], 'info': {'seed': 'c24b6e345aa86575', 'results': 1, 'page': 1, 'version': '1.4'}}</msg>
<arg>${json_data}</arg>
<doc>Logs the given message with the given level.</doc>
<status status="PASS" start="2024-07-07T15:15:31.704644" elapsed="0.000213"/>
</kw>
<kw name="Dictionary Should Contain Key" owner="Collections">
<arg>${json_data}</arg>
<arg>results</arg>
<doc>Fails if ``key`` is not found from ``dictionary``.</doc>
<status status="PASS" start="2024-07-07T15:15:31.705149" elapsed="0.000156"/>
</kw>
<kw name="Should Not Be Empty" owner="BuiltIn">
<msg time="2024-07-07T15:15:31.705619" level="INFO">Length is 2.</msg>
<arg>${json_data}</arg>
<doc>Verifies that the given item is not empty.</doc>
<status status="PASS" start="2024-07-07T15:15:31.705491" elapsed="0.000166"/>
</kw>
<kw name="Create List" owner="BuiltIn">
<msg time="2024-07-07T15:15:31.706246" level="INFO">${expected_keys} = ['gender', 'name', 'location', 'email', 'login']</msg>
<var>${expected_keys}</var>
<arg>gender</arg>
<arg>name</arg>
<arg>location</arg>
<arg>email</arg>
<arg>login</arg>
<doc>Returns a list containing given items.</doc>
<status status="PASS" start="2024-07-07T15:15:31.705960" elapsed="0.000312"/>
</kw>
<for flavor="IN">
<iter>
<kw name="Dictionary Should Contain Key" owner="Collections">
<arg>${json_data['results'][0]}</arg>
<arg>${key}</arg>
<doc>Fails if ``key`` is not found from ``dictionary``.</doc>
<status status="PASS" start="2024-07-07T15:15:31.706849" elapsed="0.000409"/>
</kw>
<kw name="Log" owner="BuiltIn">
<msg time="2024-07-07T15:15:31.707807" level="INFO">{'gender': 'male', 'name': {'title': 'Mr', 'first': 'محمدپارسا', 'last': 'زارعی'}, 'location': {'street': {'number': 1614, 'name': 'امام خمینی'}, 'city': 'قزوین', 'state': 'گلستان', 'country': 'Iran', 'postcode': 14690, 'coordinates': {'latitude': '19.4852', 'longitude': '-135.7095'}, 'timezone': {'offset': '+3:30', 'description': 'Tehran'}}, 'email': 'mhmdprs.zraay@example.com', 'login': {'uuid': 'd4921be0-848e-4e79-90d3-e82ad88466ac', 'username': 'ticklishduck911', 'password': '2525', 'salt': 'ItF54DJg', 'md5': '2f2ac0d7fd8a75fb7ea28c97e7415e4b', 'sha1': '0aaa9ad51134ff71c2469846d9d190617a937ca5', 'sha256': 'ed926933de87db2f92233766655be6d4887e3c3c088a72ee5ccdc284377b4edf'}, 'dob': {'date': '1973-12-20T16:15:21.345Z', 'age': 50}, 'registered': {'date': '2005-06-26T01:24:18.895Z', 'age': 19}, 'phone': '085-52436820', 'cell': '0906-928-4271', 'id': {'name': '', 'value': None}, 'picture': {'large': 'https://randomuser.me/api/portraits/men/63.jpg', 'medium': 'https://randomuser.me/api/portraits/med/men/63.jpg', 'thumbnail': 'https://randomuser.me/api/portraits/thumb/men/63.jpg'}, 'nat': 'IR'}</msg>
<arg>${json_data['results'][0]}</arg>
<doc>Logs the given message with the given level.</doc>
<status status="PASS" start="2024-07-07T15:15:31.707443" elapsed="0.000417"/>
</kw>
<kw name="Log" owner="BuiltIn">
<msg time="2024-07-07T15:15:31.708311" level="INFO">gender</msg>
<arg>${key}</arg>
<doc>Logs the given message with the given level.</doc>
<status status="PASS" start="2024-07-07T15:15:31.708157" elapsed="0.000197"/>
</kw>
<var name="${key}">gender</var>
<status status="PASS" start="2024-07-07T15:15:31.706726" elapsed="0.001851"/>
</iter>
<iter>
<kw name="Dictionary Should Contain Key" owner="Collections">
<arg>${json_data['results'][0]}</arg>
<arg>${key}</arg>
<doc>Fails if ``key`` is not found from ``dictionary``.</doc>
<status status="PASS" start="2024-07-07T15:15:31.708876" elapsed="0.000389"/>
</kw>
<kw name="Log" owner="BuiltIn">
<msg time="2024-07-07T15:15:31.709798" level="INFO">{'gender': 'male', 'name': {'title': 'Mr', 'first': 'محمدپارسا', 'last': 'زارعی'}, 'location': {'street': {'number': 1614, 'name': 'امام خمینی'}, 'city': 'قزوین', 'state': 'گلستان', 'country': 'Iran', 'postcode': 14690, 'coordinates': {'latitude': '19.4852', 'longitude': '-135.7095'}, 'timezone': {'offset': '+3:30', 'description': 'Tehran'}}, 'email': 'mhmdprs.zraay@example.com', 'login': {'uuid': 'd4921be0-848e-4e79-90d3-e82ad88466ac', 'username': 'ticklishduck911', 'password': '2525', 'salt': 'ItF54DJg', 'md5': '2f2ac0d7fd8a75fb7ea28c97e7415e4b', 'sha1': '0aaa9ad51134ff71c2469846d9d190617a937ca5', 'sha256': 'ed926933de87db2f92233766655be6d4887e3c3c088a72ee5ccdc284377b4edf'}, 'dob': {'date': '1973-12-20T16:15:21.345Z', 'age': 50}, 'registered': {'date': '2005-06-26T01:24:18.895Z', 'age': 19}, 'phone': '085-52436820', 'cell': '0906-928-4271', 'id': {'name': '', 'value': None}, 'picture': {'large': 'https://randomuser.me/api/portraits/men/63.jpg', 'medium': 'https://randomuser.me/api/portraits/med/men/63.jpg', 'thumbnail': 'https://randomuser.me/api/portraits/thumb/men/63.jpg'}, 'nat': 'IR'}</msg>
<arg>${json_data['results'][0]}</arg>
<doc>Logs the given message with the given level.</doc>
<status status="PASS" start="2024-07-07T15:15:31.709446" elapsed="0.000439"/>
</kw>
<kw name="Log" owner="BuiltIn">
<msg time="2024-07-07T15:15:31.710314" level="INFO">name</msg>
<arg>${key}</arg>
<doc>Logs the given message with the given level.</doc>
<status status="PASS" start="2024-07-07T15:15:31.710187" elapsed="0.000164"/>
</kw>
<var name="${key}">name</var>
<status status="PASS" start="2024-07-07T15:15:31.708761" elapsed="0.001804"/>
</iter>
<iter>
<kw name="Dictionary Should Contain Key" owner="Collections">
<arg>${json_data['results'][0]}</arg>
<arg>${key}</arg>
<doc>Fails if ``key`` is not found from ``dictionary``.</doc>
<status status="PASS" start="2024-07-07T15:15:31.710844" elapsed="0.000384"/>
</kw>
<kw name="Log" owner="BuiltIn">
<msg time="2024-07-07T15:15:31.711758" level="INFO">{'gender': 'male', 'name': {'title': 'Mr', 'first': 'محمدپارسا', 'last': 'زارعی'}, 'location': {'street': {'number': 1614, 'name': 'امام خمینی'}, 'city': 'قزوین', 'state': 'گلستان', 'country': 'Iran', 'postcode': 14690, 'coordinates': {'latitude': '19.4852', 'longitude': '-135.7095'}, 'timezone': {'offset': '+3:30', 'description': 'Tehran'}}, 'email': 'mhmdprs.zraay@example.com', 'login': {'uuid': 'd4921be0-848e-4e79-90d3-e82ad88466ac', 'username': 'ticklishduck911', 'password': '2525', 'salt': 'ItF54DJg', 'md5': '2f2ac0d7fd8a75fb7ea28c97e7415e4b', 'sha1': '0aaa9ad51134ff71c2469846d9d190617a937ca5', 'sha256': 'ed926933de87db2f92233766655be6d4887e3c3c088a72ee5ccdc284377b4edf'}, 'dob': {'date': '1973-12-20T16:15:21.345Z', 'age': 50}, 'registered': {'date': '2005-06-26T01:24:18.895Z', 'age': 19}, 'phone': '085-52436820', 'cell': '0906-928-4271', 'id': {'name': '', 'value': None}, 'picture': {'large': 'https://randomuser.me/api/portraits/men/63.jpg', 'medium': 'https://randomuser.me/api/portraits/med/men/63.jpg', 'thumbnail': 'https://randomuser.me/api/portraits/thumb/men/63.jpg'}, 'nat': 'IR'}</msg>
<arg>${json_data['results'][0]}</arg>
<doc>Logs the given message with the given level.</doc>
<status status="PASS" start="2024-07-07T15:15:31.711409" elapsed="0.000401"/>
</kw>
<kw name="Log" owner="BuiltIn">
<msg time="2024-07-07T15:15:31.712230" level="INFO">location</msg>
<arg>${key}</arg>
<doc>Logs the given message with the given level.</doc>
<status status="PASS" start="2024-07-07T15:15:31.712104" elapsed="0.000190"/>
</kw>
<var name="${key}">location</var>
<status status="PASS" start="2024-07-07T15:15:31.710739" elapsed="0.001789"/>
</iter>
<iter>
<kw name="Dictionary Should Contain Key" owner="Collections">
<arg>${json_data['results'][0]}</arg>
<arg>${key}</arg>
<doc>Fails if ``key`` is not found from ``dictionary``.</doc>
<status status="PASS" start="2024-07-07T15:15:31.712804" elapsed="0.000389"/>
</kw>
<kw name="Log" owner="BuiltIn">
<msg time="2024-07-07T15:15:31.713726" level="INFO">{'gender': 'male', 'name': {'title': 'Mr', 'first': 'محمدپارسا', 'last': 'زارعی'}, 'location': {'street': {'number': 1614, 'name': 'امام خمینی'}, 'city': 'قزوین', 'state': 'گلستان', 'country': 'Iran', 'postcode': 14690, 'coordinates': {'latitude': '19.4852', 'longitude': '-135.7095'}, 'timezone': {'offset': '+3:30', 'description': 'Tehran'}}, 'email': 'mhmdprs.zraay@example.com', 'login': {'uuid': 'd4921be0-848e-4e79-90d3-e82ad88466ac', 'username': 'ticklishduck911', 'password': '2525', 'salt': 'ItF54DJg', 'md5': '2f2ac0d7fd8a75fb7ea28c97e7415e4b', 'sha1': '0aaa9ad51134ff71c2469846d9d190617a937ca5', 'sha256': 'ed926933de87db2f92233766655be6d4887e3c3c088a72ee5ccdc284377b4edf'}, 'dob': {'date': '1973-12-20T16:15:21.345Z', 'age': 50}, 'registered': {'date': '2005-06-26T01:24:18.895Z', 'age': 19}, 'phone': '085-52436820', 'cell': '0906-928-4271', 'id': {'name': '', 'value': None}, 'picture': {'large': 'https://randomuser.me/api/portraits/men/63.jpg', 'medium': 'https://randomuser.me/api/portraits/med/men/63.jpg', 'thumbnail': 'https://randomuser.me/api/portraits/thumb/men/63.jpg'}, 'nat': 'IR'}</msg>
<arg>${json_data['results'][0]}</arg>
<doc>Logs the given message with the given level.</doc>
<status status="PASS" start="2024-07-07T15:15:31.713373" elapsed="0.000404"/>
</kw>
<kw name="Log" owner="BuiltIn">
<msg time="2024-07-07T15:15:31.714209" level="INFO">email</msg>
<arg>${key}</arg>
<doc>Logs the given message with the given level.</doc>
<status status="PASS" start="2024-07-07T15:15:31.714081" elapsed="0.000166"/>
</kw>
<var name="${key}">email</var>
<status status="PASS" start="2024-07-07T15:15:31.712697" elapsed="0.001764"/>
</iter>
<iter>
<kw name="Dictionary Should Contain Key" owner="Collections">
<arg>${json_data['results'][0]}</arg>
<arg>${key}</arg>
<doc>Fails if ``key`` is not found from ``dictionary``.</doc>
<status status="PASS" start="2024-07-07T15:15:31.714745" elapsed="0.000394"/>
</kw>
<kw name="Log" owner="BuiltIn">
<msg time="2024-07-07T15:15:31.715679" level="INFO">{'gender': 'male', 'name': {'title': 'Mr', 'first': 'محمدپارسا', 'last': 'زارعی'}, 'location': {'street': {'number': 1614, 'name': 'امام خمینی'}, 'city': 'قزوین', 'state': 'گلستان', 'country': 'Iran', 'postcode': 14690, 'coordinates': {'latitude': '19.4852', 'longitude': '-135.7095'}, 'timezone': {'offset': '+3:30', 'description': 'Tehran'}}, 'email': 'mhmdprs.zraay@example.com', 'login': {'uuid': 'd4921be0-848e-4e79-90d3-e82ad88466ac', 'username': 'ticklishduck911', 'password': '2525', 'salt': 'ItF54DJg', 'md5': '2f2ac0d7fd8a75fb7ea28c97e7415e4b', 'sha1': '0aaa9ad51134ff71c2469846d9d190617a937ca5', 'sha256': 'ed926933de87db2f92233766655be6d4887e3c3c088a72ee5ccdc284377b4edf'}, 'dob': {'date': '1973-12-20T16:15:21.345Z', 'age': 50}, 'registered': {'date': '2005-06-26T01:24:18.895Z', 'age': 19}, 'phone': '085-52436820', 'cell': '0906-928-4271', 'id': {'name': '', 'value': None}, 'picture': {'large': 'https://randomuser.me/api/portraits/men/63.jpg', 'medium': 'https://randomuser.me/api/portraits/med/men/63.jpg', 'thumbnail': 'https://randomuser.me/api/portraits/thumb/men/63.jpg'}, 'nat': 'IR'}</msg>
<arg>${json_data['results'][0]}</arg>
<doc>Logs the given message with the given level.</doc>
<status status="PASS" start="2024-07-07T15:15:31.715321" elapsed="0.000410"/>
</kw>
<kw name="Log" owner="BuiltIn">
<msg time="2024-07-07T15:15:31.716148" level="INFO">login</msg>
<arg>${key}</arg>
<doc>Logs the given message with the given level.</doc>
<status status="PASS" start="2024-07-07T15:15:31.716022" elapsed="0.000163"/>
</kw>
<var name="${key}">login</var>
<status status="PASS" start="2024-07-07T15:15:31.714632" elapsed="0.001798"/>
</iter>
<var>${key}</var>
<value>@{expected_keys}</value>
<status status="PASS" start="2024-07-07T15:15:31.706536" elapsed="0.010016"/>
</for>
<kw name="Create List" owner="BuiltIn">
<msg time="2024-07-07T15:15:31.716880" level="INFO">${expected_keysTwo} = ['username', 'password']</msg>
<var>${expected_keysTwo}</var>
<arg>username</arg>
<arg>password</arg>
<doc>Returns a list containing given items.</doc>
<status status="PASS" start="2024-07-07T15:15:31.716739" elapsed="0.000165"/>
</kw>
<for flavor="IN">
<iter>
<kw name="Dictionary Should Contain Key" owner="Collections">
<arg>${json_data['results'][0]['login']}</arg>
<arg>${keyTwo}</arg>
<doc>Fails if ``key`` is not found from ``dictionary``.</doc>
<status status="PASS" start="2024-07-07T15:15:31.717427" elapsed="0.000385"/>
</kw>
<kw name="Dictionary Should Contain Key" owner="Collections">
<arg>${json_data['results'][0]['login']}</arg>
<arg>${keyTwo}</arg>
<doc>Fails if ``key`` is not found from ``dictionary``.</doc>
<status status="PASS" start="2024-07-07T15:15:31.718003" elapsed="0.000382"/>
</kw>
<kw name="Log" owner="BuiltIn">
<msg time="2024-07-07T15:15:31.718688" level="INFO">username</msg>
<arg>${keyTwo}</arg>
<doc>Logs the given message with the given level.</doc>
<status status="PASS" start="2024-07-07T15:15:31.718567" elapsed="0.000159"/>
</kw>
<var name="${keyTwo}">username</var>
<status status="PASS" start="2024-07-07T15:15:31.717319" elapsed="0.001643"/>
</iter>
<iter>
<kw name="Dictionary Should Contain Key" owner="Collections">
<arg>${json_data['results'][0]['login']}</arg>
<arg>${keyTwo}</arg>
<doc>Fails if ``key`` is not found from ``dictionary``.</doc>
<status status="PASS" start="2024-07-07T15:15:31.719241" elapsed="0.000406"/>
</kw>
<kw name="Dictionary Should Contain Key" owner="Collections">
<arg>${json_data['results'][0]['login']}</arg>
<arg>${keyTwo}</arg>
<doc>Fails if ``key`` is not found from ``dictionary``.</doc>
<status status="PASS" start="2024-07-07T15:15:31.719825" elapsed="0.000363"/>
</kw>
<kw name="Log" owner="BuiltIn">
<msg time="2024-07-07T15:15:31.720511" level="INFO">password</msg>
<arg>${keyTwo}</arg>
<doc>Logs the given message with the given level.</doc>
<status status="PASS" start="2024-07-07T15:15:31.720392" elapsed="0.000161"/>
</kw>
<var name="${keyTwo}">password</var>
<status status="PASS" start="2024-07-07T15:15:31.719135" elapsed="0.001731"/>
</iter>
<var>${keyTwo}</var>
<value>@{expected_keysTwo}</value>
<status status="PASS" start="2024-07-07T15:15:31.717166" elapsed="0.003821"/>
</for>
<status status="PASS" start="2024-07-07T15:15:31.610806" elapsed="0.110321"/>
</kw>
<doc>Testa a estrutura da resposta da API.</doc>
<tag>testeEstruturaResposta</tag>
<status status="PASS" start="2024-07-07T15:15:31.610296" elapsed="0.110980"/>
</test>
<test id="s1-s1-t4" name="Validar tipos de dados" line="28">
<kw name="Teste de Tipos de Dados" owner="random-user-service">
<kw name="GET On Session" owner="RequestsLibrary">
<msg time="2024-07-07T15:15:31.804206" level="INFO">GET Request : url=https://randomuser.me/api 
 path_url=/api 
 headers={'User-Agent': 'python-requests/2.32.3', 'Accept-Encoding': 'gzip, deflate', 'Accept': '*/*', 'Connection': 'keep-alive'} 
 body=None 
 </msg>
<msg time="2024-07-07T15:15:31.804356" level="INFO">GET Response : url=https://randomuser.me/api 
 status=200, reason=OK 
 headers={'Date': 'Sun, 07 Jul 2024 15:15:31 GMT', 'Content-Type': 'application/json; charset=utf-8', 'Transfer-Encoding': 'chunked', 'Connection': 'keep-alive', 'X-Powered-By': 'Express', 'Access-Control-Allow-Origin': '*', 'Cache-Control': 'no-cache', 'ETag': 'W/"473-qnrpJwI7m8ynCOxedIsgKEaT6f8"', 'Vary': 'Accept-Encoding', 'Content-Encoding': 'gzip', 'CF-Cache-Status': 'DYNAMIC', 'Report-To': '{"endpoints":[{"url":"https:\\/\\/a.nel.cloudflare.com\\/report\\/v4?s=iJ%2FXbSS%2BwGsRVTCGqI%2FfO079Dj%2Br2Dz3O4lkqp2WIZHGhNJRHTvRwJDEnbd%2BnQEUobx4OB9DhsUhSIxADVe6xMqjZBJDhSgA7dC54v50AVqZZUAMIsClGqg%2Fs0F%2FDyZ%2B"}],"group":"cf-nel","max_age":604800}', 'NEL': '{"success_fraction":0,"report_to":"cf-nel","max_age":604800}', 'Server': 'cloudflare', 'CF-RAY': '89f8ca5b481e616c-ORD', 'alt-svc': 'h3=":443"; ma=86400'} 
 body={"results":[{"gender":"male","name":{"title":"Mr","first":"Riley","last":"Wilson"},"location":{"street":{"number":4449,"name":"Ahuriri Bypass"},"city":"Porirua","state":"Nelson","country":"New Zealand","postcode":22739,"coordinates":{"latitude":"48.4170","longitude":"-38.6646"},"timezone":{"offset":"-11:00","description":"Midway Island, Samoa"}},"email":"riley.wilson@example.com","login":{"uuid":"de070a72-8eb6-4794-adcd-faf0c533d882","username":"silversnake981","password":"speedo","salt":"H3RzEJsA","md5":"d7c1a00d44284eb47ee2cd1e54319933","sha1":"1f814a35d88df029bd5410e1c09e5515cc6b2be0","sha256":"edf3fb4c4d1b44487a1d3c0945a293d0a4e4153c21d754508d6914af53080bf3"},"dob":{"date":"1982-10-17T11:35:40.013Z","age":41},"registered":{"date":"2021-03-02T18:42:40.058Z","age":3},"phone":"(732)-285-5135","cell":"(649)-888-5092","id":{"name":"","value":null},"picture":{"large":"https://randomuser.me/api/portraits/men/1.jpg","medium":"https://randomuser.me/api/portraits/med/men/1.jpg","thumbnail":"https://randomuser.me/api/portraits/thumb/men/1.jpg"},"nat":"NZ"}],"info":{"seed":"f79bffe1b06361e3","results":1,"page":1,"version":"1.4"}} 
 </msg>
<msg time="2024-07-07T15:15:31.804438" level="INFO">/opt/hostedtoolcache/Python/3.12.4/x64/lib/python3.12/site-packages/urllib3/connectionpool.py:1099: InsecureRequestWarning: Unverified HTTPS request is being made to host 'randomuser.me'. Adding certificate verification is strongly advised. See: https://urllib3.readthedocs.io/en/latest/advanced-usage.html#tls-warnings
  warnings.warn(</msg>
<msg time="2024-07-07T15:15:31.804566" level="INFO">${response} = &lt;Response [200]&gt;</msg>
<var>${response}</var>
<arg>consultarAPI</arg>
<arg>/api</arg>
<doc>Sends a GET request on a previously created HTTP Session.</doc>
<status status="PASS" start="2024-07-07T15:15:31.723723" elapsed="0.080881"/>
</kw>
<kw name="Set Variable" owner="BuiltIn">
<msg time="2024-07-07T15:15:31.805647" level="INFO">${json_data} = {'results': [{'gender': 'male', 'name': {'title': 'Mr', 'first': 'Riley', 'last': 'Wilson'}, 'location': {'street': {'number': 4449, 'name': 'Ahuriri Bypass'}, 'city': 'Porirua', 'state': 'Nelson', 'c...</msg>
<var>${json_data}</var>
<arg>${response.json()}</arg>
<doc>Returns the given values which can then be assigned to a variables.</doc>
<status status="PASS" start="2024-07-07T15:15:31.805135" elapsed="0.000541"/>
</kw>
<kw name="Log" owner="BuiltIn">
<msg time="2024-07-07T15:15:31.806154" level="INFO">{'results': [{'gender': 'male', 'name': {'title': 'Mr', 'first': 'Riley', 'last': 'Wilson'}, 'location': {'street': {'number': 4449, 'name': 'Ahuriri Bypass'}, 'city': 'Porirua', 'state': 'Nelson', 'country': 'New Zealand', 'postcode': 22739, 'coordinates': {'latitude': '48.4170', 'longitude': '-38.6646'}, 'timezone': {'offset': '-11:00', 'description': 'Midway Island, Samoa'}}, 'email': 'riley.wilson@example.com', 'login': {'uuid': 'de070a72-8eb6-4794-adcd-faf0c533d882', 'username': 'silversnake981', 'password': 'speedo', 'salt': 'H3RzEJsA', 'md5': 'd7c1a00d44284eb47ee2cd1e54319933', 'sha1': '1f814a35d88df029bd5410e1c09e5515cc6b2be0', 'sha256': 'edf3fb4c4d1b44487a1d3c0945a293d0a4e4153c21d754508d6914af53080bf3'}, 'dob': {'date': '1982-10-17T11:35:40.013Z', 'age': 41}, 'registered': {'date': '2021-03-02T18:42:40.058Z', 'age': 3}, 'phone': '(732)-285-5135', 'cell': '(649)-888-5092', 'id': {'name': '', 'value': None}, 'picture': {'large': 'https://randomuser.me/api/portraits/men/1.jpg', 'medium': 'https://randomuser.me/api/portraits/med/men/1.jpg', 'thumbnail': 'https://randomuser.me/api/portraits/thumb/men/1.jpg'}, 'nat': 'NZ'}], 'info': {'seed': 'f79bffe1b06361e3', 'results': 1, 'page': 1, 'version': '1.4'}}</msg>
<arg>${json_data}</arg>
<doc>Logs the given message with the given level.</doc>
<status status="PASS" start="2024-07-07T15:15:31.805994" elapsed="0.000208"/>
</kw>
<kw name="Should Be String" owner="String">
<arg>${json_data['results'][0]['gender']}</arg>
<doc>Fails if the given ``item`` is not a string.</doc>
<status status="PASS" start="2024-07-07T15:15:31.806499" elapsed="0.000367"/>
</kw>
<kw name="Should Match Regexp" owner="BuiltIn">
<arg>${json_data['results'][0]['email']}</arg>
<arg>^[a-zA-Z0-9._%+-]+@[a-zA-Z0-9.-]+\.[a-zA-Z]{2,}$</arg>
<doc>Fails if ``string`` does not match ``pattern`` as a regular expression.</doc>
<status status="PASS" start="2024-07-07T15:15:31.807055" elapsed="0.000514"/>
</kw>
<kw name="Should Match Regexp" owner="BuiltIn">
<arg>${json_data['results'][0]['dob']['date']}</arg>
<arg>\\d{4}-\\d{2}-\\d{2}T\\d{2}:\\d{2}:\\d{2}\\.\\d{3}Z</arg>
<doc>Fails if ``string`` does not match ``pattern`` as a regular expression.</doc>
<status status="PASS" start="2024-07-07T15:15:31.807798" elapsed="0.000527"/>
</kw>
<kw name="Should Match Regexp" owner="BuiltIn">
<arg>${json_data['results'][0]['registered']['date']}</arg>
<arg>\\d{4}-\\d{2}-\\d{2}T\\d{2}:\\d{2}:\\d{2}\\.\\d{3}Z</arg>
<doc>Fails if ``string`` does not match ``pattern`` as a regular expression.</doc>
<status status="PASS" start="2024-07-07T15:15:31.808527" elapsed="0.000367"/>
</kw>
<kw name="Should Match Regexp" owner="BuiltIn">
<arg>${json_data['results'][0]['picture']['large']}</arg>
<arg>^https?://.*\.(?:png|jpe?g|gif|bmp)$</arg>
<doc>Fails if ``string`` does not match ``pattern`` as a regular expression.</doc>
<status status="PASS" start="2024-07-07T15:15:31.809078" elapsed="0.000454"/>
</kw>
<kw name="Should Match Regexp" owner="BuiltIn">
<arg>${json_data['results'][0]['picture']['medium']}</arg>
<arg>^https?://.*\.(?:png|jpe?g|gif|bmp)$</arg>
<doc>Fails if ``string`` does not match ``pattern`` as a regular expression.</doc>
<status status="PASS" start="2024-07-07T15:15:31.809719" elapsed="0.000349"/>
</kw>
<kw name="Should Match Regexp" owner="BuiltIn">
<arg>${json_data['results'][0]['picture']['thumbnail']}</arg>
<arg>^https?://.*\.(?:png|jpe?g|gif|bmp)$</arg>
<doc>Fails if ``string`` does not match ``pattern`` as a regular expression.</doc>
<status status="PASS" start="2024-07-07T15:15:31.810248" elapsed="0.000345"/>
</kw>
<kw name="Log" owner="BuiltIn">
<msg time="2024-07-07T15:15:31.811111" level="INFO">{'large': 'https://randomuser.me/api/portraits/men/1.jpg', 'medium': 'https://randomuser.me/api/portraits/med/men/1.jpg', 'thumbnail': 'https://randomuser.me/api/portraits/thumb/men/1.jpg'}</msg>
<arg>${json_data['results'][0]['picture']}</arg>
<doc>Logs the given message with the given level.</doc>
<status status="PASS" start="2024-07-07T15:15:31.810771" elapsed="0.000383"/>
</kw>
<status status="PASS" start="2024-07-07T15:15:31.723503" elapsed="0.087911"/>
</kw>
<kw name="Teste de Tipos de Dados - Postcode" owner="random-user-service">
<kw name="GET On Session" owner="RequestsLibrary">
<msg time="2024-07-07T15:15:31.965222" level="INFO">GET Request : url=https://randomuser.me/api 
 path_url=/api 
 headers={'User-Agent': 'python-requests/2.32.3', 'Accept-Encoding': 'gzip, deflate', 'Accept': '*/*', 'Connection': 'keep-alive'} 
 body=None 
 </msg>
<msg time="2024-07-07T15:15:31.965319" level="INFO">GET Response : url=https://randomuser.me/api 
 status=200, reason=OK 
 headers={'Date': 'Sun, 07 Jul 2024 15:15:31 GMT', 'Content-Type': 'application/json; charset=utf-8', 'Transfer-Encoding': 'chunked', 'Connection': 'keep-alive', 'X-Powered-By': 'Express', 'Access-Control-Allow-Origin': '*', 'Cache-Control': 'no-cache', 'ETag': 'W/"499-Ud2JQFZkhvaNG8YkNmPQ3QjB81U"', 'Vary': 'Accept-Encoding', 'Content-Encoding': 'gzip', 'CF-Cache-Status': 'DYNAMIC', 'Report-To': '{"endpoints":[{"url":"https:\\/\\/a.nel.cloudflare.com\\/report\\/v4?s=PRnBkrBQJil20COd7GhKnNHInhFiu%2Bn9ls5FWpq1jSsVLnF0pvl7IKPChYePEi%2FyYDk1iZlyXes2DM5OkSvxFiHjrCRI6PsUfk%2BtVNlOTMHyn7wN7IiQekGWKMVH3cVY"}],"group":"cf-nel","max_age":604800}', 'NEL': '{"success_fraction":0,"report_to":"cf-nel","max_age":604800}', 'Server': 'cloudflare', 'CF-RAY': '89f8ca5bd8b4616c-ORD', 'alt-svc': 'h3=":443"; ma=86400'} 
 body={"results":[{"gender":"female","name":{"title":"Miss","first":"Coline","last":"Lucas"},"location":{"street":{"number":8919,"name":"Rue Laure-Diebold"},"city":"Colombes","state":"Seine-Maritime","country":"France","postcode":32236,"coordinates":{"latitude":"-20.3121","longitude":"88.9558"},"timezone":{"offset":"-11:00","description":"Midway Island, Samoa"}},"email":"coline.lucas@example.com","login":{"uuid":"3930ee4d-3940-4f32-81e7-6ce0c86b7707","username":"lazygorilla794","password":"tool","salt":"Lra0ojae","md5":"e102bb266f1da3e7928539ac05b5f21f","sha1":"ded4e646dfdd29b44ac174e7641f081a4f74cf1d","sha256":"7524ea72f9248383128b7c7042b148fd55136e612b6de7938e6556fd07be54eb"},"dob":{"date":"1994-10-30T10:44:47.350Z","age":29},"registered":{"date":"2002-05-11T07:34:24.644Z","age":22},"phone":"03-36-44-04-57","cell":"06-70-39-86-95","id":{"name":"INSEE","value":"2940978024244 31"},"picture":{"large":"https://randomuser.me/api/portraits/women/74.jpg","medium":"https://randomuser.me/api/portraits/med/women/74.jpg","thumbnail":"https://randomuser.me/api/portraits/thumb/women/74.jpg"},"nat":"FR"}],"info":{"seed":"18ff88c48f51de0b","results":1,"page":1,"version":"1.4"}} 
 </msg>
<msg time="2024-07-07T15:15:31.965386" level="INFO">/opt/hostedtoolcache/Python/3.12.4/x64/lib/python3.12/site-packages/urllib3/connectionpool.py:1099: InsecureRequestWarning: Unverified HTTPS request is being made to host 'randomuser.me'. Adding certificate verification is strongly advised. See: https://urllib3.readthedocs.io/en/latest/advanced-usage.html#tls-warnings
  warnings.warn(</msg>
<msg time="2024-07-07T15:15:31.965509" level="INFO">${response} = &lt;Response [200]&gt;</msg>
<var>${response}</var>
<arg>consultarAPI</arg>
<arg>/api</arg>
<doc>Sends a GET request on a previously created HTTP Session.</doc>
<status status="PASS" start="2024-07-07T15:15:31.811885" elapsed="0.153664"/>
</kw>
<kw name="Set Variable" owner="BuiltIn">
<msg time="2024-07-07T15:15:31.966739" level="INFO">${json_data} = {'results': [{'gender': 'female', 'name': {'title': 'Miss', 'first': 'Coline', 'last': 'Lucas'}, 'location': {'street': {'number': 8919, 'name': 'Rue Laure-Diebold'}, 'city': 'Colombes', 'state': 'Sei...</msg>
<var>${json_data}</var>
<arg>${response.json()}</arg>
<doc>Returns the given values which can then be assigned to a variables.</doc>
<status status="PASS" start="2024-07-07T15:15:31.966170" elapsed="0.000598"/>
</kw>
<kw name="Log" owner="BuiltIn">
<msg time="2024-07-07T15:15:31.967234" level="INFO">{'results': [{'gender': 'female', 'name': {'title': 'Miss', 'first': 'Coline', 'last': 'Lucas'}, 'location': {'street': {'number': 8919, 'name': 'Rue Laure-Diebold'}, 'city': 'Colombes', 'state': 'Seine-Maritime', 'country': 'France', 'postcode': 32236, 'coordinates': {'latitude': '-20.3121', 'longitude': '88.9558'}, 'timezone': {'offset': '-11:00', 'description': 'Midway Island, Samoa'}}, 'email': 'coline.lucas@example.com', 'login': {'uuid': '3930ee4d-3940-4f32-81e7-6ce0c86b7707', 'username': 'lazygorilla794', 'password': 'tool', 'salt': 'Lra0ojae', 'md5': 'e102bb266f1da3e7928539ac05b5f21f', 'sha1': 'ded4e646dfdd29b44ac174e7641f081a4f74cf1d', 'sha256': '7524ea72f9248383128b7c7042b148fd55136e612b6de7938e6556fd07be54eb'}, 'dob': {'date': '1994-10-30T10:44:47.350Z', 'age': 29}, 'registered': {'date': '2002-05-11T07:34:24.644Z', 'age': 22}, 'phone': '03-36-44-04-57', 'cell': '06-70-39-86-95', 'id': {'name': 'INSEE', 'value': '2940978024244 31'}, 'picture': {'large': 'https://randomuser.me/api/portraits/women/74.jpg', 'medium': 'https://randomuser.me/api/portraits/med/women/74.jpg', 'thumbnail': 'https://randomuser.me/api/portraits/thumb/women/74.jpg'}, 'nat': 'FR'}], 'info': {'seed': '18ff88c48f51de0b', 'results': 1, 'page': 1, 'version': '1.4'}}</msg>
<arg>${json_data}</arg>
<doc>Logs the given message with the given level.</doc>
<status status="PASS" start="2024-07-07T15:15:31.967075" elapsed="0.000206"/>
</kw>
<kw name="Should Be Equal As Numbers" owner="BuiltIn">
<arg>${json_data['results'][0]['location']['postcode']}</arg>
<arg>${json_data['results'][0]['location']['postcode']}</arg>
<doc>Fails if objects are unequal after converting them to real numbers.</doc>
<status status="PASS" start="2024-07-07T15:15:31.967571" elapsed="0.000623"/>
</kw>
<kw name="Log" owner="BuiltIn">
<msg time="2024-07-07T15:15:31.968967" level="INFO">32236</msg>
<arg>${json_data['results'][0]['location']['postcode']}</arg>
<doc>Logs the given message with the given level.</doc>
<status status="PASS" start="2024-07-07T15:15:31.968452" elapsed="0.000557"/>
</kw>
<status status="PASS" start="2024-07-07T15:15:31.811655" elapsed="0.157614"/>
</kw>
<doc>Testa se os tipos de dados na resposta da API estão corretos.</doc>
<tag>testeTiposDados</tag>
<status status="PASS" start="2024-07-07T15:15:31.723051" elapsed="0.246432"/>
</test>
<test id="s1-s1-t5" name="Validar conteudo" line="35">
<kw name="Teste de Tipos de Conteudo" owner="random-user-service">
<kw name="GET On Session" owner="RequestsLibrary">
<msg time="2024-07-07T15:15:32.106901" level="INFO">GET Request : url=https://randomuser.me/api 
 path_url=/api 
 headers={'User-Agent': 'python-requests/2.32.3', 'Accept-Encoding': 'gzip, deflate', 'Accept': '*/*', 'Connection': 'keep-alive'} 
 body=None 
 </msg>
<msg time="2024-07-07T15:15:32.107013" level="INFO">GET Response : url=https://randomuser.me/api 
 status=200, reason=OK 
 headers={'Date': 'Sun, 07 Jul 2024 15:15:32 GMT', 'Content-Type': 'application/json; charset=utf-8', 'Transfer-Encoding': 'chunked', 'Connection': 'keep-alive', 'X-Powered-By': 'Express', 'Access-Control-Allow-Origin': '*', 'Cache-Control': 'no-cache', 'ETag': 'W/"48c-cTxYMIXdjPJbPk5r1xvCBl6bhXc"', 'Vary': 'Accept-Encoding', 'Content-Encoding': 'gzip', 'CF-Cache-Status': 'DYNAMIC', 'Report-To': '{"endpoints":[{"url":"https:\\/\\/a.nel.cloudflare.com\\/report\\/v4?s=C%2FyyydkiXN%2BJI2ECfW4sRAyoz%2BQ1s3eUV9%2FcwGgt1GcDWoAHfcmLjycwvn9DDc8UXSW6X3RjYa8Qml7FPeIhyEWBIpuWkH4qowcKeZVFjq6P5f%2BxJ0JP%2FFH0RI5iq9sx"}],"group":"cf-nel","max_age":604800}', 'NEL': '{"success_fraction":0,"report_to":"cf-nel","max_age":604800}', 'Server': 'cloudflare', 'CF-RAY': '89f8ca5cd9a1616c-ORD', 'alt-svc': 'h3=":443"; ma=86400'} 
 body={"results":[{"gender":"male","name":{"title":"Mr","first":"Bradley","last":"Bates"},"location":{"street":{"number":8281,"name":"Thornridge Cir"},"city":"Hartford","state":"Wisconsin","country":"United States","postcode":23731,"coordinates":{"latitude":"86.6480","longitude":"-43.1481"},"timezone":{"offset":"+2:00","description":"Kaliningrad, South Africa"}},"email":"bradley.bates@example.com","login":{"uuid":"108dd6f2-efeb-4231-b332-f13add3fd035","username":"browndog957","password":"casey1","salt":"385SkmgS","md5":"29024b5af3e1c432747cc93ee778a88d","sha1":"0f1c80ce517a3c04f4b4cfca6b4cf6d8b592b17d","sha256":"0717c125b5ba9d9351a3ce19c3ce850cc1ada1d8efaf7a1a20074393731e84ff"},"dob":{"date":"1951-04-13T02:14:53.648Z","age":73},"registered":{"date":"2007-02-22T15:59:16.586Z","age":17},"phone":"(882) 980-2359","cell":"(552) 661-5651","id":{"name":"SSN","value":"613-32-1759"},"picture":{"large":"https://randomuser.me/api/portraits/men/63.jpg","medium":"https://randomuser.me/api/portraits/med/men/63.jpg","thumbnail":"https://randomuser.me/api/portraits/thumb/men/63.jpg"},"nat":"US"}],"info":{"seed":"5c9bdd614c3c5d32","results":1,"page":1,"version":"1.4"}} 
 </msg>
<msg time="2024-07-07T15:15:32.107092" level="INFO">/opt/hostedtoolcache/Python/3.12.4/x64/lib/python3.12/site-packages/urllib3/connectionpool.py:1099: InsecureRequestWarning: Unverified HTTPS request is being made to host 'randomuser.me'. Adding certificate verification is strongly advised. See: https://urllib3.readthedocs.io/en/latest/advanced-usage.html#tls-warnings
  warnings.warn(</msg>
<msg time="2024-07-07T15:15:32.107231" level="INFO">${response} = &lt;Response [200]&gt;</msg>
<var>${response}</var>
<arg>consultarAPI</arg>
<arg>/api</arg>
<doc>Sends a GET request on a previously created HTTP Session.</doc>
<status status="PASS" start="2024-07-07T15:15:31.971997" elapsed="0.135273"/>
</kw>
<kw name="Set Variable" owner="BuiltIn">
<msg time="2024-07-07T15:15:32.108337" level="INFO">${json_data} = {'results': [{'gender': 'male', 'name': {'title': 'Mr', 'first': 'Bradley', 'last': 'Bates'}, 'location': {'street': {'number': 8281, 'name': 'Thornridge Cir'}, 'city': 'Hartford', 'state': 'Wisconsin...</msg>
<var>${json_data}</var>
<arg>${response.json()}</arg>
<doc>Returns the given values which can then be assigned to a variables.</doc>
<status status="PASS" start="2024-07-07T15:15:32.107783" elapsed="0.000587"/>
</kw>
<kw name="Set Variable" owner="BuiltIn">
<msg time="2024-07-07T15:15:32.109056" level="INFO">${name_title} = Mr</msg>
<var>${name_title}</var>
<arg>${json_data["results"][0]["name"]["title"]}</arg>
<doc>Returns the given values which can then be assigned to a variables.</doc>
<status status="PASS" start="2024-07-07T15:15:32.108677" elapsed="0.000404"/>
</kw>
<kw name="Create List" owner="BuiltIn">
<msg time="2024-07-07T15:15:32.109523" level="INFO">${allowed_titles} = ['Mr', 'Ms', 'Miss', 'Mrs', 'Madame', 'Monsieur']</msg>
<var>${allowed_titles}</var>
<arg>Mr</arg>
<arg>Ms</arg>
<arg>Miss</arg>
<arg>Mrs</arg>
<arg>Madame</arg>
<arg>Monsieur</arg>
<doc>Returns a list containing given items.</doc>
<status status="PASS" start="2024-07-07T15:15:32.109376" elapsed="0.000170"/>
</kw>
<kw name="List Should Contain Value" owner="Collections">
<arg>${allowed_titles}</arg>
<arg>${name_title}</arg>
<doc>Fails if the ``value`` is not found from ``list``.</doc>
<status status="PASS" start="2024-07-07T15:15:32.109843" elapsed="0.000180"/>
</kw>
<kw name="Set Variable" owner="BuiltIn">
<msg time="2024-07-07T15:15:32.110568" level="INFO">${name_country} = US</msg>
<var>${name_country}</var>
<arg>${json_data["results"][0]["nat"]}</arg>
<doc>Returns the given values which can then be assigned to a variables.</doc>
<status status="PASS" start="2024-07-07T15:15:32.110205" elapsed="0.000387"/>
</kw>
<kw name="Create List" owner="BuiltIn">
<msg time="2024-07-07T15:15:32.111470" level="INFO">${list_country} = ['AD', 'AE', 'AF', 'AG', 'AI', 'AL', 'AM', 'AO', 'AQ', 'AR', 'AS', 'AT', 'AU', 'AW', 'AX', 'AZ', 'BA', 'BB', 'BD', 'BE', 'BF', 'BG', 'BH', 'BI', 'BJ', 'BL', 'BM', 'BN', 'BO', 'BQ', 'BR', 'BS', 'BT', '...</msg>
<var>${list_country}</var>
<arg>AD</arg>
<arg>AE</arg>
<arg>AF</arg>
<arg>AG</arg>
<arg>AI</arg>
<arg>AL</arg>
<arg>AM</arg>
<arg>AO</arg>
<arg>AQ</arg>
<arg>AR</arg>
<arg>AS</arg>
<arg>AT</arg>
<arg>AU</arg>
<arg>AW</arg>
<arg>AX</arg>
<arg>AZ</arg>
<arg>BA</arg>
<arg>BB</arg>
<arg>BD</arg>
<arg>BE</arg>
<arg>BF</arg>
<arg>BG</arg>
<arg>BH</arg>
<arg>BI</arg>
<arg>BJ</arg>
<arg>BL</arg>
<arg>BM</arg>
<arg>BN</arg>
<arg>BO</arg>
<arg>BQ</arg>
<arg>BR</arg>
<arg>BS</arg>
<arg>BT</arg>
<arg>BV</arg>
<arg>BW</arg>
<arg>BY</arg>
<arg>BZ</arg>
<arg>CA</arg>
<arg>CC</arg>
<arg>CD</arg>
<arg>CF</arg>
<arg>CG</arg>
<arg>CH</arg>
<arg>CI</arg>
<arg>CK</arg>
<arg>CL</arg>
<arg>CM</arg>
<arg>CN</arg>
<arg>CO</arg>
<arg>CR</arg>
<arg>CU</arg>
<arg>CV</arg>
<arg>CW</arg>
<arg>CX</arg>
<arg>CY</arg>
<arg>CZ</arg>
<arg>DE</arg>
<arg>DJ</arg>
<arg>DK</arg>
<arg>DM</arg>
<arg>DO</arg>
<arg>DZ</arg>
<arg>EC</arg>
<arg>EE</arg>
<arg>EG</arg>
<arg>EH</arg>
<arg>ER</arg>
<arg>ES</arg>
<arg>ET</arg>
<arg>FI</arg>
<arg>FJ</arg>
<arg>FK</arg>
<arg>FM</arg>
<arg>FO</arg>
<arg>FR</arg>
<arg>GA</arg>
<arg>GB</arg>
<arg>GD</arg>
<arg>GE</arg>
<arg>GF</arg>
<arg>GG</arg>
<arg>GH</arg>
<arg>GI</arg>
<arg>GL</arg>
<arg>GM</arg>
<arg>GN</arg>
<arg>GP</arg>
<arg>GQ</arg>
<arg>GR</arg>
<arg>GS</arg>
<arg>GT</arg>
<arg>GU</arg>
<arg>GW</arg>
<arg>GY</arg>
<arg>HK</arg>
<arg>HM</arg>
<arg>HN</arg>
<arg>HR</arg>
<arg>HT</arg>
<arg>HU</arg>
<arg>ID</arg>
<arg>IE</arg>
<arg>IL</arg>
<arg>IM</arg>
<arg>IN</arg>
<arg>IO</arg>
<arg>IQ</arg>
<arg>IR</arg>
<arg>IS</arg>
<arg>IT</arg>
<arg>JE</arg>
<arg>JM</arg>
<arg>JO</arg>
<arg>JP</arg>
<arg>KE</arg>
<arg>KG</arg>
<arg>KH</arg>
<arg>KI</arg>
<arg>KM</arg>
<arg>KN</arg>
<arg>KP</arg>
<arg>KR</arg>
<arg>KW</arg>
<arg>KY</arg>
<arg>KZ</arg>
<arg>LA</arg>
<arg>LB</arg>
<arg>LC</arg>
<arg>LI</arg>
<arg>LK</arg>
<arg>LR</arg>
<arg>LS</arg>
<arg>LT</arg>
<arg>LU</arg>
<arg>LV</arg>
<arg>LY</arg>
<arg>MA</arg>
<arg>MC</arg>
<arg>MD</arg>
<arg>ME</arg>
<arg>MF</arg>
<arg>MG</arg>
<arg>MH</arg>
<arg>MK</arg>
<arg>ML</arg>
<arg>MM</arg>
<arg>MN</arg>
<arg>MO</arg>
<arg>MP</arg>
<arg>MQ</arg>
<arg>MR</arg>
<arg>MS</arg>
<arg>MT</arg>
<arg>MU</arg>
<arg>MV</arg>
<arg>MW</arg>
<arg>MX</arg>
<arg>MY</arg>
<arg>MZ</arg>
<arg>NA</arg>
<arg>NC</arg>
<arg>NE</arg>
<arg>NF</arg>
<arg>NG</arg>
<arg>NI</arg>
<arg>NL</arg>
<arg>NO</arg>
<arg>NP</arg>
<arg>NR</arg>
<arg>NU</arg>
<arg>NZ</arg>
<arg>OM</arg>
<arg>PA</arg>
<arg>PE</arg>
<arg>PF</arg>
<arg>PG</arg>
<arg>PH</arg>
<arg>PK</arg>
<arg>PL</arg>
<arg>PM</arg>
<arg>PN</arg>
<arg>PR</arg>
<arg>PS</arg>
<arg>PT</arg>
<arg>PW</arg>
<arg>PY</arg>
<arg>QA</arg>
<arg>RE</arg>
<arg>RO</arg>
<arg>RS</arg>
<arg>RU</arg>
<arg>RW</arg>
<arg>SA</arg>
<arg>SB</arg>
<arg>SC</arg>
<arg>SD</arg>
<arg>SE</arg>
<arg>SG</arg>
<arg>SH</arg>
<arg>SI</arg>
<arg>SJ</arg>
<arg>SK</arg>
<arg>SL</arg>
<arg>SM</arg>
<arg>SN</arg>
<arg>SO</arg>
<arg>SR</arg>
<arg>SS</arg>
<arg>ST</arg>
<arg>SV</arg>
<arg>SX</arg>
<arg>SY</arg>
<arg>SZ</arg>
<arg>TC</arg>
<arg>TD</arg>
<arg>TF</arg>
<arg>TG</arg>
<arg>TH</arg>
<arg>TJ</arg>
<arg>TK</arg>
<arg>TL</arg>
<arg>TM</arg>
<arg>TN</arg>
<arg>TO</arg>
<arg>TR</arg>
<arg>TT</arg>
<arg>TV</arg>
<arg>TW</arg>
<arg>TZ</arg>
<arg>UA</arg>
<arg>UG</arg>
<arg>UM</arg>
<arg>US</arg>
<arg>UY</arg>
<arg>UZ</arg>
<arg>VA</arg>
<arg>VC</arg>
<arg>VE</arg>
<arg>VG</arg>
<arg>VI</arg>
<arg>VN</arg>
<arg>VU</arg>
<arg>WF</arg>
<arg>WS</arg>
<arg>XK</arg>
<arg>YE</arg>
<arg>YT</arg>
<arg>ZA</arg>
<arg>ZM</arg>
<arg>ZW</arg>
<doc>Returns a list containing given items.</doc>
<status status="PASS" start="2024-07-07T15:15:32.110883" elapsed="0.000613"/>
</kw>
<kw name="List Should Contain Value" owner="Collections">
<arg>${list_country}</arg>
<arg>${name_country}</arg>
<doc>Fails if the ``value`` is not found from ``list``.</doc>
<status status="PASS" start="2024-07-07T15:15:32.112309" elapsed="0.000208"/>
</kw>
<kw name="Run Keyword If" owner="BuiltIn">
<kw name="Should Be True" owner="BuiltIn">
<arg>${True}</arg>
<doc>Fails if the given condition is not true.</doc>
<status status="PASS" start="2024-07-07T15:15:32.113450" elapsed="0.000141"/>
</kw>
<arg>${json_data["results"][0]["location"]["coordinates"]["latitude"]} &gt;= -90 and ${json_data["results"][0]["location"]["coordinates"]["latitude"]} &lt;= 90</arg>
<arg>Should Be True</arg>
<arg>${True}</arg>
<doc>Runs the given keyword with the given arguments, if ``condition`` is true.</doc>
<status status="PASS" start="2024-07-07T15:15:32.112713" elapsed="0.001002"/>
</kw>
<kw name="Run Keyword If" owner="BuiltIn">
<kw name="Should Be True" owner="BuiltIn">
<arg>${True}</arg>
<doc>Fails if the given condition is not true.</doc>
<status status="PASS" start="2024-07-07T15:15:32.114586" elapsed="0.000245"/>
</kw>
<arg>${json_data["results"][0]["location"]["coordinates"]["longitude"]} &gt;= -180 and ${json_data["results"][0]["location"]["coordinates"]["longitude"]} &lt;= 180</arg>
<arg>Should Be True</arg>
<arg>${True}</arg>
<doc>Runs the given keyword with the given arguments, if ``condition`` is true.</doc>
<status status="PASS" start="2024-07-07T15:15:32.113905" elapsed="0.001055"/>
</kw>
<status status="PASS" start="2024-07-07T15:15:31.971770" elapsed="0.143326"/>
</kw>
<doc>Testa o conteúdo específico dos campos retornados pela API.</doc>
<tag>testeConteudo</tag>
<status status="PASS" start="2024-07-07T15:15:31.971240" elapsed="0.144009"/>
</test>
<status status="PASS" start="2024-07-07T15:15:30.973805" elapsed="1.143397"/>
</suite>
<status status="PASS" start="2024-07-07T15:15:30.958826" elapsed="1.163368"/>
</suite>
<statistics>
<total>
<stat pass="5" fail="0" skip="0">All Tests</stat>
</total>
<tag>
<stat pass="1" fail="0" skip="0">testeConteudo</stat>
<stat pass="1" fail="0" skip="0">testeEstruturaResposta</stat>
<stat pass="1" fail="0" skip="0">testeRequisicaoBasica</stat>
<stat pass="1" fail="0" skip="0">testeTiposDados</stat>
</tag>
<suite>
<stat pass="5" fail="0" skip="0" id="s1" name="Tests">Tests</stat>
<stat pass="5" fail="0" skip="0" id="s1-s1" name="Random-User-Test">Tests.Random-User-Test</stat>
</suite>
</statistics>
<errors>
</errors>
</robot>
