<?xml version="1.0" encoding="UTF-8"?>
<robot generator="Robot 7.0 (Python 3.12.3 on linux)" generated="2024-05-08T14:12:58.126967" rpa="false" schemaversion="5">
<suite id="s1" name="Tests" source="/home/runner/work/DesafioQAItauRogerioJordao/DesafioQAItauRogerioJordao/RamdonUser/tests">
<suite id="s1-s1" name="Random-User-Test" source="/home/runner/work/DesafioQAItauRogerioJordao/DesafioQAItauRogerioJordao/RamdonUser/tests/random-user-test.robot">
<test id="s1-s1-t1" name="Conectar" line="13">
<kw name="Conectar API" owner="random-user-service">
<kw name="Create Session" owner="RequestsLibrary">
<msg time="2024-05-08T14:12:58.493531" level="INFO">Creating Session using : alias=consultarAPI, url=https://randomuser.me/, headers={},                     cookies={}, auth=None, timeout=None, proxies=None, verify=False,                     debug=0 </msg>
<arg>consultarAPI</arg>
<arg>${URL}</arg>
<doc>Create Session: create a HTTP session to a server</doc>
<status status="PASS" start="2024-05-08T14:12:58.493325" elapsed="0.000393"/>
</kw>
<status status="PASS" start="2024-05-08T14:12:58.492298" elapsed="0.001788"/>
</kw>
<status status="PASS" start="2024-05-08T14:12:58.491732" elapsed="0.002569"/>
</test>
<test id="s1-s1-t2" name="Validar retorno 200 e JSON Válido" line="16">
<kw name="Teste de Requisicao Basica" owner="random-user-service">
<kw name="GET On Session" owner="RequestsLibrary">
<msg time="2024-05-08T14:12:58.602090" level="INFO">GET Request : url=https://randomuser.me/api 
 path_url=/api 
 headers={'User-Agent': 'python-requests/2.31.0', 'Accept-Encoding': 'gzip, deflate', 'Accept': '*/*', 'Connection': 'keep-alive'} 
 body=None 
 </msg>
<msg time="2024-05-08T14:12:58.602260" level="INFO">GET Response : url=https://randomuser.me/api 
 status=200, reason=OK 
 headers={'Date': 'Wed, 08 May 2024 14:12:58 GMT', 'Content-Type': 'application/json; charset=utf-8', 'Transfer-Encoding': 'chunked', 'Connection': 'keep-alive', 'X-Powered-By': 'Express', 'Access-Control-Allow-Origin': '*', 'Cache-Control': 'no-cache', 'ETag': 'W/"495-kTQVk9duTFjHPEB1N0aQD4HjGUs"', 'Vary': 'Accept-Encoding', 'Content-Encoding': 'gzip', 'CF-Cache-Status': 'DYNAMIC', 'Report-To': '{"endpoints":[{"url":"https:\\/\\/a.nel.cloudflare.com\\/report\\/v4?s=QLwxC4F%2BJwfpkwVnENbkGYFZI4poknotFfKE5noE3LrkMqZBLVLtRDEPpPTtWiLLbfCkHKAUR8YAlDrxoGg%2FupKJr8%2BspCAuulzAkTZ0xFBBuPwRB9kLSCw6PCUjdp8K"}],"group":"cf-nel","max_age":604800}', 'NEL': '{"success_fraction":0,"report_to":"cf-nel","max_age":604800}', 'Server': 'cloudflare', 'CF-RAY': '880a0c39dbeb0a07-IAD', 'alt-svc': 'h3=":443"; ma=86400'} 
 body={"results":[{"gender":"female","name":{"title":"Ms","first":"Berendje","last":"Haex"},"location":{"street":{"number":7064,"name":"Bleekweide"},"city":"Hulsel","state":"Drenthe","country":"Netherlands","postcode":"9289 CM","coordinates":{"latitude":"34.5813","longitude":"125.4692"},"timezone":{"offset":"+9:00","description":"Tokyo, Seoul, Osaka, Sapporo, Yakutsk"}},"email":"berendje.haex@example.com","login":{"uuid":"14feb260-f789-4a6c-8547-20c430d6572d","username":"heavycat103","password":"daphne","salt":"DHKNzXcw","md5":"24d0f419d10e3360272f7a46d67dad58","sha1":"c821693e0ef75f4c8189ce74054c3099bbc6ebe0","sha256":"f5fedf13aad192ece4450d2aa60a42f6aec90216c3a0cd73c163c47337fde2d8"},"dob":{"date":"1988-09-19T15:44:57.371Z","age":35},"registered":{"date":"2008-04-15T07:40:49.516Z","age":16},"phone":"(0434) 736972","cell":"(06) 57048719","id":{"name":"BSN","value":"58315976"},"picture":{"large":"https://randomuser.me/api/portraits/women/21.jpg","medium":"https://randomuser.me/api/portraits/med/women/21.jpg","thumbnail":"https://randomuser.me/api/portraits/thumb/women/21.jpg"},"nat":"NL"}],"info":{"seed":"46743d6277584742","results":1,"page":1,"version":"1.4"}} 
 </msg>
<msg time="2024-05-08T14:12:58.602357" level="INFO">/opt/hostedtoolcache/Python/3.12.3/x64/lib/python3.12/site-packages/urllib3/connectionpool.py:1103: InsecureRequestWarning: Unverified HTTPS request is being made to host 'randomuser.me'. Adding certificate verification is strongly advised. See: https://urllib3.readthedocs.io/en/latest/advanced-usage.html#tls-warnings
  warnings.warn(</msg>
<msg time="2024-05-08T14:12:58.602514" level="INFO">${response} = &lt;Response [200]&gt;</msg>
<var>${response}</var>
<arg>consultarAPI</arg>
<arg>/api</arg>
<doc>Sends a GET request on a previously created HTTP Session.</doc>
<status status="PASS" start="2024-05-08T14:12:58.496983" elapsed="0.105572"/>
</kw>
<kw name="Should Be Equal As Numbers" owner="BuiltIn">
<msg time="2024-05-08T14:12:58.603731" level="INFO">Argument types are:
&lt;class 'int'&gt;
&lt;class 'str'&gt;</msg>
<arg>${response.status_code}</arg>
<arg>200</arg>
<doc>Fails if objects are unequal after converting them to real numbers.</doc>
<status status="PASS" start="2024-05-08T14:12:58.603212" elapsed="0.000585"/>
</kw>
<kw name="Log" owner="BuiltIn">
<msg time="2024-05-08T14:12:58.604562" level="INFO">200</msg>
<arg>${response.status_code}</arg>
<doc>Logs the given message with the given level.</doc>
<status status="PASS" start="2024-05-08T14:12:58.604150" elapsed="0.000455"/>
</kw>
<kw name="Set Variable" owner="BuiltIn">
<msg time="2024-05-08T14:12:58.605350" level="INFO">${json_data} = {'results': [{'gender': 'female', 'name': {'title': 'Ms', 'first': 'Berendje', 'last': 'Haex'}, 'location': {'street': {'number': 7064, 'name': 'Bleekweide'}, 'city': 'Hulsel', 'state': 'Drenthe', 'co...</msg>
<var>${json_data}</var>
<arg>${response.json()}</arg>
<doc>Returns the given values which can then be assigned to a variables.</doc>
<status status="PASS" start="2024-05-08T14:12:58.604918" elapsed="0.000460"/>
</kw>
<kw name="Dictionary Should Contain Key" owner="Collections">
<msg time="2024-05-08T14:12:58.605852" level="INFO">False</msg>
<arg>${json_data}</arg>
<arg>results</arg>
<doc>Fails if ``key`` is not found from ``dictionary``.</doc>
<status status="PASS" start="2024-05-08T14:12:58.605680" elapsed="0.000213"/>
</kw>
<status status="PASS" start="2024-05-08T14:12:58.496740" elapsed="0.109415"/>
</kw>
<doc>Testa se a API responde corretamente e retorna um objeto JSON válido.</doc>
<tag>testeRequisicaoBasica</tag>
<status status="PASS" start="2024-05-08T14:12:58.496181" elapsed="0.110164"/>
</test>
<test id="s1-s1-t3" name="Validar estrutura de resposta" line="22">
<kw name="Teste de Estrutura de Resposta" owner="random-user-service">
<kw name="GET On Session" owner="RequestsLibrary">
<msg time="2024-05-08T14:12:58.685981" level="INFO">GET Request : url=https://randomuser.me/api 
 path_url=/api 
 headers={'User-Agent': 'python-requests/2.31.0', 'Accept-Encoding': 'gzip, deflate', 'Accept': '*/*', 'Connection': 'keep-alive'} 
 body=None 
 </msg>
<msg time="2024-05-08T14:12:58.686127" level="INFO">GET Response : url=https://randomuser.me/api 
 status=200, reason=OK 
 headers={'Date': 'Wed, 08 May 2024 14:12:58 GMT', 'Content-Type': 'application/json; charset=utf-8', 'Transfer-Encoding': 'chunked', 'Connection': 'keep-alive', 'X-Powered-By': 'Express', 'Access-Control-Allow-Origin': '*', 'Cache-Control': 'no-cache', 'ETag': 'W/"4ac-MBF3e1uurZvaffdenV4HPTOHDNQ"', 'Vary': 'Accept-Encoding', 'Content-Encoding': 'gzip', 'CF-Cache-Status': 'DYNAMIC', 'Report-To': '{"endpoints":[{"url":"https:\\/\\/a.nel.cloudflare.com\\/report\\/v4?s=VfsJ9qxfaFlOx0XgavhUzInE7LlVrdpjd4Vz0xwscEyu9PjTMMGuYK6AW6CxXJyy5umQyZVjhTNK7TXvW8b2OqyGaNVwodEAfy%2BFH0t2vmEtdA0US0mLw0NH1QRcqBAN"}],"group":"cf-nel","max_age":604800}', 'NEL': '{"success_fraction":0,"report_to":"cf-nel","max_age":604800}', 'Server': 'cloudflare', 'CF-RAY': '880a0c3a5c3f0a07-IAD', 'alt-svc': 'h3=":443"; ma=86400'} 
 body={"results":[{"gender":"male","name":{"title":"Mr","first":"بردیا","last":"سهيلي راد"},"location":{"street":{"number":8194,"name":"موسیوند"},"city":"دزفول","state":"سیستان و بلوچستان","country":"Iran","postcode":86128,"coordinates":{"latitude":"14.6001","longitude":"-96.2338"},"timezone":{"offset":"+8:00","description":"Beijing, Perth, Singapore, Hong Kong"}},"email":"brdy.shylyrd@example.com","login":{"uuid":"45dda67d-7ea9-4ac9-89ab-9a0f1744f160","username":"purplepeacock646","password":"messiah","salt":"E5PLOXJV","md5":"074874770773ba300a4d6cc4cacffb37","sha1":"fe929f1371df87fbc7d994835c4467fc363926d1","sha256":"bd74cb4c3b0615cea19cb0450a2ac0277c58f3b997a96c68284e9b757749b668"},"dob":{"date":"1982-07-26T09:15:31.900Z","age":41},"registered":{"date":"2002-08-02T01:18:20.821Z","age":21},"phone":"014-23914021","cell":"0908-820-2646","id":{"name":"","value":null},"picture":{"large":"https://randomuser.me/api/portraits/men/94.jpg","medium":"https://randomuser.me/api/portraits/med/men/94.jpg","thumbnail":"https://randomuser.me/api/portraits/thumb/men/94.jpg"},"nat":"IR"}],"info":{"seed":"b955c95f539b8069","results":1,"page":1,"version":"1.4"}} 
 </msg>
<msg time="2024-05-08T14:12:58.686320" level="INFO">/opt/hostedtoolcache/Python/3.12.3/x64/lib/python3.12/site-packages/urllib3/connectionpool.py:1103: InsecureRequestWarning: Unverified HTTPS request is being made to host 'randomuser.me'. Adding certificate verification is strongly advised. See: https://urllib3.readthedocs.io/en/latest/advanced-usage.html#tls-warnings
  warnings.warn(</msg>
<msg time="2024-05-08T14:12:58.686507" level="INFO">${response} = &lt;Response [200]&gt;</msg>
<var>${response}</var>
<arg>consultarAPI</arg>
<arg>/api</arg>
<doc>Sends a GET request on a previously created HTTP Session.</doc>
<status status="PASS" start="2024-05-08T14:12:58.609003" elapsed="0.077553"/>
</kw>
<kw name="Set Variable" owner="BuiltIn">
<msg time="2024-05-08T14:12:58.688081" level="INFO">${json_data} = {'results': [{'gender': 'male', 'name': {'title': 'Mr', 'first': 'بردیا', 'last': 'سهيلي راد'}, 'location': {'street': {'number': 8194, 'name': 'موسیوند'}, 'city': 'دزفول', 'state': 'سیستان و بلوچستان...</msg>
<var>${json_data}</var>
<arg>${response.json()}</arg>
<doc>Returns the given values which can then be assigned to a variables.</doc>
<status status="PASS" start="2024-05-08T14:12:58.687266" elapsed="0.000860"/>
</kw>
<kw name="Log" owner="BuiltIn">
<msg time="2024-05-08T14:12:58.688841" level="INFO">{'results': [{'gender': 'male', 'name': {'title': 'Mr', 'first': 'بردیا', 'last': 'سهيلي راد'}, 'location': {'street': {'number': 8194, 'name': 'موسیوند'}, 'city': 'دزفول', 'state': 'سیستان و بلوچستان', 'country': 'Iran', 'postcode': 86128, 'coordinates': {'latitude': '14.6001', 'longitude': '-96.2338'}, 'timezone': {'offset': '+8:00', 'description': 'Beijing, Perth, Singapore, Hong Kong'}}, 'email': 'brdy.shylyrd@example.com', 'login': {'uuid': '45dda67d-7ea9-4ac9-89ab-9a0f1744f160', 'username': 'purplepeacock646', 'password': 'messiah', 'salt': 'E5PLOXJV', 'md5': '074874770773ba300a4d6cc4cacffb37', 'sha1': 'fe929f1371df87fbc7d994835c4467fc363926d1', 'sha256': 'bd74cb4c3b0615cea19cb0450a2ac0277c58f3b997a96c68284e9b757749b668'}, 'dob': {'date': '1982-07-26T09:15:31.900Z', 'age': 41}, 'registered': {'date': '2002-08-02T01:18:20.821Z', 'age': 21}, 'phone': '014-23914021', 'cell': '0908-820-2646', 'id': {'name': '', 'value': None}, 'picture': {'large': 'https://randomuser.me/api/portraits/men/94.jpg', 'medium': 'https://randomuser.me/api/portraits/med/men/94.jpg', 'thumbnail': 'https://randomuser.me/api/portraits/thumb/men/94.jpg'}, 'nat': 'IR'}], 'info': {'seed': 'b955c95f539b8069', 'results': 1, 'page': 1, 'version': '1.4'}}</msg>
<arg>${json_data}</arg>
<doc>Logs the given message with the given level.</doc>
<status status="PASS" start="2024-05-08T14:12:58.688598" elapsed="0.000323"/>
</kw>
<kw name="Dictionary Should Contain Key" owner="Collections">
<msg time="2024-05-08T14:12:58.689566" level="INFO">False</msg>
<arg>${json_data}</arg>
<arg>results</arg>
<doc>Fails if ``key`` is not found from ``dictionary``.</doc>
<status status="PASS" start="2024-05-08T14:12:58.689340" elapsed="0.000285"/>
</kw>
<kw name="Should Not Be Empty" owner="BuiltIn">
<msg time="2024-05-08T14:12:58.690239" level="INFO">Length is 2.</msg>
<arg>${json_data}</arg>
<doc>Verifies that the given item is not empty.</doc>
<status status="PASS" start="2024-05-08T14:12:58.690052" elapsed="0.000463"/>
</kw>
<kw name="Create List" owner="BuiltIn">
<msg time="2024-05-08T14:12:58.691168" level="INFO">${expected_keys} = ['gender', 'name', 'location', 'email', 'login']</msg>
<var>${expected_keys}</var>
<arg>gender</arg>
<arg>name</arg>
<arg>location</arg>
<arg>email</arg>
<arg>login</arg>
<doc>Returns a list containing given items.</doc>
<status status="PASS" start="2024-05-08T14:12:58.690938" elapsed="0.000268"/>
</kw>
<for flavor="IN">
<iter>
<kw name="Dictionary Should Contain Key" owner="Collections">
<msg time="2024-05-08T14:12:58.692763" level="INFO">False</msg>
<arg>${json_data['results'][0]}</arg>
<arg>${key}</arg>
<doc>Fails if ``key`` is not found from ``dictionary``.</doc>
<status status="PASS" start="2024-05-08T14:12:58.692096" elapsed="0.000727"/>
</kw>
<kw name="Log" owner="BuiltIn">
<msg time="2024-05-08T14:12:58.693886" level="INFO">{'gender': 'male', 'name': {'title': 'Mr', 'first': 'بردیا', 'last': 'سهيلي راد'}, 'location': {'street': {'number': 8194, 'name': 'موسیوند'}, 'city': 'دزفول', 'state': 'سیستان و بلوچستان', 'country': 'Iran', 'postcode': 86128, 'coordinates': {'latitude': '14.6001', 'longitude': '-96.2338'}, 'timezone': {'offset': '+8:00', 'description': 'Beijing, Perth, Singapore, Hong Kong'}}, 'email': 'brdy.shylyrd@example.com', 'login': {'uuid': '45dda67d-7ea9-4ac9-89ab-9a0f1744f160', 'username': 'purplepeacock646', 'password': 'messiah', 'salt': 'E5PLOXJV', 'md5': '074874770773ba300a4d6cc4cacffb37', 'sha1': 'fe929f1371df87fbc7d994835c4467fc363926d1', 'sha256': 'bd74cb4c3b0615cea19cb0450a2ac0277c58f3b997a96c68284e9b757749b668'}, 'dob': {'date': '1982-07-26T09:15:31.900Z', 'age': 41}, 'registered': {'date': '2002-08-02T01:18:20.821Z', 'age': 21}, 'phone': '014-23914021', 'cell': '0908-820-2646', 'id': {'name': '', 'value': None}, 'picture': {'large': 'https://randomuser.me/api/portraits/men/94.jpg', 'medium': 'https://randomuser.me/api/portraits/med/men/94.jpg', 'thumbnail': 'https://randomuser.me/api/portraits/thumb/men/94.jpg'}, 'nat': 'IR'}</msg>
<arg>${json_data['results'][0]}</arg>
<doc>Logs the given message with the given level.</doc>
<status status="PASS" start="2024-05-08T14:12:58.693274" elapsed="0.000693"/>
</kw>
<kw name="Log" owner="BuiltIn">
<msg time="2024-05-08T14:12:58.694638" level="INFO">gender</msg>
<arg>${key}</arg>
<doc>Logs the given message with the given level.</doc>
<status status="PASS" start="2024-05-08T14:12:58.694433" elapsed="0.000279"/>
</kw>
<var name="${key}">gender</var>
<status status="PASS" start="2024-05-08T14:12:58.691902" elapsed="0.003165"/>
</iter>
<iter>
<kw name="Dictionary Should Contain Key" owner="Collections">
<msg time="2024-05-08T14:12:58.696222" level="INFO">False</msg>
<arg>${json_data['results'][0]}</arg>
<arg>${key}</arg>
<doc>Fails if ``key`` is not found from ``dictionary``.</doc>
<status status="PASS" start="2024-05-08T14:12:58.695563" elapsed="0.000769"/>
</kw>
<kw name="Log" owner="BuiltIn">
<msg time="2024-05-08T14:12:58.697443" level="INFO">{'gender': 'male', 'name': {'title': 'Mr', 'first': 'بردیا', 'last': 'سهيلي راد'}, 'location': {'street': {'number': 8194, 'name': 'موسیوند'}, 'city': 'دزفول', 'state': 'سیستان و بلوچستان', 'country': 'Iran', 'postcode': 86128, 'coordinates': {'latitude': '14.6001', 'longitude': '-96.2338'}, 'timezone': {'offset': '+8:00', 'description': 'Beijing, Perth, Singapore, Hong Kong'}}, 'email': 'brdy.shylyrd@example.com', 'login': {'uuid': '45dda67d-7ea9-4ac9-89ab-9a0f1744f160', 'username': 'purplepeacock646', 'password': 'messiah', 'salt': 'E5PLOXJV', 'md5': '074874770773ba300a4d6cc4cacffb37', 'sha1': 'fe929f1371df87fbc7d994835c4467fc363926d1', 'sha256': 'bd74cb4c3b0615cea19cb0450a2ac0277c58f3b997a96c68284e9b757749b668'}, 'dob': {'date': '1982-07-26T09:15:31.900Z', 'age': 41}, 'registered': {'date': '2002-08-02T01:18:20.821Z', 'age': 21}, 'phone': '014-23914021', 'cell': '0908-820-2646', 'id': {'name': '', 'value': None}, 'picture': {'large': 'https://randomuser.me/api/portraits/men/94.jpg', 'medium': 'https://randomuser.me/api/portraits/med/men/94.jpg', 'thumbnail': 'https://randomuser.me/api/portraits/thumb/men/94.jpg'}, 'nat': 'IR'}</msg>
<arg>${json_data['results'][0]}</arg>
<doc>Logs the given message with the given level.</doc>
<status status="PASS" start="2024-05-08T14:12:58.696819" elapsed="0.000715"/>
</kw>
<kw name="Log" owner="BuiltIn">
<msg time="2024-05-08T14:12:58.698169" level="INFO">name</msg>
<arg>${key}</arg>
<doc>Logs the given message with the given level.</doc>
<status status="PASS" start="2024-05-08T14:12:58.697983" elapsed="0.000244"/>
</kw>
<var name="${key}">name</var>
<status status="PASS" start="2024-05-08T14:12:58.695379" elapsed="0.003172"/>
</iter>
<iter>
<kw name="Dictionary Should Contain Key" owner="Collections">
<msg time="2024-05-08T14:12:58.699642" level="INFO">False</msg>
<arg>${json_data['results'][0]}</arg>
<arg>${key}</arg>
<doc>Fails if ``key`` is not found from ``dictionary``.</doc>
<status status="PASS" start="2024-05-08T14:12:58.699034" elapsed="0.000664"/>
</kw>
<kw name="Log" owner="BuiltIn">
<msg time="2024-05-08T14:12:58.700786" level="INFO">{'gender': 'male', 'name': {'title': 'Mr', 'first': 'بردیا', 'last': 'سهيلي راد'}, 'location': {'street': {'number': 8194, 'name': 'موسیوند'}, 'city': 'دزفول', 'state': 'سیستان و بلوچستان', 'country': 'Iran', 'postcode': 86128, 'coordinates': {'latitude': '14.6001', 'longitude': '-96.2338'}, 'timezone': {'offset': '+8:00', 'description': 'Beijing, Perth, Singapore, Hong Kong'}}, 'email': 'brdy.shylyrd@example.com', 'login': {'uuid': '45dda67d-7ea9-4ac9-89ab-9a0f1744f160', 'username': 'purplepeacock646', 'password': 'messiah', 'salt': 'E5PLOXJV', 'md5': '074874770773ba300a4d6cc4cacffb37', 'sha1': 'fe929f1371df87fbc7d994835c4467fc363926d1', 'sha256': 'bd74cb4c3b0615cea19cb0450a2ac0277c58f3b997a96c68284e9b757749b668'}, 'dob': {'date': '1982-07-26T09:15:31.900Z', 'age': 41}, 'registered': {'date': '2002-08-02T01:18:20.821Z', 'age': 21}, 'phone': '014-23914021', 'cell': '0908-820-2646', 'id': {'name': '', 'value': None}, 'picture': {'large': 'https://randomuser.me/api/portraits/men/94.jpg', 'medium': 'https://randomuser.me/api/portraits/med/men/94.jpg', 'thumbnail': 'https://randomuser.me/api/portraits/thumb/men/94.jpg'}, 'nat': 'IR'}</msg>
<arg>${json_data['results'][0]}</arg>
<doc>Logs the given message with the given level.</doc>
<status status="PASS" start="2024-05-08T14:12:58.700148" elapsed="0.000725"/>
</kw>
<kw name="Log" owner="BuiltIn">
<msg time="2024-05-08T14:12:58.701513" level="INFO">location</msg>
<arg>${key}</arg>
<doc>Logs the given message with the given level.</doc>
<status status="PASS" start="2024-05-08T14:12:58.701330" elapsed="0.000241"/>
</kw>
<var name="${key}">location</var>
<status status="PASS" start="2024-05-08T14:12:58.698840" elapsed="0.003047"/>
</iter>
<iter>
<kw name="Dictionary Should Contain Key" owner="Collections">
<msg time="2024-05-08T14:12:58.702959" level="INFO">False</msg>
<arg>${json_data['results'][0]}</arg>
<arg>${key}</arg>
<doc>Fails if ``key`` is not found from ``dictionary``.</doc>
<status status="PASS" start="2024-05-08T14:12:58.702350" elapsed="0.000667"/>
</kw>
<kw name="Log" owner="BuiltIn">
<msg time="2024-05-08T14:12:58.704054" level="INFO">{'gender': 'male', 'name': {'title': 'Mr', 'first': 'بردیا', 'last': 'سهيلي راد'}, 'location': {'street': {'number': 8194, 'name': 'موسیوند'}, 'city': 'دزفول', 'state': 'سیستان و بلوچستان', 'country': 'Iran', 'postcode': 86128, 'coordinates': {'latitude': '14.6001', 'longitude': '-96.2338'}, 'timezone': {'offset': '+8:00', 'description': 'Beijing, Perth, Singapore, Hong Kong'}}, 'email': 'brdy.shylyrd@example.com', 'login': {'uuid': '45dda67d-7ea9-4ac9-89ab-9a0f1744f160', 'username': 'purplepeacock646', 'password': 'messiah', 'salt': 'E5PLOXJV', 'md5': '074874770773ba300a4d6cc4cacffb37', 'sha1': 'fe929f1371df87fbc7d994835c4467fc363926d1', 'sha256': 'bd74cb4c3b0615cea19cb0450a2ac0277c58f3b997a96c68284e9b757749b668'}, 'dob': {'date': '1982-07-26T09:15:31.900Z', 'age': 41}, 'registered': {'date': '2002-08-02T01:18:20.821Z', 'age': 21}, 'phone': '014-23914021', 'cell': '0908-820-2646', 'id': {'name': '', 'value': None}, 'picture': {'large': 'https://randomuser.me/api/portraits/men/94.jpg', 'medium': 'https://randomuser.me/api/portraits/med/men/94.jpg', 'thumbnail': 'https://randomuser.me/api/portraits/thumb/men/94.jpg'}, 'nat': 'IR'}</msg>
<arg>${json_data['results'][0]}</arg>
<doc>Logs the given message with the given level.</doc>
<status status="PASS" start="2024-05-08T14:12:58.703472" elapsed="0.000661"/>
</kw>
<kw name="Log" owner="BuiltIn">
<msg time="2024-05-08T14:12:58.704853" level="INFO">email</msg>
<arg>${key}</arg>
<doc>Logs the given message with the given level.</doc>
<status status="PASS" start="2024-05-08T14:12:58.704637" elapsed="0.000275"/>
</kw>
<var name="${key}">email</var>
<status status="PASS" start="2024-05-08T14:12:58.702181" elapsed="0.003049"/>
</iter>
<iter>
<kw name="Dictionary Should Contain Key" owner="Collections">
<msg time="2024-05-08T14:12:58.706353" level="INFO">False</msg>
<arg>${json_data['results'][0]}</arg>
<arg>${key}</arg>
<doc>Fails if ``key`` is not found from ``dictionary``.</doc>
<status status="PASS" start="2024-05-08T14:12:58.705709" elapsed="0.000703"/>
</kw>
<kw name="Log" owner="BuiltIn">
<msg time="2024-05-08T14:12:58.707504" level="INFO">{'gender': 'male', 'name': {'title': 'Mr', 'first': 'بردیا', 'last': 'سهيلي راد'}, 'location': {'street': {'number': 8194, 'name': 'موسیوند'}, 'city': 'دزفول', 'state': 'سیستان و بلوچستان', 'country': 'Iran', 'postcode': 86128, 'coordinates': {'latitude': '14.6001', 'longitude': '-96.2338'}, 'timezone': {'offset': '+8:00', 'description': 'Beijing, Perth, Singapore, Hong Kong'}}, 'email': 'brdy.shylyrd@example.com', 'login': {'uuid': '45dda67d-7ea9-4ac9-89ab-9a0f1744f160', 'username': 'purplepeacock646', 'password': 'messiah', 'salt': 'E5PLOXJV', 'md5': '074874770773ba300a4d6cc4cacffb37', 'sha1': 'fe929f1371df87fbc7d994835c4467fc363926d1', 'sha256': 'bd74cb4c3b0615cea19cb0450a2ac0277c58f3b997a96c68284e9b757749b668'}, 'dob': {'date': '1982-07-26T09:15:31.900Z', 'age': 41}, 'registered': {'date': '2002-08-02T01:18:20.821Z', 'age': 21}, 'phone': '014-23914021', 'cell': '0908-820-2646', 'id': {'name': '', 'value': None}, 'picture': {'large': 'https://randomuser.me/api/portraits/men/94.jpg', 'medium': 'https://randomuser.me/api/portraits/med/men/94.jpg', 'thumbnail': 'https://randomuser.me/api/portraits/thumb/men/94.jpg'}, 'nat': 'IR'}</msg>
<arg>${json_data['results'][0]}</arg>
<doc>Logs the given message with the given level.</doc>
<status status="PASS" start="2024-05-08T14:12:58.706884" elapsed="0.000702"/>
</kw>
<kw name="Log" owner="BuiltIn">
<msg time="2024-05-08T14:12:58.708293" level="INFO">login</msg>
<arg>${key}</arg>
<doc>Logs the given message with the given level.</doc>
<status status="PASS" start="2024-05-08T14:12:58.708100" elapsed="0.000251"/>
</kw>
<var name="${key}">login</var>
<status status="PASS" start="2024-05-08T14:12:58.705526" elapsed="0.003189"/>
</iter>
<var>${key}</var>
<value>@{expected_keys}</value>
<status status="PASS" start="2024-05-08T14:12:58.691591" elapsed="0.017310"/>
</for>
<kw name="Create List" owner="BuiltIn">
<msg time="2024-05-08T14:12:58.709437" level="INFO">${expected_keysTwo} = ['username', 'password']</msg>
<var>${expected_keysTwo}</var>
<arg>username</arg>
<arg>password</arg>
<doc>Returns a list containing given items.</doc>
<status status="PASS" start="2024-05-08T14:12:58.709226" elapsed="0.000250"/>
</kw>
<for flavor="IN">
<iter>
<kw name="Dictionary Should Contain Key" owner="Collections">
<msg time="2024-05-08T14:12:58.710960" level="INFO">False</msg>
<arg>${json_data['results'][0]['login']}</arg>
<arg>${keyTwo}</arg>
<doc>Fails if ``key`` is not found from ``dictionary``.</doc>
<status status="PASS" start="2024-05-08T14:12:58.710288" elapsed="0.000738"/>
</kw>
<kw name="Dictionary Should Contain Key" owner="Collections">
<msg time="2024-05-08T14:12:58.712125" level="INFO">False</msg>
<arg>${json_data['results'][0]['login']}</arg>
<arg>${keyTwo}</arg>
<doc>Fails if ``key`` is not found from ``dictionary``.</doc>
<status status="PASS" start="2024-05-08T14:12:58.711515" elapsed="0.000667"/>
</kw>
<kw name="Log" owner="BuiltIn">
<msg time="2024-05-08T14:12:58.712865" level="INFO">username</msg>
<arg>${keyTwo}</arg>
<doc>Logs the given message with the given level.</doc>
<status status="PASS" start="2024-05-08T14:12:58.712667" elapsed="0.000275"/>
</kw>
<var name="${keyTwo}">username</var>
<status status="PASS" start="2024-05-08T14:12:58.710102" elapsed="0.003190"/>
</iter>
<iter>
<kw name="Dictionary Should Contain Key" owner="Collections">
<msg time="2024-05-08T14:12:58.714587" level="INFO">False</msg>
<arg>${json_data['results'][0]['login']}</arg>
<arg>${keyTwo}</arg>
<doc>Fails if ``key`` is not found from ``dictionary``.</doc>
<status status="PASS" start="2024-05-08T14:12:58.713759" elapsed="0.000907"/>
</kw>
<kw name="Dictionary Should Contain Key" owner="Collections">
<msg time="2024-05-08T14:12:58.715737" level="INFO">False</msg>
<arg>${json_data['results'][0]['login']}</arg>
<arg>${keyTwo}</arg>
<doc>Fails if ``key`` is not found from ``dictionary``.</doc>
<status status="PASS" start="2024-05-08T14:12:58.715144" elapsed="0.000648"/>
</kw>
<kw name="Log" owner="BuiltIn">
<msg time="2024-05-08T14:12:58.716485" level="INFO">password</msg>
<arg>${keyTwo}</arg>
<doc>Logs the given message with the given level.</doc>
<status status="PASS" start="2024-05-08T14:12:58.716250" elapsed="0.000296"/>
</kw>
<var name="${keyTwo}">password</var>
<status status="PASS" start="2024-05-08T14:12:58.713571" elapsed="0.003298"/>
</iter>
<var>${keyTwo}</var>
<value>@{expected_keysTwo}</value>
<status status="PASS" start="2024-05-08T14:12:58.709853" elapsed="0.007226"/>
</for>
<status status="PASS" start="2024-05-08T14:12:58.608765" elapsed="0.108567"/>
</kw>
<doc>Testa a estrutura da resposta da API.</doc>
<tag>testeEstruturaResposta</tag>
<status status="PASS" start="2024-05-08T14:12:58.608217" elapsed="0.109407"/>
</test>
<test id="s1-s1-t4" name="Validar tipos de dados" line="28">
<kw name="Teste de Tipos de Dados" owner="random-user-service">
<kw name="GET On Session" owner="RequestsLibrary">
<msg time="2024-05-08T14:12:58.794990" level="INFO">GET Request : url=https://randomuser.me/api 
 path_url=/api 
 headers={'User-Agent': 'python-requests/2.31.0', 'Accept-Encoding': 'gzip, deflate', 'Accept': '*/*', 'Connection': 'keep-alive'} 
 body=None 
 </msg>
<msg time="2024-05-08T14:12:58.795088" level="INFO">GET Response : url=https://randomuser.me/api 
 status=200, reason=OK 
 headers={'Date': 'Wed, 08 May 2024 14:12:58 GMT', 'Content-Type': 'application/json; charset=utf-8', 'Transfer-Encoding': 'chunked', 'Connection': 'keep-alive', 'X-Powered-By': 'Express', 'Access-Control-Allow-Origin': '*', 'Cache-Control': 'no-cache', 'ETag': 'W/"488-BKYZry3zAQmVIlP8aYM1TX4F3Ws"', 'Vary': 'Accept-Encoding', 'Content-Encoding': 'gzip', 'CF-Cache-Status': 'DYNAMIC', 'Report-To': '{"endpoints":[{"url":"https:\\/\\/a.nel.cloudflare.com\\/report\\/v4?s=e2Ysh4iPlF33jHjikbw6rJd9ogKvDsUVsEWfjHiElWI9lUNDzXRQcAt12z7tOIO2QYEv2upLu40NsPk3QgBPjqDCW1kqiIzKHUAcMAY8vJemyEvnn6gYCjj9yvNcQKAv"}],"group":"cf-nel","max_age":604800}', 'NEL': '{"success_fraction":0,"report_to":"cf-nel","max_age":604800}', 'Server': 'cloudflare', 'CF-RAY': '880a0c3b0cd00a07-IAD', 'alt-svc': 'h3=":443"; ma=86400'} 
 body={"results":[{"gender":"male","name":{"title":"Mr","first":"Soncelik","last":"Barilyak"},"location":{"street":{"number":33,"name":"Tiraspolska ploshcha"},"city":"Zhidachiv","state":"Avtonomna Respublika Krim","country":"Ukraine","postcode":50361,"coordinates":{"latitude":"78.2141","longitude":"-46.0838"},"timezone":{"offset":"-10:00","description":"Hawaii"}},"email":"soncelik.barilyak@example.com","login":{"uuid":"d010e407-2417-4f98-8b4c-1bf5592a67a1","username":"crazyrabbit207","password":"retired","salt":"ireE7JGX","md5":"31cad54de07a781b690f4e84e0395835","sha1":"6349e33fb4c95eb8949efe27cede53ec51334eba","sha256":"e5bac0ce24a776a50aa48dafc86a51d7ced2ed584652124df8ee08205d139fb8"},"dob":{"date":"1986-06-30T00:33:02.136Z","age":37},"registered":{"date":"2021-10-24T23:56:19.870Z","age":2},"phone":"(068) P16-4461","cell":"(066) E23-2619","id":{"name":"","value":null},"picture":{"large":"https://randomuser.me/api/portraits/men/36.jpg","medium":"https://randomuser.me/api/portraits/med/men/36.jpg","thumbnail":"https://randomuser.me/api/portraits/thumb/men/36.jpg"},"nat":"UA"}],"info":{"seed":"a3bc4948d356656f","results":1,"page":1,"version":"1.4"}} 
 </msg>
<msg time="2024-05-08T14:12:58.795159" level="INFO">/opt/hostedtoolcache/Python/3.12.3/x64/lib/python3.12/site-packages/urllib3/connectionpool.py:1103: InsecureRequestWarning: Unverified HTTPS request is being made to host 'randomuser.me'. Adding certificate verification is strongly advised. See: https://urllib3.readthedocs.io/en/latest/advanced-usage.html#tls-warnings
  warnings.warn(</msg>
<msg time="2024-05-08T14:12:58.795280" level="INFO">${response} = &lt;Response [200]&gt;</msg>
<var>${response}</var>
<arg>consultarAPI</arg>
<arg>/api</arg>
<doc>Sends a GET request on a previously created HTTP Session.</doc>
<status status="PASS" start="2024-05-08T14:12:58.721927" elapsed="0.073389"/>
</kw>
<kw name="Set Variable" owner="BuiltIn">
<msg time="2024-05-08T14:12:58.796414" level="INFO">${json_data} = {'results': [{'gender': 'male', 'name': {'title': 'Mr', 'first': 'Soncelik', 'last': 'Barilyak'}, 'location': {'street': {'number': 33, 'name': 'Tiraspolska ploshcha'}, 'city': 'Zhidachiv', 'state': '...</msg>
<var>${json_data}</var>
<arg>${response.json()}</arg>
<doc>Returns the given values which can then be assigned to a variables.</doc>
<status status="PASS" start="2024-05-08T14:12:58.795848" elapsed="0.000600"/>
</kw>
<kw name="Log" owner="BuiltIn">
<msg time="2024-05-08T14:12:58.796936" level="INFO">{'results': [{'gender': 'male', 'name': {'title': 'Mr', 'first': 'Soncelik', 'last': 'Barilyak'}, 'location': {'street': {'number': 33, 'name': 'Tiraspolska ploshcha'}, 'city': 'Zhidachiv', 'state': 'Avtonomna Respublika Krim', 'country': 'Ukraine', 'postcode': 50361, 'coordinates': {'latitude': '78.2141', 'longitude': '-46.0838'}, 'timezone': {'offset': '-10:00', 'description': 'Hawaii'}}, 'email': 'soncelik.barilyak@example.com', 'login': {'uuid': 'd010e407-2417-4f98-8b4c-1bf5592a67a1', 'username': 'crazyrabbit207', 'password': 'retired', 'salt': 'ireE7JGX', 'md5': '31cad54de07a781b690f4e84e0395835', 'sha1': '6349e33fb4c95eb8949efe27cede53ec51334eba', 'sha256': 'e5bac0ce24a776a50aa48dafc86a51d7ced2ed584652124df8ee08205d139fb8'}, 'dob': {'date': '1986-06-30T00:33:02.136Z', 'age': 37}, 'registered': {'date': '2021-10-24T23:56:19.870Z', 'age': 2}, 'phone': '(068) P16-4461', 'cell': '(066) E23-2619', 'id': {'name': '', 'value': None}, 'picture': {'large': 'https://randomuser.me/api/portraits/men/36.jpg', 'medium': 'https://randomuser.me/api/portraits/med/men/36.jpg', 'thumbnail': 'https://randomuser.me/api/portraits/thumb/men/36.jpg'}, 'nat': 'UA'}], 'info': {'seed': 'a3bc4948d356656f', 'results': 1, 'page': 1, 'version': '1.4'}}</msg>
<arg>${json_data}</arg>
<doc>Logs the given message with the given level.</doc>
<status status="PASS" start="2024-05-08T14:12:58.796774" elapsed="0.000251"/>
</kw>
<kw name="Should Be String" owner="String">
<arg>${json_data['results'][0]['gender']}</arg>
<doc>Fails if the given ``item`` is not a string.</doc>
<status status="PASS" start="2024-05-08T14:12:58.797338" elapsed="0.000370"/>
</kw>
<kw name="Should Match Regexp" owner="BuiltIn">
<arg>${json_data['results'][0]['email']}</arg>
<arg>^[a-zA-Z0-9._%+-]+@[a-zA-Z0-9.-]+\.[a-zA-Z]{2,}$</arg>
<doc>Fails if ``string`` does not match ``pattern`` as a regular expression.</doc>
<status status="PASS" start="2024-05-08T14:12:58.797907" elapsed="0.000518"/>
</kw>
<kw name="Should Match Regexp" owner="BuiltIn">
<arg>${json_data['results'][0]['dob']['date']}</arg>
<arg>\\d{4}-\\d{2}-\\d{2}T\\d{2}:\\d{2}:\\d{2}\\.\\d{3}Z</arg>
<doc>Fails if ``string`` does not match ``pattern`` as a regular expression.</doc>
<status status="PASS" start="2024-05-08T14:12:58.798625" elapsed="0.000494"/>
</kw>
<kw name="Should Match Regexp" owner="BuiltIn">
<arg>${json_data['results'][0]['registered']['date']}</arg>
<arg>\\d{4}-\\d{2}-\\d{2}T\\d{2}:\\d{2}:\\d{2}\\.\\d{3}Z</arg>
<doc>Fails if ``string`` does not match ``pattern`` as a regular expression.</doc>
<status status="PASS" start="2024-05-08T14:12:58.799319" elapsed="0.000372"/>
</kw>
<kw name="Should Match Regexp" owner="BuiltIn">
<arg>${json_data['results'][0]['picture']['large']}</arg>
<arg>^https?://.*\.(?:png|jpe?g|gif|bmp)$</arg>
<doc>Fails if ``string`` does not match ``pattern`` as a regular expression.</doc>
<status status="PASS" start="2024-05-08T14:12:58.799888" elapsed="0.000468"/>
</kw>
<kw name="Should Match Regexp" owner="BuiltIn">
<arg>${json_data['results'][0]['picture']['medium']}</arg>
<arg>^https?://.*\.(?:png|jpe?g|gif|bmp)$</arg>
<doc>Fails if ``string`` does not match ``pattern`` as a regular expression.</doc>
<status status="PASS" start="2024-05-08T14:12:58.800578" elapsed="0.000360"/>
</kw>
<kw name="Should Match Regexp" owner="BuiltIn">
<arg>${json_data['results'][0]['picture']['thumbnail']}</arg>
<arg>^https?://.*\.(?:png|jpe?g|gif|bmp)$</arg>
<doc>Fails if ``string`` does not match ``pattern`` as a regular expression.</doc>
<status status="PASS" start="2024-05-08T14:12:58.801127" elapsed="0.000349"/>
</kw>
<kw name="Log" owner="BuiltIn">
<msg time="2024-05-08T14:12:58.801978" level="INFO">{'large': 'https://randomuser.me/api/portraits/men/36.jpg', 'medium': 'https://randomuser.me/api/portraits/med/men/36.jpg', 'thumbnail': 'https://randomuser.me/api/portraits/thumb/men/36.jpg'}</msg>
<arg>${json_data['results'][0]['picture']}</arg>
<doc>Logs the given message with the given level.</doc>
<status status="PASS" start="2024-05-08T14:12:58.801657" elapsed="0.000363"/>
</kw>
<status status="PASS" start="2024-05-08T14:12:58.721579" elapsed="0.080698"/>
</kw>
<kw name="Teste de Tipos de Dados - Postcode" owner="random-user-service">
<kw name="GET On Session" owner="RequestsLibrary">
<msg time="2024-05-08T14:12:58.886982" level="INFO">GET Request : url=https://randomuser.me/api 
 path_url=/api 
 headers={'User-Agent': 'python-requests/2.31.0', 'Accept-Encoding': 'gzip, deflate', 'Accept': '*/*', 'Connection': 'keep-alive'} 
 body=None 
 </msg>
<msg time="2024-05-08T14:12:58.887077" level="INFO">GET Response : url=https://randomuser.me/api 
 status=200, reason=OK 
 headers={'Date': 'Wed, 08 May 2024 14:12:58 GMT', 'Content-Type': 'application/json; charset=utf-8', 'Transfer-Encoding': 'chunked', 'Connection': 'keep-alive', 'X-Powered-By': 'Express', 'Access-Control-Allow-Origin': '*', 'Cache-Control': 'no-cache', 'ETag': 'W/"47d-343XYTvOczMwYSuqk3etqhCe238"', 'Vary': 'Accept-Encoding', 'Content-Encoding': 'gzip', 'CF-Cache-Status': 'DYNAMIC', 'Report-To': '{"endpoints":[{"url":"https:\\/\\/a.nel.cloudflare.com\\/report\\/v4?s=wBggsUvaYZBBNdLPFliq3qSFp5f2Wg2hSLpgj1o0Cl6mFFff6Z3LeZ7fqwxrokpO6zHpIOeK5MIGAZF1wUAAiie6MnC2hBLXmQuKa8ql5ObqJSYmUK8SKf2%2BNEhpOVDH"}],"group":"cf-nel","max_age":604800}', 'NEL': '{"success_fraction":0,"report_to":"cf-nel","max_age":604800}', 'Server': 'cloudflare', 'CF-RAY': '880a0c3b8d310a07-IAD', 'alt-svc': 'h3=":443"; ma=86400'} 
 body={"results":[{"gender":"male","name":{"title":"Mr","first":"Jesper","last":"Eike"},"location":{"street":{"number":5354,"name":"Nordmørgata"},"city":"Fitjar","state":"Nord-Trøndelag","country":"Norway","postcode":"6847","coordinates":{"latitude":"40.7338","longitude":"-135.6592"},"timezone":{"offset":"-8:00","description":"Pacific Time (US &amp; Canada)"}},"email":"jesper.eike@example.com","login":{"uuid":"62289279-ba13-40f2-bef3-c3971b087f82","username":"yellowduck822","password":"twilight","salt":"RNfmd9iR","md5":"3d11e21899012165e5d3ed251e13bf7b","sha1":"a675008fb27cf7372a11381a0d96ceebad6449a2","sha256":"3bd79e743c8ed8a4a21fe8995336faa83cf1ab93a49010b732b54820a95e620c"},"dob":{"date":"1956-06-03T13:06:17.430Z","age":67},"registered":{"date":"2013-08-18T13:58:05.558Z","age":10},"phone":"27054951","cell":"46589910","id":{"name":"FN","value":"03065638389"},"picture":{"large":"https://randomuser.me/api/portraits/men/47.jpg","medium":"https://randomuser.me/api/portraits/med/men/47.jpg","thumbnail":"https://randomuser.me/api/portraits/thumb/men/47.jpg"},"nat":"NO"}],"info":{"seed":"da482eed1905bb9b","results":1,"page":1,"version":"1.4"}} 
 </msg>
<msg time="2024-05-08T14:12:58.887149" level="INFO">/opt/hostedtoolcache/Python/3.12.3/x64/lib/python3.12/site-packages/urllib3/connectionpool.py:1103: InsecureRequestWarning: Unverified HTTPS request is being made to host 'randomuser.me'. Adding certificate verification is strongly advised. See: https://urllib3.readthedocs.io/en/latest/advanced-usage.html#tls-warnings
  warnings.warn(</msg>
<msg time="2024-05-08T14:12:58.887264" level="INFO">${response} = &lt;Response [200]&gt;</msg>
<var>${response}</var>
<arg>consultarAPI</arg>
<arg>/api</arg>
<doc>Sends a GET request on a previously created HTTP Session.</doc>
<status status="PASS" start="2024-05-08T14:12:58.802741" elapsed="0.084550"/>
</kw>
<kw name="Set Variable" owner="BuiltIn">
<msg time="2024-05-08T14:12:58.888340" level="INFO">${json_data} = {'results': [{'gender': 'male', 'name': {'title': 'Mr', 'first': 'Jesper', 'last': 'Eike'}, 'location': {'street': {'number': 5354, 'name': 'Nordmørgata'}, 'city': 'Fitjar', 'state': 'Nord-Trøndelag',...</msg>
<var>${json_data}</var>
<arg>${response.json()}</arg>
<doc>Returns the given values which can then be assigned to a variables.</doc>
<status status="PASS" start="2024-05-08T14:12:58.887825" elapsed="0.000581"/>
</kw>
<kw name="Log" owner="BuiltIn">
<msg time="2024-05-08T14:12:58.888891" level="INFO">{'results': [{'gender': 'male', 'name': {'title': 'Mr', 'first': 'Jesper', 'last': 'Eike'}, 'location': {'street': {'number': 5354, 'name': 'Nordmørgata'}, 'city': 'Fitjar', 'state': 'Nord-Trøndelag', 'country': 'Norway', 'postcode': '6847', 'coordinates': {'latitude': '40.7338', 'longitude': '-135.6592'}, 'timezone': {'offset': '-8:00', 'description': 'Pacific Time (US &amp; Canada)'}}, 'email': 'jesper.eike@example.com', 'login': {'uuid': '62289279-ba13-40f2-bef3-c3971b087f82', 'username': 'yellowduck822', 'password': 'twilight', 'salt': 'RNfmd9iR', 'md5': '3d11e21899012165e5d3ed251e13bf7b', 'sha1': 'a675008fb27cf7372a11381a0d96ceebad6449a2', 'sha256': '3bd79e743c8ed8a4a21fe8995336faa83cf1ab93a49010b732b54820a95e620c'}, 'dob': {'date': '1956-06-03T13:06:17.430Z', 'age': 67}, 'registered': {'date': '2013-08-18T13:58:05.558Z', 'age': 10}, 'phone': '27054951', 'cell': '46589910', 'id': {'name': 'FN', 'value': '03065638389'}, 'picture': {'large': 'https://randomuser.me/api/portraits/men/47.jpg', 'medium': 'https://randomuser.me/api/portraits/med/men/47.jpg', 'thumbnail': 'https://randomuser.me/api/portraits/thumb/men/47.jpg'}, 'nat': 'NO'}], 'info': {'seed': 'da482eed1905bb9b', 'results': 1, 'page': 1, 'version': '1.4'}}</msg>
<arg>${json_data}</arg>
<doc>Logs the given message with the given level.</doc>
<status status="PASS" start="2024-05-08T14:12:58.888734" elapsed="0.000241"/>
</kw>
<kw name="Should Be Equal As Numbers" owner="BuiltIn">
<arg>${json_data['results'][0]['location']['postcode']}</arg>
<arg>${json_data['results'][0]['location']['postcode']}</arg>
<doc>Fails if objects are unequal after converting them to real numbers.</doc>
<status status="PASS" start="2024-05-08T14:12:58.889459" elapsed="0.000615"/>
</kw>
<kw name="Log" owner="BuiltIn">
<msg time="2024-05-08T14:12:58.890598" level="INFO">6847</msg>
<arg>${json_data['results'][0]['location']['postcode']}</arg>
<doc>Logs the given message with the given level.</doc>
<status status="PASS" start="2024-05-08T14:12:58.890263" elapsed="0.000374"/>
</kw>
<status status="PASS" start="2024-05-08T14:12:58.802510" elapsed="0.088387"/>
</kw>
<doc>Testa se os tipos de dados na resposta da API estão corretos.</doc>
<tag>testeTiposDados</tag>
<status status="PASS" start="2024-05-08T14:12:58.720861" elapsed="0.170212"/>
</test>
<test id="s1-s1-t5" name="Validar conteudo" line="35">
<kw name="Teste de Tipos de Conteudo" owner="random-user-service">
<kw name="GET On Session" owner="RequestsLibrary">
<msg time="2024-05-08T14:12:58.988130" level="INFO">GET Request : url=https://randomuser.me/api 
 path_url=/api 
 headers={'User-Agent': 'python-requests/2.31.0', 'Accept-Encoding': 'gzip, deflate', 'Accept': '*/*', 'Connection': 'keep-alive'} 
 body=None 
 </msg>
<msg time="2024-05-08T14:12:58.988227" level="INFO">GET Response : url=https://randomuser.me/api 
 status=200, reason=OK 
 headers={'Date': 'Wed, 08 May 2024 14:12:58 GMT', 'Content-Type': 'application/json; charset=utf-8', 'Transfer-Encoding': 'chunked', 'Connection': 'keep-alive', 'X-Powered-By': 'Express', 'Access-Control-Allow-Origin': '*', 'Cache-Control': 'no-cache', 'ETag': 'W/"49a-b5YXxyqAJWJ/1nyCMEx7fpbQG88"', 'Vary': 'Accept-Encoding', 'Content-Encoding': 'gzip', 'CF-Cache-Status': 'DYNAMIC', 'Report-To': '{"endpoints":[{"url":"https:\\/\\/a.nel.cloudflare.com\\/report\\/v4?s=WBzCWYQHHrj71mVe5od8A28%2F3t9rbArDPlZJrTi%2BUhCb8DUCsyT%2FrUhHzgw%2FaUrFWxgxsZ04t1Pfw3dk9BcWJBPRfR2PgQYFvCYzi8IMb0vpfRKmYNzb8dTZRkJBDlc4"}],"group":"cf-nel","max_age":604800}', 'NEL': '{"success_fraction":0,"report_to":"cf-nel","max_age":604800}', 'Server': 'cloudflare', 'CF-RAY': '880a0c3c1dbd0a07-IAD', 'alt-svc': 'h3=":443"; ma=86400'} 
 body={"results":[{"gender":"female","name":{"title":"Miss","first":"Lou","last":"Duman"},"location":{"street":{"number":1531,"name":"Dubbelebuurt"},"city":"Hoorn Terschelling","state":"Overijssel","country":"Netherlands","postcode":"8463 QP","coordinates":{"latitude":"38.1438","longitude":"12.4340"},"timezone":{"offset":"-7:00","description":"Mountain Time (US &amp; Canada)"}},"email":"lou.duman@example.com","login":{"uuid":"8343275b-a80a-4f74-9ddc-940851b2421c","username":"silvermeercat372","password":"spanky","salt":"HbQ9Crv1","md5":"c2b56e54ff1a9d64974dfc592903e164","sha1":"ea2240baab8992c050e6c3500b3cbbd5dc605042","sha256":"e0c5e316922b7c0cff73cb689c9bd03d79b992f1a5825656d3760d9cde93c22d"},"dob":{"date":"1945-12-18T17:50:43.866Z","age":78},"registered":{"date":"2013-04-23T08:15:45.831Z","age":11},"phone":"(0826) 784065","cell":"(06) 05605120","id":{"name":"BSN","value":"55009948"},"picture":{"large":"https://randomuser.me/api/portraits/women/32.jpg","medium":"https://randomuser.me/api/portraits/med/women/32.jpg","thumbnail":"https://randomuser.me/api/portraits/thumb/women/32.jpg"},"nat":"NL"}],"info":{"seed":"8abab0b6cedd1df4","results":1,"page":1,"version":"1.4"}} 
 </msg>
<msg time="2024-05-08T14:12:58.988298" level="INFO">/opt/hostedtoolcache/Python/3.12.3/x64/lib/python3.12/site-packages/urllib3/connectionpool.py:1103: InsecureRequestWarning: Unverified HTTPS request is being made to host 'randomuser.me'. Adding certificate verification is strongly advised. See: https://urllib3.readthedocs.io/en/latest/advanced-usage.html#tls-warnings
  warnings.warn(</msg>
<msg time="2024-05-08T14:12:58.988445" level="INFO">${response} = &lt;Response [200]&gt;</msg>
<var>${response}</var>
<arg>consultarAPI</arg>
<arg>/api</arg>
<doc>Sends a GET request on a previously created HTTP Session.</doc>
<status status="PASS" start="2024-05-08T14:12:58.893903" elapsed="0.094584"/>
</kw>
<kw name="Set Variable" owner="BuiltIn">
<msg time="2024-05-08T14:12:58.989534" level="INFO">${json_data} = {'results': [{'gender': 'female', 'name': {'title': 'Miss', 'first': 'Lou', 'last': 'Duman'}, 'location': {'street': {'number': 1531, 'name': 'Dubbelebuurt'}, 'city': 'Hoorn Terschelling', 'state': 'O...</msg>
<var>${json_data}</var>
<arg>${response.json()}</arg>
<doc>Returns the given values which can then be assigned to a variables.</doc>
<status status="PASS" start="2024-05-08T14:12:58.989014" elapsed="0.000549"/>
</kw>
<kw name="Set Variable" owner="BuiltIn">
<msg time="2024-05-08T14:12:58.990272" level="INFO">${name_title} = Miss</msg>
<var>${name_title}</var>
<arg>${json_data["results"][0]["name"]["title"]}</arg>
<doc>Returns the given values which can then be assigned to a variables.</doc>
<status status="PASS" start="2024-05-08T14:12:58.989875" elapsed="0.000423"/>
</kw>
<kw name="Create List" owner="BuiltIn">
<msg time="2024-05-08T14:12:58.990751" level="INFO">${allowed_titles} = ['Mr', 'Ms', 'Miss', 'Mrs', 'Madame', 'Monsieur']</msg>
<var>${allowed_titles}</var>
<arg>Mr</arg>
<arg>Ms</arg>
<arg>Miss</arg>
<arg>Mrs</arg>
<arg>Madame</arg>
<arg>Monsieur</arg>
<doc>Returns a list containing given items.</doc>
<status status="PASS" start="2024-05-08T14:12:58.990601" elapsed="0.000174"/>
</kw>
<kw name="List Should Contain Value" owner="Collections">
<msg time="2024-05-08T14:12:58.991254" level="INFO">False</msg>
<arg>${allowed_titles}</arg>
<arg>${name_title}</arg>
<doc>Fails if the ``value`` is not found from ``list``.</doc>
<status status="PASS" start="2024-05-08T14:12:58.991077" elapsed="0.000215"/>
</kw>
<kw name="Set Variable" owner="BuiltIn">
<msg time="2024-05-08T14:12:58.991968" level="INFO">${name_country} = NL</msg>
<var>${name_country}</var>
<arg>${json_data["results"][0]["nat"]}</arg>
<doc>Returns the given values which can then be assigned to a variables.</doc>
<status status="PASS" start="2024-05-08T14:12:58.991583" elapsed="0.000410"/>
</kw>
<kw name="Create List" owner="BuiltIn">
<msg time="2024-05-08T14:12:58.992923" level="INFO">${list_country} = ['AD', 'AE', 'AF', 'AG', 'AI', 'AL', 'AM', 'AO', 'AQ', 'AR', 'AS', 'AT', 'AU', 'AW', 'AX', 'AZ', 'BA', 'BB', 'BD', 'BE', 'BF', 'BG', 'BH', 'BI', 'BJ', 'BL', 'BM', 'BN', 'BO', 'BQ', 'BR', 'BS', 'BT', '...</msg>
<var>${list_country}</var>
<arg>AD</arg>
<arg>AE</arg>
<arg>AF</arg>
<arg>AG</arg>
<arg>AI</arg>
<arg>AL</arg>
<arg>AM</arg>
<arg>AO</arg>
<arg>AQ</arg>
<arg>AR</arg>
<arg>AS</arg>
<arg>AT</arg>
<arg>AU</arg>
<arg>AW</arg>
<arg>AX</arg>
<arg>AZ</arg>
<arg>BA</arg>
<arg>BB</arg>
<arg>BD</arg>
<arg>BE</arg>
<arg>BF</arg>
<arg>BG</arg>
<arg>BH</arg>
<arg>BI</arg>
<arg>BJ</arg>
<arg>BL</arg>
<arg>BM</arg>
<arg>BN</arg>
<arg>BO</arg>
<arg>BQ</arg>
<arg>BR</arg>
<arg>BS</arg>
<arg>BT</arg>
<arg>BV</arg>
<arg>BW</arg>
<arg>BY</arg>
<arg>BZ</arg>
<arg>CA</arg>
<arg>CC</arg>
<arg>CD</arg>
<arg>CF</arg>
<arg>CG</arg>
<arg>CH</arg>
<arg>CI</arg>
<arg>CK</arg>
<arg>CL</arg>
<arg>CM</arg>
<arg>CN</arg>
<arg>CO</arg>
<arg>CR</arg>
<arg>CU</arg>
<arg>CV</arg>
<arg>CW</arg>
<arg>CX</arg>
<arg>CY</arg>
<arg>CZ</arg>
<arg>DE</arg>
<arg>DJ</arg>
<arg>DK</arg>
<arg>DM</arg>
<arg>DO</arg>
<arg>DZ</arg>
<arg>EC</arg>
<arg>EE</arg>
<arg>EG</arg>
<arg>EH</arg>
<arg>ER</arg>
<arg>ES</arg>
<arg>ET</arg>
<arg>FI</arg>
<arg>FJ</arg>
<arg>FK</arg>
<arg>FM</arg>
<arg>FO</arg>
<arg>FR</arg>
<arg>GA</arg>
<arg>GB</arg>
<arg>GD</arg>
<arg>GE</arg>
<arg>GF</arg>
<arg>GG</arg>
<arg>GH</arg>
<arg>GI</arg>
<arg>GL</arg>
<arg>GM</arg>
<arg>GN</arg>
<arg>GP</arg>
<arg>GQ</arg>
<arg>GR</arg>
<arg>GS</arg>
<arg>GT</arg>
<arg>GU</arg>
<arg>GW</arg>
<arg>GY</arg>
<arg>HK</arg>
<arg>HM</arg>
<arg>HN</arg>
<arg>HR</arg>
<arg>HT</arg>
<arg>HU</arg>
<arg>ID</arg>
<arg>IE</arg>
<arg>IL</arg>
<arg>IM</arg>
<arg>IN</arg>
<arg>IO</arg>
<arg>IQ</arg>
<arg>IR</arg>
<arg>IS</arg>
<arg>IT</arg>
<arg>JE</arg>
<arg>JM</arg>
<arg>JO</arg>
<arg>JP</arg>
<arg>KE</arg>
<arg>KG</arg>
<arg>KH</arg>
<arg>KI</arg>
<arg>KM</arg>
<arg>KN</arg>
<arg>KP</arg>
<arg>KR</arg>
<arg>KW</arg>
<arg>KY</arg>
<arg>KZ</arg>
<arg>LA</arg>
<arg>LB</arg>
<arg>LC</arg>
<arg>LI</arg>
<arg>LK</arg>
<arg>LR</arg>
<arg>LS</arg>
<arg>LT</arg>
<arg>LU</arg>
<arg>LV</arg>
<arg>LY</arg>
<arg>MA</arg>
<arg>MC</arg>
<arg>MD</arg>
<arg>ME</arg>
<arg>MF</arg>
<arg>MG</arg>
<arg>MH</arg>
<arg>MK</arg>
<arg>ML</arg>
<arg>MM</arg>
<arg>MN</arg>
<arg>MO</arg>
<arg>MP</arg>
<arg>MQ</arg>
<arg>MR</arg>
<arg>MS</arg>
<arg>MT</arg>
<arg>MU</arg>
<arg>MV</arg>
<arg>MW</arg>
<arg>MX</arg>
<arg>MY</arg>
<arg>MZ</arg>
<arg>NA</arg>
<arg>NC</arg>
<arg>NE</arg>
<arg>NF</arg>
<arg>NG</arg>
<arg>NI</arg>
<arg>NL</arg>
<arg>NO</arg>
<arg>NP</arg>
<arg>NR</arg>
<arg>NU</arg>
<arg>NZ</arg>
<arg>OM</arg>
<arg>PA</arg>
<arg>PE</arg>
<arg>PF</arg>
<arg>PG</arg>
<arg>PH</arg>
<arg>PK</arg>
<arg>PL</arg>
<arg>PM</arg>
<arg>PN</arg>
<arg>PR</arg>
<arg>PS</arg>
<arg>PT</arg>
<arg>PW</arg>
<arg>PY</arg>
<arg>QA</arg>
<arg>RE</arg>
<arg>RO</arg>
<arg>RS</arg>
<arg>RU</arg>
<arg>RW</arg>
<arg>SA</arg>
<arg>SB</arg>
<arg>SC</arg>
<arg>SD</arg>
<arg>SE</arg>
<arg>SG</arg>
<arg>SH</arg>
<arg>SI</arg>
<arg>SJ</arg>
<arg>SK</arg>
<arg>SL</arg>
<arg>SM</arg>
<arg>SN</arg>
<arg>SO</arg>
<arg>SR</arg>
<arg>SS</arg>
<arg>ST</arg>
<arg>SV</arg>
<arg>SX</arg>
<arg>SY</arg>
<arg>SZ</arg>
<arg>TC</arg>
<arg>TD</arg>
<arg>TF</arg>
<arg>TG</arg>
<arg>TH</arg>
<arg>TJ</arg>
<arg>TK</arg>
<arg>TL</arg>
<arg>TM</arg>
<arg>TN</arg>
<arg>TO</arg>
<arg>TR</arg>
<arg>TT</arg>
<arg>TV</arg>
<arg>TW</arg>
<arg>TZ</arg>
<arg>UA</arg>
<arg>UG</arg>
<arg>UM</arg>
<arg>US</arg>
<arg>UY</arg>
<arg>UZ</arg>
<arg>VA</arg>
<arg>VC</arg>
<arg>VE</arg>
<arg>VG</arg>
<arg>VI</arg>
<arg>VN</arg>
<arg>VU</arg>
<arg>WF</arg>
<arg>WS</arg>
<arg>XK</arg>
<arg>YE</arg>
<arg>YT</arg>
<arg>ZA</arg>
<arg>ZM</arg>
<arg>ZW</arg>
<doc>Returns a list containing given items.</doc>
<status status="PASS" start="2024-05-08T14:12:58.992304" elapsed="0.000646"/>
</kw>
<kw name="List Should Contain Value" owner="Collections">
<msg time="2024-05-08T14:12:58.993954" level="INFO">False</msg>
<arg>${list_country}</arg>
<arg>${name_country}</arg>
<doc>Fails if the ``value`` is not found from ``list``.</doc>
<status status="PASS" start="2024-05-08T14:12:58.993752" elapsed="0.000239"/>
</kw>
<kw name="Run Keyword If" owner="BuiltIn">
<kw name="Should Be True" owner="BuiltIn">
<arg>${True}</arg>
<doc>Fails if the given condition is not true.</doc>
<status status="PASS" start="2024-05-08T14:12:58.995095" elapsed="0.000263"/>
</kw>
<arg>${json_data["results"][0]["location"]["coordinates"]["latitude"]} &gt;= -90 and ${json_data["results"][0]["location"]["coordinates"]["latitude"]} &lt;= 90</arg>
<arg>Should Be True</arg>
<arg>${True}</arg>
<doc>Runs the given keyword with the given arguments, if ``condition`` is true.</doc>
<status status="PASS" start="2024-05-08T14:12:58.994303" elapsed="0.001188"/>
</kw>
<kw name="Run Keyword If" owner="BuiltIn">
<kw name="Should Be True" owner="BuiltIn">
<arg>${True}</arg>
<doc>Fails if the given condition is not true.</doc>
<status status="PASS" start="2024-05-08T14:12:58.996409" elapsed="0.000141"/>
</kw>
<arg>${json_data["results"][0]["location"]["coordinates"]["longitude"]} &gt;= -180 and ${json_data["results"][0]["location"]["coordinates"]["longitude"]} &lt;= 180</arg>
<arg>Should Be True</arg>
<arg>${True}</arg>
<doc>Runs the given keyword with the given arguments, if ``condition`` is true.</doc>
<status status="PASS" start="2024-05-08T14:12:58.995679" elapsed="0.001021"/>
</kw>
<status status="PASS" start="2024-05-08T14:12:58.893525" elapsed="0.103362"/>
</kw>
<doc>Testa o conteúdo específico dos campos retornados pela API.</doc>
<tag>testeConteudo</tag>
<status status="PASS" start="2024-05-08T14:12:58.892871" elapsed="0.104175"/>
</test>
<status status="PASS" start="2024-05-08T14:12:58.185723" elapsed="0.813279"/>
</suite>
<status status="PASS" start="2024-05-08T14:12:58.172244" elapsed="0.831902"/>
</suite>
<statistics>
<total>
<stat pass="5" fail="0" skip="0">All Tests</stat>
</total>
<tag>
<stat pass="1" fail="0" skip="0">testeConteudo</stat>
<stat pass="1" fail="0" skip="0">testeEstruturaResposta</stat>
<stat pass="1" fail="0" skip="0">testeRequisicaoBasica</stat>
<stat pass="1" fail="0" skip="0">testeTiposDados</stat>
</tag>
<suite>
<stat pass="5" fail="0" skip="0" id="s1" name="Tests">Tests</stat>
<stat pass="5" fail="0" skip="0" id="s1-s1" name="Random-User-Test">Tests.Random-User-Test</stat>
</suite>
</statistics>
<errors>
</errors>
</robot>
