<?xml version="1.0" encoding="UTF-8"?>
<robot generator="Robot 7.0.1 (Python 3.12.4 on linux)" generated="2024-07-20T23:14:51.856917" rpa="false" schemaversion="5">
<suite id="s1" name="Tests" source="/home/runner/work/ApiRandomUser/ApiRandomUser/RamdonUser/tests">
<suite id="s1-s1" name="Random-User-Test" source="/home/runner/work/ApiRandomUser/ApiRandomUser/RamdonUser/tests/random-user-test.robot">
<test id="s1-s1-t1" name="Conectar" line="13">
<kw name="Conectar API" owner="random-user-service">
<kw name="Create Session" owner="RequestsLibrary">
<msg time="2024-07-20T23:14:52.256545" level="INFO">Creating Session using : alias=consultarAPI, url=https://randomuser.me/, headers={},                     cookies={}, auth=None, timeout=None, proxies=None, verify=False,                     debug=0 </msg>
<arg>consultarAPI</arg>
<arg>${URL}</arg>
<doc>Create Session: create a HTTP session to a server</doc>
<status status="PASS" start="2024-07-20T23:14:52.256349" elapsed="0.000375"/>
</kw>
<status status="PASS" start="2024-07-20T23:14:52.255397" elapsed="0.001702"/>
</kw>
<status status="PASS" start="2024-07-20T23:14:52.254871" elapsed="0.002423"/>
</test>
<test id="s1-s1-t2" name="Validar retorno 200 e JSON Válido" line="16">
<kw name="Teste de Requisicao Basica" owner="random-user-service">
<kw name="GET On Session" owner="RequestsLibrary">
<msg time="2024-07-20T23:14:52.445313" level="INFO">GET Request : url=https://randomuser.me/api 
 path_url=/api 
 headers={'User-Agent': 'python-requests/2.32.3', 'Accept-Encoding': 'gzip, deflate', 'Accept': '*/*', 'Connection': 'keep-alive'} 
 body=None 
 </msg>
<msg time="2024-07-20T23:14:52.445477" level="INFO">GET Response : url=https://randomuser.me/api 
 status=200, reason=OK 
 headers={'Date': 'Sat, 20 Jul 2024 23:14:52 GMT', 'Content-Type': 'application/json; charset=utf-8', 'Transfer-Encoding': 'chunked', 'Connection': 'keep-alive', 'X-Powered-By': 'Express', 'Access-Control-Allow-Origin': '*', 'Cache-Control': 'no-cache', 'ETag': 'W/"49a-OMwVJh/Mv0QeNRHwAlkdLPV0FJ8"', 'Vary': 'Accept-Encoding', 'Content-Encoding': 'gzip', 'CF-Cache-Status': 'DYNAMIC', 'Report-To': '{"endpoints":[{"url":"https:\\/\\/a.nel.cloudflare.com\\/report\\/v4?s=lS%2BpkpqUbo%2FzrOFUVBq0yYL21MWCHs%2F7Gv7Dnuo6o9RjXR5AUYPSydP4YFTJ46tuGpFRJS64BoMCR8iFCtTbZGCAfyIk%2B532mH60QcLZgVfvTS7ot6EaDDmhZA9oSiJF"}],"group":"cf-nel","max_age":604800}', 'NEL': '{"success_fraction":0,"report_to":"cf-nel","max_age":604800}', 'Server': 'cloudflare', 'CF-RAY': '8a66a6658ff1587e-IAD', 'alt-svc': 'h3=":443"; ma=86400'} 
 body={"results":[{"gender":"female","name":{"title":"Mrs","first":"Freya","last":"Lewis"},"location":{"street":{"number":8277,"name":"Lambie Drive"},"city":"Masterton","state":"Bay of Plenty","country":"New Zealand","postcode":45973,"coordinates":{"latitude":"52.0027","longitude":"59.4974"},"timezone":{"offset":"0:00","description":"Western Europe Time, London, Lisbon, Casablanca"}},"email":"freya.lewis@example.com","login":{"uuid":"5776d771-6732-4ed2-8878-60e92e9f43d1","username":"lazygoose132","password":"honey1","salt":"Emh4ZkaI","md5":"dc407c87e403ee08f975fe96c7b2632d","sha1":"bc0c2a6e63e8c58c1dbfe67b66135fc0972403ab","sha256":"c170a533ed9604909995e8c5a01bca3b143fe58ec322dd44b54c851e05eb3aee"},"dob":{"date":"1997-06-23T10:59:17.322Z","age":27},"registered":{"date":"2014-09-29T16:20:24.248Z","age":9},"phone":"(869)-228-1562","cell":"(235)-385-2585","id":{"name":"","value":null},"picture":{"large":"https://randomuser.me/api/portraits/women/13.jpg","medium":"https://randomuser.me/api/portraits/med/women/13.jpg","thumbnail":"https://randomuser.me/api/portraits/thumb/women/13.jpg"},"nat":"NZ"}],"info":{"seed":"205c1f3854473ee8","results":1,"page":1,"version":"1.4"}} 
 </msg>
<msg time="2024-07-20T23:14:52.445563" level="INFO">/opt/hostedtoolcache/Python/3.12.4/x64/lib/python3.12/site-packages/urllib3/connectionpool.py:1099: InsecureRequestWarning: Unverified HTTPS request is being made to host 'randomuser.me'. Adding certificate verification is strongly advised. See: https://urllib3.readthedocs.io/en/latest/advanced-usage.html#tls-warnings
  warnings.warn(</msg>
<msg time="2024-07-20T23:14:52.445715" level="INFO">${response} = &lt;Response [200]&gt;</msg>
<var>${response}</var>
<arg>consultarAPI</arg>
<arg>/api</arg>
<doc>Sends a GET request on a previously created HTTP Session.</doc>
<status status="PASS" start="2024-07-20T23:14:52.259858" elapsed="0.185900"/>
</kw>
<kw name="Should Be Equal As Numbers" owner="BuiltIn">
<msg time="2024-07-20T23:14:52.446948" level="INFO">Argument types are:
&lt;class 'int'&gt;
&lt;class 'str'&gt;</msg>
<arg>${response.status_code}</arg>
<arg>200</arg>
<doc>Fails if objects are unequal after converting them to real numbers.</doc>
<status status="PASS" start="2024-07-20T23:14:52.446443" elapsed="0.000576"/>
</kw>
<kw name="Log" owner="BuiltIn">
<msg time="2024-07-20T23:14:52.447775" level="INFO">200</msg>
<arg>${response.status_code}</arg>
<doc>Logs the given message with the given level.</doc>
<status status="PASS" start="2024-07-20T23:14:52.447394" elapsed="0.000427"/>
</kw>
<kw name="Set Variable" owner="BuiltIn">
<msg time="2024-07-20T23:14:52.448610" level="INFO">${json_data} = {'results': [{'gender': 'female', 'name': {'title': 'Mrs', 'first': 'Freya', 'last': 'Lewis'}, 'location': {'street': {'number': 8277, 'name': 'Lambie Drive'}, 'city': 'Masterton', 'state': 'Bay of Pl...</msg>
<var>${json_data}</var>
<arg>${response.json()}</arg>
<doc>Returns the given values which can then be assigned to a variables.</doc>
<status status="PASS" start="2024-07-20T23:14:52.448154" elapsed="0.000487"/>
</kw>
<kw name="Dictionary Should Contain Key" owner="Collections">
<arg>${json_data}</arg>
<arg>results</arg>
<doc>Fails if ``key`` is not found from ``dictionary``.</doc>
<status status="PASS" start="2024-07-20T23:14:52.448988" elapsed="0.000179"/>
</kw>
<status status="PASS" start="2024-07-20T23:14:52.259614" elapsed="0.189716"/>
</kw>
<doc>Testa se a API responde corretamente e retorna um objeto JSON válido.</doc>
<tag>testeRequisicaoBasica</tag>
<status status="PASS" start="2024-07-20T23:14:52.259158" elapsed="0.190352"/>
</test>
<test id="s1-s1-t3" name="Validar estrutura de resposta" line="22">
<kw name="Teste de Estrutura de Resposta" owner="random-user-service">
<kw name="GET On Session" owner="RequestsLibrary">
<msg time="2024-07-20T23:14:52.540294" level="INFO">GET Request : url=https://randomuser.me/api 
 path_url=/api 
 headers={'User-Agent': 'python-requests/2.32.3', 'Accept-Encoding': 'gzip, deflate', 'Accept': '*/*', 'Connection': 'keep-alive'} 
 body=None 
 </msg>
<msg time="2024-07-20T23:14:52.540416" level="INFO">GET Response : url=https://randomuser.me/api 
 status=200, reason=OK 
 headers={'Date': 'Sat, 20 Jul 2024 23:14:52 GMT', 'Content-Type': 'application/json; charset=utf-8', 'Transfer-Encoding': 'chunked', 'Connection': 'keep-alive', 'X-Powered-By': 'Express', 'Access-Control-Allow-Origin': '*', 'Cache-Control': 'no-cache', 'ETag': 'W/"496-XUy21eGRwa4eDTf8CVbyXtCw2pc"', 'Vary': 'Accept-Encoding', 'Content-Encoding': 'gzip', 'CF-Cache-Status': 'DYNAMIC', 'Report-To': '{"endpoints":[{"url":"https:\\/\\/a.nel.cloudflare.com\\/report\\/v4?s=9Vm2cW8rCYpZ3zpwCLYQdt2OvNeKPfTwyo%2BI%2FFDSwru6EgZBIyN%2BT3yV0fZgy%2F2wC0ZkbjZi%2FZBIHHCEC09WRV%2BAdxGDR6zu1vnuCgEZJ8H1CHjKvge3chl5%2BzLRX9hZ"}],"group":"cf-nel","max_age":604800}', 'NEL': '{"success_fraction":0,"report_to":"cf-nel","max_age":604800}', 'Server': 'cloudflare', 'CF-RAY': '8a66a665d844587e-IAD', 'alt-svc': 'h3=":443"; ma=86400'} 
 body={"results":[{"gender":"male","name":{"title":"Mr","first":"Valentín","last":"Herrera"},"location":{"street":{"number":5360,"name":"Calle de Argumosa"},"city":"Ferrol","state":"Islas Baleares","country":"Spain","postcode":17817,"coordinates":{"latitude":"-34.1433","longitude":"-171.8384"},"timezone":{"offset":"-3:00","description":"Brazil, Buenos Aires, Georgetown"}},"email":"valentin.herrera@example.com","login":{"uuid":"f65854b1-2d94-40ff-8400-7d6746b4c704","username":"angrybear546","password":"deadpool","salt":"lYMpa90V","md5":"56790335b974c491062d0a09eedb4701","sha1":"2e591803176a6c1da9dc52929c75f66711a525ee","sha256":"206ecc7344334e8b6380aa6806b793f49e7c21f88fc4430bb777c4efde4734fb"},"dob":{"date":"1991-09-13T07:00:23.066Z","age":32},"registered":{"date":"2010-04-11T00:35:43.005Z","age":14},"phone":"924-737-402","cell":"600-801-136","id":{"name":"DNI","value":"34733874-F"},"picture":{"large":"https://randomuser.me/api/portraits/men/47.jpg","medium":"https://randomuser.me/api/portraits/med/men/47.jpg","thumbnail":"https://randomuser.me/api/portraits/thumb/men/47.jpg"},"nat":"ES"}],"info":{"seed":"f3dd4217ae16ed6b","results":1,"page":1,"version":"1.4"}} 
 </msg>
<msg time="2024-07-20T23:14:52.540549" level="INFO">/opt/hostedtoolcache/Python/3.12.4/x64/lib/python3.12/site-packages/urllib3/connectionpool.py:1099: InsecureRequestWarning: Unverified HTTPS request is being made to host 'randomuser.me'. Adding certificate verification is strongly advised. See: https://urllib3.readthedocs.io/en/latest/advanced-usage.html#tls-warnings
  warnings.warn(</msg>
<msg time="2024-07-20T23:14:52.540688" level="INFO">${response} = &lt;Response [200]&gt;</msg>
<var>${response}</var>
<arg>consultarAPI</arg>
<arg>/api</arg>
<doc>Sends a GET request on a previously created HTTP Session.</doc>
<status status="PASS" start="2024-07-20T23:14:52.452281" elapsed="0.088447"/>
</kw>
<kw name="Set Variable" owner="BuiltIn">
<msg time="2024-07-20T23:14:52.541808" level="INFO">${json_data} = {'results': [{'gender': 'male', 'name': {'title': 'Mr', 'first': 'Valentín', 'last': 'Herrera'}, 'location': {'street': {'number': 5360, 'name': 'Calle de Argumosa'}, 'city': 'Ferrol', 'state': 'Islas...</msg>
<var>${json_data}</var>
<arg>${response.json()}</arg>
<doc>Returns the given values which can then be assigned to a variables.</doc>
<status status="PASS" start="2024-07-20T23:14:52.541262" elapsed="0.000577"/>
</kw>
<kw name="Log" owner="BuiltIn">
<msg time="2024-07-20T23:14:52.542350" level="INFO">{'results': [{'gender': 'male', 'name': {'title': 'Mr', 'first': 'Valentín', 'last': 'Herrera'}, 'location': {'street': {'number': 5360, 'name': 'Calle de Argumosa'}, 'city': 'Ferrol', 'state': 'Islas Baleares', 'country': 'Spain', 'postcode': 17817, 'coordinates': {'latitude': '-34.1433', 'longitude': '-171.8384'}, 'timezone': {'offset': '-3:00', 'description': 'Brazil, Buenos Aires, Georgetown'}}, 'email': 'valentin.herrera@example.com', 'login': {'uuid': 'f65854b1-2d94-40ff-8400-7d6746b4c704', 'username': 'angrybear546', 'password': 'deadpool', 'salt': 'lYMpa90V', 'md5': '56790335b974c491062d0a09eedb4701', 'sha1': '2e591803176a6c1da9dc52929c75f66711a525ee', 'sha256': '206ecc7344334e8b6380aa6806b793f49e7c21f88fc4430bb777c4efde4734fb'}, 'dob': {'date': '1991-09-13T07:00:23.066Z', 'age': 32}, 'registered': {'date': '2010-04-11T00:35:43.005Z', 'age': 14}, 'phone': '924-737-402', 'cell': '600-801-136', 'id': {'name': 'DNI', 'value': '34733874-F'}, 'picture': {'large': 'https://randomuser.me/api/portraits/men/47.jpg', 'medium': 'https://randomuser.me/api/portraits/med/men/47.jpg', 'thumbnail': 'https://randomuser.me/api/portraits/thumb/men/47.jpg'}, 'nat': 'ES'}], 'info': {'seed': 'f3dd4217ae16ed6b', 'results': 1, 'page': 1, 'version': '1.4'}}</msg>
<arg>${json_data}</arg>
<doc>Logs the given message with the given level.</doc>
<status status="PASS" start="2024-07-20T23:14:52.542172" elapsed="0.000233"/>
</kw>
<kw name="Dictionary Should Contain Key" owner="Collections">
<arg>${json_data}</arg>
<arg>results</arg>
<doc>Fails if ``key`` is not found from ``dictionary``.</doc>
<status status="PASS" start="2024-07-20T23:14:52.542716" elapsed="0.000168"/>
</kw>
<kw name="Should Not Be Empty" owner="BuiltIn">
<msg time="2024-07-20T23:14:52.543205" level="INFO">Length is 2.</msg>
<arg>${json_data}</arg>
<doc>Verifies that the given item is not empty.</doc>
<status status="PASS" start="2024-07-20T23:14:52.543073" elapsed="0.000172"/>
</kw>
<kw name="Create List" owner="BuiltIn">
<msg time="2024-07-20T23:14:52.543873" level="INFO">${expected_keys} = ['gender', 'name', 'location', 'email', 'login']</msg>
<var>${expected_keys}</var>
<arg>gender</arg>
<arg>name</arg>
<arg>location</arg>
<arg>email</arg>
<arg>login</arg>
<doc>Returns a list containing given items.</doc>
<status status="PASS" start="2024-07-20T23:14:52.543547" elapsed="0.000352"/>
</kw>
<for flavor="IN">
<iter>
<kw name="Dictionary Should Contain Key" owner="Collections">
<arg>${json_data['results'][0]}</arg>
<arg>${key}</arg>
<doc>Fails if ``key`` is not found from ``dictionary``.</doc>
<status status="PASS" start="2024-07-20T23:14:52.544506" elapsed="0.000457"/>
</kw>
<kw name="Log" owner="BuiltIn">
<msg time="2024-07-20T23:14:52.545530" level="INFO">{'gender': 'male', 'name': {'title': 'Mr', 'first': 'Valentín', 'last': 'Herrera'}, 'location': {'street': {'number': 5360, 'name': 'Calle de Argumosa'}, 'city': 'Ferrol', 'state': 'Islas Baleares', 'country': 'Spain', 'postcode': 17817, 'coordinates': {'latitude': '-34.1433', 'longitude': '-171.8384'}, 'timezone': {'offset': '-3:00', 'description': 'Brazil, Buenos Aires, Georgetown'}}, 'email': 'valentin.herrera@example.com', 'login': {'uuid': 'f65854b1-2d94-40ff-8400-7d6746b4c704', 'username': 'angrybear546', 'password': 'deadpool', 'salt': 'lYMpa90V', 'md5': '56790335b974c491062d0a09eedb4701', 'sha1': '2e591803176a6c1da9dc52929c75f66711a525ee', 'sha256': '206ecc7344334e8b6380aa6806b793f49e7c21f88fc4430bb777c4efde4734fb'}, 'dob': {'date': '1991-09-13T07:00:23.066Z', 'age': 32}, 'registered': {'date': '2010-04-11T00:35:43.005Z', 'age': 14}, 'phone': '924-737-402', 'cell': '600-801-136', 'id': {'name': 'DNI', 'value': '34733874-F'}, 'picture': {'large': 'https://randomuser.me/api/portraits/men/47.jpg', 'medium': 'https://randomuser.me/api/portraits/med/men/47.jpg', 'thumbnail': 'https://randomuser.me/api/portraits/thumb/men/47.jpg'}, 'nat': 'ES'}</msg>
<arg>${json_data['results'][0]}</arg>
<doc>Logs the given message with the given level.</doc>
<status status="PASS" start="2024-07-20T23:14:52.545157" elapsed="0.000426"/>
</kw>
<kw name="Log" owner="BuiltIn">
<msg time="2024-07-20T23:14:52.546018" level="INFO">gender</msg>
<arg>${key}</arg>
<doc>Logs the given message with the given level.</doc>
<status status="PASS" start="2024-07-20T23:14:52.545887" elapsed="0.000171"/>
</kw>
<var name="${key}">gender</var>
<status status="PASS" start="2024-07-20T23:14:52.544377" elapsed="0.001901"/>
</iter>
<iter>
<kw name="Dictionary Should Contain Key" owner="Collections">
<arg>${json_data['results'][0]}</arg>
<arg>${key}</arg>
<doc>Fails if ``key`` is not found from ``dictionary``.</doc>
<status status="PASS" start="2024-07-20T23:14:52.546580" elapsed="0.000396"/>
</kw>
<kw name="Log" owner="BuiltIn">
<msg time="2024-07-20T23:14:52.547518" level="INFO">{'gender': 'male', 'name': {'title': 'Mr', 'first': 'Valentín', 'last': 'Herrera'}, 'location': {'street': {'number': 5360, 'name': 'Calle de Argumosa'}, 'city': 'Ferrol', 'state': 'Islas Baleares', 'country': 'Spain', 'postcode': 17817, 'coordinates': {'latitude': '-34.1433', 'longitude': '-171.8384'}, 'timezone': {'offset': '-3:00', 'description': 'Brazil, Buenos Aires, Georgetown'}}, 'email': 'valentin.herrera@example.com', 'login': {'uuid': 'f65854b1-2d94-40ff-8400-7d6746b4c704', 'username': 'angrybear546', 'password': 'deadpool', 'salt': 'lYMpa90V', 'md5': '56790335b974c491062d0a09eedb4701', 'sha1': '2e591803176a6c1da9dc52929c75f66711a525ee', 'sha256': '206ecc7344334e8b6380aa6806b793f49e7c21f88fc4430bb777c4efde4734fb'}, 'dob': {'date': '1991-09-13T07:00:23.066Z', 'age': 32}, 'registered': {'date': '2010-04-11T00:35:43.005Z', 'age': 14}, 'phone': '924-737-402', 'cell': '600-801-136', 'id': {'name': 'DNI', 'value': '34733874-F'}, 'picture': {'large': 'https://randomuser.me/api/portraits/men/47.jpg', 'medium': 'https://randomuser.me/api/portraits/med/men/47.jpg', 'thumbnail': 'https://randomuser.me/api/portraits/thumb/men/47.jpg'}, 'nat': 'ES'}</msg>
<arg>${json_data['results'][0]}</arg>
<doc>Logs the given message with the given level.</doc>
<status status="PASS" start="2024-07-20T23:14:52.547163" elapsed="0.000440"/>
</kw>
<kw name="Log" owner="BuiltIn">
<msg time="2024-07-20T23:14:52.548037" level="INFO">name</msg>
<arg>${key}</arg>
<doc>Logs the given message with the given level.</doc>
<status status="PASS" start="2024-07-20T23:14:52.547906" elapsed="0.000169"/>
</kw>
<var name="${key}">name</var>
<status status="PASS" start="2024-07-20T23:14:52.546468" elapsed="0.001826"/>
</iter>
<iter>
<kw name="Dictionary Should Contain Key" owner="Collections">
<arg>${json_data['results'][0]}</arg>
<arg>${key}</arg>
<doc>Fails if ``key`` is not found from ``dictionary``.</doc>
<status status="PASS" start="2024-07-20T23:14:52.548584" elapsed="0.000424"/>
</kw>
<kw name="Log" owner="BuiltIn">
<msg time="2024-07-20T23:14:52.549558" level="INFO">{'gender': 'male', 'name': {'title': 'Mr', 'first': 'Valentín', 'last': 'Herrera'}, 'location': {'street': {'number': 5360, 'name': 'Calle de Argumosa'}, 'city': 'Ferrol', 'state': 'Islas Baleares', 'country': 'Spain', 'postcode': 17817, 'coordinates': {'latitude': '-34.1433', 'longitude': '-171.8384'}, 'timezone': {'offset': '-3:00', 'description': 'Brazil, Buenos Aires, Georgetown'}}, 'email': 'valentin.herrera@example.com', 'login': {'uuid': 'f65854b1-2d94-40ff-8400-7d6746b4c704', 'username': 'angrybear546', 'password': 'deadpool', 'salt': 'lYMpa90V', 'md5': '56790335b974c491062d0a09eedb4701', 'sha1': '2e591803176a6c1da9dc52929c75f66711a525ee', 'sha256': '206ecc7344334e8b6380aa6806b793f49e7c21f88fc4430bb777c4efde4734fb'}, 'dob': {'date': '1991-09-13T07:00:23.066Z', 'age': 32}, 'registered': {'date': '2010-04-11T00:35:43.005Z', 'age': 14}, 'phone': '924-737-402', 'cell': '600-801-136', 'id': {'name': 'DNI', 'value': '34733874-F'}, 'picture': {'large': 'https://randomuser.me/api/portraits/men/47.jpg', 'medium': 'https://randomuser.me/api/portraits/med/men/47.jpg', 'thumbnail': 'https://randomuser.me/api/portraits/thumb/men/47.jpg'}, 'nat': 'ES'}</msg>
<arg>${json_data['results'][0]}</arg>
<doc>Logs the given message with the given level.</doc>
<status status="PASS" start="2024-07-20T23:14:52.549194" elapsed="0.000413"/>
</kw>
<kw name="Log" owner="BuiltIn">
<msg time="2024-07-20T23:14:52.550042" level="INFO">location</msg>
<arg>${key}</arg>
<doc>Logs the given message with the given level.</doc>
<status status="PASS" start="2024-07-20T23:14:52.549904" elapsed="0.000178"/>
</kw>
<var name="${key}">location</var>
<status status="PASS" start="2024-07-20T23:14:52.548475" elapsed="0.001825"/>
</iter>
<iter>
<kw name="Dictionary Should Contain Key" owner="Collections">
<arg>${json_data['results'][0]}</arg>
<arg>${key}</arg>
<doc>Fails if ``key`` is not found from ``dictionary``.</doc>
<status status="PASS" start="2024-07-20T23:14:52.550585" elapsed="0.000385"/>
</kw>
<kw name="Log" owner="BuiltIn">
<msg time="2024-07-20T23:14:52.551505" level="INFO">{'gender': 'male', 'name': {'title': 'Mr', 'first': 'Valentín', 'last': 'Herrera'}, 'location': {'street': {'number': 5360, 'name': 'Calle de Argumosa'}, 'city': 'Ferrol', 'state': 'Islas Baleares', 'country': 'Spain', 'postcode': 17817, 'coordinates': {'latitude': '-34.1433', 'longitude': '-171.8384'}, 'timezone': {'offset': '-3:00', 'description': 'Brazil, Buenos Aires, Georgetown'}}, 'email': 'valentin.herrera@example.com', 'login': {'uuid': 'f65854b1-2d94-40ff-8400-7d6746b4c704', 'username': 'angrybear546', 'password': 'deadpool', 'salt': 'lYMpa90V', 'md5': '56790335b974c491062d0a09eedb4701', 'sha1': '2e591803176a6c1da9dc52929c75f66711a525ee', 'sha256': '206ecc7344334e8b6380aa6806b793f49e7c21f88fc4430bb777c4efde4734fb'}, 'dob': {'date': '1991-09-13T07:00:23.066Z', 'age': 32}, 'registered': {'date': '2010-04-11T00:35:43.005Z', 'age': 14}, 'phone': '924-737-402', 'cell': '600-801-136', 'id': {'name': 'DNI', 'value': '34733874-F'}, 'picture': {'large': 'https://randomuser.me/api/portraits/men/47.jpg', 'medium': 'https://randomuser.me/api/portraits/med/men/47.jpg', 'thumbnail': 'https://randomuser.me/api/portraits/thumb/men/47.jpg'}, 'nat': 'ES'}</msg>
<arg>${json_data['results'][0]}</arg>
<doc>Logs the given message with the given level.</doc>
<status status="PASS" start="2024-07-20T23:14:52.551152" elapsed="0.000402"/>
</kw>
<kw name="Log" owner="BuiltIn">
<msg time="2024-07-20T23:14:52.551976" level="INFO">email</msg>
<arg>${key}</arg>
<doc>Logs the given message with the given level.</doc>
<status status="PASS" start="2024-07-20T23:14:52.551847" elapsed="0.000169"/>
</kw>
<var name="${key}">email</var>
<status status="PASS" start="2024-07-20T23:14:52.550473" elapsed="0.001755"/>
</iter>
<iter>
<kw name="Dictionary Should Contain Key" owner="Collections">
<arg>${json_data['results'][0]}</arg>
<arg>${key}</arg>
<doc>Fails if ``key`` is not found from ``dictionary``.</doc>
<status status="PASS" start="2024-07-20T23:14:52.552512" elapsed="0.000422"/>
</kw>
<kw name="Log" owner="BuiltIn">
<msg time="2024-07-20T23:14:52.553476" level="INFO">{'gender': 'male', 'name': {'title': 'Mr', 'first': 'Valentín', 'last': 'Herrera'}, 'location': {'street': {'number': 5360, 'name': 'Calle de Argumosa'}, 'city': 'Ferrol', 'state': 'Islas Baleares', 'country': 'Spain', 'postcode': 17817, 'coordinates': {'latitude': '-34.1433', 'longitude': '-171.8384'}, 'timezone': {'offset': '-3:00', 'description': 'Brazil, Buenos Aires, Georgetown'}}, 'email': 'valentin.herrera@example.com', 'login': {'uuid': 'f65854b1-2d94-40ff-8400-7d6746b4c704', 'username': 'angrybear546', 'password': 'deadpool', 'salt': 'lYMpa90V', 'md5': '56790335b974c491062d0a09eedb4701', 'sha1': '2e591803176a6c1da9dc52929c75f66711a525ee', 'sha256': '206ecc7344334e8b6380aa6806b793f49e7c21f88fc4430bb777c4efde4734fb'}, 'dob': {'date': '1991-09-13T07:00:23.066Z', 'age': 32}, 'registered': {'date': '2010-04-11T00:35:43.005Z', 'age': 14}, 'phone': '924-737-402', 'cell': '600-801-136', 'id': {'name': 'DNI', 'value': '34733874-F'}, 'picture': {'large': 'https://randomuser.me/api/portraits/men/47.jpg', 'medium': 'https://randomuser.me/api/portraits/med/men/47.jpg', 'thumbnail': 'https://randomuser.me/api/portraits/thumb/men/47.jpg'}, 'nat': 'ES'}</msg>
<arg>${json_data['results'][0]}</arg>
<doc>Logs the given message with the given level.</doc>
<status status="PASS" start="2024-07-20T23:14:52.553120" elapsed="0.000406"/>
</kw>
<kw name="Log" owner="BuiltIn">
<msg time="2024-07-20T23:14:52.553946" level="INFO">login</msg>
<arg>${key}</arg>
<doc>Logs the given message with the given level.</doc>
<status status="PASS" start="2024-07-20T23:14:52.553820" elapsed="0.000170"/>
</kw>
<var name="${key}">login</var>
<status status="PASS" start="2024-07-20T23:14:52.552399" elapsed="0.001816"/>
</iter>
<var>${key}</var>
<value>@{expected_keys}</value>
<status status="PASS" start="2024-07-20T23:14:52.544171" elapsed="0.010165"/>
</for>
<kw name="Create List" owner="BuiltIn">
<msg time="2024-07-20T23:14:52.554664" level="INFO">${expected_keysTwo} = ['username', 'password']</msg>
<var>${expected_keysTwo}</var>
<arg>username</arg>
<arg>password</arg>
<doc>Returns a list containing given items.</doc>
<status status="PASS" start="2024-07-20T23:14:52.554526" elapsed="0.000190"/>
</kw>
<for flavor="IN">
<iter>
<kw name="Dictionary Should Contain Key" owner="Collections">
<arg>${json_data['results'][0]['login']}</arg>
<arg>${keyTwo}</arg>
<doc>Fails if ``key`` is not found from ``dictionary``.</doc>
<status status="PASS" start="2024-07-20T23:14:52.555225" elapsed="0.000388"/>
</kw>
<kw name="Dictionary Should Contain Key" owner="Collections">
<arg>${json_data['results'][0]['login']}</arg>
<arg>${keyTwo}</arg>
<doc>Fails if ``key`` is not found from ``dictionary``.</doc>
<status status="PASS" start="2024-07-20T23:14:52.555796" elapsed="0.000373"/>
</kw>
<kw name="Log" owner="BuiltIn">
<msg time="2024-07-20T23:14:52.556470" level="INFO">username</msg>
<arg>${keyTwo}</arg>
<doc>Logs the given message with the given level.</doc>
<status status="PASS" start="2024-07-20T23:14:52.556347" elapsed="0.000162"/>
</kw>
<var name="${keyTwo}">username</var>
<status status="PASS" start="2024-07-20T23:14:52.555118" elapsed="0.001609"/>
</iter>
<iter>
<kw name="Dictionary Should Contain Key" owner="Collections">
<arg>${json_data['results'][0]['login']}</arg>
<arg>${keyTwo}</arg>
<doc>Fails if ``key`` is not found from ``dictionary``.</doc>
<status status="PASS" start="2024-07-20T23:14:52.557052" elapsed="0.000388"/>
</kw>
<kw name="Dictionary Should Contain Key" owner="Collections">
<arg>${json_data['results'][0]['login']}</arg>
<arg>${keyTwo}</arg>
<doc>Fails if ``key`` is not found from ``dictionary``.</doc>
<status status="PASS" start="2024-07-20T23:14:52.557619" elapsed="0.000375"/>
</kw>
<kw name="Log" owner="BuiltIn">
<msg time="2024-07-20T23:14:52.558301" level="INFO">password</msg>
<arg>${keyTwo}</arg>
<doc>Logs the given message with the given level.</doc>
<status status="PASS" start="2024-07-20T23:14:52.558175" elapsed="0.000164"/>
</kw>
<var name="${keyTwo}">password</var>
<status status="PASS" start="2024-07-20T23:14:52.556935" elapsed="0.001719"/>
</iter>
<var>${keyTwo}</var>
<value>@{expected_keysTwo}</value>
<status status="PASS" start="2024-07-20T23:14:52.554965" elapsed="0.003811"/>
</for>
<status status="PASS" start="2024-07-20T23:14:52.452029" elapsed="0.106890"/>
</kw>
<doc>Testa a estrutura da resposta da API.</doc>
<tag>testeEstruturaResposta</tag>
<status status="PASS" start="2024-07-20T23:14:52.451405" elapsed="0.107676"/>
</test>
<test id="s1-s1-t4" name="Validar tipos de dados" line="28">
<kw name="Teste de Tipos de Dados" owner="random-user-service">
<kw name="GET On Session" owner="RequestsLibrary">
<msg time="2024-07-20T23:14:52.640695" level="INFO">GET Request : url=https://randomuser.me/api 
 path_url=/api 
 headers={'User-Agent': 'python-requests/2.32.3', 'Accept-Encoding': 'gzip, deflate', 'Accept': '*/*', 'Connection': 'keep-alive'} 
 body=None 
 </msg>
<msg time="2024-07-20T23:14:52.640761" level="INFO">GET Response : url=https://randomuser.me/api 
 status=200, reason=OK 
 headers={'Date': 'Sat, 20 Jul 2024 23:14:52 GMT', 'Content-Type': 'application/json; charset=utf-8', 'Transfer-Encoding': 'chunked', 'Connection': 'keep-alive', 'X-Powered-By': 'Express', 'Access-Control-Allow-Origin': '*', 'Cache-Control': 'no-cache', 'ETag': 'W/"487-wfIu4iIACiRSnpHxikfovnlTWKI"', 'Vary': 'Accept-Encoding', 'Content-Encoding': 'gzip', 'CF-Cache-Status': 'DYNAMIC', 'Report-To': '{"endpoints":[{"url":"https:\\/\\/a.nel.cloudflare.com\\/report\\/v4?s=Erdd3%2BMv51qic1%2F7hPKa1H6Pudz5PS7OgKt1%2FrQ%2BulHP3V6VtiKnaji8%2F%2BxdJoE7dtMr0%2BzMh21SsQuif4Pub4zH8X25fRsxiX6d8wtujNefqlNV4Y%2BnLyfHatpzpR3F"}],"group":"cf-nel","max_age":604800}', 'NEL': '{"success_fraction":0,"report_to":"cf-nel","max_age":604800}', 'Server': 'cloudflare', 'CF-RAY': '8a66a66688fd587e-IAD', 'alt-svc': 'h3=":443"; ma=86400'} 
 body={"results":[{"gender":"male","name":{"title":"Mr","first":"James","last":"Walker"},"location":{"street":{"number":335,"name":"Avalon Drive"},"city":"Upper Hutt","state":"Gisborne","country":"New Zealand","postcode":77558,"coordinates":{"latitude":"50.9813","longitude":"-16.2217"},"timezone":{"offset":"+5:30","description":"Bombay, Calcutta, Madras, New Delhi"}},"email":"james.walker@example.com","login":{"uuid":"8cb00d3c-935e-4e43-8e78-bc95c4aaa5e3","username":"heavylion731","password":"trouble1","salt":"Kmv45smt","md5":"75204fc94d1b2c37ab9dbe32f031489f","sha1":"1d15dcb93d729ec5ff2ef53bc44eddbce9d74441","sha256":"fd36d22647c6c65a069e4a93759236677d9037c3c2de219402ee0b6fdda0c7e4"},"dob":{"date":"1989-04-20T16:00:53.725Z","age":35},"registered":{"date":"2014-04-20T15:29:18.358Z","age":10},"phone":"(726)-663-9202","cell":"(852)-857-2140","id":{"name":"","value":null},"picture":{"large":"https://randomuser.me/api/portraits/men/37.jpg","medium":"https://randomuser.me/api/portraits/med/men/37.jpg","thumbnail":"https://randomuser.me/api/portraits/thumb/men/37.jpg"},"nat":"NZ"}],"info":{"seed":"56d16db011ad9ff0","results":1,"page":1,"version":"1.4"}} 
 </msg>
<msg time="2024-07-20T23:14:52.640821" level="INFO">/opt/hostedtoolcache/Python/3.12.4/x64/lib/python3.12/site-packages/urllib3/connectionpool.py:1099: InsecureRequestWarning: Unverified HTTPS request is being made to host 'randomuser.me'. Adding certificate verification is strongly advised. See: https://urllib3.readthedocs.io/en/latest/advanced-usage.html#tls-warnings
  warnings.warn(</msg>
<msg time="2024-07-20T23:14:52.640939" level="INFO">${response} = &lt;Response [200]&gt;</msg>
<var>${response}</var>
<arg>consultarAPI</arg>
<arg>/api</arg>
<doc>Sends a GET request on a previously created HTTP Session.</doc>
<status status="PASS" start="2024-07-20T23:14:52.561595" elapsed="0.079373"/>
</kw>
<kw name="Set Variable" owner="BuiltIn">
<msg time="2024-07-20T23:14:52.641824" level="INFO">${json_data} = {'results': [{'gender': 'male', 'name': {'title': 'Mr', 'first': 'James', 'last': 'Walker'}, 'location': {'street': {'number': 335, 'name': 'Avalon Drive'}, 'city': 'Upper Hutt', 'state': 'Gisborne', ...</msg>
<var>${json_data}</var>
<arg>${response.json()}</arg>
<doc>Returns the given values which can then be assigned to a variables.</doc>
<status status="PASS" start="2024-07-20T23:14:52.641357" elapsed="0.000495"/>
</kw>
<kw name="Log" owner="BuiltIn">
<msg time="2024-07-20T23:14:52.642306" level="INFO">{'results': [{'gender': 'male', 'name': {'title': 'Mr', 'first': 'James', 'last': 'Walker'}, 'location': {'street': {'number': 335, 'name': 'Avalon Drive'}, 'city': 'Upper Hutt', 'state': 'Gisborne', 'country': 'New Zealand', 'postcode': 77558, 'coordinates': {'latitude': '50.9813', 'longitude': '-16.2217'}, 'timezone': {'offset': '+5:30', 'description': 'Bombay, Calcutta, Madras, New Delhi'}}, 'email': 'james.walker@example.com', 'login': {'uuid': '8cb00d3c-935e-4e43-8e78-bc95c4aaa5e3', 'username': 'heavylion731', 'password': 'trouble1', 'salt': 'Kmv45smt', 'md5': '75204fc94d1b2c37ab9dbe32f031489f', 'sha1': '1d15dcb93d729ec5ff2ef53bc44eddbce9d74441', 'sha256': 'fd36d22647c6c65a069e4a93759236677d9037c3c2de219402ee0b6fdda0c7e4'}, 'dob': {'date': '1989-04-20T16:00:53.725Z', 'age': 35}, 'registered': {'date': '2014-04-20T15:29:18.358Z', 'age': 10}, 'phone': '(726)-663-9202', 'cell': '(852)-857-2140', 'id': {'name': '', 'value': None}, 'picture': {'large': 'https://randomuser.me/api/portraits/men/37.jpg', 'medium': 'https://randomuser.me/api/portraits/med/men/37.jpg', 'thumbnail': 'https://randomuser.me/api/portraits/thumb/men/37.jpg'}, 'nat': 'NZ'}], 'info': {'seed': '56d16db011ad9ff0', 'results': 1, 'page': 1, 'version': '1.4'}}</msg>
<arg>${json_data}</arg>
<doc>Logs the given message with the given level.</doc>
<status status="PASS" start="2024-07-20T23:14:52.642153" elapsed="0.000200"/>
</kw>
<kw name="Should Be String" owner="String">
<arg>${json_data['results'][0]['gender']}</arg>
<doc>Fails if the given ``item`` is not a string.</doc>
<status status="PASS" start="2024-07-20T23:14:52.642644" elapsed="0.000364"/>
</kw>
<kw name="Should Match Regexp" owner="BuiltIn">
<arg>${json_data['results'][0]['email']}</arg>
<arg>^[a-zA-Z0-9._%+-]+@[a-zA-Z0-9.-]+\.[a-zA-Z]{2,}$</arg>
<doc>Fails if ``string`` does not match ``pattern`` as a regular expression.</doc>
<status status="PASS" start="2024-07-20T23:14:52.643197" elapsed="0.000519"/>
</kw>
<kw name="Should Match Regexp" owner="BuiltIn">
<arg>${json_data['results'][0]['dob']['date']}</arg>
<arg>\\d{4}-\\d{2}-\\d{2}T\\d{2}:\\d{2}:\\d{2}\\.\\d{3}Z</arg>
<doc>Fails if ``string`` does not match ``pattern`` as a regular expression.</doc>
<status status="PASS" start="2024-07-20T23:14:52.643944" elapsed="0.000493"/>
</kw>
<kw name="Should Match Regexp" owner="BuiltIn">
<arg>${json_data['results'][0]['registered']['date']}</arg>
<arg>\\d{4}-\\d{2}-\\d{2}T\\d{2}:\\d{2}:\\d{2}\\.\\d{3}Z</arg>
<doc>Fails if ``string`` does not match ``pattern`` as a regular expression.</doc>
<status status="PASS" start="2024-07-20T23:14:52.644627" elapsed="0.000409"/>
</kw>
<kw name="Should Match Regexp" owner="BuiltIn">
<arg>${json_data['results'][0]['picture']['large']}</arg>
<arg>^https?://.*\.(?:png|jpe?g|gif|bmp)$</arg>
<doc>Fails if ``string`` does not match ``pattern`` as a regular expression.</doc>
<status status="PASS" start="2024-07-20T23:14:52.645223" elapsed="0.000459"/>
</kw>
<kw name="Should Match Regexp" owner="BuiltIn">
<arg>${json_data['results'][0]['picture']['medium']}</arg>
<arg>^https?://.*\.(?:png|jpe?g|gif|bmp)$</arg>
<doc>Fails if ``string`` does not match ``pattern`` as a regular expression.</doc>
<status status="PASS" start="2024-07-20T23:14:52.645868" elapsed="0.000359"/>
</kw>
<kw name="Should Match Regexp" owner="BuiltIn">
<arg>${json_data['results'][0]['picture']['thumbnail']}</arg>
<arg>^https?://.*\.(?:png|jpe?g|gif|bmp)$</arg>
<doc>Fails if ``string`` does not match ``pattern`` as a regular expression.</doc>
<status status="PASS" start="2024-07-20T23:14:52.646413" elapsed="0.000351"/>
</kw>
<kw name="Log" owner="BuiltIn">
<msg time="2024-07-20T23:14:52.647277" level="INFO">{'large': 'https://randomuser.me/api/portraits/men/37.jpg', 'medium': 'https://randomuser.me/api/portraits/med/men/37.jpg', 'thumbnail': 'https://randomuser.me/api/portraits/thumb/men/37.jpg'}</msg>
<arg>${json_data['results'][0]['picture']}</arg>
<doc>Logs the given message with the given level.</doc>
<status status="PASS" start="2024-07-20T23:14:52.646942" elapsed="0.000379"/>
</kw>
<status status="PASS" start="2024-07-20T23:14:52.561371" elapsed="0.086211"/>
</kw>
<kw name="Teste de Tipos de Dados - Postcode" owner="random-user-service">
<kw name="GET On Session" owner="RequestsLibrary">
<msg time="2024-07-20T23:14:52.745156" level="INFO">GET Request : url=https://randomuser.me/api 
 path_url=/api 
 headers={'User-Agent': 'python-requests/2.32.3', 'Accept-Encoding': 'gzip, deflate', 'Accept': '*/*', 'Connection': 'keep-alive'} 
 body=None 
 </msg>
<msg time="2024-07-20T23:14:52.745253" level="INFO">GET Response : url=https://randomuser.me/api 
 status=200, reason=OK 
 headers={'Date': 'Sat, 20 Jul 2024 23:14:52 GMT', 'Content-Type': 'application/json; charset=utf-8', 'Transfer-Encoding': 'chunked', 'Connection': 'keep-alive', 'X-Powered-By': 'Express', 'Access-Control-Allow-Origin': '*', 'Cache-Control': 'no-cache', 'ETag': 'W/"49a-GuDK71mThvViKQ9HX6j0MfnZ6TE"', 'Vary': 'Accept-Encoding', 'Content-Encoding': 'gzip', 'CF-Cache-Status': 'DYNAMIC', 'Report-To': '{"endpoints":[{"url":"https:\\/\\/a.nel.cloudflare.com\\/report\\/v4?s=NH2OmMzFl2fZ1CqJJvnnTC1bEX5oPfUQaa0RhwO%2Fpx0WdM6w6oJcQjnDSC%2FfGJacI9Kle4IHGMXwQSsnHnDait5UuXmdwK%2BREBfJL5xdOHGth%2B9ZjsBfCPKdMp5eNtgB"}],"group":"cf-nel","max_age":604800}', 'NEL': '{"success_fraction":0,"report_to":"cf-nel","max_age":604800}', 'Server': 'cloudflare', 'CF-RAY': '8a66a667199d587e-IAD', 'alt-svc': 'h3=":443"; ma=86400'} 
 body={"results":[{"gender":"female","name":{"title":"Miss","first":"Sanja","last":"Radović"},"location":{"street":{"number":990,"name":"Trinaestog Oktobra"},"city":"Senta","state":"North Banat","country":"Serbia","postcode":78314,"coordinates":{"latitude":"63.7556","longitude":"141.8139"},"timezone":{"offset":"+11:00","description":"Magadan, Solomon Islands, New Caledonia"}},"email":"sanja.radovic@example.com","login":{"uuid":"b90f1db6-cfa4-42c7-88c3-fbe0c565b03a","username":"bluezebra754","password":"sang","salt":"0NpkYCrH","md5":"e09c6ba18736b800f609534774e17478","sha1":"9971602677b99477c133073be906cd62ef36c72c","sha256":"1117fc8c08820a2941be57c8f74a4a1be62a24f5562962f53e3a988c1d4e62bd"},"dob":{"date":"1995-12-28T02:12:01.270Z","age":28},"registered":{"date":"2002-06-11T09:25:01.392Z","age":22},"phone":"013-3702-613","cell":"063-3069-086","id":{"name":"SID","value":"773113358"},"picture":{"large":"https://randomuser.me/api/portraits/women/75.jpg","medium":"https://randomuser.me/api/portraits/med/women/75.jpg","thumbnail":"https://randomuser.me/api/portraits/thumb/women/75.jpg"},"nat":"RS"}],"info":{"seed":"a9a630d3002130c4","results":1,"page":1,"version":"1.4"}} 
 </msg>
<msg time="2024-07-20T23:14:52.745338" level="INFO">/opt/hostedtoolcache/Python/3.12.4/x64/lib/python3.12/site-packages/urllib3/connectionpool.py:1099: InsecureRequestWarning: Unverified HTTPS request is being made to host 'randomuser.me'. Adding certificate verification is strongly advised. See: https://urllib3.readthedocs.io/en/latest/advanced-usage.html#tls-warnings
  warnings.warn(</msg>
<msg time="2024-07-20T23:14:52.745468" level="INFO">${response} = &lt;Response [200]&gt;</msg>
<var>${response}</var>
<arg>consultarAPI</arg>
<arg>/api</arg>
<doc>Sends a GET request on a previously created HTTP Session.</doc>
<status status="PASS" start="2024-07-20T23:14:52.648033" elapsed="0.097485"/>
</kw>
<kw name="Set Variable" owner="BuiltIn">
<msg time="2024-07-20T23:14:52.746485" level="INFO">${json_data} = {'results': [{'gender': 'female', 'name': {'title': 'Miss', 'first': 'Sanja', 'last': 'Radović'}, 'location': {'street': {'number': 990, 'name': 'Trinaestog Oktobra'}, 'city': 'Senta', 'state': 'North...</msg>
<var>${json_data}</var>
<arg>${response.json()}</arg>
<doc>Returns the given values which can then be assigned to a variables.</doc>
<status status="PASS" start="2024-07-20T23:14:52.745991" elapsed="0.000525"/>
</kw>
<kw name="Log" owner="BuiltIn">
<msg time="2024-07-20T23:14:52.746989" level="INFO">{'results': [{'gender': 'female', 'name': {'title': 'Miss', 'first': 'Sanja', 'last': 'Radović'}, 'location': {'street': {'number': 990, 'name': 'Trinaestog Oktobra'}, 'city': 'Senta', 'state': 'North Banat', 'country': 'Serbia', 'postcode': 78314, 'coordinates': {'latitude': '63.7556', 'longitude': '141.8139'}, 'timezone': {'offset': '+11:00', 'description': 'Magadan, Solomon Islands, New Caledonia'}}, 'email': 'sanja.radovic@example.com', 'login': {'uuid': 'b90f1db6-cfa4-42c7-88c3-fbe0c565b03a', 'username': 'bluezebra754', 'password': 'sang', 'salt': '0NpkYCrH', 'md5': 'e09c6ba18736b800f609534774e17478', 'sha1': '9971602677b99477c133073be906cd62ef36c72c', 'sha256': '1117fc8c08820a2941be57c8f74a4a1be62a24f5562962f53e3a988c1d4e62bd'}, 'dob': {'date': '1995-12-28T02:12:01.270Z', 'age': 28}, 'registered': {'date': '2002-06-11T09:25:01.392Z', 'age': 22}, 'phone': '013-3702-613', 'cell': '063-3069-086', 'id': {'name': 'SID', 'value': '773113358'}, 'picture': {'large': 'https://randomuser.me/api/portraits/women/75.jpg', 'medium': 'https://randomuser.me/api/portraits/med/women/75.jpg', 'thumbnail': 'https://randomuser.me/api/portraits/thumb/women/75.jpg'}, 'nat': 'RS'}], 'info': {'seed': 'a9a630d3002130c4', 'results': 1, 'page': 1, 'version': '1.4'}}</msg>
<arg>${json_data}</arg>
<doc>Logs the given message with the given level.</doc>
<status status="PASS" start="2024-07-20T23:14:52.746829" elapsed="0.000210"/>
</kw>
<kw name="Should Be Equal As Numbers" owner="BuiltIn">
<arg>${json_data['results'][0]['location']['postcode']}</arg>
<arg>${json_data['results'][0]['location']['postcode']}</arg>
<doc>Fails if objects are unequal after converting them to real numbers.</doc>
<status status="PASS" start="2024-07-20T23:14:52.747336" elapsed="0.000642"/>
</kw>
<kw name="Log" owner="BuiltIn">
<msg time="2024-07-20T23:14:52.748657" level="INFO">78314</msg>
<arg>${json_data['results'][0]['location']['postcode']}</arg>
<doc>Logs the given message with the given level.</doc>
<status status="PASS" start="2024-07-20T23:14:52.748173" elapsed="0.000525"/>
</kw>
<status status="PASS" start="2024-07-20T23:14:52.647803" elapsed="0.101217"/>
</kw>
<doc>Testa se os tipos de dados na resposta da API estão corretos.</doc>
<tag>testeTiposDados</tag>
<status status="PASS" start="2024-07-20T23:14:52.560909" elapsed="0.188282"/>
</test>
<test id="s1-s1-t5" name="Validar conteudo" line="35">
<kw name="Teste de Tipos de Conteudo" owner="random-user-service">
<kw name="GET On Session" owner="RequestsLibrary">
<msg time="2024-07-20T23:14:52.839354" level="INFO">GET Request : url=https://randomuser.me/api 
 path_url=/api 
 headers={'User-Agent': 'python-requests/2.32.3', 'Accept-Encoding': 'gzip, deflate', 'Accept': '*/*', 'Connection': 'keep-alive'} 
 body=None 
 </msg>
<msg time="2024-07-20T23:14:52.839440" level="INFO">GET Response : url=https://randomuser.me/api 
 status=200, reason=OK 
 headers={'Date': 'Sat, 20 Jul 2024 23:14:52 GMT', 'Content-Type': 'application/json; charset=utf-8', 'Transfer-Encoding': 'chunked', 'Connection': 'keep-alive', 'X-Powered-By': 'Express', 'Access-Control-Allow-Origin': '*', 'Cache-Control': 'no-cache', 'ETag': 'W/"487-N2OxRmsxQyJB6+yUsypJz2XrkHU"', 'Vary': 'Accept-Encoding', 'Content-Encoding': 'gzip', 'CF-Cache-Status': 'DYNAMIC', 'Report-To': '{"endpoints":[{"url":"https:\\/\\/a.nel.cloudflare.com\\/report\\/v4?s=%2BedOdpEIx8FZLpFxYP6guUiYFMKGXWCSFEYJLpbNOZr1Zdy%2B8lF9%2B%2FVoEWXZsE5Dsxe8v59JjudRZHOUX3Zcy6iXF63ntckCuMAQG%2BID6L7pteLRQNsMRZA0S0lCRZBL"}],"group":"cf-nel","max_age":604800}', 'NEL': '{"success_fraction":0,"report_to":"cf-nel","max_age":604800}', 'Server': 'cloudflare', 'CF-RAY': '8a66a667ba4e587e-IAD', 'alt-svc': 'h3=":443"; ma=86400'} 
 body={"results":[{"gender":"male","name":{"title":"Mr","first":"Kuzey","last":"Evliyaoğlu"},"location":{"street":{"number":1546,"name":"Doktorlar Cd"},"city":"Ankara","state":"Zonguldak","country":"Turkey","postcode":16822,"coordinates":{"latitude":"71.1006","longitude":"-36.2226"},"timezone":{"offset":"-3:00","description":"Brazil, Buenos Aires, Georgetown"}},"email":"kuzey.evliyaoglu@example.com","login":{"uuid":"865221d1-d907-4ab8-8928-f78a6ffede90","username":"blueleopard992","password":"matthew","salt":"3LcBNTHb","md5":"2801f1cb477ed6a678fe815e20cbad68","sha1":"9339273e21a8532e0de7aaf17c3eb8b923ebccaf","sha256":"04df1118f858cc28ed6ad39aa170dadb93fa128c527d4d1350e5f07ce06f2066"},"dob":{"date":"1971-02-25T02:36:31.052Z","age":53},"registered":{"date":"2012-12-28T06:06:45.974Z","age":11},"phone":"(499)-989-6051","cell":"(820)-710-8656","id":{"name":"","value":null},"picture":{"large":"https://randomuser.me/api/portraits/men/68.jpg","medium":"https://randomuser.me/api/portraits/med/men/68.jpg","thumbnail":"https://randomuser.me/api/portraits/thumb/men/68.jpg"},"nat":"TR"}],"info":{"seed":"458a7450fe86cebb","results":1,"page":1,"version":"1.4"}} 
 </msg>
<msg time="2024-07-20T23:14:52.839519" level="INFO">/opt/hostedtoolcache/Python/3.12.4/x64/lib/python3.12/site-packages/urllib3/connectionpool.py:1099: InsecureRequestWarning: Unverified HTTPS request is being made to host 'randomuser.me'. Adding certificate verification is strongly advised. See: https://urllib3.readthedocs.io/en/latest/advanced-usage.html#tls-warnings
  warnings.warn(</msg>
<msg time="2024-07-20T23:14:52.839652" level="INFO">${response} = &lt;Response [200]&gt;</msg>
<var>${response}</var>
<arg>consultarAPI</arg>
<arg>/api</arg>
<doc>Sends a GET request on a previously created HTTP Session.</doc>
<status status="PASS" start="2024-07-20T23:14:52.752031" elapsed="0.087673"/>
</kw>
<kw name="Set Variable" owner="BuiltIn">
<msg time="2024-07-20T23:14:52.840773" level="INFO">${json_data} = {'results': [{'gender': 'male', 'name': {'title': 'Mr', 'first': 'Kuzey', 'last': 'Evliyaoğlu'}, 'location': {'street': {'number': 1546, 'name': 'Doktorlar Cd'}, 'city': 'Ankara', 'state': 'Zonguldak'...</msg>
<var>${json_data}</var>
<arg>${response.json()}</arg>
<doc>Returns the given values which can then be assigned to a variables.</doc>
<status status="PASS" start="2024-07-20T23:14:52.840209" elapsed="0.000595"/>
</kw>
<kw name="Set Variable" owner="BuiltIn">
<msg time="2024-07-20T23:14:52.841548" level="INFO">${name_title} = Mr</msg>
<var>${name_title}</var>
<arg>${json_data["results"][0]["name"]["title"]}</arg>
<doc>Returns the given values which can then be assigned to a variables.</doc>
<status status="PASS" start="2024-07-20T23:14:52.841167" elapsed="0.000407"/>
</kw>
<kw name="Create List" owner="BuiltIn">
<msg time="2024-07-20T23:14:52.842019" level="INFO">${allowed_titles} = ['Mr', 'Ms', 'Miss', 'Mrs', 'Madame', 'Monsieur']</msg>
<var>${allowed_titles}</var>
<arg>Mr</arg>
<arg>Ms</arg>
<arg>Miss</arg>
<arg>Mrs</arg>
<arg>Madame</arg>
<arg>Monsieur</arg>
<doc>Returns a list containing given items.</doc>
<status status="PASS" start="2024-07-20T23:14:52.841871" elapsed="0.000173"/>
</kw>
<kw name="List Should Contain Value" owner="Collections">
<arg>${allowed_titles}</arg>
<arg>${name_title}</arg>
<doc>Fails if the ``value`` is not found from ``list``.</doc>
<status status="PASS" start="2024-07-20T23:14:52.842339" elapsed="0.000178"/>
</kw>
<kw name="Set Variable" owner="BuiltIn">
<msg time="2024-07-20T23:14:52.843061" level="INFO">${name_country} = TR</msg>
<var>${name_country}</var>
<arg>${json_data["results"][0]["nat"]}</arg>
<doc>Returns the given values which can then be assigned to a variables.</doc>
<status status="PASS" start="2024-07-20T23:14:52.842695" elapsed="0.000399"/>
</kw>
<kw name="Create List" owner="BuiltIn">
<msg time="2024-07-20T23:14:52.843966" level="INFO">${list_country} = ['AD', 'AE', 'AF', 'AG', 'AI', 'AL', 'AM', 'AO', 'AQ', 'AR', 'AS', 'AT', 'AU', 'AW', 'AX', 'AZ', 'BA', 'BB', 'BD', 'BE', 'BF', 'BG', 'BH', 'BI', 'BJ', 'BL', 'BM', 'BN', 'BO', 'BQ', 'BR', 'BS', 'BT', '...</msg>
<var>${list_country}</var>
<arg>AD</arg>
<arg>AE</arg>
<arg>AF</arg>
<arg>AG</arg>
<arg>AI</arg>
<arg>AL</arg>
<arg>AM</arg>
<arg>AO</arg>
<arg>AQ</arg>
<arg>AR</arg>
<arg>AS</arg>
<arg>AT</arg>
<arg>AU</arg>
<arg>AW</arg>
<arg>AX</arg>
<arg>AZ</arg>
<arg>BA</arg>
<arg>BB</arg>
<arg>BD</arg>
<arg>BE</arg>
<arg>BF</arg>
<arg>BG</arg>
<arg>BH</arg>
<arg>BI</arg>
<arg>BJ</arg>
<arg>BL</arg>
<arg>BM</arg>
<arg>BN</arg>
<arg>BO</arg>
<arg>BQ</arg>
<arg>BR</arg>
<arg>BS</arg>
<arg>BT</arg>
<arg>BV</arg>
<arg>BW</arg>
<arg>BY</arg>
<arg>BZ</arg>
<arg>CA</arg>
<arg>CC</arg>
<arg>CD</arg>
<arg>CF</arg>
<arg>CG</arg>
<arg>CH</arg>
<arg>CI</arg>
<arg>CK</arg>
<arg>CL</arg>
<arg>CM</arg>
<arg>CN</arg>
<arg>CO</arg>
<arg>CR</arg>
<arg>CU</arg>
<arg>CV</arg>
<arg>CW</arg>
<arg>CX</arg>
<arg>CY</arg>
<arg>CZ</arg>
<arg>DE</arg>
<arg>DJ</arg>
<arg>DK</arg>
<arg>DM</arg>
<arg>DO</arg>
<arg>DZ</arg>
<arg>EC</arg>
<arg>EE</arg>
<arg>EG</arg>
<arg>EH</arg>
<arg>ER</arg>
<arg>ES</arg>
<arg>ET</arg>
<arg>FI</arg>
<arg>FJ</arg>
<arg>FK</arg>
<arg>FM</arg>
<arg>FO</arg>
<arg>FR</arg>
<arg>GA</arg>
<arg>GB</arg>
<arg>GD</arg>
<arg>GE</arg>
<arg>GF</arg>
<arg>GG</arg>
<arg>GH</arg>
<arg>GI</arg>
<arg>GL</arg>
<arg>GM</arg>
<arg>GN</arg>
<arg>GP</arg>
<arg>GQ</arg>
<arg>GR</arg>
<arg>GS</arg>
<arg>GT</arg>
<arg>GU</arg>
<arg>GW</arg>
<arg>GY</arg>
<arg>HK</arg>
<arg>HM</arg>
<arg>HN</arg>
<arg>HR</arg>
<arg>HT</arg>
<arg>HU</arg>
<arg>ID</arg>
<arg>IE</arg>
<arg>IL</arg>
<arg>IM</arg>
<arg>IN</arg>
<arg>IO</arg>
<arg>IQ</arg>
<arg>IR</arg>
<arg>IS</arg>
<arg>IT</arg>
<arg>JE</arg>
<arg>JM</arg>
<arg>JO</arg>
<arg>JP</arg>
<arg>KE</arg>
<arg>KG</arg>
<arg>KH</arg>
<arg>KI</arg>
<arg>KM</arg>
<arg>KN</arg>
<arg>KP</arg>
<arg>KR</arg>
<arg>KW</arg>
<arg>KY</arg>
<arg>KZ</arg>
<arg>LA</arg>
<arg>LB</arg>
<arg>LC</arg>
<arg>LI</arg>
<arg>LK</arg>
<arg>LR</arg>
<arg>LS</arg>
<arg>LT</arg>
<arg>LU</arg>
<arg>LV</arg>
<arg>LY</arg>
<arg>MA</arg>
<arg>MC</arg>
<arg>MD</arg>
<arg>ME</arg>
<arg>MF</arg>
<arg>MG</arg>
<arg>MH</arg>
<arg>MK</arg>
<arg>ML</arg>
<arg>MM</arg>
<arg>MN</arg>
<arg>MO</arg>
<arg>MP</arg>
<arg>MQ</arg>
<arg>MR</arg>
<arg>MS</arg>
<arg>MT</arg>
<arg>MU</arg>
<arg>MV</arg>
<arg>MW</arg>
<arg>MX</arg>
<arg>MY</arg>
<arg>MZ</arg>
<arg>NA</arg>
<arg>NC</arg>
<arg>NE</arg>
<arg>NF</arg>
<arg>NG</arg>
<arg>NI</arg>
<arg>NL</arg>
<arg>NO</arg>
<arg>NP</arg>
<arg>NR</arg>
<arg>NU</arg>
<arg>NZ</arg>
<arg>OM</arg>
<arg>PA</arg>
<arg>PE</arg>
<arg>PF</arg>
<arg>PG</arg>
<arg>PH</arg>
<arg>PK</arg>
<arg>PL</arg>
<arg>PM</arg>
<arg>PN</arg>
<arg>PR</arg>
<arg>PS</arg>
<arg>PT</arg>
<arg>PW</arg>
<arg>PY</arg>
<arg>QA</arg>
<arg>RE</arg>
<arg>RO</arg>
<arg>RS</arg>
<arg>RU</arg>
<arg>RW</arg>
<arg>SA</arg>
<arg>SB</arg>
<arg>SC</arg>
<arg>SD</arg>
<arg>SE</arg>
<arg>SG</arg>
<arg>SH</arg>
<arg>SI</arg>
<arg>SJ</arg>
<arg>SK</arg>
<arg>SL</arg>
<arg>SM</arg>
<arg>SN</arg>
<arg>SO</arg>
<arg>SR</arg>
<arg>SS</arg>
<arg>ST</arg>
<arg>SV</arg>
<arg>SX</arg>
<arg>SY</arg>
<arg>SZ</arg>
<arg>TC</arg>
<arg>TD</arg>
<arg>TF</arg>
<arg>TG</arg>
<arg>TH</arg>
<arg>TJ</arg>
<arg>TK</arg>
<arg>TL</arg>
<arg>TM</arg>
<arg>TN</arg>
<arg>TO</arg>
<arg>TR</arg>
<arg>TT</arg>
<arg>TV</arg>
<arg>TW</arg>
<arg>TZ</arg>
<arg>UA</arg>
<arg>UG</arg>
<arg>UM</arg>
<arg>US</arg>
<arg>UY</arg>
<arg>UZ</arg>
<arg>VA</arg>
<arg>VC</arg>
<arg>VE</arg>
<arg>VG</arg>
<arg>VI</arg>
<arg>VN</arg>
<arg>VU</arg>
<arg>WF</arg>
<arg>WS</arg>
<arg>XK</arg>
<arg>YE</arg>
<arg>YT</arg>
<arg>ZA</arg>
<arg>ZM</arg>
<arg>ZW</arg>
<doc>Returns a list containing given items.</doc>
<status status="PASS" start="2024-07-20T23:14:52.843379" elapsed="0.000612"/>
</kw>
<kw name="List Should Contain Value" owner="Collections">
<arg>${list_country}</arg>
<arg>${name_country}</arg>
<doc>Fails if the ``value`` is not found from ``list``.</doc>
<status status="PASS" start="2024-07-20T23:14:52.844781" elapsed="0.000231"/>
</kw>
<kw name="Run Keyword If" owner="BuiltIn">
<kw name="Should Be True" owner="BuiltIn">
<arg>${True}</arg>
<doc>Fails if the given condition is not true.</doc>
<status status="PASS" start="2024-07-20T23:14:52.845951" elapsed="0.000151"/>
</kw>
<arg>${json_data["results"][0]["location"]["coordinates"]["latitude"]} &gt;= -90 and ${json_data["results"][0]["location"]["coordinates"]["latitude"]} &lt;= 90</arg>
<arg>Should Be True</arg>
<arg>${True}</arg>
<doc>Runs the given keyword with the given arguments, if ``condition`` is true.</doc>
<status status="PASS" start="2024-07-20T23:14:52.845209" elapsed="0.001019"/>
</kw>
<kw name="Run Keyword If" owner="BuiltIn">
<kw name="Should Be True" owner="BuiltIn">
<arg>${True}</arg>
<doc>Fails if the given condition is not true.</doc>
<status status="PASS" start="2024-07-20T23:14:52.847113" elapsed="0.000238"/>
</kw>
<arg>${json_data["results"][0]["location"]["coordinates"]["longitude"]} &gt;= -180 and ${json_data["results"][0]["location"]["coordinates"]["longitude"]} &lt;= 180</arg>
<arg>Should Be True</arg>
<arg>${True}</arg>
<doc>Runs the given keyword with the given arguments, if ``condition`` is true.</doc>
<status status="PASS" start="2024-07-20T23:14:52.846408" elapsed="0.001072"/>
</kw>
<status status="PASS" start="2024-07-20T23:14:52.751665" elapsed="0.095946"/>
</kw>
<doc>Testa o conteúdo específico dos campos retornados pela API.</doc>
<tag>testeConteudo</tag>
<status status="PASS" start="2024-07-20T23:14:52.750976" elapsed="0.096778"/>
</test>
<status status="PASS" start="2024-07-20T23:14:51.916540" elapsed="0.933229"/>
</suite>
<status status="PASS" start="2024-07-20T23:14:51.902035" elapsed="0.952800"/>
</suite>
<statistics>
<total>
<stat pass="5" fail="0" skip="0">All Tests</stat>
</total>
<tag>
<stat pass="1" fail="0" skip="0">testeConteudo</stat>
<stat pass="1" fail="0" skip="0">testeEstruturaResposta</stat>
<stat pass="1" fail="0" skip="0">testeRequisicaoBasica</stat>
<stat pass="1" fail="0" skip="0">testeTiposDados</stat>
</tag>
<suite>
<stat pass="5" fail="0" skip="0" id="s1" name="Tests">Tests</stat>
<stat pass="5" fail="0" skip="0" id="s1-s1" name="Random-User-Test">Tests.Random-User-Test</stat>
</suite>
</statistics>
<errors>
</errors>
</robot>
