<?xml version="1.0" encoding="UTF-8"?>
<robot generator="Robot 7.0 (Python 3.12.2 on linux)" generated="2024-04-11T09:14:44.351338" rpa="false" schemaversion="5">
<suite id="s1" name="Tests" source="/home/runner/work/DesafioQAItauRogerioJordao/DesafioQAItauRogerioJordao/RamdonUser/tests">
<suite id="s1-s1" name="Random-User-Test" source="/home/runner/work/DesafioQAItauRogerioJordao/DesafioQAItauRogerioJordao/RamdonUser/tests/random-user-test.robot">
<test id="s1-s1-t1" name="Conectar" line="13">
<kw name="Conectar API" owner="random-user-service">
<kw name="Create Session" owner="RequestsLibrary">
<msg time="2024-04-11T09:14:44.726159" level="INFO">Creating Session using : alias=consultarAPI, url=https://randomuser.me/, headers={},                     cookies={}, auth=None, timeout=None, proxies=None, verify=False,                     debug=0 </msg>
<arg>consultarAPI</arg>
<arg>${URL}</arg>
<doc>Create Session: create a HTTP session to a server</doc>
<status status="PASS" start="2024-04-11T09:14:44.725947" elapsed="0.000407"/>
</kw>
<status status="PASS" start="2024-04-11T09:14:44.724793" elapsed="0.001932"/>
</kw>
<status status="PASS" start="2024-04-11T09:14:44.724112" elapsed="0.002817"/>
</test>
<test id="s1-s1-t2" name="Validar retorno 200 e JSON Válido" line="16">
<kw name="Teste de Requisicao Basica" owner="random-user-service">
<kw name="GET On Session" owner="RequestsLibrary">
<msg time="2024-04-11T09:14:44.852848" level="INFO">GET Request : url=https://randomuser.me/api 
 path_url=/api 
 headers={'User-Agent': 'python-requests/2.31.0', 'Accept-Encoding': 'gzip, deflate', 'Accept': '*/*', 'Connection': 'keep-alive'} 
 body=None 
 </msg>
<msg time="2024-04-11T09:14:44.853005" level="INFO">GET Response : url=https://randomuser.me/api 
 status=200, reason=OK 
 headers={'Date': 'Thu, 11 Apr 2024 09:14:44 GMT', 'Content-Type': 'application/json; charset=utf-8', 'Transfer-Encoding': 'chunked', 'Connection': 'keep-alive', 'X-Powered-By': 'Express', 'Access-Control-Allow-Origin': '*', 'Cache-Control': 'no-cache', 'ETag': 'W/"484-JN7wJhKTZLC1nczMJc4i5L0tDc0"', 'Vary': 'Accept-Encoding', 'Content-Encoding': 'gzip', 'CF-Cache-Status': 'DYNAMIC', 'Report-To': '{"endpoints":[{"url":"https:\\/\\/a.nel.cloudflare.com\\/report\\/v4?s=a5opaR5AjUnMM7VtvQza4TM1I%2FucP%2FewqNnQFFIaLhGiGDzkDXwsF7MzSDTO1nNdRtoaEknRTaKMezjLrI7I8N95q4qvDQ%2FY1TQHNm4DQshJ87e72Iy1GtNI9n8In7A4"}],"group":"cf-nel","max_age":604800}', 'NEL': '{"success_fraction":0,"report_to":"cf-nel","max_age":604800}', 'Server': 'cloudflare', 'CF-RAY': '8729de3dcc6d967b-SJC', 'alt-svc': 'h3=":443"; ma=86400'} 
 body={"results":[{"gender":"male","name":{"title":"Mr","first":"Elmer","last":"Morgan"},"location":{"street":{"number":3444,"name":"Hamilton Ave"},"city":"Lexington","state":"Texas","country":"United States","postcode":95490,"coordinates":{"latitude":"84.5063","longitude":"-5.7567"},"timezone":{"offset":"+6:00","description":"Almaty, Dhaka, Colombo"}},"email":"elmer.morgan@example.com","login":{"uuid":"49c557df-40ce-4486-a356-a29fab73de9c","username":"greenkoala664","password":"canucks","salt":"rdX3sIzN","md5":"c436d6583f4c1db5b835c11b7ce7aa4a","sha1":"02b80a5a2aa8f9d7df6efccccaa335298cfdc6fd","sha256":"d87d940ed399646a40ed143d64641faf1a233750ebf044663cce01c0db2db6a8"},"dob":{"date":"1953-10-31T07:37:59.324Z","age":70},"registered":{"date":"2014-01-11T01:28:02.900Z","age":10},"phone":"(774) 388-5725","cell":"(570) 701-9981","id":{"name":"SSN","value":"859-85-6262"},"picture":{"large":"https://randomuser.me/api/portraits/men/99.jpg","medium":"https://randomuser.me/api/portraits/med/men/99.jpg","thumbnail":"https://randomuser.me/api/portraits/thumb/men/99.jpg"},"nat":"US"}],"info":{"seed":"e4c9251dbd0b6caa","results":1,"page":1,"version":"1.4"}} 
 </msg>
<msg time="2024-04-11T09:14:44.853097" level="INFO">/opt/hostedtoolcache/Python/3.12.2/x64/lib/python3.12/site-packages/urllib3/connectionpool.py:1103: InsecureRequestWarning: Unverified HTTPS request is being made to host 'randomuser.me'. Adding certificate verification is strongly advised. See: https://urllib3.readthedocs.io/en/latest/advanced-usage.html#tls-warnings
  warnings.warn(</msg>
<msg time="2024-04-11T09:14:44.853240" level="INFO">${response} = &lt;Response [200]&gt;</msg>
<var>${response}</var>
<arg>consultarAPI</arg>
<arg>/api</arg>
<doc>Sends a GET request on a previously created HTTP Session.</doc>
<status status="PASS" start="2024-04-11T09:14:44.730095" elapsed="0.123188"/>
</kw>
<kw name="Should Be Equal As Numbers" owner="BuiltIn">
<msg time="2024-04-11T09:14:44.854379" level="INFO">Argument types are:
&lt;class 'int'&gt;
&lt;class 'str'&gt;</msg>
<arg>${response.status_code}</arg>
<arg>200</arg>
<doc>Fails if objects are unequal after converting them to real numbers.</doc>
<status status="PASS" start="2024-04-11T09:14:44.853893" elapsed="0.000555"/>
</kw>
<kw name="Log" owner="BuiltIn">
<msg time="2024-04-11T09:14:44.855136" level="INFO">200</msg>
<arg>${response.status_code}</arg>
<doc>Logs the given message with the given level.</doc>
<status status="PASS" start="2024-04-11T09:14:44.854777" elapsed="0.000403"/>
</kw>
<kw name="Set Variable" owner="BuiltIn">
<msg time="2024-04-11T09:14:44.855963" level="INFO">${json_data} = {'results': [{'gender': 'male', 'name': {'title': 'Mr', 'first': 'Elmer', 'last': 'Morgan'}, 'location': {'street': {'number': 3444, 'name': 'Hamilton Ave'}, 'city': 'Lexington', 'state': 'Texas', 'co...</msg>
<var>${json_data}</var>
<arg>${response.json()}</arg>
<doc>Returns the given values which can then be assigned to a variables.</doc>
<status status="PASS" start="2024-04-11T09:14:44.855517" elapsed="0.000474"/>
</kw>
<kw name="Dictionary Should Contain Key" owner="Collections">
<msg time="2024-04-11T09:14:44.856471" level="INFO">False</msg>
<arg>${json_data}</arg>
<arg>results</arg>
<doc>Fails if ``key`` is not found from ``dictionary``.</doc>
<status status="PASS" start="2024-04-11T09:14:44.856296" elapsed="0.000215"/>
</kw>
<status status="PASS" start="2024-04-11T09:14:44.729794" elapsed="0.126985"/>
</kw>
<doc>Testa se a API responde corretamente e retorna um objeto JSON válido.</doc>
<tag>testeRequisicaoBasica</tag>
<status status="PASS" start="2024-04-11T09:14:44.729234" elapsed="0.127740"/>
</test>
<test id="s1-s1-t3" name="Validar estrutura de resposta" line="22">
<kw name="Teste de Estrutura de Resposta" owner="random-user-service">
<kw name="GET On Session" owner="RequestsLibrary">
<msg time="2024-04-11T09:14:44.950917" level="INFO">GET Request : url=https://randomuser.me/api 
 path_url=/api 
 headers={'User-Agent': 'python-requests/2.31.0', 'Accept-Encoding': 'gzip, deflate', 'Accept': '*/*', 'Connection': 'keep-alive'} 
 body=None 
 </msg>
<msg time="2024-04-11T09:14:44.951047" level="INFO">GET Response : url=https://randomuser.me/api 
 status=200, reason=OK 
 headers={'Date': 'Thu, 11 Apr 2024 09:14:44 GMT', 'Content-Type': 'application/json; charset=utf-8', 'Transfer-Encoding': 'chunked', 'Connection': 'keep-alive', 'X-Powered-By': 'Express', 'Access-Control-Allow-Origin': '*', 'Cache-Control': 'no-cache', 'ETag': 'W/"47b-iJlSmSlu3ISOHu4G3L4PWd0IWXw"', 'Vary': 'Accept-Encoding', 'Content-Encoding': 'gzip', 'CF-Cache-Status': 'DYNAMIC', 'Report-To': '{"endpoints":[{"url":"https:\\/\\/a.nel.cloudflare.com\\/report\\/v4?s=gYZMgvDS1sxLXBJlv3oTorF%2FOmKu7mn7nHR03dhjRMZQBObD8tDWFwkh30jlmV%2BQ%2BuDv3nzIBDq%2B19SGMx8YP2PQXn%2BEpR7IUfC9odH%2FyT2aub6kjszSKS8dktm7W13S"}],"group":"cf-nel","max_age":604800}', 'NEL': '{"success_fraction":0,"report_to":"cf-nel","max_age":604800}', 'Server': 'cloudflare', 'CF-RAY': '8729de3e6cda967b-SJC', 'alt-svc': 'h3=":443"; ma=86400'} 
 body={"results":[{"gender":"female","name":{"title":"Miss","first":"Stephanie","last":"Simpson"},"location":{"street":{"number":7997,"name":"Church Street"},"city":"Tullamore","state":"Kildare","country":"Ireland","postcode":86130,"coordinates":{"latitude":"-0.8533","longitude":"148.1876"},"timezone":{"offset":"+3:30","description":"Tehran"}},"email":"stephanie.simpson@example.com","login":{"uuid":"ed39c1e6-df71-4785-a4be-39ffd5318e06","username":"tinyduck647","password":"praise","salt":"0DeDGt4r","md5":"b4e883d7163205268997c309225cb72c","sha1":"e919cf111b5a7c50228aec7f33e1184f7f708e42","sha256":"1d17610f5f95f279c721e464aa53c18ece1dcfcf6b91cdcdf35c42722ca9bf47"},"dob":{"date":"2000-01-14T16:11:53.465Z","age":24},"registered":{"date":"2021-07-22T09:28:53.506Z","age":2},"phone":"031-205-9044","cell":"081-768-1400","id":{"name":"PPS","value":"1590616T"},"picture":{"large":"https://randomuser.me/api/portraits/women/83.jpg","medium":"https://randomuser.me/api/portraits/med/women/83.jpg","thumbnail":"https://randomuser.me/api/portraits/thumb/women/83.jpg"},"nat":"IE"}],"info":{"seed":"96a69755505a97fa","results":1,"page":1,"version":"1.4"}} 
 </msg>
<msg time="2024-04-11T09:14:44.951220" level="INFO">/opt/hostedtoolcache/Python/3.12.2/x64/lib/python3.12/site-packages/urllib3/connectionpool.py:1103: InsecureRequestWarning: Unverified HTTPS request is being made to host 'randomuser.me'. Adding certificate verification is strongly advised. See: https://urllib3.readthedocs.io/en/latest/advanced-usage.html#tls-warnings
  warnings.warn(</msg>
<msg time="2024-04-11T09:14:44.951368" level="INFO">${response} = &lt;Response [200]&gt;</msg>
<var>${response}</var>
<arg>consultarAPI</arg>
<arg>/api</arg>
<doc>Sends a GET request on a previously created HTTP Session.</doc>
<status status="PASS" start="2024-04-11T09:14:44.859888" elapsed="0.091521"/>
</kw>
<kw name="Set Variable" owner="BuiltIn">
<msg time="2024-04-11T09:14:44.952803" level="INFO">${json_data} = {'results': [{'gender': 'female', 'name': {'title': 'Miss', 'first': 'Stephanie', 'last': 'Simpson'}, 'location': {'street': {'number': 7997, 'name': 'Church Street'}, 'city': 'Tullamore', 'state': 'K...</msg>
<var>${json_data}</var>
<arg>${response.json()}</arg>
<doc>Returns the given values which can then be assigned to a variables.</doc>
<status status="PASS" start="2024-04-11T09:14:44.952084" elapsed="0.000750"/>
</kw>
<kw name="Log" owner="BuiltIn">
<msg time="2024-04-11T09:14:44.953323" level="INFO">{'results': [{'gender': 'female', 'name': {'title': 'Miss', 'first': 'Stephanie', 'last': 'Simpson'}, 'location': {'street': {'number': 7997, 'name': 'Church Street'}, 'city': 'Tullamore', 'state': 'Kildare', 'country': 'Ireland', 'postcode': 86130, 'coordinates': {'latitude': '-0.8533', 'longitude': '148.1876'}, 'timezone': {'offset': '+3:30', 'description': 'Tehran'}}, 'email': 'stephanie.simpson@example.com', 'login': {'uuid': 'ed39c1e6-df71-4785-a4be-39ffd5318e06', 'username': 'tinyduck647', 'password': 'praise', 'salt': '0DeDGt4r', 'md5': 'b4e883d7163205268997c309225cb72c', 'sha1': 'e919cf111b5a7c50228aec7f33e1184f7f708e42', 'sha256': '1d17610f5f95f279c721e464aa53c18ece1dcfcf6b91cdcdf35c42722ca9bf47'}, 'dob': {'date': '2000-01-14T16:11:53.465Z', 'age': 24}, 'registered': {'date': '2021-07-22T09:28:53.506Z', 'age': 2}, 'phone': '031-205-9044', 'cell': '081-768-1400', 'id': {'name': 'PPS', 'value': '1590616T'}, 'picture': {'large': 'https://randomuser.me/api/portraits/women/83.jpg', 'medium': 'https://randomuser.me/api/portraits/med/women/83.jpg', 'thumbnail': 'https://randomuser.me/api/portraits/thumb/women/83.jpg'}, 'nat': 'IE'}], 'info': {'seed': '96a69755505a97fa', 'results': 1, 'page': 1, 'version': '1.4'}}</msg>
<arg>${json_data}</arg>
<doc>Logs the given message with the given level.</doc>
<status status="PASS" start="2024-04-11T09:14:44.953160" elapsed="0.000212"/>
</kw>
<kw name="Dictionary Should Contain Key" owner="Collections">
<msg time="2024-04-11T09:14:44.953864" level="INFO">False</msg>
<arg>${json_data}</arg>
<arg>results</arg>
<doc>Fails if ``key`` is not found from ``dictionary``.</doc>
<status status="PASS" start="2024-04-11T09:14:44.953672" elapsed="0.000236"/>
</kw>
<kw name="Should Not Be Empty" owner="BuiltIn">
<msg time="2024-04-11T09:14:44.954353" level="INFO">Length is 2.</msg>
<arg>${json_data}</arg>
<doc>Verifies that the given item is not empty.</doc>
<status status="PASS" start="2024-04-11T09:14:44.954219" elapsed="0.000173"/>
</kw>
<kw name="Create List" owner="BuiltIn">
<msg time="2024-04-11T09:14:44.954833" level="INFO">${expected_keys} = ['gender', 'name', 'location', 'email', 'login']</msg>
<var>${expected_keys}</var>
<arg>gender</arg>
<arg>name</arg>
<arg>location</arg>
<arg>email</arg>
<arg>login</arg>
<doc>Returns a list containing given items.</doc>
<status status="PASS" start="2024-04-11T09:14:44.954684" elapsed="0.000173"/>
</kw>
<for flavor="IN">
<iter>
<kw name="Dictionary Should Contain Key" owner="Collections">
<msg time="2024-04-11T09:14:44.955858" level="INFO">False</msg>
<arg>${json_data['results'][0]}</arg>
<arg>${key}</arg>
<doc>Fails if ``key`` is not found from ``dictionary``.</doc>
<status status="PASS" start="2024-04-11T09:14:44.955443" elapsed="0.000454"/>
</kw>
<kw name="Log" owner="BuiltIn">
<msg time="2024-04-11T09:14:44.956576" level="INFO">{'gender': 'female', 'name': {'title': 'Miss', 'first': 'Stephanie', 'last': 'Simpson'}, 'location': {'street': {'number': 7997, 'name': 'Church Street'}, 'city': 'Tullamore', 'state': 'Kildare', 'country': 'Ireland', 'postcode': 86130, 'coordinates': {'latitude': '-0.8533', 'longitude': '148.1876'}, 'timezone': {'offset': '+3:30', 'description': 'Tehran'}}, 'email': 'stephanie.simpson@example.com', 'login': {'uuid': 'ed39c1e6-df71-4785-a4be-39ffd5318e06', 'username': 'tinyduck647', 'password': 'praise', 'salt': '0DeDGt4r', 'md5': 'b4e883d7163205268997c309225cb72c', 'sha1': 'e919cf111b5a7c50228aec7f33e1184f7f708e42', 'sha256': '1d17610f5f95f279c721e464aa53c18ece1dcfcf6b91cdcdf35c42722ca9bf47'}, 'dob': {'date': '2000-01-14T16:11:53.465Z', 'age': 24}, 'registered': {'date': '2021-07-22T09:28:53.506Z', 'age': 2}, 'phone': '031-205-9044', 'cell': '081-768-1400', 'id': {'name': 'PPS', 'value': '1590616T'}, 'picture': {'large': 'https://randomuser.me/api/portraits/women/83.jpg', 'medium': 'https://randomuser.me/api/portraits/med/women/83.jpg', 'thumbnail': 'https://randomuser.me/api/portraits/thumb/women/83.jpg'}, 'nat': 'IE'}</msg>
<arg>${json_data['results'][0]}</arg>
<doc>Logs the given message with the given level.</doc>
<status status="PASS" start="2024-04-11T09:14:44.956206" elapsed="0.000417"/>
</kw>
<kw name="Log" owner="BuiltIn">
<msg time="2024-04-11T09:14:44.957051" level="INFO">gender</msg>
<arg>${key}</arg>
<doc>Logs the given message with the given level.</doc>
<status status="PASS" start="2024-04-11T09:14:44.956923" elapsed="0.000172"/>
</kw>
<var name="${key}">gender</var>
<status status="PASS" start="2024-04-11T09:14:44.955317" elapsed="0.001997"/>
</iter>
<iter>
<kw name="Dictionary Should Contain Key" owner="Collections">
<msg time="2024-04-11T09:14:44.958051" level="INFO">False</msg>
<arg>${json_data['results'][0]}</arg>
<arg>${key}</arg>
<doc>Fails if ``key`` is not found from ``dictionary``.</doc>
<status status="PASS" start="2024-04-11T09:14:44.957619" elapsed="0.000472"/>
</kw>
<kw name="Log" owner="BuiltIn">
<msg time="2024-04-11T09:14:44.958793" level="INFO">{'gender': 'female', 'name': {'title': 'Miss', 'first': 'Stephanie', 'last': 'Simpson'}, 'location': {'street': {'number': 7997, 'name': 'Church Street'}, 'city': 'Tullamore', 'state': 'Kildare', 'country': 'Ireland', 'postcode': 86130, 'coordinates': {'latitude': '-0.8533', 'longitude': '148.1876'}, 'timezone': {'offset': '+3:30', 'description': 'Tehran'}}, 'email': 'stephanie.simpson@example.com', 'login': {'uuid': 'ed39c1e6-df71-4785-a4be-39ffd5318e06', 'username': 'tinyduck647', 'password': 'praise', 'salt': '0DeDGt4r', 'md5': 'b4e883d7163205268997c309225cb72c', 'sha1': 'e919cf111b5a7c50228aec7f33e1184f7f708e42', 'sha256': '1d17610f5f95f279c721e464aa53c18ece1dcfcf6b91cdcdf35c42722ca9bf47'}, 'dob': {'date': '2000-01-14T16:11:53.465Z', 'age': 24}, 'registered': {'date': '2021-07-22T09:28:53.506Z', 'age': 2}, 'phone': '031-205-9044', 'cell': '081-768-1400', 'id': {'name': 'PPS', 'value': '1590616T'}, 'picture': {'large': 'https://randomuser.me/api/portraits/women/83.jpg', 'medium': 'https://randomuser.me/api/portraits/med/women/83.jpg', 'thumbnail': 'https://randomuser.me/api/portraits/thumb/women/83.jpg'}, 'nat': 'IE'}</msg>
<arg>${json_data['results'][0]}</arg>
<doc>Logs the given message with the given level.</doc>
<status status="PASS" start="2024-04-11T09:14:44.958430" elapsed="0.000410"/>
</kw>
<kw name="Log" owner="BuiltIn">
<msg time="2024-04-11T09:14:44.959268" level="INFO">name</msg>
<arg>${key}</arg>
<doc>Logs the given message with the given level.</doc>
<status status="PASS" start="2024-04-11T09:14:44.959139" elapsed="0.000167"/>
</kw>
<var name="${key}">name</var>
<status status="PASS" start="2024-04-11T09:14:44.957505" elapsed="0.002015"/>
</iter>
<iter>
<kw name="Dictionary Should Contain Key" owner="Collections">
<msg time="2024-04-11T09:14:44.960190" level="INFO">False</msg>
<arg>${json_data['results'][0]}</arg>
<arg>${key}</arg>
<doc>Fails if ``key`` is not found from ``dictionary``.</doc>
<status status="PASS" start="2024-04-11T09:14:44.959811" elapsed="0.000417"/>
</kw>
<kw name="Log" owner="BuiltIn">
<msg time="2024-04-11T09:14:44.960884" level="INFO">{'gender': 'female', 'name': {'title': 'Miss', 'first': 'Stephanie', 'last': 'Simpson'}, 'location': {'street': {'number': 7997, 'name': 'Church Street'}, 'city': 'Tullamore', 'state': 'Kildare', 'country': 'Ireland', 'postcode': 86130, 'coordinates': {'latitude': '-0.8533', 'longitude': '148.1876'}, 'timezone': {'offset': '+3:30', 'description': 'Tehran'}}, 'email': 'stephanie.simpson@example.com', 'login': {'uuid': 'ed39c1e6-df71-4785-a4be-39ffd5318e06', 'username': 'tinyduck647', 'password': 'praise', 'salt': '0DeDGt4r', 'md5': 'b4e883d7163205268997c309225cb72c', 'sha1': 'e919cf111b5a7c50228aec7f33e1184f7f708e42', 'sha256': '1d17610f5f95f279c721e464aa53c18ece1dcfcf6b91cdcdf35c42722ca9bf47'}, 'dob': {'date': '2000-01-14T16:11:53.465Z', 'age': 24}, 'registered': {'date': '2021-07-22T09:28:53.506Z', 'age': 2}, 'phone': '031-205-9044', 'cell': '081-768-1400', 'id': {'name': 'PPS', 'value': '1590616T'}, 'picture': {'large': 'https://randomuser.me/api/portraits/women/83.jpg', 'medium': 'https://randomuser.me/api/portraits/med/women/83.jpg', 'thumbnail': 'https://randomuser.me/api/portraits/thumb/women/83.jpg'}, 'nat': 'IE'}</msg>
<arg>${json_data['results'][0]}</arg>
<doc>Logs the given message with the given level.</doc>
<status status="PASS" start="2024-04-11T09:14:44.960529" elapsed="0.000407"/>
</kw>
<kw name="Log" owner="BuiltIn">
<msg time="2024-04-11T09:14:44.961360" level="INFO">location</msg>
<arg>${key}</arg>
<doc>Logs the given message with the given level.</doc>
<status status="PASS" start="2024-04-11T09:14:44.961234" elapsed="0.000164"/>
</kw>
<var name="${key}">location</var>
<status status="PASS" start="2024-04-11T09:14:44.959701" elapsed="0.001910"/>
</iter>
<iter>
<kw name="Dictionary Should Contain Key" owner="Collections">
<msg time="2024-04-11T09:14:44.962333" level="INFO">False</msg>
<arg>${json_data['results'][0]}</arg>
<arg>${key}</arg>
<doc>Fails if ``key`` is not found from ``dictionary``.</doc>
<status status="PASS" start="2024-04-11T09:14:44.961935" elapsed="0.000435"/>
</kw>
<kw name="Log" owner="BuiltIn">
<msg time="2024-04-11T09:14:44.963026" level="INFO">{'gender': 'female', 'name': {'title': 'Miss', 'first': 'Stephanie', 'last': 'Simpson'}, 'location': {'street': {'number': 7997, 'name': 'Church Street'}, 'city': 'Tullamore', 'state': 'Kildare', 'country': 'Ireland', 'postcode': 86130, 'coordinates': {'latitude': '-0.8533', 'longitude': '148.1876'}, 'timezone': {'offset': '+3:30', 'description': 'Tehran'}}, 'email': 'stephanie.simpson@example.com', 'login': {'uuid': 'ed39c1e6-df71-4785-a4be-39ffd5318e06', 'username': 'tinyduck647', 'password': 'praise', 'salt': '0DeDGt4r', 'md5': 'b4e883d7163205268997c309225cb72c', 'sha1': 'e919cf111b5a7c50228aec7f33e1184f7f708e42', 'sha256': '1d17610f5f95f279c721e464aa53c18ece1dcfcf6b91cdcdf35c42722ca9bf47'}, 'dob': {'date': '2000-01-14T16:11:53.465Z', 'age': 24}, 'registered': {'date': '2021-07-22T09:28:53.506Z', 'age': 2}, 'phone': '031-205-9044', 'cell': '081-768-1400', 'id': {'name': 'PPS', 'value': '1590616T'}, 'picture': {'large': 'https://randomuser.me/api/portraits/women/83.jpg', 'medium': 'https://randomuser.me/api/portraits/med/women/83.jpg', 'thumbnail': 'https://randomuser.me/api/portraits/thumb/women/83.jpg'}, 'nat': 'IE'}</msg>
<arg>${json_data['results'][0]}</arg>
<doc>Logs the given message with the given level.</doc>
<status status="PASS" start="2024-04-11T09:14:44.962668" elapsed="0.000405"/>
</kw>
<kw name="Log" owner="BuiltIn">
<msg time="2024-04-11T09:14:44.963494" level="INFO">email</msg>
<arg>${key}</arg>
<doc>Logs the given message with the given level.</doc>
<status status="PASS" start="2024-04-11T09:14:44.963367" elapsed="0.000165"/>
</kw>
<var name="${key}">email</var>
<status status="PASS" start="2024-04-11T09:14:44.961783" elapsed="0.001962"/>
</iter>
<iter>
<kw name="Dictionary Should Contain Key" owner="Collections">
<msg time="2024-04-11T09:14:44.964397" level="INFO">False</msg>
<arg>${json_data['results'][0]}</arg>
<arg>${key}</arg>
<doc>Fails if ``key`` is not found from ``dictionary``.</doc>
<status status="PASS" start="2024-04-11T09:14:44.964027" elapsed="0.000407"/>
</kw>
<kw name="Log" owner="BuiltIn">
<msg time="2024-04-11T09:14:44.965094" level="INFO">{'gender': 'female', 'name': {'title': 'Miss', 'first': 'Stephanie', 'last': 'Simpson'}, 'location': {'street': {'number': 7997, 'name': 'Church Street'}, 'city': 'Tullamore', 'state': 'Kildare', 'country': 'Ireland', 'postcode': 86130, 'coordinates': {'latitude': '-0.8533', 'longitude': '148.1876'}, 'timezone': {'offset': '+3:30', 'description': 'Tehran'}}, 'email': 'stephanie.simpson@example.com', 'login': {'uuid': 'ed39c1e6-df71-4785-a4be-39ffd5318e06', 'username': 'tinyduck647', 'password': 'praise', 'salt': '0DeDGt4r', 'md5': 'b4e883d7163205268997c309225cb72c', 'sha1': 'e919cf111b5a7c50228aec7f33e1184f7f708e42', 'sha256': '1d17610f5f95f279c721e464aa53c18ece1dcfcf6b91cdcdf35c42722ca9bf47'}, 'dob': {'date': '2000-01-14T16:11:53.465Z', 'age': 24}, 'registered': {'date': '2021-07-22T09:28:53.506Z', 'age': 2}, 'phone': '031-205-9044', 'cell': '081-768-1400', 'id': {'name': 'PPS', 'value': '1590616T'}, 'picture': {'large': 'https://randomuser.me/api/portraits/women/83.jpg', 'medium': 'https://randomuser.me/api/portraits/med/women/83.jpg', 'thumbnail': 'https://randomuser.me/api/portraits/thumb/women/83.jpg'}, 'nat': 'IE'}</msg>
<arg>${json_data['results'][0]}</arg>
<doc>Logs the given message with the given level.</doc>
<status status="PASS" start="2024-04-11T09:14:44.964730" elapsed="0.000410"/>
</kw>
<kw name="Log" owner="BuiltIn">
<msg time="2024-04-11T09:14:44.965563" level="INFO">login</msg>
<arg>${key}</arg>
<doc>Logs the given message with the given level.</doc>
<status status="PASS" start="2024-04-11T09:14:44.965435" elapsed="0.000165"/>
</kw>
<var name="${key}">login</var>
<status status="PASS" start="2024-04-11T09:14:44.963917" elapsed="0.001901"/>
</iter>
<var>${key}</var>
<value>@{expected_keys}</value>
<status status="PASS" start="2024-04-11T09:14:44.955117" elapsed="0.010890"/>
</for>
<kw name="Create List" owner="BuiltIn">
<msg time="2024-04-11T09:14:44.966363" level="INFO">${expected_keysTwo} = ['username', 'password']</msg>
<var>${expected_keysTwo}</var>
<arg>username</arg>
<arg>password</arg>
<doc>Returns a list containing given items.</doc>
<status status="PASS" start="2024-04-11T09:14:44.966222" elapsed="0.000165"/>
</kw>
<for flavor="IN">
<iter>
<kw name="Dictionary Should Contain Key" owner="Collections">
<msg time="2024-04-11T09:14:44.967429" level="INFO">False</msg>
<arg>${json_data['results'][0]['login']}</arg>
<arg>${keyTwo}</arg>
<doc>Fails if ``key`` is not found from ``dictionary``.</doc>
<status status="PASS" start="2024-04-11T09:14:44.967037" elapsed="0.000430"/>
</kw>
<kw name="Dictionary Should Contain Key" owner="Collections">
<msg time="2024-04-11T09:14:44.968145" level="INFO">False</msg>
<arg>${json_data['results'][0]['login']}</arg>
<arg>${keyTwo}</arg>
<doc>Fails if ``key`` is not found from ``dictionary``.</doc>
<status status="PASS" start="2024-04-11T09:14:44.967767" elapsed="0.000415"/>
</kw>
<kw name="Log" owner="BuiltIn">
<msg time="2024-04-11T09:14:44.968601" level="INFO">username</msg>
<arg>${keyTwo}</arg>
<doc>Logs the given message with the given level.</doc>
<status status="PASS" start="2024-04-11T09:14:44.968475" elapsed="0.000163"/>
</kw>
<var name="${keyTwo}">username</var>
<status status="PASS" start="2024-04-11T09:14:44.966920" elapsed="0.001933"/>
</iter>
<iter>
<kw name="Dictionary Should Contain Key" owner="Collections">
<msg time="2024-04-11T09:14:44.969514" level="INFO">False</msg>
<arg>${json_data['results'][0]['login']}</arg>
<arg>${keyTwo}</arg>
<doc>Fails if ``key`` is not found from ``dictionary``.</doc>
<status status="PASS" start="2024-04-11T09:14:44.969136" elapsed="0.000415"/>
</kw>
<kw name="Dictionary Should Contain Key" owner="Collections">
<msg time="2024-04-11T09:14:44.970270" level="INFO">False</msg>
<arg>${json_data['results'][0]['login']}</arg>
<arg>${keyTwo}</arg>
<doc>Fails if ``key`` is not found from ``dictionary``.</doc>
<status status="PASS" start="2024-04-11T09:14:44.969877" elapsed="0.000430"/>
</kw>
<kw name="Log" owner="BuiltIn">
<msg time="2024-04-11T09:14:44.970745" level="INFO">password</msg>
<arg>${keyTwo}</arg>
<doc>Logs the given message with the given level.</doc>
<status status="PASS" start="2024-04-11T09:14:44.970609" elapsed="0.000183"/>
</kw>
<var name="${keyTwo}">password</var>
<status status="PASS" start="2024-04-11T09:14:44.969029" elapsed="0.001984"/>
</iter>
<var>${keyTwo}</var>
<value>@{expected_keysTwo}</value>
<status status="PASS" start="2024-04-11T09:14:44.966631" elapsed="0.004504"/>
</for>
<status status="PASS" start="2024-04-11T09:14:44.859617" elapsed="0.111663"/>
</kw>
<doc>Testa a estrutura da resposta da API.</doc>
<tag>testeEstruturaResposta</tag>
<status status="PASS" start="2024-04-11T09:14:44.858914" elapsed="0.112532"/>
</test>
<test id="s1-s1-t4" name="Validar tipos de dados" line="28">
<kw name="Teste de Tipos de Dados" owner="random-user-service">
<kw name="GET On Session" owner="RequestsLibrary">
<msg time="2024-04-11T09:14:45.055262" level="INFO">GET Request : url=https://randomuser.me/api 
 path_url=/api 
 headers={'User-Agent': 'python-requests/2.31.0', 'Accept-Encoding': 'gzip, deflate', 'Accept': '*/*', 'Connection': 'keep-alive'} 
 body=None 
 </msg>
<msg time="2024-04-11T09:14:45.055372" level="INFO">GET Response : url=https://randomuser.me/api 
 status=200, reason=OK 
 headers={'Date': 'Thu, 11 Apr 2024 09:14:45 GMT', 'Content-Type': 'application/json; charset=utf-8', 'Transfer-Encoding': 'chunked', 'Connection': 'keep-alive', 'X-Powered-By': 'Express', 'Access-Control-Allow-Origin': '*', 'Cache-Control': 'no-cache', 'ETag': 'W/"483-xVySLqbCxYzyZEdXKU1sTAK9Z4I"', 'Vary': 'Accept-Encoding', 'Content-Encoding': 'gzip', 'CF-Cache-Status': 'DYNAMIC', 'Report-To': '{"endpoints":[{"url":"https:\\/\\/a.nel.cloudflare.com\\/report\\/v4?s=Rh3Y1%2FJcjS9v5ti%2FujEUNOYz%2BJt2UEDq8vcBZBK2bTf3v%2B5%2Blg4Asy81MFNkk3CQpp0lBeLwatnpxJbAO2fKG0qyM5mPVX1wUCwDpEY1gDY4zKtVUm2kTw6GGhRJ2Ewk"}],"group":"cf-nel","max_age":604800}', 'NEL': '{"success_fraction":0,"report_to":"cf-nel","max_age":604800}', 'Server': 'cloudflare', 'CF-RAY': '8729de3f1d3c967b-SJC', 'alt-svc': 'h3=":443"; ma=86400'} 
 body={"results":[{"gender":"female","name":{"title":"Mrs","first":"Rebecca","last":"Cruz"},"location":{"street":{"number":6056,"name":"Main Street"},"city":"Bandon","state":"Tipperary","country":"Ireland","postcode":76002,"coordinates":{"latitude":"-2.4545","longitude":"39.0784"},"timezone":{"offset":"-1:00","description":"Azores, Cape Verde Islands"}},"email":"rebecca.cruz@example.com","login":{"uuid":"c286961d-b193-4d70-abc6-83d4716d319a","username":"happyleopard274","password":"rock","salt":"fJnYEc3S","md5":"534e8eb33c8d2108333708ec6393cf61","sha1":"5c1ed2238d8eb5e21684524f67973498c8c51fe9","sha256":"2af54877e90d0d4691e2ef90048b70cd5ae47730977d6323403f08c064e44e61"},"dob":{"date":"1993-01-12T22:43:44.544Z","age":31},"registered":{"date":"2007-04-14T22:26:16.870Z","age":16},"phone":"011-482-0564","cell":"081-969-5877","id":{"name":"PPS","value":"4336460T"},"picture":{"large":"https://randomuser.me/api/portraits/women/44.jpg","medium":"https://randomuser.me/api/portraits/med/women/44.jpg","thumbnail":"https://randomuser.me/api/portraits/thumb/women/44.jpg"},"nat":"IE"}],"info":{"seed":"8435cfe70f1610b5","results":1,"page":1,"version":"1.4"}} 
 </msg>
<msg time="2024-04-11T09:14:45.055453" level="INFO">/opt/hostedtoolcache/Python/3.12.2/x64/lib/python3.12/site-packages/urllib3/connectionpool.py:1103: InsecureRequestWarning: Unverified HTTPS request is being made to host 'randomuser.me'. Adding certificate verification is strongly advised. See: https://urllib3.readthedocs.io/en/latest/advanced-usage.html#tls-warnings
  warnings.warn(</msg>
<msg time="2024-04-11T09:14:45.055594" level="INFO">${response} = &lt;Response [200]&gt;</msg>
<var>${response}</var>
<arg>consultarAPI</arg>
<arg>/api</arg>
<doc>Sends a GET request on a previously created HTTP Session.</doc>
<status status="PASS" start="2024-04-11T09:14:44.974114" elapsed="0.081527"/>
</kw>
<kw name="Set Variable" owner="BuiltIn">
<msg time="2024-04-11T09:14:45.056965" level="INFO">${json_data} = {'results': [{'gender': 'female', 'name': {'title': 'Mrs', 'first': 'Rebecca', 'last': 'Cruz'}, 'location': {'street': {'number': 6056, 'name': 'Main Street'}, 'city': 'Bandon', 'state': 'Tipperary', ...</msg>
<var>${json_data}</var>
<arg>${response.json()}</arg>
<doc>Returns the given values which can then be assigned to a variables.</doc>
<status status="PASS" start="2024-04-11T09:14:45.056349" elapsed="0.000644"/>
</kw>
<kw name="Log" owner="BuiltIn">
<msg time="2024-04-11T09:14:45.057481" level="INFO">{'results': [{'gender': 'female', 'name': {'title': 'Mrs', 'first': 'Rebecca', 'last': 'Cruz'}, 'location': {'street': {'number': 6056, 'name': 'Main Street'}, 'city': 'Bandon', 'state': 'Tipperary', 'country': 'Ireland', 'postcode': 76002, 'coordinates': {'latitude': '-2.4545', 'longitude': '39.0784'}, 'timezone': {'offset': '-1:00', 'description': 'Azores, Cape Verde Islands'}}, 'email': 'rebecca.cruz@example.com', 'login': {'uuid': 'c286961d-b193-4d70-abc6-83d4716d319a', 'username': 'happyleopard274', 'password': 'rock', 'salt': 'fJnYEc3S', 'md5': '534e8eb33c8d2108333708ec6393cf61', 'sha1': '5c1ed2238d8eb5e21684524f67973498c8c51fe9', 'sha256': '2af54877e90d0d4691e2ef90048b70cd5ae47730977d6323403f08c064e44e61'}, 'dob': {'date': '1993-01-12T22:43:44.544Z', 'age': 31}, 'registered': {'date': '2007-04-14T22:26:16.870Z', 'age': 16}, 'phone': '011-482-0564', 'cell': '081-969-5877', 'id': {'name': 'PPS', 'value': '4336460T'}, 'picture': {'large': 'https://randomuser.me/api/portraits/women/44.jpg', 'medium': 'https://randomuser.me/api/portraits/med/women/44.jpg', 'thumbnail': 'https://randomuser.me/api/portraits/thumb/women/44.jpg'}, 'nat': 'IE'}], 'info': {'seed': '8435cfe70f1610b5', 'results': 1, 'page': 1, 'version': '1.4'}}</msg>
<arg>${json_data}</arg>
<doc>Logs the given message with the given level.</doc>
<status status="PASS" start="2024-04-11T09:14:45.057320" elapsed="0.000246"/>
</kw>
<kw name="Should Be String" owner="String">
<arg>${json_data['results'][0]['gender']}</arg>
<doc>Fails if the given ``item`` is not a string.</doc>
<status status="PASS" start="2024-04-11T09:14:45.057944" elapsed="0.000380"/>
</kw>
<kw name="Should Match Regexp" owner="BuiltIn">
<arg>${json_data['results'][0]['email']}</arg>
<arg>^[a-zA-Z0-9._%+-]+@[a-zA-Z0-9.-]+\.[a-zA-Z]{2,}$</arg>
<doc>Fails if ``string`` does not match ``pattern`` as a regular expression.</doc>
<status status="PASS" start="2024-04-11T09:14:45.058519" elapsed="0.000514"/>
</kw>
<kw name="Should Match Regexp" owner="BuiltIn">
<arg>${json_data['results'][0]['dob']['date']}</arg>
<arg>\\d{4}-\\d{2}-\\d{2}T\\d{2}:\\d{2}:\\d{2}\\.\\d{3}Z</arg>
<doc>Fails if ``string`` does not match ``pattern`` as a regular expression.</doc>
<status status="PASS" start="2024-04-11T09:14:45.059230" elapsed="0.000478"/>
</kw>
<kw name="Should Match Regexp" owner="BuiltIn">
<arg>${json_data['results'][0]['registered']['date']}</arg>
<arg>\\d{4}-\\d{2}-\\d{2}T\\d{2}:\\d{2}:\\d{2}\\.\\d{3}Z</arg>
<doc>Fails if ``string`` does not match ``pattern`` as a regular expression.</doc>
<status status="PASS" start="2024-04-11T09:14:45.059898" elapsed="0.000380"/>
</kw>
<kw name="Should Match Regexp" owner="BuiltIn">
<arg>${json_data['results'][0]['picture']['large']}</arg>
<arg>^https?://.*\.(?:png|jpe?g|gif|bmp)$</arg>
<doc>Fails if ``string`` does not match ``pattern`` as a regular expression.</doc>
<status status="PASS" start="2024-04-11T09:14:45.060463" elapsed="0.000455"/>
</kw>
<kw name="Should Match Regexp" owner="BuiltIn">
<arg>${json_data['results'][0]['picture']['medium']}</arg>
<arg>^https?://.*\.(?:png|jpe?g|gif|bmp)$</arg>
<doc>Fails if ``string`` does not match ``pattern`` as a regular expression.</doc>
<status status="PASS" start="2024-04-11T09:14:45.061114" elapsed="0.000360"/>
</kw>
<kw name="Should Match Regexp" owner="BuiltIn">
<arg>${json_data['results'][0]['picture']['thumbnail']}</arg>
<arg>^https?://.*\.(?:png|jpe?g|gif|bmp)$</arg>
<doc>Fails if ``string`` does not match ``pattern`` as a regular expression.</doc>
<status status="PASS" start="2024-04-11T09:14:45.061656" elapsed="0.000394"/>
</kw>
<kw name="Log" owner="BuiltIn">
<msg time="2024-04-11T09:14:45.062561" level="INFO">{'large': 'https://randomuser.me/api/portraits/women/44.jpg', 'medium': 'https://randomuser.me/api/portraits/med/women/44.jpg', 'thumbnail': 'https://randomuser.me/api/portraits/thumb/women/44.jpg'}</msg>
<arg>${json_data['results'][0]['picture']}</arg>
<doc>Logs the given message with the given level.</doc>
<status status="PASS" start="2024-04-11T09:14:45.062236" elapsed="0.000368"/>
</kw>
<status status="PASS" start="2024-04-11T09:14:44.973829" elapsed="0.089047"/>
</kw>
<kw name="Teste de Tipos de Dados - Postcode" owner="random-user-service">
<kw name="GET On Session" owner="RequestsLibrary">
<msg time="2024-04-11T09:14:45.156441" level="INFO">GET Request : url=https://randomuser.me/api 
 path_url=/api 
 headers={'User-Agent': 'python-requests/2.31.0', 'Accept-Encoding': 'gzip, deflate', 'Accept': '*/*', 'Connection': 'keep-alive'} 
 body=None 
 </msg>
<msg time="2024-04-11T09:14:45.156552" level="INFO">GET Response : url=https://randomuser.me/api 
 status=200, reason=OK 
 headers={'Date': 'Thu, 11 Apr 2024 09:14:45 GMT', 'Content-Type': 'application/json; charset=utf-8', 'Transfer-Encoding': 'chunked', 'Connection': 'keep-alive', 'X-Powered-By': 'Express', 'Access-Control-Allow-Origin': '*', 'Cache-Control': 'no-cache', 'ETag': 'W/"470-afbYrQyYz7kW5y50ri2arf82lLU"', 'Vary': 'Accept-Encoding', 'Content-Encoding': 'gzip', 'CF-Cache-Status': 'DYNAMIC', 'Report-To': '{"endpoints":[{"url":"https:\\/\\/a.nel.cloudflare.com\\/report\\/v4?s=q%2BQBvOGPmyUD6fu6UByng2W5G8B3NdfcCHMFHQoXQC1j473kYOljFJ2lj4X5ZHO%2BRcqg%2BowFflYsnhz3EKtJl0bHJWYOhMU0ryzHNDfg9JXfWBRd7MUJ6x7Psf90f52K"}],"group":"cf-nel","max_age":604800}', 'NEL': '{"success_fraction":0,"report_to":"cf-nel","max_age":604800}', 'Server': 'cloudflare', 'CF-RAY': '8729de3fad8b967b-SJC', 'alt-svc': 'h3=":443"; ma=86400'} 
 body={"results":[{"gender":"male","name":{"title":"Mr","first":"Aditya","last":"Anchan"},"location":{"street":{"number":5716,"name":"Bhootnath Rd"},"city":"Bathinda","state":"Jammu and Kashmir","country":"India","postcode":70421,"coordinates":{"latitude":"12.4922","longitude":"-0.8764"},"timezone":{"offset":"+4:30","description":"Kabul"}},"email":"aditya.anchan@example.com","login":{"uuid":"00a9116a-7d4b-4bbb-b2e0-4408c573955a","username":"whitebear356","password":"blaze","salt":"EZrSRSR0","md5":"b03de4dec7c9212193352eeeb76c57bd","sha1":"d7cf81ab7901cf8f10b4da14a3b8cef1e2dca5cd","sha256":"f9ddc4e7257448f54028a56cbac8de55928356a03c0045a600e73d86d03754fe"},"dob":{"date":"1961-01-12T19:54:17.952Z","age":63},"registered":{"date":"2002-07-23T09:12:15.919Z","age":21},"phone":"9342533619","cell":"8106845077","id":{"name":"UIDAI","value":"188026837419"},"picture":{"large":"https://randomuser.me/api/portraits/men/52.jpg","medium":"https://randomuser.me/api/portraits/med/men/52.jpg","thumbnail":"https://randomuser.me/api/portraits/thumb/men/52.jpg"},"nat":"IN"}],"info":{"seed":"08e05e88931ff547","results":1,"page":1,"version":"1.4"}} 
 </msg>
<msg time="2024-04-11T09:14:45.156655" level="INFO">/opt/hostedtoolcache/Python/3.12.2/x64/lib/python3.12/site-packages/urllib3/connectionpool.py:1103: InsecureRequestWarning: Unverified HTTPS request is being made to host 'randomuser.me'. Adding certificate verification is strongly advised. See: https://urllib3.readthedocs.io/en/latest/advanced-usage.html#tls-warnings
  warnings.warn(</msg>
<msg time="2024-04-11T09:14:45.156804" level="INFO">${response} = &lt;Response [200]&gt;</msg>
<var>${response}</var>
<arg>consultarAPI</arg>
<arg>/api</arg>
<doc>Sends a GET request on a previously created HTTP Session.</doc>
<status status="PASS" start="2024-04-11T09:14:45.063367" elapsed="0.093487"/>
</kw>
<kw name="Set Variable" owner="BuiltIn">
<msg time="2024-04-11T09:14:45.158217" level="INFO">${json_data} = {'results': [{'gender': 'male', 'name': {'title': 'Mr', 'first': 'Aditya', 'last': 'Anchan'}, 'location': {'street': {'number': 5716, 'name': 'Bhootnath Rd'}, 'city': 'Bathinda', 'state': 'Jammu and K...</msg>
<var>${json_data}</var>
<arg>${response.json()}</arg>
<doc>Returns the given values which can then be assigned to a variables.</doc>
<status status="PASS" start="2024-04-11T09:14:45.157518" elapsed="0.000730"/>
</kw>
<kw name="Log" owner="BuiltIn">
<msg time="2024-04-11T09:14:45.158722" level="INFO">{'results': [{'gender': 'male', 'name': {'title': 'Mr', 'first': 'Aditya', 'last': 'Anchan'}, 'location': {'street': {'number': 5716, 'name': 'Bhootnath Rd'}, 'city': 'Bathinda', 'state': 'Jammu and Kashmir', 'country': 'India', 'postcode': 70421, 'coordinates': {'latitude': '12.4922', 'longitude': '-0.8764'}, 'timezone': {'offset': '+4:30', 'description': 'Kabul'}}, 'email': 'aditya.anchan@example.com', 'login': {'uuid': '00a9116a-7d4b-4bbb-b2e0-4408c573955a', 'username': 'whitebear356', 'password': 'blaze', 'salt': 'EZrSRSR0', 'md5': 'b03de4dec7c9212193352eeeb76c57bd', 'sha1': 'd7cf81ab7901cf8f10b4da14a3b8cef1e2dca5cd', 'sha256': 'f9ddc4e7257448f54028a56cbac8de55928356a03c0045a600e73d86d03754fe'}, 'dob': {'date': '1961-01-12T19:54:17.952Z', 'age': 63}, 'registered': {'date': '2002-07-23T09:12:15.919Z', 'age': 21}, 'phone': '9342533619', 'cell': '8106845077', 'id': {'name': 'UIDAI', 'value': '188026837419'}, 'picture': {'large': 'https://randomuser.me/api/portraits/men/52.jpg', 'medium': 'https://randomuser.me/api/portraits/med/men/52.jpg', 'thumbnail': 'https://randomuser.me/api/portraits/thumb/men/52.jpg'}, 'nat': 'IN'}], 'info': {'seed': '08e05e88931ff547', 'results': 1, 'page': 1, 'version': '1.4'}}</msg>
<arg>${json_data}</arg>
<doc>Logs the given message with the given level.</doc>
<status status="PASS" start="2024-04-11T09:14:45.158565" elapsed="0.000238"/>
</kw>
<kw name="Should Be Equal As Numbers" owner="BuiltIn">
<arg>${json_data['results'][0]['location']['postcode']}</arg>
<arg>${json_data['results'][0]['location']['postcode']}</arg>
<doc>Fails if objects are unequal after converting them to real numbers.</doc>
<status status="PASS" start="2024-04-11T09:14:45.159105" elapsed="0.000629"/>
</kw>
<kw name="Log" owner="BuiltIn">
<msg time="2024-04-11T09:14:45.160269" level="INFO">70421</msg>
<arg>${json_data['results'][0]['location']['postcode']}</arg>
<doc>Logs the given message with the given level.</doc>
<status status="PASS" start="2024-04-11T09:14:45.159928" elapsed="0.000382"/>
</kw>
<status status="PASS" start="2024-04-11T09:14:45.063110" elapsed="0.097461"/>
</kw>
<doc>Testa se os tipos de dados na resposta da API estão corretos.</doc>
<tag>testeTiposDados</tag>
<status status="PASS" start="2024-04-11T09:14:44.973228" elapsed="0.187518"/>
</test>
<test id="s1-s1-t5" name="Validar conteudo" line="35">
<kw name="Teste de Tipos de Conteudo" owner="random-user-service">
<kw name="GET On Session" owner="RequestsLibrary">
<msg time="2024-04-11T09:14:45.255793" level="INFO">GET Request : url=https://randomuser.me/api 
 path_url=/api 
 headers={'User-Agent': 'python-requests/2.31.0', 'Accept-Encoding': 'gzip, deflate', 'Accept': '*/*', 'Connection': 'keep-alive'} 
 body=None 
 </msg>
<msg time="2024-04-11T09:14:45.255893" level="INFO">GET Response : url=https://randomuser.me/api 
 status=200, reason=OK 
 headers={'Date': 'Thu, 11 Apr 2024 09:14:45 GMT', 'Content-Type': 'application/json; charset=utf-8', 'Transfer-Encoding': 'chunked', 'Connection': 'keep-alive', 'X-Powered-By': 'Express', 'Access-Control-Allow-Origin': '*', 'Cache-Control': 'no-cache', 'ETag': 'W/"487-4BJnn8jW+fq9zCLO9Z5v/RA3B1w"', 'Vary': 'Accept-Encoding', 'Content-Encoding': 'gzip', 'CF-Cache-Status': 'DYNAMIC', 'Report-To': '{"endpoints":[{"url":"https:\\/\\/a.nel.cloudflare.com\\/report\\/v4?s=QjXK%2FhZX2tufTt1XCyhTm4itHxr2Lxa3ZXjNgFaW%2BYlt6ech49%2Ff3tLDgpUKQXRLRH1MMS0A6f736Nyc4USKW03YwxUaM4EQ6hzxxLRVEIs1WYX7ihdYw020xdDeWM3W"}],"group":"cf-nel","max_age":604800}', 'NEL': '{"success_fraction":0,"report_to":"cf-nel","max_age":604800}', 'Server': 'cloudflare', 'CF-RAY': '8729de404dce967b-SJC', 'alt-svc': 'h3=":443"; ma=86400'} 
 body={"results":[{"gender":"female","name":{"title":"Miss","first":"Alice","last":"Williams"},"location":{"street":{"number":467,"name":"Kennedy Road"},"city":"Hastings","state":"Marlborough","country":"New Zealand","postcode":56178,"coordinates":{"latitude":"47.1649","longitude":"164.5353"},"timezone":{"offset":"+6:00","description":"Almaty, Dhaka, Colombo"}},"email":"alice.williams@example.com","login":{"uuid":"0e1c0656-836b-4334-a344-9cd8ec754da7","username":"crazymouse799","password":"diana","salt":"mzRoosil","md5":"40d5f0f5b7d532513fa5081647c6df1a","sha1":"4aa5172ebb537b761d86dfc83a29f6a1434132cd","sha256":"767967b0d6ade7fb2d5d9683b40de34922cb2277d7aa445a6363ce28cdf0a455"},"dob":{"date":"1992-05-28T12:17:30.983Z","age":31},"registered":{"date":"2012-12-21T15:03:32.575Z","age":11},"phone":"(743)-286-4481","cell":"(823)-581-9301","id":{"name":"","value":null},"picture":{"large":"https://randomuser.me/api/portraits/women/89.jpg","medium":"https://randomuser.me/api/portraits/med/women/89.jpg","thumbnail":"https://randomuser.me/api/portraits/thumb/women/89.jpg"},"nat":"NZ"}],"info":{"seed":"e3b9787985b5e0c4","results":1,"page":1,"version":"1.4"}} 
 </msg>
<msg time="2024-04-11T09:14:45.255970" level="INFO">/opt/hostedtoolcache/Python/3.12.2/x64/lib/python3.12/site-packages/urllib3/connectionpool.py:1103: InsecureRequestWarning: Unverified HTTPS request is being made to host 'randomuser.me'. Adding certificate verification is strongly advised. See: https://urllib3.readthedocs.io/en/latest/advanced-usage.html#tls-warnings
  warnings.warn(</msg>
<msg time="2024-04-11T09:14:45.256098" level="INFO">${response} = &lt;Response [200]&gt;</msg>
<var>${response}</var>
<arg>consultarAPI</arg>
<arg>/api</arg>
<doc>Sends a GET request on a previously created HTTP Session.</doc>
<status status="PASS" start="2024-04-11T09:14:45.163360" elapsed="0.092780"/>
</kw>
<kw name="Set Variable" owner="BuiltIn">
<msg time="2024-04-11T09:14:45.257307" level="INFO">${json_data} = {'results': [{'gender': 'female', 'name': {'title': 'Miss', 'first': 'Alice', 'last': 'Williams'}, 'location': {'street': {'number': 467, 'name': 'Kennedy Road'}, 'city': 'Hastings', 'state': 'Marlbor...</msg>
<var>${json_data}</var>
<arg>${response.json()}</arg>
<doc>Returns the given values which can then be assigned to a variables.</doc>
<status status="PASS" start="2024-04-11T09:14:45.256762" elapsed="0.000574"/>
</kw>
<kw name="Set Variable" owner="BuiltIn">
<msg time="2024-04-11T09:14:45.258080" level="INFO">${name_title} = Miss</msg>
<var>${name_title}</var>
<arg>${json_data["results"][0]["name"]["title"]}</arg>
<doc>Returns the given values which can then be assigned to a variables.</doc>
<status status="PASS" start="2024-04-11T09:14:45.257653" elapsed="0.000453"/>
</kw>
<kw name="Create List" owner="BuiltIn">
<msg time="2024-04-11T09:14:45.258561" level="INFO">${allowed_titles} = ['Mr', 'Ms', 'Miss', 'Mrs', 'Madame', 'Monsieur']</msg>
<var>${allowed_titles}</var>
<arg>Mr</arg>
<arg>Ms</arg>
<arg>Miss</arg>
<arg>Mrs</arg>
<arg>Madame</arg>
<arg>Monsieur</arg>
<doc>Returns a list containing given items.</doc>
<status status="PASS" start="2024-04-11T09:14:45.258410" elapsed="0.000175"/>
</kw>
<kw name="List Should Contain Value" owner="Collections">
<msg time="2024-04-11T09:14:45.259066" level="INFO">False</msg>
<arg>${allowed_titles}</arg>
<arg>${name_title}</arg>
<doc>Fails if the ``value`` is not found from ``list``.</doc>
<status status="PASS" start="2024-04-11T09:14:45.258889" elapsed="0.000215"/>
</kw>
<kw name="Set Variable" owner="BuiltIn">
<msg time="2024-04-11T09:14:45.259779" level="INFO">${name_country} = NZ</msg>
<var>${name_country}</var>
<arg>${json_data["results"][0]["nat"]}</arg>
<doc>Returns the given values which can then be assigned to a variables.</doc>
<status status="PASS" start="2024-04-11T09:14:45.259398" elapsed="0.000405"/>
</kw>
<kw name="Create List" owner="BuiltIn">
<msg time="2024-04-11T09:14:45.260710" level="INFO">${list_country} = ['AD', 'AE', 'AF', 'AG', 'AI', 'AL', 'AM', 'AO', 'AQ', 'AR', 'AS', 'AT', 'AU', 'AW', 'AX', 'AZ', 'BA', 'BB', 'BD', 'BE', 'BF', 'BG', 'BH', 'BI', 'BJ', 'BL', 'BM', 'BN', 'BO', 'BQ', 'BR', 'BS', 'BT', '...</msg>
<var>${list_country}</var>
<arg>AD</arg>
<arg>AE</arg>
<arg>AF</arg>
<arg>AG</arg>
<arg>AI</arg>
<arg>AL</arg>
<arg>AM</arg>
<arg>AO</arg>
<arg>AQ</arg>
<arg>AR</arg>
<arg>AS</arg>
<arg>AT</arg>
<arg>AU</arg>
<arg>AW</arg>
<arg>AX</arg>
<arg>AZ</arg>
<arg>BA</arg>
<arg>BB</arg>
<arg>BD</arg>
<arg>BE</arg>
<arg>BF</arg>
<arg>BG</arg>
<arg>BH</arg>
<arg>BI</arg>
<arg>BJ</arg>
<arg>BL</arg>
<arg>BM</arg>
<arg>BN</arg>
<arg>BO</arg>
<arg>BQ</arg>
<arg>BR</arg>
<arg>BS</arg>
<arg>BT</arg>
<arg>BV</arg>
<arg>BW</arg>
<arg>BY</arg>
<arg>BZ</arg>
<arg>CA</arg>
<arg>CC</arg>
<arg>CD</arg>
<arg>CF</arg>
<arg>CG</arg>
<arg>CH</arg>
<arg>CI</arg>
<arg>CK</arg>
<arg>CL</arg>
<arg>CM</arg>
<arg>CN</arg>
<arg>CO</arg>
<arg>CR</arg>
<arg>CU</arg>
<arg>CV</arg>
<arg>CW</arg>
<arg>CX</arg>
<arg>CY</arg>
<arg>CZ</arg>
<arg>DE</arg>
<arg>DJ</arg>
<arg>DK</arg>
<arg>DM</arg>
<arg>DO</arg>
<arg>DZ</arg>
<arg>EC</arg>
<arg>EE</arg>
<arg>EG</arg>
<arg>EH</arg>
<arg>ER</arg>
<arg>ES</arg>
<arg>ET</arg>
<arg>FI</arg>
<arg>FJ</arg>
<arg>FK</arg>
<arg>FM</arg>
<arg>FO</arg>
<arg>FR</arg>
<arg>GA</arg>
<arg>GB</arg>
<arg>GD</arg>
<arg>GE</arg>
<arg>GF</arg>
<arg>GG</arg>
<arg>GH</arg>
<arg>GI</arg>
<arg>GL</arg>
<arg>GM</arg>
<arg>GN</arg>
<arg>GP</arg>
<arg>GQ</arg>
<arg>GR</arg>
<arg>GS</arg>
<arg>GT</arg>
<arg>GU</arg>
<arg>GW</arg>
<arg>GY</arg>
<arg>HK</arg>
<arg>HM</arg>
<arg>HN</arg>
<arg>HR</arg>
<arg>HT</arg>
<arg>HU</arg>
<arg>ID</arg>
<arg>IE</arg>
<arg>IL</arg>
<arg>IM</arg>
<arg>IN</arg>
<arg>IO</arg>
<arg>IQ</arg>
<arg>IR</arg>
<arg>IS</arg>
<arg>IT</arg>
<arg>JE</arg>
<arg>JM</arg>
<arg>JO</arg>
<arg>JP</arg>
<arg>KE</arg>
<arg>KG</arg>
<arg>KH</arg>
<arg>KI</arg>
<arg>KM</arg>
<arg>KN</arg>
<arg>KP</arg>
<arg>KR</arg>
<arg>KW</arg>
<arg>KY</arg>
<arg>KZ</arg>
<arg>LA</arg>
<arg>LB</arg>
<arg>LC</arg>
<arg>LI</arg>
<arg>LK</arg>
<arg>LR</arg>
<arg>LS</arg>
<arg>LT</arg>
<arg>LU</arg>
<arg>LV</arg>
<arg>LY</arg>
<arg>MA</arg>
<arg>MC</arg>
<arg>MD</arg>
<arg>ME</arg>
<arg>MF</arg>
<arg>MG</arg>
<arg>MH</arg>
<arg>MK</arg>
<arg>ML</arg>
<arg>MM</arg>
<arg>MN</arg>
<arg>MO</arg>
<arg>MP</arg>
<arg>MQ</arg>
<arg>MR</arg>
<arg>MS</arg>
<arg>MT</arg>
<arg>MU</arg>
<arg>MV</arg>
<arg>MW</arg>
<arg>MX</arg>
<arg>MY</arg>
<arg>MZ</arg>
<arg>NA</arg>
<arg>NC</arg>
<arg>NE</arg>
<arg>NF</arg>
<arg>NG</arg>
<arg>NI</arg>
<arg>NL</arg>
<arg>NO</arg>
<arg>NP</arg>
<arg>NR</arg>
<arg>NU</arg>
<arg>NZ</arg>
<arg>OM</arg>
<arg>PA</arg>
<arg>PE</arg>
<arg>PF</arg>
<arg>PG</arg>
<arg>PH</arg>
<arg>PK</arg>
<arg>PL</arg>
<arg>PM</arg>
<arg>PN</arg>
<arg>PR</arg>
<arg>PS</arg>
<arg>PT</arg>
<arg>PW</arg>
<arg>PY</arg>
<arg>QA</arg>
<arg>RE</arg>
<arg>RO</arg>
<arg>RS</arg>
<arg>RU</arg>
<arg>RW</arg>
<arg>SA</arg>
<arg>SB</arg>
<arg>SC</arg>
<arg>SD</arg>
<arg>SE</arg>
<arg>SG</arg>
<arg>SH</arg>
<arg>SI</arg>
<arg>SJ</arg>
<arg>SK</arg>
<arg>SL</arg>
<arg>SM</arg>
<arg>SN</arg>
<arg>SO</arg>
<arg>SR</arg>
<arg>SS</arg>
<arg>ST</arg>
<arg>SV</arg>
<arg>SX</arg>
<arg>SY</arg>
<arg>SZ</arg>
<arg>TC</arg>
<arg>TD</arg>
<arg>TF</arg>
<arg>TG</arg>
<arg>TH</arg>
<arg>TJ</arg>
<arg>TK</arg>
<arg>TL</arg>
<arg>TM</arg>
<arg>TN</arg>
<arg>TO</arg>
<arg>TR</arg>
<arg>TT</arg>
<arg>TV</arg>
<arg>TW</arg>
<arg>TZ</arg>
<arg>UA</arg>
<arg>UG</arg>
<arg>UM</arg>
<arg>US</arg>
<arg>UY</arg>
<arg>UZ</arg>
<arg>VA</arg>
<arg>VC</arg>
<arg>VE</arg>
<arg>VG</arg>
<arg>VI</arg>
<arg>VN</arg>
<arg>VU</arg>
<arg>WF</arg>
<arg>WS</arg>
<arg>XK</arg>
<arg>YE</arg>
<arg>YT</arg>
<arg>ZA</arg>
<arg>ZM</arg>
<arg>ZW</arg>
<doc>Returns a list containing given items.</doc>
<status status="PASS" start="2024-04-11T09:14:45.260109" elapsed="0.000626"/>
</kw>
<kw name="List Should Contain Value" owner="Collections">
<msg time="2024-04-11T09:14:45.261717" level="INFO">False</msg>
<arg>${list_country}</arg>
<arg>${name_country}</arg>
<doc>Fails if the ``value`` is not found from ``list``.</doc>
<status status="PASS" start="2024-04-11T09:14:45.261513" elapsed="0.000241"/>
</kw>
<kw name="Run Keyword If" owner="BuiltIn">
<kw name="Should Be True" owner="BuiltIn">
<arg>${True}</arg>
<doc>Fails if the given condition is not true.</doc>
<status status="PASS" start="2024-04-11T09:14:45.263022" elapsed="0.000148"/>
</kw>
<arg>${json_data["results"][0]["location"]["coordinates"]["latitude"]} &gt;= -90 and ${json_data["results"][0]["location"]["coordinates"]["latitude"]} &lt;= 90</arg>
<arg>Should Be True</arg>
<arg>${True}</arg>
<doc>Runs the given keyword with the given arguments, if ``condition`` is true.</doc>
<status status="PASS" start="2024-04-11T09:14:45.262103" elapsed="0.001199"/>
</kw>
<kw name="Run Keyword If" owner="BuiltIn">
<kw name="Should Be True" owner="BuiltIn">
<arg>${True}</arg>
<doc>Fails if the given condition is not true.</doc>
<status status="PASS" start="2024-04-11T09:14:45.264192" elapsed="0.000141"/>
</kw>
<arg>${json_data["results"][0]["location"]["coordinates"]["longitude"]} &gt;= -180 and ${json_data["results"][0]["location"]["coordinates"]["longitude"]} &lt;= 180</arg>
<arg>Should Be True</arg>
<arg>${True}</arg>
<doc>Runs the given keyword with the given arguments, if ``condition`` is true.</doc>
<status status="PASS" start="2024-04-11T09:14:45.263491" elapsed="0.000969"/>
</kw>
<status status="PASS" start="2024-04-11T09:14:45.163126" elapsed="0.101466"/>
</kw>
<doc>Testa o conteúdo específico dos campos retornados pela API.</doc>
<tag>testeConteudo</tag>
<status status="PASS" start="2024-04-11T09:14:45.162561" elapsed="0.102189"/>
</test>
<status status="PASS" start="2024-04-11T09:14:44.405717" elapsed="0.861112"/>
</suite>
<status status="PASS" start="2024-04-11T09:14:44.391735" elapsed="0.880681"/>
</suite>
<statistics>
<total>
<stat pass="5" fail="0" skip="0">All Tests</stat>
</total>
<tag>
<stat pass="1" fail="0" skip="0">testeConteudo</stat>
<stat pass="1" fail="0" skip="0">testeEstruturaResposta</stat>
<stat pass="1" fail="0" skip="0">testeRequisicaoBasica</stat>
<stat pass="1" fail="0" skip="0">testeTiposDados</stat>
</tag>
<suite>
<stat pass="5" fail="0" skip="0" id="s1" name="Tests">Tests</stat>
<stat pass="5" fail="0" skip="0" id="s1-s1" name="Random-User-Test">Tests.Random-User-Test</stat>
</suite>
</statistics>
<errors>
</errors>
</robot>
