<?xml version="1.0" encoding="UTF-8"?>
<robot generator="Robot 7.0.1 (Python 3.12.4 on linux)" generated="2024-07-29T22:17:13.867490" rpa="false" schemaversion="5">
<suite id="s1" name="Tests" source="/home/runner/work/ApiRandomUser/ApiRandomUser/RamdonUser/tests">
<suite id="s1-s1" name="Random-User-Test" source="/home/runner/work/ApiRandomUser/ApiRandomUser/RamdonUser/tests/random-user-test.robot">
<test id="s1-s1-t1" name="Conectar" line="13">
<kw name="Conectar API" owner="random-user-service">
<kw name="Create Session" owner="RequestsLibrary">
<msg time="2024-07-29T22:17:14.282725" level="INFO">Creating Session using : alias=consultarAPI, url=https://randomuser.me/, headers={},                     cookies={}, auth=None, timeout=None, proxies=None, verify=False,                     debug=0 </msg>
<arg>consultarAPI</arg>
<arg>${URL}</arg>
<doc>Create Session: create a HTTP session to a server</doc>
<status status="PASS" start="2024-07-29T22:17:14.282502" elapsed="0.000422"/>
</kw>
<status status="PASS" start="2024-07-29T22:17:14.281265" elapsed="0.002037"/>
</kw>
<status status="PASS" start="2024-07-29T22:17:14.280610" elapsed="0.002892"/>
</test>
<test id="s1-s1-t2" name="Validar retorno 200 e JSON Válido" line="16">
<kw name="Teste de Requisicao Basica" owner="random-user-service">
<kw name="GET On Session" owner="RequestsLibrary">
<msg time="2024-07-29T22:17:14.409742" level="INFO">GET Request : url=https://randomuser.me/api 
 path_url=/api 
 headers={'User-Agent': 'python-requests/2.32.3', 'Accept-Encoding': 'gzip, deflate', 'Accept': '*/*', 'Connection': 'keep-alive'} 
 body=None 
 </msg>
<msg time="2024-07-29T22:17:14.409921" level="INFO">GET Response : url=https://randomuser.me/api 
 status=200, reason=OK 
 headers={'Date': 'Mon, 29 Jul 2024 22:17:14 GMT', 'Content-Type': 'application/json; charset=utf-8', 'Transfer-Encoding': 'chunked', 'Connection': 'keep-alive', 'X-Powered-By': 'Express', 'Access-Control-Allow-Origin': '*', 'Cache-Control': 'no-cache', 'ETag': 'W/"4a1-Hz6XDdjhLzz3QJF819UdxDtsNgg"', 'Vary': 'Accept-Encoding', 'Content-Encoding': 'gzip', 'CF-Cache-Status': 'DYNAMIC', 'Report-To': '{"endpoints":[{"url":"https:\\/\\/a.nel.cloudflare.com\\/report\\/v4?s=cgVaSAi5fQO%2FZuU%2BFkBYq%2FUhLej95soL3DXoiuPaCDs%2FHBKoJ9AuVLFH3ZDZ1lGTNgzkzrQv29%2F8sPfTt1vTN7JlXyTjU99yXZ%2BPnTYdEWlF2eY0miAxBgHvADA2X%2Fh9"}],"group":"cf-nel","max_age":604800}', 'NEL': '{"success_fraction":0,"report_to":"cf-nel","max_age":604800}', 'Server': 'cloudflare', 'CF-RAY': '8ab07a5879acaaac-SJC', 'alt-svc': 'h3=":443"; ma=86400'} 
 body={"results":[{"gender":"female","name":{"title":"Ms","first":"Caroline","last":"Hudson"},"location":{"street":{"number":2631,"name":"Adams St"},"city":"Newport News","state":"Iowa","country":"United States","postcode":61141,"coordinates":{"latitude":"83.2742","longitude":"176.9821"},"timezone":{"offset":"-6:00","description":"Central Time (US &amp; Canada), Mexico City"}},"email":"caroline.hudson@example.com","login":{"uuid":"26b34094-9136-4012-bd09-7ab2d140e26d","username":"organickoala668","password":"1216","salt":"gnAaelUY","md5":"258b10af857066a6f8493b411d124426","sha1":"30ac94868aaa530752f8ece8b9be13b45eed7e1f","sha256":"7189895a43d29561d0f04e190acaa04b02a7ab88473aa71a3d06a663b1fd2820"},"dob":{"date":"1986-01-23T00:48:26.532Z","age":38},"registered":{"date":"2005-07-05T00:23:30.322Z","age":19},"phone":"(220) 913-8694","cell":"(444) 799-9906","id":{"name":"SSN","value":"248-29-9985"},"picture":{"large":"https://randomuser.me/api/portraits/women/81.jpg","medium":"https://randomuser.me/api/portraits/med/women/81.jpg","thumbnail":"https://randomuser.me/api/portraits/thumb/women/81.jpg"},"nat":"US"}],"info":{"seed":"4f76a0b7833687c9","results":1,"page":1,"version":"1.4"}} 
 </msg>
<msg time="2024-07-29T22:17:14.410021" level="INFO">/opt/hostedtoolcache/Python/3.12.4/x64/lib/python3.12/site-packages/urllib3/connectionpool.py:1099: InsecureRequestWarning: Unverified HTTPS request is being made to host 'randomuser.me'. Adding certificate verification is strongly advised. See: https://urllib3.readthedocs.io/en/latest/advanced-usage.html#tls-warnings
  warnings.warn(</msg>
<msg time="2024-07-29T22:17:14.410175" level="INFO">${response} = &lt;Response [200]&gt;</msg>
<var>${response}</var>
<arg>consultarAPI</arg>
<arg>/api</arg>
<doc>Sends a GET request on a previously created HTTP Session.</doc>
<status status="PASS" start="2024-07-29T22:17:14.286193" elapsed="0.124025"/>
</kw>
<kw name="Should Be Equal As Numbers" owner="BuiltIn">
<msg time="2024-07-29T22:17:14.411473" level="INFO">Argument types are:
&lt;class 'int'&gt;
&lt;class 'str'&gt;</msg>
<arg>${response.status_code}</arg>
<arg>200</arg>
<doc>Fails if objects are unequal after converting them to real numbers.</doc>
<status status="PASS" start="2024-07-29T22:17:14.410942" elapsed="0.000600"/>
</kw>
<kw name="Log" owner="BuiltIn">
<msg time="2024-07-29T22:17:14.412251" level="INFO">200</msg>
<arg>${response.status_code}</arg>
<doc>Logs the given message with the given level.</doc>
<status status="PASS" start="2024-07-29T22:17:14.411886" elapsed="0.000408"/>
</kw>
<kw name="Set Variable" owner="BuiltIn">
<msg time="2024-07-29T22:17:14.413082" level="INFO">${json_data} = {'results': [{'gender': 'female', 'name': {'title': 'Ms', 'first': 'Caroline', 'last': 'Hudson'}, 'location': {'street': {'number': 2631, 'name': 'Adams St'}, 'city': 'Newport News', 'state': 'Iowa', ...</msg>
<var>${json_data}</var>
<arg>${response.json()}</arg>
<doc>Returns the given values which can then be assigned to a variables.</doc>
<status status="PASS" start="2024-07-29T22:17:14.412605" elapsed="0.000509"/>
</kw>
<kw name="Dictionary Should Contain Key" owner="Collections">
<arg>${json_data}</arg>
<arg>results</arg>
<doc>Fails if ``key`` is not found from ``dictionary``.</doc>
<status status="PASS" start="2024-07-29T22:17:14.413433" elapsed="0.000336"/>
</kw>
<status status="PASS" start="2024-07-29T22:17:14.285940" elapsed="0.127989"/>
</kw>
<doc>Testa se a API responde corretamente e retorna um objeto JSON válido.</doc>
<tag>testeRequisicaoBasica</tag>
<status status="PASS" start="2024-07-29T22:17:14.285443" elapsed="0.128662"/>
</test>
<test id="s1-s1-t3" name="Validar estrutura de resposta" line="22">
<kw name="Teste de Estrutura de Resposta" owner="random-user-service">
<kw name="GET On Session" owner="RequestsLibrary">
<msg time="2024-07-29T22:17:14.506516" level="INFO">GET Request : url=https://randomuser.me/api 
 path_url=/api 
 headers={'User-Agent': 'python-requests/2.32.3', 'Accept-Encoding': 'gzip, deflate', 'Accept': '*/*', 'Connection': 'keep-alive'} 
 body=None 
 </msg>
<msg time="2024-07-29T22:17:14.506617" level="INFO">GET Response : url=https://randomuser.me/api 
 status=200, reason=OK 
 headers={'Date': 'Mon, 29 Jul 2024 22:17:14 GMT', 'Content-Type': 'application/json; charset=utf-8', 'Transfer-Encoding': 'chunked', 'Connection': 'keep-alive', 'X-Powered-By': 'Express', 'Access-Control-Allow-Origin': '*', 'Cache-Control': 'no-cache', 'ETag': 'W/"4a3-bxvDuDftUyPz9UdwFHzBjeNXSEM"', 'Vary': 'Accept-Encoding', 'Content-Encoding': 'gzip', 'CF-Cache-Status': 'DYNAMIC', 'Report-To': '{"endpoints":[{"url":"https:\\/\\/a.nel.cloudflare.com\\/report\\/v4?s=9d%2BZH65LqKHKIO3bQhuPkbP4iqebMthiJcs%2BsG0rlqP63cwaVttbTzNMBbpsd1F8IG2lKM5gjRwYADZaZbnvjXB5dVx6JVWLtLEYbAIaUux2y3pU5MR6cSnwiuzapsGn"}],"group":"cf-nel","max_age":604800}', 'NEL': '{"success_fraction":0,"report_to":"cf-nel","max_age":604800}', 'Server': 'cloudflare', 'CF-RAY': '8ab07a591a70aaac-SJC', 'alt-svc': 'h3=":443"; ma=86400'} 
 body={"results":[{"gender":"male","name":{"title":"Mr","first":"Raghav","last":"Bharanya"},"location":{"street":{"number":1236,"name":"Jagadamba Centre"},"city":"Muzaffarnagar","state":"Tamil Nadu","country":"India","postcode":75265,"coordinates":{"latitude":"5.7424","longitude":"-120.3897"},"timezone":{"offset":"+5:00","description":"Ekaterinburg, Islamabad, Karachi, Tashkent"}},"email":"raghav.bharanya@example.com","login":{"uuid":"b2b15aeb-6412-42ac-a5dd-041e2a4f8a2f","username":"ticklishsnake143","password":"fantasia","salt":"ApfhlOW3","md5":"467c5ff6f21a6170f4ec3edf13f9e98e","sha1":"be55c138264aeafb5c16eee428c42518ada0e404","sha256":"d0124f412e9e690b2042e01d33f05a2ae43afb35543a3eac85764670d97d0fbf"},"dob":{"date":"1959-12-09T21:50:35.193Z","age":64},"registered":{"date":"2003-11-25T13:01:54.843Z","age":20},"phone":"7629561929","cell":"8947351492","id":{"name":"UIDAI","value":"956004145403"},"picture":{"large":"https://randomuser.me/api/portraits/men/92.jpg","medium":"https://randomuser.me/api/portraits/med/men/92.jpg","thumbnail":"https://randomuser.me/api/portraits/thumb/men/92.jpg"},"nat":"IN"}],"info":{"seed":"477cddb7b063264b","results":1,"page":1,"version":"1.4"}} 
 </msg>
<msg time="2024-07-29T22:17:14.506745" level="INFO">/opt/hostedtoolcache/Python/3.12.4/x64/lib/python3.12/site-packages/urllib3/connectionpool.py:1099: InsecureRequestWarning: Unverified HTTPS request is being made to host 'randomuser.me'. Adding certificate verification is strongly advised. See: https://urllib3.readthedocs.io/en/latest/advanced-usage.html#tls-warnings
  warnings.warn(</msg>
<msg time="2024-07-29T22:17:14.506884" level="INFO">${response} = &lt;Response [200]&gt;</msg>
<var>${response}</var>
<arg>consultarAPI</arg>
<arg>/api</arg>
<doc>Sends a GET request on a previously created HTTP Session.</doc>
<status status="PASS" start="2024-07-29T22:17:14.416741" elapsed="0.090184"/>
</kw>
<kw name="Set Variable" owner="BuiltIn">
<msg time="2024-07-29T22:17:14.508133" level="INFO">${json_data} = {'results': [{'gender': 'male', 'name': {'title': 'Mr', 'first': 'Raghav', 'last': 'Bharanya'}, 'location': {'street': {'number': 1236, 'name': 'Jagadamba Centre'}, 'city': 'Muzaffarnagar', 'state': '...</msg>
<var>${json_data}</var>
<arg>${response.json()}</arg>
<doc>Returns the given values which can then be assigned to a variables.</doc>
<status status="PASS" start="2024-07-29T22:17:14.507558" elapsed="0.000605"/>
</kw>
<kw name="Log" owner="BuiltIn">
<msg time="2024-07-29T22:17:14.508659" level="INFO">{'results': [{'gender': 'male', 'name': {'title': 'Mr', 'first': 'Raghav', 'last': 'Bharanya'}, 'location': {'street': {'number': 1236, 'name': 'Jagadamba Centre'}, 'city': 'Muzaffarnagar', 'state': 'Tamil Nadu', 'country': 'India', 'postcode': 75265, 'coordinates': {'latitude': '5.7424', 'longitude': '-120.3897'}, 'timezone': {'offset': '+5:00', 'description': 'Ekaterinburg, Islamabad, Karachi, Tashkent'}}, 'email': 'raghav.bharanya@example.com', 'login': {'uuid': 'b2b15aeb-6412-42ac-a5dd-041e2a4f8a2f', 'username': 'ticklishsnake143', 'password': 'fantasia', 'salt': 'ApfhlOW3', 'md5': '467c5ff6f21a6170f4ec3edf13f9e98e', 'sha1': 'be55c138264aeafb5c16eee428c42518ada0e404', 'sha256': 'd0124f412e9e690b2042e01d33f05a2ae43afb35543a3eac85764670d97d0fbf'}, 'dob': {'date': '1959-12-09T21:50:35.193Z', 'age': 64}, 'registered': {'date': '2003-11-25T13:01:54.843Z', 'age': 20}, 'phone': '7629561929', 'cell': '8947351492', 'id': {'name': 'UIDAI', 'value': '956004145403'}, 'picture': {'large': 'https://randomuser.me/api/portraits/men/92.jpg', 'medium': 'https://randomuser.me/api/portraits/med/men/92.jpg', 'thumbnail': 'https://randomuser.me/api/portraits/thumb/men/92.jpg'}, 'nat': 'IN'}], 'info': {'seed': '477cddb7b063264b', 'results': 1, 'page': 1, 'version': '1.4'}}</msg>
<arg>${json_data}</arg>
<doc>Logs the given message with the given level.</doc>
<status status="PASS" start="2024-07-29T22:17:14.508487" elapsed="0.000229"/>
</kw>
<kw name="Dictionary Should Contain Key" owner="Collections">
<arg>${json_data}</arg>
<arg>results</arg>
<doc>Fails if ``key`` is not found from ``dictionary``.</doc>
<status status="PASS" start="2024-07-29T22:17:14.509049" elapsed="0.000182"/>
</kw>
<kw name="Should Not Be Empty" owner="BuiltIn">
<msg time="2024-07-29T22:17:14.509555" level="INFO">Length is 2.</msg>
<arg>${json_data}</arg>
<doc>Verifies that the given item is not empty.</doc>
<status status="PASS" start="2024-07-29T22:17:14.509422" elapsed="0.000172"/>
</kw>
<kw name="Create List" owner="BuiltIn">
<msg time="2024-07-29T22:17:14.510043" level="INFO">${expected_keys} = ['gender', 'name', 'location', 'email', 'login']</msg>
<var>${expected_keys}</var>
<arg>gender</arg>
<arg>name</arg>
<arg>location</arg>
<arg>email</arg>
<arg>login</arg>
<doc>Returns a list containing given items.</doc>
<status status="PASS" start="2024-07-29T22:17:14.509889" elapsed="0.000179"/>
</kw>
<for flavor="IN">
<iter>
<kw name="Dictionary Should Contain Key" owner="Collections">
<arg>${json_data['results'][0]}</arg>
<arg>${key}</arg>
<doc>Fails if ``key`` is not found from ``dictionary``.</doc>
<status status="PASS" start="2024-07-29T22:17:14.510666" elapsed="0.000411"/>
</kw>
<kw name="Log" owner="BuiltIn">
<msg time="2024-07-29T22:17:14.511631" level="INFO">{'gender': 'male', 'name': {'title': 'Mr', 'first': 'Raghav', 'last': 'Bharanya'}, 'location': {'street': {'number': 1236, 'name': 'Jagadamba Centre'}, 'city': 'Muzaffarnagar', 'state': 'Tamil Nadu', 'country': 'India', 'postcode': 75265, 'coordinates': {'latitude': '5.7424', 'longitude': '-120.3897'}, 'timezone': {'offset': '+5:00', 'description': 'Ekaterinburg, Islamabad, Karachi, Tashkent'}}, 'email': 'raghav.bharanya@example.com', 'login': {'uuid': 'b2b15aeb-6412-42ac-a5dd-041e2a4f8a2f', 'username': 'ticklishsnake143', 'password': 'fantasia', 'salt': 'ApfhlOW3', 'md5': '467c5ff6f21a6170f4ec3edf13f9e98e', 'sha1': 'be55c138264aeafb5c16eee428c42518ada0e404', 'sha256': 'd0124f412e9e690b2042e01d33f05a2ae43afb35543a3eac85764670d97d0fbf'}, 'dob': {'date': '1959-12-09T21:50:35.193Z', 'age': 64}, 'registered': {'date': '2003-11-25T13:01:54.843Z', 'age': 20}, 'phone': '7629561929', 'cell': '8947351492', 'id': {'name': 'UIDAI', 'value': '956004145403'}, 'picture': {'large': 'https://randomuser.me/api/portraits/men/92.jpg', 'medium': 'https://randomuser.me/api/portraits/med/men/92.jpg', 'thumbnail': 'https://randomuser.me/api/portraits/thumb/men/92.jpg'}, 'nat': 'IN'}</msg>
<arg>${json_data['results'][0]}</arg>
<doc>Logs the given message with the given level.</doc>
<status status="PASS" start="2024-07-29T22:17:14.511266" elapsed="0.000415"/>
</kw>
<kw name="Log" owner="BuiltIn">
<msg time="2024-07-29T22:17:14.512117" level="INFO">gender</msg>
<arg>${key}</arg>
<doc>Logs the given message with the given level.</doc>
<status status="PASS" start="2024-07-29T22:17:14.511986" elapsed="0.000171"/>
</kw>
<var name="${key}">gender</var>
<status status="PASS" start="2024-07-29T22:17:14.510537" elapsed="0.001840"/>
</iter>
<iter>
<kw name="Dictionary Should Contain Key" owner="Collections">
<arg>${json_data['results'][0]}</arg>
<arg>${key}</arg>
<doc>Fails if ``key`` is not found from ``dictionary``.</doc>
<status status="PASS" start="2024-07-29T22:17:14.512677" elapsed="0.000422"/>
</kw>
<kw name="Log" owner="BuiltIn">
<msg time="2024-07-29T22:17:14.513687" level="INFO">{'gender': 'male', 'name': {'title': 'Mr', 'first': 'Raghav', 'last': 'Bharanya'}, 'location': {'street': {'number': 1236, 'name': 'Jagadamba Centre'}, 'city': 'Muzaffarnagar', 'state': 'Tamil Nadu', 'country': 'India', 'postcode': 75265, 'coordinates': {'latitude': '5.7424', 'longitude': '-120.3897'}, 'timezone': {'offset': '+5:00', 'description': 'Ekaterinburg, Islamabad, Karachi, Tashkent'}}, 'email': 'raghav.bharanya@example.com', 'login': {'uuid': 'b2b15aeb-6412-42ac-a5dd-041e2a4f8a2f', 'username': 'ticklishsnake143', 'password': 'fantasia', 'salt': 'ApfhlOW3', 'md5': '467c5ff6f21a6170f4ec3edf13f9e98e', 'sha1': 'be55c138264aeafb5c16eee428c42518ada0e404', 'sha256': 'd0124f412e9e690b2042e01d33f05a2ae43afb35543a3eac85764670d97d0fbf'}, 'dob': {'date': '1959-12-09T21:50:35.193Z', 'age': 64}, 'registered': {'date': '2003-11-25T13:01:54.843Z', 'age': 20}, 'phone': '7629561929', 'cell': '8947351492', 'id': {'name': 'UIDAI', 'value': '956004145403'}, 'picture': {'large': 'https://randomuser.me/api/portraits/men/92.jpg', 'medium': 'https://randomuser.me/api/portraits/med/men/92.jpg', 'thumbnail': 'https://randomuser.me/api/portraits/thumb/men/92.jpg'}, 'nat': 'IN'}</msg>
<arg>${json_data['results'][0]}</arg>
<doc>Logs the given message with the given level.</doc>
<status status="PASS" start="2024-07-29T22:17:14.513287" elapsed="0.000449"/>
</kw>
<kw name="Log" owner="BuiltIn">
<msg time="2024-07-29T22:17:14.514173" level="INFO">name</msg>
<arg>${key}</arg>
<doc>Logs the given message with the given level.</doc>
<status status="PASS" start="2024-07-29T22:17:14.514041" elapsed="0.000171"/>
</kw>
<var name="${key}">name</var>
<status status="PASS" start="2024-07-29T22:17:14.512564" elapsed="0.001868"/>
</iter>
<iter>
<kw name="Dictionary Should Contain Key" owner="Collections">
<arg>${json_data['results'][0]}</arg>
<arg>${key}</arg>
<doc>Fails if ``key`` is not found from ``dictionary``.</doc>
<status status="PASS" start="2024-07-29T22:17:14.514717" elapsed="0.000410"/>
</kw>
<kw name="Log" owner="BuiltIn">
<msg time="2024-07-29T22:17:14.515672" level="INFO">{'gender': 'male', 'name': {'title': 'Mr', 'first': 'Raghav', 'last': 'Bharanya'}, 'location': {'street': {'number': 1236, 'name': 'Jagadamba Centre'}, 'city': 'Muzaffarnagar', 'state': 'Tamil Nadu', 'country': 'India', 'postcode': 75265, 'coordinates': {'latitude': '5.7424', 'longitude': '-120.3897'}, 'timezone': {'offset': '+5:00', 'description': 'Ekaterinburg, Islamabad, Karachi, Tashkent'}}, 'email': 'raghav.bharanya@example.com', 'login': {'uuid': 'b2b15aeb-6412-42ac-a5dd-041e2a4f8a2f', 'username': 'ticklishsnake143', 'password': 'fantasia', 'salt': 'ApfhlOW3', 'md5': '467c5ff6f21a6170f4ec3edf13f9e98e', 'sha1': 'be55c138264aeafb5c16eee428c42518ada0e404', 'sha256': 'd0124f412e9e690b2042e01d33f05a2ae43afb35543a3eac85764670d97d0fbf'}, 'dob': {'date': '1959-12-09T21:50:35.193Z', 'age': 64}, 'registered': {'date': '2003-11-25T13:01:54.843Z', 'age': 20}, 'phone': '7629561929', 'cell': '8947351492', 'id': {'name': 'UIDAI', 'value': '956004145403'}, 'picture': {'large': 'https://randomuser.me/api/portraits/men/92.jpg', 'medium': 'https://randomuser.me/api/portraits/med/men/92.jpg', 'thumbnail': 'https://randomuser.me/api/portraits/thumb/men/92.jpg'}, 'nat': 'IN'}</msg>
<arg>${json_data['results'][0]}</arg>
<doc>Logs the given message with the given level.</doc>
<status status="PASS" start="2024-07-29T22:17:14.515319" elapsed="0.000401"/>
</kw>
<kw name="Log" owner="BuiltIn">
<msg time="2024-07-29T22:17:14.516153" level="INFO">location</msg>
<arg>${key}</arg>
<doc>Logs the given message with the given level.</doc>
<status status="PASS" start="2024-07-29T22:17:14.516021" elapsed="0.000171"/>
</kw>
<var name="${key}">location</var>
<status status="PASS" start="2024-07-29T22:17:14.514609" elapsed="0.001800"/>
</iter>
<iter>
<kw name="Dictionary Should Contain Key" owner="Collections">
<arg>${json_data['results'][0]}</arg>
<arg>${key}</arg>
<doc>Fails if ``key`` is not found from ``dictionary``.</doc>
<status status="PASS" start="2024-07-29T22:17:14.516689" elapsed="0.000413"/>
</kw>
<kw name="Log" owner="BuiltIn">
<msg time="2024-07-29T22:17:14.517793" level="INFO">{'gender': 'male', 'name': {'title': 'Mr', 'first': 'Raghav', 'last': 'Bharanya'}, 'location': {'street': {'number': 1236, 'name': 'Jagadamba Centre'}, 'city': 'Muzaffarnagar', 'state': 'Tamil Nadu', 'country': 'India', 'postcode': 75265, 'coordinates': {'latitude': '5.7424', 'longitude': '-120.3897'}, 'timezone': {'offset': '+5:00', 'description': 'Ekaterinburg, Islamabad, Karachi, Tashkent'}}, 'email': 'raghav.bharanya@example.com', 'login': {'uuid': 'b2b15aeb-6412-42ac-a5dd-041e2a4f8a2f', 'username': 'ticklishsnake143', 'password': 'fantasia', 'salt': 'ApfhlOW3', 'md5': '467c5ff6f21a6170f4ec3edf13f9e98e', 'sha1': 'be55c138264aeafb5c16eee428c42518ada0e404', 'sha256': 'd0124f412e9e690b2042e01d33f05a2ae43afb35543a3eac85764670d97d0fbf'}, 'dob': {'date': '1959-12-09T21:50:35.193Z', 'age': 64}, 'registered': {'date': '2003-11-25T13:01:54.843Z', 'age': 20}, 'phone': '7629561929', 'cell': '8947351492', 'id': {'name': 'UIDAI', 'value': '956004145403'}, 'picture': {'large': 'https://randomuser.me/api/portraits/men/92.jpg', 'medium': 'https://randomuser.me/api/portraits/med/men/92.jpg', 'thumbnail': 'https://randomuser.me/api/portraits/thumb/men/92.jpg'}, 'nat': 'IN'}</msg>
<arg>${json_data['results'][0]}</arg>
<doc>Logs the given message with the given level.</doc>
<status status="PASS" start="2024-07-29T22:17:14.517421" elapsed="0.000421"/>
</kw>
<kw name="Log" owner="BuiltIn">
<msg time="2024-07-29T22:17:14.518286" level="INFO">email</msg>
<arg>${key}</arg>
<doc>Logs the given message with the given level.</doc>
<status status="PASS" start="2024-07-29T22:17:14.518155" elapsed="0.000170"/>
</kw>
<var name="${key}">email</var>
<status status="PASS" start="2024-07-29T22:17:14.516582" elapsed="0.001963"/>
</iter>
<iter>
<kw name="Dictionary Should Contain Key" owner="Collections">
<arg>${json_data['results'][0]}</arg>
<arg>${key}</arg>
<doc>Fails if ``key`` is not found from ``dictionary``.</doc>
<status status="PASS" start="2024-07-29T22:17:14.518837" elapsed="0.000377"/>
</kw>
<kw name="Log" owner="BuiltIn">
<msg time="2024-07-29T22:17:14.519758" level="INFO">{'gender': 'male', 'name': {'title': 'Mr', 'first': 'Raghav', 'last': 'Bharanya'}, 'location': {'street': {'number': 1236, 'name': 'Jagadamba Centre'}, 'city': 'Muzaffarnagar', 'state': 'Tamil Nadu', 'country': 'India', 'postcode': 75265, 'coordinates': {'latitude': '5.7424', 'longitude': '-120.3897'}, 'timezone': {'offset': '+5:00', 'description': 'Ekaterinburg, Islamabad, Karachi, Tashkent'}}, 'email': 'raghav.bharanya@example.com', 'login': {'uuid': 'b2b15aeb-6412-42ac-a5dd-041e2a4f8a2f', 'username': 'ticklishsnake143', 'password': 'fantasia', 'salt': 'ApfhlOW3', 'md5': '467c5ff6f21a6170f4ec3edf13f9e98e', 'sha1': 'be55c138264aeafb5c16eee428c42518ada0e404', 'sha256': 'd0124f412e9e690b2042e01d33f05a2ae43afb35543a3eac85764670d97d0fbf'}, 'dob': {'date': '1959-12-09T21:50:35.193Z', 'age': 64}, 'registered': {'date': '2003-11-25T13:01:54.843Z', 'age': 20}, 'phone': '7629561929', 'cell': '8947351492', 'id': {'name': 'UIDAI', 'value': '956004145403'}, 'picture': {'large': 'https://randomuser.me/api/portraits/men/92.jpg', 'medium': 'https://randomuser.me/api/portraits/med/men/92.jpg', 'thumbnail': 'https://randomuser.me/api/portraits/thumb/men/92.jpg'}, 'nat': 'IN'}</msg>
<arg>${json_data['results'][0]}</arg>
<doc>Logs the given message with the given level.</doc>
<status status="PASS" start="2024-07-29T22:17:14.519395" elapsed="0.000421"/>
</kw>
<kw name="Log" owner="BuiltIn">
<msg time="2024-07-29T22:17:14.520237" level="INFO">login</msg>
<arg>${key}</arg>
<doc>Logs the given message with the given level.</doc>
<status status="PASS" start="2024-07-29T22:17:14.520109" elapsed="0.000166"/>
</kw>
<var name="${key}">login</var>
<status status="PASS" start="2024-07-29T22:17:14.518727" elapsed="0.001765"/>
</iter>
<var>${key}</var>
<value>@{expected_keys}</value>
<status status="PASS" start="2024-07-29T22:17:14.510337" elapsed="0.010278"/>
</for>
<kw name="Create List" owner="BuiltIn">
<msg time="2024-07-29T22:17:14.520977" level="INFO">${expected_keysTwo} = ['username', 'password']</msg>
<var>${expected_keysTwo}</var>
<arg>username</arg>
<arg>password</arg>
<doc>Returns a list containing given items.</doc>
<status status="PASS" start="2024-07-29T22:17:14.520837" elapsed="0.000189"/>
</kw>
<for flavor="IN">
<iter>
<kw name="Dictionary Should Contain Key" owner="Collections">
<arg>${json_data['results'][0]['login']}</arg>
<arg>${keyTwo}</arg>
<doc>Fails if ``key`` is not found from ``dictionary``.</doc>
<status status="PASS" start="2024-07-29T22:17:14.521551" elapsed="0.000385"/>
</kw>
<kw name="Dictionary Should Contain Key" owner="Collections">
<arg>${json_data['results'][0]['login']}</arg>
<arg>${keyTwo}</arg>
<doc>Fails if ``key`` is not found from ``dictionary``.</doc>
<status status="PASS" start="2024-07-29T22:17:14.522119" elapsed="0.000378"/>
</kw>
<kw name="Log" owner="BuiltIn">
<msg time="2024-07-29T22:17:14.522797" level="INFO">username</msg>
<arg>${keyTwo}</arg>
<doc>Logs the given message with the given level.</doc>
<status status="PASS" start="2024-07-29T22:17:14.522676" elapsed="0.000159"/>
</kw>
<var name="${keyTwo}">username</var>
<status status="PASS" start="2024-07-29T22:17:14.521442" elapsed="0.001618"/>
</iter>
<iter>
<kw name="Dictionary Should Contain Key" owner="Collections">
<arg>${json_data['results'][0]['login']}</arg>
<arg>${keyTwo}</arg>
<doc>Fails if ``key`` is not found from ``dictionary``.</doc>
<status status="PASS" start="2024-07-29T22:17:14.523346" elapsed="0.000383"/>
</kw>
<kw name="Dictionary Should Contain Key" owner="Collections">
<arg>${json_data['results'][0]['login']}</arg>
<arg>${keyTwo}</arg>
<doc>Fails if ``key`` is not found from ``dictionary``.</doc>
<status status="PASS" start="2024-07-29T22:17:14.523908" elapsed="0.000371"/>
</kw>
<kw name="Log" owner="BuiltIn">
<msg time="2024-07-29T22:17:14.524581" level="INFO">password</msg>
<arg>${keyTwo}</arg>
<doc>Logs the given message with the given level.</doc>
<status status="PASS" start="2024-07-29T22:17:14.524455" elapsed="0.000163"/>
</kw>
<var name="${keyTwo}">password</var>
<status status="PASS" start="2024-07-29T22:17:14.523235" elapsed="0.001605"/>
</iter>
<var>${keyTwo}</var>
<value>@{expected_keysTwo}</value>
<status status="PASS" start="2024-07-29T22:17:14.521283" elapsed="0.003679"/>
</for>
<status status="PASS" start="2024-07-29T22:17:14.416506" elapsed="0.108636"/>
</kw>
<doc>Testa a estrutura da resposta da API.</doc>
<tag>testeEstruturaResposta</tag>
<status status="PASS" start="2024-07-29T22:17:14.415995" elapsed="0.109309"/>
</test>
<test id="s1-s1-t4" name="Validar tipos de dados" line="28">
<kw name="Teste de Tipos de Dados" owner="random-user-service">
<kw name="GET On Session" owner="RequestsLibrary">
<msg time="2024-07-29T22:17:14.620171" level="INFO">GET Request : url=https://randomuser.me/api 
 path_url=/api 
 headers={'User-Agent': 'python-requests/2.32.3', 'Accept-Encoding': 'gzip, deflate', 'Accept': '*/*', 'Connection': 'keep-alive'} 
 body=None 
 </msg>
<msg time="2024-07-29T22:17:14.620282" level="INFO">GET Response : url=https://randomuser.me/api 
 status=200, reason=OK 
 headers={'Date': 'Mon, 29 Jul 2024 22:17:14 GMT', 'Content-Type': 'application/json; charset=utf-8', 'Transfer-Encoding': 'chunked', 'Connection': 'keep-alive', 'X-Powered-By': 'Express', 'Access-Control-Allow-Origin': '*', 'Cache-Control': 'no-cache', 'ETag': 'W/"4a2-uPV9i0isWZc2lV/aoEibBrTPkhg"', 'Vary': 'Accept-Encoding', 'Content-Encoding': 'gzip', 'CF-Cache-Status': 'DYNAMIC', 'Report-To': '{"endpoints":[{"url":"https:\\/\\/a.nel.cloudflare.com\\/report\\/v4?s=Ya%2FOVwGO%2FammF7s45SZ%2Fe0t5IHmymoU0YfdAbYf56NrqnvrLIf%2F%2BU2mIpqtXlzbI%2Bn2trHbORErWeS%2FntKFWC%2FWufMu4%2BazKlSVU4CoM0wlD%2B%2FeOAvJPXmMLjri%2Fn0wR"}],"group":"cf-nel","max_age":604800}', 'NEL': '{"success_fraction":0,"report_to":"cf-nel","max_age":604800}', 'Server': 'cloudflare', 'CF-RAY': '8ab07a59db22aaac-SJC', 'alt-svc': 'h3=":443"; ma=86400'} 
 body={"results":[{"gender":"male","name":{"title":"Mr","first":"Jacob","last":"Walker"},"location":{"street":{"number":4092,"name":"Wellington St"},"city":"Wellington","state":"Newfoundland and Labrador","country":"Canada","postcode":"M7F 2Q0","coordinates":{"latitude":"-68.9227","longitude":"-16.8664"},"timezone":{"offset":"-4:00","description":"Atlantic Time (Canada), Caracas, La Paz"}},"email":"jacob.walker@example.com","login":{"uuid":"6e46ff54-5a16-43cd-9e50-92862095c904","username":"goldenbear656","password":"train","salt":"xOfyoY2h","md5":"5a05e65f337187bf2e9bef9119799b34","sha1":"aba5d7db6272926d2660586e355e627f3565d4df","sha256":"4a1ea8e0540c017038711c7308c2a01175ed067957ebf0338ea2012fbc0c11c9"},"dob":{"date":"1954-04-08T02:38:20.802Z","age":70},"registered":{"date":"2012-07-25T21:04:51.358Z","age":12},"phone":"D05 J76-0246","cell":"T56 J58-2529","id":{"name":"SIN","value":"175820463"},"picture":{"large":"https://randomuser.me/api/portraits/men/38.jpg","medium":"https://randomuser.me/api/portraits/med/men/38.jpg","thumbnail":"https://randomuser.me/api/portraits/thumb/men/38.jpg"},"nat":"CA"}],"info":{"seed":"392cffa7bce4bff2","results":1,"page":1,"version":"1.4"}} 
 </msg>
<msg time="2024-07-29T22:17:14.620358" level="INFO">/opt/hostedtoolcache/Python/3.12.4/x64/lib/python3.12/site-packages/urllib3/connectionpool.py:1099: InsecureRequestWarning: Unverified HTTPS request is being made to host 'randomuser.me'. Adding certificate verification is strongly advised. See: https://urllib3.readthedocs.io/en/latest/advanced-usage.html#tls-warnings
  warnings.warn(</msg>
<msg time="2024-07-29T22:17:14.620479" level="INFO">${response} = &lt;Response [200]&gt;</msg>
<var>${response}</var>
<arg>consultarAPI</arg>
<arg>/api</arg>
<doc>Sends a GET request on a previously created HTTP Session.</doc>
<status status="PASS" start="2024-07-29T22:17:14.527767" elapsed="0.092744"/>
</kw>
<kw name="Set Variable" owner="BuiltIn">
<msg time="2024-07-29T22:17:14.621641" level="INFO">${json_data} = {'results': [{'gender': 'male', 'name': {'title': 'Mr', 'first': 'Jacob', 'last': 'Walker'}, 'location': {'street': {'number': 4092, 'name': 'Wellington St'}, 'city': 'Wellington', 'state': 'Newfoundl...</msg>
<var>${json_data}</var>
<arg>${response.json()}</arg>
<doc>Returns the given values which can then be assigned to a variables.</doc>
<status status="PASS" start="2024-07-29T22:17:14.621110" elapsed="0.000560"/>
</kw>
<kw name="Log" owner="BuiltIn">
<msg time="2024-07-29T22:17:14.622140" level="INFO">{'results': [{'gender': 'male', 'name': {'title': 'Mr', 'first': 'Jacob', 'last': 'Walker'}, 'location': {'street': {'number': 4092, 'name': 'Wellington St'}, 'city': 'Wellington', 'state': 'Newfoundland and Labrador', 'country': 'Canada', 'postcode': 'M7F 2Q0', 'coordinates': {'latitude': '-68.9227', 'longitude': '-16.8664'}, 'timezone': {'offset': '-4:00', 'description': 'Atlantic Time (Canada), Caracas, La Paz'}}, 'email': 'jacob.walker@example.com', 'login': {'uuid': '6e46ff54-5a16-43cd-9e50-92862095c904', 'username': 'goldenbear656', 'password': 'train', 'salt': 'xOfyoY2h', 'md5': '5a05e65f337187bf2e9bef9119799b34', 'sha1': 'aba5d7db6272926d2660586e355e627f3565d4df', 'sha256': '4a1ea8e0540c017038711c7308c2a01175ed067957ebf0338ea2012fbc0c11c9'}, 'dob': {'date': '1954-04-08T02:38:20.802Z', 'age': 70}, 'registered': {'date': '2012-07-25T21:04:51.358Z', 'age': 12}, 'phone': 'D05 J76-0246', 'cell': 'T56 J58-2529', 'id': {'name': 'SIN', 'value': '175820463'}, 'picture': {'large': 'https://randomuser.me/api/portraits/men/38.jpg', 'medium': 'https://randomuser.me/api/portraits/med/men/38.jpg', 'thumbnail': 'https://randomuser.me/api/portraits/thumb/men/38.jpg'}, 'nat': 'CA'}], 'info': {'seed': '392cffa7bce4bff2', 'results': 1, 'page': 1, 'version': '1.4'}}</msg>
<arg>${json_data}</arg>
<doc>Logs the given message with the given level.</doc>
<status status="PASS" start="2024-07-29T22:17:14.621981" elapsed="0.000208"/>
</kw>
<kw name="Should Be String" owner="String">
<arg>${json_data['results'][0]['gender']}</arg>
<doc>Fails if the given ``item`` is not a string.</doc>
<status status="PASS" start="2024-07-29T22:17:14.622488" elapsed="0.000372"/>
</kw>
<kw name="Should Match Regexp" owner="BuiltIn">
<arg>${json_data['results'][0]['email']}</arg>
<arg>^[a-zA-Z0-9._%+-]+@[a-zA-Z0-9.-]+\.[a-zA-Z]{2,}$</arg>
<doc>Fails if ``string`` does not match ``pattern`` as a regular expression.</doc>
<status status="PASS" start="2024-07-29T22:17:14.623092" elapsed="0.000525"/>
</kw>
<kw name="Should Match Regexp" owner="BuiltIn">
<arg>${json_data['results'][0]['dob']['date']}</arg>
<arg>\\d{4}-\\d{2}-\\d{2}T\\d{2}:\\d{2}:\\d{2}\\.\\d{3}Z</arg>
<doc>Fails if ``string`` does not match ``pattern`` as a regular expression.</doc>
<status status="PASS" start="2024-07-29T22:17:14.623815" elapsed="0.000648"/>
</kw>
<kw name="Should Match Regexp" owner="BuiltIn">
<arg>${json_data['results'][0]['registered']['date']}</arg>
<arg>\\d{4}-\\d{2}-\\d{2}T\\d{2}:\\d{2}:\\d{2}\\.\\d{3}Z</arg>
<doc>Fails if ``string`` does not match ``pattern`` as a regular expression.</doc>
<status status="PASS" start="2024-07-29T22:17:14.624659" elapsed="0.000395"/>
</kw>
<kw name="Should Match Regexp" owner="BuiltIn">
<arg>${json_data['results'][0]['picture']['large']}</arg>
<arg>^https?://.*\.(?:png|jpe?g|gif|bmp)$</arg>
<doc>Fails if ``string`` does not match ``pattern`` as a regular expression.</doc>
<status status="PASS" start="2024-07-29T22:17:14.625251" elapsed="0.000464"/>
</kw>
<kw name="Should Match Regexp" owner="BuiltIn">
<arg>${json_data['results'][0]['picture']['medium']}</arg>
<arg>^https?://.*\.(?:png|jpe?g|gif|bmp)$</arg>
<doc>Fails if ``string`` does not match ``pattern`` as a regular expression.</doc>
<status status="PASS" start="2024-07-29T22:17:14.625904" elapsed="0.000359"/>
</kw>
<kw name="Should Match Regexp" owner="BuiltIn">
<arg>${json_data['results'][0]['picture']['thumbnail']}</arg>
<arg>^https?://.*\.(?:png|jpe?g|gif|bmp)$</arg>
<doc>Fails if ``string`` does not match ``pattern`` as a regular expression.</doc>
<status status="PASS" start="2024-07-29T22:17:14.626449" elapsed="0.000356"/>
</kw>
<kw name="Log" owner="BuiltIn">
<msg time="2024-07-29T22:17:14.627318" level="INFO">{'large': 'https://randomuser.me/api/portraits/men/38.jpg', 'medium': 'https://randomuser.me/api/portraits/med/men/38.jpg', 'thumbnail': 'https://randomuser.me/api/portraits/thumb/men/38.jpg'}</msg>
<arg>${json_data['results'][0]['picture']}</arg>
<doc>Logs the given message with the given level.</doc>
<status status="PASS" start="2024-07-29T22:17:14.626990" elapsed="0.000372"/>
</kw>
<status status="PASS" start="2024-07-29T22:17:14.527531" elapsed="0.100098"/>
</kw>
<kw name="Teste de Tipos de Dados - Postcode" owner="random-user-service">
<kw name="GET On Session" owner="RequestsLibrary">
<msg time="2024-07-29T22:17:14.722489" level="INFO">GET Request : url=https://randomuser.me/api 
 path_url=/api 
 headers={'User-Agent': 'python-requests/2.32.3', 'Accept-Encoding': 'gzip, deflate', 'Accept': '*/*', 'Connection': 'keep-alive'} 
 body=None 
 </msg>
<msg time="2024-07-29T22:17:14.722600" level="INFO">GET Response : url=https://randomuser.me/api 
 status=200, reason=OK 
 headers={'Date': 'Mon, 29 Jul 2024 22:17:14 GMT', 'Content-Type': 'application/json; charset=utf-8', 'Transfer-Encoding': 'chunked', 'Connection': 'keep-alive', 'X-Powered-By': 'Express', 'Access-Control-Allow-Origin': '*', 'Cache-Control': 'no-cache', 'ETag': 'W/"49e-o2wQHjuYg0AnM7Pw4hyauLWzv3k"', 'Vary': 'Accept-Encoding', 'Content-Encoding': 'gzip', 'CF-Cache-Status': 'DYNAMIC', 'Report-To': '{"endpoints":[{"url":"https:\\/\\/a.nel.cloudflare.com\\/report\\/v4?s=2RJJZnKR%2FbIP6c00seR39WWfFGqbKB0SJVuTv%2FenqNImznisVKbEZfgP8bB075ccOU1tQ2hYeLED%2FLep8Xi0SyrtK6TKrkFuMShl6XGoWkFnky7bqoYnEmgwUCjsvsUy"}],"group":"cf-nel","max_age":604800}', 'NEL': '{"success_fraction":0,"report_to":"cf-nel","max_age":604800}', 'Server': 'cloudflare', 'CF-RAY': '8ab07a5a7bbeaaac-SJC', 'alt-svc': 'h3=":443"; ma=86400'} 
 body={"results":[{"gender":"male","name":{"title":"Mr","first":"Edgar","last":"Duda"},"location":{"street":{"number":2406,"name":"Danziger Straße"},"city":"Medebach","state":"Mecklenburg-Vorpommern","country":"Germany","postcode":27886,"coordinates":{"latitude":"-54.4894","longitude":"-69.9940"},"timezone":{"offset":"+1:00","description":"Brussels, Copenhagen, Madrid, Paris"}},"email":"edgar.duda@example.com","login":{"uuid":"32733873-9800-4fb9-b49d-a8649a558298","username":"purpleswan700","password":"diggler","salt":"LFad8RKp","md5":"20061ac248b3d9dfd67bda5af0047c06","sha1":"976b23790cef3bf5d3929054548b3dad8a7e41bb","sha256":"64b6b5dbe26d8bd5eac61eee8505f025d583e22ffef0293e831e4c8f2972078e"},"dob":{"date":"1974-09-06T02:58:51.613Z","age":49},"registered":{"date":"2011-01-08T19:37:58.058Z","age":13},"phone":"0563-3515533","cell":"0179-4941936","id":{"name":"SVNR","value":"66 050974 D 372"},"picture":{"large":"https://randomuser.me/api/portraits/men/27.jpg","medium":"https://randomuser.me/api/portraits/med/men/27.jpg","thumbnail":"https://randomuser.me/api/portraits/thumb/men/27.jpg"},"nat":"DE"}],"info":{"seed":"caaf1a8f017a6b58","results":1,"page":1,"version":"1.4"}} 
 </msg>
<msg time="2024-07-29T22:17:14.722678" level="INFO">/opt/hostedtoolcache/Python/3.12.4/x64/lib/python3.12/site-packages/urllib3/connectionpool.py:1099: InsecureRequestWarning: Unverified HTTPS request is being made to host 'randomuser.me'. Adding certificate verification is strongly advised. See: https://urllib3.readthedocs.io/en/latest/advanced-usage.html#tls-warnings
  warnings.warn(</msg>
<msg time="2024-07-29T22:17:14.722806" level="INFO">${response} = &lt;Response [200]&gt;</msg>
<var>${response}</var>
<arg>consultarAPI</arg>
<arg>/api</arg>
<doc>Sends a GET request on a previously created HTTP Session.</doc>
<status status="PASS" start="2024-07-29T22:17:14.628113" elapsed="0.094733"/>
</kw>
<kw name="Set Variable" owner="BuiltIn">
<msg time="2024-07-29T22:17:14.723979" level="INFO">${json_data} = {'results': [{'gender': 'male', 'name': {'title': 'Mr', 'first': 'Edgar', 'last': 'Duda'}, 'location': {'street': {'number': 2406, 'name': 'Danziger Straße'}, 'city': 'Medebach', 'state': 'Mecklenburg...</msg>
<var>${json_data}</var>
<arg>${response.json()}</arg>
<doc>Returns the given values which can then be assigned to a variables.</doc>
<status status="PASS" start="2024-07-29T22:17:14.723430" elapsed="0.000580"/>
</kw>
<kw name="Log" owner="BuiltIn">
<msg time="2024-07-29T22:17:14.724510" level="INFO">{'results': [{'gender': 'male', 'name': {'title': 'Mr', 'first': 'Edgar', 'last': 'Duda'}, 'location': {'street': {'number': 2406, 'name': 'Danziger Straße'}, 'city': 'Medebach', 'state': 'Mecklenburg-Vorpommern', 'country': 'Germany', 'postcode': 27886, 'coordinates': {'latitude': '-54.4894', 'longitude': '-69.9940'}, 'timezone': {'offset': '+1:00', 'description': 'Brussels, Copenhagen, Madrid, Paris'}}, 'email': 'edgar.duda@example.com', 'login': {'uuid': '32733873-9800-4fb9-b49d-a8649a558298', 'username': 'purpleswan700', 'password': 'diggler', 'salt': 'LFad8RKp', 'md5': '20061ac248b3d9dfd67bda5af0047c06', 'sha1': '976b23790cef3bf5d3929054548b3dad8a7e41bb', 'sha256': '64b6b5dbe26d8bd5eac61eee8505f025d583e22ffef0293e831e4c8f2972078e'}, 'dob': {'date': '1974-09-06T02:58:51.613Z', 'age': 49}, 'registered': {'date': '2011-01-08T19:37:58.058Z', 'age': 13}, 'phone': '0563-3515533', 'cell': '0179-4941936', 'id': {'name': 'SVNR', 'value': '66 050974 D 372'}, 'picture': {'large': 'https://randomuser.me/api/portraits/men/27.jpg', 'medium': 'https://randomuser.me/api/portraits/med/men/27.jpg', 'thumbnail': 'https://randomuser.me/api/portraits/thumb/men/27.jpg'}, 'nat': 'DE'}], 'info': {'seed': 'caaf1a8f017a6b58', 'results': 1, 'page': 1, 'version': '1.4'}}</msg>
<arg>${json_data}</arg>
<doc>Logs the given message with the given level.</doc>
<status status="PASS" start="2024-07-29T22:17:14.724341" elapsed="0.000238"/>
</kw>
<kw name="Should Be Equal As Numbers" owner="BuiltIn">
<arg>${json_data['results'][0]['location']['postcode']}</arg>
<arg>${json_data['results'][0]['location']['postcode']}</arg>
<doc>Fails if objects are unequal after converting them to real numbers.</doc>
<status status="PASS" start="2024-07-29T22:17:14.724898" elapsed="0.000751"/>
</kw>
<kw name="Log" owner="BuiltIn">
<msg time="2024-07-29T22:17:14.726333" level="INFO">27886</msg>
<arg>${json_data['results'][0]['location']['postcode']}</arg>
<doc>Logs the given message with the given level.</doc>
<status status="PASS" start="2024-07-29T22:17:14.725884" elapsed="0.000521"/>
</kw>
<status status="PASS" start="2024-07-29T22:17:14.627866" elapsed="0.098855"/>
</kw>
<doc>Testa se os tipos de dados na resposta da API estão corretos.</doc>
<tag>testeTiposDados</tag>
<status status="PASS" start="2024-07-29T22:17:14.527070" elapsed="0.199833"/>
</test>
<test id="s1-s1-t5" name="Validar conteudo" line="35">
<kw name="Teste de Tipos de Conteudo" owner="random-user-service">
<kw name="GET On Session" owner="RequestsLibrary">
<msg time="2024-07-29T22:17:14.828725" level="INFO">GET Request : url=https://randomuser.me/api 
 path_url=/api 
 headers={'User-Agent': 'python-requests/2.32.3', 'Accept-Encoding': 'gzip, deflate', 'Accept': '*/*', 'Connection': 'keep-alive'} 
 body=None 
 </msg>
<msg time="2024-07-29T22:17:14.828827" level="INFO">GET Response : url=https://randomuser.me/api 
 status=200, reason=OK 
 headers={'Date': 'Mon, 29 Jul 2024 22:17:14 GMT', 'Content-Type': 'application/json; charset=utf-8', 'Transfer-Encoding': 'chunked', 'Connection': 'keep-alive', 'X-Powered-By': 'Express', 'Access-Control-Allow-Origin': '*', 'Cache-Control': 'no-cache', 'ETag': 'W/"4a3-Isa1sptvXgcKor7EHtuZFdbJn9s"', 'Vary': 'Accept-Encoding', 'Content-Encoding': 'gzip', 'CF-Cache-Status': 'DYNAMIC', 'Report-To': '{"endpoints":[{"url":"https:\\/\\/a.nel.cloudflare.com\\/report\\/v4?s=0pjPrLo5ffgDb%2FLZqlgElHjCnCh4XrmcuVZzHYWaCv%2BtAJDnPlCKFuQ%2B9ZUj%2FgMxEF%2FfZ4gm5fsHXuig1eXCDpQe4Zji%2Blpcthxi45G8zQnKAJryl8irRGE3U3KrK8X4"}],"group":"cf-nel","max_age":604800}', 'NEL': '{"success_fraction":0,"report_to":"cf-nel","max_age":604800}', 'Server': 'cloudflare', 'CF-RAY': '8ab07a5b1c35aaac-SJC', 'alt-svc': 'h3=":443"; ma=86400'} 
 body={"results":[{"gender":"female","name":{"title":"Mrs","first":"Barbiere","last":"Rodrigues"},"location":{"street":{"number":6647,"name":"Rua Dezenove de Outubro"},"city":"Igarassu","state":"Mato Grosso","country":"Brazil","postcode":53086,"coordinates":{"latitude":"-80.7120","longitude":"94.8064"},"timezone":{"offset":"+7:00","description":"Bangkok, Hanoi, Jakarta"}},"email":"barbiere.rodrigues@example.com","login":{"uuid":"1d5ca366-7125-466e-9ddb-72606d809660","username":"redkoala237","password":"sound","salt":"gluAz5gZ","md5":"bcf76acb8ce2f746e2cbe7f78a2c8065","sha1":"38c12fe93d1c15b3e269ed46b686fbea90845a1b","sha256":"a83869ad49ee7a7aa7b25396741ec36a11846e7d34062ce42524320b20603c05"},"dob":{"date":"1966-07-31T14:57:03.202Z","age":57},"registered":{"date":"2002-09-05T02:50:11.158Z","age":21},"phone":"(85) 0533-0264","cell":"(13) 0444-0499","id":{"name":"CPF","value":"837.404.721-15"},"picture":{"large":"https://randomuser.me/api/portraits/women/40.jpg","medium":"https://randomuser.me/api/portraits/med/women/40.jpg","thumbnail":"https://randomuser.me/api/portraits/thumb/women/40.jpg"},"nat":"BR"}],"info":{"seed":"b2a5612e9681dd39","results":1,"page":1,"version":"1.4"}} 
 </msg>
<msg time="2024-07-29T22:17:14.828903" level="INFO">/opt/hostedtoolcache/Python/3.12.4/x64/lib/python3.12/site-packages/urllib3/connectionpool.py:1099: InsecureRequestWarning: Unverified HTTPS request is being made to host 'randomuser.me'. Adding certificate verification is strongly advised. See: https://urllib3.readthedocs.io/en/latest/advanced-usage.html#tls-warnings
  warnings.warn(</msg>
<msg time="2024-07-29T22:17:14.829054" level="INFO">${response} = &lt;Response [200]&gt;</msg>
<var>${response}</var>
<arg>consultarAPI</arg>
<arg>/api</arg>
<doc>Sends a GET request on a previously created HTTP Session.</doc>
<status status="PASS" start="2024-07-29T22:17:14.729881" elapsed="0.099213"/>
</kw>
<kw name="Set Variable" owner="BuiltIn">
<msg time="2024-07-29T22:17:14.830171" level="INFO">${json_data} = {'results': [{'gender': 'female', 'name': {'title': 'Mrs', 'first': 'Barbiere', 'last': 'Rodrigues'}, 'location': {'street': {'number': 6647, 'name': 'Rua Dezenove de Outubro'}, 'city': 'Igarassu', 's...</msg>
<var>${json_data}</var>
<arg>${response.json()}</arg>
<doc>Returns the given values which can then be assigned to a variables.</doc>
<status status="PASS" start="2024-07-29T22:17:14.829638" elapsed="0.000562"/>
</kw>
<kw name="Set Variable" owner="BuiltIn">
<msg time="2024-07-29T22:17:14.830909" level="INFO">${name_title} = Mrs</msg>
<var>${name_title}</var>
<arg>${json_data["results"][0]["name"]["title"]}</arg>
<doc>Returns the given values which can then be assigned to a variables.</doc>
<status status="PASS" start="2024-07-29T22:17:14.830513" elapsed="0.000423"/>
</kw>
<kw name="Create List" owner="BuiltIn">
<msg time="2024-07-29T22:17:14.831391" level="INFO">${allowed_titles} = ['Mr', 'Ms', 'Miss', 'Mrs', 'Madame', 'Monsieur']</msg>
<var>${allowed_titles}</var>
<arg>Mr</arg>
<arg>Ms</arg>
<arg>Miss</arg>
<arg>Mrs</arg>
<arg>Madame</arg>
<arg>Monsieur</arg>
<doc>Returns a list containing given items.</doc>
<status status="PASS" start="2024-07-29T22:17:14.831239" elapsed="0.000179"/>
</kw>
<kw name="List Should Contain Value" owner="Collections">
<arg>${allowed_titles}</arg>
<arg>${name_title}</arg>
<doc>Fails if the ``value`` is not found from ``list``.</doc>
<status status="PASS" start="2024-07-29T22:17:14.831729" elapsed="0.000190"/>
</kw>
<kw name="Set Variable" owner="BuiltIn">
<msg time="2024-07-29T22:17:14.832478" level="INFO">${name_country} = BR</msg>
<var>${name_country}</var>
<arg>${json_data["results"][0]["nat"]}</arg>
<doc>Returns the given values which can then be assigned to a variables.</doc>
<status status="PASS" start="2024-07-29T22:17:14.832103" elapsed="0.000401"/>
</kw>
<kw name="Create List" owner="BuiltIn">
<msg time="2024-07-29T22:17:14.833438" level="INFO">${list_country} = ['AD', 'AE', 'AF', 'AG', 'AI', 'AL', 'AM', 'AO', 'AQ', 'AR', 'AS', 'AT', 'AU', 'AW', 'AX', 'AZ', 'BA', 'BB', 'BD', 'BE', 'BF', 'BG', 'BH', 'BI', 'BJ', 'BL', 'BM', 'BN', 'BO', 'BQ', 'BR', 'BS', 'BT', '...</msg>
<var>${list_country}</var>
<arg>AD</arg>
<arg>AE</arg>
<arg>AF</arg>
<arg>AG</arg>
<arg>AI</arg>
<arg>AL</arg>
<arg>AM</arg>
<arg>AO</arg>
<arg>AQ</arg>
<arg>AR</arg>
<arg>AS</arg>
<arg>AT</arg>
<arg>AU</arg>
<arg>AW</arg>
<arg>AX</arg>
<arg>AZ</arg>
<arg>BA</arg>
<arg>BB</arg>
<arg>BD</arg>
<arg>BE</arg>
<arg>BF</arg>
<arg>BG</arg>
<arg>BH</arg>
<arg>BI</arg>
<arg>BJ</arg>
<arg>BL</arg>
<arg>BM</arg>
<arg>BN</arg>
<arg>BO</arg>
<arg>BQ</arg>
<arg>BR</arg>
<arg>BS</arg>
<arg>BT</arg>
<arg>BV</arg>
<arg>BW</arg>
<arg>BY</arg>
<arg>BZ</arg>
<arg>CA</arg>
<arg>CC</arg>
<arg>CD</arg>
<arg>CF</arg>
<arg>CG</arg>
<arg>CH</arg>
<arg>CI</arg>
<arg>CK</arg>
<arg>CL</arg>
<arg>CM</arg>
<arg>CN</arg>
<arg>CO</arg>
<arg>CR</arg>
<arg>CU</arg>
<arg>CV</arg>
<arg>CW</arg>
<arg>CX</arg>
<arg>CY</arg>
<arg>CZ</arg>
<arg>DE</arg>
<arg>DJ</arg>
<arg>DK</arg>
<arg>DM</arg>
<arg>DO</arg>
<arg>DZ</arg>
<arg>EC</arg>
<arg>EE</arg>
<arg>EG</arg>
<arg>EH</arg>
<arg>ER</arg>
<arg>ES</arg>
<arg>ET</arg>
<arg>FI</arg>
<arg>FJ</arg>
<arg>FK</arg>
<arg>FM</arg>
<arg>FO</arg>
<arg>FR</arg>
<arg>GA</arg>
<arg>GB</arg>
<arg>GD</arg>
<arg>GE</arg>
<arg>GF</arg>
<arg>GG</arg>
<arg>GH</arg>
<arg>GI</arg>
<arg>GL</arg>
<arg>GM</arg>
<arg>GN</arg>
<arg>GP</arg>
<arg>GQ</arg>
<arg>GR</arg>
<arg>GS</arg>
<arg>GT</arg>
<arg>GU</arg>
<arg>GW</arg>
<arg>GY</arg>
<arg>HK</arg>
<arg>HM</arg>
<arg>HN</arg>
<arg>HR</arg>
<arg>HT</arg>
<arg>HU</arg>
<arg>ID</arg>
<arg>IE</arg>
<arg>IL</arg>
<arg>IM</arg>
<arg>IN</arg>
<arg>IO</arg>
<arg>IQ</arg>
<arg>IR</arg>
<arg>IS</arg>
<arg>IT</arg>
<arg>JE</arg>
<arg>JM</arg>
<arg>JO</arg>
<arg>JP</arg>
<arg>KE</arg>
<arg>KG</arg>
<arg>KH</arg>
<arg>KI</arg>
<arg>KM</arg>
<arg>KN</arg>
<arg>KP</arg>
<arg>KR</arg>
<arg>KW</arg>
<arg>KY</arg>
<arg>KZ</arg>
<arg>LA</arg>
<arg>LB</arg>
<arg>LC</arg>
<arg>LI</arg>
<arg>LK</arg>
<arg>LR</arg>
<arg>LS</arg>
<arg>LT</arg>
<arg>LU</arg>
<arg>LV</arg>
<arg>LY</arg>
<arg>MA</arg>
<arg>MC</arg>
<arg>MD</arg>
<arg>ME</arg>
<arg>MF</arg>
<arg>MG</arg>
<arg>MH</arg>
<arg>MK</arg>
<arg>ML</arg>
<arg>MM</arg>
<arg>MN</arg>
<arg>MO</arg>
<arg>MP</arg>
<arg>MQ</arg>
<arg>MR</arg>
<arg>MS</arg>
<arg>MT</arg>
<arg>MU</arg>
<arg>MV</arg>
<arg>MW</arg>
<arg>MX</arg>
<arg>MY</arg>
<arg>MZ</arg>
<arg>NA</arg>
<arg>NC</arg>
<arg>NE</arg>
<arg>NF</arg>
<arg>NG</arg>
<arg>NI</arg>
<arg>NL</arg>
<arg>NO</arg>
<arg>NP</arg>
<arg>NR</arg>
<arg>NU</arg>
<arg>NZ</arg>
<arg>OM</arg>
<arg>PA</arg>
<arg>PE</arg>
<arg>PF</arg>
<arg>PG</arg>
<arg>PH</arg>
<arg>PK</arg>
<arg>PL</arg>
<arg>PM</arg>
<arg>PN</arg>
<arg>PR</arg>
<arg>PS</arg>
<arg>PT</arg>
<arg>PW</arg>
<arg>PY</arg>
<arg>QA</arg>
<arg>RE</arg>
<arg>RO</arg>
<arg>RS</arg>
<arg>RU</arg>
<arg>RW</arg>
<arg>SA</arg>
<arg>SB</arg>
<arg>SC</arg>
<arg>SD</arg>
<arg>SE</arg>
<arg>SG</arg>
<arg>SH</arg>
<arg>SI</arg>
<arg>SJ</arg>
<arg>SK</arg>
<arg>SL</arg>
<arg>SM</arg>
<arg>SN</arg>
<arg>SO</arg>
<arg>SR</arg>
<arg>SS</arg>
<arg>ST</arg>
<arg>SV</arg>
<arg>SX</arg>
<arg>SY</arg>
<arg>SZ</arg>
<arg>TC</arg>
<arg>TD</arg>
<arg>TF</arg>
<arg>TG</arg>
<arg>TH</arg>
<arg>TJ</arg>
<arg>TK</arg>
<arg>TL</arg>
<arg>TM</arg>
<arg>TN</arg>
<arg>TO</arg>
<arg>TR</arg>
<arg>TT</arg>
<arg>TV</arg>
<arg>TW</arg>
<arg>TZ</arg>
<arg>UA</arg>
<arg>UG</arg>
<arg>UM</arg>
<arg>US</arg>
<arg>UY</arg>
<arg>UZ</arg>
<arg>VA</arg>
<arg>VC</arg>
<arg>VE</arg>
<arg>VG</arg>
<arg>VI</arg>
<arg>VN</arg>
<arg>VU</arg>
<arg>WF</arg>
<arg>WS</arg>
<arg>XK</arg>
<arg>YE</arg>
<arg>YT</arg>
<arg>ZA</arg>
<arg>ZM</arg>
<arg>ZW</arg>
<doc>Returns a list containing given items.</doc>
<status status="PASS" start="2024-07-29T22:17:14.832797" elapsed="0.000669"/>
</kw>
<kw name="List Should Contain Value" owner="Collections">
<arg>${list_country}</arg>
<arg>${name_country}</arg>
<doc>Fails if the ``value`` is not found from ``list``.</doc>
<status status="PASS" start="2024-07-29T22:17:14.834459" elapsed="0.000214"/>
</kw>
<kw name="Run Keyword If" owner="BuiltIn">
<kw name="Should Be True" owner="BuiltIn">
<arg>${True}</arg>
<doc>Fails if the given condition is not true.</doc>
<status status="PASS" start="2024-07-29T22:17:14.835754" elapsed="0.000148"/>
</kw>
<arg>${json_data["results"][0]["location"]["coordinates"]["latitude"]} &gt;= -90 and ${json_data["results"][0]["location"]["coordinates"]["latitude"]} &lt;= 90</arg>
<arg>Should Be True</arg>
<arg>${True}</arg>
<doc>Runs the given keyword with the given arguments, if ``condition`` is true.</doc>
<status status="PASS" start="2024-07-29T22:17:14.834879" elapsed="0.001152"/>
</kw>
<kw name="Run Keyword If" owner="BuiltIn">
<kw name="Should Be True" owner="BuiltIn">
<arg>${True}</arg>
<doc>Fails if the given condition is not true.</doc>
<status status="PASS" start="2024-07-29T22:17:14.836915" elapsed="0.000163"/>
</kw>
<arg>${json_data["results"][0]["location"]["coordinates"]["longitude"]} &gt;= -180 and ${json_data["results"][0]["location"]["coordinates"]["longitude"]} &lt;= 180</arg>
<arg>Should Be True</arg>
<arg>${True}</arg>
<doc>Runs the given keyword with the given arguments, if ``condition`` is true.</doc>
<status status="PASS" start="2024-07-29T22:17:14.836215" elapsed="0.000990"/>
</kw>
<status status="PASS" start="2024-07-29T22:17:14.729497" elapsed="0.107840"/>
</kw>
<doc>Testa o conteúdo específico dos campos retornados pela API.</doc>
<tag>testeConteudo</tag>
<status status="PASS" start="2024-07-29T22:17:14.728759" elapsed="0.108730"/>
</test>
<status status="PASS" start="2024-07-29T22:17:13.928301" elapsed="0.911123"/>
</suite>
<status status="PASS" start="2024-07-29T22:17:13.913525" elapsed="0.930961"/>
</suite>
<statistics>
<total>
<stat pass="5" fail="0" skip="0">All Tests</stat>
</total>
<tag>
<stat pass="1" fail="0" skip="0">testeConteudo</stat>
<stat pass="1" fail="0" skip="0">testeEstruturaResposta</stat>
<stat pass="1" fail="0" skip="0">testeRequisicaoBasica</stat>
<stat pass="1" fail="0" skip="0">testeTiposDados</stat>
</tag>
<suite>
<stat pass="5" fail="0" skip="0" id="s1" name="Tests">Tests</stat>
<stat pass="5" fail="0" skip="0" id="s1-s1" name="Random-User-Test">Tests.Random-User-Test</stat>
</suite>
</statistics>
<errors>
</errors>
</robot>
