<?xml version="1.0" encoding="UTF-8"?>
<robot generator="Robot 7.0 (Python 3.12.3 on linux)" generated="2024-06-06T12:28:06.738576" rpa="false" schemaversion="5">
<suite id="s1" name="Tests" source="/home/runner/work/ApiRandomUser/ApiRandomUser/RamdonUser/tests">
<suite id="s1-s1" name="Random-User-Test" source="/home/runner/work/ApiRandomUser/ApiRandomUser/RamdonUser/tests/random-user-test.robot">
<test id="s1-s1-t1" name="Conectar" line="13">
<kw name="Conectar API" owner="random-user-service">
<kw name="Create Session" owner="RequestsLibrary">
<msg time="2024-06-06T12:28:07.121030" level="INFO">Creating Session using : alias=consultarAPI, url=https://randomuser.me/, headers={},                     cookies={}, auth=None, timeout=None, proxies=None, verify=False,                     debug=0 </msg>
<arg>consultarAPI</arg>
<arg>${URL}</arg>
<doc>Create Session: create a HTTP session to a server</doc>
<status status="PASS" start="2024-06-06T12:28:07.120819" elapsed="0.000391"/>
</kw>
<status status="PASS" start="2024-06-06T12:28:07.119759" elapsed="0.001821"/>
</kw>
<status status="PASS" start="2024-06-06T12:28:07.119160" elapsed="0.002616"/>
</test>
<test id="s1-s1-t2" name="Validar retorno 200 e JSON Válido" line="16">
<kw name="Teste de Requisicao Basica" owner="random-user-service">
<kw name="GET On Session" owner="RequestsLibrary">
<msg time="2024-06-06T12:28:07.197763" level="INFO">GET Request : url=https://randomuser.me/api 
 path_url=/api 
 headers={'User-Agent': 'python-requests/2.32.3', 'Accept-Encoding': 'gzip, deflate', 'Accept': '*/*', 'Connection': 'keep-alive'} 
 body=None 
 </msg>
<msg time="2024-06-06T12:28:07.197926" level="INFO">GET Response : url=https://randomuser.me/api 
 status=200, reason=OK 
 headers={'Date': 'Thu, 06 Jun 2024 12:28:07 GMT', 'Content-Type': 'application/json; charset=utf-8', 'Transfer-Encoding': 'chunked', 'Connection': 'keep-alive', 'X-Powered-By': 'Express', 'Access-Control-Allow-Origin': '*', 'Cache-Control': 'no-cache', 'ETag': 'W/"499-6cfVJOpT9vzDWWXlM+WaUMo6qKs"', 'Vary': 'Accept-Encoding', 'Content-Encoding': 'gzip', 'CF-Cache-Status': 'DYNAMIC', 'Report-To': '{"endpoints":[{"url":"https:\\/\\/a.nel.cloudflare.com\\/report\\/v4?s=TIx1SaW0eXlitS2dtbgEDYiDd6bzXveCKizcKuzDeA%2F0R64e901MudOzAgPDXv3s%2BiYj%2FYpXEk4QOva%2BjFwd6faTCmiNIxaPLOsb%2FqmTfz7QT%2BBykazmaVasmsYKacOB"}],"group":"cf-nel","max_age":604800}', 'NEL': '{"success_fraction":0,"report_to":"cf-nel","max_age":604800}', 'Server': 'cloudflare', 'CF-RAY': '88f86680b8661233-ORD', 'alt-svc': 'h3=":443"; ma=86400'} 
 body={"results":[{"gender":"male","name":{"title":"Mr","first":"Malo","last":"Girard"},"location":{"street":{"number":607,"name":"Rue Abel-Gance"},"city":"Rueil-Malmaison","state":"Tarn-et-Garonne","country":"France","postcode":80526,"coordinates":{"latitude":"-18.1331","longitude":"-74.4330"},"timezone":{"offset":"-1:00","description":"Azores, Cape Verde Islands"}},"email":"malo.girard@example.com","login":{"uuid":"96605cec-3e71-4d9c-98fb-a67150b65aeb","username":"yellowpanda698","password":"lkjhgf","salt":"m6Ch2JWw","md5":"73afe671b6cfcb3fd8d78832b4eabd1e","sha1":"8166a927dfb6e7c5062b84782681227b355c320b","sha256":"94537fc6b5d406b8e64194d884935844a8d43aa8103cfebafa9ded0a925dfe9b"},"dob":{"date":"1968-01-08T05:44:35.334Z","age":56},"registered":{"date":"2011-11-24T13:15:58.881Z","age":12},"phone":"02-07-33-69-70","cell":"06-89-63-34-82","id":{"name":"INSEE","value":"1680086788917 03"},"picture":{"large":"https://randomuser.me/api/portraits/men/10.jpg","medium":"https://randomuser.me/api/portraits/med/men/10.jpg","thumbnail":"https://randomuser.me/api/portraits/thumb/men/10.jpg"},"nat":"FR"}],"info":{"seed":"cd68970efdf968ad","results":1,"page":1,"version":"1.4"}} 
 </msg>
<msg time="2024-06-06T12:28:07.198030" level="INFO">/opt/hostedtoolcache/Python/3.12.3/x64/lib/python3.12/site-packages/urllib3/connectionpool.py:1103: InsecureRequestWarning: Unverified HTTPS request is being made to host 'randomuser.me'. Adding certificate verification is strongly advised. See: https://urllib3.readthedocs.io/en/latest/advanced-usage.html#tls-warnings
  warnings.warn(</msg>
<msg time="2024-06-06T12:28:07.198172" level="INFO">${response} = &lt;Response [200]&gt;</msg>
<var>${response}</var>
<arg>consultarAPI</arg>
<arg>/api</arg>
<doc>Sends a GET request on a previously created HTTP Session.</doc>
<status status="PASS" start="2024-06-06T12:28:07.124485" elapsed="0.073730"/>
</kw>
<kw name="Should Be Equal As Numbers" owner="BuiltIn">
<msg time="2024-06-06T12:28:07.199046" level="INFO">Argument types are:
&lt;class 'int'&gt;
&lt;class 'str'&gt;</msg>
<arg>${response.status_code}</arg>
<arg>200</arg>
<doc>Fails if objects are unequal after converting them to real numbers.</doc>
<status status="PASS" start="2024-06-06T12:28:07.198601" elapsed="0.000512"/>
</kw>
<kw name="Log" owner="BuiltIn">
<msg time="2024-06-06T12:28:07.199812" level="INFO">200</msg>
<arg>${response.status_code}</arg>
<doc>Logs the given message with the given level.</doc>
<status status="PASS" start="2024-06-06T12:28:07.199459" elapsed="0.000400"/>
</kw>
<kw name="Set Variable" owner="BuiltIn">
<msg time="2024-06-06T12:28:07.200944" level="INFO">${json_data} = {'results': [{'gender': 'male', 'name': {'title': 'Mr', 'first': 'Malo', 'last': 'Girard'}, 'location': {'street': {'number': 607, 'name': 'Rue Abel-Gance'}, 'city': 'Rueil-Malmaison', 'state': 'Tarn-...</msg>
<var>${json_data}</var>
<arg>${response.json()}</arg>
<doc>Returns the given values which can then be assigned to a variables.</doc>
<status status="PASS" start="2024-06-06T12:28:07.200269" elapsed="0.000719"/>
</kw>
<kw name="Dictionary Should Contain Key" owner="Collections">
<msg time="2024-06-06T12:28:07.201729" level="INFO">False</msg>
<arg>${json_data}</arg>
<arg>results</arg>
<doc>Fails if ``key`` is not found from ``dictionary``.</doc>
<status status="PASS" start="2024-06-06T12:28:07.201479" elapsed="0.000485"/>
</kw>
<status status="PASS" start="2024-06-06T12:28:07.124234" elapsed="0.078140"/>
</kw>
<doc>Testa se a API responde corretamente e retorna um objeto JSON válido.</doc>
<tag>testeRequisicaoBasica</tag>
<status status="PASS" start="2024-06-06T12:28:07.123721" elapsed="0.078937"/>
</test>
<test id="s1-s1-t3" name="Validar estrutura de resposta" line="22">
<kw name="Teste de Estrutura de Resposta" owner="random-user-service">
<kw name="GET On Session" owner="RequestsLibrary">
<msg time="2024-06-06T12:28:07.301505" level="INFO">GET Request : url=https://randomuser.me/api 
 path_url=/api 
 headers={'User-Agent': 'python-requests/2.32.3', 'Accept-Encoding': 'gzip, deflate', 'Accept': '*/*', 'Connection': 'keep-alive'} 
 body=None 
 </msg>
<msg time="2024-06-06T12:28:07.301595" level="INFO">GET Response : url=https://randomuser.me/api 
 status=200, reason=OK 
 headers={'Date': 'Thu, 06 Jun 2024 12:28:07 GMT', 'Content-Type': 'application/json; charset=utf-8', 'Transfer-Encoding': 'chunked', 'Connection': 'keep-alive', 'X-Powered-By': 'Express', 'Access-Control-Allow-Origin': '*', 'Cache-Control': 'no-cache', 'ETag': 'W/"488-I9Y3l8uBgGxXHHFrI+gFrI3gevg"', 'Vary': 'Accept-Encoding', 'Content-Encoding': 'gzip', 'CF-Cache-Status': 'DYNAMIC', 'Report-To': '{"endpoints":[{"url":"https:\\/\\/a.nel.cloudflare.com\\/report\\/v4?s=5ru%2FolQ6aecruqWByi%2F0va3t%2BLHOuyERiJCd1ECujjmpE6pg1QFc15Wntv3C%2BO8ItR82eYTxE71SOkHVE2%2F%2FSN2rie5tdROjT0M3RwEv18Z9aG7YgfK5MpyS1rzwh82G"}],"group":"cf-nel","max_age":604800}', 'NEL': '{"success_fraction":0,"report_to":"cf-nel","max_age":604800}', 'Server': 'cloudflare', 'CF-RAY': '88f8668108b71233-ORD', 'alt-svc': 'h3=":443"; ma=86400'} 
 body={"results":[{"gender":"male","name":{"title":"Mr","first":"Lauri","last":"Manner"},"location":{"street":{"number":4390,"name":"Verkatehtaankatu"},"city":"Pielavesi","state":"Southern Savonia","country":"Finland","postcode":63771,"coordinates":{"latitude":"-23.9717","longitude":"-85.8973"},"timezone":{"offset":"-3:30","description":"Newfoundland"}},"email":"lauri.manner@example.com","login":{"uuid":"7857fac9-4c6b-43b4-9744-bce9560cec4e","username":"brownelephant765","password":"hollie","salt":"rWzTmSpv","md5":"11670e3f4f054611f1ce10a8e3023a45","sha1":"77a288c2e2cd60b17502944dd177a7a4179d4d66","sha256":"ddba7811cef4b93a54baceeb4b4d0aa9dc429921dea29942270bcf553af0defe"},"dob":{"date":"1989-08-14T13:08:11.918Z","age":34},"registered":{"date":"2020-02-20T09:41:01.350Z","age":4},"phone":"04-407-972","cell":"048-603-28-77","id":{"name":"HETU","value":"NaNNA163undefined"},"picture":{"large":"https://randomuser.me/api/portraits/men/58.jpg","medium":"https://randomuser.me/api/portraits/med/men/58.jpg","thumbnail":"https://randomuser.me/api/portraits/thumb/men/58.jpg"},"nat":"FI"}],"info":{"seed":"f4933af6eb964306","results":1,"page":1,"version":"1.4"}} 
 </msg>
<msg time="2024-06-06T12:28:07.301716" level="INFO">/opt/hostedtoolcache/Python/3.12.3/x64/lib/python3.12/site-packages/urllib3/connectionpool.py:1103: InsecureRequestWarning: Unverified HTTPS request is being made to host 'randomuser.me'. Adding certificate verification is strongly advised. See: https://urllib3.readthedocs.io/en/latest/advanced-usage.html#tls-warnings
  warnings.warn(</msg>
<msg time="2024-06-06T12:28:07.301859" level="INFO">${response} = &lt;Response [200]&gt;</msg>
<var>${response}</var>
<arg>consultarAPI</arg>
<arg>/api</arg>
<doc>Sends a GET request on a previously created HTTP Session.</doc>
<status status="PASS" start="2024-06-06T12:28:07.206273" elapsed="0.095640"/>
</kw>
<kw name="Set Variable" owner="BuiltIn">
<msg time="2024-06-06T12:28:07.302797" level="INFO">${json_data} = {'results': [{'gender': 'male', 'name': {'title': 'Mr', 'first': 'Lauri', 'last': 'Manner'}, 'location': {'street': {'number': 4390, 'name': 'Verkatehtaankatu'}, 'city': 'Pielavesi', 'state': 'Souther...</msg>
<var>${json_data}</var>
<arg>${response.json()}</arg>
<doc>Returns the given values which can then be assigned to a variables.</doc>
<status status="PASS" start="2024-06-06T12:28:07.302302" elapsed="0.000526"/>
</kw>
<kw name="Log" owner="BuiltIn">
<msg time="2024-06-06T12:28:07.303359" level="INFO">{'results': [{'gender': 'male', 'name': {'title': 'Mr', 'first': 'Lauri', 'last': 'Manner'}, 'location': {'street': {'number': 4390, 'name': 'Verkatehtaankatu'}, 'city': 'Pielavesi', 'state': 'Southern Savonia', 'country': 'Finland', 'postcode': 63771, 'coordinates': {'latitude': '-23.9717', 'longitude': '-85.8973'}, 'timezone': {'offset': '-3:30', 'description': 'Newfoundland'}}, 'email': 'lauri.manner@example.com', 'login': {'uuid': '7857fac9-4c6b-43b4-9744-bce9560cec4e', 'username': 'brownelephant765', 'password': 'hollie', 'salt': 'rWzTmSpv', 'md5': '11670e3f4f054611f1ce10a8e3023a45', 'sha1': '77a288c2e2cd60b17502944dd177a7a4179d4d66', 'sha256': 'ddba7811cef4b93a54baceeb4b4d0aa9dc429921dea29942270bcf553af0defe'}, 'dob': {'date': '1989-08-14T13:08:11.918Z', 'age': 34}, 'registered': {'date': '2020-02-20T09:41:01.350Z', 'age': 4}, 'phone': '04-407-972', 'cell': '048-603-28-77', 'id': {'name': 'HETU', 'value': 'NaNNA163undefined'}, 'picture': {'large': 'https://randomuser.me/api/portraits/men/58.jpg', 'medium': 'https://randomuser.me/api/portraits/med/men/58.jpg', 'thumbnail': 'https://randomuser.me/api/portraits/thumb/men/58.jpg'}, 'nat': 'FI'}], 'info': {'seed': 'f4933af6eb964306', 'results': 1, 'page': 1, 'version': '1.4'}}</msg>
<arg>${json_data}</arg>
<doc>Logs the given message with the given level.</doc>
<status status="PASS" start="2024-06-06T12:28:07.303189" elapsed="0.000219"/>
</kw>
<kw name="Dictionary Should Contain Key" owner="Collections">
<msg time="2024-06-06T12:28:07.303891" level="INFO">False</msg>
<arg>${json_data}</arg>
<arg>results</arg>
<doc>Fails if ``key`` is not found from ``dictionary``.</doc>
<status status="PASS" start="2024-06-06T12:28:07.303722" elapsed="0.000207"/>
</kw>
<kw name="Should Not Be Empty" owner="BuiltIn">
<msg time="2024-06-06T12:28:07.304369" level="INFO">Length is 2.</msg>
<arg>${json_data}</arg>
<doc>Verifies that the given item is not empty.</doc>
<status status="PASS" start="2024-06-06T12:28:07.304232" elapsed="0.000176"/>
</kw>
<kw name="Create List" owner="BuiltIn">
<msg time="2024-06-06T12:28:07.304856" level="INFO">${expected_keys} = ['gender', 'name', 'location', 'email', 'login']</msg>
<var>${expected_keys}</var>
<arg>gender</arg>
<arg>name</arg>
<arg>location</arg>
<arg>email</arg>
<arg>login</arg>
<doc>Returns a list containing given items.</doc>
<status status="PASS" start="2024-06-06T12:28:07.304703" elapsed="0.000178"/>
</kw>
<for flavor="IN">
<iter>
<kw name="Dictionary Should Contain Key" owner="Collections">
<msg time="2024-06-06T12:28:07.305876" level="INFO">False</msg>
<arg>${json_data['results'][0]}</arg>
<arg>${key}</arg>
<doc>Fails if ``key`` is not found from ``dictionary``.</doc>
<status status="PASS" start="2024-06-06T12:28:07.305470" elapsed="0.000451"/>
</kw>
<kw name="Log" owner="BuiltIn">
<msg time="2024-06-06T12:28:07.306593" level="INFO">{'gender': 'male', 'name': {'title': 'Mr', 'first': 'Lauri', 'last': 'Manner'}, 'location': {'street': {'number': 4390, 'name': 'Verkatehtaankatu'}, 'city': 'Pielavesi', 'state': 'Southern Savonia', 'country': 'Finland', 'postcode': 63771, 'coordinates': {'latitude': '-23.9717', 'longitude': '-85.8973'}, 'timezone': {'offset': '-3:30', 'description': 'Newfoundland'}}, 'email': 'lauri.manner@example.com', 'login': {'uuid': '7857fac9-4c6b-43b4-9744-bce9560cec4e', 'username': 'brownelephant765', 'password': 'hollie', 'salt': 'rWzTmSpv', 'md5': '11670e3f4f054611f1ce10a8e3023a45', 'sha1': '77a288c2e2cd60b17502944dd177a7a4179d4d66', 'sha256': 'ddba7811cef4b93a54baceeb4b4d0aa9dc429921dea29942270bcf553af0defe'}, 'dob': {'date': '1989-08-14T13:08:11.918Z', 'age': 34}, 'registered': {'date': '2020-02-20T09:41:01.350Z', 'age': 4}, 'phone': '04-407-972', 'cell': '048-603-28-77', 'id': {'name': 'HETU', 'value': 'NaNNA163undefined'}, 'picture': {'large': 'https://randomuser.me/api/portraits/men/58.jpg', 'medium': 'https://randomuser.me/api/portraits/med/men/58.jpg', 'thumbnail': 'https://randomuser.me/api/portraits/thumb/men/58.jpg'}, 'nat': 'FI'}</msg>
<arg>${json_data['results'][0]}</arg>
<doc>Logs the given message with the given level.</doc>
<status status="PASS" start="2024-06-06T12:28:07.306228" elapsed="0.000415"/>
</kw>
<kw name="Log" owner="BuiltIn">
<msg time="2024-06-06T12:28:07.307113" level="INFO">gender</msg>
<arg>${key}</arg>
<doc>Logs the given message with the given level.</doc>
<status status="PASS" start="2024-06-06T12:28:07.306949" elapsed="0.000203"/>
</kw>
<var name="${key}">gender</var>
<status status="PASS" start="2024-06-06T12:28:07.305341" elapsed="0.002030"/>
</iter>
<iter>
<kw name="Dictionary Should Contain Key" owner="Collections">
<msg time="2024-06-06T12:28:07.308074" level="INFO">False</msg>
<arg>${json_data['results'][0]}</arg>
<arg>${key}</arg>
<doc>Fails if ``key`` is not found from ``dictionary``.</doc>
<status status="PASS" start="2024-06-06T12:28:07.307682" elapsed="0.000430"/>
</kw>
<kw name="Log" owner="BuiltIn">
<msg time="2024-06-06T12:28:07.308801" level="INFO">{'gender': 'male', 'name': {'title': 'Mr', 'first': 'Lauri', 'last': 'Manner'}, 'location': {'street': {'number': 4390, 'name': 'Verkatehtaankatu'}, 'city': 'Pielavesi', 'state': 'Southern Savonia', 'country': 'Finland', 'postcode': 63771, 'coordinates': {'latitude': '-23.9717', 'longitude': '-85.8973'}, 'timezone': {'offset': '-3:30', 'description': 'Newfoundland'}}, 'email': 'lauri.manner@example.com', 'login': {'uuid': '7857fac9-4c6b-43b4-9744-bce9560cec4e', 'username': 'brownelephant765', 'password': 'hollie', 'salt': 'rWzTmSpv', 'md5': '11670e3f4f054611f1ce10a8e3023a45', 'sha1': '77a288c2e2cd60b17502944dd177a7a4179d4d66', 'sha256': 'ddba7811cef4b93a54baceeb4b4d0aa9dc429921dea29942270bcf553af0defe'}, 'dob': {'date': '1989-08-14T13:08:11.918Z', 'age': 34}, 'registered': {'date': '2020-02-20T09:41:01.350Z', 'age': 4}, 'phone': '04-407-972', 'cell': '048-603-28-77', 'id': {'name': 'HETU', 'value': 'NaNNA163undefined'}, 'picture': {'large': 'https://randomuser.me/api/portraits/men/58.jpg', 'medium': 'https://randomuser.me/api/portraits/med/men/58.jpg', 'thumbnail': 'https://randomuser.me/api/portraits/thumb/men/58.jpg'}, 'nat': 'FI'}</msg>
<arg>${json_data['results'][0]}</arg>
<doc>Logs the given message with the given level.</doc>
<status status="PASS" start="2024-06-06T12:28:07.308439" elapsed="0.000411"/>
</kw>
<kw name="Log" owner="BuiltIn">
<msg time="2024-06-06T12:28:07.309279" level="INFO">name</msg>
<arg>${key}</arg>
<doc>Logs the given message with the given level.</doc>
<status status="PASS" start="2024-06-06T12:28:07.309149" elapsed="0.000168"/>
</kw>
<var name="${key}">name</var>
<status status="PASS" start="2024-06-06T12:28:07.307566" elapsed="0.001974"/>
</iter>
<iter>
<kw name="Dictionary Should Contain Key" owner="Collections">
<msg time="2024-06-06T12:28:07.310212" level="INFO">False</msg>
<arg>${json_data['results'][0]}</arg>
<arg>${key}</arg>
<doc>Fails if ``key`` is not found from ``dictionary``.</doc>
<status status="PASS" start="2024-06-06T12:28:07.309835" elapsed="0.000414"/>
</kw>
<kw name="Log" owner="BuiltIn">
<msg time="2024-06-06T12:28:07.310912" level="INFO">{'gender': 'male', 'name': {'title': 'Mr', 'first': 'Lauri', 'last': 'Manner'}, 'location': {'street': {'number': 4390, 'name': 'Verkatehtaankatu'}, 'city': 'Pielavesi', 'state': 'Southern Savonia', 'country': 'Finland', 'postcode': 63771, 'coordinates': {'latitude': '-23.9717', 'longitude': '-85.8973'}, 'timezone': {'offset': '-3:30', 'description': 'Newfoundland'}}, 'email': 'lauri.manner@example.com', 'login': {'uuid': '7857fac9-4c6b-43b4-9744-bce9560cec4e', 'username': 'brownelephant765', 'password': 'hollie', 'salt': 'rWzTmSpv', 'md5': '11670e3f4f054611f1ce10a8e3023a45', 'sha1': '77a288c2e2cd60b17502944dd177a7a4179d4d66', 'sha256': 'ddba7811cef4b93a54baceeb4b4d0aa9dc429921dea29942270bcf553af0defe'}, 'dob': {'date': '1989-08-14T13:08:11.918Z', 'age': 34}, 'registered': {'date': '2020-02-20T09:41:01.350Z', 'age': 4}, 'phone': '04-407-972', 'cell': '048-603-28-77', 'id': {'name': 'HETU', 'value': 'NaNNA163undefined'}, 'picture': {'large': 'https://randomuser.me/api/portraits/men/58.jpg', 'medium': 'https://randomuser.me/api/portraits/med/men/58.jpg', 'thumbnail': 'https://randomuser.me/api/portraits/thumb/men/58.jpg'}, 'nat': 'FI'}</msg>
<arg>${json_data['results'][0]}</arg>
<doc>Logs the given message with the given level.</doc>
<status status="PASS" start="2024-06-06T12:28:07.310549" elapsed="0.000450"/>
</kw>
<kw name="Log" owner="BuiltIn">
<msg time="2024-06-06T12:28:07.311454" level="INFO">location</msg>
<arg>${key}</arg>
<doc>Logs the given message with the given level.</doc>
<status status="PASS" start="2024-06-06T12:28:07.311324" elapsed="0.000175"/>
</kw>
<var name="${key}">location</var>
<status status="PASS" start="2024-06-06T12:28:07.309720" elapsed="0.001995"/>
</iter>
<iter>
<kw name="Dictionary Should Contain Key" owner="Collections">
<msg time="2024-06-06T12:28:07.312491" level="INFO">False</msg>
<arg>${json_data['results'][0]}</arg>
<arg>${key}</arg>
<doc>Fails if ``key`` is not found from ``dictionary``.</doc>
<status status="PASS" start="2024-06-06T12:28:07.312004" elapsed="0.000526"/>
</kw>
<kw name="Log" owner="BuiltIn">
<msg time="2024-06-06T12:28:07.313199" level="INFO">{'gender': 'male', 'name': {'title': 'Mr', 'first': 'Lauri', 'last': 'Manner'}, 'location': {'street': {'number': 4390, 'name': 'Verkatehtaankatu'}, 'city': 'Pielavesi', 'state': 'Southern Savonia', 'country': 'Finland', 'postcode': 63771, 'coordinates': {'latitude': '-23.9717', 'longitude': '-85.8973'}, 'timezone': {'offset': '-3:30', 'description': 'Newfoundland'}}, 'email': 'lauri.manner@example.com', 'login': {'uuid': '7857fac9-4c6b-43b4-9744-bce9560cec4e', 'username': 'brownelephant765', 'password': 'hollie', 'salt': 'rWzTmSpv', 'md5': '11670e3f4f054611f1ce10a8e3023a45', 'sha1': '77a288c2e2cd60b17502944dd177a7a4179d4d66', 'sha256': 'ddba7811cef4b93a54baceeb4b4d0aa9dc429921dea29942270bcf553af0defe'}, 'dob': {'date': '1989-08-14T13:08:11.918Z', 'age': 34}, 'registered': {'date': '2020-02-20T09:41:01.350Z', 'age': 4}, 'phone': '04-407-972', 'cell': '048-603-28-77', 'id': {'name': 'HETU', 'value': 'NaNNA163undefined'}, 'picture': {'large': 'https://randomuser.me/api/portraits/men/58.jpg', 'medium': 'https://randomuser.me/api/portraits/med/men/58.jpg', 'thumbnail': 'https://randomuser.me/api/portraits/thumb/men/58.jpg'}, 'nat': 'FI'}</msg>
<arg>${json_data['results'][0]}</arg>
<doc>Logs the given message with the given level.</doc>
<status status="PASS" start="2024-06-06T12:28:07.312841" elapsed="0.000426"/>
</kw>
<kw name="Log" owner="BuiltIn">
<msg time="2024-06-06T12:28:07.313696" level="INFO">email</msg>
<arg>${key}</arg>
<doc>Logs the given message with the given level.</doc>
<status status="PASS" start="2024-06-06T12:28:07.313565" elapsed="0.000168"/>
</kw>
<var name="${key}">email</var>
<status status="PASS" start="2024-06-06T12:28:07.311892" elapsed="0.002059"/>
</iter>
<iter>
<kw name="Dictionary Should Contain Key" owner="Collections">
<msg time="2024-06-06T12:28:07.314627" level="INFO">False</msg>
<arg>${json_data['results'][0]}</arg>
<arg>${key}</arg>
<doc>Fails if ``key`` is not found from ``dictionary``.</doc>
<status status="PASS" start="2024-06-06T12:28:07.314241" elapsed="0.000423"/>
</kw>
<kw name="Log" owner="BuiltIn">
<msg time="2024-06-06T12:28:07.315347" level="INFO">{'gender': 'male', 'name': {'title': 'Mr', 'first': 'Lauri', 'last': 'Manner'}, 'location': {'street': {'number': 4390, 'name': 'Verkatehtaankatu'}, 'city': 'Pielavesi', 'state': 'Southern Savonia', 'country': 'Finland', 'postcode': 63771, 'coordinates': {'latitude': '-23.9717', 'longitude': '-85.8973'}, 'timezone': {'offset': '-3:30', 'description': 'Newfoundland'}}, 'email': 'lauri.manner@example.com', 'login': {'uuid': '7857fac9-4c6b-43b4-9744-bce9560cec4e', 'username': 'brownelephant765', 'password': 'hollie', 'salt': 'rWzTmSpv', 'md5': '11670e3f4f054611f1ce10a8e3023a45', 'sha1': '77a288c2e2cd60b17502944dd177a7a4179d4d66', 'sha256': 'ddba7811cef4b93a54baceeb4b4d0aa9dc429921dea29942270bcf553af0defe'}, 'dob': {'date': '1989-08-14T13:08:11.918Z', 'age': 34}, 'registered': {'date': '2020-02-20T09:41:01.350Z', 'age': 4}, 'phone': '04-407-972', 'cell': '048-603-28-77', 'id': {'name': 'HETU', 'value': 'NaNNA163undefined'}, 'picture': {'large': 'https://randomuser.me/api/portraits/men/58.jpg', 'medium': 'https://randomuser.me/api/portraits/med/men/58.jpg', 'thumbnail': 'https://randomuser.me/api/portraits/thumb/men/58.jpg'}, 'nat': 'FI'}</msg>
<arg>${json_data['results'][0]}</arg>
<doc>Logs the given message with the given level.</doc>
<status status="PASS" start="2024-06-06T12:28:07.314981" elapsed="0.000414"/>
</kw>
<kw name="Log" owner="BuiltIn">
<msg time="2024-06-06T12:28:07.315815" level="INFO">login</msg>
<arg>${key}</arg>
<doc>Logs the given message with the given level.</doc>
<status status="PASS" start="2024-06-06T12:28:07.315687" elapsed="0.000167"/>
</kw>
<var name="${key}">login</var>
<status status="PASS" start="2024-06-06T12:28:07.314128" elapsed="0.001964"/>
</iter>
<var>${key}</var>
<value>@{expected_keys}</value>
<status status="PASS" start="2024-06-06T12:28:07.305144" elapsed="0.011073"/>
</for>
<kw name="Create List" owner="BuiltIn">
<msg time="2024-06-06T12:28:07.316546" level="INFO">${expected_keysTwo} = ['username', 'password']</msg>
<var>${expected_keysTwo}</var>
<arg>username</arg>
<arg>password</arg>
<doc>Returns a list containing given items.</doc>
<status status="PASS" start="2024-06-06T12:28:07.316409" elapsed="0.000161"/>
</kw>
<for flavor="IN">
<iter>
<kw name="Dictionary Should Contain Key" owner="Collections">
<msg time="2024-06-06T12:28:07.317450" level="INFO">False</msg>
<arg>${json_data['results'][0]['login']}</arg>
<arg>${keyTwo}</arg>
<doc>Fails if ``key`` is not found from ``dictionary``.</doc>
<status status="PASS" start="2024-06-06T12:28:07.317067" elapsed="0.000421"/>
</kw>
<kw name="Dictionary Should Contain Key" owner="Collections">
<msg time="2024-06-06T12:28:07.318162" level="INFO">False</msg>
<arg>${json_data['results'][0]['login']}</arg>
<arg>${keyTwo}</arg>
<doc>Fails if ``key`` is not found from ``dictionary``.</doc>
<status status="PASS" start="2024-06-06T12:28:07.317782" elapsed="0.000418"/>
</kw>
<kw name="Log" owner="BuiltIn">
<msg time="2024-06-06T12:28:07.318619" level="INFO">username</msg>
<arg>${keyTwo}</arg>
<doc>Logs the given message with the given level.</doc>
<status status="PASS" start="2024-06-06T12:28:07.318491" elapsed="0.000164"/>
</kw>
<var name="${keyTwo}">username</var>
<status status="PASS" start="2024-06-06T12:28:07.316958" elapsed="0.001912"/>
</iter>
<iter>
<kw name="Dictionary Should Contain Key" owner="Collections">
<msg time="2024-06-06T12:28:07.319569" level="INFO">False</msg>
<arg>${json_data['results'][0]['login']}</arg>
<arg>${keyTwo}</arg>
<doc>Fails if ``key`` is not found from ``dictionary``.</doc>
<status status="PASS" start="2024-06-06T12:28:07.319195" elapsed="0.000412"/>
</kw>
<kw name="Dictionary Should Contain Key" owner="Collections">
<msg time="2024-06-06T12:28:07.320283" level="INFO">False</msg>
<arg>${json_data['results'][0]['login']}</arg>
<arg>${keyTwo}</arg>
<doc>Fails if ``key`` is not found from ``dictionary``.</doc>
<status status="PASS" start="2024-06-06T12:28:07.319901" elapsed="0.000420"/>
</kw>
<kw name="Log" owner="BuiltIn">
<msg time="2024-06-06T12:28:07.320740" level="INFO">password</msg>
<arg>${keyTwo}</arg>
<doc>Logs the given message with the given level.</doc>
<status status="PASS" start="2024-06-06T12:28:07.320614" elapsed="0.000164"/>
</kw>
<var name="${keyTwo}">password</var>
<status status="PASS" start="2024-06-06T12:28:07.319081" elapsed="0.001913"/>
</iter>
<var>${keyTwo}</var>
<value>@{expected_keysTwo}</value>
<status status="PASS" start="2024-06-06T12:28:07.316805" elapsed="0.004309"/>
</for>
<status status="PASS" start="2024-06-06T12:28:07.206033" elapsed="0.115219"/>
</kw>
<doc>Testa a estrutura da resposta da API.</doc>
<tag>testeEstruturaResposta</tag>
<status status="PASS" start="2024-06-06T12:28:07.205453" elapsed="0.115949"/>
</test>
<test id="s1-s1-t4" name="Validar tipos de dados" line="28">
<kw name="Teste de Tipos de Dados" owner="random-user-service">
<kw name="GET On Session" owner="RequestsLibrary">
<msg time="2024-06-06T12:28:07.406339" level="INFO">GET Request : url=https://randomuser.me/api 
 path_url=/api 
 headers={'User-Agent': 'python-requests/2.32.3', 'Accept-Encoding': 'gzip, deflate', 'Accept': '*/*', 'Connection': 'keep-alive'} 
 body=None 
 </msg>
<msg time="2024-06-06T12:28:07.406422" level="INFO">GET Response : url=https://randomuser.me/api 
 status=200, reason=OK 
 headers={'Date': 'Thu, 06 Jun 2024 12:28:07 GMT', 'Content-Type': 'application/json; charset=utf-8', 'Transfer-Encoding': 'chunked', 'Connection': 'keep-alive', 'X-Powered-By': 'Express', 'Access-Control-Allow-Origin': '*', 'Cache-Control': 'no-cache', 'ETag': 'W/"491-Iq/wKvPR/On8kYTURqcwMKL363M"', 'Vary': 'Accept-Encoding', 'Content-Encoding': 'gzip', 'CF-Cache-Status': 'DYNAMIC', 'Report-To': '{"endpoints":[{"url":"https:\\/\\/a.nel.cloudflare.com\\/report\\/v4?s=rQSxLyTIo8VOLuPBoJGvU81knQvW0EaR1ZzG5obpZRNVAWQPX9pcXLo8pK0W36Mr%2FS9wbReDnSnHLtWzIKUIoGxal8LxOrQeM21uvg5iA4%2F0DQZmwpnUwsc%2BJMCXO%2BBF"}],"group":"cf-nel","max_age":604800}', 'NEL': '{"success_fraction":0,"report_to":"cf-nel","max_age":604800}', 'Server': 'cloudflare', 'CF-RAY': '88f86681c9891233-ORD', 'alt-svc': 'h3=":443"; ma=86400'} 
 body={"results":[{"gender":"female","name":{"title":"Miss","first":"Inga","last":"Bjerkeli"},"location":{"street":{"number":3724,"name":"Alnaparkveien"},"city":"Botngård","state":"Rogaland","country":"Norway","postcode":"1704","coordinates":{"latitude":"40.5662","longitude":"141.0604"},"timezone":{"offset":"-5:00","description":"Eastern Time (US &amp; Canada), Bogota, Lima"}},"email":"inga.bjerkeli@example.com","login":{"uuid":"61145019-87e9-47d7-a672-18f3e5b0f748","username":"bluebird605","password":"jayson","salt":"E3KBZBiz","md5":"4e40f3f787dea1fb11dc7940b1c0488d","sha1":"e91d329baf76092eb7dce662a1cca53248b41f63","sha256":"f89ace82ee3e02610b37f07776da519f13bec479cce08a9042c0202815bb0194"},"dob":{"date":"2000-03-27T07:25:27.256Z","age":24},"registered":{"date":"2006-09-20T09:12:23.791Z","age":17},"phone":"57094358","cell":"41627931","id":{"name":"FN","value":"27030071676"},"picture":{"large":"https://randomuser.me/api/portraits/women/85.jpg","medium":"https://randomuser.me/api/portraits/med/women/85.jpg","thumbnail":"https://randomuser.me/api/portraits/thumb/women/85.jpg"},"nat":"NO"}],"info":{"seed":"530b38421c81f00f","results":1,"page":1,"version":"1.4"}} 
 </msg>
<msg time="2024-06-06T12:28:07.406500" level="INFO">/opt/hostedtoolcache/Python/3.12.3/x64/lib/python3.12/site-packages/urllib3/connectionpool.py:1103: InsecureRequestWarning: Unverified HTTPS request is being made to host 'randomuser.me'. Adding certificate verification is strongly advised. See: https://urllib3.readthedocs.io/en/latest/advanced-usage.html#tls-warnings
  warnings.warn(</msg>
<msg time="2024-06-06T12:28:07.406640" level="INFO">${response} = &lt;Response [200]&gt;</msg>
<var>${response}</var>
<arg>consultarAPI</arg>
<arg>/api</arg>
<doc>Sends a GET request on a previously created HTTP Session.</doc>
<status status="PASS" start="2024-06-06T12:28:07.323925" elapsed="0.082774"/>
</kw>
<kw name="Set Variable" owner="BuiltIn">
<msg time="2024-06-06T12:28:07.407647" level="INFO">${json_data} = {'results': [{'gender': 'female', 'name': {'title': 'Miss', 'first': 'Inga', 'last': 'Bjerkeli'}, 'location': {'street': {'number': 3724, 'name': 'Alnaparkveien'}, 'city': 'Botngård', 'state': 'Rogala...</msg>
<var>${json_data}</var>
<arg>${response.json()}</arg>
<doc>Returns the given values which can then be assigned to a variables.</doc>
<status status="PASS" start="2024-06-06T12:28:07.407193" elapsed="0.000484"/>
</kw>
<kw name="Log" owner="BuiltIn">
<msg time="2024-06-06T12:28:07.408145" level="INFO">{'results': [{'gender': 'female', 'name': {'title': 'Miss', 'first': 'Inga', 'last': 'Bjerkeli'}, 'location': {'street': {'number': 3724, 'name': 'Alnaparkveien'}, 'city': 'Botngård', 'state': 'Rogaland', 'country': 'Norway', 'postcode': '1704', 'coordinates': {'latitude': '40.5662', 'longitude': '141.0604'}, 'timezone': {'offset': '-5:00', 'description': 'Eastern Time (US &amp; Canada), Bogota, Lima'}}, 'email': 'inga.bjerkeli@example.com', 'login': {'uuid': '61145019-87e9-47d7-a672-18f3e5b0f748', 'username': 'bluebird605', 'password': 'jayson', 'salt': 'E3KBZBiz', 'md5': '4e40f3f787dea1fb11dc7940b1c0488d', 'sha1': 'e91d329baf76092eb7dce662a1cca53248b41f63', 'sha256': 'f89ace82ee3e02610b37f07776da519f13bec479cce08a9042c0202815bb0194'}, 'dob': {'date': '2000-03-27T07:25:27.256Z', 'age': 24}, 'registered': {'date': '2006-09-20T09:12:23.791Z', 'age': 17}, 'phone': '57094358', 'cell': '41627931', 'id': {'name': 'FN', 'value': '27030071676'}, 'picture': {'large': 'https://randomuser.me/api/portraits/women/85.jpg', 'medium': 'https://randomuser.me/api/portraits/med/women/85.jpg', 'thumbnail': 'https://randomuser.me/api/portraits/thumb/women/85.jpg'}, 'nat': 'NO'}], 'info': {'seed': '530b38421c81f00f', 'results': 1, 'page': 1, 'version': '1.4'}}</msg>
<arg>${json_data}</arg>
<doc>Logs the given message with the given level.</doc>
<status status="PASS" start="2024-06-06T12:28:07.407987" elapsed="0.000240"/>
</kw>
<kw name="Should Be String" owner="String">
<arg>${json_data['results'][0]['gender']}</arg>
<doc>Fails if the given ``item`` is not a string.</doc>
<status status="PASS" start="2024-06-06T12:28:07.408528" elapsed="0.000364"/>
</kw>
<kw name="Should Match Regexp" owner="BuiltIn">
<arg>${json_data['results'][0]['email']}</arg>
<arg>^[a-zA-Z0-9._%+-]+@[a-zA-Z0-9.-]+\.[a-zA-Z]{2,}$</arg>
<doc>Fails if ``string`` does not match ``pattern`` as a regular expression.</doc>
<status status="PASS" start="2024-06-06T12:28:07.409088" elapsed="0.000626"/>
</kw>
<kw name="Should Match Regexp" owner="BuiltIn">
<arg>${json_data['results'][0]['dob']['date']}</arg>
<arg>\\d{4}-\\d{2}-\\d{2}T\\d{2}:\\d{2}:\\d{2}\\.\\d{3}Z</arg>
<doc>Fails if ``string`` does not match ``pattern`` as a regular expression.</doc>
<status status="PASS" start="2024-06-06T12:28:07.409924" elapsed="0.000483"/>
</kw>
<kw name="Should Match Regexp" owner="BuiltIn">
<arg>${json_data['results'][0]['registered']['date']}</arg>
<arg>\\d{4}-\\d{2}-\\d{2}T\\d{2}:\\d{2}:\\d{2}\\.\\d{3}Z</arg>
<doc>Fails if ``string`` does not match ``pattern`` as a regular expression.</doc>
<status status="PASS" start="2024-06-06T12:28:07.410601" elapsed="0.000391"/>
</kw>
<kw name="Should Match Regexp" owner="BuiltIn">
<arg>${json_data['results'][0]['picture']['large']}</arg>
<arg>^https?://.*\.(?:png|jpe?g|gif|bmp)$</arg>
<doc>Fails if ``string`` does not match ``pattern`` as a regular expression.</doc>
<status status="PASS" start="2024-06-06T12:28:07.411212" elapsed="0.000466"/>
</kw>
<kw name="Should Match Regexp" owner="BuiltIn">
<arg>${json_data['results'][0]['picture']['medium']}</arg>
<arg>^https?://.*\.(?:png|jpe?g|gif|bmp)$</arg>
<doc>Fails if ``string`` does not match ``pattern`` as a regular expression.</doc>
<status status="PASS" start="2024-06-06T12:28:07.411869" elapsed="0.000351"/>
</kw>
<kw name="Should Match Regexp" owner="BuiltIn">
<arg>${json_data['results'][0]['picture']['thumbnail']}</arg>
<arg>^https?://.*\.(?:png|jpe?g|gif|bmp)$</arg>
<doc>Fails if ``string`` does not match ``pattern`` as a regular expression.</doc>
<status status="PASS" start="2024-06-06T12:28:07.412406" elapsed="0.000343"/>
</kw>
<kw name="Log" owner="BuiltIn">
<msg time="2024-06-06T12:28:07.413259" level="INFO">{'large': 'https://randomuser.me/api/portraits/women/85.jpg', 'medium': 'https://randomuser.me/api/portraits/med/women/85.jpg', 'thumbnail': 'https://randomuser.me/api/portraits/thumb/women/85.jpg'}</msg>
<arg>${json_data['results'][0]['picture']}</arg>
<doc>Logs the given message with the given level.</doc>
<status status="PASS" start="2024-06-06T12:28:07.412929" elapsed="0.000372"/>
</kw>
<status status="PASS" start="2024-06-06T12:28:07.323696" elapsed="0.089857"/>
</kw>
<kw name="Teste de Tipos de Dados - Postcode" owner="random-user-service">
<kw name="GET On Session" owner="RequestsLibrary">
<msg time="2024-06-06T12:28:07.497948" level="INFO">GET Request : url=https://randomuser.me/api 
 path_url=/api 
 headers={'User-Agent': 'python-requests/2.32.3', 'Accept-Encoding': 'gzip, deflate', 'Accept': '*/*', 'Connection': 'keep-alive'} 
 body=None 
 </msg>
<msg time="2024-06-06T12:28:07.498030" level="INFO">GET Response : url=https://randomuser.me/api 
 status=200, reason=OK 
 headers={'Date': 'Thu, 06 Jun 2024 12:28:07 GMT', 'Content-Type': 'application/json; charset=utf-8', 'Transfer-Encoding': 'chunked', 'Connection': 'keep-alive', 'X-Powered-By': 'Express', 'Access-Control-Allow-Origin': '*', 'Cache-Control': 'no-cache', 'ETag': 'W/"48e-aTG/6SwYr192JmpRAXEJu2uNGDw"', 'Vary': 'Accept-Encoding', 'Content-Encoding': 'gzip', 'CF-Cache-Status': 'DYNAMIC', 'Report-To': '{"endpoints":[{"url":"https:\\/\\/a.nel.cloudflare.com\\/report\\/v4?s=Rm7%2BKixhm0Og0wb%2FcHc2GYCEV5uqCsQQa3RP45GPeSxRlIMJ47vgZHN9321tQJGt8XKe1YPt%2B3jJqc1rlr9fPPHFj7cBhqIx0LDG0PomJ%2FQayEUqlwzlc%2FxVVfZG8gP2"}],"group":"cf-nel","max_age":604800}', 'NEL': '{"success_fraction":0,"report_to":"cf-nel","max_age":604800}', 'Server': 'cloudflare', 'CF-RAY': '88f866825a1e1233-ORD', 'alt-svc': 'h3=":443"; ma=86400'} 
 body={"results":[{"gender":"female","name":{"title":"Madame","first":"Susan","last":"Dumont"},"location":{"street":{"number":9548,"name":"Rue Bony"},"city":"Bassersdorf","state":"Thurgau","country":"Switzerland","postcode":5144,"coordinates":{"latitude":"-56.0570","longitude":"138.9299"},"timezone":{"offset":"+7:00","description":"Bangkok, Hanoi, Jakarta"}},"email":"susan.dumont@example.com","login":{"uuid":"e3fdf60c-c1ad-4d9c-a9b4-274ed97335ad","username":"browncat516","password":"ppppp","salt":"hO12KYkM","md5":"2f862861bc720d6506a839175527a883","sha1":"1931f1a1c2182f36ffbc342153d5d01ae0ecf671","sha256":"742c28bd073734e2e05d3ca59fa6d59025488f95bb6c969c641784903bb81755"},"dob":{"date":"1960-08-12T01:02:08.140Z","age":63},"registered":{"date":"2020-11-29T22:42:13.430Z","age":3},"phone":"076 236 87 40","cell":"077 550 57 74","id":{"name":"AVS","value":"756.0300.9549.28"},"picture":{"large":"https://randomuser.me/api/portraits/women/79.jpg","medium":"https://randomuser.me/api/portraits/med/women/79.jpg","thumbnail":"https://randomuser.me/api/portraits/thumb/women/79.jpg"},"nat":"CH"}],"info":{"seed":"6baafce83a1039f6","results":1,"page":1,"version":"1.4"}} 
 </msg>
<msg time="2024-06-06T12:28:07.498102" level="INFO">/opt/hostedtoolcache/Python/3.12.3/x64/lib/python3.12/site-packages/urllib3/connectionpool.py:1103: InsecureRequestWarning: Unverified HTTPS request is being made to host 'randomuser.me'. Adding certificate verification is strongly advised. See: https://urllib3.readthedocs.io/en/latest/advanced-usage.html#tls-warnings
  warnings.warn(</msg>
<msg time="2024-06-06T12:28:07.498240" level="INFO">${response} = &lt;Response [200]&gt;</msg>
<var>${response}</var>
<arg>consultarAPI</arg>
<arg>/api</arg>
<doc>Sends a GET request on a previously created HTTP Session.</doc>
<status status="PASS" start="2024-06-06T12:28:07.413988" elapsed="0.084308"/>
</kw>
<kw name="Set Variable" owner="BuiltIn">
<msg time="2024-06-06T12:28:07.499255" level="INFO">${json_data} = {'results': [{'gender': 'female', 'name': {'title': 'Madame', 'first': 'Susan', 'last': 'Dumont'}, 'location': {'street': {'number': 9548, 'name': 'Rue Bony'}, 'city': 'Bassersdorf', 'state': 'Thurgau...</msg>
<var>${json_data}</var>
<arg>${response.json()}</arg>
<doc>Returns the given values which can then be assigned to a variables.</doc>
<status status="PASS" start="2024-06-06T12:28:07.498751" elapsed="0.000532"/>
</kw>
<kw name="Log" owner="BuiltIn">
<msg time="2024-06-06T12:28:07.499735" level="INFO">{'results': [{'gender': 'female', 'name': {'title': 'Madame', 'first': 'Susan', 'last': 'Dumont'}, 'location': {'street': {'number': 9548, 'name': 'Rue Bony'}, 'city': 'Bassersdorf', 'state': 'Thurgau', 'country': 'Switzerland', 'postcode': 5144, 'coordinates': {'latitude': '-56.0570', 'longitude': '138.9299'}, 'timezone': {'offset': '+7:00', 'description': 'Bangkok, Hanoi, Jakarta'}}, 'email': 'susan.dumont@example.com', 'login': {'uuid': 'e3fdf60c-c1ad-4d9c-a9b4-274ed97335ad', 'username': 'browncat516', 'password': 'ppppp', 'salt': 'hO12KYkM', 'md5': '2f862861bc720d6506a839175527a883', 'sha1': '1931f1a1c2182f36ffbc342153d5d01ae0ecf671', 'sha256': '742c28bd073734e2e05d3ca59fa6d59025488f95bb6c969c641784903bb81755'}, 'dob': {'date': '1960-08-12T01:02:08.140Z', 'age': 63}, 'registered': {'date': '2020-11-29T22:42:13.430Z', 'age': 3}, 'phone': '076 236 87 40', 'cell': '077 550 57 74', 'id': {'name': 'AVS', 'value': '756.0300.9549.28'}, 'picture': {'large': 'https://randomuser.me/api/portraits/women/79.jpg', 'medium': 'https://randomuser.me/api/portraits/med/women/79.jpg', 'thumbnail': 'https://randomuser.me/api/portraits/thumb/women/79.jpg'}, 'nat': 'CH'}], 'info': {'seed': '6baafce83a1039f6', 'results': 1, 'page': 1, 'version': '1.4'}}</msg>
<arg>${json_data}</arg>
<doc>Logs the given message with the given level.</doc>
<status status="PASS" start="2024-06-06T12:28:07.499585" elapsed="0.000230"/>
</kw>
<kw name="Should Be Equal As Numbers" owner="BuiltIn">
<arg>${json_data['results'][0]['location']['postcode']}</arg>
<arg>${json_data['results'][0]['location']['postcode']}</arg>
<doc>Fails if objects are unequal after converting them to real numbers.</doc>
<status status="PASS" start="2024-06-06T12:28:07.500114" elapsed="0.000616"/>
</kw>
<kw name="Log" owner="BuiltIn">
<msg time="2024-06-06T12:28:07.501256" level="INFO">5144</msg>
<arg>${json_data['results'][0]['location']['postcode']}</arg>
<doc>Logs the given message with the given level.</doc>
<status status="PASS" start="2024-06-06T12:28:07.500928" elapsed="0.000369"/>
</kw>
<status status="PASS" start="2024-06-06T12:28:07.413770" elapsed="0.087780"/>
</kw>
<doc>Testa se os tipos de dados na resposta da API estão corretos.</doc>
<tag>testeTiposDados</tag>
<status status="PASS" start="2024-06-06T12:28:07.323148" elapsed="0.178561"/>
</test>
<test id="s1-s1-t5" name="Validar conteudo" line="35">
<kw name="Teste de Tipos de Conteudo" owner="random-user-service">
<kw name="GET On Session" owner="RequestsLibrary">
<msg time="2024-06-06T12:28:07.599848" level="INFO">GET Request : url=https://randomuser.me/api 
 path_url=/api 
 headers={'User-Agent': 'python-requests/2.32.3', 'Accept-Encoding': 'gzip, deflate', 'Accept': '*/*', 'Connection': 'keep-alive'} 
 body=None 
 </msg>
<msg time="2024-06-06T12:28:07.599931" level="INFO">GET Response : url=https://randomuser.me/api 
 status=200, reason=OK 
 headers={'Date': 'Thu, 06 Jun 2024 12:28:07 GMT', 'Content-Type': 'application/json; charset=utf-8', 'Transfer-Encoding': 'chunked', 'Connection': 'keep-alive', 'X-Powered-By': 'Express', 'Access-Control-Allow-Origin': '*', 'Cache-Control': 'no-cache', 'ETag': 'W/"490-Tc1HOkW/3SNnEupTtJlxiIOvptk"', 'Vary': 'Accept-Encoding', 'Content-Encoding': 'gzip', 'CF-Cache-Status': 'DYNAMIC', 'Report-To': '{"endpoints":[{"url":"https:\\/\\/a.nel.cloudflare.com\\/report\\/v4?s=hvROyf3kYrE5so0YS8%2FjPbtmB3NscVB9aQYfR8SBbsthsvgTkyRmz3GXvfwuhaBF4O%2BGxmJLyHvuynDPsWS4HU42ZWqeaZqOoqb7FfP9Z0LBgMYEU5ogmzkD6NIqS8ht"}],"group":"cf-nel","max_age":604800}', 'NEL': '{"success_fraction":0,"report_to":"cf-nel","max_age":604800}', 'Server': 'cloudflare', 'CF-RAY': '88f86682eabc1233-ORD', 'alt-svc': 'h3=":443"; ma=86400'} 
 body={"results":[{"gender":"male","name":{"title":"Mr","first":"Felix","last":"Vásquez"},"location":{"street":{"number":9199,"name":"Privada Tejada"},"city":"Monclova","state":"Nayarit","country":"Mexico","postcode":76411,"coordinates":{"latitude":"24.2281","longitude":"-118.9192"},"timezone":{"offset":"-3:00","description":"Brazil, Buenos Aires, Georgetown"}},"email":"felix.vasquez@example.com","login":{"uuid":"4e5ed88b-0a46-4bc6-b092-9f593206dc99","username":"organiccat626","password":"1987","salt":"cMqASVyS","md5":"59914e2e714e0ddbbe486905c47f7b4f","sha1":"5f4500b91b72718721d9c67b46591931204df3a0","sha256":"fb859b8ddd1b77195bed8f8462490dd0ac1d743fdf5b5cde872ac24490af8ba8"},"dob":{"date":"1999-03-13T05:43:26.304Z","age":25},"registered":{"date":"2008-11-07T11:18:46.675Z","age":15},"phone":"(611) 048 7569","cell":"(610) 345 4908","id":{"name":"NSS","value":"04 60 19 3951 8"},"picture":{"large":"https://randomuser.me/api/portraits/men/57.jpg","medium":"https://randomuser.me/api/portraits/med/men/57.jpg","thumbnail":"https://randomuser.me/api/portraits/thumb/men/57.jpg"},"nat":"MX"}],"info":{"seed":"46d659933f3b2c46","results":1,"page":1,"version":"1.4"}} 
 </msg>
<msg time="2024-06-06T12:28:07.600005" level="INFO">/opt/hostedtoolcache/Python/3.12.3/x64/lib/python3.12/site-packages/urllib3/connectionpool.py:1103: InsecureRequestWarning: Unverified HTTPS request is being made to host 'randomuser.me'. Adding certificate verification is strongly advised. See: https://urllib3.readthedocs.io/en/latest/advanced-usage.html#tls-warnings
  warnings.warn(</msg>
<msg time="2024-06-06T12:28:07.600122" level="INFO">${response} = &lt;Response [200]&gt;</msg>
<var>${response}</var>
<arg>consultarAPI</arg>
<arg>/api</arg>
<doc>Sends a GET request on a previously created HTTP Session.</doc>
<status status="PASS" start="2024-06-06T12:28:07.504924" elapsed="0.095237"/>
</kw>
<kw name="Set Variable" owner="BuiltIn">
<msg time="2024-06-06T12:28:07.601043" level="INFO">${json_data} = {'results': [{'gender': 'male', 'name': {'title': 'Mr', 'first': 'Felix', 'last': 'Vásquez'}, 'location': {'street': {'number': 9199, 'name': 'Privada Tejada'}, 'city': 'Monclova', 'state': 'Nayarit',...</msg>
<var>${json_data}</var>
<arg>${response.json()}</arg>
<doc>Returns the given values which can then be assigned to a variables.</doc>
<status status="PASS" start="2024-06-06T12:28:07.600610" elapsed="0.000462"/>
</kw>
<kw name="Set Variable" owner="BuiltIn">
<msg time="2024-06-06T12:28:07.601750" level="INFO">${name_title} = Mr</msg>
<var>${name_title}</var>
<arg>${json_data["results"][0]["name"]["title"]}</arg>
<doc>Returns the given values which can then be assigned to a variables.</doc>
<status status="PASS" start="2024-06-06T12:28:07.601379" elapsed="0.000396"/>
</kw>
<kw name="Create List" owner="BuiltIn">
<msg time="2024-06-06T12:28:07.602217" level="INFO">${allowed_titles} = ['Mr', 'Ms', 'Miss', 'Mrs', 'Madame', 'Monsieur']</msg>
<var>${allowed_titles}</var>
<arg>Mr</arg>
<arg>Ms</arg>
<arg>Miss</arg>
<arg>Mrs</arg>
<arg>Madame</arg>
<arg>Monsieur</arg>
<doc>Returns a list containing given items.</doc>
<status status="PASS" start="2024-06-06T12:28:07.602070" elapsed="0.000170"/>
</kw>
<kw name="List Should Contain Value" owner="Collections">
<msg time="2024-06-06T12:28:07.602718" level="INFO">False</msg>
<arg>${allowed_titles}</arg>
<arg>${name_title}</arg>
<doc>Fails if the ``value`` is not found from ``list``.</doc>
<status status="PASS" start="2024-06-06T12:28:07.602541" elapsed="0.000213"/>
</kw>
<kw name="Set Variable" owner="BuiltIn">
<msg time="2024-06-06T12:28:07.603611" level="INFO">${name_country} = MX</msg>
<var>${name_country}</var>
<arg>${json_data["results"][0]["nat"]}</arg>
<doc>Returns the given values which can then be assigned to a variables.</doc>
<status status="PASS" start="2024-06-06T12:28:07.603102" elapsed="0.000534"/>
</kw>
<kw name="Create List" owner="BuiltIn">
<msg time="2024-06-06T12:28:07.604541" level="INFO">${list_country} = ['AD', 'AE', 'AF', 'AG', 'AI', 'AL', 'AM', 'AO', 'AQ', 'AR', 'AS', 'AT', 'AU', 'AW', 'AX', 'AZ', 'BA', 'BB', 'BD', 'BE', 'BF', 'BG', 'BH', 'BI', 'BJ', 'BL', 'BM', 'BN', 'BO', 'BQ', 'BR', 'BS', 'BT', '...</msg>
<var>${list_country}</var>
<arg>AD</arg>
<arg>AE</arg>
<arg>AF</arg>
<arg>AG</arg>
<arg>AI</arg>
<arg>AL</arg>
<arg>AM</arg>
<arg>AO</arg>
<arg>AQ</arg>
<arg>AR</arg>
<arg>AS</arg>
<arg>AT</arg>
<arg>AU</arg>
<arg>AW</arg>
<arg>AX</arg>
<arg>AZ</arg>
<arg>BA</arg>
<arg>BB</arg>
<arg>BD</arg>
<arg>BE</arg>
<arg>BF</arg>
<arg>BG</arg>
<arg>BH</arg>
<arg>BI</arg>
<arg>BJ</arg>
<arg>BL</arg>
<arg>BM</arg>
<arg>BN</arg>
<arg>BO</arg>
<arg>BQ</arg>
<arg>BR</arg>
<arg>BS</arg>
<arg>BT</arg>
<arg>BV</arg>
<arg>BW</arg>
<arg>BY</arg>
<arg>BZ</arg>
<arg>CA</arg>
<arg>CC</arg>
<arg>CD</arg>
<arg>CF</arg>
<arg>CG</arg>
<arg>CH</arg>
<arg>CI</arg>
<arg>CK</arg>
<arg>CL</arg>
<arg>CM</arg>
<arg>CN</arg>
<arg>CO</arg>
<arg>CR</arg>
<arg>CU</arg>
<arg>CV</arg>
<arg>CW</arg>
<arg>CX</arg>
<arg>CY</arg>
<arg>CZ</arg>
<arg>DE</arg>
<arg>DJ</arg>
<arg>DK</arg>
<arg>DM</arg>
<arg>DO</arg>
<arg>DZ</arg>
<arg>EC</arg>
<arg>EE</arg>
<arg>EG</arg>
<arg>EH</arg>
<arg>ER</arg>
<arg>ES</arg>
<arg>ET</arg>
<arg>FI</arg>
<arg>FJ</arg>
<arg>FK</arg>
<arg>FM</arg>
<arg>FO</arg>
<arg>FR</arg>
<arg>GA</arg>
<arg>GB</arg>
<arg>GD</arg>
<arg>GE</arg>
<arg>GF</arg>
<arg>GG</arg>
<arg>GH</arg>
<arg>GI</arg>
<arg>GL</arg>
<arg>GM</arg>
<arg>GN</arg>
<arg>GP</arg>
<arg>GQ</arg>
<arg>GR</arg>
<arg>GS</arg>
<arg>GT</arg>
<arg>GU</arg>
<arg>GW</arg>
<arg>GY</arg>
<arg>HK</arg>
<arg>HM</arg>
<arg>HN</arg>
<arg>HR</arg>
<arg>HT</arg>
<arg>HU</arg>
<arg>ID</arg>
<arg>IE</arg>
<arg>IL</arg>
<arg>IM</arg>
<arg>IN</arg>
<arg>IO</arg>
<arg>IQ</arg>
<arg>IR</arg>
<arg>IS</arg>
<arg>IT</arg>
<arg>JE</arg>
<arg>JM</arg>
<arg>JO</arg>
<arg>JP</arg>
<arg>KE</arg>
<arg>KG</arg>
<arg>KH</arg>
<arg>KI</arg>
<arg>KM</arg>
<arg>KN</arg>
<arg>KP</arg>
<arg>KR</arg>
<arg>KW</arg>
<arg>KY</arg>
<arg>KZ</arg>
<arg>LA</arg>
<arg>LB</arg>
<arg>LC</arg>
<arg>LI</arg>
<arg>LK</arg>
<arg>LR</arg>
<arg>LS</arg>
<arg>LT</arg>
<arg>LU</arg>
<arg>LV</arg>
<arg>LY</arg>
<arg>MA</arg>
<arg>MC</arg>
<arg>MD</arg>
<arg>ME</arg>
<arg>MF</arg>
<arg>MG</arg>
<arg>MH</arg>
<arg>MK</arg>
<arg>ML</arg>
<arg>MM</arg>
<arg>MN</arg>
<arg>MO</arg>
<arg>MP</arg>
<arg>MQ</arg>
<arg>MR</arg>
<arg>MS</arg>
<arg>MT</arg>
<arg>MU</arg>
<arg>MV</arg>
<arg>MW</arg>
<arg>MX</arg>
<arg>MY</arg>
<arg>MZ</arg>
<arg>NA</arg>
<arg>NC</arg>
<arg>NE</arg>
<arg>NF</arg>
<arg>NG</arg>
<arg>NI</arg>
<arg>NL</arg>
<arg>NO</arg>
<arg>NP</arg>
<arg>NR</arg>
<arg>NU</arg>
<arg>NZ</arg>
<arg>OM</arg>
<arg>PA</arg>
<arg>PE</arg>
<arg>PF</arg>
<arg>PG</arg>
<arg>PH</arg>
<arg>PK</arg>
<arg>PL</arg>
<arg>PM</arg>
<arg>PN</arg>
<arg>PR</arg>
<arg>PS</arg>
<arg>PT</arg>
<arg>PW</arg>
<arg>PY</arg>
<arg>QA</arg>
<arg>RE</arg>
<arg>RO</arg>
<arg>RS</arg>
<arg>RU</arg>
<arg>RW</arg>
<arg>SA</arg>
<arg>SB</arg>
<arg>SC</arg>
<arg>SD</arg>
<arg>SE</arg>
<arg>SG</arg>
<arg>SH</arg>
<arg>SI</arg>
<arg>SJ</arg>
<arg>SK</arg>
<arg>SL</arg>
<arg>SM</arg>
<arg>SN</arg>
<arg>SO</arg>
<arg>SR</arg>
<arg>SS</arg>
<arg>ST</arg>
<arg>SV</arg>
<arg>SX</arg>
<arg>SY</arg>
<arg>SZ</arg>
<arg>TC</arg>
<arg>TD</arg>
<arg>TF</arg>
<arg>TG</arg>
<arg>TH</arg>
<arg>TJ</arg>
<arg>TK</arg>
<arg>TL</arg>
<arg>TM</arg>
<arg>TN</arg>
<arg>TO</arg>
<arg>TR</arg>
<arg>TT</arg>
<arg>TV</arg>
<arg>TW</arg>
<arg>TZ</arg>
<arg>UA</arg>
<arg>UG</arg>
<arg>UM</arg>
<arg>US</arg>
<arg>UY</arg>
<arg>UZ</arg>
<arg>VA</arg>
<arg>VC</arg>
<arg>VE</arg>
<arg>VG</arg>
<arg>VI</arg>
<arg>VN</arg>
<arg>VU</arg>
<arg>WF</arg>
<arg>WS</arg>
<arg>XK</arg>
<arg>YE</arg>
<arg>YT</arg>
<arg>ZA</arg>
<arg>ZM</arg>
<arg>ZW</arg>
<doc>Returns a list containing given items.</doc>
<status status="PASS" start="2024-06-06T12:28:07.603946" elapsed="0.000620"/>
</kw>
<kw name="List Should Contain Value" owner="Collections">
<msg time="2024-06-06T12:28:07.605567" level="INFO">False</msg>
<arg>${list_country}</arg>
<arg>${name_country}</arg>
<doc>Fails if the ``value`` is not found from ``list``.</doc>
<status status="PASS" start="2024-06-06T12:28:07.605361" elapsed="0.000242"/>
</kw>
<kw name="Run Keyword If" owner="BuiltIn">
<kw name="Should Be True" owner="BuiltIn">
<arg>${True}</arg>
<doc>Fails if the given condition is not true.</doc>
<status status="PASS" start="2024-06-06T12:28:07.606662" elapsed="0.000143"/>
</kw>
<arg>${json_data["results"][0]["location"]["coordinates"]["latitude"]} &gt;= -90 and ${json_data["results"][0]["location"]["coordinates"]["latitude"]} &lt;= 90</arg>
<arg>Should Be True</arg>
<arg>${True}</arg>
<doc>Runs the given keyword with the given arguments, if ``condition`` is true.</doc>
<status status="PASS" start="2024-06-06T12:28:07.605921" elapsed="0.001012"/>
</kw>
<kw name="Run Keyword If" owner="BuiltIn">
<kw name="Should Be True" owner="BuiltIn">
<arg>${True}</arg>
<doc>Fails if the given condition is not true.</doc>
<status status="PASS" start="2024-06-06T12:28:07.607862" elapsed="0.000139"/>
</kw>
<arg>${json_data["results"][0]["location"]["coordinates"]["longitude"]} &gt;= -180 and ${json_data["results"][0]["location"]["coordinates"]["longitude"]} &lt;= 180</arg>
<arg>Should Be True</arg>
<arg>${True}</arg>
<doc>Runs the given keyword with the given arguments, if ``condition`` is true.</doc>
<status status="PASS" start="2024-06-06T12:28:07.607162" elapsed="0.000963"/>
</kw>
<status status="PASS" start="2024-06-06T12:28:07.504555" elapsed="0.103698"/>
</kw>
<doc>Testa o conteúdo específico dos campos retornados pela API.</doc>
<tag>testeConteudo</tag>
<status status="PASS" start="2024-06-06T12:28:07.503870" elapsed="0.104525"/>
</test>
<status status="PASS" start="2024-06-06T12:28:06.795587" elapsed="0.814715"/>
</suite>
<status status="PASS" start="2024-06-06T12:28:06.782181" elapsed="0.833326"/>
</suite>
<statistics>
<total>
<stat pass="5" fail="0" skip="0">All Tests</stat>
</total>
<tag>
<stat pass="1" fail="0" skip="0">testeConteudo</stat>
<stat pass="1" fail="0" skip="0">testeEstruturaResposta</stat>
<stat pass="1" fail="0" skip="0">testeRequisicaoBasica</stat>
<stat pass="1" fail="0" skip="0">testeTiposDados</stat>
</tag>
<suite>
<stat pass="5" fail="0" skip="0" id="s1" name="Tests">Tests</stat>
<stat pass="5" fail="0" skip="0" id="s1-s1" name="Random-User-Test">Tests.Random-User-Test</stat>
</suite>
</statistics>
<errors>
</errors>
</robot>
