<?xml version="1.0" encoding="UTF-8"?>
<robot generator="Robot 7.0 (Python 3.12.3 on linux)" generated="2024-05-08T08:17:01.965476" rpa="false" schemaversion="5">
<suite id="s1" name="Tests" source="/home/runner/work/DesafioQAItauRogerioJordao/DesafioQAItauRogerioJordao/RamdonUser/tests">
<suite id="s1-s1" name="Random-User-Test" source="/home/runner/work/DesafioQAItauRogerioJordao/DesafioQAItauRogerioJordao/RamdonUser/tests/random-user-test.robot">
<test id="s1-s1-t1" name="Conectar" line="13">
<kw name="Conectar API" owner="random-user-service">
<kw name="Create Session" owner="RequestsLibrary">
<msg time="2024-05-08T08:17:02.333719" level="INFO">Creating Session using : alias=consultarAPI, url=https://randomuser.me/, headers={},                     cookies={}, auth=None, timeout=None, proxies=None, verify=False,                     debug=0 </msg>
<arg>consultarAPI</arg>
<arg>${URL}</arg>
<doc>Create Session: create a HTTP session to a server</doc>
<status status="PASS" start="2024-05-08T08:17:02.333509" elapsed="0.000418"/>
</kw>
<status status="PASS" start="2024-05-08T08:17:02.332480" elapsed="0.001834"/>
</kw>
<status status="PASS" start="2024-05-08T08:17:02.331864" elapsed="0.002640"/>
</test>
<test id="s1-s1-t2" name="Validar retorno 200 e JSON Válido" line="16">
<kw name="Teste de Requisicao Basica" owner="random-user-service">
<kw name="GET On Session" owner="RequestsLibrary">
<msg time="2024-05-08T08:17:02.526173" level="INFO">GET Request : url=https://randomuser.me/api 
 path_url=/api 
 headers={'User-Agent': 'python-requests/2.31.0', 'Accept-Encoding': 'gzip, deflate', 'Accept': '*/*', 'Connection': 'keep-alive'} 
 body=None 
 </msg>
<msg time="2024-05-08T08:17:02.526331" level="INFO">GET Response : url=https://randomuser.me/api 
 status=200, reason=OK 
 headers={'Date': 'Wed, 08 May 2024 08:17:02 GMT', 'Content-Type': 'application/json; charset=utf-8', 'Transfer-Encoding': 'chunked', 'Connection': 'keep-alive', 'X-Powered-By': 'Express', 'Access-Control-Allow-Origin': '*', 'Cache-Control': 'no-cache', 'ETag': 'W/"496-AAPbTgWg39g7/CsKF8QqJiqkpo4"', 'Vary': 'Accept-Encoding', 'Content-Encoding': 'gzip', 'CF-Cache-Status': 'DYNAMIC', 'Report-To': '{"endpoints":[{"url":"https:\\/\\/a.nel.cloudflare.com\\/report\\/v4?s=SbLLtFHtyoPmeDDO3KZeKeewhycsstFwkAl4IXOEsoMyp4DWTbn1zr95cwSkboHIZ6xsRzwlwSfgTSZhFDxJ5ScfXRfPwImD410EeydCpQYZu7Wv9Bu9cyooL2EMa4J%2B"}],"group":"cf-nel","max_age":604800}', 'NEL': '{"success_fraction":0,"report_to":"cf-nel","max_age":604800}', 'Server': 'cloudflare', 'CF-RAY': '880802d68c6e2943-ORD', 'alt-svc': 'h3=":443"; ma=86400'} 
 body={"results":[{"gender":"male","name":{"title":"Mr","first":"Daryl","last":"Stone"},"location":{"street":{"number":8738,"name":"Highfield Road"},"city":"Cardiff","state":"Surrey","country":"United Kingdom","postcode":"W11 1XW","coordinates":{"latitude":"-7.5868","longitude":"-157.1401"},"timezone":{"offset":"+5:00","description":"Ekaterinburg, Islamabad, Karachi, Tashkent"}},"email":"daryl.stone@example.com","login":{"uuid":"3ebd42dd-7ad1-44ac-9613-3ce5dbfa4abc","username":"bigdog282","password":"goten","salt":"BP1fpPW2","md5":"156d4353b52039e4ff4512b16fa1418f","sha1":"ae974c4a9efdea8b450a2717ddb3391718879c8e","sha256":"03fd69b6b6c33724da20412349881991fc8dc4080f551792f8c0dd3c6b9fb0f6"},"dob":{"date":"1989-06-25T17:30:21.930Z","age":34},"registered":{"date":"2020-12-24T00:08:15.433Z","age":3},"phone":"016977 05410","cell":"07331 983008","id":{"name":"NINO","value":"BK 31 39 91 G"},"picture":{"large":"https://randomuser.me/api/portraits/men/34.jpg","medium":"https://randomuser.me/api/portraits/med/men/34.jpg","thumbnail":"https://randomuser.me/api/portraits/thumb/men/34.jpg"},"nat":"GB"}],"info":{"seed":"aef9f178f5c1098e","results":1,"page":1,"version":"1.4"}} 
 </msg>
<msg time="2024-05-08T08:17:02.526424" level="INFO">/opt/hostedtoolcache/Python/3.12.3/x64/lib/python3.12/site-packages/urllib3/connectionpool.py:1103: InsecureRequestWarning: Unverified HTTPS request is being made to host 'randomuser.me'. Adding certificate verification is strongly advised. See: https://urllib3.readthedocs.io/en/latest/advanced-usage.html#tls-warnings
  warnings.warn(</msg>
<msg time="2024-05-08T08:17:02.526567" level="INFO">${response} = &lt;Response [200]&gt;</msg>
<var>${response}</var>
<arg>consultarAPI</arg>
<arg>/api</arg>
<doc>Sends a GET request on a previously created HTTP Session.</doc>
<status status="PASS" start="2024-05-08T08:17:02.337177" elapsed="0.189429"/>
</kw>
<kw name="Should Be Equal As Numbers" owner="BuiltIn">
<msg time="2024-05-08T08:17:02.527742" level="INFO">Argument types are:
&lt;class 'int'&gt;
&lt;class 'str'&gt;</msg>
<arg>${response.status_code}</arg>
<arg>200</arg>
<doc>Fails if objects are unequal after converting them to real numbers.</doc>
<status status="PASS" start="2024-05-08T08:17:02.527271" elapsed="0.000539"/>
</kw>
<kw name="Log" owner="BuiltIn">
<msg time="2024-05-08T08:17:02.528494" level="INFO">200</msg>
<arg>${response.status_code}</arg>
<doc>Logs the given message with the given level.</doc>
<status status="PASS" start="2024-05-08T08:17:02.528137" elapsed="0.000400"/>
</kw>
<kw name="Set Variable" owner="BuiltIn">
<msg time="2024-05-08T08:17:02.529288" level="INFO">${json_data} = {'results': [{'gender': 'male', 'name': {'title': 'Mr', 'first': 'Daryl', 'last': 'Stone'}, 'location': {'street': {'number': 8738, 'name': 'Highfield Road'}, 'city': 'Cardiff', 'state': 'Surrey', 'co...</msg>
<var>${json_data}</var>
<arg>${response.json()}</arg>
<doc>Returns the given values which can then be assigned to a variables.</doc>
<status status="PASS" start="2024-05-08T08:17:02.528838" elapsed="0.000479"/>
</kw>
<kw name="Dictionary Should Contain Key" owner="Collections">
<msg time="2024-05-08T08:17:02.529786" level="INFO">False</msg>
<arg>${json_data}</arg>
<arg>results</arg>
<doc>Fails if ``key`` is not found from ``dictionary``.</doc>
<status status="PASS" start="2024-05-08T08:17:02.529618" elapsed="0.000206"/>
</kw>
<status status="PASS" start="2024-05-08T08:17:02.336939" elapsed="0.193145"/>
</kw>
<doc>Testa se a API responde corretamente e retorna um objeto JSON válido.</doc>
<tag>testeRequisicaoBasica</tag>
<status status="PASS" start="2024-05-08T08:17:02.336479" elapsed="0.193794"/>
</test>
<test id="s1-s1-t3" name="Validar estrutura de resposta" line="22">
<kw name="Teste de Estrutura de Resposta" owner="random-user-service">
<kw name="GET On Session" owner="RequestsLibrary">
<msg time="2024-05-08T08:17:02.626962" level="INFO">GET Request : url=https://randomuser.me/api 
 path_url=/api 
 headers={'User-Agent': 'python-requests/2.31.0', 'Accept-Encoding': 'gzip, deflate', 'Accept': '*/*', 'Connection': 'keep-alive'} 
 body=None 
 </msg>
<msg time="2024-05-08T08:17:02.627120" level="INFO">GET Response : url=https://randomuser.me/api 
 status=200, reason=OK 
 headers={'Date': 'Wed, 08 May 2024 08:17:02 GMT', 'Content-Type': 'application/json; charset=utf-8', 'Transfer-Encoding': 'chunked', 'Connection': 'keep-alive', 'X-Powered-By': 'Express', 'Access-Control-Allow-Origin': '*', 'Cache-Control': 'no-cache', 'ETag': 'W/"486-uakEWnLyCSwYBmD2ft6qXQj75YE"', 'Vary': 'Accept-Encoding', 'Content-Encoding': 'gzip', 'CF-Cache-Status': 'DYNAMIC', 'Report-To': '{"endpoints":[{"url":"https:\\/\\/a.nel.cloudflare.com\\/report\\/v4?s=Fvph7YzJCRk6GpNsMou6mWH32LL84EpnmhdhnEdzCmT6zpsiDgz4ddt5RUyy9PkT2%2BD4OarUNP4V22dH4PqimF%2BsPnz5yCBUb%2BmcvXjvKFnJJtvZhpduqM4%2FclB1NKFn"}],"group":"cf-nel","max_age":604800}', 'NEL': '{"success_fraction":0,"report_to":"cf-nel","max_age":604800}', 'Server': 'cloudflare', 'CF-RAY': '880802d6dc8e2943-ORD', 'alt-svc': 'h3=":443"; ma=86400'} 
 body={"results":[{"gender":"male","name":{"title":"Mr","first":"Adrian","last":"Caldwell"},"location":{"street":{"number":9308,"name":"Green Lane"},"city":"Hereford","state":"Central","country":"United Kingdom","postcode":"O6 3TA","coordinates":{"latitude":"-8.0906","longitude":"-17.0381"},"timezone":{"offset":"-3:30","description":"Newfoundland"}},"email":"adrian.caldwell@example.com","login":{"uuid":"014e361b-e5a8-415d-9c71-73ebc9c7b100","username":"heavybutterfly516","password":"salsero","salt":"3vPIewYJ","md5":"36913a1ae6162f9913ea27099b2adde1","sha1":"df94a48451aa8ce00712854a04ebb4a78e48e9af","sha256":"b1a6caf31ae75de93f03b6a520f401d5d29fbf669f67af2d19f538a45dc2ba50"},"dob":{"date":"1955-06-01T18:27:35.343Z","age":68},"registered":{"date":"2020-01-13T11:21:51.441Z","age":4},"phone":"015396 95348","cell":"07827 613064","id":{"name":"NINO","value":"KM 99 83 63 V"},"picture":{"large":"https://randomuser.me/api/portraits/men/73.jpg","medium":"https://randomuser.me/api/portraits/med/men/73.jpg","thumbnail":"https://randomuser.me/api/portraits/thumb/men/73.jpg"},"nat":"GB"}],"info":{"seed":"a430dc8e8f72b70b","results":1,"page":1,"version":"1.4"}} 
 </msg>
<msg time="2024-05-08T08:17:02.627290" level="INFO">/opt/hostedtoolcache/Python/3.12.3/x64/lib/python3.12/site-packages/urllib3/connectionpool.py:1103: InsecureRequestWarning: Unverified HTTPS request is being made to host 'randomuser.me'. Adding certificate verification is strongly advised. See: https://urllib3.readthedocs.io/en/latest/advanced-usage.html#tls-warnings
  warnings.warn(</msg>
<msg time="2024-05-08T08:17:02.627425" level="INFO">${response} = &lt;Response [200]&gt;</msg>
<var>${response}</var>
<arg>consultarAPI</arg>
<arg>/api</arg>
<doc>Sends a GET request on a previously created HTTP Session.</doc>
<status status="PASS" start="2024-05-08T08:17:02.533019" elapsed="0.094435"/>
</kw>
<kw name="Set Variable" owner="BuiltIn">
<msg time="2024-05-08T08:17:02.628598" level="INFO">${json_data} = {'results': [{'gender': 'male', 'name': {'title': 'Mr', 'first': 'Adrian', 'last': 'Caldwell'}, 'location': {'street': {'number': 9308, 'name': 'Green Lane'}, 'city': 'Hereford', 'state': 'Central', '...</msg>
<var>${json_data}</var>
<arg>${response.json()}</arg>
<doc>Returns the given values which can then be assigned to a variables.</doc>
<status status="PASS" start="2024-05-08T08:17:02.628036" elapsed="0.000592"/>
</kw>
<kw name="Log" owner="BuiltIn">
<msg time="2024-05-08T08:17:02.629124" level="INFO">{'results': [{'gender': 'male', 'name': {'title': 'Mr', 'first': 'Adrian', 'last': 'Caldwell'}, 'location': {'street': {'number': 9308, 'name': 'Green Lane'}, 'city': 'Hereford', 'state': 'Central', 'country': 'United Kingdom', 'postcode': 'O6 3TA', 'coordinates': {'latitude': '-8.0906', 'longitude': '-17.0381'}, 'timezone': {'offset': '-3:30', 'description': 'Newfoundland'}}, 'email': 'adrian.caldwell@example.com', 'login': {'uuid': '014e361b-e5a8-415d-9c71-73ebc9c7b100', 'username': 'heavybutterfly516', 'password': 'salsero', 'salt': '3vPIewYJ', 'md5': '36913a1ae6162f9913ea27099b2adde1', 'sha1': 'df94a48451aa8ce00712854a04ebb4a78e48e9af', 'sha256': 'b1a6caf31ae75de93f03b6a520f401d5d29fbf669f67af2d19f538a45dc2ba50'}, 'dob': {'date': '1955-06-01T18:27:35.343Z', 'age': 68}, 'registered': {'date': '2020-01-13T11:21:51.441Z', 'age': 4}, 'phone': '015396 95348', 'cell': '07827 613064', 'id': {'name': 'NINO', 'value': 'KM 99 83 63 V'}, 'picture': {'large': 'https://randomuser.me/api/portraits/men/73.jpg', 'medium': 'https://randomuser.me/api/portraits/med/men/73.jpg', 'thumbnail': 'https://randomuser.me/api/portraits/thumb/men/73.jpg'}, 'nat': 'GB'}], 'info': {'seed': 'a430dc8e8f72b70b', 'results': 1, 'page': 1, 'version': '1.4'}}</msg>
<arg>${json_data}</arg>
<doc>Logs the given message with the given level.</doc>
<status status="PASS" start="2024-05-08T08:17:02.628955" elapsed="0.000223"/>
</kw>
<kw name="Dictionary Should Contain Key" owner="Collections">
<msg time="2024-05-08T08:17:02.629645" level="INFO">False</msg>
<arg>${json_data}</arg>
<arg>results</arg>
<doc>Fails if ``key`` is not found from ``dictionary``.</doc>
<status status="PASS" start="2024-05-08T08:17:02.629486" elapsed="0.000197"/>
</kw>
<kw name="Should Not Be Empty" owner="BuiltIn">
<msg time="2024-05-08T08:17:02.630116" level="INFO">Length is 2.</msg>
<arg>${json_data}</arg>
<doc>Verifies that the given item is not empty.</doc>
<status status="PASS" start="2024-05-08T08:17:02.629982" elapsed="0.000173"/>
</kw>
<kw name="Create List" owner="BuiltIn">
<msg time="2024-05-08T08:17:02.630767" level="INFO">${expected_keys} = ['gender', 'name', 'location', 'email', 'login']</msg>
<var>${expected_keys}</var>
<arg>gender</arg>
<arg>name</arg>
<arg>location</arg>
<arg>email</arg>
<arg>login</arg>
<doc>Returns a list containing given items.</doc>
<status status="PASS" start="2024-05-08T08:17:02.630445" elapsed="0.000347"/>
</kw>
<for flavor="IN">
<iter>
<kw name="Dictionary Should Contain Key" owner="Collections">
<msg time="2024-05-08T08:17:02.631869" level="INFO">False</msg>
<arg>${json_data['results'][0]}</arg>
<arg>${key}</arg>
<doc>Fails if ``key`` is not found from ``dictionary``.</doc>
<status status="PASS" start="2024-05-08T08:17:02.631459" elapsed="0.000448"/>
</kw>
<kw name="Log" owner="BuiltIn">
<msg time="2024-05-08T08:17:02.632580" level="INFO">{'gender': 'male', 'name': {'title': 'Mr', 'first': 'Adrian', 'last': 'Caldwell'}, 'location': {'street': {'number': 9308, 'name': 'Green Lane'}, 'city': 'Hereford', 'state': 'Central', 'country': 'United Kingdom', 'postcode': 'O6 3TA', 'coordinates': {'latitude': '-8.0906', 'longitude': '-17.0381'}, 'timezone': {'offset': '-3:30', 'description': 'Newfoundland'}}, 'email': 'adrian.caldwell@example.com', 'login': {'uuid': '014e361b-e5a8-415d-9c71-73ebc9c7b100', 'username': 'heavybutterfly516', 'password': 'salsero', 'salt': '3vPIewYJ', 'md5': '36913a1ae6162f9913ea27099b2adde1', 'sha1': 'df94a48451aa8ce00712854a04ebb4a78e48e9af', 'sha256': 'b1a6caf31ae75de93f03b6a520f401d5d29fbf669f67af2d19f538a45dc2ba50'}, 'dob': {'date': '1955-06-01T18:27:35.343Z', 'age': 68}, 'registered': {'date': '2020-01-13T11:21:51.441Z', 'age': 4}, 'phone': '015396 95348', 'cell': '07827 613064', 'id': {'name': 'NINO', 'value': 'KM 99 83 63 V'}, 'picture': {'large': 'https://randomuser.me/api/portraits/men/73.jpg', 'medium': 'https://randomuser.me/api/portraits/med/men/73.jpg', 'thumbnail': 'https://randomuser.me/api/portraits/thumb/men/73.jpg'}, 'nat': 'GB'}</msg>
<arg>${json_data['results'][0]}</arg>
<doc>Logs the given message with the given level.</doc>
<status status="PASS" start="2024-05-08T08:17:02.632209" elapsed="0.000421"/>
</kw>
<kw name="Log" owner="BuiltIn">
<msg time="2024-05-08T08:17:02.633066" level="INFO">gender</msg>
<arg>${key}</arg>
<doc>Logs the given message with the given level.</doc>
<status status="PASS" start="2024-05-08T08:17:02.632937" elapsed="0.000167"/>
</kw>
<var name="${key}">gender</var>
<status status="PASS" start="2024-05-08T08:17:02.631330" elapsed="0.001988"/>
</iter>
<iter>
<kw name="Dictionary Should Contain Key" owner="Collections">
<msg time="2024-05-08T08:17:02.634066" level="INFO">False</msg>
<arg>${json_data['results'][0]}</arg>
<arg>${key}</arg>
<doc>Fails if ``key`` is not found from ``dictionary``.</doc>
<status status="PASS" start="2024-05-08T08:17:02.633646" elapsed="0.000461"/>
</kw>
<kw name="Log" owner="BuiltIn">
<msg time="2024-05-08T08:17:02.634829" level="INFO">{'gender': 'male', 'name': {'title': 'Mr', 'first': 'Adrian', 'last': 'Caldwell'}, 'location': {'street': {'number': 9308, 'name': 'Green Lane'}, 'city': 'Hereford', 'state': 'Central', 'country': 'United Kingdom', 'postcode': 'O6 3TA', 'coordinates': {'latitude': '-8.0906', 'longitude': '-17.0381'}, 'timezone': {'offset': '-3:30', 'description': 'Newfoundland'}}, 'email': 'adrian.caldwell@example.com', 'login': {'uuid': '014e361b-e5a8-415d-9c71-73ebc9c7b100', 'username': 'heavybutterfly516', 'password': 'salsero', 'salt': '3vPIewYJ', 'md5': '36913a1ae6162f9913ea27099b2adde1', 'sha1': 'df94a48451aa8ce00712854a04ebb4a78e48e9af', 'sha256': 'b1a6caf31ae75de93f03b6a520f401d5d29fbf669f67af2d19f538a45dc2ba50'}, 'dob': {'date': '1955-06-01T18:27:35.343Z', 'age': 68}, 'registered': {'date': '2020-01-13T11:21:51.441Z', 'age': 4}, 'phone': '015396 95348', 'cell': '07827 613064', 'id': {'name': 'NINO', 'value': 'KM 99 83 63 V'}, 'picture': {'large': 'https://randomuser.me/api/portraits/men/73.jpg', 'medium': 'https://randomuser.me/api/portraits/med/men/73.jpg', 'thumbnail': 'https://randomuser.me/api/portraits/thumb/men/73.jpg'}, 'nat': 'GB'}</msg>
<arg>${json_data['results'][0]}</arg>
<doc>Logs the given message with the given level.</doc>
<status status="PASS" start="2024-05-08T08:17:02.634458" elapsed="0.000424"/>
</kw>
<kw name="Log" owner="BuiltIn">
<msg time="2024-05-08T08:17:02.635365" level="INFO">name</msg>
<arg>${key}</arg>
<doc>Logs the given message with the given level.</doc>
<status status="PASS" start="2024-05-08T08:17:02.635219" elapsed="0.000186"/>
</kw>
<var name="${key}">name</var>
<status status="PASS" start="2024-05-08T08:17:02.633513" elapsed="0.002145"/>
</iter>
<iter>
<kw name="Dictionary Should Contain Key" owner="Collections">
<msg time="2024-05-08T08:17:02.636377" level="INFO">False</msg>
<arg>${json_data['results'][0]}</arg>
<arg>${key}</arg>
<doc>Fails if ``key`` is not found from ``dictionary``.</doc>
<status status="PASS" start="2024-05-08T08:17:02.635978" elapsed="0.000437"/>
</kw>
<kw name="Log" owner="BuiltIn">
<msg time="2024-05-08T08:17:02.637089" level="INFO">{'gender': 'male', 'name': {'title': 'Mr', 'first': 'Adrian', 'last': 'Caldwell'}, 'location': {'street': {'number': 9308, 'name': 'Green Lane'}, 'city': 'Hereford', 'state': 'Central', 'country': 'United Kingdom', 'postcode': 'O6 3TA', 'coordinates': {'latitude': '-8.0906', 'longitude': '-17.0381'}, 'timezone': {'offset': '-3:30', 'description': 'Newfoundland'}}, 'email': 'adrian.caldwell@example.com', 'login': {'uuid': '014e361b-e5a8-415d-9c71-73ebc9c7b100', 'username': 'heavybutterfly516', 'password': 'salsero', 'salt': '3vPIewYJ', 'md5': '36913a1ae6162f9913ea27099b2adde1', 'sha1': 'df94a48451aa8ce00712854a04ebb4a78e48e9af', 'sha256': 'b1a6caf31ae75de93f03b6a520f401d5d29fbf669f67af2d19f538a45dc2ba50'}, 'dob': {'date': '1955-06-01T18:27:35.343Z', 'age': 68}, 'registered': {'date': '2020-01-13T11:21:51.441Z', 'age': 4}, 'phone': '015396 95348', 'cell': '07827 613064', 'id': {'name': 'NINO', 'value': 'KM 99 83 63 V'}, 'picture': {'large': 'https://randomuser.me/api/portraits/men/73.jpg', 'medium': 'https://randomuser.me/api/portraits/med/men/73.jpg', 'thumbnail': 'https://randomuser.me/api/portraits/thumb/men/73.jpg'}, 'nat': 'GB'}</msg>
<arg>${json_data['results'][0]}</arg>
<doc>Logs the given message with the given level.</doc>
<status status="PASS" start="2024-05-08T08:17:02.636721" elapsed="0.000420"/>
</kw>
<kw name="Log" owner="BuiltIn">
<msg time="2024-05-08T08:17:02.637575" level="INFO">location</msg>
<arg>${key}</arg>
<doc>Logs the given message with the given level.</doc>
<status status="PASS" start="2024-05-08T08:17:02.637446" elapsed="0.000166"/>
</kw>
<var name="${key}">location</var>
<status status="PASS" start="2024-05-08T08:17:02.635847" elapsed="0.001987"/>
</iter>
<iter>
<kw name="Dictionary Should Contain Key" owner="Collections">
<msg time="2024-05-08T08:17:02.638518" level="INFO">False</msg>
<arg>${json_data['results'][0]}</arg>
<arg>${key}</arg>
<doc>Fails if ``key`` is not found from ``dictionary``.</doc>
<status status="PASS" start="2024-05-08T08:17:02.638128" elapsed="0.000427"/>
</kw>
<kw name="Log" owner="BuiltIn">
<msg time="2024-05-08T08:17:02.639286" level="INFO">{'gender': 'male', 'name': {'title': 'Mr', 'first': 'Adrian', 'last': 'Caldwell'}, 'location': {'street': {'number': 9308, 'name': 'Green Lane'}, 'city': 'Hereford', 'state': 'Central', 'country': 'United Kingdom', 'postcode': 'O6 3TA', 'coordinates': {'latitude': '-8.0906', 'longitude': '-17.0381'}, 'timezone': {'offset': '-3:30', 'description': 'Newfoundland'}}, 'email': 'adrian.caldwell@example.com', 'login': {'uuid': '014e361b-e5a8-415d-9c71-73ebc9c7b100', 'username': 'heavybutterfly516', 'password': 'salsero', 'salt': '3vPIewYJ', 'md5': '36913a1ae6162f9913ea27099b2adde1', 'sha1': 'df94a48451aa8ce00712854a04ebb4a78e48e9af', 'sha256': 'b1a6caf31ae75de93f03b6a520f401d5d29fbf669f67af2d19f538a45dc2ba50'}, 'dob': {'date': '1955-06-01T18:27:35.343Z', 'age': 68}, 'registered': {'date': '2020-01-13T11:21:51.441Z', 'age': 4}, 'phone': '015396 95348', 'cell': '07827 613064', 'id': {'name': 'NINO', 'value': 'KM 99 83 63 V'}, 'picture': {'large': 'https://randomuser.me/api/portraits/men/73.jpg', 'medium': 'https://randomuser.me/api/portraits/med/men/73.jpg', 'thumbnail': 'https://randomuser.me/api/portraits/thumb/men/73.jpg'}, 'nat': 'GB'}</msg>
<arg>${json_data['results'][0]}</arg>
<doc>Logs the given message with the given level.</doc>
<status status="PASS" start="2024-05-08T08:17:02.638860" elapsed="0.000478"/>
</kw>
<kw name="Log" owner="BuiltIn">
<msg time="2024-05-08T08:17:02.639796" level="INFO">email</msg>
<arg>${key}</arg>
<doc>Logs the given message with the given level.</doc>
<status status="PASS" start="2024-05-08T08:17:02.639658" elapsed="0.000181"/>
</kw>
<var name="${key}">email</var>
<status status="PASS" start="2024-05-08T08:17:02.638012" elapsed="0.002086"/>
</iter>
<iter>
<kw name="Dictionary Should Contain Key" owner="Collections">
<msg time="2024-05-08T08:17:02.640810" level="INFO">False</msg>
<arg>${json_data['results'][0]}</arg>
<arg>${key}</arg>
<doc>Fails if ``key`` is not found from ``dictionary``.</doc>
<status status="PASS" start="2024-05-08T08:17:02.640409" elapsed="0.000439"/>
</kw>
<kw name="Log" owner="BuiltIn">
<msg time="2024-05-08T08:17:02.641529" level="INFO">{'gender': 'male', 'name': {'title': 'Mr', 'first': 'Adrian', 'last': 'Caldwell'}, 'location': {'street': {'number': 9308, 'name': 'Green Lane'}, 'city': 'Hereford', 'state': 'Central', 'country': 'United Kingdom', 'postcode': 'O6 3TA', 'coordinates': {'latitude': '-8.0906', 'longitude': '-17.0381'}, 'timezone': {'offset': '-3:30', 'description': 'Newfoundland'}}, 'email': 'adrian.caldwell@example.com', 'login': {'uuid': '014e361b-e5a8-415d-9c71-73ebc9c7b100', 'username': 'heavybutterfly516', 'password': 'salsero', 'salt': '3vPIewYJ', 'md5': '36913a1ae6162f9913ea27099b2adde1', 'sha1': 'df94a48451aa8ce00712854a04ebb4a78e48e9af', 'sha256': 'b1a6caf31ae75de93f03b6a520f401d5d29fbf669f67af2d19f538a45dc2ba50'}, 'dob': {'date': '1955-06-01T18:27:35.343Z', 'age': 68}, 'registered': {'date': '2020-01-13T11:21:51.441Z', 'age': 4}, 'phone': '015396 95348', 'cell': '07827 613064', 'id': {'name': 'NINO', 'value': 'KM 99 83 63 V'}, 'picture': {'large': 'https://randomuser.me/api/portraits/men/73.jpg', 'medium': 'https://randomuser.me/api/portraits/med/men/73.jpg', 'thumbnail': 'https://randomuser.me/api/portraits/thumb/men/73.jpg'}, 'nat': 'GB'}</msg>
<arg>${json_data['results'][0]}</arg>
<doc>Logs the given message with the given level.</doc>
<status status="PASS" start="2024-05-08T08:17:02.641145" elapsed="0.000434"/>
</kw>
<kw name="Log" owner="BuiltIn">
<msg time="2024-05-08T08:17:02.642013" level="INFO">login</msg>
<arg>${key}</arg>
<doc>Logs the given message with the given level.</doc>
<status status="PASS" start="2024-05-08T08:17:02.641882" elapsed="0.000169"/>
</kw>
<var name="${key}">login</var>
<status status="PASS" start="2024-05-08T08:17:02.640287" elapsed="0.001982"/>
</iter>
<var>${key}</var>
<value>@{expected_keys}</value>
<status status="PASS" start="2024-05-08T08:17:02.631069" elapsed="0.011351"/>
</for>
<kw name="Create List" owner="BuiltIn">
<msg time="2024-05-08T08:17:02.642764" level="INFO">${expected_keysTwo} = ['username', 'password']</msg>
<var>${expected_keysTwo}</var>
<arg>username</arg>
<arg>password</arg>
<doc>Returns a list containing given items.</doc>
<status status="PASS" start="2024-05-08T08:17:02.642627" elapsed="0.000161"/>
</kw>
<for flavor="IN">
<iter>
<kw name="Dictionary Should Contain Key" owner="Collections">
<msg time="2024-05-08T08:17:02.643726" level="INFO">False</msg>
<arg>${json_data['results'][0]['login']}</arg>
<arg>${keyTwo}</arg>
<doc>Fails if ``key`` is not found from ``dictionary``.</doc>
<status status="PASS" start="2024-05-08T08:17:02.643332" elapsed="0.000431"/>
</kw>
<kw name="Dictionary Should Contain Key" owner="Collections">
<msg time="2024-05-08T08:17:02.644456" level="INFO">False</msg>
<arg>${json_data['results'][0]['login']}</arg>
<arg>${keyTwo}</arg>
<doc>Fails if ``key`` is not found from ``dictionary``.</doc>
<status status="PASS" start="2024-05-08T08:17:02.644065" elapsed="0.000431"/>
</kw>
<kw name="Log" owner="BuiltIn">
<msg time="2024-05-08T08:17:02.644923" level="INFO">username</msg>
<arg>${keyTwo}</arg>
<doc>Logs the given message with the given level.</doc>
<status status="PASS" start="2024-05-08T08:17:02.644794" elapsed="0.000171"/>
</kw>
<var name="${keyTwo}">username</var>
<status status="PASS" start="2024-05-08T08:17:02.643213" elapsed="0.001965"/>
</iter>
<iter>
<kw name="Dictionary Should Contain Key" owner="Collections">
<msg time="2024-05-08T08:17:02.645845" level="INFO">False</msg>
<arg>${json_data['results'][0]['login']}</arg>
<arg>${keyTwo}</arg>
<doc>Fails if ``key`` is not found from ``dictionary``.</doc>
<status status="PASS" start="2024-05-08T08:17:02.645461" elapsed="0.000421"/>
</kw>
<kw name="Dictionary Should Contain Key" owner="Collections">
<msg time="2024-05-08T08:17:02.646636" level="INFO">False</msg>
<arg>${json_data['results'][0]['login']}</arg>
<arg>${keyTwo}</arg>
<doc>Fails if ``key`` is not found from ``dictionary``.</doc>
<status status="PASS" start="2024-05-08T08:17:02.646175" elapsed="0.000501"/>
</kw>
<kw name="Log" owner="BuiltIn">
<msg time="2024-05-08T08:17:02.647132" level="INFO">password</msg>
<arg>${keyTwo}</arg>
<doc>Logs the given message with the given level.</doc>
<status status="PASS" start="2024-05-08T08:17:02.646969" elapsed="0.000207"/>
</kw>
<var name="${keyTwo}">password</var>
<status status="PASS" start="2024-05-08T08:17:02.645351" elapsed="0.002051"/>
</iter>
<var>${keyTwo}</var>
<value>@{expected_keysTwo}</value>
<status status="PASS" start="2024-05-08T08:17:02.643026" elapsed="0.004499"/>
</for>
<status status="PASS" start="2024-05-08T08:17:02.532771" elapsed="0.114902"/>
</kw>
<doc>Testa a estrutura da resposta da API.</doc>
<tag>testeEstruturaResposta</tag>
<status status="PASS" start="2024-05-08T08:17:02.532241" elapsed="0.115590"/>
</test>
<test id="s1-s1-t4" name="Validar tipos de dados" line="28">
<kw name="Teste de Tipos de Dados" owner="random-user-service">
<kw name="GET On Session" owner="RequestsLibrary">
<msg time="2024-05-08T08:17:02.727714" level="INFO">GET Request : url=https://randomuser.me/api 
 path_url=/api 
 headers={'User-Agent': 'python-requests/2.31.0', 'Accept-Encoding': 'gzip, deflate', 'Accept': '*/*', 'Connection': 'keep-alive'} 
 body=None 
 </msg>
<msg time="2024-05-08T08:17:02.727815" level="INFO">GET Response : url=https://randomuser.me/api 
 status=200, reason=OK 
 headers={'Date': 'Wed, 08 May 2024 08:17:02 GMT', 'Content-Type': 'application/json; charset=utf-8', 'Transfer-Encoding': 'chunked', 'Connection': 'keep-alive', 'X-Powered-By': 'Express', 'Access-Control-Allow-Origin': '*', 'Cache-Control': 'no-cache', 'ETag': 'W/"49d-06yJ+xYSO1gB3hrlXhGmSXcojfE"', 'Vary': 'Accept-Encoding', 'Content-Encoding': 'gzip', 'CF-Cache-Status': 'DYNAMIC', 'Report-To': '{"endpoints":[{"url":"https:\\/\\/a.nel.cloudflare.com\\/report\\/v4?s=lVgLx%2BMBPIlrZV3OElzjKTqwzsOdTSkoT1z90x8EVLEme8OkK0rFrwM5jDe06Rkl407NQ%2F66NnhqBz9FPn5Vh8ieBljS8oeZf71jR1O3MBUL0FFuzGDyhjR0DZCPnI3A"}],"group":"cf-nel","max_age":604800}', 'NEL': '{"success_fraction":0,"report_to":"cf-nel","max_age":604800}', 'Server': 'cloudflare', 'CF-RAY': '880802d79cde2943-ORD', 'alt-svc': 'h3=":443"; ma=86400'} 
 body={"results":[{"gender":"female","name":{"title":"Miss","first":"Krista","last":"Schrader"},"location":{"street":{"number":4490,"name":"Raiffeisenstraße"},"city":"Hildesheim","state":"Hamburg","country":"Germany","postcode":84701,"coordinates":{"latitude":"-50.9312","longitude":"179.2899"},"timezone":{"offset":"-7:00","description":"Mountain Time (US &amp; Canada)"}},"email":"krista.schrader@example.com","login":{"uuid":"9c127c65-d3b9-4b8e-9133-2b24513e416a","username":"bluedog740","password":"christmas","salt":"lRLSH6Je","md5":"89125d89f675c16980f0d3a066b07727","sha1":"9cf5ac1c39b14f27339b661a77794a7c26e87003","sha256":"cbd7add21b2055145be8a68b1cd87cac753d83b51736acc76a7f83b7f1d9f9f2"},"dob":{"date":"1953-01-24T09:47:04.277Z","age":71},"registered":{"date":"2007-12-02T23:16:40.567Z","age":16},"phone":"0129-2146431","cell":"0179-5597351","id":{"name":"SVNR","value":"21 240153 S 924"},"picture":{"large":"https://randomuser.me/api/portraits/women/30.jpg","medium":"https://randomuser.me/api/portraits/med/women/30.jpg","thumbnail":"https://randomuser.me/api/portraits/thumb/women/30.jpg"},"nat":"DE"}],"info":{"seed":"cf3996f865dac76d","results":1,"page":1,"version":"1.4"}} 
 </msg>
<msg time="2024-05-08T08:17:02.727898" level="INFO">/opt/hostedtoolcache/Python/3.12.3/x64/lib/python3.12/site-packages/urllib3/connectionpool.py:1103: InsecureRequestWarning: Unverified HTTPS request is being made to host 'randomuser.me'. Adding certificate verification is strongly advised. See: https://urllib3.readthedocs.io/en/latest/advanced-usage.html#tls-warnings
  warnings.warn(</msg>
<msg time="2024-05-08T08:17:02.728032" level="INFO">${response} = &lt;Response [200]&gt;</msg>
<var>${response}</var>
<arg>consultarAPI</arg>
<arg>/api</arg>
<doc>Sends a GET request on a previously created HTTP Session.</doc>
<status status="PASS" start="2024-05-08T08:17:02.650452" elapsed="0.077622"/>
</kw>
<kw name="Set Variable" owner="BuiltIn">
<msg time="2024-05-08T08:17:02.729128" level="INFO">${json_data} = {'results': [{'gender': 'female', 'name': {'title': 'Miss', 'first': 'Krista', 'last': 'Schrader'}, 'location': {'street': {'number': 4490, 'name': 'Raiffeisenstraße'}, 'city': 'Hildesheim', 'state': ...</msg>
<var>${json_data}</var>
<arg>${response.json()}</arg>
<doc>Returns the given values which can then be assigned to a variables.</doc>
<status status="PASS" start="2024-05-08T08:17:02.728589" elapsed="0.000569"/>
</kw>
<kw name="Log" owner="BuiltIn">
<msg time="2024-05-08T08:17:02.729642" level="INFO">{'results': [{'gender': 'female', 'name': {'title': 'Miss', 'first': 'Krista', 'last': 'Schrader'}, 'location': {'street': {'number': 4490, 'name': 'Raiffeisenstraße'}, 'city': 'Hildesheim', 'state': 'Hamburg', 'country': 'Germany', 'postcode': 84701, 'coordinates': {'latitude': '-50.9312', 'longitude': '179.2899'}, 'timezone': {'offset': '-7:00', 'description': 'Mountain Time (US &amp; Canada)'}}, 'email': 'krista.schrader@example.com', 'login': {'uuid': '9c127c65-d3b9-4b8e-9133-2b24513e416a', 'username': 'bluedog740', 'password': 'christmas', 'salt': 'lRLSH6Je', 'md5': '89125d89f675c16980f0d3a066b07727', 'sha1': '9cf5ac1c39b14f27339b661a77794a7c26e87003', 'sha256': 'cbd7add21b2055145be8a68b1cd87cac753d83b51736acc76a7f83b7f1d9f9f2'}, 'dob': {'date': '1953-01-24T09:47:04.277Z', 'age': 71}, 'registered': {'date': '2007-12-02T23:16:40.567Z', 'age': 16}, 'phone': '0129-2146431', 'cell': '0179-5597351', 'id': {'name': 'SVNR', 'value': '21 240153 S 924'}, 'picture': {'large': 'https://randomuser.me/api/portraits/women/30.jpg', 'medium': 'https://randomuser.me/api/portraits/med/women/30.jpg', 'thumbnail': 'https://randomuser.me/api/portraits/thumb/women/30.jpg'}, 'nat': 'DE'}], 'info': {'seed': 'cf3996f865dac76d', 'results': 1, 'page': 1, 'version': '1.4'}}</msg>
<arg>${json_data}</arg>
<doc>Logs the given message with the given level.</doc>
<status status="PASS" start="2024-05-08T08:17:02.729477" elapsed="0.000255"/>
</kw>
<kw name="Should Be String" owner="String">
<arg>${json_data['results'][0]['gender']}</arg>
<doc>Fails if the given ``item`` is not a string.</doc>
<status status="PASS" start="2024-05-08T08:17:02.730034" elapsed="0.000373"/>
</kw>
<kw name="Should Match Regexp" owner="BuiltIn">
<arg>${json_data['results'][0]['email']}</arg>
<arg>^[a-zA-Z0-9._%+-]+@[a-zA-Z0-9.-]+\.[a-zA-Z]{2,}$</arg>
<doc>Fails if ``string`` does not match ``pattern`` as a regular expression.</doc>
<status status="PASS" start="2024-05-08T08:17:02.730604" elapsed="0.000549"/>
</kw>
<kw name="Should Match Regexp" owner="BuiltIn">
<arg>${json_data['results'][0]['dob']['date']}</arg>
<arg>\\d{4}-\\d{2}-\\d{2}T\\d{2}:\\d{2}:\\d{2}\\.\\d{3}Z</arg>
<doc>Fails if ``string`` does not match ``pattern`` as a regular expression.</doc>
<status status="PASS" start="2024-05-08T08:17:02.731351" elapsed="0.000497"/>
</kw>
<kw name="Should Match Regexp" owner="BuiltIn">
<arg>${json_data['results'][0]['registered']['date']}</arg>
<arg>\\d{4}-\\d{2}-\\d{2}T\\d{2}:\\d{2}:\\d{2}\\.\\d{3}Z</arg>
<doc>Fails if ``string`` does not match ``pattern`` as a regular expression.</doc>
<status status="PASS" start="2024-05-08T08:17:02.732039" elapsed="0.000372"/>
</kw>
<kw name="Should Match Regexp" owner="BuiltIn">
<arg>${json_data['results'][0]['picture']['large']}</arg>
<arg>^https?://.*\.(?:png|jpe?g|gif|bmp)$</arg>
<doc>Fails if ``string`` does not match ``pattern`` as a regular expression.</doc>
<status status="PASS" start="2024-05-08T08:17:02.732599" elapsed="0.000468"/>
</kw>
<kw name="Should Match Regexp" owner="BuiltIn">
<arg>${json_data['results'][0]['picture']['medium']}</arg>
<arg>^https?://.*\.(?:png|jpe?g|gif|bmp)$</arg>
<doc>Fails if ``string`` does not match ``pattern`` as a regular expression.</doc>
<status status="PASS" start="2024-05-08T08:17:02.733256" elapsed="0.000358"/>
</kw>
<kw name="Should Match Regexp" owner="BuiltIn">
<arg>${json_data['results'][0]['picture']['thumbnail']}</arg>
<arg>^https?://.*\.(?:png|jpe?g|gif|bmp)$</arg>
<doc>Fails if ``string`` does not match ``pattern`` as a regular expression.</doc>
<status status="PASS" start="2024-05-08T08:17:02.733803" elapsed="0.000358"/>
</kw>
<kw name="Log" owner="BuiltIn">
<msg time="2024-05-08T08:17:02.734672" level="INFO">{'large': 'https://randomuser.me/api/portraits/women/30.jpg', 'medium': 'https://randomuser.me/api/portraits/med/women/30.jpg', 'thumbnail': 'https://randomuser.me/api/portraits/thumb/women/30.jpg'}</msg>
<arg>${json_data['results'][0]['picture']}</arg>
<doc>Logs the given message with the given level.</doc>
<status status="PASS" start="2024-05-08T08:17:02.734343" elapsed="0.000371"/>
</kw>
<status status="PASS" start="2024-05-08T08:17:02.650158" elapsed="0.084832"/>
</kw>
<kw name="Teste de Tipos de Dados - Postcode" owner="random-user-service">
<kw name="GET On Session" owner="RequestsLibrary">
<msg time="2024-05-08T08:17:02.825956" level="INFO">GET Request : url=https://randomuser.me/api 
 path_url=/api 
 headers={'User-Agent': 'python-requests/2.31.0', 'Accept-Encoding': 'gzip, deflate', 'Accept': '*/*', 'Connection': 'keep-alive'} 
 body=None 
 </msg>
<msg time="2024-05-08T08:17:02.826057" level="INFO">GET Response : url=https://randomuser.me/api 
 status=200, reason=OK 
 headers={'Date': 'Wed, 08 May 2024 08:17:02 GMT', 'Content-Type': 'application/json; charset=utf-8', 'Transfer-Encoding': 'chunked', 'Connection': 'keep-alive', 'X-Powered-By': 'Express', 'Access-Control-Allow-Origin': '*', 'Cache-Control': 'no-cache', 'ETag': 'W/"488-8PFOsyrm04JqWWFYVzwhb+wf3gA"', 'Vary': 'Accept-Encoding', 'Content-Encoding': 'gzip', 'CF-Cache-Status': 'DYNAMIC', 'Report-To': '{"endpoints":[{"url":"https:\\/\\/a.nel.cloudflare.com\\/report\\/v4?s=M6ERx%2B7%2B%2FK3gBhiRI8KoNFAY8hmaaEal9g1QbLRHCudgzqqJgxu0R%2BXBWdQrL2%2BYCrByIjqrzefLQ%2FnGWRW%2FDvggLp%2BMwgd6%2BlzjjqXt6O6odd6sGQ95vbVS%2B1THAdvi"}],"group":"cf-nel","max_age":604800}', 'NEL': '{"success_fraction":0,"report_to":"cf-nel","max_age":604800}', 'Server': 'cloudflare', 'CF-RAY': '880802d81d112943-ORD', 'alt-svc': 'h3=":443"; ma=86400'} 
 body={"results":[{"gender":"female","name":{"title":"Miss","first":"Clara","last":"Christiansen"},"location":{"street":{"number":7620,"name":"Mejsevej"},"city":"Bælum","state":"Syddanmark","country":"Denmark","postcode":49186,"coordinates":{"latitude":"-42.7043","longitude":"64.2092"},"timezone":{"offset":"+7:00","description":"Bangkok, Hanoi, Jakarta"}},"email":"clara.christiansen@example.com","login":{"uuid":"312dc82f-6c18-4af7-ad64-6b3af1fc908a","username":"crazygoose741","password":"goldwing","salt":"VfGQ9Bk2","md5":"130412f4543eeba44ce43cfe4982ec7b","sha1":"d202ea8c472f8b71cf2693ad16da48ebd5354ce4","sha256":"44af84839ae57ac7192cec5d8c6d8314d39ffeded7edd406ffebb3d3a0c17659"},"dob":{"date":"1956-12-27T16:17:32.370Z","age":67},"registered":{"date":"2015-07-31T23:24:22.168Z","age":8},"phone":"09760569","cell":"89607392","id":{"name":"CPR","value":"271256-0065"},"picture":{"large":"https://randomuser.me/api/portraits/women/95.jpg","medium":"https://randomuser.me/api/portraits/med/women/95.jpg","thumbnail":"https://randomuser.me/api/portraits/thumb/women/95.jpg"},"nat":"DK"}],"info":{"seed":"2a86e2be26dd9ada","results":1,"page":1,"version":"1.4"}} 
 </msg>
<msg time="2024-05-08T08:17:02.826137" level="INFO">/opt/hostedtoolcache/Python/3.12.3/x64/lib/python3.12/site-packages/urllib3/connectionpool.py:1103: InsecureRequestWarning: Unverified HTTPS request is being made to host 'randomuser.me'. Adding certificate verification is strongly advised. See: https://urllib3.readthedocs.io/en/latest/advanced-usage.html#tls-warnings
  warnings.warn(</msg>
<msg time="2024-05-08T08:17:02.826264" level="INFO">${response} = &lt;Response [200]&gt;</msg>
<var>${response}</var>
<arg>consultarAPI</arg>
<arg>/api</arg>
<doc>Sends a GET request on a previously created HTTP Session.</doc>
<status status="PASS" start="2024-05-08T08:17:02.735527" elapsed="0.090764"/>
</kw>
<kw name="Set Variable" owner="BuiltIn">
<msg time="2024-05-08T08:17:02.827470" level="INFO">${json_data} = {'results': [{'gender': 'female', 'name': {'title': 'Miss', 'first': 'Clara', 'last': 'Christiansen'}, 'location': {'street': {'number': 7620, 'name': 'Mejsevej'}, 'city': 'Bælum', 'state': 'Syddanmar...</msg>
<var>${json_data}</var>
<arg>${response.json()}</arg>
<doc>Returns the given values which can then be assigned to a variables.</doc>
<status status="PASS" start="2024-05-08T08:17:02.826865" elapsed="0.000634"/>
</kw>
<kw name="Log" owner="BuiltIn">
<msg time="2024-05-08T08:17:02.827959" level="INFO">{'results': [{'gender': 'female', 'name': {'title': 'Miss', 'first': 'Clara', 'last': 'Christiansen'}, 'location': {'street': {'number': 7620, 'name': 'Mejsevej'}, 'city': 'Bælum', 'state': 'Syddanmark', 'country': 'Denmark', 'postcode': 49186, 'coordinates': {'latitude': '-42.7043', 'longitude': '64.2092'}, 'timezone': {'offset': '+7:00', 'description': 'Bangkok, Hanoi, Jakarta'}}, 'email': 'clara.christiansen@example.com', 'login': {'uuid': '312dc82f-6c18-4af7-ad64-6b3af1fc908a', 'username': 'crazygoose741', 'password': 'goldwing', 'salt': 'VfGQ9Bk2', 'md5': '130412f4543eeba44ce43cfe4982ec7b', 'sha1': 'd202ea8c472f8b71cf2693ad16da48ebd5354ce4', 'sha256': '44af84839ae57ac7192cec5d8c6d8314d39ffeded7edd406ffebb3d3a0c17659'}, 'dob': {'date': '1956-12-27T16:17:32.370Z', 'age': 67}, 'registered': {'date': '2015-07-31T23:24:22.168Z', 'age': 8}, 'phone': '09760569', 'cell': '89607392', 'id': {'name': 'CPR', 'value': '271256-0065'}, 'picture': {'large': 'https://randomuser.me/api/portraits/women/95.jpg', 'medium': 'https://randomuser.me/api/portraits/med/women/95.jpg', 'thumbnail': 'https://randomuser.me/api/portraits/thumb/women/95.jpg'}, 'nat': 'DK'}], 'info': {'seed': '2a86e2be26dd9ada', 'results': 1, 'page': 1, 'version': '1.4'}}</msg>
<arg>${json_data}</arg>
<doc>Logs the given message with the given level.</doc>
<status status="PASS" start="2024-05-08T08:17:02.827802" elapsed="0.000242"/>
</kw>
<kw name="Should Be Equal As Numbers" owner="BuiltIn">
<arg>${json_data['results'][0]['location']['postcode']}</arg>
<arg>${json_data['results'][0]['location']['postcode']}</arg>
<doc>Fails if objects are unequal after converting them to real numbers.</doc>
<status status="PASS" start="2024-05-08T08:17:02.828344" elapsed="0.000819"/>
</kw>
<kw name="Log" owner="BuiltIn">
<msg time="2024-05-08T08:17:02.829692" level="INFO">49186</msg>
<arg>${json_data['results'][0]['location']['postcode']}</arg>
<doc>Logs the given message with the given level.</doc>
<status status="PASS" start="2024-05-08T08:17:02.829355" elapsed="0.000377"/>
</kw>
<status status="PASS" start="2024-05-08T08:17:02.735271" elapsed="0.094717"/>
</kw>
<doc>Testa se os tipos de dados na resposta da API estão corretos.</doc>
<tag>testeTiposDados</tag>
<status status="PASS" start="2024-05-08T08:17:02.649625" elapsed="0.180532"/>
</test>
<test id="s1-s1-t5" name="Validar conteudo" line="35">
<kw name="Teste de Tipos de Conteudo" owner="random-user-service">
<kw name="GET On Session" owner="RequestsLibrary">
<msg time="2024-05-08T08:17:02.925999" level="INFO">GET Request : url=https://randomuser.me/api 
 path_url=/api 
 headers={'User-Agent': 'python-requests/2.31.0', 'Accept-Encoding': 'gzip, deflate', 'Accept': '*/*', 'Connection': 'keep-alive'} 
 body=None 
 </msg>
<msg time="2024-05-08T08:17:02.926104" level="INFO">GET Response : url=https://randomuser.me/api 
 status=200, reason=OK 
 headers={'Date': 'Wed, 08 May 2024 08:17:02 GMT', 'Content-Type': 'application/json; charset=utf-8', 'Transfer-Encoding': 'chunked', 'Connection': 'keep-alive', 'X-Powered-By': 'Express', 'Access-Control-Allow-Origin': '*', 'Cache-Control': 'no-cache', 'ETag': 'W/"487-SKwikf01XVmb+6MUotBONY11xE8"', 'Vary': 'Accept-Encoding', 'Content-Encoding': 'gzip', 'CF-Cache-Status': 'DYNAMIC', 'Report-To': '{"endpoints":[{"url":"https:\\/\\/a.nel.cloudflare.com\\/report\\/v4?s=4QlMIU0AuWd07P7eiutgW39rAj7opr3rk87MWiZjFWPRek%2FG2oHZHyShylZp4sRq02O7yYf5y3zHVcBDuWxK3iUAR99ru7it42pcJiEW6l61KqsJiW2sESHXC7ylV7aT"}],"group":"cf-nel","max_age":604800}', 'NEL': '{"success_fraction":0,"report_to":"cf-nel","max_age":604800}', 'Server': 'cloudflare', 'CF-RAY': '880802d8bd6a2943-ORD', 'alt-svc': 'h3=":443"; ma=86400'} 
 body={"results":[{"gender":"female","name":{"title":"Ms","first":"Katrine","last":"Kristensen"},"location":{"street":{"number":413,"name":"Oddesundvej"},"city":"København N","state":"Sjælland","country":"Denmark","postcode":70476,"coordinates":{"latitude":"-38.8657","longitude":"74.4026"},"timezone":{"offset":"-12:00","description":"Eniwetok, Kwajalein"}},"email":"katrine.kristensen@example.com","login":{"uuid":"76c0096b-a73c-4e0a-a36d-36cad181595b","username":"ticklishdog465","password":"game","salt":"DmX4cPNm","md5":"51921db8da3152d5e1c55eb10d1badd4","sha1":"69a8a6f552a16b968f01f3f821707dc6cf53b09c","sha256":"610d1062f839371c89e91cb6ed0cad6606616703b71203cc34ab722c25b940ee"},"dob":{"date":"1987-11-22T19:17:14.643Z","age":36},"registered":{"date":"2015-05-27T21:24:27.398Z","age":8},"phone":"05035373","cell":"74262375","id":{"name":"CPR","value":"221187-1306"},"picture":{"large":"https://randomuser.me/api/portraits/women/83.jpg","medium":"https://randomuser.me/api/portraits/med/women/83.jpg","thumbnail":"https://randomuser.me/api/portraits/thumb/women/83.jpg"},"nat":"DK"}],"info":{"seed":"dad0705f196e7429","results":1,"page":1,"version":"1.4"}} 
 </msg>
<msg time="2024-05-08T08:17:02.926182" level="INFO">/opt/hostedtoolcache/Python/3.12.3/x64/lib/python3.12/site-packages/urllib3/connectionpool.py:1103: InsecureRequestWarning: Unverified HTTPS request is being made to host 'randomuser.me'. Adding certificate verification is strongly advised. See: https://urllib3.readthedocs.io/en/latest/advanced-usage.html#tls-warnings
  warnings.warn(</msg>
<msg time="2024-05-08T08:17:02.926305" level="INFO">${response} = &lt;Response [200]&gt;</msg>
<var>${response}</var>
<arg>consultarAPI</arg>
<arg>/api</arg>
<doc>Sends a GET request on a previously created HTTP Session.</doc>
<status status="PASS" start="2024-05-08T08:17:02.832632" elapsed="0.093701"/>
</kw>
<kw name="Set Variable" owner="BuiltIn">
<msg time="2024-05-08T08:17:02.927479" level="INFO">${json_data} = {'results': [{'gender': 'female', 'name': {'title': 'Ms', 'first': 'Katrine', 'last': 'Kristensen'}, 'location': {'street': {'number': 413, 'name': 'Oddesundvej'}, 'city': 'København N', 'state': 'Sjæ...</msg>
<var>${json_data}</var>
<arg>${response.json()}</arg>
<doc>Returns the given values which can then be assigned to a variables.</doc>
<status status="PASS" start="2024-05-08T08:17:02.926900" elapsed="0.000608"/>
</kw>
<kw name="Set Variable" owner="BuiltIn">
<msg time="2024-05-08T08:17:02.928197" level="INFO">${name_title} = Ms</msg>
<var>${name_title}</var>
<arg>${json_data["results"][0]["name"]["title"]}</arg>
<doc>Returns the given values which can then be assigned to a variables.</doc>
<status status="PASS" start="2024-05-08T08:17:02.927813" elapsed="0.000408"/>
</kw>
<kw name="Create List" owner="BuiltIn">
<msg time="2024-05-08T08:17:02.928669" level="INFO">${allowed_titles} = ['Mr', 'Ms', 'Miss', 'Mrs', 'Madame', 'Monsieur']</msg>
<var>${allowed_titles}</var>
<arg>Mr</arg>
<arg>Ms</arg>
<arg>Miss</arg>
<arg>Mrs</arg>
<arg>Madame</arg>
<arg>Monsieur</arg>
<doc>Returns a list containing given items.</doc>
<status status="PASS" start="2024-05-08T08:17:02.928520" elapsed="0.000173"/>
</kw>
<kw name="List Should Contain Value" owner="Collections">
<msg time="2024-05-08T08:17:02.929160" level="INFO">False</msg>
<arg>${allowed_titles}</arg>
<arg>${name_title}</arg>
<doc>Fails if the ``value`` is not found from ``list``.</doc>
<status status="PASS" start="2024-05-08T08:17:02.928987" elapsed="0.000209"/>
</kw>
<kw name="Set Variable" owner="BuiltIn">
<msg time="2024-05-08T08:17:02.929865" level="INFO">${name_country} = DK</msg>
<var>${name_country}</var>
<arg>${json_data["results"][0]["nat"]}</arg>
<doc>Returns the given values which can then be assigned to a variables.</doc>
<status status="PASS" start="2024-05-08T08:17:02.929484" elapsed="0.000405"/>
</kw>
<kw name="Create List" owner="BuiltIn">
<msg time="2024-05-08T08:17:02.930771" level="INFO">${list_country} = ['AD', 'AE', 'AF', 'AG', 'AI', 'AL', 'AM', 'AO', 'AQ', 'AR', 'AS', 'AT', 'AU', 'AW', 'AX', 'AZ', 'BA', 'BB', 'BD', 'BE', 'BF', 'BG', 'BH', 'BI', 'BJ', 'BL', 'BM', 'BN', 'BO', 'BQ', 'BR', 'BS', 'BT', '...</msg>
<var>${list_country}</var>
<arg>AD</arg>
<arg>AE</arg>
<arg>AF</arg>
<arg>AG</arg>
<arg>AI</arg>
<arg>AL</arg>
<arg>AM</arg>
<arg>AO</arg>
<arg>AQ</arg>
<arg>AR</arg>
<arg>AS</arg>
<arg>AT</arg>
<arg>AU</arg>
<arg>AW</arg>
<arg>AX</arg>
<arg>AZ</arg>
<arg>BA</arg>
<arg>BB</arg>
<arg>BD</arg>
<arg>BE</arg>
<arg>BF</arg>
<arg>BG</arg>
<arg>BH</arg>
<arg>BI</arg>
<arg>BJ</arg>
<arg>BL</arg>
<arg>BM</arg>
<arg>BN</arg>
<arg>BO</arg>
<arg>BQ</arg>
<arg>BR</arg>
<arg>BS</arg>
<arg>BT</arg>
<arg>BV</arg>
<arg>BW</arg>
<arg>BY</arg>
<arg>BZ</arg>
<arg>CA</arg>
<arg>CC</arg>
<arg>CD</arg>
<arg>CF</arg>
<arg>CG</arg>
<arg>CH</arg>
<arg>CI</arg>
<arg>CK</arg>
<arg>CL</arg>
<arg>CM</arg>
<arg>CN</arg>
<arg>CO</arg>
<arg>CR</arg>
<arg>CU</arg>
<arg>CV</arg>
<arg>CW</arg>
<arg>CX</arg>
<arg>CY</arg>
<arg>CZ</arg>
<arg>DE</arg>
<arg>DJ</arg>
<arg>DK</arg>
<arg>DM</arg>
<arg>DO</arg>
<arg>DZ</arg>
<arg>EC</arg>
<arg>EE</arg>
<arg>EG</arg>
<arg>EH</arg>
<arg>ER</arg>
<arg>ES</arg>
<arg>ET</arg>
<arg>FI</arg>
<arg>FJ</arg>
<arg>FK</arg>
<arg>FM</arg>
<arg>FO</arg>
<arg>FR</arg>
<arg>GA</arg>
<arg>GB</arg>
<arg>GD</arg>
<arg>GE</arg>
<arg>GF</arg>
<arg>GG</arg>
<arg>GH</arg>
<arg>GI</arg>
<arg>GL</arg>
<arg>GM</arg>
<arg>GN</arg>
<arg>GP</arg>
<arg>GQ</arg>
<arg>GR</arg>
<arg>GS</arg>
<arg>GT</arg>
<arg>GU</arg>
<arg>GW</arg>
<arg>GY</arg>
<arg>HK</arg>
<arg>HM</arg>
<arg>HN</arg>
<arg>HR</arg>
<arg>HT</arg>
<arg>HU</arg>
<arg>ID</arg>
<arg>IE</arg>
<arg>IL</arg>
<arg>IM</arg>
<arg>IN</arg>
<arg>IO</arg>
<arg>IQ</arg>
<arg>IR</arg>
<arg>IS</arg>
<arg>IT</arg>
<arg>JE</arg>
<arg>JM</arg>
<arg>JO</arg>
<arg>JP</arg>
<arg>KE</arg>
<arg>KG</arg>
<arg>KH</arg>
<arg>KI</arg>
<arg>KM</arg>
<arg>KN</arg>
<arg>KP</arg>
<arg>KR</arg>
<arg>KW</arg>
<arg>KY</arg>
<arg>KZ</arg>
<arg>LA</arg>
<arg>LB</arg>
<arg>LC</arg>
<arg>LI</arg>
<arg>LK</arg>
<arg>LR</arg>
<arg>LS</arg>
<arg>LT</arg>
<arg>LU</arg>
<arg>LV</arg>
<arg>LY</arg>
<arg>MA</arg>
<arg>MC</arg>
<arg>MD</arg>
<arg>ME</arg>
<arg>MF</arg>
<arg>MG</arg>
<arg>MH</arg>
<arg>MK</arg>
<arg>ML</arg>
<arg>MM</arg>
<arg>MN</arg>
<arg>MO</arg>
<arg>MP</arg>
<arg>MQ</arg>
<arg>MR</arg>
<arg>MS</arg>
<arg>MT</arg>
<arg>MU</arg>
<arg>MV</arg>
<arg>MW</arg>
<arg>MX</arg>
<arg>MY</arg>
<arg>MZ</arg>
<arg>NA</arg>
<arg>NC</arg>
<arg>NE</arg>
<arg>NF</arg>
<arg>NG</arg>
<arg>NI</arg>
<arg>NL</arg>
<arg>NO</arg>
<arg>NP</arg>
<arg>NR</arg>
<arg>NU</arg>
<arg>NZ</arg>
<arg>OM</arg>
<arg>PA</arg>
<arg>PE</arg>
<arg>PF</arg>
<arg>PG</arg>
<arg>PH</arg>
<arg>PK</arg>
<arg>PL</arg>
<arg>PM</arg>
<arg>PN</arg>
<arg>PR</arg>
<arg>PS</arg>
<arg>PT</arg>
<arg>PW</arg>
<arg>PY</arg>
<arg>QA</arg>
<arg>RE</arg>
<arg>RO</arg>
<arg>RS</arg>
<arg>RU</arg>
<arg>RW</arg>
<arg>SA</arg>
<arg>SB</arg>
<arg>SC</arg>
<arg>SD</arg>
<arg>SE</arg>
<arg>SG</arg>
<arg>SH</arg>
<arg>SI</arg>
<arg>SJ</arg>
<arg>SK</arg>
<arg>SL</arg>
<arg>SM</arg>
<arg>SN</arg>
<arg>SO</arg>
<arg>SR</arg>
<arg>SS</arg>
<arg>ST</arg>
<arg>SV</arg>
<arg>SX</arg>
<arg>SY</arg>
<arg>SZ</arg>
<arg>TC</arg>
<arg>TD</arg>
<arg>TF</arg>
<arg>TG</arg>
<arg>TH</arg>
<arg>TJ</arg>
<arg>TK</arg>
<arg>TL</arg>
<arg>TM</arg>
<arg>TN</arg>
<arg>TO</arg>
<arg>TR</arg>
<arg>TT</arg>
<arg>TV</arg>
<arg>TW</arg>
<arg>TZ</arg>
<arg>UA</arg>
<arg>UG</arg>
<arg>UM</arg>
<arg>US</arg>
<arg>UY</arg>
<arg>UZ</arg>
<arg>VA</arg>
<arg>VC</arg>
<arg>VE</arg>
<arg>VG</arg>
<arg>VI</arg>
<arg>VN</arg>
<arg>VU</arg>
<arg>WF</arg>
<arg>WS</arg>
<arg>XK</arg>
<arg>YE</arg>
<arg>YT</arg>
<arg>ZA</arg>
<arg>ZM</arg>
<arg>ZW</arg>
<doc>Returns a list containing given items.</doc>
<status status="PASS" start="2024-05-08T08:17:02.930184" elapsed="0.000611"/>
</kw>
<kw name="List Should Contain Value" owner="Collections">
<msg time="2024-05-08T08:17:02.931803" level="INFO">False</msg>
<arg>${list_country}</arg>
<arg>${name_country}</arg>
<doc>Fails if the ``value`` is not found from ``list``.</doc>
<status status="PASS" start="2024-05-08T08:17:02.931606" elapsed="0.000232"/>
</kw>
<kw name="Run Keyword If" owner="BuiltIn">
<kw name="Should Be True" owner="BuiltIn">
<arg>${True}</arg>
<doc>Fails if the given condition is not true.</doc>
<status status="PASS" start="2024-05-08T08:17:02.932912" elapsed="0.000143"/>
</kw>
<arg>${json_data["results"][0]["location"]["coordinates"]["latitude"]} &gt;= -90 and ${json_data["results"][0]["location"]["coordinates"]["latitude"]} &lt;= 90</arg>
<arg>Should Be True</arg>
<arg>${True}</arg>
<doc>Runs the given keyword with the given arguments, if ``condition`` is true.</doc>
<status status="PASS" start="2024-05-08T08:17:02.932147" elapsed="0.001032"/>
</kw>
<kw name="Run Keyword If" owner="BuiltIn">
<kw name="Should Be True" owner="BuiltIn">
<arg>${True}</arg>
<doc>Fails if the given condition is not true.</doc>
<status status="PASS" start="2024-05-08T08:17:02.934054" elapsed="0.000259"/>
</kw>
<arg>${json_data["results"][0]["location"]["coordinates"]["longitude"]} &gt;= -180 and ${json_data["results"][0]["location"]["coordinates"]["longitude"]} &lt;= 180</arg>
<arg>Should Be True</arg>
<arg>${True}</arg>
<doc>Runs the given keyword with the given arguments, if ``condition`` is true.</doc>
<status status="PASS" start="2024-05-08T08:17:02.933367" elapsed="0.001070"/>
</kw>
<status status="PASS" start="2024-05-08T08:17:02.832404" elapsed="0.102163"/>
</kw>
<doc>Testa o conteúdo específico dos campos retornados pela API.</doc>
<tag>testeConteudo</tag>
<status status="PASS" start="2024-05-08T08:17:02.831951" elapsed="0.102767"/>
</test>
<status status="PASS" start="2024-05-08T08:17:02.024305" elapsed="0.912448"/>
</suite>
<status status="PASS" start="2024-05-08T08:17:02.010385" elapsed="0.931536"/>
</suite>
<statistics>
<total>
<stat pass="5" fail="0" skip="0">All Tests</stat>
</total>
<tag>
<stat pass="1" fail="0" skip="0">testeConteudo</stat>
<stat pass="1" fail="0" skip="0">testeEstruturaResposta</stat>
<stat pass="1" fail="0" skip="0">testeRequisicaoBasica</stat>
<stat pass="1" fail="0" skip="0">testeTiposDados</stat>
</tag>
<suite>
<stat pass="5" fail="0" skip="0" id="s1" name="Tests">Tests</stat>
<stat pass="5" fail="0" skip="0" id="s1-s1" name="Random-User-Test">Tests.Random-User-Test</stat>
</suite>
</statistics>
<errors>
</errors>
</robot>
