<?xml version="1.0" encoding="UTF-8"?>
<robot generator="Robot 7.0 (Python 3.12.3 on linux)" generated="2024-05-11T22:12:11.411200" rpa="false" schemaversion="5">
<suite id="s1" name="Tests" source="/home/runner/work/DesafioQAItauRogerioJordao/DesafioQAItauRogerioJordao/RamdonUser/tests">
<suite id="s1-s1" name="Random-User-Test" source="/home/runner/work/DesafioQAItauRogerioJordao/DesafioQAItauRogerioJordao/RamdonUser/tests/random-user-test.robot">
<test id="s1-s1-t1" name="Conectar" line="13">
<kw name="Conectar API" owner="random-user-service">
<kw name="Create Session" owner="RequestsLibrary">
<msg time="2024-05-11T22:12:11.766868" level="INFO">Creating Session using : alias=consultarAPI, url=https://randomuser.me/, headers={},                     cookies={}, auth=None, timeout=None, proxies=None, verify=False,                     debug=0 </msg>
<arg>consultarAPI</arg>
<arg>${URL}</arg>
<doc>Create Session: create a HTTP session to a server</doc>
<status status="PASS" start="2024-05-11T22:12:11.766671" elapsed="0.000369"/>
</kw>
<status status="PASS" start="2024-05-11T22:12:11.765723" elapsed="0.001684"/>
</kw>
<status status="PASS" start="2024-05-11T22:12:11.765087" elapsed="0.002513"/>
</test>
<test id="s1-s1-t2" name="Validar retorno 200 e JSON Válido" line="16">
<kw name="Teste de Requisicao Basica" owner="random-user-service">
<kw name="GET On Session" owner="RequestsLibrary">
<msg time="2024-05-11T22:12:12.004205" level="INFO">GET Request : url=https://randomuser.me/api 
 path_url=/api 
 headers={'User-Agent': 'python-requests/2.31.0', 'Accept-Encoding': 'gzip, deflate', 'Accept': '*/*', 'Connection': 'keep-alive'} 
 body=None 
 </msg>
<msg time="2024-05-11T22:12:12.004350" level="INFO">GET Response : url=https://randomuser.me/api 
 status=200, reason=OK 
 headers={'Date': 'Sat, 11 May 2024 22:12:12 GMT', 'Content-Type': 'application/json; charset=utf-8', 'Transfer-Encoding': 'chunked', 'Connection': 'keep-alive', 'X-Powered-By': 'Express', 'Access-Control-Allow-Origin': '*', 'Cache-Control': 'no-cache', 'ETag': 'W/"486-x+PBLSIalVu/OI1bqryzTwZUWlw"', 'Vary': 'Accept-Encoding', 'Content-Encoding': 'gzip', 'CF-Cache-Status': 'DYNAMIC', 'Report-To': '{"endpoints":[{"url":"https:\\/\\/a.nel.cloudflare.com\\/report\\/v4?s=cjGm9spfpZnXEk2KFj0hteyS1cfOkVxngNHIxOwj5zKvHi5MoOfSuQwQjpBd3SvcQth4VFyvXwOUSWqvNDRpjyl8B4NcmFPsU40uf5h4Fxp%2F2uQKVnwG%2BtsOnfMRSeTp"}],"group":"cf-nel","max_age":604800}', 'NEL': '{"success_fraction":0,"report_to":"cf-nel","max_age":604800}', 'Server': 'cloudflare', 'CF-RAY': '88258256c8343ad6-IAD', 'alt-svc': 'h3=":443"; ma=86400'} 
 body={"results":[{"gender":"male","name":{"title":"Mr","first":"Jack","last":"Harcourt"},"location":{"street":{"number":9735,"name":"Dieppe Ave"},"city":"Princeton","state":"Manitoba","country":"Canada","postcode":"M0C 0M8","coordinates":{"latitude":"-71.1634","longitude":"-120.0867"},"timezone":{"offset":"+2:00","description":"Kaliningrad, South Africa"}},"email":"jack.harcourt@example.com","login":{"uuid":"668f5a3f-d16c-4bc7-97a1-bc666c05ae6b","username":"redbutterfly760","password":"hotmail","salt":"2fzVTWEM","md5":"33c3811964bb376a96b3e45a32e1822f","sha1":"1106d582e83e07e89a59aa19e20499cf68c5b695","sha256":"4390b9df539b95542c43a755a56d585fb4869a8fd989d1b23a725228c0232046"},"dob":{"date":"1990-01-28T10:36:16.075Z","age":34},"registered":{"date":"2010-02-17T16:40:25.959Z","age":14},"phone":"K70 I69-3734","cell":"F66 I46-8134","id":{"name":"SIN","value":"484955570"},"picture":{"large":"https://randomuser.me/api/portraits/men/41.jpg","medium":"https://randomuser.me/api/portraits/med/men/41.jpg","thumbnail":"https://randomuser.me/api/portraits/thumb/men/41.jpg"},"nat":"CA"}],"info":{"seed":"9899bfdbf7034994","results":1,"page":1,"version":"1.4"}} 
 </msg>
<msg time="2024-05-11T22:12:12.004427" level="INFO">/opt/hostedtoolcache/Python/3.12.3/x64/lib/python3.12/site-packages/urllib3/connectionpool.py:1103: InsecureRequestWarning: Unverified HTTPS request is being made to host 'randomuser.me'. Adding certificate verification is strongly advised. See: https://urllib3.readthedocs.io/en/latest/advanced-usage.html#tls-warnings
  warnings.warn(</msg>
<msg time="2024-05-11T22:12:12.004584" level="INFO">${response} = &lt;Response [200]&gt;</msg>
<var>${response}</var>
<arg>consultarAPI</arg>
<arg>/api</arg>
<doc>Sends a GET request on a previously created HTTP Session.</doc>
<status status="PASS" start="2024-05-11T22:12:11.770235" elapsed="0.234389"/>
</kw>
<kw name="Should Be Equal As Numbers" owner="BuiltIn">
<msg time="2024-05-11T22:12:12.005893" level="INFO">Argument types are:
&lt;class 'int'&gt;
&lt;class 'str'&gt;</msg>
<arg>${response.status_code}</arg>
<arg>200</arg>
<doc>Fails if objects are unequal after converting them to real numbers.</doc>
<status status="PASS" start="2024-05-11T22:12:12.005219" elapsed="0.000744"/>
</kw>
<kw name="Log" owner="BuiltIn">
<msg time="2024-05-11T22:12:12.006657" level="INFO">200</msg>
<arg>${response.status_code}</arg>
<doc>Logs the given message with the given level.</doc>
<status status="PASS" start="2024-05-11T22:12:12.006305" elapsed="0.000394"/>
</kw>
<kw name="Set Variable" owner="BuiltIn">
<msg time="2024-05-11T22:12:12.007453" level="INFO">${json_data} = {'results': [{'gender': 'male', 'name': {'title': 'Mr', 'first': 'Jack', 'last': 'Harcourt'}, 'location': {'street': {'number': 9735, 'name': 'Dieppe Ave'}, 'city': 'Princeton', 'state': 'Manitoba', '...</msg>
<var>${json_data}</var>
<arg>${response.json()}</arg>
<doc>Returns the given values which can then be assigned to a variables.</doc>
<status status="PASS" start="2024-05-11T22:12:12.007009" elapsed="0.000477"/>
</kw>
<kw name="Dictionary Should Contain Key" owner="Collections">
<msg time="2024-05-11T22:12:12.007953" level="INFO">False</msg>
<arg>${json_data}</arg>
<arg>results</arg>
<doc>Fails if ``key`` is not found from ``dictionary``.</doc>
<status status="PASS" start="2024-05-11T22:12:12.007786" elapsed="0.000205"/>
</kw>
<status status="PASS" start="2024-05-11T22:12:11.769995" elapsed="0.238250"/>
</kw>
<doc>Testa se a API responde corretamente e retorna um objeto JSON válido.</doc>
<tag>testeRequisicaoBasica</tag>
<status status="PASS" start="2024-05-11T22:12:11.769552" elapsed="0.238871"/>
</test>
<test id="s1-s1-t3" name="Validar estrutura de resposta" line="22">
<kw name="Teste de Estrutura de Resposta" owner="random-user-service">
<kw name="GET On Session" owner="RequestsLibrary">
<msg time="2024-05-11T22:12:12.112161" level="INFO">GET Request : url=https://randomuser.me/api 
 path_url=/api 
 headers={'User-Agent': 'python-requests/2.31.0', 'Accept-Encoding': 'gzip, deflate', 'Accept': '*/*', 'Connection': 'keep-alive'} 
 body=None 
 </msg>
<msg time="2024-05-11T22:12:12.112232" level="INFO">GET Response : url=https://randomuser.me/api 
 status=200, reason=OK 
 headers={'Date': 'Sat, 11 May 2024 22:12:12 GMT', 'Content-Type': 'application/json; charset=utf-8', 'Transfer-Encoding': 'chunked', 'Connection': 'keep-alive', 'X-Powered-By': 'Express', 'Access-Control-Allow-Origin': '*', 'Cache-Control': 'no-cache', 'ETag': 'W/"49a-rNRr/w9+FST5MMhp+RAuKKm/hVQ"', 'Vary': 'Accept-Encoding', 'Content-Encoding': 'gzip', 'CF-Cache-Status': 'DYNAMIC', 'Report-To': '{"endpoints":[{"url":"https:\\/\\/a.nel.cloudflare.com\\/report\\/v4?s=OANsj2dsipKk974UAjt81ezIUN46Gta13Rjo826o34KqxqhbbfGBwTNgm%2FFCRhqYBwKgxLHQrWHxk42q42m3A34QFDN1y7d5%2BHjtl4D6By2ArMauz5TNEZuS0PgJ3HjK"}],"group":"cf-nel","max_age":604800}', 'NEL': '{"success_fraction":0,"report_to":"cf-nel","max_age":604800}', 'Server': 'cloudflare', 'CF-RAY': '8825825718a33ad6-IAD', 'alt-svc': 'h3=":443"; ma=86400'} 
 body={"results":[{"gender":"female","name":{"title":"Mrs","first":"Zlata","last":"Pejić"},"location":{"street":{"number":6959,"name":"Dimitrija Jovčića "},"city":"Temerin","state":"Zaječar","country":"Serbia","postcode":51168,"coordinates":{"latitude":"63.3785","longitude":"84.3591"},"timezone":{"offset":"+3:00","description":"Baghdad, Riyadh, Moscow, St. Petersburg"}},"email":"zlata.pejic@example.com","login":{"uuid":"f888b2df-7464-453b-b632-ed506c4b4ad6","username":"blacktiger831","password":"cabernet","salt":"rzsvoQpA","md5":"caff53954a506d0316966299878af843","sha1":"1d95b5a710172f1c6f325510c77ff395de2c4493","sha256":"753f8f90d87a771dc899fded55e01f27e24c19bb6efc165892edb7b22fb704f4"},"dob":{"date":"1965-03-23T02:06:01.991Z","age":59},"registered":{"date":"2002-10-20T10:53:16.348Z","age":21},"phone":"032-7268-482","cell":"063-4599-985","id":{"name":"SID","value":"764946099"},"picture":{"large":"https://randomuser.me/api/portraits/women/39.jpg","medium":"https://randomuser.me/api/portraits/med/women/39.jpg","thumbnail":"https://randomuser.me/api/portraits/thumb/women/39.jpg"},"nat":"RS"}],"info":{"seed":"b0bcde51bc9989d4","results":1,"page":1,"version":"1.4"}} 
 </msg>
<msg time="2024-05-11T22:12:12.112332" level="INFO">/opt/hostedtoolcache/Python/3.12.3/x64/lib/python3.12/site-packages/urllib3/connectionpool.py:1103: InsecureRequestWarning: Unverified HTTPS request is being made to host 'randomuser.me'. Adding certificate verification is strongly advised. See: https://urllib3.readthedocs.io/en/latest/advanced-usage.html#tls-warnings
  warnings.warn(</msg>
<msg time="2024-05-11T22:12:12.112449" level="INFO">${response} = &lt;Response [200]&gt;</msg>
<var>${response}</var>
<arg>consultarAPI</arg>
<arg>/api</arg>
<doc>Sends a GET request on a previously created HTTP Session.</doc>
<status status="PASS" start="2024-05-11T22:12:12.011025" elapsed="0.101463"/>
</kw>
<kw name="Set Variable" owner="BuiltIn">
<msg time="2024-05-11T22:12:12.113365" level="INFO">${json_data} = {'results': [{'gender': 'female', 'name': {'title': 'Mrs', 'first': 'Zlata', 'last': 'Pejić'}, 'location': {'street': {'number': 6959, 'name': 'Dimitrija Jovčića '}, 'city': 'Temerin', 'state': 'Zaječ...</msg>
<var>${json_data}</var>
<arg>${response.json()}</arg>
<doc>Returns the given values which can then be assigned to a variables.</doc>
<status status="PASS" start="2024-05-11T22:12:12.112864" elapsed="0.000531"/>
</kw>
<kw name="Log" owner="BuiltIn">
<msg time="2024-05-11T22:12:12.113857" level="INFO">{'results': [{'gender': 'female', 'name': {'title': 'Mrs', 'first': 'Zlata', 'last': 'Pejić'}, 'location': {'street': {'number': 6959, 'name': 'Dimitrija Jovčića '}, 'city': 'Temerin', 'state': 'Zaječar', 'country': 'Serbia', 'postcode': 51168, 'coordinates': {'latitude': '63.3785', 'longitude': '84.3591'}, 'timezone': {'offset': '+3:00', 'description': 'Baghdad, Riyadh, Moscow, St. Petersburg'}}, 'email': 'zlata.pejic@example.com', 'login': {'uuid': 'f888b2df-7464-453b-b632-ed506c4b4ad6', 'username': 'blacktiger831', 'password': 'cabernet', 'salt': 'rzsvoQpA', 'md5': 'caff53954a506d0316966299878af843', 'sha1': '1d95b5a710172f1c6f325510c77ff395de2c4493', 'sha256': '753f8f90d87a771dc899fded55e01f27e24c19bb6efc165892edb7b22fb704f4'}, 'dob': {'date': '1965-03-23T02:06:01.991Z', 'age': 59}, 'registered': {'date': '2002-10-20T10:53:16.348Z', 'age': 21}, 'phone': '032-7268-482', 'cell': '063-4599-985', 'id': {'name': 'SID', 'value': '764946099'}, 'picture': {'large': 'https://randomuser.me/api/portraits/women/39.jpg', 'medium': 'https://randomuser.me/api/portraits/med/women/39.jpg', 'thumbnail': 'https://randomuser.me/api/portraits/thumb/women/39.jpg'}, 'nat': 'RS'}], 'info': {'seed': 'b0bcde51bc9989d4', 'results': 1, 'page': 1, 'version': '1.4'}}</msg>
<arg>${json_data}</arg>
<doc>Logs the given message with the given level.</doc>
<status status="PASS" start="2024-05-11T22:12:12.113695" elapsed="0.000212"/>
</kw>
<kw name="Dictionary Should Contain Key" owner="Collections">
<msg time="2024-05-11T22:12:12.114348" level="INFO">False</msg>
<arg>${json_data}</arg>
<arg>results</arg>
<doc>Fails if ``key`` is not found from ``dictionary``.</doc>
<status status="PASS" start="2024-05-11T22:12:12.114199" elapsed="0.000185"/>
</kw>
<kw name="Should Not Be Empty" owner="BuiltIn">
<msg time="2024-05-11T22:12:12.114795" level="INFO">Length is 2.</msg>
<arg>${json_data}</arg>
<doc>Verifies that the given item is not empty.</doc>
<status status="PASS" start="2024-05-11T22:12:12.114668" elapsed="0.000169"/>
</kw>
<kw name="Create List" owner="BuiltIn">
<msg time="2024-05-11T22:12:12.115404" level="INFO">${expected_keys} = ['gender', 'name', 'location', 'email', 'login']</msg>
<var>${expected_keys}</var>
<arg>gender</arg>
<arg>name</arg>
<arg>location</arg>
<arg>email</arg>
<arg>login</arg>
<doc>Returns a list containing given items.</doc>
<status status="PASS" start="2024-05-11T22:12:12.115120" elapsed="0.000309"/>
</kw>
<for flavor="IN">
<iter>
<kw name="Dictionary Should Contain Key" owner="Collections">
<msg time="2024-05-11T22:12:12.116397" level="INFO">False</msg>
<arg>${json_data['results'][0]}</arg>
<arg>${key}</arg>
<doc>Fails if ``key`` is not found from ``dictionary``.</doc>
<status status="PASS" start="2024-05-11T22:12:12.116003" elapsed="0.000432"/>
</kw>
<kw name="Log" owner="BuiltIn">
<msg time="2024-05-11T22:12:12.117121" level="INFO">{'gender': 'female', 'name': {'title': 'Mrs', 'first': 'Zlata', 'last': 'Pejić'}, 'location': {'street': {'number': 6959, 'name': 'Dimitrija Jovčića '}, 'city': 'Temerin', 'state': 'Zaječar', 'country': 'Serbia', 'postcode': 51168, 'coordinates': {'latitude': '63.3785', 'longitude': '84.3591'}, 'timezone': {'offset': '+3:00', 'description': 'Baghdad, Riyadh, Moscow, St. Petersburg'}}, 'email': 'zlata.pejic@example.com', 'login': {'uuid': 'f888b2df-7464-453b-b632-ed506c4b4ad6', 'username': 'blacktiger831', 'password': 'cabernet', 'salt': 'rzsvoQpA', 'md5': 'caff53954a506d0316966299878af843', 'sha1': '1d95b5a710172f1c6f325510c77ff395de2c4493', 'sha256': '753f8f90d87a771dc899fded55e01f27e24c19bb6efc165892edb7b22fb704f4'}, 'dob': {'date': '1965-03-23T02:06:01.991Z', 'age': 59}, 'registered': {'date': '2002-10-20T10:53:16.348Z', 'age': 21}, 'phone': '032-7268-482', 'cell': '063-4599-985', 'id': {'name': 'SID', 'value': '764946099'}, 'picture': {'large': 'https://randomuser.me/api/portraits/women/39.jpg', 'medium': 'https://randomuser.me/api/portraits/med/women/39.jpg', 'thumbnail': 'https://randomuser.me/api/portraits/thumb/women/39.jpg'}, 'nat': 'RS'}</msg>
<arg>${json_data['results'][0]}</arg>
<doc>Logs the given message with the given level.</doc>
<status status="PASS" start="2024-05-11T22:12:12.116730" elapsed="0.000441"/>
</kw>
<kw name="Log" owner="BuiltIn">
<msg time="2024-05-11T22:12:12.117595" level="INFO">gender</msg>
<arg>${key}</arg>
<doc>Logs the given message with the given level.</doc>
<status status="PASS" start="2024-05-11T22:12:12.117469" elapsed="0.000163"/>
</kw>
<var name="${key}">gender</var>
<status status="PASS" start="2024-05-11T22:12:12.115880" elapsed="0.001964"/>
</iter>
<iter>
<kw name="Dictionary Should Contain Key" owner="Collections">
<msg time="2024-05-11T22:12:12.118530" level="INFO">False</msg>
<arg>${json_data['results'][0]}</arg>
<arg>${key}</arg>
<doc>Fails if ``key`` is not found from ``dictionary``.</doc>
<status status="PASS" start="2024-05-11T22:12:12.118142" elapsed="0.000425"/>
</kw>
<kw name="Log" owner="BuiltIn">
<msg time="2024-05-11T22:12:12.119249" level="INFO">{'gender': 'female', 'name': {'title': 'Mrs', 'first': 'Zlata', 'last': 'Pejić'}, 'location': {'street': {'number': 6959, 'name': 'Dimitrija Jovčića '}, 'city': 'Temerin', 'state': 'Zaječar', 'country': 'Serbia', 'postcode': 51168, 'coordinates': {'latitude': '63.3785', 'longitude': '84.3591'}, 'timezone': {'offset': '+3:00', 'description': 'Baghdad, Riyadh, Moscow, St. Petersburg'}}, 'email': 'zlata.pejic@example.com', 'login': {'uuid': 'f888b2df-7464-453b-b632-ed506c4b4ad6', 'username': 'blacktiger831', 'password': 'cabernet', 'salt': 'rzsvoQpA', 'md5': 'caff53954a506d0316966299878af843', 'sha1': '1d95b5a710172f1c6f325510c77ff395de2c4493', 'sha256': '753f8f90d87a771dc899fded55e01f27e24c19bb6efc165892edb7b22fb704f4'}, 'dob': {'date': '1965-03-23T02:06:01.991Z', 'age': 59}, 'registered': {'date': '2002-10-20T10:53:16.348Z', 'age': 21}, 'phone': '032-7268-482', 'cell': '063-4599-985', 'id': {'name': 'SID', 'value': '764946099'}, 'picture': {'large': 'https://randomuser.me/api/portraits/women/39.jpg', 'medium': 'https://randomuser.me/api/portraits/med/women/39.jpg', 'thumbnail': 'https://randomuser.me/api/portraits/thumb/women/39.jpg'}, 'nat': 'RS'}</msg>
<arg>${json_data['results'][0]}</arg>
<doc>Logs the given message with the given level.</doc>
<status status="PASS" start="2024-05-11T22:12:12.118886" elapsed="0.000413"/>
</kw>
<kw name="Log" owner="BuiltIn">
<msg time="2024-05-11T22:12:12.119716" level="INFO">name</msg>
<arg>${key}</arg>
<doc>Logs the given message with the given level.</doc>
<status status="PASS" start="2024-05-11T22:12:12.119591" elapsed="0.000172"/>
</kw>
<var name="${key}">name</var>
<status status="PASS" start="2024-05-11T22:12:12.118029" elapsed="0.001958"/>
</iter>
<iter>
<kw name="Dictionary Should Contain Key" owner="Collections">
<msg time="2024-05-11T22:12:12.120647" level="INFO">False</msg>
<arg>${json_data['results'][0]}</arg>
<arg>${key}</arg>
<doc>Fails if ``key`` is not found from ``dictionary``.</doc>
<status status="PASS" start="2024-05-11T22:12:12.120269" elapsed="0.000415"/>
</kw>
<kw name="Log" owner="BuiltIn">
<msg time="2024-05-11T22:12:12.121395" level="INFO">{'gender': 'female', 'name': {'title': 'Mrs', 'first': 'Zlata', 'last': 'Pejić'}, 'location': {'street': {'number': 6959, 'name': 'Dimitrija Jovčića '}, 'city': 'Temerin', 'state': 'Zaječar', 'country': 'Serbia', 'postcode': 51168, 'coordinates': {'latitude': '63.3785', 'longitude': '84.3591'}, 'timezone': {'offset': '+3:00', 'description': 'Baghdad, Riyadh, Moscow, St. Petersburg'}}, 'email': 'zlata.pejic@example.com', 'login': {'uuid': 'f888b2df-7464-453b-b632-ed506c4b4ad6', 'username': 'blacktiger831', 'password': 'cabernet', 'salt': 'rzsvoQpA', 'md5': 'caff53954a506d0316966299878af843', 'sha1': '1d95b5a710172f1c6f325510c77ff395de2c4493', 'sha256': '753f8f90d87a771dc899fded55e01f27e24c19bb6efc165892edb7b22fb704f4'}, 'dob': {'date': '1965-03-23T02:06:01.991Z', 'age': 59}, 'registered': {'date': '2002-10-20T10:53:16.348Z', 'age': 21}, 'phone': '032-7268-482', 'cell': '063-4599-985', 'id': {'name': 'SID', 'value': '764946099'}, 'picture': {'large': 'https://randomuser.me/api/portraits/women/39.jpg', 'medium': 'https://randomuser.me/api/portraits/med/women/39.jpg', 'thumbnail': 'https://randomuser.me/api/portraits/thumb/women/39.jpg'}, 'nat': 'RS'}</msg>
<arg>${json_data['results'][0]}</arg>
<doc>Logs the given message with the given level.</doc>
<status status="PASS" start="2024-05-11T22:12:12.121019" elapsed="0.000424"/>
</kw>
<kw name="Log" owner="BuiltIn">
<msg time="2024-05-11T22:12:12.121861" level="INFO">location</msg>
<arg>${key}</arg>
<doc>Logs the given message with the given level.</doc>
<status status="PASS" start="2024-05-11T22:12:12.121737" elapsed="0.000161"/>
</kw>
<var name="${key}">location</var>
<status status="PASS" start="2024-05-11T22:12:12.120161" elapsed="0.001948"/>
</iter>
<iter>
<kw name="Dictionary Should Contain Key" owner="Collections">
<msg time="2024-05-11T22:12:12.122776" level="INFO">False</msg>
<arg>${json_data['results'][0]}</arg>
<arg>${key}</arg>
<doc>Fails if ``key`` is not found from ``dictionary``.</doc>
<status status="PASS" start="2024-05-11T22:12:12.122391" elapsed="0.000422"/>
</kw>
<kw name="Log" owner="BuiltIn">
<msg time="2024-05-11T22:12:12.123468" level="INFO">{'gender': 'female', 'name': {'title': 'Mrs', 'first': 'Zlata', 'last': 'Pejić'}, 'location': {'street': {'number': 6959, 'name': 'Dimitrija Jovčića '}, 'city': 'Temerin', 'state': 'Zaječar', 'country': 'Serbia', 'postcode': 51168, 'coordinates': {'latitude': '63.3785', 'longitude': '84.3591'}, 'timezone': {'offset': '+3:00', 'description': 'Baghdad, Riyadh, Moscow, St. Petersburg'}}, 'email': 'zlata.pejic@example.com', 'login': {'uuid': 'f888b2df-7464-453b-b632-ed506c4b4ad6', 'username': 'blacktiger831', 'password': 'cabernet', 'salt': 'rzsvoQpA', 'md5': 'caff53954a506d0316966299878af843', 'sha1': '1d95b5a710172f1c6f325510c77ff395de2c4493', 'sha256': '753f8f90d87a771dc899fded55e01f27e24c19bb6efc165892edb7b22fb704f4'}, 'dob': {'date': '1965-03-23T02:06:01.991Z', 'age': 59}, 'registered': {'date': '2002-10-20T10:53:16.348Z', 'age': 21}, 'phone': '032-7268-482', 'cell': '063-4599-985', 'id': {'name': 'SID', 'value': '764946099'}, 'picture': {'large': 'https://randomuser.me/api/portraits/women/39.jpg', 'medium': 'https://randomuser.me/api/portraits/med/women/39.jpg', 'thumbnail': 'https://randomuser.me/api/portraits/thumb/women/39.jpg'}, 'nat': 'RS'}</msg>
<arg>${json_data['results'][0]}</arg>
<doc>Logs the given message with the given level.</doc>
<status status="PASS" start="2024-05-11T22:12:12.123107" elapsed="0.000410"/>
</kw>
<kw name="Log" owner="BuiltIn">
<msg time="2024-05-11T22:12:12.123934" level="INFO">email</msg>
<arg>${key}</arg>
<doc>Logs the given message with the given level.</doc>
<status status="PASS" start="2024-05-11T22:12:12.123809" elapsed="0.000161"/>
</kw>
<var name="${key}">email</var>
<status status="PASS" start="2024-05-11T22:12:12.122281" elapsed="0.001906"/>
</iter>
<iter>
<kw name="Dictionary Should Contain Key" owner="Collections">
<msg time="2024-05-11T22:12:12.124855" level="INFO">False</msg>
<arg>${json_data['results'][0]}</arg>
<arg>${key}</arg>
<doc>Fails if ``key`` is not found from ``dictionary``.</doc>
<status status="PASS" start="2024-05-11T22:12:12.124465" elapsed="0.000427"/>
</kw>
<kw name="Log" owner="BuiltIn">
<msg time="2024-05-11T22:12:12.125586" level="INFO">{'gender': 'female', 'name': {'title': 'Mrs', 'first': 'Zlata', 'last': 'Pejić'}, 'location': {'street': {'number': 6959, 'name': 'Dimitrija Jovčića '}, 'city': 'Temerin', 'state': 'Zaječar', 'country': 'Serbia', 'postcode': 51168, 'coordinates': {'latitude': '63.3785', 'longitude': '84.3591'}, 'timezone': {'offset': '+3:00', 'description': 'Baghdad, Riyadh, Moscow, St. Petersburg'}}, 'email': 'zlata.pejic@example.com', 'login': {'uuid': 'f888b2df-7464-453b-b632-ed506c4b4ad6', 'username': 'blacktiger831', 'password': 'cabernet', 'salt': 'rzsvoQpA', 'md5': 'caff53954a506d0316966299878af843', 'sha1': '1d95b5a710172f1c6f325510c77ff395de2c4493', 'sha256': '753f8f90d87a771dc899fded55e01f27e24c19bb6efc165892edb7b22fb704f4'}, 'dob': {'date': '1965-03-23T02:06:01.991Z', 'age': 59}, 'registered': {'date': '2002-10-20T10:53:16.348Z', 'age': 21}, 'phone': '032-7268-482', 'cell': '063-4599-985', 'id': {'name': 'SID', 'value': '764946099'}, 'picture': {'large': 'https://randomuser.me/api/portraits/women/39.jpg', 'medium': 'https://randomuser.me/api/portraits/med/women/39.jpg', 'thumbnail': 'https://randomuser.me/api/portraits/thumb/women/39.jpg'}, 'nat': 'RS'}</msg>
<arg>${json_data['results'][0]}</arg>
<doc>Logs the given message with the given level.</doc>
<status status="PASS" start="2024-05-11T22:12:12.125219" elapsed="0.000415"/>
</kw>
<kw name="Log" owner="BuiltIn">
<msg time="2024-05-11T22:12:12.126056" level="INFO">login</msg>
<arg>${key}</arg>
<doc>Logs the given message with the given level.</doc>
<status status="PASS" start="2024-05-11T22:12:12.125932" elapsed="0.000160"/>
</kw>
<var name="${key}">login</var>
<status status="PASS" start="2024-05-11T22:12:12.124358" elapsed="0.001968"/>
</iter>
<var>${key}</var>
<value>@{expected_keys}</value>
<status status="PASS" start="2024-05-11T22:12:12.115695" elapsed="0.010755"/>
</for>
<kw name="Create List" owner="BuiltIn">
<msg time="2024-05-11T22:12:12.126774" level="INFO">${expected_keysTwo} = ['username', 'password']</msg>
<var>${expected_keysTwo}</var>
<arg>username</arg>
<arg>password</arg>
<doc>Returns a list containing given items.</doc>
<status status="PASS" start="2024-05-11T22:12:12.126638" elapsed="0.000160"/>
</kw>
<for flavor="IN">
<iter>
<kw name="Dictionary Should Contain Key" owner="Collections">
<msg time="2024-05-11T22:12:12.127699" level="INFO">False</msg>
<arg>${json_data['results'][0]['login']}</arg>
<arg>${keyTwo}</arg>
<doc>Fails if ``key`` is not found from ``dictionary``.</doc>
<status status="PASS" start="2024-05-11T22:12:12.127308" elapsed="0.000427"/>
</kw>
<kw name="Dictionary Should Contain Key" owner="Collections">
<msg time="2024-05-11T22:12:12.128399" level="INFO">False</msg>
<arg>${json_data['results'][0]['login']}</arg>
<arg>${keyTwo}</arg>
<doc>Fails if ``key`` is not found from ``dictionary``.</doc>
<status status="PASS" start="2024-05-11T22:12:12.128024" elapsed="0.000410"/>
</kw>
<kw name="Log" owner="BuiltIn">
<msg time="2024-05-11T22:12:12.128843" level="INFO">username</msg>
<arg>${keyTwo}</arg>
<doc>Logs the given message with the given level.</doc>
<status status="PASS" start="2024-05-11T22:12:12.128720" elapsed="0.000166"/>
</kw>
<var name="${keyTwo}">username</var>
<status status="PASS" start="2024-05-11T22:12:12.127200" elapsed="0.001930"/>
</iter>
<iter>
<kw name="Dictionary Should Contain Key" owner="Collections">
<msg time="2024-05-11T22:12:12.129786" level="INFO">False</msg>
<arg>${json_data['results'][0]['login']}</arg>
<arg>${keyTwo}</arg>
<doc>Fails if ``key`` is not found from ``dictionary``.</doc>
<status status="PASS" start="2024-05-11T22:12:12.129406" elapsed="0.000426"/>
</kw>
<kw name="Dictionary Should Contain Key" owner="Collections">
<msg time="2024-05-11T22:12:12.130659" level="INFO">False</msg>
<arg>${json_data['results'][0]['login']}</arg>
<arg>${keyTwo}</arg>
<doc>Fails if ``key`` is not found from ``dictionary``.</doc>
<status status="PASS" start="2024-05-11T22:12:12.130118" elapsed="0.000579"/>
</kw>
<kw name="Log" owner="BuiltIn">
<msg time="2024-05-11T22:12:12.131123" level="INFO">password</msg>
<arg>${keyTwo}</arg>
<doc>Logs the given message with the given level.</doc>
<status status="PASS" start="2024-05-11T22:12:12.130994" elapsed="0.000177"/>
</kw>
<var name="${keyTwo}">password</var>
<status status="PASS" start="2024-05-11T22:12:12.129299" elapsed="0.002088"/>
</iter>
<var>${keyTwo}</var>
<value>@{expected_keysTwo}</value>
<status status="PASS" start="2024-05-11T22:12:12.127041" elapsed="0.004466"/>
</for>
<status status="PASS" start="2024-05-11T22:12:12.010792" elapsed="0.120853"/>
</kw>
<doc>Testa a estrutura da resposta da API.</doc>
<tag>testeEstruturaResposta</tag>
<status status="PASS" start="2024-05-11T22:12:12.010295" elapsed="0.121496"/>
</test>
<test id="s1-s1-t4" name="Validar tipos de dados" line="28">
<kw name="Teste de Tipos de Dados" owner="random-user-service">
<kw name="GET On Session" owner="RequestsLibrary">
<msg time="2024-05-11T22:12:12.204552" level="INFO">GET Request : url=https://randomuser.me/api 
 path_url=/api 
 headers={'User-Agent': 'python-requests/2.31.0', 'Accept-Encoding': 'gzip, deflate', 'Accept': '*/*', 'Connection': 'keep-alive'} 
 body=None 
 </msg>
<msg time="2024-05-11T22:12:12.204639" level="INFO">GET Response : url=https://randomuser.me/api 
 status=200, reason=OK 
 headers={'Date': 'Sat, 11 May 2024 22:12:12 GMT', 'Content-Type': 'application/json; charset=utf-8', 'Transfer-Encoding': 'chunked', 'Connection': 'keep-alive', 'X-Powered-By': 'Express', 'Access-Control-Allow-Origin': '*', 'Cache-Control': 'no-cache', 'ETag': 'W/"481-Tbso5KA46UGfH4hG/DtqzNCoqTI"', 'Vary': 'Accept-Encoding', 'Content-Encoding': 'gzip', 'CF-Cache-Status': 'DYNAMIC', 'Report-To': '{"endpoints":[{"url":"https:\\/\\/a.nel.cloudflare.com\\/report\\/v4?s=PvJqBIBIH0p%2B9NFIFzFcnNnUh64DJ0ZK0JyZUr3OUQ%2Flrgv78h7sNBjSUYTwgTiGrP5Wd8YO27Rl683OVNj9xHD2uGXTKEwAfZFE6V2ly4Br2wjYFba3Tbe8CPUNVY%2FD"}],"group":"cf-nel","max_age":604800}', 'NEL': '{"success_fraction":0,"report_to":"cf-nel","max_age":604800}', 'Server': 'cloudflare', 'CF-RAY': '88258257d9613ad6-IAD', 'alt-svc': 'h3=":443"; ma=86400'} 
 body={"results":[{"gender":"female","name":{"title":"Mrs","first":"پریا","last":"گلشن"},"location":{"street":{"number":8420,"name":"دیباجی"},"city":"ارومیه","state":"لرستان","country":"Iran","postcode":49094,"coordinates":{"latitude":"17.8039","longitude":"99.5791"},"timezone":{"offset":"-12:00","description":"Eniwetok, Kwajalein"}},"email":"pry.glshn@example.com","login":{"uuid":"ef50d419-6ee6-41a0-bd18-39c9461bce1c","username":"lazyelephant637","password":"airwolf","salt":"46AfQdB1","md5":"3a572d125af7eceb130ce7a0a2dc61e7","sha1":"87b8839e6c65075ac82bab8092052cea2adab09e","sha256":"00e8ce8d8ce8ea0752b6ac2a3b4a59a8cbcb2ab3c6a39f4c6c1c9f158c210b58"},"dob":{"date":"1989-07-23T18:43:24.557Z","age":34},"registered":{"date":"2014-02-25T02:34:16.891Z","age":10},"phone":"030-77808415","cell":"0979-915-8087","id":{"name":"","value":null},"picture":{"large":"https://randomuser.me/api/portraits/women/30.jpg","medium":"https://randomuser.me/api/portraits/med/women/30.jpg","thumbnail":"https://randomuser.me/api/portraits/thumb/women/30.jpg"},"nat":"IR"}],"info":{"seed":"486a6075ef98713e","results":1,"page":1,"version":"1.4"}} 
 </msg>
<msg time="2024-05-11T22:12:12.204711" level="INFO">/opt/hostedtoolcache/Python/3.12.3/x64/lib/python3.12/site-packages/urllib3/connectionpool.py:1103: InsecureRequestWarning: Unverified HTTPS request is being made to host 'randomuser.me'. Adding certificate verification is strongly advised. See: https://urllib3.readthedocs.io/en/latest/advanced-usage.html#tls-warnings
  warnings.warn(</msg>
<msg time="2024-05-11T22:12:12.204838" level="INFO">${response} = &lt;Response [200]&gt;</msg>
<var>${response}</var>
<arg>consultarAPI</arg>
<arg>/api</arg>
<doc>Sends a GET request on a previously created HTTP Session.</doc>
<status status="PASS" start="2024-05-11T22:12:12.134332" elapsed="0.070557"/>
</kw>
<kw name="Set Variable" owner="BuiltIn">
<msg time="2024-05-11T22:12:12.205783" level="INFO">${json_data} = {'results': [{'gender': 'female', 'name': {'title': 'Mrs', 'first': 'پریا', 'last': 'گلشن'}, 'location': {'street': {'number': 8420, 'name': 'دیباجی'}, 'city': 'ارومیه', 'state': 'لرستان', 'country': ...</msg>
<var>${json_data}</var>
<arg>${response.json()}</arg>
<doc>Returns the given values which can then be assigned to a variables.</doc>
<status status="PASS" start="2024-05-11T22:12:12.205320" elapsed="0.000493"/>
</kw>
<kw name="Log" owner="BuiltIn">
<msg time="2024-05-11T22:12:12.206269" level="INFO">{'results': [{'gender': 'female', 'name': {'title': 'Mrs', 'first': 'پریا', 'last': 'گلشن'}, 'location': {'street': {'number': 8420, 'name': 'دیباجی'}, 'city': 'ارومیه', 'state': 'لرستان', 'country': 'Iran', 'postcode': 49094, 'coordinates': {'latitude': '17.8039', 'longitude': '99.5791'}, 'timezone': {'offset': '-12:00', 'description': 'Eniwetok, Kwajalein'}}, 'email': 'pry.glshn@example.com', 'login': {'uuid': 'ef50d419-6ee6-41a0-bd18-39c9461bce1c', 'username': 'lazyelephant637', 'password': 'airwolf', 'salt': '46AfQdB1', 'md5': '3a572d125af7eceb130ce7a0a2dc61e7', 'sha1': '87b8839e6c65075ac82bab8092052cea2adab09e', 'sha256': '00e8ce8d8ce8ea0752b6ac2a3b4a59a8cbcb2ab3c6a39f4c6c1c9f158c210b58'}, 'dob': {'date': '1989-07-23T18:43:24.557Z', 'age': 34}, 'registered': {'date': '2014-02-25T02:34:16.891Z', 'age': 10}, 'phone': '030-77808415', 'cell': '0979-915-8087', 'id': {'name': '', 'value': None}, 'picture': {'large': 'https://randomuser.me/api/portraits/women/30.jpg', 'medium': 'https://randomuser.me/api/portraits/med/women/30.jpg', 'thumbnail': 'https://randomuser.me/api/portraits/thumb/women/30.jpg'}, 'nat': 'IR'}], 'info': {'seed': '486a6075ef98713e', 'results': 1, 'page': 1, 'version': '1.4'}}</msg>
<arg>${json_data}</arg>
<doc>Logs the given message with the given level.</doc>
<status status="PASS" start="2024-05-11T22:12:12.206114" elapsed="0.000240"/>
</kw>
<kw name="Should Be String" owner="String">
<arg>${json_data['results'][0]['gender']}</arg>
<doc>Fails if the given ``item`` is not a string.</doc>
<status status="PASS" start="2024-05-11T22:12:12.206653" elapsed="0.000369"/>
</kw>
<kw name="Should Match Regexp" owner="BuiltIn">
<arg>${json_data['results'][0]['email']}</arg>
<arg>^[a-zA-Z0-9._%+-]+@[a-zA-Z0-9.-]+\.[a-zA-Z]{2,}$</arg>
<doc>Fails if ``string`` does not match ``pattern`` as a regular expression.</doc>
<status status="PASS" start="2024-05-11T22:12:12.207213" elapsed="0.000512"/>
</kw>
<kw name="Should Match Regexp" owner="BuiltIn">
<arg>${json_data['results'][0]['dob']['date']}</arg>
<arg>\\d{4}-\\d{2}-\\d{2}T\\d{2}:\\d{2}:\\d{2}\\.\\d{3}Z</arg>
<doc>Fails if ``string`` does not match ``pattern`` as a regular expression.</doc>
<status status="PASS" start="2024-05-11T22:12:12.207919" elapsed="0.000486"/>
</kw>
<kw name="Should Match Regexp" owner="BuiltIn">
<arg>${json_data['results'][0]['registered']['date']}</arg>
<arg>\\d{4}-\\d{2}-\\d{2}T\\d{2}:\\d{2}:\\d{2}\\.\\d{3}Z</arg>
<doc>Fails if ``string`` does not match ``pattern`` as a regular expression.</doc>
<status status="PASS" start="2024-05-11T22:12:12.208593" elapsed="0.000397"/>
</kw>
<kw name="Should Match Regexp" owner="BuiltIn">
<arg>${json_data['results'][0]['picture']['large']}</arg>
<arg>^https?://.*\.(?:png|jpe?g|gif|bmp)$</arg>
<doc>Fails if ``string`` does not match ``pattern`` as a regular expression.</doc>
<status status="PASS" start="2024-05-11T22:12:12.209179" elapsed="0.000460"/>
</kw>
<kw name="Should Match Regexp" owner="BuiltIn">
<arg>${json_data['results'][0]['picture']['medium']}</arg>
<arg>^https?://.*\.(?:png|jpe?g|gif|bmp)$</arg>
<doc>Fails if ``string`` does not match ``pattern`` as a regular expression.</doc>
<status status="PASS" start="2024-05-11T22:12:12.209825" elapsed="0.000351"/>
</kw>
<kw name="Should Match Regexp" owner="BuiltIn">
<arg>${json_data['results'][0]['picture']['thumbnail']}</arg>
<arg>^https?://.*\.(?:png|jpe?g|gif|bmp)$</arg>
<doc>Fails if ``string`` does not match ``pattern`` as a regular expression.</doc>
<status status="PASS" start="2024-05-11T22:12:12.210359" elapsed="0.000348"/>
</kw>
<kw name="Log" owner="BuiltIn">
<msg time="2024-05-11T22:12:12.211201" level="INFO">{'large': 'https://randomuser.me/api/portraits/women/30.jpg', 'medium': 'https://randomuser.me/api/portraits/med/women/30.jpg', 'thumbnail': 'https://randomuser.me/api/portraits/thumb/women/30.jpg'}</msg>
<arg>${json_data['results'][0]['picture']}</arg>
<doc>Logs the given message with the given level.</doc>
<status status="PASS" start="2024-05-11T22:12:12.210882" elapsed="0.000359"/>
</kw>
<status status="PASS" start="2024-05-11T22:12:12.134109" elapsed="0.077382"/>
</kw>
<kw name="Teste de Tipos de Dados - Postcode" owner="random-user-service">
<kw name="GET On Session" owner="RequestsLibrary">
<msg time="2024-05-11T22:12:12.300612" level="INFO">GET Request : url=https://randomuser.me/api 
 path_url=/api 
 headers={'User-Agent': 'python-requests/2.31.0', 'Accept-Encoding': 'gzip, deflate', 'Accept': '*/*', 'Connection': 'keep-alive'} 
 body=None 
 </msg>
<msg time="2024-05-11T22:12:12.300689" level="INFO">GET Response : url=https://randomuser.me/api 
 status=200, reason=OK 
 headers={'Date': 'Sat, 11 May 2024 22:12:12 GMT', 'Content-Type': 'application/json; charset=utf-8', 'Transfer-Encoding': 'chunked', 'Connection': 'keep-alive', 'X-Powered-By': 'Express', 'Access-Control-Allow-Origin': '*', 'Cache-Control': 'no-cache', 'ETag': 'W/"46d-TmN3cU6W/DtOGPsFGa9sQhH5ujM"', 'Vary': 'Accept-Encoding', 'Content-Encoding': 'gzip', 'CF-Cache-Status': 'DYNAMIC', 'Report-To': '{"endpoints":[{"url":"https:\\/\\/a.nel.cloudflare.com\\/report\\/v4?s=8QamygQL8RC4PGMcco9NRwjIa4SjbTe7z2fPub7%2BiDc0kVOoTcnx4mCYqcPVUY5jWWBH3DmwHnihDmFSb%2F4YAv7Yh0n3HLdXvqAaZhjItUlp0I5mQX20lpCq81bTeWJK"}],"group":"cf-nel","max_age":604800}', 'NEL': '{"success_fraction":0,"report_to":"cf-nel","max_age":604800}', 'Server': 'cloudflare', 'CF-RAY': '8825825859d83ad6-IAD', 'alt-svc': 'h3=":443"; ma=86400'} 
 body={"results":[{"gender":"male","name":{"title":"Mr","first":"Gavin","last":"Howell"},"location":{"street":{"number":4925,"name":"W Belt Line Rd"},"city":"Nowra","state":"Queensland","country":"Australia","postcode":514,"coordinates":{"latitude":"-83.7595","longitude":"-146.1252"},"timezone":{"offset":"+5:45","description":"Kathmandu"}},"email":"gavin.howell@example.com","login":{"uuid":"56b7e967-08ad-4e44-a13c-01dd3d3fc454","username":"brownsnake106","password":"auto","salt":"dIP14psz","md5":"5929c2e41d5d34d256d4e9351e91a986","sha1":"9733d8f4a0b460e72d922069cbe732ceb09443e1","sha256":"0c382469f759bf9fac76d1122eb5aaa61caa3d5a65bddcae25f7fcda69d3d250"},"dob":{"date":"1950-08-27T05:59:08.347Z","age":73},"registered":{"date":"2019-01-02T14:08:04.146Z","age":5},"phone":"02-8297-2332","cell":"0473-113-456","id":{"name":"TFN","value":"507183285"},"picture":{"large":"https://randomuser.me/api/portraits/men/83.jpg","medium":"https://randomuser.me/api/portraits/med/men/83.jpg","thumbnail":"https://randomuser.me/api/portraits/thumb/men/83.jpg"},"nat":"AU"}],"info":{"seed":"41decc08329ee8b8","results":1,"page":1,"version":"1.4"}} 
 </msg>
<msg time="2024-05-11T22:12:12.300754" level="INFO">/opt/hostedtoolcache/Python/3.12.3/x64/lib/python3.12/site-packages/urllib3/connectionpool.py:1103: InsecureRequestWarning: Unverified HTTPS request is being made to host 'randomuser.me'. Adding certificate verification is strongly advised. See: https://urllib3.readthedocs.io/en/latest/advanced-usage.html#tls-warnings
  warnings.warn(</msg>
<msg time="2024-05-11T22:12:12.300882" level="INFO">${response} = &lt;Response [200]&gt;</msg>
<var>${response}</var>
<arg>consultarAPI</arg>
<arg>/api</arg>
<doc>Sends a GET request on a previously created HTTP Session.</doc>
<status status="PASS" start="2024-05-11T22:12:12.211981" elapsed="0.088953"/>
</kw>
<kw name="Set Variable" owner="BuiltIn">
<msg time="2024-05-11T22:12:12.301951" level="INFO">${json_data} = {'results': [{'gender': 'male', 'name': {'title': 'Mr', 'first': 'Gavin', 'last': 'Howell'}, 'location': {'street': {'number': 4925, 'name': 'W Belt Line Rd'}, 'city': 'Nowra', 'state': 'Queensland', ...</msg>
<var>${json_data}</var>
<arg>${response.json()}</arg>
<doc>Returns the given values which can then be assigned to a variables.</doc>
<status status="PASS" start="2024-05-11T22:12:12.301395" elapsed="0.000587"/>
</kw>
<kw name="Log" owner="BuiltIn">
<msg time="2024-05-11T22:12:12.302426" level="INFO">{'results': [{'gender': 'male', 'name': {'title': 'Mr', 'first': 'Gavin', 'last': 'Howell'}, 'location': {'street': {'number': 4925, 'name': 'W Belt Line Rd'}, 'city': 'Nowra', 'state': 'Queensland', 'country': 'Australia', 'postcode': 514, 'coordinates': {'latitude': '-83.7595', 'longitude': '-146.1252'}, 'timezone': {'offset': '+5:45', 'description': 'Kathmandu'}}, 'email': 'gavin.howell@example.com', 'login': {'uuid': '56b7e967-08ad-4e44-a13c-01dd3d3fc454', 'username': 'brownsnake106', 'password': 'auto', 'salt': 'dIP14psz', 'md5': '5929c2e41d5d34d256d4e9351e91a986', 'sha1': '9733d8f4a0b460e72d922069cbe732ceb09443e1', 'sha256': '0c382469f759bf9fac76d1122eb5aaa61caa3d5a65bddcae25f7fcda69d3d250'}, 'dob': {'date': '1950-08-27T05:59:08.347Z', 'age': 73}, 'registered': {'date': '2019-01-02T14:08:04.146Z', 'age': 5}, 'phone': '02-8297-2332', 'cell': '0473-113-456', 'id': {'name': 'TFN', 'value': '507183285'}, 'picture': {'large': 'https://randomuser.me/api/portraits/men/83.jpg', 'medium': 'https://randomuser.me/api/portraits/med/men/83.jpg', 'thumbnail': 'https://randomuser.me/api/portraits/thumb/men/83.jpg'}, 'nat': 'AU'}], 'info': {'seed': '41decc08329ee8b8', 'results': 1, 'page': 1, 'version': '1.4'}}</msg>
<arg>${json_data}</arg>
<doc>Logs the given message with the given level.</doc>
<status status="PASS" start="2024-05-11T22:12:12.302277" elapsed="0.000225"/>
</kw>
<kw name="Should Be Equal As Numbers" owner="BuiltIn">
<arg>${json_data['results'][0]['location']['postcode']}</arg>
<arg>${json_data['results'][0]['location']['postcode']}</arg>
<doc>Fails if objects are unequal after converting them to real numbers.</doc>
<status status="PASS" start="2024-05-11T22:12:12.302797" elapsed="0.000755"/>
</kw>
<kw name="Log" owner="BuiltIn">
<msg time="2024-05-11T22:12:12.304079" level="INFO">514</msg>
<arg>${json_data['results'][0]['location']['postcode']}</arg>
<doc>Logs the given message with the given level.</doc>
<status status="PASS" start="2024-05-11T22:12:12.303743" elapsed="0.000375"/>
</kw>
<status status="PASS" start="2024-05-11T22:12:12.211703" elapsed="0.092681"/>
</kw>
<doc>Testa se os tipos de dados na resposta da API estão corretos.</doc>
<tag>testeTiposDados</tag>
<status status="PASS" start="2024-05-11T22:12:12.133586" elapsed="0.170959"/>
</test>
<test id="s1-s1-t5" name="Validar conteudo" line="35">
<kw name="Teste de Tipos de Conteudo" owner="random-user-service">
<kw name="GET On Session" owner="RequestsLibrary">
<msg time="2024-05-11T22:12:12.432461" level="INFO">GET Request : url=https://randomuser.me/api 
 path_url=/api 
 headers={'User-Agent': 'python-requests/2.31.0', 'Accept-Encoding': 'gzip, deflate', 'Accept': '*/*', 'Connection': 'keep-alive'} 
 body=None 
 </msg>
<msg time="2024-05-11T22:12:12.432545" level="INFO">GET Response : url=https://randomuser.me/api 
 status=200, reason=OK 
 headers={'Date': 'Sat, 11 May 2024 22:12:12 GMT', 'Content-Type': 'application/json; charset=utf-8', 'Transfer-Encoding': 'chunked', 'Connection': 'keep-alive', 'X-Powered-By': 'Express', 'Access-Control-Allow-Origin': '*', 'Cache-Control': 'no-cache', 'ETag': 'W/"480-jYu/ijPj2DzpxEoASrhPsRJcvfc"', 'Vary': 'Accept-Encoding', 'Content-Encoding': 'gzip', 'CF-Cache-Status': 'DYNAMIC', 'Report-To': '{"endpoints":[{"url":"https:\\/\\/a.nel.cloudflare.com\\/report\\/v4?s=9AxKRMugRNNEUFzlPF58Nb%2BkCMmfCzDr58Q90s8xMq7Y6Aj5IJjDwOiUZtjE4keVMJ0BdNcN1i8QMBEDnVMH7dyyv233sORlIZFz4AfvGQPzeOqyHot05Mak8HseHJ1x"}],"group":"cf-nel","max_age":604800}', 'NEL': '{"success_fraction":0,"report_to":"cf-nel","max_age":604800}', 'Server': 'cloudflare', 'CF-RAY': '88258258ea913ad6-IAD', 'alt-svc': 'h3=":443"; ma=86400'} 
 body={"results":[{"gender":"male","name":{"title":"Mr","first":"Frederik","last":"Fjellvang"},"location":{"street":{"number":2446,"name":"Tvetenveien"},"city":"Uthaug","state":"Telemark","country":"Norway","postcode":"2630","coordinates":{"latitude":"45.5575","longitude":"-132.0436"},"timezone":{"offset":"+2:00","description":"Kaliningrad, South Africa"}},"email":"frederik.fjellvang@example.com","login":{"uuid":"4383eec6-ef16-4103-b2eb-8f339f01715c","username":"whitepanda602","password":"browns","salt":"79gAhbpT","md5":"5d01e0a9b2b1d79b97c3475e21dfe07b","sha1":"273bc206e09ed8eb2d2fa5a4993f4dbf94b4c5db","sha256":"d0d05bc60d60f87a841ddf12a170d4f1c04b0050ee10a4deaf2d73744b399d5e"},"dob":{"date":"1998-04-30T10:22:56.165Z","age":26},"registered":{"date":"2006-11-06T23:31:29.502Z","age":17},"phone":"69004137","cell":"93860546","id":{"name":"FN","value":"30049809588"},"picture":{"large":"https://randomuser.me/api/portraits/men/20.jpg","medium":"https://randomuser.me/api/portraits/med/men/20.jpg","thumbnail":"https://randomuser.me/api/portraits/thumb/men/20.jpg"},"nat":"NO"}],"info":{"seed":"5898a0010eed9af8","results":1,"page":1,"version":"1.4"}} 
 </msg>
<msg time="2024-05-11T22:12:12.432614" level="INFO">/opt/hostedtoolcache/Python/3.12.3/x64/lib/python3.12/site-packages/urllib3/connectionpool.py:1103: InsecureRequestWarning: Unverified HTTPS request is being made to host 'randomuser.me'. Adding certificate verification is strongly advised. See: https://urllib3.readthedocs.io/en/latest/advanced-usage.html#tls-warnings
  warnings.warn(</msg>
<msg time="2024-05-11T22:12:12.432734" level="INFO">${response} = &lt;Response [200]&gt;</msg>
<var>${response}</var>
<arg>consultarAPI</arg>
<arg>/api</arg>
<doc>Sends a GET request on a previously created HTTP Session.</doc>
<status status="PASS" start="2024-05-11T22:12:12.306962" elapsed="0.125814"/>
</kw>
<kw name="Set Variable" owner="BuiltIn">
<msg time="2024-05-11T22:12:12.433711" level="INFO">${json_data} = {'results': [{'gender': 'male', 'name': {'title': 'Mr', 'first': 'Frederik', 'last': 'Fjellvang'}, 'location': {'street': {'number': 2446, 'name': 'Tvetenveien'}, 'city': 'Uthaug', 'state': 'Telemark'...</msg>
<var>${json_data}</var>
<arg>${response.json()}</arg>
<doc>Returns the given values which can then be assigned to a variables.</doc>
<status status="PASS" start="2024-05-11T22:12:12.433257" elapsed="0.000482"/>
</kw>
<kw name="Set Variable" owner="BuiltIn">
<msg time="2024-05-11T22:12:12.434430" level="INFO">${name_title} = Mr</msg>
<var>${name_title}</var>
<arg>${json_data["results"][0]["name"]["title"]}</arg>
<doc>Returns the given values which can then be assigned to a variables.</doc>
<status status="PASS" start="2024-05-11T22:12:12.434039" elapsed="0.000416"/>
</kw>
<kw name="Create List" owner="BuiltIn">
<msg time="2024-05-11T22:12:12.434900" level="INFO">${allowed_titles} = ['Mr', 'Ms', 'Miss', 'Mrs', 'Madame', 'Monsieur']</msg>
<var>${allowed_titles}</var>
<arg>Mr</arg>
<arg>Ms</arg>
<arg>Miss</arg>
<arg>Mrs</arg>
<arg>Madame</arg>
<arg>Monsieur</arg>
<doc>Returns a list containing given items.</doc>
<status status="PASS" start="2024-05-11T22:12:12.434754" elapsed="0.000170"/>
</kw>
<kw name="List Should Contain Value" owner="Collections">
<msg time="2024-05-11T22:12:12.435389" level="INFO">False</msg>
<arg>${allowed_titles}</arg>
<arg>${name_title}</arg>
<doc>Fails if the ``value`` is not found from ``list``.</doc>
<status status="PASS" start="2024-05-11T22:12:12.435220" elapsed="0.000205"/>
</kw>
<kw name="Set Variable" owner="BuiltIn">
<msg time="2024-05-11T22:12:12.436088" level="INFO">${name_country} = NO</msg>
<var>${name_country}</var>
<arg>${json_data["results"][0]["nat"]}</arg>
<doc>Returns the given values which can then be assigned to a variables.</doc>
<status status="PASS" start="2024-05-11T22:12:12.435714" elapsed="0.000398"/>
</kw>
<kw name="Create List" owner="BuiltIn">
<msg time="2024-05-11T22:12:12.437034" level="INFO">${list_country} = ['AD', 'AE', 'AF', 'AG', 'AI', 'AL', 'AM', 'AO', 'AQ', 'AR', 'AS', 'AT', 'AU', 'AW', 'AX', 'AZ', 'BA', 'BB', 'BD', 'BE', 'BF', 'BG', 'BH', 'BI', 'BJ', 'BL', 'BM', 'BN', 'BO', 'BQ', 'BR', 'BS', 'BT', '...</msg>
<var>${list_country}</var>
<arg>AD</arg>
<arg>AE</arg>
<arg>AF</arg>
<arg>AG</arg>
<arg>AI</arg>
<arg>AL</arg>
<arg>AM</arg>
<arg>AO</arg>
<arg>AQ</arg>
<arg>AR</arg>
<arg>AS</arg>
<arg>AT</arg>
<arg>AU</arg>
<arg>AW</arg>
<arg>AX</arg>
<arg>AZ</arg>
<arg>BA</arg>
<arg>BB</arg>
<arg>BD</arg>
<arg>BE</arg>
<arg>BF</arg>
<arg>BG</arg>
<arg>BH</arg>
<arg>BI</arg>
<arg>BJ</arg>
<arg>BL</arg>
<arg>BM</arg>
<arg>BN</arg>
<arg>BO</arg>
<arg>BQ</arg>
<arg>BR</arg>
<arg>BS</arg>
<arg>BT</arg>
<arg>BV</arg>
<arg>BW</arg>
<arg>BY</arg>
<arg>BZ</arg>
<arg>CA</arg>
<arg>CC</arg>
<arg>CD</arg>
<arg>CF</arg>
<arg>CG</arg>
<arg>CH</arg>
<arg>CI</arg>
<arg>CK</arg>
<arg>CL</arg>
<arg>CM</arg>
<arg>CN</arg>
<arg>CO</arg>
<arg>CR</arg>
<arg>CU</arg>
<arg>CV</arg>
<arg>CW</arg>
<arg>CX</arg>
<arg>CY</arg>
<arg>CZ</arg>
<arg>DE</arg>
<arg>DJ</arg>
<arg>DK</arg>
<arg>DM</arg>
<arg>DO</arg>
<arg>DZ</arg>
<arg>EC</arg>
<arg>EE</arg>
<arg>EG</arg>
<arg>EH</arg>
<arg>ER</arg>
<arg>ES</arg>
<arg>ET</arg>
<arg>FI</arg>
<arg>FJ</arg>
<arg>FK</arg>
<arg>FM</arg>
<arg>FO</arg>
<arg>FR</arg>
<arg>GA</arg>
<arg>GB</arg>
<arg>GD</arg>
<arg>GE</arg>
<arg>GF</arg>
<arg>GG</arg>
<arg>GH</arg>
<arg>GI</arg>
<arg>GL</arg>
<arg>GM</arg>
<arg>GN</arg>
<arg>GP</arg>
<arg>GQ</arg>
<arg>GR</arg>
<arg>GS</arg>
<arg>GT</arg>
<arg>GU</arg>
<arg>GW</arg>
<arg>GY</arg>
<arg>HK</arg>
<arg>HM</arg>
<arg>HN</arg>
<arg>HR</arg>
<arg>HT</arg>
<arg>HU</arg>
<arg>ID</arg>
<arg>IE</arg>
<arg>IL</arg>
<arg>IM</arg>
<arg>IN</arg>
<arg>IO</arg>
<arg>IQ</arg>
<arg>IR</arg>
<arg>IS</arg>
<arg>IT</arg>
<arg>JE</arg>
<arg>JM</arg>
<arg>JO</arg>
<arg>JP</arg>
<arg>KE</arg>
<arg>KG</arg>
<arg>KH</arg>
<arg>KI</arg>
<arg>KM</arg>
<arg>KN</arg>
<arg>KP</arg>
<arg>KR</arg>
<arg>KW</arg>
<arg>KY</arg>
<arg>KZ</arg>
<arg>LA</arg>
<arg>LB</arg>
<arg>LC</arg>
<arg>LI</arg>
<arg>LK</arg>
<arg>LR</arg>
<arg>LS</arg>
<arg>LT</arg>
<arg>LU</arg>
<arg>LV</arg>
<arg>LY</arg>
<arg>MA</arg>
<arg>MC</arg>
<arg>MD</arg>
<arg>ME</arg>
<arg>MF</arg>
<arg>MG</arg>
<arg>MH</arg>
<arg>MK</arg>
<arg>ML</arg>
<arg>MM</arg>
<arg>MN</arg>
<arg>MO</arg>
<arg>MP</arg>
<arg>MQ</arg>
<arg>MR</arg>
<arg>MS</arg>
<arg>MT</arg>
<arg>MU</arg>
<arg>MV</arg>
<arg>MW</arg>
<arg>MX</arg>
<arg>MY</arg>
<arg>MZ</arg>
<arg>NA</arg>
<arg>NC</arg>
<arg>NE</arg>
<arg>NF</arg>
<arg>NG</arg>
<arg>NI</arg>
<arg>NL</arg>
<arg>NO</arg>
<arg>NP</arg>
<arg>NR</arg>
<arg>NU</arg>
<arg>NZ</arg>
<arg>OM</arg>
<arg>PA</arg>
<arg>PE</arg>
<arg>PF</arg>
<arg>PG</arg>
<arg>PH</arg>
<arg>PK</arg>
<arg>PL</arg>
<arg>PM</arg>
<arg>PN</arg>
<arg>PR</arg>
<arg>PS</arg>
<arg>PT</arg>
<arg>PW</arg>
<arg>PY</arg>
<arg>QA</arg>
<arg>RE</arg>
<arg>RO</arg>
<arg>RS</arg>
<arg>RU</arg>
<arg>RW</arg>
<arg>SA</arg>
<arg>SB</arg>
<arg>SC</arg>
<arg>SD</arg>
<arg>SE</arg>
<arg>SG</arg>
<arg>SH</arg>
<arg>SI</arg>
<arg>SJ</arg>
<arg>SK</arg>
<arg>SL</arg>
<arg>SM</arg>
<arg>SN</arg>
<arg>SO</arg>
<arg>SR</arg>
<arg>SS</arg>
<arg>ST</arg>
<arg>SV</arg>
<arg>SX</arg>
<arg>SY</arg>
<arg>SZ</arg>
<arg>TC</arg>
<arg>TD</arg>
<arg>TF</arg>
<arg>TG</arg>
<arg>TH</arg>
<arg>TJ</arg>
<arg>TK</arg>
<arg>TL</arg>
<arg>TM</arg>
<arg>TN</arg>
<arg>TO</arg>
<arg>TR</arg>
<arg>TT</arg>
<arg>TV</arg>
<arg>TW</arg>
<arg>TZ</arg>
<arg>UA</arg>
<arg>UG</arg>
<arg>UM</arg>
<arg>US</arg>
<arg>UY</arg>
<arg>UZ</arg>
<arg>VA</arg>
<arg>VC</arg>
<arg>VE</arg>
<arg>VG</arg>
<arg>VI</arg>
<arg>VN</arg>
<arg>VU</arg>
<arg>WF</arg>
<arg>WS</arg>
<arg>XK</arg>
<arg>YE</arg>
<arg>YT</arg>
<arg>ZA</arg>
<arg>ZM</arg>
<arg>ZW</arg>
<doc>Returns a list containing given items.</doc>
<status status="PASS" start="2024-05-11T22:12:12.436407" elapsed="0.000655"/>
</kw>
<kw name="List Should Contain Value" owner="Collections">
<msg time="2024-05-11T22:12:12.438063" level="INFO">False</msg>
<arg>${list_country}</arg>
<arg>${name_country}</arg>
<doc>Fails if the ``value`` is not found from ``list``.</doc>
<status status="PASS" start="2024-05-11T22:12:12.437863" elapsed="0.000236"/>
</kw>
<kw name="Run Keyword If" owner="BuiltIn">
<kw name="Should Be True" owner="BuiltIn">
<arg>${True}</arg>
<doc>Fails if the given condition is not true.</doc>
<status status="PASS" start="2024-05-11T22:12:12.439169" elapsed="0.000142"/>
</kw>
<arg>${json_data["results"][0]["location"]["coordinates"]["latitude"]} &gt;= -90 and ${json_data["results"][0]["location"]["coordinates"]["latitude"]} &lt;= 90</arg>
<arg>Should Be True</arg>
<arg>${True}</arg>
<doc>Runs the given keyword with the given arguments, if ``condition`` is true.</doc>
<status status="PASS" start="2024-05-11T22:12:12.438409" elapsed="0.001029"/>
</kw>
<kw name="Run Keyword If" owner="BuiltIn">
<kw name="Should Be True" owner="BuiltIn">
<arg>${True}</arg>
<doc>Fails if the given condition is not true.</doc>
<status status="PASS" start="2024-05-11T22:12:12.440313" elapsed="0.000249"/>
</kw>
<arg>${json_data["results"][0]["location"]["coordinates"]["longitude"]} &gt;= -180 and ${json_data["results"][0]["location"]["coordinates"]["longitude"]} &lt;= 180</arg>
<arg>Should Be True</arg>
<arg>${True}</arg>
<doc>Runs the given keyword with the given arguments, if ``condition`` is true.</doc>
<status status="PASS" start="2024-05-11T22:12:12.439626" elapsed="0.001061"/>
</kw>
<status status="PASS" start="2024-05-11T22:12:12.306741" elapsed="0.134082"/>
</kw>
<doc>Testa o conteúdo específico dos campos retornados pela API.</doc>
<tag>testeConteudo</tag>
<status status="PASS" start="2024-05-11T22:12:12.306324" elapsed="0.134676"/>
</test>
<status status="PASS" start="2024-05-11T22:12:11.468425" elapsed="0.974545"/>
</suite>
<status status="PASS" start="2024-05-11T22:12:11.455028" elapsed="0.993045"/>
</suite>
<statistics>
<total>
<stat pass="5" fail="0" skip="0">All Tests</stat>
</total>
<tag>
<stat pass="1" fail="0" skip="0">testeConteudo</stat>
<stat pass="1" fail="0" skip="0">testeEstruturaResposta</stat>
<stat pass="1" fail="0" skip="0">testeRequisicaoBasica</stat>
<stat pass="1" fail="0" skip="0">testeTiposDados</stat>
</tag>
<suite>
<stat pass="5" fail="0" skip="0" id="s1" name="Tests">Tests</stat>
<stat pass="5" fail="0" skip="0" id="s1-s1" name="Random-User-Test">Tests.Random-User-Test</stat>
</suite>
</statistics>
<errors>
</errors>
</robot>
