<?xml version="1.0" encoding="UTF-8"?>
<robot generator="Robot 7.0 (Python 3.12.3 on linux)" generated="2024-05-06T06:19:27.394680" rpa="false" schemaversion="5">
<suite id="s1" name="Tests" source="/home/runner/work/DesafioQAItauRogerioJordao/DesafioQAItauRogerioJordao/RamdonUser/tests">
<suite id="s1-s1" name="Random-User-Test" source="/home/runner/work/DesafioQAItauRogerioJordao/DesafioQAItauRogerioJordao/RamdonUser/tests/random-user-test.robot">
<test id="s1-s1-t1" name="Conectar" line="13">
<kw name="Conectar API" owner="random-user-service">
<kw name="Create Session" owner="RequestsLibrary">
<msg time="2024-05-06T06:19:27.761114" level="INFO">Creating Session using : alias=consultarAPI, url=https://randomuser.me/, headers={},                     cookies={}, auth=None, timeout=None, proxies=None, verify=False,                     debug=0 </msg>
<arg>consultarAPI</arg>
<arg>${URL}</arg>
<doc>Create Session: create a HTTP session to a server</doc>
<status status="PASS" start="2024-05-06T06:19:27.760905" elapsed="0.000402"/>
</kw>
<status status="PASS" start="2024-05-06T06:19:27.759913" elapsed="0.001795"/>
</kw>
<status status="PASS" start="2024-05-06T06:19:27.759264" elapsed="0.002639"/>
</test>
<test id="s1-s1-t2" name="Validar retorno 200 e JSON Válido" line="16">
<kw name="Teste de Requisicao Basica" owner="random-user-service">
<kw name="GET On Session" owner="RequestsLibrary">
<msg time="2024-05-06T06:19:27.937063" level="INFO">GET Request : url=https://randomuser.me/api 
 path_url=/api 
 headers={'User-Agent': 'python-requests/2.31.0', 'Accept-Encoding': 'gzip, deflate', 'Accept': '*/*', 'Connection': 'keep-alive'} 
 body=None 
 </msg>
<msg time="2024-05-06T06:19:27.937237" level="INFO">GET Response : url=https://randomuser.me/api 
 status=200, reason=OK 
 headers={'Date': 'Mon, 06 May 2024 06:19:27 GMT', 'Content-Type': 'application/json; charset=utf-8', 'Transfer-Encoding': 'chunked', 'Connection': 'keep-alive', 'X-Powered-By': 'Express', 'Access-Control-Allow-Origin': '*', 'Cache-Control': 'no-cache', 'ETag': 'W/"47f-jCarm/B5Q4wmsE38s5qKeIsm1Jk"', 'Vary': 'Accept-Encoding', 'Content-Encoding': 'gzip', 'CF-Cache-Status': 'DYNAMIC', 'Report-To': '{"endpoints":[{"url":"https:\\/\\/a.nel.cloudflare.com\\/report\\/v4?s=ZZepG4zGulJMwqfPuqULtr%2FNtAy6k30Egc%2BcUjXJgGPeZXtsrefFmg2FzecaWM7tWDuZ5v%2FLh2Er91PMBNDFiOfelSzsG5dm5XBF4ylBfywHLr%2Fc87k3mqLPm4f%2Fndq6"}],"group":"cf-nel","max_age":604800}', 'NEL': '{"success_fraction":0,"report_to":"cf-nel","max_age":604800}', 'Server': 'cloudflare', 'CF-RAY': '87f6dbdb68827004-IAD', 'alt-svc': 'h3=":443"; ma=86400'} 
 body={"results":[{"gender":"male","name":{"title":"Mr","first":"Martín","last":"Granados"},"location":{"street":{"number":4511,"name":"Avenida Riojas"},"city":"Samalayuca","state":"Coahuila","country":"Mexico","postcode":96086,"coordinates":{"latitude":"21.5756","longitude":"-132.7586"},"timezone":{"offset":"+4:30","description":"Kabul"}},"email":"martin.granados@example.com","login":{"uuid":"a6a71a3f-f88c-4e4c-8ba0-3122d6c5d1c4","username":"purplebear284","password":"pictere","salt":"9GIY3qYH","md5":"d812abb3256f4e91e5106db50085d67d","sha1":"5cf97e5dd1b9714bf79e26e28dadf86edee2b22b","sha256":"578a49fa7e748f8c35ae638f3c797bdc45c6fbcac5eae9efb1665957537c78eb"},"dob":{"date":"1948-07-14T23:13:56.464Z","age":75},"registered":{"date":"2004-10-13T10:27:47.945Z","age":19},"phone":"(684) 838 1726","cell":"(679) 149 8504","id":{"name":"NSS","value":"32 95 13 5965 9"},"picture":{"large":"https://randomuser.me/api/portraits/men/18.jpg","medium":"https://randomuser.me/api/portraits/med/men/18.jpg","thumbnail":"https://randomuser.me/api/portraits/thumb/men/18.jpg"},"nat":"MX"}],"info":{"seed":"3d00738d03787963","results":1,"page":1,"version":"1.4"}} 
 </msg>
<msg time="2024-05-06T06:19:27.937333" level="INFO">/opt/hostedtoolcache/Python/3.12.3/x64/lib/python3.12/site-packages/urllib3/connectionpool.py:1103: InsecureRequestWarning: Unverified HTTPS request is being made to host 'randomuser.me'. Adding certificate verification is strongly advised. See: https://urllib3.readthedocs.io/en/latest/advanced-usage.html#tls-warnings
  warnings.warn(</msg>
<msg time="2024-05-06T06:19:27.937496" level="INFO">${response} = &lt;Response [200]&gt;</msg>
<var>${response}</var>
<arg>consultarAPI</arg>
<arg>/api</arg>
<doc>Sends a GET request on a previously created HTTP Session.</doc>
<status status="PASS" start="2024-05-06T06:19:27.764592" elapsed="0.172949"/>
</kw>
<kw name="Should Be Equal As Numbers" owner="BuiltIn">
<msg time="2024-05-06T06:19:27.938551" level="INFO">Argument types are:
&lt;class 'int'&gt;
&lt;class 'str'&gt;</msg>
<arg>${response.status_code}</arg>
<arg>200</arg>
<doc>Fails if objects are unequal after converting them to real numbers.</doc>
<status status="PASS" start="2024-05-06T06:19:27.938083" elapsed="0.000538"/>
</kw>
<kw name="Log" owner="BuiltIn">
<msg time="2024-05-06T06:19:27.939330" level="INFO">200</msg>
<arg>${response.status_code}</arg>
<doc>Logs the given message with the given level.</doc>
<status status="PASS" start="2024-05-06T06:19:27.938972" elapsed="0.000403"/>
</kw>
<kw name="Set Variable" owner="BuiltIn">
<msg time="2024-05-06T06:19:27.940131" level="INFO">${json_data} = {'results': [{'gender': 'male', 'name': {'title': 'Mr', 'first': 'Martín', 'last': 'Granados'}, 'location': {'street': {'number': 4511, 'name': 'Avenida Riojas'}, 'city': 'Samalayuca', 'state': 'Coahu...</msg>
<var>${json_data}</var>
<arg>${response.json()}</arg>
<doc>Returns the given values which can then be assigned to a variables.</doc>
<status status="PASS" start="2024-05-06T06:19:27.939684" elapsed="0.000476"/>
</kw>
<kw name="Dictionary Should Contain Key" owner="Collections">
<msg time="2024-05-06T06:19:27.940648" level="INFO">False</msg>
<arg>${json_data}</arg>
<arg>results</arg>
<doc>Fails if ``key`` is not found from ``dictionary``.</doc>
<status status="PASS" start="2024-05-06T06:19:27.940473" elapsed="0.000216"/>
</kw>
<status status="PASS" start="2024-05-06T06:19:27.764339" elapsed="0.176609"/>
</kw>
<doc>Testa se a API responde corretamente e retorna um objeto JSON válido.</doc>
<tag>testeRequisicaoBasica</tag>
<status status="PASS" start="2024-05-06T06:19:27.763816" elapsed="0.177322"/>
</test>
<test id="s1-s1-t3" name="Validar estrutura de resposta" line="22">
<kw name="Teste de Estrutura de Resposta" owner="random-user-service">
<kw name="GET On Session" owner="RequestsLibrary">
<msg time="2024-05-06T06:19:28.042686" level="INFO">GET Request : url=https://randomuser.me/api 
 path_url=/api 
 headers={'User-Agent': 'python-requests/2.31.0', 'Accept-Encoding': 'gzip, deflate', 'Accept': '*/*', 'Connection': 'keep-alive'} 
 body=None 
 </msg>
<msg time="2024-05-06T06:19:28.042781" level="INFO">GET Response : url=https://randomuser.me/api 
 status=200, reason=OK 
 headers={'Date': 'Mon, 06 May 2024 06:19:28 GMT', 'Content-Type': 'application/json; charset=utf-8', 'Transfer-Encoding': 'chunked', 'Connection': 'keep-alive', 'X-Powered-By': 'Express', 'Access-Control-Allow-Origin': '*', 'Cache-Control': 'no-cache', 'ETag': 'W/"4b6-oZFhSU68gpfg81g/1SZC6aJVuJk"', 'Vary': 'Accept-Encoding', 'Content-Encoding': 'gzip', 'CF-Cache-Status': 'DYNAMIC', 'Report-To': '{"endpoints":[{"url":"https:\\/\\/a.nel.cloudflare.com\\/report\\/v4?s=3IUzMzdbEvQHhHa0Xbf4KE%2B9gb5mrn9CqAAxdgwaMRSeIWctfFdc4UhQZUnkT0NmteAF%2FMxcfF8j%2FDbqo13qrS%2FjEes1fm4KnA4g27%2B3lR5z2ASJ2rYXbgu5yMF1uPnE"}],"group":"cf-nel","max_age":604800}', 'NEL': '{"success_fraction":0,"report_to":"cf-nel","max_age":604800}', 'Server': 'cloudflare', 'CF-RAY': '87f6dbdba8a47004-IAD', 'alt-svc': 'h3=":443"; ma=86400'} 
 body={"results":[{"gender":"male","name":{"title":"Mr","first":"محمدعلی","last":"سهيلي راد"},"location":{"street":{"number":8246,"name":"استاد نجات‌اللهی"},"city":"ایلام","state":"آذربایجان غربی","country":"Iran","postcode":90807,"coordinates":{"latitude":"15.0217","longitude":"-98.0287"},"timezone":{"offset":"-8:00","description":"Pacific Time (US &amp; Canada)"}},"email":"mhmdaaly.shylyrd@example.com","login":{"uuid":"c52d120e-1176-4d1f-9017-8bec3d53b036","username":"beautifulladybug572","password":"1955","salt":"dfEy1g7Z","md5":"cdb26666996ba637eecfd66703cafbeb","sha1":"6fb7c99f9e1ab77129cb409af02cc5acecc96224","sha256":"f628702ae3649424802fb52a246f51be8787f438a39572a0588ef8268afd8777"},"dob":{"date":"1986-03-22T19:21:50.825Z","age":38},"registered":{"date":"2020-11-29T15:01:19.534Z","age":3},"phone":"028-32702379","cell":"0954-532-7868","id":{"name":"","value":null},"picture":{"large":"https://randomuser.me/api/portraits/men/81.jpg","medium":"https://randomuser.me/api/portraits/med/men/81.jpg","thumbnail":"https://randomuser.me/api/portraits/thumb/men/81.jpg"},"nat":"IR"}],"info":{"seed":"46a9e3c760f501e6","results":1,"page":1,"version":"1.4"}} 
 </msg>
<msg time="2024-05-06T06:19:28.042914" level="INFO">/opt/hostedtoolcache/Python/3.12.3/x64/lib/python3.12/site-packages/urllib3/connectionpool.py:1103: InsecureRequestWarning: Unverified HTTPS request is being made to host 'randomuser.me'. Adding certificate verification is strongly advised. See: https://urllib3.readthedocs.io/en/latest/advanced-usage.html#tls-warnings
  warnings.warn(</msg>
<msg time="2024-05-06T06:19:28.043054" level="INFO">${response} = &lt;Response [200]&gt;</msg>
<var>${response}</var>
<arg>consultarAPI</arg>
<arg>/api</arg>
<doc>Sends a GET request on a previously created HTTP Session.</doc>
<status status="PASS" start="2024-05-06T06:19:27.943911" elapsed="0.099188"/>
</kw>
<kw name="Set Variable" owner="BuiltIn">
<msg time="2024-05-06T06:19:28.044198" level="INFO">${json_data} = {'results': [{'gender': 'male', 'name': {'title': 'Mr', 'first': 'محمدعلی', 'last': 'سهيلي راد'}, 'location': {'street': {'number': 8246, 'name': 'استاد نجات\u200cاللهی'}, 'city': 'ایلام', 'state': 'آ...</msg>
<var>${json_data}</var>
<arg>${response.json()}</arg>
<doc>Returns the given values which can then be assigned to a variables.</doc>
<status status="PASS" start="2024-05-06T06:19:28.043631" elapsed="0.000600"/>
</kw>
<kw name="Log" owner="BuiltIn">
<msg time="2024-05-06T06:19:28.044752" level="INFO">{'results': [{'gender': 'male', 'name': {'title': 'Mr', 'first': 'محمدعلی', 'last': 'سهيلي راد'}, 'location': {'street': {'number': 8246, 'name': 'استاد نجات\u200cاللهی'}, 'city': 'ایلام', 'state': 'آذربایجان غربی', 'country': 'Iran', 'postcode': 90807, 'coordinates': {'latitude': '15.0217', 'longitude': '-98.0287'}, 'timezone': {'offset': '-8:00', 'description': 'Pacific Time (US &amp; Canada)'}}, 'email': 'mhmdaaly.shylyrd@example.com', 'login': {'uuid': 'c52d120e-1176-4d1f-9017-8bec3d53b036', 'username': 'beautifulladybug572', 'password': '1955', 'salt': 'dfEy1g7Z', 'md5': 'cdb26666996ba637eecfd66703cafbeb', 'sha1': '6fb7c99f9e1ab77129cb409af02cc5acecc96224', 'sha256': 'f628702ae3649424802fb52a246f51be8787f438a39572a0588ef8268afd8777'}, 'dob': {'date': '1986-03-22T19:21:50.825Z', 'age': 38}, 'registered': {'date': '2020-11-29T15:01:19.534Z', 'age': 3}, 'phone': '028-32702379', 'cell': '0954-532-7868', 'id': {'name': '', 'value': None}, 'picture': {'large': 'https://randomuser.me/api/portraits/men/81.jpg', 'medium': 'https://randomuser.me/api/portraits/med/men/81.jpg', 'thumbnail': 'https://randomuser.me/api/portraits/thumb/men/81.jpg'}, 'nat': 'IR'}], 'info': {'seed': '46a9e3c760f501e6', 'results': 1, 'page': 1, 'version': '1.4'}}</msg>
<arg>${json_data}</arg>
<doc>Logs the given message with the given level.</doc>
<status status="PASS" start="2024-05-06T06:19:28.044577" elapsed="0.000230"/>
</kw>
<kw name="Dictionary Should Contain Key" owner="Collections">
<msg time="2024-05-06T06:19:28.045291" level="INFO">False</msg>
<arg>${json_data}</arg>
<arg>results</arg>
<doc>Fails if ``key`` is not found from ``dictionary``.</doc>
<status status="PASS" start="2024-05-06T06:19:28.045121" elapsed="0.000209"/>
</kw>
<kw name="Should Not Be Empty" owner="BuiltIn">
<msg time="2024-05-06T06:19:28.045842" level="INFO">Length is 2.</msg>
<arg>${json_data}</arg>
<doc>Verifies that the given item is not empty.</doc>
<status status="PASS" start="2024-05-06T06:19:28.045697" elapsed="0.000354"/>
</kw>
<kw name="Create List" owner="BuiltIn">
<msg time="2024-05-06T06:19:28.046520" level="INFO">${expected_keys} = ['gender', 'name', 'location', 'email', 'login']</msg>
<var>${expected_keys}</var>
<arg>gender</arg>
<arg>name</arg>
<arg>location</arg>
<arg>email</arg>
<arg>login</arg>
<doc>Returns a list containing given items.</doc>
<status status="PASS" start="2024-05-06T06:19:28.046360" elapsed="0.000185"/>
</kw>
<for flavor="IN">
<iter>
<kw name="Dictionary Should Contain Key" owner="Collections">
<msg time="2024-05-06T06:19:28.047571" level="INFO">False</msg>
<arg>${json_data['results'][0]}</arg>
<arg>${key}</arg>
<doc>Fails if ``key`` is not found from ``dictionary``.</doc>
<status status="PASS" start="2024-05-06T06:19:28.047152" elapsed="0.000457"/>
</kw>
<kw name="Log" owner="BuiltIn">
<msg time="2024-05-06T06:19:28.048296" level="INFO">{'gender': 'male', 'name': {'title': 'Mr', 'first': 'محمدعلی', 'last': 'سهيلي راد'}, 'location': {'street': {'number': 8246, 'name': 'استاد نجات\u200cاللهی'}, 'city': 'ایلام', 'state': 'آذربایجان غربی', 'country': 'Iran', 'postcode': 90807, 'coordinates': {'latitude': '15.0217', 'longitude': '-98.0287'}, 'timezone': {'offset': '-8:00', 'description': 'Pacific Time (US &amp; Canada)'}}, 'email': 'mhmdaaly.shylyrd@example.com', 'login': {'uuid': 'c52d120e-1176-4d1f-9017-8bec3d53b036', 'username': 'beautifulladybug572', 'password': '1955', 'salt': 'dfEy1g7Z', 'md5': 'cdb26666996ba637eecfd66703cafbeb', 'sha1': '6fb7c99f9e1ab77129cb409af02cc5acecc96224', 'sha256': 'f628702ae3649424802fb52a246f51be8787f438a39572a0588ef8268afd8777'}, 'dob': {'date': '1986-03-22T19:21:50.825Z', 'age': 38}, 'registered': {'date': '2020-11-29T15:01:19.534Z', 'age': 3}, 'phone': '028-32702379', 'cell': '0954-532-7868', 'id': {'name': '', 'value': None}, 'picture': {'large': 'https://randomuser.me/api/portraits/men/81.jpg', 'medium': 'https://randomuser.me/api/portraits/med/men/81.jpg', 'thumbnail': 'https://randomuser.me/api/portraits/thumb/men/81.jpg'}, 'nat': 'IR'}</msg>
<arg>${json_data['results'][0]}</arg>
<doc>Logs the given message with the given level.</doc>
<status status="PASS" start="2024-05-06T06:19:28.047925" elapsed="0.000425"/>
</kw>
<kw name="Log" owner="BuiltIn">
<msg time="2024-05-06T06:19:28.048781" level="INFO">gender</msg>
<arg>${key}</arg>
<doc>Logs the given message with the given level.</doc>
<status status="PASS" start="2024-05-06T06:19:28.048652" elapsed="0.000168"/>
</kw>
<var name="${key}">gender</var>
<status status="PASS" start="2024-05-06T06:19:28.047015" elapsed="0.002021"/>
</iter>
<iter>
<kw name="Dictionary Should Contain Key" owner="Collections">
<msg time="2024-05-06T06:19:28.049798" level="INFO">False</msg>
<arg>${json_data['results'][0]}</arg>
<arg>${key}</arg>
<doc>Fails if ``key`` is not found from ``dictionary``.</doc>
<status status="PASS" start="2024-05-06T06:19:28.049339" elapsed="0.000498"/>
</kw>
<kw name="Log" owner="BuiltIn">
<msg time="2024-05-06T06:19:28.050507" level="INFO">{'gender': 'male', 'name': {'title': 'Mr', 'first': 'محمدعلی', 'last': 'سهيلي راد'}, 'location': {'street': {'number': 8246, 'name': 'استاد نجات\u200cاللهی'}, 'city': 'ایلام', 'state': 'آذربایجان غربی', 'country': 'Iran', 'postcode': 90807, 'coordinates': {'latitude': '15.0217', 'longitude': '-98.0287'}, 'timezone': {'offset': '-8:00', 'description': 'Pacific Time (US &amp; Canada)'}}, 'email': 'mhmdaaly.shylyrd@example.com', 'login': {'uuid': 'c52d120e-1176-4d1f-9017-8bec3d53b036', 'username': 'beautifulladybug572', 'password': '1955', 'salt': 'dfEy1g7Z', 'md5': 'cdb26666996ba637eecfd66703cafbeb', 'sha1': '6fb7c99f9e1ab77129cb409af02cc5acecc96224', 'sha256': 'f628702ae3649424802fb52a246f51be8787f438a39572a0588ef8268afd8777'}, 'dob': {'date': '1986-03-22T19:21:50.825Z', 'age': 38}, 'registered': {'date': '2020-11-29T15:01:19.534Z', 'age': 3}, 'phone': '028-32702379', 'cell': '0954-532-7868', 'id': {'name': '', 'value': None}, 'picture': {'large': 'https://randomuser.me/api/portraits/men/81.jpg', 'medium': 'https://randomuser.me/api/portraits/med/men/81.jpg', 'thumbnail': 'https://randomuser.me/api/portraits/thumb/men/81.jpg'}, 'nat': 'IR'}</msg>
<arg>${json_data['results'][0]}</arg>
<doc>Logs the given message with the given level.</doc>
<status status="PASS" start="2024-05-06T06:19:28.050142" elapsed="0.000419"/>
</kw>
<kw name="Log" owner="BuiltIn">
<msg time="2024-05-06T06:19:28.050989" level="INFO">name</msg>
<arg>${key}</arg>
<doc>Logs the given message with the given level.</doc>
<status status="PASS" start="2024-05-06T06:19:28.050861" elapsed="0.000166"/>
</kw>
<var name="${key}">name</var>
<status status="PASS" start="2024-05-06T06:19:28.049223" elapsed="0.002020"/>
</iter>
<iter>
<kw name="Dictionary Should Contain Key" owner="Collections">
<msg time="2024-05-06T06:19:28.051929" level="INFO">False</msg>
<arg>${json_data['results'][0]}</arg>
<arg>${key}</arg>
<doc>Fails if ``key`` is not found from ``dictionary``.</doc>
<status status="PASS" start="2024-05-06T06:19:28.051535" elapsed="0.000433"/>
</kw>
<kw name="Log" owner="BuiltIn">
<msg time="2024-05-06T06:19:28.052650" level="INFO">{'gender': 'male', 'name': {'title': 'Mr', 'first': 'محمدعلی', 'last': 'سهيلي راد'}, 'location': {'street': {'number': 8246, 'name': 'استاد نجات\u200cاللهی'}, 'city': 'ایلام', 'state': 'آذربایجان غربی', 'country': 'Iran', 'postcode': 90807, 'coordinates': {'latitude': '15.0217', 'longitude': '-98.0287'}, 'timezone': {'offset': '-8:00', 'description': 'Pacific Time (US &amp; Canada)'}}, 'email': 'mhmdaaly.shylyrd@example.com', 'login': {'uuid': 'c52d120e-1176-4d1f-9017-8bec3d53b036', 'username': 'beautifulladybug572', 'password': '1955', 'salt': 'dfEy1g7Z', 'md5': 'cdb26666996ba637eecfd66703cafbeb', 'sha1': '6fb7c99f9e1ab77129cb409af02cc5acecc96224', 'sha256': 'f628702ae3649424802fb52a246f51be8787f438a39572a0588ef8268afd8777'}, 'dob': {'date': '1986-03-22T19:21:50.825Z', 'age': 38}, 'registered': {'date': '2020-11-29T15:01:19.534Z', 'age': 3}, 'phone': '028-32702379', 'cell': '0954-532-7868', 'id': {'name': '', 'value': None}, 'picture': {'large': 'https://randomuser.me/api/portraits/men/81.jpg', 'medium': 'https://randomuser.me/api/portraits/med/men/81.jpg', 'thumbnail': 'https://randomuser.me/api/portraits/thumb/men/81.jpg'}, 'nat': 'IR'}</msg>
<arg>${json_data['results'][0]}</arg>
<doc>Logs the given message with the given level.</doc>
<status status="PASS" start="2024-05-06T06:19:28.052276" elapsed="0.000438"/>
</kw>
<kw name="Log" owner="BuiltIn">
<msg time="2024-05-06T06:19:28.053149" level="INFO">location</msg>
<arg>${key}</arg>
<doc>Logs the given message with the given level.</doc>
<status status="PASS" start="2024-05-06T06:19:28.053023" elapsed="0.000164"/>
</kw>
<var name="${key}">location</var>
<status status="PASS" start="2024-05-06T06:19:28.051422" elapsed="0.001991"/>
</iter>
<iter>
<kw name="Dictionary Should Contain Key" owner="Collections">
<msg time="2024-05-06T06:19:28.054138" level="INFO">False</msg>
<arg>${json_data['results'][0]}</arg>
<arg>${key}</arg>
<doc>Fails if ``key`` is not found from ``dictionary``.</doc>
<status status="PASS" start="2024-05-06T06:19:28.053739" elapsed="0.000437"/>
</kw>
<kw name="Log" owner="BuiltIn">
<msg time="2024-05-06T06:19:28.054884" level="INFO">{'gender': 'male', 'name': {'title': 'Mr', 'first': 'محمدعلی', 'last': 'سهيلي راد'}, 'location': {'street': {'number': 8246, 'name': 'استاد نجات\u200cاللهی'}, 'city': 'ایلام', 'state': 'آذربایجان غربی', 'country': 'Iran', 'postcode': 90807, 'coordinates': {'latitude': '15.0217', 'longitude': '-98.0287'}, 'timezone': {'offset': '-8:00', 'description': 'Pacific Time (US &amp; Canada)'}}, 'email': 'mhmdaaly.shylyrd@example.com', 'login': {'uuid': 'c52d120e-1176-4d1f-9017-8bec3d53b036', 'username': 'beautifulladybug572', 'password': '1955', 'salt': 'dfEy1g7Z', 'md5': 'cdb26666996ba637eecfd66703cafbeb', 'sha1': '6fb7c99f9e1ab77129cb409af02cc5acecc96224', 'sha256': 'f628702ae3649424802fb52a246f51be8787f438a39572a0588ef8268afd8777'}, 'dob': {'date': '1986-03-22T19:21:50.825Z', 'age': 38}, 'registered': {'date': '2020-11-29T15:01:19.534Z', 'age': 3}, 'phone': '028-32702379', 'cell': '0954-532-7868', 'id': {'name': '', 'value': None}, 'picture': {'large': 'https://randomuser.me/api/portraits/men/81.jpg', 'medium': 'https://randomuser.me/api/portraits/med/men/81.jpg', 'thumbnail': 'https://randomuser.me/api/portraits/thumb/men/81.jpg'}, 'nat': 'IR'}</msg>
<arg>${json_data['results'][0]}</arg>
<doc>Logs the given message with the given level.</doc>
<status status="PASS" start="2024-05-06T06:19:28.054479" elapsed="0.000461"/>
</kw>
<kw name="Log" owner="BuiltIn">
<msg time="2024-05-06T06:19:28.055391" level="INFO">email</msg>
<arg>${key}</arg>
<doc>Logs the given message with the given level.</doc>
<status status="PASS" start="2024-05-06T06:19:28.055261" elapsed="0.000168"/>
</kw>
<var name="${key}">email</var>
<status status="PASS" start="2024-05-06T06:19:28.053611" elapsed="0.002035"/>
</iter>
<iter>
<kw name="Dictionary Should Contain Key" owner="Collections">
<msg time="2024-05-06T06:19:28.056322" level="INFO">False</msg>
<arg>${json_data['results'][0]}</arg>
<arg>${key}</arg>
<doc>Fails if ``key`` is not found from ``dictionary``.</doc>
<status status="PASS" start="2024-05-06T06:19:28.055930" elapsed="0.000430"/>
</kw>
<kw name="Log" owner="BuiltIn">
<msg time="2024-05-06T06:19:28.057080" level="INFO">{'gender': 'male', 'name': {'title': 'Mr', 'first': 'محمدعلی', 'last': 'سهيلي راد'}, 'location': {'street': {'number': 8246, 'name': 'استاد نجات\u200cاللهی'}, 'city': 'ایلام', 'state': 'آذربایجان غربی', 'country': 'Iran', 'postcode': 90807, 'coordinates': {'latitude': '15.0217', 'longitude': '-98.0287'}, 'timezone': {'offset': '-8:00', 'description': 'Pacific Time (US &amp; Canada)'}}, 'email': 'mhmdaaly.shylyrd@example.com', 'login': {'uuid': 'c52d120e-1176-4d1f-9017-8bec3d53b036', 'username': 'beautifulladybug572', 'password': '1955', 'salt': 'dfEy1g7Z', 'md5': 'cdb26666996ba637eecfd66703cafbeb', 'sha1': '6fb7c99f9e1ab77129cb409af02cc5acecc96224', 'sha256': 'f628702ae3649424802fb52a246f51be8787f438a39572a0588ef8268afd8777'}, 'dob': {'date': '1986-03-22T19:21:50.825Z', 'age': 38}, 'registered': {'date': '2020-11-29T15:01:19.534Z', 'age': 3}, 'phone': '028-32702379', 'cell': '0954-532-7868', 'id': {'name': '', 'value': None}, 'picture': {'large': 'https://randomuser.me/api/portraits/men/81.jpg', 'medium': 'https://randomuser.me/api/portraits/med/men/81.jpg', 'thumbnail': 'https://randomuser.me/api/portraits/thumb/men/81.jpg'}, 'nat': 'IR'}</msg>
<arg>${json_data['results'][0]}</arg>
<doc>Logs the given message with the given level.</doc>
<status status="PASS" start="2024-05-06T06:19:28.056674" elapsed="0.000460"/>
</kw>
<kw name="Log" owner="BuiltIn">
<msg time="2024-05-06T06:19:28.057623" level="INFO">login</msg>
<arg>${key}</arg>
<doc>Logs the given message with the given level.</doc>
<status status="PASS" start="2024-05-06T06:19:28.057462" elapsed="0.000220"/>
</kw>
<var name="${key}">login</var>
<status status="PASS" start="2024-05-06T06:19:28.055819" elapsed="0.002100"/>
</iter>
<var>${key}</var>
<value>@{expected_keys}</value>
<status status="PASS" start="2024-05-06T06:19:28.046813" elapsed="0.011230"/>
</for>
<kw name="Create List" owner="BuiltIn">
<msg time="2024-05-06T06:19:28.058383" level="INFO">${expected_keysTwo} = ['username', 'password']</msg>
<var>${expected_keysTwo}</var>
<arg>username</arg>
<arg>password</arg>
<doc>Returns a list containing given items.</doc>
<status status="PASS" start="2024-05-06T06:19:28.058243" elapsed="0.000164"/>
</kw>
<for flavor="IN">
<iter>
<kw name="Dictionary Should Contain Key" owner="Collections">
<msg time="2024-05-06T06:19:28.059304" level="INFO">False</msg>
<arg>${json_data['results'][0]['login']}</arg>
<arg>${keyTwo}</arg>
<doc>Fails if ``key`` is not found from ``dictionary``.</doc>
<status status="PASS" start="2024-05-06T06:19:28.058914" elapsed="0.000429"/>
</kw>
<kw name="Dictionary Should Contain Key" owner="Collections">
<msg time="2024-05-06T06:19:28.060023" level="INFO">False</msg>
<arg>${json_data['results'][0]['login']}</arg>
<arg>${keyTwo}</arg>
<doc>Fails if ``key`` is not found from ``dictionary``.</doc>
<status status="PASS" start="2024-05-06T06:19:28.059642" elapsed="0.000418"/>
</kw>
<kw name="Log" owner="BuiltIn">
<msg time="2024-05-06T06:19:28.060510" level="INFO">username</msg>
<arg>${keyTwo}</arg>
<doc>Logs the given message with the given level.</doc>
<status status="PASS" start="2024-05-06T06:19:28.060380" elapsed="0.000174"/>
</kw>
<var name="${keyTwo}">username</var>
<status status="PASS" start="2024-05-06T06:19:28.058804" elapsed="0.001972"/>
</iter>
<iter>
<kw name="Dictionary Should Contain Key" owner="Collections">
<msg time="2024-05-06T06:19:28.061551" level="INFO">False</msg>
<arg>${json_data['results'][0]['login']}</arg>
<arg>${keyTwo}</arg>
<doc>Fails if ``key`` is not found from ``dictionary``.</doc>
<status status="PASS" start="2024-05-06T06:19:28.061058" elapsed="0.000568"/>
</kw>
<kw name="Dictionary Should Contain Key" owner="Collections">
<msg time="2024-05-06T06:19:28.062328" level="INFO">False</msg>
<arg>${json_data['results'][0]['login']}</arg>
<arg>${keyTwo}</arg>
<doc>Fails if ``key`` is not found from ``dictionary``.</doc>
<status status="PASS" start="2024-05-06T06:19:28.061942" elapsed="0.000424"/>
</kw>
<kw name="Log" owner="BuiltIn">
<msg time="2024-05-06T06:19:28.062794" level="INFO">password</msg>
<arg>${keyTwo}</arg>
<doc>Logs the given message with the given level.</doc>
<status status="PASS" start="2024-05-06T06:19:28.062665" elapsed="0.000167"/>
</kw>
<var name="${keyTwo}">password</var>
<status status="PASS" start="2024-05-06T06:19:28.060947" elapsed="0.002100"/>
</iter>
<var>${keyTwo}</var>
<value>@{expected_keysTwo}</value>
<status status="PASS" start="2024-05-06T06:19:28.058648" elapsed="0.004520"/>
</for>
<status status="PASS" start="2024-05-06T06:19:27.943671" elapsed="0.119638"/>
</kw>
<doc>Testa a estrutura da resposta da API.</doc>
<tag>testeEstruturaResposta</tag>
<status status="PASS" start="2024-05-06T06:19:27.943070" elapsed="0.120396"/>
</test>
<test id="s1-s1-t4" name="Validar tipos de dados" line="28">
<kw name="Teste de Tipos de Dados" owner="random-user-service">
<kw name="GET On Session" owner="RequestsLibrary">
<msg time="2024-05-06T06:19:28.142361" level="INFO">GET Request : url=https://randomuser.me/api 
 path_url=/api 
 headers={'User-Agent': 'python-requests/2.31.0', 'Accept-Encoding': 'gzip, deflate', 'Accept': '*/*', 'Connection': 'keep-alive'} 
 body=None 
 </msg>
<msg time="2024-05-06T06:19:28.142477" level="INFO">GET Response : url=https://randomuser.me/api 
 status=200, reason=OK 
 headers={'Date': 'Mon, 06 May 2024 06:19:28 GMT', 'Content-Type': 'application/json; charset=utf-8', 'Transfer-Encoding': 'chunked', 'Connection': 'keep-alive', 'X-Powered-By': 'Express', 'Access-Control-Allow-Origin': '*', 'Cache-Control': 'no-cache', 'ETag': 'W/"4a1-XNPG9Rb20UypKdIUQ8c1a5LOlmc"', 'Vary': 'Accept-Encoding', 'Content-Encoding': 'gzip', 'CF-Cache-Status': 'DYNAMIC', 'Report-To': '{"endpoints":[{"url":"https:\\/\\/a.nel.cloudflare.com\\/report\\/v4?s=CatXMR1EzPsVE%2BgG4jaXen9W8ObE7fSk2f9ekUtf9wgGdy4bieLVxzeHGwPLyPi6CCY0l01b1E6kQsSfgVgTQcObCSYHugtOkPz0Mmk6AQY3%2BJRmByghhCfVhtutswIH"}],"group":"cf-nel","max_age":604800}', 'NEL': '{"success_fraction":0,"report_to":"cf-nel","max_age":604800}', 'Server': 'cloudflare', 'CF-RAY': '87f6dbdc69217004-IAD', 'alt-svc': 'h3=":443"; ma=86400'} 
 body={"results":[{"gender":"female","name":{"title":"Mrs","first":"Kornelia","last":"Matz"},"location":{"street":{"number":9913,"name":"Parkstraße"},"city":"Wörth am Main","state":"Saarland","country":"Germany","postcode":96432,"coordinates":{"latitude":"-50.0816","longitude":"38.4921"},"timezone":{"offset":"+4:00","description":"Abu Dhabi, Muscat, Baku, Tbilisi"}},"email":"kornelia.matz@example.com","login":{"uuid":"8979fbfb-f553-4f56-867f-1fe2da142376","username":"whitebutterfly959","password":"infinity","salt":"wwm0txYy","md5":"7ab998b0eb802ee2270ce36b4ec8e12b","sha1":"07dd1b59b0597961453b4dab95ebffe9c58cad8f","sha256":"0253ade1f15c9e4cb8ec88eee6e1775fe0c2cf2eedb4e688094a511b89985bee"},"dob":{"date":"1995-03-30T00:21:20.941Z","age":29},"registered":{"date":"2005-02-27T00:01:27.427Z","age":19},"phone":"0602-1144890","cell":"0174-8258242","id":{"name":"SVNR","value":"59 290395 M 662"},"picture":{"large":"https://randomuser.me/api/portraits/women/83.jpg","medium":"https://randomuser.me/api/portraits/med/women/83.jpg","thumbnail":"https://randomuser.me/api/portraits/thumb/women/83.jpg"},"nat":"DE"}],"info":{"seed":"e08b7d1bfc337103","results":1,"page":1,"version":"1.4"}} 
 </msg>
<msg time="2024-05-06T06:19:28.142567" level="INFO">/opt/hostedtoolcache/Python/3.12.3/x64/lib/python3.12/site-packages/urllib3/connectionpool.py:1103: InsecureRequestWarning: Unverified HTTPS request is being made to host 'randomuser.me'. Adding certificate verification is strongly advised. See: https://urllib3.readthedocs.io/en/latest/advanced-usage.html#tls-warnings
  warnings.warn(</msg>
<msg time="2024-05-06T06:19:28.142705" level="INFO">${response} = &lt;Response [200]&gt;</msg>
<var>${response}</var>
<arg>consultarAPI</arg>
<arg>/api</arg>
<doc>Sends a GET request on a previously created HTTP Session.</doc>
<status status="PASS" start="2024-05-06T06:19:28.065989" elapsed="0.076757"/>
</kw>
<kw name="Set Variable" owner="BuiltIn">
<msg time="2024-05-06T06:19:28.143776" level="INFO">${json_data} = {'results': [{'gender': 'female', 'name': {'title': 'Mrs', 'first': 'Kornelia', 'last': 'Matz'}, 'location': {'street': {'number': 9913, 'name': 'Parkstraße'}, 'city': 'Wörth am Main', 'state': 'Saarl...</msg>
<var>${json_data}</var>
<arg>${response.json()}</arg>
<doc>Returns the given values which can then be assigned to a variables.</doc>
<status status="PASS" start="2024-05-06T06:19:28.143256" elapsed="0.000549"/>
</kw>
<kw name="Log" owner="BuiltIn">
<msg time="2024-05-06T06:19:28.144286" level="INFO">{'results': [{'gender': 'female', 'name': {'title': 'Mrs', 'first': 'Kornelia', 'last': 'Matz'}, 'location': {'street': {'number': 9913, 'name': 'Parkstraße'}, 'city': 'Wörth am Main', 'state': 'Saarland', 'country': 'Germany', 'postcode': 96432, 'coordinates': {'latitude': '-50.0816', 'longitude': '38.4921'}, 'timezone': {'offset': '+4:00', 'description': 'Abu Dhabi, Muscat, Baku, Tbilisi'}}, 'email': 'kornelia.matz@example.com', 'login': {'uuid': '8979fbfb-f553-4f56-867f-1fe2da142376', 'username': 'whitebutterfly959', 'password': 'infinity', 'salt': 'wwm0txYy', 'md5': '7ab998b0eb802ee2270ce36b4ec8e12b', 'sha1': '07dd1b59b0597961453b4dab95ebffe9c58cad8f', 'sha256': '0253ade1f15c9e4cb8ec88eee6e1775fe0c2cf2eedb4e688094a511b89985bee'}, 'dob': {'date': '1995-03-30T00:21:20.941Z', 'age': 29}, 'registered': {'date': '2005-02-27T00:01:27.427Z', 'age': 19}, 'phone': '0602-1144890', 'cell': '0174-8258242', 'id': {'name': 'SVNR', 'value': '59 290395 M 662'}, 'picture': {'large': 'https://randomuser.me/api/portraits/women/83.jpg', 'medium': 'https://randomuser.me/api/portraits/med/women/83.jpg', 'thumbnail': 'https://randomuser.me/api/portraits/thumb/women/83.jpg'}, 'nat': 'DE'}], 'info': {'seed': 'e08b7d1bfc337103', 'results': 1, 'page': 1, 'version': '1.4'}}</msg>
<arg>${json_data}</arg>
<doc>Logs the given message with the given level.</doc>
<status status="PASS" start="2024-05-06T06:19:28.144128" elapsed="0.000246"/>
</kw>
<kw name="Should Be String" owner="String">
<arg>${json_data['results'][0]['gender']}</arg>
<doc>Fails if the given ``item`` is not a string.</doc>
<status status="PASS" start="2024-05-06T06:19:28.144689" elapsed="0.000369"/>
</kw>
<kw name="Should Match Regexp" owner="BuiltIn">
<arg>${json_data['results'][0]['email']}</arg>
<arg>^[a-zA-Z0-9._%+-]+@[a-zA-Z0-9.-]+\.[a-zA-Z]{2,}$</arg>
<doc>Fails if ``string`` does not match ``pattern`` as a regular expression.</doc>
<status status="PASS" start="2024-05-06T06:19:28.145251" elapsed="0.000565"/>
</kw>
<kw name="Should Match Regexp" owner="BuiltIn">
<arg>${json_data['results'][0]['dob']['date']}</arg>
<arg>\\d{4}-\\d{2}-\\d{2}T\\d{2}:\\d{2}:\\d{2}\\.\\d{3}Z</arg>
<doc>Fails if ``string`` does not match ``pattern`` as a regular expression.</doc>
<status status="PASS" start="2024-05-06T06:19:28.146015" elapsed="0.000490"/>
</kw>
<kw name="Should Match Regexp" owner="BuiltIn">
<arg>${json_data['results'][0]['registered']['date']}</arg>
<arg>\\d{4}-\\d{2}-\\d{2}T\\d{2}:\\d{2}:\\d{2}\\.\\d{3}Z</arg>
<doc>Fails if ``string`` does not match ``pattern`` as a regular expression.</doc>
<status status="PASS" start="2024-05-06T06:19:28.146697" elapsed="0.000376"/>
</kw>
<kw name="Should Match Regexp" owner="BuiltIn">
<arg>${json_data['results'][0]['picture']['large']}</arg>
<arg>^https?://.*\.(?:png|jpe?g|gif|bmp)$</arg>
<doc>Fails if ``string`` does not match ``pattern`` as a regular expression.</doc>
<status status="PASS" start="2024-05-06T06:19:28.147265" elapsed="0.000459"/>
</kw>
<kw name="Should Match Regexp" owner="BuiltIn">
<arg>${json_data['results'][0]['picture']['medium']}</arg>
<arg>^https?://.*\.(?:png|jpe?g|gif|bmp)$</arg>
<doc>Fails if ``string`` does not match ``pattern`` as a regular expression.</doc>
<status status="PASS" start="2024-05-06T06:19:28.147913" elapsed="0.000357"/>
</kw>
<kw name="Should Match Regexp" owner="BuiltIn">
<arg>${json_data['results'][0]['picture']['thumbnail']}</arg>
<arg>^https?://.*\.(?:png|jpe?g|gif|bmp)$</arg>
<doc>Fails if ``string`` does not match ``pattern`` as a regular expression.</doc>
<status status="PASS" start="2024-05-06T06:19:28.148460" elapsed="0.000357"/>
</kw>
<kw name="Log" owner="BuiltIn">
<msg time="2024-05-06T06:19:28.149324" level="INFO">{'large': 'https://randomuser.me/api/portraits/women/83.jpg', 'medium': 'https://randomuser.me/api/portraits/med/women/83.jpg', 'thumbnail': 'https://randomuser.me/api/portraits/thumb/women/83.jpg'}</msg>
<arg>${json_data['results'][0]['picture']}</arg>
<doc>Logs the given message with the given level.</doc>
<status status="PASS" start="2024-05-06T06:19:28.149001" elapsed="0.000365"/>
</kw>
<status status="PASS" start="2024-05-06T06:19:28.065750" elapsed="0.083900"/>
</kw>
<kw name="Teste de Tipos de Dados - Postcode" owner="random-user-service">
<kw name="GET On Session" owner="RequestsLibrary">
<msg time="2024-05-06T06:19:28.238316" level="INFO">GET Request : url=https://randomuser.me/api 
 path_url=/api 
 headers={'User-Agent': 'python-requests/2.31.0', 'Accept-Encoding': 'gzip, deflate', 'Accept': '*/*', 'Connection': 'keep-alive'} 
 body=None 
 </msg>
<msg time="2024-05-06T06:19:28.238408" level="INFO">GET Response : url=https://randomuser.me/api 
 status=200, reason=OK 
 headers={'Date': 'Mon, 06 May 2024 06:19:28 GMT', 'Content-Type': 'application/json; charset=utf-8', 'Transfer-Encoding': 'chunked', 'Connection': 'keep-alive', 'X-Powered-By': 'Express', 'Access-Control-Allow-Origin': '*', 'Cache-Control': 'no-cache', 'ETag': 'W/"49d-x8KYeIySKkWP0HveiaEE1IfJvuw"', 'Vary': 'Accept-Encoding', 'Content-Encoding': 'gzip', 'CF-Cache-Status': 'DYNAMIC', 'Report-To': '{"endpoints":[{"url":"https:\\/\\/a.nel.cloudflare.com\\/report\\/v4?s=fGtzyuGKr70hTkW7Y%2FMpzoETOSKXGaw6NrTb1JPTPW3ae%2FCqK6A%2FNl%2BB4zUbAfO6VNQvnHJofM4EOV5iIFUcwWDNhkYyP2OE8fpFna64SLzUv61v4jXYPA3Ok46c2N0%2F"}],"group":"cf-nel","max_age":604800}', 'NEL': '{"success_fraction":0,"report_to":"cf-nel","max_age":604800}', 'Server': 'cloudflare', 'CF-RAY': '87f6dbdcf96c7004-IAD', 'alt-svc': 'h3=":443"; ma=86400'} 
 body={"results":[{"gender":"female","name":{"title":"Ms","first":"Magela","last":"Porto"},"location":{"street":{"number":7542,"name":"Rua Vinte E Quatro de Outubro"},"city":"Macapá","state":"Amazonas","country":"Brazil","postcode":72313,"coordinates":{"latitude":"-74.3216","longitude":"166.4090"},"timezone":{"offset":"-11:00","description":"Midway Island, Samoa"}},"email":"magela.porto@example.com","login":{"uuid":"9cd0cf82-beef-4b53-a6b1-016e4c7fe1a3","username":"beautifulbear177","password":"pretzel","salt":"667StlOy","md5":"662deffd3899f49fa31496c263dde5b7","sha1":"1b209b69567ec588ca565420b8e508cdd56deaa6","sha256":"e6a84e8cec1c2c1a435a0dfd67f53c9f1d786f0796edd1912080efaee9596754"},"dob":{"date":"1968-07-18T20:57:38.659Z","age":55},"registered":{"date":"2020-10-15T23:29:48.236Z","age":3},"phone":"(74) 9916-1920","cell":"(19) 8476-8318","id":{"name":"CPF","value":"422.388.102-28"},"picture":{"large":"https://randomuser.me/api/portraits/women/25.jpg","medium":"https://randomuser.me/api/portraits/med/women/25.jpg","thumbnail":"https://randomuser.me/api/portraits/thumb/women/25.jpg"},"nat":"BR"}],"info":{"seed":"09f7a91eb45462d5","results":1,"page":1,"version":"1.4"}} 
 </msg>
<msg time="2024-05-06T06:19:28.238483" level="INFO">/opt/hostedtoolcache/Python/3.12.3/x64/lib/python3.12/site-packages/urllib3/connectionpool.py:1103: InsecureRequestWarning: Unverified HTTPS request is being made to host 'randomuser.me'. Adding certificate verification is strongly advised. See: https://urllib3.readthedocs.io/en/latest/advanced-usage.html#tls-warnings
  warnings.warn(</msg>
<msg time="2024-05-06T06:19:28.238619" level="INFO">${response} = &lt;Response [200]&gt;</msg>
<var>${response}</var>
<arg>consultarAPI</arg>
<arg>/api</arg>
<doc>Sends a GET request on a previously created HTTP Session.</doc>
<status status="PASS" start="2024-05-06T06:19:28.150145" elapsed="0.088522"/>
</kw>
<kw name="Set Variable" owner="BuiltIn">
<msg time="2024-05-06T06:19:28.239786" level="INFO">${json_data} = {'results': [{'gender': 'female', 'name': {'title': 'Ms', 'first': 'Magela', 'last': 'Porto'}, 'location': {'street': {'number': 7542, 'name': 'Rua Vinte E Quatro de Outubro'}, 'city': 'Macapá', 'stat...</msg>
<var>${json_data}</var>
<arg>${response.json()}</arg>
<doc>Returns the given values which can then be assigned to a variables.</doc>
<status status="PASS" start="2024-05-06T06:19:28.239215" elapsed="0.000600"/>
</kw>
<kw name="Log" owner="BuiltIn">
<msg time="2024-05-06T06:19:28.240291" level="INFO">{'results': [{'gender': 'female', 'name': {'title': 'Ms', 'first': 'Magela', 'last': 'Porto'}, 'location': {'street': {'number': 7542, 'name': 'Rua Vinte E Quatro de Outubro'}, 'city': 'Macapá', 'state': 'Amazonas', 'country': 'Brazil', 'postcode': 72313, 'coordinates': {'latitude': '-74.3216', 'longitude': '166.4090'}, 'timezone': {'offset': '-11:00', 'description': 'Midway Island, Samoa'}}, 'email': 'magela.porto@example.com', 'login': {'uuid': '9cd0cf82-beef-4b53-a6b1-016e4c7fe1a3', 'username': 'beautifulbear177', 'password': 'pretzel', 'salt': '667StlOy', 'md5': '662deffd3899f49fa31496c263dde5b7', 'sha1': '1b209b69567ec588ca565420b8e508cdd56deaa6', 'sha256': 'e6a84e8cec1c2c1a435a0dfd67f53c9f1d786f0796edd1912080efaee9596754'}, 'dob': {'date': '1968-07-18T20:57:38.659Z', 'age': 55}, 'registered': {'date': '2020-10-15T23:29:48.236Z', 'age': 3}, 'phone': '(74) 9916-1920', 'cell': '(19) 8476-8318', 'id': {'name': 'CPF', 'value': '422.388.102-28'}, 'picture': {'large': 'https://randomuser.me/api/portraits/women/25.jpg', 'medium': 'https://randomuser.me/api/portraits/med/women/25.jpg', 'thumbnail': 'https://randomuser.me/api/portraits/thumb/women/25.jpg'}, 'nat': 'BR'}], 'info': {'seed': '09f7a91eb45462d5', 'results': 1, 'page': 1, 'version': '1.4'}}</msg>
<arg>${json_data}</arg>
<doc>Logs the given message with the given level.</doc>
<status status="PASS" start="2024-05-06T06:19:28.240132" elapsed="0.000242"/>
</kw>
<kw name="Should Be Equal As Numbers" owner="BuiltIn">
<arg>${json_data['results'][0]['location']['postcode']}</arg>
<arg>${json_data['results'][0]['location']['postcode']}</arg>
<doc>Fails if objects are unequal after converting them to real numbers.</doc>
<status status="PASS" start="2024-05-06T06:19:28.240853" elapsed="0.000639"/>
</kw>
<kw name="Log" owner="BuiltIn">
<msg time="2024-05-06T06:19:28.242091" level="INFO">72313</msg>
<arg>${json_data['results'][0]['location']['postcode']}</arg>
<doc>Logs the given message with the given level.</doc>
<status status="PASS" start="2024-05-06T06:19:28.241732" elapsed="0.000401"/>
</kw>
<status status="PASS" start="2024-05-06T06:19:28.149901" elapsed="0.092491"/>
</kw>
<doc>Testa se os tipos de dados na resposta da API estão corretos.</doc>
<tag>testeTiposDados</tag>
<status status="PASS" start="2024-05-06T06:19:28.065247" elapsed="0.177315"/>
</test>
<test id="s1-s1-t5" name="Validar conteudo" line="35">
<kw name="Teste de Tipos de Conteudo" owner="random-user-service">
<kw name="GET On Session" owner="RequestsLibrary">
<msg time="2024-05-06T06:19:28.336453" level="INFO">GET Request : url=https://randomuser.me/api 
 path_url=/api 
 headers={'User-Agent': 'python-requests/2.31.0', 'Accept-Encoding': 'gzip, deflate', 'Accept': '*/*', 'Connection': 'keep-alive'} 
 body=None 
 </msg>
<msg time="2024-05-06T06:19:28.336537" level="INFO">GET Response : url=https://randomuser.me/api 
 status=200, reason=OK 
 headers={'Date': 'Mon, 06 May 2024 06:19:28 GMT', 'Content-Type': 'application/json; charset=utf-8', 'Transfer-Encoding': 'chunked', 'Connection': 'keep-alive', 'X-Powered-By': 'Express', 'Access-Control-Allow-Origin': '*', 'Cache-Control': 'no-cache', 'ETag': 'W/"47e-N0tzlrIKenO0dpXUVJswWSrnxNI"', 'Vary': 'Accept-Encoding', 'Content-Encoding': 'gzip', 'CF-Cache-Status': 'DYNAMIC', 'Report-To': '{"endpoints":[{"url":"https:\\/\\/a.nel.cloudflare.com\\/report\\/v4?s=FutZufP6coPSVUBx38TqN3a2iKqVtouWQy6CHC2QujX%2FN0Z21BI2IQkYY0TfLIN%2Byi8KHIBBTa9Y0JMtnOeZvs7pat8A66OxE%2B0xnikG0Xvk3PJBYOLK3nfIGshvediQ"}],"group":"cf-nel","max_age":604800}', 'NEL': '{"success_fraction":0,"report_to":"cf-nel","max_age":604800}', 'Server': 'cloudflare', 'CF-RAY': '87f6dbdd89de7004-IAD', 'alt-svc': 'h3=":443"; ma=86400'} 
 body={"results":[{"gender":"female","name":{"title":"Miss","first":"Aaradhya","last":"Bhoja"},"location":{"street":{"number":7364,"name":"Bhavani Peth"},"city":"Jamalpur","state":"Andhra Pradesh","country":"India","postcode":37541,"coordinates":{"latitude":"7.3102","longitude":"64.5329"},"timezone":{"offset":"-2:00","description":"Mid-Atlantic"}},"email":"aaradhya.bhoja@example.com","login":{"uuid":"0226b160-466e-4c73-aac0-f12caf75fb27","username":"angrywolf201","password":"riley","salt":"Ax5UEoPP","md5":"0e6005e885a4a622d1c0e1fe17146e5b","sha1":"582c1c939aab9333d64d0d33a39d9cf5e5c1434c","sha256":"e11b99160a1738263b3c9e6715aec9cd178c3586d4066d03b7a11f07a0dd1d68"},"dob":{"date":"1953-10-11T07:13:31.417Z","age":70},"registered":{"date":"2017-06-24T20:22:40.145Z","age":6},"phone":"9439614848","cell":"9059030643","id":{"name":"UIDAI","value":"653426395792"},"picture":{"large":"https://randomuser.me/api/portraits/women/64.jpg","medium":"https://randomuser.me/api/portraits/med/women/64.jpg","thumbnail":"https://randomuser.me/api/portraits/thumb/women/64.jpg"},"nat":"IN"}],"info":{"seed":"89f52e815f72ded1","results":1,"page":1,"version":"1.4"}} 
 </msg>
<msg time="2024-05-06T06:19:28.336607" level="INFO">/opt/hostedtoolcache/Python/3.12.3/x64/lib/python3.12/site-packages/urllib3/connectionpool.py:1103: InsecureRequestWarning: Unverified HTTPS request is being made to host 'randomuser.me'. Adding certificate verification is strongly advised. See: https://urllib3.readthedocs.io/en/latest/advanced-usage.html#tls-warnings
  warnings.warn(</msg>
<msg time="2024-05-06T06:19:28.336718" level="INFO">${response} = &lt;Response [200]&gt;</msg>
<var>${response}</var>
<arg>consultarAPI</arg>
<arg>/api</arg>
<doc>Sends a GET request on a previously created HTTP Session.</doc>
<status status="PASS" start="2024-05-06T06:19:28.245122" elapsed="0.091646"/>
</kw>
<kw name="Set Variable" owner="BuiltIn">
<msg time="2024-05-06T06:19:28.337877" level="INFO">${json_data} = {'results': [{'gender': 'female', 'name': {'title': 'Miss', 'first': 'Aaradhya', 'last': 'Bhoja'}, 'location': {'street': {'number': 7364, 'name': 'Bhavani Peth'}, 'city': 'Jamalpur', 'state': 'Andhra...</msg>
<var>${json_data}</var>
<arg>${response.json()}</arg>
<doc>Returns the given values which can then be assigned to a variables.</doc>
<status status="PASS" start="2024-05-06T06:19:28.337306" elapsed="0.000600"/>
</kw>
<kw name="Set Variable" owner="BuiltIn">
<msg time="2024-05-06T06:19:28.338600" level="INFO">${name_title} = Miss</msg>
<var>${name_title}</var>
<arg>${json_data["results"][0]["name"]["title"]}</arg>
<doc>Returns the given values which can then be assigned to a variables.</doc>
<status status="PASS" start="2024-05-06T06:19:28.338217" elapsed="0.000409"/>
</kw>
<kw name="Create List" owner="BuiltIn">
<msg time="2024-05-06T06:19:28.339079" level="INFO">${allowed_titles} = ['Mr', 'Ms', 'Miss', 'Mrs', 'Madame', 'Monsieur']</msg>
<var>${allowed_titles}</var>
<arg>Mr</arg>
<arg>Ms</arg>
<arg>Miss</arg>
<arg>Mrs</arg>
<arg>Madame</arg>
<arg>Monsieur</arg>
<doc>Returns a list containing given items.</doc>
<status status="PASS" start="2024-05-06T06:19:28.338930" elapsed="0.000175"/>
</kw>
<kw name="List Should Contain Value" owner="Collections">
<msg time="2024-05-06T06:19:28.339578" level="INFO">False</msg>
<arg>${allowed_titles}</arg>
<arg>${name_title}</arg>
<doc>Fails if the ``value`` is not found from ``list``.</doc>
<status status="PASS" start="2024-05-06T06:19:28.339404" elapsed="0.000212"/>
</kw>
<kw name="Set Variable" owner="BuiltIn">
<msg time="2024-05-06T06:19:28.340293" level="INFO">${name_country} = IN</msg>
<var>${name_country}</var>
<arg>${json_data["results"][0]["nat"]}</arg>
<doc>Returns the given values which can then be assigned to a variables.</doc>
<status status="PASS" start="2024-05-06T06:19:28.339910" elapsed="0.000409"/>
</kw>
<kw name="Create List" owner="BuiltIn">
<msg time="2024-05-06T06:19:28.341207" level="INFO">${list_country} = ['AD', 'AE', 'AF', 'AG', 'AI', 'AL', 'AM', 'AO', 'AQ', 'AR', 'AS', 'AT', 'AU', 'AW', 'AX', 'AZ', 'BA', 'BB', 'BD', 'BE', 'BF', 'BG', 'BH', 'BI', 'BJ', 'BL', 'BM', 'BN', 'BO', 'BQ', 'BR', 'BS', 'BT', '...</msg>
<var>${list_country}</var>
<arg>AD</arg>
<arg>AE</arg>
<arg>AF</arg>
<arg>AG</arg>
<arg>AI</arg>
<arg>AL</arg>
<arg>AM</arg>
<arg>AO</arg>
<arg>AQ</arg>
<arg>AR</arg>
<arg>AS</arg>
<arg>AT</arg>
<arg>AU</arg>
<arg>AW</arg>
<arg>AX</arg>
<arg>AZ</arg>
<arg>BA</arg>
<arg>BB</arg>
<arg>BD</arg>
<arg>BE</arg>
<arg>BF</arg>
<arg>BG</arg>
<arg>BH</arg>
<arg>BI</arg>
<arg>BJ</arg>
<arg>BL</arg>
<arg>BM</arg>
<arg>BN</arg>
<arg>BO</arg>
<arg>BQ</arg>
<arg>BR</arg>
<arg>BS</arg>
<arg>BT</arg>
<arg>BV</arg>
<arg>BW</arg>
<arg>BY</arg>
<arg>BZ</arg>
<arg>CA</arg>
<arg>CC</arg>
<arg>CD</arg>
<arg>CF</arg>
<arg>CG</arg>
<arg>CH</arg>
<arg>CI</arg>
<arg>CK</arg>
<arg>CL</arg>
<arg>CM</arg>
<arg>CN</arg>
<arg>CO</arg>
<arg>CR</arg>
<arg>CU</arg>
<arg>CV</arg>
<arg>CW</arg>
<arg>CX</arg>
<arg>CY</arg>
<arg>CZ</arg>
<arg>DE</arg>
<arg>DJ</arg>
<arg>DK</arg>
<arg>DM</arg>
<arg>DO</arg>
<arg>DZ</arg>
<arg>EC</arg>
<arg>EE</arg>
<arg>EG</arg>
<arg>EH</arg>
<arg>ER</arg>
<arg>ES</arg>
<arg>ET</arg>
<arg>FI</arg>
<arg>FJ</arg>
<arg>FK</arg>
<arg>FM</arg>
<arg>FO</arg>
<arg>FR</arg>
<arg>GA</arg>
<arg>GB</arg>
<arg>GD</arg>
<arg>GE</arg>
<arg>GF</arg>
<arg>GG</arg>
<arg>GH</arg>
<arg>GI</arg>
<arg>GL</arg>
<arg>GM</arg>
<arg>GN</arg>
<arg>GP</arg>
<arg>GQ</arg>
<arg>GR</arg>
<arg>GS</arg>
<arg>GT</arg>
<arg>GU</arg>
<arg>GW</arg>
<arg>GY</arg>
<arg>HK</arg>
<arg>HM</arg>
<arg>HN</arg>
<arg>HR</arg>
<arg>HT</arg>
<arg>HU</arg>
<arg>ID</arg>
<arg>IE</arg>
<arg>IL</arg>
<arg>IM</arg>
<arg>IN</arg>
<arg>IO</arg>
<arg>IQ</arg>
<arg>IR</arg>
<arg>IS</arg>
<arg>IT</arg>
<arg>JE</arg>
<arg>JM</arg>
<arg>JO</arg>
<arg>JP</arg>
<arg>KE</arg>
<arg>KG</arg>
<arg>KH</arg>
<arg>KI</arg>
<arg>KM</arg>
<arg>KN</arg>
<arg>KP</arg>
<arg>KR</arg>
<arg>KW</arg>
<arg>KY</arg>
<arg>KZ</arg>
<arg>LA</arg>
<arg>LB</arg>
<arg>LC</arg>
<arg>LI</arg>
<arg>LK</arg>
<arg>LR</arg>
<arg>LS</arg>
<arg>LT</arg>
<arg>LU</arg>
<arg>LV</arg>
<arg>LY</arg>
<arg>MA</arg>
<arg>MC</arg>
<arg>MD</arg>
<arg>ME</arg>
<arg>MF</arg>
<arg>MG</arg>
<arg>MH</arg>
<arg>MK</arg>
<arg>ML</arg>
<arg>MM</arg>
<arg>MN</arg>
<arg>MO</arg>
<arg>MP</arg>
<arg>MQ</arg>
<arg>MR</arg>
<arg>MS</arg>
<arg>MT</arg>
<arg>MU</arg>
<arg>MV</arg>
<arg>MW</arg>
<arg>MX</arg>
<arg>MY</arg>
<arg>MZ</arg>
<arg>NA</arg>
<arg>NC</arg>
<arg>NE</arg>
<arg>NF</arg>
<arg>NG</arg>
<arg>NI</arg>
<arg>NL</arg>
<arg>NO</arg>
<arg>NP</arg>
<arg>NR</arg>
<arg>NU</arg>
<arg>NZ</arg>
<arg>OM</arg>
<arg>PA</arg>
<arg>PE</arg>
<arg>PF</arg>
<arg>PG</arg>
<arg>PH</arg>
<arg>PK</arg>
<arg>PL</arg>
<arg>PM</arg>
<arg>PN</arg>
<arg>PR</arg>
<arg>PS</arg>
<arg>PT</arg>
<arg>PW</arg>
<arg>PY</arg>
<arg>QA</arg>
<arg>RE</arg>
<arg>RO</arg>
<arg>RS</arg>
<arg>RU</arg>
<arg>RW</arg>
<arg>SA</arg>
<arg>SB</arg>
<arg>SC</arg>
<arg>SD</arg>
<arg>SE</arg>
<arg>SG</arg>
<arg>SH</arg>
<arg>SI</arg>
<arg>SJ</arg>
<arg>SK</arg>
<arg>SL</arg>
<arg>SM</arg>
<arg>SN</arg>
<arg>SO</arg>
<arg>SR</arg>
<arg>SS</arg>
<arg>ST</arg>
<arg>SV</arg>
<arg>SX</arg>
<arg>SY</arg>
<arg>SZ</arg>
<arg>TC</arg>
<arg>TD</arg>
<arg>TF</arg>
<arg>TG</arg>
<arg>TH</arg>
<arg>TJ</arg>
<arg>TK</arg>
<arg>TL</arg>
<arg>TM</arg>
<arg>TN</arg>
<arg>TO</arg>
<arg>TR</arg>
<arg>TT</arg>
<arg>TV</arg>
<arg>TW</arg>
<arg>TZ</arg>
<arg>UA</arg>
<arg>UG</arg>
<arg>UM</arg>
<arg>US</arg>
<arg>UY</arg>
<arg>UZ</arg>
<arg>VA</arg>
<arg>VC</arg>
<arg>VE</arg>
<arg>VG</arg>
<arg>VI</arg>
<arg>VN</arg>
<arg>VU</arg>
<arg>WF</arg>
<arg>WS</arg>
<arg>XK</arg>
<arg>YE</arg>
<arg>YT</arg>
<arg>ZA</arg>
<arg>ZM</arg>
<arg>ZW</arg>
<doc>Returns a list containing given items.</doc>
<status status="PASS" start="2024-05-06T06:19:28.340617" elapsed="0.000616"/>
</kw>
<kw name="List Should Contain Value" owner="Collections">
<msg time="2024-05-06T06:19:28.342293" level="INFO">False</msg>
<arg>${list_country}</arg>
<arg>${name_country}</arg>
<doc>Fails if the ``value`` is not found from ``list``.</doc>
<status status="PASS" start="2024-05-06T06:19:28.342076" elapsed="0.000253"/>
</kw>
<kw name="Run Keyword If" owner="BuiltIn">
<kw name="Should Be True" owner="BuiltIn">
<arg>${True}</arg>
<doc>Fails if the given condition is not true.</doc>
<status status="PASS" start="2024-05-06T06:19:28.343395" elapsed="0.000246"/>
</kw>
<arg>${json_data["results"][0]["location"]["coordinates"]["latitude"]} &gt;= -90 and ${json_data["results"][0]["location"]["coordinates"]["latitude"]} &lt;= 90</arg>
<arg>Should Be True</arg>
<arg>${True}</arg>
<doc>Runs the given keyword with the given arguments, if ``condition`` is true.</doc>
<status status="PASS" start="2024-05-06T06:19:28.342644" elapsed="0.001131"/>
</kw>
<kw name="Run Keyword If" owner="BuiltIn">
<kw name="Should Be True" owner="BuiltIn">
<arg>${True}</arg>
<doc>Fails if the given condition is not true.</doc>
<status status="PASS" start="2024-05-06T06:19:28.344669" elapsed="0.000141"/>
</kw>
<arg>${json_data["results"][0]["location"]["coordinates"]["longitude"]} &gt;= -180 and ${json_data["results"][0]["location"]["coordinates"]["longitude"]} &lt;= 180</arg>
<arg>Should Be True</arg>
<arg>${True}</arg>
<doc>Runs the given keyword with the given arguments, if ``condition`` is true.</doc>
<status status="PASS" start="2024-05-06T06:19:28.343961" elapsed="0.000975"/>
</kw>
<status status="PASS" start="2024-05-06T06:19:28.244893" elapsed="0.100172"/>
</kw>
<doc>Testa o conteúdo específico dos campos retornados pela API.</doc>
<tag>testeConteudo</tag>
<status status="PASS" start="2024-05-06T06:19:28.244363" elapsed="0.100847"/>
</test>
<status status="PASS" start="2024-05-06T06:19:27.453053" elapsed="0.894196"/>
</suite>
<status status="PASS" start="2024-05-06T06:19:27.439389" elapsed="0.913056"/>
</suite>
<statistics>
<total>
<stat pass="5" fail="0" skip="0">All Tests</stat>
</total>
<tag>
<stat pass="1" fail="0" skip="0">testeConteudo</stat>
<stat pass="1" fail="0" skip="0">testeEstruturaResposta</stat>
<stat pass="1" fail="0" skip="0">testeRequisicaoBasica</stat>
<stat pass="1" fail="0" skip="0">testeTiposDados</stat>
</tag>
<suite>
<stat pass="5" fail="0" skip="0" id="s1" name="Tests">Tests</stat>
<stat pass="5" fail="0" skip="0" id="s1-s1" name="Random-User-Test">Tests.Random-User-Test</stat>
</suite>
</statistics>
<errors>
</errors>
</robot>
