<?xml version="1.0" encoding="UTF-8"?>
<robot generator="Robot 7.0.1 (Python 3.12.4 on linux)" generated="2024-07-29T20:16:21.313136" rpa="false" schemaversion="5">
<suite id="s1" name="Tests" source="/home/runner/work/ApiRandomUser/ApiRandomUser/RamdonUser/tests">
<suite id="s1-s1" name="Random-User-Test" source="/home/runner/work/ApiRandomUser/ApiRandomUser/RamdonUser/tests/random-user-test.robot">
<test id="s1-s1-t1" name="Conectar" line="13">
<kw name="Conectar API" owner="random-user-service">
<kw name="Create Session" owner="RequestsLibrary">
<msg time="2024-07-29T20:16:21.713161" level="INFO">Creating Session using : alias=consultarAPI, url=https://randomuser.me/, headers={},                     cookies={}, auth=None, timeout=None, proxies=None, verify=False,                     debug=0 </msg>
<arg>consultarAPI</arg>
<arg>${URL}</arg>
<doc>Create Session: create a HTTP session to a server</doc>
<status status="PASS" start="2024-07-29T20:16:21.712961" elapsed="0.000378"/>
</kw>
<status status="PASS" start="2024-07-29T20:16:21.711930" elapsed="0.001763"/>
</kw>
<status status="PASS" start="2024-07-29T20:16:21.711283" elapsed="0.002632"/>
</test>
<test id="s1-s1-t2" name="Validar retorno 200 e JSON Válido" line="16">
<kw name="Teste de Requisicao Basica" owner="random-user-service">
<kw name="GET On Session" owner="RequestsLibrary">
<msg time="2024-07-29T20:16:21.899492" level="INFO">GET Request : url=https://randomuser.me/api 
 path_url=/api 
 headers={'User-Agent': 'python-requests/2.32.3', 'Accept-Encoding': 'gzip, deflate', 'Accept': '*/*', 'Connection': 'keep-alive'} 
 body=None 
 </msg>
<msg time="2024-07-29T20:16:21.899658" level="INFO">GET Response : url=https://randomuser.me/api 
 status=200, reason=OK 
 headers={'Date': 'Mon, 29 Jul 2024 20:16:21 GMT', 'Content-Type': 'application/json; charset=utf-8', 'Transfer-Encoding': 'chunked', 'Connection': 'keep-alive', 'X-Powered-By': 'Express', 'Access-Control-Allow-Origin': '*', 'Cache-Control': 'no-cache', 'ETag': 'W/"485-sE1ZUsoE1vGFVAlU3c/thN3gFTA"', 'Vary': 'Accept-Encoding', 'Content-Encoding': 'gzip', 'CF-Cache-Status': 'DYNAMIC', 'Report-To': '{"endpoints":[{"url":"https:\\/\\/a.nel.cloudflare.com\\/report\\/v4?s=McYP4QuLwHhFxFltXvsZB03HeXhayZAgDJtxLdmZ0VCT3PIcVjg9sSy0zT%2BLQ1vV0tgmeHcFt0zeHvWYkEY%2FORtQd779InbQUNM42pFQvQtx%2BPrqjXXyZH85IKpotp3r"}],"group":"cf-nel","max_age":604800}', 'NEL': '{"success_fraction":0,"report_to":"cf-nel","max_age":604800}', 'Server': 'cloudflare', 'CF-RAY': '8aafc948993c07e3-IAD', 'alt-svc': 'h3=":443"; ma=86400'} 
 body={"results":[{"gender":"male","name":{"title":"Mr","first":"Howard","last":"Johnson"},"location":{"street":{"number":2747,"name":"Cork Street"},"city":"Carrick-on-Suir","state":"Waterford","country":"Ireland","postcode":61779,"coordinates":{"latitude":"-0.1963","longitude":"-136.0683"},"timezone":{"offset":"+2:00","description":"Kaliningrad, South Africa"}},"email":"howard.johnson@example.com","login":{"uuid":"678412e9-70a8-48b4-88b6-cadc2183de5b","username":"sadgorilla794","password":"kiss","salt":"DdNIFUqr","md5":"a9f49c156cb6b1dc4d095f165e838923","sha1":"322d87a7b7222cc09737f23d11248d7607cdc657","sha256":"928f2caa76829d7a89b64e85b726a3bb4f0235b350c661a8adec310cbc8b1154"},"dob":{"date":"1981-06-23T10:32:07.371Z","age":43},"registered":{"date":"2019-01-26T02:20:10.596Z","age":5},"phone":"011-052-8836","cell":"081-190-7827","id":{"name":"PPS","value":"4339988T"},"picture":{"large":"https://randomuser.me/api/portraits/men/78.jpg","medium":"https://randomuser.me/api/portraits/med/men/78.jpg","thumbnail":"https://randomuser.me/api/portraits/thumb/men/78.jpg"},"nat":"IE"}],"info":{"seed":"ebcda108fd2201ee","results":1,"page":1,"version":"1.4"}} 
 </msg>
<msg time="2024-07-29T20:16:21.899747" level="INFO">/opt/hostedtoolcache/Python/3.12.4/x64/lib/python3.12/site-packages/urllib3/connectionpool.py:1099: InsecureRequestWarning: Unverified HTTPS request is being made to host 'randomuser.me'. Adding certificate verification is strongly advised. See: https://urllib3.readthedocs.io/en/latest/advanced-usage.html#tls-warnings
  warnings.warn(</msg>
<msg time="2024-07-29T20:16:21.899912" level="INFO">${response} = &lt;Response [200]&gt;</msg>
<var>${response}</var>
<arg>consultarAPI</arg>
<arg>/api</arg>
<doc>Sends a GET request on a previously created HTTP Session.</doc>
<status status="PASS" start="2024-07-29T20:16:21.716551" elapsed="0.183401"/>
</kw>
<kw name="Should Be Equal As Numbers" owner="BuiltIn">
<msg time="2024-07-29T20:16:21.901063" level="INFO">Argument types are:
&lt;class 'int'&gt;
&lt;class 'str'&gt;</msg>
<arg>${response.status_code}</arg>
<arg>200</arg>
<doc>Fails if objects are unequal after converting them to real numbers.</doc>
<status status="PASS" start="2024-07-29T20:16:21.900574" elapsed="0.000551"/>
</kw>
<kw name="Log" owner="BuiltIn">
<msg time="2024-07-29T20:16:21.901787" level="INFO">200</msg>
<arg>${response.status_code}</arg>
<doc>Logs the given message with the given level.</doc>
<status status="PASS" start="2024-07-29T20:16:21.901440" elapsed="0.000390"/>
</kw>
<kw name="Set Variable" owner="BuiltIn">
<msg time="2024-07-29T20:16:21.902599" level="INFO">${json_data} = {'results': [{'gender': 'male', 'name': {'title': 'Mr', 'first': 'Howard', 'last': 'Johnson'}, 'location': {'street': {'number': 2747, 'name': 'Cork Street'}, 'city': 'Carrick-on-Suir', 'state': 'Wate...</msg>
<var>${json_data}</var>
<arg>${response.json()}</arg>
<doc>Returns the given values which can then be assigned to a variables.</doc>
<status status="PASS" start="2024-07-29T20:16:21.902173" elapsed="0.000453"/>
</kw>
<kw name="Dictionary Should Contain Key" owner="Collections">
<arg>${json_data}</arg>
<arg>results</arg>
<doc>Fails if ``key`` is not found from ``dictionary``.</doc>
<status status="PASS" start="2024-07-29T20:16:21.902927" elapsed="0.000317"/>
</kw>
<status status="PASS" start="2024-07-29T20:16:21.716315" elapsed="0.187082"/>
</kw>
<doc>Testa se a API responde corretamente e retorna um objeto JSON válido.</doc>
<tag>testeRequisicaoBasica</tag>
<status status="PASS" start="2024-07-29T20:16:21.715775" elapsed="0.187794"/>
</test>
<test id="s1-s1-t3" name="Validar estrutura de resposta" line="22">
<kw name="Teste de Estrutura de Resposta" owner="random-user-service">
<kw name="GET On Session" owner="RequestsLibrary">
<msg time="2024-07-29T20:16:22.014159" level="INFO">GET Request : url=https://randomuser.me/api 
 path_url=/api 
 headers={'User-Agent': 'python-requests/2.32.3', 'Accept-Encoding': 'gzip, deflate', 'Accept': '*/*', 'Connection': 'keep-alive'} 
 body=None 
 </msg>
<msg time="2024-07-29T20:16:22.014250" level="INFO">GET Response : url=https://randomuser.me/api 
 status=200, reason=OK 
 headers={'Date': 'Mon, 29 Jul 2024 20:16:22 GMT', 'Content-Type': 'application/json; charset=utf-8', 'Transfer-Encoding': 'chunked', 'Connection': 'keep-alive', 'X-Powered-By': 'Express', 'Access-Control-Allow-Origin': '*', 'Cache-Control': 'no-cache', 'ETag': 'W/"497-NJUGVAEUR2tIdszSi6qWKIEoGF0"', 'Vary': 'Accept-Encoding', 'Content-Encoding': 'gzip', 'CF-Cache-Status': 'DYNAMIC', 'Report-To': '{"endpoints":[{"url":"https:\\/\\/a.nel.cloudflare.com\\/report\\/v4?s=T7DBvo9CeroQ8dd0Pw%2FXrd2MrlKhnPoiIfG%2BvgFM84Qd0HddnUJH5QRTkVnaEcURFYWLcqgUkLCzD1MZ0BHUO6zButfnoLm06HnP4Ma%2BL9qhcCb%2BXKz8JwFZZLGY6AvX"}],"group":"cf-nel","max_age":604800}', 'NEL': '{"success_fraction":0,"report_to":"cf-nel","max_age":604800}', 'Server': 'cloudflare', 'CF-RAY': '8aafc948e99907e3-IAD', 'alt-svc': 'h3=":443"; ma=86400'} 
 body={"results":[{"gender":"male","name":{"title":"Mr","first":"Tim","last":"Meunier"},"location":{"street":{"number":7305,"name":"Rue de L'Abbé-Rousselot"},"city":"Grenoble","state":"Vosges","country":"France","postcode":32230,"coordinates":{"latitude":"-13.7795","longitude":"-149.5107"},"timezone":{"offset":"-1:00","description":"Azores, Cape Verde Islands"}},"email":"tim.meunier@example.com","login":{"uuid":"ea6b95f3-be49-47e5-85dd-75189f0758d0","username":"ticklishsnake517","password":"flicks","salt":"R7rMC6uI","md5":"822445c615d72f1115783f96f0c9b490","sha1":"8663e2fd41aec9fee9774d52ff0380ffdd090e50","sha256":"e05240765098f82ce6111cbe541f0b8d04d748ac13e208813cac19c1d5705606"},"dob":{"date":"1962-07-10T10:26:59.075Z","age":62},"registered":{"date":"2004-07-21T02:44:36.779Z","age":20},"phone":"03-90-43-58-08","cell":"06-02-17-14-21","id":{"name":"INSEE","value":"1620607161670 49"},"picture":{"large":"https://randomuser.me/api/portraits/men/51.jpg","medium":"https://randomuser.me/api/portraits/med/men/51.jpg","thumbnail":"https://randomuser.me/api/portraits/thumb/men/51.jpg"},"nat":"FR"}],"info":{"seed":"6342aec49d2fb2d6","results":1,"page":1,"version":"1.4"}} 
 </msg>
<msg time="2024-07-29T20:16:22.014369" level="INFO">/opt/hostedtoolcache/Python/3.12.4/x64/lib/python3.12/site-packages/urllib3/connectionpool.py:1099: InsecureRequestWarning: Unverified HTTPS request is being made to host 'randomuser.me'. Adding certificate verification is strongly advised. See: https://urllib3.readthedocs.io/en/latest/advanced-usage.html#tls-warnings
  warnings.warn(</msg>
<msg time="2024-07-29T20:16:22.014497" level="INFO">${response} = &lt;Response [200]&gt;</msg>
<var>${response}</var>
<arg>consultarAPI</arg>
<arg>/api</arg>
<doc>Sends a GET request on a previously created HTTP Session.</doc>
<status status="PASS" start="2024-07-29T20:16:21.906516" elapsed="0.108022"/>
</kw>
<kw name="Set Variable" owner="BuiltIn">
<msg time="2024-07-29T20:16:22.015695" level="INFO">${json_data} = {'results': [{'gender': 'male', 'name': {'title': 'Mr', 'first': 'Tim', 'last': 'Meunier'}, 'location': {'street': {'number': 7305, 'name': "Rue de L'Abbé-Rousselot"}, 'city': 'Grenoble', 'state': 'Vo...</msg>
<var>${json_data}</var>
<arg>${response.json()}</arg>
<doc>Returns the given values which can then be assigned to a variables.</doc>
<status status="PASS" start="2024-07-29T20:16:22.015118" elapsed="0.000607"/>
</kw>
<kw name="Log" owner="BuiltIn">
<msg time="2024-07-29T20:16:22.016206" level="INFO">{'results': [{'gender': 'male', 'name': {'title': 'Mr', 'first': 'Tim', 'last': 'Meunier'}, 'location': {'street': {'number': 7305, 'name': "Rue de L'Abbé-Rousselot"}, 'city': 'Grenoble', 'state': 'Vosges', 'country': 'France', 'postcode': 32230, 'coordinates': {'latitude': '-13.7795', 'longitude': '-149.5107'}, 'timezone': {'offset': '-1:00', 'description': 'Azores, Cape Verde Islands'}}, 'email': 'tim.meunier@example.com', 'login': {'uuid': 'ea6b95f3-be49-47e5-85dd-75189f0758d0', 'username': 'ticklishsnake517', 'password': 'flicks', 'salt': 'R7rMC6uI', 'md5': '822445c615d72f1115783f96f0c9b490', 'sha1': '8663e2fd41aec9fee9774d52ff0380ffdd090e50', 'sha256': 'e05240765098f82ce6111cbe541f0b8d04d748ac13e208813cac19c1d5705606'}, 'dob': {'date': '1962-07-10T10:26:59.075Z', 'age': 62}, 'registered': {'date': '2004-07-21T02:44:36.779Z', 'age': 20}, 'phone': '03-90-43-58-08', 'cell': '06-02-17-14-21', 'id': {'name': 'INSEE', 'value': '1620607161670 49'}, 'picture': {'large': 'https://randomuser.me/api/portraits/men/51.jpg', 'medium': 'https://randomuser.me/api/portraits/med/men/51.jpg', 'thumbnail': 'https://randomuser.me/api/portraits/thumb/men/51.jpg'}, 'nat': 'FR'}], 'info': {'seed': '6342aec49d2fb2d6', 'results': 1, 'page': 1, 'version': '1.4'}}</msg>
<arg>${json_data}</arg>
<doc>Logs the given message with the given level.</doc>
<status status="PASS" start="2024-07-29T20:16:22.016035" elapsed="0.000221"/>
</kw>
<kw name="Dictionary Should Contain Key" owner="Collections">
<arg>${json_data}</arg>
<arg>results</arg>
<doc>Fails if ``key`` is not found from ``dictionary``.</doc>
<status status="PASS" start="2024-07-29T20:16:22.016552" elapsed="0.000164"/>
</kw>
<kw name="Should Not Be Empty" owner="BuiltIn">
<msg time="2024-07-29T20:16:22.017030" level="INFO">Length is 2.</msg>
<arg>${json_data}</arg>
<doc>Verifies that the given item is not empty.</doc>
<status status="PASS" start="2024-07-29T20:16:22.016900" elapsed="0.000169"/>
</kw>
<kw name="Create List" owner="BuiltIn">
<msg time="2024-07-29T20:16:22.017509" level="INFO">${expected_keys} = ['gender', 'name', 'location', 'email', 'login']</msg>
<var>${expected_keys}</var>
<arg>gender</arg>
<arg>name</arg>
<arg>location</arg>
<arg>email</arg>
<arg>login</arg>
<doc>Returns a list containing given items.</doc>
<status status="PASS" start="2024-07-29T20:16:22.017359" elapsed="0.000174"/>
</kw>
<for flavor="IN">
<iter>
<kw name="Dictionary Should Contain Key" owner="Collections">
<arg>${json_data['results'][0]}</arg>
<arg>${key}</arg>
<doc>Fails if ``key`` is not found from ``dictionary``.</doc>
<status status="PASS" start="2024-07-29T20:16:22.018155" elapsed="0.000401"/>
</kw>
<kw name="Log" owner="BuiltIn">
<msg time="2024-07-29T20:16:22.019097" level="INFO">{'gender': 'male', 'name': {'title': 'Mr', 'first': 'Tim', 'last': 'Meunier'}, 'location': {'street': {'number': 7305, 'name': "Rue de L'Abbé-Rousselot"}, 'city': 'Grenoble', 'state': 'Vosges', 'country': 'France', 'postcode': 32230, 'coordinates': {'latitude': '-13.7795', 'longitude': '-149.5107'}, 'timezone': {'offset': '-1:00', 'description': 'Azores, Cape Verde Islands'}}, 'email': 'tim.meunier@example.com', 'login': {'uuid': 'ea6b95f3-be49-47e5-85dd-75189f0758d0', 'username': 'ticklishsnake517', 'password': 'flicks', 'salt': 'R7rMC6uI', 'md5': '822445c615d72f1115783f96f0c9b490', 'sha1': '8663e2fd41aec9fee9774d52ff0380ffdd090e50', 'sha256': 'e05240765098f82ce6111cbe541f0b8d04d748ac13e208813cac19c1d5705606'}, 'dob': {'date': '1962-07-10T10:26:59.075Z', 'age': 62}, 'registered': {'date': '2004-07-21T02:44:36.779Z', 'age': 20}, 'phone': '03-90-43-58-08', 'cell': '06-02-17-14-21', 'id': {'name': 'INSEE', 'value': '1620607161670 49'}, 'picture': {'large': 'https://randomuser.me/api/portraits/men/51.jpg', 'medium': 'https://randomuser.me/api/portraits/med/men/51.jpg', 'thumbnail': 'https://randomuser.me/api/portraits/thumb/men/51.jpg'}, 'nat': 'FR'}</msg>
<arg>${json_data['results'][0]}</arg>
<doc>Logs the given message with the given level.</doc>
<status status="PASS" start="2024-07-29T20:16:22.018740" elapsed="0.000408"/>
</kw>
<kw name="Log" owner="BuiltIn">
<msg time="2024-07-29T20:16:22.019591" level="INFO">gender</msg>
<arg>${key}</arg>
<doc>Logs the given message with the given level.</doc>
<status status="PASS" start="2024-07-29T20:16:22.019462" elapsed="0.000166"/>
</kw>
<var name="${key}">gender</var>
<status status="PASS" start="2024-07-29T20:16:22.018024" elapsed="0.001821"/>
</iter>
<iter>
<kw name="Dictionary Should Contain Key" owner="Collections">
<arg>${json_data['results'][0]}</arg>
<arg>${key}</arg>
<doc>Fails if ``key`` is not found from ``dictionary``.</doc>
<status status="PASS" start="2024-07-29T20:16:22.020138" elapsed="0.000373"/>
</kw>
<kw name="Log" owner="BuiltIn">
<msg time="2024-07-29T20:16:22.021054" level="INFO">{'gender': 'male', 'name': {'title': 'Mr', 'first': 'Tim', 'last': 'Meunier'}, 'location': {'street': {'number': 7305, 'name': "Rue de L'Abbé-Rousselot"}, 'city': 'Grenoble', 'state': 'Vosges', 'country': 'France', 'postcode': 32230, 'coordinates': {'latitude': '-13.7795', 'longitude': '-149.5107'}, 'timezone': {'offset': '-1:00', 'description': 'Azores, Cape Verde Islands'}}, 'email': 'tim.meunier@example.com', 'login': {'uuid': 'ea6b95f3-be49-47e5-85dd-75189f0758d0', 'username': 'ticklishsnake517', 'password': 'flicks', 'salt': 'R7rMC6uI', 'md5': '822445c615d72f1115783f96f0c9b490', 'sha1': '8663e2fd41aec9fee9774d52ff0380ffdd090e50', 'sha256': 'e05240765098f82ce6111cbe541f0b8d04d748ac13e208813cac19c1d5705606'}, 'dob': {'date': '1962-07-10T10:26:59.075Z', 'age': 62}, 'registered': {'date': '2004-07-21T02:44:36.779Z', 'age': 20}, 'phone': '03-90-43-58-08', 'cell': '06-02-17-14-21', 'id': {'name': 'INSEE', 'value': '1620607161670 49'}, 'picture': {'large': 'https://randomuser.me/api/portraits/men/51.jpg', 'medium': 'https://randomuser.me/api/portraits/med/men/51.jpg', 'thumbnail': 'https://randomuser.me/api/portraits/thumb/men/51.jpg'}, 'nat': 'FR'}</msg>
<arg>${json_data['results'][0]}</arg>
<doc>Logs the given message with the given level.</doc>
<status status="PASS" start="2024-07-29T20:16:22.020690" elapsed="0.000446"/>
</kw>
<kw name="Log" owner="BuiltIn">
<msg time="2024-07-29T20:16:22.021566" level="INFO">name</msg>
<arg>${key}</arg>
<doc>Logs the given message with the given level.</doc>
<status status="PASS" start="2024-07-29T20:16:22.021436" elapsed="0.000168"/>
</kw>
<var name="${key}">name</var>
<status status="PASS" start="2024-07-29T20:16:22.020028" elapsed="0.001791"/>
</iter>
<iter>
<kw name="Dictionary Should Contain Key" owner="Collections">
<arg>${json_data['results'][0]}</arg>
<arg>${key}</arg>
<doc>Fails if ``key`` is not found from ``dictionary``.</doc>
<status status="PASS" start="2024-07-29T20:16:22.022135" elapsed="0.000381"/>
</kw>
<kw name="Log" owner="BuiltIn">
<msg time="2024-07-29T20:16:22.023044" level="INFO">{'gender': 'male', 'name': {'title': 'Mr', 'first': 'Tim', 'last': 'Meunier'}, 'location': {'street': {'number': 7305, 'name': "Rue de L'Abbé-Rousselot"}, 'city': 'Grenoble', 'state': 'Vosges', 'country': 'France', 'postcode': 32230, 'coordinates': {'latitude': '-13.7795', 'longitude': '-149.5107'}, 'timezone': {'offset': '-1:00', 'description': 'Azores, Cape Verde Islands'}}, 'email': 'tim.meunier@example.com', 'login': {'uuid': 'ea6b95f3-be49-47e5-85dd-75189f0758d0', 'username': 'ticklishsnake517', 'password': 'flicks', 'salt': 'R7rMC6uI', 'md5': '822445c615d72f1115783f96f0c9b490', 'sha1': '8663e2fd41aec9fee9774d52ff0380ffdd090e50', 'sha256': 'e05240765098f82ce6111cbe541f0b8d04d748ac13e208813cac19c1d5705606'}, 'dob': {'date': '1962-07-10T10:26:59.075Z', 'age': 62}, 'registered': {'date': '2004-07-21T02:44:36.779Z', 'age': 20}, 'phone': '03-90-43-58-08', 'cell': '06-02-17-14-21', 'id': {'name': 'INSEE', 'value': '1620607161670 49'}, 'picture': {'large': 'https://randomuser.me/api/portraits/men/51.jpg', 'medium': 'https://randomuser.me/api/portraits/med/men/51.jpg', 'thumbnail': 'https://randomuser.me/api/portraits/thumb/men/51.jpg'}, 'nat': 'FR'}</msg>
<arg>${json_data['results'][0]}</arg>
<doc>Logs the given message with the given level.</doc>
<status status="PASS" start="2024-07-29T20:16:22.022699" elapsed="0.000393"/>
</kw>
<kw name="Log" owner="BuiltIn">
<msg time="2024-07-29T20:16:22.023514" level="INFO">location</msg>
<arg>${key}</arg>
<doc>Logs the given message with the given level.</doc>
<status status="PASS" start="2024-07-29T20:16:22.023387" elapsed="0.000164"/>
</kw>
<var name="${key}">location</var>
<status status="PASS" start="2024-07-29T20:16:22.022026" elapsed="0.001739"/>
</iter>
<iter>
<kw name="Dictionary Should Contain Key" owner="Collections">
<arg>${json_data['results'][0]}</arg>
<arg>${key}</arg>
<doc>Fails if ``key`` is not found from ``dictionary``.</doc>
<status status="PASS" start="2024-07-29T20:16:22.024037" elapsed="0.000368"/>
</kw>
<kw name="Log" owner="BuiltIn">
<msg time="2024-07-29T20:16:22.025062" level="INFO">{'gender': 'male', 'name': {'title': 'Mr', 'first': 'Tim', 'last': 'Meunier'}, 'location': {'street': {'number': 7305, 'name': "Rue de L'Abbé-Rousselot"}, 'city': 'Grenoble', 'state': 'Vosges', 'country': 'France', 'postcode': 32230, 'coordinates': {'latitude': '-13.7795', 'longitude': '-149.5107'}, 'timezone': {'offset': '-1:00', 'description': 'Azores, Cape Verde Islands'}}, 'email': 'tim.meunier@example.com', 'login': {'uuid': 'ea6b95f3-be49-47e5-85dd-75189f0758d0', 'username': 'ticklishsnake517', 'password': 'flicks', 'salt': 'R7rMC6uI', 'md5': '822445c615d72f1115783f96f0c9b490', 'sha1': '8663e2fd41aec9fee9774d52ff0380ffdd090e50', 'sha256': 'e05240765098f82ce6111cbe541f0b8d04d748ac13e208813cac19c1d5705606'}, 'dob': {'date': '1962-07-10T10:26:59.075Z', 'age': 62}, 'registered': {'date': '2004-07-21T02:44:36.779Z', 'age': 20}, 'phone': '03-90-43-58-08', 'cell': '06-02-17-14-21', 'id': {'name': 'INSEE', 'value': '1620607161670 49'}, 'picture': {'large': 'https://randomuser.me/api/portraits/men/51.jpg', 'medium': 'https://randomuser.me/api/portraits/med/men/51.jpg', 'thumbnail': 'https://randomuser.me/api/portraits/thumb/men/51.jpg'}, 'nat': 'FR'}</msg>
<arg>${json_data['results'][0]}</arg>
<doc>Logs the given message with the given level.</doc>
<status status="PASS" start="2024-07-29T20:16:22.024704" elapsed="0.000407"/>
</kw>
<kw name="Log" owner="BuiltIn">
<msg time="2024-07-29T20:16:22.025531" level="INFO">email</msg>
<arg>${key}</arg>
<doc>Logs the given message with the given level.</doc>
<status status="PASS" start="2024-07-29T20:16:22.025404" elapsed="0.000165"/>
</kw>
<var name="${key}">email</var>
<status status="PASS" start="2024-07-29T20:16:22.023932" elapsed="0.001852"/>
</iter>
<iter>
<kw name="Dictionary Should Contain Key" owner="Collections">
<arg>${json_data['results'][0]}</arg>
<arg>${key}</arg>
<doc>Fails if ``key`` is not found from ``dictionary``.</doc>
<status status="PASS" start="2024-07-29T20:16:22.026096" elapsed="0.000372"/>
</kw>
<kw name="Log" owner="BuiltIn">
<msg time="2024-07-29T20:16:22.026986" level="INFO">{'gender': 'male', 'name': {'title': 'Mr', 'first': 'Tim', 'last': 'Meunier'}, 'location': {'street': {'number': 7305, 'name': "Rue de L'Abbé-Rousselot"}, 'city': 'Grenoble', 'state': 'Vosges', 'country': 'France', 'postcode': 32230, 'coordinates': {'latitude': '-13.7795', 'longitude': '-149.5107'}, 'timezone': {'offset': '-1:00', 'description': 'Azores, Cape Verde Islands'}}, 'email': 'tim.meunier@example.com', 'login': {'uuid': 'ea6b95f3-be49-47e5-85dd-75189f0758d0', 'username': 'ticklishsnake517', 'password': 'flicks', 'salt': 'R7rMC6uI', 'md5': '822445c615d72f1115783f96f0c9b490', 'sha1': '8663e2fd41aec9fee9774d52ff0380ffdd090e50', 'sha256': 'e05240765098f82ce6111cbe541f0b8d04d748ac13e208813cac19c1d5705606'}, 'dob': {'date': '1962-07-10T10:26:59.075Z', 'age': 62}, 'registered': {'date': '2004-07-21T02:44:36.779Z', 'age': 20}, 'phone': '03-90-43-58-08', 'cell': '06-02-17-14-21', 'id': {'name': 'INSEE', 'value': '1620607161670 49'}, 'picture': {'large': 'https://randomuser.me/api/portraits/men/51.jpg', 'medium': 'https://randomuser.me/api/portraits/med/men/51.jpg', 'thumbnail': 'https://randomuser.me/api/portraits/thumb/men/51.jpg'}, 'nat': 'FR'}</msg>
<arg>${json_data['results'][0]}</arg>
<doc>Logs the given message with the given level.</doc>
<status status="PASS" start="2024-07-29T20:16:22.026646" elapsed="0.000398"/>
</kw>
<kw name="Log" owner="BuiltIn">
<msg time="2024-07-29T20:16:22.027463" level="INFO">login</msg>
<arg>${key}</arg>
<doc>Logs the given message with the given level.</doc>
<status status="PASS" start="2024-07-29T20:16:22.027336" elapsed="0.000164"/>
</kw>
<var name="${key}">login</var>
<status status="PASS" start="2024-07-29T20:16:22.025987" elapsed="0.001729"/>
</iter>
<var>${key}</var>
<value>@{expected_keys}</value>
<status status="PASS" start="2024-07-29T20:16:22.017795" elapsed="0.010041"/>
</for>
<kw name="Create List" owner="BuiltIn">
<msg time="2024-07-29T20:16:22.028159" level="INFO">${expected_keysTwo} = ['username', 'password']</msg>
<var>${expected_keysTwo}</var>
<arg>username</arg>
<arg>password</arg>
<doc>Returns a list containing given items.</doc>
<status status="PASS" start="2024-07-29T20:16:22.028026" elapsed="0.000185"/>
</kw>
<for flavor="IN">
<iter>
<kw name="Dictionary Should Contain Key" owner="Collections">
<arg>${json_data['results'][0]['login']}</arg>
<arg>${keyTwo}</arg>
<doc>Fails if ``key`` is not found from ``dictionary``.</doc>
<status status="PASS" start="2024-07-29T20:16:22.028710" elapsed="0.000385"/>
</kw>
<kw name="Dictionary Should Contain Key" owner="Collections">
<arg>${json_data['results'][0]['login']}</arg>
<arg>${keyTwo}</arg>
<doc>Fails if ``key`` is not found from ``dictionary``.</doc>
<status status="PASS" start="2024-07-29T20:16:22.029273" elapsed="0.000374"/>
</kw>
<kw name="Log" owner="BuiltIn">
<msg time="2024-07-29T20:16:22.029970" level="INFO">username</msg>
<arg>${keyTwo}</arg>
<doc>Logs the given message with the given level.</doc>
<status status="PASS" start="2024-07-29T20:16:22.029821" elapsed="0.000187"/>
</kw>
<var name="${keyTwo}">username</var>
<status status="PASS" start="2024-07-29T20:16:22.028604" elapsed="0.001622"/>
</iter>
<iter>
<kw name="Dictionary Should Contain Key" owner="Collections">
<arg>${json_data['results'][0]['login']}</arg>
<arg>${keyTwo}</arg>
<doc>Fails if ``key`` is not found from ``dictionary``.</doc>
<status status="PASS" start="2024-07-29T20:16:22.030508" elapsed="0.000514"/>
</kw>
<kw name="Dictionary Should Contain Key" owner="Collections">
<arg>${json_data['results'][0]['login']}</arg>
<arg>${keyTwo}</arg>
<doc>Fails if ``key`` is not found from ``dictionary``.</doc>
<status status="PASS" start="2024-07-29T20:16:22.031238" elapsed="0.000386"/>
</kw>
<kw name="Log" owner="BuiltIn">
<msg time="2024-07-29T20:16:22.031948" level="INFO">password</msg>
<arg>${keyTwo}</arg>
<doc>Logs the given message with the given level.</doc>
<status status="PASS" start="2024-07-29T20:16:22.031803" elapsed="0.000183"/>
</kw>
<var name="${keyTwo}">password</var>
<status status="PASS" start="2024-07-29T20:16:22.030399" elapsed="0.001809"/>
</iter>
<var>${keyTwo}</var>
<value>@{expected_keysTwo}</value>
<status status="PASS" start="2024-07-29T20:16:22.028455" elapsed="0.003877"/>
</for>
<status status="PASS" start="2024-07-29T20:16:21.906181" elapsed="0.126293"/>
</kw>
<doc>Testa a estrutura da resposta da API.</doc>
<tag>testeEstruturaResposta</tag>
<status status="PASS" start="2024-07-29T20:16:21.905379" elapsed="0.127249"/>
</test>
<test id="s1-s1-t4" name="Validar tipos de dados" line="28">
<kw name="Teste de Tipos de Dados" owner="random-user-service">
<kw name="GET On Session" owner="RequestsLibrary">
<msg time="2024-07-29T20:16:22.101285" level="INFO">GET Request : url=https://randomuser.me/api 
 path_url=/api 
 headers={'User-Agent': 'python-requests/2.32.3', 'Accept-Encoding': 'gzip, deflate', 'Accept': '*/*', 'Connection': 'keep-alive'} 
 body=None 
 </msg>
<msg time="2024-07-29T20:16:22.101363" level="INFO">GET Response : url=https://randomuser.me/api 
 status=200, reason=OK 
 headers={'Date': 'Mon, 29 Jul 2024 20:16:22 GMT', 'Content-Type': 'application/json; charset=utf-8', 'Transfer-Encoding': 'chunked', 'Connection': 'keep-alive', 'X-Powered-By': 'Express', 'Access-Control-Allow-Origin': '*', 'Cache-Control': 'no-cache', 'ETag': 'W/"4a0-cxwPo1plvucVdyJ2T95dIDx5k6w"', 'Vary': 'Accept-Encoding', 'Content-Encoding': 'gzip', 'CF-Cache-Status': 'DYNAMIC', 'Report-To': '{"endpoints":[{"url":"https:\\/\\/a.nel.cloudflare.com\\/report\\/v4?s=1IDXmE3NtHlmoUOkBIPraVXb%2Ble3%2B9YsmYM4hmKlH%2FQCbtarlNQqUU3kSBauNRXEbznKRIl3WlEe4vd7rLVUZPQh2Qc7nTj1CEUU3gpnC0q6Bm8uuMij9GBt6vrYiHU4"}],"group":"cf-nel","max_age":604800}', 'NEL': '{"success_fraction":0,"report_to":"cf-nel","max_age":604800}', 'Server': 'cloudflare', 'CF-RAY': '8aafc949ba7407e3-IAD', 'alt-svc': 'h3=":443"; ma=86400'} 
 body={"results":[{"gender":"female","name":{"title":"Ms","first":"Eléonore","last":"Renaud"},"location":{"street":{"number":367,"name":"Rue de Bonnel"},"city":"Amiens","state":"Guyane","country":"France","postcode":52556,"coordinates":{"latitude":"-16.0147","longitude":"1.8521"},"timezone":{"offset":"+8:00","description":"Beijing, Perth, Singapore, Hong Kong"}},"email":"eleonore.renaud@example.com","login":{"uuid":"5dfd0705-787f-4a08-86a8-c534dd318163","username":"orangerabbit431","password":"nympho","salt":"GB8PbFUA","md5":"c9b9c0c5c845624347c4b0d5bf724950","sha1":"e24e3961dd872def1341567dd31c268327ce3d33","sha256":"899e166ce7330ae2d455a81d133200c6e7d4583d257014537555adf688833834"},"dob":{"date":"1957-08-17T16:45:09.314Z","age":66},"registered":{"date":"2008-05-02T13:26:32.902Z","age":16},"phone":"05-10-50-32-96","cell":"06-92-70-01-51","id":{"name":"INSEE","value":"2570793733591 63"},"picture":{"large":"https://randomuser.me/api/portraits/women/83.jpg","medium":"https://randomuser.me/api/portraits/med/women/83.jpg","thumbnail":"https://randomuser.me/api/portraits/thumb/women/83.jpg"},"nat":"FR"}],"info":{"seed":"baa6d43b2f029e53","results":1,"page":1,"version":"1.4"}} 
 </msg>
<msg time="2024-07-29T20:16:22.101435" level="INFO">/opt/hostedtoolcache/Python/3.12.4/x64/lib/python3.12/site-packages/urllib3/connectionpool.py:1099: InsecureRequestWarning: Unverified HTTPS request is being made to host 'randomuser.me'. Adding certificate verification is strongly advised. See: https://urllib3.readthedocs.io/en/latest/advanced-usage.html#tls-warnings
  warnings.warn(</msg>
<msg time="2024-07-29T20:16:22.101554" level="INFO">${response} = &lt;Response [200]&gt;</msg>
<var>${response}</var>
<arg>consultarAPI</arg>
<arg>/api</arg>
<doc>Sends a GET request on a previously created HTTP Session.</doc>
<status status="PASS" start="2024-07-29T20:16:22.035172" elapsed="0.066430"/>
</kw>
<kw name="Set Variable" owner="BuiltIn">
<msg time="2024-07-29T20:16:22.102847" level="INFO">${json_data} = {'results': [{'gender': 'female', 'name': {'title': 'Ms', 'first': 'Eléonore', 'last': 'Renaud'}, 'location': {'street': {'number': 367, 'name': 'Rue de Bonnel'}, 'city': 'Amiens', 'state': 'Guyane', ...</msg>
<var>${json_data}</var>
<arg>${response.json()}</arg>
<doc>Returns the given values which can then be assigned to a variables.</doc>
<status status="PASS" start="2024-07-29T20:16:22.102192" elapsed="0.000684"/>
</kw>
<kw name="Log" owner="BuiltIn">
<msg time="2024-07-29T20:16:22.103328" level="INFO">{'results': [{'gender': 'female', 'name': {'title': 'Ms', 'first': 'Eléonore', 'last': 'Renaud'}, 'location': {'street': {'number': 367, 'name': 'Rue de Bonnel'}, 'city': 'Amiens', 'state': 'Guyane', 'country': 'France', 'postcode': 52556, 'coordinates': {'latitude': '-16.0147', 'longitude': '1.8521'}, 'timezone': {'offset': '+8:00', 'description': 'Beijing, Perth, Singapore, Hong Kong'}}, 'email': 'eleonore.renaud@example.com', 'login': {'uuid': '5dfd0705-787f-4a08-86a8-c534dd318163', 'username': 'orangerabbit431', 'password': 'nympho', 'salt': 'GB8PbFUA', 'md5': 'c9b9c0c5c845624347c4b0d5bf724950', 'sha1': 'e24e3961dd872def1341567dd31c268327ce3d33', 'sha256': '899e166ce7330ae2d455a81d133200c6e7d4583d257014537555adf688833834'}, 'dob': {'date': '1957-08-17T16:45:09.314Z', 'age': 66}, 'registered': {'date': '2008-05-02T13:26:32.902Z', 'age': 16}, 'phone': '05-10-50-32-96', 'cell': '06-92-70-01-51', 'id': {'name': 'INSEE', 'value': '2570793733591 63'}, 'picture': {'large': 'https://randomuser.me/api/portraits/women/83.jpg', 'medium': 'https://randomuser.me/api/portraits/med/women/83.jpg', 'thumbnail': 'https://randomuser.me/api/portraits/thumb/women/83.jpg'}, 'nat': 'FR'}], 'info': {'seed': 'baa6d43b2f029e53', 'results': 1, 'page': 1, 'version': '1.4'}}</msg>
<arg>${json_data}</arg>
<doc>Logs the given message with the given level.</doc>
<status status="PASS" start="2024-07-29T20:16:22.103176" elapsed="0.000199"/>
</kw>
<kw name="Should Be String" owner="String">
<arg>${json_data['results'][0]['gender']}</arg>
<doc>Fails if the given ``item`` is not a string.</doc>
<status status="PASS" start="2024-07-29T20:16:22.103663" elapsed="0.000365"/>
</kw>
<kw name="Should Match Regexp" owner="BuiltIn">
<arg>${json_data['results'][0]['email']}</arg>
<arg>^[a-zA-Z0-9._%+-]+@[a-zA-Z0-9.-]+\.[a-zA-Z]{2,}$</arg>
<doc>Fails if ``string`` does not match ``pattern`` as a regular expression.</doc>
<status status="PASS" start="2024-07-29T20:16:22.104214" elapsed="0.000548"/>
</kw>
<kw name="Should Match Regexp" owner="BuiltIn">
<arg>${json_data['results'][0]['dob']['date']}</arg>
<arg>\\d{4}-\\d{2}-\\d{2}T\\d{2}:\\d{2}:\\d{2}\\.\\d{3}Z</arg>
<doc>Fails if ``string`` does not match ``pattern`` as a regular expression.</doc>
<status status="PASS" start="2024-07-29T20:16:22.104952" elapsed="0.000593"/>
</kw>
<kw name="Should Match Regexp" owner="BuiltIn">
<arg>${json_data['results'][0]['registered']['date']}</arg>
<arg>\\d{4}-\\d{2}-\\d{2}T\\d{2}:\\d{2}:\\d{2}\\.\\d{3}Z</arg>
<doc>Fails if ``string`` does not match ``pattern`` as a regular expression.</doc>
<status status="PASS" start="2024-07-29T20:16:22.105737" elapsed="0.000400"/>
</kw>
<kw name="Should Match Regexp" owner="BuiltIn">
<arg>${json_data['results'][0]['picture']['large']}</arg>
<arg>^https?://.*\.(?:png|jpe?g|gif|bmp)$</arg>
<doc>Fails if ``string`` does not match ``pattern`` as a regular expression.</doc>
<status status="PASS" start="2024-07-29T20:16:22.106320" elapsed="0.000454"/>
</kw>
<kw name="Should Match Regexp" owner="BuiltIn">
<arg>${json_data['results'][0]['picture']['medium']}</arg>
<arg>^https?://.*\.(?:png|jpe?g|gif|bmp)$</arg>
<doc>Fails if ``string`` does not match ``pattern`` as a regular expression.</doc>
<status status="PASS" start="2024-07-29T20:16:22.106959" elapsed="0.000350"/>
</kw>
<kw name="Should Match Regexp" owner="BuiltIn">
<arg>${json_data['results'][0]['picture']['thumbnail']}</arg>
<arg>^https?://.*\.(?:png|jpe?g|gif|bmp)$</arg>
<doc>Fails if ``string`` does not match ``pattern`` as a regular expression.</doc>
<status status="PASS" start="2024-07-29T20:16:22.107488" elapsed="0.000342"/>
</kw>
<kw name="Log" owner="BuiltIn">
<msg time="2024-07-29T20:16:22.108324" level="INFO">{'large': 'https://randomuser.me/api/portraits/women/83.jpg', 'medium': 'https://randomuser.me/api/portraits/med/women/83.jpg', 'thumbnail': 'https://randomuser.me/api/portraits/thumb/women/83.jpg'}</msg>
<arg>${json_data['results'][0]['picture']}</arg>
<doc>Logs the given message with the given level.</doc>
<status status="PASS" start="2024-07-29T20:16:22.108007" elapsed="0.000359"/>
</kw>
<status status="PASS" start="2024-07-29T20:16:22.034952" elapsed="0.073665"/>
</kw>
<kw name="Teste de Tipos de Dados - Postcode" owner="random-user-service">
<kw name="GET On Session" owner="RequestsLibrary">
<msg time="2024-07-29T20:16:22.188994" level="INFO">GET Request : url=https://randomuser.me/api 
 path_url=/api 
 headers={'User-Agent': 'python-requests/2.32.3', 'Accept-Encoding': 'gzip, deflate', 'Accept': '*/*', 'Connection': 'keep-alive'} 
 body=None 
 </msg>
<msg time="2024-07-29T20:16:22.189075" level="INFO">GET Response : url=https://randomuser.me/api 
 status=200, reason=OK 
 headers={'Date': 'Mon, 29 Jul 2024 20:16:22 GMT', 'Content-Type': 'application/json; charset=utf-8', 'Transfer-Encoding': 'chunked', 'Connection': 'keep-alive', 'X-Powered-By': 'Express', 'Access-Control-Allow-Origin': '*', 'Cache-Control': 'no-cache', 'ETag': 'W/"477-kZaxGpHdVVyWa8IvmLJjeRp8krg"', 'Vary': 'Accept-Encoding', 'Content-Encoding': 'gzip', 'CF-Cache-Status': 'DYNAMIC', 'Report-To': '{"endpoints":[{"url":"https:\\/\\/a.nel.cloudflare.com\\/report\\/v4?s=vTshpGCzouvGt5cT0O2sz3r6PlsYk4aD1GyV6i8z8eYjVElu4ZNGVflWhemrLXMrqywxVyr2TzQjS3hF9ur%2F8gvrE6JlVYMnKPf3f3sXokRoVPLux4DcmYfzKEYzMjvz"}],"group":"cf-nel","max_age":604800}', 'NEL': '{"success_fraction":0,"report_to":"cf-nel","max_age":604800}', 'Server': 'cloudflare', 'CF-RAY': '8aafc94a3ae907e3-IAD', 'alt-svc': 'h3=":443"; ma=86400'} 
 body={"results":[{"gender":"male","name":{"title":"Mr","first":"Lavrin","last":"Kabachok"},"location":{"street":{"number":665,"name":"Gruzinenka"},"city":"Soledar","state":"Kiyivska","country":"Ukraine","postcode":62595,"coordinates":{"latitude":"72.8798","longitude":"-160.2516"},"timezone":{"offset":"+7:00","description":"Bangkok, Hanoi, Jakarta"}},"email":"lavrin.kabachok@example.com","login":{"uuid":"75d14d69-739b-41fb-a6a7-3890eb23f58a","username":"purplekoala272","password":"gravity","salt":"CmLTe7R3","md5":"7ec820ae9eea6bd0dc68fb51d6858f89","sha1":"ff57cc998fda32a22bcc8376303babb107213c9e","sha256":"6ee7bd80a8825fa476b7081e16f99f5f491c5e7fd26b6f68b1b386b577771c5b"},"dob":{"date":"1973-10-23T14:20:14.500Z","age":50},"registered":{"date":"2014-03-22T12:48:10.302Z","age":10},"phone":"(099) T12-9356","cell":"(068) A65-4660","id":{"name":"","value":null},"picture":{"large":"https://randomuser.me/api/portraits/men/3.jpg","medium":"https://randomuser.me/api/portraits/med/men/3.jpg","thumbnail":"https://randomuser.me/api/portraits/thumb/men/3.jpg"},"nat":"UA"}],"info":{"seed":"9d695392103a3107","results":1,"page":1,"version":"1.4"}} 
 </msg>
<msg time="2024-07-29T20:16:22.189143" level="INFO">/opt/hostedtoolcache/Python/3.12.4/x64/lib/python3.12/site-packages/urllib3/connectionpool.py:1099: InsecureRequestWarning: Unverified HTTPS request is being made to host 'randomuser.me'. Adding certificate verification is strongly advised. See: https://urllib3.readthedocs.io/en/latest/advanced-usage.html#tls-warnings
  warnings.warn(</msg>
<msg time="2024-07-29T20:16:22.189248" level="INFO">${response} = &lt;Response [200]&gt;</msg>
<var>${response}</var>
<arg>consultarAPI</arg>
<arg>/api</arg>
<doc>Sends a GET request on a previously created HTTP Session.</doc>
<status status="PASS" start="2024-07-29T20:16:22.109047" elapsed="0.080241"/>
</kw>
<kw name="Set Variable" owner="BuiltIn">
<msg time="2024-07-29T20:16:22.190297" level="INFO">${json_data} = {'results': [{'gender': 'male', 'name': {'title': 'Mr', 'first': 'Lavrin', 'last': 'Kabachok'}, 'location': {'street': {'number': 665, 'name': 'Gruzinenka'}, 'city': 'Soledar', 'state': 'Kiyivska', 'c...</msg>
<var>${json_data}</var>
<arg>${response.json()}</arg>
<doc>Returns the given values which can then be assigned to a variables.</doc>
<status status="PASS" start="2024-07-29T20:16:22.189737" elapsed="0.000590"/>
</kw>
<kw name="Log" owner="BuiltIn">
<msg time="2024-07-29T20:16:22.190792" level="INFO">{'results': [{'gender': 'male', 'name': {'title': 'Mr', 'first': 'Lavrin', 'last': 'Kabachok'}, 'location': {'street': {'number': 665, 'name': 'Gruzinenka'}, 'city': 'Soledar', 'state': 'Kiyivska', 'country': 'Ukraine', 'postcode': 62595, 'coordinates': {'latitude': '72.8798', 'longitude': '-160.2516'}, 'timezone': {'offset': '+7:00', 'description': 'Bangkok, Hanoi, Jakarta'}}, 'email': 'lavrin.kabachok@example.com', 'login': {'uuid': '75d14d69-739b-41fb-a6a7-3890eb23f58a', 'username': 'purplekoala272', 'password': 'gravity', 'salt': 'CmLTe7R3', 'md5': '7ec820ae9eea6bd0dc68fb51d6858f89', 'sha1': 'ff57cc998fda32a22bcc8376303babb107213c9e', 'sha256': '6ee7bd80a8825fa476b7081e16f99f5f491c5e7fd26b6f68b1b386b577771c5b'}, 'dob': {'date': '1973-10-23T14:20:14.500Z', 'age': 50}, 'registered': {'date': '2014-03-22T12:48:10.302Z', 'age': 10}, 'phone': '(099) T12-9356', 'cell': '(068) A65-4660', 'id': {'name': '', 'value': None}, 'picture': {'large': 'https://randomuser.me/api/portraits/men/3.jpg', 'medium': 'https://randomuser.me/api/portraits/med/men/3.jpg', 'thumbnail': 'https://randomuser.me/api/portraits/thumb/men/3.jpg'}, 'nat': 'UA'}], 'info': {'seed': '9d695392103a3107', 'results': 1, 'page': 1, 'version': '1.4'}}</msg>
<arg>${json_data}</arg>
<doc>Logs the given message with the given level.</doc>
<status status="PASS" start="2024-07-29T20:16:22.190639" elapsed="0.000198"/>
</kw>
<kw name="Should Be Equal As Numbers" owner="BuiltIn">
<arg>${json_data['results'][0]['location']['postcode']}</arg>
<arg>${json_data['results'][0]['location']['postcode']}</arg>
<doc>Fails if objects are unequal after converting them to real numbers.</doc>
<status status="PASS" start="2024-07-29T20:16:22.191130" elapsed="0.000624"/>
</kw>
<kw name="Log" owner="BuiltIn">
<msg time="2024-07-29T20:16:22.192276" level="INFO">62595</msg>
<arg>${json_data['results'][0]['location']['postcode']}</arg>
<doc>Logs the given message with the given level.</doc>
<status status="PASS" start="2024-07-29T20:16:22.191945" elapsed="0.000370"/>
</kw>
<status status="PASS" start="2024-07-29T20:16:22.108831" elapsed="0.083763"/>
</kw>
<doc>Testa se os tipos de dados na resposta da API estão corretos.</doc>
<tag>testeTiposDados</tag>
<status status="PASS" start="2024-07-29T20:16:22.034414" elapsed="0.158352"/>
</test>
<test id="s1-s1-t5" name="Validar conteudo" line="35">
<kw name="Teste de Tipos de Conteudo" owner="random-user-service">
<kw name="GET On Session" owner="RequestsLibrary">
<msg time="2024-07-29T20:16:22.294373" level="INFO">GET Request : url=https://randomuser.me/api 
 path_url=/api 
 headers={'User-Agent': 'python-requests/2.32.3', 'Accept-Encoding': 'gzip, deflate', 'Accept': '*/*', 'Connection': 'keep-alive'} 
 body=None 
 </msg>
<msg time="2024-07-29T20:16:22.294450" level="INFO">GET Response : url=https://randomuser.me/api 
 status=200, reason=OK 
 headers={'Date': 'Mon, 29 Jul 2024 20:16:22 GMT', 'Content-Type': 'application/json; charset=utf-8', 'Transfer-Encoding': 'chunked', 'Connection': 'keep-alive', 'X-Powered-By': 'Express', 'Access-Control-Allow-Origin': '*', 'Cache-Control': 'no-cache', 'ETag': 'W/"499-2cmP13oRLiQo+8mUTafX290vFjM"', 'Vary': 'Accept-Encoding', 'Content-Encoding': 'gzip', 'CF-Cache-Status': 'DYNAMIC', 'Report-To': '{"endpoints":[{"url":"https:\\/\\/a.nel.cloudflare.com\\/report\\/v4?s=ksqocGySTWGicO1SbJsJKoO1tqx8ZA6W4IpZ%2Ff4u2dDK5OYJMGbq6NGPIsS2DFgNA6v5Apx3RUBFBU8nXmATH25MnUurvBIvD9sLcHVyGJjB225ouoe0rPnAg5YJnQfl"}],"group":"cf-nel","max_age":604800}', 'NEL': '{"success_fraction":0,"report_to":"cf-nel","max_age":604800}', 'Server': 'cloudflare', 'CF-RAY': '8aafc94abb7b07e3-IAD', 'alt-svc': 'h3=":443"; ma=86400'} 
 body={"results":[{"gender":"male","name":{"title":"Mr","first":"Philip","last":"Bishop"},"location":{"street":{"number":520,"name":"Paddock Way"},"city":"Brownsville","state":"Indiana","country":"United States","postcode":96742,"coordinates":{"latitude":"83.6804","longitude":"-133.3698"},"timezone":{"offset":"+9:00","description":"Tokyo, Seoul, Osaka, Sapporo, Yakutsk"}},"email":"philip.bishop@example.com","login":{"uuid":"c1d0914f-e62c-4c47-815c-c2cb47b414e2","username":"greenrabbit791","password":"bartman","salt":"5zjXWqEa","md5":"c8747758cd7ae5ecae4665b69c250de5","sha1":"8d401c5347da25978230c51e4e4c87545c1006ea","sha256":"1bd0968362993ce6ef5fb3a7db15606622f5c5ed4b6f8fa9f349d8875c60595f"},"dob":{"date":"1953-01-09T07:25:59.603Z","age":71},"registered":{"date":"2017-12-05T19:53:16.662Z","age":6},"phone":"(447) 402-9149","cell":"(615) 949-5993","id":{"name":"SSN","value":"559-42-1075"},"picture":{"large":"https://randomuser.me/api/portraits/men/71.jpg","medium":"https://randomuser.me/api/portraits/med/men/71.jpg","thumbnail":"https://randomuser.me/api/portraits/thumb/men/71.jpg"},"nat":"US"}],"info":{"seed":"efe2b6270ef30768","results":1,"page":1,"version":"1.4"}} 
 </msg>
<msg time="2024-07-29T20:16:22.294524" level="INFO">/opt/hostedtoolcache/Python/3.12.4/x64/lib/python3.12/site-packages/urllib3/connectionpool.py:1099: InsecureRequestWarning: Unverified HTTPS request is being made to host 'randomuser.me'. Adding certificate verification is strongly advised. See: https://urllib3.readthedocs.io/en/latest/advanced-usage.html#tls-warnings
  warnings.warn(</msg>
<msg time="2024-07-29T20:16:22.294615" level="INFO">${response} = &lt;Response [200]&gt;</msg>
<var>${response}</var>
<arg>consultarAPI</arg>
<arg>/api</arg>
<doc>Sends a GET request on a previously created HTTP Session.</doc>
<status status="PASS" start="2024-07-29T20:16:22.195308" elapsed="0.099337"/>
</kw>
<kw name="Set Variable" owner="BuiltIn">
<msg time="2024-07-29T20:16:22.295481" level="INFO">${json_data} = {'results': [{'gender': 'male', 'name': {'title': 'Mr', 'first': 'Philip', 'last': 'Bishop'}, 'location': {'street': {'number': 520, 'name': 'Paddock Way'}, 'city': 'Brownsville', 'state': 'Indiana', ...</msg>
<var>${json_data}</var>
<arg>${response.json()}</arg>
<doc>Returns the given values which can then be assigned to a variables.</doc>
<status status="PASS" start="2024-07-29T20:16:22.295029" elapsed="0.000480"/>
</kw>
<kw name="Set Variable" owner="BuiltIn">
<msg time="2024-07-29T20:16:22.296189" level="INFO">${name_title} = Mr</msg>
<var>${name_title}</var>
<arg>${json_data["results"][0]["name"]["title"]}</arg>
<doc>Returns the given values which can then be assigned to a variables.</doc>
<status status="PASS" start="2024-07-29T20:16:22.295815" elapsed="0.000399"/>
</kw>
<kw name="Create List" owner="BuiltIn">
<msg time="2024-07-29T20:16:22.296666" level="INFO">${allowed_titles} = ['Mr', 'Ms', 'Miss', 'Mrs', 'Madame', 'Monsieur']</msg>
<var>${allowed_titles}</var>
<arg>Mr</arg>
<arg>Ms</arg>
<arg>Miss</arg>
<arg>Mrs</arg>
<arg>Madame</arg>
<arg>Monsieur</arg>
<doc>Returns a list containing given items.</doc>
<status status="PASS" start="2024-07-29T20:16:22.296517" elapsed="0.000173"/>
</kw>
<kw name="List Should Contain Value" owner="Collections">
<arg>${allowed_titles}</arg>
<arg>${name_title}</arg>
<doc>Fails if the ``value`` is not found from ``list``.</doc>
<status status="PASS" start="2024-07-29T20:16:22.296980" elapsed="0.000179"/>
</kw>
<kw name="Set Variable" owner="BuiltIn">
<msg time="2024-07-29T20:16:22.297726" level="INFO">${name_country} = US</msg>
<var>${name_country}</var>
<arg>${json_data["results"][0]["nat"]}</arg>
<doc>Returns the given values which can then be assigned to a variables.</doc>
<status status="PASS" start="2024-07-29T20:16:22.297346" elapsed="0.000404"/>
</kw>
<kw name="Create List" owner="BuiltIn">
<msg time="2024-07-29T20:16:22.298674" level="INFO">${list_country} = ['AD', 'AE', 'AF', 'AG', 'AI', 'AL', 'AM', 'AO', 'AQ', 'AR', 'AS', 'AT', 'AU', 'AW', 'AX', 'AZ', 'BA', 'BB', 'BD', 'BE', 'BF', 'BG', 'BH', 'BI', 'BJ', 'BL', 'BM', 'BN', 'BO', 'BQ', 'BR', 'BS', 'BT', '...</msg>
<var>${list_country}</var>
<arg>AD</arg>
<arg>AE</arg>
<arg>AF</arg>
<arg>AG</arg>
<arg>AI</arg>
<arg>AL</arg>
<arg>AM</arg>
<arg>AO</arg>
<arg>AQ</arg>
<arg>AR</arg>
<arg>AS</arg>
<arg>AT</arg>
<arg>AU</arg>
<arg>AW</arg>
<arg>AX</arg>
<arg>AZ</arg>
<arg>BA</arg>
<arg>BB</arg>
<arg>BD</arg>
<arg>BE</arg>
<arg>BF</arg>
<arg>BG</arg>
<arg>BH</arg>
<arg>BI</arg>
<arg>BJ</arg>
<arg>BL</arg>
<arg>BM</arg>
<arg>BN</arg>
<arg>BO</arg>
<arg>BQ</arg>
<arg>BR</arg>
<arg>BS</arg>
<arg>BT</arg>
<arg>BV</arg>
<arg>BW</arg>
<arg>BY</arg>
<arg>BZ</arg>
<arg>CA</arg>
<arg>CC</arg>
<arg>CD</arg>
<arg>CF</arg>
<arg>CG</arg>
<arg>CH</arg>
<arg>CI</arg>
<arg>CK</arg>
<arg>CL</arg>
<arg>CM</arg>
<arg>CN</arg>
<arg>CO</arg>
<arg>CR</arg>
<arg>CU</arg>
<arg>CV</arg>
<arg>CW</arg>
<arg>CX</arg>
<arg>CY</arg>
<arg>CZ</arg>
<arg>DE</arg>
<arg>DJ</arg>
<arg>DK</arg>
<arg>DM</arg>
<arg>DO</arg>
<arg>DZ</arg>
<arg>EC</arg>
<arg>EE</arg>
<arg>EG</arg>
<arg>EH</arg>
<arg>ER</arg>
<arg>ES</arg>
<arg>ET</arg>
<arg>FI</arg>
<arg>FJ</arg>
<arg>FK</arg>
<arg>FM</arg>
<arg>FO</arg>
<arg>FR</arg>
<arg>GA</arg>
<arg>GB</arg>
<arg>GD</arg>
<arg>GE</arg>
<arg>GF</arg>
<arg>GG</arg>
<arg>GH</arg>
<arg>GI</arg>
<arg>GL</arg>
<arg>GM</arg>
<arg>GN</arg>
<arg>GP</arg>
<arg>GQ</arg>
<arg>GR</arg>
<arg>GS</arg>
<arg>GT</arg>
<arg>GU</arg>
<arg>GW</arg>
<arg>GY</arg>
<arg>HK</arg>
<arg>HM</arg>
<arg>HN</arg>
<arg>HR</arg>
<arg>HT</arg>
<arg>HU</arg>
<arg>ID</arg>
<arg>IE</arg>
<arg>IL</arg>
<arg>IM</arg>
<arg>IN</arg>
<arg>IO</arg>
<arg>IQ</arg>
<arg>IR</arg>
<arg>IS</arg>
<arg>IT</arg>
<arg>JE</arg>
<arg>JM</arg>
<arg>JO</arg>
<arg>JP</arg>
<arg>KE</arg>
<arg>KG</arg>
<arg>KH</arg>
<arg>KI</arg>
<arg>KM</arg>
<arg>KN</arg>
<arg>KP</arg>
<arg>KR</arg>
<arg>KW</arg>
<arg>KY</arg>
<arg>KZ</arg>
<arg>LA</arg>
<arg>LB</arg>
<arg>LC</arg>
<arg>LI</arg>
<arg>LK</arg>
<arg>LR</arg>
<arg>LS</arg>
<arg>LT</arg>
<arg>LU</arg>
<arg>LV</arg>
<arg>LY</arg>
<arg>MA</arg>
<arg>MC</arg>
<arg>MD</arg>
<arg>ME</arg>
<arg>MF</arg>
<arg>MG</arg>
<arg>MH</arg>
<arg>MK</arg>
<arg>ML</arg>
<arg>MM</arg>
<arg>MN</arg>
<arg>MO</arg>
<arg>MP</arg>
<arg>MQ</arg>
<arg>MR</arg>
<arg>MS</arg>
<arg>MT</arg>
<arg>MU</arg>
<arg>MV</arg>
<arg>MW</arg>
<arg>MX</arg>
<arg>MY</arg>
<arg>MZ</arg>
<arg>NA</arg>
<arg>NC</arg>
<arg>NE</arg>
<arg>NF</arg>
<arg>NG</arg>
<arg>NI</arg>
<arg>NL</arg>
<arg>NO</arg>
<arg>NP</arg>
<arg>NR</arg>
<arg>NU</arg>
<arg>NZ</arg>
<arg>OM</arg>
<arg>PA</arg>
<arg>PE</arg>
<arg>PF</arg>
<arg>PG</arg>
<arg>PH</arg>
<arg>PK</arg>
<arg>PL</arg>
<arg>PM</arg>
<arg>PN</arg>
<arg>PR</arg>
<arg>PS</arg>
<arg>PT</arg>
<arg>PW</arg>
<arg>PY</arg>
<arg>QA</arg>
<arg>RE</arg>
<arg>RO</arg>
<arg>RS</arg>
<arg>RU</arg>
<arg>RW</arg>
<arg>SA</arg>
<arg>SB</arg>
<arg>SC</arg>
<arg>SD</arg>
<arg>SE</arg>
<arg>SG</arg>
<arg>SH</arg>
<arg>SI</arg>
<arg>SJ</arg>
<arg>SK</arg>
<arg>SL</arg>
<arg>SM</arg>
<arg>SN</arg>
<arg>SO</arg>
<arg>SR</arg>
<arg>SS</arg>
<arg>ST</arg>
<arg>SV</arg>
<arg>SX</arg>
<arg>SY</arg>
<arg>SZ</arg>
<arg>TC</arg>
<arg>TD</arg>
<arg>TF</arg>
<arg>TG</arg>
<arg>TH</arg>
<arg>TJ</arg>
<arg>TK</arg>
<arg>TL</arg>
<arg>TM</arg>
<arg>TN</arg>
<arg>TO</arg>
<arg>TR</arg>
<arg>TT</arg>
<arg>TV</arg>
<arg>TW</arg>
<arg>TZ</arg>
<arg>UA</arg>
<arg>UG</arg>
<arg>UM</arg>
<arg>US</arg>
<arg>UY</arg>
<arg>UZ</arg>
<arg>VA</arg>
<arg>VC</arg>
<arg>VE</arg>
<arg>VG</arg>
<arg>VI</arg>
<arg>VN</arg>
<arg>VU</arg>
<arg>WF</arg>
<arg>WS</arg>
<arg>XK</arg>
<arg>YE</arg>
<arg>YT</arg>
<arg>ZA</arg>
<arg>ZM</arg>
<arg>ZW</arg>
<doc>Returns a list containing given items.</doc>
<status status="PASS" start="2024-07-29T20:16:22.298078" elapsed="0.000621"/>
</kw>
<kw name="List Should Contain Value" owner="Collections">
<arg>${list_country}</arg>
<arg>${name_country}</arg>
<doc>Fails if the ``value`` is not found from ``list``.</doc>
<status status="PASS" start="2024-07-29T20:16:22.299626" elapsed="0.000209"/>
</kw>
<kw name="Run Keyword If" owner="BuiltIn">
<kw name="Should Be True" owner="BuiltIn">
<arg>${True}</arg>
<doc>Fails if the given condition is not true.</doc>
<status status="PASS" start="2024-07-29T20:16:22.300780" elapsed="0.000142"/>
</kw>
<arg>${json_data["results"][0]["location"]["coordinates"]["latitude"]} &gt;= -90 and ${json_data["results"][0]["location"]["coordinates"]["latitude"]} &lt;= 90</arg>
<arg>Should Be True</arg>
<arg>${True}</arg>
<doc>Runs the given keyword with the given arguments, if ``condition`` is true.</doc>
<status status="PASS" start="2024-07-29T20:16:22.300033" elapsed="0.001020"/>
</kw>
<kw name="Run Keyword If" owner="BuiltIn">
<kw name="Should Be True" owner="BuiltIn">
<arg>${True}</arg>
<doc>Fails if the given condition is not true.</doc>
<status status="PASS" start="2024-07-29T20:16:22.301938" elapsed="0.000145"/>
</kw>
<arg>${json_data["results"][0]["location"]["coordinates"]["longitude"]} &gt;= -180 and ${json_data["results"][0]["location"]["coordinates"]["longitude"]} &lt;= 180</arg>
<arg>Should Be True</arg>
<arg>${True}</arg>
<doc>Runs the given keyword with the given arguments, if ``condition`` is true.</doc>
<status status="PASS" start="2024-07-29T20:16:22.301235" elapsed="0.000970"/>
</kw>
<status status="PASS" start="2024-07-29T20:16:22.195089" elapsed="0.107247"/>
</kw>
<doc>Testa o conteúdo específico dos campos retornados pela API.</doc>
<tag>testeConteudo</tag>
<status status="PASS" start="2024-07-29T20:16:22.194571" elapsed="0.107907"/>
</test>
<status status="PASS" start="2024-07-29T20:16:21.372161" elapsed="0.932230"/>
</suite>
<status status="PASS" start="2024-07-29T20:16:21.357836" elapsed="0.951668"/>
</suite>
<statistics>
<total>
<stat pass="5" fail="0" skip="0">All Tests</stat>
</total>
<tag>
<stat pass="1" fail="0" skip="0">testeConteudo</stat>
<stat pass="1" fail="0" skip="0">testeEstruturaResposta</stat>
<stat pass="1" fail="0" skip="0">testeRequisicaoBasica</stat>
<stat pass="1" fail="0" skip="0">testeTiposDados</stat>
</tag>
<suite>
<stat pass="5" fail="0" skip="0" id="s1" name="Tests">Tests</stat>
<stat pass="5" fail="0" skip="0" id="s1-s1" name="Random-User-Test">Tests.Random-User-Test</stat>
</suite>
</statistics>
<errors>
</errors>
</robot>
