<?xml version="1.0" encoding="UTF-8"?>
<robot generator="Robot 7.0 (Python 3.12.3 on linux)" generated="2024-05-25T21:12:53.819139" rpa="false" schemaversion="5">
<suite id="s1" name="Tests" source="/home/runner/work/ApiRandomUser/ApiRandomUser/RamdonUser/tests">
<suite id="s1-s1" name="Random-User-Test" source="/home/runner/work/ApiRandomUser/ApiRandomUser/RamdonUser/tests/random-user-test.robot">
<test id="s1-s1-t1" name="Conectar" line="13">
<kw name="Conectar API" owner="random-user-service">
<kw name="Create Session" owner="RequestsLibrary">
<msg time="2024-05-25T21:12:54.254882" level="INFO">Creating Session using : alias=consultarAPI, url=https://randomuser.me/, headers={},                     cookies={}, auth=None, timeout=None, proxies=None, verify=False,                     debug=0 </msg>
<arg>consultarAPI</arg>
<arg>${URL}</arg>
<doc>Create Session: create a HTTP session to a server</doc>
<status status="PASS" start="2024-05-25T21:12:54.254658" elapsed="0.000436"/>
</kw>
<status status="PASS" start="2024-05-25T21:12:54.253455" elapsed="0.002051"/>
</kw>
<status status="PASS" start="2024-05-25T21:12:54.252788" elapsed="0.002917"/>
</test>
<test id="s1-s1-t2" name="Validar retorno 200 e JSON Válido" line="16">
<kw name="Teste de Requisicao Basica" owner="random-user-service">
<kw name="GET On Session" owner="RequestsLibrary">
<msg time="2024-05-25T21:12:54.337101" level="INFO">GET Request : url=https://randomuser.me/api 
 path_url=/api 
 headers={'User-Agent': 'python-requests/2.32.2', 'Accept-Encoding': 'gzip, deflate', 'Accept': '*/*', 'Connection': 'keep-alive'} 
 body=None 
 </msg>
<msg time="2024-05-25T21:12:54.337267" level="INFO">GET Response : url=https://randomuser.me/api 
 status=200, reason=OK 
 headers={'Date': 'Sat, 25 May 2024 21:12:54 GMT', 'Content-Type': 'application/json; charset=utf-8', 'Transfer-Encoding': 'chunked', 'Connection': 'keep-alive', 'X-Powered-By': 'Express', 'Access-Control-Allow-Origin': '*', 'Cache-Control': 'no-cache', 'ETag': 'W/"483-8L7U0ZrYHb5seFsDT2eoxK6Q9DY"', 'Vary': 'Accept-Encoding', 'Content-Encoding': 'gzip', 'CF-Cache-Status': 'DYNAMIC', 'Report-To': '{"endpoints":[{"url":"https:\\/\\/a.nel.cloudflare.com\\/report\\/v4?s=QWZ806LEVyRYJosmYgQIV0wVc5UAQxDkA23xYqtOE%2B1xOL%2FImUYw8hGYizW3NIZau2ZRdEhMtMC%2FavJi8rM2vB0Jmowrx%2F0wd1pcgzyM%2FCZVeRuFVCvCAZHe0tfKiTaq"}],"group":"cf-nel","max_age":604800}', 'NEL': '{"success_fraction":0,"report_to":"cf-nel","max_age":604800}', 'Server': 'cloudflare', 'CF-RAY': '889886bb5a12111a-ORD', 'alt-svc': 'h3=":443"; ma=86400'} 
 body={"results":[{"gender":"male","name":{"title":"Monsieur","first":"Lorenz","last":"Philippe"},"location":{"street":{"number":7752,"name":"Rue Abel-Hovelacque"},"city":"Graben","state":"Glarus","country":"Switzerland","postcode":4194,"coordinates":{"latitude":"-55.8578","longitude":"-25.9332"},"timezone":{"offset":"+4:30","description":"Kabul"}},"email":"lorenz.philippe@example.com","login":{"uuid":"9cac555f-edea-4d31-a8f0-a2475eb621fb","username":"yellowbird717","password":"kids","salt":"325Q1nd6","md5":"959992cd16920b8e2c42c309d01a327a","sha1":"c2af2eefef7238b618716b2ec921a48b029ec17a","sha256":"941315ad0edcb0c86b7be4f6ab5c1e0451ac12b1c9142acc8f46fe2b49f5642b"},"dob":{"date":"1952-07-01T12:08:24.171Z","age":71},"registered":{"date":"2007-09-18T03:30:40.916Z","age":16},"phone":"079 741 19 79","cell":"079 721 46 75","id":{"name":"AVS","value":"756.4401.0814.55"},"picture":{"large":"https://randomuser.me/api/portraits/men/44.jpg","medium":"https://randomuser.me/api/portraits/med/men/44.jpg","thumbnail":"https://randomuser.me/api/portraits/thumb/men/44.jpg"},"nat":"CH"}],"info":{"seed":"2fd1f5cd565e014a","results":1,"page":1,"version":"1.4"}} 
 </msg>
<msg time="2024-05-25T21:12:54.337353" level="INFO">/opt/hostedtoolcache/Python/3.12.3/x64/lib/python3.12/site-packages/urllib3/connectionpool.py:1103: InsecureRequestWarning: Unverified HTTPS request is being made to host 'randomuser.me'. Adding certificate verification is strongly advised. See: https://urllib3.readthedocs.io/en/latest/advanced-usage.html#tls-warnings
  warnings.warn(</msg>
<msg time="2024-05-25T21:12:54.337510" level="INFO">${response} = &lt;Response [200]&gt;</msg>
<var>${response}</var>
<arg>consultarAPI</arg>
<arg>/api</arg>
<doc>Sends a GET request on a previously created HTTP Session.</doc>
<status status="PASS" start="2024-05-25T21:12:54.258439" elapsed="0.079113"/>
</kw>
<kw name="Should Be Equal As Numbers" owner="BuiltIn">
<msg time="2024-05-25T21:12:54.338774" level="INFO">Argument types are:
&lt;class 'int'&gt;
&lt;class 'str'&gt;</msg>
<arg>${response.status_code}</arg>
<arg>200</arg>
<doc>Fails if objects are unequal after converting them to real numbers.</doc>
<status status="PASS" start="2024-05-25T21:12:54.338249" elapsed="0.000597"/>
</kw>
<kw name="Log" owner="BuiltIn">
<msg time="2024-05-25T21:12:54.339577" level="INFO">200</msg>
<arg>${response.status_code}</arg>
<doc>Logs the given message with the given level.</doc>
<status status="PASS" start="2024-05-25T21:12:54.339216" elapsed="0.000412"/>
</kw>
<kw name="Set Variable" owner="BuiltIn">
<msg time="2024-05-25T21:12:54.340412" level="INFO">${json_data} = {'results': [{'gender': 'male', 'name': {'title': 'Monsieur', 'first': 'Lorenz', 'last': 'Philippe'}, 'location': {'street': {'number': 7752, 'name': 'Rue Abel-Hovelacque'}, 'city': 'Graben', 'state':...</msg>
<var>${json_data}</var>
<arg>${response.json()}</arg>
<doc>Returns the given values which can then be assigned to a variables.</doc>
<status status="PASS" start="2024-05-25T21:12:54.339950" elapsed="0.000496"/>
</kw>
<kw name="Dictionary Should Contain Key" owner="Collections">
<msg time="2024-05-25T21:12:54.340931" level="INFO">False</msg>
<arg>${json_data}</arg>
<arg>results</arg>
<doc>Fails if ``key`` is not found from ``dictionary``.</doc>
<status status="PASS" start="2024-05-25T21:12:54.340756" elapsed="0.000398"/>
</kw>
<status status="PASS" start="2024-05-25T21:12:54.258144" elapsed="0.083284"/>
</kw>
<doc>Testa se a API responde corretamente e retorna um objeto JSON válido.</doc>
<tag>testeRequisicaoBasica</tag>
<status status="PASS" start="2024-05-25T21:12:54.257642" elapsed="0.083974"/>
</test>
<test id="s1-s1-t3" name="Validar estrutura de resposta" line="22">
<kw name="Teste de Estrutura de Resposta" owner="random-user-service">
<kw name="GET On Session" owner="RequestsLibrary">
<msg time="2024-05-25T21:12:54.459153" level="INFO">GET Request : url=https://randomuser.me/api 
 path_url=/api 
 headers={'User-Agent': 'python-requests/2.32.2', 'Accept-Encoding': 'gzip, deflate', 'Accept': '*/*', 'Connection': 'keep-alive'} 
 body=None 
 </msg>
<msg time="2024-05-25T21:12:54.459265" level="INFO">GET Response : url=https://randomuser.me/api 
 status=200, reason=OK 
 headers={'Date': 'Sat, 25 May 2024 21:12:54 GMT', 'Content-Type': 'application/json; charset=utf-8', 'Transfer-Encoding': 'chunked', 'Connection': 'keep-alive', 'X-Powered-By': 'Express', 'Access-Control-Allow-Origin': '*', 'Cache-Control': 'no-cache', 'ETag': 'W/"491-uouocuNyBp8Ec96xzPsQfYkaU84"', 'Vary': 'Accept-Encoding', 'Content-Encoding': 'gzip', 'CF-Cache-Status': 'DYNAMIC', 'Report-To': '{"endpoints":[{"url":"https:\\/\\/a.nel.cloudflare.com\\/report\\/v4?s=3IMIlDtosz8ndzzFtCizPhIZQVb9GBI8mF%2FoKdlK1dHwKAeurrFAibuSNtOL5QKtd9hJG0L7L39KHIqBHPEtF0oKd5SgIIn7zANb4xZPsOA3Hb086aY5j9IPN1Devb79"}],"group":"cf-nel","max_age":604800}', 'NEL': '{"success_fraction":0,"report_to":"cf-nel","max_age":604800}', 'Server': 'cloudflare', 'CF-RAY': '889886bbaac2111a-ORD', 'alt-svc': 'h3=":443"; ma=86400'} 
 body={"results":[{"gender":"female","name":{"title":"Ms","first":"Viti","last":"Shetty"},"location":{"street":{"number":1805,"name":"Carter Rd Promenade"},"city":"Giridih","state":"Andhra Pradesh","country":"India","postcode":91253,"coordinates":{"latitude":"12.1258","longitude":"134.3993"},"timezone":{"offset":"-7:00","description":"Mountain Time (US &amp; Canada)"}},"email":"viti.shetty@example.com","login":{"uuid":"fee22250-e61e-468b-af6a-88b2763de8cf","username":"purpleleopard587","password":"hero","salt":"zf7AISk9","md5":"96c0096af0a824755be41f8cd5c99dcd","sha1":"15a04745d115ce0a6cc7ed9373f570efc95a0d68","sha256":"ed8a0ee1d3dfe958aa8303ff6604693ac64ecba580a286f3f7dabc795fbcd05b"},"dob":{"date":"1985-02-08T09:43:19.556Z","age":39},"registered":{"date":"2005-07-19T18:07:03.378Z","age":18},"phone":"8188579211","cell":"7206183606","id":{"name":"UIDAI","value":"960355890790"},"picture":{"large":"https://randomuser.me/api/portraits/women/47.jpg","medium":"https://randomuser.me/api/portraits/med/women/47.jpg","thumbnail":"https://randomuser.me/api/portraits/thumb/women/47.jpg"},"nat":"IN"}],"info":{"seed":"32aa5775efb1cd12","results":1,"page":1,"version":"1.4"}} 
 </msg>
<msg time="2024-05-25T21:12:54.459388" level="INFO">/opt/hostedtoolcache/Python/3.12.3/x64/lib/python3.12/site-packages/urllib3/connectionpool.py:1103: InsecureRequestWarning: Unverified HTTPS request is being made to host 'randomuser.me'. Adding certificate verification is strongly advised. See: https://urllib3.readthedocs.io/en/latest/advanced-usage.html#tls-warnings
  warnings.warn(</msg>
<msg time="2024-05-25T21:12:54.459534" level="INFO">${response} = &lt;Response [200]&gt;</msg>
<var>${response}</var>
<arg>consultarAPI</arg>
<arg>/api</arg>
<doc>Sends a GET request on a previously created HTTP Session.</doc>
<status status="PASS" start="2024-05-25T21:12:54.344584" elapsed="0.114990"/>
</kw>
<kw name="Set Variable" owner="BuiltIn">
<msg time="2024-05-25T21:12:54.460748" level="INFO">${json_data} = {'results': [{'gender': 'female', 'name': {'title': 'Ms', 'first': 'Viti', 'last': 'Shetty'}, 'location': {'street': {'number': 1805, 'name': 'Carter Rd Promenade'}, 'city': 'Giridih', 'state': 'Andhr...</msg>
<var>${json_data}</var>
<arg>${response.json()}</arg>
<doc>Returns the given values which can then be assigned to a variables.</doc>
<status status="PASS" start="2024-05-25T21:12:54.460199" elapsed="0.000579"/>
</kw>
<kw name="Log" owner="BuiltIn">
<msg time="2024-05-25T21:12:54.461287" level="INFO">{'results': [{'gender': 'female', 'name': {'title': 'Ms', 'first': 'Viti', 'last': 'Shetty'}, 'location': {'street': {'number': 1805, 'name': 'Carter Rd Promenade'}, 'city': 'Giridih', 'state': 'Andhra Pradesh', 'country': 'India', 'postcode': 91253, 'coordinates': {'latitude': '12.1258', 'longitude': '134.3993'}, 'timezone': {'offset': '-7:00', 'description': 'Mountain Time (US &amp; Canada)'}}, 'email': 'viti.shetty@example.com', 'login': {'uuid': 'fee22250-e61e-468b-af6a-88b2763de8cf', 'username': 'purpleleopard587', 'password': 'hero', 'salt': 'zf7AISk9', 'md5': '96c0096af0a824755be41f8cd5c99dcd', 'sha1': '15a04745d115ce0a6cc7ed9373f570efc95a0d68', 'sha256': 'ed8a0ee1d3dfe958aa8303ff6604693ac64ecba580a286f3f7dabc795fbcd05b'}, 'dob': {'date': '1985-02-08T09:43:19.556Z', 'age': 39}, 'registered': {'date': '2005-07-19T18:07:03.378Z', 'age': 18}, 'phone': '8188579211', 'cell': '7206183606', 'id': {'name': 'UIDAI', 'value': '960355890790'}, 'picture': {'large': 'https://randomuser.me/api/portraits/women/47.jpg', 'medium': 'https://randomuser.me/api/portraits/med/women/47.jpg', 'thumbnail': 'https://randomuser.me/api/portraits/thumb/women/47.jpg'}, 'nat': 'IN'}], 'info': {'seed': '32aa5775efb1cd12', 'results': 1, 'page': 1, 'version': '1.4'}}</msg>
<arg>${json_data}</arg>
<doc>Logs the given message with the given level.</doc>
<status status="PASS" start="2024-05-25T21:12:54.461118" elapsed="0.000220"/>
</kw>
<kw name="Dictionary Should Contain Key" owner="Collections">
<msg time="2024-05-25T21:12:54.461810" level="INFO">False</msg>
<arg>${json_data}</arg>
<arg>results</arg>
<doc>Fails if ``key`` is not found from ``dictionary``.</doc>
<status status="PASS" start="2024-05-25T21:12:54.461644" elapsed="0.000205"/>
</kw>
<kw name="Should Not Be Empty" owner="BuiltIn">
<msg time="2024-05-25T21:12:54.462285" level="INFO">Length is 2.</msg>
<arg>${json_data}</arg>
<doc>Verifies that the given item is not empty.</doc>
<status status="PASS" start="2024-05-25T21:12:54.462148" elapsed="0.000219"/>
</kw>
<kw name="Create List" owner="BuiltIn">
<msg time="2024-05-25T21:12:54.462838" level="INFO">${expected_keys} = ['gender', 'name', 'location', 'email', 'login']</msg>
<var>${expected_keys}</var>
<arg>gender</arg>
<arg>name</arg>
<arg>location</arg>
<arg>email</arg>
<arg>login</arg>
<doc>Returns a list containing given items.</doc>
<status status="PASS" start="2024-05-25T21:12:54.462677" elapsed="0.000186"/>
</kw>
<for flavor="IN">
<iter>
<kw name="Dictionary Should Contain Key" owner="Collections">
<msg time="2024-05-25T21:12:54.463921" level="INFO">False</msg>
<arg>${json_data['results'][0]}</arg>
<arg>${key}</arg>
<doc>Fails if ``key`` is not found from ``dictionary``.</doc>
<status status="PASS" start="2024-05-25T21:12:54.463477" elapsed="0.000486"/>
</kw>
<kw name="Log" owner="BuiltIn">
<msg time="2024-05-25T21:12:54.464664" level="INFO">{'gender': 'female', 'name': {'title': 'Ms', 'first': 'Viti', 'last': 'Shetty'}, 'location': {'street': {'number': 1805, 'name': 'Carter Rd Promenade'}, 'city': 'Giridih', 'state': 'Andhra Pradesh', 'country': 'India', 'postcode': 91253, 'coordinates': {'latitude': '12.1258', 'longitude': '134.3993'}, 'timezone': {'offset': '-7:00', 'description': 'Mountain Time (US &amp; Canada)'}}, 'email': 'viti.shetty@example.com', 'login': {'uuid': 'fee22250-e61e-468b-af6a-88b2763de8cf', 'username': 'purpleleopard587', 'password': 'hero', 'salt': 'zf7AISk9', 'md5': '96c0096af0a824755be41f8cd5c99dcd', 'sha1': '15a04745d115ce0a6cc7ed9373f570efc95a0d68', 'sha256': 'ed8a0ee1d3dfe958aa8303ff6604693ac64ecba580a286f3f7dabc795fbcd05b'}, 'dob': {'date': '1985-02-08T09:43:19.556Z', 'age': 39}, 'registered': {'date': '2005-07-19T18:07:03.378Z', 'age': 18}, 'phone': '8188579211', 'cell': '7206183606', 'id': {'name': 'UIDAI', 'value': '960355890790'}, 'picture': {'large': 'https://randomuser.me/api/portraits/women/47.jpg', 'medium': 'https://randomuser.me/api/portraits/med/women/47.jpg', 'thumbnail': 'https://randomuser.me/api/portraits/thumb/women/47.jpg'}, 'nat': 'IN'}</msg>
<arg>${json_data['results'][0]}</arg>
<doc>Logs the given message with the given level.</doc>
<status status="PASS" start="2024-05-25T21:12:54.464283" elapsed="0.000433"/>
</kw>
<kw name="Log" owner="BuiltIn">
<msg time="2024-05-25T21:12:54.465149" level="INFO">gender</msg>
<arg>${key}</arg>
<doc>Logs the given message with the given level.</doc>
<status status="PASS" start="2024-05-25T21:12:54.465020" elapsed="0.000167"/>
</kw>
<var name="${key}">gender</var>
<status status="PASS" start="2024-05-25T21:12:54.463347" elapsed="0.002058"/>
</iter>
<iter>
<kw name="Dictionary Should Contain Key" owner="Collections">
<msg time="2024-05-25T21:12:54.466117" level="INFO">False</msg>
<arg>${json_data['results'][0]}</arg>
<arg>${key}</arg>
<doc>Fails if ``key`` is not found from ``dictionary``.</doc>
<status status="PASS" start="2024-05-25T21:12:54.465721" elapsed="0.000434"/>
</kw>
<kw name="Log" owner="BuiltIn">
<msg time="2024-05-25T21:12:54.466914" level="INFO">{'gender': 'female', 'name': {'title': 'Ms', 'first': 'Viti', 'last': 'Shetty'}, 'location': {'street': {'number': 1805, 'name': 'Carter Rd Promenade'}, 'city': 'Giridih', 'state': 'Andhra Pradesh', 'country': 'India', 'postcode': 91253, 'coordinates': {'latitude': '12.1258', 'longitude': '134.3993'}, 'timezone': {'offset': '-7:00', 'description': 'Mountain Time (US &amp; Canada)'}}, 'email': 'viti.shetty@example.com', 'login': {'uuid': 'fee22250-e61e-468b-af6a-88b2763de8cf', 'username': 'purpleleopard587', 'password': 'hero', 'salt': 'zf7AISk9', 'md5': '96c0096af0a824755be41f8cd5c99dcd', 'sha1': '15a04745d115ce0a6cc7ed9373f570efc95a0d68', 'sha256': 'ed8a0ee1d3dfe958aa8303ff6604693ac64ecba580a286f3f7dabc795fbcd05b'}, 'dob': {'date': '1985-02-08T09:43:19.556Z', 'age': 39}, 'registered': {'date': '2005-07-19T18:07:03.378Z', 'age': 18}, 'phone': '8188579211', 'cell': '7206183606', 'id': {'name': 'UIDAI', 'value': '960355890790'}, 'picture': {'large': 'https://randomuser.me/api/portraits/women/47.jpg', 'medium': 'https://randomuser.me/api/portraits/med/women/47.jpg', 'thumbnail': 'https://randomuser.me/api/portraits/thumb/women/47.jpg'}, 'nat': 'IN'}</msg>
<arg>${json_data['results'][0]}</arg>
<doc>Logs the given message with the given level.</doc>
<status status="PASS" start="2024-05-25T21:12:54.466545" elapsed="0.000421"/>
</kw>
<kw name="Log" owner="BuiltIn">
<msg time="2024-05-25T21:12:54.467415" level="INFO">name</msg>
<arg>${key}</arg>
<doc>Logs the given message with the given level.</doc>
<status status="PASS" start="2024-05-25T21:12:54.467276" elapsed="0.000177"/>
</kw>
<var name="${key}">name</var>
<status status="PASS" start="2024-05-25T21:12:54.465602" elapsed="0.002094"/>
</iter>
<iter>
<kw name="Dictionary Should Contain Key" owner="Collections">
<msg time="2024-05-25T21:12:54.468381" level="INFO">False</msg>
<arg>${json_data['results'][0]}</arg>
<arg>${key}</arg>
<doc>Fails if ``key`` is not found from ``dictionary``.</doc>
<status status="PASS" start="2024-05-25T21:12:54.468001" elapsed="0.000418"/>
</kw>
<kw name="Log" owner="BuiltIn">
<msg time="2024-05-25T21:12:54.469099" level="INFO">{'gender': 'female', 'name': {'title': 'Ms', 'first': 'Viti', 'last': 'Shetty'}, 'location': {'street': {'number': 1805, 'name': 'Carter Rd Promenade'}, 'city': 'Giridih', 'state': 'Andhra Pradesh', 'country': 'India', 'postcode': 91253, 'coordinates': {'latitude': '12.1258', 'longitude': '134.3993'}, 'timezone': {'offset': '-7:00', 'description': 'Mountain Time (US &amp; Canada)'}}, 'email': 'viti.shetty@example.com', 'login': {'uuid': 'fee22250-e61e-468b-af6a-88b2763de8cf', 'username': 'purpleleopard587', 'password': 'hero', 'salt': 'zf7AISk9', 'md5': '96c0096af0a824755be41f8cd5c99dcd', 'sha1': '15a04745d115ce0a6cc7ed9373f570efc95a0d68', 'sha256': 'ed8a0ee1d3dfe958aa8303ff6604693ac64ecba580a286f3f7dabc795fbcd05b'}, 'dob': {'date': '1985-02-08T09:43:19.556Z', 'age': 39}, 'registered': {'date': '2005-07-19T18:07:03.378Z', 'age': 18}, 'phone': '8188579211', 'cell': '7206183606', 'id': {'name': 'UIDAI', 'value': '960355890790'}, 'picture': {'large': 'https://randomuser.me/api/portraits/women/47.jpg', 'medium': 'https://randomuser.me/api/portraits/med/women/47.jpg', 'thumbnail': 'https://randomuser.me/api/portraits/thumb/women/47.jpg'}, 'nat': 'IN'}</msg>
<arg>${json_data['results'][0]}</arg>
<doc>Logs the given message with the given level.</doc>
<status status="PASS" start="2024-05-25T21:12:54.468730" elapsed="0.000420"/>
</kw>
<kw name="Log" owner="BuiltIn">
<msg time="2024-05-25T21:12:54.469581" level="INFO">location</msg>
<arg>${key}</arg>
<doc>Logs the given message with the given level.</doc>
<status status="PASS" start="2024-05-25T21:12:54.469453" elapsed="0.000166"/>
</kw>
<var name="${key}">location</var>
<status status="PASS" start="2024-05-25T21:12:54.467886" elapsed="0.001953"/>
</iter>
<iter>
<kw name="Dictionary Should Contain Key" owner="Collections">
<msg time="2024-05-25T21:12:54.470807" level="INFO">False</msg>
<arg>${json_data['results'][0]}</arg>
<arg>${key}</arg>
<doc>Fails if ``key`` is not found from ``dictionary``.</doc>
<status status="PASS" start="2024-05-25T21:12:54.470142" elapsed="0.000704"/>
</kw>
<kw name="Log" owner="BuiltIn">
<msg time="2024-05-25T21:12:54.471516" level="INFO">{'gender': 'female', 'name': {'title': 'Ms', 'first': 'Viti', 'last': 'Shetty'}, 'location': {'street': {'number': 1805, 'name': 'Carter Rd Promenade'}, 'city': 'Giridih', 'state': 'Andhra Pradesh', 'country': 'India', 'postcode': 91253, 'coordinates': {'latitude': '12.1258', 'longitude': '134.3993'}, 'timezone': {'offset': '-7:00', 'description': 'Mountain Time (US &amp; Canada)'}}, 'email': 'viti.shetty@example.com', 'login': {'uuid': 'fee22250-e61e-468b-af6a-88b2763de8cf', 'username': 'purpleleopard587', 'password': 'hero', 'salt': 'zf7AISk9', 'md5': '96c0096af0a824755be41f8cd5c99dcd', 'sha1': '15a04745d115ce0a6cc7ed9373f570efc95a0d68', 'sha256': 'ed8a0ee1d3dfe958aa8303ff6604693ac64ecba580a286f3f7dabc795fbcd05b'}, 'dob': {'date': '1985-02-08T09:43:19.556Z', 'age': 39}, 'registered': {'date': '2005-07-19T18:07:03.378Z', 'age': 18}, 'phone': '8188579211', 'cell': '7206183606', 'id': {'name': 'UIDAI', 'value': '960355890790'}, 'picture': {'large': 'https://randomuser.me/api/portraits/women/47.jpg', 'medium': 'https://randomuser.me/api/portraits/med/women/47.jpg', 'thumbnail': 'https://randomuser.me/api/portraits/thumb/women/47.jpg'}, 'nat': 'IN'}</msg>
<arg>${json_data['results'][0]}</arg>
<doc>Logs the given message with the given level.</doc>
<status status="PASS" start="2024-05-25T21:12:54.471156" elapsed="0.000411"/>
</kw>
<kw name="Log" owner="BuiltIn">
<msg time="2024-05-25T21:12:54.471998" level="INFO">email</msg>
<arg>${key}</arg>
<doc>Logs the given message with the given level.</doc>
<status status="PASS" start="2024-05-25T21:12:54.471870" elapsed="0.000165"/>
</kw>
<var name="${key}">email</var>
<status status="PASS" start="2024-05-25T21:12:54.470019" elapsed="0.002236"/>
</iter>
<iter>
<kw name="Dictionary Should Contain Key" owner="Collections">
<msg time="2024-05-25T21:12:54.472940" level="INFO">False</msg>
<arg>${json_data['results'][0]}</arg>
<arg>${key}</arg>
<doc>Fails if ``key`` is not found from ``dictionary``.</doc>
<status status="PASS" start="2024-05-25T21:12:54.472550" elapsed="0.000427"/>
</kw>
<kw name="Log" owner="BuiltIn">
<msg time="2024-05-25T21:12:54.473639" level="INFO">{'gender': 'female', 'name': {'title': 'Ms', 'first': 'Viti', 'last': 'Shetty'}, 'location': {'street': {'number': 1805, 'name': 'Carter Rd Promenade'}, 'city': 'Giridih', 'state': 'Andhra Pradesh', 'country': 'India', 'postcode': 91253, 'coordinates': {'latitude': '12.1258', 'longitude': '134.3993'}, 'timezone': {'offset': '-7:00', 'description': 'Mountain Time (US &amp; Canada)'}}, 'email': 'viti.shetty@example.com', 'login': {'uuid': 'fee22250-e61e-468b-af6a-88b2763de8cf', 'username': 'purpleleopard587', 'password': 'hero', 'salt': 'zf7AISk9', 'md5': '96c0096af0a824755be41f8cd5c99dcd', 'sha1': '15a04745d115ce0a6cc7ed9373f570efc95a0d68', 'sha256': 'ed8a0ee1d3dfe958aa8303ff6604693ac64ecba580a286f3f7dabc795fbcd05b'}, 'dob': {'date': '1985-02-08T09:43:19.556Z', 'age': 39}, 'registered': {'date': '2005-07-19T18:07:03.378Z', 'age': 18}, 'phone': '8188579211', 'cell': '7206183606', 'id': {'name': 'UIDAI', 'value': '960355890790'}, 'picture': {'large': 'https://randomuser.me/api/portraits/women/47.jpg', 'medium': 'https://randomuser.me/api/portraits/med/women/47.jpg', 'thumbnail': 'https://randomuser.me/api/portraits/thumb/women/47.jpg'}, 'nat': 'IN'}</msg>
<arg>${json_data['results'][0]}</arg>
<doc>Logs the given message with the given level.</doc>
<status status="PASS" start="2024-05-25T21:12:54.473277" elapsed="0.000412"/>
</kw>
<kw name="Log" owner="BuiltIn">
<msg time="2024-05-25T21:12:54.474110" level="INFO">login</msg>
<arg>${key}</arg>
<doc>Logs the given message with the given level.</doc>
<status status="PASS" start="2024-05-25T21:12:54.473984" elapsed="0.000164"/>
</kw>
<var name="${key}">login</var>
<status status="PASS" start="2024-05-25T21:12:54.472434" elapsed="0.002000"/>
</iter>
<var>${key}</var>
<value>@{expected_keys}</value>
<status status="PASS" start="2024-05-25T21:12:54.463135" elapsed="0.011433"/>
</for>
<kw name="Create List" owner="BuiltIn">
<msg time="2024-05-25T21:12:54.474926" level="INFO">${expected_keysTwo} = ['username', 'password']</msg>
<var>${expected_keysTwo}</var>
<arg>username</arg>
<arg>password</arg>
<doc>Returns a list containing given items.</doc>
<status status="PASS" start="2024-05-25T21:12:54.474777" elapsed="0.000175"/>
</kw>
<for flavor="IN">
<iter>
<kw name="Dictionary Should Contain Key" owner="Collections">
<msg time="2024-05-25T21:12:54.475883" level="INFO">False</msg>
<arg>${json_data['results'][0]['login']}</arg>
<arg>${keyTwo}</arg>
<doc>Fails if ``key`` is not found from ``dictionary``.</doc>
<status status="PASS" start="2024-05-25T21:12:54.475484" elapsed="0.000436"/>
</kw>
<kw name="Dictionary Should Contain Key" owner="Collections">
<msg time="2024-05-25T21:12:54.476600" level="INFO">False</msg>
<arg>${json_data['results'][0]['login']}</arg>
<arg>${keyTwo}</arg>
<doc>Fails if ``key`` is not found from ``dictionary``.</doc>
<status status="PASS" start="2024-05-25T21:12:54.476222" elapsed="0.000415"/>
</kw>
<kw name="Log" owner="BuiltIn">
<msg time="2024-05-25T21:12:54.477058" level="INFO">username</msg>
<arg>${keyTwo}</arg>
<doc>Logs the given message with the given level.</doc>
<status status="PASS" start="2024-05-25T21:12:54.476931" elapsed="0.000165"/>
</kw>
<var name="${keyTwo}">username</var>
<status status="PASS" start="2024-05-25T21:12:54.475372" elapsed="0.001957"/>
</iter>
<iter>
<kw name="Dictionary Should Contain Key" owner="Collections">
<msg time="2024-05-25T21:12:54.477996" level="INFO">False</msg>
<arg>${json_data['results'][0]['login']}</arg>
<arg>${keyTwo}</arg>
<doc>Fails if ``key`` is not found from ``dictionary``.</doc>
<status status="PASS" start="2024-05-25T21:12:54.477615" elapsed="0.000417"/>
</kw>
<kw name="Dictionary Should Contain Key" owner="Collections">
<msg time="2024-05-25T21:12:54.478750" level="INFO">False</msg>
<arg>${json_data['results'][0]['login']}</arg>
<arg>${keyTwo}</arg>
<doc>Fails if ``key`` is not found from ``dictionary``.</doc>
<status status="PASS" start="2024-05-25T21:12:54.478368" elapsed="0.000420"/>
</kw>
<kw name="Log" owner="BuiltIn">
<msg time="2024-05-25T21:12:54.479214" level="INFO">password</msg>
<arg>${keyTwo}</arg>
<doc>Logs the given message with the given level.</doc>
<status status="PASS" start="2024-05-25T21:12:54.479085" elapsed="0.000166"/>
</kw>
<var name="${keyTwo}">password</var>
<status status="PASS" start="2024-05-25T21:12:54.477506" elapsed="0.001965"/>
</iter>
<var>${keyTwo}</var>
<value>@{expected_keysTwo}</value>
<status status="PASS" start="2024-05-25T21:12:54.475206" elapsed="0.004386"/>
</for>
<status status="PASS" start="2024-05-25T21:12:54.344312" elapsed="0.135426"/>
</kw>
<doc>Testa a estrutura da resposta da API.</doc>
<tag>testeEstruturaResposta</tag>
<status status="PASS" start="2024-05-25T21:12:54.343645" elapsed="0.136255"/>
</test>
<test id="s1-s1-t4" name="Validar tipos de dados" line="28">
<kw name="Teste de Tipos de Dados" owner="random-user-service">
<kw name="GET On Session" owner="RequestsLibrary">
<msg time="2024-05-25T21:12:54.550503" level="INFO">GET Request : url=https://randomuser.me/api 
 path_url=/api 
 headers={'User-Agent': 'python-requests/2.32.2', 'Accept-Encoding': 'gzip, deflate', 'Accept': '*/*', 'Connection': 'keep-alive'} 
 body=None 
 </msg>
<msg time="2024-05-25T21:12:54.550604" level="INFO">GET Response : url=https://randomuser.me/api 
 status=200, reason=OK 
 headers={'Date': 'Sat, 25 May 2024 21:12:54 GMT', 'Content-Type': 'application/json; charset=utf-8', 'Transfer-Encoding': 'chunked', 'Connection': 'keep-alive', 'X-Powered-By': 'Express', 'Access-Control-Allow-Origin': '*', 'Cache-Control': 'no-cache', 'ETag': 'W/"4a5-MaFrpde9xJuo5XH93eReLKukehA"', 'Vary': 'Accept-Encoding', 'Content-Encoding': 'gzip', 'CF-Cache-Status': 'DYNAMIC', 'Report-To': '{"endpoints":[{"url":"https:\\/\\/a.nel.cloudflare.com\\/report\\/v4?s=ocSjdO5oIUy%2B%2FMDeRt3gGfM263sUaoEys85JPo9yIFQENshx%2By93lCNUetfcW8Wtb%2FDGyMqvH1YSJCH8rLBhOBHP9Nen%2F4OsFpEADvTR49U3anFdEXp6p%2BmZ2VkEADY8"}],"group":"cf-nel","max_age":604800}', 'NEL': '{"success_fraction":0,"report_to":"cf-nel","max_age":604800}', 'Server': 'cloudflare', 'CF-RAY': '889886bc8be2111a-ORD', 'alt-svc': 'h3=":443"; ma=86400'} 
 body={"results":[{"gender":"female","name":{"title":"Miss","first":"Leah","last":"Romero"},"location":{"street":{"number":3661,"name":"York Road"},"city":"Newcastle upon Tyne","state":"Avon","country":"United Kingdom","postcode":"Q7C 6SL","coordinates":{"latitude":"-6.8637","longitude":"164.9493"},"timezone":{"offset":"+8:00","description":"Beijing, Perth, Singapore, Hong Kong"}},"email":"leah.romero@example.com","login":{"uuid":"9c2d5f80-301e-4e60-ac12-baf7b01bb100","username":"bluepanda697","password":"baltimor","salt":"ch37ya4W","md5":"3f3d7f75891df9cd549a83b57c89c2cf","sha1":"8640599c6a970ad3e37ea4d740234af04f4d3284","sha256":"43d47547617a28a2ffc2b0816ac6001bdb7b1a4e82ca0b580ac7eb53275a77c1"},"dob":{"date":"1998-01-25T19:01:04.206Z","age":26},"registered":{"date":"2011-05-28T02:32:18.953Z","age":12},"phone":"016977 52962","cell":"07880 233269","id":{"name":"NINO","value":"NM 06 68 95 W"},"picture":{"large":"https://randomuser.me/api/portraits/women/72.jpg","medium":"https://randomuser.me/api/portraits/med/women/72.jpg","thumbnail":"https://randomuser.me/api/portraits/thumb/women/72.jpg"},"nat":"GB"}],"info":{"seed":"5886ce0f321da4c0","results":1,"page":1,"version":"1.4"}} 
 </msg>
<msg time="2024-05-25T21:12:54.550677" level="INFO">/opt/hostedtoolcache/Python/3.12.3/x64/lib/python3.12/site-packages/urllib3/connectionpool.py:1103: InsecureRequestWarning: Unverified HTTPS request is being made to host 'randomuser.me'. Adding certificate verification is strongly advised. See: https://urllib3.readthedocs.io/en/latest/advanced-usage.html#tls-warnings
  warnings.warn(</msg>
<msg time="2024-05-25T21:12:54.550792" level="INFO">${response} = &lt;Response [200]&gt;</msg>
<var>${response}</var>
<arg>consultarAPI</arg>
<arg>/api</arg>
<doc>Sends a GET request on a previously created HTTP Session.</doc>
<status status="PASS" start="2024-05-25T21:12:54.482647" elapsed="0.068183"/>
</kw>
<kw name="Set Variable" owner="BuiltIn">
<msg time="2024-05-25T21:12:54.552085" level="INFO">${json_data} = {'results': [{'gender': 'female', 'name': {'title': 'Miss', 'first': 'Leah', 'last': 'Romero'}, 'location': {'street': {'number': 3661, 'name': 'York Road'}, 'city': 'Newcastle upon Tyne', 'state': 'A...</msg>
<var>${json_data}</var>
<arg>${response.json()}</arg>
<doc>Returns the given values which can then be assigned to a variables.</doc>
<status status="PASS" start="2024-05-25T21:12:54.551491" elapsed="0.000623"/>
</kw>
<kw name="Log" owner="BuiltIn">
<msg time="2024-05-25T21:12:54.552611" level="INFO">{'results': [{'gender': 'female', 'name': {'title': 'Miss', 'first': 'Leah', 'last': 'Romero'}, 'location': {'street': {'number': 3661, 'name': 'York Road'}, 'city': 'Newcastle upon Tyne', 'state': 'Avon', 'country': 'United Kingdom', 'postcode': 'Q7C 6SL', 'coordinates': {'latitude': '-6.8637', 'longitude': '164.9493'}, 'timezone': {'offset': '+8:00', 'description': 'Beijing, Perth, Singapore, Hong Kong'}}, 'email': 'leah.romero@example.com', 'login': {'uuid': '9c2d5f80-301e-4e60-ac12-baf7b01bb100', 'username': 'bluepanda697', 'password': 'baltimor', 'salt': 'ch37ya4W', 'md5': '3f3d7f75891df9cd549a83b57c89c2cf', 'sha1': '8640599c6a970ad3e37ea4d740234af04f4d3284', 'sha256': '43d47547617a28a2ffc2b0816ac6001bdb7b1a4e82ca0b580ac7eb53275a77c1'}, 'dob': {'date': '1998-01-25T19:01:04.206Z', 'age': 26}, 'registered': {'date': '2011-05-28T02:32:18.953Z', 'age': 12}, 'phone': '016977 52962', 'cell': '07880 233269', 'id': {'name': 'NINO', 'value': 'NM 06 68 95 W'}, 'picture': {'large': 'https://randomuser.me/api/portraits/women/72.jpg', 'medium': 'https://randomuser.me/api/portraits/med/women/72.jpg', 'thumbnail': 'https://randomuser.me/api/portraits/thumb/women/72.jpg'}, 'nat': 'GB'}], 'info': {'seed': '5886ce0f321da4c0', 'results': 1, 'page': 1, 'version': '1.4'}}</msg>
<arg>${json_data}</arg>
<doc>Logs the given message with the given level.</doc>
<status status="PASS" start="2024-05-25T21:12:54.552450" elapsed="0.000250"/>
</kw>
<kw name="Should Be String" owner="String">
<arg>${json_data['results'][0]['gender']}</arg>
<doc>Fails if the given ``item`` is not a string.</doc>
<status status="PASS" start="2024-05-25T21:12:54.553005" elapsed="0.000378"/>
</kw>
<kw name="Should Match Regexp" owner="BuiltIn">
<arg>${json_data['results'][0]['email']}</arg>
<arg>^[a-zA-Z0-9._%+-]+@[a-zA-Z0-9.-]+\.[a-zA-Z]{2,}$</arg>
<doc>Fails if ``string`` does not match ``pattern`` as a regular expression.</doc>
<status status="PASS" start="2024-05-25T21:12:54.553575" elapsed="0.000690"/>
</kw>
<kw name="Should Match Regexp" owner="BuiltIn">
<arg>${json_data['results'][0]['dob']['date']}</arg>
<arg>\\d{4}-\\d{2}-\\d{2}T\\d{2}:\\d{2}:\\d{2}\\.\\d{3}Z</arg>
<doc>Fails if ``string`` does not match ``pattern`` as a regular expression.</doc>
<status status="PASS" start="2024-05-25T21:12:54.554522" elapsed="0.000499"/>
</kw>
<kw name="Should Match Regexp" owner="BuiltIn">
<arg>${json_data['results'][0]['registered']['date']}</arg>
<arg>\\d{4}-\\d{2}-\\d{2}T\\d{2}:\\d{2}:\\d{2}\\.\\d{3}Z</arg>
<doc>Fails if ``string`` does not match ``pattern`` as a regular expression.</doc>
<status status="PASS" start="2024-05-25T21:12:54.555215" elapsed="0.000364"/>
</kw>
<kw name="Should Match Regexp" owner="BuiltIn">
<arg>${json_data['results'][0]['picture']['large']}</arg>
<arg>^https?://.*\.(?:png|jpe?g|gif|bmp)$</arg>
<doc>Fails if ``string`` does not match ``pattern`` as a regular expression.</doc>
<status status="PASS" start="2024-05-25T21:12:54.555766" elapsed="0.000460"/>
</kw>
<kw name="Should Match Regexp" owner="BuiltIn">
<arg>${json_data['results'][0]['picture']['medium']}</arg>
<arg>^https?://.*\.(?:png|jpe?g|gif|bmp)$</arg>
<doc>Fails if ``string`` does not match ``pattern`` as a regular expression.</doc>
<status status="PASS" start="2024-05-25T21:12:54.556414" elapsed="0.000347"/>
</kw>
<kw name="Should Match Regexp" owner="BuiltIn">
<arg>${json_data['results'][0]['picture']['thumbnail']}</arg>
<arg>^https?://.*\.(?:png|jpe?g|gif|bmp)$</arg>
<doc>Fails if ``string`` does not match ``pattern`` as a regular expression.</doc>
<status status="PASS" start="2024-05-25T21:12:54.556949" elapsed="0.000351"/>
</kw>
<kw name="Log" owner="BuiltIn">
<msg time="2024-05-25T21:12:54.557818" level="INFO">{'large': 'https://randomuser.me/api/portraits/women/72.jpg', 'medium': 'https://randomuser.me/api/portraits/med/women/72.jpg', 'thumbnail': 'https://randomuser.me/api/portraits/thumb/women/72.jpg'}</msg>
<arg>${json_data['results'][0]['picture']}</arg>
<doc>Logs the given message with the given level.</doc>
<status status="PASS" start="2024-05-25T21:12:54.557486" elapsed="0.000375"/>
</kw>
<status status="PASS" start="2024-05-25T21:12:54.482383" elapsed="0.075813"/>
</kw>
<kw name="Teste de Tipos de Dados - Postcode" owner="random-user-service">
<kw name="GET On Session" owner="RequestsLibrary">
<msg time="2024-05-25T21:12:54.646283" level="INFO">GET Request : url=https://randomuser.me/api 
 path_url=/api 
 headers={'User-Agent': 'python-requests/2.32.2', 'Accept-Encoding': 'gzip, deflate', 'Accept': '*/*', 'Connection': 'keep-alive'} 
 body=None 
 </msg>
<msg time="2024-05-25T21:12:54.646435" level="INFO">GET Response : url=https://randomuser.me/api 
 status=200, reason=OK 
 headers={'Date': 'Sat, 25 May 2024 21:12:54 GMT', 'Content-Type': 'application/json; charset=utf-8', 'Transfer-Encoding': 'chunked', 'Connection': 'keep-alive', 'X-Powered-By': 'Express', 'Access-Control-Allow-Origin': '*', 'Cache-Control': 'no-cache', 'ETag': 'W/"493-RMGgTDVgNRkYxBgU8vYy7ZmslX4"', 'Vary': 'Accept-Encoding', 'Content-Encoding': 'gzip', 'CF-Cache-Status': 'DYNAMIC', 'Report-To': '{"endpoints":[{"url":"https:\\/\\/a.nel.cloudflare.com\\/report\\/v4?s=jYJsLRE1rK5RS4BD1sYda6WHWB%2Fr%2BLMqk6KYvUT3L%2Bu%2FOqoJ%2BCAH8WXmQ6oEZ8l2eUKuCmVpg%2F%2Bq6slN%2FgxJ9QcdTV90An%2FPOkzddE1h1oesVyTsqsndSk3NzMS0hnvo"}],"group":"cf-nel","max_age":604800}', 'NEL': '{"success_fraction":0,"report_to":"cf-nel","max_age":604800}', 'Server': 'cloudflare', 'CF-RAY': '889886bd0c85111a-ORD', 'alt-svc': 'h3=":443"; ma=86400'} 
 body={"results":[{"gender":"female","name":{"title":"Miss","first":"Slavica","last":"Pištalo"},"location":{"street":{"number":756,"name":"Ljutoglavska"},"city":"Čoka","state":"Rasina","country":"Serbia","postcode":72383,"coordinates":{"latitude":"63.0687","longitude":"60.4342"},"timezone":{"offset":"-4:00","description":"Atlantic Time (Canada), Caracas, La Paz"}},"email":"slavica.pistalo@example.com","login":{"uuid":"c844173b-b4d8-4cfc-b777-1dd22b919e0e","username":"lazycat842","password":"jakejake","salt":"qZGV8VlD","md5":"849a472573a5ad707fba971493e39e4c","sha1":"b72b5072d83f39f90f3595cb235e886229517efc","sha256":"591e119c8dbe89c0f8da8768d9b76f5aab015cee5edb865084cc8e621bbf193d"},"dob":{"date":"1992-02-05T06:30:46.949Z","age":32},"registered":{"date":"2005-11-05T11:33:58.372Z","age":18},"phone":"035-0680-853","cell":"067-0998-330","id":{"name":"SID","value":"921087186"},"picture":{"large":"https://randomuser.me/api/portraits/women/12.jpg","medium":"https://randomuser.me/api/portraits/med/women/12.jpg","thumbnail":"https://randomuser.me/api/portraits/thumb/women/12.jpg"},"nat":"RS"}],"info":{"seed":"25c08b0b819af377","results":1,"page":1,"version":"1.4"}} 
 </msg>
<msg time="2024-05-25T21:12:54.646529" level="INFO">/opt/hostedtoolcache/Python/3.12.3/x64/lib/python3.12/site-packages/urllib3/connectionpool.py:1103: InsecureRequestWarning: Unverified HTTPS request is being made to host 'randomuser.me'. Adding certificate verification is strongly advised. See: https://urllib3.readthedocs.io/en/latest/advanced-usage.html#tls-warnings
  warnings.warn(</msg>
<msg time="2024-05-25T21:12:54.646671" level="INFO">${response} = &lt;Response [200]&gt;</msg>
<var>${response}</var>
<arg>consultarAPI</arg>
<arg>/api</arg>
<doc>Sends a GET request on a previously created HTTP Session.</doc>
<status status="PASS" start="2024-05-25T21:12:54.558724" elapsed="0.087988"/>
</kw>
<kw name="Set Variable" owner="BuiltIn">
<msg time="2024-05-25T21:12:54.648025" level="INFO">${json_data} = {'results': [{'gender': 'female', 'name': {'title': 'Miss', 'first': 'Slavica', 'last': 'Pištalo'}, 'location': {'street': {'number': 756, 'name': 'Ljutoglavska'}, 'city': 'Čoka', 'state': 'Rasina', '...</msg>
<var>${json_data}</var>
<arg>${response.json()}</arg>
<doc>Returns the given values which can then be assigned to a variables.</doc>
<status status="PASS" start="2024-05-25T21:12:54.647396" elapsed="0.000662"/>
</kw>
<kw name="Log" owner="BuiltIn">
<msg time="2024-05-25T21:12:54.648643" level="INFO">{'results': [{'gender': 'female', 'name': {'title': 'Miss', 'first': 'Slavica', 'last': 'Pištalo'}, 'location': {'street': {'number': 756, 'name': 'Ljutoglavska'}, 'city': 'Čoka', 'state': 'Rasina', 'country': 'Serbia', 'postcode': 72383, 'coordinates': {'latitude': '63.0687', 'longitude': '60.4342'}, 'timezone': {'offset': '-4:00', 'description': 'Atlantic Time (Canada), Caracas, La Paz'}}, 'email': 'slavica.pistalo@example.com', 'login': {'uuid': 'c844173b-b4d8-4cfc-b777-1dd22b919e0e', 'username': 'lazycat842', 'password': 'jakejake', 'salt': 'qZGV8VlD', 'md5': '849a472573a5ad707fba971493e39e4c', 'sha1': 'b72b5072d83f39f90f3595cb235e886229517efc', 'sha256': '591e119c8dbe89c0f8da8768d9b76f5aab015cee5edb865084cc8e621bbf193d'}, 'dob': {'date': '1992-02-05T06:30:46.949Z', 'age': 32}, 'registered': {'date': '2005-11-05T11:33:58.372Z', 'age': 18}, 'phone': '035-0680-853', 'cell': '067-0998-330', 'id': {'name': 'SID', 'value': '921087186'}, 'picture': {'large': 'https://randomuser.me/api/portraits/women/12.jpg', 'medium': 'https://randomuser.me/api/portraits/med/women/12.jpg', 'thumbnail': 'https://randomuser.me/api/portraits/thumb/women/12.jpg'}, 'nat': 'RS'}], 'info': {'seed': '25c08b0b819af377', 'results': 1, 'page': 1, 'version': '1.4'}}</msg>
<arg>${json_data}</arg>
<doc>Logs the given message with the given level.</doc>
<status status="PASS" start="2024-05-25T21:12:54.648425" elapsed="0.000348"/>
</kw>
<kw name="Should Be Equal As Numbers" owner="BuiltIn">
<arg>${json_data['results'][0]['location']['postcode']}</arg>
<arg>${json_data['results'][0]['location']['postcode']}</arg>
<doc>Fails if objects are unequal after converting them to real numbers.</doc>
<status status="PASS" start="2024-05-25T21:12:54.649215" elapsed="0.000773"/>
</kw>
<kw name="Log" owner="BuiltIn">
<msg time="2024-05-25T21:12:54.650588" level="INFO">72383</msg>
<arg>${json_data['results'][0]['location']['postcode']}</arg>
<doc>Logs the given message with the given level.</doc>
<status status="PASS" start="2024-05-25T21:12:54.650193" elapsed="0.000438"/>
</kw>
<status status="PASS" start="2024-05-25T21:12:54.558474" elapsed="0.092443"/>
</kw>
<doc>Testa se os tipos de dados na resposta da API estão corretos.</doc>
<tag>testeTiposDados</tag>
<status status="PASS" start="2024-05-25T21:12:54.481707" elapsed="0.169386"/>
</test>
<test id="s1-s1-t5" name="Validar conteudo" line="35">
<kw name="Teste de Tipos de Conteudo" owner="random-user-service">
<kw name="GET On Session" owner="RequestsLibrary">
<msg time="2024-05-25T21:12:54.734799" level="INFO">GET Request : url=https://randomuser.me/api 
 path_url=/api 
 headers={'User-Agent': 'python-requests/2.32.2', 'Accept-Encoding': 'gzip, deflate', 'Accept': '*/*', 'Connection': 'keep-alive'} 
 body=None 
 </msg>
<msg time="2024-05-25T21:12:54.734902" level="INFO">GET Response : url=https://randomuser.me/api 
 status=200, reason=OK 
 headers={'Date': 'Sat, 25 May 2024 21:12:54 GMT', 'Content-Type': 'application/json; charset=utf-8', 'Transfer-Encoding': 'chunked', 'Connection': 'keep-alive', 'X-Powered-By': 'Express', 'Access-Control-Allow-Origin': '*', 'Cache-Control': 'no-cache', 'ETag': 'W/"47e-JvMjsSwwagmI0xjKz+xgdhyXlTg"', 'Vary': 'Accept-Encoding', 'Content-Encoding': 'gzip', 'CF-Cache-Status': 'DYNAMIC', 'Report-To': '{"endpoints":[{"url":"https:\\/\\/a.nel.cloudflare.com\\/report\\/v4?s=j6RqtpDBoE5kNWbt0kP4RqlO9gkLt9p4eoKHD1NZqptNE8XxtJk2QdiPyGvLfpNIppA4L7c7VOzpojBrtMQ6Jxgaf8fZOdOIVZco2G6Na1%2FA3hf2NOsr7gCqFVhwSgOA"}],"group":"cf-nel","max_age":604800}', 'NEL': '{"success_fraction":0,"report_to":"cf-nel","max_age":604800}', 'Server': 'cloudflare', 'CF-RAY': '889886bd9d61111a-ORD', 'alt-svc': 'h3=":443"; ma=86400'} 
 body={"results":[{"gender":"male","name":{"title":"Mr","first":"Wishal","last":"De Bekker"},"location":{"street":{"number":7386,"name":"Dr.Langemeijerweg"},"city":"Breskens","state":"Limburg","country":"Netherlands","postcode":"1656 HC","coordinates":{"latitude":"31.0637","longitude":"-86.6803"},"timezone":{"offset":"-9:00","description":"Alaska"}},"email":"wishal.debekker@example.com","login":{"uuid":"f21b7160-33b3-4f85-89ac-003cf528206d","username":"redsnake130","password":"megatron","salt":"omSl7Ftq","md5":"59ad49304da1d095c828aff0c1bb1105","sha1":"b1de470daa094a14e2a62a9f4e8e561355195c5d","sha256":"7f3806fbe63ec190aab09cfeaf4481d82353fe823f959cef7fa16cb6fd97487b"},"dob":{"date":"1947-07-13T07:05:34.941Z","age":76},"registered":{"date":"2006-11-28T09:57:49.450Z","age":17},"phone":"(093) 1510486","cell":"(06) 05486981","id":{"name":"BSN","value":"47635837"},"picture":{"large":"https://randomuser.me/api/portraits/men/78.jpg","medium":"https://randomuser.me/api/portraits/med/men/78.jpg","thumbnail":"https://randomuser.me/api/portraits/thumb/men/78.jpg"},"nat":"NL"}],"info":{"seed":"35e45273b0d0585a","results":1,"page":1,"version":"1.4"}} 
 </msg>
<msg time="2024-05-25T21:12:54.734975" level="INFO">/opt/hostedtoolcache/Python/3.12.3/x64/lib/python3.12/site-packages/urllib3/connectionpool.py:1103: InsecureRequestWarning: Unverified HTTPS request is being made to host 'randomuser.me'. Adding certificate verification is strongly advised. See: https://urllib3.readthedocs.io/en/latest/advanced-usage.html#tls-warnings
  warnings.warn(</msg>
<msg time="2024-05-25T21:12:54.735106" level="INFO">${response} = &lt;Response [200]&gt;</msg>
<var>${response}</var>
<arg>consultarAPI</arg>
<arg>/api</arg>
<doc>Sends a GET request on a previously created HTTP Session.</doc>
<status status="PASS" start="2024-05-25T21:12:54.653783" elapsed="0.081362"/>
</kw>
<kw name="Set Variable" owner="BuiltIn">
<msg time="2024-05-25T21:12:54.736233" level="INFO">${json_data} = {'results': [{'gender': 'male', 'name': {'title': 'Mr', 'first': 'Wishal', 'last': 'De Bekker'}, 'location': {'street': {'number': 7386, 'name': 'Dr.Langemeijerweg'}, 'city': 'Breskens', 'state': 'Lim...</msg>
<var>${json_data}</var>
<arg>${response.json()}</arg>
<doc>Returns the given values which can then be assigned to a variables.</doc>
<status status="PASS" start="2024-05-25T21:12:54.735693" elapsed="0.000570"/>
</kw>
<kw name="Set Variable" owner="BuiltIn">
<msg time="2024-05-25T21:12:54.737010" level="INFO">${name_title} = Mr</msg>
<var>${name_title}</var>
<arg>${json_data["results"][0]["name"]["title"]}</arg>
<doc>Returns the given values which can then be assigned to a variables.</doc>
<status status="PASS" start="2024-05-25T21:12:54.736615" elapsed="0.000421"/>
</kw>
<kw name="Create List" owner="BuiltIn">
<msg time="2024-05-25T21:12:54.737493" level="INFO">${allowed_titles} = ['Mr', 'Ms', 'Miss', 'Mrs', 'Madame', 'Monsieur']</msg>
<var>${allowed_titles}</var>
<arg>Mr</arg>
<arg>Ms</arg>
<arg>Miss</arg>
<arg>Mrs</arg>
<arg>Madame</arg>
<arg>Monsieur</arg>
<doc>Returns a list containing given items.</doc>
<status status="PASS" start="2024-05-25T21:12:54.737342" elapsed="0.000175"/>
</kw>
<kw name="List Should Contain Value" owner="Collections">
<msg time="2024-05-25T21:12:54.738015" level="INFO">False</msg>
<arg>${allowed_titles}</arg>
<arg>${name_title}</arg>
<doc>Fails if the ``value`` is not found from ``list``.</doc>
<status status="PASS" start="2024-05-25T21:12:54.737827" elapsed="0.000226"/>
</kw>
<kw name="Set Variable" owner="BuiltIn">
<msg time="2024-05-25T21:12:54.738980" level="INFO">${name_country} = NL</msg>
<var>${name_country}</var>
<arg>${json_data["results"][0]["nat"]}</arg>
<doc>Returns the given values which can then be assigned to a variables.</doc>
<status status="PASS" start="2024-05-25T21:12:54.738384" elapsed="0.000622"/>
</kw>
<kw name="Create List" owner="BuiltIn">
<msg time="2024-05-25T21:12:54.739932" level="INFO">${list_country} = ['AD', 'AE', 'AF', 'AG', 'AI', 'AL', 'AM', 'AO', 'AQ', 'AR', 'AS', 'AT', 'AU', 'AW', 'AX', 'AZ', 'BA', 'BB', 'BD', 'BE', 'BF', 'BG', 'BH', 'BI', 'BJ', 'BL', 'BM', 'BN', 'BO', 'BQ', 'BR', 'BS', 'BT', '...</msg>
<var>${list_country}</var>
<arg>AD</arg>
<arg>AE</arg>
<arg>AF</arg>
<arg>AG</arg>
<arg>AI</arg>
<arg>AL</arg>
<arg>AM</arg>
<arg>AO</arg>
<arg>AQ</arg>
<arg>AR</arg>
<arg>AS</arg>
<arg>AT</arg>
<arg>AU</arg>
<arg>AW</arg>
<arg>AX</arg>
<arg>AZ</arg>
<arg>BA</arg>
<arg>BB</arg>
<arg>BD</arg>
<arg>BE</arg>
<arg>BF</arg>
<arg>BG</arg>
<arg>BH</arg>
<arg>BI</arg>
<arg>BJ</arg>
<arg>BL</arg>
<arg>BM</arg>
<arg>BN</arg>
<arg>BO</arg>
<arg>BQ</arg>
<arg>BR</arg>
<arg>BS</arg>
<arg>BT</arg>
<arg>BV</arg>
<arg>BW</arg>
<arg>BY</arg>
<arg>BZ</arg>
<arg>CA</arg>
<arg>CC</arg>
<arg>CD</arg>
<arg>CF</arg>
<arg>CG</arg>
<arg>CH</arg>
<arg>CI</arg>
<arg>CK</arg>
<arg>CL</arg>
<arg>CM</arg>
<arg>CN</arg>
<arg>CO</arg>
<arg>CR</arg>
<arg>CU</arg>
<arg>CV</arg>
<arg>CW</arg>
<arg>CX</arg>
<arg>CY</arg>
<arg>CZ</arg>
<arg>DE</arg>
<arg>DJ</arg>
<arg>DK</arg>
<arg>DM</arg>
<arg>DO</arg>
<arg>DZ</arg>
<arg>EC</arg>
<arg>EE</arg>
<arg>EG</arg>
<arg>EH</arg>
<arg>ER</arg>
<arg>ES</arg>
<arg>ET</arg>
<arg>FI</arg>
<arg>FJ</arg>
<arg>FK</arg>
<arg>FM</arg>
<arg>FO</arg>
<arg>FR</arg>
<arg>GA</arg>
<arg>GB</arg>
<arg>GD</arg>
<arg>GE</arg>
<arg>GF</arg>
<arg>GG</arg>
<arg>GH</arg>
<arg>GI</arg>
<arg>GL</arg>
<arg>GM</arg>
<arg>GN</arg>
<arg>GP</arg>
<arg>GQ</arg>
<arg>GR</arg>
<arg>GS</arg>
<arg>GT</arg>
<arg>GU</arg>
<arg>GW</arg>
<arg>GY</arg>
<arg>HK</arg>
<arg>HM</arg>
<arg>HN</arg>
<arg>HR</arg>
<arg>HT</arg>
<arg>HU</arg>
<arg>ID</arg>
<arg>IE</arg>
<arg>IL</arg>
<arg>IM</arg>
<arg>IN</arg>
<arg>IO</arg>
<arg>IQ</arg>
<arg>IR</arg>
<arg>IS</arg>
<arg>IT</arg>
<arg>JE</arg>
<arg>JM</arg>
<arg>JO</arg>
<arg>JP</arg>
<arg>KE</arg>
<arg>KG</arg>
<arg>KH</arg>
<arg>KI</arg>
<arg>KM</arg>
<arg>KN</arg>
<arg>KP</arg>
<arg>KR</arg>
<arg>KW</arg>
<arg>KY</arg>
<arg>KZ</arg>
<arg>LA</arg>
<arg>LB</arg>
<arg>LC</arg>
<arg>LI</arg>
<arg>LK</arg>
<arg>LR</arg>
<arg>LS</arg>
<arg>LT</arg>
<arg>LU</arg>
<arg>LV</arg>
<arg>LY</arg>
<arg>MA</arg>
<arg>MC</arg>
<arg>MD</arg>
<arg>ME</arg>
<arg>MF</arg>
<arg>MG</arg>
<arg>MH</arg>
<arg>MK</arg>
<arg>ML</arg>
<arg>MM</arg>
<arg>MN</arg>
<arg>MO</arg>
<arg>MP</arg>
<arg>MQ</arg>
<arg>MR</arg>
<arg>MS</arg>
<arg>MT</arg>
<arg>MU</arg>
<arg>MV</arg>
<arg>MW</arg>
<arg>MX</arg>
<arg>MY</arg>
<arg>MZ</arg>
<arg>NA</arg>
<arg>NC</arg>
<arg>NE</arg>
<arg>NF</arg>
<arg>NG</arg>
<arg>NI</arg>
<arg>NL</arg>
<arg>NO</arg>
<arg>NP</arg>
<arg>NR</arg>
<arg>NU</arg>
<arg>NZ</arg>
<arg>OM</arg>
<arg>PA</arg>
<arg>PE</arg>
<arg>PF</arg>
<arg>PG</arg>
<arg>PH</arg>
<arg>PK</arg>
<arg>PL</arg>
<arg>PM</arg>
<arg>PN</arg>
<arg>PR</arg>
<arg>PS</arg>
<arg>PT</arg>
<arg>PW</arg>
<arg>PY</arg>
<arg>QA</arg>
<arg>RE</arg>
<arg>RO</arg>
<arg>RS</arg>
<arg>RU</arg>
<arg>RW</arg>
<arg>SA</arg>
<arg>SB</arg>
<arg>SC</arg>
<arg>SD</arg>
<arg>SE</arg>
<arg>SG</arg>
<arg>SH</arg>
<arg>SI</arg>
<arg>SJ</arg>
<arg>SK</arg>
<arg>SL</arg>
<arg>SM</arg>
<arg>SN</arg>
<arg>SO</arg>
<arg>SR</arg>
<arg>SS</arg>
<arg>ST</arg>
<arg>SV</arg>
<arg>SX</arg>
<arg>SY</arg>
<arg>SZ</arg>
<arg>TC</arg>
<arg>TD</arg>
<arg>TF</arg>
<arg>TG</arg>
<arg>TH</arg>
<arg>TJ</arg>
<arg>TK</arg>
<arg>TL</arg>
<arg>TM</arg>
<arg>TN</arg>
<arg>TO</arg>
<arg>TR</arg>
<arg>TT</arg>
<arg>TV</arg>
<arg>TW</arg>
<arg>TZ</arg>
<arg>UA</arg>
<arg>UG</arg>
<arg>UM</arg>
<arg>US</arg>
<arg>UY</arg>
<arg>UZ</arg>
<arg>VA</arg>
<arg>VC</arg>
<arg>VE</arg>
<arg>VG</arg>
<arg>VI</arg>
<arg>VN</arg>
<arg>VU</arg>
<arg>WF</arg>
<arg>WS</arg>
<arg>XK</arg>
<arg>YE</arg>
<arg>YT</arg>
<arg>ZA</arg>
<arg>ZM</arg>
<arg>ZW</arg>
<doc>Returns a list containing given items.</doc>
<status status="PASS" start="2024-05-25T21:12:54.739325" elapsed="0.000633"/>
</kw>
<kw name="List Should Contain Value" owner="Collections">
<msg time="2024-05-25T21:12:54.740964" level="INFO">False</msg>
<arg>${list_country}</arg>
<arg>${name_country}</arg>
<doc>Fails if the ``value`` is not found from ``list``.</doc>
<status status="PASS" start="2024-05-25T21:12:54.740752" elapsed="0.000248"/>
</kw>
<kw name="Run Keyword If" owner="BuiltIn">
<kw name="Should Be True" owner="BuiltIn">
<arg>${True}</arg>
<doc>Fails if the given condition is not true.</doc>
<status status="PASS" start="2024-05-25T21:12:54.742088" elapsed="0.000147"/>
</kw>
<arg>${json_data["results"][0]["location"]["coordinates"]["latitude"]} &gt;= -90 and ${json_data["results"][0]["location"]["coordinates"]["latitude"]} &lt;= 90</arg>
<arg>Should Be True</arg>
<arg>${True}</arg>
<doc>Runs the given keyword with the given arguments, if ``condition`` is true.</doc>
<status status="PASS" start="2024-05-25T21:12:54.741317" elapsed="0.001083"/>
</kw>
<kw name="Run Keyword If" owner="BuiltIn">
<kw name="Should Be True" owner="BuiltIn">
<arg>${True}</arg>
<doc>Fails if the given condition is not true.</doc>
<status status="PASS" start="2024-05-25T21:12:54.743283" elapsed="0.000137"/>
</kw>
<arg>${json_data["results"][0]["location"]["coordinates"]["longitude"]} &gt;= -180 and ${json_data["results"][0]["location"]["coordinates"]["longitude"]} &lt;= 180</arg>
<arg>Should Be True</arg>
<arg>${True}</arg>
<doc>Runs the given keyword with the given arguments, if ``condition`` is true.</doc>
<status status="PASS" start="2024-05-25T21:12:54.742590" elapsed="0.000954"/>
</kw>
<status status="PASS" start="2024-05-25T21:12:54.653520" elapsed="0.090158"/>
</kw>
<doc>Testa o conteúdo específico dos campos retornados pela API.</doc>
<tag>testeConteudo</tag>
<status status="PASS" start="2024-05-25T21:12:54.652913" elapsed="0.090919"/>
</test>
<status status="PASS" start="2024-05-25T21:12:53.880461" elapsed="0.865348"/>
</suite>
<status status="PASS" start="2024-05-25T21:12:53.866356" elapsed="0.884948"/>
</suite>
<statistics>
<total>
<stat pass="5" fail="0" skip="0">All Tests</stat>
</total>
<tag>
<stat pass="1" fail="0" skip="0">testeConteudo</stat>
<stat pass="1" fail="0" skip="0">testeEstruturaResposta</stat>
<stat pass="1" fail="0" skip="0">testeRequisicaoBasica</stat>
<stat pass="1" fail="0" skip="0">testeTiposDados</stat>
</tag>
<suite>
<stat pass="5" fail="0" skip="0" id="s1" name="Tests">Tests</stat>
<stat pass="5" fail="0" skip="0" id="s1-s1" name="Random-User-Test">Tests.Random-User-Test</stat>
</suite>
</statistics>
<errors>
</errors>
</robot>
