<?xml version="1.0" encoding="UTF-8"?>
<robot generator="Robot 7.0 (Python 3.12.3 on linux)" generated="2024-05-18T01:02:09.113826" rpa="false" schemaversion="5">
<suite id="s1" name="Tests" source="/home/runner/work/DesafioQAItauRogerioJordao/DesafioQAItauRogerioJordao/RamdonUser/tests">
<suite id="s1-s1" name="Random-User-Test" source="/home/runner/work/DesafioQAItauRogerioJordao/DesafioQAItauRogerioJordao/RamdonUser/tests/random-user-test.robot">
<test id="s1-s1-t1" name="Conectar" line="13">
<kw name="Conectar API" owner="random-user-service">
<kw name="Create Session" owner="RequestsLibrary">
<msg time="2024-05-18T01:02:09.474458" level="INFO">Creating Session using : alias=consultarAPI, url=https://randomuser.me/, headers={},                     cookies={}, auth=None, timeout=None, proxies=None, verify=False,                     debug=0 </msg>
<arg>consultarAPI</arg>
<arg>${URL}</arg>
<doc>Create Session: create a HTTP session to a server</doc>
<status status="PASS" start="2024-05-18T01:02:09.474254" elapsed="0.000377"/>
</kw>
<status status="PASS" start="2024-05-18T01:02:09.473281" elapsed="0.001700"/>
</kw>
<status status="PASS" start="2024-05-18T01:02:09.472694" elapsed="0.002477"/>
</test>
<test id="s1-s1-t2" name="Validar retorno 200 e JSON Válido" line="16">
<kw name="Teste de Requisicao Basica" owner="random-user-service">
<kw name="GET On Session" owner="RequestsLibrary">
<msg time="2024-05-18T01:02:09.653902" level="INFO">GET Request : url=https://randomuser.me/api 
 path_url=/api 
 headers={'User-Agent': 'python-requests/2.31.0', 'Accept-Encoding': 'gzip, deflate', 'Accept': '*/*', 'Connection': 'keep-alive'} 
 body=None 
 </msg>
<msg time="2024-05-18T01:02:09.654045" level="INFO">GET Response : url=https://randomuser.me/api 
 status=200, reason=OK 
 headers={'Date': 'Sat, 18 May 2024 01:02:09 GMT', 'Content-Type': 'application/json; charset=utf-8', 'Transfer-Encoding': 'chunked', 'Connection': 'keep-alive', 'X-Powered-By': 'Express', 'Access-Control-Allow-Origin': '*', 'Cache-Control': 'no-cache', 'ETag': 'W/"488-vPocXnpKg+F+EYzz+EhGLEw8A0k"', 'Vary': 'Accept-Encoding', 'Content-Encoding': 'gzip', 'CF-Cache-Status': 'DYNAMIC', 'Report-To': '{"endpoints":[{"url":"https:\\/\\/a.nel.cloudflare.com\\/report\\/v4?s=2tqsR9%2FOYBe17BmxQoLz6meTZFZbC%2FvqR104IQlMuLuOuu21CJ7OKmmMSF7YNVsTrNHC0ff16RQVEtgZihVedWaLakPV49%2BAOTo%2BsEDdRuWCAdur1mDZX%2FxUcXdZ7NrW"}],"group":"cf-nel","max_age":604800}', 'NEL': '{"success_fraction":0,"report_to":"cf-nel","max_age":604800}', 'Server': 'cloudflare', 'CF-RAY': '8857eb8e284181b8-IAD', 'alt-svc': 'h3=":443"; ma=86400'} 
 body={"results":[{"gender":"male","name":{"title":"Mr","first":"Gary","last":"Garza"},"location":{"street":{"number":2399,"name":"Smokey Ln"},"city":"Bunbury","state":"Queensland","country":"Australia","postcode":7131,"coordinates":{"latitude":"-86.3811","longitude":"-83.2429"},"timezone":{"offset":"-6:00","description":"Central Time (US &amp; Canada), Mexico City"}},"email":"gary.garza@example.com","login":{"uuid":"5433c371-69c8-4f98-8577-881863210b3b","username":"lazyladybug559","password":"flyers","salt":"zMXF9KGH","md5":"bc15eb4e8c5f0f878fd0156290545a59","sha1":"791f4a3e8c0f78f37a121d481cd2c3639f654f40","sha256":"f5035092ffaac0c1606d3c046928f4e911d1ede88a643218c3038c8e2bff3874"},"dob":{"date":"1973-05-31T09:03:43.427Z","age":50},"registered":{"date":"2004-04-13T17:11:45.157Z","age":20},"phone":"04-2110-6161","cell":"0421-420-255","id":{"name":"TFN","value":"882056187"},"picture":{"large":"https://randomuser.me/api/portraits/men/56.jpg","medium":"https://randomuser.me/api/portraits/med/men/56.jpg","thumbnail":"https://randomuser.me/api/portraits/thumb/men/56.jpg"},"nat":"AU"}],"info":{"seed":"c5e6ba33082a7b42","results":1,"page":1,"version":"1.4"}} 
 </msg>
<msg time="2024-05-18T01:02:09.654133" level="INFO">/opt/hostedtoolcache/Python/3.12.3/x64/lib/python3.12/site-packages/urllib3/connectionpool.py:1103: InsecureRequestWarning: Unverified HTTPS request is being made to host 'randomuser.me'. Adding certificate verification is strongly advised. See: https://urllib3.readthedocs.io/en/latest/advanced-usage.html#tls-warnings
  warnings.warn(</msg>
<msg time="2024-05-18T01:02:09.654308" level="INFO">${response} = &lt;Response [200]&gt;</msg>
<var>${response}</var>
<arg>consultarAPI</arg>
<arg>/api</arg>
<doc>Sends a GET request on a previously created HTTP Session.</doc>
<status status="PASS" start="2024-05-18T01:02:09.477903" elapsed="0.176442"/>
</kw>
<kw name="Should Be Equal As Numbers" owner="BuiltIn">
<msg time="2024-05-18T01:02:09.655264" level="INFO">Argument types are:
&lt;class 'int'&gt;
&lt;class 'str'&gt;</msg>
<arg>${response.status_code}</arg>
<arg>200</arg>
<doc>Fails if objects are unequal after converting them to real numbers.</doc>
<status status="PASS" start="2024-05-18T01:02:09.654827" elapsed="0.000500"/>
</kw>
<kw name="Log" owner="BuiltIn">
<msg time="2024-05-18T01:02:09.656009" level="INFO">200</msg>
<arg>${response.status_code}</arg>
<doc>Logs the given message with the given level.</doc>
<status status="PASS" start="2024-05-18T01:02:09.655666" elapsed="0.000384"/>
</kw>
<kw name="Set Variable" owner="BuiltIn">
<msg time="2024-05-18T01:02:09.656786" level="INFO">${json_data} = {'results': [{'gender': 'male', 'name': {'title': 'Mr', 'first': 'Gary', 'last': 'Garza'}, 'location': {'street': {'number': 2399, 'name': 'Smokey Ln'}, 'city': 'Bunbury', 'state': 'Queensland', 'coun...</msg>
<var>${json_data}</var>
<arg>${response.json()}</arg>
<doc>Returns the given values which can then be assigned to a variables.</doc>
<status status="PASS" start="2024-05-18T01:02:09.656353" elapsed="0.000460"/>
</kw>
<kw name="Dictionary Should Contain Key" owner="Collections">
<msg time="2024-05-18T01:02:09.657272" level="INFO">False</msg>
<arg>${json_data}</arg>
<arg>results</arg>
<doc>Fails if ``key`` is not found from ``dictionary``.</doc>
<status status="PASS" start="2024-05-18T01:02:09.657109" elapsed="0.000202"/>
</kw>
<status status="PASS" start="2024-05-18T01:02:09.477629" elapsed="0.179958"/>
</kw>
<doc>Testa se a API responde corretamente e retorna um objeto JSON válido.</doc>
<tag>testeRequisicaoBasica</tag>
<status status="PASS" start="2024-05-18T01:02:09.477048" elapsed="0.180722"/>
</test>
<test id="s1-s1-t3" name="Validar estrutura de resposta" line="22">
<kw name="Teste de Estrutura de Resposta" owner="random-user-service">
<kw name="GET On Session" owner="RequestsLibrary">
<msg time="2024-05-18T01:02:09.765365" level="INFO">GET Request : url=https://randomuser.me/api 
 path_url=/api 
 headers={'User-Agent': 'python-requests/2.31.0', 'Accept-Encoding': 'gzip, deflate', 'Accept': '*/*', 'Connection': 'keep-alive'} 
 body=None 
 </msg>
<msg time="2024-05-18T01:02:09.765451" level="INFO">GET Response : url=https://randomuser.me/api 
 status=200, reason=OK 
 headers={'Date': 'Sat, 18 May 2024 01:02:09 GMT', 'Content-Type': 'application/json; charset=utf-8', 'Transfer-Encoding': 'chunked', 'Connection': 'keep-alive', 'X-Powered-By': 'Express', 'Access-Control-Allow-Origin': '*', 'Cache-Control': 'no-cache', 'ETag': 'W/"480-sLf9TphQEWgEd8kGbTxdyT9tljI"', 'Vary': 'Accept-Encoding', 'Content-Encoding': 'gzip', 'CF-Cache-Status': 'DYNAMIC', 'Report-To': '{"endpoints":[{"url":"https:\\/\\/a.nel.cloudflare.com\\/report\\/v4?s=yd8rl3mvunFopYOLDSR7UxKh%2FzoyYEO%2BEINo1jkMGxwaNvSd%2FpeTNNhRRlTB4Z9GMoE7TXTudv%2F%2BChhtV8%2F1eB7%2BR2GBMqKfCIozMVWErcGgC0DOBW7kv%2B9X7WZqnya0"}],"group":"cf-nel","max_age":604800}', 'NEL': '{"success_fraction":0,"report_to":"cf-nel","max_age":604800}', 'Server': 'cloudflare', 'CF-RAY': '8857eb8e688c81b8-IAD', 'alt-svc': 'h3=":443"; ma=86400'} 
 body={"results":[{"gender":"female","name":{"title":"Ms","first":"Caroline","last":"Christensen"},"location":{"street":{"number":4416,"name":"Strandbakken"},"city":"Assens","state":"Syddanmark","country":"Denmark","postcode":71763,"coordinates":{"latitude":"-46.3101","longitude":"149.8167"},"timezone":{"offset":"-3:30","description":"Newfoundland"}},"email":"caroline.christensen@example.com","login":{"uuid":"21e47c1e-aa40-4238-bf5a-e881b3c70453","username":"redtiger591","password":"first","salt":"QrbinGU9","md5":"6fc7dac50bc689557c1f5fcd1e9b2c54","sha1":"8e9f2b6c5a136e93addd90a5a2ac583a140386d3","sha256":"2f32dc304def098174185c1bb1fd8a6843bda335bc1ffdefc7506033699b53f1"},"dob":{"date":"1975-10-19T23:48:33.606Z","age":48},"registered":{"date":"2003-06-25T23:02:08.234Z","age":20},"phone":"27402321","cell":"57185147","id":{"name":"CPR","value":"191075-1513"},"picture":{"large":"https://randomuser.me/api/portraits/women/66.jpg","medium":"https://randomuser.me/api/portraits/med/women/66.jpg","thumbnail":"https://randomuser.me/api/portraits/thumb/women/66.jpg"},"nat":"DK"}],"info":{"seed":"6ac288ef4d2d824d","results":1,"page":1,"version":"1.4"}} 
 </msg>
<msg time="2024-05-18T01:02:09.765605" level="INFO">/opt/hostedtoolcache/Python/3.12.3/x64/lib/python3.12/site-packages/urllib3/connectionpool.py:1103: InsecureRequestWarning: Unverified HTTPS request is being made to host 'randomuser.me'. Adding certificate verification is strongly advised. See: https://urllib3.readthedocs.io/en/latest/advanced-usage.html#tls-warnings
  warnings.warn(</msg>
<msg time="2024-05-18T01:02:09.765746" level="INFO">${response} = &lt;Response [200]&gt;</msg>
<var>${response}</var>
<arg>consultarAPI</arg>
<arg>/api</arg>
<doc>Sends a GET request on a previously created HTTP Session.</doc>
<status status="PASS" start="2024-05-18T01:02:09.660718" elapsed="0.105094"/>
</kw>
<kw name="Set Variable" owner="BuiltIn">
<msg time="2024-05-18T01:02:09.766686" level="INFO">${json_data} = {'results': [{'gender': 'female', 'name': {'title': 'Ms', 'first': 'Caroline', 'last': 'Christensen'}, 'location': {'street': {'number': 4416, 'name': 'Strandbakken'}, 'city': 'Assens', 'state': 'Sydd...</msg>
<var>${json_data}</var>
<arg>${response.json()}</arg>
<doc>Returns the given values which can then be assigned to a variables.</doc>
<status status="PASS" start="2024-05-18T01:02:09.766245" elapsed="0.000469"/>
</kw>
<kw name="Log" owner="BuiltIn">
<msg time="2024-05-18T01:02:09.767166" level="INFO">{'results': [{'gender': 'female', 'name': {'title': 'Ms', 'first': 'Caroline', 'last': 'Christensen'}, 'location': {'street': {'number': 4416, 'name': 'Strandbakken'}, 'city': 'Assens', 'state': 'Syddanmark', 'country': 'Denmark', 'postcode': 71763, 'coordinates': {'latitude': '-46.3101', 'longitude': '149.8167'}, 'timezone': {'offset': '-3:30', 'description': 'Newfoundland'}}, 'email': 'caroline.christensen@example.com', 'login': {'uuid': '21e47c1e-aa40-4238-bf5a-e881b3c70453', 'username': 'redtiger591', 'password': 'first', 'salt': 'QrbinGU9', 'md5': '6fc7dac50bc689557c1f5fcd1e9b2c54', 'sha1': '8e9f2b6c5a136e93addd90a5a2ac583a140386d3', 'sha256': '2f32dc304def098174185c1bb1fd8a6843bda335bc1ffdefc7506033699b53f1'}, 'dob': {'date': '1975-10-19T23:48:33.606Z', 'age': 48}, 'registered': {'date': '2003-06-25T23:02:08.234Z', 'age': 20}, 'phone': '27402321', 'cell': '57185147', 'id': {'name': 'CPR', 'value': '191075-1513'}, 'picture': {'large': 'https://randomuser.me/api/portraits/women/66.jpg', 'medium': 'https://randomuser.me/api/portraits/med/women/66.jpg', 'thumbnail': 'https://randomuser.me/api/portraits/thumb/women/66.jpg'}, 'nat': 'DK'}], 'info': {'seed': '6ac288ef4d2d824d', 'results': 1, 'page': 1, 'version': '1.4'}}</msg>
<arg>${json_data}</arg>
<doc>Logs the given message with the given level.</doc>
<status status="PASS" start="2024-05-18T01:02:09.767014" elapsed="0.000205"/>
</kw>
<kw name="Dictionary Should Contain Key" owner="Collections">
<msg time="2024-05-18T01:02:09.767664" level="INFO">False</msg>
<arg>${json_data}</arg>
<arg>results</arg>
<doc>Fails if ``key`` is not found from ``dictionary``.</doc>
<status status="PASS" start="2024-05-18T01:02:09.767512" elapsed="0.000188"/>
</kw>
<kw name="Should Not Be Empty" owner="BuiltIn">
<msg time="2024-05-18T01:02:09.768121" level="INFO">Length is 2.</msg>
<arg>${json_data}</arg>
<doc>Verifies that the given item is not empty.</doc>
<status status="PASS" start="2024-05-18T01:02:09.767990" elapsed="0.000174"/>
</kw>
<kw name="Create List" owner="BuiltIn">
<msg time="2024-05-18T01:02:09.768718" level="INFO">${expected_keys} = ['gender', 'name', 'location', 'email', 'login']</msg>
<var>${expected_keys}</var>
<arg>gender</arg>
<arg>name</arg>
<arg>location</arg>
<arg>email</arg>
<arg>login</arg>
<doc>Returns a list containing given items.</doc>
<status status="PASS" start="2024-05-18T01:02:09.768446" elapsed="0.000296"/>
</kw>
<for flavor="IN">
<iter>
<kw name="Dictionary Should Contain Key" owner="Collections">
<msg time="2024-05-18T01:02:09.769736" level="INFO">False</msg>
<arg>${json_data['results'][0]}</arg>
<arg>${key}</arg>
<doc>Fails if ``key`` is not found from ``dictionary``.</doc>
<status status="PASS" start="2024-05-18T01:02:09.769310" elapsed="0.000465"/>
</kw>
<kw name="Log" owner="BuiltIn">
<msg time="2024-05-18T01:02:09.770432" level="INFO">{'gender': 'female', 'name': {'title': 'Ms', 'first': 'Caroline', 'last': 'Christensen'}, 'location': {'street': {'number': 4416, 'name': 'Strandbakken'}, 'city': 'Assens', 'state': 'Syddanmark', 'country': 'Denmark', 'postcode': 71763, 'coordinates': {'latitude': '-46.3101', 'longitude': '149.8167'}, 'timezone': {'offset': '-3:30', 'description': 'Newfoundland'}}, 'email': 'caroline.christensen@example.com', 'login': {'uuid': '21e47c1e-aa40-4238-bf5a-e881b3c70453', 'username': 'redtiger591', 'password': 'first', 'salt': 'QrbinGU9', 'md5': '6fc7dac50bc689557c1f5fcd1e9b2c54', 'sha1': '8e9f2b6c5a136e93addd90a5a2ac583a140386d3', 'sha256': '2f32dc304def098174185c1bb1fd8a6843bda335bc1ffdefc7506033699b53f1'}, 'dob': {'date': '1975-10-19T23:48:33.606Z', 'age': 48}, 'registered': {'date': '2003-06-25T23:02:08.234Z', 'age': 20}, 'phone': '27402321', 'cell': '57185147', 'id': {'name': 'CPR', 'value': '191075-1513'}, 'picture': {'large': 'https://randomuser.me/api/portraits/women/66.jpg', 'medium': 'https://randomuser.me/api/portraits/med/women/66.jpg', 'thumbnail': 'https://randomuser.me/api/portraits/thumb/women/66.jpg'}, 'nat': 'DK'}</msg>
<arg>${json_data['results'][0]}</arg>
<doc>Logs the given message with the given level.</doc>
<status status="PASS" start="2024-05-18T01:02:09.770072" elapsed="0.000408"/>
</kw>
<kw name="Log" owner="BuiltIn">
<msg time="2024-05-18T01:02:09.770897" level="INFO">gender</msg>
<arg>${key}</arg>
<doc>Logs the given message with the given level.</doc>
<status status="PASS" start="2024-05-18T01:02:09.770772" elapsed="0.000163"/>
</kw>
<var name="${key}">gender</var>
<status status="PASS" start="2024-05-18T01:02:09.769188" elapsed="0.001958"/>
</iter>
<iter>
<kw name="Dictionary Should Contain Key" owner="Collections">
<msg time="2024-05-18T01:02:09.771818" level="INFO">False</msg>
<arg>${json_data['results'][0]}</arg>
<arg>${key}</arg>
<doc>Fails if ``key`` is not found from ``dictionary``.</doc>
<status status="PASS" start="2024-05-18T01:02:09.771445" elapsed="0.000411"/>
</kw>
<kw name="Log" owner="BuiltIn">
<msg time="2024-05-18T01:02:09.772543" level="INFO">{'gender': 'female', 'name': {'title': 'Ms', 'first': 'Caroline', 'last': 'Christensen'}, 'location': {'street': {'number': 4416, 'name': 'Strandbakken'}, 'city': 'Assens', 'state': 'Syddanmark', 'country': 'Denmark', 'postcode': 71763, 'coordinates': {'latitude': '-46.3101', 'longitude': '149.8167'}, 'timezone': {'offset': '-3:30', 'description': 'Newfoundland'}}, 'email': 'caroline.christensen@example.com', 'login': {'uuid': '21e47c1e-aa40-4238-bf5a-e881b3c70453', 'username': 'redtiger591', 'password': 'first', 'salt': 'QrbinGU9', 'md5': '6fc7dac50bc689557c1f5fcd1e9b2c54', 'sha1': '8e9f2b6c5a136e93addd90a5a2ac583a140386d3', 'sha256': '2f32dc304def098174185c1bb1fd8a6843bda335bc1ffdefc7506033699b53f1'}, 'dob': {'date': '1975-10-19T23:48:33.606Z', 'age': 48}, 'registered': {'date': '2003-06-25T23:02:08.234Z', 'age': 20}, 'phone': '27402321', 'cell': '57185147', 'id': {'name': 'CPR', 'value': '191075-1513'}, 'picture': {'large': 'https://randomuser.me/api/portraits/women/66.jpg', 'medium': 'https://randomuser.me/api/portraits/med/women/66.jpg', 'thumbnail': 'https://randomuser.me/api/portraits/thumb/women/66.jpg'}, 'nat': 'DK'}</msg>
<arg>${json_data['results'][0]}</arg>
<doc>Logs the given message with the given level.</doc>
<status status="PASS" start="2024-05-18T01:02:09.772178" elapsed="0.000413"/>
</kw>
<kw name="Log" owner="BuiltIn">
<msg time="2024-05-18T01:02:09.773009" level="INFO">name</msg>
<arg>${key}</arg>
<doc>Logs the given message with the given level.</doc>
<status status="PASS" start="2024-05-18T01:02:09.772884" elapsed="0.000161"/>
</kw>
<var name="${key}">name</var>
<status status="PASS" start="2024-05-18T01:02:09.771331" elapsed="0.001929"/>
</iter>
<iter>
<kw name="Dictionary Should Contain Key" owner="Collections">
<msg time="2024-05-18T01:02:09.773945" level="INFO">False</msg>
<arg>${json_data['results'][0]}</arg>
<arg>${key}</arg>
<doc>Fails if ``key`` is not found from ``dictionary``.</doc>
<status status="PASS" start="2024-05-18T01:02:09.773565" elapsed="0.000417"/>
</kw>
<kw name="Log" owner="BuiltIn">
<msg time="2024-05-18T01:02:09.774632" level="INFO">{'gender': 'female', 'name': {'title': 'Ms', 'first': 'Caroline', 'last': 'Christensen'}, 'location': {'street': {'number': 4416, 'name': 'Strandbakken'}, 'city': 'Assens', 'state': 'Syddanmark', 'country': 'Denmark', 'postcode': 71763, 'coordinates': {'latitude': '-46.3101', 'longitude': '149.8167'}, 'timezone': {'offset': '-3:30', 'description': 'Newfoundland'}}, 'email': 'caroline.christensen@example.com', 'login': {'uuid': '21e47c1e-aa40-4238-bf5a-e881b3c70453', 'username': 'redtiger591', 'password': 'first', 'salt': 'QrbinGU9', 'md5': '6fc7dac50bc689557c1f5fcd1e9b2c54', 'sha1': '8e9f2b6c5a136e93addd90a5a2ac583a140386d3', 'sha256': '2f32dc304def098174185c1bb1fd8a6843bda335bc1ffdefc7506033699b53f1'}, 'dob': {'date': '1975-10-19T23:48:33.606Z', 'age': 48}, 'registered': {'date': '2003-06-25T23:02:08.234Z', 'age': 20}, 'phone': '27402321', 'cell': '57185147', 'id': {'name': 'CPR', 'value': '191075-1513'}, 'picture': {'large': 'https://randomuser.me/api/portraits/women/66.jpg', 'medium': 'https://randomuser.me/api/portraits/med/women/66.jpg', 'thumbnail': 'https://randomuser.me/api/portraits/thumb/women/66.jpg'}, 'nat': 'DK'}</msg>
<arg>${json_data['results'][0]}</arg>
<doc>Logs the given message with the given level.</doc>
<status status="PASS" start="2024-05-18T01:02:09.774277" elapsed="0.000402"/>
</kw>
<kw name="Log" owner="BuiltIn">
<msg time="2024-05-18T01:02:09.775089" level="INFO">location</msg>
<arg>${key}</arg>
<doc>Logs the given message with the given level.</doc>
<status status="PASS" start="2024-05-18T01:02:09.774967" elapsed="0.000159"/>
</kw>
<var name="${key}">location</var>
<status status="PASS" start="2024-05-18T01:02:09.773436" elapsed="0.001898"/>
</iter>
<iter>
<kw name="Dictionary Should Contain Key" owner="Collections">
<msg time="2024-05-18T01:02:09.775996" level="INFO">False</msg>
<arg>${json_data['results'][0]}</arg>
<arg>${key}</arg>
<doc>Fails if ``key`` is not found from ``dictionary``.</doc>
<status status="PASS" start="2024-05-18T01:02:09.775609" elapsed="0.000423"/>
</kw>
<kw name="Log" owner="BuiltIn">
<msg time="2024-05-18T01:02:09.776669" level="INFO">{'gender': 'female', 'name': {'title': 'Ms', 'first': 'Caroline', 'last': 'Christensen'}, 'location': {'street': {'number': 4416, 'name': 'Strandbakken'}, 'city': 'Assens', 'state': 'Syddanmark', 'country': 'Denmark', 'postcode': 71763, 'coordinates': {'latitude': '-46.3101', 'longitude': '149.8167'}, 'timezone': {'offset': '-3:30', 'description': 'Newfoundland'}}, 'email': 'caroline.christensen@example.com', 'login': {'uuid': '21e47c1e-aa40-4238-bf5a-e881b3c70453', 'username': 'redtiger591', 'password': 'first', 'salt': 'QrbinGU9', 'md5': '6fc7dac50bc689557c1f5fcd1e9b2c54', 'sha1': '8e9f2b6c5a136e93addd90a5a2ac583a140386d3', 'sha256': '2f32dc304def098174185c1bb1fd8a6843bda335bc1ffdefc7506033699b53f1'}, 'dob': {'date': '1975-10-19T23:48:33.606Z', 'age': 48}, 'registered': {'date': '2003-06-25T23:02:08.234Z', 'age': 20}, 'phone': '27402321', 'cell': '57185147', 'id': {'name': 'CPR', 'value': '191075-1513'}, 'picture': {'large': 'https://randomuser.me/api/portraits/women/66.jpg', 'medium': 'https://randomuser.me/api/portraits/med/women/66.jpg', 'thumbnail': 'https://randomuser.me/api/portraits/thumb/women/66.jpg'}, 'nat': 'DK'}</msg>
<arg>${json_data['results'][0]}</arg>
<doc>Logs the given message with the given level.</doc>
<status status="PASS" start="2024-05-18T01:02:09.776323" elapsed="0.000394"/>
</kw>
<kw name="Log" owner="BuiltIn">
<msg time="2024-05-18T01:02:09.777140" level="INFO">email</msg>
<arg>${key}</arg>
<doc>Logs the given message with the given level.</doc>
<status status="PASS" start="2024-05-18T01:02:09.777004" elapsed="0.000173"/>
</kw>
<var name="${key}">email</var>
<status status="PASS" start="2024-05-18T01:02:09.775502" elapsed="0.001882"/>
</iter>
<iter>
<kw name="Dictionary Should Contain Key" owner="Collections">
<msg time="2024-05-18T01:02:09.778065" level="INFO">False</msg>
<arg>${json_data['results'][0]}</arg>
<arg>${key}</arg>
<doc>Fails if ``key`` is not found from ``dictionary``.</doc>
<status status="PASS" start="2024-05-18T01:02:09.777684" elapsed="0.000417"/>
</kw>
<kw name="Log" owner="BuiltIn">
<msg time="2024-05-18T01:02:09.778752" level="INFO">{'gender': 'female', 'name': {'title': 'Ms', 'first': 'Caroline', 'last': 'Christensen'}, 'location': {'street': {'number': 4416, 'name': 'Strandbakken'}, 'city': 'Assens', 'state': 'Syddanmark', 'country': 'Denmark', 'postcode': 71763, 'coordinates': {'latitude': '-46.3101', 'longitude': '149.8167'}, 'timezone': {'offset': '-3:30', 'description': 'Newfoundland'}}, 'email': 'caroline.christensen@example.com', 'login': {'uuid': '21e47c1e-aa40-4238-bf5a-e881b3c70453', 'username': 'redtiger591', 'password': 'first', 'salt': 'QrbinGU9', 'md5': '6fc7dac50bc689557c1f5fcd1e9b2c54', 'sha1': '8e9f2b6c5a136e93addd90a5a2ac583a140386d3', 'sha256': '2f32dc304def098174185c1bb1fd8a6843bda335bc1ffdefc7506033699b53f1'}, 'dob': {'date': '1975-10-19T23:48:33.606Z', 'age': 48}, 'registered': {'date': '2003-06-25T23:02:08.234Z', 'age': 20}, 'phone': '27402321', 'cell': '57185147', 'id': {'name': 'CPR', 'value': '191075-1513'}, 'picture': {'large': 'https://randomuser.me/api/portraits/women/66.jpg', 'medium': 'https://randomuser.me/api/portraits/med/women/66.jpg', 'thumbnail': 'https://randomuser.me/api/portraits/thumb/women/66.jpg'}, 'nat': 'DK'}</msg>
<arg>${json_data['results'][0]}</arg>
<doc>Logs the given message with the given level.</doc>
<status status="PASS" start="2024-05-18T01:02:09.778389" elapsed="0.000411"/>
</kw>
<kw name="Log" owner="BuiltIn">
<msg time="2024-05-18T01:02:09.779219" level="INFO">login</msg>
<arg>${key}</arg>
<doc>Logs the given message with the given level.</doc>
<status status="PASS" start="2024-05-18T01:02:09.779095" elapsed="0.000161"/>
</kw>
<var name="${key}">login</var>
<status status="PASS" start="2024-05-18T01:02:09.777572" elapsed="0.001897"/>
</iter>
<var>${key}</var>
<value>@{expected_keys}</value>
<status status="PASS" start="2024-05-18T01:02:09.769004" elapsed="0.010610"/>
</for>
<kw name="Create List" owner="BuiltIn">
<msg time="2024-05-18T01:02:09.779940" level="INFO">${expected_keysTwo} = ['username', 'password']</msg>
<var>${expected_keysTwo}</var>
<arg>username</arg>
<arg>password</arg>
<doc>Returns a list containing given items.</doc>
<status status="PASS" start="2024-05-18T01:02:09.779809" elapsed="0.000154"/>
</kw>
<for flavor="IN">
<iter>
<kw name="Dictionary Should Contain Key" owner="Collections">
<msg time="2024-05-18T01:02:09.780832" level="INFO">False</msg>
<arg>${json_data['results'][0]['login']}</arg>
<arg>${keyTwo}</arg>
<doc>Fails if ``key`` is not found from ``dictionary``.</doc>
<status status="PASS" start="2024-05-18T01:02:09.780450" elapsed="0.000419"/>
</kw>
<kw name="Dictionary Should Contain Key" owner="Collections">
<msg time="2024-05-18T01:02:09.781566" level="INFO">False</msg>
<arg>${json_data['results'][0]['login']}</arg>
<arg>${keyTwo}</arg>
<doc>Fails if ``key`` is not found from ``dictionary``.</doc>
<status status="PASS" start="2024-05-18T01:02:09.781164" elapsed="0.000453"/>
</kw>
<kw name="Log" owner="BuiltIn">
<msg time="2024-05-18T01:02:09.782044" level="INFO">username</msg>
<arg>${keyTwo}</arg>
<doc>Logs the given message with the given level.</doc>
<status status="PASS" start="2024-05-18T01:02:09.781919" elapsed="0.000168"/>
</kw>
<var name="${keyTwo}">username</var>
<status status="PASS" start="2024-05-18T01:02:09.780343" elapsed="0.001962"/>
</iter>
<iter>
<kw name="Dictionary Should Contain Key" owner="Collections">
<msg time="2024-05-18T01:02:09.782958" level="INFO">False</msg>
<arg>${json_data['results'][0]['login']}</arg>
<arg>${keyTwo}</arg>
<doc>Fails if ``key`` is not found from ``dictionary``.</doc>
<status status="PASS" start="2024-05-18T01:02:09.782583" elapsed="0.000411"/>
</kw>
<kw name="Dictionary Should Contain Key" owner="Collections">
<msg time="2024-05-18T01:02:09.783738" level="INFO">False</msg>
<arg>${json_data['results'][0]['login']}</arg>
<arg>${keyTwo}</arg>
<doc>Fails if ``key`` is not found from ``dictionary``.</doc>
<status status="PASS" start="2024-05-18T01:02:09.783285" elapsed="0.000491"/>
</kw>
<kw name="Log" owner="BuiltIn">
<msg time="2024-05-18T01:02:09.784193" level="INFO">password</msg>
<arg>${keyTwo}</arg>
<doc>Logs the given message with the given level.</doc>
<status status="PASS" start="2024-05-18T01:02:09.784067" elapsed="0.000163"/>
</kw>
<var name="${keyTwo}">password</var>
<status status="PASS" start="2024-05-18T01:02:09.782474" elapsed="0.001971"/>
</iter>
<var>${keyTwo}</var>
<value>@{expected_keysTwo}</value>
<status status="PASS" start="2024-05-18T01:02:09.780194" elapsed="0.004369"/>
</for>
<status status="PASS" start="2024-05-18T01:02:09.660370" elapsed="0.124327"/>
</kw>
<doc>Testa a estrutura da resposta da API.</doc>
<tag>testeEstruturaResposta</tag>
<status status="PASS" start="2024-05-18T01:02:09.659581" elapsed="0.125261"/>
</test>
<test id="s1-s1-t4" name="Validar tipos de dados" line="28">
<kw name="Teste de Tipos de Dados" owner="random-user-service">
<kw name="GET On Session" owner="RequestsLibrary">
<msg time="2024-05-18T01:02:09.854202" level="INFO">GET Request : url=https://randomuser.me/api 
 path_url=/api 
 headers={'User-Agent': 'python-requests/2.31.0', 'Accept-Encoding': 'gzip, deflate', 'Accept': '*/*', 'Connection': 'keep-alive'} 
 body=None 
 </msg>
<msg time="2024-05-18T01:02:09.854283" level="INFO">GET Response : url=https://randomuser.me/api 
 status=200, reason=OK 
 headers={'Date': 'Sat, 18 May 2024 01:02:09 GMT', 'Content-Type': 'application/json; charset=utf-8', 'Transfer-Encoding': 'chunked', 'Connection': 'keep-alive', 'X-Powered-By': 'Express', 'Access-Control-Allow-Origin': '*', 'Cache-Control': 'no-cache', 'ETag': 'W/"49d-MqCtnWeAh+ytKUo4jQQH5KQwDjo"', 'Vary': 'Accept-Encoding', 'Content-Encoding': 'gzip', 'CF-Cache-Status': 'DYNAMIC', 'Report-To': '{"endpoints":[{"url":"https:\\/\\/a.nel.cloudflare.com\\/report\\/v4?s=xsEHxgy4TqloYpU0YvnwBnt%2BxFYw9nxAbgaI3%2Fs7U9Un8BUXJz6VeEA68GLdBrRSpS66QB25nyWO4rEovFBbftEapvxQkPqdhSHJgkxBFdCw3XPhCwvqLd5DNywLRow%2B"}],"group":"cf-nel","max_age":604800}', 'NEL': '{"success_fraction":0,"report_to":"cf-nel","max_age":604800}', 'Server': 'cloudflare', 'CF-RAY': '8857eb8f398e81b8-IAD', 'alt-svc': 'h3=":443"; ma=86400'} 
 body={"results":[{"gender":"male","name":{"title":"Mr","first":"Emilio","last":"Méndez"},"location":{"street":{"number":759,"name":"Avenida del Planetario"},"city":"Hospitalet de Llobregat","state":"Canarias","country":"Spain","postcode":33584,"coordinates":{"latitude":"-31.2448","longitude":"-102.5851"},"timezone":{"offset":"+5:30","description":"Bombay, Calcutta, Madras, New Delhi"}},"email":"emilio.mendez@example.com","login":{"uuid":"48b13524-24c8-4e31-867e-1c40284a2bfc","username":"lazytiger188","password":"groove","salt":"jsXG6pfI","md5":"c653934fb867889ac3ea5a34f25409fe","sha1":"29afe5281011abf817e23c703ed435c84cf8aee0","sha256":"50867b407f814bcd1281193823612510fb1b7299aef698590daa154b39c83d7f"},"dob":{"date":"1987-04-06T10:38:09.114Z","age":37},"registered":{"date":"2007-11-20T08:52:34.118Z","age":16},"phone":"915-361-797","cell":"618-779-661","id":{"name":"DNI","value":"19381973-J"},"picture":{"large":"https://randomuser.me/api/portraits/men/3.jpg","medium":"https://randomuser.me/api/portraits/med/men/3.jpg","thumbnail":"https://randomuser.me/api/portraits/thumb/men/3.jpg"},"nat":"ES"}],"info":{"seed":"888f4df5227e60a5","results":1,"page":1,"version":"1.4"}} 
 </msg>
<msg time="2024-05-18T01:02:09.854338" level="INFO">/opt/hostedtoolcache/Python/3.12.3/x64/lib/python3.12/site-packages/urllib3/connectionpool.py:1103: InsecureRequestWarning: Unverified HTTPS request is being made to host 'randomuser.me'. Adding certificate verification is strongly advised. See: https://urllib3.readthedocs.io/en/latest/advanced-usage.html#tls-warnings
  warnings.warn(</msg>
<msg time="2024-05-18T01:02:09.854423" level="INFO">${response} = &lt;Response [200]&gt;</msg>
<var>${response}</var>
<arg>consultarAPI</arg>
<arg>/api</arg>
<doc>Sends a GET request on a previously created HTTP Session.</doc>
<status status="PASS" start="2024-05-18T01:02:09.787221" elapsed="0.067226"/>
</kw>
<kw name="Set Variable" owner="BuiltIn">
<msg time="2024-05-18T01:02:09.855290" level="INFO">${json_data} = {'results': [{'gender': 'male', 'name': {'title': 'Mr', 'first': 'Emilio', 'last': 'Méndez'}, 'location': {'street': {'number': 759, 'name': 'Avenida del Planetario'}, 'city': 'Hospitalet de Llobregat...</msg>
<var>${json_data}</var>
<arg>${response.json()}</arg>
<doc>Returns the given values which can then be assigned to a variables.</doc>
<status status="PASS" start="2024-05-18T01:02:09.854837" elapsed="0.000481"/>
</kw>
<kw name="Log" owner="BuiltIn">
<msg time="2024-05-18T01:02:09.855785" level="INFO">{'results': [{'gender': 'male', 'name': {'title': 'Mr', 'first': 'Emilio', 'last': 'Méndez'}, 'location': {'street': {'number': 759, 'name': 'Avenida del Planetario'}, 'city': 'Hospitalet de Llobregat', 'state': 'Canarias', 'country': 'Spain', 'postcode': 33584, 'coordinates': {'latitude': '-31.2448', 'longitude': '-102.5851'}, 'timezone': {'offset': '+5:30', 'description': 'Bombay, Calcutta, Madras, New Delhi'}}, 'email': 'emilio.mendez@example.com', 'login': {'uuid': '48b13524-24c8-4e31-867e-1c40284a2bfc', 'username': 'lazytiger188', 'password': 'groove', 'salt': 'jsXG6pfI', 'md5': 'c653934fb867889ac3ea5a34f25409fe', 'sha1': '29afe5281011abf817e23c703ed435c84cf8aee0', 'sha256': '50867b407f814bcd1281193823612510fb1b7299aef698590daa154b39c83d7f'}, 'dob': {'date': '1987-04-06T10:38:09.114Z', 'age': 37}, 'registered': {'date': '2007-11-20T08:52:34.118Z', 'age': 16}, 'phone': '915-361-797', 'cell': '618-779-661', 'id': {'name': 'DNI', 'value': '19381973-J'}, 'picture': {'large': 'https://randomuser.me/api/portraits/men/3.jpg', 'medium': 'https://randomuser.me/api/portraits/med/men/3.jpg', 'thumbnail': 'https://randomuser.me/api/portraits/thumb/men/3.jpg'}, 'nat': 'ES'}], 'info': {'seed': '888f4df5227e60a5', 'results': 1, 'page': 1, 'version': '1.4'}}</msg>
<arg>${json_data}</arg>
<doc>Logs the given message with the given level.</doc>
<status status="PASS" start="2024-05-18T01:02:09.855625" elapsed="0.000241"/>
</kw>
<kw name="Should Be String" owner="String">
<arg>${json_data['results'][0]['gender']}</arg>
<doc>Fails if the given ``item`` is not a string.</doc>
<status status="PASS" start="2024-05-18T01:02:09.856160" elapsed="0.000355"/>
</kw>
<kw name="Should Match Regexp" owner="BuiltIn">
<arg>${json_data['results'][0]['email']}</arg>
<arg>^[a-zA-Z0-9._%+-]+@[a-zA-Z0-9.-]+\.[a-zA-Z]{2,}$</arg>
<doc>Fails if ``string`` does not match ``pattern`` as a regular expression.</doc>
<status status="PASS" start="2024-05-18T01:02:09.856704" elapsed="0.000498"/>
</kw>
<kw name="Should Match Regexp" owner="BuiltIn">
<arg>${json_data['results'][0]['dob']['date']}</arg>
<arg>\\d{4}-\\d{2}-\\d{2}T\\d{2}:\\d{2}:\\d{2}\\.\\d{3}Z</arg>
<doc>Fails if ``string`` does not match ``pattern`` as a regular expression.</doc>
<status status="PASS" start="2024-05-18T01:02:09.857394" elapsed="0.000531"/>
</kw>
<kw name="Should Match Regexp" owner="BuiltIn">
<arg>${json_data['results'][0]['registered']['date']}</arg>
<arg>\\d{4}-\\d{2}-\\d{2}T\\d{2}:\\d{2}:\\d{2}\\.\\d{3}Z</arg>
<doc>Fails if ``string`` does not match ``pattern`` as a regular expression.</doc>
<status status="PASS" start="2024-05-18T01:02:09.858121" elapsed="0.000364"/>
</kw>
<kw name="Should Match Regexp" owner="BuiltIn">
<arg>${json_data['results'][0]['picture']['large']}</arg>
<arg>^https?://.*\.(?:png|jpe?g|gif|bmp)$</arg>
<doc>Fails if ``string`` does not match ``pattern`` as a regular expression.</doc>
<status status="PASS" start="2024-05-18T01:02:09.858671" elapsed="0.000457"/>
</kw>
<kw name="Should Match Regexp" owner="BuiltIn">
<arg>${json_data['results'][0]['picture']['medium']}</arg>
<arg>^https?://.*\.(?:png|jpe?g|gif|bmp)$</arg>
<doc>Fails if ``string`` does not match ``pattern`` as a regular expression.</doc>
<status status="PASS" start="2024-05-18T01:02:09.859316" elapsed="0.000344"/>
</kw>
<kw name="Should Match Regexp" owner="BuiltIn">
<arg>${json_data['results'][0]['picture']['thumbnail']}</arg>
<arg>^https?://.*\.(?:png|jpe?g|gif|bmp)$</arg>
<doc>Fails if ``string`` does not match ``pattern`` as a regular expression.</doc>
<status status="PASS" start="2024-05-18T01:02:09.859849" elapsed="0.000351"/>
</kw>
<kw name="Log" owner="BuiltIn">
<msg time="2024-05-18T01:02:09.860700" level="INFO">{'large': 'https://randomuser.me/api/portraits/men/3.jpg', 'medium': 'https://randomuser.me/api/portraits/med/men/3.jpg', 'thumbnail': 'https://randomuser.me/api/portraits/thumb/men/3.jpg'}</msg>
<arg>${json_data['results'][0]['picture']}</arg>
<doc>Logs the given message with the given level.</doc>
<status status="PASS" start="2024-05-18T01:02:09.860382" elapsed="0.000361"/>
</kw>
<status status="PASS" start="2024-05-18T01:02:09.787001" elapsed="0.073999"/>
</kw>
<kw name="Teste de Tipos de Dados - Postcode" owner="random-user-service">
<kw name="GET On Session" owner="RequestsLibrary">
<msg time="2024-05-18T01:02:09.953297" level="INFO">GET Request : url=https://randomuser.me/api 
 path_url=/api 
 headers={'User-Agent': 'python-requests/2.31.0', 'Accept-Encoding': 'gzip, deflate', 'Accept': '*/*', 'Connection': 'keep-alive'} 
 body=None 
 </msg>
<msg time="2024-05-18T01:02:09.953374" level="INFO">GET Response : url=https://randomuser.me/api 
 status=200, reason=OK 
 headers={'Date': 'Sat, 18 May 2024 01:02:09 GMT', 'Content-Type': 'application/json; charset=utf-8', 'Transfer-Encoding': 'chunked', 'Connection': 'keep-alive', 'X-Powered-By': 'Express', 'Access-Control-Allow-Origin': '*', 'Cache-Control': 'no-cache', 'ETag': 'W/"498-Ew1qTaRl9aylDAQcF750QZhEEkY"', 'Vary': 'Accept-Encoding', 'Content-Encoding': 'gzip', 'CF-Cache-Status': 'DYNAMIC', 'Report-To': '{"endpoints":[{"url":"https:\\/\\/a.nel.cloudflare.com\\/report\\/v4?s=uGriyhU3WN%2FjCHMZuW3CliBXSbDWS2%2B8DnqlgPaaaeK0T4bls88EVYf%2FCyEdPsHWVV40oxyTa9SVkMDYriq%2Fbe%2BKs2lSMnjW5jnR2hRyTPSlvs9CoObWSckJ3uaut2nJ"}],"group":"cf-nel","max_age":604800}', 'NEL': '{"success_fraction":0,"report_to":"cf-nel","max_age":604800}', 'Server': 'cloudflare', 'CF-RAY': '8857eb8faa1c81b8-IAD', 'alt-svc': 'h3=":443"; ma=86400'} 
 body={"results":[{"gender":"female","name":{"title":"Miss","first":"Nayana","last":"Bhardwaj"},"location":{"street":{"number":5805,"name":"Linking Rd"},"city":"Panihati","state":"Madhya Pradesh","country":"India","postcode":21089,"coordinates":{"latitude":"10.8983","longitude":"147.0838"},"timezone":{"offset":"+10:00","description":"Eastern Australia, Guam, Vladivostok"}},"email":"nayana.bhardwaj@example.com","login":{"uuid":"722f97b9-1b6b-4414-b171-348573a1c984","username":"bigduck379","password":"jesse","salt":"SyStfsng","md5":"1995a03ebd9b8600682b7192013751eb","sha1":"e2bc69598e03200cfcb2c9b494f162a83ce773ca","sha256":"f1b0eda048eb58a40b053599ad825c74bec9a3c0ec9252123d60a9bc66321af4"},"dob":{"date":"1974-09-21T12:27:18.026Z","age":49},"registered":{"date":"2009-01-20T19:04:38.538Z","age":15},"phone":"7617552090","cell":"8550475770","id":{"name":"UIDAI","value":"419166107519"},"picture":{"large":"https://randomuser.me/api/portraits/women/46.jpg","medium":"https://randomuser.me/api/portraits/med/women/46.jpg","thumbnail":"https://randomuser.me/api/portraits/thumb/women/46.jpg"},"nat":"IN"}],"info":{"seed":"67ec9c6ab0919c82","results":1,"page":1,"version":"1.4"}} 
 </msg>
<msg time="2024-05-18T01:02:09.953438" level="INFO">/opt/hostedtoolcache/Python/3.12.3/x64/lib/python3.12/site-packages/urllib3/connectionpool.py:1103: InsecureRequestWarning: Unverified HTTPS request is being made to host 'randomuser.me'. Adding certificate verification is strongly advised. See: https://urllib3.readthedocs.io/en/latest/advanced-usage.html#tls-warnings
  warnings.warn(</msg>
<msg time="2024-05-18T01:02:09.953523" level="INFO">${response} = &lt;Response [200]&gt;</msg>
<var>${response}</var>
<arg>consultarAPI</arg>
<arg>/api</arg>
<doc>Sends a GET request on a previously created HTTP Session.</doc>
<status status="PASS" start="2024-05-18T01:02:09.861455" elapsed="0.092127"/>
</kw>
<kw name="Set Variable" owner="BuiltIn">
<msg time="2024-05-18T01:02:09.954412" level="INFO">${json_data} = {'results': [{'gender': 'female', 'name': {'title': 'Miss', 'first': 'Nayana', 'last': 'Bhardwaj'}, 'location': {'street': {'number': 5805, 'name': 'Linking Rd'}, 'city': 'Panihati', 'state': 'Madhya ...</msg>
<var>${json_data}</var>
<arg>${response.json()}</arg>
<doc>Returns the given values which can then be assigned to a variables.</doc>
<status status="PASS" start="2024-05-18T01:02:09.953959" elapsed="0.000483"/>
</kw>
<kw name="Log" owner="BuiltIn">
<msg time="2024-05-18T01:02:09.954893" level="INFO">{'results': [{'gender': 'female', 'name': {'title': 'Miss', 'first': 'Nayana', 'last': 'Bhardwaj'}, 'location': {'street': {'number': 5805, 'name': 'Linking Rd'}, 'city': 'Panihati', 'state': 'Madhya Pradesh', 'country': 'India', 'postcode': 21089, 'coordinates': {'latitude': '10.8983', 'longitude': '147.0838'}, 'timezone': {'offset': '+10:00', 'description': 'Eastern Australia, Guam, Vladivostok'}}, 'email': 'nayana.bhardwaj@example.com', 'login': {'uuid': '722f97b9-1b6b-4414-b171-348573a1c984', 'username': 'bigduck379', 'password': 'jesse', 'salt': 'SyStfsng', 'md5': '1995a03ebd9b8600682b7192013751eb', 'sha1': 'e2bc69598e03200cfcb2c9b494f162a83ce773ca', 'sha256': 'f1b0eda048eb58a40b053599ad825c74bec9a3c0ec9252123d60a9bc66321af4'}, 'dob': {'date': '1974-09-21T12:27:18.026Z', 'age': 49}, 'registered': {'date': '2009-01-20T19:04:38.538Z', 'age': 15}, 'phone': '7617552090', 'cell': '8550475770', 'id': {'name': 'UIDAI', 'value': '419166107519'}, 'picture': {'large': 'https://randomuser.me/api/portraits/women/46.jpg', 'medium': 'https://randomuser.me/api/portraits/med/women/46.jpg', 'thumbnail': 'https://randomuser.me/api/portraits/thumb/women/46.jpg'}, 'nat': 'IN'}], 'info': {'seed': '67ec9c6ab0919c82', 'results': 1, 'page': 1, 'version': '1.4'}}</msg>
<arg>${json_data}</arg>
<doc>Logs the given message with the given level.</doc>
<status status="PASS" start="2024-05-18T01:02:09.954744" elapsed="0.000228"/>
</kw>
<kw name="Should Be Equal As Numbers" owner="BuiltIn">
<arg>${json_data['results'][0]['location']['postcode']}</arg>
<arg>${json_data['results'][0]['location']['postcode']}</arg>
<doc>Fails if objects are unequal after converting them to real numbers.</doc>
<status status="PASS" start="2024-05-18T01:02:09.955266" elapsed="0.000745"/>
</kw>
<kw name="Log" owner="BuiltIn">
<msg time="2024-05-18T01:02:09.956533" level="INFO">21089</msg>
<arg>${json_data['results'][0]['location']['postcode']}</arg>
<doc>Logs the given message with the given level.</doc>
<status status="PASS" start="2024-05-18T01:02:09.956204" elapsed="0.000370"/>
</kw>
<status status="PASS" start="2024-05-18T01:02:09.861214" elapsed="0.095608"/>
</kw>
<doc>Testa se os tipos de dados na resposta da API estão corretos.</doc>
<tag>testeTiposDados</tag>
<status status="PASS" start="2024-05-18T01:02:09.786586" elapsed="0.170393"/>
</test>
<test id="s1-s1-t5" name="Validar conteudo" line="35">
<kw name="Teste de Tipos de Conteudo" owner="random-user-service">
<kw name="GET On Session" owner="RequestsLibrary">
<msg time="2024-05-18T01:02:10.058078" level="INFO">GET Request : url=https://randomuser.me/api 
 path_url=/api 
 headers={'User-Agent': 'python-requests/2.31.0', 'Accept-Encoding': 'gzip, deflate', 'Accept': '*/*', 'Connection': 'keep-alive'} 
 body=None 
 </msg>
<msg time="2024-05-18T01:02:10.058165" level="INFO">GET Response : url=https://randomuser.me/api 
 status=200, reason=OK 
 headers={'Date': 'Sat, 18 May 2024 01:02:10 GMT', 'Content-Type': 'application/json; charset=utf-8', 'Transfer-Encoding': 'chunked', 'Connection': 'keep-alive', 'X-Powered-By': 'Express', 'Access-Control-Allow-Origin': '*', 'Cache-Control': 'no-cache', 'ETag': 'W/"487-9m3KMPLSgRJcvnAUEMMb9mi63KY"', 'Vary': 'Accept-Encoding', 'Content-Encoding': 'gzip', 'CF-Cache-Status': 'DYNAMIC', 'Report-To': '{"endpoints":[{"url":"https:\\/\\/a.nel.cloudflare.com\\/report\\/v4?s=%2BgLiRp9BDavCcJnxXSTk6xu4XXKOlPPPxB2fy2wGeyXlYlxQF69%2BY173towAeVOh%2BrySlj7go8n%2Fy4EiJGi8QCtCan24D095JZw0T5rdElHHeNQdnP2gy9Sh21ud2no7"}],"group":"cf-nel","max_age":604800}', 'NEL': '{"success_fraction":0,"report_to":"cf-nel","max_age":604800}', 'Server': 'cloudflare', 'CF-RAY': '8857eb904ad181b8-IAD', 'alt-svc': 'h3=":443"; ma=86400'} 
 body={"results":[{"gender":"female","name":{"title":"Mrs","first":"Chloe","last":"Smith"},"location":{"street":{"number":2369,"name":"Mokoia Road"},"city":"Timaru","state":"Bay of Plenty","country":"New Zealand","postcode":42222,"coordinates":{"latitude":"48.1890","longitude":"93.5298"},"timezone":{"offset":"-8:00","description":"Pacific Time (US &amp; Canada)"}},"email":"chloe.smith@example.com","login":{"uuid":"3a7238c1-5d31-4862-82cf-64b45e26d6b6","username":"yellowgorilla346","password":"select","salt":"2neIxkdj","md5":"867ec8cf4649afb3cef4d809ec57703f","sha1":"d95041325e9643d7822029502c48ccf8dc34d281","sha256":"43fa2dbc775f0096bcc285f4c5f1aed30eb4a0f1e66ab19dd2f469b5f5a00da2"},"dob":{"date":"1986-12-17T02:47:16.015Z","age":37},"registered":{"date":"2007-11-02T03:07:17.904Z","age":16},"phone":"(814)-847-3849","cell":"(275)-192-9085","id":{"name":"","value":null},"picture":{"large":"https://randomuser.me/api/portraits/women/34.jpg","medium":"https://randomuser.me/api/portraits/med/women/34.jpg","thumbnail":"https://randomuser.me/api/portraits/thumb/women/34.jpg"},"nat":"NZ"}],"info":{"seed":"752b6b468bd60e9b","results":1,"page":1,"version":"1.4"}} 
 </msg>
<msg time="2024-05-18T01:02:10.058242" level="INFO">/opt/hostedtoolcache/Python/3.12.3/x64/lib/python3.12/site-packages/urllib3/connectionpool.py:1103: InsecureRequestWarning: Unverified HTTPS request is being made to host 'randomuser.me'. Adding certificate verification is strongly advised. See: https://urllib3.readthedocs.io/en/latest/advanced-usage.html#tls-warnings
  warnings.warn(</msg>
<msg time="2024-05-18T01:02:10.058363" level="INFO">${response} = &lt;Response [200]&gt;</msg>
<var>${response}</var>
<arg>consultarAPI</arg>
<arg>/api</arg>
<doc>Sends a GET request on a previously created HTTP Session.</doc>
<status status="PASS" start="2024-05-18T01:02:09.959377" elapsed="0.099041"/>
</kw>
<kw name="Set Variable" owner="BuiltIn">
<msg time="2024-05-18T01:02:10.059489" level="INFO">${json_data} = {'results': [{'gender': 'female', 'name': {'title': 'Mrs', 'first': 'Chloe', 'last': 'Smith'}, 'location': {'street': {'number': 2369, 'name': 'Mokoia Road'}, 'city': 'Timaru', 'state': 'Bay of Plenty...</msg>
<var>${json_data}</var>
<arg>${response.json()}</arg>
<doc>Returns the given values which can then be assigned to a variables.</doc>
<status status="PASS" start="2024-05-18T01:02:10.058941" elapsed="0.000576"/>
</kw>
<kw name="Set Variable" owner="BuiltIn">
<msg time="2024-05-18T01:02:10.060206" level="INFO">${name_title} = Mrs</msg>
<var>${name_title}</var>
<arg>${json_data["results"][0]["name"]["title"]}</arg>
<doc>Returns the given values which can then be assigned to a variables.</doc>
<status status="PASS" start="2024-05-18T01:02:10.059823" elapsed="0.000410"/>
</kw>
<kw name="Create List" owner="BuiltIn">
<msg time="2024-05-18T01:02:10.060677" level="INFO">${allowed_titles} = ['Mr', 'Ms', 'Miss', 'Mrs', 'Madame', 'Monsieur']</msg>
<var>${allowed_titles}</var>
<arg>Mr</arg>
<arg>Ms</arg>
<arg>Miss</arg>
<arg>Mrs</arg>
<arg>Madame</arg>
<arg>Monsieur</arg>
<doc>Returns a list containing given items.</doc>
<status status="PASS" start="2024-05-18T01:02:10.060531" elapsed="0.000171"/>
</kw>
<kw name="List Should Contain Value" owner="Collections">
<msg time="2024-05-18T01:02:10.061170" level="INFO">False</msg>
<arg>${allowed_titles}</arg>
<arg>${name_title}</arg>
<doc>Fails if the ``value`` is not found from ``list``.</doc>
<status status="PASS" start="2024-05-18T01:02:10.061000" elapsed="0.000206"/>
</kw>
<kw name="Set Variable" owner="BuiltIn">
<msg time="2024-05-18T01:02:10.061911" level="INFO">${name_country} = NZ</msg>
<var>${name_country}</var>
<arg>${json_data["results"][0]["nat"]}</arg>
<doc>Returns the given values which can then be assigned to a variables.</doc>
<status status="PASS" start="2024-05-18T01:02:10.061493" elapsed="0.000444"/>
</kw>
<kw name="Create List" owner="BuiltIn">
<msg time="2024-05-18T01:02:10.062839" level="INFO">${list_country} = ['AD', 'AE', 'AF', 'AG', 'AI', 'AL', 'AM', 'AO', 'AQ', 'AR', 'AS', 'AT', 'AU', 'AW', 'AX', 'AZ', 'BA', 'BB', 'BD', 'BE', 'BF', 'BG', 'BH', 'BI', 'BJ', 'BL', 'BM', 'BN', 'BO', 'BQ', 'BR', 'BS', 'BT', '...</msg>
<var>${list_country}</var>
<arg>AD</arg>
<arg>AE</arg>
<arg>AF</arg>
<arg>AG</arg>
<arg>AI</arg>
<arg>AL</arg>
<arg>AM</arg>
<arg>AO</arg>
<arg>AQ</arg>
<arg>AR</arg>
<arg>AS</arg>
<arg>AT</arg>
<arg>AU</arg>
<arg>AW</arg>
<arg>AX</arg>
<arg>AZ</arg>
<arg>BA</arg>
<arg>BB</arg>
<arg>BD</arg>
<arg>BE</arg>
<arg>BF</arg>
<arg>BG</arg>
<arg>BH</arg>
<arg>BI</arg>
<arg>BJ</arg>
<arg>BL</arg>
<arg>BM</arg>
<arg>BN</arg>
<arg>BO</arg>
<arg>BQ</arg>
<arg>BR</arg>
<arg>BS</arg>
<arg>BT</arg>
<arg>BV</arg>
<arg>BW</arg>
<arg>BY</arg>
<arg>BZ</arg>
<arg>CA</arg>
<arg>CC</arg>
<arg>CD</arg>
<arg>CF</arg>
<arg>CG</arg>
<arg>CH</arg>
<arg>CI</arg>
<arg>CK</arg>
<arg>CL</arg>
<arg>CM</arg>
<arg>CN</arg>
<arg>CO</arg>
<arg>CR</arg>
<arg>CU</arg>
<arg>CV</arg>
<arg>CW</arg>
<arg>CX</arg>
<arg>CY</arg>
<arg>CZ</arg>
<arg>DE</arg>
<arg>DJ</arg>
<arg>DK</arg>
<arg>DM</arg>
<arg>DO</arg>
<arg>DZ</arg>
<arg>EC</arg>
<arg>EE</arg>
<arg>EG</arg>
<arg>EH</arg>
<arg>ER</arg>
<arg>ES</arg>
<arg>ET</arg>
<arg>FI</arg>
<arg>FJ</arg>
<arg>FK</arg>
<arg>FM</arg>
<arg>FO</arg>
<arg>FR</arg>
<arg>GA</arg>
<arg>GB</arg>
<arg>GD</arg>
<arg>GE</arg>
<arg>GF</arg>
<arg>GG</arg>
<arg>GH</arg>
<arg>GI</arg>
<arg>GL</arg>
<arg>GM</arg>
<arg>GN</arg>
<arg>GP</arg>
<arg>GQ</arg>
<arg>GR</arg>
<arg>GS</arg>
<arg>GT</arg>
<arg>GU</arg>
<arg>GW</arg>
<arg>GY</arg>
<arg>HK</arg>
<arg>HM</arg>
<arg>HN</arg>
<arg>HR</arg>
<arg>HT</arg>
<arg>HU</arg>
<arg>ID</arg>
<arg>IE</arg>
<arg>IL</arg>
<arg>IM</arg>
<arg>IN</arg>
<arg>IO</arg>
<arg>IQ</arg>
<arg>IR</arg>
<arg>IS</arg>
<arg>IT</arg>
<arg>JE</arg>
<arg>JM</arg>
<arg>JO</arg>
<arg>JP</arg>
<arg>KE</arg>
<arg>KG</arg>
<arg>KH</arg>
<arg>KI</arg>
<arg>KM</arg>
<arg>KN</arg>
<arg>KP</arg>
<arg>KR</arg>
<arg>KW</arg>
<arg>KY</arg>
<arg>KZ</arg>
<arg>LA</arg>
<arg>LB</arg>
<arg>LC</arg>
<arg>LI</arg>
<arg>LK</arg>
<arg>LR</arg>
<arg>LS</arg>
<arg>LT</arg>
<arg>LU</arg>
<arg>LV</arg>
<arg>LY</arg>
<arg>MA</arg>
<arg>MC</arg>
<arg>MD</arg>
<arg>ME</arg>
<arg>MF</arg>
<arg>MG</arg>
<arg>MH</arg>
<arg>MK</arg>
<arg>ML</arg>
<arg>MM</arg>
<arg>MN</arg>
<arg>MO</arg>
<arg>MP</arg>
<arg>MQ</arg>
<arg>MR</arg>
<arg>MS</arg>
<arg>MT</arg>
<arg>MU</arg>
<arg>MV</arg>
<arg>MW</arg>
<arg>MX</arg>
<arg>MY</arg>
<arg>MZ</arg>
<arg>NA</arg>
<arg>NC</arg>
<arg>NE</arg>
<arg>NF</arg>
<arg>NG</arg>
<arg>NI</arg>
<arg>NL</arg>
<arg>NO</arg>
<arg>NP</arg>
<arg>NR</arg>
<arg>NU</arg>
<arg>NZ</arg>
<arg>OM</arg>
<arg>PA</arg>
<arg>PE</arg>
<arg>PF</arg>
<arg>PG</arg>
<arg>PH</arg>
<arg>PK</arg>
<arg>PL</arg>
<arg>PM</arg>
<arg>PN</arg>
<arg>PR</arg>
<arg>PS</arg>
<arg>PT</arg>
<arg>PW</arg>
<arg>PY</arg>
<arg>QA</arg>
<arg>RE</arg>
<arg>RO</arg>
<arg>RS</arg>
<arg>RU</arg>
<arg>RW</arg>
<arg>SA</arg>
<arg>SB</arg>
<arg>SC</arg>
<arg>SD</arg>
<arg>SE</arg>
<arg>SG</arg>
<arg>SH</arg>
<arg>SI</arg>
<arg>SJ</arg>
<arg>SK</arg>
<arg>SL</arg>
<arg>SM</arg>
<arg>SN</arg>
<arg>SO</arg>
<arg>SR</arg>
<arg>SS</arg>
<arg>ST</arg>
<arg>SV</arg>
<arg>SX</arg>
<arg>SY</arg>
<arg>SZ</arg>
<arg>TC</arg>
<arg>TD</arg>
<arg>TF</arg>
<arg>TG</arg>
<arg>TH</arg>
<arg>TJ</arg>
<arg>TK</arg>
<arg>TL</arg>
<arg>TM</arg>
<arg>TN</arg>
<arg>TO</arg>
<arg>TR</arg>
<arg>TT</arg>
<arg>TV</arg>
<arg>TW</arg>
<arg>TZ</arg>
<arg>UA</arg>
<arg>UG</arg>
<arg>UM</arg>
<arg>US</arg>
<arg>UY</arg>
<arg>UZ</arg>
<arg>VA</arg>
<arg>VC</arg>
<arg>VE</arg>
<arg>VG</arg>
<arg>VI</arg>
<arg>VN</arg>
<arg>VU</arg>
<arg>WF</arg>
<arg>WS</arg>
<arg>XK</arg>
<arg>YE</arg>
<arg>YT</arg>
<arg>ZA</arg>
<arg>ZM</arg>
<arg>ZW</arg>
<doc>Returns a list containing given items.</doc>
<status status="PASS" start="2024-05-18T01:02:10.062248" elapsed="0.000617"/>
</kw>
<kw name="List Should Contain Value" owner="Collections">
<msg time="2024-05-18T01:02:10.063840" level="INFO">False</msg>
<arg>${list_country}</arg>
<arg>${name_country}</arg>
<doc>Fails if the ``value`` is not found from ``list``.</doc>
<status status="PASS" start="2024-05-18T01:02:10.063642" elapsed="0.000234"/>
</kw>
<kw name="Run Keyword If" owner="BuiltIn">
<kw name="Should Be True" owner="BuiltIn">
<arg>${True}</arg>
<doc>Fails if the given condition is not true.</doc>
<status status="PASS" start="2024-05-18T01:02:10.064927" elapsed="0.000143"/>
</kw>
<arg>${json_data["results"][0]["location"]["coordinates"]["latitude"]} &gt;= -90 and ${json_data["results"][0]["location"]["coordinates"]["latitude"]} &lt;= 90</arg>
<arg>Should Be True</arg>
<arg>${True}</arg>
<doc>Runs the given keyword with the given arguments, if ``condition`` is true.</doc>
<status status="PASS" start="2024-05-18T01:02:10.064183" elapsed="0.001014"/>
</kw>
<kw name="Run Keyword If" owner="BuiltIn">
<kw name="Should Be True" owner="BuiltIn">
<arg>${True}</arg>
<doc>Fails if the given condition is not true.</doc>
<status status="PASS" start="2024-05-18T01:02:10.066111" elapsed="0.000245"/>
</kw>
<arg>${json_data["results"][0]["location"]["coordinates"]["longitude"]} &gt;= -180 and ${json_data["results"][0]["location"]["coordinates"]["longitude"]} &lt;= 180</arg>
<arg>Should Be True</arg>
<arg>${True}</arg>
<doc>Runs the given keyword with the given arguments, if ``condition`` is true.</doc>
<status status="PASS" start="2024-05-18T01:02:10.065393" elapsed="0.001088"/>
</kw>
<status status="PASS" start="2024-05-18T01:02:09.959159" elapsed="0.107450"/>
</kw>
<doc>Testa o conteúdo específico dos campos retornados pela API.</doc>
<tag>testeConteudo</tag>
<status status="PASS" start="2024-05-18T01:02:09.958728" elapsed="0.108024"/>
</test>
<status status="PASS" start="2024-05-18T01:02:09.172071" elapsed="0.896661"/>
</suite>
<status status="PASS" start="2024-05-18T01:02:09.158471" elapsed="0.915378"/>
</suite>
<statistics>
<total>
<stat pass="5" fail="0" skip="0">All Tests</stat>
</total>
<tag>
<stat pass="1" fail="0" skip="0">testeConteudo</stat>
<stat pass="1" fail="0" skip="0">testeEstruturaResposta</stat>
<stat pass="1" fail="0" skip="0">testeRequisicaoBasica</stat>
<stat pass="1" fail="0" skip="0">testeTiposDados</stat>
</tag>
<suite>
<stat pass="5" fail="0" skip="0" id="s1" name="Tests">Tests</stat>
<stat pass="5" fail="0" skip="0" id="s1-s1" name="Random-User-Test">Tests.Random-User-Test</stat>
</suite>
</statistics>
<errors>
</errors>
</robot>
