<?xml version="1.0" encoding="UTF-8"?>
<robot generator="Robot 7.0 (Python 3.12.3 on linux)" generated="2024-04-30T02:25:02.055775" rpa="false" schemaversion="5">
<suite id="s1" name="Tests" source="/home/runner/work/DesafioQAItauRogerioJordao/DesafioQAItauRogerioJordao/RamdonUser/tests">
<suite id="s1-s1" name="Random-User-Test" source="/home/runner/work/DesafioQAItauRogerioJordao/DesafioQAItauRogerioJordao/RamdonUser/tests/random-user-test.robot">
<test id="s1-s1-t1" name="Conectar" line="13">
<kw name="Conectar API" owner="random-user-service">
<kw name="Create Session" owner="RequestsLibrary">
<msg time="2024-04-30T02:25:02.425091" level="INFO">Creating Session using : alias=consultarAPI, url=https://randomuser.me/, headers={},                     cookies={}, auth=None, timeout=None, proxies=None, verify=False,                     debug=0 </msg>
<arg>consultarAPI</arg>
<arg>${URL}</arg>
<doc>Create Session: create a HTTP session to a server</doc>
<status status="PASS" start="2024-04-30T02:25:02.424876" elapsed="0.000413"/>
</kw>
<status status="PASS" start="2024-04-30T02:25:02.423448" elapsed="0.002208"/>
</kw>
<status status="PASS" start="2024-04-30T02:25:02.422661" elapsed="0.003189"/>
</test>
<test id="s1-s1-t2" name="Validar retorno 200 e JSON Válido" line="16">
<kw name="Teste de Requisicao Basica" owner="random-user-service">
<kw name="GET On Session" owner="RequestsLibrary">
<msg time="2024-04-30T02:25:03.141569" level="INFO">GET Request : url=https://randomuser.me/api 
 path_url=/api 
 headers={'User-Agent': 'python-requests/2.31.0', 'Accept-Encoding': 'gzip, deflate', 'Accept': '*/*', 'Connection': 'keep-alive'} 
 body=None 
 </msg>
<msg time="2024-04-30T02:25:03.141718" level="INFO">GET Response : url=https://randomuser.me/api 
 status=200, reason=OK 
 headers={'Date': 'Tue, 30 Apr 2024 02:25:03 GMT', 'Content-Type': 'application/json; charset=utf-8', 'Transfer-Encoding': 'chunked', 'Connection': 'keep-alive', 'X-Powered-By': 'Express', 'Access-Control-Allow-Origin': '*', 'Cache-Control': 'no-cache', 'ETag': 'W/"492-jKtoivkZzCwZmAE8UZZDzDnmDng"', 'Vary': 'Accept-Encoding', 'Content-Encoding': 'gzip', 'CF-Cache-Status': 'DYNAMIC', 'Report-To': '{"endpoints":[{"url":"https:\\/\\/a.nel.cloudflare.com\\/report\\/v4?s=d%2F0iDoGxuRfmgCdz3QAiB%2BKmO4WE4im277Dt1giwxw8cs1U9YmSS7BdIveiV%2BzYbVlE%2BjxG8CWab2JzAyxyITmsNIlo1tgr2iHkbCq9enndVAQYDiY9Rb2mwQobCDSv2"}],"group":"cf-nel","max_age":604800}', 'NEL': '{"success_fraction":0,"report_to":"cf-nel","max_age":604800}', 'Server': 'cloudflare', 'CF-RAY': '87c414375e0d2c44-ORD', 'alt-svc': 'h3=":443"; ma=86400'} 
 body={"results":[{"gender":"female","name":{"title":"Mrs","first":"Brandy","last":"Shelton"},"location":{"street":{"number":265,"name":"Cherry St"},"city":"Centennial","state":"Hawaii","country":"United States","postcode":15292,"coordinates":{"latitude":"86.0227","longitude":"178.4154"},"timezone":{"offset":"-11:00","description":"Midway Island, Samoa"}},"email":"brandy.shelton@example.com","login":{"uuid":"2d800123-0577-489c-84ba-98b73f79b1c8","username":"purplemeercat584","password":"puppies","salt":"wCEHMWUt","md5":"e6ff509288523913f5daf4044d20c734","sha1":"14f5fb4b6346d7e281c4e032fcfa74c5bf57d74d","sha256":"e3a7bcaff86b5809d1ee9425ef3b6ae836360d6713b4047f7e7a39252a9abf1f"},"dob":{"date":"1985-11-19T06:19:42.145Z","age":38},"registered":{"date":"2011-08-07T22:59:13.674Z","age":12},"phone":"(945) 717-5991","cell":"(724) 698-8128","id":{"name":"SSN","value":"310-26-5094"},"picture":{"large":"https://randomuser.me/api/portraits/women/21.jpg","medium":"https://randomuser.me/api/portraits/med/women/21.jpg","thumbnail":"https://randomuser.me/api/portraits/thumb/women/21.jpg"},"nat":"US"}],"info":{"seed":"ba34683937bee886","results":1,"page":1,"version":"1.4"}} 
 </msg>
<msg time="2024-04-30T02:25:03.141797" level="INFO">/opt/hostedtoolcache/Python/3.12.3/x64/lib/python3.12/site-packages/urllib3/connectionpool.py:1103: InsecureRequestWarning: Unverified HTTPS request is being made to host 'randomuser.me'. Adding certificate verification is strongly advised. See: https://urllib3.readthedocs.io/en/latest/advanced-usage.html#tls-warnings
  warnings.warn(</msg>
<msg time="2024-04-30T02:25:03.141935" level="INFO">${response} = &lt;Response [200]&gt;</msg>
<var>${response}</var>
<arg>consultarAPI</arg>
<arg>/api</arg>
<doc>Sends a GET request on a previously created HTTP Session.</doc>
<status status="PASS" start="2024-04-30T02:25:02.428613" elapsed="0.713358"/>
</kw>
<kw name="Should Be Equal As Numbers" owner="BuiltIn">
<msg time="2024-04-30T02:25:03.143076" level="INFO">Argument types are:
&lt;class 'int'&gt;
&lt;class 'str'&gt;</msg>
<arg>${response.status_code}</arg>
<arg>200</arg>
<doc>Fails if objects are unequal after converting them to real numbers.</doc>
<status status="PASS" start="2024-04-30T02:25:03.142612" elapsed="0.000529"/>
</kw>
<kw name="Log" owner="BuiltIn">
<msg time="2024-04-30T02:25:03.143904" level="INFO">200</msg>
<arg>${response.status_code}</arg>
<doc>Logs the given message with the given level.</doc>
<status status="PASS" start="2024-04-30T02:25:03.143549" elapsed="0.000398"/>
</kw>
<kw name="Set Variable" owner="BuiltIn">
<msg time="2024-04-30T02:25:03.144696" level="INFO">${json_data} = {'results': [{'gender': 'female', 'name': {'title': 'Mrs', 'first': 'Brandy', 'last': 'Shelton'}, 'location': {'street': {'number': 265, 'name': 'Cherry St'}, 'city': 'Centennial', 'state': 'Hawaii', ...</msg>
<var>${json_data}</var>
<arg>${response.json()}</arg>
<doc>Returns the given values which can then be assigned to a variables.</doc>
<status status="PASS" start="2024-04-30T02:25:03.144255" elapsed="0.000468"/>
</kw>
<kw name="Dictionary Should Contain Key" owner="Collections">
<msg time="2024-04-30T02:25:03.145189" level="INFO">False</msg>
<arg>${json_data}</arg>
<arg>results</arg>
<doc>Fails if ``key`` is not found from ``dictionary``.</doc>
<status status="PASS" start="2024-04-30T02:25:03.145022" elapsed="0.000210"/>
</kw>
<status status="PASS" start="2024-04-30T02:25:02.428350" elapsed="0.717144"/>
</kw>
<doc>Testa se a API responde corretamente e retorna um objeto JSON válido.</doc>
<tag>testeRequisicaoBasica</tag>
<status status="PASS" start="2024-04-30T02:25:02.427788" elapsed="0.717889"/>
</test>
<test id="s1-s1-t3" name="Validar estrutura de resposta" line="22">
<kw name="Teste de Estrutura de Resposta" owner="random-user-service">
<kw name="GET On Session" owner="RequestsLibrary">
<msg time="2024-04-30T02:25:03.465558" level="INFO">GET Request : url=https://randomuser.me/api 
 path_url=/api 
 headers={'User-Agent': 'python-requests/2.31.0', 'Accept-Encoding': 'gzip, deflate', 'Accept': '*/*', 'Connection': 'keep-alive'} 
 body=None 
 </msg>
<msg time="2024-04-30T02:25:03.465656" level="INFO">GET Response : url=https://randomuser.me/api 
 status=200, reason=OK 
 headers={'Date': 'Tue, 30 Apr 2024 02:25:03 GMT', 'Content-Type': 'application/json; charset=utf-8', 'Transfer-Encoding': 'chunked', 'Connection': 'keep-alive', 'X-Powered-By': 'Express', 'Access-Control-Allow-Origin': '*', 'Cache-Control': 'no-cache', 'ETag': 'W/"4a7-USS4zk87UqsCK6eHpNxEx7qCES4"', 'Vary': 'Accept-Encoding', 'Content-Encoding': 'gzip', 'CF-Cache-Status': 'DYNAMIC', 'Report-To': '{"endpoints":[{"url":"https:\\/\\/a.nel.cloudflare.com\\/report\\/v4?s=BJv3VphHoiws8iJ9yHWex3VYfDqaqCsVROeUUbT3j3uFvzB%2Fqz5At7BD1ViTNmwkSbD5%2Fd8MxeABj7zDu6ag5oerCfSQPudvb3VXKnWSc%2B4cjQnWOlJy1Tq6quQnOqva"}],"group":"cf-nel","max_age":604800}', 'NEL': '{"success_fraction":0,"report_to":"cf-nel","max_age":604800}', 'Server': 'cloudflare', 'CF-RAY': '87c4143aa9c52c44-ORD', 'alt-svc': 'h3=":443"; ma=86400'} 
 body={"results":[{"gender":"female","name":{"title":"Mademoiselle","first":"Giovanna","last":"Roux"},"location":{"street":{"number":6143,"name":"Place du 8 Novembre 1942"},"city":"Gambarogno","state":"Appenzell Ausserrhoden","country":"Switzerland","postcode":6062,"coordinates":{"latitude":"-59.1894","longitude":"1.5799"},"timezone":{"offset":"+4:30","description":"Kabul"}},"email":"giovanna.roux@example.com","login":{"uuid":"5f4a9450-51e2-427e-9a8c-9c33c393580d","username":"silvermeercat798","password":"krista","salt":"f3jjC5vO","md5":"55fd30a392e8c4566a7b6bc2aeadaab9","sha1":"aacedf064f637d643f7c04242cecfdd1e6640d20","sha256":"fd5e03329b4a4efd4b954c7537e597b98b363d8ca6809e951d57d620911eae7e"},"dob":{"date":"1958-03-11T20:19:06.325Z","age":66},"registered":{"date":"2006-06-12T14:16:04.278Z","age":17},"phone":"076 350 85 97","cell":"076 537 99 31","id":{"name":"AVS","value":"756.0505.3100.93"},"picture":{"large":"https://randomuser.me/api/portraits/women/74.jpg","medium":"https://randomuser.me/api/portraits/med/women/74.jpg","thumbnail":"https://randomuser.me/api/portraits/thumb/women/74.jpg"},"nat":"CH"}],"info":{"seed":"fc7572dbc18d6ab0","results":1,"page":1,"version":"1.4"}} 
 </msg>
<msg time="2024-04-30T02:25:03.465789" level="INFO">/opt/hostedtoolcache/Python/3.12.3/x64/lib/python3.12/site-packages/urllib3/connectionpool.py:1103: InsecureRequestWarning: Unverified HTTPS request is being made to host 'randomuser.me'. Adding certificate verification is strongly advised. See: https://urllib3.readthedocs.io/en/latest/advanced-usage.html#tls-warnings
  warnings.warn(</msg>
<msg time="2024-04-30T02:25:03.465914" level="INFO">${response} = &lt;Response [200]&gt;</msg>
<var>${response}</var>
<arg>consultarAPI</arg>
<arg>/api</arg>
<doc>Sends a GET request on a previously created HTTP Session.</doc>
<status status="PASS" start="2024-04-30T02:25:03.148343" elapsed="0.317612"/>
</kw>
<kw name="Set Variable" owner="BuiltIn">
<msg time="2024-04-30T02:25:03.467172" level="INFO">${json_data} = {'results': [{'gender': 'female', 'name': {'title': 'Mademoiselle', 'first': 'Giovanna', 'last': 'Roux'}, 'location': {'street': {'number': 6143, 'name': 'Place du 8 Novembre 1942'}, 'city': 'Gambarog...</msg>
<var>${json_data}</var>
<arg>${response.json()}</arg>
<doc>Returns the given values which can then be assigned to a variables.</doc>
<status status="PASS" start="2024-04-30T02:25:03.466593" elapsed="0.000609"/>
</kw>
<kw name="Log" owner="BuiltIn">
<msg time="2024-04-30T02:25:03.467721" level="INFO">{'results': [{'gender': 'female', 'name': {'title': 'Mademoiselle', 'first': 'Giovanna', 'last': 'Roux'}, 'location': {'street': {'number': 6143, 'name': 'Place du 8 Novembre 1942'}, 'city': 'Gambarogno', 'state': 'Appenzell Ausserrhoden', 'country': 'Switzerland', 'postcode': 6062, 'coordinates': {'latitude': '-59.1894', 'longitude': '1.5799'}, 'timezone': {'offset': '+4:30', 'description': 'Kabul'}}, 'email': 'giovanna.roux@example.com', 'login': {'uuid': '5f4a9450-51e2-427e-9a8c-9c33c393580d', 'username': 'silvermeercat798', 'password': 'krista', 'salt': 'f3jjC5vO', 'md5': '55fd30a392e8c4566a7b6bc2aeadaab9', 'sha1': 'aacedf064f637d643f7c04242cecfdd1e6640d20', 'sha256': 'fd5e03329b4a4efd4b954c7537e597b98b363d8ca6809e951d57d620911eae7e'}, 'dob': {'date': '1958-03-11T20:19:06.325Z', 'age': 66}, 'registered': {'date': '2006-06-12T14:16:04.278Z', 'age': 17}, 'phone': '076 350 85 97', 'cell': '076 537 99 31', 'id': {'name': 'AVS', 'value': '756.0505.3100.93'}, 'picture': {'large': 'https://randomuser.me/api/portraits/women/74.jpg', 'medium': 'https://randomuser.me/api/portraits/med/women/74.jpg', 'thumbnail': 'https://randomuser.me/api/portraits/thumb/women/74.jpg'}, 'nat': 'CH'}], 'info': {'seed': 'fc7572dbc18d6ab0', 'results': 1, 'page': 1, 'version': '1.4'}}</msg>
<arg>${json_data}</arg>
<doc>Logs the given message with the given level.</doc>
<status status="PASS" start="2024-04-30T02:25:03.467556" elapsed="0.000213"/>
</kw>
<kw name="Dictionary Should Contain Key" owner="Collections">
<msg time="2024-04-30T02:25:03.468238" level="INFO">False</msg>
<arg>${json_data}</arg>
<arg>results</arg>
<doc>Fails if ``key`` is not found from ``dictionary``.</doc>
<status status="PASS" start="2024-04-30T02:25:03.468079" elapsed="0.000196"/>
</kw>
<kw name="Should Not Be Empty" owner="BuiltIn">
<msg time="2024-04-30T02:25:03.468698" level="INFO">Length is 2.</msg>
<arg>${json_data}</arg>
<doc>Verifies that the given item is not empty.</doc>
<status status="PASS" start="2024-04-30T02:25:03.468567" elapsed="0.000175"/>
</kw>
<kw name="Create List" owner="BuiltIn">
<msg time="2024-04-30T02:25:03.469335" level="INFO">${expected_keys} = ['gender', 'name', 'location', 'email', 'login']</msg>
<var>${expected_keys}</var>
<arg>gender</arg>
<arg>name</arg>
<arg>location</arg>
<arg>email</arg>
<arg>login</arg>
<doc>Returns a list containing given items.</doc>
<status status="PASS" start="2024-04-30T02:25:03.469030" elapsed="0.000330"/>
</kw>
<for flavor="IN">
<iter>
<kw name="Dictionary Should Contain Key" owner="Collections">
<msg time="2024-04-30T02:25:03.470350" level="INFO">False</msg>
<arg>${json_data['results'][0]}</arg>
<arg>${key}</arg>
<doc>Fails if ``key`` is not found from ``dictionary``.</doc>
<status status="PASS" start="2024-04-30T02:25:03.469946" elapsed="0.000442"/>
</kw>
<kw name="Log" owner="BuiltIn">
<msg time="2024-04-30T02:25:03.471063" level="INFO">{'gender': 'female', 'name': {'title': 'Mademoiselle', 'first': 'Giovanna', 'last': 'Roux'}, 'location': {'street': {'number': 6143, 'name': 'Place du 8 Novembre 1942'}, 'city': 'Gambarogno', 'state': 'Appenzell Ausserrhoden', 'country': 'Switzerland', 'postcode': 6062, 'coordinates': {'latitude': '-59.1894', 'longitude': '1.5799'}, 'timezone': {'offset': '+4:30', 'description': 'Kabul'}}, 'email': 'giovanna.roux@example.com', 'login': {'uuid': '5f4a9450-51e2-427e-9a8c-9c33c393580d', 'username': 'silvermeercat798', 'password': 'krista', 'salt': 'f3jjC5vO', 'md5': '55fd30a392e8c4566a7b6bc2aeadaab9', 'sha1': 'aacedf064f637d643f7c04242cecfdd1e6640d20', 'sha256': 'fd5e03329b4a4efd4b954c7537e597b98b363d8ca6809e951d57d620911eae7e'}, 'dob': {'date': '1958-03-11T20:19:06.325Z', 'age': 66}, 'registered': {'date': '2006-06-12T14:16:04.278Z', 'age': 17}, 'phone': '076 350 85 97', 'cell': '076 537 99 31', 'id': {'name': 'AVS', 'value': '756.0505.3100.93'}, 'picture': {'large': 'https://randomuser.me/api/portraits/women/74.jpg', 'medium': 'https://randomuser.me/api/portraits/med/women/74.jpg', 'thumbnail': 'https://randomuser.me/api/portraits/thumb/women/74.jpg'}, 'nat': 'CH'}</msg>
<arg>${json_data['results'][0]}</arg>
<doc>Logs the given message with the given level.</doc>
<status status="PASS" start="2024-04-30T02:25:03.470694" elapsed="0.000416"/>
</kw>
<kw name="Log" owner="BuiltIn">
<msg time="2024-04-30T02:25:03.471569" level="INFO">gender</msg>
<arg>${key}</arg>
<doc>Logs the given message with the given level.</doc>
<status status="PASS" start="2024-04-30T02:25:03.471435" elapsed="0.000171"/>
</kw>
<var name="${key}">gender</var>
<status status="PASS" start="2024-04-30T02:25:03.469814" elapsed="0.002009"/>
</iter>
<iter>
<kw name="Dictionary Should Contain Key" owner="Collections">
<msg time="2024-04-30T02:25:03.472514" level="INFO">False</msg>
<arg>${json_data['results'][0]}</arg>
<arg>${key}</arg>
<doc>Fails if ``key`` is not found from ``dictionary``.</doc>
<status status="PASS" start="2024-04-30T02:25:03.472123" elapsed="0.000429"/>
</kw>
<kw name="Log" owner="BuiltIn">
<msg time="2024-04-30T02:25:03.473241" level="INFO">{'gender': 'female', 'name': {'title': 'Mademoiselle', 'first': 'Giovanna', 'last': 'Roux'}, 'location': {'street': {'number': 6143, 'name': 'Place du 8 Novembre 1942'}, 'city': 'Gambarogno', 'state': 'Appenzell Ausserrhoden', 'country': 'Switzerland', 'postcode': 6062, 'coordinates': {'latitude': '-59.1894', 'longitude': '1.5799'}, 'timezone': {'offset': '+4:30', 'description': 'Kabul'}}, 'email': 'giovanna.roux@example.com', 'login': {'uuid': '5f4a9450-51e2-427e-9a8c-9c33c393580d', 'username': 'silvermeercat798', 'password': 'krista', 'salt': 'f3jjC5vO', 'md5': '55fd30a392e8c4566a7b6bc2aeadaab9', 'sha1': 'aacedf064f637d643f7c04242cecfdd1e6640d20', 'sha256': 'fd5e03329b4a4efd4b954c7537e597b98b363d8ca6809e951d57d620911eae7e'}, 'dob': {'date': '1958-03-11T20:19:06.325Z', 'age': 66}, 'registered': {'date': '2006-06-12T14:16:04.278Z', 'age': 17}, 'phone': '076 350 85 97', 'cell': '076 537 99 31', 'id': {'name': 'AVS', 'value': '756.0505.3100.93'}, 'picture': {'large': 'https://randomuser.me/api/portraits/women/74.jpg', 'medium': 'https://randomuser.me/api/portraits/med/women/74.jpg', 'thumbnail': 'https://randomuser.me/api/portraits/thumb/women/74.jpg'}, 'nat': 'CH'}</msg>
<arg>${json_data['results'][0]}</arg>
<doc>Logs the given message with the given level.</doc>
<status status="PASS" start="2024-04-30T02:25:03.472880" elapsed="0.000408"/>
</kw>
<kw name="Log" owner="BuiltIn">
<msg time="2024-04-30T02:25:03.473709" level="INFO">name</msg>
<arg>${key}</arg>
<doc>Logs the given message with the given level.</doc>
<status status="PASS" start="2024-04-30T02:25:03.473582" elapsed="0.000164"/>
</kw>
<var name="${key}">name</var>
<status status="PASS" start="2024-04-30T02:25:03.472007" elapsed="0.001951"/>
</iter>
<iter>
<kw name="Dictionary Should Contain Key" owner="Collections">
<msg time="2024-04-30T02:25:03.474631" level="INFO">False</msg>
<arg>${json_data['results'][0]}</arg>
<arg>${key}</arg>
<doc>Fails if ``key`` is not found from ``dictionary``.</doc>
<status status="PASS" start="2024-04-30T02:25:03.474246" elapsed="0.000422"/>
</kw>
<kw name="Log" owner="BuiltIn">
<msg time="2024-04-30T02:25:03.475325" level="INFO">{'gender': 'female', 'name': {'title': 'Mademoiselle', 'first': 'Giovanna', 'last': 'Roux'}, 'location': {'street': {'number': 6143, 'name': 'Place du 8 Novembre 1942'}, 'city': 'Gambarogno', 'state': 'Appenzell Ausserrhoden', 'country': 'Switzerland', 'postcode': 6062, 'coordinates': {'latitude': '-59.1894', 'longitude': '1.5799'}, 'timezone': {'offset': '+4:30', 'description': 'Kabul'}}, 'email': 'giovanna.roux@example.com', 'login': {'uuid': '5f4a9450-51e2-427e-9a8c-9c33c393580d', 'username': 'silvermeercat798', 'password': 'krista', 'salt': 'f3jjC5vO', 'md5': '55fd30a392e8c4566a7b6bc2aeadaab9', 'sha1': 'aacedf064f637d643f7c04242cecfdd1e6640d20', 'sha256': 'fd5e03329b4a4efd4b954c7537e597b98b363d8ca6809e951d57d620911eae7e'}, 'dob': {'date': '1958-03-11T20:19:06.325Z', 'age': 66}, 'registered': {'date': '2006-06-12T14:16:04.278Z', 'age': 17}, 'phone': '076 350 85 97', 'cell': '076 537 99 31', 'id': {'name': 'AVS', 'value': '756.0505.3100.93'}, 'picture': {'large': 'https://randomuser.me/api/portraits/women/74.jpg', 'medium': 'https://randomuser.me/api/portraits/med/women/74.jpg', 'thumbnail': 'https://randomuser.me/api/portraits/thumb/women/74.jpg'}, 'nat': 'CH'}</msg>
<arg>${json_data['results'][0]}</arg>
<doc>Logs the given message with the given level.</doc>
<status status="PASS" start="2024-04-30T02:25:03.474959" elapsed="0.000445"/>
</kw>
<kw name="Log" owner="BuiltIn">
<msg time="2024-04-30T02:25:03.475884" level="INFO">location</msg>
<arg>${key}</arg>
<doc>Logs the given message with the given level.</doc>
<status status="PASS" start="2024-04-30T02:25:03.475731" elapsed="0.000203"/>
</kw>
<var name="${key}">location</var>
<status status="PASS" start="2024-04-30T02:25:03.474135" elapsed="0.002019"/>
</iter>
<iter>
<kw name="Dictionary Should Contain Key" owner="Collections">
<msg time="2024-04-30T02:25:03.476825" level="INFO">False</msg>
<arg>${json_data['results'][0]}</arg>
<arg>${key}</arg>
<doc>Fails if ``key`` is not found from ``dictionary``.</doc>
<status status="PASS" start="2024-04-30T02:25:03.476436" elapsed="0.000428"/>
</kw>
<kw name="Log" owner="BuiltIn">
<msg time="2024-04-30T02:25:03.477519" level="INFO">{'gender': 'female', 'name': {'title': 'Mademoiselle', 'first': 'Giovanna', 'last': 'Roux'}, 'location': {'street': {'number': 6143, 'name': 'Place du 8 Novembre 1942'}, 'city': 'Gambarogno', 'state': 'Appenzell Ausserrhoden', 'country': 'Switzerland', 'postcode': 6062, 'coordinates': {'latitude': '-59.1894', 'longitude': '1.5799'}, 'timezone': {'offset': '+4:30', 'description': 'Kabul'}}, 'email': 'giovanna.roux@example.com', 'login': {'uuid': '5f4a9450-51e2-427e-9a8c-9c33c393580d', 'username': 'silvermeercat798', 'password': 'krista', 'salt': 'f3jjC5vO', 'md5': '55fd30a392e8c4566a7b6bc2aeadaab9', 'sha1': 'aacedf064f637d643f7c04242cecfdd1e6640d20', 'sha256': 'fd5e03329b4a4efd4b954c7537e597b98b363d8ca6809e951d57d620911eae7e'}, 'dob': {'date': '1958-03-11T20:19:06.325Z', 'age': 66}, 'registered': {'date': '2006-06-12T14:16:04.278Z', 'age': 17}, 'phone': '076 350 85 97', 'cell': '076 537 99 31', 'id': {'name': 'AVS', 'value': '756.0505.3100.93'}, 'picture': {'large': 'https://randomuser.me/api/portraits/women/74.jpg', 'medium': 'https://randomuser.me/api/portraits/med/women/74.jpg', 'thumbnail': 'https://randomuser.me/api/portraits/thumb/women/74.jpg'}, 'nat': 'CH'}</msg>
<arg>${json_data['results'][0]}</arg>
<doc>Logs the given message with the given level.</doc>
<status status="PASS" start="2024-04-30T02:25:03.477164" elapsed="0.000402"/>
</kw>
<kw name="Log" owner="BuiltIn">
<msg time="2024-04-30T02:25:03.477986" level="INFO">email</msg>
<arg>${key}</arg>
<doc>Logs the given message with the given level.</doc>
<status status="PASS" start="2024-04-30T02:25:03.477859" elapsed="0.000165"/>
</kw>
<var name="${key}">email</var>
<status status="PASS" start="2024-04-30T02:25:03.476325" elapsed="0.001913"/>
</iter>
<iter>
<kw name="Dictionary Should Contain Key" owner="Collections">
<msg time="2024-04-30T02:25:03.478913" level="INFO">False</msg>
<arg>${json_data['results'][0]}</arg>
<arg>${key}</arg>
<doc>Fails if ``key`` is not found from ``dictionary``.</doc>
<status status="PASS" start="2024-04-30T02:25:03.478520" elapsed="0.000431"/>
</kw>
<kw name="Log" owner="BuiltIn">
<msg time="2024-04-30T02:25:03.479648" level="INFO">{'gender': 'female', 'name': {'title': 'Mademoiselle', 'first': 'Giovanna', 'last': 'Roux'}, 'location': {'street': {'number': 6143, 'name': 'Place du 8 Novembre 1942'}, 'city': 'Gambarogno', 'state': 'Appenzell Ausserrhoden', 'country': 'Switzerland', 'postcode': 6062, 'coordinates': {'latitude': '-59.1894', 'longitude': '1.5799'}, 'timezone': {'offset': '+4:30', 'description': 'Kabul'}}, 'email': 'giovanna.roux@example.com', 'login': {'uuid': '5f4a9450-51e2-427e-9a8c-9c33c393580d', 'username': 'silvermeercat798', 'password': 'krista', 'salt': 'f3jjC5vO', 'md5': '55fd30a392e8c4566a7b6bc2aeadaab9', 'sha1': 'aacedf064f637d643f7c04242cecfdd1e6640d20', 'sha256': 'fd5e03329b4a4efd4b954c7537e597b98b363d8ca6809e951d57d620911eae7e'}, 'dob': {'date': '1958-03-11T20:19:06.325Z', 'age': 66}, 'registered': {'date': '2006-06-12T14:16:04.278Z', 'age': 17}, 'phone': '076 350 85 97', 'cell': '076 537 99 31', 'id': {'name': 'AVS', 'value': '756.0505.3100.93'}, 'picture': {'large': 'https://randomuser.me/api/portraits/women/74.jpg', 'medium': 'https://randomuser.me/api/portraits/med/women/74.jpg', 'thumbnail': 'https://randomuser.me/api/portraits/thumb/women/74.jpg'}, 'nat': 'CH'}</msg>
<arg>${json_data['results'][0]}</arg>
<doc>Logs the given message with the given level.</doc>
<status status="PASS" start="2024-04-30T02:25:03.479244" elapsed="0.000452"/>
</kw>
<kw name="Log" owner="BuiltIn">
<msg time="2024-04-30T02:25:03.480124" level="INFO">login</msg>
<arg>${key}</arg>
<doc>Logs the given message with the given level.</doc>
<status status="PASS" start="2024-04-30T02:25:03.479996" elapsed="0.000201"/>
</kw>
<var name="${key}">login</var>
<status status="PASS" start="2024-04-30T02:25:03.478409" elapsed="0.002011"/>
</iter>
<var>${key}</var>
<value>@{expected_keys}</value>
<status status="PASS" start="2024-04-30T02:25:03.469621" elapsed="0.010920"/>
</for>
<kw name="Create List" owner="BuiltIn">
<msg time="2024-04-30T02:25:03.480874" level="INFO">${expected_keysTwo} = ['username', 'password']</msg>
<var>${expected_keysTwo}</var>
<arg>username</arg>
<arg>password</arg>
<doc>Returns a list containing given items.</doc>
<status status="PASS" start="2024-04-30T02:25:03.480734" elapsed="0.000165"/>
</kw>
<for flavor="IN">
<iter>
<kw name="Dictionary Should Contain Key" owner="Collections">
<msg time="2024-04-30T02:25:03.481839" level="INFO">False</msg>
<arg>${json_data['results'][0]['login']}</arg>
<arg>${keyTwo}</arg>
<doc>Fails if ``key`` is not found from ``dictionary``.</doc>
<status status="PASS" start="2024-04-30T02:25:03.481421" elapsed="0.000455"/>
</kw>
<kw name="Dictionary Should Contain Key" owner="Collections">
<msg time="2024-04-30T02:25:03.482548" level="INFO">False</msg>
<arg>${json_data['results'][0]['login']}</arg>
<arg>${keyTwo}</arg>
<doc>Fails if ``key`` is not found from ``dictionary``.</doc>
<status status="PASS" start="2024-04-30T02:25:03.482169" elapsed="0.000417"/>
</kw>
<kw name="Log" owner="BuiltIn">
<msg time="2024-04-30T02:25:03.483002" level="INFO">username</msg>
<arg>${keyTwo}</arg>
<doc>Logs the given message with the given level.</doc>
<status status="PASS" start="2024-04-30T02:25:03.482876" elapsed="0.000169"/>
</kw>
<var name="${keyTwo}">username</var>
<status status="PASS" start="2024-04-30T02:25:03.481311" elapsed="0.001949"/>
</iter>
<iter>
<kw name="Dictionary Should Contain Key" owner="Collections">
<msg time="2024-04-30T02:25:03.483970" level="INFO">False</msg>
<arg>${json_data['results'][0]['login']}</arg>
<arg>${keyTwo}</arg>
<doc>Fails if ``key`` is not found from ``dictionary``.</doc>
<status status="PASS" start="2024-04-30T02:25:03.483584" elapsed="0.000423"/>
</kw>
<kw name="Dictionary Should Contain Key" owner="Collections">
<msg time="2024-04-30T02:25:03.484765" level="INFO">False</msg>
<arg>${json_data['results'][0]['login']}</arg>
<arg>${keyTwo}</arg>
<doc>Fails if ``key`` is not found from ``dictionary``.</doc>
<status status="PASS" start="2024-04-30T02:25:03.484300" elapsed="0.000503"/>
</kw>
<kw name="Log" owner="BuiltIn">
<msg time="2024-04-30T02:25:03.485229" level="INFO">password</msg>
<arg>${keyTwo}</arg>
<doc>Logs the given message with the given level.</doc>
<status status="PASS" start="2024-04-30T02:25:03.485101" elapsed="0.000165"/>
</kw>
<var name="${keyTwo}">password</var>
<status status="PASS" start="2024-04-30T02:25:03.483470" elapsed="0.002011"/>
</iter>
<var>${keyTwo}</var>
<value>@{expected_keysTwo}</value>
<status status="PASS" start="2024-04-30T02:25:03.481147" elapsed="0.004460"/>
</for>
<status status="PASS" start="2024-04-30T02:25:03.148106" elapsed="0.337655"/>
</kw>
<doc>Testa a estrutura da resposta da API.</doc>
<tag>testeEstruturaResposta</tag>
<status status="PASS" start="2024-04-30T02:25:03.147602" elapsed="0.338325"/>
</test>
<test id="s1-s1-t4" name="Validar tipos de dados" line="28">
<kw name="Teste de Tipos de Dados" owner="random-user-service">
<kw name="GET On Session" owner="RequestsLibrary">
<msg time="2024-04-30T02:25:03.565994" level="INFO">GET Request : url=https://randomuser.me/api 
 path_url=/api 
 headers={'User-Agent': 'python-requests/2.31.0', 'Accept-Encoding': 'gzip, deflate', 'Accept': '*/*', 'Connection': 'keep-alive'} 
 body=None 
 </msg>
<msg time="2024-04-30T02:25:03.566099" level="INFO">GET Response : url=https://randomuser.me/api 
 status=200, reason=OK 
 headers={'Date': 'Tue, 30 Apr 2024 02:25:03 GMT', 'Content-Type': 'application/json; charset=utf-8', 'Transfer-Encoding': 'chunked', 'Connection': 'keep-alive', 'X-Powered-By': 'Express', 'Access-Control-Allow-Origin': '*', 'Cache-Control': 'no-cache', 'ETag': 'W/"48e-Ru8ALBpPWvwKlUbHGzHfXRWV5TA"', 'Vary': 'Accept-Encoding', 'Content-Encoding': 'gzip', 'CF-Cache-Status': 'DYNAMIC', 'Report-To': '{"endpoints":[{"url":"https:\\/\\/a.nel.cloudflare.com\\/report\\/v4?s=HC3BZ%2Bhg3AKTPP7CdZ8hj2QA%2FDEIj%2BV3Yoz%2FVe%2Bh6zEDIFUsPDNE3vSbBQX2lnGW22%2FJfZRDmTdnUcYniDWQfcMS%2F2RdNvXcYSQ6GBK7uPLjRQKmTs7rF%2ByQe%2FuB%2BWtE"}],"group":"cf-nel","max_age":604800}', 'NEL': '{"success_fraction":0,"report_to":"cf-nel","max_age":604800}', 'Server': 'cloudflare', 'CF-RAY': '87c4143ccc932c44-ORD', 'alt-svc': 'h3=":443"; ma=86400'} 
 body={"results":[{"gender":"female","name":{"title":"Miss","first":"Anna","last":"Forstner"},"location":{"street":{"number":631,"name":"Buchenweg"},"city":"Fulda","state":"Brandenburg","country":"Germany","postcode":43274,"coordinates":{"latitude":"-50.0854","longitude":"31.8799"},"timezone":{"offset":"-8:00","description":"Pacific Time (US &amp; Canada)"}},"email":"anna.forstner@example.com","login":{"uuid":"03221343-5833-43ef-bcb7-affca05b0f69","username":"lazyostrich987","password":"polska","salt":"Homo50SV","md5":"78439eeb0209f7566f6d105f209947da","sha1":"1a400830c546620687e16a780bc508c94501f135","sha256":"7b8a65ede5d7aed1d0ccb97f9166857d96a81742bdeee7a0e4266e78f9de6d83"},"dob":{"date":"2000-06-07T23:33:24.230Z","age":23},"registered":{"date":"2017-11-16T16:34:56.353Z","age":6},"phone":"0037-0935140","cell":"0173-0402562","id":{"name":"SVNR","value":"12 0706100 F 716"},"picture":{"large":"https://randomuser.me/api/portraits/women/65.jpg","medium":"https://randomuser.me/api/portraits/med/women/65.jpg","thumbnail":"https://randomuser.me/api/portraits/thumb/women/65.jpg"},"nat":"DE"}],"info":{"seed":"12950c7f13ccc303","results":1,"page":1,"version":"1.4"}} 
 </msg>
<msg time="2024-04-30T02:25:03.566179" level="INFO">/opt/hostedtoolcache/Python/3.12.3/x64/lib/python3.12/site-packages/urllib3/connectionpool.py:1103: InsecureRequestWarning: Unverified HTTPS request is being made to host 'randomuser.me'. Adding certificate verification is strongly advised. See: https://urllib3.readthedocs.io/en/latest/advanced-usage.html#tls-warnings
  warnings.warn(</msg>
<msg time="2024-04-30T02:25:03.566313" level="INFO">${response} = &lt;Response [200]&gt;</msg>
<var>${response}</var>
<arg>consultarAPI</arg>
<arg>/api</arg>
<doc>Sends a GET request on a previously created HTTP Session.</doc>
<status status="PASS" start="2024-04-30T02:25:03.488522" elapsed="0.077834"/>
</kw>
<kw name="Set Variable" owner="BuiltIn">
<msg time="2024-04-30T02:25:03.567607" level="INFO">${json_data} = {'results': [{'gender': 'female', 'name': {'title': 'Miss', 'first': 'Anna', 'last': 'Forstner'}, 'location': {'street': {'number': 631, 'name': 'Buchenweg'}, 'city': 'Fulda', 'state': 'Brandenburg', ...</msg>
<var>${json_data}</var>
<arg>${response.json()}</arg>
<doc>Returns the given values which can then be assigned to a variables.</doc>
<status status="PASS" start="2024-04-30T02:25:03.566986" elapsed="0.000651"/>
</kw>
<kw name="Log" owner="BuiltIn">
<msg time="2024-04-30T02:25:03.568111" level="INFO">{'results': [{'gender': 'female', 'name': {'title': 'Miss', 'first': 'Anna', 'last': 'Forstner'}, 'location': {'street': {'number': 631, 'name': 'Buchenweg'}, 'city': 'Fulda', 'state': 'Brandenburg', 'country': 'Germany', 'postcode': 43274, 'coordinates': {'latitude': '-50.0854', 'longitude': '31.8799'}, 'timezone': {'offset': '-8:00', 'description': 'Pacific Time (US &amp; Canada)'}}, 'email': 'anna.forstner@example.com', 'login': {'uuid': '03221343-5833-43ef-bcb7-affca05b0f69', 'username': 'lazyostrich987', 'password': 'polska', 'salt': 'Homo50SV', 'md5': '78439eeb0209f7566f6d105f209947da', 'sha1': '1a400830c546620687e16a780bc508c94501f135', 'sha256': '7b8a65ede5d7aed1d0ccb97f9166857d96a81742bdeee7a0e4266e78f9de6d83'}, 'dob': {'date': '2000-06-07T23:33:24.230Z', 'age': 23}, 'registered': {'date': '2017-11-16T16:34:56.353Z', 'age': 6}, 'phone': '0037-0935140', 'cell': '0173-0402562', 'id': {'name': 'SVNR', 'value': '12 0706100 F 716'}, 'picture': {'large': 'https://randomuser.me/api/portraits/women/65.jpg', 'medium': 'https://randomuser.me/api/portraits/med/women/65.jpg', 'thumbnail': 'https://randomuser.me/api/portraits/thumb/women/65.jpg'}, 'nat': 'DE'}], 'info': {'seed': '12950c7f13ccc303', 'results': 1, 'page': 1, 'version': '1.4'}}</msg>
<arg>${json_data}</arg>
<doc>Logs the given message with the given level.</doc>
<status status="PASS" start="2024-04-30T02:25:03.567952" elapsed="0.000245"/>
</kw>
<kw name="Should Be String" owner="String">
<arg>${json_data['results'][0]['gender']}</arg>
<doc>Fails if the given ``item`` is not a string.</doc>
<status status="PASS" start="2024-04-30T02:25:03.568500" elapsed="0.000361"/>
</kw>
<kw name="Should Match Regexp" owner="BuiltIn">
<arg>${json_data['results'][0]['email']}</arg>
<arg>^[a-zA-Z0-9._%+-]+@[a-zA-Z0-9.-]+\.[a-zA-Z]{2,}$</arg>
<doc>Fails if ``string`` does not match ``pattern`` as a regular expression.</doc>
<status status="PASS" start="2024-04-30T02:25:03.569055" elapsed="0.000524"/>
</kw>
<kw name="Should Match Regexp" owner="BuiltIn">
<arg>${json_data['results'][0]['dob']['date']}</arg>
<arg>\\d{4}-\\d{2}-\\d{2}T\\d{2}:\\d{2}:\\d{2}\\.\\d{3}Z</arg>
<doc>Fails if ``string`` does not match ``pattern`` as a regular expression.</doc>
<status status="PASS" start="2024-04-30T02:25:03.569778" elapsed="0.000527"/>
</kw>
<kw name="Should Match Regexp" owner="BuiltIn">
<arg>${json_data['results'][0]['registered']['date']}</arg>
<arg>\\d{4}-\\d{2}-\\d{2}T\\d{2}:\\d{2}:\\d{2}\\.\\d{3}Z</arg>
<doc>Fails if ``string`` does not match ``pattern`` as a regular expression.</doc>
<status status="PASS" start="2024-04-30T02:25:03.570500" elapsed="0.000377"/>
</kw>
<kw name="Should Match Regexp" owner="BuiltIn">
<arg>${json_data['results'][0]['picture']['large']}</arg>
<arg>^https?://.*\.(?:png|jpe?g|gif|bmp)$</arg>
<doc>Fails if ``string`` does not match ``pattern`` as a regular expression.</doc>
<status status="PASS" start="2024-04-30T02:25:03.571063" elapsed="0.000488"/>
</kw>
<kw name="Should Match Regexp" owner="BuiltIn">
<arg>${json_data['results'][0]['picture']['medium']}</arg>
<arg>^https?://.*\.(?:png|jpe?g|gif|bmp)$</arg>
<doc>Fails if ``string`` does not match ``pattern`` as a regular expression.</doc>
<status status="PASS" start="2024-04-30T02:25:03.571749" elapsed="0.000367"/>
</kw>
<kw name="Should Match Regexp" owner="BuiltIn">
<arg>${json_data['results'][0]['picture']['thumbnail']}</arg>
<arg>^https?://.*\.(?:png|jpe?g|gif|bmp)$</arg>
<doc>Fails if ``string`` does not match ``pattern`` as a regular expression.</doc>
<status status="PASS" start="2024-04-30T02:25:03.572308" elapsed="0.000354"/>
</kw>
<kw name="Log" owner="BuiltIn">
<msg time="2024-04-30T02:25:03.573168" level="INFO">{'large': 'https://randomuser.me/api/portraits/women/65.jpg', 'medium': 'https://randomuser.me/api/portraits/med/women/65.jpg', 'thumbnail': 'https://randomuser.me/api/portraits/thumb/women/65.jpg'}</msg>
<arg>${json_data['results'][0]['picture']}</arg>
<doc>Logs the given message with the given level.</doc>
<status status="PASS" start="2024-04-30T02:25:03.572845" elapsed="0.000365"/>
</kw>
<status status="PASS" start="2024-04-30T02:25:03.488288" elapsed="0.085181"/>
</kw>
<kw name="Teste de Tipos de Dados - Postcode" owner="random-user-service">
<kw name="GET On Session" owner="RequestsLibrary">
<msg time="2024-04-30T02:25:03.653582" level="INFO">GET Request : url=https://randomuser.me/api 
 path_url=/api 
 headers={'User-Agent': 'python-requests/2.31.0', 'Accept-Encoding': 'gzip, deflate', 'Accept': '*/*', 'Connection': 'keep-alive'} 
 body=None 
 </msg>
<msg time="2024-04-30T02:25:03.653682" level="INFO">GET Response : url=https://randomuser.me/api 
 status=200, reason=OK 
 headers={'Date': 'Tue, 30 Apr 2024 02:25:03 GMT', 'Content-Type': 'application/json; charset=utf-8', 'Transfer-Encoding': 'chunked', 'Connection': 'keep-alive', 'X-Powered-By': 'Express', 'Access-Control-Allow-Origin': '*', 'Cache-Control': 'no-cache', 'ETag': 'W/"493-PKoM2tx/E0AgkVuAwlSX99LDOpE"', 'Vary': 'Accept-Encoding', 'Content-Encoding': 'gzip', 'CF-Cache-Status': 'DYNAMIC', 'Report-To': '{"endpoints":[{"url":"https:\\/\\/a.nel.cloudflare.com\\/report\\/v4?s=1yc11PbA74Zh7Vi4AnqOOxhf0%2BTR6K5JlbT4vKROt%2ByR89QMLWa757ix5DM3TACLRuFhC4BDlzs%2FEMhTLJCYD4sDWNVmkvnaWgJ9vQzA64eJnXoNQJeI8EC62H4LHibR"}],"group":"cf-nel","max_age":604800}', 'NEL': '{"success_fraction":0,"report_to":"cf-nel","max_age":604800}', 'Server': 'cloudflare', 'CF-RAY': '87c4143d5d2f2c44-ORD', 'alt-svc': 'h3=":443"; ma=86400'} 
 body={"results":[{"gender":"male","name":{"title":"Mr","first":"Deniz","last":"Poyrazoğlu"},"location":{"street":{"number":5360,"name":"Şehitler Cd"},"city":"Karaman","state":"Osmaniye","country":"Turkey","postcode":44829,"coordinates":{"latitude":"68.5945","longitude":"-79.6988"},"timezone":{"offset":"-6:00","description":"Central Time (US &amp; Canada), Mexico City"}},"email":"deniz.poyrazoglu@example.com","login":{"uuid":"3a385df6-bf88-4e66-8ed7-463d883941ed","username":"ticklishladybug348","password":"tennesse","salt":"R0FH6zxb","md5":"83cb9c9dbbf926439477233694be8d68","sha1":"5a6e4ad14912ad69ee98856f0b0f1a986c407e7b","sha256":"84636e6f677290919acaf7b59570d82dde8dc81d8d014b2704652a10aef1ad44"},"dob":{"date":"1966-03-29T22:12:54.062Z","age":58},"registered":{"date":"2006-07-26T20:34:57.492Z","age":17},"phone":"(552)-521-9815","cell":"(233)-391-2393","id":{"name":"","value":null},"picture":{"large":"https://randomuser.me/api/portraits/men/84.jpg","medium":"https://randomuser.me/api/portraits/med/men/84.jpg","thumbnail":"https://randomuser.me/api/portraits/thumb/men/84.jpg"},"nat":"TR"}],"info":{"seed":"e5238c9661285b56","results":1,"page":1,"version":"1.4"}} 
 </msg>
<msg time="2024-04-30T02:25:03.653763" level="INFO">/opt/hostedtoolcache/Python/3.12.3/x64/lib/python3.12/site-packages/urllib3/connectionpool.py:1103: InsecureRequestWarning: Unverified HTTPS request is being made to host 'randomuser.me'. Adding certificate verification is strongly advised. See: https://urllib3.readthedocs.io/en/latest/advanced-usage.html#tls-warnings
  warnings.warn(</msg>
<msg time="2024-04-30T02:25:03.653880" level="INFO">${response} = &lt;Response [200]&gt;</msg>
<var>${response}</var>
<arg>consultarAPI</arg>
<arg>/api</arg>
<doc>Sends a GET request on a previously created HTTP Session.</doc>
<status status="PASS" start="2024-04-30T02:25:03.573938" elapsed="0.079987"/>
</kw>
<kw name="Set Variable" owner="BuiltIn">
<msg time="2024-04-30T02:25:03.655156" level="INFO">${json_data} = {'results': [{'gender': 'male', 'name': {'title': 'Mr', 'first': 'Deniz', 'last': 'Poyrazoğlu'}, 'location': {'street': {'number': 5360, 'name': 'Şehitler Cd'}, 'city': 'Karaman', 'state': 'Osmaniye',...</msg>
<var>${json_data}</var>
<arg>${response.json()}</arg>
<doc>Returns the given values which can then be assigned to a variables.</doc>
<status status="PASS" start="2024-04-30T02:25:03.654554" elapsed="0.000633"/>
</kw>
<kw name="Log" owner="BuiltIn">
<msg time="2024-04-30T02:25:03.655723" level="INFO">{'results': [{'gender': 'male', 'name': {'title': 'Mr', 'first': 'Deniz', 'last': 'Poyrazoğlu'}, 'location': {'street': {'number': 5360, 'name': 'Şehitler Cd'}, 'city': 'Karaman', 'state': 'Osmaniye', 'country': 'Turkey', 'postcode': 44829, 'coordinates': {'latitude': '68.5945', 'longitude': '-79.6988'}, 'timezone': {'offset': '-6:00', 'description': 'Central Time (US &amp; Canada), Mexico City'}}, 'email': 'deniz.poyrazoglu@example.com', 'login': {'uuid': '3a385df6-bf88-4e66-8ed7-463d883941ed', 'username': 'ticklishladybug348', 'password': 'tennesse', 'salt': 'R0FH6zxb', 'md5': '83cb9c9dbbf926439477233694be8d68', 'sha1': '5a6e4ad14912ad69ee98856f0b0f1a986c407e7b', 'sha256': '84636e6f677290919acaf7b59570d82dde8dc81d8d014b2704652a10aef1ad44'}, 'dob': {'date': '1966-03-29T22:12:54.062Z', 'age': 58}, 'registered': {'date': '2006-07-26T20:34:57.492Z', 'age': 17}, 'phone': '(552)-521-9815', 'cell': '(233)-391-2393', 'id': {'name': '', 'value': None}, 'picture': {'large': 'https://randomuser.me/api/portraits/men/84.jpg', 'medium': 'https://randomuser.me/api/portraits/med/men/84.jpg', 'thumbnail': 'https://randomuser.me/api/portraits/thumb/men/84.jpg'}, 'nat': 'TR'}], 'info': {'seed': 'e5238c9661285b56', 'results': 1, 'page': 1, 'version': '1.4'}}</msg>
<arg>${json_data}</arg>
<doc>Logs the given message with the given level.</doc>
<status status="PASS" start="2024-04-30T02:25:03.655557" elapsed="0.000256"/>
</kw>
<kw name="Should Be Equal As Numbers" owner="BuiltIn">
<arg>${json_data['results'][0]['location']['postcode']}</arg>
<arg>${json_data['results'][0]['location']['postcode']}</arg>
<doc>Fails if objects are unequal after converting them to real numbers.</doc>
<status status="PASS" start="2024-04-30T02:25:03.656122" elapsed="0.000805"/>
</kw>
<kw name="Log" owner="BuiltIn">
<msg time="2024-04-30T02:25:03.657463" level="INFO">44829</msg>
<arg>${json_data['results'][0]['location']['postcode']}</arg>
<doc>Logs the given message with the given level.</doc>
<status status="PASS" start="2024-04-30T02:25:03.657124" elapsed="0.000379"/>
</kw>
<status status="PASS" start="2024-04-30T02:25:03.573697" elapsed="0.084063"/>
</kw>
<doc>Testa se os tipos de dados na resposta da API estão corretos.</doc>
<tag>testeTiposDados</tag>
<status status="PASS" start="2024-04-30T02:25:03.487726" elapsed="0.170205"/>
</test>
<test id="s1-s1-t5" name="Validar conteudo" line="35">
<kw name="Teste de Tipos de Conteudo" owner="random-user-service">
<kw name="GET On Session" owner="RequestsLibrary">
<msg time="2024-04-30T02:25:03.828054" level="INFO">GET Request : url=https://randomuser.me/api 
 path_url=/api 
 headers={'User-Agent': 'python-requests/2.31.0', 'Accept-Encoding': 'gzip, deflate', 'Accept': '*/*', 'Connection': 'keep-alive'} 
 body=None 
 </msg>
<msg time="2024-04-30T02:25:03.828165" level="INFO">GET Response : url=https://randomuser.me/api 
 status=200, reason=OK 
 headers={'Date': 'Tue, 30 Apr 2024 02:25:03 GMT', 'Content-Type': 'application/json; charset=utf-8', 'Transfer-Encoding': 'chunked', 'Connection': 'keep-alive', 'X-Powered-By': 'Express', 'Access-Control-Allow-Origin': '*', 'Cache-Control': 'no-cache', 'ETag': 'W/"4bc-Q5s1pl4NoG+uW9c3e0jEtL41fck"', 'Vary': 'Accept-Encoding', 'Content-Encoding': 'gzip', 'CF-Cache-Status': 'DYNAMIC', 'Report-To': '{"endpoints":[{"url":"https:\\/\\/a.nel.cloudflare.com\\/report\\/v4?s=H2mVcgSgXoRus8JNGkmO9M3t%2BA8Uslvu2veuMqD5wI4hHj9xjTed0Udtee%2FE3ma%2Bh6vifjPa56ed385TWxxoKj0J9n6Q8BxJFOz8ZNPOYPnJO1WVJwDBdE2L9TVirpsm"}],"group":"cf-nel","max_age":604800}', 'NEL': '{"success_fraction":0,"report_to":"cf-nel","max_age":604800}', 'Server': 'cloudflare', 'CF-RAY': '87c4143deddb2c44-ORD', 'alt-svc': 'h3=":443"; ma=86400'} 
 body={"results":[{"gender":"female","name":{"title":"Madame","first":"Annamarie","last":"Sanchez"},"location":{"street":{"number":2392,"name":"Avenue Goerges Clémenceau"},"city":"La Chaux-du-Milieu","state":"Zug","country":"Switzerland","postcode":6581,"coordinates":{"latitude":"-62.9750","longitude":"7.8800"},"timezone":{"offset":"-4:00","description":"Atlantic Time (Canada), Caracas, La Paz"}},"email":"annamarie.sanchez@example.com","login":{"uuid":"1fa4317e-c7c2-4ade-b6bd-591af89573f2","username":"tinyfrog650","password":"pigeon","salt":"CVlOZ6SB","md5":"0097613e5980e1b0378761ce8af470b7","sha1":"7a7aa69c05e86f224bb70568b1e749b290a6a685","sha256":"406b7714a60f5bbe38ee7ebad68542f9183e4c768b3deb099bd11030c0e04f9e"},"dob":{"date":"1949-03-06T08:22:17.731Z","age":75},"registered":{"date":"2014-11-13T02:51:18.855Z","age":9},"phone":"076 429 16 24","cell":"079 624 73 44","id":{"name":"AVS","value":"756.0075.0342.25"},"picture":{"large":"https://randomuser.me/api/portraits/women/91.jpg","medium":"https://randomuser.me/api/portraits/med/women/91.jpg","thumbnail":"https://randomuser.me/api/portraits/thumb/women/91.jpg"},"nat":"CH"}],"info":{"seed":"02651d76ab59799d","results":1,"page":1,"version":"1.4"}} 
 </msg>
<msg time="2024-04-30T02:25:03.828249" level="INFO">/opt/hostedtoolcache/Python/3.12.3/x64/lib/python3.12/site-packages/urllib3/connectionpool.py:1103: InsecureRequestWarning: Unverified HTTPS request is being made to host 'randomuser.me'. Adding certificate verification is strongly advised. See: https://urllib3.readthedocs.io/en/latest/advanced-usage.html#tls-warnings
  warnings.warn(</msg>
<msg time="2024-04-30T02:25:03.828391" level="INFO">${response} = &lt;Response [200]&gt;</msg>
<var>${response}</var>
<arg>consultarAPI</arg>
<arg>/api</arg>
<doc>Sends a GET request on a previously created HTTP Session.</doc>
<status status="PASS" start="2024-04-30T02:25:03.660477" elapsed="0.167954"/>
</kw>
<kw name="Set Variable" owner="BuiltIn">
<msg time="2024-04-30T02:25:03.829510" level="INFO">${json_data} = {'results': [{'gender': 'female', 'name': {'title': 'Madame', 'first': 'Annamarie', 'last': 'Sanchez'}, 'location': {'street': {'number': 2392, 'name': 'Avenue Goerges Clémenceau'}, 'city': 'La Chaux-...</msg>
<var>${json_data}</var>
<arg>${response.json()}</arg>
<doc>Returns the given values which can then be assigned to a variables.</doc>
<status status="PASS" start="2024-04-30T02:25:03.828986" elapsed="0.000552"/>
</kw>
<kw name="Set Variable" owner="BuiltIn">
<msg time="2024-04-30T02:25:03.830246" level="INFO">${name_title} = Madame</msg>
<var>${name_title}</var>
<arg>${json_data["results"][0]["name"]["title"]}</arg>
<doc>Returns the given values which can then be assigned to a variables.</doc>
<status status="PASS" start="2024-04-30T02:25:03.829859" elapsed="0.000413"/>
</kw>
<kw name="Create List" owner="BuiltIn">
<msg time="2024-04-30T02:25:03.830732" level="INFO">${allowed_titles} = ['Mr', 'Ms', 'Miss', 'Mrs', 'Madame', 'Monsieur']</msg>
<var>${allowed_titles}</var>
<arg>Mr</arg>
<arg>Ms</arg>
<arg>Miss</arg>
<arg>Mrs</arg>
<arg>Madame</arg>
<arg>Monsieur</arg>
<doc>Returns a list containing given items.</doc>
<status status="PASS" start="2024-04-30T02:25:03.830584" elapsed="0.000181"/>
</kw>
<kw name="List Should Contain Value" owner="Collections">
<msg time="2024-04-30T02:25:03.831237" level="INFO">False</msg>
<arg>${allowed_titles}</arg>
<arg>${name_title}</arg>
<doc>Fails if the ``value`` is not found from ``list``.</doc>
<status status="PASS" start="2024-04-30T02:25:03.831062" elapsed="0.000211"/>
</kw>
<kw name="Set Variable" owner="BuiltIn">
<msg time="2024-04-30T02:25:03.832019" level="INFO">${name_country} = CH</msg>
<var>${name_country}</var>
<arg>${json_data["results"][0]["nat"]}</arg>
<doc>Returns the given values which can then be assigned to a variables.</doc>
<status status="PASS" start="2024-04-30T02:25:03.831624" elapsed="0.000421"/>
</kw>
<kw name="Create List" owner="BuiltIn">
<msg time="2024-04-30T02:25:03.832963" level="INFO">${list_country} = ['AD', 'AE', 'AF', 'AG', 'AI', 'AL', 'AM', 'AO', 'AQ', 'AR', 'AS', 'AT', 'AU', 'AW', 'AX', 'AZ', 'BA', 'BB', 'BD', 'BE', 'BF', 'BG', 'BH', 'BI', 'BJ', 'BL', 'BM', 'BN', 'BO', 'BQ', 'BR', 'BS', 'BT', '...</msg>
<var>${list_country}</var>
<arg>AD</arg>
<arg>AE</arg>
<arg>AF</arg>
<arg>AG</arg>
<arg>AI</arg>
<arg>AL</arg>
<arg>AM</arg>
<arg>AO</arg>
<arg>AQ</arg>
<arg>AR</arg>
<arg>AS</arg>
<arg>AT</arg>
<arg>AU</arg>
<arg>AW</arg>
<arg>AX</arg>
<arg>AZ</arg>
<arg>BA</arg>
<arg>BB</arg>
<arg>BD</arg>
<arg>BE</arg>
<arg>BF</arg>
<arg>BG</arg>
<arg>BH</arg>
<arg>BI</arg>
<arg>BJ</arg>
<arg>BL</arg>
<arg>BM</arg>
<arg>BN</arg>
<arg>BO</arg>
<arg>BQ</arg>
<arg>BR</arg>
<arg>BS</arg>
<arg>BT</arg>
<arg>BV</arg>
<arg>BW</arg>
<arg>BY</arg>
<arg>BZ</arg>
<arg>CA</arg>
<arg>CC</arg>
<arg>CD</arg>
<arg>CF</arg>
<arg>CG</arg>
<arg>CH</arg>
<arg>CI</arg>
<arg>CK</arg>
<arg>CL</arg>
<arg>CM</arg>
<arg>CN</arg>
<arg>CO</arg>
<arg>CR</arg>
<arg>CU</arg>
<arg>CV</arg>
<arg>CW</arg>
<arg>CX</arg>
<arg>CY</arg>
<arg>CZ</arg>
<arg>DE</arg>
<arg>DJ</arg>
<arg>DK</arg>
<arg>DM</arg>
<arg>DO</arg>
<arg>DZ</arg>
<arg>EC</arg>
<arg>EE</arg>
<arg>EG</arg>
<arg>EH</arg>
<arg>ER</arg>
<arg>ES</arg>
<arg>ET</arg>
<arg>FI</arg>
<arg>FJ</arg>
<arg>FK</arg>
<arg>FM</arg>
<arg>FO</arg>
<arg>FR</arg>
<arg>GA</arg>
<arg>GB</arg>
<arg>GD</arg>
<arg>GE</arg>
<arg>GF</arg>
<arg>GG</arg>
<arg>GH</arg>
<arg>GI</arg>
<arg>GL</arg>
<arg>GM</arg>
<arg>GN</arg>
<arg>GP</arg>
<arg>GQ</arg>
<arg>GR</arg>
<arg>GS</arg>
<arg>GT</arg>
<arg>GU</arg>
<arg>GW</arg>
<arg>GY</arg>
<arg>HK</arg>
<arg>HM</arg>
<arg>HN</arg>
<arg>HR</arg>
<arg>HT</arg>
<arg>HU</arg>
<arg>ID</arg>
<arg>IE</arg>
<arg>IL</arg>
<arg>IM</arg>
<arg>IN</arg>
<arg>IO</arg>
<arg>IQ</arg>
<arg>IR</arg>
<arg>IS</arg>
<arg>IT</arg>
<arg>JE</arg>
<arg>JM</arg>
<arg>JO</arg>
<arg>JP</arg>
<arg>KE</arg>
<arg>KG</arg>
<arg>KH</arg>
<arg>KI</arg>
<arg>KM</arg>
<arg>KN</arg>
<arg>KP</arg>
<arg>KR</arg>
<arg>KW</arg>
<arg>KY</arg>
<arg>KZ</arg>
<arg>LA</arg>
<arg>LB</arg>
<arg>LC</arg>
<arg>LI</arg>
<arg>LK</arg>
<arg>LR</arg>
<arg>LS</arg>
<arg>LT</arg>
<arg>LU</arg>
<arg>LV</arg>
<arg>LY</arg>
<arg>MA</arg>
<arg>MC</arg>
<arg>MD</arg>
<arg>ME</arg>
<arg>MF</arg>
<arg>MG</arg>
<arg>MH</arg>
<arg>MK</arg>
<arg>ML</arg>
<arg>MM</arg>
<arg>MN</arg>
<arg>MO</arg>
<arg>MP</arg>
<arg>MQ</arg>
<arg>MR</arg>
<arg>MS</arg>
<arg>MT</arg>
<arg>MU</arg>
<arg>MV</arg>
<arg>MW</arg>
<arg>MX</arg>
<arg>MY</arg>
<arg>MZ</arg>
<arg>NA</arg>
<arg>NC</arg>
<arg>NE</arg>
<arg>NF</arg>
<arg>NG</arg>
<arg>NI</arg>
<arg>NL</arg>
<arg>NO</arg>
<arg>NP</arg>
<arg>NR</arg>
<arg>NU</arg>
<arg>NZ</arg>
<arg>OM</arg>
<arg>PA</arg>
<arg>PE</arg>
<arg>PF</arg>
<arg>PG</arg>
<arg>PH</arg>
<arg>PK</arg>
<arg>PL</arg>
<arg>PM</arg>
<arg>PN</arg>
<arg>PR</arg>
<arg>PS</arg>
<arg>PT</arg>
<arg>PW</arg>
<arg>PY</arg>
<arg>QA</arg>
<arg>RE</arg>
<arg>RO</arg>
<arg>RS</arg>
<arg>RU</arg>
<arg>RW</arg>
<arg>SA</arg>
<arg>SB</arg>
<arg>SC</arg>
<arg>SD</arg>
<arg>SE</arg>
<arg>SG</arg>
<arg>SH</arg>
<arg>SI</arg>
<arg>SJ</arg>
<arg>SK</arg>
<arg>SL</arg>
<arg>SM</arg>
<arg>SN</arg>
<arg>SO</arg>
<arg>SR</arg>
<arg>SS</arg>
<arg>ST</arg>
<arg>SV</arg>
<arg>SX</arg>
<arg>SY</arg>
<arg>SZ</arg>
<arg>TC</arg>
<arg>TD</arg>
<arg>TF</arg>
<arg>TG</arg>
<arg>TH</arg>
<arg>TJ</arg>
<arg>TK</arg>
<arg>TL</arg>
<arg>TM</arg>
<arg>TN</arg>
<arg>TO</arg>
<arg>TR</arg>
<arg>TT</arg>
<arg>TV</arg>
<arg>TW</arg>
<arg>TZ</arg>
<arg>UA</arg>
<arg>UG</arg>
<arg>UM</arg>
<arg>US</arg>
<arg>UY</arg>
<arg>UZ</arg>
<arg>VA</arg>
<arg>VC</arg>
<arg>VE</arg>
<arg>VG</arg>
<arg>VI</arg>
<arg>VN</arg>
<arg>VU</arg>
<arg>WF</arg>
<arg>WS</arg>
<arg>XK</arg>
<arg>YE</arg>
<arg>YT</arg>
<arg>ZA</arg>
<arg>ZM</arg>
<arg>ZW</arg>
<doc>Returns a list containing given items.</doc>
<status status="PASS" start="2024-04-30T02:25:03.832351" elapsed="0.000638"/>
</kw>
<kw name="List Should Contain Value" owner="Collections">
<msg time="2024-04-30T02:25:03.834024" level="INFO">False</msg>
<arg>${list_country}</arg>
<arg>${name_country}</arg>
<doc>Fails if the ``value`` is not found from ``list``.</doc>
<status status="PASS" start="2024-04-30T02:25:03.833821" elapsed="0.000240"/>
</kw>
<kw name="Run Keyword If" owner="BuiltIn">
<kw name="Should Be True" owner="BuiltIn">
<arg>${True}</arg>
<doc>Fails if the given condition is not true.</doc>
<status status="PASS" start="2024-04-30T02:25:03.835136" elapsed="0.000145"/>
</kw>
<arg>${json_data["results"][0]["location"]["coordinates"]["latitude"]} &gt;= -90 and ${json_data["results"][0]["location"]["coordinates"]["latitude"]} &lt;= 90</arg>
<arg>Should Be True</arg>
<arg>${True}</arg>
<doc>Runs the given keyword with the given arguments, if ``condition`` is true.</doc>
<status status="PASS" start="2024-04-30T02:25:03.834377" elapsed="0.001053"/>
</kw>
<kw name="Run Keyword If" owner="BuiltIn">
<kw name="Should Be True" owner="BuiltIn">
<arg>${True}</arg>
<doc>Fails if the given condition is not true.</doc>
<status status="PASS" start="2024-04-30T02:25:03.836344" elapsed="0.000260"/>
</kw>
<arg>${json_data["results"][0]["location"]["coordinates"]["longitude"]} &gt;= -180 and ${json_data["results"][0]["location"]["coordinates"]["longitude"]} &lt;= 180</arg>
<arg>Should Be True</arg>
<arg>${True}</arg>
<doc>Runs the given keyword with the given arguments, if ``condition`` is true.</doc>
<status status="PASS" start="2024-04-30T02:25:03.835624" elapsed="0.001107"/>
</kw>
<status status="PASS" start="2024-04-30T02:25:03.660249" elapsed="0.176627"/>
</kw>
<doc>Testa o conteúdo específico dos campos retornados pela API.</doc>
<tag>testeConteudo</tag>
<status status="PASS" start="2024-04-30T02:25:03.659715" elapsed="0.177314"/>
</test>
<status status="PASS" start="2024-04-30T02:25:02.114467" elapsed="1.724475"/>
</suite>
<status status="PASS" start="2024-04-30T02:25:02.100772" elapsed="1.743295"/>
</suite>
<statistics>
<total>
<stat pass="5" fail="0" skip="0">All Tests</stat>
</total>
<tag>
<stat pass="1" fail="0" skip="0">testeConteudo</stat>
<stat pass="1" fail="0" skip="0">testeEstruturaResposta</stat>
<stat pass="1" fail="0" skip="0">testeRequisicaoBasica</stat>
<stat pass="1" fail="0" skip="0">testeTiposDados</stat>
</tag>
<suite>
<stat pass="5" fail="0" skip="0" id="s1" name="Tests">Tests</stat>
<stat pass="5" fail="0" skip="0" id="s1-s1" name="Random-User-Test">Tests.Random-User-Test</stat>
</suite>
</statistics>
<errors>
</errors>
</robot>
