<?xml version="1.0" encoding="UTF-8"?>
<robot generator="Robot 7.0 (Python 3.12.2 on linux)" generated="2024-03-23T16:15:17.460273" rpa="false" schemaversion="5">
<suite id="s1" name="Tests" source="/home/runner/work/DesafioQAItauRogerioJordao/DesafioQAItauRogerioJordao/RamdonUser/tests">
<suite id="s1-s1" name="Random-User-Test" source="/home/runner/work/DesafioQAItauRogerioJordao/DesafioQAItauRogerioJordao/RamdonUser/tests/random-user-test.robot">
<test id="s1-s1-t1" name="Conectar" line="13">
<kw name="Conectar API" owner="random-user-service">
<kw name="Create Session" owner="RequestsLibrary">
<msg time="2024-03-23T16:15:17.821723" level="INFO">Creating Session using : alias=consultarAPI, url=https://randomuser.me/, headers={},                     cookies={}, auth=None, timeout=None, proxies=None, verify=False,                     debug=0 </msg>
<arg>consultarAPI</arg>
<arg>${URL}</arg>
<doc>Create Session: create a HTTP session to a server</doc>
<status status="PASS" start="2024-03-23T16:15:17.821528" elapsed="0.000364"/>
</kw>
<status status="PASS" start="2024-03-23T16:15:17.820518" elapsed="0.001719"/>
</kw>
<status status="PASS" start="2024-03-23T16:15:17.819945" elapsed="0.002492"/>
</test>
<test id="s1-s1-t2" name="Validar retorno 200 e JSON Válido" line="16">
<kw name="Teste de Requisicao Basica" owner="random-user-service">
<kw name="GET On Session" owner="RequestsLibrary">
<msg time="2024-03-23T16:15:18.088303" level="INFO">GET Request : url=https://randomuser.me/api 
 path_url=/api 
 headers={'User-Agent': 'python-requests/2.31.0', 'Accept-Encoding': 'gzip, deflate', 'Accept': '*/*', 'Connection': 'keep-alive'} 
 body=None 
 </msg>
<msg time="2024-03-23T16:15:18.088461" level="INFO">GET Response : url=https://randomuser.me/api 
 status=200, reason=OK 
 headers={'Date': 'Sat, 23 Mar 2024 16:15:18 GMT', 'Content-Type': 'application/json; charset=utf-8', 'Transfer-Encoding': 'chunked', 'Connection': 'keep-alive', 'X-Powered-By': 'Express', 'Access-Control-Allow-Origin': '*', 'Cache-Control': 'no-cache', 'ETag': 'W/"492-HPvvM1Y4bQk4QGml++6HVWJBSfU"', 'Vary': 'Accept-Encoding', 'Content-Encoding': 'gzip', 'CF-Cache-Status': 'DYNAMIC', 'Report-To': '{"endpoints":[{"url":"https:\\/\\/a.nel.cloudflare.com\\/report\\/v4?s=YqXUfzbH06DHdYqkn9GHhfOittL%2FSBJv3etnyfjm1aqDd93KcQO%2B%2BSl779xii8UUdqrdcGtrkOWQmByvWMQwF2mPHNziG6Wc5EjNwRuUWqnTGQjUiuK9pln2Hc8HuCIB"}],"group":"cf-nel","max_age":604800}', 'NEL': '{"success_fraction":0,"report_to":"cf-nel","max_age":604800}', 'Server': 'cloudflare', 'CF-RAY': '868fb8297ab867e9-SJC', 'alt-svc': 'h3=":443"; ma=86400'} 
 body={"results":[{"gender":"male","name":{"title":"Mr","first":"Joas","last":"Trommelen"},"location":{"street":{"number":383,"name":"Kruisbeslaan"},"city":"Ravenstein","state":"Utrecht","country":"Netherlands","postcode":"3492 NB","coordinates":{"latitude":"35.1008","longitude":"-150.3655"},"timezone":{"offset":"+1:00","description":"Brussels, Copenhagen, Madrid, Paris"}},"email":"joas.trommelen@example.com","login":{"uuid":"7b70fbc2-6775-401a-be64-109007602428","username":"happyfrog166","password":"thursday","salt":"yCDtagOm","md5":"cfbf97545f973aeb1e985f3caaba99b3","sha1":"93d950a5e1abdc62065a068d2ba9656cf771d582","sha256":"0b363d6854e3f5d3324a094bc0c9f52128c988b375d45f2e1dc2323586bbfa79"},"dob":{"date":"1945-05-21T17:34:13.566Z","age":78},"registered":{"date":"2014-10-22T19:44:59.848Z","age":9},"phone":"(004) 3012157","cell":"(06) 78606860","id":{"name":"BSN","value":"14227882"},"picture":{"large":"https://randomuser.me/api/portraits/men/4.jpg","medium":"https://randomuser.me/api/portraits/med/men/4.jpg","thumbnail":"https://randomuser.me/api/portraits/thumb/men/4.jpg"},"nat":"NL"}],"info":{"seed":"37cac0c8e6e1bfb7","results":1,"page":1,"version":"1.4"}} 
 </msg>
<msg time="2024-03-23T16:15:18.088580" level="INFO">/opt/hostedtoolcache/Python/3.12.2/x64/lib/python3.12/site-packages/urllib3/connectionpool.py:1103: InsecureRequestWarning: Unverified HTTPS request is being made to host 'randomuser.me'. Adding certificate verification is strongly advised. See: https://urllib3.readthedocs.io/en/latest/advanced-usage.html#tls-warnings
  warnings.warn(</msg>
<msg time="2024-03-23T16:15:18.088733" level="INFO">${response} = &lt;Response [200]&gt;</msg>
<var>${response}</var>
<arg>consultarAPI</arg>
<arg>/api</arg>
<doc>Sends a GET request on a previously created HTTP Session.</doc>
<status status="PASS" start="2024-03-23T16:15:17.825062" elapsed="0.263712"/>
</kw>
<kw name="Should Be Equal As Numbers" owner="BuiltIn">
<msg time="2024-03-23T16:15:18.089898" level="INFO">Argument types are:
&lt;class 'int'&gt;
&lt;class 'str'&gt;</msg>
<arg>${response.status_code}</arg>
<arg>200</arg>
<doc>Fails if objects are unequal after converting them to real numbers.</doc>
<status status="PASS" start="2024-03-23T16:15:18.089429" elapsed="0.000534"/>
</kw>
<kw name="Log" owner="BuiltIn">
<msg time="2024-03-23T16:15:18.090644" level="INFO">200</msg>
<arg>${response.status_code}</arg>
<doc>Logs the given message with the given level.</doc>
<status status="PASS" start="2024-03-23T16:15:18.090284" elapsed="0.000404"/>
</kw>
<kw name="Set Variable" owner="BuiltIn">
<msg time="2024-03-23T16:15:18.091451" level="INFO">${json_data} = {'results': [{'gender': 'male', 'name': {'title': 'Mr', 'first': 'Joas', 'last': 'Trommelen'}, 'location': {'street': {'number': 383, 'name': 'Kruisbeslaan'}, 'city': 'Ravenstein', 'state': 'Utrecht',...</msg>
<var>${json_data}</var>
<arg>${response.json()}</arg>
<doc>Returns the given values which can then be assigned to a variables.</doc>
<status status="PASS" start="2024-03-23T16:15:18.091016" elapsed="0.000462"/>
</kw>
<kw name="Dictionary Should Contain Key" owner="Collections">
<msg time="2024-03-23T16:15:18.091950" level="INFO">False</msg>
<arg>${json_data}</arg>
<arg>results</arg>
<doc>Fails if ``key`` is not found from ``dictionary``.</doc>
<status status="PASS" start="2024-03-23T16:15:18.091784" elapsed="0.000204"/>
</kw>
<status status="PASS" start="2024-03-23T16:15:17.824815" elapsed="0.267429"/>
</kw>
<doc>Testa se a API responde corretamente e retorna um objeto JSON válido.</doc>
<tag>testeRequisicaoBasica</tag>
<status status="PASS" start="2024-03-23T16:15:17.824265" elapsed="0.268166"/>
</test>
<test id="s1-s1-t3" name="Validar estrutura de resposta" line="22">
<kw name="Teste de Estrutura de Resposta" owner="random-user-service">
<kw name="GET On Session" owner="RequestsLibrary">
<msg time="2024-03-23T16:15:18.185618" level="INFO">GET Request : url=https://randomuser.me/api 
 path_url=/api 
 headers={'User-Agent': 'python-requests/2.31.0', 'Accept-Encoding': 'gzip, deflate', 'Accept': '*/*', 'Connection': 'keep-alive'} 
 body=None 
 </msg>
<msg time="2024-03-23T16:15:18.185720" level="INFO">GET Response : url=https://randomuser.me/api 
 status=200, reason=OK 
 headers={'Date': 'Sat, 23 Mar 2024 16:15:18 GMT', 'Content-Type': 'application/json; charset=utf-8', 'Transfer-Encoding': 'chunked', 'Connection': 'keep-alive', 'X-Powered-By': 'Express', 'Access-Control-Allow-Origin': '*', 'Cache-Control': 'no-cache', 'ETag': 'W/"47e-spMIJ3ttt594eFoDvoj7PNOvxEk"', 'Vary': 'Accept-Encoding', 'Content-Encoding': 'gzip', 'CF-Cache-Status': 'DYNAMIC', 'Report-To': '{"endpoints":[{"url":"https:\\/\\/a.nel.cloudflare.com\\/report\\/v4?s=4zjtAvfNCU%2BHYTCMFpIi4qG8G2n3wBwBwtlxiiq3ouxioPxN%2FwhcZC1tCVTd1PTg2qzpaiRt7mnhgWWYGGLhos0vlAKKy7gBKDlopnU72%2Fexuf9PhhEZ%2FdObBai%2B519i"}],"group":"cf-nel","max_age":604800}', 'NEL': '{"success_fraction":0,"report_to":"cf-nel","max_age":604800}', 'Server': 'cloudflare', 'CF-RAY': '868fb82a1b3b67e9-SJC', 'alt-svc': 'h3=":443"; ma=86400'} 
 body={"results":[{"gender":"male","name":{"title":"Mr","first":"Sølve","last":"Gamst"},"location":{"street":{"number":7277,"name":"Sloreåsen"},"city":"Sjåstad","state":"Rogaland","country":"Norway","postcode":"2326","coordinates":{"latitude":"46.9567","longitude":"-114.0537"},"timezone":{"offset":"+9:00","description":"Tokyo, Seoul, Osaka, Sapporo, Yakutsk"}},"email":"solve.gamst@example.com","login":{"uuid":"d3ebcba2-4908-48db-abec-39f1f66bd76f","username":"tinypeacock272","password":"poiu","salt":"rMbIFZS7","md5":"c063b7b9c6314a73572983517d81a59a","sha1":"80d88c0d7cc4370fdaead6e6e090d72f03cf91af","sha256":"0f8626530e14958680956db905657bb07c6d2a9472bba190ffbd2f71d56d8566"},"dob":{"date":"1978-01-13T02:04:20.694Z","age":46},"registered":{"date":"2022-04-11T23:36:23.149Z","age":1},"phone":"83368439","cell":"47250366","id":{"name":"FN","value":"13017814189"},"picture":{"large":"https://randomuser.me/api/portraits/men/10.jpg","medium":"https://randomuser.me/api/portraits/med/men/10.jpg","thumbnail":"https://randomuser.me/api/portraits/thumb/men/10.jpg"},"nat":"NO"}],"info":{"seed":"5d02f4be617cda51","results":1,"page":1,"version":"1.4"}} 
 </msg>
<msg time="2024-03-23T16:15:18.185869" level="INFO">/opt/hostedtoolcache/Python/3.12.2/x64/lib/python3.12/site-packages/urllib3/connectionpool.py:1103: InsecureRequestWarning: Unverified HTTPS request is being made to host 'randomuser.me'. Adding certificate verification is strongly advised. See: https://urllib3.readthedocs.io/en/latest/advanced-usage.html#tls-warnings
  warnings.warn(</msg>
<msg time="2024-03-23T16:15:18.185986" level="INFO">${response} = &lt;Response [200]&gt;</msg>
<var>${response}</var>
<arg>consultarAPI</arg>
<arg>/api</arg>
<doc>Sends a GET request on a previously created HTTP Session.</doc>
<status status="PASS" start="2024-03-23T16:15:18.095310" elapsed="0.090717"/>
</kw>
<kw name="Set Variable" owner="BuiltIn">
<msg time="2024-03-23T16:15:18.187109" level="INFO">${json_data} = {'results': [{'gender': 'male', 'name': {'title': 'Mr', 'first': 'Sølve', 'last': 'Gamst'}, 'location': {'street': {'number': 7277, 'name': 'Sloreåsen'}, 'city': 'Sjåstad', 'state': 'Rogaland', 'count...</msg>
<var>${json_data}</var>
<arg>${response.json()}</arg>
<doc>Returns the given values which can then be assigned to a variables.</doc>
<status status="PASS" start="2024-03-23T16:15:18.186536" elapsed="0.000602"/>
</kw>
<kw name="Log" owner="BuiltIn">
<msg time="2024-03-23T16:15:18.187611" level="INFO">{'results': [{'gender': 'male', 'name': {'title': 'Mr', 'first': 'Sølve', 'last': 'Gamst'}, 'location': {'street': {'number': 7277, 'name': 'Sloreåsen'}, 'city': 'Sjåstad', 'state': 'Rogaland', 'country': 'Norway', 'postcode': '2326', 'coordinates': {'latitude': '46.9567', 'longitude': '-114.0537'}, 'timezone': {'offset': '+9:00', 'description': 'Tokyo, Seoul, Osaka, Sapporo, Yakutsk'}}, 'email': 'solve.gamst@example.com', 'login': {'uuid': 'd3ebcba2-4908-48db-abec-39f1f66bd76f', 'username': 'tinypeacock272', 'password': 'poiu', 'salt': 'rMbIFZS7', 'md5': 'c063b7b9c6314a73572983517d81a59a', 'sha1': '80d88c0d7cc4370fdaead6e6e090d72f03cf91af', 'sha256': '0f8626530e14958680956db905657bb07c6d2a9472bba190ffbd2f71d56d8566'}, 'dob': {'date': '1978-01-13T02:04:20.694Z', 'age': 46}, 'registered': {'date': '2022-04-11T23:36:23.149Z', 'age': 1}, 'phone': '83368439', 'cell': '47250366', 'id': {'name': 'FN', 'value': '13017814189'}, 'picture': {'large': 'https://randomuser.me/api/portraits/men/10.jpg', 'medium': 'https://randomuser.me/api/portraits/med/men/10.jpg', 'thumbnail': 'https://randomuser.me/api/portraits/thumb/men/10.jpg'}, 'nat': 'NO'}], 'info': {'seed': '5d02f4be617cda51', 'results': 1, 'page': 1, 'version': '1.4'}}</msg>
<arg>${json_data}</arg>
<doc>Logs the given message with the given level.</doc>
<status status="PASS" start="2024-03-23T16:15:18.187448" elapsed="0.000212"/>
</kw>
<kw name="Dictionary Should Contain Key" owner="Collections">
<msg time="2024-03-23T16:15:18.188105" level="INFO">False</msg>
<arg>${json_data}</arg>
<arg>results</arg>
<doc>Fails if ``key`` is not found from ``dictionary``.</doc>
<status status="PASS" start="2024-03-23T16:15:18.187951" elapsed="0.000190"/>
</kw>
<kw name="Should Not Be Empty" owner="BuiltIn">
<msg time="2024-03-23T16:15:18.188559" level="INFO">Length is 2.</msg>
<arg>${json_data}</arg>
<doc>Verifies that the given item is not empty.</doc>
<status status="PASS" start="2024-03-23T16:15:18.188429" elapsed="0.000167"/>
</kw>
<kw name="Create List" owner="BuiltIn">
<msg time="2024-03-23T16:15:18.189035" level="INFO">${expected_keys} = ['gender', 'name', 'location', 'email', 'login']</msg>
<var>${expected_keys}</var>
<arg>gender</arg>
<arg>name</arg>
<arg>location</arg>
<arg>email</arg>
<arg>login</arg>
<doc>Returns a list containing given items.</doc>
<status status="PASS" start="2024-03-23T16:15:18.188884" elapsed="0.000175"/>
</kw>
<for flavor="IN">
<iter>
<kw name="Dictionary Should Contain Key" owner="Collections">
<msg time="2024-03-23T16:15:18.190077" level="INFO">False</msg>
<arg>${json_data['results'][0]}</arg>
<arg>${key}</arg>
<doc>Fails if ``key`` is not found from ``dictionary``.</doc>
<status status="PASS" start="2024-03-23T16:15:18.189670" elapsed="0.000446"/>
</kw>
<kw name="Log" owner="BuiltIn">
<msg time="2024-03-23T16:15:18.190793" level="INFO">{'gender': 'male', 'name': {'title': 'Mr', 'first': 'Sølve', 'last': 'Gamst'}, 'location': {'street': {'number': 7277, 'name': 'Sloreåsen'}, 'city': 'Sjåstad', 'state': 'Rogaland', 'country': 'Norway', 'postcode': '2326', 'coordinates': {'latitude': '46.9567', 'longitude': '-114.0537'}, 'timezone': {'offset': '+9:00', 'description': 'Tokyo, Seoul, Osaka, Sapporo, Yakutsk'}}, 'email': 'solve.gamst@example.com', 'login': {'uuid': 'd3ebcba2-4908-48db-abec-39f1f66bd76f', 'username': 'tinypeacock272', 'password': 'poiu', 'salt': 'rMbIFZS7', 'md5': 'c063b7b9c6314a73572983517d81a59a', 'sha1': '80d88c0d7cc4370fdaead6e6e090d72f03cf91af', 'sha256': '0f8626530e14958680956db905657bb07c6d2a9472bba190ffbd2f71d56d8566'}, 'dob': {'date': '1978-01-13T02:04:20.694Z', 'age': 46}, 'registered': {'date': '2022-04-11T23:36:23.149Z', 'age': 1}, 'phone': '83368439', 'cell': '47250366', 'id': {'name': 'FN', 'value': '13017814189'}, 'picture': {'large': 'https://randomuser.me/api/portraits/men/10.jpg', 'medium': 'https://randomuser.me/api/portraits/med/men/10.jpg', 'thumbnail': 'https://randomuser.me/api/portraits/thumb/men/10.jpg'}, 'nat': 'NO'}</msg>
<arg>${json_data['results'][0]}</arg>
<doc>Logs the given message with the given level.</doc>
<status status="PASS" start="2024-03-23T16:15:18.190420" elapsed="0.000428"/>
</kw>
<kw name="Log" owner="BuiltIn">
<msg time="2024-03-23T16:15:18.191279" level="INFO">gender</msg>
<arg>${key}</arg>
<doc>Logs the given message with the given level.</doc>
<status status="PASS" start="2024-03-23T16:15:18.191149" elapsed="0.000168"/>
</kw>
<var name="${key}">gender</var>
<status status="PASS" start="2024-03-23T16:15:18.189547" elapsed="0.001987"/>
</iter>
<iter>
<kw name="Dictionary Should Contain Key" owner="Collections">
<msg time="2024-03-23T16:15:18.192224" level="INFO">False</msg>
<arg>${json_data['results'][0]}</arg>
<arg>${key}</arg>
<doc>Fails if ``key`` is not found from ``dictionary``.</doc>
<status status="PASS" start="2024-03-23T16:15:18.191843" elapsed="0.000418"/>
</kw>
<kw name="Log" owner="BuiltIn">
<msg time="2024-03-23T16:15:18.192949" level="INFO">{'gender': 'male', 'name': {'title': 'Mr', 'first': 'Sølve', 'last': 'Gamst'}, 'location': {'street': {'number': 7277, 'name': 'Sloreåsen'}, 'city': 'Sjåstad', 'state': 'Rogaland', 'country': 'Norway', 'postcode': '2326', 'coordinates': {'latitude': '46.9567', 'longitude': '-114.0537'}, 'timezone': {'offset': '+9:00', 'description': 'Tokyo, Seoul, Osaka, Sapporo, Yakutsk'}}, 'email': 'solve.gamst@example.com', 'login': {'uuid': 'd3ebcba2-4908-48db-abec-39f1f66bd76f', 'username': 'tinypeacock272', 'password': 'poiu', 'salt': 'rMbIFZS7', 'md5': 'c063b7b9c6314a73572983517d81a59a', 'sha1': '80d88c0d7cc4370fdaead6e6e090d72f03cf91af', 'sha256': '0f8626530e14958680956db905657bb07c6d2a9472bba190ffbd2f71d56d8566'}, 'dob': {'date': '1978-01-13T02:04:20.694Z', 'age': 46}, 'registered': {'date': '2022-04-11T23:36:23.149Z', 'age': 1}, 'phone': '83368439', 'cell': '47250366', 'id': {'name': 'FN', 'value': '13017814189'}, 'picture': {'large': 'https://randomuser.me/api/portraits/men/10.jpg', 'medium': 'https://randomuser.me/api/portraits/med/men/10.jpg', 'thumbnail': 'https://randomuser.me/api/portraits/thumb/men/10.jpg'}, 'nat': 'NO'}</msg>
<arg>${json_data['results'][0]}</arg>
<doc>Logs the given message with the given level.</doc>
<status status="PASS" start="2024-03-23T16:15:18.192589" elapsed="0.000408"/>
</kw>
<kw name="Log" owner="BuiltIn">
<msg time="2024-03-23T16:15:18.193460" level="INFO">name</msg>
<arg>${key}</arg>
<doc>Logs the given message with the given level.</doc>
<status status="PASS" start="2024-03-23T16:15:18.193330" elapsed="0.000167"/>
</kw>
<var name="${key}">name</var>
<status status="PASS" start="2024-03-23T16:15:18.191729" elapsed="0.001984"/>
</iter>
<iter>
<kw name="Dictionary Should Contain Key" owner="Collections">
<msg time="2024-03-23T16:15:18.194372" level="INFO">False</msg>
<arg>${json_data['results'][0]}</arg>
<arg>${key}</arg>
<doc>Fails if ``key`` is not found from ``dictionary``.</doc>
<status status="PASS" start="2024-03-23T16:15:18.194000" elapsed="0.000410"/>
</kw>
<kw name="Log" owner="BuiltIn">
<msg time="2024-03-23T16:15:18.195068" level="INFO">{'gender': 'male', 'name': {'title': 'Mr', 'first': 'Sølve', 'last': 'Gamst'}, 'location': {'street': {'number': 7277, 'name': 'Sloreåsen'}, 'city': 'Sjåstad', 'state': 'Rogaland', 'country': 'Norway', 'postcode': '2326', 'coordinates': {'latitude': '46.9567', 'longitude': '-114.0537'}, 'timezone': {'offset': '+9:00', 'description': 'Tokyo, Seoul, Osaka, Sapporo, Yakutsk'}}, 'email': 'solve.gamst@example.com', 'login': {'uuid': 'd3ebcba2-4908-48db-abec-39f1f66bd76f', 'username': 'tinypeacock272', 'password': 'poiu', 'salt': 'rMbIFZS7', 'md5': 'c063b7b9c6314a73572983517d81a59a', 'sha1': '80d88c0d7cc4370fdaead6e6e090d72f03cf91af', 'sha256': '0f8626530e14958680956db905657bb07c6d2a9472bba190ffbd2f71d56d8566'}, 'dob': {'date': '1978-01-13T02:04:20.694Z', 'age': 46}, 'registered': {'date': '2022-04-11T23:36:23.149Z', 'age': 1}, 'phone': '83368439', 'cell': '47250366', 'id': {'name': 'FN', 'value': '13017814189'}, 'picture': {'large': 'https://randomuser.me/api/portraits/men/10.jpg', 'medium': 'https://randomuser.me/api/portraits/med/men/10.jpg', 'thumbnail': 'https://randomuser.me/api/portraits/thumb/men/10.jpg'}, 'nat': 'NO'}</msg>
<arg>${json_data['results'][0]}</arg>
<doc>Logs the given message with the given level.</doc>
<status status="PASS" start="2024-03-23T16:15:18.194705" elapsed="0.000416"/>
</kw>
<kw name="Log" owner="BuiltIn">
<msg time="2024-03-23T16:15:18.195538" level="INFO">location</msg>
<arg>${key}</arg>
<doc>Logs the given message with the given level.</doc>
<status status="PASS" start="2024-03-23T16:15:18.195413" elapsed="0.000163"/>
</kw>
<var name="${key}">location</var>
<status status="PASS" start="2024-03-23T16:15:18.193891" elapsed="0.001897"/>
</iter>
<iter>
<kw name="Dictionary Should Contain Key" owner="Collections">
<msg time="2024-03-23T16:15:18.196448" level="INFO">False</msg>
<arg>${json_data['results'][0]}</arg>
<arg>${key}</arg>
<doc>Fails if ``key`` is not found from ``dictionary``.</doc>
<status status="PASS" start="2024-03-23T16:15:18.196070" elapsed="0.000414"/>
</kw>
<kw name="Log" owner="BuiltIn">
<msg time="2024-03-23T16:15:18.197165" level="INFO">{'gender': 'male', 'name': {'title': 'Mr', 'first': 'Sølve', 'last': 'Gamst'}, 'location': {'street': {'number': 7277, 'name': 'Sloreåsen'}, 'city': 'Sjåstad', 'state': 'Rogaland', 'country': 'Norway', 'postcode': '2326', 'coordinates': {'latitude': '46.9567', 'longitude': '-114.0537'}, 'timezone': {'offset': '+9:00', 'description': 'Tokyo, Seoul, Osaka, Sapporo, Yakutsk'}}, 'email': 'solve.gamst@example.com', 'login': {'uuid': 'd3ebcba2-4908-48db-abec-39f1f66bd76f', 'username': 'tinypeacock272', 'password': 'poiu', 'salt': 'rMbIFZS7', 'md5': 'c063b7b9c6314a73572983517d81a59a', 'sha1': '80d88c0d7cc4370fdaead6e6e090d72f03cf91af', 'sha256': '0f8626530e14958680956db905657bb07c6d2a9472bba190ffbd2f71d56d8566'}, 'dob': {'date': '1978-01-13T02:04:20.694Z', 'age': 46}, 'registered': {'date': '2022-04-11T23:36:23.149Z', 'age': 1}, 'phone': '83368439', 'cell': '47250366', 'id': {'name': 'FN', 'value': '13017814189'}, 'picture': {'large': 'https://randomuser.me/api/portraits/men/10.jpg', 'medium': 'https://randomuser.me/api/portraits/med/men/10.jpg', 'thumbnail': 'https://randomuser.me/api/portraits/thumb/men/10.jpg'}, 'nat': 'NO'}</msg>
<arg>${json_data['results'][0]}</arg>
<doc>Logs the given message with the given level.</doc>
<status status="PASS" start="2024-03-23T16:15:18.196782" elapsed="0.000447"/>
</kw>
<kw name="Log" owner="BuiltIn">
<msg time="2024-03-23T16:15:18.197653" level="INFO">email</msg>
<arg>${key}</arg>
<doc>Logs the given message with the given level.</doc>
<status status="PASS" start="2024-03-23T16:15:18.197526" elapsed="0.000165"/>
</kw>
<var name="${key}">email</var>
<status status="PASS" start="2024-03-23T16:15:18.195960" elapsed="0.001946"/>
</iter>
<iter>
<kw name="Dictionary Should Contain Key" owner="Collections">
<msg time="2024-03-23T16:15:18.198636" level="INFO">False</msg>
<arg>${json_data['results'][0]}</arg>
<arg>${key}</arg>
<doc>Fails if ``key`` is not found from ``dictionary``.</doc>
<status status="PASS" start="2024-03-23T16:15:18.198229" elapsed="0.000444"/>
</kw>
<kw name="Log" owner="BuiltIn">
<msg time="2024-03-23T16:15:18.199330" level="INFO">{'gender': 'male', 'name': {'title': 'Mr', 'first': 'Sølve', 'last': 'Gamst'}, 'location': {'street': {'number': 7277, 'name': 'Sloreåsen'}, 'city': 'Sjåstad', 'state': 'Rogaland', 'country': 'Norway', 'postcode': '2326', 'coordinates': {'latitude': '46.9567', 'longitude': '-114.0537'}, 'timezone': {'offset': '+9:00', 'description': 'Tokyo, Seoul, Osaka, Sapporo, Yakutsk'}}, 'email': 'solve.gamst@example.com', 'login': {'uuid': 'd3ebcba2-4908-48db-abec-39f1f66bd76f', 'username': 'tinypeacock272', 'password': 'poiu', 'salt': 'rMbIFZS7', 'md5': 'c063b7b9c6314a73572983517d81a59a', 'sha1': '80d88c0d7cc4370fdaead6e6e090d72f03cf91af', 'sha256': '0f8626530e14958680956db905657bb07c6d2a9472bba190ffbd2f71d56d8566'}, 'dob': {'date': '1978-01-13T02:04:20.694Z', 'age': 46}, 'registered': {'date': '2022-04-11T23:36:23.149Z', 'age': 1}, 'phone': '83368439', 'cell': '47250366', 'id': {'name': 'FN', 'value': '13017814189'}, 'picture': {'large': 'https://randomuser.me/api/portraits/men/10.jpg', 'medium': 'https://randomuser.me/api/portraits/med/men/10.jpg', 'thumbnail': 'https://randomuser.me/api/portraits/thumb/men/10.jpg'}, 'nat': 'NO'}</msg>
<arg>${json_data['results'][0]}</arg>
<doc>Logs the given message with the given level.</doc>
<status status="PASS" start="2024-03-23T16:15:18.198965" elapsed="0.000412"/>
</kw>
<kw name="Log" owner="BuiltIn">
<msg time="2024-03-23T16:15:18.199791" level="INFO">login</msg>
<arg>${key}</arg>
<doc>Logs the given message with the given level.</doc>
<status status="PASS" start="2024-03-23T16:15:18.199666" elapsed="0.000272"/>
</kw>
<var name="${key}">login</var>
<status status="PASS" start="2024-03-23T16:15:18.198104" elapsed="0.002056"/>
</iter>
<var>${key}</var>
<value>@{expected_keys}</value>
<status status="PASS" start="2024-03-23T16:15:18.189358" elapsed="0.010951"/>
</for>
<kw name="Create List" owner="BuiltIn">
<msg time="2024-03-23T16:15:18.200645" level="INFO">${expected_keysTwo} = ['username', 'password']</msg>
<var>${expected_keysTwo}</var>
<arg>username</arg>
<arg>password</arg>
<doc>Returns a list containing given items.</doc>
<status status="PASS" start="2024-03-23T16:15:18.200508" elapsed="0.000161"/>
</kw>
<for flavor="IN">
<iter>
<kw name="Dictionary Should Contain Key" owner="Collections">
<msg time="2024-03-23T16:15:18.201591" level="INFO">False</msg>
<arg>${json_data['results'][0]['login']}</arg>
<arg>${keyTwo}</arg>
<doc>Fails if ``key`` is not found from ``dictionary``.</doc>
<status status="PASS" start="2024-03-23T16:15:18.201206" elapsed="0.000423"/>
</kw>
<kw name="Dictionary Should Contain Key" owner="Collections">
<msg time="2024-03-23T16:15:18.202328" level="INFO">False</msg>
<arg>${json_data['results'][0]['login']}</arg>
<arg>${keyTwo}</arg>
<doc>Fails if ``key`` is not found from ``dictionary``.</doc>
<status status="PASS" start="2024-03-23T16:15:18.201943" elapsed="0.000422"/>
</kw>
<kw name="Log" owner="BuiltIn">
<msg time="2024-03-23T16:15:18.202786" level="INFO">username</msg>
<arg>${keyTwo}</arg>
<doc>Logs the given message with the given level.</doc>
<status status="PASS" start="2024-03-23T16:15:18.202657" elapsed="0.000166"/>
</kw>
<var name="${keyTwo}">username</var>
<status status="PASS" start="2024-03-23T16:15:18.201066" elapsed="0.001973"/>
</iter>
<iter>
<kw name="Dictionary Should Contain Key" owner="Collections">
<msg time="2024-03-23T16:15:18.203696" level="INFO">False</msg>
<arg>${json_data['results'][0]['login']}</arg>
<arg>${keyTwo}</arg>
<doc>Fails if ``key`` is not found from ``dictionary``.</doc>
<status status="PASS" start="2024-03-23T16:15:18.203321" elapsed="0.000413"/>
</kw>
<kw name="Dictionary Should Contain Key" owner="Collections">
<msg time="2024-03-23T16:15:18.204415" level="INFO">False</msg>
<arg>${json_data['results'][0]['login']}</arg>
<arg>${keyTwo}</arg>
<doc>Fails if ``key`` is not found from ``dictionary``.</doc>
<status status="PASS" start="2024-03-23T16:15:18.204029" elapsed="0.000424"/>
</kw>
<kw name="Log" owner="BuiltIn">
<msg time="2024-03-23T16:15:18.204873" level="INFO">password</msg>
<arg>${keyTwo}</arg>
<doc>Logs the given message with the given level.</doc>
<status status="PASS" start="2024-03-23T16:15:18.204745" elapsed="0.000166"/>
</kw>
<var name="${keyTwo}">password</var>
<status status="PASS" start="2024-03-23T16:15:18.203211" elapsed="0.001936"/>
</iter>
<var>${keyTwo}</var>
<value>@{expected_keysTwo}</value>
<status status="PASS" start="2024-03-23T16:15:18.200904" elapsed="0.004376"/>
</for>
<status status="PASS" start="2024-03-23T16:15:18.095076" elapsed="0.110345"/>
</kw>
<doc>Testa a estrutura da resposta da API.</doc>
<tag>testeEstruturaResposta</tag>
<status status="PASS" start="2024-03-23T16:15:18.094318" elapsed="0.111263"/>
</test>
<test id="s1-s1-t4" name="Validar tipos de dados" line="28">
<kw name="Teste de Tipos de Dados" owner="random-user-service">
<kw name="GET On Session" owner="RequestsLibrary">
<msg time="2024-03-23T16:15:18.293110" level="INFO">GET Request : url=https://randomuser.me/api 
 path_url=/api 
 headers={'User-Agent': 'python-requests/2.31.0', 'Accept-Encoding': 'gzip, deflate', 'Accept': '*/*', 'Connection': 'keep-alive'} 
 body=None 
 </msg>
<msg time="2024-03-23T16:15:18.293236" level="INFO">GET Response : url=https://randomuser.me/api 
 status=200, reason=OK 
 headers={'Date': 'Sat, 23 Mar 2024 16:15:18 GMT', 'Content-Type': 'application/json; charset=utf-8', 'Transfer-Encoding': 'chunked', 'Connection': 'keep-alive', 'X-Powered-By': 'Express', 'Access-Control-Allow-Origin': '*', 'Cache-Control': 'no-cache', 'ETag': 'W/"46d-rKST45KOuAARvMQLqByrnzNYdtM"', 'Vary': 'Accept-Encoding', 'Content-Encoding': 'gzip', 'CF-Cache-Status': 'DYNAMIC', 'Report-To': '{"endpoints":[{"url":"https:\\/\\/a.nel.cloudflare.com\\/report\\/v4?s=qVTm9YTKAUEdXugO5R9uuEYAPlBuUiO32NKTBYWo7A5pTGOCkZUzCZE95GfCrz0GT3ksrQ2EOyKzFN6w0ml43uSMLCX8vkJcY0ox8qE8PymGB3Bws7sgDT4joJJbfPQo"}],"group":"cf-nel","max_age":604800}', 'NEL': '{"success_fraction":0,"report_to":"cf-nel","max_age":604800}', 'Server': 'cloudflare', 'CF-RAY': '868fb82adbdf67e9-SJC', 'alt-svc': 'h3=":443"; ma=86400'} 
 body={"results":[{"gender":"male","name":{"title":"Mr","first":"Necati","last":"Erdoğan"},"location":{"street":{"number":8771,"name":"Fatih Sultan Mehmet Cd"},"city":"Malatya","state":"Samsun","country":"Turkey","postcode":68053,"coordinates":{"latitude":"72.7178","longitude":"-71.2247"},"timezone":{"offset":"+4:30","description":"Kabul"}},"email":"necati.erdogan@example.com","login":{"uuid":"b5aec8aa-293f-42cc-8b4d-fae774edad34","username":"crazysnake947","password":"postal","salt":"iMm7iXXX","md5":"db5feede75d6b84cd1c2a16a823c72d0","sha1":"1315598a6064b7d0ad389de86aed3c4e367b05e4","sha256":"6dc985f3f45e7f8502b5f87f30c43e3e5adb71a73d9fbef18af0dd9001f456e8"},"dob":{"date":"1982-05-15T05:53:31.388Z","age":41},"registered":{"date":"2020-06-25T13:50:21.769Z","age":3},"phone":"(438)-868-2265","cell":"(854)-205-1407","id":{"name":"","value":null},"picture":{"large":"https://randomuser.me/api/portraits/men/44.jpg","medium":"https://randomuser.me/api/portraits/med/men/44.jpg","thumbnail":"https://randomuser.me/api/portraits/thumb/men/44.jpg"},"nat":"TR"}],"info":{"seed":"cbd30bfb95b407e2","results":1,"page":1,"version":"1.4"}} 
 </msg>
<msg time="2024-03-23T16:15:18.293307" level="INFO">/opt/hostedtoolcache/Python/3.12.2/x64/lib/python3.12/site-packages/urllib3/connectionpool.py:1103: InsecureRequestWarning: Unverified HTTPS request is being made to host 'randomuser.me'. Adding certificate verification is strongly advised. See: https://urllib3.readthedocs.io/en/latest/advanced-usage.html#tls-warnings
  warnings.warn(</msg>
<msg time="2024-03-23T16:15:18.293428" level="INFO">${response} = &lt;Response [200]&gt;</msg>
<var>${response}</var>
<arg>consultarAPI</arg>
<arg>/api</arg>
<doc>Sends a GET request on a previously created HTTP Session.</doc>
<status status="PASS" start="2024-03-23T16:15:18.208113" elapsed="0.085356"/>
</kw>
<kw name="Set Variable" owner="BuiltIn">
<msg time="2024-03-23T16:15:18.294649" level="INFO">${json_data} = {'results': [{'gender': 'male', 'name': {'title': 'Mr', 'first': 'Necati', 'last': 'Erdoğan'}, 'location': {'street': {'number': 8771, 'name': 'Fatih Sultan Mehmet Cd'}, 'city': 'Malatya', 'state': 'S...</msg>
<var>${json_data}</var>
<arg>${response.json()}</arg>
<doc>Returns the given values which can then be assigned to a variables.</doc>
<status status="PASS" start="2024-03-23T16:15:18.294087" elapsed="0.000593"/>
</kw>
<kw name="Log" owner="BuiltIn">
<msg time="2024-03-23T16:15:18.295171" level="INFO">{'results': [{'gender': 'male', 'name': {'title': 'Mr', 'first': 'Necati', 'last': 'Erdoğan'}, 'location': {'street': {'number': 8771, 'name': 'Fatih Sultan Mehmet Cd'}, 'city': 'Malatya', 'state': 'Samsun', 'country': 'Turkey', 'postcode': 68053, 'coordinates': {'latitude': '72.7178', 'longitude': '-71.2247'}, 'timezone': {'offset': '+4:30', 'description': 'Kabul'}}, 'email': 'necati.erdogan@example.com', 'login': {'uuid': 'b5aec8aa-293f-42cc-8b4d-fae774edad34', 'username': 'crazysnake947', 'password': 'postal', 'salt': 'iMm7iXXX', 'md5': 'db5feede75d6b84cd1c2a16a823c72d0', 'sha1': '1315598a6064b7d0ad389de86aed3c4e367b05e4', 'sha256': '6dc985f3f45e7f8502b5f87f30c43e3e5adb71a73d9fbef18af0dd9001f456e8'}, 'dob': {'date': '1982-05-15T05:53:31.388Z', 'age': 41}, 'registered': {'date': '2020-06-25T13:50:21.769Z', 'age': 3}, 'phone': '(438)-868-2265', 'cell': '(854)-205-1407', 'id': {'name': '', 'value': None}, 'picture': {'large': 'https://randomuser.me/api/portraits/men/44.jpg', 'medium': 'https://randomuser.me/api/portraits/med/men/44.jpg', 'thumbnail': 'https://randomuser.me/api/portraits/thumb/men/44.jpg'}, 'nat': 'TR'}], 'info': {'seed': 'cbd30bfb95b407e2', 'results': 1, 'page': 1, 'version': '1.4'}}</msg>
<arg>${json_data}</arg>
<doc>Logs the given message with the given level.</doc>
<status status="PASS" start="2024-03-23T16:15:18.295004" elapsed="0.000256"/>
</kw>
<kw name="Should Be String" owner="String">
<arg>${json_data['results'][0]['gender']}</arg>
<doc>Fails if the given ``item`` is not a string.</doc>
<status status="PASS" start="2024-03-23T16:15:18.295571" elapsed="0.000383"/>
</kw>
<kw name="Should Match Regexp" owner="BuiltIn">
<arg>${json_data['results'][0]['email']}</arg>
<arg>^[a-zA-Z0-9._%+-]+@[a-zA-Z0-9.-]+\.[a-zA-Z]{2,}$</arg>
<doc>Fails if ``string`` does not match ``pattern`` as a regular expression.</doc>
<status status="PASS" start="2024-03-23T16:15:18.296153" elapsed="0.000520"/>
</kw>
<kw name="Should Match Regexp" owner="BuiltIn">
<arg>${json_data['results'][0]['dob']['date']}</arg>
<arg>\\d{4}-\\d{2}-\\d{2}T\\d{2}:\\d{2}:\\d{2}\\.\\d{3}Z</arg>
<doc>Fails if ``string`` does not match ``pattern`` as a regular expression.</doc>
<status status="PASS" start="2024-03-23T16:15:18.296874" elapsed="0.000527"/>
</kw>
<kw name="Should Match Regexp" owner="BuiltIn">
<arg>${json_data['results'][0]['registered']['date']}</arg>
<arg>\\d{4}-\\d{2}-\\d{2}T\\d{2}:\\d{2}:\\d{2}\\.\\d{3}Z</arg>
<doc>Fails if ``string`` does not match ``pattern`` as a regular expression.</doc>
<status status="PASS" start="2024-03-23T16:15:18.297599" elapsed="0.000380"/>
</kw>
<kw name="Should Match Regexp" owner="BuiltIn">
<arg>${json_data['results'][0]['picture']['large']}</arg>
<arg>^https?://.*\.(?:png|jpe?g|gif|bmp)$</arg>
<doc>Fails if ``string`` does not match ``pattern`` as a regular expression.</doc>
<status status="PASS" start="2024-03-23T16:15:18.298169" elapsed="0.000464"/>
</kw>
<kw name="Should Match Regexp" owner="BuiltIn">
<arg>${json_data['results'][0]['picture']['medium']}</arg>
<arg>^https?://.*\.(?:png|jpe?g|gif|bmp)$</arg>
<doc>Fails if ``string`` does not match ``pattern`` as a regular expression.</doc>
<status status="PASS" start="2024-03-23T16:15:18.298826" elapsed="0.000363"/>
</kw>
<kw name="Should Match Regexp" owner="BuiltIn">
<arg>${json_data['results'][0]['picture']['thumbnail']}</arg>
<arg>^https?://.*\.(?:png|jpe?g|gif|bmp)$</arg>
<doc>Fails if ``string`` does not match ``pattern`` as a regular expression.</doc>
<status status="PASS" start="2024-03-23T16:15:18.299375" elapsed="0.000394"/>
</kw>
<kw name="Log" owner="BuiltIn">
<msg time="2024-03-23T16:15:18.300314" level="INFO">{'large': 'https://randomuser.me/api/portraits/men/44.jpg', 'medium': 'https://randomuser.me/api/portraits/med/men/44.jpg', 'thumbnail': 'https://randomuser.me/api/portraits/thumb/men/44.jpg'}</msg>
<arg>${json_data['results'][0]['picture']}</arg>
<doc>Logs the given message with the given level.</doc>
<status status="PASS" start="2024-03-23T16:15:18.299968" elapsed="0.000396"/>
</kw>
<status status="PASS" start="2024-03-23T16:15:18.207884" elapsed="0.092741"/>
</kw>
<kw name="Teste de Tipos de Dados - Postcode" owner="random-user-service">
<kw name="GET On Session" owner="RequestsLibrary">
<msg time="2024-03-23T16:15:18.398358" level="INFO">GET Request : url=https://randomuser.me/api 
 path_url=/api 
 headers={'User-Agent': 'python-requests/2.31.0', 'Accept-Encoding': 'gzip, deflate', 'Accept': '*/*', 'Connection': 'keep-alive'} 
 body=None 
 </msg>
<msg time="2024-03-23T16:15:18.398426" level="INFO">GET Response : url=https://randomuser.me/api 
 status=200, reason=OK 
 headers={'Date': 'Sat, 23 Mar 2024 16:15:18 GMT', 'Content-Type': 'application/json; charset=utf-8', 'Transfer-Encoding': 'chunked', 'Connection': 'keep-alive', 'X-Powered-By': 'Express', 'Access-Control-Allow-Origin': '*', 'Cache-Control': 'no-cache', 'ETag': 'W/"49a-BnnJjlX6Ank8DiSjd2E5bajkJ/Q"', 'Vary': 'Accept-Encoding', 'Content-Encoding': 'gzip', 'CF-Cache-Status': 'DYNAMIC', 'Report-To': '{"endpoints":[{"url":"https:\\/\\/a.nel.cloudflare.com\\/report\\/v4?s=cbXuZZvcWPxj5D6kcF2o3RbxQVtwGD6%2FSvDyCZzBtVR2wKdBzmc40nr52jm89weE3Er4z9Pc04nBssDoHSB7RJEXiMmJ5AI18p6KGjf0nGBNykcqRNdxzGZsCJCwSEcy"}],"group":"cf-nel","max_age":604800}', 'NEL': '{"success_fraction":0,"report_to":"cf-nel","max_age":604800}', 'Server': 'cloudflare', 'CF-RAY': '868fb82b6c8767e9-SJC', 'alt-svc': 'h3=":443"; ma=86400'} 
 body={"results":[{"gender":"female","name":{"title":"Ms","first":"Urea","last":"Cardoso"},"location":{"street":{"number":8648,"name":"Rua Três"},"city":"Sete Lagoas","state":"Rio Grande do Norte","country":"Brazil","postcode":21655,"coordinates":{"latitude":"-74.8000","longitude":"47.3333"},"timezone":{"offset":"+2:00","description":"Kaliningrad, South Africa"}},"email":"urea.cardoso@example.com","login":{"uuid":"e2c8dedb-27dd-4cef-94d2-c7ed6e56f79a","username":"blackrabbit515","password":"slapshot","salt":"C2ZX491q","md5":"a211bb97f8d3e7712e61ed56ac3b6ce3","sha1":"d384fb5cfd2e8a2865eaff3fef33dd8ed9481830","sha256":"d1e6543cefbe9f9c11528a87a6318de883fd2dc8a957421f7e27cfdc732b77d7"},"dob":{"date":"1997-05-10T23:02:50.720Z","age":26},"registered":{"date":"2019-08-12T18:18:23.313Z","age":4},"phone":"(93) 3946-6820","cell":"(90) 3652-0146","id":{"name":"CPF","value":"198.839.145-70"},"picture":{"large":"https://randomuser.me/api/portraits/women/36.jpg","medium":"https://randomuser.me/api/portraits/med/women/36.jpg","thumbnail":"https://randomuser.me/api/portraits/thumb/women/36.jpg"},"nat":"BR"}],"info":{"seed":"eca15e3d0e8b0fcc","results":1,"page":1,"version":"1.4"}} 
 </msg>
<msg time="2024-03-23T16:15:18.398495" level="INFO">/opt/hostedtoolcache/Python/3.12.2/x64/lib/python3.12/site-packages/urllib3/connectionpool.py:1103: InsecureRequestWarning: Unverified HTTPS request is being made to host 'randomuser.me'. Adding certificate verification is strongly advised. See: https://urllib3.readthedocs.io/en/latest/advanced-usage.html#tls-warnings
  warnings.warn(</msg>
<msg time="2024-03-23T16:15:18.398589" level="INFO">${response} = &lt;Response [200]&gt;</msg>
<var>${response}</var>
<arg>consultarAPI</arg>
<arg>/api</arg>
<doc>Sends a GET request on a previously created HTTP Session.</doc>
<status status="PASS" start="2024-03-23T16:15:18.301261" elapsed="0.097369"/>
</kw>
<kw name="Set Variable" owner="BuiltIn">
<msg time="2024-03-23T16:15:18.399650" level="INFO">${json_data} = {'results': [{'gender': 'female', 'name': {'title': 'Ms', 'first': 'Urea', 'last': 'Cardoso'}, 'location': {'street': {'number': 8648, 'name': 'Rua Três'}, 'city': 'Sete Lagoas', 'state': 'Rio Grande ...</msg>
<var>${json_data}</var>
<arg>${response.json()}</arg>
<doc>Returns the given values which can then be assigned to a variables.</doc>
<status status="PASS" start="2024-03-23T16:15:18.399092" elapsed="0.000587"/>
</kw>
<kw name="Log" owner="BuiltIn">
<msg time="2024-03-23T16:15:18.400148" level="INFO">{'results': [{'gender': 'female', 'name': {'title': 'Ms', 'first': 'Urea', 'last': 'Cardoso'}, 'location': {'street': {'number': 8648, 'name': 'Rua Três'}, 'city': 'Sete Lagoas', 'state': 'Rio Grande do Norte', 'country': 'Brazil', 'postcode': 21655, 'coordinates': {'latitude': '-74.8000', 'longitude': '47.3333'}, 'timezone': {'offset': '+2:00', 'description': 'Kaliningrad, South Africa'}}, 'email': 'urea.cardoso@example.com', 'login': {'uuid': 'e2c8dedb-27dd-4cef-94d2-c7ed6e56f79a', 'username': 'blackrabbit515', 'password': 'slapshot', 'salt': 'C2ZX491q', 'md5': 'a211bb97f8d3e7712e61ed56ac3b6ce3', 'sha1': 'd384fb5cfd2e8a2865eaff3fef33dd8ed9481830', 'sha256': 'd1e6543cefbe9f9c11528a87a6318de883fd2dc8a957421f7e27cfdc732b77d7'}, 'dob': {'date': '1997-05-10T23:02:50.720Z', 'age': 26}, 'registered': {'date': '2019-08-12T18:18:23.313Z', 'age': 4}, 'phone': '(93) 3946-6820', 'cell': '(90) 3652-0146', 'id': {'name': 'CPF', 'value': '198.839.145-70'}, 'picture': {'large': 'https://randomuser.me/api/portraits/women/36.jpg', 'medium': 'https://randomuser.me/api/portraits/med/women/36.jpg', 'thumbnail': 'https://randomuser.me/api/portraits/thumb/women/36.jpg'}, 'nat': 'BR'}], 'info': {'seed': 'eca15e3d0e8b0fcc', 'results': 1, 'page': 1, 'version': '1.4'}}</msg>
<arg>${json_data}</arg>
<doc>Logs the given message with the given level.</doc>
<status status="PASS" start="2024-03-23T16:15:18.399988" elapsed="0.000208"/>
</kw>
<kw name="Should Be Equal As Numbers" owner="BuiltIn">
<arg>${json_data['results'][0]['location']['postcode']}</arg>
<arg>${json_data['results'][0]['location']['postcode']}</arg>
<doc>Fails if objects are unequal after converting them to real numbers.</doc>
<status status="PASS" start="2024-03-23T16:15:18.400494" elapsed="0.000696"/>
</kw>
<kw name="Log" owner="BuiltIn">
<msg time="2024-03-23T16:15:18.401745" level="INFO">21655</msg>
<arg>${json_data['results'][0]['location']['postcode']}</arg>
<doc>Logs the given message with the given level.</doc>
<status status="PASS" start="2024-03-23T16:15:18.401403" elapsed="0.000382"/>
</kw>
<status status="PASS" start="2024-03-23T16:15:18.300857" elapsed="0.101184"/>
</kw>
<doc>Testa se os tipos de dados na resposta da API estão corretos.</doc>
<tag>testeTiposDados</tag>
<status status="PASS" start="2024-03-23T16:15:18.207324" elapsed="0.194882"/>
</test>
<test id="s1-s1-t5" name="Validar conteudo" line="35">
<kw name="Teste de Tipos de Conteudo" owner="random-user-service">
<kw name="GET On Session" owner="RequestsLibrary">
<msg time="2024-03-23T16:15:18.497739" level="INFO">GET Request : url=https://randomuser.me/api 
 path_url=/api 
 headers={'User-Agent': 'python-requests/2.31.0', 'Accept-Encoding': 'gzip, deflate', 'Accept': '*/*', 'Connection': 'keep-alive'} 
 body=None 
 </msg>
<msg time="2024-03-23T16:15:18.497822" level="INFO">GET Response : url=https://randomuser.me/api 
 status=200, reason=OK 
 headers={'Date': 'Sat, 23 Mar 2024 16:15:18 GMT', 'Content-Type': 'application/json; charset=utf-8', 'Transfer-Encoding': 'chunked', 'Connection': 'keep-alive', 'X-Powered-By': 'Express', 'Access-Control-Allow-Origin': '*', 'Cache-Control': 'no-cache', 'ETag': 'W/"498-lWc2xM2VNV/mdw1+ZdFl9QhbcaE"', 'Vary': 'Accept-Encoding', 'Content-Encoding': 'gzip', 'CF-Cache-Status': 'DYNAMIC', 'Report-To': '{"endpoints":[{"url":"https:\\/\\/a.nel.cloudflare.com\\/report\\/v4?s=cF5gfiHBOzp9g4vgXcDngkRpfKMlLwn74NviiBhsqw6KsvRG%2FEXEz00HSHbMylQ2grtgHYqm7pgX0%2FdBGInKzRYNbUu%2BJQaqu4Ye3LJmDp5Kevg%2FiRq0%2FFaXKaLoiSml"}],"group":"cf-nel","max_age":604800}', 'NEL': '{"success_fraction":0,"report_to":"cf-nel","max_age":604800}', 'Server': 'cloudflare', 'CF-RAY': '868fb82c0d1c67e9-SJC', 'alt-svc': 'h3=":443"; ma=86400'} 
 body={"results":[{"gender":"female","name":{"title":"Miss","first":"Ronja","last":"Hautala"},"location":{"street":{"number":199,"name":"Siilitie"},"city":"Rautavaara","state":"Lapland","country":"Finland","postcode":80171,"coordinates":{"latitude":"-28.5135","longitude":"59.4379"},"timezone":{"offset":"+10:00","description":"Eastern Australia, Guam, Vladivostok"}},"email":"ronja.hautala@example.com","login":{"uuid":"c25f0cb4-c339-41a3-8906-8f2d3439b476","username":"happyleopard991","password":"1201","salt":"ooKgOnXJ","md5":"03f3011bf25c58890e6c17fb787e40ed","sha1":"091b97c3daaee6149fcbe2d1d7749293bb9538f8","sha256":"1d8e9673501fd333053547618012a5237cdc3af2b7d5ae09eff88df9c18f5d97"},"dob":{"date":"1953-06-04T19:30:00.488Z","age":70},"registered":{"date":"2018-12-30T15:17:02.206Z","age":5},"phone":"04-167-244","cell":"040-321-25-59","id":{"name":"HETU","value":"NaNNA930undefined"},"picture":{"large":"https://randomuser.me/api/portraits/women/21.jpg","medium":"https://randomuser.me/api/portraits/med/women/21.jpg","thumbnail":"https://randomuser.me/api/portraits/thumb/women/21.jpg"},"nat":"FI"}],"info":{"seed":"a6b2ca390030d9d7","results":1,"page":1,"version":"1.4"}} 
 </msg>
<msg time="2024-03-23T16:15:18.497906" level="INFO">/opt/hostedtoolcache/Python/3.12.2/x64/lib/python3.12/site-packages/urllib3/connectionpool.py:1103: InsecureRequestWarning: Unverified HTTPS request is being made to host 'randomuser.me'. Adding certificate verification is strongly advised. See: https://urllib3.readthedocs.io/en/latest/advanced-usage.html#tls-warnings
  warnings.warn(</msg>
<msg time="2024-03-23T16:15:18.498020" level="INFO">${response} = &lt;Response [200]&gt;</msg>
<var>${response}</var>
<arg>consultarAPI</arg>
<arg>/api</arg>
<doc>Sends a GET request on a previously created HTTP Session.</doc>
<status status="PASS" start="2024-03-23T16:15:18.405457" elapsed="0.092603"/>
</kw>
<kw name="Set Variable" owner="BuiltIn">
<msg time="2024-03-23T16:15:18.498977" level="INFO">${json_data} = {'results': [{'gender': 'female', 'name': {'title': 'Miss', 'first': 'Ronja', 'last': 'Hautala'}, 'location': {'street': {'number': 199, 'name': 'Siilitie'}, 'city': 'Rautavaara', 'state': 'Lapland', ...</msg>
<var>${json_data}</var>
<arg>${response.json()}</arg>
<doc>Returns the given values which can then be assigned to a variables.</doc>
<status status="PASS" start="2024-03-23T16:15:18.498541" elapsed="0.000463"/>
</kw>
<kw name="Set Variable" owner="BuiltIn">
<msg time="2024-03-23T16:15:18.499689" level="INFO">${name_title} = Miss</msg>
<var>${name_title}</var>
<arg>${json_data["results"][0]["name"]["title"]}</arg>
<doc>Returns the given values which can then be assigned to a variables.</doc>
<status status="PASS" start="2024-03-23T16:15:18.499310" elapsed="0.000403"/>
</kw>
<kw name="Create List" owner="BuiltIn">
<msg time="2024-03-23T16:15:18.500162" level="INFO">${allowed_titles} = ['Mr', 'Ms', 'Miss', 'Mrs', 'Madame', 'Monsieur']</msg>
<var>${allowed_titles}</var>
<arg>Mr</arg>
<arg>Ms</arg>
<arg>Miss</arg>
<arg>Mrs</arg>
<arg>Madame</arg>
<arg>Monsieur</arg>
<doc>Returns a list containing given items.</doc>
<status status="PASS" start="2024-03-23T16:15:18.500011" elapsed="0.000175"/>
</kw>
<kw name="List Should Contain Value" owner="Collections">
<msg time="2024-03-23T16:15:18.500669" level="INFO">False</msg>
<arg>${allowed_titles}</arg>
<arg>${name_title}</arg>
<doc>Fails if the ``value`` is not found from ``list``.</doc>
<status status="PASS" start="2024-03-23T16:15:18.500494" elapsed="0.000211"/>
</kw>
<kw name="Set Variable" owner="BuiltIn">
<msg time="2024-03-23T16:15:18.501418" level="INFO">${name_country} = FI</msg>
<var>${name_country}</var>
<arg>${json_data["results"][0]["nat"]}</arg>
<doc>Returns the given values which can then be assigned to a variables.</doc>
<status status="PASS" start="2024-03-23T16:15:18.500989" elapsed="0.000454"/>
</kw>
<kw name="Create List" owner="BuiltIn">
<msg time="2024-03-23T16:15:18.502349" level="INFO">${list_country} = ['AD', 'AE', 'AF', 'AG', 'AI', 'AL', 'AM', 'AO', 'AQ', 'AR', 'AS', 'AT', 'AU', 'AW', 'AX', 'AZ', 'BA', 'BB', 'BD', 'BE', 'BF', 'BG', 'BH', 'BI', 'BJ', 'BL', 'BM', 'BN', 'BO', 'BQ', 'BR', 'BS', 'BT', '...</msg>
<var>${list_country}</var>
<arg>AD</arg>
<arg>AE</arg>
<arg>AF</arg>
<arg>AG</arg>
<arg>AI</arg>
<arg>AL</arg>
<arg>AM</arg>
<arg>AO</arg>
<arg>AQ</arg>
<arg>AR</arg>
<arg>AS</arg>
<arg>AT</arg>
<arg>AU</arg>
<arg>AW</arg>
<arg>AX</arg>
<arg>AZ</arg>
<arg>BA</arg>
<arg>BB</arg>
<arg>BD</arg>
<arg>BE</arg>
<arg>BF</arg>
<arg>BG</arg>
<arg>BH</arg>
<arg>BI</arg>
<arg>BJ</arg>
<arg>BL</arg>
<arg>BM</arg>
<arg>BN</arg>
<arg>BO</arg>
<arg>BQ</arg>
<arg>BR</arg>
<arg>BS</arg>
<arg>BT</arg>
<arg>BV</arg>
<arg>BW</arg>
<arg>BY</arg>
<arg>BZ</arg>
<arg>CA</arg>
<arg>CC</arg>
<arg>CD</arg>
<arg>CF</arg>
<arg>CG</arg>
<arg>CH</arg>
<arg>CI</arg>
<arg>CK</arg>
<arg>CL</arg>
<arg>CM</arg>
<arg>CN</arg>
<arg>CO</arg>
<arg>CR</arg>
<arg>CU</arg>
<arg>CV</arg>
<arg>CW</arg>
<arg>CX</arg>
<arg>CY</arg>
<arg>CZ</arg>
<arg>DE</arg>
<arg>DJ</arg>
<arg>DK</arg>
<arg>DM</arg>
<arg>DO</arg>
<arg>DZ</arg>
<arg>EC</arg>
<arg>EE</arg>
<arg>EG</arg>
<arg>EH</arg>
<arg>ER</arg>
<arg>ES</arg>
<arg>ET</arg>
<arg>FI</arg>
<arg>FJ</arg>
<arg>FK</arg>
<arg>FM</arg>
<arg>FO</arg>
<arg>FR</arg>
<arg>GA</arg>
<arg>GB</arg>
<arg>GD</arg>
<arg>GE</arg>
<arg>GF</arg>
<arg>GG</arg>
<arg>GH</arg>
<arg>GI</arg>
<arg>GL</arg>
<arg>GM</arg>
<arg>GN</arg>
<arg>GP</arg>
<arg>GQ</arg>
<arg>GR</arg>
<arg>GS</arg>
<arg>GT</arg>
<arg>GU</arg>
<arg>GW</arg>
<arg>GY</arg>
<arg>HK</arg>
<arg>HM</arg>
<arg>HN</arg>
<arg>HR</arg>
<arg>HT</arg>
<arg>HU</arg>
<arg>ID</arg>
<arg>IE</arg>
<arg>IL</arg>
<arg>IM</arg>
<arg>IN</arg>
<arg>IO</arg>
<arg>IQ</arg>
<arg>IR</arg>
<arg>IS</arg>
<arg>IT</arg>
<arg>JE</arg>
<arg>JM</arg>
<arg>JO</arg>
<arg>JP</arg>
<arg>KE</arg>
<arg>KG</arg>
<arg>KH</arg>
<arg>KI</arg>
<arg>KM</arg>
<arg>KN</arg>
<arg>KP</arg>
<arg>KR</arg>
<arg>KW</arg>
<arg>KY</arg>
<arg>KZ</arg>
<arg>LA</arg>
<arg>LB</arg>
<arg>LC</arg>
<arg>LI</arg>
<arg>LK</arg>
<arg>LR</arg>
<arg>LS</arg>
<arg>LT</arg>
<arg>LU</arg>
<arg>LV</arg>
<arg>LY</arg>
<arg>MA</arg>
<arg>MC</arg>
<arg>MD</arg>
<arg>ME</arg>
<arg>MF</arg>
<arg>MG</arg>
<arg>MH</arg>
<arg>MK</arg>
<arg>ML</arg>
<arg>MM</arg>
<arg>MN</arg>
<arg>MO</arg>
<arg>MP</arg>
<arg>MQ</arg>
<arg>MR</arg>
<arg>MS</arg>
<arg>MT</arg>
<arg>MU</arg>
<arg>MV</arg>
<arg>MW</arg>
<arg>MX</arg>
<arg>MY</arg>
<arg>MZ</arg>
<arg>NA</arg>
<arg>NC</arg>
<arg>NE</arg>
<arg>NF</arg>
<arg>NG</arg>
<arg>NI</arg>
<arg>NL</arg>
<arg>NO</arg>
<arg>NP</arg>
<arg>NR</arg>
<arg>NU</arg>
<arg>NZ</arg>
<arg>OM</arg>
<arg>PA</arg>
<arg>PE</arg>
<arg>PF</arg>
<arg>PG</arg>
<arg>PH</arg>
<arg>PK</arg>
<arg>PL</arg>
<arg>PM</arg>
<arg>PN</arg>
<arg>PR</arg>
<arg>PS</arg>
<arg>PT</arg>
<arg>PW</arg>
<arg>PY</arg>
<arg>QA</arg>
<arg>RE</arg>
<arg>RO</arg>
<arg>RS</arg>
<arg>RU</arg>
<arg>RW</arg>
<arg>SA</arg>
<arg>SB</arg>
<arg>SC</arg>
<arg>SD</arg>
<arg>SE</arg>
<arg>SG</arg>
<arg>SH</arg>
<arg>SI</arg>
<arg>SJ</arg>
<arg>SK</arg>
<arg>SL</arg>
<arg>SM</arg>
<arg>SN</arg>
<arg>SO</arg>
<arg>SR</arg>
<arg>SS</arg>
<arg>ST</arg>
<arg>SV</arg>
<arg>SX</arg>
<arg>SY</arg>
<arg>SZ</arg>
<arg>TC</arg>
<arg>TD</arg>
<arg>TF</arg>
<arg>TG</arg>
<arg>TH</arg>
<arg>TJ</arg>
<arg>TK</arg>
<arg>TL</arg>
<arg>TM</arg>
<arg>TN</arg>
<arg>TO</arg>
<arg>TR</arg>
<arg>TT</arg>
<arg>TV</arg>
<arg>TW</arg>
<arg>TZ</arg>
<arg>UA</arg>
<arg>UG</arg>
<arg>UM</arg>
<arg>US</arg>
<arg>UY</arg>
<arg>UZ</arg>
<arg>VA</arg>
<arg>VC</arg>
<arg>VE</arg>
<arg>VG</arg>
<arg>VI</arg>
<arg>VN</arg>
<arg>VU</arg>
<arg>WF</arg>
<arg>WS</arg>
<arg>XK</arg>
<arg>YE</arg>
<arg>YT</arg>
<arg>ZA</arg>
<arg>ZM</arg>
<arg>ZW</arg>
<doc>Returns a list containing given items.</doc>
<status status="PASS" start="2024-03-23T16:15:18.501752" elapsed="0.000622"/>
</kw>
<kw name="List Should Contain Value" owner="Collections">
<msg time="2024-03-23T16:15:18.503455" level="INFO">False</msg>
<arg>${list_country}</arg>
<arg>${name_country}</arg>
<doc>Fails if the ``value`` is not found from ``list``.</doc>
<status status="PASS" start="2024-03-23T16:15:18.503254" elapsed="0.000237"/>
</kw>
<kw name="Run Keyword If" owner="BuiltIn">
<kw name="Should Be True" owner="BuiltIn">
<arg>${True}</arg>
<doc>Fails if the given condition is not true.</doc>
<status status="PASS" start="2024-03-23T16:15:18.504566" elapsed="0.000146"/>
</kw>
<arg>${json_data["results"][0]["location"]["coordinates"]["latitude"]} &gt;= -90 and ${json_data["results"][0]["location"]["coordinates"]["latitude"]} &lt;= 90</arg>
<arg>Should Be True</arg>
<arg>${True}</arg>
<doc>Runs the given keyword with the given arguments, if ``condition`` is true.</doc>
<status status="PASS" start="2024-03-23T16:15:18.503801" elapsed="0.001041"/>
</kw>
<kw name="Run Keyword If" owner="BuiltIn">
<kw name="Should Be True" owner="BuiltIn">
<arg>${True}</arg>
<doc>Fails if the given condition is not true.</doc>
<status status="PASS" start="2024-03-23T16:15:18.505769" elapsed="0.000140"/>
</kw>
<arg>${json_data["results"][0]["location"]["coordinates"]["longitude"]} &gt;= -180 and ${json_data["results"][0]["location"]["coordinates"]["longitude"]} &lt;= 180</arg>
<arg>Should Be True</arg>
<arg>${True}</arg>
<doc>Runs the given keyword with the given arguments, if ``condition`` is true.</doc>
<status status="PASS" start="2024-03-23T16:15:18.505028" elapsed="0.001006"/>
</kw>
<status status="PASS" start="2024-03-23T16:15:18.405054" elapsed="0.101109"/>
</kw>
<doc>Testa o conteúdo específico dos campos retornados pela API.</doc>
<tag>testeConteudo</tag>
<status status="PASS" start="2024-03-23T16:15:18.404352" elapsed="0.101955"/>
</test>
<status status="PASS" start="2024-03-23T16:15:17.512195" elapsed="0.996047"/>
</suite>
<status status="PASS" start="2024-03-23T16:15:17.498586" elapsed="1.014952"/>
</suite>
<statistics>
<total>
<stat pass="5" fail="0" skip="0">All Tests</stat>
</total>
<tag>
<stat pass="1" fail="0" skip="0">testeConteudo</stat>
<stat pass="1" fail="0" skip="0">testeEstruturaResposta</stat>
<stat pass="1" fail="0" skip="0">testeRequisicaoBasica</stat>
<stat pass="1" fail="0" skip="0">testeTiposDados</stat>
</tag>
<suite>
<stat pass="5" fail="0" skip="0" id="s1" name="Tests">Tests</stat>
<stat pass="5" fail="0" skip="0" id="s1-s1" name="Random-User-Test">Tests.Random-User-Test</stat>
</suite>
</statistics>
<errors>
</errors>
</robot>
