<?xml version="1.0" encoding="UTF-8"?>
<robot generator="Robot 7.0 (Python 3.12.3 on linux)" generated="2024-05-26T04:16:55.286736" rpa="false" schemaversion="5">
<suite id="s1" name="Tests" source="/home/runner/work/ApiRandomUser/ApiRandomUser/RamdonUser/tests">
<suite id="s1-s1" name="Random-User-Test" source="/home/runner/work/ApiRandomUser/ApiRandomUser/RamdonUser/tests/random-user-test.robot">
<test id="s1-s1-t1" name="Conectar" line="13">
<kw name="Conectar API" owner="random-user-service">
<kw name="Create Session" owner="RequestsLibrary">
<msg time="2024-05-26T04:16:55.672821" level="INFO">Creating Session using : alias=consultarAPI, url=https://randomuser.me/, headers={},                     cookies={}, auth=None, timeout=None, proxies=None, verify=False,                     debug=0 </msg>
<arg>consultarAPI</arg>
<arg>${URL}</arg>
<doc>Create Session: create a HTTP session to a server</doc>
<status status="PASS" start="2024-05-26T04:16:55.672608" elapsed="0.000400"/>
</kw>
<status status="PASS" start="2024-05-26T04:16:55.671186" elapsed="0.002182"/>
</kw>
<status status="PASS" start="2024-05-26T04:16:55.670635" elapsed="0.002928"/>
</test>
<test id="s1-s1-t2" name="Validar retorno 200 e JSON Válido" line="16">
<kw name="Teste de Requisicao Basica" owner="random-user-service">
<kw name="GET On Session" owner="RequestsLibrary">
<msg time="2024-05-26T04:16:56.049290" level="INFO">GET Request : url=https://randomuser.me/api 
 path_url=/api 
 headers={'User-Agent': 'python-requests/2.32.2', 'Accept-Encoding': 'gzip, deflate', 'Accept': '*/*', 'Connection': 'keep-alive'} 
 body=None 
 </msg>
<msg time="2024-05-26T04:16:56.049466" level="INFO">GET Response : url=https://randomuser.me/api 
 status=200, reason=OK 
 headers={'Date': 'Sun, 26 May 2024 04:16:56 GMT', 'Content-Type': 'application/json; charset=utf-8', 'Transfer-Encoding': 'chunked', 'Connection': 'keep-alive', 'X-Powered-By': 'Express', 'Access-Control-Allow-Origin': '*', 'Cache-Control': 'no-cache', 'ETag': 'W/"495-3lSejpm5FpKGsXakfAookXQx/Fk"', 'Vary': 'Accept-Encoding', 'Content-Encoding': 'gzip', 'CF-Cache-Status': 'DYNAMIC', 'Report-To': '{"endpoints":[{"url":"https:\\/\\/a.nel.cloudflare.com\\/report\\/v4?s=6vwhs8H6yFM5ESuOCOwXIpjssNpduZOBJzG8TBuAv6YoF3gGSWxDOOwuNmvZNqGLzVE1calZXGtiuVjyjoe5kpYbU0ItHp3pHobKUTAxC56hcs94%2F3kn5GFUUFD3pVQ%2F"}],"group":"cf-nel","max_age":604800}', 'NEL': '{"success_fraction":0,"report_to":"cf-nel","max_age":604800}', 'Server': 'cloudflare', 'CF-RAY': '889af3de19d07fc3-IAD', 'alt-svc': 'h3=":443"; ma=86400'} 
 body={"results":[{"gender":"female","name":{"title":"Ms","first":"Juliette","last":"Park"},"location":{"street":{"number":4341,"name":"Concession Road 6"},"city":"Princeton","state":"Saskatchewan","country":"Canada","postcode":"X3J 4S8","coordinates":{"latitude":"-68.5025","longitude":"102.1679"},"timezone":{"offset":"-12:00","description":"Eniwetok, Kwajalein"}},"email":"juliette.park@example.com","login":{"uuid":"abe065ad-eb95-4ee6-8770-157501666a5d","username":"beautifulbutterfly413","password":"iscool","salt":"RMv33AqE","md5":"e05c7d95ea234dccf8ef998020c1cd2c","sha1":"bec5e582e2b9219e11c1cbad2f77fbcef1d4c33b","sha256":"86cf847027db2d775f97b40dd3eb22b40fedd617b64c1b1aeffac3796d34c1b9"},"dob":{"date":"1971-12-23T23:17:21.948Z","age":52},"registered":{"date":"2009-06-18T18:49:47.204Z","age":14},"phone":"B33 K63-8461","cell":"X26 Z05-5990","id":{"name":"SIN","value":"633101225"},"picture":{"large":"https://randomuser.me/api/portraits/women/0.jpg","medium":"https://randomuser.me/api/portraits/med/women/0.jpg","thumbnail":"https://randomuser.me/api/portraits/thumb/women/0.jpg"},"nat":"CA"}],"info":{"seed":"8f2e443db2e3b8c7","results":1,"page":1,"version":"1.4"}} 
 </msg>
<msg time="2024-05-26T04:16:56.049561" level="INFO">/opt/hostedtoolcache/Python/3.12.3/x64/lib/python3.12/site-packages/urllib3/connectionpool.py:1103: InsecureRequestWarning: Unverified HTTPS request is being made to host 'randomuser.me'. Adding certificate verification is strongly advised. See: https://urllib3.readthedocs.io/en/latest/advanced-usage.html#tls-warnings
  warnings.warn(</msg>
<msg time="2024-05-26T04:16:56.049717" level="INFO">${response} = &lt;Response [200]&gt;</msg>
<var>${response}</var>
<arg>consultarAPI</arg>
<arg>/api</arg>
<doc>Sends a GET request on a previously created HTTP Session.</doc>
<status status="PASS" start="2024-05-26T04:16:55.676157" elapsed="0.373604"/>
</kw>
<kw name="Should Be Equal As Numbers" owner="BuiltIn">
<msg time="2024-05-26T04:16:56.050787" level="INFO">Argument types are:
&lt;class 'int'&gt;
&lt;class 'str'&gt;</msg>
<arg>${response.status_code}</arg>
<arg>200</arg>
<doc>Fails if objects are unequal after converting them to real numbers.</doc>
<status status="PASS" start="2024-05-26T04:16:56.050309" elapsed="0.000549"/>
</kw>
<kw name="Log" owner="BuiltIn">
<msg time="2024-05-26T04:16:56.051577" level="INFO">200</msg>
<arg>${response.status_code}</arg>
<doc>Logs the given message with the given level.</doc>
<status status="PASS" start="2024-05-26T04:16:56.051211" elapsed="0.000447"/>
</kw>
<kw name="Set Variable" owner="BuiltIn">
<msg time="2024-05-26T04:16:56.052447" level="INFO">${json_data} = {'results': [{'gender': 'female', 'name': {'title': 'Ms', 'first': 'Juliette', 'last': 'Park'}, 'location': {'street': {'number': 4341, 'name': 'Concession Road 6'}, 'city': 'Princeton', 'state': 'Sas...</msg>
<var>${json_data}</var>
<arg>${response.json()}</arg>
<doc>Returns the given values which can then be assigned to a variables.</doc>
<status status="PASS" start="2024-05-26T04:16:56.051993" elapsed="0.000484"/>
</kw>
<kw name="Dictionary Should Contain Key" owner="Collections">
<msg time="2024-05-26T04:16:56.052963" level="INFO">False</msg>
<arg>${json_data}</arg>
<arg>results</arg>
<doc>Fails if ``key`` is not found from ``dictionary``.</doc>
<status status="PASS" start="2024-05-26T04:16:56.052790" elapsed="0.000379"/>
</kw>
<status status="PASS" start="2024-05-26T04:16:55.675904" elapsed="0.377537"/>
</kw>
<doc>Testa se a API responde corretamente e retorna um objeto JSON válido.</doc>
<tag>testeRequisicaoBasica</tag>
<status status="PASS" start="2024-05-26T04:16:55.675417" elapsed="0.378214"/>
</test>
<test id="s1-s1-t3" name="Validar estrutura de resposta" line="22">
<kw name="Teste de Estrutura de Resposta" owner="random-user-service">
<kw name="GET On Session" owner="RequestsLibrary">
<msg time="2024-05-26T04:16:56.151508" level="INFO">GET Request : url=https://randomuser.me/api 
 path_url=/api 
 headers={'User-Agent': 'python-requests/2.32.2', 'Accept-Encoding': 'gzip, deflate', 'Accept': '*/*', 'Connection': 'keep-alive'} 
 body=None 
 </msg>
<msg time="2024-05-26T04:16:56.151646" level="INFO">GET Response : url=https://randomuser.me/api 
 status=200, reason=OK 
 headers={'Date': 'Sun, 26 May 2024 04:16:56 GMT', 'Content-Type': 'application/json; charset=utf-8', 'Transfer-Encoding': 'chunked', 'Connection': 'keep-alive', 'X-Powered-By': 'Express', 'Access-Control-Allow-Origin': '*', 'Cache-Control': 'no-cache', 'ETag': 'W/"497-AvFKS0d+ZB25bBT+dYH1EYov+hY"', 'Vary': 'Accept-Encoding', 'Content-Encoding': 'gzip', 'CF-Cache-Status': 'DYNAMIC', 'Report-To': '{"endpoints":[{"url":"https:\\/\\/a.nel.cloudflare.com\\/report\\/v4?s=DKorVcL4G2jYsh0Sb8kWlxAhIPocpeZgHDUId2XkvoEuoWAvmcCA9eJzYJ6XhSHYMYBOu3UMhePGrNYTgRi%2FKzvCd%2Bq8s3spgC3StyaOMouj25liTen6bUOKisBcF1bl"}],"group":"cf-nel","max_age":604800}', 'NEL': '{"success_fraction":0,"report_to":"cf-nel","max_age":604800}', 'Server': 'cloudflare', 'CF-RAY': '889af3de5a057fc3-IAD', 'alt-svc': 'h3=":443"; ma=86400'} 
 body={"results":[{"gender":"female","name":{"title":"Miss","first":"Neea","last":"Seppala"},"location":{"street":{"number":1556,"name":"Satakennankatu"},"city":"Karjalohja","state":"Pirkanmaa","country":"Finland","postcode":74233,"coordinates":{"latitude":"-23.4659","longitude":"152.8656"},"timezone":{"offset":"-7:00","description":"Mountain Time (US &amp; Canada)"}},"email":"neea.seppala@example.com","login":{"uuid":"ad422c38-b270-4d6d-806e-3f534b6b7431","username":"tinydog963","password":"gymnastic","salt":"lEb1x1Vd","md5":"9ae3d5731c37c1fa3602005617ea6107","sha1":"399a6936e338d40f1f736f151e3045b5bf150d9e","sha256":"90dd743c8333d2ff67833453370d149f1d9fea35725e2506509eb7ee40f88be8"},"dob":{"date":"1964-06-27T20:26:47.535Z","age":59},"registered":{"date":"2007-01-11T18:45:47.930Z","age":17},"phone":"07-374-321","cell":"040-796-44-03","id":{"name":"HETU","value":"NaNNA486undefined"},"picture":{"large":"https://randomuser.me/api/portraits/women/27.jpg","medium":"https://randomuser.me/api/portraits/med/women/27.jpg","thumbnail":"https://randomuser.me/api/portraits/thumb/women/27.jpg"},"nat":"FI"}],"info":{"seed":"ab9fa23e25e00f5c","results":1,"page":1,"version":"1.4"}} 
 </msg>
<msg time="2024-05-26T04:16:56.151785" level="INFO">/opt/hostedtoolcache/Python/3.12.3/x64/lib/python3.12/site-packages/urllib3/connectionpool.py:1103: InsecureRequestWarning: Unverified HTTPS request is being made to host 'randomuser.me'. Adding certificate verification is strongly advised. See: https://urllib3.readthedocs.io/en/latest/advanced-usage.html#tls-warnings
  warnings.warn(</msg>
<msg time="2024-05-26T04:16:56.151918" level="INFO">${response} = &lt;Response [200]&gt;</msg>
<var>${response}</var>
<arg>consultarAPI</arg>
<arg>/api</arg>
<doc>Sends a GET request on a previously created HTTP Session.</doc>
<status status="PASS" start="2024-05-26T04:16:56.056351" elapsed="0.095608"/>
</kw>
<kw name="Set Variable" owner="BuiltIn">
<msg time="2024-05-26T04:16:56.152957" level="INFO">${json_data} = {'results': [{'gender': 'female', 'name': {'title': 'Miss', 'first': 'Neea', 'last': 'Seppala'}, 'location': {'street': {'number': 1556, 'name': 'Satakennankatu'}, 'city': 'Karjalohja', 'state': 'Pirk...</msg>
<var>${json_data}</var>
<arg>${response.json()}</arg>
<doc>Returns the given values which can then be assigned to a variables.</doc>
<status status="PASS" start="2024-05-26T04:16:56.152436" elapsed="0.000550"/>
</kw>
<kw name="Log" owner="BuiltIn">
<msg time="2024-05-26T04:16:56.153457" level="INFO">{'results': [{'gender': 'female', 'name': {'title': 'Miss', 'first': 'Neea', 'last': 'Seppala'}, 'location': {'street': {'number': 1556, 'name': 'Satakennankatu'}, 'city': 'Karjalohja', 'state': 'Pirkanmaa', 'country': 'Finland', 'postcode': 74233, 'coordinates': {'latitude': '-23.4659', 'longitude': '152.8656'}, 'timezone': {'offset': '-7:00', 'description': 'Mountain Time (US &amp; Canada)'}}, 'email': 'neea.seppala@example.com', 'login': {'uuid': 'ad422c38-b270-4d6d-806e-3f534b6b7431', 'username': 'tinydog963', 'password': 'gymnastic', 'salt': 'lEb1x1Vd', 'md5': '9ae3d5731c37c1fa3602005617ea6107', 'sha1': '399a6936e338d40f1f736f151e3045b5bf150d9e', 'sha256': '90dd743c8333d2ff67833453370d149f1d9fea35725e2506509eb7ee40f88be8'}, 'dob': {'date': '1964-06-27T20:26:47.535Z', 'age': 59}, 'registered': {'date': '2007-01-11T18:45:47.930Z', 'age': 17}, 'phone': '07-374-321', 'cell': '040-796-44-03', 'id': {'name': 'HETU', 'value': 'NaNNA486undefined'}, 'picture': {'large': 'https://randomuser.me/api/portraits/women/27.jpg', 'medium': 'https://randomuser.me/api/portraits/med/women/27.jpg', 'thumbnail': 'https://randomuser.me/api/portraits/thumb/women/27.jpg'}, 'nat': 'FI'}], 'info': {'seed': 'ab9fa23e25e00f5c', 'results': 1, 'page': 1, 'version': '1.4'}}</msg>
<arg>${json_data}</arg>
<doc>Logs the given message with the given level.</doc>
<status status="PASS" start="2024-05-26T04:16:56.153297" elapsed="0.000209"/>
</kw>
<kw name="Dictionary Should Contain Key" owner="Collections">
<msg time="2024-05-26T04:16:56.153975" level="INFO">False</msg>
<arg>${json_data}</arg>
<arg>results</arg>
<doc>Fails if ``key`` is not found from ``dictionary``.</doc>
<status status="PASS" start="2024-05-26T04:16:56.153811" elapsed="0.000201"/>
</kw>
<kw name="Should Not Be Empty" owner="BuiltIn">
<msg time="2024-05-26T04:16:56.154438" level="INFO">Length is 2.</msg>
<arg>${json_data}</arg>
<doc>Verifies that the given item is not empty.</doc>
<status status="PASS" start="2024-05-26T04:16:56.154306" elapsed="0.000170"/>
</kw>
<kw name="Create List" owner="BuiltIn">
<msg time="2024-05-26T04:16:56.154915" level="INFO">${expected_keys} = ['gender', 'name', 'location', 'email', 'login']</msg>
<var>${expected_keys}</var>
<arg>gender</arg>
<arg>name</arg>
<arg>location</arg>
<arg>email</arg>
<arg>login</arg>
<doc>Returns a list containing given items.</doc>
<status status="PASS" start="2024-05-26T04:16:56.154767" elapsed="0.000172"/>
</kw>
<for flavor="IN">
<iter>
<kw name="Dictionary Should Contain Key" owner="Collections">
<msg time="2024-05-26T04:16:56.155961" level="INFO">False</msg>
<arg>${json_data['results'][0]}</arg>
<arg>${key}</arg>
<doc>Fails if ``key`` is not found from ``dictionary``.</doc>
<status status="PASS" start="2024-05-26T04:16:56.155523" elapsed="0.000477"/>
</kw>
<kw name="Log" owner="BuiltIn">
<msg time="2024-05-26T04:16:56.156665" level="INFO">{'gender': 'female', 'name': {'title': 'Miss', 'first': 'Neea', 'last': 'Seppala'}, 'location': {'street': {'number': 1556, 'name': 'Satakennankatu'}, 'city': 'Karjalohja', 'state': 'Pirkanmaa', 'country': 'Finland', 'postcode': 74233, 'coordinates': {'latitude': '-23.4659', 'longitude': '152.8656'}, 'timezone': {'offset': '-7:00', 'description': 'Mountain Time (US &amp; Canada)'}}, 'email': 'neea.seppala@example.com', 'login': {'uuid': 'ad422c38-b270-4d6d-806e-3f534b6b7431', 'username': 'tinydog963', 'password': 'gymnastic', 'salt': 'lEb1x1Vd', 'md5': '9ae3d5731c37c1fa3602005617ea6107', 'sha1': '399a6936e338d40f1f736f151e3045b5bf150d9e', 'sha256': '90dd743c8333d2ff67833453370d149f1d9fea35725e2506509eb7ee40f88be8'}, 'dob': {'date': '1964-06-27T20:26:47.535Z', 'age': 59}, 'registered': {'date': '2007-01-11T18:45:47.930Z', 'age': 17}, 'phone': '07-374-321', 'cell': '040-796-44-03', 'id': {'name': 'HETU', 'value': 'NaNNA486undefined'}, 'picture': {'large': 'https://randomuser.me/api/portraits/women/27.jpg', 'medium': 'https://randomuser.me/api/portraits/med/women/27.jpg', 'thumbnail': 'https://randomuser.me/api/portraits/thumb/women/27.jpg'}, 'nat': 'FI'}</msg>
<arg>${json_data['results'][0]}</arg>
<doc>Logs the given message with the given level.</doc>
<status status="PASS" start="2024-05-26T04:16:56.156301" elapsed="0.000414"/>
</kw>
<kw name="Log" owner="BuiltIn">
<msg time="2024-05-26T04:16:56.157142" level="INFO">gender</msg>
<arg>${key}</arg>
<doc>Logs the given message with the given level.</doc>
<status status="PASS" start="2024-05-26T04:16:56.157014" elapsed="0.000165"/>
</kw>
<var name="${key}">gender</var>
<status status="PASS" start="2024-05-26T04:16:56.155392" elapsed="0.002000"/>
</iter>
<iter>
<kw name="Dictionary Should Contain Key" owner="Collections">
<msg time="2024-05-26T04:16:56.158092" level="INFO">False</msg>
<arg>${json_data['results'][0]}</arg>
<arg>${key}</arg>
<doc>Fails if ``key`` is not found from ``dictionary``.</doc>
<status status="PASS" start="2024-05-26T04:16:56.157703" elapsed="0.000426"/>
</kw>
<kw name="Log" owner="BuiltIn">
<msg time="2024-05-26T04:16:56.158809" level="INFO">{'gender': 'female', 'name': {'title': 'Miss', 'first': 'Neea', 'last': 'Seppala'}, 'location': {'street': {'number': 1556, 'name': 'Satakennankatu'}, 'city': 'Karjalohja', 'state': 'Pirkanmaa', 'country': 'Finland', 'postcode': 74233, 'coordinates': {'latitude': '-23.4659', 'longitude': '152.8656'}, 'timezone': {'offset': '-7:00', 'description': 'Mountain Time (US &amp; Canada)'}}, 'email': 'neea.seppala@example.com', 'login': {'uuid': 'ad422c38-b270-4d6d-806e-3f534b6b7431', 'username': 'tinydog963', 'password': 'gymnastic', 'salt': 'lEb1x1Vd', 'md5': '9ae3d5731c37c1fa3602005617ea6107', 'sha1': '399a6936e338d40f1f736f151e3045b5bf150d9e', 'sha256': '90dd743c8333d2ff67833453370d149f1d9fea35725e2506509eb7ee40f88be8'}, 'dob': {'date': '1964-06-27T20:26:47.535Z', 'age': 59}, 'registered': {'date': '2007-01-11T18:45:47.930Z', 'age': 17}, 'phone': '07-374-321', 'cell': '040-796-44-03', 'id': {'name': 'HETU', 'value': 'NaNNA486undefined'}, 'picture': {'large': 'https://randomuser.me/api/portraits/women/27.jpg', 'medium': 'https://randomuser.me/api/portraits/med/women/27.jpg', 'thumbnail': 'https://randomuser.me/api/portraits/thumb/women/27.jpg'}, 'nat': 'FI'}</msg>
<arg>${json_data['results'][0]}</arg>
<doc>Logs the given message with the given level.</doc>
<status status="PASS" start="2024-05-26T04:16:56.158452" elapsed="0.000408"/>
</kw>
<kw name="Log" owner="BuiltIn">
<msg time="2024-05-26T04:16:56.159283" level="INFO">name</msg>
<arg>${key}</arg>
<doc>Logs the given message with the given level.</doc>
<status status="PASS" start="2024-05-26T04:16:56.159156" elapsed="0.000164"/>
</kw>
<var name="${key}">name</var>
<status status="PASS" start="2024-05-26T04:16:56.157578" elapsed="0.001961"/>
</iter>
<iter>
<kw name="Dictionary Should Contain Key" owner="Collections">
<msg time="2024-05-26T04:16:56.160238" level="INFO">False</msg>
<arg>${json_data['results'][0]}</arg>
<arg>${key}</arg>
<doc>Fails if ``key`` is not found from ``dictionary``.</doc>
<status status="PASS" start="2024-05-26T04:16:56.159859" elapsed="0.000416"/>
</kw>
<kw name="Log" owner="BuiltIn">
<msg time="2024-05-26T04:16:56.160943" level="INFO">{'gender': 'female', 'name': {'title': 'Miss', 'first': 'Neea', 'last': 'Seppala'}, 'location': {'street': {'number': 1556, 'name': 'Satakennankatu'}, 'city': 'Karjalohja', 'state': 'Pirkanmaa', 'country': 'Finland', 'postcode': 74233, 'coordinates': {'latitude': '-23.4659', 'longitude': '152.8656'}, 'timezone': {'offset': '-7:00', 'description': 'Mountain Time (US &amp; Canada)'}}, 'email': 'neea.seppala@example.com', 'login': {'uuid': 'ad422c38-b270-4d6d-806e-3f534b6b7431', 'username': 'tinydog963', 'password': 'gymnastic', 'salt': 'lEb1x1Vd', 'md5': '9ae3d5731c37c1fa3602005617ea6107', 'sha1': '399a6936e338d40f1f736f151e3045b5bf150d9e', 'sha256': '90dd743c8333d2ff67833453370d149f1d9fea35725e2506509eb7ee40f88be8'}, 'dob': {'date': '1964-06-27T20:26:47.535Z', 'age': 59}, 'registered': {'date': '2007-01-11T18:45:47.930Z', 'age': 17}, 'phone': '07-374-321', 'cell': '040-796-44-03', 'id': {'name': 'HETU', 'value': 'NaNNA486undefined'}, 'picture': {'large': 'https://randomuser.me/api/portraits/women/27.jpg', 'medium': 'https://randomuser.me/api/portraits/med/women/27.jpg', 'thumbnail': 'https://randomuser.me/api/portraits/thumb/women/27.jpg'}, 'nat': 'FI'}</msg>
<arg>${json_data['results'][0]}</arg>
<doc>Logs the given message with the given level.</doc>
<status status="PASS" start="2024-05-26T04:16:56.160578" elapsed="0.000416"/>
</kw>
<kw name="Log" owner="BuiltIn">
<msg time="2024-05-26T04:16:56.161425" level="INFO">location</msg>
<arg>${key}</arg>
<doc>Logs the given message with the given level.</doc>
<status status="PASS" start="2024-05-26T04:16:56.161296" elapsed="0.000168"/>
</kw>
<var name="${key}">location</var>
<status status="PASS" start="2024-05-26T04:16:56.159745" elapsed="0.001936"/>
</iter>
<iter>
<kw name="Dictionary Should Contain Key" owner="Collections">
<msg time="2024-05-26T04:16:56.162462" level="INFO">False</msg>
<arg>${json_data['results'][0]}</arg>
<arg>${key}</arg>
<doc>Fails if ``key`` is not found from ``dictionary``.</doc>
<status status="PASS" start="2024-05-26T04:16:56.161968" elapsed="0.000533"/>
</kw>
<kw name="Log" owner="BuiltIn">
<msg time="2024-05-26T04:16:56.163172" level="INFO">{'gender': 'female', 'name': {'title': 'Miss', 'first': 'Neea', 'last': 'Seppala'}, 'location': {'street': {'number': 1556, 'name': 'Satakennankatu'}, 'city': 'Karjalohja', 'state': 'Pirkanmaa', 'country': 'Finland', 'postcode': 74233, 'coordinates': {'latitude': '-23.4659', 'longitude': '152.8656'}, 'timezone': {'offset': '-7:00', 'description': 'Mountain Time (US &amp; Canada)'}}, 'email': 'neea.seppala@example.com', 'login': {'uuid': 'ad422c38-b270-4d6d-806e-3f534b6b7431', 'username': 'tinydog963', 'password': 'gymnastic', 'salt': 'lEb1x1Vd', 'md5': '9ae3d5731c37c1fa3602005617ea6107', 'sha1': '399a6936e338d40f1f736f151e3045b5bf150d9e', 'sha256': '90dd743c8333d2ff67833453370d149f1d9fea35725e2506509eb7ee40f88be8'}, 'dob': {'date': '1964-06-27T20:26:47.535Z', 'age': 59}, 'registered': {'date': '2007-01-11T18:45:47.930Z', 'age': 17}, 'phone': '07-374-321', 'cell': '040-796-44-03', 'id': {'name': 'HETU', 'value': 'NaNNA486undefined'}, 'picture': {'large': 'https://randomuser.me/api/portraits/women/27.jpg', 'medium': 'https://randomuser.me/api/portraits/med/women/27.jpg', 'thumbnail': 'https://randomuser.me/api/portraits/thumb/women/27.jpg'}, 'nat': 'FI'}</msg>
<arg>${json_data['results'][0]}</arg>
<doc>Logs the given message with the given level.</doc>
<status status="PASS" start="2024-05-26T04:16:56.162811" elapsed="0.000411"/>
</kw>
<kw name="Log" owner="BuiltIn">
<msg time="2024-05-26T04:16:56.163672" level="INFO">email</msg>
<arg>${key}</arg>
<doc>Logs the given message with the given level.</doc>
<status status="PASS" start="2024-05-26T04:16:56.163521" elapsed="0.000198"/>
</kw>
<var name="${key}">email</var>
<status status="PASS" start="2024-05-26T04:16:56.161853" elapsed="0.002086"/>
</iter>
<iter>
<kw name="Dictionary Should Contain Key" owner="Collections">
<msg time="2024-05-26T04:16:56.164612" level="INFO">False</msg>
<arg>${json_data['results'][0]}</arg>
<arg>${key}</arg>
<doc>Fails if ``key`` is not found from ``dictionary``.</doc>
<status status="PASS" start="2024-05-26T04:16:56.164229" elapsed="0.000420"/>
</kw>
<kw name="Log" owner="BuiltIn">
<msg time="2024-05-26T04:16:56.165323" level="INFO">{'gender': 'female', 'name': {'title': 'Miss', 'first': 'Neea', 'last': 'Seppala'}, 'location': {'street': {'number': 1556, 'name': 'Satakennankatu'}, 'city': 'Karjalohja', 'state': 'Pirkanmaa', 'country': 'Finland', 'postcode': 74233, 'coordinates': {'latitude': '-23.4659', 'longitude': '152.8656'}, 'timezone': {'offset': '-7:00', 'description': 'Mountain Time (US &amp; Canada)'}}, 'email': 'neea.seppala@example.com', 'login': {'uuid': 'ad422c38-b270-4d6d-806e-3f534b6b7431', 'username': 'tinydog963', 'password': 'gymnastic', 'salt': 'lEb1x1Vd', 'md5': '9ae3d5731c37c1fa3602005617ea6107', 'sha1': '399a6936e338d40f1f736f151e3045b5bf150d9e', 'sha256': '90dd743c8333d2ff67833453370d149f1d9fea35725e2506509eb7ee40f88be8'}, 'dob': {'date': '1964-06-27T20:26:47.535Z', 'age': 59}, 'registered': {'date': '2007-01-11T18:45:47.930Z', 'age': 17}, 'phone': '07-374-321', 'cell': '040-796-44-03', 'id': {'name': 'HETU', 'value': 'NaNNA486undefined'}, 'picture': {'large': 'https://randomuser.me/api/portraits/women/27.jpg', 'medium': 'https://randomuser.me/api/portraits/med/women/27.jpg', 'thumbnail': 'https://randomuser.me/api/portraits/thumb/women/27.jpg'}, 'nat': 'FI'}</msg>
<arg>${json_data['results'][0]}</arg>
<doc>Logs the given message with the given level.</doc>
<status status="PASS" start="2024-05-26T04:16:56.164946" elapsed="0.000427"/>
</kw>
<kw name="Log" owner="BuiltIn">
<msg time="2024-05-26T04:16:56.165797" level="INFO">login</msg>
<arg>${key}</arg>
<doc>Logs the given message with the given level.</doc>
<status status="PASS" start="2024-05-26T04:16:56.165669" elapsed="0.000165"/>
</kw>
<var name="${key}">login</var>
<status status="PASS" start="2024-05-26T04:16:56.164115" elapsed="0.001961"/>
</iter>
<var>${key}</var>
<value>@{expected_keys}</value>
<status status="PASS" start="2024-05-26T04:16:56.155200" elapsed="0.011004"/>
</for>
<kw name="Create List" owner="BuiltIn">
<msg time="2024-05-26T04:16:56.166539" level="INFO">${expected_keysTwo} = ['username', 'password']</msg>
<var>${expected_keysTwo}</var>
<arg>username</arg>
<arg>password</arg>
<doc>Returns a list containing given items.</doc>
<status status="PASS" start="2024-05-26T04:16:56.166399" elapsed="0.000164"/>
</kw>
<for flavor="IN">
<iter>
<kw name="Dictionary Should Contain Key" owner="Collections">
<msg time="2024-05-26T04:16:56.167452" level="INFO">False</msg>
<arg>${json_data['results'][0]['login']}</arg>
<arg>${keyTwo}</arg>
<doc>Fails if ``key`` is not found from ``dictionary``.</doc>
<status status="PASS" start="2024-05-26T04:16:56.167068" elapsed="0.000421"/>
</kw>
<kw name="Dictionary Should Contain Key" owner="Collections">
<msg time="2024-05-26T04:16:56.168195" level="INFO">False</msg>
<arg>${json_data['results'][0]['login']}</arg>
<arg>${keyTwo}</arg>
<doc>Fails if ``key`` is not found from ``dictionary``.</doc>
<status status="PASS" start="2024-05-26T04:16:56.167817" elapsed="0.000415"/>
</kw>
<kw name="Log" owner="BuiltIn">
<msg time="2024-05-26T04:16:56.168653" level="INFO">username</msg>
<arg>${keyTwo}</arg>
<doc>Logs the given message with the given level.</doc>
<status status="PASS" start="2024-05-26T04:16:56.168525" elapsed="0.000165"/>
</kw>
<var name="${keyTwo}">username</var>
<status status="PASS" start="2024-05-26T04:16:56.166958" elapsed="0.001946"/>
</iter>
<iter>
<kw name="Dictionary Should Contain Key" owner="Collections">
<msg time="2024-05-26T04:16:56.169576" level="INFO">False</msg>
<arg>${json_data['results'][0]['login']}</arg>
<arg>${keyTwo}</arg>
<doc>Fails if ``key`` is not found from ``dictionary``.</doc>
<status status="PASS" start="2024-05-26T04:16:56.169186" elapsed="0.000427"/>
</kw>
<kw name="Dictionary Should Contain Key" owner="Collections">
<msg time="2024-05-26T04:16:56.170285" level="INFO">False</msg>
<arg>${json_data['results'][0]['login']}</arg>
<arg>${keyTwo}</arg>
<doc>Fails if ``key`` is not found from ``dictionary``.</doc>
<status status="PASS" start="2024-05-26T04:16:56.169908" elapsed="0.000413"/>
</kw>
<kw name="Log" owner="BuiltIn">
<msg time="2024-05-26T04:16:56.170741" level="INFO">password</msg>
<arg>${keyTwo}</arg>
<doc>Logs the given message with the given level.</doc>
<status status="PASS" start="2024-05-26T04:16:56.170613" elapsed="0.000165"/>
</kw>
<var name="${keyTwo}">password</var>
<status status="PASS" start="2024-05-26T04:16:56.169076" elapsed="0.001917"/>
</iter>
<var>${keyTwo}</var>
<value>@{expected_keysTwo}</value>
<status status="PASS" start="2024-05-26T04:16:56.166803" elapsed="0.004308"/>
</for>
<status status="PASS" start="2024-05-26T04:16:56.056097" elapsed="0.115156"/>
</kw>
<doc>Testa a estrutura da resposta da API.</doc>
<tag>testeEstruturaResposta</tag>
<status status="PASS" start="2024-05-26T04:16:56.055529" elapsed="0.115892"/>
</test>
<test id="s1-s1-t4" name="Validar tipos de dados" line="28">
<kw name="Teste de Tipos de Dados" owner="random-user-service">
<kw name="GET On Session" owner="RequestsLibrary">
<msg time="2024-05-26T04:16:56.257344" level="INFO">GET Request : url=https://randomuser.me/api 
 path_url=/api 
 headers={'User-Agent': 'python-requests/2.32.2', 'Accept-Encoding': 'gzip, deflate', 'Accept': '*/*', 'Connection': 'keep-alive'} 
 body=None 
 </msg>
<msg time="2024-05-26T04:16:56.257437" level="INFO">GET Response : url=https://randomuser.me/api 
 status=200, reason=OK 
 headers={'Date': 'Sun, 26 May 2024 04:16:56 GMT', 'Content-Type': 'application/json; charset=utf-8', 'Transfer-Encoding': 'chunked', 'Connection': 'keep-alive', 'X-Powered-By': 'Express', 'Access-Control-Allow-Origin': '*', 'Cache-Control': 'no-cache', 'ETag': 'W/"488-/CVMW86Ra6GWJ1k/94P9pkHkWFA"', 'Vary': 'Accept-Encoding', 'Content-Encoding': 'gzip', 'CF-Cache-Status': 'DYNAMIC', 'Report-To': '{"endpoints":[{"url":"https:\\/\\/a.nel.cloudflare.com\\/report\\/v4?s=rR1flPDGIymLkqWzCmMzyonnFCXfricREWdan72Jh7DFxXw%2Bh2LFrQmLjcqzaLfSzJHX3DUm7JqWak921dNewJ7TTT1w5gZKNRySOzORKBL5F4SdiIKAZUsczth62%2BR%2B"}],"group":"cf-nel","max_age":604800}', 'NEL': '{"success_fraction":0,"report_to":"cf-nel","max_age":604800}', 'Server': 'cloudflare', 'CF-RAY': '889af3df1a987fc3-IAD', 'alt-svc': 'h3=":443"; ma=86400'} 
 body={"results":[{"gender":"male","name":{"title":"Monsieur","first":"Noah","last":"Brunet"},"location":{"street":{"number":3518,"name":"Avenue Goerges Clémenceau"},"city":"Neuchâtel","state":"Vaud","country":"Switzerland","postcode":3140,"coordinates":{"latitude":"-55.8464","longitude":"-121.8482"},"timezone":{"offset":"+5:45","description":"Kathmandu"}},"email":"noah.brunet@example.com","login":{"uuid":"b1c519ef-e7bd-4697-a5e9-36ef31830e95","username":"tinylion292","password":"felipe","salt":"6ET1AJDN","md5":"80f873f8688afb39844ec7e55ccaafd8","sha1":"988295f09d59278e071d41e20adee345e36b8ceb","sha256":"ac7f2b6c7055b93dedbae57722a58003ec7d33e05441eb21e413ee44ab4a1a27"},"dob":{"date":"1966-07-27T17:55:33.866Z","age":57},"registered":{"date":"2020-08-16T05:56:09.034Z","age":3},"phone":"075 520 85 38","cell":"079 499 35 90","id":{"name":"AVS","value":"756.6899.1751.87"},"picture":{"large":"https://randomuser.me/api/portraits/men/99.jpg","medium":"https://randomuser.me/api/portraits/med/men/99.jpg","thumbnail":"https://randomuser.me/api/portraits/thumb/men/99.jpg"},"nat":"CH"}],"info":{"seed":"e4f07cde3225911f","results":1,"page":1,"version":"1.4"}} 
 </msg>
<msg time="2024-05-26T04:16:56.257507" level="INFO">/opt/hostedtoolcache/Python/3.12.3/x64/lib/python3.12/site-packages/urllib3/connectionpool.py:1103: InsecureRequestWarning: Unverified HTTPS request is being made to host 'randomuser.me'. Adding certificate verification is strongly advised. See: https://urllib3.readthedocs.io/en/latest/advanced-usage.html#tls-warnings
  warnings.warn(</msg>
<msg time="2024-05-26T04:16:56.257618" level="INFO">${response} = &lt;Response [200]&gt;</msg>
<var>${response}</var>
<arg>consultarAPI</arg>
<arg>/api</arg>
<doc>Sends a GET request on a previously created HTTP Session.</doc>
<status status="PASS" start="2024-05-26T04:16:56.174023" elapsed="0.083628"/>
</kw>
<kw name="Set Variable" owner="BuiltIn">
<msg time="2024-05-26T04:16:56.258691" level="INFO">${json_data} = {'results': [{'gender': 'male', 'name': {'title': 'Monsieur', 'first': 'Noah', 'last': 'Brunet'}, 'location': {'street': {'number': 3518, 'name': 'Avenue Goerges Clémenceau'}, 'city': 'Neuchâtel', 'st...</msg>
<var>${json_data}</var>
<arg>${response.json()}</arg>
<doc>Returns the given values which can then be assigned to a variables.</doc>
<status status="PASS" start="2024-05-26T04:16:56.258169" elapsed="0.000551"/>
</kw>
<kw name="Log" owner="BuiltIn">
<msg time="2024-05-26T04:16:56.259184" level="INFO">{'results': [{'gender': 'male', 'name': {'title': 'Monsieur', 'first': 'Noah', 'last': 'Brunet'}, 'location': {'street': {'number': 3518, 'name': 'Avenue Goerges Clémenceau'}, 'city': 'Neuchâtel', 'state': 'Vaud', 'country': 'Switzerland', 'postcode': 3140, 'coordinates': {'latitude': '-55.8464', 'longitude': '-121.8482'}, 'timezone': {'offset': '+5:45', 'description': 'Kathmandu'}}, 'email': 'noah.brunet@example.com', 'login': {'uuid': 'b1c519ef-e7bd-4697-a5e9-36ef31830e95', 'username': 'tinylion292', 'password': 'felipe', 'salt': '6ET1AJDN', 'md5': '80f873f8688afb39844ec7e55ccaafd8', 'sha1': '988295f09d59278e071d41e20adee345e36b8ceb', 'sha256': 'ac7f2b6c7055b93dedbae57722a58003ec7d33e05441eb21e413ee44ab4a1a27'}, 'dob': {'date': '1966-07-27T17:55:33.866Z', 'age': 57}, 'registered': {'date': '2020-08-16T05:56:09.034Z', 'age': 3}, 'phone': '075 520 85 38', 'cell': '079 499 35 90', 'id': {'name': 'AVS', 'value': '756.6899.1751.87'}, 'picture': {'large': 'https://randomuser.me/api/portraits/men/99.jpg', 'medium': 'https://randomuser.me/api/portraits/med/men/99.jpg', 'thumbnail': 'https://randomuser.me/api/portraits/thumb/men/99.jpg'}, 'nat': 'CH'}], 'info': {'seed': 'e4f07cde3225911f', 'results': 1, 'page': 1, 'version': '1.4'}}</msg>
<arg>${json_data}</arg>
<doc>Logs the given message with the given level.</doc>
<status status="PASS" start="2024-05-26T04:16:56.259028" elapsed="0.000243"/>
</kw>
<kw name="Should Be String" owner="String">
<arg>${json_data['results'][0]['gender']}</arg>
<doc>Fails if the given ``item`` is not a string.</doc>
<status status="PASS" start="2024-05-26T04:16:56.259573" elapsed="0.000407"/>
</kw>
<kw name="Should Match Regexp" owner="BuiltIn">
<arg>${json_data['results'][0]['email']}</arg>
<arg>^[a-zA-Z0-9._%+-]+@[a-zA-Z0-9.-]+\.[a-zA-Z]{2,}$</arg>
<doc>Fails if ``string`` does not match ``pattern`` as a regular expression.</doc>
<status status="PASS" start="2024-05-26T04:16:56.260172" elapsed="0.000663"/>
</kw>
<kw name="Should Match Regexp" owner="BuiltIn">
<arg>${json_data['results'][0]['dob']['date']}</arg>
<arg>\\d{4}-\\d{2}-\\d{2}T\\d{2}:\\d{2}:\\d{2}\\.\\d{3}Z</arg>
<doc>Fails if ``string`` does not match ``pattern`` as a regular expression.</doc>
<status status="PASS" start="2024-05-26T04:16:56.261034" elapsed="0.000491"/>
</kw>
<kw name="Should Match Regexp" owner="BuiltIn">
<arg>${json_data['results'][0]['registered']['date']}</arg>
<arg>\\d{4}-\\d{2}-\\d{2}T\\d{2}:\\d{2}:\\d{2}\\.\\d{3}Z</arg>
<doc>Fails if ``string`` does not match ``pattern`` as a regular expression.</doc>
<status status="PASS" start="2024-05-26T04:16:56.261718" elapsed="0.000362"/>
</kw>
<kw name="Should Match Regexp" owner="BuiltIn">
<arg>${json_data['results'][0]['picture']['large']}</arg>
<arg>^https?://.*\.(?:png|jpe?g|gif|bmp)$</arg>
<doc>Fails if ``string`` does not match ``pattern`` as a regular expression.</doc>
<status status="PASS" start="2024-05-26T04:16:56.262266" elapsed="0.000454"/>
</kw>
<kw name="Should Match Regexp" owner="BuiltIn">
<arg>${json_data['results'][0]['picture']['medium']}</arg>
<arg>^https?://.*\.(?:png|jpe?g|gif|bmp)$</arg>
<doc>Fails if ``string`` does not match ``pattern`` as a regular expression.</doc>
<status status="PASS" start="2024-05-26T04:16:56.262908" elapsed="0.000349"/>
</kw>
<kw name="Should Match Regexp" owner="BuiltIn">
<arg>${json_data['results'][0]['picture']['thumbnail']}</arg>
<arg>^https?://.*\.(?:png|jpe?g|gif|bmp)$</arg>
<doc>Fails if ``string`` does not match ``pattern`` as a regular expression.</doc>
<status status="PASS" start="2024-05-26T04:16:56.263445" elapsed="0.000382"/>
</kw>
<kw name="Log" owner="BuiltIn">
<msg time="2024-05-26T04:16:56.264332" level="INFO">{'large': 'https://randomuser.me/api/portraits/men/99.jpg', 'medium': 'https://randomuser.me/api/portraits/med/men/99.jpg', 'thumbnail': 'https://randomuser.me/api/portraits/thumb/men/99.jpg'}</msg>
<arg>${json_data['results'][0]['picture']}</arg>
<doc>Logs the given message with the given level.</doc>
<status status="PASS" start="2024-05-26T04:16:56.264011" elapsed="0.000363"/>
</kw>
<status status="PASS" start="2024-05-26T04:16:56.173789" elapsed="0.090846"/>
</kw>
<kw name="Teste de Tipos de Dados - Postcode" owner="random-user-service">
<kw name="GET On Session" owner="RequestsLibrary">
<msg time="2024-05-26T04:16:56.353733" level="INFO">GET Request : url=https://randomuser.me/api 
 path_url=/api 
 headers={'User-Agent': 'python-requests/2.32.2', 'Accept-Encoding': 'gzip, deflate', 'Accept': '*/*', 'Connection': 'keep-alive'} 
 body=None 
 </msg>
<msg time="2024-05-26T04:16:56.353835" level="INFO">GET Response : url=https://randomuser.me/api 
 status=200, reason=OK 
 headers={'Date': 'Sun, 26 May 2024 04:16:56 GMT', 'Content-Type': 'application/json; charset=utf-8', 'Transfer-Encoding': 'chunked', 'Connection': 'keep-alive', 'X-Powered-By': 'Express', 'Access-Control-Allow-Origin': '*', 'Cache-Control': 'no-cache', 'ETag': 'W/"491-4O9yvUPdnGHXkqOVtK6SPJRMS6U"', 'Vary': 'Accept-Encoding', 'Content-Encoding': 'gzip', 'CF-Cache-Status': 'DYNAMIC', 'Report-To': '{"endpoints":[{"url":"https:\\/\\/a.nel.cloudflare.com\\/report\\/v4?s=0%2BbRay8IT%2FYH7kmQsPTAM0p9A3SlpLf%2BzWh6qjUJlqMqjH2dTjiVdslVOZRh%2Fy1pJ9K4xpBuH8WbDz2sspzx0NOeFtklBaH29R4dxS8Zo%2Bz5DMziOGmeLAse%2BX5%2Bt5vs"}],"group":"cf-nel","max_age":604800}', 'NEL': '{"success_fraction":0,"report_to":"cf-nel","max_age":604800}', 'Server': 'cloudflare', 'CF-RAY': '889af3dfab067fc3-IAD', 'alt-svc': 'h3=":443"; ma=86400'} 
 body={"results":[{"gender":"male","name":{"title":"Mr","first":"Hector","last":"Hart"},"location":{"street":{"number":4817,"name":"Country Club Rd"},"city":"Traralgon","state":"Queensland","country":"Australia","postcode":1988,"coordinates":{"latitude":"-81.6469","longitude":"-60.6891"},"timezone":{"offset":"-3:00","description":"Brazil, Buenos Aires, Georgetown"}},"email":"hector.hart@example.com","login":{"uuid":"66571e7a-0749-4f71-a519-03f4f505f169","username":"beautifulmeercat123","password":"fishfish","salt":"aEqK7Be5","md5":"885b3f3781b387788474ced241aeed32","sha1":"f850bd13f1183c8a0c13dc63c8f5b0075bf7cc69","sha256":"6f963451460b6126036a5841e9fe946a019d259134e751ca780ea69dfaedbaad"},"dob":{"date":"1956-01-11T05:05:08.732Z","age":68},"registered":{"date":"2021-08-03T21:41:05.797Z","age":2},"phone":"09-3039-0459","cell":"0448-820-739","id":{"name":"TFN","value":"966805033"},"picture":{"large":"https://randomuser.me/api/portraits/men/26.jpg","medium":"https://randomuser.me/api/portraits/med/men/26.jpg","thumbnail":"https://randomuser.me/api/portraits/thumb/men/26.jpg"},"nat":"AU"}],"info":{"seed":"a13192b63ab73a3a","results":1,"page":1,"version":"1.4"}} 
 </msg>
<msg time="2024-05-26T04:16:56.353912" level="INFO">/opt/hostedtoolcache/Python/3.12.3/x64/lib/python3.12/site-packages/urllib3/connectionpool.py:1103: InsecureRequestWarning: Unverified HTTPS request is being made to host 'randomuser.me'. Adding certificate verification is strongly advised. See: https://urllib3.readthedocs.io/en/latest/advanced-usage.html#tls-warnings
  warnings.warn(</msg>
<msg time="2024-05-26T04:16:56.354041" level="INFO">${response} = &lt;Response [200]&gt;</msg>
<var>${response}</var>
<arg>consultarAPI</arg>
<arg>/api</arg>
<doc>Sends a GET request on a previously created HTTP Session.</doc>
<status status="PASS" start="2024-05-26T04:16:56.265099" elapsed="0.088980"/>
</kw>
<kw name="Set Variable" owner="BuiltIn">
<msg time="2024-05-26T04:16:56.355193" level="INFO">${json_data} = {'results': [{'gender': 'male', 'name': {'title': 'Mr', 'first': 'Hector', 'last': 'Hart'}, 'location': {'street': {'number': 4817, 'name': 'Country Club Rd'}, 'city': 'Traralgon', 'state': 'Queenslan...</msg>
<var>${json_data}</var>
<arg>${response.json()}</arg>
<doc>Returns the given values which can then be assigned to a variables.</doc>
<status status="PASS" start="2024-05-26T04:16:56.354679" elapsed="0.000542"/>
</kw>
<kw name="Log" owner="BuiltIn">
<msg time="2024-05-26T04:16:56.355734" level="INFO">{'results': [{'gender': 'male', 'name': {'title': 'Mr', 'first': 'Hector', 'last': 'Hart'}, 'location': {'street': {'number': 4817, 'name': 'Country Club Rd'}, 'city': 'Traralgon', 'state': 'Queensland', 'country': 'Australia', 'postcode': 1988, 'coordinates': {'latitude': '-81.6469', 'longitude': '-60.6891'}, 'timezone': {'offset': '-3:00', 'description': 'Brazil, Buenos Aires, Georgetown'}}, 'email': 'hector.hart@example.com', 'login': {'uuid': '66571e7a-0749-4f71-a519-03f4f505f169', 'username': 'beautifulmeercat123', 'password': 'fishfish', 'salt': 'aEqK7Be5', 'md5': '885b3f3781b387788474ced241aeed32', 'sha1': 'f850bd13f1183c8a0c13dc63c8f5b0075bf7cc69', 'sha256': '6f963451460b6126036a5841e9fe946a019d259134e751ca780ea69dfaedbaad'}, 'dob': {'date': '1956-01-11T05:05:08.732Z', 'age': 68}, 'registered': {'date': '2021-08-03T21:41:05.797Z', 'age': 2}, 'phone': '09-3039-0459', 'cell': '0448-820-739', 'id': {'name': 'TFN', 'value': '966805033'}, 'picture': {'large': 'https://randomuser.me/api/portraits/men/26.jpg', 'medium': 'https://randomuser.me/api/portraits/med/men/26.jpg', 'thumbnail': 'https://randomuser.me/api/portraits/thumb/men/26.jpg'}, 'nat': 'AU'}], 'info': {'seed': 'a13192b63ab73a3a', 'results': 1, 'page': 1, 'version': '1.4'}}</msg>
<arg>${json_data}</arg>
<doc>Logs the given message with the given level.</doc>
<status status="PASS" start="2024-05-26T04:16:56.355538" elapsed="0.000280"/>
</kw>
<kw name="Should Be Equal As Numbers" owner="BuiltIn">
<arg>${json_data['results'][0]['location']['postcode']}</arg>
<arg>${json_data['results'][0]['location']['postcode']}</arg>
<doc>Fails if objects are unequal after converting them to real numbers.</doc>
<status status="PASS" start="2024-05-26T04:16:56.356125" elapsed="0.000621"/>
</kw>
<kw name="Log" owner="BuiltIn">
<msg time="2024-05-26T04:16:56.357289" level="INFO">1988</msg>
<arg>${json_data['results'][0]['location']['postcode']}</arg>
<doc>Logs the given message with the given level.</doc>
<status status="PASS" start="2024-05-26T04:16:56.356945" elapsed="0.000385"/>
</kw>
<status status="PASS" start="2024-05-26T04:16:56.264863" elapsed="0.092724"/>
</kw>
<doc>Testa se os tipos de dados na resposta da API estão corretos.</doc>
<tag>testeTiposDados</tag>
<status status="PASS" start="2024-05-26T04:16:56.173306" elapsed="0.184451"/>
</test>
<test id="s1-s1-t5" name="Validar conteudo" line="35">
<kw name="Teste de Tipos de Conteudo" owner="random-user-service">
<kw name="GET On Session" owner="RequestsLibrary">
<msg time="2024-05-26T04:16:56.448519" level="INFO">GET Request : url=https://randomuser.me/api 
 path_url=/api 
 headers={'User-Agent': 'python-requests/2.32.2', 'Accept-Encoding': 'gzip, deflate', 'Accept': '*/*', 'Connection': 'keep-alive'} 
 body=None 
 </msg>
<msg time="2024-05-26T04:16:56.448616" level="INFO">GET Response : url=https://randomuser.me/api 
 status=200, reason=OK 
 headers={'Date': 'Sun, 26 May 2024 04:16:56 GMT', 'Content-Type': 'application/json; charset=utf-8', 'Transfer-Encoding': 'chunked', 'Connection': 'keep-alive', 'X-Powered-By': 'Express', 'Access-Control-Allow-Origin': '*', 'Cache-Control': 'no-cache', 'ETag': 'W/"4af-J5K4P68dN/YyudqfVNn0vBdSNs4"', 'Vary': 'Accept-Encoding', 'Content-Encoding': 'gzip', 'CF-Cache-Status': 'DYNAMIC', 'Report-To': '{"endpoints":[{"url":"https:\\/\\/a.nel.cloudflare.com\\/report\\/v4?s=AxLMKoytbFtTpQQl3LWDFUMwybH5gFz3zS0Eo3ugBuRK6kgj6T6FleotplXlkiuMbVtX7r2ZyPqnd7UT9WfkFdijlTHEATRnZNrUScxIHzU7ZXN61NNQyPvSTHSn1f%2BE"}],"group":"cf-nel","max_age":604800}', 'NEL': '{"success_fraction":0,"report_to":"cf-nel","max_age":604800}', 'Server': 'cloudflare', 'CF-RAY': '889af3e04b787fc3-IAD', 'alt-svc': 'h3=":443"; ma=86400'} 
 body={"results":[{"gender":"female","name":{"title":"Ms","first":"Charline","last":"Fernandez"},"location":{"street":{"number":1101,"name":"Rue de L'Abbé-Gillet"},"city":"Roubaix","state":"Charente","country":"France","postcode":52224,"coordinates":{"latitude":"-14.4433","longitude":"100.4514"},"timezone":{"offset":"+8:00","description":"Beijing, Perth, Singapore, Hong Kong"}},"email":"charline.fernandez@example.com","login":{"uuid":"24fd18c2-75e2-460f-9cb1-f36c160efb0f","username":"bigzebra291","password":"readers","salt":"v5izc8KX","md5":"ab9721b31f41510dcf09fa69808102c1","sha1":"b93fae5ddfcd69749c3fc8d6affb4799bce22dd2","sha256":"d9f75c4cb7aacf686a6bba4df5936d25b6291865bdb2d6e5e291998260c45e56"},"dob":{"date":"1967-09-22T12:38:27.907Z","age":56},"registered":{"date":"2018-04-24T07:58:42.015Z","age":6},"phone":"02-08-96-09-79","cell":"06-69-50-20-59","id":{"name":"INSEE","value":"2670889677936 62"},"picture":{"large":"https://randomuser.me/api/portraits/women/10.jpg","medium":"https://randomuser.me/api/portraits/med/women/10.jpg","thumbnail":"https://randomuser.me/api/portraits/thumb/women/10.jpg"},"nat":"FR"}],"info":{"seed":"9968e211219b37d9","results":1,"page":1,"version":"1.4"}} 
 </msg>
<msg time="2024-05-26T04:16:56.448687" level="INFO">/opt/hostedtoolcache/Python/3.12.3/x64/lib/python3.12/site-packages/urllib3/connectionpool.py:1103: InsecureRequestWarning: Unverified HTTPS request is being made to host 'randomuser.me'. Adding certificate verification is strongly advised. See: https://urllib3.readthedocs.io/en/latest/advanced-usage.html#tls-warnings
  warnings.warn(</msg>
<msg time="2024-05-26T04:16:56.448823" level="INFO">${response} = &lt;Response [200]&gt;</msg>
<var>${response}</var>
<arg>consultarAPI</arg>
<arg>/api</arg>
<doc>Sends a GET request on a previously created HTTP Session.</doc>
<status status="PASS" start="2024-05-26T04:16:56.360338" elapsed="0.088524"/>
</kw>
<kw name="Set Variable" owner="BuiltIn">
<msg time="2024-05-26T04:16:56.449972" level="INFO">${json_data} = {'results': [{'gender': 'female', 'name': {'title': 'Ms', 'first': 'Charline', 'last': 'Fernandez'}, 'location': {'street': {'number': 1101, 'name': "Rue de L'Abbé-Gillet"}, 'city': 'Roubaix', 'state'...</msg>
<var>${json_data}</var>
<arg>${response.json()}</arg>
<doc>Returns the given values which can then be assigned to a variables.</doc>
<status status="PASS" start="2024-05-26T04:16:56.449451" elapsed="0.000551"/>
</kw>
<kw name="Set Variable" owner="BuiltIn">
<msg time="2024-05-26T04:16:56.450693" level="INFO">${name_title} = Ms</msg>
<var>${name_title}</var>
<arg>${json_data["results"][0]["name"]["title"]}</arg>
<doc>Returns the given values which can then be assigned to a variables.</doc>
<status status="PASS" start="2024-05-26T04:16:56.450311" elapsed="0.000407"/>
</kw>
<kw name="Create List" owner="BuiltIn">
<msg time="2024-05-26T04:16:56.451174" level="INFO">${allowed_titles} = ['Mr', 'Ms', 'Miss', 'Mrs', 'Madame', 'Monsieur']</msg>
<var>${allowed_titles}</var>
<arg>Mr</arg>
<arg>Ms</arg>
<arg>Miss</arg>
<arg>Mrs</arg>
<arg>Madame</arg>
<arg>Monsieur</arg>
<doc>Returns a list containing given items.</doc>
<status status="PASS" start="2024-05-26T04:16:56.451025" elapsed="0.000173"/>
</kw>
<kw name="List Should Contain Value" owner="Collections">
<msg time="2024-05-26T04:16:56.451727" level="INFO">False</msg>
<arg>${allowed_titles}</arg>
<arg>${name_title}</arg>
<doc>Fails if the ``value`` is not found from ``list``.</doc>
<status status="PASS" start="2024-05-26T04:16:56.451506" elapsed="0.000259"/>
</kw>
<kw name="Set Variable" owner="BuiltIn">
<msg time="2024-05-26T04:16:56.452635" level="INFO">${name_country} = FR</msg>
<var>${name_country}</var>
<arg>${json_data["results"][0]["nat"]}</arg>
<doc>Returns the given values which can then be assigned to a variables.</doc>
<status status="PASS" start="2024-05-26T04:16:56.452070" elapsed="0.000590"/>
</kw>
<kw name="Create List" owner="BuiltIn">
<msg time="2024-05-26T04:16:56.453586" level="INFO">${list_country} = ['AD', 'AE', 'AF', 'AG', 'AI', 'AL', 'AM', 'AO', 'AQ', 'AR', 'AS', 'AT', 'AU', 'AW', 'AX', 'AZ', 'BA', 'BB', 'BD', 'BE', 'BF', 'BG', 'BH', 'BI', 'BJ', 'BL', 'BM', 'BN', 'BO', 'BQ', 'BR', 'BS', 'BT', '...</msg>
<var>${list_country}</var>
<arg>AD</arg>
<arg>AE</arg>
<arg>AF</arg>
<arg>AG</arg>
<arg>AI</arg>
<arg>AL</arg>
<arg>AM</arg>
<arg>AO</arg>
<arg>AQ</arg>
<arg>AR</arg>
<arg>AS</arg>
<arg>AT</arg>
<arg>AU</arg>
<arg>AW</arg>
<arg>AX</arg>
<arg>AZ</arg>
<arg>BA</arg>
<arg>BB</arg>
<arg>BD</arg>
<arg>BE</arg>
<arg>BF</arg>
<arg>BG</arg>
<arg>BH</arg>
<arg>BI</arg>
<arg>BJ</arg>
<arg>BL</arg>
<arg>BM</arg>
<arg>BN</arg>
<arg>BO</arg>
<arg>BQ</arg>
<arg>BR</arg>
<arg>BS</arg>
<arg>BT</arg>
<arg>BV</arg>
<arg>BW</arg>
<arg>BY</arg>
<arg>BZ</arg>
<arg>CA</arg>
<arg>CC</arg>
<arg>CD</arg>
<arg>CF</arg>
<arg>CG</arg>
<arg>CH</arg>
<arg>CI</arg>
<arg>CK</arg>
<arg>CL</arg>
<arg>CM</arg>
<arg>CN</arg>
<arg>CO</arg>
<arg>CR</arg>
<arg>CU</arg>
<arg>CV</arg>
<arg>CW</arg>
<arg>CX</arg>
<arg>CY</arg>
<arg>CZ</arg>
<arg>DE</arg>
<arg>DJ</arg>
<arg>DK</arg>
<arg>DM</arg>
<arg>DO</arg>
<arg>DZ</arg>
<arg>EC</arg>
<arg>EE</arg>
<arg>EG</arg>
<arg>EH</arg>
<arg>ER</arg>
<arg>ES</arg>
<arg>ET</arg>
<arg>FI</arg>
<arg>FJ</arg>
<arg>FK</arg>
<arg>FM</arg>
<arg>FO</arg>
<arg>FR</arg>
<arg>GA</arg>
<arg>GB</arg>
<arg>GD</arg>
<arg>GE</arg>
<arg>GF</arg>
<arg>GG</arg>
<arg>GH</arg>
<arg>GI</arg>
<arg>GL</arg>
<arg>GM</arg>
<arg>GN</arg>
<arg>GP</arg>
<arg>GQ</arg>
<arg>GR</arg>
<arg>GS</arg>
<arg>GT</arg>
<arg>GU</arg>
<arg>GW</arg>
<arg>GY</arg>
<arg>HK</arg>
<arg>HM</arg>
<arg>HN</arg>
<arg>HR</arg>
<arg>HT</arg>
<arg>HU</arg>
<arg>ID</arg>
<arg>IE</arg>
<arg>IL</arg>
<arg>IM</arg>
<arg>IN</arg>
<arg>IO</arg>
<arg>IQ</arg>
<arg>IR</arg>
<arg>IS</arg>
<arg>IT</arg>
<arg>JE</arg>
<arg>JM</arg>
<arg>JO</arg>
<arg>JP</arg>
<arg>KE</arg>
<arg>KG</arg>
<arg>KH</arg>
<arg>KI</arg>
<arg>KM</arg>
<arg>KN</arg>
<arg>KP</arg>
<arg>KR</arg>
<arg>KW</arg>
<arg>KY</arg>
<arg>KZ</arg>
<arg>LA</arg>
<arg>LB</arg>
<arg>LC</arg>
<arg>LI</arg>
<arg>LK</arg>
<arg>LR</arg>
<arg>LS</arg>
<arg>LT</arg>
<arg>LU</arg>
<arg>LV</arg>
<arg>LY</arg>
<arg>MA</arg>
<arg>MC</arg>
<arg>MD</arg>
<arg>ME</arg>
<arg>MF</arg>
<arg>MG</arg>
<arg>MH</arg>
<arg>MK</arg>
<arg>ML</arg>
<arg>MM</arg>
<arg>MN</arg>
<arg>MO</arg>
<arg>MP</arg>
<arg>MQ</arg>
<arg>MR</arg>
<arg>MS</arg>
<arg>MT</arg>
<arg>MU</arg>
<arg>MV</arg>
<arg>MW</arg>
<arg>MX</arg>
<arg>MY</arg>
<arg>MZ</arg>
<arg>NA</arg>
<arg>NC</arg>
<arg>NE</arg>
<arg>NF</arg>
<arg>NG</arg>
<arg>NI</arg>
<arg>NL</arg>
<arg>NO</arg>
<arg>NP</arg>
<arg>NR</arg>
<arg>NU</arg>
<arg>NZ</arg>
<arg>OM</arg>
<arg>PA</arg>
<arg>PE</arg>
<arg>PF</arg>
<arg>PG</arg>
<arg>PH</arg>
<arg>PK</arg>
<arg>PL</arg>
<arg>PM</arg>
<arg>PN</arg>
<arg>PR</arg>
<arg>PS</arg>
<arg>PT</arg>
<arg>PW</arg>
<arg>PY</arg>
<arg>QA</arg>
<arg>RE</arg>
<arg>RO</arg>
<arg>RS</arg>
<arg>RU</arg>
<arg>RW</arg>
<arg>SA</arg>
<arg>SB</arg>
<arg>SC</arg>
<arg>SD</arg>
<arg>SE</arg>
<arg>SG</arg>
<arg>SH</arg>
<arg>SI</arg>
<arg>SJ</arg>
<arg>SK</arg>
<arg>SL</arg>
<arg>SM</arg>
<arg>SN</arg>
<arg>SO</arg>
<arg>SR</arg>
<arg>SS</arg>
<arg>ST</arg>
<arg>SV</arg>
<arg>SX</arg>
<arg>SY</arg>
<arg>SZ</arg>
<arg>TC</arg>
<arg>TD</arg>
<arg>TF</arg>
<arg>TG</arg>
<arg>TH</arg>
<arg>TJ</arg>
<arg>TK</arg>
<arg>TL</arg>
<arg>TM</arg>
<arg>TN</arg>
<arg>TO</arg>
<arg>TR</arg>
<arg>TT</arg>
<arg>TV</arg>
<arg>TW</arg>
<arg>TZ</arg>
<arg>UA</arg>
<arg>UG</arg>
<arg>UM</arg>
<arg>US</arg>
<arg>UY</arg>
<arg>UZ</arg>
<arg>VA</arg>
<arg>VC</arg>
<arg>VE</arg>
<arg>VG</arg>
<arg>VI</arg>
<arg>VN</arg>
<arg>VU</arg>
<arg>WF</arg>
<arg>WS</arg>
<arg>XK</arg>
<arg>YE</arg>
<arg>YT</arg>
<arg>ZA</arg>
<arg>ZM</arg>
<arg>ZW</arg>
<doc>Returns a list containing given items.</doc>
<status status="PASS" start="2024-05-26T04:16:56.452992" elapsed="0.000621"/>
</kw>
<kw name="List Should Contain Value" owner="Collections">
<msg time="2024-05-26T04:16:56.454604" level="INFO">False</msg>
<arg>${list_country}</arg>
<arg>${name_country}</arg>
<doc>Fails if the ``value`` is not found from ``list``.</doc>
<status status="PASS" start="2024-05-26T04:16:56.454400" elapsed="0.000240"/>
</kw>
<kw name="Run Keyword If" owner="BuiltIn">
<kw name="Should Be True" owner="BuiltIn">
<arg>${True}</arg>
<doc>Fails if the given condition is not true.</doc>
<status status="PASS" start="2024-05-26T04:16:56.455752" elapsed="0.000149"/>
</kw>
<arg>${json_data["results"][0]["location"]["coordinates"]["latitude"]} &gt;= -90 and ${json_data["results"][0]["location"]["coordinates"]["latitude"]} &lt;= 90</arg>
<arg>Should Be True</arg>
<arg>${True}</arg>
<doc>Runs the given keyword with the given arguments, if ``condition`` is true.</doc>
<status status="PASS" start="2024-05-26T04:16:56.454957" elapsed="0.001070"/>
</kw>
<kw name="Run Keyword If" owner="BuiltIn">
<kw name="Should Be True" owner="BuiltIn">
<arg>${True}</arg>
<doc>Fails if the given condition is not true.</doc>
<status status="PASS" start="2024-05-26T04:16:56.456903" elapsed="0.000138"/>
</kw>
<arg>${json_data["results"][0]["location"]["coordinates"]["longitude"]} &gt;= -180 and ${json_data["results"][0]["location"]["coordinates"]["longitude"]} &lt;= 180</arg>
<arg>Should Be True</arg>
<arg>${True}</arg>
<doc>Runs the given keyword with the given arguments, if ``condition`` is true.</doc>
<status status="PASS" start="2024-05-26T04:16:56.456213" elapsed="0.000950"/>
</kw>
<status status="PASS" start="2024-05-26T04:16:56.360097" elapsed="0.097198"/>
</kw>
<doc>Testa o conteúdo específico dos campos retornados pela API.</doc>
<tag>testeConteudo</tag>
<status status="PASS" start="2024-05-26T04:16:56.359522" elapsed="0.097926"/>
</test>
<status status="PASS" start="2024-05-26T04:16:55.344003" elapsed="1.115360"/>
</suite>
<status status="PASS" start="2024-05-26T04:16:55.330520" elapsed="1.133997"/>
</suite>
<statistics>
<total>
<stat pass="5" fail="0" skip="0">All Tests</stat>
</total>
<tag>
<stat pass="1" fail="0" skip="0">testeConteudo</stat>
<stat pass="1" fail="0" skip="0">testeEstruturaResposta</stat>
<stat pass="1" fail="0" skip="0">testeRequisicaoBasica</stat>
<stat pass="1" fail="0" skip="0">testeTiposDados</stat>
</tag>
<suite>
<stat pass="5" fail="0" skip="0" id="s1" name="Tests">Tests</stat>
<stat pass="5" fail="0" skip="0" id="s1-s1" name="Random-User-Test">Tests.Random-User-Test</stat>
</suite>
</statistics>
<errors>
</errors>
</robot>
