<?xml version="1.0" encoding="UTF-8"?>
<robot generator="Robot 7.0 (Python 3.12.2 on linux)" generated="2024-03-24T14:11:25.184967" rpa="false" schemaversion="5">
<suite id="s1" name="Tests" source="/home/runner/work/DesafioQAItauRogerioJordao/DesafioQAItauRogerioJordao/RamdonUser/tests">
<suite id="s1-s1" name="Random-User-Test" source="/home/runner/work/DesafioQAItauRogerioJordao/DesafioQAItauRogerioJordao/RamdonUser/tests/random-user-test.robot">
<test id="s1-s1-t1" name="Conectar" line="13">
<kw name="Conectar API" owner="random-user-service">
<kw name="Create Session" owner="RequestsLibrary">
<msg time="2024-03-24T14:11:25.536931" level="INFO">Creating Session using : alias=consultarAPI, url=https://randomuser.me/, headers={},                     cookies={}, auth=None, timeout=None, proxies=None, verify=False,                     debug=0 </msg>
<arg>consultarAPI</arg>
<arg>${URL}</arg>
<doc>Create Session: create a HTTP session to a server</doc>
<status status="PASS" start="2024-03-24T14:11:25.536730" elapsed="0.000384"/>
</kw>
<status status="PASS" start="2024-03-24T14:11:25.535679" elapsed="0.001805"/>
</kw>
<status status="PASS" start="2024-03-24T14:11:25.535130" elapsed="0.002560"/>
</test>
<test id="s1-s1-t2" name="Validar retorno 200 e JSON Válido" line="16">
<kw name="Teste de Requisicao Basica" owner="random-user-service">
<kw name="GET On Session" owner="RequestsLibrary">
<msg time="2024-03-24T14:11:25.824398" level="INFO">GET Request : url=https://randomuser.me/api 
 path_url=/api 
 headers={'User-Agent': 'python-requests/2.31.0', 'Accept-Encoding': 'gzip, deflate', 'Accept': '*/*', 'Connection': 'keep-alive'} 
 body=None 
 </msg>
<msg time="2024-03-24T14:11:25.824582" level="INFO">GET Response : url=https://randomuser.me/api 
 status=200, reason=OK 
 headers={'Date': 'Sun, 24 Mar 2024 14:11:25 GMT', 'Content-Type': 'application/json; charset=utf-8', 'Transfer-Encoding': 'chunked', 'Connection': 'keep-alive', 'X-Powered-By': 'Express', 'Access-Control-Allow-Origin': '*', 'Cache-Control': 'no-cache', 'ETag': 'W/"49f-AJ55jXoJzxDsG3hpoPY2cTBVTis"', 'Vary': 'Accept-Encoding', 'Content-Encoding': 'gzip', 'CF-Cache-Status': 'DYNAMIC', 'Report-To': '{"endpoints":[{"url":"https:\\/\\/a.nel.cloudflare.com\\/report\\/v4?s=Bc1bMaNi2J2hIdXQSwS81KM7wyZp%2FK6%2FnGPPDYqsMKpS9f9EB8k81CNuqKUcVgISV2ffFeIW77P3blxFwWGTCWfXnlrDVe0K9w%2Fp0jwKCgfzIWza85m3%2FbELLUhKz%2FPz"}],"group":"cf-nel","max_age":604800}', 'NEL': '{"success_fraction":0,"report_to":"cf-nel","max_age":604800}', 'Server': 'cloudflare', 'CF-RAY': '869740159a240fd0-LAX', 'alt-svc': 'h3=":443"; ma=86400'} 
 body={"results":[{"gender":"male","name":{"title":"Mr","first":"Liberto","last":"da Conceição"},"location":{"street":{"number":7888,"name":"Rua Paraíba "},"city":"Sabará","state":"Mato Grosso","country":"Brazil","postcode":30732,"coordinates":{"latitude":"-79.4943","longitude":"-8.5267"},"timezone":{"offset":"-3:00","description":"Brazil, Buenos Aires, Georgetown"}},"email":"liberto.daconceicao@example.com","login":{"uuid":"935c7c63-8c9a-4bce-abc5-1499d1785805","username":"silvergoose173","password":"pink","salt":"FXKNRW45","md5":"be9701000f70aab2a4c39d12a792ca6e","sha1":"bd8767836a5a02e00c58b1d5f48fda9d8360ac5f","sha256":"ff347f4b1e09ffe4ac8154b19c45b571fbe38c7b03d3d9215b71d318c06f35fe"},"dob":{"date":"1960-02-19T13:51:56.498Z","age":64},"registered":{"date":"2013-08-20T10:09:32.435Z","age":10},"phone":"(81) 4535-0315","cell":"(07) 0986-5241","id":{"name":"CPF","value":"824.982.682-24"},"picture":{"large":"https://randomuser.me/api/portraits/men/62.jpg","medium":"https://randomuser.me/api/portraits/med/men/62.jpg","thumbnail":"https://randomuser.me/api/portraits/thumb/men/62.jpg"},"nat":"BR"}],"info":{"seed":"13dfaa9b588e61f2","results":1,"page":1,"version":"1.4"}} 
 </msg>
<msg time="2024-03-24T14:11:25.824721" level="INFO">/opt/hostedtoolcache/Python/3.12.2/x64/lib/python3.12/site-packages/urllib3/connectionpool.py:1103: InsecureRequestWarning: Unverified HTTPS request is being made to host 'randomuser.me'. Adding certificate verification is strongly advised. See: https://urllib3.readthedocs.io/en/latest/advanced-usage.html#tls-warnings
  warnings.warn(</msg>
<msg time="2024-03-24T14:11:25.824891" level="INFO">${response} = &lt;Response [200]&gt;</msg>
<var>${response}</var>
<arg>consultarAPI</arg>
<arg>/api</arg>
<doc>Sends a GET request on a previously created HTTP Session.</doc>
<status status="PASS" start="2024-03-24T14:11:25.540252" elapsed="0.284681"/>
</kw>
<kw name="Should Be Equal As Numbers" owner="BuiltIn">
<msg time="2024-03-24T14:11:25.825953" level="INFO">Argument types are:
&lt;class 'int'&gt;
&lt;class 'str'&gt;</msg>
<arg>${response.status_code}</arg>
<arg>200</arg>
<doc>Fails if objects are unequal after converting them to real numbers.</doc>
<status status="PASS" start="2024-03-24T14:11:25.825483" elapsed="0.000536"/>
</kw>
<kw name="Log" owner="BuiltIn">
<msg time="2024-03-24T14:11:25.826768" level="INFO">200</msg>
<arg>${response.status_code}</arg>
<doc>Logs the given message with the given level.</doc>
<status status="PASS" start="2024-03-24T14:11:25.826351" elapsed="0.000462"/>
</kw>
<kw name="Set Variable" owner="BuiltIn">
<msg time="2024-03-24T14:11:25.827604" level="INFO">${json_data} = {'results': [{'gender': 'male', 'name': {'title': 'Mr', 'first': 'Liberto', 'last': 'da Conceição'}, 'location': {'street': {'number': 7888, 'name': 'Rua Paraíba '}, 'city': 'Sabará', 'state': 'Mato G...</msg>
<var>${json_data}</var>
<arg>${response.json()}</arg>
<doc>Returns the given values which can then be assigned to a variables.</doc>
<status status="PASS" start="2024-03-24T14:11:25.827141" elapsed="0.000494"/>
</kw>
<kw name="Dictionary Should Contain Key" owner="Collections">
<msg time="2024-03-24T14:11:25.828116" level="INFO">False</msg>
<arg>${json_data}</arg>
<arg>results</arg>
<doc>Fails if ``key`` is not found from ``dictionary``.</doc>
<status status="PASS" start="2024-03-24T14:11:25.827943" elapsed="0.000214"/>
</kw>
<status status="PASS" start="2024-03-24T14:11:25.539999" elapsed="0.288428"/>
</kw>
<doc>Testa se a API responde corretamente e retorna um objeto JSON válido.</doc>
<tag>testeRequisicaoBasica</tag>
<status status="PASS" start="2024-03-24T14:11:25.539542" elapsed="0.289081"/>
</test>
<test id="s1-s1-t3" name="Validar estrutura de resposta" line="22">
<kw name="Teste de Estrutura de Resposta" owner="random-user-service">
<kw name="GET On Session" owner="RequestsLibrary">
<msg time="2024-03-24T14:11:25.925166" level="INFO">GET Request : url=https://randomuser.me/api 
 path_url=/api 
 headers={'User-Agent': 'python-requests/2.31.0', 'Accept-Encoding': 'gzip, deflate', 'Accept': '*/*', 'Connection': 'keep-alive'} 
 body=None 
 </msg>
<msg time="2024-03-24T14:11:25.925266" level="INFO">GET Response : url=https://randomuser.me/api 
 status=200, reason=OK 
 headers={'Date': 'Sun, 24 Mar 2024 14:11:25 GMT', 'Content-Type': 'application/json; charset=utf-8', 'Transfer-Encoding': 'chunked', 'Connection': 'keep-alive', 'X-Powered-By': 'Express', 'Access-Control-Allow-Origin': '*', 'Cache-Control': 'no-cache', 'ETag': 'W/"4b4-61aMGiwbVj5tGhOI6Q3zFAgcRq4"', 'Vary': 'Accept-Encoding', 'Content-Encoding': 'gzip', 'CF-Cache-Status': 'DYNAMIC', 'Report-To': '{"endpoints":[{"url":"https:\\/\\/a.nel.cloudflare.com\\/report\\/v4?s=R%2F834bfNghSHJNliuipgBrtQOO3KgyqNWEdBy%2FqM2vU3jh%2FOa9i3emWez1cP0GiqNtoQ4HwAuCJkwbK07TtEPQapH71J1YCGPpW19ujba6ARM4Of59wQcRiltVZkfgyk"}],"group":"cf-nel","max_age":604800}', 'NEL': '{"success_fraction":0,"report_to":"cf-nel","max_age":604800}', 'Server': 'cloudflare', 'CF-RAY': '869740167b010fd0-LAX', 'alt-svc': 'h3=":443"; ma=86400'} 
 body={"results":[{"gender":"female","name":{"title":"Miss","first":"Lorraine","last":"Patterson"},"location":{"street":{"number":3155,"name":"Spring Hill Rd"},"city":"Grants Pass","state":"Connecticut","country":"United States","postcode":90501,"coordinates":{"latitude":"89.5700","longitude":"144.7847"},"timezone":{"offset":"-6:00","description":"Central Time (US &amp; Canada), Mexico City"}},"email":"lorraine.patterson@example.com","login":{"uuid":"9a435c52-e237-47f6-99bb-0bf7da4d354f","username":"sadbear727","password":"pimpdadd","salt":"lmCD9zJM","md5":"016c82a3b4e0bce982ada6267a4982c9","sha1":"dfbc769668f4bd405639ee936a3e8827b7c8f60e","sha256":"444a59b723bef8efb9e17e99e279417ca7c4279e30d83e6eed9a2eae30f02d0d"},"dob":{"date":"1998-03-18T19:32:06.024Z","age":26},"registered":{"date":"2011-02-01T15:03:33.464Z","age":13},"phone":"(728) 332-9387","cell":"(512) 604-2636","id":{"name":"SSN","value":"195-48-2582"},"picture":{"large":"https://randomuser.me/api/portraits/women/79.jpg","medium":"https://randomuser.me/api/portraits/med/women/79.jpg","thumbnail":"https://randomuser.me/api/portraits/thumb/women/79.jpg"},"nat":"US"}],"info":{"seed":"c2bc092645a0aafd","results":1,"page":1,"version":"1.4"}} 
 </msg>
<msg time="2024-03-24T14:11:25.925411" level="INFO">/opt/hostedtoolcache/Python/3.12.2/x64/lib/python3.12/site-packages/urllib3/connectionpool.py:1103: InsecureRequestWarning: Unverified HTTPS request is being made to host 'randomuser.me'. Adding certificate verification is strongly advised. See: https://urllib3.readthedocs.io/en/latest/advanced-usage.html#tls-warnings
  warnings.warn(</msg>
<msg time="2024-03-24T14:11:25.925549" level="INFO">${response} = &lt;Response [200]&gt;</msg>
<var>${response}</var>
<arg>consultarAPI</arg>
<arg>/api</arg>
<doc>Sends a GET request on a previously created HTTP Session.</doc>
<status status="PASS" start="2024-03-24T14:11:25.831555" elapsed="0.094034"/>
</kw>
<kw name="Set Variable" owner="BuiltIn">
<msg time="2024-03-24T14:11:25.926787" level="INFO">${json_data} = {'results': [{'gender': 'female', 'name': {'title': 'Miss', 'first': 'Lorraine', 'last': 'Patterson'}, 'location': {'street': {'number': 3155, 'name': 'Spring Hill Rd'}, 'city': 'Grants Pass', 'state'...</msg>
<var>${json_data}</var>
<arg>${response.json()}</arg>
<doc>Returns the given values which can then be assigned to a variables.</doc>
<status status="PASS" start="2024-03-24T14:11:25.926197" elapsed="0.000618"/>
</kw>
<kw name="Log" owner="BuiltIn">
<msg time="2024-03-24T14:11:25.927292" level="INFO">{'results': [{'gender': 'female', 'name': {'title': 'Miss', 'first': 'Lorraine', 'last': 'Patterson'}, 'location': {'street': {'number': 3155, 'name': 'Spring Hill Rd'}, 'city': 'Grants Pass', 'state': 'Connecticut', 'country': 'United States', 'postcode': 90501, 'coordinates': {'latitude': '89.5700', 'longitude': '144.7847'}, 'timezone': {'offset': '-6:00', 'description': 'Central Time (US &amp; Canada), Mexico City'}}, 'email': 'lorraine.patterson@example.com', 'login': {'uuid': '9a435c52-e237-47f6-99bb-0bf7da4d354f', 'username': 'sadbear727', 'password': 'pimpdadd', 'salt': 'lmCD9zJM', 'md5': '016c82a3b4e0bce982ada6267a4982c9', 'sha1': 'dfbc769668f4bd405639ee936a3e8827b7c8f60e', 'sha256': '444a59b723bef8efb9e17e99e279417ca7c4279e30d83e6eed9a2eae30f02d0d'}, 'dob': {'date': '1998-03-18T19:32:06.024Z', 'age': 26}, 'registered': {'date': '2011-02-01T15:03:33.464Z', 'age': 13}, 'phone': '(728) 332-9387', 'cell': '(512) 604-2636', 'id': {'name': 'SSN', 'value': '195-48-2582'}, 'picture': {'large': 'https://randomuser.me/api/portraits/women/79.jpg', 'medium': 'https://randomuser.me/api/portraits/med/women/79.jpg', 'thumbnail': 'https://randomuser.me/api/portraits/thumb/women/79.jpg'}, 'nat': 'US'}], 'info': {'seed': 'c2bc092645a0aafd', 'results': 1, 'page': 1, 'version': '1.4'}}</msg>
<arg>${json_data}</arg>
<doc>Logs the given message with the given level.</doc>
<status status="PASS" start="2024-03-24T14:11:25.927129" elapsed="0.000213"/>
</kw>
<kw name="Dictionary Should Contain Key" owner="Collections">
<msg time="2024-03-24T14:11:25.927794" level="INFO">False</msg>
<arg>${json_data}</arg>
<arg>results</arg>
<doc>Fails if ``key`` is not found from ``dictionary``.</doc>
<status status="PASS" start="2024-03-24T14:11:25.927637" elapsed="0.000194"/>
</kw>
<kw name="Should Not Be Empty" owner="BuiltIn">
<msg time="2024-03-24T14:11:25.928255" level="INFO">Length is 2.</msg>
<arg>${json_data}</arg>
<doc>Verifies that the given item is not empty.</doc>
<status status="PASS" start="2024-03-24T14:11:25.928123" elapsed="0.000177"/>
</kw>
<kw name="Create List" owner="BuiltIn">
<msg time="2024-03-24T14:11:25.928741" level="INFO">${expected_keys} = ['gender', 'name', 'location', 'email', 'login']</msg>
<var>${expected_keys}</var>
<arg>gender</arg>
<arg>name</arg>
<arg>location</arg>
<arg>email</arg>
<arg>login</arg>
<doc>Returns a list containing given items.</doc>
<status status="PASS" start="2024-03-24T14:11:25.928595" elapsed="0.000170"/>
</kw>
<for flavor="IN">
<iter>
<kw name="Dictionary Should Contain Key" owner="Collections">
<msg time="2024-03-24T14:11:25.929756" level="INFO">False</msg>
<arg>${json_data['results'][0]}</arg>
<arg>${key}</arg>
<doc>Fails if ``key`` is not found from ``dictionary``.</doc>
<status status="PASS" start="2024-03-24T14:11:25.929347" elapsed="0.000448"/>
</kw>
<kw name="Log" owner="BuiltIn">
<msg time="2024-03-24T14:11:25.930467" level="INFO">{'gender': 'female', 'name': {'title': 'Miss', 'first': 'Lorraine', 'last': 'Patterson'}, 'location': {'street': {'number': 3155, 'name': 'Spring Hill Rd'}, 'city': 'Grants Pass', 'state': 'Connecticut', 'country': 'United States', 'postcode': 90501, 'coordinates': {'latitude': '89.5700', 'longitude': '144.7847'}, 'timezone': {'offset': '-6:00', 'description': 'Central Time (US &amp; Canada), Mexico City'}}, 'email': 'lorraine.patterson@example.com', 'login': {'uuid': '9a435c52-e237-47f6-99bb-0bf7da4d354f', 'username': 'sadbear727', 'password': 'pimpdadd', 'salt': 'lmCD9zJM', 'md5': '016c82a3b4e0bce982ada6267a4982c9', 'sha1': 'dfbc769668f4bd405639ee936a3e8827b7c8f60e', 'sha256': '444a59b723bef8efb9e17e99e279417ca7c4279e30d83e6eed9a2eae30f02d0d'}, 'dob': {'date': '1998-03-18T19:32:06.024Z', 'age': 26}, 'registered': {'date': '2011-02-01T15:03:33.464Z', 'age': 13}, 'phone': '(728) 332-9387', 'cell': '(512) 604-2636', 'id': {'name': 'SSN', 'value': '195-48-2582'}, 'picture': {'large': 'https://randomuser.me/api/portraits/women/79.jpg', 'medium': 'https://randomuser.me/api/portraits/med/women/79.jpg', 'thumbnail': 'https://randomuser.me/api/portraits/thumb/women/79.jpg'}, 'nat': 'US'}</msg>
<arg>${json_data['results'][0]}</arg>
<doc>Logs the given message with the given level.</doc>
<status status="PASS" start="2024-03-24T14:11:25.930099" elapsed="0.000451"/>
</kw>
<kw name="Log" owner="BuiltIn">
<msg time="2024-03-24T14:11:25.930986" level="INFO">gender</msg>
<arg>${key}</arg>
<doc>Logs the given message with the given level.</doc>
<status status="PASS" start="2024-03-24T14:11:25.930855" elapsed="0.000172"/>
</kw>
<var name="${key}">gender</var>
<status status="PASS" start="2024-03-24T14:11:25.929222" elapsed="0.002046"/>
</iter>
<iter>
<kw name="Dictionary Should Contain Key" owner="Collections">
<msg time="2024-03-24T14:11:25.931959" level="INFO">False</msg>
<arg>${json_data['results'][0]}</arg>
<arg>${key}</arg>
<doc>Fails if ``key`` is not found from ``dictionary``.</doc>
<status status="PASS" start="2024-03-24T14:11:25.931571" elapsed="0.000464"/>
</kw>
<kw name="Log" owner="BuiltIn">
<msg time="2024-03-24T14:11:25.932695" level="INFO">{'gender': 'female', 'name': {'title': 'Miss', 'first': 'Lorraine', 'last': 'Patterson'}, 'location': {'street': {'number': 3155, 'name': 'Spring Hill Rd'}, 'city': 'Grants Pass', 'state': 'Connecticut', 'country': 'United States', 'postcode': 90501, 'coordinates': {'latitude': '89.5700', 'longitude': '144.7847'}, 'timezone': {'offset': '-6:00', 'description': 'Central Time (US &amp; Canada), Mexico City'}}, 'email': 'lorraine.patterson@example.com', 'login': {'uuid': '9a435c52-e237-47f6-99bb-0bf7da4d354f', 'username': 'sadbear727', 'password': 'pimpdadd', 'salt': 'lmCD9zJM', 'md5': '016c82a3b4e0bce982ada6267a4982c9', 'sha1': 'dfbc769668f4bd405639ee936a3e8827b7c8f60e', 'sha256': '444a59b723bef8efb9e17e99e279417ca7c4279e30d83e6eed9a2eae30f02d0d'}, 'dob': {'date': '1998-03-18T19:32:06.024Z', 'age': 26}, 'registered': {'date': '2011-02-01T15:03:33.464Z', 'age': 13}, 'phone': '(728) 332-9387', 'cell': '(512) 604-2636', 'id': {'name': 'SSN', 'value': '195-48-2582'}, 'picture': {'large': 'https://randomuser.me/api/portraits/women/79.jpg', 'medium': 'https://randomuser.me/api/portraits/med/women/79.jpg', 'thumbnail': 'https://randomuser.me/api/portraits/thumb/women/79.jpg'}, 'nat': 'US'}</msg>
<arg>${json_data['results'][0]}</arg>
<doc>Logs the given message with the given level.</doc>
<status status="PASS" start="2024-03-24T14:11:25.932337" elapsed="0.000408"/>
</kw>
<kw name="Log" owner="BuiltIn">
<msg time="2024-03-24T14:11:25.933171" level="INFO">name</msg>
<arg>${key}</arg>
<doc>Logs the given message with the given level.</doc>
<status status="PASS" start="2024-03-24T14:11:25.933043" elapsed="0.000166"/>
</kw>
<var name="${key}">name</var>
<status status="PASS" start="2024-03-24T14:11:25.931455" elapsed="0.001969"/>
</iter>
<iter>
<kw name="Dictionary Should Contain Key" owner="Collections">
<msg time="2024-03-24T14:11:25.934095" level="INFO">False</msg>
<arg>${json_data['results'][0]}</arg>
<arg>${key}</arg>
<doc>Fails if ``key`` is not found from ``dictionary``.</doc>
<status status="PASS" start="2024-03-24T14:11:25.933712" elapsed="0.000420"/>
</kw>
<kw name="Log" owner="BuiltIn">
<msg time="2024-03-24T14:11:25.934828" level="INFO">{'gender': 'female', 'name': {'title': 'Miss', 'first': 'Lorraine', 'last': 'Patterson'}, 'location': {'street': {'number': 3155, 'name': 'Spring Hill Rd'}, 'city': 'Grants Pass', 'state': 'Connecticut', 'country': 'United States', 'postcode': 90501, 'coordinates': {'latitude': '89.5700', 'longitude': '144.7847'}, 'timezone': {'offset': '-6:00', 'description': 'Central Time (US &amp; Canada), Mexico City'}}, 'email': 'lorraine.patterson@example.com', 'login': {'uuid': '9a435c52-e237-47f6-99bb-0bf7da4d354f', 'username': 'sadbear727', 'password': 'pimpdadd', 'salt': 'lmCD9zJM', 'md5': '016c82a3b4e0bce982ada6267a4982c9', 'sha1': 'dfbc769668f4bd405639ee936a3e8827b7c8f60e', 'sha256': '444a59b723bef8efb9e17e99e279417ca7c4279e30d83e6eed9a2eae30f02d0d'}, 'dob': {'date': '1998-03-18T19:32:06.024Z', 'age': 26}, 'registered': {'date': '2011-02-01T15:03:33.464Z', 'age': 13}, 'phone': '(728) 332-9387', 'cell': '(512) 604-2636', 'id': {'name': 'SSN', 'value': '195-48-2582'}, 'picture': {'large': 'https://randomuser.me/api/portraits/women/79.jpg', 'medium': 'https://randomuser.me/api/portraits/med/women/79.jpg', 'thumbnail': 'https://randomuser.me/api/portraits/thumb/women/79.jpg'}, 'nat': 'US'}</msg>
<arg>${json_data['results'][0]}</arg>
<doc>Logs the given message with the given level.</doc>
<status status="PASS" start="2024-03-24T14:11:25.934440" elapsed="0.000442"/>
</kw>
<kw name="Log" owner="BuiltIn">
<msg time="2024-03-24T14:11:25.935304" level="INFO">location</msg>
<arg>${key}</arg>
<doc>Logs the given message with the given level.</doc>
<status status="PASS" start="2024-03-24T14:11:25.935177" elapsed="0.000165"/>
</kw>
<var name="${key}">location</var>
<status status="PASS" start="2024-03-24T14:11:25.933601" elapsed="0.001955"/>
</iter>
<iter>
<kw name="Dictionary Should Contain Key" owner="Collections">
<msg time="2024-03-24T14:11:25.936218" level="INFO">False</msg>
<arg>${json_data['results'][0]}</arg>
<arg>${key}</arg>
<doc>Fails if ``key`` is not found from ``dictionary``.</doc>
<status status="PASS" start="2024-03-24T14:11:25.935837" elapsed="0.000419"/>
</kw>
<kw name="Log" owner="BuiltIn">
<msg time="2024-03-24T14:11:25.936921" level="INFO">{'gender': 'female', 'name': {'title': 'Miss', 'first': 'Lorraine', 'last': 'Patterson'}, 'location': {'street': {'number': 3155, 'name': 'Spring Hill Rd'}, 'city': 'Grants Pass', 'state': 'Connecticut', 'country': 'United States', 'postcode': 90501, 'coordinates': {'latitude': '89.5700', 'longitude': '144.7847'}, 'timezone': {'offset': '-6:00', 'description': 'Central Time (US &amp; Canada), Mexico City'}}, 'email': 'lorraine.patterson@example.com', 'login': {'uuid': '9a435c52-e237-47f6-99bb-0bf7da4d354f', 'username': 'sadbear727', 'password': 'pimpdadd', 'salt': 'lmCD9zJM', 'md5': '016c82a3b4e0bce982ada6267a4982c9', 'sha1': 'dfbc769668f4bd405639ee936a3e8827b7c8f60e', 'sha256': '444a59b723bef8efb9e17e99e279417ca7c4279e30d83e6eed9a2eae30f02d0d'}, 'dob': {'date': '1998-03-18T19:32:06.024Z', 'age': 26}, 'registered': {'date': '2011-02-01T15:03:33.464Z', 'age': 13}, 'phone': '(728) 332-9387', 'cell': '(512) 604-2636', 'id': {'name': 'SSN', 'value': '195-48-2582'}, 'picture': {'large': 'https://randomuser.me/api/portraits/women/79.jpg', 'medium': 'https://randomuser.me/api/portraits/med/women/79.jpg', 'thumbnail': 'https://randomuser.me/api/portraits/thumb/women/79.jpg'}, 'nat': 'US'}</msg>
<arg>${json_data['results'][0]}</arg>
<doc>Logs the given message with the given level.</doc>
<status status="PASS" start="2024-03-24T14:11:25.936554" elapsed="0.000415"/>
</kw>
<kw name="Log" owner="BuiltIn">
<msg time="2024-03-24T14:11:25.937395" level="INFO">email</msg>
<arg>${key}</arg>
<doc>Logs the given message with the given level.</doc>
<status status="PASS" start="2024-03-24T14:11:25.937267" elapsed="0.000167"/>
</kw>
<var name="${key}">email</var>
<status status="PASS" start="2024-03-24T14:11:25.935727" elapsed="0.001920"/>
</iter>
<iter>
<kw name="Dictionary Should Contain Key" owner="Collections">
<msg time="2024-03-24T14:11:25.938311" level="INFO">False</msg>
<arg>${json_data['results'][0]}</arg>
<arg>${key}</arg>
<doc>Fails if ``key`` is not found from ``dictionary``.</doc>
<status status="PASS" start="2024-03-24T14:11:25.937929" elapsed="0.000420"/>
</kw>
<kw name="Log" owner="BuiltIn">
<msg time="2024-03-24T14:11:25.939029" level="INFO">{'gender': 'female', 'name': {'title': 'Miss', 'first': 'Lorraine', 'last': 'Patterson'}, 'location': {'street': {'number': 3155, 'name': 'Spring Hill Rd'}, 'city': 'Grants Pass', 'state': 'Connecticut', 'country': 'United States', 'postcode': 90501, 'coordinates': {'latitude': '89.5700', 'longitude': '144.7847'}, 'timezone': {'offset': '-6:00', 'description': 'Central Time (US &amp; Canada), Mexico City'}}, 'email': 'lorraine.patterson@example.com', 'login': {'uuid': '9a435c52-e237-47f6-99bb-0bf7da4d354f', 'username': 'sadbear727', 'password': 'pimpdadd', 'salt': 'lmCD9zJM', 'md5': '016c82a3b4e0bce982ada6267a4982c9', 'sha1': 'dfbc769668f4bd405639ee936a3e8827b7c8f60e', 'sha256': '444a59b723bef8efb9e17e99e279417ca7c4279e30d83e6eed9a2eae30f02d0d'}, 'dob': {'date': '1998-03-18T19:32:06.024Z', 'age': 26}, 'registered': {'date': '2011-02-01T15:03:33.464Z', 'age': 13}, 'phone': '(728) 332-9387', 'cell': '(512) 604-2636', 'id': {'name': 'SSN', 'value': '195-48-2582'}, 'picture': {'large': 'https://randomuser.me/api/portraits/women/79.jpg', 'medium': 'https://randomuser.me/api/portraits/med/women/79.jpg', 'thumbnail': 'https://randomuser.me/api/portraits/thumb/women/79.jpg'}, 'nat': 'US'}</msg>
<arg>${json_data['results'][0]}</arg>
<doc>Logs the given message with the given level.</doc>
<status status="PASS" start="2024-03-24T14:11:25.938669" elapsed="0.000407"/>
</kw>
<kw name="Log" owner="BuiltIn">
<msg time="2024-03-24T14:11:25.939525" level="INFO">login</msg>
<arg>${key}</arg>
<doc>Logs the given message with the given level.</doc>
<status status="PASS" start="2024-03-24T14:11:25.939395" elapsed="0.000275"/>
</kw>
<var name="${key}">login</var>
<status status="PASS" start="2024-03-24T14:11:25.937818" elapsed="0.002079"/>
</iter>
<var>${key}</var>
<value>@{expected_keys}</value>
<status status="PASS" start="2024-03-24T14:11:25.929027" elapsed="0.010995"/>
</for>
<kw name="Create List" owner="BuiltIn">
<msg time="2024-03-24T14:11:25.940353" level="INFO">${expected_keysTwo} = ['username', 'password']</msg>
<var>${expected_keysTwo}</var>
<arg>username</arg>
<arg>password</arg>
<doc>Returns a list containing given items.</doc>
<status status="PASS" start="2024-03-24T14:11:25.940215" elapsed="0.000161"/>
</kw>
<for flavor="IN">
<iter>
<kw name="Dictionary Should Contain Key" owner="Collections">
<msg time="2024-03-24T14:11:25.941249" level="INFO">False</msg>
<arg>${json_data['results'][0]['login']}</arg>
<arg>${keyTwo}</arg>
<doc>Fails if ``key`` is not found from ``dictionary``.</doc>
<status status="PASS" start="2024-03-24T14:11:25.940873" elapsed="0.000412"/>
</kw>
<kw name="Dictionary Should Contain Key" owner="Collections">
<msg time="2024-03-24T14:11:25.941972" level="INFO">False</msg>
<arg>${json_data['results'][0]['login']}</arg>
<arg>${keyTwo}</arg>
<doc>Fails if ``key`` is not found from ``dictionary``.</doc>
<status status="PASS" start="2024-03-24T14:11:25.941593" elapsed="0.000417"/>
</kw>
<kw name="Log" owner="BuiltIn">
<msg time="2024-03-24T14:11:25.942427" level="INFO">username</msg>
<arg>${keyTwo}</arg>
<doc>Logs the given message with the given level.</doc>
<status status="PASS" start="2024-03-24T14:11:25.942300" elapsed="0.000164"/>
</kw>
<var name="${keyTwo}">username</var>
<status status="PASS" start="2024-03-24T14:11:25.940764" elapsed="0.001947"/>
</iter>
<iter>
<kw name="Dictionary Should Contain Key" owner="Collections">
<msg time="2024-03-24T14:11:25.943371" level="INFO">False</msg>
<arg>${json_data['results'][0]['login']}</arg>
<arg>${keyTwo}</arg>
<doc>Fails if ``key`` is not found from ``dictionary``.</doc>
<status status="PASS" start="2024-03-24T14:11:25.942990" elapsed="0.000418"/>
</kw>
<kw name="Dictionary Should Contain Key" owner="Collections">
<msg time="2024-03-24T14:11:25.944068" level="INFO">False</msg>
<arg>${json_data['results'][0]['login']}</arg>
<arg>${keyTwo}</arg>
<doc>Fails if ``key`` is not found from ``dictionary``.</doc>
<status status="PASS" start="2024-03-24T14:11:25.943696" elapsed="0.000407"/>
</kw>
<kw name="Log" owner="BuiltIn">
<msg time="2024-03-24T14:11:25.944514" level="INFO">password</msg>
<arg>${keyTwo}</arg>
<doc>Logs the given message with the given level.</doc>
<status status="PASS" start="2024-03-24T14:11:25.944390" elapsed="0.000161"/>
</kw>
<var name="${keyTwo}">password</var>
<status status="PASS" start="2024-03-24T14:11:25.942882" elapsed="0.001881"/>
</iter>
<var>${keyTwo}</var>
<value>@{expected_keysTwo}</value>
<status status="PASS" start="2024-03-24T14:11:25.940612" elapsed="0.004271"/>
</for>
<status status="PASS" start="2024-03-24T14:11:25.831311" elapsed="0.113712"/>
</kw>
<doc>Testa a estrutura da resposta da API.</doc>
<tag>testeEstruturaResposta</tag>
<status status="PASS" start="2024-03-24T14:11:25.830515" elapsed="0.114671"/>
</test>
<test id="s1-s1-t4" name="Validar tipos de dados" line="28">
<kw name="Teste de Tipos de Dados" owner="random-user-service">
<kw name="GET On Session" owner="RequestsLibrary">
<msg time="2024-03-24T14:11:26.049531" level="INFO">GET Request : url=https://randomuser.me/api 
 path_url=/api 
 headers={'User-Agent': 'python-requests/2.31.0', 'Accept-Encoding': 'gzip, deflate', 'Accept': '*/*', 'Connection': 'keep-alive'} 
 body=None 
 </msg>
<msg time="2024-03-24T14:11:26.049616" level="INFO">GET Response : url=https://randomuser.me/api 
 status=200, reason=OK 
 headers={'Date': 'Sun, 24 Mar 2024 14:11:26 GMT', 'Content-Type': 'application/json; charset=utf-8', 'Transfer-Encoding': 'chunked', 'Connection': 'keep-alive', 'X-Powered-By': 'Express', 'Access-Control-Allow-Origin': '*', 'Cache-Control': 'no-cache', 'ETag': 'W/"473-7tmJxXdfzimZ+wI5zdt+BmcXFHQ"', 'Vary': 'Accept-Encoding', 'Content-Encoding': 'gzip', 'CF-Cache-Status': 'DYNAMIC', 'Report-To': '{"endpoints":[{"url":"https:\\/\\/a.nel.cloudflare.com\\/report\\/v4?s=J0xDj20PvMXMLHSmAMdWf3phB1HmPRR8haFSKPuT7V4MrwO1sTokVmR71aH%2F5r03PQwZO1egjzZhqvP38G1w9Pr4p%2ByMpHhaI6Ehc4oHKVfjaH3oEvhG0hBaSG%2B30RrO"}],"group":"cf-nel","max_age":604800}', 'NEL': '{"success_fraction":0,"report_to":"cf-nel","max_age":604800}', 'Server': 'cloudflare', 'CF-RAY': '869740173bc60fd0-LAX', 'alt-svc': 'h3=":443"; ma=86400'} 
 body={"results":[{"gender":"female","name":{"title":"Ms","first":"Jasmine","last":"Harris"},"location":{"street":{"number":1468,"name":"North Street"},"city":"Timaru","state":"Wellington","country":"New Zealand","postcode":67694,"coordinates":{"latitude":"48.1693","longitude":"18.6127"},"timezone":{"offset":"+5:45","description":"Kathmandu"}},"email":"jasmine.harris@example.com","login":{"uuid":"73eb29de-afab-4e78-b661-3551e69bfa1e","username":"bigduck391","password":"hentai","salt":"8OR4CGox","md5":"1ca6779d0bd97ca34d283d4e2b94bd73","sha1":"a5060ccf5df07952ccb59fd584490aa74e5dfa12","sha256":"bd9a85e3bfaea68531d3f2b92a6fb7c4066049e654bb1fb4a6d62ee7179cfbba"},"dob":{"date":"1962-08-14T10:32:32.268Z","age":61},"registered":{"date":"2003-09-08T03:50:04.211Z","age":20},"phone":"(466)-961-9266","cell":"(044)-338-7261","id":{"name":"","value":null},"picture":{"large":"https://randomuser.me/api/portraits/women/87.jpg","medium":"https://randomuser.me/api/portraits/med/women/87.jpg","thumbnail":"https://randomuser.me/api/portraits/thumb/women/87.jpg"},"nat":"NZ"}],"info":{"seed":"d7183635ed1eff43","results":1,"page":1,"version":"1.4"}} 
 </msg>
<msg time="2024-03-24T14:11:26.049687" level="INFO">/opt/hostedtoolcache/Python/3.12.2/x64/lib/python3.12/site-packages/urllib3/connectionpool.py:1103: InsecureRequestWarning: Unverified HTTPS request is being made to host 'randomuser.me'. Adding certificate verification is strongly advised. See: https://urllib3.readthedocs.io/en/latest/advanced-usage.html#tls-warnings
  warnings.warn(</msg>
<msg time="2024-03-24T14:11:26.049807" level="INFO">${response} = &lt;Response [200]&gt;</msg>
<var>${response}</var>
<arg>consultarAPI</arg>
<arg>/api</arg>
<doc>Sends a GET request on a previously created HTTP Session.</doc>
<status status="PASS" start="2024-03-24T14:11:25.947773" elapsed="0.102088"/>
</kw>
<kw name="Set Variable" owner="BuiltIn">
<msg time="2024-03-24T14:11:26.051002" level="INFO">${json_data} = {'results': [{'gender': 'female', 'name': {'title': 'Ms', 'first': 'Jasmine', 'last': 'Harris'}, 'location': {'street': {'number': 1468, 'name': 'North Street'}, 'city': 'Timaru', 'state': 'Wellington...</msg>
<var>${json_data}</var>
<arg>${response.json()}</arg>
<doc>Returns the given values which can then be assigned to a variables.</doc>
<status status="PASS" start="2024-03-24T14:11:26.050416" elapsed="0.000615"/>
</kw>
<kw name="Log" owner="BuiltIn">
<msg time="2024-03-24T14:11:26.051503" level="INFO">{'results': [{'gender': 'female', 'name': {'title': 'Ms', 'first': 'Jasmine', 'last': 'Harris'}, 'location': {'street': {'number': 1468, 'name': 'North Street'}, 'city': 'Timaru', 'state': 'Wellington', 'country': 'New Zealand', 'postcode': 67694, 'coordinates': {'latitude': '48.1693', 'longitude': '18.6127'}, 'timezone': {'offset': '+5:45', 'description': 'Kathmandu'}}, 'email': 'jasmine.harris@example.com', 'login': {'uuid': '73eb29de-afab-4e78-b661-3551e69bfa1e', 'username': 'bigduck391', 'password': 'hentai', 'salt': '8OR4CGox', 'md5': '1ca6779d0bd97ca34d283d4e2b94bd73', 'sha1': 'a5060ccf5df07952ccb59fd584490aa74e5dfa12', 'sha256': 'bd9a85e3bfaea68531d3f2b92a6fb7c4066049e654bb1fb4a6d62ee7179cfbba'}, 'dob': {'date': '1962-08-14T10:32:32.268Z', 'age': 61}, 'registered': {'date': '2003-09-08T03:50:04.211Z', 'age': 20}, 'phone': '(466)-961-9266', 'cell': '(044)-338-7261', 'id': {'name': '', 'value': None}, 'picture': {'large': 'https://randomuser.me/api/portraits/women/87.jpg', 'medium': 'https://randomuser.me/api/portraits/med/women/87.jpg', 'thumbnail': 'https://randomuser.me/api/portraits/thumb/women/87.jpg'}, 'nat': 'NZ'}], 'info': {'seed': 'd7183635ed1eff43', 'results': 1, 'page': 1, 'version': '1.4'}}</msg>
<arg>${json_data}</arg>
<doc>Logs the given message with the given level.</doc>
<status status="PASS" start="2024-03-24T14:11:26.051342" elapsed="0.000241"/>
</kw>
<kw name="Should Be String" owner="String">
<arg>${json_data['results'][0]['gender']}</arg>
<doc>Fails if the given ``item`` is not a string.</doc>
<status status="PASS" start="2024-03-24T14:11:26.051884" elapsed="0.000357"/>
</kw>
<kw name="Should Match Regexp" owner="BuiltIn">
<arg>${json_data['results'][0]['email']}</arg>
<arg>^[a-zA-Z0-9._%+-]+@[a-zA-Z0-9.-]+\.[a-zA-Z]{2,}$</arg>
<doc>Fails if ``string`` does not match ``pattern`` as a regular expression.</doc>
<status status="PASS" start="2024-03-24T14:11:26.052434" elapsed="0.000521"/>
</kw>
<kw name="Should Match Regexp" owner="BuiltIn">
<arg>${json_data['results'][0]['dob']['date']}</arg>
<arg>\\d{4}-\\d{2}-\\d{2}T\\d{2}:\\d{2}:\\d{2}\\.\\d{3}Z</arg>
<doc>Fails if ``string`` does not match ``pattern`` as a regular expression.</doc>
<status status="PASS" start="2024-03-24T14:11:26.053151" elapsed="0.000483"/>
</kw>
<kw name="Should Match Regexp" owner="BuiltIn">
<arg>${json_data['results'][0]['registered']['date']}</arg>
<arg>\\d{4}-\\d{2}-\\d{2}T\\d{2}:\\d{2}:\\d{2}\\.\\d{3}Z</arg>
<doc>Fails if ``string`` does not match ``pattern`` as a regular expression.</doc>
<status status="PASS" start="2024-03-24T14:11:26.053825" elapsed="0.000365"/>
</kw>
<kw name="Should Match Regexp" owner="BuiltIn">
<arg>${json_data['results'][0]['picture']['large']}</arg>
<arg>^https?://.*\.(?:png|jpe?g|gif|bmp)$</arg>
<doc>Fails if ``string`` does not match ``pattern`` as a regular expression.</doc>
<status status="PASS" start="2024-03-24T14:11:26.054376" elapsed="0.000502"/>
</kw>
<kw name="Should Match Regexp" owner="BuiltIn">
<arg>${json_data['results'][0]['picture']['medium']}</arg>
<arg>^https?://.*\.(?:png|jpe?g|gif|bmp)$</arg>
<doc>Fails if ``string`` does not match ``pattern`` as a regular expression.</doc>
<status status="PASS" start="2024-03-24T14:11:26.055067" elapsed="0.000363"/>
</kw>
<kw name="Should Match Regexp" owner="BuiltIn">
<arg>${json_data['results'][0]['picture']['thumbnail']}</arg>
<arg>^https?://.*\.(?:png|jpe?g|gif|bmp)$</arg>
<doc>Fails if ``string`` does not match ``pattern`` as a regular expression.</doc>
<status status="PASS" start="2024-03-24T14:11:26.055613" elapsed="0.000347"/>
</kw>
<kw name="Log" owner="BuiltIn">
<msg time="2024-03-24T14:11:26.056466" level="INFO">{'large': 'https://randomuser.me/api/portraits/women/87.jpg', 'medium': 'https://randomuser.me/api/portraits/med/women/87.jpg', 'thumbnail': 'https://randomuser.me/api/portraits/thumb/women/87.jpg'}</msg>
<arg>${json_data['results'][0]['picture']}</arg>
<doc>Logs the given message with the given level.</doc>
<status status="PASS" start="2024-03-24T14:11:26.056140" elapsed="0.000372"/>
</kw>
<status status="PASS" start="2024-03-24T14:11:25.947540" elapsed="0.109233"/>
</kw>
<kw name="Teste de Tipos de Dados - Postcode" owner="random-user-service">
<kw name="GET On Session" owner="RequestsLibrary">
<msg time="2024-03-24T14:11:26.160050" level="INFO">GET Request : url=https://randomuser.me/api 
 path_url=/api 
 headers={'User-Agent': 'python-requests/2.31.0', 'Accept-Encoding': 'gzip, deflate', 'Accept': '*/*', 'Connection': 'keep-alive'} 
 body=None 
 </msg>
<msg time="2024-03-24T14:11:26.160159" level="INFO">GET Response : url=https://randomuser.me/api 
 status=200, reason=OK 
 headers={'Date': 'Sun, 24 Mar 2024 14:11:26 GMT', 'Content-Type': 'application/json; charset=utf-8', 'Transfer-Encoding': 'chunked', 'Connection': 'keep-alive', 'X-Powered-By': 'Express', 'Access-Control-Allow-Origin': '*', 'Cache-Control': 'no-cache', 'ETag': 'W/"49c-QtN68YHmRZWcIXbe18ggRfnoDG8"', 'Vary': 'Accept-Encoding', 'Content-Encoding': 'gzip', 'CF-Cache-Status': 'DYNAMIC', 'Report-To': '{"endpoints":[{"url":"https:\\/\\/a.nel.cloudflare.com\\/report\\/v4?s=Ff%2B%2F%2FVpyqcF7JBAllypxRW0%2BDDImlfzCugE12AUfKMlpVRl0hcFDl8WHCYPp5P4Shr1Rtan62glz6KHlSqV6Agb2nJ58lJDDGd6WhvrSu330F9ixTj984KpOhJA8W40D"}],"group":"cf-nel","max_age":604800}', 'NEL': '{"success_fraction":0,"report_to":"cf-nel","max_age":604800}', 'Server': 'cloudflare', 'CF-RAY': '86974017ecb40fd0-LAX', 'alt-svc': 'h3=":443"; ma=86400'} 
 body={"results":[{"gender":"female","name":{"title":"Miss","first":"Chaithra","last":"Namnaik"},"location":{"street":{"number":6870,"name":"Tilak Marg"},"city":"Gandhidham","state":"Rajasthan","country":"India","postcode":63069,"coordinates":{"latitude":"4.4045","longitude":"29.6334"},"timezone":{"offset":"-4:00","description":"Atlantic Time (Canada), Caracas, La Paz"}},"email":"chaithra.namnaik@example.com","login":{"uuid":"2934af4d-98bf-4ab7-8086-790f35bdf468","username":"happyladybug637","password":"madmad","salt":"IS0QQEab","md5":"4a347eacda515bfdd0e509fa9e9c1872","sha1":"b15762430b46860e5c35a218ec5f6f8664b347fe","sha256":"126c574a990fcc8e9762256c188bae5b602ff9409a4df24de74fb940ad1cc3ca"},"dob":{"date":"1947-03-27T02:35:38.564Z","age":76},"registered":{"date":"2022-01-21T00:56:51.250Z","age":2},"phone":"8789245195","cell":"8640505103","id":{"name":"UIDAI","value":"220715421115"},"picture":{"large":"https://randomuser.me/api/portraits/women/19.jpg","medium":"https://randomuser.me/api/portraits/med/women/19.jpg","thumbnail":"https://randomuser.me/api/portraits/thumb/women/19.jpg"},"nat":"IN"}],"info":{"seed":"bf58b7368d472dd0","results":1,"page":1,"version":"1.4"}} 
 </msg>
<msg time="2024-03-24T14:11:26.160258" level="INFO">/opt/hostedtoolcache/Python/3.12.2/x64/lib/python3.12/site-packages/urllib3/connectionpool.py:1103: InsecureRequestWarning: Unverified HTTPS request is being made to host 'randomuser.me'. Adding certificate verification is strongly advised. See: https://urllib3.readthedocs.io/en/latest/advanced-usage.html#tls-warnings
  warnings.warn(</msg>
<msg time="2024-03-24T14:11:26.160420" level="INFO">${response} = &lt;Response [200]&gt;</msg>
<var>${response}</var>
<arg>consultarAPI</arg>
<arg>/api</arg>
<doc>Sends a GET request on a previously created HTTP Session.</doc>
<status status="PASS" start="2024-03-24T14:11:26.057346" elapsed="0.103124"/>
</kw>
<kw name="Set Variable" owner="BuiltIn">
<msg time="2024-03-24T14:11:26.161574" level="INFO">${json_data} = {'results': [{'gender': 'female', 'name': {'title': 'Miss', 'first': 'Chaithra', 'last': 'Namnaik'}, 'location': {'street': {'number': 6870, 'name': 'Tilak Marg'}, 'city': 'Gandhidham', 'state': 'Raja...</msg>
<var>${json_data}</var>
<arg>${response.json()}</arg>
<doc>Returns the given values which can then be assigned to a variables.</doc>
<status status="PASS" start="2024-03-24T14:11:26.161029" elapsed="0.000573"/>
</kw>
<kw name="Log" owner="BuiltIn">
<msg time="2024-03-24T14:11:26.162065" level="INFO">{'results': [{'gender': 'female', 'name': {'title': 'Miss', 'first': 'Chaithra', 'last': 'Namnaik'}, 'location': {'street': {'number': 6870, 'name': 'Tilak Marg'}, 'city': 'Gandhidham', 'state': 'Rajasthan', 'country': 'India', 'postcode': 63069, 'coordinates': {'latitude': '4.4045', 'longitude': '29.6334'}, 'timezone': {'offset': '-4:00', 'description': 'Atlantic Time (Canada), Caracas, La Paz'}}, 'email': 'chaithra.namnaik@example.com', 'login': {'uuid': '2934af4d-98bf-4ab7-8086-790f35bdf468', 'username': 'happyladybug637', 'password': 'madmad', 'salt': 'IS0QQEab', 'md5': '4a347eacda515bfdd0e509fa9e9c1872', 'sha1': 'b15762430b46860e5c35a218ec5f6f8664b347fe', 'sha256': '126c574a990fcc8e9762256c188bae5b602ff9409a4df24de74fb940ad1cc3ca'}, 'dob': {'date': '1947-03-27T02:35:38.564Z', 'age': 76}, 'registered': {'date': '2022-01-21T00:56:51.250Z', 'age': 2}, 'phone': '8789245195', 'cell': '8640505103', 'id': {'name': 'UIDAI', 'value': '220715421115'}, 'picture': {'large': 'https://randomuser.me/api/portraits/women/19.jpg', 'medium': 'https://randomuser.me/api/portraits/med/women/19.jpg', 'thumbnail': 'https://randomuser.me/api/portraits/thumb/women/19.jpg'}, 'nat': 'IN'}], 'info': {'seed': 'bf58b7368d472dd0', 'results': 1, 'page': 1, 'version': '1.4'}}</msg>
<arg>${json_data}</arg>
<doc>Logs the given message with the given level.</doc>
<status status="PASS" start="2024-03-24T14:11:26.161911" elapsed="0.000233"/>
</kw>
<kw name="Should Be Equal As Numbers" owner="BuiltIn">
<arg>${json_data['results'][0]['location']['postcode']}</arg>
<arg>${json_data['results'][0]['location']['postcode']}</arg>
<doc>Fails if objects are unequal after converting them to real numbers.</doc>
<status status="PASS" start="2024-03-24T14:11:26.162443" elapsed="0.000676"/>
</kw>
<kw name="Log" owner="BuiltIn">
<msg time="2024-03-24T14:11:26.163644" level="INFO">63069</msg>
<arg>${json_data['results'][0]['location']['postcode']}</arg>
<doc>Logs the given message with the given level.</doc>
<status status="PASS" start="2024-03-24T14:11:26.163311" elapsed="0.000374"/>
</kw>
<status status="PASS" start="2024-03-24T14:11:26.056987" elapsed="0.106954"/>
</kw>
<doc>Testa se os tipos de dados na resposta da API estão corretos.</doc>
<tag>testeTiposDados</tag>
<status status="PASS" start="2024-03-24T14:11:25.946973" elapsed="0.217139"/>
</test>
<test id="s1-s1-t5" name="Validar conteudo" line="35">
<kw name="Teste de Tipos de Conteudo" owner="random-user-service">
<kw name="GET On Session" owner="RequestsLibrary">
<msg time="2024-03-24T14:11:26.292086" level="INFO">GET Request : url=https://randomuser.me/api 
 path_url=/api 
 headers={'User-Agent': 'python-requests/2.31.0', 'Accept-Encoding': 'gzip, deflate', 'Accept': '*/*', 'Connection': 'keep-alive'} 
 body=None 
 </msg>
<msg time="2024-03-24T14:11:26.292165" level="INFO">GET Response : url=https://randomuser.me/api 
 status=200, reason=OK 
 headers={'Date': 'Sun, 24 Mar 2024 14:11:26 GMT', 'Content-Type': 'application/json; charset=utf-8', 'Transfer-Encoding': 'chunked', 'Connection': 'keep-alive', 'X-Powered-By': 'Express', 'Access-Control-Allow-Origin': '*', 'Cache-Control': 'no-cache', 'ETag': 'W/"476-8fyOwajA3DqEF5u2qa7WIp3+Vd0"', 'Vary': 'Accept-Encoding', 'Content-Encoding': 'gzip', 'CF-Cache-Status': 'DYNAMIC', 'Report-To': '{"endpoints":[{"url":"https:\\/\\/a.nel.cloudflare.com\\/report\\/v4?s=54Esxj5tAjb6gFdN076lGYQSMpcPGgfsOxHTl9KcIx%2F2ZgTcno63uRZRqKQQzZvv7kSYCzkiPP7ztd13wCx%2BYyP3qyvHCjsechkL2rRpct7HyMupTh8X4Fbo9kycy%2Bhp"}],"group":"cf-nel","max_age":604800}', 'NEL': '{"success_fraction":0,"report_to":"cf-nel","max_age":604800}', 'Server': 'cloudflare', 'CF-RAY': '869740189d680fd0-LAX', 'alt-svc': 'h3=":443"; ma=86400'} 
 body={"results":[{"gender":"male","name":{"title":"Mr","first":"Kevin","last":"Kihle"},"location":{"street":{"number":6271,"name":"Østre Elvebakke"},"city":"Davanger","state":"Nordland","country":"Norway","postcode":"0765","coordinates":{"latitude":"43.5467","longitude":"-142.9667"},"timezone":{"offset":"+2:00","description":"Kaliningrad, South Africa"}},"email":"kevin.kihle@example.com","login":{"uuid":"768af180-ac80-4854-9fcb-0cef491d6569","username":"smallpanda152","password":"zhei","salt":"PWIbIus2","md5":"ba203b4fc3c5c5e1e39a3e4861e8be01","sha1":"f514dcc6ee9c30ac9b632058aba359777d23ca65","sha256":"5603bbb7fd79780cf275dfee0f2f26124977c4780ddd2ad00f2c79424776724d"},"dob":{"date":"1990-08-14T21:54:46.135Z","age":33},"registered":{"date":"2020-09-24T17:15:43.022Z","age":3},"phone":"35184335","cell":"45240837","id":{"name":"FN","value":"14089034354"},"picture":{"large":"https://randomuser.me/api/portraits/men/95.jpg","medium":"https://randomuser.me/api/portraits/med/men/95.jpg","thumbnail":"https://randomuser.me/api/portraits/thumb/men/95.jpg"},"nat":"NO"}],"info":{"seed":"ab18bc8a70fd9d2f","results":1,"page":1,"version":"1.4"}} 
 </msg>
<msg time="2024-03-24T14:11:26.292233" level="INFO">/opt/hostedtoolcache/Python/3.12.2/x64/lib/python3.12/site-packages/urllib3/connectionpool.py:1103: InsecureRequestWarning: Unverified HTTPS request is being made to host 'randomuser.me'. Adding certificate verification is strongly advised. See: https://urllib3.readthedocs.io/en/latest/advanced-usage.html#tls-warnings
  warnings.warn(</msg>
<msg time="2024-03-24T14:11:26.292344" level="INFO">${response} = &lt;Response [200]&gt;</msg>
<var>${response}</var>
<arg>consultarAPI</arg>
<arg>/api</arg>
<doc>Sends a GET request on a previously created HTTP Session.</doc>
<status status="PASS" start="2024-03-24T14:11:26.166673" elapsed="0.125721"/>
</kw>
<kw name="Set Variable" owner="BuiltIn">
<msg time="2024-03-24T14:11:26.293460" level="INFO">${json_data} = {'results': [{'gender': 'male', 'name': {'title': 'Mr', 'first': 'Kevin', 'last': 'Kihle'}, 'location': {'street': {'number': 6271, 'name': 'Østre Elvebakke'}, 'city': 'Davanger', 'state': 'Nordland',...</msg>
<var>${json_data}</var>
<arg>${response.json()}</arg>
<doc>Returns the given values which can then be assigned to a variables.</doc>
<status status="PASS" start="2024-03-24T14:11:26.292917" elapsed="0.000573"/>
</kw>
<kw name="Set Variable" owner="BuiltIn">
<msg time="2024-03-24T14:11:26.294186" level="INFO">${name_title} = Mr</msg>
<var>${name_title}</var>
<arg>${json_data["results"][0]["name"]["title"]}</arg>
<doc>Returns the given values which can then be assigned to a variables.</doc>
<status status="PASS" start="2024-03-24T14:11:26.293797" elapsed="0.000414"/>
</kw>
<kw name="Create List" owner="BuiltIn">
<msg time="2024-03-24T14:11:26.294706" level="INFO">${allowed_titles} = ['Mr', 'Ms', 'Miss', 'Mrs', 'Madame', 'Monsieur']</msg>
<var>${allowed_titles}</var>
<arg>Mr</arg>
<arg>Ms</arg>
<arg>Miss</arg>
<arg>Mrs</arg>
<arg>Madame</arg>
<arg>Monsieur</arg>
<doc>Returns a list containing given items.</doc>
<status status="PASS" start="2024-03-24T14:11:26.294545" elapsed="0.000187"/>
</kw>
<kw name="List Should Contain Value" owner="Collections">
<msg time="2024-03-24T14:11:26.295217" level="INFO">False</msg>
<arg>${allowed_titles}</arg>
<arg>${name_title}</arg>
<doc>Fails if the ``value`` is not found from ``list``.</doc>
<status status="PASS" start="2024-03-24T14:11:26.295041" elapsed="0.000213"/>
</kw>
<kw name="Set Variable" owner="BuiltIn">
<msg time="2024-03-24T14:11:26.295916" level="INFO">${name_country} = NO</msg>
<var>${name_country}</var>
<arg>${json_data["results"][0]["nat"]}</arg>
<doc>Returns the given values which can then be assigned to a variables.</doc>
<status status="PASS" start="2024-03-24T14:11:26.295543" elapsed="0.000398"/>
</kw>
<kw name="Create List" owner="BuiltIn">
<msg time="2024-03-24T14:11:26.296849" level="INFO">${list_country} = ['AD', 'AE', 'AF', 'AG', 'AI', 'AL', 'AM', 'AO', 'AQ', 'AR', 'AS', 'AT', 'AU', 'AW', 'AX', 'AZ', 'BA', 'BB', 'BD', 'BE', 'BF', 'BG', 'BH', 'BI', 'BJ', 'BL', 'BM', 'BN', 'BO', 'BQ', 'BR', 'BS', 'BT', '...</msg>
<var>${list_country}</var>
<arg>AD</arg>
<arg>AE</arg>
<arg>AF</arg>
<arg>AG</arg>
<arg>AI</arg>
<arg>AL</arg>
<arg>AM</arg>
<arg>AO</arg>
<arg>AQ</arg>
<arg>AR</arg>
<arg>AS</arg>
<arg>AT</arg>
<arg>AU</arg>
<arg>AW</arg>
<arg>AX</arg>
<arg>AZ</arg>
<arg>BA</arg>
<arg>BB</arg>
<arg>BD</arg>
<arg>BE</arg>
<arg>BF</arg>
<arg>BG</arg>
<arg>BH</arg>
<arg>BI</arg>
<arg>BJ</arg>
<arg>BL</arg>
<arg>BM</arg>
<arg>BN</arg>
<arg>BO</arg>
<arg>BQ</arg>
<arg>BR</arg>
<arg>BS</arg>
<arg>BT</arg>
<arg>BV</arg>
<arg>BW</arg>
<arg>BY</arg>
<arg>BZ</arg>
<arg>CA</arg>
<arg>CC</arg>
<arg>CD</arg>
<arg>CF</arg>
<arg>CG</arg>
<arg>CH</arg>
<arg>CI</arg>
<arg>CK</arg>
<arg>CL</arg>
<arg>CM</arg>
<arg>CN</arg>
<arg>CO</arg>
<arg>CR</arg>
<arg>CU</arg>
<arg>CV</arg>
<arg>CW</arg>
<arg>CX</arg>
<arg>CY</arg>
<arg>CZ</arg>
<arg>DE</arg>
<arg>DJ</arg>
<arg>DK</arg>
<arg>DM</arg>
<arg>DO</arg>
<arg>DZ</arg>
<arg>EC</arg>
<arg>EE</arg>
<arg>EG</arg>
<arg>EH</arg>
<arg>ER</arg>
<arg>ES</arg>
<arg>ET</arg>
<arg>FI</arg>
<arg>FJ</arg>
<arg>FK</arg>
<arg>FM</arg>
<arg>FO</arg>
<arg>FR</arg>
<arg>GA</arg>
<arg>GB</arg>
<arg>GD</arg>
<arg>GE</arg>
<arg>GF</arg>
<arg>GG</arg>
<arg>GH</arg>
<arg>GI</arg>
<arg>GL</arg>
<arg>GM</arg>
<arg>GN</arg>
<arg>GP</arg>
<arg>GQ</arg>
<arg>GR</arg>
<arg>GS</arg>
<arg>GT</arg>
<arg>GU</arg>
<arg>GW</arg>
<arg>GY</arg>
<arg>HK</arg>
<arg>HM</arg>
<arg>HN</arg>
<arg>HR</arg>
<arg>HT</arg>
<arg>HU</arg>
<arg>ID</arg>
<arg>IE</arg>
<arg>IL</arg>
<arg>IM</arg>
<arg>IN</arg>
<arg>IO</arg>
<arg>IQ</arg>
<arg>IR</arg>
<arg>IS</arg>
<arg>IT</arg>
<arg>JE</arg>
<arg>JM</arg>
<arg>JO</arg>
<arg>JP</arg>
<arg>KE</arg>
<arg>KG</arg>
<arg>KH</arg>
<arg>KI</arg>
<arg>KM</arg>
<arg>KN</arg>
<arg>KP</arg>
<arg>KR</arg>
<arg>KW</arg>
<arg>KY</arg>
<arg>KZ</arg>
<arg>LA</arg>
<arg>LB</arg>
<arg>LC</arg>
<arg>LI</arg>
<arg>LK</arg>
<arg>LR</arg>
<arg>LS</arg>
<arg>LT</arg>
<arg>LU</arg>
<arg>LV</arg>
<arg>LY</arg>
<arg>MA</arg>
<arg>MC</arg>
<arg>MD</arg>
<arg>ME</arg>
<arg>MF</arg>
<arg>MG</arg>
<arg>MH</arg>
<arg>MK</arg>
<arg>ML</arg>
<arg>MM</arg>
<arg>MN</arg>
<arg>MO</arg>
<arg>MP</arg>
<arg>MQ</arg>
<arg>MR</arg>
<arg>MS</arg>
<arg>MT</arg>
<arg>MU</arg>
<arg>MV</arg>
<arg>MW</arg>
<arg>MX</arg>
<arg>MY</arg>
<arg>MZ</arg>
<arg>NA</arg>
<arg>NC</arg>
<arg>NE</arg>
<arg>NF</arg>
<arg>NG</arg>
<arg>NI</arg>
<arg>NL</arg>
<arg>NO</arg>
<arg>NP</arg>
<arg>NR</arg>
<arg>NU</arg>
<arg>NZ</arg>
<arg>OM</arg>
<arg>PA</arg>
<arg>PE</arg>
<arg>PF</arg>
<arg>PG</arg>
<arg>PH</arg>
<arg>PK</arg>
<arg>PL</arg>
<arg>PM</arg>
<arg>PN</arg>
<arg>PR</arg>
<arg>PS</arg>
<arg>PT</arg>
<arg>PW</arg>
<arg>PY</arg>
<arg>QA</arg>
<arg>RE</arg>
<arg>RO</arg>
<arg>RS</arg>
<arg>RU</arg>
<arg>RW</arg>
<arg>SA</arg>
<arg>SB</arg>
<arg>SC</arg>
<arg>SD</arg>
<arg>SE</arg>
<arg>SG</arg>
<arg>SH</arg>
<arg>SI</arg>
<arg>SJ</arg>
<arg>SK</arg>
<arg>SL</arg>
<arg>SM</arg>
<arg>SN</arg>
<arg>SO</arg>
<arg>SR</arg>
<arg>SS</arg>
<arg>ST</arg>
<arg>SV</arg>
<arg>SX</arg>
<arg>SY</arg>
<arg>SZ</arg>
<arg>TC</arg>
<arg>TD</arg>
<arg>TF</arg>
<arg>TG</arg>
<arg>TH</arg>
<arg>TJ</arg>
<arg>TK</arg>
<arg>TL</arg>
<arg>TM</arg>
<arg>TN</arg>
<arg>TO</arg>
<arg>TR</arg>
<arg>TT</arg>
<arg>TV</arg>
<arg>TW</arg>
<arg>TZ</arg>
<arg>UA</arg>
<arg>UG</arg>
<arg>UM</arg>
<arg>US</arg>
<arg>UY</arg>
<arg>UZ</arg>
<arg>VA</arg>
<arg>VC</arg>
<arg>VE</arg>
<arg>VG</arg>
<arg>VI</arg>
<arg>VN</arg>
<arg>VU</arg>
<arg>WF</arg>
<arg>WS</arg>
<arg>XK</arg>
<arg>YE</arg>
<arg>YT</arg>
<arg>ZA</arg>
<arg>ZM</arg>
<arg>ZW</arg>
<doc>Returns a list containing given items.</doc>
<status status="PASS" start="2024-03-24T14:11:26.296249" elapsed="0.000625"/>
</kw>
<kw name="List Should Contain Value" owner="Collections">
<msg time="2024-03-24T14:11:26.297965" level="INFO">False</msg>
<arg>${list_country}</arg>
<arg>${name_country}</arg>
<doc>Fails if the ``value`` is not found from ``list``.</doc>
<status status="PASS" start="2024-03-24T14:11:26.297762" elapsed="0.000240"/>
</kw>
<kw name="Run Keyword If" owner="BuiltIn">
<kw name="Should Be True" owner="BuiltIn">
<arg>${True}</arg>
<doc>Fails if the given condition is not true.</doc>
<status status="PASS" start="2024-03-24T14:11:26.299121" elapsed="0.000147"/>
</kw>
<arg>${json_data["results"][0]["location"]["coordinates"]["latitude"]} &gt;= -90 and ${json_data["results"][0]["location"]["coordinates"]["latitude"]} &lt;= 90</arg>
<arg>Should Be True</arg>
<arg>${True}</arg>
<doc>Runs the given keyword with the given arguments, if ``condition`` is true.</doc>
<status status="PASS" start="2024-03-24T14:11:26.298312" elapsed="0.001084"/>
</kw>
<kw name="Run Keyword If" owner="BuiltIn">
<kw name="Should Be True" owner="BuiltIn">
<arg>${True}</arg>
<doc>Fails if the given condition is not true.</doc>
<status status="PASS" start="2024-03-24T14:11:26.300285" elapsed="0.000138"/>
</kw>
<arg>${json_data["results"][0]["location"]["coordinates"]["longitude"]} &gt;= -180 and ${json_data["results"][0]["location"]["coordinates"]["longitude"]} &lt;= 180</arg>
<arg>Should Be True</arg>
<arg>${True}</arg>
<doc>Runs the given keyword with the given arguments, if ``condition`` is true.</doc>
<status status="PASS" start="2024-03-24T14:11:26.299581" elapsed="0.000965"/>
</kw>
<status status="PASS" start="2024-03-24T14:11:26.166414" elapsed="0.134259"/>
</kw>
<doc>Testa o conteúdo específico dos campos retornados pela API.</doc>
<tag>testeConteudo</tag>
<status status="PASS" start="2024-03-24T14:11:26.165890" elapsed="0.134929"/>
</test>
<status status="PASS" start="2024-03-24T14:11:25.237582" elapsed="1.065295"/>
</suite>
<status status="PASS" start="2024-03-24T14:11:25.223705" elapsed="1.084589"/>
</suite>
<statistics>
<total>
<stat pass="5" fail="0" skip="0">All Tests</stat>
</total>
<tag>
<stat pass="1" fail="0" skip="0">testeConteudo</stat>
<stat pass="1" fail="0" skip="0">testeEstruturaResposta</stat>
<stat pass="1" fail="0" skip="0">testeRequisicaoBasica</stat>
<stat pass="1" fail="0" skip="0">testeTiposDados</stat>
</tag>
<suite>
<stat pass="5" fail="0" skip="0" id="s1" name="Tests">Tests</stat>
<stat pass="5" fail="0" skip="0" id="s1-s1" name="Random-User-Test">Tests.Random-User-Test</stat>
</suite>
</statistics>
<errors>
</errors>
</robot>
