<?xml version="1.0" encoding="UTF-8"?>
<robot generator="Robot 7.0.1 (Python 3.12.4 on linux)" generated="2024-08-01T22:14:24.997945" rpa="false" schemaversion="5">
<suite id="s1" name="Tests" source="/home/runner/work/ApiRandomUser/ApiRandomUser/RamdonUser/tests">
<suite id="s1-s1" name="Random-User-Test" source="/home/runner/work/ApiRandomUser/ApiRandomUser/RamdonUser/tests/random-user-test.robot">
<test id="s1-s1-t1" name="Conectar" line="13">
<kw name="Conectar API" owner="random-user-service">
<kw name="Create Session" owner="RequestsLibrary">
<msg time="2024-08-01T22:14:25.407291" level="INFO">Creating Session using : alias=consultarAPI, url=https://randomuser.me/, headers={},                     cookies={}, auth=None, timeout=None, proxies=None, verify=False,                     debug=0 </msg>
<arg>consultarAPI</arg>
<arg>${URL}</arg>
<doc>Create Session: create a HTTP session to a server</doc>
<status status="PASS" start="2024-08-01T22:14:25.407084" elapsed="0.000392"/>
</kw>
<status status="PASS" start="2024-08-01T22:14:25.405995" elapsed="0.001839"/>
</kw>
<status status="PASS" start="2024-08-01T22:14:25.405392" elapsed="0.002638"/>
</test>
<test id="s1-s1-t2" name="Validar retorno 200 e JSON Válido" line="16">
<kw name="Teste de Requisicao Basica" owner="random-user-service">
<kw name="GET On Session" owner="RequestsLibrary">
<msg time="2024-08-01T22:14:25.638226" level="INFO">GET Request : url=https://randomuser.me/api 
 path_url=/api 
 headers={'User-Agent': 'python-requests/2.32.3', 'Accept-Encoding': 'gzip, deflate', 'Accept': '*/*', 'Connection': 'keep-alive'} 
 body=None 
 </msg>
<msg time="2024-08-01T22:14:25.638402" level="INFO">GET Response : url=https://randomuser.me/api 
 status=200, reason=OK 
 headers={'Date': 'Thu, 01 Aug 2024 22:14:25 GMT', 'Content-Type': 'application/json; charset=utf-8', 'Transfer-Encoding': 'chunked', 'Connection': 'keep-alive', 'X-Powered-By': 'Express', 'Access-Control-Allow-Origin': '*', 'Cache-Control': 'no-cache', 'ETag': 'W/"496-CQrnC32oL28KpIFdVAx9YLZa7HQ"', 'Vary': 'Accept-Encoding', 'Content-Encoding': 'gzip', 'CF-Cache-Status': 'DYNAMIC', 'Report-To': '{"endpoints":[{"url":"https:\\/\\/a.nel.cloudflare.com\\/report\\/v4?s=WRpfEcWXo%2BgzkPvP3qNkMa4BeeUvML74st%2BYQ7rEuo8Zpvxtje37I%2B8U26CExusF1Ns1JYNJO4AIhIy9OqdHFG68QsjSIdP7te1v6g9asH%2BWx1dgDxhRGS6b%2FLCsm3VD"}],"group":"cf-nel","max_age":604800}', 'NEL': '{"success_fraction":0,"report_to":"cf-nel","max_age":604800}', 'Server': 'cloudflare', 'CF-RAY': '8ac92e59da2ca1c9-MSP', 'alt-svc': 'h3=":443"; ma=86400'} 
 body={"results":[{"gender":"male","name":{"title":"Mr","first":"Gregorio","last":"Álvarez"},"location":{"street":{"number":2988,"name":"Avenida de América"},"city":"Zaragoza","state":"Castilla la Mancha","country":"Spain","postcode":71217,"coordinates":{"latitude":"-36.7141","longitude":"-140.7587"},"timezone":{"offset":"+6:00","description":"Almaty, Dhaka, Colombo"}},"email":"gregorio.alvarez@example.com","login":{"uuid":"60c40f5a-c031-430f-86a8-4e04214cedce","username":"purpleleopard352","password":"goalie","salt":"Xbngnb0W","md5":"8fcdff42bd1b5c0085ad3240de42724c","sha1":"9c1430cdadb7556abce43e566ef011ddd200f192","sha256":"08d2f2c0b7149a98bdec2fe37ace10f39420a190faf89589a7bfc8d2d4fb231c"},"dob":{"date":"1996-09-25T02:56:11.215Z","age":27},"registered":{"date":"2002-05-21T04:07:55.764Z","age":22},"phone":"911-289-879","cell":"673-900-783","id":{"name":"DNI","value":"61906300-E"},"picture":{"large":"https://randomuser.me/api/portraits/men/29.jpg","medium":"https://randomuser.me/api/portraits/med/men/29.jpg","thumbnail":"https://randomuser.me/api/portraits/thumb/men/29.jpg"},"nat":"ES"}],"info":{"seed":"bb47de4503ac5e17","results":1,"page":1,"version":"1.4"}} 
 </msg>
<msg time="2024-08-01T22:14:25.638488" level="INFO">/opt/hostedtoolcache/Python/3.12.4/x64/lib/python3.12/site-packages/urllib3/connectionpool.py:1099: InsecureRequestWarning: Unverified HTTPS request is being made to host 'randomuser.me'. Adding certificate verification is strongly advised. See: https://urllib3.readthedocs.io/en/latest/advanced-usage.html#tls-warnings
  warnings.warn(</msg>
<msg time="2024-08-01T22:14:25.638645" level="INFO">${response} = &lt;Response [200]&gt;</msg>
<var>${response}</var>
<arg>consultarAPI</arg>
<arg>/api</arg>
<doc>Sends a GET request on a previously created HTTP Session.</doc>
<status status="PASS" start="2024-08-01T22:14:25.410655" elapsed="0.228033"/>
</kw>
<kw name="Should Be Equal As Numbers" owner="BuiltIn">
<msg time="2024-08-01T22:14:25.639867" level="INFO">Argument types are:
&lt;class 'int'&gt;
&lt;class 'str'&gt;</msg>
<arg>${response.status_code}</arg>
<arg>200</arg>
<doc>Fails if objects are unequal after converting them to real numbers.</doc>
<status status="PASS" start="2024-08-01T22:14:25.639376" elapsed="0.000555"/>
</kw>
<kw name="Log" owner="BuiltIn">
<msg time="2024-08-01T22:14:25.640615" level="INFO">200</msg>
<arg>${response.status_code}</arg>
<doc>Logs the given message with the given level.</doc>
<status status="PASS" start="2024-08-01T22:14:25.640258" elapsed="0.000400"/>
</kw>
<kw name="Set Variable" owner="BuiltIn">
<msg time="2024-08-01T22:14:25.641411" level="INFO">${json_data} = {'results': [{'gender': 'male', 'name': {'title': 'Mr', 'first': 'Gregorio', 'last': 'Álvarez'}, 'location': {'street': {'number': 2988, 'name': 'Avenida de América'}, 'city': 'Zaragoza', 'state': 'Ca...</msg>
<var>${json_data}</var>
<arg>${response.json()}</arg>
<doc>Returns the given values which can then be assigned to a variables.</doc>
<status status="PASS" start="2024-08-01T22:14:25.640964" elapsed="0.000477"/>
</kw>
<kw name="Dictionary Should Contain Key" owner="Collections">
<arg>${json_data}</arg>
<arg>results</arg>
<doc>Fails if ``key`` is not found from ``dictionary``.</doc>
<status status="PASS" start="2024-08-01T22:14:25.641753" elapsed="0.000333"/>
</kw>
<status status="PASS" start="2024-08-01T22:14:25.410413" elapsed="0.231834"/>
</kw>
<doc>Testa se a API responde corretamente e retorna um objeto JSON válido.</doc>
<tag>testeRequisicaoBasica</tag>
<status status="PASS" start="2024-08-01T22:14:25.409887" elapsed="0.232535"/>
</test>
<test id="s1-s1-t3" name="Validar estrutura de resposta" line="22">
<kw name="Teste de Estrutura de Resposta" owner="random-user-service">
<kw name="GET On Session" owner="RequestsLibrary">
<msg time="2024-08-01T22:14:25.804526" level="INFO">GET Request : url=https://randomuser.me/api 
 path_url=/api 
 headers={'User-Agent': 'python-requests/2.32.3', 'Accept-Encoding': 'gzip, deflate', 'Accept': '*/*', 'Connection': 'keep-alive'} 
 body=None 
 </msg>
<msg time="2024-08-01T22:14:25.804642" level="INFO">GET Response : url=https://randomuser.me/api 
 status=200, reason=OK 
 headers={'Date': 'Thu, 01 Aug 2024 22:14:25 GMT', 'Content-Type': 'application/json; charset=utf-8', 'Transfer-Encoding': 'chunked', 'Connection': 'keep-alive', 'X-Powered-By': 'Express', 'Access-Control-Allow-Origin': '*', 'Cache-Control': 'no-cache', 'ETag': 'W/"49d-SsU6dSIt4Ys0LWSo+Z+kFi1c9zQ"', 'Vary': 'Accept-Encoding', 'Content-Encoding': 'gzip', 'CF-Cache-Status': 'DYNAMIC', 'Report-To': '{"endpoints":[{"url":"https:\\/\\/a.nel.cloudflare.com\\/report\\/v4?s=mXJL1VCbNTcusVXi8N7olHCaUSRwREh6vu7cbTz%2FDv%2FpOuvGMwVlukNDfugRmx1K%2B1a1Rnjx1M3PcQQyV1Ftp0f8ry996dtP8HdxU7sF9EdyllEPppiy3SqlZEGlUhQe"}],"group":"cf-nel","max_age":604800}', 'NEL': '{"success_fraction":0,"report_to":"cf-nel","max_age":604800}', 'Server': 'cloudflare', 'CF-RAY': '8ac92e5a5acaa1c9-MSP', 'alt-svc': 'h3=":443"; ma=86400'} 
 body={"results":[{"gender":"male","name":{"title":"Mr","first":"Viljami","last":"Maunu"},"location":{"street":{"number":9994,"name":"Hämeenkatu"},"city":"Vesanto","state":"Central Ostrobothnia","country":"Finland","postcode":75134,"coordinates":{"latitude":"-29.6446","longitude":"-153.8112"},"timezone":{"offset":"-3:00","description":"Brazil, Buenos Aires, Georgetown"}},"email":"viljami.maunu@example.com","login":{"uuid":"f95f3f1b-4642-4625-83dd-6b8654b004c8","username":"ticklishsnake438","password":"callie","salt":"pyrixkwt","md5":"e054344142b38e2bb776121f7c29d09a","sha1":"a891bc0147a1888cc568a16530f9f840585e5d68","sha256":"e25fc6fbc2e690ebd13ec00461265e5f910153a4cfb80d6b9d753311c813665b"},"dob":{"date":"1985-01-30T07:42:22.906Z","age":39},"registered":{"date":"2012-12-30T17:29:01.453Z","age":11},"phone":"04-270-027","cell":"045-520-11-34","id":{"name":"HETU","value":"NaNNA443undefined"},"picture":{"large":"https://randomuser.me/api/portraits/men/39.jpg","medium":"https://randomuser.me/api/portraits/med/men/39.jpg","thumbnail":"https://randomuser.me/api/portraits/thumb/men/39.jpg"},"nat":"FI"}],"info":{"seed":"9a87cba6c68a36a6","results":1,"page":1,"version":"1.4"}} 
 </msg>
<msg time="2024-08-01T22:14:25.804801" level="INFO">/opt/hostedtoolcache/Python/3.12.4/x64/lib/python3.12/site-packages/urllib3/connectionpool.py:1099: InsecureRequestWarning: Unverified HTTPS request is being made to host 'randomuser.me'. Adding certificate verification is strongly advised. See: https://urllib3.readthedocs.io/en/latest/advanced-usage.html#tls-warnings
  warnings.warn(</msg>
<msg time="2024-08-01T22:14:25.804933" level="INFO">${response} = &lt;Response [200]&gt;</msg>
<var>${response}</var>
<arg>consultarAPI</arg>
<arg>/api</arg>
<doc>Sends a GET request on a previously created HTTP Session.</doc>
<status status="PASS" start="2024-08-01T22:14:25.645161" elapsed="0.159813"/>
</kw>
<kw name="Set Variable" owner="BuiltIn">
<msg time="2024-08-01T22:14:25.806009" level="INFO">${json_data} = {'results': [{'gender': 'male', 'name': {'title': 'Mr', 'first': 'Viljami', 'last': 'Maunu'}, 'location': {'street': {'number': 9994, 'name': 'Hämeenkatu'}, 'city': 'Vesanto', 'state': 'Central Ostrob...</msg>
<var>${json_data}</var>
<arg>${response.json()}</arg>
<doc>Returns the given values which can then be assigned to a variables.</doc>
<status status="PASS" start="2024-08-01T22:14:25.805489" elapsed="0.000550"/>
</kw>
<kw name="Log" owner="BuiltIn">
<msg time="2024-08-01T22:14:25.806518" level="INFO">{'results': [{'gender': 'male', 'name': {'title': 'Mr', 'first': 'Viljami', 'last': 'Maunu'}, 'location': {'street': {'number': 9994, 'name': 'Hämeenkatu'}, 'city': 'Vesanto', 'state': 'Central Ostrobothnia', 'country': 'Finland', 'postcode': 75134, 'coordinates': {'latitude': '-29.6446', 'longitude': '-153.8112'}, 'timezone': {'offset': '-3:00', 'description': 'Brazil, Buenos Aires, Georgetown'}}, 'email': 'viljami.maunu@example.com', 'login': {'uuid': 'f95f3f1b-4642-4625-83dd-6b8654b004c8', 'username': 'ticklishsnake438', 'password': 'callie', 'salt': 'pyrixkwt', 'md5': 'e054344142b38e2bb776121f7c29d09a', 'sha1': 'a891bc0147a1888cc568a16530f9f840585e5d68', 'sha256': 'e25fc6fbc2e690ebd13ec00461265e5f910153a4cfb80d6b9d753311c813665b'}, 'dob': {'date': '1985-01-30T07:42:22.906Z', 'age': 39}, 'registered': {'date': '2012-12-30T17:29:01.453Z', 'age': 11}, 'phone': '04-270-027', 'cell': '045-520-11-34', 'id': {'name': 'HETU', 'value': 'NaNNA443undefined'}, 'picture': {'large': 'https://randomuser.me/api/portraits/men/39.jpg', 'medium': 'https://randomuser.me/api/portraits/med/men/39.jpg', 'thumbnail': 'https://randomuser.me/api/portraits/thumb/men/39.jpg'}, 'nat': 'FI'}], 'info': {'seed': '9a87cba6c68a36a6', 'results': 1, 'page': 1, 'version': '1.4'}}</msg>
<arg>${json_data}</arg>
<doc>Logs the given message with the given level.</doc>
<status status="PASS" start="2024-08-01T22:14:25.806351" elapsed="0.000218"/>
</kw>
<kw name="Dictionary Should Contain Key" owner="Collections">
<arg>${json_data}</arg>
<arg>results</arg>
<doc>Fails if ``key`` is not found from ``dictionary``.</doc>
<status status="PASS" start="2024-08-01T22:14:25.806889" elapsed="0.000168"/>
</kw>
<kw name="Should Not Be Empty" owner="BuiltIn">
<msg time="2024-08-01T22:14:25.807372" level="INFO">Length is 2.</msg>
<arg>${json_data}</arg>
<doc>Verifies that the given item is not empty.</doc>
<status status="PASS" start="2024-08-01T22:14:25.807246" elapsed="0.000162"/>
</kw>
<kw name="Create List" owner="BuiltIn">
<msg time="2024-08-01T22:14:25.807861" level="INFO">${expected_keys} = ['gender', 'name', 'location', 'email', 'login']</msg>
<var>${expected_keys}</var>
<arg>gender</arg>
<arg>name</arg>
<arg>location</arg>
<arg>email</arg>
<arg>login</arg>
<doc>Returns a list containing given items.</doc>
<status status="PASS" start="2024-08-01T22:14:25.807696" elapsed="0.000190"/>
</kw>
<for flavor="IN">
<iter>
<kw name="Dictionary Should Contain Key" owner="Collections">
<arg>${json_data['results'][0]}</arg>
<arg>${key}</arg>
<doc>Fails if ``key`` is not found from ``dictionary``.</doc>
<status status="PASS" start="2024-08-01T22:14:25.808481" elapsed="0.000422"/>
</kw>
<kw name="Log" owner="BuiltIn">
<msg time="2024-08-01T22:14:25.809454" level="INFO">{'gender': 'male', 'name': {'title': 'Mr', 'first': 'Viljami', 'last': 'Maunu'}, 'location': {'street': {'number': 9994, 'name': 'Hämeenkatu'}, 'city': 'Vesanto', 'state': 'Central Ostrobothnia', 'country': 'Finland', 'postcode': 75134, 'coordinates': {'latitude': '-29.6446', 'longitude': '-153.8112'}, 'timezone': {'offset': '-3:00', 'description': 'Brazil, Buenos Aires, Georgetown'}}, 'email': 'viljami.maunu@example.com', 'login': {'uuid': 'f95f3f1b-4642-4625-83dd-6b8654b004c8', 'username': 'ticklishsnake438', 'password': 'callie', 'salt': 'pyrixkwt', 'md5': 'e054344142b38e2bb776121f7c29d09a', 'sha1': 'a891bc0147a1888cc568a16530f9f840585e5d68', 'sha256': 'e25fc6fbc2e690ebd13ec00461265e5f910153a4cfb80d6b9d753311c813665b'}, 'dob': {'date': '1985-01-30T07:42:22.906Z', 'age': 39}, 'registered': {'date': '2012-12-30T17:29:01.453Z', 'age': 11}, 'phone': '04-270-027', 'cell': '045-520-11-34', 'id': {'name': 'HETU', 'value': 'NaNNA443undefined'}, 'picture': {'large': 'https://randomuser.me/api/portraits/men/39.jpg', 'medium': 'https://randomuser.me/api/portraits/med/men/39.jpg', 'thumbnail': 'https://randomuser.me/api/portraits/thumb/men/39.jpg'}, 'nat': 'FI'}</msg>
<arg>${json_data['results'][0]}</arg>
<doc>Logs the given message with the given level.</doc>
<status status="PASS" start="2024-08-01T22:14:25.809093" elapsed="0.000411"/>
</kw>
<kw name="Log" owner="BuiltIn">
<msg time="2024-08-01T22:14:25.809924" level="INFO">gender</msg>
<arg>${key}</arg>
<doc>Logs the given message with the given level.</doc>
<status status="PASS" start="2024-08-01T22:14:25.809797" elapsed="0.000165"/>
</kw>
<var name="${key}">gender</var>
<status status="PASS" start="2024-08-01T22:14:25.808351" elapsed="0.001827"/>
</iter>
<iter>
<kw name="Dictionary Should Contain Key" owner="Collections">
<arg>${json_data['results'][0]}</arg>
<arg>${key}</arg>
<doc>Fails if ``key`` is not found from ``dictionary``.</doc>
<status status="PASS" start="2024-08-01T22:14:25.810474" elapsed="0.000417"/>
</kw>
<kw name="Log" owner="BuiltIn">
<msg time="2024-08-01T22:14:25.811470" level="INFO">{'gender': 'male', 'name': {'title': 'Mr', 'first': 'Viljami', 'last': 'Maunu'}, 'location': {'street': {'number': 9994, 'name': 'Hämeenkatu'}, 'city': 'Vesanto', 'state': 'Central Ostrobothnia', 'country': 'Finland', 'postcode': 75134, 'coordinates': {'latitude': '-29.6446', 'longitude': '-153.8112'}, 'timezone': {'offset': '-3:00', 'description': 'Brazil, Buenos Aires, Georgetown'}}, 'email': 'viljami.maunu@example.com', 'login': {'uuid': 'f95f3f1b-4642-4625-83dd-6b8654b004c8', 'username': 'ticklishsnake438', 'password': 'callie', 'salt': 'pyrixkwt', 'md5': 'e054344142b38e2bb776121f7c29d09a', 'sha1': 'a891bc0147a1888cc568a16530f9f840585e5d68', 'sha256': 'e25fc6fbc2e690ebd13ec00461265e5f910153a4cfb80d6b9d753311c813665b'}, 'dob': {'date': '1985-01-30T07:42:22.906Z', 'age': 39}, 'registered': {'date': '2012-12-30T17:29:01.453Z', 'age': 11}, 'phone': '04-270-027', 'cell': '045-520-11-34', 'id': {'name': 'HETU', 'value': 'NaNNA443undefined'}, 'picture': {'large': 'https://randomuser.me/api/portraits/men/39.jpg', 'medium': 'https://randomuser.me/api/portraits/med/men/39.jpg', 'thumbnail': 'https://randomuser.me/api/portraits/thumb/men/39.jpg'}, 'nat': 'FI'}</msg>
<arg>${json_data['results'][0]}</arg>
<doc>Logs the given message with the given level.</doc>
<status status="PASS" start="2024-08-01T22:14:25.811074" elapsed="0.000448"/>
</kw>
<kw name="Log" owner="BuiltIn">
<msg time="2024-08-01T22:14:25.811945" level="INFO">name</msg>
<arg>${key}</arg>
<doc>Logs the given message with the given level.</doc>
<status status="PASS" start="2024-08-01T22:14:25.811817" elapsed="0.000167"/>
</kw>
<var name="${key}">name</var>
<status status="PASS" start="2024-08-01T22:14:25.810361" elapsed="0.001837"/>
</iter>
<iter>
<kw name="Dictionary Should Contain Key" owner="Collections">
<arg>${json_data['results'][0]}</arg>
<arg>${key}</arg>
<doc>Fails if ``key`` is not found from ``dictionary``.</doc>
<status status="PASS" start="2024-08-01T22:14:25.812484" elapsed="0.000389"/>
</kw>
<kw name="Log" owner="BuiltIn">
<msg time="2024-08-01T22:14:25.813416" level="INFO">{'gender': 'male', 'name': {'title': 'Mr', 'first': 'Viljami', 'last': 'Maunu'}, 'location': {'street': {'number': 9994, 'name': 'Hämeenkatu'}, 'city': 'Vesanto', 'state': 'Central Ostrobothnia', 'country': 'Finland', 'postcode': 75134, 'coordinates': {'latitude': '-29.6446', 'longitude': '-153.8112'}, 'timezone': {'offset': '-3:00', 'description': 'Brazil, Buenos Aires, Georgetown'}}, 'email': 'viljami.maunu@example.com', 'login': {'uuid': 'f95f3f1b-4642-4625-83dd-6b8654b004c8', 'username': 'ticklishsnake438', 'password': 'callie', 'salt': 'pyrixkwt', 'md5': 'e054344142b38e2bb776121f7c29d09a', 'sha1': 'a891bc0147a1888cc568a16530f9f840585e5d68', 'sha256': 'e25fc6fbc2e690ebd13ec00461265e5f910153a4cfb80d6b9d753311c813665b'}, 'dob': {'date': '1985-01-30T07:42:22.906Z', 'age': 39}, 'registered': {'date': '2012-12-30T17:29:01.453Z', 'age': 11}, 'phone': '04-270-027', 'cell': '045-520-11-34', 'id': {'name': 'HETU', 'value': 'NaNNA443undefined'}, 'picture': {'large': 'https://randomuser.me/api/portraits/men/39.jpg', 'medium': 'https://randomuser.me/api/portraits/med/men/39.jpg', 'thumbnail': 'https://randomuser.me/api/portraits/thumb/men/39.jpg'}, 'nat': 'FI'}</msg>
<arg>${json_data['results'][0]}</arg>
<doc>Logs the given message with the given level.</doc>
<status status="PASS" start="2024-08-01T22:14:25.813065" elapsed="0.000400"/>
</kw>
<kw name="Log" owner="BuiltIn">
<msg time="2024-08-01T22:14:25.813890" level="INFO">location</msg>
<arg>${key}</arg>
<doc>Logs the given message with the given level.</doc>
<status status="PASS" start="2024-08-01T22:14:25.813763" elapsed="0.000164"/>
</kw>
<var name="${key}">location</var>
<status status="PASS" start="2024-08-01T22:14:25.812374" elapsed="0.001769"/>
</iter>
<iter>
<kw name="Dictionary Should Contain Key" owner="Collections">
<arg>${json_data['results'][0]}</arg>
<arg>${key}</arg>
<doc>Fails if ``key`` is not found from ``dictionary``.</doc>
<status status="PASS" start="2024-08-01T22:14:25.814420" elapsed="0.000381"/>
</kw>
<kw name="Log" owner="BuiltIn">
<msg time="2024-08-01T22:14:25.815516" level="INFO">{'gender': 'male', 'name': {'title': 'Mr', 'first': 'Viljami', 'last': 'Maunu'}, 'location': {'street': {'number': 9994, 'name': 'Hämeenkatu'}, 'city': 'Vesanto', 'state': 'Central Ostrobothnia', 'country': 'Finland', 'postcode': 75134, 'coordinates': {'latitude': '-29.6446', 'longitude': '-153.8112'}, 'timezone': {'offset': '-3:00', 'description': 'Brazil, Buenos Aires, Georgetown'}}, 'email': 'viljami.maunu@example.com', 'login': {'uuid': 'f95f3f1b-4642-4625-83dd-6b8654b004c8', 'username': 'ticklishsnake438', 'password': 'callie', 'salt': 'pyrixkwt', 'md5': 'e054344142b38e2bb776121f7c29d09a', 'sha1': 'a891bc0147a1888cc568a16530f9f840585e5d68', 'sha256': 'e25fc6fbc2e690ebd13ec00461265e5f910153a4cfb80d6b9d753311c813665b'}, 'dob': {'date': '1985-01-30T07:42:22.906Z', 'age': 39}, 'registered': {'date': '2012-12-30T17:29:01.453Z', 'age': 11}, 'phone': '04-270-027', 'cell': '045-520-11-34', 'id': {'name': 'HETU', 'value': 'NaNNA443undefined'}, 'picture': {'large': 'https://randomuser.me/api/portraits/men/39.jpg', 'medium': 'https://randomuser.me/api/portraits/med/men/39.jpg', 'thumbnail': 'https://randomuser.me/api/portraits/thumb/men/39.jpg'}, 'nat': 'FI'}</msg>
<arg>${json_data['results'][0]}</arg>
<doc>Logs the given message with the given level.</doc>
<status status="PASS" start="2024-08-01T22:14:25.815155" elapsed="0.000410"/>
</kw>
<kw name="Log" owner="BuiltIn">
<msg time="2024-08-01T22:14:25.815988" level="INFO">email</msg>
<arg>${key}</arg>
<doc>Logs the given message with the given level.</doc>
<status status="PASS" start="2024-08-01T22:14:25.815859" elapsed="0.000167"/>
</kw>
<var name="${key}">email</var>
<status status="PASS" start="2024-08-01T22:14:25.814312" elapsed="0.001930"/>
</iter>
<iter>
<kw name="Dictionary Should Contain Key" owner="Collections">
<arg>${json_data['results'][0]}</arg>
<arg>${key}</arg>
<doc>Fails if ``key`` is not found from ``dictionary``.</doc>
<status status="PASS" start="2024-08-01T22:14:25.816521" elapsed="0.000374"/>
</kw>
<kw name="Log" owner="BuiltIn">
<msg time="2024-08-01T22:14:25.817430" level="INFO">{'gender': 'male', 'name': {'title': 'Mr', 'first': 'Viljami', 'last': 'Maunu'}, 'location': {'street': {'number': 9994, 'name': 'Hämeenkatu'}, 'city': 'Vesanto', 'state': 'Central Ostrobothnia', 'country': 'Finland', 'postcode': 75134, 'coordinates': {'latitude': '-29.6446', 'longitude': '-153.8112'}, 'timezone': {'offset': '-3:00', 'description': 'Brazil, Buenos Aires, Georgetown'}}, 'email': 'viljami.maunu@example.com', 'login': {'uuid': 'f95f3f1b-4642-4625-83dd-6b8654b004c8', 'username': 'ticklishsnake438', 'password': 'callie', 'salt': 'pyrixkwt', 'md5': 'e054344142b38e2bb776121f7c29d09a', 'sha1': 'a891bc0147a1888cc568a16530f9f840585e5d68', 'sha256': 'e25fc6fbc2e690ebd13ec00461265e5f910153a4cfb80d6b9d753311c813665b'}, 'dob': {'date': '1985-01-30T07:42:22.906Z', 'age': 39}, 'registered': {'date': '2012-12-30T17:29:01.453Z', 'age': 11}, 'phone': '04-270-027', 'cell': '045-520-11-34', 'id': {'name': 'HETU', 'value': 'NaNNA443undefined'}, 'picture': {'large': 'https://randomuser.me/api/portraits/men/39.jpg', 'medium': 'https://randomuser.me/api/portraits/med/men/39.jpg', 'thumbnail': 'https://randomuser.me/api/portraits/thumb/men/39.jpg'}, 'nat': 'FI'}</msg>
<arg>${json_data['results'][0]}</arg>
<doc>Logs the given message with the given level.</doc>
<status status="PASS" start="2024-08-01T22:14:25.817074" elapsed="0.000405"/>
</kw>
<kw name="Log" owner="BuiltIn">
<msg time="2024-08-01T22:14:25.817908" level="INFO">login</msg>
<arg>${key}</arg>
<doc>Logs the given message with the given level.</doc>
<status status="PASS" start="2024-08-01T22:14:25.817780" elapsed="0.000166"/>
</kw>
<var name="${key}">login</var>
<status status="PASS" start="2024-08-01T22:14:25.816414" elapsed="0.001748"/>
</iter>
<var>${key}</var>
<value>@{expected_keys}</value>
<status status="PASS" start="2024-08-01T22:14:25.808151" elapsed="0.010130"/>
</for>
<kw name="Create List" owner="BuiltIn">
<msg time="2024-08-01T22:14:25.818657" level="INFO">${expected_keysTwo} = ['username', 'password']</msg>
<var>${expected_keysTwo}</var>
<arg>username</arg>
<arg>password</arg>
<doc>Returns a list containing given items.</doc>
<status status="PASS" start="2024-08-01T22:14:25.818506" elapsed="0.000176"/>
</kw>
<for flavor="IN">
<iter>
<kw name="Dictionary Should Contain Key" owner="Collections">
<arg>${json_data['results'][0]['login']}</arg>
<arg>${keyTwo}</arg>
<doc>Fails if ``key`` is not found from ``dictionary``.</doc>
<status status="PASS" start="2024-08-01T22:14:25.819281" elapsed="0.000420"/>
</kw>
<kw name="Dictionary Should Contain Key" owner="Collections">
<arg>${json_data['results'][0]['login']}</arg>
<arg>${keyTwo}</arg>
<doc>Fails if ``key`` is not found from ``dictionary``.</doc>
<status status="PASS" start="2024-08-01T22:14:25.819887" elapsed="0.000393"/>
</kw>
<kw name="Log" owner="BuiltIn">
<msg time="2024-08-01T22:14:25.820582" level="INFO">username</msg>
<arg>${keyTwo}</arg>
<doc>Logs the given message with the given level.</doc>
<status status="PASS" start="2024-08-01T22:14:25.820458" elapsed="0.000163"/>
</kw>
<var name="${keyTwo}">username</var>
<status status="PASS" start="2024-08-01T22:14:25.819165" elapsed="0.001700"/>
</iter>
<iter>
<kw name="Dictionary Should Contain Key" owner="Collections">
<arg>${json_data['results'][0]['login']}</arg>
<arg>${keyTwo}</arg>
<doc>Fails if ``key`` is not found from ``dictionary``.</doc>
<status status="PASS" start="2024-08-01T22:14:25.821161" elapsed="0.000383"/>
</kw>
<kw name="Dictionary Should Contain Key" owner="Collections">
<arg>${json_data['results'][0]['login']}</arg>
<arg>${keyTwo}</arg>
<doc>Fails if ``key`` is not found from ``dictionary``.</doc>
<status status="PASS" start="2024-08-01T22:14:25.821720" elapsed="0.000371"/>
</kw>
<kw name="Log" owner="BuiltIn">
<msg time="2024-08-01T22:14:25.822389" level="INFO">password</msg>
<arg>${keyTwo}</arg>
<doc>Logs the given message with the given level.</doc>
<status status="PASS" start="2024-08-01T22:14:25.822264" elapsed="0.000163"/>
</kw>
<var name="${keyTwo}">password</var>
<status status="PASS" start="2024-08-01T22:14:25.821041" elapsed="0.001613"/>
</iter>
<var>${keyTwo}</var>
<value>@{expected_keysTwo}</value>
<status status="PASS" start="2024-08-01T22:14:25.818986" elapsed="0.003786"/>
</for>
<status status="PASS" start="2024-08-01T22:14:25.644920" elapsed="0.178046"/>
</kw>
<doc>Testa a estrutura da resposta da API.</doc>
<tag>testeEstruturaResposta</tag>
<status status="PASS" start="2024-08-01T22:14:25.644312" elapsed="0.178818"/>
</test>
<test id="s1-s1-t4" name="Validar tipos de dados" line="28">
<kw name="Teste de Tipos de Dados" owner="random-user-service">
<kw name="GET On Session" owner="RequestsLibrary">
<msg time="2024-08-01T22:14:25.890810" level="INFO">GET Request : url=https://randomuser.me/api 
 path_url=/api 
 headers={'User-Agent': 'python-requests/2.32.3', 'Accept-Encoding': 'gzip, deflate', 'Accept': '*/*', 'Connection': 'keep-alive'} 
 body=None 
 </msg>
<msg time="2024-08-01T22:14:25.890963" level="INFO">GET Response : url=https://randomuser.me/api 
 status=200, reason=OK 
 headers={'Date': 'Thu, 01 Aug 2024 22:14:25 GMT', 'Content-Type': 'application/json; charset=utf-8', 'Transfer-Encoding': 'chunked', 'Connection': 'keep-alive', 'X-Powered-By': 'Express', 'Access-Control-Allow-Origin': '*', 'Cache-Control': 'no-cache', 'ETag': 'W/"49f-HFOc++Prtg+0bBRX5/A3OlNSwJg"', 'Vary': 'Accept-Encoding', 'Content-Encoding': 'gzip', 'CF-Cache-Status': 'DYNAMIC', 'Report-To': '{"endpoints":[{"url":"https:\\/\\/a.nel.cloudflare.com\\/report\\/v4?s=L1zsHj0%2FLSnDcZ3BBjpppxrIMSmAfiAYFyy0AKC8uug6qarJIEkrGTKfimrdrPDRnkAd%2FoMFYU3ywS1yey6cZbDoEdZJlwPmxm1TDhZb649ILI4cnvhsJrcY9aYl285X"}],"group":"cf-nel","max_age":604800}', 'NEL': '{"success_fraction":0,"report_to":"cf-nel","max_age":604800}', 'Server': 'cloudflare', 'CF-RAY': '8ac92e5b7c3ba1c9-MSP', 'alt-svc': 'h3=":443"; ma=86400'} 
 body={"results":[{"gender":"male","name":{"title":"Mr","first":"Aléxis","last":"Viana"},"location":{"street":{"number":8114,"name":"Rua Vinte E Quatro de Outubro"},"city":"Alagoinhas","state":"Paraíba","country":"Brazil","postcode":45416,"coordinates":{"latitude":"-79.2193","longitude":"-48.5655"},"timezone":{"offset":"+4:00","description":"Abu Dhabi, Muscat, Baku, Tbilisi"}},"email":"alexis.viana@example.com","login":{"uuid":"1facf086-6403-4d6b-97d4-a9a7c06af9bb","username":"tinyfish690","password":"hoosier","salt":"ytdoYARZ","md5":"dc6caf5ba63b7843da26d9f11ece6817","sha1":"63dae2773402345bed5f868fa1b6940deb449e2c","sha256":"62efd3e839bfdc0d4ef114592ac2a883dd4dee065f255c950f39668ba587b7df"},"dob":{"date":"1977-12-21T23:14:21.384Z","age":46},"registered":{"date":"2015-08-26T20:05:29.557Z","age":8},"phone":"(70) 4695-7792","cell":"(10) 7103-1027","id":{"name":"CPF","value":"445.117.845-62"},"picture":{"large":"https://randomuser.me/api/portraits/men/45.jpg","medium":"https://randomuser.me/api/portraits/med/men/45.jpg","thumbnail":"https://randomuser.me/api/portraits/thumb/men/45.jpg"},"nat":"BR"}],"info":{"seed":"94801c9ccec9a6e8","results":1,"page":1,"version":"1.4"}} 
 </msg>
<msg time="2024-08-01T22:14:25.891060" level="INFO">/opt/hostedtoolcache/Python/3.12.4/x64/lib/python3.12/site-packages/urllib3/connectionpool.py:1099: InsecureRequestWarning: Unverified HTTPS request is being made to host 'randomuser.me'. Adding certificate verification is strongly advised. See: https://urllib3.readthedocs.io/en/latest/advanced-usage.html#tls-warnings
  warnings.warn(</msg>
<msg time="2024-08-01T22:14:25.891192" level="INFO">${response} = &lt;Response [200]&gt;</msg>
<var>${response}</var>
<arg>consultarAPI</arg>
<arg>/api</arg>
<doc>Sends a GET request on a previously created HTTP Session.</doc>
<status status="PASS" start="2024-08-01T22:14:25.825609" elapsed="0.065619"/>
</kw>
<kw name="Set Variable" owner="BuiltIn">
<msg time="2024-08-01T22:14:25.892331" level="INFO">${json_data} = {'results': [{'gender': 'male', 'name': {'title': 'Mr', 'first': 'Aléxis', 'last': 'Viana'}, 'location': {'street': {'number': 8114, 'name': 'Rua Vinte E Quatro de Outubro'}, 'city': 'Alagoinhas', 'st...</msg>
<var>${json_data}</var>
<arg>${response.json()}</arg>
<doc>Returns the given values which can then be assigned to a variables.</doc>
<status status="PASS" start="2024-08-01T22:14:25.891799" elapsed="0.000561"/>
</kw>
<kw name="Log" owner="BuiltIn">
<msg time="2024-08-01T22:14:25.892832" level="INFO">{'results': [{'gender': 'male', 'name': {'title': 'Mr', 'first': 'Aléxis', 'last': 'Viana'}, 'location': {'street': {'number': 8114, 'name': 'Rua Vinte E Quatro de Outubro'}, 'city': 'Alagoinhas', 'state': 'Paraíba', 'country': 'Brazil', 'postcode': 45416, 'coordinates': {'latitude': '-79.2193', 'longitude': '-48.5655'}, 'timezone': {'offset': '+4:00', 'description': 'Abu Dhabi, Muscat, Baku, Tbilisi'}}, 'email': 'alexis.viana@example.com', 'login': {'uuid': '1facf086-6403-4d6b-97d4-a9a7c06af9bb', 'username': 'tinyfish690', 'password': 'hoosier', 'salt': 'ytdoYARZ', 'md5': 'dc6caf5ba63b7843da26d9f11ece6817', 'sha1': '63dae2773402345bed5f868fa1b6940deb449e2c', 'sha256': '62efd3e839bfdc0d4ef114592ac2a883dd4dee065f255c950f39668ba587b7df'}, 'dob': {'date': '1977-12-21T23:14:21.384Z', 'age': 46}, 'registered': {'date': '2015-08-26T20:05:29.557Z', 'age': 8}, 'phone': '(70) 4695-7792', 'cell': '(10) 7103-1027', 'id': {'name': 'CPF', 'value': '445.117.845-62'}, 'picture': {'large': 'https://randomuser.me/api/portraits/men/45.jpg', 'medium': 'https://randomuser.me/api/portraits/med/men/45.jpg', 'thumbnail': 'https://randomuser.me/api/portraits/thumb/men/45.jpg'}, 'nat': 'BR'}], 'info': {'seed': '94801c9ccec9a6e8', 'results': 1, 'page': 1, 'version': '1.4'}}</msg>
<arg>${json_data}</arg>
<doc>Logs the given message with the given level.</doc>
<status status="PASS" start="2024-08-01T22:14:25.892673" elapsed="0.000208"/>
</kw>
<kw name="Should Be String" owner="String">
<arg>${json_data['results'][0]['gender']}</arg>
<doc>Fails if the given ``item`` is not a string.</doc>
<status status="PASS" start="2024-08-01T22:14:25.893181" elapsed="0.000374"/>
</kw>
<kw name="Should Match Regexp" owner="BuiltIn">
<arg>${json_data['results'][0]['email']}</arg>
<arg>^[a-zA-Z0-9._%+-]+@[a-zA-Z0-9.-]+\.[a-zA-Z]{2,}$</arg>
<doc>Fails if ``string`` does not match ``pattern`` as a regular expression.</doc>
<status status="PASS" start="2024-08-01T22:14:25.893785" elapsed="0.000527"/>
</kw>
<kw name="Should Match Regexp" owner="BuiltIn">
<arg>${json_data['results'][0]['dob']['date']}</arg>
<arg>\\d{4}-\\d{2}-\\d{2}T\\d{2}:\\d{2}:\\d{2}\\.\\d{3}Z</arg>
<doc>Fails if ``string`` does not match ``pattern`` as a regular expression.</doc>
<status status="PASS" start="2024-08-01T22:14:25.894510" elapsed="0.000674"/>
</kw>
<kw name="Should Match Regexp" owner="BuiltIn">
<arg>${json_data['results'][0]['registered']['date']}</arg>
<arg>\\d{4}-\\d{2}-\\d{2}T\\d{2}:\\d{2}:\\d{2}\\.\\d{3}Z</arg>
<doc>Fails if ``string`` does not match ``pattern`` as a regular expression.</doc>
<status status="PASS" start="2024-08-01T22:14:25.895381" elapsed="0.000374"/>
</kw>
<kw name="Should Match Regexp" owner="BuiltIn">
<arg>${json_data['results'][0]['picture']['large']}</arg>
<arg>^https?://.*\.(?:png|jpe?g|gif|bmp)$</arg>
<doc>Fails if ``string`` does not match ``pattern`` as a regular expression.</doc>
<status status="PASS" start="2024-08-01T22:14:25.895939" elapsed="0.000455"/>
</kw>
<kw name="Should Match Regexp" owner="BuiltIn">
<arg>${json_data['results'][0]['picture']['medium']}</arg>
<arg>^https?://.*\.(?:png|jpe?g|gif|bmp)$</arg>
<doc>Fails if ``string`` does not match ``pattern`` as a regular expression.</doc>
<status status="PASS" start="2024-08-01T22:14:25.896579" elapsed="0.000353"/>
</kw>
<kw name="Should Match Regexp" owner="BuiltIn">
<arg>${json_data['results'][0]['picture']['thumbnail']}</arg>
<arg>^https?://.*\.(?:png|jpe?g|gif|bmp)$</arg>
<doc>Fails if ``string`` does not match ``pattern`` as a regular expression.</doc>
<status status="PASS" start="2024-08-01T22:14:25.897115" elapsed="0.000348"/>
</kw>
<kw name="Log" owner="BuiltIn">
<msg time="2024-08-01T22:14:25.897968" level="INFO">{'large': 'https://randomuser.me/api/portraits/men/45.jpg', 'medium': 'https://randomuser.me/api/portraits/med/men/45.jpg', 'thumbnail': 'https://randomuser.me/api/portraits/thumb/men/45.jpg'}</msg>
<arg>${json_data['results'][0]['picture']}</arg>
<doc>Logs the given message with the given level.</doc>
<status status="PASS" start="2024-08-01T22:14:25.897644" elapsed="0.000366"/>
</kw>
<status status="PASS" start="2024-08-01T22:14:25.825377" elapsed="0.072909"/>
</kw>
<kw name="Teste de Tipos de Dados - Postcode" owner="random-user-service">
<kw name="GET On Session" owner="RequestsLibrary">
<msg time="2024-08-01T22:14:25.984732" level="INFO">GET Request : url=https://randomuser.me/api 
 path_url=/api 
 headers={'User-Agent': 'python-requests/2.32.3', 'Accept-Encoding': 'gzip, deflate', 'Accept': '*/*', 'Connection': 'keep-alive'} 
 body=None 
 </msg>
<msg time="2024-08-01T22:14:25.984827" level="INFO">GET Response : url=https://randomuser.me/api 
 status=200, reason=OK 
 headers={'Date': 'Thu, 01 Aug 2024 22:14:25 GMT', 'Content-Type': 'application/json; charset=utf-8', 'Transfer-Encoding': 'chunked', 'Connection': 'keep-alive', 'X-Powered-By': 'Express', 'Access-Control-Allow-Origin': '*', 'Cache-Control': 'no-cache', 'ETag': 'W/"485-tvImi2f8/n7nTP4WuZL0CrhOUwE"', 'Vary': 'Accept-Encoding', 'Content-Encoding': 'gzip', 'CF-Cache-Status': 'DYNAMIC', 'Report-To': '{"endpoints":[{"url":"https:\\/\\/a.nel.cloudflare.com\\/report\\/v4?s=ewPZAILY8AUJm4inyL5l9SdP7%2FtsIiPPoMyOKysNXE06ylOAALGUwU38tTV%2FH%2FagQUK7rxWsp75XpmWd0OQtIIe83EtMreKd0oXHv8jsTkE0Xx%2BwJZVE358K2gbVXXxd"}],"group":"cf-nel","max_age":604800}', 'NEL': '{"success_fraction":0,"report_to":"cf-nel","max_age":604800}', 'Server': 'cloudflare', 'CF-RAY': '8ac92e5bece0a1c9-MSP', 'alt-svc': 'h3=":443"; ma=86400'} 
 body={"results":[{"gender":"male","name":{"title":"Mr","first":"Douglas","last":"Grant"},"location":{"street":{"number":4161,"name":"Park Lane"},"city":"Naas","state":"Cavan","country":"Ireland","postcode":28492,"coordinates":{"latitude":"-3.7939","longitude":"-78.7642"},"timezone":{"offset":"-5:00","description":"Eastern Time (US &amp; Canada), Bogota, Lima"}},"email":"douglas.grant@example.com","login":{"uuid":"45469a03-468a-4715-a4a8-371625d8a596","username":"purplelion269","password":"dragonba","salt":"rAIMCguy","md5":"abc3d7aab6665ab6964b801d31f74a5e","sha1":"5cbaad8e98383104ecc0221c1c25e19921877fa2","sha256":"e46df2722fcf5fa957dfdc55e1e189669a3388ca14b9e2e69994425a4a84a245"},"dob":{"date":"1970-06-19T23:20:32.797Z","age":54},"registered":{"date":"2004-08-25T14:42:07.216Z","age":19},"phone":"021-385-6363","cell":"081-035-5500","id":{"name":"PPS","value":"7496838T"},"picture":{"large":"https://randomuser.me/api/portraits/men/37.jpg","medium":"https://randomuser.me/api/portraits/med/men/37.jpg","thumbnail":"https://randomuser.me/api/portraits/thumb/men/37.jpg"},"nat":"IE"}],"info":{"seed":"2fa7d12fc4db5e58","results":1,"page":1,"version":"1.4"}} 
 </msg>
<msg time="2024-08-01T22:14:25.984898" level="INFO">/opt/hostedtoolcache/Python/3.12.4/x64/lib/python3.12/site-packages/urllib3/connectionpool.py:1099: InsecureRequestWarning: Unverified HTTPS request is being made to host 'randomuser.me'. Adding certificate verification is strongly advised. See: https://urllib3.readthedocs.io/en/latest/advanced-usage.html#tls-warnings
  warnings.warn(</msg>
<msg time="2024-08-01T22:14:25.985019" level="INFO">${response} = &lt;Response [200]&gt;</msg>
<var>${response}</var>
<arg>consultarAPI</arg>
<arg>/api</arg>
<doc>Sends a GET request on a previously created HTTP Session.</doc>
<status status="PASS" start="2024-08-01T22:14:25.898779" elapsed="0.086280"/>
</kw>
<kw name="Set Variable" owner="BuiltIn">
<msg time="2024-08-01T22:14:25.986059" level="INFO">${json_data} = {'results': [{'gender': 'male', 'name': {'title': 'Mr', 'first': 'Douglas', 'last': 'Grant'}, 'location': {'street': {'number': 4161, 'name': 'Park Lane'}, 'city': 'Naas', 'state': 'Cavan', 'country':...</msg>
<var>${json_data}</var>
<arg>${response.json()}</arg>
<doc>Returns the given values which can then be assigned to a variables.</doc>
<status status="PASS" start="2024-08-01T22:14:25.985567" elapsed="0.000520"/>
</kw>
<kw name="Log" owner="BuiltIn">
<msg time="2024-08-01T22:14:25.986557" level="INFO">{'results': [{'gender': 'male', 'name': {'title': 'Mr', 'first': 'Douglas', 'last': 'Grant'}, 'location': {'street': {'number': 4161, 'name': 'Park Lane'}, 'city': 'Naas', 'state': 'Cavan', 'country': 'Ireland', 'postcode': 28492, 'coordinates': {'latitude': '-3.7939', 'longitude': '-78.7642'}, 'timezone': {'offset': '-5:00', 'description': 'Eastern Time (US &amp; Canada), Bogota, Lima'}}, 'email': 'douglas.grant@example.com', 'login': {'uuid': '45469a03-468a-4715-a4a8-371625d8a596', 'username': 'purplelion269', 'password': 'dragonba', 'salt': 'rAIMCguy', 'md5': 'abc3d7aab6665ab6964b801d31f74a5e', 'sha1': '5cbaad8e98383104ecc0221c1c25e19921877fa2', 'sha256': 'e46df2722fcf5fa957dfdc55e1e189669a3388ca14b9e2e69994425a4a84a245'}, 'dob': {'date': '1970-06-19T23:20:32.797Z', 'age': 54}, 'registered': {'date': '2004-08-25T14:42:07.216Z', 'age': 19}, 'phone': '021-385-6363', 'cell': '081-035-5500', 'id': {'name': 'PPS', 'value': '7496838T'}, 'picture': {'large': 'https://randomuser.me/api/portraits/men/37.jpg', 'medium': 'https://randomuser.me/api/portraits/med/men/37.jpg', 'thumbnail': 'https://randomuser.me/api/portraits/thumb/men/37.jpg'}, 'nat': 'IE'}], 'info': {'seed': '2fa7d12fc4db5e58', 'results': 1, 'page': 1, 'version': '1.4'}}</msg>
<arg>${json_data}</arg>
<doc>Logs the given message with the given level.</doc>
<status status="PASS" start="2024-08-01T22:14:25.986397" elapsed="0.000210"/>
</kw>
<kw name="Should Be Equal As Numbers" owner="BuiltIn">
<arg>${json_data['results'][0]['location']['postcode']}</arg>
<arg>${json_data['results'][0]['location']['postcode']}</arg>
<doc>Fails if objects are unequal after converting them to real numbers.</doc>
<status status="PASS" start="2024-08-01T22:14:25.986931" elapsed="0.000624"/>
</kw>
<kw name="Log" owner="BuiltIn">
<msg time="2024-08-01T22:14:25.988119" level="INFO">28492</msg>
<arg>${json_data['results'][0]['location']['postcode']}</arg>
<doc>Logs the given message with the given level.</doc>
<status status="PASS" start="2024-08-01T22:14:25.987746" elapsed="0.000413"/>
</kw>
<status status="PASS" start="2024-08-01T22:14:25.898546" elapsed="0.089867"/>
</kw>
<doc>Testa se os tipos de dados na resposta da API estão corretos.</doc>
<tag>testeTiposDados</tag>
<status status="PASS" start="2024-08-01T22:14:25.824896" elapsed="0.163688"/>
</test>
<test id="s1-s1-t5" name="Validar conteudo" line="35">
<kw name="Teste de Tipos de Conteudo" owner="random-user-service">
<kw name="GET On Session" owner="RequestsLibrary">
<msg time="2024-08-01T22:14:26.083625" level="INFO">GET Request : url=https://randomuser.me/api 
 path_url=/api 
 headers={'User-Agent': 'python-requests/2.32.3', 'Accept-Encoding': 'gzip, deflate', 'Accept': '*/*', 'Connection': 'keep-alive'} 
 body=None 
 </msg>
<msg time="2024-08-01T22:14:26.083731" level="INFO">GET Response : url=https://randomuser.me/api 
 status=200, reason=OK 
 headers={'Date': 'Thu, 01 Aug 2024 22:14:26 GMT', 'Content-Type': 'application/json; charset=utf-8', 'Transfer-Encoding': 'chunked', 'Connection': 'keep-alive', 'X-Powered-By': 'Express', 'Access-Control-Allow-Origin': '*', 'Cache-Control': 'no-cache', 'ETag': 'W/"46e-bozUjIEGvQ8eoKX1xJ8bI04wPCc"', 'Vary': 'Accept-Encoding', 'Content-Encoding': 'gzip', 'CF-Cache-Status': 'DYNAMIC', 'Report-To': '{"endpoints":[{"url":"https:\\/\\/a.nel.cloudflare.com\\/report\\/v4?s=xE3whZZBZD%2BSowwwhfJVYho349jki45InVNQ9V9WvrDXtV1S1E%2FtC4WzdNCFhH7W75l62p5KAq66wSUUbmAJNMhhbmjfH5V%2Bh%2BZoA%2FXta%2B6JIU49jfdDafI6sUEkoQ41"}],"group":"cf-nel","max_age":604800}', 'NEL': '{"success_fraction":0,"report_to":"cf-nel","max_age":604800}', 'Server': 'cloudflare', 'CF-RAY': '8ac92e5c7dbda1c9-MSP', 'alt-svc': 'h3=":443"; ma=86400'} 
 body={"results":[{"gender":"female","name":{"title":"Mrs","first":"Domaha","last":"Meh"},"location":{"street":{"number":2011,"name":"Centralna"},"city":"Yagotin","state":"Hmelnicka","country":"Ukraine","postcode":87768,"coordinates":{"latitude":"73.7740","longitude":"95.1798"},"timezone":{"offset":"-3:30","description":"Newfoundland"}},"email":"domaha.meh@example.com","login":{"uuid":"39553ffe-dee9-4196-a819-c196fd8fd72f","username":"organicrabbit208","password":"admin1","salt":"56JgMy3F","md5":"5c84d6fb30f1631c7d4d9be00cdc299a","sha1":"73edb5a49e9960ccb9b2d39be6f29976e7dae0e9","sha256":"190617a4ba8c4c898fe4f60c64d38e8778d2269be7898ae408d72e2c2882e38c"},"dob":{"date":"1977-01-25T18:21:16.538Z","age":47},"registered":{"date":"2010-01-27T15:20:24.321Z","age":14},"phone":"(098) O98-4194","cell":"(068) A86-9426","id":{"name":"","value":null},"picture":{"large":"https://randomuser.me/api/portraits/women/90.jpg","medium":"https://randomuser.me/api/portraits/med/women/90.jpg","thumbnail":"https://randomuser.me/api/portraits/thumb/women/90.jpg"},"nat":"UA"}],"info":{"seed":"0959eea004e83688","results":1,"page":1,"version":"1.4"}} 
 </msg>
<msg time="2024-08-01T22:14:26.083803" level="INFO">/opt/hostedtoolcache/Python/3.12.4/x64/lib/python3.12/site-packages/urllib3/connectionpool.py:1099: InsecureRequestWarning: Unverified HTTPS request is being made to host 'randomuser.me'. Adding certificate verification is strongly advised. See: https://urllib3.readthedocs.io/en/latest/advanced-usage.html#tls-warnings
  warnings.warn(</msg>
<msg time="2024-08-01T22:14:26.083920" level="INFO">${response} = &lt;Response [200]&gt;</msg>
<var>${response}</var>
<arg>consultarAPI</arg>
<arg>/api</arg>
<doc>Sends a GET request on a previously created HTTP Session.</doc>
<status status="PASS" start="2024-08-01T22:14:25.991017" elapsed="0.092929"/>
</kw>
<kw name="Set Variable" owner="BuiltIn">
<msg time="2024-08-01T22:14:26.084997" level="INFO">${json_data} = {'results': [{'gender': 'female', 'name': {'title': 'Mrs', 'first': 'Domaha', 'last': 'Meh'}, 'location': {'street': {'number': 2011, 'name': 'Centralna'}, 'city': 'Yagotin', 'state': 'Hmelnicka', 'co...</msg>
<var>${json_data}</var>
<arg>${response.json()}</arg>
<doc>Returns the given values which can then be assigned to a variables.</doc>
<status status="PASS" start="2024-08-01T22:14:26.084474" elapsed="0.000552"/>
</kw>
<kw name="Set Variable" owner="BuiltIn">
<msg time="2024-08-01T22:14:26.085718" level="INFO">${name_title} = Mrs</msg>
<var>${name_title}</var>
<arg>${json_data["results"][0]["name"]["title"]}</arg>
<doc>Returns the given values which can then be assigned to a variables.</doc>
<status status="PASS" start="2024-08-01T22:14:26.085339" elapsed="0.000404"/>
</kw>
<kw name="Create List" owner="BuiltIn">
<msg time="2024-08-01T22:14:26.086183" level="INFO">${allowed_titles} = ['Mr', 'Ms', 'Miss', 'Mrs', 'Madame', 'Monsieur']</msg>
<var>${allowed_titles}</var>
<arg>Mr</arg>
<arg>Ms</arg>
<arg>Miss</arg>
<arg>Mrs</arg>
<arg>Madame</arg>
<arg>Monsieur</arg>
<doc>Returns a list containing given items.</doc>
<status status="PASS" start="2024-08-01T22:14:26.086036" elapsed="0.000171"/>
</kw>
<kw name="List Should Contain Value" owner="Collections">
<arg>${allowed_titles}</arg>
<arg>${name_title}</arg>
<doc>Fails if the ``value`` is not found from ``list``.</doc>
<status status="PASS" start="2024-08-01T22:14:26.086499" elapsed="0.000185"/>
</kw>
<kw name="Set Variable" owner="BuiltIn">
<msg time="2024-08-01T22:14:26.087278" level="INFO">${name_country} = UA</msg>
<var>${name_country}</var>
<arg>${json_data["results"][0]["nat"]}</arg>
<doc>Returns the given values which can then be assigned to a variables.</doc>
<status status="PASS" start="2024-08-01T22:14:26.086896" elapsed="0.000407"/>
</kw>
<kw name="Create List" owner="BuiltIn">
<msg time="2024-08-01T22:14:26.088175" level="INFO">${list_country} = ['AD', 'AE', 'AF', 'AG', 'AI', 'AL', 'AM', 'AO', 'AQ', 'AR', 'AS', 'AT', 'AU', 'AW', 'AX', 'AZ', 'BA', 'BB', 'BD', 'BE', 'BF', 'BG', 'BH', 'BI', 'BJ', 'BL', 'BM', 'BN', 'BO', 'BQ', 'BR', 'BS', 'BT', '...</msg>
<var>${list_country}</var>
<arg>AD</arg>
<arg>AE</arg>
<arg>AF</arg>
<arg>AG</arg>
<arg>AI</arg>
<arg>AL</arg>
<arg>AM</arg>
<arg>AO</arg>
<arg>AQ</arg>
<arg>AR</arg>
<arg>AS</arg>
<arg>AT</arg>
<arg>AU</arg>
<arg>AW</arg>
<arg>AX</arg>
<arg>AZ</arg>
<arg>BA</arg>
<arg>BB</arg>
<arg>BD</arg>
<arg>BE</arg>
<arg>BF</arg>
<arg>BG</arg>
<arg>BH</arg>
<arg>BI</arg>
<arg>BJ</arg>
<arg>BL</arg>
<arg>BM</arg>
<arg>BN</arg>
<arg>BO</arg>
<arg>BQ</arg>
<arg>BR</arg>
<arg>BS</arg>
<arg>BT</arg>
<arg>BV</arg>
<arg>BW</arg>
<arg>BY</arg>
<arg>BZ</arg>
<arg>CA</arg>
<arg>CC</arg>
<arg>CD</arg>
<arg>CF</arg>
<arg>CG</arg>
<arg>CH</arg>
<arg>CI</arg>
<arg>CK</arg>
<arg>CL</arg>
<arg>CM</arg>
<arg>CN</arg>
<arg>CO</arg>
<arg>CR</arg>
<arg>CU</arg>
<arg>CV</arg>
<arg>CW</arg>
<arg>CX</arg>
<arg>CY</arg>
<arg>CZ</arg>
<arg>DE</arg>
<arg>DJ</arg>
<arg>DK</arg>
<arg>DM</arg>
<arg>DO</arg>
<arg>DZ</arg>
<arg>EC</arg>
<arg>EE</arg>
<arg>EG</arg>
<arg>EH</arg>
<arg>ER</arg>
<arg>ES</arg>
<arg>ET</arg>
<arg>FI</arg>
<arg>FJ</arg>
<arg>FK</arg>
<arg>FM</arg>
<arg>FO</arg>
<arg>FR</arg>
<arg>GA</arg>
<arg>GB</arg>
<arg>GD</arg>
<arg>GE</arg>
<arg>GF</arg>
<arg>GG</arg>
<arg>GH</arg>
<arg>GI</arg>
<arg>GL</arg>
<arg>GM</arg>
<arg>GN</arg>
<arg>GP</arg>
<arg>GQ</arg>
<arg>GR</arg>
<arg>GS</arg>
<arg>GT</arg>
<arg>GU</arg>
<arg>GW</arg>
<arg>GY</arg>
<arg>HK</arg>
<arg>HM</arg>
<arg>HN</arg>
<arg>HR</arg>
<arg>HT</arg>
<arg>HU</arg>
<arg>ID</arg>
<arg>IE</arg>
<arg>IL</arg>
<arg>IM</arg>
<arg>IN</arg>
<arg>IO</arg>
<arg>IQ</arg>
<arg>IR</arg>
<arg>IS</arg>
<arg>IT</arg>
<arg>JE</arg>
<arg>JM</arg>
<arg>JO</arg>
<arg>JP</arg>
<arg>KE</arg>
<arg>KG</arg>
<arg>KH</arg>
<arg>KI</arg>
<arg>KM</arg>
<arg>KN</arg>
<arg>KP</arg>
<arg>KR</arg>
<arg>KW</arg>
<arg>KY</arg>
<arg>KZ</arg>
<arg>LA</arg>
<arg>LB</arg>
<arg>LC</arg>
<arg>LI</arg>
<arg>LK</arg>
<arg>LR</arg>
<arg>LS</arg>
<arg>LT</arg>
<arg>LU</arg>
<arg>LV</arg>
<arg>LY</arg>
<arg>MA</arg>
<arg>MC</arg>
<arg>MD</arg>
<arg>ME</arg>
<arg>MF</arg>
<arg>MG</arg>
<arg>MH</arg>
<arg>MK</arg>
<arg>ML</arg>
<arg>MM</arg>
<arg>MN</arg>
<arg>MO</arg>
<arg>MP</arg>
<arg>MQ</arg>
<arg>MR</arg>
<arg>MS</arg>
<arg>MT</arg>
<arg>MU</arg>
<arg>MV</arg>
<arg>MW</arg>
<arg>MX</arg>
<arg>MY</arg>
<arg>MZ</arg>
<arg>NA</arg>
<arg>NC</arg>
<arg>NE</arg>
<arg>NF</arg>
<arg>NG</arg>
<arg>NI</arg>
<arg>NL</arg>
<arg>NO</arg>
<arg>NP</arg>
<arg>NR</arg>
<arg>NU</arg>
<arg>NZ</arg>
<arg>OM</arg>
<arg>PA</arg>
<arg>PE</arg>
<arg>PF</arg>
<arg>PG</arg>
<arg>PH</arg>
<arg>PK</arg>
<arg>PL</arg>
<arg>PM</arg>
<arg>PN</arg>
<arg>PR</arg>
<arg>PS</arg>
<arg>PT</arg>
<arg>PW</arg>
<arg>PY</arg>
<arg>QA</arg>
<arg>RE</arg>
<arg>RO</arg>
<arg>RS</arg>
<arg>RU</arg>
<arg>RW</arg>
<arg>SA</arg>
<arg>SB</arg>
<arg>SC</arg>
<arg>SD</arg>
<arg>SE</arg>
<arg>SG</arg>
<arg>SH</arg>
<arg>SI</arg>
<arg>SJ</arg>
<arg>SK</arg>
<arg>SL</arg>
<arg>SM</arg>
<arg>SN</arg>
<arg>SO</arg>
<arg>SR</arg>
<arg>SS</arg>
<arg>ST</arg>
<arg>SV</arg>
<arg>SX</arg>
<arg>SY</arg>
<arg>SZ</arg>
<arg>TC</arg>
<arg>TD</arg>
<arg>TF</arg>
<arg>TG</arg>
<arg>TH</arg>
<arg>TJ</arg>
<arg>TK</arg>
<arg>TL</arg>
<arg>TM</arg>
<arg>TN</arg>
<arg>TO</arg>
<arg>TR</arg>
<arg>TT</arg>
<arg>TV</arg>
<arg>TW</arg>
<arg>TZ</arg>
<arg>UA</arg>
<arg>UG</arg>
<arg>UM</arg>
<arg>US</arg>
<arg>UY</arg>
<arg>UZ</arg>
<arg>VA</arg>
<arg>VC</arg>
<arg>VE</arg>
<arg>VG</arg>
<arg>VI</arg>
<arg>VN</arg>
<arg>VU</arg>
<arg>WF</arg>
<arg>WS</arg>
<arg>XK</arg>
<arg>YE</arg>
<arg>YT</arg>
<arg>ZA</arg>
<arg>ZM</arg>
<arg>ZW</arg>
<doc>Returns a list containing given items.</doc>
<status status="PASS" start="2024-08-01T22:14:26.087589" elapsed="0.000611"/>
</kw>
<kw name="List Should Contain Value" owner="Collections">
<arg>${list_country}</arg>
<arg>${name_country}</arg>
<doc>Fails if the ``value`` is not found from ``list``.</doc>
<status status="PASS" start="2024-08-01T22:14:26.089174" elapsed="0.000212"/>
</kw>
<kw name="Run Keyword If" owner="BuiltIn">
<kw name="Should Be True" owner="BuiltIn">
<arg>${True}</arg>
<doc>Fails if the given condition is not true.</doc>
<status status="PASS" start="2024-08-01T22:14:26.090325" elapsed="0.000143"/>
</kw>
<arg>${json_data["results"][0]["location"]["coordinates"]["latitude"]} &gt;= -90 and ${json_data["results"][0]["location"]["coordinates"]["latitude"]} &lt;= 90</arg>
<arg>Should Be True</arg>
<arg>${True}</arg>
<doc>Runs the given keyword with the given arguments, if ``condition`` is true.</doc>
<status status="PASS" start="2024-08-01T22:14:26.089586" elapsed="0.001007"/>
</kw>
<kw name="Run Keyword If" owner="BuiltIn">
<kw name="Should Be True" owner="BuiltIn">
<arg>${True}</arg>
<doc>Fails if the given condition is not true.</doc>
<status status="PASS" start="2024-08-01T22:14:26.091495" elapsed="0.000137"/>
</kw>
<arg>${json_data["results"][0]["location"]["coordinates"]["longitude"]} &gt;= -180 and ${json_data["results"][0]["location"]["coordinates"]["longitude"]} &lt;= 180</arg>
<arg>Should Be True</arg>
<arg>${True}</arg>
<doc>Runs the given keyword with the given arguments, if ``condition`` is true.</doc>
<status status="PASS" start="2024-08-01T22:14:26.090776" elapsed="0.000980"/>
</kw>
<status status="PASS" start="2024-08-01T22:14:25.990767" elapsed="0.101121"/>
</kw>
<doc>Testa o conteúdo específico dos campos retornados pela API.</doc>
<tag>testeConteudo</tag>
<status status="PASS" start="2024-08-01T22:14:25.990307" elapsed="0.101734"/>
</test>
<status status="PASS" start="2024-08-01T22:14:25.060279" elapsed="1.033690"/>
</suite>
<status status="PASS" start="2024-08-01T22:14:25.044866" elapsed="1.054235"/>
</suite>
<statistics>
<total>
<stat pass="5" fail="0" skip="0">All Tests</stat>
</total>
<tag>
<stat pass="1" fail="0" skip="0">testeConteudo</stat>
<stat pass="1" fail="0" skip="0">testeEstruturaResposta</stat>
<stat pass="1" fail="0" skip="0">testeRequisicaoBasica</stat>
<stat pass="1" fail="0" skip="0">testeTiposDados</stat>
</tag>
<suite>
<stat pass="5" fail="0" skip="0" id="s1" name="Tests">Tests</stat>
<stat pass="5" fail="0" skip="0" id="s1-s1" name="Random-User-Test">Tests.Random-User-Test</stat>
</suite>
</statistics>
<errors>
</errors>
</robot>
