<?xml version="1.0" encoding="UTF-8"?>
<robot generator="Robot 7.0.1 (Python 3.12.3 on linux)" generated="2024-06-14T04:17:57.789073" rpa="false" schemaversion="5">
<suite id="s1" name="Tests" source="/home/runner/work/ApiRandomUser/ApiRandomUser/RamdonUser/tests">
<suite id="s1-s1" name="Random-User-Test" source="/home/runner/work/ApiRandomUser/ApiRandomUser/RamdonUser/tests/random-user-test.robot">
<test id="s1-s1-t1" name="Conectar" line="13">
<kw name="Conectar API" owner="random-user-service">
<kw name="Create Session" owner="RequestsLibrary">
<msg time="2024-06-14T04:17:58.176215" level="INFO">Creating Session using : alias=consultarAPI, url=https://randomuser.me/, headers={},                     cookies={}, auth=None, timeout=None, proxies=None, verify=False,                     debug=0 </msg>
<arg>consultarAPI</arg>
<arg>${URL}</arg>
<doc>Create Session: create a HTTP session to a server</doc>
<status status="PASS" start="2024-06-14T04:17:58.176013" elapsed="0.000383"/>
</kw>
<status status="PASS" start="2024-06-14T04:17:58.174962" elapsed="0.001790"/>
</kw>
<status status="PASS" start="2024-06-14T04:17:58.174365" elapsed="0.002582"/>
</test>
<test id="s1-s1-t2" name="Validar retorno 200 e JSON Válido" line="16">
<kw name="Teste de Requisicao Basica" owner="random-user-service">
<kw name="GET On Session" owner="RequestsLibrary">
<msg time="2024-06-14T04:17:58.351630" level="INFO">GET Request : url=https://randomuser.me/api 
 path_url=/api 
 headers={'User-Agent': 'python-requests/2.32.3', 'Accept-Encoding': 'gzip, deflate', 'Accept': '*/*', 'Connection': 'keep-alive'} 
 body=None 
 </msg>
<msg time="2024-06-14T04:17:58.351776" level="INFO">GET Response : url=https://randomuser.me/api 
 status=200, reason=OK 
 headers={'Date': 'Fri, 14 Jun 2024 04:17:58 GMT', 'Content-Type': 'application/json; charset=utf-8', 'Transfer-Encoding': 'chunked', 'Connection': 'keep-alive', 'X-Powered-By': 'Express', 'Access-Control-Allow-Origin': '*', 'Cache-Control': 'no-cache', 'ETag': 'W/"499-AUvdg6iX/RkJN/QfWf6JocV8iFw"', 'Vary': 'Accept-Encoding', 'Content-Encoding': 'gzip', 'CF-Cache-Status': 'DYNAMIC', 'Report-To': '{"endpoints":[{"url":"https:\\/\\/a.nel.cloudflare.com\\/report\\/v4?s=FN63A06H2bdurXxNiob0Nkpxu0lGo8ths5smJV32rjmrPnDDEHPja5wmPPBIPKSq%2B0xK9pjXN1avrXy%2B2MtO%2FJ%2FBl5RUFLzdCPfFRtMHe0k6d0RyIOXhrU9U7VWHRFpD"}],"group":"cf-nel","max_age":604800}', 'NEL': '{"success_fraction":0,"report_to":"cf-nel","max_age":604800}', 'Server': 'cloudflare', 'CF-RAY': '893783838f9d1ff2-IAD', 'alt-svc': 'h3=":443"; ma=86400'} 
 body={"results":[{"gender":"male","name":{"title":"Mr","first":"Nathan","last":"Roux"},"location":{"street":{"number":8447,"name":"Rue du Bât-D'Argent"},"city":"Argenteuil","state":"Aude","country":"France","postcode":59239,"coordinates":{"latitude":"-15.1357","longitude":"-144.0614"},"timezone":{"offset":"+4:00","description":"Abu Dhabi, Muscat, Baku, Tbilisi"}},"email":"nathan.roux@example.com","login":{"uuid":"bf9dc018-44fc-496b-8e78-336e20760bab","username":"heavyleopard293","password":"tigers1","salt":"qq7UJyTp","md5":"25888a551e8bdfef364e7e610a735345","sha1":"8d980848f11b86fa0b7d9c7e081c7eba0a211b52","sha256":"e768add89fa58a44f6dd808a74cff253c3b2bb6eba5d704c05aac09eeee905b2"},"dob":{"date":"1957-10-02T11:45:02.706Z","age":66},"registered":{"date":"2010-11-06T04:18:16.777Z","age":13},"phone":"01-04-30-76-74","cell":"06-97-47-15-34","id":{"name":"INSEE","value":"1570956505391 36"},"picture":{"large":"https://randomuser.me/api/portraits/men/93.jpg","medium":"https://randomuser.me/api/portraits/med/men/93.jpg","thumbnail":"https://randomuser.me/api/portraits/thumb/men/93.jpg"},"nat":"FR"}],"info":{"seed":"9bb28a4064593e81","results":1,"page":1,"version":"1.4"}} 
 </msg>
<msg time="2024-06-14T04:17:58.351861" level="INFO">/opt/hostedtoolcache/Python/3.12.3/x64/lib/python3.12/site-packages/urllib3/connectionpool.py:1103: InsecureRequestWarning: Unverified HTTPS request is being made to host 'randomuser.me'. Adding certificate verification is strongly advised. See: https://urllib3.readthedocs.io/en/latest/advanced-usage.html#tls-warnings
  warnings.warn(</msg>
<msg time="2024-06-14T04:17:58.352010" level="INFO">${response} = &lt;Response [200]&gt;</msg>
<var>${response}</var>
<arg>consultarAPI</arg>
<arg>/api</arg>
<doc>Sends a GET request on a previously created HTTP Session.</doc>
<status status="PASS" start="2024-06-14T04:17:58.179671" elapsed="0.172382"/>
</kw>
<kw name="Should Be Equal As Numbers" owner="BuiltIn">
<msg time="2024-06-14T04:17:58.353161" level="INFO">Argument types are:
&lt;class 'int'&gt;
&lt;class 'str'&gt;</msg>
<arg>${response.status_code}</arg>
<arg>200</arg>
<doc>Fails if objects are unequal after converting them to real numbers.</doc>
<status status="PASS" start="2024-06-14T04:17:58.352679" elapsed="0.000549"/>
</kw>
<kw name="Log" owner="BuiltIn">
<msg time="2024-06-14T04:17:58.353976" level="INFO">200</msg>
<arg>${response.status_code}</arg>
<doc>Logs the given message with the given level.</doc>
<status status="PASS" start="2024-06-14T04:17:58.353589" elapsed="0.000438"/>
</kw>
<kw name="Set Variable" owner="BuiltIn">
<msg time="2024-06-14T04:17:58.354788" level="INFO">${json_data} = {'results': [{'gender': 'male', 'name': {'title': 'Mr', 'first': 'Nathan', 'last': 'Roux'}, 'location': {'street': {'number': 8447, 'name': "Rue du Bât-D'Argent"}, 'city': 'Argenteuil', 'state': 'Aude...</msg>
<var>${json_data}</var>
<arg>${response.json()}</arg>
<doc>Returns the given values which can then be assigned to a variables.</doc>
<status status="PASS" start="2024-06-14T04:17:58.354339" elapsed="0.000479"/>
</kw>
<kw name="Dictionary Should Contain Key" owner="Collections">
<arg>${json_data}</arg>
<arg>results</arg>
<doc>Fails if ``key`` is not found from ``dictionary``.</doc>
<status status="PASS" start="2024-06-14T04:17:58.355123" elapsed="0.000165"/>
</kw>
<status status="PASS" start="2024-06-14T04:17:58.179431" elapsed="0.176010"/>
</kw>
<doc>Testa se a API responde corretamente e retorna um objeto JSON válido.</doc>
<tag>testeRequisicaoBasica</tag>
<status status="PASS" start="2024-06-14T04:17:58.178907" elapsed="0.176710"/>
</test>
<test id="s1-s1-t3" name="Validar estrutura de resposta" line="22">
<kw name="Teste de Estrutura de Resposta" owner="random-user-service">
<kw name="GET On Session" owner="RequestsLibrary">
<msg time="2024-06-14T04:17:58.451524" level="INFO">GET Request : url=https://randomuser.me/api 
 path_url=/api 
 headers={'User-Agent': 'python-requests/2.32.3', 'Accept-Encoding': 'gzip, deflate', 'Accept': '*/*', 'Connection': 'keep-alive'} 
 body=None 
 </msg>
<msg time="2024-06-14T04:17:58.451614" level="INFO">GET Response : url=https://randomuser.me/api 
 status=200, reason=OK 
 headers={'Date': 'Fri, 14 Jun 2024 04:17:58 GMT', 'Content-Type': 'application/json; charset=utf-8', 'Transfer-Encoding': 'chunked', 'Connection': 'keep-alive', 'X-Powered-By': 'Express', 'Access-Control-Allow-Origin': '*', 'Cache-Control': 'no-cache', 'ETag': 'W/"49c-6/cO+bxyFwSEYDZPGnFCQ2UC9wM"', 'Vary': 'Accept-Encoding', 'Content-Encoding': 'gzip', 'CF-Cache-Status': 'DYNAMIC', 'Report-To': '{"endpoints":[{"url":"https:\\/\\/a.nel.cloudflare.com\\/report\\/v4?s=3T8O6e3%2FxySESGfToMZKkaqlFRxXBMNY0rMSZ%2FzNGSEYH7zvP1YBUBV4AYPmDwoEdFgBEBbN46bCaaxb3jO44pG5GBZbh5P5FYL%2Bt12ha%2B38hKO3QdrLN5wdXD15UgCx"}],"group":"cf-nel","max_age":604800}', 'NEL': '{"success_fraction":0,"report_to":"cf-nel","max_age":604800}', 'Server': 'cloudflare', 'CF-RAY': '89378383cfcf1ff2-IAD', 'alt-svc': 'h3=":443"; ma=86400'} 
 body={"results":[{"gender":"female","name":{"title":"Ms","first":"Pippa","last":"Taylor"},"location":{"street":{"number":7568,"name":"Market Street"},"city":"Lower Hutt","state":"Manawatu-Wanganui","country":"New Zealand","postcode":35241,"coordinates":{"latitude":"48.1002","longitude":"159.0717"},"timezone":{"offset":"-4:00","description":"Atlantic Time (Canada), Caracas, La Paz"}},"email":"pippa.taylor@example.com","login":{"uuid":"cbd4c865-4aa8-4ff1-a4c7-fb37afd151ee","username":"heavywolf733","password":"rubber","salt":"NPG70dQp","md5":"5ab9a881b5dd70d6a8d750e2b40e6345","sha1":"bdcd8db95fd287d8b8f953d57f5767629f97c987","sha256":"7a22d9fac327c5d8505e531f61e976687f32f3e236c9ae620fbf835ea8ba8e9c"},"dob":{"date":"1957-03-15T02:55:22.968Z","age":67},"registered":{"date":"2011-04-17T08:08:07.026Z","age":13},"phone":"(980)-308-8088","cell":"(273)-938-6763","id":{"name":"","value":null},"picture":{"large":"https://randomuser.me/api/portraits/women/64.jpg","medium":"https://randomuser.me/api/portraits/med/women/64.jpg","thumbnail":"https://randomuser.me/api/portraits/thumb/women/64.jpg"},"nat":"NZ"}],"info":{"seed":"5e62cd5596e4c236","results":1,"page":1,"version":"1.4"}} 
 </msg>
<msg time="2024-06-14T04:17:58.451749" level="INFO">/opt/hostedtoolcache/Python/3.12.3/x64/lib/python3.12/site-packages/urllib3/connectionpool.py:1103: InsecureRequestWarning: Unverified HTTPS request is being made to host 'randomuser.me'. Adding certificate verification is strongly advised. See: https://urllib3.readthedocs.io/en/latest/advanced-usage.html#tls-warnings
  warnings.warn(</msg>
<msg time="2024-06-14T04:17:58.451858" level="INFO">${response} = &lt;Response [200]&gt;</msg>
<var>${response}</var>
<arg>consultarAPI</arg>
<arg>/api</arg>
<doc>Sends a GET request on a previously created HTTP Session.</doc>
<status status="PASS" start="2024-06-14T04:17:58.358548" elapsed="0.093353"/>
</kw>
<kw name="Set Variable" owner="BuiltIn">
<msg time="2024-06-14T04:17:58.453002" level="INFO">${json_data} = {'results': [{'gender': 'female', 'name': {'title': 'Ms', 'first': 'Pippa', 'last': 'Taylor'}, 'location': {'street': {'number': 7568, 'name': 'Market Street'}, 'city': 'Lower Hutt', 'state': 'Manawat...</msg>
<var>${json_data}</var>
<arg>${response.json()}</arg>
<doc>Returns the given values which can then be assigned to a variables.</doc>
<status status="PASS" start="2024-06-14T04:17:58.452413" elapsed="0.000618"/>
</kw>
<kw name="Log" owner="BuiltIn">
<msg time="2024-06-14T04:17:58.453508" level="INFO">{'results': [{'gender': 'female', 'name': {'title': 'Ms', 'first': 'Pippa', 'last': 'Taylor'}, 'location': {'street': {'number': 7568, 'name': 'Market Street'}, 'city': 'Lower Hutt', 'state': 'Manawatu-Wanganui', 'country': 'New Zealand', 'postcode': 35241, 'coordinates': {'latitude': '48.1002', 'longitude': '159.0717'}, 'timezone': {'offset': '-4:00', 'description': 'Atlantic Time (Canada), Caracas, La Paz'}}, 'email': 'pippa.taylor@example.com', 'login': {'uuid': 'cbd4c865-4aa8-4ff1-a4c7-fb37afd151ee', 'username': 'heavywolf733', 'password': 'rubber', 'salt': 'NPG70dQp', 'md5': '5ab9a881b5dd70d6a8d750e2b40e6345', 'sha1': 'bdcd8db95fd287d8b8f953d57f5767629f97c987', 'sha256': '7a22d9fac327c5d8505e531f61e976687f32f3e236c9ae620fbf835ea8ba8e9c'}, 'dob': {'date': '1957-03-15T02:55:22.968Z', 'age': 67}, 'registered': {'date': '2011-04-17T08:08:07.026Z', 'age': 13}, 'phone': '(980)-308-8088', 'cell': '(273)-938-6763', 'id': {'name': '', 'value': None}, 'picture': {'large': 'https://randomuser.me/api/portraits/women/64.jpg', 'medium': 'https://randomuser.me/api/portraits/med/women/64.jpg', 'thumbnail': 'https://randomuser.me/api/portraits/thumb/women/64.jpg'}, 'nat': 'NZ'}], 'info': {'seed': '5e62cd5596e4c236', 'results': 1, 'page': 1, 'version': '1.4'}}</msg>
<arg>${json_data}</arg>
<doc>Logs the given message with the given level.</doc>
<status status="PASS" start="2024-06-14T04:17:58.453349" elapsed="0.000206"/>
</kw>
<kw name="Dictionary Should Contain Key" owner="Collections">
<arg>${json_data}</arg>
<arg>results</arg>
<doc>Fails if ``key`` is not found from ``dictionary``.</doc>
<status status="PASS" start="2024-06-14T04:17:58.453849" elapsed="0.000195"/>
</kw>
<kw name="Should Not Be Empty" owner="BuiltIn">
<msg time="2024-06-14T04:17:58.454367" level="INFO">Length is 2.</msg>
<arg>${json_data}</arg>
<doc>Verifies that the given item is not empty.</doc>
<status status="PASS" start="2024-06-14T04:17:58.454234" elapsed="0.000172"/>
</kw>
<kw name="Create List" owner="BuiltIn">
<msg time="2024-06-14T04:17:58.454846" level="INFO">${expected_keys} = ['gender', 'name', 'location', 'email', 'login']</msg>
<var>${expected_keys}</var>
<arg>gender</arg>
<arg>name</arg>
<arg>location</arg>
<arg>email</arg>
<arg>login</arg>
<doc>Returns a list containing given items.</doc>
<status status="PASS" start="2024-06-14T04:17:58.454699" elapsed="0.000171"/>
</kw>
<for flavor="IN">
<iter>
<kw name="Dictionary Should Contain Key" owner="Collections">
<arg>${json_data['results'][0]}</arg>
<arg>${key}</arg>
<doc>Fails if ``key`` is not found from ``dictionary``.</doc>
<status status="PASS" start="2024-06-14T04:17:58.455438" elapsed="0.000400"/>
</kw>
<kw name="Log" owner="BuiltIn">
<msg time="2024-06-14T04:17:58.456388" level="INFO">{'gender': 'female', 'name': {'title': 'Ms', 'first': 'Pippa', 'last': 'Taylor'}, 'location': {'street': {'number': 7568, 'name': 'Market Street'}, 'city': 'Lower Hutt', 'state': 'Manawatu-Wanganui', 'country': 'New Zealand', 'postcode': 35241, 'coordinates': {'latitude': '48.1002', 'longitude': '159.0717'}, 'timezone': {'offset': '-4:00', 'description': 'Atlantic Time (Canada), Caracas, La Paz'}}, 'email': 'pippa.taylor@example.com', 'login': {'uuid': 'cbd4c865-4aa8-4ff1-a4c7-fb37afd151ee', 'username': 'heavywolf733', 'password': 'rubber', 'salt': 'NPG70dQp', 'md5': '5ab9a881b5dd70d6a8d750e2b40e6345', 'sha1': 'bdcd8db95fd287d8b8f953d57f5767629f97c987', 'sha256': '7a22d9fac327c5d8505e531f61e976687f32f3e236c9ae620fbf835ea8ba8e9c'}, 'dob': {'date': '1957-03-15T02:55:22.968Z', 'age': 67}, 'registered': {'date': '2011-04-17T08:08:07.026Z', 'age': 13}, 'phone': '(980)-308-8088', 'cell': '(273)-938-6763', 'id': {'name': '', 'value': None}, 'picture': {'large': 'https://randomuser.me/api/portraits/women/64.jpg', 'medium': 'https://randomuser.me/api/portraits/med/women/64.jpg', 'thumbnail': 'https://randomuser.me/api/portraits/thumb/women/64.jpg'}, 'nat': 'NZ'}</msg>
<arg>${json_data['results'][0]}</arg>
<doc>Logs the given message with the given level.</doc>
<status status="PASS" start="2024-06-14T04:17:58.456029" elapsed="0.000407"/>
</kw>
<kw name="Log" owner="BuiltIn">
<msg time="2024-06-14T04:17:58.456870" level="INFO">gender</msg>
<arg>${key}</arg>
<doc>Logs the given message with the given level.</doc>
<status status="PASS" start="2024-06-14T04:17:58.456743" elapsed="0.000165"/>
</kw>
<var name="${key}">gender</var>
<status status="PASS" start="2024-06-14T04:17:58.455315" elapsed="0.001821"/>
</iter>
<iter>
<kw name="Dictionary Should Contain Key" owner="Collections">
<arg>${json_data['results'][0]}</arg>
<arg>${key}</arg>
<doc>Fails if ``key`` is not found from ``dictionary``.</doc>
<status status="PASS" start="2024-06-14T04:17:58.457431" elapsed="0.000385"/>
</kw>
<kw name="Log" owner="BuiltIn">
<msg time="2024-06-14T04:17:58.458438" level="INFO">{'gender': 'female', 'name': {'title': 'Ms', 'first': 'Pippa', 'last': 'Taylor'}, 'location': {'street': {'number': 7568, 'name': 'Market Street'}, 'city': 'Lower Hutt', 'state': 'Manawatu-Wanganui', 'country': 'New Zealand', 'postcode': 35241, 'coordinates': {'latitude': '48.1002', 'longitude': '159.0717'}, 'timezone': {'offset': '-4:00', 'description': 'Atlantic Time (Canada), Caracas, La Paz'}}, 'email': 'pippa.taylor@example.com', 'login': {'uuid': 'cbd4c865-4aa8-4ff1-a4c7-fb37afd151ee', 'username': 'heavywolf733', 'password': 'rubber', 'salt': 'NPG70dQp', 'md5': '5ab9a881b5dd70d6a8d750e2b40e6345', 'sha1': 'bdcd8db95fd287d8b8f953d57f5767629f97c987', 'sha256': '7a22d9fac327c5d8505e531f61e976687f32f3e236c9ae620fbf835ea8ba8e9c'}, 'dob': {'date': '1957-03-15T02:55:22.968Z', 'age': 67}, 'registered': {'date': '2011-04-17T08:08:07.026Z', 'age': 13}, 'phone': '(980)-308-8088', 'cell': '(273)-938-6763', 'id': {'name': '', 'value': None}, 'picture': {'large': 'https://randomuser.me/api/portraits/women/64.jpg', 'medium': 'https://randomuser.me/api/portraits/med/women/64.jpg', 'thumbnail': 'https://randomuser.me/api/portraits/thumb/women/64.jpg'}, 'nat': 'NZ'}</msg>
<arg>${json_data['results'][0]}</arg>
<doc>Logs the given message with the given level.</doc>
<status status="PASS" start="2024-06-14T04:17:58.458034" elapsed="0.000453"/>
</kw>
<kw name="Log" owner="BuiltIn">
<msg time="2024-06-14T04:17:58.458918" level="INFO">name</msg>
<arg>${key}</arg>
<doc>Logs the given message with the given level.</doc>
<status status="PASS" start="2024-06-14T04:17:58.458787" elapsed="0.000169"/>
</kw>
<var name="${key}">name</var>
<status status="PASS" start="2024-06-14T04:17:58.457320" elapsed="0.001854"/>
</iter>
<iter>
<kw name="Dictionary Should Contain Key" owner="Collections">
<arg>${json_data['results'][0]}</arg>
<arg>${key}</arg>
<doc>Fails if ``key`` is not found from ``dictionary``.</doc>
<status status="PASS" start="2024-06-14T04:17:58.459458" elapsed="0.000369"/>
</kw>
<kw name="Log" owner="BuiltIn">
<msg time="2024-06-14T04:17:58.460358" level="INFO">{'gender': 'female', 'name': {'title': 'Ms', 'first': 'Pippa', 'last': 'Taylor'}, 'location': {'street': {'number': 7568, 'name': 'Market Street'}, 'city': 'Lower Hutt', 'state': 'Manawatu-Wanganui', 'country': 'New Zealand', 'postcode': 35241, 'coordinates': {'latitude': '48.1002', 'longitude': '159.0717'}, 'timezone': {'offset': '-4:00', 'description': 'Atlantic Time (Canada), Caracas, La Paz'}}, 'email': 'pippa.taylor@example.com', 'login': {'uuid': 'cbd4c865-4aa8-4ff1-a4c7-fb37afd151ee', 'username': 'heavywolf733', 'password': 'rubber', 'salt': 'NPG70dQp', 'md5': '5ab9a881b5dd70d6a8d750e2b40e6345', 'sha1': 'bdcd8db95fd287d8b8f953d57f5767629f97c987', 'sha256': '7a22d9fac327c5d8505e531f61e976687f32f3e236c9ae620fbf835ea8ba8e9c'}, 'dob': {'date': '1957-03-15T02:55:22.968Z', 'age': 67}, 'registered': {'date': '2011-04-17T08:08:07.026Z', 'age': 13}, 'phone': '(980)-308-8088', 'cell': '(273)-938-6763', 'id': {'name': '', 'value': None}, 'picture': {'large': 'https://randomuser.me/api/portraits/women/64.jpg', 'medium': 'https://randomuser.me/api/portraits/med/women/64.jpg', 'thumbnail': 'https://randomuser.me/api/portraits/thumb/women/64.jpg'}, 'nat': 'NZ'}</msg>
<arg>${json_data['results'][0]}</arg>
<doc>Logs the given message with the given level.</doc>
<status status="PASS" start="2024-06-14T04:17:58.460010" elapsed="0.000395"/>
</kw>
<kw name="Log" owner="BuiltIn">
<msg time="2024-06-14T04:17:58.460818" level="INFO">location</msg>
<arg>${key}</arg>
<doc>Logs the given message with the given level.</doc>
<status status="PASS" start="2024-06-14T04:17:58.460694" elapsed="0.000160"/>
</kw>
<var name="${key}">location</var>
<status status="PASS" start="2024-06-14T04:17:58.459351" elapsed="0.001722"/>
</iter>
<iter>
<kw name="Dictionary Should Contain Key" owner="Collections">
<arg>${json_data['results'][0]}</arg>
<arg>${key}</arg>
<doc>Fails if ``key`` is not found from ``dictionary``.</doc>
<status status="PASS" start="2024-06-14T04:17:58.461361" elapsed="0.000385"/>
</kw>
<kw name="Log" owner="BuiltIn">
<msg time="2024-06-14T04:17:58.462327" level="INFO">{'gender': 'female', 'name': {'title': 'Ms', 'first': 'Pippa', 'last': 'Taylor'}, 'location': {'street': {'number': 7568, 'name': 'Market Street'}, 'city': 'Lower Hutt', 'state': 'Manawatu-Wanganui', 'country': 'New Zealand', 'postcode': 35241, 'coordinates': {'latitude': '48.1002', 'longitude': '159.0717'}, 'timezone': {'offset': '-4:00', 'description': 'Atlantic Time (Canada), Caracas, La Paz'}}, 'email': 'pippa.taylor@example.com', 'login': {'uuid': 'cbd4c865-4aa8-4ff1-a4c7-fb37afd151ee', 'username': 'heavywolf733', 'password': 'rubber', 'salt': 'NPG70dQp', 'md5': '5ab9a881b5dd70d6a8d750e2b40e6345', 'sha1': 'bdcd8db95fd287d8b8f953d57f5767629f97c987', 'sha256': '7a22d9fac327c5d8505e531f61e976687f32f3e236c9ae620fbf835ea8ba8e9c'}, 'dob': {'date': '1957-03-15T02:55:22.968Z', 'age': 67}, 'registered': {'date': '2011-04-17T08:08:07.026Z', 'age': 13}, 'phone': '(980)-308-8088', 'cell': '(273)-938-6763', 'id': {'name': '', 'value': None}, 'picture': {'large': 'https://randomuser.me/api/portraits/women/64.jpg', 'medium': 'https://randomuser.me/api/portraits/med/women/64.jpg', 'thumbnail': 'https://randomuser.me/api/portraits/thumb/women/64.jpg'}, 'nat': 'NZ'}</msg>
<arg>${json_data['results'][0]}</arg>
<doc>Logs the given message with the given level.</doc>
<status status="PASS" start="2024-06-14T04:17:58.461951" elapsed="0.000433"/>
</kw>
<kw name="Log" owner="BuiltIn">
<msg time="2024-06-14T04:17:58.462810" level="INFO">email</msg>
<arg>${key}</arg>
<doc>Logs the given message with the given level.</doc>
<status status="PASS" start="2024-06-14T04:17:58.462683" elapsed="0.000165"/>
</kw>
<var name="${key}">email</var>
<status status="PASS" start="2024-06-14T04:17:58.461247" elapsed="0.001816"/>
</iter>
<iter>
<kw name="Dictionary Should Contain Key" owner="Collections">
<arg>${json_data['results'][0]}</arg>
<arg>${key}</arg>
<doc>Fails if ``key`` is not found from ``dictionary``.</doc>
<status status="PASS" start="2024-06-14T04:17:58.463356" elapsed="0.000376"/>
</kw>
<kw name="Log" owner="BuiltIn">
<msg time="2024-06-14T04:17:58.464267" level="INFO">{'gender': 'female', 'name': {'title': 'Ms', 'first': 'Pippa', 'last': 'Taylor'}, 'location': {'street': {'number': 7568, 'name': 'Market Street'}, 'city': 'Lower Hutt', 'state': 'Manawatu-Wanganui', 'country': 'New Zealand', 'postcode': 35241, 'coordinates': {'latitude': '48.1002', 'longitude': '159.0717'}, 'timezone': {'offset': '-4:00', 'description': 'Atlantic Time (Canada), Caracas, La Paz'}}, 'email': 'pippa.taylor@example.com', 'login': {'uuid': 'cbd4c865-4aa8-4ff1-a4c7-fb37afd151ee', 'username': 'heavywolf733', 'password': 'rubber', 'salt': 'NPG70dQp', 'md5': '5ab9a881b5dd70d6a8d750e2b40e6345', 'sha1': 'bdcd8db95fd287d8b8f953d57f5767629f97c987', 'sha256': '7a22d9fac327c5d8505e531f61e976687f32f3e236c9ae620fbf835ea8ba8e9c'}, 'dob': {'date': '1957-03-15T02:55:22.968Z', 'age': 67}, 'registered': {'date': '2011-04-17T08:08:07.026Z', 'age': 13}, 'phone': '(980)-308-8088', 'cell': '(273)-938-6763', 'id': {'name': '', 'value': None}, 'picture': {'large': 'https://randomuser.me/api/portraits/women/64.jpg', 'medium': 'https://randomuser.me/api/portraits/med/women/64.jpg', 'thumbnail': 'https://randomuser.me/api/portraits/thumb/women/64.jpg'}, 'nat': 'NZ'}</msg>
<arg>${json_data['results'][0]}</arg>
<doc>Logs the given message with the given level.</doc>
<status status="PASS" start="2024-06-14T04:17:58.463915" elapsed="0.000400"/>
</kw>
<kw name="Log" owner="BuiltIn">
<msg time="2024-06-14T04:17:58.464837" level="INFO">login</msg>
<arg>${key}</arg>
<doc>Logs the given message with the given level.</doc>
<status status="PASS" start="2024-06-14T04:17:58.464604" elapsed="0.000270"/>
</kw>
<var name="${key}">login</var>
<status status="PASS" start="2024-06-14T04:17:58.463240" elapsed="0.001850"/>
</iter>
<var>${key}</var>
<value>@{expected_keys}</value>
<status status="PASS" start="2024-06-14T04:17:58.455125" elapsed="0.010085"/>
</for>
<kw name="Create List" owner="BuiltIn">
<msg time="2024-06-14T04:17:58.465561" level="INFO">${expected_keysTwo} = ['username', 'password']</msg>
<var>${expected_keysTwo}</var>
<arg>username</arg>
<arg>password</arg>
<doc>Returns a list containing given items.</doc>
<status status="PASS" start="2024-06-14T04:17:58.465425" elapsed="0.000160"/>
</kw>
<for flavor="IN">
<iter>
<kw name="Dictionary Should Contain Key" owner="Collections">
<arg>${json_data['results'][0]['login']}</arg>
<arg>${keyTwo}</arg>
<doc>Fails if ``key`` is not found from ``dictionary``.</doc>
<status status="PASS" start="2024-06-14T04:17:58.466118" elapsed="0.000381"/>
</kw>
<kw name="Dictionary Should Contain Key" owner="Collections">
<arg>${json_data['results'][0]['login']}</arg>
<arg>${keyTwo}</arg>
<doc>Fails if ``key`` is not found from ``dictionary``.</doc>
<status status="PASS" start="2024-06-14T04:17:58.466681" elapsed="0.000379"/>
</kw>
<kw name="Log" owner="BuiltIn">
<msg time="2024-06-14T04:17:58.467356" level="INFO">username</msg>
<arg>${keyTwo}</arg>
<doc>Logs the given message with the given level.</doc>
<status status="PASS" start="2024-06-14T04:17:58.467237" elapsed="0.000156"/>
</kw>
<var name="${keyTwo}">username</var>
<status status="PASS" start="2024-06-14T04:17:58.466005" elapsed="0.001609"/>
</iter>
<iter>
<kw name="Dictionary Should Contain Key" owner="Collections">
<arg>${json_data['results'][0]['login']}</arg>
<arg>${keyTwo}</arg>
<doc>Fails if ``key`` is not found from ``dictionary``.</doc>
<status status="PASS" start="2024-06-14T04:17:58.467899" elapsed="0.000374"/>
</kw>
<kw name="Dictionary Should Contain Key" owner="Collections">
<arg>${json_data['results'][0]['login']}</arg>
<arg>${keyTwo}</arg>
<doc>Fails if ``key`` is not found from ``dictionary``.</doc>
<status status="PASS" start="2024-06-14T04:17:58.468450" elapsed="0.000364"/>
</kw>
<kw name="Log" owner="BuiltIn">
<msg time="2024-06-14T04:17:58.469109" level="INFO">password</msg>
<arg>${keyTwo}</arg>
<doc>Logs the given message with the given level.</doc>
<status status="PASS" start="2024-06-14T04:17:58.468992" elapsed="0.000154"/>
</kw>
<var name="${keyTwo}">password</var>
<status status="PASS" start="2024-06-14T04:17:58.467791" elapsed="0.001574"/>
</iter>
<var>${keyTwo}</var>
<value>@{expected_keysTwo}</value>
<status status="PASS" start="2024-06-14T04:17:58.465819" elapsed="0.003665"/>
</for>
<status status="PASS" start="2024-06-14T04:17:58.358313" elapsed="0.111308"/>
</kw>
<doc>Testa a estrutura da resposta da API.</doc>
<tag>testeEstruturaResposta</tag>
<status status="PASS" start="2024-06-14T04:17:58.357548" elapsed="0.112229"/>
</test>
<test id="s1-s1-t4" name="Validar tipos de dados" line="28">
<kw name="Teste de Tipos de Dados" owner="random-user-service">
<kw name="GET On Session" owner="RequestsLibrary">
<msg time="2024-06-14T04:17:58.581317" level="INFO">GET Request : url=https://randomuser.me/api 
 path_url=/api 
 headers={'User-Agent': 'python-requests/2.32.3', 'Accept-Encoding': 'gzip, deflate', 'Accept': '*/*', 'Connection': 'keep-alive'} 
 body=None 
 </msg>
<msg time="2024-06-14T04:17:58.581420" level="INFO">GET Response : url=https://randomuser.me/api 
 status=200, reason=OK 
 headers={'Date': 'Fri, 14 Jun 2024 04:17:58 GMT', 'Content-Type': 'application/json; charset=utf-8', 'Transfer-Encoding': 'chunked', 'Connection': 'keep-alive', 'X-Powered-By': 'Express', 'Access-Control-Allow-Origin': '*', 'Cache-Control': 'no-cache', 'ETag': 'W/"483-VU3iGIEF2eJtvw9cfnIKYh2QZSI"', 'Vary': 'Accept-Encoding', 'Content-Encoding': 'gzip', 'CF-Cache-Status': 'DYNAMIC', 'Report-To': '{"endpoints":[{"url":"https:\\/\\/a.nel.cloudflare.com\\/report\\/v4?s=3u48FTllflF%2BNWK%2FGgejKCW6kZfhUP9lT%2FdG0wUR9Bm%2Bi2P6%2FdB7WdJJBNUEd6ozwqHEb7VQYz5Y4SFJ5xMd%2F2fKXMOadoFHmDice2EtVs%2FnfqKa6kkSUbr7i9uVeXYc"}],"group":"cf-nel","max_age":604800}', 'NEL': '{"success_fraction":0,"report_to":"cf-nel","max_age":604800}', 'Server': 'cloudflare', 'CF-RAY': '8937838478771ff2-IAD', 'alt-svc': 'h3=":443"; ma=86400'} 
 body={"results":[{"gender":"female","name":{"title":"Miss","first":"José","last":"Castro"},"location":{"street":{"number":9123,"name":"Calle de Téllez"},"city":"Palma de Mallorca","state":"Extremadura","country":"Spain","postcode":25435,"coordinates":{"latitude":"-34.1090","longitude":"157.3900"},"timezone":{"offset":"+3:30","description":"Tehran"}},"email":"jose.castro@example.com","login":{"uuid":"7219eaa9-231d-47ba-9aee-83ea24e1ed3b","username":"whiteleopard283","password":"tequila","salt":"nfYBTQMN","md5":"e89d151cd65ae1a89a22dc3b61223954","sha1":"39d4aee9a9565ab4d0a9e0bc1088235bca557f80","sha256":"a8cef7ef55f9951cca011275e7b11fea4ff4d7f94c48d1310ecc38fbbc43c56c"},"dob":{"date":"1996-12-12T21:09:31.984Z","age":27},"registered":{"date":"2015-09-29T11:12:10.876Z","age":8},"phone":"929-098-276","cell":"694-500-114","id":{"name":"DNI","value":"80845453-N"},"picture":{"large":"https://randomuser.me/api/portraits/women/13.jpg","medium":"https://randomuser.me/api/portraits/med/women/13.jpg","thumbnail":"https://randomuser.me/api/portraits/thumb/women/13.jpg"},"nat":"ES"}],"info":{"seed":"7667b43e6165a997","results":1,"page":1,"version":"1.4"}} 
 </msg>
<msg time="2024-06-14T04:17:58.581503" level="INFO">/opt/hostedtoolcache/Python/3.12.3/x64/lib/python3.12/site-packages/urllib3/connectionpool.py:1103: InsecureRequestWarning: Unverified HTTPS request is being made to host 'randomuser.me'. Adding certificate verification is strongly advised. See: https://urllib3.readthedocs.io/en/latest/advanced-usage.html#tls-warnings
  warnings.warn(</msg>
<msg time="2024-06-14T04:17:58.581650" level="INFO">${response} = &lt;Response [200]&gt;</msg>
<var>${response}</var>
<arg>consultarAPI</arg>
<arg>/api</arg>
<doc>Sends a GET request on a previously created HTTP Session.</doc>
<status status="PASS" start="2024-06-14T04:17:58.472369" elapsed="0.109331"/>
</kw>
<kw name="Set Variable" owner="BuiltIn">
<msg time="2024-06-14T04:17:58.582893" level="INFO">${json_data} = {'results': [{'gender': 'female', 'name': {'title': 'Miss', 'first': 'José', 'last': 'Castro'}, 'location': {'street': {'number': 9123, 'name': 'Calle de Téllez'}, 'city': 'Palma de Mallorca', 'state'...</msg>
<var>${json_data}</var>
<arg>${response.json()}</arg>
<doc>Returns the given values which can then be assigned to a variables.</doc>
<status status="PASS" start="2024-06-14T04:17:58.582333" elapsed="0.000590"/>
</kw>
<kw name="Log" owner="BuiltIn">
<msg time="2024-06-14T04:17:58.583399" level="INFO">{'results': [{'gender': 'female', 'name': {'title': 'Miss', 'first': 'José', 'last': 'Castro'}, 'location': {'street': {'number': 9123, 'name': 'Calle de Téllez'}, 'city': 'Palma de Mallorca', 'state': 'Extremadura', 'country': 'Spain', 'postcode': 25435, 'coordinates': {'latitude': '-34.1090', 'longitude': '157.3900'}, 'timezone': {'offset': '+3:30', 'description': 'Tehran'}}, 'email': 'jose.castro@example.com', 'login': {'uuid': '7219eaa9-231d-47ba-9aee-83ea24e1ed3b', 'username': 'whiteleopard283', 'password': 'tequila', 'salt': 'nfYBTQMN', 'md5': 'e89d151cd65ae1a89a22dc3b61223954', 'sha1': '39d4aee9a9565ab4d0a9e0bc1088235bca557f80', 'sha256': 'a8cef7ef55f9951cca011275e7b11fea4ff4d7f94c48d1310ecc38fbbc43c56c'}, 'dob': {'date': '1996-12-12T21:09:31.984Z', 'age': 27}, 'registered': {'date': '2015-09-29T11:12:10.876Z', 'age': 8}, 'phone': '929-098-276', 'cell': '694-500-114', 'id': {'name': 'DNI', 'value': '80845453-N'}, 'picture': {'large': 'https://randomuser.me/api/portraits/women/13.jpg', 'medium': 'https://randomuser.me/api/portraits/med/women/13.jpg', 'thumbnail': 'https://randomuser.me/api/portraits/thumb/women/13.jpg'}, 'nat': 'ES'}], 'info': {'seed': '7667b43e6165a997', 'results': 1, 'page': 1, 'version': '1.4'}}</msg>
<arg>${json_data}</arg>
<doc>Logs the given message with the given level.</doc>
<status status="PASS" start="2024-06-14T04:17:58.583234" elapsed="0.000215"/>
</kw>
<kw name="Should Be String" owner="String">
<arg>${json_data['results'][0]['gender']}</arg>
<doc>Fails if the given ``item`` is not a string.</doc>
<status status="PASS" start="2024-06-14T04:17:58.583740" elapsed="0.000360"/>
</kw>
<kw name="Should Match Regexp" owner="BuiltIn">
<arg>${json_data['results'][0]['email']}</arg>
<arg>^[a-zA-Z0-9._%+-]+@[a-zA-Z0-9.-]+\.[a-zA-Z]{2,}$</arg>
<doc>Fails if ``string`` does not match ``pattern`` as a regular expression.</doc>
<status status="PASS" start="2024-06-14T04:17:58.584289" elapsed="0.000564"/>
</kw>
<kw name="Should Match Regexp" owner="BuiltIn">
<arg>${json_data['results'][0]['dob']['date']}</arg>
<arg>\\d{4}-\\d{2}-\\d{2}T\\d{2}:\\d{2}:\\d{2}\\.\\d{3}Z</arg>
<doc>Fails if ``string`` does not match ``pattern`` as a regular expression.</doc>
<status status="PASS" start="2024-06-14T04:17:58.585053" elapsed="0.000491"/>
</kw>
<kw name="Should Match Regexp" owner="BuiltIn">
<arg>${json_data['results'][0]['registered']['date']}</arg>
<arg>\\d{4}-\\d{2}-\\d{2}T\\d{2}:\\d{2}:\\d{2}\\.\\d{3}Z</arg>
<doc>Fails if ``string`` does not match ``pattern`` as a regular expression.</doc>
<status status="PASS" start="2024-06-14T04:17:58.585733" elapsed="0.000402"/>
</kw>
<kw name="Should Match Regexp" owner="BuiltIn">
<arg>${json_data['results'][0]['picture']['large']}</arg>
<arg>^https?://.*\.(?:png|jpe?g|gif|bmp)$</arg>
<doc>Fails if ``string`` does not match ``pattern`` as a regular expression.</doc>
<status status="PASS" start="2024-06-14T04:17:58.586322" elapsed="0.000473"/>
</kw>
<kw name="Should Match Regexp" owner="BuiltIn">
<arg>${json_data['results'][0]['picture']['medium']}</arg>
<arg>^https?://.*\.(?:png|jpe?g|gif|bmp)$</arg>
<doc>Fails if ``string`` does not match ``pattern`` as a regular expression.</doc>
<status status="PASS" start="2024-06-14T04:17:58.586989" elapsed="0.000356"/>
</kw>
<kw name="Should Match Regexp" owner="BuiltIn">
<arg>${json_data['results'][0]['picture']['thumbnail']}</arg>
<arg>^https?://.*\.(?:png|jpe?g|gif|bmp)$</arg>
<doc>Fails if ``string`` does not match ``pattern`` as a regular expression.</doc>
<status status="PASS" start="2024-06-14T04:17:58.587536" elapsed="0.000351"/>
</kw>
<kw name="Log" owner="BuiltIn">
<msg time="2024-06-14T04:17:58.588396" level="INFO">{'large': 'https://randomuser.me/api/portraits/women/13.jpg', 'medium': 'https://randomuser.me/api/portraits/med/women/13.jpg', 'thumbnail': 'https://randomuser.me/api/portraits/thumb/women/13.jpg'}</msg>
<arg>${json_data['results'][0]['picture']}</arg>
<doc>Logs the given message with the given level.</doc>
<status status="PASS" start="2024-06-14T04:17:58.588069" elapsed="0.000370"/>
</kw>
<status status="PASS" start="2024-06-14T04:17:58.472141" elapsed="0.116563"/>
</kw>
<kw name="Teste de Tipos de Dados - Postcode" owner="random-user-service">
<kw name="GET On Session" owner="RequestsLibrary">
<msg time="2024-06-14T04:17:58.657724" level="INFO">GET Request : url=https://randomuser.me/api 
 path_url=/api 
 headers={'User-Agent': 'python-requests/2.32.3', 'Accept-Encoding': 'gzip, deflate', 'Accept': '*/*', 'Connection': 'keep-alive'} 
 body=None 
 </msg>
<msg time="2024-06-14T04:17:58.657811" level="INFO">GET Response : url=https://randomuser.me/api 
 status=200, reason=OK 
 headers={'Date': 'Fri, 14 Jun 2024 04:17:58 GMT', 'Content-Type': 'application/json; charset=utf-8', 'Transfer-Encoding': 'chunked', 'Connection': 'keep-alive', 'X-Powered-By': 'Express', 'Access-Control-Allow-Origin': '*', 'Cache-Control': 'no-cache', 'ETag': 'W/"485-u/+gq3RQ0qWhqOfKZmW5BoSm5oA"', 'Vary': 'Accept-Encoding', 'Content-Encoding': 'gzip', 'CF-Cache-Status': 'DYNAMIC', 'Report-To': '{"endpoints":[{"url":"https:\\/\\/a.nel.cloudflare.com\\/report\\/v4?s=kyeeU4tvM55o4Q8CkMXdoSMUNL5ESJecWVsd5Pn2rB4FzpPDzRhX0nUuXSBl%2Fpbf%2Fh%2BCnVdHrzRpTZ8Lt3RkIGpthGuiMbF%2FrebSep2qDGKf0nSq4z%2FTNyUong1OdTnu"}],"group":"cf-nel","max_age":604800}', 'NEL': '{"success_fraction":0,"report_to":"cf-nel","max_age":604800}', 'Server': 'cloudflare', 'CF-RAY': '8937838539101ff2-IAD', 'alt-svc': 'h3=":443"; ma=86400'} 
 body={"results":[{"gender":"male","name":{"title":"Mr","first":"Jorge","last":"Hill"},"location":{"street":{"number":209,"name":"Miller Ave"},"city":"St. Louis","state":"Michigan","country":"United States","postcode":42169,"coordinates":{"latitude":"87.1276","longitude":"-70.8888"},"timezone":{"offset":"-7:00","description":"Mountain Time (US &amp; Canada)"}},"email":"jorge.hill@example.com","login":{"uuid":"86308d75-2a69-424a-9d6b-2fac4a833a8b","username":"happypanda265","password":"snapple","salt":"kOyMkpPh","md5":"82fd3aa8b29e3605c4c9a86d56a11998","sha1":"2bca3f20311a54d6099feb2e4799eec709162a58","sha256":"8248ae1a25542cb86bfa7fcfd25a07f1b2feb734a42f2d458855b0d9a958ad9b"},"dob":{"date":"1999-09-09T18:13:27.756Z","age":24},"registered":{"date":"2015-12-19T20:33:46.742Z","age":8},"phone":"(465) 326-5755","cell":"(368) 527-9916","id":{"name":"SSN","value":"308-77-0697"},"picture":{"large":"https://randomuser.me/api/portraits/men/78.jpg","medium":"https://randomuser.me/api/portraits/med/men/78.jpg","thumbnail":"https://randomuser.me/api/portraits/thumb/men/78.jpg"},"nat":"US"}],"info":{"seed":"047fe4dbce633176","results":1,"page":1,"version":"1.4"}} 
 </msg>
<msg time="2024-06-14T04:17:58.657934" level="INFO">/opt/hostedtoolcache/Python/3.12.3/x64/lib/python3.12/site-packages/urllib3/connectionpool.py:1103: InsecureRequestWarning: Unverified HTTPS request is being made to host 'randomuser.me'. Adding certificate verification is strongly advised. See: https://urllib3.readthedocs.io/en/latest/advanced-usage.html#tls-warnings
  warnings.warn(</msg>
<msg time="2024-06-14T04:17:58.658069" level="INFO">${response} = &lt;Response [200]&gt;</msg>
<var>${response}</var>
<arg>consultarAPI</arg>
<arg>/api</arg>
<doc>Sends a GET request on a previously created HTTP Session.</doc>
<status status="PASS" start="2024-06-14T04:17:58.589167" elapsed="0.068941"/>
</kw>
<kw name="Set Variable" owner="BuiltIn">
<msg time="2024-06-14T04:17:58.659170" level="INFO">${json_data} = {'results': [{'gender': 'male', 'name': {'title': 'Mr', 'first': 'Jorge', 'last': 'Hill'}, 'location': {'street': {'number': 209, 'name': 'Miller Ave'}, 'city': 'St. Louis', 'state': 'Michigan', 'coun...</msg>
<var>${json_data}</var>
<arg>${response.json()}</arg>
<doc>Returns the given values which can then be assigned to a variables.</doc>
<status status="PASS" start="2024-06-14T04:17:58.658603" elapsed="0.000595"/>
</kw>
<kw name="Log" owner="BuiltIn">
<msg time="2024-06-14T04:17:58.659652" level="INFO">{'results': [{'gender': 'male', 'name': {'title': 'Mr', 'first': 'Jorge', 'last': 'Hill'}, 'location': {'street': {'number': 209, 'name': 'Miller Ave'}, 'city': 'St. Louis', 'state': 'Michigan', 'country': 'United States', 'postcode': 42169, 'coordinates': {'latitude': '87.1276', 'longitude': '-70.8888'}, 'timezone': {'offset': '-7:00', 'description': 'Mountain Time (US &amp; Canada)'}}, 'email': 'jorge.hill@example.com', 'login': {'uuid': '86308d75-2a69-424a-9d6b-2fac4a833a8b', 'username': 'happypanda265', 'password': 'snapple', 'salt': 'kOyMkpPh', 'md5': '82fd3aa8b29e3605c4c9a86d56a11998', 'sha1': '2bca3f20311a54d6099feb2e4799eec709162a58', 'sha256': '8248ae1a25542cb86bfa7fcfd25a07f1b2feb734a42f2d458855b0d9a958ad9b'}, 'dob': {'date': '1999-09-09T18:13:27.756Z', 'age': 24}, 'registered': {'date': '2015-12-19T20:33:46.742Z', 'age': 8}, 'phone': '(465) 326-5755', 'cell': '(368) 527-9916', 'id': {'name': 'SSN', 'value': '308-77-0697'}, 'picture': {'large': 'https://randomuser.me/api/portraits/men/78.jpg', 'medium': 'https://randomuser.me/api/portraits/med/men/78.jpg', 'thumbnail': 'https://randomuser.me/api/portraits/thumb/men/78.jpg'}, 'nat': 'US'}], 'info': {'seed': '047fe4dbce633176', 'results': 1, 'page': 1, 'version': '1.4'}}</msg>
<arg>${json_data}</arg>
<doc>Logs the given message with the given level.</doc>
<status status="PASS" start="2024-06-14T04:17:58.659498" elapsed="0.000208"/>
</kw>
<kw name="Should Be Equal As Numbers" owner="BuiltIn">
<arg>${json_data['results'][0]['location']['postcode']}</arg>
<arg>${json_data['results'][0]['location']['postcode']}</arg>
<doc>Fails if objects are unequal after converting them to real numbers.</doc>
<status status="PASS" start="2024-06-14T04:17:58.660002" elapsed="0.000616"/>
</kw>
<kw name="Log" owner="BuiltIn">
<msg time="2024-06-14T04:17:58.661137" level="INFO">42169</msg>
<arg>${json_data['results'][0]['location']['postcode']}</arg>
<doc>Logs the given message with the given level.</doc>
<status status="PASS" start="2024-06-14T04:17:58.660805" elapsed="0.000406"/>
</kw>
<status status="PASS" start="2024-06-14T04:17:58.588933" elapsed="0.072533"/>
</kw>
<doc>Testa se os tipos de dados na resposta da API estão corretos.</doc>
<tag>testeTiposDados</tag>
<status status="PASS" start="2024-06-14T04:17:58.471604" elapsed="0.190027"/>
</test>
<test id="s1-s1-t5" name="Validar conteudo" line="35">
<kw name="Teste de Tipos de Conteudo" owner="random-user-service">
<kw name="GET On Session" owner="RequestsLibrary">
<msg time="2024-06-14T04:17:58.751549" level="INFO">GET Request : url=https://randomuser.me/api 
 path_url=/api 
 headers={'User-Agent': 'python-requests/2.32.3', 'Accept-Encoding': 'gzip, deflate', 'Accept': '*/*', 'Connection': 'keep-alive'} 
 body=None 
 </msg>
<msg time="2024-06-14T04:17:58.751643" level="INFO">GET Response : url=https://randomuser.me/api 
 status=200, reason=OK 
 headers={'Date': 'Fri, 14 Jun 2024 04:17:58 GMT', 'Content-Type': 'application/json; charset=utf-8', 'Transfer-Encoding': 'chunked', 'Connection': 'keep-alive', 'X-Powered-By': 'Express', 'Access-Control-Allow-Origin': '*', 'Cache-Control': 'no-cache', 'ETag': 'W/"483-SZ7KL4ip1d+uP2tZsf+qDaafPz4"', 'Vary': 'Accept-Encoding', 'Content-Encoding': 'gzip', 'CF-Cache-Status': 'DYNAMIC', 'Report-To': '{"endpoints":[{"url":"https:\\/\\/a.nel.cloudflare.com\\/report\\/v4?s=POJFomAkWEnjG4NrgLzj6WCeNxbtEChGG7xqfnfnDqG4hU4wtPo9uuljF1zZ%2FU87HiXfLL4Kwr2c4s2UQ%2BBsnsXi9CGKrcKo7cZN20TNt0MlXVBlHMo2tdCXb4QoXqU1"}],"group":"cf-nel","max_age":604800}', 'NEL': '{"success_fraction":0,"report_to":"cf-nel","max_age":604800}', 'Server': 'cloudflare', 'CF-RAY': '89378385a9711ff2-IAD', 'alt-svc': 'h3=":443"; ma=86400'} 
 body={"results":[{"gender":"female","name":{"title":"Miss","first":"Rebecca","last":"Hicks"},"location":{"street":{"number":1165,"name":"The Avenue"},"city":"Kilcoole","state":"Cork","country":"Ireland","postcode":91428,"coordinates":{"latitude":"-2.3246","longitude":"123.8325"},"timezone":{"offset":"+6:00","description":"Almaty, Dhaka, Colombo"}},"email":"rebecca.hicks@example.com","login":{"uuid":"c61c1d72-ee1e-400f-9b49-b301bfd84df3","username":"organicpanda284","password":"cornwall","salt":"4g6bc71R","md5":"6a32c8cb3cea7e9d965bd00ee5d89414","sha1":"2bb530f1e54d4a717b4f55976f3b77f870042d7d","sha256":"9c24d91ea9a35e175c80cd5260b639fb23aad45f105de2a6bea9b7c01df3848e"},"dob":{"date":"1944-09-13T08:55:05.539Z","age":79},"registered":{"date":"2003-08-02T21:15:07.413Z","age":20},"phone":"071-852-8925","cell":"081-109-8539","id":{"name":"PPS","value":"7394356T"},"picture":{"large":"https://randomuser.me/api/portraits/women/68.jpg","medium":"https://randomuser.me/api/portraits/med/women/68.jpg","thumbnail":"https://randomuser.me/api/portraits/thumb/women/68.jpg"},"nat":"IE"}],"info":{"seed":"41f29b59ea7c0842","results":1,"page":1,"version":"1.4"}} 
 </msg>
<msg time="2024-06-14T04:17:58.751719" level="INFO">/opt/hostedtoolcache/Python/3.12.3/x64/lib/python3.12/site-packages/urllib3/connectionpool.py:1103: InsecureRequestWarning: Unverified HTTPS request is being made to host 'randomuser.me'. Adding certificate verification is strongly advised. See: https://urllib3.readthedocs.io/en/latest/advanced-usage.html#tls-warnings
  warnings.warn(</msg>
<msg time="2024-06-14T04:17:58.751855" level="INFO">${response} = &lt;Response [200]&gt;</msg>
<var>${response}</var>
<arg>consultarAPI</arg>
<arg>/api</arg>
<doc>Sends a GET request on a previously created HTTP Session.</doc>
<status status="PASS" start="2024-06-14T04:17:58.664275" elapsed="0.087630"/>
</kw>
<kw name="Set Variable" owner="BuiltIn">
<msg time="2024-06-14T04:17:58.753071" level="INFO">${json_data} = {'results': [{'gender': 'female', 'name': {'title': 'Miss', 'first': 'Rebecca', 'last': 'Hicks'}, 'location': {'street': {'number': 1165, 'name': 'The Avenue'}, 'city': 'Kilcoole', 'state': 'Cork', 'c...</msg>
<var>${json_data}</var>
<arg>${response.json()}</arg>
<doc>Returns the given values which can then be assigned to a variables.</doc>
<status status="PASS" start="2024-06-14T04:17:58.752512" elapsed="0.000588"/>
</kw>
<kw name="Set Variable" owner="BuiltIn">
<msg time="2024-06-14T04:17:58.753783" level="INFO">${name_title} = Miss</msg>
<var>${name_title}</var>
<arg>${json_data["results"][0]["name"]["title"]}</arg>
<doc>Returns the given values which can then be assigned to a variables.</doc>
<status status="PASS" start="2024-06-14T04:17:58.753402" elapsed="0.000411"/>
</kw>
<kw name="Create List" owner="BuiltIn">
<msg time="2024-06-14T04:17:58.754310" level="INFO">${allowed_titles} = ['Mr', 'Ms', 'Miss', 'Mrs', 'Madame', 'Monsieur']</msg>
<var>${allowed_titles}</var>
<arg>Mr</arg>
<arg>Ms</arg>
<arg>Miss</arg>
<arg>Mrs</arg>
<arg>Madame</arg>
<arg>Monsieur</arg>
<doc>Returns a list containing given items.</doc>
<status status="PASS" start="2024-06-14T04:17:58.754157" elapsed="0.000177"/>
</kw>
<kw name="List Should Contain Value" owner="Collections">
<arg>${allowed_titles}</arg>
<arg>${name_title}</arg>
<doc>Fails if the ``value`` is not found from ``list``.</doc>
<status status="PASS" start="2024-06-14T04:17:58.754629" elapsed="0.000175"/>
</kw>
<kw name="Set Variable" owner="BuiltIn">
<msg time="2024-06-14T04:17:58.755348" level="INFO">${name_country} = IE</msg>
<var>${name_country}</var>
<arg>${json_data["results"][0]["nat"]}</arg>
<doc>Returns the given values which can then be assigned to a variables.</doc>
<status status="PASS" start="2024-06-14T04:17:58.754980" elapsed="0.000393"/>
</kw>
<kw name="Create List" owner="BuiltIn">
<msg time="2024-06-14T04:17:58.756255" level="INFO">${list_country} = ['AD', 'AE', 'AF', 'AG', 'AI', 'AL', 'AM', 'AO', 'AQ', 'AR', 'AS', 'AT', 'AU', 'AW', 'AX', 'AZ', 'BA', 'BB', 'BD', 'BE', 'BF', 'BG', 'BH', 'BI', 'BJ', 'BL', 'BM', 'BN', 'BO', 'BQ', 'BR', 'BS', 'BT', '...</msg>
<var>${list_country}</var>
<arg>AD</arg>
<arg>AE</arg>
<arg>AF</arg>
<arg>AG</arg>
<arg>AI</arg>
<arg>AL</arg>
<arg>AM</arg>
<arg>AO</arg>
<arg>AQ</arg>
<arg>AR</arg>
<arg>AS</arg>
<arg>AT</arg>
<arg>AU</arg>
<arg>AW</arg>
<arg>AX</arg>
<arg>AZ</arg>
<arg>BA</arg>
<arg>BB</arg>
<arg>BD</arg>
<arg>BE</arg>
<arg>BF</arg>
<arg>BG</arg>
<arg>BH</arg>
<arg>BI</arg>
<arg>BJ</arg>
<arg>BL</arg>
<arg>BM</arg>
<arg>BN</arg>
<arg>BO</arg>
<arg>BQ</arg>
<arg>BR</arg>
<arg>BS</arg>
<arg>BT</arg>
<arg>BV</arg>
<arg>BW</arg>
<arg>BY</arg>
<arg>BZ</arg>
<arg>CA</arg>
<arg>CC</arg>
<arg>CD</arg>
<arg>CF</arg>
<arg>CG</arg>
<arg>CH</arg>
<arg>CI</arg>
<arg>CK</arg>
<arg>CL</arg>
<arg>CM</arg>
<arg>CN</arg>
<arg>CO</arg>
<arg>CR</arg>
<arg>CU</arg>
<arg>CV</arg>
<arg>CW</arg>
<arg>CX</arg>
<arg>CY</arg>
<arg>CZ</arg>
<arg>DE</arg>
<arg>DJ</arg>
<arg>DK</arg>
<arg>DM</arg>
<arg>DO</arg>
<arg>DZ</arg>
<arg>EC</arg>
<arg>EE</arg>
<arg>EG</arg>
<arg>EH</arg>
<arg>ER</arg>
<arg>ES</arg>
<arg>ET</arg>
<arg>FI</arg>
<arg>FJ</arg>
<arg>FK</arg>
<arg>FM</arg>
<arg>FO</arg>
<arg>FR</arg>
<arg>GA</arg>
<arg>GB</arg>
<arg>GD</arg>
<arg>GE</arg>
<arg>GF</arg>
<arg>GG</arg>
<arg>GH</arg>
<arg>GI</arg>
<arg>GL</arg>
<arg>GM</arg>
<arg>GN</arg>
<arg>GP</arg>
<arg>GQ</arg>
<arg>GR</arg>
<arg>GS</arg>
<arg>GT</arg>
<arg>GU</arg>
<arg>GW</arg>
<arg>GY</arg>
<arg>HK</arg>
<arg>HM</arg>
<arg>HN</arg>
<arg>HR</arg>
<arg>HT</arg>
<arg>HU</arg>
<arg>ID</arg>
<arg>IE</arg>
<arg>IL</arg>
<arg>IM</arg>
<arg>IN</arg>
<arg>IO</arg>
<arg>IQ</arg>
<arg>IR</arg>
<arg>IS</arg>
<arg>IT</arg>
<arg>JE</arg>
<arg>JM</arg>
<arg>JO</arg>
<arg>JP</arg>
<arg>KE</arg>
<arg>KG</arg>
<arg>KH</arg>
<arg>KI</arg>
<arg>KM</arg>
<arg>KN</arg>
<arg>KP</arg>
<arg>KR</arg>
<arg>KW</arg>
<arg>KY</arg>
<arg>KZ</arg>
<arg>LA</arg>
<arg>LB</arg>
<arg>LC</arg>
<arg>LI</arg>
<arg>LK</arg>
<arg>LR</arg>
<arg>LS</arg>
<arg>LT</arg>
<arg>LU</arg>
<arg>LV</arg>
<arg>LY</arg>
<arg>MA</arg>
<arg>MC</arg>
<arg>MD</arg>
<arg>ME</arg>
<arg>MF</arg>
<arg>MG</arg>
<arg>MH</arg>
<arg>MK</arg>
<arg>ML</arg>
<arg>MM</arg>
<arg>MN</arg>
<arg>MO</arg>
<arg>MP</arg>
<arg>MQ</arg>
<arg>MR</arg>
<arg>MS</arg>
<arg>MT</arg>
<arg>MU</arg>
<arg>MV</arg>
<arg>MW</arg>
<arg>MX</arg>
<arg>MY</arg>
<arg>MZ</arg>
<arg>NA</arg>
<arg>NC</arg>
<arg>NE</arg>
<arg>NF</arg>
<arg>NG</arg>
<arg>NI</arg>
<arg>NL</arg>
<arg>NO</arg>
<arg>NP</arg>
<arg>NR</arg>
<arg>NU</arg>
<arg>NZ</arg>
<arg>OM</arg>
<arg>PA</arg>
<arg>PE</arg>
<arg>PF</arg>
<arg>PG</arg>
<arg>PH</arg>
<arg>PK</arg>
<arg>PL</arg>
<arg>PM</arg>
<arg>PN</arg>
<arg>PR</arg>
<arg>PS</arg>
<arg>PT</arg>
<arg>PW</arg>
<arg>PY</arg>
<arg>QA</arg>
<arg>RE</arg>
<arg>RO</arg>
<arg>RS</arg>
<arg>RU</arg>
<arg>RW</arg>
<arg>SA</arg>
<arg>SB</arg>
<arg>SC</arg>
<arg>SD</arg>
<arg>SE</arg>
<arg>SG</arg>
<arg>SH</arg>
<arg>SI</arg>
<arg>SJ</arg>
<arg>SK</arg>
<arg>SL</arg>
<arg>SM</arg>
<arg>SN</arg>
<arg>SO</arg>
<arg>SR</arg>
<arg>SS</arg>
<arg>ST</arg>
<arg>SV</arg>
<arg>SX</arg>
<arg>SY</arg>
<arg>SZ</arg>
<arg>TC</arg>
<arg>TD</arg>
<arg>TF</arg>
<arg>TG</arg>
<arg>TH</arg>
<arg>TJ</arg>
<arg>TK</arg>
<arg>TL</arg>
<arg>TM</arg>
<arg>TN</arg>
<arg>TO</arg>
<arg>TR</arg>
<arg>TT</arg>
<arg>TV</arg>
<arg>TW</arg>
<arg>TZ</arg>
<arg>UA</arg>
<arg>UG</arg>
<arg>UM</arg>
<arg>US</arg>
<arg>UY</arg>
<arg>UZ</arg>
<arg>VA</arg>
<arg>VC</arg>
<arg>VE</arg>
<arg>VG</arg>
<arg>VI</arg>
<arg>VN</arg>
<arg>VU</arg>
<arg>WF</arg>
<arg>WS</arg>
<arg>XK</arg>
<arg>YE</arg>
<arg>YT</arg>
<arg>ZA</arg>
<arg>ZM</arg>
<arg>ZW</arg>
<doc>Returns a list containing given items.</doc>
<status status="PASS" start="2024-06-14T04:17:58.755669" elapsed="0.000611"/>
</kw>
<kw name="List Should Contain Value" owner="Collections">
<arg>${list_country}</arg>
<arg>${name_country}</arg>
<doc>Fails if the ``value`` is not found from ``list``.</doc>
<status status="PASS" start="2024-06-14T04:17:58.757072" elapsed="0.000201"/>
</kw>
<kw name="Run Keyword If" owner="BuiltIn">
<kw name="Should Be True" owner="BuiltIn">
<arg>${True}</arg>
<doc>Fails if the given condition is not true.</doc>
<status status="PASS" start="2024-06-14T04:17:58.758364" elapsed="0.000143"/>
</kw>
<arg>${json_data["results"][0]["location"]["coordinates"]["latitude"]} &gt;= -90 and ${json_data["results"][0]["location"]["coordinates"]["latitude"]} &lt;= 90</arg>
<arg>Should Be True</arg>
<arg>${True}</arg>
<doc>Runs the given keyword with the given arguments, if ``condition`` is true.</doc>
<status status="PASS" start="2024-06-14T04:17:58.757470" elapsed="0.001163"/>
</kw>
<kw name="Run Keyword If" owner="BuiltIn">
<kw name="Should Be True" owner="BuiltIn">
<arg>${True}</arg>
<doc>Fails if the given condition is not true.</doc>
<status status="PASS" start="2024-06-14T04:17:58.759494" elapsed="0.000138"/>
</kw>
<arg>${json_data["results"][0]["location"]["coordinates"]["longitude"]} &gt;= -180 and ${json_data["results"][0]["location"]["coordinates"]["longitude"]} &lt;= 180</arg>
<arg>Should Be True</arg>
<arg>${True}</arg>
<doc>Runs the given keyword with the given arguments, if ``condition`` is true.</doc>
<status status="PASS" start="2024-06-14T04:17:58.758815" elapsed="0.000937"/>
</kw>
<status status="PASS" start="2024-06-14T04:17:58.664053" elapsed="0.095830"/>
</kw>
<doc>Testa o conteúdo específico dos campos retornados pela API.</doc>
<tag>testeConteudo</tag>
<status status="PASS" start="2024-06-14T04:17:58.663502" elapsed="0.096529"/>
</test>
<status status="PASS" start="2024-06-14T04:17:57.846254" elapsed="0.915802"/>
</suite>
<status status="PASS" start="2024-06-14T04:17:57.832912" elapsed="0.934151"/>
</suite>
<statistics>
<total>
<stat pass="5" fail="0" skip="0">All Tests</stat>
</total>
<tag>
<stat pass="1" fail="0" skip="0">testeConteudo</stat>
<stat pass="1" fail="0" skip="0">testeEstruturaResposta</stat>
<stat pass="1" fail="0" skip="0">testeRequisicaoBasica</stat>
<stat pass="1" fail="0" skip="0">testeTiposDados</stat>
</tag>
<suite>
<stat pass="5" fail="0" skip="0" id="s1" name="Tests">Tests</stat>
<stat pass="5" fail="0" skip="0" id="s1-s1" name="Random-User-Test">Tests.Random-User-Test</stat>
</suite>
</statistics>
<errors>
</errors>
</robot>
