<?xml version="1.0" encoding="UTF-8"?>
<robot generator="Robot 7.0.1 (Python 3.12.4 on linux)" generated="2024-07-20T18:20:21.730629" rpa="false" schemaversion="5">
<suite id="s1" name="Tests" source="/home/runner/work/ApiRandomUser/ApiRandomUser/RamdonUser/tests">
<suite id="s1-s1" name="Random-User-Test" source="/home/runner/work/ApiRandomUser/ApiRandomUser/RamdonUser/tests/random-user-test.robot">
<test id="s1-s1-t1" name="Conectar" line="13">
<kw name="Conectar API" owner="random-user-service">
<kw name="Create Session" owner="RequestsLibrary">
<msg time="2024-07-20T18:20:22.146263" level="INFO">Creating Session using : alias=consultarAPI, url=https://randomuser.me/, headers={},                     cookies={}, auth=None, timeout=None, proxies=None, verify=False,                     debug=0 </msg>
<arg>consultarAPI</arg>
<arg>${URL}</arg>
<doc>Create Session: create a HTTP session to a server</doc>
<status status="PASS" start="2024-07-20T18:20:22.146064" elapsed="0.000383"/>
</kw>
<status status="PASS" start="2024-07-20T18:20:22.145020" elapsed="0.001791"/>
</kw>
<status status="PASS" start="2024-07-20T18:20:22.144459" elapsed="0.002544"/>
</test>
<test id="s1-s1-t2" name="Validar retorno 200 e JSON Válido" line="16">
<kw name="Teste de Requisicao Basica" owner="random-user-service">
<kw name="GET On Session" owner="RequestsLibrary">
<msg time="2024-07-20T18:20:22.681101" level="INFO">GET Request : url=https://randomuser.me/api 
 path_url=/api 
 headers={'User-Agent': 'python-requests/2.32.3', 'Accept-Encoding': 'gzip, deflate', 'Accept': '*/*', 'Connection': 'keep-alive'} 
 body=None 
 </msg>
<msg time="2024-07-20T18:20:22.681257" level="INFO">GET Response : url=https://randomuser.me/api 
 status=200, reason=OK 
 headers={'Date': 'Sat, 20 Jul 2024 18:20:22 GMT', 'Content-Type': 'application/json; charset=utf-8', 'Transfer-Encoding': 'chunked', 'Connection': 'keep-alive', 'X-Powered-By': 'Express', 'Access-Control-Allow-Origin': '*', 'Cache-Control': 'no-cache', 'ETag': 'W/"47d-6fiYYNuh6XL0TeAqzDnL2XlCJ9A"', 'Vary': 'Accept-Encoding', 'Content-Encoding': 'gzip', 'CF-Cache-Status': 'DYNAMIC', 'Report-To': '{"endpoints":[{"url":"https:\\/\\/a.nel.cloudflare.com\\/report\\/v4?s=ZW8gsShVGkSSnQShDGoFvafLKgj75vMiep7mP8HFDmpCvAK1fkZxFIg2NC47k6Jm%2FwrEfiICsKmf7IFzgtd9P%2BKjt3%2B1meIFic4JWkydIhIB2AyDrbkh%2BKPj2hv7xkhE"}],"group":"cf-nel","max_age":604800}', 'NEL': '{"success_fraction":0,"report_to":"cf-nel","max_age":604800}', 'Server': 'cloudflare', 'CF-RAY': '8a64f7015f2d463e-DFW', 'alt-svc': 'h3=":443"; ma=86400'} 
 body={"results":[{"gender":"male","name":{"title":"Mr","first":"اميرعلي","last":"سالاری"},"location":{"street":{"number":5120,"name":"سباری"},"city":"خرم‌آباد","state":"خوزستان","country":"Iran","postcode":36131,"coordinates":{"latitude":"15.5526","longitude":"-160.0436"},"timezone":{"offset":"+5:45","description":"Kathmandu"}},"email":"myraaly.slry@example.com","login":{"uuid":"24c85554-e375-4ad5-bc36-97f42b4f5993","username":"bluekoala631","password":"senator","salt":"5pBuO1uC","md5":"43bd023ae13a90365c2e7a577066123f","sha1":"817a31c0d7d28041cbeb2c396969197fc64d6db8","sha256":"66fd005d8910fc1bbb65993b015a552bbd2a69bd6aea5daae41b367c048a4320"},"dob":{"date":"1972-10-23T02:02:58.732Z","age":51},"registered":{"date":"2022-05-10T02:14:54.123Z","age":2},"phone":"017-29365119","cell":"0941-249-9154","id":{"name":"","value":null},"picture":{"large":"https://randomuser.me/api/portraits/men/27.jpg","medium":"https://randomuser.me/api/portraits/med/men/27.jpg","thumbnail":"https://randomuser.me/api/portraits/thumb/men/27.jpg"},"nat":"IR"}],"info":{"seed":"6f419471a2aaf5c8","results":1,"page":1,"version":"1.4"}} 
 </msg>
<msg time="2024-07-20T18:20:22.681339" level="INFO">/opt/hostedtoolcache/Python/3.12.4/x64/lib/python3.12/site-packages/urllib3/connectionpool.py:1099: InsecureRequestWarning: Unverified HTTPS request is being made to host 'randomuser.me'. Adding certificate verification is strongly advised. See: https://urllib3.readthedocs.io/en/latest/advanced-usage.html#tls-warnings
  warnings.warn(</msg>
<msg time="2024-07-20T18:20:22.681497" level="INFO">${response} = &lt;Response [200]&gt;</msg>
<var>${response}</var>
<arg>consultarAPI</arg>
<arg>/api</arg>
<doc>Sends a GET request on a previously created HTTP Session.</doc>
<status status="PASS" start="2024-07-20T18:20:22.149595" elapsed="0.531948"/>
</kw>
<kw name="Should Be Equal As Numbers" owner="BuiltIn">
<msg time="2024-07-20T18:20:22.682520" level="INFO">Argument types are:
&lt;class 'int'&gt;
&lt;class 'str'&gt;</msg>
<arg>${response.status_code}</arg>
<arg>200</arg>
<doc>Fails if objects are unequal after converting them to real numbers.</doc>
<status status="PASS" start="2024-07-20T18:20:22.682059" elapsed="0.000525"/>
</kw>
<kw name="Log" owner="BuiltIn">
<msg time="2024-07-20T18:20:22.683250" level="INFO">200</msg>
<arg>${response.status_code}</arg>
<doc>Logs the given message with the given level.</doc>
<status status="PASS" start="2024-07-20T18:20:22.682901" elapsed="0.000391"/>
</kw>
<kw name="Set Variable" owner="BuiltIn">
<msg time="2024-07-20T18:20:22.684089" level="INFO">${json_data} = {'results': [{'gender': 'male', 'name': {'title': 'Mr', 'first': 'اميرعلي', 'last': 'سالاری'}, 'location': {'street': {'number': 5120, 'name': 'سباری'}, 'city': 'خرم\u200cآباد', 'state': 'خوزستان', 'c...</msg>
<var>${json_data}</var>
<arg>${response.json()}</arg>
<doc>Returns the given values which can then be assigned to a variables.</doc>
<status status="PASS" start="2024-07-20T18:20:22.683593" elapsed="0.000527"/>
</kw>
<kw name="Dictionary Should Contain Key" owner="Collections">
<arg>${json_data}</arg>
<arg>results</arg>
<doc>Fails if ``key`` is not found from ``dictionary``.</doc>
<status status="PASS" start="2024-07-20T18:20:22.684428" elapsed="0.000321"/>
</kw>
<status status="PASS" start="2024-07-20T18:20:22.149351" elapsed="0.535553"/>
</kw>
<doc>Testa se a API responde corretamente e retorna um objeto JSON válido.</doc>
<tag>testeRequisicaoBasica</tag>
<status status="PASS" start="2024-07-20T18:20:22.148893" elapsed="0.536183"/>
</test>
<test id="s1-s1-t3" name="Validar estrutura de resposta" line="22">
<kw name="Teste de Estrutura de Resposta" owner="random-user-service">
<kw name="GET On Session" owner="RequestsLibrary">
<msg time="2024-07-20T18:20:22.798005" level="INFO">GET Request : url=https://randomuser.me/api 
 path_url=/api 
 headers={'User-Agent': 'python-requests/2.32.3', 'Accept-Encoding': 'gzip, deflate', 'Accept': '*/*', 'Connection': 'keep-alive'} 
 body=None 
 </msg>
<msg time="2024-07-20T18:20:22.798099" level="INFO">GET Response : url=https://randomuser.me/api 
 status=200, reason=OK 
 headers={'Date': 'Sat, 20 Jul 2024 18:20:22 GMT', 'Content-Type': 'application/json; charset=utf-8', 'Transfer-Encoding': 'chunked', 'Connection': 'keep-alive', 'X-Powered-By': 'Express', 'Access-Control-Allow-Origin': '*', 'Cache-Control': 'no-cache', 'ETag': 'W/"47c-bN2L0J6W3uNg2bYkYgf/qkIjbOI"', 'Vary': 'Accept-Encoding', 'Content-Encoding': 'gzip', 'CF-Cache-Status': 'DYNAMIC', 'Report-To': '{"endpoints":[{"url":"https:\\/\\/a.nel.cloudflare.com\\/report\\/v4?s=zZiQ2JkTHQysBu6Q%2FlyOEHeDlCEPEEFcAqr15N5fa0MVY%2F6%2F%2BTnisneMtfxomVzEK9mskqAcnBQT6eGxF4DyHWJkYX12RgZ9TEF7J8EpepwjoziSYYvS02pKQF0Lun%2FF"}],"group":"cf-nel","max_age":604800}', 'NEL': '{"success_fraction":0,"report_to":"cf-nel","max_age":604800}', 'Server': 'cloudflare', 'CF-RAY': '8a64f701efe2463e-DFW', 'alt-svc': 'h3=":443"; ma=86400'} 
 body={"results":[{"gender":"male","name":{"title":"Mr","first":"Dylan","last":"Pelletier"},"location":{"street":{"number":4256,"name":"Tecumseh Rd"},"city":"Sandy Lake","state":"Saskatchewan","country":"Canada","postcode":"G9L 2Z9","coordinates":{"latitude":"-66.1781","longitude":"-44.3557"},"timezone":{"offset":"+3:30","description":"Tehran"}},"email":"dylan.pelletier@example.com","login":{"uuid":"4c96ebd2-aec0-4aad-ba8c-9e0568cdb2aa","username":"orangesnake615","password":"phantom1","salt":"O3XcNPYD","md5":"8a2e53973cb1dbcb1588e0e4b3fc3abb","sha1":"e83cd7fd89ea8710d6cb78a6eec3a26bdd33083c","sha256":"389b25167da0a5d297af7b637c9d321eab3b6218e429d6975a1afa988f5ad9a7"},"dob":{"date":"1996-01-04T13:18:40.847Z","age":28},"registered":{"date":"2002-05-17T03:35:02.670Z","age":22},"phone":"K57 V71-6649","cell":"D57 B73-3522","id":{"name":"SIN","value":"880720685"},"picture":{"large":"https://randomuser.me/api/portraits/men/33.jpg","medium":"https://randomuser.me/api/portraits/med/men/33.jpg","thumbnail":"https://randomuser.me/api/portraits/thumb/men/33.jpg"},"nat":"CA"}],"info":{"seed":"4cdcffe36e4f2739","results":1,"page":1,"version":"1.4"}} 
 </msg>
<msg time="2024-07-20T18:20:22.798212" level="INFO">/opt/hostedtoolcache/Python/3.12.4/x64/lib/python3.12/site-packages/urllib3/connectionpool.py:1099: InsecureRequestWarning: Unverified HTTPS request is being made to host 'randomuser.me'. Adding certificate verification is strongly advised. See: https://urllib3.readthedocs.io/en/latest/advanced-usage.html#tls-warnings
  warnings.warn(</msg>
<msg time="2024-07-20T18:20:22.798353" level="INFO">${response} = &lt;Response [200]&gt;</msg>
<var>${response}</var>
<arg>consultarAPI</arg>
<arg>/api</arg>
<doc>Sends a GET request on a previously created HTTP Session.</doc>
<status status="PASS" start="2024-07-20T18:20:22.688144" elapsed="0.110276"/>
</kw>
<kw name="Set Variable" owner="BuiltIn">
<msg time="2024-07-20T18:20:22.799359" level="INFO">${json_data} = {'results': [{'gender': 'male', 'name': {'title': 'Mr', 'first': 'Dylan', 'last': 'Pelletier'}, 'location': {'street': {'number': 4256, 'name': 'Tecumseh Rd'}, 'city': 'Sandy Lake', 'state': 'Saskatch...</msg>
<var>${json_data}</var>
<arg>${response.json()}</arg>
<doc>Returns the given values which can then be assigned to a variables.</doc>
<status status="PASS" start="2024-07-20T18:20:22.798873" elapsed="0.000514"/>
</kw>
<kw name="Log" owner="BuiltIn">
<msg time="2024-07-20T18:20:22.799913" level="INFO">{'results': [{'gender': 'male', 'name': {'title': 'Mr', 'first': 'Dylan', 'last': 'Pelletier'}, 'location': {'street': {'number': 4256, 'name': 'Tecumseh Rd'}, 'city': 'Sandy Lake', 'state': 'Saskatchewan', 'country': 'Canada', 'postcode': 'G9L 2Z9', 'coordinates': {'latitude': '-66.1781', 'longitude': '-44.3557'}, 'timezone': {'offset': '+3:30', 'description': 'Tehran'}}, 'email': 'dylan.pelletier@example.com', 'login': {'uuid': '4c96ebd2-aec0-4aad-ba8c-9e0568cdb2aa', 'username': 'orangesnake615', 'password': 'phantom1', 'salt': 'O3XcNPYD', 'md5': '8a2e53973cb1dbcb1588e0e4b3fc3abb', 'sha1': 'e83cd7fd89ea8710d6cb78a6eec3a26bdd33083c', 'sha256': '389b25167da0a5d297af7b637c9d321eab3b6218e429d6975a1afa988f5ad9a7'}, 'dob': {'date': '1996-01-04T13:18:40.847Z', 'age': 28}, 'registered': {'date': '2002-05-17T03:35:02.670Z', 'age': 22}, 'phone': 'K57 V71-6649', 'cell': 'D57 B73-3522', 'id': {'name': 'SIN', 'value': '880720685'}, 'picture': {'large': 'https://randomuser.me/api/portraits/men/33.jpg', 'medium': 'https://randomuser.me/api/portraits/med/men/33.jpg', 'thumbnail': 'https://randomuser.me/api/portraits/thumb/men/33.jpg'}, 'nat': 'CA'}], 'info': {'seed': '4cdcffe36e4f2739', 'results': 1, 'page': 1, 'version': '1.4'}}</msg>
<arg>${json_data}</arg>
<doc>Logs the given message with the given level.</doc>
<status status="PASS" start="2024-07-20T18:20:22.799691" elapsed="0.000273"/>
</kw>
<kw name="Dictionary Should Contain Key" owner="Collections">
<arg>${json_data}</arg>
<arg>results</arg>
<doc>Fails if ``key`` is not found from ``dictionary``.</doc>
<status status="PASS" start="2024-07-20T18:20:22.800260" elapsed="0.000162"/>
</kw>
<kw name="Should Not Be Empty" owner="BuiltIn">
<msg time="2024-07-20T18:20:22.800736" level="INFO">Length is 2.</msg>
<arg>${json_data}</arg>
<doc>Verifies that the given item is not empty.</doc>
<status status="PASS" start="2024-07-20T18:20:22.800604" elapsed="0.000169"/>
</kw>
<kw name="Create List" owner="BuiltIn">
<msg time="2024-07-20T18:20:22.801207" level="INFO">${expected_keys} = ['gender', 'name', 'location', 'email', 'login']</msg>
<var>${expected_keys}</var>
<arg>gender</arg>
<arg>name</arg>
<arg>location</arg>
<arg>email</arg>
<arg>login</arg>
<doc>Returns a list containing given items.</doc>
<status status="PASS" start="2024-07-20T18:20:22.801059" elapsed="0.000172"/>
</kw>
<for flavor="IN">
<iter>
<kw name="Dictionary Should Contain Key" owner="Collections">
<arg>${json_data['results'][0]}</arg>
<arg>${key}</arg>
<doc>Fails if ``key`` is not found from ``dictionary``.</doc>
<status status="PASS" start="2024-07-20T18:20:22.801817" elapsed="0.000406"/>
</kw>
<kw name="Log" owner="BuiltIn">
<msg time="2024-07-20T18:20:22.802754" level="INFO">{'gender': 'male', 'name': {'title': 'Mr', 'first': 'Dylan', 'last': 'Pelletier'}, 'location': {'street': {'number': 4256, 'name': 'Tecumseh Rd'}, 'city': 'Sandy Lake', 'state': 'Saskatchewan', 'country': 'Canada', 'postcode': 'G9L 2Z9', 'coordinates': {'latitude': '-66.1781', 'longitude': '-44.3557'}, 'timezone': {'offset': '+3:30', 'description': 'Tehran'}}, 'email': 'dylan.pelletier@example.com', 'login': {'uuid': '4c96ebd2-aec0-4aad-ba8c-9e0568cdb2aa', 'username': 'orangesnake615', 'password': 'phantom1', 'salt': 'O3XcNPYD', 'md5': '8a2e53973cb1dbcb1588e0e4b3fc3abb', 'sha1': 'e83cd7fd89ea8710d6cb78a6eec3a26bdd33083c', 'sha256': '389b25167da0a5d297af7b637c9d321eab3b6218e429d6975a1afa988f5ad9a7'}, 'dob': {'date': '1996-01-04T13:18:40.847Z', 'age': 28}, 'registered': {'date': '2002-05-17T03:35:02.670Z', 'age': 22}, 'phone': 'K57 V71-6649', 'cell': 'D57 B73-3522', 'id': {'name': 'SIN', 'value': '880720685'}, 'picture': {'large': 'https://randomuser.me/api/portraits/men/33.jpg', 'medium': 'https://randomuser.me/api/portraits/med/men/33.jpg', 'thumbnail': 'https://randomuser.me/api/portraits/thumb/men/33.jpg'}, 'nat': 'CA'}</msg>
<arg>${json_data['results'][0]}</arg>
<doc>Logs the given message with the given level.</doc>
<status status="PASS" start="2024-07-20T18:20:22.802406" elapsed="0.000401"/>
</kw>
<kw name="Log" owner="BuiltIn">
<msg time="2024-07-20T18:20:22.803227" level="INFO">gender</msg>
<arg>${key}</arg>
<doc>Logs the given message with the given level.</doc>
<status status="PASS" start="2024-07-20T18:20:22.803102" elapsed="0.000162"/>
</kw>
<var name="${key}">gender</var>
<status status="PASS" start="2024-07-20T18:20:22.801688" elapsed="0.001786"/>
</iter>
<iter>
<kw name="Dictionary Should Contain Key" owner="Collections">
<arg>${json_data['results'][0]}</arg>
<arg>${key}</arg>
<doc>Fails if ``key`` is not found from ``dictionary``.</doc>
<status status="PASS" start="2024-07-20T18:20:22.803767" elapsed="0.000415"/>
</kw>
<kw name="Log" owner="BuiltIn">
<msg time="2024-07-20T18:20:22.804725" level="INFO">{'gender': 'male', 'name': {'title': 'Mr', 'first': 'Dylan', 'last': 'Pelletier'}, 'location': {'street': {'number': 4256, 'name': 'Tecumseh Rd'}, 'city': 'Sandy Lake', 'state': 'Saskatchewan', 'country': 'Canada', 'postcode': 'G9L 2Z9', 'coordinates': {'latitude': '-66.1781', 'longitude': '-44.3557'}, 'timezone': {'offset': '+3:30', 'description': 'Tehran'}}, 'email': 'dylan.pelletier@example.com', 'login': {'uuid': '4c96ebd2-aec0-4aad-ba8c-9e0568cdb2aa', 'username': 'orangesnake615', 'password': 'phantom1', 'salt': 'O3XcNPYD', 'md5': '8a2e53973cb1dbcb1588e0e4b3fc3abb', 'sha1': 'e83cd7fd89ea8710d6cb78a6eec3a26bdd33083c', 'sha256': '389b25167da0a5d297af7b637c9d321eab3b6218e429d6975a1afa988f5ad9a7'}, 'dob': {'date': '1996-01-04T13:18:40.847Z', 'age': 28}, 'registered': {'date': '2002-05-17T03:35:02.670Z', 'age': 22}, 'phone': 'K57 V71-6649', 'cell': 'D57 B73-3522', 'id': {'name': 'SIN', 'value': '880720685'}, 'picture': {'large': 'https://randomuser.me/api/portraits/men/33.jpg', 'medium': 'https://randomuser.me/api/portraits/med/men/33.jpg', 'thumbnail': 'https://randomuser.me/api/portraits/thumb/men/33.jpg'}, 'nat': 'CA'}</msg>
<arg>${json_data['results'][0]}</arg>
<doc>Logs the given message with the given level.</doc>
<status status="PASS" start="2024-07-20T18:20:22.804365" elapsed="0.000442"/>
</kw>
<kw name="Log" owner="BuiltIn">
<msg time="2024-07-20T18:20:22.805230" level="INFO">name</msg>
<arg>${key}</arg>
<doc>Logs the given message with the given level.</doc>
<status status="PASS" start="2024-07-20T18:20:22.805103" elapsed="0.000165"/>
</kw>
<var name="${key}">name</var>
<status status="PASS" start="2024-07-20T18:20:22.803656" elapsed="0.001825"/>
</iter>
<iter>
<kw name="Dictionary Should Contain Key" owner="Collections">
<arg>${json_data['results'][0]}</arg>
<arg>${key}</arg>
<doc>Fails if ``key`` is not found from ``dictionary``.</doc>
<status status="PASS" start="2024-07-20T18:20:22.805758" elapsed="0.000375"/>
</kw>
<kw name="Log" owner="BuiltIn">
<msg time="2024-07-20T18:20:22.806668" level="INFO">{'gender': 'male', 'name': {'title': 'Mr', 'first': 'Dylan', 'last': 'Pelletier'}, 'location': {'street': {'number': 4256, 'name': 'Tecumseh Rd'}, 'city': 'Sandy Lake', 'state': 'Saskatchewan', 'country': 'Canada', 'postcode': 'G9L 2Z9', 'coordinates': {'latitude': '-66.1781', 'longitude': '-44.3557'}, 'timezone': {'offset': '+3:30', 'description': 'Tehran'}}, 'email': 'dylan.pelletier@example.com', 'login': {'uuid': '4c96ebd2-aec0-4aad-ba8c-9e0568cdb2aa', 'username': 'orangesnake615', 'password': 'phantom1', 'salt': 'O3XcNPYD', 'md5': '8a2e53973cb1dbcb1588e0e4b3fc3abb', 'sha1': 'e83cd7fd89ea8710d6cb78a6eec3a26bdd33083c', 'sha256': '389b25167da0a5d297af7b637c9d321eab3b6218e429d6975a1afa988f5ad9a7'}, 'dob': {'date': '1996-01-04T13:18:40.847Z', 'age': 28}, 'registered': {'date': '2002-05-17T03:35:02.670Z', 'age': 22}, 'phone': 'K57 V71-6649', 'cell': 'D57 B73-3522', 'id': {'name': 'SIN', 'value': '880720685'}, 'picture': {'large': 'https://randomuser.me/api/portraits/men/33.jpg', 'medium': 'https://randomuser.me/api/portraits/med/men/33.jpg', 'thumbnail': 'https://randomuser.me/api/portraits/thumb/men/33.jpg'}, 'nat': 'CA'}</msg>
<arg>${json_data['results'][0]}</arg>
<doc>Logs the given message with the given level.</doc>
<status status="PASS" start="2024-07-20T18:20:22.806321" elapsed="0.000395"/>
</kw>
<kw name="Log" owner="BuiltIn">
<msg time="2024-07-20T18:20:22.807125" level="INFO">location</msg>
<arg>${key}</arg>
<doc>Logs the given message with the given level.</doc>
<status status="PASS" start="2024-07-20T18:20:22.807003" elapsed="0.000159"/>
</kw>
<var name="${key}">location</var>
<status status="PASS" start="2024-07-20T18:20:22.805652" elapsed="0.001726"/>
</iter>
<iter>
<kw name="Dictionary Should Contain Key" owner="Collections">
<arg>${json_data['results'][0]}</arg>
<arg>${key}</arg>
<doc>Fails if ``key`` is not found from ``dictionary``.</doc>
<status status="PASS" start="2024-07-20T18:20:22.807653" elapsed="0.000435"/>
</kw>
<kw name="Log" owner="BuiltIn">
<msg time="2024-07-20T18:20:22.808749" level="INFO">{'gender': 'male', 'name': {'title': 'Mr', 'first': 'Dylan', 'last': 'Pelletier'}, 'location': {'street': {'number': 4256, 'name': 'Tecumseh Rd'}, 'city': 'Sandy Lake', 'state': 'Saskatchewan', 'country': 'Canada', 'postcode': 'G9L 2Z9', 'coordinates': {'latitude': '-66.1781', 'longitude': '-44.3557'}, 'timezone': {'offset': '+3:30', 'description': 'Tehran'}}, 'email': 'dylan.pelletier@example.com', 'login': {'uuid': '4c96ebd2-aec0-4aad-ba8c-9e0568cdb2aa', 'username': 'orangesnake615', 'password': 'phantom1', 'salt': 'O3XcNPYD', 'md5': '8a2e53973cb1dbcb1588e0e4b3fc3abb', 'sha1': 'e83cd7fd89ea8710d6cb78a6eec3a26bdd33083c', 'sha256': '389b25167da0a5d297af7b637c9d321eab3b6218e429d6975a1afa988f5ad9a7'}, 'dob': {'date': '1996-01-04T13:18:40.847Z', 'age': 28}, 'registered': {'date': '2002-05-17T03:35:02.670Z', 'age': 22}, 'phone': 'K57 V71-6649', 'cell': 'D57 B73-3522', 'id': {'name': 'SIN', 'value': '880720685'}, 'picture': {'large': 'https://randomuser.me/api/portraits/men/33.jpg', 'medium': 'https://randomuser.me/api/portraits/med/men/33.jpg', 'thumbnail': 'https://randomuser.me/api/portraits/thumb/men/33.jpg'}, 'nat': 'CA'}</msg>
<arg>${json_data['results'][0]}</arg>
<doc>Logs the given message with the given level.</doc>
<status status="PASS" start="2024-07-20T18:20:22.808396" elapsed="0.000402"/>
</kw>
<kw name="Log" owner="BuiltIn">
<msg time="2024-07-20T18:20:22.809218" level="INFO">email</msg>
<arg>${key}</arg>
<doc>Logs the given message with the given level.</doc>
<status status="PASS" start="2024-07-20T18:20:22.809092" elapsed="0.000164"/>
</kw>
<var name="${key}">email</var>
<status status="PASS" start="2024-07-20T18:20:22.807546" elapsed="0.001921"/>
</iter>
<iter>
<kw name="Dictionary Should Contain Key" owner="Collections">
<arg>${json_data['results'][0]}</arg>
<arg>${key}</arg>
<doc>Fails if ``key`` is not found from ``dictionary``.</doc>
<status status="PASS" start="2024-07-20T18:20:22.809745" elapsed="0.000373"/>
</kw>
<kw name="Log" owner="BuiltIn">
<msg time="2024-07-20T18:20:22.810647" level="INFO">{'gender': 'male', 'name': {'title': 'Mr', 'first': 'Dylan', 'last': 'Pelletier'}, 'location': {'street': {'number': 4256, 'name': 'Tecumseh Rd'}, 'city': 'Sandy Lake', 'state': 'Saskatchewan', 'country': 'Canada', 'postcode': 'G9L 2Z9', 'coordinates': {'latitude': '-66.1781', 'longitude': '-44.3557'}, 'timezone': {'offset': '+3:30', 'description': 'Tehran'}}, 'email': 'dylan.pelletier@example.com', 'login': {'uuid': '4c96ebd2-aec0-4aad-ba8c-9e0568cdb2aa', 'username': 'orangesnake615', 'password': 'phantom1', 'salt': 'O3XcNPYD', 'md5': '8a2e53973cb1dbcb1588e0e4b3fc3abb', 'sha1': 'e83cd7fd89ea8710d6cb78a6eec3a26bdd33083c', 'sha256': '389b25167da0a5d297af7b637c9d321eab3b6218e429d6975a1afa988f5ad9a7'}, 'dob': {'date': '1996-01-04T13:18:40.847Z', 'age': 28}, 'registered': {'date': '2002-05-17T03:35:02.670Z', 'age': 22}, 'phone': 'K57 V71-6649', 'cell': 'D57 B73-3522', 'id': {'name': 'SIN', 'value': '880720685'}, 'picture': {'large': 'https://randomuser.me/api/portraits/men/33.jpg', 'medium': 'https://randomuser.me/api/portraits/med/men/33.jpg', 'thumbnail': 'https://randomuser.me/api/portraits/thumb/men/33.jpg'}, 'nat': 'CA'}</msg>
<arg>${json_data['results'][0]}</arg>
<doc>Logs the given message with the given level.</doc>
<status status="PASS" start="2024-07-20T18:20:22.810298" elapsed="0.000397"/>
</kw>
<kw name="Log" owner="BuiltIn">
<msg time="2024-07-20T18:20:22.811108" level="INFO">login</msg>
<arg>${key}</arg>
<doc>Logs the given message with the given level.</doc>
<status status="PASS" start="2024-07-20T18:20:22.810985" elapsed="0.000160"/>
</kw>
<var name="${key}">login</var>
<status status="PASS" start="2024-07-20T18:20:22.809637" elapsed="0.001724"/>
</iter>
<var>${key}</var>
<value>@{expected_keys}</value>
<status status="PASS" start="2024-07-20T18:20:22.801491" elapsed="0.009987"/>
</for>
<kw name="Create List" owner="BuiltIn">
<msg time="2024-07-20T18:20:22.811824" level="INFO">${expected_keysTwo} = ['username', 'password']</msg>
<var>${expected_keysTwo}</var>
<arg>username</arg>
<arg>password</arg>
<doc>Returns a list containing given items.</doc>
<status status="PASS" start="2024-07-20T18:20:22.811671" elapsed="0.000178"/>
</kw>
<for flavor="IN">
<iter>
<kw name="Dictionary Should Contain Key" owner="Collections">
<arg>${json_data['results'][0]['login']}</arg>
<arg>${keyTwo}</arg>
<doc>Fails if ``key`` is not found from ``dictionary``.</doc>
<status status="PASS" start="2024-07-20T18:20:22.812379" elapsed="0.000380"/>
</kw>
<kw name="Dictionary Should Contain Key" owner="Collections">
<arg>${json_data['results'][0]['login']}</arg>
<arg>${keyTwo}</arg>
<doc>Fails if ``key`` is not found from ``dictionary``.</doc>
<status status="PASS" start="2024-07-20T18:20:22.812938" elapsed="0.000372"/>
</kw>
<kw name="Log" owner="BuiltIn">
<msg time="2024-07-20T18:20:22.813600" level="INFO">username</msg>
<arg>${keyTwo}</arg>
<doc>Logs the given message with the given level.</doc>
<status status="PASS" start="2024-07-20T18:20:22.813483" elapsed="0.000154"/>
</kw>
<var name="${keyTwo}">username</var>
<status status="PASS" start="2024-07-20T18:20:22.812271" elapsed="0.001583"/>
</iter>
<iter>
<kw name="Dictionary Should Contain Key" owner="Collections">
<arg>${json_data['results'][0]['login']}</arg>
<arg>${keyTwo}</arg>
<doc>Fails if ``key`` is not found from ``dictionary``.</doc>
<status status="PASS" start="2024-07-20T18:20:22.814134" elapsed="0.000371"/>
</kw>
<kw name="Dictionary Should Contain Key" owner="Collections">
<arg>${json_data['results'][0]['login']}</arg>
<arg>${keyTwo}</arg>
<doc>Fails if ``key`` is not found from ``dictionary``.</doc>
<status status="PASS" start="2024-07-20T18:20:22.814680" elapsed="0.000370"/>
</kw>
<kw name="Log" owner="BuiltIn">
<msg time="2024-07-20T18:20:22.815345" level="INFO">password</msg>
<arg>${keyTwo}</arg>
<doc>Logs the given message with the given level.</doc>
<status status="PASS" start="2024-07-20T18:20:22.815222" elapsed="0.000159"/>
</kw>
<var name="${keyTwo}">password</var>
<status status="PASS" start="2024-07-20T18:20:22.814023" elapsed="0.001575"/>
</iter>
<var>${keyTwo}</var>
<value>@{expected_keysTwo}</value>
<status status="PASS" start="2024-07-20T18:20:22.812118" elapsed="0.003598"/>
</for>
<status status="PASS" start="2024-07-20T18:20:22.687767" elapsed="0.128136"/>
</kw>
<doc>Testa a estrutura da resposta da API.</doc>
<tag>testeEstruturaResposta</tag>
<status status="PASS" start="2024-07-20T18:20:22.686988" elapsed="0.129069"/>
</test>
<test id="s1-s1-t4" name="Validar tipos de dados" line="28">
<kw name="Teste de Tipos de Dados" owner="random-user-service">
<kw name="GET On Session" owner="RequestsLibrary">
<msg time="2024-07-20T18:20:22.894788" level="INFO">GET Request : url=https://randomuser.me/api 
 path_url=/api 
 headers={'User-Agent': 'python-requests/2.32.3', 'Accept-Encoding': 'gzip, deflate', 'Accept': '*/*', 'Connection': 'keep-alive'} 
 body=None 
 </msg>
<msg time="2024-07-20T18:20:22.894879" level="INFO">GET Response : url=https://randomuser.me/api 
 status=200, reason=OK 
 headers={'Date': 'Sat, 20 Jul 2024 18:20:22 GMT', 'Content-Type': 'application/json; charset=utf-8', 'Transfer-Encoding': 'chunked', 'Connection': 'keep-alive', 'X-Powered-By': 'Express', 'Access-Control-Allow-Origin': '*', 'Cache-Control': 'no-cache', 'ETag': 'W/"4ab-M4miXM9LSvx1aQNipnKzVpddtx4"', 'Vary': 'Accept-Encoding', 'Content-Encoding': 'gzip', 'CF-Cache-Status': 'DYNAMIC', 'Report-To': '{"endpoints":[{"url":"https:\\/\\/a.nel.cloudflare.com\\/report\\/v4?s=EDBnhjIF45fYpIb%2F9RPfKCZRFz7YJMbUvdJhyOhHqDpkkSAwu%2F%2BKb90QUn77d1uDFg3xsbZdcVoUogNdrSMoLnrcaeK%2F2AOhBNMf%2F00Q9Tc7SUkUmhBzxkPX7kmdX6Wd"}],"group":"cf-nel","max_age":604800}', 'NEL': '{"success_fraction":0,"report_to":"cf-nel","max_age":604800}', 'Server': 'cloudflare', 'CF-RAY': '8a64f702b909463e-DFW', 'alt-svc': 'h3=":443"; ma=86400'} 
 body={"results":[{"gender":"female","name":{"title":"Mrs","first":"Frederike","last":"Vater"},"location":{"street":{"number":8418,"name":"Mühlenweg"},"city":"Flöha","state":"Mecklenburg-Vorpommern","country":"Germany","postcode":60260,"coordinates":{"latitude":"-53.9443","longitude":"117.5484"},"timezone":{"offset":"+10:00","description":"Eastern Australia, Guam, Vladivostok"}},"email":"frederike.vater@example.com","login":{"uuid":"5e8edb47-816e-4cda-8aa4-b4c0e9338ef5","username":"crazypanda358","password":"petunia","salt":"hy3W1MrN","md5":"047604e756da89f9c0f0140fc1d03668","sha1":"cf6c2c8b6373adf999699fcfada1ebc10c20b72b","sha256":"7d8ea33e11b9bf85c50c3ed0d16d715d4756a332ea0a94350019f624afdec3e3"},"dob":{"date":"1988-08-02T16:31:57.521Z","age":35},"registered":{"date":"2003-02-15T17:44:08.753Z","age":21},"phone":"0621-5993810","cell":"0172-0071305","id":{"name":"SVNR","value":"62 020888 V 868"},"picture":{"large":"https://randomuser.me/api/portraits/women/86.jpg","medium":"https://randomuser.me/api/portraits/med/women/86.jpg","thumbnail":"https://randomuser.me/api/portraits/thumb/women/86.jpg"},"nat":"DE"}],"info":{"seed":"8022cbd513c33713","results":1,"page":1,"version":"1.4"}} 
 </msg>
<msg time="2024-07-20T18:20:22.894954" level="INFO">/opt/hostedtoolcache/Python/3.12.4/x64/lib/python3.12/site-packages/urllib3/connectionpool.py:1099: InsecureRequestWarning: Unverified HTTPS request is being made to host 'randomuser.me'. Adding certificate verification is strongly advised. See: https://urllib3.readthedocs.io/en/latest/advanced-usage.html#tls-warnings
  warnings.warn(</msg>
<msg time="2024-07-20T18:20:22.895095" level="INFO">${response} = &lt;Response [200]&gt;</msg>
<var>${response}</var>
<arg>consultarAPI</arg>
<arg>/api</arg>
<doc>Sends a GET request on a previously created HTTP Session.</doc>
<status status="PASS" start="2024-07-20T18:20:22.818460" elapsed="0.076688"/>
</kw>
<kw name="Set Variable" owner="BuiltIn">
<msg time="2024-07-20T18:20:22.896104" level="INFO">${json_data} = {'results': [{'gender': 'female', 'name': {'title': 'Mrs', 'first': 'Frederike', 'last': 'Vater'}, 'location': {'street': {'number': 8418, 'name': 'Mühlenweg'}, 'city': 'Flöha', 'state': 'Mecklenburg-...</msg>
<var>${json_data}</var>
<arg>${response.json()}</arg>
<doc>Returns the given values which can then be assigned to a variables.</doc>
<status status="PASS" start="2024-07-20T18:20:22.895566" elapsed="0.000568"/>
</kw>
<kw name="Log" owner="BuiltIn">
<msg time="2024-07-20T18:20:22.896605" level="INFO">{'results': [{'gender': 'female', 'name': {'title': 'Mrs', 'first': 'Frederike', 'last': 'Vater'}, 'location': {'street': {'number': 8418, 'name': 'Mühlenweg'}, 'city': 'Flöha', 'state': 'Mecklenburg-Vorpommern', 'country': 'Germany', 'postcode': 60260, 'coordinates': {'latitude': '-53.9443', 'longitude': '117.5484'}, 'timezone': {'offset': '+10:00', 'description': 'Eastern Australia, Guam, Vladivostok'}}, 'email': 'frederike.vater@example.com', 'login': {'uuid': '5e8edb47-816e-4cda-8aa4-b4c0e9338ef5', 'username': 'crazypanda358', 'password': 'petunia', 'salt': 'hy3W1MrN', 'md5': '047604e756da89f9c0f0140fc1d03668', 'sha1': 'cf6c2c8b6373adf999699fcfada1ebc10c20b72b', 'sha256': '7d8ea33e11b9bf85c50c3ed0d16d715d4756a332ea0a94350019f624afdec3e3'}, 'dob': {'date': '1988-08-02T16:31:57.521Z', 'age': 35}, 'registered': {'date': '2003-02-15T17:44:08.753Z', 'age': 21}, 'phone': '0621-5993810', 'cell': '0172-0071305', 'id': {'name': 'SVNR', 'value': '62 020888 V 868'}, 'picture': {'large': 'https://randomuser.me/api/portraits/women/86.jpg', 'medium': 'https://randomuser.me/api/portraits/med/women/86.jpg', 'thumbnail': 'https://randomuser.me/api/portraits/thumb/women/86.jpg'}, 'nat': 'DE'}], 'info': {'seed': '8022cbd513c33713', 'results': 1, 'page': 1, 'version': '1.4'}}</msg>
<arg>${json_data}</arg>
<doc>Logs the given message with the given level.</doc>
<status status="PASS" start="2024-07-20T18:20:22.896448" elapsed="0.000206"/>
</kw>
<kw name="Should Be String" owner="String">
<arg>${json_data['results'][0]['gender']}</arg>
<doc>Fails if the given ``item`` is not a string.</doc>
<status status="PASS" start="2024-07-20T18:20:22.896946" elapsed="0.000363"/>
</kw>
<kw name="Should Match Regexp" owner="BuiltIn">
<arg>${json_data['results'][0]['email']}</arg>
<arg>^[a-zA-Z0-9._%+-]+@[a-zA-Z0-9.-]+\.[a-zA-Z]{2,}$</arg>
<doc>Fails if ``string`` does not match ``pattern`` as a regular expression.</doc>
<status status="PASS" start="2024-07-20T18:20:22.897498" elapsed="0.000518"/>
</kw>
<kw name="Should Match Regexp" owner="BuiltIn">
<arg>${json_data['results'][0]['dob']['date']}</arg>
<arg>\\d{4}-\\d{2}-\\d{2}T\\d{2}:\\d{2}:\\d{2}\\.\\d{3}Z</arg>
<doc>Fails if ``string`` does not match ``pattern`` as a regular expression.</doc>
<status status="PASS" start="2024-07-20T18:20:22.898247" elapsed="0.000603"/>
</kw>
<kw name="Should Match Regexp" owner="BuiltIn">
<arg>${json_data['results'][0]['registered']['date']}</arg>
<arg>\\d{4}-\\d{2}-\\d{2}T\\d{2}:\\d{2}:\\d{2}\\.\\d{3}Z</arg>
<doc>Fails if ``string`` does not match ``pattern`` as a regular expression.</doc>
<status status="PASS" start="2024-07-20T18:20:22.899044" elapsed="0.000368"/>
</kw>
<kw name="Should Match Regexp" owner="BuiltIn">
<arg>${json_data['results'][0]['picture']['large']}</arg>
<arg>^https?://.*\.(?:png|jpe?g|gif|bmp)$</arg>
<doc>Fails if ``string`` does not match ``pattern`` as a regular expression.</doc>
<status status="PASS" start="2024-07-20T18:20:22.899597" elapsed="0.000489"/>
</kw>
<kw name="Should Match Regexp" owner="BuiltIn">
<arg>${json_data['results'][0]['picture']['medium']}</arg>
<arg>^https?://.*\.(?:png|jpe?g|gif|bmp)$</arg>
<doc>Fails if ``string`` does not match ``pattern`` as a regular expression.</doc>
<status status="PASS" start="2024-07-20T18:20:22.900273" elapsed="0.000353"/>
</kw>
<kw name="Should Match Regexp" owner="BuiltIn">
<arg>${json_data['results'][0]['picture']['thumbnail']}</arg>
<arg>^https?://.*\.(?:png|jpe?g|gif|bmp)$</arg>
<doc>Fails if ``string`` does not match ``pattern`` as a regular expression.</doc>
<status status="PASS" start="2024-07-20T18:20:22.900809" elapsed="0.000352"/>
</kw>
<kw name="Log" owner="BuiltIn">
<msg time="2024-07-20T18:20:22.901663" level="INFO">{'large': 'https://randomuser.me/api/portraits/women/86.jpg', 'medium': 'https://randomuser.me/api/portraits/med/women/86.jpg', 'thumbnail': 'https://randomuser.me/api/portraits/thumb/women/86.jpg'}</msg>
<arg>${json_data['results'][0]['picture']}</arg>
<doc>Logs the given message with the given level.</doc>
<status status="PASS" start="2024-07-20T18:20:22.901342" elapsed="0.000362"/>
</kw>
<status status="PASS" start="2024-07-20T18:20:22.818236" elapsed="0.083724"/>
</kw>
<kw name="Teste de Tipos de Dados - Postcode" owner="random-user-service">
<kw name="GET On Session" owner="RequestsLibrary">
<msg time="2024-07-20T18:20:23.025791" level="INFO">GET Request : url=https://randomuser.me/api 
 path_url=/api 
 headers={'User-Agent': 'python-requests/2.32.3', 'Accept-Encoding': 'gzip, deflate', 'Accept': '*/*', 'Connection': 'keep-alive'} 
 body=None 
 </msg>
<msg time="2024-07-20T18:20:23.025904" level="INFO">GET Response : url=https://randomuser.me/api 
 status=200, reason=OK 
 headers={'Date': 'Sat, 20 Jul 2024 18:20:23 GMT', 'Content-Type': 'application/json; charset=utf-8', 'Transfer-Encoding': 'chunked', 'Connection': 'keep-alive', 'X-Powered-By': 'Express', 'Access-Control-Allow-Origin': '*', 'Cache-Control': 'no-cache', 'ETag': 'W/"497-7cZQ859arAcPaPDAwqJ+2psZjbY"', 'Vary': 'Accept-Encoding', 'Content-Encoding': 'gzip', 'CF-Cache-Status': 'DYNAMIC', 'Report-To': '{"endpoints":[{"url":"https:\\/\\/a.nel.cloudflare.com\\/report\\/v4?s=6yjgT3Yz%2B%2FpU9%2B5AQ6%2Bvm1EGtYbm2lJFhASeJh%2BLiIIkhK%2BAg75Up1nEwzNKR6s32qOtyi%2FHPcdRdrSOH%2FsrERzrgX8zBQvuOZesb6mqhhZebYYBgAf0bu8WxKCVWF7q"}],"group":"cf-nel","max_age":604800}', 'NEL': '{"success_fraction":0,"report_to":"cf-nel","max_age":604800}', 'Server': 'cloudflare', 'CF-RAY': '8a64f70339d7463e-DFW', 'alt-svc': 'h3=":443"; ma=86400'} 
 body={"results":[{"gender":"male","name":{"title":"Mr","first":"Philipp","last":"Wehr"},"location":{"street":{"number":5090,"name":"Schlossstraße"},"city":"Aichach","state":"Thüringen","country":"Germany","postcode":71506,"coordinates":{"latitude":"-54.9316","longitude":"-148.1411"},"timezone":{"offset":"+11:00","description":"Magadan, Solomon Islands, New Caledonia"}},"email":"philipp.wehr@example.com","login":{"uuid":"cef8d0fa-31da-405f-886f-119e76e2747e","username":"happyzebra208","password":"legos","salt":"lg1Mcu9r","md5":"29f88cb4b7913bf893e66fec17cf94ff","sha1":"88a8ae6969ed3c291ae3373b6420dfaa140462f2","sha256":"b22b534e65c769add83550a21e5b25ed45f0ff1c899d22e07a837de920b31cbf"},"dob":{"date":"1951-04-27T06:32:00.974Z","age":73},"registered":{"date":"2013-09-29T17:03:21.995Z","age":10},"phone":"0448-1424979","cell":"0173-8921958","id":{"name":"SVNR","value":"64 270451 W 236"},"picture":{"large":"https://randomuser.me/api/portraits/men/90.jpg","medium":"https://randomuser.me/api/portraits/med/men/90.jpg","thumbnail":"https://randomuser.me/api/portraits/thumb/men/90.jpg"},"nat":"DE"}],"info":{"seed":"2e0ae9f3cd25943f","results":1,"page":1,"version":"1.4"}} 
 </msg>
<msg time="2024-07-20T18:20:23.025986" level="INFO">/opt/hostedtoolcache/Python/3.12.4/x64/lib/python3.12/site-packages/urllib3/connectionpool.py:1099: InsecureRequestWarning: Unverified HTTPS request is being made to host 'randomuser.me'. Adding certificate verification is strongly advised. See: https://urllib3.readthedocs.io/en/latest/advanced-usage.html#tls-warnings
  warnings.warn(</msg>
<msg time="2024-07-20T18:20:23.026143" level="INFO">${response} = &lt;Response [200]&gt;</msg>
<var>${response}</var>
<arg>consultarAPI</arg>
<arg>/api</arg>
<doc>Sends a GET request on a previously created HTTP Session.</doc>
<status status="PASS" start="2024-07-20T18:20:22.902407" elapsed="0.123786"/>
</kw>
<kw name="Set Variable" owner="BuiltIn">
<msg time="2024-07-20T18:20:23.027248" level="INFO">${json_data} = {'results': [{'gender': 'male', 'name': {'title': 'Mr', 'first': 'Philipp', 'last': 'Wehr'}, 'location': {'street': {'number': 5090, 'name': 'Schlossstraße'}, 'city': 'Aichach', 'state': 'Thüringen', ...</msg>
<var>${json_data}</var>
<arg>${response.json()}</arg>
<doc>Returns the given values which can then be assigned to a variables.</doc>
<status status="PASS" start="2024-07-20T18:20:23.026729" elapsed="0.000548"/>
</kw>
<kw name="Log" owner="BuiltIn">
<msg time="2024-07-20T18:20:23.027751" level="INFO">{'results': [{'gender': 'male', 'name': {'title': 'Mr', 'first': 'Philipp', 'last': 'Wehr'}, 'location': {'street': {'number': 5090, 'name': 'Schlossstraße'}, 'city': 'Aichach', 'state': 'Thüringen', 'country': 'Germany', 'postcode': 71506, 'coordinates': {'latitude': '-54.9316', 'longitude': '-148.1411'}, 'timezone': {'offset': '+11:00', 'description': 'Magadan, Solomon Islands, New Caledonia'}}, 'email': 'philipp.wehr@example.com', 'login': {'uuid': 'cef8d0fa-31da-405f-886f-119e76e2747e', 'username': 'happyzebra208', 'password': 'legos', 'salt': 'lg1Mcu9r', 'md5': '29f88cb4b7913bf893e66fec17cf94ff', 'sha1': '88a8ae6969ed3c291ae3373b6420dfaa140462f2', 'sha256': 'b22b534e65c769add83550a21e5b25ed45f0ff1c899d22e07a837de920b31cbf'}, 'dob': {'date': '1951-04-27T06:32:00.974Z', 'age': 73}, 'registered': {'date': '2013-09-29T17:03:21.995Z', 'age': 10}, 'phone': '0448-1424979', 'cell': '0173-8921958', 'id': {'name': 'SVNR', 'value': '64 270451 W 236'}, 'picture': {'large': 'https://randomuser.me/api/portraits/men/90.jpg', 'medium': 'https://randomuser.me/api/portraits/med/men/90.jpg', 'thumbnail': 'https://randomuser.me/api/portraits/thumb/men/90.jpg'}, 'nat': 'DE'}], 'info': {'seed': '2e0ae9f3cd25943f', 'results': 1, 'page': 1, 'version': '1.4'}}</msg>
<arg>${json_data}</arg>
<doc>Logs the given message with the given level.</doc>
<status status="PASS" start="2024-07-20T18:20:23.027582" elapsed="0.000274"/>
</kw>
<kw name="Should Be Equal As Numbers" owner="BuiltIn">
<arg>${json_data['results'][0]['location']['postcode']}</arg>
<arg>${json_data['results'][0]['location']['postcode']}</arg>
<doc>Fails if objects are unequal after converting them to real numbers.</doc>
<status status="PASS" start="2024-07-20T18:20:23.028172" elapsed="0.000620"/>
</kw>
<kw name="Log" owner="BuiltIn">
<msg time="2024-07-20T18:20:23.029322" level="INFO">71506</msg>
<arg>${json_data['results'][0]['location']['postcode']}</arg>
<doc>Logs the given message with the given level.</doc>
<status status="PASS" start="2024-07-20T18:20:23.028986" elapsed="0.000377"/>
</kw>
<status status="PASS" start="2024-07-20T18:20:22.902179" elapsed="0.127471"/>
</kw>
<doc>Testa se os tipos de dados na resposta da API estão corretos.</doc>
<tag>testeTiposDados</tag>
<status status="PASS" start="2024-07-20T18:20:22.817786" elapsed="0.212033"/>
</test>
<test id="s1-s1-t5" name="Validar conteudo" line="35">
<kw name="Teste de Tipos de Conteudo" owner="random-user-service">
<kw name="GET On Session" owner="RequestsLibrary">
<msg time="2024-07-20T18:20:23.161610" level="INFO">GET Request : url=https://randomuser.me/api 
 path_url=/api 
 headers={'User-Agent': 'python-requests/2.32.3', 'Accept-Encoding': 'gzip, deflate', 'Accept': '*/*', 'Connection': 'keep-alive'} 
 body=None 
 </msg>
<msg time="2024-07-20T18:20:23.161705" level="INFO">GET Response : url=https://randomuser.me/api 
 status=200, reason=OK 
 headers={'Date': 'Sat, 20 Jul 2024 18:20:23 GMT', 'Content-Type': 'application/json; charset=utf-8', 'Transfer-Encoding': 'chunked', 'Connection': 'keep-alive', 'X-Powered-By': 'Express', 'Access-Control-Allow-Origin': '*', 'Cache-Control': 'no-cache', 'ETag': 'W/"473-/uJ7jIeGFiPMPn7bl282JOLxKag"', 'Vary': 'Accept-Encoding', 'Content-Encoding': 'gzip', 'CF-Cache-Status': 'DYNAMIC', 'Report-To': '{"endpoints":[{"url":"https:\\/\\/a.nel.cloudflare.com\\/report\\/v4?s=mtj7m2FbWZu%2B2sFxw2AA%2FOQP%2BeOu4aR%2FRQMVgAflzIVQ5pdt7ZvUDnixXCxQKanIXXrQFDk4MU8KtW4d2C6o60pdhuaUqLWGUVs8LEWgN2h0%2FJ9nWule8uFEJIk7xLQ%2F"}],"group":"cf-nel","max_age":604800}', 'NEL': '{"success_fraction":0,"report_to":"cf-nel","max_age":604800}', 'Server': 'cloudflare', 'CF-RAY': '8a64f7040ad0463e-DFW', 'alt-svc': 'h3=":443"; ma=86400'} 
 body={"results":[{"gender":"female","name":{"title":"Ms","first":"Esma","last":"Beşerler"},"location":{"street":{"number":3533,"name":"Tunalı Hilmi Cd"},"city":"Isparta","state":"Adıyaman","country":"Turkey","postcode":77295,"coordinates":{"latitude":"70.9286","longitude":"179.6758"},"timezone":{"offset":"-9:00","description":"Alaska"}},"email":"esma.beserler@example.com","login":{"uuid":"63d15a60-b565-48d3-8a1a-a078b3aebb2e","username":"purplemouse140","password":"anchor","salt":"uztI1oYP","md5":"a1b913726fde1914aa7e197a40184a86","sha1":"8e449890cf0020a3bc0872940b99f548eb9deb3e","sha256":"fd30f393b2f55d69ee3ef780b01facaabdf7865bf2421a219492d1254c2ff373"},"dob":{"date":"1972-02-08T21:49:00.195Z","age":52},"registered":{"date":"2012-10-09T23:25:53.756Z","age":11},"phone":"(168)-771-9018","cell":"(157)-605-4059","id":{"name":"","value":null},"picture":{"large":"https://randomuser.me/api/portraits/women/72.jpg","medium":"https://randomuser.me/api/portraits/med/women/72.jpg","thumbnail":"https://randomuser.me/api/portraits/thumb/women/72.jpg"},"nat":"TR"}],"info":{"seed":"cb0ef48cc5818c44","results":1,"page":1,"version":"1.4"}} 
 </msg>
<msg time="2024-07-20T18:20:23.161769" level="INFO">/opt/hostedtoolcache/Python/3.12.4/x64/lib/python3.12/site-packages/urllib3/connectionpool.py:1099: InsecureRequestWarning: Unverified HTTPS request is being made to host 'randomuser.me'. Adding certificate verification is strongly advised. See: https://urllib3.readthedocs.io/en/latest/advanced-usage.html#tls-warnings
  warnings.warn(</msg>
<msg time="2024-07-20T18:20:23.161895" level="INFO">${response} = &lt;Response [200]&gt;</msg>
<var>${response}</var>
<arg>consultarAPI</arg>
<arg>/api</arg>
<doc>Sends a GET request on a previously created HTTP Session.</doc>
<status status="PASS" start="2024-07-20T18:20:23.032326" elapsed="0.129614"/>
</kw>
<kw name="Set Variable" owner="BuiltIn">
<msg time="2024-07-20T18:20:23.162880" level="INFO">${json_data} = {'results': [{'gender': 'female', 'name': {'title': 'Ms', 'first': 'Esma', 'last': 'Beşerler'}, 'location': {'street': {'number': 3533, 'name': 'Tunalı Hilmi Cd'}, 'city': 'Isparta', 'state': 'Adıyama...</msg>
<var>${json_data}</var>
<arg>${response.json()}</arg>
<doc>Returns the given values which can then be assigned to a variables.</doc>
<status status="PASS" start="2024-07-20T18:20:23.162374" elapsed="0.000537"/>
</kw>
<kw name="Set Variable" owner="BuiltIn">
<msg time="2024-07-20T18:20:23.163609" level="INFO">${name_title} = Ms</msg>
<var>${name_title}</var>
<arg>${json_data["results"][0]["name"]["title"]}</arg>
<doc>Returns the given values which can then be assigned to a variables.</doc>
<status status="PASS" start="2024-07-20T18:20:23.163226" elapsed="0.000409"/>
</kw>
<kw name="Create List" owner="BuiltIn">
<msg time="2024-07-20T18:20:23.164129" level="INFO">${allowed_titles} = ['Mr', 'Ms', 'Miss', 'Mrs', 'Madame', 'Monsieur']</msg>
<var>${allowed_titles}</var>
<arg>Mr</arg>
<arg>Ms</arg>
<arg>Miss</arg>
<arg>Mrs</arg>
<arg>Madame</arg>
<arg>Monsieur</arg>
<doc>Returns a list containing given items.</doc>
<status status="PASS" start="2024-07-20T18:20:23.163977" elapsed="0.000178"/>
</kw>
<kw name="List Should Contain Value" owner="Collections">
<arg>${allowed_titles}</arg>
<arg>${name_title}</arg>
<doc>Fails if the ``value`` is not found from ``list``.</doc>
<status status="PASS" start="2024-07-20T18:20:23.164456" elapsed="0.000185"/>
</kw>
<kw name="Set Variable" owner="BuiltIn">
<msg time="2024-07-20T18:20:23.165194" level="INFO">${name_country} = TR</msg>
<var>${name_country}</var>
<arg>${json_data["results"][0]["nat"]}</arg>
<doc>Returns the given values which can then be assigned to a variables.</doc>
<status status="PASS" start="2024-07-20T18:20:23.164822" elapsed="0.000397"/>
</kw>
<kw name="Create List" owner="BuiltIn">
<msg time="2024-07-20T18:20:23.166112" level="INFO">${list_country} = ['AD', 'AE', 'AF', 'AG', 'AI', 'AL', 'AM', 'AO', 'AQ', 'AR', 'AS', 'AT', 'AU', 'AW', 'AX', 'AZ', 'BA', 'BB', 'BD', 'BE', 'BF', 'BG', 'BH', 'BI', 'BJ', 'BL', 'BM', 'BN', 'BO', 'BQ', 'BR', 'BS', 'BT', '...</msg>
<var>${list_country}</var>
<arg>AD</arg>
<arg>AE</arg>
<arg>AF</arg>
<arg>AG</arg>
<arg>AI</arg>
<arg>AL</arg>
<arg>AM</arg>
<arg>AO</arg>
<arg>AQ</arg>
<arg>AR</arg>
<arg>AS</arg>
<arg>AT</arg>
<arg>AU</arg>
<arg>AW</arg>
<arg>AX</arg>
<arg>AZ</arg>
<arg>BA</arg>
<arg>BB</arg>
<arg>BD</arg>
<arg>BE</arg>
<arg>BF</arg>
<arg>BG</arg>
<arg>BH</arg>
<arg>BI</arg>
<arg>BJ</arg>
<arg>BL</arg>
<arg>BM</arg>
<arg>BN</arg>
<arg>BO</arg>
<arg>BQ</arg>
<arg>BR</arg>
<arg>BS</arg>
<arg>BT</arg>
<arg>BV</arg>
<arg>BW</arg>
<arg>BY</arg>
<arg>BZ</arg>
<arg>CA</arg>
<arg>CC</arg>
<arg>CD</arg>
<arg>CF</arg>
<arg>CG</arg>
<arg>CH</arg>
<arg>CI</arg>
<arg>CK</arg>
<arg>CL</arg>
<arg>CM</arg>
<arg>CN</arg>
<arg>CO</arg>
<arg>CR</arg>
<arg>CU</arg>
<arg>CV</arg>
<arg>CW</arg>
<arg>CX</arg>
<arg>CY</arg>
<arg>CZ</arg>
<arg>DE</arg>
<arg>DJ</arg>
<arg>DK</arg>
<arg>DM</arg>
<arg>DO</arg>
<arg>DZ</arg>
<arg>EC</arg>
<arg>EE</arg>
<arg>EG</arg>
<arg>EH</arg>
<arg>ER</arg>
<arg>ES</arg>
<arg>ET</arg>
<arg>FI</arg>
<arg>FJ</arg>
<arg>FK</arg>
<arg>FM</arg>
<arg>FO</arg>
<arg>FR</arg>
<arg>GA</arg>
<arg>GB</arg>
<arg>GD</arg>
<arg>GE</arg>
<arg>GF</arg>
<arg>GG</arg>
<arg>GH</arg>
<arg>GI</arg>
<arg>GL</arg>
<arg>GM</arg>
<arg>GN</arg>
<arg>GP</arg>
<arg>GQ</arg>
<arg>GR</arg>
<arg>GS</arg>
<arg>GT</arg>
<arg>GU</arg>
<arg>GW</arg>
<arg>GY</arg>
<arg>HK</arg>
<arg>HM</arg>
<arg>HN</arg>
<arg>HR</arg>
<arg>HT</arg>
<arg>HU</arg>
<arg>ID</arg>
<arg>IE</arg>
<arg>IL</arg>
<arg>IM</arg>
<arg>IN</arg>
<arg>IO</arg>
<arg>IQ</arg>
<arg>IR</arg>
<arg>IS</arg>
<arg>IT</arg>
<arg>JE</arg>
<arg>JM</arg>
<arg>JO</arg>
<arg>JP</arg>
<arg>KE</arg>
<arg>KG</arg>
<arg>KH</arg>
<arg>KI</arg>
<arg>KM</arg>
<arg>KN</arg>
<arg>KP</arg>
<arg>KR</arg>
<arg>KW</arg>
<arg>KY</arg>
<arg>KZ</arg>
<arg>LA</arg>
<arg>LB</arg>
<arg>LC</arg>
<arg>LI</arg>
<arg>LK</arg>
<arg>LR</arg>
<arg>LS</arg>
<arg>LT</arg>
<arg>LU</arg>
<arg>LV</arg>
<arg>LY</arg>
<arg>MA</arg>
<arg>MC</arg>
<arg>MD</arg>
<arg>ME</arg>
<arg>MF</arg>
<arg>MG</arg>
<arg>MH</arg>
<arg>MK</arg>
<arg>ML</arg>
<arg>MM</arg>
<arg>MN</arg>
<arg>MO</arg>
<arg>MP</arg>
<arg>MQ</arg>
<arg>MR</arg>
<arg>MS</arg>
<arg>MT</arg>
<arg>MU</arg>
<arg>MV</arg>
<arg>MW</arg>
<arg>MX</arg>
<arg>MY</arg>
<arg>MZ</arg>
<arg>NA</arg>
<arg>NC</arg>
<arg>NE</arg>
<arg>NF</arg>
<arg>NG</arg>
<arg>NI</arg>
<arg>NL</arg>
<arg>NO</arg>
<arg>NP</arg>
<arg>NR</arg>
<arg>NU</arg>
<arg>NZ</arg>
<arg>OM</arg>
<arg>PA</arg>
<arg>PE</arg>
<arg>PF</arg>
<arg>PG</arg>
<arg>PH</arg>
<arg>PK</arg>
<arg>PL</arg>
<arg>PM</arg>
<arg>PN</arg>
<arg>PR</arg>
<arg>PS</arg>
<arg>PT</arg>
<arg>PW</arg>
<arg>PY</arg>
<arg>QA</arg>
<arg>RE</arg>
<arg>RO</arg>
<arg>RS</arg>
<arg>RU</arg>
<arg>RW</arg>
<arg>SA</arg>
<arg>SB</arg>
<arg>SC</arg>
<arg>SD</arg>
<arg>SE</arg>
<arg>SG</arg>
<arg>SH</arg>
<arg>SI</arg>
<arg>SJ</arg>
<arg>SK</arg>
<arg>SL</arg>
<arg>SM</arg>
<arg>SN</arg>
<arg>SO</arg>
<arg>SR</arg>
<arg>SS</arg>
<arg>ST</arg>
<arg>SV</arg>
<arg>SX</arg>
<arg>SY</arg>
<arg>SZ</arg>
<arg>TC</arg>
<arg>TD</arg>
<arg>TF</arg>
<arg>TG</arg>
<arg>TH</arg>
<arg>TJ</arg>
<arg>TK</arg>
<arg>TL</arg>
<arg>TM</arg>
<arg>TN</arg>
<arg>TO</arg>
<arg>TR</arg>
<arg>TT</arg>
<arg>TV</arg>
<arg>TW</arg>
<arg>TZ</arg>
<arg>UA</arg>
<arg>UG</arg>
<arg>UM</arg>
<arg>US</arg>
<arg>UY</arg>
<arg>UZ</arg>
<arg>VA</arg>
<arg>VC</arg>
<arg>VE</arg>
<arg>VG</arg>
<arg>VI</arg>
<arg>VN</arg>
<arg>VU</arg>
<arg>WF</arg>
<arg>WS</arg>
<arg>XK</arg>
<arg>YE</arg>
<arg>YT</arg>
<arg>ZA</arg>
<arg>ZM</arg>
<arg>ZW</arg>
<doc>Returns a list containing given items.</doc>
<status status="PASS" start="2024-07-20T18:20:23.165519" elapsed="0.000618"/>
</kw>
<kw name="List Should Contain Value" owner="Collections">
<arg>${list_country}</arg>
<arg>${name_country}</arg>
<doc>Fails if the ``value`` is not found from ``list``.</doc>
<status status="PASS" start="2024-07-20T18:20:23.167103" elapsed="0.000209"/>
</kw>
<kw name="Run Keyword If" owner="BuiltIn">
<kw name="Should Be True" owner="BuiltIn">
<arg>${True}</arg>
<doc>Fails if the given condition is not true.</doc>
<status status="PASS" start="2024-07-20T18:20:23.168289" elapsed="0.000142"/>
</kw>
<arg>${json_data["results"][0]["location"]["coordinates"]["latitude"]} &gt;= -90 and ${json_data["results"][0]["location"]["coordinates"]["latitude"]} &lt;= 90</arg>
<arg>Should Be True</arg>
<arg>${True}</arg>
<doc>Runs the given keyword with the given arguments, if ``condition`` is true.</doc>
<status status="PASS" start="2024-07-20T18:20:23.167507" elapsed="0.001049"/>
</kw>
<kw name="Run Keyword If" owner="BuiltIn">
<kw name="Should Be True" owner="BuiltIn">
<arg>${True}</arg>
<doc>Fails if the given condition is not true.</doc>
<status status="PASS" start="2024-07-20T18:20:23.169430" elapsed="0.000134"/>
</kw>
<arg>${json_data["results"][0]["location"]["coordinates"]["longitude"]} &gt;= -180 and ${json_data["results"][0]["location"]["coordinates"]["longitude"]} &lt;= 180</arg>
<arg>Should Be True</arg>
<arg>${True}</arg>
<doc>Runs the given keyword with the given arguments, if ``condition`` is true.</doc>
<status status="PASS" start="2024-07-20T18:20:23.168737" elapsed="0.000948"/>
</kw>
<status status="PASS" start="2024-07-20T18:20:23.032100" elapsed="0.137714"/>
</kw>
<doc>Testa o conteúdo específico dos campos retornados pela API.</doc>
<tag>testeConteudo</tag>
<status status="PASS" start="2024-07-20T18:20:23.031615" elapsed="0.138348"/>
</test>
<status status="PASS" start="2024-07-20T18:20:21.790318" elapsed="1.381601"/>
</suite>
<status status="PASS" start="2024-07-20T18:20:21.775883" elapsed="1.401044"/>
</suite>
<statistics>
<total>
<stat pass="5" fail="0" skip="0">All Tests</stat>
</total>
<tag>
<stat pass="1" fail="0" skip="0">testeConteudo</stat>
<stat pass="1" fail="0" skip="0">testeEstruturaResposta</stat>
<stat pass="1" fail="0" skip="0">testeRequisicaoBasica</stat>
<stat pass="1" fail="0" skip="0">testeTiposDados</stat>
</tag>
<suite>
<stat pass="5" fail="0" skip="0" id="s1" name="Tests">Tests</stat>
<stat pass="5" fail="0" skip="0" id="s1-s1" name="Random-User-Test">Tests.Random-User-Test</stat>
</suite>
</statistics>
<errors>
</errors>
</robot>
