<?xml version="1.0" encoding="UTF-8"?>
<robot generator="Robot 7.0.1 (Python 3.12.4 on linux)" generated="2024-07-14T08:20:13.678682" rpa="false" schemaversion="5">
<suite id="s1" name="Tests" source="/home/runner/work/ApiRandomUser/ApiRandomUser/RamdonUser/tests">
<suite id="s1-s1" name="Random-User-Test" source="/home/runner/work/ApiRandomUser/ApiRandomUser/RamdonUser/tests/random-user-test.robot">
<test id="s1-s1-t1" name="Conectar" line="13">
<kw name="Conectar API" owner="random-user-service">
<kw name="Create Session" owner="RequestsLibrary">
<msg time="2024-07-14T08:20:14.067096" level="INFO">Creating Session using : alias=consultarAPI, url=https://randomuser.me/, headers={},                     cookies={}, auth=None, timeout=None, proxies=None, verify=False,                     debug=0 </msg>
<arg>consultarAPI</arg>
<arg>${URL}</arg>
<doc>Create Session: create a HTTP session to a server</doc>
<status status="PASS" start="2024-07-14T08:20:14.066866" elapsed="0.000422"/>
</kw>
<status status="PASS" start="2024-07-14T08:20:14.065811" elapsed="0.001856"/>
</kw>
<status status="PASS" start="2024-07-14T08:20:14.065144" elapsed="0.002721"/>
</test>
<test id="s1-s1-t2" name="Validar retorno 200 e JSON Válido" line="16">
<kw name="Teste de Requisicao Basica" owner="random-user-service">
<kw name="GET On Session" owner="RequestsLibrary">
<msg time="2024-07-14T08:20:14.143070" level="INFO">GET Request : url=https://randomuser.me/api 
 path_url=/api 
 headers={'User-Agent': 'python-requests/2.32.3', 'Accept-Encoding': 'gzip, deflate', 'Accept': '*/*', 'Connection': 'keep-alive'} 
 body=None 
 </msg>
<msg time="2024-07-14T08:20:14.143214" level="INFO">GET Response : url=https://randomuser.me/api 
 status=200, reason=OK 
 headers={'Date': 'Sun, 14 Jul 2024 08:20:14 GMT', 'Content-Type': 'application/json; charset=utf-8', 'Transfer-Encoding': 'chunked', 'Connection': 'keep-alive', 'X-Powered-By': 'Express', 'Access-Control-Allow-Origin': '*', 'Cache-Control': 'no-cache', 'ETag': 'W/"47b-ym1LCXEJMkF6XYHGng19K72T6yo"', 'Vary': 'Accept-Encoding', 'Content-Encoding': 'gzip', 'CF-Cache-Status': 'DYNAMIC', 'Report-To': '{"endpoints":[{"url":"https:\\/\\/a.nel.cloudflare.com\\/report\\/v4?s=0p3IBJT9tMpBKB1Juf%2FAZUCNWufgBBbZAPSSiy97VT7wmSYiytAizcBkI%2Bwo4%2FPnJ1h906eJlmdFYoYs9cQlfDGWaFfFMT8s9Byrbv6ZjyprNXesjZVsLsedq%2BaPdXPf"}],"group":"cf-nel","max_age":604800}', 'NEL': '{"success_fraction":0,"report_to":"cf-nel","max_age":604800}', 'Server': 'cloudflare', 'CF-RAY': '8a3017a42d181733-IAD', 'alt-svc': 'h3=":443"; ma=86400'} 
 body={"results":[{"gender":"male","name":{"title":"Mr","first":"José","last":"Sánchez"},"location":{"street":{"number":9916,"name":"Calle del Arenal"},"city":"Cuenca","state":"Comunidad de Madrid","country":"Spain","postcode":44948,"coordinates":{"latitude":"-35.4882","longitude":"-147.1287"},"timezone":{"offset":"-2:00","description":"Mid-Atlantic"}},"email":"jose.sanchez@example.com","login":{"uuid":"9d6fc386-8374-4911-a1ef-345f88f1eeff","username":"tinywolf315","password":"abstr","salt":"FmEqKfhA","md5":"aa9fac6cdb5f0e2d9a57d5bdae87a849","sha1":"3b93d3e7363a3954a3041da07be710a6f820f21b","sha256":"25afc3a7a7fe6389e4384bff8724853411687bd8e9d59853b187113172049c7b"},"dob":{"date":"1961-05-08T02:38:52.677Z","age":63},"registered":{"date":"2008-09-03T06:10:13.874Z","age":15},"phone":"955-908-999","cell":"676-557-651","id":{"name":"DNI","value":"05480749-G"},"picture":{"large":"https://randomuser.me/api/portraits/men/97.jpg","medium":"https://randomuser.me/api/portraits/med/men/97.jpg","thumbnail":"https://randomuser.me/api/portraits/thumb/men/97.jpg"},"nat":"ES"}],"info":{"seed":"68a7a2125d0d67ca","results":1,"page":1,"version":"1.4"}} 
 </msg>
<msg time="2024-07-14T08:20:14.143295" level="INFO">/opt/hostedtoolcache/Python/3.12.4/x64/lib/python3.12/site-packages/urllib3/connectionpool.py:1099: InsecureRequestWarning: Unverified HTTPS request is being made to host 'randomuser.me'. Adding certificate verification is strongly advised. See: https://urllib3.readthedocs.io/en/latest/advanced-usage.html#tls-warnings
  warnings.warn(</msg>
<msg time="2024-07-14T08:20:14.143450" level="INFO">${response} = &lt;Response [200]&gt;</msg>
<var>${response}</var>
<arg>consultarAPI</arg>
<arg>/api</arg>
<doc>Sends a GET request on a previously created HTTP Session.</doc>
<status status="PASS" start="2024-07-14T08:20:14.071009" elapsed="0.072489"/>
</kw>
<kw name="Should Be Equal As Numbers" owner="BuiltIn">
<msg time="2024-07-14T08:20:14.144461" level="INFO">Argument types are:
&lt;class 'int'&gt;
&lt;class 'str'&gt;</msg>
<arg>${response.status_code}</arg>
<arg>200</arg>
<doc>Fails if objects are unequal after converting them to real numbers.</doc>
<status status="PASS" start="2024-07-14T08:20:14.144002" elapsed="0.000524"/>
</kw>
<kw name="Log" owner="BuiltIn">
<msg time="2024-07-14T08:20:14.145235" level="INFO">200</msg>
<arg>${response.status_code}</arg>
<doc>Logs the given message with the given level.</doc>
<status status="PASS" start="2024-07-14T08:20:14.144868" elapsed="0.000409"/>
</kw>
<kw name="Set Variable" owner="BuiltIn">
<msg time="2024-07-14T08:20:14.146028" level="INFO">${json_data} = {'results': [{'gender': 'male', 'name': {'title': 'Mr', 'first': 'José', 'last': 'Sánchez'}, 'location': {'street': {'number': 9916, 'name': 'Calle del Arenal'}, 'city': 'Cuenca', 'state': 'Comunidad ...</msg>
<var>${json_data}</var>
<arg>${response.json()}</arg>
<doc>Returns the given values which can then be assigned to a variables.</doc>
<status status="PASS" start="2024-07-14T08:20:14.145588" elapsed="0.000469"/>
</kw>
<kw name="Dictionary Should Contain Key" owner="Collections">
<arg>${json_data}</arg>
<arg>results</arg>
<doc>Fails if ``key`` is not found from ``dictionary``.</doc>
<status status="PASS" start="2024-07-14T08:20:14.146360" elapsed="0.000168"/>
</kw>
<status status="PASS" start="2024-07-14T08:20:14.070708" elapsed="0.075969"/>
</kw>
<doc>Testa se a API responde corretamente e retorna um objeto JSON válido.</doc>
<tag>testeRequisicaoBasica</tag>
<status status="PASS" start="2024-07-14T08:20:14.070200" elapsed="0.076694"/>
</test>
<test id="s1-s1-t3" name="Validar estrutura de resposta" line="22">
<kw name="Teste de Estrutura de Resposta" owner="random-user-service">
<kw name="GET On Session" owner="RequestsLibrary">
<msg time="2024-07-14T08:20:14.252054" level="INFO">GET Request : url=https://randomuser.me/api 
 path_url=/api 
 headers={'User-Agent': 'python-requests/2.32.3', 'Accept-Encoding': 'gzip, deflate', 'Accept': '*/*', 'Connection': 'keep-alive'} 
 body=None 
 </msg>
<msg time="2024-07-14T08:20:14.252162" level="INFO">GET Response : url=https://randomuser.me/api 
 status=200, reason=OK 
 headers={'Date': 'Sun, 14 Jul 2024 08:20:14 GMT', 'Content-Type': 'application/json; charset=utf-8', 'Transfer-Encoding': 'chunked', 'Connection': 'keep-alive', 'X-Powered-By': 'Express', 'Access-Control-Allow-Origin': '*', 'Cache-Control': 'no-cache', 'ETag': 'W/"475-ybifYaU9H/w836QSKdhHH/3Bj80"', 'Vary': 'Accept-Encoding', 'Content-Encoding': 'gzip', 'CF-Cache-Status': 'DYNAMIC', 'Report-To': '{"endpoints":[{"url":"https:\\/\\/a.nel.cloudflare.com\\/report\\/v4?s=PGRiH7pJ8H9iDin4UkwNHU4jC8KNlIIz1OCqq9nAf8F6pxe4E8GWslbcgg1lFtEd9X8gpT%2B9sNq4udWcLogas4Rp24VyZgl52IfMVKXBlhaBwYBgYG7PNxlZ0M56vveq"}],"group":"cf-nel","max_age":604800}', 'NEL': '{"success_fraction":0,"report_to":"cf-nel","max_age":604800}', 'Server': 'cloudflare', 'CF-RAY': '8a3017a47d4d1733-IAD', 'alt-svc': 'h3=":443"; ma=86400'} 
 body={"results":[{"gender":"female","name":{"title":"Mrs","first":"Hannah","last":"Cooper"},"location":{"street":{"number":3112,"name":"West Coast Road"},"city":"Auckland","state":"Nelson","country":"New Zealand","postcode":76759,"coordinates":{"latitude":"52.7421","longitude":"33.6958"},"timezone":{"offset":"+3:30","description":"Tehran"}},"email":"hannah.cooper@example.com","login":{"uuid":"51894f07-b957-4802-ac25-0ab59593a9ce","username":"goldenbear685","password":"blueball","salt":"KwEGaj6X","md5":"1f22ac9dda0ca506dfa91b8e6267511f","sha1":"d4f73ab46c1551698a9a458a88e1810e9e296224","sha256":"66990c741443686ad321e841d30d2b9f8e7b9bd7d8f433ef0275b2074663ec45"},"dob":{"date":"1987-02-10T22:40:43.797Z","age":37},"registered":{"date":"2009-04-14T02:58:37.379Z","age":15},"phone":"(352)-667-9081","cell":"(535)-592-7906","id":{"name":"","value":null},"picture":{"large":"https://randomuser.me/api/portraits/women/55.jpg","medium":"https://randomuser.me/api/portraits/med/women/55.jpg","thumbnail":"https://randomuser.me/api/portraits/thumb/women/55.jpg"},"nat":"NZ"}],"info":{"seed":"f78410211584f3c3","results":1,"page":1,"version":"1.4"}} 
 </msg>
<msg time="2024-07-14T08:20:14.252301" level="INFO">/opt/hostedtoolcache/Python/3.12.4/x64/lib/python3.12/site-packages/urllib3/connectionpool.py:1099: InsecureRequestWarning: Unverified HTTPS request is being made to host 'randomuser.me'. Adding certificate verification is strongly advised. See: https://urllib3.readthedocs.io/en/latest/advanced-usage.html#tls-warnings
  warnings.warn(</msg>
<msg time="2024-07-14T08:20:14.252461" level="INFO">${response} = &lt;Response [200]&gt;</msg>
<var>${response}</var>
<arg>consultarAPI</arg>
<arg>/api</arg>
<doc>Sends a GET request on a previously created HTTP Session.</doc>
<status status="PASS" start="2024-07-14T08:20:14.149475" elapsed="0.103028"/>
</kw>
<kw name="Set Variable" owner="BuiltIn">
<msg time="2024-07-14T08:20:14.253568" level="INFO">${json_data} = {'results': [{'gender': 'female', 'name': {'title': 'Mrs', 'first': 'Hannah', 'last': 'Cooper'}, 'location': {'street': {'number': 3112, 'name': 'West Coast Road'}, 'city': 'Auckland', 'state': 'Nelso...</msg>
<var>${json_data}</var>
<arg>${response.json()}</arg>
<doc>Returns the given values which can then be assigned to a variables.</doc>
<status status="PASS" start="2024-07-14T08:20:14.253024" elapsed="0.000575"/>
</kw>
<kw name="Log" owner="BuiltIn">
<msg time="2024-07-14T08:20:14.254147" level="INFO">{'results': [{'gender': 'female', 'name': {'title': 'Mrs', 'first': 'Hannah', 'last': 'Cooper'}, 'location': {'street': {'number': 3112, 'name': 'West Coast Road'}, 'city': 'Auckland', 'state': 'Nelson', 'country': 'New Zealand', 'postcode': 76759, 'coordinates': {'latitude': '52.7421', 'longitude': '33.6958'}, 'timezone': {'offset': '+3:30', 'description': 'Tehran'}}, 'email': 'hannah.cooper@example.com', 'login': {'uuid': '51894f07-b957-4802-ac25-0ab59593a9ce', 'username': 'goldenbear685', 'password': 'blueball', 'salt': 'KwEGaj6X', 'md5': '1f22ac9dda0ca506dfa91b8e6267511f', 'sha1': 'd4f73ab46c1551698a9a458a88e1810e9e296224', 'sha256': '66990c741443686ad321e841d30d2b9f8e7b9bd7d8f433ef0275b2074663ec45'}, 'dob': {'date': '1987-02-10T22:40:43.797Z', 'age': 37}, 'registered': {'date': '2009-04-14T02:58:37.379Z', 'age': 15}, 'phone': '(352)-667-9081', 'cell': '(535)-592-7906', 'id': {'name': '', 'value': None}, 'picture': {'large': 'https://randomuser.me/api/portraits/women/55.jpg', 'medium': 'https://randomuser.me/api/portraits/med/women/55.jpg', 'thumbnail': 'https://randomuser.me/api/portraits/thumb/women/55.jpg'}, 'nat': 'NZ'}], 'info': {'seed': 'f78410211584f3c3', 'results': 1, 'page': 1, 'version': '1.4'}}</msg>
<arg>${json_data}</arg>
<doc>Logs the given message with the given level.</doc>
<status status="PASS" start="2024-07-14T08:20:14.253965" elapsed="0.000234"/>
</kw>
<kw name="Dictionary Should Contain Key" owner="Collections">
<arg>${json_data}</arg>
<arg>results</arg>
<doc>Fails if ``key`` is not found from ``dictionary``.</doc>
<status status="PASS" start="2024-07-14T08:20:14.254516" elapsed="0.000177"/>
</kw>
<kw name="Should Not Be Empty" owner="BuiltIn">
<msg time="2024-07-14T08:20:14.255085" level="INFO">Length is 2.</msg>
<arg>${json_data}</arg>
<doc>Verifies that the given item is not empty.</doc>
<status status="PASS" start="2024-07-14T08:20:14.254937" elapsed="0.000190"/>
</kw>
<kw name="Create List" owner="BuiltIn">
<msg time="2024-07-14T08:20:14.255589" level="INFO">${expected_keys} = ['gender', 'name', 'location', 'email', 'login']</msg>
<var>${expected_keys}</var>
<arg>gender</arg>
<arg>name</arg>
<arg>location</arg>
<arg>email</arg>
<arg>login</arg>
<doc>Returns a list containing given items.</doc>
<status status="PASS" start="2024-07-14T08:20:14.255436" elapsed="0.000178"/>
</kw>
<for flavor="IN">
<iter>
<kw name="Dictionary Should Contain Key" owner="Collections">
<arg>${json_data['results'][0]}</arg>
<arg>${key}</arg>
<doc>Fails if ``key`` is not found from ``dictionary``.</doc>
<status status="PASS" start="2024-07-14T08:20:14.256395" elapsed="0.000553"/>
</kw>
<kw name="Log" owner="BuiltIn">
<msg time="2024-07-14T08:20:14.257627" level="INFO">{'gender': 'female', 'name': {'title': 'Mrs', 'first': 'Hannah', 'last': 'Cooper'}, 'location': {'street': {'number': 3112, 'name': 'West Coast Road'}, 'city': 'Auckland', 'state': 'Nelson', 'country': 'New Zealand', 'postcode': 76759, 'coordinates': {'latitude': '52.7421', 'longitude': '33.6958'}, 'timezone': {'offset': '+3:30', 'description': 'Tehran'}}, 'email': 'hannah.cooper@example.com', 'login': {'uuid': '51894f07-b957-4802-ac25-0ab59593a9ce', 'username': 'goldenbear685', 'password': 'blueball', 'salt': 'KwEGaj6X', 'md5': '1f22ac9dda0ca506dfa91b8e6267511f', 'sha1': 'd4f73ab46c1551698a9a458a88e1810e9e296224', 'sha256': '66990c741443686ad321e841d30d2b9f8e7b9bd7d8f433ef0275b2074663ec45'}, 'dob': {'date': '1987-02-10T22:40:43.797Z', 'age': 37}, 'registered': {'date': '2009-04-14T02:58:37.379Z', 'age': 15}, 'phone': '(352)-667-9081', 'cell': '(535)-592-7906', 'id': {'name': '', 'value': None}, 'picture': {'large': 'https://randomuser.me/api/portraits/women/55.jpg', 'medium': 'https://randomuser.me/api/portraits/med/women/55.jpg', 'thumbnail': 'https://randomuser.me/api/portraits/thumb/women/55.jpg'}, 'nat': 'NZ'}</msg>
<arg>${json_data['results'][0]}</arg>
<doc>Logs the given message with the given level.</doc>
<status status="PASS" start="2024-07-14T08:20:14.257235" elapsed="0.000443"/>
</kw>
<kw name="Log" owner="BuiltIn">
<msg time="2024-07-14T08:20:14.258116" level="INFO">gender</msg>
<arg>${key}</arg>
<doc>Logs the given message with the given level.</doc>
<status status="PASS" start="2024-07-14T08:20:14.257985" elapsed="0.000168"/>
</kw>
<var name="${key}">gender</var>
<status status="PASS" start="2024-07-14T08:20:14.256265" elapsed="0.002105"/>
</iter>
<iter>
<kw name="Dictionary Should Contain Key" owner="Collections">
<arg>${json_data['results'][0]}</arg>
<arg>${key}</arg>
<doc>Fails if ``key`` is not found from ``dictionary``.</doc>
<status status="PASS" start="2024-07-14T08:20:14.258762" elapsed="0.000646"/>
</kw>
<kw name="Log" owner="BuiltIn">
<msg time="2024-07-14T08:20:14.260335" level="INFO">{'gender': 'female', 'name': {'title': 'Mrs', 'first': 'Hannah', 'last': 'Cooper'}, 'location': {'street': {'number': 3112, 'name': 'West Coast Road'}, 'city': 'Auckland', 'state': 'Nelson', 'country': 'New Zealand', 'postcode': 76759, 'coordinates': {'latitude': '52.7421', 'longitude': '33.6958'}, 'timezone': {'offset': '+3:30', 'description': 'Tehran'}}, 'email': 'hannah.cooper@example.com', 'login': {'uuid': '51894f07-b957-4802-ac25-0ab59593a9ce', 'username': 'goldenbear685', 'password': 'blueball', 'salt': 'KwEGaj6X', 'md5': '1f22ac9dda0ca506dfa91b8e6267511f', 'sha1': 'd4f73ab46c1551698a9a458a88e1810e9e296224', 'sha256': '66990c741443686ad321e841d30d2b9f8e7b9bd7d8f433ef0275b2074663ec45'}, 'dob': {'date': '1987-02-10T22:40:43.797Z', 'age': 37}, 'registered': {'date': '2009-04-14T02:58:37.379Z', 'age': 15}, 'phone': '(352)-667-9081', 'cell': '(535)-592-7906', 'id': {'name': '', 'value': None}, 'picture': {'large': 'https://randomuser.me/api/portraits/women/55.jpg', 'medium': 'https://randomuser.me/api/portraits/med/women/55.jpg', 'thumbnail': 'https://randomuser.me/api/portraits/thumb/women/55.jpg'}, 'nat': 'NZ'}</msg>
<arg>${json_data['results'][0]}</arg>
<doc>Logs the given message with the given level.</doc>
<status status="PASS" start="2024-07-14T08:20:14.259727" elapsed="0.000740"/>
</kw>
<kw name="Log" owner="BuiltIn">
<msg time="2024-07-14T08:20:14.261152" level="INFO">name</msg>
<arg>${key}</arg>
<doc>Logs the given message with the given level.</doc>
<status status="PASS" start="2024-07-14T08:20:14.260942" elapsed="0.000275"/>
</kw>
<var name="${key}">name</var>
<status status="PASS" start="2024-07-14T08:20:14.258590" elapsed="0.002986"/>
</iter>
<iter>
<kw name="Dictionary Should Contain Key" owner="Collections">
<arg>${json_data['results'][0]}</arg>
<arg>${key}</arg>
<doc>Fails if ``key`` is not found from ``dictionary``.</doc>
<status status="PASS" start="2024-07-14T08:20:14.262060" elapsed="0.000613"/>
</kw>
<kw name="Log" owner="BuiltIn">
<msg time="2024-07-14T08:20:14.263373" level="INFO">{'gender': 'female', 'name': {'title': 'Mrs', 'first': 'Hannah', 'last': 'Cooper'}, 'location': {'street': {'number': 3112, 'name': 'West Coast Road'}, 'city': 'Auckland', 'state': 'Nelson', 'country': 'New Zealand', 'postcode': 76759, 'coordinates': {'latitude': '52.7421', 'longitude': '33.6958'}, 'timezone': {'offset': '+3:30', 'description': 'Tehran'}}, 'email': 'hannah.cooper@example.com', 'login': {'uuid': '51894f07-b957-4802-ac25-0ab59593a9ce', 'username': 'goldenbear685', 'password': 'blueball', 'salt': 'KwEGaj6X', 'md5': '1f22ac9dda0ca506dfa91b8e6267511f', 'sha1': 'd4f73ab46c1551698a9a458a88e1810e9e296224', 'sha256': '66990c741443686ad321e841d30d2b9f8e7b9bd7d8f433ef0275b2074663ec45'}, 'dob': {'date': '1987-02-10T22:40:43.797Z', 'age': 37}, 'registered': {'date': '2009-04-14T02:58:37.379Z', 'age': 15}, 'phone': '(352)-667-9081', 'cell': '(535)-592-7906', 'id': {'name': '', 'value': None}, 'picture': {'large': 'https://randomuser.me/api/portraits/women/55.jpg', 'medium': 'https://randomuser.me/api/portraits/med/women/55.jpg', 'thumbnail': 'https://randomuser.me/api/portraits/thumb/women/55.jpg'}, 'nat': 'NZ'}</msg>
<arg>${json_data['results'][0]}</arg>
<doc>Logs the given message with the given level.</doc>
<status status="PASS" start="2024-07-14T08:20:14.262997" elapsed="0.000428"/>
</kw>
<kw name="Log" owner="BuiltIn">
<msg time="2024-07-14T08:20:14.263869" level="INFO">location</msg>
<arg>${key}</arg>
<doc>Logs the given message with the given level.</doc>
<status status="PASS" start="2024-07-14T08:20:14.263737" elapsed="0.000170"/>
</kw>
<var name="${key}">location</var>
<status status="PASS" start="2024-07-14T08:20:14.261878" elapsed="0.002248"/>
</iter>
<iter>
<kw name="Dictionary Should Contain Key" owner="Collections">
<arg>${json_data['results'][0]}</arg>
<arg>${key}</arg>
<doc>Fails if ``key`` is not found from ``dictionary``.</doc>
<status status="PASS" start="2024-07-14T08:20:14.264412" elapsed="0.000396"/>
</kw>
<kw name="Log" owner="BuiltIn">
<msg time="2024-07-14T08:20:14.265349" level="INFO">{'gender': 'female', 'name': {'title': 'Mrs', 'first': 'Hannah', 'last': 'Cooper'}, 'location': {'street': {'number': 3112, 'name': 'West Coast Road'}, 'city': 'Auckland', 'state': 'Nelson', 'country': 'New Zealand', 'postcode': 76759, 'coordinates': {'latitude': '52.7421', 'longitude': '33.6958'}, 'timezone': {'offset': '+3:30', 'description': 'Tehran'}}, 'email': 'hannah.cooper@example.com', 'login': {'uuid': '51894f07-b957-4802-ac25-0ab59593a9ce', 'username': 'goldenbear685', 'password': 'blueball', 'salt': 'KwEGaj6X', 'md5': '1f22ac9dda0ca506dfa91b8e6267511f', 'sha1': 'd4f73ab46c1551698a9a458a88e1810e9e296224', 'sha256': '66990c741443686ad321e841d30d2b9f8e7b9bd7d8f433ef0275b2074663ec45'}, 'dob': {'date': '1987-02-10T22:40:43.797Z', 'age': 37}, 'registered': {'date': '2009-04-14T02:58:37.379Z', 'age': 15}, 'phone': '(352)-667-9081', 'cell': '(535)-592-7906', 'id': {'name': '', 'value': None}, 'picture': {'large': 'https://randomuser.me/api/portraits/women/55.jpg', 'medium': 'https://randomuser.me/api/portraits/med/women/55.jpg', 'thumbnail': 'https://randomuser.me/api/portraits/thumb/women/55.jpg'}, 'nat': 'NZ'}</msg>
<arg>${json_data['results'][0]}</arg>
<doc>Logs the given message with the given level.</doc>
<status status="PASS" start="2024-07-14T08:20:14.264995" elapsed="0.000404"/>
</kw>
<kw name="Log" owner="BuiltIn">
<msg time="2024-07-14T08:20:14.265825" level="INFO">email</msg>
<arg>${key}</arg>
<doc>Logs the given message with the given level.</doc>
<status status="PASS" start="2024-07-14T08:20:14.265697" elapsed="0.000166"/>
</kw>
<var name="${key}">email</var>
<status status="PASS" start="2024-07-14T08:20:14.264302" elapsed="0.001777"/>
</iter>
<iter>
<kw name="Dictionary Should Contain Key" owner="Collections">
<arg>${json_data['results'][0]}</arg>
<arg>${key}</arg>
<doc>Fails if ``key`` is not found from ``dictionary``.</doc>
<status status="PASS" start="2024-07-14T08:20:14.266364" elapsed="0.000396"/>
</kw>
<kw name="Log" owner="BuiltIn">
<msg time="2024-07-14T08:20:14.267342" level="INFO">{'gender': 'female', 'name': {'title': 'Mrs', 'first': 'Hannah', 'last': 'Cooper'}, 'location': {'street': {'number': 3112, 'name': 'West Coast Road'}, 'city': 'Auckland', 'state': 'Nelson', 'country': 'New Zealand', 'postcode': 76759, 'coordinates': {'latitude': '52.7421', 'longitude': '33.6958'}, 'timezone': {'offset': '+3:30', 'description': 'Tehran'}}, 'email': 'hannah.cooper@example.com', 'login': {'uuid': '51894f07-b957-4802-ac25-0ab59593a9ce', 'username': 'goldenbear685', 'password': 'blueball', 'salt': 'KwEGaj6X', 'md5': '1f22ac9dda0ca506dfa91b8e6267511f', 'sha1': 'd4f73ab46c1551698a9a458a88e1810e9e296224', 'sha256': '66990c741443686ad321e841d30d2b9f8e7b9bd7d8f433ef0275b2074663ec45'}, 'dob': {'date': '1987-02-10T22:40:43.797Z', 'age': 37}, 'registered': {'date': '2009-04-14T02:58:37.379Z', 'age': 15}, 'phone': '(352)-667-9081', 'cell': '(535)-592-7906', 'id': {'name': '', 'value': None}, 'picture': {'large': 'https://randomuser.me/api/portraits/women/55.jpg', 'medium': 'https://randomuser.me/api/portraits/med/women/55.jpg', 'thumbnail': 'https://randomuser.me/api/portraits/thumb/women/55.jpg'}, 'nat': 'NZ'}</msg>
<arg>${json_data['results'][0]}</arg>
<doc>Logs the given message with the given level.</doc>
<status status="PASS" start="2024-07-14T08:20:14.266982" elapsed="0.000410"/>
</kw>
<kw name="Log" owner="BuiltIn">
<msg time="2024-07-14T08:20:14.267814" level="INFO">login</msg>
<arg>${key}</arg>
<doc>Logs the given message with the given level.</doc>
<status status="PASS" start="2024-07-14T08:20:14.267688" elapsed="0.000165"/>
</kw>
<var name="${key}">login</var>
<status status="PASS" start="2024-07-14T08:20:14.266250" elapsed="0.001824"/>
</iter>
<var>${key}</var>
<value>@{expected_keys}</value>
<status status="PASS" start="2024-07-14T08:20:14.256057" elapsed="0.012137"/>
</for>
<kw name="Create List" owner="BuiltIn">
<msg time="2024-07-14T08:20:14.268523" level="INFO">${expected_keysTwo} = ['username', 'password']</msg>
<var>${expected_keysTwo}</var>
<arg>username</arg>
<arg>password</arg>
<doc>Returns a list containing given items.</doc>
<status status="PASS" start="2024-07-14T08:20:14.268387" elapsed="0.000160"/>
</kw>
<for flavor="IN">
<iter>
<kw name="Dictionary Should Contain Key" owner="Collections">
<arg>${json_data['results'][0]['login']}</arg>
<arg>${keyTwo}</arg>
<doc>Fails if ``key`` is not found from ``dictionary``.</doc>
<status status="PASS" start="2024-07-14T08:20:14.269078" elapsed="0.000389"/>
</kw>
<kw name="Dictionary Should Contain Key" owner="Collections">
<arg>${json_data['results'][0]['login']}</arg>
<arg>${keyTwo}</arg>
<doc>Fails if ``key`` is not found from ``dictionary``.</doc>
<status status="PASS" start="2024-07-14T08:20:14.269672" elapsed="0.000396"/>
</kw>
<kw name="Log" owner="BuiltIn">
<msg time="2024-07-14T08:20:14.270383" level="INFO">username</msg>
<arg>${keyTwo}</arg>
<doc>Logs the given message with the given level.</doc>
<status status="PASS" start="2024-07-14T08:20:14.270259" elapsed="0.000162"/>
</kw>
<var name="${keyTwo}">username</var>
<status status="PASS" start="2024-07-14T08:20:14.268968" elapsed="0.001682"/>
</iter>
<iter>
<kw name="Dictionary Should Contain Key" owner="Collections">
<arg>${json_data['results'][0]['login']}</arg>
<arg>${keyTwo}</arg>
<doc>Fails if ``key`` is not found from ``dictionary``.</doc>
<status status="PASS" start="2024-07-14T08:20:14.270971" elapsed="0.000385"/>
</kw>
<kw name="Dictionary Should Contain Key" owner="Collections">
<arg>${json_data['results'][0]['login']}</arg>
<arg>${keyTwo}</arg>
<doc>Fails if ``key`` is not found from ``dictionary``.</doc>
<status status="PASS" start="2024-07-14T08:20:14.271536" elapsed="0.000373"/>
</kw>
<kw name="Log" owner="BuiltIn">
<msg time="2024-07-14T08:20:14.272207" level="INFO">password</msg>
<arg>${keyTwo}</arg>
<doc>Logs the given message with the given level.</doc>
<status status="PASS" start="2024-07-14T08:20:14.272088" elapsed="0.000161"/>
</kw>
<var name="${keyTwo}">password</var>
<status status="PASS" start="2024-07-14T08:20:14.270858" elapsed="0.001613"/>
</iter>
<var>${keyTwo}</var>
<value>@{expected_keysTwo}</value>
<status status="PASS" start="2024-07-14T08:20:14.268808" elapsed="0.003782"/>
</for>
<status status="PASS" start="2024-07-14T08:20:14.149240" elapsed="0.123492"/>
</kw>
<doc>Testa a estrutura da resposta da API.</doc>
<tag>testeEstruturaResposta</tag>
<status status="PASS" start="2024-07-14T08:20:14.148727" elapsed="0.124162"/>
</test>
<test id="s1-s1-t4" name="Validar tipos de dados" line="28">
<kw name="Teste de Tipos de Dados" owner="random-user-service">
<kw name="GET On Session" owner="RequestsLibrary">
<msg time="2024-07-14T08:20:14.338897" level="INFO">GET Request : url=https://randomuser.me/api 
 path_url=/api 
 headers={'User-Agent': 'python-requests/2.32.3', 'Accept-Encoding': 'gzip, deflate', 'Accept': '*/*', 'Connection': 'keep-alive'} 
 body=None 
 </msg>
<msg time="2024-07-14T08:20:14.339006" level="INFO">GET Response : url=https://randomuser.me/api 
 status=200, reason=OK 
 headers={'Date': 'Sun, 14 Jul 2024 08:20:14 GMT', 'Content-Type': 'application/json; charset=utf-8', 'Transfer-Encoding': 'chunked', 'Connection': 'keep-alive', 'X-Powered-By': 'Express', 'Access-Control-Allow-Origin': '*', 'Cache-Control': 'no-cache', 'ETag': 'W/"4a7-PRBb/vmvI9h2SzD6NPHNRORF1hQ"', 'Vary': 'Accept-Encoding', 'Content-Encoding': 'gzip', 'CF-Cache-Status': 'DYNAMIC', 'Report-To': '{"endpoints":[{"url":"https:\\/\\/a.nel.cloudflare.com\\/report\\/v4?s=XnvVGP7ueA7xZ9GGX%2Fgb4Nz%2F2pWvevrCSXHHNkmuzpZHh6%2FOwTf9YQmSSWQ7pzS%2F9RvpOB7NIr6qbxXn8ru5SKBDn9VnDiddRnmAXCoNc94YAPXCMYSreUIu62jHxkB8"}],"group":"cf-nel","max_age":604800}', 'NEL': '{"success_fraction":0,"report_to":"cf-nel","max_age":604800}', 'Server': 'cloudflare', 'CF-RAY': '8a3017a53dd31733-IAD', 'alt-svc': 'h3=":443"; ma=86400'} 
 body={"results":[{"gender":"male","name":{"title":"Mr","first":"Gaspar","last":"da Rocha"},"location":{"street":{"number":287,"name":"Beco dos Namorados"},"city":"Blumenau","state":"Rio Grande do Sul","country":"Brazil","postcode":86667,"coordinates":{"latitude":"-76.7746","longitude":"-12.7339"},"timezone":{"offset":"-5:00","description":"Eastern Time (US &amp; Canada), Bogota, Lima"}},"email":"gaspar.darocha@example.com","login":{"uuid":"654012cd-ffb5-41f0-a192-5c997eed9af8","username":"organiccat434","password":"bambi","salt":"80Tue0aP","md5":"81a381a9a2bd3530b9c1edefe556accd","sha1":"5f96493c8aeb7d0434fa21612188d67b83dcba80","sha256":"97d473eb19c78d74a99652909fdc5fd031691405841f321926e79f440504faef"},"dob":{"date":"1988-02-04T23:00:36.491Z","age":36},"registered":{"date":"2013-09-18T13:10:50.813Z","age":10},"phone":"(49) 9856-9574","cell":"(99) 5541-7314","id":{"name":"CPF","value":"287.679.016-49"},"picture":{"large":"https://randomuser.me/api/portraits/men/58.jpg","medium":"https://randomuser.me/api/portraits/med/men/58.jpg","thumbnail":"https://randomuser.me/api/portraits/thumb/men/58.jpg"},"nat":"BR"}],"info":{"seed":"3834e0d2601f1339","results":1,"page":1,"version":"1.4"}} 
 </msg>
<msg time="2024-07-14T08:20:14.339096" level="INFO">/opt/hostedtoolcache/Python/3.12.4/x64/lib/python3.12/site-packages/urllib3/connectionpool.py:1099: InsecureRequestWarning: Unverified HTTPS request is being made to host 'randomuser.me'. Adding certificate verification is strongly advised. See: https://urllib3.readthedocs.io/en/latest/advanced-usage.html#tls-warnings
  warnings.warn(</msg>
<msg time="2024-07-14T08:20:14.339253" level="INFO">${response} = &lt;Response [200]&gt;</msg>
<var>${response}</var>
<arg>consultarAPI</arg>
<arg>/api</arg>
<doc>Sends a GET request on a previously created HTTP Session.</doc>
<status status="PASS" start="2024-07-14T08:20:14.275452" elapsed="0.063845"/>
</kw>
<kw name="Set Variable" owner="BuiltIn">
<msg time="2024-07-14T08:20:14.340347" level="INFO">${json_data} = {'results': [{'gender': 'male', 'name': {'title': 'Mr', 'first': 'Gaspar', 'last': 'da Rocha'}, 'location': {'street': {'number': 287, 'name': 'Beco dos Namorados'}, 'city': 'Blumenau', 'state': 'Rio ...</msg>
<var>${json_data}</var>
<arg>${response.json()}</arg>
<doc>Returns the given values which can then be assigned to a variables.</doc>
<status status="PASS" start="2024-07-14T08:20:14.339812" elapsed="0.000564"/>
</kw>
<kw name="Log" owner="BuiltIn">
<msg time="2024-07-14T08:20:14.340889" level="INFO">{'results': [{'gender': 'male', 'name': {'title': 'Mr', 'first': 'Gaspar', 'last': 'da Rocha'}, 'location': {'street': {'number': 287, 'name': 'Beco dos Namorados'}, 'city': 'Blumenau', 'state': 'Rio Grande do Sul', 'country': 'Brazil', 'postcode': 86667, 'coordinates': {'latitude': '-76.7746', 'longitude': '-12.7339'}, 'timezone': {'offset': '-5:00', 'description': 'Eastern Time (US &amp; Canada), Bogota, Lima'}}, 'email': 'gaspar.darocha@example.com', 'login': {'uuid': '654012cd-ffb5-41f0-a192-5c997eed9af8', 'username': 'organiccat434', 'password': 'bambi', 'salt': '80Tue0aP', 'md5': '81a381a9a2bd3530b9c1edefe556accd', 'sha1': '5f96493c8aeb7d0434fa21612188d67b83dcba80', 'sha256': '97d473eb19c78d74a99652909fdc5fd031691405841f321926e79f440504faef'}, 'dob': {'date': '1988-02-04T23:00:36.491Z', 'age': 36}, 'registered': {'date': '2013-09-18T13:10:50.813Z', 'age': 10}, 'phone': '(49) 9856-9574', 'cell': '(99) 5541-7314', 'id': {'name': 'CPF', 'value': '287.679.016-49'}, 'picture': {'large': 'https://randomuser.me/api/portraits/men/58.jpg', 'medium': 'https://randomuser.me/api/portraits/med/men/58.jpg', 'thumbnail': 'https://randomuser.me/api/portraits/thumb/men/58.jpg'}, 'nat': 'BR'}], 'info': {'seed': '3834e0d2601f1339', 'results': 1, 'page': 1, 'version': '1.4'}}</msg>
<arg>${json_data}</arg>
<doc>Logs the given message with the given level.</doc>
<status status="PASS" start="2024-07-14T08:20:14.340725" elapsed="0.000225"/>
</kw>
<kw name="Should Be String" owner="String">
<arg>${json_data['results'][0]['gender']}</arg>
<doc>Fails if the given ``item`` is not a string.</doc>
<status status="PASS" start="2024-07-14T08:20:14.341252" elapsed="0.000384"/>
</kw>
<kw name="Should Match Regexp" owner="BuiltIn">
<arg>${json_data['results'][0]['email']}</arg>
<arg>^[a-zA-Z0-9._%+-]+@[a-zA-Z0-9.-]+\.[a-zA-Z]{2,}$</arg>
<doc>Fails if ``string`` does not match ``pattern`` as a regular expression.</doc>
<status status="PASS" start="2024-07-14T08:20:14.341830" elapsed="0.000514"/>
</kw>
<kw name="Should Match Regexp" owner="BuiltIn">
<arg>${json_data['results'][0]['dob']['date']}</arg>
<arg>\\d{4}-\\d{2}-\\d{2}T\\d{2}:\\d{2}:\\d{2}\\.\\d{3}Z</arg>
<doc>Fails if ``string`` does not match ``pattern`` as a regular expression.</doc>
<status status="PASS" start="2024-07-14T08:20:14.342575" elapsed="0.000547"/>
</kw>
<kw name="Should Match Regexp" owner="BuiltIn">
<arg>${json_data['results'][0]['registered']['date']}</arg>
<arg>\\d{4}-\\d{2}-\\d{2}T\\d{2}:\\d{2}:\\d{2}\\.\\d{3}Z</arg>
<doc>Fails if ``string`` does not match ``pattern`` as a regular expression.</doc>
<status status="PASS" start="2024-07-14T08:20:14.343316" elapsed="0.000375"/>
</kw>
<kw name="Should Match Regexp" owner="BuiltIn">
<arg>${json_data['results'][0]['picture']['large']}</arg>
<arg>^https?://.*\.(?:png|jpe?g|gif|bmp)$</arg>
<doc>Fails if ``string`` does not match ``pattern`` as a regular expression.</doc>
<status status="PASS" start="2024-07-14T08:20:14.343876" elapsed="0.000457"/>
</kw>
<kw name="Should Match Regexp" owner="BuiltIn">
<arg>${json_data['results'][0]['picture']['medium']}</arg>
<arg>^https?://.*\.(?:png|jpe?g|gif|bmp)$</arg>
<doc>Fails if ``string`` does not match ``pattern`` as a regular expression.</doc>
<status status="PASS" start="2024-07-14T08:20:14.344521" elapsed="0.000348"/>
</kw>
<kw name="Should Match Regexp" owner="BuiltIn">
<arg>${json_data['results'][0]['picture']['thumbnail']}</arg>
<arg>^https?://.*\.(?:png|jpe?g|gif|bmp)$</arg>
<doc>Fails if ``string`` does not match ``pattern`` as a regular expression.</doc>
<status status="PASS" start="2024-07-14T08:20:14.345052" elapsed="0.000348"/>
</kw>
<kw name="Log" owner="BuiltIn">
<msg time="2024-07-14T08:20:14.345916" level="INFO">{'large': 'https://randomuser.me/api/portraits/men/58.jpg', 'medium': 'https://randomuser.me/api/portraits/med/men/58.jpg', 'thumbnail': 'https://randomuser.me/api/portraits/thumb/men/58.jpg'}</msg>
<arg>${json_data['results'][0]['picture']}</arg>
<doc>Logs the given message with the given level.</doc>
<status status="PASS" start="2024-07-14T08:20:14.345586" elapsed="0.000373"/>
</kw>
<status status="PASS" start="2024-07-14T08:20:14.275222" elapsed="0.071000"/>
</kw>
<kw name="Teste de Tipos de Dados - Postcode" owner="random-user-service">
<kw name="GET On Session" owner="RequestsLibrary">
<msg time="2024-07-14T08:20:14.451896" level="INFO">GET Request : url=https://randomuser.me/api 
 path_url=/api 
 headers={'User-Agent': 'python-requests/2.32.3', 'Accept-Encoding': 'gzip, deflate', 'Accept': '*/*', 'Connection': 'keep-alive'} 
 body=None 
 </msg>
<msg time="2024-07-14T08:20:14.451999" level="INFO">GET Response : url=https://randomuser.me/api 
 status=200, reason=OK 
 headers={'Date': 'Sun, 14 Jul 2024 08:20:14 GMT', 'Content-Type': 'application/json; charset=utf-8', 'Transfer-Encoding': 'chunked', 'Connection': 'keep-alive', 'X-Powered-By': 'Express', 'Access-Control-Allow-Origin': '*', 'Cache-Control': 'no-cache', 'ETag': 'W/"47f-5kURIHQJQZfQ3hTSqt2vtzLaAbg"', 'Vary': 'Accept-Encoding', 'Content-Encoding': 'gzip', 'CF-Cache-Status': 'DYNAMIC', 'Report-To': '{"endpoints":[{"url":"https:\\/\\/a.nel.cloudflare.com\\/report\\/v4?s=0VVN69ltjFogpsSOoXyvz7tgTnYJL5WNAlhlOmrcOdQ4%2B%2BfmXaWxLUbIylmb0cM2O6A0D9Z%2Fs7V3m%2BhSV2a3FlbEfy%2FRdBVSQgyjucqSa%2FlQY6t7btuoiSodKWvXEKKq"}],"group":"cf-nel","max_age":604800}', 'NEL': '{"success_fraction":0,"report_to":"cf-nel","max_age":604800}', 'Server': 'cloudflare', 'CF-RAY': '8a3017a5be1b1733-IAD', 'alt-svc': 'h3=":443"; ma=86400'} 
 body={"results":[{"gender":"male","name":{"title":"Mr","first":"Milan","last":"Gerard"},"location":{"street":{"number":3740,"name":"Rue de L'Abbaye"},"city":"Amiens","state":"Martinique","country":"France","postcode":90450,"coordinates":{"latitude":"-15.3106","longitude":"-21.9066"},"timezone":{"offset":"+3:30","description":"Tehran"}},"email":"milan.gerard@example.com","login":{"uuid":"a69580ae-1cdd-4ecb-a519-2109c9ab1b2f","username":"beautifulmeercat250","password":"enjoy","salt":"gV1Z6VSk","md5":"dffc66b95d6fdb29946eca8932f2b06e","sha1":"54623a10f61619857e4925363ce9ad0b32bf68e6","sha256":"4c84ff61f5bab86c539db2d5e6401b9fde774f58997b2c73ed43d2a80b9d5e1c"},"dob":{"date":"1951-06-10T02:46:58.769Z","age":73},"registered":{"date":"2003-01-11T03:17:36.311Z","age":21},"phone":"05-66-71-71-96","cell":"06-50-73-85-97","id":{"name":"INSEE","value":"1510553436362 21"},"picture":{"large":"https://randomuser.me/api/portraits/men/56.jpg","medium":"https://randomuser.me/api/portraits/med/men/56.jpg","thumbnail":"https://randomuser.me/api/portraits/thumb/men/56.jpg"},"nat":"FR"}],"info":{"seed":"2ac6a3566fe877cd","results":1,"page":1,"version":"1.4"}} 
 </msg>
<msg time="2024-07-14T08:20:14.452074" level="INFO">/opt/hostedtoolcache/Python/3.12.4/x64/lib/python3.12/site-packages/urllib3/connectionpool.py:1099: InsecureRequestWarning: Unverified HTTPS request is being made to host 'randomuser.me'. Adding certificate verification is strongly advised. See: https://urllib3.readthedocs.io/en/latest/advanced-usage.html#tls-warnings
  warnings.warn(</msg>
<msg time="2024-07-14T08:20:14.452229" level="INFO">${response} = &lt;Response [200]&gt;</msg>
<var>${response}</var>
<arg>consultarAPI</arg>
<arg>/api</arg>
<doc>Sends a GET request on a previously created HTTP Session.</doc>
<status status="PASS" start="2024-07-14T08:20:14.346688" elapsed="0.105575"/>
</kw>
<kw name="Set Variable" owner="BuiltIn">
<msg time="2024-07-14T08:20:14.453297" level="INFO">${json_data} = {'results': [{'gender': 'male', 'name': {'title': 'Mr', 'first': 'Milan', 'last': 'Gerard'}, 'location': {'street': {'number': 3740, 'name': "Rue de L'Abbaye"}, 'city': 'Amiens', 'state': 'Martinique'...</msg>
<var>${json_data}</var>
<arg>${response.json()}</arg>
<doc>Returns the given values which can then be assigned to a variables.</doc>
<status status="PASS" start="2024-07-14T08:20:14.452773" elapsed="0.000553"/>
</kw>
<kw name="Log" owner="BuiltIn">
<msg time="2024-07-14T08:20:14.453856" level="INFO">{'results': [{'gender': 'male', 'name': {'title': 'Mr', 'first': 'Milan', 'last': 'Gerard'}, 'location': {'street': {'number': 3740, 'name': "Rue de L'Abbaye"}, 'city': 'Amiens', 'state': 'Martinique', 'country': 'France', 'postcode': 90450, 'coordinates': {'latitude': '-15.3106', 'longitude': '-21.9066'}, 'timezone': {'offset': '+3:30', 'description': 'Tehran'}}, 'email': 'milan.gerard@example.com', 'login': {'uuid': 'a69580ae-1cdd-4ecb-a519-2109c9ab1b2f', 'username': 'beautifulmeercat250', 'password': 'enjoy', 'salt': 'gV1Z6VSk', 'md5': 'dffc66b95d6fdb29946eca8932f2b06e', 'sha1': '54623a10f61619857e4925363ce9ad0b32bf68e6', 'sha256': '4c84ff61f5bab86c539db2d5e6401b9fde774f58997b2c73ed43d2a80b9d5e1c'}, 'dob': {'date': '1951-06-10T02:46:58.769Z', 'age': 73}, 'registered': {'date': '2003-01-11T03:17:36.311Z', 'age': 21}, 'phone': '05-66-71-71-96', 'cell': '06-50-73-85-97', 'id': {'name': 'INSEE', 'value': '1510553436362 21'}, 'picture': {'large': 'https://randomuser.me/api/portraits/men/56.jpg', 'medium': 'https://randomuser.me/api/portraits/med/men/56.jpg', 'thumbnail': 'https://randomuser.me/api/portraits/thumb/men/56.jpg'}, 'nat': 'FR'}], 'info': {'seed': '2ac6a3566fe877cd', 'results': 1, 'page': 1, 'version': '1.4'}}</msg>
<arg>${json_data}</arg>
<doc>Logs the given message with the given level.</doc>
<status status="PASS" start="2024-07-14T08:20:14.453678" elapsed="0.000227"/>
</kw>
<kw name="Should Be Equal As Numbers" owner="BuiltIn">
<arg>${json_data['results'][0]['location']['postcode']}</arg>
<arg>${json_data['results'][0]['location']['postcode']}</arg>
<doc>Fails if objects are unequal after converting them to real numbers.</doc>
<status status="PASS" start="2024-07-14T08:20:14.454217" elapsed="0.000690"/>
</kw>
<kw name="Log" owner="BuiltIn">
<msg time="2024-07-14T08:20:14.455453" level="INFO">90450</msg>
<arg>${json_data['results'][0]['location']['postcode']}</arg>
<doc>Logs the given message with the given level.</doc>
<status status="PASS" start="2024-07-14T08:20:14.455112" elapsed="0.000384"/>
</kw>
<status status="PASS" start="2024-07-14T08:20:14.346456" elapsed="0.109331"/>
</kw>
<doc>Testa se os tipos de dados na resposta da API estão corretos.</doc>
<tag>testeTiposDados</tag>
<status status="PASS" start="2024-07-14T08:20:14.274643" elapsed="0.181353"/>
</test>
<test id="s1-s1-t5" name="Validar conteudo" line="35">
<kw name="Teste de Tipos de Conteudo" owner="random-user-service">
<kw name="GET On Session" owner="RequestsLibrary">
<msg time="2024-07-14T08:20:14.536481" level="INFO">GET Request : url=https://randomuser.me/api 
 path_url=/api 
 headers={'User-Agent': 'python-requests/2.32.3', 'Accept-Encoding': 'gzip, deflate', 'Accept': '*/*', 'Connection': 'keep-alive'} 
 body=None 
 </msg>
<msg time="2024-07-14T08:20:14.536600" level="INFO">GET Response : url=https://randomuser.me/api 
 status=200, reason=OK 
 headers={'Date': 'Sun, 14 Jul 2024 08:20:14 GMT', 'Content-Type': 'application/json; charset=utf-8', 'Transfer-Encoding': 'chunked', 'Connection': 'keep-alive', 'X-Powered-By': 'Express', 'Access-Control-Allow-Origin': '*', 'Cache-Control': 'no-cache', 'ETag': 'W/"49a-Q0RcrrPdl5S1gBLgL4gapcK8KzM"', 'Vary': 'Accept-Encoding', 'Content-Encoding': 'gzip', 'CF-Cache-Status': 'DYNAMIC', 'Report-To': '{"endpoints":[{"url":"https:\\/\\/a.nel.cloudflare.com\\/report\\/v4?s=upK3wEX7zyI%2BikAQO4vYqfJ8z%2FhhVo0y3Tmm6edoBFSLAhhXTqEmdLpxNIKh0mDk8Filk8WHDy1mg3bnYP%2Be2%2FdewQqGQImJT8gPljFiTqVROSK3DX50wzbvZa8eV9sv"}],"group":"cf-nel","max_age":604800}', 'NEL': '{"success_fraction":0,"report_to":"cf-nel","max_age":604800}', 'Server': 'cloudflare', 'CF-RAY': '8a3017a66ea31733-IAD', 'alt-svc': 'h3=":443"; ma=86400'} 
 body={"results":[{"gender":"female","name":{"title":"Mrs","first":"Odila","last":"Nogueira"},"location":{"street":{"number":6049,"name":"Avenida da Legalidade"},"city":"Salto","state":"Distrito Federal","country":"Brazil","postcode":78935,"coordinates":{"latitude":"-75.5055","longitude":"130.2997"},"timezone":{"offset":"+9:30","description":"Adelaide, Darwin"}},"email":"odila.nogueira@example.com","login":{"uuid":"ca6e90c3-c627-49d7-bab8-a5c45891c330","username":"lazyostrich407","password":"prince1","salt":"zkBK1EDQ","md5":"c700f46b8464cdad38126e930ef12af0","sha1":"1dcfc4cd7f677b4924fab7c04d09f2d95d2b7630","sha256":"6387bbb1a1a663aa5b8aabb7a01652ae4f1c5e5ad9363288bb577459463b3346"},"dob":{"date":"1989-10-23T04:37:03.822Z","age":34},"registered":{"date":"2007-04-28T21:21:24.076Z","age":17},"phone":"(56) 1722-0606","cell":"(70) 9997-2601","id":{"name":"CPF","value":"893.605.655-45"},"picture":{"large":"https://randomuser.me/api/portraits/women/33.jpg","medium":"https://randomuser.me/api/portraits/med/women/33.jpg","thumbnail":"https://randomuser.me/api/portraits/thumb/women/33.jpg"},"nat":"BR"}],"info":{"seed":"e8947d921e3162de","results":1,"page":1,"version":"1.4"}} 
 </msg>
<msg time="2024-07-14T08:20:14.536707" level="INFO">/opt/hostedtoolcache/Python/3.12.4/x64/lib/python3.12/site-packages/urllib3/connectionpool.py:1099: InsecureRequestWarning: Unverified HTTPS request is being made to host 'randomuser.me'. Adding certificate verification is strongly advised. See: https://urllib3.readthedocs.io/en/latest/advanced-usage.html#tls-warnings
  warnings.warn(</msg>
<msg time="2024-07-14T08:20:14.536856" level="INFO">${response} = &lt;Response [200]&gt;</msg>
<var>${response}</var>
<arg>consultarAPI</arg>
<arg>/api</arg>
<doc>Sends a GET request on a previously created HTTP Session.</doc>
<status status="PASS" start="2024-07-14T08:20:14.459198" elapsed="0.077693"/>
</kw>
<kw name="Set Variable" owner="BuiltIn">
<msg time="2024-07-14T08:20:14.537964" level="INFO">${json_data} = {'results': [{'gender': 'female', 'name': {'title': 'Mrs', 'first': 'Odila', 'last': 'Nogueira'}, 'location': {'street': {'number': 6049, 'name': 'Avenida da Legalidade'}, 'city': 'Salto', 'state': 'D...</msg>
<var>${json_data}</var>
<arg>${response.json()}</arg>
<doc>Returns the given values which can then be assigned to a variables.</doc>
<status status="PASS" start="2024-07-14T08:20:14.537418" elapsed="0.000577"/>
</kw>
<kw name="Set Variable" owner="BuiltIn">
<msg time="2024-07-14T08:20:14.538783" level="INFO">${name_title} = Mrs</msg>
<var>${name_title}</var>
<arg>${json_data["results"][0]["name"]["title"]}</arg>
<doc>Returns the given values which can then be assigned to a variables.</doc>
<status status="PASS" start="2024-07-14T08:20:14.538365" elapsed="0.000492"/>
</kw>
<kw name="Create List" owner="BuiltIn">
<msg time="2024-07-14T08:20:14.539375" level="INFO">${allowed_titles} = ['Mr', 'Ms', 'Miss', 'Mrs', 'Madame', 'Monsieur']</msg>
<var>${allowed_titles}</var>
<arg>Mr</arg>
<arg>Ms</arg>
<arg>Miss</arg>
<arg>Mrs</arg>
<arg>Madame</arg>
<arg>Monsieur</arg>
<doc>Returns a list containing given items.</doc>
<status status="PASS" start="2024-07-14T08:20:14.539211" elapsed="0.000190"/>
</kw>
<kw name="List Should Contain Value" owner="Collections">
<arg>${allowed_titles}</arg>
<arg>${name_title}</arg>
<doc>Fails if the ``value`` is not found from ``list``.</doc>
<status status="PASS" start="2024-07-14T08:20:14.539715" elapsed="0.000186"/>
</kw>
<kw name="Set Variable" owner="BuiltIn">
<msg time="2024-07-14T08:20:14.540467" level="INFO">${name_country} = BR</msg>
<var>${name_country}</var>
<arg>${json_data["results"][0]["nat"]}</arg>
<doc>Returns the given values which can then be assigned to a variables.</doc>
<status status="PASS" start="2024-07-14T08:20:14.540085" elapsed="0.000408"/>
</kw>
<kw name="Create List" owner="BuiltIn">
<msg time="2024-07-14T08:20:14.541408" level="INFO">${list_country} = ['AD', 'AE', 'AF', 'AG', 'AI', 'AL', 'AM', 'AO', 'AQ', 'AR', 'AS', 'AT', 'AU', 'AW', 'AX', 'AZ', 'BA', 'BB', 'BD', 'BE', 'BF', 'BG', 'BH', 'BI', 'BJ', 'BL', 'BM', 'BN', 'BO', 'BQ', 'BR', 'BS', 'BT', '...</msg>
<var>${list_country}</var>
<arg>AD</arg>
<arg>AE</arg>
<arg>AF</arg>
<arg>AG</arg>
<arg>AI</arg>
<arg>AL</arg>
<arg>AM</arg>
<arg>AO</arg>
<arg>AQ</arg>
<arg>AR</arg>
<arg>AS</arg>
<arg>AT</arg>
<arg>AU</arg>
<arg>AW</arg>
<arg>AX</arg>
<arg>AZ</arg>
<arg>BA</arg>
<arg>BB</arg>
<arg>BD</arg>
<arg>BE</arg>
<arg>BF</arg>
<arg>BG</arg>
<arg>BH</arg>
<arg>BI</arg>
<arg>BJ</arg>
<arg>BL</arg>
<arg>BM</arg>
<arg>BN</arg>
<arg>BO</arg>
<arg>BQ</arg>
<arg>BR</arg>
<arg>BS</arg>
<arg>BT</arg>
<arg>BV</arg>
<arg>BW</arg>
<arg>BY</arg>
<arg>BZ</arg>
<arg>CA</arg>
<arg>CC</arg>
<arg>CD</arg>
<arg>CF</arg>
<arg>CG</arg>
<arg>CH</arg>
<arg>CI</arg>
<arg>CK</arg>
<arg>CL</arg>
<arg>CM</arg>
<arg>CN</arg>
<arg>CO</arg>
<arg>CR</arg>
<arg>CU</arg>
<arg>CV</arg>
<arg>CW</arg>
<arg>CX</arg>
<arg>CY</arg>
<arg>CZ</arg>
<arg>DE</arg>
<arg>DJ</arg>
<arg>DK</arg>
<arg>DM</arg>
<arg>DO</arg>
<arg>DZ</arg>
<arg>EC</arg>
<arg>EE</arg>
<arg>EG</arg>
<arg>EH</arg>
<arg>ER</arg>
<arg>ES</arg>
<arg>ET</arg>
<arg>FI</arg>
<arg>FJ</arg>
<arg>FK</arg>
<arg>FM</arg>
<arg>FO</arg>
<arg>FR</arg>
<arg>GA</arg>
<arg>GB</arg>
<arg>GD</arg>
<arg>GE</arg>
<arg>GF</arg>
<arg>GG</arg>
<arg>GH</arg>
<arg>GI</arg>
<arg>GL</arg>
<arg>GM</arg>
<arg>GN</arg>
<arg>GP</arg>
<arg>GQ</arg>
<arg>GR</arg>
<arg>GS</arg>
<arg>GT</arg>
<arg>GU</arg>
<arg>GW</arg>
<arg>GY</arg>
<arg>HK</arg>
<arg>HM</arg>
<arg>HN</arg>
<arg>HR</arg>
<arg>HT</arg>
<arg>HU</arg>
<arg>ID</arg>
<arg>IE</arg>
<arg>IL</arg>
<arg>IM</arg>
<arg>IN</arg>
<arg>IO</arg>
<arg>IQ</arg>
<arg>IR</arg>
<arg>IS</arg>
<arg>IT</arg>
<arg>JE</arg>
<arg>JM</arg>
<arg>JO</arg>
<arg>JP</arg>
<arg>KE</arg>
<arg>KG</arg>
<arg>KH</arg>
<arg>KI</arg>
<arg>KM</arg>
<arg>KN</arg>
<arg>KP</arg>
<arg>KR</arg>
<arg>KW</arg>
<arg>KY</arg>
<arg>KZ</arg>
<arg>LA</arg>
<arg>LB</arg>
<arg>LC</arg>
<arg>LI</arg>
<arg>LK</arg>
<arg>LR</arg>
<arg>LS</arg>
<arg>LT</arg>
<arg>LU</arg>
<arg>LV</arg>
<arg>LY</arg>
<arg>MA</arg>
<arg>MC</arg>
<arg>MD</arg>
<arg>ME</arg>
<arg>MF</arg>
<arg>MG</arg>
<arg>MH</arg>
<arg>MK</arg>
<arg>ML</arg>
<arg>MM</arg>
<arg>MN</arg>
<arg>MO</arg>
<arg>MP</arg>
<arg>MQ</arg>
<arg>MR</arg>
<arg>MS</arg>
<arg>MT</arg>
<arg>MU</arg>
<arg>MV</arg>
<arg>MW</arg>
<arg>MX</arg>
<arg>MY</arg>
<arg>MZ</arg>
<arg>NA</arg>
<arg>NC</arg>
<arg>NE</arg>
<arg>NF</arg>
<arg>NG</arg>
<arg>NI</arg>
<arg>NL</arg>
<arg>NO</arg>
<arg>NP</arg>
<arg>NR</arg>
<arg>NU</arg>
<arg>NZ</arg>
<arg>OM</arg>
<arg>PA</arg>
<arg>PE</arg>
<arg>PF</arg>
<arg>PG</arg>
<arg>PH</arg>
<arg>PK</arg>
<arg>PL</arg>
<arg>PM</arg>
<arg>PN</arg>
<arg>PR</arg>
<arg>PS</arg>
<arg>PT</arg>
<arg>PW</arg>
<arg>PY</arg>
<arg>QA</arg>
<arg>RE</arg>
<arg>RO</arg>
<arg>RS</arg>
<arg>RU</arg>
<arg>RW</arg>
<arg>SA</arg>
<arg>SB</arg>
<arg>SC</arg>
<arg>SD</arg>
<arg>SE</arg>
<arg>SG</arg>
<arg>SH</arg>
<arg>SI</arg>
<arg>SJ</arg>
<arg>SK</arg>
<arg>SL</arg>
<arg>SM</arg>
<arg>SN</arg>
<arg>SO</arg>
<arg>SR</arg>
<arg>SS</arg>
<arg>ST</arg>
<arg>SV</arg>
<arg>SX</arg>
<arg>SY</arg>
<arg>SZ</arg>
<arg>TC</arg>
<arg>TD</arg>
<arg>TF</arg>
<arg>TG</arg>
<arg>TH</arg>
<arg>TJ</arg>
<arg>TK</arg>
<arg>TL</arg>
<arg>TM</arg>
<arg>TN</arg>
<arg>TO</arg>
<arg>TR</arg>
<arg>TT</arg>
<arg>TV</arg>
<arg>TW</arg>
<arg>TZ</arg>
<arg>UA</arg>
<arg>UG</arg>
<arg>UM</arg>
<arg>US</arg>
<arg>UY</arg>
<arg>UZ</arg>
<arg>VA</arg>
<arg>VC</arg>
<arg>VE</arg>
<arg>VG</arg>
<arg>VI</arg>
<arg>VN</arg>
<arg>VU</arg>
<arg>WF</arg>
<arg>WS</arg>
<arg>XK</arg>
<arg>YE</arg>
<arg>YT</arg>
<arg>ZA</arg>
<arg>ZM</arg>
<arg>ZW</arg>
<doc>Returns a list containing given items.</doc>
<status status="PASS" start="2024-07-14T08:20:14.540798" elapsed="0.000637"/>
</kw>
<kw name="List Should Contain Value" owner="Collections">
<arg>${list_country}</arg>
<arg>${name_country}</arg>
<doc>Fails if the ``value`` is not found from ``list``.</doc>
<status status="PASS" start="2024-07-14T08:20:14.542236" elapsed="0.000207"/>
</kw>
<kw name="Run Keyword If" owner="BuiltIn">
<kw name="Should Be True" owner="BuiltIn">
<arg>${True}</arg>
<doc>Fails if the given condition is not true.</doc>
<status status="PASS" start="2024-07-14T08:20:14.543408" elapsed="0.000143"/>
</kw>
<arg>${json_data["results"][0]["location"]["coordinates"]["latitude"]} &gt;= -90 and ${json_data["results"][0]["location"]["coordinates"]["latitude"]} &lt;= 90</arg>
<arg>Should Be True</arg>
<arg>${True}</arg>
<doc>Runs the given keyword with the given arguments, if ``condition`` is true.</doc>
<status status="PASS" start="2024-07-14T08:20:14.542640" elapsed="0.001039"/>
</kw>
<kw name="Run Keyword If" owner="BuiltIn">
<kw name="Should Be True" owner="BuiltIn">
<arg>${True}</arg>
<doc>Fails if the given condition is not true.</doc>
<status status="PASS" start="2024-07-14T08:20:14.544551" elapsed="0.000138"/>
</kw>
<arg>${json_data["results"][0]["location"]["coordinates"]["longitude"]} &gt;= -180 and ${json_data["results"][0]["location"]["coordinates"]["longitude"]} &lt;= 180</arg>
<arg>Should Be True</arg>
<arg>${True}</arg>
<doc>Runs the given keyword with the given arguments, if ``condition`` is true.</doc>
<status status="PASS" start="2024-07-14T08:20:14.543862" elapsed="0.000953"/>
</kw>
<status status="PASS" start="2024-07-14T08:20:14.458523" elapsed="0.086428"/>
</kw>
<doc>Testa o conteúdo específico dos campos retornados pela API.</doc>
<tag>testeConteudo</tag>
<status status="PASS" start="2024-07-14T08:20:14.457819" elapsed="0.087287"/>
</test>
<status status="PASS" start="2024-07-14T08:20:13.738546" elapsed="0.808604"/>
</suite>
<status status="PASS" start="2024-07-14T08:20:13.724184" elapsed="0.828174"/>
</suite>
<statistics>
<total>
<stat pass="5" fail="0" skip="0">All Tests</stat>
</total>
<tag>
<stat pass="1" fail="0" skip="0">testeConteudo</stat>
<stat pass="1" fail="0" skip="0">testeEstruturaResposta</stat>
<stat pass="1" fail="0" skip="0">testeRequisicaoBasica</stat>
<stat pass="1" fail="0" skip="0">testeTiposDados</stat>
</tag>
<suite>
<stat pass="5" fail="0" skip="0" id="s1" name="Tests">Tests</stat>
<stat pass="5" fail="0" skip="0" id="s1-s1" name="Random-User-Test">Tests.Random-User-Test</stat>
</suite>
</statistics>
<errors>
</errors>
</robot>
