<?xml version="1.0" encoding="UTF-8"?>
<robot generator="Robot 7.0 (Python 3.12.3 on linux)" generated="2024-05-26T18:17:44.396569" rpa="false" schemaversion="5">
<suite id="s1" name="Tests" source="/home/runner/work/ApiRandomUser/ApiRandomUser/RamdonUser/tests">
<suite id="s1-s1" name="Random-User-Test" source="/home/runner/work/ApiRandomUser/ApiRandomUser/RamdonUser/tests/random-user-test.robot">
<test id="s1-s1-t1" name="Conectar" line="13">
<kw name="Conectar API" owner="random-user-service">
<kw name="Create Session" owner="RequestsLibrary">
<msg time="2024-05-26T18:17:44.785394" level="INFO">Creating Session using : alias=consultarAPI, url=https://randomuser.me/, headers={},                     cookies={}, auth=None, timeout=None, proxies=None, verify=False,                     debug=0 </msg>
<arg>consultarAPI</arg>
<arg>${URL}</arg>
<doc>Create Session: create a HTTP session to a server</doc>
<status status="PASS" start="2024-05-26T18:17:44.785194" elapsed="0.000364"/>
</kw>
<status status="PASS" start="2024-05-26T18:17:44.784170" elapsed="0.001745"/>
</kw>
<status status="PASS" start="2024-05-26T18:17:44.783581" elapsed="0.002531"/>
</test>
<test id="s1-s1-t2" name="Validar retorno 200 e JSON Válido" line="16">
<kw name="Teste de Requisicao Basica" owner="random-user-service">
<kw name="GET On Session" owner="RequestsLibrary">
<msg time="2024-05-26T18:17:44.971578" level="INFO">GET Request : url=https://randomuser.me/api 
 path_url=/api 
 headers={'User-Agent': 'python-requests/2.32.2', 'Accept-Encoding': 'gzip, deflate', 'Accept': '*/*', 'Connection': 'keep-alive'} 
 body=None 
 </msg>
<msg time="2024-05-26T18:17:44.971722" level="INFO">GET Response : url=https://randomuser.me/api 
 status=200, reason=OK 
 headers={'Date': 'Sun, 26 May 2024 18:17:44 GMT', 'Content-Type': 'application/json; charset=utf-8', 'Transfer-Encoding': 'chunked', 'Connection': 'keep-alive', 'X-Powered-By': 'Express', 'Access-Control-Allow-Origin': '*', 'Cache-Control': 'no-cache', 'ETag': 'W/"481-wKCjyIeUz93apc9pljIExhWqUBM"', 'Vary': 'Accept-Encoding', 'Content-Encoding': 'gzip', 'CF-Cache-Status': 'DYNAMIC', 'Report-To': '{"endpoints":[{"url":"https:\\/\\/a.nel.cloudflare.com\\/report\\/v4?s=BeWaXZR3NJJaHFKida6rODbKmmiPp3dj9%2BAADmayh6MXbZSZw7aGkc2zOqprPSh7MoZ1emciRgrb7EL3bv5enhoPXJnrX6HZ%2FxrLBUYG08L4gmbdmwr29q2pOstfd2K%2F"}],"group":"cf-nel","max_age":604800}', 'NEL': '{"success_fraction":0,"report_to":"cf-nel","max_age":604800}', 'Server': 'cloudflare', 'CF-RAY': '889fc3871a8617de-SJC', 'alt-svc': 'h3=":443"; ma=86400'} 
 body={"results":[{"gender":"male","name":{"title":"Mr","first":"Jayden","last":"Jones"},"location":{"street":{"number":4848,"name":"The Avenue"},"city":"Mountmellick","state":"Limerick","country":"Ireland","postcode":99006,"coordinates":{"latitude":"-2.8718","longitude":"-34.5802"},"timezone":{"offset":"-1:00","description":"Azores, Cape Verde Islands"}},"email":"jayden.jones@example.com","login":{"uuid":"7767da8f-86be-4519-bb48-217fdd6c7ace","username":"brownleopard222","password":"public","salt":"IzU7vhK0","md5":"2f23a8ec12ef55afc1f7ca52d1f21d08","sha1":"cc97e4f9e5cc5b728d31c8ead186dff5988d3138","sha256":"399bc90cc548a6cc0609133173adb7c3113bcecacd611fa448c2d3fe26d9d1f0"},"dob":{"date":"1951-05-17T04:13:05.987Z","age":73},"registered":{"date":"2012-04-07T17:22:53.174Z","age":12},"phone":"061-837-4688","cell":"081-662-8709","id":{"name":"PPS","value":"2345327T"},"picture":{"large":"https://randomuser.me/api/portraits/men/96.jpg","medium":"https://randomuser.me/api/portraits/med/men/96.jpg","thumbnail":"https://randomuser.me/api/portraits/thumb/men/96.jpg"},"nat":"IE"}],"info":{"seed":"9ba3c8b09d27b463","results":1,"page":1,"version":"1.4"}} 
 </msg>
<msg time="2024-05-26T18:17:44.971800" level="INFO">/opt/hostedtoolcache/Python/3.12.3/x64/lib/python3.12/site-packages/urllib3/connectionpool.py:1103: InsecureRequestWarning: Unverified HTTPS request is being made to host 'randomuser.me'. Adding certificate verification is strongly advised. See: https://urllib3.readthedocs.io/en/latest/advanced-usage.html#tls-warnings
  warnings.warn(</msg>
<msg time="2024-05-26T18:17:44.971942" level="INFO">${response} = &lt;Response [200]&gt;</msg>
<var>${response}</var>
<arg>consultarAPI</arg>
<arg>/api</arg>
<doc>Sends a GET request on a previously created HTTP Session.</doc>
<status status="PASS" start="2024-05-26T18:17:44.788869" elapsed="0.183113"/>
</kw>
<kw name="Should Be Equal As Numbers" owner="BuiltIn">
<msg time="2024-05-26T18:17:44.973137" level="INFO">Argument types are:
&lt;class 'int'&gt;
&lt;class 'str'&gt;</msg>
<arg>${response.status_code}</arg>
<arg>200</arg>
<doc>Fails if objects are unequal after converting them to real numbers.</doc>
<status status="PASS" start="2024-05-26T18:17:44.972607" elapsed="0.000597"/>
</kw>
<kw name="Log" owner="BuiltIn">
<msg time="2024-05-26T18:17:44.973924" level="INFO">200</msg>
<arg>${response.status_code}</arg>
<doc>Logs the given message with the given level.</doc>
<status status="PASS" start="2024-05-26T18:17:44.973566" elapsed="0.000408"/>
</kw>
<kw name="Set Variable" owner="BuiltIn">
<msg time="2024-05-26T18:17:44.974738" level="INFO">${json_data} = {'results': [{'gender': 'male', 'name': {'title': 'Mr', 'first': 'Jayden', 'last': 'Jones'}, 'location': {'street': {'number': 4848, 'name': 'The Avenue'}, 'city': 'Mountmellick', 'state': 'Limerick',...</msg>
<var>${json_data}</var>
<arg>${response.json()}</arg>
<doc>Returns the given values which can then be assigned to a variables.</doc>
<status status="PASS" start="2024-05-26T18:17:44.974294" elapsed="0.000476"/>
</kw>
<kw name="Dictionary Should Contain Key" owner="Collections">
<msg time="2024-05-26T18:17:44.975251" level="INFO">False</msg>
<arg>${json_data}</arg>
<arg>results</arg>
<doc>Fails if ``key`` is not found from ``dictionary``.</doc>
<status status="PASS" start="2024-05-26T18:17:44.975079" elapsed="0.000364"/>
</kw>
<status status="PASS" start="2024-05-26T18:17:44.788577" elapsed="0.187132"/>
</kw>
<doc>Testa se a API responde corretamente e retorna um objeto JSON válido.</doc>
<tag>testeRequisicaoBasica</tag>
<status status="PASS" start="2024-05-26T18:17:44.788027" elapsed="0.187864"/>
</test>
<test id="s1-s1-t3" name="Validar estrutura de resposta" line="22">
<kw name="Teste de Estrutura de Resposta" owner="random-user-service">
<kw name="GET On Session" owner="RequestsLibrary">
<msg time="2024-05-26T18:17:45.071768" level="INFO">GET Request : url=https://randomuser.me/api 
 path_url=/api 
 headers={'User-Agent': 'python-requests/2.32.2', 'Accept-Encoding': 'gzip, deflate', 'Accept': '*/*', 'Connection': 'keep-alive'} 
 body=None 
 </msg>
<msg time="2024-05-26T18:17:45.071865" level="INFO">GET Response : url=https://randomuser.me/api 
 status=200, reason=OK 
 headers={'Date': 'Sun, 26 May 2024 18:17:45 GMT', 'Content-Type': 'application/json; charset=utf-8', 'Transfer-Encoding': 'chunked', 'Connection': 'keep-alive', 'X-Powered-By': 'Express', 'Access-Control-Allow-Origin': '*', 'Cache-Control': 'no-cache', 'ETag': 'W/"48f-rWurLcTsreJx5adWhoNI3TsE8S0"', 'Vary': 'Accept-Encoding', 'Content-Encoding': 'gzip', 'CF-Cache-Status': 'DYNAMIC', 'Report-To': '{"endpoints":[{"url":"https:\\/\\/a.nel.cloudflare.com\\/report\\/v4?s=0H1NLl4QcbM8cODAwGOpS3Guq8hcZCQEva3vZo0M3dIRdrE3VIwGw1%2F50ZcojDYFyFNRIglIDRM2DuD%2BOXBhGVKvZXq%2BwSivlzV6VHx538%2BbtpSBHV6uHMzOlCfZvQpq"}],"group":"cf-nel","max_age":604800}', 'NEL': '{"success_fraction":0,"report_to":"cf-nel","max_age":604800}', 'Server': 'cloudflare', 'CF-RAY': '889fc3882b3617de-SJC', 'alt-svc': 'h3=":443"; ma=86400'} 
 body={"results":[{"gender":"male","name":{"title":"Mr","first":"Kalenik","last":"Sapelyak"},"location":{"street":{"number":7047,"name":"Akademika Amosova"},"city":"Berdyansk","state":"Zaporizka","country":"Ukraine","postcode":98598,"coordinates":{"latitude":"77.1706","longitude":"-18.2216"},"timezone":{"offset":"+4:00","description":"Abu Dhabi, Muscat, Baku, Tbilisi"}},"email":"kalenik.sapelyak@example.com","login":{"uuid":"7cab004f-d44b-4b3f-8ede-1ac80a1f2772","username":"ticklishtiger176","password":"thedon","salt":"ZppUQn9W","md5":"5dbd8e4c7865f9f39ef0d95bfaf7bbc5","sha1":"1c2a0e681472788bb63e62d7b733a86e2979d135","sha256":"bb2e5b3e0c7fe9f9354a2d4c2101063fa2c66e20a01c6851ddddd04cc77d76ab"},"dob":{"date":"1980-07-25T07:21:00.044Z","age":43},"registered":{"date":"2017-07-15T06:16:28.652Z","age":6},"phone":"(066) R09-1441","cell":"(068) S01-9824","id":{"name":"","value":null},"picture":{"large":"https://randomuser.me/api/portraits/men/52.jpg","medium":"https://randomuser.me/api/portraits/med/men/52.jpg","thumbnail":"https://randomuser.me/api/portraits/thumb/men/52.jpg"},"nat":"UA"}],"info":{"seed":"b1ec1d2c1c9aee43","results":1,"page":1,"version":"1.4"}} 
 </msg>
<msg time="2024-05-26T18:17:45.071993" level="INFO">/opt/hostedtoolcache/Python/3.12.3/x64/lib/python3.12/site-packages/urllib3/connectionpool.py:1103: InsecureRequestWarning: Unverified HTTPS request is being made to host 'randomuser.me'. Adding certificate verification is strongly advised. See: https://urllib3.readthedocs.io/en/latest/advanced-usage.html#tls-warnings
  warnings.warn(</msg>
<msg time="2024-05-26T18:17:45.072120" level="INFO">${response} = &lt;Response [200]&gt;</msg>
<var>${response}</var>
<arg>consultarAPI</arg>
<arg>/api</arg>
<doc>Sends a GET request on a previously created HTTP Session.</doc>
<status status="PASS" start="2024-05-26T18:17:44.978620" elapsed="0.093549"/>
</kw>
<kw name="Set Variable" owner="BuiltIn">
<msg time="2024-05-26T18:17:45.073084" level="INFO">${json_data} = {'results': [{'gender': 'male', 'name': {'title': 'Mr', 'first': 'Kalenik', 'last': 'Sapelyak'}, 'location': {'street': {'number': 7047, 'name': 'Akademika Amosova'}, 'city': 'Berdyansk', 'state': 'Za...</msg>
<var>${json_data}</var>
<arg>${response.json()}</arg>
<doc>Returns the given values which can then be assigned to a variables.</doc>
<status status="PASS" start="2024-05-26T18:17:45.072587" elapsed="0.000527"/>
</kw>
<kw name="Log" owner="BuiltIn">
<msg time="2024-05-26T18:17:45.073582" level="INFO">{'results': [{'gender': 'male', 'name': {'title': 'Mr', 'first': 'Kalenik', 'last': 'Sapelyak'}, 'location': {'street': {'number': 7047, 'name': 'Akademika Amosova'}, 'city': 'Berdyansk', 'state': 'Zaporizka', 'country': 'Ukraine', 'postcode': 98598, 'coordinates': {'latitude': '77.1706', 'longitude': '-18.2216'}, 'timezone': {'offset': '+4:00', 'description': 'Abu Dhabi, Muscat, Baku, Tbilisi'}}, 'email': 'kalenik.sapelyak@example.com', 'login': {'uuid': '7cab004f-d44b-4b3f-8ede-1ac80a1f2772', 'username': 'ticklishtiger176', 'password': 'thedon', 'salt': 'ZppUQn9W', 'md5': '5dbd8e4c7865f9f39ef0d95bfaf7bbc5', 'sha1': '1c2a0e681472788bb63e62d7b733a86e2979d135', 'sha256': 'bb2e5b3e0c7fe9f9354a2d4c2101063fa2c66e20a01c6851ddddd04cc77d76ab'}, 'dob': {'date': '1980-07-25T07:21:00.044Z', 'age': 43}, 'registered': {'date': '2017-07-15T06:16:28.652Z', 'age': 6}, 'phone': '(066) R09-1441', 'cell': '(068) S01-9824', 'id': {'name': '', 'value': None}, 'picture': {'large': 'https://randomuser.me/api/portraits/men/52.jpg', 'medium': 'https://randomuser.me/api/portraits/med/men/52.jpg', 'thumbnail': 'https://randomuser.me/api/portraits/thumb/men/52.jpg'}, 'nat': 'UA'}], 'info': {'seed': 'b1ec1d2c1c9aee43', 'results': 1, 'page': 1, 'version': '1.4'}}</msg>
<arg>${json_data}</arg>
<doc>Logs the given message with the given level.</doc>
<status status="PASS" start="2024-05-26T18:17:45.073424" elapsed="0.000208"/>
</kw>
<kw name="Dictionary Should Contain Key" owner="Collections">
<msg time="2024-05-26T18:17:45.074082" level="INFO">False</msg>
<arg>${json_data}</arg>
<arg>results</arg>
<doc>Fails if ``key`` is not found from ``dictionary``.</doc>
<status status="PASS" start="2024-05-26T18:17:45.073925" elapsed="0.000195"/>
</kw>
<kw name="Should Not Be Empty" owner="BuiltIn">
<msg time="2024-05-26T18:17:45.074549" level="INFO">Length is 2.</msg>
<arg>${json_data}</arg>
<doc>Verifies that the given item is not empty.</doc>
<status status="PASS" start="2024-05-26T18:17:45.074415" elapsed="0.000173"/>
</kw>
<kw name="Create List" owner="BuiltIn">
<msg time="2024-05-26T18:17:45.075027" level="INFO">${expected_keys} = ['gender', 'name', 'location', 'email', 'login']</msg>
<var>${expected_keys}</var>
<arg>gender</arg>
<arg>name</arg>
<arg>location</arg>
<arg>email</arg>
<arg>login</arg>
<doc>Returns a list containing given items.</doc>
<status status="PASS" start="2024-05-26T18:17:45.074878" elapsed="0.000172"/>
</kw>
<for flavor="IN">
<iter>
<kw name="Dictionary Should Contain Key" owner="Collections">
<msg time="2024-05-26T18:17:45.076048" level="INFO">False</msg>
<arg>${json_data['results'][0]}</arg>
<arg>${key}</arg>
<doc>Fails if ``key`` is not found from ``dictionary``.</doc>
<status status="PASS" start="2024-05-26T18:17:45.075626" elapsed="0.000462"/>
</kw>
<kw name="Log" owner="BuiltIn">
<msg time="2024-05-26T18:17:45.076803" level="INFO">{'gender': 'male', 'name': {'title': 'Mr', 'first': 'Kalenik', 'last': 'Sapelyak'}, 'location': {'street': {'number': 7047, 'name': 'Akademika Amosova'}, 'city': 'Berdyansk', 'state': 'Zaporizka', 'country': 'Ukraine', 'postcode': 98598, 'coordinates': {'latitude': '77.1706', 'longitude': '-18.2216'}, 'timezone': {'offset': '+4:00', 'description': 'Abu Dhabi, Muscat, Baku, Tbilisi'}}, 'email': 'kalenik.sapelyak@example.com', 'login': {'uuid': '7cab004f-d44b-4b3f-8ede-1ac80a1f2772', 'username': 'ticklishtiger176', 'password': 'thedon', 'salt': 'ZppUQn9W', 'md5': '5dbd8e4c7865f9f39ef0d95bfaf7bbc5', 'sha1': '1c2a0e681472788bb63e62d7b733a86e2979d135', 'sha256': 'bb2e5b3e0c7fe9f9354a2d4c2101063fa2c66e20a01c6851ddddd04cc77d76ab'}, 'dob': {'date': '1980-07-25T07:21:00.044Z', 'age': 43}, 'registered': {'date': '2017-07-15T06:16:28.652Z', 'age': 6}, 'phone': '(066) R09-1441', 'cell': '(068) S01-9824', 'id': {'name': '', 'value': None}, 'picture': {'large': 'https://randomuser.me/api/portraits/men/52.jpg', 'medium': 'https://randomuser.me/api/portraits/med/men/52.jpg', 'thumbnail': 'https://randomuser.me/api/portraits/thumb/men/52.jpg'}, 'nat': 'UA'}</msg>
<arg>${json_data['results'][0]}</arg>
<doc>Logs the given message with the given level.</doc>
<status status="PASS" start="2024-05-26T18:17:45.076393" elapsed="0.000460"/>
</kw>
<kw name="Log" owner="BuiltIn">
<msg time="2024-05-26T18:17:45.077286" level="INFO">gender</msg>
<arg>${key}</arg>
<doc>Logs the given message with the given level.</doc>
<status status="PASS" start="2024-05-26T18:17:45.077157" elapsed="0.000168"/>
</kw>
<var name="${key}">gender</var>
<status status="PASS" start="2024-05-26T18:17:45.075497" elapsed="0.002043"/>
</iter>
<iter>
<kw name="Dictionary Should Contain Key" owner="Collections">
<msg time="2024-05-26T18:17:45.078233" level="INFO">False</msg>
<arg>${json_data['results'][0]}</arg>
<arg>${key}</arg>
<doc>Fails if ``key`` is not found from ``dictionary``.</doc>
<status status="PASS" start="2024-05-26T18:17:45.077845" elapsed="0.000425"/>
</kw>
<kw name="Log" owner="BuiltIn">
<msg time="2024-05-26T18:17:45.078950" level="INFO">{'gender': 'male', 'name': {'title': 'Mr', 'first': 'Kalenik', 'last': 'Sapelyak'}, 'location': {'street': {'number': 7047, 'name': 'Akademika Amosova'}, 'city': 'Berdyansk', 'state': 'Zaporizka', 'country': 'Ukraine', 'postcode': 98598, 'coordinates': {'latitude': '77.1706', 'longitude': '-18.2216'}, 'timezone': {'offset': '+4:00', 'description': 'Abu Dhabi, Muscat, Baku, Tbilisi'}}, 'email': 'kalenik.sapelyak@example.com', 'login': {'uuid': '7cab004f-d44b-4b3f-8ede-1ac80a1f2772', 'username': 'ticklishtiger176', 'password': 'thedon', 'salt': 'ZppUQn9W', 'md5': '5dbd8e4c7865f9f39ef0d95bfaf7bbc5', 'sha1': '1c2a0e681472788bb63e62d7b733a86e2979d135', 'sha256': 'bb2e5b3e0c7fe9f9354a2d4c2101063fa2c66e20a01c6851ddddd04cc77d76ab'}, 'dob': {'date': '1980-07-25T07:21:00.044Z', 'age': 43}, 'registered': {'date': '2017-07-15T06:16:28.652Z', 'age': 6}, 'phone': '(066) R09-1441', 'cell': '(068) S01-9824', 'id': {'name': '', 'value': None}, 'picture': {'large': 'https://randomuser.me/api/portraits/men/52.jpg', 'medium': 'https://randomuser.me/api/portraits/med/men/52.jpg', 'thumbnail': 'https://randomuser.me/api/portraits/thumb/men/52.jpg'}, 'nat': 'UA'}</msg>
<arg>${json_data['results'][0]}</arg>
<doc>Logs the given message with the given level.</doc>
<status status="PASS" start="2024-05-26T18:17:45.078592" elapsed="0.000407"/>
</kw>
<kw name="Log" owner="BuiltIn">
<msg time="2024-05-26T18:17:45.079420" level="INFO">name</msg>
<arg>${key}</arg>
<doc>Logs the given message with the given level.</doc>
<status status="PASS" start="2024-05-26T18:17:45.079293" elapsed="0.000165"/>
</kw>
<var name="${key}">name</var>
<status status="PASS" start="2024-05-26T18:17:45.077729" elapsed="0.001958"/>
</iter>
<iter>
<kw name="Dictionary Should Contain Key" owner="Collections">
<msg time="2024-05-26T18:17:45.080362" level="INFO">False</msg>
<arg>${json_data['results'][0]}</arg>
<arg>${key}</arg>
<doc>Fails if ``key`` is not found from ``dictionary``.</doc>
<status status="PASS" start="2024-05-26T18:17:45.079980" elapsed="0.000420"/>
</kw>
<kw name="Log" owner="BuiltIn">
<msg time="2024-05-26T18:17:45.081116" level="INFO">{'gender': 'male', 'name': {'title': 'Mr', 'first': 'Kalenik', 'last': 'Sapelyak'}, 'location': {'street': {'number': 7047, 'name': 'Akademika Amosova'}, 'city': 'Berdyansk', 'state': 'Zaporizka', 'country': 'Ukraine', 'postcode': 98598, 'coordinates': {'latitude': '77.1706', 'longitude': '-18.2216'}, 'timezone': {'offset': '+4:00', 'description': 'Abu Dhabi, Muscat, Baku, Tbilisi'}}, 'email': 'kalenik.sapelyak@example.com', 'login': {'uuid': '7cab004f-d44b-4b3f-8ede-1ac80a1f2772', 'username': 'ticklishtiger176', 'password': 'thedon', 'salt': 'ZppUQn9W', 'md5': '5dbd8e4c7865f9f39ef0d95bfaf7bbc5', 'sha1': '1c2a0e681472788bb63e62d7b733a86e2979d135', 'sha256': 'bb2e5b3e0c7fe9f9354a2d4c2101063fa2c66e20a01c6851ddddd04cc77d76ab'}, 'dob': {'date': '1980-07-25T07:21:00.044Z', 'age': 43}, 'registered': {'date': '2017-07-15T06:16:28.652Z', 'age': 6}, 'phone': '(066) R09-1441', 'cell': '(068) S01-9824', 'id': {'name': '', 'value': None}, 'picture': {'large': 'https://randomuser.me/api/portraits/men/52.jpg', 'medium': 'https://randomuser.me/api/portraits/med/men/52.jpg', 'thumbnail': 'https://randomuser.me/api/portraits/thumb/men/52.jpg'}, 'nat': 'UA'}</msg>
<arg>${json_data['results'][0]}</arg>
<doc>Logs the given message with the given level.</doc>
<status status="PASS" start="2024-05-26T18:17:45.080746" elapsed="0.000418"/>
</kw>
<kw name="Log" owner="BuiltIn">
<msg time="2024-05-26T18:17:45.081587" level="INFO">location</msg>
<arg>${key}</arg>
<doc>Logs the given message with the given level.</doc>
<status status="PASS" start="2024-05-26T18:17:45.081461" elapsed="0.000164"/>
</kw>
<var name="${key}">location</var>
<status status="PASS" start="2024-05-26T18:17:45.079867" elapsed="0.001972"/>
</iter>
<iter>
<kw name="Dictionary Should Contain Key" owner="Collections">
<msg time="2024-05-26T18:17:45.082615" level="INFO">False</msg>
<arg>${json_data['results'][0]}</arg>
<arg>${key}</arg>
<doc>Fails if ``key`` is not found from ``dictionary``.</doc>
<status status="PASS" start="2024-05-26T18:17:45.082125" elapsed="0.000530"/>
</kw>
<kw name="Log" owner="BuiltIn">
<msg time="2024-05-26T18:17:45.083308" level="INFO">{'gender': 'male', 'name': {'title': 'Mr', 'first': 'Kalenik', 'last': 'Sapelyak'}, 'location': {'street': {'number': 7047, 'name': 'Akademika Amosova'}, 'city': 'Berdyansk', 'state': 'Zaporizka', 'country': 'Ukraine', 'postcode': 98598, 'coordinates': {'latitude': '77.1706', 'longitude': '-18.2216'}, 'timezone': {'offset': '+4:00', 'description': 'Abu Dhabi, Muscat, Baku, Tbilisi'}}, 'email': 'kalenik.sapelyak@example.com', 'login': {'uuid': '7cab004f-d44b-4b3f-8ede-1ac80a1f2772', 'username': 'ticklishtiger176', 'password': 'thedon', 'salt': 'ZppUQn9W', 'md5': '5dbd8e4c7865f9f39ef0d95bfaf7bbc5', 'sha1': '1c2a0e681472788bb63e62d7b733a86e2979d135', 'sha256': 'bb2e5b3e0c7fe9f9354a2d4c2101063fa2c66e20a01c6851ddddd04cc77d76ab'}, 'dob': {'date': '1980-07-25T07:21:00.044Z', 'age': 43}, 'registered': {'date': '2017-07-15T06:16:28.652Z', 'age': 6}, 'phone': '(066) R09-1441', 'cell': '(068) S01-9824', 'id': {'name': '', 'value': None}, 'picture': {'large': 'https://randomuser.me/api/portraits/men/52.jpg', 'medium': 'https://randomuser.me/api/portraits/med/men/52.jpg', 'thumbnail': 'https://randomuser.me/api/portraits/thumb/men/52.jpg'}, 'nat': 'UA'}</msg>
<arg>${json_data['results'][0]}</arg>
<doc>Logs the given message with the given level.</doc>
<status status="PASS" start="2024-05-26T18:17:45.082953" elapsed="0.000404"/>
</kw>
<kw name="Log" owner="BuiltIn">
<msg time="2024-05-26T18:17:45.083781" level="INFO">email</msg>
<arg>${key}</arg>
<doc>Logs the given message with the given level.</doc>
<status status="PASS" start="2024-05-26T18:17:45.083653" elapsed="0.000165"/>
</kw>
<var name="${key}">email</var>
<status status="PASS" start="2024-05-26T18:17:45.082013" elapsed="0.002020"/>
</iter>
<iter>
<kw name="Dictionary Should Contain Key" owner="Collections">
<msg time="2024-05-26T18:17:45.084738" level="INFO">False</msg>
<arg>${json_data['results'][0]}</arg>
<arg>${key}</arg>
<doc>Fails if ``key`` is not found from ``dictionary``.</doc>
<status status="PASS" start="2024-05-26T18:17:45.084320" elapsed="0.000456"/>
</kw>
<kw name="Log" owner="BuiltIn">
<msg time="2024-05-26T18:17:45.085435" level="INFO">{'gender': 'male', 'name': {'title': 'Mr', 'first': 'Kalenik', 'last': 'Sapelyak'}, 'location': {'street': {'number': 7047, 'name': 'Akademika Amosova'}, 'city': 'Berdyansk', 'state': 'Zaporizka', 'country': 'Ukraine', 'postcode': 98598, 'coordinates': {'latitude': '77.1706', 'longitude': '-18.2216'}, 'timezone': {'offset': '+4:00', 'description': 'Abu Dhabi, Muscat, Baku, Tbilisi'}}, 'email': 'kalenik.sapelyak@example.com', 'login': {'uuid': '7cab004f-d44b-4b3f-8ede-1ac80a1f2772', 'username': 'ticklishtiger176', 'password': 'thedon', 'salt': 'ZppUQn9W', 'md5': '5dbd8e4c7865f9f39ef0d95bfaf7bbc5', 'sha1': '1c2a0e681472788bb63e62d7b733a86e2979d135', 'sha256': 'bb2e5b3e0c7fe9f9354a2d4c2101063fa2c66e20a01c6851ddddd04cc77d76ab'}, 'dob': {'date': '1980-07-25T07:21:00.044Z', 'age': 43}, 'registered': {'date': '2017-07-15T06:16:28.652Z', 'age': 6}, 'phone': '(066) R09-1441', 'cell': '(068) S01-9824', 'id': {'name': '', 'value': None}, 'picture': {'large': 'https://randomuser.me/api/portraits/men/52.jpg', 'medium': 'https://randomuser.me/api/portraits/med/men/52.jpg', 'thumbnail': 'https://randomuser.me/api/portraits/thumb/men/52.jpg'}, 'nat': 'UA'}</msg>
<arg>${json_data['results'][0]}</arg>
<doc>Logs the given message with the given level.</doc>
<status status="PASS" start="2024-05-26T18:17:45.085072" elapsed="0.000411"/>
</kw>
<kw name="Log" owner="BuiltIn">
<msg time="2024-05-26T18:17:45.085901" level="INFO">login</msg>
<arg>${key}</arg>
<doc>Logs the given message with the given level.</doc>
<status status="PASS" start="2024-05-26T18:17:45.085774" elapsed="0.000166"/>
</kw>
<var name="${key}">login</var>
<status status="PASS" start="2024-05-26T18:17:45.084208" elapsed="0.001973"/>
</iter>
<var>${key}</var>
<value>@{expected_keys}</value>
<status status="PASS" start="2024-05-26T18:17:45.075309" elapsed="0.010999"/>
</for>
<kw name="Create List" owner="BuiltIn">
<msg time="2024-05-26T18:17:45.086642" level="INFO">${expected_keysTwo} = ['username', 'password']</msg>
<var>${expected_keysTwo}</var>
<arg>username</arg>
<arg>password</arg>
<doc>Returns a list containing given items.</doc>
<status status="PASS" start="2024-05-26T18:17:45.086504" elapsed="0.000162"/>
</kw>
<for flavor="IN">
<iter>
<kw name="Dictionary Should Contain Key" owner="Collections">
<msg time="2024-05-26T18:17:45.087543" level="INFO">False</msg>
<arg>${json_data['results'][0]['login']}</arg>
<arg>${keyTwo}</arg>
<doc>Fails if ``key`` is not found from ``dictionary``.</doc>
<status status="PASS" start="2024-05-26T18:17:45.087160" elapsed="0.000420"/>
</kw>
<kw name="Dictionary Should Contain Key" owner="Collections">
<msg time="2024-05-26T18:17:45.088272" level="INFO">False</msg>
<arg>${json_data['results'][0]['login']}</arg>
<arg>${keyTwo}</arg>
<doc>Fails if ``key`` is not found from ``dictionary``.</doc>
<status status="PASS" start="2024-05-26T18:17:45.087875" elapsed="0.000435"/>
</kw>
<kw name="Log" owner="BuiltIn">
<msg time="2024-05-26T18:17:45.088780" level="INFO">username</msg>
<arg>${keyTwo}</arg>
<doc>Logs the given message with the given level.</doc>
<status status="PASS" start="2024-05-26T18:17:45.088600" elapsed="0.000219"/>
</kw>
<var name="${keyTwo}">username</var>
<status status="PASS" start="2024-05-26T18:17:45.087051" elapsed="0.001987"/>
</iter>
<iter>
<kw name="Dictionary Should Contain Key" owner="Collections">
<msg time="2024-05-26T18:17:45.089711" level="INFO">False</msg>
<arg>${json_data['results'][0]['login']}</arg>
<arg>${keyTwo}</arg>
<doc>Fails if ``key`` is not found from ``dictionary``.</doc>
<status status="PASS" start="2024-05-26T18:17:45.089321" elapsed="0.000427"/>
</kw>
<kw name="Dictionary Should Contain Key" owner="Collections">
<msg time="2024-05-26T18:17:45.090409" level="INFO">False</msg>
<arg>${json_data['results'][0]['login']}</arg>
<arg>${keyTwo}</arg>
<doc>Fails if ``key`` is not found from ``dictionary``.</doc>
<status status="PASS" start="2024-05-26T18:17:45.090038" elapsed="0.000408"/>
</kw>
<kw name="Log" owner="BuiltIn">
<msg time="2024-05-26T18:17:45.090861" level="INFO">password</msg>
<arg>${keyTwo}</arg>
<doc>Logs the given message with the given level.</doc>
<status status="PASS" start="2024-05-26T18:17:45.090735" elapsed="0.000163"/>
</kw>
<var name="${keyTwo}">password</var>
<status status="PASS" start="2024-05-26T18:17:45.089211" elapsed="0.001900"/>
</iter>
<var>${keyTwo}</var>
<value>@{expected_keysTwo}</value>
<status status="PASS" start="2024-05-26T18:17:45.086901" elapsed="0.004328"/>
</for>
<status status="PASS" start="2024-05-26T18:17:44.978370" elapsed="0.112997"/>
</kw>
<doc>Testa a estrutura da resposta da API.</doc>
<tag>testeEstruturaResposta</tag>
<status status="PASS" start="2024-05-26T18:17:44.977756" elapsed="0.113760"/>
</test>
<test id="s1-s1-t4" name="Validar tipos de dados" line="28">
<kw name="Teste de Tipos de Dados" owner="random-user-service">
<kw name="GET On Session" owner="RequestsLibrary">
<msg time="2024-05-26T18:17:45.181849" level="INFO">GET Request : url=https://randomuser.me/api 
 path_url=/api 
 headers={'User-Agent': 'python-requests/2.32.2', 'Accept-Encoding': 'gzip, deflate', 'Accept': '*/*', 'Connection': 'keep-alive'} 
 body=None 
 </msg>
<msg time="2024-05-26T18:17:45.181912" level="INFO">GET Response : url=https://randomuser.me/api 
 status=200, reason=OK 
 headers={'Date': 'Sun, 26 May 2024 18:17:45 GMT', 'Content-Type': 'application/json; charset=utf-8', 'Transfer-Encoding': 'chunked', 'Connection': 'keep-alive', 'X-Powered-By': 'Express', 'Access-Control-Allow-Origin': '*', 'Cache-Control': 'no-cache', 'ETag': 'W/"49b-NB3XdEuVl6IT5mNs4yk0ERna0xI"', 'Vary': 'Accept-Encoding', 'Content-Encoding': 'gzip', 'CF-Cache-Status': 'DYNAMIC', 'Report-To': '{"endpoints":[{"url":"https:\\/\\/a.nel.cloudflare.com\\/report\\/v4?s=cA3onOmRf%2F8sbEe3oOYt6vUrJA7EZ29gf929maUDHGKJ0iURuzyJu3FF%2F96KZba%2FHXtTdzcX6N8vwiWLW%2BUvnPDRyVQqECCb0w4mrK3U%2Fy3%2FE1cx0ssY7YGRkCpTI8Om"}],"group":"cf-nel","max_age":604800}', 'NEL': '{"success_fraction":0,"report_to":"cf-nel","max_age":604800}', 'Server': 'cloudflare', 'CF-RAY': '889fc388dbb917de-SJC', 'alt-svc': 'h3=":443"; ma=86400'} 
 body={"results":[{"gender":"female","name":{"title":"Ms","first":"Christina","last":"Clark"},"location":{"street":{"number":9378,"name":"Church Street"},"city":"Kinsealy-Drinan","state":"Longford","country":"Ireland","postcode":66704,"coordinates":{"latitude":"-1.8661","longitude":"88.8185"},"timezone":{"offset":"+3:00","description":"Baghdad, Riyadh, Moscow, St. Petersburg"}},"email":"christina.clark@example.com","login":{"uuid":"32f8f189-a94b-4383-8502-053f232904ae","username":"blackbear404","password":"1701","salt":"IqUoHpqu","md5":"15a9f82422ecc8a90f407c8179a3209a","sha1":"be2fe75612da7694cec5de08335b36e57002625c","sha256":"c3cb410d85b95bde09f66eb5d9f3d764c41694b7f7273aefc8081f37915fb01a"},"dob":{"date":"1958-06-10T22:54:54.150Z","age":65},"registered":{"date":"2021-09-30T13:13:15.040Z","age":2},"phone":"021-150-2687","cell":"081-921-4403","id":{"name":"PPS","value":"8920644T"},"picture":{"large":"https://randomuser.me/api/portraits/women/16.jpg","medium":"https://randomuser.me/api/portraits/med/women/16.jpg","thumbnail":"https://randomuser.me/api/portraits/thumb/women/16.jpg"},"nat":"IE"}],"info":{"seed":"562635529cd7a1e5","results":1,"page":1,"version":"1.4"}} 
 </msg>
<msg time="2024-05-26T18:17:45.181967" level="INFO">/opt/hostedtoolcache/Python/3.12.3/x64/lib/python3.12/site-packages/urllib3/connectionpool.py:1103: InsecureRequestWarning: Unverified HTTPS request is being made to host 'randomuser.me'. Adding certificate verification is strongly advised. See: https://urllib3.readthedocs.io/en/latest/advanced-usage.html#tls-warnings
  warnings.warn(</msg>
<msg time="2024-05-26T18:17:45.182050" level="INFO">${response} = &lt;Response [200]&gt;</msg>
<var>${response}</var>
<arg>consultarAPI</arg>
<arg>/api</arg>
<doc>Sends a GET request on a previously created HTTP Session.</doc>
<status status="PASS" start="2024-05-26T18:17:45.093955" elapsed="0.088119"/>
</kw>
<kw name="Set Variable" owner="BuiltIn">
<msg time="2024-05-26T18:17:45.182892" level="INFO">${json_data} = {'results': [{'gender': 'female', 'name': {'title': 'Ms', 'first': 'Christina', 'last': 'Clark'}, 'location': {'street': {'number': 9378, 'name': 'Church Street'}, 'city': 'Kinsealy-Drinan', 'state': ...</msg>
<var>${json_data}</var>
<arg>${response.json()}</arg>
<doc>Returns the given values which can then be assigned to a variables.</doc>
<status status="PASS" start="2024-05-26T18:17:45.182449" elapsed="0.000472"/>
</kw>
<kw name="Log" owner="BuiltIn">
<msg time="2024-05-26T18:17:45.183382" level="INFO">{'results': [{'gender': 'female', 'name': {'title': 'Ms', 'first': 'Christina', 'last': 'Clark'}, 'location': {'street': {'number': 9378, 'name': 'Church Street'}, 'city': 'Kinsealy-Drinan', 'state': 'Longford', 'country': 'Ireland', 'postcode': 66704, 'coordinates': {'latitude': '-1.8661', 'longitude': '88.8185'}, 'timezone': {'offset': '+3:00', 'description': 'Baghdad, Riyadh, Moscow, St. Petersburg'}}, 'email': 'christina.clark@example.com', 'login': {'uuid': '32f8f189-a94b-4383-8502-053f232904ae', 'username': 'blackbear404', 'password': '1701', 'salt': 'IqUoHpqu', 'md5': '15a9f82422ecc8a90f407c8179a3209a', 'sha1': 'be2fe75612da7694cec5de08335b36e57002625c', 'sha256': 'c3cb410d85b95bde09f66eb5d9f3d764c41694b7f7273aefc8081f37915fb01a'}, 'dob': {'date': '1958-06-10T22:54:54.150Z', 'age': 65}, 'registered': {'date': '2021-09-30T13:13:15.040Z', 'age': 2}, 'phone': '021-150-2687', 'cell': '081-921-4403', 'id': {'name': 'PPS', 'value': '8920644T'}, 'picture': {'large': 'https://randomuser.me/api/portraits/women/16.jpg', 'medium': 'https://randomuser.me/api/portraits/med/women/16.jpg', 'thumbnail': 'https://randomuser.me/api/portraits/thumb/women/16.jpg'}, 'nat': 'IE'}], 'info': {'seed': '562635529cd7a1e5', 'results': 1, 'page': 1, 'version': '1.4'}}</msg>
<arg>${json_data}</arg>
<doc>Logs the given message with the given level.</doc>
<status status="PASS" start="2024-05-26T18:17:45.183227" elapsed="0.000234"/>
</kw>
<kw name="Should Be String" owner="String">
<arg>${json_data['results'][0]['gender']}</arg>
<doc>Fails if the given ``item`` is not a string.</doc>
<status status="PASS" start="2024-05-26T18:17:45.183762" elapsed="0.000380"/>
</kw>
<kw name="Should Match Regexp" owner="BuiltIn">
<arg>${json_data['results'][0]['email']}</arg>
<arg>^[a-zA-Z0-9._%+-]+@[a-zA-Z0-9.-]+\.[a-zA-Z]{2,}$</arg>
<doc>Fails if ``string`` does not match ``pattern`` as a regular expression.</doc>
<status status="PASS" start="2024-05-26T18:17:45.184336" elapsed="0.000689"/>
</kw>
<kw name="Should Match Regexp" owner="BuiltIn">
<arg>${json_data['results'][0]['dob']['date']}</arg>
<arg>\\d{4}-\\d{2}-\\d{2}T\\d{2}:\\d{2}:\\d{2}\\.\\d{3}Z</arg>
<doc>Fails if ``string`` does not match ``pattern`` as a regular expression.</doc>
<status status="PASS" start="2024-05-26T18:17:45.185231" elapsed="0.000496"/>
</kw>
<kw name="Should Match Regexp" owner="BuiltIn">
<arg>${json_data['results'][0]['registered']['date']}</arg>
<arg>\\d{4}-\\d{2}-\\d{2}T\\d{2}:\\d{2}:\\d{2}\\.\\d{3}Z</arg>
<doc>Fails if ``string`` does not match ``pattern`` as a regular expression.</doc>
<status status="PASS" start="2024-05-26T18:17:45.185924" elapsed="0.000377"/>
</kw>
<kw name="Should Match Regexp" owner="BuiltIn">
<arg>${json_data['results'][0]['picture']['large']}</arg>
<arg>^https?://.*\.(?:png|jpe?g|gif|bmp)$</arg>
<doc>Fails if ``string`` does not match ``pattern`` as a regular expression.</doc>
<status status="PASS" start="2024-05-26T18:17:45.186489" elapsed="0.000461"/>
</kw>
<kw name="Should Match Regexp" owner="BuiltIn">
<arg>${json_data['results'][0]['picture']['medium']}</arg>
<arg>^https?://.*\.(?:png|jpe?g|gif|bmp)$</arg>
<doc>Fails if ``string`` does not match ``pattern`` as a regular expression.</doc>
<status status="PASS" start="2024-05-26T18:17:45.187141" elapsed="0.000352"/>
</kw>
<kw name="Should Match Regexp" owner="BuiltIn">
<arg>${json_data['results'][0]['picture']['thumbnail']}</arg>
<arg>^https?://.*\.(?:png|jpe?g|gif|bmp)$</arg>
<doc>Fails if ``string`` does not match ``pattern`` as a regular expression.</doc>
<status status="PASS" start="2024-05-26T18:17:45.187679" elapsed="0.000347"/>
</kw>
<kw name="Log" owner="BuiltIn">
<msg time="2024-05-26T18:17:45.188531" level="INFO">{'large': 'https://randomuser.me/api/portraits/women/16.jpg', 'medium': 'https://randomuser.me/api/portraits/med/women/16.jpg', 'thumbnail': 'https://randomuser.me/api/portraits/thumb/women/16.jpg'}</msg>
<arg>${json_data['results'][0]['picture']}</arg>
<doc>Logs the given message with the given level.</doc>
<status status="PASS" start="2024-05-26T18:17:45.188207" elapsed="0.000367"/>
</kw>
<status status="PASS" start="2024-05-26T18:17:45.093728" elapsed="0.095127"/>
</kw>
<kw name="Teste de Tipos de Dados - Postcode" owner="random-user-service">
<kw name="GET On Session" owner="RequestsLibrary">
<msg time="2024-05-26T18:17:45.281837" level="INFO">GET Request : url=https://randomuser.me/api 
 path_url=/api 
 headers={'User-Agent': 'python-requests/2.32.2', 'Accept-Encoding': 'gzip, deflate', 'Accept': '*/*', 'Connection': 'keep-alive'} 
 body=None 
 </msg>
<msg time="2024-05-26T18:17:45.281901" level="INFO">GET Response : url=https://randomuser.me/api 
 status=200, reason=OK 
 headers={'Date': 'Sun, 26 May 2024 18:17:45 GMT', 'Content-Type': 'application/json; charset=utf-8', 'Transfer-Encoding': 'chunked', 'Connection': 'keep-alive', 'X-Powered-By': 'Express', 'Access-Control-Allow-Origin': '*', 'Cache-Control': 'no-cache', 'ETag': 'W/"473-RyUJtPl4r8wj/pFajiUzlHtRB00"', 'Vary': 'Accept-Encoding', 'Content-Encoding': 'gzip', 'CF-Cache-Status': 'DYNAMIC', 'Report-To': '{"endpoints":[{"url":"https:\\/\\/a.nel.cloudflare.com\\/report\\/v4?s=ckyfmFkaBkR5an%2F8afUGPeQ2EyZ%2BkwNhSvgY4JsWuJ532PYgrc6zHb50%2FgX5zLE1oCrHWUpD2Hl8Cmec7omfAlRtcw3Qubfh2GJjyWayXtJlq9nYs0oklIfhR0nnXSGD"}],"group":"cf-nel","max_age":604800}', 'NEL': '{"success_fraction":0,"report_to":"cf-nel","max_age":604800}', 'Server': 'cloudflare', 'CF-RAY': '889fc3897c2217de-SJC', 'alt-svc': 'h3=":443"; ma=86400'} 
 body={"results":[{"gender":"female","name":{"title":"Ms","first":"Jenisha","last":"Ramesh"},"location":{"street":{"number":1630,"name":"Marine Drive"},"city":"Madurai","state":"Haryana","country":"India","postcode":85008,"coordinates":{"latitude":"12.6511","longitude":"46.8373"},"timezone":{"offset":"-9:00","description":"Alaska"}},"email":"jenisha.ramesh@example.com","login":{"uuid":"4bf12885-d65d-437d-b29d-52059b96d762","username":"ticklishfrog251","password":"modem","salt":"xwZpDZ0i","md5":"222d37c2575b3c1946d46c9ab3a01dd7","sha1":"f71c5c687b39dbea6453b8fb96352f59d7cfc3d1","sha256":"8af642dce7010faf2effecb36b065c959188c53e67709fb0cad248a4db2029f0"},"dob":{"date":"1946-06-22T07:16:07.300Z","age":77},"registered":{"date":"2009-04-21T14:41:46.086Z","age":15},"phone":"9538441921","cell":"7516198650","id":{"name":"UIDAI","value":"405309066922"},"picture":{"large":"https://randomuser.me/api/portraits/women/58.jpg","medium":"https://randomuser.me/api/portraits/med/women/58.jpg","thumbnail":"https://randomuser.me/api/portraits/thumb/women/58.jpg"},"nat":"IN"}],"info":{"seed":"24a4b866990332a3","results":1,"page":1,"version":"1.4"}} 
 </msg>
<msg time="2024-05-26T18:17:45.281955" level="INFO">/opt/hostedtoolcache/Python/3.12.3/x64/lib/python3.12/site-packages/urllib3/connectionpool.py:1103: InsecureRequestWarning: Unverified HTTPS request is being made to host 'randomuser.me'. Adding certificate verification is strongly advised. See: https://urllib3.readthedocs.io/en/latest/advanced-usage.html#tls-warnings
  warnings.warn(</msg>
<msg time="2024-05-26T18:17:45.282041" level="INFO">${response} = &lt;Response [200]&gt;</msg>
<var>${response}</var>
<arg>consultarAPI</arg>
<arg>/api</arg>
<doc>Sends a GET request on a previously created HTTP Session.</doc>
<status status="PASS" start="2024-05-26T18:17:45.189286" elapsed="0.092796"/>
</kw>
<kw name="Set Variable" owner="BuiltIn">
<msg time="2024-05-26T18:17:45.283084" level="INFO">${json_data} = {'results': [{'gender': 'female', 'name': {'title': 'Ms', 'first': 'Jenisha', 'last': 'Ramesh'}, 'location': {'street': {'number': 1630, 'name': 'Marine Drive'}, 'city': 'Madurai', 'state': 'Haryana',...</msg>
<var>${json_data}</var>
<arg>${response.json()}</arg>
<doc>Returns the given values which can then be assigned to a variables.</doc>
<status status="PASS" start="2024-05-26T18:17:45.282526" elapsed="0.000587"/>
</kw>
<kw name="Log" owner="BuiltIn">
<msg time="2024-05-26T18:17:45.283584" level="INFO">{'results': [{'gender': 'female', 'name': {'title': 'Ms', 'first': 'Jenisha', 'last': 'Ramesh'}, 'location': {'street': {'number': 1630, 'name': 'Marine Drive'}, 'city': 'Madurai', 'state': 'Haryana', 'country': 'India', 'postcode': 85008, 'coordinates': {'latitude': '12.6511', 'longitude': '46.8373'}, 'timezone': {'offset': '-9:00', 'description': 'Alaska'}}, 'email': 'jenisha.ramesh@example.com', 'login': {'uuid': '4bf12885-d65d-437d-b29d-52059b96d762', 'username': 'ticklishfrog251', 'password': 'modem', 'salt': 'xwZpDZ0i', 'md5': '222d37c2575b3c1946d46c9ab3a01dd7', 'sha1': 'f71c5c687b39dbea6453b8fb96352f59d7cfc3d1', 'sha256': '8af642dce7010faf2effecb36b065c959188c53e67709fb0cad248a4db2029f0'}, 'dob': {'date': '1946-06-22T07:16:07.300Z', 'age': 77}, 'registered': {'date': '2009-04-21T14:41:46.086Z', 'age': 15}, 'phone': '9538441921', 'cell': '7516198650', 'id': {'name': 'UIDAI', 'value': '405309066922'}, 'picture': {'large': 'https://randomuser.me/api/portraits/women/58.jpg', 'medium': 'https://randomuser.me/api/portraits/med/women/58.jpg', 'thumbnail': 'https://randomuser.me/api/portraits/thumb/women/58.jpg'}, 'nat': 'IN'}], 'info': {'seed': '24a4b866990332a3', 'results': 1, 'page': 1, 'version': '1.4'}}</msg>
<arg>${json_data}</arg>
<doc>Logs the given message with the given level.</doc>
<status status="PASS" start="2024-05-26T18:17:45.283424" elapsed="0.000238"/>
</kw>
<kw name="Should Be Equal As Numbers" owner="BuiltIn">
<arg>${json_data['results'][0]['location']['postcode']}</arg>
<arg>${json_data['results'][0]['location']['postcode']}</arg>
<doc>Fails if objects are unequal after converting them to real numbers.</doc>
<status status="PASS" start="2024-05-26T18:17:45.283964" elapsed="0.000625"/>
</kw>
<kw name="Log" owner="BuiltIn">
<msg time="2024-05-26T18:17:45.285183" level="INFO">85008</msg>
<arg>${json_data['results'][0]['location']['postcode']}</arg>
<doc>Logs the given message with the given level.</doc>
<status status="PASS" start="2024-05-26T18:17:45.284838" elapsed="0.000387"/>
</kw>
<status status="PASS" start="2024-05-26T18:17:45.189062" elapsed="0.096415"/>
</kw>
<doc>Testa se os tipos de dados na resposta da API estão corretos.</doc>
<tag>testeTiposDados</tag>
<status status="PASS" start="2024-05-26T18:17:45.093277" elapsed="0.192358"/>
</test>
<test id="s1-s1-t5" name="Validar conteudo" line="35">
<kw name="Teste de Tipos de Conteudo" owner="random-user-service">
<kw name="GET On Session" owner="RequestsLibrary">
<msg time="2024-05-26T18:17:45.381756" level="INFO">GET Request : url=https://randomuser.me/api 
 path_url=/api 
 headers={'User-Agent': 'python-requests/2.32.2', 'Accept-Encoding': 'gzip, deflate', 'Accept': '*/*', 'Connection': 'keep-alive'} 
 body=None 
 </msg>
<msg time="2024-05-26T18:17:45.381840" level="INFO">GET Response : url=https://randomuser.me/api 
 status=200, reason=OK 
 headers={'Date': 'Sun, 26 May 2024 18:17:45 GMT', 'Content-Type': 'application/json; charset=utf-8', 'Transfer-Encoding': 'chunked', 'Connection': 'keep-alive', 'X-Powered-By': 'Express', 'Access-Control-Allow-Origin': '*', 'Cache-Control': 'no-cache', 'ETag': 'W/"489-Wfxday/RZmbixKEsaUGGM7yKAX8"', 'Vary': 'Accept-Encoding', 'Content-Encoding': 'gzip', 'CF-Cache-Status': 'DYNAMIC', 'Report-To': '{"endpoints":[{"url":"https:\\/\\/a.nel.cloudflare.com\\/report\\/v4?s=rrrxS2rX5mIR%2Bf8Dm9PQTLx2UQq%2FjRmv2Ai43Q51LbwyL%2F8wXS4E9bj1pCacjSdA08mc4eC5F3nWzQpTuCy8s2VluGrCIDT66zf28c8G0KeRYJBQxaeeM9NIzDFcEiiW"}],"group":"cf-nel","max_age":604800}', 'NEL': '{"success_fraction":0,"report_to":"cf-nel","max_age":604800}', 'Server': 'cloudflare', 'CF-RAY': '889fc38a1cb017de-SJC', 'alt-svc': 'h3=":443"; ma=86400'} 
 body={"results":[{"gender":"male","name":{"title":"Monsieur","first":"Maurice","last":"Carpentier"},"location":{"street":{"number":1730,"name":"Rue du Bon-Pasteur"},"city":"Linescio","state":"Zug","country":"Switzerland","postcode":6208,"coordinates":{"latitude":"-57.9855","longitude":"-168.8995"},"timezone":{"offset":"+4:30","description":"Kabul"}},"email":"maurice.carpentier@example.com","login":{"uuid":"a2a2c8fb-a383-4d1d-867a-84359c5d7af9","username":"lazyostrich554","password":"high","salt":"QoImZeZc","md5":"e2150ee85f15902e70aa588916a62a7a","sha1":"f524633be359e1e3b6915fbcc3af59ae6cba7c92","sha256":"d9ac4e8d94cf88a61ff86622855c58aae21525d78756491d752a91d031717278"},"dob":{"date":"1961-10-15T23:52:44.112Z","age":62},"registered":{"date":"2006-04-13T21:27:03.599Z","age":18},"phone":"078 384 69 69","cell":"079 463 76 68","id":{"name":"AVS","value":"756.8721.2392.17"},"picture":{"large":"https://randomuser.me/api/portraits/men/32.jpg","medium":"https://randomuser.me/api/portraits/med/men/32.jpg","thumbnail":"https://randomuser.me/api/portraits/thumb/men/32.jpg"},"nat":"CH"}],"info":{"seed":"4a1e2358a3136a15","results":1,"page":1,"version":"1.4"}} 
 </msg>
<msg time="2024-05-26T18:17:45.381914" level="INFO">/opt/hostedtoolcache/Python/3.12.3/x64/lib/python3.12/site-packages/urllib3/connectionpool.py:1103: InsecureRequestWarning: Unverified HTTPS request is being made to host 'randomuser.me'. Adding certificate verification is strongly advised. See: https://urllib3.readthedocs.io/en/latest/advanced-usage.html#tls-warnings
  warnings.warn(</msg>
<msg time="2024-05-26T18:17:45.382009" level="INFO">${response} = &lt;Response [200]&gt;</msg>
<var>${response}</var>
<arg>consultarAPI</arg>
<arg>/api</arg>
<doc>Sends a GET request on a previously created HTTP Session.</doc>
<status status="PASS" start="2024-05-26T18:17:45.288178" elapsed="0.093869"/>
</kw>
<kw name="Set Variable" owner="BuiltIn">
<msg time="2024-05-26T18:17:45.383048" level="INFO">${json_data} = {'results': [{'gender': 'male', 'name': {'title': 'Monsieur', 'first': 'Maurice', 'last': 'Carpentier'}, 'location': {'street': {'number': 1730, 'name': 'Rue du Bon-Pasteur'}, 'city': 'Linescio', 'sta...</msg>
<var>${json_data}</var>
<arg>${response.json()}</arg>
<doc>Returns the given values which can then be assigned to a variables.</doc>
<status status="PASS" start="2024-05-26T18:17:45.382503" elapsed="0.000574"/>
</kw>
<kw name="Set Variable" owner="BuiltIn">
<msg time="2024-05-26T18:17:45.383775" level="INFO">${name_title} = Monsieur</msg>
<var>${name_title}</var>
<arg>${json_data["results"][0]["name"]["title"]}</arg>
<doc>Returns the given values which can then be assigned to a variables.</doc>
<status status="PASS" start="2024-05-26T18:17:45.383384" elapsed="0.000418"/>
</kw>
<kw name="Create List" owner="BuiltIn">
<msg time="2024-05-26T18:17:45.384258" level="INFO">${allowed_titles} = ['Mr', 'Ms', 'Miss', 'Mrs', 'Madame', 'Monsieur']</msg>
<var>${allowed_titles}</var>
<arg>Mr</arg>
<arg>Ms</arg>
<arg>Miss</arg>
<arg>Mrs</arg>
<arg>Madame</arg>
<arg>Monsieur</arg>
<doc>Returns a list containing given items.</doc>
<status status="PASS" start="2024-05-26T18:17:45.384105" elapsed="0.000178"/>
</kw>
<kw name="List Should Contain Value" owner="Collections">
<msg time="2024-05-26T18:17:45.384816" level="INFO">False</msg>
<arg>${allowed_titles}</arg>
<arg>${name_title}</arg>
<doc>Fails if the ``value`` is not found from ``list``.</doc>
<status status="PASS" start="2024-05-26T18:17:45.384585" elapsed="0.000272"/>
</kw>
<kw name="Set Variable" owner="BuiltIn">
<msg time="2024-05-26T18:17:45.385676" level="INFO">${name_country} = CH</msg>
<var>${name_country}</var>
<arg>${json_data["results"][0]["nat"]}</arg>
<doc>Returns the given values which can then be assigned to a variables.</doc>
<status status="PASS" start="2024-05-26T18:17:45.385159" elapsed="0.000544"/>
</kw>
<kw name="Create List" owner="BuiltIn">
<msg time="2024-05-26T18:17:45.386614" level="INFO">${list_country} = ['AD', 'AE', 'AF', 'AG', 'AI', 'AL', 'AM', 'AO', 'AQ', 'AR', 'AS', 'AT', 'AU', 'AW', 'AX', 'AZ', 'BA', 'BB', 'BD', 'BE', 'BF', 'BG', 'BH', 'BI', 'BJ', 'BL', 'BM', 'BN', 'BO', 'BQ', 'BR', 'BS', 'BT', '...</msg>
<var>${list_country}</var>
<arg>AD</arg>
<arg>AE</arg>
<arg>AF</arg>
<arg>AG</arg>
<arg>AI</arg>
<arg>AL</arg>
<arg>AM</arg>
<arg>AO</arg>
<arg>AQ</arg>
<arg>AR</arg>
<arg>AS</arg>
<arg>AT</arg>
<arg>AU</arg>
<arg>AW</arg>
<arg>AX</arg>
<arg>AZ</arg>
<arg>BA</arg>
<arg>BB</arg>
<arg>BD</arg>
<arg>BE</arg>
<arg>BF</arg>
<arg>BG</arg>
<arg>BH</arg>
<arg>BI</arg>
<arg>BJ</arg>
<arg>BL</arg>
<arg>BM</arg>
<arg>BN</arg>
<arg>BO</arg>
<arg>BQ</arg>
<arg>BR</arg>
<arg>BS</arg>
<arg>BT</arg>
<arg>BV</arg>
<arg>BW</arg>
<arg>BY</arg>
<arg>BZ</arg>
<arg>CA</arg>
<arg>CC</arg>
<arg>CD</arg>
<arg>CF</arg>
<arg>CG</arg>
<arg>CH</arg>
<arg>CI</arg>
<arg>CK</arg>
<arg>CL</arg>
<arg>CM</arg>
<arg>CN</arg>
<arg>CO</arg>
<arg>CR</arg>
<arg>CU</arg>
<arg>CV</arg>
<arg>CW</arg>
<arg>CX</arg>
<arg>CY</arg>
<arg>CZ</arg>
<arg>DE</arg>
<arg>DJ</arg>
<arg>DK</arg>
<arg>DM</arg>
<arg>DO</arg>
<arg>DZ</arg>
<arg>EC</arg>
<arg>EE</arg>
<arg>EG</arg>
<arg>EH</arg>
<arg>ER</arg>
<arg>ES</arg>
<arg>ET</arg>
<arg>FI</arg>
<arg>FJ</arg>
<arg>FK</arg>
<arg>FM</arg>
<arg>FO</arg>
<arg>FR</arg>
<arg>GA</arg>
<arg>GB</arg>
<arg>GD</arg>
<arg>GE</arg>
<arg>GF</arg>
<arg>GG</arg>
<arg>GH</arg>
<arg>GI</arg>
<arg>GL</arg>
<arg>GM</arg>
<arg>GN</arg>
<arg>GP</arg>
<arg>GQ</arg>
<arg>GR</arg>
<arg>GS</arg>
<arg>GT</arg>
<arg>GU</arg>
<arg>GW</arg>
<arg>GY</arg>
<arg>HK</arg>
<arg>HM</arg>
<arg>HN</arg>
<arg>HR</arg>
<arg>HT</arg>
<arg>HU</arg>
<arg>ID</arg>
<arg>IE</arg>
<arg>IL</arg>
<arg>IM</arg>
<arg>IN</arg>
<arg>IO</arg>
<arg>IQ</arg>
<arg>IR</arg>
<arg>IS</arg>
<arg>IT</arg>
<arg>JE</arg>
<arg>JM</arg>
<arg>JO</arg>
<arg>JP</arg>
<arg>KE</arg>
<arg>KG</arg>
<arg>KH</arg>
<arg>KI</arg>
<arg>KM</arg>
<arg>KN</arg>
<arg>KP</arg>
<arg>KR</arg>
<arg>KW</arg>
<arg>KY</arg>
<arg>KZ</arg>
<arg>LA</arg>
<arg>LB</arg>
<arg>LC</arg>
<arg>LI</arg>
<arg>LK</arg>
<arg>LR</arg>
<arg>LS</arg>
<arg>LT</arg>
<arg>LU</arg>
<arg>LV</arg>
<arg>LY</arg>
<arg>MA</arg>
<arg>MC</arg>
<arg>MD</arg>
<arg>ME</arg>
<arg>MF</arg>
<arg>MG</arg>
<arg>MH</arg>
<arg>MK</arg>
<arg>ML</arg>
<arg>MM</arg>
<arg>MN</arg>
<arg>MO</arg>
<arg>MP</arg>
<arg>MQ</arg>
<arg>MR</arg>
<arg>MS</arg>
<arg>MT</arg>
<arg>MU</arg>
<arg>MV</arg>
<arg>MW</arg>
<arg>MX</arg>
<arg>MY</arg>
<arg>MZ</arg>
<arg>NA</arg>
<arg>NC</arg>
<arg>NE</arg>
<arg>NF</arg>
<arg>NG</arg>
<arg>NI</arg>
<arg>NL</arg>
<arg>NO</arg>
<arg>NP</arg>
<arg>NR</arg>
<arg>NU</arg>
<arg>NZ</arg>
<arg>OM</arg>
<arg>PA</arg>
<arg>PE</arg>
<arg>PF</arg>
<arg>PG</arg>
<arg>PH</arg>
<arg>PK</arg>
<arg>PL</arg>
<arg>PM</arg>
<arg>PN</arg>
<arg>PR</arg>
<arg>PS</arg>
<arg>PT</arg>
<arg>PW</arg>
<arg>PY</arg>
<arg>QA</arg>
<arg>RE</arg>
<arg>RO</arg>
<arg>RS</arg>
<arg>RU</arg>
<arg>RW</arg>
<arg>SA</arg>
<arg>SB</arg>
<arg>SC</arg>
<arg>SD</arg>
<arg>SE</arg>
<arg>SG</arg>
<arg>SH</arg>
<arg>SI</arg>
<arg>SJ</arg>
<arg>SK</arg>
<arg>SL</arg>
<arg>SM</arg>
<arg>SN</arg>
<arg>SO</arg>
<arg>SR</arg>
<arg>SS</arg>
<arg>ST</arg>
<arg>SV</arg>
<arg>SX</arg>
<arg>SY</arg>
<arg>SZ</arg>
<arg>TC</arg>
<arg>TD</arg>
<arg>TF</arg>
<arg>TG</arg>
<arg>TH</arg>
<arg>TJ</arg>
<arg>TK</arg>
<arg>TL</arg>
<arg>TM</arg>
<arg>TN</arg>
<arg>TO</arg>
<arg>TR</arg>
<arg>TT</arg>
<arg>TV</arg>
<arg>TW</arg>
<arg>TZ</arg>
<arg>UA</arg>
<arg>UG</arg>
<arg>UM</arg>
<arg>US</arg>
<arg>UY</arg>
<arg>UZ</arg>
<arg>VA</arg>
<arg>VC</arg>
<arg>VE</arg>
<arg>VG</arg>
<arg>VI</arg>
<arg>VN</arg>
<arg>VU</arg>
<arg>WF</arg>
<arg>WS</arg>
<arg>XK</arg>
<arg>YE</arg>
<arg>YT</arg>
<arg>ZA</arg>
<arg>ZM</arg>
<arg>ZW</arg>
<doc>Returns a list containing given items.</doc>
<status status="PASS" start="2024-05-26T18:17:45.386013" elapsed="0.000633"/>
</kw>
<kw name="List Should Contain Value" owner="Collections">
<msg time="2024-05-26T18:17:45.387658" level="INFO">False</msg>
<arg>${list_country}</arg>
<arg>${name_country}</arg>
<doc>Fails if the ``value`` is not found from ``list``.</doc>
<status status="PASS" start="2024-05-26T18:17:45.387453" elapsed="0.000241"/>
</kw>
<kw name="Run Keyword If" owner="BuiltIn">
<kw name="Should Be True" owner="BuiltIn">
<arg>${True}</arg>
<doc>Fails if the given condition is not true.</doc>
<status status="PASS" start="2024-05-26T18:17:45.388796" elapsed="0.000147"/>
</kw>
<arg>${json_data["results"][0]["location"]["coordinates"]["latitude"]} &gt;= -90 and ${json_data["results"][0]["location"]["coordinates"]["latitude"]} &lt;= 90</arg>
<arg>Should Be True</arg>
<arg>${True}</arg>
<doc>Runs the given keyword with the given arguments, if ``condition`` is true.</doc>
<status status="PASS" start="2024-05-26T18:17:45.388007" elapsed="0.001065"/>
</kw>
<kw name="Run Keyword If" owner="BuiltIn">
<kw name="Should Be True" owner="BuiltIn">
<arg>${True}</arg>
<doc>Fails if the given condition is not true.</doc>
<status status="PASS" start="2024-05-26T18:17:45.389948" elapsed="0.000137"/>
</kw>
<arg>${json_data["results"][0]["location"]["coordinates"]["longitude"]} &gt;= -180 and ${json_data["results"][0]["location"]["coordinates"]["longitude"]} &lt;= 180</arg>
<arg>Should Be True</arg>
<arg>${True}</arg>
<doc>Runs the given keyword with the given arguments, if ``condition`` is true.</doc>
<status status="PASS" start="2024-05-26T18:17:45.389257" elapsed="0.000951"/>
</kw>
<status status="PASS" start="2024-05-26T18:17:45.287935" elapsed="0.102397"/>
</kw>
<doc>Testa o conteúdo específico dos campos retornados pela API.</doc>
<tag>testeConteudo</tag>
<status status="PASS" start="2024-05-26T18:17:45.287406" elapsed="0.103068"/>
</test>
<status status="PASS" start="2024-05-26T18:17:44.453493" elapsed="0.938909"/>
</suite>
<status status="PASS" start="2024-05-26T18:17:44.440050" elapsed="0.957515"/>
</suite>
<statistics>
<total>
<stat pass="5" fail="0" skip="0">All Tests</stat>
</total>
<tag>
<stat pass="1" fail="0" skip="0">testeConteudo</stat>
<stat pass="1" fail="0" skip="0">testeEstruturaResposta</stat>
<stat pass="1" fail="0" skip="0">testeRequisicaoBasica</stat>
<stat pass="1" fail="0" skip="0">testeTiposDados</stat>
</tag>
<suite>
<stat pass="5" fail="0" skip="0" id="s1" name="Tests">Tests</stat>
<stat pass="5" fail="0" skip="0" id="s1-s1" name="Random-User-Test">Tests.Random-User-Test</stat>
</suite>
</statistics>
<errors>
</errors>
</robot>
