<?xml version="1.0" encoding="UTF-8"?>
<robot generator="Robot 7.0 (Python 3.12.2 on linux)" generated="2024-03-21T21:13:38.788684" rpa="false" schemaversion="5">
<suite id="s1" name="Tests" source="/home/runner/work/DesafioQAItauRogerioJordao/DesafioQAItauRogerioJordao/RamdonUser/tests">
<suite id="s1-s1" name="Random-User-Test" source="/home/runner/work/DesafioQAItauRogerioJordao/DesafioQAItauRogerioJordao/RamdonUser/tests/random-user-test.robot">
<test id="s1-s1-t1" name="Conectar" line="13">
<kw name="Conectar API" owner="random-user-service">
<kw name="Create Session" owner="RequestsLibrary">
<msg time="2024-03-21T21:13:39.148398" level="INFO">Creating Session using : alias=consultarAPI, url=https://randomuser.me/, headers={},                     cookies={}, auth=None, timeout=None, proxies=None, verify=False,                     debug=0 </msg>
<arg>consultarAPI</arg>
<arg>${URL}</arg>
<doc>Create Session: create a HTTP session to a server</doc>
<status status="PASS" start="2024-03-21T21:13:39.148200" elapsed="0.000379"/>
</kw>
<status status="PASS" start="2024-03-21T21:13:39.147161" elapsed="0.001776"/>
</kw>
<status status="PASS" start="2024-03-21T21:13:39.146530" elapsed="0.002609"/>
</test>
<test id="s1-s1-t2" name="Validar retorno 200 e JSON Válido" line="16">
<kw name="Teste de Requisicao Basica" owner="random-user-service">
<kw name="GET On Session" owner="RequestsLibrary">
<msg time="2024-03-21T21:13:39.220030" level="INFO">GET Request : url=https://randomuser.me/api 
 path_url=/api 
 headers={'User-Agent': 'python-requests/2.31.0', 'Accept-Encoding': 'gzip, deflate', 'Accept': '*/*', 'Connection': 'keep-alive'} 
 body=None 
 </msg>
<msg time="2024-03-21T21:13:39.220165" level="INFO">GET Response : url=https://randomuser.me/api 
 status=200, reason=OK 
 headers={'Date': 'Thu, 21 Mar 2024 21:13:39 GMT', 'Content-Type': 'application/json; charset=utf-8', 'Transfer-Encoding': 'chunked', 'Connection': 'keep-alive', 'X-Powered-By': 'Express', 'Access-Control-Allow-Origin': '*', 'Cache-Control': 'no-cache', 'ETag': 'W/"493-GIYwYOwqDB3PcZI7r5SDAlL5wuA"', 'Vary': 'Accept-Encoding', 'Content-Encoding': 'gzip', 'CF-Cache-Status': 'DYNAMIC', 'Report-To': '{"endpoints":[{"url":"https:\\/\\/a.nel.cloudflare.com\\/report\\/v4?s=uDWGbuf9mUsjyb4AjIypwqiOtm7COHpoAVYeiihfdUCW2os3K6wP5rrkOCivvGsCzq6MemMexNDjgtqR2hcARw6WYqLdQTRlPgi%2B%2Bd8LEPSYTx2FBPUGuDBRmglYMmOz"}],"group":"cf-nel","max_age":604800}', 'NEL': '{"success_fraction":0,"report_to":"cf-nel","max_age":604800}', 'Server': 'cloudflare', 'CF-RAY': '8680f273edb23ae0-IAD', 'alt-svc': 'h3=":443"; ma=86400'} 
 body={"results":[{"gender":"female","name":{"title":"Madame","first":"Alissa","last":"Colin"},"location":{"street":{"number":5633,"name":"Rue de L'Abbé-Carton"},"city":"Bürchen","state":"Jura","country":"Switzerland","postcode":6675,"coordinates":{"latitude":"-60.6127","longitude":"73.9137"},"timezone":{"offset":"-12:00","description":"Eniwetok, Kwajalein"}},"email":"alissa.colin@example.com","login":{"uuid":"02709826-96c8-4824-a6ce-ee81dda2d366","username":"tinywolf909","password":"sander","salt":"yXHFiqjA","md5":"40c90d1cb532aa6f26198bde1792691f","sha1":"8f3d20a29cfd253332c81551286c53351bb6c272","sha256":"0b7c6f1bf3d8d7903b8b5a00c61755a86c82d710df33343f1f048943faa87ee3"},"dob":{"date":"1974-07-26T22:04:54.668Z","age":49},"registered":{"date":"2004-04-06T23:33:58.599Z","age":19},"phone":"075 824 31 67","cell":"077 123 58 34","id":{"name":"AVS","value":"756.5976.7959.48"},"picture":{"large":"https://randomuser.me/api/portraits/women/83.jpg","medium":"https://randomuser.me/api/portraits/med/women/83.jpg","thumbnail":"https://randomuser.me/api/portraits/thumb/women/83.jpg"},"nat":"CH"}],"info":{"seed":"acefe30fc1b8a5b5","results":1,"page":1,"version":"1.4"}} 
 </msg>
<msg time="2024-03-21T21:13:39.220293" level="INFO">/opt/hostedtoolcache/Python/3.12.2/x64/lib/python3.12/site-packages/urllib3/connectionpool.py:1103: InsecureRequestWarning: Unverified HTTPS request is being made to host 'randomuser.me'. Adding certificate verification is strongly advised. See: https://urllib3.readthedocs.io/en/latest/advanced-usage.html#tls-warnings
  warnings.warn(</msg>
<msg time="2024-03-21T21:13:39.220462" level="INFO">${response} = &lt;Response [200]&gt;</msg>
<var>${response}</var>
<arg>consultarAPI</arg>
<arg>/api</arg>
<doc>Sends a GET request on a previously created HTTP Session.</doc>
<status status="PASS" start="2024-03-21T21:13:39.151781" elapsed="0.068733"/>
</kw>
<kw name="Should Be Equal As Numbers" owner="BuiltIn">
<msg time="2024-03-21T21:13:39.221344" level="INFO">Argument types are:
&lt;class 'int'&gt;
&lt;class 'str'&gt;</msg>
<arg>${response.status_code}</arg>
<arg>200</arg>
<doc>Fails if objects are unequal after converting them to real numbers.</doc>
<status status="PASS" start="2024-03-21T21:13:39.220933" elapsed="0.000475"/>
</kw>
<kw name="Log" owner="BuiltIn">
<msg time="2024-03-21T21:13:39.222089" level="INFO">200</msg>
<arg>${response.status_code}</arg>
<doc>Logs the given message with the given level.</doc>
<status status="PASS" start="2024-03-21T21:13:39.221729" elapsed="0.000404"/>
</kw>
<kw name="Set Variable" owner="BuiltIn">
<msg time="2024-03-21T21:13:39.222952" level="INFO">${json_data} = {'results': [{'gender': 'female', 'name': {'title': 'Madame', 'first': 'Alissa', 'last': 'Colin'}, 'location': {'street': {'number': 5633, 'name': "Rue de L'Abbé-Carton"}, 'city': 'Bürchen', 'state': ...</msg>
<var>${json_data}</var>
<arg>${response.json()}</arg>
<doc>Returns the given values which can then be assigned to a variables.</doc>
<status status="PASS" start="2024-03-21T21:13:39.222467" elapsed="0.000515"/>
</kw>
<kw name="Dictionary Should Contain Key" owner="Collections">
<msg time="2024-03-21T21:13:39.223463" level="INFO">False</msg>
<arg>${json_data}</arg>
<arg>results</arg>
<doc>Fails if ``key`` is not found from ``dictionary``.</doc>
<status status="PASS" start="2024-03-21T21:13:39.223295" elapsed="0.000208"/>
</kw>
<status status="PASS" start="2024-03-21T21:13:39.151539" elapsed="0.072224"/>
</kw>
<doc>Testa se a API responde corretamente e retorna um objeto JSON válido.</doc>
<tag>testeRequisicaoBasica</tag>
<status status="PASS" start="2024-03-21T21:13:39.151036" elapsed="0.072902"/>
</test>
<test id="s1-s1-t3" name="Validar estrutura de resposta" line="22">
<kw name="Teste de Estrutura de Resposta" owner="random-user-service">
<kw name="GET On Session" owner="RequestsLibrary">
<msg time="2024-03-21T21:13:39.328394" level="INFO">GET Request : url=https://randomuser.me/api 
 path_url=/api 
 headers={'User-Agent': 'python-requests/2.31.0', 'Accept-Encoding': 'gzip, deflate', 'Accept': '*/*', 'Connection': 'keep-alive'} 
 body=None 
 </msg>
<msg time="2024-03-21T21:13:39.328487" level="INFO">GET Response : url=https://randomuser.me/api 
 status=200, reason=OK 
 headers={'Date': 'Thu, 21 Mar 2024 21:13:39 GMT', 'Content-Type': 'application/json; charset=utf-8', 'Transfer-Encoding': 'chunked', 'Connection': 'keep-alive', 'X-Powered-By': 'Express', 'Access-Control-Allow-Origin': '*', 'Cache-Control': 'no-cache', 'ETag': 'W/"491-qT0lp23wJjD1ZSu6xL1YaUQvCI0"', 'Vary': 'Accept-Encoding', 'Content-Encoding': 'gzip', 'CF-Cache-Status': 'DYNAMIC', 'Report-To': '{"endpoints":[{"url":"https:\\/\\/a.nel.cloudflare.com\\/report\\/v4?s=oYJXy%2FGhNY7ubROmPRCCAztAatevXkKeerEAumZOHCbPj3H%2B2R8FRB6EfyPRtgLEY8PYzgkePkadL%2Be89bgG5iflRhd7gIvHeNbWH9jnK0UZtO9Az9BXMJCNup%2BISBBa"}],"group":"cf-nel","max_age":604800}', 'NEL': '{"success_fraction":0,"report_to":"cf-nel","max_age":604800}', 'Server': 'cloudflare', 'CF-RAY': '8680f2742dfe3ae0-IAD', 'alt-svc': 'h3=":443"; ma=86400'} 
 body={"results":[{"gender":"male","name":{"title":"Mr","first":"Maris","last":"Last"},"location":{"street":{"number":480,"name":"Jan Luykenlaan"},"city":"Ewijk","state":"Utrecht","country":"Netherlands","postcode":"1256 WG","coordinates":{"latitude":"35.7087","longitude":"-117.4299"},"timezone":{"offset":"+10:00","description":"Eastern Australia, Guam, Vladivostok"}},"email":"maris.last@example.com","login":{"uuid":"96e0d3ca-c4e1-4706-ac43-ed7eebe4b249","username":"crazyelephant899","password":"scarface","salt":"Wp3gEazQ","md5":"922a2d303500eebfa47bcf705a641de1","sha1":"ab880197fabf4e5a597deb08eb337991692398e1","sha256":"7b2db65b21eef2fab581ab1a7622306fac35334f989ffefaf5b313a79d3a307d"},"dob":{"date":"1993-10-24T02:45:56.061Z","age":30},"registered":{"date":"2012-01-02T05:16:47.755Z","age":12},"phone":"(0070) 693082","cell":"(06) 46524297","id":{"name":"BSN","value":"61190304"},"picture":{"large":"https://randomuser.me/api/portraits/men/93.jpg","medium":"https://randomuser.me/api/portraits/med/men/93.jpg","thumbnail":"https://randomuser.me/api/portraits/thumb/men/93.jpg"},"nat":"NL"}],"info":{"seed":"ad184bf4f8871c7c","results":1,"page":1,"version":"1.4"}} 
 </msg>
<msg time="2024-03-21T21:13:39.328628" level="INFO">/opt/hostedtoolcache/Python/3.12.2/x64/lib/python3.12/site-packages/urllib3/connectionpool.py:1103: InsecureRequestWarning: Unverified HTTPS request is being made to host 'randomuser.me'. Adding certificate verification is strongly advised. See: https://urllib3.readthedocs.io/en/latest/advanced-usage.html#tls-warnings
  warnings.warn(</msg>
<msg time="2024-03-21T21:13:39.328788" level="INFO">${response} = &lt;Response [200]&gt;</msg>
<var>${response}</var>
<arg>consultarAPI</arg>
<arg>/api</arg>
<doc>Sends a GET request on a previously created HTTP Session.</doc>
<status status="PASS" start="2024-03-21T21:13:39.226665" elapsed="0.102165"/>
</kw>
<kw name="Set Variable" owner="BuiltIn">
<msg time="2024-03-21T21:13:39.329696" level="INFO">${json_data} = {'results': [{'gender': 'male', 'name': {'title': 'Mr', 'first': 'Maris', 'last': 'Last'}, 'location': {'street': {'number': 480, 'name': 'Jan Luykenlaan'}, 'city': 'Ewijk', 'state': 'Utrecht', 'count...</msg>
<var>${json_data}</var>
<arg>${response.json()}</arg>
<doc>Returns the given values which can then be assigned to a variables.</doc>
<status status="PASS" start="2024-03-21T21:13:39.329210" elapsed="0.000515"/>
</kw>
<kw name="Log" owner="BuiltIn">
<msg time="2024-03-21T21:13:39.330229" level="INFO">{'results': [{'gender': 'male', 'name': {'title': 'Mr', 'first': 'Maris', 'last': 'Last'}, 'location': {'street': {'number': 480, 'name': 'Jan Luykenlaan'}, 'city': 'Ewijk', 'state': 'Utrecht', 'country': 'Netherlands', 'postcode': '1256 WG', 'coordinates': {'latitude': '35.7087', 'longitude': '-117.4299'}, 'timezone': {'offset': '+10:00', 'description': 'Eastern Australia, Guam, Vladivostok'}}, 'email': 'maris.last@example.com', 'login': {'uuid': '96e0d3ca-c4e1-4706-ac43-ed7eebe4b249', 'username': 'crazyelephant899', 'password': 'scarface', 'salt': 'Wp3gEazQ', 'md5': '922a2d303500eebfa47bcf705a641de1', 'sha1': 'ab880197fabf4e5a597deb08eb337991692398e1', 'sha256': '7b2db65b21eef2fab581ab1a7622306fac35334f989ffefaf5b313a79d3a307d'}, 'dob': {'date': '1993-10-24T02:45:56.061Z', 'age': 30}, 'registered': {'date': '2012-01-02T05:16:47.755Z', 'age': 12}, 'phone': '(0070) 693082', 'cell': '(06) 46524297', 'id': {'name': 'BSN', 'value': '61190304'}, 'picture': {'large': 'https://randomuser.me/api/portraits/men/93.jpg', 'medium': 'https://randomuser.me/api/portraits/med/men/93.jpg', 'thumbnail': 'https://randomuser.me/api/portraits/thumb/men/93.jpg'}, 'nat': 'NL'}], 'info': {'seed': 'ad184bf4f8871c7c', 'results': 1, 'page': 1, 'version': '1.4'}}</msg>
<arg>${json_data}</arg>
<doc>Logs the given message with the given level.</doc>
<status status="PASS" start="2024-03-21T21:13:39.330062" elapsed="0.000217"/>
</kw>
<kw name="Dictionary Should Contain Key" owner="Collections">
<msg time="2024-03-21T21:13:39.330733" level="INFO">False</msg>
<arg>${json_data}</arg>
<arg>results</arg>
<doc>Fails if ``key`` is not found from ``dictionary``.</doc>
<status status="PASS" start="2024-03-21T21:13:39.330578" elapsed="0.000233"/>
</kw>
<kw name="Should Not Be Empty" owner="BuiltIn">
<msg time="2024-03-21T21:13:39.331254" level="INFO">Length is 2.</msg>
<arg>${json_data}</arg>
<doc>Verifies that the given item is not empty.</doc>
<status status="PASS" start="2024-03-21T21:13:39.331119" elapsed="0.000175"/>
</kw>
<kw name="Create List" owner="BuiltIn">
<msg time="2024-03-21T21:13:39.331741" level="INFO">${expected_keys} = ['gender', 'name', 'location', 'email', 'login']</msg>
<var>${expected_keys}</var>
<arg>gender</arg>
<arg>name</arg>
<arg>location</arg>
<arg>email</arg>
<arg>login</arg>
<doc>Returns a list containing given items.</doc>
<status status="PASS" start="2024-03-21T21:13:39.331586" elapsed="0.000180"/>
</kw>
<for flavor="IN">
<iter>
<kw name="Dictionary Should Contain Key" owner="Collections">
<msg time="2024-03-21T21:13:39.332759" level="INFO">False</msg>
<arg>${json_data['results'][0]}</arg>
<arg>${key}</arg>
<doc>Fails if ``key`` is not found from ``dictionary``.</doc>
<status status="PASS" start="2024-03-21T21:13:39.332355" elapsed="0.000445"/>
</kw>
<kw name="Log" owner="BuiltIn">
<msg time="2024-03-21T21:13:39.333483" level="INFO">{'gender': 'male', 'name': {'title': 'Mr', 'first': 'Maris', 'last': 'Last'}, 'location': {'street': {'number': 480, 'name': 'Jan Luykenlaan'}, 'city': 'Ewijk', 'state': 'Utrecht', 'country': 'Netherlands', 'postcode': '1256 WG', 'coordinates': {'latitude': '35.7087', 'longitude': '-117.4299'}, 'timezone': {'offset': '+10:00', 'description': 'Eastern Australia, Guam, Vladivostok'}}, 'email': 'maris.last@example.com', 'login': {'uuid': '96e0d3ca-c4e1-4706-ac43-ed7eebe4b249', 'username': 'crazyelephant899', 'password': 'scarface', 'salt': 'Wp3gEazQ', 'md5': '922a2d303500eebfa47bcf705a641de1', 'sha1': 'ab880197fabf4e5a597deb08eb337991692398e1', 'sha256': '7b2db65b21eef2fab581ab1a7622306fac35334f989ffefaf5b313a79d3a307d'}, 'dob': {'date': '1993-10-24T02:45:56.061Z', 'age': 30}, 'registered': {'date': '2012-01-02T05:16:47.755Z', 'age': 12}, 'phone': '(0070) 693082', 'cell': '(06) 46524297', 'id': {'name': 'BSN', 'value': '61190304'}, 'picture': {'large': 'https://randomuser.me/api/portraits/men/93.jpg', 'medium': 'https://randomuser.me/api/portraits/med/men/93.jpg', 'thumbnail': 'https://randomuser.me/api/portraits/thumb/men/93.jpg'}, 'nat': 'NL'}</msg>
<arg>${json_data['results'][0]}</arg>
<doc>Logs the given message with the given level.</doc>
<status status="PASS" start="2024-03-21T21:13:39.333113" elapsed="0.000423"/>
</kw>
<kw name="Log" owner="BuiltIn">
<msg time="2024-03-21T21:13:39.333969" level="INFO">gender</msg>
<arg>${key}</arg>
<doc>Logs the given message with the given level.</doc>
<status status="PASS" start="2024-03-21T21:13:39.333838" elapsed="0.000170"/>
</kw>
<var name="${key}">gender</var>
<status status="PASS" start="2024-03-21T21:13:39.332229" elapsed="0.001999"/>
</iter>
<iter>
<kw name="Dictionary Should Contain Key" owner="Collections">
<msg time="2024-03-21T21:13:39.334949" level="INFO">False</msg>
<arg>${json_data['results'][0]}</arg>
<arg>${key}</arg>
<doc>Fails if ``key`` is not found from ``dictionary``.</doc>
<status status="PASS" start="2024-03-21T21:13:39.334534" elapsed="0.000455"/>
</kw>
<kw name="Log" owner="BuiltIn">
<msg time="2024-03-21T21:13:39.335733" level="INFO">{'gender': 'male', 'name': {'title': 'Mr', 'first': 'Maris', 'last': 'Last'}, 'location': {'street': {'number': 480, 'name': 'Jan Luykenlaan'}, 'city': 'Ewijk', 'state': 'Utrecht', 'country': 'Netherlands', 'postcode': '1256 WG', 'coordinates': {'latitude': '35.7087', 'longitude': '-117.4299'}, 'timezone': {'offset': '+10:00', 'description': 'Eastern Australia, Guam, Vladivostok'}}, 'email': 'maris.last@example.com', 'login': {'uuid': '96e0d3ca-c4e1-4706-ac43-ed7eebe4b249', 'username': 'crazyelephant899', 'password': 'scarface', 'salt': 'Wp3gEazQ', 'md5': '922a2d303500eebfa47bcf705a641de1', 'sha1': 'ab880197fabf4e5a597deb08eb337991692398e1', 'sha256': '7b2db65b21eef2fab581ab1a7622306fac35334f989ffefaf5b313a79d3a307d'}, 'dob': {'date': '1993-10-24T02:45:56.061Z', 'age': 30}, 'registered': {'date': '2012-01-02T05:16:47.755Z', 'age': 12}, 'phone': '(0070) 693082', 'cell': '(06) 46524297', 'id': {'name': 'BSN', 'value': '61190304'}, 'picture': {'large': 'https://randomuser.me/api/portraits/men/93.jpg', 'medium': 'https://randomuser.me/api/portraits/med/men/93.jpg', 'thumbnail': 'https://randomuser.me/api/portraits/thumb/men/93.jpg'}, 'nat': 'NL'}</msg>
<arg>${json_data['results'][0]}</arg>
<doc>Logs the given message with the given level.</doc>
<status status="PASS" start="2024-03-21T21:13:39.335345" elapsed="0.000437"/>
</kw>
<kw name="Log" owner="BuiltIn">
<msg time="2024-03-21T21:13:39.336210" level="INFO">name</msg>
<arg>${key}</arg>
<doc>Logs the given message with the given level.</doc>
<status status="PASS" start="2024-03-21T21:13:39.336081" elapsed="0.000167"/>
</kw>
<var name="${key}">name</var>
<status status="PASS" start="2024-03-21T21:13:39.334418" elapsed="0.002048"/>
</iter>
<iter>
<kw name="Dictionary Should Contain Key" owner="Collections">
<msg time="2024-03-21T21:13:39.337136" level="INFO">False</msg>
<arg>${json_data['results'][0]}</arg>
<arg>${key}</arg>
<doc>Fails if ``key`` is not found from ``dictionary``.</doc>
<status status="PASS" start="2024-03-21T21:13:39.336761" elapsed="0.000414"/>
</kw>
<kw name="Log" owner="BuiltIn">
<msg time="2024-03-21T21:13:39.337839" level="INFO">{'gender': 'male', 'name': {'title': 'Mr', 'first': 'Maris', 'last': 'Last'}, 'location': {'street': {'number': 480, 'name': 'Jan Luykenlaan'}, 'city': 'Ewijk', 'state': 'Utrecht', 'country': 'Netherlands', 'postcode': '1256 WG', 'coordinates': {'latitude': '35.7087', 'longitude': '-117.4299'}, 'timezone': {'offset': '+10:00', 'description': 'Eastern Australia, Guam, Vladivostok'}}, 'email': 'maris.last@example.com', 'login': {'uuid': '96e0d3ca-c4e1-4706-ac43-ed7eebe4b249', 'username': 'crazyelephant899', 'password': 'scarface', 'salt': 'Wp3gEazQ', 'md5': '922a2d303500eebfa47bcf705a641de1', 'sha1': 'ab880197fabf4e5a597deb08eb337991692398e1', 'sha256': '7b2db65b21eef2fab581ab1a7622306fac35334f989ffefaf5b313a79d3a307d'}, 'dob': {'date': '1993-10-24T02:45:56.061Z', 'age': 30}, 'registered': {'date': '2012-01-02T05:16:47.755Z', 'age': 12}, 'phone': '(0070) 693082', 'cell': '(06) 46524297', 'id': {'name': 'BSN', 'value': '61190304'}, 'picture': {'large': 'https://randomuser.me/api/portraits/men/93.jpg', 'medium': 'https://randomuser.me/api/portraits/med/men/93.jpg', 'thumbnail': 'https://randomuser.me/api/portraits/thumb/men/93.jpg'}, 'nat': 'NL'}</msg>
<arg>${json_data['results'][0]}</arg>
<doc>Logs the given message with the given level.</doc>
<status status="PASS" start="2024-03-21T21:13:39.337476" elapsed="0.000421"/>
</kw>
<kw name="Log" owner="BuiltIn">
<msg time="2024-03-21T21:13:39.338332" level="INFO">location</msg>
<arg>${key}</arg>
<doc>Logs the given message with the given level.</doc>
<status status="PASS" start="2024-03-21T21:13:39.338202" elapsed="0.000170"/>
</kw>
<var name="${key}">location</var>
<status status="PASS" start="2024-03-21T21:13:39.336648" elapsed="0.001956"/>
</iter>
<iter>
<kw name="Dictionary Should Contain Key" owner="Collections">
<msg time="2024-03-21T21:13:39.339341" level="INFO">False</msg>
<arg>${json_data['results'][0]}</arg>
<arg>${key}</arg>
<doc>Fails if ``key`` is not found from ``dictionary``.</doc>
<status status="PASS" start="2024-03-21T21:13:39.338953" elapsed="0.000427"/>
</kw>
<kw name="Log" owner="BuiltIn">
<msg time="2024-03-21T21:13:39.340059" level="INFO">{'gender': 'male', 'name': {'title': 'Mr', 'first': 'Maris', 'last': 'Last'}, 'location': {'street': {'number': 480, 'name': 'Jan Luykenlaan'}, 'city': 'Ewijk', 'state': 'Utrecht', 'country': 'Netherlands', 'postcode': '1256 WG', 'coordinates': {'latitude': '35.7087', 'longitude': '-117.4299'}, 'timezone': {'offset': '+10:00', 'description': 'Eastern Australia, Guam, Vladivostok'}}, 'email': 'maris.last@example.com', 'login': {'uuid': '96e0d3ca-c4e1-4706-ac43-ed7eebe4b249', 'username': 'crazyelephant899', 'password': 'scarface', 'salt': 'Wp3gEazQ', 'md5': '922a2d303500eebfa47bcf705a641de1', 'sha1': 'ab880197fabf4e5a597deb08eb337991692398e1', 'sha256': '7b2db65b21eef2fab581ab1a7622306fac35334f989ffefaf5b313a79d3a307d'}, 'dob': {'date': '1993-10-24T02:45:56.061Z', 'age': 30}, 'registered': {'date': '2012-01-02T05:16:47.755Z', 'age': 12}, 'phone': '(0070) 693082', 'cell': '(06) 46524297', 'id': {'name': 'BSN', 'value': '61190304'}, 'picture': {'large': 'https://randomuser.me/api/portraits/men/93.jpg', 'medium': 'https://randomuser.me/api/portraits/med/men/93.jpg', 'thumbnail': 'https://randomuser.me/api/portraits/thumb/men/93.jpg'}, 'nat': 'NL'}</msg>
<arg>${json_data['results'][0]}</arg>
<doc>Logs the given message with the given level.</doc>
<status status="PASS" start="2024-03-21T21:13:39.339683" elapsed="0.000423"/>
</kw>
<kw name="Log" owner="BuiltIn">
<msg time="2024-03-21T21:13:39.340532" level="INFO">email</msg>
<arg>${key}</arg>
<doc>Logs the given message with the given level.</doc>
<status status="PASS" start="2024-03-21T21:13:39.340404" elapsed="0.000166"/>
</kw>
<var name="${key}">email</var>
<status status="PASS" start="2024-03-21T21:13:39.338829" elapsed="0.001957"/>
</iter>
<iter>
<kw name="Dictionary Should Contain Key" owner="Collections">
<msg time="2024-03-21T21:13:39.341490" level="INFO">False</msg>
<arg>${json_data['results'][0]}</arg>
<arg>${key}</arg>
<doc>Fails if ``key`` is not found from ``dictionary``.</doc>
<status status="PASS" start="2024-03-21T21:13:39.341089" elapsed="0.000439"/>
</kw>
<kw name="Log" owner="BuiltIn">
<msg time="2024-03-21T21:13:39.342205" level="INFO">{'gender': 'male', 'name': {'title': 'Mr', 'first': 'Maris', 'last': 'Last'}, 'location': {'street': {'number': 480, 'name': 'Jan Luykenlaan'}, 'city': 'Ewijk', 'state': 'Utrecht', 'country': 'Netherlands', 'postcode': '1256 WG', 'coordinates': {'latitude': '35.7087', 'longitude': '-117.4299'}, 'timezone': {'offset': '+10:00', 'description': 'Eastern Australia, Guam, Vladivostok'}}, 'email': 'maris.last@example.com', 'login': {'uuid': '96e0d3ca-c4e1-4706-ac43-ed7eebe4b249', 'username': 'crazyelephant899', 'password': 'scarface', 'salt': 'Wp3gEazQ', 'md5': '922a2d303500eebfa47bcf705a641de1', 'sha1': 'ab880197fabf4e5a597deb08eb337991692398e1', 'sha256': '7b2db65b21eef2fab581ab1a7622306fac35334f989ffefaf5b313a79d3a307d'}, 'dob': {'date': '1993-10-24T02:45:56.061Z', 'age': 30}, 'registered': {'date': '2012-01-02T05:16:47.755Z', 'age': 12}, 'phone': '(0070) 693082', 'cell': '(06) 46524297', 'id': {'name': 'BSN', 'value': '61190304'}, 'picture': {'large': 'https://randomuser.me/api/portraits/men/93.jpg', 'medium': 'https://randomuser.me/api/portraits/med/men/93.jpg', 'thumbnail': 'https://randomuser.me/api/portraits/thumb/men/93.jpg'}, 'nat': 'NL'}</msg>
<arg>${json_data['results'][0]}</arg>
<doc>Logs the given message with the given level.</doc>
<status status="PASS" start="2024-03-21T21:13:39.341832" elapsed="0.000421"/>
</kw>
<kw name="Log" owner="BuiltIn">
<msg time="2024-03-21T21:13:39.342671" level="INFO">login</msg>
<arg>${key}</arg>
<doc>Logs the given message with the given level.</doc>
<status status="PASS" start="2024-03-21T21:13:39.342545" elapsed="0.000325"/>
</kw>
<var name="${key}">login</var>
<status status="PASS" start="2024-03-21T21:13:39.340963" elapsed="0.002172"/>
</iter>
<var>${key}</var>
<value>@{expected_keys}</value>
<status status="PASS" start="2024-03-21T21:13:39.332030" elapsed="0.011237"/>
</for>
<kw name="Create List" owner="BuiltIn">
<msg time="2024-03-21T21:13:39.343606" level="INFO">${expected_keysTwo} = ['username', 'password']</msg>
<var>${expected_keysTwo}</var>
<arg>username</arg>
<arg>password</arg>
<doc>Returns a list containing given items.</doc>
<status status="PASS" start="2024-03-21T21:13:39.343464" elapsed="0.000167"/>
</kw>
<for flavor="IN">
<iter>
<kw name="Dictionary Should Contain Key" owner="Collections">
<msg time="2024-03-21T21:13:39.344532" level="INFO">False</msg>
<arg>${json_data['results'][0]['login']}</arg>
<arg>${keyTwo}</arg>
<doc>Fails if ``key`` is not found from ``dictionary``.</doc>
<status status="PASS" start="2024-03-21T21:13:39.344141" elapsed="0.000430"/>
</kw>
<kw name="Dictionary Should Contain Key" owner="Collections">
<msg time="2024-03-21T21:13:39.345255" level="INFO">False</msg>
<arg>${json_data['results'][0]['login']}</arg>
<arg>${keyTwo}</arg>
<doc>Fails if ``key`` is not found from ``dictionary``.</doc>
<status status="PASS" start="2024-03-21T21:13:39.344870" elapsed="0.000424"/>
</kw>
<kw name="Log" owner="BuiltIn">
<msg time="2024-03-21T21:13:39.345719" level="INFO">username</msg>
<arg>${keyTwo}</arg>
<doc>Logs the given message with the given level.</doc>
<status status="PASS" start="2024-03-21T21:13:39.345590" elapsed="0.000166"/>
</kw>
<var name="${keyTwo}">username</var>
<status status="PASS" start="2024-03-21T21:13:39.344028" elapsed="0.001948"/>
</iter>
<iter>
<kw name="Dictionary Should Contain Key" owner="Collections">
<msg time="2024-03-21T21:13:39.346642" level="INFO">False</msg>
<arg>${json_data['results'][0]['login']}</arg>
<arg>${keyTwo}</arg>
<doc>Fails if ``key`` is not found from ``dictionary``.</doc>
<status status="PASS" start="2024-03-21T21:13:39.346262" elapsed="0.000419"/>
</kw>
<kw name="Dictionary Should Contain Key" owner="Collections">
<msg time="2024-03-21T21:13:39.347377" level="INFO">False</msg>
<arg>${json_data['results'][0]['login']}</arg>
<arg>${keyTwo}</arg>
<doc>Fails if ``key`` is not found from ``dictionary``.</doc>
<status status="PASS" start="2024-03-21T21:13:39.347000" elapsed="0.000414"/>
</kw>
<kw name="Log" owner="BuiltIn">
<msg time="2024-03-21T21:13:39.347833" level="INFO">password</msg>
<arg>${keyTwo}</arg>
<doc>Logs the given message with the given level.</doc>
<status status="PASS" start="2024-03-21T21:13:39.347706" elapsed="0.000165"/>
</kw>
<var name="${keyTwo}">password</var>
<status status="PASS" start="2024-03-21T21:13:39.346151" elapsed="0.001937"/>
</iter>
<var>${keyTwo}</var>
<value>@{expected_keysTwo}</value>
<status status="PASS" start="2024-03-21T21:13:39.343873" elapsed="0.004338"/>
</for>
<status status="PASS" start="2024-03-21T21:13:39.226436" elapsed="0.121918"/>
</kw>
<doc>Testa a estrutura da resposta da API.</doc>
<tag>testeEstruturaResposta</tag>
<status status="PASS" start="2024-03-21T21:13:39.225756" elapsed="0.122755"/>
</test>
<test id="s1-s1-t4" name="Validar tipos de dados" line="28">
<kw name="Teste de Tipos de Dados" owner="random-user-service">
<kw name="GET On Session" owner="RequestsLibrary">
<msg time="2024-03-21T21:13:39.422770" level="INFO">GET Request : url=https://randomuser.me/api 
 path_url=/api 
 headers={'User-Agent': 'python-requests/2.31.0', 'Accept-Encoding': 'gzip, deflate', 'Accept': '*/*', 'Connection': 'keep-alive'} 
 body=None 
 </msg>
<msg time="2024-03-21T21:13:39.422879" level="INFO">GET Response : url=https://randomuser.me/api 
 status=200, reason=OK 
 headers={'Date': 'Thu, 21 Mar 2024 21:13:39 GMT', 'Content-Type': 'application/json; charset=utf-8', 'Transfer-Encoding': 'chunked', 'Connection': 'keep-alive', 'X-Powered-By': 'Express', 'Access-Control-Allow-Origin': '*', 'Cache-Control': 'no-cache', 'ETag': 'W/"496-9YIF7KJGqVndkePi7bHlw5d7XzY"', 'Vary': 'Accept-Encoding', 'Content-Encoding': 'gzip', 'CF-Cache-Status': 'DYNAMIC', 'Report-To': '{"endpoints":[{"url":"https:\\/\\/a.nel.cloudflare.com\\/report\\/v4?s=4yML9AoCSme%2F37z74OkQ4LSXcgt6BG7YFUuhXQ6eknT8EHFRt1vntS8CK3MEtqjM5Q%2B5lVmd4SySw99JlJZe1XlXe0YQXk8OQq6gZGsdqiAuWOvlHD1deSpR6DKAWQii"}],"group":"cf-nel","max_age":604800}', 'NEL': '{"success_fraction":0,"report_to":"cf-nel","max_age":604800}', 'Server': 'cloudflare', 'CF-RAY': '8680f274feee3ae0-IAD', 'alt-svc': 'h3=":443"; ma=86400'} 
 body={"results":[{"gender":"male","name":{"title":"Mr","first":"Bakhshi","last":"Bhat"},"location":{"street":{"number":4031,"name":"Bandstand Promenade"},"city":"Pali","state":"Dadra and Nagar Haveli","country":"India","postcode":40905,"coordinates":{"latitude":"9.2133","longitude":"-155.3470"},"timezone":{"offset":"-3:00","description":"Brazil, Buenos Aires, Georgetown"}},"email":"bakhshi.bhat@example.com","login":{"uuid":"32560b35-be5f-4550-b957-604ddd223ddb","username":"goldenkoala453","password":"mother1","salt":"T6u8vwdD","md5":"49daa11e76e127a687c026e4b9c1a037","sha1":"e6e654e936362b52d6b1a1bfe3d25d5fa36a1096","sha256":"20295b66cd4e815f458fe560ab3a5ed6eb14b95e257522b7d778f91b44a5c1b6"},"dob":{"date":"1946-07-25T14:11:59.865Z","age":77},"registered":{"date":"2008-07-01T04:26:49.403Z","age":15},"phone":"9811288609","cell":"7592596214","id":{"name":"UIDAI","value":"900924658174"},"picture":{"large":"https://randomuser.me/api/portraits/men/85.jpg","medium":"https://randomuser.me/api/portraits/med/men/85.jpg","thumbnail":"https://randomuser.me/api/portraits/thumb/men/85.jpg"},"nat":"IN"}],"info":{"seed":"2d4d98fe8f5728fc","results":1,"page":1,"version":"1.4"}} 
 </msg>
<msg time="2024-03-21T21:13:39.422977" level="INFO">/opt/hostedtoolcache/Python/3.12.2/x64/lib/python3.12/site-packages/urllib3/connectionpool.py:1103: InsecureRequestWarning: Unverified HTTPS request is being made to host 'randomuser.me'. Adding certificate verification is strongly advised. See: https://urllib3.readthedocs.io/en/latest/advanced-usage.html#tls-warnings
  warnings.warn(</msg>
<msg time="2024-03-21T21:13:39.423115" level="INFO">${response} = &lt;Response [200]&gt;</msg>
<var>${response}</var>
<arg>consultarAPI</arg>
<arg>/api</arg>
<doc>Sends a GET request on a previously created HTTP Session.</doc>
<status status="PASS" start="2024-03-21T21:13:39.350938" elapsed="0.072219"/>
</kw>
<kw name="Set Variable" owner="BuiltIn">
<msg time="2024-03-21T21:13:39.424326" level="INFO">${json_data} = {'results': [{'gender': 'male', 'name': {'title': 'Mr', 'first': 'Bakhshi', 'last': 'Bhat'}, 'location': {'street': {'number': 4031, 'name': 'Bandstand Promenade'}, 'city': 'Pali', 'state': 'Dadra and...</msg>
<var>${json_data}</var>
<arg>${response.json()}</arg>
<doc>Returns the given values which can then be assigned to a variables.</doc>
<status status="PASS" start="2024-03-21T21:13:39.423637" elapsed="0.000739"/>
</kw>
<kw name="Log" owner="BuiltIn">
<msg time="2024-03-21T21:13:39.425111" level="INFO">{'results': [{'gender': 'male', 'name': {'title': 'Mr', 'first': 'Bakhshi', 'last': 'Bhat'}, 'location': {'street': {'number': 4031, 'name': 'Bandstand Promenade'}, 'city': 'Pali', 'state': 'Dadra and Nagar Haveli', 'country': 'India', 'postcode': 40905, 'coordinates': {'latitude': '9.2133', 'longitude': '-155.3470'}, 'timezone': {'offset': '-3:00', 'description': 'Brazil, Buenos Aires, Georgetown'}}, 'email': 'bakhshi.bhat@example.com', 'login': {'uuid': '32560b35-be5f-4550-b957-604ddd223ddb', 'username': 'goldenkoala453', 'password': 'mother1', 'salt': 'T6u8vwdD', 'md5': '49daa11e76e127a687c026e4b9c1a037', 'sha1': 'e6e654e936362b52d6b1a1bfe3d25d5fa36a1096', 'sha256': '20295b66cd4e815f458fe560ab3a5ed6eb14b95e257522b7d778f91b44a5c1b6'}, 'dob': {'date': '1946-07-25T14:11:59.865Z', 'age': 77}, 'registered': {'date': '2008-07-01T04:26:49.403Z', 'age': 15}, 'phone': '9811288609', 'cell': '7592596214', 'id': {'name': 'UIDAI', 'value': '900924658174'}, 'picture': {'large': 'https://randomuser.me/api/portraits/men/85.jpg', 'medium': 'https://randomuser.me/api/portraits/med/men/85.jpg', 'thumbnail': 'https://randomuser.me/api/portraits/thumb/men/85.jpg'}, 'nat': 'IN'}], 'info': {'seed': '2d4d98fe8f5728fc', 'results': 1, 'page': 1, 'version': '1.4'}}</msg>
<arg>${json_data}</arg>
<doc>Logs the given message with the given level.</doc>
<status status="PASS" start="2024-03-21T21:13:39.424860" elapsed="0.000390"/>
</kw>
<kw name="Should Be String" owner="String">
<arg>${json_data['results'][0]['gender']}</arg>
<doc>Fails if the given ``item`` is not a string.</doc>
<status status="PASS" start="2024-03-21T21:13:39.425719" elapsed="0.000602"/>
</kw>
<kw name="Should Match Regexp" owner="BuiltIn">
<arg>${json_data['results'][0]['email']}</arg>
<arg>^[a-zA-Z0-9._%+-]+@[a-zA-Z0-9.-]+\.[a-zA-Z]{2,}$</arg>
<doc>Fails if ``string`` does not match ``pattern`` as a regular expression.</doc>
<status status="PASS" start="2024-03-21T21:13:39.426618" elapsed="0.000866"/>
</kw>
<kw name="Should Match Regexp" owner="BuiltIn">
<arg>${json_data['results'][0]['dob']['date']}</arg>
<arg>\\d{4}-\\d{2}-\\d{2}T\\d{2}:\\d{2}:\\d{2}\\.\\d{3}Z</arg>
<doc>Fails if ``string`` does not match ``pattern`` as a regular expression.</doc>
<status status="PASS" start="2024-03-21T21:13:39.427820" elapsed="0.000806"/>
</kw>
<kw name="Should Match Regexp" owner="BuiltIn">
<arg>${json_data['results'][0]['registered']['date']}</arg>
<arg>\\d{4}-\\d{2}-\\d{2}T\\d{2}:\\d{2}:\\d{2}\\.\\d{3}Z</arg>
<doc>Fails if ``string`` does not match ``pattern`` as a regular expression.</doc>
<status status="PASS" start="2024-03-21T21:13:39.428948" elapsed="0.000624"/>
</kw>
<kw name="Should Match Regexp" owner="BuiltIn">
<arg>${json_data['results'][0]['picture']['large']}</arg>
<arg>^https?://.*\.(?:png|jpe?g|gif|bmp)$</arg>
<doc>Fails if ``string`` does not match ``pattern`` as a regular expression.</doc>
<status status="PASS" start="2024-03-21T21:13:39.429870" elapsed="0.000759"/>
</kw>
<kw name="Should Match Regexp" owner="BuiltIn">
<arg>${json_data['results'][0]['picture']['medium']}</arg>
<arg>^https?://.*\.(?:png|jpe?g|gif|bmp)$</arg>
<doc>Fails if ``string`` does not match ``pattern`` as a regular expression.</doc>
<status status="PASS" start="2024-03-21T21:13:39.430999" elapsed="0.000627"/>
</kw>
<kw name="Should Match Regexp" owner="BuiltIn">
<arg>${json_data['results'][0]['picture']['thumbnail']}</arg>
<arg>^https?://.*\.(?:png|jpe?g|gif|bmp)$</arg>
<doc>Fails if ``string`` does not match ``pattern`` as a regular expression.</doc>
<status status="PASS" start="2024-03-21T21:13:39.431927" elapsed="0.000604"/>
</kw>
<kw name="Log" owner="BuiltIn">
<msg time="2024-03-21T21:13:39.433442" level="INFO">{'large': 'https://randomuser.me/api/portraits/men/85.jpg', 'medium': 'https://randomuser.me/api/portraits/med/men/85.jpg', 'thumbnail': 'https://randomuser.me/api/portraits/thumb/men/85.jpg'}</msg>
<arg>${json_data['results'][0]['picture']}</arg>
<doc>Logs the given message with the given level.</doc>
<status status="PASS" start="2024-03-21T21:13:39.432861" elapsed="0.000662"/>
</kw>
<status status="PASS" start="2024-03-21T21:13:39.350685" elapsed="0.083249"/>
</kw>
<kw name="Teste de Tipos de Dados - Postcode" owner="random-user-service">
<kw name="GET On Session" owner="RequestsLibrary">
<msg time="2024-03-21T21:13:39.517763" level="INFO">GET Request : url=https://randomuser.me/api 
 path_url=/api 
 headers={'User-Agent': 'python-requests/2.31.0', 'Accept-Encoding': 'gzip, deflate', 'Accept': '*/*', 'Connection': 'keep-alive'} 
 body=None 
 </msg>
<msg time="2024-03-21T21:13:39.517848" level="INFO">GET Response : url=https://randomuser.me/api 
 status=200, reason=OK 
 headers={'Date': 'Thu, 21 Mar 2024 21:13:39 GMT', 'Content-Type': 'application/json; charset=utf-8', 'Transfer-Encoding': 'chunked', 'Connection': 'keep-alive', 'X-Powered-By': 'Express', 'Access-Control-Allow-Origin': '*', 'Cache-Control': 'no-cache', 'ETag': 'W/"471-GoTljeCC5Abtl+PicLm4KvDifmY"', 'Vary': 'Accept-Encoding', 'Content-Encoding': 'gzip', 'CF-Cache-Status': 'DYNAMIC', 'Report-To': '{"endpoints":[{"url":"https:\\/\\/a.nel.cloudflare.com\\/report\\/v4?s=%2B%2BUOwfI%2F3PJPxDjT5KYYR8bL65U1gGLMaCbzY2vyh2FgB4Nm599pDGJR4eL0ba%2B1FKXDtXu97Q%2B4lLXASfB%2B8vpywNqiDbAG0hrpuTL3z3842TpNjlXucFojdm9JPXq7"}],"group":"cf-nel","max_age":604800}', 'NEL': '{"success_fraction":0,"report_to":"cf-nel","max_age":604800}', 'Server': 'cloudflare', 'CF-RAY': '8680f2757f833ae0-IAD', 'alt-svc': 'h3=":443"; ma=86400'} 
 body={"results":[{"gender":"male","name":{"title":"Mr","first":"Aryan","last":"Mardhekar"},"location":{"street":{"number":6995,"name":"Mirza Ghalib St"},"city":"Tinsukia","state":"Goa","country":"India","postcode":56362,"coordinates":{"latitude":"9.5583","longitude":"-146.8211"},"timezone":{"offset":"-2:00","description":"Mid-Atlantic"}},"email":"aryan.mardhekar@example.com","login":{"uuid":"286b8e48-2aa2-4037-823a-ac7eef45d143","username":"brownmouse682","password":"bing","salt":"kOOlbmDb","md5":"44fa2bc6e824ab542c7005be2db6a69e","sha1":"345c81785c224f49912980e1c85059268ec902fb","sha256":"7bb9b64990c906cc1953259f9c91db55f521444f7d808a32bbccbd5a7439f994"},"dob":{"date":"1990-09-21T21:16:17.254Z","age":33},"registered":{"date":"2011-02-10T03:50:15.715Z","age":13},"phone":"9923802273","cell":"7134945901","id":{"name":"UIDAI","value":"019869474638"},"picture":{"large":"https://randomuser.me/api/portraits/men/93.jpg","medium":"https://randomuser.me/api/portraits/med/men/93.jpg","thumbnail":"https://randomuser.me/api/portraits/thumb/men/93.jpg"},"nat":"IN"}],"info":{"seed":"ddc68f8bf19002cd","results":1,"page":1,"version":"1.4"}} 
 </msg>
<msg time="2024-03-21T21:13:39.517936" level="INFO">/opt/hostedtoolcache/Python/3.12.2/x64/lib/python3.12/site-packages/urllib3/connectionpool.py:1103: InsecureRequestWarning: Unverified HTTPS request is being made to host 'randomuser.me'. Adding certificate verification is strongly advised. See: https://urllib3.readthedocs.io/en/latest/advanced-usage.html#tls-warnings
  warnings.warn(</msg>
<msg time="2024-03-21T21:13:39.518056" level="INFO">${response} = &lt;Response [200]&gt;</msg>
<var>${response}</var>
<arg>consultarAPI</arg>
<arg>/api</arg>
<doc>Sends a GET request on a previously created HTTP Session.</doc>
<status status="PASS" start="2024-03-21T21:13:39.434816" elapsed="0.083284"/>
</kw>
<kw name="Set Variable" owner="BuiltIn">
<msg time="2024-03-21T21:13:39.518985" level="INFO">${json_data} = {'results': [{'gender': 'male', 'name': {'title': 'Mr', 'first': 'Aryan', 'last': 'Mardhekar'}, 'location': {'street': {'number': 6995, 'name': 'Mirza Ghalib St'}, 'city': 'Tinsukia', 'state': 'Goa', ...</msg>
<var>${json_data}</var>
<arg>${response.json()}</arg>
<doc>Returns the given values which can then be assigned to a variables.</doc>
<status status="PASS" start="2024-03-21T21:13:39.518494" elapsed="0.000520"/>
</kw>
<kw name="Log" owner="BuiltIn">
<msg time="2024-03-21T21:13:39.519479" level="INFO">{'results': [{'gender': 'male', 'name': {'title': 'Mr', 'first': 'Aryan', 'last': 'Mardhekar'}, 'location': {'street': {'number': 6995, 'name': 'Mirza Ghalib St'}, 'city': 'Tinsukia', 'state': 'Goa', 'country': 'India', 'postcode': 56362, 'coordinates': {'latitude': '9.5583', 'longitude': '-146.8211'}, 'timezone': {'offset': '-2:00', 'description': 'Mid-Atlantic'}}, 'email': 'aryan.mardhekar@example.com', 'login': {'uuid': '286b8e48-2aa2-4037-823a-ac7eef45d143', 'username': 'brownmouse682', 'password': 'bing', 'salt': 'kOOlbmDb', 'md5': '44fa2bc6e824ab542c7005be2db6a69e', 'sha1': '345c81785c224f49912980e1c85059268ec902fb', 'sha256': '7bb9b64990c906cc1953259f9c91db55f521444f7d808a32bbccbd5a7439f994'}, 'dob': {'date': '1990-09-21T21:16:17.254Z', 'age': 33}, 'registered': {'date': '2011-02-10T03:50:15.715Z', 'age': 13}, 'phone': '9923802273', 'cell': '7134945901', 'id': {'name': 'UIDAI', 'value': '019869474638'}, 'picture': {'large': 'https://randomuser.me/api/portraits/men/93.jpg', 'medium': 'https://randomuser.me/api/portraits/med/men/93.jpg', 'thumbnail': 'https://randomuser.me/api/portraits/thumb/men/93.jpg'}, 'nat': 'IN'}], 'info': {'seed': 'ddc68f8bf19002cd', 'results': 1, 'page': 1, 'version': '1.4'}}</msg>
<arg>${json_data}</arg>
<doc>Logs the given message with the given level.</doc>
<status status="PASS" start="2024-03-21T21:13:39.519324" elapsed="0.000232"/>
</kw>
<kw name="Should Be Equal As Numbers" owner="BuiltIn">
<arg>${json_data['results'][0]['location']['postcode']}</arg>
<arg>${json_data['results'][0]['location']['postcode']}</arg>
<doc>Fails if objects are unequal after converting them to real numbers.</doc>
<status status="PASS" start="2024-03-21T21:13:39.519861" elapsed="0.000637"/>
</kw>
<kw name="Log" owner="BuiltIn">
<msg time="2024-03-21T21:13:39.521033" level="INFO">56362</msg>
<arg>${json_data['results'][0]['location']['postcode']}</arg>
<doc>Logs the given message with the given level.</doc>
<status status="PASS" start="2024-03-21T21:13:39.520696" elapsed="0.000378"/>
</kw>
<status status="PASS" start="2024-03-21T21:13:39.434267" elapsed="0.087063"/>
</kw>
<doc>Testa se os tipos de dados na resposta da API estão corretos.</doc>
<tag>testeTiposDados</tag>
<status status="PASS" start="2024-03-21T21:13:39.350259" elapsed="0.171236"/>
</test>
<test id="s1-s1-t5" name="Validar conteudo" line="35">
<kw name="Teste de Tipos de Conteudo" owner="random-user-service">
<kw name="GET On Session" owner="RequestsLibrary">
<msg time="2024-03-21T21:13:39.623013" level="INFO">GET Request : url=https://randomuser.me/api 
 path_url=/api 
 headers={'User-Agent': 'python-requests/2.31.0', 'Accept-Encoding': 'gzip, deflate', 'Accept': '*/*', 'Connection': 'keep-alive'} 
 body=None 
 </msg>
<msg time="2024-03-21T21:13:39.623099" level="INFO">GET Response : url=https://randomuser.me/api 
 status=200, reason=OK 
 headers={'Date': 'Thu, 21 Mar 2024 21:13:39 GMT', 'Content-Type': 'application/json; charset=utf-8', 'Transfer-Encoding': 'chunked', 'Connection': 'keep-alive', 'X-Powered-By': 'Express', 'Access-Control-Allow-Origin': '*', 'Cache-Control': 'no-cache', 'ETag': 'W/"497-/8t6QpEHXJX9lYzKSdjNn8ruhJE"', 'Vary': 'Accept-Encoding', 'Content-Encoding': 'gzip', 'CF-Cache-Status': 'DYNAMIC', 'Report-To': '{"endpoints":[{"url":"https:\\/\\/a.nel.cloudflare.com\\/report\\/v4?s=%2FtWbCMHxQZkDU35n97G%2BRcgyD4pGKXVlv70t8SCGxrTYw22Qefxvh62SgGTEUuXuB5BaBP6Iehe7hq%2BOlprKJb2tKWgTLlP%2BjyBVYuxxEr1OJgifCMerQnUVc1V3%2B6od"}],"group":"cf-nel","max_age":604800}', 'NEL': '{"success_fraction":0,"report_to":"cf-nel","max_age":604800}', 'Server': 'cloudflare', 'CF-RAY': '8680f27608103ae0-IAD', 'alt-svc': 'h3=":443"; ma=86400'} 
 body={"results":[{"gender":"female","name":{"title":"Ms","first":"مریم","last":"جعفری"},"location":{"street":{"number":6295,"name":"میدان ولیعصر (عج)"},"city":"بجنورد","state":"قم","country":"Iran","postcode":80607,"coordinates":{"latitude":"17.9620","longitude":"105.1455"},"timezone":{"offset":"+4:00","description":"Abu Dhabi, Muscat, Baku, Tbilisi"}},"email":"mrym.jaafry@example.com","login":{"uuid":"a0f9ac38-c670-4df7-ba88-457f3775288d","username":"orangefish435","password":"lookin","salt":"BCa17E0M","md5":"d53eaa81fccfbcbbc83cdd654a918eb9","sha1":"4f5ea78759eb506fb7e6f88d0b4610cced0e9a5a","sha256":"d53c0a2086fc5b4d541c121d01a3a992922a5f1dbf6d689c1ef6aefd0caa51e3"},"dob":{"date":"1969-12-21T05:50:59.025Z","age":54},"registered":{"date":"2022-03-21T20:14:35.108Z","age":2},"phone":"044-31558274","cell":"0908-778-1523","id":{"name":"","value":null},"picture":{"large":"https://randomuser.me/api/portraits/women/23.jpg","medium":"https://randomuser.me/api/portraits/med/women/23.jpg","thumbnail":"https://randomuser.me/api/portraits/thumb/women/23.jpg"},"nat":"IR"}],"info":{"seed":"a80449ee5f8c9797","results":1,"page":1,"version":"1.4"}} 
 </msg>
<msg time="2024-03-21T21:13:39.623175" level="INFO">/opt/hostedtoolcache/Python/3.12.2/x64/lib/python3.12/site-packages/urllib3/connectionpool.py:1103: InsecureRequestWarning: Unverified HTTPS request is being made to host 'randomuser.me'. Adding certificate verification is strongly advised. See: https://urllib3.readthedocs.io/en/latest/advanced-usage.html#tls-warnings
  warnings.warn(</msg>
<msg time="2024-03-21T21:13:39.623286" level="INFO">${response} = &lt;Response [200]&gt;</msg>
<var>${response}</var>
<arg>consultarAPI</arg>
<arg>/api</arg>
<doc>Sends a GET request on a previously created HTTP Session.</doc>
<status status="PASS" start="2024-03-21T21:13:39.523930" elapsed="0.099402"/>
</kw>
<kw name="Set Variable" owner="BuiltIn">
<msg time="2024-03-21T21:13:39.624175" level="INFO">${json_data} = {'results': [{'gender': 'female', 'name': {'title': 'Ms', 'first': 'مریم', 'last': 'جعفری'}, 'location': {'street': {'number': 6295, 'name': 'میدان ولیعصر (عج)'}, 'city': 'بجنورد', 'state': 'قم', 'cou...</msg>
<var>${json_data}</var>
<arg>${response.json()}</arg>
<doc>Returns the given values which can then be assigned to a variables.</doc>
<status status="PASS" start="2024-03-21T21:13:39.623716" elapsed="0.000489"/>
</kw>
<kw name="Set Variable" owner="BuiltIn">
<msg time="2024-03-21T21:13:39.624892" level="INFO">${name_title} = Ms</msg>
<var>${name_title}</var>
<arg>${json_data["results"][0]["name"]["title"]}</arg>
<doc>Returns the given values which can then be assigned to a variables.</doc>
<status status="PASS" start="2024-03-21T21:13:39.624509" elapsed="0.000409"/>
</kw>
<kw name="Create List" owner="BuiltIn">
<msg time="2024-03-21T21:13:39.625366" level="INFO">${allowed_titles} = ['Mr', 'Ms', 'Miss', 'Mrs', 'Madame', 'Monsieur']</msg>
<var>${allowed_titles}</var>
<arg>Mr</arg>
<arg>Ms</arg>
<arg>Miss</arg>
<arg>Mrs</arg>
<arg>Madame</arg>
<arg>Monsieur</arg>
<doc>Returns a list containing given items.</doc>
<status status="PASS" start="2024-03-21T21:13:39.625219" elapsed="0.000171"/>
</kw>
<kw name="List Should Contain Value" owner="Collections">
<msg time="2024-03-21T21:13:39.625869" level="INFO">False</msg>
<arg>${allowed_titles}</arg>
<arg>${name_title}</arg>
<doc>Fails if the ``value`` is not found from ``list``.</doc>
<status status="PASS" start="2024-03-21T21:13:39.625699" elapsed="0.000207"/>
</kw>
<kw name="Set Variable" owner="BuiltIn">
<msg time="2024-03-21T21:13:39.626573" level="INFO">${name_country} = IR</msg>
<var>${name_country}</var>
<arg>${json_data["results"][0]["nat"]}</arg>
<doc>Returns the given values which can then be assigned to a variables.</doc>
<status status="PASS" start="2024-03-21T21:13:39.626197" elapsed="0.000400"/>
</kw>
<kw name="Create List" owner="BuiltIn">
<msg time="2024-03-21T21:13:39.627543" level="INFO">${list_country} = ['AD', 'AE', 'AF', 'AG', 'AI', 'AL', 'AM', 'AO', 'AQ', 'AR', 'AS', 'AT', 'AU', 'AW', 'AX', 'AZ', 'BA', 'BB', 'BD', 'BE', 'BF', 'BG', 'BH', 'BI', 'BJ', 'BL', 'BM', 'BN', 'BO', 'BQ', 'BR', 'BS', 'BT', '...</msg>
<var>${list_country}</var>
<arg>AD</arg>
<arg>AE</arg>
<arg>AF</arg>
<arg>AG</arg>
<arg>AI</arg>
<arg>AL</arg>
<arg>AM</arg>
<arg>AO</arg>
<arg>AQ</arg>
<arg>AR</arg>
<arg>AS</arg>
<arg>AT</arg>
<arg>AU</arg>
<arg>AW</arg>
<arg>AX</arg>
<arg>AZ</arg>
<arg>BA</arg>
<arg>BB</arg>
<arg>BD</arg>
<arg>BE</arg>
<arg>BF</arg>
<arg>BG</arg>
<arg>BH</arg>
<arg>BI</arg>
<arg>BJ</arg>
<arg>BL</arg>
<arg>BM</arg>
<arg>BN</arg>
<arg>BO</arg>
<arg>BQ</arg>
<arg>BR</arg>
<arg>BS</arg>
<arg>BT</arg>
<arg>BV</arg>
<arg>BW</arg>
<arg>BY</arg>
<arg>BZ</arg>
<arg>CA</arg>
<arg>CC</arg>
<arg>CD</arg>
<arg>CF</arg>
<arg>CG</arg>
<arg>CH</arg>
<arg>CI</arg>
<arg>CK</arg>
<arg>CL</arg>
<arg>CM</arg>
<arg>CN</arg>
<arg>CO</arg>
<arg>CR</arg>
<arg>CU</arg>
<arg>CV</arg>
<arg>CW</arg>
<arg>CX</arg>
<arg>CY</arg>
<arg>CZ</arg>
<arg>DE</arg>
<arg>DJ</arg>
<arg>DK</arg>
<arg>DM</arg>
<arg>DO</arg>
<arg>DZ</arg>
<arg>EC</arg>
<arg>EE</arg>
<arg>EG</arg>
<arg>EH</arg>
<arg>ER</arg>
<arg>ES</arg>
<arg>ET</arg>
<arg>FI</arg>
<arg>FJ</arg>
<arg>FK</arg>
<arg>FM</arg>
<arg>FO</arg>
<arg>FR</arg>
<arg>GA</arg>
<arg>GB</arg>
<arg>GD</arg>
<arg>GE</arg>
<arg>GF</arg>
<arg>GG</arg>
<arg>GH</arg>
<arg>GI</arg>
<arg>GL</arg>
<arg>GM</arg>
<arg>GN</arg>
<arg>GP</arg>
<arg>GQ</arg>
<arg>GR</arg>
<arg>GS</arg>
<arg>GT</arg>
<arg>GU</arg>
<arg>GW</arg>
<arg>GY</arg>
<arg>HK</arg>
<arg>HM</arg>
<arg>HN</arg>
<arg>HR</arg>
<arg>HT</arg>
<arg>HU</arg>
<arg>ID</arg>
<arg>IE</arg>
<arg>IL</arg>
<arg>IM</arg>
<arg>IN</arg>
<arg>IO</arg>
<arg>IQ</arg>
<arg>IR</arg>
<arg>IS</arg>
<arg>IT</arg>
<arg>JE</arg>
<arg>JM</arg>
<arg>JO</arg>
<arg>JP</arg>
<arg>KE</arg>
<arg>KG</arg>
<arg>KH</arg>
<arg>KI</arg>
<arg>KM</arg>
<arg>KN</arg>
<arg>KP</arg>
<arg>KR</arg>
<arg>KW</arg>
<arg>KY</arg>
<arg>KZ</arg>
<arg>LA</arg>
<arg>LB</arg>
<arg>LC</arg>
<arg>LI</arg>
<arg>LK</arg>
<arg>LR</arg>
<arg>LS</arg>
<arg>LT</arg>
<arg>LU</arg>
<arg>LV</arg>
<arg>LY</arg>
<arg>MA</arg>
<arg>MC</arg>
<arg>MD</arg>
<arg>ME</arg>
<arg>MF</arg>
<arg>MG</arg>
<arg>MH</arg>
<arg>MK</arg>
<arg>ML</arg>
<arg>MM</arg>
<arg>MN</arg>
<arg>MO</arg>
<arg>MP</arg>
<arg>MQ</arg>
<arg>MR</arg>
<arg>MS</arg>
<arg>MT</arg>
<arg>MU</arg>
<arg>MV</arg>
<arg>MW</arg>
<arg>MX</arg>
<arg>MY</arg>
<arg>MZ</arg>
<arg>NA</arg>
<arg>NC</arg>
<arg>NE</arg>
<arg>NF</arg>
<arg>NG</arg>
<arg>NI</arg>
<arg>NL</arg>
<arg>NO</arg>
<arg>NP</arg>
<arg>NR</arg>
<arg>NU</arg>
<arg>NZ</arg>
<arg>OM</arg>
<arg>PA</arg>
<arg>PE</arg>
<arg>PF</arg>
<arg>PG</arg>
<arg>PH</arg>
<arg>PK</arg>
<arg>PL</arg>
<arg>PM</arg>
<arg>PN</arg>
<arg>PR</arg>
<arg>PS</arg>
<arg>PT</arg>
<arg>PW</arg>
<arg>PY</arg>
<arg>QA</arg>
<arg>RE</arg>
<arg>RO</arg>
<arg>RS</arg>
<arg>RU</arg>
<arg>RW</arg>
<arg>SA</arg>
<arg>SB</arg>
<arg>SC</arg>
<arg>SD</arg>
<arg>SE</arg>
<arg>SG</arg>
<arg>SH</arg>
<arg>SI</arg>
<arg>SJ</arg>
<arg>SK</arg>
<arg>SL</arg>
<arg>SM</arg>
<arg>SN</arg>
<arg>SO</arg>
<arg>SR</arg>
<arg>SS</arg>
<arg>ST</arg>
<arg>SV</arg>
<arg>SX</arg>
<arg>SY</arg>
<arg>SZ</arg>
<arg>TC</arg>
<arg>TD</arg>
<arg>TF</arg>
<arg>TG</arg>
<arg>TH</arg>
<arg>TJ</arg>
<arg>TK</arg>
<arg>TL</arg>
<arg>TM</arg>
<arg>TN</arg>
<arg>TO</arg>
<arg>TR</arg>
<arg>TT</arg>
<arg>TV</arg>
<arg>TW</arg>
<arg>TZ</arg>
<arg>UA</arg>
<arg>UG</arg>
<arg>UM</arg>
<arg>US</arg>
<arg>UY</arg>
<arg>UZ</arg>
<arg>VA</arg>
<arg>VC</arg>
<arg>VE</arg>
<arg>VG</arg>
<arg>VI</arg>
<arg>VN</arg>
<arg>VU</arg>
<arg>WF</arg>
<arg>WS</arg>
<arg>XK</arg>
<arg>YE</arg>
<arg>YT</arg>
<arg>ZA</arg>
<arg>ZM</arg>
<arg>ZW</arg>
<doc>Returns a list containing given items.</doc>
<status status="PASS" start="2024-03-21T21:13:39.626942" elapsed="0.000627"/>
</kw>
<kw name="List Should Contain Value" owner="Collections">
<msg time="2024-03-21T21:13:39.628677" level="INFO">False</msg>
<arg>${list_country}</arg>
<arg>${name_country}</arg>
<doc>Fails if the ``value`` is not found from ``list``.</doc>
<status status="PASS" start="2024-03-21T21:13:39.628472" elapsed="0.000243"/>
</kw>
<kw name="Run Keyword If" owner="BuiltIn">
<kw name="Should Be True" owner="BuiltIn">
<arg>${True}</arg>
<doc>Fails if the given condition is not true.</doc>
<status status="PASS" start="2024-03-21T21:13:39.629786" elapsed="0.000147"/>
</kw>
<arg>${json_data["results"][0]["location"]["coordinates"]["latitude"]} &gt;= -90 and ${json_data["results"][0]["location"]["coordinates"]["latitude"]} &lt;= 90</arg>
<arg>Should Be True</arg>
<arg>${True}</arg>
<doc>Runs the given keyword with the given arguments, if ``condition`` is true.</doc>
<status status="PASS" start="2024-03-21T21:13:39.629027" elapsed="0.001038"/>
</kw>
<kw name="Run Keyword If" owner="BuiltIn">
<kw name="Should Be True" owner="BuiltIn">
<arg>${True}</arg>
<doc>Fails if the given condition is not true.</doc>
<status status="PASS" start="2024-03-21T21:13:39.630989" elapsed="0.000140"/>
</kw>
<arg>${json_data["results"][0]["location"]["coordinates"]["longitude"]} &gt;= -180 and ${json_data["results"][0]["location"]["coordinates"]["longitude"]} &lt;= 180</arg>
<arg>Should Be True</arg>
<arg>${True}</arg>
<doc>Runs the given keyword with the given arguments, if ``condition`` is true.</doc>
<status status="PASS" start="2024-03-21T21:13:39.630254" elapsed="0.001002"/>
</kw>
<status status="PASS" start="2024-03-21T21:13:39.523706" elapsed="0.107681"/>
</kw>
<doc>Testa o conteúdo específico dos campos retornados pela API.</doc>
<tag>testeConteudo</tag>
<status status="PASS" start="2024-03-21T21:13:39.523269" elapsed="0.108266"/>
</test>
<status status="PASS" start="2024-03-21T21:13:38.841696" elapsed="0.791739"/>
</suite>
<status status="PASS" start="2024-03-21T21:13:38.827876" elapsed="0.810859"/>
</suite>
<statistics>
<total>
<stat pass="5" fail="0" skip="0">All Tests</stat>
</total>
<tag>
<stat pass="1" fail="0" skip="0">testeConteudo</stat>
<stat pass="1" fail="0" skip="0">testeEstruturaResposta</stat>
<stat pass="1" fail="0" skip="0">testeRequisicaoBasica</stat>
<stat pass="1" fail="0" skip="0">testeTiposDados</stat>
</tag>
<suite>
<stat pass="5" fail="0" skip="0" id="s1" name="Tests">Tests</stat>
<stat pass="5" fail="0" skip="0" id="s1-s1" name="Random-User-Test">Tests.Random-User-Test</stat>
</suite>
</statistics>
<errors>
</errors>
</robot>
