<?xml version="1.0" encoding="UTF-8"?>
<robot generator="Robot 7.0.1 (Python 3.12.4 on linux)" generated="2024-06-26T03:17:30.250677" rpa="false" schemaversion="5">
<suite id="s1" name="Tests" source="/home/runner/work/ApiRandomUser/ApiRandomUser/RamdonUser/tests">
<suite id="s1-s1" name="Random-User-Test" source="/home/runner/work/ApiRandomUser/ApiRandomUser/RamdonUser/tests/random-user-test.robot">
<test id="s1-s1-t1" name="Conectar" line="13">
<kw name="Conectar API" owner="random-user-service">
<kw name="Create Session" owner="RequestsLibrary">
<msg time="2024-06-26T03:17:30.654418" level="INFO">Creating Session using : alias=consultarAPI, url=https://randomuser.me/, headers={},                     cookies={}, auth=None, timeout=None, proxies=None, verify=False,                     debug=0 </msg>
<arg>consultarAPI</arg>
<arg>${URL}</arg>
<doc>Create Session: create a HTTP session to a server</doc>
<status status="PASS" start="2024-06-26T03:17:30.654214" elapsed="0.000423"/>
</kw>
<status status="PASS" start="2024-06-26T03:17:30.653250" elapsed="0.001756"/>
</kw>
<status status="PASS" start="2024-06-26T03:17:30.652654" elapsed="0.002544"/>
</test>
<test id="s1-s1-t2" name="Validar retorno 200 e JSON Válido" line="16">
<kw name="Teste de Requisicao Basica" owner="random-user-service">
<kw name="GET On Session" owner="RequestsLibrary">
<msg time="2024-06-26T03:17:30.845373" level="INFO">GET Request : url=https://randomuser.me/api 
 path_url=/api 
 headers={'User-Agent': 'python-requests/2.32.3', 'Accept-Encoding': 'gzip, deflate', 'Accept': '*/*', 'Connection': 'keep-alive'} 
 body=None 
 </msg>
<msg time="2024-06-26T03:17:30.845539" level="INFO">GET Response : url=https://randomuser.me/api 
 status=200, reason=OK 
 headers={'Date': 'Wed, 26 Jun 2024 03:17:30 GMT', 'Content-Type': 'application/json; charset=utf-8', 'Transfer-Encoding': 'chunked', 'Connection': 'keep-alive', 'X-Powered-By': 'Express', 'Access-Control-Allow-Origin': '*', 'Cache-Control': 'no-cache', 'ETag': 'W/"499-jYxoq/Ini9GMHqgnK/2vsoi+FZ0"', 'Vary': 'Accept-Encoding', 'Content-Encoding': 'gzip', 'CF-Cache-Status': 'DYNAMIC', 'Report-To': '{"endpoints":[{"url":"https:\\/\\/a.nel.cloudflare.com\\/report\\/v4?s=W2B%2BH7Ar2hNjJ37TGaaRUHkBLHN%2BRvI5uKcBM9g3KTbTMbIW7Jt6rUzTGP0nwZ0WwRldUmTPAAF2CHOXAk0b%2B2CnkcMYFBKnRgQIe1ioXA6%2BxF8Td13nYHMs9p3g%2FLJF"}],"group":"cf-nel","max_age":604800}', 'NEL': '{"success_fraction":0,"report_to":"cf-nel","max_age":604800}', 'Server': 'cloudflare', 'CF-RAY': '899a0b738c3a38a9-IAD', 'alt-svc': 'h3=":443"; ma=86400'} 
 body={"results":[{"gender":"male","name":{"title":"Mr","first":"Xavier","last":"Laureano"},"location":{"street":{"number":7958,"name":"Prolongación Sur Jimínez"},"city":"Petlalcingo","state":"Yucatan","country":"Mexico","postcode":39900,"coordinates":{"latitude":"23.6650","longitude":"-51.3331"},"timezone":{"offset":"+6:00","description":"Almaty, Dhaka, Colombo"}},"email":"xavier.laureano@example.com","login":{"uuid":"f7cce9f5-62a1-43f6-9a26-04954b8e9c53","username":"blackgoose148","password":"passme","salt":"AjOhp0AY","md5":"8ad15cf6e19b7594be768d6b3ad51a10","sha1":"014fbc3f55da8a7ad9c4b71d3a276c99aa9040f6","sha256":"f710266cbd280df8a231b615c714ce034f529a99ab7c3b97afb8b324f95db311"},"dob":{"date":"1961-12-03T05:11:25.898Z","age":62},"registered":{"date":"2013-08-02T07:21:49.428Z","age":10},"phone":"(626) 595 7329","cell":"(617) 423 3086","id":{"name":"NSS","value":"00 32 37 3705 3"},"picture":{"large":"https://randomuser.me/api/portraits/men/32.jpg","medium":"https://randomuser.me/api/portraits/med/men/32.jpg","thumbnail":"https://randomuser.me/api/portraits/thumb/men/32.jpg"},"nat":"MX"}],"info":{"seed":"5ebd6c2efb9aadee","results":1,"page":1,"version":"1.4"}} 
 </msg>
<msg time="2024-06-26T03:17:30.845640" level="INFO">/opt/hostedtoolcache/Python/3.12.4/x64/lib/python3.12/site-packages/urllib3/connectionpool.py:1099: InsecureRequestWarning: Unverified HTTPS request is being made to host 'randomuser.me'. Adding certificate verification is strongly advised. See: https://urllib3.readthedocs.io/en/latest/advanced-usage.html#tls-warnings
  warnings.warn(</msg>
<msg time="2024-06-26T03:17:30.845838" level="INFO">${response} = &lt;Response [200]&gt;</msg>
<var>${response}</var>
<arg>consultarAPI</arg>
<arg>/api</arg>
<doc>Sends a GET request on a previously created HTTP Session.</doc>
<status status="PASS" start="2024-06-26T03:17:30.657794" elapsed="0.188100"/>
</kw>
<kw name="Should Be Equal As Numbers" owner="BuiltIn">
<msg time="2024-06-26T03:17:30.846860" level="INFO">Argument types are:
&lt;class 'int'&gt;
&lt;class 'str'&gt;</msg>
<arg>${response.status_code}</arg>
<arg>200</arg>
<doc>Fails if objects are unequal after converting them to real numbers.</doc>
<status status="PASS" start="2024-06-26T03:17:30.846381" elapsed="0.000544"/>
</kw>
<kw name="Log" owner="BuiltIn">
<msg time="2024-06-26T03:17:30.847593" level="INFO">200</msg>
<arg>${response.status_code}</arg>
<doc>Logs the given message with the given level.</doc>
<status status="PASS" start="2024-06-26T03:17:30.847241" elapsed="0.000395"/>
</kw>
<kw name="Set Variable" owner="BuiltIn">
<msg time="2024-06-26T03:17:30.848376" level="INFO">${json_data} = {'results': [{'gender': 'male', 'name': {'title': 'Mr', 'first': 'Xavier', 'last': 'Laureano'}, 'location': {'street': {'number': 7958, 'name': 'Prolongación Sur Jimínez'}, 'city': 'Petlalcingo', 'sta...</msg>
<var>${json_data}</var>
<arg>${response.json()}</arg>
<doc>Returns the given values which can then be assigned to a variables.</doc>
<status status="PASS" start="2024-06-26T03:17:30.847935" elapsed="0.000470"/>
</kw>
<kw name="Dictionary Should Contain Key" owner="Collections">
<arg>${json_data}</arg>
<arg>results</arg>
<doc>Fails if ``key`` is not found from ``dictionary``.</doc>
<status status="PASS" start="2024-06-26T03:17:30.848701" elapsed="0.000163"/>
</kw>
<status status="PASS" start="2024-06-26T03:17:30.657542" elapsed="0.191471"/>
</kw>
<doc>Testa se a API responde corretamente e retorna um objeto JSON válido.</doc>
<tag>testeRequisicaoBasica</tag>
<status status="PASS" start="2024-06-26T03:17:30.657051" elapsed="0.192134"/>
</test>
<test id="s1-s1-t3" name="Validar estrutura de resposta" line="22">
<kw name="Teste de Estrutura de Resposta" owner="random-user-service">
<kw name="GET On Session" owner="RequestsLibrary">
<msg time="2024-06-26T03:17:30.939269" level="INFO">GET Request : url=https://randomuser.me/api 
 path_url=/api 
 headers={'User-Agent': 'python-requests/2.32.3', 'Accept-Encoding': 'gzip, deflate', 'Accept': '*/*', 'Connection': 'keep-alive'} 
 body=None 
 </msg>
<msg time="2024-06-26T03:17:30.939357" level="INFO">GET Response : url=https://randomuser.me/api 
 status=200, reason=OK 
 headers={'Date': 'Wed, 26 Jun 2024 03:17:30 GMT', 'Content-Type': 'application/json; charset=utf-8', 'Transfer-Encoding': 'chunked', 'Connection': 'keep-alive', 'X-Powered-By': 'Express', 'Access-Control-Allow-Origin': '*', 'Cache-Control': 'no-cache', 'ETag': 'W/"481-ktFtkVf9l4pISkeJRdCy3PaSOt8"', 'Vary': 'Accept-Encoding', 'Content-Encoding': 'gzip', 'CF-Cache-Status': 'DYNAMIC', 'Report-To': '{"endpoints":[{"url":"https:\\/\\/a.nel.cloudflare.com\\/report\\/v4?s=vWR4geln5w0L4lGT3r2u2J9M8HPj8ZEJA8xrWtWmz2hY4OpERuWNUEE4bYZjrogP2HAywL4%2B6enRlw5HlfrXcOu8hqTpmFUoC7UXwdorQNTDgvS%2FWp%2B7%2Fjimp8BuU81m"}],"group":"cf-nel","max_age":604800}', 'NEL': '{"success_fraction":0,"report_to":"cf-nel","max_age":604800}', 'Server': 'cloudflare', 'CF-RAY': '899a0b73dc9438a9-IAD', 'alt-svc': 'h3=":443"; ma=86400'} 
 body={"results":[{"gender":"female","name":{"title":"Mrs","first":"Mudrolyuba","last":"Pivtorak"},"location":{"street":{"number":716,"name":"Ivana Prihodka"},"city":"Vinnicya","state":"Cherkaska","country":"Ukraine","postcode":83563,"coordinates":{"latitude":"76.4427","longitude":"151.3461"},"timezone":{"offset":"-10:00","description":"Hawaii"}},"email":"mudrolyuba.pivtorak@example.com","login":{"uuid":"8a611b2e-d636-4f5b-ae3d-d6c688414740","username":"ticklishsnake480","password":"canyon","salt":"ymz8uTA3","md5":"17c698d8cdb9f15752f0f0de3230e5a2","sha1":"0483dec32b44d63bd7f9e952af081387d3285dd3","sha256":"4fcbc2e94728ff270d46525c960c420fa806cf87bd0385d6a467a9efd60617ae"},"dob":{"date":"1990-05-30T13:13:16.789Z","age":34},"registered":{"date":"2010-06-24T02:03:41.006Z","age":14},"phone":"(096) H12-4208","cell":"(098) D58-9832","id":{"name":"","value":null},"picture":{"large":"https://randomuser.me/api/portraits/women/51.jpg","medium":"https://randomuser.me/api/portraits/med/women/51.jpg","thumbnail":"https://randomuser.me/api/portraits/thumb/women/51.jpg"},"nat":"UA"}],"info":{"seed":"1037f2e4157ae2d4","results":1,"page":1,"version":"1.4"}} 
 </msg>
<msg time="2024-06-26T03:17:30.939477" level="INFO">/opt/hostedtoolcache/Python/3.12.4/x64/lib/python3.12/site-packages/urllib3/connectionpool.py:1099: InsecureRequestWarning: Unverified HTTPS request is being made to host 'randomuser.me'. Adding certificate verification is strongly advised. See: https://urllib3.readthedocs.io/en/latest/advanced-usage.html#tls-warnings
  warnings.warn(</msg>
<msg time="2024-06-26T03:17:30.939613" level="INFO">${response} = &lt;Response [200]&gt;</msg>
<var>${response}</var>
<arg>consultarAPI</arg>
<arg>/api</arg>
<doc>Sends a GET request on a previously created HTTP Session.</doc>
<status status="PASS" start="2024-06-26T03:17:30.851751" elapsed="0.087915"/>
</kw>
<kw name="Set Variable" owner="BuiltIn">
<msg time="2024-06-26T03:17:30.940539" level="INFO">${json_data} = {'results': [{'gender': 'female', 'name': {'title': 'Mrs', 'first': 'Mudrolyuba', 'last': 'Pivtorak'}, 'location': {'street': {'number': 716, 'name': 'Ivana Prihodka'}, 'city': 'Vinnicya', 'state': 'C...</msg>
<var>${json_data}</var>
<arg>${response.json()}</arg>
<doc>Returns the given values which can then be assigned to a variables.</doc>
<status status="PASS" start="2024-06-26T03:17:30.940088" elapsed="0.000480"/>
</kw>
<kw name="Log" owner="BuiltIn">
<msg time="2024-06-26T03:17:30.941034" level="INFO">{'results': [{'gender': 'female', 'name': {'title': 'Mrs', 'first': 'Mudrolyuba', 'last': 'Pivtorak'}, 'location': {'street': {'number': 716, 'name': 'Ivana Prihodka'}, 'city': 'Vinnicya', 'state': 'Cherkaska', 'country': 'Ukraine', 'postcode': 83563, 'coordinates': {'latitude': '76.4427', 'longitude': '151.3461'}, 'timezone': {'offset': '-10:00', 'description': 'Hawaii'}}, 'email': 'mudrolyuba.pivtorak@example.com', 'login': {'uuid': '8a611b2e-d636-4f5b-ae3d-d6c688414740', 'username': 'ticklishsnake480', 'password': 'canyon', 'salt': 'ymz8uTA3', 'md5': '17c698d8cdb9f15752f0f0de3230e5a2', 'sha1': '0483dec32b44d63bd7f9e952af081387d3285dd3', 'sha256': '4fcbc2e94728ff270d46525c960c420fa806cf87bd0385d6a467a9efd60617ae'}, 'dob': {'date': '1990-05-30T13:13:16.789Z', 'age': 34}, 'registered': {'date': '2010-06-24T02:03:41.006Z', 'age': 14}, 'phone': '(096) H12-4208', 'cell': '(098) D58-9832', 'id': {'name': '', 'value': None}, 'picture': {'large': 'https://randomuser.me/api/portraits/women/51.jpg', 'medium': 'https://randomuser.me/api/portraits/med/women/51.jpg', 'thumbnail': 'https://randomuser.me/api/portraits/thumb/women/51.jpg'}, 'nat': 'UA'}], 'info': {'seed': '1037f2e4157ae2d4', 'results': 1, 'page': 1, 'version': '1.4'}}</msg>
<arg>${json_data}</arg>
<doc>Logs the given message with the given level.</doc>
<status status="PASS" start="2024-06-26T03:17:30.940873" elapsed="0.000208"/>
</kw>
<kw name="Dictionary Should Contain Key" owner="Collections">
<arg>${json_data}</arg>
<arg>results</arg>
<doc>Fails if ``key`` is not found from ``dictionary``.</doc>
<status status="PASS" start="2024-06-26T03:17:30.941367" elapsed="0.000154"/>
</kw>
<kw name="Should Not Be Empty" owner="BuiltIn">
<msg time="2024-06-26T03:17:30.941831" level="INFO">Length is 2.</msg>
<arg>${json_data}</arg>
<doc>Verifies that the given item is not empty.</doc>
<status status="PASS" start="2024-06-26T03:17:30.941702" elapsed="0.000174"/>
</kw>
<kw name="Create List" owner="BuiltIn">
<msg time="2024-06-26T03:17:30.942450" level="INFO">${expected_keys} = ['gender', 'name', 'location', 'email', 'login']</msg>
<var>${expected_keys}</var>
<arg>gender</arg>
<arg>name</arg>
<arg>location</arg>
<arg>email</arg>
<arg>login</arg>
<doc>Returns a list containing given items.</doc>
<status status="PASS" start="2024-06-26T03:17:30.942171" elapsed="0.000304"/>
</kw>
<for flavor="IN">
<iter>
<kw name="Dictionary Should Contain Key" owner="Collections">
<arg>${json_data['results'][0]}</arg>
<arg>${key}</arg>
<doc>Fails if ``key`` is not found from ``dictionary``.</doc>
<status status="PASS" start="2024-06-26T03:17:30.943128" elapsed="0.000429"/>
</kw>
<kw name="Log" owner="BuiltIn">
<msg time="2024-06-26T03:17:30.944102" level="INFO">{'gender': 'female', 'name': {'title': 'Mrs', 'first': 'Mudrolyuba', 'last': 'Pivtorak'}, 'location': {'street': {'number': 716, 'name': 'Ivana Prihodka'}, 'city': 'Vinnicya', 'state': 'Cherkaska', 'country': 'Ukraine', 'postcode': 83563, 'coordinates': {'latitude': '76.4427', 'longitude': '151.3461'}, 'timezone': {'offset': '-10:00', 'description': 'Hawaii'}}, 'email': 'mudrolyuba.pivtorak@example.com', 'login': {'uuid': '8a611b2e-d636-4f5b-ae3d-d6c688414740', 'username': 'ticklishsnake480', 'password': 'canyon', 'salt': 'ymz8uTA3', 'md5': '17c698d8cdb9f15752f0f0de3230e5a2', 'sha1': '0483dec32b44d63bd7f9e952af081387d3285dd3', 'sha256': '4fcbc2e94728ff270d46525c960c420fa806cf87bd0385d6a467a9efd60617ae'}, 'dob': {'date': '1990-05-30T13:13:16.789Z', 'age': 34}, 'registered': {'date': '2010-06-24T02:03:41.006Z', 'age': 14}, 'phone': '(096) H12-4208', 'cell': '(098) D58-9832', 'id': {'name': '', 'value': None}, 'picture': {'large': 'https://randomuser.me/api/portraits/women/51.jpg', 'medium': 'https://randomuser.me/api/portraits/med/women/51.jpg', 'thumbnail': 'https://randomuser.me/api/portraits/thumb/women/51.jpg'}, 'nat': 'UA'}</msg>
<arg>${json_data['results'][0]}</arg>
<doc>Logs the given message with the given level.</doc>
<status status="PASS" start="2024-06-26T03:17:30.943743" elapsed="0.000407"/>
</kw>
<kw name="Log" owner="BuiltIn">
<msg time="2024-06-26T03:17:30.944573" level="INFO">gender</msg>
<arg>${key}</arg>
<doc>Logs the given message with the given level.</doc>
<status status="PASS" start="2024-06-26T03:17:30.944445" elapsed="0.000167"/>
</kw>
<var name="${key}">gender</var>
<status status="PASS" start="2024-06-26T03:17:30.943003" elapsed="0.001826"/>
</iter>
<iter>
<kw name="Dictionary Should Contain Key" owner="Collections">
<arg>${json_data['results'][0]}</arg>
<arg>${key}</arg>
<doc>Fails if ``key`` is not found from ``dictionary``.</doc>
<status status="PASS" start="2024-06-26T03:17:30.945123" elapsed="0.000391"/>
</kw>
<kw name="Log" owner="BuiltIn">
<msg time="2024-06-26T03:17:30.946041" level="INFO">{'gender': 'female', 'name': {'title': 'Mrs', 'first': 'Mudrolyuba', 'last': 'Pivtorak'}, 'location': {'street': {'number': 716, 'name': 'Ivana Prihodka'}, 'city': 'Vinnicya', 'state': 'Cherkaska', 'country': 'Ukraine', 'postcode': 83563, 'coordinates': {'latitude': '76.4427', 'longitude': '151.3461'}, 'timezone': {'offset': '-10:00', 'description': 'Hawaii'}}, 'email': 'mudrolyuba.pivtorak@example.com', 'login': {'uuid': '8a611b2e-d636-4f5b-ae3d-d6c688414740', 'username': 'ticklishsnake480', 'password': 'canyon', 'salt': 'ymz8uTA3', 'md5': '17c698d8cdb9f15752f0f0de3230e5a2', 'sha1': '0483dec32b44d63bd7f9e952af081387d3285dd3', 'sha256': '4fcbc2e94728ff270d46525c960c420fa806cf87bd0385d6a467a9efd60617ae'}, 'dob': {'date': '1990-05-30T13:13:16.789Z', 'age': 34}, 'registered': {'date': '2010-06-24T02:03:41.006Z', 'age': 14}, 'phone': '(096) H12-4208', 'cell': '(098) D58-9832', 'id': {'name': '', 'value': None}, 'picture': {'large': 'https://randomuser.me/api/portraits/women/51.jpg', 'medium': 'https://randomuser.me/api/portraits/med/women/51.jpg', 'thumbnail': 'https://randomuser.me/api/portraits/thumb/women/51.jpg'}, 'nat': 'UA'}</msg>
<arg>${json_data['results'][0]}</arg>
<doc>Logs the given message with the given level.</doc>
<status status="PASS" start="2024-06-26T03:17:30.945695" elapsed="0.000435"/>
</kw>
<kw name="Log" owner="BuiltIn">
<msg time="2024-06-26T03:17:30.946619" level="INFO">name</msg>
<arg>${key}</arg>
<doc>Logs the given message with the given level.</doc>
<status status="PASS" start="2024-06-26T03:17:30.946433" elapsed="0.000226"/>
</kw>
<var name="${key}">name</var>
<status status="PASS" start="2024-06-26T03:17:30.945011" elapsed="0.001871"/>
</iter>
<iter>
<kw name="Dictionary Should Contain Key" owner="Collections">
<arg>${json_data['results'][0]}</arg>
<arg>${key}</arg>
<doc>Fails if ``key`` is not found from ``dictionary``.</doc>
<status status="PASS" start="2024-06-26T03:17:30.947171" elapsed="0.000381"/>
</kw>
<kw name="Log" owner="BuiltIn">
<msg time="2024-06-26T03:17:30.948078" level="INFO">{'gender': 'female', 'name': {'title': 'Mrs', 'first': 'Mudrolyuba', 'last': 'Pivtorak'}, 'location': {'street': {'number': 716, 'name': 'Ivana Prihodka'}, 'city': 'Vinnicya', 'state': 'Cherkaska', 'country': 'Ukraine', 'postcode': 83563, 'coordinates': {'latitude': '76.4427', 'longitude': '151.3461'}, 'timezone': {'offset': '-10:00', 'description': 'Hawaii'}}, 'email': 'mudrolyuba.pivtorak@example.com', 'login': {'uuid': '8a611b2e-d636-4f5b-ae3d-d6c688414740', 'username': 'ticklishsnake480', 'password': 'canyon', 'salt': 'ymz8uTA3', 'md5': '17c698d8cdb9f15752f0f0de3230e5a2', 'sha1': '0483dec32b44d63bd7f9e952af081387d3285dd3', 'sha256': '4fcbc2e94728ff270d46525c960c420fa806cf87bd0385d6a467a9efd60617ae'}, 'dob': {'date': '1990-05-30T13:13:16.789Z', 'age': 34}, 'registered': {'date': '2010-06-24T02:03:41.006Z', 'age': 14}, 'phone': '(096) H12-4208', 'cell': '(098) D58-9832', 'id': {'name': '', 'value': None}, 'picture': {'large': 'https://randomuser.me/api/portraits/women/51.jpg', 'medium': 'https://randomuser.me/api/portraits/med/women/51.jpg', 'thumbnail': 'https://randomuser.me/api/portraits/thumb/women/51.jpg'}, 'nat': 'UA'}</msg>
<arg>${json_data['results'][0]}</arg>
<doc>Logs the given message with the given level.</doc>
<status status="PASS" start="2024-06-26T03:17:30.947733" elapsed="0.000393"/>
</kw>
<kw name="Log" owner="BuiltIn">
<msg time="2024-06-26T03:17:30.948556" level="INFO">location</msg>
<arg>${key}</arg>
<doc>Logs the given message with the given level.</doc>
<status status="PASS" start="2024-06-26T03:17:30.948421" elapsed="0.000171"/>
</kw>
<var name="${key}">location</var>
<status status="PASS" start="2024-06-26T03:17:30.947062" elapsed="0.001746"/>
</iter>
<iter>
<kw name="Dictionary Should Contain Key" owner="Collections">
<arg>${json_data['results'][0]}</arg>
<arg>${key}</arg>
<doc>Fails if ``key`` is not found from ``dictionary``.</doc>
<status status="PASS" start="2024-06-26T03:17:30.949086" elapsed="0.000389"/>
</kw>
<kw name="Log" owner="BuiltIn">
<msg time="2024-06-26T03:17:30.950011" level="INFO">{'gender': 'female', 'name': {'title': 'Mrs', 'first': 'Mudrolyuba', 'last': 'Pivtorak'}, 'location': {'street': {'number': 716, 'name': 'Ivana Prihodka'}, 'city': 'Vinnicya', 'state': 'Cherkaska', 'country': 'Ukraine', 'postcode': 83563, 'coordinates': {'latitude': '76.4427', 'longitude': '151.3461'}, 'timezone': {'offset': '-10:00', 'description': 'Hawaii'}}, 'email': 'mudrolyuba.pivtorak@example.com', 'login': {'uuid': '8a611b2e-d636-4f5b-ae3d-d6c688414740', 'username': 'ticklishsnake480', 'password': 'canyon', 'salt': 'ymz8uTA3', 'md5': '17c698d8cdb9f15752f0f0de3230e5a2', 'sha1': '0483dec32b44d63bd7f9e952af081387d3285dd3', 'sha256': '4fcbc2e94728ff270d46525c960c420fa806cf87bd0385d6a467a9efd60617ae'}, 'dob': {'date': '1990-05-30T13:13:16.789Z', 'age': 34}, 'registered': {'date': '2010-06-24T02:03:41.006Z', 'age': 14}, 'phone': '(096) H12-4208', 'cell': '(098) D58-9832', 'id': {'name': '', 'value': None}, 'picture': {'large': 'https://randomuser.me/api/portraits/women/51.jpg', 'medium': 'https://randomuser.me/api/portraits/med/women/51.jpg', 'thumbnail': 'https://randomuser.me/api/portraits/thumb/women/51.jpg'}, 'nat': 'UA'}</msg>
<arg>${json_data['results'][0]}</arg>
<doc>Logs the given message with the given level.</doc>
<status status="PASS" start="2024-06-26T03:17:30.949661" elapsed="0.000408"/>
</kw>
<kw name="Log" owner="BuiltIn">
<msg time="2024-06-26T03:17:30.950519" level="INFO">email</msg>
<arg>${key}</arg>
<doc>Logs the given message with the given level.</doc>
<status status="PASS" start="2024-06-26T03:17:30.950363" elapsed="0.000203"/>
</kw>
<var name="${key}">email</var>
<status status="PASS" start="2024-06-26T03:17:30.948979" elapsed="0.001811"/>
</iter>
<iter>
<kw name="Dictionary Should Contain Key" owner="Collections">
<arg>${json_data['results'][0]}</arg>
<arg>${key}</arg>
<doc>Fails if ``key`` is not found from ``dictionary``.</doc>
<status status="PASS" start="2024-06-26T03:17:30.951067" elapsed="0.000393"/>
</kw>
<kw name="Log" owner="BuiltIn">
<msg time="2024-06-26T03:17:30.951987" level="INFO">{'gender': 'female', 'name': {'title': 'Mrs', 'first': 'Mudrolyuba', 'last': 'Pivtorak'}, 'location': {'street': {'number': 716, 'name': 'Ivana Prihodka'}, 'city': 'Vinnicya', 'state': 'Cherkaska', 'country': 'Ukraine', 'postcode': 83563, 'coordinates': {'latitude': '76.4427', 'longitude': '151.3461'}, 'timezone': {'offset': '-10:00', 'description': 'Hawaii'}}, 'email': 'mudrolyuba.pivtorak@example.com', 'login': {'uuid': '8a611b2e-d636-4f5b-ae3d-d6c688414740', 'username': 'ticklishsnake480', 'password': 'canyon', 'salt': 'ymz8uTA3', 'md5': '17c698d8cdb9f15752f0f0de3230e5a2', 'sha1': '0483dec32b44d63bd7f9e952af081387d3285dd3', 'sha256': '4fcbc2e94728ff270d46525c960c420fa806cf87bd0385d6a467a9efd60617ae'}, 'dob': {'date': '1990-05-30T13:13:16.789Z', 'age': 34}, 'registered': {'date': '2010-06-24T02:03:41.006Z', 'age': 14}, 'phone': '(096) H12-4208', 'cell': '(098) D58-9832', 'id': {'name': '', 'value': None}, 'picture': {'large': 'https://randomuser.me/api/portraits/women/51.jpg', 'medium': 'https://randomuser.me/api/portraits/med/women/51.jpg', 'thumbnail': 'https://randomuser.me/api/portraits/thumb/women/51.jpg'}, 'nat': 'UA'}</msg>
<arg>${json_data['results'][0]}</arg>
<doc>Logs the given message with the given level.</doc>
<status status="PASS" start="2024-06-26T03:17:30.951641" elapsed="0.000404"/>
</kw>
<kw name="Log" owner="BuiltIn">
<msg time="2024-06-26T03:17:30.952472" level="INFO">login</msg>
<arg>${key}</arg>
<doc>Logs the given message with the given level.</doc>
<status status="PASS" start="2024-06-26T03:17:30.952336" elapsed="0.000172"/>
</kw>
<var name="${key}">login</var>
<status status="PASS" start="2024-06-26T03:17:30.950960" elapsed="0.001776"/>
</iter>
<var>${key}</var>
<value>@{expected_keys}</value>
<status status="PASS" start="2024-06-26T03:17:30.942810" elapsed="0.010044"/>
</for>
<kw name="Create List" owner="BuiltIn">
<msg time="2024-06-26T03:17:30.953177" level="INFO">${expected_keysTwo} = ['username', 'password']</msg>
<var>${expected_keysTwo}</var>
<arg>username</arg>
<arg>password</arg>
<doc>Returns a list containing given items.</doc>
<status status="PASS" start="2024-06-26T03:17:30.953041" elapsed="0.000160"/>
</kw>
<for flavor="IN">
<iter>
<kw name="Dictionary Should Contain Key" owner="Collections">
<arg>${json_data['results'][0]['login']}</arg>
<arg>${keyTwo}</arg>
<doc>Fails if ``key`` is not found from ``dictionary``.</doc>
<status status="PASS" start="2024-06-26T03:17:30.953723" elapsed="0.000381"/>
</kw>
<kw name="Dictionary Should Contain Key" owner="Collections">
<arg>${json_data['results'][0]['login']}</arg>
<arg>${keyTwo}</arg>
<doc>Fails if ``key`` is not found from ``dictionary``.</doc>
<status status="PASS" start="2024-06-26T03:17:30.954283" elapsed="0.000408"/>
</kw>
<kw name="Log" owner="BuiltIn">
<msg time="2024-06-26T03:17:30.954987" level="INFO">username</msg>
<arg>${keyTwo}</arg>
<doc>Logs the given message with the given level.</doc>
<status status="PASS" start="2024-06-26T03:17:30.954869" elapsed="0.000155"/>
</kw>
<var name="${keyTwo}">username</var>
<status status="PASS" start="2024-06-26T03:17:30.953615" elapsed="0.001633"/>
</iter>
<iter>
<kw name="Dictionary Should Contain Key" owner="Collections">
<arg>${json_data['results'][0]['login']}</arg>
<arg>${keyTwo}</arg>
<doc>Fails if ``key`` is not found from ``dictionary``.</doc>
<status status="PASS" start="2024-06-26T03:17:30.955529" elapsed="0.000380"/>
</kw>
<kw name="Dictionary Should Contain Key" owner="Collections">
<arg>${json_data['results'][0]['login']}</arg>
<arg>${keyTwo}</arg>
<doc>Fails if ``key`` is not found from ``dictionary``.</doc>
<status status="PASS" start="2024-06-26T03:17:30.956084" elapsed="0.000363"/>
</kw>
<kw name="Log" owner="BuiltIn">
<msg time="2024-06-26T03:17:30.956751" level="INFO">password</msg>
<arg>${keyTwo}</arg>
<doc>Logs the given message with the given level.</doc>
<status status="PASS" start="2024-06-26T03:17:30.956623" elapsed="0.000164"/>
</kw>
<var name="${keyTwo}">password</var>
<status status="PASS" start="2024-06-26T03:17:30.955418" elapsed="0.001679"/>
</iter>
<var>${keyTwo}</var>
<value>@{expected_keysTwo}</value>
<status status="PASS" start="2024-06-26T03:17:30.953459" elapsed="0.003759"/>
</for>
<status status="PASS" start="2024-06-26T03:17:30.851513" elapsed="0.105844"/>
</kw>
<doc>Testa a estrutura da resposta da API.</doc>
<tag>testeEstruturaResposta</tag>
<status status="PASS" start="2024-06-26T03:17:30.851019" elapsed="0.106485"/>
</test>
<test id="s1-s1-t4" name="Validar tipos de dados" line="28">
<kw name="Teste de Tipos de Dados" owner="random-user-service">
<kw name="GET On Session" owner="RequestsLibrary">
<msg time="2024-06-26T03:17:31.050877" level="INFO">GET Request : url=https://randomuser.me/api 
 path_url=/api 
 headers={'User-Agent': 'python-requests/2.32.3', 'Accept-Encoding': 'gzip, deflate', 'Accept': '*/*', 'Connection': 'keep-alive'} 
 body=None 
 </msg>
<msg time="2024-06-26T03:17:31.051030" level="INFO">GET Response : url=https://randomuser.me/api 
 status=200, reason=OK 
 headers={'Date': 'Wed, 26 Jun 2024 03:17:31 GMT', 'Content-Type': 'application/json; charset=utf-8', 'Transfer-Encoding': 'chunked', 'Connection': 'keep-alive', 'X-Powered-By': 'Express', 'Access-Control-Allow-Origin': '*', 'Cache-Control': 'no-cache', 'ETag': 'W/"498-98/391RRii+0M+GHI6LFKuXm30I"', 'Vary': 'Accept-Encoding', 'Content-Encoding': 'gzip', 'CF-Cache-Status': 'DYNAMIC', 'Report-To': '{"endpoints":[{"url":"https:\\/\\/a.nel.cloudflare.com\\/report\\/v4?s=43SUsxaGTrCguFB22BUv3TDtzCHWZM%2BgSxneKusIfw%2F2dRV%2FPwqEws4AF1kCN1yPC3SyjZV%2F2MIvglSqBob%2FyjyQwnPQC9FywC%2FX8MMOLXWabR5jAUbHmk4RoksIkHVk"}],"group":"cf-nel","max_age":604800}', 'NEL': '{"success_fraction":0,"report_to":"cf-nel","max_age":604800}', 'Server': 'cloudflare', 'CF-RAY': '899a0b748d5338a9-IAD', 'alt-svc': 'h3=":443"; ma=86400'} 
 body={"results":[{"gender":"female","name":{"title":"Miss","first":"Felecia","last":"Hart"},"location":{"street":{"number":6081,"name":"Wycliff Ave"},"city":"Cairns","state":"Queensland","country":"Australia","postcode":6560,"coordinates":{"latitude":"-87.3058","longitude":"111.7353"},"timezone":{"offset":"-4:00","description":"Atlantic Time (Canada), Caracas, La Paz"}},"email":"felecia.hart@example.com","login":{"uuid":"56549f47-7d6a-47ac-8c81-6f5812e6f014","username":"beautifulgorilla997","password":"laser","salt":"2zPBQUGV","md5":"f586d579e864fb629c599fc4340756fc","sha1":"fb2ff74959da43e8a71a8218d87a630df7bafba4","sha256":"a1d41128f29a88933f88fb0ba60d1bc68c33dedca1d9990ba10148ae1039c8ef"},"dob":{"date":"1963-04-23T07:49:12.913Z","age":61},"registered":{"date":"2013-03-31T05:18:29.243Z","age":11},"phone":"01-9490-0215","cell":"0429-081-969","id":{"name":"TFN","value":"795525542"},"picture":{"large":"https://randomuser.me/api/portraits/women/6.jpg","medium":"https://randomuser.me/api/portraits/med/women/6.jpg","thumbnail":"https://randomuser.me/api/portraits/thumb/women/6.jpg"},"nat":"AU"}],"info":{"seed":"4ca4956299d4b4cf","results":1,"page":1,"version":"1.4"}} 
 </msg>
<msg time="2024-06-26T03:17:31.051149" level="INFO">/opt/hostedtoolcache/Python/3.12.4/x64/lib/python3.12/site-packages/urllib3/connectionpool.py:1099: InsecureRequestWarning: Unverified HTTPS request is being made to host 'randomuser.me'. Adding certificate verification is strongly advised. See: https://urllib3.readthedocs.io/en/latest/advanced-usage.html#tls-warnings
  warnings.warn(</msg>
<msg time="2024-06-26T03:17:31.051353" level="INFO">${response} = &lt;Response [200]&gt;</msg>
<var>${response}</var>
<arg>consultarAPI</arg>
<arg>/api</arg>
<doc>Sends a GET request on a previously created HTTP Session.</doc>
<status status="PASS" start="2024-06-26T03:17:30.959966" elapsed="0.091453"/>
</kw>
<kw name="Set Variable" owner="BuiltIn">
<msg time="2024-06-26T03:17:31.052437" level="INFO">${json_data} = {'results': [{'gender': 'female', 'name': {'title': 'Miss', 'first': 'Felecia', 'last': 'Hart'}, 'location': {'street': {'number': 6081, 'name': 'Wycliff Ave'}, 'city': 'Cairns', 'state': 'Queensland'...</msg>
<var>${json_data}</var>
<arg>${response.json()}</arg>
<doc>Returns the given values which can then be assigned to a variables.</doc>
<status status="PASS" start="2024-06-26T03:17:31.051909" elapsed="0.000558"/>
</kw>
<kw name="Log" owner="BuiltIn">
<msg time="2024-06-26T03:17:31.052967" level="INFO">{'results': [{'gender': 'female', 'name': {'title': 'Miss', 'first': 'Felecia', 'last': 'Hart'}, 'location': {'street': {'number': 6081, 'name': 'Wycliff Ave'}, 'city': 'Cairns', 'state': 'Queensland', 'country': 'Australia', 'postcode': 6560, 'coordinates': {'latitude': '-87.3058', 'longitude': '111.7353'}, 'timezone': {'offset': '-4:00', 'description': 'Atlantic Time (Canada), Caracas, La Paz'}}, 'email': 'felecia.hart@example.com', 'login': {'uuid': '56549f47-7d6a-47ac-8c81-6f5812e6f014', 'username': 'beautifulgorilla997', 'password': 'laser', 'salt': '2zPBQUGV', 'md5': 'f586d579e864fb629c599fc4340756fc', 'sha1': 'fb2ff74959da43e8a71a8218d87a630df7bafba4', 'sha256': 'a1d41128f29a88933f88fb0ba60d1bc68c33dedca1d9990ba10148ae1039c8ef'}, 'dob': {'date': '1963-04-23T07:49:12.913Z', 'age': 61}, 'registered': {'date': '2013-03-31T05:18:29.243Z', 'age': 11}, 'phone': '01-9490-0215', 'cell': '0429-081-969', 'id': {'name': 'TFN', 'value': '795525542'}, 'picture': {'large': 'https://randomuser.me/api/portraits/women/6.jpg', 'medium': 'https://randomuser.me/api/portraits/med/women/6.jpg', 'thumbnail': 'https://randomuser.me/api/portraits/thumb/women/6.jpg'}, 'nat': 'AU'}], 'info': {'seed': '4ca4956299d4b4cf', 'results': 1, 'page': 1, 'version': '1.4'}}</msg>
<arg>${json_data}</arg>
<doc>Logs the given message with the given level.</doc>
<status status="PASS" start="2024-06-26T03:17:31.052804" elapsed="0.000213"/>
</kw>
<kw name="Should Be String" owner="String">
<arg>${json_data['results'][0]['gender']}</arg>
<doc>Fails if the given ``item`` is not a string.</doc>
<status status="PASS" start="2024-06-26T03:17:31.053322" elapsed="0.000383"/>
</kw>
<kw name="Should Match Regexp" owner="BuiltIn">
<arg>${json_data['results'][0]['email']}</arg>
<arg>^[a-zA-Z0-9._%+-]+@[a-zA-Z0-9.-]+\.[a-zA-Z]{2,}$</arg>
<doc>Fails if ``string`` does not match ``pattern`` as a regular expression.</doc>
<status status="PASS" start="2024-06-26T03:17:31.053899" elapsed="0.000533"/>
</kw>
<kw name="Should Match Regexp" owner="BuiltIn">
<arg>${json_data['results'][0]['dob']['date']}</arg>
<arg>\\d{4}-\\d{2}-\\d{2}T\\d{2}:\\d{2}:\\d{2}\\.\\d{3}Z</arg>
<doc>Fails if ``string`` does not match ``pattern`` as a regular expression.</doc>
<status status="PASS" start="2024-06-26T03:17:31.054699" elapsed="0.000504"/>
</kw>
<kw name="Should Match Regexp" owner="BuiltIn">
<arg>${json_data['results'][0]['registered']['date']}</arg>
<arg>\\d{4}-\\d{2}-\\d{2}T\\d{2}:\\d{2}:\\d{2}\\.\\d{3}Z</arg>
<doc>Fails if ``string`` does not match ``pattern`` as a regular expression.</doc>
<status status="PASS" start="2024-06-26T03:17:31.055398" elapsed="0.000375"/>
</kw>
<kw name="Should Match Regexp" owner="BuiltIn">
<arg>${json_data['results'][0]['picture']['large']}</arg>
<arg>^https?://.*\.(?:png|jpe?g|gif|bmp)$</arg>
<doc>Fails if ``string`` does not match ``pattern`` as a regular expression.</doc>
<status status="PASS" start="2024-06-26T03:17:31.055972" elapsed="0.000468"/>
</kw>
<kw name="Should Match Regexp" owner="BuiltIn">
<arg>${json_data['results'][0]['picture']['medium']}</arg>
<arg>^https?://.*\.(?:png|jpe?g|gif|bmp)$</arg>
<doc>Fails if ``string`` does not match ``pattern`` as a regular expression.</doc>
<status status="PASS" start="2024-06-26T03:17:31.056639" elapsed="0.000354"/>
</kw>
<kw name="Should Match Regexp" owner="BuiltIn">
<arg>${json_data['results'][0]['picture']['thumbnail']}</arg>
<arg>^https?://.*\.(?:png|jpe?g|gif|bmp)$</arg>
<doc>Fails if ``string`` does not match ``pattern`` as a regular expression.</doc>
<status status="PASS" start="2024-06-26T03:17:31.057182" elapsed="0.000351"/>
</kw>
<kw name="Log" owner="BuiltIn">
<msg time="2024-06-26T03:17:31.058046" level="INFO">{'large': 'https://randomuser.me/api/portraits/women/6.jpg', 'medium': 'https://randomuser.me/api/portraits/med/women/6.jpg', 'thumbnail': 'https://randomuser.me/api/portraits/thumb/women/6.jpg'}</msg>
<arg>${json_data['results'][0]['picture']}</arg>
<doc>Logs the given message with the given level.</doc>
<status status="PASS" start="2024-06-26T03:17:31.057713" elapsed="0.000378"/>
</kw>
<status status="PASS" start="2024-06-26T03:17:30.959749" elapsed="0.098604"/>
</kw>
<kw name="Teste de Tipos de Dados - Postcode" owner="random-user-service">
<kw name="GET On Session" owner="RequestsLibrary">
<msg time="2024-06-26T03:17:31.145585" level="INFO">GET Request : url=https://randomuser.me/api 
 path_url=/api 
 headers={'User-Agent': 'python-requests/2.32.3', 'Accept-Encoding': 'gzip, deflate', 'Accept': '*/*', 'Connection': 'keep-alive'} 
 body=None 
 </msg>
<msg time="2024-06-26T03:17:31.145656" level="INFO">GET Response : url=https://randomuser.me/api 
 status=200, reason=OK 
 headers={'Date': 'Wed, 26 Jun 2024 03:17:31 GMT', 'Content-Type': 'application/json; charset=utf-8', 'Transfer-Encoding': 'chunked', 'Connection': 'keep-alive', 'X-Powered-By': 'Express', 'Access-Control-Allow-Origin': '*', 'Cache-Control': 'no-cache', 'ETag': 'W/"46e-f3ih7fNqjqiPv1uFgZWpsKUENP0"', 'Vary': 'Accept-Encoding', 'Content-Encoding': 'gzip', 'CF-Cache-Status': 'DYNAMIC', 'Report-To': '{"endpoints":[{"url":"https:\\/\\/a.nel.cloudflare.com\\/report\\/v4?s=1y5tY%2Bd0sfvwALAhNx5LPPGLjBNAS2Hl%2FGj9eM9ImZG5%2Bup3JuwTMNvbPqR75WmLNeRFavT1GRDAWJiy4Pd7ZGRg76xfrvG%2FfKcFpO%2BGicmZBAie3EQJ6CHGTsSxy8pj"}],"group":"cf-nel","max_age":604800}', 'NEL': '{"success_fraction":0,"report_to":"cf-nel","max_age":604800}', 'Server': 'cloudflare', 'CF-RAY': '899a0b752e0038a9-IAD', 'alt-svc': 'h3=":443"; ma=86400'} 
 body={"results":[{"gender":"male","name":{"title":"Mr","first":"Chatura","last":"Patil"},"location":{"street":{"number":5691,"name":"Rajpath"},"city":"Rampur","state":"Assam","country":"India","postcode":78685,"coordinates":{"latitude":"6.7643","longitude":"-11.0716"},"timezone":{"offset":"-12:00","description":"Eniwetok, Kwajalein"}},"email":"chatura.patil@example.com","login":{"uuid":"4a09ac1c-1c7f-4fba-a444-d26b449344bd","username":"goldenfish843","password":"deeper","salt":"eXD89TNy","md5":"387cf00bd603c9af7c253e091aa38ff7","sha1":"312c2756c7d1fa1cf2b3c74a3f3b0e45a08e8591","sha256":"9cce232bce9646990fdd22455dd58f0be5a7790aec217db2103f7c489c6fe87a"},"dob":{"date":"1952-03-27T15:01:29.327Z","age":72},"registered":{"date":"2009-10-21T06:21:22.453Z","age":14},"phone":"7262227890","cell":"8355309372","id":{"name":"UIDAI","value":"552446171267"},"picture":{"large":"https://randomuser.me/api/portraits/men/71.jpg","medium":"https://randomuser.me/api/portraits/med/men/71.jpg","thumbnail":"https://randomuser.me/api/portraits/thumb/men/71.jpg"},"nat":"IN"}],"info":{"seed":"0139e405ac90b504","results":1,"page":1,"version":"1.4"}} 
 </msg>
<msg time="2024-06-26T03:17:31.145715" level="INFO">/opt/hostedtoolcache/Python/3.12.4/x64/lib/python3.12/site-packages/urllib3/connectionpool.py:1099: InsecureRequestWarning: Unverified HTTPS request is being made to host 'randomuser.me'. Adding certificate verification is strongly advised. See: https://urllib3.readthedocs.io/en/latest/advanced-usage.html#tls-warnings
  warnings.warn(</msg>
<msg time="2024-06-26T03:17:31.145825" level="INFO">${response} = &lt;Response [200]&gt;</msg>
<var>${response}</var>
<arg>consultarAPI</arg>
<arg>/api</arg>
<doc>Sends a GET request on a previously created HTTP Session.</doc>
<status status="PASS" start="2024-06-26T03:17:31.058847" elapsed="0.087021"/>
</kw>
<kw name="Set Variable" owner="BuiltIn">
<msg time="2024-06-26T03:17:31.146711" level="INFO">${json_data} = {'results': [{'gender': 'male', 'name': {'title': 'Mr', 'first': 'Chatura', 'last': 'Patil'}, 'location': {'street': {'number': 5691, 'name': 'Rajpath'}, 'city': 'Rampur', 'state': 'Assam', 'country':...</msg>
<var>${json_data}</var>
<arg>${response.json()}</arg>
<doc>Returns the given values which can then be assigned to a variables.</doc>
<status status="PASS" start="2024-06-26T03:17:31.146229" elapsed="0.000510"/>
</kw>
<kw name="Log" owner="BuiltIn">
<msg time="2024-06-26T03:17:31.147205" level="INFO">{'results': [{'gender': 'male', 'name': {'title': 'Mr', 'first': 'Chatura', 'last': 'Patil'}, 'location': {'street': {'number': 5691, 'name': 'Rajpath'}, 'city': 'Rampur', 'state': 'Assam', 'country': 'India', 'postcode': 78685, 'coordinates': {'latitude': '6.7643', 'longitude': '-11.0716'}, 'timezone': {'offset': '-12:00', 'description': 'Eniwetok, Kwajalein'}}, 'email': 'chatura.patil@example.com', 'login': {'uuid': '4a09ac1c-1c7f-4fba-a444-d26b449344bd', 'username': 'goldenfish843', 'password': 'deeper', 'salt': 'eXD89TNy', 'md5': '387cf00bd603c9af7c253e091aa38ff7', 'sha1': '312c2756c7d1fa1cf2b3c74a3f3b0e45a08e8591', 'sha256': '9cce232bce9646990fdd22455dd58f0be5a7790aec217db2103f7c489c6fe87a'}, 'dob': {'date': '1952-03-27T15:01:29.327Z', 'age': 72}, 'registered': {'date': '2009-10-21T06:21:22.453Z', 'age': 14}, 'phone': '7262227890', 'cell': '8355309372', 'id': {'name': 'UIDAI', 'value': '552446171267'}, 'picture': {'large': 'https://randomuser.me/api/portraits/men/71.jpg', 'medium': 'https://randomuser.me/api/portraits/med/men/71.jpg', 'thumbnail': 'https://randomuser.me/api/portraits/thumb/men/71.jpg'}, 'nat': 'IN'}], 'info': {'seed': '0139e405ac90b504', 'results': 1, 'page': 1, 'version': '1.4'}}</msg>
<arg>${json_data}</arg>
<doc>Logs the given message with the given level.</doc>
<status status="PASS" start="2024-06-26T03:17:31.147047" elapsed="0.000204"/>
</kw>
<kw name="Should Be Equal As Numbers" owner="BuiltIn">
<arg>${json_data['results'][0]['location']['postcode']}</arg>
<arg>${json_data['results'][0]['location']['postcode']}</arg>
<doc>Fails if objects are unequal after converting them to real numbers.</doc>
<status status="PASS" start="2024-06-26T03:17:31.147541" elapsed="0.000632"/>
</kw>
<kw name="Log" owner="BuiltIn">
<msg time="2024-06-26T03:17:31.148827" level="INFO">78685</msg>
<arg>${json_data['results'][0]['location']['postcode']}</arg>
<doc>Logs the given message with the given level.</doc>
<status status="PASS" start="2024-06-26T03:17:31.148358" elapsed="0.000510"/>
</kw>
<status status="PASS" start="2024-06-26T03:17:31.058605" elapsed="0.090543"/>
</kw>
<doc>Testa se os tipos de dados na resposta da API estão corretos.</doc>
<tag>testeTiposDados</tag>
<status status="PASS" start="2024-06-26T03:17:30.959307" elapsed="0.190010"/>
</test>
<test id="s1-s1-t5" name="Validar conteudo" line="35">
<kw name="Teste de Tipos de Conteudo" owner="random-user-service">
<kw name="GET On Session" owner="RequestsLibrary">
<msg time="2024-06-26T03:17:31.240726" level="INFO">GET Request : url=https://randomuser.me/api 
 path_url=/api 
 headers={'User-Agent': 'python-requests/2.32.3', 'Accept-Encoding': 'gzip, deflate', 'Accept': '*/*', 'Connection': 'keep-alive'} 
 body=None 
 </msg>
<msg time="2024-06-26T03:17:31.240797" level="INFO">GET Response : url=https://randomuser.me/api 
 status=200, reason=OK 
 headers={'Date': 'Wed, 26 Jun 2024 03:17:31 GMT', 'Content-Type': 'application/json; charset=utf-8', 'Transfer-Encoding': 'chunked', 'Connection': 'keep-alive', 'X-Powered-By': 'Express', 'Access-Control-Allow-Origin': '*', 'Cache-Control': 'no-cache', 'ETag': 'W/"480-kt4N2yELFhOhhpg35XvzsrR5XX0"', 'Vary': 'Accept-Encoding', 'Content-Encoding': 'gzip', 'CF-Cache-Status': 'DYNAMIC', 'Report-To': '{"endpoints":[{"url":"https:\\/\\/a.nel.cloudflare.com\\/report\\/v4?s=8js38pIMJZSb4N6KNb7dQ2JjpKa94leJP%2BOQW1w76BZBdRjomLXBQb3Y9dJ7mIa1AWhngNELpgeotnE%2BzOpr6uajlJhzC5MABgdQ8sIA1tsoLKWe5vFR0a8dQEdK9vJi"}],"group":"cf-nel","max_age":604800}', 'NEL': '{"success_fraction":0,"report_to":"cf-nel","max_age":604800}', 'Server': 'cloudflare', 'CF-RAY': '899a0b75bea138a9-IAD', 'alt-svc': 'h3=":443"; ma=86400'} 
 body={"results":[{"gender":"female","name":{"title":"Miss","first":"Raquel","last":"Lorenzo"},"location":{"street":{"number":8860,"name":"Calle de Ferraz"},"city":"Parla","state":"Comunidad de Madrid","country":"Spain","postcode":82002,"coordinates":{"latitude":"-30.4487","longitude":"123.7125"},"timezone":{"offset":"-10:00","description":"Hawaii"}},"email":"raquel.lorenzo@example.com","login":{"uuid":"c711e7a7-caff-43e3-9e77-f6eaf09af9da","username":"lazyzebra449","password":"horton","salt":"N00o5nZ3","md5":"c257278e650bb3d01c908aed538f45cc","sha1":"473fad8c32df576cae0401368bb836111ba660fc","sha256":"5747e72f98c13b49cd3bfdc25edeb046854d6a3753b2fddf8ecffcd200acd7b9"},"dob":{"date":"1997-07-17T09:00:41.785Z","age":26},"registered":{"date":"2015-08-27T10:11:09.996Z","age":8},"phone":"905-696-868","cell":"651-262-631","id":{"name":"DNI","value":"71564710-W"},"picture":{"large":"https://randomuser.me/api/portraits/women/94.jpg","medium":"https://randomuser.me/api/portraits/med/women/94.jpg","thumbnail":"https://randomuser.me/api/portraits/thumb/women/94.jpg"},"nat":"ES"}],"info":{"seed":"0eb1adaa6ed715f6","results":1,"page":1,"version":"1.4"}} 
 </msg>
<msg time="2024-06-26T03:17:31.240858" level="INFO">/opt/hostedtoolcache/Python/3.12.4/x64/lib/python3.12/site-packages/urllib3/connectionpool.py:1099: InsecureRequestWarning: Unverified HTTPS request is being made to host 'randomuser.me'. Adding certificate verification is strongly advised. See: https://urllib3.readthedocs.io/en/latest/advanced-usage.html#tls-warnings
  warnings.warn(</msg>
<msg time="2024-06-26T03:17:31.240971" level="INFO">${response} = &lt;Response [200]&gt;</msg>
<var>${response}</var>
<arg>consultarAPI</arg>
<arg>/api</arg>
<doc>Sends a GET request on a previously created HTTP Session.</doc>
<status status="PASS" start="2024-06-26T03:17:31.152178" elapsed="0.088834"/>
</kw>
<kw name="Set Variable" owner="BuiltIn">
<msg time="2024-06-26T03:17:31.241859" level="INFO">${json_data} = {'results': [{'gender': 'female', 'name': {'title': 'Miss', 'first': 'Raquel', 'last': 'Lorenzo'}, 'location': {'street': {'number': 8860, 'name': 'Calle de Ferraz'}, 'city': 'Parla', 'state': 'Comuni...</msg>
<var>${json_data}</var>
<arg>${response.json()}</arg>
<doc>Returns the given values which can then be assigned to a variables.</doc>
<status status="PASS" start="2024-06-26T03:17:31.241399" elapsed="0.000490"/>
</kw>
<kw name="Set Variable" owner="BuiltIn">
<msg time="2024-06-26T03:17:31.242604" level="INFO">${name_title} = Miss</msg>
<var>${name_title}</var>
<arg>${json_data["results"][0]["name"]["title"]}</arg>
<doc>Returns the given values which can then be assigned to a variables.</doc>
<status status="PASS" start="2024-06-26T03:17:31.242187" elapsed="0.000444"/>
</kw>
<kw name="Create List" owner="BuiltIn">
<msg time="2024-06-26T03:17:31.243086" level="INFO">${allowed_titles} = ['Mr', 'Ms', 'Miss', 'Mrs', 'Madame', 'Monsieur']</msg>
<var>${allowed_titles}</var>
<arg>Mr</arg>
<arg>Ms</arg>
<arg>Miss</arg>
<arg>Mrs</arg>
<arg>Madame</arg>
<arg>Monsieur</arg>
<doc>Returns a list containing given items.</doc>
<status status="PASS" start="2024-06-26T03:17:31.242936" elapsed="0.000175"/>
</kw>
<kw name="List Should Contain Value" owner="Collections">
<arg>${allowed_titles}</arg>
<arg>${name_title}</arg>
<doc>Fails if the ``value`` is not found from ``list``.</doc>
<status status="PASS" start="2024-06-26T03:17:31.243413" elapsed="0.000196"/>
</kw>
<kw name="Set Variable" owner="BuiltIn">
<msg time="2024-06-26T03:17:31.244152" level="INFO">${name_country} = ES</msg>
<var>${name_country}</var>
<arg>${json_data["results"][0]["nat"]}</arg>
<doc>Returns the given values which can then be assigned to a variables.</doc>
<status status="PASS" start="2024-06-26T03:17:31.243788" elapsed="0.000389"/>
</kw>
<kw name="Create List" owner="BuiltIn">
<msg time="2024-06-26T03:17:31.245058" level="INFO">${list_country} = ['AD', 'AE', 'AF', 'AG', 'AI', 'AL', 'AM', 'AO', 'AQ', 'AR', 'AS', 'AT', 'AU', 'AW', 'AX', 'AZ', 'BA', 'BB', 'BD', 'BE', 'BF', 'BG', 'BH', 'BI', 'BJ', 'BL', 'BM', 'BN', 'BO', 'BQ', 'BR', 'BS', 'BT', '...</msg>
<var>${list_country}</var>
<arg>AD</arg>
<arg>AE</arg>
<arg>AF</arg>
<arg>AG</arg>
<arg>AI</arg>
<arg>AL</arg>
<arg>AM</arg>
<arg>AO</arg>
<arg>AQ</arg>
<arg>AR</arg>
<arg>AS</arg>
<arg>AT</arg>
<arg>AU</arg>
<arg>AW</arg>
<arg>AX</arg>
<arg>AZ</arg>
<arg>BA</arg>
<arg>BB</arg>
<arg>BD</arg>
<arg>BE</arg>
<arg>BF</arg>
<arg>BG</arg>
<arg>BH</arg>
<arg>BI</arg>
<arg>BJ</arg>
<arg>BL</arg>
<arg>BM</arg>
<arg>BN</arg>
<arg>BO</arg>
<arg>BQ</arg>
<arg>BR</arg>
<arg>BS</arg>
<arg>BT</arg>
<arg>BV</arg>
<arg>BW</arg>
<arg>BY</arg>
<arg>BZ</arg>
<arg>CA</arg>
<arg>CC</arg>
<arg>CD</arg>
<arg>CF</arg>
<arg>CG</arg>
<arg>CH</arg>
<arg>CI</arg>
<arg>CK</arg>
<arg>CL</arg>
<arg>CM</arg>
<arg>CN</arg>
<arg>CO</arg>
<arg>CR</arg>
<arg>CU</arg>
<arg>CV</arg>
<arg>CW</arg>
<arg>CX</arg>
<arg>CY</arg>
<arg>CZ</arg>
<arg>DE</arg>
<arg>DJ</arg>
<arg>DK</arg>
<arg>DM</arg>
<arg>DO</arg>
<arg>DZ</arg>
<arg>EC</arg>
<arg>EE</arg>
<arg>EG</arg>
<arg>EH</arg>
<arg>ER</arg>
<arg>ES</arg>
<arg>ET</arg>
<arg>FI</arg>
<arg>FJ</arg>
<arg>FK</arg>
<arg>FM</arg>
<arg>FO</arg>
<arg>FR</arg>
<arg>GA</arg>
<arg>GB</arg>
<arg>GD</arg>
<arg>GE</arg>
<arg>GF</arg>
<arg>GG</arg>
<arg>GH</arg>
<arg>GI</arg>
<arg>GL</arg>
<arg>GM</arg>
<arg>GN</arg>
<arg>GP</arg>
<arg>GQ</arg>
<arg>GR</arg>
<arg>GS</arg>
<arg>GT</arg>
<arg>GU</arg>
<arg>GW</arg>
<arg>GY</arg>
<arg>HK</arg>
<arg>HM</arg>
<arg>HN</arg>
<arg>HR</arg>
<arg>HT</arg>
<arg>HU</arg>
<arg>ID</arg>
<arg>IE</arg>
<arg>IL</arg>
<arg>IM</arg>
<arg>IN</arg>
<arg>IO</arg>
<arg>IQ</arg>
<arg>IR</arg>
<arg>IS</arg>
<arg>IT</arg>
<arg>JE</arg>
<arg>JM</arg>
<arg>JO</arg>
<arg>JP</arg>
<arg>KE</arg>
<arg>KG</arg>
<arg>KH</arg>
<arg>KI</arg>
<arg>KM</arg>
<arg>KN</arg>
<arg>KP</arg>
<arg>KR</arg>
<arg>KW</arg>
<arg>KY</arg>
<arg>KZ</arg>
<arg>LA</arg>
<arg>LB</arg>
<arg>LC</arg>
<arg>LI</arg>
<arg>LK</arg>
<arg>LR</arg>
<arg>LS</arg>
<arg>LT</arg>
<arg>LU</arg>
<arg>LV</arg>
<arg>LY</arg>
<arg>MA</arg>
<arg>MC</arg>
<arg>MD</arg>
<arg>ME</arg>
<arg>MF</arg>
<arg>MG</arg>
<arg>MH</arg>
<arg>MK</arg>
<arg>ML</arg>
<arg>MM</arg>
<arg>MN</arg>
<arg>MO</arg>
<arg>MP</arg>
<arg>MQ</arg>
<arg>MR</arg>
<arg>MS</arg>
<arg>MT</arg>
<arg>MU</arg>
<arg>MV</arg>
<arg>MW</arg>
<arg>MX</arg>
<arg>MY</arg>
<arg>MZ</arg>
<arg>NA</arg>
<arg>NC</arg>
<arg>NE</arg>
<arg>NF</arg>
<arg>NG</arg>
<arg>NI</arg>
<arg>NL</arg>
<arg>NO</arg>
<arg>NP</arg>
<arg>NR</arg>
<arg>NU</arg>
<arg>NZ</arg>
<arg>OM</arg>
<arg>PA</arg>
<arg>PE</arg>
<arg>PF</arg>
<arg>PG</arg>
<arg>PH</arg>
<arg>PK</arg>
<arg>PL</arg>
<arg>PM</arg>
<arg>PN</arg>
<arg>PR</arg>
<arg>PS</arg>
<arg>PT</arg>
<arg>PW</arg>
<arg>PY</arg>
<arg>QA</arg>
<arg>RE</arg>
<arg>RO</arg>
<arg>RS</arg>
<arg>RU</arg>
<arg>RW</arg>
<arg>SA</arg>
<arg>SB</arg>
<arg>SC</arg>
<arg>SD</arg>
<arg>SE</arg>
<arg>SG</arg>
<arg>SH</arg>
<arg>SI</arg>
<arg>SJ</arg>
<arg>SK</arg>
<arg>SL</arg>
<arg>SM</arg>
<arg>SN</arg>
<arg>SO</arg>
<arg>SR</arg>
<arg>SS</arg>
<arg>ST</arg>
<arg>SV</arg>
<arg>SX</arg>
<arg>SY</arg>
<arg>SZ</arg>
<arg>TC</arg>
<arg>TD</arg>
<arg>TF</arg>
<arg>TG</arg>
<arg>TH</arg>
<arg>TJ</arg>
<arg>TK</arg>
<arg>TL</arg>
<arg>TM</arg>
<arg>TN</arg>
<arg>TO</arg>
<arg>TR</arg>
<arg>TT</arg>
<arg>TV</arg>
<arg>TW</arg>
<arg>TZ</arg>
<arg>UA</arg>
<arg>UG</arg>
<arg>UM</arg>
<arg>US</arg>
<arg>UY</arg>
<arg>UZ</arg>
<arg>VA</arg>
<arg>VC</arg>
<arg>VE</arg>
<arg>VG</arg>
<arg>VI</arg>
<arg>VN</arg>
<arg>VU</arg>
<arg>WF</arg>
<arg>WS</arg>
<arg>XK</arg>
<arg>YE</arg>
<arg>YT</arg>
<arg>ZA</arg>
<arg>ZM</arg>
<arg>ZW</arg>
<doc>Returns a list containing given items.</doc>
<status status="PASS" start="2024-06-26T03:17:31.244463" elapsed="0.000621"/>
</kw>
<kw name="List Should Contain Value" owner="Collections">
<arg>${list_country}</arg>
<arg>${name_country}</arg>
<doc>Fails if the ``value`` is not found from ``list``.</doc>
<status status="PASS" start="2024-06-26T03:17:31.245897" elapsed="0.000213"/>
</kw>
<kw name="Run Keyword If" owner="BuiltIn">
<kw name="Should Be True" owner="BuiltIn">
<arg>${True}</arg>
<doc>Fails if the given condition is not true.</doc>
<status status="PASS" start="2024-06-26T03:17:31.247079" elapsed="0.000144"/>
</kw>
<arg>${json_data["results"][0]["location"]["coordinates"]["latitude"]} &gt;= -90 and ${json_data["results"][0]["location"]["coordinates"]["latitude"]} &lt;= 90</arg>
<arg>Should Be True</arg>
<arg>${True}</arg>
<doc>Runs the given keyword with the given arguments, if ``condition`` is true.</doc>
<status status="PASS" start="2024-06-26T03:17:31.246303" elapsed="0.001043"/>
</kw>
<kw name="Run Keyword If" owner="BuiltIn">
<kw name="Should Be True" owner="BuiltIn">
<arg>${True}</arg>
<doc>Fails if the given condition is not true.</doc>
<status status="PASS" start="2024-06-26T03:17:31.248220" elapsed="0.000233"/>
</kw>
<arg>${json_data["results"][0]["location"]["coordinates"]["longitude"]} &gt;= -180 and ${json_data["results"][0]["location"]["coordinates"]["longitude"]} &lt;= 180</arg>
<arg>Should Be True</arg>
<arg>${True}</arg>
<doc>Runs the given keyword with the given arguments, if ``condition`` is true.</doc>
<status status="PASS" start="2024-06-26T03:17:31.247527" elapsed="0.001063"/>
</kw>
<status status="PASS" start="2024-06-26T03:17:31.151810" elapsed="0.096918"/>
</kw>
<doc>Testa o conteúdo específico dos campos retornados pela API.</doc>
<tag>testeConteudo</tag>
<status status="PASS" start="2024-06-26T03:17:31.151126" elapsed="0.097749"/>
</test>
<status status="PASS" start="2024-06-26T03:17:30.309698" elapsed="0.941101"/>
</suite>
<status status="PASS" start="2024-06-26T03:17:30.295039" elapsed="0.960844"/>
</suite>
<statistics>
<total>
<stat pass="5" fail="0" skip="0">All Tests</stat>
</total>
<tag>
<stat pass="1" fail="0" skip="0">testeConteudo</stat>
<stat pass="1" fail="0" skip="0">testeEstruturaResposta</stat>
<stat pass="1" fail="0" skip="0">testeRequisicaoBasica</stat>
<stat pass="1" fail="0" skip="0">testeTiposDados</stat>
</tag>
<suite>
<stat pass="5" fail="0" skip="0" id="s1" name="Tests">Tests</stat>
<stat pass="5" fail="0" skip="0" id="s1-s1" name="Random-User-Test">Tests.Random-User-Test</stat>
</suite>
</statistics>
<errors>
</errors>
</robot>
