<?xml version="1.0" encoding="UTF-8"?>
<robot generator="Robot 7.0 (Python 3.12.2 on linux)" generated="2024-03-21T17:12:26.714881" rpa="false" schemaversion="5">
<suite id="s1" name="Tests" source="/home/runner/work/DesafioQAItauRogerioJordao/DesafioQAItauRogerioJordao/RamdonUser/tests">
<suite id="s1-s1" name="Random-User-Test" source="/home/runner/work/DesafioQAItauRogerioJordao/DesafioQAItauRogerioJordao/RamdonUser/tests/random-user-test.robot">
<test id="s1-s1-t1" name="Conectar" line="13">
<kw name="Conectar API" owner="random-user-service">
<kw name="Create Session" owner="RequestsLibrary">
<msg time="2024-03-21T17:12:27.064851" level="INFO">Creating Session using : alias=consultarAPI, url=https://randomuser.me/, headers={},                     cookies={}, auth=None, timeout=None, proxies=None, verify=False,                     debug=0 </msg>
<arg>consultarAPI</arg>
<arg>${URL}</arg>
<doc>Create Session: create a HTTP session to a server</doc>
<status status="PASS" start="2024-03-21T17:12:27.064653" elapsed="0.000354"/>
</kw>
<status status="PASS" start="2024-03-21T17:12:27.063679" elapsed="0.001672"/>
</kw>
<status status="PASS" start="2024-03-21T17:12:27.063093" elapsed="0.002464"/>
</test>
<test id="s1-s1-t2" name="Validar retorno 200 e JSON Válido" line="16">
<kw name="Teste de Requisicao Basica" owner="random-user-service">
<kw name="GET On Session" owner="RequestsLibrary">
<msg time="2024-03-21T17:12:27.133783" level="INFO">GET Request : url=https://randomuser.me/api 
 path_url=/api 
 headers={'User-Agent': 'python-requests/2.31.0', 'Accept-Encoding': 'gzip, deflate', 'Accept': '*/*', 'Connection': 'keep-alive'} 
 body=None 
 </msg>
<msg time="2024-03-21T17:12:27.133913" level="INFO">GET Response : url=https://randomuser.me/api 
 status=200, reason=OK 
 headers={'Date': 'Thu, 21 Mar 2024 17:12:27 GMT', 'Content-Type': 'application/json; charset=utf-8', 'Transfer-Encoding': 'chunked', 'Connection': 'keep-alive', 'X-Powered-By': 'Express', 'Access-Control-Allow-Origin': '*', 'Cache-Control': 'no-cache', 'ETag': 'W/"474-XmUl5L+GQWo+/piTPJy2i656Eh0"', 'Vary': 'Accept-Encoding', 'Content-Encoding': 'gzip', 'CF-Cache-Status': 'DYNAMIC', 'Report-To': '{"endpoints":[{"url":"https:\\/\\/a.nel.cloudflare.com\\/report\\/v4?s=Q2UpnBHRhEgaxrXs92gsSAYmHH8%2BDX%2FD3%2FzjtOE99kuer28%2BTj%2B0z4eTGeaKsF8fGO4jYb8VuNTT%2FsbmR9Fg49sqxAwA%2FJ9jV%2B7EYE%2FNktSymPkY9b4voMhZu2LhhdL0"}],"group":"cf-nel","max_age":604800}', 'NEL': '{"success_fraction":0,"report_to":"cf-nel","max_age":604800}', 'Server': 'cloudflare', 'CF-RAY': '867f9121685e080e-IAD', 'alt-svc': 'h3=":443"; ma=86400'} 
 body={"results":[{"gender":"female","name":{"title":"Mrs","first":"النا","last":"یاسمی"},"location":{"street":{"number":4501,"name":"15 خرداد"},"city":"اراک","state":"کردستان","country":"Iran","postcode":73029,"coordinates":{"latitude":"13.9223","longitude":"157.1367"},"timezone":{"offset":"+5:45","description":"Kathmandu"}},"email":"ln.ysmy@example.com","login":{"uuid":"2f6c700c-bfa2-414d-a178-c6f324cbb740","username":"lazyrabbit488","password":"holycow","salt":"8Olfs1Ng","md5":"2e18aa97f35ee0e60e816d7ea7ca9833","sha1":"67aa6471e9a60a23a390a3cc8a35198128814f91","sha256":"6438ac0d9af2adc0c84fea8877129ee4d2566d7e9fe3293a7d3df41985d20da0"},"dob":{"date":"2000-10-15T09:32:58.121Z","age":23},"registered":{"date":"2007-02-07T12:32:29.137Z","age":17},"phone":"027-77420333","cell":"0926-143-1096","id":{"name":"","value":null},"picture":{"large":"https://randomuser.me/api/portraits/women/12.jpg","medium":"https://randomuser.me/api/portraits/med/women/12.jpg","thumbnail":"https://randomuser.me/api/portraits/thumb/women/12.jpg"},"nat":"IR"}],"info":{"seed":"e2d01971a8dcc70b","results":1,"page":1,"version":"1.4"}} 
 </msg>
<msg time="2024-03-21T17:12:27.134029" level="INFO">/opt/hostedtoolcache/Python/3.12.2/x64/lib/python3.12/site-packages/urllib3/connectionpool.py:1103: InsecureRequestWarning: Unverified HTTPS request is being made to host 'randomuser.me'. Adding certificate verification is strongly advised. See: https://urllib3.readthedocs.io/en/latest/advanced-usage.html#tls-warnings
  warnings.warn(</msg>
<msg time="2024-03-21T17:12:27.134136" level="INFO">${response} = &lt;Response [200]&gt;</msg>
<var>${response}</var>
<arg>consultarAPI</arg>
<arg>/api</arg>
<doc>Sends a GET request on a previously created HTTP Session.</doc>
<status status="PASS" start="2024-03-21T17:12:27.068215" elapsed="0.065964"/>
</kw>
<kw name="Should Be Equal As Numbers" owner="BuiltIn">
<msg time="2024-03-21T17:12:27.135181" level="INFO">Argument types are:
&lt;class 'int'&gt;
&lt;class 'str'&gt;</msg>
<arg>${response.status_code}</arg>
<arg>200</arg>
<doc>Fails if objects are unequal after converting them to real numbers.</doc>
<status status="PASS" start="2024-03-21T17:12:27.134663" elapsed="0.000583"/>
</kw>
<kw name="Log" owner="BuiltIn">
<msg time="2024-03-21T17:12:27.135937" level="INFO">200</msg>
<arg>${response.status_code}</arg>
<doc>Logs the given message with the given level.</doc>
<status status="PASS" start="2024-03-21T17:12:27.135572" elapsed="0.000409"/>
</kw>
<kw name="Set Variable" owner="BuiltIn">
<msg time="2024-03-21T17:12:27.136768" level="INFO">${json_data} = {'results': [{'gender': 'female', 'name': {'title': 'Mrs', 'first': 'النا', 'last': 'یاسمی'}, 'location': {'street': {'number': 4501, 'name': '15 خرداد'}, 'city': 'اراک', 'state': 'کردستان', 'country'...</msg>
<var>${json_data}</var>
<arg>${response.json()}</arg>
<doc>Returns the given values which can then be assigned to a variables.</doc>
<status status="PASS" start="2024-03-21T17:12:27.136319" elapsed="0.000480"/>
</kw>
<kw name="Dictionary Should Contain Key" owner="Collections">
<msg time="2024-03-21T17:12:27.137274" level="INFO">False</msg>
<arg>${json_data}</arg>
<arg>results</arg>
<doc>Fails if ``key`` is not found from ``dictionary``.</doc>
<status status="PASS" start="2024-03-21T17:12:27.137110" elapsed="0.000205"/>
</kw>
<status status="PASS" start="2024-03-21T17:12:27.067964" elapsed="0.069605"/>
</kw>
<doc>Testa se a API responde corretamente e retorna um objeto JSON válido.</doc>
<tag>testeRequisicaoBasica</tag>
<status status="PASS" start="2024-03-21T17:12:27.067438" elapsed="0.070304"/>
</test>
<test id="s1-s1-t3" name="Validar estrutura de resposta" line="22">
<kw name="Teste de Estrutura de Resposta" owner="random-user-service">
<kw name="GET On Session" owner="RequestsLibrary">
<msg time="2024-03-21T17:12:27.236076" level="INFO">GET Request : url=https://randomuser.me/api 
 path_url=/api 
 headers={'User-Agent': 'python-requests/2.31.0', 'Accept-Encoding': 'gzip, deflate', 'Accept': '*/*', 'Connection': 'keep-alive'} 
 body=None 
 </msg>
<msg time="2024-03-21T17:12:27.236167" level="INFO">GET Response : url=https://randomuser.me/api 
 status=200, reason=OK 
 headers={'Date': 'Thu, 21 Mar 2024 17:12:27 GMT', 'Content-Type': 'application/json; charset=utf-8', 'Transfer-Encoding': 'chunked', 'Connection': 'keep-alive', 'X-Powered-By': 'Express', 'Access-Control-Allow-Origin': '*', 'Cache-Control': 'no-cache', 'ETag': 'W/"470-K9r5sejeVvoUdgzds54FWO40bFA"', 'Vary': 'Accept-Encoding', 'Content-Encoding': 'gzip', 'CF-Cache-Status': 'DYNAMIC', 'Report-To': '{"endpoints":[{"url":"https:\\/\\/a.nel.cloudflare.com\\/report\\/v4?s=2A8TFoo8ZWn8T2UUH%2FmeNEHmG0FS8Q1jtSneeBJdRL7lpEf7cS0Nk9JOGHmGMnG07v%2F18CB3OANjb6CLWnMrk4eMVcjxecWTgW84W7nN4Rg4JNxSv6yxkIh5Zk13ZUSr"}],"group":"cf-nel","max_age":604800}', 'NEL': '{"success_fraction":0,"report_to":"cf-nel","max_age":604800}', 'Server': 'cloudflare', 'CF-RAY': '867f9121a8c0080e-IAD', 'alt-svc': 'h3=":443"; ma=86400'} 
 body={"results":[{"gender":"male","name":{"title":"Mr","first":"سینا","last":"رضایی"},"location":{"street":{"number":5742,"name":"شهید آرش مهر"},"city":"بابل","state":"البرز","country":"Iran","postcode":95352,"coordinates":{"latitude":"17.1044","longitude":"-16.7674"},"timezone":{"offset":"-2:00","description":"Mid-Atlantic"}},"email":"syn.rdyy@example.com","login":{"uuid":"8259532f-5048-4d20-86e2-b00bf8dd5ee7","username":"whitedog739","password":"goats","salt":"wbpI1lbd","md5":"88214f330a8ff6f0b4ee40954fed0435","sha1":"9b92bb8c425f3ec951d69a4d3cfabf52c1297270","sha256":"2095ca2e53d8c8c16668c9573edbb2d713209983df355c99a70e1edb3b29db5c"},"dob":{"date":"1947-05-06T04:35:48.002Z","age":76},"registered":{"date":"2003-04-10T22:22:07.823Z","age":20},"phone":"095-88399437","cell":"0924-174-0866","id":{"name":"","value":null},"picture":{"large":"https://randomuser.me/api/portraits/men/73.jpg","medium":"https://randomuser.me/api/portraits/med/men/73.jpg","thumbnail":"https://randomuser.me/api/portraits/thumb/men/73.jpg"},"nat":"IR"}],"info":{"seed":"2679dff448720e91","results":1,"page":1,"version":"1.4"}} 
 </msg>
<msg time="2024-03-21T17:12:27.236273" level="INFO">/opt/hostedtoolcache/Python/3.12.2/x64/lib/python3.12/site-packages/urllib3/connectionpool.py:1103: InsecureRequestWarning: Unverified HTTPS request is being made to host 'randomuser.me'. Adding certificate verification is strongly advised. See: https://urllib3.readthedocs.io/en/latest/advanced-usage.html#tls-warnings
  warnings.warn(</msg>
<msg time="2024-03-21T17:12:27.236366" level="INFO">${response} = &lt;Response [200]&gt;</msg>
<var>${response}</var>
<arg>consultarAPI</arg>
<arg>/api</arg>
<doc>Sends a GET request on a previously created HTTP Session.</doc>
<status status="PASS" start="2024-03-21T17:12:27.140588" elapsed="0.095807"/>
</kw>
<kw name="Set Variable" owner="BuiltIn">
<msg time="2024-03-21T17:12:27.237255" level="INFO">${json_data} = {'results': [{'gender': 'male', 'name': {'title': 'Mr', 'first': 'سینا', 'last': 'رضایی'}, 'location': {'street': {'number': 5742, 'name': 'شهید آرش مهر'}, 'city': 'بابل', 'state': 'البرز', 'country':...</msg>
<var>${json_data}</var>
<arg>${response.json()}</arg>
<doc>Returns the given values which can then be assigned to a variables.</doc>
<status status="PASS" start="2024-03-21T17:12:27.236787" elapsed="0.000499"/>
</kw>
<kw name="Log" owner="BuiltIn">
<msg time="2024-03-21T17:12:27.237777" level="INFO">{'results': [{'gender': 'male', 'name': {'title': 'Mr', 'first': 'سینا', 'last': 'رضایی'}, 'location': {'street': {'number': 5742, 'name': 'شهید آرش مهر'}, 'city': 'بابل', 'state': 'البرز', 'country': 'Iran', 'postcode': 95352, 'coordinates': {'latitude': '17.1044', 'longitude': '-16.7674'}, 'timezone': {'offset': '-2:00', 'description': 'Mid-Atlantic'}}, 'email': 'syn.rdyy@example.com', 'login': {'uuid': '8259532f-5048-4d20-86e2-b00bf8dd5ee7', 'username': 'whitedog739', 'password': 'goats', 'salt': 'wbpI1lbd', 'md5': '88214f330a8ff6f0b4ee40954fed0435', 'sha1': '9b92bb8c425f3ec951d69a4d3cfabf52c1297270', 'sha256': '2095ca2e53d8c8c16668c9573edbb2d713209983df355c99a70e1edb3b29db5c'}, 'dob': {'date': '1947-05-06T04:35:48.002Z', 'age': 76}, 'registered': {'date': '2003-04-10T22:22:07.823Z', 'age': 20}, 'phone': '095-88399437', 'cell': '0924-174-0866', 'id': {'name': '', 'value': None}, 'picture': {'large': 'https://randomuser.me/api/portraits/men/73.jpg', 'medium': 'https://randomuser.me/api/portraits/med/men/73.jpg', 'thumbnail': 'https://randomuser.me/api/portraits/thumb/men/73.jpg'}, 'nat': 'IR'}], 'info': {'seed': '2679dff448720e91', 'results': 1, 'page': 1, 'version': '1.4'}}</msg>
<arg>${json_data}</arg>
<doc>Logs the given message with the given level.</doc>
<status status="PASS" start="2024-03-21T17:12:27.237602" elapsed="0.000227"/>
</kw>
<kw name="Dictionary Should Contain Key" owner="Collections">
<msg time="2024-03-21T17:12:27.238289" level="INFO">False</msg>
<arg>${json_data}</arg>
<arg>results</arg>
<doc>Fails if ``key`` is not found from ``dictionary``.</doc>
<status status="PASS" start="2024-03-21T17:12:27.238133" elapsed="0.000195"/>
</kw>
<kw name="Should Not Be Empty" owner="BuiltIn">
<msg time="2024-03-21T17:12:27.238791" level="INFO">Length is 2.</msg>
<arg>${json_data}</arg>
<doc>Verifies that the given item is not empty.</doc>
<status status="PASS" start="2024-03-21T17:12:27.238626" elapsed="0.000218"/>
</kw>
<kw name="Create List" owner="BuiltIn">
<msg time="2024-03-21T17:12:27.239299" level="INFO">${expected_keys} = ['gender', 'name', 'location', 'email', 'login']</msg>
<var>${expected_keys}</var>
<arg>gender</arg>
<arg>name</arg>
<arg>location</arg>
<arg>email</arg>
<arg>login</arg>
<doc>Returns a list containing given items.</doc>
<status status="PASS" start="2024-03-21T17:12:27.239146" elapsed="0.000178"/>
</kw>
<for flavor="IN">
<iter>
<kw name="Dictionary Should Contain Key" owner="Collections">
<msg time="2024-03-21T17:12:27.240306" level="INFO">False</msg>
<arg>${json_data['results'][0]}</arg>
<arg>${key}</arg>
<doc>Fails if ``key`` is not found from ``dictionary``.</doc>
<status status="PASS" start="2024-03-21T17:12:27.239895" elapsed="0.000451"/>
</kw>
<kw name="Log" owner="BuiltIn">
<msg time="2024-03-21T17:12:27.241035" level="INFO">{'gender': 'male', 'name': {'title': 'Mr', 'first': 'سینا', 'last': 'رضایی'}, 'location': {'street': {'number': 5742, 'name': 'شهید آرش مهر'}, 'city': 'بابل', 'state': 'البرز', 'country': 'Iran', 'postcode': 95352, 'coordinates': {'latitude': '17.1044', 'longitude': '-16.7674'}, 'timezone': {'offset': '-2:00', 'description': 'Mid-Atlantic'}}, 'email': 'syn.rdyy@example.com', 'login': {'uuid': '8259532f-5048-4d20-86e2-b00bf8dd5ee7', 'username': 'whitedog739', 'password': 'goats', 'salt': 'wbpI1lbd', 'md5': '88214f330a8ff6f0b4ee40954fed0435', 'sha1': '9b92bb8c425f3ec951d69a4d3cfabf52c1297270', 'sha256': '2095ca2e53d8c8c16668c9573edbb2d713209983df355c99a70e1edb3b29db5c'}, 'dob': {'date': '1947-05-06T04:35:48.002Z', 'age': 76}, 'registered': {'date': '2003-04-10T22:22:07.823Z', 'age': 20}, 'phone': '095-88399437', 'cell': '0924-174-0866', 'id': {'name': '', 'value': None}, 'picture': {'large': 'https://randomuser.me/api/portraits/men/73.jpg', 'medium': 'https://randomuser.me/api/portraits/med/men/73.jpg', 'thumbnail': 'https://randomuser.me/api/portraits/thumb/men/73.jpg'}, 'nat': 'IR'}</msg>
<arg>${json_data['results'][0]}</arg>
<doc>Logs the given message with the given level.</doc>
<status status="PASS" start="2024-03-21T17:12:27.240658" elapsed="0.000435"/>
</kw>
<kw name="Log" owner="BuiltIn">
<msg time="2024-03-21T17:12:27.241555" level="INFO">gender</msg>
<arg>${key}</arg>
<doc>Logs the given message with the given level.</doc>
<status status="PASS" start="2024-03-21T17:12:27.241420" elapsed="0.000175"/>
</kw>
<var name="${key}">gender</var>
<status status="PASS" start="2024-03-21T17:12:27.239765" elapsed="0.002055"/>
</iter>
<iter>
<kw name="Dictionary Should Contain Key" owner="Collections">
<msg time="2024-03-21T17:12:27.242531" level="INFO">False</msg>
<arg>${json_data['results'][0]}</arg>
<arg>${key}</arg>
<doc>Fails if ``key`` is not found from ``dictionary``.</doc>
<status status="PASS" start="2024-03-21T17:12:27.242132" elapsed="0.000438"/>
</kw>
<kw name="Log" owner="BuiltIn">
<msg time="2024-03-21T17:12:27.243315" level="INFO">{'gender': 'male', 'name': {'title': 'Mr', 'first': 'سینا', 'last': 'رضایی'}, 'location': {'street': {'number': 5742, 'name': 'شهید آرش مهر'}, 'city': 'بابل', 'state': 'البرز', 'country': 'Iran', 'postcode': 95352, 'coordinates': {'latitude': '17.1044', 'longitude': '-16.7674'}, 'timezone': {'offset': '-2:00', 'description': 'Mid-Atlantic'}}, 'email': 'syn.rdyy@example.com', 'login': {'uuid': '8259532f-5048-4d20-86e2-b00bf8dd5ee7', 'username': 'whitedog739', 'password': 'goats', 'salt': 'wbpI1lbd', 'md5': '88214f330a8ff6f0b4ee40954fed0435', 'sha1': '9b92bb8c425f3ec951d69a4d3cfabf52c1297270', 'sha256': '2095ca2e53d8c8c16668c9573edbb2d713209983df355c99a70e1edb3b29db5c'}, 'dob': {'date': '1947-05-06T04:35:48.002Z', 'age': 76}, 'registered': {'date': '2003-04-10T22:22:07.823Z', 'age': 20}, 'phone': '095-88399437', 'cell': '0924-174-0866', 'id': {'name': '', 'value': None}, 'picture': {'large': 'https://randomuser.me/api/portraits/men/73.jpg', 'medium': 'https://randomuser.me/api/portraits/med/men/73.jpg', 'thumbnail': 'https://randomuser.me/api/portraits/thumb/men/73.jpg'}, 'nat': 'IR'}</msg>
<arg>${json_data['results'][0]}</arg>
<doc>Logs the given message with the given level.</doc>
<status status="PASS" start="2024-03-21T17:12:27.242937" elapsed="0.000430"/>
</kw>
<kw name="Log" owner="BuiltIn">
<msg time="2024-03-21T17:12:27.243818" level="INFO">name</msg>
<arg>${key}</arg>
<doc>Logs the given message with the given level.</doc>
<status status="PASS" start="2024-03-21T17:12:27.243685" elapsed="0.000171"/>
</kw>
<var name="${key}">name</var>
<status status="PASS" start="2024-03-21T17:12:27.242013" elapsed="0.002066"/>
</iter>
<iter>
<kw name="Dictionary Should Contain Key" owner="Collections">
<msg time="2024-03-21T17:12:27.244758" level="INFO">False</msg>
<arg>${json_data['results'][0]}</arg>
<arg>${key}</arg>
<doc>Fails if ``key`` is not found from ``dictionary``.</doc>
<status status="PASS" start="2024-03-21T17:12:27.244375" elapsed="0.000422"/>
</kw>
<kw name="Log" owner="BuiltIn">
<msg time="2024-03-21T17:12:27.245477" level="INFO">{'gender': 'male', 'name': {'title': 'Mr', 'first': 'سینا', 'last': 'رضایی'}, 'location': {'street': {'number': 5742, 'name': 'شهید آرش مهر'}, 'city': 'بابل', 'state': 'البرز', 'country': 'Iran', 'postcode': 95352, 'coordinates': {'latitude': '17.1044', 'longitude': '-16.7674'}, 'timezone': {'offset': '-2:00', 'description': 'Mid-Atlantic'}}, 'email': 'syn.rdyy@example.com', 'login': {'uuid': '8259532f-5048-4d20-86e2-b00bf8dd5ee7', 'username': 'whitedog739', 'password': 'goats', 'salt': 'wbpI1lbd', 'md5': '88214f330a8ff6f0b4ee40954fed0435', 'sha1': '9b92bb8c425f3ec951d69a4d3cfabf52c1297270', 'sha256': '2095ca2e53d8c8c16668c9573edbb2d713209983df355c99a70e1edb3b29db5c'}, 'dob': {'date': '1947-05-06T04:35:48.002Z', 'age': 76}, 'registered': {'date': '2003-04-10T22:22:07.823Z', 'age': 20}, 'phone': '095-88399437', 'cell': '0924-174-0866', 'id': {'name': '', 'value': None}, 'picture': {'large': 'https://randomuser.me/api/portraits/men/73.jpg', 'medium': 'https://randomuser.me/api/portraits/med/men/73.jpg', 'thumbnail': 'https://randomuser.me/api/portraits/thumb/men/73.jpg'}, 'nat': 'IR'}</msg>
<arg>${json_data['results'][0]}</arg>
<doc>Logs the given message with the given level.</doc>
<status status="PASS" start="2024-03-21T17:12:27.245101" elapsed="0.000431"/>
</kw>
<kw name="Log" owner="BuiltIn">
<msg time="2024-03-21T17:12:27.245962" level="INFO">location</msg>
<arg>${key}</arg>
<doc>Logs the given message with the given level.</doc>
<status status="PASS" start="2024-03-21T17:12:27.245834" elapsed="0.000167"/>
</kw>
<var name="${key}">location</var>
<status status="PASS" start="2024-03-21T17:12:27.244262" elapsed="0.001958"/>
</iter>
<iter>
<kw name="Dictionary Should Contain Key" owner="Collections">
<msg time="2024-03-21T17:12:27.246925" level="INFO">False</msg>
<arg>${json_data['results'][0]}</arg>
<arg>${key}</arg>
<doc>Fails if ``key`` is not found from ``dictionary``.</doc>
<status status="PASS" start="2024-03-21T17:12:27.246510" elapsed="0.000453"/>
</kw>
<kw name="Log" owner="BuiltIn">
<msg time="2024-03-21T17:12:27.247628" level="INFO">{'gender': 'male', 'name': {'title': 'Mr', 'first': 'سینا', 'last': 'رضایی'}, 'location': {'street': {'number': 5742, 'name': 'شهید آرش مهر'}, 'city': 'بابل', 'state': 'البرز', 'country': 'Iran', 'postcode': 95352, 'coordinates': {'latitude': '17.1044', 'longitude': '-16.7674'}, 'timezone': {'offset': '-2:00', 'description': 'Mid-Atlantic'}}, 'email': 'syn.rdyy@example.com', 'login': {'uuid': '8259532f-5048-4d20-86e2-b00bf8dd5ee7', 'username': 'whitedog739', 'password': 'goats', 'salt': 'wbpI1lbd', 'md5': '88214f330a8ff6f0b4ee40954fed0435', 'sha1': '9b92bb8c425f3ec951d69a4d3cfabf52c1297270', 'sha256': '2095ca2e53d8c8c16668c9573edbb2d713209983df355c99a70e1edb3b29db5c'}, 'dob': {'date': '1947-05-06T04:35:48.002Z', 'age': 76}, 'registered': {'date': '2003-04-10T22:22:07.823Z', 'age': 20}, 'phone': '095-88399437', 'cell': '0924-174-0866', 'id': {'name': '', 'value': None}, 'picture': {'large': 'https://randomuser.me/api/portraits/men/73.jpg', 'medium': 'https://randomuser.me/api/portraits/med/men/73.jpg', 'thumbnail': 'https://randomuser.me/api/portraits/thumb/men/73.jpg'}, 'nat': 'IR'}</msg>
<arg>${json_data['results'][0]}</arg>
<doc>Logs the given message with the given level.</doc>
<status status="PASS" start="2024-03-21T17:12:27.247267" elapsed="0.000412"/>
</kw>
<kw name="Log" owner="BuiltIn">
<msg time="2024-03-21T17:12:27.248104" level="INFO">email</msg>
<arg>${key}</arg>
<doc>Logs the given message with the given level.</doc>
<status status="PASS" start="2024-03-21T17:12:27.247977" elapsed="0.000166"/>
</kw>
<var name="${key}">email</var>
<status status="PASS" start="2024-03-21T17:12:27.246398" elapsed="0.001962"/>
</iter>
<iter>
<kw name="Dictionary Should Contain Key" owner="Collections">
<msg time="2024-03-21T17:12:27.249040" level="INFO">False</msg>
<arg>${json_data['results'][0]}</arg>
<arg>${key}</arg>
<doc>Fails if ``key`` is not found from ``dictionary``.</doc>
<status status="PASS" start="2024-03-21T17:12:27.248652" elapsed="0.000425"/>
</kw>
<kw name="Log" owner="BuiltIn">
<msg time="2024-03-21T17:12:27.249741" level="INFO">{'gender': 'male', 'name': {'title': 'Mr', 'first': 'سینا', 'last': 'رضایی'}, 'location': {'street': {'number': 5742, 'name': 'شهید آرش مهر'}, 'city': 'بابل', 'state': 'البرز', 'country': 'Iran', 'postcode': 95352, 'coordinates': {'latitude': '17.1044', 'longitude': '-16.7674'}, 'timezone': {'offset': '-2:00', 'description': 'Mid-Atlantic'}}, 'email': 'syn.rdyy@example.com', 'login': {'uuid': '8259532f-5048-4d20-86e2-b00bf8dd5ee7', 'username': 'whitedog739', 'password': 'goats', 'salt': 'wbpI1lbd', 'md5': '88214f330a8ff6f0b4ee40954fed0435', 'sha1': '9b92bb8c425f3ec951d69a4d3cfabf52c1297270', 'sha256': '2095ca2e53d8c8c16668c9573edbb2d713209983df355c99a70e1edb3b29db5c'}, 'dob': {'date': '1947-05-06T04:35:48.002Z', 'age': 76}, 'registered': {'date': '2003-04-10T22:22:07.823Z', 'age': 20}, 'phone': '095-88399437', 'cell': '0924-174-0866', 'id': {'name': '', 'value': None}, 'picture': {'large': 'https://randomuser.me/api/portraits/men/73.jpg', 'medium': 'https://randomuser.me/api/portraits/med/men/73.jpg', 'thumbnail': 'https://randomuser.me/api/portraits/thumb/men/73.jpg'}, 'nat': 'IR'}</msg>
<arg>${json_data['results'][0]}</arg>
<doc>Logs the given message with the given level.</doc>
<status status="PASS" start="2024-03-21T17:12:27.249373" elapsed="0.000418"/>
</kw>
<kw name="Log" owner="BuiltIn">
<msg time="2024-03-21T17:12:27.250221" level="INFO">login</msg>
<arg>${key}</arg>
<doc>Logs the given message with the given level.</doc>
<status status="PASS" start="2024-03-21T17:12:27.250090" elapsed="0.000293"/>
</kw>
<var name="${key}">login</var>
<status status="PASS" start="2024-03-21T17:12:27.248535" elapsed="0.002089"/>
</iter>
<var>${key}</var>
<value>@{expected_keys}</value>
<status status="PASS" start="2024-03-21T17:12:27.239583" elapsed="0.011168"/>
</for>
<kw name="Create List" owner="BuiltIn">
<msg time="2024-03-21T17:12:27.251168" level="INFO">${expected_keysTwo} = ['username', 'password']</msg>
<var>${expected_keysTwo}</var>
<arg>username</arg>
<arg>password</arg>
<doc>Returns a list containing given items.</doc>
<status status="PASS" start="2024-03-21T17:12:27.251024" elapsed="0.000169"/>
</kw>
<for flavor="IN">
<iter>
<kw name="Dictionary Should Contain Key" owner="Collections">
<msg time="2024-03-21T17:12:27.252094" level="INFO">False</msg>
<arg>${json_data['results'][0]['login']}</arg>
<arg>${keyTwo}</arg>
<doc>Fails if ``key`` is not found from ``dictionary``.</doc>
<status status="PASS" start="2024-03-21T17:12:27.251705" elapsed="0.000428"/>
</kw>
<kw name="Dictionary Should Contain Key" owner="Collections">
<msg time="2024-03-21T17:12:27.252817" level="INFO">False</msg>
<arg>${json_data['results'][0]['login']}</arg>
<arg>${keyTwo}</arg>
<doc>Fails if ``key`` is not found from ``dictionary``.</doc>
<status status="PASS" start="2024-03-21T17:12:27.252434" elapsed="0.000421"/>
</kw>
<kw name="Log" owner="BuiltIn">
<msg time="2024-03-21T17:12:27.253282" level="INFO">username</msg>
<arg>${keyTwo}</arg>
<doc>Logs the given message with the given level.</doc>
<status status="PASS" start="2024-03-21T17:12:27.253153" elapsed="0.000168"/>
</kw>
<var name="${keyTwo}">username</var>
<status status="PASS" start="2024-03-21T17:12:27.251592" elapsed="0.001957"/>
</iter>
<iter>
<kw name="Dictionary Should Contain Key" owner="Collections">
<msg time="2024-03-21T17:12:27.254213" level="INFO">False</msg>
<arg>${json_data['results'][0]['login']}</arg>
<arg>${keyTwo}</arg>
<doc>Fails if ``key`` is not found from ``dictionary``.</doc>
<status status="PASS" start="2024-03-21T17:12:27.253835" elapsed="0.000417"/>
</kw>
<kw name="Dictionary Should Contain Key" owner="Collections">
<msg time="2024-03-21T17:12:27.254965" level="INFO">False</msg>
<arg>${json_data['results'][0]['login']}</arg>
<arg>${keyTwo}</arg>
<doc>Fails if ``key`` is not found from ``dictionary``.</doc>
<status status="PASS" start="2024-03-21T17:12:27.254545" elapsed="0.000458"/>
</kw>
<kw name="Log" owner="BuiltIn">
<msg time="2024-03-21T17:12:27.255429" level="INFO">password</msg>
<arg>${keyTwo}</arg>
<doc>Logs the given message with the given level.</doc>
<status status="PASS" start="2024-03-21T17:12:27.255300" elapsed="0.000168"/>
</kw>
<var name="${keyTwo}">password</var>
<status status="PASS" start="2024-03-21T17:12:27.253723" elapsed="0.001965"/>
</iter>
<var>${keyTwo}</var>
<value>@{expected_keysTwo}</value>
<status status="PASS" start="2024-03-21T17:12:27.251437" elapsed="0.004377"/>
</for>
<status status="PASS" start="2024-03-21T17:12:27.140310" elapsed="0.115647"/>
</kw>
<doc>Testa a estrutura da resposta da API.</doc>
<tag>testeEstruturaResposta</tag>
<status status="PASS" start="2024-03-21T17:12:27.139608" elapsed="0.116503"/>
</test>
<test id="s1-s1-t4" name="Validar tipos de dados" line="28">
<kw name="Teste de Tipos de Dados" owner="random-user-service">
<kw name="GET On Session" owner="RequestsLibrary">
<msg time="2024-03-21T17:12:27.338522" level="INFO">GET Request : url=https://randomuser.me/api 
 path_url=/api 
 headers={'User-Agent': 'python-requests/2.31.0', 'Accept-Encoding': 'gzip, deflate', 'Accept': '*/*', 'Connection': 'keep-alive'} 
 body=None 
 </msg>
<msg time="2024-03-21T17:12:27.338604" level="INFO">GET Response : url=https://randomuser.me/api 
 status=200, reason=OK 
 headers={'Date': 'Thu, 21 Mar 2024 17:12:27 GMT', 'Content-Type': 'application/json; charset=utf-8', 'Transfer-Encoding': 'chunked', 'Connection': 'keep-alive', 'X-Powered-By': 'Express', 'Access-Control-Allow-Origin': '*', 'Cache-Control': 'no-cache', 'ETag': 'W/"49b-K6Tenj3hXgMZ+2lAeaPFXfTvuNI"', 'Vary': 'Accept-Encoding', 'Content-Encoding': 'gzip', 'CF-Cache-Status': 'DYNAMIC', 'Report-To': '{"endpoints":[{"url":"https:\\/\\/a.nel.cloudflare.com\\/report\\/v4?s=m4sQfbKyOgAkIF0h9cKdt4CbnafyHsBArTg4Rdkakifat1ikHeu55pTf4Ss3z2jA2HFBb7h9xa7R9xhTY3hI7a%2FS%2Bmq1dPDbltfa0aelJRAdWCGiXyFp9uc3%2Fo1cjhx2"}],"group":"cf-nel","max_age":604800}', 'NEL': '{"success_fraction":0,"report_to":"cf-nel","max_age":604800}', 'Server': 'cloudflare', 'CF-RAY': '867f912269a5080e-IAD', 'alt-svc': 'h3=":443"; ma=86400'} 
 body={"results":[{"gender":"female","name":{"title":"Miss","first":"Rosivalda","last":"da Mata"},"location":{"street":{"number":2983,"name":"Rua Bela Vista "},"city":"Santos","state":"Distrito Federal","country":"Brazil","postcode":31880,"coordinates":{"latitude":"-81.0645","longitude":"13.1553"},"timezone":{"offset":"-2:00","description":"Mid-Atlantic"}},"email":"rosivalda.damata@example.com","login":{"uuid":"d42642c4-3b1b-4946-94c0-4a31f7516b89","username":"beautifulelephant712","password":"saints","salt":"ThTJrxKq","md5":"49356c6ea81831c08cb6670e92cc681c","sha1":"7f071cc259f992f19d5102fe5568f920b2d89534","sha256":"7ad26885de52c7e2f43dab4c1845aaaf54c26f35fb62b4fad62504a3cc530b5f"},"dob":{"date":"1956-08-25T09:54:22.819Z","age":67},"registered":{"date":"2004-09-18T01:04:45.909Z","age":19},"phone":"(43) 0475-5144","cell":"(63) 5753-3685","id":{"name":"CPF","value":"195.136.898-12"},"picture":{"large":"https://randomuser.me/api/portraits/women/92.jpg","medium":"https://randomuser.me/api/portraits/med/women/92.jpg","thumbnail":"https://randomuser.me/api/portraits/thumb/women/92.jpg"},"nat":"BR"}],"info":{"seed":"f279fb7de91203dc","results":1,"page":1,"version":"1.4"}} 
 </msg>
<msg time="2024-03-21T17:12:27.338674" level="INFO">/opt/hostedtoolcache/Python/3.12.2/x64/lib/python3.12/site-packages/urllib3/connectionpool.py:1103: InsecureRequestWarning: Unverified HTTPS request is being made to host 'randomuser.me'. Adding certificate verification is strongly advised. See: https://urllib3.readthedocs.io/en/latest/advanced-usage.html#tls-warnings
  warnings.warn(</msg>
<msg time="2024-03-21T17:12:27.338813" level="INFO">${response} = &lt;Response [200]&gt;</msg>
<var>${response}</var>
<arg>consultarAPI</arg>
<arg>/api</arg>
<doc>Sends a GET request on a previously created HTTP Session.</doc>
<status status="PASS" start="2024-03-21T17:12:27.258544" elapsed="0.080327"/>
</kw>
<kw name="Set Variable" owner="BuiltIn">
<msg time="2024-03-21T17:12:27.339823" level="INFO">${json_data} = {'results': [{'gender': 'female', 'name': {'title': 'Miss', 'first': 'Rosivalda', 'last': 'da Mata'}, 'location': {'street': {'number': 2983, 'name': 'Rua Bela Vista '}, 'city': 'Santos', 'state': 'Di...</msg>
<var>${json_data}</var>
<arg>${response.json()}</arg>
<doc>Returns the given values which can then be assigned to a variables.</doc>
<status status="PASS" start="2024-03-21T17:12:27.339369" elapsed="0.000482"/>
</kw>
<kw name="Log" owner="BuiltIn">
<msg time="2024-03-21T17:12:27.340317" level="INFO">{'results': [{'gender': 'female', 'name': {'title': 'Miss', 'first': 'Rosivalda', 'last': 'da Mata'}, 'location': {'street': {'number': 2983, 'name': 'Rua Bela Vista '}, 'city': 'Santos', 'state': 'Distrito Federal', 'country': 'Brazil', 'postcode': 31880, 'coordinates': {'latitude': '-81.0645', 'longitude': '13.1553'}, 'timezone': {'offset': '-2:00', 'description': 'Mid-Atlantic'}}, 'email': 'rosivalda.damata@example.com', 'login': {'uuid': 'd42642c4-3b1b-4946-94c0-4a31f7516b89', 'username': 'beautifulelephant712', 'password': 'saints', 'salt': 'ThTJrxKq', 'md5': '49356c6ea81831c08cb6670e92cc681c', 'sha1': '7f071cc259f992f19d5102fe5568f920b2d89534', 'sha256': '7ad26885de52c7e2f43dab4c1845aaaf54c26f35fb62b4fad62504a3cc530b5f'}, 'dob': {'date': '1956-08-25T09:54:22.819Z', 'age': 67}, 'registered': {'date': '2004-09-18T01:04:45.909Z', 'age': 19}, 'phone': '(43) 0475-5144', 'cell': '(63) 5753-3685', 'id': {'name': 'CPF', 'value': '195.136.898-12'}, 'picture': {'large': 'https://randomuser.me/api/portraits/women/92.jpg', 'medium': 'https://randomuser.me/api/portraits/med/women/92.jpg', 'thumbnail': 'https://randomuser.me/api/portraits/thumb/women/92.jpg'}, 'nat': 'BR'}], 'info': {'seed': 'f279fb7de91203dc', 'results': 1, 'page': 1, 'version': '1.4'}}</msg>
<arg>${json_data}</arg>
<doc>Logs the given message with the given level.</doc>
<status status="PASS" start="2024-03-21T17:12:27.340163" elapsed="0.000202"/>
</kw>
<kw name="Should Be String" owner="String">
<arg>${json_data['results'][0]['gender']}</arg>
<doc>Fails if the given ``item`` is not a string.</doc>
<status status="PASS" start="2024-03-21T17:12:27.340690" elapsed="0.000373"/>
</kw>
<kw name="Should Match Regexp" owner="BuiltIn">
<arg>${json_data['results'][0]['email']}</arg>
<arg>^[a-zA-Z0-9._%+-]+@[a-zA-Z0-9.-]+\.[a-zA-Z]{2,}$</arg>
<doc>Fails if ``string`` does not match ``pattern`` as a regular expression.</doc>
<status status="PASS" start="2024-03-21T17:12:27.341262" elapsed="0.000508"/>
</kw>
<kw name="Should Match Regexp" owner="BuiltIn">
<arg>${json_data['results'][0]['dob']['date']}</arg>
<arg>\\d{4}-\\d{2}-\\d{2}T\\d{2}:\\d{2}:\\d{2}\\.\\d{3}Z</arg>
<doc>Fails if ``string`` does not match ``pattern`` as a regular expression.</doc>
<status status="PASS" start="2024-03-21T17:12:27.341975" elapsed="0.000506"/>
</kw>
<kw name="Should Match Regexp" owner="BuiltIn">
<arg>${json_data['results'][0]['registered']['date']}</arg>
<arg>\\d{4}-\\d{2}-\\d{2}T\\d{2}:\\d{2}:\\d{2}\\.\\d{3}Z</arg>
<doc>Fails if ``string`` does not match ``pattern`` as a regular expression.</doc>
<status status="PASS" start="2024-03-21T17:12:27.342678" elapsed="0.000433"/>
</kw>
<kw name="Should Match Regexp" owner="BuiltIn">
<arg>${json_data['results'][0]['picture']['large']}</arg>
<arg>^https?://.*\.(?:png|jpe?g|gif|bmp)$</arg>
<doc>Fails if ``string`` does not match ``pattern`` as a regular expression.</doc>
<status status="PASS" start="2024-03-21T17:12:27.343307" elapsed="0.000467"/>
</kw>
<kw name="Should Match Regexp" owner="BuiltIn">
<arg>${json_data['results'][0]['picture']['medium']}</arg>
<arg>^https?://.*\.(?:png|jpe?g|gif|bmp)$</arg>
<doc>Fails if ``string`` does not match ``pattern`` as a regular expression.</doc>
<status status="PASS" start="2024-03-21T17:12:27.343967" elapsed="0.000362"/>
</kw>
<kw name="Should Match Regexp" owner="BuiltIn">
<arg>${json_data['results'][0]['picture']['thumbnail']}</arg>
<arg>^https?://.*\.(?:png|jpe?g|gif|bmp)$</arg>
<doc>Fails if ``string`` does not match ``pattern`` as a regular expression.</doc>
<status status="PASS" start="2024-03-21T17:12:27.344518" elapsed="0.000351"/>
</kw>
<kw name="Log" owner="BuiltIn">
<msg time="2024-03-21T17:12:27.345382" level="INFO">{'large': 'https://randomuser.me/api/portraits/women/92.jpg', 'medium': 'https://randomuser.me/api/portraits/med/women/92.jpg', 'thumbnail': 'https://randomuser.me/api/portraits/thumb/women/92.jpg'}</msg>
<arg>${json_data['results'][0]['picture']}</arg>
<doc>Logs the given message with the given level.</doc>
<status status="PASS" start="2024-03-21T17:12:27.345051" elapsed="0.000379"/>
</kw>
<status status="PASS" start="2024-03-21T17:12:27.258300" elapsed="0.087389"/>
</kw>
<kw name="Teste de Tipos de Dados - Postcode" owner="random-user-service">
<kw name="GET On Session" owner="RequestsLibrary">
<msg time="2024-03-21T17:12:27.436764" level="INFO">GET Request : url=https://randomuser.me/api 
 path_url=/api 
 headers={'User-Agent': 'python-requests/2.31.0', 'Accept-Encoding': 'gzip, deflate', 'Accept': '*/*', 'Connection': 'keep-alive'} 
 body=None 
 </msg>
<msg time="2024-03-21T17:12:27.436851" level="INFO">GET Response : url=https://randomuser.me/api 
 status=200, reason=OK 
 headers={'Date': 'Thu, 21 Mar 2024 17:12:27 GMT', 'Content-Type': 'application/json; charset=utf-8', 'Transfer-Encoding': 'chunked', 'Connection': 'keep-alive', 'X-Powered-By': 'Express', 'Access-Control-Allow-Origin': '*', 'Cache-Control': 'no-cache', 'ETag': 'W/"481-3tjvZs8Qpq5UxbxHbAbIRbpqAdY"', 'Vary': 'Accept-Encoding', 'Content-Encoding': 'gzip', 'CF-Cache-Status': 'DYNAMIC', 'Report-To': '{"endpoints":[{"url":"https:\\/\\/a.nel.cloudflare.com\\/report\\/v4?s=ZZzIr6XuAued1eE06qBE%2F52iHphaaOqe%2FlZZ1VTCCuL9NivUOBg8ZWoqfqH89kLarE%2Fv5J3zXpJLbK0oJicwoLni%2FML8zW89%2BBb5YYazMCb08HP%2BrMQhAZFzqebu5C7V"}],"group":"cf-nel","max_age":604800}', 'NEL': '{"success_fraction":0,"report_to":"cf-nel","max_age":604800}', 'Server': 'cloudflare', 'CF-RAY': '867f9122fa63080e-IAD', 'alt-svc': 'h3=":443"; ma=86400'} 
 body={"results":[{"gender":"male","name":{"title":"Mr","first":"عباس","last":"گلشن"},"location":{"street":{"number":1573,"name":"دستغیب"},"city":"قم","state":"البرز","country":"Iran","postcode":71933,"coordinates":{"latitude":"16.9726","longitude":"-30.2444"},"timezone":{"offset":"+3:00","description":"Baghdad, Riyadh, Moscow, St. Petersburg"}},"email":"aabs.glshn@example.com","login":{"uuid":"8f824b2b-0778-4a8d-b308-55b08cb705b0","username":"beautifulleopard427","password":"cindy","salt":"bBCFNH2U","md5":"1edb93f8ebfa2a772cba9dd9d05a2e06","sha1":"9c6b10feabba0c3a6689ac7bf85e6527c5afbdca","sha256":"797efca13f51e8f441a7ed806754676dd7053cf7360e3d89e023dc83df595156"},"dob":{"date":"1965-09-19T12:55:10.811Z","age":58},"registered":{"date":"2017-01-08T09:59:58.565Z","age":7},"phone":"057-64037022","cell":"0905-342-9939","id":{"name":"","value":null},"picture":{"large":"https://randomuser.me/api/portraits/men/4.jpg","medium":"https://randomuser.me/api/portraits/med/men/4.jpg","thumbnail":"https://randomuser.me/api/portraits/thumb/men/4.jpg"},"nat":"IR"}],"info":{"seed":"938145847a0ed72b","results":1,"page":1,"version":"1.4"}} 
 </msg>
<msg time="2024-03-21T17:12:27.436941" level="INFO">/opt/hostedtoolcache/Python/3.12.2/x64/lib/python3.12/site-packages/urllib3/connectionpool.py:1103: InsecureRequestWarning: Unverified HTTPS request is being made to host 'randomuser.me'. Adding certificate verification is strongly advised. See: https://urllib3.readthedocs.io/en/latest/advanced-usage.html#tls-warnings
  warnings.warn(</msg>
<msg time="2024-03-21T17:12:27.437056" level="INFO">${response} = &lt;Response [200]&gt;</msg>
<var>${response}</var>
<arg>consultarAPI</arg>
<arg>/api</arg>
<doc>Sends a GET request on a previously created HTTP Session.</doc>
<status status="PASS" start="2024-03-21T17:12:27.346245" elapsed="0.090857"/>
</kw>
<kw name="Set Variable" owner="BuiltIn">
<msg time="2024-03-21T17:12:27.438210" level="INFO">${json_data} = {'results': [{'gender': 'male', 'name': {'title': 'Mr', 'first': 'عباس', 'last': 'گلشن'}, 'location': {'street': {'number': 1573, 'name': 'دستغیب'}, 'city': 'قم', 'state': 'البرز', 'country': 'Iran', ...</msg>
<var>${json_data}</var>
<arg>${response.json()}</arg>
<doc>Returns the given values which can then be assigned to a variables.</doc>
<status status="PASS" start="2024-03-21T17:12:27.437605" elapsed="0.000636"/>
</kw>
<kw name="Log" owner="BuiltIn">
<msg time="2024-03-21T17:12:27.438706" level="INFO">{'results': [{'gender': 'male', 'name': {'title': 'Mr', 'first': 'عباس', 'last': 'گلشن'}, 'location': {'street': {'number': 1573, 'name': 'دستغیب'}, 'city': 'قم', 'state': 'البرز', 'country': 'Iran', 'postcode': 71933, 'coordinates': {'latitude': '16.9726', 'longitude': '-30.2444'}, 'timezone': {'offset': '+3:00', 'description': 'Baghdad, Riyadh, Moscow, St. Petersburg'}}, 'email': 'aabs.glshn@example.com', 'login': {'uuid': '8f824b2b-0778-4a8d-b308-55b08cb705b0', 'username': 'beautifulleopard427', 'password': 'cindy', 'salt': 'bBCFNH2U', 'md5': '1edb93f8ebfa2a772cba9dd9d05a2e06', 'sha1': '9c6b10feabba0c3a6689ac7bf85e6527c5afbdca', 'sha256': '797efca13f51e8f441a7ed806754676dd7053cf7360e3d89e023dc83df595156'}, 'dob': {'date': '1965-09-19T12:55:10.811Z', 'age': 58}, 'registered': {'date': '2017-01-08T09:59:58.565Z', 'age': 7}, 'phone': '057-64037022', 'cell': '0905-342-9939', 'id': {'name': '', 'value': None}, 'picture': {'large': 'https://randomuser.me/api/portraits/men/4.jpg', 'medium': 'https://randomuser.me/api/portraits/med/men/4.jpg', 'thumbnail': 'https://randomuser.me/api/portraits/thumb/men/4.jpg'}, 'nat': 'IR'}], 'info': {'seed': '938145847a0ed72b', 'results': 1, 'page': 1, 'version': '1.4'}}</msg>
<arg>${json_data}</arg>
<doc>Logs the given message with the given level.</doc>
<status status="PASS" start="2024-03-21T17:12:27.438548" elapsed="0.000234"/>
</kw>
<kw name="Should Be Equal As Numbers" owner="BuiltIn">
<arg>${json_data['results'][0]['location']['postcode']}</arg>
<arg>${json_data['results'][0]['location']['postcode']}</arg>
<doc>Fails if objects are unequal after converting them to real numbers.</doc>
<status status="PASS" start="2024-03-21T17:12:27.439101" elapsed="0.000666"/>
</kw>
<kw name="Log" owner="BuiltIn">
<msg time="2024-03-21T17:12:27.440303" level="INFO">71933</msg>
<arg>${json_data['results'][0]['location']['postcode']}</arg>
<doc>Logs the given message with the given level.</doc>
<status status="PASS" start="2024-03-21T17:12:27.439965" elapsed="0.000380"/>
</kw>
<status status="PASS" start="2024-03-21T17:12:27.345902" elapsed="0.094700"/>
</kw>
<doc>Testa se os tipos de dados na resposta da API estão corretos.</doc>
<tag>testeTiposDados</tag>
<status status="PASS" start="2024-03-21T17:12:27.257855" elapsed="0.182917"/>
</test>
<test id="s1-s1-t5" name="Validar conteudo" line="35">
<kw name="Teste de Tipos de Conteudo" owner="random-user-service">
<kw name="GET On Session" owner="RequestsLibrary">
<msg time="2024-03-21T17:12:27.539146" level="INFO">GET Request : url=https://randomuser.me/api 
 path_url=/api 
 headers={'User-Agent': 'python-requests/2.31.0', 'Accept-Encoding': 'gzip, deflate', 'Accept': '*/*', 'Connection': 'keep-alive'} 
 body=None 
 </msg>
<msg time="2024-03-21T17:12:27.539208" level="INFO">GET Response : url=https://randomuser.me/api 
 status=200, reason=OK 
 headers={'Date': 'Thu, 21 Mar 2024 17:12:27 GMT', 'Content-Type': 'application/json; charset=utf-8', 'Transfer-Encoding': 'chunked', 'Connection': 'keep-alive', 'X-Powered-By': 'Express', 'Access-Control-Allow-Origin': '*', 'Cache-Control': 'no-cache', 'ETag': 'W/"484-F+muIhLYwA6OR9uKvwVsBpo72r8"', 'Vary': 'Accept-Encoding', 'Content-Encoding': 'gzip', 'CF-Cache-Status': 'DYNAMIC', 'Report-To': '{"endpoints":[{"url":"https:\\/\\/a.nel.cloudflare.com\\/report\\/v4?s=jsFwooYvWA%2Fw3lScDZdTnPvCZ%2FUzXEevsYRNNFhmth2QkvYQFquvf5gCUNhunFkYfZkSvwFTP9tzmiUvWcJAAwQAlDTny9behfmvMSkxePsAgkdiOL5Adj6eVkB%2F8rSw"}],"group":"cf-nel","max_age":604800}', 'NEL': '{"success_fraction":0,"report_to":"cf-nel","max_age":604800}', 'Server': 'cloudflare', 'CF-RAY': '867f91238b2f080e-IAD', 'alt-svc': 'h3=":443"; ma=86400'} 
 body={"results":[{"gender":"female","name":{"title":"Ms","first":"Patricia","last":"Mccoy"},"location":{"street":{"number":6034,"name":"King Street"},"city":"Lisburn","state":"Somerset","country":"United Kingdom","postcode":"AL4H 9EA","coordinates":{"latitude":"-10.8190","longitude":"172.7731"},"timezone":{"offset":"+3:30","description":"Tehran"}},"email":"patricia.mccoy@example.com","login":{"uuid":"c9c9947c-4e7a-4011-9063-e16ed2b43deb","username":"browntiger198","password":"giant","salt":"6EOcheMd","md5":"f239cf748bf8fffb282818cba89991a1","sha1":"424c01ba081cadd3721a462a28c28e8b5fd568cf","sha256":"165a453c8a4ee7f955a97aecc62f53b88d9e74ea4c3b3142f48f461404ea9b3c"},"dob":{"date":"1966-12-27T03:34:39.795Z","age":57},"registered":{"date":"2020-03-28T06:41:39.869Z","age":3},"phone":"01974 388969","cell":"07954 348725","id":{"name":"NINO","value":"CB 73 84 73 A"},"picture":{"large":"https://randomuser.me/api/portraits/women/81.jpg","medium":"https://randomuser.me/api/portraits/med/women/81.jpg","thumbnail":"https://randomuser.me/api/portraits/thumb/women/81.jpg"},"nat":"GB"}],"info":{"seed":"22d5c62a1dfe02a6","results":1,"page":1,"version":"1.4"}} 
 </msg>
<msg time="2024-03-21T17:12:27.539260" level="INFO">/opt/hostedtoolcache/Python/3.12.2/x64/lib/python3.12/site-packages/urllib3/connectionpool.py:1103: InsecureRequestWarning: Unverified HTTPS request is being made to host 'randomuser.me'. Adding certificate verification is strongly advised. See: https://urllib3.readthedocs.io/en/latest/advanced-usage.html#tls-warnings
  warnings.warn(</msg>
<msg time="2024-03-21T17:12:27.539345" level="INFO">${response} = &lt;Response [200]&gt;</msg>
<var>${response}</var>
<arg>consultarAPI</arg>
<arg>/api</arg>
<doc>Sends a GET request on a previously created HTTP Session.</doc>
<status status="PASS" start="2024-03-21T17:12:27.443188" elapsed="0.096196"/>
</kw>
<kw name="Set Variable" owner="BuiltIn">
<msg time="2024-03-21T17:12:27.540379" level="INFO">${json_data} = {'results': [{'gender': 'female', 'name': {'title': 'Ms', 'first': 'Patricia', 'last': 'Mccoy'}, 'location': {'street': {'number': 6034, 'name': 'King Street'}, 'city': 'Lisburn', 'state': 'Somerset',...</msg>
<var>${json_data}</var>
<arg>${response.json()}</arg>
<doc>Returns the given values which can then be assigned to a variables.</doc>
<status status="PASS" start="2024-03-21T17:12:27.539839" elapsed="0.000569"/>
</kw>
<kw name="Set Variable" owner="BuiltIn">
<msg time="2024-03-21T17:12:27.541099" level="INFO">${name_title} = Ms</msg>
<var>${name_title}</var>
<arg>${json_data["results"][0]["name"]["title"]}</arg>
<doc>Returns the given values which can then be assigned to a variables.</doc>
<status status="PASS" start="2024-03-21T17:12:27.540716" elapsed="0.000409"/>
</kw>
<kw name="Create List" owner="BuiltIn">
<msg time="2024-03-21T17:12:27.541573" level="INFO">${allowed_titles} = ['Mr', 'Ms', 'Miss', 'Mrs', 'Madame', 'Monsieur']</msg>
<var>${allowed_titles}</var>
<arg>Mr</arg>
<arg>Ms</arg>
<arg>Miss</arg>
<arg>Mrs</arg>
<arg>Madame</arg>
<arg>Monsieur</arg>
<doc>Returns a list containing given items.</doc>
<status status="PASS" start="2024-03-21T17:12:27.541423" elapsed="0.000174"/>
</kw>
<kw name="List Should Contain Value" owner="Collections">
<msg time="2024-03-21T17:12:27.542073" level="INFO">False</msg>
<arg>${allowed_titles}</arg>
<arg>${name_title}</arg>
<doc>Fails if the ``value`` is not found from ``list``.</doc>
<status status="PASS" start="2024-03-21T17:12:27.541904" elapsed="0.000205"/>
</kw>
<kw name="Set Variable" owner="BuiltIn">
<msg time="2024-03-21T17:12:27.542812" level="INFO">${name_country} = GB</msg>
<var>${name_country}</var>
<arg>${json_data["results"][0]["nat"]}</arg>
<doc>Returns the given values which can then be assigned to a variables.</doc>
<status status="PASS" start="2024-03-21T17:12:27.542402" elapsed="0.000438"/>
</kw>
<kw name="Create List" owner="BuiltIn">
<msg time="2024-03-21T17:12:27.543762" level="INFO">${list_country} = ['AD', 'AE', 'AF', 'AG', 'AI', 'AL', 'AM', 'AO', 'AQ', 'AR', 'AS', 'AT', 'AU', 'AW', 'AX', 'AZ', 'BA', 'BB', 'BD', 'BE', 'BF', 'BG', 'BH', 'BI', 'BJ', 'BL', 'BM', 'BN', 'BO', 'BQ', 'BR', 'BS', 'BT', '...</msg>
<var>${list_country}</var>
<arg>AD</arg>
<arg>AE</arg>
<arg>AF</arg>
<arg>AG</arg>
<arg>AI</arg>
<arg>AL</arg>
<arg>AM</arg>
<arg>AO</arg>
<arg>AQ</arg>
<arg>AR</arg>
<arg>AS</arg>
<arg>AT</arg>
<arg>AU</arg>
<arg>AW</arg>
<arg>AX</arg>
<arg>AZ</arg>
<arg>BA</arg>
<arg>BB</arg>
<arg>BD</arg>
<arg>BE</arg>
<arg>BF</arg>
<arg>BG</arg>
<arg>BH</arg>
<arg>BI</arg>
<arg>BJ</arg>
<arg>BL</arg>
<arg>BM</arg>
<arg>BN</arg>
<arg>BO</arg>
<arg>BQ</arg>
<arg>BR</arg>
<arg>BS</arg>
<arg>BT</arg>
<arg>BV</arg>
<arg>BW</arg>
<arg>BY</arg>
<arg>BZ</arg>
<arg>CA</arg>
<arg>CC</arg>
<arg>CD</arg>
<arg>CF</arg>
<arg>CG</arg>
<arg>CH</arg>
<arg>CI</arg>
<arg>CK</arg>
<arg>CL</arg>
<arg>CM</arg>
<arg>CN</arg>
<arg>CO</arg>
<arg>CR</arg>
<arg>CU</arg>
<arg>CV</arg>
<arg>CW</arg>
<arg>CX</arg>
<arg>CY</arg>
<arg>CZ</arg>
<arg>DE</arg>
<arg>DJ</arg>
<arg>DK</arg>
<arg>DM</arg>
<arg>DO</arg>
<arg>DZ</arg>
<arg>EC</arg>
<arg>EE</arg>
<arg>EG</arg>
<arg>EH</arg>
<arg>ER</arg>
<arg>ES</arg>
<arg>ET</arg>
<arg>FI</arg>
<arg>FJ</arg>
<arg>FK</arg>
<arg>FM</arg>
<arg>FO</arg>
<arg>FR</arg>
<arg>GA</arg>
<arg>GB</arg>
<arg>GD</arg>
<arg>GE</arg>
<arg>GF</arg>
<arg>GG</arg>
<arg>GH</arg>
<arg>GI</arg>
<arg>GL</arg>
<arg>GM</arg>
<arg>GN</arg>
<arg>GP</arg>
<arg>GQ</arg>
<arg>GR</arg>
<arg>GS</arg>
<arg>GT</arg>
<arg>GU</arg>
<arg>GW</arg>
<arg>GY</arg>
<arg>HK</arg>
<arg>HM</arg>
<arg>HN</arg>
<arg>HR</arg>
<arg>HT</arg>
<arg>HU</arg>
<arg>ID</arg>
<arg>IE</arg>
<arg>IL</arg>
<arg>IM</arg>
<arg>IN</arg>
<arg>IO</arg>
<arg>IQ</arg>
<arg>IR</arg>
<arg>IS</arg>
<arg>IT</arg>
<arg>JE</arg>
<arg>JM</arg>
<arg>JO</arg>
<arg>JP</arg>
<arg>KE</arg>
<arg>KG</arg>
<arg>KH</arg>
<arg>KI</arg>
<arg>KM</arg>
<arg>KN</arg>
<arg>KP</arg>
<arg>KR</arg>
<arg>KW</arg>
<arg>KY</arg>
<arg>KZ</arg>
<arg>LA</arg>
<arg>LB</arg>
<arg>LC</arg>
<arg>LI</arg>
<arg>LK</arg>
<arg>LR</arg>
<arg>LS</arg>
<arg>LT</arg>
<arg>LU</arg>
<arg>LV</arg>
<arg>LY</arg>
<arg>MA</arg>
<arg>MC</arg>
<arg>MD</arg>
<arg>ME</arg>
<arg>MF</arg>
<arg>MG</arg>
<arg>MH</arg>
<arg>MK</arg>
<arg>ML</arg>
<arg>MM</arg>
<arg>MN</arg>
<arg>MO</arg>
<arg>MP</arg>
<arg>MQ</arg>
<arg>MR</arg>
<arg>MS</arg>
<arg>MT</arg>
<arg>MU</arg>
<arg>MV</arg>
<arg>MW</arg>
<arg>MX</arg>
<arg>MY</arg>
<arg>MZ</arg>
<arg>NA</arg>
<arg>NC</arg>
<arg>NE</arg>
<arg>NF</arg>
<arg>NG</arg>
<arg>NI</arg>
<arg>NL</arg>
<arg>NO</arg>
<arg>NP</arg>
<arg>NR</arg>
<arg>NU</arg>
<arg>NZ</arg>
<arg>OM</arg>
<arg>PA</arg>
<arg>PE</arg>
<arg>PF</arg>
<arg>PG</arg>
<arg>PH</arg>
<arg>PK</arg>
<arg>PL</arg>
<arg>PM</arg>
<arg>PN</arg>
<arg>PR</arg>
<arg>PS</arg>
<arg>PT</arg>
<arg>PW</arg>
<arg>PY</arg>
<arg>QA</arg>
<arg>RE</arg>
<arg>RO</arg>
<arg>RS</arg>
<arg>RU</arg>
<arg>RW</arg>
<arg>SA</arg>
<arg>SB</arg>
<arg>SC</arg>
<arg>SD</arg>
<arg>SE</arg>
<arg>SG</arg>
<arg>SH</arg>
<arg>SI</arg>
<arg>SJ</arg>
<arg>SK</arg>
<arg>SL</arg>
<arg>SM</arg>
<arg>SN</arg>
<arg>SO</arg>
<arg>SR</arg>
<arg>SS</arg>
<arg>ST</arg>
<arg>SV</arg>
<arg>SX</arg>
<arg>SY</arg>
<arg>SZ</arg>
<arg>TC</arg>
<arg>TD</arg>
<arg>TF</arg>
<arg>TG</arg>
<arg>TH</arg>
<arg>TJ</arg>
<arg>TK</arg>
<arg>TL</arg>
<arg>TM</arg>
<arg>TN</arg>
<arg>TO</arg>
<arg>TR</arg>
<arg>TT</arg>
<arg>TV</arg>
<arg>TW</arg>
<arg>TZ</arg>
<arg>UA</arg>
<arg>UG</arg>
<arg>UM</arg>
<arg>US</arg>
<arg>UY</arg>
<arg>UZ</arg>
<arg>VA</arg>
<arg>VC</arg>
<arg>VE</arg>
<arg>VG</arg>
<arg>VI</arg>
<arg>VN</arg>
<arg>VU</arg>
<arg>WF</arg>
<arg>WS</arg>
<arg>XK</arg>
<arg>YE</arg>
<arg>YT</arg>
<arg>ZA</arg>
<arg>ZM</arg>
<arg>ZW</arg>
<doc>Returns a list containing given items.</doc>
<status status="PASS" start="2024-03-21T17:12:27.543165" elapsed="0.000622"/>
</kw>
<kw name="List Should Contain Value" owner="Collections">
<msg time="2024-03-21T17:12:27.544870" level="INFO">False</msg>
<arg>${list_country}</arg>
<arg>${name_country}</arg>
<doc>Fails if the ``value`` is not found from ``list``.</doc>
<status status="PASS" start="2024-03-21T17:12:27.544669" elapsed="0.000238"/>
</kw>
<kw name="Run Keyword If" owner="BuiltIn">
<kw name="Should Be True" owner="BuiltIn">
<arg>${True}</arg>
<doc>Fails if the given condition is not true.</doc>
<status status="PASS" start="2024-03-21T17:12:27.545957" elapsed="0.000144"/>
</kw>
<arg>${json_data["results"][0]["location"]["coordinates"]["latitude"]} &gt;= -90 and ${json_data["results"][0]["location"]["coordinates"]["latitude"]} &lt;= 90</arg>
<arg>Should Be True</arg>
<arg>${True}</arg>
<doc>Runs the given keyword with the given arguments, if ``condition`` is true.</doc>
<status status="PASS" start="2024-03-21T17:12:27.545219" elapsed="0.001009"/>
</kw>
<kw name="Run Keyword If" owner="BuiltIn">
<kw name="Should Be True" owner="BuiltIn">
<arg>${True}</arg>
<doc>Fails if the given condition is not true.</doc>
<status status="PASS" start="2024-03-21T17:12:27.547154" elapsed="0.000140"/>
</kw>
<arg>${json_data["results"][0]["location"]["coordinates"]["longitude"]} &gt;= -180 and ${json_data["results"][0]["location"]["coordinates"]["longitude"]} &lt;= 180</arg>
<arg>Should Be True</arg>
<arg>${True}</arg>
<doc>Runs the given keyword with the given arguments, if ``condition`` is true.</doc>
<status status="PASS" start="2024-03-21T17:12:27.546414" elapsed="0.001007"/>
</kw>
<status status="PASS" start="2024-03-21T17:12:27.442962" elapsed="0.104589"/>
</kw>
<doc>Testa o conteúdo específico dos campos retornados pela API.</doc>
<tag>testeConteudo</tag>
<status status="PASS" start="2024-03-21T17:12:27.442504" elapsed="0.105192"/>
</test>
<status status="PASS" start="2024-03-21T17:12:26.767135" elapsed="0.782421"/>
</suite>
<status status="PASS" start="2024-03-21T17:12:26.753431" elapsed="0.801444"/>
</suite>
<statistics>
<total>
<stat pass="5" fail="0" skip="0">All Tests</stat>
</total>
<tag>
<stat pass="1" fail="0" skip="0">testeConteudo</stat>
<stat pass="1" fail="0" skip="0">testeEstruturaResposta</stat>
<stat pass="1" fail="0" skip="0">testeRequisicaoBasica</stat>
<stat pass="1" fail="0" skip="0">testeTiposDados</stat>
</tag>
<suite>
<stat pass="5" fail="0" skip="0" id="s1" name="Tests">Tests</stat>
<stat pass="5" fail="0" skip="0" id="s1-s1" name="Random-User-Test">Tests.Random-User-Test</stat>
</suite>
</statistics>
<errors>
</errors>
</robot>
