<?xml version="1.0" encoding="UTF-8"?>
<robot generator="Robot 7.0 (Python 3.12.3 on linux)" generated="2024-04-21T01:04:52.845913" rpa="false" schemaversion="5">
<suite id="s1" name="Tests" source="/home/runner/work/DesafioQAItauRogerioJordao/DesafioQAItauRogerioJordao/RamdonUser/tests">
<suite id="s1-s1" name="Random-User-Test" source="/home/runner/work/DesafioQAItauRogerioJordao/DesafioQAItauRogerioJordao/RamdonUser/tests/random-user-test.robot">
<test id="s1-s1-t1" name="Conectar" line="13">
<kw name="Conectar API" owner="random-user-service">
<kw name="Create Session" owner="RequestsLibrary">
<msg time="2024-04-21T01:04:53.225704" level="INFO">Creating Session using : alias=consultarAPI, url=https://randomuser.me/, headers={},                     cookies={}, auth=None, timeout=None, proxies=None, verify=False,                     debug=0 </msg>
<arg>consultarAPI</arg>
<arg>${URL}</arg>
<doc>Create Session: create a HTTP session to a server</doc>
<status status="PASS" start="2024-04-21T01:04:53.225486" elapsed="0.000417"/>
</kw>
<status status="PASS" start="2024-04-21T01:04:53.224483" elapsed="0.001796"/>
</kw>
<status status="PASS" start="2024-04-21T01:04:53.223820" elapsed="0.002659"/>
</test>
<test id="s1-s1-t2" name="Validar retorno 200 e JSON Válido" line="16">
<kw name="Teste de Requisicao Basica" owner="random-user-service">
<kw name="GET On Session" owner="RequestsLibrary">
<msg time="2024-04-21T01:04:53.648617" level="INFO">GET Request : url=https://randomuser.me/api 
 path_url=/api 
 headers={'User-Agent': 'python-requests/2.31.0', 'Accept-Encoding': 'gzip, deflate', 'Accept': '*/*', 'Connection': 'keep-alive'} 
 body=None 
 </msg>
<msg time="2024-04-21T01:04:53.648774" level="INFO">GET Response : url=https://randomuser.me/api 
 status=200, reason=OK 
 headers={'Date': 'Sun, 21 Apr 2024 01:04:53 GMT', 'Content-Type': 'application/json; charset=utf-8', 'Transfer-Encoding': 'chunked', 'Connection': 'keep-alive', 'X-Powered-By': 'Express', 'Access-Control-Allow-Origin': '*', 'Cache-Control': 'no-cache', 'ETag': 'W/"477-QQx2srlkB3P/KX0fq9wpNO4ZHdo"', 'Vary': 'Accept-Encoding', 'Content-Encoding': 'gzip', 'CF-Cache-Status': 'DYNAMIC', 'Report-To': '{"endpoints":[{"url":"https:\\/\\/a.nel.cloudflare.com\\/report\\/v4?s=7QUZAUhvF%2FK39yw90t6liV%2Bb3Z0S5fApAVlf%2FGhyfCz3GukaFX7FHHSQvZo5iT5zTJkH2DfpFvM9nZbV3cvUVkeTtbBM%2BW4L%2FaC%2F8llXOePIwUBh5VDyJuNOwt7EwY8m"}],"group":"cf-nel","max_age":604800}', 'NEL': '{"success_fraction":0,"report_to":"cf-nel","max_age":604800}', 'Server': 'cloudflare', 'CF-RAY': '8779766ced612af6-ORD', 'alt-svc': 'h3=":443"; ma=86400'} 
 body={"results":[{"gender":"male","name":{"title":"Mr","first":"Alexandre","last":"Robin"},"location":{"street":{"number":5319,"name":"Rue des Jardins"},"city":"Montreuil","state":"Marne","country":"France","postcode":53352,"coordinates":{"latitude":"-17.9575","longitude":"-2.8671"},"timezone":{"offset":"+3:30","description":"Tehran"}},"email":"alexandre.robin@example.com","login":{"uuid":"0e98b8a7-a081-4408-8a12-f3683e9035d2","username":"bigdog956","password":"nuts","salt":"OdGgrbGb","md5":"615e0261277ba97f21ccdef7bd18dfcd","sha1":"6e742f7d771788e1c332e9cab364c65e73418382","sha256":"da2c79079e4aad5d77ca70e15aa24673461001093b23743be57c5a7052461e23"},"dob":{"date":"1957-07-29T17:10:23.435Z","age":66},"registered":{"date":"2009-12-31T09:19:21.311Z","age":14},"phone":"02-85-02-38-13","cell":"06-53-29-53-82","id":{"name":"INSEE","value":"1570666868300 74"},"picture":{"large":"https://randomuser.me/api/portraits/men/51.jpg","medium":"https://randomuser.me/api/portraits/med/men/51.jpg","thumbnail":"https://randomuser.me/api/portraits/thumb/men/51.jpg"},"nat":"FR"}],"info":{"seed":"29dbed085c9ab630","results":1,"page":1,"version":"1.4"}} 
 </msg>
<msg time="2024-04-21T01:04:53.648856" level="INFO">/opt/hostedtoolcache/Python/3.12.3/x64/lib/python3.12/site-packages/urllib3/connectionpool.py:1103: InsecureRequestWarning: Unverified HTTPS request is being made to host 'randomuser.me'. Adding certificate verification is strongly advised. See: https://urllib3.readthedocs.io/en/latest/advanced-usage.html#tls-warnings
  warnings.warn(</msg>
<msg time="2024-04-21T01:04:53.648996" level="INFO">${response} = &lt;Response [200]&gt;</msg>
<var>${response}</var>
<arg>consultarAPI</arg>
<arg>/api</arg>
<doc>Sends a GET request on a previously created HTTP Session.</doc>
<status status="PASS" start="2024-04-21T01:04:53.229245" elapsed="0.419793"/>
</kw>
<kw name="Should Be Equal As Numbers" owner="BuiltIn">
<msg time="2024-04-21T01:04:53.650051" level="INFO">Argument types are:
&lt;class 'int'&gt;
&lt;class 'str'&gt;</msg>
<arg>${response.status_code}</arg>
<arg>200</arg>
<doc>Fails if objects are unequal after converting them to real numbers.</doc>
<status status="PASS" start="2024-04-21T01:04:53.649587" elapsed="0.000529"/>
</kw>
<kw name="Log" owner="BuiltIn">
<msg time="2024-04-21T01:04:53.650801" level="INFO">200</msg>
<arg>${response.status_code}</arg>
<doc>Logs the given message with the given level.</doc>
<status status="PASS" start="2024-04-21T01:04:53.650459" elapsed="0.000384"/>
</kw>
<kw name="Set Variable" owner="BuiltIn">
<msg time="2024-04-21T01:04:53.651635" level="INFO">${json_data} = {'results': [{'gender': 'male', 'name': {'title': 'Mr', 'first': 'Alexandre', 'last': 'Robin'}, 'location': {'street': {'number': 5319, 'name': 'Rue des Jardins'}, 'city': 'Montreuil', 'state': 'Marne...</msg>
<var>${json_data}</var>
<arg>${response.json()}</arg>
<doc>Returns the given values which can then be assigned to a variables.</doc>
<status status="PASS" start="2024-04-21T01:04:53.651178" elapsed="0.000484"/>
</kw>
<kw name="Dictionary Should Contain Key" owner="Collections">
<msg time="2024-04-21T01:04:53.652127" level="INFO">False</msg>
<arg>${json_data}</arg>
<arg>results</arg>
<doc>Fails if ``key`` is not found from ``dictionary``.</doc>
<status status="PASS" start="2024-04-21T01:04:53.651961" elapsed="0.000205"/>
</kw>
<status status="PASS" start="2024-04-21T01:04:53.228986" elapsed="0.423440"/>
</kw>
<doc>Testa se a API responde corretamente e retorna um objeto JSON válido.</doc>
<tag>testeRequisicaoBasica</tag>
<status status="PASS" start="2024-04-21T01:04:53.228438" elapsed="0.424170"/>
</test>
<test id="s1-s1-t3" name="Validar estrutura de resposta" line="22">
<kw name="Teste de Estrutura de Resposta" owner="random-user-service">
<kw name="GET On Session" owner="RequestsLibrary">
<msg time="2024-04-21T01:04:53.710767" level="INFO">GET Request : url=https://randomuser.me/api 
 path_url=/api 
 headers={'User-Agent': 'python-requests/2.31.0', 'Accept-Encoding': 'gzip, deflate', 'Accept': '*/*', 'Connection': 'keep-alive'} 
 body=None 
 </msg>
<msg time="2024-04-21T01:04:53.710839" level="INFO">GET Response : url=https://randomuser.me/api 
 status=200, reason=OK 
 headers={'Date': 'Sun, 21 Apr 2024 01:04:53 GMT', 'Content-Type': 'application/json; charset=utf-8', 'Transfer-Encoding': 'chunked', 'Connection': 'keep-alive', 'X-Powered-By': 'Express', 'Access-Control-Allow-Origin': '*', 'Cache-Control': 'no-cache', 'ETag': 'W/"47a-Nzay9W5CjfJbYusq0Zpt0+3SBG0"', 'Vary': 'Accept-Encoding', 'Content-Encoding': 'gzip', 'CF-Cache-Status': 'DYNAMIC', 'Report-To': '{"endpoints":[{"url":"https:\\/\\/a.nel.cloudflare.com\\/report\\/v4?s=THMyfzmQXcR3Cxa7X2%2FvNanneRn3385Z%2B1eUmaU5OsR7M9fKun9vo7W7LQPylqxJ2PrEIxRK4G4Ne8U237DONzor%2F9jJsqDrDTkUTYGfdMVl%2FGmb6rrjWg6JAppIzaEq"}],"group":"cf-nel","max_age":604800}', 'NEL': '{"success_fraction":0,"report_to":"cf-nel","max_age":604800}', 'Server': 'cloudflare', 'CF-RAY': '8779766f58612af6-ORD', 'alt-svc': 'h3=":443"; ma=86400'} 
 body={"results":[{"gender":"male","name":{"title":"Mr","first":"Dennis","last":"Graves"},"location":{"street":{"number":2973,"name":"School Lane"},"city":"Greystones","state":"Mayo","country":"Ireland","postcode":42917,"coordinates":{"latitude":"1.1099","longitude":"-126.7716"},"timezone":{"offset":"-1:00","description":"Azores, Cape Verde Islands"}},"email":"dennis.graves@example.com","login":{"uuid":"3564b795-89ca-460e-8a6b-b45bb6837078","username":"heavypanda759","password":"pass","salt":"GLWOAc3F","md5":"a84074beea5063d74b58489a7d3540af","sha1":"42dcd42ba370d76b236ceb4aea4306ccb8f484ac","sha256":"786a9befd8d11e3c294e227c31a8dfb3d750d9c3614434c6ec1267c724413567"},"dob":{"date":"1959-02-26T23:51:42.324Z","age":65},"registered":{"date":"2008-09-22T21:39:51.733Z","age":15},"phone":"061-452-4045","cell":"081-601-4725","id":{"name":"PPS","value":"9312892T"},"picture":{"large":"https://randomuser.me/api/portraits/men/71.jpg","medium":"https://randomuser.me/api/portraits/med/men/71.jpg","thumbnail":"https://randomuser.me/api/portraits/thumb/men/71.jpg"},"nat":"IE"}],"info":{"seed":"6b1b72558986cf53","results":1,"page":1,"version":"1.4"}} 
 </msg>
<msg time="2024-04-21T01:04:53.710943" level="INFO">/opt/hostedtoolcache/Python/3.12.3/x64/lib/python3.12/site-packages/urllib3/connectionpool.py:1103: InsecureRequestWarning: Unverified HTTPS request is being made to host 'randomuser.me'. Adding certificate verification is strongly advised. See: https://urllib3.readthedocs.io/en/latest/advanced-usage.html#tls-warnings
  warnings.warn(</msg>
<msg time="2024-04-21T01:04:53.711046" level="INFO">${response} = &lt;Response [200]&gt;</msg>
<var>${response}</var>
<arg>consultarAPI</arg>
<arg>/api</arg>
<doc>Sends a GET request on a previously created HTTP Session.</doc>
<status status="PASS" start="2024-04-21T01:04:53.655301" elapsed="0.055786"/>
</kw>
<kw name="Set Variable" owner="BuiltIn">
<msg time="2024-04-21T01:04:53.712162" level="INFO">${json_data} = {'results': [{'gender': 'male', 'name': {'title': 'Mr', 'first': 'Dennis', 'last': 'Graves'}, 'location': {'street': {'number': 2973, 'name': 'School Lane'}, 'city': 'Greystones', 'state': 'Mayo', 'co...</msg>
<var>${json_data}</var>
<arg>${response.json()}</arg>
<doc>Returns the given values which can then be assigned to a variables.</doc>
<status status="PASS" start="2024-04-21T01:04:53.711592" elapsed="0.000598"/>
</kw>
<kw name="Log" owner="BuiltIn">
<msg time="2024-04-21T01:04:53.712653" level="INFO">{'results': [{'gender': 'male', 'name': {'title': 'Mr', 'first': 'Dennis', 'last': 'Graves'}, 'location': {'street': {'number': 2973, 'name': 'School Lane'}, 'city': 'Greystones', 'state': 'Mayo', 'country': 'Ireland', 'postcode': 42917, 'coordinates': {'latitude': '1.1099', 'longitude': '-126.7716'}, 'timezone': {'offset': '-1:00', 'description': 'Azores, Cape Verde Islands'}}, 'email': 'dennis.graves@example.com', 'login': {'uuid': '3564b795-89ca-460e-8a6b-b45bb6837078', 'username': 'heavypanda759', 'password': 'pass', 'salt': 'GLWOAc3F', 'md5': 'a84074beea5063d74b58489a7d3540af', 'sha1': '42dcd42ba370d76b236ceb4aea4306ccb8f484ac', 'sha256': '786a9befd8d11e3c294e227c31a8dfb3d750d9c3614434c6ec1267c724413567'}, 'dob': {'date': '1959-02-26T23:51:42.324Z', 'age': 65}, 'registered': {'date': '2008-09-22T21:39:51.733Z', 'age': 15}, 'phone': '061-452-4045', 'cell': '081-601-4725', 'id': {'name': 'PPS', 'value': '9312892T'}, 'picture': {'large': 'https://randomuser.me/api/portraits/men/71.jpg', 'medium': 'https://randomuser.me/api/portraits/med/men/71.jpg', 'thumbnail': 'https://randomuser.me/api/portraits/thumb/men/71.jpg'}, 'nat': 'IE'}], 'info': {'seed': '6b1b72558986cf53', 'results': 1, 'page': 1, 'version': '1.4'}}</msg>
<arg>${json_data}</arg>
<doc>Logs the given message with the given level.</doc>
<status status="PASS" start="2024-04-21T01:04:53.712495" elapsed="0.000204"/>
</kw>
<kw name="Dictionary Should Contain Key" owner="Collections">
<msg time="2024-04-21T01:04:53.713142" level="INFO">False</msg>
<arg>${json_data}</arg>
<arg>results</arg>
<doc>Fails if ``key`` is not found from ``dictionary``.</doc>
<status status="PASS" start="2024-04-21T01:04:53.712990" elapsed="0.000188"/>
</kw>
<kw name="Should Not Be Empty" owner="BuiltIn">
<msg time="2024-04-21T01:04:53.713605" level="INFO">Length is 2.</msg>
<arg>${json_data}</arg>
<doc>Verifies that the given item is not empty.</doc>
<status status="PASS" start="2024-04-21T01:04:53.713477" elapsed="0.000165"/>
</kw>
<kw name="Create List" owner="BuiltIn">
<msg time="2024-04-21T01:04:53.714219" level="INFO">${expected_keys} = ['gender', 'name', 'location', 'email', 'login']</msg>
<var>${expected_keys}</var>
<arg>gender</arg>
<arg>name</arg>
<arg>location</arg>
<arg>email</arg>
<arg>login</arg>
<doc>Returns a list containing given items.</doc>
<status status="PASS" start="2024-04-21T01:04:53.713925" elapsed="0.000319"/>
</kw>
<for flavor="IN">
<iter>
<kw name="Dictionary Should Contain Key" owner="Collections">
<msg time="2024-04-21T01:04:53.715249" level="INFO">False</msg>
<arg>${json_data['results'][0]}</arg>
<arg>${key}</arg>
<doc>Fails if ``key`` is not found from ``dictionary``.</doc>
<status status="PASS" start="2024-04-21T01:04:53.714826" elapsed="0.000461"/>
</kw>
<kw name="Log" owner="BuiltIn">
<msg time="2024-04-21T01:04:53.715976" level="INFO">{'gender': 'male', 'name': {'title': 'Mr', 'first': 'Dennis', 'last': 'Graves'}, 'location': {'street': {'number': 2973, 'name': 'School Lane'}, 'city': 'Greystones', 'state': 'Mayo', 'country': 'Ireland', 'postcode': 42917, 'coordinates': {'latitude': '1.1099', 'longitude': '-126.7716'}, 'timezone': {'offset': '-1:00', 'description': 'Azores, Cape Verde Islands'}}, 'email': 'dennis.graves@example.com', 'login': {'uuid': '3564b795-89ca-460e-8a6b-b45bb6837078', 'username': 'heavypanda759', 'password': 'pass', 'salt': 'GLWOAc3F', 'md5': 'a84074beea5063d74b58489a7d3540af', 'sha1': '42dcd42ba370d76b236ceb4aea4306ccb8f484ac', 'sha256': '786a9befd8d11e3c294e227c31a8dfb3d750d9c3614434c6ec1267c724413567'}, 'dob': {'date': '1959-02-26T23:51:42.324Z', 'age': 65}, 'registered': {'date': '2008-09-22T21:39:51.733Z', 'age': 15}, 'phone': '061-452-4045', 'cell': '081-601-4725', 'id': {'name': 'PPS', 'value': '9312892T'}, 'picture': {'large': 'https://randomuser.me/api/portraits/men/71.jpg', 'medium': 'https://randomuser.me/api/portraits/med/men/71.jpg', 'thumbnail': 'https://randomuser.me/api/portraits/thumb/men/71.jpg'}, 'nat': 'IE'}</msg>
<arg>${json_data['results'][0]}</arg>
<doc>Logs the given message with the given level.</doc>
<status status="PASS" start="2024-04-21T01:04:53.715614" elapsed="0.000409"/>
</kw>
<kw name="Log" owner="BuiltIn">
<msg time="2024-04-21T01:04:53.716441" level="INFO">gender</msg>
<arg>${key}</arg>
<doc>Logs the given message with the given level.</doc>
<status status="PASS" start="2024-04-21T01:04:53.716315" elapsed="0.000162"/>
</kw>
<var name="${key}">gender</var>
<status status="PASS" start="2024-04-21T01:04:53.714702" elapsed="0.001985"/>
</iter>
<iter>
<kw name="Dictionary Should Contain Key" owner="Collections">
<msg time="2024-04-21T01:04:53.717369" level="INFO">False</msg>
<arg>${json_data['results'][0]}</arg>
<arg>${key}</arg>
<doc>Fails if ``key`` is not found from ``dictionary``.</doc>
<status status="PASS" start="2024-04-21T01:04:53.716986" elapsed="0.000422"/>
</kw>
<kw name="Log" owner="BuiltIn">
<msg time="2024-04-21T01:04:53.718092" level="INFO">{'gender': 'male', 'name': {'title': 'Mr', 'first': 'Dennis', 'last': 'Graves'}, 'location': {'street': {'number': 2973, 'name': 'School Lane'}, 'city': 'Greystones', 'state': 'Mayo', 'country': 'Ireland', 'postcode': 42917, 'coordinates': {'latitude': '1.1099', 'longitude': '-126.7716'}, 'timezone': {'offset': '-1:00', 'description': 'Azores, Cape Verde Islands'}}, 'email': 'dennis.graves@example.com', 'login': {'uuid': '3564b795-89ca-460e-8a6b-b45bb6837078', 'username': 'heavypanda759', 'password': 'pass', 'salt': 'GLWOAc3F', 'md5': 'a84074beea5063d74b58489a7d3540af', 'sha1': '42dcd42ba370d76b236ceb4aea4306ccb8f484ac', 'sha256': '786a9befd8d11e3c294e227c31a8dfb3d750d9c3614434c6ec1267c724413567'}, 'dob': {'date': '1959-02-26T23:51:42.324Z', 'age': 65}, 'registered': {'date': '2008-09-22T21:39:51.733Z', 'age': 15}, 'phone': '061-452-4045', 'cell': '081-601-4725', 'id': {'name': 'PPS', 'value': '9312892T'}, 'picture': {'large': 'https://randomuser.me/api/portraits/men/71.jpg', 'medium': 'https://randomuser.me/api/portraits/med/men/71.jpg', 'thumbnail': 'https://randomuser.me/api/portraits/thumb/men/71.jpg'}, 'nat': 'IE'}</msg>
<arg>${json_data['results'][0]}</arg>
<doc>Logs the given message with the given level.</doc>
<status status="PASS" start="2024-04-21T01:04:53.717732" elapsed="0.000406"/>
</kw>
<kw name="Log" owner="BuiltIn">
<msg time="2024-04-21T01:04:53.718562" level="INFO">name</msg>
<arg>${key}</arg>
<doc>Logs the given message with the given level.</doc>
<status status="PASS" start="2024-04-21T01:04:53.718436" elapsed="0.000162"/>
</kw>
<var name="${key}">name</var>
<status status="PASS" start="2024-04-21T01:04:53.716873" elapsed="0.001939"/>
</iter>
<iter>
<kw name="Dictionary Should Contain Key" owner="Collections">
<msg time="2024-04-21T01:04:53.719514" level="INFO">False</msg>
<arg>${json_data['results'][0]}</arg>
<arg>${key}</arg>
<doc>Fails if ``key`` is not found from ``dictionary``.</doc>
<status status="PASS" start="2024-04-21T01:04:53.719096" elapsed="0.000455"/>
</kw>
<kw name="Log" owner="BuiltIn">
<msg time="2024-04-21T01:04:53.720200" level="INFO">{'gender': 'male', 'name': {'title': 'Mr', 'first': 'Dennis', 'last': 'Graves'}, 'location': {'street': {'number': 2973, 'name': 'School Lane'}, 'city': 'Greystones', 'state': 'Mayo', 'country': 'Ireland', 'postcode': 42917, 'coordinates': {'latitude': '1.1099', 'longitude': '-126.7716'}, 'timezone': {'offset': '-1:00', 'description': 'Azores, Cape Verde Islands'}}, 'email': 'dennis.graves@example.com', 'login': {'uuid': '3564b795-89ca-460e-8a6b-b45bb6837078', 'username': 'heavypanda759', 'password': 'pass', 'salt': 'GLWOAc3F', 'md5': 'a84074beea5063d74b58489a7d3540af', 'sha1': '42dcd42ba370d76b236ceb4aea4306ccb8f484ac', 'sha256': '786a9befd8d11e3c294e227c31a8dfb3d750d9c3614434c6ec1267c724413567'}, 'dob': {'date': '1959-02-26T23:51:42.324Z', 'age': 65}, 'registered': {'date': '2008-09-22T21:39:51.733Z', 'age': 15}, 'phone': '061-452-4045', 'cell': '081-601-4725', 'id': {'name': 'PPS', 'value': '9312892T'}, 'picture': {'large': 'https://randomuser.me/api/portraits/men/71.jpg', 'medium': 'https://randomuser.me/api/portraits/med/men/71.jpg', 'thumbnail': 'https://randomuser.me/api/portraits/thumb/men/71.jpg'}, 'nat': 'IE'}</msg>
<arg>${json_data['results'][0]}</arg>
<doc>Logs the given message with the given level.</doc>
<status status="PASS" start="2024-04-21T01:04:53.719846" elapsed="0.000401"/>
</kw>
<kw name="Log" owner="BuiltIn">
<msg time="2024-04-21T01:04:53.720659" level="INFO">location</msg>
<arg>${key}</arg>
<doc>Logs the given message with the given level.</doc>
<status status="PASS" start="2024-04-21T01:04:53.720537" elapsed="0.000159"/>
</kw>
<var name="${key}">location</var>
<status status="PASS" start="2024-04-21T01:04:53.718986" elapsed="0.001922"/>
</iter>
<iter>
<kw name="Dictionary Should Contain Key" owner="Collections">
<msg time="2024-04-21T01:04:53.721577" level="INFO">False</msg>
<arg>${json_data['results'][0]}</arg>
<arg>${key}</arg>
<doc>Fails if ``key`` is not found from ``dictionary``.</doc>
<status status="PASS" start="2024-04-21T01:04:53.721191" elapsed="0.000422"/>
</kw>
<kw name="Log" owner="BuiltIn">
<msg time="2024-04-21T01:04:53.722257" level="INFO">{'gender': 'male', 'name': {'title': 'Mr', 'first': 'Dennis', 'last': 'Graves'}, 'location': {'street': {'number': 2973, 'name': 'School Lane'}, 'city': 'Greystones', 'state': 'Mayo', 'country': 'Ireland', 'postcode': 42917, 'coordinates': {'latitude': '1.1099', 'longitude': '-126.7716'}, 'timezone': {'offset': '-1:00', 'description': 'Azores, Cape Verde Islands'}}, 'email': 'dennis.graves@example.com', 'login': {'uuid': '3564b795-89ca-460e-8a6b-b45bb6837078', 'username': 'heavypanda759', 'password': 'pass', 'salt': 'GLWOAc3F', 'md5': 'a84074beea5063d74b58489a7d3540af', 'sha1': '42dcd42ba370d76b236ceb4aea4306ccb8f484ac', 'sha256': '786a9befd8d11e3c294e227c31a8dfb3d750d9c3614434c6ec1267c724413567'}, 'dob': {'date': '1959-02-26T23:51:42.324Z', 'age': 65}, 'registered': {'date': '2008-09-22T21:39:51.733Z', 'age': 15}, 'phone': '061-452-4045', 'cell': '081-601-4725', 'id': {'name': 'PPS', 'value': '9312892T'}, 'picture': {'large': 'https://randomuser.me/api/portraits/men/71.jpg', 'medium': 'https://randomuser.me/api/portraits/med/men/71.jpg', 'thumbnail': 'https://randomuser.me/api/portraits/thumb/men/71.jpg'}, 'nat': 'IE'}</msg>
<arg>${json_data['results'][0]}</arg>
<doc>Logs the given message with the given level.</doc>
<status status="PASS" start="2024-04-21T01:04:53.721906" elapsed="0.000397"/>
</kw>
<kw name="Log" owner="BuiltIn">
<msg time="2024-04-21T01:04:53.722714" level="INFO">email</msg>
<arg>${key}</arg>
<doc>Logs the given message with the given level.</doc>
<status status="PASS" start="2024-04-21T01:04:53.722590" elapsed="0.000161"/>
</kw>
<var name="${key}">email</var>
<status status="PASS" start="2024-04-21T01:04:53.721082" elapsed="0.001884"/>
</iter>
<iter>
<kw name="Dictionary Should Contain Key" owner="Collections">
<msg time="2024-04-21T01:04:53.723662" level="INFO">False</msg>
<arg>${json_data['results'][0]}</arg>
<arg>${key}</arg>
<doc>Fails if ``key`` is not found from ``dictionary``.</doc>
<status status="PASS" start="2024-04-21T01:04:53.723283" elapsed="0.000415"/>
</kw>
<kw name="Log" owner="BuiltIn">
<msg time="2024-04-21T01:04:53.724345" level="INFO">{'gender': 'male', 'name': {'title': 'Mr', 'first': 'Dennis', 'last': 'Graves'}, 'location': {'street': {'number': 2973, 'name': 'School Lane'}, 'city': 'Greystones', 'state': 'Mayo', 'country': 'Ireland', 'postcode': 42917, 'coordinates': {'latitude': '1.1099', 'longitude': '-126.7716'}, 'timezone': {'offset': '-1:00', 'description': 'Azores, Cape Verde Islands'}}, 'email': 'dennis.graves@example.com', 'login': {'uuid': '3564b795-89ca-460e-8a6b-b45bb6837078', 'username': 'heavypanda759', 'password': 'pass', 'salt': 'GLWOAc3F', 'md5': 'a84074beea5063d74b58489a7d3540af', 'sha1': '42dcd42ba370d76b236ceb4aea4306ccb8f484ac', 'sha256': '786a9befd8d11e3c294e227c31a8dfb3d750d9c3614434c6ec1267c724413567'}, 'dob': {'date': '1959-02-26T23:51:42.324Z', 'age': 65}, 'registered': {'date': '2008-09-22T21:39:51.733Z', 'age': 15}, 'phone': '061-452-4045', 'cell': '081-601-4725', 'id': {'name': 'PPS', 'value': '9312892T'}, 'picture': {'large': 'https://randomuser.me/api/portraits/men/71.jpg', 'medium': 'https://randomuser.me/api/portraits/med/men/71.jpg', 'thumbnail': 'https://randomuser.me/api/portraits/thumb/men/71.jpg'}, 'nat': 'IE'}</msg>
<arg>${json_data['results'][0]}</arg>
<doc>Logs the given message with the given level.</doc>
<status status="PASS" start="2024-04-21T01:04:53.723987" elapsed="0.000403"/>
</kw>
<kw name="Log" owner="BuiltIn">
<msg time="2024-04-21T01:04:53.724805" level="INFO">login</msg>
<arg>${key}</arg>
<doc>Logs the given message with the given level.</doc>
<status status="PASS" start="2024-04-21T01:04:53.724682" elapsed="0.000158"/>
</kw>
<var name="${key}">login</var>
<status status="PASS" start="2024-04-21T01:04:53.723135" elapsed="0.001914"/>
</iter>
<var>${key}</var>
<value>@{expected_keys}</value>
<status status="PASS" start="2024-04-21T01:04:53.714507" elapsed="0.010686"/>
</for>
<kw name="Create List" owner="BuiltIn">
<msg time="2024-04-21T01:04:53.725526" level="INFO">${expected_keysTwo} = ['username', 'password']</msg>
<var>${expected_keysTwo}</var>
<arg>username</arg>
<arg>password</arg>
<doc>Returns a list containing given items.</doc>
<status status="PASS" start="2024-04-21T01:04:53.725389" elapsed="0.000160"/>
</kw>
<for flavor="IN">
<iter>
<kw name="Dictionary Should Contain Key" owner="Collections">
<msg time="2024-04-21T01:04:53.726419" level="INFO">False</msg>
<arg>${json_data['results'][0]['login']}</arg>
<arg>${keyTwo}</arg>
<doc>Fails if ``key`` is not found from ``dictionary``.</doc>
<status status="PASS" start="2024-04-21T01:04:53.726037" elapsed="0.000418"/>
</kw>
<kw name="Dictionary Should Contain Key" owner="Collections">
<msg time="2024-04-21T01:04:53.727129" level="INFO">False</msg>
<arg>${json_data['results'][0]['login']}</arg>
<arg>${keyTwo}</arg>
<doc>Fails if ``key`` is not found from ``dictionary``.</doc>
<status status="PASS" start="2024-04-21T01:04:53.726750" elapsed="0.000446"/>
</kw>
<kw name="Log" owner="BuiltIn">
<msg time="2024-04-21T01:04:53.727633" level="INFO">username</msg>
<arg>${keyTwo}</arg>
<doc>Logs the given message with the given level.</doc>
<status status="PASS" start="2024-04-21T01:04:53.727500" elapsed="0.000175"/>
</kw>
<var name="${keyTwo}">username</var>
<status status="PASS" start="2024-04-21T01:04:53.725929" elapsed="0.001956"/>
</iter>
<iter>
<kw name="Dictionary Should Contain Key" owner="Collections">
<msg time="2024-04-21T01:04:53.728544" level="INFO">False</msg>
<arg>${json_data['results'][0]['login']}</arg>
<arg>${keyTwo}</arg>
<doc>Fails if ``key`` is not found from ``dictionary``.</doc>
<status status="PASS" start="2024-04-21T01:04:53.728160" elapsed="0.000425"/>
</kw>
<kw name="Dictionary Should Contain Key" owner="Collections">
<msg time="2024-04-21T01:04:53.729334" level="INFO">False</msg>
<arg>${json_data['results'][0]['login']}</arg>
<arg>${keyTwo}</arg>
<doc>Fails if ``key`` is not found from ``dictionary``.</doc>
<status status="PASS" start="2024-04-21T01:04:53.728876" elapsed="0.000495"/>
</kw>
<kw name="Log" owner="BuiltIn">
<msg time="2024-04-21T01:04:53.729794" level="INFO">password</msg>
<arg>${keyTwo}</arg>
<doc>Logs the given message with the given level.</doc>
<status status="PASS" start="2024-04-21T01:04:53.729666" elapsed="0.000164"/>
</kw>
<var name="${keyTwo}">password</var>
<status status="PASS" start="2024-04-21T01:04:53.728053" elapsed="0.001995"/>
</iter>
<var>${keyTwo}</var>
<value>@{expected_keysTwo}</value>
<status status="PASS" start="2024-04-21T01:04:53.725780" elapsed="0.004391"/>
</for>
<status status="PASS" start="2024-04-21T01:04:53.655027" elapsed="0.075283"/>
</kw>
<doc>Testa a estrutura da resposta da API.</doc>
<tag>testeEstruturaResposta</tag>
<status status="PASS" start="2024-04-21T01:04:53.654419" elapsed="0.076051"/>
</test>
<test id="s1-s1-t4" name="Validar tipos de dados" line="28">
<kw name="Teste de Tipos de Dados" owner="random-user-service">
<kw name="GET On Session" owner="RequestsLibrary">
<msg time="2024-04-21T01:04:53.802988" level="INFO">GET Request : url=https://randomuser.me/api 
 path_url=/api 
 headers={'User-Agent': 'python-requests/2.31.0', 'Accept-Encoding': 'gzip, deflate', 'Accept': '*/*', 'Connection': 'keep-alive'} 
 body=None 
 </msg>
<msg time="2024-04-21T01:04:53.803061" level="INFO">GET Response : url=https://randomuser.me/api 
 status=200, reason=OK 
 headers={'Date': 'Sun, 21 Apr 2024 01:04:53 GMT', 'Content-Type': 'application/json; charset=utf-8', 'Transfer-Encoding': 'chunked', 'Connection': 'keep-alive', 'X-Powered-By': 'Express', 'Access-Control-Allow-Origin': '*', 'Cache-Control': 'no-cache', 'ETag': 'W/"48c-jWcXi4vatamNX+hT9wZ37kzQO/Q"', 'Vary': 'Accept-Encoding', 'Content-Encoding': 'gzip', 'CF-Cache-Status': 'DYNAMIC', 'Report-To': '{"endpoints":[{"url":"https:\\/\\/a.nel.cloudflare.com\\/report\\/v4?s=YsWwOt6VwUUh74vNXzz7B%2F4YsznGznzMraEz%2F1o35TSXHzDBkDjGbxsvwBQnY6B5ixZFehL0jZdvwNefGQuDmjr8xqbeD4gd0ekwM56MIPmLW0jDBrP730glfcZfVlWE"}],"group":"cf-nel","max_age":604800}', 'NEL': '{"success_fraction":0,"report_to":"cf-nel","max_age":604800}', 'Server': 'cloudflare', 'CF-RAY': '8779766fd8da2af6-ORD', 'alt-svc': 'h3=":443"; ma=86400'} 
 body={"results":[{"gender":"male","name":{"title":"Mr","first":"Daksh","last":"Kamath"},"location":{"street":{"number":2775,"name":"Gali Paranthe Wali"},"city":"Ghaziabad","state":"Mizoram","country":"India","postcode":38252,"coordinates":{"latitude":"5.5966","longitude":"-155.2494"},"timezone":{"offset":"+10:00","description":"Eastern Australia, Guam, Vladivostok"}},"email":"daksh.kamath@example.com","login":{"uuid":"46f445a5-766f-4d18-ac42-b25c145a82e8","username":"crazydog773","password":"shorty","salt":"Cyx82gHO","md5":"af393c743c05878e47d9fc81f085f909","sha1":"c6da01aa8e0c25fbbc101c12529ea811287b8ca2","sha256":"243d7092ae4bc4a7aeb47e20456a95406a0bbd9e02911396e44a13bfd0a1d694"},"dob":{"date":"1952-02-28T12:32:08.235Z","age":72},"registered":{"date":"2008-08-26T03:27:40.363Z","age":15},"phone":"7236519585","cell":"8030646594","id":{"name":"UIDAI","value":"365671470878"},"picture":{"large":"https://randomuser.me/api/portraits/men/75.jpg","medium":"https://randomuser.me/api/portraits/med/men/75.jpg","thumbnail":"https://randomuser.me/api/portraits/thumb/men/75.jpg"},"nat":"IN"}],"info":{"seed":"eca8aa02ace6b546","results":1,"page":1,"version":"1.4"}} 
 </msg>
<msg time="2024-04-21T01:04:53.803121" level="INFO">/opt/hostedtoolcache/Python/3.12.3/x64/lib/python3.12/site-packages/urllib3/connectionpool.py:1103: InsecureRequestWarning: Unverified HTTPS request is being made to host 'randomuser.me'. Adding certificate verification is strongly advised. See: https://urllib3.readthedocs.io/en/latest/advanced-usage.html#tls-warnings
  warnings.warn(</msg>
<msg time="2024-04-21T01:04:53.803254" level="INFO">${response} = &lt;Response [200]&gt;</msg>
<var>${response}</var>
<arg>consultarAPI</arg>
<arg>/api</arg>
<doc>Sends a GET request on a previously created HTTP Session.</doc>
<status status="PASS" start="2024-04-21T01:04:53.733028" elapsed="0.070266"/>
</kw>
<kw name="Set Variable" owner="BuiltIn">
<msg time="2024-04-21T01:04:53.804374" level="INFO">${json_data} = {'results': [{'gender': 'male', 'name': {'title': 'Mr', 'first': 'Daksh', 'last': 'Kamath'}, 'location': {'street': {'number': 2775, 'name': 'Gali Paranthe Wali'}, 'city': 'Ghaziabad', 'state': 'Mizor...</msg>
<var>${json_data}</var>
<arg>${response.json()}</arg>
<doc>Returns the given values which can then be assigned to a variables.</doc>
<status status="PASS" start="2024-04-21T01:04:53.803809" elapsed="0.000593"/>
</kw>
<kw name="Log" owner="BuiltIn">
<msg time="2024-04-21T01:04:53.804871" level="INFO">{'results': [{'gender': 'male', 'name': {'title': 'Mr', 'first': 'Daksh', 'last': 'Kamath'}, 'location': {'street': {'number': 2775, 'name': 'Gali Paranthe Wali'}, 'city': 'Ghaziabad', 'state': 'Mizoram', 'country': 'India', 'postcode': 38252, 'coordinates': {'latitude': '5.5966', 'longitude': '-155.2494'}, 'timezone': {'offset': '+10:00', 'description': 'Eastern Australia, Guam, Vladivostok'}}, 'email': 'daksh.kamath@example.com', 'login': {'uuid': '46f445a5-766f-4d18-ac42-b25c145a82e8', 'username': 'crazydog773', 'password': 'shorty', 'salt': 'Cyx82gHO', 'md5': 'af393c743c05878e47d9fc81f085f909', 'sha1': 'c6da01aa8e0c25fbbc101c12529ea811287b8ca2', 'sha256': '243d7092ae4bc4a7aeb47e20456a95406a0bbd9e02911396e44a13bfd0a1d694'}, 'dob': {'date': '1952-02-28T12:32:08.235Z', 'age': 72}, 'registered': {'date': '2008-08-26T03:27:40.363Z', 'age': 15}, 'phone': '7236519585', 'cell': '8030646594', 'id': {'name': 'UIDAI', 'value': '365671470878'}, 'picture': {'large': 'https://randomuser.me/api/portraits/men/75.jpg', 'medium': 'https://randomuser.me/api/portraits/med/men/75.jpg', 'thumbnail': 'https://randomuser.me/api/portraits/thumb/men/75.jpg'}, 'nat': 'IN'}], 'info': {'seed': 'eca8aa02ace6b546', 'results': 1, 'page': 1, 'version': '1.4'}}</msg>
<arg>${json_data}</arg>
<doc>Logs the given message with the given level.</doc>
<status status="PASS" start="2024-04-21T01:04:53.804717" elapsed="0.000201"/>
</kw>
<kw name="Should Be String" owner="String">
<arg>${json_data['results'][0]['gender']}</arg>
<doc>Fails if the given ``item`` is not a string.</doc>
<status status="PASS" start="2024-04-21T01:04:53.805250" elapsed="0.000359"/>
</kw>
<kw name="Should Match Regexp" owner="BuiltIn">
<arg>${json_data['results'][0]['email']}</arg>
<arg>^[a-zA-Z0-9._%+-]+@[a-zA-Z0-9.-]+\.[a-zA-Z]{2,}$</arg>
<doc>Fails if ``string`` does not match ``pattern`` as a regular expression.</doc>
<status status="PASS" start="2024-04-21T01:04:53.805799" elapsed="0.000508"/>
</kw>
<kw name="Should Match Regexp" owner="BuiltIn">
<arg>${json_data['results'][0]['dob']['date']}</arg>
<arg>\\d{4}-\\d{2}-\\d{2}T\\d{2}:\\d{2}:\\d{2}\\.\\d{3}Z</arg>
<doc>Fails if ``string`` does not match ``pattern`` as a regular expression.</doc>
<status status="PASS" start="2024-04-21T01:04:53.806499" elapsed="0.000484"/>
</kw>
<kw name="Should Match Regexp" owner="BuiltIn">
<arg>${json_data['results'][0]['registered']['date']}</arg>
<arg>\\d{4}-\\d{2}-\\d{2}T\\d{2}:\\d{2}:\\d{2}\\.\\d{3}Z</arg>
<doc>Fails if ``string`` does not match ``pattern`` as a regular expression.</doc>
<status status="PASS" start="2024-04-21T01:04:53.807200" elapsed="0.000379"/>
</kw>
<kw name="Should Match Regexp" owner="BuiltIn">
<arg>${json_data['results'][0]['picture']['large']}</arg>
<arg>^https?://.*\.(?:png|jpe?g|gif|bmp)$</arg>
<doc>Fails if ``string`` does not match ``pattern`` as a regular expression.</doc>
<status status="PASS" start="2024-04-21T01:04:53.807766" elapsed="0.000463"/>
</kw>
<kw name="Should Match Regexp" owner="BuiltIn">
<arg>${json_data['results'][0]['picture']['medium']}</arg>
<arg>^https?://.*\.(?:png|jpe?g|gif|bmp)$</arg>
<doc>Fails if ``string`` does not match ``pattern`` as a regular expression.</doc>
<status status="PASS" start="2024-04-21T01:04:53.808423" elapsed="0.000359"/>
</kw>
<kw name="Should Match Regexp" owner="BuiltIn">
<arg>${json_data['results'][0]['picture']['thumbnail']}</arg>
<arg>^https?://.*\.(?:png|jpe?g|gif|bmp)$</arg>
<doc>Fails if ``string`` does not match ``pattern`` as a regular expression.</doc>
<status status="PASS" start="2024-04-21T01:04:53.808969" elapsed="0.000363"/>
</kw>
<kw name="Log" owner="BuiltIn">
<msg time="2024-04-21T01:04:53.809836" level="INFO">{'large': 'https://randomuser.me/api/portraits/men/75.jpg', 'medium': 'https://randomuser.me/api/portraits/med/men/75.jpg', 'thumbnail': 'https://randomuser.me/api/portraits/thumb/men/75.jpg'}</msg>
<arg>${json_data['results'][0]['picture']}</arg>
<doc>Logs the given message with the given level.</doc>
<status status="PASS" start="2024-04-21T01:04:53.809510" elapsed="0.000367"/>
</kw>
<status status="PASS" start="2024-04-21T01:04:53.732800" elapsed="0.077331"/>
</kw>
<kw name="Teste de Tipos de Dados - Postcode" owner="random-user-service">
<kw name="GET On Session" owner="RequestsLibrary">
<msg time="2024-04-21T01:04:53.909447" level="INFO">GET Request : url=https://randomuser.me/api 
 path_url=/api 
 headers={'User-Agent': 'python-requests/2.31.0', 'Accept-Encoding': 'gzip, deflate', 'Accept': '*/*', 'Connection': 'keep-alive'} 
 body=None 
 </msg>
<msg time="2024-04-21T01:04:53.909542" level="INFO">GET Response : url=https://randomuser.me/api 
 status=200, reason=OK 
 headers={'Date': 'Sun, 21 Apr 2024 01:04:53 GMT', 'Content-Type': 'application/json; charset=utf-8', 'Transfer-Encoding': 'chunked', 'Connection': 'keep-alive', 'X-Powered-By': 'Express', 'Access-Control-Allow-Origin': '*', 'Cache-Control': 'no-cache', 'ETag': 'W/"4a2-HVJiG4JEcCH0P+uWgZdJLjsXMS8"', 'Vary': 'Accept-Encoding', 'Content-Encoding': 'gzip', 'CF-Cache-Status': 'DYNAMIC', 'Report-To': '{"endpoints":[{"url":"https:\\/\\/a.nel.cloudflare.com\\/report\\/v4?s=Gmsu0bqf7Vel8mGymD%2FJSx%2FCEHXtuAXhmM6Trjh6PrA85XjeuGN7lj7jzc8mtQtM1qp5OaiMFr02sxJ0bXz9toD6p1%2B5Z%2BUxEwbH2ip78b%2FCuLQPjQ1h8CVJw5a1R4o%2B"}],"group":"cf-nel","max_age":604800}', 'NEL': '{"success_fraction":0,"report_to":"cf-nel","max_age":604800}', 'Server': 'cloudflare', 'CF-RAY': '8779767059532af6-ORD', 'alt-svc': 'h3=":443"; ma=86400'} 
 body={"results":[{"gender":"female","name":{"title":"Ms","first":"Isabel","last":"Gutiérrez"},"location":{"street":{"number":6673,"name":"Paseo de Zorrilla"},"city":"San Sebastián","state":"La Rioja","country":"Spain","postcode":71328,"coordinates":{"latitude":"-37.1237","longitude":"168.6571"},"timezone":{"offset":"+10:00","description":"Eastern Australia, Guam, Vladivostok"}},"email":"isabel.gutierrez@example.com","login":{"uuid":"76bfafbc-a4cd-4028-acd2-4585f7e144ef","username":"bluefish436","password":"smeller","salt":"rXZbjHNW","md5":"aaf61870185faad8c5d24bd5d11467a7","sha1":"883a5733467d63c27bc199f3321137cfdd89f69f","sha256":"95a951a0e986ce77bc1a2d4be8a53b9f0221da459ba9658e52e389a03b65e1d4"},"dob":{"date":"1974-02-03T09:57:00.007Z","age":50},"registered":{"date":"2008-07-28T22:55:51.573Z","age":15},"phone":"948-022-999","cell":"627-434-124","id":{"name":"DNI","value":"65701882-F"},"picture":{"large":"https://randomuser.me/api/portraits/women/92.jpg","medium":"https://randomuser.me/api/portraits/med/women/92.jpg","thumbnail":"https://randomuser.me/api/portraits/thumb/women/92.jpg"},"nat":"ES"}],"info":{"seed":"9b0df2e1b766d682","results":1,"page":1,"version":"1.4"}} 
 </msg>
<msg time="2024-04-21T01:04:53.909621" level="INFO">/opt/hostedtoolcache/Python/3.12.3/x64/lib/python3.12/site-packages/urllib3/connectionpool.py:1103: InsecureRequestWarning: Unverified HTTPS request is being made to host 'randomuser.me'. Adding certificate verification is strongly advised. See: https://urllib3.readthedocs.io/en/latest/advanced-usage.html#tls-warnings
  warnings.warn(</msg>
<msg time="2024-04-21T01:04:53.909744" level="INFO">${response} = &lt;Response [200]&gt;</msg>
<var>${response}</var>
<arg>consultarAPI</arg>
<arg>/api</arg>
<doc>Sends a GET request on a previously created HTTP Session.</doc>
<status status="PASS" start="2024-04-21T01:04:53.810583" elapsed="0.099201"/>
</kw>
<kw name="Set Variable" owner="BuiltIn">
<msg time="2024-04-21T01:04:53.910981" level="INFO">${json_data} = {'results': [{'gender': 'female', 'name': {'title': 'Ms', 'first': 'Isabel', 'last': 'Gutiérrez'}, 'location': {'street': {'number': 6673, 'name': 'Paseo de Zorrilla'}, 'city': 'San Sebastián', 'state...</msg>
<var>${json_data}</var>
<arg>${response.json()}</arg>
<doc>Returns the given values which can then be assigned to a variables.</doc>
<status status="PASS" start="2024-04-21T01:04:53.910408" elapsed="0.000603"/>
</kw>
<kw name="Log" owner="BuiltIn">
<msg time="2024-04-21T01:04:53.911532" level="INFO">{'results': [{'gender': 'female', 'name': {'title': 'Ms', 'first': 'Isabel', 'last': 'Gutiérrez'}, 'location': {'street': {'number': 6673, 'name': 'Paseo de Zorrilla'}, 'city': 'San Sebastián', 'state': 'La Rioja', 'country': 'Spain', 'postcode': 71328, 'coordinates': {'latitude': '-37.1237', 'longitude': '168.6571'}, 'timezone': {'offset': '+10:00', 'description': 'Eastern Australia, Guam, Vladivostok'}}, 'email': 'isabel.gutierrez@example.com', 'login': {'uuid': '76bfafbc-a4cd-4028-acd2-4585f7e144ef', 'username': 'bluefish436', 'password': 'smeller', 'salt': 'rXZbjHNW', 'md5': 'aaf61870185faad8c5d24bd5d11467a7', 'sha1': '883a5733467d63c27bc199f3321137cfdd89f69f', 'sha256': '95a951a0e986ce77bc1a2d4be8a53b9f0221da459ba9658e52e389a03b65e1d4'}, 'dob': {'date': '1974-02-03T09:57:00.007Z', 'age': 50}, 'registered': {'date': '2008-07-28T22:55:51.573Z', 'age': 15}, 'phone': '948-022-999', 'cell': '627-434-124', 'id': {'name': 'DNI', 'value': '65701882-F'}, 'picture': {'large': 'https://randomuser.me/api/portraits/women/92.jpg', 'medium': 'https://randomuser.me/api/portraits/med/women/92.jpg', 'thumbnail': 'https://randomuser.me/api/portraits/thumb/women/92.jpg'}, 'nat': 'ES'}], 'info': {'seed': '9b0df2e1b766d682', 'results': 1, 'page': 1, 'version': '1.4'}}</msg>
<arg>${json_data}</arg>
<doc>Logs the given message with the given level.</doc>
<status status="PASS" start="2024-04-21T01:04:53.911369" elapsed="0.000211"/>
</kw>
<kw name="Should Be Equal As Numbers" owner="BuiltIn">
<arg>${json_data['results'][0]['location']['postcode']}</arg>
<arg>${json_data['results'][0]['location']['postcode']}</arg>
<doc>Fails if objects are unequal after converting them to real numbers.</doc>
<status status="PASS" start="2024-04-21T01:04:53.911912" elapsed="0.000793"/>
</kw>
<kw name="Log" owner="BuiltIn">
<msg time="2024-04-21T01:04:53.913229" level="INFO">71328</msg>
<arg>${json_data['results'][0]['location']['postcode']}</arg>
<doc>Logs the given message with the given level.</doc>
<status status="PASS" start="2024-04-21T01:04:53.912898" elapsed="0.000371"/>
</kw>
<status status="PASS" start="2024-04-21T01:04:53.810352" elapsed="0.103167"/>
</kw>
<doc>Testa se os tipos de dados na resposta da API estão corretos.</doc>
<tag>testeTiposDados</tag>
<status status="PASS" start="2024-04-21T01:04:53.732267" elapsed="0.181422"/>
</test>
<test id="s1-s1-t5" name="Validar conteudo" line="35">
<kw name="Teste de Tipos de Conteudo" owner="random-user-service">
<kw name="GET On Session" owner="RequestsLibrary">
<msg time="2024-04-21T01:04:54.005749" level="INFO">GET Request : url=https://randomuser.me/api 
 path_url=/api 
 headers={'User-Agent': 'python-requests/2.31.0', 'Accept-Encoding': 'gzip, deflate', 'Accept': '*/*', 'Connection': 'keep-alive'} 
 body=None 
 </msg>
<msg time="2024-04-21T01:04:54.005843" level="INFO">GET Response : url=https://randomuser.me/api 
 status=200, reason=OK 
 headers={'Date': 'Sun, 21 Apr 2024 01:04:54 GMT', 'Content-Type': 'application/json; charset=utf-8', 'Transfer-Encoding': 'chunked', 'Connection': 'keep-alive', 'X-Powered-By': 'Express', 'Access-Control-Allow-Origin': '*', 'Cache-Control': 'no-cache', 'ETag': 'W/"497-iVfg+0YHez5OskFm5fRCVbdSlvE"', 'Vary': 'Accept-Encoding', 'Content-Encoding': 'gzip', 'CF-Cache-Status': 'DYNAMIC', 'Report-To': '{"endpoints":[{"url":"https:\\/\\/a.nel.cloudflare.com\\/report\\/v4?s=II%2FDdg1kz103WDts12G6S4KCIIVQWYAVM5pFrZVLMCNl5wtkpiCgVpVqaKnCgmbAfGhZSH3UHaH2N%2BqR%2Fo1rL%2B534CBK6GsEWmGPpIL7E8T2JMk55ReW82wzieNoYv4S"}],"group":"cf-nel","max_age":604800}', 'NEL': '{"success_fraction":0,"report_to":"cf-nel","max_age":604800}', 'Server': 'cloudflare', 'CF-RAY': '87797670fa3e2af6-ORD', 'alt-svc': 'h3=":443"; ma=86400'} 
 body={"results":[{"gender":"male","name":{"title":"Mr","first":"Evan","last":"Price"},"location":{"street":{"number":5572,"name":"South Street"},"city":"Armagh","state":"Suffolk","country":"United Kingdom","postcode":"B68 5TF","coordinates":{"latitude":"-9.3529","longitude":"-122.2437"},"timezone":{"offset":"-6:00","description":"Central Time (US &amp; Canada), Mexico City"}},"email":"evan.price@example.com","login":{"uuid":"5b38b0d9-7a10-4944-9fc0-9725d326dcbd","username":"smallbear613","password":"wonderboy","salt":"EQhdMtqZ","md5":"fd533b667adfdf9d5023c39d9ba1390e","sha1":"0010674c5283870113a23e705a9ee2b4baac8709","sha256":"02844aee8037c5c9a952c54e85e608db460daf5c0e814826ac68bfbc663e7952"},"dob":{"date":"1971-05-13T22:34:38.484Z","age":52},"registered":{"date":"2005-09-21T09:35:07.316Z","age":18},"phone":"017683 61752","cell":"07359 619763","id":{"name":"NINO","value":"AN 89 61 70 F"},"picture":{"large":"https://randomuser.me/api/portraits/men/36.jpg","medium":"https://randomuser.me/api/portraits/med/men/36.jpg","thumbnail":"https://randomuser.me/api/portraits/thumb/men/36.jpg"},"nat":"GB"}],"info":{"seed":"75f4875efd7139af","results":1,"page":1,"version":"1.4"}} 
 </msg>
<msg time="2024-04-21T01:04:54.005911" level="INFO">/opt/hostedtoolcache/Python/3.12.3/x64/lib/python3.12/site-packages/urllib3/connectionpool.py:1103: InsecureRequestWarning: Unverified HTTPS request is being made to host 'randomuser.me'. Adding certificate verification is strongly advised. See: https://urllib3.readthedocs.io/en/latest/advanced-usage.html#tls-warnings
  warnings.warn(</msg>
<msg time="2024-04-21T01:04:54.006033" level="INFO">${response} = &lt;Response [200]&gt;</msg>
<var>${response}</var>
<arg>consultarAPI</arg>
<arg>/api</arg>
<doc>Sends a GET request on a previously created HTTP Session.</doc>
<status status="PASS" start="2024-04-21T01:04:53.916188" elapsed="0.089886"/>
</kw>
<kw name="Set Variable" owner="BuiltIn">
<msg time="2024-04-21T01:04:54.007299" level="INFO">${json_data} = {'results': [{'gender': 'male', 'name': {'title': 'Mr', 'first': 'Evan', 'last': 'Price'}, 'location': {'street': {'number': 5572, 'name': 'South Street'}, 'city': 'Armagh', 'state': 'Suffolk', 'count...</msg>
<var>${json_data}</var>
<arg>${response.json()}</arg>
<doc>Returns the given values which can then be assigned to a variables.</doc>
<status status="PASS" start="2024-04-21T01:04:54.006691" elapsed="0.000637"/>
</kw>
<kw name="Set Variable" owner="BuiltIn">
<msg time="2024-04-21T01:04:54.008022" level="INFO">${name_title} = Mr</msg>
<var>${name_title}</var>
<arg>${json_data["results"][0]["name"]["title"]}</arg>
<doc>Returns the given values which can then be assigned to a variables.</doc>
<status status="PASS" start="2024-04-21T01:04:54.007639" elapsed="0.000407"/>
</kw>
<kw name="Create List" owner="BuiltIn">
<msg time="2024-04-21T01:04:54.008485" level="INFO">${allowed_titles} = ['Mr', 'Ms', 'Miss', 'Mrs', 'Madame', 'Monsieur']</msg>
<var>${allowed_titles}</var>
<arg>Mr</arg>
<arg>Ms</arg>
<arg>Miss</arg>
<arg>Mrs</arg>
<arg>Madame</arg>
<arg>Monsieur</arg>
<doc>Returns a list containing given items.</doc>
<status status="PASS" start="2024-04-21T01:04:54.008342" elapsed="0.000166"/>
</kw>
<kw name="List Should Contain Value" owner="Collections">
<msg time="2024-04-21T01:04:54.008970" level="INFO">False</msg>
<arg>${allowed_titles}</arg>
<arg>${name_title}</arg>
<doc>Fails if the ``value`` is not found from ``list``.</doc>
<status status="PASS" start="2024-04-21T01:04:54.008801" elapsed="0.000204"/>
</kw>
<kw name="Set Variable" owner="BuiltIn">
<msg time="2024-04-21T01:04:54.009672" level="INFO">${name_country} = GB</msg>
<var>${name_country}</var>
<arg>${json_data["results"][0]["nat"]}</arg>
<doc>Returns the given values which can then be assigned to a variables.</doc>
<status status="PASS" start="2024-04-21T01:04:54.009288" elapsed="0.000408"/>
</kw>
<kw name="Create List" owner="BuiltIn">
<msg time="2024-04-21T01:04:54.010581" level="INFO">${list_country} = ['AD', 'AE', 'AF', 'AG', 'AI', 'AL', 'AM', 'AO', 'AQ', 'AR', 'AS', 'AT', 'AU', 'AW', 'AX', 'AZ', 'BA', 'BB', 'BD', 'BE', 'BF', 'BG', 'BH', 'BI', 'BJ', 'BL', 'BM', 'BN', 'BO', 'BQ', 'BR', 'BS', 'BT', '...</msg>
<var>${list_country}</var>
<arg>AD</arg>
<arg>AE</arg>
<arg>AF</arg>
<arg>AG</arg>
<arg>AI</arg>
<arg>AL</arg>
<arg>AM</arg>
<arg>AO</arg>
<arg>AQ</arg>
<arg>AR</arg>
<arg>AS</arg>
<arg>AT</arg>
<arg>AU</arg>
<arg>AW</arg>
<arg>AX</arg>
<arg>AZ</arg>
<arg>BA</arg>
<arg>BB</arg>
<arg>BD</arg>
<arg>BE</arg>
<arg>BF</arg>
<arg>BG</arg>
<arg>BH</arg>
<arg>BI</arg>
<arg>BJ</arg>
<arg>BL</arg>
<arg>BM</arg>
<arg>BN</arg>
<arg>BO</arg>
<arg>BQ</arg>
<arg>BR</arg>
<arg>BS</arg>
<arg>BT</arg>
<arg>BV</arg>
<arg>BW</arg>
<arg>BY</arg>
<arg>BZ</arg>
<arg>CA</arg>
<arg>CC</arg>
<arg>CD</arg>
<arg>CF</arg>
<arg>CG</arg>
<arg>CH</arg>
<arg>CI</arg>
<arg>CK</arg>
<arg>CL</arg>
<arg>CM</arg>
<arg>CN</arg>
<arg>CO</arg>
<arg>CR</arg>
<arg>CU</arg>
<arg>CV</arg>
<arg>CW</arg>
<arg>CX</arg>
<arg>CY</arg>
<arg>CZ</arg>
<arg>DE</arg>
<arg>DJ</arg>
<arg>DK</arg>
<arg>DM</arg>
<arg>DO</arg>
<arg>DZ</arg>
<arg>EC</arg>
<arg>EE</arg>
<arg>EG</arg>
<arg>EH</arg>
<arg>ER</arg>
<arg>ES</arg>
<arg>ET</arg>
<arg>FI</arg>
<arg>FJ</arg>
<arg>FK</arg>
<arg>FM</arg>
<arg>FO</arg>
<arg>FR</arg>
<arg>GA</arg>
<arg>GB</arg>
<arg>GD</arg>
<arg>GE</arg>
<arg>GF</arg>
<arg>GG</arg>
<arg>GH</arg>
<arg>GI</arg>
<arg>GL</arg>
<arg>GM</arg>
<arg>GN</arg>
<arg>GP</arg>
<arg>GQ</arg>
<arg>GR</arg>
<arg>GS</arg>
<arg>GT</arg>
<arg>GU</arg>
<arg>GW</arg>
<arg>GY</arg>
<arg>HK</arg>
<arg>HM</arg>
<arg>HN</arg>
<arg>HR</arg>
<arg>HT</arg>
<arg>HU</arg>
<arg>ID</arg>
<arg>IE</arg>
<arg>IL</arg>
<arg>IM</arg>
<arg>IN</arg>
<arg>IO</arg>
<arg>IQ</arg>
<arg>IR</arg>
<arg>IS</arg>
<arg>IT</arg>
<arg>JE</arg>
<arg>JM</arg>
<arg>JO</arg>
<arg>JP</arg>
<arg>KE</arg>
<arg>KG</arg>
<arg>KH</arg>
<arg>KI</arg>
<arg>KM</arg>
<arg>KN</arg>
<arg>KP</arg>
<arg>KR</arg>
<arg>KW</arg>
<arg>KY</arg>
<arg>KZ</arg>
<arg>LA</arg>
<arg>LB</arg>
<arg>LC</arg>
<arg>LI</arg>
<arg>LK</arg>
<arg>LR</arg>
<arg>LS</arg>
<arg>LT</arg>
<arg>LU</arg>
<arg>LV</arg>
<arg>LY</arg>
<arg>MA</arg>
<arg>MC</arg>
<arg>MD</arg>
<arg>ME</arg>
<arg>MF</arg>
<arg>MG</arg>
<arg>MH</arg>
<arg>MK</arg>
<arg>ML</arg>
<arg>MM</arg>
<arg>MN</arg>
<arg>MO</arg>
<arg>MP</arg>
<arg>MQ</arg>
<arg>MR</arg>
<arg>MS</arg>
<arg>MT</arg>
<arg>MU</arg>
<arg>MV</arg>
<arg>MW</arg>
<arg>MX</arg>
<arg>MY</arg>
<arg>MZ</arg>
<arg>NA</arg>
<arg>NC</arg>
<arg>NE</arg>
<arg>NF</arg>
<arg>NG</arg>
<arg>NI</arg>
<arg>NL</arg>
<arg>NO</arg>
<arg>NP</arg>
<arg>NR</arg>
<arg>NU</arg>
<arg>NZ</arg>
<arg>OM</arg>
<arg>PA</arg>
<arg>PE</arg>
<arg>PF</arg>
<arg>PG</arg>
<arg>PH</arg>
<arg>PK</arg>
<arg>PL</arg>
<arg>PM</arg>
<arg>PN</arg>
<arg>PR</arg>
<arg>PS</arg>
<arg>PT</arg>
<arg>PW</arg>
<arg>PY</arg>
<arg>QA</arg>
<arg>RE</arg>
<arg>RO</arg>
<arg>RS</arg>
<arg>RU</arg>
<arg>RW</arg>
<arg>SA</arg>
<arg>SB</arg>
<arg>SC</arg>
<arg>SD</arg>
<arg>SE</arg>
<arg>SG</arg>
<arg>SH</arg>
<arg>SI</arg>
<arg>SJ</arg>
<arg>SK</arg>
<arg>SL</arg>
<arg>SM</arg>
<arg>SN</arg>
<arg>SO</arg>
<arg>SR</arg>
<arg>SS</arg>
<arg>ST</arg>
<arg>SV</arg>
<arg>SX</arg>
<arg>SY</arg>
<arg>SZ</arg>
<arg>TC</arg>
<arg>TD</arg>
<arg>TF</arg>
<arg>TG</arg>
<arg>TH</arg>
<arg>TJ</arg>
<arg>TK</arg>
<arg>TL</arg>
<arg>TM</arg>
<arg>TN</arg>
<arg>TO</arg>
<arg>TR</arg>
<arg>TT</arg>
<arg>TV</arg>
<arg>TW</arg>
<arg>TZ</arg>
<arg>UA</arg>
<arg>UG</arg>
<arg>UM</arg>
<arg>US</arg>
<arg>UY</arg>
<arg>UZ</arg>
<arg>VA</arg>
<arg>VC</arg>
<arg>VE</arg>
<arg>VG</arg>
<arg>VI</arg>
<arg>VN</arg>
<arg>VU</arg>
<arg>WF</arg>
<arg>WS</arg>
<arg>XK</arg>
<arg>YE</arg>
<arg>YT</arg>
<arg>ZA</arg>
<arg>ZM</arg>
<arg>ZW</arg>
<doc>Returns a list containing given items.</doc>
<status status="PASS" start="2024-04-21T01:04:54.009993" elapsed="0.000613"/>
</kw>
<kw name="List Should Contain Value" owner="Collections">
<msg time="2024-04-21T01:04:54.011607" level="INFO">False</msg>
<arg>${list_country}</arg>
<arg>${name_country}</arg>
<doc>Fails if the ``value`` is not found from ``list``.</doc>
<status status="PASS" start="2024-04-21T01:04:54.011411" elapsed="0.000231"/>
</kw>
<kw name="Run Keyword If" owner="BuiltIn">
<kw name="Should Be True" owner="BuiltIn">
<arg>${True}</arg>
<doc>Fails if the given condition is not true.</doc>
<status status="PASS" start="2024-04-21T01:04:54.012704" elapsed="0.000142"/>
</kw>
<arg>${json_data["results"][0]["location"]["coordinates"]["latitude"]} &gt;= -90 and ${json_data["results"][0]["location"]["coordinates"]["latitude"]} &lt;= 90</arg>
<arg>Should Be True</arg>
<arg>${True}</arg>
<doc>Runs the given keyword with the given arguments, if ``condition`` is true.</doc>
<status status="PASS" start="2024-04-21T01:04:54.011952" elapsed="0.001019"/>
</kw>
<kw name="Run Keyword If" owner="BuiltIn">
<kw name="Should Be True" owner="BuiltIn">
<arg>${True}</arg>
<doc>Fails if the given condition is not true.</doc>
<status status="PASS" start="2024-04-21T01:04:54.013841" elapsed="0.000254"/>
</kw>
<arg>${json_data["results"][0]["location"]["coordinates"]["longitude"]} &gt;= -180 and ${json_data["results"][0]["location"]["coordinates"]["longitude"]} &lt;= 180</arg>
<arg>Should Be True</arg>
<arg>${True}</arg>
<doc>Runs the given keyword with the given arguments, if ``condition`` is true.</doc>
<status status="PASS" start="2024-04-21T01:04:54.013160" elapsed="0.001061"/>
</kw>
<status status="PASS" start="2024-04-21T01:04:53.915961" elapsed="0.098393"/>
</kw>
<doc>Testa o conteúdo específico dos campos retornados pela API.</doc>
<tag>testeConteudo</tag>
<status status="PASS" start="2024-04-21T01:04:53.915416" elapsed="0.099093"/>
</test>
<status status="PASS" start="2024-04-21T01:04:52.903935" elapsed="1.112606"/>
</suite>
<status status="PASS" start="2024-04-21T01:04:52.890314" elapsed="1.131391"/>
</suite>
<statistics>
<total>
<stat pass="5" fail="0" skip="0">All Tests</stat>
</total>
<tag>
<stat pass="1" fail="0" skip="0">testeConteudo</stat>
<stat pass="1" fail="0" skip="0">testeEstruturaResposta</stat>
<stat pass="1" fail="0" skip="0">testeRequisicaoBasica</stat>
<stat pass="1" fail="0" skip="0">testeTiposDados</stat>
</tag>
<suite>
<stat pass="5" fail="0" skip="0" id="s1" name="Tests">Tests</stat>
<stat pass="5" fail="0" skip="0" id="s1-s1" name="Random-User-Test">Tests.Random-User-Test</stat>
</suite>
</statistics>
<errors>
</errors>
</robot>
