<?xml version="1.0" encoding="UTF-8"?>
<robot generator="Robot 7.0 (Python 3.12.3 on linux)" generated="2024-05-14T01:02:53.684623" rpa="false" schemaversion="5">
<suite id="s1" name="Tests" source="/home/runner/work/DesafioQAItauRogerioJordao/DesafioQAItauRogerioJordao/RamdonUser/tests">
<suite id="s1-s1" name="Random-User-Test" source="/home/runner/work/DesafioQAItauRogerioJordao/DesafioQAItauRogerioJordao/RamdonUser/tests/random-user-test.robot">
<test id="s1-s1-t1" name="Conectar" line="13">
<kw name="Conectar API" owner="random-user-service">
<kw name="Create Session" owner="RequestsLibrary">
<msg time="2024-05-14T01:02:54.044624" level="INFO">Creating Session using : alias=consultarAPI, url=https://randomuser.me/, headers={},                     cookies={}, auth=None, timeout=None, proxies=None, verify=False,                     debug=0 </msg>
<arg>consultarAPI</arg>
<arg>${URL}</arg>
<doc>Create Session: create a HTTP session to a server</doc>
<status status="PASS" start="2024-05-14T01:02:54.044436" elapsed="0.000359"/>
</kw>
<status status="PASS" start="2024-05-14T01:02:54.043509" elapsed="0.001628"/>
</kw>
<status status="PASS" start="2024-05-14T01:02:54.042976" elapsed="0.002352"/>
</test>
<test id="s1-s1-t2" name="Validar retorno 200 e JSON Válido" line="16">
<kw name="Teste de Requisicao Basica" owner="random-user-service">
<kw name="GET On Session" owner="RequestsLibrary">
<msg time="2024-05-14T01:02:54.213406" level="INFO">GET Request : url=https://randomuser.me/api 
 path_url=/api 
 headers={'User-Agent': 'python-requests/2.31.0', 'Accept-Encoding': 'gzip, deflate', 'Accept': '*/*', 'Connection': 'keep-alive'} 
 body=None 
 </msg>
<msg time="2024-05-14T01:02:54.213566" level="INFO">GET Response : url=https://randomuser.me/api 
 status=200, reason=OK 
 headers={'Date': 'Tue, 14 May 2024 01:02:54 GMT', 'Content-Type': 'application/json; charset=utf-8', 'Transfer-Encoding': 'chunked', 'Connection': 'keep-alive', 'X-Powered-By': 'Express', 'Access-Control-Allow-Origin': '*', 'Cache-Control': 'no-cache', 'ETag': 'W/"49b-sfe4M4v4yL+PUgeG13HcwWMSjtQ"', 'Vary': 'Accept-Encoding', 'Content-Encoding': 'gzip', 'CF-Cache-Status': 'DYNAMIC', 'Report-To': '{"endpoints":[{"url":"https:\\/\\/a.nel.cloudflare.com\\/report\\/v4?s=LODlHBYjAPS10qtFRnRGy%2FPws9lpxFMw1jqQrRPMw%2BsK37bcpNM1TElzVO11fEiLUheoaczOUP01PbNp83Ajyc0jybpDpZ6z0AtQ1ny2ItfKBsE1w3gn9TY%2FvNZ8fNC%2B"}],"group":"cf-nel","max_age":604800}', 'NEL': '{"success_fraction":0,"report_to":"cf-nel","max_age":604800}', 'Server': 'cloudflare', 'CF-RAY': '8836f72429b308e6-LAX', 'alt-svc': 'h3=":443"; ma=86400'} 
 body={"results":[{"gender":"female","name":{"title":"Mrs","first":"Candice","last":"Miller"},"location":{"street":{"number":5533,"name":"Blossom Hill Rd"},"city":"Hobart","state":"South Australia","country":"Australia","postcode":3880,"coordinates":{"latitude":"-87.8532","longitude":"12.2355"},"timezone":{"offset":"+4:00","description":"Abu Dhabi, Muscat, Baku, Tbilisi"}},"email":"candice.miller@example.com","login":{"uuid":"29998079-6499-4587-8b86-f5729391ca3e","username":"happywolf426","password":"lebowski","salt":"pJMwFEVU","md5":"fad82fbddc965e0cc9616c4e6979e735","sha1":"a0c957b69f5dc585a944839c1cd72e5e9a87ecfa","sha256":"6be049db7c41cff43c9c7dd87834f57477496bae49ab81052ffaaf7b9a78b648"},"dob":{"date":"1971-05-21T21:20:38.218Z","age":52},"registered":{"date":"2005-06-27T12:05:36.421Z","age":18},"phone":"02-6086-1929","cell":"0401-559-585","id":{"name":"TFN","value":"100274137"},"picture":{"large":"https://randomuser.me/api/portraits/women/57.jpg","medium":"https://randomuser.me/api/portraits/med/women/57.jpg","thumbnail":"https://randomuser.me/api/portraits/thumb/women/57.jpg"},"nat":"AU"}],"info":{"seed":"d2c780f2089e4006","results":1,"page":1,"version":"1.4"}} 
 </msg>
<msg time="2024-05-14T01:02:54.213661" level="INFO">/opt/hostedtoolcache/Python/3.12.3/x64/lib/python3.12/site-packages/urllib3/connectionpool.py:1103: InsecureRequestWarning: Unverified HTTPS request is being made to host 'randomuser.me'. Adding certificate verification is strongly advised. See: https://urllib3.readthedocs.io/en/latest/advanced-usage.html#tls-warnings
  warnings.warn(</msg>
<msg time="2024-05-14T01:02:54.213819" level="INFO">${response} = &lt;Response [200]&gt;</msg>
<var>${response}</var>
<arg>consultarAPI</arg>
<arg>/api</arg>
<doc>Sends a GET request on a previously created HTTP Session.</doc>
<status status="PASS" start="2024-05-14T01:02:54.047886" elapsed="0.165975"/>
</kw>
<kw name="Should Be Equal As Numbers" owner="BuiltIn">
<msg time="2024-05-14T01:02:54.214813" level="INFO">Argument types are:
&lt;class 'int'&gt;
&lt;class 'str'&gt;</msg>
<arg>${response.status_code}</arg>
<arg>200</arg>
<doc>Fails if objects are unequal after converting them to real numbers.</doc>
<status status="PASS" start="2024-05-14T01:02:54.214361" elapsed="0.000518"/>
</kw>
<kw name="Log" owner="BuiltIn">
<msg time="2024-05-14T01:02:54.215626" level="INFO">200</msg>
<arg>${response.status_code}</arg>
<doc>Logs the given message with the given level.</doc>
<status status="PASS" start="2024-05-14T01:02:54.215229" elapsed="0.000441"/>
</kw>
<kw name="Set Variable" owner="BuiltIn">
<msg time="2024-05-14T01:02:54.216424" level="INFO">${json_data} = {'results': [{'gender': 'female', 'name': {'title': 'Mrs', 'first': 'Candice', 'last': 'Miller'}, 'location': {'street': {'number': 5533, 'name': 'Blossom Hill Rd'}, 'city': 'Hobart', 'state': 'South ...</msg>
<var>${json_data}</var>
<arg>${response.json()}</arg>
<doc>Returns the given values which can then be assigned to a variables.</doc>
<status status="PASS" start="2024-05-14T01:02:54.215980" elapsed="0.000472"/>
</kw>
<kw name="Dictionary Should Contain Key" owner="Collections">
<msg time="2024-05-14T01:02:54.216922" level="INFO">False</msg>
<arg>${json_data}</arg>
<arg>results</arg>
<doc>Fails if ``key`` is not found from ``dictionary``.</doc>
<status status="PASS" start="2024-05-14T01:02:54.216754" elapsed="0.000207"/>
</kw>
<status status="PASS" start="2024-05-14T01:02:54.047646" elapsed="0.169569"/>
</kw>
<doc>Testa se a API responde corretamente e retorna um objeto JSON válido.</doc>
<tag>testeRequisicaoBasica</tag>
<status status="PASS" start="2024-05-14T01:02:54.047183" elapsed="0.170219"/>
</test>
<test id="s1-s1-t3" name="Validar estrutura de resposta" line="22">
<kw name="Teste de Estrutura de Resposta" owner="random-user-service">
<kw name="GET On Session" owner="RequestsLibrary">
<msg time="2024-05-14T01:02:54.321541" level="INFO">GET Request : url=https://randomuser.me/api 
 path_url=/api 
 headers={'User-Agent': 'python-requests/2.31.0', 'Accept-Encoding': 'gzip, deflate', 'Accept': '*/*', 'Connection': 'keep-alive'} 
 body=None 
 </msg>
<msg time="2024-05-14T01:02:54.321641" level="INFO">GET Response : url=https://randomuser.me/api 
 status=200, reason=OK 
 headers={'Date': 'Tue, 14 May 2024 01:02:54 GMT', 'Content-Type': 'application/json; charset=utf-8', 'Transfer-Encoding': 'chunked', 'Connection': 'keep-alive', 'X-Powered-By': 'Express', 'Access-Control-Allow-Origin': '*', 'Cache-Control': 'no-cache', 'ETag': 'W/"49a-cfuhjPmXNAUHZu0UleWwxnw96Fo"', 'Vary': 'Accept-Encoding', 'Content-Encoding': 'gzip', 'CF-Cache-Status': 'DYNAMIC', 'Report-To': '{"endpoints":[{"url":"https:\\/\\/a.nel.cloudflare.com\\/report\\/v4?s=7gg8s8qMCIYQnEc4ptEHXbip2gojpj4Y0Ivww1rjSaxCjcDWRzqbhurFHu5L%2FetwVHYNS%2B%2BOpusZEmoOGrklQvpFG%2FFhs4hZVwsm2YgBYUrhf0iJBfP%2F7%2FaeZ52uLp6i"}],"group":"cf-nel","max_age":604800}', 'NEL': '{"success_fraction":0,"report_to":"cf-nel","max_age":604800}', 'Server': 'cloudflare', 'CF-RAY': '8836f724ea9608e6-LAX', 'alt-svc': 'h3=":443"; ma=86400'} 
 body={"results":[{"gender":"male","name":{"title":"Mr","first":"Jordi","last":"Márquez"},"location":{"street":{"number":7620,"name":"Calle de La Almudena"},"city":"Orihuela","state":"Región de Murcia","country":"Spain","postcode":46492,"coordinates":{"latitude":"-30.3802","longitude":"-127.1241"},"timezone":{"offset":"-6:00","description":"Central Time (US &amp; Canada), Mexico City"}},"email":"jordi.marquez@example.com","login":{"uuid":"983c79f6-825e-4dd4-ac2e-5ad0409ef66d","username":"blackwolf386","password":"sf49ers","salt":"Gjw4YYqP","md5":"05c999f1b78fae26d7ceda1c057e4fc9","sha1":"229949cfdebd5b40f4de44a35209f91aeaffe825","sha256":"07fce3b82d22b4f24a5c0258af1f80a8c2e22e55ad3f87b94ec1ddfe9cf5bcdb"},"dob":{"date":"1981-10-25T22:23:05.263Z","age":42},"registered":{"date":"2019-10-14T04:33:33.888Z","age":4},"phone":"920-699-448","cell":"653-274-745","id":{"name":"DNI","value":"76390358-P"},"picture":{"large":"https://randomuser.me/api/portraits/men/0.jpg","medium":"https://randomuser.me/api/portraits/med/men/0.jpg","thumbnail":"https://randomuser.me/api/portraits/thumb/men/0.jpg"},"nat":"ES"}],"info":{"seed":"bf4faa8fbe29d8d4","results":1,"page":1,"version":"1.4"}} 
 </msg>
<msg time="2024-05-14T01:02:54.321779" level="INFO">/opt/hostedtoolcache/Python/3.12.3/x64/lib/python3.12/site-packages/urllib3/connectionpool.py:1103: InsecureRequestWarning: Unverified HTTPS request is being made to host 'randomuser.me'. Adding certificate verification is strongly advised. See: https://urllib3.readthedocs.io/en/latest/advanced-usage.html#tls-warnings
  warnings.warn(</msg>
<msg time="2024-05-14T01:02:54.321932" level="INFO">${response} = &lt;Response [200]&gt;</msg>
<var>${response}</var>
<arg>consultarAPI</arg>
<arg>/api</arg>
<doc>Sends a GET request on a previously created HTTP Session.</doc>
<status status="PASS" start="2024-05-14T01:02:54.220015" elapsed="0.101961"/>
</kw>
<kw name="Set Variable" owner="BuiltIn">
<msg time="2024-05-14T01:02:54.322859" level="INFO">${json_data} = {'results': [{'gender': 'male', 'name': {'title': 'Mr', 'first': 'Jordi', 'last': 'Márquez'}, 'location': {'street': {'number': 7620, 'name': 'Calle de La Almudena'}, 'city': 'Orihuela', 'state': 'Reg...</msg>
<var>${json_data}</var>
<arg>${response.json()}</arg>
<doc>Returns the given values which can then be assigned to a variables.</doc>
<status status="PASS" start="2024-05-14T01:02:54.322367" elapsed="0.000522"/>
</kw>
<kw name="Log" owner="BuiltIn">
<msg time="2024-05-14T01:02:54.323399" level="INFO">{'results': [{'gender': 'male', 'name': {'title': 'Mr', 'first': 'Jordi', 'last': 'Márquez'}, 'location': {'street': {'number': 7620, 'name': 'Calle de La Almudena'}, 'city': 'Orihuela', 'state': 'Región de Murcia', 'country': 'Spain', 'postcode': 46492, 'coordinates': {'latitude': '-30.3802', 'longitude': '-127.1241'}, 'timezone': {'offset': '-6:00', 'description': 'Central Time (US &amp; Canada), Mexico City'}}, 'email': 'jordi.marquez@example.com', 'login': {'uuid': '983c79f6-825e-4dd4-ac2e-5ad0409ef66d', 'username': 'blackwolf386', 'password': 'sf49ers', 'salt': 'Gjw4YYqP', 'md5': '05c999f1b78fae26d7ceda1c057e4fc9', 'sha1': '229949cfdebd5b40f4de44a35209f91aeaffe825', 'sha256': '07fce3b82d22b4f24a5c0258af1f80a8c2e22e55ad3f87b94ec1ddfe9cf5bcdb'}, 'dob': {'date': '1981-10-25T22:23:05.263Z', 'age': 42}, 'registered': {'date': '2019-10-14T04:33:33.888Z', 'age': 4}, 'phone': '920-699-448', 'cell': '653-274-745', 'id': {'name': 'DNI', 'value': '76390358-P'}, 'picture': {'large': 'https://randomuser.me/api/portraits/men/0.jpg', 'medium': 'https://randomuser.me/api/portraits/med/men/0.jpg', 'thumbnail': 'https://randomuser.me/api/portraits/thumb/men/0.jpg'}, 'nat': 'ES'}], 'info': {'seed': 'bf4faa8fbe29d8d4', 'results': 1, 'page': 1, 'version': '1.4'}}</msg>
<arg>${json_data}</arg>
<doc>Logs the given message with the given level.</doc>
<status status="PASS" start="2024-05-14T01:02:54.323203" elapsed="0.000302"/>
</kw>
<kw name="Dictionary Should Contain Key" owner="Collections">
<msg time="2024-05-14T01:02:54.323977" level="INFO">False</msg>
<arg>${json_data}</arg>
<arg>results</arg>
<doc>Fails if ``key`` is not found from ``dictionary``.</doc>
<status status="PASS" start="2024-05-14T01:02:54.323822" elapsed="0.000193"/>
</kw>
<kw name="Should Not Be Empty" owner="BuiltIn">
<msg time="2024-05-14T01:02:54.324446" level="INFO">Length is 2.</msg>
<arg>${json_data}</arg>
<doc>Verifies that the given item is not empty.</doc>
<status status="PASS" start="2024-05-14T01:02:54.324309" elapsed="0.000176"/>
</kw>
<kw name="Create List" owner="BuiltIn">
<msg time="2024-05-14T01:02:54.325070" level="INFO">${expected_keys} = ['gender', 'name', 'location', 'email', 'login']</msg>
<var>${expected_keys}</var>
<arg>gender</arg>
<arg>name</arg>
<arg>location</arg>
<arg>email</arg>
<arg>login</arg>
<doc>Returns a list containing given items.</doc>
<status status="PASS" start="2024-05-14T01:02:54.324775" elapsed="0.000321"/>
</kw>
<for flavor="IN">
<iter>
<kw name="Dictionary Should Contain Key" owner="Collections">
<msg time="2024-05-14T01:02:54.326103" level="INFO">False</msg>
<arg>${json_data['results'][0]}</arg>
<arg>${key}</arg>
<doc>Fails if ``key`` is not found from ``dictionary``.</doc>
<status status="PASS" start="2024-05-14T01:02:54.325693" elapsed="0.000448"/>
</kw>
<kw name="Log" owner="BuiltIn">
<msg time="2024-05-14T01:02:54.326810" level="INFO">{'gender': 'male', 'name': {'title': 'Mr', 'first': 'Jordi', 'last': 'Márquez'}, 'location': {'street': {'number': 7620, 'name': 'Calle de La Almudena'}, 'city': 'Orihuela', 'state': 'Región de Murcia', 'country': 'Spain', 'postcode': 46492, 'coordinates': {'latitude': '-30.3802', 'longitude': '-127.1241'}, 'timezone': {'offset': '-6:00', 'description': 'Central Time (US &amp; Canada), Mexico City'}}, 'email': 'jordi.marquez@example.com', 'login': {'uuid': '983c79f6-825e-4dd4-ac2e-5ad0409ef66d', 'username': 'blackwolf386', 'password': 'sf49ers', 'salt': 'Gjw4YYqP', 'md5': '05c999f1b78fae26d7ceda1c057e4fc9', 'sha1': '229949cfdebd5b40f4de44a35209f91aeaffe825', 'sha256': '07fce3b82d22b4f24a5c0258af1f80a8c2e22e55ad3f87b94ec1ddfe9cf5bcdb'}, 'dob': {'date': '1981-10-25T22:23:05.263Z', 'age': 42}, 'registered': {'date': '2019-10-14T04:33:33.888Z', 'age': 4}, 'phone': '920-699-448', 'cell': '653-274-745', 'id': {'name': 'DNI', 'value': '76390358-P'}, 'picture': {'large': 'https://randomuser.me/api/portraits/men/0.jpg', 'medium': 'https://randomuser.me/api/portraits/med/men/0.jpg', 'thumbnail': 'https://randomuser.me/api/portraits/thumb/men/0.jpg'}, 'nat': 'ES'}</msg>
<arg>${json_data['results'][0]}</arg>
<doc>Logs the given message with the given level.</doc>
<status status="PASS" start="2024-05-14T01:02:54.326440" elapsed="0.000421"/>
</kw>
<kw name="Log" owner="BuiltIn">
<msg time="2024-05-14T01:02:54.327293" level="INFO">gender</msg>
<arg>${key}</arg>
<doc>Logs the given message with the given level.</doc>
<status status="PASS" start="2024-05-14T01:02:54.327165" elapsed="0.000166"/>
</kw>
<var name="${key}">gender</var>
<status status="PASS" start="2024-05-14T01:02:54.325550" elapsed="0.002019"/>
</iter>
<iter>
<kw name="Dictionary Should Contain Key" owner="Collections">
<msg time="2024-05-14T01:02:54.328260" level="INFO">False</msg>
<arg>${json_data['results'][0]}</arg>
<arg>${key}</arg>
<doc>Fails if ``key`` is not found from ``dictionary``.</doc>
<status status="PASS" start="2024-05-14T01:02:54.327874" elapsed="0.000423"/>
</kw>
<kw name="Log" owner="BuiltIn">
<msg time="2024-05-14T01:02:54.328983" level="INFO">{'gender': 'male', 'name': {'title': 'Mr', 'first': 'Jordi', 'last': 'Márquez'}, 'location': {'street': {'number': 7620, 'name': 'Calle de La Almudena'}, 'city': 'Orihuela', 'state': 'Región de Murcia', 'country': 'Spain', 'postcode': 46492, 'coordinates': {'latitude': '-30.3802', 'longitude': '-127.1241'}, 'timezone': {'offset': '-6:00', 'description': 'Central Time (US &amp; Canada), Mexico City'}}, 'email': 'jordi.marquez@example.com', 'login': {'uuid': '983c79f6-825e-4dd4-ac2e-5ad0409ef66d', 'username': 'blackwolf386', 'password': 'sf49ers', 'salt': 'Gjw4YYqP', 'md5': '05c999f1b78fae26d7ceda1c057e4fc9', 'sha1': '229949cfdebd5b40f4de44a35209f91aeaffe825', 'sha256': '07fce3b82d22b4f24a5c0258af1f80a8c2e22e55ad3f87b94ec1ddfe9cf5bcdb'}, 'dob': {'date': '1981-10-25T22:23:05.263Z', 'age': 42}, 'registered': {'date': '2019-10-14T04:33:33.888Z', 'age': 4}, 'phone': '920-699-448', 'cell': '653-274-745', 'id': {'name': 'DNI', 'value': '76390358-P'}, 'picture': {'large': 'https://randomuser.me/api/portraits/men/0.jpg', 'medium': 'https://randomuser.me/api/portraits/med/men/0.jpg', 'thumbnail': 'https://randomuser.me/api/portraits/thumb/men/0.jpg'}, 'nat': 'ES'}</msg>
<arg>${json_data['results'][0]}</arg>
<doc>Logs the given message with the given level.</doc>
<status status="PASS" start="2024-05-14T01:02:54.328618" elapsed="0.000415"/>
</kw>
<kw name="Log" owner="BuiltIn">
<msg time="2024-05-14T01:02:54.329459" level="INFO">name</msg>
<arg>${key}</arg>
<doc>Logs the given message with the given level.</doc>
<status status="PASS" start="2024-05-14T01:02:54.329332" elapsed="0.000165"/>
</kw>
<var name="${key}">name</var>
<status status="PASS" start="2024-05-14T01:02:54.327757" elapsed="0.001955"/>
</iter>
<iter>
<kw name="Dictionary Should Contain Key" owner="Collections">
<msg time="2024-05-14T01:02:54.330393" level="INFO">False</msg>
<arg>${json_data['results'][0]}</arg>
<arg>${key}</arg>
<doc>Fails if ``key`` is not found from ``dictionary``.</doc>
<status status="PASS" start="2024-05-14T01:02:54.330003" elapsed="0.000426"/>
</kw>
<kw name="Log" owner="BuiltIn">
<msg time="2024-05-14T01:02:54.331095" level="INFO">{'gender': 'male', 'name': {'title': 'Mr', 'first': 'Jordi', 'last': 'Márquez'}, 'location': {'street': {'number': 7620, 'name': 'Calle de La Almudena'}, 'city': 'Orihuela', 'state': 'Región de Murcia', 'country': 'Spain', 'postcode': 46492, 'coordinates': {'latitude': '-30.3802', 'longitude': '-127.1241'}, 'timezone': {'offset': '-6:00', 'description': 'Central Time (US &amp; Canada), Mexico City'}}, 'email': 'jordi.marquez@example.com', 'login': {'uuid': '983c79f6-825e-4dd4-ac2e-5ad0409ef66d', 'username': 'blackwolf386', 'password': 'sf49ers', 'salt': 'Gjw4YYqP', 'md5': '05c999f1b78fae26d7ceda1c057e4fc9', 'sha1': '229949cfdebd5b40f4de44a35209f91aeaffe825', 'sha256': '07fce3b82d22b4f24a5c0258af1f80a8c2e22e55ad3f87b94ec1ddfe9cf5bcdb'}, 'dob': {'date': '1981-10-25T22:23:05.263Z', 'age': 42}, 'registered': {'date': '2019-10-14T04:33:33.888Z', 'age': 4}, 'phone': '920-699-448', 'cell': '653-274-745', 'id': {'name': 'DNI', 'value': '76390358-P'}, 'picture': {'large': 'https://randomuser.me/api/portraits/men/0.jpg', 'medium': 'https://randomuser.me/api/portraits/med/men/0.jpg', 'thumbnail': 'https://randomuser.me/api/portraits/thumb/men/0.jpg'}, 'nat': 'ES'}</msg>
<arg>${json_data['results'][0]}</arg>
<doc>Logs the given message with the given level.</doc>
<status status="PASS" start="2024-05-14T01:02:54.330728" elapsed="0.000418"/>
</kw>
<kw name="Log" owner="BuiltIn">
<msg time="2024-05-14T01:02:54.331616" level="INFO">location</msg>
<arg>${key}</arg>
<doc>Logs the given message with the given level.</doc>
<status status="PASS" start="2024-05-14T01:02:54.331460" elapsed="0.000195"/>
</kw>
<var name="${key}">location</var>
<status status="PASS" start="2024-05-14T01:02:54.329892" elapsed="0.001980"/>
</iter>
<iter>
<kw name="Dictionary Should Contain Key" owner="Collections">
<msg time="2024-05-14T01:02:54.332546" level="INFO">False</msg>
<arg>${json_data['results'][0]}</arg>
<arg>${key}</arg>
<doc>Fails if ``key`` is not found from ``dictionary``.</doc>
<status status="PASS" start="2024-05-14T01:02:54.332157" elapsed="0.000426"/>
</kw>
<kw name="Log" owner="BuiltIn">
<msg time="2024-05-14T01:02:54.333248" level="INFO">{'gender': 'male', 'name': {'title': 'Mr', 'first': 'Jordi', 'last': 'Márquez'}, 'location': {'street': {'number': 7620, 'name': 'Calle de La Almudena'}, 'city': 'Orihuela', 'state': 'Región de Murcia', 'country': 'Spain', 'postcode': 46492, 'coordinates': {'latitude': '-30.3802', 'longitude': '-127.1241'}, 'timezone': {'offset': '-6:00', 'description': 'Central Time (US &amp; Canada), Mexico City'}}, 'email': 'jordi.marquez@example.com', 'login': {'uuid': '983c79f6-825e-4dd4-ac2e-5ad0409ef66d', 'username': 'blackwolf386', 'password': 'sf49ers', 'salt': 'Gjw4YYqP', 'md5': '05c999f1b78fae26d7ceda1c057e4fc9', 'sha1': '229949cfdebd5b40f4de44a35209f91aeaffe825', 'sha256': '07fce3b82d22b4f24a5c0258af1f80a8c2e22e55ad3f87b94ec1ddfe9cf5bcdb'}, 'dob': {'date': '1981-10-25T22:23:05.263Z', 'age': 42}, 'registered': {'date': '2019-10-14T04:33:33.888Z', 'age': 4}, 'phone': '920-699-448', 'cell': '653-274-745', 'id': {'name': 'DNI', 'value': '76390358-P'}, 'picture': {'large': 'https://randomuser.me/api/portraits/men/0.jpg', 'medium': 'https://randomuser.me/api/portraits/med/men/0.jpg', 'thumbnail': 'https://randomuser.me/api/portraits/thumb/men/0.jpg'}, 'nat': 'ES'}</msg>
<arg>${json_data['results'][0]}</arg>
<doc>Logs the given message with the given level.</doc>
<status status="PASS" start="2024-05-14T01:02:54.332880" elapsed="0.000418"/>
</kw>
<kw name="Log" owner="BuiltIn">
<msg time="2024-05-14T01:02:54.333715" level="INFO">email</msg>
<arg>${key}</arg>
<doc>Logs the given message with the given level.</doc>
<status status="PASS" start="2024-05-14T01:02:54.333589" elapsed="0.000163"/>
</kw>
<var name="${key}">email</var>
<status status="PASS" start="2024-05-14T01:02:54.332046" elapsed="0.001920"/>
</iter>
<iter>
<kw name="Dictionary Should Contain Key" owner="Collections">
<msg time="2024-05-14T01:02:54.334627" level="INFO">False</msg>
<arg>${json_data['results'][0]}</arg>
<arg>${key}</arg>
<doc>Fails if ``key`` is not found from ``dictionary``.</doc>
<status status="PASS" start="2024-05-14T01:02:54.334249" elapsed="0.000415"/>
</kw>
<kw name="Log" owner="BuiltIn">
<msg time="2024-05-14T01:02:54.335320" level="INFO">{'gender': 'male', 'name': {'title': 'Mr', 'first': 'Jordi', 'last': 'Márquez'}, 'location': {'street': {'number': 7620, 'name': 'Calle de La Almudena'}, 'city': 'Orihuela', 'state': 'Región de Murcia', 'country': 'Spain', 'postcode': 46492, 'coordinates': {'latitude': '-30.3802', 'longitude': '-127.1241'}, 'timezone': {'offset': '-6:00', 'description': 'Central Time (US &amp; Canada), Mexico City'}}, 'email': 'jordi.marquez@example.com', 'login': {'uuid': '983c79f6-825e-4dd4-ac2e-5ad0409ef66d', 'username': 'blackwolf386', 'password': 'sf49ers', 'salt': 'Gjw4YYqP', 'md5': '05c999f1b78fae26d7ceda1c057e4fc9', 'sha1': '229949cfdebd5b40f4de44a35209f91aeaffe825', 'sha256': '07fce3b82d22b4f24a5c0258af1f80a8c2e22e55ad3f87b94ec1ddfe9cf5bcdb'}, 'dob': {'date': '1981-10-25T22:23:05.263Z', 'age': 42}, 'registered': {'date': '2019-10-14T04:33:33.888Z', 'age': 4}, 'phone': '920-699-448', 'cell': '653-274-745', 'id': {'name': 'DNI', 'value': '76390358-P'}, 'picture': {'large': 'https://randomuser.me/api/portraits/men/0.jpg', 'medium': 'https://randomuser.me/api/portraits/med/men/0.jpg', 'thumbnail': 'https://randomuser.me/api/portraits/thumb/men/0.jpg'}, 'nat': 'ES'}</msg>
<arg>${json_data['results'][0]}</arg>
<doc>Logs the given message with the given level.</doc>
<status status="PASS" start="2024-05-14T01:02:54.334956" elapsed="0.000414"/>
</kw>
<kw name="Log" owner="BuiltIn">
<msg time="2024-05-14T01:02:54.335823" level="INFO">login</msg>
<arg>${key}</arg>
<doc>Logs the given message with the given level.</doc>
<status status="PASS" start="2024-05-14T01:02:54.335697" elapsed="0.000164"/>
</kw>
<var name="${key}">login</var>
<status status="PASS" start="2024-05-14T01:02:54.334137" elapsed="0.001961"/>
</iter>
<var>${key}</var>
<value>@{expected_keys}</value>
<status status="PASS" start="2024-05-14T01:02:54.325364" elapsed="0.010856"/>
</for>
<kw name="Create List" owner="BuiltIn">
<msg time="2024-05-14T01:02:54.336543" level="INFO">${expected_keysTwo} = ['username', 'password']</msg>
<var>${expected_keysTwo}</var>
<arg>username</arg>
<arg>password</arg>
<doc>Returns a list containing given items.</doc>
<status status="PASS" start="2024-05-14T01:02:54.336408" elapsed="0.000158"/>
</kw>
<for flavor="IN">
<iter>
<kw name="Dictionary Should Contain Key" owner="Collections">
<msg time="2024-05-14T01:02:54.337441" level="INFO">False</msg>
<arg>${json_data['results'][0]['login']}</arg>
<arg>${keyTwo}</arg>
<doc>Fails if ``key`` is not found from ``dictionary``.</doc>
<status status="PASS" start="2024-05-14T01:02:54.337054" elapsed="0.000424"/>
</kw>
<kw name="Dictionary Should Contain Key" owner="Collections">
<msg time="2024-05-14T01:02:54.338147" level="INFO">False</msg>
<arg>${json_data['results'][0]['login']}</arg>
<arg>${keyTwo}</arg>
<doc>Fails if ``key`` is not found from ``dictionary``.</doc>
<status status="PASS" start="2024-05-14T01:02:54.337769" elapsed="0.000414"/>
</kw>
<kw name="Log" owner="BuiltIn">
<msg time="2024-05-14T01:02:54.338594" level="INFO">username</msg>
<arg>${keyTwo}</arg>
<doc>Logs the given message with the given level.</doc>
<status status="PASS" start="2024-05-14T01:02:54.338470" elapsed="0.000166"/>
</kw>
<var name="${keyTwo}">username</var>
<status status="PASS" start="2024-05-14T01:02:54.336946" elapsed="0.001931"/>
</iter>
<iter>
<kw name="Dictionary Should Contain Key" owner="Collections">
<msg time="2024-05-14T01:02:54.339709" level="INFO">False</msg>
<arg>${json_data['results'][0]['login']}</arg>
<arg>${keyTwo}</arg>
<doc>Fails if ``key`` is not found from ``dictionary``.</doc>
<status status="PASS" start="2024-05-14T01:02:54.339167" elapsed="0.000593"/>
</kw>
<kw name="Dictionary Should Contain Key" owner="Collections">
<msg time="2024-05-14T01:02:54.340537" level="INFO">False</msg>
<arg>${json_data['results'][0]['login']}</arg>
<arg>${keyTwo}</arg>
<doc>Fails if ``key`` is not found from ``dictionary``.</doc>
<status status="PASS" start="2024-05-14T01:02:54.340061" elapsed="0.000515"/>
</kw>
<kw name="Log" owner="BuiltIn">
<msg time="2024-05-14T01:02:54.340999" level="INFO">password</msg>
<arg>${keyTwo}</arg>
<doc>Logs the given message with the given level.</doc>
<status status="PASS" start="2024-05-14T01:02:54.340870" elapsed="0.000166"/>
</kw>
<var name="${keyTwo}">password</var>
<status status="PASS" start="2024-05-14T01:02:54.339058" elapsed="0.002193"/>
</iter>
<var>${keyTwo}</var>
<value>@{expected_keysTwo}</value>
<status status="PASS" start="2024-05-14T01:02:54.336796" elapsed="0.004576"/>
</for>
<status status="PASS" start="2024-05-14T01:02:54.219776" elapsed="0.121736"/>
</kw>
<doc>Testa a estrutura da resposta da API.</doc>
<tag>testeEstruturaResposta</tag>
<status status="PASS" start="2024-05-14T01:02:54.219248" elapsed="0.122416"/>
</test>
<test id="s1-s1-t4" name="Validar tipos de dados" line="28">
<kw name="Teste de Tipos de Dados" owner="random-user-service">
<kw name="GET On Session" owner="RequestsLibrary">
<msg time="2024-05-14T01:02:54.444972" level="INFO">GET Request : url=https://randomuser.me/api 
 path_url=/api 
 headers={'User-Agent': 'python-requests/2.31.0', 'Accept-Encoding': 'gzip, deflate', 'Accept': '*/*', 'Connection': 'keep-alive'} 
 body=None 
 </msg>
<msg time="2024-05-14T01:02:54.445060" level="INFO">GET Response : url=https://randomuser.me/api 
 status=200, reason=OK 
 headers={'Date': 'Tue, 14 May 2024 01:02:54 GMT', 'Content-Type': 'application/json; charset=utf-8', 'Transfer-Encoding': 'chunked', 'Connection': 'keep-alive', 'X-Powered-By': 'Express', 'Access-Control-Allow-Origin': '*', 'Cache-Control': 'no-cache', 'ETag': 'W/"486-iyrc6MKBpmTBGFYh3oLNSvgpXzM"', 'Vary': 'Accept-Encoding', 'Content-Encoding': 'gzip', 'CF-Cache-Status': 'DYNAMIC', 'Report-To': '{"endpoints":[{"url":"https:\\/\\/a.nel.cloudflare.com\\/report\\/v4?s=0O1EsBiAapcrKIAyE8BXHQAoGEWAoaBpxbYh%2BE%2FPBRD3QBa6DeAEDNmI153%2BydbRdOTUQWOKOzuxuiq1mRamuCcclkCSJvW%2FcMmV5rXpxo1OeLBrojGkdxAnkyH5SdA1"}],"group":"cf-nel","max_age":604800}', 'NEL': '{"success_fraction":0,"report_to":"cf-nel","max_age":604800}', 'Server': 'cloudflare', 'CF-RAY': '8836f725ab8e08e6-LAX', 'alt-svc': 'h3=":443"; ma=86400'} 
 body={"results":[{"gender":"male","name":{"title":"Mr","first":"Rink","last":"Rutte"},"location":{"street":{"number":797,"name":"Boymansweg"},"city":"Hilaard","state":"Friesland","country":"Netherlands","postcode":"3820 IF","coordinates":{"latitude":"32.3954","longitude":"-158.0989"},"timezone":{"offset":"+4:00","description":"Abu Dhabi, Muscat, Baku, Tbilisi"}},"email":"rink.rutte@example.com","login":{"uuid":"c991353c-3c5d-4fbb-8cbf-5f3e7037a89b","username":"silverwolf421","password":"rider","salt":"nXw27RRI","md5":"5786fe39e5bf33c52b51dbeab18108c6","sha1":"7dea08ce0b5d6eb84268725d081921559b5b0b67","sha256":"a27c2b78b69ee1cff8c93a7233ea02eb86d8de46db82221921c4bf06ff2c46c8"},"dob":{"date":"1998-02-14T21:06:18.072Z","age":26},"registered":{"date":"2006-01-21T12:56:19.302Z","age":18},"phone":"(0097) 165119","cell":"(06) 45295967","id":{"name":"BSN","value":"84894708"},"picture":{"large":"https://randomuser.me/api/portraits/men/88.jpg","medium":"https://randomuser.me/api/portraits/med/men/88.jpg","thumbnail":"https://randomuser.me/api/portraits/thumb/men/88.jpg"},"nat":"NL"}],"info":{"seed":"7f75588cd4c592d6","results":1,"page":1,"version":"1.4"}} 
 </msg>
<msg time="2024-05-14T01:02:54.445136" level="INFO">/opt/hostedtoolcache/Python/3.12.3/x64/lib/python3.12/site-packages/urllib3/connectionpool.py:1103: InsecureRequestWarning: Unverified HTTPS request is being made to host 'randomuser.me'. Adding certificate verification is strongly advised. See: https://urllib3.readthedocs.io/en/latest/advanced-usage.html#tls-warnings
  warnings.warn(</msg>
<msg time="2024-05-14T01:02:54.445246" level="INFO">${response} = &lt;Response [200]&gt;</msg>
<var>${response}</var>
<arg>consultarAPI</arg>
<arg>/api</arg>
<doc>Sends a GET request on a previously created HTTP Session.</doc>
<status status="PASS" start="2024-05-14T01:02:54.344179" elapsed="0.101107"/>
</kw>
<kw name="Set Variable" owner="BuiltIn">
<msg time="2024-05-14T01:02:54.446156" level="INFO">${json_data} = {'results': [{'gender': 'male', 'name': {'title': 'Mr', 'first': 'Rink', 'last': 'Rutte'}, 'location': {'street': {'number': 797, 'name': 'Boymansweg'}, 'city': 'Hilaard', 'state': 'Friesland', 'count...</msg>
<var>${json_data}</var>
<arg>${response.json()}</arg>
<doc>Returns the given values which can then be assigned to a variables.</doc>
<status status="PASS" start="2024-05-14T01:02:54.445679" elapsed="0.000506"/>
</kw>
<kw name="Log" owner="BuiltIn">
<msg time="2024-05-14T01:02:54.446645" level="INFO">{'results': [{'gender': 'male', 'name': {'title': 'Mr', 'first': 'Rink', 'last': 'Rutte'}, 'location': {'street': {'number': 797, 'name': 'Boymansweg'}, 'city': 'Hilaard', 'state': 'Friesland', 'country': 'Netherlands', 'postcode': '3820 IF', 'coordinates': {'latitude': '32.3954', 'longitude': '-158.0989'}, 'timezone': {'offset': '+4:00', 'description': 'Abu Dhabi, Muscat, Baku, Tbilisi'}}, 'email': 'rink.rutte@example.com', 'login': {'uuid': 'c991353c-3c5d-4fbb-8cbf-5f3e7037a89b', 'username': 'silverwolf421', 'password': 'rider', 'salt': 'nXw27RRI', 'md5': '5786fe39e5bf33c52b51dbeab18108c6', 'sha1': '7dea08ce0b5d6eb84268725d081921559b5b0b67', 'sha256': 'a27c2b78b69ee1cff8c93a7233ea02eb86d8de46db82221921c4bf06ff2c46c8'}, 'dob': {'date': '1998-02-14T21:06:18.072Z', 'age': 26}, 'registered': {'date': '2006-01-21T12:56:19.302Z', 'age': 18}, 'phone': '(0097) 165119', 'cell': '(06) 45295967', 'id': {'name': 'BSN', 'value': '84894708'}, 'picture': {'large': 'https://randomuser.me/api/portraits/men/88.jpg', 'medium': 'https://randomuser.me/api/portraits/med/men/88.jpg', 'thumbnail': 'https://randomuser.me/api/portraits/thumb/men/88.jpg'}, 'nat': 'NL'}], 'info': {'seed': '7f75588cd4c592d6', 'results': 1, 'page': 1, 'version': '1.4'}}</msg>
<arg>${json_data}</arg>
<doc>Logs the given message with the given level.</doc>
<status status="PASS" start="2024-05-14T01:02:54.446491" elapsed="0.000234"/>
</kw>
<kw name="Should Be String" owner="String">
<arg>${json_data['results'][0]['gender']}</arg>
<doc>Fails if the given ``item`` is not a string.</doc>
<status status="PASS" start="2024-05-14T01:02:54.447030" elapsed="0.000374"/>
</kw>
<kw name="Should Match Regexp" owner="BuiltIn">
<arg>${json_data['results'][0]['email']}</arg>
<arg>^[a-zA-Z0-9._%+-]+@[a-zA-Z0-9.-]+\.[a-zA-Z]{2,}$</arg>
<doc>Fails if ``string`` does not match ``pattern`` as a regular expression.</doc>
<status status="PASS" start="2024-05-14T01:02:54.447655" elapsed="0.000521"/>
</kw>
<kw name="Should Match Regexp" owner="BuiltIn">
<arg>${json_data['results'][0]['dob']['date']}</arg>
<arg>\\d{4}-\\d{2}-\\d{2}T\\d{2}:\\d{2}:\\d{2}\\.\\d{3}Z</arg>
<doc>Fails if ``string`` does not match ``pattern`` as a regular expression.</doc>
<status status="PASS" start="2024-05-14T01:02:54.448371" elapsed="0.000503"/>
</kw>
<kw name="Should Match Regexp" owner="BuiltIn">
<arg>${json_data['results'][0]['registered']['date']}</arg>
<arg>\\d{4}-\\d{2}-\\d{2}T\\d{2}:\\d{2}:\\d{2}\\.\\d{3}Z</arg>
<doc>Fails if ``string`` does not match ``pattern`` as a regular expression.</doc>
<status status="PASS" start="2024-05-14T01:02:54.449065" elapsed="0.000390"/>
</kw>
<kw name="Should Match Regexp" owner="BuiltIn">
<arg>${json_data['results'][0]['picture']['large']}</arg>
<arg>^https?://.*\.(?:png|jpe?g|gif|bmp)$</arg>
<doc>Fails if ``string`` does not match ``pattern`` as a regular expression.</doc>
<status status="PASS" start="2024-05-14T01:02:54.449642" elapsed="0.000458"/>
</kw>
<kw name="Should Match Regexp" owner="BuiltIn">
<arg>${json_data['results'][0]['picture']['medium']}</arg>
<arg>^https?://.*\.(?:png|jpe?g|gif|bmp)$</arg>
<doc>Fails if ``string`` does not match ``pattern`` as a regular expression.</doc>
<status status="PASS" start="2024-05-14T01:02:54.450286" elapsed="0.000357"/>
</kw>
<kw name="Should Match Regexp" owner="BuiltIn">
<arg>${json_data['results'][0]['picture']['thumbnail']}</arg>
<arg>^https?://.*\.(?:png|jpe?g|gif|bmp)$</arg>
<doc>Fails if ``string`` does not match ``pattern`` as a regular expression.</doc>
<status status="PASS" start="2024-05-14T01:02:54.450833" elapsed="0.000351"/>
</kw>
<kw name="Log" owner="BuiltIn">
<msg time="2024-05-14T01:02:54.451709" level="INFO">{'large': 'https://randomuser.me/api/portraits/men/88.jpg', 'medium': 'https://randomuser.me/api/portraits/med/men/88.jpg', 'thumbnail': 'https://randomuser.me/api/portraits/thumb/men/88.jpg'}</msg>
<arg>${json_data['results'][0]['picture']}</arg>
<doc>Logs the given message with the given level.</doc>
<status status="PASS" start="2024-05-14T01:02:54.451363" elapsed="0.000387"/>
</kw>
<status status="PASS" start="2024-05-14T01:02:54.343954" elapsed="0.108050"/>
</kw>
<kw name="Teste de Tipos de Dados - Postcode" owner="random-user-service">
<kw name="GET On Session" owner="RequestsLibrary">
<msg time="2024-05-14T01:02:54.564796" level="INFO">GET Request : url=https://randomuser.me/api 
 path_url=/api 
 headers={'User-Agent': 'python-requests/2.31.0', 'Accept-Encoding': 'gzip, deflate', 'Accept': '*/*', 'Connection': 'keep-alive'} 
 body=None 
 </msg>
<msg time="2024-05-14T01:02:54.564876" level="INFO">GET Response : url=https://randomuser.me/api 
 status=200, reason=OK 
 headers={'Date': 'Tue, 14 May 2024 01:02:54 GMT', 'Content-Type': 'application/json; charset=utf-8', 'Transfer-Encoding': 'chunked', 'Connection': 'keep-alive', 'X-Powered-By': 'Express', 'Access-Control-Allow-Origin': '*', 'Cache-Control': 'no-cache', 'ETag': 'W/"480-n2FI4qd36sYuokgPySjJFhGlBQk"', 'Vary': 'Accept-Encoding', 'Content-Encoding': 'gzip', 'CF-Cache-Status': 'DYNAMIC', 'Report-To': '{"endpoints":[{"url":"https:\\/\\/a.nel.cloudflare.com\\/report\\/v4?s=Lbamx4rwybCo8fjWKdPgjKhchwkbrDG7KNdDX%2BCkWZ16T1jD025%2BKpmRMznmdRSXqESHStJmmX%2B8aDPFGxRN8XnfxSRR%2BekMtCzxlPNOL5EoNuwlv6f42%2BIJoRWHztIh"}],"group":"cf-nel","max_age":604800}', 'NEL': '{"success_fraction":0,"report_to":"cf-nel","max_age":604800}', 'Server': 'cloudflare', 'CF-RAY': '8836f7265c8008e6-LAX', 'alt-svc': 'h3=":443"; ma=86400'} 
 body={"results":[{"gender":"male","name":{"title":"Mr","first":"Sebastian","last":"Thomsen"},"location":{"street":{"number":4994,"name":"Holmegårdsvej"},"city":"Billum","state":"Nordjylland","country":"Denmark","postcode":74763,"coordinates":{"latitude":"-39.9271","longitude":"-103.7982"},"timezone":{"offset":"-8:00","description":"Pacific Time (US &amp; Canada)"}},"email":"sebastian.thomsen@example.com","login":{"uuid":"df27529b-063c-4e4e-a0f5-7cb06a8d6d65","username":"whitefrog528","password":"5329","salt":"aAoX3r6P","md5":"fb2cb317753a958282f245b1065d81ad","sha1":"2ab9d128ac3095e6defc592fc852ea7010724fd7","sha256":"6b26b07fce469b90c5b11389942648f3ed66368e51a9f58fabb1e66050cd661b"},"dob":{"date":"1990-10-05T10:50:47.601Z","age":33},"registered":{"date":"2017-02-12T19:34:31.501Z","age":7},"phone":"36584843","cell":"04763835","id":{"name":"CPR","value":"051090-2290"},"picture":{"large":"https://randomuser.me/api/portraits/men/0.jpg","medium":"https://randomuser.me/api/portraits/med/men/0.jpg","thumbnail":"https://randomuser.me/api/portraits/thumb/men/0.jpg"},"nat":"DK"}],"info":{"seed":"2653b3109c3e630b","results":1,"page":1,"version":"1.4"}} 
 </msg>
<msg time="2024-05-14T01:02:54.564953" level="INFO">/opt/hostedtoolcache/Python/3.12.3/x64/lib/python3.12/site-packages/urllib3/connectionpool.py:1103: InsecureRequestWarning: Unverified HTTPS request is being made to host 'randomuser.me'. Adding certificate verification is strongly advised. See: https://urllib3.readthedocs.io/en/latest/advanced-usage.html#tls-warnings
  warnings.warn(</msg>
<msg time="2024-05-14T01:02:54.565079" level="INFO">${response} = &lt;Response [200]&gt;</msg>
<var>${response}</var>
<arg>consultarAPI</arg>
<arg>/api</arg>
<doc>Sends a GET request on a previously created HTTP Session.</doc>
<status status="PASS" start="2024-05-14T01:02:54.452444" elapsed="0.112683"/>
</kw>
<kw name="Set Variable" owner="BuiltIn">
<msg time="2024-05-14T01:02:54.565979" level="INFO">${json_data} = {'results': [{'gender': 'male', 'name': {'title': 'Mr', 'first': 'Sebastian', 'last': 'Thomsen'}, 'location': {'street': {'number': 4994, 'name': 'Holmegårdsvej'}, 'city': 'Billum', 'state': 'Nordjyll...</msg>
<var>${json_data}</var>
<arg>${response.json()}</arg>
<doc>Returns the given values which can then be assigned to a variables.</doc>
<status status="PASS" start="2024-05-14T01:02:54.565523" elapsed="0.000485"/>
</kw>
<kw name="Log" owner="BuiltIn">
<msg time="2024-05-14T01:02:54.566457" level="INFO">{'results': [{'gender': 'male', 'name': {'title': 'Mr', 'first': 'Sebastian', 'last': 'Thomsen'}, 'location': {'street': {'number': 4994, 'name': 'Holmegårdsvej'}, 'city': 'Billum', 'state': 'Nordjylland', 'country': 'Denmark', 'postcode': 74763, 'coordinates': {'latitude': '-39.9271', 'longitude': '-103.7982'}, 'timezone': {'offset': '-8:00', 'description': 'Pacific Time (US &amp; Canada)'}}, 'email': 'sebastian.thomsen@example.com', 'login': {'uuid': 'df27529b-063c-4e4e-a0f5-7cb06a8d6d65', 'username': 'whitefrog528', 'password': '5329', 'salt': 'aAoX3r6P', 'md5': 'fb2cb317753a958282f245b1065d81ad', 'sha1': '2ab9d128ac3095e6defc592fc852ea7010724fd7', 'sha256': '6b26b07fce469b90c5b11389942648f3ed66368e51a9f58fabb1e66050cd661b'}, 'dob': {'date': '1990-10-05T10:50:47.601Z', 'age': 33}, 'registered': {'date': '2017-02-12T19:34:31.501Z', 'age': 7}, 'phone': '36584843', 'cell': '04763835', 'id': {'name': 'CPR', 'value': '051090-2290'}, 'picture': {'large': 'https://randomuser.me/api/portraits/men/0.jpg', 'medium': 'https://randomuser.me/api/portraits/med/men/0.jpg', 'thumbnail': 'https://randomuser.me/api/portraits/thumb/men/0.jpg'}, 'nat': 'DK'}], 'info': {'seed': '2653b3109c3e630b', 'results': 1, 'page': 1, 'version': '1.4'}}</msg>
<arg>${json_data}</arg>
<doc>Logs the given message with the given level.</doc>
<status status="PASS" start="2024-05-14T01:02:54.566307" elapsed="0.000228"/>
</kw>
<kw name="Should Be Equal As Numbers" owner="BuiltIn">
<arg>${json_data['results'][0]['location']['postcode']}</arg>
<arg>${json_data['results'][0]['location']['postcode']}</arg>
<doc>Fails if objects are unequal after converting them to real numbers.</doc>
<status status="PASS" start="2024-05-14T01:02:54.566843" elapsed="0.000803"/>
</kw>
<kw name="Log" owner="BuiltIn">
<msg time="2024-05-14T01:02:54.568177" level="INFO">74763</msg>
<arg>${json_data['results'][0]['location']['postcode']}</arg>
<doc>Logs the given message with the given level.</doc>
<status status="PASS" start="2024-05-14T01:02:54.567841" elapsed="0.000375"/>
</kw>
<status status="PASS" start="2024-05-14T01:02:54.452222" elapsed="0.116241"/>
</kw>
<doc>Testa se os tipos de dados na resposta da API estão corretos.</doc>
<tag>testeTiposDados</tag>
<status status="PASS" start="2024-05-14T01:02:54.343465" elapsed="0.225154"/>
</test>
<test id="s1-s1-t5" name="Validar conteudo" line="35">
<kw name="Teste de Tipos de Conteudo" owner="random-user-service">
<kw name="GET On Session" owner="RequestsLibrary">
<msg time="2024-05-14T01:02:54.697614" level="INFO">GET Request : url=https://randomuser.me/api 
 path_url=/api 
 headers={'User-Agent': 'python-requests/2.31.0', 'Accept-Encoding': 'gzip, deflate', 'Accept': '*/*', 'Connection': 'keep-alive'} 
 body=None 
 </msg>
<msg time="2024-05-14T01:02:54.697701" level="INFO">GET Response : url=https://randomuser.me/api 
 status=200, reason=OK 
 headers={'Date': 'Tue, 14 May 2024 01:02:54 GMT', 'Content-Type': 'application/json; charset=utf-8', 'Transfer-Encoding': 'chunked', 'Connection': 'keep-alive', 'X-Powered-By': 'Express', 'Access-Control-Allow-Origin': '*', 'Cache-Control': 'no-cache', 'ETag': 'W/"472-yB4s7eYcxttQc9oiZ5wdL09VQ+s"', 'Vary': 'Accept-Encoding', 'Content-Encoding': 'gzip', 'CF-Cache-Status': 'DYNAMIC', 'Report-To': '{"endpoints":[{"url":"https:\\/\\/a.nel.cloudflare.com\\/report\\/v4?s=uPpcoAry0GwkAYcoUDH%2BwIw%2FrtepKJ0gWg0fkyd0z1irzd2Gsd7ubhWWiHZw9EFNcl5u05rNFRco4PYo53ZUyFzeeumOccsQn66OjgaN6%2FXVYPuQKBgYuU4ItsNYKeLz"}],"group":"cf-nel","max_age":604800}', 'NEL': '{"success_fraction":0,"report_to":"cf-nel","max_age":604800}', 'Server': 'cloudflare', 'CF-RAY': '8836f7271d8608e6-LAX', 'alt-svc': 'h3=":443"; ma=86400'} 
 body={"results":[{"gender":"male","name":{"title":"Mr","first":"Tom","last":"Ford"},"location":{"street":{"number":7012,"name":"Camden Ave"},"city":"Mildura","state":"Queensland","country":"Australia","postcode":9630,"coordinates":{"latitude":"-81.7724","longitude":"-3.9936"},"timezone":{"offset":"-11:00","description":"Midway Island, Samoa"}},"email":"tom.ford@example.com","login":{"uuid":"e40b196d-c6fe-450b-8e89-ce39b109b401","username":"lazymeercat822","password":"usarmy","salt":"Vz05vbRW","md5":"b313f65e798a6649f67bd592608d35f6","sha1":"100c9e71c4d7aa0fc8187b73c2eae586d318fac1","sha256":"f46cb688fcde63ae5e7be6d03bbcd306b311bb3ea465a4d0a0b5f105ada433fa"},"dob":{"date":"1995-08-15T19:37:34.063Z","age":28},"registered":{"date":"2007-02-08T08:07:25.473Z","age":17},"phone":"07-0057-2013","cell":"0473-228-075","id":{"name":"TFN","value":"569390938"},"picture":{"large":"https://randomuser.me/api/portraits/men/56.jpg","medium":"https://randomuser.me/api/portraits/med/men/56.jpg","thumbnail":"https://randomuser.me/api/portraits/thumb/men/56.jpg"},"nat":"AU"}],"info":{"seed":"b8c52c833a4fc135","results":1,"page":1,"version":"1.4"}} 
 </msg>
<msg time="2024-05-14T01:02:54.697775" level="INFO">/opt/hostedtoolcache/Python/3.12.3/x64/lib/python3.12/site-packages/urllib3/connectionpool.py:1103: InsecureRequestWarning: Unverified HTTPS request is being made to host 'randomuser.me'. Adding certificate verification is strongly advised. See: https://urllib3.readthedocs.io/en/latest/advanced-usage.html#tls-warnings
  warnings.warn(</msg>
<msg time="2024-05-14T01:02:54.697921" level="INFO">${response} = &lt;Response [200]&gt;</msg>
<var>${response}</var>
<arg>consultarAPI</arg>
<arg>/api</arg>
<doc>Sends a GET request on a previously created HTTP Session.</doc>
<status status="PASS" start="2024-05-14T01:02:54.570959" elapsed="0.127017"/>
</kw>
<kw name="Set Variable" owner="BuiltIn">
<msg time="2024-05-14T01:02:54.698966" level="INFO">${json_data} = {'results': [{'gender': 'male', 'name': {'title': 'Mr', 'first': 'Tom', 'last': 'Ford'}, 'location': {'street': {'number': 7012, 'name': 'Camden Ave'}, 'city': 'Mildura', 'state': 'Queensland', 'count...</msg>
<var>${json_data}</var>
<arg>${response.json()}</arg>
<doc>Returns the given values which can then be assigned to a variables.</doc>
<status status="PASS" start="2024-05-14T01:02:54.698486" elapsed="0.000509"/>
</kw>
<kw name="Set Variable" owner="BuiltIn">
<msg time="2024-05-14T01:02:54.699738" level="INFO">${name_title} = Mr</msg>
<var>${name_title}</var>
<arg>${json_data["results"][0]["name"]["title"]}</arg>
<doc>Returns the given values which can then be assigned to a variables.</doc>
<status status="PASS" start="2024-05-14T01:02:54.699304" elapsed="0.000461"/>
</kw>
<kw name="Create List" owner="BuiltIn">
<msg time="2024-05-14T01:02:54.700218" level="INFO">${allowed_titles} = ['Mr', 'Ms', 'Miss', 'Mrs', 'Madame', 'Monsieur']</msg>
<var>${allowed_titles}</var>
<arg>Mr</arg>
<arg>Ms</arg>
<arg>Miss</arg>
<arg>Mrs</arg>
<arg>Madame</arg>
<arg>Monsieur</arg>
<doc>Returns a list containing given items.</doc>
<status status="PASS" start="2024-05-14T01:02:54.700068" elapsed="0.000174"/>
</kw>
<kw name="List Should Contain Value" owner="Collections">
<msg time="2024-05-14T01:02:54.700711" level="INFO">False</msg>
<arg>${allowed_titles}</arg>
<arg>${name_title}</arg>
<doc>Fails if the ``value`` is not found from ``list``.</doc>
<status status="PASS" start="2024-05-14T01:02:54.700539" elapsed="0.000210"/>
</kw>
<kw name="Set Variable" owner="BuiltIn">
<msg time="2024-05-14T01:02:54.701440" level="INFO">${name_country} = AU</msg>
<var>${name_country}</var>
<arg>${json_data["results"][0]["nat"]}</arg>
<doc>Returns the given values which can then be assigned to a variables.</doc>
<status status="PASS" start="2024-05-14T01:02:54.701055" elapsed="0.000411"/>
</kw>
<kw name="Create List" owner="BuiltIn">
<msg time="2024-05-14T01:02:54.702359" level="INFO">${list_country} = ['AD', 'AE', 'AF', 'AG', 'AI', 'AL', 'AM', 'AO', 'AQ', 'AR', 'AS', 'AT', 'AU', 'AW', 'AX', 'AZ', 'BA', 'BB', 'BD', 'BE', 'BF', 'BG', 'BH', 'BI', 'BJ', 'BL', 'BM', 'BN', 'BO', 'BQ', 'BR', 'BS', 'BT', '...</msg>
<var>${list_country}</var>
<arg>AD</arg>
<arg>AE</arg>
<arg>AF</arg>
<arg>AG</arg>
<arg>AI</arg>
<arg>AL</arg>
<arg>AM</arg>
<arg>AO</arg>
<arg>AQ</arg>
<arg>AR</arg>
<arg>AS</arg>
<arg>AT</arg>
<arg>AU</arg>
<arg>AW</arg>
<arg>AX</arg>
<arg>AZ</arg>
<arg>BA</arg>
<arg>BB</arg>
<arg>BD</arg>
<arg>BE</arg>
<arg>BF</arg>
<arg>BG</arg>
<arg>BH</arg>
<arg>BI</arg>
<arg>BJ</arg>
<arg>BL</arg>
<arg>BM</arg>
<arg>BN</arg>
<arg>BO</arg>
<arg>BQ</arg>
<arg>BR</arg>
<arg>BS</arg>
<arg>BT</arg>
<arg>BV</arg>
<arg>BW</arg>
<arg>BY</arg>
<arg>BZ</arg>
<arg>CA</arg>
<arg>CC</arg>
<arg>CD</arg>
<arg>CF</arg>
<arg>CG</arg>
<arg>CH</arg>
<arg>CI</arg>
<arg>CK</arg>
<arg>CL</arg>
<arg>CM</arg>
<arg>CN</arg>
<arg>CO</arg>
<arg>CR</arg>
<arg>CU</arg>
<arg>CV</arg>
<arg>CW</arg>
<arg>CX</arg>
<arg>CY</arg>
<arg>CZ</arg>
<arg>DE</arg>
<arg>DJ</arg>
<arg>DK</arg>
<arg>DM</arg>
<arg>DO</arg>
<arg>DZ</arg>
<arg>EC</arg>
<arg>EE</arg>
<arg>EG</arg>
<arg>EH</arg>
<arg>ER</arg>
<arg>ES</arg>
<arg>ET</arg>
<arg>FI</arg>
<arg>FJ</arg>
<arg>FK</arg>
<arg>FM</arg>
<arg>FO</arg>
<arg>FR</arg>
<arg>GA</arg>
<arg>GB</arg>
<arg>GD</arg>
<arg>GE</arg>
<arg>GF</arg>
<arg>GG</arg>
<arg>GH</arg>
<arg>GI</arg>
<arg>GL</arg>
<arg>GM</arg>
<arg>GN</arg>
<arg>GP</arg>
<arg>GQ</arg>
<arg>GR</arg>
<arg>GS</arg>
<arg>GT</arg>
<arg>GU</arg>
<arg>GW</arg>
<arg>GY</arg>
<arg>HK</arg>
<arg>HM</arg>
<arg>HN</arg>
<arg>HR</arg>
<arg>HT</arg>
<arg>HU</arg>
<arg>ID</arg>
<arg>IE</arg>
<arg>IL</arg>
<arg>IM</arg>
<arg>IN</arg>
<arg>IO</arg>
<arg>IQ</arg>
<arg>IR</arg>
<arg>IS</arg>
<arg>IT</arg>
<arg>JE</arg>
<arg>JM</arg>
<arg>JO</arg>
<arg>JP</arg>
<arg>KE</arg>
<arg>KG</arg>
<arg>KH</arg>
<arg>KI</arg>
<arg>KM</arg>
<arg>KN</arg>
<arg>KP</arg>
<arg>KR</arg>
<arg>KW</arg>
<arg>KY</arg>
<arg>KZ</arg>
<arg>LA</arg>
<arg>LB</arg>
<arg>LC</arg>
<arg>LI</arg>
<arg>LK</arg>
<arg>LR</arg>
<arg>LS</arg>
<arg>LT</arg>
<arg>LU</arg>
<arg>LV</arg>
<arg>LY</arg>
<arg>MA</arg>
<arg>MC</arg>
<arg>MD</arg>
<arg>ME</arg>
<arg>MF</arg>
<arg>MG</arg>
<arg>MH</arg>
<arg>MK</arg>
<arg>ML</arg>
<arg>MM</arg>
<arg>MN</arg>
<arg>MO</arg>
<arg>MP</arg>
<arg>MQ</arg>
<arg>MR</arg>
<arg>MS</arg>
<arg>MT</arg>
<arg>MU</arg>
<arg>MV</arg>
<arg>MW</arg>
<arg>MX</arg>
<arg>MY</arg>
<arg>MZ</arg>
<arg>NA</arg>
<arg>NC</arg>
<arg>NE</arg>
<arg>NF</arg>
<arg>NG</arg>
<arg>NI</arg>
<arg>NL</arg>
<arg>NO</arg>
<arg>NP</arg>
<arg>NR</arg>
<arg>NU</arg>
<arg>NZ</arg>
<arg>OM</arg>
<arg>PA</arg>
<arg>PE</arg>
<arg>PF</arg>
<arg>PG</arg>
<arg>PH</arg>
<arg>PK</arg>
<arg>PL</arg>
<arg>PM</arg>
<arg>PN</arg>
<arg>PR</arg>
<arg>PS</arg>
<arg>PT</arg>
<arg>PW</arg>
<arg>PY</arg>
<arg>QA</arg>
<arg>RE</arg>
<arg>RO</arg>
<arg>RS</arg>
<arg>RU</arg>
<arg>RW</arg>
<arg>SA</arg>
<arg>SB</arg>
<arg>SC</arg>
<arg>SD</arg>
<arg>SE</arg>
<arg>SG</arg>
<arg>SH</arg>
<arg>SI</arg>
<arg>SJ</arg>
<arg>SK</arg>
<arg>SL</arg>
<arg>SM</arg>
<arg>SN</arg>
<arg>SO</arg>
<arg>SR</arg>
<arg>SS</arg>
<arg>ST</arg>
<arg>SV</arg>
<arg>SX</arg>
<arg>SY</arg>
<arg>SZ</arg>
<arg>TC</arg>
<arg>TD</arg>
<arg>TF</arg>
<arg>TG</arg>
<arg>TH</arg>
<arg>TJ</arg>
<arg>TK</arg>
<arg>TL</arg>
<arg>TM</arg>
<arg>TN</arg>
<arg>TO</arg>
<arg>TR</arg>
<arg>TT</arg>
<arg>TV</arg>
<arg>TW</arg>
<arg>TZ</arg>
<arg>UA</arg>
<arg>UG</arg>
<arg>UM</arg>
<arg>US</arg>
<arg>UY</arg>
<arg>UZ</arg>
<arg>VA</arg>
<arg>VC</arg>
<arg>VE</arg>
<arg>VG</arg>
<arg>VI</arg>
<arg>VN</arg>
<arg>VU</arg>
<arg>WF</arg>
<arg>WS</arg>
<arg>XK</arg>
<arg>YE</arg>
<arg>YT</arg>
<arg>ZA</arg>
<arg>ZM</arg>
<arg>ZW</arg>
<doc>Returns a list containing given items.</doc>
<status status="PASS" start="2024-05-14T01:02:54.701770" elapsed="0.000616"/>
</kw>
<kw name="List Should Contain Value" owner="Collections">
<msg time="2024-05-14T01:02:54.703369" level="INFO">False</msg>
<arg>${list_country}</arg>
<arg>${name_country}</arg>
<doc>Fails if the ``value`` is not found from ``list``.</doc>
<status status="PASS" start="2024-05-14T01:02:54.703173" elapsed="0.000233"/>
</kw>
<kw name="Run Keyword If" owner="BuiltIn">
<kw name="Should Be True" owner="BuiltIn">
<arg>${True}</arg>
<doc>Fails if the given condition is not true.</doc>
<status status="PASS" start="2024-05-14T01:02:54.704506" elapsed="0.000144"/>
</kw>
<arg>${json_data["results"][0]["location"]["coordinates"]["latitude"]} &gt;= -90 and ${json_data["results"][0]["location"]["coordinates"]["latitude"]} &lt;= 90</arg>
<arg>Should Be True</arg>
<arg>${True}</arg>
<doc>Runs the given keyword with the given arguments, if ``condition`` is true.</doc>
<status status="PASS" start="2024-05-14T01:02:54.703748" elapsed="0.001029"/>
</kw>
<kw name="Run Keyword If" owner="BuiltIn">
<kw name="Should Be True" owner="BuiltIn">
<arg>${True}</arg>
<doc>Fails if the given condition is not true.</doc>
<status status="PASS" start="2024-05-14T01:02:54.705663" elapsed="0.000244"/>
</kw>
<arg>${json_data["results"][0]["location"]["coordinates"]["longitude"]} &gt;= -180 and ${json_data["results"][0]["location"]["coordinates"]["longitude"]} &lt;= 180</arg>
<arg>Should Be True</arg>
<arg>${True}</arg>
<doc>Runs the given keyword with the given arguments, if ``condition`` is true.</doc>
<status status="PASS" start="2024-05-14T01:02:54.704970" elapsed="0.001065"/>
</kw>
<status status="PASS" start="2024-05-14T01:02:54.570743" elapsed="0.135431"/>
</kw>
<doc>Testa o conteúdo específico dos campos retornados pela API.</doc>
<tag>testeConteudo</tag>
<status status="PASS" start="2024-05-14T01:02:54.570313" elapsed="0.136007"/>
</test>
<status status="PASS" start="2024-05-14T01:02:53.741656" elapsed="0.966646"/>
</suite>
<status status="PASS" start="2024-05-14T01:02:53.728263" elapsed="0.985185"/>
</suite>
<statistics>
<total>
<stat pass="5" fail="0" skip="0">All Tests</stat>
</total>
<tag>
<stat pass="1" fail="0" skip="0">testeConteudo</stat>
<stat pass="1" fail="0" skip="0">testeEstruturaResposta</stat>
<stat pass="1" fail="0" skip="0">testeRequisicaoBasica</stat>
<stat pass="1" fail="0" skip="0">testeTiposDados</stat>
</tag>
<suite>
<stat pass="5" fail="0" skip="0" id="s1" name="Tests">Tests</stat>
<stat pass="5" fail="0" skip="0" id="s1-s1" name="Random-User-Test">Tests.Random-User-Test</stat>
</suite>
</statistics>
<errors>
</errors>
</robot>
