<?xml version="1.0" encoding="UTF-8"?>
<robot generator="Robot 7.0.1 (Python 3.12.4 on linux)" generated="2024-08-03T15:15:10.002363" rpa="false" schemaversion="5">
<suite id="s1" name="Tests" source="/home/runner/work/ApiRandomUser/ApiRandomUser/RamdonUser/tests">
<suite id="s1-s1" name="Random-User-Test" source="/home/runner/work/ApiRandomUser/ApiRandomUser/RamdonUser/tests/random-user-test.robot">
<test id="s1-s1-t1" name="Conectar" line="13">
<kw name="Conectar API" owner="random-user-service">
<kw name="Create Session" owner="RequestsLibrary">
<msg time="2024-08-03T15:15:10.449043" level="INFO">Creating Session using : alias=consultarAPI, url=https://randomuser.me/, headers={},                     cookies={}, auth=None, timeout=None, proxies=None, verify=False,                     debug=0 </msg>
<arg>consultarAPI</arg>
<arg>${URL}</arg>
<doc>Create Session: create a HTTP session to a server</doc>
<status status="PASS" start="2024-08-03T15:15:10.448845" elapsed="0.000380"/>
</kw>
<status status="PASS" start="2024-08-03T15:15:10.447779" elapsed="0.001803"/>
</kw>
<status status="PASS" start="2024-08-03T15:15:10.447106" elapsed="0.002668"/>
</test>
<test id="s1-s1-t2" name="Validar retorno 200 e JSON Válido" line="16">
<kw name="Teste de Requisicao Basica" owner="random-user-service">
<kw name="GET On Session" owner="RequestsLibrary">
<msg time="2024-08-03T15:15:10.645125" level="INFO">GET Request : url=https://randomuser.me/api 
 path_url=/api 
 headers={'User-Agent': 'python-requests/2.32.3', 'Accept-Encoding': 'gzip, deflate', 'Accept': '*/*', 'Connection': 'keep-alive'} 
 body=None 
 </msg>
<msg time="2024-08-03T15:15:10.645304" level="INFO">GET Response : url=https://randomuser.me/api 
 status=200, reason=OK 
 headers={'Date': 'Sat, 03 Aug 2024 15:15:10 GMT', 'Content-Type': 'application/json; charset=utf-8', 'Transfer-Encoding': 'chunked', 'Connection': 'keep-alive', 'X-Powered-By': 'Express', 'Access-Control-Allow-Origin': '*', 'Cache-Control': 'no-cache', 'ETag': 'W/"48d-EI+RZVXiJPrkirBdU9q/fhejR1Y"', 'Vary': 'Accept-Encoding', 'Content-Encoding': 'gzip', 'CF-Cache-Status': 'DYNAMIC', 'Report-To': '{"endpoints":[{"url":"https:\\/\\/a.nel.cloudflare.com\\/report\\/v4?s=eK%2FeBxr2kwvX4mn3Td2Vr6BZM0W%2Bn5M4TkEfN3b%2BX%2BiEM7ApcXRzi5v44%2F2OgVsLUiTARbOHB3I2vNqQ1OR0rDgyuBdHhhSv2zRW8e9HzYCJGACDhGc0ox%2BF3rrowWAf"}],"group":"cf-nel","max_age":604800}', 'NEL': '{"success_fraction":0,"report_to":"cf-nel","max_age":604800}', 'Server': 'cloudflare', 'CF-RAY': '8ad742f72d0a38aa-IAD', 'alt-svc': 'h3=":443"; ma=86400'} 
 body={"results":[{"gender":"male","name":{"title":"Mr","first":"Esat","last":"Okumuş"},"location":{"street":{"number":4853,"name":"Fatih Sultan Mehmet Cd"},"city":"Bolu","state":"Kocaeli","country":"Turkey","postcode":21136,"coordinates":{"latitude":"68.2150","longitude":"-127.6852"},"timezone":{"offset":"+11:00","description":"Magadan, Solomon Islands, New Caledonia"}},"email":"esat.okumus@example.com","login":{"uuid":"6af7c281-cd34-412b-be54-770da80a93f8","username":"greenelephant519","password":"thekid","salt":"WZoseiUo","md5":"d2b9fcfa47b0186ca93fb292ccb89a05","sha1":"f28cd4c4071f2ae8a94499277356039363fb6123","sha256":"46a8119a52bf8c2e8b65bed2850f1142fabcf09678486eb9a4147f00265c3f02"},"dob":{"date":"1969-12-14T20:28:07.978Z","age":54},"registered":{"date":"2003-04-09T23:23:35.608Z","age":21},"phone":"(650)-662-9518","cell":"(077)-727-7841","id":{"name":"","value":null},"picture":{"large":"https://randomuser.me/api/portraits/men/83.jpg","medium":"https://randomuser.me/api/portraits/med/men/83.jpg","thumbnail":"https://randomuser.me/api/portraits/thumb/men/83.jpg"},"nat":"TR"}],"info":{"seed":"7700c705abf15f5d","results":1,"page":1,"version":"1.4"}} 
 </msg>
<msg time="2024-08-03T15:15:10.645391" level="INFO">/opt/hostedtoolcache/Python/3.12.4/x64/lib/python3.12/site-packages/urllib3/connectionpool.py:1099: InsecureRequestWarning: Unverified HTTPS request is being made to host 'randomuser.me'. Adding certificate verification is strongly advised. See: https://urllib3.readthedocs.io/en/latest/advanced-usage.html#tls-warnings
  warnings.warn(</msg>
<msg time="2024-08-03T15:15:10.645557" level="INFO">${response} = &lt;Response [200]&gt;</msg>
<var>${response}</var>
<arg>consultarAPI</arg>
<arg>/api</arg>
<doc>Sends a GET request on a previously created HTTP Session.</doc>
<status status="PASS" start="2024-08-03T15:15:10.452477" elapsed="0.193124"/>
</kw>
<kw name="Should Be Equal As Numbers" owner="BuiltIn">
<msg time="2024-08-03T15:15:10.646624" level="INFO">Argument types are:
&lt;class 'int'&gt;
&lt;class 'str'&gt;</msg>
<arg>${response.status_code}</arg>
<arg>200</arg>
<doc>Fails if objects are unequal after converting them to real numbers.</doc>
<status status="PASS" start="2024-08-03T15:15:10.646154" elapsed="0.000539"/>
</kw>
<kw name="Log" owner="BuiltIn">
<msg time="2024-08-03T15:15:10.647401" level="INFO">200</msg>
<arg>${response.status_code}</arg>
<doc>Logs the given message with the given level.</doc>
<status status="PASS" start="2024-08-03T15:15:10.647004" elapsed="0.000440"/>
</kw>
<kw name="Set Variable" owner="BuiltIn">
<msg time="2024-08-03T15:15:10.648203" level="INFO">${json_data} = {'results': [{'gender': 'male', 'name': {'title': 'Mr', 'first': 'Esat', 'last': 'Okumuş'}, 'location': {'street': {'number': 4853, 'name': 'Fatih Sultan Mehmet Cd'}, 'city': 'Bolu', 'state': 'Kocaeli...</msg>
<var>${json_data}</var>
<arg>${response.json()}</arg>
<doc>Returns the given values which can then be assigned to a variables.</doc>
<status status="PASS" start="2024-08-03T15:15:10.647754" elapsed="0.000480"/>
</kw>
<kw name="Dictionary Should Contain Key" owner="Collections">
<arg>${json_data}</arg>
<arg>results</arg>
<doc>Fails if ``key`` is not found from ``dictionary``.</doc>
<status status="PASS" start="2024-08-03T15:15:10.648536" elapsed="0.000330"/>
</kw>
<status status="PASS" start="2024-08-03T15:15:10.452230" elapsed="0.196791"/>
</kw>
<doc>Testa se a API responde corretamente e retorna um objeto JSON válido.</doc>
<tag>testeRequisicaoBasica</tag>
<status status="PASS" start="2024-08-03T15:15:10.451670" elapsed="0.197523"/>
</test>
<test id="s1-s1-t3" name="Validar estrutura de resposta" line="22">
<kw name="Teste de Estrutura de Resposta" owner="random-user-service">
<kw name="GET On Session" owner="RequestsLibrary">
<msg time="2024-08-03T15:15:10.730754" level="INFO">GET Request : url=https://randomuser.me/api 
 path_url=/api 
 headers={'User-Agent': 'python-requests/2.32.3', 'Accept-Encoding': 'gzip, deflate', 'Accept': '*/*', 'Connection': 'keep-alive'} 
 body=None 
 </msg>
<msg time="2024-08-03T15:15:10.730846" level="INFO">GET Response : url=https://randomuser.me/api 
 status=200, reason=OK 
 headers={'Date': 'Sat, 03 Aug 2024 15:15:10 GMT', 'Content-Type': 'application/json; charset=utf-8', 'Transfer-Encoding': 'chunked', 'Connection': 'keep-alive', 'X-Powered-By': 'Express', 'Access-Control-Allow-Origin': '*', 'Cache-Control': 'no-cache', 'ETag': 'W/"4b5-mh3bodqAQ4GWYSec18j/BDUY9o8"', 'Vary': 'Accept-Encoding', 'Content-Encoding': 'gzip', 'CF-Cache-Status': 'DYNAMIC', 'Report-To': '{"endpoints":[{"url":"https:\\/\\/a.nel.cloudflare.com\\/report\\/v4?s=YKS4gbdL8O96AwJITk7jTZ48bYXxMF04OAmTta8oxQRXwWmKmYyU895dxSNRJZg4GqZ5B7KRK2q7gmx%2FbkKv7BE5cE1V7eGLURfErq%2Fu3TrsjG%2F1qFxuIUMZed66yV58"}],"group":"cf-nel","max_age":604800}', 'NEL': '{"success_fraction":0,"report_to":"cf-nel","max_age":604800}', 'Server': 'cloudflare', 'CF-RAY': '8ad742f79d8438aa-IAD', 'alt-svc': 'h3=":443"; ma=86400'} 
 body={"results":[{"gender":"male","name":{"title":"Mr","first":"Célestin","last":"Philippe"},"location":{"street":{"number":6289,"name":"Avenue Jean-Jaurès"},"city":"Villeurbanne","state":"Charente-Maritime","country":"France","postcode":67764,"coordinates":{"latitude":"-13.1339","longitude":"-21.3974"},"timezone":{"offset":"+8:00","description":"Beijing, Perth, Singapore, Hong Kong"}},"email":"celestin.philippe@example.com","login":{"uuid":"2cda1f2a-70b5-4efa-914f-c4f6310db444","username":"crazyzebra791","password":"australi","salt":"EdTx68OZ","md5":"8920d8b08690fae479fd981307b0cf5e","sha1":"284040a32e30e9920d6f56d1c6d2f0370118480d","sha256":"b32c7f5ecaf194ced528650a23788a3b11301885ad756a8d9c4a2883e6adc35e"},"dob":{"date":"1962-03-10T02:05:07.486Z","age":62},"registered":{"date":"2022-05-10T23:11:35.043Z","age":2},"phone":"02-10-87-22-20","cell":"06-50-69-89-02","id":{"name":"INSEE","value":"1620232076718 66"},"picture":{"large":"https://randomuser.me/api/portraits/men/38.jpg","medium":"https://randomuser.me/api/portraits/med/men/38.jpg","thumbnail":"https://randomuser.me/api/portraits/thumb/men/38.jpg"},"nat":"FR"}],"info":{"seed":"5b1b7e7ff13a23aa","results":1,"page":1,"version":"1.4"}} 
 </msg>
<msg time="2024-08-03T15:15:10.730975" level="INFO">/opt/hostedtoolcache/Python/3.12.4/x64/lib/python3.12/site-packages/urllib3/connectionpool.py:1099: InsecureRequestWarning: Unverified HTTPS request is being made to host 'randomuser.me'. Adding certificate verification is strongly advised. See: https://urllib3.readthedocs.io/en/latest/advanced-usage.html#tls-warnings
  warnings.warn(</msg>
<msg time="2024-08-03T15:15:10.731123" level="INFO">${response} = &lt;Response [200]&gt;</msg>
<var>${response}</var>
<arg>consultarAPI</arg>
<arg>/api</arg>
<doc>Sends a GET request on a previously created HTTP Session.</doc>
<status status="PASS" start="2024-08-03T15:15:10.651786" elapsed="0.079389"/>
</kw>
<kw name="Set Variable" owner="BuiltIn">
<msg time="2024-08-03T15:15:10.732143" level="INFO">${json_data} = {'results': [{'gender': 'male', 'name': {'title': 'Mr', 'first': 'Célestin', 'last': 'Philippe'}, 'location': {'street': {'number': 6289, 'name': 'Avenue Jean-Jaurès'}, 'city': 'Villeurbanne', 'state'...</msg>
<var>${json_data}</var>
<arg>${response.json()}</arg>
<doc>Returns the given values which can then be assigned to a variables.</doc>
<status status="PASS" start="2024-08-03T15:15:10.731644" elapsed="0.000529"/>
</kw>
<kw name="Log" owner="BuiltIn">
<msg time="2024-08-03T15:15:10.732636" level="INFO">{'results': [{'gender': 'male', 'name': {'title': 'Mr', 'first': 'Célestin', 'last': 'Philippe'}, 'location': {'street': {'number': 6289, 'name': 'Avenue Jean-Jaurès'}, 'city': 'Villeurbanne', 'state': 'Charente-Maritime', 'country': 'France', 'postcode': 67764, 'coordinates': {'latitude': '-13.1339', 'longitude': '-21.3974'}, 'timezone': {'offset': '+8:00', 'description': 'Beijing, Perth, Singapore, Hong Kong'}}, 'email': 'celestin.philippe@example.com', 'login': {'uuid': '2cda1f2a-70b5-4efa-914f-c4f6310db444', 'username': 'crazyzebra791', 'password': 'australi', 'salt': 'EdTx68OZ', 'md5': '8920d8b08690fae479fd981307b0cf5e', 'sha1': '284040a32e30e9920d6f56d1c6d2f0370118480d', 'sha256': 'b32c7f5ecaf194ced528650a23788a3b11301885ad756a8d9c4a2883e6adc35e'}, 'dob': {'date': '1962-03-10T02:05:07.486Z', 'age': 62}, 'registered': {'date': '2022-05-10T23:11:35.043Z', 'age': 2}, 'phone': '02-10-87-22-20', 'cell': '06-50-69-89-02', 'id': {'name': 'INSEE', 'value': '1620232076718 66'}, 'picture': {'large': 'https://randomuser.me/api/portraits/men/38.jpg', 'medium': 'https://randomuser.me/api/portraits/med/men/38.jpg', 'thumbnail': 'https://randomuser.me/api/portraits/thumb/men/38.jpg'}, 'nat': 'FR'}], 'info': {'seed': '5b1b7e7ff13a23aa', 'results': 1, 'page': 1, 'version': '1.4'}}</msg>
<arg>${json_data}</arg>
<doc>Logs the given message with the given level.</doc>
<status status="PASS" start="2024-08-03T15:15:10.732478" elapsed="0.000208"/>
</kw>
<kw name="Dictionary Should Contain Key" owner="Collections">
<arg>${json_data}</arg>
<arg>results</arg>
<doc>Fails if ``key`` is not found from ``dictionary``.</doc>
<status status="PASS" start="2024-08-03T15:15:10.732976" elapsed="0.000162"/>
</kw>
<kw name="Should Not Be Empty" owner="BuiltIn">
<msg time="2024-08-03T15:15:10.733452" level="INFO">Length is 2.</msg>
<arg>${json_data}</arg>
<doc>Verifies that the given item is not empty.</doc>
<status status="PASS" start="2024-08-03T15:15:10.733330" elapsed="0.000160"/>
</kw>
<kw name="Create List" owner="BuiltIn">
<msg time="2024-08-03T15:15:10.733933" level="INFO">${expected_keys} = ['gender', 'name', 'location', 'email', 'login']</msg>
<var>${expected_keys}</var>
<arg>gender</arg>
<arg>name</arg>
<arg>location</arg>
<arg>email</arg>
<arg>login</arg>
<doc>Returns a list containing given items.</doc>
<status status="PASS" start="2024-08-03T15:15:10.733776" elapsed="0.000180"/>
</kw>
<for flavor="IN">
<iter>
<kw name="Dictionary Should Contain Key" owner="Collections">
<arg>${json_data['results'][0]}</arg>
<arg>${key}</arg>
<doc>Fails if ``key`` is not found from ``dictionary``.</doc>
<status status="PASS" start="2024-08-03T15:15:10.734521" elapsed="0.000415"/>
</kw>
<kw name="Log" owner="BuiltIn">
<msg time="2024-08-03T15:15:10.735540" level="INFO">{'gender': 'male', 'name': {'title': 'Mr', 'first': 'Célestin', 'last': 'Philippe'}, 'location': {'street': {'number': 6289, 'name': 'Avenue Jean-Jaurès'}, 'city': 'Villeurbanne', 'state': 'Charente-Maritime', 'country': 'France', 'postcode': 67764, 'coordinates': {'latitude': '-13.1339', 'longitude': '-21.3974'}, 'timezone': {'offset': '+8:00', 'description': 'Beijing, Perth, Singapore, Hong Kong'}}, 'email': 'celestin.philippe@example.com', 'login': {'uuid': '2cda1f2a-70b5-4efa-914f-c4f6310db444', 'username': 'crazyzebra791', 'password': 'australi', 'salt': 'EdTx68OZ', 'md5': '8920d8b08690fae479fd981307b0cf5e', 'sha1': '284040a32e30e9920d6f56d1c6d2f0370118480d', 'sha256': 'b32c7f5ecaf194ced528650a23788a3b11301885ad756a8d9c4a2883e6adc35e'}, 'dob': {'date': '1962-03-10T02:05:07.486Z', 'age': 62}, 'registered': {'date': '2022-05-10T23:11:35.043Z', 'age': 2}, 'phone': '02-10-87-22-20', 'cell': '06-50-69-89-02', 'id': {'name': 'INSEE', 'value': '1620232076718 66'}, 'picture': {'large': 'https://randomuser.me/api/portraits/men/38.jpg', 'medium': 'https://randomuser.me/api/portraits/med/men/38.jpg', 'thumbnail': 'https://randomuser.me/api/portraits/thumb/men/38.jpg'}, 'nat': 'FR'}</msg>
<arg>${json_data['results'][0]}</arg>
<doc>Logs the given message with the given level.</doc>
<status status="PASS" start="2024-08-03T15:15:10.735129" elapsed="0.000462"/>
</kw>
<kw name="Log" owner="BuiltIn">
<msg time="2024-08-03T15:15:10.736022" level="INFO">gender</msg>
<arg>${key}</arg>
<doc>Logs the given message with the given level.</doc>
<status status="PASS" start="2024-08-03T15:15:10.735892" elapsed="0.000170"/>
</kw>
<var name="${key}">gender</var>
<status status="PASS" start="2024-08-03T15:15:10.734399" elapsed="0.001940"/>
</iter>
<iter>
<kw name="Dictionary Should Contain Key" owner="Collections">
<arg>${json_data['results'][0]}</arg>
<arg>${key}</arg>
<doc>Fails if ``key`` is not found from ``dictionary``.</doc>
<status status="PASS" start="2024-08-03T15:15:10.736655" elapsed="0.000393"/>
</kw>
<kw name="Log" owner="BuiltIn">
<msg time="2024-08-03T15:15:10.737624" level="INFO">{'gender': 'male', 'name': {'title': 'Mr', 'first': 'Célestin', 'last': 'Philippe'}, 'location': {'street': {'number': 6289, 'name': 'Avenue Jean-Jaurès'}, 'city': 'Villeurbanne', 'state': 'Charente-Maritime', 'country': 'France', 'postcode': 67764, 'coordinates': {'latitude': '-13.1339', 'longitude': '-21.3974'}, 'timezone': {'offset': '+8:00', 'description': 'Beijing, Perth, Singapore, Hong Kong'}}, 'email': 'celestin.philippe@example.com', 'login': {'uuid': '2cda1f2a-70b5-4efa-914f-c4f6310db444', 'username': 'crazyzebra791', 'password': 'australi', 'salt': 'EdTx68OZ', 'md5': '8920d8b08690fae479fd981307b0cf5e', 'sha1': '284040a32e30e9920d6f56d1c6d2f0370118480d', 'sha256': 'b32c7f5ecaf194ced528650a23788a3b11301885ad756a8d9c4a2883e6adc35e'}, 'dob': {'date': '1962-03-10T02:05:07.486Z', 'age': 62}, 'registered': {'date': '2022-05-10T23:11:35.043Z', 'age': 2}, 'phone': '02-10-87-22-20', 'cell': '06-50-69-89-02', 'id': {'name': 'INSEE', 'value': '1620232076718 66'}, 'picture': {'large': 'https://randomuser.me/api/portraits/men/38.jpg', 'medium': 'https://randomuser.me/api/portraits/med/men/38.jpg', 'thumbnail': 'https://randomuser.me/api/portraits/thumb/men/38.jpg'}, 'nat': 'FR'}</msg>
<arg>${json_data['results'][0]}</arg>
<doc>Logs the given message with the given level.</doc>
<status status="PASS" start="2024-08-03T15:15:10.737264" elapsed="0.000410"/>
</kw>
<kw name="Log" owner="BuiltIn">
<msg time="2024-08-03T15:15:10.738102" level="INFO">name</msg>
<arg>${key}</arg>
<doc>Logs the given message with the given level.</doc>
<status status="PASS" start="2024-08-03T15:15:10.737973" elapsed="0.000167"/>
</kw>
<var name="${key}">name</var>
<status status="PASS" start="2024-08-03T15:15:10.736537" elapsed="0.001829"/>
</iter>
<iter>
<kw name="Dictionary Should Contain Key" owner="Collections">
<arg>${json_data['results'][0]}</arg>
<arg>${key}</arg>
<doc>Fails if ``key`` is not found from ``dictionary``.</doc>
<status status="PASS" start="2024-08-03T15:15:10.738660" elapsed="0.000386"/>
</kw>
<kw name="Log" owner="BuiltIn">
<msg time="2024-08-03T15:15:10.739600" level="INFO">{'gender': 'male', 'name': {'title': 'Mr', 'first': 'Célestin', 'last': 'Philippe'}, 'location': {'street': {'number': 6289, 'name': 'Avenue Jean-Jaurès'}, 'city': 'Villeurbanne', 'state': 'Charente-Maritime', 'country': 'France', 'postcode': 67764, 'coordinates': {'latitude': '-13.1339', 'longitude': '-21.3974'}, 'timezone': {'offset': '+8:00', 'description': 'Beijing, Perth, Singapore, Hong Kong'}}, 'email': 'celestin.philippe@example.com', 'login': {'uuid': '2cda1f2a-70b5-4efa-914f-c4f6310db444', 'username': 'crazyzebra791', 'password': 'australi', 'salt': 'EdTx68OZ', 'md5': '8920d8b08690fae479fd981307b0cf5e', 'sha1': '284040a32e30e9920d6f56d1c6d2f0370118480d', 'sha256': 'b32c7f5ecaf194ced528650a23788a3b11301885ad756a8d9c4a2883e6adc35e'}, 'dob': {'date': '1962-03-10T02:05:07.486Z', 'age': 62}, 'registered': {'date': '2022-05-10T23:11:35.043Z', 'age': 2}, 'phone': '02-10-87-22-20', 'cell': '06-50-69-89-02', 'id': {'name': 'INSEE', 'value': '1620232076718 66'}, 'picture': {'large': 'https://randomuser.me/api/portraits/men/38.jpg', 'medium': 'https://randomuser.me/api/portraits/med/men/38.jpg', 'thumbnail': 'https://randomuser.me/api/portraits/thumb/men/38.jpg'}, 'nat': 'FR'}</msg>
<arg>${json_data['results'][0]}</arg>
<doc>Logs the given message with the given level.</doc>
<status status="PASS" start="2024-08-03T15:15:10.739230" elapsed="0.000419"/>
</kw>
<kw name="Log" owner="BuiltIn">
<msg time="2024-08-03T15:15:10.740074" level="INFO">location</msg>
<arg>${key}</arg>
<doc>Logs the given message with the given level.</doc>
<status status="PASS" start="2024-08-03T15:15:10.739947" elapsed="0.000164"/>
</kw>
<var name="${key}">location</var>
<status status="PASS" start="2024-08-03T15:15:10.738553" elapsed="0.001784"/>
</iter>
<iter>
<kw name="Dictionary Should Contain Key" owner="Collections">
<arg>${json_data['results'][0]}</arg>
<arg>${key}</arg>
<doc>Fails if ``key`` is not found from ``dictionary``.</doc>
<status status="PASS" start="2024-08-03T15:15:10.740614" elapsed="0.000380"/>
</kw>
<kw name="Log" owner="BuiltIn">
<msg time="2024-08-03T15:15:10.741641" level="INFO">{'gender': 'male', 'name': {'title': 'Mr', 'first': 'Célestin', 'last': 'Philippe'}, 'location': {'street': {'number': 6289, 'name': 'Avenue Jean-Jaurès'}, 'city': 'Villeurbanne', 'state': 'Charente-Maritime', 'country': 'France', 'postcode': 67764, 'coordinates': {'latitude': '-13.1339', 'longitude': '-21.3974'}, 'timezone': {'offset': '+8:00', 'description': 'Beijing, Perth, Singapore, Hong Kong'}}, 'email': 'celestin.philippe@example.com', 'login': {'uuid': '2cda1f2a-70b5-4efa-914f-c4f6310db444', 'username': 'crazyzebra791', 'password': 'australi', 'salt': 'EdTx68OZ', 'md5': '8920d8b08690fae479fd981307b0cf5e', 'sha1': '284040a32e30e9920d6f56d1c6d2f0370118480d', 'sha256': 'b32c7f5ecaf194ced528650a23788a3b11301885ad756a8d9c4a2883e6adc35e'}, 'dob': {'date': '1962-03-10T02:05:07.486Z', 'age': 62}, 'registered': {'date': '2022-05-10T23:11:35.043Z', 'age': 2}, 'phone': '02-10-87-22-20', 'cell': '06-50-69-89-02', 'id': {'name': 'INSEE', 'value': '1620232076718 66'}, 'picture': {'large': 'https://randomuser.me/api/portraits/men/38.jpg', 'medium': 'https://randomuser.me/api/portraits/med/men/38.jpg', 'thumbnail': 'https://randomuser.me/api/portraits/thumb/men/38.jpg'}, 'nat': 'FR'}</msg>
<arg>${json_data['results'][0]}</arg>
<doc>Logs the given message with the given level.</doc>
<status status="PASS" start="2024-08-03T15:15:10.741289" elapsed="0.000411"/>
</kw>
<kw name="Log" owner="BuiltIn">
<msg time="2024-08-03T15:15:10.742123" level="INFO">email</msg>
<arg>${key}</arg>
<doc>Logs the given message with the given level.</doc>
<status status="PASS" start="2024-08-03T15:15:10.741997" elapsed="0.000165"/>
</kw>
<var name="${key}">email</var>
<status status="PASS" start="2024-08-03T15:15:10.740508" elapsed="0.001868"/>
</iter>
<iter>
<kw name="Dictionary Should Contain Key" owner="Collections">
<arg>${json_data['results'][0]}</arg>
<arg>${key}</arg>
<doc>Fails if ``key`` is not found from ``dictionary``.</doc>
<status status="PASS" start="2024-08-03T15:15:10.742661" elapsed="0.000374"/>
</kw>
<kw name="Log" owner="BuiltIn">
<msg time="2024-08-03T15:15:10.743591" level="INFO">{'gender': 'male', 'name': {'title': 'Mr', 'first': 'Célestin', 'last': 'Philippe'}, 'location': {'street': {'number': 6289, 'name': 'Avenue Jean-Jaurès'}, 'city': 'Villeurbanne', 'state': 'Charente-Maritime', 'country': 'France', 'postcode': 67764, 'coordinates': {'latitude': '-13.1339', 'longitude': '-21.3974'}, 'timezone': {'offset': '+8:00', 'description': 'Beijing, Perth, Singapore, Hong Kong'}}, 'email': 'celestin.philippe@example.com', 'login': {'uuid': '2cda1f2a-70b5-4efa-914f-c4f6310db444', 'username': 'crazyzebra791', 'password': 'australi', 'salt': 'EdTx68OZ', 'md5': '8920d8b08690fae479fd981307b0cf5e', 'sha1': '284040a32e30e9920d6f56d1c6d2f0370118480d', 'sha256': 'b32c7f5ecaf194ced528650a23788a3b11301885ad756a8d9c4a2883e6adc35e'}, 'dob': {'date': '1962-03-10T02:05:07.486Z', 'age': 62}, 'registered': {'date': '2022-05-10T23:11:35.043Z', 'age': 2}, 'phone': '02-10-87-22-20', 'cell': '06-50-69-89-02', 'id': {'name': 'INSEE', 'value': '1620232076718 66'}, 'picture': {'large': 'https://randomuser.me/api/portraits/men/38.jpg', 'medium': 'https://randomuser.me/api/portraits/med/men/38.jpg', 'thumbnail': 'https://randomuser.me/api/portraits/thumb/men/38.jpg'}, 'nat': 'FR'}</msg>
<arg>${json_data['results'][0]}</arg>
<doc>Logs the given message with the given level.</doc>
<status status="PASS" start="2024-08-03T15:15:10.743214" elapsed="0.000426"/>
</kw>
<kw name="Log" owner="BuiltIn">
<msg time="2024-08-03T15:15:10.744057" level="INFO">login</msg>
<arg>${key}</arg>
<doc>Logs the given message with the given level.</doc>
<status status="PASS" start="2024-08-03T15:15:10.743930" elapsed="0.000164"/>
</kw>
<var name="${key}">login</var>
<status status="PASS" start="2024-08-03T15:15:10.742552" elapsed="0.001755"/>
</iter>
<var>${key}</var>
<value>@{expected_keys}</value>
<status status="PASS" start="2024-08-03T15:15:10.734211" elapsed="0.010243"/>
</for>
<kw name="Create List" owner="BuiltIn">
<msg time="2024-08-03T15:15:10.744788" level="INFO">${expected_keysTwo} = ['username', 'password']</msg>
<var>${expected_keysTwo}</var>
<arg>username</arg>
<arg>password</arg>
<doc>Returns a list containing given items.</doc>
<status status="PASS" start="2024-08-03T15:15:10.744653" elapsed="0.000159"/>
</kw>
<for flavor="IN">
<iter>
<kw name="Dictionary Should Contain Key" owner="Collections">
<arg>${json_data['results'][0]['login']}</arg>
<arg>${keyTwo}</arg>
<doc>Fails if ``key`` is not found from ``dictionary``.</doc>
<status status="PASS" start="2024-08-03T15:15:10.745320" elapsed="0.000379"/>
</kw>
<kw name="Dictionary Should Contain Key" owner="Collections">
<arg>${json_data['results'][0]['login']}</arg>
<arg>${keyTwo}</arg>
<doc>Fails if ``key`` is not found from ``dictionary``.</doc>
<status status="PASS" start="2024-08-03T15:15:10.745877" elapsed="0.000377"/>
</kw>
<kw name="Log" owner="BuiltIn">
<msg time="2024-08-03T15:15:10.746549" level="INFO">username</msg>
<arg>${keyTwo}</arg>
<doc>Logs the given message with the given level.</doc>
<status status="PASS" start="2024-08-03T15:15:10.746431" elapsed="0.000153"/>
</kw>
<var name="${keyTwo}">username</var>
<status status="PASS" start="2024-08-03T15:15:10.745213" elapsed="0.001586"/>
</iter>
<iter>
<kw name="Dictionary Should Contain Key" owner="Collections">
<arg>${json_data['results'][0]['login']}</arg>
<arg>${keyTwo}</arg>
<doc>Fails if ``key`` is not found from ``dictionary``.</doc>
<status status="PASS" start="2024-08-03T15:15:10.747077" elapsed="0.000404"/>
</kw>
<kw name="Dictionary Should Contain Key" owner="Collections">
<arg>${json_data['results'][0]['login']}</arg>
<arg>${keyTwo}</arg>
<doc>Fails if ``key`` is not found from ``dictionary``.</doc>
<status status="PASS" start="2024-08-03T15:15:10.747658" elapsed="0.000367"/>
</kw>
<kw name="Log" owner="BuiltIn">
<msg time="2024-08-03T15:15:10.748320" level="INFO">password</msg>
<arg>${keyTwo}</arg>
<doc>Logs the given message with the given level.</doc>
<status status="PASS" start="2024-08-03T15:15:10.748201" elapsed="0.000156"/>
</kw>
<var name="${keyTwo}">password</var>
<status status="PASS" start="2024-08-03T15:15:10.746971" elapsed="0.001606"/>
</iter>
<var>${keyTwo}</var>
<value>@{expected_keysTwo}</value>
<status status="PASS" start="2024-08-03T15:15:10.745060" elapsed="0.003637"/>
</for>
<status status="PASS" start="2024-08-03T15:15:10.651552" elapsed="0.097293"/>
</kw>
<doc>Testa a estrutura da resposta da API.</doc>
<tag>testeEstruturaResposta</tag>
<status status="PASS" start="2024-08-03T15:15:10.651011" elapsed="0.097990"/>
</test>
<test id="s1-s1-t4" name="Validar tipos de dados" line="28">
<kw name="Teste de Tipos de Dados" owner="random-user-service">
<kw name="GET On Session" owner="RequestsLibrary">
<msg time="2024-08-03T15:15:11.023608" level="INFO">GET Request : url=https://randomuser.me/api 
 path_url=/api 
 headers={'User-Agent': 'python-requests/2.32.3', 'Accept-Encoding': 'gzip, deflate', 'Accept': '*/*', 'Connection': 'keep-alive'} 
 body=None 
 </msg>
<msg time="2024-08-03T15:15:11.023719" level="INFO">GET Response : url=https://randomuser.me/api 
 status=200, reason=OK 
 headers={'Date': 'Sat, 03 Aug 2024 15:15:11 GMT', 'Content-Type': 'application/json; charset=utf-8', 'Transfer-Encoding': 'chunked', 'Connection': 'keep-alive', 'X-Powered-By': 'Express', 'Access-Control-Allow-Origin': '*', 'Cache-Control': 'no-cache', 'ETag': 'W/"49a-EU4PkcjTFU+Pj9Hmijv1fcAcwMI"', 'Vary': 'Accept-Encoding', 'Content-Encoding': 'gzip', 'CF-Cache-Status': 'DYNAMIC', 'Report-To': '{"endpoints":[{"url":"https:\\/\\/a.nel.cloudflare.com\\/report\\/v4?s=ABjS27UAmz5I3eJcGSpFpWBokebqnnIAcdX6J8%2FaeumBgi6a0%2FxBjSBL6Q%2FaLjjYd7fhdznhOT0m8AzUN1C0i31uLrlZ6tGwztCCJLkWhMrFIXLGnIJRgO%2FwpYJPy%2BJD"}],"group":"cf-nel","max_age":604800}', 'NEL': '{"success_fraction":0,"report_to":"cf-nel","max_age":604800}', 'Server': 'cloudflare', 'CF-RAY': '8ad742f83e6238aa-IAD', 'alt-svc': 'h3=":443"; ma=86400'} 
 body={"results":[{"gender":"female","name":{"title":"Mrs","first":"Carla","last":"Gómez"},"location":{"street":{"number":9113,"name":"Calle de Arganzuela"},"city":"Oviedo","state":"La Rioja","country":"Spain","postcode":56494,"coordinates":{"latitude":"-30.5822","longitude":"173.9390"},"timezone":{"offset":"+5:00","description":"Ekaterinburg, Islamabad, Karachi, Tashkent"}},"email":"carla.gomez@example.com","login":{"uuid":"256ae4ac-86ce-4193-809a-438d2cd7453b","username":"redelephant316","password":"morning","salt":"AV5fKlHb","md5":"390e4033324ef3cb59bb74d88d5e9d26","sha1":"fe2be0f5486c65dc25f8ae54145fec7a55dca598","sha256":"93af63c1e9cfda8abf216bcb74bd9e427d2989168639c18fd1087e2977b63c65"},"dob":{"date":"1973-06-26T21:07:54.760Z","age":51},"registered":{"date":"2018-10-21T02:03:54.332Z","age":5},"phone":"988-423-267","cell":"641-961-588","id":{"name":"DNI","value":"92217586-W"},"picture":{"large":"https://randomuser.me/api/portraits/women/16.jpg","medium":"https://randomuser.me/api/portraits/med/women/16.jpg","thumbnail":"https://randomuser.me/api/portraits/thumb/women/16.jpg"},"nat":"ES"}],"info":{"seed":"f0516d7e319fd92c","results":1,"page":1,"version":"1.4"}} 
 </msg>
<msg time="2024-08-03T15:15:11.023802" level="INFO">/opt/hostedtoolcache/Python/3.12.4/x64/lib/python3.12/site-packages/urllib3/connectionpool.py:1099: InsecureRequestWarning: Unverified HTTPS request is being made to host 'randomuser.me'. Adding certificate verification is strongly advised. See: https://urllib3.readthedocs.io/en/latest/advanced-usage.html#tls-warnings
  warnings.warn(</msg>
<msg time="2024-08-03T15:15:11.023961" level="INFO">${response} = &lt;Response [200]&gt;</msg>
<var>${response}</var>
<arg>consultarAPI</arg>
<arg>/api</arg>
<doc>Sends a GET request on a previously created HTTP Session.</doc>
<status status="PASS" start="2024-08-03T15:15:10.751440" elapsed="0.272571"/>
</kw>
<kw name="Set Variable" owner="BuiltIn">
<msg time="2024-08-03T15:15:11.025065" level="INFO">${json_data} = {'results': [{'gender': 'female', 'name': {'title': 'Mrs', 'first': 'Carla', 'last': 'Gómez'}, 'location': {'street': {'number': 9113, 'name': 'Calle de Arganzuela'}, 'city': 'Oviedo', 'state': 'La Ri...</msg>
<var>${json_data}</var>
<arg>${response.json()}</arg>
<doc>Returns the given values which can then be assigned to a variables.</doc>
<status status="PASS" start="2024-08-03T15:15:11.024541" elapsed="0.000552"/>
</kw>
<kw name="Log" owner="BuiltIn">
<msg time="2024-08-03T15:15:11.025564" level="INFO">{'results': [{'gender': 'female', 'name': {'title': 'Mrs', 'first': 'Carla', 'last': 'Gómez'}, 'location': {'street': {'number': 9113, 'name': 'Calle de Arganzuela'}, 'city': 'Oviedo', 'state': 'La Rioja', 'country': 'Spain', 'postcode': 56494, 'coordinates': {'latitude': '-30.5822', 'longitude': '173.9390'}, 'timezone': {'offset': '+5:00', 'description': 'Ekaterinburg, Islamabad, Karachi, Tashkent'}}, 'email': 'carla.gomez@example.com', 'login': {'uuid': '256ae4ac-86ce-4193-809a-438d2cd7453b', 'username': 'redelephant316', 'password': 'morning', 'salt': 'AV5fKlHb', 'md5': '390e4033324ef3cb59bb74d88d5e9d26', 'sha1': 'fe2be0f5486c65dc25f8ae54145fec7a55dca598', 'sha256': '93af63c1e9cfda8abf216bcb74bd9e427d2989168639c18fd1087e2977b63c65'}, 'dob': {'date': '1973-06-26T21:07:54.760Z', 'age': 51}, 'registered': {'date': '2018-10-21T02:03:54.332Z', 'age': 5}, 'phone': '988-423-267', 'cell': '641-961-588', 'id': {'name': 'DNI', 'value': '92217586-W'}, 'picture': {'large': 'https://randomuser.me/api/portraits/women/16.jpg', 'medium': 'https://randomuser.me/api/portraits/med/women/16.jpg', 'thumbnail': 'https://randomuser.me/api/portraits/thumb/women/16.jpg'}, 'nat': 'ES'}], 'info': {'seed': 'f0516d7e319fd92c', 'results': 1, 'page': 1, 'version': '1.4'}}</msg>
<arg>${json_data}</arg>
<doc>Logs the given message with the given level.</doc>
<status status="PASS" start="2024-08-03T15:15:11.025407" elapsed="0.000218"/>
</kw>
<kw name="Should Be String" owner="String">
<arg>${json_data['results'][0]['gender']}</arg>
<doc>Fails if the given ``item`` is not a string.</doc>
<status status="PASS" start="2024-08-03T15:15:11.025947" elapsed="0.000355"/>
</kw>
<kw name="Should Match Regexp" owner="BuiltIn">
<arg>${json_data['results'][0]['email']}</arg>
<arg>^[a-zA-Z0-9._%+-]+@[a-zA-Z0-9.-]+\.[a-zA-Z]{2,}$</arg>
<doc>Fails if ``string`` does not match ``pattern`` as a regular expression.</doc>
<status status="PASS" start="2024-08-03T15:15:11.026488" elapsed="0.000512"/>
</kw>
<kw name="Should Match Regexp" owner="BuiltIn">
<arg>${json_data['results'][0]['dob']['date']}</arg>
<arg>\\d{4}-\\d{2}-\\d{2}T\\d{2}:\\d{2}:\\d{2}\\.\\d{3}Z</arg>
<doc>Fails if ``string`` does not match ``pattern`` as a regular expression.</doc>
<status status="PASS" start="2024-08-03T15:15:11.027189" elapsed="0.000654"/>
</kw>
<kw name="Should Match Regexp" owner="BuiltIn">
<arg>${json_data['results'][0]['registered']['date']}</arg>
<arg>\\d{4}-\\d{2}-\\d{2}T\\d{2}:\\d{2}:\\d{2}\\.\\d{3}Z</arg>
<doc>Fails if ``string`` does not match ``pattern`` as a regular expression.</doc>
<status status="PASS" start="2024-08-03T15:15:11.028035" elapsed="0.000368"/>
</kw>
<kw name="Should Match Regexp" owner="BuiltIn">
<arg>${json_data['results'][0]['picture']['large']}</arg>
<arg>^https?://.*\.(?:png|jpe?g|gif|bmp)$</arg>
<doc>Fails if ``string`` does not match ``pattern`` as a regular expression.</doc>
<status status="PASS" start="2024-08-03T15:15:11.028588" elapsed="0.000461"/>
</kw>
<kw name="Should Match Regexp" owner="BuiltIn">
<arg>${json_data['results'][0]['picture']['medium']}</arg>
<arg>^https?://.*\.(?:png|jpe?g|gif|bmp)$</arg>
<doc>Fails if ``string`` does not match ``pattern`` as a regular expression.</doc>
<status status="PASS" start="2024-08-03T15:15:11.029237" elapsed="0.000362"/>
</kw>
<kw name="Should Match Regexp" owner="BuiltIn">
<arg>${json_data['results'][0]['picture']['thumbnail']}</arg>
<arg>^https?://.*\.(?:png|jpe?g|gif|bmp)$</arg>
<doc>Fails if ``string`` does not match ``pattern`` as a regular expression.</doc>
<status status="PASS" start="2024-08-03T15:15:11.029793" elapsed="0.000357"/>
</kw>
<kw name="Log" owner="BuiltIn">
<msg time="2024-08-03T15:15:11.030648" level="INFO">{'large': 'https://randomuser.me/api/portraits/women/16.jpg', 'medium': 'https://randomuser.me/api/portraits/med/women/16.jpg', 'thumbnail': 'https://randomuser.me/api/portraits/thumb/women/16.jpg'}</msg>
<arg>${json_data['results'][0]['picture']}</arg>
<doc>Logs the given message with the given level.</doc>
<status status="PASS" start="2024-08-03T15:15:11.030328" elapsed="0.000362"/>
</kw>
<status status="PASS" start="2024-08-03T15:15:10.751176" elapsed="0.279770"/>
</kw>
<kw name="Teste de Tipos de Dados - Postcode" owner="random-user-service">
<kw name="GET On Session" owner="RequestsLibrary">
<msg time="2024-08-03T15:15:11.205921" level="INFO">GET Request : url=https://randomuser.me/api 
 path_url=/api 
 headers={'User-Agent': 'python-requests/2.32.3', 'Accept-Encoding': 'gzip, deflate', 'Accept': '*/*', 'Connection': 'keep-alive'} 
 body=None 
 </msg>
<msg time="2024-08-03T15:15:11.206014" level="INFO">GET Response : url=https://randomuser.me/api 
 status=200, reason=OK 
 headers={'Date': 'Sat, 03 Aug 2024 15:15:11 GMT', 'Content-Type': 'application/json; charset=utf-8', 'Transfer-Encoding': 'chunked', 'Connection': 'keep-alive', 'X-Powered-By': 'Express', 'Access-Control-Allow-Origin': '*', 'Cache-Control': 'no-cache', 'ETag': 'W/"4a0-HWVJ69oA36e5Fioe9n1sU2GJMww"', 'Vary': 'Accept-Encoding', 'Content-Encoding': 'gzip', 'CF-Cache-Status': 'DYNAMIC', 'Report-To': '{"endpoints":[{"url":"https:\\/\\/a.nel.cloudflare.com\\/report\\/v4?s=zecQchsgzbqpMmHopzo4EJ%2FpgIgbfK%2FJmvQtGw5Q8h8TQib2Zykvnux%2BF03IcqqOvBYGHk0A%2Fxe7RuWW5Ua4naIQrFelTutd5Elsug7xUImcfw15uFNnGEnSagKGmJlI"}],"group":"cf-nel","max_age":604800}', 'NEL': '{"success_fraction":0,"report_to":"cf-nel","max_age":604800}', 'Server': 'cloudflare', 'CF-RAY': '8ad742f9f87738aa-IAD', 'alt-svc': 'h3=":443"; ma=86400'} 
 body={"results":[{"gender":"female","name":{"title":"Miss","first":"Júlia","last":"Costa"},"location":{"street":{"number":1228,"name":"Rua Quatro"},"city":"Araguaína","state":"São Paulo","country":"Brazil","postcode":66785,"coordinates":{"latitude":"-79.0550","longitude":"37.5309"},"timezone":{"offset":"+9:00","description":"Tokyo, Seoul, Osaka, Sapporo, Yakutsk"}},"email":"julia.costa@example.com","login":{"uuid":"820e180e-a9ce-4b1a-8e7f-7e5d84ca9577","username":"yellowladybug896","password":"jjjjjjjj","salt":"MU5RhQW4","md5":"dc586375aa52bc26d0eeb4c6c1e934a4","sha1":"2c20184f46bc31b8c4b7fa477718621a1542dd02","sha256":"42a58eae7fe0dac0da7a896415129115b7a630499dba84648567bde8623dcdec"},"dob":{"date":"1963-08-07T14:07:49.986Z","age":60},"registered":{"date":"2019-06-23T23:09:09.511Z","age":5},"phone":"(27) 6534-4322","cell":"(75) 4035-7542","id":{"name":"CPF","value":"876.268.707-95"},"picture":{"large":"https://randomuser.me/api/portraits/women/49.jpg","medium":"https://randomuser.me/api/portraits/med/women/49.jpg","thumbnail":"https://randomuser.me/api/portraits/thumb/women/49.jpg"},"nat":"BR"}],"info":{"seed":"fd494a2d02f6199b","results":1,"page":1,"version":"1.4"}} 
 </msg>
<msg time="2024-08-03T15:15:11.206082" level="INFO">/opt/hostedtoolcache/Python/3.12.4/x64/lib/python3.12/site-packages/urllib3/connectionpool.py:1099: InsecureRequestWarning: Unverified HTTPS request is being made to host 'randomuser.me'. Adding certificate verification is strongly advised. See: https://urllib3.readthedocs.io/en/latest/advanced-usage.html#tls-warnings
  warnings.warn(</msg>
<msg time="2024-08-03T15:15:11.206195" level="INFO">${response} = &lt;Response [200]&gt;</msg>
<var>${response}</var>
<arg>consultarAPI</arg>
<arg>/api</arg>
<doc>Sends a GET request on a previously created HTTP Session.</doc>
<status status="PASS" start="2024-08-03T15:15:11.031424" elapsed="0.174809"/>
</kw>
<kw name="Set Variable" owner="BuiltIn">
<msg time="2024-08-03T15:15:11.207305" level="INFO">${json_data} = {'results': [{'gender': 'female', 'name': {'title': 'Miss', 'first': 'Júlia', 'last': 'Costa'}, 'location': {'street': {'number': 1228, 'name': 'Rua Quatro'}, 'city': 'Araguaína', 'state': 'São Paulo'...</msg>
<var>${json_data}</var>
<arg>${response.json()}</arg>
<doc>Returns the given values which can then be assigned to a variables.</doc>
<status status="PASS" start="2024-08-03T15:15:11.206759" elapsed="0.000578"/>
</kw>
<kw name="Log" owner="BuiltIn">
<msg time="2024-08-03T15:15:11.207815" level="INFO">{'results': [{'gender': 'female', 'name': {'title': 'Miss', 'first': 'Júlia', 'last': 'Costa'}, 'location': {'street': {'number': 1228, 'name': 'Rua Quatro'}, 'city': 'Araguaína', 'state': 'São Paulo', 'country': 'Brazil', 'postcode': 66785, 'coordinates': {'latitude': '-79.0550', 'longitude': '37.5309'}, 'timezone': {'offset': '+9:00', 'description': 'Tokyo, Seoul, Osaka, Sapporo, Yakutsk'}}, 'email': 'julia.costa@example.com', 'login': {'uuid': '820e180e-a9ce-4b1a-8e7f-7e5d84ca9577', 'username': 'yellowladybug896', 'password': 'jjjjjjjj', 'salt': 'MU5RhQW4', 'md5': 'dc586375aa52bc26d0eeb4c6c1e934a4', 'sha1': '2c20184f46bc31b8c4b7fa477718621a1542dd02', 'sha256': '42a58eae7fe0dac0da7a896415129115b7a630499dba84648567bde8623dcdec'}, 'dob': {'date': '1963-08-07T14:07:49.986Z', 'age': 60}, 'registered': {'date': '2019-06-23T23:09:09.511Z', 'age': 5}, 'phone': '(27) 6534-4322', 'cell': '(75) 4035-7542', 'id': {'name': 'CPF', 'value': '876.268.707-95'}, 'picture': {'large': 'https://randomuser.me/api/portraits/women/49.jpg', 'medium': 'https://randomuser.me/api/portraits/med/women/49.jpg', 'thumbnail': 'https://randomuser.me/api/portraits/thumb/women/49.jpg'}, 'nat': 'BR'}], 'info': {'seed': 'fd494a2d02f6199b', 'results': 1, 'page': 1, 'version': '1.4'}}</msg>
<arg>${json_data}</arg>
<doc>Logs the given message with the given level.</doc>
<status status="PASS" start="2024-08-03T15:15:11.207645" elapsed="0.000220"/>
</kw>
<kw name="Should Be Equal As Numbers" owner="BuiltIn">
<arg>${json_data['results'][0]['location']['postcode']}</arg>
<arg>${json_data['results'][0]['location']['postcode']}</arg>
<doc>Fails if objects are unequal after converting them to real numbers.</doc>
<status status="PASS" start="2024-08-03T15:15:11.208157" elapsed="0.000613"/>
</kw>
<kw name="Log" owner="BuiltIn">
<msg time="2024-08-03T15:15:11.209332" level="INFO">66785</msg>
<arg>${json_data['results'][0]['location']['postcode']}</arg>
<doc>Logs the given message with the given level.</doc>
<status status="PASS" start="2024-08-03T15:15:11.208994" elapsed="0.000380"/>
</kw>
<status status="PASS" start="2024-08-03T15:15:11.031171" elapsed="0.178457"/>
</kw>
<doc>Testa se os tipos de dados na resposta da API estão corretos.</doc>
<tag>testeTiposDados</tag>
<status status="PASS" start="2024-08-03T15:15:10.750711" elapsed="0.459088"/>
</test>
<test id="s1-s1-t5" name="Validar conteudo" line="35">
<kw name="Teste de Tipos de Conteudo" owner="random-user-service">
<kw name="GET On Session" owner="RequestsLibrary">
<msg time="2024-08-03T15:15:11.324338" level="INFO">GET Request : url=https://randomuser.me/api 
 path_url=/api 
 headers={'User-Agent': 'python-requests/2.32.3', 'Accept-Encoding': 'gzip, deflate', 'Accept': '*/*', 'Connection': 'keep-alive'} 
 body=None 
 </msg>
<msg time="2024-08-03T15:15:11.324446" level="INFO">GET Response : url=https://randomuser.me/api 
 status=200, reason=OK 
 headers={'Date': 'Sat, 03 Aug 2024 15:15:11 GMT', 'Content-Type': 'application/json; charset=utf-8', 'Transfer-Encoding': 'chunked', 'Connection': 'keep-alive', 'X-Powered-By': 'Express', 'Access-Control-Allow-Origin': '*', 'Cache-Control': 'no-cache', 'ETag': 'W/"49e-cMGiT5+zmkHJSUtdnh+sSaPkziM"', 'Vary': 'Accept-Encoding', 'Content-Encoding': 'gzip', 'CF-Cache-Status': 'DYNAMIC', 'Report-To': '{"endpoints":[{"url":"https:\\/\\/a.nel.cloudflare.com\\/report\\/v4?s=P3c%2Bc9D6vxE0SgBTyXqfUrck76G1jwIU3lfnYpJpfK7YzPmxmXos5Di0FAmQKgCjTUeLImppM0teLEjCL3J3w5tV%2FBPdje%2BjFn07HMKzKDvrlwwFHQK%2BlJlvM%2FoE7rW9"}],"group":"cf-nel","max_age":604800}', 'NEL': '{"success_fraction":0,"report_to":"cf-nel","max_age":604800}', 'Server': 'cloudflare', 'CF-RAY': '8ad742fb19ea38aa-IAD', 'alt-svc': 'h3=":443"; ma=86400'} 
 body={"results":[{"gender":"female","name":{"title":"Ms","first":"Jill","last":"Thompson"},"location":{"street":{"number":5612,"name":"Bollinger Rd"},"city":"Shiloh","state":"Massachusetts","country":"United States","postcode":63679,"coordinates":{"latitude":"81.9199","longitude":"124.4919"},"timezone":{"offset":"+10:00","description":"Eastern Australia, Guam, Vladivostok"}},"email":"jill.thompson@example.com","login":{"uuid":"7ebf80d6-9c4d-4b6d-9856-21f106709469","username":"greencat158","password":"fishing","salt":"XsZSAYYG","md5":"e491c441370c38aae8c3dc491250ed14","sha1":"71e857b04982c68636b53a0c459f5811d1476aa1","sha256":"c9e1d0233d00d71de30d43e7b22ccfebc9ea14b41288fde31f2bfbd710aa5ae5"},"dob":{"date":"1999-05-12T12:22:46.607Z","age":25},"registered":{"date":"2003-09-27T19:18:46.631Z","age":20},"phone":"(540) 623-5818","cell":"(823) 880-5376","id":{"name":"SSN","value":"711-83-9357"},"picture":{"large":"https://randomuser.me/api/portraits/women/0.jpg","medium":"https://randomuser.me/api/portraits/med/women/0.jpg","thumbnail":"https://randomuser.me/api/portraits/thumb/women/0.jpg"},"nat":"US"}],"info":{"seed":"300824bbb4547318","results":1,"page":1,"version":"1.4"}} 
 </msg>
<msg time="2024-08-03T15:15:11.324531" level="INFO">/opt/hostedtoolcache/Python/3.12.4/x64/lib/python3.12/site-packages/urllib3/connectionpool.py:1099: InsecureRequestWarning: Unverified HTTPS request is being made to host 'randomuser.me'. Adding certificate verification is strongly advised. See: https://urllib3.readthedocs.io/en/latest/advanced-usage.html#tls-warnings
  warnings.warn(</msg>
<msg time="2024-08-03T15:15:11.324654" level="INFO">${response} = &lt;Response [200]&gt;</msg>
<var>${response}</var>
<arg>consultarAPI</arg>
<arg>/api</arg>
<doc>Sends a GET request on a previously created HTTP Session.</doc>
<status status="PASS" start="2024-08-03T15:15:11.212582" elapsed="0.112110"/>
</kw>
<kw name="Set Variable" owner="BuiltIn">
<msg time="2024-08-03T15:15:11.325662" level="INFO">${json_data} = {'results': [{'gender': 'female', 'name': {'title': 'Ms', 'first': 'Jill', 'last': 'Thompson'}, 'location': {'street': {'number': 5612, 'name': 'Bollinger Rd'}, 'city': 'Shiloh', 'state': 'Massachuset...</msg>
<var>${json_data}</var>
<arg>${response.json()}</arg>
<doc>Returns the given values which can then be assigned to a variables.</doc>
<status status="PASS" start="2024-08-03T15:15:11.325160" elapsed="0.000531"/>
</kw>
<kw name="Set Variable" owner="BuiltIn">
<msg time="2024-08-03T15:15:11.326378" level="INFO">${name_title} = Ms</msg>
<var>${name_title}</var>
<arg>${json_data["results"][0]["name"]["title"]}</arg>
<doc>Returns the given values which can then be assigned to a variables.</doc>
<status status="PASS" start="2024-08-03T15:15:11.325995" elapsed="0.000408"/>
</kw>
<kw name="Create List" owner="BuiltIn">
<msg time="2024-08-03T15:15:11.326851" level="INFO">${allowed_titles} = ['Mr', 'Ms', 'Miss', 'Mrs', 'Madame', 'Monsieur']</msg>
<var>${allowed_titles}</var>
<arg>Mr</arg>
<arg>Ms</arg>
<arg>Miss</arg>
<arg>Mrs</arg>
<arg>Madame</arg>
<arg>Monsieur</arg>
<doc>Returns a list containing given items.</doc>
<status status="PASS" start="2024-08-03T15:15:11.326701" elapsed="0.000174"/>
</kw>
<kw name="List Should Contain Value" owner="Collections">
<arg>${allowed_titles}</arg>
<arg>${name_title}</arg>
<doc>Fails if the ``value`` is not found from ``list``.</doc>
<status status="PASS" start="2024-08-03T15:15:11.327173" elapsed="0.000215"/>
</kw>
<kw name="Set Variable" owner="BuiltIn">
<msg time="2024-08-03T15:15:11.327937" level="INFO">${name_country} = US</msg>
<var>${name_country}</var>
<arg>${json_data["results"][0]["nat"]}</arg>
<doc>Returns the given values which can then be assigned to a variables.</doc>
<status status="PASS" start="2024-08-03T15:15:11.327568" elapsed="0.000393"/>
</kw>
<kw name="Create List" owner="BuiltIn">
<msg time="2024-08-03T15:15:11.328844" level="INFO">${list_country} = ['AD', 'AE', 'AF', 'AG', 'AI', 'AL', 'AM', 'AO', 'AQ', 'AR', 'AS', 'AT', 'AU', 'AW', 'AX', 'AZ', 'BA', 'BB', 'BD', 'BE', 'BF', 'BG', 'BH', 'BI', 'BJ', 'BL', 'BM', 'BN', 'BO', 'BQ', 'BR', 'BS', 'BT', '...</msg>
<var>${list_country}</var>
<arg>AD</arg>
<arg>AE</arg>
<arg>AF</arg>
<arg>AG</arg>
<arg>AI</arg>
<arg>AL</arg>
<arg>AM</arg>
<arg>AO</arg>
<arg>AQ</arg>
<arg>AR</arg>
<arg>AS</arg>
<arg>AT</arg>
<arg>AU</arg>
<arg>AW</arg>
<arg>AX</arg>
<arg>AZ</arg>
<arg>BA</arg>
<arg>BB</arg>
<arg>BD</arg>
<arg>BE</arg>
<arg>BF</arg>
<arg>BG</arg>
<arg>BH</arg>
<arg>BI</arg>
<arg>BJ</arg>
<arg>BL</arg>
<arg>BM</arg>
<arg>BN</arg>
<arg>BO</arg>
<arg>BQ</arg>
<arg>BR</arg>
<arg>BS</arg>
<arg>BT</arg>
<arg>BV</arg>
<arg>BW</arg>
<arg>BY</arg>
<arg>BZ</arg>
<arg>CA</arg>
<arg>CC</arg>
<arg>CD</arg>
<arg>CF</arg>
<arg>CG</arg>
<arg>CH</arg>
<arg>CI</arg>
<arg>CK</arg>
<arg>CL</arg>
<arg>CM</arg>
<arg>CN</arg>
<arg>CO</arg>
<arg>CR</arg>
<arg>CU</arg>
<arg>CV</arg>
<arg>CW</arg>
<arg>CX</arg>
<arg>CY</arg>
<arg>CZ</arg>
<arg>DE</arg>
<arg>DJ</arg>
<arg>DK</arg>
<arg>DM</arg>
<arg>DO</arg>
<arg>DZ</arg>
<arg>EC</arg>
<arg>EE</arg>
<arg>EG</arg>
<arg>EH</arg>
<arg>ER</arg>
<arg>ES</arg>
<arg>ET</arg>
<arg>FI</arg>
<arg>FJ</arg>
<arg>FK</arg>
<arg>FM</arg>
<arg>FO</arg>
<arg>FR</arg>
<arg>GA</arg>
<arg>GB</arg>
<arg>GD</arg>
<arg>GE</arg>
<arg>GF</arg>
<arg>GG</arg>
<arg>GH</arg>
<arg>GI</arg>
<arg>GL</arg>
<arg>GM</arg>
<arg>GN</arg>
<arg>GP</arg>
<arg>GQ</arg>
<arg>GR</arg>
<arg>GS</arg>
<arg>GT</arg>
<arg>GU</arg>
<arg>GW</arg>
<arg>GY</arg>
<arg>HK</arg>
<arg>HM</arg>
<arg>HN</arg>
<arg>HR</arg>
<arg>HT</arg>
<arg>HU</arg>
<arg>ID</arg>
<arg>IE</arg>
<arg>IL</arg>
<arg>IM</arg>
<arg>IN</arg>
<arg>IO</arg>
<arg>IQ</arg>
<arg>IR</arg>
<arg>IS</arg>
<arg>IT</arg>
<arg>JE</arg>
<arg>JM</arg>
<arg>JO</arg>
<arg>JP</arg>
<arg>KE</arg>
<arg>KG</arg>
<arg>KH</arg>
<arg>KI</arg>
<arg>KM</arg>
<arg>KN</arg>
<arg>KP</arg>
<arg>KR</arg>
<arg>KW</arg>
<arg>KY</arg>
<arg>KZ</arg>
<arg>LA</arg>
<arg>LB</arg>
<arg>LC</arg>
<arg>LI</arg>
<arg>LK</arg>
<arg>LR</arg>
<arg>LS</arg>
<arg>LT</arg>
<arg>LU</arg>
<arg>LV</arg>
<arg>LY</arg>
<arg>MA</arg>
<arg>MC</arg>
<arg>MD</arg>
<arg>ME</arg>
<arg>MF</arg>
<arg>MG</arg>
<arg>MH</arg>
<arg>MK</arg>
<arg>ML</arg>
<arg>MM</arg>
<arg>MN</arg>
<arg>MO</arg>
<arg>MP</arg>
<arg>MQ</arg>
<arg>MR</arg>
<arg>MS</arg>
<arg>MT</arg>
<arg>MU</arg>
<arg>MV</arg>
<arg>MW</arg>
<arg>MX</arg>
<arg>MY</arg>
<arg>MZ</arg>
<arg>NA</arg>
<arg>NC</arg>
<arg>NE</arg>
<arg>NF</arg>
<arg>NG</arg>
<arg>NI</arg>
<arg>NL</arg>
<arg>NO</arg>
<arg>NP</arg>
<arg>NR</arg>
<arg>NU</arg>
<arg>NZ</arg>
<arg>OM</arg>
<arg>PA</arg>
<arg>PE</arg>
<arg>PF</arg>
<arg>PG</arg>
<arg>PH</arg>
<arg>PK</arg>
<arg>PL</arg>
<arg>PM</arg>
<arg>PN</arg>
<arg>PR</arg>
<arg>PS</arg>
<arg>PT</arg>
<arg>PW</arg>
<arg>PY</arg>
<arg>QA</arg>
<arg>RE</arg>
<arg>RO</arg>
<arg>RS</arg>
<arg>RU</arg>
<arg>RW</arg>
<arg>SA</arg>
<arg>SB</arg>
<arg>SC</arg>
<arg>SD</arg>
<arg>SE</arg>
<arg>SG</arg>
<arg>SH</arg>
<arg>SI</arg>
<arg>SJ</arg>
<arg>SK</arg>
<arg>SL</arg>
<arg>SM</arg>
<arg>SN</arg>
<arg>SO</arg>
<arg>SR</arg>
<arg>SS</arg>
<arg>ST</arg>
<arg>SV</arg>
<arg>SX</arg>
<arg>SY</arg>
<arg>SZ</arg>
<arg>TC</arg>
<arg>TD</arg>
<arg>TF</arg>
<arg>TG</arg>
<arg>TH</arg>
<arg>TJ</arg>
<arg>TK</arg>
<arg>TL</arg>
<arg>TM</arg>
<arg>TN</arg>
<arg>TO</arg>
<arg>TR</arg>
<arg>TT</arg>
<arg>TV</arg>
<arg>TW</arg>
<arg>TZ</arg>
<arg>UA</arg>
<arg>UG</arg>
<arg>UM</arg>
<arg>US</arg>
<arg>UY</arg>
<arg>UZ</arg>
<arg>VA</arg>
<arg>VC</arg>
<arg>VE</arg>
<arg>VG</arg>
<arg>VI</arg>
<arg>VN</arg>
<arg>VU</arg>
<arg>WF</arg>
<arg>WS</arg>
<arg>XK</arg>
<arg>YE</arg>
<arg>YT</arg>
<arg>ZA</arg>
<arg>ZM</arg>
<arg>ZW</arg>
<doc>Returns a list containing given items.</doc>
<status status="PASS" start="2024-08-03T15:15:11.328249" elapsed="0.000621"/>
</kw>
<kw name="List Should Contain Value" owner="Collections">
<arg>${list_country}</arg>
<arg>${name_country}</arg>
<doc>Fails if the ``value`` is not found from ``list``.</doc>
<status status="PASS" start="2024-08-03T15:15:11.329851" elapsed="0.000211"/>
</kw>
<kw name="Run Keyword If" owner="BuiltIn">
<kw name="Should Be True" owner="BuiltIn">
<arg>${True}</arg>
<doc>Fails if the given condition is not true.</doc>
<status status="PASS" start="2024-08-03T15:15:11.331007" elapsed="0.000142"/>
</kw>
<arg>${json_data["results"][0]["location"]["coordinates"]["latitude"]} &gt;= -90 and ${json_data["results"][0]["location"]["coordinates"]["latitude"]} &lt;= 90</arg>
<arg>Should Be True</arg>
<arg>${True}</arg>
<doc>Runs the given keyword with the given arguments, if ``condition`` is true.</doc>
<status status="PASS" start="2024-08-03T15:15:11.330260" elapsed="0.001032"/>
</kw>
<kw name="Run Keyword If" owner="BuiltIn">
<kw name="Should Be True" owner="BuiltIn">
<arg>${True}</arg>
<doc>Fails if the given condition is not true.</doc>
<status status="PASS" start="2024-08-03T15:15:11.332177" elapsed="0.000137"/>
</kw>
<arg>${json_data["results"][0]["location"]["coordinates"]["longitude"]} &gt;= -180 and ${json_data["results"][0]["location"]["coordinates"]["longitude"]} &lt;= 180</arg>
<arg>Should Be True</arg>
<arg>${True}</arg>
<doc>Runs the given keyword with the given arguments, if ``condition`` is true.</doc>
<status status="PASS" start="2024-08-03T15:15:11.331473" elapsed="0.000964"/>
</kw>
<status status="PASS" start="2024-08-03T15:15:11.212208" elapsed="0.120360"/>
</kw>
<doc>Testa o conteúdo específico dos campos retornados pela API.</doc>
<tag>testeConteudo</tag>
<status status="PASS" start="2024-08-03T15:15:11.211559" elapsed="0.121162"/>
</test>
<status status="PASS" start="2024-08-03T15:15:10.062475" elapsed="1.272161"/>
</suite>
<status status="PASS" start="2024-08-03T15:15:10.047842" elapsed="1.291859"/>
</suite>
<statistics>
<total>
<stat pass="5" fail="0" skip="0">All Tests</stat>
</total>
<tag>
<stat pass="1" fail="0" skip="0">testeConteudo</stat>
<stat pass="1" fail="0" skip="0">testeEstruturaResposta</stat>
<stat pass="1" fail="0" skip="0">testeRequisicaoBasica</stat>
<stat pass="1" fail="0" skip="0">testeTiposDados</stat>
</tag>
<suite>
<stat pass="5" fail="0" skip="0" id="s1" name="Tests">Tests</stat>
<stat pass="5" fail="0" skip="0" id="s1-s1" name="Random-User-Test">Tests.Random-User-Test</stat>
</suite>
</statistics>
<errors>
</errors>
</robot>
