<?xml version="1.0" encoding="UTF-8"?>
<robot generator="Robot 7.0.1 (Python 3.12.3 on linux)" generated="2024-06-12T07:14:19.515730" rpa="false" schemaversion="5">
<suite id="s1" name="Tests" source="/home/runner/work/ApiRandomUser/ApiRandomUser/RamdonUser/tests">
<suite id="s1-s1" name="Random-User-Test" source="/home/runner/work/ApiRandomUser/ApiRandomUser/RamdonUser/tests/random-user-test.robot">
<test id="s1-s1-t1" name="Conectar" line="13">
<kw name="Conectar API" owner="random-user-service">
<kw name="Create Session" owner="RequestsLibrary">
<msg time="2024-06-12T07:14:19.940194" level="INFO">Creating Session using : alias=consultarAPI, url=https://randomuser.me/, headers={},                     cookies={}, auth=None, timeout=None, proxies=None, verify=False,                     debug=0 </msg>
<arg>consultarAPI</arg>
<arg>${URL}</arg>
<doc>Create Session: create a HTTP session to a server</doc>
<status status="PASS" start="2024-06-12T07:14:19.939992" elapsed="0.000382"/>
</kw>
<status status="PASS" start="2024-06-12T07:14:19.938924" elapsed="0.001800"/>
</kw>
<status status="PASS" start="2024-06-12T07:14:19.938340" elapsed="0.002575"/>
</test>
<test id="s1-s1-t2" name="Validar retorno 200 e JSON Válido" line="16">
<kw name="Teste de Requisicao Basica" owner="random-user-service">
<kw name="GET On Session" owner="RequestsLibrary">
<msg time="2024-06-12T07:14:20.067226" level="INFO">GET Request : url=https://randomuser.me/api 
 path_url=/api 
 headers={'User-Agent': 'python-requests/2.32.3', 'Accept-Encoding': 'gzip, deflate', 'Accept': '*/*', 'Connection': 'keep-alive'} 
 body=None 
 </msg>
<msg time="2024-06-12T07:14:20.067381" level="INFO">GET Response : url=https://randomuser.me/api 
 status=200, reason=OK 
 headers={'Date': 'Wed, 12 Jun 2024 07:14:20 GMT', 'Content-Type': 'application/json; charset=utf-8', 'Transfer-Encoding': 'chunked', 'Connection': 'keep-alive', 'X-Powered-By': 'Express', 'Access-Control-Allow-Origin': '*', 'Cache-Control': 'no-cache', 'ETag': 'W/"4af-gglNDvsdM4MxU0Sio6+Y/qUxPps"', 'Vary': 'Accept-Encoding', 'Content-Encoding': 'gzip', 'CF-Cache-Status': 'DYNAMIC', 'Report-To': '{"endpoints":[{"url":"https:\\/\\/a.nel.cloudflare.com\\/report\\/v4?s=Z6rbo23kXtfPQ6o4i7meapEtBYRD%2FNRQkpLUz1takf9QUmmh44dCYcE12xHHFanPMdfnPyjxyUCdHlYRt4yMi6uU3qVLSlTEHw6Jf98haE4CKBXY4aUQ4G%2FzhzzPA%2B4I"}],"group":"cf-nel","max_age":604800}', 'NEL': '{"success_fraction":0,"report_to":"cf-nel","max_age":604800}', 'Server': 'cloudflare', 'CF-RAY': '89280b1ad861ce40-SJC', 'alt-svc': 'h3=":443"; ma=86400'} 
 body={"results":[{"gender":"female","name":{"title":"Mademoiselle","first":"Diana","last":"Le Gall"},"location":{"street":{"number":7107,"name":"Rue Jean-Baldassini"},"city":"Bözberg","state":"Fribourg","country":"Switzerland","postcode":3484,"coordinates":{"latitude":"-57.7336","longitude":"101.5934"},"timezone":{"offset":"+10:00","description":"Eastern Australia, Guam, Vladivostok"}},"email":"diana.legall@example.com","login":{"uuid":"378fbe14-eb3d-44ff-80d9-8f1bc6435a7d","username":"organiclion994","password":"steel","salt":"Sm2q70Wb","md5":"5e4c4fe5a3eeb2c9847db77bc7f726f1","sha1":"e5763e953412dccd6286bc4bf976211823923764","sha256":"5c09bf8851ecc0c5293a3b6525589a071585b23ec7046475809edf145ba74279"},"dob":{"date":"1948-12-21T12:00:07.158Z","age":75},"registered":{"date":"2016-06-15T20:15:06.200Z","age":7},"phone":"076 364 89 88","cell":"078 325 47 90","id":{"name":"AVS","value":"756.8750.6099.08"},"picture":{"large":"https://randomuser.me/api/portraits/women/72.jpg","medium":"https://randomuser.me/api/portraits/med/women/72.jpg","thumbnail":"https://randomuser.me/api/portraits/thumb/women/72.jpg"},"nat":"CH"}],"info":{"seed":"747da09d0e651c3a","results":1,"page":1,"version":"1.4"}} 
 </msg>
<msg time="2024-06-12T07:14:20.067470" level="INFO">/opt/hostedtoolcache/Python/3.12.3/x64/lib/python3.12/site-packages/urllib3/connectionpool.py:1103: InsecureRequestWarning: Unverified HTTPS request is being made to host 'randomuser.me'. Adding certificate verification is strongly advised. See: https://urllib3.readthedocs.io/en/latest/advanced-usage.html#tls-warnings
  warnings.warn(</msg>
<msg time="2024-06-12T07:14:20.067641" level="INFO">${response} = &lt;Response [200]&gt;</msg>
<var>${response}</var>
<arg>consultarAPI</arg>
<arg>/api</arg>
<doc>Sends a GET request on a previously created HTTP Session.</doc>
<status status="PASS" start="2024-06-12T07:14:19.943527" elapsed="0.124156"/>
</kw>
<kw name="Should Be Equal As Numbers" owner="BuiltIn">
<msg time="2024-06-12T07:14:20.068585" level="INFO">Argument types are:
&lt;class 'int'&gt;
&lt;class 'str'&gt;</msg>
<arg>${response.status_code}</arg>
<arg>200</arg>
<doc>Fails if objects are unequal after converting them to real numbers.</doc>
<status status="PASS" start="2024-06-12T07:14:20.068160" elapsed="0.000487"/>
</kw>
<kw name="Log" owner="BuiltIn">
<msg time="2024-06-12T07:14:20.069296" level="INFO">200</msg>
<arg>${response.status_code}</arg>
<doc>Logs the given message with the given level.</doc>
<status status="PASS" start="2024-06-12T07:14:20.068956" elapsed="0.000393"/>
</kw>
<kw name="Set Variable" owner="BuiltIn">
<msg time="2024-06-12T07:14:20.070093" level="INFO">${json_data} = {'results': [{'gender': 'female', 'name': {'title': 'Mademoiselle', 'first': 'Diana', 'last': 'Le Gall'}, 'location': {'street': {'number': 7107, 'name': 'Rue Jean-Baldassini'}, 'city': 'Bözberg', 'st...</msg>
<var>${json_data}</var>
<arg>${response.json()}</arg>
<doc>Returns the given values which can then be assigned to a variables.</doc>
<status status="PASS" start="2024-06-12T07:14:20.069654" elapsed="0.000469"/>
</kw>
<kw name="Dictionary Should Contain Key" owner="Collections">
<arg>${json_data}</arg>
<arg>results</arg>
<doc>Fails if ``key`` is not found from ``dictionary``.</doc>
<status status="PASS" start="2024-06-12T07:14:20.070422" elapsed="0.000166"/>
</kw>
<status status="PASS" start="2024-06-12T07:14:19.943289" elapsed="0.127445"/>
</kw>
<doc>Testa se a API responde corretamente e retorna um objeto JSON válido.</doc>
<tag>testeRequisicaoBasica</tag>
<status status="PASS" start="2024-06-12T07:14:19.942772" elapsed="0.128130"/>
</test>
<test id="s1-s1-t3" name="Validar estrutura de resposta" line="22">
<kw name="Teste de Estrutura de Resposta" owner="random-user-service">
<kw name="GET On Session" owner="RequestsLibrary">
<msg time="2024-06-12T07:14:20.187102" level="INFO">GET Request : url=https://randomuser.me/api 
 path_url=/api 
 headers={'User-Agent': 'python-requests/2.32.3', 'Accept-Encoding': 'gzip, deflate', 'Accept': '*/*', 'Connection': 'keep-alive'} 
 body=None 
 </msg>
<msg time="2024-06-12T07:14:20.187188" level="INFO">GET Response : url=https://randomuser.me/api 
 status=200, reason=OK 
 headers={'Date': 'Wed, 12 Jun 2024 07:14:20 GMT', 'Content-Type': 'application/json; charset=utf-8', 'Transfer-Encoding': 'chunked', 'Connection': 'keep-alive', 'X-Powered-By': 'Express', 'Access-Control-Allow-Origin': '*', 'Cache-Control': 'no-cache', 'ETag': 'W/"46f-BcKjRRcPoBqezgWFcFzSIqBVMdU"', 'Vary': 'Accept-Encoding', 'Content-Encoding': 'gzip', 'CF-Cache-Status': 'DYNAMIC', 'Report-To': '{"endpoints":[{"url":"https:\\/\\/a.nel.cloudflare.com\\/report\\/v4?s=5MFD%2FitkjBD4%2FlICnMWsirLZWlOgwsGHph%2Bd66aUFoePj6rjh7ynqxtsCI2P1bZUItMLudZ0b4i5q%2FNnbV7iAoe2Z2KRZHi6fTWAs0%2BIib1u3fZ38Xusn7uegQPsaYNd"}],"group":"cf-nel","max_age":604800}', 'NEL': '{"success_fraction":0,"report_to":"cf-nel","max_age":604800}', 'Server': 'cloudflare', 'CF-RAY': '89280b1b78e2ce40-SJC', 'alt-svc': 'h3=":443"; ma=86400'} 
 body={"results":[{"gender":"male","name":{"title":"Mr","first":"Patrick","last":"Wright"},"location":{"street":{"number":4803,"name":"Montreal Street"},"city":"Hamilton","state":"Southland","country":"New Zealand","postcode":40838,"coordinates":{"latitude":"49.9973","longitude":"-162.0949"},"timezone":{"offset":"-10:00","description":"Hawaii"}},"email":"patrick.wright@example.com","login":{"uuid":"df1784a5-64a7-4a48-8317-af3dda45b4f1","username":"bigkoala716","password":"celeb","salt":"ytODOqIs","md5":"5970f55c8c8601c7f5a2d5f6635067b0","sha1":"92512df79a930a3cc91189354a0738ebcc6edd71","sha256":"6feb344699bc31abc02bf0a3cc2231f58726ca1df55b55f7543006b2eff6d3b1"},"dob":{"date":"2000-03-31T02:22:19.419Z","age":24},"registered":{"date":"2006-08-01T11:05:11.731Z","age":17},"phone":"(862)-372-9140","cell":"(865)-815-3527","id":{"name":"","value":null},"picture":{"large":"https://randomuser.me/api/portraits/men/87.jpg","medium":"https://randomuser.me/api/portraits/med/men/87.jpg","thumbnail":"https://randomuser.me/api/portraits/thumb/men/87.jpg"},"nat":"NZ"}],"info":{"seed":"368bdc738e2c7e8f","results":1,"page":1,"version":"1.4"}} 
 </msg>
<msg time="2024-06-12T07:14:20.187325" level="INFO">/opt/hostedtoolcache/Python/3.12.3/x64/lib/python3.12/site-packages/urllib3/connectionpool.py:1103: InsecureRequestWarning: Unverified HTTPS request is being made to host 'randomuser.me'. Adding certificate verification is strongly advised. See: https://urllib3.readthedocs.io/en/latest/advanced-usage.html#tls-warnings
  warnings.warn(</msg>
<msg time="2024-06-12T07:14:20.187488" level="INFO">${response} = &lt;Response [200]&gt;</msg>
<var>${response}</var>
<arg>consultarAPI</arg>
<arg>/api</arg>
<doc>Sends a GET request on a previously created HTTP Session.</doc>
<status status="PASS" start="2024-06-12T07:14:20.073608" elapsed="0.113931"/>
</kw>
<kw name="Set Variable" owner="BuiltIn">
<msg time="2024-06-12T07:14:20.188427" level="INFO">${json_data} = {'results': [{'gender': 'male', 'name': {'title': 'Mr', 'first': 'Patrick', 'last': 'Wright'}, 'location': {'street': {'number': 4803, 'name': 'Montreal Street'}, 'city': 'Hamilton', 'state': 'Southla...</msg>
<var>${json_data}</var>
<arg>${response.json()}</arg>
<doc>Returns the given values which can then be assigned to a variables.</doc>
<status status="PASS" start="2024-06-12T07:14:20.187981" elapsed="0.000474"/>
</kw>
<kw name="Log" owner="BuiltIn">
<msg time="2024-06-12T07:14:20.188916" level="INFO">{'results': [{'gender': 'male', 'name': {'title': 'Mr', 'first': 'Patrick', 'last': 'Wright'}, 'location': {'street': {'number': 4803, 'name': 'Montreal Street'}, 'city': 'Hamilton', 'state': 'Southland', 'country': 'New Zealand', 'postcode': 40838, 'coordinates': {'latitude': '49.9973', 'longitude': '-162.0949'}, 'timezone': {'offset': '-10:00', 'description': 'Hawaii'}}, 'email': 'patrick.wright@example.com', 'login': {'uuid': 'df1784a5-64a7-4a48-8317-af3dda45b4f1', 'username': 'bigkoala716', 'password': 'celeb', 'salt': 'ytODOqIs', 'md5': '5970f55c8c8601c7f5a2d5f6635067b0', 'sha1': '92512df79a930a3cc91189354a0738ebcc6edd71', 'sha256': '6feb344699bc31abc02bf0a3cc2231f58726ca1df55b55f7543006b2eff6d3b1'}, 'dob': {'date': '2000-03-31T02:22:19.419Z', 'age': 24}, 'registered': {'date': '2006-08-01T11:05:11.731Z', 'age': 17}, 'phone': '(862)-372-9140', 'cell': '(865)-815-3527', 'id': {'name': '', 'value': None}, 'picture': {'large': 'https://randomuser.me/api/portraits/men/87.jpg', 'medium': 'https://randomuser.me/api/portraits/med/men/87.jpg', 'thumbnail': 'https://randomuser.me/api/portraits/thumb/men/87.jpg'}, 'nat': 'NZ'}], 'info': {'seed': '368bdc738e2c7e8f', 'results': 1, 'page': 1, 'version': '1.4'}}</msg>
<arg>${json_data}</arg>
<doc>Logs the given message with the given level.</doc>
<status status="PASS" start="2024-06-12T07:14:20.188760" elapsed="0.000200"/>
</kw>
<kw name="Dictionary Should Contain Key" owner="Collections">
<arg>${json_data}</arg>
<arg>results</arg>
<doc>Fails if ``key`` is not found from ``dictionary``.</doc>
<status status="PASS" start="2024-06-12T07:14:20.189253" elapsed="0.000155"/>
</kw>
<kw name="Should Not Be Empty" owner="BuiltIn">
<msg time="2024-06-12T07:14:20.189711" level="INFO">Length is 2.</msg>
<arg>${json_data}</arg>
<doc>Verifies that the given item is not empty.</doc>
<status status="PASS" start="2024-06-12T07:14:20.189588" elapsed="0.000161"/>
</kw>
<kw name="Create List" owner="BuiltIn">
<msg time="2024-06-12T07:14:20.190181" level="INFO">${expected_keys} = ['gender', 'name', 'location', 'email', 'login']</msg>
<var>${expected_keys}</var>
<arg>gender</arg>
<arg>name</arg>
<arg>location</arg>
<arg>email</arg>
<arg>login</arg>
<doc>Returns a list containing given items.</doc>
<status status="PASS" start="2024-06-12T07:14:20.190035" elapsed="0.000170"/>
</kw>
<for flavor="IN">
<iter>
<kw name="Dictionary Should Contain Key" owner="Collections">
<arg>${json_data['results'][0]}</arg>
<arg>${key}</arg>
<doc>Fails if ``key`` is not found from ``dictionary``.</doc>
<status status="PASS" start="2024-06-12T07:14:20.190775" elapsed="0.000398"/>
</kw>
<kw name="Log" owner="BuiltIn">
<msg time="2024-06-12T07:14:20.191774" level="INFO">{'gender': 'male', 'name': {'title': 'Mr', 'first': 'Patrick', 'last': 'Wright'}, 'location': {'street': {'number': 4803, 'name': 'Montreal Street'}, 'city': 'Hamilton', 'state': 'Southland', 'country': 'New Zealand', 'postcode': 40838, 'coordinates': {'latitude': '49.9973', 'longitude': '-162.0949'}, 'timezone': {'offset': '-10:00', 'description': 'Hawaii'}}, 'email': 'patrick.wright@example.com', 'login': {'uuid': 'df1784a5-64a7-4a48-8317-af3dda45b4f1', 'username': 'bigkoala716', 'password': 'celeb', 'salt': 'ytODOqIs', 'md5': '5970f55c8c8601c7f5a2d5f6635067b0', 'sha1': '92512df79a930a3cc91189354a0738ebcc6edd71', 'sha256': '6feb344699bc31abc02bf0a3cc2231f58726ca1df55b55f7543006b2eff6d3b1'}, 'dob': {'date': '2000-03-31T02:22:19.419Z', 'age': 24}, 'registered': {'date': '2006-08-01T11:05:11.731Z', 'age': 17}, 'phone': '(862)-372-9140', 'cell': '(865)-815-3527', 'id': {'name': '', 'value': None}, 'picture': {'large': 'https://randomuser.me/api/portraits/men/87.jpg', 'medium': 'https://randomuser.me/api/portraits/med/men/87.jpg', 'thumbnail': 'https://randomuser.me/api/portraits/thumb/men/87.jpg'}, 'nat': 'NZ'}</msg>
<arg>${json_data['results'][0]}</arg>
<doc>Logs the given message with the given level.</doc>
<status status="PASS" start="2024-06-12T07:14:20.191362" elapsed="0.000462"/>
</kw>
<kw name="Log" owner="BuiltIn">
<msg time="2024-06-12T07:14:20.192251" level="INFO">gender</msg>
<arg>${key}</arg>
<doc>Logs the given message with the given level.</doc>
<status status="PASS" start="2024-06-12T07:14:20.192122" elapsed="0.000166"/>
</kw>
<var name="${key}">gender</var>
<status status="PASS" start="2024-06-12T07:14:20.190649" elapsed="0.001862"/>
</iter>
<iter>
<kw name="Dictionary Should Contain Key" owner="Collections">
<arg>${json_data['results'][0]}</arg>
<arg>${key}</arg>
<doc>Fails if ``key`` is not found from ``dictionary``.</doc>
<status status="PASS" start="2024-06-12T07:14:20.192816" elapsed="0.000389"/>
</kw>
<kw name="Log" owner="BuiltIn">
<msg time="2024-06-12T07:14:20.193738" level="INFO">{'gender': 'male', 'name': {'title': 'Mr', 'first': 'Patrick', 'last': 'Wright'}, 'location': {'street': {'number': 4803, 'name': 'Montreal Street'}, 'city': 'Hamilton', 'state': 'Southland', 'country': 'New Zealand', 'postcode': 40838, 'coordinates': {'latitude': '49.9973', 'longitude': '-162.0949'}, 'timezone': {'offset': '-10:00', 'description': 'Hawaii'}}, 'email': 'patrick.wright@example.com', 'login': {'uuid': 'df1784a5-64a7-4a48-8317-af3dda45b4f1', 'username': 'bigkoala716', 'password': 'celeb', 'salt': 'ytODOqIs', 'md5': '5970f55c8c8601c7f5a2d5f6635067b0', 'sha1': '92512df79a930a3cc91189354a0738ebcc6edd71', 'sha256': '6feb344699bc31abc02bf0a3cc2231f58726ca1df55b55f7543006b2eff6d3b1'}, 'dob': {'date': '2000-03-31T02:22:19.419Z', 'age': 24}, 'registered': {'date': '2006-08-01T11:05:11.731Z', 'age': 17}, 'phone': '(862)-372-9140', 'cell': '(865)-815-3527', 'id': {'name': '', 'value': None}, 'picture': {'large': 'https://randomuser.me/api/portraits/men/87.jpg', 'medium': 'https://randomuser.me/api/portraits/med/men/87.jpg', 'thumbnail': 'https://randomuser.me/api/portraits/thumb/men/87.jpg'}, 'nat': 'NZ'}</msg>
<arg>${json_data['results'][0]}</arg>
<doc>Logs the given message with the given level.</doc>
<status status="PASS" start="2024-06-12T07:14:20.193388" elapsed="0.000429"/>
</kw>
<kw name="Log" owner="BuiltIn">
<msg time="2024-06-12T07:14:20.194250" level="INFO">name</msg>
<arg>${key}</arg>
<doc>Logs the given message with the given level.</doc>
<status status="PASS" start="2024-06-12T07:14:20.194117" elapsed="0.000172"/>
</kw>
<var name="${key}">name</var>
<status status="PASS" start="2024-06-12T07:14:20.192698" elapsed="0.001809"/>
</iter>
<iter>
<kw name="Dictionary Should Contain Key" owner="Collections">
<arg>${json_data['results'][0]}</arg>
<arg>${key}</arg>
<doc>Fails if ``key`` is not found from ``dictionary``.</doc>
<status status="PASS" start="2024-06-12T07:14:20.194795" elapsed="0.000384"/>
</kw>
<kw name="Log" owner="BuiltIn">
<msg time="2024-06-12T07:14:20.195756" level="INFO">{'gender': 'male', 'name': {'title': 'Mr', 'first': 'Patrick', 'last': 'Wright'}, 'location': {'street': {'number': 4803, 'name': 'Montreal Street'}, 'city': 'Hamilton', 'state': 'Southland', 'country': 'New Zealand', 'postcode': 40838, 'coordinates': {'latitude': '49.9973', 'longitude': '-162.0949'}, 'timezone': {'offset': '-10:00', 'description': 'Hawaii'}}, 'email': 'patrick.wright@example.com', 'login': {'uuid': 'df1784a5-64a7-4a48-8317-af3dda45b4f1', 'username': 'bigkoala716', 'password': 'celeb', 'salt': 'ytODOqIs', 'md5': '5970f55c8c8601c7f5a2d5f6635067b0', 'sha1': '92512df79a930a3cc91189354a0738ebcc6edd71', 'sha256': '6feb344699bc31abc02bf0a3cc2231f58726ca1df55b55f7543006b2eff6d3b1'}, 'dob': {'date': '2000-03-31T02:22:19.419Z', 'age': 24}, 'registered': {'date': '2006-08-01T11:05:11.731Z', 'age': 17}, 'phone': '(862)-372-9140', 'cell': '(865)-815-3527', 'id': {'name': '', 'value': None}, 'picture': {'large': 'https://randomuser.me/api/portraits/men/87.jpg', 'medium': 'https://randomuser.me/api/portraits/med/men/87.jpg', 'thumbnail': 'https://randomuser.me/api/portraits/thumb/men/87.jpg'}, 'nat': 'NZ'}</msg>
<arg>${json_data['results'][0]}</arg>
<doc>Logs the given message with the given level.</doc>
<status status="PASS" start="2024-06-12T07:14:20.195367" elapsed="0.000437"/>
</kw>
<kw name="Log" owner="BuiltIn">
<msg time="2024-06-12T07:14:20.196228" level="INFO">location</msg>
<arg>${key}</arg>
<doc>Logs the given message with the given level.</doc>
<status status="PASS" start="2024-06-12T07:14:20.196100" elapsed="0.000165"/>
</kw>
<var name="${key}">location</var>
<status status="PASS" start="2024-06-12T07:14:20.194686" elapsed="0.001801"/>
</iter>
<iter>
<kw name="Dictionary Should Contain Key" owner="Collections">
<arg>${json_data['results'][0]}</arg>
<arg>${key}</arg>
<doc>Fails if ``key`` is not found from ``dictionary``.</doc>
<status status="PASS" start="2024-06-12T07:14:20.196762" elapsed="0.000377"/>
</kw>
<kw name="Log" owner="BuiltIn">
<msg time="2024-06-12T07:14:20.197670" level="INFO">{'gender': 'male', 'name': {'title': 'Mr', 'first': 'Patrick', 'last': 'Wright'}, 'location': {'street': {'number': 4803, 'name': 'Montreal Street'}, 'city': 'Hamilton', 'state': 'Southland', 'country': 'New Zealand', 'postcode': 40838, 'coordinates': {'latitude': '49.9973', 'longitude': '-162.0949'}, 'timezone': {'offset': '-10:00', 'description': 'Hawaii'}}, 'email': 'patrick.wright@example.com', 'login': {'uuid': 'df1784a5-64a7-4a48-8317-af3dda45b4f1', 'username': 'bigkoala716', 'password': 'celeb', 'salt': 'ytODOqIs', 'md5': '5970f55c8c8601c7f5a2d5f6635067b0', 'sha1': '92512df79a930a3cc91189354a0738ebcc6edd71', 'sha256': '6feb344699bc31abc02bf0a3cc2231f58726ca1df55b55f7543006b2eff6d3b1'}, 'dob': {'date': '2000-03-31T02:22:19.419Z', 'age': 24}, 'registered': {'date': '2006-08-01T11:05:11.731Z', 'age': 17}, 'phone': '(862)-372-9140', 'cell': '(865)-815-3527', 'id': {'name': '', 'value': None}, 'picture': {'large': 'https://randomuser.me/api/portraits/men/87.jpg', 'medium': 'https://randomuser.me/api/portraits/med/men/87.jpg', 'thumbnail': 'https://randomuser.me/api/portraits/thumb/men/87.jpg'}, 'nat': 'NZ'}</msg>
<arg>${json_data['results'][0]}</arg>
<doc>Logs the given message with the given level.</doc>
<status status="PASS" start="2024-06-12T07:14:20.197318" elapsed="0.000409"/>
</kw>
<kw name="Log" owner="BuiltIn">
<msg time="2024-06-12T07:14:20.198153" level="INFO">email</msg>
<arg>${key}</arg>
<doc>Logs the given message with the given level.</doc>
<status status="PASS" start="2024-06-12T07:14:20.198025" elapsed="0.000165"/>
</kw>
<var name="${key}">email</var>
<status status="PASS" start="2024-06-12T07:14:20.196656" elapsed="0.001748"/>
</iter>
<iter>
<kw name="Dictionary Should Contain Key" owner="Collections">
<arg>${json_data['results'][0]}</arg>
<arg>${key}</arg>
<doc>Fails if ``key`` is not found from ``dictionary``.</doc>
<status status="PASS" start="2024-06-12T07:14:20.198682" elapsed="0.000380"/>
</kw>
<kw name="Log" owner="BuiltIn">
<msg time="2024-06-12T07:14:20.199620" level="INFO">{'gender': 'male', 'name': {'title': 'Mr', 'first': 'Patrick', 'last': 'Wright'}, 'location': {'street': {'number': 4803, 'name': 'Montreal Street'}, 'city': 'Hamilton', 'state': 'Southland', 'country': 'New Zealand', 'postcode': 40838, 'coordinates': {'latitude': '49.9973', 'longitude': '-162.0949'}, 'timezone': {'offset': '-10:00', 'description': 'Hawaii'}}, 'email': 'patrick.wright@example.com', 'login': {'uuid': 'df1784a5-64a7-4a48-8317-af3dda45b4f1', 'username': 'bigkoala716', 'password': 'celeb', 'salt': 'ytODOqIs', 'md5': '5970f55c8c8601c7f5a2d5f6635067b0', 'sha1': '92512df79a930a3cc91189354a0738ebcc6edd71', 'sha256': '6feb344699bc31abc02bf0a3cc2231f58726ca1df55b55f7543006b2eff6d3b1'}, 'dob': {'date': '2000-03-31T02:22:19.419Z', 'age': 24}, 'registered': {'date': '2006-08-01T11:05:11.731Z', 'age': 17}, 'phone': '(862)-372-9140', 'cell': '(865)-815-3527', 'id': {'name': '', 'value': None}, 'picture': {'large': 'https://randomuser.me/api/portraits/men/87.jpg', 'medium': 'https://randomuser.me/api/portraits/med/men/87.jpg', 'thumbnail': 'https://randomuser.me/api/portraits/thumb/men/87.jpg'}, 'nat': 'NZ'}</msg>
<arg>${json_data['results'][0]}</arg>
<doc>Logs the given message with the given level.</doc>
<status status="PASS" start="2024-06-12T07:14:20.199247" elapsed="0.000427"/>
</kw>
<kw name="Log" owner="BuiltIn">
<msg time="2024-06-12T07:14:20.200225" level="INFO">login</msg>
<arg>${key}</arg>
<doc>Logs the given message with the given level.</doc>
<status status="PASS" start="2024-06-12T07:14:20.199980" elapsed="0.000284"/>
</kw>
<var name="${key}">login</var>
<status status="PASS" start="2024-06-12T07:14:20.198575" elapsed="0.001908"/>
</iter>
<var>${key}</var>
<value>@{expected_keys}</value>
<status status="PASS" start="2024-06-12T07:14:20.190465" elapsed="0.010139"/>
</for>
<kw name="Create List" owner="BuiltIn">
<msg time="2024-06-12T07:14:20.200930" level="INFO">${expected_keysTwo} = ['username', 'password']</msg>
<var>${expected_keysTwo}</var>
<arg>username</arg>
<arg>password</arg>
<doc>Returns a list containing given items.</doc>
<status status="PASS" start="2024-06-12T07:14:20.200795" elapsed="0.000158"/>
</kw>
<for flavor="IN">
<iter>
<kw name="Dictionary Should Contain Key" owner="Collections">
<arg>${json_data['results'][0]['login']}</arg>
<arg>${keyTwo}</arg>
<doc>Fails if ``key`` is not found from ``dictionary``.</doc>
<status status="PASS" start="2024-06-12T07:14:20.201477" elapsed="0.000381"/>
</kw>
<kw name="Dictionary Should Contain Key" owner="Collections">
<arg>${json_data['results'][0]['login']}</arg>
<arg>${keyTwo}</arg>
<doc>Fails if ``key`` is not found from ``dictionary``.</doc>
<status status="PASS" start="2024-06-12T07:14:20.202040" elapsed="0.000371"/>
</kw>
<kw name="Log" owner="BuiltIn">
<msg time="2024-06-12T07:14:20.202713" level="INFO">username</msg>
<arg>${keyTwo}</arg>
<doc>Logs the given message with the given level.</doc>
<status status="PASS" start="2024-06-12T07:14:20.202591" elapsed="0.000159"/>
</kw>
<var name="${keyTwo}">username</var>
<status status="PASS" start="2024-06-12T07:14:20.201369" elapsed="0.001610"/>
</iter>
<iter>
<kw name="Dictionary Should Contain Key" owner="Collections">
<arg>${json_data['results'][0]['login']}</arg>
<arg>${keyTwo}</arg>
<doc>Fails if ``key`` is not found from ``dictionary``.</doc>
<status status="PASS" start="2024-06-12T07:14:20.203266" elapsed="0.000404"/>
</kw>
<kw name="Dictionary Should Contain Key" owner="Collections">
<arg>${json_data['results'][0]['login']}</arg>
<arg>${keyTwo}</arg>
<doc>Fails if ``key`` is not found from ``dictionary``.</doc>
<status status="PASS" start="2024-06-12T07:14:20.203848" elapsed="0.000370"/>
</kw>
<kw name="Log" owner="BuiltIn">
<msg time="2024-06-12T07:14:20.204516" level="INFO">password</msg>
<arg>${keyTwo}</arg>
<doc>Logs the given message with the given level.</doc>
<status status="PASS" start="2024-06-12T07:14:20.204396" elapsed="0.000156"/>
</kw>
<var name="${keyTwo}">password</var>
<status status="PASS" start="2024-06-12T07:14:20.203159" elapsed="0.001613"/>
</iter>
<var>${keyTwo}</var>
<value>@{expected_keysTwo}</value>
<status status="PASS" start="2024-06-12T07:14:20.201214" elapsed="0.003681"/>
</for>
<status status="PASS" start="2024-06-12T07:14:20.073380" elapsed="0.131652"/>
</kw>
<doc>Testa a estrutura da resposta da API.</doc>
<tag>testeEstruturaResposta</tag>
<status status="PASS" start="2024-06-12T07:14:20.072754" elapsed="0.132431"/>
</test>
<test id="s1-s1-t4" name="Validar tipos de dados" line="28">
<kw name="Teste de Tipos de Dados" owner="random-user-service">
<kw name="GET On Session" owner="RequestsLibrary">
<msg time="2024-06-12T07:14:20.300168" level="INFO">GET Request : url=https://randomuser.me/api 
 path_url=/api 
 headers={'User-Agent': 'python-requests/2.32.3', 'Accept-Encoding': 'gzip, deflate', 'Accept': '*/*', 'Connection': 'keep-alive'} 
 body=None 
 </msg>
<msg time="2024-06-12T07:14:20.300249" level="INFO">GET Response : url=https://randomuser.me/api 
 status=200, reason=OK 
 headers={'Date': 'Wed, 12 Jun 2024 07:14:20 GMT', 'Content-Type': 'application/json; charset=utf-8', 'Transfer-Encoding': 'chunked', 'Connection': 'keep-alive', 'X-Powered-By': 'Express', 'Access-Control-Allow-Origin': '*', 'Cache-Control': 'no-cache', 'ETag': 'W/"49d-VzFKSahrrbH6gU2KjVbxOb9N74Y"', 'Vary': 'Accept-Encoding', 'Content-Encoding': 'gzip', 'CF-Cache-Status': 'DYNAMIC', 'Report-To': '{"endpoints":[{"url":"https:\\/\\/a.nel.cloudflare.com\\/report\\/v4?s=uSuV2JRX5rgJCUwIqNt3ejdK4CbkvZSiCLsUGAESzA0Rv7XMCJaReh5mEMLgBfVn%2B1RydIK%2F568pj1CuJr1%2BFt2E3l5MHchl4Y9riZa1A9JCI6CgOB2hzigRNriHlzA5"}],"group":"cf-nel","max_age":604800}', 'NEL': '{"success_fraction":0,"report_to":"cf-nel","max_age":604800}', 'Server': 'cloudflare', 'CF-RAY': '89280b1c597bce40-SJC', 'alt-svc': 'h3=":443"; ma=86400'} 
 body={"results":[{"gender":"male","name":{"title":"Mr","first":"Brent","last":"Herrera"},"location":{"street":{"number":4691,"name":"Kingsway"},"city":"Chichester","state":"Lancashire","country":"United Kingdom","postcode":"CU8 7DR","coordinates":{"latitude":"-5.6842","longitude":"-48.8277"},"timezone":{"offset":"+9:00","description":"Tokyo, Seoul, Osaka, Sapporo, Yakutsk"}},"email":"brent.herrera@example.com","login":{"uuid":"16e75391-63a3-4cda-8f11-d73f19fa7c7d","username":"beautifulcat880","password":"yvette","salt":"zmPmVYNr","md5":"0d0d7b0906ad5bcdbec6ec64f46e13e3","sha1":"487a4582df0c60de78bd3b43ecfe47d5354b8a5e","sha256":"b8a5f7ab9be20f763e97ebe342be083819009cb590204cd18c4a19bc42abff02"},"dob":{"date":"1971-04-19T20:24:48.467Z","age":53},"registered":{"date":"2006-11-18T02:44:47.041Z","age":17},"phone":"017683 13100","cell":"07809 720102","id":{"name":"NINO","value":"WB 83 50 33 I"},"picture":{"large":"https://randomuser.me/api/portraits/men/97.jpg","medium":"https://randomuser.me/api/portraits/med/men/97.jpg","thumbnail":"https://randomuser.me/api/portraits/thumb/men/97.jpg"},"nat":"GB"}],"info":{"seed":"3c2892ba92147cb9","results":1,"page":1,"version":"1.4"}} 
 </msg>
<msg time="2024-06-12T07:14:20.300314" level="INFO">/opt/hostedtoolcache/Python/3.12.3/x64/lib/python3.12/site-packages/urllib3/connectionpool.py:1103: InsecureRequestWarning: Unverified HTTPS request is being made to host 'randomuser.me'. Adding certificate verification is strongly advised. See: https://urllib3.readthedocs.io/en/latest/advanced-usage.html#tls-warnings
  warnings.warn(</msg>
<msg time="2024-06-12T07:14:20.300438" level="INFO">${response} = &lt;Response [200]&gt;</msg>
<var>${response}</var>
<arg>consultarAPI</arg>
<arg>/api</arg>
<doc>Sends a GET request on a previously created HTTP Session.</doc>
<status status="PASS" start="2024-06-12T07:14:20.207726" elapsed="0.092758"/>
</kw>
<kw name="Set Variable" owner="BuiltIn">
<msg time="2024-06-12T07:14:20.301408" level="INFO">${json_data} = {'results': [{'gender': 'male', 'name': {'title': 'Mr', 'first': 'Brent', 'last': 'Herrera'}, 'location': {'street': {'number': 4691, 'name': 'Kingsway'}, 'city': 'Chichester', 'state': 'Lancashire', ...</msg>
<var>${json_data}</var>
<arg>${response.json()}</arg>
<doc>Returns the given values which can then be assigned to a variables.</doc>
<status status="PASS" start="2024-06-12T07:14:20.300923" elapsed="0.000514"/>
</kw>
<kw name="Log" owner="BuiltIn">
<msg time="2024-06-12T07:14:20.301926" level="INFO">{'results': [{'gender': 'male', 'name': {'title': 'Mr', 'first': 'Brent', 'last': 'Herrera'}, 'location': {'street': {'number': 4691, 'name': 'Kingsway'}, 'city': 'Chichester', 'state': 'Lancashire', 'country': 'United Kingdom', 'postcode': 'CU8 7DR', 'coordinates': {'latitude': '-5.6842', 'longitude': '-48.8277'}, 'timezone': {'offset': '+9:00', 'description': 'Tokyo, Seoul, Osaka, Sapporo, Yakutsk'}}, 'email': 'brent.herrera@example.com', 'login': {'uuid': '16e75391-63a3-4cda-8f11-d73f19fa7c7d', 'username': 'beautifulcat880', 'password': 'yvette', 'salt': 'zmPmVYNr', 'md5': '0d0d7b0906ad5bcdbec6ec64f46e13e3', 'sha1': '487a4582df0c60de78bd3b43ecfe47d5354b8a5e', 'sha256': 'b8a5f7ab9be20f763e97ebe342be083819009cb590204cd18c4a19bc42abff02'}, 'dob': {'date': '1971-04-19T20:24:48.467Z', 'age': 53}, 'registered': {'date': '2006-11-18T02:44:47.041Z', 'age': 17}, 'phone': '017683 13100', 'cell': '07809 720102', 'id': {'name': 'NINO', 'value': 'WB 83 50 33 I'}, 'picture': {'large': 'https://randomuser.me/api/portraits/men/97.jpg', 'medium': 'https://randomuser.me/api/portraits/med/men/97.jpg', 'thumbnail': 'https://randomuser.me/api/portraits/thumb/men/97.jpg'}, 'nat': 'GB'}], 'info': {'seed': '3c2892ba92147cb9', 'results': 1, 'page': 1, 'version': '1.4'}}</msg>
<arg>${json_data}</arg>
<doc>Logs the given message with the given level.</doc>
<status status="PASS" start="2024-06-12T07:14:20.301757" elapsed="0.000218"/>
</kw>
<kw name="Should Be String" owner="String">
<arg>${json_data['results'][0]['gender']}</arg>
<doc>Fails if the given ``item`` is not a string.</doc>
<status status="PASS" start="2024-06-12T07:14:20.302275" elapsed="0.000378"/>
</kw>
<kw name="Should Match Regexp" owner="BuiltIn">
<arg>${json_data['results'][0]['email']}</arg>
<arg>^[a-zA-Z0-9._%+-]+@[a-zA-Z0-9.-]+\.[a-zA-Z]{2,}$</arg>
<doc>Fails if ``string`` does not match ``pattern`` as a regular expression.</doc>
<status status="PASS" start="2024-06-12T07:14:20.302846" elapsed="0.000517"/>
</kw>
<kw name="Should Match Regexp" owner="BuiltIn">
<arg>${json_data['results'][0]['dob']['date']}</arg>
<arg>\\d{4}-\\d{2}-\\d{2}T\\d{2}:\\d{2}:\\d{2}\\.\\d{3}Z</arg>
<doc>Fails if ``string`` does not match ``pattern`` as a regular expression.</doc>
<status status="PASS" start="2024-06-12T07:14:20.303639" elapsed="0.000531"/>
</kw>
<kw name="Should Match Regexp" owner="BuiltIn">
<arg>${json_data['results'][0]['registered']['date']}</arg>
<arg>\\d{4}-\\d{2}-\\d{2}T\\d{2}:\\d{2}:\\d{2}\\.\\d{3}Z</arg>
<doc>Fails if ``string`` does not match ``pattern`` as a regular expression.</doc>
<status status="PASS" start="2024-06-12T07:14:20.304368" elapsed="0.000375"/>
</kw>
<kw name="Should Match Regexp" owner="BuiltIn">
<arg>${json_data['results'][0]['picture']['large']}</arg>
<arg>^https?://.*\.(?:png|jpe?g|gif|bmp)$</arg>
<doc>Fails if ``string`` does not match ``pattern`` as a regular expression.</doc>
<status status="PASS" start="2024-06-12T07:14:20.304935" elapsed="0.000505"/>
</kw>
<kw name="Should Match Regexp" owner="BuiltIn">
<arg>${json_data['results'][0]['picture']['medium']}</arg>
<arg>^https?://.*\.(?:png|jpe?g|gif|bmp)$</arg>
<doc>Fails if ``string`` does not match ``pattern`` as a regular expression.</doc>
<status status="PASS" start="2024-06-12T07:14:20.305638" elapsed="0.000361"/>
</kw>
<kw name="Should Match Regexp" owner="BuiltIn">
<arg>${json_data['results'][0]['picture']['thumbnail']}</arg>
<arg>^https?://.*\.(?:png|jpe?g|gif|bmp)$</arg>
<doc>Fails if ``string`` does not match ``pattern`` as a regular expression.</doc>
<status status="PASS" start="2024-06-12T07:14:20.306191" elapsed="0.000353"/>
</kw>
<kw name="Log" owner="BuiltIn">
<msg time="2024-06-12T07:14:20.307076" level="INFO">{'large': 'https://randomuser.me/api/portraits/men/97.jpg', 'medium': 'https://randomuser.me/api/portraits/med/men/97.jpg', 'thumbnail': 'https://randomuser.me/api/portraits/thumb/men/97.jpg'}</msg>
<arg>${json_data['results'][0]['picture']}</arg>
<doc>Logs the given message with the given level.</doc>
<status status="PASS" start="2024-06-12T07:14:20.306726" elapsed="0.000403"/>
</kw>
<status status="PASS" start="2024-06-12T07:14:20.207459" elapsed="0.099933"/>
</kw>
<kw name="Teste de Tipos de Dados - Postcode" owner="random-user-service">
<kw name="GET On Session" owner="RequestsLibrary">
<msg time="2024-06-12T07:14:20.394143" level="INFO">GET Request : url=https://randomuser.me/api 
 path_url=/api 
 headers={'User-Agent': 'python-requests/2.32.3', 'Accept-Encoding': 'gzip, deflate', 'Accept': '*/*', 'Connection': 'keep-alive'} 
 body=None 
 </msg>
<msg time="2024-06-12T07:14:20.394232" level="INFO">GET Response : url=https://randomuser.me/api 
 status=200, reason=OK 
 headers={'Date': 'Wed, 12 Jun 2024 07:14:20 GMT', 'Content-Type': 'application/json; charset=utf-8', 'Transfer-Encoding': 'chunked', 'Connection': 'keep-alive', 'X-Powered-By': 'Express', 'Access-Control-Allow-Origin': '*', 'Cache-Control': 'no-cache', 'ETag': 'W/"491-2+Ko2WS8Tb+HhvRq+MsQSLVchx8"', 'Vary': 'Accept-Encoding', 'Content-Encoding': 'gzip', 'CF-Cache-Status': 'DYNAMIC', 'Report-To': '{"endpoints":[{"url":"https:\\/\\/a.nel.cloudflare.com\\/report\\/v4?s=QjExbH9CfEPn6COouh9AL5aUrhugUFBVsKtAeVE5mJu5N3TIOSzzI270UnhpjeN9nNvJ%2Ffbq2cikeDiLf3dJCEZqwP7H7nwGUOnoikZpvChbWmw9OAPVsAEVM5q5%2Bh%2Ba"}],"group":"cf-nel","max_age":604800}', 'NEL': '{"success_fraction":0,"report_to":"cf-nel","max_age":604800}', 'Server': 'cloudflare', 'CF-RAY': '89280b1cf9f6ce40-SJC', 'alt-svc': 'h3=":443"; ma=86400'} 
 body={"results":[{"gender":"male","name":{"title":"Mr","first":"Emil","last":"Salmi"},"location":{"street":{"number":6700,"name":"Rotuaari"},"city":"Jämijärvi","state":"Northern Ostrobothnia","country":"Finland","postcode":84714,"coordinates":{"latitude":"-23.8086","longitude":"-103.3529"},"timezone":{"offset":"-8:00","description":"Pacific Time (US &amp; Canada)"}},"email":"emil.salmi@example.com","login":{"uuid":"4d2ab35d-e43b-4f82-a0ca-6a2d1cfeb67c","username":"silvermouse493","password":"741852","salt":"4roT7Fl4","md5":"8b9434066f1f7ece7f60a24c5fb1348f","sha1":"740318190aea2d6ccd033ff98b4bd2b2cb0f3ee3","sha256":"1db3458c0b86a47565c7829fc6f916e3549c45f19124c2e3300b7e61dd30386c"},"dob":{"date":"1982-10-24T21:40:46.876Z","age":41},"registered":{"date":"2004-10-28T14:41:13.587Z","age":19},"phone":"02-799-744","cell":"047-241-59-57","id":{"name":"HETU","value":"NaNNA061undefined"},"picture":{"large":"https://randomuser.me/api/portraits/men/83.jpg","medium":"https://randomuser.me/api/portraits/med/men/83.jpg","thumbnail":"https://randomuser.me/api/portraits/thumb/men/83.jpg"},"nat":"FI"}],"info":{"seed":"e952b9092487f1a0","results":1,"page":1,"version":"1.4"}} 
 </msg>
<msg time="2024-06-12T07:14:20.394319" level="INFO">/opt/hostedtoolcache/Python/3.12.3/x64/lib/python3.12/site-packages/urllib3/connectionpool.py:1103: InsecureRequestWarning: Unverified HTTPS request is being made to host 'randomuser.me'. Adding certificate verification is strongly advised. See: https://urllib3.readthedocs.io/en/latest/advanced-usage.html#tls-warnings
  warnings.warn(</msg>
<msg time="2024-06-12T07:14:20.394453" level="INFO">${response} = &lt;Response [200]&gt;</msg>
<var>${response}</var>
<arg>consultarAPI</arg>
<arg>/api</arg>
<doc>Sends a GET request on a previously created HTTP Session.</doc>
<status status="PASS" start="2024-06-12T07:14:20.307899" elapsed="0.086593"/>
</kw>
<kw name="Set Variable" owner="BuiltIn">
<msg time="2024-06-12T07:14:20.395477" level="INFO">${json_data} = {'results': [{'gender': 'male', 'name': {'title': 'Mr', 'first': 'Emil', 'last': 'Salmi'}, 'location': {'street': {'number': 6700, 'name': 'Rotuaari'}, 'city': 'Jämijärvi', 'state': 'Northern Ostrobot...</msg>
<var>${json_data}</var>
<arg>${response.json()}</arg>
<doc>Returns the given values which can then be assigned to a variables.</doc>
<status status="PASS" start="2024-06-12T07:14:20.394951" elapsed="0.000557"/>
</kw>
<kw name="Log" owner="BuiltIn">
<msg time="2024-06-12T07:14:20.396066" level="INFO">{'results': [{'gender': 'male', 'name': {'title': 'Mr', 'first': 'Emil', 'last': 'Salmi'}, 'location': {'street': {'number': 6700, 'name': 'Rotuaari'}, 'city': 'Jämijärvi', 'state': 'Northern Ostrobothnia', 'country': 'Finland', 'postcode': 84714, 'coordinates': {'latitude': '-23.8086', 'longitude': '-103.3529'}, 'timezone': {'offset': '-8:00', 'description': 'Pacific Time (US &amp; Canada)'}}, 'email': 'emil.salmi@example.com', 'login': {'uuid': '4d2ab35d-e43b-4f82-a0ca-6a2d1cfeb67c', 'username': 'silvermouse493', 'password': '741852', 'salt': '4roT7Fl4', 'md5': '8b9434066f1f7ece7f60a24c5fb1348f', 'sha1': '740318190aea2d6ccd033ff98b4bd2b2cb0f3ee3', 'sha256': '1db3458c0b86a47565c7829fc6f916e3549c45f19124c2e3300b7e61dd30386c'}, 'dob': {'date': '1982-10-24T21:40:46.876Z', 'age': 41}, 'registered': {'date': '2004-10-28T14:41:13.587Z', 'age': 19}, 'phone': '02-799-744', 'cell': '047-241-59-57', 'id': {'name': 'HETU', 'value': 'NaNNA061undefined'}, 'picture': {'large': 'https://randomuser.me/api/portraits/men/83.jpg', 'medium': 'https://randomuser.me/api/portraits/med/men/83.jpg', 'thumbnail': 'https://randomuser.me/api/portraits/thumb/men/83.jpg'}, 'nat': 'FI'}], 'info': {'seed': 'e952b9092487f1a0', 'results': 1, 'page': 1, 'version': '1.4'}}</msg>
<arg>${json_data}</arg>
<doc>Logs the given message with the given level.</doc>
<status status="PASS" start="2024-06-12T07:14:20.395894" elapsed="0.000226"/>
</kw>
<kw name="Should Be Equal As Numbers" owner="BuiltIn">
<arg>${json_data['results'][0]['location']['postcode']}</arg>
<arg>${json_data['results'][0]['location']['postcode']}</arg>
<doc>Fails if objects are unequal after converting them to real numbers.</doc>
<status status="PASS" start="2024-06-12T07:14:20.396433" elapsed="0.000643"/>
</kw>
<kw name="Log" owner="BuiltIn">
<msg time="2024-06-12T07:14:20.397619" level="INFO">84714</msg>
<arg>${json_data['results'][0]['location']['postcode']}</arg>
<doc>Logs the given message with the given level.</doc>
<status status="PASS" start="2024-06-12T07:14:20.397276" elapsed="0.000385"/>
</kw>
<status status="PASS" start="2024-06-12T07:14:20.307650" elapsed="0.090273"/>
</kw>
<doc>Testa se os tipos de dados na resposta da API estão corretos.</doc>
<tag>testeTiposDados</tag>
<status status="PASS" start="2024-06-12T07:14:20.206930" elapsed="0.191201"/>
</test>
<test id="s1-s1-t5" name="Validar conteudo" line="35">
<kw name="Teste de Tipos de Conteudo" owner="random-user-service">
<kw name="GET On Session" owner="RequestsLibrary">
<msg time="2024-06-12T07:14:20.498833" level="INFO">GET Request : url=https://randomuser.me/api 
 path_url=/api 
 headers={'User-Agent': 'python-requests/2.32.3', 'Accept-Encoding': 'gzip, deflate', 'Accept': '*/*', 'Connection': 'keep-alive'} 
 body=None 
 </msg>
<msg time="2024-06-12T07:14:20.498930" level="INFO">GET Response : url=https://randomuser.me/api 
 status=200, reason=OK 
 headers={'Date': 'Wed, 12 Jun 2024 07:14:20 GMT', 'Content-Type': 'application/json; charset=utf-8', 'Transfer-Encoding': 'chunked', 'Connection': 'keep-alive', 'X-Powered-By': 'Express', 'Access-Control-Allow-Origin': '*', 'Cache-Control': 'no-cache', 'ETag': 'W/"485-aBOSdZS5IBN7flIBLaf0rFSFJco"', 'Vary': 'Accept-Encoding', 'Content-Encoding': 'gzip', 'CF-Cache-Status': 'DYNAMIC', 'Report-To': '{"endpoints":[{"url":"https:\\/\\/a.nel.cloudflare.com\\/report\\/v4?s=EOOnHu6IdCqOuheP7iEUmvGsofrKPX9g7zjg6Viv9mcWClHd6YrM0s%2FEtvr44rLOtR3Qz5s%2BfGXIH4CvK9BGZNfWhP1vIjRye6q%2F2HoTNSBpfzSqfQuw%2BPfPjz4dGzoe"}],"group":"cf-nel","max_age":604800}', 'NEL': '{"success_fraction":0,"report_to":"cf-nel","max_age":604800}', 'Server': 'cloudflare', 'CF-RAY': '89280b1d8a65ce40-SJC', 'alt-svc': 'h3=":443"; ma=86400'} 
 body={"results":[{"gender":"male","name":{"title":"Mr","first":"Anthony","last":"Montgomery"},"location":{"street":{"number":9094,"name":"Henry Street"},"city":"Midleton","state":"Tipperary","country":"Ireland","postcode":28264,"coordinates":{"latitude":"-1.3062","longitude":"-109.7117"},"timezone":{"offset":"-12:00","description":"Eniwetok, Kwajalein"}},"email":"anthony.montgomery@example.com","login":{"uuid":"090e4ad3-8a6d-4634-8def-6cc318acb907","username":"whitezebra481","password":"spankme","salt":"FOAZAoqd","md5":"0fd0cda4f6fe65c106332dc1c0c47fa5","sha1":"14fb42325c3cb5404a52b0b179bd6a313e74c5ba","sha256":"8cf5004a738b4f35054710ae977abfaf55eb60b6f5012c24e1b82fa1cc272d1e"},"dob":{"date":"1987-10-07T10:51:48.191Z","age":36},"registered":{"date":"2018-02-12T03:14:23.655Z","age":6},"phone":"011-567-7604","cell":"081-972-8551","id":{"name":"PPS","value":"0118547T"},"picture":{"large":"https://randomuser.me/api/portraits/men/22.jpg","medium":"https://randomuser.me/api/portraits/med/men/22.jpg","thumbnail":"https://randomuser.me/api/portraits/thumb/men/22.jpg"},"nat":"IE"}],"info":{"seed":"3a9c6b46391178c6","results":1,"page":1,"version":"1.4"}} 
 </msg>
<msg time="2024-06-12T07:14:20.499007" level="INFO">/opt/hostedtoolcache/Python/3.12.3/x64/lib/python3.12/site-packages/urllib3/connectionpool.py:1103: InsecureRequestWarning: Unverified HTTPS request is being made to host 'randomuser.me'. Adding certificate verification is strongly advised. See: https://urllib3.readthedocs.io/en/latest/advanced-usage.html#tls-warnings
  warnings.warn(</msg>
<msg time="2024-06-12T07:14:20.499166" level="INFO">${response} = &lt;Response [200]&gt;</msg>
<var>${response}</var>
<arg>consultarAPI</arg>
<arg>/api</arg>
<doc>Sends a GET request on a previously created HTTP Session.</doc>
<status status="PASS" start="2024-06-12T07:14:20.400724" elapsed="0.098497"/>
</kw>
<kw name="Set Variable" owner="BuiltIn">
<msg time="2024-06-12T07:14:20.500237" level="INFO">${json_data} = {'results': [{'gender': 'male', 'name': {'title': 'Mr', 'first': 'Anthony', 'last': 'Montgomery'}, 'location': {'street': {'number': 9094, 'name': 'Henry Street'}, 'city': 'Midleton', 'state': 'Tipper...</msg>
<var>${json_data}</var>
<arg>${response.json()}</arg>
<doc>Returns the given values which can then be assigned to a variables.</doc>
<status status="PASS" start="2024-06-12T07:14:20.499728" elapsed="0.000541"/>
</kw>
<kw name="Set Variable" owner="BuiltIn">
<msg time="2024-06-12T07:14:20.501015" level="INFO">${name_title} = Mr</msg>
<var>${name_title}</var>
<arg>${json_data["results"][0]["name"]["title"]}</arg>
<doc>Returns the given values which can then be assigned to a variables.</doc>
<status status="PASS" start="2024-06-12T07:14:20.500612" elapsed="0.000429"/>
</kw>
<kw name="Create List" owner="BuiltIn">
<msg time="2024-06-12T07:14:20.501514" level="INFO">${allowed_titles} = ['Mr', 'Ms', 'Miss', 'Mrs', 'Madame', 'Monsieur']</msg>
<var>${allowed_titles}</var>
<arg>Mr</arg>
<arg>Ms</arg>
<arg>Miss</arg>
<arg>Mrs</arg>
<arg>Madame</arg>
<arg>Monsieur</arg>
<doc>Returns a list containing given items.</doc>
<status status="PASS" start="2024-06-12T07:14:20.501358" elapsed="0.000181"/>
</kw>
<kw name="List Should Contain Value" owner="Collections">
<arg>${allowed_titles}</arg>
<arg>${name_title}</arg>
<doc>Fails if the ``value`` is not found from ``list``.</doc>
<status status="PASS" start="2024-06-12T07:14:20.501857" elapsed="0.000204"/>
</kw>
<kw name="Set Variable" owner="BuiltIn">
<msg time="2024-06-12T07:14:20.502642" level="INFO">${name_country} = IE</msg>
<var>${name_country}</var>
<arg>${json_data["results"][0]["nat"]}</arg>
<doc>Returns the given values which can then be assigned to a variables.</doc>
<status status="PASS" start="2024-06-12T07:14:20.502267" elapsed="0.000400"/>
</kw>
<kw name="Create List" owner="BuiltIn">
<msg time="2024-06-12T07:14:20.503592" level="INFO">${list_country} = ['AD', 'AE', 'AF', 'AG', 'AI', 'AL', 'AM', 'AO', 'AQ', 'AR', 'AS', 'AT', 'AU', 'AW', 'AX', 'AZ', 'BA', 'BB', 'BD', 'BE', 'BF', 'BG', 'BH', 'BI', 'BJ', 'BL', 'BM', 'BN', 'BO', 'BQ', 'BR', 'BS', 'BT', '...</msg>
<var>${list_country}</var>
<arg>AD</arg>
<arg>AE</arg>
<arg>AF</arg>
<arg>AG</arg>
<arg>AI</arg>
<arg>AL</arg>
<arg>AM</arg>
<arg>AO</arg>
<arg>AQ</arg>
<arg>AR</arg>
<arg>AS</arg>
<arg>AT</arg>
<arg>AU</arg>
<arg>AW</arg>
<arg>AX</arg>
<arg>AZ</arg>
<arg>BA</arg>
<arg>BB</arg>
<arg>BD</arg>
<arg>BE</arg>
<arg>BF</arg>
<arg>BG</arg>
<arg>BH</arg>
<arg>BI</arg>
<arg>BJ</arg>
<arg>BL</arg>
<arg>BM</arg>
<arg>BN</arg>
<arg>BO</arg>
<arg>BQ</arg>
<arg>BR</arg>
<arg>BS</arg>
<arg>BT</arg>
<arg>BV</arg>
<arg>BW</arg>
<arg>BY</arg>
<arg>BZ</arg>
<arg>CA</arg>
<arg>CC</arg>
<arg>CD</arg>
<arg>CF</arg>
<arg>CG</arg>
<arg>CH</arg>
<arg>CI</arg>
<arg>CK</arg>
<arg>CL</arg>
<arg>CM</arg>
<arg>CN</arg>
<arg>CO</arg>
<arg>CR</arg>
<arg>CU</arg>
<arg>CV</arg>
<arg>CW</arg>
<arg>CX</arg>
<arg>CY</arg>
<arg>CZ</arg>
<arg>DE</arg>
<arg>DJ</arg>
<arg>DK</arg>
<arg>DM</arg>
<arg>DO</arg>
<arg>DZ</arg>
<arg>EC</arg>
<arg>EE</arg>
<arg>EG</arg>
<arg>EH</arg>
<arg>ER</arg>
<arg>ES</arg>
<arg>ET</arg>
<arg>FI</arg>
<arg>FJ</arg>
<arg>FK</arg>
<arg>FM</arg>
<arg>FO</arg>
<arg>FR</arg>
<arg>GA</arg>
<arg>GB</arg>
<arg>GD</arg>
<arg>GE</arg>
<arg>GF</arg>
<arg>GG</arg>
<arg>GH</arg>
<arg>GI</arg>
<arg>GL</arg>
<arg>GM</arg>
<arg>GN</arg>
<arg>GP</arg>
<arg>GQ</arg>
<arg>GR</arg>
<arg>GS</arg>
<arg>GT</arg>
<arg>GU</arg>
<arg>GW</arg>
<arg>GY</arg>
<arg>HK</arg>
<arg>HM</arg>
<arg>HN</arg>
<arg>HR</arg>
<arg>HT</arg>
<arg>HU</arg>
<arg>ID</arg>
<arg>IE</arg>
<arg>IL</arg>
<arg>IM</arg>
<arg>IN</arg>
<arg>IO</arg>
<arg>IQ</arg>
<arg>IR</arg>
<arg>IS</arg>
<arg>IT</arg>
<arg>JE</arg>
<arg>JM</arg>
<arg>JO</arg>
<arg>JP</arg>
<arg>KE</arg>
<arg>KG</arg>
<arg>KH</arg>
<arg>KI</arg>
<arg>KM</arg>
<arg>KN</arg>
<arg>KP</arg>
<arg>KR</arg>
<arg>KW</arg>
<arg>KY</arg>
<arg>KZ</arg>
<arg>LA</arg>
<arg>LB</arg>
<arg>LC</arg>
<arg>LI</arg>
<arg>LK</arg>
<arg>LR</arg>
<arg>LS</arg>
<arg>LT</arg>
<arg>LU</arg>
<arg>LV</arg>
<arg>LY</arg>
<arg>MA</arg>
<arg>MC</arg>
<arg>MD</arg>
<arg>ME</arg>
<arg>MF</arg>
<arg>MG</arg>
<arg>MH</arg>
<arg>MK</arg>
<arg>ML</arg>
<arg>MM</arg>
<arg>MN</arg>
<arg>MO</arg>
<arg>MP</arg>
<arg>MQ</arg>
<arg>MR</arg>
<arg>MS</arg>
<arg>MT</arg>
<arg>MU</arg>
<arg>MV</arg>
<arg>MW</arg>
<arg>MX</arg>
<arg>MY</arg>
<arg>MZ</arg>
<arg>NA</arg>
<arg>NC</arg>
<arg>NE</arg>
<arg>NF</arg>
<arg>NG</arg>
<arg>NI</arg>
<arg>NL</arg>
<arg>NO</arg>
<arg>NP</arg>
<arg>NR</arg>
<arg>NU</arg>
<arg>NZ</arg>
<arg>OM</arg>
<arg>PA</arg>
<arg>PE</arg>
<arg>PF</arg>
<arg>PG</arg>
<arg>PH</arg>
<arg>PK</arg>
<arg>PL</arg>
<arg>PM</arg>
<arg>PN</arg>
<arg>PR</arg>
<arg>PS</arg>
<arg>PT</arg>
<arg>PW</arg>
<arg>PY</arg>
<arg>QA</arg>
<arg>RE</arg>
<arg>RO</arg>
<arg>RS</arg>
<arg>RU</arg>
<arg>RW</arg>
<arg>SA</arg>
<arg>SB</arg>
<arg>SC</arg>
<arg>SD</arg>
<arg>SE</arg>
<arg>SG</arg>
<arg>SH</arg>
<arg>SI</arg>
<arg>SJ</arg>
<arg>SK</arg>
<arg>SL</arg>
<arg>SM</arg>
<arg>SN</arg>
<arg>SO</arg>
<arg>SR</arg>
<arg>SS</arg>
<arg>ST</arg>
<arg>SV</arg>
<arg>SX</arg>
<arg>SY</arg>
<arg>SZ</arg>
<arg>TC</arg>
<arg>TD</arg>
<arg>TF</arg>
<arg>TG</arg>
<arg>TH</arg>
<arg>TJ</arg>
<arg>TK</arg>
<arg>TL</arg>
<arg>TM</arg>
<arg>TN</arg>
<arg>TO</arg>
<arg>TR</arg>
<arg>TT</arg>
<arg>TV</arg>
<arg>TW</arg>
<arg>TZ</arg>
<arg>UA</arg>
<arg>UG</arg>
<arg>UM</arg>
<arg>US</arg>
<arg>UY</arg>
<arg>UZ</arg>
<arg>VA</arg>
<arg>VC</arg>
<arg>VE</arg>
<arg>VG</arg>
<arg>VI</arg>
<arg>VN</arg>
<arg>VU</arg>
<arg>WF</arg>
<arg>WS</arg>
<arg>XK</arg>
<arg>YE</arg>
<arg>YT</arg>
<arg>ZA</arg>
<arg>ZM</arg>
<arg>ZW</arg>
<doc>Returns a list containing given items.</doc>
<status status="PASS" start="2024-06-12T07:14:20.502972" elapsed="0.000652"/>
</kw>
<kw name="List Should Contain Value" owner="Collections">
<arg>${list_country}</arg>
<arg>${name_country}</arg>
<doc>Fails if the ``value`` is not found from ``list``.</doc>
<status status="PASS" start="2024-06-12T07:14:20.504448" elapsed="0.000210"/>
</kw>
<kw name="Run Keyword If" owner="BuiltIn">
<kw name="Should Be True" owner="BuiltIn">
<arg>${True}</arg>
<doc>Fails if the given condition is not true.</doc>
<status status="PASS" start="2024-06-12T07:14:20.505751" elapsed="0.000145"/>
</kw>
<arg>${json_data["results"][0]["location"]["coordinates"]["latitude"]} &gt;= -90 and ${json_data["results"][0]["location"]["coordinates"]["latitude"]} &lt;= 90</arg>
<arg>Should Be True</arg>
<arg>${True}</arg>
<doc>Runs the given keyword with the given arguments, if ``condition`` is true.</doc>
<status status="PASS" start="2024-06-12T07:14:20.504857" elapsed="0.001172"/>
</kw>
<kw name="Run Keyword If" owner="BuiltIn">
<kw name="Should Be True" owner="BuiltIn">
<arg>${True}</arg>
<doc>Fails if the given condition is not true.</doc>
<status status="PASS" start="2024-06-12T07:14:20.506925" elapsed="0.000140"/>
</kw>
<arg>${json_data["results"][0]["location"]["coordinates"]["longitude"]} &gt;= -180 and ${json_data["results"][0]["location"]["coordinates"]["longitude"]} &lt;= 180</arg>
<arg>Should Be True</arg>
<arg>${True}</arg>
<doc>Runs the given keyword with the given arguments, if ``condition`` is true.</doc>
<status status="PASS" start="2024-06-12T07:14:20.506218" elapsed="0.000972"/>
</kw>
<status status="PASS" start="2024-06-12T07:14:20.400498" elapsed="0.106823"/>
</kw>
<doc>Testa o conteúdo específico dos campos retornados pela API.</doc>
<tag>testeConteudo</tag>
<status status="PASS" start="2024-06-12T07:14:20.399957" elapsed="0.107518"/>
</test>
<status status="PASS" start="2024-06-12T07:14:19.572340" elapsed="0.937179"/>
</suite>
<status status="PASS" start="2024-06-12T07:14:19.558996" elapsed="0.955917"/>
</suite>
<statistics>
<total>
<stat pass="5" fail="0" skip="0">All Tests</stat>
</total>
<tag>
<stat pass="1" fail="0" skip="0">testeConteudo</stat>
<stat pass="1" fail="0" skip="0">testeEstruturaResposta</stat>
<stat pass="1" fail="0" skip="0">testeRequisicaoBasica</stat>
<stat pass="1" fail="0" skip="0">testeTiposDados</stat>
</tag>
<suite>
<stat pass="5" fail="0" skip="0" id="s1" name="Tests">Tests</stat>
<stat pass="5" fail="0" skip="0" id="s1-s1" name="Random-User-Test">Tests.Random-User-Test</stat>
</suite>
</statistics>
<errors>
</errors>
</robot>
