<?xml version="1.0" encoding="UTF-8"?>
<robot generator="Robot 7.0 (Python 3.12.3 on linux)" generated="2024-06-08T07:14:29.449123" rpa="false" schemaversion="5">
<suite id="s1" name="Tests" source="/home/runner/work/ApiRandomUser/ApiRandomUser/RamdonUser/tests">
<suite id="s1-s1" name="Random-User-Test" source="/home/runner/work/ApiRandomUser/ApiRandomUser/RamdonUser/tests/random-user-test.robot">
<test id="s1-s1-t1" name="Conectar" line="13">
<kw name="Conectar API" owner="random-user-service">
<kw name="Create Session" owner="RequestsLibrary">
<msg time="2024-06-08T07:14:29.843134" level="INFO">Creating Session using : alias=consultarAPI, url=https://randomuser.me/, headers={},                     cookies={}, auth=None, timeout=None, proxies=None, verify=False,                     debug=0 </msg>
<arg>consultarAPI</arg>
<arg>${URL}</arg>
<doc>Create Session: create a HTTP session to a server</doc>
<status status="PASS" start="2024-06-08T07:14:29.842935" elapsed="0.000363"/>
</kw>
<status status="PASS" start="2024-06-08T07:14:29.841914" elapsed="0.001734"/>
</kw>
<status status="PASS" start="2024-06-08T07:14:29.841405" elapsed="0.002437"/>
</test>
<test id="s1-s1-t2" name="Validar retorno 200 e JSON Válido" line="16">
<kw name="Teste de Requisicao Basica" owner="random-user-service">
<kw name="GET On Session" owner="RequestsLibrary">
<msg time="2024-06-08T07:14:29.909356" level="INFO">GET Request : url=https://randomuser.me/api 
 path_url=/api 
 headers={'User-Agent': 'python-requests/2.32.3', 'Accept-Encoding': 'gzip, deflate', 'Accept': '*/*', 'Connection': 'keep-alive'} 
 body=None 
 </msg>
<msg time="2024-06-08T07:14:29.909481" level="INFO">GET Response : url=https://randomuser.me/api 
 status=200, reason=OK 
 headers={'Date': 'Sat, 08 Jun 2024 07:14:29 GMT', 'Content-Type': 'application/json; charset=utf-8', 'Transfer-Encoding': 'chunked', 'Connection': 'keep-alive', 'X-Powered-By': 'Express', 'Access-Control-Allow-Origin': '*', 'Cache-Control': 'no-cache', 'ETag': 'W/"498-jgS4BDSg5qwzF5LOo9B2B761bks"', 'Vary': 'Accept-Encoding', 'Content-Encoding': 'gzip', 'CF-Cache-Status': 'DYNAMIC', 'Report-To': '{"endpoints":[{"url":"https:\\/\\/a.nel.cloudflare.com\\/report\\/v4?s=CMSoHNfWTV%2Fw%2FTxCF%2BdaknqIceaMYhKuF15AVg5tvcQMxRCGPDNi00QVYDIYV0MSCXyYaHU2rlT6rwtM9u%2FkONsbIIazf1xIu6w%2F1fG%2FdhVThcSqv3UmiT5b200DiZaA"}],"group":"cf-nel","max_age":604800}', 'NEL': '{"success_fraction":0,"report_to":"cf-nel","max_age":604800}', 'Server': 'cloudflare', 'CF-RAY': '890715d8c8b0082f-IAD', 'alt-svc': 'h3=":443"; ma=86400'} 
 body={"results":[{"gender":"female","name":{"title":"Miss","first":"Linda","last":"Rodriguez"},"location":{"street":{"number":5875,"name":"The Grove"},"city":"Stoke-on-Trent","state":"Lincolnshire","country":"United Kingdom","postcode":"B79 6EH","coordinates":{"latitude":"-10.9450","longitude":"81.9738"},"timezone":{"offset":"-3:30","description":"Newfoundland"}},"email":"linda.rodriguez@example.com","login":{"uuid":"9c249ed9-dbd2-440c-91b8-6439e1e96244","username":"orangegorilla371","password":"r2d2","salt":"R2jscY1e","md5":"bfc4bdcb102263e692f3be255e3a57c0","sha1":"cb7a6488f0d4ebeaecd8d29a1d1f7d9b8644fe81","sha256":"f2c1536a1fdf7d91ad72f1bc4f7d6c74a8d5851e92ad713f6aaafcf858aa48a2"},"dob":{"date":"1957-10-07T20:24:56.652Z","age":66},"registered":{"date":"2013-10-14T08:29:41.303Z","age":10},"phone":"015396 45603","cell":"07130 847604","id":{"name":"NINO","value":"MH 05 90 29 I"},"picture":{"large":"https://randomuser.me/api/portraits/women/87.jpg","medium":"https://randomuser.me/api/portraits/med/women/87.jpg","thumbnail":"https://randomuser.me/api/portraits/thumb/women/87.jpg"},"nat":"GB"}],"info":{"seed":"d69b333b5558b7eb","results":1,"page":1,"version":"1.4"}} 
 </msg>
<msg time="2024-06-08T07:14:29.909556" level="INFO">/opt/hostedtoolcache/Python/3.12.3/x64/lib/python3.12/site-packages/urllib3/connectionpool.py:1103: InsecureRequestWarning: Unverified HTTPS request is being made to host 'randomuser.me'. Adding certificate verification is strongly advised. See: https://urllib3.readthedocs.io/en/latest/advanced-usage.html#tls-warnings
  warnings.warn(</msg>
<msg time="2024-06-08T07:14:29.909697" level="INFO">${response} = &lt;Response [200]&gt;</msg>
<var>${response}</var>
<arg>consultarAPI</arg>
<arg>/api</arg>
<doc>Sends a GET request on a previously created HTTP Session.</doc>
<status status="PASS" start="2024-06-08T07:14:29.846415" elapsed="0.063324"/>
</kw>
<kw name="Should Be Equal As Numbers" owner="BuiltIn">
<msg time="2024-06-08T07:14:29.910936" level="INFO">Argument types are:
&lt;class 'int'&gt;
&lt;class 'str'&gt;</msg>
<arg>${response.status_code}</arg>
<arg>200</arg>
<doc>Fails if objects are unequal after converting them to real numbers.</doc>
<status status="PASS" start="2024-06-08T07:14:29.910330" elapsed="0.000678"/>
</kw>
<kw name="Log" owner="BuiltIn">
<msg time="2024-06-08T07:14:29.911708" level="INFO">200</msg>
<arg>${response.status_code}</arg>
<doc>Logs the given message with the given level.</doc>
<status status="PASS" start="2024-06-08T07:14:29.911356" elapsed="0.000401"/>
</kw>
<kw name="Set Variable" owner="BuiltIn">
<msg time="2024-06-08T07:14:29.912505" level="INFO">${json_data} = {'results': [{'gender': 'female', 'name': {'title': 'Miss', 'first': 'Linda', 'last': 'Rodriguez'}, 'location': {'street': {'number': 5875, 'name': 'The Grove'}, 'city': 'Stoke-on-Trent', 'state': 'Li...</msg>
<var>${json_data}</var>
<arg>${response.json()}</arg>
<doc>Returns the given values which can then be assigned to a variables.</doc>
<status status="PASS" start="2024-06-08T07:14:29.912070" elapsed="0.000465"/>
</kw>
<kw name="Dictionary Should Contain Key" owner="Collections">
<msg time="2024-06-08T07:14:29.913014" level="INFO">False</msg>
<arg>${json_data}</arg>
<arg>results</arg>
<doc>Fails if ``key`` is not found from ``dictionary``.</doc>
<status status="PASS" start="2024-06-08T07:14:29.912840" elapsed="0.000355"/>
</kw>
<status status="PASS" start="2024-06-08T07:14:29.846161" elapsed="0.067300"/>
</kw>
<doc>Testa se a API responde corretamente e retorna um objeto JSON válido.</doc>
<tag>testeRequisicaoBasica</tag>
<status status="PASS" start="2024-06-08T07:14:29.845677" elapsed="0.067964"/>
</test>
<test id="s1-s1-t3" name="Validar estrutura de resposta" line="22">
<kw name="Teste de Estrutura de Resposta" owner="random-user-service">
<kw name="GET On Session" owner="RequestsLibrary">
<msg time="2024-06-08T07:14:30.011876" level="INFO">GET Request : url=https://randomuser.me/api 
 path_url=/api 
 headers={'User-Agent': 'python-requests/2.32.3', 'Accept-Encoding': 'gzip, deflate', 'Accept': '*/*', 'Connection': 'keep-alive'} 
 body=None 
 </msg>
<msg time="2024-06-08T07:14:30.011957" level="INFO">GET Response : url=https://randomuser.me/api 
 status=200, reason=OK 
 headers={'Date': 'Sat, 08 Jun 2024 07:14:30 GMT', 'Content-Type': 'application/json; charset=utf-8', 'Transfer-Encoding': 'chunked', 'Connection': 'keep-alive', 'X-Powered-By': 'Express', 'Access-Control-Allow-Origin': '*', 'Cache-Control': 'no-cache', 'ETag': 'W/"486-eylLvjRN+IYHcEBs6wBpEs69VTw"', 'Vary': 'Accept-Encoding', 'Content-Encoding': 'gzip', 'CF-Cache-Status': 'DYNAMIC', 'Report-To': '{"endpoints":[{"url":"https:\\/\\/a.nel.cloudflare.com\\/report\\/v4?s=XqWHMaAUhOilTvsKqZX%2FtSS5VfdUCZ0%2FcoTTJWLYgS1CCOUFiuidazjykjcTD46%2Bmd%2BjVwF%2BijpcM7bzT56%2FMNJdiMpFtNgVAhERSW9iwTTQhLgzG221rKLk4MmPNEjF"}],"group":"cf-nel","max_age":604800}', 'NEL': '{"success_fraction":0,"report_to":"cf-nel","max_age":604800}', 'Server': 'cloudflare', 'CF-RAY': '890715d8f8e4082f-IAD', 'alt-svc': 'h3=":443"; ma=86400'} 
 body={"results":[{"gender":"male","name":{"title":"Mr","first":"Antonio","last":"Duran"},"location":{"street":{"number":581,"name":"Calle de Arganzuela"},"city":"Castellón de la Plana","state":"Melilla","country":"Spain","postcode":32266,"coordinates":{"latitude":"-38.1120","longitude":"-13.5175"},"timezone":{"offset":"-3:30","description":"Newfoundland"}},"email":"antonio.duran@example.com","login":{"uuid":"235042d3-45c3-456b-9c9f-ce2496e57305","username":"organiczebra794","password":"silence","salt":"ruWovzRu","md5":"dd1f6f88d2c4e511f2267a22fa9f2e8e","sha1":"e452d5491c1fdafde2c4386d89127b2e702fc63d","sha256":"1d603210a6317e2d1512c28e03a33759d39fcbc4ad046bd9fb4234a6ab5d0de7"},"dob":{"date":"1996-06-26T14:12:55.323Z","age":27},"registered":{"date":"2005-09-21T20:01:02.878Z","age":18},"phone":"954-934-203","cell":"692-893-677","id":{"name":"DNI","value":"26942784-K"},"picture":{"large":"https://randomuser.me/api/portraits/men/30.jpg","medium":"https://randomuser.me/api/portraits/med/men/30.jpg","thumbnail":"https://randomuser.me/api/portraits/thumb/men/30.jpg"},"nat":"ES"}],"info":{"seed":"9d9bbb2a56982cf1","results":1,"page":1,"version":"1.4"}} 
 </msg>
<msg time="2024-06-08T07:14:30.012057" level="INFO">/opt/hostedtoolcache/Python/3.12.3/x64/lib/python3.12/site-packages/urllib3/connectionpool.py:1103: InsecureRequestWarning: Unverified HTTPS request is being made to host 'randomuser.me'. Adding certificate verification is strongly advised. See: https://urllib3.readthedocs.io/en/latest/advanced-usage.html#tls-warnings
  warnings.warn(</msg>
<msg time="2024-06-08T07:14:30.012168" level="INFO">${response} = &lt;Response [200]&gt;</msg>
<var>${response}</var>
<arg>consultarAPI</arg>
<arg>/api</arg>
<doc>Sends a GET request on a previously created HTTP Session.</doc>
<status status="PASS" start="2024-06-08T07:14:29.916419" elapsed="0.095794"/>
</kw>
<kw name="Set Variable" owner="BuiltIn">
<msg time="2024-06-08T07:14:30.013032" level="INFO">${json_data} = {'results': [{'gender': 'male', 'name': {'title': 'Mr', 'first': 'Antonio', 'last': 'Duran'}, 'location': {'street': {'number': 581, 'name': 'Calle de Arganzuela'}, 'city': 'Castellón de la Plana', 's...</msg>
<var>${json_data}</var>
<arg>${response.json()}</arg>
<doc>Returns the given values which can then be assigned to a variables.</doc>
<status status="PASS" start="2024-06-08T07:14:30.012569" elapsed="0.000496"/>
</kw>
<kw name="Log" owner="BuiltIn">
<msg time="2024-06-08T07:14:30.013530" level="INFO">{'results': [{'gender': 'male', 'name': {'title': 'Mr', 'first': 'Antonio', 'last': 'Duran'}, 'location': {'street': {'number': 581, 'name': 'Calle de Arganzuela'}, 'city': 'Castellón de la Plana', 'state': 'Melilla', 'country': 'Spain', 'postcode': 32266, 'coordinates': {'latitude': '-38.1120', 'longitude': '-13.5175'}, 'timezone': {'offset': '-3:30', 'description': 'Newfoundland'}}, 'email': 'antonio.duran@example.com', 'login': {'uuid': '235042d3-45c3-456b-9c9f-ce2496e57305', 'username': 'organiczebra794', 'password': 'silence', 'salt': 'ruWovzRu', 'md5': 'dd1f6f88d2c4e511f2267a22fa9f2e8e', 'sha1': 'e452d5491c1fdafde2c4386d89127b2e702fc63d', 'sha256': '1d603210a6317e2d1512c28e03a33759d39fcbc4ad046bd9fb4234a6ab5d0de7'}, 'dob': {'date': '1996-06-26T14:12:55.323Z', 'age': 27}, 'registered': {'date': '2005-09-21T20:01:02.878Z', 'age': 18}, 'phone': '954-934-203', 'cell': '692-893-677', 'id': {'name': 'DNI', 'value': '26942784-K'}, 'picture': {'large': 'https://randomuser.me/api/portraits/men/30.jpg', 'medium': 'https://randomuser.me/api/portraits/med/men/30.jpg', 'thumbnail': 'https://randomuser.me/api/portraits/thumb/men/30.jpg'}, 'nat': 'ES'}], 'info': {'seed': '9d9bbb2a56982cf1', 'results': 1, 'page': 1, 'version': '1.4'}}</msg>
<arg>${json_data}</arg>
<doc>Logs the given message with the given level.</doc>
<status status="PASS" start="2024-06-08T07:14:30.013372" elapsed="0.000217"/>
</kw>
<kw name="Dictionary Should Contain Key" owner="Collections">
<msg time="2024-06-08T07:14:30.014037" level="INFO">False</msg>
<arg>${json_data}</arg>
<arg>results</arg>
<doc>Fails if ``key`` is not found from ``dictionary``.</doc>
<status status="PASS" start="2024-06-08T07:14:30.013884" elapsed="0.000190"/>
</kw>
<kw name="Should Not Be Empty" owner="BuiltIn">
<msg time="2024-06-08T07:14:30.014569" level="INFO">Length is 2.</msg>
<arg>${json_data}</arg>
<doc>Verifies that the given item is not empty.</doc>
<status status="PASS" start="2024-06-08T07:14:30.014424" elapsed="0.000185"/>
</kw>
<kw name="Create List" owner="BuiltIn">
<msg time="2024-06-08T07:14:30.015048" level="INFO">${expected_keys} = ['gender', 'name', 'location', 'email', 'login']</msg>
<var>${expected_keys}</var>
<arg>gender</arg>
<arg>name</arg>
<arg>location</arg>
<arg>email</arg>
<arg>login</arg>
<doc>Returns a list containing given items.</doc>
<status status="PASS" start="2024-06-08T07:14:30.014901" elapsed="0.000171"/>
</kw>
<for flavor="IN">
<iter>
<kw name="Dictionary Should Contain Key" owner="Collections">
<msg time="2024-06-08T07:14:30.016037" level="INFO">False</msg>
<arg>${json_data['results'][0]}</arg>
<arg>${key}</arg>
<doc>Fails if ``key`` is not found from ``dictionary``.</doc>
<status status="PASS" start="2024-06-08T07:14:30.015635" elapsed="0.000449"/>
</kw>
<kw name="Log" owner="BuiltIn">
<msg time="2024-06-08T07:14:30.016755" level="INFO">{'gender': 'male', 'name': {'title': 'Mr', 'first': 'Antonio', 'last': 'Duran'}, 'location': {'street': {'number': 581, 'name': 'Calle de Arganzuela'}, 'city': 'Castellón de la Plana', 'state': 'Melilla', 'country': 'Spain', 'postcode': 32266, 'coordinates': {'latitude': '-38.1120', 'longitude': '-13.5175'}, 'timezone': {'offset': '-3:30', 'description': 'Newfoundland'}}, 'email': 'antonio.duran@example.com', 'login': {'uuid': '235042d3-45c3-456b-9c9f-ce2496e57305', 'username': 'organiczebra794', 'password': 'silence', 'salt': 'ruWovzRu', 'md5': 'dd1f6f88d2c4e511f2267a22fa9f2e8e', 'sha1': 'e452d5491c1fdafde2c4386d89127b2e702fc63d', 'sha256': '1d603210a6317e2d1512c28e03a33759d39fcbc4ad046bd9fb4234a6ab5d0de7'}, 'dob': {'date': '1996-06-26T14:12:55.323Z', 'age': 27}, 'registered': {'date': '2005-09-21T20:01:02.878Z', 'age': 18}, 'phone': '954-934-203', 'cell': '692-893-677', 'id': {'name': 'DNI', 'value': '26942784-K'}, 'picture': {'large': 'https://randomuser.me/api/portraits/men/30.jpg', 'medium': 'https://randomuser.me/api/portraits/med/men/30.jpg', 'thumbnail': 'https://randomuser.me/api/portraits/thumb/men/30.jpg'}, 'nat': 'ES'}</msg>
<arg>${json_data['results'][0]}</arg>
<doc>Logs the given message with the given level.</doc>
<status status="PASS" start="2024-06-08T07:14:30.016383" elapsed="0.000423"/>
</kw>
<kw name="Log" owner="BuiltIn">
<msg time="2024-06-08T07:14:30.017244" level="INFO">gender</msg>
<arg>${key}</arg>
<doc>Logs the given message with the given level.</doc>
<status status="PASS" start="2024-06-08T07:14:30.017106" elapsed="0.000175"/>
</kw>
<var name="${key}">gender</var>
<status status="PASS" start="2024-06-08T07:14:30.015510" elapsed="0.001985"/>
</iter>
<iter>
<kw name="Dictionary Should Contain Key" owner="Collections">
<msg time="2024-06-08T07:14:30.018190" level="INFO">False</msg>
<arg>${json_data['results'][0]}</arg>
<arg>${key}</arg>
<doc>Fails if ``key`` is not found from ``dictionary``.</doc>
<status status="PASS" start="2024-06-08T07:14:30.017790" elapsed="0.000443"/>
</kw>
<kw name="Log" owner="BuiltIn">
<msg time="2024-06-08T07:14:30.018924" level="INFO">{'gender': 'male', 'name': {'title': 'Mr', 'first': 'Antonio', 'last': 'Duran'}, 'location': {'street': {'number': 581, 'name': 'Calle de Arganzuela'}, 'city': 'Castellón de la Plana', 'state': 'Melilla', 'country': 'Spain', 'postcode': 32266, 'coordinates': {'latitude': '-38.1120', 'longitude': '-13.5175'}, 'timezone': {'offset': '-3:30', 'description': 'Newfoundland'}}, 'email': 'antonio.duran@example.com', 'login': {'uuid': '235042d3-45c3-456b-9c9f-ce2496e57305', 'username': 'organiczebra794', 'password': 'silence', 'salt': 'ruWovzRu', 'md5': 'dd1f6f88d2c4e511f2267a22fa9f2e8e', 'sha1': 'e452d5491c1fdafde2c4386d89127b2e702fc63d', 'sha256': '1d603210a6317e2d1512c28e03a33759d39fcbc4ad046bd9fb4234a6ab5d0de7'}, 'dob': {'date': '1996-06-26T14:12:55.323Z', 'age': 27}, 'registered': {'date': '2005-09-21T20:01:02.878Z', 'age': 18}, 'phone': '954-934-203', 'cell': '692-893-677', 'id': {'name': 'DNI', 'value': '26942784-K'}, 'picture': {'large': 'https://randomuser.me/api/portraits/men/30.jpg', 'medium': 'https://randomuser.me/api/portraits/med/men/30.jpg', 'thumbnail': 'https://randomuser.me/api/portraits/thumb/men/30.jpg'}, 'nat': 'ES'}</msg>
<arg>${json_data['results'][0]}</arg>
<doc>Logs the given message with the given level.</doc>
<status status="PASS" start="2024-06-08T07:14:30.018559" elapsed="0.000415"/>
</kw>
<kw name="Log" owner="BuiltIn">
<msg time="2024-06-08T07:14:30.019400" level="INFO">name</msg>
<arg>${key}</arg>
<doc>Logs the given message with the given level.</doc>
<status status="PASS" start="2024-06-08T07:14:30.019272" elapsed="0.000166"/>
</kw>
<var name="${key}">name</var>
<status status="PASS" start="2024-06-08T07:14:30.017675" elapsed="0.001982"/>
</iter>
<iter>
<kw name="Dictionary Should Contain Key" owner="Collections">
<msg time="2024-06-08T07:14:30.020324" level="INFO">False</msg>
<arg>${json_data['results'][0]}</arg>
<arg>${key}</arg>
<doc>Fails if ``key`` is not found from ``dictionary``.</doc>
<status status="PASS" start="2024-06-08T07:14:30.019947" elapsed="0.000414"/>
</kw>
<kw name="Log" owner="BuiltIn">
<msg time="2024-06-08T07:14:30.021037" level="INFO">{'gender': 'male', 'name': {'title': 'Mr', 'first': 'Antonio', 'last': 'Duran'}, 'location': {'street': {'number': 581, 'name': 'Calle de Arganzuela'}, 'city': 'Castellón de la Plana', 'state': 'Melilla', 'country': 'Spain', 'postcode': 32266, 'coordinates': {'latitude': '-38.1120', 'longitude': '-13.5175'}, 'timezone': {'offset': '-3:30', 'description': 'Newfoundland'}}, 'email': 'antonio.duran@example.com', 'login': {'uuid': '235042d3-45c3-456b-9c9f-ce2496e57305', 'username': 'organiczebra794', 'password': 'silence', 'salt': 'ruWovzRu', 'md5': 'dd1f6f88d2c4e511f2267a22fa9f2e8e', 'sha1': 'e452d5491c1fdafde2c4386d89127b2e702fc63d', 'sha256': '1d603210a6317e2d1512c28e03a33759d39fcbc4ad046bd9fb4234a6ab5d0de7'}, 'dob': {'date': '1996-06-26T14:12:55.323Z', 'age': 27}, 'registered': {'date': '2005-09-21T20:01:02.878Z', 'age': 18}, 'phone': '954-934-203', 'cell': '692-893-677', 'id': {'name': 'DNI', 'value': '26942784-K'}, 'picture': {'large': 'https://randomuser.me/api/portraits/men/30.jpg', 'medium': 'https://randomuser.me/api/portraits/med/men/30.jpg', 'thumbnail': 'https://randomuser.me/api/portraits/thumb/men/30.jpg'}, 'nat': 'ES'}</msg>
<arg>${json_data['results'][0]}</arg>
<doc>Logs the given message with the given level.</doc>
<status status="PASS" start="2024-06-08T07:14:30.020672" elapsed="0.000416"/>
</kw>
<kw name="Log" owner="BuiltIn">
<msg time="2024-06-08T07:14:30.021514" level="INFO">location</msg>
<arg>${key}</arg>
<doc>Logs the given message with the given level.</doc>
<status status="PASS" start="2024-06-08T07:14:30.021387" elapsed="0.000165"/>
</kw>
<var name="${key}">location</var>
<status status="PASS" start="2024-06-08T07:14:30.019834" elapsed="0.001932"/>
</iter>
<iter>
<kw name="Dictionary Should Contain Key" owner="Collections">
<msg time="2024-06-08T07:14:30.022577" level="INFO">False</msg>
<arg>${json_data['results'][0]}</arg>
<arg>${key}</arg>
<doc>Fails if ``key`` is not found from ``dictionary``.</doc>
<status status="PASS" start="2024-06-08T07:14:30.022048" elapsed="0.000568"/>
</kw>
<kw name="Log" owner="BuiltIn">
<msg time="2024-06-08T07:14:30.023279" level="INFO">{'gender': 'male', 'name': {'title': 'Mr', 'first': 'Antonio', 'last': 'Duran'}, 'location': {'street': {'number': 581, 'name': 'Calle de Arganzuela'}, 'city': 'Castellón de la Plana', 'state': 'Melilla', 'country': 'Spain', 'postcode': 32266, 'coordinates': {'latitude': '-38.1120', 'longitude': '-13.5175'}, 'timezone': {'offset': '-3:30', 'description': 'Newfoundland'}}, 'email': 'antonio.duran@example.com', 'login': {'uuid': '235042d3-45c3-456b-9c9f-ce2496e57305', 'username': 'organiczebra794', 'password': 'silence', 'salt': 'ruWovzRu', 'md5': 'dd1f6f88d2c4e511f2267a22fa9f2e8e', 'sha1': 'e452d5491c1fdafde2c4386d89127b2e702fc63d', 'sha256': '1d603210a6317e2d1512c28e03a33759d39fcbc4ad046bd9fb4234a6ab5d0de7'}, 'dob': {'date': '1996-06-26T14:12:55.323Z', 'age': 27}, 'registered': {'date': '2005-09-21T20:01:02.878Z', 'age': 18}, 'phone': '954-934-203', 'cell': '692-893-677', 'id': {'name': 'DNI', 'value': '26942784-K'}, 'picture': {'large': 'https://randomuser.me/api/portraits/men/30.jpg', 'medium': 'https://randomuser.me/api/portraits/med/men/30.jpg', 'thumbnail': 'https://randomuser.me/api/portraits/thumb/men/30.jpg'}, 'nat': 'ES'}</msg>
<arg>${json_data['results'][0]}</arg>
<doc>Logs the given message with the given level.</doc>
<status status="PASS" start="2024-06-08T07:14:30.022919" elapsed="0.000409"/>
</kw>
<kw name="Log" owner="BuiltIn">
<msg time="2024-06-08T07:14:30.023750" level="INFO">email</msg>
<arg>${key}</arg>
<doc>Logs the given message with the given level.</doc>
<status status="PASS" start="2024-06-08T07:14:30.023624" elapsed="0.000163"/>
</kw>
<var name="${key}">email</var>
<status status="PASS" start="2024-06-08T07:14:30.021936" elapsed="0.002073"/>
</iter>
<iter>
<kw name="Dictionary Should Contain Key" owner="Collections">
<msg time="2024-06-08T07:14:30.024674" level="INFO">False</msg>
<arg>${json_data['results'][0]}</arg>
<arg>${key}</arg>
<doc>Fails if ``key`` is not found from ``dictionary``.</doc>
<status status="PASS" start="2024-06-08T07:14:30.024295" elapsed="0.000416"/>
</kw>
<kw name="Log" owner="BuiltIn">
<msg time="2024-06-08T07:14:30.025376" level="INFO">{'gender': 'male', 'name': {'title': 'Mr', 'first': 'Antonio', 'last': 'Duran'}, 'location': {'street': {'number': 581, 'name': 'Calle de Arganzuela'}, 'city': 'Castellón de la Plana', 'state': 'Melilla', 'country': 'Spain', 'postcode': 32266, 'coordinates': {'latitude': '-38.1120', 'longitude': '-13.5175'}, 'timezone': {'offset': '-3:30', 'description': 'Newfoundland'}}, 'email': 'antonio.duran@example.com', 'login': {'uuid': '235042d3-45c3-456b-9c9f-ce2496e57305', 'username': 'organiczebra794', 'password': 'silence', 'salt': 'ruWovzRu', 'md5': 'dd1f6f88d2c4e511f2267a22fa9f2e8e', 'sha1': 'e452d5491c1fdafde2c4386d89127b2e702fc63d', 'sha256': '1d603210a6317e2d1512c28e03a33759d39fcbc4ad046bd9fb4234a6ab5d0de7'}, 'dob': {'date': '1996-06-26T14:12:55.323Z', 'age': 27}, 'registered': {'date': '2005-09-21T20:01:02.878Z', 'age': 18}, 'phone': '954-934-203', 'cell': '692-893-677', 'id': {'name': 'DNI', 'value': '26942784-K'}, 'picture': {'large': 'https://randomuser.me/api/portraits/men/30.jpg', 'medium': 'https://randomuser.me/api/portraits/med/men/30.jpg', 'thumbnail': 'https://randomuser.me/api/portraits/thumb/men/30.jpg'}, 'nat': 'ES'}</msg>
<arg>${json_data['results'][0]}</arg>
<doc>Logs the given message with the given level.</doc>
<status status="PASS" start="2024-06-08T07:14:30.025015" elapsed="0.000411"/>
</kw>
<kw name="Log" owner="BuiltIn">
<msg time="2024-06-08T07:14:30.025850" level="INFO">login</msg>
<arg>${key}</arg>
<doc>Logs the given message with the given level.</doc>
<status status="PASS" start="2024-06-08T07:14:30.025724" elapsed="0.000165"/>
</kw>
<var name="${key}">login</var>
<status status="PASS" start="2024-06-08T07:14:30.024183" elapsed="0.001921"/>
</iter>
<var>${key}</var>
<value>@{expected_keys}</value>
<status status="PASS" start="2024-06-08T07:14:30.015329" elapsed="0.010952"/>
</for>
<kw name="Create List" owner="BuiltIn">
<msg time="2024-06-08T07:14:30.026618" level="INFO">${expected_keysTwo} = ['username', 'password']</msg>
<var>${expected_keysTwo}</var>
<arg>username</arg>
<arg>password</arg>
<doc>Returns a list containing given items.</doc>
<status status="PASS" start="2024-06-08T07:14:30.026482" elapsed="0.000159"/>
</kw>
<for flavor="IN">
<iter>
<kw name="Dictionary Should Contain Key" owner="Collections">
<msg time="2024-06-08T07:14:30.027504" level="INFO">False</msg>
<arg>${json_data['results'][0]['login']}</arg>
<arg>${keyTwo}</arg>
<doc>Fails if ``key`` is not found from ``dictionary``.</doc>
<status status="PASS" start="2024-06-08T07:14:30.027131" elapsed="0.000410"/>
</kw>
<kw name="Dictionary Should Contain Key" owner="Collections">
<msg time="2024-06-08T07:14:30.028224" level="INFO">False</msg>
<arg>${json_data['results'][0]['login']}</arg>
<arg>${keyTwo}</arg>
<doc>Fails if ``key`` is not found from ``dictionary``.</doc>
<status status="PASS" start="2024-06-08T07:14:30.027838" elapsed="0.000424"/>
</kw>
<kw name="Log" owner="BuiltIn">
<msg time="2024-06-08T07:14:30.028683" level="INFO">username</msg>
<arg>${keyTwo}</arg>
<doc>Logs the given message with the given level.</doc>
<status status="PASS" start="2024-06-08T07:14:30.028555" elapsed="0.000165"/>
</kw>
<var name="${keyTwo}">username</var>
<status status="PASS" start="2024-06-08T07:14:30.027022" elapsed="0.001916"/>
</iter>
<iter>
<kw name="Dictionary Should Contain Key" owner="Collections">
<msg time="2024-06-08T07:14:30.029605" level="INFO">False</msg>
<arg>${json_data['results'][0]['login']}</arg>
<arg>${keyTwo}</arg>
<doc>Fails if ``key`` is not found from ``dictionary``.</doc>
<status status="PASS" start="2024-06-08T07:14:30.029217" elapsed="0.000424"/>
</kw>
<kw name="Dictionary Should Contain Key" owner="Collections">
<msg time="2024-06-08T07:14:30.030358" level="INFO">False</msg>
<arg>${json_data['results'][0]['login']}</arg>
<arg>${keyTwo}</arg>
<doc>Fails if ``key`` is not found from ``dictionary``.</doc>
<status status="PASS" start="2024-06-08T07:14:30.029934" elapsed="0.000462"/>
</kw>
<kw name="Log" owner="BuiltIn">
<msg time="2024-06-08T07:14:30.030821" level="INFO">password</msg>
<arg>${keyTwo}</arg>
<doc>Logs the given message with the given level.</doc>
<status status="PASS" start="2024-06-08T07:14:30.030692" elapsed="0.000168"/>
</kw>
<var name="${keyTwo}">password</var>
<status status="PASS" start="2024-06-08T07:14:30.029107" elapsed="0.001967"/>
</iter>
<var>${keyTwo}</var>
<value>@{expected_keysTwo}</value>
<status status="PASS" start="2024-06-08T07:14:30.026874" elapsed="0.004318"/>
</for>
<status status="PASS" start="2024-06-08T07:14:29.916175" elapsed="0.115153"/>
</kw>
<doc>Testa a estrutura da resposta da API.</doc>
<tag>testeEstruturaResposta</tag>
<status status="PASS" start="2024-06-08T07:14:29.915517" elapsed="0.115958"/>
</test>
<test id="s1-s1-t4" name="Validar tipos de dados" line="28">
<kw name="Teste de Tipos de Dados" owner="random-user-service">
<kw name="GET On Session" owner="RequestsLibrary">
<msg time="2024-06-08T07:14:30.121127" level="INFO">GET Request : url=https://randomuser.me/api 
 path_url=/api 
 headers={'User-Agent': 'python-requests/2.32.3', 'Accept-Encoding': 'gzip, deflate', 'Accept': '*/*', 'Connection': 'keep-alive'} 
 body=None 
 </msg>
<msg time="2024-06-08T07:14:30.121193" level="INFO">GET Response : url=https://randomuser.me/api 
 status=200, reason=OK 
 headers={'Date': 'Sat, 08 Jun 2024 07:14:30 GMT', 'Content-Type': 'application/json; charset=utf-8', 'Transfer-Encoding': 'chunked', 'Connection': 'keep-alive', 'X-Powered-By': 'Express', 'Access-Control-Allow-Origin': '*', 'Cache-Control': 'no-cache', 'ETag': 'W/"4ae-HhUvGTD5uJZPEOkhJi/ViV7a+K4"', 'Vary': 'Accept-Encoding', 'Content-Encoding': 'gzip', 'CF-Cache-Status': 'DYNAMIC', 'Report-To': '{"endpoints":[{"url":"https:\\/\\/a.nel.cloudflare.com\\/report\\/v4?s=ck4fve119OtNvifRdFBjEED8jqWIrHD6UX%2F1AQrxvtdWuq%2BG9fE0Dk3EAdF8vP9d2ilLTu9TkQQ08lZe8IL8EVzqzIvBKHG3D94lbgHW%2FiQFyfiYoWQALLpDL17LYiGi"}],"group":"cf-nel","max_age":604800}', 'NEL': '{"success_fraction":0,"report_to":"cf-nel","max_age":604800}', 'Server': 'cloudflare', 'CF-RAY': '890715d9b970082f-IAD', 'alt-svc': 'h3=":443"; ma=86400'} 
 body={"results":[{"gender":"female","name":{"title":"Mrs","first":"Maëva","last":"Gaillard"},"location":{"street":{"number":3640,"name":"Place de L'Europe"},"city":"Bordeaux","state":"Loire-Atlantique","country":"France","postcode":97797,"coordinates":{"latitude":"-20.2275","longitude":"84.8134"},"timezone":{"offset":"+4:00","description":"Abu Dhabi, Muscat, Baku, Tbilisi"}},"email":"maeva.gaillard@example.com","login":{"uuid":"c56a5329-f745-4cff-8c26-c2d72f265d65","username":"happyrabbit224","password":"beerbeer","salt":"EtuV87VV","md5":"e1c320f5a85be2c1a66b2335b33e0699","sha1":"29ffb76abd733824a673977fb9b50a6b14921550","sha256":"75103fc174a52212322f786107fdc095296f2e4e69836fa15677c64c311b42b5"},"dob":{"date":"1990-11-21T17:21:13.119Z","age":33},"registered":{"date":"2012-02-18T10:55:38.717Z","age":12},"phone":"05-14-38-33-06","cell":"06-46-14-18-82","id":{"name":"INSEE","value":"2901074792508 36"},"picture":{"large":"https://randomuser.me/api/portraits/women/16.jpg","medium":"https://randomuser.me/api/portraits/med/women/16.jpg","thumbnail":"https://randomuser.me/api/portraits/thumb/women/16.jpg"},"nat":"FR"}],"info":{"seed":"1c14b9c735623e91","results":1,"page":1,"version":"1.4"}} 
 </msg>
<msg time="2024-06-08T07:14:30.121251" level="INFO">/opt/hostedtoolcache/Python/3.12.3/x64/lib/python3.12/site-packages/urllib3/connectionpool.py:1103: InsecureRequestWarning: Unverified HTTPS request is being made to host 'randomuser.me'. Adding certificate verification is strongly advised. See: https://urllib3.readthedocs.io/en/latest/advanced-usage.html#tls-warnings
  warnings.warn(</msg>
<msg time="2024-06-08T07:14:30.121357" level="INFO">${response} = &lt;Response [200]&gt;</msg>
<var>${response}</var>
<arg>consultarAPI</arg>
<arg>/api</arg>
<doc>Sends a GET request on a previously created HTTP Session.</doc>
<status status="PASS" start="2024-06-08T07:14:30.033955" elapsed="0.087441"/>
</kw>
<kw name="Set Variable" owner="BuiltIn">
<msg time="2024-06-08T07:14:30.122259" level="INFO">${json_data} = {'results': [{'gender': 'female', 'name': {'title': 'Mrs', 'first': 'Maëva', 'last': 'Gaillard'}, 'location': {'street': {'number': 3640, 'name': "Place de L'Europe"}, 'city': 'Bordeaux', 'state': 'Lo...</msg>
<var>${json_data}</var>
<arg>${response.json()}</arg>
<doc>Returns the given values which can then be assigned to a variables.</doc>
<status status="PASS" start="2024-06-08T07:14:30.121770" elapsed="0.000519"/>
</kw>
<kw name="Log" owner="BuiltIn">
<msg time="2024-06-08T07:14:30.122759" level="INFO">{'results': [{'gender': 'female', 'name': {'title': 'Mrs', 'first': 'Maëva', 'last': 'Gaillard'}, 'location': {'street': {'number': 3640, 'name': "Place de L'Europe"}, 'city': 'Bordeaux', 'state': 'Loire-Atlantique', 'country': 'France', 'postcode': 97797, 'coordinates': {'latitude': '-20.2275', 'longitude': '84.8134'}, 'timezone': {'offset': '+4:00', 'description': 'Abu Dhabi, Muscat, Baku, Tbilisi'}}, 'email': 'maeva.gaillard@example.com', 'login': {'uuid': 'c56a5329-f745-4cff-8c26-c2d72f265d65', 'username': 'happyrabbit224', 'password': 'beerbeer', 'salt': 'EtuV87VV', 'md5': 'e1c320f5a85be2c1a66b2335b33e0699', 'sha1': '29ffb76abd733824a673977fb9b50a6b14921550', 'sha256': '75103fc174a52212322f786107fdc095296f2e4e69836fa15677c64c311b42b5'}, 'dob': {'date': '1990-11-21T17:21:13.119Z', 'age': 33}, 'registered': {'date': '2012-02-18T10:55:38.717Z', 'age': 12}, 'phone': '05-14-38-33-06', 'cell': '06-46-14-18-82', 'id': {'name': 'INSEE', 'value': '2901074792508 36'}, 'picture': {'large': 'https://randomuser.me/api/portraits/women/16.jpg', 'medium': 'https://randomuser.me/api/portraits/med/women/16.jpg', 'thumbnail': 'https://randomuser.me/api/portraits/thumb/women/16.jpg'}, 'nat': 'FR'}], 'info': {'seed': '1c14b9c735623e91', 'results': 1, 'page': 1, 'version': '1.4'}}</msg>
<arg>${json_data}</arg>
<doc>Logs the given message with the given level.</doc>
<status status="PASS" start="2024-06-08T07:14:30.122601" elapsed="0.000242"/>
</kw>
<kw name="Should Be String" owner="String">
<arg>${json_data['results'][0]['gender']}</arg>
<doc>Fails if the given ``item`` is not a string.</doc>
<status status="PASS" start="2024-06-08T07:14:30.123164" elapsed="0.000374"/>
</kw>
<kw name="Should Match Regexp" owner="BuiltIn">
<arg>${json_data['results'][0]['email']}</arg>
<arg>^[a-zA-Z0-9._%+-]+@[a-zA-Z0-9.-]+\.[a-zA-Z]{2,}$</arg>
<doc>Fails if ``string`` does not match ``pattern`` as a regular expression.</doc>
<status status="PASS" start="2024-06-08T07:14:30.123739" elapsed="0.000628"/>
</kw>
<kw name="Should Match Regexp" owner="BuiltIn">
<arg>${json_data['results'][0]['dob']['date']}</arg>
<arg>\\d{4}-\\d{2}-\\d{2}T\\d{2}:\\d{2}:\\d{2}\\.\\d{3}Z</arg>
<doc>Fails if ``string`` does not match ``pattern`` as a regular expression.</doc>
<status status="PASS" start="2024-06-08T07:14:30.124566" elapsed="0.000486"/>
</kw>
<kw name="Should Match Regexp" owner="BuiltIn">
<arg>${json_data['results'][0]['registered']['date']}</arg>
<arg>\\d{4}-\\d{2}-\\d{2}T\\d{2}:\\d{2}:\\d{2}\\.\\d{3}Z</arg>
<doc>Fails if ``string`` does not match ``pattern`` as a regular expression.</doc>
<status status="PASS" start="2024-06-08T07:14:30.125247" elapsed="0.000366"/>
</kw>
<kw name="Should Match Regexp" owner="BuiltIn">
<arg>${json_data['results'][0]['picture']['large']}</arg>
<arg>^https?://.*\.(?:png|jpe?g|gif|bmp)$</arg>
<doc>Fails if ``string`` does not match ``pattern`` as a regular expression.</doc>
<status status="PASS" start="2024-06-08T07:14:30.125801" elapsed="0.000482"/>
</kw>
<kw name="Should Match Regexp" owner="BuiltIn">
<arg>${json_data['results'][0]['picture']['medium']}</arg>
<arg>^https?://.*\.(?:png|jpe?g|gif|bmp)$</arg>
<doc>Fails if ``string`` does not match ``pattern`` as a regular expression.</doc>
<status status="PASS" start="2024-06-08T07:14:30.126476" elapsed="0.000353"/>
</kw>
<kw name="Should Match Regexp" owner="BuiltIn">
<arg>${json_data['results'][0]['picture']['thumbnail']}</arg>
<arg>^https?://.*\.(?:png|jpe?g|gif|bmp)$</arg>
<doc>Fails if ``string`` does not match ``pattern`` as a regular expression.</doc>
<status status="PASS" start="2024-06-08T07:14:30.127015" elapsed="0.000348"/>
</kw>
<kw name="Log" owner="BuiltIn">
<msg time="2024-06-08T07:14:30.127869" level="INFO">{'large': 'https://randomuser.me/api/portraits/women/16.jpg', 'medium': 'https://randomuser.me/api/portraits/med/women/16.jpg', 'thumbnail': 'https://randomuser.me/api/portraits/thumb/women/16.jpg'}</msg>
<arg>${json_data['results'][0]['picture']}</arg>
<doc>Logs the given message with the given level.</doc>
<status status="PASS" start="2024-06-08T07:14:30.127546" elapsed="0.000366"/>
</kw>
<status status="PASS" start="2024-06-08T07:14:30.033721" elapsed="0.094444"/>
</kw>
<kw name="Teste de Tipos de Dados - Postcode" owner="random-user-service">
<kw name="GET On Session" owner="RequestsLibrary">
<msg time="2024-06-08T07:14:30.211806" level="INFO">GET Request : url=https://randomuser.me/api 
 path_url=/api 
 headers={'User-Agent': 'python-requests/2.32.3', 'Accept-Encoding': 'gzip, deflate', 'Accept': '*/*', 'Connection': 'keep-alive'} 
 body=None 
 </msg>
<msg time="2024-06-08T07:14:30.211889" level="INFO">GET Response : url=https://randomuser.me/api 
 status=200, reason=OK 
 headers={'Date': 'Sat, 08 Jun 2024 07:14:30 GMT', 'Content-Type': 'application/json; charset=utf-8', 'Transfer-Encoding': 'chunked', 'Connection': 'keep-alive', 'X-Powered-By': 'Express', 'Access-Control-Allow-Origin': '*', 'Cache-Control': 'no-cache', 'ETag': 'W/"47a-cWQI/DSU7SolM9amj/4K6qVA+/E"', 'Vary': 'Accept-Encoding', 'Content-Encoding': 'gzip', 'CF-Cache-Status': 'DYNAMIC', 'Report-To': '{"endpoints":[{"url":"https:\\/\\/a.nel.cloudflare.com\\/report\\/v4?s=daDgyrnpHgaOtBKU0vKuZjGlDbcc1UmbF2L1GJhSox9c2rJzf5cbBwcA6i%2FQWs9zuC2o2au30lbQxvIglYgO2sj7%2FtO%2BvX5ZJyxswGfP0k6WUVmFrHh1M82UUS5emGRo"}],"group":"cf-nel","max_age":604800}', 'NEL': '{"success_fraction":0,"report_to":"cf-nel","max_age":604800}', 'Server': 'cloudflare', 'CF-RAY': '890715da59db082f-IAD', 'alt-svc': 'h3=":443"; ma=86400'} 
 body={"results":[{"gender":"female","name":{"title":"Ms","first":"Mavka","last":"Sirko"},"location":{"street":{"number":2015,"name":"Bogunska"},"city":"Brodi","state":"Odeska","country":"Ukraine","postcode":54931,"coordinates":{"latitude":"76.0069","longitude":"60.2450"},"timezone":{"offset":"+4:00","description":"Abu Dhabi, Muscat, Baku, Tbilisi"}},"email":"mavka.sirko@example.com","login":{"uuid":"7cda3119-7cc2-497e-aa4d-a5ae2ff1ccbb","username":"smallostrich382","password":"coors","salt":"XWiLB5iN","md5":"aa79607b6438e961b0c3649583c4918b","sha1":"e054d8044cb354ede9942d4f147d9a19c06fbc5f","sha256":"4161eb993e41ca5faf93136595f779c7eeb8309c676aea2c342e47b6d72c1a50"},"dob":{"date":"1981-01-19T14:58:52.219Z","age":43},"registered":{"date":"2020-02-05T00:41:25.439Z","age":4},"phone":"(099) Z08-8761","cell":"(097) V45-1398","id":{"name":"","value":null},"picture":{"large":"https://randomuser.me/api/portraits/women/14.jpg","medium":"https://randomuser.me/api/portraits/med/women/14.jpg","thumbnail":"https://randomuser.me/api/portraits/thumb/women/14.jpg"},"nat":"UA"}],"info":{"seed":"9355b83be7076178","results":1,"page":1,"version":"1.4"}} 
 </msg>
<msg time="2024-06-08T07:14:30.211958" level="INFO">/opt/hostedtoolcache/Python/3.12.3/x64/lib/python3.12/site-packages/urllib3/connectionpool.py:1103: InsecureRequestWarning: Unverified HTTPS request is being made to host 'randomuser.me'. Adding certificate verification is strongly advised. See: https://urllib3.readthedocs.io/en/latest/advanced-usage.html#tls-warnings
  warnings.warn(</msg>
<msg time="2024-06-08T07:14:30.212094" level="INFO">${response} = &lt;Response [200]&gt;</msg>
<var>${response}</var>
<arg>consultarAPI</arg>
<arg>/api</arg>
<doc>Sends a GET request on a previously created HTTP Session.</doc>
<status status="PASS" start="2024-06-08T07:14:30.128593" elapsed="0.083556"/>
</kw>
<kw name="Set Variable" owner="BuiltIn">
<msg time="2024-06-08T07:14:30.213064" level="INFO">${json_data} = {'results': [{'gender': 'female', 'name': {'title': 'Ms', 'first': 'Mavka', 'last': 'Sirko'}, 'location': {'street': {'number': 2015, 'name': 'Bogunska'}, 'city': 'Brodi', 'state': 'Odeska', 'country'...</msg>
<var>${json_data}</var>
<arg>${response.json()}</arg>
<doc>Returns the given values which can then be assigned to a variables.</doc>
<status status="PASS" start="2024-06-08T07:14:30.212628" elapsed="0.000463"/>
</kw>
<kw name="Log" owner="BuiltIn">
<msg time="2024-06-08T07:14:30.213547" level="INFO">{'results': [{'gender': 'female', 'name': {'title': 'Ms', 'first': 'Mavka', 'last': 'Sirko'}, 'location': {'street': {'number': 2015, 'name': 'Bogunska'}, 'city': 'Brodi', 'state': 'Odeska', 'country': 'Ukraine', 'postcode': 54931, 'coordinates': {'latitude': '76.0069', 'longitude': '60.2450'}, 'timezone': {'offset': '+4:00', 'description': 'Abu Dhabi, Muscat, Baku, Tbilisi'}}, 'email': 'mavka.sirko@example.com', 'login': {'uuid': '7cda3119-7cc2-497e-aa4d-a5ae2ff1ccbb', 'username': 'smallostrich382', 'password': 'coors', 'salt': 'XWiLB5iN', 'md5': 'aa79607b6438e961b0c3649583c4918b', 'sha1': 'e054d8044cb354ede9942d4f147d9a19c06fbc5f', 'sha256': '4161eb993e41ca5faf93136595f779c7eeb8309c676aea2c342e47b6d72c1a50'}, 'dob': {'date': '1981-01-19T14:58:52.219Z', 'age': 43}, 'registered': {'date': '2020-02-05T00:41:25.439Z', 'age': 4}, 'phone': '(099) Z08-8761', 'cell': '(097) V45-1398', 'id': {'name': '', 'value': None}, 'picture': {'large': 'https://randomuser.me/api/portraits/women/14.jpg', 'medium': 'https://randomuser.me/api/portraits/med/women/14.jpg', 'thumbnail': 'https://randomuser.me/api/portraits/thumb/women/14.jpg'}, 'nat': 'UA'}], 'info': {'seed': '9355b83be7076178', 'results': 1, 'page': 1, 'version': '1.4'}}</msg>
<arg>${json_data}</arg>
<doc>Logs the given message with the given level.</doc>
<status status="PASS" start="2024-06-08T07:14:30.213396" elapsed="0.000226"/>
</kw>
<kw name="Should Be Equal As Numbers" owner="BuiltIn">
<arg>${json_data['results'][0]['location']['postcode']}</arg>
<arg>${json_data['results'][0]['location']['postcode']}</arg>
<doc>Fails if objects are unequal after converting them to real numbers.</doc>
<status status="PASS" start="2024-06-08T07:14:30.213920" elapsed="0.000647"/>
</kw>
<kw name="Log" owner="BuiltIn">
<msg time="2024-06-08T07:14:30.215096" level="INFO">54931</msg>
<arg>${json_data['results'][0]['location']['postcode']}</arg>
<doc>Logs the given message with the given level.</doc>
<status status="PASS" start="2024-06-08T07:14:30.214756" elapsed="0.000381"/>
</kw>
<status status="PASS" start="2024-06-08T07:14:30.128375" elapsed="0.087009"/>
</kw>
<doc>Testa se os tipos de dados na resposta da API estão corretos.</doc>
<tag>testeTiposDados</tag>
<status status="PASS" start="2024-06-08T07:14:30.033202" elapsed="0.182339"/>
</test>
<test id="s1-s1-t5" name="Validar conteudo" line="35">
<kw name="Teste de Tipos de Conteudo" owner="random-user-service">
<kw name="GET On Session" owner="RequestsLibrary">
<msg time="2024-06-08T07:14:30.320486" level="INFO">GET Request : url=https://randomuser.me/api 
 path_url=/api 
 headers={'User-Agent': 'python-requests/2.32.3', 'Accept-Encoding': 'gzip, deflate', 'Accept': '*/*', 'Connection': 'keep-alive'} 
 body=None 
 </msg>
<msg time="2024-06-08T07:14:30.320568" level="INFO">GET Response : url=https://randomuser.me/api 
 status=200, reason=OK 
 headers={'Date': 'Sat, 08 Jun 2024 07:14:30 GMT', 'Content-Type': 'application/json; charset=utf-8', 'Transfer-Encoding': 'chunked', 'Connection': 'keep-alive', 'X-Powered-By': 'Express', 'Access-Control-Allow-Origin': '*', 'Cache-Control': 'no-cache', 'ETag': 'W/"4a1-4ipzgo1tX4n/ZlUoa5BAH42woFc"', 'Vary': 'Accept-Encoding', 'Content-Encoding': 'gzip', 'CF-Cache-Status': 'DYNAMIC', 'Report-To': '{"endpoints":[{"url":"https:\\/\\/a.nel.cloudflare.com\\/report\\/v4?s=KFMrV8yFCAauJrAFFE5MIGo9EHrMUXXWJHTUZN21DqNjqK9oFTvegAmdKtZm0j0v3bZ1D%2F%2BFTKmrw7TA01hk72ohnMiibJYMjCA%2BDkPqzIx285%2B8O1HzlJygNAGSxCFU"}],"group":"cf-nel","max_age":604800}', 'NEL': '{"success_fraction":0,"report_to":"cf-nel","max_age":604800}', 'Server': 'cloudflare', 'CF-RAY': '890715dada3d082f-IAD', 'alt-svc': 'h3=":443"; ma=86400'} 
 body={"results":[{"gender":"male","name":{"title":"Mr","first":"Antonio","last":"Henderson"},"location":{"street":{"number":742,"name":"Pockrus Page Rd"},"city":"Hervey Bay","state":"New South Wales","country":"Australia","postcode":4246,"coordinates":{"latitude":"-82.7826","longitude":"-148.0798"},"timezone":{"offset":"-4:00","description":"Atlantic Time (Canada), Caracas, La Paz"}},"email":"antonio.henderson@example.com","login":{"uuid":"0641a730-7695-479b-8433-4a67aba63f23","username":"brownduck367","password":"daffy","salt":"EyLtDJTX","md5":"0b5b564feaff433e644140fd4833b11a","sha1":"c1d630aecdd3bc839361cdba6a76e172c250c16c","sha256":"bc43ddfdbe3ccbae48dd834c5ea765785cce22506790f66f74a77a922c1e8168"},"dob":{"date":"1983-04-18T19:31:44.362Z","age":41},"registered":{"date":"2010-10-28T19:40:17.435Z","age":13},"phone":"06-6631-9129","cell":"0435-210-114","id":{"name":"TFN","value":"881544346"},"picture":{"large":"https://randomuser.me/api/portraits/men/45.jpg","medium":"https://randomuser.me/api/portraits/med/men/45.jpg","thumbnail":"https://randomuser.me/api/portraits/thumb/men/45.jpg"},"nat":"AU"}],"info":{"seed":"fe26fe9874c687a4","results":1,"page":1,"version":"1.4"}} 
 </msg>
<msg time="2024-06-08T07:14:30.320627" level="INFO">/opt/hostedtoolcache/Python/3.12.3/x64/lib/python3.12/site-packages/urllib3/connectionpool.py:1103: InsecureRequestWarning: Unverified HTTPS request is being made to host 'randomuser.me'. Adding certificate verification is strongly advised. See: https://urllib3.readthedocs.io/en/latest/advanced-usage.html#tls-warnings
  warnings.warn(</msg>
<msg time="2024-06-08T07:14:30.320728" level="INFO">${response} = &lt;Response [200]&gt;</msg>
<var>${response}</var>
<arg>consultarAPI</arg>
<arg>/api</arg>
<doc>Sends a GET request on a previously created HTTP Session.</doc>
<status status="PASS" start="2024-06-08T07:14:30.217988" elapsed="0.102798"/>
</kw>
<kw name="Set Variable" owner="BuiltIn">
<msg time="2024-06-08T07:14:30.321854" level="INFO">${json_data} = {'results': [{'gender': 'male', 'name': {'title': 'Mr', 'first': 'Antonio', 'last': 'Henderson'}, 'location': {'street': {'number': 742, 'name': 'Pockrus Page Rd'}, 'city': 'Hervey Bay', 'state': 'New...</msg>
<var>${json_data}</var>
<arg>${response.json()}</arg>
<doc>Returns the given values which can then be assigned to a variables.</doc>
<status status="PASS" start="2024-06-08T07:14:30.321295" elapsed="0.000586"/>
</kw>
<kw name="Set Variable" owner="BuiltIn">
<msg time="2024-06-08T07:14:30.322615" level="INFO">${name_title} = Mr</msg>
<var>${name_title}</var>
<arg>${json_data["results"][0]["name"]["title"]}</arg>
<doc>Returns the given values which can then be assigned to a variables.</doc>
<status status="PASS" start="2024-06-08T07:14:30.322218" elapsed="0.000422"/>
</kw>
<kw name="Create List" owner="BuiltIn">
<msg time="2024-06-08T07:14:30.323092" level="INFO">${allowed_titles} = ['Mr', 'Ms', 'Miss', 'Mrs', 'Madame', 'Monsieur']</msg>
<var>${allowed_titles}</var>
<arg>Mr</arg>
<arg>Ms</arg>
<arg>Miss</arg>
<arg>Mrs</arg>
<arg>Madame</arg>
<arg>Monsieur</arg>
<doc>Returns a list containing given items.</doc>
<status status="PASS" start="2024-06-08T07:14:30.322941" elapsed="0.000175"/>
</kw>
<kw name="List Should Contain Value" owner="Collections">
<msg time="2024-06-08T07:14:30.323595" level="INFO">False</msg>
<arg>${allowed_titles}</arg>
<arg>${name_title}</arg>
<doc>Fails if the ``value`` is not found from ``list``.</doc>
<status status="PASS" start="2024-06-08T07:14:30.323421" elapsed="0.000210"/>
</kw>
<kw name="Set Variable" owner="BuiltIn">
<msg time="2024-06-08T07:14:30.324455" level="INFO">${name_country} = AU</msg>
<var>${name_country}</var>
<arg>${json_data["results"][0]["nat"]}</arg>
<doc>Returns the given values which can then be assigned to a variables.</doc>
<status status="PASS" start="2024-06-08T07:14:30.323922" elapsed="0.000558"/>
</kw>
<kw name="Create List" owner="BuiltIn">
<msg time="2024-06-08T07:14:30.325388" level="INFO">${list_country} = ['AD', 'AE', 'AF', 'AG', 'AI', 'AL', 'AM', 'AO', 'AQ', 'AR', 'AS', 'AT', 'AU', 'AW', 'AX', 'AZ', 'BA', 'BB', 'BD', 'BE', 'BF', 'BG', 'BH', 'BI', 'BJ', 'BL', 'BM', 'BN', 'BO', 'BQ', 'BR', 'BS', 'BT', '...</msg>
<var>${list_country}</var>
<arg>AD</arg>
<arg>AE</arg>
<arg>AF</arg>
<arg>AG</arg>
<arg>AI</arg>
<arg>AL</arg>
<arg>AM</arg>
<arg>AO</arg>
<arg>AQ</arg>
<arg>AR</arg>
<arg>AS</arg>
<arg>AT</arg>
<arg>AU</arg>
<arg>AW</arg>
<arg>AX</arg>
<arg>AZ</arg>
<arg>BA</arg>
<arg>BB</arg>
<arg>BD</arg>
<arg>BE</arg>
<arg>BF</arg>
<arg>BG</arg>
<arg>BH</arg>
<arg>BI</arg>
<arg>BJ</arg>
<arg>BL</arg>
<arg>BM</arg>
<arg>BN</arg>
<arg>BO</arg>
<arg>BQ</arg>
<arg>BR</arg>
<arg>BS</arg>
<arg>BT</arg>
<arg>BV</arg>
<arg>BW</arg>
<arg>BY</arg>
<arg>BZ</arg>
<arg>CA</arg>
<arg>CC</arg>
<arg>CD</arg>
<arg>CF</arg>
<arg>CG</arg>
<arg>CH</arg>
<arg>CI</arg>
<arg>CK</arg>
<arg>CL</arg>
<arg>CM</arg>
<arg>CN</arg>
<arg>CO</arg>
<arg>CR</arg>
<arg>CU</arg>
<arg>CV</arg>
<arg>CW</arg>
<arg>CX</arg>
<arg>CY</arg>
<arg>CZ</arg>
<arg>DE</arg>
<arg>DJ</arg>
<arg>DK</arg>
<arg>DM</arg>
<arg>DO</arg>
<arg>DZ</arg>
<arg>EC</arg>
<arg>EE</arg>
<arg>EG</arg>
<arg>EH</arg>
<arg>ER</arg>
<arg>ES</arg>
<arg>ET</arg>
<arg>FI</arg>
<arg>FJ</arg>
<arg>FK</arg>
<arg>FM</arg>
<arg>FO</arg>
<arg>FR</arg>
<arg>GA</arg>
<arg>GB</arg>
<arg>GD</arg>
<arg>GE</arg>
<arg>GF</arg>
<arg>GG</arg>
<arg>GH</arg>
<arg>GI</arg>
<arg>GL</arg>
<arg>GM</arg>
<arg>GN</arg>
<arg>GP</arg>
<arg>GQ</arg>
<arg>GR</arg>
<arg>GS</arg>
<arg>GT</arg>
<arg>GU</arg>
<arg>GW</arg>
<arg>GY</arg>
<arg>HK</arg>
<arg>HM</arg>
<arg>HN</arg>
<arg>HR</arg>
<arg>HT</arg>
<arg>HU</arg>
<arg>ID</arg>
<arg>IE</arg>
<arg>IL</arg>
<arg>IM</arg>
<arg>IN</arg>
<arg>IO</arg>
<arg>IQ</arg>
<arg>IR</arg>
<arg>IS</arg>
<arg>IT</arg>
<arg>JE</arg>
<arg>JM</arg>
<arg>JO</arg>
<arg>JP</arg>
<arg>KE</arg>
<arg>KG</arg>
<arg>KH</arg>
<arg>KI</arg>
<arg>KM</arg>
<arg>KN</arg>
<arg>KP</arg>
<arg>KR</arg>
<arg>KW</arg>
<arg>KY</arg>
<arg>KZ</arg>
<arg>LA</arg>
<arg>LB</arg>
<arg>LC</arg>
<arg>LI</arg>
<arg>LK</arg>
<arg>LR</arg>
<arg>LS</arg>
<arg>LT</arg>
<arg>LU</arg>
<arg>LV</arg>
<arg>LY</arg>
<arg>MA</arg>
<arg>MC</arg>
<arg>MD</arg>
<arg>ME</arg>
<arg>MF</arg>
<arg>MG</arg>
<arg>MH</arg>
<arg>MK</arg>
<arg>ML</arg>
<arg>MM</arg>
<arg>MN</arg>
<arg>MO</arg>
<arg>MP</arg>
<arg>MQ</arg>
<arg>MR</arg>
<arg>MS</arg>
<arg>MT</arg>
<arg>MU</arg>
<arg>MV</arg>
<arg>MW</arg>
<arg>MX</arg>
<arg>MY</arg>
<arg>MZ</arg>
<arg>NA</arg>
<arg>NC</arg>
<arg>NE</arg>
<arg>NF</arg>
<arg>NG</arg>
<arg>NI</arg>
<arg>NL</arg>
<arg>NO</arg>
<arg>NP</arg>
<arg>NR</arg>
<arg>NU</arg>
<arg>NZ</arg>
<arg>OM</arg>
<arg>PA</arg>
<arg>PE</arg>
<arg>PF</arg>
<arg>PG</arg>
<arg>PH</arg>
<arg>PK</arg>
<arg>PL</arg>
<arg>PM</arg>
<arg>PN</arg>
<arg>PR</arg>
<arg>PS</arg>
<arg>PT</arg>
<arg>PW</arg>
<arg>PY</arg>
<arg>QA</arg>
<arg>RE</arg>
<arg>RO</arg>
<arg>RS</arg>
<arg>RU</arg>
<arg>RW</arg>
<arg>SA</arg>
<arg>SB</arg>
<arg>SC</arg>
<arg>SD</arg>
<arg>SE</arg>
<arg>SG</arg>
<arg>SH</arg>
<arg>SI</arg>
<arg>SJ</arg>
<arg>SK</arg>
<arg>SL</arg>
<arg>SM</arg>
<arg>SN</arg>
<arg>SO</arg>
<arg>SR</arg>
<arg>SS</arg>
<arg>ST</arg>
<arg>SV</arg>
<arg>SX</arg>
<arg>SY</arg>
<arg>SZ</arg>
<arg>TC</arg>
<arg>TD</arg>
<arg>TF</arg>
<arg>TG</arg>
<arg>TH</arg>
<arg>TJ</arg>
<arg>TK</arg>
<arg>TL</arg>
<arg>TM</arg>
<arg>TN</arg>
<arg>TO</arg>
<arg>TR</arg>
<arg>TT</arg>
<arg>TV</arg>
<arg>TW</arg>
<arg>TZ</arg>
<arg>UA</arg>
<arg>UG</arg>
<arg>UM</arg>
<arg>US</arg>
<arg>UY</arg>
<arg>UZ</arg>
<arg>VA</arg>
<arg>VC</arg>
<arg>VE</arg>
<arg>VG</arg>
<arg>VI</arg>
<arg>VN</arg>
<arg>VU</arg>
<arg>WF</arg>
<arg>WS</arg>
<arg>XK</arg>
<arg>YE</arg>
<arg>YT</arg>
<arg>ZA</arg>
<arg>ZM</arg>
<arg>ZW</arg>
<doc>Returns a list containing given items.</doc>
<status status="PASS" start="2024-06-08T07:14:30.324790" elapsed="0.000624"/>
</kw>
<kw name="List Should Contain Value" owner="Collections">
<msg time="2024-06-08T07:14:30.326442" level="INFO">False</msg>
<arg>${list_country}</arg>
<arg>${name_country}</arg>
<doc>Fails if the ``value`` is not found from ``list``.</doc>
<status status="PASS" start="2024-06-08T07:14:30.326226" elapsed="0.000252"/>
</kw>
<kw name="Run Keyword If" owner="BuiltIn">
<kw name="Should Be True" owner="BuiltIn">
<arg>${True}</arg>
<doc>Fails if the given condition is not true.</doc>
<status status="PASS" start="2024-06-08T07:14:30.327539" elapsed="0.000145"/>
</kw>
<arg>${json_data["results"][0]["location"]["coordinates"]["latitude"]} &gt;= -90 and ${json_data["results"][0]["location"]["coordinates"]["latitude"]} &lt;= 90</arg>
<arg>Should Be True</arg>
<arg>${True}</arg>
<doc>Runs the given keyword with the given arguments, if ``condition`` is true.</doc>
<status status="PASS" start="2024-06-08T07:14:30.326795" elapsed="0.001015"/>
</kw>
<kw name="Run Keyword If" owner="BuiltIn">
<kw name="Should Be True" owner="BuiltIn">
<arg>${True}</arg>
<doc>Fails if the given condition is not true.</doc>
<status status="PASS" start="2024-06-08T07:14:30.328685" elapsed="0.000136"/>
</kw>
<arg>${json_data["results"][0]["location"]["coordinates"]["longitude"]} &gt;= -180 and ${json_data["results"][0]["location"]["coordinates"]["longitude"]} &lt;= 180</arg>
<arg>Should Be True</arg>
<arg>${True}</arg>
<doc>Runs the given keyword with the given arguments, if ``condition`` is true.</doc>
<status status="PASS" start="2024-06-08T07:14:30.327998" elapsed="0.000947"/>
</kw>
<status status="PASS" start="2024-06-08T07:14:30.217765" elapsed="0.111311"/>
</kw>
<doc>Testa o conteúdo específico dos campos retornados pela API.</doc>
<tag>testeConteudo</tag>
<status status="PASS" start="2024-06-08T07:14:30.217268" elapsed="0.111952"/>
</test>
<status status="PASS" start="2024-06-08T07:14:29.506063" elapsed="0.825144"/>
</suite>
<status status="PASS" start="2024-06-08T07:14:29.492807" elapsed="0.843640"/>
</suite>
<statistics>
<total>
<stat pass="5" fail="0" skip="0">All Tests</stat>
</total>
<tag>
<stat pass="1" fail="0" skip="0">testeConteudo</stat>
<stat pass="1" fail="0" skip="0">testeEstruturaResposta</stat>
<stat pass="1" fail="0" skip="0">testeRequisicaoBasica</stat>
<stat pass="1" fail="0" skip="0">testeTiposDados</stat>
</tag>
<suite>
<stat pass="5" fail="0" skip="0" id="s1" name="Tests">Tests</stat>
<stat pass="5" fail="0" skip="0" id="s1-s1" name="Random-User-Test">Tests.Random-User-Test</stat>
</suite>
</statistics>
<errors>
</errors>
</robot>
