<?xml version="1.0" encoding="UTF-8"?>
<robot generator="Robot 7.0 (Python 3.12.3 on linux)" generated="2024-05-15T19:12:38.070091" rpa="false" schemaversion="5">
<suite id="s1" name="Tests" source="/home/runner/work/DesafioQAItauRogerioJordao/DesafioQAItauRogerioJordao/RamdonUser/tests">
<suite id="s1-s1" name="Random-User-Test" source="/home/runner/work/DesafioQAItauRogerioJordao/DesafioQAItauRogerioJordao/RamdonUser/tests/random-user-test.robot">
<test id="s1-s1-t1" name="Conectar" line="13">
<kw name="Conectar API" owner="random-user-service">
<kw name="Create Session" owner="RequestsLibrary">
<msg time="2024-05-15T19:12:38.525146" level="INFO">Creating Session using : alias=consultarAPI, url=https://randomuser.me/, headers={},                     cookies={}, auth=None, timeout=None, proxies=None, verify=False,                     debug=0 </msg>
<arg>consultarAPI</arg>
<arg>${URL}</arg>
<doc>Create Session: create a HTTP session to a server</doc>
<status status="PASS" start="2024-05-15T19:12:38.524934" elapsed="0.000427"/>
</kw>
<status status="PASS" start="2024-05-15T19:12:38.523900" elapsed="0.001847"/>
</kw>
<status status="PASS" start="2024-05-15T19:12:38.523230" elapsed="0.002713"/>
</test>
<test id="s1-s1-t2" name="Validar retorno 200 e JSON Válido" line="16">
<kw name="Teste de Requisicao Basica" owner="random-user-service">
<kw name="GET On Session" owner="RequestsLibrary">
<msg time="2024-05-15T19:12:38.850098" level="INFO">GET Request : url=https://randomuser.me/api 
 path_url=/api 
 headers={'User-Agent': 'python-requests/2.31.0', 'Accept-Encoding': 'gzip, deflate', 'Accept': '*/*', 'Connection': 'keep-alive'} 
 body=None 
 </msg>
<msg time="2024-05-15T19:12:38.850254" level="INFO">GET Response : url=https://randomuser.me/api 
 status=200, reason=OK 
 headers={'Date': 'Wed, 15 May 2024 19:12:38 GMT', 'Content-Type': 'application/json; charset=utf-8', 'Transfer-Encoding': 'chunked', 'Connection': 'keep-alive', 'X-Powered-By': 'Express', 'Access-Control-Allow-Origin': '*', 'Cache-Control': 'no-cache', 'ETag': 'W/"4a0-RhCzl9v9jjOcFny9gEcX6eu0E/Q"', 'Vary': 'Accept-Encoding', 'Content-Encoding': 'gzip', 'CF-Cache-Status': 'DYNAMIC', 'Report-To': '{"endpoints":[{"url":"https:\\/\\/a.nel.cloudflare.com\\/report\\/v4?s=%2FzB8yie%2BxhN2yZfxuBe6JSL7Ci%2FQ5tyzGaDG6CcRnVRHarzkHsDkZb%2BCPzr0IyVxoSr6cWkf%2FVu%2BvvNdsFQ1XFtFLIcTsJ5kjBMZnMmjQW6pXf5L8A27EUaut%2Bnj1qjn"}],"group":"cf-nel","max_age":604800}', 'NEL': '{"success_fraction":0,"report_to":"cf-nel","max_age":604800}', 'Server': 'cloudflare', 'CF-RAY': '884570d1e8022aed-LAX', 'alt-svc': 'h3=":443"; ma=86400'} 
 body={"results":[{"gender":"male","name":{"title":"Mr","first":"Niilo","last":"Laine"},"location":{"street":{"number":5716,"name":"Hatanpään Valtatie"},"city":"Kärkölä","state":"Ostrobothnia","country":"Finland","postcode":43044,"coordinates":{"latitude":"-25.5320","longitude":"-51.6774"},"timezone":{"offset":"-5:00","description":"Eastern Time (US &amp; Canada), Bogota, Lima"}},"email":"niilo.laine@example.com","login":{"uuid":"a6492685-a49e-4a40-8d90-bf91d96384b5","username":"organicbear771","password":"soul","salt":"PsM4Oqbb","md5":"8484c739d72fc6de101eeb54c0b52ce1","sha1":"351721d45ce0b3b22ba1d177028fd6ec4876c2e1","sha256":"09e9151f85519f79053e9975998160a1b50d100e22d28bf057e0f00a6bb5d4d6"},"dob":{"date":"1998-11-30T15:30:49.370Z","age":25},"registered":{"date":"2014-02-04T04:36:58.509Z","age":10},"phone":"08-632-527","cell":"043-771-06-92","id":{"name":"HETU","value":"NaNNA705undefined"},"picture":{"large":"https://randomuser.me/api/portraits/men/12.jpg","medium":"https://randomuser.me/api/portraits/med/men/12.jpg","thumbnail":"https://randomuser.me/api/portraits/thumb/men/12.jpg"},"nat":"FI"}],"info":{"seed":"17acb681a634cd54","results":1,"page":1,"version":"1.4"}} 
 </msg>
<msg time="2024-05-15T19:12:38.850349" level="INFO">/opt/hostedtoolcache/Python/3.12.3/x64/lib/python3.12/site-packages/urllib3/connectionpool.py:1103: InsecureRequestWarning: Unverified HTTPS request is being made to host 'randomuser.me'. Adding certificate verification is strongly advised. See: https://urllib3.readthedocs.io/en/latest/advanced-usage.html#tls-warnings
  warnings.warn(</msg>
<msg time="2024-05-15T19:12:38.850512" level="INFO">${response} = &lt;Response [200]&gt;</msg>
<var>${response}</var>
<arg>consultarAPI</arg>
<arg>/api</arg>
<doc>Sends a GET request on a previously created HTTP Session.</doc>
<status status="PASS" start="2024-05-15T19:12:38.528740" elapsed="0.321815"/>
</kw>
<kw name="Should Be Equal As Numbers" owner="BuiltIn">
<msg time="2024-05-15T19:12:38.851614" level="INFO">Argument types are:
&lt;class 'int'&gt;
&lt;class 'str'&gt;</msg>
<arg>${response.status_code}</arg>
<arg>200</arg>
<doc>Fails if objects are unequal after converting them to real numbers.</doc>
<status status="PASS" start="2024-05-15T19:12:38.851152" elapsed="0.000527"/>
</kw>
<kw name="Log" owner="BuiltIn">
<msg time="2024-05-15T19:12:38.852381" level="INFO">200</msg>
<arg>${response.status_code}</arg>
<doc>Logs the given message with the given level.</doc>
<status status="PASS" start="2024-05-15T19:12:38.852027" elapsed="0.000395"/>
</kw>
<kw name="Set Variable" owner="BuiltIn">
<msg time="2024-05-15T19:12:38.853183" level="INFO">${json_data} = {'results': [{'gender': 'male', 'name': {'title': 'Mr', 'first': 'Niilo', 'last': 'Laine'}, 'location': {'street': {'number': 5716, 'name': 'Hatanpään Valtatie'}, 'city': 'Kärkölä', 'state': 'Ostrobot...</msg>
<var>${json_data}</var>
<arg>${response.json()}</arg>
<doc>Returns the given values which can then be assigned to a variables.</doc>
<status status="PASS" start="2024-05-15T19:12:38.852732" elapsed="0.000482"/>
</kw>
<kw name="Dictionary Should Contain Key" owner="Collections">
<msg time="2024-05-15T19:12:38.853696" level="INFO">False</msg>
<arg>${json_data}</arg>
<arg>results</arg>
<doc>Fails if ``key`` is not found from ``dictionary``.</doc>
<status status="PASS" start="2024-05-15T19:12:38.853522" elapsed="0.000215"/>
</kw>
<status status="PASS" start="2024-05-15T19:12:38.528481" elapsed="0.325512"/>
</kw>
<doc>Testa se a API responde corretamente e retorna um objeto JSON válido.</doc>
<tag>testeRequisicaoBasica</tag>
<status status="PASS" start="2024-05-15T19:12:38.527943" elapsed="0.326233"/>
</test>
<test id="s1-s1-t3" name="Validar estrutura de resposta" line="22">
<kw name="Teste de Estrutura de Resposta" owner="random-user-service">
<kw name="GET On Session" owner="RequestsLibrary">
<msg time="2024-05-15T19:12:38.958788" level="INFO">GET Request : url=https://randomuser.me/api 
 path_url=/api 
 headers={'User-Agent': 'python-requests/2.31.0', 'Accept-Encoding': 'gzip, deflate', 'Accept': '*/*', 'Connection': 'keep-alive'} 
 body=None 
 </msg>
<msg time="2024-05-15T19:12:38.958909" level="INFO">GET Response : url=https://randomuser.me/api 
 status=200, reason=OK 
 headers={'Date': 'Wed, 15 May 2024 19:12:38 GMT', 'Content-Type': 'application/json; charset=utf-8', 'Transfer-Encoding': 'chunked', 'Connection': 'keep-alive', 'X-Powered-By': 'Express', 'Access-Control-Allow-Origin': '*', 'Cache-Control': 'no-cache', 'ETag': 'W/"49a-LOzzYK1abw4n6l8UE7w0QPpsmP4"', 'Vary': 'Accept-Encoding', 'Content-Encoding': 'gzip', 'CF-Cache-Status': 'DYNAMIC', 'Report-To': '{"endpoints":[{"url":"https:\\/\\/a.nel.cloudflare.com\\/report\\/v4?s=9GRc9E0zmtn8hq%2BrXBvzi5bQFKSeoTyvdL8PSIs0M4l98sf6Qrv7YzcviVSALEcHI3PSDVhd2ENA6ahI3K%2B0dLnzmpcIfmO3dFuolHXKoPT0cuH05kJqWjaVL94Y3tZa"}],"group":"cf-nel","max_age":604800}', 'NEL': '{"success_fraction":0,"report_to":"cf-nel","max_age":604800}', 'Server': 'cloudflare', 'CF-RAY': '884570d2e9772aed-LAX', 'alt-svc': 'h3=":443"; ma=86400'} 
 body={"results":[{"gender":"female","name":{"title":"Miss","first":"Bianca","last":"Díaz"},"location":{"street":{"number":9376,"name":"Andador Colima"},"city":"San Luis Acatlán","state":"Sonora","country":"Mexico","postcode":25139,"coordinates":{"latitude":"28.2373","longitude":"11.2676"},"timezone":{"offset":"+7:00","description":"Bangkok, Hanoi, Jakarta"}},"email":"bianca.diaz@example.com","login":{"uuid":"244df0bc-21ba-496a-bd20-fa27be7345cd","username":"beautifulzebra682","password":"belinda","salt":"gUMJANE1","md5":"75d6ad0ae6995b5fcab7522d3676d838","sha1":"a10694b21b638b8beb5c98e0d8651625c4484aab","sha256":"2653faf6268fefe7960db2711189a791cff8f6cf510128fec5735769070c54b5"},"dob":{"date":"1951-11-26T07:51:31.395Z","age":72},"registered":{"date":"2011-06-03T08:37:06.758Z","age":12},"phone":"(684) 223 8819","cell":"(668) 438 0474","id":{"name":"NSS","value":"53 21 51 6707 0"},"picture":{"large":"https://randomuser.me/api/portraits/women/66.jpg","medium":"https://randomuser.me/api/portraits/med/women/66.jpg","thumbnail":"https://randomuser.me/api/portraits/thumb/women/66.jpg"},"nat":"MX"}],"info":{"seed":"dcd590e3eb4229b9","results":1,"page":1,"version":"1.4"}} 
 </msg>
<msg time="2024-05-15T19:12:38.959102" level="INFO">/opt/hostedtoolcache/Python/3.12.3/x64/lib/python3.12/site-packages/urllib3/connectionpool.py:1103: InsecureRequestWarning: Unverified HTTPS request is being made to host 'randomuser.me'. Adding certificate verification is strongly advised. See: https://urllib3.readthedocs.io/en/latest/advanced-usage.html#tls-warnings
  warnings.warn(</msg>
<msg time="2024-05-15T19:12:38.959256" level="INFO">${response} = &lt;Response [200]&gt;</msg>
<var>${response}</var>
<arg>consultarAPI</arg>
<arg>/api</arg>
<doc>Sends a GET request on a previously created HTTP Session.</doc>
<status status="PASS" start="2024-05-15T19:12:38.856981" elapsed="0.102320"/>
</kw>
<kw name="Set Variable" owner="BuiltIn">
<msg time="2024-05-15T19:12:38.960372" level="INFO">${json_data} = {'results': [{'gender': 'female', 'name': {'title': 'Miss', 'first': 'Bianca', 'last': 'Díaz'}, 'location': {'street': {'number': 9376, 'name': 'Andador Colima'}, 'city': 'San Luis Acatlán', 'state': ...</msg>
<var>${json_data}</var>
<arg>${response.json()}</arg>
<doc>Returns the given values which can then be assigned to a variables.</doc>
<status status="PASS" start="2024-05-15T19:12:38.959817" elapsed="0.000588"/>
</kw>
<kw name="Log" owner="BuiltIn">
<msg time="2024-05-15T19:12:38.960882" level="INFO">{'results': [{'gender': 'female', 'name': {'title': 'Miss', 'first': 'Bianca', 'last': 'Díaz'}, 'location': {'street': {'number': 9376, 'name': 'Andador Colima'}, 'city': 'San Luis Acatlán', 'state': 'Sonora', 'country': 'Mexico', 'postcode': 25139, 'coordinates': {'latitude': '28.2373', 'longitude': '11.2676'}, 'timezone': {'offset': '+7:00', 'description': 'Bangkok, Hanoi, Jakarta'}}, 'email': 'bianca.diaz@example.com', 'login': {'uuid': '244df0bc-21ba-496a-bd20-fa27be7345cd', 'username': 'beautifulzebra682', 'password': 'belinda', 'salt': 'gUMJANE1', 'md5': '75d6ad0ae6995b5fcab7522d3676d838', 'sha1': 'a10694b21b638b8beb5c98e0d8651625c4484aab', 'sha256': '2653faf6268fefe7960db2711189a791cff8f6cf510128fec5735769070c54b5'}, 'dob': {'date': '1951-11-26T07:51:31.395Z', 'age': 72}, 'registered': {'date': '2011-06-03T08:37:06.758Z', 'age': 12}, 'phone': '(684) 223 8819', 'cell': '(668) 438 0474', 'id': {'name': 'NSS', 'value': '53 21 51 6707 0'}, 'picture': {'large': 'https://randomuser.me/api/portraits/women/66.jpg', 'medium': 'https://randomuser.me/api/portraits/med/women/66.jpg', 'thumbnail': 'https://randomuser.me/api/portraits/thumb/women/66.jpg'}, 'nat': 'MX'}], 'info': {'seed': 'dcd590e3eb4229b9', 'results': 1, 'page': 1, 'version': '1.4'}}</msg>
<arg>${json_data}</arg>
<doc>Logs the given message with the given level.</doc>
<status status="PASS" start="2024-05-15T19:12:38.960715" elapsed="0.000217"/>
</kw>
<kw name="Dictionary Should Contain Key" owner="Collections">
<msg time="2024-05-15T19:12:38.961389" level="INFO">False</msg>
<arg>${json_data}</arg>
<arg>results</arg>
<doc>Fails if ``key`` is not found from ``dictionary``.</doc>
<status status="PASS" start="2024-05-15T19:12:38.961228" elapsed="0.000198"/>
</kw>
<kw name="Should Not Be Empty" owner="BuiltIn">
<msg time="2024-05-15T19:12:38.961851" level="INFO">Length is 2.</msg>
<arg>${json_data}</arg>
<doc>Verifies that the given item is not empty.</doc>
<status status="PASS" start="2024-05-15T19:12:38.961721" elapsed="0.000332"/>
</kw>
<kw name="Create List" owner="BuiltIn">
<msg time="2024-05-15T19:12:38.962508" level="INFO">${expected_keys} = ['gender', 'name', 'location', 'email', 'login']</msg>
<var>${expected_keys}</var>
<arg>gender</arg>
<arg>name</arg>
<arg>location</arg>
<arg>email</arg>
<arg>login</arg>
<doc>Returns a list containing given items.</doc>
<status status="PASS" start="2024-05-15T19:12:38.962354" elapsed="0.000178"/>
</kw>
<for flavor="IN">
<iter>
<kw name="Dictionary Should Contain Key" owner="Collections">
<msg time="2024-05-15T19:12:38.963580" level="INFO">False</msg>
<arg>${json_data['results'][0]}</arg>
<arg>${key}</arg>
<doc>Fails if ``key`` is not found from ``dictionary``.</doc>
<status status="PASS" start="2024-05-15T19:12:38.963172" elapsed="0.000447"/>
</kw>
<kw name="Log" owner="BuiltIn">
<msg time="2024-05-15T19:12:38.964288" level="INFO">{'gender': 'female', 'name': {'title': 'Miss', 'first': 'Bianca', 'last': 'Díaz'}, 'location': {'street': {'number': 9376, 'name': 'Andador Colima'}, 'city': 'San Luis Acatlán', 'state': 'Sonora', 'country': 'Mexico', 'postcode': 25139, 'coordinates': {'latitude': '28.2373', 'longitude': '11.2676'}, 'timezone': {'offset': '+7:00', 'description': 'Bangkok, Hanoi, Jakarta'}}, 'email': 'bianca.diaz@example.com', 'login': {'uuid': '244df0bc-21ba-496a-bd20-fa27be7345cd', 'username': 'beautifulzebra682', 'password': 'belinda', 'salt': 'gUMJANE1', 'md5': '75d6ad0ae6995b5fcab7522d3676d838', 'sha1': 'a10694b21b638b8beb5c98e0d8651625c4484aab', 'sha256': '2653faf6268fefe7960db2711189a791cff8f6cf510128fec5735769070c54b5'}, 'dob': {'date': '1951-11-26T07:51:31.395Z', 'age': 72}, 'registered': {'date': '2011-06-03T08:37:06.758Z', 'age': 12}, 'phone': '(684) 223 8819', 'cell': '(668) 438 0474', 'id': {'name': 'NSS', 'value': '53 21 51 6707 0'}, 'picture': {'large': 'https://randomuser.me/api/portraits/women/66.jpg', 'medium': 'https://randomuser.me/api/portraits/med/women/66.jpg', 'thumbnail': 'https://randomuser.me/api/portraits/thumb/women/66.jpg'}, 'nat': 'MX'}</msg>
<arg>${json_data['results'][0]}</arg>
<doc>Logs the given message with the given level.</doc>
<status status="PASS" start="2024-05-15T19:12:38.963924" elapsed="0.000413"/>
</kw>
<kw name="Log" owner="BuiltIn">
<msg time="2024-05-15T19:12:38.964766" level="INFO">gender</msg>
<arg>${key}</arg>
<doc>Logs the given message with the given level.</doc>
<status status="PASS" start="2024-05-15T19:12:38.964640" elapsed="0.000162"/>
</kw>
<var name="${key}">gender</var>
<status status="PASS" start="2024-05-15T19:12:38.963034" elapsed="0.001980"/>
</iter>
<iter>
<kw name="Dictionary Should Contain Key" owner="Collections">
<msg time="2024-05-15T19:12:38.965687" level="INFO">False</msg>
<arg>${json_data['results'][0]}</arg>
<arg>${key}</arg>
<doc>Fails if ``key`` is not found from ``dictionary``.</doc>
<status status="PASS" start="2024-05-15T19:12:38.965313" elapsed="0.000412"/>
</kw>
<kw name="Log" owner="BuiltIn">
<msg time="2024-05-15T19:12:38.966420" level="INFO">{'gender': 'female', 'name': {'title': 'Miss', 'first': 'Bianca', 'last': 'Díaz'}, 'location': {'street': {'number': 9376, 'name': 'Andador Colima'}, 'city': 'San Luis Acatlán', 'state': 'Sonora', 'country': 'Mexico', 'postcode': 25139, 'coordinates': {'latitude': '28.2373', 'longitude': '11.2676'}, 'timezone': {'offset': '+7:00', 'description': 'Bangkok, Hanoi, Jakarta'}}, 'email': 'bianca.diaz@example.com', 'login': {'uuid': '244df0bc-21ba-496a-bd20-fa27be7345cd', 'username': 'beautifulzebra682', 'password': 'belinda', 'salt': 'gUMJANE1', 'md5': '75d6ad0ae6995b5fcab7522d3676d838', 'sha1': 'a10694b21b638b8beb5c98e0d8651625c4484aab', 'sha256': '2653faf6268fefe7960db2711189a791cff8f6cf510128fec5735769070c54b5'}, 'dob': {'date': '1951-11-26T07:51:31.395Z', 'age': 72}, 'registered': {'date': '2011-06-03T08:37:06.758Z', 'age': 12}, 'phone': '(684) 223 8819', 'cell': '(668) 438 0474', 'id': {'name': 'NSS', 'value': '53 21 51 6707 0'}, 'picture': {'large': 'https://randomuser.me/api/portraits/women/66.jpg', 'medium': 'https://randomuser.me/api/portraits/med/women/66.jpg', 'thumbnail': 'https://randomuser.me/api/portraits/thumb/women/66.jpg'}, 'nat': 'MX'}</msg>
<arg>${json_data['results'][0]}</arg>
<doc>Logs the given message with the given level.</doc>
<status status="PASS" start="2024-05-15T19:12:38.966048" elapsed="0.000423"/>
</kw>
<kw name="Log" owner="BuiltIn">
<msg time="2024-05-15T19:12:38.966897" level="INFO">name</msg>
<arg>${key}</arg>
<doc>Logs the given message with the given level.</doc>
<status status="PASS" start="2024-05-15T19:12:38.966770" elapsed="0.000185"/>
</kw>
<var name="${key}">name</var>
<status status="PASS" start="2024-05-15T19:12:38.965197" elapsed="0.001997"/>
</iter>
<iter>
<kw name="Dictionary Should Contain Key" owner="Collections">
<msg time="2024-05-15T19:12:38.967860" level="INFO">False</msg>
<arg>${json_data['results'][0]}</arg>
<arg>${key}</arg>
<doc>Fails if ``key`` is not found from ``dictionary``.</doc>
<status status="PASS" start="2024-05-15T19:12:38.967482" elapsed="0.000415"/>
</kw>
<kw name="Log" owner="BuiltIn">
<msg time="2024-05-15T19:12:38.968545" level="INFO">{'gender': 'female', 'name': {'title': 'Miss', 'first': 'Bianca', 'last': 'Díaz'}, 'location': {'street': {'number': 9376, 'name': 'Andador Colima'}, 'city': 'San Luis Acatlán', 'state': 'Sonora', 'country': 'Mexico', 'postcode': 25139, 'coordinates': {'latitude': '28.2373', 'longitude': '11.2676'}, 'timezone': {'offset': '+7:00', 'description': 'Bangkok, Hanoi, Jakarta'}}, 'email': 'bianca.diaz@example.com', 'login': {'uuid': '244df0bc-21ba-496a-bd20-fa27be7345cd', 'username': 'beautifulzebra682', 'password': 'belinda', 'salt': 'gUMJANE1', 'md5': '75d6ad0ae6995b5fcab7522d3676d838', 'sha1': 'a10694b21b638b8beb5c98e0d8651625c4484aab', 'sha256': '2653faf6268fefe7960db2711189a791cff8f6cf510128fec5735769070c54b5'}, 'dob': {'date': '1951-11-26T07:51:31.395Z', 'age': 72}, 'registered': {'date': '2011-06-03T08:37:06.758Z', 'age': 12}, 'phone': '(684) 223 8819', 'cell': '(668) 438 0474', 'id': {'name': 'NSS', 'value': '53 21 51 6707 0'}, 'picture': {'large': 'https://randomuser.me/api/portraits/women/66.jpg', 'medium': 'https://randomuser.me/api/portraits/med/women/66.jpg', 'thumbnail': 'https://randomuser.me/api/portraits/thumb/women/66.jpg'}, 'nat': 'MX'}</msg>
<arg>${json_data['results'][0]}</arg>
<doc>Logs the given message with the given level.</doc>
<status status="PASS" start="2024-05-15T19:12:38.968190" elapsed="0.000404"/>
</kw>
<kw name="Log" owner="BuiltIn">
<msg time="2024-05-15T19:12:38.969013" level="INFO">location</msg>
<arg>${key}</arg>
<doc>Logs the given message with the given level.</doc>
<status status="PASS" start="2024-05-15T19:12:38.968889" elapsed="0.000161"/>
</kw>
<var name="${key}">location</var>
<status status="PASS" start="2024-05-15T19:12:38.967370" elapsed="0.001894"/>
</iter>
<iter>
<kw name="Dictionary Should Contain Key" owner="Collections">
<msg time="2024-05-15T19:12:38.969931" level="INFO">False</msg>
<arg>${json_data['results'][0]}</arg>
<arg>${key}</arg>
<doc>Fails if ``key`` is not found from ``dictionary``.</doc>
<status status="PASS" start="2024-05-15T19:12:38.969554" elapsed="0.000414"/>
</kw>
<kw name="Log" owner="BuiltIn">
<msg time="2024-05-15T19:12:38.970623" level="INFO">{'gender': 'female', 'name': {'title': 'Miss', 'first': 'Bianca', 'last': 'Díaz'}, 'location': {'street': {'number': 9376, 'name': 'Andador Colima'}, 'city': 'San Luis Acatlán', 'state': 'Sonora', 'country': 'Mexico', 'postcode': 25139, 'coordinates': {'latitude': '28.2373', 'longitude': '11.2676'}, 'timezone': {'offset': '+7:00', 'description': 'Bangkok, Hanoi, Jakarta'}}, 'email': 'bianca.diaz@example.com', 'login': {'uuid': '244df0bc-21ba-496a-bd20-fa27be7345cd', 'username': 'beautifulzebra682', 'password': 'belinda', 'salt': 'gUMJANE1', 'md5': '75d6ad0ae6995b5fcab7522d3676d838', 'sha1': 'a10694b21b638b8beb5c98e0d8651625c4484aab', 'sha256': '2653faf6268fefe7960db2711189a791cff8f6cf510128fec5735769070c54b5'}, 'dob': {'date': '1951-11-26T07:51:31.395Z', 'age': 72}, 'registered': {'date': '2011-06-03T08:37:06.758Z', 'age': 12}, 'phone': '(684) 223 8819', 'cell': '(668) 438 0474', 'id': {'name': 'NSS', 'value': '53 21 51 6707 0'}, 'picture': {'large': 'https://randomuser.me/api/portraits/women/66.jpg', 'medium': 'https://randomuser.me/api/portraits/med/women/66.jpg', 'thumbnail': 'https://randomuser.me/api/portraits/thumb/women/66.jpg'}, 'nat': 'MX'}</msg>
<arg>${json_data['results'][0]}</arg>
<doc>Logs the given message with the given level.</doc>
<status status="PASS" start="2024-05-15T19:12:38.970267" elapsed="0.000405"/>
</kw>
<kw name="Log" owner="BuiltIn">
<msg time="2024-05-15T19:12:38.971148" level="INFO">email</msg>
<arg>${key}</arg>
<doc>Logs the given message with the given level.</doc>
<status status="PASS" start="2024-05-15T19:12:38.971005" elapsed="0.000180"/>
</kw>
<var name="${key}">email</var>
<status status="PASS" start="2024-05-15T19:12:38.969441" elapsed="0.001958"/>
</iter>
<iter>
<kw name="Dictionary Should Contain Key" owner="Collections">
<msg time="2024-05-15T19:12:38.972075" level="INFO">False</msg>
<arg>${json_data['results'][0]}</arg>
<arg>${key}</arg>
<doc>Fails if ``key`` is not found from ``dictionary``.</doc>
<status status="PASS" start="2024-05-15T19:12:38.971682" elapsed="0.000432"/>
</kw>
<kw name="Log" owner="BuiltIn">
<msg time="2024-05-15T19:12:38.972805" level="INFO">{'gender': 'female', 'name': {'title': 'Miss', 'first': 'Bianca', 'last': 'Díaz'}, 'location': {'street': {'number': 9376, 'name': 'Andador Colima'}, 'city': 'San Luis Acatlán', 'state': 'Sonora', 'country': 'Mexico', 'postcode': 25139, 'coordinates': {'latitude': '28.2373', 'longitude': '11.2676'}, 'timezone': {'offset': '+7:00', 'description': 'Bangkok, Hanoi, Jakarta'}}, 'email': 'bianca.diaz@example.com', 'login': {'uuid': '244df0bc-21ba-496a-bd20-fa27be7345cd', 'username': 'beautifulzebra682', 'password': 'belinda', 'salt': 'gUMJANE1', 'md5': '75d6ad0ae6995b5fcab7522d3676d838', 'sha1': 'a10694b21b638b8beb5c98e0d8651625c4484aab', 'sha256': '2653faf6268fefe7960db2711189a791cff8f6cf510128fec5735769070c54b5'}, 'dob': {'date': '1951-11-26T07:51:31.395Z', 'age': 72}, 'registered': {'date': '2011-06-03T08:37:06.758Z', 'age': 12}, 'phone': '(684) 223 8819', 'cell': '(668) 438 0474', 'id': {'name': 'NSS', 'value': '53 21 51 6707 0'}, 'picture': {'large': 'https://randomuser.me/api/portraits/women/66.jpg', 'medium': 'https://randomuser.me/api/portraits/med/women/66.jpg', 'thumbnail': 'https://randomuser.me/api/portraits/thumb/women/66.jpg'}, 'nat': 'MX'}</msg>
<arg>${json_data['results'][0]}</arg>
<doc>Logs the given message with the given level.</doc>
<status status="PASS" start="2024-05-15T19:12:38.972436" elapsed="0.000419"/>
</kw>
<kw name="Log" owner="BuiltIn">
<msg time="2024-05-15T19:12:38.973288" level="INFO">login</msg>
<arg>${key}</arg>
<doc>Logs the given message with the given level.</doc>
<status status="PASS" start="2024-05-15T19:12:38.973162" elapsed="0.000165"/>
</kw>
<var name="${key}">login</var>
<status status="PASS" start="2024-05-15T19:12:38.971569" elapsed="0.002004"/>
</iter>
<var>${key}</var>
<value>@{expected_keys}</value>
<status status="PASS" start="2024-05-15T19:12:38.962791" elapsed="0.010905"/>
</for>
<kw name="Create List" owner="BuiltIn">
<msg time="2024-05-15T19:12:38.974030" level="INFO">${expected_keysTwo} = ['username', 'password']</msg>
<var>${expected_keysTwo}</var>
<arg>username</arg>
<arg>password</arg>
<doc>Returns a list containing given items.</doc>
<status status="PASS" start="2024-05-15T19:12:38.973893" elapsed="0.000160"/>
</kw>
<for flavor="IN">
<iter>
<kw name="Dictionary Should Contain Key" owner="Collections">
<msg time="2024-05-15T19:12:38.974969" level="INFO">False</msg>
<arg>${json_data['results'][0]['login']}</arg>
<arg>${keyTwo}</arg>
<doc>Fails if ``key`` is not found from ``dictionary``.</doc>
<status status="PASS" start="2024-05-15T19:12:38.974559" elapsed="0.000450"/>
</kw>
<kw name="Dictionary Should Contain Key" owner="Collections">
<msg time="2024-05-15T19:12:38.975701" level="INFO">False</msg>
<arg>${json_data['results'][0]['login']}</arg>
<arg>${keyTwo}</arg>
<doc>Fails if ``key`` is not found from ``dictionary``.</doc>
<status status="PASS" start="2024-05-15T19:12:38.975316" elapsed="0.000422"/>
</kw>
<kw name="Log" owner="BuiltIn">
<msg time="2024-05-15T19:12:38.976158" level="INFO">username</msg>
<arg>${keyTwo}</arg>
<doc>Logs the given message with the given level.</doc>
<status status="PASS" start="2024-05-15T19:12:38.976033" elapsed="0.000167"/>
</kw>
<var name="${keyTwo}">username</var>
<status status="PASS" start="2024-05-15T19:12:38.974448" elapsed="0.001970"/>
</iter>
<iter>
<kw name="Dictionary Should Contain Key" owner="Collections">
<msg time="2024-05-15T19:12:38.977189" level="INFO">False</msg>
<arg>${json_data['results'][0]['login']}</arg>
<arg>${keyTwo}</arg>
<doc>Fails if ``key`` is not found from ``dictionary``.</doc>
<status status="PASS" start="2024-05-15T19:12:38.976701" elapsed="0.000535"/>
</kw>
<kw name="Dictionary Should Contain Key" owner="Collections">
<msg time="2024-05-15T19:12:38.977935" level="INFO">False</msg>
<arg>${json_data['results'][0]['login']}</arg>
<arg>${keyTwo}</arg>
<doc>Fails if ``key`` is not found from ``dictionary``.</doc>
<status status="PASS" start="2024-05-15T19:12:38.977556" elapsed="0.000417"/>
</kw>
<kw name="Log" owner="BuiltIn">
<msg time="2024-05-15T19:12:38.978401" level="INFO">password</msg>
<arg>${keyTwo}</arg>
<doc>Logs the given message with the given level.</doc>
<status status="PASS" start="2024-05-15T19:12:38.978274" elapsed="0.000163"/>
</kw>
<var name="${keyTwo}">password</var>
<status status="PASS" start="2024-05-15T19:12:38.976589" elapsed="0.002060"/>
</iter>
<var>${keyTwo}</var>
<value>@{expected_keysTwo}</value>
<status status="PASS" start="2024-05-15T19:12:38.974292" elapsed="0.004475"/>
</for>
<status status="PASS" start="2024-05-15T19:12:38.856739" elapsed="0.122169"/>
</kw>
<doc>Testa a estrutura da resposta da API.</doc>
<tag>testeEstruturaResposta</tag>
<status status="PASS" start="2024-05-15T19:12:38.856116" elapsed="0.122997"/>
</test>
<test id="s1-s1-t4" name="Validar tipos de dados" line="28">
<kw name="Teste de Tipos de Dados" owner="random-user-service">
<kw name="GET On Session" owner="RequestsLibrary">
<msg time="2024-05-15T19:12:39.100176" level="INFO">GET Request : url=https://randomuser.me/api 
 path_url=/api 
 headers={'User-Agent': 'python-requests/2.31.0', 'Accept-Encoding': 'gzip, deflate', 'Accept': '*/*', 'Connection': 'keep-alive'} 
 body=None 
 </msg>
<msg time="2024-05-15T19:12:39.100290" level="INFO">GET Response : url=https://randomuser.me/api 
 status=200, reason=OK 
 headers={'Date': 'Wed, 15 May 2024 19:12:39 GMT', 'Content-Type': 'application/json; charset=utf-8', 'Transfer-Encoding': 'chunked', 'Connection': 'keep-alive', 'X-Powered-By': 'Express', 'Access-Control-Allow-Origin': '*', 'Cache-Control': 'no-cache', 'ETag': 'W/"4a1-pgHMZbLjIq+R4WtdSgtsFTuzYG8"', 'Vary': 'Accept-Encoding', 'Content-Encoding': 'gzip', 'CF-Cache-Status': 'DYNAMIC', 'Report-To': '{"endpoints":[{"url":"https:\\/\\/a.nel.cloudflare.com\\/report\\/v4?s=1%2BBle0UkcDmrwbsevAAu2%2FMIaeRosSHOlOEZD4mY0U%2BBeAqxAOKadiU8qgCpF8MP1b63CwkZQpkWxdwmvpYEuty%2BUqgeOpCuCz46QwUhxzYEwFSAUr%2B3I79rfPfwc18U"}],"group":"cf-nel","max_age":604800}', 'NEL': '{"success_fraction":0,"report_to":"cf-nel","max_age":604800}', 'Server': 'cloudflare', 'CF-RAY': '884570d3aacb2aed-LAX', 'alt-svc': 'h3=":443"; ma=86400'} 
 body={"results":[{"gender":"female","name":{"title":"Miss","first":"Lyubomira","last":"Bogaychuk"},"location":{"street":{"number":9633,"name":"Krishtofa Kosinskogo"},"city":"Borislav","state":"Zhitomirska","country":"Ukraine","postcode":81519,"coordinates":{"latitude":"75.1091","longitude":"162.7110"},"timezone":{"offset":"-3:00","description":"Brazil, Buenos Aires, Georgetown"}},"email":"lyubomira.bogaychuk@example.com","login":{"uuid":"7145f313-cb22-46a9-a8aa-efde11241223","username":"purpletiger984","password":"pencil","salt":"TklAPLjG","md5":"d08250919ddce94dd71994c21a2a9920","sha1":"5925b79bf0e0d6807f6d3cc95c35649167d64232","sha256":"887d06a6c4325c692616abe2fbb6b4be367229e3d558e7c26829cf68aa68631e"},"dob":{"date":"1994-03-01T06:20:14.188Z","age":30},"registered":{"date":"2021-01-20T12:19:40.936Z","age":3},"phone":"(066) D20-1129","cell":"(096) A68-2546","id":{"name":"","value":null},"picture":{"large":"https://randomuser.me/api/portraits/women/11.jpg","medium":"https://randomuser.me/api/portraits/med/women/11.jpg","thumbnail":"https://randomuser.me/api/portraits/thumb/women/11.jpg"},"nat":"UA"}],"info":{"seed":"06dc8a6a1e36590f","results":1,"page":1,"version":"1.4"}} 
 </msg>
<msg time="2024-05-15T19:12:39.100380" level="INFO">/opt/hostedtoolcache/Python/3.12.3/x64/lib/python3.12/site-packages/urllib3/connectionpool.py:1103: InsecureRequestWarning: Unverified HTTPS request is being made to host 'randomuser.me'. Adding certificate verification is strongly advised. See: https://urllib3.readthedocs.io/en/latest/advanced-usage.html#tls-warnings
  warnings.warn(</msg>
<msg time="2024-05-15T19:12:39.100528" level="INFO">${response} = &lt;Response [200]&gt;</msg>
<var>${response}</var>
<arg>consultarAPI</arg>
<arg>/api</arg>
<doc>Sends a GET request on a previously created HTTP Session.</doc>
<status status="PASS" start="2024-05-15T19:12:38.981708" elapsed="0.118859"/>
</kw>
<kw name="Set Variable" owner="BuiltIn">
<msg time="2024-05-15T19:12:39.101687" level="INFO">${json_data} = {'results': [{'gender': 'female', 'name': {'title': 'Miss', 'first': 'Lyubomira', 'last': 'Bogaychuk'}, 'location': {'street': {'number': 9633, 'name': 'Krishtofa Kosinskogo'}, 'city': 'Borislav', 'st...</msg>
<var>${json_data}</var>
<arg>${response.json()}</arg>
<doc>Returns the given values which can then be assigned to a variables.</doc>
<status status="PASS" start="2024-05-15T19:12:39.101141" elapsed="0.000577"/>
</kw>
<kw name="Log" owner="BuiltIn">
<msg time="2024-05-15T19:12:39.102207" level="INFO">{'results': [{'gender': 'female', 'name': {'title': 'Miss', 'first': 'Lyubomira', 'last': 'Bogaychuk'}, 'location': {'street': {'number': 9633, 'name': 'Krishtofa Kosinskogo'}, 'city': 'Borislav', 'state': 'Zhitomirska', 'country': 'Ukraine', 'postcode': 81519, 'coordinates': {'latitude': '75.1091', 'longitude': '162.7110'}, 'timezone': {'offset': '-3:00', 'description': 'Brazil, Buenos Aires, Georgetown'}}, 'email': 'lyubomira.bogaychuk@example.com', 'login': {'uuid': '7145f313-cb22-46a9-a8aa-efde11241223', 'username': 'purpletiger984', 'password': 'pencil', 'salt': 'TklAPLjG', 'md5': 'd08250919ddce94dd71994c21a2a9920', 'sha1': '5925b79bf0e0d6807f6d3cc95c35649167d64232', 'sha256': '887d06a6c4325c692616abe2fbb6b4be367229e3d558e7c26829cf68aa68631e'}, 'dob': {'date': '1994-03-01T06:20:14.188Z', 'age': 30}, 'registered': {'date': '2021-01-20T12:19:40.936Z', 'age': 3}, 'phone': '(066) D20-1129', 'cell': '(096) A68-2546', 'id': {'name': '', 'value': None}, 'picture': {'large': 'https://randomuser.me/api/portraits/women/11.jpg', 'medium': 'https://randomuser.me/api/portraits/med/women/11.jpg', 'thumbnail': 'https://randomuser.me/api/portraits/thumb/women/11.jpg'}, 'nat': 'UA'}], 'info': {'seed': '06dc8a6a1e36590f', 'results': 1, 'page': 1, 'version': '1.4'}}</msg>
<arg>${json_data}</arg>
<doc>Logs the given message with the given level.</doc>
<status status="PASS" start="2024-05-15T19:12:39.102043" elapsed="0.000261"/>
</kw>
<kw name="Should Be String" owner="String">
<arg>${json_data['results'][0]['gender']}</arg>
<doc>Fails if the given ``item`` is not a string.</doc>
<status status="PASS" start="2024-05-15T19:12:39.102612" elapsed="0.000453"/>
</kw>
<kw name="Should Match Regexp" owner="BuiltIn">
<arg>${json_data['results'][0]['email']}</arg>
<arg>^[a-zA-Z0-9._%+-]+@[a-zA-Z0-9.-]+\.[a-zA-Z]{2,}$</arg>
<doc>Fails if ``string`` does not match ``pattern`` as a regular expression.</doc>
<status status="PASS" start="2024-05-15T19:12:39.103272" elapsed="0.000544"/>
</kw>
<kw name="Should Match Regexp" owner="BuiltIn">
<arg>${json_data['results'][0]['dob']['date']}</arg>
<arg>\\d{4}-\\d{2}-\\d{2}T\\d{2}:\\d{2}:\\d{2}\\.\\d{3}Z</arg>
<doc>Fails if ``string`` does not match ``pattern`` as a regular expression.</doc>
<status status="PASS" start="2024-05-15T19:12:39.104018" elapsed="0.000531"/>
</kw>
<kw name="Should Match Regexp" owner="BuiltIn">
<arg>${json_data['results'][0]['registered']['date']}</arg>
<arg>\\d{4}-\\d{2}-\\d{2}T\\d{2}:\\d{2}:\\d{2}\\.\\d{3}Z</arg>
<doc>Fails if ``string`` does not match ``pattern`` as a regular expression.</doc>
<status status="PASS" start="2024-05-15T19:12:39.104759" elapsed="0.000378"/>
</kw>
<kw name="Should Match Regexp" owner="BuiltIn">
<arg>${json_data['results'][0]['picture']['large']}</arg>
<arg>^https?://.*\.(?:png|jpe?g|gif|bmp)$</arg>
<doc>Fails if ``string`` does not match ``pattern`` as a regular expression.</doc>
<status status="PASS" start="2024-05-15T19:12:39.105340" elapsed="0.000479"/>
</kw>
<kw name="Should Match Regexp" owner="BuiltIn">
<arg>${json_data['results'][0]['picture']['medium']}</arg>
<arg>^https?://.*\.(?:png|jpe?g|gif|bmp)$</arg>
<doc>Fails if ``string`` does not match ``pattern`` as a regular expression.</doc>
<status status="PASS" start="2024-05-15T19:12:39.106013" elapsed="0.000362"/>
</kw>
<kw name="Should Match Regexp" owner="BuiltIn">
<arg>${json_data['results'][0]['picture']['thumbnail']}</arg>
<arg>^https?://.*\.(?:png|jpe?g|gif|bmp)$</arg>
<doc>Fails if ``string`` does not match ``pattern`` as a regular expression.</doc>
<status status="PASS" start="2024-05-15T19:12:39.106576" elapsed="0.000353"/>
</kw>
<kw name="Log" owner="BuiltIn">
<msg time="2024-05-15T19:12:39.107476" level="INFO">{'large': 'https://randomuser.me/api/portraits/women/11.jpg', 'medium': 'https://randomuser.me/api/portraits/med/women/11.jpg', 'thumbnail': 'https://randomuser.me/api/portraits/thumb/women/11.jpg'}</msg>
<arg>${json_data['results'][0]['picture']}</arg>
<doc>Logs the given message with the given level.</doc>
<status status="PASS" start="2024-05-15T19:12:39.107141" elapsed="0.000388"/>
</kw>
<status status="PASS" start="2024-05-15T19:12:38.981475" elapsed="0.126411"/>
</kw>
<kw name="Teste de Tipos de Dados - Postcode" owner="random-user-service">
<kw name="GET On Session" owner="RequestsLibrary">
<msg time="2024-05-15T19:12:39.213791" level="INFO">GET Request : url=https://randomuser.me/api 
 path_url=/api 
 headers={'User-Agent': 'python-requests/2.31.0', 'Accept-Encoding': 'gzip, deflate', 'Accept': '*/*', 'Connection': 'keep-alive'} 
 body=None 
 </msg>
<msg time="2024-05-15T19:12:39.213893" level="INFO">GET Response : url=https://randomuser.me/api 
 status=200, reason=OK 
 headers={'Date': 'Wed, 15 May 2024 19:12:39 GMT', 'Content-Type': 'application/json; charset=utf-8', 'Transfer-Encoding': 'chunked', 'Connection': 'keep-alive', 'X-Powered-By': 'Express', 'Access-Control-Allow-Origin': '*', 'Cache-Control': 'no-cache', 'ETag': 'W/"4a4-JSnVLfB8LQ/MSU0rzzGvZEvB8J0"', 'Vary': 'Accept-Encoding', 'Content-Encoding': 'gzip', 'CF-Cache-Status': 'DYNAMIC', 'Report-To': '{"endpoints":[{"url":"https:\\/\\/a.nel.cloudflare.com\\/report\\/v4?s=0EYK8INbzK79Ncj2iTmbl51VBqZJYNlkwWf9J2cV66XMgYSCa2A5ALjdveqQW1aJM2lnkcfpuABzlxpy5VARFM40QgCrGIzH57a1XN6HUkHakW90qRtcqBvGmuCavX15"}],"group":"cf-nel","max_age":604800}', 'NEL': '{"success_fraction":0,"report_to":"cf-nel","max_age":604800}', 'Server': 'cloudflare', 'CF-RAY': '884570d47baf2aed-LAX', 'alt-svc': 'h3=":443"; ma=86400'} 
 body={"results":[{"gender":"female","name":{"title":"Mademoiselle","first":"Annick","last":"Rey"},"location":{"street":{"number":4865,"name":"Rue de la Charité"},"city":"Ellikon an der Thur","state":"Appenzell Ausserrhoden","country":"Switzerland","postcode":6934,"coordinates":{"latitude":"-59.1863","longitude":"61.2035"},"timezone":{"offset":"+4:30","description":"Kabul"}},"email":"annick.rey@example.com","login":{"uuid":"1dba7a40-b008-4b9d-be9d-870651affb62","username":"tinyleopard544","password":"mickey1","salt":"bcGSJZn5","md5":"a0842f8db86550cdd6913bf1249309a6","sha1":"ec0532801ea31e712f34e9e85e4cf5a313df42cd","sha256":"3421d96557714cb27d2ed73a23766b2cfa2fd113140e2ca1e5d22b9c95ec62af"},"dob":{"date":"1945-11-11T14:02:47.445Z","age":78},"registered":{"date":"2011-01-11T17:01:01.273Z","age":13},"phone":"079 973 18 11","cell":"079 947 13 45","id":{"name":"AVS","value":"756.4413.2408.81"},"picture":{"large":"https://randomuser.me/api/portraits/women/31.jpg","medium":"https://randomuser.me/api/portraits/med/women/31.jpg","thumbnail":"https://randomuser.me/api/portraits/thumb/women/31.jpg"},"nat":"CH"}],"info":{"seed":"3b01a041d34b3117","results":1,"page":1,"version":"1.4"}} 
 </msg>
<msg time="2024-05-15T19:12:39.213972" level="INFO">/opt/hostedtoolcache/Python/3.12.3/x64/lib/python3.12/site-packages/urllib3/connectionpool.py:1103: InsecureRequestWarning: Unverified HTTPS request is being made to host 'randomuser.me'. Adding certificate verification is strongly advised. See: https://urllib3.readthedocs.io/en/latest/advanced-usage.html#tls-warnings
  warnings.warn(</msg>
<msg time="2024-05-15T19:12:39.214105" level="INFO">${response} = &lt;Response [200]&gt;</msg>
<var>${response}</var>
<arg>consultarAPI</arg>
<arg>/api</arg>
<doc>Sends a GET request on a previously created HTTP Session.</doc>
<status status="PASS" start="2024-05-15T19:12:39.108399" elapsed="0.105732"/>
</kw>
<kw name="Set Variable" owner="BuiltIn">
<msg time="2024-05-15T19:12:39.215372" level="INFO">${json_data} = {'results': [{'gender': 'female', 'name': {'title': 'Mademoiselle', 'first': 'Annick', 'last': 'Rey'}, 'location': {'street': {'number': 4865, 'name': 'Rue de la Charité'}, 'city': 'Ellikon an der Thu...</msg>
<var>${json_data}</var>
<arg>${response.json()}</arg>
<doc>Returns the given values which can then be assigned to a variables.</doc>
<status status="PASS" start="2024-05-15T19:12:39.214746" elapsed="0.000657"/>
</kw>
<kw name="Log" owner="BuiltIn">
<msg time="2024-05-15T19:12:39.215934" level="INFO">{'results': [{'gender': 'female', 'name': {'title': 'Mademoiselle', 'first': 'Annick', 'last': 'Rey'}, 'location': {'street': {'number': 4865, 'name': 'Rue de la Charité'}, 'city': 'Ellikon an der Thur', 'state': 'Appenzell Ausserrhoden', 'country': 'Switzerland', 'postcode': 6934, 'coordinates': {'latitude': '-59.1863', 'longitude': '61.2035'}, 'timezone': {'offset': '+4:30', 'description': 'Kabul'}}, 'email': 'annick.rey@example.com', 'login': {'uuid': '1dba7a40-b008-4b9d-be9d-870651affb62', 'username': 'tinyleopard544', 'password': 'mickey1', 'salt': 'bcGSJZn5', 'md5': 'a0842f8db86550cdd6913bf1249309a6', 'sha1': 'ec0532801ea31e712f34e9e85e4cf5a313df42cd', 'sha256': '3421d96557714cb27d2ed73a23766b2cfa2fd113140e2ca1e5d22b9c95ec62af'}, 'dob': {'date': '1945-11-11T14:02:47.445Z', 'age': 78}, 'registered': {'date': '2011-01-11T17:01:01.273Z', 'age': 13}, 'phone': '079 973 18 11', 'cell': '079 947 13 45', 'id': {'name': 'AVS', 'value': '756.4413.2408.81'}, 'picture': {'large': 'https://randomuser.me/api/portraits/women/31.jpg', 'medium': 'https://randomuser.me/api/portraits/med/women/31.jpg', 'thumbnail': 'https://randomuser.me/api/portraits/thumb/women/31.jpg'}, 'nat': 'CH'}], 'info': {'seed': '3b01a041d34b3117', 'results': 1, 'page': 1, 'version': '1.4'}}</msg>
<arg>${json_data}</arg>
<doc>Logs the given message with the given level.</doc>
<status status="PASS" start="2024-05-15T19:12:39.215766" elapsed="0.000252"/>
</kw>
<kw name="Should Be Equal As Numbers" owner="BuiltIn">
<arg>${json_data['results'][0]['location']['postcode']}</arg>
<arg>${json_data['results'][0]['location']['postcode']}</arg>
<doc>Fails if objects are unequal after converting them to real numbers.</doc>
<status status="PASS" start="2024-05-15T19:12:39.216516" elapsed="0.000629"/>
</kw>
<kw name="Log" owner="BuiltIn">
<msg time="2024-05-15T19:12:39.217676" level="INFO">6934</msg>
<arg>${json_data['results'][0]['location']['postcode']}</arg>
<doc>Logs the given message with the given level.</doc>
<status status="PASS" start="2024-05-15T19:12:39.217338" elapsed="0.000378"/>
</kw>
<status status="PASS" start="2024-05-15T19:12:39.108138" elapsed="0.109836"/>
</kw>
<doc>Testa se os tipos de dados na resposta da API estão corretos.</doc>
<tag>testeTiposDados</tag>
<status status="PASS" start="2024-05-15T19:12:38.980904" elapsed="0.237238"/>
</test>
<test id="s1-s1-t5" name="Validar conteudo" line="35">
<kw name="Teste de Tipos de Conteudo" owner="random-user-service">
<kw name="GET On Session" owner="RequestsLibrary">
<msg time="2024-05-15T19:12:39.329325" level="INFO">GET Request : url=https://randomuser.me/api 
 path_url=/api 
 headers={'User-Agent': 'python-requests/2.31.0', 'Accept-Encoding': 'gzip, deflate', 'Accept': '*/*', 'Connection': 'keep-alive'} 
 body=None 
 </msg>
<msg time="2024-05-15T19:12:39.329428" level="INFO">GET Response : url=https://randomuser.me/api 
 status=200, reason=OK 
 headers={'Date': 'Wed, 15 May 2024 19:12:39 GMT', 'Content-Type': 'application/json; charset=utf-8', 'Transfer-Encoding': 'chunked', 'Connection': 'keep-alive', 'X-Powered-By': 'Express', 'Access-Control-Allow-Origin': '*', 'Cache-Control': 'no-cache', 'ETag': 'W/"47f-c5xXUUIXqgdxJQjdmp6vizV/f8A"', 'Vary': 'Accept-Encoding', 'Content-Encoding': 'gzip', 'CF-Cache-Status': 'DYNAMIC', 'Report-To': '{"endpoints":[{"url":"https:\\/\\/a.nel.cloudflare.com\\/report\\/v4?s=ZyKOV4AYu4lZPXMcx667fBDRXQReNq76Gbi1elFam8c5d%2BwItKzA5gjJ33I2Xmuo9iaz4cRE4Cx6%2FZriRSv8nggNHv9DzO1F4QvCYes6m1TCHnc1W%2BX7BPMgmsBpNEzW"}],"group":"cf-nel","max_age":604800}', 'NEL': '{"success_fraction":0,"report_to":"cf-nel","max_age":604800}', 'Server': 'cloudflare', 'CF-RAY': '884570d52c952aed-LAX', 'alt-svc': 'h3=":443"; ma=86400'} 
 body={"results":[{"gender":"male","name":{"title":"Mr","first":"Elling","last":"Sagmo"},"location":{"street":{"number":6553,"name":"Dugnadsveien"},"city":"Andselv","state":"Bergen","country":"Norway","postcode":"8861","coordinates":{"latitude":"39.2563","longitude":"-72.6968"},"timezone":{"offset":"+11:00","description":"Magadan, Solomon Islands, New Caledonia"}},"email":"elling.sagmo@example.com","login":{"uuid":"3bfa2011-4172-4b13-a4e2-22a27ab077a1","username":"tinycat247","password":"corsair","salt":"seDkQgmj","md5":"7be35734893a328af7de0543eb7c077b","sha1":"7c7a4922e2d5213cfad36de1c99dbb036febb543","sha256":"fd52027f76fb8be780c7d64bb99e12d2b4c504a1c9a2350ecb624b3c785209d3"},"dob":{"date":"1954-12-22T20:10:49.875Z","age":69},"registered":{"date":"2015-10-06T10:07:35.746Z","age":8},"phone":"56704461","cell":"96801198","id":{"name":"FN","value":"22125401957"},"picture":{"large":"https://randomuser.me/api/portraits/men/18.jpg","medium":"https://randomuser.me/api/portraits/med/men/18.jpg","thumbnail":"https://randomuser.me/api/portraits/thumb/men/18.jpg"},"nat":"NO"}],"info":{"seed":"38abfc0aadfe958b","results":1,"page":1,"version":"1.4"}} 
 </msg>
<msg time="2024-05-15T19:12:39.329502" level="INFO">/opt/hostedtoolcache/Python/3.12.3/x64/lib/python3.12/site-packages/urllib3/connectionpool.py:1103: InsecureRequestWarning: Unverified HTTPS request is being made to host 'randomuser.me'. Adding certificate verification is strongly advised. See: https://urllib3.readthedocs.io/en/latest/advanced-usage.html#tls-warnings
  warnings.warn(</msg>
<msg time="2024-05-15T19:12:39.329632" level="INFO">${response} = &lt;Response [200]&gt;</msg>
<var>${response}</var>
<arg>consultarAPI</arg>
<arg>/api</arg>
<doc>Sends a GET request on a previously created HTTP Session.</doc>
<status status="PASS" start="2024-05-15T19:12:39.220767" elapsed="0.108906"/>
</kw>
<kw name="Set Variable" owner="BuiltIn">
<msg time="2024-05-15T19:12:39.330887" level="INFO">${json_data} = {'results': [{'gender': 'male', 'name': {'title': 'Mr', 'first': 'Elling', 'last': 'Sagmo'}, 'location': {'street': {'number': 6553, 'name': 'Dugnadsveien'}, 'city': 'Andselv', 'state': 'Bergen', 'cou...</msg>
<var>${json_data}</var>
<arg>${response.json()}</arg>
<doc>Returns the given values which can then be assigned to a variables.</doc>
<status status="PASS" start="2024-05-15T19:12:39.330322" elapsed="0.000594"/>
</kw>
<kw name="Set Variable" owner="BuiltIn">
<msg time="2024-05-15T19:12:39.331679" level="INFO">${name_title} = Mr</msg>
<var>${name_title}</var>
<arg>${json_data["results"][0]["name"]["title"]}</arg>
<doc>Returns the given values which can then be assigned to a variables.</doc>
<status status="PASS" start="2024-05-15T19:12:39.331275" elapsed="0.000429"/>
</kw>
<kw name="Create List" owner="BuiltIn">
<msg time="2024-05-15T19:12:39.332157" level="INFO">${allowed_titles} = ['Mr', 'Ms', 'Miss', 'Mrs', 'Madame', 'Monsieur']</msg>
<var>${allowed_titles}</var>
<arg>Mr</arg>
<arg>Ms</arg>
<arg>Miss</arg>
<arg>Mrs</arg>
<arg>Madame</arg>
<arg>Monsieur</arg>
<doc>Returns a list containing given items.</doc>
<status status="PASS" start="2024-05-15T19:12:39.332007" elapsed="0.000175"/>
</kw>
<kw name="List Should Contain Value" owner="Collections">
<msg time="2024-05-15T19:12:39.332655" level="INFO">False</msg>
<arg>${allowed_titles}</arg>
<arg>${name_title}</arg>
<doc>Fails if the ``value`` is not found from ``list``.</doc>
<status status="PASS" start="2024-05-15T19:12:39.332481" elapsed="0.000211"/>
</kw>
<kw name="Set Variable" owner="BuiltIn">
<msg time="2024-05-15T19:12:39.333364" level="INFO">${name_country} = NO</msg>
<var>${name_country}</var>
<arg>${json_data["results"][0]["nat"]}</arg>
<doc>Returns the given values which can then be assigned to a variables.</doc>
<status status="PASS" start="2024-05-15T19:12:39.332982" elapsed="0.000408"/>
</kw>
<kw name="Create List" owner="BuiltIn">
<msg time="2024-05-15T19:12:39.334298" level="INFO">${list_country} = ['AD', 'AE', 'AF', 'AG', 'AI', 'AL', 'AM', 'AO', 'AQ', 'AR', 'AS', 'AT', 'AU', 'AW', 'AX', 'AZ', 'BA', 'BB', 'BD', 'BE', 'BF', 'BG', 'BH', 'BI', 'BJ', 'BL', 'BM', 'BN', 'BO', 'BQ', 'BR', 'BS', 'BT', '...</msg>
<var>${list_country}</var>
<arg>AD</arg>
<arg>AE</arg>
<arg>AF</arg>
<arg>AG</arg>
<arg>AI</arg>
<arg>AL</arg>
<arg>AM</arg>
<arg>AO</arg>
<arg>AQ</arg>
<arg>AR</arg>
<arg>AS</arg>
<arg>AT</arg>
<arg>AU</arg>
<arg>AW</arg>
<arg>AX</arg>
<arg>AZ</arg>
<arg>BA</arg>
<arg>BB</arg>
<arg>BD</arg>
<arg>BE</arg>
<arg>BF</arg>
<arg>BG</arg>
<arg>BH</arg>
<arg>BI</arg>
<arg>BJ</arg>
<arg>BL</arg>
<arg>BM</arg>
<arg>BN</arg>
<arg>BO</arg>
<arg>BQ</arg>
<arg>BR</arg>
<arg>BS</arg>
<arg>BT</arg>
<arg>BV</arg>
<arg>BW</arg>
<arg>BY</arg>
<arg>BZ</arg>
<arg>CA</arg>
<arg>CC</arg>
<arg>CD</arg>
<arg>CF</arg>
<arg>CG</arg>
<arg>CH</arg>
<arg>CI</arg>
<arg>CK</arg>
<arg>CL</arg>
<arg>CM</arg>
<arg>CN</arg>
<arg>CO</arg>
<arg>CR</arg>
<arg>CU</arg>
<arg>CV</arg>
<arg>CW</arg>
<arg>CX</arg>
<arg>CY</arg>
<arg>CZ</arg>
<arg>DE</arg>
<arg>DJ</arg>
<arg>DK</arg>
<arg>DM</arg>
<arg>DO</arg>
<arg>DZ</arg>
<arg>EC</arg>
<arg>EE</arg>
<arg>EG</arg>
<arg>EH</arg>
<arg>ER</arg>
<arg>ES</arg>
<arg>ET</arg>
<arg>FI</arg>
<arg>FJ</arg>
<arg>FK</arg>
<arg>FM</arg>
<arg>FO</arg>
<arg>FR</arg>
<arg>GA</arg>
<arg>GB</arg>
<arg>GD</arg>
<arg>GE</arg>
<arg>GF</arg>
<arg>GG</arg>
<arg>GH</arg>
<arg>GI</arg>
<arg>GL</arg>
<arg>GM</arg>
<arg>GN</arg>
<arg>GP</arg>
<arg>GQ</arg>
<arg>GR</arg>
<arg>GS</arg>
<arg>GT</arg>
<arg>GU</arg>
<arg>GW</arg>
<arg>GY</arg>
<arg>HK</arg>
<arg>HM</arg>
<arg>HN</arg>
<arg>HR</arg>
<arg>HT</arg>
<arg>HU</arg>
<arg>ID</arg>
<arg>IE</arg>
<arg>IL</arg>
<arg>IM</arg>
<arg>IN</arg>
<arg>IO</arg>
<arg>IQ</arg>
<arg>IR</arg>
<arg>IS</arg>
<arg>IT</arg>
<arg>JE</arg>
<arg>JM</arg>
<arg>JO</arg>
<arg>JP</arg>
<arg>KE</arg>
<arg>KG</arg>
<arg>KH</arg>
<arg>KI</arg>
<arg>KM</arg>
<arg>KN</arg>
<arg>KP</arg>
<arg>KR</arg>
<arg>KW</arg>
<arg>KY</arg>
<arg>KZ</arg>
<arg>LA</arg>
<arg>LB</arg>
<arg>LC</arg>
<arg>LI</arg>
<arg>LK</arg>
<arg>LR</arg>
<arg>LS</arg>
<arg>LT</arg>
<arg>LU</arg>
<arg>LV</arg>
<arg>LY</arg>
<arg>MA</arg>
<arg>MC</arg>
<arg>MD</arg>
<arg>ME</arg>
<arg>MF</arg>
<arg>MG</arg>
<arg>MH</arg>
<arg>MK</arg>
<arg>ML</arg>
<arg>MM</arg>
<arg>MN</arg>
<arg>MO</arg>
<arg>MP</arg>
<arg>MQ</arg>
<arg>MR</arg>
<arg>MS</arg>
<arg>MT</arg>
<arg>MU</arg>
<arg>MV</arg>
<arg>MW</arg>
<arg>MX</arg>
<arg>MY</arg>
<arg>MZ</arg>
<arg>NA</arg>
<arg>NC</arg>
<arg>NE</arg>
<arg>NF</arg>
<arg>NG</arg>
<arg>NI</arg>
<arg>NL</arg>
<arg>NO</arg>
<arg>NP</arg>
<arg>NR</arg>
<arg>NU</arg>
<arg>NZ</arg>
<arg>OM</arg>
<arg>PA</arg>
<arg>PE</arg>
<arg>PF</arg>
<arg>PG</arg>
<arg>PH</arg>
<arg>PK</arg>
<arg>PL</arg>
<arg>PM</arg>
<arg>PN</arg>
<arg>PR</arg>
<arg>PS</arg>
<arg>PT</arg>
<arg>PW</arg>
<arg>PY</arg>
<arg>QA</arg>
<arg>RE</arg>
<arg>RO</arg>
<arg>RS</arg>
<arg>RU</arg>
<arg>RW</arg>
<arg>SA</arg>
<arg>SB</arg>
<arg>SC</arg>
<arg>SD</arg>
<arg>SE</arg>
<arg>SG</arg>
<arg>SH</arg>
<arg>SI</arg>
<arg>SJ</arg>
<arg>SK</arg>
<arg>SL</arg>
<arg>SM</arg>
<arg>SN</arg>
<arg>SO</arg>
<arg>SR</arg>
<arg>SS</arg>
<arg>ST</arg>
<arg>SV</arg>
<arg>SX</arg>
<arg>SY</arg>
<arg>SZ</arg>
<arg>TC</arg>
<arg>TD</arg>
<arg>TF</arg>
<arg>TG</arg>
<arg>TH</arg>
<arg>TJ</arg>
<arg>TK</arg>
<arg>TL</arg>
<arg>TM</arg>
<arg>TN</arg>
<arg>TO</arg>
<arg>TR</arg>
<arg>TT</arg>
<arg>TV</arg>
<arg>TW</arg>
<arg>TZ</arg>
<arg>UA</arg>
<arg>UG</arg>
<arg>UM</arg>
<arg>US</arg>
<arg>UY</arg>
<arg>UZ</arg>
<arg>VA</arg>
<arg>VC</arg>
<arg>VE</arg>
<arg>VG</arg>
<arg>VI</arg>
<arg>VN</arg>
<arg>VU</arg>
<arg>WF</arg>
<arg>WS</arg>
<arg>XK</arg>
<arg>YE</arg>
<arg>YT</arg>
<arg>ZA</arg>
<arg>ZM</arg>
<arg>ZW</arg>
<doc>Returns a list containing given items.</doc>
<status status="PASS" start="2024-05-15T19:12:39.333695" elapsed="0.000627"/>
</kw>
<kw name="List Should Contain Value" owner="Collections">
<msg time="2024-05-15T19:12:39.335357" level="INFO">False</msg>
<arg>${list_country}</arg>
<arg>${name_country}</arg>
<doc>Fails if the ``value`` is not found from ``list``.</doc>
<status status="PASS" start="2024-05-15T19:12:39.335148" elapsed="0.000246"/>
</kw>
<kw name="Run Keyword If" owner="BuiltIn">
<kw name="Should Be True" owner="BuiltIn">
<arg>${True}</arg>
<doc>Fails if the given condition is not true.</doc>
<status status="PASS" start="2024-05-15T19:12:39.336469" elapsed="0.000265"/>
</kw>
<arg>${json_data["results"][0]["location"]["coordinates"]["latitude"]} &gt;= -90 and ${json_data["results"][0]["location"]["coordinates"]["latitude"]} &lt;= 90</arg>
<arg>Should Be True</arg>
<arg>${True}</arg>
<doc>Runs the given keyword with the given arguments, if ``condition`` is true.</doc>
<status status="PASS" start="2024-05-15T19:12:39.335711" elapsed="0.001155"/>
</kw>
<kw name="Run Keyword If" owner="BuiltIn">
<kw name="Should Be True" owner="BuiltIn">
<arg>${True}</arg>
<doc>Fails if the given condition is not true.</doc>
<status status="PASS" start="2024-05-15T19:12:39.337759" elapsed="0.000141"/>
</kw>
<arg>${json_data["results"][0]["location"]["coordinates"]["longitude"]} &gt;= -180 and ${json_data["results"][0]["location"]["coordinates"]["longitude"]} &lt;= 180</arg>
<arg>Should Be True</arg>
<arg>${True}</arg>
<doc>Runs the given keyword with the given arguments, if ``condition`` is true.</doc>
<status status="PASS" start="2024-05-15T19:12:39.337058" elapsed="0.000967"/>
</kw>
<status status="PASS" start="2024-05-15T19:12:39.220530" elapsed="0.117630"/>
</kw>
<doc>Testa o conteúdo específico dos campos retornados pela API.</doc>
<tag>testeConteudo</tag>
<status status="PASS" start="2024-05-15T19:12:39.219952" elapsed="0.118362"/>
</test>
<status status="PASS" start="2024-05-15T19:12:38.130257" elapsed="1.210123"/>
</suite>
<status status="PASS" start="2024-05-15T19:12:38.116250" elapsed="1.229410"/>
</suite>
<statistics>
<total>
<stat pass="5" fail="0" skip="0">All Tests</stat>
</total>
<tag>
<stat pass="1" fail="0" skip="0">testeConteudo</stat>
<stat pass="1" fail="0" skip="0">testeEstruturaResposta</stat>
<stat pass="1" fail="0" skip="0">testeRequisicaoBasica</stat>
<stat pass="1" fail="0" skip="0">testeTiposDados</stat>
</tag>
<suite>
<stat pass="5" fail="0" skip="0" id="s1" name="Tests">Tests</stat>
<stat pass="5" fail="0" skip="0" id="s1-s1" name="Random-User-Test">Tests.Random-User-Test</stat>
</suite>
</statistics>
<errors>
</errors>
</robot>
