<?xml version="1.0" encoding="UTF-8"?>
<robot generator="Robot 7.0.1 (Python 3.12.4 on linux)" generated="2024-07-16T22:14:40.005840" rpa="false" schemaversion="5">
<suite id="s1" name="Tests" source="/home/runner/work/ApiRandomUser/ApiRandomUser/RamdonUser/tests">
<suite id="s1-s1" name="Random-User-Test" source="/home/runner/work/ApiRandomUser/ApiRandomUser/RamdonUser/tests/random-user-test.robot">
<test id="s1-s1-t1" name="Conectar" line="13">
<kw name="Conectar API" owner="random-user-service">
<kw name="Create Session" owner="RequestsLibrary">
<msg time="2024-07-16T22:14:40.393604" level="INFO">Creating Session using : alias=consultarAPI, url=https://randomuser.me/, headers={},                     cookies={}, auth=None, timeout=None, proxies=None, verify=False,                     debug=0 </msg>
<arg>consultarAPI</arg>
<arg>${URL}</arg>
<doc>Create Session: create a HTTP session to a server</doc>
<status status="PASS" start="2024-07-16T22:14:40.393402" elapsed="0.000366"/>
</kw>
<status status="PASS" start="2024-07-16T22:14:40.392454" elapsed="0.001662"/>
</kw>
<status status="PASS" start="2024-07-16T22:14:40.391867" elapsed="0.002440"/>
</test>
<test id="s1-s1-t2" name="Validar retorno 200 e JSON Válido" line="16">
<kw name="Teste de Requisicao Basica" owner="random-user-service">
<kw name="GET On Session" owner="RequestsLibrary">
<msg time="2024-07-16T22:14:40.772998" level="INFO">GET Request : url=https://randomuser.me/api 
 path_url=/api 
 headers={'User-Agent': 'python-requests/2.32.3', 'Accept-Encoding': 'gzip, deflate', 'Accept': '*/*', 'Connection': 'keep-alive'} 
 body=None 
 </msg>
<msg time="2024-07-16T22:14:40.773172" level="INFO">GET Response : url=https://randomuser.me/api 
 status=200, reason=OK 
 headers={'Date': 'Tue, 16 Jul 2024 22:14:40 GMT', 'Content-Type': 'application/json; charset=utf-8', 'Transfer-Encoding': 'chunked', 'Connection': 'keep-alive', 'X-Powered-By': 'Express', 'Access-Control-Allow-Origin': '*', 'Cache-Control': 'no-cache', 'ETag': 'W/"494-TrUxNGcfa5jcFbFvddhOKvvBdF8"', 'Vary': 'Accept-Encoding', 'Content-Encoding': 'gzip', 'CF-Cache-Status': 'DYNAMIC', 'Report-To': '{"endpoints":[{"url":"https:\\/\\/a.nel.cloudflare.com\\/report\\/v4?s=NzG826TrmdrtJ%2F16TJwD0EY3RQ6k09%2Bne1VOrmX9grhlVxqW9HHaf71Y8Jd75iJ40z15J9VmAc1WHVkhAz8Nq45pDgWOp%2B1Og7Ei8y6lvZ0m9kooVdTUbcD5KE0luqnM"}],"group":"cf-nel","max_age":604800}', 'NEL': '{"success_fraction":0,"report_to":"cf-nel","max_age":604800}', 'Server': 'cloudflare', 'CF-RAY': '8a4558b6b99c89f5-ORD', 'alt-svc': 'h3=":443"; ma=86400'} 
 body={"results":[{"gender":"female","name":{"title":"Mrs","first":"Ava","last":"Denys"},"location":{"street":{"number":5950,"name":"Parliament St"},"city":"Melbourne","state":"Northwest Territories","country":"Canada","postcode":"E7R 6R2","coordinates":{"latitude":"-69.4385","longitude":"146.3778"},"timezone":{"offset":"-1:00","description":"Azores, Cape Verde Islands"}},"email":"ava.denys@example.com","login":{"uuid":"24569a96-dc19-4638-94ae-9fa38f7e0156","username":"whitemouse998","password":"penny1","salt":"VfKymGep","md5":"555e39cd9886b1fd6a08d5b9e87c48b2","sha1":"edb63dd6af152d8937bfe7862ac82a21b4480969","sha256":"ac5d42e6d20653ca064af7abef2a3941d690b2f18d66fa314325896b42e22bcf"},"dob":{"date":"1982-03-16T06:04:19.865Z","age":42},"registered":{"date":"2006-03-16T18:23:41.550Z","age":18},"phone":"Y49 B03-3217","cell":"Z97 X19-0710","id":{"name":"SIN","value":"310686043"},"picture":{"large":"https://randomuser.me/api/portraits/women/49.jpg","medium":"https://randomuser.me/api/portraits/med/women/49.jpg","thumbnail":"https://randomuser.me/api/portraits/thumb/women/49.jpg"},"nat":"CA"}],"info":{"seed":"b1bbc7d9d06880bc","results":1,"page":1,"version":"1.4"}} 
 </msg>
<msg time="2024-07-16T22:14:40.773255" level="INFO">/opt/hostedtoolcache/Python/3.12.4/x64/lib/python3.12/site-packages/urllib3/connectionpool.py:1099: InsecureRequestWarning: Unverified HTTPS request is being made to host 'randomuser.me'. Adding certificate verification is strongly advised. See: https://urllib3.readthedocs.io/en/latest/advanced-usage.html#tls-warnings
  warnings.warn(</msg>
<msg time="2024-07-16T22:14:40.773408" level="INFO">${response} = &lt;Response [200]&gt;</msg>
<var>${response}</var>
<arg>consultarAPI</arg>
<arg>/api</arg>
<doc>Sends a GET request on a previously created HTTP Session.</doc>
<status status="PASS" start="2024-07-16T22:14:40.397001" elapsed="0.376450"/>
</kw>
<kw name="Should Be Equal As Numbers" owner="BuiltIn">
<msg time="2024-07-16T22:14:40.774353" level="INFO">Argument types are:
&lt;class 'int'&gt;
&lt;class 'str'&gt;</msg>
<arg>${response.status_code}</arg>
<arg>200</arg>
<doc>Fails if objects are unequal after converting them to real numbers.</doc>
<status status="PASS" start="2024-07-16T22:14:40.773907" elapsed="0.000519"/>
</kw>
<kw name="Log" owner="BuiltIn">
<msg time="2024-07-16T22:14:40.775085" level="INFO">200</msg>
<arg>${response.status_code}</arg>
<doc>Logs the given message with the given level.</doc>
<status status="PASS" start="2024-07-16T22:14:40.774741" elapsed="0.000387"/>
</kw>
<kw name="Set Variable" owner="BuiltIn">
<msg time="2024-07-16T22:14:40.775852" level="INFO">${json_data} = {'results': [{'gender': 'female', 'name': {'title': 'Mrs', 'first': 'Ava', 'last': 'Denys'}, 'location': {'street': {'number': 5950, 'name': 'Parliament St'}, 'city': 'Melbourne', 'state': 'Northwest ...</msg>
<var>${json_data}</var>
<arg>${response.json()}</arg>
<doc>Returns the given values which can then be assigned to a variables.</doc>
<status status="PASS" start="2024-07-16T22:14:40.775429" elapsed="0.000451"/>
</kw>
<kw name="Dictionary Should Contain Key" owner="Collections">
<arg>${json_data}</arg>
<arg>results</arg>
<doc>Fails if ``key`` is not found from ``dictionary``.</doc>
<status status="PASS" start="2024-07-16T22:14:40.776178" elapsed="0.000160"/>
</kw>
<status status="PASS" start="2024-07-16T22:14:40.396748" elapsed="0.379741"/>
</kw>
<doc>Testa se a API responde corretamente e retorna um objeto JSON válido.</doc>
<tag>testeRequisicaoBasica</tag>
<status status="PASS" start="2024-07-16T22:14:40.396200" elapsed="0.380465"/>
</test>
<test id="s1-s1-t3" name="Validar estrutura de resposta" line="22">
<kw name="Teste de Estrutura de Resposta" owner="random-user-service">
<kw name="GET On Session" owner="RequestsLibrary">
<msg time="2024-07-16T22:14:40.911427" level="INFO">GET Request : url=https://randomuser.me/api 
 path_url=/api 
 headers={'User-Agent': 'python-requests/2.32.3', 'Accept-Encoding': 'gzip, deflate', 'Accept': '*/*', 'Connection': 'keep-alive'} 
 body=None 
 </msg>
<msg time="2024-07-16T22:14:40.911516" level="INFO">GET Response : url=https://randomuser.me/api 
 status=200, reason=OK 
 headers={'Date': 'Tue, 16 Jul 2024 22:14:40 GMT', 'Content-Type': 'application/json; charset=utf-8', 'Transfer-Encoding': 'chunked', 'Connection': 'keep-alive', 'X-Powered-By': 'Express', 'Access-Control-Allow-Origin': '*', 'Cache-Control': 'no-cache', 'ETag': 'W/"49a-oslPY7bDWm4Il/Do0sjWWaqXKK0"', 'Vary': 'Accept-Encoding', 'Content-Encoding': 'gzip', 'CF-Cache-Status': 'DYNAMIC', 'Report-To': '{"endpoints":[{"url":"https:\\/\\/a.nel.cloudflare.com\\/report\\/v4?s=NauIfkoMCbDSdGm7KF%2FTtUsXjgJpvSxO4JehTIz4jwJ7cqPwBI2%2F6tU%2Flb%2B0T4rSV9SVjZWYi%2FJU409j5nxCMMYN3fWKL4QP3gybbq28C50q8vqj4fQKZa7wo%2BE3eLin"}],"group":"cf-nel","max_age":604800}', 'NEL': '{"success_fraction":0,"report_to":"cf-nel","max_age":604800}', 'Server': 'cloudflare', 'CF-RAY': '8a4558b8ec4c89f5-ORD', 'alt-svc': 'h3=":443"; ma=86400'} 
 body={"results":[{"gender":"female","name":{"title":"Mrs","first":"Judy","last":"Moore"},"location":{"street":{"number":189,"name":"New Street"},"city":"Worcester","state":"Norfolk","country":"United Kingdom","postcode":"WW52 1ST","coordinates":{"latitude":"-8.4000","longitude":"89.9667"},"timezone":{"offset":"+8:00","description":"Beijing, Perth, Singapore, Hong Kong"}},"email":"judy.moore@example.com","login":{"uuid":"797d08fa-37ad-4b6e-bf8c-31a8fafd832d","username":"silverduck170","password":"little","salt":"CP1UA7R8","md5":"8166492eb8cc0bdaa77cfe073aeab718","sha1":"7b8d546af86d433b3798e525fe5f5388607ff8b1","sha256":"6b1be1fdea2b673d239155a3ec749d24e906cea1d23524960e7a94edefcea54b"},"dob":{"date":"1983-08-29T03:18:11.231Z","age":40},"registered":{"date":"2012-04-28T06:03:47.121Z","age":12},"phone":"016973 77435","cell":"07213 592563","id":{"name":"NINO","value":"NC 53 56 80 H"},"picture":{"large":"https://randomuser.me/api/portraits/women/92.jpg","medium":"https://randomuser.me/api/portraits/med/women/92.jpg","thumbnail":"https://randomuser.me/api/portraits/thumb/women/92.jpg"},"nat":"GB"}],"info":{"seed":"e9c0a60cd0a61762","results":1,"page":1,"version":"1.4"}} 
 </msg>
<msg time="2024-07-16T22:14:40.911642" level="INFO">/opt/hostedtoolcache/Python/3.12.4/x64/lib/python3.12/site-packages/urllib3/connectionpool.py:1099: InsecureRequestWarning: Unverified HTTPS request is being made to host 'randomuser.me'. Adding certificate verification is strongly advised. See: https://urllib3.readthedocs.io/en/latest/advanced-usage.html#tls-warnings
  warnings.warn(</msg>
<msg time="2024-07-16T22:14:40.911792" level="INFO">${response} = &lt;Response [200]&gt;</msg>
<var>${response}</var>
<arg>consultarAPI</arg>
<arg>/api</arg>
<doc>Sends a GET request on a previously created HTTP Session.</doc>
<status status="PASS" start="2024-07-16T22:14:40.779664" elapsed="0.132185"/>
</kw>
<kw name="Set Variable" owner="BuiltIn">
<msg time="2024-07-16T22:14:40.912685" level="INFO">${json_data} = {'results': [{'gender': 'female', 'name': {'title': 'Mrs', 'first': 'Judy', 'last': 'Moore'}, 'location': {'street': {'number': 189, 'name': 'New Street'}, 'city': 'Worcester', 'state': 'Norfolk', 'co...</msg>
<var>${json_data}</var>
<arg>${response.json()}</arg>
<doc>Returns the given values which can then be assigned to a variables.</doc>
<status status="PASS" start="2024-07-16T22:14:40.912242" elapsed="0.000471"/>
</kw>
<kw name="Log" owner="BuiltIn">
<msg time="2024-07-16T22:14:40.913225" level="INFO">{'results': [{'gender': 'female', 'name': {'title': 'Mrs', 'first': 'Judy', 'last': 'Moore'}, 'location': {'street': {'number': 189, 'name': 'New Street'}, 'city': 'Worcester', 'state': 'Norfolk', 'country': 'United Kingdom', 'postcode': 'WW52 1ST', 'coordinates': {'latitude': '-8.4000', 'longitude': '89.9667'}, 'timezone': {'offset': '+8:00', 'description': 'Beijing, Perth, Singapore, Hong Kong'}}, 'email': 'judy.moore@example.com', 'login': {'uuid': '797d08fa-37ad-4b6e-bf8c-31a8fafd832d', 'username': 'silverduck170', 'password': 'little', 'salt': 'CP1UA7R8', 'md5': '8166492eb8cc0bdaa77cfe073aeab718', 'sha1': '7b8d546af86d433b3798e525fe5f5388607ff8b1', 'sha256': '6b1be1fdea2b673d239155a3ec749d24e906cea1d23524960e7a94edefcea54b'}, 'dob': {'date': '1983-08-29T03:18:11.231Z', 'age': 40}, 'registered': {'date': '2012-04-28T06:03:47.121Z', 'age': 12}, 'phone': '016973 77435', 'cell': '07213 592563', 'id': {'name': 'NINO', 'value': 'NC 53 56 80 H'}, 'picture': {'large': 'https://randomuser.me/api/portraits/women/92.jpg', 'medium': 'https://randomuser.me/api/portraits/med/women/92.jpg', 'thumbnail': 'https://randomuser.me/api/portraits/thumb/women/92.jpg'}, 'nat': 'GB'}], 'info': {'seed': 'e9c0a60cd0a61762', 'results': 1, 'page': 1, 'version': '1.4'}}</msg>
<arg>${json_data}</arg>
<doc>Logs the given message with the given level.</doc>
<status status="PASS" start="2024-07-16T22:14:40.913020" elapsed="0.000254"/>
</kw>
<kw name="Dictionary Should Contain Key" owner="Collections">
<arg>${json_data}</arg>
<arg>results</arg>
<doc>Fails if ``key`` is not found from ``dictionary``.</doc>
<status status="PASS" start="2024-07-16T22:14:40.913565" elapsed="0.000152"/>
</kw>
<kw name="Should Not Be Empty" owner="BuiltIn">
<msg time="2024-07-16T22:14:40.914034" level="INFO">Length is 2.</msg>
<arg>${json_data}</arg>
<doc>Verifies that the given item is not empty.</doc>
<status status="PASS" start="2024-07-16T22:14:40.913898" elapsed="0.000175"/>
</kw>
<kw name="Create List" owner="BuiltIn">
<msg time="2024-07-16T22:14:40.914639" level="INFO">${expected_keys} = ['gender', 'name', 'location', 'email', 'login']</msg>
<var>${expected_keys}</var>
<arg>gender</arg>
<arg>name</arg>
<arg>location</arg>
<arg>email</arg>
<arg>login</arg>
<doc>Returns a list containing given items.</doc>
<status status="PASS" start="2024-07-16T22:14:40.914363" elapsed="0.000301"/>
</kw>
<for flavor="IN">
<iter>
<kw name="Dictionary Should Contain Key" owner="Collections">
<arg>${json_data['results'][0]}</arg>
<arg>${key}</arg>
<doc>Fails if ``key`` is not found from ``dictionary``.</doc>
<status status="PASS" start="2024-07-16T22:14:40.915248" elapsed="0.000393"/>
</kw>
<kw name="Log" owner="BuiltIn">
<msg time="2024-07-16T22:14:40.916177" level="INFO">{'gender': 'female', 'name': {'title': 'Mrs', 'first': 'Judy', 'last': 'Moore'}, 'location': {'street': {'number': 189, 'name': 'New Street'}, 'city': 'Worcester', 'state': 'Norfolk', 'country': 'United Kingdom', 'postcode': 'WW52 1ST', 'coordinates': {'latitude': '-8.4000', 'longitude': '89.9667'}, 'timezone': {'offset': '+8:00', 'description': 'Beijing, Perth, Singapore, Hong Kong'}}, 'email': 'judy.moore@example.com', 'login': {'uuid': '797d08fa-37ad-4b6e-bf8c-31a8fafd832d', 'username': 'silverduck170', 'password': 'little', 'salt': 'CP1UA7R8', 'md5': '8166492eb8cc0bdaa77cfe073aeab718', 'sha1': '7b8d546af86d433b3798e525fe5f5388607ff8b1', 'sha256': '6b1be1fdea2b673d239155a3ec749d24e906cea1d23524960e7a94edefcea54b'}, 'dob': {'date': '1983-08-29T03:18:11.231Z', 'age': 40}, 'registered': {'date': '2012-04-28T06:03:47.121Z', 'age': 12}, 'phone': '016973 77435', 'cell': '07213 592563', 'id': {'name': 'NINO', 'value': 'NC 53 56 80 H'}, 'picture': {'large': 'https://randomuser.me/api/portraits/women/92.jpg', 'medium': 'https://randomuser.me/api/portraits/med/women/92.jpg', 'thumbnail': 'https://randomuser.me/api/portraits/thumb/women/92.jpg'}, 'nat': 'GB'}</msg>
<arg>${json_data['results'][0]}</arg>
<doc>Logs the given message with the given level.</doc>
<status status="PASS" start="2024-07-16T22:14:40.915826" elapsed="0.000400"/>
</kw>
<kw name="Log" owner="BuiltIn">
<msg time="2024-07-16T22:14:40.916652" level="INFO">gender</msg>
<arg>${key}</arg>
<doc>Logs the given message with the given level.</doc>
<status status="PASS" start="2024-07-16T22:14:40.916524" elapsed="0.000166"/>
</kw>
<var name="${key}">gender</var>
<status status="PASS" start="2024-07-16T22:14:40.915106" elapsed="0.001801"/>
</iter>
<iter>
<kw name="Dictionary Should Contain Key" owner="Collections">
<arg>${json_data['results'][0]}</arg>
<arg>${key}</arg>
<doc>Fails if ``key`` is not found from ``dictionary``.</doc>
<status status="PASS" start="2024-07-16T22:14:40.917235" elapsed="0.000391"/>
</kw>
<kw name="Log" owner="BuiltIn">
<msg time="2024-07-16T22:14:40.918201" level="INFO">{'gender': 'female', 'name': {'title': 'Mrs', 'first': 'Judy', 'last': 'Moore'}, 'location': {'street': {'number': 189, 'name': 'New Street'}, 'city': 'Worcester', 'state': 'Norfolk', 'country': 'United Kingdom', 'postcode': 'WW52 1ST', 'coordinates': {'latitude': '-8.4000', 'longitude': '89.9667'}, 'timezone': {'offset': '+8:00', 'description': 'Beijing, Perth, Singapore, Hong Kong'}}, 'email': 'judy.moore@example.com', 'login': {'uuid': '797d08fa-37ad-4b6e-bf8c-31a8fafd832d', 'username': 'silverduck170', 'password': 'little', 'salt': 'CP1UA7R8', 'md5': '8166492eb8cc0bdaa77cfe073aeab718', 'sha1': '7b8d546af86d433b3798e525fe5f5388607ff8b1', 'sha256': '6b1be1fdea2b673d239155a3ec749d24e906cea1d23524960e7a94edefcea54b'}, 'dob': {'date': '1983-08-29T03:18:11.231Z', 'age': 40}, 'registered': {'date': '2012-04-28T06:03:47.121Z', 'age': 12}, 'phone': '016973 77435', 'cell': '07213 592563', 'id': {'name': 'NINO', 'value': 'NC 53 56 80 H'}, 'picture': {'large': 'https://randomuser.me/api/portraits/women/92.jpg', 'medium': 'https://randomuser.me/api/portraits/med/women/92.jpg', 'thumbnail': 'https://randomuser.me/api/portraits/thumb/women/92.jpg'}, 'nat': 'GB'}</msg>
<arg>${json_data['results'][0]}</arg>
<doc>Logs the given message with the given level.</doc>
<status status="PASS" start="2024-07-16T22:14:40.917807" elapsed="0.000443"/>
</kw>
<kw name="Log" owner="BuiltIn">
<msg time="2024-07-16T22:14:40.918670" level="INFO">name</msg>
<arg>${key}</arg>
<doc>Logs the given message with the given level.</doc>
<status status="PASS" start="2024-07-16T22:14:40.918543" elapsed="0.000165"/>
</kw>
<var name="${key}">name</var>
<status status="PASS" start="2024-07-16T22:14:40.917113" elapsed="0.001814"/>
</iter>
<iter>
<kw name="Dictionary Should Contain Key" owner="Collections">
<arg>${json_data['results'][0]}</arg>
<arg>${key}</arg>
<doc>Fails if ``key`` is not found from ``dictionary``.</doc>
<status status="PASS" start="2024-07-16T22:14:40.919237" elapsed="0.000383"/>
</kw>
<kw name="Log" owner="BuiltIn">
<msg time="2024-07-16T22:14:40.920150" level="INFO">{'gender': 'female', 'name': {'title': 'Mrs', 'first': 'Judy', 'last': 'Moore'}, 'location': {'street': {'number': 189, 'name': 'New Street'}, 'city': 'Worcester', 'state': 'Norfolk', 'country': 'United Kingdom', 'postcode': 'WW52 1ST', 'coordinates': {'latitude': '-8.4000', 'longitude': '89.9667'}, 'timezone': {'offset': '+8:00', 'description': 'Beijing, Perth, Singapore, Hong Kong'}}, 'email': 'judy.moore@example.com', 'login': {'uuid': '797d08fa-37ad-4b6e-bf8c-31a8fafd832d', 'username': 'silverduck170', 'password': 'little', 'salt': 'CP1UA7R8', 'md5': '8166492eb8cc0bdaa77cfe073aeab718', 'sha1': '7b8d546af86d433b3798e525fe5f5388607ff8b1', 'sha256': '6b1be1fdea2b673d239155a3ec749d24e906cea1d23524960e7a94edefcea54b'}, 'dob': {'date': '1983-08-29T03:18:11.231Z', 'age': 40}, 'registered': {'date': '2012-04-28T06:03:47.121Z', 'age': 12}, 'phone': '016973 77435', 'cell': '07213 592563', 'id': {'name': 'NINO', 'value': 'NC 53 56 80 H'}, 'picture': {'large': 'https://randomuser.me/api/portraits/women/92.jpg', 'medium': 'https://randomuser.me/api/portraits/med/women/92.jpg', 'thumbnail': 'https://randomuser.me/api/portraits/thumb/women/92.jpg'}, 'nat': 'GB'}</msg>
<arg>${json_data['results'][0]}</arg>
<doc>Logs the given message with the given level.</doc>
<status status="PASS" start="2024-07-16T22:14:40.919801" elapsed="0.000396"/>
</kw>
<kw name="Log" owner="BuiltIn">
<msg time="2024-07-16T22:14:40.920624" level="INFO">location</msg>
<arg>${key}</arg>
<doc>Logs the given message with the given level.</doc>
<status status="PASS" start="2024-07-16T22:14:40.920497" elapsed="0.000163"/>
</kw>
<var name="${key}">location</var>
<status status="PASS" start="2024-07-16T22:14:40.919121" elapsed="0.001751"/>
</iter>
<iter>
<kw name="Dictionary Should Contain Key" owner="Collections">
<arg>${json_data['results'][0]}</arg>
<arg>${key}</arg>
<doc>Fails if ``key`` is not found from ``dictionary``.</doc>
<status status="PASS" start="2024-07-16T22:14:40.921188" elapsed="0.000480"/>
</kw>
<kw name="Log" owner="BuiltIn">
<msg time="2024-07-16T22:14:40.922495" level="INFO">{'gender': 'female', 'name': {'title': 'Mrs', 'first': 'Judy', 'last': 'Moore'}, 'location': {'street': {'number': 189, 'name': 'New Street'}, 'city': 'Worcester', 'state': 'Norfolk', 'country': 'United Kingdom', 'postcode': 'WW52 1ST', 'coordinates': {'latitude': '-8.4000', 'longitude': '89.9667'}, 'timezone': {'offset': '+8:00', 'description': 'Beijing, Perth, Singapore, Hong Kong'}}, 'email': 'judy.moore@example.com', 'login': {'uuid': '797d08fa-37ad-4b6e-bf8c-31a8fafd832d', 'username': 'silverduck170', 'password': 'little', 'salt': 'CP1UA7R8', 'md5': '8166492eb8cc0bdaa77cfe073aeab718', 'sha1': '7b8d546af86d433b3798e525fe5f5388607ff8b1', 'sha256': '6b1be1fdea2b673d239155a3ec749d24e906cea1d23524960e7a94edefcea54b'}, 'dob': {'date': '1983-08-29T03:18:11.231Z', 'age': 40}, 'registered': {'date': '2012-04-28T06:03:47.121Z', 'age': 12}, 'phone': '016973 77435', 'cell': '07213 592563', 'id': {'name': 'NINO', 'value': 'NC 53 56 80 H'}, 'picture': {'large': 'https://randomuser.me/api/portraits/women/92.jpg', 'medium': 'https://randomuser.me/api/portraits/med/women/92.jpg', 'thumbnail': 'https://randomuser.me/api/portraits/thumb/women/92.jpg'}, 'nat': 'GB'}</msg>
<arg>${json_data['results'][0]}</arg>
<doc>Logs the given message with the given level.</doc>
<status status="PASS" start="2024-07-16T22:14:40.921969" elapsed="0.000577"/>
</kw>
<kw name="Log" owner="BuiltIn">
<msg time="2024-07-16T22:14:40.922984" level="INFO">email</msg>
<arg>${key}</arg>
<doc>Logs the given message with the given level.</doc>
<status status="PASS" start="2024-07-16T22:14:40.922850" elapsed="0.000173"/>
</kw>
<var name="${key}">email</var>
<status status="PASS" start="2024-07-16T22:14:40.921063" elapsed="0.002175"/>
</iter>
<iter>
<kw name="Dictionary Should Contain Key" owner="Collections">
<arg>${json_data['results'][0]}</arg>
<arg>${key}</arg>
<doc>Fails if ``key`` is not found from ``dictionary``.</doc>
<status status="PASS" start="2024-07-16T22:14:40.923520" elapsed="0.000380"/>
</kw>
<kw name="Log" owner="BuiltIn">
<msg time="2024-07-16T22:14:40.924436" level="INFO">{'gender': 'female', 'name': {'title': 'Mrs', 'first': 'Judy', 'last': 'Moore'}, 'location': {'street': {'number': 189, 'name': 'New Street'}, 'city': 'Worcester', 'state': 'Norfolk', 'country': 'United Kingdom', 'postcode': 'WW52 1ST', 'coordinates': {'latitude': '-8.4000', 'longitude': '89.9667'}, 'timezone': {'offset': '+8:00', 'description': 'Beijing, Perth, Singapore, Hong Kong'}}, 'email': 'judy.moore@example.com', 'login': {'uuid': '797d08fa-37ad-4b6e-bf8c-31a8fafd832d', 'username': 'silverduck170', 'password': 'little', 'salt': 'CP1UA7R8', 'md5': '8166492eb8cc0bdaa77cfe073aeab718', 'sha1': '7b8d546af86d433b3798e525fe5f5388607ff8b1', 'sha256': '6b1be1fdea2b673d239155a3ec749d24e906cea1d23524960e7a94edefcea54b'}, 'dob': {'date': '1983-08-29T03:18:11.231Z', 'age': 40}, 'registered': {'date': '2012-04-28T06:03:47.121Z', 'age': 12}, 'phone': '016973 77435', 'cell': '07213 592563', 'id': {'name': 'NINO', 'value': 'NC 53 56 80 H'}, 'picture': {'large': 'https://randomuser.me/api/portraits/women/92.jpg', 'medium': 'https://randomuser.me/api/portraits/med/women/92.jpg', 'thumbnail': 'https://randomuser.me/api/portraits/thumb/women/92.jpg'}, 'nat': 'GB'}</msg>
<arg>${json_data['results'][0]}</arg>
<doc>Logs the given message with the given level.</doc>
<status status="PASS" start="2024-07-16T22:14:40.924084" elapsed="0.000399"/>
</kw>
<kw name="Log" owner="BuiltIn">
<msg time="2024-07-16T22:14:40.924900" level="INFO">login</msg>
<arg>${key}</arg>
<doc>Logs the given message with the given level.</doc>
<status status="PASS" start="2024-07-16T22:14:40.924773" elapsed="0.000164"/>
</kw>
<var name="${key}">login</var>
<status status="PASS" start="2024-07-16T22:14:40.923406" elapsed="0.001775"/>
</iter>
<var>${key}</var>
<value>@{expected_keys}</value>
<status status="PASS" start="2024-07-16T22:14:40.914926" elapsed="0.010373"/>
</for>
<kw name="Create List" owner="BuiltIn">
<msg time="2024-07-16T22:14:40.925656" level="INFO">${expected_keysTwo} = ['username', 'password']</msg>
<var>${expected_keysTwo}</var>
<arg>username</arg>
<arg>password</arg>
<doc>Returns a list containing given items.</doc>
<status status="PASS" start="2024-07-16T22:14:40.925484" elapsed="0.000198"/>
</kw>
<for flavor="IN">
<iter>
<kw name="Dictionary Should Contain Key" owner="Collections">
<arg>${json_data['results'][0]['login']}</arg>
<arg>${keyTwo}</arg>
<doc>Fails if ``key`` is not found from ``dictionary``.</doc>
<status status="PASS" start="2024-07-16T22:14:40.926173" elapsed="0.000386"/>
</kw>
<kw name="Dictionary Should Contain Key" owner="Collections">
<arg>${json_data['results'][0]['login']}</arg>
<arg>${keyTwo}</arg>
<doc>Fails if ``key`` is not found from ``dictionary``.</doc>
<status status="PASS" start="2024-07-16T22:14:40.926740" elapsed="0.000372"/>
</kw>
<kw name="Log" owner="BuiltIn">
<msg time="2024-07-16T22:14:40.927418" level="INFO">username</msg>
<arg>${keyTwo}</arg>
<doc>Logs the given message with the given level.</doc>
<status status="PASS" start="2024-07-16T22:14:40.927296" elapsed="0.000160"/>
</kw>
<var name="${keyTwo}">username</var>
<status status="PASS" start="2024-07-16T22:14:40.926067" elapsed="0.001609"/>
</iter>
<iter>
<kw name="Dictionary Should Contain Key" owner="Collections">
<arg>${json_data['results'][0]['login']}</arg>
<arg>${keyTwo}</arg>
<doc>Fails if ``key`` is not found from ``dictionary``.</doc>
<status status="PASS" start="2024-07-16T22:14:40.927953" elapsed="0.000390"/>
</kw>
<kw name="Dictionary Should Contain Key" owner="Collections">
<arg>${json_data['results'][0]['login']}</arg>
<arg>${keyTwo}</arg>
<doc>Fails if ``key`` is not found from ``dictionary``.</doc>
<status status="PASS" start="2024-07-16T22:14:40.928524" elapsed="0.000366"/>
</kw>
<kw name="Log" owner="BuiltIn">
<msg time="2024-07-16T22:14:40.929217" level="INFO">password</msg>
<arg>${keyTwo}</arg>
<doc>Logs the given message with the given level.</doc>
<status status="PASS" start="2024-07-16T22:14:40.929093" elapsed="0.000166"/>
</kw>
<var name="${keyTwo}">password</var>
<status status="PASS" start="2024-07-16T22:14:40.927846" elapsed="0.001727"/>
</iter>
<var>${keyTwo}</var>
<value>@{expected_keysTwo}</value>
<status status="PASS" start="2024-07-16T22:14:40.925919" elapsed="0.003774"/>
</for>
<status status="PASS" start="2024-07-16T22:14:40.779327" elapsed="0.150504"/>
</kw>
<doc>Testa a estrutura da resposta da API.</doc>
<tag>testeEstruturaResposta</tag>
<status status="PASS" start="2024-07-16T22:14:40.778538" elapsed="0.151440"/>
</test>
<test id="s1-s1-t4" name="Validar tipos de dados" line="28">
<kw name="Teste de Tipos de Dados" owner="random-user-service">
<kw name="GET On Session" owner="RequestsLibrary">
<msg time="2024-07-16T22:14:41.000742" level="INFO">GET Request : url=https://randomuser.me/api 
 path_url=/api 
 headers={'User-Agent': 'python-requests/2.32.3', 'Accept-Encoding': 'gzip, deflate', 'Accept': '*/*', 'Connection': 'keep-alive'} 
 body=None 
 </msg>
<msg time="2024-07-16T22:14:41.000825" level="INFO">GET Response : url=https://randomuser.me/api 
 status=200, reason=OK 
 headers={'Date': 'Tue, 16 Jul 2024 22:14:40 GMT', 'Content-Type': 'application/json; charset=utf-8', 'Transfer-Encoding': 'chunked', 'Connection': 'keep-alive', 'X-Powered-By': 'Express', 'Access-Control-Allow-Origin': '*', 'Cache-Control': 'no-cache', 'ETag': 'W/"4a4-I0IFKnKK2kvWwB9heZnKt8QJ8nM"', 'Vary': 'Accept-Encoding', 'Content-Encoding': 'gzip', 'CF-Cache-Status': 'DYNAMIC', 'Report-To': '{"endpoints":[{"url":"https:\\/\\/a.nel.cloudflare.com\\/report\\/v4?s=007fj5qGhqN9VnfDIXL7HomM%2BkqcJdbihZWcwg7fsSkY0RmDd7HDBtnQF%2BCtVxX9PIIaCq9AZ%2FVf%2FmG2FSoZgus5q7v%2F3lxb6o%2Fs0Mr03mw9qogEQe4FQFYJfu5mlup9"}],"group":"cf-nel","max_age":604800}', 'NEL': '{"success_fraction":0,"report_to":"cf-nel","max_age":604800}', 'Server': 'cloudflare', 'CF-RAY': '8a4558b9dd6b89f5-ORD', 'alt-svc': 'h3=":443"; ma=86400'} 
 body={"results":[{"gender":"male","name":{"title":"Mr","first":"Lucius","last":"Hochstenbach"},"location":{"street":{"number":7302,"name":"Carrouselweg"},"city":"Egmond aan den Hoef","state":"Zuid-Holland","country":"Netherlands","postcode":"4877 BR","coordinates":{"latitude":"33.4637","longitude":"-128.0374"},"timezone":{"offset":"-7:00","description":"Mountain Time (US &amp; Canada)"}},"email":"lucius.hochstenbach@example.com","login":{"uuid":"842b43f8-fc8c-440d-8130-a7a0ea85bf67","username":"brownbird702","password":"amsterdam","salt":"0XFXqd1b","md5":"c54b1a1ef874258c90786a775e84a9cb","sha1":"275264b28e87df4c84ef02df0810bcb2b99ce74a","sha256":"0ad93ab7c55cd522b621f83d3debc3298e386ca9f08108339bca48f1c8a90ed4"},"dob":{"date":"1971-08-28T22:26:03.694Z","age":52},"registered":{"date":"2014-12-20T15:33:39.184Z","age":9},"phone":"(0256) 329904","cell":"(06) 90380100","id":{"name":"BSN","value":"10522703"},"picture":{"large":"https://randomuser.me/api/portraits/men/0.jpg","medium":"https://randomuser.me/api/portraits/med/men/0.jpg","thumbnail":"https://randomuser.me/api/portraits/thumb/men/0.jpg"},"nat":"NL"}],"info":{"seed":"91407253d52bc774","results":1,"page":1,"version":"1.4"}} 
 </msg>
<msg time="2024-07-16T22:14:41.000902" level="INFO">/opt/hostedtoolcache/Python/3.12.4/x64/lib/python3.12/site-packages/urllib3/connectionpool.py:1099: InsecureRequestWarning: Unverified HTTPS request is being made to host 'randomuser.me'. Adding certificate verification is strongly advised. See: https://urllib3.readthedocs.io/en/latest/advanced-usage.html#tls-warnings
  warnings.warn(</msg>
<msg time="2024-07-16T22:14:41.001064" level="INFO">${response} = &lt;Response [200]&gt;</msg>
<var>${response}</var>
<arg>consultarAPI</arg>
<arg>/api</arg>
<doc>Sends a GET request on a previously created HTTP Session.</doc>
<status status="PASS" start="2024-07-16T22:14:40.932430" elapsed="0.068694"/>
</kw>
<kw name="Set Variable" owner="BuiltIn">
<msg time="2024-07-16T22:14:41.002017" level="INFO">${json_data} = {'results': [{'gender': 'male', 'name': {'title': 'Mr', 'first': 'Lucius', 'last': 'Hochstenbach'}, 'location': {'street': {'number': 7302, 'name': 'Carrouselweg'}, 'city': 'Egmond aan den Hoef', 'sta...</msg>
<var>${json_data}</var>
<arg>${response.json()}</arg>
<doc>Returns the given values which can then be assigned to a variables.</doc>
<status status="PASS" start="2024-07-16T22:14:41.001568" elapsed="0.000478"/>
</kw>
<kw name="Log" owner="BuiltIn">
<msg time="2024-07-16T22:14:41.002505" level="INFO">{'results': [{'gender': 'male', 'name': {'title': 'Mr', 'first': 'Lucius', 'last': 'Hochstenbach'}, 'location': {'street': {'number': 7302, 'name': 'Carrouselweg'}, 'city': 'Egmond aan den Hoef', 'state': 'Zuid-Holland', 'country': 'Netherlands', 'postcode': '4877 BR', 'coordinates': {'latitude': '33.4637', 'longitude': '-128.0374'}, 'timezone': {'offset': '-7:00', 'description': 'Mountain Time (US &amp; Canada)'}}, 'email': 'lucius.hochstenbach@example.com', 'login': {'uuid': '842b43f8-fc8c-440d-8130-a7a0ea85bf67', 'username': 'brownbird702', 'password': 'amsterdam', 'salt': '0XFXqd1b', 'md5': 'c54b1a1ef874258c90786a775e84a9cb', 'sha1': '275264b28e87df4c84ef02df0810bcb2b99ce74a', 'sha256': '0ad93ab7c55cd522b621f83d3debc3298e386ca9f08108339bca48f1c8a90ed4'}, 'dob': {'date': '1971-08-28T22:26:03.694Z', 'age': 52}, 'registered': {'date': '2014-12-20T15:33:39.184Z', 'age': 9}, 'phone': '(0256) 329904', 'cell': '(06) 90380100', 'id': {'name': 'BSN', 'value': '10522703'}, 'picture': {'large': 'https://randomuser.me/api/portraits/men/0.jpg', 'medium': 'https://randomuser.me/api/portraits/med/men/0.jpg', 'thumbnail': 'https://randomuser.me/api/portraits/thumb/men/0.jpg'}, 'nat': 'NL'}], 'info': {'seed': '91407253d52bc774', 'results': 1, 'page': 1, 'version': '1.4'}}</msg>
<arg>${json_data}</arg>
<doc>Logs the given message with the given level.</doc>
<status status="PASS" start="2024-07-16T22:14:41.002355" elapsed="0.000198"/>
</kw>
<kw name="Should Be String" owner="String">
<arg>${json_data['results'][0]['gender']}</arg>
<doc>Fails if the given ``item`` is not a string.</doc>
<status status="PASS" start="2024-07-16T22:14:41.002844" elapsed="0.000363"/>
</kw>
<kw name="Should Match Regexp" owner="BuiltIn">
<arg>${json_data['results'][0]['email']}</arg>
<arg>^[a-zA-Z0-9._%+-]+@[a-zA-Z0-9.-]+\.[a-zA-Z]{2,}$</arg>
<doc>Fails if ``string`` does not match ``pattern`` as a regular expression.</doc>
<status status="PASS" start="2024-07-16T22:14:41.003430" elapsed="0.000513"/>
</kw>
<kw name="Should Match Regexp" owner="BuiltIn">
<arg>${json_data['results'][0]['dob']['date']}</arg>
<arg>\\d{4}-\\d{2}-\\d{2}T\\d{2}:\\d{2}:\\d{2}\\.\\d{3}Z</arg>
<doc>Fails if ``string`` does not match ``pattern`` as a regular expression.</doc>
<status status="PASS" start="2024-07-16T22:14:41.004137" elapsed="0.000481"/>
</kw>
<kw name="Should Match Regexp" owner="BuiltIn">
<arg>${json_data['results'][0]['registered']['date']}</arg>
<arg>\\d{4}-\\d{2}-\\d{2}T\\d{2}:\\d{2}:\\d{2}\\.\\d{3}Z</arg>
<doc>Fails if ``string`` does not match ``pattern`` as a regular expression.</doc>
<status status="PASS" start="2024-07-16T22:14:41.004808" elapsed="0.000405"/>
</kw>
<kw name="Should Match Regexp" owner="BuiltIn">
<arg>${json_data['results'][0]['picture']['large']}</arg>
<arg>^https?://.*\.(?:png|jpe?g|gif|bmp)$</arg>
<doc>Fails if ``string`` does not match ``pattern`` as a regular expression.</doc>
<status status="PASS" start="2024-07-16T22:14:41.005397" elapsed="0.000461"/>
</kw>
<kw name="Should Match Regexp" owner="BuiltIn">
<arg>${json_data['results'][0]['picture']['medium']}</arg>
<arg>^https?://.*\.(?:png|jpe?g|gif|bmp)$</arg>
<doc>Fails if ``string`` does not match ``pattern`` as a regular expression.</doc>
<status status="PASS" start="2024-07-16T22:14:41.006047" elapsed="0.000351"/>
</kw>
<kw name="Should Match Regexp" owner="BuiltIn">
<arg>${json_data['results'][0]['picture']['thumbnail']}</arg>
<arg>^https?://.*\.(?:png|jpe?g|gif|bmp)$</arg>
<doc>Fails if ``string`` does not match ``pattern`` as a regular expression.</doc>
<status status="PASS" start="2024-07-16T22:14:41.006581" elapsed="0.000344"/>
</kw>
<kw name="Log" owner="BuiltIn">
<msg time="2024-07-16T22:14:41.007439" level="INFO">{'large': 'https://randomuser.me/api/portraits/men/0.jpg', 'medium': 'https://randomuser.me/api/portraits/med/men/0.jpg', 'thumbnail': 'https://randomuser.me/api/portraits/thumb/men/0.jpg'}</msg>
<arg>${json_data['results'][0]['picture']}</arg>
<doc>Logs the given message with the given level.</doc>
<status status="PASS" start="2024-07-16T22:14:41.007109" elapsed="0.000373"/>
</kw>
<status status="PASS" start="2024-07-16T22:14:40.932212" elapsed="0.075527"/>
</kw>
<kw name="Teste de Tipos de Dados - Postcode" owner="random-user-service">
<kw name="GET On Session" owner="RequestsLibrary">
<msg time="2024-07-16T22:14:41.085573" level="INFO">GET Request : url=https://randomuser.me/api 
 path_url=/api 
 headers={'User-Agent': 'python-requests/2.32.3', 'Accept-Encoding': 'gzip, deflate', 'Accept': '*/*', 'Connection': 'keep-alive'} 
 body=None 
 </msg>
<msg time="2024-07-16T22:14:41.085658" level="INFO">GET Response : url=https://randomuser.me/api 
 status=200, reason=OK 
 headers={'Date': 'Tue, 16 Jul 2024 22:14:41 GMT', 'Content-Type': 'application/json; charset=utf-8', 'Transfer-Encoding': 'chunked', 'Connection': 'keep-alive', 'X-Powered-By': 'Express', 'Access-Control-Allow-Origin': '*', 'Cache-Control': 'no-cache', 'ETag': 'W/"49f-mZYTnYh+gUUfrEZ0Vf7RPCanXQI"', 'Vary': 'Accept-Encoding', 'Content-Encoding': 'gzip', 'CF-Cache-Status': 'DYNAMIC', 'Report-To': '{"endpoints":[{"url":"https:\\/\\/a.nel.cloudflare.com\\/report\\/v4?s=OR8pVg37lLsLdBm13GyJk9Co5p5WKX4WlgT5UocLcrA%2Bia7evS7ictCUDxK7EwUPk6Jl4Yi6%2FhSS1SSyE%2FHYzEZdnQdmXs8uhKsjka1BlA%2FwCOCzW1M8p0TmeMMLcYSc"}],"group":"cf-nel","max_age":604800}', 'NEL': '{"success_fraction":0,"report_to":"cf-nel","max_age":604800}', 'Server': 'cloudflare', 'CF-RAY': '8a4558ba4df289f5-ORD', 'alt-svc': 'h3=":443"; ma=86400'} 
 body={"results":[{"gender":"female","name":{"title":"Miss","first":"Jessica","last":"Martin"},"location":{"street":{"number":7541,"name":"Pakuranga Road"},"city":"Porirua","state":"Manawatu-Wanganui","country":"New Zealand","postcode":94262,"coordinates":{"latitude":"53.5914","longitude":"16.8322"},"timezone":{"offset":"-6:00","description":"Central Time (US &amp; Canada), Mexico City"}},"email":"jessica.martin@example.com","login":{"uuid":"7833caa5-e5fe-4981-9f12-5624a4650e6f","username":"blackfrog443","password":"ashton","salt":"t83KFhL0","md5":"889c6b3293feebba2d764cf81bdbdf35","sha1":"f4809b8f82b8ebda4e9451fb167b1f510e565047","sha256":"516eee3f7514b769bd1d74b2c55cbc8f4b9849157061466d64ef194842fe908c"},"dob":{"date":"1953-11-21T17:32:43.240Z","age":70},"registered":{"date":"2007-04-15T20:58:22.251Z","age":17},"phone":"(233)-094-9330","cell":"(503)-372-2159","id":{"name":"","value":null},"picture":{"large":"https://randomuser.me/api/portraits/women/63.jpg","medium":"https://randomuser.me/api/portraits/med/women/63.jpg","thumbnail":"https://randomuser.me/api/portraits/thumb/women/63.jpg"},"nat":"NZ"}],"info":{"seed":"55dc8578ed9c5b5d","results":1,"page":1,"version":"1.4"}} 
 </msg>
<msg time="2024-07-16T22:14:41.085733" level="INFO">/opt/hostedtoolcache/Python/3.12.4/x64/lib/python3.12/site-packages/urllib3/connectionpool.py:1099: InsecureRequestWarning: Unverified HTTPS request is being made to host 'randomuser.me'. Adding certificate verification is strongly advised. See: https://urllib3.readthedocs.io/en/latest/advanced-usage.html#tls-warnings
  warnings.warn(</msg>
<msg time="2024-07-16T22:14:41.085845" level="INFO">${response} = &lt;Response [200]&gt;</msg>
<var>${response}</var>
<arg>consultarAPI</arg>
<arg>/api</arg>
<doc>Sends a GET request on a previously created HTTP Session.</doc>
<status status="PASS" start="2024-07-16T22:14:41.008165" elapsed="0.077720"/>
</kw>
<kw name="Set Variable" owner="BuiltIn">
<msg time="2024-07-16T22:14:41.086887" level="INFO">${json_data} = {'results': [{'gender': 'female', 'name': {'title': 'Miss', 'first': 'Jessica', 'last': 'Martin'}, 'location': {'street': {'number': 7541, 'name': 'Pakuranga Road'}, 'city': 'Porirua', 'state': 'Manaw...</msg>
<var>${json_data}</var>
<arg>${response.json()}</arg>
<doc>Returns the given values which can then be assigned to a variables.</doc>
<status status="PASS" start="2024-07-16T22:14:41.086440" elapsed="0.000475"/>
</kw>
<kw name="Log" owner="BuiltIn">
<msg time="2024-07-16T22:14:41.087374" level="INFO">{'results': [{'gender': 'female', 'name': {'title': 'Miss', 'first': 'Jessica', 'last': 'Martin'}, 'location': {'street': {'number': 7541, 'name': 'Pakuranga Road'}, 'city': 'Porirua', 'state': 'Manawatu-Wanganui', 'country': 'New Zealand', 'postcode': 94262, 'coordinates': {'latitude': '53.5914', 'longitude': '16.8322'}, 'timezone': {'offset': '-6:00', 'description': 'Central Time (US &amp; Canada), Mexico City'}}, 'email': 'jessica.martin@example.com', 'login': {'uuid': '7833caa5-e5fe-4981-9f12-5624a4650e6f', 'username': 'blackfrog443', 'password': 'ashton', 'salt': 't83KFhL0', 'md5': '889c6b3293feebba2d764cf81bdbdf35', 'sha1': 'f4809b8f82b8ebda4e9451fb167b1f510e565047', 'sha256': '516eee3f7514b769bd1d74b2c55cbc8f4b9849157061466d64ef194842fe908c'}, 'dob': {'date': '1953-11-21T17:32:43.240Z', 'age': 70}, 'registered': {'date': '2007-04-15T20:58:22.251Z', 'age': 17}, 'phone': '(233)-094-9330', 'cell': '(503)-372-2159', 'id': {'name': '', 'value': None}, 'picture': {'large': 'https://randomuser.me/api/portraits/women/63.jpg', 'medium': 'https://randomuser.me/api/portraits/med/women/63.jpg', 'thumbnail': 'https://randomuser.me/api/portraits/thumb/women/63.jpg'}, 'nat': 'NZ'}], 'info': {'seed': '55dc8578ed9c5b5d', 'results': 1, 'page': 1, 'version': '1.4'}}</msg>
<arg>${json_data}</arg>
<doc>Logs the given message with the given level.</doc>
<status status="PASS" start="2024-07-16T22:14:41.087222" elapsed="0.000201"/>
</kw>
<kw name="Should Be Equal As Numbers" owner="BuiltIn">
<arg>${json_data['results'][0]['location']['postcode']}</arg>
<arg>${json_data['results'][0]['location']['postcode']}</arg>
<doc>Fails if objects are unequal after converting them to real numbers.</doc>
<status status="PASS" start="2024-07-16T22:14:41.087709" elapsed="0.000622"/>
</kw>
<kw name="Log" owner="BuiltIn">
<msg time="2024-07-16T22:14:41.089015" level="INFO">94262</msg>
<arg>${json_data['results'][0]['location']['postcode']}</arg>
<doc>Logs the given message with the given level.</doc>
<status status="PASS" start="2024-07-16T22:14:41.088555" elapsed="0.000534"/>
</kw>
<status status="PASS" start="2024-07-16T22:14:41.007948" elapsed="0.081408"/>
</kw>
<doc>Testa se os tipos de dados na resposta da API estão corretos.</doc>
<tag>testeTiposDados</tag>
<status status="PASS" start="2024-07-16T22:14:40.931712" elapsed="0.157801"/>
</test>
<test id="s1-s1-t5" name="Validar conteudo" line="35">
<kw name="Teste de Tipos de Conteudo" owner="random-user-service">
<kw name="GET On Session" owner="RequestsLibrary">
<msg time="2024-07-16T22:14:41.182583" level="INFO">GET Request : url=https://randomuser.me/api 
 path_url=/api 
 headers={'User-Agent': 'python-requests/2.32.3', 'Accept-Encoding': 'gzip, deflate', 'Accept': '*/*', 'Connection': 'keep-alive'} 
 body=None 
 </msg>
<msg time="2024-07-16T22:14:41.182648" level="INFO">GET Response : url=https://randomuser.me/api 
 status=200, reason=OK 
 headers={'Date': 'Tue, 16 Jul 2024 22:14:41 GMT', 'Content-Type': 'application/json; charset=utf-8', 'Transfer-Encoding': 'chunked', 'Connection': 'keep-alive', 'X-Powered-By': 'Express', 'Access-Control-Allow-Origin': '*', 'Cache-Control': 'no-cache', 'ETag': 'W/"467-XBWBxqh4sMMuDmc26QilS0gWuVM"', 'Vary': 'Accept-Encoding', 'Content-Encoding': 'gzip', 'CF-Cache-Status': 'DYNAMIC', 'Report-To': '{"endpoints":[{"url":"https:\\/\\/a.nel.cloudflare.com\\/report\\/v4?s=sh0q%2B9ueYRt293IUb2N3fz0jbZwkV8WaCDQoTrD9JZCWK07Rxn9Xhc%2FKQqeqMykR%2FL97weudq7G53IrMy3WjCKbbo6fejX0GgV49ULsCDPR5Pv0YdgQ18fxpOMSBN%2Bwd"}],"group":"cf-nel","max_age":604800}', 'NEL': '{"success_fraction":0,"report_to":"cf-nel","max_age":604800}', 'Server': 'cloudflare', 'CF-RAY': '8a4558bade7d89f5-ORD', 'alt-svc': 'h3=":443"; ma=86400'} 
 body={"results":[{"gender":"male","name":{"title":"Mr","first":"Patrik","last":"Røhne"},"location":{"street":{"number":9232,"name":"Smalgangen"},"city":"Kvam","state":"Møre og Romsdal","country":"Norway","postcode":"9426","coordinates":{"latitude":"44.4528","longitude":"-9.0616"},"timezone":{"offset":"-10:00","description":"Hawaii"}},"email":"patrik.rohne@example.com","login":{"uuid":"bb1ec669-9705-4ce9-a68b-ac524b4c2d7e","username":"orangepanda706","password":"gooner","salt":"KBcuU6MO","md5":"16ea4b4fef9cc28a1c5bf1504a85ed04","sha1":"f93aa19cb5c49e8b69014987391147a0f0c1f9bc","sha256":"9724fd4b08db689311fb9dc26564f0b0f4427f673b71511fe77b217573c2d01f"},"dob":{"date":"1990-04-11T00:27:37.768Z","age":34},"registered":{"date":"2008-12-30T02:01:18.146Z","age":15},"phone":"37271849","cell":"44187598","id":{"name":"FN","value":"11049002973"},"picture":{"large":"https://randomuser.me/api/portraits/men/18.jpg","medium":"https://randomuser.me/api/portraits/med/men/18.jpg","thumbnail":"https://randomuser.me/api/portraits/thumb/men/18.jpg"},"nat":"NO"}],"info":{"seed":"b595e2d42ddd85b7","results":1,"page":1,"version":"1.4"}} 
 </msg>
<msg time="2024-07-16T22:14:41.182708" level="INFO">/opt/hostedtoolcache/Python/3.12.4/x64/lib/python3.12/site-packages/urllib3/connectionpool.py:1099: InsecureRequestWarning: Unverified HTTPS request is being made to host 'randomuser.me'. Adding certificate verification is strongly advised. See: https://urllib3.readthedocs.io/en/latest/advanced-usage.html#tls-warnings
  warnings.warn(</msg>
<msg time="2024-07-16T22:14:41.182795" level="INFO">${response} = &lt;Response [200]&gt;</msg>
<var>${response}</var>
<arg>consultarAPI</arg>
<arg>/api</arg>
<doc>Sends a GET request on a previously created HTTP Session.</doc>
<status status="PASS" start="2024-07-16T22:14:41.091980" elapsed="0.090857"/>
</kw>
<kw name="Set Variable" owner="BuiltIn">
<msg time="2024-07-16T22:14:41.183921" level="INFO">${json_data} = {'results': [{'gender': 'male', 'name': {'title': 'Mr', 'first': 'Patrik', 'last': 'Røhne'}, 'location': {'street': {'number': 9232, 'name': 'Smalgangen'}, 'city': 'Kvam', 'state': 'Møre og Romsdal', ...</msg>
<var>${json_data}</var>
<arg>${response.json()}</arg>
<doc>Returns the given values which can then be assigned to a variables.</doc>
<status status="PASS" start="2024-07-16T22:14:41.183325" elapsed="0.000626"/>
</kw>
<kw name="Set Variable" owner="BuiltIn">
<msg time="2024-07-16T22:14:41.184643" level="INFO">${name_title} = Mr</msg>
<var>${name_title}</var>
<arg>${json_data["results"][0]["name"]["title"]}</arg>
<doc>Returns the given values which can then be assigned to a variables.</doc>
<status status="PASS" start="2024-07-16T22:14:41.184256" elapsed="0.000413"/>
</kw>
<kw name="Create List" owner="BuiltIn">
<msg time="2024-07-16T22:14:41.185154" level="INFO">${allowed_titles} = ['Mr', 'Ms', 'Miss', 'Mrs', 'Madame', 'Monsieur']</msg>
<var>${allowed_titles}</var>
<arg>Mr</arg>
<arg>Ms</arg>
<arg>Miss</arg>
<arg>Mrs</arg>
<arg>Madame</arg>
<arg>Monsieur</arg>
<doc>Returns a list containing given items.</doc>
<status status="PASS" start="2024-07-16T22:14:41.184967" elapsed="0.000212"/>
</kw>
<kw name="List Should Contain Value" owner="Collections">
<arg>${allowed_titles}</arg>
<arg>${name_title}</arg>
<doc>Fails if the ``value`` is not found from ``list``.</doc>
<status status="PASS" start="2024-07-16T22:14:41.185477" elapsed="0.000177"/>
</kw>
<kw name="Set Variable" owner="BuiltIn">
<msg time="2024-07-16T22:14:41.186199" level="INFO">${name_country} = NO</msg>
<var>${name_country}</var>
<arg>${json_data["results"][0]["nat"]}</arg>
<doc>Returns the given values which can then be assigned to a variables.</doc>
<status status="PASS" start="2024-07-16T22:14:41.185833" elapsed="0.000391"/>
</kw>
<kw name="Create List" owner="BuiltIn">
<msg time="2024-07-16T22:14:41.187107" level="INFO">${list_country} = ['AD', 'AE', 'AF', 'AG', 'AI', 'AL', 'AM', 'AO', 'AQ', 'AR', 'AS', 'AT', 'AU', 'AW', 'AX', 'AZ', 'BA', 'BB', 'BD', 'BE', 'BF', 'BG', 'BH', 'BI', 'BJ', 'BL', 'BM', 'BN', 'BO', 'BQ', 'BR', 'BS', 'BT', '...</msg>
<var>${list_country}</var>
<arg>AD</arg>
<arg>AE</arg>
<arg>AF</arg>
<arg>AG</arg>
<arg>AI</arg>
<arg>AL</arg>
<arg>AM</arg>
<arg>AO</arg>
<arg>AQ</arg>
<arg>AR</arg>
<arg>AS</arg>
<arg>AT</arg>
<arg>AU</arg>
<arg>AW</arg>
<arg>AX</arg>
<arg>AZ</arg>
<arg>BA</arg>
<arg>BB</arg>
<arg>BD</arg>
<arg>BE</arg>
<arg>BF</arg>
<arg>BG</arg>
<arg>BH</arg>
<arg>BI</arg>
<arg>BJ</arg>
<arg>BL</arg>
<arg>BM</arg>
<arg>BN</arg>
<arg>BO</arg>
<arg>BQ</arg>
<arg>BR</arg>
<arg>BS</arg>
<arg>BT</arg>
<arg>BV</arg>
<arg>BW</arg>
<arg>BY</arg>
<arg>BZ</arg>
<arg>CA</arg>
<arg>CC</arg>
<arg>CD</arg>
<arg>CF</arg>
<arg>CG</arg>
<arg>CH</arg>
<arg>CI</arg>
<arg>CK</arg>
<arg>CL</arg>
<arg>CM</arg>
<arg>CN</arg>
<arg>CO</arg>
<arg>CR</arg>
<arg>CU</arg>
<arg>CV</arg>
<arg>CW</arg>
<arg>CX</arg>
<arg>CY</arg>
<arg>CZ</arg>
<arg>DE</arg>
<arg>DJ</arg>
<arg>DK</arg>
<arg>DM</arg>
<arg>DO</arg>
<arg>DZ</arg>
<arg>EC</arg>
<arg>EE</arg>
<arg>EG</arg>
<arg>EH</arg>
<arg>ER</arg>
<arg>ES</arg>
<arg>ET</arg>
<arg>FI</arg>
<arg>FJ</arg>
<arg>FK</arg>
<arg>FM</arg>
<arg>FO</arg>
<arg>FR</arg>
<arg>GA</arg>
<arg>GB</arg>
<arg>GD</arg>
<arg>GE</arg>
<arg>GF</arg>
<arg>GG</arg>
<arg>GH</arg>
<arg>GI</arg>
<arg>GL</arg>
<arg>GM</arg>
<arg>GN</arg>
<arg>GP</arg>
<arg>GQ</arg>
<arg>GR</arg>
<arg>GS</arg>
<arg>GT</arg>
<arg>GU</arg>
<arg>GW</arg>
<arg>GY</arg>
<arg>HK</arg>
<arg>HM</arg>
<arg>HN</arg>
<arg>HR</arg>
<arg>HT</arg>
<arg>HU</arg>
<arg>ID</arg>
<arg>IE</arg>
<arg>IL</arg>
<arg>IM</arg>
<arg>IN</arg>
<arg>IO</arg>
<arg>IQ</arg>
<arg>IR</arg>
<arg>IS</arg>
<arg>IT</arg>
<arg>JE</arg>
<arg>JM</arg>
<arg>JO</arg>
<arg>JP</arg>
<arg>KE</arg>
<arg>KG</arg>
<arg>KH</arg>
<arg>KI</arg>
<arg>KM</arg>
<arg>KN</arg>
<arg>KP</arg>
<arg>KR</arg>
<arg>KW</arg>
<arg>KY</arg>
<arg>KZ</arg>
<arg>LA</arg>
<arg>LB</arg>
<arg>LC</arg>
<arg>LI</arg>
<arg>LK</arg>
<arg>LR</arg>
<arg>LS</arg>
<arg>LT</arg>
<arg>LU</arg>
<arg>LV</arg>
<arg>LY</arg>
<arg>MA</arg>
<arg>MC</arg>
<arg>MD</arg>
<arg>ME</arg>
<arg>MF</arg>
<arg>MG</arg>
<arg>MH</arg>
<arg>MK</arg>
<arg>ML</arg>
<arg>MM</arg>
<arg>MN</arg>
<arg>MO</arg>
<arg>MP</arg>
<arg>MQ</arg>
<arg>MR</arg>
<arg>MS</arg>
<arg>MT</arg>
<arg>MU</arg>
<arg>MV</arg>
<arg>MW</arg>
<arg>MX</arg>
<arg>MY</arg>
<arg>MZ</arg>
<arg>NA</arg>
<arg>NC</arg>
<arg>NE</arg>
<arg>NF</arg>
<arg>NG</arg>
<arg>NI</arg>
<arg>NL</arg>
<arg>NO</arg>
<arg>NP</arg>
<arg>NR</arg>
<arg>NU</arg>
<arg>NZ</arg>
<arg>OM</arg>
<arg>PA</arg>
<arg>PE</arg>
<arg>PF</arg>
<arg>PG</arg>
<arg>PH</arg>
<arg>PK</arg>
<arg>PL</arg>
<arg>PM</arg>
<arg>PN</arg>
<arg>PR</arg>
<arg>PS</arg>
<arg>PT</arg>
<arg>PW</arg>
<arg>PY</arg>
<arg>QA</arg>
<arg>RE</arg>
<arg>RO</arg>
<arg>RS</arg>
<arg>RU</arg>
<arg>RW</arg>
<arg>SA</arg>
<arg>SB</arg>
<arg>SC</arg>
<arg>SD</arg>
<arg>SE</arg>
<arg>SG</arg>
<arg>SH</arg>
<arg>SI</arg>
<arg>SJ</arg>
<arg>SK</arg>
<arg>SL</arg>
<arg>SM</arg>
<arg>SN</arg>
<arg>SO</arg>
<arg>SR</arg>
<arg>SS</arg>
<arg>ST</arg>
<arg>SV</arg>
<arg>SX</arg>
<arg>SY</arg>
<arg>SZ</arg>
<arg>TC</arg>
<arg>TD</arg>
<arg>TF</arg>
<arg>TG</arg>
<arg>TH</arg>
<arg>TJ</arg>
<arg>TK</arg>
<arg>TL</arg>
<arg>TM</arg>
<arg>TN</arg>
<arg>TO</arg>
<arg>TR</arg>
<arg>TT</arg>
<arg>TV</arg>
<arg>TW</arg>
<arg>TZ</arg>
<arg>UA</arg>
<arg>UG</arg>
<arg>UM</arg>
<arg>US</arg>
<arg>UY</arg>
<arg>UZ</arg>
<arg>VA</arg>
<arg>VC</arg>
<arg>VE</arg>
<arg>VG</arg>
<arg>VI</arg>
<arg>VN</arg>
<arg>VU</arg>
<arg>WF</arg>
<arg>WS</arg>
<arg>XK</arg>
<arg>YE</arg>
<arg>YT</arg>
<arg>ZA</arg>
<arg>ZM</arg>
<arg>ZW</arg>
<doc>Returns a list containing given items.</doc>
<status status="PASS" start="2024-07-16T22:14:41.186517" elapsed="0.000615"/>
</kw>
<kw name="List Should Contain Value" owner="Collections">
<arg>${list_country}</arg>
<arg>${name_country}</arg>
<doc>Fails if the ``value`` is not found from ``list``.</doc>
<status status="PASS" start="2024-07-16T22:14:41.187922" elapsed="0.000203"/>
</kw>
<kw name="Run Keyword If" owner="BuiltIn">
<kw name="Should Be True" owner="BuiltIn">
<arg>${True}</arg>
<doc>Fails if the given condition is not true.</doc>
<status status="PASS" start="2024-07-16T22:14:41.189074" elapsed="0.000142"/>
</kw>
<arg>${json_data["results"][0]["location"]["coordinates"]["latitude"]} &gt;= -90 and ${json_data["results"][0]["location"]["coordinates"]["latitude"]} &lt;= 90</arg>
<arg>Should Be True</arg>
<arg>${True}</arg>
<doc>Runs the given keyword with the given arguments, if ``condition`` is true.</doc>
<status status="PASS" start="2024-07-16T22:14:41.188318" elapsed="0.001023"/>
</kw>
<kw name="Run Keyword If" owner="BuiltIn">
<kw name="Should Be True" owner="BuiltIn">
<arg>${True}</arg>
<doc>Fails if the given condition is not true.</doc>
<status status="PASS" start="2024-07-16T22:14:41.190225" elapsed="0.000229"/>
</kw>
<arg>${json_data["results"][0]["location"]["coordinates"]["longitude"]} &gt;= -180 and ${json_data["results"][0]["location"]["coordinates"]["longitude"]} &lt;= 180</arg>
<arg>Should Be True</arg>
<arg>${True}</arg>
<doc>Runs the given keyword with the given arguments, if ``condition`` is true.</doc>
<status status="PASS" start="2024-07-16T22:14:41.189528" elapsed="0.001056"/>
</kw>
<status status="PASS" start="2024-07-16T22:14:41.091764" elapsed="0.098949"/>
</kw>
<doc>Testa o conteúdo específico dos campos retornados pela API.</doc>
<tag>testeConteudo</tag>
<status status="PASS" start="2024-07-16T22:14:41.091265" elapsed="0.099591"/>
</test>
<status status="PASS" start="2024-07-16T22:14:40.064257" elapsed="1.128553"/>
</suite>
<status status="PASS" start="2024-07-16T22:14:40.049885" elapsed="1.147992"/>
</suite>
<statistics>
<total>
<stat pass="5" fail="0" skip="0">All Tests</stat>
</total>
<tag>
<stat pass="1" fail="0" skip="0">testeConteudo</stat>
<stat pass="1" fail="0" skip="0">testeEstruturaResposta</stat>
<stat pass="1" fail="0" skip="0">testeRequisicaoBasica</stat>
<stat pass="1" fail="0" skip="0">testeTiposDados</stat>
</tag>
<suite>
<stat pass="5" fail="0" skip="0" id="s1" name="Tests">Tests</stat>
<stat pass="5" fail="0" skip="0" id="s1-s1" name="Random-User-Test">Tests.Random-User-Test</stat>
</suite>
</statistics>
<errors>
</errors>
</robot>
