<?xml version="1.0" encoding="UTF-8"?>
<robot generator="Robot 7.0.1 (Python 3.12.4 on linux)" generated="2024-07-05T08:18:41.784804" rpa="false" schemaversion="5">
<suite id="s1" name="Tests" source="/home/runner/work/ApiRandomUser/ApiRandomUser/RamdonUser/tests">
<suite id="s1-s1" name="Random-User-Test" source="/home/runner/work/ApiRandomUser/ApiRandomUser/RamdonUser/tests/random-user-test.robot">
<test id="s1-s1-t1" name="Conectar" line="13">
<kw name="Conectar API" owner="random-user-service">
<kw name="Create Session" owner="RequestsLibrary">
<msg time="2024-07-05T08:18:42.219681" level="INFO">Creating Session using : alias=consultarAPI, url=https://randomuser.me/, headers={},                     cookies={}, auth=None, timeout=None, proxies=None, verify=False,                     debug=0 </msg>
<arg>consultarAPI</arg>
<arg>${URL}</arg>
<doc>Create Session: create a HTTP session to a server</doc>
<status status="PASS" start="2024-07-05T08:18:42.219318" elapsed="0.000608"/>
</kw>
<status status="PASS" start="2024-07-05T08:18:42.218264" elapsed="0.002137"/>
</kw>
<status status="PASS" start="2024-07-05T08:18:42.217572" elapsed="0.003056"/>
</test>
<test id="s1-s1-t2" name="Validar retorno 200 e JSON Válido" line="16">
<kw name="Teste de Requisicao Basica" owner="random-user-service">
<kw name="GET On Session" owner="RequestsLibrary">
<msg time="2024-07-05T08:18:42.334487" level="INFO">GET Request : url=https://randomuser.me/api 
 path_url=/api 
 headers={'User-Agent': 'python-requests/2.32.3', 'Accept-Encoding': 'gzip, deflate', 'Accept': '*/*', 'Connection': 'keep-alive'} 
 body=None 
 </msg>
<msg time="2024-07-05T08:18:42.334648" level="INFO">GET Response : url=https://randomuser.me/api 
 status=200, reason=OK 
 headers={'Date': 'Fri, 05 Jul 2024 08:18:42 GMT', 'Content-Type': 'application/json; charset=utf-8', 'Transfer-Encoding': 'chunked', 'Connection': 'keep-alive', 'X-Powered-By': 'Express', 'Access-Control-Allow-Origin': '*', 'Cache-Control': 'no-cache', 'ETag': 'W/"48e-PB1Wvxt4z/+b2ziGCYkig/JWyRU"', 'Vary': 'Accept-Encoding', 'Content-Encoding': 'gzip', 'CF-Cache-Status': 'DYNAMIC', 'Report-To': '{"endpoints":[{"url":"https:\\/\\/a.nel.cloudflare.com\\/report\\/v4?s=BfLnjQaSjLQp8wQaS6z8wXCa4LBIjov16Ri368v8nBUHCjqT0mOkbj%2FDhqjRmpA8M2mQ73izVbvzaSLevEPAdbLnyEINTXgefqTfPa3iY1QSZEjKl4N1psdujr6Zyua%2F"}],"group":"cf-nel","max_age":604800}', 'NEL': '{"success_fraction":0,"report_to":"cf-nel","max_age":604800}', 'Server': 'cloudflare', 'CF-RAY': '89e5ed061c52ce6c-SJC', 'alt-svc': 'h3=":443"; ma=86400'} 
 body={"results":[{"gender":"male","name":{"title":"Mr","first":"Hans-Wilhelm","last":"Hinrichsen"},"location":{"street":{"number":3927,"name":"Mühlweg"},"city":"Rötha","state":"Sachsen-Anhalt","country":"Germany","postcode":27548,"coordinates":{"latitude":"-52.7654","longitude":"-55.4880"},"timezone":{"offset":"+9:30","description":"Adelaide, Darwin"}},"email":"hans-wilhelm.hinrichsen@example.com","login":{"uuid":"65e6bcd3-4c29-425f-8374-82d0f7113176","username":"heavyfish591","password":"cassidy","salt":"tYlJju0Y","md5":"8ff5d59cc78351d12b244e1a0e557bb8","sha1":"84ba0b2bd642a2dcf22e765a3d3da56705566632","sha256":"0705ff61f0ab31b86e25870e1ffc6934af026ef474b05f5a97afcefb8301e404"},"dob":{"date":"1954-07-20T15:59:15.023Z","age":69},"registered":{"date":"2019-03-09T14:45:16.029Z","age":5},"phone":"0940-0214439","cell":"0179-8850648","id":{"name":"SVNR","value":"81 200754 H 359"},"picture":{"large":"https://randomuser.me/api/portraits/men/3.jpg","medium":"https://randomuser.me/api/portraits/med/men/3.jpg","thumbnail":"https://randomuser.me/api/portraits/thumb/men/3.jpg"},"nat":"DE"}],"info":{"seed":"d29ae73bbb07cc1e","results":1,"page":1,"version":"1.4"}} 
 </msg>
<msg time="2024-07-05T08:18:42.334744" level="INFO">/opt/hostedtoolcache/Python/3.12.4/x64/lib/python3.12/site-packages/urllib3/connectionpool.py:1099: InsecureRequestWarning: Unverified HTTPS request is being made to host 'randomuser.me'. Adding certificate verification is strongly advised. See: https://urllib3.readthedocs.io/en/latest/advanced-usage.html#tls-warnings
  warnings.warn(</msg>
<msg time="2024-07-05T08:18:42.334898" level="INFO">${response} = &lt;Response [200]&gt;</msg>
<var>${response}</var>
<arg>consultarAPI</arg>
<arg>/api</arg>
<doc>Sends a GET request on a previously created HTTP Session.</doc>
<status status="PASS" start="2024-07-05T08:18:42.223410" elapsed="0.111534"/>
</kw>
<kw name="Should Be Equal As Numbers" owner="BuiltIn">
<msg time="2024-07-05T08:18:42.336006" level="INFO">Argument types are:
&lt;class 'int'&gt;
&lt;class 'str'&gt;</msg>
<arg>${response.status_code}</arg>
<arg>200</arg>
<doc>Fails if objects are unequal after converting them to real numbers.</doc>
<status status="PASS" start="2024-07-05T08:18:42.335523" elapsed="0.000591"/>
</kw>
<kw name="Log" owner="BuiltIn">
<msg time="2024-07-05T08:18:42.336885" level="INFO">200</msg>
<arg>${response.status_code}</arg>
<doc>Logs the given message with the given level.</doc>
<status status="PASS" start="2024-07-05T08:18:42.336499" elapsed="0.000433"/>
</kw>
<kw name="Set Variable" owner="BuiltIn">
<msg time="2024-07-05T08:18:42.337732" level="INFO">${json_data} = {'results': [{'gender': 'male', 'name': {'title': 'Mr', 'first': 'Hans-Wilhelm', 'last': 'Hinrichsen'}, 'location': {'street': {'number': 3927, 'name': 'Mühlweg'}, 'city': 'Rötha', 'state': 'Sachsen-A...</msg>
<var>${json_data}</var>
<arg>${response.json()}</arg>
<doc>Returns the given values which can then be assigned to a variables.</doc>
<status status="PASS" start="2024-07-05T08:18:42.337261" elapsed="0.000502"/>
</kw>
<kw name="Dictionary Should Contain Key" owner="Collections">
<arg>${json_data}</arg>
<arg>results</arg>
<doc>Fails if ``key`` is not found from ``dictionary``.</doc>
<status status="PASS" start="2024-07-05T08:18:42.338077" elapsed="0.000172"/>
</kw>
<status status="PASS" start="2024-07-05T08:18:42.223121" elapsed="0.115284"/>
</kw>
<doc>Testa se a API responde corretamente e retorna um objeto JSON válido.</doc>
<tag>testeRequisicaoBasica</tag>
<status status="PASS" start="2024-07-05T08:18:42.222596" elapsed="0.115992"/>
</test>
<test id="s1-s1-t3" name="Validar estrutura de resposta" line="22">
<kw name="Teste de Estrutura de Resposta" owner="random-user-service">
<kw name="GET On Session" owner="RequestsLibrary">
<msg time="2024-07-05T08:18:42.456269" level="INFO">GET Request : url=https://randomuser.me/api 
 path_url=/api 
 headers={'User-Agent': 'python-requests/2.32.3', 'Accept-Encoding': 'gzip, deflate', 'Accept': '*/*', 'Connection': 'keep-alive'} 
 body=None 
 </msg>
<msg time="2024-07-05T08:18:42.456384" level="INFO">GET Response : url=https://randomuser.me/api 
 status=200, reason=OK 
 headers={'Date': 'Fri, 05 Jul 2024 08:18:42 GMT', 'Content-Type': 'application/json; charset=utf-8', 'Transfer-Encoding': 'chunked', 'Connection': 'keep-alive', 'X-Powered-By': 'Express', 'Access-Control-Allow-Origin': '*', 'Cache-Control': 'no-cache', 'ETag': 'W/"46c-QFBtI67RCq4Sy9TiuGi+dS7iCGE"', 'Vary': 'Accept-Encoding', 'Content-Encoding': 'gzip', 'CF-Cache-Status': 'DYNAMIC', 'Report-To': '{"endpoints":[{"url":"https:\\/\\/a.nel.cloudflare.com\\/report\\/v4?s=04XitJjVYfAZ7VYS8Ubt6rlhDs3IZxzaEBVy7wI5fmCdCxsL7DglqxC%2FsLSHW610Aersd%2FBwBuAIETMRa9SxyPwguFcmDDhawLgOSutAmjqGWxECOUgUCY%2F6RegOfSuE"}],"group":"cf-nel","max_age":604800}', 'NEL': '{"success_fraction":0,"report_to":"cf-nel","max_age":604800}', 'Server': 'cloudflare', 'CF-RAY': '89e5ed06acafce6c-SJC', 'alt-svc': 'h3=":443"; ma=86400'} 
 body={"results":[{"gender":"female","name":{"title":"Ms","first":"Nurdan","last":"Koçoğlu"},"location":{"street":{"number":3695,"name":"Vatan Cd"},"city":"Kırklareli","state":"Aksaray","country":"Turkey","postcode":18986,"coordinates":{"latitude":"71.7088","longitude":"80.2364"},"timezone":{"offset":"+4:30","description":"Kabul"}},"email":"nurdan.kocoglu@example.com","login":{"uuid":"c8ea5f7d-188f-425a-9ce2-b681b1ce9327","username":"bluepanda456","password":"target","salt":"HF8kuPhX","md5":"8491c028ed5f48d5e0212de11e74ecc7","sha1":"38c62dc1c77822daef1f3440ca1f4dcaed0c146b","sha256":"7f8639296d20a69cceb5f00e062ce9810eed3a63718d51d698045d90d0f90ff3"},"dob":{"date":"1974-10-24T16:37:45.927Z","age":49},"registered":{"date":"2004-08-24T17:02:34.750Z","age":19},"phone":"(079)-521-4766","cell":"(586)-466-9028","id":{"name":"","value":null},"picture":{"large":"https://randomuser.me/api/portraits/women/69.jpg","medium":"https://randomuser.me/api/portraits/med/women/69.jpg","thumbnail":"https://randomuser.me/api/portraits/thumb/women/69.jpg"},"nat":"TR"}],"info":{"seed":"cc460467dd4dc6c7","results":1,"page":1,"version":"1.4"}} 
 </msg>
<msg time="2024-07-05T08:18:42.456533" level="INFO">/opt/hostedtoolcache/Python/3.12.4/x64/lib/python3.12/site-packages/urllib3/connectionpool.py:1099: InsecureRequestWarning: Unverified HTTPS request is being made to host 'randomuser.me'. Adding certificate verification is strongly advised. See: https://urllib3.readthedocs.io/en/latest/advanced-usage.html#tls-warnings
  warnings.warn(</msg>
<msg time="2024-07-05T08:18:42.456668" level="INFO">${response} = &lt;Response [200]&gt;</msg>
<var>${response}</var>
<arg>consultarAPI</arg>
<arg>/api</arg>
<doc>Sends a GET request on a previously created HTTP Session.</doc>
<status status="PASS" start="2024-07-05T08:18:42.341329" elapsed="0.115382"/>
</kw>
<kw name="Set Variable" owner="BuiltIn">
<msg time="2024-07-05T08:18:42.457857" level="INFO">${json_data} = {'results': [{'gender': 'female', 'name': {'title': 'Ms', 'first': 'Nurdan', 'last': 'Koçoğlu'}, 'location': {'street': {'number': 3695, 'name': 'Vatan Cd'}, 'city': 'Kırklareli', 'state': 'Aksaray', ...</msg>
<var>${json_data}</var>
<arg>${response.json()}</arg>
<doc>Returns the given values which can then be assigned to a variables.</doc>
<status status="PASS" start="2024-07-05T08:18:42.457286" elapsed="0.000604"/>
</kw>
<kw name="Log" owner="BuiltIn">
<msg time="2024-07-05T08:18:42.458485" level="INFO">{'results': [{'gender': 'female', 'name': {'title': 'Ms', 'first': 'Nurdan', 'last': 'Koçoğlu'}, 'location': {'street': {'number': 3695, 'name': 'Vatan Cd'}, 'city': 'Kırklareli', 'state': 'Aksaray', 'country': 'Turkey', 'postcode': 18986, 'coordinates': {'latitude': '71.7088', 'longitude': '80.2364'}, 'timezone': {'offset': '+4:30', 'description': 'Kabul'}}, 'email': 'nurdan.kocoglu@example.com', 'login': {'uuid': 'c8ea5f7d-188f-425a-9ce2-b681b1ce9327', 'username': 'bluepanda456', 'password': 'target', 'salt': 'HF8kuPhX', 'md5': '8491c028ed5f48d5e0212de11e74ecc7', 'sha1': '38c62dc1c77822daef1f3440ca1f4dcaed0c146b', 'sha256': '7f8639296d20a69cceb5f00e062ce9810eed3a63718d51d698045d90d0f90ff3'}, 'dob': {'date': '1974-10-24T16:37:45.927Z', 'age': 49}, 'registered': {'date': '2004-08-24T17:02:34.750Z', 'age': 19}, 'phone': '(079)-521-4766', 'cell': '(586)-466-9028', 'id': {'name': '', 'value': None}, 'picture': {'large': 'https://randomuser.me/api/portraits/women/69.jpg', 'medium': 'https://randomuser.me/api/portraits/med/women/69.jpg', 'thumbnail': 'https://randomuser.me/api/portraits/thumb/women/69.jpg'}, 'nat': 'TR'}], 'info': {'seed': 'cc460467dd4dc6c7', 'results': 1, 'page': 1, 'version': '1.4'}}</msg>
<arg>${json_data}</arg>
<doc>Logs the given message with the given level.</doc>
<status status="PASS" start="2024-07-05T08:18:42.458285" elapsed="0.000268"/>
</kw>
<kw name="Dictionary Should Contain Key" owner="Collections">
<arg>${json_data}</arg>
<arg>results</arg>
<doc>Fails if ``key`` is not found from ``dictionary``.</doc>
<status status="PASS" start="2024-07-05T08:18:42.458900" elapsed="0.000181"/>
</kw>
<kw name="Should Not Be Empty" owner="BuiltIn">
<msg time="2024-07-05T08:18:42.459428" level="INFO">Length is 2.</msg>
<arg>${json_data}</arg>
<doc>Verifies that the given item is not empty.</doc>
<status status="PASS" start="2024-07-05T08:18:42.459282" elapsed="0.000193"/>
</kw>
<kw name="Create List" owner="BuiltIn">
<msg time="2024-07-05T08:18:42.460205" level="INFO">${expected_keys} = ['gender', 'name', 'location', 'email', 'login']</msg>
<var>${expected_keys}</var>
<arg>gender</arg>
<arg>name</arg>
<arg>location</arg>
<arg>email</arg>
<arg>login</arg>
<doc>Returns a list containing given items.</doc>
<status status="PASS" start="2024-07-05T08:18:42.459812" elapsed="0.000422"/>
</kw>
<for flavor="IN">
<iter>
<kw name="Dictionary Should Contain Key" owner="Collections">
<arg>${json_data['results'][0]}</arg>
<arg>${key}</arg>
<doc>Fails if ``key`` is not found from ``dictionary``.</doc>
<status status="PASS" start="2024-07-05T08:18:42.460872" elapsed="0.000431"/>
</kw>
<kw name="Log" owner="BuiltIn">
<msg time="2024-07-05T08:18:42.461884" level="INFO">{'gender': 'female', 'name': {'title': 'Ms', 'first': 'Nurdan', 'last': 'Koçoğlu'}, 'location': {'street': {'number': 3695, 'name': 'Vatan Cd'}, 'city': 'Kırklareli', 'state': 'Aksaray', 'country': 'Turkey', 'postcode': 18986, 'coordinates': {'latitude': '71.7088', 'longitude': '80.2364'}, 'timezone': {'offset': '+4:30', 'description': 'Kabul'}}, 'email': 'nurdan.kocoglu@example.com', 'login': {'uuid': 'c8ea5f7d-188f-425a-9ce2-b681b1ce9327', 'username': 'bluepanda456', 'password': 'target', 'salt': 'HF8kuPhX', 'md5': '8491c028ed5f48d5e0212de11e74ecc7', 'sha1': '38c62dc1c77822daef1f3440ca1f4dcaed0c146b', 'sha256': '7f8639296d20a69cceb5f00e062ce9810eed3a63718d51d698045d90d0f90ff3'}, 'dob': {'date': '1974-10-24T16:37:45.927Z', 'age': 49}, 'registered': {'date': '2004-08-24T17:02:34.750Z', 'age': 19}, 'phone': '(079)-521-4766', 'cell': '(586)-466-9028', 'id': {'name': '', 'value': None}, 'picture': {'large': 'https://randomuser.me/api/portraits/women/69.jpg', 'medium': 'https://randomuser.me/api/portraits/med/women/69.jpg', 'thumbnail': 'https://randomuser.me/api/portraits/thumb/women/69.jpg'}, 'nat': 'TR'}</msg>
<arg>${json_data['results'][0]}</arg>
<doc>Logs the given message with the given level.</doc>
<status status="PASS" start="2024-07-05T08:18:42.461498" elapsed="0.000440"/>
</kw>
<kw name="Log" owner="BuiltIn">
<msg time="2024-07-05T08:18:42.462383" level="INFO">gender</msg>
<arg>${key}</arg>
<doc>Logs the given message with the given level.</doc>
<status status="PASS" start="2024-07-05T08:18:42.462250" elapsed="0.000174"/>
</kw>
<var name="${key}">gender</var>
<status status="PASS" start="2024-07-05T08:18:42.460735" elapsed="0.001913"/>
</iter>
<iter>
<kw name="Dictionary Should Contain Key" owner="Collections">
<arg>${json_data['results'][0]}</arg>
<arg>${key}</arg>
<doc>Fails if ``key`` is not found from ``dictionary``.</doc>
<status status="PASS" start="2024-07-05T08:18:42.462969" elapsed="0.000413"/>
</kw>
<kw name="Log" owner="BuiltIn">
<msg time="2024-07-05T08:18:42.463924" level="INFO">{'gender': 'female', 'name': {'title': 'Ms', 'first': 'Nurdan', 'last': 'Koçoğlu'}, 'location': {'street': {'number': 3695, 'name': 'Vatan Cd'}, 'city': 'Kırklareli', 'state': 'Aksaray', 'country': 'Turkey', 'postcode': 18986, 'coordinates': {'latitude': '71.7088', 'longitude': '80.2364'}, 'timezone': {'offset': '+4:30', 'description': 'Kabul'}}, 'email': 'nurdan.kocoglu@example.com', 'login': {'uuid': 'c8ea5f7d-188f-425a-9ce2-b681b1ce9327', 'username': 'bluepanda456', 'password': 'target', 'salt': 'HF8kuPhX', 'md5': '8491c028ed5f48d5e0212de11e74ecc7', 'sha1': '38c62dc1c77822daef1f3440ca1f4dcaed0c146b', 'sha256': '7f8639296d20a69cceb5f00e062ce9810eed3a63718d51d698045d90d0f90ff3'}, 'dob': {'date': '1974-10-24T16:37:45.927Z', 'age': 49}, 'registered': {'date': '2004-08-24T17:02:34.750Z', 'age': 19}, 'phone': '(079)-521-4766', 'cell': '(586)-466-9028', 'id': {'name': '', 'value': None}, 'picture': {'large': 'https://randomuser.me/api/portraits/women/69.jpg', 'medium': 'https://randomuser.me/api/portraits/med/women/69.jpg', 'thumbnail': 'https://randomuser.me/api/portraits/thumb/women/69.jpg'}, 'nat': 'TR'}</msg>
<arg>${json_data['results'][0]}</arg>
<doc>Logs the given message with the given level.</doc>
<status status="PASS" start="2024-07-05T08:18:42.463566" elapsed="0.000448"/>
</kw>
<kw name="Log" owner="BuiltIn">
<msg time="2024-07-05T08:18:42.464482" level="INFO">name</msg>
<arg>${key}</arg>
<doc>Logs the given message with the given level.</doc>
<status status="PASS" start="2024-07-05T08:18:42.464352" elapsed="0.000169"/>
</kw>
<var name="${key}">name</var>
<status status="PASS" start="2024-07-05T08:18:42.462847" elapsed="0.001902"/>
</iter>
<iter>
<kw name="Dictionary Should Contain Key" owner="Collections">
<arg>${json_data['results'][0]}</arg>
<arg>${key}</arg>
<doc>Fails if ``key`` is not found from ``dictionary``.</doc>
<status status="PASS" start="2024-07-05T08:18:42.465054" elapsed="0.000412"/>
</kw>
<kw name="Log" owner="BuiltIn">
<msg time="2024-07-05T08:18:42.466016" level="INFO">{'gender': 'female', 'name': {'title': 'Ms', 'first': 'Nurdan', 'last': 'Koçoğlu'}, 'location': {'street': {'number': 3695, 'name': 'Vatan Cd'}, 'city': 'Kırklareli', 'state': 'Aksaray', 'country': 'Turkey', 'postcode': 18986, 'coordinates': {'latitude': '71.7088', 'longitude': '80.2364'}, 'timezone': {'offset': '+4:30', 'description': 'Kabul'}}, 'email': 'nurdan.kocoglu@example.com', 'login': {'uuid': 'c8ea5f7d-188f-425a-9ce2-b681b1ce9327', 'username': 'bluepanda456', 'password': 'target', 'salt': 'HF8kuPhX', 'md5': '8491c028ed5f48d5e0212de11e74ecc7', 'sha1': '38c62dc1c77822daef1f3440ca1f4dcaed0c146b', 'sha256': '7f8639296d20a69cceb5f00e062ce9810eed3a63718d51d698045d90d0f90ff3'}, 'dob': {'date': '1974-10-24T16:37:45.927Z', 'age': 49}, 'registered': {'date': '2004-08-24T17:02:34.750Z', 'age': 19}, 'phone': '(079)-521-4766', 'cell': '(586)-466-9028', 'id': {'name': '', 'value': None}, 'picture': {'large': 'https://randomuser.me/api/portraits/women/69.jpg', 'medium': 'https://randomuser.me/api/portraits/med/women/69.jpg', 'thumbnail': 'https://randomuser.me/api/portraits/thumb/women/69.jpg'}, 'nat': 'TR'}</msg>
<arg>${json_data['results'][0]}</arg>
<doc>Logs the given message with the given level.</doc>
<status status="PASS" start="2024-07-05T08:18:42.465658" elapsed="0.000412"/>
</kw>
<kw name="Log" owner="BuiltIn">
<msg time="2024-07-05T08:18:42.466504" level="INFO">location</msg>
<arg>${key}</arg>
<doc>Logs the given message with the given level.</doc>
<status status="PASS" start="2024-07-05T08:18:42.466375" elapsed="0.000169"/>
</kw>
<var name="${key}">location</var>
<status status="PASS" start="2024-07-05T08:18:42.464939" elapsed="0.001823"/>
</iter>
<iter>
<kw name="Dictionary Should Contain Key" owner="Collections">
<arg>${json_data['results'][0]}</arg>
<arg>${key}</arg>
<doc>Fails if ``key`` is not found from ``dictionary``.</doc>
<status status="PASS" start="2024-07-05T08:18:42.467050" elapsed="0.000392"/>
</kw>
<kw name="Log" owner="BuiltIn">
<msg time="2024-07-05T08:18:42.467980" level="INFO">{'gender': 'female', 'name': {'title': 'Ms', 'first': 'Nurdan', 'last': 'Koçoğlu'}, 'location': {'street': {'number': 3695, 'name': 'Vatan Cd'}, 'city': 'Kırklareli', 'state': 'Aksaray', 'country': 'Turkey', 'postcode': 18986, 'coordinates': {'latitude': '71.7088', 'longitude': '80.2364'}, 'timezone': {'offset': '+4:30', 'description': 'Kabul'}}, 'email': 'nurdan.kocoglu@example.com', 'login': {'uuid': 'c8ea5f7d-188f-425a-9ce2-b681b1ce9327', 'username': 'bluepanda456', 'password': 'target', 'salt': 'HF8kuPhX', 'md5': '8491c028ed5f48d5e0212de11e74ecc7', 'sha1': '38c62dc1c77822daef1f3440ca1f4dcaed0c146b', 'sha256': '7f8639296d20a69cceb5f00e062ce9810eed3a63718d51d698045d90d0f90ff3'}, 'dob': {'date': '1974-10-24T16:37:45.927Z', 'age': 49}, 'registered': {'date': '2004-08-24T17:02:34.750Z', 'age': 19}, 'phone': '(079)-521-4766', 'cell': '(586)-466-9028', 'id': {'name': '', 'value': None}, 'picture': {'large': 'https://randomuser.me/api/portraits/women/69.jpg', 'medium': 'https://randomuser.me/api/portraits/med/women/69.jpg', 'thumbnail': 'https://randomuser.me/api/portraits/thumb/women/69.jpg'}, 'nat': 'TR'}</msg>
<arg>${json_data['results'][0]}</arg>
<doc>Logs the given message with the given level.</doc>
<status status="PASS" start="2024-07-05T08:18:42.467624" elapsed="0.000430"/>
</kw>
<kw name="Log" owner="BuiltIn">
<msg time="2024-07-05T08:18:42.468493" level="INFO">email</msg>
<arg>${key}</arg>
<doc>Logs the given message with the given level.</doc>
<status status="PASS" start="2024-07-05T08:18:42.468363" elapsed="0.000174"/>
</kw>
<var name="${key}">email</var>
<status status="PASS" start="2024-07-05T08:18:42.466940" elapsed="0.001820"/>
</iter>
<iter>
<kw name="Dictionary Should Contain Key" owner="Collections">
<arg>${json_data['results'][0]}</arg>
<arg>${key}</arg>
<doc>Fails if ``key`` is not found from ``dictionary``.</doc>
<status status="PASS" start="2024-07-05T08:18:42.469056" elapsed="0.000396"/>
</kw>
<kw name="Log" owner="BuiltIn">
<msg time="2024-07-05T08:18:42.470004" level="INFO">{'gender': 'female', 'name': {'title': 'Ms', 'first': 'Nurdan', 'last': 'Koçoğlu'}, 'location': {'street': {'number': 3695, 'name': 'Vatan Cd'}, 'city': 'Kırklareli', 'state': 'Aksaray', 'country': 'Turkey', 'postcode': 18986, 'coordinates': {'latitude': '71.7088', 'longitude': '80.2364'}, 'timezone': {'offset': '+4:30', 'description': 'Kabul'}}, 'email': 'nurdan.kocoglu@example.com', 'login': {'uuid': 'c8ea5f7d-188f-425a-9ce2-b681b1ce9327', 'username': 'bluepanda456', 'password': 'target', 'salt': 'HF8kuPhX', 'md5': '8491c028ed5f48d5e0212de11e74ecc7', 'sha1': '38c62dc1c77822daef1f3440ca1f4dcaed0c146b', 'sha256': '7f8639296d20a69cceb5f00e062ce9810eed3a63718d51d698045d90d0f90ff3'}, 'dob': {'date': '1974-10-24T16:37:45.927Z', 'age': 49}, 'registered': {'date': '2004-08-24T17:02:34.750Z', 'age': 19}, 'phone': '(079)-521-4766', 'cell': '(586)-466-9028', 'id': {'name': '', 'value': None}, 'picture': {'large': 'https://randomuser.me/api/portraits/women/69.jpg', 'medium': 'https://randomuser.me/api/portraits/med/women/69.jpg', 'thumbnail': 'https://randomuser.me/api/portraits/thumb/women/69.jpg'}, 'nat': 'TR'}</msg>
<arg>${json_data['results'][0]}</arg>
<doc>Logs the given message with the given level.</doc>
<status status="PASS" start="2024-07-05T08:18:42.469635" elapsed="0.000427"/>
</kw>
<kw name="Log" owner="BuiltIn">
<msg time="2024-07-05T08:18:42.470557" level="INFO">login</msg>
<arg>${key}</arg>
<doc>Logs the given message with the given level.</doc>
<status status="PASS" start="2024-07-05T08:18:42.470426" elapsed="0.000169"/>
</kw>
<var name="${key}">login</var>
<status status="PASS" start="2024-07-05T08:18:42.468940" elapsed="0.001870"/>
</iter>
<var>${key}</var>
<value>@{expected_keys}</value>
<status status="PASS" start="2024-07-05T08:18:42.460520" elapsed="0.010414"/>
</for>
<kw name="Create List" owner="BuiltIn">
<msg time="2024-07-05T08:18:42.471346" level="INFO">${expected_keysTwo} = ['username', 'password']</msg>
<var>${expected_keysTwo}</var>
<arg>username</arg>
<arg>password</arg>
<doc>Returns a list containing given items.</doc>
<status status="PASS" start="2024-07-05T08:18:42.471198" elapsed="0.000173"/>
</kw>
<for flavor="IN">
<iter>
<kw name="Dictionary Should Contain Key" owner="Collections">
<arg>${json_data['results'][0]['login']}</arg>
<arg>${keyTwo}</arg>
<doc>Fails if ``key`` is not found from ``dictionary``.</doc>
<status status="PASS" start="2024-07-05T08:18:42.471932" elapsed="0.000478"/>
</kw>
<kw name="Dictionary Should Contain Key" owner="Collections">
<arg>${json_data['results'][0]['login']}</arg>
<arg>${keyTwo}</arg>
<doc>Fails if ``key`` is not found from ``dictionary``.</doc>
<status status="PASS" start="2024-07-05T08:18:42.472596" elapsed="0.000376"/>
</kw>
<kw name="Log" owner="BuiltIn">
<msg time="2024-07-05T08:18:42.473280" level="INFO">username</msg>
<arg>${keyTwo}</arg>
<doc>Logs the given message with the given level.</doc>
<status status="PASS" start="2024-07-05T08:18:42.473157" elapsed="0.000161"/>
</kw>
<var name="${keyTwo}">username</var>
<status status="PASS" start="2024-07-05T08:18:42.471816" elapsed="0.001732"/>
</iter>
<iter>
<kw name="Dictionary Should Contain Key" owner="Collections">
<arg>${json_data['results'][0]['login']}</arg>
<arg>${keyTwo}</arg>
<doc>Fails if ``key`` is not found from ``dictionary``.</doc>
<status status="PASS" start="2024-07-05T08:18:42.473834" elapsed="0.000379"/>
</kw>
<kw name="Dictionary Should Contain Key" owner="Collections">
<arg>${json_data['results'][0]['login']}</arg>
<arg>${keyTwo}</arg>
<doc>Fails if ``key`` is not found from ``dictionary``.</doc>
<status status="PASS" start="2024-07-05T08:18:42.474392" elapsed="0.000375"/>
</kw>
<kw name="Log" owner="BuiltIn">
<msg time="2024-07-05T08:18:42.475088" level="INFO">password</msg>
<arg>${keyTwo}</arg>
<doc>Logs the given message with the given level.</doc>
<status status="PASS" start="2024-07-05T08:18:42.474954" elapsed="0.000185"/>
</kw>
<var name="${keyTwo}">password</var>
<status status="PASS" start="2024-07-05T08:18:42.473726" elapsed="0.001768"/>
</iter>
<var>${keyTwo}</var>
<value>@{expected_keysTwo}</value>
<status status="PASS" start="2024-07-05T08:18:42.471644" elapsed="0.003974"/>
</for>
<status status="PASS" start="2024-07-05T08:18:42.341080" elapsed="0.134690"/>
</kw>
<doc>Testa a estrutura da resposta da API.</doc>
<tag>testeEstruturaResposta</tag>
<status status="PASS" start="2024-07-05T08:18:42.340530" elapsed="0.135405"/>
</test>
<test id="s1-s1-t4" name="Validar tipos de dados" line="28">
<kw name="Teste de Tipos de Dados" owner="random-user-service">
<kw name="GET On Session" owner="RequestsLibrary">
<msg time="2024-07-05T08:18:42.584996" level="INFO">GET Request : url=https://randomuser.me/api 
 path_url=/api 
 headers={'User-Agent': 'python-requests/2.32.3', 'Accept-Encoding': 'gzip, deflate', 'Accept': '*/*', 'Connection': 'keep-alive'} 
 body=None 
 </msg>
<msg time="2024-07-05T08:18:42.585125" level="INFO">GET Response : url=https://randomuser.me/api 
 status=200, reason=OK 
 headers={'Date': 'Fri, 05 Jul 2024 08:18:42 GMT', 'Content-Type': 'application/json; charset=utf-8', 'Transfer-Encoding': 'chunked', 'Connection': 'keep-alive', 'X-Powered-By': 'Express', 'Access-Control-Allow-Origin': '*', 'Cache-Control': 'no-cache', 'ETag': 'W/"475-iayCNfrgN5Ypz/K19o1QHjhtlCA"', 'Vary': 'Accept-Encoding', 'Content-Encoding': 'gzip', 'CF-Cache-Status': 'DYNAMIC', 'Report-To': '{"endpoints":[{"url":"https:\\/\\/a.nel.cloudflare.com\\/report\\/v4?s=gN6a2hB653R9oqKHdlfYBbOzWSukwMT9yUH0IMXN9fYwhJOxbC1juv5YQ3kodH24zkMLEiEDd6LSCW9%2BxEW7jXuxZ5WE8117UyQHM%2FbO0APs79kLUNYrQ%2FJeQzSZBmJ8"}],"group":"cf-nel","max_age":604800}', 'NEL': '{"success_fraction":0,"report_to":"cf-nel","max_age":604800}', 'Server': 'cloudflare', 'CF-RAY': '89e5ed078d91ce6c-SJC', 'alt-svc': 'h3=":443"; ma=86400'} 
 body={"results":[{"gender":"female","name":{"title":"Miss","first":"Marta","last":"Natalyin"},"location":{"street":{"number":3601,"name":"Alatirska"},"city":"Zimogir'ya","state":"Donecka","country":"Ukraine","postcode":21419,"coordinates":{"latitude":"73.4475","longitude":"60.6258"},"timezone":{"offset":"-3:30","description":"Newfoundland"}},"email":"marta.natalyin@example.com","login":{"uuid":"89345053-2a64-4841-9cdf-47bfe1fc80b7","username":"yellowfish497","password":"station","salt":"OxsHqhJX","md5":"058d4802f579d42fac97542538ef9629","sha1":"a485add8783c5953dfba6e391c792364a31ab933","sha256":"8c5b82132d61701b60b5eecf75c1680f4122902b4602992032fe12fcb337a323"},"dob":{"date":"1985-07-17T20:48:52.632Z","age":38},"registered":{"date":"2021-12-01T00:09:23.809Z","age":2},"phone":"(066) Y75-0742","cell":"(099) C87-4795","id":{"name":"","value":null},"picture":{"large":"https://randomuser.me/api/portraits/women/85.jpg","medium":"https://randomuser.me/api/portraits/med/women/85.jpg","thumbnail":"https://randomuser.me/api/portraits/thumb/women/85.jpg"},"nat":"UA"}],"info":{"seed":"b0482cb8c6a3b726","results":1,"page":1,"version":"1.4"}} 
 </msg>
<msg time="2024-07-05T08:18:42.585219" level="INFO">/opt/hostedtoolcache/Python/3.12.4/x64/lib/python3.12/site-packages/urllib3/connectionpool.py:1099: InsecureRequestWarning: Unverified HTTPS request is being made to host 'randomuser.me'. Adding certificate verification is strongly advised. See: https://urllib3.readthedocs.io/en/latest/advanced-usage.html#tls-warnings
  warnings.warn(</msg>
<msg time="2024-07-05T08:18:42.585386" level="INFO">${response} = &lt;Response [200]&gt;</msg>
<var>${response}</var>
<arg>consultarAPI</arg>
<arg>/api</arg>
<doc>Sends a GET request on a previously created HTTP Session.</doc>
<status status="PASS" start="2024-07-05T08:18:42.478540" elapsed="0.106892"/>
</kw>
<kw name="Set Variable" owner="BuiltIn">
<msg time="2024-07-05T08:18:42.586756" level="INFO">${json_data} = {'results': [{'gender': 'female', 'name': {'title': 'Miss', 'first': 'Marta', 'last': 'Natalyin'}, 'location': {'street': {'number': 3601, 'name': 'Alatirska'}, 'city': "Zimogir'ya", 'state': 'Donecka...</msg>
<var>${json_data}</var>
<arg>${response.json()}</arg>
<doc>Returns the given values which can then be assigned to a variables.</doc>
<status status="PASS" start="2024-07-05T08:18:42.586111" elapsed="0.000680"/>
</kw>
<kw name="Log" owner="BuiltIn">
<msg time="2024-07-05T08:18:42.587422" level="INFO">{'results': [{'gender': 'female', 'name': {'title': 'Miss', 'first': 'Marta', 'last': 'Natalyin'}, 'location': {'street': {'number': 3601, 'name': 'Alatirska'}, 'city': "Zimogir'ya", 'state': 'Donecka', 'country': 'Ukraine', 'postcode': 21419, 'coordinates': {'latitude': '73.4475', 'longitude': '60.6258'}, 'timezone': {'offset': '-3:30', 'description': 'Newfoundland'}}, 'email': 'marta.natalyin@example.com', 'login': {'uuid': '89345053-2a64-4841-9cdf-47bfe1fc80b7', 'username': 'yellowfish497', 'password': 'station', 'salt': 'OxsHqhJX', 'md5': '058d4802f579d42fac97542538ef9629', 'sha1': 'a485add8783c5953dfba6e391c792364a31ab933', 'sha256': '8c5b82132d61701b60b5eecf75c1680f4122902b4602992032fe12fcb337a323'}, 'dob': {'date': '1985-07-17T20:48:52.632Z', 'age': 38}, 'registered': {'date': '2021-12-01T00:09:23.809Z', 'age': 2}, 'phone': '(066) Y75-0742', 'cell': '(099) C87-4795', 'id': {'name': '', 'value': None}, 'picture': {'large': 'https://randomuser.me/api/portraits/women/85.jpg', 'medium': 'https://randomuser.me/api/portraits/med/women/85.jpg', 'thumbnail': 'https://randomuser.me/api/portraits/thumb/women/85.jpg'}, 'nat': 'UA'}], 'info': {'seed': 'b0482cb8c6a3b726', 'results': 1, 'page': 1, 'version': '1.4'}}</msg>
<arg>${json_data}</arg>
<doc>Logs the given message with the given level.</doc>
<status status="PASS" start="2024-07-05T08:18:42.587221" elapsed="0.000258"/>
</kw>
<kw name="Should Be String" owner="String">
<arg>${json_data['results'][0]['gender']}</arg>
<doc>Fails if the given ``item`` is not a string.</doc>
<status status="PASS" start="2024-07-05T08:18:42.587820" elapsed="0.000451"/>
</kw>
<kw name="Should Match Regexp" owner="BuiltIn">
<arg>${json_data['results'][0]['email']}</arg>
<arg>^[a-zA-Z0-9._%+-]+@[a-zA-Z0-9.-]+\.[a-zA-Z]{2,}$</arg>
<doc>Fails if ``string`` does not match ``pattern`` as a regular expression.</doc>
<status status="PASS" start="2024-07-05T08:18:42.588482" elapsed="0.000553"/>
</kw>
<kw name="Should Match Regexp" owner="BuiltIn">
<arg>${json_data['results'][0]['dob']['date']}</arg>
<arg>\\d{4}-\\d{2}-\\d{2}T\\d{2}:\\d{2}:\\d{2}\\.\\d{3}Z</arg>
<doc>Fails if ``string`` does not match ``pattern`` as a regular expression.</doc>
<status status="PASS" start="2024-07-05T08:18:42.589237" elapsed="0.000555"/>
</kw>
<kw name="Should Match Regexp" owner="BuiltIn">
<arg>${json_data['results'][0]['registered']['date']}</arg>
<arg>\\d{4}-\\d{2}-\\d{2}T\\d{2}:\\d{2}:\\d{2}\\.\\d{3}Z</arg>
<doc>Fails if ``string`` does not match ``pattern`` as a regular expression.</doc>
<status status="PASS" start="2024-07-05T08:18:42.589989" elapsed="0.000393"/>
</kw>
<kw name="Should Match Regexp" owner="BuiltIn">
<arg>${json_data['results'][0]['picture']['large']}</arg>
<arg>^https?://.*\.(?:png|jpe?g|gif|bmp)$</arg>
<doc>Fails if ``string`` does not match ``pattern`` as a regular expression.</doc>
<status status="PASS" start="2024-07-05T08:18:42.590572" elapsed="0.000465"/>
</kw>
<kw name="Should Match Regexp" owner="BuiltIn">
<arg>${json_data['results'][0]['picture']['medium']}</arg>
<arg>^https?://.*\.(?:png|jpe?g|gif|bmp)$</arg>
<doc>Fails if ``string`` does not match ``pattern`` as a regular expression.</doc>
<status status="PASS" start="2024-07-05T08:18:42.591228" elapsed="0.000355"/>
</kw>
<kw name="Should Match Regexp" owner="BuiltIn">
<arg>${json_data['results'][0]['picture']['thumbnail']}</arg>
<arg>^https?://.*\.(?:png|jpe?g|gif|bmp)$</arg>
<doc>Fails if ``string`` does not match ``pattern`` as a regular expression.</doc>
<status status="PASS" start="2024-07-05T08:18:42.591769" elapsed="0.000392"/>
</kw>
<kw name="Log" owner="BuiltIn">
<msg time="2024-07-05T08:18:42.592684" level="INFO">{'large': 'https://randomuser.me/api/portraits/women/85.jpg', 'medium': 'https://randomuser.me/api/portraits/med/women/85.jpg', 'thumbnail': 'https://randomuser.me/api/portraits/thumb/women/85.jpg'}</msg>
<arg>${json_data['results'][0]['picture']}</arg>
<doc>Logs the given message with the given level.</doc>
<status status="PASS" start="2024-07-05T08:18:42.592352" elapsed="0.000377"/>
</kw>
<status status="PASS" start="2024-07-05T08:18:42.478296" elapsed="0.114708"/>
</kw>
<kw name="Teste de Tipos de Dados - Postcode" owner="random-user-service">
<kw name="GET On Session" owner="RequestsLibrary">
<msg time="2024-07-05T08:18:42.702612" level="INFO">GET Request : url=https://randomuser.me/api 
 path_url=/api 
 headers={'User-Agent': 'python-requests/2.32.3', 'Accept-Encoding': 'gzip, deflate', 'Accept': '*/*', 'Connection': 'keep-alive'} 
 body=None 
 </msg>
<msg time="2024-07-05T08:18:42.702729" level="INFO">GET Response : url=https://randomuser.me/api 
 status=200, reason=OK 
 headers={'Date': 'Fri, 05 Jul 2024 08:18:42 GMT', 'Content-Type': 'application/json; charset=utf-8', 'Transfer-Encoding': 'chunked', 'Connection': 'keep-alive', 'X-Powered-By': 'Express', 'Access-Control-Allow-Origin': '*', 'Cache-Control': 'no-cache', 'ETag': 'W/"498-cE2gSsh/bv4tzBVKpyalPhQfF0w"', 'Vary': 'Accept-Encoding', 'Content-Encoding': 'gzip', 'CF-Cache-Status': 'DYNAMIC', 'Report-To': '{"endpoints":[{"url":"https:\\/\\/a.nel.cloudflare.com\\/report\\/v4?s=3gAriPViOkeOOxxe5yX0UYLEoyEbjXKKgmCtLsb18skZQ7ZZ%2FHB3kanYY2Wi3na%2BLBlH6710TjjJ4%2B1kWgNsWKVsuUXSC1qCEMu5QceKuIiTMkKgkWyJn8VHamnbDMkk"}],"group":"cf-nel","max_age":604800}', 'NEL': '{"success_fraction":0,"report_to":"cf-nel","max_age":604800}', 'Server': 'cloudflare', 'CF-RAY': '89e5ed083e1ece6c-SJC', 'alt-svc': 'h3=":443"; ma=86400'} 
 body={"results":[{"gender":"male","name":{"title":"Mr","first":"Adrián","last":"Navarro"},"location":{"street":{"number":408,"name":"Calle de Téllez"},"city":"Gandía","state":"Castilla y León","country":"Spain","postcode":16355,"coordinates":{"latitude":"-30.6136","longitude":"-169.8742"},"timezone":{"offset":"-4:00","description":"Atlantic Time (Canada), Caracas, La Paz"}},"email":"adrian.navarro@example.com","login":{"uuid":"0a40b451-5d8d-40e8-ae80-417b07e409c3","username":"orangebear355","password":"sweet","salt":"w2G1b5Fk","md5":"d2799b03bba7d17df737860ed591fc56","sha1":"90518c7c7e4591a9057e6951b5db6edbcc33e40a","sha256":"37c8c2f53540fc378197af2cd96d8faf2efaf433de5500c5a57cae79a9f4370e"},"dob":{"date":"1948-06-14T18:16:06.737Z","age":76},"registered":{"date":"2011-11-30T09:36:12.543Z","age":12},"phone":"904-920-572","cell":"636-521-113","id":{"name":"DNI","value":"44260368-M"},"picture":{"large":"https://randomuser.me/api/portraits/men/71.jpg","medium":"https://randomuser.me/api/portraits/med/men/71.jpg","thumbnail":"https://randomuser.me/api/portraits/thumb/men/71.jpg"},"nat":"ES"}],"info":{"seed":"961d3c8748e17a2e","results":1,"page":1,"version":"1.4"}} 
 </msg>
<msg time="2024-07-05T08:18:42.702826" level="INFO">/opt/hostedtoolcache/Python/3.12.4/x64/lib/python3.12/site-packages/urllib3/connectionpool.py:1099: InsecureRequestWarning: Unverified HTTPS request is being made to host 'randomuser.me'. Adding certificate verification is strongly advised. See: https://urllib3.readthedocs.io/en/latest/advanced-usage.html#tls-warnings
  warnings.warn(</msg>
<msg time="2024-07-05T08:18:42.702974" level="INFO">${response} = &lt;Response [200]&gt;</msg>
<var>${response}</var>
<arg>consultarAPI</arg>
<arg>/api</arg>
<doc>Sends a GET request on a previously created HTTP Session.</doc>
<status status="PASS" start="2024-07-05T08:18:42.593485" elapsed="0.109536"/>
</kw>
<kw name="Set Variable" owner="BuiltIn">
<msg time="2024-07-05T08:18:42.704595" level="INFO">${json_data} = {'results': [{'gender': 'male', 'name': {'title': 'Mr', 'first': 'Adrián', 'last': 'Navarro'}, 'location': {'street': {'number': 408, 'name': 'Calle de Téllez'}, 'city': 'Gandía', 'state': 'Castilla y...</msg>
<var>${json_data}</var>
<arg>${response.json()}</arg>
<doc>Returns the given values which can then be assigned to a variables.</doc>
<status status="PASS" start="2024-07-05T08:18:42.703812" elapsed="0.000816"/>
</kw>
<kw name="Log" owner="BuiltIn">
<msg time="2024-07-05T08:18:42.705229" level="INFO">{'results': [{'gender': 'male', 'name': {'title': 'Mr', 'first': 'Adrián', 'last': 'Navarro'}, 'location': {'street': {'number': 408, 'name': 'Calle de Téllez'}, 'city': 'Gandía', 'state': 'Castilla y León', 'country': 'Spain', 'postcode': 16355, 'coordinates': {'latitude': '-30.6136', 'longitude': '-169.8742'}, 'timezone': {'offset': '-4:00', 'description': 'Atlantic Time (Canada), Caracas, La Paz'}}, 'email': 'adrian.navarro@example.com', 'login': {'uuid': '0a40b451-5d8d-40e8-ae80-417b07e409c3', 'username': 'orangebear355', 'password': 'sweet', 'salt': 'w2G1b5Fk', 'md5': 'd2799b03bba7d17df737860ed591fc56', 'sha1': '90518c7c7e4591a9057e6951b5db6edbcc33e40a', 'sha256': '37c8c2f53540fc378197af2cd96d8faf2efaf433de5500c5a57cae79a9f4370e'}, 'dob': {'date': '1948-06-14T18:16:06.737Z', 'age': 76}, 'registered': {'date': '2011-11-30T09:36:12.543Z', 'age': 12}, 'phone': '904-920-572', 'cell': '636-521-113', 'id': {'name': 'DNI', 'value': '44260368-M'}, 'picture': {'large': 'https://randomuser.me/api/portraits/men/71.jpg', 'medium': 'https://randomuser.me/api/portraits/med/men/71.jpg', 'thumbnail': 'https://randomuser.me/api/portraits/thumb/men/71.jpg'}, 'nat': 'ES'}], 'info': {'seed': '961d3c8748e17a2e', 'results': 1, 'page': 1, 'version': '1.4'}}</msg>
<arg>${json_data}</arg>
<doc>Logs the given message with the given level.</doc>
<status status="PASS" start="2024-07-05T08:18:42.705029" elapsed="0.000255"/>
</kw>
<kw name="Should Be Equal As Numbers" owner="BuiltIn">
<arg>${json_data['results'][0]['location']['postcode']}</arg>
<arg>${json_data['results'][0]['location']['postcode']}</arg>
<doc>Fails if objects are unequal after converting them to real numbers.</doc>
<status status="PASS" start="2024-07-05T08:18:42.705622" elapsed="0.000672"/>
</kw>
<kw name="Log" owner="BuiltIn">
<msg time="2024-07-05T08:18:42.707048" level="INFO">16355</msg>
<arg>${json_data['results'][0]['location']['postcode']}</arg>
<doc>Logs the given message with the given level.</doc>
<status status="PASS" start="2024-07-05T08:18:42.706504" elapsed="0.000588"/>
</kw>
<status status="PASS" start="2024-07-05T08:18:42.593248" elapsed="0.114118"/>
</kw>
<doc>Testa se os tipos de dados na resposta da API estão corretos.</doc>
<tag>testeTiposDados</tag>
<status status="PASS" start="2024-07-05T08:18:42.477803" elapsed="0.229774"/>
</test>
<test id="s1-s1-t5" name="Validar conteudo" line="35">
<kw name="Teste de Tipos de Conteudo" owner="random-user-service">
<kw name="GET On Session" owner="RequestsLibrary">
<msg time="2024-07-05T08:18:42.835578" level="INFO">GET Request : url=https://randomuser.me/api 
 path_url=/api 
 headers={'User-Agent': 'python-requests/2.32.3', 'Accept-Encoding': 'gzip, deflate', 'Accept': '*/*', 'Connection': 'keep-alive'} 
 body=None 
 </msg>
<msg time="2024-07-05T08:18:42.835694" level="INFO">GET Response : url=https://randomuser.me/api 
 status=200, reason=OK 
 headers={'Date': 'Fri, 05 Jul 2024 08:18:42 GMT', 'Content-Type': 'application/json; charset=utf-8', 'Transfer-Encoding': 'chunked', 'Connection': 'keep-alive', 'X-Powered-By': 'Express', 'Access-Control-Allow-Origin': '*', 'Cache-Control': 'no-cache', 'ETag': 'W/"47b-nRBWqYD77nNu3FjFN13W6J2Uggc"', 'Vary': 'Accept-Encoding', 'Content-Encoding': 'gzip', 'CF-Cache-Status': 'DYNAMIC', 'Report-To': '{"endpoints":[{"url":"https:\\/\\/a.nel.cloudflare.com\\/report\\/v4?s=w1eB0AEhbRniKJoXuK9PlqVenrzZROvorZCX2MLYWF5QY1Zqa%2FVKrd7jA3czCAtuzW6bPi6MBMoVOHsghrcykn0Fi9uE13PN6zY5Jx3If8jlby65eDX5PAHR5dbVdgJG"}],"group":"cf-nel","max_age":604800}', 'NEL': '{"success_fraction":0,"report_to":"cf-nel","max_age":604800}', 'Server': 'cloudflare', 'CF-RAY': '89e5ed08fe95ce6c-SJC', 'alt-svc': 'h3=":443"; ma=86400'} 
 body={"results":[{"gender":"female","name":{"title":"Miss","first":"Peremisla","last":"Shestak"},"location":{"street":{"number":8972,"name":"Valentinivska"},"city":"Bilyayivka","state":"Donecka","country":"Ukraine","postcode":61897,"coordinates":{"latitude":"80.3347","longitude":"48.3684"},"timezone":{"offset":"-10:00","description":"Hawaii"}},"email":"peremisla.shestak@example.com","login":{"uuid":"af21e213-9308-4b69-b7a0-b4c185969492","username":"angrypanda376","password":"nittany","salt":"naFRxMDB","md5":"ffd5b98e82303182d7bde4a7baf29622","sha1":"9982edcdf1b034fa503f00523338ec3e294070dd","sha256":"623d9a5a2ae3b14688b25edbe703a686713451ea1150832fc8c19c4ee1ef8769"},"dob":{"date":"1989-02-13T03:25:14.132Z","age":35},"registered":{"date":"2003-11-10T18:35:24.461Z","age":20},"phone":"(068) P36-2514","cell":"(068) D44-8854","id":{"name":"","value":null},"picture":{"large":"https://randomuser.me/api/portraits/women/52.jpg","medium":"https://randomuser.me/api/portraits/med/women/52.jpg","thumbnail":"https://randomuser.me/api/portraits/thumb/women/52.jpg"},"nat":"UA"}],"info":{"seed":"e88c9d7d3e9b3d91","results":1,"page":1,"version":"1.4"}} 
 </msg>
<msg time="2024-07-05T08:18:42.835776" level="INFO">/opt/hostedtoolcache/Python/3.12.4/x64/lib/python3.12/site-packages/urllib3/connectionpool.py:1099: InsecureRequestWarning: Unverified HTTPS request is being made to host 'randomuser.me'. Adding certificate verification is strongly advised. See: https://urllib3.readthedocs.io/en/latest/advanced-usage.html#tls-warnings
  warnings.warn(</msg>
<msg time="2024-07-05T08:18:42.835920" level="INFO">${response} = &lt;Response [200]&gt;</msg>
<var>${response}</var>
<arg>consultarAPI</arg>
<arg>/api</arg>
<doc>Sends a GET request on a previously created HTTP Session.</doc>
<status status="PASS" start="2024-07-05T08:18:42.710203" elapsed="0.125757"/>
</kw>
<kw name="Set Variable" owner="BuiltIn">
<msg time="2024-07-05T08:18:42.837179" level="INFO">${json_data} = {'results': [{'gender': 'female', 'name': {'title': 'Miss', 'first': 'Peremisla', 'last': 'Shestak'}, 'location': {'street': {'number': 8972, 'name': 'Valentinivska'}, 'city': 'Bilyayivka', 'state': '...</msg>
<var>${json_data}</var>
<arg>${response.json()}</arg>
<doc>Returns the given values which can then be assigned to a variables.</doc>
<status status="PASS" start="2024-07-05T08:18:42.836637" elapsed="0.000571"/>
</kw>
<kw name="Set Variable" owner="BuiltIn">
<msg time="2024-07-05T08:18:42.837900" level="INFO">${name_title} = Miss</msg>
<var>${name_title}</var>
<arg>${json_data["results"][0]["name"]["title"]}</arg>
<doc>Returns the given values which can then be assigned to a variables.</doc>
<status status="PASS" start="2024-07-05T08:18:42.837519" elapsed="0.000406"/>
</kw>
<kw name="Create List" owner="BuiltIn">
<msg time="2024-07-05T08:18:42.838381" level="INFO">${allowed_titles} = ['Mr', 'Ms', 'Miss', 'Mrs', 'Madame', 'Monsieur']</msg>
<var>${allowed_titles}</var>
<arg>Mr</arg>
<arg>Ms</arg>
<arg>Miss</arg>
<arg>Mrs</arg>
<arg>Madame</arg>
<arg>Monsieur</arg>
<doc>Returns a list containing given items.</doc>
<status status="PASS" start="2024-07-05T08:18:42.838225" elapsed="0.000180"/>
</kw>
<kw name="List Should Contain Value" owner="Collections">
<arg>${allowed_titles}</arg>
<arg>${name_title}</arg>
<doc>Fails if the ``value`` is not found from ``list``.</doc>
<status status="PASS" start="2024-07-05T08:18:42.838709" elapsed="0.000180"/>
</kw>
<kw name="Set Variable" owner="BuiltIn">
<msg time="2024-07-05T08:18:42.839449" level="INFO">${name_country} = UA</msg>
<var>${name_country}</var>
<arg>${json_data["results"][0]["nat"]}</arg>
<doc>Returns the given values which can then be assigned to a variables.</doc>
<status status="PASS" start="2024-07-05T08:18:42.839072" elapsed="0.000402"/>
</kw>
<kw name="Create List" owner="BuiltIn">
<msg time="2024-07-05T08:18:42.840403" level="INFO">${list_country} = ['AD', 'AE', 'AF', 'AG', 'AI', 'AL', 'AM', 'AO', 'AQ', 'AR', 'AS', 'AT', 'AU', 'AW', 'AX', 'AZ', 'BA', 'BB', 'BD', 'BE', 'BF', 'BG', 'BH', 'BI', 'BJ', 'BL', 'BM', 'BN', 'BO', 'BQ', 'BR', 'BS', 'BT', '...</msg>
<var>${list_country}</var>
<arg>AD</arg>
<arg>AE</arg>
<arg>AF</arg>
<arg>AG</arg>
<arg>AI</arg>
<arg>AL</arg>
<arg>AM</arg>
<arg>AO</arg>
<arg>AQ</arg>
<arg>AR</arg>
<arg>AS</arg>
<arg>AT</arg>
<arg>AU</arg>
<arg>AW</arg>
<arg>AX</arg>
<arg>AZ</arg>
<arg>BA</arg>
<arg>BB</arg>
<arg>BD</arg>
<arg>BE</arg>
<arg>BF</arg>
<arg>BG</arg>
<arg>BH</arg>
<arg>BI</arg>
<arg>BJ</arg>
<arg>BL</arg>
<arg>BM</arg>
<arg>BN</arg>
<arg>BO</arg>
<arg>BQ</arg>
<arg>BR</arg>
<arg>BS</arg>
<arg>BT</arg>
<arg>BV</arg>
<arg>BW</arg>
<arg>BY</arg>
<arg>BZ</arg>
<arg>CA</arg>
<arg>CC</arg>
<arg>CD</arg>
<arg>CF</arg>
<arg>CG</arg>
<arg>CH</arg>
<arg>CI</arg>
<arg>CK</arg>
<arg>CL</arg>
<arg>CM</arg>
<arg>CN</arg>
<arg>CO</arg>
<arg>CR</arg>
<arg>CU</arg>
<arg>CV</arg>
<arg>CW</arg>
<arg>CX</arg>
<arg>CY</arg>
<arg>CZ</arg>
<arg>DE</arg>
<arg>DJ</arg>
<arg>DK</arg>
<arg>DM</arg>
<arg>DO</arg>
<arg>DZ</arg>
<arg>EC</arg>
<arg>EE</arg>
<arg>EG</arg>
<arg>EH</arg>
<arg>ER</arg>
<arg>ES</arg>
<arg>ET</arg>
<arg>FI</arg>
<arg>FJ</arg>
<arg>FK</arg>
<arg>FM</arg>
<arg>FO</arg>
<arg>FR</arg>
<arg>GA</arg>
<arg>GB</arg>
<arg>GD</arg>
<arg>GE</arg>
<arg>GF</arg>
<arg>GG</arg>
<arg>GH</arg>
<arg>GI</arg>
<arg>GL</arg>
<arg>GM</arg>
<arg>GN</arg>
<arg>GP</arg>
<arg>GQ</arg>
<arg>GR</arg>
<arg>GS</arg>
<arg>GT</arg>
<arg>GU</arg>
<arg>GW</arg>
<arg>GY</arg>
<arg>HK</arg>
<arg>HM</arg>
<arg>HN</arg>
<arg>HR</arg>
<arg>HT</arg>
<arg>HU</arg>
<arg>ID</arg>
<arg>IE</arg>
<arg>IL</arg>
<arg>IM</arg>
<arg>IN</arg>
<arg>IO</arg>
<arg>IQ</arg>
<arg>IR</arg>
<arg>IS</arg>
<arg>IT</arg>
<arg>JE</arg>
<arg>JM</arg>
<arg>JO</arg>
<arg>JP</arg>
<arg>KE</arg>
<arg>KG</arg>
<arg>KH</arg>
<arg>KI</arg>
<arg>KM</arg>
<arg>KN</arg>
<arg>KP</arg>
<arg>KR</arg>
<arg>KW</arg>
<arg>KY</arg>
<arg>KZ</arg>
<arg>LA</arg>
<arg>LB</arg>
<arg>LC</arg>
<arg>LI</arg>
<arg>LK</arg>
<arg>LR</arg>
<arg>LS</arg>
<arg>LT</arg>
<arg>LU</arg>
<arg>LV</arg>
<arg>LY</arg>
<arg>MA</arg>
<arg>MC</arg>
<arg>MD</arg>
<arg>ME</arg>
<arg>MF</arg>
<arg>MG</arg>
<arg>MH</arg>
<arg>MK</arg>
<arg>ML</arg>
<arg>MM</arg>
<arg>MN</arg>
<arg>MO</arg>
<arg>MP</arg>
<arg>MQ</arg>
<arg>MR</arg>
<arg>MS</arg>
<arg>MT</arg>
<arg>MU</arg>
<arg>MV</arg>
<arg>MW</arg>
<arg>MX</arg>
<arg>MY</arg>
<arg>MZ</arg>
<arg>NA</arg>
<arg>NC</arg>
<arg>NE</arg>
<arg>NF</arg>
<arg>NG</arg>
<arg>NI</arg>
<arg>NL</arg>
<arg>NO</arg>
<arg>NP</arg>
<arg>NR</arg>
<arg>NU</arg>
<arg>NZ</arg>
<arg>OM</arg>
<arg>PA</arg>
<arg>PE</arg>
<arg>PF</arg>
<arg>PG</arg>
<arg>PH</arg>
<arg>PK</arg>
<arg>PL</arg>
<arg>PM</arg>
<arg>PN</arg>
<arg>PR</arg>
<arg>PS</arg>
<arg>PT</arg>
<arg>PW</arg>
<arg>PY</arg>
<arg>QA</arg>
<arg>RE</arg>
<arg>RO</arg>
<arg>RS</arg>
<arg>RU</arg>
<arg>RW</arg>
<arg>SA</arg>
<arg>SB</arg>
<arg>SC</arg>
<arg>SD</arg>
<arg>SE</arg>
<arg>SG</arg>
<arg>SH</arg>
<arg>SI</arg>
<arg>SJ</arg>
<arg>SK</arg>
<arg>SL</arg>
<arg>SM</arg>
<arg>SN</arg>
<arg>SO</arg>
<arg>SR</arg>
<arg>SS</arg>
<arg>ST</arg>
<arg>SV</arg>
<arg>SX</arg>
<arg>SY</arg>
<arg>SZ</arg>
<arg>TC</arg>
<arg>TD</arg>
<arg>TF</arg>
<arg>TG</arg>
<arg>TH</arg>
<arg>TJ</arg>
<arg>TK</arg>
<arg>TL</arg>
<arg>TM</arg>
<arg>TN</arg>
<arg>TO</arg>
<arg>TR</arg>
<arg>TT</arg>
<arg>TV</arg>
<arg>TW</arg>
<arg>TZ</arg>
<arg>UA</arg>
<arg>UG</arg>
<arg>UM</arg>
<arg>US</arg>
<arg>UY</arg>
<arg>UZ</arg>
<arg>VA</arg>
<arg>VC</arg>
<arg>VE</arg>
<arg>VG</arg>
<arg>VI</arg>
<arg>VN</arg>
<arg>VU</arg>
<arg>WF</arg>
<arg>WS</arg>
<arg>XK</arg>
<arg>YE</arg>
<arg>YT</arg>
<arg>ZA</arg>
<arg>ZM</arg>
<arg>ZW</arg>
<doc>Returns a list containing given items.</doc>
<status status="PASS" start="2024-07-05T08:18:42.839768" elapsed="0.000662"/>
</kw>
<kw name="List Should Contain Value" owner="Collections">
<arg>${list_country}</arg>
<arg>${name_country}</arg>
<doc>Fails if the ``value`` is not found from ``list``.</doc>
<status status="PASS" start="2024-07-05T08:18:42.841233" elapsed="0.000210"/>
</kw>
<kw name="Run Keyword If" owner="BuiltIn">
<kw name="Should Be True" owner="BuiltIn">
<arg>${True}</arg>
<doc>Fails if the given condition is not true.</doc>
<status status="PASS" start="2024-07-05T08:18:42.842379" elapsed="0.000144"/>
</kw>
<arg>${json_data["results"][0]["location"]["coordinates"]["latitude"]} &gt;= -90 and ${json_data["results"][0]["location"]["coordinates"]["latitude"]} &lt;= 90</arg>
<arg>Should Be True</arg>
<arg>${True}</arg>
<doc>Runs the given keyword with the given arguments, if ``condition`` is true.</doc>
<status status="PASS" start="2024-07-05T08:18:42.841640" elapsed="0.001008"/>
</kw>
<kw name="Run Keyword If" owner="BuiltIn">
<kw name="Should Be True" owner="BuiltIn">
<arg>${True}</arg>
<doc>Fails if the given condition is not true.</doc>
<status status="PASS" start="2024-07-05T08:18:42.843515" elapsed="0.000247"/>
</kw>
<arg>${json_data["results"][0]["location"]["coordinates"]["longitude"]} &gt;= -180 and ${json_data["results"][0]["location"]["coordinates"]["longitude"]} &lt;= 180</arg>
<arg>Should Be True</arg>
<arg>${True}</arg>
<doc>Runs the given keyword with the given arguments, if ``condition`` is true.</doc>
<status status="PASS" start="2024-07-05T08:18:42.842827" elapsed="0.001063"/>
</kw>
<status status="PASS" start="2024-07-05T08:18:42.709964" elapsed="0.134059"/>
</kw>
<doc>Testa o conteúdo específico dos campos retornados pela API.</doc>
<tag>testeConteudo</tag>
<status status="PASS" start="2024-07-05T08:18:42.709442" elapsed="0.134778"/>
</test>
<status status="PASS" start="2024-07-05T08:18:41.849087" elapsed="0.997089"/>
</suite>
<status status="PASS" start="2024-07-05T08:18:41.833654" elapsed="1.017632"/>
</suite>
<statistics>
<total>
<stat pass="5" fail="0" skip="0">All Tests</stat>
</total>
<tag>
<stat pass="1" fail="0" skip="0">testeConteudo</stat>
<stat pass="1" fail="0" skip="0">testeEstruturaResposta</stat>
<stat pass="1" fail="0" skip="0">testeRequisicaoBasica</stat>
<stat pass="1" fail="0" skip="0">testeTiposDados</stat>
</tag>
<suite>
<stat pass="5" fail="0" skip="0" id="s1" name="Tests">Tests</stat>
<stat pass="5" fail="0" skip="0" id="s1-s1" name="Random-User-Test">Tests.Random-User-Test</stat>
</suite>
</statistics>
<errors>
</errors>
</robot>
