<?xml version="1.0" encoding="UTF-8"?>
<robot generator="Robot 7.0 (Python 3.12.2 on linux)" generated="2024-03-30T22:12:58.636814" rpa="false" schemaversion="5">
<suite id="s1" name="Tests" source="/home/runner/work/DesafioQAItauRogerioJordao/DesafioQAItauRogerioJordao/RamdonUser/tests">
<suite id="s1-s1" name="Random-User-Test" source="/home/runner/work/DesafioQAItauRogerioJordao/DesafioQAItauRogerioJordao/RamdonUser/tests/random-user-test.robot">
<test id="s1-s1-t1" name="Conectar" line="13">
<kw name="Conectar API" owner="random-user-service">
<kw name="Create Session" owner="RequestsLibrary">
<msg time="2024-03-30T22:12:59.003816" level="INFO">Creating Session using : alias=consultarAPI, url=https://randomuser.me/, headers={},                     cookies={}, auth=None, timeout=None, proxies=None, verify=False,                     debug=0 </msg>
<arg>consultarAPI</arg>
<arg>${URL}</arg>
<doc>Create Session: create a HTTP session to a server</doc>
<status status="PASS" start="2024-03-30T22:12:59.003619" elapsed="0.000369"/>
</kw>
<status status="PASS" start="2024-03-30T22:12:59.002616" elapsed="0.001732"/>
</kw>
<status status="PASS" start="2024-03-30T22:12:59.002088" elapsed="0.002465"/>
</test>
<test id="s1-s1-t2" name="Validar retorno 200 e JSON Válido" line="16">
<kw name="Teste de Requisicao Basica" owner="random-user-service">
<kw name="GET On Session" owner="RequestsLibrary">
<msg time="2024-03-30T22:12:59.089083" level="INFO">GET Request : url=https://randomuser.me/api 
 path_url=/api 
 headers={'User-Agent': 'python-requests/2.31.0', 'Accept-Encoding': 'gzip, deflate', 'Accept': '*/*', 'Connection': 'keep-alive'} 
 body=None 
 </msg>
<msg time="2024-03-30T22:12:59.089250" level="INFO">GET Response : url=https://randomuser.me/api 
 status=200, reason=OK 
 headers={'Date': 'Sat, 30 Mar 2024 22:12:59 GMT', 'Content-Type': 'application/json; charset=utf-8', 'Transfer-Encoding': 'chunked', 'Connection': 'keep-alive', 'X-Powered-By': 'Express', 'Access-Control-Allow-Origin': '*', 'Cache-Control': 'no-cache', 'ETag': 'W/"492-LbDUPWxRx7x9ApWCu8HhfNn83Zo"', 'Vary': 'Accept-Encoding', 'Content-Encoding': 'gzip', 'CF-Cache-Status': 'DYNAMIC', 'Report-To': '{"endpoints":[{"url":"https:\\/\\/a.nel.cloudflare.com\\/report\\/v4?s=xuj2%2FqJr8Yf9JCKSLe3mXtykdkQDWfdBK6f3SeIDGSs9n%2BKZP1VbAOuhkV3AWS8poUVcqUYd8ybtbOw87Avyz23yZtGYnL8ZQKtUncvoc8iLwCv3698PzmBfdThYPHG4"}],"group":"cf-nel","max_age":604800}', 'NEL': '{"success_fraction":0,"report_to":"cf-nel","max_age":604800}', 'Server': 'cloudflare', 'CF-RAY': '86cb71bd0e8672f2-IAD', 'alt-svc': 'h3=":443"; ma=86400'} 
 body={"results":[{"gender":"female","name":{"title":"Ms","first":"Jessica","last":"Rivera"},"location":{"street":{"number":5288,"name":"Pockrus Page Rd"},"city":"Wagga Wagga","state":"Queensland","country":"Australia","postcode":4627,"coordinates":{"latitude":"-82.9472","longitude":"57.1835"},"timezone":{"offset":"-8:00","description":"Pacific Time (US &amp; Canada)"}},"email":"jessica.rivera@example.com","login":{"uuid":"7ce28ae6-5dc0-46cb-80bf-ceaf0d32c41d","username":"yellowrabbit933","password":"queenie","salt":"1VdxWRpb","md5":"1d61add0602b2a5d7c6c5060151036ae","sha1":"a3560755e8e8eff2a99602cd345b167ff378ba1a","sha256":"e823f5294b66250e4a2e9daf82384037414350149d517f51a32b990c9a50552a"},"dob":{"date":"1981-12-30T01:41:55.782Z","age":42},"registered":{"date":"2022-01-13T02:24:03.499Z","age":2},"phone":"08-2182-0824","cell":"0471-979-453","id":{"name":"TFN","value":"155809348"},"picture":{"large":"https://randomuser.me/api/portraits/women/2.jpg","medium":"https://randomuser.me/api/portraits/med/women/2.jpg","thumbnail":"https://randomuser.me/api/portraits/thumb/women/2.jpg"},"nat":"AU"}],"info":{"seed":"ebf03071c96eb2e5","results":1,"page":1,"version":"1.4"}} 
 </msg>
<msg time="2024-03-30T22:12:59.089352" level="INFO">/opt/hostedtoolcache/Python/3.12.2/x64/lib/python3.12/site-packages/urllib3/connectionpool.py:1103: InsecureRequestWarning: Unverified HTTPS request is being made to host 'randomuser.me'. Adding certificate verification is strongly advised. See: https://urllib3.readthedocs.io/en/latest/advanced-usage.html#tls-warnings
  warnings.warn(</msg>
<msg time="2024-03-30T22:12:59.089497" level="INFO">${response} = &lt;Response [200]&gt;</msg>
<var>${response}</var>
<arg>consultarAPI</arg>
<arg>/api</arg>
<doc>Sends a GET request on a previously created HTTP Session.</doc>
<status status="PASS" start="2024-03-30T22:12:59.007131" elapsed="0.082406"/>
</kw>
<kw name="Should Be Equal As Numbers" owner="BuiltIn">
<msg time="2024-03-30T22:12:59.090494" level="INFO">Argument types are:
&lt;class 'int'&gt;
&lt;class 'str'&gt;</msg>
<arg>${response.status_code}</arg>
<arg>200</arg>
<doc>Fails if objects are unequal after converting them to real numbers.</doc>
<status status="PASS" start="2024-03-30T22:12:59.090051" elapsed="0.000508"/>
</kw>
<kw name="Log" owner="BuiltIn">
<msg time="2024-03-30T22:12:59.091241" level="INFO">200</msg>
<arg>${response.status_code}</arg>
<doc>Logs the given message with the given level.</doc>
<status status="PASS" start="2024-03-30T22:12:59.090885" elapsed="0.000399"/>
</kw>
<kw name="Set Variable" owner="BuiltIn">
<msg time="2024-03-30T22:12:59.092085" level="INFO">${json_data} = {'results': [{'gender': 'female', 'name': {'title': 'Ms', 'first': 'Jessica', 'last': 'Rivera'}, 'location': {'street': {'number': 5288, 'name': 'Pockrus Page Rd'}, 'city': 'Wagga Wagga', 'state': 'Qu...</msg>
<var>${json_data}</var>
<arg>${response.json()}</arg>
<doc>Returns the given values which can then be assigned to a variables.</doc>
<status status="PASS" start="2024-03-30T22:12:59.091643" elapsed="0.000470"/>
</kw>
<kw name="Dictionary Should Contain Key" owner="Collections">
<msg time="2024-03-30T22:12:59.092590" level="INFO">False</msg>
<arg>${json_data}</arg>
<arg>results</arg>
<doc>Fails if ``key`` is not found from ``dictionary``.</doc>
<status status="PASS" start="2024-03-30T22:12:59.092422" elapsed="0.000207"/>
</kw>
<status status="PASS" start="2024-03-30T22:12:59.006881" elapsed="0.086008"/>
</kw>
<doc>Testa se a API responde corretamente e retorna um objeto JSON válido.</doc>
<tag>testeRequisicaoBasica</tag>
<status status="PASS" start="2024-03-30T22:12:59.006414" elapsed="0.086660"/>
</test>
<test id="s1-s1-t3" name="Validar estrutura de resposta" line="22">
<kw name="Teste de Estrutura de Resposta" owner="random-user-service">
<kw name="GET On Session" owner="RequestsLibrary">
<msg time="2024-03-30T22:12:59.187755" level="INFO">GET Request : url=https://randomuser.me/api 
 path_url=/api 
 headers={'User-Agent': 'python-requests/2.31.0', 'Accept-Encoding': 'gzip, deflate', 'Accept': '*/*', 'Connection': 'keep-alive'} 
 body=None 
 </msg>
<msg time="2024-03-30T22:12:59.187842" level="INFO">GET Response : url=https://randomuser.me/api 
 status=200, reason=OK 
 headers={'Date': 'Sat, 30 Mar 2024 22:12:59 GMT', 'Content-Type': 'application/json; charset=utf-8', 'Transfer-Encoding': 'chunked', 'Connection': 'keep-alive', 'X-Powered-By': 'Express', 'Access-Control-Allow-Origin': '*', 'Cache-Control': 'no-cache', 'ETag': 'W/"496-O3iIJUa4HLs/Sw41zOa2pluHjIc"', 'Vary': 'Accept-Encoding', 'Content-Encoding': 'gzip', 'CF-Cache-Status': 'DYNAMIC', 'Report-To': '{"endpoints":[{"url":"https:\\/\\/a.nel.cloudflare.com\\/report\\/v4?s=BOnnUJ84EuxCVitpETMAlh9AAMremfg7kcNRgRGypuHIcwLdI0qxRJES2RT5QeTNsTIptEUc16jKXEm6CPY4rYrp3J4guN43Q%2BPp5Wpc3%2F4Q1Sm%2B72zUIKs%2FcQBFq4yl"}],"group":"cf-nel","max_age":604800}', 'NEL': '{"success_fraction":0,"report_to":"cf-nel","max_age":604800}', 'Server': 'cloudflare', 'CF-RAY': '86cb71bd5f5572f2-IAD', 'alt-svc': 'h3=":443"; ma=86400'} 
 body={"results":[{"gender":"male","name":{"title":"Mr","first":"Brandon","last":"Warren"},"location":{"street":{"number":6095,"name":"W Campbell Ave"},"city":"Hervey Bay","state":"Tasmania","country":"Australia","postcode":338,"coordinates":{"latitude":"-84.4588","longitude":"-88.7591"},"timezone":{"offset":"+5:00","description":"Ekaterinburg, Islamabad, Karachi, Tashkent"}},"email":"brandon.warren@example.com","login":{"uuid":"1eb9e7a9-ed19-4fa0-8a35-cb72ee9f9a5a","username":"brownfrog795","password":"palmer","salt":"41eL9OaG","md5":"75890117d7117f388f3d49ab177b0eba","sha1":"f0bc0d505324d2d3a66dd3b7f6958cac48c5c4d9","sha256":"08e26b7cc74f31ce1f34156b205a4b08754972f234cf325707aad24d97f922fe"},"dob":{"date":"1984-02-05T17:57:52.616Z","age":40},"registered":{"date":"2012-04-07T17:44:16.427Z","age":11},"phone":"09-9595-6360","cell":"0434-492-861","id":{"name":"TFN","value":"147767234"},"picture":{"large":"https://randomuser.me/api/portraits/men/13.jpg","medium":"https://randomuser.me/api/portraits/med/men/13.jpg","thumbnail":"https://randomuser.me/api/portraits/thumb/men/13.jpg"},"nat":"AU"}],"info":{"seed":"72c57ccd9749e743","results":1,"page":1,"version":"1.4"}} 
 </msg>
<msg time="2024-03-30T22:12:59.187978" level="INFO">/opt/hostedtoolcache/Python/3.12.2/x64/lib/python3.12/site-packages/urllib3/connectionpool.py:1103: InsecureRequestWarning: Unverified HTTPS request is being made to host 'randomuser.me'. Adding certificate verification is strongly advised. See: https://urllib3.readthedocs.io/en/latest/advanced-usage.html#tls-warnings
  warnings.warn(</msg>
<msg time="2024-03-30T22:12:59.188127" level="INFO">${response} = &lt;Response [200]&gt;</msg>
<var>${response}</var>
<arg>consultarAPI</arg>
<arg>/api</arg>
<doc>Sends a GET request on a previously created HTTP Session.</doc>
<status status="PASS" start="2024-03-30T22:12:59.095822" elapsed="0.092355"/>
</kw>
<kw name="Set Variable" owner="BuiltIn">
<msg time="2024-03-30T22:12:59.189039" level="INFO">${json_data} = {'results': [{'gender': 'male', 'name': {'title': 'Mr', 'first': 'Brandon', 'last': 'Warren'}, 'location': {'street': {'number': 6095, 'name': 'W Campbell Ave'}, 'city': 'Hervey Bay', 'state': 'Tasman...</msg>
<var>${json_data}</var>
<arg>${response.json()}</arg>
<doc>Returns the given values which can then be assigned to a variables.</doc>
<status status="PASS" start="2024-03-30T22:12:59.188596" elapsed="0.000470"/>
</kw>
<kw name="Log" owner="BuiltIn">
<msg time="2024-03-30T22:12:59.189523" level="INFO">{'results': [{'gender': 'male', 'name': {'title': 'Mr', 'first': 'Brandon', 'last': 'Warren'}, 'location': {'street': {'number': 6095, 'name': 'W Campbell Ave'}, 'city': 'Hervey Bay', 'state': 'Tasmania', 'country': 'Australia', 'postcode': 338, 'coordinates': {'latitude': '-84.4588', 'longitude': '-88.7591'}, 'timezone': {'offset': '+5:00', 'description': 'Ekaterinburg, Islamabad, Karachi, Tashkent'}}, 'email': 'brandon.warren@example.com', 'login': {'uuid': '1eb9e7a9-ed19-4fa0-8a35-cb72ee9f9a5a', 'username': 'brownfrog795', 'password': 'palmer', 'salt': '41eL9OaG', 'md5': '75890117d7117f388f3d49ab177b0eba', 'sha1': 'f0bc0d505324d2d3a66dd3b7f6958cac48c5c4d9', 'sha256': '08e26b7cc74f31ce1f34156b205a4b08754972f234cf325707aad24d97f922fe'}, 'dob': {'date': '1984-02-05T17:57:52.616Z', 'age': 40}, 'registered': {'date': '2012-04-07T17:44:16.427Z', 'age': 11}, 'phone': '09-9595-6360', 'cell': '0434-492-861', 'id': {'name': 'TFN', 'value': '147767234'}, 'picture': {'large': 'https://randomuser.me/api/portraits/men/13.jpg', 'medium': 'https://randomuser.me/api/portraits/med/men/13.jpg', 'thumbnail': 'https://randomuser.me/api/portraits/thumb/men/13.jpg'}, 'nat': 'AU'}], 'info': {'seed': '72c57ccd9749e743', 'results': 1, 'page': 1, 'version': '1.4'}}</msg>
<arg>${json_data}</arg>
<doc>Logs the given message with the given level.</doc>
<status status="PASS" start="2024-03-30T22:12:59.189370" elapsed="0.000199"/>
</kw>
<kw name="Dictionary Should Contain Key" owner="Collections">
<msg time="2024-03-30T22:12:59.190055" level="INFO">False</msg>
<arg>${json_data}</arg>
<arg>results</arg>
<doc>Fails if ``key`` is not found from ``dictionary``.</doc>
<status status="PASS" start="2024-03-30T22:12:59.189899" elapsed="0.000192"/>
</kw>
<kw name="Should Not Be Empty" owner="BuiltIn">
<msg time="2024-03-30T22:12:59.190516" level="INFO">Length is 2.</msg>
<arg>${json_data}</arg>
<doc>Verifies that the given item is not empty.</doc>
<status status="PASS" start="2024-03-30T22:12:59.190385" elapsed="0.000169"/>
</kw>
<kw name="Create List" owner="BuiltIn">
<msg time="2024-03-30T22:12:59.190983" level="INFO">${expected_keys} = ['gender', 'name', 'location', 'email', 'login']</msg>
<var>${expected_keys}</var>
<arg>gender</arg>
<arg>name</arg>
<arg>location</arg>
<arg>email</arg>
<arg>login</arg>
<doc>Returns a list containing given items.</doc>
<status status="PASS" start="2024-03-30T22:12:59.190837" elapsed="0.000169"/>
</kw>
<for flavor="IN">
<iter>
<kw name="Dictionary Should Contain Key" owner="Collections">
<msg time="2024-03-30T22:12:59.191960" level="INFO">False</msg>
<arg>${json_data['results'][0]}</arg>
<arg>${key}</arg>
<doc>Fails if ``key`` is not found from ``dictionary``.</doc>
<status status="PASS" start="2024-03-30T22:12:59.191569" elapsed="0.000429"/>
</kw>
<kw name="Log" owner="BuiltIn">
<msg time="2024-03-30T22:12:59.192666" level="INFO">{'gender': 'male', 'name': {'title': 'Mr', 'first': 'Brandon', 'last': 'Warren'}, 'location': {'street': {'number': 6095, 'name': 'W Campbell Ave'}, 'city': 'Hervey Bay', 'state': 'Tasmania', 'country': 'Australia', 'postcode': 338, 'coordinates': {'latitude': '-84.4588', 'longitude': '-88.7591'}, 'timezone': {'offset': '+5:00', 'description': 'Ekaterinburg, Islamabad, Karachi, Tashkent'}}, 'email': 'brandon.warren@example.com', 'login': {'uuid': '1eb9e7a9-ed19-4fa0-8a35-cb72ee9f9a5a', 'username': 'brownfrog795', 'password': 'palmer', 'salt': '41eL9OaG', 'md5': '75890117d7117f388f3d49ab177b0eba', 'sha1': 'f0bc0d505324d2d3a66dd3b7f6958cac48c5c4d9', 'sha256': '08e26b7cc74f31ce1f34156b205a4b08754972f234cf325707aad24d97f922fe'}, 'dob': {'date': '1984-02-05T17:57:52.616Z', 'age': 40}, 'registered': {'date': '2012-04-07T17:44:16.427Z', 'age': 11}, 'phone': '09-9595-6360', 'cell': '0434-492-861', 'id': {'name': 'TFN', 'value': '147767234'}, 'picture': {'large': 'https://randomuser.me/api/portraits/men/13.jpg', 'medium': 'https://randomuser.me/api/portraits/med/men/13.jpg', 'thumbnail': 'https://randomuser.me/api/portraits/thumb/men/13.jpg'}, 'nat': 'AU'}</msg>
<arg>${json_data['results'][0]}</arg>
<doc>Logs the given message with the given level.</doc>
<status status="PASS" start="2024-03-30T22:12:59.192300" elapsed="0.000418"/>
</kw>
<kw name="Log" owner="BuiltIn">
<msg time="2024-03-30T22:12:59.193150" level="INFO">gender</msg>
<arg>${key}</arg>
<doc>Logs the given message with the given level.</doc>
<status status="PASS" start="2024-03-30T22:12:59.193020" elapsed="0.000168"/>
</kw>
<var name="${key}">gender</var>
<status status="PASS" start="2024-03-30T22:12:59.191446" elapsed="0.001956"/>
</iter>
<iter>
<kw name="Dictionary Should Contain Key" owner="Collections">
<msg time="2024-03-30T22:12:59.194133" level="INFO">False</msg>
<arg>${json_data['results'][0]}</arg>
<arg>${key}</arg>
<doc>Fails if ``key`` is not found from ``dictionary``.</doc>
<status status="PASS" start="2024-03-30T22:12:59.193703" elapsed="0.000467"/>
</kw>
<kw name="Log" owner="BuiltIn">
<msg time="2024-03-30T22:12:59.194858" level="INFO">{'gender': 'male', 'name': {'title': 'Mr', 'first': 'Brandon', 'last': 'Warren'}, 'location': {'street': {'number': 6095, 'name': 'W Campbell Ave'}, 'city': 'Hervey Bay', 'state': 'Tasmania', 'country': 'Australia', 'postcode': 338, 'coordinates': {'latitude': '-84.4588', 'longitude': '-88.7591'}, 'timezone': {'offset': '+5:00', 'description': 'Ekaterinburg, Islamabad, Karachi, Tashkent'}}, 'email': 'brandon.warren@example.com', 'login': {'uuid': '1eb9e7a9-ed19-4fa0-8a35-cb72ee9f9a5a', 'username': 'brownfrog795', 'password': 'palmer', 'salt': '41eL9OaG', 'md5': '75890117d7117f388f3d49ab177b0eba', 'sha1': 'f0bc0d505324d2d3a66dd3b7f6958cac48c5c4d9', 'sha256': '08e26b7cc74f31ce1f34156b205a4b08754972f234cf325707aad24d97f922fe'}, 'dob': {'date': '1984-02-05T17:57:52.616Z', 'age': 40}, 'registered': {'date': '2012-04-07T17:44:16.427Z', 'age': 11}, 'phone': '09-9595-6360', 'cell': '0434-492-861', 'id': {'name': 'TFN', 'value': '147767234'}, 'picture': {'large': 'https://randomuser.me/api/portraits/men/13.jpg', 'medium': 'https://randomuser.me/api/portraits/med/men/13.jpg', 'thumbnail': 'https://randomuser.me/api/portraits/thumb/men/13.jpg'}, 'nat': 'AU'}</msg>
<arg>${json_data['results'][0]}</arg>
<doc>Logs the given message with the given level.</doc>
<status status="PASS" start="2024-03-30T22:12:59.194502" elapsed="0.000403"/>
</kw>
<kw name="Log" owner="BuiltIn">
<msg time="2024-03-30T22:12:59.195329" level="INFO">name</msg>
<arg>${key}</arg>
<doc>Logs the given message with the given level.</doc>
<status status="PASS" start="2024-03-30T22:12:59.195201" elapsed="0.000165"/>
</kw>
<var name="${key}">name</var>
<status status="PASS" start="2024-03-30T22:12:59.193589" elapsed="0.001991"/>
</iter>
<iter>
<kw name="Dictionary Should Contain Key" owner="Collections">
<msg time="2024-03-30T22:12:59.196238" level="INFO">False</msg>
<arg>${json_data['results'][0]}</arg>
<arg>${key}</arg>
<doc>Fails if ``key`` is not found from ``dictionary``.</doc>
<status status="PASS" start="2024-03-30T22:12:59.195871" elapsed="0.000404"/>
</kw>
<kw name="Log" owner="BuiltIn">
<msg time="2024-03-30T22:12:59.196925" level="INFO">{'gender': 'male', 'name': {'title': 'Mr', 'first': 'Brandon', 'last': 'Warren'}, 'location': {'street': {'number': 6095, 'name': 'W Campbell Ave'}, 'city': 'Hervey Bay', 'state': 'Tasmania', 'country': 'Australia', 'postcode': 338, 'coordinates': {'latitude': '-84.4588', 'longitude': '-88.7591'}, 'timezone': {'offset': '+5:00', 'description': 'Ekaterinburg, Islamabad, Karachi, Tashkent'}}, 'email': 'brandon.warren@example.com', 'login': {'uuid': '1eb9e7a9-ed19-4fa0-8a35-cb72ee9f9a5a', 'username': 'brownfrog795', 'password': 'palmer', 'salt': '41eL9OaG', 'md5': '75890117d7117f388f3d49ab177b0eba', 'sha1': 'f0bc0d505324d2d3a66dd3b7f6958cac48c5c4d9', 'sha256': '08e26b7cc74f31ce1f34156b205a4b08754972f234cf325707aad24d97f922fe'}, 'dob': {'date': '1984-02-05T17:57:52.616Z', 'age': 40}, 'registered': {'date': '2012-04-07T17:44:16.427Z', 'age': 11}, 'phone': '09-9595-6360', 'cell': '0434-492-861', 'id': {'name': 'TFN', 'value': '147767234'}, 'picture': {'large': 'https://randomuser.me/api/portraits/men/13.jpg', 'medium': 'https://randomuser.me/api/portraits/med/men/13.jpg', 'thumbnail': 'https://randomuser.me/api/portraits/thumb/men/13.jpg'}, 'nat': 'AU'}</msg>
<arg>${json_data['results'][0]}</arg>
<doc>Logs the given message with the given level.</doc>
<status status="PASS" start="2024-03-30T22:12:59.196569" elapsed="0.000406"/>
</kw>
<kw name="Log" owner="BuiltIn">
<msg time="2024-03-30T22:12:59.197394" level="INFO">location</msg>
<arg>${key}</arg>
<doc>Logs the given message with the given level.</doc>
<status status="PASS" start="2024-03-30T22:12:59.197268" elapsed="0.000163"/>
</kw>
<var name="${key}">location</var>
<status status="PASS" start="2024-03-30T22:12:59.195759" elapsed="0.001885"/>
</iter>
<iter>
<kw name="Dictionary Should Contain Key" owner="Collections">
<msg time="2024-03-30T22:12:59.198336" level="INFO">False</msg>
<arg>${json_data['results'][0]}</arg>
<arg>${key}</arg>
<doc>Fails if ``key`` is not found from ``dictionary``.</doc>
<status status="PASS" start="2024-03-30T22:12:59.197960" elapsed="0.000413"/>
</kw>
<kw name="Log" owner="BuiltIn">
<msg time="2024-03-30T22:12:59.199022" level="INFO">{'gender': 'male', 'name': {'title': 'Mr', 'first': 'Brandon', 'last': 'Warren'}, 'location': {'street': {'number': 6095, 'name': 'W Campbell Ave'}, 'city': 'Hervey Bay', 'state': 'Tasmania', 'country': 'Australia', 'postcode': 338, 'coordinates': {'latitude': '-84.4588', 'longitude': '-88.7591'}, 'timezone': {'offset': '+5:00', 'description': 'Ekaterinburg, Islamabad, Karachi, Tashkent'}}, 'email': 'brandon.warren@example.com', 'login': {'uuid': '1eb9e7a9-ed19-4fa0-8a35-cb72ee9f9a5a', 'username': 'brownfrog795', 'password': 'palmer', 'salt': '41eL9OaG', 'md5': '75890117d7117f388f3d49ab177b0eba', 'sha1': 'f0bc0d505324d2d3a66dd3b7f6958cac48c5c4d9', 'sha256': '08e26b7cc74f31ce1f34156b205a4b08754972f234cf325707aad24d97f922fe'}, 'dob': {'date': '1984-02-05T17:57:52.616Z', 'age': 40}, 'registered': {'date': '2012-04-07T17:44:16.427Z', 'age': 11}, 'phone': '09-9595-6360', 'cell': '0434-492-861', 'id': {'name': 'TFN', 'value': '147767234'}, 'picture': {'large': 'https://randomuser.me/api/portraits/men/13.jpg', 'medium': 'https://randomuser.me/api/portraits/med/men/13.jpg', 'thumbnail': 'https://randomuser.me/api/portraits/thumb/men/13.jpg'}, 'nat': 'AU'}</msg>
<arg>${json_data['results'][0]}</arg>
<doc>Logs the given message with the given level.</doc>
<status status="PASS" start="2024-03-30T22:12:59.198672" elapsed="0.000407"/>
</kw>
<kw name="Log" owner="BuiltIn">
<msg time="2024-03-30T22:12:59.199492" level="INFO">email</msg>
<arg>${key}</arg>
<doc>Logs the given message with the given level.</doc>
<status status="PASS" start="2024-03-30T22:12:59.199366" elapsed="0.000163"/>
</kw>
<var name="${key}">email</var>
<status status="PASS" start="2024-03-30T22:12:59.197816" elapsed="0.001933"/>
</iter>
<iter>
<kw name="Dictionary Should Contain Key" owner="Collections">
<msg time="2024-03-30T22:12:59.200429" level="INFO">False</msg>
<arg>${json_data['results'][0]}</arg>
<arg>${key}</arg>
<doc>Fails if ``key`` is not found from ``dictionary``.</doc>
<status status="PASS" start="2024-03-30T22:12:59.200040" elapsed="0.000426"/>
</kw>
<kw name="Log" owner="BuiltIn">
<msg time="2024-03-30T22:12:59.201105" level="INFO">{'gender': 'male', 'name': {'title': 'Mr', 'first': 'Brandon', 'last': 'Warren'}, 'location': {'street': {'number': 6095, 'name': 'W Campbell Ave'}, 'city': 'Hervey Bay', 'state': 'Tasmania', 'country': 'Australia', 'postcode': 338, 'coordinates': {'latitude': '-84.4588', 'longitude': '-88.7591'}, 'timezone': {'offset': '+5:00', 'description': 'Ekaterinburg, Islamabad, Karachi, Tashkent'}}, 'email': 'brandon.warren@example.com', 'login': {'uuid': '1eb9e7a9-ed19-4fa0-8a35-cb72ee9f9a5a', 'username': 'brownfrog795', 'password': 'palmer', 'salt': '41eL9OaG', 'md5': '75890117d7117f388f3d49ab177b0eba', 'sha1': 'f0bc0d505324d2d3a66dd3b7f6958cac48c5c4d9', 'sha256': '08e26b7cc74f31ce1f34156b205a4b08754972f234cf325707aad24d97f922fe'}, 'dob': {'date': '1984-02-05T17:57:52.616Z', 'age': 40}, 'registered': {'date': '2012-04-07T17:44:16.427Z', 'age': 11}, 'phone': '09-9595-6360', 'cell': '0434-492-861', 'id': {'name': 'TFN', 'value': '147767234'}, 'picture': {'large': 'https://randomuser.me/api/portraits/men/13.jpg', 'medium': 'https://randomuser.me/api/portraits/med/men/13.jpg', 'thumbnail': 'https://randomuser.me/api/portraits/thumb/men/13.jpg'}, 'nat': 'AU'}</msg>
<arg>${json_data['results'][0]}</arg>
<doc>Logs the given message with the given level.</doc>
<status status="PASS" start="2024-03-30T22:12:59.200756" elapsed="0.000396"/>
</kw>
<kw name="Log" owner="BuiltIn">
<msg time="2024-03-30T22:12:59.201567" level="INFO">login</msg>
<arg>${key}</arg>
<doc>Logs the given message with the given level.</doc>
<status status="PASS" start="2024-03-30T22:12:59.201440" elapsed="0.000268"/>
</kw>
<var name="${key}">login</var>
<status status="PASS" start="2024-03-30T22:12:59.199924" elapsed="0.002055"/>
</iter>
<var>${key}</var>
<value>@{expected_keys}</value>
<status status="PASS" start="2024-03-30T22:12:59.191266" elapsed="0.010843"/>
</for>
<kw name="Create List" owner="BuiltIn">
<msg time="2024-03-30T22:12:59.202443" level="INFO">${expected_keysTwo} = ['username', 'password']</msg>
<var>${expected_keysTwo}</var>
<arg>username</arg>
<arg>password</arg>
<doc>Returns a list containing given items.</doc>
<status status="PASS" start="2024-03-30T22:12:59.202304" elapsed="0.000162"/>
</kw>
<for flavor="IN">
<iter>
<kw name="Dictionary Should Contain Key" owner="Collections">
<msg time="2024-03-30T22:12:59.203348" level="INFO">False</msg>
<arg>${json_data['results'][0]['login']}</arg>
<arg>${keyTwo}</arg>
<doc>Fails if ``key`` is not found from ``dictionary``.</doc>
<status status="PASS" start="2024-03-30T22:12:59.202971" elapsed="0.000413"/>
</kw>
<kw name="Dictionary Should Contain Key" owner="Collections">
<msg time="2024-03-30T22:12:59.204065" level="INFO">False</msg>
<arg>${json_data['results'][0]['login']}</arg>
<arg>${keyTwo}</arg>
<doc>Fails if ``key`` is not found from ``dictionary``.</doc>
<status status="PASS" start="2024-03-30T22:12:59.203690" elapsed="0.000412"/>
</kw>
<kw name="Log" owner="BuiltIn">
<msg time="2024-03-30T22:12:59.204520" level="INFO">username</msg>
<arg>${keyTwo}</arg>
<doc>Logs the given message with the given level.</doc>
<status status="PASS" start="2024-03-30T22:12:59.204393" elapsed="0.000164"/>
</kw>
<var name="${keyTwo}">username</var>
<status status="PASS" start="2024-03-30T22:12:59.202861" elapsed="0.001908"/>
</iter>
<iter>
<kw name="Dictionary Should Contain Key" owner="Collections">
<msg time="2024-03-30T22:12:59.205430" level="INFO">False</msg>
<arg>${json_data['results'][0]['login']}</arg>
<arg>${keyTwo}</arg>
<doc>Fails if ``key`` is not found from ``dictionary``.</doc>
<status status="PASS" start="2024-03-30T22:12:59.205054" elapsed="0.000413"/>
</kw>
<kw name="Dictionary Should Contain Key" owner="Collections">
<msg time="2024-03-30T22:12:59.206179" level="INFO">False</msg>
<arg>${json_data['results'][0]['login']}</arg>
<arg>${keyTwo}</arg>
<doc>Fails if ``key`` is not found from ``dictionary``.</doc>
<status status="PASS" start="2024-03-30T22:12:59.205760" elapsed="0.000455"/>
</kw>
<kw name="Log" owner="BuiltIn">
<msg time="2024-03-30T22:12:59.206640" level="INFO">password</msg>
<arg>${keyTwo}</arg>
<doc>Logs the given message with the given level.</doc>
<status status="PASS" start="2024-03-30T22:12:59.206510" elapsed="0.000167"/>
</kw>
<var name="${keyTwo}">password</var>
<status status="PASS" start="2024-03-30T22:12:59.204944" elapsed="0.001948"/>
</iter>
<var>${keyTwo}</var>
<value>@{expected_keysTwo}</value>
<status status="PASS" start="2024-03-30T22:12:59.202701" elapsed="0.004314"/>
</for>
<status status="PASS" start="2024-03-30T22:12:59.095587" elapsed="0.111568"/>
</kw>
<doc>Testa a estrutura da resposta da API.</doc>
<tag>testeEstruturaResposta</tag>
<status status="PASS" start="2024-03-30T22:12:59.094956" elapsed="0.112351"/>
</test>
<test id="s1-s1-t4" name="Validar tipos de dados" line="28">
<kw name="Teste de Tipos de Dados" owner="random-user-service">
<kw name="GET On Session" owner="RequestsLibrary">
<msg time="2024-03-30T22:12:59.300923" level="INFO">GET Request : url=https://randomuser.me/api 
 path_url=/api 
 headers={'User-Agent': 'python-requests/2.31.0', 'Accept-Encoding': 'gzip, deflate', 'Accept': '*/*', 'Connection': 'keep-alive'} 
 body=None 
 </msg>
<msg time="2024-03-30T22:12:59.301002" level="INFO">GET Response : url=https://randomuser.me/api 
 status=200, reason=OK 
 headers={'Date': 'Sat, 30 Mar 2024 22:12:59 GMT', 'Content-Type': 'application/json; charset=utf-8', 'Transfer-Encoding': 'chunked', 'Connection': 'keep-alive', 'X-Powered-By': 'Express', 'Access-Control-Allow-Origin': '*', 'Cache-Control': 'no-cache', 'ETag': 'W/"464-FLzX2zgy/c5Lg1nncw69ATZ2jT4"', 'Vary': 'Accept-Encoding', 'Content-Encoding': 'gzip', 'CF-Cache-Status': 'DYNAMIC', 'Report-To': '{"endpoints":[{"url":"https:\\/\\/a.nel.cloudflare.com\\/report\\/v4?s=LJqwmYhV%2B5q%2FXchMMVQrIGHJpWlwfLGvQyFLtEh3N4JTGvyqQBQAyhXm6jhiMkueigRjS1QC6QwFaRieF3%2F9V7CvepglOo99eu56uxWFWRjCXH8SFS5cisBHSAhOt3rW"}],"group":"cf-nel","max_age":604800}', 'NEL': '{"success_fraction":0,"report_to":"cf-nel","max_age":604800}', 'Server': 'cloudflare', 'CF-RAY': '86cb71be192172f2-IAD', 'alt-svc': 'h3=":443"; ma=86400'} 
 body={"results":[{"gender":"female","name":{"title":"Ms","first":"Eli","last":"Kaya"},"location":{"street":{"number":2406,"name":"Doktor Smiths vei"},"city":"Drammen","state":"Oppland","country":"Norway","postcode":"2485","coordinates":{"latitude":"38.8712","longitude":"178.3297"},"timezone":{"offset":"+3:30","description":"Tehran"}},"email":"eli.kaya@example.com","login":{"uuid":"36e93218-6e72-4874-aca2-4be36d93c316","username":"blackfish721","password":"nnnnn","salt":"5EkIBpzX","md5":"d3636a0d6f835bb1e1bb1b35bab6b9be","sha1":"da058be0775193eeb8b78e148ae39f57eead0079","sha256":"e3ad39fc31056a786813de5e58f97b4ab3768aabcec3d387bbf8d125b664a46a"},"dob":{"date":"1996-09-21T07:34:17.363Z","age":27},"registered":{"date":"2006-10-21T15:18:51.545Z","age":17},"phone":"76282144","cell":"40167021","id":{"name":"FN","value":"21099643088"},"picture":{"large":"https://randomuser.me/api/portraits/women/40.jpg","medium":"https://randomuser.me/api/portraits/med/women/40.jpg","thumbnail":"https://randomuser.me/api/portraits/thumb/women/40.jpg"},"nat":"NO"}],"info":{"seed":"633705c2f2470158","results":1,"page":1,"version":"1.4"}} 
 </msg>
<msg time="2024-03-30T22:12:59.301068" level="INFO">/opt/hostedtoolcache/Python/3.12.2/x64/lib/python3.12/site-packages/urllib3/connectionpool.py:1103: InsecureRequestWarning: Unverified HTTPS request is being made to host 'randomuser.me'. Adding certificate verification is strongly advised. See: https://urllib3.readthedocs.io/en/latest/advanced-usage.html#tls-warnings
  warnings.warn(</msg>
<msg time="2024-03-30T22:12:59.301197" level="INFO">${response} = &lt;Response [200]&gt;</msg>
<var>${response}</var>
<arg>consultarAPI</arg>
<arg>/api</arg>
<doc>Sends a GET request on a previously created HTTP Session.</doc>
<status status="PASS" start="2024-03-30T22:12:59.209773" elapsed="0.091474"/>
</kw>
<kw name="Set Variable" owner="BuiltIn">
<msg time="2024-03-30T22:12:59.302243" level="INFO">${json_data} = {'results': [{'gender': 'female', 'name': {'title': 'Ms', 'first': 'Eli', 'last': 'Kaya'}, 'location': {'street': {'number': 2406, 'name': 'Doktor Smiths vei'}, 'city': 'Drammen', 'state': 'Oppland', ...</msg>
<var>${json_data}</var>
<arg>${response.json()}</arg>
<doc>Returns the given values which can then be assigned to a variables.</doc>
<status status="PASS" start="2024-03-30T22:12:59.301762" elapsed="0.000509"/>
</kw>
<kw name="Log" owner="BuiltIn">
<msg time="2024-03-30T22:12:59.302734" level="INFO">{'results': [{'gender': 'female', 'name': {'title': 'Ms', 'first': 'Eli', 'last': 'Kaya'}, 'location': {'street': {'number': 2406, 'name': 'Doktor Smiths vei'}, 'city': 'Drammen', 'state': 'Oppland', 'country': 'Norway', 'postcode': '2485', 'coordinates': {'latitude': '38.8712', 'longitude': '178.3297'}, 'timezone': {'offset': '+3:30', 'description': 'Tehran'}}, 'email': 'eli.kaya@example.com', 'login': {'uuid': '36e93218-6e72-4874-aca2-4be36d93c316', 'username': 'blackfish721', 'password': 'nnnnn', 'salt': '5EkIBpzX', 'md5': 'd3636a0d6f835bb1e1bb1b35bab6b9be', 'sha1': 'da058be0775193eeb8b78e148ae39f57eead0079', 'sha256': 'e3ad39fc31056a786813de5e58f97b4ab3768aabcec3d387bbf8d125b664a46a'}, 'dob': {'date': '1996-09-21T07:34:17.363Z', 'age': 27}, 'registered': {'date': '2006-10-21T15:18:51.545Z', 'age': 17}, 'phone': '76282144', 'cell': '40167021', 'id': {'name': 'FN', 'value': '21099643088'}, 'picture': {'large': 'https://randomuser.me/api/portraits/women/40.jpg', 'medium': 'https://randomuser.me/api/portraits/med/women/40.jpg', 'thumbnail': 'https://randomuser.me/api/portraits/thumb/women/40.jpg'}, 'nat': 'NO'}], 'info': {'seed': '633705c2f2470158', 'results': 1, 'page': 1, 'version': '1.4'}}</msg>
<arg>${json_data}</arg>
<doc>Logs the given message with the given level.</doc>
<status status="PASS" start="2024-03-30T22:12:59.302581" elapsed="0.000233"/>
</kw>
<kw name="Should Be String" owner="String">
<arg>${json_data['results'][0]['gender']}</arg>
<doc>Fails if the given ``item`` is not a string.</doc>
<status status="PASS" start="2024-03-30T22:12:59.303116" elapsed="0.000360"/>
</kw>
<kw name="Should Match Regexp" owner="BuiltIn">
<arg>${json_data['results'][0]['email']}</arg>
<arg>^[a-zA-Z0-9._%+-]+@[a-zA-Z0-9.-]+\.[a-zA-Z]{2,}$</arg>
<doc>Fails if ``string`` does not match ``pattern`` as a regular expression.</doc>
<status status="PASS" start="2024-03-30T22:12:59.303671" elapsed="0.000508"/>
</kw>
<kw name="Should Match Regexp" owner="BuiltIn">
<arg>${json_data['results'][0]['dob']['date']}</arg>
<arg>\\d{4}-\\d{2}-\\d{2}T\\d{2}:\\d{2}:\\d{2}\\.\\d{3}Z</arg>
<doc>Fails if ``string`` does not match ``pattern`` as a regular expression.</doc>
<status status="PASS" start="2024-03-30T22:12:59.304378" elapsed="0.000492"/>
</kw>
<kw name="Should Match Regexp" owner="BuiltIn">
<arg>${json_data['results'][0]['registered']['date']}</arg>
<arg>\\d{4}-\\d{2}-\\d{2}T\\d{2}:\\d{2}:\\d{2}\\.\\d{3}Z</arg>
<doc>Fails if ``string`` does not match ``pattern`` as a regular expression.</doc>
<status status="PASS" start="2024-03-30T22:12:59.305064" elapsed="0.000369"/>
</kw>
<kw name="Should Match Regexp" owner="BuiltIn">
<arg>${json_data['results'][0]['picture']['large']}</arg>
<arg>^https?://.*\.(?:png|jpe?g|gif|bmp)$</arg>
<doc>Fails if ``string`` does not match ``pattern`` as a regular expression.</doc>
<status status="PASS" start="2024-03-30T22:12:59.305618" elapsed="0.000502"/>
</kw>
<kw name="Should Match Regexp" owner="BuiltIn">
<arg>${json_data['results'][0]['picture']['medium']}</arg>
<arg>^https?://.*\.(?:png|jpe?g|gif|bmp)$</arg>
<doc>Fails if ``string`` does not match ``pattern`` as a regular expression.</doc>
<status status="PASS" start="2024-03-30T22:12:59.306312" elapsed="0.000360"/>
</kw>
<kw name="Should Match Regexp" owner="BuiltIn">
<arg>${json_data['results'][0]['picture']['thumbnail']}</arg>
<arg>^https?://.*\.(?:png|jpe?g|gif|bmp)$</arg>
<doc>Fails if ``string`` does not match ``pattern`` as a regular expression.</doc>
<status status="PASS" start="2024-03-30T22:12:59.306857" elapsed="0.000352"/>
</kw>
<kw name="Log" owner="BuiltIn">
<msg time="2024-03-30T22:12:59.307738" level="INFO">{'large': 'https://randomuser.me/api/portraits/women/40.jpg', 'medium': 'https://randomuser.me/api/portraits/med/women/40.jpg', 'thumbnail': 'https://randomuser.me/api/portraits/thumb/women/40.jpg'}</msg>
<arg>${json_data['results'][0]['picture']}</arg>
<doc>Logs the given message with the given level.</doc>
<status status="PASS" start="2024-03-30T22:12:59.307389" elapsed="0.000396"/>
</kw>
<status status="PASS" start="2024-03-30T22:12:59.209552" elapsed="0.098494"/>
</kw>
<kw name="Teste de Tipos de Dados - Postcode" owner="random-user-service">
<kw name="GET On Session" owner="RequestsLibrary">
<msg time="2024-03-30T22:12:59.389308" level="INFO">GET Request : url=https://randomuser.me/api 
 path_url=/api 
 headers={'User-Agent': 'python-requests/2.31.0', 'Accept-Encoding': 'gzip, deflate', 'Accept': '*/*', 'Connection': 'keep-alive'} 
 body=None 
 </msg>
<msg time="2024-03-30T22:12:59.389372" level="INFO">GET Response : url=https://randomuser.me/api 
 status=200, reason=OK 
 headers={'Date': 'Sat, 30 Mar 2024 22:12:59 GMT', 'Content-Type': 'application/json; charset=utf-8', 'Transfer-Encoding': 'chunked', 'Connection': 'keep-alive', 'X-Powered-By': 'Express', 'Access-Control-Allow-Origin': '*', 'Cache-Control': 'no-cache', 'ETag': 'W/"495-+2Gvp7Cye34lGhICqmmxuGkGT9g"', 'Vary': 'Accept-Encoding', 'Content-Encoding': 'gzip', 'CF-Cache-Status': 'DYNAMIC', 'Report-To': '{"endpoints":[{"url":"https:\\/\\/a.nel.cloudflare.com\\/report\\/v4?s=aqVekG18vUOmzMKHmuee7Sp6X621v2SihN%2FgFy90ff%2BhuXfduw%2Fw1mvcE2k3fceCqkdREwaP5igcGa32uFnV%2BENK0%2F0daHGR2FQKZdte7zbujSDKGmed8q9DnDD0niy4"}],"group":"cf-nel","max_age":604800}', 'NEL': '{"success_fraction":0,"report_to":"cf-nel","max_age":604800}', 'Server': 'cloudflare', 'CF-RAY': '86cb71beba8172f2-IAD', 'alt-svc': 'h3=":443"; ma=86400'} 
 body={"results":[{"gender":"female","name":{"title":"Ms","first":"Danielle","last":"Stanley"},"location":{"street":{"number":2387,"name":"Grange Road"},"city":"Midleton","state":"Laois","country":"Ireland","postcode":93346,"coordinates":{"latitude":"1.2451","longitude":"89.8580"},"timezone":{"offset":"-6:00","description":"Central Time (US &amp; Canada), Mexico City"}},"email":"danielle.stanley@example.com","login":{"uuid":"4db333a7-e2f2-4215-96f8-6e4ab8a05d19","username":"lazygorilla906","password":"winner1","salt":"l0hlgwLx","md5":"abe8ee2a8243d4c8c1789e2e3bb41949","sha1":"f9c7c703b3ab9ddad2cdaa7230c4d018c9ab2c3c","sha256":"4b33221e51cb88490658e18f4f7a72c6bc06465426e9f538f6a155939cc889bf"},"dob":{"date":"1960-07-28T15:48:06.961Z","age":63},"registered":{"date":"2015-04-19T18:04:40.354Z","age":8},"phone":"041-603-8050","cell":"081-309-7586","id":{"name":"PPS","value":"9496126T"},"picture":{"large":"https://randomuser.me/api/portraits/women/69.jpg","medium":"https://randomuser.me/api/portraits/med/women/69.jpg","thumbnail":"https://randomuser.me/api/portraits/thumb/women/69.jpg"},"nat":"IE"}],"info":{"seed":"0a7d9d96eaff28a1","results":1,"page":1,"version":"1.4"}} 
 </msg>
<msg time="2024-03-30T22:12:59.389455" level="INFO">/opt/hostedtoolcache/Python/3.12.2/x64/lib/python3.12/site-packages/urllib3/connectionpool.py:1103: InsecureRequestWarning: Unverified HTTPS request is being made to host 'randomuser.me'. Adding certificate verification is strongly advised. See: https://urllib3.readthedocs.io/en/latest/advanced-usage.html#tls-warnings
  warnings.warn(</msg>
<msg time="2024-03-30T22:12:59.389564" level="INFO">${response} = &lt;Response [200]&gt;</msg>
<var>${response}</var>
<arg>consultarAPI</arg>
<arg>/api</arg>
<doc>Sends a GET request on a previously created HTTP Session.</doc>
<status status="PASS" start="2024-03-30T22:12:59.308653" elapsed="0.080951"/>
</kw>
<kw name="Set Variable" owner="BuiltIn">
<msg time="2024-03-30T22:12:59.390491" level="INFO">${json_data} = {'results': [{'gender': 'female', 'name': {'title': 'Ms', 'first': 'Danielle', 'last': 'Stanley'}, 'location': {'street': {'number': 2387, 'name': 'Grange Road'}, 'city': 'Midleton', 'state': 'Laois',...</msg>
<var>${json_data}</var>
<arg>${response.json()}</arg>
<doc>Returns the given values which can then be assigned to a variables.</doc>
<status status="PASS" start="2024-03-30T22:12:59.390044" elapsed="0.000475"/>
</kw>
<kw name="Log" owner="BuiltIn">
<msg time="2024-03-30T22:12:59.390995" level="INFO">{'results': [{'gender': 'female', 'name': {'title': 'Ms', 'first': 'Danielle', 'last': 'Stanley'}, 'location': {'street': {'number': 2387, 'name': 'Grange Road'}, 'city': 'Midleton', 'state': 'Laois', 'country': 'Ireland', 'postcode': 93346, 'coordinates': {'latitude': '1.2451', 'longitude': '89.8580'}, 'timezone': {'offset': '-6:00', 'description': 'Central Time (US &amp; Canada), Mexico City'}}, 'email': 'danielle.stanley@example.com', 'login': {'uuid': '4db333a7-e2f2-4215-96f8-6e4ab8a05d19', 'username': 'lazygorilla906', 'password': 'winner1', 'salt': 'l0hlgwLx', 'md5': 'abe8ee2a8243d4c8c1789e2e3bb41949', 'sha1': 'f9c7c703b3ab9ddad2cdaa7230c4d018c9ab2c3c', 'sha256': '4b33221e51cb88490658e18f4f7a72c6bc06465426e9f538f6a155939cc889bf'}, 'dob': {'date': '1960-07-28T15:48:06.961Z', 'age': 63}, 'registered': {'date': '2015-04-19T18:04:40.354Z', 'age': 8}, 'phone': '041-603-8050', 'cell': '081-309-7586', 'id': {'name': 'PPS', 'value': '9496126T'}, 'picture': {'large': 'https://randomuser.me/api/portraits/women/69.jpg', 'medium': 'https://randomuser.me/api/portraits/med/women/69.jpg', 'thumbnail': 'https://randomuser.me/api/portraits/thumb/women/69.jpg'}, 'nat': 'IE'}], 'info': {'seed': '0a7d9d96eaff28a1', 'results': 1, 'page': 1, 'version': '1.4'}}</msg>
<arg>${json_data}</arg>
<doc>Logs the given message with the given level.</doc>
<status status="PASS" start="2024-03-30T22:12:59.390840" elapsed="0.000259"/>
</kw>
<kw name="Should Be Equal As Numbers" owner="BuiltIn">
<arg>${json_data['results'][0]['location']['postcode']}</arg>
<arg>${json_data['results'][0]['location']['postcode']}</arg>
<doc>Fails if objects are unequal after converting them to real numbers.</doc>
<status status="PASS" start="2024-03-30T22:12:59.391447" elapsed="0.000652"/>
</kw>
<kw name="Log" owner="BuiltIn">
<msg time="2024-03-30T22:12:59.392639" level="INFO">93346</msg>
<arg>${json_data['results'][0]['location']['postcode']}</arg>
<doc>Logs the given message with the given level.</doc>
<status status="PASS" start="2024-03-30T22:12:59.392294" elapsed="0.000394"/>
</kw>
<status status="PASS" start="2024-03-30T22:12:59.308261" elapsed="0.084684"/>
</kw>
<doc>Testa se os tipos de dados na resposta da API estão corretos.</doc>
<tag>testeTiposDados</tag>
<status status="PASS" start="2024-03-30T22:12:59.209039" elapsed="0.184084"/>
</test>
<test id="s1-s1-t5" name="Validar conteudo" line="35">
<kw name="Teste de Tipos de Conteudo" owner="random-user-service">
<kw name="GET On Session" owner="RequestsLibrary">
<msg time="2024-03-30T22:12:59.495445" level="INFO">GET Request : url=https://randomuser.me/api 
 path_url=/api 
 headers={'User-Agent': 'python-requests/2.31.0', 'Accept-Encoding': 'gzip, deflate', 'Accept': '*/*', 'Connection': 'keep-alive'} 
 body=None 
 </msg>
<msg time="2024-03-30T22:12:59.495522" level="INFO">GET Response : url=https://randomuser.me/api 
 status=200, reason=OK 
 headers={'Date': 'Sat, 30 Mar 2024 22:12:59 GMT', 'Content-Type': 'application/json; charset=utf-8', 'Transfer-Encoding': 'chunked', 'Connection': 'keep-alive', 'X-Powered-By': 'Express', 'Access-Control-Allow-Origin': '*', 'Cache-Control': 'no-cache', 'ETag': 'W/"47a-rKnoAx1w2rZI/pr1qG07aXyCwxY"', 'Vary': 'Accept-Encoding', 'Content-Encoding': 'gzip', 'CF-Cache-Status': 'DYNAMIC', 'Report-To': '{"endpoints":[{"url":"https:\\/\\/a.nel.cloudflare.com\\/report\\/v4?s=5aJe6OhaCQBoBrVx1%2FztNi5wnJn0MDHzxGPxFF4JIO%2BbIxT7EZK4CqSZoES2lJXdqndHL7gaELYncblY30vDDEtyxhpYjjEmUTu3nkSQY0FIP2yOf4aQ4fTCbTrnrG68"}],"group":"cf-nel","max_age":604800}', 'NEL': '{"success_fraction":0,"report_to":"cf-nel","max_age":604800}', 'Server': 'cloudflare', 'CF-RAY': '86cb71bf3b8e72f2-IAD', 'alt-svc': 'h3=":443"; ma=86400'} 
 body={"results":[{"gender":"female","name":{"title":"Mrs","first":"Bessie","last":"Hughes"},"location":{"street":{"number":5445,"name":"Saddle Dr"},"city":"Albany","state":"Alabama","country":"United States","postcode":74036,"coordinates":{"latitude":"86.5019","longitude":"37.7425"},"timezone":{"offset":"-9:00","description":"Alaska"}},"email":"bessie.hughes@example.com","login":{"uuid":"16718b00-b5db-486a-a493-3380c4ad957f","username":"blueduck282","password":"maradona","salt":"t1SFxOiq","md5":"2f0b9b10a9d6ceb94fc3f67a18881ddc","sha1":"b3bf379915fad0ccf7d0ea976564d308e9fabfd0","sha256":"69cc0702b6b1692129376cdb0a76dabc577e88f6d49d61f5d8cad6db94c4fa8d"},"dob":{"date":"1973-02-26T22:13:32.287Z","age":51},"registered":{"date":"2002-11-11T09:24:36.000Z","age":21},"phone":"(468) 634-9894","cell":"(390) 796-9430","id":{"name":"SSN","value":"785-68-6789"},"picture":{"large":"https://randomuser.me/api/portraits/women/78.jpg","medium":"https://randomuser.me/api/portraits/med/women/78.jpg","thumbnail":"https://randomuser.me/api/portraits/thumb/women/78.jpg"},"nat":"US"}],"info":{"seed":"905c715193eb0e82","results":1,"page":1,"version":"1.4"}} 
 </msg>
<msg time="2024-03-30T22:12:59.495587" level="INFO">/opt/hostedtoolcache/Python/3.12.2/x64/lib/python3.12/site-packages/urllib3/connectionpool.py:1103: InsecureRequestWarning: Unverified HTTPS request is being made to host 'randomuser.me'. Adding certificate verification is strongly advised. See: https://urllib3.readthedocs.io/en/latest/advanced-usage.html#tls-warnings
  warnings.warn(</msg>
<msg time="2024-03-30T22:12:59.495714" level="INFO">${response} = &lt;Response [200]&gt;</msg>
<var>${response}</var>
<arg>consultarAPI</arg>
<arg>/api</arg>
<doc>Sends a GET request on a previously created HTTP Session.</doc>
<status status="PASS" start="2024-03-30T22:12:59.395744" elapsed="0.100019"/>
</kw>
<kw name="Set Variable" owner="BuiltIn">
<msg time="2024-03-30T22:12:59.496595" level="INFO">${json_data} = {'results': [{'gender': 'female', 'name': {'title': 'Mrs', 'first': 'Bessie', 'last': 'Hughes'}, 'location': {'street': {'number': 5445, 'name': 'Saddle Dr'}, 'city': 'Albany', 'state': 'Alabama', 'co...</msg>
<var>${json_data}</var>
<arg>${response.json()}</arg>
<doc>Returns the given values which can then be assigned to a variables.</doc>
<status status="PASS" start="2024-03-30T22:12:59.496159" elapsed="0.000464"/>
</kw>
<kw name="Set Variable" owner="BuiltIn">
<msg time="2024-03-30T22:12:59.497305" level="INFO">${name_title} = Mrs</msg>
<var>${name_title}</var>
<arg>${json_data["results"][0]["name"]["title"]}</arg>
<doc>Returns the given values which can then be assigned to a variables.</doc>
<status status="PASS" start="2024-03-30T22:12:59.496929" elapsed="0.000401"/>
</kw>
<kw name="Create List" owner="BuiltIn">
<msg time="2024-03-30T22:12:59.497785" level="INFO">${allowed_titles} = ['Mr', 'Ms', 'Miss', 'Mrs', 'Madame', 'Monsieur']</msg>
<var>${allowed_titles}</var>
<arg>Mr</arg>
<arg>Ms</arg>
<arg>Miss</arg>
<arg>Mrs</arg>
<arg>Madame</arg>
<arg>Monsieur</arg>
<doc>Returns a list containing given items.</doc>
<status status="PASS" start="2024-03-30T22:12:59.497636" elapsed="0.000173"/>
</kw>
<kw name="List Should Contain Value" owner="Collections">
<msg time="2024-03-30T22:12:59.498340" level="INFO">False</msg>
<arg>${allowed_titles}</arg>
<arg>${name_title}</arg>
<doc>Fails if the ``value`` is not found from ``list``.</doc>
<status status="PASS" start="2024-03-30T22:12:59.498162" elapsed="0.000216"/>
</kw>
<kw name="Set Variable" owner="BuiltIn">
<msg time="2024-03-30T22:12:59.499050" level="INFO">${name_country} = US</msg>
<var>${name_country}</var>
<arg>${json_data["results"][0]["nat"]}</arg>
<doc>Returns the given values which can then be assigned to a variables.</doc>
<status status="PASS" start="2024-03-30T22:12:59.498672" elapsed="0.000403"/>
</kw>
<kw name="Create List" owner="BuiltIn">
<msg time="2024-03-30T22:12:59.499981" level="INFO">${list_country} = ['AD', 'AE', 'AF', 'AG', 'AI', 'AL', 'AM', 'AO', 'AQ', 'AR', 'AS', 'AT', 'AU', 'AW', 'AX', 'AZ', 'BA', 'BB', 'BD', 'BE', 'BF', 'BG', 'BH', 'BI', 'BJ', 'BL', 'BM', 'BN', 'BO', 'BQ', 'BR', 'BS', 'BT', '...</msg>
<var>${list_country}</var>
<arg>AD</arg>
<arg>AE</arg>
<arg>AF</arg>
<arg>AG</arg>
<arg>AI</arg>
<arg>AL</arg>
<arg>AM</arg>
<arg>AO</arg>
<arg>AQ</arg>
<arg>AR</arg>
<arg>AS</arg>
<arg>AT</arg>
<arg>AU</arg>
<arg>AW</arg>
<arg>AX</arg>
<arg>AZ</arg>
<arg>BA</arg>
<arg>BB</arg>
<arg>BD</arg>
<arg>BE</arg>
<arg>BF</arg>
<arg>BG</arg>
<arg>BH</arg>
<arg>BI</arg>
<arg>BJ</arg>
<arg>BL</arg>
<arg>BM</arg>
<arg>BN</arg>
<arg>BO</arg>
<arg>BQ</arg>
<arg>BR</arg>
<arg>BS</arg>
<arg>BT</arg>
<arg>BV</arg>
<arg>BW</arg>
<arg>BY</arg>
<arg>BZ</arg>
<arg>CA</arg>
<arg>CC</arg>
<arg>CD</arg>
<arg>CF</arg>
<arg>CG</arg>
<arg>CH</arg>
<arg>CI</arg>
<arg>CK</arg>
<arg>CL</arg>
<arg>CM</arg>
<arg>CN</arg>
<arg>CO</arg>
<arg>CR</arg>
<arg>CU</arg>
<arg>CV</arg>
<arg>CW</arg>
<arg>CX</arg>
<arg>CY</arg>
<arg>CZ</arg>
<arg>DE</arg>
<arg>DJ</arg>
<arg>DK</arg>
<arg>DM</arg>
<arg>DO</arg>
<arg>DZ</arg>
<arg>EC</arg>
<arg>EE</arg>
<arg>EG</arg>
<arg>EH</arg>
<arg>ER</arg>
<arg>ES</arg>
<arg>ET</arg>
<arg>FI</arg>
<arg>FJ</arg>
<arg>FK</arg>
<arg>FM</arg>
<arg>FO</arg>
<arg>FR</arg>
<arg>GA</arg>
<arg>GB</arg>
<arg>GD</arg>
<arg>GE</arg>
<arg>GF</arg>
<arg>GG</arg>
<arg>GH</arg>
<arg>GI</arg>
<arg>GL</arg>
<arg>GM</arg>
<arg>GN</arg>
<arg>GP</arg>
<arg>GQ</arg>
<arg>GR</arg>
<arg>GS</arg>
<arg>GT</arg>
<arg>GU</arg>
<arg>GW</arg>
<arg>GY</arg>
<arg>HK</arg>
<arg>HM</arg>
<arg>HN</arg>
<arg>HR</arg>
<arg>HT</arg>
<arg>HU</arg>
<arg>ID</arg>
<arg>IE</arg>
<arg>IL</arg>
<arg>IM</arg>
<arg>IN</arg>
<arg>IO</arg>
<arg>IQ</arg>
<arg>IR</arg>
<arg>IS</arg>
<arg>IT</arg>
<arg>JE</arg>
<arg>JM</arg>
<arg>JO</arg>
<arg>JP</arg>
<arg>KE</arg>
<arg>KG</arg>
<arg>KH</arg>
<arg>KI</arg>
<arg>KM</arg>
<arg>KN</arg>
<arg>KP</arg>
<arg>KR</arg>
<arg>KW</arg>
<arg>KY</arg>
<arg>KZ</arg>
<arg>LA</arg>
<arg>LB</arg>
<arg>LC</arg>
<arg>LI</arg>
<arg>LK</arg>
<arg>LR</arg>
<arg>LS</arg>
<arg>LT</arg>
<arg>LU</arg>
<arg>LV</arg>
<arg>LY</arg>
<arg>MA</arg>
<arg>MC</arg>
<arg>MD</arg>
<arg>ME</arg>
<arg>MF</arg>
<arg>MG</arg>
<arg>MH</arg>
<arg>MK</arg>
<arg>ML</arg>
<arg>MM</arg>
<arg>MN</arg>
<arg>MO</arg>
<arg>MP</arg>
<arg>MQ</arg>
<arg>MR</arg>
<arg>MS</arg>
<arg>MT</arg>
<arg>MU</arg>
<arg>MV</arg>
<arg>MW</arg>
<arg>MX</arg>
<arg>MY</arg>
<arg>MZ</arg>
<arg>NA</arg>
<arg>NC</arg>
<arg>NE</arg>
<arg>NF</arg>
<arg>NG</arg>
<arg>NI</arg>
<arg>NL</arg>
<arg>NO</arg>
<arg>NP</arg>
<arg>NR</arg>
<arg>NU</arg>
<arg>NZ</arg>
<arg>OM</arg>
<arg>PA</arg>
<arg>PE</arg>
<arg>PF</arg>
<arg>PG</arg>
<arg>PH</arg>
<arg>PK</arg>
<arg>PL</arg>
<arg>PM</arg>
<arg>PN</arg>
<arg>PR</arg>
<arg>PS</arg>
<arg>PT</arg>
<arg>PW</arg>
<arg>PY</arg>
<arg>QA</arg>
<arg>RE</arg>
<arg>RO</arg>
<arg>RS</arg>
<arg>RU</arg>
<arg>RW</arg>
<arg>SA</arg>
<arg>SB</arg>
<arg>SC</arg>
<arg>SD</arg>
<arg>SE</arg>
<arg>SG</arg>
<arg>SH</arg>
<arg>SI</arg>
<arg>SJ</arg>
<arg>SK</arg>
<arg>SL</arg>
<arg>SM</arg>
<arg>SN</arg>
<arg>SO</arg>
<arg>SR</arg>
<arg>SS</arg>
<arg>ST</arg>
<arg>SV</arg>
<arg>SX</arg>
<arg>SY</arg>
<arg>SZ</arg>
<arg>TC</arg>
<arg>TD</arg>
<arg>TF</arg>
<arg>TG</arg>
<arg>TH</arg>
<arg>TJ</arg>
<arg>TK</arg>
<arg>TL</arg>
<arg>TM</arg>
<arg>TN</arg>
<arg>TO</arg>
<arg>TR</arg>
<arg>TT</arg>
<arg>TV</arg>
<arg>TW</arg>
<arg>TZ</arg>
<arg>UA</arg>
<arg>UG</arg>
<arg>UM</arg>
<arg>US</arg>
<arg>UY</arg>
<arg>UZ</arg>
<arg>VA</arg>
<arg>VC</arg>
<arg>VE</arg>
<arg>VG</arg>
<arg>VI</arg>
<arg>VN</arg>
<arg>VU</arg>
<arg>WF</arg>
<arg>WS</arg>
<arg>XK</arg>
<arg>YE</arg>
<arg>YT</arg>
<arg>ZA</arg>
<arg>ZM</arg>
<arg>ZW</arg>
<doc>Returns a list containing given items.</doc>
<status status="PASS" start="2024-03-30T22:12:59.499384" elapsed="0.000622"/>
</kw>
<kw name="List Should Contain Value" owner="Collections">
<msg time="2024-03-30T22:12:59.501103" level="INFO">False</msg>
<arg>${list_country}</arg>
<arg>${name_country}</arg>
<doc>Fails if the ``value`` is not found from ``list``.</doc>
<status status="PASS" start="2024-03-30T22:12:59.500897" elapsed="0.000245"/>
</kw>
<kw name="Run Keyword If" owner="BuiltIn">
<kw name="Should Be True" owner="BuiltIn">
<arg>${True}</arg>
<doc>Fails if the given condition is not true.</doc>
<status status="PASS" start="2024-03-30T22:12:59.502260" elapsed="0.000150"/>
</kw>
<arg>${json_data["results"][0]["location"]["coordinates"]["latitude"]} &gt;= -90 and ${json_data["results"][0]["location"]["coordinates"]["latitude"]} &lt;= 90</arg>
<arg>Should Be True</arg>
<arg>${True}</arg>
<doc>Runs the given keyword with the given arguments, if ``condition`` is true.</doc>
<status status="PASS" start="2024-03-30T22:12:59.501463" elapsed="0.001076"/>
</kw>
<kw name="Run Keyword If" owner="BuiltIn">
<kw name="Should Be True" owner="BuiltIn">
<arg>${True}</arg>
<doc>Fails if the given condition is not true.</doc>
<status status="PASS" start="2024-03-30T22:12:59.503419" elapsed="0.000139"/>
</kw>
<arg>${json_data["results"][0]["location"]["coordinates"]["longitude"]} &gt;= -180 and ${json_data["results"][0]["location"]["coordinates"]["longitude"]} &lt;= 180</arg>
<arg>Should Be True</arg>
<arg>${True}</arg>
<doc>Runs the given keyword with the given arguments, if ``condition`` is true.</doc>
<status status="PASS" start="2024-03-30T22:12:59.502724" elapsed="0.000960"/>
</kw>
<status status="PASS" start="2024-03-30T22:12:59.395521" elapsed="0.108292"/>
</kw>
<doc>Testa o conteúdo específico dos campos retornados pela API.</doc>
<tag>testeConteudo</tag>
<status status="PASS" start="2024-03-30T22:12:59.394988" elapsed="0.108970"/>
</test>
<status status="PASS" start="2024-03-30T22:12:58.701480" elapsed="0.804414"/>
</suite>
<status status="PASS" start="2024-03-30T22:12:58.687899" elapsed="0.823334"/>
</suite>
<statistics>
<total>
<stat pass="5" fail="0" skip="0">All Tests</stat>
</total>
<tag>
<stat pass="1" fail="0" skip="0">testeConteudo</stat>
<stat pass="1" fail="0" skip="0">testeEstruturaResposta</stat>
<stat pass="1" fail="0" skip="0">testeRequisicaoBasica</stat>
<stat pass="1" fail="0" skip="0">testeTiposDados</stat>
</tag>
<suite>
<stat pass="5" fail="0" skip="0" id="s1" name="Tests">Tests</stat>
<stat pass="5" fail="0" skip="0" id="s1-s1" name="Random-User-Test">Tests.Random-User-Test</stat>
</suite>
</statistics>
<errors>
</errors>
</robot>
