<?xml version="1.0" encoding="UTF-8"?>
<robot generator="Robot 7.0.1 (Python 3.12.4 on linux)" generated="2024-07-02T22:14:21.608294" rpa="false" schemaversion="5">
<suite id="s1" name="Tests" source="/home/runner/work/ApiRandomUser/ApiRandomUser/RamdonUser/tests">
<suite id="s1-s1" name="Random-User-Test" source="/home/runner/work/ApiRandomUser/ApiRandomUser/RamdonUser/tests/random-user-test.robot">
<test id="s1-s1-t1" name="Conectar" line="13">
<kw name="Conectar API" owner="random-user-service">
<kw name="Create Session" owner="RequestsLibrary">
<msg time="2024-07-02T22:14:22.005650" level="INFO">Creating Session using : alias=consultarAPI, url=https://randomuser.me/, headers={},                     cookies={}, auth=None, timeout=None, proxies=None, verify=False,                     debug=0 </msg>
<arg>consultarAPI</arg>
<arg>${URL}</arg>
<doc>Create Session: create a HTTP session to a server</doc>
<status status="PASS" start="2024-07-02T22:14:22.005451" elapsed="0.000368"/>
</kw>
<status status="PASS" start="2024-07-02T22:14:22.004497" elapsed="0.001668"/>
</kw>
<status status="PASS" start="2024-07-02T22:14:22.003969" elapsed="0.002388"/>
</test>
<test id="s1-s1-t2" name="Validar retorno 200 e JSON Válido" line="16">
<kw name="Teste de Requisicao Basica" owner="random-user-service">
<kw name="GET On Session" owner="RequestsLibrary">
<msg time="2024-07-02T22:14:22.272672" level="INFO">GET Request : url=https://randomuser.me/api 
 path_url=/api 
 headers={'User-Agent': 'python-requests/2.32.3', 'Accept-Encoding': 'gzip, deflate', 'Accept': '*/*', 'Connection': 'keep-alive'} 
 body=None 
 </msg>
<msg time="2024-07-02T22:14:22.272770" level="INFO">GET Response : url=https://randomuser.me/api 
 status=200, reason=OK 
 headers={'Date': 'Tue, 02 Jul 2024 22:14:22 GMT', 'Content-Type': 'application/json; charset=utf-8', 'Transfer-Encoding': 'chunked', 'Connection': 'keep-alive', 'X-Powered-By': 'Express', 'Access-Control-Allow-Origin': '*', 'Cache-Control': 'no-cache', 'ETag': 'W/"498-osSFa80F7FbSMbbmeI7P0tWiVFw"', 'Vary': 'Accept-Encoding', 'Content-Encoding': 'gzip', 'CF-Cache-Status': 'DYNAMIC', 'Report-To': '{"endpoints":[{"url":"https:\\/\\/a.nel.cloudflare.com\\/report\\/v4?s=vm1kOXSNH7B0cXFwRO0ovxWhdQn5BpM6O%2BCg23SqeuqJO20ojOTrJdXB0aVC%2BfNDdQZNu%2BeC3t4nKXiv28VrJz67kkfA%2BO8NX41XffWESqGAVn%2Fk71df4j5QqeC3vOm8"}],"group":"cf-nel","max_age":604800}', 'NEL': '{"success_fraction":0,"report_to":"cf-nel","max_age":604800}', 'Server': 'cloudflare', 'CF-RAY': '89d1fd04a9b6169a-SJC', 'alt-svc': 'h3=":443"; ma=86400'} 
 body={"results":[{"gender":"female","name":{"title":"Miss","first":"Marilyn","last":"Holland"},"location":{"street":{"number":3833,"name":"Plum St"},"city":"Bendigo","state":"Australian Capital Territory","country":"Australia","postcode":4805,"coordinates":{"latitude":"-85.4771","longitude":"40.0090"},"timezone":{"offset":"+6:00","description":"Almaty, Dhaka, Colombo"}},"email":"marilyn.holland@example.com","login":{"uuid":"a64c6a20-14e3-4f2d-9fb0-d59c77628913","username":"angrysnake437","password":"remote","salt":"s4m0h210","md5":"0a72d70f1fce57723fffa2a83c3fe4e6","sha1":"e0ab208f337f38c2b346cb6c23d3319b0de6485e","sha256":"44a736bd00b3408981e1ea3806943019751e3982d010d2b4e79346867d18c822"},"dob":{"date":"1977-07-06T07:03:27.278Z","age":46},"registered":{"date":"2017-09-18T16:23:58.827Z","age":6},"phone":"04-3155-1288","cell":"0414-534-825","id":{"name":"TFN","value":"555750287"},"picture":{"large":"https://randomuser.me/api/portraits/women/44.jpg","medium":"https://randomuser.me/api/portraits/med/women/44.jpg","thumbnail":"https://randomuser.me/api/portraits/thumb/women/44.jpg"},"nat":"AU"}],"info":{"seed":"40368f75922d8955","results":1,"page":1,"version":"1.4"}} 
 </msg>
<msg time="2024-07-02T22:14:22.272839" level="INFO">/opt/hostedtoolcache/Python/3.12.4/x64/lib/python3.12/site-packages/urllib3/connectionpool.py:1099: InsecureRequestWarning: Unverified HTTPS request is being made to host 'randomuser.me'. Adding certificate verification is strongly advised. See: https://urllib3.readthedocs.io/en/latest/advanced-usage.html#tls-warnings
  warnings.warn(</msg>
<msg time="2024-07-02T22:14:22.272979" level="INFO">${response} = &lt;Response [200]&gt;</msg>
<var>${response}</var>
<arg>consultarAPI</arg>
<arg>/api</arg>
<doc>Sends a GET request on a previously created HTTP Session.</doc>
<status status="PASS" start="2024-07-02T22:14:22.008959" elapsed="0.264065"/>
</kw>
<kw name="Should Be Equal As Numbers" owner="BuiltIn">
<msg time="2024-07-02T22:14:22.273994" level="INFO">Argument types are:
&lt;class 'int'&gt;
&lt;class 'str'&gt;</msg>
<arg>${response.status_code}</arg>
<arg>200</arg>
<doc>Fails if objects are unequal after converting them to real numbers.</doc>
<status status="PASS" start="2024-07-02T22:14:22.273511" elapsed="0.000544"/>
</kw>
<kw name="Log" owner="BuiltIn">
<msg time="2024-07-02T22:14:22.274715" level="INFO">200</msg>
<arg>${response.status_code}</arg>
<doc>Logs the given message with the given level.</doc>
<status status="PASS" start="2024-07-02T22:14:22.274372" elapsed="0.000383"/>
</kw>
<kw name="Set Variable" owner="BuiltIn">
<msg time="2024-07-02T22:14:22.275465" level="INFO">${json_data} = {'results': [{'gender': 'female', 'name': {'title': 'Miss', 'first': 'Marilyn', 'last': 'Holland'}, 'location': {'street': {'number': 3833, 'name': 'Plum St'}, 'city': 'Bendigo', 'state': 'Australian ...</msg>
<var>${json_data}</var>
<arg>${response.json()}</arg>
<doc>Returns the given values which can then be assigned to a variables.</doc>
<status status="PASS" start="2024-07-02T22:14:22.275048" elapsed="0.000444"/>
</kw>
<kw name="Dictionary Should Contain Key" owner="Collections">
<arg>${json_data}</arg>
<arg>results</arg>
<doc>Fails if ``key`` is not found from ``dictionary``.</doc>
<status status="PASS" start="2024-07-02T22:14:22.275779" elapsed="0.000156"/>
</kw>
<status status="PASS" start="2024-07-02T22:14:22.008695" elapsed="0.267379"/>
</kw>
<doc>Testa se a API responde corretamente e retorna um objeto JSON válido.</doc>
<tag>testeRequisicaoBasica</tag>
<status status="PASS" start="2024-07-02T22:14:22.008226" elapsed="0.268001"/>
</test>
<test id="s1-s1-t3" name="Validar estrutura de resposta" line="22">
<kw name="Teste de Estrutura de Resposta" owner="random-user-service">
<kw name="GET On Session" owner="RequestsLibrary">
<msg time="2024-07-02T22:14:22.413343" level="INFO">GET Request : url=https://randomuser.me/api 
 path_url=/api 
 headers={'User-Agent': 'python-requests/2.32.3', 'Accept-Encoding': 'gzip, deflate', 'Accept': '*/*', 'Connection': 'keep-alive'} 
 body=None 
 </msg>
<msg time="2024-07-02T22:14:22.413431" level="INFO">GET Response : url=https://randomuser.me/api 
 status=200, reason=OK 
 headers={'Date': 'Tue, 02 Jul 2024 22:14:22 GMT', 'Content-Type': 'application/json; charset=utf-8', 'Transfer-Encoding': 'chunked', 'Connection': 'keep-alive', 'X-Powered-By': 'Express', 'Access-Control-Allow-Origin': '*', 'Cache-Control': 'no-cache', 'ETag': 'W/"486-/SBCxTeu6wGgARc2PM+ekRutrL8"', 'Vary': 'Accept-Encoding', 'Content-Encoding': 'gzip', 'CF-Cache-Status': 'DYNAMIC', 'Report-To': '{"endpoints":[{"url":"https:\\/\\/a.nel.cloudflare.com\\/report\\/v4?s=1yNccjZSHOQFohuSVz87WoNLSiCgWWbLhM%2Blcp2p7eaZaNOE8GTUwc8MUF6lP0fAvBmoFjKczVwxT42NyeAX4gDiSt%2BOZ3QCQyjyh88JUBDz3DBJN1LYMuuCySBxTktT"}],"group":"cf-nel","max_age":604800}', 'NEL': '{"success_fraction":0,"report_to":"cf-nel","max_age":604800}', 'Server': 'cloudflare', 'CF-RAY': '89d1fd054a3b169a-SJC', 'alt-svc': 'h3=":443"; ma=86400'} 
 body={"results":[{"gender":"female","name":{"title":"Ms","first":"Lily","last":"Fletcher"},"location":{"street":{"number":5134,"name":"Manor Road"},"city":"Preston","state":"Mid Glamorgan","country":"United Kingdom","postcode":"C4 5XQ","coordinates":{"latitude":"-5.3451","longitude":"34.6445"},"timezone":{"offset":"-9:00","description":"Alaska"}},"email":"lily.fletcher@example.com","login":{"uuid":"94e186ba-bf06-45cc-b1d7-1a7d5201212e","username":"heavybutterfly693","password":"sushi","salt":"0cBwWWof","md5":"61c65f37fe4371581ac9155c0624f8ec","sha1":"18a562d019ba1d84f5bdbca767cc86cc79321a81","sha256":"5e8dfd43fc4463b368a74f04bab5d02d13ab2e26446af117729a21eb94f1b1b4"},"dob":{"date":"1971-07-16T12:34:41.370Z","age":52},"registered":{"date":"2019-07-04T15:51:41.692Z","age":4},"phone":"019467 87404","cell":"07569 529020","id":{"name":"NINO","value":"NZ 23 40 03 B"},"picture":{"large":"https://randomuser.me/api/portraits/women/30.jpg","medium":"https://randomuser.me/api/portraits/med/women/30.jpg","thumbnail":"https://randomuser.me/api/portraits/thumb/women/30.jpg"},"nat":"GB"}],"info":{"seed":"23ae5a7f7ea62705","results":1,"page":1,"version":"1.4"}} 
 </msg>
<msg time="2024-07-02T22:14:22.413544" level="INFO">/opt/hostedtoolcache/Python/3.12.4/x64/lib/python3.12/site-packages/urllib3/connectionpool.py:1099: InsecureRequestWarning: Unverified HTTPS request is being made to host 'randomuser.me'. Adding certificate verification is strongly advised. See: https://urllib3.readthedocs.io/en/latest/advanced-usage.html#tls-warnings
  warnings.warn(</msg>
<msg time="2024-07-02T22:14:22.413639" level="INFO">${response} = &lt;Response [200]&gt;</msg>
<var>${response}</var>
<arg>consultarAPI</arg>
<arg>/api</arg>
<doc>Sends a GET request on a previously created HTTP Session.</doc>
<status status="PASS" start="2024-07-02T22:14:22.278835" elapsed="0.134846"/>
</kw>
<kw name="Set Variable" owner="BuiltIn">
<msg time="2024-07-02T22:14:22.414754" level="INFO">${json_data} = {'results': [{'gender': 'female', 'name': {'title': 'Ms', 'first': 'Lily', 'last': 'Fletcher'}, 'location': {'street': {'number': 5134, 'name': 'Manor Road'}, 'city': 'Preston', 'state': 'Mid Glamorga...</msg>
<var>${json_data}</var>
<arg>${response.json()}</arg>
<doc>Returns the given values which can then be assigned to a variables.</doc>
<status status="PASS" start="2024-07-02T22:14:22.414164" elapsed="0.000618"/>
</kw>
<kw name="Log" owner="BuiltIn">
<msg time="2024-07-02T22:14:22.415251" level="INFO">{'results': [{'gender': 'female', 'name': {'title': 'Ms', 'first': 'Lily', 'last': 'Fletcher'}, 'location': {'street': {'number': 5134, 'name': 'Manor Road'}, 'city': 'Preston', 'state': 'Mid Glamorgan', 'country': 'United Kingdom', 'postcode': 'C4 5XQ', 'coordinates': {'latitude': '-5.3451', 'longitude': '34.6445'}, 'timezone': {'offset': '-9:00', 'description': 'Alaska'}}, 'email': 'lily.fletcher@example.com', 'login': {'uuid': '94e186ba-bf06-45cc-b1d7-1a7d5201212e', 'username': 'heavybutterfly693', 'password': 'sushi', 'salt': '0cBwWWof', 'md5': '61c65f37fe4371581ac9155c0624f8ec', 'sha1': '18a562d019ba1d84f5bdbca767cc86cc79321a81', 'sha256': '5e8dfd43fc4463b368a74f04bab5d02d13ab2e26446af117729a21eb94f1b1b4'}, 'dob': {'date': '1971-07-16T12:34:41.370Z', 'age': 52}, 'registered': {'date': '2019-07-04T15:51:41.692Z', 'age': 4}, 'phone': '019467 87404', 'cell': '07569 529020', 'id': {'name': 'NINO', 'value': 'NZ 23 40 03 B'}, 'picture': {'large': 'https://randomuser.me/api/portraits/women/30.jpg', 'medium': 'https://randomuser.me/api/portraits/med/women/30.jpg', 'thumbnail': 'https://randomuser.me/api/portraits/thumb/women/30.jpg'}, 'nat': 'GB'}], 'info': {'seed': '23ae5a7f7ea62705', 'results': 1, 'page': 1, 'version': '1.4'}}</msg>
<arg>${json_data}</arg>
<doc>Logs the given message with the given level.</doc>
<status status="PASS" start="2024-07-02T22:14:22.415095" elapsed="0.000202"/>
</kw>
<kw name="Dictionary Should Contain Key" owner="Collections">
<arg>${json_data}</arg>
<arg>results</arg>
<doc>Fails if ``key`` is not found from ``dictionary``.</doc>
<status status="PASS" start="2024-07-02T22:14:22.415580" elapsed="0.000151"/>
</kw>
<kw name="Should Not Be Empty" owner="BuiltIn">
<msg time="2024-07-02T22:14:22.416042" level="INFO">Length is 2.</msg>
<arg>${json_data}</arg>
<doc>Verifies that the given item is not empty.</doc>
<status status="PASS" start="2024-07-02T22:14:22.415911" elapsed="0.000172"/>
</kw>
<kw name="Create List" owner="BuiltIn">
<msg time="2024-07-02T22:14:22.416632" level="INFO">${expected_keys} = ['gender', 'name', 'location', 'email', 'login']</msg>
<var>${expected_keys}</var>
<arg>gender</arg>
<arg>name</arg>
<arg>location</arg>
<arg>email</arg>
<arg>login</arg>
<doc>Returns a list containing given items.</doc>
<status status="PASS" start="2024-07-02T22:14:22.416364" elapsed="0.000293"/>
</kw>
<for flavor="IN">
<iter>
<kw name="Dictionary Should Contain Key" owner="Collections">
<arg>${json_data['results'][0]}</arg>
<arg>${key}</arg>
<doc>Fails if ``key`` is not found from ``dictionary``.</doc>
<status status="PASS" start="2024-07-02T22:14:22.417273" elapsed="0.000394"/>
</kw>
<kw name="Log" owner="BuiltIn">
<msg time="2024-07-02T22:14:22.418204" level="INFO">{'gender': 'female', 'name': {'title': 'Ms', 'first': 'Lily', 'last': 'Fletcher'}, 'location': {'street': {'number': 5134, 'name': 'Manor Road'}, 'city': 'Preston', 'state': 'Mid Glamorgan', 'country': 'United Kingdom', 'postcode': 'C4 5XQ', 'coordinates': {'latitude': '-5.3451', 'longitude': '34.6445'}, 'timezone': {'offset': '-9:00', 'description': 'Alaska'}}, 'email': 'lily.fletcher@example.com', 'login': {'uuid': '94e186ba-bf06-45cc-b1d7-1a7d5201212e', 'username': 'heavybutterfly693', 'password': 'sushi', 'salt': '0cBwWWof', 'md5': '61c65f37fe4371581ac9155c0624f8ec', 'sha1': '18a562d019ba1d84f5bdbca767cc86cc79321a81', 'sha256': '5e8dfd43fc4463b368a74f04bab5d02d13ab2e26446af117729a21eb94f1b1b4'}, 'dob': {'date': '1971-07-16T12:34:41.370Z', 'age': 52}, 'registered': {'date': '2019-07-04T15:51:41.692Z', 'age': 4}, 'phone': '019467 87404', 'cell': '07569 529020', 'id': {'name': 'NINO', 'value': 'NZ 23 40 03 B'}, 'picture': {'large': 'https://randomuser.me/api/portraits/women/30.jpg', 'medium': 'https://randomuser.me/api/portraits/med/women/30.jpg', 'thumbnail': 'https://randomuser.me/api/portraits/thumb/women/30.jpg'}, 'nat': 'GB'}</msg>
<arg>${json_data['results'][0]}</arg>
<doc>Logs the given message with the given level.</doc>
<status status="PASS" start="2024-07-02T22:14:22.417848" elapsed="0.000403"/>
</kw>
<kw name="Log" owner="BuiltIn">
<msg time="2024-07-02T22:14:22.418669" level="INFO">gender</msg>
<arg>${key}</arg>
<doc>Logs the given message with the given level.</doc>
<status status="PASS" start="2024-07-02T22:14:22.418541" elapsed="0.000166"/>
</kw>
<var name="${key}">gender</var>
<status status="PASS" start="2024-07-02T22:14:22.417150" elapsed="0.001807"/>
</iter>
<iter>
<kw name="Dictionary Should Contain Key" owner="Collections">
<arg>${json_data['results'][0]}</arg>
<arg>${key}</arg>
<doc>Fails if ``key`` is not found from ``dictionary``.</doc>
<status status="PASS" start="2024-07-02T22:14:22.419257" elapsed="0.000391"/>
</kw>
<kw name="Log" owner="BuiltIn">
<msg time="2024-07-02T22:14:22.420169" level="INFO">{'gender': 'female', 'name': {'title': 'Ms', 'first': 'Lily', 'last': 'Fletcher'}, 'location': {'street': {'number': 5134, 'name': 'Manor Road'}, 'city': 'Preston', 'state': 'Mid Glamorgan', 'country': 'United Kingdom', 'postcode': 'C4 5XQ', 'coordinates': {'latitude': '-5.3451', 'longitude': '34.6445'}, 'timezone': {'offset': '-9:00', 'description': 'Alaska'}}, 'email': 'lily.fletcher@example.com', 'login': {'uuid': '94e186ba-bf06-45cc-b1d7-1a7d5201212e', 'username': 'heavybutterfly693', 'password': 'sushi', 'salt': '0cBwWWof', 'md5': '61c65f37fe4371581ac9155c0624f8ec', 'sha1': '18a562d019ba1d84f5bdbca767cc86cc79321a81', 'sha256': '5e8dfd43fc4463b368a74f04bab5d02d13ab2e26446af117729a21eb94f1b1b4'}, 'dob': {'date': '1971-07-16T12:34:41.370Z', 'age': 52}, 'registered': {'date': '2019-07-04T15:51:41.692Z', 'age': 4}, 'phone': '019467 87404', 'cell': '07569 529020', 'id': {'name': 'NINO', 'value': 'NZ 23 40 03 B'}, 'picture': {'large': 'https://randomuser.me/api/portraits/women/30.jpg', 'medium': 'https://randomuser.me/api/portraits/med/women/30.jpg', 'thumbnail': 'https://randomuser.me/api/portraits/thumb/women/30.jpg'}, 'nat': 'GB'}</msg>
<arg>${json_data['results'][0]}</arg>
<doc>Logs the given message with the given level.</doc>
<status status="PASS" start="2024-07-02T22:14:22.419826" elapsed="0.000423"/>
</kw>
<kw name="Log" owner="BuiltIn">
<msg time="2024-07-02T22:14:22.420671" level="INFO">name</msg>
<arg>${key}</arg>
<doc>Logs the given message with the given level.</doc>
<status status="PASS" start="2024-07-02T22:14:22.420544" elapsed="0.000165"/>
</kw>
<var name="${key}">name</var>
<status status="PASS" start="2024-07-02T22:14:22.419141" elapsed="0.001805"/>
</iter>
<iter>
<kw name="Dictionary Should Contain Key" owner="Collections">
<arg>${json_data['results'][0]}</arg>
<arg>${key}</arg>
<doc>Fails if ``key`` is not found from ``dictionary``.</doc>
<status status="PASS" start="2024-07-02T22:14:22.421241" elapsed="0.000376"/>
</kw>
<kw name="Log" owner="BuiltIn">
<msg time="2024-07-02T22:14:22.422136" level="INFO">{'gender': 'female', 'name': {'title': 'Ms', 'first': 'Lily', 'last': 'Fletcher'}, 'location': {'street': {'number': 5134, 'name': 'Manor Road'}, 'city': 'Preston', 'state': 'Mid Glamorgan', 'country': 'United Kingdom', 'postcode': 'C4 5XQ', 'coordinates': {'latitude': '-5.3451', 'longitude': '34.6445'}, 'timezone': {'offset': '-9:00', 'description': 'Alaska'}}, 'email': 'lily.fletcher@example.com', 'login': {'uuid': '94e186ba-bf06-45cc-b1d7-1a7d5201212e', 'username': 'heavybutterfly693', 'password': 'sushi', 'salt': '0cBwWWof', 'md5': '61c65f37fe4371581ac9155c0624f8ec', 'sha1': '18a562d019ba1d84f5bdbca767cc86cc79321a81', 'sha256': '5e8dfd43fc4463b368a74f04bab5d02d13ab2e26446af117729a21eb94f1b1b4'}, 'dob': {'date': '1971-07-16T12:34:41.370Z', 'age': 52}, 'registered': {'date': '2019-07-04T15:51:41.692Z', 'age': 4}, 'phone': '019467 87404', 'cell': '07569 529020', 'id': {'name': 'NINO', 'value': 'NZ 23 40 03 B'}, 'picture': {'large': 'https://randomuser.me/api/portraits/women/30.jpg', 'medium': 'https://randomuser.me/api/portraits/med/women/30.jpg', 'thumbnail': 'https://randomuser.me/api/portraits/thumb/women/30.jpg'}, 'nat': 'GB'}</msg>
<arg>${json_data['results'][0]}</arg>
<doc>Logs the given message with the given level.</doc>
<status status="PASS" start="2024-07-02T22:14:22.421795" elapsed="0.000386"/>
</kw>
<kw name="Log" owner="BuiltIn">
<msg time="2024-07-02T22:14:22.422600" level="INFO">location</msg>
<arg>${key}</arg>
<doc>Logs the given message with the given level.</doc>
<status status="PASS" start="2024-07-02T22:14:22.422474" elapsed="0.000162"/>
</kw>
<var name="${key}">location</var>
<status status="PASS" start="2024-07-02T22:14:22.421133" elapsed="0.001716"/>
</iter>
<iter>
<kw name="Dictionary Should Contain Key" owner="Collections">
<arg>${json_data['results'][0]}</arg>
<arg>${key}</arg>
<doc>Fails if ``key`` is not found from ``dictionary``.</doc>
<status status="PASS" start="2024-07-02T22:14:22.423122" elapsed="0.000383"/>
</kw>
<kw name="Log" owner="BuiltIn">
<msg time="2024-07-02T22:14:22.424032" level="INFO">{'gender': 'female', 'name': {'title': 'Ms', 'first': 'Lily', 'last': 'Fletcher'}, 'location': {'street': {'number': 5134, 'name': 'Manor Road'}, 'city': 'Preston', 'state': 'Mid Glamorgan', 'country': 'United Kingdom', 'postcode': 'C4 5XQ', 'coordinates': {'latitude': '-5.3451', 'longitude': '34.6445'}, 'timezone': {'offset': '-9:00', 'description': 'Alaska'}}, 'email': 'lily.fletcher@example.com', 'login': {'uuid': '94e186ba-bf06-45cc-b1d7-1a7d5201212e', 'username': 'heavybutterfly693', 'password': 'sushi', 'salt': '0cBwWWof', 'md5': '61c65f37fe4371581ac9155c0624f8ec', 'sha1': '18a562d019ba1d84f5bdbca767cc86cc79321a81', 'sha256': '5e8dfd43fc4463b368a74f04bab5d02d13ab2e26446af117729a21eb94f1b1b4'}, 'dob': {'date': '1971-07-16T12:34:41.370Z', 'age': 52}, 'registered': {'date': '2019-07-04T15:51:41.692Z', 'age': 4}, 'phone': '019467 87404', 'cell': '07569 529020', 'id': {'name': 'NINO', 'value': 'NZ 23 40 03 B'}, 'picture': {'large': 'https://randomuser.me/api/portraits/women/30.jpg', 'medium': 'https://randomuser.me/api/portraits/med/women/30.jpg', 'thumbnail': 'https://randomuser.me/api/portraits/thumb/women/30.jpg'}, 'nat': 'GB'}</msg>
<arg>${json_data['results'][0]}</arg>
<doc>Logs the given message with the given level.</doc>
<status status="PASS" start="2024-07-02T22:14:22.423682" elapsed="0.000397"/>
</kw>
<kw name="Log" owner="BuiltIn">
<msg time="2024-07-02T22:14:22.424496" level="INFO">email</msg>
<arg>${key}</arg>
<doc>Logs the given message with the given level.</doc>
<status status="PASS" start="2024-07-02T22:14:22.424369" elapsed="0.000166"/>
</kw>
<var name="${key}">email</var>
<status status="PASS" start="2024-07-02T22:14:22.423016" elapsed="0.001738"/>
</iter>
<iter>
<kw name="Dictionary Should Contain Key" owner="Collections">
<arg>${json_data['results'][0]}</arg>
<arg>${key}</arg>
<doc>Fails if ``key`` is not found from ``dictionary``.</doc>
<status status="PASS" start="2024-07-02T22:14:22.425082" elapsed="0.000387"/>
</kw>
<kw name="Log" owner="BuiltIn">
<msg time="2024-07-02T22:14:22.426010" level="INFO">{'gender': 'female', 'name': {'title': 'Ms', 'first': 'Lily', 'last': 'Fletcher'}, 'location': {'street': {'number': 5134, 'name': 'Manor Road'}, 'city': 'Preston', 'state': 'Mid Glamorgan', 'country': 'United Kingdom', 'postcode': 'C4 5XQ', 'coordinates': {'latitude': '-5.3451', 'longitude': '34.6445'}, 'timezone': {'offset': '-9:00', 'description': 'Alaska'}}, 'email': 'lily.fletcher@example.com', 'login': {'uuid': '94e186ba-bf06-45cc-b1d7-1a7d5201212e', 'username': 'heavybutterfly693', 'password': 'sushi', 'salt': '0cBwWWof', 'md5': '61c65f37fe4371581ac9155c0624f8ec', 'sha1': '18a562d019ba1d84f5bdbca767cc86cc79321a81', 'sha256': '5e8dfd43fc4463b368a74f04bab5d02d13ab2e26446af117729a21eb94f1b1b4'}, 'dob': {'date': '1971-07-16T12:34:41.370Z', 'age': 52}, 'registered': {'date': '2019-07-04T15:51:41.692Z', 'age': 4}, 'phone': '019467 87404', 'cell': '07569 529020', 'id': {'name': 'NINO', 'value': 'NZ 23 40 03 B'}, 'picture': {'large': 'https://randomuser.me/api/portraits/women/30.jpg', 'medium': 'https://randomuser.me/api/portraits/med/women/30.jpg', 'thumbnail': 'https://randomuser.me/api/portraits/thumb/women/30.jpg'}, 'nat': 'GB'}</msg>
<arg>${json_data['results'][0]}</arg>
<doc>Logs the given message with the given level.</doc>
<status status="PASS" start="2024-07-02T22:14:22.425650" elapsed="0.000406"/>
</kw>
<kw name="Log" owner="BuiltIn">
<msg time="2024-07-02T22:14:22.426470" level="INFO">login</msg>
<arg>${key}</arg>
<doc>Logs the given message with the given level.</doc>
<status status="PASS" start="2024-07-02T22:14:22.426345" elapsed="0.000163"/>
</kw>
<var name="${key}">login</var>
<status status="PASS" start="2024-07-02T22:14:22.424957" elapsed="0.001764"/>
</iter>
<var>${key}</var>
<value>@{expected_keys}</value>
<status status="PASS" start="2024-07-02T22:14:22.416940" elapsed="0.009900"/>
</for>
<kw name="Create List" owner="BuiltIn">
<msg time="2024-07-02T22:14:22.427157" level="INFO">${expected_keysTwo} = ['username', 'password']</msg>
<var>${expected_keysTwo}</var>
<arg>username</arg>
<arg>password</arg>
<doc>Returns a list containing given items.</doc>
<status status="PASS" start="2024-07-02T22:14:22.427025" elapsed="0.000155"/>
</kw>
<for flavor="IN">
<iter>
<kw name="Dictionary Should Contain Key" owner="Collections">
<arg>${json_data['results'][0]['login']}</arg>
<arg>${keyTwo}</arg>
<doc>Fails if ``key`` is not found from ``dictionary``.</doc>
<status status="PASS" start="2024-07-02T22:14:22.427699" elapsed="0.000380"/>
</kw>
<kw name="Dictionary Should Contain Key" owner="Collections">
<arg>${json_data['results'][0]['login']}</arg>
<arg>${keyTwo}</arg>
<doc>Fails if ``key`` is not found from ``dictionary``.</doc>
<status status="PASS" start="2024-07-02T22:14:22.428256" elapsed="0.000383"/>
</kw>
<kw name="Log" owner="BuiltIn">
<msg time="2024-07-02T22:14:22.428975" level="INFO">username</msg>
<arg>${keyTwo}</arg>
<doc>Logs the given message with the given level.</doc>
<status status="PASS" start="2024-07-02T22:14:22.428819" elapsed="0.000196"/>
</kw>
<var name="${keyTwo}">username</var>
<status status="PASS" start="2024-07-02T22:14:22.427593" elapsed="0.001657"/>
</iter>
<iter>
<kw name="Dictionary Should Contain Key" owner="Collections">
<arg>${json_data['results'][0]['login']}</arg>
<arg>${keyTwo}</arg>
<doc>Fails if ``key`` is not found from ``dictionary``.</doc>
<status status="PASS" start="2024-07-02T22:14:22.429526" elapsed="0.000389"/>
</kw>
<kw name="Dictionary Should Contain Key" owner="Collections">
<arg>${json_data['results'][0]['login']}</arg>
<arg>${keyTwo}</arg>
<doc>Fails if ``key`` is not found from ``dictionary``.</doc>
<status status="PASS" start="2024-07-02T22:14:22.430096" elapsed="0.000370"/>
</kw>
<kw name="Log" owner="BuiltIn">
<msg time="2024-07-02T22:14:22.430766" level="INFO">password</msg>
<arg>${keyTwo}</arg>
<doc>Logs the given message with the given level.</doc>
<status status="PASS" start="2024-07-02T22:14:22.430639" elapsed="0.000173"/>
</kw>
<var name="${keyTwo}">password</var>
<status status="PASS" start="2024-07-02T22:14:22.429420" elapsed="0.001698"/>
</iter>
<var>${keyTwo}</var>
<value>@{expected_keysTwo}</value>
<status status="PASS" start="2024-07-02T22:14:22.427436" elapsed="0.003804"/>
</for>
<status status="PASS" start="2024-07-02T22:14:22.278606" elapsed="0.152773"/>
</kw>
<doc>Testa a estrutura da resposta da API.</doc>
<tag>testeEstruturaResposta</tag>
<status status="PASS" start="2024-07-02T22:14:22.278063" elapsed="0.153461"/>
</test>
<test id="s1-s1-t4" name="Validar tipos de dados" line="28">
<kw name="Teste de Tipos de Dados" owner="random-user-service">
<kw name="GET On Session" owner="RequestsLibrary">
<msg time="2024-07-02T22:14:22.523559" level="INFO">GET Request : url=https://randomuser.me/api 
 path_url=/api 
 headers={'User-Agent': 'python-requests/2.32.3', 'Accept-Encoding': 'gzip, deflate', 'Accept': '*/*', 'Connection': 'keep-alive'} 
 body=None 
 </msg>
<msg time="2024-07-02T22:14:22.523639" level="INFO">GET Response : url=https://randomuser.me/api 
 status=200, reason=OK 
 headers={'Date': 'Tue, 02 Jul 2024 22:14:22 GMT', 'Content-Type': 'application/json; charset=utf-8', 'Transfer-Encoding': 'chunked', 'Connection': 'keep-alive', 'X-Powered-By': 'Express', 'Access-Control-Allow-Origin': '*', 'Cache-Control': 'no-cache', 'ETag': 'W/"496-137fRUVtXlAnyba6uQS5mFsKHQs"', 'Vary': 'Accept-Encoding', 'Content-Encoding': 'gzip', 'CF-Cache-Status': 'DYNAMIC', 'Report-To': '{"endpoints":[{"url":"https:\\/\\/a.nel.cloudflare.com\\/report\\/v4?s=O4lZVzjCFx%2B3ST%2FbKkDVQw7hqQ%2BKJUC9X%2FmwfszHfaIXCk7JOcSIftD1B%2FHAsi76lgMNgNAFR%2FVxPCW6xdmPVk%2F71QKOxocp6fkkWafc56hqWHzMMS6QLA5ffXLeFNid"}],"group":"cf-nel","max_age":604800}', 'NEL': '{"success_fraction":0,"report_to":"cf-nel","max_age":604800}', 'Server': 'cloudflare', 'CF-RAY': '89d1fd063b21169a-SJC', 'alt-svc': 'h3=":443"; ma=86400'} 
 body={"results":[{"gender":"male","name":{"title":"Mr","first":"Batur","last":"Dağlaroğlu"},"location":{"street":{"number":5210,"name":"Bağdat Cd"},"city":"Afyonkarahisar","state":"İstanbul","country":"Turkey","postcode":17857,"coordinates":{"latitude":"67.2780","longitude":"-29.8316"},"timezone":{"offset":"0:00","description":"Western Europe Time, London, Lisbon, Casablanca"}},"email":"batur.daglaroglu@example.com","login":{"uuid":"1478d061-4276-403a-8b24-93ecf224c9b0","username":"bigfish614","password":"pocket","salt":"piEzclPX","md5":"07a3780c0c444a6771a3a310c63f0d14","sha1":"0fa7a3f1cf96b0cdd5bb44e48daaecd02f207e0b","sha256":"bdc389fbfff2e5055eb88ff9125e7e83063b99ead3e9bb13e78d7f168f278e97"},"dob":{"date":"1955-09-06T04:43:13.224Z","age":68},"registered":{"date":"2019-12-23T10:37:08.053Z","age":4},"phone":"(911)-276-7035","cell":"(782)-622-5522","id":{"name":"","value":null},"picture":{"large":"https://randomuser.me/api/portraits/men/76.jpg","medium":"https://randomuser.me/api/portraits/med/men/76.jpg","thumbnail":"https://randomuser.me/api/portraits/thumb/men/76.jpg"},"nat":"TR"}],"info":{"seed":"b015b32324e09a08","results":1,"page":1,"version":"1.4"}} 
 </msg>
<msg time="2024-07-02T22:14:22.523704" level="INFO">/opt/hostedtoolcache/Python/3.12.4/x64/lib/python3.12/site-packages/urllib3/connectionpool.py:1099: InsecureRequestWarning: Unverified HTTPS request is being made to host 'randomuser.me'. Adding certificate verification is strongly advised. See: https://urllib3.readthedocs.io/en/latest/advanced-usage.html#tls-warnings
  warnings.warn(</msg>
<msg time="2024-07-02T22:14:22.523791" level="INFO">${response} = &lt;Response [200]&gt;</msg>
<var>${response}</var>
<arg>consultarAPI</arg>
<arg>/api</arg>
<doc>Sends a GET request on a previously created HTTP Session.</doc>
<status status="PASS" start="2024-07-02T22:14:22.434090" elapsed="0.089741"/>
</kw>
<kw name="Set Variable" owner="BuiltIn">
<msg time="2024-07-02T22:14:22.524902" level="INFO">${json_data} = {'results': [{'gender': 'male', 'name': {'title': 'Mr', 'first': 'Batur', 'last': 'Dağlaroğlu'}, 'location': {'street': {'number': 5210, 'name': 'Bağdat Cd'}, 'city': 'Afyonkarahisar', 'state': 'İstan...</msg>
<var>${json_data}</var>
<arg>${response.json()}</arg>
<doc>Returns the given values which can then be assigned to a variables.</doc>
<status status="PASS" start="2024-07-02T22:14:22.524290" elapsed="0.000675"/>
</kw>
<kw name="Log" owner="BuiltIn">
<msg time="2024-07-02T22:14:22.525443" level="INFO">{'results': [{'gender': 'male', 'name': {'title': 'Mr', 'first': 'Batur', 'last': 'Dağlaroğlu'}, 'location': {'street': {'number': 5210, 'name': 'Bağdat Cd'}, 'city': 'Afyonkarahisar', 'state': 'İstanbul', 'country': 'Turkey', 'postcode': 17857, 'coordinates': {'latitude': '67.2780', 'longitude': '-29.8316'}, 'timezone': {'offset': '0:00', 'description': 'Western Europe Time, London, Lisbon, Casablanca'}}, 'email': 'batur.daglaroglu@example.com', 'login': {'uuid': '1478d061-4276-403a-8b24-93ecf224c9b0', 'username': 'bigfish614', 'password': 'pocket', 'salt': 'piEzclPX', 'md5': '07a3780c0c444a6771a3a310c63f0d14', 'sha1': '0fa7a3f1cf96b0cdd5bb44e48daaecd02f207e0b', 'sha256': 'bdc389fbfff2e5055eb88ff9125e7e83063b99ead3e9bb13e78d7f168f278e97'}, 'dob': {'date': '1955-09-06T04:43:13.224Z', 'age': 68}, 'registered': {'date': '2019-12-23T10:37:08.053Z', 'age': 4}, 'phone': '(911)-276-7035', 'cell': '(782)-622-5522', 'id': {'name': '', 'value': None}, 'picture': {'large': 'https://randomuser.me/api/portraits/men/76.jpg', 'medium': 'https://randomuser.me/api/portraits/med/men/76.jpg', 'thumbnail': 'https://randomuser.me/api/portraits/thumb/men/76.jpg'}, 'nat': 'TR'}], 'info': {'seed': 'b015b32324e09a08', 'results': 1, 'page': 1, 'version': '1.4'}}</msg>
<arg>${json_data}</arg>
<doc>Logs the given message with the given level.</doc>
<status status="PASS" start="2024-07-02T22:14:22.525286" elapsed="0.000207"/>
</kw>
<kw name="Should Be String" owner="String">
<arg>${json_data['results'][0]['gender']}</arg>
<doc>Fails if the given ``item`` is not a string.</doc>
<status status="PASS" start="2024-07-02T22:14:22.525782" elapsed="0.000368"/>
</kw>
<kw name="Should Match Regexp" owner="BuiltIn">
<arg>${json_data['results'][0]['email']}</arg>
<arg>^[a-zA-Z0-9._%+-]+@[a-zA-Z0-9.-]+\.[a-zA-Z]{2,}$</arg>
<doc>Fails if ``string`` does not match ``pattern`` as a regular expression.</doc>
<status status="PASS" start="2024-07-02T22:14:22.526337" elapsed="0.000507"/>
</kw>
<kw name="Should Match Regexp" owner="BuiltIn">
<arg>${json_data['results'][0]['dob']['date']}</arg>
<arg>\\d{4}-\\d{2}-\\d{2}T\\d{2}:\\d{2}:\\d{2}\\.\\d{3}Z</arg>
<doc>Fails if ``string`` does not match ``pattern`` as a regular expression.</doc>
<status status="PASS" start="2024-07-02T22:14:22.527069" elapsed="0.000483"/>
</kw>
<kw name="Should Match Regexp" owner="BuiltIn">
<arg>${json_data['results'][0]['registered']['date']}</arg>
<arg>\\d{4}-\\d{2}-\\d{2}T\\d{2}:\\d{2}:\\d{2}\\.\\d{3}Z</arg>
<doc>Fails if ``string`` does not match ``pattern`` as a regular expression.</doc>
<status status="PASS" start="2024-07-02T22:14:22.527740" elapsed="0.000390"/>
</kw>
<kw name="Should Match Regexp" owner="BuiltIn">
<arg>${json_data['results'][0]['picture']['large']}</arg>
<arg>^https?://.*\.(?:png|jpe?g|gif|bmp)$</arg>
<doc>Fails if ``string`` does not match ``pattern`` as a regular expression.</doc>
<status status="PASS" start="2024-07-02T22:14:22.528319" elapsed="0.000453"/>
</kw>
<kw name="Should Match Regexp" owner="BuiltIn">
<arg>${json_data['results'][0]['picture']['medium']}</arg>
<arg>^https?://.*\.(?:png|jpe?g|gif|bmp)$</arg>
<doc>Fails if ``string`` does not match ``pattern`` as a regular expression.</doc>
<status status="PASS" start="2024-07-02T22:14:22.528989" elapsed="0.000365"/>
</kw>
<kw name="Should Match Regexp" owner="BuiltIn">
<arg>${json_data['results'][0]['picture']['thumbnail']}</arg>
<arg>^https?://.*\.(?:png|jpe?g|gif|bmp)$</arg>
<doc>Fails if ``string`` does not match ``pattern`` as a regular expression.</doc>
<status status="PASS" start="2024-07-02T22:14:22.529535" elapsed="0.000344"/>
</kw>
<kw name="Log" owner="BuiltIn">
<msg time="2024-07-02T22:14:22.530377" level="INFO">{'large': 'https://randomuser.me/api/portraits/men/76.jpg', 'medium': 'https://randomuser.me/api/portraits/med/men/76.jpg', 'thumbnail': 'https://randomuser.me/api/portraits/thumb/men/76.jpg'}</msg>
<arg>${json_data['results'][0]['picture']}</arg>
<doc>Logs the given message with the given level.</doc>
<status status="PASS" start="2024-07-02T22:14:22.530054" elapsed="0.000364"/>
</kw>
<status status="PASS" start="2024-07-02T22:14:22.433860" elapsed="0.096806"/>
</kw>
<kw name="Teste de Tipos de Dados - Postcode" owner="random-user-service">
<kw name="GET On Session" owner="RequestsLibrary">
<msg time="2024-07-02T22:14:22.624763" level="INFO">GET Request : url=https://randomuser.me/api 
 path_url=/api 
 headers={'User-Agent': 'python-requests/2.32.3', 'Accept-Encoding': 'gzip, deflate', 'Accept': '*/*', 'Connection': 'keep-alive'} 
 body=None 
 </msg>
<msg time="2024-07-02T22:14:22.624848" level="INFO">GET Response : url=https://randomuser.me/api 
 status=200, reason=OK 
 headers={'Date': 'Tue, 02 Jul 2024 22:14:22 GMT', 'Content-Type': 'application/json; charset=utf-8', 'Transfer-Encoding': 'chunked', 'Connection': 'keep-alive', 'X-Powered-By': 'Express', 'Access-Control-Allow-Origin': '*', 'Cache-Control': 'no-cache', 'ETag': 'W/"485-PmYs1r1WSJJgISmiC7QgqoJg85o"', 'Vary': 'Accept-Encoding', 'Content-Encoding': 'gzip', 'CF-Cache-Status': 'DYNAMIC', 'Report-To': '{"endpoints":[{"url":"https:\\/\\/a.nel.cloudflare.com\\/report\\/v4?s=jPVISnIosCAFUCHGGQvQnxRWabHbQV8Dm5jcz63JPMHMEwtgraHwp2KKeVcuYsIu%2BKi9ulH1mh8sWw3hwyJfXXr9CWACHew7SoZeCK6YAfCqE4SDtP8KNFsxpW6xCH86"}],"group":"cf-nel","max_age":604800}', 'NEL': '{"success_fraction":0,"report_to":"cf-nel","max_age":604800}', 'Server': 'cloudflare', 'CF-RAY': '89d1fd06db9c169a-SJC', 'alt-svc': 'h3=":443"; ma=86400'} 
 body={"results":[{"gender":"male","name":{"title":"Mr","first":"Leon","last":"Willis"},"location":{"street":{"number":5113,"name":"Smokey Ln"},"city":"Fremont","state":"Colorado","country":"United States","postcode":28478,"coordinates":{"latitude":"83.2146","longitude":"-138.8181"},"timezone":{"offset":"-7:00","description":"Mountain Time (US &amp; Canada)"}},"email":"leon.willis@example.com","login":{"uuid":"9f28c513-5ff2-474a-b0fc-68273d20003a","username":"whiterabbit466","password":"4567","salt":"u07iErNC","md5":"535005488881e88553ec151d4b489020","sha1":"a6d1613772e22cb62b9569a29ede724f86fa7ad4","sha256":"fc416d7131e97a24dddfbeeace5659f14ba54551bdec42f63b35ecc36783e3d4"},"dob":{"date":"1973-11-01T05:13:56.376Z","age":50},"registered":{"date":"2005-01-14T21:34:01.816Z","age":19},"phone":"(381) 200-2601","cell":"(349) 597-1789","id":{"name":"SSN","value":"670-43-6438"},"picture":{"large":"https://randomuser.me/api/portraits/men/47.jpg","medium":"https://randomuser.me/api/portraits/med/men/47.jpg","thumbnail":"https://randomuser.me/api/portraits/thumb/men/47.jpg"},"nat":"US"}],"info":{"seed":"f5bb68f6e2f424d4","results":1,"page":1,"version":"1.4"}} 
 </msg>
<msg time="2024-07-02T22:14:22.624948" level="INFO">/opt/hostedtoolcache/Python/3.12.4/x64/lib/python3.12/site-packages/urllib3/connectionpool.py:1099: InsecureRequestWarning: Unverified HTTPS request is being made to host 'randomuser.me'. Adding certificate verification is strongly advised. See: https://urllib3.readthedocs.io/en/latest/advanced-usage.html#tls-warnings
  warnings.warn(</msg>
<msg time="2024-07-02T22:14:22.625051" level="INFO">${response} = &lt;Response [200]&gt;</msg>
<var>${response}</var>
<arg>consultarAPI</arg>
<arg>/api</arg>
<doc>Sends a GET request on a previously created HTTP Session.</doc>
<status status="PASS" start="2024-07-02T22:14:22.531091" elapsed="0.093999"/>
</kw>
<kw name="Set Variable" owner="BuiltIn">
<msg time="2024-07-02T22:14:22.626106" level="INFO">${json_data} = {'results': [{'gender': 'male', 'name': {'title': 'Mr', 'first': 'Leon', 'last': 'Willis'}, 'location': {'street': {'number': 5113, 'name': 'Smokey Ln'}, 'city': 'Fremont', 'state': 'Colorado', 'count...</msg>
<var>${json_data}</var>
<arg>${response.json()}</arg>
<doc>Returns the given values which can then be assigned to a variables.</doc>
<status status="PASS" start="2024-07-02T22:14:22.625534" elapsed="0.000601"/>
</kw>
<kw name="Log" owner="BuiltIn">
<msg time="2024-07-02T22:14:22.626586" level="INFO">{'results': [{'gender': 'male', 'name': {'title': 'Mr', 'first': 'Leon', 'last': 'Willis'}, 'location': {'street': {'number': 5113, 'name': 'Smokey Ln'}, 'city': 'Fremont', 'state': 'Colorado', 'country': 'United States', 'postcode': 28478, 'coordinates': {'latitude': '83.2146', 'longitude': '-138.8181'}, 'timezone': {'offset': '-7:00', 'description': 'Mountain Time (US &amp; Canada)'}}, 'email': 'leon.willis@example.com', 'login': {'uuid': '9f28c513-5ff2-474a-b0fc-68273d20003a', 'username': 'whiterabbit466', 'password': '4567', 'salt': 'u07iErNC', 'md5': '535005488881e88553ec151d4b489020', 'sha1': 'a6d1613772e22cb62b9569a29ede724f86fa7ad4', 'sha256': 'fc416d7131e97a24dddfbeeace5659f14ba54551bdec42f63b35ecc36783e3d4'}, 'dob': {'date': '1973-11-01T05:13:56.376Z', 'age': 50}, 'registered': {'date': '2005-01-14T21:34:01.816Z', 'age': 19}, 'phone': '(381) 200-2601', 'cell': '(349) 597-1789', 'id': {'name': 'SSN', 'value': '670-43-6438'}, 'picture': {'large': 'https://randomuser.me/api/portraits/men/47.jpg', 'medium': 'https://randomuser.me/api/portraits/med/men/47.jpg', 'thumbnail': 'https://randomuser.me/api/portraits/thumb/men/47.jpg'}, 'nat': 'US'}], 'info': {'seed': 'f5bb68f6e2f424d4', 'results': 1, 'page': 1, 'version': '1.4'}}</msg>
<arg>${json_data}</arg>
<doc>Logs the given message with the given level.</doc>
<status status="PASS" start="2024-07-02T22:14:22.626437" elapsed="0.000196"/>
</kw>
<kw name="Should Be Equal As Numbers" owner="BuiltIn">
<arg>${json_data['results'][0]['location']['postcode']}</arg>
<arg>${json_data['results'][0]['location']['postcode']}</arg>
<doc>Fails if objects are unequal after converting them to real numbers.</doc>
<status status="PASS" start="2024-07-02T22:14:22.626918" elapsed="0.000614"/>
</kw>
<kw name="Log" owner="BuiltIn">
<msg time="2024-07-02T22:14:22.628180" level="INFO">28478</msg>
<arg>${json_data['results'][0]['location']['postcode']}</arg>
<doc>Logs the given message with the given level.</doc>
<status status="PASS" start="2024-07-02T22:14:22.627721" elapsed="0.000500"/>
</kw>
<status status="PASS" start="2024-07-02T22:14:22.530877" elapsed="0.097621"/>
</kw>
<doc>Testa se os tipos de dados na resposta da API estão corretos.</doc>
<tag>testeTiposDados</tag>
<status status="PASS" start="2024-07-02T22:14:22.433304" elapsed="0.195355"/>
</test>
<test id="s1-s1-t5" name="Validar conteudo" line="35">
<kw name="Teste de Tipos de Conteudo" owner="random-user-service">
<kw name="GET On Session" owner="RequestsLibrary">
<msg time="2024-07-02T22:14:22.725336" level="INFO">GET Request : url=https://randomuser.me/api 
 path_url=/api 
 headers={'User-Agent': 'python-requests/2.32.3', 'Accept-Encoding': 'gzip, deflate', 'Accept': '*/*', 'Connection': 'keep-alive'} 
 body=None 
 </msg>
<msg time="2024-07-02T22:14:22.725420" level="INFO">GET Response : url=https://randomuser.me/api 
 status=200, reason=OK 
 headers={'Date': 'Tue, 02 Jul 2024 22:14:22 GMT', 'Content-Type': 'application/json; charset=utf-8', 'Transfer-Encoding': 'chunked', 'Connection': 'keep-alive', 'X-Powered-By': 'Express', 'Access-Control-Allow-Origin': '*', 'Cache-Control': 'no-cache', 'ETag': 'W/"47a-kAQhFW1rUCd0uuoopcwtmzH3NsQ"', 'Vary': 'Accept-Encoding', 'Content-Encoding': 'gzip', 'CF-Cache-Status': 'DYNAMIC', 'Report-To': '{"endpoints":[{"url":"https:\\/\\/a.nel.cloudflare.com\\/report\\/v4?s=45JtZX%2BOLPNznqMLf3TZAz9mM8KZBK6OqGkSpbOUB3Q%2BjQGbGoe4y8cRFl2NPXxFV0y7DH5Wq%2BS6n9SHGdq4rNYxxCMyNHGaLnaxTjYsyW8I3i9TZKKLHMW9SUpL%2BdOX"}],"group":"cf-nel","max_age":604800}', 'NEL': '{"success_fraction":0,"report_to":"cf-nel","max_age":604800}', 'Server': 'cloudflare', 'CF-RAY': '89d1fd077c69169a-SJC', 'alt-svc': 'h3=":443"; ma=86400'} 
 body={"results":[{"gender":"female","name":{"title":"Mrs","first":"Serafima","last":"Klevan"},"location":{"street":{"number":3704,"name":"Lipneva"},"city":"Konotop","state":"Donecka","country":"Ukraine","postcode":27965,"coordinates":{"latitude":"73.2018","longitude":"28.8201"},"timezone":{"offset":"+2:00","description":"Kaliningrad, South Africa"}},"email":"serafima.klevan@example.com","login":{"uuid":"c6585863-30b5-445f-866a-f949600d99cd","username":"redzebra613","password":"gate","salt":"cQttx0rz","md5":"9e87d9d3d5064d3ea021e768aaee61fe","sha1":"77bd57cbbccf22fddaede4bf911cf3f59eb34ff8","sha256":"cb4081f41f71d33dfd7d2b0cec8fa10d5d26451663fbe640c63fd7920dde395f"},"dob":{"date":"1959-06-01T23:08:08.006Z","age":65},"registered":{"date":"2014-01-26T09:25:45.280Z","age":10},"phone":"(066) A85-5786","cell":"(097) T78-0559","id":{"name":"","value":null},"picture":{"large":"https://randomuser.me/api/portraits/women/38.jpg","medium":"https://randomuser.me/api/portraits/med/women/38.jpg","thumbnail":"https://randomuser.me/api/portraits/thumb/women/38.jpg"},"nat":"UA"}],"info":{"seed":"bf074b7172825f68","results":1,"page":1,"version":"1.4"}} 
 </msg>
<msg time="2024-07-02T22:14:22.725496" level="INFO">/opt/hostedtoolcache/Python/3.12.4/x64/lib/python3.12/site-packages/urllib3/connectionpool.py:1099: InsecureRequestWarning: Unverified HTTPS request is being made to host 'randomuser.me'. Adding certificate verification is strongly advised. See: https://urllib3.readthedocs.io/en/latest/advanced-usage.html#tls-warnings
  warnings.warn(</msg>
<msg time="2024-07-02T22:14:22.725610" level="INFO">${response} = &lt;Response [200]&gt;</msg>
<var>${response}</var>
<arg>consultarAPI</arg>
<arg>/api</arg>
<doc>Sends a GET request on a previously created HTTP Session.</doc>
<status status="PASS" start="2024-07-02T22:14:22.631099" elapsed="0.094566"/>
</kw>
<kw name="Set Variable" owner="BuiltIn">
<msg time="2024-07-02T22:14:22.726754" level="INFO">${json_data} = {'results': [{'gender': 'female', 'name': {'title': 'Mrs', 'first': 'Serafima', 'last': 'Klevan'}, 'location': {'street': {'number': 3704, 'name': 'Lipneva'}, 'city': 'Konotop', 'state': 'Donecka', 'c...</msg>
<var>${json_data}</var>
<arg>${response.json()}</arg>
<doc>Returns the given values which can then be assigned to a variables.</doc>
<status status="PASS" start="2024-07-02T22:14:22.726208" elapsed="0.000574"/>
</kw>
<kw name="Set Variable" owner="BuiltIn">
<msg time="2024-07-02T22:14:22.727450" level="INFO">${name_title} = Mrs</msg>
<var>${name_title}</var>
<arg>${json_data["results"][0]["name"]["title"]}</arg>
<doc>Returns the given values which can then be assigned to a variables.</doc>
<status status="PASS" start="2024-07-02T22:14:22.727080" elapsed="0.000395"/>
</kw>
<kw name="Create List" owner="BuiltIn">
<msg time="2024-07-02T22:14:22.727912" level="INFO">${allowed_titles} = ['Mr', 'Ms', 'Miss', 'Mrs', 'Madame', 'Monsieur']</msg>
<var>${allowed_titles}</var>
<arg>Mr</arg>
<arg>Ms</arg>
<arg>Miss</arg>
<arg>Mrs</arg>
<arg>Madame</arg>
<arg>Monsieur</arg>
<doc>Returns a list containing given items.</doc>
<status status="PASS" start="2024-07-02T22:14:22.727766" elapsed="0.000169"/>
</kw>
<kw name="List Should Contain Value" owner="Collections">
<arg>${allowed_titles}</arg>
<arg>${name_title}</arg>
<doc>Fails if the ``value`` is not found from ``list``.</doc>
<status status="PASS" start="2024-07-02T22:14:22.728225" elapsed="0.000171"/>
</kw>
<kw name="Set Variable" owner="BuiltIn">
<msg time="2024-07-02T22:14:22.728969" level="INFO">${name_country} = UA</msg>
<var>${name_country}</var>
<arg>${json_data["results"][0]["nat"]}</arg>
<doc>Returns the given values which can then be assigned to a variables.</doc>
<status status="PASS" start="2024-07-02T22:14:22.728578" elapsed="0.000416"/>
</kw>
<kw name="Create List" owner="BuiltIn">
<msg time="2024-07-02T22:14:22.729887" level="INFO">${list_country} = ['AD', 'AE', 'AF', 'AG', 'AI', 'AL', 'AM', 'AO', 'AQ', 'AR', 'AS', 'AT', 'AU', 'AW', 'AX', 'AZ', 'BA', 'BB', 'BD', 'BE', 'BF', 'BG', 'BH', 'BI', 'BJ', 'BL', 'BM', 'BN', 'BO', 'BQ', 'BR', 'BS', 'BT', '...</msg>
<var>${list_country}</var>
<arg>AD</arg>
<arg>AE</arg>
<arg>AF</arg>
<arg>AG</arg>
<arg>AI</arg>
<arg>AL</arg>
<arg>AM</arg>
<arg>AO</arg>
<arg>AQ</arg>
<arg>AR</arg>
<arg>AS</arg>
<arg>AT</arg>
<arg>AU</arg>
<arg>AW</arg>
<arg>AX</arg>
<arg>AZ</arg>
<arg>BA</arg>
<arg>BB</arg>
<arg>BD</arg>
<arg>BE</arg>
<arg>BF</arg>
<arg>BG</arg>
<arg>BH</arg>
<arg>BI</arg>
<arg>BJ</arg>
<arg>BL</arg>
<arg>BM</arg>
<arg>BN</arg>
<arg>BO</arg>
<arg>BQ</arg>
<arg>BR</arg>
<arg>BS</arg>
<arg>BT</arg>
<arg>BV</arg>
<arg>BW</arg>
<arg>BY</arg>
<arg>BZ</arg>
<arg>CA</arg>
<arg>CC</arg>
<arg>CD</arg>
<arg>CF</arg>
<arg>CG</arg>
<arg>CH</arg>
<arg>CI</arg>
<arg>CK</arg>
<arg>CL</arg>
<arg>CM</arg>
<arg>CN</arg>
<arg>CO</arg>
<arg>CR</arg>
<arg>CU</arg>
<arg>CV</arg>
<arg>CW</arg>
<arg>CX</arg>
<arg>CY</arg>
<arg>CZ</arg>
<arg>DE</arg>
<arg>DJ</arg>
<arg>DK</arg>
<arg>DM</arg>
<arg>DO</arg>
<arg>DZ</arg>
<arg>EC</arg>
<arg>EE</arg>
<arg>EG</arg>
<arg>EH</arg>
<arg>ER</arg>
<arg>ES</arg>
<arg>ET</arg>
<arg>FI</arg>
<arg>FJ</arg>
<arg>FK</arg>
<arg>FM</arg>
<arg>FO</arg>
<arg>FR</arg>
<arg>GA</arg>
<arg>GB</arg>
<arg>GD</arg>
<arg>GE</arg>
<arg>GF</arg>
<arg>GG</arg>
<arg>GH</arg>
<arg>GI</arg>
<arg>GL</arg>
<arg>GM</arg>
<arg>GN</arg>
<arg>GP</arg>
<arg>GQ</arg>
<arg>GR</arg>
<arg>GS</arg>
<arg>GT</arg>
<arg>GU</arg>
<arg>GW</arg>
<arg>GY</arg>
<arg>HK</arg>
<arg>HM</arg>
<arg>HN</arg>
<arg>HR</arg>
<arg>HT</arg>
<arg>HU</arg>
<arg>ID</arg>
<arg>IE</arg>
<arg>IL</arg>
<arg>IM</arg>
<arg>IN</arg>
<arg>IO</arg>
<arg>IQ</arg>
<arg>IR</arg>
<arg>IS</arg>
<arg>IT</arg>
<arg>JE</arg>
<arg>JM</arg>
<arg>JO</arg>
<arg>JP</arg>
<arg>KE</arg>
<arg>KG</arg>
<arg>KH</arg>
<arg>KI</arg>
<arg>KM</arg>
<arg>KN</arg>
<arg>KP</arg>
<arg>KR</arg>
<arg>KW</arg>
<arg>KY</arg>
<arg>KZ</arg>
<arg>LA</arg>
<arg>LB</arg>
<arg>LC</arg>
<arg>LI</arg>
<arg>LK</arg>
<arg>LR</arg>
<arg>LS</arg>
<arg>LT</arg>
<arg>LU</arg>
<arg>LV</arg>
<arg>LY</arg>
<arg>MA</arg>
<arg>MC</arg>
<arg>MD</arg>
<arg>ME</arg>
<arg>MF</arg>
<arg>MG</arg>
<arg>MH</arg>
<arg>MK</arg>
<arg>ML</arg>
<arg>MM</arg>
<arg>MN</arg>
<arg>MO</arg>
<arg>MP</arg>
<arg>MQ</arg>
<arg>MR</arg>
<arg>MS</arg>
<arg>MT</arg>
<arg>MU</arg>
<arg>MV</arg>
<arg>MW</arg>
<arg>MX</arg>
<arg>MY</arg>
<arg>MZ</arg>
<arg>NA</arg>
<arg>NC</arg>
<arg>NE</arg>
<arg>NF</arg>
<arg>NG</arg>
<arg>NI</arg>
<arg>NL</arg>
<arg>NO</arg>
<arg>NP</arg>
<arg>NR</arg>
<arg>NU</arg>
<arg>NZ</arg>
<arg>OM</arg>
<arg>PA</arg>
<arg>PE</arg>
<arg>PF</arg>
<arg>PG</arg>
<arg>PH</arg>
<arg>PK</arg>
<arg>PL</arg>
<arg>PM</arg>
<arg>PN</arg>
<arg>PR</arg>
<arg>PS</arg>
<arg>PT</arg>
<arg>PW</arg>
<arg>PY</arg>
<arg>QA</arg>
<arg>RE</arg>
<arg>RO</arg>
<arg>RS</arg>
<arg>RU</arg>
<arg>RW</arg>
<arg>SA</arg>
<arg>SB</arg>
<arg>SC</arg>
<arg>SD</arg>
<arg>SE</arg>
<arg>SG</arg>
<arg>SH</arg>
<arg>SI</arg>
<arg>SJ</arg>
<arg>SK</arg>
<arg>SL</arg>
<arg>SM</arg>
<arg>SN</arg>
<arg>SO</arg>
<arg>SR</arg>
<arg>SS</arg>
<arg>ST</arg>
<arg>SV</arg>
<arg>SX</arg>
<arg>SY</arg>
<arg>SZ</arg>
<arg>TC</arg>
<arg>TD</arg>
<arg>TF</arg>
<arg>TG</arg>
<arg>TH</arg>
<arg>TJ</arg>
<arg>TK</arg>
<arg>TL</arg>
<arg>TM</arg>
<arg>TN</arg>
<arg>TO</arg>
<arg>TR</arg>
<arg>TT</arg>
<arg>TV</arg>
<arg>TW</arg>
<arg>TZ</arg>
<arg>UA</arg>
<arg>UG</arg>
<arg>UM</arg>
<arg>US</arg>
<arg>UY</arg>
<arg>UZ</arg>
<arg>VA</arg>
<arg>VC</arg>
<arg>VE</arg>
<arg>VG</arg>
<arg>VI</arg>
<arg>VN</arg>
<arg>VU</arg>
<arg>WF</arg>
<arg>WS</arg>
<arg>XK</arg>
<arg>YE</arg>
<arg>YT</arg>
<arg>ZA</arg>
<arg>ZM</arg>
<arg>ZW</arg>
<doc>Returns a list containing given items.</doc>
<status status="PASS" start="2024-07-02T22:14:22.729291" elapsed="0.000621"/>
</kw>
<kw name="List Should Contain Value" owner="Collections">
<arg>${list_country}</arg>
<arg>${name_country}</arg>
<doc>Fails if the ``value`` is not found from ``list``.</doc>
<status status="PASS" start="2024-07-02T22:14:22.730704" elapsed="0.000200"/>
</kw>
<kw name="Run Keyword If" owner="BuiltIn">
<kw name="Should Be True" owner="BuiltIn">
<arg>${True}</arg>
<doc>Fails if the given condition is not true.</doc>
<status status="PASS" start="2024-07-02T22:14:22.731819" elapsed="0.000139"/>
</kw>
<arg>${json_data["results"][0]["location"]["coordinates"]["latitude"]} &gt;= -90 and ${json_data["results"][0]["location"]["coordinates"]["latitude"]} &lt;= 90</arg>
<arg>Should Be True</arg>
<arg>${True}</arg>
<doc>Runs the given keyword with the given arguments, if ``condition`` is true.</doc>
<status status="PASS" start="2024-07-02T22:14:22.731095" elapsed="0.000984"/>
</kw>
<kw name="Run Keyword If" owner="BuiltIn">
<kw name="Should Be True" owner="BuiltIn">
<arg>${True}</arg>
<doc>Fails if the given condition is not true.</doc>
<status status="PASS" start="2024-07-02T22:14:22.732961" elapsed="0.000231"/>
</kw>
<arg>${json_data["results"][0]["location"]["coordinates"]["longitude"]} &gt;= -180 and ${json_data["results"][0]["location"]["coordinates"]["longitude"]} &lt;= 180</arg>
<arg>Should Be True</arg>
<arg>${True}</arg>
<doc>Runs the given keyword with the given arguments, if ``condition`` is true.</doc>
<status status="PASS" start="2024-07-02T22:14:22.732257" elapsed="0.001062"/>
</kw>
<status status="PASS" start="2024-07-02T22:14:22.630886" elapsed="0.102562"/>
</kw>
<doc>Testa o conteúdo específico dos campos retornados pela API.</doc>
<tag>testeConteudo</tag>
<status status="PASS" start="2024-07-02T22:14:22.630402" elapsed="0.103190"/>
</test>
<status status="PASS" start="2024-07-02T22:14:21.666182" elapsed="1.069348"/>
</suite>
<status status="PASS" start="2024-07-02T22:14:21.652001" elapsed="1.088572"/>
</suite>
<statistics>
<total>
<stat pass="5" fail="0" skip="0">All Tests</stat>
</total>
<tag>
<stat pass="1" fail="0" skip="0">testeConteudo</stat>
<stat pass="1" fail="0" skip="0">testeEstruturaResposta</stat>
<stat pass="1" fail="0" skip="0">testeRequisicaoBasica</stat>
<stat pass="1" fail="0" skip="0">testeTiposDados</stat>
</tag>
<suite>
<stat pass="5" fail="0" skip="0" id="s1" name="Tests">Tests</stat>
<stat pass="5" fail="0" skip="0" id="s1-s1" name="Random-User-Test">Tests.Random-User-Test</stat>
</suite>
</statistics>
<errors>
</errors>
</robot>
