<?xml version="1.0" encoding="UTF-8"?>
<robot generator="Robot 7.0 (Python 3.12.3 on linux)" generated="2024-04-27T06:18:38.363012" rpa="false" schemaversion="5">
<suite id="s1" name="Tests" source="/home/runner/work/DesafioQAItauRogerioJordao/DesafioQAItauRogerioJordao/RamdonUser/tests">
<suite id="s1-s1" name="Random-User-Test" source="/home/runner/work/DesafioQAItauRogerioJordao/DesafioQAItauRogerioJordao/RamdonUser/tests/random-user-test.robot">
<test id="s1-s1-t1" name="Conectar" line="13">
<kw name="Conectar API" owner="random-user-service">
<kw name="Create Session" owner="RequestsLibrary">
<msg time="2024-04-27T06:18:38.747769" level="INFO">Creating Session using : alias=consultarAPI, url=https://randomuser.me/, headers={},                     cookies={}, auth=None, timeout=None, proxies=None, verify=False,                     debug=0 </msg>
<arg>consultarAPI</arg>
<arg>${URL}</arg>
<doc>Create Session: create a HTTP session to a server</doc>
<status status="PASS" start="2024-04-27T06:18:38.747575" elapsed="0.000365"/>
</kw>
<status status="PASS" start="2024-04-27T06:18:38.746649" elapsed="0.001640"/>
</kw>
<status status="PASS" start="2024-04-27T06:18:38.746101" elapsed="0.002379"/>
</test>
<test id="s1-s1-t2" name="Validar retorno 200 e JSON Válido" line="16">
<kw name="Teste de Requisicao Basica" owner="random-user-service">
<kw name="GET On Session" owner="RequestsLibrary">
<msg time="2024-04-27T06:18:38.819375" level="INFO">GET Request : url=https://randomuser.me/api 
 path_url=/api 
 headers={'User-Agent': 'python-requests/2.31.0', 'Accept-Encoding': 'gzip, deflate', 'Accept': '*/*', 'Connection': 'keep-alive'} 
 body=None 
 </msg>
<msg time="2024-04-27T06:18:38.819496" level="INFO">GET Response : url=https://randomuser.me/api 
 status=200, reason=OK 
 headers={'Date': 'Sat, 27 Apr 2024 06:18:38 GMT', 'Content-Type': 'application/json; charset=utf-8', 'Transfer-Encoding': 'chunked', 'Connection': 'keep-alive', 'X-Powered-By': 'Express', 'Access-Control-Allow-Origin': '*', 'Cache-Control': 'no-cache', 'ETag': 'W/"4a8-l0xsfrpRAaFxQGJQGLhcsL4LWG0"', 'Vary': 'Accept-Encoding', 'Content-Encoding': 'gzip', 'CF-Cache-Status': 'DYNAMIC', 'Report-To': '{"endpoints":[{"url":"https:\\/\\/a.nel.cloudflare.com\\/report\\/v4?s=G0y1Pn9JnMMxAPNAxjQ7Y187eirdUKzkSJxPVNEu%2F%2BbCei98r0zSmBLc0BLL2hPNoZbmp7Juvq70TtUhEGhsy2oYe8RjqkmkDWcvYU5w2KEKF86pRdtICPahme%2F6ohpF"}],"group":"cf-nel","max_age":604800}', 'NEL': '{"success_fraction":0,"report_to":"cf-nel","max_age":604800}', 'Server': 'cloudflare', 'CF-RAY': '87acb2486c3c57ea-IAD', 'alt-svc': 'h3=":443"; ma=86400'} 
 body={"results":[{"gender":"female","name":{"title":"Ms","first":"Natalia","last":"Pizarro"},"location":{"street":{"number":7964,"name":"Calle Tonga"},"city":"San Lorenzo Malacota","state":"Jalisco","country":"Mexico","postcode":97850,"coordinates":{"latitude":"25.5378","longitude":"76.1416"},"timezone":{"offset":"+4:00","description":"Abu Dhabi, Muscat, Baku, Tbilisi"}},"email":"natalia.pizarro@example.com","login":{"uuid":"bbe9c3b7-fd0d-4c8e-a791-55cd8fcc7866","username":"beautifulfrog388","password":"meredith","salt":"YdZWF6yC","md5":"84957d38fb5564ca41f33758beee08c0","sha1":"7ca672644a077305d2d94bf7c9f9ffae43152fb8","sha256":"62924e7824b911e1b0f98aadd008a40afe5b02787aa5e2051650ab46e381fa88"},"dob":{"date":"1990-03-16T18:25:34.356Z","age":34},"registered":{"date":"2019-09-19T10:20:50.066Z","age":4},"phone":"(698) 745 4445","cell":"(688) 612 7456","id":{"name":"NSS","value":"70 86 38 7583 4"},"picture":{"large":"https://randomuser.me/api/portraits/women/53.jpg","medium":"https://randomuser.me/api/portraits/med/women/53.jpg","thumbnail":"https://randomuser.me/api/portraits/thumb/women/53.jpg"},"nat":"MX"}],"info":{"seed":"48def2c7074cbc9a","results":1,"page":1,"version":"1.4"}} 
 </msg>
<msg time="2024-04-27T06:18:38.819562" level="INFO">/opt/hostedtoolcache/Python/3.12.3/x64/lib/python3.12/site-packages/urllib3/connectionpool.py:1103: InsecureRequestWarning: Unverified HTTPS request is being made to host 'randomuser.me'. Adding certificate verification is strongly advised. See: https://urllib3.readthedocs.io/en/latest/advanced-usage.html#tls-warnings
  warnings.warn(</msg>
<msg time="2024-04-27T06:18:38.819664" level="INFO">${response} = &lt;Response [200]&gt;</msg>
<var>${response}</var>
<arg>consultarAPI</arg>
<arg>/api</arg>
<doc>Sends a GET request on a previously created HTTP Session.</doc>
<status status="PASS" start="2024-04-27T06:18:38.751051" elapsed="0.068652"/>
</kw>
<kw name="Should Be Equal As Numbers" owner="BuiltIn">
<msg time="2024-04-27T06:18:38.820594" level="INFO">Argument types are:
&lt;class 'int'&gt;
&lt;class 'str'&gt;</msg>
<arg>${response.status_code}</arg>
<arg>200</arg>
<doc>Fails if objects are unequal after converting them to real numbers.</doc>
<status status="PASS" start="2024-04-27T06:18:38.820190" elapsed="0.000467"/>
</kw>
<kw name="Log" owner="BuiltIn">
<msg time="2024-04-27T06:18:38.821347" level="INFO">200</msg>
<arg>${response.status_code}</arg>
<doc>Logs the given message with the given level.</doc>
<status status="PASS" start="2024-04-27T06:18:38.820993" elapsed="0.000397"/>
</kw>
<kw name="Set Variable" owner="BuiltIn">
<msg time="2024-04-27T06:18:38.822118" level="INFO">${json_data} = {'results': [{'gender': 'female', 'name': {'title': 'Ms', 'first': 'Natalia', 'last': 'Pizarro'}, 'location': {'street': {'number': 7964, 'name': 'Calle Tonga'}, 'city': 'San Lorenzo Malacota', 'state...</msg>
<var>${json_data}</var>
<arg>${response.json()}</arg>
<doc>Returns the given values which can then be assigned to a variables.</doc>
<status status="PASS" start="2024-04-27T06:18:38.821691" elapsed="0.000495"/>
</kw>
<kw name="Dictionary Should Contain Key" owner="Collections">
<msg time="2024-04-27T06:18:38.822675" level="INFO">False</msg>
<arg>${json_data}</arg>
<arg>results</arg>
<doc>Fails if ``key`` is not found from ``dictionary``.</doc>
<status status="PASS" start="2024-04-27T06:18:38.822502" elapsed="0.000215"/>
</kw>
<status status="PASS" start="2024-04-27T06:18:38.750804" elapsed="0.072178"/>
</kw>
<doc>Testa se a API responde corretamente e retorna um objeto JSON válido.</doc>
<tag>testeRequisicaoBasica</tag>
<status status="PASS" start="2024-04-27T06:18:38.750344" elapsed="0.072805"/>
</test>
<test id="s1-s1-t3" name="Validar estrutura de resposta" line="22">
<kw name="Teste de Estrutura de Resposta" owner="random-user-service">
<kw name="GET On Session" owner="RequestsLibrary">
<msg time="2024-04-27T06:18:38.910639" level="INFO">GET Request : url=https://randomuser.me/api 
 path_url=/api 
 headers={'User-Agent': 'python-requests/2.31.0', 'Accept-Encoding': 'gzip, deflate', 'Accept': '*/*', 'Connection': 'keep-alive'} 
 body=None 
 </msg>
<msg time="2024-04-27T06:18:38.910702" level="INFO">GET Response : url=https://randomuser.me/api 
 status=200, reason=OK 
 headers={'Date': 'Sat, 27 Apr 2024 06:18:38 GMT', 'Content-Type': 'application/json; charset=utf-8', 'Transfer-Encoding': 'chunked', 'Connection': 'keep-alive', 'X-Powered-By': 'Express', 'Access-Control-Allow-Origin': '*', 'Cache-Control': 'no-cache', 'ETag': 'W/"4a0-aE727G8j/tz08ZDFcJ/tjOtWMsU"', 'Vary': 'Accept-Encoding', 'Content-Encoding': 'gzip', 'CF-Cache-Status': 'DYNAMIC', 'Report-To': '{"endpoints":[{"url":"https:\\/\\/a.nel.cloudflare.com\\/report\\/v4?s=XRPwOdf7AwW6hcr3hGejkHAT%2F3hVBWgFoMeOOCWQx0xUmr%2B%2FkFe5KYXYs%2F9Zaikmrdzufe24D037EOSIH%2Fyi3AqMmz5z3cvFEhHFkIvQ0coB%2Fxblq9DFZ%2FmW8hpVecAN"}],"group":"cf-nel","max_age":604800}', 'NEL': '{"success_fraction":0,"report_to":"cf-nel","max_age":604800}', 'Server': 'cloudflare', 'CF-RAY': '87acb248ac4f57ea-IAD', 'alt-svc': 'h3=":443"; ma=86400'} 
 body={"results":[{"gender":"male","name":{"title":"Mr","first":"Julius","last":"Korhonen"},"location":{"street":{"number":1252,"name":"Pispalan Valtatie"},"city":"Sievi","state":"Central Finland","country":"Finland","postcode":62421,"coordinates":{"latitude":"-25.2911","longitude":"-139.9284"},"timezone":{"offset":"+9:00","description":"Tokyo, Seoul, Osaka, Sapporo, Yakutsk"}},"email":"julius.korhonen@example.com","login":{"uuid":"65e29c09-cbaa-4c2e-acd4-956ba73d0b8f","username":"smallfrog652","password":"rocco","salt":"XRPNXi6P","md5":"5fc5249032eecb40929d7ebf7ba36022","sha1":"b4fd516f951c48ef4dbd6d803de58f23b371c003","sha256":"acfa204bbc7c89ef74b87c1d2d19dfc6d8c55fa43afa8f53882a1cc7ba1d3a5c"},"dob":{"date":"1965-09-10T21:12:48.543Z","age":58},"registered":{"date":"2009-12-23T14:25:11.288Z","age":14},"phone":"07-418-075","cell":"049-388-45-13","id":{"name":"HETU","value":"NaNNA735undefined"},"picture":{"large":"https://randomuser.me/api/portraits/men/73.jpg","medium":"https://randomuser.me/api/portraits/med/men/73.jpg","thumbnail":"https://randomuser.me/api/portraits/thumb/men/73.jpg"},"nat":"FI"}],"info":{"seed":"6c72e232f261da4d","results":1,"page":1,"version":"1.4"}} 
 </msg>
<msg time="2024-04-27T06:18:38.910800" level="INFO">/opt/hostedtoolcache/Python/3.12.3/x64/lib/python3.12/site-packages/urllib3/connectionpool.py:1103: InsecureRequestWarning: Unverified HTTPS request is being made to host 'randomuser.me'. Adding certificate verification is strongly advised. See: https://urllib3.readthedocs.io/en/latest/advanced-usage.html#tls-warnings
  warnings.warn(</msg>
<msg time="2024-04-27T06:18:38.910910" level="INFO">${response} = &lt;Response [200]&gt;</msg>
<var>${response}</var>
<arg>consultarAPI</arg>
<arg>/api</arg>
<doc>Sends a GET request on a previously created HTTP Session.</doc>
<status status="PASS" start="2024-04-27T06:18:38.825691" elapsed="0.085259"/>
</kw>
<kw name="Set Variable" owner="BuiltIn">
<msg time="2024-04-27T06:18:38.911772" level="INFO">${json_data} = {'results': [{'gender': 'male', 'name': {'title': 'Mr', 'first': 'Julius', 'last': 'Korhonen'}, 'location': {'street': {'number': 1252, 'name': 'Pispalan Valtatie'}, 'city': 'Sievi', 'state': 'Central...</msg>
<var>${json_data}</var>
<arg>${response.json()}</arg>
<doc>Returns the given values which can then be assigned to a variables.</doc>
<status status="PASS" start="2024-04-27T06:18:38.911321" elapsed="0.000480"/>
</kw>
<kw name="Log" owner="BuiltIn">
<msg time="2024-04-27T06:18:38.912254" level="INFO">{'results': [{'gender': 'male', 'name': {'title': 'Mr', 'first': 'Julius', 'last': 'Korhonen'}, 'location': {'street': {'number': 1252, 'name': 'Pispalan Valtatie'}, 'city': 'Sievi', 'state': 'Central Finland', 'country': 'Finland', 'postcode': 62421, 'coordinates': {'latitude': '-25.2911', 'longitude': '-139.9284'}, 'timezone': {'offset': '+9:00', 'description': 'Tokyo, Seoul, Osaka, Sapporo, Yakutsk'}}, 'email': 'julius.korhonen@example.com', 'login': {'uuid': '65e29c09-cbaa-4c2e-acd4-956ba73d0b8f', 'username': 'smallfrog652', 'password': 'rocco', 'salt': 'XRPNXi6P', 'md5': '5fc5249032eecb40929d7ebf7ba36022', 'sha1': 'b4fd516f951c48ef4dbd6d803de58f23b371c003', 'sha256': 'acfa204bbc7c89ef74b87c1d2d19dfc6d8c55fa43afa8f53882a1cc7ba1d3a5c'}, 'dob': {'date': '1965-09-10T21:12:48.543Z', 'age': 58}, 'registered': {'date': '2009-12-23T14:25:11.288Z', 'age': 14}, 'phone': '07-418-075', 'cell': '049-388-45-13', 'id': {'name': 'HETU', 'value': 'NaNNA735undefined'}, 'picture': {'large': 'https://randomuser.me/api/portraits/men/73.jpg', 'medium': 'https://randomuser.me/api/portraits/med/men/73.jpg', 'thumbnail': 'https://randomuser.me/api/portraits/thumb/men/73.jpg'}, 'nat': 'FI'}], 'info': {'seed': '6c72e232f261da4d', 'results': 1, 'page': 1, 'version': '1.4'}}</msg>
<arg>${json_data}</arg>
<doc>Logs the given message with the given level.</doc>
<status status="PASS" start="2024-04-27T06:18:38.912101" elapsed="0.000200"/>
</kw>
<kw name="Dictionary Should Contain Key" owner="Collections">
<msg time="2024-04-27T06:18:38.912741" level="INFO">False</msg>
<arg>${json_data}</arg>
<arg>results</arg>
<doc>Fails if ``key`` is not found from ``dictionary``.</doc>
<status status="PASS" start="2024-04-27T06:18:38.912587" elapsed="0.000190"/>
</kw>
<kw name="Should Not Be Empty" owner="BuiltIn">
<msg time="2024-04-27T06:18:38.913196" level="INFO">Length is 2.</msg>
<arg>${json_data}</arg>
<doc>Verifies that the given item is not empty.</doc>
<status status="PASS" start="2024-04-27T06:18:38.913061" elapsed="0.000297"/>
</kw>
<kw name="Create List" owner="BuiltIn">
<msg time="2024-04-27T06:18:38.913804" level="INFO">${expected_keys} = ['gender', 'name', 'location', 'email', 'login']</msg>
<var>${expected_keys}</var>
<arg>gender</arg>
<arg>name</arg>
<arg>location</arg>
<arg>email</arg>
<arg>login</arg>
<doc>Returns a list containing given items.</doc>
<status status="PASS" start="2024-04-27T06:18:38.913651" elapsed="0.000178"/>
</kw>
<for flavor="IN">
<iter>
<kw name="Dictionary Should Contain Key" owner="Collections">
<msg time="2024-04-27T06:18:38.914819" level="INFO">False</msg>
<arg>${json_data['results'][0]}</arg>
<arg>${key}</arg>
<doc>Fails if ``key`` is not found from ``dictionary``.</doc>
<status status="PASS" start="2024-04-27T06:18:38.914422" elapsed="0.000435"/>
</kw>
<kw name="Log" owner="BuiltIn">
<msg time="2024-04-27T06:18:38.915529" level="INFO">{'gender': 'male', 'name': {'title': 'Mr', 'first': 'Julius', 'last': 'Korhonen'}, 'location': {'street': {'number': 1252, 'name': 'Pispalan Valtatie'}, 'city': 'Sievi', 'state': 'Central Finland', 'country': 'Finland', 'postcode': 62421, 'coordinates': {'latitude': '-25.2911', 'longitude': '-139.9284'}, 'timezone': {'offset': '+9:00', 'description': 'Tokyo, Seoul, Osaka, Sapporo, Yakutsk'}}, 'email': 'julius.korhonen@example.com', 'login': {'uuid': '65e29c09-cbaa-4c2e-acd4-956ba73d0b8f', 'username': 'smallfrog652', 'password': 'rocco', 'salt': 'XRPNXi6P', 'md5': '5fc5249032eecb40929d7ebf7ba36022', 'sha1': 'b4fd516f951c48ef4dbd6d803de58f23b371c003', 'sha256': 'acfa204bbc7c89ef74b87c1d2d19dfc6d8c55fa43afa8f53882a1cc7ba1d3a5c'}, 'dob': {'date': '1965-09-10T21:12:48.543Z', 'age': 58}, 'registered': {'date': '2009-12-23T14:25:11.288Z', 'age': 14}, 'phone': '07-418-075', 'cell': '049-388-45-13', 'id': {'name': 'HETU', 'value': 'NaNNA735undefined'}, 'picture': {'large': 'https://randomuser.me/api/portraits/men/73.jpg', 'medium': 'https://randomuser.me/api/portraits/med/men/73.jpg', 'thumbnail': 'https://randomuser.me/api/portraits/thumb/men/73.jpg'}, 'nat': 'FI'}</msg>
<arg>${json_data['results'][0]}</arg>
<doc>Logs the given message with the given level.</doc>
<status status="PASS" start="2024-04-27T06:18:38.915163" elapsed="0.000414"/>
</kw>
<kw name="Log" owner="BuiltIn">
<msg time="2024-04-27T06:18:38.915999" level="INFO">gender</msg>
<arg>${key}</arg>
<doc>Logs the given message with the given level.</doc>
<status status="PASS" start="2024-04-27T06:18:38.915870" elapsed="0.000166"/>
</kw>
<var name="${key}">gender</var>
<status status="PASS" start="2024-04-27T06:18:38.914295" elapsed="0.001951"/>
</iter>
<iter>
<kw name="Dictionary Should Contain Key" owner="Collections">
<msg time="2024-04-27T06:18:38.916931" level="INFO">False</msg>
<arg>${json_data['results'][0]}</arg>
<arg>${key}</arg>
<doc>Fails if ``key`` is not found from ``dictionary``.</doc>
<status status="PASS" start="2024-04-27T06:18:38.916544" elapsed="0.000424"/>
</kw>
<kw name="Log" owner="BuiltIn">
<msg time="2024-04-27T06:18:38.917652" level="INFO">{'gender': 'male', 'name': {'title': 'Mr', 'first': 'Julius', 'last': 'Korhonen'}, 'location': {'street': {'number': 1252, 'name': 'Pispalan Valtatie'}, 'city': 'Sievi', 'state': 'Central Finland', 'country': 'Finland', 'postcode': 62421, 'coordinates': {'latitude': '-25.2911', 'longitude': '-139.9284'}, 'timezone': {'offset': '+9:00', 'description': 'Tokyo, Seoul, Osaka, Sapporo, Yakutsk'}}, 'email': 'julius.korhonen@example.com', 'login': {'uuid': '65e29c09-cbaa-4c2e-acd4-956ba73d0b8f', 'username': 'smallfrog652', 'password': 'rocco', 'salt': 'XRPNXi6P', 'md5': '5fc5249032eecb40929d7ebf7ba36022', 'sha1': 'b4fd516f951c48ef4dbd6d803de58f23b371c003', 'sha256': 'acfa204bbc7c89ef74b87c1d2d19dfc6d8c55fa43afa8f53882a1cc7ba1d3a5c'}, 'dob': {'date': '1965-09-10T21:12:48.543Z', 'age': 58}, 'registered': {'date': '2009-12-23T14:25:11.288Z', 'age': 14}, 'phone': '07-418-075', 'cell': '049-388-45-13', 'id': {'name': 'HETU', 'value': 'NaNNA735undefined'}, 'picture': {'large': 'https://randomuser.me/api/portraits/men/73.jpg', 'medium': 'https://randomuser.me/api/portraits/med/men/73.jpg', 'thumbnail': 'https://randomuser.me/api/portraits/thumb/men/73.jpg'}, 'nat': 'FI'}</msg>
<arg>${json_data['results'][0]}</arg>
<doc>Logs the given message with the given level.</doc>
<status status="PASS" start="2024-04-27T06:18:38.917287" elapsed="0.000413"/>
</kw>
<kw name="Log" owner="BuiltIn">
<msg time="2024-04-27T06:18:38.918118" level="INFO">name</msg>
<arg>${key}</arg>
<doc>Logs the given message with the given level.</doc>
<status status="PASS" start="2024-04-27T06:18:38.917993" elapsed="0.000184"/>
</kw>
<var name="${key}">name</var>
<status status="PASS" start="2024-04-27T06:18:38.916429" elapsed="0.001963"/>
</iter>
<iter>
<kw name="Dictionary Should Contain Key" owner="Collections">
<msg time="2024-04-27T06:18:38.919057" level="INFO">False</msg>
<arg>${json_data['results'][0]}</arg>
<arg>${key}</arg>
<doc>Fails if ``key`` is not found from ``dictionary``.</doc>
<status status="PASS" start="2024-04-27T06:18:38.918679" elapsed="0.000415"/>
</kw>
<kw name="Log" owner="BuiltIn">
<msg time="2024-04-27T06:18:38.919761" level="INFO">{'gender': 'male', 'name': {'title': 'Mr', 'first': 'Julius', 'last': 'Korhonen'}, 'location': {'street': {'number': 1252, 'name': 'Pispalan Valtatie'}, 'city': 'Sievi', 'state': 'Central Finland', 'country': 'Finland', 'postcode': 62421, 'coordinates': {'latitude': '-25.2911', 'longitude': '-139.9284'}, 'timezone': {'offset': '+9:00', 'description': 'Tokyo, Seoul, Osaka, Sapporo, Yakutsk'}}, 'email': 'julius.korhonen@example.com', 'login': {'uuid': '65e29c09-cbaa-4c2e-acd4-956ba73d0b8f', 'username': 'smallfrog652', 'password': 'rocco', 'salt': 'XRPNXi6P', 'md5': '5fc5249032eecb40929d7ebf7ba36022', 'sha1': 'b4fd516f951c48ef4dbd6d803de58f23b371c003', 'sha256': 'acfa204bbc7c89ef74b87c1d2d19dfc6d8c55fa43afa8f53882a1cc7ba1d3a5c'}, 'dob': {'date': '1965-09-10T21:12:48.543Z', 'age': 58}, 'registered': {'date': '2009-12-23T14:25:11.288Z', 'age': 14}, 'phone': '07-418-075', 'cell': '049-388-45-13', 'id': {'name': 'HETU', 'value': 'NaNNA735undefined'}, 'picture': {'large': 'https://randomuser.me/api/portraits/men/73.jpg', 'medium': 'https://randomuser.me/api/portraits/med/men/73.jpg', 'thumbnail': 'https://randomuser.me/api/portraits/thumb/men/73.jpg'}, 'nat': 'FI'}</msg>
<arg>${json_data['results'][0]}</arg>
<doc>Logs the given message with the given level.</doc>
<status status="PASS" start="2024-04-27T06:18:38.919403" elapsed="0.000405"/>
</kw>
<kw name="Log" owner="BuiltIn">
<msg time="2024-04-27T06:18:38.920220" level="INFO">location</msg>
<arg>${key}</arg>
<doc>Logs the given message with the given level.</doc>
<status status="PASS" start="2024-04-27T06:18:38.920097" elapsed="0.000160"/>
</kw>
<var name="${key}">location</var>
<status status="PASS" start="2024-04-27T06:18:38.918568" elapsed="0.001900"/>
</iter>
<iter>
<kw name="Dictionary Should Contain Key" owner="Collections">
<msg time="2024-04-27T06:18:38.921127" level="INFO">False</msg>
<arg>${json_data['results'][0]}</arg>
<arg>${key}</arg>
<doc>Fails if ``key`` is not found from ``dictionary``.</doc>
<status status="PASS" start="2024-04-27T06:18:38.920746" elapsed="0.000417"/>
</kw>
<kw name="Log" owner="BuiltIn">
<msg time="2024-04-27T06:18:38.921809" level="INFO">{'gender': 'male', 'name': {'title': 'Mr', 'first': 'Julius', 'last': 'Korhonen'}, 'location': {'street': {'number': 1252, 'name': 'Pispalan Valtatie'}, 'city': 'Sievi', 'state': 'Central Finland', 'country': 'Finland', 'postcode': 62421, 'coordinates': {'latitude': '-25.2911', 'longitude': '-139.9284'}, 'timezone': {'offset': '+9:00', 'description': 'Tokyo, Seoul, Osaka, Sapporo, Yakutsk'}}, 'email': 'julius.korhonen@example.com', 'login': {'uuid': '65e29c09-cbaa-4c2e-acd4-956ba73d0b8f', 'username': 'smallfrog652', 'password': 'rocco', 'salt': 'XRPNXi6P', 'md5': '5fc5249032eecb40929d7ebf7ba36022', 'sha1': 'b4fd516f951c48ef4dbd6d803de58f23b371c003', 'sha256': 'acfa204bbc7c89ef74b87c1d2d19dfc6d8c55fa43afa8f53882a1cc7ba1d3a5c'}, 'dob': {'date': '1965-09-10T21:12:48.543Z', 'age': 58}, 'registered': {'date': '2009-12-23T14:25:11.288Z', 'age': 14}, 'phone': '07-418-075', 'cell': '049-388-45-13', 'id': {'name': 'HETU', 'value': 'NaNNA735undefined'}, 'picture': {'large': 'https://randomuser.me/api/portraits/men/73.jpg', 'medium': 'https://randomuser.me/api/portraits/med/men/73.jpg', 'thumbnail': 'https://randomuser.me/api/portraits/thumb/men/73.jpg'}, 'nat': 'FI'}</msg>
<arg>${json_data['results'][0]}</arg>
<doc>Logs the given message with the given level.</doc>
<status status="PASS" start="2024-04-27T06:18:38.921455" elapsed="0.000401"/>
</kw>
<kw name="Log" owner="BuiltIn">
<msg time="2024-04-27T06:18:38.922314" level="INFO">email</msg>
<arg>${key}</arg>
<doc>Logs the given message with the given level.</doc>
<status status="PASS" start="2024-04-27T06:18:38.922177" elapsed="0.000176"/>
</kw>
<var name="${key}">email</var>
<status status="PASS" start="2024-04-27T06:18:38.920638" elapsed="0.001929"/>
</iter>
<iter>
<kw name="Dictionary Should Contain Key" owner="Collections">
<msg time="2024-04-27T06:18:38.923230" level="INFO">False</msg>
<arg>${json_data['results'][0]}</arg>
<arg>${key}</arg>
<doc>Fails if ``key`` is not found from ``dictionary``.</doc>
<status status="PASS" start="2024-04-27T06:18:38.922849" elapsed="0.000417"/>
</kw>
<kw name="Log" owner="BuiltIn">
<msg time="2024-04-27T06:18:38.923920" level="INFO">{'gender': 'male', 'name': {'title': 'Mr', 'first': 'Julius', 'last': 'Korhonen'}, 'location': {'street': {'number': 1252, 'name': 'Pispalan Valtatie'}, 'city': 'Sievi', 'state': 'Central Finland', 'country': 'Finland', 'postcode': 62421, 'coordinates': {'latitude': '-25.2911', 'longitude': '-139.9284'}, 'timezone': {'offset': '+9:00', 'description': 'Tokyo, Seoul, Osaka, Sapporo, Yakutsk'}}, 'email': 'julius.korhonen@example.com', 'login': {'uuid': '65e29c09-cbaa-4c2e-acd4-956ba73d0b8f', 'username': 'smallfrog652', 'password': 'rocco', 'salt': 'XRPNXi6P', 'md5': '5fc5249032eecb40929d7ebf7ba36022', 'sha1': 'b4fd516f951c48ef4dbd6d803de58f23b371c003', 'sha256': 'acfa204bbc7c89ef74b87c1d2d19dfc6d8c55fa43afa8f53882a1cc7ba1d3a5c'}, 'dob': {'date': '1965-09-10T21:12:48.543Z', 'age': 58}, 'registered': {'date': '2009-12-23T14:25:11.288Z', 'age': 14}, 'phone': '07-418-075', 'cell': '049-388-45-13', 'id': {'name': 'HETU', 'value': 'NaNNA735undefined'}, 'picture': {'large': 'https://randomuser.me/api/portraits/men/73.jpg', 'medium': 'https://randomuser.me/api/portraits/med/men/73.jpg', 'thumbnail': 'https://randomuser.me/api/portraits/thumb/men/73.jpg'}, 'nat': 'FI'}</msg>
<arg>${json_data['results'][0]}</arg>
<doc>Logs the given message with the given level.</doc>
<status status="PASS" start="2024-04-27T06:18:38.923555" elapsed="0.000411"/>
</kw>
<kw name="Log" owner="BuiltIn">
<msg time="2024-04-27T06:18:38.924382" level="INFO">login</msg>
<arg>${key}</arg>
<doc>Logs the given message with the given level.</doc>
<status status="PASS" start="2024-04-27T06:18:38.924257" elapsed="0.000163"/>
</kw>
<var name="${key}">login</var>
<status status="PASS" start="2024-04-27T06:18:38.922738" elapsed="0.001917"/>
</iter>
<var>${key}</var>
<value>@{expected_keys}</value>
<status status="PASS" start="2024-04-27T06:18:38.914077" elapsed="0.010703"/>
</for>
<kw name="Create List" owner="BuiltIn">
<msg time="2024-04-27T06:18:38.925104" level="INFO">${expected_keysTwo} = ['username', 'password']</msg>
<var>${expected_keysTwo}</var>
<arg>username</arg>
<arg>password</arg>
<doc>Returns a list containing given items.</doc>
<status status="PASS" start="2024-04-27T06:18:38.924969" elapsed="0.000158"/>
</kw>
<for flavor="IN">
<iter>
<kw name="Dictionary Should Contain Key" owner="Collections">
<msg time="2024-04-27T06:18:38.926007" level="INFO">False</msg>
<arg>${json_data['results'][0]['login']}</arg>
<arg>${keyTwo}</arg>
<doc>Fails if ``key`` is not found from ``dictionary``.</doc>
<status status="PASS" start="2024-04-27T06:18:38.925619" elapsed="0.000425"/>
</kw>
<kw name="Dictionary Should Contain Key" owner="Collections">
<msg time="2024-04-27T06:18:38.926748" level="INFO">False</msg>
<arg>${json_data['results'][0]['login']}</arg>
<arg>${keyTwo}</arg>
<doc>Fails if ``key`` is not found from ``dictionary``.</doc>
<status status="PASS" start="2024-04-27T06:18:38.926356" elapsed="0.000429"/>
</kw>
<kw name="Log" owner="BuiltIn">
<msg time="2024-04-27T06:18:38.927202" level="INFO">username</msg>
<arg>${keyTwo}</arg>
<doc>Logs the given message with the given level.</doc>
<status status="PASS" start="2024-04-27T06:18:38.927075" elapsed="0.000169"/>
</kw>
<var name="${keyTwo}">username</var>
<status status="PASS" start="2024-04-27T06:18:38.925511" elapsed="0.001944"/>
</iter>
<iter>
<kw name="Dictionary Should Contain Key" owner="Collections">
<msg time="2024-04-27T06:18:38.928200" level="INFO">False</msg>
<arg>${json_data['results'][0]['login']}</arg>
<arg>${keyTwo}</arg>
<doc>Fails if ``key`` is not found from ``dictionary``.</doc>
<status status="PASS" start="2024-04-27T06:18:38.927738" elapsed="0.000506"/>
</kw>
<kw name="Dictionary Should Contain Key" owner="Collections">
<msg time="2024-04-27T06:18:38.928916" level="INFO">False</msg>
<arg>${json_data['results'][0]['login']}</arg>
<arg>${keyTwo}</arg>
<doc>Fails if ``key`` is not found from ``dictionary``.</doc>
<status status="PASS" start="2024-04-27T06:18:38.928538" elapsed="0.000414"/>
</kw>
<kw name="Log" owner="BuiltIn">
<msg time="2024-04-27T06:18:38.929366" level="INFO">password</msg>
<arg>${keyTwo}</arg>
<doc>Logs the given message with the given level.</doc>
<status status="PASS" start="2024-04-27T06:18:38.929239" elapsed="0.000163"/>
</kw>
<var name="${keyTwo}">password</var>
<status status="PASS" start="2024-04-27T06:18:38.927624" elapsed="0.001993"/>
</iter>
<var>${keyTwo}</var>
<value>@{expected_keysTwo}</value>
<status status="PASS" start="2024-04-27T06:18:38.925360" elapsed="0.004377"/>
</for>
<status status="PASS" start="2024-04-27T06:18:38.825461" elapsed="0.104411"/>
</kw>
<doc>Testa a estrutura da resposta da API.</doc>
<tag>testeEstruturaResposta</tag>
<status status="PASS" start="2024-04-27T06:18:38.824967" elapsed="0.105051"/>
</test>
<test id="s1-s1-t4" name="Validar tipos de dados" line="28">
<kw name="Teste de Tipos de Dados" owner="random-user-service">
<kw name="GET On Session" owner="RequestsLibrary">
<msg time="2024-04-27T06:18:39.019802" level="INFO">GET Request : url=https://randomuser.me/api 
 path_url=/api 
 headers={'User-Agent': 'python-requests/2.31.0', 'Accept-Encoding': 'gzip, deflate', 'Accept': '*/*', 'Connection': 'keep-alive'} 
 body=None 
 </msg>
<msg time="2024-04-27T06:18:39.019873" level="INFO">GET Response : url=https://randomuser.me/api 
 status=200, reason=OK 
 headers={'Date': 'Sat, 27 Apr 2024 06:18:39 GMT', 'Content-Type': 'application/json; charset=utf-8', 'Transfer-Encoding': 'chunked', 'Connection': 'keep-alive', 'X-Powered-By': 'Express', 'Access-Control-Allow-Origin': '*', 'Cache-Control': 'no-cache', 'ETag': 'W/"495-kKcQN3tXH208PuSrG4Q1ElbjDCs"', 'Vary': 'Accept-Encoding', 'Content-Encoding': 'gzip', 'CF-Cache-Status': 'DYNAMIC', 'Report-To': '{"endpoints":[{"url":"https:\\/\\/a.nel.cloudflare.com\\/report\\/v4?s=gmFauNx1jgdMuVf3sfz6BExscXyTi0Hw%2Bii42g9FcsQQlNuhKyCKjUa6dGJx65ZpJK8SNrL9joRPU%2F8tApQt2HtlOm%2BoY6%2F22Ri%2BYKpsod64XxzYi1JO0nik6C8y03B0"}],"group":"cf-nel","max_age":604800}', 'NEL': '{"success_fraction":0,"report_to":"cf-nel","max_age":604800}', 'Server': 'cloudflare', 'CF-RAY': '87acb2495c8657ea-IAD', 'alt-svc': 'h3=":443"; ma=86400'} 
 body={"results":[{"gender":"male","name":{"title":"Mr","first":"Tommy","last":"Williams"},"location":{"street":{"number":6615,"name":"Smokey Ln"},"city":"Denver","state":"New York","country":"United States","postcode":74648,"coordinates":{"latitude":"88.0637","longitude":"-152.3785"},"timezone":{"offset":"-5:00","description":"Eastern Time (US &amp; Canada), Bogota, Lima"}},"email":"tommy.williams@example.com","login":{"uuid":"ef4ac3ab-a368-4964-93fd-e760cbdeb3a0","username":"yellowsnake927","password":"cards","salt":"OpBHLxsw","md5":"32f49982817a25e4a3e1d15d285dd23c","sha1":"0c3d6d01af02979302ebe20253ec895aef6a25da","sha256":"90045cce446a53751fea5f9a252cec422e76abf69b4a4eef48de49ca07e2875f"},"dob":{"date":"1970-03-03T13:04:03.374Z","age":54},"registered":{"date":"2009-10-26T08:07:11.782Z","age":14},"phone":"(878) 972-6021","cell":"(963) 456-8097","id":{"name":"SSN","value":"187-99-7114"},"picture":{"large":"https://randomuser.me/api/portraits/men/3.jpg","medium":"https://randomuser.me/api/portraits/med/men/3.jpg","thumbnail":"https://randomuser.me/api/portraits/thumb/men/3.jpg"},"nat":"US"}],"info":{"seed":"872db3263eee77fc","results":1,"page":1,"version":"1.4"}} 
 </msg>
<msg time="2024-04-27T06:18:39.019934" level="INFO">/opt/hostedtoolcache/Python/3.12.3/x64/lib/python3.12/site-packages/urllib3/connectionpool.py:1103: InsecureRequestWarning: Unverified HTTPS request is being made to host 'randomuser.me'. Adding certificate verification is strongly advised. See: https://urllib3.readthedocs.io/en/latest/advanced-usage.html#tls-warnings
  warnings.warn(</msg>
<msg time="2024-04-27T06:18:39.020038" level="INFO">${response} = &lt;Response [200]&gt;</msg>
<var>${response}</var>
<arg>consultarAPI</arg>
<arg>/api</arg>
<doc>Sends a GET request on a previously created HTTP Session.</doc>
<status status="PASS" start="2024-04-27T06:18:38.932436" elapsed="0.087645"/>
</kw>
<kw name="Set Variable" owner="BuiltIn">
<msg time="2024-04-27T06:18:39.020894" level="INFO">${json_data} = {'results': [{'gender': 'male', 'name': {'title': 'Mr', 'first': 'Tommy', 'last': 'Williams'}, 'location': {'street': {'number': 6615, 'name': 'Smokey Ln'}, 'city': 'Denver', 'state': 'New York', 'cou...</msg>
<var>${json_data}</var>
<arg>${response.json()}</arg>
<doc>Returns the given values which can then be assigned to a variables.</doc>
<status status="PASS" start="2024-04-27T06:18:39.020452" elapsed="0.000469"/>
</kw>
<kw name="Log" owner="BuiltIn">
<msg time="2024-04-27T06:18:39.021367" level="INFO">{'results': [{'gender': 'male', 'name': {'title': 'Mr', 'first': 'Tommy', 'last': 'Williams'}, 'location': {'street': {'number': 6615, 'name': 'Smokey Ln'}, 'city': 'Denver', 'state': 'New York', 'country': 'United States', 'postcode': 74648, 'coordinates': {'latitude': '88.0637', 'longitude': '-152.3785'}, 'timezone': {'offset': '-5:00', 'description': 'Eastern Time (US &amp; Canada), Bogota, Lima'}}, 'email': 'tommy.williams@example.com', 'login': {'uuid': 'ef4ac3ab-a368-4964-93fd-e760cbdeb3a0', 'username': 'yellowsnake927', 'password': 'cards', 'salt': 'OpBHLxsw', 'md5': '32f49982817a25e4a3e1d15d285dd23c', 'sha1': '0c3d6d01af02979302ebe20253ec895aef6a25da', 'sha256': '90045cce446a53751fea5f9a252cec422e76abf69b4a4eef48de49ca07e2875f'}, 'dob': {'date': '1970-03-03T13:04:03.374Z', 'age': 54}, 'registered': {'date': '2009-10-26T08:07:11.782Z', 'age': 14}, 'phone': '(878) 972-6021', 'cell': '(963) 456-8097', 'id': {'name': 'SSN', 'value': '187-99-7114'}, 'picture': {'large': 'https://randomuser.me/api/portraits/men/3.jpg', 'medium': 'https://randomuser.me/api/portraits/med/men/3.jpg', 'thumbnail': 'https://randomuser.me/api/portraits/thumb/men/3.jpg'}, 'nat': 'US'}], 'info': {'seed': '872db3263eee77fc', 'results': 1, 'page': 1, 'version': '1.4'}}</msg>
<arg>${json_data}</arg>
<doc>Logs the given message with the given level.</doc>
<status status="PASS" start="2024-04-27T06:18:39.021219" elapsed="0.000227"/>
</kw>
<kw name="Should Be String" owner="String">
<arg>${json_data['results'][0]['gender']}</arg>
<doc>Fails if the given ``item`` is not a string.</doc>
<status status="PASS" start="2024-04-27T06:18:39.021742" elapsed="0.000360"/>
</kw>
<kw name="Should Match Regexp" owner="BuiltIn">
<arg>${json_data['results'][0]['email']}</arg>
<arg>^[a-zA-Z0-9._%+-]+@[a-zA-Z0-9.-]+\.[a-zA-Z]{2,}$</arg>
<doc>Fails if ``string`` does not match ``pattern`` as a regular expression.</doc>
<status status="PASS" start="2024-04-27T06:18:39.022348" elapsed="0.000514"/>
</kw>
<kw name="Should Match Regexp" owner="BuiltIn">
<arg>${json_data['results'][0]['dob']['date']}</arg>
<arg>\\d{4}-\\d{2}-\\d{2}T\\d{2}:\\d{2}:\\d{2}\\.\\d{3}Z</arg>
<doc>Fails if ``string`` does not match ``pattern`` as a regular expression.</doc>
<status status="PASS" start="2024-04-27T06:18:39.023055" elapsed="0.000477"/>
</kw>
<kw name="Should Match Regexp" owner="BuiltIn">
<arg>${json_data['results'][0]['registered']['date']}</arg>
<arg>\\d{4}-\\d{2}-\\d{2}T\\d{2}:\\d{2}:\\d{2}\\.\\d{3}Z</arg>
<doc>Fails if ``string`` does not match ``pattern`` as a regular expression.</doc>
<status status="PASS" start="2024-04-27T06:18:39.023719" elapsed="0.000360"/>
</kw>
<kw name="Should Match Regexp" owner="BuiltIn">
<arg>${json_data['results'][0]['picture']['large']}</arg>
<arg>^https?://.*\.(?:png|jpe?g|gif|bmp)$</arg>
<doc>Fails if ``string`` does not match ``pattern`` as a regular expression.</doc>
<status status="PASS" start="2024-04-27T06:18:39.024262" elapsed="0.000458"/>
</kw>
<kw name="Should Match Regexp" owner="BuiltIn">
<arg>${json_data['results'][0]['picture']['medium']}</arg>
<arg>^https?://.*\.(?:png|jpe?g|gif|bmp)$</arg>
<doc>Fails if ``string`` does not match ``pattern`` as a regular expression.</doc>
<status status="PASS" start="2024-04-27T06:18:39.024911" elapsed="0.000354"/>
</kw>
<kw name="Should Match Regexp" owner="BuiltIn">
<arg>${json_data['results'][0]['picture']['thumbnail']}</arg>
<arg>^https?://.*\.(?:png|jpe?g|gif|bmp)$</arg>
<doc>Fails if ``string`` does not match ``pattern`` as a regular expression.</doc>
<status status="PASS" start="2024-04-27T06:18:39.025448" elapsed="0.000343"/>
</kw>
<kw name="Log" owner="BuiltIn">
<msg time="2024-04-27T06:18:39.026315" level="INFO">{'large': 'https://randomuser.me/api/portraits/men/3.jpg', 'medium': 'https://randomuser.me/api/portraits/med/men/3.jpg', 'thumbnail': 'https://randomuser.me/api/portraits/thumb/men/3.jpg'}</msg>
<arg>${json_data['results'][0]['picture']}</arg>
<doc>Logs the given message with the given level.</doc>
<status status="PASS" start="2024-04-27T06:18:39.025966" elapsed="0.000390"/>
</kw>
<status status="PASS" start="2024-04-27T06:18:38.932217" elapsed="0.094389"/>
</kw>
<kw name="Teste de Tipos de Dados - Postcode" owner="random-user-service">
<kw name="GET On Session" owner="RequestsLibrary">
<msg time="2024-04-27T06:18:39.110900" level="INFO">GET Request : url=https://randomuser.me/api 
 path_url=/api 
 headers={'User-Agent': 'python-requests/2.31.0', 'Accept-Encoding': 'gzip, deflate', 'Accept': '*/*', 'Connection': 'keep-alive'} 
 body=None 
 </msg>
<msg time="2024-04-27T06:18:39.110980" level="INFO">GET Response : url=https://randomuser.me/api 
 status=200, reason=OK 
 headers={'Date': 'Sat, 27 Apr 2024 06:18:39 GMT', 'Content-Type': 'application/json; charset=utf-8', 'Transfer-Encoding': 'chunked', 'Connection': 'keep-alive', 'X-Powered-By': 'Express', 'Access-Control-Allow-Origin': '*', 'Cache-Control': 'no-cache', 'ETag': 'W/"487-cB1nvJoSThtbroYfdxrmxcSH/K4"', 'Vary': 'Accept-Encoding', 'Content-Encoding': 'gzip', 'CF-Cache-Status': 'DYNAMIC', 'Report-To': '{"endpoints":[{"url":"https:\\/\\/a.nel.cloudflare.com\\/report\\/v4?s=QU%2FuHIUkR1Jw1Af5k578tZuN6n8jBLk0DjXwCCh07Oo11zzb2kw%2F7mOJmhQ6oHjojmw9dEUx0e3GN%2F6477mBZmtzPT3%2B6phFMqAIyOe8CW4qh7m43mX5mJmKj34pxuK9"}],"group":"cf-nel","max_age":604800}', 'NEL': '{"success_fraction":0,"report_to":"cf-nel","max_age":604800}', 'Server': 'cloudflare', 'CF-RAY': '87acb249ecc157ea-IAD', 'alt-svc': 'h3=":443"; ma=86400'} 
 body={"results":[{"gender":"female","name":{"title":"Mrs","first":"Indie","last":"Harris"},"location":{"street":{"number":5869,"name":"Elles Road"},"city":"Lower Hutt","state":"Manawatu-Wanganui","country":"New Zealand","postcode":15002,"coordinates":{"latitude":"47.8620","longitude":"72.7457"},"timezone":{"offset":"-12:00","description":"Eniwetok, Kwajalein"}},"email":"indie.harris@example.com","login":{"uuid":"64709365-099c-4fc7-936c-2137d346de11","username":"silvercat177","password":"herring","salt":"LJY8WDho","md5":"303c469eead6bee7c09da3f4557ef22b","sha1":"f8bfbc73b104120f9a52821885cbda8593b57f4c","sha256":"d94fb7d4bef4f4fce42e417b31a77b45dd8c116b42e25b7e5070440bcf70901f"},"dob":{"date":"1958-06-02T00:38:46.019Z","age":65},"registered":{"date":"2011-06-10T04:43:50.429Z","age":12},"phone":"(223)-881-0252","cell":"(397)-413-6439","id":{"name":"","value":null},"picture":{"large":"https://randomuser.me/api/portraits/women/80.jpg","medium":"https://randomuser.me/api/portraits/med/women/80.jpg","thumbnail":"https://randomuser.me/api/portraits/thumb/women/80.jpg"},"nat":"NZ"}],"info":{"seed":"686c53f5a58e7da5","results":1,"page":1,"version":"1.4"}} 
 </msg>
<msg time="2024-04-27T06:18:39.111039" level="INFO">/opt/hostedtoolcache/Python/3.12.3/x64/lib/python3.12/site-packages/urllib3/connectionpool.py:1103: InsecureRequestWarning: Unverified HTTPS request is being made to host 'randomuser.me'. Adding certificate verification is strongly advised. See: https://urllib3.readthedocs.io/en/latest/advanced-usage.html#tls-warnings
  warnings.warn(</msg>
<msg time="2024-04-27T06:18:39.111141" level="INFO">${response} = &lt;Response [200]&gt;</msg>
<var>${response}</var>
<arg>consultarAPI</arg>
<arg>/api</arg>
<doc>Sends a GET request on a previously created HTTP Session.</doc>
<status status="PASS" start="2024-04-27T06:18:39.027035" elapsed="0.084149"/>
</kw>
<kw name="Set Variable" owner="BuiltIn">
<msg time="2024-04-27T06:18:39.111988" level="INFO">${json_data} = {'results': [{'gender': 'female', 'name': {'title': 'Mrs', 'first': 'Indie', 'last': 'Harris'}, 'location': {'street': {'number': 5869, 'name': 'Elles Road'}, 'city': 'Lower Hutt', 'state': 'Manawatu-...</msg>
<var>${json_data}</var>
<arg>${response.json()}</arg>
<doc>Returns the given values which can then be assigned to a variables.</doc>
<status status="PASS" start="2024-04-27T06:18:39.111546" elapsed="0.000469"/>
</kw>
<kw name="Log" owner="BuiltIn">
<msg time="2024-04-27T06:18:39.112459" level="INFO">{'results': [{'gender': 'female', 'name': {'title': 'Mrs', 'first': 'Indie', 'last': 'Harris'}, 'location': {'street': {'number': 5869, 'name': 'Elles Road'}, 'city': 'Lower Hutt', 'state': 'Manawatu-Wanganui', 'country': 'New Zealand', 'postcode': 15002, 'coordinates': {'latitude': '47.8620', 'longitude': '72.7457'}, 'timezone': {'offset': '-12:00', 'description': 'Eniwetok, Kwajalein'}}, 'email': 'indie.harris@example.com', 'login': {'uuid': '64709365-099c-4fc7-936c-2137d346de11', 'username': 'silvercat177', 'password': 'herring', 'salt': 'LJY8WDho', 'md5': '303c469eead6bee7c09da3f4557ef22b', 'sha1': 'f8bfbc73b104120f9a52821885cbda8593b57f4c', 'sha256': 'd94fb7d4bef4f4fce42e417b31a77b45dd8c116b42e25b7e5070440bcf70901f'}, 'dob': {'date': '1958-06-02T00:38:46.019Z', 'age': 65}, 'registered': {'date': '2011-06-10T04:43:50.429Z', 'age': 12}, 'phone': '(223)-881-0252', 'cell': '(397)-413-6439', 'id': {'name': '', 'value': None}, 'picture': {'large': 'https://randomuser.me/api/portraits/women/80.jpg', 'medium': 'https://randomuser.me/api/portraits/med/women/80.jpg', 'thumbnail': 'https://randomuser.me/api/portraits/thumb/women/80.jpg'}, 'nat': 'NZ'}], 'info': {'seed': '686c53f5a58e7da5', 'results': 1, 'page': 1, 'version': '1.4'}}</msg>
<arg>${json_data}</arg>
<doc>Logs the given message with the given level.</doc>
<status status="PASS" start="2024-04-27T06:18:39.112312" elapsed="0.000220"/>
</kw>
<kw name="Should Be Equal As Numbers" owner="BuiltIn">
<arg>${json_data['results'][0]['location']['postcode']}</arg>
<arg>${json_data['results'][0]['location']['postcode']}</arg>
<doc>Fails if objects are unequal after converting them to real numbers.</doc>
<status status="PASS" start="2024-04-27T06:18:39.112956" elapsed="0.000618"/>
</kw>
<kw name="Log" owner="BuiltIn">
<msg time="2024-04-27T06:18:39.114096" level="INFO">15002</msg>
<arg>${json_data['results'][0]['location']['postcode']}</arg>
<doc>Logs the given message with the given level.</doc>
<status status="PASS" start="2024-04-27T06:18:39.113762" elapsed="0.000400"/>
</kw>
<status status="PASS" start="2024-04-27T06:18:39.026813" elapsed="0.087603"/>
</kw>
<doc>Testa se os tipos de dados na resposta da API estão corretos.</doc>
<tag>testeTiposDados</tag>
<status status="PASS" start="2024-04-27T06:18:38.931790" elapsed="0.182782"/>
</test>
<test id="s1-s1-t5" name="Validar conteudo" line="35">
<kw name="Teste de Tipos de Conteudo" owner="random-user-service">
<kw name="GET On Session" owner="RequestsLibrary">
<msg time="2024-04-27T06:18:39.236570" level="INFO">GET Request : url=https://randomuser.me/api 
 path_url=/api 
 headers={'User-Agent': 'python-requests/2.31.0', 'Accept-Encoding': 'gzip, deflate', 'Accept': '*/*', 'Connection': 'keep-alive'} 
 body=None 
 </msg>
<msg time="2024-04-27T06:18:39.236657" level="INFO">GET Response : url=https://randomuser.me/api 
 status=200, reason=OK 
 headers={'Date': 'Sat, 27 Apr 2024 06:18:39 GMT', 'Content-Type': 'application/json; charset=utf-8', 'Transfer-Encoding': 'chunked', 'Connection': 'keep-alive', 'X-Powered-By': 'Express', 'Access-Control-Allow-Origin': '*', 'Cache-Control': 'no-cache', 'ETag': 'W/"497-yeuotqeG9M6hjdRsNMWKVYzRyPI"', 'Vary': 'Accept-Encoding', 'Content-Encoding': 'gzip', 'CF-Cache-Status': 'DYNAMIC', 'Report-To': '{"endpoints":[{"url":"https:\\/\\/a.nel.cloudflare.com\\/report\\/v4?s=G4ZFcX1mkumaN9funWkn4t5K1AIvQsMDh%2FTBsAYpKBTi7Xu6BTxZCTiwu%2FGEoQfIhzijM4IhPxP9wFh4AED8yIjSu4%2BX2oBYkJz%2FqcLgNSpOihY4XU0nEqQM%2BOtbDaPF"}],"group":"cf-nel","max_age":604800}', 'NEL': '{"success_fraction":0,"report_to":"cf-nel","max_age":604800}', 'Server': 'cloudflare', 'CF-RAY': '87acb24a7cf257ea-IAD', 'alt-svc': 'h3=":443"; ma=86400'} 
 body={"results":[{"gender":"male","name":{"title":"Mr","first":"Janko","last":"Stojković"},"location":{"street":{"number":8215,"name":"Porodice Milosavljević"},"city":"Kanjiža","state":"Kosovo-Pomoravlje","country":"Serbia","postcode":98836,"coordinates":{"latitude":"56.3165","longitude":"-40.9564"},"timezone":{"offset":"+2:00","description":"Kaliningrad, South Africa"}},"email":"janko.stojkovic@example.com","login":{"uuid":"5c8da43f-ed9c-48d0-bdb9-b29cbff3d9eb","username":"sadmeercat765","password":"spoons","salt":"61LWFZa0","md5":"88466ce0653cf90abfa2677464793694","sha1":"49724ae8d940dd24dd13fe3208ced64a4d87018f","sha256":"ee5eb8d9b2e7bb39e45ca8b937cf221d894d93d0cfb085c9e5e35858193f4e8e"},"dob":{"date":"1952-07-15T18:12:30.690Z","age":71},"registered":{"date":"2013-10-12T12:19:51.519Z","age":10},"phone":"039-9286-974","cell":"068-9885-530","id":{"name":"SID","value":"959781671"},"picture":{"large":"https://randomuser.me/api/portraits/men/77.jpg","medium":"https://randomuser.me/api/portraits/med/men/77.jpg","thumbnail":"https://randomuser.me/api/portraits/thumb/men/77.jpg"},"nat":"RS"}],"info":{"seed":"da5cba589344d5fc","results":1,"page":1,"version":"1.4"}} 
 </msg>
<msg time="2024-04-27T06:18:39.236733" level="INFO">/opt/hostedtoolcache/Python/3.12.3/x64/lib/python3.12/site-packages/urllib3/connectionpool.py:1103: InsecureRequestWarning: Unverified HTTPS request is being made to host 'randomuser.me'. Adding certificate verification is strongly advised. See: https://urllib3.readthedocs.io/en/latest/advanced-usage.html#tls-warnings
  warnings.warn(</msg>
<msg time="2024-04-27T06:18:39.236872" level="INFO">${response} = &lt;Response [200]&gt;</msg>
<var>${response}</var>
<arg>consultarAPI</arg>
<arg>/api</arg>
<doc>Sends a GET request on a previously created HTTP Session.</doc>
<status status="PASS" start="2024-04-27T06:18:39.116952" elapsed="0.119977"/>
</kw>
<kw name="Set Variable" owner="BuiltIn">
<msg time="2024-04-27T06:18:39.237806" level="INFO">${json_data} = {'results': [{'gender': 'male', 'name': {'title': 'Mr', 'first': 'Janko', 'last': 'Stojković'}, 'location': {'street': {'number': 8215, 'name': 'Porodice Milosavljević'}, 'city': 'Kanjiža', 'state': '...</msg>
<var>${json_data}</var>
<arg>${response.json()}</arg>
<doc>Returns the given values which can then be assigned to a variables.</doc>
<status status="PASS" start="2024-04-27T06:18:39.237355" elapsed="0.000481"/>
</kw>
<kw name="Set Variable" owner="BuiltIn">
<msg time="2024-04-27T06:18:39.238545" level="INFO">${name_title} = Mr</msg>
<var>${name_title}</var>
<arg>${json_data["results"][0]["name"]["title"]}</arg>
<doc>Returns the given values which can then be assigned to a variables.</doc>
<status status="PASS" start="2024-04-27T06:18:39.238159" elapsed="0.000411"/>
</kw>
<kw name="Create List" owner="BuiltIn">
<msg time="2024-04-27T06:18:39.239005" level="INFO">${allowed_titles} = ['Mr', 'Ms', 'Miss', 'Mrs', 'Madame', 'Monsieur']</msg>
<var>${allowed_titles}</var>
<arg>Mr</arg>
<arg>Ms</arg>
<arg>Miss</arg>
<arg>Mrs</arg>
<arg>Madame</arg>
<arg>Monsieur</arg>
<doc>Returns a list containing given items.</doc>
<status status="PASS" start="2024-04-27T06:18:39.238860" elapsed="0.000170"/>
</kw>
<kw name="List Should Contain Value" owner="Collections">
<msg time="2024-04-27T06:18:39.239482" level="INFO">False</msg>
<arg>${allowed_titles}</arg>
<arg>${name_title}</arg>
<doc>Fails if the ``value`` is not found from ``list``.</doc>
<status status="PASS" start="2024-04-27T06:18:39.239321" elapsed="0.000197"/>
</kw>
<kw name="Set Variable" owner="BuiltIn">
<msg time="2024-04-27T06:18:39.240177" level="INFO">${name_country} = RS</msg>
<var>${name_country}</var>
<arg>${json_data["results"][0]["nat"]}</arg>
<doc>Returns the given values which can then be assigned to a variables.</doc>
<status status="PASS" start="2024-04-27T06:18:39.239798" elapsed="0.000404"/>
</kw>
<kw name="Create List" owner="BuiltIn">
<msg time="2024-04-27T06:18:39.241076" level="INFO">${list_country} = ['AD', 'AE', 'AF', 'AG', 'AI', 'AL', 'AM', 'AO', 'AQ', 'AR', 'AS', 'AT', 'AU', 'AW', 'AX', 'AZ', 'BA', 'BB', 'BD', 'BE', 'BF', 'BG', 'BH', 'BI', 'BJ', 'BL', 'BM', 'BN', 'BO', 'BQ', 'BR', 'BS', 'BT', '...</msg>
<var>${list_country}</var>
<arg>AD</arg>
<arg>AE</arg>
<arg>AF</arg>
<arg>AG</arg>
<arg>AI</arg>
<arg>AL</arg>
<arg>AM</arg>
<arg>AO</arg>
<arg>AQ</arg>
<arg>AR</arg>
<arg>AS</arg>
<arg>AT</arg>
<arg>AU</arg>
<arg>AW</arg>
<arg>AX</arg>
<arg>AZ</arg>
<arg>BA</arg>
<arg>BB</arg>
<arg>BD</arg>
<arg>BE</arg>
<arg>BF</arg>
<arg>BG</arg>
<arg>BH</arg>
<arg>BI</arg>
<arg>BJ</arg>
<arg>BL</arg>
<arg>BM</arg>
<arg>BN</arg>
<arg>BO</arg>
<arg>BQ</arg>
<arg>BR</arg>
<arg>BS</arg>
<arg>BT</arg>
<arg>BV</arg>
<arg>BW</arg>
<arg>BY</arg>
<arg>BZ</arg>
<arg>CA</arg>
<arg>CC</arg>
<arg>CD</arg>
<arg>CF</arg>
<arg>CG</arg>
<arg>CH</arg>
<arg>CI</arg>
<arg>CK</arg>
<arg>CL</arg>
<arg>CM</arg>
<arg>CN</arg>
<arg>CO</arg>
<arg>CR</arg>
<arg>CU</arg>
<arg>CV</arg>
<arg>CW</arg>
<arg>CX</arg>
<arg>CY</arg>
<arg>CZ</arg>
<arg>DE</arg>
<arg>DJ</arg>
<arg>DK</arg>
<arg>DM</arg>
<arg>DO</arg>
<arg>DZ</arg>
<arg>EC</arg>
<arg>EE</arg>
<arg>EG</arg>
<arg>EH</arg>
<arg>ER</arg>
<arg>ES</arg>
<arg>ET</arg>
<arg>FI</arg>
<arg>FJ</arg>
<arg>FK</arg>
<arg>FM</arg>
<arg>FO</arg>
<arg>FR</arg>
<arg>GA</arg>
<arg>GB</arg>
<arg>GD</arg>
<arg>GE</arg>
<arg>GF</arg>
<arg>GG</arg>
<arg>GH</arg>
<arg>GI</arg>
<arg>GL</arg>
<arg>GM</arg>
<arg>GN</arg>
<arg>GP</arg>
<arg>GQ</arg>
<arg>GR</arg>
<arg>GS</arg>
<arg>GT</arg>
<arg>GU</arg>
<arg>GW</arg>
<arg>GY</arg>
<arg>HK</arg>
<arg>HM</arg>
<arg>HN</arg>
<arg>HR</arg>
<arg>HT</arg>
<arg>HU</arg>
<arg>ID</arg>
<arg>IE</arg>
<arg>IL</arg>
<arg>IM</arg>
<arg>IN</arg>
<arg>IO</arg>
<arg>IQ</arg>
<arg>IR</arg>
<arg>IS</arg>
<arg>IT</arg>
<arg>JE</arg>
<arg>JM</arg>
<arg>JO</arg>
<arg>JP</arg>
<arg>KE</arg>
<arg>KG</arg>
<arg>KH</arg>
<arg>KI</arg>
<arg>KM</arg>
<arg>KN</arg>
<arg>KP</arg>
<arg>KR</arg>
<arg>KW</arg>
<arg>KY</arg>
<arg>KZ</arg>
<arg>LA</arg>
<arg>LB</arg>
<arg>LC</arg>
<arg>LI</arg>
<arg>LK</arg>
<arg>LR</arg>
<arg>LS</arg>
<arg>LT</arg>
<arg>LU</arg>
<arg>LV</arg>
<arg>LY</arg>
<arg>MA</arg>
<arg>MC</arg>
<arg>MD</arg>
<arg>ME</arg>
<arg>MF</arg>
<arg>MG</arg>
<arg>MH</arg>
<arg>MK</arg>
<arg>ML</arg>
<arg>MM</arg>
<arg>MN</arg>
<arg>MO</arg>
<arg>MP</arg>
<arg>MQ</arg>
<arg>MR</arg>
<arg>MS</arg>
<arg>MT</arg>
<arg>MU</arg>
<arg>MV</arg>
<arg>MW</arg>
<arg>MX</arg>
<arg>MY</arg>
<arg>MZ</arg>
<arg>NA</arg>
<arg>NC</arg>
<arg>NE</arg>
<arg>NF</arg>
<arg>NG</arg>
<arg>NI</arg>
<arg>NL</arg>
<arg>NO</arg>
<arg>NP</arg>
<arg>NR</arg>
<arg>NU</arg>
<arg>NZ</arg>
<arg>OM</arg>
<arg>PA</arg>
<arg>PE</arg>
<arg>PF</arg>
<arg>PG</arg>
<arg>PH</arg>
<arg>PK</arg>
<arg>PL</arg>
<arg>PM</arg>
<arg>PN</arg>
<arg>PR</arg>
<arg>PS</arg>
<arg>PT</arg>
<arg>PW</arg>
<arg>PY</arg>
<arg>QA</arg>
<arg>RE</arg>
<arg>RO</arg>
<arg>RS</arg>
<arg>RU</arg>
<arg>RW</arg>
<arg>SA</arg>
<arg>SB</arg>
<arg>SC</arg>
<arg>SD</arg>
<arg>SE</arg>
<arg>SG</arg>
<arg>SH</arg>
<arg>SI</arg>
<arg>SJ</arg>
<arg>SK</arg>
<arg>SL</arg>
<arg>SM</arg>
<arg>SN</arg>
<arg>SO</arg>
<arg>SR</arg>
<arg>SS</arg>
<arg>ST</arg>
<arg>SV</arg>
<arg>SX</arg>
<arg>SY</arg>
<arg>SZ</arg>
<arg>TC</arg>
<arg>TD</arg>
<arg>TF</arg>
<arg>TG</arg>
<arg>TH</arg>
<arg>TJ</arg>
<arg>TK</arg>
<arg>TL</arg>
<arg>TM</arg>
<arg>TN</arg>
<arg>TO</arg>
<arg>TR</arg>
<arg>TT</arg>
<arg>TV</arg>
<arg>TW</arg>
<arg>TZ</arg>
<arg>UA</arg>
<arg>UG</arg>
<arg>UM</arg>
<arg>US</arg>
<arg>UY</arg>
<arg>UZ</arg>
<arg>VA</arg>
<arg>VC</arg>
<arg>VE</arg>
<arg>VG</arg>
<arg>VI</arg>
<arg>VN</arg>
<arg>VU</arg>
<arg>WF</arg>
<arg>WS</arg>
<arg>XK</arg>
<arg>YE</arg>
<arg>YT</arg>
<arg>ZA</arg>
<arg>ZM</arg>
<arg>ZW</arg>
<doc>Returns a list containing given items.</doc>
<status status="PASS" start="2024-04-27T06:18:39.240496" elapsed="0.000604"/>
</kw>
<kw name="List Should Contain Value" owner="Collections">
<msg time="2024-04-27T06:18:39.242073" level="INFO">False</msg>
<arg>${list_country}</arg>
<arg>${name_country}</arg>
<doc>Fails if the ``value`` is not found from ``list``.</doc>
<status status="PASS" start="2024-04-27T06:18:39.241878" elapsed="0.000230"/>
</kw>
<kw name="Run Keyword If" owner="BuiltIn">
<kw name="Should Be True" owner="BuiltIn">
<arg>${True}</arg>
<doc>Fails if the given condition is not true.</doc>
<status status="PASS" start="2024-04-27T06:18:39.243178" elapsed="0.000238"/>
</kw>
<arg>${json_data["results"][0]["location"]["coordinates"]["latitude"]} &gt;= -90 and ${json_data["results"][0]["location"]["coordinates"]["latitude"]} &lt;= 90</arg>
<arg>Should Be True</arg>
<arg>${True}</arg>
<doc>Runs the given keyword with the given arguments, if ``condition`` is true.</doc>
<status status="PASS" start="2024-04-27T06:18:39.242435" elapsed="0.001109"/>
</kw>
<kw name="Run Keyword If" owner="BuiltIn">
<kw name="Should Be True" owner="BuiltIn">
<arg>${True}</arg>
<doc>Fails if the given condition is not true.</doc>
<status status="PASS" start="2024-04-27T06:18:39.244429" elapsed="0.000136"/>
</kw>
<arg>${json_data["results"][0]["location"]["coordinates"]["longitude"]} &gt;= -180 and ${json_data["results"][0]["location"]["coordinates"]["longitude"]} &lt;= 180</arg>
<arg>Should Be True</arg>
<arg>${True}</arg>
<doc>Runs the given keyword with the given arguments, if ``condition`` is true.</doc>
<status status="PASS" start="2024-04-27T06:18:39.243728" elapsed="0.000958"/>
</kw>
<status status="PASS" start="2024-04-27T06:18:39.116736" elapsed="0.128075"/>
</kw>
<doc>Testa o conteúdo específico dos campos retornados pela API.</doc>
<tag>testeConteudo</tag>
<status status="PASS" start="2024-04-27T06:18:39.116311" elapsed="0.128640"/>
</test>
<status status="PASS" start="2024-04-27T06:18:38.420546" elapsed="0.826320"/>
</suite>
<status status="PASS" start="2024-04-27T06:18:38.406956" elapsed="0.845004"/>
</suite>
<statistics>
<total>
<stat pass="5" fail="0" skip="0">All Tests</stat>
</total>
<tag>
<stat pass="1" fail="0" skip="0">testeConteudo</stat>
<stat pass="1" fail="0" skip="0">testeEstruturaResposta</stat>
<stat pass="1" fail="0" skip="0">testeRequisicaoBasica</stat>
<stat pass="1" fail="0" skip="0">testeTiposDados</stat>
</tag>
<suite>
<stat pass="5" fail="0" skip="0" id="s1" name="Tests">Tests</stat>
<stat pass="5" fail="0" skip="0" id="s1-s1" name="Random-User-Test">Tests.Random-User-Test</stat>
</suite>
</statistics>
<errors>
</errors>
</robot>
