<?xml version="1.0" encoding="UTF-8"?>
<robot generator="Robot 7.0 (Python 3.12.2 on linux)" generated="2024-04-03T09:14:43.513376" rpa="false" schemaversion="5">
<suite id="s1" name="Tests" source="/home/runner/work/DesafioQAItauRogerioJordao/DesafioQAItauRogerioJordao/RamdonUser/tests">
<suite id="s1-s1" name="Random-User-Test" source="/home/runner/work/DesafioQAItauRogerioJordao/DesafioQAItauRogerioJordao/RamdonUser/tests/random-user-test.robot">
<test id="s1-s1-t1" name="Conectar" line="13">
<kw name="Conectar API" owner="random-user-service">
<kw name="Create Session" owner="RequestsLibrary">
<msg time="2024-04-03T09:14:43.886994" level="INFO">Creating Session using : alias=consultarAPI, url=https://randomuser.me/, headers={},                     cookies={}, auth=None, timeout=None, proxies=None, verify=False,                     debug=0 </msg>
<arg>consultarAPI</arg>
<arg>${URL}</arg>
<doc>Create Session: create a HTTP session to a server</doc>
<status status="PASS" start="2024-04-03T09:14:43.886779" elapsed="0.000380"/>
</kw>
<status status="PASS" start="2024-04-03T09:14:43.885775" elapsed="0.001740"/>
</kw>
<status status="PASS" start="2024-04-03T09:14:43.885231" elapsed="0.002493"/>
</test>
<test id="s1-s1-t2" name="Validar retorno 200 e JSON Válido" line="16">
<kw name="Teste de Requisicao Basica" owner="random-user-service">
<kw name="GET On Session" owner="RequestsLibrary">
<msg time="2024-04-03T09:14:43.937801" level="INFO">GET Request : url=https://randomuser.me/api 
 path_url=/api 
 headers={'User-Agent': 'python-requests/2.31.0', 'Accept-Encoding': 'gzip, deflate', 'Accept': '*/*', 'Connection': 'keep-alive'} 
 body=None 
 </msg>
<msg time="2024-04-03T09:14:43.937906" level="INFO">GET Response : url=https://randomuser.me/api 
 status=200, reason=OK 
 headers={'Date': 'Wed, 03 Apr 2024 09:14:43 GMT', 'Content-Type': 'application/json; charset=utf-8', 'Transfer-Encoding': 'chunked', 'Connection': 'keep-alive', 'X-Powered-By': 'Express', 'Access-Control-Allow-Origin': '*', 'Cache-Control': 'no-cache', 'ETag': 'W/"4ab-meUfqnEYYe4kWALrPB5iPHpqJRg"', 'Vary': 'Accept-Encoding', 'Content-Encoding': 'gzip', 'CF-Cache-Status': 'DYNAMIC', 'Report-To': '{"endpoints":[{"url":"https:\\/\\/a.nel.cloudflare.com\\/report\\/v4?s=%2BFx4tcXNAppsRLdCQQ7q18pUjZXlz9wuPZ9YIzw%2FVS3aNoU5S%2BOlUTD%2F4lf6d5TW8GRoI4JkYnrVrwUZktT4yeveaeHmFsKWv57T0I6L%2BPni8AaVVaA8UyNba3EC4Kte"}],"group":"cf-nel","max_age":604800}', 'NEL': '{"success_fraction":0,"report_to":"cf-nel","max_age":604800}', 'Server': 'cloudflare', 'CF-RAY': '86e7f3386fba593d-IAD', 'alt-svc': 'h3=":443"; ma=86400'} 
 body={"results":[{"gender":"female","name":{"title":"Mrs","first":"Britney","last":"Palmer"},"location":{"street":{"number":4095,"name":"Kings Road"},"city":"Birmingham","state":"Isle of Wight","country":"United Kingdom","postcode":"OL1K 5EG","coordinates":{"latitude":"-6.8216","longitude":"82.3357"},"timezone":{"offset":"+10:00","description":"Eastern Australia, Guam, Vladivostok"}},"email":"britney.palmer@example.com","login":{"uuid":"2a8f6518-63f7-4d93-9ea7-8d3eb86d2ac6","username":"lazyleopard876","password":"oldone","salt":"l7C1Jn16","md5":"7f8d0c7aaa0874e6f577658957c3bbbf","sha1":"34ba198534d727a70b6743e5177ad32e64e551d3","sha256":"bb85fdc027958797d817b206c52ec2f21c15aac2c0889ddb5b0aa2f8d708ce94"},"dob":{"date":"1956-02-14T06:30:55.673Z","age":68},"registered":{"date":"2020-05-18T16:27:33.054Z","age":3},"phone":"017684 94146","cell":"07246 080509","id":{"name":"NINO","value":"PJ 16 97 16 S"},"picture":{"large":"https://randomuser.me/api/portraits/women/71.jpg","medium":"https://randomuser.me/api/portraits/med/women/71.jpg","thumbnail":"https://randomuser.me/api/portraits/thumb/women/71.jpg"},"nat":"GB"}],"info":{"seed":"4b92e3c22f58ef97","results":1,"page":1,"version":"1.4"}} 
 </msg>
<msg time="2024-04-03T09:14:43.938004" level="INFO">/opt/hostedtoolcache/Python/3.12.2/x64/lib/python3.12/site-packages/urllib3/connectionpool.py:1103: InsecureRequestWarning: Unverified HTTPS request is being made to host 'randomuser.me'. Adding certificate verification is strongly advised. See: https://urllib3.readthedocs.io/en/latest/advanced-usage.html#tls-warnings
  warnings.warn(</msg>
<msg time="2024-04-03T09:14:43.938114" level="INFO">${response} = &lt;Response [200]&gt;</msg>
<var>${response}</var>
<arg>consultarAPI</arg>
<arg>/api</arg>
<doc>Sends a GET request on a previously created HTTP Session.</doc>
<status status="PASS" start="2024-04-03T09:14:43.890346" elapsed="0.047815"/>
</kw>
<kw name="Should Be Equal As Numbers" owner="BuiltIn">
<msg time="2024-04-03T09:14:43.939279" level="INFO">Argument types are:
&lt;class 'int'&gt;
&lt;class 'str'&gt;</msg>
<arg>${response.status_code}</arg>
<arg>200</arg>
<doc>Fails if objects are unequal after converting them to real numbers.</doc>
<status status="PASS" start="2024-04-03T09:14:43.938740" elapsed="0.000605"/>
</kw>
<kw name="Log" owner="BuiltIn">
<msg time="2024-04-03T09:14:43.940031" level="INFO">200</msg>
<arg>${response.status_code}</arg>
<doc>Logs the given message with the given level.</doc>
<status status="PASS" start="2024-04-03T09:14:43.939671" elapsed="0.000405"/>
</kw>
<kw name="Set Variable" owner="BuiltIn">
<msg time="2024-04-03T09:14:43.940888" level="INFO">${json_data} = {'results': [{'gender': 'female', 'name': {'title': 'Mrs', 'first': 'Britney', 'last': 'Palmer'}, 'location': {'street': {'number': 4095, 'name': 'Kings Road'}, 'city': 'Birmingham', 'state': 'Isle of...</msg>
<var>${json_data}</var>
<arg>${response.json()}</arg>
<doc>Returns the given values which can then be assigned to a variables.</doc>
<status status="PASS" start="2024-04-03T09:14:43.940395" elapsed="0.000526"/>
</kw>
<kw name="Dictionary Should Contain Key" owner="Collections">
<msg time="2024-04-03T09:14:43.941412" level="INFO">False</msg>
<arg>${json_data}</arg>
<arg>results</arg>
<doc>Fails if ``key`` is not found from ``dictionary``.</doc>
<status status="PASS" start="2024-04-03T09:14:43.941243" elapsed="0.000210"/>
</kw>
<status status="PASS" start="2024-04-03T09:14:43.890093" elapsed="0.051618"/>
</kw>
<doc>Testa se a API responde corretamente e retorna um objeto JSON válido.</doc>
<tag>testeRequisicaoBasica</tag>
<status status="PASS" start="2024-04-03T09:14:43.889617" elapsed="0.052267"/>
</test>
<test id="s1-s1-t3" name="Validar estrutura de resposta" line="22">
<kw name="Teste de Estrutura de Resposta" owner="random-user-service">
<kw name="GET On Session" owner="RequestsLibrary">
<msg time="2024-04-03T09:14:44.035024" level="INFO">GET Request : url=https://randomuser.me/api 
 path_url=/api 
 headers={'User-Agent': 'python-requests/2.31.0', 'Accept-Encoding': 'gzip, deflate', 'Accept': '*/*', 'Connection': 'keep-alive'} 
 body=None 
 </msg>
<msg time="2024-04-03T09:14:44.035117" level="INFO">GET Response : url=https://randomuser.me/api 
 status=200, reason=OK 
 headers={'Date': 'Wed, 03 Apr 2024 09:14:44 GMT', 'Content-Type': 'application/json; charset=utf-8', 'Transfer-Encoding': 'chunked', 'Connection': 'keep-alive', 'X-Powered-By': 'Express', 'Access-Control-Allow-Origin': '*', 'Cache-Control': 'no-cache', 'ETag': 'W/"486-IqY/BtmIVrjGnWCJDGbC9g475uk"', 'Vary': 'Accept-Encoding', 'Content-Encoding': 'gzip', 'CF-Cache-Status': 'DYNAMIC', 'Report-To': '{"endpoints":[{"url":"https:\\/\\/a.nel.cloudflare.com\\/report\\/v4?s=GGX8UUZhNbNDKpt74OiTkYEVG8OzZk5nhkV3hYUM8e2QYi894B1k3G6xrKVU%2BjfUoueOG9TJy31lhreucijI8LDU%2Frxf7ehacuhkYiVddeRhDF5HbbrGHX%2FwX0RkQjXK"}],"group":"cf-nel","max_age":604800}', 'NEL': '{"success_fraction":0,"report_to":"cf-nel","max_age":604800}', 'Server': 'cloudflare', 'CF-RAY': '86e7f338afd3593d-IAD', 'alt-svc': 'h3=":443"; ma=86400'} 
 body={"results":[{"gender":"male","name":{"title":"Mr","first":"Ari","last":"Barros"},"location":{"street":{"number":815,"name":"Rua Santa Maria "},"city":"Araguaína","state":"Pernambuco","country":"Brazil","postcode":25784,"coordinates":{"latitude":"-76.8645","longitude":"-149.9931"},"timezone":{"offset":"-11:00","description":"Midway Island, Samoa"}},"email":"ari.barros@example.com","login":{"uuid":"2101a092-3356-4d2f-9e1b-5b9a770ddea6","username":"bigpeacock424","password":"toomuch","salt":"pmvx2i9e","md5":"66391e7fb11ccd671b84c26d5efee756","sha1":"08ae35fcd03234672411c9dbc0e3280a90b7f4cd","sha256":"0dc1ba101e74e20e0573dc26ed1bb999428b01beb274765d32a64ae7a5209260"},"dob":{"date":"1985-10-13T10:08:41.884Z","age":38},"registered":{"date":"2014-07-12T16:10:33.602Z","age":9},"phone":"(44) 0889-6420","cell":"(94) 0379-6709","id":{"name":"CPF","value":"855.408.072-90"},"picture":{"large":"https://randomuser.me/api/portraits/men/66.jpg","medium":"https://randomuser.me/api/portraits/med/men/66.jpg","thumbnail":"https://randomuser.me/api/portraits/thumb/men/66.jpg"},"nat":"BR"}],"info":{"seed":"a1b3a04c6b8f4016","results":1,"page":1,"version":"1.4"}} 
 </msg>
<msg time="2024-04-03T09:14:44.035266" level="INFO">/opt/hostedtoolcache/Python/3.12.2/x64/lib/python3.12/site-packages/urllib3/connectionpool.py:1103: InsecureRequestWarning: Unverified HTTPS request is being made to host 'randomuser.me'. Adding certificate verification is strongly advised. See: https://urllib3.readthedocs.io/en/latest/advanced-usage.html#tls-warnings
  warnings.warn(</msg>
<msg time="2024-04-03T09:14:44.035402" level="INFO">${response} = &lt;Response [200]&gt;</msg>
<var>${response}</var>
<arg>consultarAPI</arg>
<arg>/api</arg>
<doc>Sends a GET request on a previously created HTTP Session.</doc>
<status status="PASS" start="2024-04-03T09:14:43.944522" elapsed="0.090933"/>
</kw>
<kw name="Set Variable" owner="BuiltIn">
<msg time="2024-04-03T09:14:44.036682" level="INFO">${json_data} = {'results': [{'gender': 'male', 'name': {'title': 'Mr', 'first': 'Ari', 'last': 'Barros'}, 'location': {'street': {'number': 815, 'name': 'Rua Santa Maria '}, 'city': 'Araguaína', 'state': 'Pernambuco...</msg>
<var>${json_data}</var>
<arg>${response.json()}</arg>
<doc>Returns the given values which can then be assigned to a variables.</doc>
<status status="PASS" start="2024-04-03T09:14:44.036082" elapsed="0.000631"/>
</kw>
<kw name="Log" owner="BuiltIn">
<msg time="2024-04-03T09:14:44.037239" level="INFO">{'results': [{'gender': 'male', 'name': {'title': 'Mr', 'first': 'Ari', 'last': 'Barros'}, 'location': {'street': {'number': 815, 'name': 'Rua Santa Maria '}, 'city': 'Araguaína', 'state': 'Pernambuco', 'country': 'Brazil', 'postcode': 25784, 'coordinates': {'latitude': '-76.8645', 'longitude': '-149.9931'}, 'timezone': {'offset': '-11:00', 'description': 'Midway Island, Samoa'}}, 'email': 'ari.barros@example.com', 'login': {'uuid': '2101a092-3356-4d2f-9e1b-5b9a770ddea6', 'username': 'bigpeacock424', 'password': 'toomuch', 'salt': 'pmvx2i9e', 'md5': '66391e7fb11ccd671b84c26d5efee756', 'sha1': '08ae35fcd03234672411c9dbc0e3280a90b7f4cd', 'sha256': '0dc1ba101e74e20e0573dc26ed1bb999428b01beb274765d32a64ae7a5209260'}, 'dob': {'date': '1985-10-13T10:08:41.884Z', 'age': 38}, 'registered': {'date': '2014-07-12T16:10:33.602Z', 'age': 9}, 'phone': '(44) 0889-6420', 'cell': '(94) 0379-6709', 'id': {'name': 'CPF', 'value': '855.408.072-90'}, 'picture': {'large': 'https://randomuser.me/api/portraits/men/66.jpg', 'medium': 'https://randomuser.me/api/portraits/med/men/66.jpg', 'thumbnail': 'https://randomuser.me/api/portraits/thumb/men/66.jpg'}, 'nat': 'BR'}], 'info': {'seed': 'a1b3a04c6b8f4016', 'results': 1, 'page': 1, 'version': '1.4'}}</msg>
<arg>${json_data}</arg>
<doc>Logs the given message with the given level.</doc>
<status status="PASS" start="2024-04-03T09:14:44.037068" elapsed="0.000222"/>
</kw>
<kw name="Dictionary Should Contain Key" owner="Collections">
<msg time="2024-04-03T09:14:44.037760" level="INFO">False</msg>
<arg>${json_data}</arg>
<arg>results</arg>
<doc>Fails if ``key`` is not found from ``dictionary``.</doc>
<status status="PASS" start="2024-04-03T09:14:44.037597" elapsed="0.000202"/>
</kw>
<kw name="Should Not Be Empty" owner="BuiltIn">
<msg time="2024-04-03T09:14:44.038240" level="INFO">Length is 2.</msg>
<arg>${json_data}</arg>
<doc>Verifies that the given item is not empty.</doc>
<status status="PASS" start="2024-04-03T09:14:44.038102" elapsed="0.000177"/>
</kw>
<kw name="Create List" owner="BuiltIn">
<msg time="2024-04-03T09:14:44.038728" level="INFO">${expected_keys} = ['gender', 'name', 'location', 'email', 'login']</msg>
<var>${expected_keys}</var>
<arg>gender</arg>
<arg>name</arg>
<arg>location</arg>
<arg>email</arg>
<arg>login</arg>
<doc>Returns a list containing given items.</doc>
<status status="PASS" start="2024-04-03T09:14:44.038577" elapsed="0.000176"/>
</kw>
<for flavor="IN">
<iter>
<kw name="Dictionary Should Contain Key" owner="Collections">
<msg time="2024-04-03T09:14:44.039748" level="INFO">False</msg>
<arg>${json_data['results'][0]}</arg>
<arg>${key}</arg>
<doc>Fails if ``key`` is not found from ``dictionary``.</doc>
<status status="PASS" start="2024-04-03T09:14:44.039340" elapsed="0.000450"/>
</kw>
<kw name="Log" owner="BuiltIn">
<msg time="2024-04-03T09:14:44.040490" level="INFO">{'gender': 'male', 'name': {'title': 'Mr', 'first': 'Ari', 'last': 'Barros'}, 'location': {'street': {'number': 815, 'name': 'Rua Santa Maria '}, 'city': 'Araguaína', 'state': 'Pernambuco', 'country': 'Brazil', 'postcode': 25784, 'coordinates': {'latitude': '-76.8645', 'longitude': '-149.9931'}, 'timezone': {'offset': '-11:00', 'description': 'Midway Island, Samoa'}}, 'email': 'ari.barros@example.com', 'login': {'uuid': '2101a092-3356-4d2f-9e1b-5b9a770ddea6', 'username': 'bigpeacock424', 'password': 'toomuch', 'salt': 'pmvx2i9e', 'md5': '66391e7fb11ccd671b84c26d5efee756', 'sha1': '08ae35fcd03234672411c9dbc0e3280a90b7f4cd', 'sha256': '0dc1ba101e74e20e0573dc26ed1bb999428b01beb274765d32a64ae7a5209260'}, 'dob': {'date': '1985-10-13T10:08:41.884Z', 'age': 38}, 'registered': {'date': '2014-07-12T16:10:33.602Z', 'age': 9}, 'phone': '(44) 0889-6420', 'cell': '(94) 0379-6709', 'id': {'name': 'CPF', 'value': '855.408.072-90'}, 'picture': {'large': 'https://randomuser.me/api/portraits/men/66.jpg', 'medium': 'https://randomuser.me/api/portraits/med/men/66.jpg', 'thumbnail': 'https://randomuser.me/api/portraits/thumb/men/66.jpg'}, 'nat': 'BR'}</msg>
<arg>${json_data['results'][0]}</arg>
<doc>Logs the given message with the given level.</doc>
<status status="PASS" start="2024-04-03T09:14:44.040100" elapsed="0.000453"/>
</kw>
<kw name="Log" owner="BuiltIn">
<msg time="2024-04-03T09:14:44.041054" level="INFO">gender</msg>
<arg>${key}</arg>
<doc>Logs the given message with the given level.</doc>
<status status="PASS" start="2024-04-03T09:14:44.040905" elapsed="0.000190"/>
</kw>
<var name="${key}">gender</var>
<status status="PASS" start="2024-04-03T09:14:44.039211" elapsed="0.002109"/>
</iter>
<iter>
<kw name="Dictionary Should Contain Key" owner="Collections">
<msg time="2024-04-03T09:14:44.042023" level="INFO">False</msg>
<arg>${json_data['results'][0]}</arg>
<arg>${key}</arg>
<doc>Fails if ``key`` is not found from ``dictionary``.</doc>
<status status="PASS" start="2024-04-03T09:14:44.041629" elapsed="0.000433"/>
</kw>
<kw name="Log" owner="BuiltIn">
<msg time="2024-04-03T09:14:44.042840" level="INFO">{'gender': 'male', 'name': {'title': 'Mr', 'first': 'Ari', 'last': 'Barros'}, 'location': {'street': {'number': 815, 'name': 'Rua Santa Maria '}, 'city': 'Araguaína', 'state': 'Pernambuco', 'country': 'Brazil', 'postcode': 25784, 'coordinates': {'latitude': '-76.8645', 'longitude': '-149.9931'}, 'timezone': {'offset': '-11:00', 'description': 'Midway Island, Samoa'}}, 'email': 'ari.barros@example.com', 'login': {'uuid': '2101a092-3356-4d2f-9e1b-5b9a770ddea6', 'username': 'bigpeacock424', 'password': 'toomuch', 'salt': 'pmvx2i9e', 'md5': '66391e7fb11ccd671b84c26d5efee756', 'sha1': '08ae35fcd03234672411c9dbc0e3280a90b7f4cd', 'sha256': '0dc1ba101e74e20e0573dc26ed1bb999428b01beb274765d32a64ae7a5209260'}, 'dob': {'date': '1985-10-13T10:08:41.884Z', 'age': 38}, 'registered': {'date': '2014-07-12T16:10:33.602Z', 'age': 9}, 'phone': '(44) 0889-6420', 'cell': '(94) 0379-6709', 'id': {'name': 'CPF', 'value': '855.408.072-90'}, 'picture': {'large': 'https://randomuser.me/api/portraits/men/66.jpg', 'medium': 'https://randomuser.me/api/portraits/med/men/66.jpg', 'thumbnail': 'https://randomuser.me/api/portraits/thumb/men/66.jpg'}, 'nat': 'BR'}</msg>
<arg>${json_data['results'][0]}</arg>
<doc>Logs the given message with the given level.</doc>
<status status="PASS" start="2024-04-03T09:14:44.042460" elapsed="0.000432"/>
</kw>
<kw name="Log" owner="BuiltIn">
<msg time="2024-04-03T09:14:44.043331" level="INFO">name</msg>
<arg>${key}</arg>
<doc>Logs the given message with the given level.</doc>
<status status="PASS" start="2024-04-03T09:14:44.043200" elapsed="0.000170"/>
</kw>
<var name="${key}">name</var>
<status status="PASS" start="2024-04-03T09:14:44.041513" elapsed="0.002078"/>
</iter>
<iter>
<kw name="Dictionary Should Contain Key" owner="Collections">
<msg time="2024-04-03T09:14:44.044282" level="INFO">False</msg>
<arg>${json_data['results'][0]}</arg>
<arg>${key}</arg>
<doc>Fails if ``key`` is not found from ``dictionary``.</doc>
<status status="PASS" start="2024-04-03T09:14:44.043889" elapsed="0.000432"/>
</kw>
<kw name="Log" owner="BuiltIn">
<msg time="2024-04-03T09:14:44.045045" level="INFO">{'gender': 'male', 'name': {'title': 'Mr', 'first': 'Ari', 'last': 'Barros'}, 'location': {'street': {'number': 815, 'name': 'Rua Santa Maria '}, 'city': 'Araguaína', 'state': 'Pernambuco', 'country': 'Brazil', 'postcode': 25784, 'coordinates': {'latitude': '-76.8645', 'longitude': '-149.9931'}, 'timezone': {'offset': '-11:00', 'description': 'Midway Island, Samoa'}}, 'email': 'ari.barros@example.com', 'login': {'uuid': '2101a092-3356-4d2f-9e1b-5b9a770ddea6', 'username': 'bigpeacock424', 'password': 'toomuch', 'salt': 'pmvx2i9e', 'md5': '66391e7fb11ccd671b84c26d5efee756', 'sha1': '08ae35fcd03234672411c9dbc0e3280a90b7f4cd', 'sha256': '0dc1ba101e74e20e0573dc26ed1bb999428b01beb274765d32a64ae7a5209260'}, 'dob': {'date': '1985-10-13T10:08:41.884Z', 'age': 38}, 'registered': {'date': '2014-07-12T16:10:33.602Z', 'age': 9}, 'phone': '(44) 0889-6420', 'cell': '(94) 0379-6709', 'id': {'name': 'CPF', 'value': '855.408.072-90'}, 'picture': {'large': 'https://randomuser.me/api/portraits/men/66.jpg', 'medium': 'https://randomuser.me/api/portraits/med/men/66.jpg', 'thumbnail': 'https://randomuser.me/api/portraits/thumb/men/66.jpg'}, 'nat': 'BR'}</msg>
<arg>${json_data['results'][0]}</arg>
<doc>Logs the given message with the given level.</doc>
<status status="PASS" start="2024-04-03T09:14:44.044636" elapsed="0.000466"/>
</kw>
<kw name="Log" owner="BuiltIn">
<msg time="2024-04-03T09:14:44.045742" level="INFO">location</msg>
<arg>${key}</arg>
<doc>Logs the given message with the given level.</doc>
<status status="PASS" start="2024-04-03T09:14:44.045536" elapsed="0.000270"/>
</kw>
<var name="${key}">location</var>
<status status="PASS" start="2024-04-03T09:14:44.043774" elapsed="0.002286"/>
</iter>
<iter>
<kw name="Dictionary Should Contain Key" owner="Collections">
<msg time="2024-04-03T09:14:44.046744" level="INFO">False</msg>
<arg>${json_data['results'][0]}</arg>
<arg>${key}</arg>
<doc>Fails if ``key`` is not found from ``dictionary``.</doc>
<status status="PASS" start="2024-04-03T09:14:44.046361" elapsed="0.000422"/>
</kw>
<kw name="Log" owner="BuiltIn">
<msg time="2024-04-03T09:14:44.047477" level="INFO">{'gender': 'male', 'name': {'title': 'Mr', 'first': 'Ari', 'last': 'Barros'}, 'location': {'street': {'number': 815, 'name': 'Rua Santa Maria '}, 'city': 'Araguaína', 'state': 'Pernambuco', 'country': 'Brazil', 'postcode': 25784, 'coordinates': {'latitude': '-76.8645', 'longitude': '-149.9931'}, 'timezone': {'offset': '-11:00', 'description': 'Midway Island, Samoa'}}, 'email': 'ari.barros@example.com', 'login': {'uuid': '2101a092-3356-4d2f-9e1b-5b9a770ddea6', 'username': 'bigpeacock424', 'password': 'toomuch', 'salt': 'pmvx2i9e', 'md5': '66391e7fb11ccd671b84c26d5efee756', 'sha1': '08ae35fcd03234672411c9dbc0e3280a90b7f4cd', 'sha256': '0dc1ba101e74e20e0573dc26ed1bb999428b01beb274765d32a64ae7a5209260'}, 'dob': {'date': '1985-10-13T10:08:41.884Z', 'age': 38}, 'registered': {'date': '2014-07-12T16:10:33.602Z', 'age': 9}, 'phone': '(44) 0889-6420', 'cell': '(94) 0379-6709', 'id': {'name': 'CPF', 'value': '855.408.072-90'}, 'picture': {'large': 'https://randomuser.me/api/portraits/men/66.jpg', 'medium': 'https://randomuser.me/api/portraits/med/men/66.jpg', 'thumbnail': 'https://randomuser.me/api/portraits/thumb/men/66.jpg'}, 'nat': 'BR'}</msg>
<arg>${json_data['results'][0]}</arg>
<doc>Logs the given message with the given level.</doc>
<status status="PASS" start="2024-04-03T09:14:44.047108" elapsed="0.000420"/>
</kw>
<kw name="Log" owner="BuiltIn">
<msg time="2024-04-03T09:14:44.047956" level="INFO">email</msg>
<arg>${key}</arg>
<doc>Logs the given message with the given level.</doc>
<status status="PASS" start="2024-04-03T09:14:44.047825" elapsed="0.000171"/>
</kw>
<var name="${key}">email</var>
<status status="PASS" start="2024-04-03T09:14:44.046247" elapsed="0.001965"/>
</iter>
<iter>
<kw name="Dictionary Should Contain Key" owner="Collections">
<msg time="2024-04-03T09:14:44.048932" level="INFO">False</msg>
<arg>${json_data['results'][0]}</arg>
<arg>${key}</arg>
<doc>Fails if ``key`` is not found from ``dictionary``.</doc>
<status status="PASS" start="2024-04-03T09:14:44.048503" elapsed="0.000469"/>
</kw>
<kw name="Log" owner="BuiltIn">
<msg time="2024-04-03T09:14:44.049644" level="INFO">{'gender': 'male', 'name': {'title': 'Mr', 'first': 'Ari', 'last': 'Barros'}, 'location': {'street': {'number': 815, 'name': 'Rua Santa Maria '}, 'city': 'Araguaína', 'state': 'Pernambuco', 'country': 'Brazil', 'postcode': 25784, 'coordinates': {'latitude': '-76.8645', 'longitude': '-149.9931'}, 'timezone': {'offset': '-11:00', 'description': 'Midway Island, Samoa'}}, 'email': 'ari.barros@example.com', 'login': {'uuid': '2101a092-3356-4d2f-9e1b-5b9a770ddea6', 'username': 'bigpeacock424', 'password': 'toomuch', 'salt': 'pmvx2i9e', 'md5': '66391e7fb11ccd671b84c26d5efee756', 'sha1': '08ae35fcd03234672411c9dbc0e3280a90b7f4cd', 'sha256': '0dc1ba101e74e20e0573dc26ed1bb999428b01beb274765d32a64ae7a5209260'}, 'dob': {'date': '1985-10-13T10:08:41.884Z', 'age': 38}, 'registered': {'date': '2014-07-12T16:10:33.602Z', 'age': 9}, 'phone': '(44) 0889-6420', 'cell': '(94) 0379-6709', 'id': {'name': 'CPF', 'value': '855.408.072-90'}, 'picture': {'large': 'https://randomuser.me/api/portraits/men/66.jpg', 'medium': 'https://randomuser.me/api/portraits/med/men/66.jpg', 'thumbnail': 'https://randomuser.me/api/portraits/thumb/men/66.jpg'}, 'nat': 'BR'}</msg>
<arg>${json_data['results'][0]}</arg>
<doc>Logs the given message with the given level.</doc>
<status status="PASS" start="2024-04-03T09:14:44.049273" elapsed="0.000421"/>
</kw>
<kw name="Log" owner="BuiltIn">
<msg time="2024-04-03T09:14:44.050131" level="INFO">login</msg>
<arg>${key}</arg>
<doc>Logs the given message with the given level.</doc>
<status status="PASS" start="2024-04-03T09:14:44.049993" elapsed="0.000292"/>
</kw>
<var name="${key}">login</var>
<status status="PASS" start="2024-04-03T09:14:44.048385" elapsed="0.002132"/>
</iter>
<var>${key}</var>
<value>@{expected_keys}</value>
<status status="PASS" start="2024-04-03T09:14:44.039017" elapsed="0.011655"/>
</for>
<kw name="Create List" owner="BuiltIn">
<msg time="2024-04-03T09:14:44.051030" level="INFO">${expected_keysTwo} = ['username', 'password']</msg>
<var>${expected_keysTwo}</var>
<arg>username</arg>
<arg>password</arg>
<doc>Returns a list containing given items.</doc>
<status status="PASS" start="2024-04-03T09:14:44.050887" elapsed="0.000168"/>
</kw>
<for flavor="IN">
<iter>
<kw name="Dictionary Should Contain Key" owner="Collections">
<msg time="2024-04-03T09:14:44.051951" level="INFO">False</msg>
<arg>${json_data['results'][0]['login']}</arg>
<arg>${keyTwo}</arg>
<doc>Fails if ``key`` is not found from ``dictionary``.</doc>
<status status="PASS" start="2024-04-03T09:14:44.051566" elapsed="0.000423"/>
</kw>
<kw name="Dictionary Should Contain Key" owner="Collections">
<msg time="2024-04-03T09:14:44.052669" level="INFO">False</msg>
<arg>${json_data['results'][0]['login']}</arg>
<arg>${keyTwo}</arg>
<doc>Fails if ``key`` is not found from ``dictionary``.</doc>
<status status="PASS" start="2024-04-03T09:14:44.052287" elapsed="0.000421"/>
</kw>
<kw name="Log" owner="BuiltIn">
<msg time="2024-04-03T09:14:44.053174" level="INFO">username</msg>
<arg>${keyTwo}</arg>
<doc>Logs the given message with the given level.</doc>
<status status="PASS" start="2024-04-03T09:14:44.053039" elapsed="0.000176"/>
</kw>
<var name="${keyTwo}">username</var>
<status status="PASS" start="2024-04-03T09:14:44.051451" elapsed="0.001984"/>
</iter>
<iter>
<kw name="Dictionary Should Contain Key" owner="Collections">
<msg time="2024-04-03T09:14:44.054117" level="INFO">False</msg>
<arg>${json_data['results'][0]['login']}</arg>
<arg>${keyTwo}</arg>
<doc>Fails if ``key`` is not found from ``dictionary``.</doc>
<status status="PASS" start="2024-04-03T09:14:44.053726" elapsed="0.000430"/>
</kw>
<kw name="Dictionary Should Contain Key" owner="Collections">
<msg time="2024-04-03T09:14:44.054836" level="INFO">False</msg>
<arg>${json_data['results'][0]['login']}</arg>
<arg>${keyTwo}</arg>
<doc>Fails if ``key`` is not found from ``dictionary``.</doc>
<status status="PASS" start="2024-04-03T09:14:44.054455" elapsed="0.000419"/>
</kw>
<kw name="Log" owner="BuiltIn">
<msg time="2024-04-03T09:14:44.055298" level="INFO">password</msg>
<arg>${keyTwo}</arg>
<doc>Logs the given message with the given level.</doc>
<status status="PASS" start="2024-04-03T09:14:44.055169" elapsed="0.000169"/>
</kw>
<var name="${keyTwo}">password</var>
<status status="PASS" start="2024-04-03T09:14:44.053612" elapsed="0.001952"/>
</iter>
<var>${keyTwo}</var>
<value>@{expected_keysTwo}</value>
<status status="PASS" start="2024-04-03T09:14:44.051295" elapsed="0.004393"/>
</for>
<status status="PASS" start="2024-04-03T09:14:43.944288" elapsed="0.111547"/>
</kw>
<doc>Testa a estrutura da resposta da API.</doc>
<tag>testeEstruturaResposta</tag>
<status status="PASS" start="2024-04-03T09:14:43.943686" elapsed="0.112314"/>
</test>
<test id="s1-s1-t4" name="Validar tipos de dados" line="28">
<kw name="Teste de Tipos de Dados" owner="random-user-service">
<kw name="GET On Session" owner="RequestsLibrary">
<msg time="2024-04-03T09:14:44.143135" level="INFO">GET Request : url=https://randomuser.me/api 
 path_url=/api 
 headers={'User-Agent': 'python-requests/2.31.0', 'Accept-Encoding': 'gzip, deflate', 'Accept': '*/*', 'Connection': 'keep-alive'} 
 body=None 
 </msg>
<msg time="2024-04-03T09:14:44.143205" level="INFO">GET Response : url=https://randomuser.me/api 
 status=200, reason=OK 
 headers={'Date': 'Wed, 03 Apr 2024 09:14:44 GMT', 'Content-Type': 'application/json; charset=utf-8', 'Transfer-Encoding': 'chunked', 'Connection': 'keep-alive', 'X-Powered-By': 'Express', 'Access-Control-Allow-Origin': '*', 'Cache-Control': 'no-cache', 'ETag': 'W/"495-+uJlCg0yBmMHBlW8MM0u9mxuVe0"', 'Vary': 'Accept-Encoding', 'Content-Encoding': 'gzip', 'CF-Cache-Status': 'DYNAMIC', 'Report-To': '{"endpoints":[{"url":"https:\\/\\/a.nel.cloudflare.com\\/report\\/v4?s=gn%2B0NMbEODxSbhL7mCr43%2F9YRotcxTeDQmmM9aFINcCBP97I6MnFhXd2yFHm%2BvZGWHr7V2bmbV0xbUK7W3yQ8ST5BUNvDI6A%2BX%2FxeF1voxAhcvZ0yhps5tGf%2Ft2yDH1h"}],"group":"cf-nel","max_age":604800}', 'NEL': '{"success_fraction":0,"report_to":"cf-nel","max_age":604800}', 'Server': 'cloudflare', 'CF-RAY': '86e7f3395837593d-IAD', 'alt-svc': 'h3=":443"; ma=86400'} 
 body={"results":[{"gender":"male","name":{"title":"Mr","first":"Đuro","last":"Rodić"},"location":{"street":{"number":792,"name":"Siniše Nikolajevića"},"city":"Kikinda","state":"Zaječar","country":"Serbia","postcode":55443,"coordinates":{"latitude":"57.4296","longitude":"-149.1453"},"timezone":{"offset":"+5:00","description":"Ekaterinburg, Islamabad, Karachi, Tashkent"}},"email":"duro.rodic@example.com","login":{"uuid":"4aa1c4f8-4694-4b4a-b91b-412b7ebd0aea","username":"beautifulpanda345","password":"mine","salt":"rxLrRtO8","md5":"f189531929e7780868ceddb2543293d6","sha1":"8e93f7dcbb907a0060a907e75618cd473c8fe60d","sha256":"bdfb65e491aaf02a4aad0961f9ac6ec855a12e54e4619d18d6f5098334d663cd"},"dob":{"date":"1950-04-14T19:20:42.897Z","age":73},"registered":{"date":"2005-07-18T20:05:08.811Z","age":18},"phone":"029-7806-867","cell":"063-6965-566","id":{"name":"SID","value":"574530035"},"picture":{"large":"https://randomuser.me/api/portraits/men/72.jpg","medium":"https://randomuser.me/api/portraits/med/men/72.jpg","thumbnail":"https://randomuser.me/api/portraits/thumb/men/72.jpg"},"nat":"RS"}],"info":{"seed":"6d05ca3e11736b48","results":1,"page":1,"version":"1.4"}} 
 </msg>
<msg time="2024-04-03T09:14:44.143270" level="INFO">/opt/hostedtoolcache/Python/3.12.2/x64/lib/python3.12/site-packages/urllib3/connectionpool.py:1103: InsecureRequestWarning: Unverified HTTPS request is being made to host 'randomuser.me'. Adding certificate verification is strongly advised. See: https://urllib3.readthedocs.io/en/latest/advanced-usage.html#tls-warnings
  warnings.warn(</msg>
<msg time="2024-04-03T09:14:44.143373" level="INFO">${response} = &lt;Response [200]&gt;</msg>
<var>${response}</var>
<arg>consultarAPI</arg>
<arg>/api</arg>
<doc>Sends a GET request on a previously created HTTP Session.</doc>
<status status="PASS" start="2024-04-03T09:14:44.058512" elapsed="0.084901"/>
</kw>
<kw name="Set Variable" owner="BuiltIn">
<msg time="2024-04-03T09:14:44.144563" level="INFO">${json_data} = {'results': [{'gender': 'male', 'name': {'title': 'Mr', 'first': 'Đuro', 'last': 'Rodić'}, 'location': {'street': {'number': 792, 'name': 'Siniše Nikolajevića'}, 'city': 'Kikinda', 'state': 'Zaječar',...</msg>
<var>${json_data}</var>
<arg>${response.json()}</arg>
<doc>Returns the given values which can then be assigned to a variables.</doc>
<status status="PASS" start="2024-04-03T09:14:44.143953" elapsed="0.000642"/>
</kw>
<kw name="Log" owner="BuiltIn">
<msg time="2024-04-03T09:14:44.145116" level="INFO">{'results': [{'gender': 'male', 'name': {'title': 'Mr', 'first': 'Đuro', 'last': 'Rodić'}, 'location': {'street': {'number': 792, 'name': 'Siniše Nikolajevića'}, 'city': 'Kikinda', 'state': 'Zaječar', 'country': 'Serbia', 'postcode': 55443, 'coordinates': {'latitude': '57.4296', 'longitude': '-149.1453'}, 'timezone': {'offset': '+5:00', 'description': 'Ekaterinburg, Islamabad, Karachi, Tashkent'}}, 'email': 'duro.rodic@example.com', 'login': {'uuid': '4aa1c4f8-4694-4b4a-b91b-412b7ebd0aea', 'username': 'beautifulpanda345', 'password': 'mine', 'salt': 'rxLrRtO8', 'md5': 'f189531929e7780868ceddb2543293d6', 'sha1': '8e93f7dcbb907a0060a907e75618cd473c8fe60d', 'sha256': 'bdfb65e491aaf02a4aad0961f9ac6ec855a12e54e4619d18d6f5098334d663cd'}, 'dob': {'date': '1950-04-14T19:20:42.897Z', 'age': 73}, 'registered': {'date': '2005-07-18T20:05:08.811Z', 'age': 18}, 'phone': '029-7806-867', 'cell': '063-6965-566', 'id': {'name': 'SID', 'value': '574530035'}, 'picture': {'large': 'https://randomuser.me/api/portraits/men/72.jpg', 'medium': 'https://randomuser.me/api/portraits/med/men/72.jpg', 'thumbnail': 'https://randomuser.me/api/portraits/thumb/men/72.jpg'}, 'nat': 'RS'}], 'info': {'seed': '6d05ca3e11736b48', 'results': 1, 'page': 1, 'version': '1.4'}}</msg>
<arg>${json_data}</arg>
<doc>Logs the given message with the given level.</doc>
<status status="PASS" start="2024-04-03T09:14:44.144950" elapsed="0.000258"/>
</kw>
<kw name="Should Be String" owner="String">
<arg>${json_data['results'][0]['gender']}</arg>
<doc>Fails if the given ``item`` is not a string.</doc>
<status status="PASS" start="2024-04-03T09:14:44.145523" elapsed="0.000376"/>
</kw>
<kw name="Should Match Regexp" owner="BuiltIn">
<arg>${json_data['results'][0]['email']}</arg>
<arg>^[a-zA-Z0-9._%+-]+@[a-zA-Z0-9.-]+\.[a-zA-Z]{2,}$</arg>
<doc>Fails if ``string`` does not match ``pattern`` as a regular expression.</doc>
<status status="PASS" start="2024-04-03T09:14:44.146101" elapsed="0.000522"/>
</kw>
<kw name="Should Match Regexp" owner="BuiltIn">
<arg>${json_data['results'][0]['dob']['date']}</arg>
<arg>\\d{4}-\\d{2}-\\d{2}T\\d{2}:\\d{2}:\\d{2}\\.\\d{3}Z</arg>
<doc>Fails if ``string`` does not match ``pattern`` as a regular expression.</doc>
<status status="PASS" start="2024-04-03T09:14:44.146825" elapsed="0.000495"/>
</kw>
<kw name="Should Match Regexp" owner="BuiltIn">
<arg>${json_data['results'][0]['registered']['date']}</arg>
<arg>\\d{4}-\\d{2}-\\d{2}T\\d{2}:\\d{2}:\\d{2}\\.\\d{3}Z</arg>
<doc>Fails if ``string`` does not match ``pattern`` as a regular expression.</doc>
<status status="PASS" start="2024-04-03T09:14:44.147519" elapsed="0.000387"/>
</kw>
<kw name="Should Match Regexp" owner="BuiltIn">
<arg>${json_data['results'][0]['picture']['large']}</arg>
<arg>^https?://.*\.(?:png|jpe?g|gif|bmp)$</arg>
<doc>Fails if ``string`` does not match ``pattern`` as a regular expression.</doc>
<status status="PASS" start="2024-04-03T09:14:44.148100" elapsed="0.000462"/>
</kw>
<kw name="Should Match Regexp" owner="BuiltIn">
<arg>${json_data['results'][0]['picture']['medium']}</arg>
<arg>^https?://.*\.(?:png|jpe?g|gif|bmp)$</arg>
<doc>Fails if ``string`` does not match ``pattern`` as a regular expression.</doc>
<status status="PASS" start="2024-04-03T09:14:44.148763" elapsed="0.000402"/>
</kw>
<kw name="Should Match Regexp" owner="BuiltIn">
<arg>${json_data['results'][0]['picture']['thumbnail']}</arg>
<arg>^https?://.*\.(?:png|jpe?g|gif|bmp)$</arg>
<doc>Fails if ``string`` does not match ``pattern`` as a regular expression.</doc>
<status status="PASS" start="2024-04-03T09:14:44.149357" elapsed="0.000360"/>
</kw>
<kw name="Log" owner="BuiltIn">
<msg time="2024-04-03T09:14:44.150235" level="INFO">{'large': 'https://randomuser.me/api/portraits/men/72.jpg', 'medium': 'https://randomuser.me/api/portraits/med/men/72.jpg', 'thumbnail': 'https://randomuser.me/api/portraits/thumb/men/72.jpg'}</msg>
<arg>${json_data['results'][0]['picture']}</arg>
<doc>Logs the given message with the given level.</doc>
<status status="PASS" start="2024-04-03T09:14:44.149902" elapsed="0.000381"/>
</kw>
<status status="PASS" start="2024-04-03T09:14:44.058272" elapsed="0.092266"/>
</kw>
<kw name="Teste de Tipos de Dados - Postcode" owner="random-user-service">
<kw name="GET On Session" owner="RequestsLibrary">
<msg time="2024-04-03T09:14:44.239152" level="INFO">GET Request : url=https://randomuser.me/api 
 path_url=/api 
 headers={'User-Agent': 'python-requests/2.31.0', 'Accept-Encoding': 'gzip, deflate', 'Accept': '*/*', 'Connection': 'keep-alive'} 
 body=None 
 </msg>
<msg time="2024-04-03T09:14:44.239220" level="INFO">GET Response : url=https://randomuser.me/api 
 status=200, reason=OK 
 headers={'Date': 'Wed, 03 Apr 2024 09:14:44 GMT', 'Content-Type': 'application/json; charset=utf-8', 'Transfer-Encoding': 'chunked', 'Connection': 'keep-alive', 'X-Powered-By': 'Express', 'Access-Control-Allow-Origin': '*', 'Cache-Control': 'no-cache', 'ETag': 'W/"496-AYUAuKYa6UaJCAPzVPYVwguAxHo"', 'Vary': 'Accept-Encoding', 'Content-Encoding': 'gzip', 'CF-Cache-Status': 'DYNAMIC', 'Report-To': '{"endpoints":[{"url":"https:\\/\\/a.nel.cloudflare.com\\/report\\/v4?s=b9aODFaoBDCg%2FFB7%2BfxwlBgSbNiZixtEGypsjVBPE5fUHLXag11ptGRPZaLNNZ968FdbrYnEWfeAbGXVupLft%2Ff%2Fvg6vXvSTNUVzvwG6hgWSqr02mj%2F7ypk0Lnp846rx"}],"group":"cf-nel","max_age":604800}', 'NEL': '{"success_fraction":0,"report_to":"cf-nel","max_age":604800}', 'Server': 'cloudflare', 'CF-RAY': '86e7f339f885593d-IAD', 'alt-svc': 'h3=":443"; ma=86400'} 
 body={"results":[{"gender":"female","name":{"title":"Miss","first":"Marie","last":"Rasmussen"},"location":{"street":{"number":499,"name":"Elmevænget"},"city":"Branderup J","state":"Syddanmark","country":"Denmark","postcode":34429,"coordinates":{"latitude":"-39.7285","longitude":"146.5195"},"timezone":{"offset":"+8:00","description":"Beijing, Perth, Singapore, Hong Kong"}},"email":"marie.rasmussen@example.com","login":{"uuid":"ae4d022e-4899-49a5-b4da-71044b949525","username":"redladybug184","password":"sophie","salt":"GMJMPulq","md5":"1c9d4d1f67788faf46549e412498439b","sha1":"99c9ae644dfffc08075167aa2b4210bc2f7a533d","sha256":"8cc9cbeff4aa38da507fe525bbf6114d214ad2c9de76794a76c14c9f6174f247"},"dob":{"date":"1944-09-11T22:47:33.052Z","age":79},"registered":{"date":"2008-05-05T19:21:26.133Z","age":15},"phone":"75263137","cell":"49987054","id":{"name":"CPR","value":"110944-2603"},"picture":{"large":"https://randomuser.me/api/portraits/women/29.jpg","medium":"https://randomuser.me/api/portraits/med/women/29.jpg","thumbnail":"https://randomuser.me/api/portraits/thumb/women/29.jpg"},"nat":"DK"}],"info":{"seed":"959f12783321476b","results":1,"page":1,"version":"1.4"}} 
 </msg>
<msg time="2024-04-03T09:14:44.239293" level="INFO">/opt/hostedtoolcache/Python/3.12.2/x64/lib/python3.12/site-packages/urllib3/connectionpool.py:1103: InsecureRequestWarning: Unverified HTTPS request is being made to host 'randomuser.me'. Adding certificate verification is strongly advised. See: https://urllib3.readthedocs.io/en/latest/advanced-usage.html#tls-warnings
  warnings.warn(</msg>
<msg time="2024-04-03T09:14:44.239384" level="INFO">${response} = &lt;Response [200]&gt;</msg>
<var>${response}</var>
<arg>consultarAPI</arg>
<arg>/api</arg>
<doc>Sends a GET request on a previously created HTTP Session.</doc>
<status status="PASS" start="2024-04-03T09:14:44.151113" elapsed="0.088311"/>
</kw>
<kw name="Set Variable" owner="BuiltIn">
<msg time="2024-04-03T09:14:44.240589" level="INFO">${json_data} = {'results': [{'gender': 'female', 'name': {'title': 'Miss', 'first': 'Marie', 'last': 'Rasmussen'}, 'location': {'street': {'number': 499, 'name': 'Elmevænget'}, 'city': 'Branderup J', 'state': 'Sydda...</msg>
<var>${json_data}</var>
<arg>${response.json()}</arg>
<doc>Returns the given values which can then be assigned to a variables.</doc>
<status status="PASS" start="2024-04-03T09:14:44.239965" elapsed="0.000654"/>
</kw>
<kw name="Log" owner="BuiltIn">
<msg time="2024-04-03T09:14:44.241134" level="INFO">{'results': [{'gender': 'female', 'name': {'title': 'Miss', 'first': 'Marie', 'last': 'Rasmussen'}, 'location': {'street': {'number': 499, 'name': 'Elmevænget'}, 'city': 'Branderup J', 'state': 'Syddanmark', 'country': 'Denmark', 'postcode': 34429, 'coordinates': {'latitude': '-39.7285', 'longitude': '146.5195'}, 'timezone': {'offset': '+8:00', 'description': 'Beijing, Perth, Singapore, Hong Kong'}}, 'email': 'marie.rasmussen@example.com', 'login': {'uuid': 'ae4d022e-4899-49a5-b4da-71044b949525', 'username': 'redladybug184', 'password': 'sophie', 'salt': 'GMJMPulq', 'md5': '1c9d4d1f67788faf46549e412498439b', 'sha1': '99c9ae644dfffc08075167aa2b4210bc2f7a533d', 'sha256': '8cc9cbeff4aa38da507fe525bbf6114d214ad2c9de76794a76c14c9f6174f247'}, 'dob': {'date': '1944-09-11T22:47:33.052Z', 'age': 79}, 'registered': {'date': '2008-05-05T19:21:26.133Z', 'age': 15}, 'phone': '75263137', 'cell': '49987054', 'id': {'name': 'CPR', 'value': '110944-2603'}, 'picture': {'large': 'https://randomuser.me/api/portraits/women/29.jpg', 'medium': 'https://randomuser.me/api/portraits/med/women/29.jpg', 'thumbnail': 'https://randomuser.me/api/portraits/thumb/women/29.jpg'}, 'nat': 'DK'}], 'info': {'seed': '959f12783321476b', 'results': 1, 'page': 1, 'version': '1.4'}}</msg>
<arg>${json_data}</arg>
<doc>Logs the given message with the given level.</doc>
<status status="PASS" start="2024-04-03T09:14:44.240971" elapsed="0.000248"/>
</kw>
<kw name="Should Be Equal As Numbers" owner="BuiltIn">
<arg>${json_data['results'][0]['location']['postcode']}</arg>
<arg>${json_data['results'][0]['location']['postcode']}</arg>
<doc>Fails if objects are unequal after converting them to real numbers.</doc>
<status status="PASS" start="2024-04-03T09:14:44.241529" elapsed="0.000643"/>
</kw>
<kw name="Log" owner="BuiltIn">
<msg time="2024-04-03T09:14:44.242705" level="INFO">34429</msg>
<arg>${json_data['results'][0]['location']['postcode']}</arg>
<doc>Logs the given message with the given level.</doc>
<status status="PASS" start="2024-04-03T09:14:44.242369" elapsed="0.000378"/>
</kw>
<status status="PASS" start="2024-04-03T09:14:44.150759" elapsed="0.092240"/>
</kw>
<doc>Testa se os tipos de dados na resposta da API estão corretos.</doc>
<tag>testeTiposDados</tag>
<status status="PASS" start="2024-04-03T09:14:44.057822" elapsed="0.185343"/>
</test>
<test id="s1-s1-t5" name="Validar conteudo" line="35">
<kw name="Teste de Tipos de Conteudo" owner="random-user-service">
<kw name="GET On Session" owner="RequestsLibrary">
<msg time="2024-04-03T09:14:44.337138" level="INFO">GET Request : url=https://randomuser.me/api 
 path_url=/api 
 headers={'User-Agent': 'python-requests/2.31.0', 'Accept-Encoding': 'gzip, deflate', 'Accept': '*/*', 'Connection': 'keep-alive'} 
 body=None 
 </msg>
<msg time="2024-04-03T09:14:44.337221" level="INFO">GET Response : url=https://randomuser.me/api 
 status=200, reason=OK 
 headers={'Date': 'Wed, 03 Apr 2024 09:14:44 GMT', 'Content-Type': 'application/json; charset=utf-8', 'Transfer-Encoding': 'chunked', 'Connection': 'keep-alive', 'X-Powered-By': 'Express', 'Access-Control-Allow-Origin': '*', 'Cache-Control': 'no-cache', 'ETag': 'W/"483-iKuVCyZAdvs3ucwLaDwCyzi0aK0"', 'Vary': 'Accept-Encoding', 'Content-Encoding': 'gzip', 'CF-Cache-Status': 'DYNAMIC', 'Report-To': '{"endpoints":[{"url":"https:\\/\\/a.nel.cloudflare.com\\/report\\/v4?s=CUpTwGl%2FW%2BX%2BYa5q3vxdNLhgcuBsl0idRs5rU9NvG3arqdSJf1sAzUrsw2NOwUJOglTOnjBygQuPeK4r%2FlNAle2pSCMKHiLAZJrkjPOjuwfGCirATegUZUaVsJNkbo0B"}],"group":"cf-nel","max_age":604800}', 'NEL': '{"success_fraction":0,"report_to":"cf-nel","max_age":604800}', 'Server': 'cloudflare', 'CF-RAY': '86e7f33a88f6593d-IAD', 'alt-svc': 'h3=":443"; ma=86400'} 
 body={"results":[{"gender":"male","name":{"title":"Mr","first":"Mariano","last":"Mesa"},"location":{"street":{"number":6197,"name":"Calzada Hidalgo"},"city":"Tulcingo de Valle","state":"Estado de Mexico","country":"Mexico","postcode":51770,"coordinates":{"latitude":"28.8065","longitude":"-52.4027"},"timezone":{"offset":"+4:30","description":"Kabul"}},"email":"mariano.mesa@example.com","login":{"uuid":"a8a94e57-0e82-4065-9c8c-b5901e33e281","username":"lazypeacock759","password":"silent","salt":"c4Gjbxvh","md5":"e6873e38182472ff066eb8f2af5a72e6","sha1":"35c43a9cbc3c68430135d85fb2ae9b76bf8f19f6","sha256":"85ae1a9706199dc68cc4875ccc6c0742adad633b4d8d8d751a599f524c7e69e8"},"dob":{"date":"1964-04-03T21:23:11.253Z","age":59},"registered":{"date":"2014-08-13T23:45:01.368Z","age":9},"phone":"(619) 229 1504","cell":"(667) 501 3422","id":{"name":"NSS","value":"86 92 93 9647 3"},"picture":{"large":"https://randomuser.me/api/portraits/men/4.jpg","medium":"https://randomuser.me/api/portraits/med/men/4.jpg","thumbnail":"https://randomuser.me/api/portraits/thumb/men/4.jpg"},"nat":"MX"}],"info":{"seed":"d615a8c37d9afa37","results":1,"page":1,"version":"1.4"}} 
 </msg>
<msg time="2024-04-03T09:14:44.337295" level="INFO">/opt/hostedtoolcache/Python/3.12.2/x64/lib/python3.12/site-packages/urllib3/connectionpool.py:1103: InsecureRequestWarning: Unverified HTTPS request is being made to host 'randomuser.me'. Adding certificate verification is strongly advised. See: https://urllib3.readthedocs.io/en/latest/advanced-usage.html#tls-warnings
  warnings.warn(</msg>
<msg time="2024-04-03T09:14:44.337411" level="INFO">${response} = &lt;Response [200]&gt;</msg>
<var>${response}</var>
<arg>consultarAPI</arg>
<arg>/api</arg>
<doc>Sends a GET request on a previously created HTTP Session.</doc>
<status status="PASS" start="2024-04-03T09:14:44.245596" elapsed="0.091858"/>
</kw>
<kw name="Set Variable" owner="BuiltIn">
<msg time="2024-04-03T09:14:44.338713" level="INFO">${json_data} = {'results': [{'gender': 'male', 'name': {'title': 'Mr', 'first': 'Mariano', 'last': 'Mesa'}, 'location': {'street': {'number': 6197, 'name': 'Calzada Hidalgo'}, 'city': 'Tulcingo de Valle', 'state': '...</msg>
<var>${json_data}</var>
<arg>${response.json()}</arg>
<doc>Returns the given values which can then be assigned to a variables.</doc>
<status status="PASS" start="2024-04-03T09:14:44.338016" elapsed="0.000726"/>
</kw>
<kw name="Set Variable" owner="BuiltIn">
<msg time="2024-04-03T09:14:44.339429" level="INFO">${name_title} = Mr</msg>
<var>${name_title}</var>
<arg>${json_data["results"][0]["name"]["title"]}</arg>
<doc>Returns the given values which can then be assigned to a variables.</doc>
<status status="PASS" start="2024-04-03T09:14:44.339052" elapsed="0.000402"/>
</kw>
<kw name="Create List" owner="BuiltIn">
<msg time="2024-04-03T09:14:44.339911" level="INFO">${allowed_titles} = ['Mr', 'Ms', 'Miss', 'Mrs', 'Madame', 'Monsieur']</msg>
<var>${allowed_titles}</var>
<arg>Mr</arg>
<arg>Ms</arg>
<arg>Miss</arg>
<arg>Mrs</arg>
<arg>Madame</arg>
<arg>Monsieur</arg>
<doc>Returns a list containing given items.</doc>
<status status="PASS" start="2024-04-03T09:14:44.339758" elapsed="0.000178"/>
</kw>
<kw name="List Should Contain Value" owner="Collections">
<msg time="2024-04-03T09:14:44.340422" level="INFO">False</msg>
<arg>${allowed_titles}</arg>
<arg>${name_title}</arg>
<doc>Fails if the ``value`` is not found from ``list``.</doc>
<status status="PASS" start="2024-04-03T09:14:44.340247" elapsed="0.000213"/>
</kw>
<kw name="Set Variable" owner="BuiltIn">
<msg time="2024-04-03T09:14:44.341190" level="INFO">${name_country} = MX</msg>
<var>${name_country}</var>
<arg>${json_data["results"][0]["nat"]}</arg>
<doc>Returns the given values which can then be assigned to a variables.</doc>
<status status="PASS" start="2024-04-03T09:14:44.340753" elapsed="0.000463"/>
</kw>
<kw name="Create List" owner="BuiltIn">
<msg time="2024-04-03T09:14:44.342257" level="INFO">${list_country} = ['AD', 'AE', 'AF', 'AG', 'AI', 'AL', 'AM', 'AO', 'AQ', 'AR', 'AS', 'AT', 'AU', 'AW', 'AX', 'AZ', 'BA', 'BB', 'BD', 'BE', 'BF', 'BG', 'BH', 'BI', 'BJ', 'BL', 'BM', 'BN', 'BO', 'BQ', 'BR', 'BS', 'BT', '...</msg>
<var>${list_country}</var>
<arg>AD</arg>
<arg>AE</arg>
<arg>AF</arg>
<arg>AG</arg>
<arg>AI</arg>
<arg>AL</arg>
<arg>AM</arg>
<arg>AO</arg>
<arg>AQ</arg>
<arg>AR</arg>
<arg>AS</arg>
<arg>AT</arg>
<arg>AU</arg>
<arg>AW</arg>
<arg>AX</arg>
<arg>AZ</arg>
<arg>BA</arg>
<arg>BB</arg>
<arg>BD</arg>
<arg>BE</arg>
<arg>BF</arg>
<arg>BG</arg>
<arg>BH</arg>
<arg>BI</arg>
<arg>BJ</arg>
<arg>BL</arg>
<arg>BM</arg>
<arg>BN</arg>
<arg>BO</arg>
<arg>BQ</arg>
<arg>BR</arg>
<arg>BS</arg>
<arg>BT</arg>
<arg>BV</arg>
<arg>BW</arg>
<arg>BY</arg>
<arg>BZ</arg>
<arg>CA</arg>
<arg>CC</arg>
<arg>CD</arg>
<arg>CF</arg>
<arg>CG</arg>
<arg>CH</arg>
<arg>CI</arg>
<arg>CK</arg>
<arg>CL</arg>
<arg>CM</arg>
<arg>CN</arg>
<arg>CO</arg>
<arg>CR</arg>
<arg>CU</arg>
<arg>CV</arg>
<arg>CW</arg>
<arg>CX</arg>
<arg>CY</arg>
<arg>CZ</arg>
<arg>DE</arg>
<arg>DJ</arg>
<arg>DK</arg>
<arg>DM</arg>
<arg>DO</arg>
<arg>DZ</arg>
<arg>EC</arg>
<arg>EE</arg>
<arg>EG</arg>
<arg>EH</arg>
<arg>ER</arg>
<arg>ES</arg>
<arg>ET</arg>
<arg>FI</arg>
<arg>FJ</arg>
<arg>FK</arg>
<arg>FM</arg>
<arg>FO</arg>
<arg>FR</arg>
<arg>GA</arg>
<arg>GB</arg>
<arg>GD</arg>
<arg>GE</arg>
<arg>GF</arg>
<arg>GG</arg>
<arg>GH</arg>
<arg>GI</arg>
<arg>GL</arg>
<arg>GM</arg>
<arg>GN</arg>
<arg>GP</arg>
<arg>GQ</arg>
<arg>GR</arg>
<arg>GS</arg>
<arg>GT</arg>
<arg>GU</arg>
<arg>GW</arg>
<arg>GY</arg>
<arg>HK</arg>
<arg>HM</arg>
<arg>HN</arg>
<arg>HR</arg>
<arg>HT</arg>
<arg>HU</arg>
<arg>ID</arg>
<arg>IE</arg>
<arg>IL</arg>
<arg>IM</arg>
<arg>IN</arg>
<arg>IO</arg>
<arg>IQ</arg>
<arg>IR</arg>
<arg>IS</arg>
<arg>IT</arg>
<arg>JE</arg>
<arg>JM</arg>
<arg>JO</arg>
<arg>JP</arg>
<arg>KE</arg>
<arg>KG</arg>
<arg>KH</arg>
<arg>KI</arg>
<arg>KM</arg>
<arg>KN</arg>
<arg>KP</arg>
<arg>KR</arg>
<arg>KW</arg>
<arg>KY</arg>
<arg>KZ</arg>
<arg>LA</arg>
<arg>LB</arg>
<arg>LC</arg>
<arg>LI</arg>
<arg>LK</arg>
<arg>LR</arg>
<arg>LS</arg>
<arg>LT</arg>
<arg>LU</arg>
<arg>LV</arg>
<arg>LY</arg>
<arg>MA</arg>
<arg>MC</arg>
<arg>MD</arg>
<arg>ME</arg>
<arg>MF</arg>
<arg>MG</arg>
<arg>MH</arg>
<arg>MK</arg>
<arg>ML</arg>
<arg>MM</arg>
<arg>MN</arg>
<arg>MO</arg>
<arg>MP</arg>
<arg>MQ</arg>
<arg>MR</arg>
<arg>MS</arg>
<arg>MT</arg>
<arg>MU</arg>
<arg>MV</arg>
<arg>MW</arg>
<arg>MX</arg>
<arg>MY</arg>
<arg>MZ</arg>
<arg>NA</arg>
<arg>NC</arg>
<arg>NE</arg>
<arg>NF</arg>
<arg>NG</arg>
<arg>NI</arg>
<arg>NL</arg>
<arg>NO</arg>
<arg>NP</arg>
<arg>NR</arg>
<arg>NU</arg>
<arg>NZ</arg>
<arg>OM</arg>
<arg>PA</arg>
<arg>PE</arg>
<arg>PF</arg>
<arg>PG</arg>
<arg>PH</arg>
<arg>PK</arg>
<arg>PL</arg>
<arg>PM</arg>
<arg>PN</arg>
<arg>PR</arg>
<arg>PS</arg>
<arg>PT</arg>
<arg>PW</arg>
<arg>PY</arg>
<arg>QA</arg>
<arg>RE</arg>
<arg>RO</arg>
<arg>RS</arg>
<arg>RU</arg>
<arg>RW</arg>
<arg>SA</arg>
<arg>SB</arg>
<arg>SC</arg>
<arg>SD</arg>
<arg>SE</arg>
<arg>SG</arg>
<arg>SH</arg>
<arg>SI</arg>
<arg>SJ</arg>
<arg>SK</arg>
<arg>SL</arg>
<arg>SM</arg>
<arg>SN</arg>
<arg>SO</arg>
<arg>SR</arg>
<arg>SS</arg>
<arg>ST</arg>
<arg>SV</arg>
<arg>SX</arg>
<arg>SY</arg>
<arg>SZ</arg>
<arg>TC</arg>
<arg>TD</arg>
<arg>TF</arg>
<arg>TG</arg>
<arg>TH</arg>
<arg>TJ</arg>
<arg>TK</arg>
<arg>TL</arg>
<arg>TM</arg>
<arg>TN</arg>
<arg>TO</arg>
<arg>TR</arg>
<arg>TT</arg>
<arg>TV</arg>
<arg>TW</arg>
<arg>TZ</arg>
<arg>UA</arg>
<arg>UG</arg>
<arg>UM</arg>
<arg>US</arg>
<arg>UY</arg>
<arg>UZ</arg>
<arg>VA</arg>
<arg>VC</arg>
<arg>VE</arg>
<arg>VG</arg>
<arg>VI</arg>
<arg>VN</arg>
<arg>VU</arg>
<arg>WF</arg>
<arg>WS</arg>
<arg>XK</arg>
<arg>YE</arg>
<arg>YT</arg>
<arg>ZA</arg>
<arg>ZM</arg>
<arg>ZW</arg>
<doc>Returns a list containing given items.</doc>
<status status="PASS" start="2024-04-03T09:14:44.341555" elapsed="0.000728"/>
</kw>
<kw name="List Should Contain Value" owner="Collections">
<msg time="2024-04-03T09:14:44.343377" level="INFO">False</msg>
<arg>${list_country}</arg>
<arg>${name_country}</arg>
<doc>Fails if the ``value`` is not found from ``list``.</doc>
<status status="PASS" start="2024-04-03T09:14:44.343170" elapsed="0.000245"/>
</kw>
<kw name="Run Keyword If" owner="BuiltIn">
<kw name="Should Be True" owner="BuiltIn">
<arg>${True}</arg>
<doc>Fails if the given condition is not true.</doc>
<status status="PASS" start="2024-04-03T09:14:44.344487" elapsed="0.000148"/>
</kw>
<arg>${json_data["results"][0]["location"]["coordinates"]["latitude"]} &gt;= -90 and ${json_data["results"][0]["location"]["coordinates"]["latitude"]} &lt;= 90</arg>
<arg>Should Be True</arg>
<arg>${True}</arg>
<doc>Runs the given keyword with the given arguments, if ``condition`` is true.</doc>
<status status="PASS" start="2024-04-03T09:14:44.343730" elapsed="0.001036"/>
</kw>
<kw name="Run Keyword If" owner="BuiltIn">
<kw name="Should Be True" owner="BuiltIn">
<arg>${True}</arg>
<doc>Fails if the given condition is not true.</doc>
<status status="PASS" start="2024-04-03T09:14:44.345714" elapsed="0.000141"/>
</kw>
<arg>${json_data["results"][0]["location"]["coordinates"]["longitude"]} &gt;= -180 and ${json_data["results"][0]["location"]["coordinates"]["longitude"]} &lt;= 180</arg>
<arg>Should Be True</arg>
<arg>${True}</arg>
<doc>Runs the given keyword with the given arguments, if ``condition`` is true.</doc>
<status status="PASS" start="2024-04-03T09:14:44.345010" elapsed="0.000975"/>
</kw>
<status status="PASS" start="2024-04-03T09:14:44.245369" elapsed="0.100747"/>
</kw>
<doc>Testa o conteúdo específico dos campos retornados pela API.</doc>
<tag>testeConteudo</tag>
<status status="PASS" start="2024-04-03T09:14:44.244935" elapsed="0.101327"/>
</test>
<status status="PASS" start="2024-04-03T09:14:43.565714" elapsed="0.782569"/>
</suite>
<status status="PASS" start="2024-04-03T09:14:43.551970" elapsed="0.801583"/>
</suite>
<statistics>
<total>
<stat pass="5" fail="0" skip="0">All Tests</stat>
</total>
<tag>
<stat pass="1" fail="0" skip="0">testeConteudo</stat>
<stat pass="1" fail="0" skip="0">testeEstruturaResposta</stat>
<stat pass="1" fail="0" skip="0">testeRequisicaoBasica</stat>
<stat pass="1" fail="0" skip="0">testeTiposDados</stat>
</tag>
<suite>
<stat pass="5" fail="0" skip="0" id="s1" name="Tests">Tests</stat>
<stat pass="5" fail="0" skip="0" id="s1-s1" name="Random-User-Test">Tests.Random-User-Test</stat>
</suite>
</statistics>
<errors>
</errors>
</robot>
