<?xml version="1.0" encoding="UTF-8"?>
<robot generator="Robot 7.0 (Python 3.12.3 on linux)" generated="2024-06-04T10:16:34.257253" rpa="false" schemaversion="5">
<suite id="s1" name="Tests" source="/home/runner/work/ApiRandomUser/ApiRandomUser/RamdonUser/tests">
<suite id="s1-s1" name="Random-User-Test" source="/home/runner/work/ApiRandomUser/ApiRandomUser/RamdonUser/tests/random-user-test.robot">
<test id="s1-s1-t1" name="Conectar" line="13">
<kw name="Conectar API" owner="random-user-service">
<kw name="Create Session" owner="RequestsLibrary">
<msg time="2024-06-04T10:16:34.637481" level="INFO">Creating Session using : alias=consultarAPI, url=https://randomuser.me/, headers={},                     cookies={}, auth=None, timeout=None, proxies=None, verify=False,                     debug=0 </msg>
<arg>consultarAPI</arg>
<arg>${URL}</arg>
<doc>Create Session: create a HTTP session to a server</doc>
<status status="PASS" start="2024-06-04T10:16:34.637278" elapsed="0.000376"/>
</kw>
<status status="PASS" start="2024-06-04T10:16:34.636315" elapsed="0.001691"/>
</kw>
<status status="PASS" start="2024-06-04T10:16:34.635739" elapsed="0.002459"/>
</test>
<test id="s1-s1-t2" name="Validar retorno 200 e JSON Válido" line="16">
<kw name="Teste de Requisicao Basica" owner="random-user-service">
<kw name="GET On Session" owner="RequestsLibrary">
<msg time="2024-06-04T10:16:34.766419" level="INFO">GET Request : url=https://randomuser.me/api 
 path_url=/api 
 headers={'User-Agent': 'python-requests/2.32.3', 'Accept-Encoding': 'gzip, deflate', 'Accept': '*/*', 'Connection': 'keep-alive'} 
 body=None 
 </msg>
<msg time="2024-06-04T10:16:34.766532" level="INFO">GET Response : url=https://randomuser.me/api 
 status=200, reason=OK 
 headers={'Date': 'Tue, 04 Jun 2024 10:16:34 GMT', 'Content-Type': 'application/json; charset=utf-8', 'Transfer-Encoding': 'chunked', 'Connection': 'keep-alive', 'X-Powered-By': 'Express', 'Access-Control-Allow-Origin': '*', 'Cache-Control': 'no-cache', 'ETag': 'W/"492-Fad8Hqv9Hv4Nt4yuwr+WG1v0LUI"', 'Vary': 'Accept-Encoding', 'Content-Encoding': 'gzip', 'CF-Cache-Status': 'DYNAMIC', 'Report-To': '{"endpoints":[{"url":"https:\\/\\/a.nel.cloudflare.com\\/report\\/v4?s=%2Fluw0PdSe2Ly3uc2rLt4Zz26SQggPaS8bsPgNC3HJGgb4eDuyGXtdqfjYQkvCaXie6wQl6k7EN94ZX0cHjZju%2FBXYIaxSR%2FBMzlIPUxnNRXhs3TJ2iFErtYedZI5Iuj3"}],"group":"cf-nel","max_age":604800}', 'NEL': '{"success_fraction":0,"report_to":"cf-nel","max_age":604800}', 'Server': 'cloudflare', 'CF-RAY': '88e72b10bd1ad041-SJC', 'alt-svc': 'h3=":443"; ma=86400'} 
 body={"results":[{"gender":"male","name":{"title":"Mr","first":"Duane","last":"Jensen"},"location":{"street":{"number":7851,"name":"Taylor St"},"city":"Adelaide","state":"South Australia","country":"Australia","postcode":6768,"coordinates":{"latitude":"-85.5759","longitude":"-174.7366"},"timezone":{"offset":"-4:00","description":"Atlantic Time (Canada), Caracas, La Paz"}},"email":"duane.jensen@example.com","login":{"uuid":"474cd080-599c-450e-a292-de02f39f3ef8","username":"organiccat845","password":"brandy","salt":"wLKWxa4j","md5":"b7fb31cbdca5d6583b3875b224b55625","sha1":"244f93861b679eaab487918250ae7ea760da659a","sha256":"60a193fd48910af24d7a3a88a464800988f797aaee3f23978a257370b71f4eb5"},"dob":{"date":"1995-09-23T05:55:58.180Z","age":28},"registered":{"date":"2002-11-26T08:53:50.553Z","age":21},"phone":"09-1592-9951","cell":"0407-555-053","id":{"name":"TFN","value":"074206488"},"picture":{"large":"https://randomuser.me/api/portraits/men/17.jpg","medium":"https://randomuser.me/api/portraits/med/men/17.jpg","thumbnail":"https://randomuser.me/api/portraits/thumb/men/17.jpg"},"nat":"AU"}],"info":{"seed":"819cdf7af820c9e0","results":1,"page":1,"version":"1.4"}} 
 </msg>
<msg time="2024-06-04T10:16:34.766602" level="INFO">/opt/hostedtoolcache/Python/3.12.3/x64/lib/python3.12/site-packages/urllib3/connectionpool.py:1103: InsecureRequestWarning: Unverified HTTPS request is being made to host 'randomuser.me'. Adding certificate verification is strongly advised. See: https://urllib3.readthedocs.io/en/latest/advanced-usage.html#tls-warnings
  warnings.warn(</msg>
<msg time="2024-06-04T10:16:34.766710" level="INFO">${response} = &lt;Response [200]&gt;</msg>
<var>${response}</var>
<arg>consultarAPI</arg>
<arg>/api</arg>
<doc>Sends a GET request on a previously created HTTP Session.</doc>
<status status="PASS" start="2024-06-04T10:16:34.640873" elapsed="0.125881"/>
</kw>
<kw name="Should Be Equal As Numbers" owner="BuiltIn">
<msg time="2024-06-04T10:16:34.767708" level="INFO">Argument types are:
&lt;class 'int'&gt;
&lt;class 'str'&gt;</msg>
<arg>${response.status_code}</arg>
<arg>200</arg>
<doc>Fails if objects are unequal after converting them to real numbers.</doc>
<status status="PASS" start="2024-06-04T10:16:34.767240" elapsed="0.000533"/>
</kw>
<kw name="Log" owner="BuiltIn">
<msg time="2024-06-04T10:16:34.768473" level="INFO">200</msg>
<arg>${response.status_code}</arg>
<doc>Logs the given message with the given level.</doc>
<status status="PASS" start="2024-06-04T10:16:34.768111" elapsed="0.000412"/>
</kw>
<kw name="Set Variable" owner="BuiltIn">
<msg time="2024-06-04T10:16:34.769269" level="INFO">${json_data} = {'results': [{'gender': 'male', 'name': {'title': 'Mr', 'first': 'Duane', 'last': 'Jensen'}, 'location': {'street': {'number': 7851, 'name': 'Taylor St'}, 'city': 'Adelaide', 'state': 'South Australia...</msg>
<var>${json_data}</var>
<arg>${response.json()}</arg>
<doc>Returns the given values which can then be assigned to a variables.</doc>
<status status="PASS" start="2024-06-04T10:16:34.768837" elapsed="0.000461"/>
</kw>
<kw name="Dictionary Should Contain Key" owner="Collections">
<msg time="2024-06-04T10:16:34.769762" level="INFO">False</msg>
<arg>${json_data}</arg>
<arg>results</arg>
<doc>Fails if ``key`` is not found from ``dictionary``.</doc>
<status status="PASS" start="2024-06-04T10:16:34.769596" elapsed="0.000204"/>
</kw>
<status status="PASS" start="2024-06-04T10:16:34.640628" elapsed="0.129427"/>
</kw>
<doc>Testa se a API responde corretamente e retorna um objeto JSON válido.</doc>
<tag>testeRequisicaoBasica</tag>
<status status="PASS" start="2024-06-04T10:16:34.640117" elapsed="0.130113"/>
</test>
<test id="s1-s1-t3" name="Validar estrutura de resposta" line="22">
<kw name="Teste de Estrutura de Resposta" owner="random-user-service">
<kw name="GET On Session" owner="RequestsLibrary">
<msg time="2024-06-04T10:16:35.053452" level="INFO">GET Request : url=https://randomuser.me/api 
 path_url=/api 
 headers={'User-Agent': 'python-requests/2.32.3', 'Accept-Encoding': 'gzip, deflate', 'Accept': '*/*', 'Connection': 'keep-alive'} 
 body=None 
 </msg>
<msg time="2024-06-04T10:16:35.053561" level="INFO">GET Response : url=https://randomuser.me/api 
 status=200, reason=OK 
 headers={'Date': 'Tue, 04 Jun 2024 10:16:35 GMT', 'Content-Type': 'application/json; charset=utf-8', 'Transfer-Encoding': 'chunked', 'Connection': 'keep-alive', 'X-Powered-By': 'Express', 'Access-Control-Allow-Origin': '*', 'Cache-Control': 'no-cache', 'ETag': 'W/"497-3VlxSTIK2fNz/6pQKc/dDvY0mzU"', 'Vary': 'Accept-Encoding', 'Content-Encoding': 'gzip', 'CF-Cache-Status': 'DYNAMIC', 'Report-To': '{"endpoints":[{"url":"https:\\/\\/a.nel.cloudflare.com\\/report\\/v4?s=Ek5kp507KewzhHg8JzSgavhZwgI4pmqC86oto9wcQvxaeiSVHstw8VjS9GMPuZ8Bln4EDA4J1oXJCW5IG3PnN5AteNzi22f0xee%2BN%2FC5cbhFUK6OV8wTcsHOAWYGHOoO"}],"group":"cf-nel","max_age":604800}', 'NEL': '{"success_fraction":0,"report_to":"cf-nel","max_age":604800}', 'Server': 'cloudflare', 'CF-RAY': '88e72b115d6ed041-SJC', 'alt-svc': 'h3=":443"; ma=86400'} 
 body={"results":[{"gender":"male","name":{"title":"Mr","first":"Arturo","last":"Caballero"},"location":{"street":{"number":9314,"name":"Calle de Alcalá"},"city":"Castellón de la Plana","state":"Canarias","country":"Spain","postcode":24807,"coordinates":{"latitude":"-35.9183","longitude":"-70.0771"},"timezone":{"offset":"+2:00","description":"Kaliningrad, South Africa"}},"email":"arturo.caballero@example.com","login":{"uuid":"218e4222-2dc9-4e01-926a-41286ff90807","username":"happyostrich355","password":"brian1","salt":"l2UJ3afu","md5":"c68a5f683f69a8d9a84f4a82e5ca5a8a","sha1":"69dde06aa1cfd3a4b532ffa1352396e34c40393d","sha256":"86fe61c874f7ecc5d847a99ebcc4821dc3c7808d72e3ae81ec674b3c6e9c02f8"},"dob":{"date":"1951-04-02T16:54:20.552Z","age":73},"registered":{"date":"2005-12-16T01:02:11.101Z","age":18},"phone":"949-960-504","cell":"691-824-421","id":{"name":"DNI","value":"87545767-O"},"picture":{"large":"https://randomuser.me/api/portraits/men/55.jpg","medium":"https://randomuser.me/api/portraits/med/men/55.jpg","thumbnail":"https://randomuser.me/api/portraits/thumb/men/55.jpg"},"nat":"ES"}],"info":{"seed":"d0ed138fea6bc8fa","results":1,"page":1,"version":"1.4"}} 
 </msg>
<msg time="2024-06-04T10:16:35.053710" level="INFO">/opt/hostedtoolcache/Python/3.12.3/x64/lib/python3.12/site-packages/urllib3/connectionpool.py:1103: InsecureRequestWarning: Unverified HTTPS request is being made to host 'randomuser.me'. Adding certificate verification is strongly advised. See: https://urllib3.readthedocs.io/en/latest/advanced-usage.html#tls-warnings
  warnings.warn(</msg>
<msg time="2024-06-04T10:16:35.053857" level="INFO">${response} = &lt;Response [200]&gt;</msg>
<var>${response}</var>
<arg>consultarAPI</arg>
<arg>/api</arg>
<doc>Sends a GET request on a previously created HTTP Session.</doc>
<status status="PASS" start="2024-06-04T10:16:34.772821" elapsed="0.281097"/>
</kw>
<kw name="Set Variable" owner="BuiltIn">
<msg time="2024-06-04T10:16:35.055089" level="INFO">${json_data} = {'results': [{'gender': 'male', 'name': {'title': 'Mr', 'first': 'Arturo', 'last': 'Caballero'}, 'location': {'street': {'number': 9314, 'name': 'Calle de Alcalá'}, 'city': 'Castellón de la Plana', 's...</msg>
<var>${json_data}</var>
<arg>${response.json()}</arg>
<doc>Returns the given values which can then be assigned to a variables.</doc>
<status status="PASS" start="2024-06-04T10:16:35.054517" elapsed="0.000602"/>
</kw>
<kw name="Log" owner="BuiltIn">
<msg time="2024-06-04T10:16:35.055624" level="INFO">{'results': [{'gender': 'male', 'name': {'title': 'Mr', 'first': 'Arturo', 'last': 'Caballero'}, 'location': {'street': {'number': 9314, 'name': 'Calle de Alcalá'}, 'city': 'Castellón de la Plana', 'state': 'Canarias', 'country': 'Spain', 'postcode': 24807, 'coordinates': {'latitude': '-35.9183', 'longitude': '-70.0771'}, 'timezone': {'offset': '+2:00', 'description': 'Kaliningrad, South Africa'}}, 'email': 'arturo.caballero@example.com', 'login': {'uuid': '218e4222-2dc9-4e01-926a-41286ff90807', 'username': 'happyostrich355', 'password': 'brian1', 'salt': 'l2UJ3afu', 'md5': 'c68a5f683f69a8d9a84f4a82e5ca5a8a', 'sha1': '69dde06aa1cfd3a4b532ffa1352396e34c40393d', 'sha256': '86fe61c874f7ecc5d847a99ebcc4821dc3c7808d72e3ae81ec674b3c6e9c02f8'}, 'dob': {'date': '1951-04-02T16:54:20.552Z', 'age': 73}, 'registered': {'date': '2005-12-16T01:02:11.101Z', 'age': 18}, 'phone': '949-960-504', 'cell': '691-824-421', 'id': {'name': 'DNI', 'value': '87545767-O'}, 'picture': {'large': 'https://randomuser.me/api/portraits/men/55.jpg', 'medium': 'https://randomuser.me/api/portraits/med/men/55.jpg', 'thumbnail': 'https://randomuser.me/api/portraits/thumb/men/55.jpg'}, 'nat': 'ES'}], 'info': {'seed': 'd0ed138fea6bc8fa', 'results': 1, 'page': 1, 'version': '1.4'}}</msg>
<arg>${json_data}</arg>
<doc>Logs the given message with the given level.</doc>
<status status="PASS" start="2024-06-04T10:16:35.055453" elapsed="0.000225"/>
</kw>
<kw name="Dictionary Should Contain Key" owner="Collections">
<msg time="2024-06-04T10:16:35.056133" level="INFO">False</msg>
<arg>${json_data}</arg>
<arg>results</arg>
<doc>Fails if ``key`` is not found from ``dictionary``.</doc>
<status status="PASS" start="2024-06-04T10:16:35.055975" elapsed="0.000195"/>
</kw>
<kw name="Should Not Be Empty" owner="BuiltIn">
<msg time="2024-06-04T10:16:35.056593" level="INFO">Length is 2.</msg>
<arg>${json_data}</arg>
<doc>Verifies that the given item is not empty.</doc>
<status status="PASS" start="2024-06-04T10:16:35.056458" elapsed="0.000172"/>
</kw>
<kw name="Create List" owner="BuiltIn">
<msg time="2024-06-04T10:16:35.057217" level="INFO">${expected_keys} = ['gender', 'name', 'location', 'email', 'login']</msg>
<var>${expected_keys}</var>
<arg>gender</arg>
<arg>name</arg>
<arg>location</arg>
<arg>email</arg>
<arg>login</arg>
<doc>Returns a list containing given items.</doc>
<status status="PASS" start="2024-06-04T10:16:35.056916" elapsed="0.000326"/>
</kw>
<for flavor="IN">
<iter>
<kw name="Dictionary Should Contain Key" owner="Collections">
<msg time="2024-06-04T10:16:35.058217" level="INFO">False</msg>
<arg>${json_data['results'][0]}</arg>
<arg>${key}</arg>
<doc>Fails if ``key`` is not found from ``dictionary``.</doc>
<status status="PASS" start="2024-06-04T10:16:35.057830" elapsed="0.000425"/>
</kw>
<kw name="Log" owner="BuiltIn">
<msg time="2024-06-04T10:16:35.058916" level="INFO">{'gender': 'male', 'name': {'title': 'Mr', 'first': 'Arturo', 'last': 'Caballero'}, 'location': {'street': {'number': 9314, 'name': 'Calle de Alcalá'}, 'city': 'Castellón de la Plana', 'state': 'Canarias', 'country': 'Spain', 'postcode': 24807, 'coordinates': {'latitude': '-35.9183', 'longitude': '-70.0771'}, 'timezone': {'offset': '+2:00', 'description': 'Kaliningrad, South Africa'}}, 'email': 'arturo.caballero@example.com', 'login': {'uuid': '218e4222-2dc9-4e01-926a-41286ff90807', 'username': 'happyostrich355', 'password': 'brian1', 'salt': 'l2UJ3afu', 'md5': 'c68a5f683f69a8d9a84f4a82e5ca5a8a', 'sha1': '69dde06aa1cfd3a4b532ffa1352396e34c40393d', 'sha256': '86fe61c874f7ecc5d847a99ebcc4821dc3c7808d72e3ae81ec674b3c6e9c02f8'}, 'dob': {'date': '1951-04-02T16:54:20.552Z', 'age': 73}, 'registered': {'date': '2005-12-16T01:02:11.101Z', 'age': 18}, 'phone': '949-960-504', 'cell': '691-824-421', 'id': {'name': 'DNI', 'value': '87545767-O'}, 'picture': {'large': 'https://randomuser.me/api/portraits/men/55.jpg', 'medium': 'https://randomuser.me/api/portraits/med/men/55.jpg', 'thumbnail': 'https://randomuser.me/api/portraits/thumb/men/55.jpg'}, 'nat': 'ES'}</msg>
<arg>${json_data['results'][0]}</arg>
<doc>Logs the given message with the given level.</doc>
<status status="PASS" start="2024-06-04T10:16:35.058555" elapsed="0.000409"/>
</kw>
<kw name="Log" owner="BuiltIn">
<msg time="2024-06-04T10:16:35.059383" level="INFO">gender</msg>
<arg>${key}</arg>
<doc>Logs the given message with the given level.</doc>
<status status="PASS" start="2024-06-04T10:16:35.059254" elapsed="0.000188"/>
</kw>
<var name="${key}">gender</var>
<status status="PASS" start="2024-06-04T10:16:35.057704" elapsed="0.001966"/>
</iter>
<iter>
<kw name="Dictionary Should Contain Key" owner="Collections">
<msg time="2024-06-04T10:16:35.060363" level="INFO">False</msg>
<arg>${json_data['results'][0]}</arg>
<arg>${key}</arg>
<doc>Fails if ``key`` is not found from ``dictionary``.</doc>
<status status="PASS" start="2024-06-04T10:16:35.059975" elapsed="0.000424"/>
</kw>
<kw name="Log" owner="BuiltIn">
<msg time="2024-06-04T10:16:35.061144" level="INFO">{'gender': 'male', 'name': {'title': 'Mr', 'first': 'Arturo', 'last': 'Caballero'}, 'location': {'street': {'number': 9314, 'name': 'Calle de Alcalá'}, 'city': 'Castellón de la Plana', 'state': 'Canarias', 'country': 'Spain', 'postcode': 24807, 'coordinates': {'latitude': '-35.9183', 'longitude': '-70.0771'}, 'timezone': {'offset': '+2:00', 'description': 'Kaliningrad, South Africa'}}, 'email': 'arturo.caballero@example.com', 'login': {'uuid': '218e4222-2dc9-4e01-926a-41286ff90807', 'username': 'happyostrich355', 'password': 'brian1', 'salt': 'l2UJ3afu', 'md5': 'c68a5f683f69a8d9a84f4a82e5ca5a8a', 'sha1': '69dde06aa1cfd3a4b532ffa1352396e34c40393d', 'sha256': '86fe61c874f7ecc5d847a99ebcc4821dc3c7808d72e3ae81ec674b3c6e9c02f8'}, 'dob': {'date': '1951-04-02T16:54:20.552Z', 'age': 73}, 'registered': {'date': '2005-12-16T01:02:11.101Z', 'age': 18}, 'phone': '949-960-504', 'cell': '691-824-421', 'id': {'name': 'DNI', 'value': '87545767-O'}, 'picture': {'large': 'https://randomuser.me/api/portraits/men/55.jpg', 'medium': 'https://randomuser.me/api/portraits/med/men/55.jpg', 'thumbnail': 'https://randomuser.me/api/portraits/thumb/men/55.jpg'}, 'nat': 'ES'}</msg>
<arg>${json_data['results'][0]}</arg>
<doc>Logs the given message with the given level.</doc>
<status status="PASS" start="2024-06-04T10:16:35.060721" elapsed="0.000512"/>
</kw>
<kw name="Log" owner="BuiltIn">
<msg time="2024-06-04T10:16:35.061831" level="INFO">name</msg>
<arg>${key}</arg>
<doc>Logs the given message with the given level.</doc>
<status status="PASS" start="2024-06-04T10:16:35.061664" elapsed="0.000205"/>
</kw>
<var name="${key}">name</var>
<status status="PASS" start="2024-06-04T10:16:35.059857" elapsed="0.002232"/>
</iter>
<iter>
<kw name="Dictionary Should Contain Key" owner="Collections">
<msg time="2024-06-04T10:16:35.062757" level="INFO">False</msg>
<arg>${json_data['results'][0]}</arg>
<arg>${key}</arg>
<doc>Fails if ``key`` is not found from ``dictionary``.</doc>
<status status="PASS" start="2024-06-04T10:16:35.062382" elapsed="0.000412"/>
</kw>
<kw name="Log" owner="BuiltIn">
<msg time="2024-06-04T10:16:35.063470" level="INFO">{'gender': 'male', 'name': {'title': 'Mr', 'first': 'Arturo', 'last': 'Caballero'}, 'location': {'street': {'number': 9314, 'name': 'Calle de Alcalá'}, 'city': 'Castellón de la Plana', 'state': 'Canarias', 'country': 'Spain', 'postcode': 24807, 'coordinates': {'latitude': '-35.9183', 'longitude': '-70.0771'}, 'timezone': {'offset': '+2:00', 'description': 'Kaliningrad, South Africa'}}, 'email': 'arturo.caballero@example.com', 'login': {'uuid': '218e4222-2dc9-4e01-926a-41286ff90807', 'username': 'happyostrich355', 'password': 'brian1', 'salt': 'l2UJ3afu', 'md5': 'c68a5f683f69a8d9a84f4a82e5ca5a8a', 'sha1': '69dde06aa1cfd3a4b532ffa1352396e34c40393d', 'sha256': '86fe61c874f7ecc5d847a99ebcc4821dc3c7808d72e3ae81ec674b3c6e9c02f8'}, 'dob': {'date': '1951-04-02T16:54:20.552Z', 'age': 73}, 'registered': {'date': '2005-12-16T01:02:11.101Z', 'age': 18}, 'phone': '949-960-504', 'cell': '691-824-421', 'id': {'name': 'DNI', 'value': '87545767-O'}, 'picture': {'large': 'https://randomuser.me/api/portraits/men/55.jpg', 'medium': 'https://randomuser.me/api/portraits/med/men/55.jpg', 'thumbnail': 'https://randomuser.me/api/portraits/thumb/men/55.jpg'}, 'nat': 'ES'}</msg>
<arg>${json_data['results'][0]}</arg>
<doc>Logs the given message with the given level.</doc>
<status status="PASS" start="2024-06-04T10:16:35.063086" elapsed="0.000444"/>
</kw>
<kw name="Log" owner="BuiltIn">
<msg time="2024-06-04T10:16:35.063963" level="INFO">location</msg>
<arg>${key}</arg>
<doc>Logs the given message with the given level.</doc>
<status status="PASS" start="2024-06-04T10:16:35.063834" elapsed="0.000166"/>
</kw>
<var name="${key}">location</var>
<status status="PASS" start="2024-06-04T10:16:35.062268" elapsed="0.001950"/>
</iter>
<iter>
<kw name="Dictionary Should Contain Key" owner="Collections">
<msg time="2024-06-04T10:16:35.064881" level="INFO">False</msg>
<arg>${json_data['results'][0]}</arg>
<arg>${key}</arg>
<doc>Fails if ``key`` is not found from ``dictionary``.</doc>
<status status="PASS" start="2024-06-04T10:16:35.064505" elapsed="0.000414"/>
</kw>
<kw name="Log" owner="BuiltIn">
<msg time="2024-06-04T10:16:35.065570" level="INFO">{'gender': 'male', 'name': {'title': 'Mr', 'first': 'Arturo', 'last': 'Caballero'}, 'location': {'street': {'number': 9314, 'name': 'Calle de Alcalá'}, 'city': 'Castellón de la Plana', 'state': 'Canarias', 'country': 'Spain', 'postcode': 24807, 'coordinates': {'latitude': '-35.9183', 'longitude': '-70.0771'}, 'timezone': {'offset': '+2:00', 'description': 'Kaliningrad, South Africa'}}, 'email': 'arturo.caballero@example.com', 'login': {'uuid': '218e4222-2dc9-4e01-926a-41286ff90807', 'username': 'happyostrich355', 'password': 'brian1', 'salt': 'l2UJ3afu', 'md5': 'c68a5f683f69a8d9a84f4a82e5ca5a8a', 'sha1': '69dde06aa1cfd3a4b532ffa1352396e34c40393d', 'sha256': '86fe61c874f7ecc5d847a99ebcc4821dc3c7808d72e3ae81ec674b3c6e9c02f8'}, 'dob': {'date': '1951-04-02T16:54:20.552Z', 'age': 73}, 'registered': {'date': '2005-12-16T01:02:11.101Z', 'age': 18}, 'phone': '949-960-504', 'cell': '691-824-421', 'id': {'name': 'DNI', 'value': '87545767-O'}, 'picture': {'large': 'https://randomuser.me/api/portraits/men/55.jpg', 'medium': 'https://randomuser.me/api/portraits/med/men/55.jpg', 'thumbnail': 'https://randomuser.me/api/portraits/thumb/men/55.jpg'}, 'nat': 'ES'}</msg>
<arg>${json_data['results'][0]}</arg>
<doc>Logs the given message with the given level.</doc>
<status status="PASS" start="2024-06-04T10:16:35.065209" elapsed="0.000409"/>
</kw>
<kw name="Log" owner="BuiltIn">
<msg time="2024-06-04T10:16:35.066039" level="INFO">email</msg>
<arg>${key}</arg>
<doc>Logs the given message with the given level.</doc>
<status status="PASS" start="2024-06-04T10:16:35.065910" elapsed="0.000166"/>
</kw>
<var name="${key}">email</var>
<status status="PASS" start="2024-06-04T10:16:35.064390" elapsed="0.001898"/>
</iter>
<iter>
<kw name="Dictionary Should Contain Key" owner="Collections">
<msg time="2024-06-04T10:16:35.066955" level="INFO">False</msg>
<arg>${json_data['results'][0]}</arg>
<arg>${key}</arg>
<doc>Fails if ``key`` is not found from ``dictionary``.</doc>
<status status="PASS" start="2024-06-04T10:16:35.066571" elapsed="0.000421"/>
</kw>
<kw name="Log" owner="BuiltIn">
<msg time="2024-06-04T10:16:35.067673" level="INFO">{'gender': 'male', 'name': {'title': 'Mr', 'first': 'Arturo', 'last': 'Caballero'}, 'location': {'street': {'number': 9314, 'name': 'Calle de Alcalá'}, 'city': 'Castellón de la Plana', 'state': 'Canarias', 'country': 'Spain', 'postcode': 24807, 'coordinates': {'latitude': '-35.9183', 'longitude': '-70.0771'}, 'timezone': {'offset': '+2:00', 'description': 'Kaliningrad, South Africa'}}, 'email': 'arturo.caballero@example.com', 'login': {'uuid': '218e4222-2dc9-4e01-926a-41286ff90807', 'username': 'happyostrich355', 'password': 'brian1', 'salt': 'l2UJ3afu', 'md5': 'c68a5f683f69a8d9a84f4a82e5ca5a8a', 'sha1': '69dde06aa1cfd3a4b532ffa1352396e34c40393d', 'sha256': '86fe61c874f7ecc5d847a99ebcc4821dc3c7808d72e3ae81ec674b3c6e9c02f8'}, 'dob': {'date': '1951-04-02T16:54:20.552Z', 'age': 73}, 'registered': {'date': '2005-12-16T01:02:11.101Z', 'age': 18}, 'phone': '949-960-504', 'cell': '691-824-421', 'id': {'name': 'DNI', 'value': '87545767-O'}, 'picture': {'large': 'https://randomuser.me/api/portraits/men/55.jpg', 'medium': 'https://randomuser.me/api/portraits/med/men/55.jpg', 'thumbnail': 'https://randomuser.me/api/portraits/thumb/men/55.jpg'}, 'nat': 'ES'}</msg>
<arg>${json_data['results'][0]}</arg>
<doc>Logs the given message with the given level.</doc>
<status status="PASS" start="2024-06-04T10:16:35.067286" elapsed="0.000436"/>
</kw>
<kw name="Log" owner="BuiltIn">
<msg time="2024-06-04T10:16:35.068137" level="INFO">login</msg>
<arg>${key}</arg>
<doc>Logs the given message with the given level.</doc>
<status status="PASS" start="2024-06-04T10:16:35.068011" elapsed="0.000164"/>
</kw>
<var name="${key}">login</var>
<status status="PASS" start="2024-06-04T10:16:35.066460" elapsed="0.001953"/>
</iter>
<var>${key}</var>
<value>@{expected_keys}</value>
<status status="PASS" start="2024-06-04T10:16:35.057505" elapsed="0.011033"/>
</for>
<kw name="Create List" owner="BuiltIn">
<msg time="2024-06-04T10:16:35.068873" level="INFO">${expected_keysTwo} = ['username', 'password']</msg>
<var>${expected_keysTwo}</var>
<arg>username</arg>
<arg>password</arg>
<doc>Returns a list containing given items.</doc>
<status status="PASS" start="2024-06-04T10:16:35.068736" elapsed="0.000161"/>
</kw>
<for flavor="IN">
<iter>
<kw name="Dictionary Should Contain Key" owner="Collections">
<msg time="2024-06-04T10:16:35.069762" level="INFO">False</msg>
<arg>${json_data['results'][0]['login']}</arg>
<arg>${keyTwo}</arg>
<doc>Fails if ``key`` is not found from ``dictionary``.</doc>
<status status="PASS" start="2024-06-04T10:16:35.069387" elapsed="0.000411"/>
</kw>
<kw name="Dictionary Should Contain Key" owner="Collections">
<msg time="2024-06-04T10:16:35.070465" level="INFO">False</msg>
<arg>${json_data['results'][0]['login']}</arg>
<arg>${keyTwo}</arg>
<doc>Fails if ``key`` is not found from ``dictionary``.</doc>
<status status="PASS" start="2024-06-04T10:16:35.070085" elapsed="0.000416"/>
</kw>
<kw name="Log" owner="BuiltIn">
<msg time="2024-06-04T10:16:35.070911" level="INFO">username</msg>
<arg>${keyTwo}</arg>
<doc>Logs the given message with the given level.</doc>
<status status="PASS" start="2024-06-04T10:16:35.070786" elapsed="0.000162"/>
</kw>
<var name="${keyTwo}">username</var>
<status status="PASS" start="2024-06-04T10:16:35.069280" elapsed="0.001878"/>
</iter>
<iter>
<kw name="Dictionary Should Contain Key" owner="Collections">
<msg time="2024-06-04T10:16:35.071857" level="INFO">False</msg>
<arg>${json_data['results'][0]['login']}</arg>
<arg>${keyTwo}</arg>
<doc>Fails if ``key`` is not found from ``dictionary``.</doc>
<status status="PASS" start="2024-06-04T10:16:35.071469" elapsed="0.000424"/>
</kw>
<kw name="Dictionary Should Contain Key" owner="Collections">
<msg time="2024-06-04T10:16:35.072630" level="INFO">False</msg>
<arg>${json_data['results'][0]['login']}</arg>
<arg>${keyTwo}</arg>
<doc>Fails if ``key`` is not found from ``dictionary``.</doc>
<status status="PASS" start="2024-06-04T10:16:35.072183" elapsed="0.000484"/>
</kw>
<kw name="Log" owner="BuiltIn">
<msg time="2024-06-04T10:16:35.073092" level="INFO">password</msg>
<arg>${keyTwo}</arg>
<doc>Logs the given message with the given level.</doc>
<status status="PASS" start="2024-06-04T10:16:35.072963" elapsed="0.000167"/>
</kw>
<var name="${keyTwo}">password</var>
<status status="PASS" start="2024-06-04T10:16:35.071327" elapsed="0.002015"/>
</iter>
<var>${keyTwo}</var>
<value>@{expected_keysTwo}</value>
<status status="PASS" start="2024-06-04T10:16:35.069131" elapsed="0.004332"/>
</for>
<status status="PASS" start="2024-06-04T10:16:34.772569" elapsed="0.301035"/>
</kw>
<doc>Testa a estrutura da resposta da API.</doc>
<tag>testeEstruturaResposta</tag>
<status status="PASS" start="2024-06-04T10:16:34.772070" elapsed="0.301726"/>
</test>
<test id="s1-s1-t4" name="Validar tipos de dados" line="28">
<kw name="Teste de Tipos de Dados" owner="random-user-service">
<kw name="GET On Session" owner="RequestsLibrary">
<msg time="2024-06-04T10:16:35.160684" level="INFO">GET Request : url=https://randomuser.me/api 
 path_url=/api 
 headers={'User-Agent': 'python-requests/2.32.3', 'Accept-Encoding': 'gzip, deflate', 'Accept': '*/*', 'Connection': 'keep-alive'} 
 body=None 
 </msg>
<msg time="2024-06-04T10:16:35.160747" level="INFO">GET Response : url=https://randomuser.me/api 
 status=200, reason=OK 
 headers={'Date': 'Tue, 04 Jun 2024 10:16:35 GMT', 'Content-Type': 'application/json; charset=utf-8', 'Transfer-Encoding': 'chunked', 'Connection': 'keep-alive', 'X-Powered-By': 'Express', 'Access-Control-Allow-Origin': '*', 'Cache-Control': 'no-cache', 'ETag': 'W/"482-PSbAK+NV2QSIFNoigX/mX8mFsYg"', 'Vary': 'Accept-Encoding', 'Content-Encoding': 'gzip', 'CF-Cache-Status': 'DYNAMIC', 'Report-To': '{"endpoints":[{"url":"https:\\/\\/a.nel.cloudflare.com\\/report\\/v4?s=mBwUjrAZyrJ9Ba8kPW0XeKMsdsXbSPvk8tdUUNU94A4y1vHUbK5qbXO8Q4ZnRE%2FKOPd%2BIHw9bj%2B8HibhEwM6iHWmSw7KJstde6W%2Fpc9S3btzl5mwjOiYaqVNxkxwOg9D"}],"group":"cf-nel","max_age":604800}', 'NEL': '{"success_fraction":0,"report_to":"cf-nel","max_age":604800}', 'Server': 'cloudflare', 'CF-RAY': '88e72b133ea7d041-SJC', 'alt-svc': 'h3=":443"; ma=86400'} 
 body={"results":[{"gender":"female","name":{"title":"Mrs","first":"Liva","last":"Pedersen"},"location":{"street":{"number":7672,"name":"Byagervej"},"city":"Aarhus","state":"Hovedstaden","country":"Denmark","postcode":46452,"coordinates":{"latitude":"-41.8574","longitude":"59.8150"},"timezone":{"offset":"-7:00","description":"Mountain Time (US &amp; Canada)"}},"email":"liva.pedersen@example.com","login":{"uuid":"8b62c104-6d1f-49b6-9e59-7db55b59e975","username":"organickoala871","password":"east","salt":"Ye8LRzg4","md5":"c5bd53987907a9cffc71fc9f882f9384","sha1":"cb3255bde4422e03b4fce891ef17250441f71081","sha256":"1e684088a189301783c1492a22da880a71f95923ae2f13fd70e1909f09b38ba9"},"dob":{"date":"1986-01-29T13:58:33.723Z","age":38},"registered":{"date":"2009-07-07T10:39:14.382Z","age":14},"phone":"63686436","cell":"68505853","id":{"name":"CPR","value":"290186-0497"},"picture":{"large":"https://randomuser.me/api/portraits/women/32.jpg","medium":"https://randomuser.me/api/portraits/med/women/32.jpg","thumbnail":"https://randomuser.me/api/portraits/thumb/women/32.jpg"},"nat":"DK"}],"info":{"seed":"8cc8722e78151a32","results":1,"page":1,"version":"1.4"}} 
 </msg>
<msg time="2024-06-04T10:16:35.160802" level="INFO">/opt/hostedtoolcache/Python/3.12.3/x64/lib/python3.12/site-packages/urllib3/connectionpool.py:1103: InsecureRequestWarning: Unverified HTTPS request is being made to host 'randomuser.me'. Adding certificate verification is strongly advised. See: https://urllib3.readthedocs.io/en/latest/advanced-usage.html#tls-warnings
  warnings.warn(</msg>
<msg time="2024-06-04T10:16:35.160888" level="INFO">${response} = &lt;Response [200]&gt;</msg>
<var>${response}</var>
<arg>consultarAPI</arg>
<arg>/api</arg>
<doc>Sends a GET request on a previously created HTTP Session.</doc>
<status status="PASS" start="2024-06-04T10:16:35.076384" elapsed="0.084545"/>
</kw>
<kw name="Set Variable" owner="BuiltIn">
<msg time="2024-06-04T10:16:35.161902" level="INFO">${json_data} = {'results': [{'gender': 'female', 'name': {'title': 'Mrs', 'first': 'Liva', 'last': 'Pedersen'}, 'location': {'street': {'number': 7672, 'name': 'Byagervej'}, 'city': 'Aarhus', 'state': 'Hovedstaden',...</msg>
<var>${json_data}</var>
<arg>${response.json()}</arg>
<doc>Returns the given values which can then be assigned to a variables.</doc>
<status status="PASS" start="2024-06-04T10:16:35.161371" elapsed="0.000559"/>
</kw>
<kw name="Log" owner="BuiltIn">
<msg time="2024-06-04T10:16:35.162381" level="INFO">{'results': [{'gender': 'female', 'name': {'title': 'Mrs', 'first': 'Liva', 'last': 'Pedersen'}, 'location': {'street': {'number': 7672, 'name': 'Byagervej'}, 'city': 'Aarhus', 'state': 'Hovedstaden', 'country': 'Denmark', 'postcode': 46452, 'coordinates': {'latitude': '-41.8574', 'longitude': '59.8150'}, 'timezone': {'offset': '-7:00', 'description': 'Mountain Time (US &amp; Canada)'}}, 'email': 'liva.pedersen@example.com', 'login': {'uuid': '8b62c104-6d1f-49b6-9e59-7db55b59e975', 'username': 'organickoala871', 'password': 'east', 'salt': 'Ye8LRzg4', 'md5': 'c5bd53987907a9cffc71fc9f882f9384', 'sha1': 'cb3255bde4422e03b4fce891ef17250441f71081', 'sha256': '1e684088a189301783c1492a22da880a71f95923ae2f13fd70e1909f09b38ba9'}, 'dob': {'date': '1986-01-29T13:58:33.723Z', 'age': 38}, 'registered': {'date': '2009-07-07T10:39:14.382Z', 'age': 14}, 'phone': '63686436', 'cell': '68505853', 'id': {'name': 'CPR', 'value': '290186-0497'}, 'picture': {'large': 'https://randomuser.me/api/portraits/women/32.jpg', 'medium': 'https://randomuser.me/api/portraits/med/women/32.jpg', 'thumbnail': 'https://randomuser.me/api/portraits/thumb/women/32.jpg'}, 'nat': 'DK'}], 'info': {'seed': '8cc8722e78151a32', 'results': 1, 'page': 1, 'version': '1.4'}}</msg>
<arg>${json_data}</arg>
<doc>Logs the given message with the given level.</doc>
<status status="PASS" start="2024-06-04T10:16:35.162230" elapsed="0.000228"/>
</kw>
<kw name="Should Be String" owner="String">
<arg>${json_data['results'][0]['gender']}</arg>
<doc>Fails if the given ``item`` is not a string.</doc>
<status status="PASS" start="2024-06-04T10:16:35.162751" elapsed="0.000349"/>
</kw>
<kw name="Should Match Regexp" owner="BuiltIn">
<arg>${json_data['results'][0]['email']}</arg>
<arg>^[a-zA-Z0-9._%+-]+@[a-zA-Z0-9.-]+\.[a-zA-Z]{2,}$</arg>
<doc>Fails if ``string`` does not match ``pattern`` as a regular expression.</doc>
<status status="PASS" start="2024-06-04T10:16:35.163286" elapsed="0.000594"/>
</kw>
<kw name="Should Match Regexp" owner="BuiltIn">
<arg>${json_data['results'][0]['dob']['date']}</arg>
<arg>\\d{4}-\\d{2}-\\d{2}T\\d{2}:\\d{2}:\\d{2}\\.\\d{3}Z</arg>
<doc>Fails if ``string`` does not match ``pattern`` as a regular expression.</doc>
<status status="PASS" start="2024-06-04T10:16:35.164079" elapsed="0.000487"/>
</kw>
<kw name="Should Match Regexp" owner="BuiltIn">
<arg>${json_data['results'][0]['registered']['date']}</arg>
<arg>\\d{4}-\\d{2}-\\d{2}T\\d{2}:\\d{2}:\\d{2}\\.\\d{3}Z</arg>
<doc>Fails if ``string`` does not match ``pattern`` as a regular expression.</doc>
<status status="PASS" start="2024-06-04T10:16:35.164758" elapsed="0.000370"/>
</kw>
<kw name="Should Match Regexp" owner="BuiltIn">
<arg>${json_data['results'][0]['picture']['large']}</arg>
<arg>^https?://.*\.(?:png|jpe?g|gif|bmp)$</arg>
<doc>Fails if ``string`` does not match ``pattern`` as a regular expression.</doc>
<status status="PASS" start="2024-06-04T10:16:35.165314" elapsed="0.000458"/>
</kw>
<kw name="Should Match Regexp" owner="BuiltIn">
<arg>${json_data['results'][0]['picture']['medium']}</arg>
<arg>^https?://.*\.(?:png|jpe?g|gif|bmp)$</arg>
<doc>Fails if ``string`` does not match ``pattern`` as a regular expression.</doc>
<status status="PASS" start="2024-06-04T10:16:35.165957" elapsed="0.000347"/>
</kw>
<kw name="Should Match Regexp" owner="BuiltIn">
<arg>${json_data['results'][0]['picture']['thumbnail']}</arg>
<arg>^https?://.*\.(?:png|jpe?g|gif|bmp)$</arg>
<doc>Fails if ``string`` does not match ``pattern`` as a regular expression.</doc>
<status status="PASS" start="2024-06-04T10:16:35.166488" elapsed="0.000342"/>
</kw>
<kw name="Log" owner="BuiltIn">
<msg time="2024-06-04T10:16:35.167337" level="INFO">{'large': 'https://randomuser.me/api/portraits/women/32.jpg', 'medium': 'https://randomuser.me/api/portraits/med/women/32.jpg', 'thumbnail': 'https://randomuser.me/api/portraits/thumb/women/32.jpg'}</msg>
<arg>${json_data['results'][0]['picture']}</arg>
<doc>Logs the given message with the given level.</doc>
<status status="PASS" start="2024-06-04T10:16:35.167018" elapsed="0.000360"/>
</kw>
<status status="PASS" start="2024-06-04T10:16:35.076151" elapsed="0.091509"/>
</kw>
<kw name="Teste de Tipos de Dados - Postcode" owner="random-user-service">
<kw name="GET On Session" owner="RequestsLibrary">
<msg time="2024-06-04T10:16:35.265242" level="INFO">GET Request : url=https://randomuser.me/api 
 path_url=/api 
 headers={'User-Agent': 'python-requests/2.32.3', 'Accept-Encoding': 'gzip, deflate', 'Accept': '*/*', 'Connection': 'keep-alive'} 
 body=None 
 </msg>
<msg time="2024-06-04T10:16:35.265315" level="INFO">GET Response : url=https://randomuser.me/api 
 status=200, reason=OK 
 headers={'Date': 'Tue, 04 Jun 2024 10:16:35 GMT', 'Content-Type': 'application/json; charset=utf-8', 'Transfer-Encoding': 'chunked', 'Connection': 'keep-alive', 'X-Powered-By': 'Express', 'Access-Control-Allow-Origin': '*', 'Cache-Control': 'no-cache', 'ETag': 'W/"483-71WMjkDFq2xXibYwtDLVUhZFNHc"', 'Vary': 'Accept-Encoding', 'Content-Encoding': 'gzip', 'CF-Cache-Status': 'DYNAMIC', 'Report-To': '{"endpoints":[{"url":"https:\\/\\/a.nel.cloudflare.com\\/report\\/v4?s=2Vi%2Fqz1semIvpNU8TBB4sP2DttACSW%2BXCu4U30gWrVIvApU2dupRbk5FgGuHuPdXRSYWYmPEMKDVH1PX5k%2FPC03GQVAMuhvRX58ybAyMInPLlZemctLWQIEaX21UYoqQ"}],"group":"cf-nel","max_age":604800}', 'NEL': '{"success_fraction":0,"report_to":"cf-nel","max_age":604800}', 'Server': 'cloudflare', 'CF-RAY': '88e72b13df07d041-SJC', 'alt-svc': 'h3=":443"; ma=86400'} 
 body={"results":[{"gender":"male","name":{"title":"Mr","first":"Elvin","last":"Sandmo"},"location":{"street":{"number":7281,"name":"Rundingen"},"city":"Straume","state":"Trøndelag","country":"Norway","postcode":"2407","coordinates":{"latitude":"44.5040","longitude":"-19.5530"},"timezone":{"offset":"-6:00","description":"Central Time (US &amp; Canada), Mexico City"}},"email":"elvin.sandmo@example.com","login":{"uuid":"4b3bbce4-bdb7-4668-9a0f-5d01fe11b503","username":"beautifulwolf410","password":"pauline","salt":"SYSCzyFv","md5":"98e789231f44246e8e256de831208272","sha1":"ae540a4124eb06f105148f8482eb7b6a1ddca09b","sha256":"53c48d9d47ff94889cba0e08acd82b8d2fc508775df0fb123dc17d3f5ff771dc"},"dob":{"date":"1993-06-19T03:38:17.248Z","age":30},"registered":{"date":"2002-05-20T22:45:18.763Z","age":22},"phone":"89017302","cell":"95588106","id":{"name":"FN","value":"19069330129"},"picture":{"large":"https://randomuser.me/api/portraits/men/8.jpg","medium":"https://randomuser.me/api/portraits/med/men/8.jpg","thumbnail":"https://randomuser.me/api/portraits/thumb/men/8.jpg"},"nat":"NO"}],"info":{"seed":"48727b3df0890763","results":1,"page":1,"version":"1.4"}} 
 </msg>
<msg time="2024-06-04T10:16:35.265375" level="INFO">/opt/hostedtoolcache/Python/3.12.3/x64/lib/python3.12/site-packages/urllib3/connectionpool.py:1103: InsecureRequestWarning: Unverified HTTPS request is being made to host 'randomuser.me'. Adding certificate verification is strongly advised. See: https://urllib3.readthedocs.io/en/latest/advanced-usage.html#tls-warnings
  warnings.warn(</msg>
<msg time="2024-06-04T10:16:35.265477" level="INFO">${response} = &lt;Response [200]&gt;</msg>
<var>${response}</var>
<arg>consultarAPI</arg>
<arg>/api</arg>
<doc>Sends a GET request on a previously created HTTP Session.</doc>
<status status="PASS" start="2024-06-04T10:16:35.168089" elapsed="0.097426"/>
</kw>
<kw name="Set Variable" owner="BuiltIn">
<msg time="2024-06-04T10:16:35.266516" level="INFO">${json_data} = {'results': [{'gender': 'male', 'name': {'title': 'Mr', 'first': 'Elvin', 'last': 'Sandmo'}, 'location': {'street': {'number': 7281, 'name': 'Rundingen'}, 'city': 'Straume', 'state': 'Trøndelag', 'cou...</msg>
<var>${json_data}</var>
<arg>${response.json()}</arg>
<doc>Returns the given values which can then be assigned to a variables.</doc>
<status status="PASS" start="2024-06-04T10:16:35.265966" elapsed="0.000580"/>
</kw>
<kw name="Log" owner="BuiltIn">
<msg time="2024-06-04T10:16:35.267016" level="INFO">{'results': [{'gender': 'male', 'name': {'title': 'Mr', 'first': 'Elvin', 'last': 'Sandmo'}, 'location': {'street': {'number': 7281, 'name': 'Rundingen'}, 'city': 'Straume', 'state': 'Trøndelag', 'country': 'Norway', 'postcode': '2407', 'coordinates': {'latitude': '44.5040', 'longitude': '-19.5530'}, 'timezone': {'offset': '-6:00', 'description': 'Central Time (US &amp; Canada), Mexico City'}}, 'email': 'elvin.sandmo@example.com', 'login': {'uuid': '4b3bbce4-bdb7-4668-9a0f-5d01fe11b503', 'username': 'beautifulwolf410', 'password': 'pauline', 'salt': 'SYSCzyFv', 'md5': '98e789231f44246e8e256de831208272', 'sha1': 'ae540a4124eb06f105148f8482eb7b6a1ddca09b', 'sha256': '53c48d9d47ff94889cba0e08acd82b8d2fc508775df0fb123dc17d3f5ff771dc'}, 'dob': {'date': '1993-06-19T03:38:17.248Z', 'age': 30}, 'registered': {'date': '2002-05-20T22:45:18.763Z', 'age': 22}, 'phone': '89017302', 'cell': '95588106', 'id': {'name': 'FN', 'value': '19069330129'}, 'picture': {'large': 'https://randomuser.me/api/portraits/men/8.jpg', 'medium': 'https://randomuser.me/api/portraits/med/men/8.jpg', 'thumbnail': 'https://randomuser.me/api/portraits/thumb/men/8.jpg'}, 'nat': 'NO'}], 'info': {'seed': '48727b3df0890763', 'results': 1, 'page': 1, 'version': '1.4'}}</msg>
<arg>${json_data}</arg>
<doc>Logs the given message with the given level.</doc>
<status status="PASS" start="2024-06-04T10:16:35.266859" elapsed="0.000235"/>
</kw>
<kw name="Should Be Equal As Numbers" owner="BuiltIn">
<arg>${json_data['results'][0]['location']['postcode']}</arg>
<arg>${json_data['results'][0]['location']['postcode']}</arg>
<doc>Fails if objects are unequal after converting them to real numbers.</doc>
<status status="PASS" start="2024-06-04T10:16:35.267399" elapsed="0.000784"/>
</kw>
<kw name="Log" owner="BuiltIn">
<msg time="2024-06-04T10:16:35.268721" level="INFO">2407</msg>
<arg>${json_data['results'][0]['location']['postcode']}</arg>
<doc>Logs the given message with the given level.</doc>
<status status="PASS" start="2024-06-04T10:16:35.268379" elapsed="0.000383"/>
</kw>
<status status="PASS" start="2024-06-04T10:16:35.167871" elapsed="0.101141"/>
</kw>
<doc>Testa se os tipos de dados na resposta da API estão corretos.</doc>
<tag>testeTiposDados</tag>
<status status="PASS" start="2024-06-04T10:16:35.075607" elapsed="0.193563"/>
</test>
<test id="s1-s1-t5" name="Validar conteudo" line="35">
<kw name="Teste de Tipos de Conteudo" owner="random-user-service">
<kw name="GET On Session" owner="RequestsLibrary">
<msg time="2024-06-04T10:16:35.360695" level="INFO">GET Request : url=https://randomuser.me/api 
 path_url=/api 
 headers={'User-Agent': 'python-requests/2.32.3', 'Accept-Encoding': 'gzip, deflate', 'Accept': '*/*', 'Connection': 'keep-alive'} 
 body=None 
 </msg>
<msg time="2024-06-04T10:16:35.360767" level="INFO">GET Response : url=https://randomuser.me/api 
 status=200, reason=OK 
 headers={'Date': 'Tue, 04 Jun 2024 10:16:35 GMT', 'Content-Type': 'application/json; charset=utf-8', 'Transfer-Encoding': 'chunked', 'Connection': 'keep-alive', 'X-Powered-By': 'Express', 'Access-Control-Allow-Origin': '*', 'Cache-Control': 'no-cache', 'ETag': 'W/"482-d3DGQj0TiH4rBSVmJp+X29439no"', 'Vary': 'Accept-Encoding', 'Content-Encoding': 'gzip', 'CF-Cache-Status': 'DYNAMIC', 'Report-To': '{"endpoints":[{"url":"https:\\/\\/a.nel.cloudflare.com\\/report\\/v4?s=98xJhfQra1Qq9R0QwsNlOvBBKC6SqCNNphjOQvEffBMW%2BhLfSJprbyFvpBFrl7VHmTcZ6bbqleo85jsaVrgU1LBTdiRBjADakXkZ4tpBJi3U3whmsDtHVEqcRuH%2FQbc3"}],"group":"cf-nel","max_age":604800}', 'NEL': '{"success_fraction":0,"report_to":"cf-nel","max_age":604800}', 'Server': 'cloudflare', 'CF-RAY': '88e72b147f58d041-SJC', 'alt-svc': 'h3=":443"; ma=86400'} 
 body={"results":[{"gender":"male","name":{"title":"Mr","first":"Max","last":"Myers"},"location":{"street":{"number":6814,"name":"North Street"},"city":"Tipperary","state":"Waterford","country":"Ireland","postcode":47376,"coordinates":{"latitude":"1.4339","longitude":"-91.9454"},"timezone":{"offset":"+3:00","description":"Baghdad, Riyadh, Moscow, St. Petersburg"}},"email":"max.myers@example.com","login":{"uuid":"ba8a8ee6-38b1-4bbd-ac7e-d095cf03e09b","username":"heavytiger863","password":"ruan","salt":"oGSgRSZx","md5":"48d4db9c367b0e1fc64aed8071003f71","sha1":"102fae945a49abb01ca46ed42e58b09201a89ae2","sha256":"e57be91c10ae638927bf68242bf8067a1d360b5ffa73c6c70bb5d606ccf3082f"},"dob":{"date":"1947-08-03T16:38:32.750Z","age":76},"registered":{"date":"2014-08-17T13:57:59.106Z","age":9},"phone":"061-902-9057","cell":"081-768-0926","id":{"name":"PPS","value":"7993191T"},"picture":{"large":"https://randomuser.me/api/portraits/men/35.jpg","medium":"https://randomuser.me/api/portraits/med/men/35.jpg","thumbnail":"https://randomuser.me/api/portraits/thumb/men/35.jpg"},"nat":"IE"}],"info":{"seed":"02d13e6f0293c0ce","results":1,"page":1,"version":"1.4"}} 
 </msg>
<msg time="2024-06-04T10:16:35.360824" level="INFO">/opt/hostedtoolcache/Python/3.12.3/x64/lib/python3.12/site-packages/urllib3/connectionpool.py:1103: InsecureRequestWarning: Unverified HTTPS request is being made to host 'randomuser.me'. Adding certificate verification is strongly advised. See: https://urllib3.readthedocs.io/en/latest/advanced-usage.html#tls-warnings
  warnings.warn(</msg>
<msg time="2024-06-04T10:16:35.360918" level="INFO">${response} = &lt;Response [200]&gt;</msg>
<var>${response}</var>
<arg>consultarAPI</arg>
<arg>/api</arg>
<doc>Sends a GET request on a previously created HTTP Session.</doc>
<status status="PASS" start="2024-06-04T10:16:35.271648" elapsed="0.089310"/>
</kw>
<kw name="Set Variable" owner="BuiltIn">
<msg time="2024-06-04T10:16:35.361992" level="INFO">${json_data} = {'results': [{'gender': 'male', 'name': {'title': 'Mr', 'first': 'Max', 'last': 'Myers'}, 'location': {'street': {'number': 6814, 'name': 'North Street'}, 'city': 'Tipperary', 'state': 'Waterford', 'c...</msg>
<var>${json_data}</var>
<arg>${response.json()}</arg>
<doc>Returns the given values which can then be assigned to a variables.</doc>
<status status="PASS" start="2024-06-04T10:16:35.361440" elapsed="0.000581"/>
</kw>
<kw name="Set Variable" owner="BuiltIn">
<msg time="2024-06-04T10:16:35.362718" level="INFO">${name_title} = Mr</msg>
<var>${name_title}</var>
<arg>${json_data["results"][0]["name"]["title"]}</arg>
<doc>Returns the given values which can then be assigned to a variables.</doc>
<status status="PASS" start="2024-06-04T10:16:35.362331" elapsed="0.000414"/>
</kw>
<kw name="Create List" owner="BuiltIn">
<msg time="2024-06-04T10:16:35.363205" level="INFO">${allowed_titles} = ['Mr', 'Ms', 'Miss', 'Mrs', 'Madame', 'Monsieur']</msg>
<var>${allowed_titles}</var>
<arg>Mr</arg>
<arg>Ms</arg>
<arg>Miss</arg>
<arg>Mrs</arg>
<arg>Madame</arg>
<arg>Monsieur</arg>
<doc>Returns a list containing given items.</doc>
<status status="PASS" start="2024-06-04T10:16:35.363053" elapsed="0.000177"/>
</kw>
<kw name="List Should Contain Value" owner="Collections">
<msg time="2024-06-04T10:16:35.363750" level="INFO">False</msg>
<arg>${allowed_titles}</arg>
<arg>${name_title}</arg>
<doc>Fails if the ``value`` is not found from ``list``.</doc>
<status status="PASS" start="2024-06-04T10:16:35.363567" elapsed="0.000220"/>
</kw>
<kw name="Set Variable" owner="BuiltIn">
<msg time="2024-06-04T10:16:35.364468" level="INFO">${name_country} = IE</msg>
<var>${name_country}</var>
<arg>${json_data["results"][0]["nat"]}</arg>
<doc>Returns the given values which can then be assigned to a variables.</doc>
<status status="PASS" start="2024-06-04T10:16:35.364078" elapsed="0.000416"/>
</kw>
<kw name="Create List" owner="BuiltIn">
<msg time="2024-06-04T10:16:35.365389" level="INFO">${list_country} = ['AD', 'AE', 'AF', 'AG', 'AI', 'AL', 'AM', 'AO', 'AQ', 'AR', 'AS', 'AT', 'AU', 'AW', 'AX', 'AZ', 'BA', 'BB', 'BD', 'BE', 'BF', 'BG', 'BH', 'BI', 'BJ', 'BL', 'BM', 'BN', 'BO', 'BQ', 'BR', 'BS', 'BT', '...</msg>
<var>${list_country}</var>
<arg>AD</arg>
<arg>AE</arg>
<arg>AF</arg>
<arg>AG</arg>
<arg>AI</arg>
<arg>AL</arg>
<arg>AM</arg>
<arg>AO</arg>
<arg>AQ</arg>
<arg>AR</arg>
<arg>AS</arg>
<arg>AT</arg>
<arg>AU</arg>
<arg>AW</arg>
<arg>AX</arg>
<arg>AZ</arg>
<arg>BA</arg>
<arg>BB</arg>
<arg>BD</arg>
<arg>BE</arg>
<arg>BF</arg>
<arg>BG</arg>
<arg>BH</arg>
<arg>BI</arg>
<arg>BJ</arg>
<arg>BL</arg>
<arg>BM</arg>
<arg>BN</arg>
<arg>BO</arg>
<arg>BQ</arg>
<arg>BR</arg>
<arg>BS</arg>
<arg>BT</arg>
<arg>BV</arg>
<arg>BW</arg>
<arg>BY</arg>
<arg>BZ</arg>
<arg>CA</arg>
<arg>CC</arg>
<arg>CD</arg>
<arg>CF</arg>
<arg>CG</arg>
<arg>CH</arg>
<arg>CI</arg>
<arg>CK</arg>
<arg>CL</arg>
<arg>CM</arg>
<arg>CN</arg>
<arg>CO</arg>
<arg>CR</arg>
<arg>CU</arg>
<arg>CV</arg>
<arg>CW</arg>
<arg>CX</arg>
<arg>CY</arg>
<arg>CZ</arg>
<arg>DE</arg>
<arg>DJ</arg>
<arg>DK</arg>
<arg>DM</arg>
<arg>DO</arg>
<arg>DZ</arg>
<arg>EC</arg>
<arg>EE</arg>
<arg>EG</arg>
<arg>EH</arg>
<arg>ER</arg>
<arg>ES</arg>
<arg>ET</arg>
<arg>FI</arg>
<arg>FJ</arg>
<arg>FK</arg>
<arg>FM</arg>
<arg>FO</arg>
<arg>FR</arg>
<arg>GA</arg>
<arg>GB</arg>
<arg>GD</arg>
<arg>GE</arg>
<arg>GF</arg>
<arg>GG</arg>
<arg>GH</arg>
<arg>GI</arg>
<arg>GL</arg>
<arg>GM</arg>
<arg>GN</arg>
<arg>GP</arg>
<arg>GQ</arg>
<arg>GR</arg>
<arg>GS</arg>
<arg>GT</arg>
<arg>GU</arg>
<arg>GW</arg>
<arg>GY</arg>
<arg>HK</arg>
<arg>HM</arg>
<arg>HN</arg>
<arg>HR</arg>
<arg>HT</arg>
<arg>HU</arg>
<arg>ID</arg>
<arg>IE</arg>
<arg>IL</arg>
<arg>IM</arg>
<arg>IN</arg>
<arg>IO</arg>
<arg>IQ</arg>
<arg>IR</arg>
<arg>IS</arg>
<arg>IT</arg>
<arg>JE</arg>
<arg>JM</arg>
<arg>JO</arg>
<arg>JP</arg>
<arg>KE</arg>
<arg>KG</arg>
<arg>KH</arg>
<arg>KI</arg>
<arg>KM</arg>
<arg>KN</arg>
<arg>KP</arg>
<arg>KR</arg>
<arg>KW</arg>
<arg>KY</arg>
<arg>KZ</arg>
<arg>LA</arg>
<arg>LB</arg>
<arg>LC</arg>
<arg>LI</arg>
<arg>LK</arg>
<arg>LR</arg>
<arg>LS</arg>
<arg>LT</arg>
<arg>LU</arg>
<arg>LV</arg>
<arg>LY</arg>
<arg>MA</arg>
<arg>MC</arg>
<arg>MD</arg>
<arg>ME</arg>
<arg>MF</arg>
<arg>MG</arg>
<arg>MH</arg>
<arg>MK</arg>
<arg>ML</arg>
<arg>MM</arg>
<arg>MN</arg>
<arg>MO</arg>
<arg>MP</arg>
<arg>MQ</arg>
<arg>MR</arg>
<arg>MS</arg>
<arg>MT</arg>
<arg>MU</arg>
<arg>MV</arg>
<arg>MW</arg>
<arg>MX</arg>
<arg>MY</arg>
<arg>MZ</arg>
<arg>NA</arg>
<arg>NC</arg>
<arg>NE</arg>
<arg>NF</arg>
<arg>NG</arg>
<arg>NI</arg>
<arg>NL</arg>
<arg>NO</arg>
<arg>NP</arg>
<arg>NR</arg>
<arg>NU</arg>
<arg>NZ</arg>
<arg>OM</arg>
<arg>PA</arg>
<arg>PE</arg>
<arg>PF</arg>
<arg>PG</arg>
<arg>PH</arg>
<arg>PK</arg>
<arg>PL</arg>
<arg>PM</arg>
<arg>PN</arg>
<arg>PR</arg>
<arg>PS</arg>
<arg>PT</arg>
<arg>PW</arg>
<arg>PY</arg>
<arg>QA</arg>
<arg>RE</arg>
<arg>RO</arg>
<arg>RS</arg>
<arg>RU</arg>
<arg>RW</arg>
<arg>SA</arg>
<arg>SB</arg>
<arg>SC</arg>
<arg>SD</arg>
<arg>SE</arg>
<arg>SG</arg>
<arg>SH</arg>
<arg>SI</arg>
<arg>SJ</arg>
<arg>SK</arg>
<arg>SL</arg>
<arg>SM</arg>
<arg>SN</arg>
<arg>SO</arg>
<arg>SR</arg>
<arg>SS</arg>
<arg>ST</arg>
<arg>SV</arg>
<arg>SX</arg>
<arg>SY</arg>
<arg>SZ</arg>
<arg>TC</arg>
<arg>TD</arg>
<arg>TF</arg>
<arg>TG</arg>
<arg>TH</arg>
<arg>TJ</arg>
<arg>TK</arg>
<arg>TL</arg>
<arg>TM</arg>
<arg>TN</arg>
<arg>TO</arg>
<arg>TR</arg>
<arg>TT</arg>
<arg>TV</arg>
<arg>TW</arg>
<arg>TZ</arg>
<arg>UA</arg>
<arg>UG</arg>
<arg>UM</arg>
<arg>US</arg>
<arg>UY</arg>
<arg>UZ</arg>
<arg>VA</arg>
<arg>VC</arg>
<arg>VE</arg>
<arg>VG</arg>
<arg>VI</arg>
<arg>VN</arg>
<arg>VU</arg>
<arg>WF</arg>
<arg>WS</arg>
<arg>XK</arg>
<arg>YE</arg>
<arg>YT</arg>
<arg>ZA</arg>
<arg>ZM</arg>
<arg>ZW</arg>
<doc>Returns a list containing given items.</doc>
<status status="PASS" start="2024-06-04T10:16:35.364794" elapsed="0.000621"/>
</kw>
<kw name="List Should Contain Value" owner="Collections">
<msg time="2024-06-04T10:16:35.366410" level="INFO">False</msg>
<arg>${list_country}</arg>
<arg>${name_country}</arg>
<doc>Fails if the ``value`` is not found from ``list``.</doc>
<status status="PASS" start="2024-06-04T10:16:35.366197" elapsed="0.000251"/>
</kw>
<kw name="Run Keyword If" owner="BuiltIn">
<kw name="Should Be True" owner="BuiltIn">
<arg>${True}</arg>
<doc>Fails if the given condition is not true.</doc>
<status status="PASS" start="2024-06-04T10:16:35.367517" elapsed="0.000147"/>
</kw>
<arg>${json_data["results"][0]["location"]["coordinates"]["latitude"]} &gt;= -90 and ${json_data["results"][0]["location"]["coordinates"]["latitude"]} &lt;= 90</arg>
<arg>Should Be True</arg>
<arg>${True}</arg>
<doc>Runs the given keyword with the given arguments, if ``condition`` is true.</doc>
<status status="PASS" start="2024-06-04T10:16:35.366756" elapsed="0.001033"/>
</kw>
<kw name="Run Keyword If" owner="BuiltIn">
<kw name="Should Be True" owner="BuiltIn">
<arg>${True}</arg>
<doc>Fails if the given condition is not true.</doc>
<status status="PASS" start="2024-06-04T10:16:35.368668" elapsed="0.000247"/>
</kw>
<arg>${json_data["results"][0]["location"]["coordinates"]["longitude"]} &gt;= -180 and ${json_data["results"][0]["location"]["coordinates"]["longitude"]} &lt;= 180</arg>
<arg>Should Be True</arg>
<arg>${True}</arg>
<doc>Runs the given keyword with the given arguments, if ``condition`` is true.</doc>
<status status="PASS" start="2024-06-04T10:16:35.367971" elapsed="0.001071"/>
</kw>
<status status="PASS" start="2024-06-04T10:16:35.271395" elapsed="0.097776"/>
</kw>
<doc>Testa o conteúdo específico dos campos retornados pela API.</doc>
<tag>testeConteudo</tag>
<status status="PASS" start="2024-06-04T10:16:35.270893" elapsed="0.098425"/>
</test>
<status status="PASS" start="2024-06-04T10:16:34.314164" elapsed="1.057099"/>
</suite>
<status status="PASS" start="2024-06-04T10:16:34.300846" elapsed="1.075614"/>
</suite>
<statistics>
<total>
<stat pass="5" fail="0" skip="0">All Tests</stat>
</total>
<tag>
<stat pass="1" fail="0" skip="0">testeConteudo</stat>
<stat pass="1" fail="0" skip="0">testeEstruturaResposta</stat>
<stat pass="1" fail="0" skip="0">testeRequisicaoBasica</stat>
<stat pass="1" fail="0" skip="0">testeTiposDados</stat>
</tag>
<suite>
<stat pass="5" fail="0" skip="0" id="s1" name="Tests">Tests</stat>
<stat pass="5" fail="0" skip="0" id="s1-s1" name="Random-User-Test">Tests.Random-User-Test</stat>
</suite>
</statistics>
<errors>
</errors>
</robot>
