<?xml version="1.0" encoding="UTF-8"?>
<robot generator="Robot 7.0.1 (Python 3.12.4 on linux)" generated="2024-07-18T04:18:45.354229" rpa="false" schemaversion="5">
<suite id="s1" name="Tests" source="/home/runner/work/ApiRandomUser/ApiRandomUser/RamdonUser/tests">
<suite id="s1-s1" name="Random-User-Test" source="/home/runner/work/ApiRandomUser/ApiRandomUser/RamdonUser/tests/random-user-test.robot">
<test id="s1-s1-t1" name="Conectar" line="13">
<kw name="Conectar API" owner="random-user-service">
<kw name="Create Session" owner="RequestsLibrary">
<msg time="2024-07-18T04:18:45.763188" level="INFO">Creating Session using : alias=consultarAPI, url=https://randomuser.me/, headers={},                     cookies={}, auth=None, timeout=None, proxies=None, verify=False,                     debug=0 </msg>
<arg>consultarAPI</arg>
<arg>${URL}</arg>
<doc>Create Session: create a HTTP session to a server</doc>
<status status="PASS" start="2024-07-18T04:18:45.762978" elapsed="0.000412"/>
</kw>
<status status="PASS" start="2024-07-18T04:18:45.761881" elapsed="0.001887"/>
</kw>
<status status="PASS" start="2024-07-18T04:18:45.761227" elapsed="0.002746"/>
</test>
<test id="s1-s1-t2" name="Validar retorno 200 e JSON Válido" line="16">
<kw name="Teste de Requisicao Basica" owner="random-user-service">
<kw name="GET On Session" owner="RequestsLibrary">
<msg time="2024-07-18T04:18:45.949379" level="INFO">GET Request : url=https://randomuser.me/api 
 path_url=/api 
 headers={'User-Agent': 'python-requests/2.32.3', 'Accept-Encoding': 'gzip, deflate', 'Accept': '*/*', 'Connection': 'keep-alive'} 
 body=None 
 </msg>
<msg time="2024-07-18T04:18:45.949589" level="INFO">GET Response : url=https://randomuser.me/api 
 status=200, reason=OK 
 headers={'Date': 'Thu, 18 Jul 2024 04:18:45 GMT', 'Content-Type': 'application/json; charset=utf-8', 'Transfer-Encoding': 'chunked', 'Connection': 'keep-alive', 'X-Powered-By': 'Express', 'Access-Control-Allow-Origin': '*', 'Cache-Control': 'no-cache', 'ETag': 'W/"49b-00xnfTXZnDaKf5OAxjcUQo7s4tc"', 'Vary': 'Accept-Encoding', 'Content-Encoding': 'gzip', 'CF-Cache-Status': 'DYNAMIC', 'Report-To': '{"endpoints":[{"url":"https:\\/\\/a.nel.cloudflare.com\\/report\\/v4?s=S%2B3VGhr56sOM9n%2FUr7KhyzJSGblVN9m26TFn%2BgnpwbTl69ZJCbwzfQ2%2FeMu32Egs5vlWRcthG8KbKsFsN3NPhEF8YQpI1KVmIc7hPXqFHGfif%2BsSTPVg%2BGPA4GDZRrjU"}],"group":"cf-nel","max_age":604800}', 'NEL': '{"success_fraction":0,"report_to":"cf-nel","max_age":604800}', 'Server': 'cloudflare', 'CF-RAY': '8a4fab6cfd97062c-IAD', 'alt-svc': 'h3=":443"; ma=86400'} 
 body={"results":[{"gender":"female","name":{"title":"Ms","first":"Ružica","last":"Zekić"},"location":{"street":{"number":2705,"name":"Pasjanska"},"city":"Vrnjačka Banja","state":"Kosovo","country":"Serbia","postcode":86852,"coordinates":{"latitude":"60.3999","longitude":"133.4845"},"timezone":{"offset":"+3:00","description":"Baghdad, Riyadh, Moscow, St. Petersburg"}},"email":"ruzica.zekic@example.com","login":{"uuid":"bfb84af3-d826-4507-92a9-6e40a3a7b2dd","username":"organicgorilla908","password":"norwich","salt":"GlAwdDvj","md5":"6c19fbc93e05f85a359b428a358c9733","sha1":"9c8ff84ece3ca797eed0f0b3b6094dbdba6de071","sha256":"34fbca867aa15ee38480e2518f839c146277a87761024af404d57cdc05527b32"},"dob":{"date":"1961-08-05T13:11:29.924Z","age":62},"registered":{"date":"2002-10-16T01:31:39.028Z","age":21},"phone":"016-4718-820","cell":"063-4452-431","id":{"name":"SID","value":"935082140"},"picture":{"large":"https://randomuser.me/api/portraits/women/66.jpg","medium":"https://randomuser.me/api/portraits/med/women/66.jpg","thumbnail":"https://randomuser.me/api/portraits/thumb/women/66.jpg"},"nat":"RS"}],"info":{"seed":"178f96d1cdb9fa65","results":1,"page":1,"version":"1.4"}} 
 </msg>
<msg time="2024-07-18T04:18:45.949698" level="INFO">/opt/hostedtoolcache/Python/3.12.4/x64/lib/python3.12/site-packages/urllib3/connectionpool.py:1099: InsecureRequestWarning: Unverified HTTPS request is being made to host 'randomuser.me'. Adding certificate verification is strongly advised. See: https://urllib3.readthedocs.io/en/latest/advanced-usage.html#tls-warnings
  warnings.warn(</msg>
<msg time="2024-07-18T04:18:45.949885" level="INFO">${response} = &lt;Response [200]&gt;</msg>
<var>${response}</var>
<arg>consultarAPI</arg>
<arg>/api</arg>
<doc>Sends a GET request on a previously created HTTP Session.</doc>
<status status="PASS" start="2024-07-18T04:18:45.766719" elapsed="0.183215"/>
</kw>
<kw name="Should Be Equal As Numbers" owner="BuiltIn">
<msg time="2024-07-18T04:18:45.951113" level="INFO">Argument types are:
&lt;class 'int'&gt;
&lt;class 'str'&gt;</msg>
<arg>${response.status_code}</arg>
<arg>200</arg>
<doc>Fails if objects are unequal after converting them to real numbers.</doc>
<status status="PASS" start="2024-07-18T04:18:45.950568" elapsed="0.000622"/>
</kw>
<kw name="Log" owner="BuiltIn">
<msg time="2024-07-18T04:18:45.952008" level="INFO">200</msg>
<arg>${response.status_code}</arg>
<doc>Logs the given message with the given level.</doc>
<status status="PASS" start="2024-07-18T04:18:45.951598" elapsed="0.000455"/>
</kw>
<kw name="Set Variable" owner="BuiltIn">
<msg time="2024-07-18T04:18:45.952892" level="INFO">${json_data} = {'results': [{'gender': 'female', 'name': {'title': 'Ms', 'first': 'Ružica', 'last': 'Zekić'}, 'location': {'street': {'number': 2705, 'name': 'Pasjanska'}, 'city': 'Vrnjačka Banja', 'state': 'Kosovo'...</msg>
<var>${json_data}</var>
<arg>${response.json()}</arg>
<doc>Returns the given values which can then be assigned to a variables.</doc>
<status status="PASS" start="2024-07-18T04:18:45.952387" elapsed="0.000536"/>
</kw>
<kw name="Dictionary Should Contain Key" owner="Collections">
<arg>${json_data}</arg>
<arg>results</arg>
<doc>Fails if ``key`` is not found from ``dictionary``.</doc>
<status status="PASS" start="2024-07-18T04:18:45.953242" elapsed="0.000352"/>
</kw>
<status status="PASS" start="2024-07-18T04:18:45.766457" elapsed="0.187297"/>
</kw>
<doc>Testa se a API responde corretamente e retorna um objeto JSON válido.</doc>
<tag>testeRequisicaoBasica</tag>
<status status="PASS" start="2024-07-18T04:18:45.765906" elapsed="0.188035"/>
</test>
<test id="s1-s1-t3" name="Validar estrutura de resposta" line="22">
<kw name="Teste de Estrutura de Resposta" owner="random-user-service">
<kw name="GET On Session" owner="RequestsLibrary">
<msg time="2024-07-18T04:18:46.046115" level="INFO">GET Request : url=https://randomuser.me/api 
 path_url=/api 
 headers={'User-Agent': 'python-requests/2.32.3', 'Accept-Encoding': 'gzip, deflate', 'Accept': '*/*', 'Connection': 'keep-alive'} 
 body=None 
 </msg>
<msg time="2024-07-18T04:18:46.046227" level="INFO">GET Response : url=https://randomuser.me/api 
 status=200, reason=OK 
 headers={'Date': 'Thu, 18 Jul 2024 04:18:46 GMT', 'Content-Type': 'application/json; charset=utf-8', 'Transfer-Encoding': 'chunked', 'Connection': 'keep-alive', 'X-Powered-By': 'Express', 'Access-Control-Allow-Origin': '*', 'Cache-Control': 'no-cache', 'ETag': 'W/"4aa-jVPo74akN/0nOGDJ3NkKS49gUYo"', 'Vary': 'Accept-Encoding', 'Content-Encoding': 'gzip', 'CF-Cache-Status': 'DYNAMIC', 'Report-To': '{"endpoints":[{"url":"https:\\/\\/a.nel.cloudflare.com\\/report\\/v4?s=p3Y8Xu90rh7Yz5LpJuv7jDzek%2Fc%2BzH6Leb9%2F8ZnxhfneAD946s4%2FOKxxNorb%2Fi9qwtH1HIsVnscE9L8vqH9f4b1C5%2FljM4B5CNMTfGVlDG0g4ZtOy7qUsy6GvTOFlXFy"}],"group":"cf-nel","max_age":604800}', 'NEL': '{"success_fraction":0,"report_to":"cf-nel","max_age":604800}', 'Server': 'cloudflare', 'CF-RAY': '8a4fab6d4dce062c-IAD', 'alt-svc': 'h3=":443"; ma=86400'} 
 body={"results":[{"gender":"male","name":{"title":"Monsieur","first":"Emmanuel","last":"Riviere"},"location":{"street":{"number":5659,"name":"Rue Saint-Georges"},"city":"Muotathal","state":"Solothurn","country":"Switzerland","postcode":4058,"coordinates":{"latitude":"-56.7050","longitude":"-16.0657"},"timezone":{"offset":"+5:30","description":"Bombay, Calcutta, Madras, New Delhi"}},"email":"emmanuel.riviere@example.com","login":{"uuid":"4db9f9a2-2849-4303-b6c8-a0fe5b512518","username":"smallleopard671","password":"guyver","salt":"jGqLoamU","md5":"b71febe5db31714be4530a71be1e37c4","sha1":"9802c5d83deefe77f70ae454d4ad8e511076ced7","sha256":"e5413d06501f55776cdc9b0a9d0390ac2e3d43034af30cc2924a631023cd4a9c"},"dob":{"date":"1947-07-01T03:17:18.916Z","age":77},"registered":{"date":"2022-01-22T00:43:14.737Z","age":2},"phone":"078 311 30 58","cell":"078 900 60 98","id":{"name":"AVS","value":"756.6853.8655.41"},"picture":{"large":"https://randomuser.me/api/portraits/men/88.jpg","medium":"https://randomuser.me/api/portraits/med/men/88.jpg","thumbnail":"https://randomuser.me/api/portraits/thumb/men/88.jpg"},"nat":"CH"}],"info":{"seed":"0b9e9a7c44c0ed67","results":1,"page":1,"version":"1.4"}} 
 </msg>
<msg time="2024-07-18T04:18:46.046378" level="INFO">/opt/hostedtoolcache/Python/3.12.4/x64/lib/python3.12/site-packages/urllib3/connectionpool.py:1099: InsecureRequestWarning: Unverified HTTPS request is being made to host 'randomuser.me'. Adding certificate verification is strongly advised. See: https://urllib3.readthedocs.io/en/latest/advanced-usage.html#tls-warnings
  warnings.warn(</msg>
<msg time="2024-07-18T04:18:46.046536" level="INFO">${response} = &lt;Response [200]&gt;</msg>
<var>${response}</var>
<arg>consultarAPI</arg>
<arg>/api</arg>
<doc>Sends a GET request on a previously created HTTP Session.</doc>
<status status="PASS" start="2024-07-18T04:18:45.956807" elapsed="0.089779"/>
</kw>
<kw name="Set Variable" owner="BuiltIn">
<msg time="2024-07-18T04:18:46.047877" level="INFO">${json_data} = {'results': [{'gender': 'male', 'name': {'title': 'Monsieur', 'first': 'Emmanuel', 'last': 'Riviere'}, 'location': {'street': {'number': 5659, 'name': 'Rue Saint-Georges'}, 'city': 'Muotathal', 'state...</msg>
<var>${json_data}</var>
<arg>${response.json()}</arg>
<doc>Returns the given values which can then be assigned to a variables.</doc>
<status status="PASS" start="2024-07-18T04:18:46.047235" elapsed="0.000675"/>
</kw>
<kw name="Log" owner="BuiltIn">
<msg time="2024-07-18T04:18:46.048445" level="INFO">{'results': [{'gender': 'male', 'name': {'title': 'Monsieur', 'first': 'Emmanuel', 'last': 'Riviere'}, 'location': {'street': {'number': 5659, 'name': 'Rue Saint-Georges'}, 'city': 'Muotathal', 'state': 'Solothurn', 'country': 'Switzerland', 'postcode': 4058, 'coordinates': {'latitude': '-56.7050', 'longitude': '-16.0657'}, 'timezone': {'offset': '+5:30', 'description': 'Bombay, Calcutta, Madras, New Delhi'}}, 'email': 'emmanuel.riviere@example.com', 'login': {'uuid': '4db9f9a2-2849-4303-b6c8-a0fe5b512518', 'username': 'smallleopard671', 'password': 'guyver', 'salt': 'jGqLoamU', 'md5': 'b71febe5db31714be4530a71be1e37c4', 'sha1': '9802c5d83deefe77f70ae454d4ad8e511076ced7', 'sha256': 'e5413d06501f55776cdc9b0a9d0390ac2e3d43034af30cc2924a631023cd4a9c'}, 'dob': {'date': '1947-07-01T03:17:18.916Z', 'age': 77}, 'registered': {'date': '2022-01-22T00:43:14.737Z', 'age': 2}, 'phone': '078 311 30 58', 'cell': '078 900 60 98', 'id': {'name': 'AVS', 'value': '756.6853.8655.41'}, 'picture': {'large': 'https://randomuser.me/api/portraits/men/88.jpg', 'medium': 'https://randomuser.me/api/portraits/med/men/88.jpg', 'thumbnail': 'https://randomuser.me/api/portraits/thumb/men/88.jpg'}, 'nat': 'CH'}], 'info': {'seed': '0b9e9a7c44c0ed67', 'results': 1, 'page': 1, 'version': '1.4'}}</msg>
<arg>${json_data}</arg>
<doc>Logs the given message with the given level.</doc>
<status status="PASS" start="2024-07-18T04:18:46.048272" elapsed="0.000267"/>
</kw>
<kw name="Dictionary Should Contain Key" owner="Collections">
<arg>${json_data}</arg>
<arg>results</arg>
<doc>Fails if ``key`` is not found from ``dictionary``.</doc>
<status status="PASS" start="2024-07-18T04:18:46.048850" elapsed="0.000163"/>
</kw>
<kw name="Should Not Be Empty" owner="BuiltIn">
<msg time="2024-07-18T04:18:46.049330" level="INFO">Length is 2.</msg>
<arg>${json_data}</arg>
<doc>Verifies that the given item is not empty.</doc>
<status status="PASS" start="2024-07-18T04:18:46.049203" elapsed="0.000171"/>
</kw>
<kw name="Create List" owner="BuiltIn">
<msg time="2024-07-18T04:18:46.049828" level="INFO">${expected_keys} = ['gender', 'name', 'location', 'email', 'login']</msg>
<var>${expected_keys}</var>
<arg>gender</arg>
<arg>name</arg>
<arg>location</arg>
<arg>email</arg>
<arg>login</arg>
<doc>Returns a list containing given items.</doc>
<status status="PASS" start="2024-07-18T04:18:46.049671" elapsed="0.000181"/>
</kw>
<for flavor="IN">
<iter>
<kw name="Dictionary Should Contain Key" owner="Collections">
<arg>${json_data['results'][0]}</arg>
<arg>${key}</arg>
<doc>Fails if ``key`` is not found from ``dictionary``.</doc>
<status status="PASS" start="2024-07-18T04:18:46.050470" elapsed="0.000419"/>
</kw>
<kw name="Log" owner="BuiltIn">
<msg time="2024-07-18T04:18:46.051456" level="INFO">{'gender': 'male', 'name': {'title': 'Monsieur', 'first': 'Emmanuel', 'last': 'Riviere'}, 'location': {'street': {'number': 5659, 'name': 'Rue Saint-Georges'}, 'city': 'Muotathal', 'state': 'Solothurn', 'country': 'Switzerland', 'postcode': 4058, 'coordinates': {'latitude': '-56.7050', 'longitude': '-16.0657'}, 'timezone': {'offset': '+5:30', 'description': 'Bombay, Calcutta, Madras, New Delhi'}}, 'email': 'emmanuel.riviere@example.com', 'login': {'uuid': '4db9f9a2-2849-4303-b6c8-a0fe5b512518', 'username': 'smallleopard671', 'password': 'guyver', 'salt': 'jGqLoamU', 'md5': 'b71febe5db31714be4530a71be1e37c4', 'sha1': '9802c5d83deefe77f70ae454d4ad8e511076ced7', 'sha256': 'e5413d06501f55776cdc9b0a9d0390ac2e3d43034af30cc2924a631023cd4a9c'}, 'dob': {'date': '1947-07-01T03:17:18.916Z', 'age': 77}, 'registered': {'date': '2022-01-22T00:43:14.737Z', 'age': 2}, 'phone': '078 311 30 58', 'cell': '078 900 60 98', 'id': {'name': 'AVS', 'value': '756.6853.8655.41'}, 'picture': {'large': 'https://randomuser.me/api/portraits/men/88.jpg', 'medium': 'https://randomuser.me/api/portraits/med/men/88.jpg', 'thumbnail': 'https://randomuser.me/api/portraits/thumb/men/88.jpg'}, 'nat': 'CH'}</msg>
<arg>${json_data['results'][0]}</arg>
<doc>Logs the given message with the given level.</doc>
<status status="PASS" start="2024-07-18T04:18:46.051081" elapsed="0.000424"/>
</kw>
<kw name="Log" owner="BuiltIn">
<msg time="2024-07-18T04:18:46.051940" level="INFO">gender</msg>
<arg>${key}</arg>
<doc>Logs the given message with the given level.</doc>
<status status="PASS" start="2024-07-18T04:18:46.051805" elapsed="0.000174"/>
</kw>
<var name="${key}">gender</var>
<status status="PASS" start="2024-07-18T04:18:46.050334" elapsed="0.001867"/>
</iter>
<iter>
<kw name="Dictionary Should Contain Key" owner="Collections">
<arg>${json_data['results'][0]}</arg>
<arg>${key}</arg>
<doc>Fails if ``key`` is not found from ``dictionary``.</doc>
<status status="PASS" start="2024-07-18T04:18:46.052540" elapsed="0.000398"/>
</kw>
<kw name="Log" owner="BuiltIn">
<msg time="2024-07-18T04:18:46.053513" level="INFO">{'gender': 'male', 'name': {'title': 'Monsieur', 'first': 'Emmanuel', 'last': 'Riviere'}, 'location': {'street': {'number': 5659, 'name': 'Rue Saint-Georges'}, 'city': 'Muotathal', 'state': 'Solothurn', 'country': 'Switzerland', 'postcode': 4058, 'coordinates': {'latitude': '-56.7050', 'longitude': '-16.0657'}, 'timezone': {'offset': '+5:30', 'description': 'Bombay, Calcutta, Madras, New Delhi'}}, 'email': 'emmanuel.riviere@example.com', 'login': {'uuid': '4db9f9a2-2849-4303-b6c8-a0fe5b512518', 'username': 'smallleopard671', 'password': 'guyver', 'salt': 'jGqLoamU', 'md5': 'b71febe5db31714be4530a71be1e37c4', 'sha1': '9802c5d83deefe77f70ae454d4ad8e511076ced7', 'sha256': 'e5413d06501f55776cdc9b0a9d0390ac2e3d43034af30cc2924a631023cd4a9c'}, 'dob': {'date': '1947-07-01T03:17:18.916Z', 'age': 77}, 'registered': {'date': '2022-01-22T00:43:14.737Z', 'age': 2}, 'phone': '078 311 30 58', 'cell': '078 900 60 98', 'id': {'name': 'AVS', 'value': '756.6853.8655.41'}, 'picture': {'large': 'https://randomuser.me/api/portraits/men/88.jpg', 'medium': 'https://randomuser.me/api/portraits/med/men/88.jpg', 'thumbnail': 'https://randomuser.me/api/portraits/thumb/men/88.jpg'}, 'nat': 'CH'}</msg>
<arg>${json_data['results'][0]}</arg>
<doc>Logs the given message with the given level.</doc>
<status status="PASS" start="2024-07-18T04:18:46.053160" elapsed="0.000402"/>
</kw>
<kw name="Log" owner="BuiltIn">
<msg time="2024-07-18T04:18:46.053990" level="INFO">name</msg>
<arg>${key}</arg>
<doc>Logs the given message with the given level.</doc>
<status status="PASS" start="2024-07-18T04:18:46.053864" elapsed="0.000170"/>
</kw>
<var name="${key}">name</var>
<status status="PASS" start="2024-07-18T04:18:46.052392" elapsed="0.001859"/>
</iter>
<iter>
<kw name="Dictionary Should Contain Key" owner="Collections">
<arg>${json_data['results'][0]}</arg>
<arg>${key}</arg>
<doc>Fails if ``key`` is not found from ``dictionary``.</doc>
<status status="PASS" start="2024-07-18T04:18:46.054544" elapsed="0.000388"/>
</kw>
<kw name="Log" owner="BuiltIn">
<msg time="2024-07-18T04:18:46.055467" level="INFO">{'gender': 'male', 'name': {'title': 'Monsieur', 'first': 'Emmanuel', 'last': 'Riviere'}, 'location': {'street': {'number': 5659, 'name': 'Rue Saint-Georges'}, 'city': 'Muotathal', 'state': 'Solothurn', 'country': 'Switzerland', 'postcode': 4058, 'coordinates': {'latitude': '-56.7050', 'longitude': '-16.0657'}, 'timezone': {'offset': '+5:30', 'description': 'Bombay, Calcutta, Madras, New Delhi'}}, 'email': 'emmanuel.riviere@example.com', 'login': {'uuid': '4db9f9a2-2849-4303-b6c8-a0fe5b512518', 'username': 'smallleopard671', 'password': 'guyver', 'salt': 'jGqLoamU', 'md5': 'b71febe5db31714be4530a71be1e37c4', 'sha1': '9802c5d83deefe77f70ae454d4ad8e511076ced7', 'sha256': 'e5413d06501f55776cdc9b0a9d0390ac2e3d43034af30cc2924a631023cd4a9c'}, 'dob': {'date': '1947-07-01T03:17:18.916Z', 'age': 77}, 'registered': {'date': '2022-01-22T00:43:14.737Z', 'age': 2}, 'phone': '078 311 30 58', 'cell': '078 900 60 98', 'id': {'name': 'AVS', 'value': '756.6853.8655.41'}, 'picture': {'large': 'https://randomuser.me/api/portraits/men/88.jpg', 'medium': 'https://randomuser.me/api/portraits/med/men/88.jpg', 'thumbnail': 'https://randomuser.me/api/portraits/thumb/men/88.jpg'}, 'nat': 'CH'}</msg>
<arg>${json_data['results'][0]}</arg>
<doc>Logs the given message with the given level.</doc>
<status status="PASS" start="2024-07-18T04:18:46.055119" elapsed="0.000395"/>
</kw>
<kw name="Log" owner="BuiltIn">
<msg time="2024-07-18T04:18:46.055940" level="INFO">location</msg>
<arg>${key}</arg>
<doc>Logs the given message with the given level.</doc>
<status status="PASS" start="2024-07-18T04:18:46.055815" elapsed="0.000163"/>
</kw>
<var name="${key}">location</var>
<status status="PASS" start="2024-07-18T04:18:46.054433" elapsed="0.001763"/>
</iter>
<iter>
<kw name="Dictionary Should Contain Key" owner="Collections">
<arg>${json_data['results'][0]}</arg>
<arg>${key}</arg>
<doc>Fails if ``key`` is not found from ``dictionary``.</doc>
<status status="PASS" start="2024-07-18T04:18:46.056506" elapsed="0.000403"/>
</kw>
<kw name="Log" owner="BuiltIn">
<msg time="2024-07-18T04:18:46.057582" level="INFO">{'gender': 'male', 'name': {'title': 'Monsieur', 'first': 'Emmanuel', 'last': 'Riviere'}, 'location': {'street': {'number': 5659, 'name': 'Rue Saint-Georges'}, 'city': 'Muotathal', 'state': 'Solothurn', 'country': 'Switzerland', 'postcode': 4058, 'coordinates': {'latitude': '-56.7050', 'longitude': '-16.0657'}, 'timezone': {'offset': '+5:30', 'description': 'Bombay, Calcutta, Madras, New Delhi'}}, 'email': 'emmanuel.riviere@example.com', 'login': {'uuid': '4db9f9a2-2849-4303-b6c8-a0fe5b512518', 'username': 'smallleopard671', 'password': 'guyver', 'salt': 'jGqLoamU', 'md5': 'b71febe5db31714be4530a71be1e37c4', 'sha1': '9802c5d83deefe77f70ae454d4ad8e511076ced7', 'sha256': 'e5413d06501f55776cdc9b0a9d0390ac2e3d43034af30cc2924a631023cd4a9c'}, 'dob': {'date': '1947-07-01T03:17:18.916Z', 'age': 77}, 'registered': {'date': '2022-01-22T00:43:14.737Z', 'age': 2}, 'phone': '078 311 30 58', 'cell': '078 900 60 98', 'id': {'name': 'AVS', 'value': '756.6853.8655.41'}, 'picture': {'large': 'https://randomuser.me/api/portraits/men/88.jpg', 'medium': 'https://randomuser.me/api/portraits/med/men/88.jpg', 'thumbnail': 'https://randomuser.me/api/portraits/thumb/men/88.jpg'}, 'nat': 'CH'}</msg>
<arg>${json_data['results'][0]}</arg>
<doc>Logs the given message with the given level.</doc>
<status status="PASS" start="2024-07-18T04:18:46.057222" elapsed="0.000408"/>
</kw>
<kw name="Log" owner="BuiltIn">
<msg time="2024-07-18T04:18:46.058063" level="INFO">email</msg>
<arg>${key}</arg>
<doc>Logs the given message with the given level.</doc>
<status status="PASS" start="2024-07-18T04:18:46.057933" elapsed="0.000170"/>
</kw>
<var name="${key}">email</var>
<status status="PASS" start="2024-07-18T04:18:46.056374" elapsed="0.001947"/>
</iter>
<iter>
<kw name="Dictionary Should Contain Key" owner="Collections">
<arg>${json_data['results'][0]}</arg>
<arg>${key}</arg>
<doc>Fails if ``key`` is not found from ``dictionary``.</doc>
<status status="PASS" start="2024-07-18T04:18:46.058613" elapsed="0.000382"/>
</kw>
<kw name="Log" owner="BuiltIn">
<msg time="2024-07-18T04:18:46.059532" level="INFO">{'gender': 'male', 'name': {'title': 'Monsieur', 'first': 'Emmanuel', 'last': 'Riviere'}, 'location': {'street': {'number': 5659, 'name': 'Rue Saint-Georges'}, 'city': 'Muotathal', 'state': 'Solothurn', 'country': 'Switzerland', 'postcode': 4058, 'coordinates': {'latitude': '-56.7050', 'longitude': '-16.0657'}, 'timezone': {'offset': '+5:30', 'description': 'Bombay, Calcutta, Madras, New Delhi'}}, 'email': 'emmanuel.riviere@example.com', 'login': {'uuid': '4db9f9a2-2849-4303-b6c8-a0fe5b512518', 'username': 'smallleopard671', 'password': 'guyver', 'salt': 'jGqLoamU', 'md5': 'b71febe5db31714be4530a71be1e37c4', 'sha1': '9802c5d83deefe77f70ae454d4ad8e511076ced7', 'sha256': 'e5413d06501f55776cdc9b0a9d0390ac2e3d43034af30cc2924a631023cd4a9c'}, 'dob': {'date': '1947-07-01T03:17:18.916Z', 'age': 77}, 'registered': {'date': '2022-01-22T00:43:14.737Z', 'age': 2}, 'phone': '078 311 30 58', 'cell': '078 900 60 98', 'id': {'name': 'AVS', 'value': '756.6853.8655.41'}, 'picture': {'large': 'https://randomuser.me/api/portraits/men/88.jpg', 'medium': 'https://randomuser.me/api/portraits/med/men/88.jpg', 'thumbnail': 'https://randomuser.me/api/portraits/thumb/men/88.jpg'}, 'nat': 'CH'}</msg>
<arg>${json_data['results'][0]}</arg>
<doc>Logs the given message with the given level.</doc>
<status status="PASS" start="2024-07-18T04:18:46.059182" elapsed="0.000399"/>
</kw>
<kw name="Log" owner="BuiltIn">
<msg time="2024-07-18T04:18:46.060004" level="INFO">login</msg>
<arg>${key}</arg>
<doc>Logs the given message with the given level.</doc>
<status status="PASS" start="2024-07-18T04:18:46.059878" elapsed="0.000163"/>
</kw>
<var name="${key}">login</var>
<status status="PASS" start="2024-07-18T04:18:46.058501" elapsed="0.001754"/>
</iter>
<var>${key}</var>
<value>@{expected_keys}</value>
<status status="PASS" start="2024-07-18T04:18:46.050123" elapsed="0.010280"/>
</for>
<kw name="Create List" owner="BuiltIn">
<msg time="2024-07-18T04:18:46.060778" level="INFO">${expected_keysTwo} = ['username', 'password']</msg>
<var>${expected_keysTwo}</var>
<arg>username</arg>
<arg>password</arg>
<doc>Returns a list containing given items.</doc>
<status status="PASS" start="2024-07-18T04:18:46.060642" elapsed="0.000160"/>
</kw>
<for flavor="IN">
<iter>
<kw name="Dictionary Should Contain Key" owner="Collections">
<arg>${json_data['results'][0]['login']}</arg>
<arg>${keyTwo}</arg>
<doc>Fails if ``key`` is not found from ``dictionary``.</doc>
<status status="PASS" start="2024-07-18T04:18:46.061314" elapsed="0.000396"/>
</kw>
<kw name="Dictionary Should Contain Key" owner="Collections">
<arg>${json_data['results'][0]['login']}</arg>
<arg>${keyTwo}</arg>
<doc>Fails if ``key`` is not found from ``dictionary``.</doc>
<status status="PASS" start="2024-07-18T04:18:46.061895" elapsed="0.000381"/>
</kw>
<kw name="Log" owner="BuiltIn">
<msg time="2024-07-18T04:18:46.062581" level="INFO">username</msg>
<arg>${keyTwo}</arg>
<doc>Logs the given message with the given level.</doc>
<status status="PASS" start="2024-07-18T04:18:46.062460" elapsed="0.000166"/>
</kw>
<var name="${keyTwo}">username</var>
<status status="PASS" start="2024-07-18T04:18:46.061201" elapsed="0.001646"/>
</iter>
<iter>
<kw name="Dictionary Should Contain Key" owner="Collections">
<arg>${json_data['results'][0]['login']}</arg>
<arg>${keyTwo}</arg>
<doc>Fails if ``key`` is not found from ``dictionary``.</doc>
<status status="PASS" start="2024-07-18T04:18:46.063133" elapsed="0.000388"/>
</kw>
<kw name="Dictionary Should Contain Key" owner="Collections">
<arg>${json_data['results'][0]['login']}</arg>
<arg>${keyTwo}</arg>
<doc>Fails if ``key`` is not found from ``dictionary``.</doc>
<status status="PASS" start="2024-07-18T04:18:46.063701" elapsed="0.000371"/>
</kw>
<kw name="Log" owner="BuiltIn">
<msg time="2024-07-18T04:18:46.064370" level="INFO">password</msg>
<arg>${keyTwo}</arg>
<doc>Logs the given message with the given level.</doc>
<status status="PASS" start="2024-07-18T04:18:46.064251" elapsed="0.000158"/>
</kw>
<var name="${keyTwo}">password</var>
<status status="PASS" start="2024-07-18T04:18:46.063022" elapsed="0.001642"/>
</iter>
<var>${keyTwo}</var>
<value>@{expected_keysTwo}</value>
<status status="PASS" start="2024-07-18T04:18:46.061044" elapsed="0.003741"/>
</for>
<status status="PASS" start="2024-07-18T04:18:45.956553" elapsed="0.108377"/>
</kw>
<doc>Testa a estrutura da resposta da API.</doc>
<tag>testeEstruturaResposta</tag>
<status status="PASS" start="2024-07-18T04:18:45.955895" elapsed="0.109197"/>
</test>
<test id="s1-s1-t4" name="Validar tipos de dados" line="28">
<kw name="Teste de Tipos de Dados" owner="random-user-service">
<kw name="GET On Session" owner="RequestsLibrary">
<msg time="2024-07-18T04:18:46.142541" level="INFO">GET Request : url=https://randomuser.me/api 
 path_url=/api 
 headers={'User-Agent': 'python-requests/2.32.3', 'Accept-Encoding': 'gzip, deflate', 'Accept': '*/*', 'Connection': 'keep-alive'} 
 body=None 
 </msg>
<msg time="2024-07-18T04:18:46.142664" level="INFO">GET Response : url=https://randomuser.me/api 
 status=200, reason=OK 
 headers={'Date': 'Thu, 18 Jul 2024 04:18:46 GMT', 'Content-Type': 'application/json; charset=utf-8', 'Transfer-Encoding': 'chunked', 'Connection': 'keep-alive', 'X-Powered-By': 'Express', 'Access-Control-Allow-Origin': '*', 'Cache-Control': 'no-cache', 'ETag': 'W/"49f-E0/XVQ0LbEAwtBW1PUiVyu+bCBo"', 'Vary': 'Accept-Encoding', 'Content-Encoding': 'gzip', 'CF-Cache-Status': 'DYNAMIC', 'Report-To': '{"endpoints":[{"url":"https:\\/\\/a.nel.cloudflare.com\\/report\\/v4?s=1hVNH5qWKHmnWM9dDlG8Gcw%2BILd4srGzNcPbwVOp49h2DKPqwl5xkyiVg8IUrA3qSoaNL9wfhRCVLUHpFTptW8iwlUZDXef15iq6UXWIwAxX72i4FDHszcwV95o9haY7"}],"group":"cf-nel","max_age":604800}', 'NEL': '{"success_fraction":0,"report_to":"cf-nel","max_age":604800}', 'Server': 'cloudflare', 'CF-RAY': '8a4fab6dfe3a062c-IAD', 'alt-svc': 'h3=":443"; ma=86400'} 
 body={"results":[{"gender":"female","name":{"title":"Ms","first":"Trinidad","last":"Garrido"},"location":{"street":{"number":1480,"name":"Avenida de Burgos"},"city":"Ciudad Real","state":"Navarra","country":"Spain","postcode":84930,"coordinates":{"latitude":"-33.1083","longitude":"100.1968"},"timezone":{"offset":"+1:00","description":"Brussels, Copenhagen, Madrid, Paris"}},"email":"trinidad.garrido@example.com","login":{"uuid":"e5e7213d-dc49-4f82-a1f1-a9e2dd7c9355","username":"beautifulmouse649","password":"venom","salt":"XtK0HjPh","md5":"6e9172a0c5922a05f6c307a353ad924c","sha1":"79fbff08a4f1bfec99925a61098c157f9c891b27","sha256":"124c00cb54ab2db7c749cfa15babc79302c56e3ae810a6d61586b21f8cf5a0bb"},"dob":{"date":"1997-07-24T16:35:12.237Z","age":26},"registered":{"date":"2005-04-02T13:18:40.349Z","age":19},"phone":"984-752-335","cell":"631-630-162","id":{"name":"DNI","value":"15302887-U"},"picture":{"large":"https://randomuser.me/api/portraits/women/82.jpg","medium":"https://randomuser.me/api/portraits/med/women/82.jpg","thumbnail":"https://randomuser.me/api/portraits/thumb/women/82.jpg"},"nat":"ES"}],"info":{"seed":"ef452801857a7bbe","results":1,"page":1,"version":"1.4"}} 
 </msg>
<msg time="2024-07-18T04:18:46.142756" level="INFO">/opt/hostedtoolcache/Python/3.12.4/x64/lib/python3.12/site-packages/urllib3/connectionpool.py:1099: InsecureRequestWarning: Unverified HTTPS request is being made to host 'randomuser.me'. Adding certificate verification is strongly advised. See: https://urllib3.readthedocs.io/en/latest/advanced-usage.html#tls-warnings
  warnings.warn(</msg>
<msg time="2024-07-18T04:18:46.142932" level="INFO">${response} = &lt;Response [200]&gt;</msg>
<var>${response}</var>
<arg>consultarAPI</arg>
<arg>/api</arg>
<doc>Sends a GET request on a previously created HTTP Session.</doc>
<status status="PASS" start="2024-07-18T04:18:46.067712" elapsed="0.075268"/>
</kw>
<kw name="Set Variable" owner="BuiltIn">
<msg time="2024-07-18T04:18:46.144229" level="INFO">${json_data} = {'results': [{'gender': 'female', 'name': {'title': 'Ms', 'first': 'Trinidad', 'last': 'Garrido'}, 'location': {'street': {'number': 1480, 'name': 'Avenida de Burgos'}, 'city': 'Ciudad Real', 'state':...</msg>
<var>${json_data}</var>
<arg>${response.json()}</arg>
<doc>Returns the given values which can then be assigned to a variables.</doc>
<status status="PASS" start="2024-07-18T04:18:46.143595" elapsed="0.000665"/>
</kw>
<kw name="Log" owner="BuiltIn">
<msg time="2024-07-18T04:18:46.144875" level="INFO">{'results': [{'gender': 'female', 'name': {'title': 'Ms', 'first': 'Trinidad', 'last': 'Garrido'}, 'location': {'street': {'number': 1480, 'name': 'Avenida de Burgos'}, 'city': 'Ciudad Real', 'state': 'Navarra', 'country': 'Spain', 'postcode': 84930, 'coordinates': {'latitude': '-33.1083', 'longitude': '100.1968'}, 'timezone': {'offset': '+1:00', 'description': 'Brussels, Copenhagen, Madrid, Paris'}}, 'email': 'trinidad.garrido@example.com', 'login': {'uuid': 'e5e7213d-dc49-4f82-a1f1-a9e2dd7c9355', 'username': 'beautifulmouse649', 'password': 'venom', 'salt': 'XtK0HjPh', 'md5': '6e9172a0c5922a05f6c307a353ad924c', 'sha1': '79fbff08a4f1bfec99925a61098c157f9c891b27', 'sha256': '124c00cb54ab2db7c749cfa15babc79302c56e3ae810a6d61586b21f8cf5a0bb'}, 'dob': {'date': '1997-07-24T16:35:12.237Z', 'age': 26}, 'registered': {'date': '2005-04-02T13:18:40.349Z', 'age': 19}, 'phone': '984-752-335', 'cell': '631-630-162', 'id': {'name': 'DNI', 'value': '15302887-U'}, 'picture': {'large': 'https://randomuser.me/api/portraits/women/82.jpg', 'medium': 'https://randomuser.me/api/portraits/med/women/82.jpg', 'thumbnail': 'https://randomuser.me/api/portraits/thumb/women/82.jpg'}, 'nat': 'ES'}], 'info': {'seed': 'ef452801857a7bbe', 'results': 1, 'page': 1, 'version': '1.4'}}</msg>
<arg>${json_data}</arg>
<doc>Logs the given message with the given level.</doc>
<status status="PASS" start="2024-07-18T04:18:46.144695" elapsed="0.000233"/>
</kw>
<kw name="Should Be String" owner="String">
<arg>${json_data['results'][0]['gender']}</arg>
<doc>Fails if the given ``item`` is not a string.</doc>
<status status="PASS" start="2024-07-18T04:18:46.145255" elapsed="0.000398"/>
</kw>
<kw name="Should Match Regexp" owner="BuiltIn">
<arg>${json_data['results'][0]['email']}</arg>
<arg>^[a-zA-Z0-9._%+-]+@[a-zA-Z0-9.-]+\.[a-zA-Z]{2,}$</arg>
<doc>Fails if ``string`` does not match ``pattern`` as a regular expression.</doc>
<status status="PASS" start="2024-07-18T04:18:46.145901" elapsed="0.000550"/>
</kw>
<kw name="Should Match Regexp" owner="BuiltIn">
<arg>${json_data['results'][0]['dob']['date']}</arg>
<arg>\\d{4}-\\d{2}-\\d{2}T\\d{2}:\\d{2}:\\d{2}\\.\\d{3}Z</arg>
<doc>Fails if ``string`` does not match ``pattern`` as a regular expression.</doc>
<status status="PASS" start="2024-07-18T04:18:46.146657" elapsed="0.000683"/>
</kw>
<kw name="Should Match Regexp" owner="BuiltIn">
<arg>${json_data['results'][0]['registered']['date']}</arg>
<arg>\\d{4}-\\d{2}-\\d{2}T\\d{2}:\\d{2}:\\d{2}\\.\\d{3}Z</arg>
<doc>Fails if ``string`` does not match ``pattern`` as a regular expression.</doc>
<status status="PASS" start="2024-07-18T04:18:46.147541" elapsed="0.000379"/>
</kw>
<kw name="Should Match Regexp" owner="BuiltIn">
<arg>${json_data['results'][0]['picture']['large']}</arg>
<arg>^https?://.*\.(?:png|jpe?g|gif|bmp)$</arg>
<doc>Fails if ``string`` does not match ``pattern`` as a regular expression.</doc>
<status status="PASS" start="2024-07-18T04:18:46.148114" elapsed="0.000496"/>
</kw>
<kw name="Should Match Regexp" owner="BuiltIn">
<arg>${json_data['results'][0]['picture']['medium']}</arg>
<arg>^https?://.*\.(?:png|jpe?g|gif|bmp)$</arg>
<doc>Fails if ``string`` does not match ``pattern`` as a regular expression.</doc>
<status status="PASS" start="2024-07-18T04:18:46.148808" elapsed="0.000358"/>
</kw>
<kw name="Should Match Regexp" owner="BuiltIn">
<arg>${json_data['results'][0]['picture']['thumbnail']}</arg>
<arg>^https?://.*\.(?:png|jpe?g|gif|bmp)$</arg>
<doc>Fails if ``string`` does not match ``pattern`` as a regular expression.</doc>
<status status="PASS" start="2024-07-18T04:18:46.149356" elapsed="0.000353"/>
</kw>
<kw name="Log" owner="BuiltIn">
<msg time="2024-07-18T04:18:46.150222" level="INFO">{'large': 'https://randomuser.me/api/portraits/women/82.jpg', 'medium': 'https://randomuser.me/api/portraits/med/women/82.jpg', 'thumbnail': 'https://randomuser.me/api/portraits/thumb/women/82.jpg'}</msg>
<arg>${json_data['results'][0]['picture']}</arg>
<doc>Logs the given message with the given level.</doc>
<status status="PASS" start="2024-07-18T04:18:46.149895" elapsed="0.000369"/>
</kw>
<status status="PASS" start="2024-07-18T04:18:46.067477" elapsed="0.083060"/>
</kw>
<kw name="Teste de Tipos de Dados - Postcode" owner="random-user-service">
<kw name="GET On Session" owner="RequestsLibrary">
<msg time="2024-07-18T04:18:46.241031" level="INFO">GET Request : url=https://randomuser.me/api 
 path_url=/api 
 headers={'User-Agent': 'python-requests/2.32.3', 'Accept-Encoding': 'gzip, deflate', 'Accept': '*/*', 'Connection': 'keep-alive'} 
 body=None 
 </msg>
<msg time="2024-07-18T04:18:46.241156" level="INFO">GET Response : url=https://randomuser.me/api 
 status=200, reason=OK 
 headers={'Date': 'Thu, 18 Jul 2024 04:18:46 GMT', 'Content-Type': 'application/json; charset=utf-8', 'Transfer-Encoding': 'chunked', 'Connection': 'keep-alive', 'X-Powered-By': 'Express', 'Access-Control-Allow-Origin': '*', 'Cache-Control': 'no-cache', 'ETag': 'W/"484-7SryGCOUFPBkQnFDYYij3/Bt8v4"', 'Vary': 'Accept-Encoding', 'Content-Encoding': 'gzip', 'CF-Cache-Status': 'DYNAMIC', 'Report-To': '{"endpoints":[{"url":"https:\\/\\/a.nel.cloudflare.com\\/report\\/v4?s=i3Rw3bOHQer1YoMYq4qfuuApGpMtnLC2l92fckATRuLT1uvOh8Pbb4IaqQsScR6INMUMFVSvMyJpyFPYeSSR0CK32oIuCNbmE7FbNgoJdqirMX3bQQOdp3AaJpTnya8F"}],"group":"cf-nel","max_age":604800}', 'NEL': '{"success_fraction":0,"report_to":"cf-nel","max_age":604800}', 'Server': 'cloudflare', 'CF-RAY': '8a4fab6e8e9b062c-IAD', 'alt-svc': 'h3=":443"; ma=86400'} 
 body={"results":[{"gender":"male","name":{"title":"Monsieur","first":"Alessandro","last":"Roche"},"location":{"street":{"number":2551,"name":"Rue Gasparin"},"city":"Rafz","state":"St. Gallen","country":"Switzerland","postcode":7749,"coordinates":{"latitude":"-63.6660","longitude":"-48.0630"},"timezone":{"offset":"-3:30","description":"Newfoundland"}},"email":"alessandro.roche@example.com","login":{"uuid":"0e54eab9-62d5-4e7b-8122-e22cb6d6b091","username":"bluedog928","password":"bank","salt":"xk1u6DRX","md5":"1b362eef0a0d0ba64ac9b4756a3b52d5","sha1":"fe3eec4a18b41ef4d6f13e42ae6c0fc68b8e0702","sha256":"3b8cb4893d83ee78ebe7fa0c83c4e982deb562ed5c6b41a951fa2f12245eb658"},"dob":{"date":"1953-08-18T03:34:07.267Z","age":70},"registered":{"date":"2005-03-19T02:07:03.415Z","age":19},"phone":"077 837 05 16","cell":"076 589 60 64","id":{"name":"AVS","value":"756.3484.8808.36"},"picture":{"large":"https://randomuser.me/api/portraits/men/80.jpg","medium":"https://randomuser.me/api/portraits/med/men/80.jpg","thumbnail":"https://randomuser.me/api/portraits/thumb/men/80.jpg"},"nat":"CH"}],"info":{"seed":"68c4f38b7edc48ac","results":1,"page":1,"version":"1.4"}} 
 </msg>
<msg time="2024-07-18T04:18:46.241243" level="INFO">/opt/hostedtoolcache/Python/3.12.4/x64/lib/python3.12/site-packages/urllib3/connectionpool.py:1099: InsecureRequestWarning: Unverified HTTPS request is being made to host 'randomuser.me'. Adding certificate verification is strongly advised. See: https://urllib3.readthedocs.io/en/latest/advanced-usage.html#tls-warnings
  warnings.warn(</msg>
<msg time="2024-07-18T04:18:46.241380" level="INFO">${response} = &lt;Response [200]&gt;</msg>
<var>${response}</var>
<arg>consultarAPI</arg>
<arg>/api</arg>
<doc>Sends a GET request on a previously created HTTP Session.</doc>
<status status="PASS" start="2024-07-18T04:18:46.151031" elapsed="0.090402"/>
</kw>
<kw name="Set Variable" owner="BuiltIn">
<msg time="2024-07-18T04:18:46.242661" level="INFO">${json_data} = {'results': [{'gender': 'male', 'name': {'title': 'Monsieur', 'first': 'Alessandro', 'last': 'Roche'}, 'location': {'street': {'number': 2551, 'name': 'Rue Gasparin'}, 'city': 'Rafz', 'state': 'St. Ga...</msg>
<var>${json_data}</var>
<arg>${response.json()}</arg>
<doc>Returns the given values which can then be assigned to a variables.</doc>
<status status="PASS" start="2024-07-18T04:18:46.242072" elapsed="0.000623"/>
</kw>
<kw name="Log" owner="BuiltIn">
<msg time="2024-07-18T04:18:46.243271" level="INFO">{'results': [{'gender': 'male', 'name': {'title': 'Monsieur', 'first': 'Alessandro', 'last': 'Roche'}, 'location': {'street': {'number': 2551, 'name': 'Rue Gasparin'}, 'city': 'Rafz', 'state': 'St. Gallen', 'country': 'Switzerland', 'postcode': 7749, 'coordinates': {'latitude': '-63.6660', 'longitude': '-48.0630'}, 'timezone': {'offset': '-3:30', 'description': 'Newfoundland'}}, 'email': 'alessandro.roche@example.com', 'login': {'uuid': '0e54eab9-62d5-4e7b-8122-e22cb6d6b091', 'username': 'bluedog928', 'password': 'bank', 'salt': 'xk1u6DRX', 'md5': '1b362eef0a0d0ba64ac9b4756a3b52d5', 'sha1': 'fe3eec4a18b41ef4d6f13e42ae6c0fc68b8e0702', 'sha256': '3b8cb4893d83ee78ebe7fa0c83c4e982deb562ed5c6b41a951fa2f12245eb658'}, 'dob': {'date': '1953-08-18T03:34:07.267Z', 'age': 70}, 'registered': {'date': '2005-03-19T02:07:03.415Z', 'age': 19}, 'phone': '077 837 05 16', 'cell': '076 589 60 64', 'id': {'name': 'AVS', 'value': '756.3484.8808.36'}, 'picture': {'large': 'https://randomuser.me/api/portraits/men/80.jpg', 'medium': 'https://randomuser.me/api/portraits/med/men/80.jpg', 'thumbnail': 'https://randomuser.me/api/portraits/thumb/men/80.jpg'}, 'nat': 'CH'}], 'info': {'seed': '68c4f38b7edc48ac', 'results': 1, 'page': 1, 'version': '1.4'}}</msg>
<arg>${json_data}</arg>
<doc>Logs the given message with the given level.</doc>
<status status="PASS" start="2024-07-18T04:18:46.243089" elapsed="0.000234"/>
</kw>
<kw name="Should Be Equal As Numbers" owner="BuiltIn">
<arg>${json_data['results'][0]['location']['postcode']}</arg>
<arg>${json_data['results'][0]['location']['postcode']}</arg>
<doc>Fails if objects are unequal after converting them to real numbers.</doc>
<status status="PASS" start="2024-07-18T04:18:46.243654" elapsed="0.000680"/>
</kw>
<kw name="Log" owner="BuiltIn">
<msg time="2024-07-18T04:18:46.244989" level="INFO">7749</msg>
<arg>${json_data['results'][0]['location']['postcode']}</arg>
<doc>Logs the given message with the given level.</doc>
<status status="PASS" start="2024-07-18T04:18:46.244624" elapsed="0.000408"/>
</kw>
<status status="PASS" start="2024-07-18T04:18:46.150775" elapsed="0.094534"/>
</kw>
<doc>Testa se os tipos de dados na resposta da API estão corretos.</doc>
<tag>testeTiposDados</tag>
<status status="PASS" start="2024-07-18T04:18:46.066921" elapsed="0.178569"/>
</test>
<test id="s1-s1-t5" name="Validar conteudo" line="35">
<kw name="Teste de Tipos de Conteudo" owner="random-user-service">
<kw name="GET On Session" owner="RequestsLibrary">
<msg time="2024-07-18T04:18:46.343195" level="INFO">GET Request : url=https://randomuser.me/api 
 path_url=/api 
 headers={'User-Agent': 'python-requests/2.32.3', 'Accept-Encoding': 'gzip, deflate', 'Accept': '*/*', 'Connection': 'keep-alive'} 
 body=None 
 </msg>
<msg time="2024-07-18T04:18:46.343326" level="INFO">GET Response : url=https://randomuser.me/api 
 status=200, reason=OK 
 headers={'Date': 'Thu, 18 Jul 2024 04:18:46 GMT', 'Content-Type': 'application/json; charset=utf-8', 'Transfer-Encoding': 'chunked', 'Connection': 'keep-alive', 'X-Powered-By': 'Express', 'Access-Control-Allow-Origin': '*', 'Cache-Control': 'no-cache', 'ETag': 'W/"493-sRdbCu/ajeDtnUXVeSUswFFnaSQ"', 'Vary': 'Accept-Encoding', 'Content-Encoding': 'gzip', 'CF-Cache-Status': 'DYNAMIC', 'Report-To': '{"endpoints":[{"url":"https:\\/\\/a.nel.cloudflare.com\\/report\\/v4?s=wqguTPjn1MWjpSTp8bqHrhE4LgCj6Lw%2B6S7BAATXPttiBhsFIkmSYT0DT5Et47lVT3tvmCYGCiWjnFc%2FwYsfNsGotkA3HFniyJ5r1FHFVV6MFf%2Fm7xb5sPgO8DjySfeg"}],"group":"cf-nel","max_age":604800}', 'NEL': '{"success_fraction":0,"report_to":"cf-nel","max_age":604800}', 'Server': 'cloudflare', 'CF-RAY': '8a4fab6f1f10062c-IAD', 'alt-svc': 'h3=":443"; ma=86400'} 
 body={"results":[{"gender":"male","name":{"title":"Mr","first":"Abdelhafid","last":"Alferink"},"location":{"street":{"number":2637,"name":"Goudse Schouw"},"city":"Maasland","state":"Utrecht","country":"Netherlands","postcode":"1975 PR","coordinates":{"latitude":"31.0138","longitude":"-109.5704"},"timezone":{"offset":"-1:00","description":"Azores, Cape Verde Islands"}},"email":"abdelhafid.alferink@example.com","login":{"uuid":"006498c2-5cd1-4e48-b230-3a492c428244","username":"bluebird287","password":"brent","salt":"vXYg5pIR","md5":"8492e022426ee0628aa8280a275ea75a","sha1":"12bc4d92a1f171e9201c5a9fc748941b432230b7","sha256":"707d3807ab3f53d4b81ee78c49d9499cfac5774608456fd8948e1f47223844f4"},"dob":{"date":"1982-07-12T14:50:45.121Z","age":42},"registered":{"date":"2007-11-05T04:58:41.739Z","age":16},"phone":"(017) 2151221","cell":"(06) 58508883","id":{"name":"BSN","value":"45248088"},"picture":{"large":"https://randomuser.me/api/portraits/men/57.jpg","medium":"https://randomuser.me/api/portraits/med/men/57.jpg","thumbnail":"https://randomuser.me/api/portraits/thumb/men/57.jpg"},"nat":"NL"}],"info":{"seed":"bcb65eabad1e2c7f","results":1,"page":1,"version":"1.4"}} 
 </msg>
<msg time="2024-07-18T04:18:46.343425" level="INFO">/opt/hostedtoolcache/Python/3.12.4/x64/lib/python3.12/site-packages/urllib3/connectionpool.py:1099: InsecureRequestWarning: Unverified HTTPS request is being made to host 'randomuser.me'. Adding certificate verification is strongly advised. See: https://urllib3.readthedocs.io/en/latest/advanced-usage.html#tls-warnings
  warnings.warn(</msg>
<msg time="2024-07-18T04:18:46.343571" level="INFO">${response} = &lt;Response [200]&gt;</msg>
<var>${response}</var>
<arg>consultarAPI</arg>
<arg>/api</arg>
<doc>Sends a GET request on a previously created HTTP Session.</doc>
<status status="PASS" start="2024-07-18T04:18:46.248022" elapsed="0.095605"/>
</kw>
<kw name="Set Variable" owner="BuiltIn">
<msg time="2024-07-18T04:18:46.344926" level="INFO">${json_data} = {'results': [{'gender': 'male', 'name': {'title': 'Mr', 'first': 'Abdelhafid', 'last': 'Alferink'}, 'location': {'street': {'number': 2637, 'name': 'Goudse Schouw'}, 'city': 'Maasland', 'state': 'Utre...</msg>
<var>${json_data}</var>
<arg>${response.json()}</arg>
<doc>Returns the given values which can then be assigned to a variables.</doc>
<status status="PASS" start="2024-07-18T04:18:46.344264" elapsed="0.000695"/>
</kw>
<kw name="Set Variable" owner="BuiltIn">
<msg time="2024-07-18T04:18:46.345753" level="INFO">${name_title} = Mr</msg>
<var>${name_title}</var>
<arg>${json_data["results"][0]["name"]["title"]}</arg>
<doc>Returns the given values which can then be assigned to a variables.</doc>
<status status="PASS" start="2024-07-18T04:18:46.345327" elapsed="0.000464"/>
</kw>
<kw name="Create List" owner="BuiltIn">
<msg time="2024-07-18T04:18:46.346270" level="INFO">${allowed_titles} = ['Mr', 'Ms', 'Miss', 'Mrs', 'Madame', 'Monsieur']</msg>
<var>${allowed_titles}</var>
<arg>Mr</arg>
<arg>Ms</arg>
<arg>Miss</arg>
<arg>Mrs</arg>
<arg>Madame</arg>
<arg>Monsieur</arg>
<doc>Returns a list containing given items.</doc>
<status status="PASS" start="2024-07-18T04:18:46.346114" elapsed="0.000183"/>
</kw>
<kw name="List Should Contain Value" owner="Collections">
<arg>${allowed_titles}</arg>
<arg>${name_title}</arg>
<doc>Fails if the ``value`` is not found from ``list``.</doc>
<status status="PASS" start="2024-07-18T04:18:46.346611" elapsed="0.000185"/>
</kw>
<kw name="Set Variable" owner="BuiltIn">
<msg time="2024-07-18T04:18:46.347368" level="INFO">${name_country} = NL</msg>
<var>${name_country}</var>
<arg>${json_data["results"][0]["nat"]}</arg>
<doc>Returns the given values which can then be assigned to a variables.</doc>
<status status="PASS" start="2024-07-18T04:18:46.346980" elapsed="0.000414"/>
</kw>
<kw name="Create List" owner="BuiltIn">
<msg time="2024-07-18T04:18:46.348315" level="INFO">${list_country} = ['AD', 'AE', 'AF', 'AG', 'AI', 'AL', 'AM', 'AO', 'AQ', 'AR', 'AS', 'AT', 'AU', 'AW', 'AX', 'AZ', 'BA', 'BB', 'BD', 'BE', 'BF', 'BG', 'BH', 'BI', 'BJ', 'BL', 'BM', 'BN', 'BO', 'BQ', 'BR', 'BS', 'BT', '...</msg>
<var>${list_country}</var>
<arg>AD</arg>
<arg>AE</arg>
<arg>AF</arg>
<arg>AG</arg>
<arg>AI</arg>
<arg>AL</arg>
<arg>AM</arg>
<arg>AO</arg>
<arg>AQ</arg>
<arg>AR</arg>
<arg>AS</arg>
<arg>AT</arg>
<arg>AU</arg>
<arg>AW</arg>
<arg>AX</arg>
<arg>AZ</arg>
<arg>BA</arg>
<arg>BB</arg>
<arg>BD</arg>
<arg>BE</arg>
<arg>BF</arg>
<arg>BG</arg>
<arg>BH</arg>
<arg>BI</arg>
<arg>BJ</arg>
<arg>BL</arg>
<arg>BM</arg>
<arg>BN</arg>
<arg>BO</arg>
<arg>BQ</arg>
<arg>BR</arg>
<arg>BS</arg>
<arg>BT</arg>
<arg>BV</arg>
<arg>BW</arg>
<arg>BY</arg>
<arg>BZ</arg>
<arg>CA</arg>
<arg>CC</arg>
<arg>CD</arg>
<arg>CF</arg>
<arg>CG</arg>
<arg>CH</arg>
<arg>CI</arg>
<arg>CK</arg>
<arg>CL</arg>
<arg>CM</arg>
<arg>CN</arg>
<arg>CO</arg>
<arg>CR</arg>
<arg>CU</arg>
<arg>CV</arg>
<arg>CW</arg>
<arg>CX</arg>
<arg>CY</arg>
<arg>CZ</arg>
<arg>DE</arg>
<arg>DJ</arg>
<arg>DK</arg>
<arg>DM</arg>
<arg>DO</arg>
<arg>DZ</arg>
<arg>EC</arg>
<arg>EE</arg>
<arg>EG</arg>
<arg>EH</arg>
<arg>ER</arg>
<arg>ES</arg>
<arg>ET</arg>
<arg>FI</arg>
<arg>FJ</arg>
<arg>FK</arg>
<arg>FM</arg>
<arg>FO</arg>
<arg>FR</arg>
<arg>GA</arg>
<arg>GB</arg>
<arg>GD</arg>
<arg>GE</arg>
<arg>GF</arg>
<arg>GG</arg>
<arg>GH</arg>
<arg>GI</arg>
<arg>GL</arg>
<arg>GM</arg>
<arg>GN</arg>
<arg>GP</arg>
<arg>GQ</arg>
<arg>GR</arg>
<arg>GS</arg>
<arg>GT</arg>
<arg>GU</arg>
<arg>GW</arg>
<arg>GY</arg>
<arg>HK</arg>
<arg>HM</arg>
<arg>HN</arg>
<arg>HR</arg>
<arg>HT</arg>
<arg>HU</arg>
<arg>ID</arg>
<arg>IE</arg>
<arg>IL</arg>
<arg>IM</arg>
<arg>IN</arg>
<arg>IO</arg>
<arg>IQ</arg>
<arg>IR</arg>
<arg>IS</arg>
<arg>IT</arg>
<arg>JE</arg>
<arg>JM</arg>
<arg>JO</arg>
<arg>JP</arg>
<arg>KE</arg>
<arg>KG</arg>
<arg>KH</arg>
<arg>KI</arg>
<arg>KM</arg>
<arg>KN</arg>
<arg>KP</arg>
<arg>KR</arg>
<arg>KW</arg>
<arg>KY</arg>
<arg>KZ</arg>
<arg>LA</arg>
<arg>LB</arg>
<arg>LC</arg>
<arg>LI</arg>
<arg>LK</arg>
<arg>LR</arg>
<arg>LS</arg>
<arg>LT</arg>
<arg>LU</arg>
<arg>LV</arg>
<arg>LY</arg>
<arg>MA</arg>
<arg>MC</arg>
<arg>MD</arg>
<arg>ME</arg>
<arg>MF</arg>
<arg>MG</arg>
<arg>MH</arg>
<arg>MK</arg>
<arg>ML</arg>
<arg>MM</arg>
<arg>MN</arg>
<arg>MO</arg>
<arg>MP</arg>
<arg>MQ</arg>
<arg>MR</arg>
<arg>MS</arg>
<arg>MT</arg>
<arg>MU</arg>
<arg>MV</arg>
<arg>MW</arg>
<arg>MX</arg>
<arg>MY</arg>
<arg>MZ</arg>
<arg>NA</arg>
<arg>NC</arg>
<arg>NE</arg>
<arg>NF</arg>
<arg>NG</arg>
<arg>NI</arg>
<arg>NL</arg>
<arg>NO</arg>
<arg>NP</arg>
<arg>NR</arg>
<arg>NU</arg>
<arg>NZ</arg>
<arg>OM</arg>
<arg>PA</arg>
<arg>PE</arg>
<arg>PF</arg>
<arg>PG</arg>
<arg>PH</arg>
<arg>PK</arg>
<arg>PL</arg>
<arg>PM</arg>
<arg>PN</arg>
<arg>PR</arg>
<arg>PS</arg>
<arg>PT</arg>
<arg>PW</arg>
<arg>PY</arg>
<arg>QA</arg>
<arg>RE</arg>
<arg>RO</arg>
<arg>RS</arg>
<arg>RU</arg>
<arg>RW</arg>
<arg>SA</arg>
<arg>SB</arg>
<arg>SC</arg>
<arg>SD</arg>
<arg>SE</arg>
<arg>SG</arg>
<arg>SH</arg>
<arg>SI</arg>
<arg>SJ</arg>
<arg>SK</arg>
<arg>SL</arg>
<arg>SM</arg>
<arg>SN</arg>
<arg>SO</arg>
<arg>SR</arg>
<arg>SS</arg>
<arg>ST</arg>
<arg>SV</arg>
<arg>SX</arg>
<arg>SY</arg>
<arg>SZ</arg>
<arg>TC</arg>
<arg>TD</arg>
<arg>TF</arg>
<arg>TG</arg>
<arg>TH</arg>
<arg>TJ</arg>
<arg>TK</arg>
<arg>TL</arg>
<arg>TM</arg>
<arg>TN</arg>
<arg>TO</arg>
<arg>TR</arg>
<arg>TT</arg>
<arg>TV</arg>
<arg>TW</arg>
<arg>TZ</arg>
<arg>UA</arg>
<arg>UG</arg>
<arg>UM</arg>
<arg>US</arg>
<arg>UY</arg>
<arg>UZ</arg>
<arg>VA</arg>
<arg>VC</arg>
<arg>VE</arg>
<arg>VG</arg>
<arg>VI</arg>
<arg>VN</arg>
<arg>VU</arg>
<arg>WF</arg>
<arg>WS</arg>
<arg>XK</arg>
<arg>YE</arg>
<arg>YT</arg>
<arg>ZA</arg>
<arg>ZM</arg>
<arg>ZW</arg>
<doc>Returns a list containing given items.</doc>
<status status="PASS" start="2024-07-18T04:18:46.347692" elapsed="0.000651"/>
</kw>
<kw name="List Should Contain Value" owner="Collections">
<arg>${list_country}</arg>
<arg>${name_country}</arg>
<doc>Fails if the ``value`` is not found from ``list``.</doc>
<status status="PASS" start="2024-07-18T04:18:46.349384" elapsed="0.000223"/>
</kw>
<kw name="Run Keyword If" owner="BuiltIn">
<kw name="Should Be True" owner="BuiltIn">
<arg>${True}</arg>
<doc>Fails if the given condition is not true.</doc>
<status status="PASS" start="2024-07-18T04:18:46.350595" elapsed="0.000147"/>
</kw>
<arg>${json_data["results"][0]["location"]["coordinates"]["latitude"]} &gt;= -90 and ${json_data["results"][0]["location"]["coordinates"]["latitude"]} &lt;= 90</arg>
<arg>Should Be True</arg>
<arg>${True}</arg>
<doc>Runs the given keyword with the given arguments, if ``condition`` is true.</doc>
<status status="PASS" start="2024-07-18T04:18:46.349814" elapsed="0.001059"/>
</kw>
<kw name="Run Keyword If" owner="BuiltIn">
<kw name="Should Be True" owner="BuiltIn">
<arg>${True}</arg>
<doc>Fails if the given condition is not true.</doc>
<status status="PASS" start="2024-07-18T04:18:46.351781" elapsed="0.000145"/>
</kw>
<arg>${json_data["results"][0]["location"]["coordinates"]["longitude"]} &gt;= -180 and ${json_data["results"][0]["location"]["coordinates"]["longitude"]} &lt;= 180</arg>
<arg>Should Be True</arg>
<arg>${True}</arg>
<doc>Runs the given keyword with the given arguments, if ``condition`` is true.</doc>
<status status="PASS" start="2024-07-18T04:18:46.351067" elapsed="0.000988"/>
</kw>
<status status="PASS" start="2024-07-18T04:18:46.247774" elapsed="0.104430"/>
</kw>
<doc>Testa o conteúdo específico dos campos retornados pela API.</doc>
<tag>testeConteudo</tag>
<status status="PASS" start="2024-07-18T04:18:46.247276" elapsed="0.105085"/>
</test>
<status status="PASS" start="2024-07-18T04:18:45.413685" elapsed="0.940727"/>
</suite>
<status status="PASS" start="2024-07-18T04:18:45.399137" elapsed="0.960383"/>
</suite>
<statistics>
<total>
<stat pass="5" fail="0" skip="0">All Tests</stat>
</total>
<tag>
<stat pass="1" fail="0" skip="0">testeConteudo</stat>
<stat pass="1" fail="0" skip="0">testeEstruturaResposta</stat>
<stat pass="1" fail="0" skip="0">testeRequisicaoBasica</stat>
<stat pass="1" fail="0" skip="0">testeTiposDados</stat>
</tag>
<suite>
<stat pass="5" fail="0" skip="0" id="s1" name="Tests">Tests</stat>
<stat pass="5" fail="0" skip="0" id="s1-s1" name="Random-User-Test">Tests.Random-User-Test</stat>
</suite>
</statistics>
<errors>
</errors>
</robot>
