<?xml version="1.0" encoding="UTF-8"?>
<robot generator="Robot 7.0 (Python 3.12.2 on linux)" generated="2024-04-15T13:15:38.885986" rpa="false" schemaversion="5">
<suite id="s1" name="Tests" source="/home/runner/work/DesafioQAItauRogerioJordao/DesafioQAItauRogerioJordao/RamdonUser/tests">
<suite id="s1-s1" name="Random-User-Test" source="/home/runner/work/DesafioQAItauRogerioJordao/DesafioQAItauRogerioJordao/RamdonUser/tests/random-user-test.robot">
<test id="s1-s1-t1" name="Conectar" line="13">
<kw name="Conectar API" owner="random-user-service">
<kw name="Create Session" owner="RequestsLibrary">
<msg time="2024-04-15T13:15:39.264241" level="INFO">Creating Session using : alias=consultarAPI, url=https://randomuser.me/, headers={},                     cookies={}, auth=None, timeout=None, proxies=None, verify=False,                     debug=0 </msg>
<arg>consultarAPI</arg>
<arg>${URL}</arg>
<doc>Create Session: create a HTTP session to a server</doc>
<status status="PASS" start="2024-04-15T13:15:39.264035" elapsed="0.000414"/>
</kw>
<status status="PASS" start="2024-04-15T13:15:39.263023" elapsed="0.001803"/>
</kw>
<status status="PASS" start="2024-04-15T13:15:39.262384" elapsed="0.002649"/>
</test>
<test id="s1-s1-t2" name="Validar retorno 200 e JSON Válido" line="16">
<kw name="Teste de Requisicao Basica" owner="random-user-service">
<kw name="GET On Session" owner="RequestsLibrary">
<msg time="2024-04-15T13:15:39.477309" level="INFO">GET Request : url=https://randomuser.me/api 
 path_url=/api 
 headers={'User-Agent': 'python-requests/2.31.0', 'Accept-Encoding': 'gzip, deflate', 'Accept': '*/*', 'Connection': 'keep-alive'} 
 body=None 
 </msg>
<msg time="2024-04-15T13:15:39.477469" level="INFO">GET Response : url=https://randomuser.me/api 
 status=200, reason=OK 
 headers={'Date': 'Mon, 15 Apr 2024 13:15:39 GMT', 'Content-Type': 'application/json; charset=utf-8', 'Transfer-Encoding': 'chunked', 'Connection': 'keep-alive', 'X-Powered-By': 'Express', 'Access-Control-Allow-Origin': '*', 'Cache-Control': 'no-cache', 'ETag': 'W/"49c-SLbvg8vGEK9rgdBQM0yRFs5sIi0"', 'Vary': 'Accept-Encoding', 'Content-Encoding': 'gzip', 'CF-Cache-Status': 'DYNAMIC', 'Report-To': '{"endpoints":[{"url":"https:\\/\\/a.nel.cloudflare.com\\/report\\/v4?s=fNi2%2B6xRThP0j2W%2BQVse2t%2Bx9Qa60ZMvgI3JbHHxDm0f6Ym%2BR46xqu0kqEpDizvhWmR9rX37k7rqNN1jpNoHkgIlqf64r292s3ZJfnssnhPQzM5d0RUvnGlePwa8rQQM"}],"group":"cf-nel","max_age":604800}', 'NEL': '{"success_fraction":0,"report_to":"cf-nel","max_age":604800}', 'Server': 'cloudflare', 'CF-RAY': '874c34a378ff6207-ORD', 'alt-svc': 'h3=":443"; ma=86400'} 
 body={"results":[{"gender":"female","name":{"title":"Mrs","first":"Lucy","last":"Phillips"},"location":{"street":{"number":7466,"name":"E Little York Rd"},"city":"Flint","state":"Delaware","country":"United States","postcode":61759,"coordinates":{"latitude":"86.9541","longitude":"9.3218"},"timezone":{"offset":"-3:00","description":"Brazil, Buenos Aires, Georgetown"}},"email":"lucy.phillips@example.com","login":{"uuid":"9ba5b352-9c1d-4cdd-b8e3-9af87434e17c","username":"bluemeercat694","password":"therock","salt":"Vg2UY2CF","md5":"4ddf07356b8fef8bc844ccc75127edfc","sha1":"b50abd37317240681dc18c3db4b191ab3396367a","sha256":"f33d3fe2c2d2e7e7788d18073dd90fb2496ed7dcb90410c89e118a75bd43e7b1"},"dob":{"date":"1997-11-21T02:27:19.918Z","age":26},"registered":{"date":"2012-11-14T14:48:47.985Z","age":11},"phone":"(422) 904-7949","cell":"(216) 417-6597","id":{"name":"SSN","value":"875-52-0973"},"picture":{"large":"https://randomuser.me/api/portraits/women/43.jpg","medium":"https://randomuser.me/api/portraits/med/women/43.jpg","thumbnail":"https://randomuser.me/api/portraits/thumb/women/43.jpg"},"nat":"US"}],"info":{"seed":"b323f4b89acafc7e","results":1,"page":1,"version":"1.4"}} 
 </msg>
<msg time="2024-04-15T13:15:39.477558" level="INFO">/opt/hostedtoolcache/Python/3.12.2/x64/lib/python3.12/site-packages/urllib3/connectionpool.py:1103: InsecureRequestWarning: Unverified HTTPS request is being made to host 'randomuser.me'. Adding certificate verification is strongly advised. See: https://urllib3.readthedocs.io/en/latest/advanced-usage.html#tls-warnings
  warnings.warn(</msg>
<msg time="2024-04-15T13:15:39.477739" level="INFO">${response} = &lt;Response [200]&gt;</msg>
<var>${response}</var>
<arg>consultarAPI</arg>
<arg>/api</arg>
<doc>Sends a GET request on a previously created HTTP Session.</doc>
<status status="PASS" start="2024-04-15T13:15:39.267821" elapsed="0.209962"/>
</kw>
<kw name="Should Be Equal As Numbers" owner="BuiltIn">
<msg time="2024-04-15T13:15:39.478862" level="INFO">Argument types are:
&lt;class 'int'&gt;
&lt;class 'str'&gt;</msg>
<arg>${response.status_code}</arg>
<arg>200</arg>
<doc>Fails if objects are unequal after converting them to real numbers.</doc>
<status status="PASS" start="2024-04-15T13:15:39.478394" elapsed="0.000540"/>
</kw>
<kw name="Log" owner="BuiltIn">
<msg time="2024-04-15T13:15:39.479712" level="INFO">200</msg>
<arg>${response.status_code}</arg>
<doc>Logs the given message with the given level.</doc>
<status status="PASS" start="2024-04-15T13:15:39.479315" elapsed="0.000441"/>
</kw>
<kw name="Set Variable" owner="BuiltIn">
<msg time="2024-04-15T13:15:39.480524" level="INFO">${json_data} = {'results': [{'gender': 'female', 'name': {'title': 'Mrs', 'first': 'Lucy', 'last': 'Phillips'}, 'location': {'street': {'number': 7466, 'name': 'E Little York Rd'}, 'city': 'Flint', 'state': 'Delawar...</msg>
<var>${json_data}</var>
<arg>${response.json()}</arg>
<doc>Returns the given values which can then be assigned to a variables.</doc>
<status status="PASS" start="2024-04-15T13:15:39.480071" elapsed="0.000483"/>
</kw>
<kw name="Dictionary Should Contain Key" owner="Collections">
<msg time="2024-04-15T13:15:39.481050" level="INFO">False</msg>
<arg>${json_data}</arg>
<arg>results</arg>
<doc>Fails if ``key`` is not found from ``dictionary``.</doc>
<status status="PASS" start="2024-04-15T13:15:39.480876" elapsed="0.000216"/>
</kw>
<status status="PASS" start="2024-04-15T13:15:39.267555" elapsed="0.213817"/>
</kw>
<doc>Testa se a API responde corretamente e retorna um objeto JSON válido.</doc>
<tag>testeRequisicaoBasica</tag>
<status status="PASS" start="2024-04-15T13:15:39.266993" elapsed="0.214575"/>
</test>
<test id="s1-s1-t3" name="Validar estrutura de resposta" line="22">
<kw name="Teste de Estrutura de Resposta" owner="random-user-service">
<kw name="GET On Session" owner="RequestsLibrary">
<msg time="2024-04-15T13:15:39.582480" level="INFO">GET Request : url=https://randomuser.me/api 
 path_url=/api 
 headers={'User-Agent': 'python-requests/2.31.0', 'Accept-Encoding': 'gzip, deflate', 'Accept': '*/*', 'Connection': 'keep-alive'} 
 body=None 
 </msg>
<msg time="2024-04-15T13:15:39.582584" level="INFO">GET Response : url=https://randomuser.me/api 
 status=200, reason=OK 
 headers={'Date': 'Mon, 15 Apr 2024 13:15:39 GMT', 'Content-Type': 'application/json; charset=utf-8', 'Transfer-Encoding': 'chunked', 'Connection': 'keep-alive', 'X-Powered-By': 'Express', 'Access-Control-Allow-Origin': '*', 'Cache-Control': 'no-cache', 'ETag': 'W/"482-2jsfcExheG9Thf1JvUlSROEkhZY"', 'Vary': 'Accept-Encoding', 'Content-Encoding': 'gzip', 'CF-Cache-Status': 'DYNAMIC', 'Report-To': '{"endpoints":[{"url":"https:\\/\\/a.nel.cloudflare.com\\/report\\/v4?s=MNG5r82TscQefb4%2FKKwj2OBNqGPOTxyJllWx16ZpB0S0hofRO0BJ8lK9tivDWbtLaFK5N8IxHI09a%2BZRwKK4IYpLX14S%2BUEpu2jpqOqDPoS6sft6LOZY%2BvOKgzmGNTU6"}],"group":"cf-nel","max_age":604800}', 'NEL': '{"success_fraction":0,"report_to":"cf-nel","max_age":604800}', 'Server': 'cloudflare', 'CF-RAY': '874c34a3c9706207-ORD', 'alt-svc': 'h3=":443"; ma=86400'} 
 body={"results":[{"gender":"male","name":{"title":"Mr","first":"Vedat","last":"Sarıoğlu"},"location":{"street":{"number":7472,"name":"Mevlana Cd"},"city":"Van","state":"Aydın","country":"Turkey","postcode":24545,"coordinates":{"latitude":"70.9016","longitude":"-19.6896"},"timezone":{"offset":"-6:00","description":"Central Time (US &amp; Canada), Mexico City"}},"email":"vedat.sarioglu@example.com","login":{"uuid":"fb3bec12-4593-4ac7-bb4d-3d5cda8ccd39","username":"crazyswan302","password":"portland","salt":"qvKoOYCE","md5":"72cff8d959d60fd4f81033369c288e90","sha1":"dfe12f8dd9d7d596e4dd55bc4902196e5b4e5b61","sha256":"04ee8e3ceea38feb2dccc9928e21e737cd1a1d2e1fe8fa12fdf7086afd0dd724"},"dob":{"date":"1992-10-28T14:44:34.017Z","age":31},"registered":{"date":"2008-08-25T01:48:21.889Z","age":15},"phone":"(865)-778-1515","cell":"(723)-796-1417","id":{"name":"","value":null},"picture":{"large":"https://randomuser.me/api/portraits/men/77.jpg","medium":"https://randomuser.me/api/portraits/med/men/77.jpg","thumbnail":"https://randomuser.me/api/portraits/thumb/men/77.jpg"},"nat":"TR"}],"info":{"seed":"42f8baa2cb1efe20","results":1,"page":1,"version":"1.4"}} 
 </msg>
<msg time="2024-04-15T13:15:39.582725" level="INFO">/opt/hostedtoolcache/Python/3.12.2/x64/lib/python3.12/site-packages/urllib3/connectionpool.py:1103: InsecureRequestWarning: Unverified HTTPS request is being made to host 'randomuser.me'. Adding certificate verification is strongly advised. See: https://urllib3.readthedocs.io/en/latest/advanced-usage.html#tls-warnings
  warnings.warn(</msg>
<msg time="2024-04-15T13:15:39.582871" level="INFO">${response} = &lt;Response [200]&gt;</msg>
<var>${response}</var>
<arg>consultarAPI</arg>
<arg>/api</arg>
<doc>Sends a GET request on a previously created HTTP Session.</doc>
<status status="PASS" start="2024-04-15T13:15:39.484287" elapsed="0.098625"/>
</kw>
<kw name="Set Variable" owner="BuiltIn">
<msg time="2024-04-15T13:15:39.584158" level="INFO">${json_data} = {'results': [{'gender': 'male', 'name': {'title': 'Mr', 'first': 'Vedat', 'last': 'Sarıoğlu'}, 'location': {'street': {'number': 7472, 'name': 'Mevlana Cd'}, 'city': 'Van', 'state': 'Aydın', 'country'...</msg>
<var>${json_data}</var>
<arg>${response.json()}</arg>
<doc>Returns the given values which can then be assigned to a variables.</doc>
<status status="PASS" start="2024-04-15T13:15:39.583549" elapsed="0.000641"/>
</kw>
<kw name="Log" owner="BuiltIn">
<msg time="2024-04-15T13:15:39.584689" level="INFO">{'results': [{'gender': 'male', 'name': {'title': 'Mr', 'first': 'Vedat', 'last': 'Sarıoğlu'}, 'location': {'street': {'number': 7472, 'name': 'Mevlana Cd'}, 'city': 'Van', 'state': 'Aydın', 'country': 'Turkey', 'postcode': 24545, 'coordinates': {'latitude': '70.9016', 'longitude': '-19.6896'}, 'timezone': {'offset': '-6:00', 'description': 'Central Time (US &amp; Canada), Mexico City'}}, 'email': 'vedat.sarioglu@example.com', 'login': {'uuid': 'fb3bec12-4593-4ac7-bb4d-3d5cda8ccd39', 'username': 'crazyswan302', 'password': 'portland', 'salt': 'qvKoOYCE', 'md5': '72cff8d959d60fd4f81033369c288e90', 'sha1': 'dfe12f8dd9d7d596e4dd55bc4902196e5b4e5b61', 'sha256': '04ee8e3ceea38feb2dccc9928e21e737cd1a1d2e1fe8fa12fdf7086afd0dd724'}, 'dob': {'date': '1992-10-28T14:44:34.017Z', 'age': 31}, 'registered': {'date': '2008-08-25T01:48:21.889Z', 'age': 15}, 'phone': '(865)-778-1515', 'cell': '(723)-796-1417', 'id': {'name': '', 'value': None}, 'picture': {'large': 'https://randomuser.me/api/portraits/men/77.jpg', 'medium': 'https://randomuser.me/api/portraits/med/men/77.jpg', 'thumbnail': 'https://randomuser.me/api/portraits/thumb/men/77.jpg'}, 'nat': 'TR'}], 'info': {'seed': '42f8baa2cb1efe20', 'results': 1, 'page': 1, 'version': '1.4'}}</msg>
<arg>${json_data}</arg>
<doc>Logs the given message with the given level.</doc>
<status status="PASS" start="2024-04-15T13:15:39.584516" elapsed="0.000233"/>
</kw>
<kw name="Dictionary Should Contain Key" owner="Collections">
<msg time="2024-04-15T13:15:39.585227" level="INFO">False</msg>
<arg>${json_data}</arg>
<arg>results</arg>
<doc>Fails if ``key`` is not found from ``dictionary``.</doc>
<status status="PASS" start="2024-04-15T13:15:39.585060" elapsed="0.000205"/>
</kw>
<kw name="Should Not Be Empty" owner="BuiltIn">
<msg time="2024-04-15T13:15:39.585730" level="INFO">Length is 2.</msg>
<arg>${json_data}</arg>
<doc>Verifies that the given item is not empty.</doc>
<status status="PASS" start="2024-04-15T13:15:39.585569" elapsed="0.000201"/>
</kw>
<kw name="Create List" owner="BuiltIn">
<msg time="2024-04-15T13:15:39.586390" level="INFO">${expected_keys} = ['gender', 'name', 'location', 'email', 'login']</msg>
<var>${expected_keys}</var>
<arg>gender</arg>
<arg>name</arg>
<arg>location</arg>
<arg>email</arg>
<arg>login</arg>
<doc>Returns a list containing given items.</doc>
<status status="PASS" start="2024-04-15T13:15:39.586072" elapsed="0.000343"/>
</kw>
<for flavor="IN">
<iter>
<kw name="Dictionary Should Contain Key" owner="Collections">
<msg time="2024-04-15T13:15:39.587435" level="INFO">False</msg>
<arg>${json_data['results'][0]}</arg>
<arg>${key}</arg>
<doc>Fails if ``key`` is not found from ``dictionary``.</doc>
<status status="PASS" start="2024-04-15T13:15:39.587011" elapsed="0.000463"/>
</kw>
<kw name="Log" owner="BuiltIn">
<msg time="2024-04-15T13:15:39.588165" level="INFO">{'gender': 'male', 'name': {'title': 'Mr', 'first': 'Vedat', 'last': 'Sarıoğlu'}, 'location': {'street': {'number': 7472, 'name': 'Mevlana Cd'}, 'city': 'Van', 'state': 'Aydın', 'country': 'Turkey', 'postcode': 24545, 'coordinates': {'latitude': '70.9016', 'longitude': '-19.6896'}, 'timezone': {'offset': '-6:00', 'description': 'Central Time (US &amp; Canada), Mexico City'}}, 'email': 'vedat.sarioglu@example.com', 'login': {'uuid': 'fb3bec12-4593-4ac7-bb4d-3d5cda8ccd39', 'username': 'crazyswan302', 'password': 'portland', 'salt': 'qvKoOYCE', 'md5': '72cff8d959d60fd4f81033369c288e90', 'sha1': 'dfe12f8dd9d7d596e4dd55bc4902196e5b4e5b61', 'sha256': '04ee8e3ceea38feb2dccc9928e21e737cd1a1d2e1fe8fa12fdf7086afd0dd724'}, 'dob': {'date': '1992-10-28T14:44:34.017Z', 'age': 31}, 'registered': {'date': '2008-08-25T01:48:21.889Z', 'age': 15}, 'phone': '(865)-778-1515', 'cell': '(723)-796-1417', 'id': {'name': '', 'value': None}, 'picture': {'large': 'https://randomuser.me/api/portraits/men/77.jpg', 'medium': 'https://randomuser.me/api/portraits/med/men/77.jpg', 'thumbnail': 'https://randomuser.me/api/portraits/thumb/men/77.jpg'}, 'nat': 'TR'}</msg>
<arg>${json_data['results'][0]}</arg>
<doc>Logs the given message with the given level.</doc>
<status status="PASS" start="2024-04-15T13:15:39.587783" elapsed="0.000436"/>
</kw>
<kw name="Log" owner="BuiltIn">
<msg time="2024-04-15T13:15:39.588664" level="INFO">gender</msg>
<arg>${key}</arg>
<doc>Logs the given message with the given level.</doc>
<status status="PASS" start="2024-04-15T13:15:39.588529" elapsed="0.000175"/>
</kw>
<var name="${key}">gender</var>
<status status="PASS" start="2024-04-15T13:15:39.586884" elapsed="0.002040"/>
</iter>
<iter>
<kw name="Dictionary Should Contain Key" owner="Collections">
<msg time="2024-04-15T13:15:39.589624" level="INFO">False</msg>
<arg>${json_data['results'][0]}</arg>
<arg>${key}</arg>
<doc>Fails if ``key`` is not found from ``dictionary``.</doc>
<status status="PASS" start="2024-04-15T13:15:39.589230" elapsed="0.000433"/>
</kw>
<kw name="Log" owner="BuiltIn">
<msg time="2024-04-15T13:15:39.590389" level="INFO">{'gender': 'male', 'name': {'title': 'Mr', 'first': 'Vedat', 'last': 'Sarıoğlu'}, 'location': {'street': {'number': 7472, 'name': 'Mevlana Cd'}, 'city': 'Van', 'state': 'Aydın', 'country': 'Turkey', 'postcode': 24545, 'coordinates': {'latitude': '70.9016', 'longitude': '-19.6896'}, 'timezone': {'offset': '-6:00', 'description': 'Central Time (US &amp; Canada), Mexico City'}}, 'email': 'vedat.sarioglu@example.com', 'login': {'uuid': 'fb3bec12-4593-4ac7-bb4d-3d5cda8ccd39', 'username': 'crazyswan302', 'password': 'portland', 'salt': 'qvKoOYCE', 'md5': '72cff8d959d60fd4f81033369c288e90', 'sha1': 'dfe12f8dd9d7d596e4dd55bc4902196e5b4e5b61', 'sha256': '04ee8e3ceea38feb2dccc9928e21e737cd1a1d2e1fe8fa12fdf7086afd0dd724'}, 'dob': {'date': '1992-10-28T14:44:34.017Z', 'age': 31}, 'registered': {'date': '2008-08-25T01:48:21.889Z', 'age': 15}, 'phone': '(865)-778-1515', 'cell': '(723)-796-1417', 'id': {'name': '', 'value': None}, 'picture': {'large': 'https://randomuser.me/api/portraits/men/77.jpg', 'medium': 'https://randomuser.me/api/portraits/med/men/77.jpg', 'thumbnail': 'https://randomuser.me/api/portraits/thumb/men/77.jpg'}, 'nat': 'TR'}</msg>
<arg>${json_data['results'][0]}</arg>
<doc>Logs the given message with the given level.</doc>
<status status="PASS" start="2024-04-15T13:15:39.590015" elapsed="0.000426"/>
</kw>
<kw name="Log" owner="BuiltIn">
<msg time="2024-04-15T13:15:39.590875" level="INFO">name</msg>
<arg>${key}</arg>
<doc>Logs the given message with the given level.</doc>
<status status="PASS" start="2024-04-15T13:15:39.590744" elapsed="0.000170"/>
</kw>
<var name="${key}">name</var>
<status status="PASS" start="2024-04-15T13:15:39.589114" elapsed="0.002021"/>
</iter>
<iter>
<kw name="Dictionary Should Contain Key" owner="Collections">
<msg time="2024-04-15T13:15:39.591814" level="INFO">False</msg>
<arg>${json_data['results'][0]}</arg>
<arg>${key}</arg>
<doc>Fails if ``key`` is not found from ``dictionary``.</doc>
<status status="PASS" start="2024-04-15T13:15:39.591427" elapsed="0.000426"/>
</kw>
<kw name="Log" owner="BuiltIn">
<msg time="2024-04-15T13:15:39.592524" level="INFO">{'gender': 'male', 'name': {'title': 'Mr', 'first': 'Vedat', 'last': 'Sarıoğlu'}, 'location': {'street': {'number': 7472, 'name': 'Mevlana Cd'}, 'city': 'Van', 'state': 'Aydın', 'country': 'Turkey', 'postcode': 24545, 'coordinates': {'latitude': '70.9016', 'longitude': '-19.6896'}, 'timezone': {'offset': '-6:00', 'description': 'Central Time (US &amp; Canada), Mexico City'}}, 'email': 'vedat.sarioglu@example.com', 'login': {'uuid': 'fb3bec12-4593-4ac7-bb4d-3d5cda8ccd39', 'username': 'crazyswan302', 'password': 'portland', 'salt': 'qvKoOYCE', 'md5': '72cff8d959d60fd4f81033369c288e90', 'sha1': 'dfe12f8dd9d7d596e4dd55bc4902196e5b4e5b61', 'sha256': '04ee8e3ceea38feb2dccc9928e21e737cd1a1d2e1fe8fa12fdf7086afd0dd724'}, 'dob': {'date': '1992-10-28T14:44:34.017Z', 'age': 31}, 'registered': {'date': '2008-08-25T01:48:21.889Z', 'age': 15}, 'phone': '(865)-778-1515', 'cell': '(723)-796-1417', 'id': {'name': '', 'value': None}, 'picture': {'large': 'https://randomuser.me/api/portraits/men/77.jpg', 'medium': 'https://randomuser.me/api/portraits/med/men/77.jpg', 'thumbnail': 'https://randomuser.me/api/portraits/thumb/men/77.jpg'}, 'nat': 'TR'}</msg>
<arg>${json_data['results'][0]}</arg>
<doc>Logs the given message with the given level.</doc>
<status status="PASS" start="2024-04-15T13:15:39.592154" elapsed="0.000422"/>
</kw>
<kw name="Log" owner="BuiltIn">
<msg time="2024-04-15T13:15:39.593013" level="INFO">location</msg>
<arg>${key}</arg>
<doc>Logs the given message with the given level.</doc>
<status status="PASS" start="2024-04-15T13:15:39.592882" elapsed="0.000169"/>
</kw>
<var name="${key}">location</var>
<status status="PASS" start="2024-04-15T13:15:39.591316" elapsed="0.001954"/>
</iter>
<iter>
<kw name="Dictionary Should Contain Key" owner="Collections">
<msg time="2024-04-15T13:15:39.593976" level="INFO">False</msg>
<arg>${json_data['results'][0]}</arg>
<arg>${key}</arg>
<doc>Fails if ``key`` is not found from ``dictionary``.</doc>
<status status="PASS" start="2024-04-15T13:15:39.593561" elapsed="0.000454"/>
</kw>
<kw name="Log" owner="BuiltIn">
<msg time="2024-04-15T13:15:39.594685" level="INFO">{'gender': 'male', 'name': {'title': 'Mr', 'first': 'Vedat', 'last': 'Sarıoğlu'}, 'location': {'street': {'number': 7472, 'name': 'Mevlana Cd'}, 'city': 'Van', 'state': 'Aydın', 'country': 'Turkey', 'postcode': 24545, 'coordinates': {'latitude': '70.9016', 'longitude': '-19.6896'}, 'timezone': {'offset': '-6:00', 'description': 'Central Time (US &amp; Canada), Mexico City'}}, 'email': 'vedat.sarioglu@example.com', 'login': {'uuid': 'fb3bec12-4593-4ac7-bb4d-3d5cda8ccd39', 'username': 'crazyswan302', 'password': 'portland', 'salt': 'qvKoOYCE', 'md5': '72cff8d959d60fd4f81033369c288e90', 'sha1': 'dfe12f8dd9d7d596e4dd55bc4902196e5b4e5b61', 'sha256': '04ee8e3ceea38feb2dccc9928e21e737cd1a1d2e1fe8fa12fdf7086afd0dd724'}, 'dob': {'date': '1992-10-28T14:44:34.017Z', 'age': 31}, 'registered': {'date': '2008-08-25T01:48:21.889Z', 'age': 15}, 'phone': '(865)-778-1515', 'cell': '(723)-796-1417', 'id': {'name': '', 'value': None}, 'picture': {'large': 'https://randomuser.me/api/portraits/men/77.jpg', 'medium': 'https://randomuser.me/api/portraits/med/men/77.jpg', 'thumbnail': 'https://randomuser.me/api/portraits/thumb/men/77.jpg'}, 'nat': 'TR'}</msg>
<arg>${json_data['results'][0]}</arg>
<doc>Logs the given message with the given level.</doc>
<status status="PASS" start="2024-04-15T13:15:39.594315" elapsed="0.000422"/>
</kw>
<kw name="Log" owner="BuiltIn">
<msg time="2024-04-15T13:15:39.595165" level="INFO">email</msg>
<arg>${key}</arg>
<doc>Logs the given message with the given level.</doc>
<status status="PASS" start="2024-04-15T13:15:39.595036" elapsed="0.000167"/>
</kw>
<var name="${key}">email</var>
<status status="PASS" start="2024-04-15T13:15:39.593447" elapsed="0.001972"/>
</iter>
<iter>
<kw name="Dictionary Should Contain Key" owner="Collections">
<msg time="2024-04-15T13:15:39.596107" level="INFO">False</msg>
<arg>${json_data['results'][0]}</arg>
<arg>${key}</arg>
<doc>Fails if ``key`` is not found from ``dictionary``.</doc>
<status status="PASS" start="2024-04-15T13:15:39.595720" elapsed="0.000425"/>
</kw>
<kw name="Log" owner="BuiltIn">
<msg time="2024-04-15T13:15:39.596818" level="INFO">{'gender': 'male', 'name': {'title': 'Mr', 'first': 'Vedat', 'last': 'Sarıoğlu'}, 'location': {'street': {'number': 7472, 'name': 'Mevlana Cd'}, 'city': 'Van', 'state': 'Aydın', 'country': 'Turkey', 'postcode': 24545, 'coordinates': {'latitude': '70.9016', 'longitude': '-19.6896'}, 'timezone': {'offset': '-6:00', 'description': 'Central Time (US &amp; Canada), Mexico City'}}, 'email': 'vedat.sarioglu@example.com', 'login': {'uuid': 'fb3bec12-4593-4ac7-bb4d-3d5cda8ccd39', 'username': 'crazyswan302', 'password': 'portland', 'salt': 'qvKoOYCE', 'md5': '72cff8d959d60fd4f81033369c288e90', 'sha1': 'dfe12f8dd9d7d596e4dd55bc4902196e5b4e5b61', 'sha256': '04ee8e3ceea38feb2dccc9928e21e737cd1a1d2e1fe8fa12fdf7086afd0dd724'}, 'dob': {'date': '1992-10-28T14:44:34.017Z', 'age': 31}, 'registered': {'date': '2008-08-25T01:48:21.889Z', 'age': 15}, 'phone': '(865)-778-1515', 'cell': '(723)-796-1417', 'id': {'name': '', 'value': None}, 'picture': {'large': 'https://randomuser.me/api/portraits/men/77.jpg', 'medium': 'https://randomuser.me/api/portraits/med/men/77.jpg', 'thumbnail': 'https://randomuser.me/api/portraits/thumb/men/77.jpg'}, 'nat': 'TR'}</msg>
<arg>${json_data['results'][0]}</arg>
<doc>Logs the given message with the given level.</doc>
<status status="PASS" start="2024-04-15T13:15:39.596442" elapsed="0.000428"/>
</kw>
<kw name="Log" owner="BuiltIn">
<msg time="2024-04-15T13:15:39.597297" level="INFO">login</msg>
<arg>${key}</arg>
<doc>Logs the given message with the given level.</doc>
<status status="PASS" start="2024-04-15T13:15:39.597169" elapsed="0.000166"/>
</kw>
<var name="${key}">login</var>
<status status="PASS" start="2024-04-15T13:15:39.595602" elapsed="0.001950"/>
</iter>
<var>${key}</var>
<value>@{expected_keys}</value>
<status status="PASS" start="2024-04-15T13:15:39.586685" elapsed="0.011048"/>
</for>
<kw name="Create List" owner="BuiltIn">
<msg time="2024-04-15T13:15:39.598086" level="INFO">${expected_keysTwo} = ['username', 'password']</msg>
<var>${expected_keysTwo}</var>
<arg>username</arg>
<arg>password</arg>
<doc>Returns a list containing given items.</doc>
<status status="PASS" start="2024-04-15T13:15:39.597946" elapsed="0.000165"/>
</kw>
<for flavor="IN">
<iter>
<kw name="Dictionary Should Contain Key" owner="Collections">
<msg time="2024-04-15T13:15:39.599050" level="INFO">False</msg>
<arg>${json_data['results'][0]['login']}</arg>
<arg>${keyTwo}</arg>
<doc>Fails if ``key`` is not found from ``dictionary``.</doc>
<status status="PASS" start="2024-04-15T13:15:39.598644" elapsed="0.000445"/>
</kw>
<kw name="Dictionary Should Contain Key" owner="Collections">
<msg time="2024-04-15T13:15:39.599790" level="INFO">False</msg>
<arg>${json_data['results'][0]['login']}</arg>
<arg>${keyTwo}</arg>
<doc>Fails if ``key`` is not found from ``dictionary``.</doc>
<status status="PASS" start="2024-04-15T13:15:39.599392" elapsed="0.000439"/>
</kw>
<kw name="Log" owner="BuiltIn">
<msg time="2024-04-15T13:15:39.600262" level="INFO">username</msg>
<arg>${keyTwo}</arg>
<doc>Logs the given message with the given level.</doc>
<status status="PASS" start="2024-04-15T13:15:39.600134" elapsed="0.000167"/>
</kw>
<var name="${keyTwo}">username</var>
<status status="PASS" start="2024-04-15T13:15:39.598525" elapsed="0.001994"/>
</iter>
<iter>
<kw name="Dictionary Should Contain Key" owner="Collections">
<msg time="2024-04-15T13:15:39.601209" level="INFO">False</msg>
<arg>${json_data['results'][0]['login']}</arg>
<arg>${keyTwo}</arg>
<doc>Fails if ``key`` is not found from ``dictionary``.</doc>
<status status="PASS" start="2024-04-15T13:15:39.600806" elapsed="0.000441"/>
</kw>
<kw name="Dictionary Should Contain Key" owner="Collections">
<msg time="2024-04-15T13:15:39.602066" level="INFO">False</msg>
<arg>${json_data['results'][0]['login']}</arg>
<arg>${keyTwo}</arg>
<doc>Fails if ``key`` is not found from ``dictionary``.</doc>
<status status="PASS" start="2024-04-15T13:15:39.601550" elapsed="0.000558"/>
</kw>
<kw name="Log" owner="BuiltIn">
<msg time="2024-04-15T13:15:39.602535" level="INFO">password</msg>
<arg>${keyTwo}</arg>
<doc>Logs the given message with the given level.</doc>
<status status="PASS" start="2024-04-15T13:15:39.602407" elapsed="0.000165"/>
</kw>
<var name="${keyTwo}">password</var>
<status status="PASS" start="2024-04-15T13:15:39.600695" elapsed="0.002110"/>
</iter>
<var>${keyTwo}</var>
<value>@{expected_keysTwo}</value>
<status status="PASS" start="2024-04-15T13:15:39.598363" elapsed="0.004564"/>
</for>
<status status="PASS" start="2024-04-15T13:15:39.484027" elapsed="0.119053"/>
</kw>
<doc>Testa a estrutura da resposta da API.</doc>
<tag>testeEstruturaResposta</tag>
<status status="PASS" start="2024-04-15T13:15:39.483497" elapsed="0.119754"/>
</test>
<test id="s1-s1-t4" name="Validar tipos de dados" line="28">
<kw name="Teste de Tipos de Dados" owner="random-user-service">
<kw name="GET On Session" owner="RequestsLibrary">
<msg time="2024-04-15T13:15:39.683696" level="INFO">GET Request : url=https://randomuser.me/api 
 path_url=/api 
 headers={'User-Agent': 'python-requests/2.31.0', 'Accept-Encoding': 'gzip, deflate', 'Accept': '*/*', 'Connection': 'keep-alive'} 
 body=None 
 </msg>
<msg time="2024-04-15T13:15:39.683797" level="INFO">GET Response : url=https://randomuser.me/api 
 status=200, reason=OK 
 headers={'Date': 'Mon, 15 Apr 2024 13:15:39 GMT', 'Content-Type': 'application/json; charset=utf-8', 'Transfer-Encoding': 'chunked', 'Connection': 'keep-alive', 'X-Powered-By': 'Express', 'Access-Control-Allow-Origin': '*', 'Cache-Control': 'no-cache', 'ETag': 'W/"4ab-ddhZm8owBD5LHoYhyO/xIknsg2s"', 'Vary': 'Accept-Encoding', 'Content-Encoding': 'gzip', 'CF-Cache-Status': 'DYNAMIC', 'Report-To': '{"endpoints":[{"url":"https:\\/\\/a.nel.cloudflare.com\\/report\\/v4?s=T5Lp%2FPulH8WQEI2GYt0YHNpqpFUP9Z3gGPwcUQcZgl0GgB1nadH4KPnUW9SdXPQ2AYD6DPtfGsYWDq%2FzfBRlveNEwwheH3pql5SiCkxQcIc8pxt2ZLylmNUt42mlmc9D"}],"group":"cf-nel","max_age":604800}', 'NEL': '{"success_fraction":0,"report_to":"cf-nel","max_age":604800}', 'Server': 'cloudflare', 'CF-RAY': '874c34a48aac6207-ORD', 'alt-svc': 'h3=":443"; ma=86400'} 
 body={"results":[{"gender":"female","name":{"title":"Mrs","first":"Apollonia","last":"Linden"},"location":{"street":{"number":5527,"name":"Dorfstraße"},"city":"Hardegsen","state":"Mecklenburg-Vorpommern","country":"Germany","postcode":29378,"coordinates":{"latitude":"-53.6626","longitude":"71.6653"},"timezone":{"offset":"-3:00","description":"Brazil, Buenos Aires, Georgetown"}},"email":"apollonia.linden@example.com","login":{"uuid":"18658357-3c11-4f9c-b56b-a3264a7cb446","username":"sadostrich298","password":"granada","salt":"Xhg8KW7w","md5":"acb3dfecd043b00d3c239dbb726f7031","sha1":"a87c7b55f3c62de7752298dd7a931a61c8e7fb36","sha256":"7a5c961b5543b9e9cd58b4d7b681c460e8b0591bdc81c9e7eeff5744704a5584"},"dob":{"date":"1953-05-22T02:22:16.378Z","age":70},"registered":{"date":"2010-10-31T14:38:50.060Z","age":13},"phone":"0647-7234947","cell":"0178-1013213","id":{"name":"SVNR","value":"39 210553 L 850"},"picture":{"large":"https://randomuser.me/api/portraits/women/24.jpg","medium":"https://randomuser.me/api/portraits/med/women/24.jpg","thumbnail":"https://randomuser.me/api/portraits/thumb/women/24.jpg"},"nat":"DE"}],"info":{"seed":"955346b68d16645f","results":1,"page":1,"version":"1.4"}} 
 </msg>
<msg time="2024-04-15T13:15:39.683876" level="INFO">/opt/hostedtoolcache/Python/3.12.2/x64/lib/python3.12/site-packages/urllib3/connectionpool.py:1103: InsecureRequestWarning: Unverified HTTPS request is being made to host 'randomuser.me'. Adding certificate verification is strongly advised. See: https://urllib3.readthedocs.io/en/latest/advanced-usage.html#tls-warnings
  warnings.warn(</msg>
<msg time="2024-04-15T13:15:39.684000" level="INFO">${response} = &lt;Response [200]&gt;</msg>
<var>${response}</var>
<arg>consultarAPI</arg>
<arg>/api</arg>
<doc>Sends a GET request on a previously created HTTP Session.</doc>
<status status="PASS" start="2024-04-15T13:15:39.605857" elapsed="0.078178"/>
</kw>
<kw name="Set Variable" owner="BuiltIn">
<msg time="2024-04-15T13:15:39.685142" level="INFO">${json_data} = {'results': [{'gender': 'female', 'name': {'title': 'Mrs', 'first': 'Apollonia', 'last': 'Linden'}, 'location': {'street': {'number': 5527, 'name': 'Dorfstraße'}, 'city': 'Hardegsen', 'state': 'Meckle...</msg>
<var>${json_data}</var>
<arg>${response.json()}</arg>
<doc>Returns the given values which can then be assigned to a variables.</doc>
<status status="PASS" start="2024-04-15T13:15:39.684593" elapsed="0.000579"/>
</kw>
<kw name="Log" owner="BuiltIn">
<msg time="2024-04-15T13:15:39.685661" level="INFO">{'results': [{'gender': 'female', 'name': {'title': 'Mrs', 'first': 'Apollonia', 'last': 'Linden'}, 'location': {'street': {'number': 5527, 'name': 'Dorfstraße'}, 'city': 'Hardegsen', 'state': 'Mecklenburg-Vorpommern', 'country': 'Germany', 'postcode': 29378, 'coordinates': {'latitude': '-53.6626', 'longitude': '71.6653'}, 'timezone': {'offset': '-3:00', 'description': 'Brazil, Buenos Aires, Georgetown'}}, 'email': 'apollonia.linden@example.com', 'login': {'uuid': '18658357-3c11-4f9c-b56b-a3264a7cb446', 'username': 'sadostrich298', 'password': 'granada', 'salt': 'Xhg8KW7w', 'md5': 'acb3dfecd043b00d3c239dbb726f7031', 'sha1': 'a87c7b55f3c62de7752298dd7a931a61c8e7fb36', 'sha256': '7a5c961b5543b9e9cd58b4d7b681c460e8b0591bdc81c9e7eeff5744704a5584'}, 'dob': {'date': '1953-05-22T02:22:16.378Z', 'age': 70}, 'registered': {'date': '2010-10-31T14:38:50.060Z', 'age': 13}, 'phone': '0647-7234947', 'cell': '0178-1013213', 'id': {'name': 'SVNR', 'value': '39 210553 L 850'}, 'picture': {'large': 'https://randomuser.me/api/portraits/women/24.jpg', 'medium': 'https://randomuser.me/api/portraits/med/women/24.jpg', 'thumbnail': 'https://randomuser.me/api/portraits/thumb/women/24.jpg'}, 'nat': 'DE'}], 'info': {'seed': '955346b68d16645f', 'results': 1, 'page': 1, 'version': '1.4'}}</msg>
<arg>${json_data}</arg>
<doc>Logs the given message with the given level.</doc>
<status status="PASS" start="2024-04-15T13:15:39.685494" elapsed="0.000296"/>
</kw>
<kw name="Should Be String" owner="String">
<arg>${json_data['results'][0]['gender']}</arg>
<doc>Fails if the given ``item`` is not a string.</doc>
<status status="PASS" start="2024-04-15T13:15:39.686118" elapsed="0.000374"/>
</kw>
<kw name="Should Match Regexp" owner="BuiltIn">
<arg>${json_data['results'][0]['email']}</arg>
<arg>^[a-zA-Z0-9._%+-]+@[a-zA-Z0-9.-]+\.[a-zA-Z]{2,}$</arg>
<doc>Fails if ``string`` does not match ``pattern`` as a regular expression.</doc>
<status status="PASS" start="2024-04-15T13:15:39.686688" elapsed="0.000526"/>
</kw>
<kw name="Should Match Regexp" owner="BuiltIn">
<arg>${json_data['results'][0]['dob']['date']}</arg>
<arg>\\d{4}-\\d{2}-\\d{2}T\\d{2}:\\d{2}:\\d{2}\\.\\d{3}Z</arg>
<doc>Fails if ``string`` does not match ``pattern`` as a regular expression.</doc>
<status status="PASS" start="2024-04-15T13:15:39.687414" elapsed="0.000482"/>
</kw>
<kw name="Should Match Regexp" owner="BuiltIn">
<arg>${json_data['results'][0]['registered']['date']}</arg>
<arg>\\d{4}-\\d{2}-\\d{2}T\\d{2}:\\d{2}:\\d{2}\\.\\d{3}Z</arg>
<doc>Fails if ``string`` does not match ``pattern`` as a regular expression.</doc>
<status status="PASS" start="2024-04-15T13:15:39.688087" elapsed="0.000372"/>
</kw>
<kw name="Should Match Regexp" owner="BuiltIn">
<arg>${json_data['results'][0]['picture']['large']}</arg>
<arg>^https?://.*\.(?:png|jpe?g|gif|bmp)$</arg>
<doc>Fails if ``string`` does not match ``pattern`` as a regular expression.</doc>
<status status="PASS" start="2024-04-15T13:15:39.688646" elapsed="0.000465"/>
</kw>
<kw name="Should Match Regexp" owner="BuiltIn">
<arg>${json_data['results'][0]['picture']['medium']}</arg>
<arg>^https?://.*\.(?:png|jpe?g|gif|bmp)$</arg>
<doc>Fails if ``string`` does not match ``pattern`` as a regular expression.</doc>
<status status="PASS" start="2024-04-15T13:15:39.689301" elapsed="0.000353"/>
</kw>
<kw name="Should Match Regexp" owner="BuiltIn">
<arg>${json_data['results'][0]['picture']['thumbnail']}</arg>
<arg>^https?://.*\.(?:png|jpe?g|gif|bmp)$</arg>
<doc>Fails if ``string`` does not match ``pattern`` as a regular expression.</doc>
<status status="PASS" start="2024-04-15T13:15:39.689896" elapsed="0.000364"/>
</kw>
<kw name="Log" owner="BuiltIn">
<msg time="2024-04-15T13:15:39.690774" level="INFO">{'large': 'https://randomuser.me/api/portraits/women/24.jpg', 'medium': 'https://randomuser.me/api/portraits/med/women/24.jpg', 'thumbnail': 'https://randomuser.me/api/portraits/thumb/women/24.jpg'}</msg>
<arg>${json_data['results'][0]['picture']}</arg>
<doc>Logs the given message with the given level.</doc>
<status status="PASS" start="2024-04-15T13:15:39.690444" elapsed="0.000372"/>
</kw>
<status status="PASS" start="2024-04-15T13:15:39.605593" elapsed="0.085483"/>
</kw>
<kw name="Teste de Tipos de Dados - Postcode" owner="random-user-service">
<kw name="GET On Session" owner="RequestsLibrary">
<msg time="2024-04-15T13:15:39.785207" level="INFO">GET Request : url=https://randomuser.me/api 
 path_url=/api 
 headers={'User-Agent': 'python-requests/2.31.0', 'Accept-Encoding': 'gzip, deflate', 'Accept': '*/*', 'Connection': 'keep-alive'} 
 body=None 
 </msg>
<msg time="2024-04-15T13:15:39.785322" level="INFO">GET Response : url=https://randomuser.me/api 
 status=200, reason=OK 
 headers={'Date': 'Mon, 15 Apr 2024 13:15:39 GMT', 'Content-Type': 'application/json; charset=utf-8', 'Transfer-Encoding': 'chunked', 'Connection': 'keep-alive', 'X-Powered-By': 'Express', 'Access-Control-Allow-Origin': '*', 'Cache-Control': 'no-cache', 'ETag': 'W/"473-NA9sWK7f2QjmAkT6GLwoJSLeS4E"', 'Vary': 'Accept-Encoding', 'Content-Encoding': 'gzip', 'CF-Cache-Status': 'DYNAMIC', 'Report-To': '{"endpoints":[{"url":"https:\\/\\/a.nel.cloudflare.com\\/report\\/v4?s=Ve38BKkMZEMY0KtnfDV1QYZIGjSqU8fa6VVGiWU1w0tHgHBU7F3omkTylMkBFz7TM5VDalPj6XcUJc5hhamTw8s81kq8Y1Z9hGJbbHGKyAQ4zXEYGL7blvQ1tFQJ9zE6"}],"group":"cf-nel","max_age":604800}', 'NEL': '{"success_fraction":0,"report_to":"cf-nel","max_age":604800}', 'Server': 'cloudflare', 'CF-RAY': '874c34a51b556207-ORD', 'alt-svc': 'h3=":443"; ma=86400'} 
 body={"results":[{"gender":"male","name":{"title":"Mr","first":"Rasmus","last":"Petersen"},"location":{"street":{"number":9803,"name":"Astrupvej"},"city":"Roedovre","state":"Midtjylland","country":"Denmark","postcode":72665,"coordinates":{"latitude":"-45.7005","longitude":"-128.7545"},"timezone":{"offset":"+5:45","description":"Kathmandu"}},"email":"rasmus.petersen@example.com","login":{"uuid":"ccbf0a6b-e19f-4026-966b-fc5e10092dc4","username":"greenpeacock960","password":"gladiato","salt":"5hJ9alzK","md5":"fda8103bebbe65458461aa05abcff667","sha1":"5a3a76c454afb2285928b73694f81c369f685d4c","sha256":"b6ab7e0197897dd33d58b2cd367c4b433b01539be42a4fa87bad54c72cb156db"},"dob":{"date":"1989-02-18T04:34:09.720Z","age":35},"registered":{"date":"2009-07-22T18:53:10.207Z","age":14},"phone":"10051872","cell":"62147139","id":{"name":"CPR","value":"170289-4017"},"picture":{"large":"https://randomuser.me/api/portraits/men/93.jpg","medium":"https://randomuser.me/api/portraits/med/men/93.jpg","thumbnail":"https://randomuser.me/api/portraits/thumb/men/93.jpg"},"nat":"DK"}],"info":{"seed":"31e6db790c9976d2","results":1,"page":1,"version":"1.4"}} 
 </msg>
<msg time="2024-04-15T13:15:39.785408" level="INFO">/opt/hostedtoolcache/Python/3.12.2/x64/lib/python3.12/site-packages/urllib3/connectionpool.py:1103: InsecureRequestWarning: Unverified HTTPS request is being made to host 'randomuser.me'. Adding certificate verification is strongly advised. See: https://urllib3.readthedocs.io/en/latest/advanced-usage.html#tls-warnings
  warnings.warn(</msg>
<msg time="2024-04-15T13:15:39.785551" level="INFO">${response} = &lt;Response [200]&gt;</msg>
<var>${response}</var>
<arg>consultarAPI</arg>
<arg>/api</arg>
<doc>Sends a GET request on a previously created HTTP Session.</doc>
<status status="PASS" start="2024-04-15T13:15:39.691560" elapsed="0.094042"/>
</kw>
<kw name="Set Variable" owner="BuiltIn">
<msg time="2024-04-15T13:15:39.786738" level="INFO">${json_data} = {'results': [{'gender': 'male', 'name': {'title': 'Mr', 'first': 'Rasmus', 'last': 'Petersen'}, 'location': {'street': {'number': 9803, 'name': 'Astrupvej'}, 'city': 'Roedovre', 'state': 'Midtjylland'...</msg>
<var>${json_data}</var>
<arg>${response.json()}</arg>
<doc>Returns the given values which can then be assigned to a variables.</doc>
<status status="PASS" start="2024-04-15T13:15:39.786199" elapsed="0.000569"/>
</kw>
<kw name="Log" owner="BuiltIn">
<msg time="2024-04-15T13:15:39.787257" level="INFO">{'results': [{'gender': 'male', 'name': {'title': 'Mr', 'first': 'Rasmus', 'last': 'Petersen'}, 'location': {'street': {'number': 9803, 'name': 'Astrupvej'}, 'city': 'Roedovre', 'state': 'Midtjylland', 'country': 'Denmark', 'postcode': 72665, 'coordinates': {'latitude': '-45.7005', 'longitude': '-128.7545'}, 'timezone': {'offset': '+5:45', 'description': 'Kathmandu'}}, 'email': 'rasmus.petersen@example.com', 'login': {'uuid': 'ccbf0a6b-e19f-4026-966b-fc5e10092dc4', 'username': 'greenpeacock960', 'password': 'gladiato', 'salt': '5hJ9alzK', 'md5': 'fda8103bebbe65458461aa05abcff667', 'sha1': '5a3a76c454afb2285928b73694f81c369f685d4c', 'sha256': 'b6ab7e0197897dd33d58b2cd367c4b433b01539be42a4fa87bad54c72cb156db'}, 'dob': {'date': '1989-02-18T04:34:09.720Z', 'age': 35}, 'registered': {'date': '2009-07-22T18:53:10.207Z', 'age': 14}, 'phone': '10051872', 'cell': '62147139', 'id': {'name': 'CPR', 'value': '170289-4017'}, 'picture': {'large': 'https://randomuser.me/api/portraits/men/93.jpg', 'medium': 'https://randomuser.me/api/portraits/med/men/93.jpg', 'thumbnail': 'https://randomuser.me/api/portraits/thumb/men/93.jpg'}, 'nat': 'DK'}], 'info': {'seed': '31e6db790c9976d2', 'results': 1, 'page': 1, 'version': '1.4'}}</msg>
<arg>${json_data}</arg>
<doc>Logs the given message with the given level.</doc>
<status status="PASS" start="2024-04-15T13:15:39.787089" elapsed="0.000251"/>
</kw>
<kw name="Should Be Equal As Numbers" owner="BuiltIn">
<arg>${json_data['results'][0]['location']['postcode']}</arg>
<arg>${json_data['results'][0]['location']['postcode']}</arg>
<doc>Fails if objects are unequal after converting them to real numbers.</doc>
<status status="PASS" start="2024-04-15T13:15:39.787646" elapsed="0.000823"/>
</kw>
<kw name="Log" owner="BuiltIn">
<msg time="2024-04-15T13:15:39.789010" level="INFO">72665</msg>
<arg>${json_data['results'][0]['location']['postcode']}</arg>
<doc>Logs the given message with the given level.</doc>
<status status="PASS" start="2024-04-15T13:15:39.788666" elapsed="0.000386"/>
</kw>
<status status="PASS" start="2024-04-15T13:15:39.691314" elapsed="0.097999"/>
</kw>
<doc>Testa se os tipos de dados na resposta da API estão corretos.</doc>
<tag>testeTiposDados</tag>
<status status="PASS" start="2024-04-15T13:15:39.605089" elapsed="0.184401"/>
</test>
<test id="s1-s1-t5" name="Validar conteudo" line="35">
<kw name="Teste de Tipos de Conteudo" owner="random-user-service">
<kw name="GET On Session" owner="RequestsLibrary">
<msg time="2024-04-15T13:15:39.880777" level="INFO">GET Request : url=https://randomuser.me/api 
 path_url=/api 
 headers={'User-Agent': 'python-requests/2.31.0', 'Accept-Encoding': 'gzip, deflate', 'Accept': '*/*', 'Connection': 'keep-alive'} 
 body=None 
 </msg>
<msg time="2024-04-15T13:15:39.880900" level="INFO">GET Response : url=https://randomuser.me/api 
 status=200, reason=OK 
 headers={'Date': 'Mon, 15 Apr 2024 13:15:39 GMT', 'Content-Type': 'application/json; charset=utf-8', 'Transfer-Encoding': 'chunked', 'Connection': 'keep-alive', 'X-Powered-By': 'Express', 'Access-Control-Allow-Origin': '*', 'Cache-Control': 'no-cache', 'ETag': 'W/"4a8-VqNtnI+9naitXlF6SY9nJ4BYtpA"', 'Vary': 'Accept-Encoding', 'Content-Encoding': 'gzip', 'CF-Cache-Status': 'DYNAMIC', 'Report-To': '{"endpoints":[{"url":"https:\\/\\/a.nel.cloudflare.com\\/report\\/v4?s=FAjgOgHL2Q9ATH3qzwOcihZLZ0mofjeTvMaRRMsygcARoR9EwsN0g4cXODSC5LXhUP81tmg1Nrqp4MGGyG2zDRjTmSGkIMympXw%2FUyFJRMiXeSq%2FlimL5YaU8M%2FAsJZ%2F"}],"group":"cf-nel","max_age":604800}', 'NEL': '{"success_fraction":0,"report_to":"cf-nel","max_age":604800}', 'Server': 'cloudflare', 'CF-RAY': '874c34a5bbfc6207-ORD', 'alt-svc': 'h3=":443"; ma=86400'} 
 body={"results":[{"gender":"male","name":{"title":"Mr","first":"Wendolin","last":"Barela"},"location":{"street":{"number":5220,"name":"Callejón Sur Naranjo"},"city":"Tulancingo","state":"Estado de Mexico","country":"Mexico","postcode":28079,"coordinates":{"latitude":"26.9826","longitude":"-25.7563"},"timezone":{"offset":"-3:00","description":"Brazil, Buenos Aires, Georgetown"}},"email":"wendolin.barela@example.com","login":{"uuid":"f1583e53-6930-404b-bbcf-701f95538bbd","username":"smallzebra517","password":"playmate","salt":"zModbqTl","md5":"5a01ceeffe5a490f20934933453d6007","sha1":"1e729493b7da1bea21fee3f06ee24bab3e701159","sha256":"15d80587206e1e16cc898f4e9ddc91a7eb225253235af34f29de0b8308cacd57"},"dob":{"date":"1947-11-20T14:18:16.928Z","age":76},"registered":{"date":"2003-08-22T12:11:37.616Z","age":20},"phone":"(663) 325 7681","cell":"(664) 310 4860","id":{"name":"NSS","value":"64 54 30 9215 2"},"picture":{"large":"https://randomuser.me/api/portraits/men/97.jpg","medium":"https://randomuser.me/api/portraits/med/men/97.jpg","thumbnail":"https://randomuser.me/api/portraits/thumb/men/97.jpg"},"nat":"MX"}],"info":{"seed":"e2f7c261eb419fb9","results":1,"page":1,"version":"1.4"}} 
 </msg>
<msg time="2024-04-15T13:15:39.880987" level="INFO">/opt/hostedtoolcache/Python/3.12.2/x64/lib/python3.12/site-packages/urllib3/connectionpool.py:1103: InsecureRequestWarning: Unverified HTTPS request is being made to host 'randomuser.me'. Adding certificate verification is strongly advised. See: https://urllib3.readthedocs.io/en/latest/advanced-usage.html#tls-warnings
  warnings.warn(</msg>
<msg time="2024-04-15T13:15:39.881112" level="INFO">${response} = &lt;Response [200]&gt;</msg>
<var>${response}</var>
<arg>consultarAPI</arg>
<arg>/api</arg>
<doc>Sends a GET request on a previously created HTTP Session.</doc>
<status status="PASS" start="2024-04-15T13:15:39.792552" elapsed="0.088592"/>
</kw>
<kw name="Set Variable" owner="BuiltIn">
<msg time="2024-04-15T13:15:39.882314" level="INFO">${json_data} = {'results': [{'gender': 'male', 'name': {'title': 'Mr', 'first': 'Wendolin', 'last': 'Barela'}, 'location': {'street': {'number': 5220, 'name': 'Callejón Sur Naranjo'}, 'city': 'Tulancingo', 'state': ...</msg>
<var>${json_data}</var>
<arg>${response.json()}</arg>
<doc>Returns the given values which can then be assigned to a variables.</doc>
<status status="PASS" start="2024-04-15T13:15:39.881769" elapsed="0.000575"/>
</kw>
<kw name="Set Variable" owner="BuiltIn">
<msg time="2024-04-15T13:15:39.883057" level="INFO">${name_title} = Mr</msg>
<var>${name_title}</var>
<arg>${json_data["results"][0]["name"]["title"]}</arg>
<doc>Returns the given values which can then be assigned to a variables.</doc>
<status status="PASS" start="2024-04-15T13:15:39.882661" elapsed="0.000422"/>
</kw>
<kw name="Create List" owner="BuiltIn">
<msg time="2024-04-15T13:15:39.883539" level="INFO">${allowed_titles} = ['Mr', 'Ms', 'Miss', 'Mrs', 'Madame', 'Monsieur']</msg>
<var>${allowed_titles}</var>
<arg>Mr</arg>
<arg>Ms</arg>
<arg>Miss</arg>
<arg>Mrs</arg>
<arg>Madame</arg>
<arg>Monsieur</arg>
<doc>Returns a list containing given items.</doc>
<status status="PASS" start="2024-04-15T13:15:39.883387" elapsed="0.000177"/>
</kw>
<kw name="List Should Contain Value" owner="Collections">
<msg time="2024-04-15T13:15:39.884047" level="INFO">False</msg>
<arg>${allowed_titles}</arg>
<arg>${name_title}</arg>
<doc>Fails if the ``value`` is not found from ``list``.</doc>
<status status="PASS" start="2024-04-15T13:15:39.883869" elapsed="0.000217"/>
</kw>
<kw name="Set Variable" owner="BuiltIn">
<msg time="2024-04-15T13:15:39.884789" level="INFO">${name_country} = MX</msg>
<var>${name_country}</var>
<arg>${json_data["results"][0]["nat"]}</arg>
<doc>Returns the given values which can then be assigned to a variables.</doc>
<status status="PASS" start="2024-04-15T13:15:39.884394" elapsed="0.000421"/>
</kw>
<kw name="Create List" owner="BuiltIn">
<msg time="2024-04-15T13:15:39.885759" level="INFO">${list_country} = ['AD', 'AE', 'AF', 'AG', 'AI', 'AL', 'AM', 'AO', 'AQ', 'AR', 'AS', 'AT', 'AU', 'AW', 'AX', 'AZ', 'BA', 'BB', 'BD', 'BE', 'BF', 'BG', 'BH', 'BI', 'BJ', 'BL', 'BM', 'BN', 'BO', 'BQ', 'BR', 'BS', 'BT', '...</msg>
<var>${list_country}</var>
<arg>AD</arg>
<arg>AE</arg>
<arg>AF</arg>
<arg>AG</arg>
<arg>AI</arg>
<arg>AL</arg>
<arg>AM</arg>
<arg>AO</arg>
<arg>AQ</arg>
<arg>AR</arg>
<arg>AS</arg>
<arg>AT</arg>
<arg>AU</arg>
<arg>AW</arg>
<arg>AX</arg>
<arg>AZ</arg>
<arg>BA</arg>
<arg>BB</arg>
<arg>BD</arg>
<arg>BE</arg>
<arg>BF</arg>
<arg>BG</arg>
<arg>BH</arg>
<arg>BI</arg>
<arg>BJ</arg>
<arg>BL</arg>
<arg>BM</arg>
<arg>BN</arg>
<arg>BO</arg>
<arg>BQ</arg>
<arg>BR</arg>
<arg>BS</arg>
<arg>BT</arg>
<arg>BV</arg>
<arg>BW</arg>
<arg>BY</arg>
<arg>BZ</arg>
<arg>CA</arg>
<arg>CC</arg>
<arg>CD</arg>
<arg>CF</arg>
<arg>CG</arg>
<arg>CH</arg>
<arg>CI</arg>
<arg>CK</arg>
<arg>CL</arg>
<arg>CM</arg>
<arg>CN</arg>
<arg>CO</arg>
<arg>CR</arg>
<arg>CU</arg>
<arg>CV</arg>
<arg>CW</arg>
<arg>CX</arg>
<arg>CY</arg>
<arg>CZ</arg>
<arg>DE</arg>
<arg>DJ</arg>
<arg>DK</arg>
<arg>DM</arg>
<arg>DO</arg>
<arg>DZ</arg>
<arg>EC</arg>
<arg>EE</arg>
<arg>EG</arg>
<arg>EH</arg>
<arg>ER</arg>
<arg>ES</arg>
<arg>ET</arg>
<arg>FI</arg>
<arg>FJ</arg>
<arg>FK</arg>
<arg>FM</arg>
<arg>FO</arg>
<arg>FR</arg>
<arg>GA</arg>
<arg>GB</arg>
<arg>GD</arg>
<arg>GE</arg>
<arg>GF</arg>
<arg>GG</arg>
<arg>GH</arg>
<arg>GI</arg>
<arg>GL</arg>
<arg>GM</arg>
<arg>GN</arg>
<arg>GP</arg>
<arg>GQ</arg>
<arg>GR</arg>
<arg>GS</arg>
<arg>GT</arg>
<arg>GU</arg>
<arg>GW</arg>
<arg>GY</arg>
<arg>HK</arg>
<arg>HM</arg>
<arg>HN</arg>
<arg>HR</arg>
<arg>HT</arg>
<arg>HU</arg>
<arg>ID</arg>
<arg>IE</arg>
<arg>IL</arg>
<arg>IM</arg>
<arg>IN</arg>
<arg>IO</arg>
<arg>IQ</arg>
<arg>IR</arg>
<arg>IS</arg>
<arg>IT</arg>
<arg>JE</arg>
<arg>JM</arg>
<arg>JO</arg>
<arg>JP</arg>
<arg>KE</arg>
<arg>KG</arg>
<arg>KH</arg>
<arg>KI</arg>
<arg>KM</arg>
<arg>KN</arg>
<arg>KP</arg>
<arg>KR</arg>
<arg>KW</arg>
<arg>KY</arg>
<arg>KZ</arg>
<arg>LA</arg>
<arg>LB</arg>
<arg>LC</arg>
<arg>LI</arg>
<arg>LK</arg>
<arg>LR</arg>
<arg>LS</arg>
<arg>LT</arg>
<arg>LU</arg>
<arg>LV</arg>
<arg>LY</arg>
<arg>MA</arg>
<arg>MC</arg>
<arg>MD</arg>
<arg>ME</arg>
<arg>MF</arg>
<arg>MG</arg>
<arg>MH</arg>
<arg>MK</arg>
<arg>ML</arg>
<arg>MM</arg>
<arg>MN</arg>
<arg>MO</arg>
<arg>MP</arg>
<arg>MQ</arg>
<arg>MR</arg>
<arg>MS</arg>
<arg>MT</arg>
<arg>MU</arg>
<arg>MV</arg>
<arg>MW</arg>
<arg>MX</arg>
<arg>MY</arg>
<arg>MZ</arg>
<arg>NA</arg>
<arg>NC</arg>
<arg>NE</arg>
<arg>NF</arg>
<arg>NG</arg>
<arg>NI</arg>
<arg>NL</arg>
<arg>NO</arg>
<arg>NP</arg>
<arg>NR</arg>
<arg>NU</arg>
<arg>NZ</arg>
<arg>OM</arg>
<arg>PA</arg>
<arg>PE</arg>
<arg>PF</arg>
<arg>PG</arg>
<arg>PH</arg>
<arg>PK</arg>
<arg>PL</arg>
<arg>PM</arg>
<arg>PN</arg>
<arg>PR</arg>
<arg>PS</arg>
<arg>PT</arg>
<arg>PW</arg>
<arg>PY</arg>
<arg>QA</arg>
<arg>RE</arg>
<arg>RO</arg>
<arg>RS</arg>
<arg>RU</arg>
<arg>RW</arg>
<arg>SA</arg>
<arg>SB</arg>
<arg>SC</arg>
<arg>SD</arg>
<arg>SE</arg>
<arg>SG</arg>
<arg>SH</arg>
<arg>SI</arg>
<arg>SJ</arg>
<arg>SK</arg>
<arg>SL</arg>
<arg>SM</arg>
<arg>SN</arg>
<arg>SO</arg>
<arg>SR</arg>
<arg>SS</arg>
<arg>ST</arg>
<arg>SV</arg>
<arg>SX</arg>
<arg>SY</arg>
<arg>SZ</arg>
<arg>TC</arg>
<arg>TD</arg>
<arg>TF</arg>
<arg>TG</arg>
<arg>TH</arg>
<arg>TJ</arg>
<arg>TK</arg>
<arg>TL</arg>
<arg>TM</arg>
<arg>TN</arg>
<arg>TO</arg>
<arg>TR</arg>
<arg>TT</arg>
<arg>TV</arg>
<arg>TW</arg>
<arg>TZ</arg>
<arg>UA</arg>
<arg>UG</arg>
<arg>UM</arg>
<arg>US</arg>
<arg>UY</arg>
<arg>UZ</arg>
<arg>VA</arg>
<arg>VC</arg>
<arg>VE</arg>
<arg>VG</arg>
<arg>VI</arg>
<arg>VN</arg>
<arg>VU</arg>
<arg>WF</arg>
<arg>WS</arg>
<arg>XK</arg>
<arg>YE</arg>
<arg>YT</arg>
<arg>ZA</arg>
<arg>ZM</arg>
<arg>ZW</arg>
<doc>Returns a list containing given items.</doc>
<status status="PASS" start="2024-04-15T13:15:39.885124" elapsed="0.000662"/>
</kw>
<kw name="List Should Contain Value" owner="Collections">
<msg time="2024-04-15T13:15:39.886785" level="INFO">False</msg>
<arg>${list_country}</arg>
<arg>${name_country}</arg>
<doc>Fails if the ``value`` is not found from ``list``.</doc>
<status status="PASS" start="2024-04-15T13:15:39.886578" elapsed="0.000246"/>
</kw>
<kw name="Run Keyword If" owner="BuiltIn">
<kw name="Should Be True" owner="BuiltIn">
<arg>${True}</arg>
<doc>Fails if the given condition is not true.</doc>
<status status="PASS" start="2024-04-15T13:15:39.887908" elapsed="0.000147"/>
</kw>
<arg>${json_data["results"][0]["location"]["coordinates"]["latitude"]} &gt;= -90 and ${json_data["results"][0]["location"]["coordinates"]["latitude"]} &lt;= 90</arg>
<arg>Should Be True</arg>
<arg>${True}</arg>
<doc>Runs the given keyword with the given arguments, if ``condition`` is true.</doc>
<status status="PASS" start="2024-04-15T13:15:39.887146" elapsed="0.001039"/>
</kw>
<kw name="Run Keyword If" owner="BuiltIn">
<kw name="Should Be True" owner="BuiltIn">
<arg>${True}</arg>
<doc>Fails if the given condition is not true.</doc>
<status status="PASS" start="2024-04-15T13:15:39.889110" elapsed="0.000265"/>
</kw>
<arg>${json_data["results"][0]["location"]["coordinates"]["longitude"]} &gt;= -180 and ${json_data["results"][0]["location"]["coordinates"]["longitude"]} &lt;= 180</arg>
<arg>Should Be True</arg>
<arg>${True}</arg>
<doc>Runs the given keyword with the given arguments, if ``condition`` is true.</doc>
<status status="PASS" start="2024-04-15T13:15:39.888377" elapsed="0.001131"/>
</kw>
<status status="PASS" start="2024-04-15T13:15:39.792156" elapsed="0.097490"/>
</kw>
<doc>Testa o conteúdo específico dos campos retornados pela API.</doc>
<tag>testeConteudo</tag>
<status status="PASS" start="2024-04-15T13:15:39.791441" elapsed="0.098394"/>
</test>
<status status="PASS" start="2024-04-15T13:15:38.939892" elapsed="0.951912"/>
</suite>
<status status="PASS" start="2024-04-15T13:15:38.926130" elapsed="0.971045"/>
</suite>
<statistics>
<total>
<stat pass="5" fail="0" skip="0">All Tests</stat>
</total>
<tag>
<stat pass="1" fail="0" skip="0">testeConteudo</stat>
<stat pass="1" fail="0" skip="0">testeEstruturaResposta</stat>
<stat pass="1" fail="0" skip="0">testeRequisicaoBasica</stat>
<stat pass="1" fail="0" skip="0">testeTiposDados</stat>
</tag>
<suite>
<stat pass="5" fail="0" skip="0" id="s1" name="Tests">Tests</stat>
<stat pass="5" fail="0" skip="0" id="s1-s1" name="Random-User-Test">Tests.Random-User-Test</stat>
</suite>
</statistics>
<errors>
</errors>
</robot>
