<?xml version="1.0" encoding="UTF-8"?>
<robot generator="Robot 7.0 (Python 3.12.2 on linux)" generated="2024-04-12T10:15:11.039294" rpa="false" schemaversion="5">
<suite id="s1" name="Tests" source="/home/runner/work/DesafioQAItauRogerioJordao/DesafioQAItauRogerioJordao/RamdonUser/tests">
<suite id="s1-s1" name="Random-User-Test" source="/home/runner/work/DesafioQAItauRogerioJordao/DesafioQAItauRogerioJordao/RamdonUser/tests/random-user-test.robot">
<test id="s1-s1-t1" name="Conectar" line="13">
<kw name="Conectar API" owner="random-user-service">
<kw name="Create Session" owner="RequestsLibrary">
<msg time="2024-04-12T10:15:11.424312" level="INFO">Creating Session using : alias=consultarAPI, url=https://randomuser.me/, headers={},                     cookies={}, auth=None, timeout=None, proxies=None, verify=False,                     debug=0 </msg>
<arg>consultarAPI</arg>
<arg>${URL}</arg>
<doc>Create Session: create a HTTP session to a server</doc>
<status status="PASS" start="2024-04-12T10:15:11.424099" elapsed="0.000410"/>
</kw>
<status status="PASS" start="2024-04-12T10:15:11.423018" elapsed="0.001893"/>
</kw>
<status status="PASS" start="2024-04-12T10:15:11.422345" elapsed="0.002785"/>
</test>
<test id="s1-s1-t2" name="Validar retorno 200 e JSON Válido" line="16">
<kw name="Teste de Requisicao Basica" owner="random-user-service">
<kw name="GET On Session" owner="RequestsLibrary">
<msg time="2024-04-12T10:15:11.490981" level="INFO">GET Request : url=https://randomuser.me/api 
 path_url=/api 
 headers={'User-Agent': 'python-requests/2.31.0', 'Accept-Encoding': 'gzip, deflate', 'Accept': '*/*', 'Connection': 'keep-alive'} 
 body=None 
 </msg>
<msg time="2024-04-12T10:15:11.491176" level="INFO">GET Response : url=https://randomuser.me/api 
 status=200, reason=OK 
 headers={'Date': 'Fri, 12 Apr 2024 10:15:11 GMT', 'Content-Type': 'application/json; charset=utf-8', 'Transfer-Encoding': 'chunked', 'Connection': 'keep-alive', 'X-Powered-By': 'Express', 'Access-Control-Allow-Origin': '*', 'Cache-Control': 'no-cache', 'ETag': 'W/"49e-QdjY8ounxsfqPyur8hl9VV74SPk"', 'Vary': 'Accept-Encoding', 'Content-Encoding': 'gzip', 'CF-Cache-Status': 'DYNAMIC', 'Report-To': '{"endpoints":[{"url":"https:\\/\\/a.nel.cloudflare.com\\/report\\/v4?s=nj0G26E8QrWQGMvWa4SLpSypPPMp6YNiMMw5qEa4IpmQlajR0kXuR%2BKm8k8yLZHxJSKQVocMuu3Br88tqSc2Jxn3KAcLOAvX6RBG91Tujgdp2nmE215jC%2BzhiZcGxUsa"}],"group":"cf-nel","max_age":604800}', 'NEL': '{"success_fraction":0,"report_to":"cf-nel","max_age":604800}', 'Server': 'cloudflare', 'CF-RAY': '873274289cff396d-IAD', 'alt-svc': 'h3=":443"; ma=86400'} 
 body={"results":[{"gender":"male","name":{"title":"Mr","first":"Julius","last":"Koistinen"},"location":{"street":{"number":3784,"name":"Fredrikinkatu"},"city":"Tuusniemi","state":"Päijät-Häme","country":"Finland","postcode":93733,"coordinates":{"latitude":"-25.6455","longitude":"-141.6665"},"timezone":{"offset":"+4:00","description":"Abu Dhabi, Muscat, Baku, Tbilisi"}},"email":"julius.koistinen@example.com","login":{"uuid":"65a61e9e-6eff-4568-b8fc-50218f6071e0","username":"yellowrabbit398","password":"kimball","salt":"A498uAF0","md5":"d34723caa5e03eabc948b023e33e9830","sha1":"b1072d26a7856be213c7dedadc91ad079c2a15c1","sha256":"131e940f302bf581fdad8635d73e6d42b07607add4bcd83fa5f3c8cc45617533"},"dob":{"date":"1944-12-19T00:32:04.350Z","age":79},"registered":{"date":"2005-07-06T12:14:00.149Z","age":18},"phone":"06-930-409","cell":"040-601-69-04","id":{"name":"HETU","value":"NaNNA057undefined"},"picture":{"large":"https://randomuser.me/api/portraits/men/8.jpg","medium":"https://randomuser.me/api/portraits/med/men/8.jpg","thumbnail":"https://randomuser.me/api/portraits/thumb/men/8.jpg"},"nat":"FI"}],"info":{"seed":"2b6b6ffec15318b5","results":1,"page":1,"version":"1.4"}} 
 </msg>
<msg time="2024-04-12T10:15:11.491276" level="INFO">/opt/hostedtoolcache/Python/3.12.2/x64/lib/python3.12/site-packages/urllib3/connectionpool.py:1103: InsecureRequestWarning: Unverified HTTPS request is being made to host 'randomuser.me'. Adding certificate verification is strongly advised. See: https://urllib3.readthedocs.io/en/latest/advanced-usage.html#tls-warnings
  warnings.warn(</msg>
<msg time="2024-04-12T10:15:11.491450" level="INFO">${response} = &lt;Response [200]&gt;</msg>
<var>${response}</var>
<arg>consultarAPI</arg>
<arg>/api</arg>
<doc>Sends a GET request on a previously created HTTP Session.</doc>
<status status="PASS" start="2024-04-12T10:15:11.427918" elapsed="0.063573"/>
</kw>
<kw name="Should Be Equal As Numbers" owner="BuiltIn">
<msg time="2024-04-12T10:15:11.492826" level="INFO">Argument types are:
&lt;class 'int'&gt;
&lt;class 'str'&gt;</msg>
<arg>${response.status_code}</arg>
<arg>200</arg>
<doc>Fails if objects are unequal after converting them to real numbers.</doc>
<status status="PASS" start="2024-04-12T10:15:11.492302" elapsed="0.000637"/>
</kw>
<kw name="Log" owner="BuiltIn">
<msg time="2024-04-12T10:15:11.493666" level="INFO">200</msg>
<arg>${response.status_code}</arg>
<doc>Logs the given message with the given level.</doc>
<status status="PASS" start="2024-04-12T10:15:11.493308" elapsed="0.000402"/>
</kw>
<kw name="Set Variable" owner="BuiltIn">
<msg time="2024-04-12T10:15:11.494511" level="INFO">${json_data} = {'results': [{'gender': 'male', 'name': {'title': 'Mr', 'first': 'Julius', 'last': 'Koistinen'}, 'location': {'street': {'number': 3784, 'name': 'Fredrikinkatu'}, 'city': 'Tuusniemi', 'state': 'Päijät...</msg>
<var>${json_data}</var>
<arg>${response.json()}</arg>
<doc>Returns the given values which can then be assigned to a variables.</doc>
<status status="PASS" start="2024-04-12T10:15:11.494053" elapsed="0.000488"/>
</kw>
<kw name="Dictionary Should Contain Key" owner="Collections">
<msg time="2024-04-12T10:15:11.495024" level="INFO">False</msg>
<arg>${json_data}</arg>
<arg>results</arg>
<doc>Fails if ``key`` is not found from ``dictionary``.</doc>
<status status="PASS" start="2024-04-12T10:15:11.494849" elapsed="0.000225"/>
</kw>
<status status="PASS" start="2024-04-12T10:15:11.427644" elapsed="0.067691"/>
</kw>
<doc>Testa se a API responde corretamente e retorna um objeto JSON válido.</doc>
<tag>testeRequisicaoBasica</tag>
<status status="PASS" start="2024-04-12T10:15:11.427048" elapsed="0.068480"/>
</test>
<test id="s1-s1-t3" name="Validar estrutura de resposta" line="22">
<kw name="Teste de Estrutura de Resposta" owner="random-user-service">
<kw name="GET On Session" owner="RequestsLibrary">
<msg time="2024-04-12T10:15:11.590059" level="INFO">GET Request : url=https://randomuser.me/api 
 path_url=/api 
 headers={'User-Agent': 'python-requests/2.31.0', 'Accept-Encoding': 'gzip, deflate', 'Accept': '*/*', 'Connection': 'keep-alive'} 
 body=None 
 </msg>
<msg time="2024-04-12T10:15:11.590164" level="INFO">GET Response : url=https://randomuser.me/api 
 status=200, reason=OK 
 headers={'Date': 'Fri, 12 Apr 2024 10:15:11 GMT', 'Content-Type': 'application/json; charset=utf-8', 'Transfer-Encoding': 'chunked', 'Connection': 'keep-alive', 'X-Powered-By': 'Express', 'Access-Control-Allow-Origin': '*', 'Cache-Control': 'no-cache', 'ETag': 'W/"494-r1x6TiedY9fpR6lYdZr13ewTyaE"', 'Vary': 'Accept-Encoding', 'Content-Encoding': 'gzip', 'CF-Cache-Status': 'DYNAMIC', 'Report-To': '{"endpoints":[{"url":"https:\\/\\/a.nel.cloudflare.com\\/report\\/v4?s=syzYGPaDuvjbXZUVweIzconoM21JeIVRqazlgg%2BJPSO2lnYFgoA0NTYHZEmtVGWGct7vMqmEDct2B%2BuIKpqJyv8HIfCvX7Mqf5Qbg6dOt1lMWscDQBJniRK3xnVeW92k"}],"group":"cf-nel","max_age":604800}', 'NEL': '{"success_fraction":0,"report_to":"cf-nel","max_age":604800}', 'Server': 'cloudflare', 'CF-RAY': '87327428dd3b396d-IAD', 'alt-svc': 'h3=":443"; ma=86400'} 
 body={"results":[{"gender":"male","name":{"title":"Mr","first":"Virgil","last":"Banks"},"location":{"street":{"number":8662,"name":"Grange Road"},"city":"Coventry","state":"Cornwall","country":"United Kingdom","postcode":"Y58 8SL","coordinates":{"latitude":"-6.5480","longitude":"-18.2299"},"timezone":{"offset":"-7:00","description":"Mountain Time (US &amp; Canada)"}},"email":"virgil.banks@example.com","login":{"uuid":"f03d342b-5158-4767-8116-a435583799cd","username":"beautifulgorilla699","password":"beacon","salt":"wgvFByEb","md5":"a4f8a95f564959252dee8213a5835b51","sha1":"1a1c84cb194a3c8f7edefe60a5120492f992a50a","sha256":"6c3d0405586bf31a9a72b628fba37417d2c84059c053612c87c2d1dd3b688a9d"},"dob":{"date":"1960-02-12T15:42:06.854Z","age":64},"registered":{"date":"2006-08-01T22:38:42.206Z","age":17},"phone":"015394 08120","cell":"07057 988860","id":{"name":"NINO","value":"YE 99 29 44 K"},"picture":{"large":"https://randomuser.me/api/portraits/men/36.jpg","medium":"https://randomuser.me/api/portraits/med/men/36.jpg","thumbnail":"https://randomuser.me/api/portraits/thumb/men/36.jpg"},"nat":"GB"}],"info":{"seed":"c5819e5010bf9150","results":1,"page":1,"version":"1.4"}} 
 </msg>
<msg time="2024-04-12T10:15:11.590337" level="INFO">/opt/hostedtoolcache/Python/3.12.2/x64/lib/python3.12/site-packages/urllib3/connectionpool.py:1103: InsecureRequestWarning: Unverified HTTPS request is being made to host 'randomuser.me'. Adding certificate verification is strongly advised. See: https://urllib3.readthedocs.io/en/latest/advanced-usage.html#tls-warnings
  warnings.warn(</msg>
<msg time="2024-04-12T10:15:11.590498" level="INFO">${response} = &lt;Response [200]&gt;</msg>
<var>${response}</var>
<arg>consultarAPI</arg>
<arg>/api</arg>
<doc>Sends a GET request on a previously created HTTP Session.</doc>
<status status="PASS" start="2024-04-12T10:15:11.498545" elapsed="0.092001"/>
</kw>
<kw name="Set Variable" owner="BuiltIn">
<msg time="2024-04-12T10:15:11.591659" level="INFO">${json_data} = {'results': [{'gender': 'male', 'name': {'title': 'Mr', 'first': 'Virgil', 'last': 'Banks'}, 'location': {'street': {'number': 8662, 'name': 'Grange Road'}, 'city': 'Coventry', 'state': 'Cornwall', 'c...</msg>
<var>${json_data}</var>
<arg>${response.json()}</arg>
<doc>Returns the given values which can then be assigned to a variables.</doc>
<status status="PASS" start="2024-04-12T10:15:11.591105" elapsed="0.000584"/>
</kw>
<kw name="Log" owner="BuiltIn">
<msg time="2024-04-12T10:15:11.592204" level="INFO">{'results': [{'gender': 'male', 'name': {'title': 'Mr', 'first': 'Virgil', 'last': 'Banks'}, 'location': {'street': {'number': 8662, 'name': 'Grange Road'}, 'city': 'Coventry', 'state': 'Cornwall', 'country': 'United Kingdom', 'postcode': 'Y58 8SL', 'coordinates': {'latitude': '-6.5480', 'longitude': '-18.2299'}, 'timezone': {'offset': '-7:00', 'description': 'Mountain Time (US &amp; Canada)'}}, 'email': 'virgil.banks@example.com', 'login': {'uuid': 'f03d342b-5158-4767-8116-a435583799cd', 'username': 'beautifulgorilla699', 'password': 'beacon', 'salt': 'wgvFByEb', 'md5': 'a4f8a95f564959252dee8213a5835b51', 'sha1': '1a1c84cb194a3c8f7edefe60a5120492f992a50a', 'sha256': '6c3d0405586bf31a9a72b628fba37417d2c84059c053612c87c2d1dd3b688a9d'}, 'dob': {'date': '1960-02-12T15:42:06.854Z', 'age': 64}, 'registered': {'date': '2006-08-01T22:38:42.206Z', 'age': 17}, 'phone': '015394 08120', 'cell': '07057 988860', 'id': {'name': 'NINO', 'value': 'YE 99 29 44 K'}, 'picture': {'large': 'https://randomuser.me/api/portraits/men/36.jpg', 'medium': 'https://randomuser.me/api/portraits/med/men/36.jpg', 'thumbnail': 'https://randomuser.me/api/portraits/thumb/men/36.jpg'}, 'nat': 'GB'}], 'info': {'seed': 'c5819e5010bf9150', 'results': 1, 'page': 1, 'version': '1.4'}}</msg>
<arg>${json_data}</arg>
<doc>Logs the given message with the given level.</doc>
<status status="PASS" start="2024-04-12T10:15:11.592033" elapsed="0.000220"/>
</kw>
<kw name="Dictionary Should Contain Key" owner="Collections">
<msg time="2024-04-12T10:15:11.592723" level="INFO">False</msg>
<arg>${json_data}</arg>
<arg>results</arg>
<doc>Fails if ``key`` is not found from ``dictionary``.</doc>
<status status="PASS" start="2024-04-12T10:15:11.592561" elapsed="0.000203"/>
</kw>
<kw name="Should Not Be Empty" owner="BuiltIn">
<msg time="2024-04-12T10:15:11.593236" level="INFO">Length is 2.</msg>
<arg>${json_data}</arg>
<doc>Verifies that the given item is not empty.</doc>
<status status="PASS" start="2024-04-12T10:15:11.593101" elapsed="0.000174"/>
</kw>
<kw name="Create List" owner="BuiltIn">
<msg time="2024-04-12T10:15:11.593729" level="INFO">${expected_keys} = ['gender', 'name', 'location', 'email', 'login']</msg>
<var>${expected_keys}</var>
<arg>gender</arg>
<arg>name</arg>
<arg>location</arg>
<arg>email</arg>
<arg>login</arg>
<doc>Returns a list containing given items.</doc>
<status status="PASS" start="2024-04-12T10:15:11.593574" elapsed="0.000179"/>
</kw>
<for flavor="IN">
<iter>
<kw name="Dictionary Should Contain Key" owner="Collections">
<msg time="2024-04-12T10:15:11.594770" level="INFO">False</msg>
<arg>${json_data['results'][0]}</arg>
<arg>${key}</arg>
<doc>Fails if ``key`` is not found from ``dictionary``.</doc>
<status status="PASS" start="2024-04-12T10:15:11.594350" elapsed="0.000460"/>
</kw>
<kw name="Log" owner="BuiltIn">
<msg time="2024-04-12T10:15:11.595521" level="INFO">{'gender': 'male', 'name': {'title': 'Mr', 'first': 'Virgil', 'last': 'Banks'}, 'location': {'street': {'number': 8662, 'name': 'Grange Road'}, 'city': 'Coventry', 'state': 'Cornwall', 'country': 'United Kingdom', 'postcode': 'Y58 8SL', 'coordinates': {'latitude': '-6.5480', 'longitude': '-18.2299'}, 'timezone': {'offset': '-7:00', 'description': 'Mountain Time (US &amp; Canada)'}}, 'email': 'virgil.banks@example.com', 'login': {'uuid': 'f03d342b-5158-4767-8116-a435583799cd', 'username': 'beautifulgorilla699', 'password': 'beacon', 'salt': 'wgvFByEb', 'md5': 'a4f8a95f564959252dee8213a5835b51', 'sha1': '1a1c84cb194a3c8f7edefe60a5120492f992a50a', 'sha256': '6c3d0405586bf31a9a72b628fba37417d2c84059c053612c87c2d1dd3b688a9d'}, 'dob': {'date': '1960-02-12T15:42:06.854Z', 'age': 64}, 'registered': {'date': '2006-08-01T22:38:42.206Z', 'age': 17}, 'phone': '015394 08120', 'cell': '07057 988860', 'id': {'name': 'NINO', 'value': 'YE 99 29 44 K'}, 'picture': {'large': 'https://randomuser.me/api/portraits/men/36.jpg', 'medium': 'https://randomuser.me/api/portraits/med/men/36.jpg', 'thumbnail': 'https://randomuser.me/api/portraits/thumb/men/36.jpg'}, 'nat': 'GB'}</msg>
<arg>${json_data['results'][0]}</arg>
<doc>Logs the given message with the given level.</doc>
<status status="PASS" start="2024-04-12T10:15:11.595133" elapsed="0.000439"/>
</kw>
<kw name="Log" owner="BuiltIn">
<msg time="2024-04-12T10:15:11.596033" level="INFO">gender</msg>
<arg>${key}</arg>
<doc>Logs the given message with the given level.</doc>
<status status="PASS" start="2024-04-12T10:15:11.595897" elapsed="0.000178"/>
</kw>
<var name="${key}">gender</var>
<status status="PASS" start="2024-04-12T10:15:11.594220" elapsed="0.002090"/>
</iter>
<iter>
<kw name="Dictionary Should Contain Key" owner="Collections">
<msg time="2024-04-12T10:15:11.597085" level="INFO">False</msg>
<arg>${json_data['results'][0]}</arg>
<arg>${key}</arg>
<doc>Fails if ``key`` is not found from ``dictionary``.</doc>
<status status="PASS" start="2024-04-12T10:15:11.596634" elapsed="0.000493"/>
</kw>
<kw name="Log" owner="BuiltIn">
<msg time="2024-04-12T10:15:11.597852" level="INFO">{'gender': 'male', 'name': {'title': 'Mr', 'first': 'Virgil', 'last': 'Banks'}, 'location': {'street': {'number': 8662, 'name': 'Grange Road'}, 'city': 'Coventry', 'state': 'Cornwall', 'country': 'United Kingdom', 'postcode': 'Y58 8SL', 'coordinates': {'latitude': '-6.5480', 'longitude': '-18.2299'}, 'timezone': {'offset': '-7:00', 'description': 'Mountain Time (US &amp; Canada)'}}, 'email': 'virgil.banks@example.com', 'login': {'uuid': 'f03d342b-5158-4767-8116-a435583799cd', 'username': 'beautifulgorilla699', 'password': 'beacon', 'salt': 'wgvFByEb', 'md5': 'a4f8a95f564959252dee8213a5835b51', 'sha1': '1a1c84cb194a3c8f7edefe60a5120492f992a50a', 'sha256': '6c3d0405586bf31a9a72b628fba37417d2c84059c053612c87c2d1dd3b688a9d'}, 'dob': {'date': '1960-02-12T15:42:06.854Z', 'age': 64}, 'registered': {'date': '2006-08-01T22:38:42.206Z', 'age': 17}, 'phone': '015394 08120', 'cell': '07057 988860', 'id': {'name': 'NINO', 'value': 'YE 99 29 44 K'}, 'picture': {'large': 'https://randomuser.me/api/portraits/men/36.jpg', 'medium': 'https://randomuser.me/api/portraits/med/men/36.jpg', 'thumbnail': 'https://randomuser.me/api/portraits/thumb/men/36.jpg'}, 'nat': 'GB'}</msg>
<arg>${json_data['results'][0]}</arg>
<doc>Logs the given message with the given level.</doc>
<status status="PASS" start="2024-04-12T10:15:11.597485" elapsed="0.000416"/>
</kw>
<kw name="Log" owner="BuiltIn">
<msg time="2024-04-12T10:15:11.598326" level="INFO">name</msg>
<arg>${key}</arg>
<doc>Logs the given message with the given level.</doc>
<status status="PASS" start="2024-04-12T10:15:11.598198" elapsed="0.000165"/>
</kw>
<var name="${key}">name</var>
<status status="PASS" start="2024-04-12T10:15:11.596516" elapsed="0.002064"/>
</iter>
<iter>
<kw name="Dictionary Should Contain Key" owner="Collections">
<msg time="2024-04-12T10:15:11.599278" level="INFO">False</msg>
<arg>${json_data['results'][0]}</arg>
<arg>${key}</arg>
<doc>Fails if ``key`` is not found from ``dictionary``.</doc>
<status status="PASS" start="2024-04-12T10:15:11.598875" elapsed="0.000444"/>
</kw>
<kw name="Log" owner="BuiltIn">
<msg time="2024-04-12T10:15:11.599993" level="INFO">{'gender': 'male', 'name': {'title': 'Mr', 'first': 'Virgil', 'last': 'Banks'}, 'location': {'street': {'number': 8662, 'name': 'Grange Road'}, 'city': 'Coventry', 'state': 'Cornwall', 'country': 'United Kingdom', 'postcode': 'Y58 8SL', 'coordinates': {'latitude': '-6.5480', 'longitude': '-18.2299'}, 'timezone': {'offset': '-7:00', 'description': 'Mountain Time (US &amp; Canada)'}}, 'email': 'virgil.banks@example.com', 'login': {'uuid': 'f03d342b-5158-4767-8116-a435583799cd', 'username': 'beautifulgorilla699', 'password': 'beacon', 'salt': 'wgvFByEb', 'md5': 'a4f8a95f564959252dee8213a5835b51', 'sha1': '1a1c84cb194a3c8f7edefe60a5120492f992a50a', 'sha256': '6c3d0405586bf31a9a72b628fba37417d2c84059c053612c87c2d1dd3b688a9d'}, 'dob': {'date': '1960-02-12T15:42:06.854Z', 'age': 64}, 'registered': {'date': '2006-08-01T22:38:42.206Z', 'age': 17}, 'phone': '015394 08120', 'cell': '07057 988860', 'id': {'name': 'NINO', 'value': 'YE 99 29 44 K'}, 'picture': {'large': 'https://randomuser.me/api/portraits/men/36.jpg', 'medium': 'https://randomuser.me/api/portraits/med/men/36.jpg', 'thumbnail': 'https://randomuser.me/api/portraits/thumb/men/36.jpg'}, 'nat': 'GB'}</msg>
<arg>${json_data['results'][0]}</arg>
<doc>Logs the given message with the given level.</doc>
<status status="PASS" start="2024-04-12T10:15:11.599631" elapsed="0.000414"/>
</kw>
<kw name="Log" owner="BuiltIn">
<msg time="2024-04-12T10:15:11.600466" level="INFO">location</msg>
<arg>${key}</arg>
<doc>Logs the given message with the given level.</doc>
<status status="PASS" start="2024-04-12T10:15:11.600341" elapsed="0.000164"/>
</kw>
<var name="${key}">location</var>
<status status="PASS" start="2024-04-12T10:15:11.598764" elapsed="0.001954"/>
</iter>
<iter>
<kw name="Dictionary Should Contain Key" owner="Collections">
<msg time="2024-04-12T10:15:11.601421" level="INFO">False</msg>
<arg>${json_data['results'][0]}</arg>
<arg>${key}</arg>
<doc>Fails if ``key`` is not found from ``dictionary``.</doc>
<status status="PASS" start="2024-04-12T10:15:11.601033" elapsed="0.000425"/>
</kw>
<kw name="Log" owner="BuiltIn">
<msg time="2024-04-12T10:15:11.602112" level="INFO">{'gender': 'male', 'name': {'title': 'Mr', 'first': 'Virgil', 'last': 'Banks'}, 'location': {'street': {'number': 8662, 'name': 'Grange Road'}, 'city': 'Coventry', 'state': 'Cornwall', 'country': 'United Kingdom', 'postcode': 'Y58 8SL', 'coordinates': {'latitude': '-6.5480', 'longitude': '-18.2299'}, 'timezone': {'offset': '-7:00', 'description': 'Mountain Time (US &amp; Canada)'}}, 'email': 'virgil.banks@example.com', 'login': {'uuid': 'f03d342b-5158-4767-8116-a435583799cd', 'username': 'beautifulgorilla699', 'password': 'beacon', 'salt': 'wgvFByEb', 'md5': 'a4f8a95f564959252dee8213a5835b51', 'sha1': '1a1c84cb194a3c8f7edefe60a5120492f992a50a', 'sha256': '6c3d0405586bf31a9a72b628fba37417d2c84059c053612c87c2d1dd3b688a9d'}, 'dob': {'date': '1960-02-12T15:42:06.854Z', 'age': 64}, 'registered': {'date': '2006-08-01T22:38:42.206Z', 'age': 17}, 'phone': '015394 08120', 'cell': '07057 988860', 'id': {'name': 'NINO', 'value': 'YE 99 29 44 K'}, 'picture': {'large': 'https://randomuser.me/api/portraits/men/36.jpg', 'medium': 'https://randomuser.me/api/portraits/med/men/36.jpg', 'thumbnail': 'https://randomuser.me/api/portraits/thumb/men/36.jpg'}, 'nat': 'GB'}</msg>
<arg>${json_data['results'][0]}</arg>
<doc>Logs the given message with the given level.</doc>
<status status="PASS" start="2024-04-12T10:15:11.601758" elapsed="0.000404"/>
</kw>
<kw name="Log" owner="BuiltIn">
<msg time="2024-04-12T10:15:11.602586" level="INFO">email</msg>
<arg>${key}</arg>
<doc>Logs the given message with the given level.</doc>
<status status="PASS" start="2024-04-12T10:15:11.602457" elapsed="0.000167"/>
</kw>
<var name="${key}">email</var>
<status status="PASS" start="2024-04-12T10:15:11.600920" elapsed="0.001919"/>
</iter>
<iter>
<kw name="Dictionary Should Contain Key" owner="Collections">
<msg time="2024-04-12T10:15:11.603498" level="INFO">False</msg>
<arg>${json_data['results'][0]}</arg>
<arg>${key}</arg>
<doc>Fails if ``key`` is not found from ``dictionary``.</doc>
<status status="PASS" start="2024-04-12T10:15:11.603123" elapsed="0.000412"/>
</kw>
<kw name="Log" owner="BuiltIn">
<msg time="2024-04-12T10:15:11.604216" level="INFO">{'gender': 'male', 'name': {'title': 'Mr', 'first': 'Virgil', 'last': 'Banks'}, 'location': {'street': {'number': 8662, 'name': 'Grange Road'}, 'city': 'Coventry', 'state': 'Cornwall', 'country': 'United Kingdom', 'postcode': 'Y58 8SL', 'coordinates': {'latitude': '-6.5480', 'longitude': '-18.2299'}, 'timezone': {'offset': '-7:00', 'description': 'Mountain Time (US &amp; Canada)'}}, 'email': 'virgil.banks@example.com', 'login': {'uuid': 'f03d342b-5158-4767-8116-a435583799cd', 'username': 'beautifulgorilla699', 'password': 'beacon', 'salt': 'wgvFByEb', 'md5': 'a4f8a95f564959252dee8213a5835b51', 'sha1': '1a1c84cb194a3c8f7edefe60a5120492f992a50a', 'sha256': '6c3d0405586bf31a9a72b628fba37417d2c84059c053612c87c2d1dd3b688a9d'}, 'dob': {'date': '1960-02-12T15:42:06.854Z', 'age': 64}, 'registered': {'date': '2006-08-01T22:38:42.206Z', 'age': 17}, 'phone': '015394 08120', 'cell': '07057 988860', 'id': {'name': 'NINO', 'value': 'YE 99 29 44 K'}, 'picture': {'large': 'https://randomuser.me/api/portraits/men/36.jpg', 'medium': 'https://randomuser.me/api/portraits/med/men/36.jpg', 'thumbnail': 'https://randomuser.me/api/portraits/thumb/men/36.jpg'}, 'nat': 'GB'}</msg>
<arg>${json_data['results'][0]}</arg>
<doc>Logs the given message with the given level.</doc>
<status status="PASS" start="2024-04-12T10:15:11.603844" elapsed="0.000420"/>
</kw>
<kw name="Log" owner="BuiltIn">
<msg time="2024-04-12T10:15:11.604736" level="INFO">login</msg>
<arg>${key}</arg>
<doc>Logs the given message with the given level.</doc>
<status status="PASS" start="2024-04-12T10:15:11.604580" elapsed="0.000212"/>
</kw>
<var name="${key}">login</var>
<status status="PASS" start="2024-04-12T10:15:11.603013" elapsed="0.002114"/>
</iter>
<var>${key}</var>
<value>@{expected_keys}</value>
<status status="PASS" start="2024-04-12T10:15:11.594018" elapsed="0.011268"/>
</for>
<kw name="Create List" owner="BuiltIn">
<msg time="2024-04-12T10:15:11.605677" level="INFO">${expected_keysTwo} = ['username', 'password']</msg>
<var>${expected_keysTwo}</var>
<arg>username</arg>
<arg>password</arg>
<doc>Returns a list containing given items.</doc>
<status status="PASS" start="2024-04-12T10:15:11.605531" elapsed="0.000170"/>
</kw>
<for flavor="IN">
<iter>
<kw name="Dictionary Should Contain Key" owner="Collections">
<msg time="2024-04-12T10:15:11.606852" level="INFO">False</msg>
<arg>${json_data['results'][0]['login']}</arg>
<arg>${keyTwo}</arg>
<doc>Fails if ``key`` is not found from ``dictionary``.</doc>
<status status="PASS" start="2024-04-12T10:15:11.606401" elapsed="0.000491"/>
</kw>
<kw name="Dictionary Should Contain Key" owner="Collections">
<msg time="2024-04-12T10:15:11.607605" level="INFO">False</msg>
<arg>${json_data['results'][0]['login']}</arg>
<arg>${keyTwo}</arg>
<doc>Fails if ``key`` is not found from ``dictionary``.</doc>
<status status="PASS" start="2024-04-12T10:15:11.607206" elapsed="0.000439"/>
</kw>
<kw name="Log" owner="BuiltIn">
<msg time="2024-04-12T10:15:11.608070" level="INFO">username</msg>
<arg>${keyTwo}</arg>
<doc>Logs the given message with the given level.</doc>
<status status="PASS" start="2024-04-12T10:15:11.607943" elapsed="0.000165"/>
</kw>
<var name="${keyTwo}">username</var>
<status status="PASS" start="2024-04-12T10:15:11.606282" elapsed="0.002056"/>
</iter>
<iter>
<kw name="Dictionary Should Contain Key" owner="Collections">
<msg time="2024-04-12T10:15:11.609031" level="INFO">False</msg>
<arg>${json_data['results'][0]['login']}</arg>
<arg>${keyTwo}</arg>
<doc>Fails if ``key`` is not found from ``dictionary``.</doc>
<status status="PASS" start="2024-04-12T10:15:11.608629" elapsed="0.000442"/>
</kw>
<kw name="Dictionary Should Contain Key" owner="Collections">
<msg time="2024-04-12T10:15:11.609756" level="INFO">False</msg>
<arg>${json_data['results'][0]['login']}</arg>
<arg>${keyTwo}</arg>
<doc>Fails if ``key`` is not found from ``dictionary``.</doc>
<status status="PASS" start="2024-04-12T10:15:11.609370" elapsed="0.000423"/>
</kw>
<kw name="Log" owner="BuiltIn">
<msg time="2024-04-12T10:15:11.610229" level="INFO">password</msg>
<arg>${keyTwo}</arg>
<doc>Logs the given message with the given level.</doc>
<status status="PASS" start="2024-04-12T10:15:11.610098" elapsed="0.000171"/>
</kw>
<var name="${keyTwo}">password</var>
<status status="PASS" start="2024-04-12T10:15:11.608517" elapsed="0.001978"/>
</iter>
<var>${keyTwo}</var>
<value>@{expected_keysTwo}</value>
<status status="PASS" start="2024-04-12T10:15:11.605956" elapsed="0.004666"/>
</for>
<status status="PASS" start="2024-04-12T10:15:11.498301" elapsed="0.112474"/>
</kw>
<doc>Testa a estrutura da resposta da API.</doc>
<tag>testeEstruturaResposta</tag>
<status status="PASS" start="2024-04-12T10:15:11.497496" elapsed="0.113454"/>
</test>
<test id="s1-s1-t4" name="Validar tipos de dados" line="28">
<kw name="Teste de Tipos de Dados" owner="random-user-service">
<kw name="GET On Session" owner="RequestsLibrary">
<msg time="2024-04-12T10:15:11.713454" level="INFO">GET Request : url=https://randomuser.me/api 
 path_url=/api 
 headers={'User-Agent': 'python-requests/2.31.0', 'Accept-Encoding': 'gzip, deflate', 'Accept': '*/*', 'Connection': 'keep-alive'} 
 body=None 
 </msg>
<msg time="2024-04-12T10:15:11.713560" level="INFO">GET Response : url=https://randomuser.me/api 
 status=200, reason=OK 
 headers={'Date': 'Fri, 12 Apr 2024 10:15:11 GMT', 'Content-Type': 'application/json; charset=utf-8', 'Transfer-Encoding': 'chunked', 'Connection': 'keep-alive', 'X-Powered-By': 'Express', 'Access-Control-Allow-Origin': '*', 'Cache-Control': 'no-cache', 'ETag': 'W/"47f-yvwxqNJT+FGzI3EuHThFGnAvaZ4"', 'Vary': 'Accept-Encoding', 'Content-Encoding': 'gzip', 'CF-Cache-Status': 'DYNAMIC', 'Report-To': '{"endpoints":[{"url":"https:\\/\\/a.nel.cloudflare.com\\/report\\/v4?s=8I3NMy37QZ9IHh%2BCqTg4NW%2FwpJXNXQgiWFTDeDugXbGISDo7qYdzdy5hvtaNxOoMrTFvk6u%2FZOAIkm55mW9DpBFjtdkDqDMeeuPQTp7AJfNjNPHSOl7KQdVEdbKKNyrT"}],"group":"cf-nel","max_age":604800}', 'NEL': '{"success_fraction":0,"report_to":"cf-nel","max_age":604800}', 'Server': 'cloudflare', 'CF-RAY': '873274299de2396d-IAD', 'alt-svc': 'h3=":443"; ma=86400'} 
 body={"results":[{"gender":"female","name":{"title":"Ms","first":"Carolyn","last":"Richards"},"location":{"street":{"number":8517,"name":"Washington Ave"},"city":"Wagga Wagga","state":"Tasmania","country":"Australia","postcode":5037,"coordinates":{"latitude":"-81.5810","longitude":"2.2032"},"timezone":{"offset":"+3:30","description":"Tehran"}},"email":"carolyn.richards@example.com","login":{"uuid":"2cc9dfeb-44f9-46ac-9a7b-327f5b062954","username":"redelephant244","password":"joker1","salt":"t9KzNUhO","md5":"b9705c7c22987bf49bc726cfb2a53de3","sha1":"f696221848410a07d3cc9c6e5dbed707422b0019","sha256":"d3713cec0c43b0e737e5350d4ce7b6a068d72bc9177bf65944b83c1cbc9fdd5d"},"dob":{"date":"1969-11-03T15:11:51.565Z","age":54},"registered":{"date":"2021-05-13T09:48:26.569Z","age":2},"phone":"07-0416-3277","cell":"0494-413-562","id":{"name":"TFN","value":"872496878"},"picture":{"large":"https://randomuser.me/api/portraits/women/33.jpg","medium":"https://randomuser.me/api/portraits/med/women/33.jpg","thumbnail":"https://randomuser.me/api/portraits/thumb/women/33.jpg"},"nat":"AU"}],"info":{"seed":"260a50cad845ca55","results":1,"page":1,"version":"1.4"}} 
 </msg>
<msg time="2024-04-12T10:15:11.713632" level="INFO">/opt/hostedtoolcache/Python/3.12.2/x64/lib/python3.12/site-packages/urllib3/connectionpool.py:1103: InsecureRequestWarning: Unverified HTTPS request is being made to host 'randomuser.me'. Adding certificate verification is strongly advised. See: https://urllib3.readthedocs.io/en/latest/advanced-usage.html#tls-warnings
  warnings.warn(</msg>
<msg time="2024-04-12T10:15:11.713756" level="INFO">${response} = &lt;Response [200]&gt;</msg>
<var>${response}</var>
<arg>consultarAPI</arg>
<arg>/api</arg>
<doc>Sends a GET request on a previously created HTTP Session.</doc>
<status status="PASS" start="2024-04-12T10:15:11.613626" elapsed="0.100166"/>
</kw>
<kw name="Set Variable" owner="BuiltIn">
<msg time="2024-04-12T10:15:11.714892" level="INFO">${json_data} = {'results': [{'gender': 'female', 'name': {'title': 'Ms', 'first': 'Carolyn', 'last': 'Richards'}, 'location': {'street': {'number': 8517, 'name': 'Washington Ave'}, 'city': 'Wagga Wagga', 'state': 'T...</msg>
<var>${json_data}</var>
<arg>${response.json()}</arg>
<doc>Returns the given values which can then be assigned to a variables.</doc>
<status status="PASS" start="2024-04-12T10:15:11.714354" elapsed="0.000567"/>
</kw>
<kw name="Log" owner="BuiltIn">
<msg time="2024-04-12T10:15:11.715427" level="INFO">{'results': [{'gender': 'female', 'name': {'title': 'Ms', 'first': 'Carolyn', 'last': 'Richards'}, 'location': {'street': {'number': 8517, 'name': 'Washington Ave'}, 'city': 'Wagga Wagga', 'state': 'Tasmania', 'country': 'Australia', 'postcode': 5037, 'coordinates': {'latitude': '-81.5810', 'longitude': '2.2032'}, 'timezone': {'offset': '+3:30', 'description': 'Tehran'}}, 'email': 'carolyn.richards@example.com', 'login': {'uuid': '2cc9dfeb-44f9-46ac-9a7b-327f5b062954', 'username': 'redelephant244', 'password': 'joker1', 'salt': 't9KzNUhO', 'md5': 'b9705c7c22987bf49bc726cfb2a53de3', 'sha1': 'f696221848410a07d3cc9c6e5dbed707422b0019', 'sha256': 'd3713cec0c43b0e737e5350d4ce7b6a068d72bc9177bf65944b83c1cbc9fdd5d'}, 'dob': {'date': '1969-11-03T15:11:51.565Z', 'age': 54}, 'registered': {'date': '2021-05-13T09:48:26.569Z', 'age': 2}, 'phone': '07-0416-3277', 'cell': '0494-413-562', 'id': {'name': 'TFN', 'value': '872496878'}, 'picture': {'large': 'https://randomuser.me/api/portraits/women/33.jpg', 'medium': 'https://randomuser.me/api/portraits/med/women/33.jpg', 'thumbnail': 'https://randomuser.me/api/portraits/thumb/women/33.jpg'}, 'nat': 'AU'}], 'info': {'seed': '260a50cad845ca55', 'results': 1, 'page': 1, 'version': '1.4'}}</msg>
<arg>${json_data}</arg>
<doc>Logs the given message with the given level.</doc>
<status status="PASS" start="2024-04-12T10:15:11.715256" elapsed="0.000264"/>
</kw>
<kw name="Should Be String" owner="String">
<arg>${json_data['results'][0]['gender']}</arg>
<doc>Fails if the given ``item`` is not a string.</doc>
<status status="PASS" start="2024-04-12T10:15:11.715834" elapsed="0.000381"/>
</kw>
<kw name="Should Match Regexp" owner="BuiltIn">
<arg>${json_data['results'][0]['email']}</arg>
<arg>^[a-zA-Z0-9._%+-]+@[a-zA-Z0-9.-]+\.[a-zA-Z]{2,}$</arg>
<doc>Fails if ``string`` does not match ``pattern`` as a regular expression.</doc>
<status status="PASS" start="2024-04-12T10:15:11.716409" elapsed="0.000553"/>
</kw>
<kw name="Should Match Regexp" owner="BuiltIn">
<arg>${json_data['results'][0]['dob']['date']}</arg>
<arg>\\d{4}-\\d{2}-\\d{2}T\\d{2}:\\d{2}:\\d{2}\\.\\d{3}Z</arg>
<doc>Fails if ``string`` does not match ``pattern`` as a regular expression.</doc>
<status status="PASS" start="2024-04-12T10:15:11.717162" elapsed="0.000500"/>
</kw>
<kw name="Should Match Regexp" owner="BuiltIn">
<arg>${json_data['results'][0]['registered']['date']}</arg>
<arg>\\d{4}-\\d{2}-\\d{2}T\\d{2}:\\d{2}:\\d{2}\\.\\d{3}Z</arg>
<doc>Fails if ``string`` does not match ``pattern`` as a regular expression.</doc>
<status status="PASS" start="2024-04-12T10:15:11.717863" elapsed="0.000379"/>
</kw>
<kw name="Should Match Regexp" owner="BuiltIn">
<arg>${json_data['results'][0]['picture']['large']}</arg>
<arg>^https?://.*\.(?:png|jpe?g|gif|bmp)$</arg>
<doc>Fails if ``string`` does not match ``pattern`` as a regular expression.</doc>
<status status="PASS" start="2024-04-12T10:15:11.718431" elapsed="0.000464"/>
</kw>
<kw name="Should Match Regexp" owner="BuiltIn">
<arg>${json_data['results'][0]['picture']['medium']}</arg>
<arg>^https?://.*\.(?:png|jpe?g|gif|bmp)$</arg>
<doc>Fails if ``string`` does not match ``pattern`` as a regular expression.</doc>
<status status="PASS" start="2024-04-12T10:15:11.719089" elapsed="0.000368"/>
</kw>
<kw name="Should Match Regexp" owner="BuiltIn">
<arg>${json_data['results'][0]['picture']['thumbnail']}</arg>
<arg>^https?://.*\.(?:png|jpe?g|gif|bmp)$</arg>
<doc>Fails if ``string`` does not match ``pattern`` as a regular expression.</doc>
<status status="PASS" start="2024-04-12T10:15:11.719650" elapsed="0.000368"/>
</kw>
<kw name="Log" owner="BuiltIn">
<msg time="2024-04-12T10:15:11.720530" level="INFO">{'large': 'https://randomuser.me/api/portraits/women/33.jpg', 'medium': 'https://randomuser.me/api/portraits/med/women/33.jpg', 'thumbnail': 'https://randomuser.me/api/portraits/thumb/women/33.jpg'}</msg>
<arg>${json_data['results'][0]['picture']}</arg>
<doc>Logs the given message with the given level.</doc>
<status status="PASS" start="2024-04-12T10:15:11.720203" elapsed="0.000370"/>
</kw>
<status status="PASS" start="2024-04-12T10:15:11.613362" elapsed="0.107492"/>
</kw>
<kw name="Teste de Tipos de Dados - Postcode" owner="random-user-service">
<kw name="GET On Session" owner="RequestsLibrary">
<msg time="2024-04-12T10:15:11.788165" level="INFO">GET Request : url=https://randomuser.me/api 
 path_url=/api 
 headers={'User-Agent': 'python-requests/2.31.0', 'Accept-Encoding': 'gzip, deflate', 'Accept': '*/*', 'Connection': 'keep-alive'} 
 body=None 
 </msg>
<msg time="2024-04-12T10:15:11.788280" level="INFO">GET Response : url=https://randomuser.me/api 
 status=200, reason=OK 
 headers={'Date': 'Fri, 12 Apr 2024 10:15:11 GMT', 'Content-Type': 'application/json; charset=utf-8', 'Transfer-Encoding': 'chunked', 'Connection': 'keep-alive', 'X-Powered-By': 'Express', 'Access-Control-Allow-Origin': '*', 'Cache-Control': 'no-cache', 'ETag': 'W/"497-QdfihVxgouW8U3sAw2l542u2N8A"', 'Vary': 'Accept-Encoding', 'Content-Encoding': 'gzip', 'CF-Cache-Status': 'DYNAMIC', 'Report-To': '{"endpoints":[{"url":"https:\\/\\/a.nel.cloudflare.com\\/report\\/v4?s=ymKCe%2BawRI6u2PIwjVeI3fuW82JnE9%2FNwy5in4vBB28%2FaQBa4D9rgZgx%2BGQs1Ax%2FFmuq5RSVtyLlzCFAf01JFHFzjFQx599tA3QdC105rXNt1rFWuI6zlCb34UGQN1BC"}],"group":"cf-nel","max_age":604800}', 'NEL': '{"success_fraction":0,"report_to":"cf-nel","max_age":604800}', 'Server': 'cloudflare', 'CF-RAY': '8732742a4e5c396d-IAD', 'alt-svc': 'h3=":443"; ma=86400'} 
 body={"results":[{"gender":"female","name":{"title":"Ms","first":"Alexa","last":"Newman"},"location":{"street":{"number":6701,"name":"Dogwood Ave"},"city":"Phoenix","state":"Vermont","country":"United States","postcode":24120,"coordinates":{"latitude":"85.9155","longitude":"36.5607"},"timezone":{"offset":"-3:00","description":"Brazil, Buenos Aires, Georgetown"}},"email":"alexa.newman@example.com","login":{"uuid":"0ab5a2ae-2d5f-4b17-948b-4ee2be0afcee","username":"sadelephant942","password":"lorraine","salt":"Zu7UfDJr","md5":"059bd857c2ad32b4c5e0c74193772b9a","sha1":"ce2c2ec570f728abfa4723f56f78188409ae78b9","sha256":"650a24690efb0491742052d27f50cea9c79b70b954fa029511327805b0db28cd"},"dob":{"date":"1996-05-14T21:06:03.263Z","age":27},"registered":{"date":"2004-12-03T04:27:23.310Z","age":19},"phone":"(906) 978-9512","cell":"(461) 799-0758","id":{"name":"SSN","value":"353-68-8412"},"picture":{"large":"https://randomuser.me/api/portraits/women/72.jpg","medium":"https://randomuser.me/api/portraits/med/women/72.jpg","thumbnail":"https://randomuser.me/api/portraits/thumb/women/72.jpg"},"nat":"US"}],"info":{"seed":"5cd5a5e652252cdb","results":1,"page":1,"version":"1.4"}} 
 </msg>
<msg time="2024-04-12T10:15:11.788388" level="INFO">/opt/hostedtoolcache/Python/3.12.2/x64/lib/python3.12/site-packages/urllib3/connectionpool.py:1103: InsecureRequestWarning: Unverified HTTPS request is being made to host 'randomuser.me'. Adding certificate verification is strongly advised. See: https://urllib3.readthedocs.io/en/latest/advanced-usage.html#tls-warnings
  warnings.warn(</msg>
<msg time="2024-04-12T10:15:11.788515" level="INFO">${response} = &lt;Response [200]&gt;</msg>
<var>${response}</var>
<arg>consultarAPI</arg>
<arg>/api</arg>
<doc>Sends a GET request on a previously created HTTP Session.</doc>
<status status="PASS" start="2024-04-12T10:15:11.721401" elapsed="0.067141"/>
</kw>
<kw name="Set Variable" owner="BuiltIn">
<msg time="2024-04-12T10:15:11.789703" level="INFO">${json_data} = {'results': [{'gender': 'female', 'name': {'title': 'Ms', 'first': 'Alexa', 'last': 'Newman'}, 'location': {'street': {'number': 6701, 'name': 'Dogwood Ave'}, 'city': 'Phoenix', 'state': 'Vermont', 'c...</msg>
<var>${json_data}</var>
<arg>${response.json()}</arg>
<doc>Returns the given values which can then be assigned to a variables.</doc>
<status status="PASS" start="2024-04-12T10:15:11.789161" elapsed="0.000570"/>
</kw>
<kw name="Log" owner="BuiltIn">
<msg time="2024-04-12T10:15:11.790233" level="INFO">{'results': [{'gender': 'female', 'name': {'title': 'Ms', 'first': 'Alexa', 'last': 'Newman'}, 'location': {'street': {'number': 6701, 'name': 'Dogwood Ave'}, 'city': 'Phoenix', 'state': 'Vermont', 'country': 'United States', 'postcode': 24120, 'coordinates': {'latitude': '85.9155', 'longitude': '36.5607'}, 'timezone': {'offset': '-3:00', 'description': 'Brazil, Buenos Aires, Georgetown'}}, 'email': 'alexa.newman@example.com', 'login': {'uuid': '0ab5a2ae-2d5f-4b17-948b-4ee2be0afcee', 'username': 'sadelephant942', 'password': 'lorraine', 'salt': 'Zu7UfDJr', 'md5': '059bd857c2ad32b4c5e0c74193772b9a', 'sha1': 'ce2c2ec570f728abfa4723f56f78188409ae78b9', 'sha256': '650a24690efb0491742052d27f50cea9c79b70b954fa029511327805b0db28cd'}, 'dob': {'date': '1996-05-14T21:06:03.263Z', 'age': 27}, 'registered': {'date': '2004-12-03T04:27:23.310Z', 'age': 19}, 'phone': '(906) 978-9512', 'cell': '(461) 799-0758', 'id': {'name': 'SSN', 'value': '353-68-8412'}, 'picture': {'large': 'https://randomuser.me/api/portraits/women/72.jpg', 'medium': 'https://randomuser.me/api/portraits/med/women/72.jpg', 'thumbnail': 'https://randomuser.me/api/portraits/thumb/women/72.jpg'}, 'nat': 'US'}], 'info': {'seed': '5cd5a5e652252cdb', 'results': 1, 'page': 1, 'version': '1.4'}}</msg>
<arg>${json_data}</arg>
<doc>Logs the given message with the given level.</doc>
<status status="PASS" start="2024-04-12T10:15:11.790074" elapsed="0.000241"/>
</kw>
<kw name="Should Be Equal As Numbers" owner="BuiltIn">
<arg>${json_data['results'][0]['location']['postcode']}</arg>
<arg>${json_data['results'][0]['location']['postcode']}</arg>
<doc>Fails if objects are unequal after converting them to real numbers.</doc>
<status status="PASS" start="2024-04-12T10:15:11.790634" elapsed="0.000640"/>
</kw>
<kw name="Log" owner="BuiltIn">
<msg time="2024-04-12T10:15:11.791808" level="INFO">24120</msg>
<arg>${json_data['results'][0]['location']['postcode']}</arg>
<doc>Logs the given message with the given level.</doc>
<status status="PASS" start="2024-04-12T10:15:11.791469" elapsed="0.000382"/>
</kw>
<status status="PASS" start="2024-04-12T10:15:11.721123" elapsed="0.070990"/>
</kw>
<doc>Testa se os tipos de dados na resposta da API estão corretos.</doc>
<tag>testeTiposDados</tag>
<status status="PASS" start="2024-04-12T10:15:11.612752" elapsed="0.179540"/>
</test>
<test id="s1-s1-t5" name="Validar conteudo" line="35">
<kw name="Teste de Tipos de Conteudo" owner="random-user-service">
<kw name="GET On Session" owner="RequestsLibrary">
<msg time="2024-04-12T10:15:11.886697" level="INFO">GET Request : url=https://randomuser.me/api 
 path_url=/api 
 headers={'User-Agent': 'python-requests/2.31.0', 'Accept-Encoding': 'gzip, deflate', 'Accept': '*/*', 'Connection': 'keep-alive'} 
 body=None 
 </msg>
<msg time="2024-04-12T10:15:11.886801" level="INFO">GET Response : url=https://randomuser.me/api 
 status=200, reason=OK 
 headers={'Date': 'Fri, 12 Apr 2024 10:15:11 GMT', 'Content-Type': 'application/json; charset=utf-8', 'Transfer-Encoding': 'chunked', 'Connection': 'keep-alive', 'X-Powered-By': 'Express', 'Access-Control-Allow-Origin': '*', 'Cache-Control': 'no-cache', 'ETag': 'W/"47e-I36rbrKb1aIFpyHy9ILftlpMCBc"', 'Vary': 'Accept-Encoding', 'Content-Encoding': 'gzip', 'CF-Cache-Status': 'DYNAMIC', 'Report-To': '{"endpoints":[{"url":"https:\\/\\/a.nel.cloudflare.com\\/report\\/v4?s=MZ5QuiWsD6xE7nTDG5QyoNMvW9Dht1%2B7G5kEhz3wzqvSfuHL9%2FLVdpCLZK4IvpKX31OYWEAy5Sv9Az%2F3J6yRGHEedhggfe803f6vKbNTkZ0RlbX%2BAfHdLXImP8wvmDF4"}],"group":"cf-nel","max_age":604800}', 'NEL': '{"success_fraction":0,"report_to":"cf-nel","max_age":604800}', 'Server': 'cloudflare', 'CF-RAY': '8732742abecf396d-IAD', 'alt-svc': 'h3=":443"; ma=86400'} 
 body={"results":[{"gender":"male","name":{"title":"Mr","first":"Mavrikiy","last":"Onofriychuk"},"location":{"street":{"number":4573,"name":"Prospekt Grinkevicha"},"city":"Pustomiti","state":"Mikolayivska","country":"Ukraine","postcode":38102,"coordinates":{"latitude":"79.4858","longitude":"-63.5605"},"timezone":{"offset":"-10:00","description":"Hawaii"}},"email":"mavrikiy.onofriychuk@example.com","login":{"uuid":"8a174b94-5014-448a-813e-77617c164811","username":"bluetiger523","password":"alfred","salt":"wcgsqFNV","md5":"6df01eebbf4350af6528a74b29623bdf","sha1":"79efad34a1d2f6fd408a344819fdfa96fe0327ec","sha256":"5c9e65fd76190e35c3b9534d9faaa980986be00d531f6cce799c052f46ede86c"},"dob":{"date":"1970-08-31T11:07:59.853Z","age":53},"registered":{"date":"2010-12-03T04:44:06.057Z","age":13},"phone":"(096) U13-2501","cell":"(096) H68-4383","id":{"name":"","value":null},"picture":{"large":"https://randomuser.me/api/portraits/men/9.jpg","medium":"https://randomuser.me/api/portraits/med/men/9.jpg","thumbnail":"https://randomuser.me/api/portraits/thumb/men/9.jpg"},"nat":"UA"}],"info":{"seed":"a1355bdf32abcd9d","results":1,"page":1,"version":"1.4"}} 
 </msg>
<msg time="2024-04-12T10:15:11.886874" level="INFO">/opt/hostedtoolcache/Python/3.12.2/x64/lib/python3.12/site-packages/urllib3/connectionpool.py:1103: InsecureRequestWarning: Unverified HTTPS request is being made to host 'randomuser.me'. Adding certificate verification is strongly advised. See: https://urllib3.readthedocs.io/en/latest/advanced-usage.html#tls-warnings
  warnings.warn(</msg>
<msg time="2024-04-12T10:15:11.886999" level="INFO">${response} = &lt;Response [200]&gt;</msg>
<var>${response}</var>
<arg>consultarAPI</arg>
<arg>/api</arg>
<doc>Sends a GET request on a previously created HTTP Session.</doc>
<status status="PASS" start="2024-04-12T10:15:11.794896" elapsed="0.092130"/>
</kw>
<kw name="Set Variable" owner="BuiltIn">
<msg time="2024-04-12T10:15:11.888206" level="INFO">${json_data} = {'results': [{'gender': 'male', 'name': {'title': 'Mr', 'first': 'Mavrikiy', 'last': 'Onofriychuk'}, 'location': {'street': {'number': 4573, 'name': 'Prospekt Grinkevicha'}, 'city': 'Pustomiti', 'stat...</msg>
<var>${json_data}</var>
<arg>${response.json()}</arg>
<doc>Returns the given values which can then be assigned to a variables.</doc>
<status status="PASS" start="2024-04-12T10:15:11.887614" elapsed="0.000627"/>
</kw>
<kw name="Set Variable" owner="BuiltIn">
<msg time="2024-04-12T10:15:11.889299" level="INFO">${name_title} = Mr</msg>
<var>${name_title}</var>
<arg>${json_data["results"][0]["name"]["title"]}</arg>
<doc>Returns the given values which can then be assigned to a variables.</doc>
<status status="PASS" start="2024-04-12T10:15:11.888703" elapsed="0.000623"/>
</kw>
<kw name="Create List" owner="BuiltIn">
<msg time="2024-04-12T10:15:11.889888" level="INFO">${allowed_titles} = ['Mr', 'Ms', 'Miss', 'Mrs', 'Madame', 'Monsieur']</msg>
<var>${allowed_titles}</var>
<arg>Mr</arg>
<arg>Ms</arg>
<arg>Miss</arg>
<arg>Mrs</arg>
<arg>Madame</arg>
<arg>Monsieur</arg>
<doc>Returns a list containing given items.</doc>
<status status="PASS" start="2024-04-12T10:15:11.889719" elapsed="0.000194"/>
</kw>
<kw name="List Should Contain Value" owner="Collections">
<msg time="2024-04-12T10:15:11.890410" level="INFO">False</msg>
<arg>${allowed_titles}</arg>
<arg>${name_title}</arg>
<doc>Fails if the ``value`` is not found from ``list``.</doc>
<status status="PASS" start="2024-04-12T10:15:11.890227" elapsed="0.000220"/>
</kw>
<kw name="Set Variable" owner="BuiltIn">
<msg time="2024-04-12T10:15:11.891141" level="INFO">${name_country} = UA</msg>
<var>${name_country}</var>
<arg>${json_data["results"][0]["nat"]}</arg>
<doc>Returns the given values which can then be assigned to a variables.</doc>
<status status="PASS" start="2024-04-12T10:15:11.890740" elapsed="0.000426"/>
</kw>
<kw name="Create List" owner="BuiltIn">
<msg time="2024-04-12T10:15:11.892071" level="INFO">${list_country} = ['AD', 'AE', 'AF', 'AG', 'AI', 'AL', 'AM', 'AO', 'AQ', 'AR', 'AS', 'AT', 'AU', 'AW', 'AX', 'AZ', 'BA', 'BB', 'BD', 'BE', 'BF', 'BG', 'BH', 'BI', 'BJ', 'BL', 'BM', 'BN', 'BO', 'BQ', 'BR', 'BS', 'BT', '...</msg>
<var>${list_country}</var>
<arg>AD</arg>
<arg>AE</arg>
<arg>AF</arg>
<arg>AG</arg>
<arg>AI</arg>
<arg>AL</arg>
<arg>AM</arg>
<arg>AO</arg>
<arg>AQ</arg>
<arg>AR</arg>
<arg>AS</arg>
<arg>AT</arg>
<arg>AU</arg>
<arg>AW</arg>
<arg>AX</arg>
<arg>AZ</arg>
<arg>BA</arg>
<arg>BB</arg>
<arg>BD</arg>
<arg>BE</arg>
<arg>BF</arg>
<arg>BG</arg>
<arg>BH</arg>
<arg>BI</arg>
<arg>BJ</arg>
<arg>BL</arg>
<arg>BM</arg>
<arg>BN</arg>
<arg>BO</arg>
<arg>BQ</arg>
<arg>BR</arg>
<arg>BS</arg>
<arg>BT</arg>
<arg>BV</arg>
<arg>BW</arg>
<arg>BY</arg>
<arg>BZ</arg>
<arg>CA</arg>
<arg>CC</arg>
<arg>CD</arg>
<arg>CF</arg>
<arg>CG</arg>
<arg>CH</arg>
<arg>CI</arg>
<arg>CK</arg>
<arg>CL</arg>
<arg>CM</arg>
<arg>CN</arg>
<arg>CO</arg>
<arg>CR</arg>
<arg>CU</arg>
<arg>CV</arg>
<arg>CW</arg>
<arg>CX</arg>
<arg>CY</arg>
<arg>CZ</arg>
<arg>DE</arg>
<arg>DJ</arg>
<arg>DK</arg>
<arg>DM</arg>
<arg>DO</arg>
<arg>DZ</arg>
<arg>EC</arg>
<arg>EE</arg>
<arg>EG</arg>
<arg>EH</arg>
<arg>ER</arg>
<arg>ES</arg>
<arg>ET</arg>
<arg>FI</arg>
<arg>FJ</arg>
<arg>FK</arg>
<arg>FM</arg>
<arg>FO</arg>
<arg>FR</arg>
<arg>GA</arg>
<arg>GB</arg>
<arg>GD</arg>
<arg>GE</arg>
<arg>GF</arg>
<arg>GG</arg>
<arg>GH</arg>
<arg>GI</arg>
<arg>GL</arg>
<arg>GM</arg>
<arg>GN</arg>
<arg>GP</arg>
<arg>GQ</arg>
<arg>GR</arg>
<arg>GS</arg>
<arg>GT</arg>
<arg>GU</arg>
<arg>GW</arg>
<arg>GY</arg>
<arg>HK</arg>
<arg>HM</arg>
<arg>HN</arg>
<arg>HR</arg>
<arg>HT</arg>
<arg>HU</arg>
<arg>ID</arg>
<arg>IE</arg>
<arg>IL</arg>
<arg>IM</arg>
<arg>IN</arg>
<arg>IO</arg>
<arg>IQ</arg>
<arg>IR</arg>
<arg>IS</arg>
<arg>IT</arg>
<arg>JE</arg>
<arg>JM</arg>
<arg>JO</arg>
<arg>JP</arg>
<arg>KE</arg>
<arg>KG</arg>
<arg>KH</arg>
<arg>KI</arg>
<arg>KM</arg>
<arg>KN</arg>
<arg>KP</arg>
<arg>KR</arg>
<arg>KW</arg>
<arg>KY</arg>
<arg>KZ</arg>
<arg>LA</arg>
<arg>LB</arg>
<arg>LC</arg>
<arg>LI</arg>
<arg>LK</arg>
<arg>LR</arg>
<arg>LS</arg>
<arg>LT</arg>
<arg>LU</arg>
<arg>LV</arg>
<arg>LY</arg>
<arg>MA</arg>
<arg>MC</arg>
<arg>MD</arg>
<arg>ME</arg>
<arg>MF</arg>
<arg>MG</arg>
<arg>MH</arg>
<arg>MK</arg>
<arg>ML</arg>
<arg>MM</arg>
<arg>MN</arg>
<arg>MO</arg>
<arg>MP</arg>
<arg>MQ</arg>
<arg>MR</arg>
<arg>MS</arg>
<arg>MT</arg>
<arg>MU</arg>
<arg>MV</arg>
<arg>MW</arg>
<arg>MX</arg>
<arg>MY</arg>
<arg>MZ</arg>
<arg>NA</arg>
<arg>NC</arg>
<arg>NE</arg>
<arg>NF</arg>
<arg>NG</arg>
<arg>NI</arg>
<arg>NL</arg>
<arg>NO</arg>
<arg>NP</arg>
<arg>NR</arg>
<arg>NU</arg>
<arg>NZ</arg>
<arg>OM</arg>
<arg>PA</arg>
<arg>PE</arg>
<arg>PF</arg>
<arg>PG</arg>
<arg>PH</arg>
<arg>PK</arg>
<arg>PL</arg>
<arg>PM</arg>
<arg>PN</arg>
<arg>PR</arg>
<arg>PS</arg>
<arg>PT</arg>
<arg>PW</arg>
<arg>PY</arg>
<arg>QA</arg>
<arg>RE</arg>
<arg>RO</arg>
<arg>RS</arg>
<arg>RU</arg>
<arg>RW</arg>
<arg>SA</arg>
<arg>SB</arg>
<arg>SC</arg>
<arg>SD</arg>
<arg>SE</arg>
<arg>SG</arg>
<arg>SH</arg>
<arg>SI</arg>
<arg>SJ</arg>
<arg>SK</arg>
<arg>SL</arg>
<arg>SM</arg>
<arg>SN</arg>
<arg>SO</arg>
<arg>SR</arg>
<arg>SS</arg>
<arg>ST</arg>
<arg>SV</arg>
<arg>SX</arg>
<arg>SY</arg>
<arg>SZ</arg>
<arg>TC</arg>
<arg>TD</arg>
<arg>TF</arg>
<arg>TG</arg>
<arg>TH</arg>
<arg>TJ</arg>
<arg>TK</arg>
<arg>TL</arg>
<arg>TM</arg>
<arg>TN</arg>
<arg>TO</arg>
<arg>TR</arg>
<arg>TT</arg>
<arg>TV</arg>
<arg>TW</arg>
<arg>TZ</arg>
<arg>UA</arg>
<arg>UG</arg>
<arg>UM</arg>
<arg>US</arg>
<arg>UY</arg>
<arg>UZ</arg>
<arg>VA</arg>
<arg>VC</arg>
<arg>VE</arg>
<arg>VG</arg>
<arg>VI</arg>
<arg>VN</arg>
<arg>VU</arg>
<arg>WF</arg>
<arg>WS</arg>
<arg>XK</arg>
<arg>YE</arg>
<arg>YT</arg>
<arg>ZA</arg>
<arg>ZM</arg>
<arg>ZW</arg>
<doc>Returns a list containing given items.</doc>
<status status="PASS" start="2024-04-12T10:15:11.891475" elapsed="0.000622"/>
</kw>
<kw name="List Should Contain Value" owner="Collections">
<msg time="2024-04-12T10:15:11.893143" level="INFO">False</msg>
<arg>${list_country}</arg>
<arg>${name_country}</arg>
<doc>Fails if the ``value`` is not found from ``list``.</doc>
<status status="PASS" start="2024-04-12T10:15:11.892927" elapsed="0.000254"/>
</kw>
<kw name="Run Keyword If" owner="BuiltIn">
<kw name="Should Be True" owner="BuiltIn">
<arg>${True}</arg>
<doc>Fails if the given condition is not true.</doc>
<status status="PASS" start="2024-04-12T10:15:11.894445" elapsed="0.000148"/>
</kw>
<arg>${json_data["results"][0]["location"]["coordinates"]["latitude"]} &gt;= -90 and ${json_data["results"][0]["location"]["coordinates"]["latitude"]} &lt;= 90</arg>
<arg>Should Be True</arg>
<arg>${True}</arg>
<doc>Runs the given keyword with the given arguments, if ``condition`` is true.</doc>
<status status="PASS" start="2024-04-12T10:15:11.893505" elapsed="0.001218"/>
</kw>
<kw name="Run Keyword If" owner="BuiltIn">
<kw name="Should Be True" owner="BuiltIn">
<arg>${True}</arg>
<doc>Fails if the given condition is not true.</doc>
<status status="PASS" start="2024-04-12T10:15:11.895628" elapsed="0.000139"/>
</kw>
<arg>${json_data["results"][0]["location"]["coordinates"]["longitude"]} &gt;= -180 and ${json_data["results"][0]["location"]["coordinates"]["longitude"]} &lt;= 180</arg>
<arg>Should Be True</arg>
<arg>${True}</arg>
<doc>Runs the given keyword with the given arguments, if ``condition`` is true.</doc>
<status status="PASS" start="2024-04-12T10:15:11.894915" elapsed="0.000977"/>
</kw>
<status status="PASS" start="2024-04-12T10:15:11.794649" elapsed="0.101377"/>
</kw>
<doc>Testa o conteúdo específico dos campos retornados pela API.</doc>
<tag>testeConteudo</tag>
<status status="PASS" start="2024-04-12T10:15:11.794123" elapsed="0.102062"/>
</test>
<status status="PASS" start="2024-04-12T10:15:11.094496" elapsed="0.803705"/>
</suite>
<status status="PASS" start="2024-04-12T10:15:11.079961" elapsed="0.823642"/>
</suite>
<statistics>
<total>
<stat pass="5" fail="0" skip="0">All Tests</stat>
</total>
<tag>
<stat pass="1" fail="0" skip="0">testeConteudo</stat>
<stat pass="1" fail="0" skip="0">testeEstruturaResposta</stat>
<stat pass="1" fail="0" skip="0">testeRequisicaoBasica</stat>
<stat pass="1" fail="0" skip="0">testeTiposDados</stat>
</tag>
<suite>
<stat pass="5" fail="0" skip="0" id="s1" name="Tests">Tests</stat>
<stat pass="5" fail="0" skip="0" id="s1-s1" name="Random-User-Test">Tests.Random-User-Test</stat>
</suite>
</statistics>
<errors>
</errors>
</robot>
