<?xml version="1.0" encoding="UTF-8"?>
<robot generator="Robot 7.0.1 (Python 3.12.4 on linux)" generated="2024-06-26T20:18:19.784505" rpa="false" schemaversion="5">
<suite id="s1" name="Tests" source="/home/runner/work/ApiRandomUser/ApiRandomUser/RamdonUser/tests">
<suite id="s1-s1" name="Random-User-Test" source="/home/runner/work/ApiRandomUser/ApiRandomUser/RamdonUser/tests/random-user-test.robot">
<test id="s1-s1-t1" name="Conectar" line="13">
<kw name="Conectar API" owner="random-user-service">
<kw name="Create Session" owner="RequestsLibrary">
<msg time="2024-06-26T20:18:20.200756" level="INFO">Creating Session using : alias=consultarAPI, url=https://randomuser.me/, headers={},                     cookies={}, auth=None, timeout=None, proxies=None, verify=False,                     debug=0 </msg>
<arg>consultarAPI</arg>
<arg>${URL}</arg>
<doc>Create Session: create a HTTP session to a server</doc>
<status status="PASS" start="2024-06-26T20:18:20.200537" elapsed="0.000407"/>
</kw>
<status status="PASS" start="2024-06-26T20:18:20.199554" elapsed="0.001755"/>
</kw>
<status status="PASS" start="2024-06-26T20:18:20.198939" elapsed="0.002564"/>
</test>
<test id="s1-s1-t2" name="Validar retorno 200 e JSON Válido" line="16">
<kw name="Teste de Requisicao Basica" owner="random-user-service">
<kw name="GET On Session" owner="RequestsLibrary">
<msg time="2024-06-26T20:18:20.431617" level="INFO">GET Request : url=https://randomuser.me/api 
 path_url=/api 
 headers={'User-Agent': 'python-requests/2.32.3', 'Accept-Encoding': 'gzip, deflate', 'Accept': '*/*', 'Connection': 'keep-alive'} 
 body=None 
 </msg>
<msg time="2024-06-26T20:18:20.431766" level="INFO">GET Response : url=https://randomuser.me/api 
 status=200, reason=OK 
 headers={'Date': 'Wed, 26 Jun 2024 20:18:20 GMT', 'Content-Type': 'application/json; charset=utf-8', 'Transfer-Encoding': 'chunked', 'Connection': 'keep-alive', 'X-Powered-By': 'Express', 'Access-Control-Allow-Origin': '*', 'Cache-Control': 'no-cache', 'ETag': 'W/"484-Y31smvOlfVHpGAmA/IkuCHx0WsU"', 'Vary': 'Accept-Encoding', 'Content-Encoding': 'gzip', 'CF-Cache-Status': 'DYNAMIC', 'Report-To': '{"endpoints":[{"url":"https:\\/\\/a.nel.cloudflare.com\\/report\\/v4?s=twEj%2B2VQMcAh1taQuNmZVdqAhNdOKYqpmqlmJxRKeL1as8YXQG2OsOHwmNCp2Ieu15R9wpYoDnhz4CfCEeO9xyM9b8omQ7RqzgDwut5Zpj2MeDSMco2rTu6TJKhNPMK0"}],"group":"cf-nel","max_age":604800}', 'NEL': '{"success_fraction":0,"report_to":"cf-nel","max_age":604800}', 'Server': 'cloudflare', 'CF-RAY': '899fe2cd891e3888-IAD', 'alt-svc': 'h3=":443"; ma=86400'} 
 body={"results":[{"gender":"male","name":{"title":"Mr","first":"Philippe","last":"Slawa"},"location":{"street":{"number":1553,"name":"Grand Marais Ave"},"city":"Oakville","state":"British Columbia","country":"Canada","postcode":"Y6Y 6I9","coordinates":{"latitude":"-65.5126","longitude":"-132.3668"},"timezone":{"offset":"-3:30","description":"Newfoundland"}},"email":"philippe.slawa@example.com","login":{"uuid":"cd428a12-0ef9-4815-b9c2-0182fbaa74f4","username":"smalldog102","password":"maxwell","salt":"c69KHfup","md5":"fe3f30a272ac8888f4581699ebb6c540","sha1":"2d3eb8f7138d4d751d5816c2e043946604a8e48c","sha256":"dc0a5344a165de65f456ad0a476510a1ded71cce942a985d5283626e36421a65"},"dob":{"date":"1949-06-01T08:50:17.305Z","age":75},"registered":{"date":"2013-04-21T23:11:11.181Z","age":11},"phone":"Z76 Q42-9288","cell":"U21 T05-2122","id":{"name":"SIN","value":"035389014"},"picture":{"large":"https://randomuser.me/api/portraits/men/14.jpg","medium":"https://randomuser.me/api/portraits/med/men/14.jpg","thumbnail":"https://randomuser.me/api/portraits/thumb/men/14.jpg"},"nat":"CA"}],"info":{"seed":"23222cd277852bcf","results":1,"page":1,"version":"1.4"}} 
 </msg>
<msg time="2024-06-26T20:18:20.431845" level="INFO">/opt/hostedtoolcache/Python/3.12.4/x64/lib/python3.12/site-packages/urllib3/connectionpool.py:1099: InsecureRequestWarning: Unverified HTTPS request is being made to host 'randomuser.me'. Adding certificate verification is strongly advised. See: https://urllib3.readthedocs.io/en/latest/advanced-usage.html#tls-warnings
  warnings.warn(</msg>
<msg time="2024-06-26T20:18:20.432007" level="INFO">${response} = &lt;Response [200]&gt;</msg>
<var>${response}</var>
<arg>consultarAPI</arg>
<arg>/api</arg>
<doc>Sends a GET request on a previously created HTTP Session.</doc>
<status status="PASS" start="2024-06-26T20:18:20.204146" elapsed="0.227902"/>
</kw>
<kw name="Should Be Equal As Numbers" owner="BuiltIn">
<msg time="2024-06-26T20:18:20.433190" level="INFO">Argument types are:
&lt;class 'int'&gt;
&lt;class 'str'&gt;</msg>
<arg>${response.status_code}</arg>
<arg>200</arg>
<doc>Fails if objects are unequal after converting them to real numbers.</doc>
<status status="PASS" start="2024-06-26T20:18:20.432705" elapsed="0.000550"/>
</kw>
<kw name="Log" owner="BuiltIn">
<msg time="2024-06-26T20:18:20.433934" level="INFO">200</msg>
<arg>${response.status_code}</arg>
<doc>Logs the given message with the given level.</doc>
<status status="PASS" start="2024-06-26T20:18:20.433577" elapsed="0.000400"/>
</kw>
<kw name="Set Variable" owner="BuiltIn">
<msg time="2024-06-26T20:18:20.434706" level="INFO">${json_data} = {'results': [{'gender': 'male', 'name': {'title': 'Mr', 'first': 'Philippe', 'last': 'Slawa'}, 'location': {'street': {'number': 1553, 'name': 'Grand Marais Ave'}, 'city': 'Oakville', 'state': 'Britis...</msg>
<var>${json_data}</var>
<arg>${response.json()}</arg>
<doc>Returns the given values which can then be assigned to a variables.</doc>
<status status="PASS" start="2024-06-26T20:18:20.434277" elapsed="0.000458"/>
</kw>
<kw name="Dictionary Should Contain Key" owner="Collections">
<arg>${json_data}</arg>
<arg>results</arg>
<doc>Fails if ``key`` is not found from ``dictionary``.</doc>
<status status="PASS" start="2024-06-26T20:18:20.435065" elapsed="0.000170"/>
</kw>
<status status="PASS" start="2024-06-26T20:18:20.203896" elapsed="0.231489"/>
</kw>
<doc>Testa se a API responde corretamente e retorna um objeto JSON válido.</doc>
<tag>testeRequisicaoBasica</tag>
<status status="PASS" start="2024-06-26T20:18:20.203420" elapsed="0.232148"/>
</test>
<test id="s1-s1-t3" name="Validar estrutura de resposta" line="22">
<kw name="Teste de Estrutura de Resposta" owner="random-user-service">
<kw name="GET On Session" owner="RequestsLibrary">
<msg time="2024-06-26T20:18:20.574972" level="INFO">GET Request : url=https://randomuser.me/api 
 path_url=/api 
 headers={'User-Agent': 'python-requests/2.32.3', 'Accept-Encoding': 'gzip, deflate', 'Accept': '*/*', 'Connection': 'keep-alive'} 
 body=None 
 </msg>
<msg time="2024-06-26T20:18:20.575104" level="INFO">GET Response : url=https://randomuser.me/api 
 status=200, reason=OK 
 headers={'Date': 'Wed, 26 Jun 2024 20:18:20 GMT', 'Content-Type': 'application/json; charset=utf-8', 'Transfer-Encoding': 'chunked', 'Connection': 'keep-alive', 'X-Powered-By': 'Express', 'Access-Control-Allow-Origin': '*', 'Cache-Control': 'no-cache', 'ETag': 'W/"487-ONuWsMelP5O3NpSESBIw0KtBLmg"', 'Vary': 'Accept-Encoding', 'Content-Encoding': 'gzip', 'CF-Cache-Status': 'DYNAMIC', 'Report-To': '{"endpoints":[{"url":"https:\\/\\/a.nel.cloudflare.com\\/report\\/v4?s=ukn3HB8olijDGa83z9UoWD6ZGcTggPolTn5f26TWFgk2iuA21QA4rpUP5UZ%2BVEnapWic79ImLNzTLGFYoacTidmaIxUO7AJ8WhBxud5OuzJ5M1IXnOlZNFbC9M8RWFVf"}],"group":"cf-nel","max_age":604800}', 'NEL': '{"success_fraction":0,"report_to":"cf-nel","max_age":604800}', 'Server': 'cloudflare', 'CF-RAY': '899fe2cdc9783888-IAD', 'alt-svc': 'h3=":443"; ma=86400'} 
 body={"results":[{"gender":"male","name":{"title":"Mr","first":"Zvenigor","last":"Lisovenko"},"location":{"street":{"number":5631,"name":"Rozheva"},"city":"Sievierodoneck","state":"Avtonomna Respublika Krim","country":"Ukraine","postcode":69721,"coordinates":{"latitude":"73.9047","longitude":"-157.8318"},"timezone":{"offset":"+4:30","description":"Kabul"}},"email":"zvenigor.lisovenko@example.com","login":{"uuid":"68a9cc0a-455c-4ce4-918a-be44cb3668b9","username":"orangeostrich756","password":"austin31","salt":"qvtVU3q1","md5":"ff5248a2cbd1c11776357d730d4e3bfa","sha1":"9e19390b293721576c1cc39885f414db69c20925","sha256":"fb005af94a494ef53b36c06d46014d47d561d5196f2de609ec0e75735babd4c7"},"dob":{"date":"1994-12-31T13:59:04.137Z","age":29},"registered":{"date":"2007-08-21T11:25:51.104Z","age":16},"phone":"(098) S24-3575","cell":"(097) L42-8232","id":{"name":"","value":null},"picture":{"large":"https://randomuser.me/api/portraits/men/27.jpg","medium":"https://randomuser.me/api/portraits/med/men/27.jpg","thumbnail":"https://randomuser.me/api/portraits/thumb/men/27.jpg"},"nat":"UA"}],"info":{"seed":"847b0b53f91cb15a","results":1,"page":1,"version":"1.4"}} 
 </msg>
<msg time="2024-06-26T20:18:20.575225" level="INFO">/opt/hostedtoolcache/Python/3.12.4/x64/lib/python3.12/site-packages/urllib3/connectionpool.py:1099: InsecureRequestWarning: Unverified HTTPS request is being made to host 'randomuser.me'. Adding certificate verification is strongly advised. See: https://urllib3.readthedocs.io/en/latest/advanced-usage.html#tls-warnings
  warnings.warn(</msg>
<msg time="2024-06-26T20:18:20.575344" level="INFO">${response} = &lt;Response [200]&gt;</msg>
<var>${response}</var>
<arg>consultarAPI</arg>
<arg>/api</arg>
<doc>Sends a GET request on a previously created HTTP Session.</doc>
<status status="PASS" start="2024-06-26T20:18:20.438201" elapsed="0.137185"/>
</kw>
<kw name="Set Variable" owner="BuiltIn">
<msg time="2024-06-26T20:18:20.576368" level="INFO">${json_data} = {'results': [{'gender': 'male', 'name': {'title': 'Mr', 'first': 'Zvenigor', 'last': 'Lisovenko'}, 'location': {'street': {'number': 5631, 'name': 'Rozheva'}, 'city': 'Sievierodoneck', 'state': 'Avton...</msg>
<var>${json_data}</var>
<arg>${response.json()}</arg>
<doc>Returns the given values which can then be assigned to a variables.</doc>
<status status="PASS" start="2024-06-26T20:18:20.575861" elapsed="0.000535"/>
</kw>
<kw name="Log" owner="BuiltIn">
<msg time="2024-06-26T20:18:20.576856" level="INFO">{'results': [{'gender': 'male', 'name': {'title': 'Mr', 'first': 'Zvenigor', 'last': 'Lisovenko'}, 'location': {'street': {'number': 5631, 'name': 'Rozheva'}, 'city': 'Sievierodoneck', 'state': 'Avtonomna Respublika Krim', 'country': 'Ukraine', 'postcode': 69721, 'coordinates': {'latitude': '73.9047', 'longitude': '-157.8318'}, 'timezone': {'offset': '+4:30', 'description': 'Kabul'}}, 'email': 'zvenigor.lisovenko@example.com', 'login': {'uuid': '68a9cc0a-455c-4ce4-918a-be44cb3668b9', 'username': 'orangeostrich756', 'password': 'austin31', 'salt': 'qvtVU3q1', 'md5': 'ff5248a2cbd1c11776357d730d4e3bfa', 'sha1': '9e19390b293721576c1cc39885f414db69c20925', 'sha256': 'fb005af94a494ef53b36c06d46014d47d561d5196f2de609ec0e75735babd4c7'}, 'dob': {'date': '1994-12-31T13:59:04.137Z', 'age': 29}, 'registered': {'date': '2007-08-21T11:25:51.104Z', 'age': 16}, 'phone': '(098) S24-3575', 'cell': '(097) L42-8232', 'id': {'name': '', 'value': None}, 'picture': {'large': 'https://randomuser.me/api/portraits/men/27.jpg', 'medium': 'https://randomuser.me/api/portraits/med/men/27.jpg', 'thumbnail': 'https://randomuser.me/api/portraits/thumb/men/27.jpg'}, 'nat': 'UA'}], 'info': {'seed': '847b0b53f91cb15a', 'results': 1, 'page': 1, 'version': '1.4'}}</msg>
<arg>${json_data}</arg>
<doc>Logs the given message with the given level.</doc>
<status status="PASS" start="2024-06-26T20:18:20.576698" elapsed="0.000206"/>
</kw>
<kw name="Dictionary Should Contain Key" owner="Collections">
<arg>${json_data}</arg>
<arg>results</arg>
<doc>Fails if ``key`` is not found from ``dictionary``.</doc>
<status status="PASS" start="2024-06-26T20:18:20.577202" elapsed="0.000156"/>
</kw>
<kw name="Should Not Be Empty" owner="BuiltIn">
<msg time="2024-06-26T20:18:20.577666" level="INFO">Length is 2.</msg>
<arg>${json_data}</arg>
<doc>Verifies that the given item is not empty.</doc>
<status status="PASS" start="2024-06-26T20:18:20.577539" elapsed="0.000170"/>
</kw>
<kw name="Create List" owner="BuiltIn">
<msg time="2024-06-26T20:18:20.578305" level="INFO">${expected_keys} = ['gender', 'name', 'location', 'email', 'login']</msg>
<var>${expected_keys}</var>
<arg>gender</arg>
<arg>name</arg>
<arg>location</arg>
<arg>email</arg>
<arg>login</arg>
<doc>Returns a list containing given items.</doc>
<status status="PASS" start="2024-06-26T20:18:20.578003" elapsed="0.000326"/>
</kw>
<for flavor="IN">
<iter>
<kw name="Dictionary Should Contain Key" owner="Collections">
<arg>${json_data['results'][0]}</arg>
<arg>${key}</arg>
<doc>Fails if ``key`` is not found from ``dictionary``.</doc>
<status status="PASS" start="2024-06-26T20:18:20.578903" elapsed="0.000419"/>
</kw>
<kw name="Log" owner="BuiltIn">
<msg time="2024-06-26T20:18:20.579863" level="INFO">{'gender': 'male', 'name': {'title': 'Mr', 'first': 'Zvenigor', 'last': 'Lisovenko'}, 'location': {'street': {'number': 5631, 'name': 'Rozheva'}, 'city': 'Sievierodoneck', 'state': 'Avtonomna Respublika Krim', 'country': 'Ukraine', 'postcode': 69721, 'coordinates': {'latitude': '73.9047', 'longitude': '-157.8318'}, 'timezone': {'offset': '+4:30', 'description': 'Kabul'}}, 'email': 'zvenigor.lisovenko@example.com', 'login': {'uuid': '68a9cc0a-455c-4ce4-918a-be44cb3668b9', 'username': 'orangeostrich756', 'password': 'austin31', 'salt': 'qvtVU3q1', 'md5': 'ff5248a2cbd1c11776357d730d4e3bfa', 'sha1': '9e19390b293721576c1cc39885f414db69c20925', 'sha256': 'fb005af94a494ef53b36c06d46014d47d561d5196f2de609ec0e75735babd4c7'}, 'dob': {'date': '1994-12-31T13:59:04.137Z', 'age': 29}, 'registered': {'date': '2007-08-21T11:25:51.104Z', 'age': 16}, 'phone': '(098) S24-3575', 'cell': '(097) L42-8232', 'id': {'name': '', 'value': None}, 'picture': {'large': 'https://randomuser.me/api/portraits/men/27.jpg', 'medium': 'https://randomuser.me/api/portraits/med/men/27.jpg', 'thumbnail': 'https://randomuser.me/api/portraits/thumb/men/27.jpg'}, 'nat': 'UA'}</msg>
<arg>${json_data['results'][0]}</arg>
<doc>Logs the given message with the given level.</doc>
<status status="PASS" start="2024-06-26T20:18:20.579506" elapsed="0.000406"/>
</kw>
<kw name="Log" owner="BuiltIn">
<msg time="2024-06-26T20:18:20.580328" level="INFO">gender</msg>
<arg>${key}</arg>
<doc>Logs the given message with the given level.</doc>
<status status="PASS" start="2024-06-26T20:18:20.580202" elapsed="0.000164"/>
</kw>
<var name="${key}">gender</var>
<status status="PASS" start="2024-06-26T20:18:20.578782" elapsed="0.001797"/>
</iter>
<iter>
<kw name="Dictionary Should Contain Key" owner="Collections">
<arg>${json_data['results'][0]}</arg>
<arg>${key}</arg>
<doc>Fails if ``key`` is not found from ``dictionary``.</doc>
<status status="PASS" start="2024-06-26T20:18:20.580868" elapsed="0.000388"/>
</kw>
<kw name="Log" owner="BuiltIn">
<msg time="2024-06-26T20:18:20.581777" level="INFO">{'gender': 'male', 'name': {'title': 'Mr', 'first': 'Zvenigor', 'last': 'Lisovenko'}, 'location': {'street': {'number': 5631, 'name': 'Rozheva'}, 'city': 'Sievierodoneck', 'state': 'Avtonomna Respublika Krim', 'country': 'Ukraine', 'postcode': 69721, 'coordinates': {'latitude': '73.9047', 'longitude': '-157.8318'}, 'timezone': {'offset': '+4:30', 'description': 'Kabul'}}, 'email': 'zvenigor.lisovenko@example.com', 'login': {'uuid': '68a9cc0a-455c-4ce4-918a-be44cb3668b9', 'username': 'orangeostrich756', 'password': 'austin31', 'salt': 'qvtVU3q1', 'md5': 'ff5248a2cbd1c11776357d730d4e3bfa', 'sha1': '9e19390b293721576c1cc39885f414db69c20925', 'sha256': 'fb005af94a494ef53b36c06d46014d47d561d5196f2de609ec0e75735babd4c7'}, 'dob': {'date': '1994-12-31T13:59:04.137Z', 'age': 29}, 'registered': {'date': '2007-08-21T11:25:51.104Z', 'age': 16}, 'phone': '(098) S24-3575', 'cell': '(097) L42-8232', 'id': {'name': '', 'value': None}, 'picture': {'large': 'https://randomuser.me/api/portraits/men/27.jpg', 'medium': 'https://randomuser.me/api/portraits/med/men/27.jpg', 'thumbnail': 'https://randomuser.me/api/portraits/thumb/men/27.jpg'}, 'nat': 'UA'}</msg>
<arg>${json_data['results'][0]}</arg>
<doc>Logs the given message with the given level.</doc>
<status status="PASS" start="2024-06-26T20:18:20.581435" elapsed="0.000418"/>
</kw>
<kw name="Log" owner="BuiltIn">
<msg time="2024-06-26T20:18:20.582274" level="INFO">name</msg>
<arg>${key}</arg>
<doc>Logs the given message with the given level.</doc>
<status status="PASS" start="2024-06-26T20:18:20.582144" elapsed="0.000168"/>
</kw>
<var name="${key}">name</var>
<status status="PASS" start="2024-06-26T20:18:20.580759" elapsed="0.001765"/>
</iter>
<iter>
<kw name="Dictionary Should Contain Key" owner="Collections">
<arg>${json_data['results'][0]}</arg>
<arg>${key}</arg>
<doc>Fails if ``key`` is not found from ``dictionary``.</doc>
<status status="PASS" start="2024-06-26T20:18:20.582799" elapsed="0.000452"/>
</kw>
<kw name="Log" owner="BuiltIn">
<msg time="2024-06-26T20:18:20.583780" level="INFO">{'gender': 'male', 'name': {'title': 'Mr', 'first': 'Zvenigor', 'last': 'Lisovenko'}, 'location': {'street': {'number': 5631, 'name': 'Rozheva'}, 'city': 'Sievierodoneck', 'state': 'Avtonomna Respublika Krim', 'country': 'Ukraine', 'postcode': 69721, 'coordinates': {'latitude': '73.9047', 'longitude': '-157.8318'}, 'timezone': {'offset': '+4:30', 'description': 'Kabul'}}, 'email': 'zvenigor.lisovenko@example.com', 'login': {'uuid': '68a9cc0a-455c-4ce4-918a-be44cb3668b9', 'username': 'orangeostrich756', 'password': 'austin31', 'salt': 'qvtVU3q1', 'md5': 'ff5248a2cbd1c11776357d730d4e3bfa', 'sha1': '9e19390b293721576c1cc39885f414db69c20925', 'sha256': 'fb005af94a494ef53b36c06d46014d47d561d5196f2de609ec0e75735babd4c7'}, 'dob': {'date': '1994-12-31T13:59:04.137Z', 'age': 29}, 'registered': {'date': '2007-08-21T11:25:51.104Z', 'age': 16}, 'phone': '(098) S24-3575', 'cell': '(097) L42-8232', 'id': {'name': '', 'value': None}, 'picture': {'large': 'https://randomuser.me/api/portraits/men/27.jpg', 'medium': 'https://randomuser.me/api/portraits/med/men/27.jpg', 'thumbnail': 'https://randomuser.me/api/portraits/thumb/men/27.jpg'}, 'nat': 'UA'}</msg>
<arg>${json_data['results'][0]}</arg>
<doc>Logs the given message with the given level.</doc>
<status status="PASS" start="2024-06-26T20:18:20.583434" elapsed="0.000392"/>
</kw>
<kw name="Log" owner="BuiltIn">
<msg time="2024-06-26T20:18:20.584410" level="INFO">location</msg>
<arg>${key}</arg>
<doc>Logs the given message with the given level.</doc>
<status status="PASS" start="2024-06-26T20:18:20.584236" elapsed="0.000235"/>
</kw>
<var name="${key}">location</var>
<status status="PASS" start="2024-06-26T20:18:20.582693" elapsed="0.002101"/>
</iter>
<iter>
<kw name="Dictionary Should Contain Key" owner="Collections">
<arg>${json_data['results'][0]}</arg>
<arg>${key}</arg>
<doc>Fails if ``key`` is not found from ``dictionary``.</doc>
<status status="PASS" start="2024-06-26T20:18:20.585085" elapsed="0.000387"/>
</kw>
<kw name="Log" owner="BuiltIn">
<msg time="2024-06-26T20:18:20.586010" level="INFO">{'gender': 'male', 'name': {'title': 'Mr', 'first': 'Zvenigor', 'last': 'Lisovenko'}, 'location': {'street': {'number': 5631, 'name': 'Rozheva'}, 'city': 'Sievierodoneck', 'state': 'Avtonomna Respublika Krim', 'country': 'Ukraine', 'postcode': 69721, 'coordinates': {'latitude': '73.9047', 'longitude': '-157.8318'}, 'timezone': {'offset': '+4:30', 'description': 'Kabul'}}, 'email': 'zvenigor.lisovenko@example.com', 'login': {'uuid': '68a9cc0a-455c-4ce4-918a-be44cb3668b9', 'username': 'orangeostrich756', 'password': 'austin31', 'salt': 'qvtVU3q1', 'md5': 'ff5248a2cbd1c11776357d730d4e3bfa', 'sha1': '9e19390b293721576c1cc39885f414db69c20925', 'sha256': 'fb005af94a494ef53b36c06d46014d47d561d5196f2de609ec0e75735babd4c7'}, 'dob': {'date': '1994-12-31T13:59:04.137Z', 'age': 29}, 'registered': {'date': '2007-08-21T11:25:51.104Z', 'age': 16}, 'phone': '(098) S24-3575', 'cell': '(097) L42-8232', 'id': {'name': '', 'value': None}, 'picture': {'large': 'https://randomuser.me/api/portraits/men/27.jpg', 'medium': 'https://randomuser.me/api/portraits/med/men/27.jpg', 'thumbnail': 'https://randomuser.me/api/portraits/thumb/men/27.jpg'}, 'nat': 'UA'}</msg>
<arg>${json_data['results'][0]}</arg>
<doc>Logs the given message with the given level.</doc>
<status status="PASS" start="2024-06-26T20:18:20.585659" elapsed="0.000400"/>
</kw>
<kw name="Log" owner="BuiltIn">
<msg time="2024-06-26T20:18:20.586475" level="INFO">email</msg>
<arg>${key}</arg>
<doc>Logs the given message with the given level.</doc>
<status status="PASS" start="2024-06-26T20:18:20.586349" elapsed="0.000163"/>
</kw>
<var name="${key}">email</var>
<status status="PASS" start="2024-06-26T20:18:20.584967" elapsed="0.001757"/>
</iter>
<iter>
<kw name="Dictionary Should Contain Key" owner="Collections">
<arg>${json_data['results'][0]}</arg>
<arg>${key}</arg>
<doc>Fails if ``key`` is not found from ``dictionary``.</doc>
<status status="PASS" start="2024-06-26T20:18:20.587021" elapsed="0.000403"/>
</kw>
<kw name="Log" owner="BuiltIn">
<msg time="2024-06-26T20:18:20.587967" level="INFO">{'gender': 'male', 'name': {'title': 'Mr', 'first': 'Zvenigor', 'last': 'Lisovenko'}, 'location': {'street': {'number': 5631, 'name': 'Rozheva'}, 'city': 'Sievierodoneck', 'state': 'Avtonomna Respublika Krim', 'country': 'Ukraine', 'postcode': 69721, 'coordinates': {'latitude': '73.9047', 'longitude': '-157.8318'}, 'timezone': {'offset': '+4:30', 'description': 'Kabul'}}, 'email': 'zvenigor.lisovenko@example.com', 'login': {'uuid': '68a9cc0a-455c-4ce4-918a-be44cb3668b9', 'username': 'orangeostrich756', 'password': 'austin31', 'salt': 'qvtVU3q1', 'md5': 'ff5248a2cbd1c11776357d730d4e3bfa', 'sha1': '9e19390b293721576c1cc39885f414db69c20925', 'sha256': 'fb005af94a494ef53b36c06d46014d47d561d5196f2de609ec0e75735babd4c7'}, 'dob': {'date': '1994-12-31T13:59:04.137Z', 'age': 29}, 'registered': {'date': '2007-08-21T11:25:51.104Z', 'age': 16}, 'phone': '(098) S24-3575', 'cell': '(097) L42-8232', 'id': {'name': '', 'value': None}, 'picture': {'large': 'https://randomuser.me/api/portraits/men/27.jpg', 'medium': 'https://randomuser.me/api/portraits/med/men/27.jpg', 'thumbnail': 'https://randomuser.me/api/portraits/thumb/men/27.jpg'}, 'nat': 'UA'}</msg>
<arg>${json_data['results'][0]}</arg>
<doc>Logs the given message with the given level.</doc>
<status status="PASS" start="2024-06-26T20:18:20.587615" elapsed="0.000408"/>
</kw>
<kw name="Log" owner="BuiltIn">
<msg time="2024-06-26T20:18:20.588444" level="INFO">login</msg>
<arg>${key}</arg>
<doc>Logs the given message with the given level.</doc>
<status status="PASS" start="2024-06-26T20:18:20.588313" elapsed="0.000168"/>
</kw>
<var name="${key}">login</var>
<status status="PASS" start="2024-06-26T20:18:20.586890" elapsed="0.001803"/>
</iter>
<var>${key}</var>
<value>@{expected_keys}</value>
<status status="PASS" start="2024-06-26T20:18:20.578587" elapsed="0.010224"/>
</for>
<kw name="Create List" owner="BuiltIn">
<msg time="2024-06-26T20:18:20.589127" level="INFO">${expected_keysTwo} = ['username', 'password']</msg>
<var>${expected_keysTwo}</var>
<arg>username</arg>
<arg>password</arg>
<doc>Returns a list containing given items.</doc>
<status status="PASS" start="2024-06-26T20:18:20.588996" elapsed="0.000154"/>
</kw>
<for flavor="IN">
<iter>
<kw name="Dictionary Should Contain Key" owner="Collections">
<arg>${json_data['results'][0]['login']}</arg>
<arg>${keyTwo}</arg>
<doc>Fails if ``key`` is not found from ``dictionary``.</doc>
<status status="PASS" start="2024-06-26T20:18:20.589667" elapsed="0.000382"/>
</kw>
<kw name="Dictionary Should Contain Key" owner="Collections">
<arg>${json_data['results'][0]['login']}</arg>
<arg>${keyTwo}</arg>
<doc>Fails if ``key`` is not found from ``dictionary``.</doc>
<status status="PASS" start="2024-06-26T20:18:20.590227" elapsed="0.000372"/>
</kw>
<kw name="Log" owner="BuiltIn">
<msg time="2024-06-26T20:18:20.590894" level="INFO">username</msg>
<arg>${keyTwo}</arg>
<doc>Logs the given message with the given level.</doc>
<status status="PASS" start="2024-06-26T20:18:20.590775" elapsed="0.000156"/>
</kw>
<var name="${keyTwo}">username</var>
<status status="PASS" start="2024-06-26T20:18:20.589560" elapsed="0.001635"/>
</iter>
<iter>
<kw name="Dictionary Should Contain Key" owner="Collections">
<arg>${json_data['results'][0]['login']}</arg>
<arg>${keyTwo}</arg>
<doc>Fails if ``key`` is not found from ``dictionary``.</doc>
<status status="PASS" start="2024-06-26T20:18:20.591477" elapsed="0.000386"/>
</kw>
<kw name="Dictionary Should Contain Key" owner="Collections">
<arg>${json_data['results'][0]['login']}</arg>
<arg>${keyTwo}</arg>
<doc>Fails if ``key`` is not found from ``dictionary``.</doc>
<status status="PASS" start="2024-06-26T20:18:20.592040" elapsed="0.000369"/>
</kw>
<kw name="Log" owner="BuiltIn">
<msg time="2024-06-26T20:18:20.592698" level="INFO">password</msg>
<arg>${keyTwo}</arg>
<doc>Logs the given message with the given level.</doc>
<status status="PASS" start="2024-06-26T20:18:20.592582" elapsed="0.000152"/>
</kw>
<var name="${keyTwo}">password</var>
<status status="PASS" start="2024-06-26T20:18:20.591365" elapsed="0.001675"/>
</iter>
<var>${keyTwo}</var>
<value>@{expected_keysTwo}</value>
<status status="PASS" start="2024-06-26T20:18:20.589407" elapsed="0.003752"/>
</for>
<status status="PASS" start="2024-06-26T20:18:20.437963" elapsed="0.155334"/>
</kw>
<doc>Testa a estrutura da resposta da API.</doc>
<tag>testeEstruturaResposta</tag>
<status status="PASS" start="2024-06-26T20:18:20.437372" elapsed="0.156075"/>
</test>
<test id="s1-s1-t4" name="Validar tipos de dados" line="28">
<kw name="Teste de Tipos de Dados" owner="random-user-service">
<kw name="GET On Session" owner="RequestsLibrary">
<msg time="2024-06-26T20:18:20.637513" level="INFO">GET Request : url=https://randomuser.me/api 
 path_url=/api 
 headers={'User-Agent': 'python-requests/2.32.3', 'Accept-Encoding': 'gzip, deflate', 'Accept': '*/*', 'Connection': 'keep-alive'} 
 body=None 
 </msg>
<msg time="2024-06-26T20:18:20.637591" level="INFO">GET Response : url=https://randomuser.me/api 
 status=200, reason=OK 
 headers={'Date': 'Wed, 26 Jun 2024 20:18:20 GMT', 'Content-Type': 'application/json; charset=utf-8', 'Transfer-Encoding': 'chunked', 'Connection': 'keep-alive', 'X-Powered-By': 'Express', 'Access-Control-Allow-Origin': '*', 'Cache-Control': 'no-cache', 'ETag': 'W/"47a-59RHnJUO7D/xORsqj5HEzNL9I5o"', 'Vary': 'Accept-Encoding', 'Content-Encoding': 'gzip', 'CF-Cache-Status': 'DYNAMIC', 'Report-To': '{"endpoints":[{"url":"https:\\/\\/a.nel.cloudflare.com\\/report\\/v4?s=bZ%2FB9uxbb%2BP%2FkaogWGxARM5V0Cqef00dKfJwJPR1DJAnl5RWDibfP%2B8sGgdo7qMSIPKfpuqZSdKNR73mOWdfDJIVmIVb7WMqrdx6epEFRGlEXL7nMmLhlmsaZEHT64Bn"}],"group":"cf-nel","max_age":604800}', 'NEL': '{"success_fraction":0,"report_to":"cf-nel","max_age":604800}', 'Server': 'cloudflare', 'CF-RAY': '899fe2cebaa83888-IAD', 'alt-svc': 'h3=":443"; ma=86400'} 
 body={"results":[{"gender":"female","name":{"title":"Mrs","first":"Elif","last":"Okur"},"location":{"street":{"number":3369,"name":"Bağdat Cd"},"city":"Burdur","state":"Kars","country":"Turkey","postcode":20913,"coordinates":{"latitude":"68.8063","longitude":"146.6585"},"timezone":{"offset":"-3:00","description":"Brazil, Buenos Aires, Georgetown"}},"email":"elif.okur@example.com","login":{"uuid":"5a955d27-1214-44fc-a118-9a6b813bedd8","username":"orangemeercat682","password":"aurora","salt":"jeqt0Vzf","md5":"46934cbeda5a23bf26f98d132daa30f5","sha1":"414d57f150e839df359e87db5a2db0ae8dbe0f00","sha256":"e925f7282f110d8867ec169a20e682ffc9de9632c2afa0e6d92933bf9dc0659b"},"dob":{"date":"1966-09-06T21:19:55.838Z","age":57},"registered":{"date":"2016-03-09T19:20:53.864Z","age":8},"phone":"(017)-888-5700","cell":"(634)-186-8089","id":{"name":"","value":null},"picture":{"large":"https://randomuser.me/api/portraits/women/49.jpg","medium":"https://randomuser.me/api/portraits/med/women/49.jpg","thumbnail":"https://randomuser.me/api/portraits/thumb/women/49.jpg"},"nat":"TR"}],"info":{"seed":"b88d0f7bcd7d61ba","results":1,"page":1,"version":"1.4"}} 
 </msg>
<msg time="2024-06-26T20:18:20.637661" level="INFO">/opt/hostedtoolcache/Python/3.12.4/x64/lib/python3.12/site-packages/urllib3/connectionpool.py:1099: InsecureRequestWarning: Unverified HTTPS request is being made to host 'randomuser.me'. Adding certificate verification is strongly advised. See: https://urllib3.readthedocs.io/en/latest/advanced-usage.html#tls-warnings
  warnings.warn(</msg>
<msg time="2024-06-26T20:18:20.637761" level="INFO">${response} = &lt;Response [200]&gt;</msg>
<var>${response}</var>
<arg>consultarAPI</arg>
<arg>/api</arg>
<doc>Sends a GET request on a previously created HTTP Session.</doc>
<status status="PASS" start="2024-06-26T20:18:20.595994" elapsed="0.041805"/>
</kw>
<kw name="Set Variable" owner="BuiltIn">
<msg time="2024-06-26T20:18:20.638661" level="INFO">${json_data} = {'results': [{'gender': 'female', 'name': {'title': 'Mrs', 'first': 'Elif', 'last': 'Okur'}, 'location': {'street': {'number': 3369, 'name': 'Bağdat Cd'}, 'city': 'Burdur', 'state': 'Kars', 'country':...</msg>
<var>${json_data}</var>
<arg>${response.json()}</arg>
<doc>Returns the given values which can then be assigned to a variables.</doc>
<status status="PASS" start="2024-06-26T20:18:20.638208" elapsed="0.000482"/>
</kw>
<kw name="Log" owner="BuiltIn">
<msg time="2024-06-26T20:18:20.639186" level="INFO">{'results': [{'gender': 'female', 'name': {'title': 'Mrs', 'first': 'Elif', 'last': 'Okur'}, 'location': {'street': {'number': 3369, 'name': 'Bağdat Cd'}, 'city': 'Burdur', 'state': 'Kars', 'country': 'Turkey', 'postcode': 20913, 'coordinates': {'latitude': '68.8063', 'longitude': '146.6585'}, 'timezone': {'offset': '-3:00', 'description': 'Brazil, Buenos Aires, Georgetown'}}, 'email': 'elif.okur@example.com', 'login': {'uuid': '5a955d27-1214-44fc-a118-9a6b813bedd8', 'username': 'orangemeercat682', 'password': 'aurora', 'salt': 'jeqt0Vzf', 'md5': '46934cbeda5a23bf26f98d132daa30f5', 'sha1': '414d57f150e839df359e87db5a2db0ae8dbe0f00', 'sha256': 'e925f7282f110d8867ec169a20e682ffc9de9632c2afa0e6d92933bf9dc0659b'}, 'dob': {'date': '1966-09-06T21:19:55.838Z', 'age': 57}, 'registered': {'date': '2016-03-09T19:20:53.864Z', 'age': 8}, 'phone': '(017)-888-5700', 'cell': '(634)-186-8089', 'id': {'name': '', 'value': None}, 'picture': {'large': 'https://randomuser.me/api/portraits/women/49.jpg', 'medium': 'https://randomuser.me/api/portraits/med/women/49.jpg', 'thumbnail': 'https://randomuser.me/api/portraits/thumb/women/49.jpg'}, 'nat': 'TR'}], 'info': {'seed': 'b88d0f7bcd7d61ba', 'results': 1, 'page': 1, 'version': '1.4'}}</msg>
<arg>${json_data}</arg>
<doc>Logs the given message with the given level.</doc>
<status status="PASS" start="2024-06-26T20:18:20.639019" elapsed="0.000218"/>
</kw>
<kw name="Should Be String" owner="String">
<arg>${json_data['results'][0]['gender']}</arg>
<doc>Fails if the given ``item`` is not a string.</doc>
<status status="PASS" start="2024-06-26T20:18:20.639537" elapsed="0.000366"/>
</kw>
<kw name="Should Match Regexp" owner="BuiltIn">
<arg>${json_data['results'][0]['email']}</arg>
<arg>^[a-zA-Z0-9._%+-]+@[a-zA-Z0-9.-]+\.[a-zA-Z]{2,}$</arg>
<doc>Fails if ``string`` does not match ``pattern`` as a regular expression.</doc>
<status status="PASS" start="2024-06-26T20:18:20.640087" elapsed="0.000512"/>
</kw>
<kw name="Should Match Regexp" owner="BuiltIn">
<arg>${json_data['results'][0]['dob']['date']}</arg>
<arg>\\d{4}-\\d{2}-\\d{2}T\\d{2}:\\d{2}:\\d{2}\\.\\d{3}Z</arg>
<doc>Fails if ``string`` does not match ``pattern`` as a regular expression.</doc>
<status status="PASS" start="2024-06-26T20:18:20.640820" elapsed="0.000483"/>
</kw>
<kw name="Should Match Regexp" owner="BuiltIn">
<arg>${json_data['results'][0]['registered']['date']}</arg>
<arg>\\d{4}-\\d{2}-\\d{2}T\\d{2}:\\d{2}:\\d{2}\\.\\d{3}Z</arg>
<doc>Fails if ``string`` does not match ``pattern`` as a regular expression.</doc>
<status status="PASS" start="2024-06-26T20:18:20.641490" elapsed="0.000362"/>
</kw>
<kw name="Should Match Regexp" owner="BuiltIn">
<arg>${json_data['results'][0]['picture']['large']}</arg>
<arg>^https?://.*\.(?:png|jpe?g|gif|bmp)$</arg>
<doc>Fails if ``string`` does not match ``pattern`` as a regular expression.</doc>
<status status="PASS" start="2024-06-26T20:18:20.642035" elapsed="0.000455"/>
</kw>
<kw name="Should Match Regexp" owner="BuiltIn">
<arg>${json_data['results'][0]['picture']['medium']}</arg>
<arg>^https?://.*\.(?:png|jpe?g|gif|bmp)$</arg>
<doc>Fails if ``string`` does not match ``pattern`` as a regular expression.</doc>
<status status="PASS" start="2024-06-26T20:18:20.642674" elapsed="0.000367"/>
</kw>
<kw name="Should Match Regexp" owner="BuiltIn">
<arg>${json_data['results'][0]['picture']['thumbnail']}</arg>
<arg>^https?://.*\.(?:png|jpe?g|gif|bmp)$</arg>
<doc>Fails if ``string`` does not match ``pattern`` as a regular expression.</doc>
<status status="PASS" start="2024-06-26T20:18:20.643230" elapsed="0.000353"/>
</kw>
<kw name="Log" owner="BuiltIn">
<msg time="2024-06-26T20:18:20.644084" level="INFO">{'large': 'https://randomuser.me/api/portraits/women/49.jpg', 'medium': 'https://randomuser.me/api/portraits/med/women/49.jpg', 'thumbnail': 'https://randomuser.me/api/portraits/thumb/women/49.jpg'}</msg>
<arg>${json_data['results'][0]['picture']}</arg>
<doc>Logs the given message with the given level.</doc>
<status status="PASS" start="2024-06-26T20:18:20.643759" elapsed="0.000367"/>
</kw>
<status status="PASS" start="2024-06-26T20:18:20.595775" elapsed="0.048599"/>
</kw>
<kw name="Teste de Tipos de Dados - Postcode" owner="random-user-service">
<kw name="GET On Session" owner="RequestsLibrary">
<msg time="2024-06-26T20:18:20.738927" level="INFO">GET Request : url=https://randomuser.me/api 
 path_url=/api 
 headers={'User-Agent': 'python-requests/2.32.3', 'Accept-Encoding': 'gzip, deflate', 'Accept': '*/*', 'Connection': 'keep-alive'} 
 body=None 
 </msg>
<msg time="2024-06-26T20:18:20.739061" level="INFO">GET Response : url=https://randomuser.me/api 
 status=200, reason=OK 
 headers={'Date': 'Wed, 26 Jun 2024 20:18:20 GMT', 'Content-Type': 'application/json; charset=utf-8', 'Transfer-Encoding': 'chunked', 'Connection': 'keep-alive', 'X-Powered-By': 'Express', 'Access-Control-Allow-Origin': '*', 'Cache-Control': 'no-cache', 'ETag': 'W/"476-j1tHrUhY0YMFf079upHDoY/QLTw"', 'Vary': 'Accept-Encoding', 'Content-Encoding': 'gzip', 'CF-Cache-Status': 'DYNAMIC', 'Report-To': '{"endpoints":[{"url":"https:\\/\\/a.nel.cloudflare.com\\/report\\/v4?s=R%2FcORytzmvlZk%2Bnse3HO5TGDQ7vEHN8Dbs9qCbEkvQy6QJq3gcepG8UO0w0JbNxyrdy1dgim9jG4wcH45gkMKvA2Hj%2F1l5%2BlwOeOHo3ZI5ZdDw61zJSvaRc9B09EMbx0"}],"group":"cf-nel","max_age":604800}', 'NEL': '{"success_fraction":0,"report_to":"cf-nel","max_age":604800}', 'Server': 'cloudflare', 'CF-RAY': '899fe2cf0b013888-IAD', 'alt-svc': 'h3=":443"; ma=86400'} 
 body={"results":[{"gender":"male","name":{"title":"Mr","first":"مانی","last":"جعفری"},"location":{"street":{"number":3597,"name":"حجاب"},"city":"سیرجان","state":"تهران","country":"Iran","postcode":71571,"coordinates":{"latitude":"13.8152","longitude":"-119.5265"},"timezone":{"offset":"+6:00","description":"Almaty, Dhaka, Colombo"}},"email":"mny.jaafry@example.com","login":{"uuid":"b1c5393a-c38d-40e4-af01-947eef49b255","username":"angrybird657","password":"walmart","salt":"YmG2b6rk","md5":"aab4bdf4495e708a8ec2f1dfb9f707a8","sha1":"c62408302951978f5ce1b7de8df2b830904554ec","sha256":"9115669a8b98e7b71dee9b531435d0c13cb119dfdc4c3bbe3257dfdf1f352f47"},"dob":{"date":"1959-08-13T04:05:51.304Z","age":64},"registered":{"date":"2011-03-30T12:14:57.658Z","age":13},"phone":"089-35713337","cell":"0960-950-5829","id":{"name":"","value":null},"picture":{"large":"https://randomuser.me/api/portraits/men/90.jpg","medium":"https://randomuser.me/api/portraits/med/men/90.jpg","thumbnail":"https://randomuser.me/api/portraits/thumb/men/90.jpg"},"nat":"IR"}],"info":{"seed":"393c1b72de15eb54","results":1,"page":1,"version":"1.4"}} 
 </msg>
<msg time="2024-06-26T20:18:20.739146" level="INFO">/opt/hostedtoolcache/Python/3.12.4/x64/lib/python3.12/site-packages/urllib3/connectionpool.py:1099: InsecureRequestWarning: Unverified HTTPS request is being made to host 'randomuser.me'. Adding certificate verification is strongly advised. See: https://urllib3.readthedocs.io/en/latest/advanced-usage.html#tls-warnings
  warnings.warn(</msg>
<msg time="2024-06-26T20:18:20.739251" level="INFO">${response} = &lt;Response [200]&gt;</msg>
<var>${response}</var>
<arg>consultarAPI</arg>
<arg>/api</arg>
<doc>Sends a GET request on a previously created HTTP Session.</doc>
<status status="PASS" start="2024-06-26T20:18:20.644789" elapsed="0.094499"/>
</kw>
<kw name="Set Variable" owner="BuiltIn">
<msg time="2024-06-26T20:18:20.740135" level="INFO">${json_data} = {'results': [{'gender': 'male', 'name': {'title': 'Mr', 'first': 'مانی', 'last': 'جعفری'}, 'location': {'street': {'number': 3597, 'name': 'حجاب'}, 'city': 'سیرجان', 'state': 'تهران', 'country': 'Iran...</msg>
<var>${json_data}</var>
<arg>${response.json()}</arg>
<doc>Returns the given values which can then be assigned to a variables.</doc>
<status status="PASS" start="2024-06-26T20:18:20.739663" elapsed="0.000502"/>
</kw>
<kw name="Log" owner="BuiltIn">
<msg time="2024-06-26T20:18:20.740627" level="INFO">{'results': [{'gender': 'male', 'name': {'title': 'Mr', 'first': 'مانی', 'last': 'جعفری'}, 'location': {'street': {'number': 3597, 'name': 'حجاب'}, 'city': 'سیرجان', 'state': 'تهران', 'country': 'Iran', 'postcode': 71571, 'coordinates': {'latitude': '13.8152', 'longitude': '-119.5265'}, 'timezone': {'offset': '+6:00', 'description': 'Almaty, Dhaka, Colombo'}}, 'email': 'mny.jaafry@example.com', 'login': {'uuid': 'b1c5393a-c38d-40e4-af01-947eef49b255', 'username': 'angrybird657', 'password': 'walmart', 'salt': 'YmG2b6rk', 'md5': 'aab4bdf4495e708a8ec2f1dfb9f707a8', 'sha1': 'c62408302951978f5ce1b7de8df2b830904554ec', 'sha256': '9115669a8b98e7b71dee9b531435d0c13cb119dfdc4c3bbe3257dfdf1f352f47'}, 'dob': {'date': '1959-08-13T04:05:51.304Z', 'age': 64}, 'registered': {'date': '2011-03-30T12:14:57.658Z', 'age': 13}, 'phone': '089-35713337', 'cell': '0960-950-5829', 'id': {'name': '', 'value': None}, 'picture': {'large': 'https://randomuser.me/api/portraits/men/90.jpg', 'medium': 'https://randomuser.me/api/portraits/med/men/90.jpg', 'thumbnail': 'https://randomuser.me/api/portraits/thumb/men/90.jpg'}, 'nat': 'IR'}], 'info': {'seed': '393c1b72de15eb54', 'results': 1, 'page': 1, 'version': '1.4'}}</msg>
<arg>${json_data}</arg>
<doc>Logs the given message with the given level.</doc>
<status status="PASS" start="2024-06-26T20:18:20.740470" elapsed="0.000208"/>
</kw>
<kw name="Should Be Equal As Numbers" owner="BuiltIn">
<arg>${json_data['results'][0]['location']['postcode']}</arg>
<arg>${json_data['results'][0]['location']['postcode']}</arg>
<doc>Fails if objects are unequal after converting them to real numbers.</doc>
<status status="PASS" start="2024-06-26T20:18:20.740974" elapsed="0.000642"/>
</kw>
<kw name="Log" owner="BuiltIn">
<msg time="2024-06-26T20:18:20.742265" level="INFO">71571</msg>
<arg>${json_data['results'][0]['location']['postcode']}</arg>
<doc>Logs the given message with the given level.</doc>
<status status="PASS" start="2024-06-26T20:18:20.741803" elapsed="0.000503"/>
</kw>
<status status="PASS" start="2024-06-26T20:18:20.644575" elapsed="0.098003"/>
</kw>
<doc>Testa se os tipos de dados na resposta da API estão corretos.</doc>
<tag>testeTiposDados</tag>
<status status="PASS" start="2024-06-26T20:18:20.595227" elapsed="0.147507"/>
</test>
<test id="s1-s1-t5" name="Validar conteudo" line="35">
<kw name="Teste de Tipos de Conteudo" owner="random-user-service">
<kw name="GET On Session" owner="RequestsLibrary">
<msg time="2024-06-26T20:18:20.840196" level="INFO">GET Request : url=https://randomuser.me/api 
 path_url=/api 
 headers={'User-Agent': 'python-requests/2.32.3', 'Accept-Encoding': 'gzip, deflate', 'Accept': '*/*', 'Connection': 'keep-alive'} 
 body=None 
 </msg>
<msg time="2024-06-26T20:18:20.840279" level="INFO">GET Response : url=https://randomuser.me/api 
 status=200, reason=OK 
 headers={'Date': 'Wed, 26 Jun 2024 20:18:20 GMT', 'Content-Type': 'application/json; charset=utf-8', 'Transfer-Encoding': 'chunked', 'Connection': 'keep-alive', 'X-Powered-By': 'Express', 'Access-Control-Allow-Origin': '*', 'Cache-Control': 'no-cache', 'ETag': 'W/"474-FMMQwUdd/zbETDimn+Ul7WHiuPg"', 'Vary': 'Accept-Encoding', 'Content-Encoding': 'gzip', 'CF-Cache-Status': 'DYNAMIC', 'Report-To': '{"endpoints":[{"url":"https:\\/\\/a.nel.cloudflare.com\\/report\\/v4?s=hdeDfbsvT06GtX81h6b7OqdizQ5IsDpadqCGIFXoWjCcnQ7sncjJOKiANTV0lC5PrNb7JnI%2FNjKz9VAoL3s4V66ws8irNmTa7qRfJwldC3jTL6T5JSr0GCelGh0bf4xH"}],"group":"cf-nel","max_age":604800}', 'NEL': '{"success_fraction":0,"report_to":"cf-nel","max_age":604800}', 'Server': 'cloudflare', 'CF-RAY': '899fe2cfabe43888-IAD', 'alt-svc': 'h3=":443"; ma=86400'} 
 body={"results":[{"gender":"male","name":{"title":"Mr","first":"Nakul","last":"Andrade"},"location":{"street":{"number":7690,"name":"Shivajinagar"},"city":"Imphal","state":"Chhattisgarh","country":"India","postcode":45487,"coordinates":{"latitude":"4.3660","longitude":"-100.1690"},"timezone":{"offset":"+3:30","description":"Tehran"}},"email":"nakul.andrade@example.com","login":{"uuid":"a19ce636-7d6b-440f-82d4-007cb7c0585f","username":"ticklishelephant148","password":"blaster","salt":"D3ATtc7W","md5":"9fa8014779554f618b355a55430cde92","sha1":"e2ad5e634e2e1c61d62dc1f7ee602486dee54ee4","sha256":"fc69644c2734e3e8b48248e3566c7a8cc33f91413f13cb263e06ea7d88ab2514"},"dob":{"date":"1945-11-07T02:10:19.871Z","age":78},"registered":{"date":"2011-05-07T06:50:48.197Z","age":13},"phone":"9470353984","cell":"8985701901","id":{"name":"UIDAI","value":"567322093898"},"picture":{"large":"https://randomuser.me/api/portraits/men/77.jpg","medium":"https://randomuser.me/api/portraits/med/men/77.jpg","thumbnail":"https://randomuser.me/api/portraits/thumb/men/77.jpg"},"nat":"IN"}],"info":{"seed":"c1ffda1d2d38d5c5","results":1,"page":1,"version":"1.4"}} 
 </msg>
<msg time="2024-06-26T20:18:20.840354" level="INFO">/opt/hostedtoolcache/Python/3.12.4/x64/lib/python3.12/site-packages/urllib3/connectionpool.py:1099: InsecureRequestWarning: Unverified HTTPS request is being made to host 'randomuser.me'. Adding certificate verification is strongly advised. See: https://urllib3.readthedocs.io/en/latest/advanced-usage.html#tls-warnings
  warnings.warn(</msg>
<msg time="2024-06-26T20:18:20.840451" level="INFO">${response} = &lt;Response [200]&gt;</msg>
<var>${response}</var>
<arg>consultarAPI</arg>
<arg>/api</arg>
<doc>Sends a GET request on a previously created HTTP Session.</doc>
<status status="PASS" start="2024-06-26T20:18:20.745216" elapsed="0.095276"/>
</kw>
<kw name="Set Variable" owner="BuiltIn">
<msg time="2024-06-26T20:18:20.841293" level="INFO">${json_data} = {'results': [{'gender': 'male', 'name': {'title': 'Mr', 'first': 'Nakul', 'last': 'Andrade'}, 'location': {'street': {'number': 7690, 'name': 'Shivajinagar'}, 'city': 'Imphal', 'state': 'Chhattisgarh'...</msg>
<var>${json_data}</var>
<arg>${response.json()}</arg>
<doc>Returns the given values which can then be assigned to a variables.</doc>
<status status="PASS" start="2024-06-26T20:18:20.840859" elapsed="0.000462"/>
</kw>
<kw name="Set Variable" owner="BuiltIn">
<msg time="2024-06-26T20:18:20.841990" level="INFO">${name_title} = Mr</msg>
<var>${name_title}</var>
<arg>${json_data["results"][0]["name"]["title"]}</arg>
<doc>Returns the given values which can then be assigned to a variables.</doc>
<status status="PASS" start="2024-06-26T20:18:20.841619" elapsed="0.000395"/>
</kw>
<kw name="Create List" owner="BuiltIn">
<msg time="2024-06-26T20:18:20.842451" level="INFO">${allowed_titles} = ['Mr', 'Ms', 'Miss', 'Mrs', 'Madame', 'Monsieur']</msg>
<var>${allowed_titles}</var>
<arg>Mr</arg>
<arg>Ms</arg>
<arg>Miss</arg>
<arg>Mrs</arg>
<arg>Madame</arg>
<arg>Monsieur</arg>
<doc>Returns a list containing given items.</doc>
<status status="PASS" start="2024-06-26T20:18:20.842304" elapsed="0.000171"/>
</kw>
<kw name="List Should Contain Value" owner="Collections">
<arg>${allowed_titles}</arg>
<arg>${name_title}</arg>
<doc>Fails if the ``value`` is not found from ``list``.</doc>
<status status="PASS" start="2024-06-26T20:18:20.842769" elapsed="0.000181"/>
</kw>
<kw name="Set Variable" owner="BuiltIn">
<msg time="2024-06-26T20:18:20.843571" level="INFO">${name_country} = IN</msg>
<var>${name_country}</var>
<arg>${json_data["results"][0]["nat"]}</arg>
<doc>Returns the given values which can then be assigned to a variables.</doc>
<status status="PASS" start="2024-06-26T20:18:20.843206" elapsed="0.000389"/>
</kw>
<kw name="Create List" owner="BuiltIn">
<msg time="2024-06-26T20:18:20.844481" level="INFO">${list_country} = ['AD', 'AE', 'AF', 'AG', 'AI', 'AL', 'AM', 'AO', 'AQ', 'AR', 'AS', 'AT', 'AU', 'AW', 'AX', 'AZ', 'BA', 'BB', 'BD', 'BE', 'BF', 'BG', 'BH', 'BI', 'BJ', 'BL', 'BM', 'BN', 'BO', 'BQ', 'BR', 'BS', 'BT', '...</msg>
<var>${list_country}</var>
<arg>AD</arg>
<arg>AE</arg>
<arg>AF</arg>
<arg>AG</arg>
<arg>AI</arg>
<arg>AL</arg>
<arg>AM</arg>
<arg>AO</arg>
<arg>AQ</arg>
<arg>AR</arg>
<arg>AS</arg>
<arg>AT</arg>
<arg>AU</arg>
<arg>AW</arg>
<arg>AX</arg>
<arg>AZ</arg>
<arg>BA</arg>
<arg>BB</arg>
<arg>BD</arg>
<arg>BE</arg>
<arg>BF</arg>
<arg>BG</arg>
<arg>BH</arg>
<arg>BI</arg>
<arg>BJ</arg>
<arg>BL</arg>
<arg>BM</arg>
<arg>BN</arg>
<arg>BO</arg>
<arg>BQ</arg>
<arg>BR</arg>
<arg>BS</arg>
<arg>BT</arg>
<arg>BV</arg>
<arg>BW</arg>
<arg>BY</arg>
<arg>BZ</arg>
<arg>CA</arg>
<arg>CC</arg>
<arg>CD</arg>
<arg>CF</arg>
<arg>CG</arg>
<arg>CH</arg>
<arg>CI</arg>
<arg>CK</arg>
<arg>CL</arg>
<arg>CM</arg>
<arg>CN</arg>
<arg>CO</arg>
<arg>CR</arg>
<arg>CU</arg>
<arg>CV</arg>
<arg>CW</arg>
<arg>CX</arg>
<arg>CY</arg>
<arg>CZ</arg>
<arg>DE</arg>
<arg>DJ</arg>
<arg>DK</arg>
<arg>DM</arg>
<arg>DO</arg>
<arg>DZ</arg>
<arg>EC</arg>
<arg>EE</arg>
<arg>EG</arg>
<arg>EH</arg>
<arg>ER</arg>
<arg>ES</arg>
<arg>ET</arg>
<arg>FI</arg>
<arg>FJ</arg>
<arg>FK</arg>
<arg>FM</arg>
<arg>FO</arg>
<arg>FR</arg>
<arg>GA</arg>
<arg>GB</arg>
<arg>GD</arg>
<arg>GE</arg>
<arg>GF</arg>
<arg>GG</arg>
<arg>GH</arg>
<arg>GI</arg>
<arg>GL</arg>
<arg>GM</arg>
<arg>GN</arg>
<arg>GP</arg>
<arg>GQ</arg>
<arg>GR</arg>
<arg>GS</arg>
<arg>GT</arg>
<arg>GU</arg>
<arg>GW</arg>
<arg>GY</arg>
<arg>HK</arg>
<arg>HM</arg>
<arg>HN</arg>
<arg>HR</arg>
<arg>HT</arg>
<arg>HU</arg>
<arg>ID</arg>
<arg>IE</arg>
<arg>IL</arg>
<arg>IM</arg>
<arg>IN</arg>
<arg>IO</arg>
<arg>IQ</arg>
<arg>IR</arg>
<arg>IS</arg>
<arg>IT</arg>
<arg>JE</arg>
<arg>JM</arg>
<arg>JO</arg>
<arg>JP</arg>
<arg>KE</arg>
<arg>KG</arg>
<arg>KH</arg>
<arg>KI</arg>
<arg>KM</arg>
<arg>KN</arg>
<arg>KP</arg>
<arg>KR</arg>
<arg>KW</arg>
<arg>KY</arg>
<arg>KZ</arg>
<arg>LA</arg>
<arg>LB</arg>
<arg>LC</arg>
<arg>LI</arg>
<arg>LK</arg>
<arg>LR</arg>
<arg>LS</arg>
<arg>LT</arg>
<arg>LU</arg>
<arg>LV</arg>
<arg>LY</arg>
<arg>MA</arg>
<arg>MC</arg>
<arg>MD</arg>
<arg>ME</arg>
<arg>MF</arg>
<arg>MG</arg>
<arg>MH</arg>
<arg>MK</arg>
<arg>ML</arg>
<arg>MM</arg>
<arg>MN</arg>
<arg>MO</arg>
<arg>MP</arg>
<arg>MQ</arg>
<arg>MR</arg>
<arg>MS</arg>
<arg>MT</arg>
<arg>MU</arg>
<arg>MV</arg>
<arg>MW</arg>
<arg>MX</arg>
<arg>MY</arg>
<arg>MZ</arg>
<arg>NA</arg>
<arg>NC</arg>
<arg>NE</arg>
<arg>NF</arg>
<arg>NG</arg>
<arg>NI</arg>
<arg>NL</arg>
<arg>NO</arg>
<arg>NP</arg>
<arg>NR</arg>
<arg>NU</arg>
<arg>NZ</arg>
<arg>OM</arg>
<arg>PA</arg>
<arg>PE</arg>
<arg>PF</arg>
<arg>PG</arg>
<arg>PH</arg>
<arg>PK</arg>
<arg>PL</arg>
<arg>PM</arg>
<arg>PN</arg>
<arg>PR</arg>
<arg>PS</arg>
<arg>PT</arg>
<arg>PW</arg>
<arg>PY</arg>
<arg>QA</arg>
<arg>RE</arg>
<arg>RO</arg>
<arg>RS</arg>
<arg>RU</arg>
<arg>RW</arg>
<arg>SA</arg>
<arg>SB</arg>
<arg>SC</arg>
<arg>SD</arg>
<arg>SE</arg>
<arg>SG</arg>
<arg>SH</arg>
<arg>SI</arg>
<arg>SJ</arg>
<arg>SK</arg>
<arg>SL</arg>
<arg>SM</arg>
<arg>SN</arg>
<arg>SO</arg>
<arg>SR</arg>
<arg>SS</arg>
<arg>ST</arg>
<arg>SV</arg>
<arg>SX</arg>
<arg>SY</arg>
<arg>SZ</arg>
<arg>TC</arg>
<arg>TD</arg>
<arg>TF</arg>
<arg>TG</arg>
<arg>TH</arg>
<arg>TJ</arg>
<arg>TK</arg>
<arg>TL</arg>
<arg>TM</arg>
<arg>TN</arg>
<arg>TO</arg>
<arg>TR</arg>
<arg>TT</arg>
<arg>TV</arg>
<arg>TW</arg>
<arg>TZ</arg>
<arg>UA</arg>
<arg>UG</arg>
<arg>UM</arg>
<arg>US</arg>
<arg>UY</arg>
<arg>UZ</arg>
<arg>VA</arg>
<arg>VC</arg>
<arg>VE</arg>
<arg>VG</arg>
<arg>VI</arg>
<arg>VN</arg>
<arg>VU</arg>
<arg>WF</arg>
<arg>WS</arg>
<arg>XK</arg>
<arg>YE</arg>
<arg>YT</arg>
<arg>ZA</arg>
<arg>ZM</arg>
<arg>ZW</arg>
<doc>Returns a list containing given items.</doc>
<status status="PASS" start="2024-06-26T20:18:20.843883" elapsed="0.000623"/>
</kw>
<kw name="List Should Contain Value" owner="Collections">
<arg>${list_country}</arg>
<arg>${name_country}</arg>
<doc>Fails if the ``value`` is not found from ``list``.</doc>
<status status="PASS" start="2024-06-26T20:18:20.845314" elapsed="0.000199"/>
</kw>
<kw name="Run Keyword If" owner="BuiltIn">
<kw name="Should Be True" owner="BuiltIn">
<arg>${True}</arg>
<doc>Fails if the given condition is not true.</doc>
<status status="PASS" start="2024-06-26T20:18:20.846435" elapsed="0.000139"/>
</kw>
<arg>${json_data["results"][0]["location"]["coordinates"]["latitude"]} &gt;= -90 and ${json_data["results"][0]["location"]["coordinates"]["latitude"]} &lt;= 90</arg>
<arg>Should Be True</arg>
<arg>${True}</arg>
<doc>Runs the given keyword with the given arguments, if ``condition`` is true.</doc>
<status status="PASS" start="2024-06-26T20:18:20.845707" elapsed="0.000991"/>
</kw>
<kw name="Run Keyword If" owner="BuiltIn">
<kw name="Should Be True" owner="BuiltIn">
<arg>${True}</arg>
<doc>Fails if the given condition is not true.</doc>
<status status="PASS" start="2024-06-26T20:18:20.847588" elapsed="0.000231"/>
</kw>
<arg>${json_data["results"][0]["location"]["coordinates"]["longitude"]} &gt;= -180 and ${json_data["results"][0]["location"]["coordinates"]["longitude"]} &lt;= 180</arg>
<arg>Should Be True</arg>
<arg>${True}</arg>
<doc>Runs the given keyword with the given arguments, if ``condition`` is true.</doc>
<status status="PASS" start="2024-06-26T20:18:20.846875" elapsed="0.001069"/>
</kw>
<status status="PASS" start="2024-06-26T20:18:20.745005" elapsed="0.103068"/>
</kw>
<doc>Testa o conteúdo específico dos campos retornados pela API.</doc>
<tag>testeConteudo</tag>
<status status="PASS" start="2024-06-26T20:18:20.744522" elapsed="0.103692"/>
</test>
<status status="PASS" start="2024-06-26T20:18:19.843134" elapsed="1.007018"/>
</suite>
<status status="PASS" start="2024-06-26T20:18:19.828895" elapsed="1.026267"/>
</suite>
<statistics>
<total>
<stat pass="5" fail="0" skip="0">All Tests</stat>
</total>
<tag>
<stat pass="1" fail="0" skip="0">testeConteudo</stat>
<stat pass="1" fail="0" skip="0">testeEstruturaResposta</stat>
<stat pass="1" fail="0" skip="0">testeRequisicaoBasica</stat>
<stat pass="1" fail="0" skip="0">testeTiposDados</stat>
</tag>
<suite>
<stat pass="5" fail="0" skip="0" id="s1" name="Tests">Tests</stat>
<stat pass="5" fail="0" skip="0" id="s1-s1" name="Random-User-Test">Tests.Random-User-Test</stat>
</suite>
</statistics>
<errors>
</errors>
</robot>
