<?xml version="1.0" encoding="UTF-8"?>
<robot generator="Robot 7.0 (Python 3.12.3 on linux)" generated="2024-05-13T20:14:41.437673" rpa="false" schemaversion="5">
<suite id="s1" name="Tests" source="/home/runner/work/DesafioQAItauRogerioJordao/DesafioQAItauRogerioJordao/RamdonUser/tests">
<suite id="s1-s1" name="Random-User-Test" source="/home/runner/work/DesafioQAItauRogerioJordao/DesafioQAItauRogerioJordao/RamdonUser/tests/random-user-test.robot">
<test id="s1-s1-t1" name="Conectar" line="13">
<kw name="Conectar API" owner="random-user-service">
<kw name="Create Session" owner="RequestsLibrary">
<msg time="2024-05-13T20:14:41.798330" level="INFO">Creating Session using : alias=consultarAPI, url=https://randomuser.me/, headers={},                     cookies={}, auth=None, timeout=None, proxies=None, verify=False,                     debug=0 </msg>
<arg>consultarAPI</arg>
<arg>${URL}</arg>
<doc>Create Session: create a HTTP session to a server</doc>
<status status="PASS" start="2024-05-13T20:14:41.798130" elapsed="0.000395"/>
</kw>
<status status="PASS" start="2024-05-13T20:14:41.797141" elapsed="0.001748"/>
</kw>
<status status="PASS" start="2024-05-13T20:14:41.796545" elapsed="0.002536"/>
</test>
<test id="s1-s1-t2" name="Validar retorno 200 e JSON Válido" line="16">
<kw name="Teste de Requisicao Basica" owner="random-user-service">
<kw name="GET On Session" owner="RequestsLibrary">
<msg time="2024-05-13T20:14:42.295133" level="INFO">GET Request : url=https://randomuser.me/api 
 path_url=/api 
 headers={'User-Agent': 'python-requests/2.31.0', 'Accept-Encoding': 'gzip, deflate', 'Accept': '*/*', 'Connection': 'keep-alive'} 
 body=None 
 </msg>
<msg time="2024-05-13T20:14:42.295297" level="INFO">GET Response : url=https://randomuser.me/api 
 status=200, reason=OK 
 headers={'Date': 'Mon, 13 May 2024 20:14:42 GMT', 'Content-Type': 'application/json; charset=utf-8', 'Transfer-Encoding': 'chunked', 'Connection': 'keep-alive', 'X-Powered-By': 'Express', 'Access-Control-Allow-Origin': '*', 'Cache-Control': 'no-cache', 'ETag': 'W/"49c-Z2OFcV1wkWCdSbU1hNoK89OvyJI"', 'Vary': 'Accept-Encoding', 'Content-Encoding': 'gzip', 'CF-Cache-Status': 'DYNAMIC', 'Report-To': '{"endpoints":[{"url":"https:\\/\\/a.nel.cloudflare.com\\/report\\/v4?s=8gKghAyGAYYLC2Zp0sJLbo%2F0iYmWlZnpjXmLOmUPGTz7VAUnzdCQyhePz07gcQ1swRH%2F96ycfbC2le%2F7Dw8OiGYCuXpvaUKIBO3ikBa3pLE4IJFrBTtfmv%2BYKuXzAYhV"}],"group":"cf-nel","max_age":604800}', 'NEL': '{"success_fraction":0,"report_to":"cf-nel","max_age":604800}', 'Server': 'cloudflare', 'CF-RAY': '883550f89f1c232d-ORD', 'alt-svc': 'h3=":443"; ma=86400'} 
 body={"results":[{"gender":"male","name":{"title":"Monsieur","first":"Timothy","last":"Duval"},"location":{"street":{"number":6818,"name":"Rue de la Fontaine"},"city":"Horrenbach-Buchen","state":"Glarus","country":"Switzerland","postcode":6748,"coordinates":{"latitude":"-63.2771","longitude":"-136.7018"},"timezone":{"offset":"-12:00","description":"Eniwetok, Kwajalein"}},"email":"timothy.duval@example.com","login":{"uuid":"e40aa657-8772-49e9-9df8-4664a6fee037","username":"yellowlion361","password":"supreme","salt":"GCEhL4Kx","md5":"fd325ff922f85c713b49ac7d0c6eb52b","sha1":"f33ea22d2e02c42d76c9c8fcca0ac242020b5d32","sha256":"7cb12a183a57147b3fa0b28daa9dcc2c3216370a16bfd9b36dfdeeaff32de5b7"},"dob":{"date":"1967-07-31T00:47:35.339Z","age":56},"registered":{"date":"2009-10-21T22:50:41.601Z","age":14},"phone":"076 999 02 44","cell":"077 502 85 44","id":{"name":"AVS","value":"756.7978.9493.64"},"picture":{"large":"https://randomuser.me/api/portraits/men/27.jpg","medium":"https://randomuser.me/api/portraits/med/men/27.jpg","thumbnail":"https://randomuser.me/api/portraits/thumb/men/27.jpg"},"nat":"CH"}],"info":{"seed":"b1e7f281b80218c5","results":1,"page":1,"version":"1.4"}} 
 </msg>
<msg time="2024-05-13T20:14:42.295382" level="INFO">/opt/hostedtoolcache/Python/3.12.3/x64/lib/python3.12/site-packages/urllib3/connectionpool.py:1103: InsecureRequestWarning: Unverified HTTPS request is being made to host 'randomuser.me'. Adding certificate verification is strongly advised. See: https://urllib3.readthedocs.io/en/latest/advanced-usage.html#tls-warnings
  warnings.warn(</msg>
<msg time="2024-05-13T20:14:42.295537" level="INFO">${response} = &lt;Response [200]&gt;</msg>
<var>${response}</var>
<arg>consultarAPI</arg>
<arg>/api</arg>
<doc>Sends a GET request on a previously created HTTP Session.</doc>
<status status="PASS" start="2024-05-13T20:14:41.801692" elapsed="0.493886"/>
</kw>
<kw name="Should Be Equal As Numbers" owner="BuiltIn">
<msg time="2024-05-13T20:14:42.296775" level="INFO">Argument types are:
&lt;class 'int'&gt;
&lt;class 'str'&gt;</msg>
<arg>${response.status_code}</arg>
<arg>200</arg>
<doc>Fails if objects are unequal after converting them to real numbers.</doc>
<status status="PASS" start="2024-05-13T20:14:42.296271" elapsed="0.000570"/>
</kw>
<kw name="Log" owner="BuiltIn">
<msg time="2024-05-13T20:14:42.297550" level="INFO">200</msg>
<arg>${response.status_code}</arg>
<doc>Logs the given message with the given level.</doc>
<status status="PASS" start="2024-05-13T20:14:42.297201" elapsed="0.000390"/>
</kw>
<kw name="Set Variable" owner="BuiltIn">
<msg time="2024-05-13T20:14:42.298327" level="INFO">${json_data} = {'results': [{'gender': 'male', 'name': {'title': 'Monsieur', 'first': 'Timothy', 'last': 'Duval'}, 'location': {'street': {'number': 6818, 'name': 'Rue de la Fontaine'}, 'city': 'Horrenbach-Buchen', ...</msg>
<var>${json_data}</var>
<arg>${response.json()}</arg>
<doc>Returns the given values which can then be assigned to a variables.</doc>
<status status="PASS" start="2024-05-13T20:14:42.297893" elapsed="0.000462"/>
</kw>
<kw name="Dictionary Should Contain Key" owner="Collections">
<msg time="2024-05-13T20:14:42.298818" level="INFO">False</msg>
<arg>${json_data}</arg>
<arg>results</arg>
<doc>Fails if ``key`` is not found from ``dictionary``.</doc>
<status status="PASS" start="2024-05-13T20:14:42.298652" elapsed="0.000205"/>
</kw>
<status status="PASS" start="2024-05-13T20:14:41.801449" elapsed="0.497666"/>
</kw>
<doc>Testa se a API responde corretamente e retorna um objeto JSON válido.</doc>
<tag>testeRequisicaoBasica</tag>
<status status="PASS" start="2024-05-13T20:14:41.800980" elapsed="0.498321"/>
</test>
<test id="s1-s1-t3" name="Validar estrutura de resposta" line="22">
<kw name="Teste de Estrutura de Resposta" owner="random-user-service">
<kw name="GET On Session" owner="RequestsLibrary">
<msg time="2024-05-13T20:14:42.353391" level="INFO">GET Request : url=https://randomuser.me/api 
 path_url=/api 
 headers={'User-Agent': 'python-requests/2.31.0', 'Accept-Encoding': 'gzip, deflate', 'Accept': '*/*', 'Connection': 'keep-alive'} 
 body=None 
 </msg>
<msg time="2024-05-13T20:14:42.353491" level="INFO">GET Response : url=https://randomuser.me/api 
 status=200, reason=OK 
 headers={'Date': 'Mon, 13 May 2024 20:14:42 GMT', 'Content-Type': 'application/json; charset=utf-8', 'Transfer-Encoding': 'chunked', 'Connection': 'keep-alive', 'X-Powered-By': 'Express', 'Access-Control-Allow-Origin': '*', 'Cache-Control': 'no-cache', 'ETag': 'W/"47d-VDP9qbUHPZWA7RqVJEhRB1ASFVU"', 'Vary': 'Accept-Encoding', 'Content-Encoding': 'gzip', 'CF-Cache-Status': 'DYNAMIC', 'Report-To': '{"endpoints":[{"url":"https:\\/\\/a.nel.cloudflare.com\\/report\\/v4?s=Mo%2F5BOgmd79pGTn%2B4oU7S14CVwTVmQrpI%2BPakeTpk%2BRVeVdcPh2SA4v%2B2PRKu5lKjWu7gSMP39Zaegfb%2FDyxUppDblB2nqv4uM2%2BtaPaSMGjoTWUH%2Bm%2FG%2FaVreZAke4B"}],"group":"cf-nel","max_age":604800}', 'NEL': '{"success_fraction":0,"report_to":"cf-nel","max_age":604800}', 'Server': 'cloudflare', 'CF-RAY': '883550fa6a48232d-ORD', 'alt-svc': 'h3=":443"; ma=86400'} 
 body={"results":[{"gender":"male","name":{"title":"Mr","first":"Theodor","last":"Serigstad"},"location":{"street":{"number":7395,"name":"Bueveien"},"city":"Sysle","state":"Sogn og Fjordane","country":"Norway","postcode":"5183","coordinates":{"latitude":"46.2598","longitude":"-76.3761"},"timezone":{"offset":"+7:00","description":"Bangkok, Hanoi, Jakarta"}},"email":"theodor.serigstad@example.com","login":{"uuid":"ebcb1db1-3685-42ad-8ec3-737d361f79dc","username":"smallduck514","password":"tbone","salt":"oyFwjP3G","md5":"0e27d929c6be03d44074d8704448b475","sha1":"e5b8cd2fca7a2838e72d7ab95feea879c4eeae73","sha256":"0c034e2edd8e79d18597c537cf38579d30cb9cb13907352b8e4f31e28896f279"},"dob":{"date":"1957-04-23T09:44:22.182Z","age":67},"registered":{"date":"2012-01-08T00:55:57.934Z","age":12},"phone":"34194587","cell":"45471840","id":{"name":"FN","value":"23045719987"},"picture":{"large":"https://randomuser.me/api/portraits/men/85.jpg","medium":"https://randomuser.me/api/portraits/med/men/85.jpg","thumbnail":"https://randomuser.me/api/portraits/thumb/men/85.jpg"},"nat":"NO"}],"info":{"seed":"5097ad3bc091a9ac","results":1,"page":1,"version":"1.4"}} 
 </msg>
<msg time="2024-05-13T20:14:42.353623" level="INFO">/opt/hostedtoolcache/Python/3.12.3/x64/lib/python3.12/site-packages/urllib3/connectionpool.py:1103: InsecureRequestWarning: Unverified HTTPS request is being made to host 'randomuser.me'. Adding certificate verification is strongly advised. See: https://urllib3.readthedocs.io/en/latest/advanced-usage.html#tls-warnings
  warnings.warn(</msg>
<msg time="2024-05-13T20:14:42.353753" level="INFO">${response} = &lt;Response [200]&gt;</msg>
<var>${response}</var>
<arg>consultarAPI</arg>
<arg>/api</arg>
<doc>Sends a GET request on a previously created HTTP Session.</doc>
<status status="PASS" start="2024-05-13T20:14:42.302016" elapsed="0.051778"/>
</kw>
<kw name="Set Variable" owner="BuiltIn">
<msg time="2024-05-13T20:14:42.354989" level="INFO">${json_data} = {'results': [{'gender': 'male', 'name': {'title': 'Mr', 'first': 'Theodor', 'last': 'Serigstad'}, 'location': {'street': {'number': 7395, 'name': 'Bueveien'}, 'city': 'Sysle', 'state': 'Sogn og Fjorda...</msg>
<var>${json_data}</var>
<arg>${response.json()}</arg>
<doc>Returns the given values which can then be assigned to a variables.</doc>
<status status="PASS" start="2024-05-13T20:14:42.354407" elapsed="0.000610"/>
</kw>
<kw name="Log" owner="BuiltIn">
<msg time="2024-05-13T20:14:42.355499" level="INFO">{'results': [{'gender': 'male', 'name': {'title': 'Mr', 'first': 'Theodor', 'last': 'Serigstad'}, 'location': {'street': {'number': 7395, 'name': 'Bueveien'}, 'city': 'Sysle', 'state': 'Sogn og Fjordane', 'country': 'Norway', 'postcode': '5183', 'coordinates': {'latitude': '46.2598', 'longitude': '-76.3761'}, 'timezone': {'offset': '+7:00', 'description': 'Bangkok, Hanoi, Jakarta'}}, 'email': 'theodor.serigstad@example.com', 'login': {'uuid': 'ebcb1db1-3685-42ad-8ec3-737d361f79dc', 'username': 'smallduck514', 'password': 'tbone', 'salt': 'oyFwjP3G', 'md5': '0e27d929c6be03d44074d8704448b475', 'sha1': 'e5b8cd2fca7a2838e72d7ab95feea879c4eeae73', 'sha256': '0c034e2edd8e79d18597c537cf38579d30cb9cb13907352b8e4f31e28896f279'}, 'dob': {'date': '1957-04-23T09:44:22.182Z', 'age': 67}, 'registered': {'date': '2012-01-08T00:55:57.934Z', 'age': 12}, 'phone': '34194587', 'cell': '45471840', 'id': {'name': 'FN', 'value': '23045719987'}, 'picture': {'large': 'https://randomuser.me/api/portraits/men/85.jpg', 'medium': 'https://randomuser.me/api/portraits/med/men/85.jpg', 'thumbnail': 'https://randomuser.me/api/portraits/thumb/men/85.jpg'}, 'nat': 'NO'}], 'info': {'seed': '5097ad3bc091a9ac', 'results': 1, 'page': 1, 'version': '1.4'}}</msg>
<arg>${json_data}</arg>
<doc>Logs the given message with the given level.</doc>
<status status="PASS" start="2024-05-13T20:14:42.355336" elapsed="0.000211"/>
</kw>
<kw name="Dictionary Should Contain Key" owner="Collections">
<msg time="2024-05-13T20:14:42.356015" level="INFO">False</msg>
<arg>${json_data}</arg>
<arg>results</arg>
<doc>Fails if ``key`` is not found from ``dictionary``.</doc>
<status status="PASS" start="2024-05-13T20:14:42.355854" elapsed="0.000197"/>
</kw>
<kw name="Should Not Be Empty" owner="BuiltIn">
<msg time="2024-05-13T20:14:42.356475" level="INFO">Length is 2.</msg>
<arg>${json_data}</arg>
<doc>Verifies that the given item is not empty.</doc>
<status status="PASS" start="2024-05-13T20:14:42.356344" elapsed="0.000167"/>
</kw>
<kw name="Create List" owner="BuiltIn">
<msg time="2024-05-13T20:14:42.357156" level="INFO">${expected_keys} = ['gender', 'name', 'location', 'email', 'login']</msg>
<var>${expected_keys}</var>
<arg>gender</arg>
<arg>name</arg>
<arg>location</arg>
<arg>email</arg>
<arg>login</arg>
<doc>Returns a list containing given items.</doc>
<status status="PASS" start="2024-05-13T20:14:42.356799" elapsed="0.000383"/>
</kw>
<for flavor="IN">
<iter>
<kw name="Dictionary Should Contain Key" owner="Collections">
<msg time="2024-05-13T20:14:42.358200" level="INFO">False</msg>
<arg>${json_data['results'][0]}</arg>
<arg>${key}</arg>
<doc>Fails if ``key`` is not found from ``dictionary``.</doc>
<status status="PASS" start="2024-05-13T20:14:42.357782" elapsed="0.000456"/>
</kw>
<kw name="Log" owner="BuiltIn">
<msg time="2024-05-13T20:14:42.358901" level="INFO">{'gender': 'male', 'name': {'title': 'Mr', 'first': 'Theodor', 'last': 'Serigstad'}, 'location': {'street': {'number': 7395, 'name': 'Bueveien'}, 'city': 'Sysle', 'state': 'Sogn og Fjordane', 'country': 'Norway', 'postcode': '5183', 'coordinates': {'latitude': '46.2598', 'longitude': '-76.3761'}, 'timezone': {'offset': '+7:00', 'description': 'Bangkok, Hanoi, Jakarta'}}, 'email': 'theodor.serigstad@example.com', 'login': {'uuid': 'ebcb1db1-3685-42ad-8ec3-737d361f79dc', 'username': 'smallduck514', 'password': 'tbone', 'salt': 'oyFwjP3G', 'md5': '0e27d929c6be03d44074d8704448b475', 'sha1': 'e5b8cd2fca7a2838e72d7ab95feea879c4eeae73', 'sha256': '0c034e2edd8e79d18597c537cf38579d30cb9cb13907352b8e4f31e28896f279'}, 'dob': {'date': '1957-04-23T09:44:22.182Z', 'age': 67}, 'registered': {'date': '2012-01-08T00:55:57.934Z', 'age': 12}, 'phone': '34194587', 'cell': '45471840', 'id': {'name': 'FN', 'value': '23045719987'}, 'picture': {'large': 'https://randomuser.me/api/portraits/men/85.jpg', 'medium': 'https://randomuser.me/api/portraits/med/men/85.jpg', 'thumbnail': 'https://randomuser.me/api/portraits/thumb/men/85.jpg'}, 'nat': 'NO'}</msg>
<arg>${json_data['results'][0]}</arg>
<doc>Logs the given message with the given level.</doc>
<status status="PASS" start="2024-05-13T20:14:42.358536" elapsed="0.000412"/>
</kw>
<kw name="Log" owner="BuiltIn">
<msg time="2024-05-13T20:14:42.359378" level="INFO">gender</msg>
<arg>${key}</arg>
<doc>Logs the given message with the given level.</doc>
<status status="PASS" start="2024-05-13T20:14:42.359250" elapsed="0.000164"/>
</kw>
<var name="${key}">gender</var>
<status status="PASS" start="2024-05-13T20:14:42.357655" elapsed="0.001973"/>
</iter>
<iter>
<kw name="Dictionary Should Contain Key" owner="Collections">
<msg time="2024-05-13T20:14:42.360326" level="INFO">False</msg>
<arg>${json_data['results'][0]}</arg>
<arg>${key}</arg>
<doc>Fails if ``key`` is not found from ``dictionary``.</doc>
<status status="PASS" start="2024-05-13T20:14:42.359933" elapsed="0.000429"/>
</kw>
<kw name="Log" owner="BuiltIn">
<msg time="2024-05-13T20:14:42.361091" level="INFO">{'gender': 'male', 'name': {'title': 'Mr', 'first': 'Theodor', 'last': 'Serigstad'}, 'location': {'street': {'number': 7395, 'name': 'Bueveien'}, 'city': 'Sysle', 'state': 'Sogn og Fjordane', 'country': 'Norway', 'postcode': '5183', 'coordinates': {'latitude': '46.2598', 'longitude': '-76.3761'}, 'timezone': {'offset': '+7:00', 'description': 'Bangkok, Hanoi, Jakarta'}}, 'email': 'theodor.serigstad@example.com', 'login': {'uuid': 'ebcb1db1-3685-42ad-8ec3-737d361f79dc', 'username': 'smallduck514', 'password': 'tbone', 'salt': 'oyFwjP3G', 'md5': '0e27d929c6be03d44074d8704448b475', 'sha1': 'e5b8cd2fca7a2838e72d7ab95feea879c4eeae73', 'sha256': '0c034e2edd8e79d18597c537cf38579d30cb9cb13907352b8e4f31e28896f279'}, 'dob': {'date': '1957-04-23T09:44:22.182Z', 'age': 67}, 'registered': {'date': '2012-01-08T00:55:57.934Z', 'age': 12}, 'phone': '34194587', 'cell': '45471840', 'id': {'name': 'FN', 'value': '23045719987'}, 'picture': {'large': 'https://randomuser.me/api/portraits/men/85.jpg', 'medium': 'https://randomuser.me/api/portraits/med/men/85.jpg', 'thumbnail': 'https://randomuser.me/api/portraits/thumb/men/85.jpg'}, 'nat': 'NO'}</msg>
<arg>${json_data['results'][0]}</arg>
<doc>Logs the given message with the given level.</doc>
<status status="PASS" start="2024-05-13T20:14:42.360688" elapsed="0.000451"/>
</kw>
<kw name="Log" owner="BuiltIn">
<msg time="2024-05-13T20:14:42.361565" level="INFO">name</msg>
<arg>${key}</arg>
<doc>Logs the given message with the given level.</doc>
<status status="PASS" start="2024-05-13T20:14:42.361438" elapsed="0.000163"/>
</kw>
<var name="${key}">name</var>
<status status="PASS" start="2024-05-13T20:14:42.359818" elapsed="0.001995"/>
</iter>
<iter>
<kw name="Dictionary Should Contain Key" owner="Collections">
<msg time="2024-05-13T20:14:42.362490" level="INFO">False</msg>
<arg>${json_data['results'][0]}</arg>
<arg>${key}</arg>
<doc>Fails if ``key`` is not found from ``dictionary``.</doc>
<status status="PASS" start="2024-05-13T20:14:42.362105" elapsed="0.000420"/>
</kw>
<kw name="Log" owner="BuiltIn">
<msg time="2024-05-13T20:14:42.363190" level="INFO">{'gender': 'male', 'name': {'title': 'Mr', 'first': 'Theodor', 'last': 'Serigstad'}, 'location': {'street': {'number': 7395, 'name': 'Bueveien'}, 'city': 'Sysle', 'state': 'Sogn og Fjordane', 'country': 'Norway', 'postcode': '5183', 'coordinates': {'latitude': '46.2598', 'longitude': '-76.3761'}, 'timezone': {'offset': '+7:00', 'description': 'Bangkok, Hanoi, Jakarta'}}, 'email': 'theodor.serigstad@example.com', 'login': {'uuid': 'ebcb1db1-3685-42ad-8ec3-737d361f79dc', 'username': 'smallduck514', 'password': 'tbone', 'salt': 'oyFwjP3G', 'md5': '0e27d929c6be03d44074d8704448b475', 'sha1': 'e5b8cd2fca7a2838e72d7ab95feea879c4eeae73', 'sha256': '0c034e2edd8e79d18597c537cf38579d30cb9cb13907352b8e4f31e28896f279'}, 'dob': {'date': '1957-04-23T09:44:22.182Z', 'age': 67}, 'registered': {'date': '2012-01-08T00:55:57.934Z', 'age': 12}, 'phone': '34194587', 'cell': '45471840', 'id': {'name': 'FN', 'value': '23045719987'}, 'picture': {'large': 'https://randomuser.me/api/portraits/men/85.jpg', 'medium': 'https://randomuser.me/api/portraits/med/men/85.jpg', 'thumbnail': 'https://randomuser.me/api/portraits/thumb/men/85.jpg'}, 'nat': 'NO'}</msg>
<arg>${json_data['results'][0]}</arg>
<doc>Logs the given message with the given level.</doc>
<status status="PASS" start="2024-05-13T20:14:42.362823" elapsed="0.000414"/>
</kw>
<kw name="Log" owner="BuiltIn">
<msg time="2024-05-13T20:14:42.363656" level="INFO">location</msg>
<arg>${key}</arg>
<doc>Logs the given message with the given level.</doc>
<status status="PASS" start="2024-05-13T20:14:42.363531" elapsed="0.000162"/>
</kw>
<var name="${key}">location</var>
<status status="PASS" start="2024-05-13T20:14:42.361993" elapsed="0.001915"/>
</iter>
<iter>
<kw name="Dictionary Should Contain Key" owner="Collections">
<msg time="2024-05-13T20:14:42.364575" level="INFO">False</msg>
<arg>${json_data['results'][0]}</arg>
<arg>${key}</arg>
<doc>Fails if ``key`` is not found from ``dictionary``.</doc>
<status status="PASS" start="2024-05-13T20:14:42.364192" elapsed="0.000419"/>
</kw>
<kw name="Log" owner="BuiltIn">
<msg time="2024-05-13T20:14:42.365316" level="INFO">{'gender': 'male', 'name': {'title': 'Mr', 'first': 'Theodor', 'last': 'Serigstad'}, 'location': {'street': {'number': 7395, 'name': 'Bueveien'}, 'city': 'Sysle', 'state': 'Sogn og Fjordane', 'country': 'Norway', 'postcode': '5183', 'coordinates': {'latitude': '46.2598', 'longitude': '-76.3761'}, 'timezone': {'offset': '+7:00', 'description': 'Bangkok, Hanoi, Jakarta'}}, 'email': 'theodor.serigstad@example.com', 'login': {'uuid': 'ebcb1db1-3685-42ad-8ec3-737d361f79dc', 'username': 'smallduck514', 'password': 'tbone', 'salt': 'oyFwjP3G', 'md5': '0e27d929c6be03d44074d8704448b475', 'sha1': 'e5b8cd2fca7a2838e72d7ab95feea879c4eeae73', 'sha256': '0c034e2edd8e79d18597c537cf38579d30cb9cb13907352b8e4f31e28896f279'}, 'dob': {'date': '1957-04-23T09:44:22.182Z', 'age': 67}, 'registered': {'date': '2012-01-08T00:55:57.934Z', 'age': 12}, 'phone': '34194587', 'cell': '45471840', 'id': {'name': 'FN', 'value': '23045719987'}, 'picture': {'large': 'https://randomuser.me/api/portraits/men/85.jpg', 'medium': 'https://randomuser.me/api/portraits/med/men/85.jpg', 'thumbnail': 'https://randomuser.me/api/portraits/thumb/men/85.jpg'}, 'nat': 'NO'}</msg>
<arg>${json_data['results'][0]}</arg>
<doc>Logs the given message with the given level.</doc>
<status status="PASS" start="2024-05-13T20:14:42.364938" elapsed="0.000423"/>
</kw>
<kw name="Log" owner="BuiltIn">
<msg time="2024-05-13T20:14:42.365791" level="INFO">email</msg>
<arg>${key}</arg>
<doc>Logs the given message with the given level.</doc>
<status status="PASS" start="2024-05-13T20:14:42.365664" elapsed="0.000164"/>
</kw>
<var name="${key}">email</var>
<status status="PASS" start="2024-05-13T20:14:42.364082" elapsed="0.001962"/>
</iter>
<iter>
<kw name="Dictionary Should Contain Key" owner="Collections">
<msg time="2024-05-13T20:14:42.366720" level="INFO">False</msg>
<arg>${json_data['results'][0]}</arg>
<arg>${key}</arg>
<doc>Fails if ``key`` is not found from ``dictionary``.</doc>
<status status="PASS" start="2024-05-13T20:14:42.366331" elapsed="0.000425"/>
</kw>
<kw name="Log" owner="BuiltIn">
<msg time="2024-05-13T20:14:42.367410" level="INFO">{'gender': 'male', 'name': {'title': 'Mr', 'first': 'Theodor', 'last': 'Serigstad'}, 'location': {'street': {'number': 7395, 'name': 'Bueveien'}, 'city': 'Sysle', 'state': 'Sogn og Fjordane', 'country': 'Norway', 'postcode': '5183', 'coordinates': {'latitude': '46.2598', 'longitude': '-76.3761'}, 'timezone': {'offset': '+7:00', 'description': 'Bangkok, Hanoi, Jakarta'}}, 'email': 'theodor.serigstad@example.com', 'login': {'uuid': 'ebcb1db1-3685-42ad-8ec3-737d361f79dc', 'username': 'smallduck514', 'password': 'tbone', 'salt': 'oyFwjP3G', 'md5': '0e27d929c6be03d44074d8704448b475', 'sha1': 'e5b8cd2fca7a2838e72d7ab95feea879c4eeae73', 'sha256': '0c034e2edd8e79d18597c537cf38579d30cb9cb13907352b8e4f31e28896f279'}, 'dob': {'date': '1957-04-23T09:44:22.182Z', 'age': 67}, 'registered': {'date': '2012-01-08T00:55:57.934Z', 'age': 12}, 'phone': '34194587', 'cell': '45471840', 'id': {'name': 'FN', 'value': '23045719987'}, 'picture': {'large': 'https://randomuser.me/api/portraits/men/85.jpg', 'medium': 'https://randomuser.me/api/portraits/med/men/85.jpg', 'thumbnail': 'https://randomuser.me/api/portraits/thumb/men/85.jpg'}, 'nat': 'NO'}</msg>
<arg>${json_data['results'][0]}</arg>
<doc>Logs the given message with the given level.</doc>
<status status="PASS" start="2024-05-13T20:14:42.367047" elapsed="0.000408"/>
</kw>
<kw name="Log" owner="BuiltIn">
<msg time="2024-05-13T20:14:42.367876" level="INFO">login</msg>
<arg>${key}</arg>
<doc>Logs the given message with the given level.</doc>
<status status="PASS" start="2024-05-13T20:14:42.367751" elapsed="0.000162"/>
</kw>
<var name="${key}">login</var>
<status status="PASS" start="2024-05-13T20:14:42.366219" elapsed="0.001906"/>
</iter>
<var>${key}</var>
<value>@{expected_keys}</value>
<status status="PASS" start="2024-05-13T20:14:42.357458" elapsed="0.010813"/>
</for>
<kw name="Create List" owner="BuiltIn">
<msg time="2024-05-13T20:14:42.368605" level="INFO">${expected_keysTwo} = ['username', 'password']</msg>
<var>${expected_keysTwo}</var>
<arg>username</arg>
<arg>password</arg>
<doc>Returns a list containing given items.</doc>
<status status="PASS" start="2024-05-13T20:14:42.368470" elapsed="0.000158"/>
</kw>
<for flavor="IN">
<iter>
<kw name="Dictionary Should Contain Key" owner="Collections">
<msg time="2024-05-13T20:14:42.369569" level="INFO">False</msg>
<arg>${json_data['results'][0]['login']}</arg>
<arg>${keyTwo}</arg>
<doc>Fails if ``key`` is not found from ``dictionary``.</doc>
<status status="PASS" start="2024-05-13T20:14:42.369166" elapsed="0.000439"/>
</kw>
<kw name="Dictionary Should Contain Key" owner="Collections">
<msg time="2024-05-13T20:14:42.370281" level="INFO">False</msg>
<arg>${json_data['results'][0]['login']}</arg>
<arg>${keyTwo}</arg>
<doc>Fails if ``key`` is not found from ``dictionary``.</doc>
<status status="PASS" start="2024-05-13T20:14:42.369900" elapsed="0.000417"/>
</kw>
<kw name="Log" owner="BuiltIn">
<msg time="2024-05-13T20:14:42.370734" level="INFO">username</msg>
<arg>${keyTwo}</arg>
<doc>Logs the given message with the given level.</doc>
<status status="PASS" start="2024-05-13T20:14:42.370607" elapsed="0.000169"/>
</kw>
<var name="${keyTwo}">username</var>
<status status="PASS" start="2024-05-13T20:14:42.369054" elapsed="0.001934"/>
</iter>
<iter>
<kw name="Dictionary Should Contain Key" owner="Collections">
<msg time="2024-05-13T20:14:42.371656" level="INFO">False</msg>
<arg>${json_data['results'][0]['login']}</arg>
<arg>${keyTwo}</arg>
<doc>Fails if ``key`` is not found from ``dictionary``.</doc>
<status status="PASS" start="2024-05-13T20:14:42.371271" elapsed="0.000421"/>
</kw>
<kw name="Dictionary Should Contain Key" owner="Collections">
<msg time="2024-05-13T20:14:42.372451" level="INFO">False</msg>
<arg>${json_data['results'][0]['login']}</arg>
<arg>${keyTwo}</arg>
<doc>Fails if ``key`` is not found from ``dictionary``.</doc>
<status status="PASS" start="2024-05-13T20:14:42.371984" elapsed="0.000505"/>
</kw>
<kw name="Log" owner="BuiltIn">
<msg time="2024-05-13T20:14:42.372945" level="INFO">password</msg>
<arg>${keyTwo}</arg>
<doc>Logs the given message with the given level.</doc>
<status status="PASS" start="2024-05-13T20:14:42.372785" elapsed="0.000208"/>
</kw>
<var name="${keyTwo}">password</var>
<status status="PASS" start="2024-05-13T20:14:42.371160" elapsed="0.002056"/>
</iter>
<var>${keyTwo}</var>
<value>@{expected_keysTwo}</value>
<status status="PASS" start="2024-05-13T20:14:42.368888" elapsed="0.004448"/>
</for>
<status status="PASS" start="2024-05-13T20:14:42.301780" elapsed="0.071697"/>
</kw>
<doc>Testa a estrutura da resposta da API.</doc>
<tag>testeEstruturaResposta</tag>
<status status="PASS" start="2024-05-13T20:14:42.301156" elapsed="0.072482"/>
</test>
<test id="s1-s1-t4" name="Validar tipos de dados" line="28">
<kw name="Teste de Tipos de Dados" owner="random-user-service">
<kw name="GET On Session" owner="RequestsLibrary">
<msg time="2024-05-13T20:14:42.469460" level="INFO">GET Request : url=https://randomuser.me/api 
 path_url=/api 
 headers={'User-Agent': 'python-requests/2.31.0', 'Accept-Encoding': 'gzip, deflate', 'Accept': '*/*', 'Connection': 'keep-alive'} 
 body=None 
 </msg>
<msg time="2024-05-13T20:14:42.469559" level="INFO">GET Response : url=https://randomuser.me/api 
 status=200, reason=OK 
 headers={'Date': 'Mon, 13 May 2024 20:14:42 GMT', 'Content-Type': 'application/json; charset=utf-8', 'Transfer-Encoding': 'chunked', 'Connection': 'keep-alive', 'X-Powered-By': 'Express', 'Access-Control-Allow-Origin': '*', 'Cache-Control': 'no-cache', 'ETag': 'W/"488-0oIxc8p9tSedmM0jyxVT1DL3/BU"', 'Vary': 'Accept-Encoding', 'Content-Encoding': 'gzip', 'CF-Cache-Status': 'DYNAMIC', 'Report-To': '{"endpoints":[{"url":"https:\\/\\/a.nel.cloudflare.com\\/report\\/v4?s=mZ9eDs%2BZQr%2B4A9xc9M%2FvVcVA%2FyM%2F34vcTZMYYLwAASyE1sAV1SSDfMd3amPyS8T6pOLVkby83aH2MTCPI12Q4iMkVOdRy37JBMUwAaTekHX%2FzY4b8WNHwW2Uo5I%2FhcoH"}],"group":"cf-nel","max_age":604800}', 'NEL': '{"success_fraction":0,"report_to":"cf-nel","max_age":604800}', 'Server': 'cloudflare', 'CF-RAY': '883550fadb05232d-ORD', 'alt-svc': 'h3=":443"; ma=86400'} 
 body={"results":[{"gender":"male","name":{"title":"Mr","first":"Kelly","last":"Scott"},"location":{"street":{"number":4009,"name":"Queensway"},"city":"Stirling","state":"Cheshire","country":"United Kingdom","postcode":"CA34 5XU","coordinates":{"latitude":"-4.8254","longitude":"-73.9194"},"timezone":{"offset":"+2:00","description":"Kaliningrad, South Africa"}},"email":"kelly.scott@example.com","login":{"uuid":"8d86ad16-d4c0-44f1-9fab-ef025ca0ae35","username":"redpeacock938","password":"venom","salt":"2qUbt0hg","md5":"130805935b75be5f91eb63c5695383c4","sha1":"64d5d425ee64fe803ad163778427767f156970c2","sha256":"c91cda0d6dc61c921e17aafa16680dc4f4f183651d8890d61b3c9ed2bd45334e"},"dob":{"date":"1999-03-16T10:39:39.872Z","age":25},"registered":{"date":"2002-06-30T05:03:44.589Z","age":21},"phone":"015394 14384","cell":"07300 668630","id":{"name":"NINO","value":"LB 90 76 89 A"},"picture":{"large":"https://randomuser.me/api/portraits/men/18.jpg","medium":"https://randomuser.me/api/portraits/med/men/18.jpg","thumbnail":"https://randomuser.me/api/portraits/thumb/men/18.jpg"},"nat":"GB"}],"info":{"seed":"58001213c213a1c5","results":1,"page":1,"version":"1.4"}} 
 </msg>
<msg time="2024-05-13T20:14:42.469631" level="INFO">/opt/hostedtoolcache/Python/3.12.3/x64/lib/python3.12/site-packages/urllib3/connectionpool.py:1103: InsecureRequestWarning: Unverified HTTPS request is being made to host 'randomuser.me'. Adding certificate verification is strongly advised. See: https://urllib3.readthedocs.io/en/latest/advanced-usage.html#tls-warnings
  warnings.warn(</msg>
<msg time="2024-05-13T20:14:42.469760" level="INFO">${response} = &lt;Response [200]&gt;</msg>
<var>${response}</var>
<arg>consultarAPI</arg>
<arg>/api</arg>
<doc>Sends a GET request on a previously created HTTP Session.</doc>
<status status="PASS" start="2024-05-13T20:14:42.376226" elapsed="0.093574"/>
</kw>
<kw name="Set Variable" owner="BuiltIn">
<msg time="2024-05-13T20:14:42.471058" level="INFO">${json_data} = {'results': [{'gender': 'male', 'name': {'title': 'Mr', 'first': 'Kelly', 'last': 'Scott'}, 'location': {'street': {'number': 4009, 'name': 'Queensway'}, 'city': 'Stirling', 'state': 'Cheshire', 'coun...</msg>
<var>${json_data}</var>
<arg>${response.json()}</arg>
<doc>Returns the given values which can then be assigned to a variables.</doc>
<status status="PASS" start="2024-05-13T20:14:42.470483" elapsed="0.000603"/>
</kw>
<kw name="Log" owner="BuiltIn">
<msg time="2024-05-13T20:14:42.471618" level="INFO">{'results': [{'gender': 'male', 'name': {'title': 'Mr', 'first': 'Kelly', 'last': 'Scott'}, 'location': {'street': {'number': 4009, 'name': 'Queensway'}, 'city': 'Stirling', 'state': 'Cheshire', 'country': 'United Kingdom', 'postcode': 'CA34 5XU', 'coordinates': {'latitude': '-4.8254', 'longitude': '-73.9194'}, 'timezone': {'offset': '+2:00', 'description': 'Kaliningrad, South Africa'}}, 'email': 'kelly.scott@example.com', 'login': {'uuid': '8d86ad16-d4c0-44f1-9fab-ef025ca0ae35', 'username': 'redpeacock938', 'password': 'venom', 'salt': '2qUbt0hg', 'md5': '130805935b75be5f91eb63c5695383c4', 'sha1': '64d5d425ee64fe803ad163778427767f156970c2', 'sha256': 'c91cda0d6dc61c921e17aafa16680dc4f4f183651d8890d61b3c9ed2bd45334e'}, 'dob': {'date': '1999-03-16T10:39:39.872Z', 'age': 25}, 'registered': {'date': '2002-06-30T05:03:44.589Z', 'age': 21}, 'phone': '015394 14384', 'cell': '07300 668630', 'id': {'name': 'NINO', 'value': 'LB 90 76 89 A'}, 'picture': {'large': 'https://randomuser.me/api/portraits/men/18.jpg', 'medium': 'https://randomuser.me/api/portraits/med/men/18.jpg', 'thumbnail': 'https://randomuser.me/api/portraits/thumb/men/18.jpg'}, 'nat': 'GB'}], 'info': {'seed': '58001213c213a1c5', 'results': 1, 'page': 1, 'version': '1.4'}}</msg>
<arg>${json_data}</arg>
<doc>Logs the given message with the given level.</doc>
<status status="PASS" start="2024-05-13T20:14:42.471451" elapsed="0.000253"/>
</kw>
<kw name="Should Be String" owner="String">
<arg>${json_data['results'][0]['gender']}</arg>
<doc>Fails if the given ``item`` is not a string.</doc>
<status status="PASS" start="2024-05-13T20:14:42.472022" elapsed="0.000377"/>
</kw>
<kw name="Should Match Regexp" owner="BuiltIn">
<arg>${json_data['results'][0]['email']}</arg>
<arg>^[a-zA-Z0-9._%+-]+@[a-zA-Z0-9.-]+\.[a-zA-Z]{2,}$</arg>
<doc>Fails if ``string`` does not match ``pattern`` as a regular expression.</doc>
<status status="PASS" start="2024-05-13T20:14:42.472597" elapsed="0.000593"/>
</kw>
<kw name="Should Match Regexp" owner="BuiltIn">
<arg>${json_data['results'][0]['dob']['date']}</arg>
<arg>\\d{4}-\\d{2}-\\d{2}T\\d{2}:\\d{2}:\\d{2}\\.\\d{3}Z</arg>
<doc>Fails if ``string`` does not match ``pattern`` as a regular expression.</doc>
<status status="PASS" start="2024-05-13T20:14:42.473404" elapsed="0.000502"/>
</kw>
<kw name="Should Match Regexp" owner="BuiltIn">
<arg>${json_data['results'][0]['registered']['date']}</arg>
<arg>\\d{4}-\\d{2}-\\d{2}T\\d{2}:\\d{2}:\\d{2}\\.\\d{3}Z</arg>
<doc>Fails if ``string`` does not match ``pattern`` as a regular expression.</doc>
<status status="PASS" start="2024-05-13T20:14:42.474112" elapsed="0.000372"/>
</kw>
<kw name="Should Match Regexp" owner="BuiltIn">
<arg>${json_data['results'][0]['picture']['large']}</arg>
<arg>^https?://.*\.(?:png|jpe?g|gif|bmp)$</arg>
<doc>Fails if ``string`` does not match ``pattern`` as a regular expression.</doc>
<status status="PASS" start="2024-05-13T20:14:42.474671" elapsed="0.000469"/>
</kw>
<kw name="Should Match Regexp" owner="BuiltIn">
<arg>${json_data['results'][0]['picture']['medium']}</arg>
<arg>^https?://.*\.(?:png|jpe?g|gif|bmp)$</arg>
<doc>Fails if ``string`` does not match ``pattern`` as a regular expression.</doc>
<status status="PASS" start="2024-05-13T20:14:42.475330" elapsed="0.000350"/>
</kw>
<kw name="Should Match Regexp" owner="BuiltIn">
<arg>${json_data['results'][0]['picture']['thumbnail']}</arg>
<arg>^https?://.*\.(?:png|jpe?g|gif|bmp)$</arg>
<doc>Fails if ``string`` does not match ``pattern`` as a regular expression.</doc>
<status status="PASS" start="2024-05-13T20:14:42.475870" elapsed="0.000357"/>
</kw>
<kw name="Log" owner="BuiltIn">
<msg time="2024-05-13T20:14:42.476735" level="INFO">{'large': 'https://randomuser.me/api/portraits/men/18.jpg', 'medium': 'https://randomuser.me/api/portraits/med/men/18.jpg', 'thumbnail': 'https://randomuser.me/api/portraits/thumb/men/18.jpg'}</msg>
<arg>${json_data['results'][0]['picture']}</arg>
<doc>Logs the given message with the given level.</doc>
<status status="PASS" start="2024-05-13T20:14:42.476408" elapsed="0.000368"/>
</kw>
<status status="PASS" start="2024-05-13T20:14:42.375996" elapsed="0.101074"/>
</kw>
<kw name="Teste de Tipos de Dados - Postcode" owner="random-user-service">
<kw name="GET On Session" owner="RequestsLibrary">
<msg time="2024-05-13T20:14:42.547943" level="INFO">GET Request : url=https://randomuser.me/api 
 path_url=/api 
 headers={'User-Agent': 'python-requests/2.31.0', 'Accept-Encoding': 'gzip, deflate', 'Accept': '*/*', 'Connection': 'keep-alive'} 
 body=None 
 </msg>
<msg time="2024-05-13T20:14:42.548065" level="INFO">GET Response : url=https://randomuser.me/api 
 status=200, reason=OK 
 headers={'Date': 'Mon, 13 May 2024 20:14:42 GMT', 'Content-Type': 'application/json; charset=utf-8', 'Transfer-Encoding': 'chunked', 'Connection': 'keep-alive', 'X-Powered-By': 'Express', 'Access-Control-Allow-Origin': '*', 'Cache-Control': 'no-cache', 'ETag': 'W/"477-UAOIe1ai77rRtKM7/hp9bTYffhs"', 'Vary': 'Accept-Encoding', 'Content-Encoding': 'gzip', 'CF-Cache-Status': 'DYNAMIC', 'Report-To': '{"endpoints":[{"url":"https:\\/\\/a.nel.cloudflare.com\\/report\\/v4?s=M72SGze8AA99RPE%2FokeclKnDQ4%2FAAFu7Ng8UJBjmhtZp4qQij8YCrrF8snf5eUyYN9cFoHFZolqoaYofyxQe6u36LbP6qujwzqEx%2FUXLTUr2AMgIZcp%2FsAOGQtU91cft"}],"group":"cf-nel","max_age":604800}', 'NEL': '{"success_fraction":0,"report_to":"cf-nel","max_age":604800}', 'Server': 'cloudflare', 'CF-RAY': '883550fb8c0e232d-ORD', 'alt-svc': 'h3=":443"; ma=86400'} 
 body={"results":[{"gender":"female","name":{"title":"Miss","first":"Britney","last":"Mitchell"},"location":{"street":{"number":1767,"name":"Galway Road"},"city":"Limerick","state":"Leitrim","country":"Ireland","postcode":46448,"coordinates":{"latitude":"1.9487","longitude":"108.1030"},"timezone":{"offset":"-10:00","description":"Hawaii"}},"email":"britney.mitchell@example.com","login":{"uuid":"29112287-67d2-467a-802e-e92d64cc97fe","username":"tinytiger616","password":"bessie","salt":"E2izBNda","md5":"892a1d6e6a51c0a2b9e73ed1ac3626e8","sha1":"b008cb1dcc2c0dc802d235deaeb57397e1b011ef","sha256":"0b3f01cec13b764b9e5fffde374fadd213a67bdc7a25c18f32fe794fa7f81898"},"dob":{"date":"1952-11-01T13:05:19.711Z","age":71},"registered":{"date":"2018-10-28T03:31:32.131Z","age":5},"phone":"031-785-4986","cell":"081-457-0985","id":{"name":"PPS","value":"7895530T"},"picture":{"large":"https://randomuser.me/api/portraits/women/36.jpg","medium":"https://randomuser.me/api/portraits/med/women/36.jpg","thumbnail":"https://randomuser.me/api/portraits/thumb/women/36.jpg"},"nat":"IE"}],"info":{"seed":"a77a819f06e5a3c0","results":1,"page":1,"version":"1.4"}} 
 </msg>
<msg time="2024-05-13T20:14:42.548152" level="INFO">/opt/hostedtoolcache/Python/3.12.3/x64/lib/python3.12/site-packages/urllib3/connectionpool.py:1103: InsecureRequestWarning: Unverified HTTPS request is being made to host 'randomuser.me'. Adding certificate verification is strongly advised. See: https://urllib3.readthedocs.io/en/latest/advanced-usage.html#tls-warnings
  warnings.warn(</msg>
<msg time="2024-05-13T20:14:42.548314" level="INFO">${response} = &lt;Response [200]&gt;</msg>
<var>${response}</var>
<arg>consultarAPI</arg>
<arg>/api</arg>
<doc>Sends a GET request on a previously created HTTP Session.</doc>
<status status="PASS" start="2024-05-13T20:14:42.477551" elapsed="0.070814"/>
</kw>
<kw name="Set Variable" owner="BuiltIn">
<msg time="2024-05-13T20:14:42.549705" level="INFO">${json_data} = {'results': [{'gender': 'female', 'name': {'title': 'Miss', 'first': 'Britney', 'last': 'Mitchell'}, 'location': {'street': {'number': 1767, 'name': 'Galway Road'}, 'city': 'Limerick', 'state': 'Leitr...</msg>
<var>${json_data}</var>
<arg>${response.json()}</arg>
<doc>Returns the given values which can then be assigned to a variables.</doc>
<status status="PASS" start="2024-05-13T20:14:42.549105" elapsed="0.000629"/>
</kw>
<kw name="Log" owner="BuiltIn">
<msg time="2024-05-13T20:14:42.550298" level="INFO">{'results': [{'gender': 'female', 'name': {'title': 'Miss', 'first': 'Britney', 'last': 'Mitchell'}, 'location': {'street': {'number': 1767, 'name': 'Galway Road'}, 'city': 'Limerick', 'state': 'Leitrim', 'country': 'Ireland', 'postcode': 46448, 'coordinates': {'latitude': '1.9487', 'longitude': '108.1030'}, 'timezone': {'offset': '-10:00', 'description': 'Hawaii'}}, 'email': 'britney.mitchell@example.com', 'login': {'uuid': '29112287-67d2-467a-802e-e92d64cc97fe', 'username': 'tinytiger616', 'password': 'bessie', 'salt': 'E2izBNda', 'md5': '892a1d6e6a51c0a2b9e73ed1ac3626e8', 'sha1': 'b008cb1dcc2c0dc802d235deaeb57397e1b011ef', 'sha256': '0b3f01cec13b764b9e5fffde374fadd213a67bdc7a25c18f32fe794fa7f81898'}, 'dob': {'date': '1952-11-01T13:05:19.711Z', 'age': 71}, 'registered': {'date': '2018-10-28T03:31:32.131Z', 'age': 5}, 'phone': '031-785-4986', 'cell': '081-457-0985', 'id': {'name': 'PPS', 'value': '7895530T'}, 'picture': {'large': 'https://randomuser.me/api/portraits/women/36.jpg', 'medium': 'https://randomuser.me/api/portraits/med/women/36.jpg', 'thumbnail': 'https://randomuser.me/api/portraits/thumb/women/36.jpg'}, 'nat': 'IE'}], 'info': {'seed': 'a77a819f06e5a3c0', 'results': 1, 'page': 1, 'version': '1.4'}}</msg>
<arg>${json_data}</arg>
<doc>Logs the given message with the given level.</doc>
<status status="PASS" start="2024-05-13T20:14:42.550119" elapsed="0.000267"/>
</kw>
<kw name="Should Be Equal As Numbers" owner="BuiltIn">
<arg>${json_data['results'][0]['location']['postcode']}</arg>
<arg>${json_data['results'][0]['location']['postcode']}</arg>
<doc>Fails if objects are unequal after converting them to real numbers.</doc>
<status status="PASS" start="2024-05-13T20:14:42.550731" elapsed="0.000871"/>
</kw>
<kw name="Log" owner="BuiltIn">
<msg time="2024-05-13T20:14:42.552162" level="INFO">46448</msg>
<arg>${json_data['results'][0]['location']['postcode']}</arg>
<doc>Logs the given message with the given level.</doc>
<status status="PASS" start="2024-05-13T20:14:42.551813" elapsed="0.000391"/>
</kw>
<status status="PASS" start="2024-05-13T20:14:42.477311" elapsed="0.075163"/>
</kw>
<doc>Testa se os tipos de dados na resposta da API estão corretos.</doc>
<tag>testeTiposDados</tag>
<status status="PASS" start="2024-05-13T20:14:42.375429" elapsed="0.177218"/>
</test>
<test id="s1-s1-t5" name="Validar conteudo" line="35">
<kw name="Teste de Tipos de Conteudo" owner="random-user-service">
<kw name="GET On Session" owner="RequestsLibrary">
<msg time="2024-05-13T20:14:42.645971" level="INFO">GET Request : url=https://randomuser.me/api 
 path_url=/api 
 headers={'User-Agent': 'python-requests/2.31.0', 'Accept-Encoding': 'gzip, deflate', 'Accept': '*/*', 'Connection': 'keep-alive'} 
 body=None 
 </msg>
<msg time="2024-05-13T20:14:42.646072" level="INFO">GET Response : url=https://randomuser.me/api 
 status=200, reason=OK 
 headers={'Date': 'Mon, 13 May 2024 20:14:42 GMT', 'Content-Type': 'application/json; charset=utf-8', 'Transfer-Encoding': 'chunked', 'Connection': 'keep-alive', 'X-Powered-By': 'Express', 'Access-Control-Allow-Origin': '*', 'Cache-Control': 'no-cache', 'ETag': 'W/"49b-YK/dKhShG1IjKsUw/4so1tEkq38"', 'Vary': 'Accept-Encoding', 'Content-Encoding': 'gzip', 'CF-Cache-Status': 'DYNAMIC', 'Report-To': '{"endpoints":[{"url":"https:\\/\\/a.nel.cloudflare.com\\/report\\/v4?s=1WssBlj%2Be%2FLbSdqaN6QkvimTLCWWu0lsxNvVorX%2F66JYOkXaUTTeYaoIAZVQ33KjO1Wb8NOl7hnjMfQQUJWnqf4zrkNiHC2zsBp6FeGlfq%2FAq5F7iR43wACZS3%2FaRV%2Bz"}],"group":"cf-nel","max_age":604800}', 'NEL': '{"success_fraction":0,"report_to":"cf-nel","max_age":604800}', 'Server': 'cloudflare', 'CF-RAY': '883550fbfcdc232d-ORD', 'alt-svc': 'h3=":443"; ma=86400'} 
 body={"results":[{"gender":"female","name":{"title":"Miss","first":"Victoria","last":"Sørensen"},"location":{"street":{"number":6750,"name":"Sportsvej"},"city":"V.Skerninge","state":"Syddanmark","country":"Denmark","postcode":97796,"coordinates":{"latitude":"-39.8715","longitude":"138.0851"},"timezone":{"offset":"+9:00","description":"Tokyo, Seoul, Osaka, Sapporo, Yakutsk"}},"email":"victoria.sorensen@example.com","login":{"uuid":"fe3eacee-f958-4011-b283-98067a95355e","username":"bluelion564","password":"kcj9wx5n","salt":"LvIbfg7k","md5":"4a758743305492976e2dbb134c482ce6","sha1":"a8dc01cbf840fbd937169779a6bd99f92665f33b","sha256":"6821193d6065ce0dcb344f9d820e43626f3b9e9f9b880f3cf9321643205df198"},"dob":{"date":"1948-01-11T17:42:35.894Z","age":76},"registered":{"date":"2010-07-06T00:09:25.275Z","age":13},"phone":"65323397","cell":"12274037","id":{"name":"CPR","value":"110148-0779"},"picture":{"large":"https://randomuser.me/api/portraits/women/45.jpg","medium":"https://randomuser.me/api/portraits/med/women/45.jpg","thumbnail":"https://randomuser.me/api/portraits/thumb/women/45.jpg"},"nat":"DK"}],"info":{"seed":"a22742db0334c506","results":1,"page":1,"version":"1.4"}} 
 </msg>
<msg time="2024-05-13T20:14:42.646145" level="INFO">/opt/hostedtoolcache/Python/3.12.3/x64/lib/python3.12/site-packages/urllib3/connectionpool.py:1103: InsecureRequestWarning: Unverified HTTPS request is being made to host 'randomuser.me'. Adding certificate verification is strongly advised. See: https://urllib3.readthedocs.io/en/latest/advanced-usage.html#tls-warnings
  warnings.warn(</msg>
<msg time="2024-05-13T20:14:42.646269" level="INFO">${response} = &lt;Response [200]&gt;</msg>
<var>${response}</var>
<arg>consultarAPI</arg>
<arg>/api</arg>
<doc>Sends a GET request on a previously created HTTP Session.</doc>
<status status="PASS" start="2024-05-13T20:14:42.555355" elapsed="0.090955"/>
</kw>
<kw name="Set Variable" owner="BuiltIn">
<msg time="2024-05-13T20:14:42.647542" level="INFO">${json_data} = {'results': [{'gender': 'female', 'name': {'title': 'Miss', 'first': 'Victoria', 'last': 'Sørensen'}, 'location': {'street': {'number': 6750, 'name': 'Sportsvej'}, 'city': 'V.Skerninge', 'state': 'Syd...</msg>
<var>${json_data}</var>
<arg>${response.json()}</arg>
<doc>Returns the given values which can then be assigned to a variables.</doc>
<status status="PASS" start="2024-05-13T20:14:42.646952" elapsed="0.000620"/>
</kw>
<kw name="Set Variable" owner="BuiltIn">
<msg time="2024-05-13T20:14:42.648277" level="INFO">${name_title} = Miss</msg>
<var>${name_title}</var>
<arg>${json_data["results"][0]["name"]["title"]}</arg>
<doc>Returns the given values which can then be assigned to a variables.</doc>
<status status="PASS" start="2024-05-13T20:14:42.647885" elapsed="0.000418"/>
</kw>
<kw name="Create List" owner="BuiltIn">
<msg time="2024-05-13T20:14:42.648754" level="INFO">${allowed_titles} = ['Mr', 'Ms', 'Miss', 'Mrs', 'Madame', 'Monsieur']</msg>
<var>${allowed_titles}</var>
<arg>Mr</arg>
<arg>Ms</arg>
<arg>Miss</arg>
<arg>Mrs</arg>
<arg>Madame</arg>
<arg>Monsieur</arg>
<doc>Returns a list containing given items.</doc>
<status status="PASS" start="2024-05-13T20:14:42.648603" elapsed="0.000176"/>
</kw>
<kw name="List Should Contain Value" owner="Collections">
<msg time="2024-05-13T20:14:42.649302" level="INFO">False</msg>
<arg>${allowed_titles}</arg>
<arg>${name_title}</arg>
<doc>Fails if the ``value`` is not found from ``list``.</doc>
<status status="PASS" start="2024-05-13T20:14:42.649124" elapsed="0.000215"/>
</kw>
<kw name="Set Variable" owner="BuiltIn">
<msg time="2024-05-13T20:14:42.650010" level="INFO">${name_country} = DK</msg>
<var>${name_country}</var>
<arg>${json_data["results"][0]["nat"]}</arg>
<doc>Returns the given values which can then be assigned to a variables.</doc>
<status status="PASS" start="2024-05-13T20:14:42.649631" elapsed="0.000404"/>
</kw>
<kw name="Create List" owner="BuiltIn">
<msg time="2024-05-13T20:14:42.650920" level="INFO">${list_country} = ['AD', 'AE', 'AF', 'AG', 'AI', 'AL', 'AM', 'AO', 'AQ', 'AR', 'AS', 'AT', 'AU', 'AW', 'AX', 'AZ', 'BA', 'BB', 'BD', 'BE', 'BF', 'BG', 'BH', 'BI', 'BJ', 'BL', 'BM', 'BN', 'BO', 'BQ', 'BR', 'BS', 'BT', '...</msg>
<var>${list_country}</var>
<arg>AD</arg>
<arg>AE</arg>
<arg>AF</arg>
<arg>AG</arg>
<arg>AI</arg>
<arg>AL</arg>
<arg>AM</arg>
<arg>AO</arg>
<arg>AQ</arg>
<arg>AR</arg>
<arg>AS</arg>
<arg>AT</arg>
<arg>AU</arg>
<arg>AW</arg>
<arg>AX</arg>
<arg>AZ</arg>
<arg>BA</arg>
<arg>BB</arg>
<arg>BD</arg>
<arg>BE</arg>
<arg>BF</arg>
<arg>BG</arg>
<arg>BH</arg>
<arg>BI</arg>
<arg>BJ</arg>
<arg>BL</arg>
<arg>BM</arg>
<arg>BN</arg>
<arg>BO</arg>
<arg>BQ</arg>
<arg>BR</arg>
<arg>BS</arg>
<arg>BT</arg>
<arg>BV</arg>
<arg>BW</arg>
<arg>BY</arg>
<arg>BZ</arg>
<arg>CA</arg>
<arg>CC</arg>
<arg>CD</arg>
<arg>CF</arg>
<arg>CG</arg>
<arg>CH</arg>
<arg>CI</arg>
<arg>CK</arg>
<arg>CL</arg>
<arg>CM</arg>
<arg>CN</arg>
<arg>CO</arg>
<arg>CR</arg>
<arg>CU</arg>
<arg>CV</arg>
<arg>CW</arg>
<arg>CX</arg>
<arg>CY</arg>
<arg>CZ</arg>
<arg>DE</arg>
<arg>DJ</arg>
<arg>DK</arg>
<arg>DM</arg>
<arg>DO</arg>
<arg>DZ</arg>
<arg>EC</arg>
<arg>EE</arg>
<arg>EG</arg>
<arg>EH</arg>
<arg>ER</arg>
<arg>ES</arg>
<arg>ET</arg>
<arg>FI</arg>
<arg>FJ</arg>
<arg>FK</arg>
<arg>FM</arg>
<arg>FO</arg>
<arg>FR</arg>
<arg>GA</arg>
<arg>GB</arg>
<arg>GD</arg>
<arg>GE</arg>
<arg>GF</arg>
<arg>GG</arg>
<arg>GH</arg>
<arg>GI</arg>
<arg>GL</arg>
<arg>GM</arg>
<arg>GN</arg>
<arg>GP</arg>
<arg>GQ</arg>
<arg>GR</arg>
<arg>GS</arg>
<arg>GT</arg>
<arg>GU</arg>
<arg>GW</arg>
<arg>GY</arg>
<arg>HK</arg>
<arg>HM</arg>
<arg>HN</arg>
<arg>HR</arg>
<arg>HT</arg>
<arg>HU</arg>
<arg>ID</arg>
<arg>IE</arg>
<arg>IL</arg>
<arg>IM</arg>
<arg>IN</arg>
<arg>IO</arg>
<arg>IQ</arg>
<arg>IR</arg>
<arg>IS</arg>
<arg>IT</arg>
<arg>JE</arg>
<arg>JM</arg>
<arg>JO</arg>
<arg>JP</arg>
<arg>KE</arg>
<arg>KG</arg>
<arg>KH</arg>
<arg>KI</arg>
<arg>KM</arg>
<arg>KN</arg>
<arg>KP</arg>
<arg>KR</arg>
<arg>KW</arg>
<arg>KY</arg>
<arg>KZ</arg>
<arg>LA</arg>
<arg>LB</arg>
<arg>LC</arg>
<arg>LI</arg>
<arg>LK</arg>
<arg>LR</arg>
<arg>LS</arg>
<arg>LT</arg>
<arg>LU</arg>
<arg>LV</arg>
<arg>LY</arg>
<arg>MA</arg>
<arg>MC</arg>
<arg>MD</arg>
<arg>ME</arg>
<arg>MF</arg>
<arg>MG</arg>
<arg>MH</arg>
<arg>MK</arg>
<arg>ML</arg>
<arg>MM</arg>
<arg>MN</arg>
<arg>MO</arg>
<arg>MP</arg>
<arg>MQ</arg>
<arg>MR</arg>
<arg>MS</arg>
<arg>MT</arg>
<arg>MU</arg>
<arg>MV</arg>
<arg>MW</arg>
<arg>MX</arg>
<arg>MY</arg>
<arg>MZ</arg>
<arg>NA</arg>
<arg>NC</arg>
<arg>NE</arg>
<arg>NF</arg>
<arg>NG</arg>
<arg>NI</arg>
<arg>NL</arg>
<arg>NO</arg>
<arg>NP</arg>
<arg>NR</arg>
<arg>NU</arg>
<arg>NZ</arg>
<arg>OM</arg>
<arg>PA</arg>
<arg>PE</arg>
<arg>PF</arg>
<arg>PG</arg>
<arg>PH</arg>
<arg>PK</arg>
<arg>PL</arg>
<arg>PM</arg>
<arg>PN</arg>
<arg>PR</arg>
<arg>PS</arg>
<arg>PT</arg>
<arg>PW</arg>
<arg>PY</arg>
<arg>QA</arg>
<arg>RE</arg>
<arg>RO</arg>
<arg>RS</arg>
<arg>RU</arg>
<arg>RW</arg>
<arg>SA</arg>
<arg>SB</arg>
<arg>SC</arg>
<arg>SD</arg>
<arg>SE</arg>
<arg>SG</arg>
<arg>SH</arg>
<arg>SI</arg>
<arg>SJ</arg>
<arg>SK</arg>
<arg>SL</arg>
<arg>SM</arg>
<arg>SN</arg>
<arg>SO</arg>
<arg>SR</arg>
<arg>SS</arg>
<arg>ST</arg>
<arg>SV</arg>
<arg>SX</arg>
<arg>SY</arg>
<arg>SZ</arg>
<arg>TC</arg>
<arg>TD</arg>
<arg>TF</arg>
<arg>TG</arg>
<arg>TH</arg>
<arg>TJ</arg>
<arg>TK</arg>
<arg>TL</arg>
<arg>TM</arg>
<arg>TN</arg>
<arg>TO</arg>
<arg>TR</arg>
<arg>TT</arg>
<arg>TV</arg>
<arg>TW</arg>
<arg>TZ</arg>
<arg>UA</arg>
<arg>UG</arg>
<arg>UM</arg>
<arg>US</arg>
<arg>UY</arg>
<arg>UZ</arg>
<arg>VA</arg>
<arg>VC</arg>
<arg>VE</arg>
<arg>VG</arg>
<arg>VI</arg>
<arg>VN</arg>
<arg>VU</arg>
<arg>WF</arg>
<arg>WS</arg>
<arg>XK</arg>
<arg>YE</arg>
<arg>YT</arg>
<arg>ZA</arg>
<arg>ZM</arg>
<arg>ZW</arg>
<doc>Returns a list containing given items.</doc>
<status status="PASS" start="2024-05-13T20:14:42.650333" elapsed="0.000612"/>
</kw>
<kw name="List Should Contain Value" owner="Collections">
<msg time="2024-05-13T20:14:42.651941" level="INFO">False</msg>
<arg>${list_country}</arg>
<arg>${name_country}</arg>
<doc>Fails if the ``value`` is not found from ``list``.</doc>
<status status="PASS" start="2024-05-13T20:14:42.651743" elapsed="0.000233"/>
</kw>
<kw name="Run Keyword If" owner="BuiltIn">
<kw name="Should Be True" owner="BuiltIn">
<arg>${True}</arg>
<doc>Fails if the given condition is not true.</doc>
<status status="PASS" start="2024-05-13T20:14:42.653102" elapsed="0.000146"/>
</kw>
<arg>${json_data["results"][0]["location"]["coordinates"]["latitude"]} &gt;= -90 and ${json_data["results"][0]["location"]["coordinates"]["latitude"]} &lt;= 90</arg>
<arg>Should Be True</arg>
<arg>${True}</arg>
<doc>Runs the given keyword with the given arguments, if ``condition`` is true.</doc>
<status status="PASS" start="2024-05-13T20:14:42.652288" elapsed="0.001087"/>
</kw>
<kw name="Run Keyword If" owner="BuiltIn">
<kw name="Should Be True" owner="BuiltIn">
<arg>${True}</arg>
<doc>Fails if the given condition is not true.</doc>
<status status="PASS" start="2024-05-13T20:14:42.654270" elapsed="0.000262"/>
</kw>
<arg>${json_data["results"][0]["location"]["coordinates"]["longitude"]} &gt;= -180 and ${json_data["results"][0]["location"]["coordinates"]["longitude"]} &lt;= 180</arg>
<arg>Should Be True</arg>
<arg>${True}</arg>
<doc>Runs the given keyword with the given arguments, if ``condition`` is true.</doc>
<status status="PASS" start="2024-05-13T20:14:42.653565" elapsed="0.001094"/>
</kw>
<status status="PASS" start="2024-05-13T20:14:42.555096" elapsed="0.099696"/>
</kw>
<doc>Testa o conteúdo específico dos campos retornados pela API.</doc>
<tag>testeConteudo</tag>
<status status="PASS" start="2024-05-13T20:14:42.554512" elapsed="0.100431"/>
</test>
<status status="PASS" start="2024-05-13T20:14:41.495666" elapsed="1.161319"/>
</suite>
<status status="PASS" start="2024-05-13T20:14:41.482168" elapsed="1.180005"/>
</suite>
<statistics>
<total>
<stat pass="5" fail="0" skip="0">All Tests</stat>
</total>
<tag>
<stat pass="1" fail="0" skip="0">testeConteudo</stat>
<stat pass="1" fail="0" skip="0">testeEstruturaResposta</stat>
<stat pass="1" fail="0" skip="0">testeRequisicaoBasica</stat>
<stat pass="1" fail="0" skip="0">testeTiposDados</stat>
</tag>
<suite>
<stat pass="5" fail="0" skip="0" id="s1" name="Tests">Tests</stat>
<stat pass="5" fail="0" skip="0" id="s1-s1" name="Random-User-Test">Tests.Random-User-Test</stat>
</suite>
</statistics>
<errors>
</errors>
</robot>
