<?xml version="1.0" encoding="UTF-8"?>
<robot generator="Robot 7.0.1 (Python 3.12.4 on linux)" generated="2024-07-30T06:21:39.726977" rpa="false" schemaversion="5">
<suite id="s1" name="Tests" source="/home/runner/work/ApiRandomUser/ApiRandomUser/RamdonUser/tests">
<suite id="s1-s1" name="Random-User-Test" source="/home/runner/work/ApiRandomUser/ApiRandomUser/RamdonUser/tests/random-user-test.robot">
<test id="s1-s1-t1" name="Conectar" line="13">
<kw name="Conectar API" owner="random-user-service">
<kw name="Create Session" owner="RequestsLibrary">
<msg time="2024-07-30T06:21:40.166921" level="INFO">Creating Session using : alias=consultarAPI, url=https://randomuser.me/, headers={},                     cookies={}, auth=None, timeout=None, proxies=None, verify=False,                     debug=0 </msg>
<arg>consultarAPI</arg>
<arg>${URL}</arg>
<doc>Create Session: create a HTTP session to a server</doc>
<status status="PASS" start="2024-07-30T06:21:40.166719" elapsed="0.000383"/>
</kw>
<status status="PASS" start="2024-07-30T06:21:40.165664" elapsed="0.001801"/>
</kw>
<status status="PASS" start="2024-07-30T06:21:40.164963" elapsed="0.002696"/>
</test>
<test id="s1-s1-t2" name="Validar retorno 200 e JSON Válido" line="16">
<kw name="Teste de Requisicao Basica" owner="random-user-service">
<kw name="GET On Session" owner="RequestsLibrary">
<msg time="2024-07-30T06:21:40.382414" level="INFO">GET Request : url=https://randomuser.me/api 
 path_url=/api 
 headers={'User-Agent': 'python-requests/2.32.3', 'Accept-Encoding': 'gzip, deflate', 'Accept': '*/*', 'Connection': 'keep-alive'} 
 body=None 
 </msg>
<msg time="2024-07-30T06:21:40.382561" level="INFO">GET Response : url=https://randomuser.me/api 
 status=200, reason=OK 
 headers={'Date': 'Tue, 30 Jul 2024 06:21:40 GMT', 'Content-Type': 'application/json; charset=utf-8', 'Transfer-Encoding': 'chunked', 'Connection': 'keep-alive', 'X-Powered-By': 'Express', 'Access-Control-Allow-Origin': '*', 'Cache-Control': 'no-cache', 'ETag': 'W/"498-octdDUi6sCCUjaT/Dv2ELRHs044"', 'Vary': 'Accept-Encoding', 'Content-Encoding': 'gzip', 'CF-Cache-Status': 'DYNAMIC', 'Report-To': '{"endpoints":[{"url":"https:\\/\\/a.nel.cloudflare.com\\/report\\/v4?s=EP0E7eyBoRODUjOzm%2Fx0Ka64ykyNAd19aRdh3TYp1NRHg45GU42m6%2BZ2aXysJueAZ9I32x8Zx1zEsDzqIQ7L4XiMJbN9x5698cr25vYWEjq9ALcFajijd4tWG4dEL%2B04"}],"group":"cf-nel","max_age":604800}', 'NEL': '{"success_fraction":0,"report_to":"cf-nel","max_age":604800}', 'Server': 'cloudflare', 'CF-RAY': '8ab33ff6fbd0c56a-IAD', 'alt-svc': 'h3=":443"; ma=86400'} 
 body={"results":[{"gender":"female","name":{"title":"Ms","first":"Lyubava","last":"Nosal"},"location":{"street":{"number":8061,"name":"Krasnokutskiy provulok"},"city":"Kiliya","state":"Dnipropetrovska","country":"Ukraine","postcode":34059,"coordinates":{"latitude":"79.9427","longitude":"92.3896"},"timezone":{"offset":"+1:00","description":"Brussels, Copenhagen, Madrid, Paris"}},"email":"lyubava.nosal@example.com","login":{"uuid":"79b7c762-4866-4b8f-8d31-230b79311310","username":"beautifulcat274","password":"cash","salt":"IzARF8sZ","md5":"a33f9a692999d524b2e88d4cf06192de","sha1":"f25d91dd97a7d16e9562bba8d6ce6aee6f832549","sha256":"46b1480d7e876a26c68e9692cd4373109a4a5dd5a1d60e0a2aaa60530508ef1f"},"dob":{"date":"1945-11-06T20:48:49.767Z","age":78},"registered":{"date":"2016-06-13T07:21:46.409Z","age":8},"phone":"(097) F00-2005","cell":"(068) U13-5122","id":{"name":"","value":null},"picture":{"large":"https://randomuser.me/api/portraits/women/47.jpg","medium":"https://randomuser.me/api/portraits/med/women/47.jpg","thumbnail":"https://randomuser.me/api/portraits/thumb/women/47.jpg"},"nat":"UA"}],"info":{"seed":"de66d14ffac492a7","results":1,"page":1,"version":"1.4"}} 
 </msg>
<msg time="2024-07-30T06:21:40.382644" level="INFO">/opt/hostedtoolcache/Python/3.12.4/x64/lib/python3.12/site-packages/urllib3/connectionpool.py:1099: InsecureRequestWarning: Unverified HTTPS request is being made to host 'randomuser.me'. Adding certificate verification is strongly advised. See: https://urllib3.readthedocs.io/en/latest/advanced-usage.html#tls-warnings
  warnings.warn(</msg>
<msg time="2024-07-30T06:21:40.382794" level="INFO">${response} = &lt;Response [200]&gt;</msg>
<var>${response}</var>
<arg>consultarAPI</arg>
<arg>/api</arg>
<doc>Sends a GET request on a previously created HTTP Session.</doc>
<status status="PASS" start="2024-07-30T06:21:40.170249" elapsed="0.212585"/>
</kw>
<kw name="Should Be Equal As Numbers" owner="BuiltIn">
<msg time="2024-07-30T06:21:40.383793" level="INFO">Argument types are:
&lt;class 'int'&gt;
&lt;class 'str'&gt;</msg>
<arg>${response.status_code}</arg>
<arg>200</arg>
<doc>Fails if objects are unequal after converting them to real numbers.</doc>
<status status="PASS" start="2024-07-30T06:21:40.383330" elapsed="0.000529"/>
</kw>
<kw name="Log" owner="BuiltIn">
<msg time="2024-07-30T06:21:40.384585" level="INFO">200</msg>
<arg>${response.status_code}</arg>
<doc>Logs the given message with the given level.</doc>
<status status="PASS" start="2024-07-30T06:21:40.384222" elapsed="0.000407"/>
</kw>
<kw name="Set Variable" owner="BuiltIn">
<msg time="2024-07-30T06:21:40.385381" level="INFO">${json_data} = {'results': [{'gender': 'female', 'name': {'title': 'Ms', 'first': 'Lyubava', 'last': 'Nosal'}, 'location': {'street': {'number': 8061, 'name': 'Krasnokutskiy provulok'}, 'city': 'Kiliya', 'state': 'D...</msg>
<var>${json_data}</var>
<arg>${response.json()}</arg>
<doc>Returns the given values which can then be assigned to a variables.</doc>
<status status="PASS" start="2024-07-30T06:21:40.384943" elapsed="0.000468"/>
</kw>
<kw name="Dictionary Should Contain Key" owner="Collections">
<arg>${json_data}</arg>
<arg>results</arg>
<doc>Fails if ``key`` is not found from ``dictionary``.</doc>
<status status="PASS" start="2024-07-30T06:21:40.385718" elapsed="0.000327"/>
</kw>
<status status="PASS" start="2024-07-30T06:21:40.170008" elapsed="0.216195"/>
</kw>
<doc>Testa se a API responde corretamente e retorna um objeto JSON válido.</doc>
<tag>testeRequisicaoBasica</tag>
<status status="PASS" start="2024-07-30T06:21:40.169549" elapsed="0.216833"/>
</test>
<test id="s1-s1-t3" name="Validar estrutura de resposta" line="22">
<kw name="Teste de Estrutura de Resposta" owner="random-user-service">
<kw name="GET On Session" owner="RequestsLibrary">
<msg time="2024-07-30T06:21:40.509376" level="INFO">GET Request : url=https://randomuser.me/api 
 path_url=/api 
 headers={'User-Agent': 'python-requests/2.32.3', 'Accept-Encoding': 'gzip, deflate', 'Accept': '*/*', 'Connection': 'keep-alive'} 
 body=None 
 </msg>
<msg time="2024-07-30T06:21:40.509491" level="INFO">GET Response : url=https://randomuser.me/api 
 status=200, reason=OK 
 headers={'Date': 'Tue, 30 Jul 2024 06:21:40 GMT', 'Content-Type': 'application/json; charset=utf-8', 'Transfer-Encoding': 'chunked', 'Connection': 'keep-alive', 'X-Powered-By': 'Express', 'Access-Control-Allow-Origin': '*', 'Cache-Control': 'no-cache', 'ETag': 'W/"49b-Wcpjq1syfX5b/7z/mVoIm3MmI58"', 'Vary': 'Accept-Encoding', 'Content-Encoding': 'gzip', 'CF-Cache-Status': 'DYNAMIC', 'Report-To': '{"endpoints":[{"url":"https:\\/\\/a.nel.cloudflare.com\\/report\\/v4?s=dquDWntVkOLLCilnUXBQxO8s2AmFoWjkYrmpXJBrfQa%2F99qmIxme5LEuHRh1Ysp%2FUV5gxak6ZkP7XSPqlF7fpPbSpVT1Fw1Suib%2FRPUR6Ej5u10adAsQnPzXLz%2FsIUo5"}],"group":"cf-nel","max_age":604800}', 'NEL': '{"success_fraction":0,"report_to":"cf-nel","max_age":604800}', 'Server': 'cloudflare', 'CF-RAY': '8ab33ff77c33c56a-IAD', 'alt-svc': 'h3=":443"; ma=86400'} 
 body={"results":[{"gender":"female","name":{"title":"Ms","first":"Florence","last":"Chambers"},"location":{"street":{"number":94,"name":"Railroad St"},"city":"Nowra","state":"New South Wales","country":"Australia","postcode":1337,"coordinates":{"latitude":"-87.1671","longitude":"32.5188"},"timezone":{"offset":"+1:00","description":"Brussels, Copenhagen, Madrid, Paris"}},"email":"florence.chambers@example.com","login":{"uuid":"52f70aa2-f302-4ea4-b3cc-fb4c7a5ae747","username":"silverwolf753","password":"sanders","salt":"oak6QsSn","md5":"4d10a76cac4cd1340c226019ddb6667f","sha1":"de6baf5be848f576aa4e51c3dc9d6a888e425f34","sha256":"df5515d69f7d930a13b76cddeef4821251d101bf9c6fdaa7674f56d2c196694b"},"dob":{"date":"1959-01-23T02:19:46.112Z","age":65},"registered":{"date":"2018-01-04T18:59:55.827Z","age":6},"phone":"06-3694-2432","cell":"0460-042-639","id":{"name":"TFN","value":"654697638"},"picture":{"large":"https://randomuser.me/api/portraits/women/42.jpg","medium":"https://randomuser.me/api/portraits/med/women/42.jpg","thumbnail":"https://randomuser.me/api/portraits/thumb/women/42.jpg"},"nat":"AU"}],"info":{"seed":"dd434afe7e5346d4","results":1,"page":1,"version":"1.4"}} 
 </msg>
<msg time="2024-07-30T06:21:40.509642" level="INFO">/opt/hostedtoolcache/Python/3.12.4/x64/lib/python3.12/site-packages/urllib3/connectionpool.py:1099: InsecureRequestWarning: Unverified HTTPS request is being made to host 'randomuser.me'. Adding certificate verification is strongly advised. See: https://urllib3.readthedocs.io/en/latest/advanced-usage.html#tls-warnings
  warnings.warn(</msg>
<msg time="2024-07-30T06:21:40.509757" level="INFO">${response} = &lt;Response [200]&gt;</msg>
<var>${response}</var>
<arg>consultarAPI</arg>
<arg>/api</arg>
<doc>Sends a GET request on a previously created HTTP Session.</doc>
<status status="PASS" start="2024-07-30T06:21:40.388992" elapsed="0.120803"/>
</kw>
<kw name="Set Variable" owner="BuiltIn">
<msg time="2024-07-30T06:21:40.510788" level="INFO">${json_data} = {'results': [{'gender': 'female', 'name': {'title': 'Ms', 'first': 'Florence', 'last': 'Chambers'}, 'location': {'street': {'number': 94, 'name': 'Railroad St'}, 'city': 'Nowra', 'state': 'New South W...</msg>
<var>${json_data}</var>
<arg>${response.json()}</arg>
<doc>Returns the given values which can then be assigned to a variables.</doc>
<status status="PASS" start="2024-07-30T06:21:40.510279" elapsed="0.000538"/>
</kw>
<kw name="Log" owner="BuiltIn">
<msg time="2024-07-30T06:21:40.511284" level="INFO">{'results': [{'gender': 'female', 'name': {'title': 'Ms', 'first': 'Florence', 'last': 'Chambers'}, 'location': {'street': {'number': 94, 'name': 'Railroad St'}, 'city': 'Nowra', 'state': 'New South Wales', 'country': 'Australia', 'postcode': 1337, 'coordinates': {'latitude': '-87.1671', 'longitude': '32.5188'}, 'timezone': {'offset': '+1:00', 'description': 'Brussels, Copenhagen, Madrid, Paris'}}, 'email': 'florence.chambers@example.com', 'login': {'uuid': '52f70aa2-f302-4ea4-b3cc-fb4c7a5ae747', 'username': 'silverwolf753', 'password': 'sanders', 'salt': 'oak6QsSn', 'md5': '4d10a76cac4cd1340c226019ddb6667f', 'sha1': 'de6baf5be848f576aa4e51c3dc9d6a888e425f34', 'sha256': 'df5515d69f7d930a13b76cddeef4821251d101bf9c6fdaa7674f56d2c196694b'}, 'dob': {'date': '1959-01-23T02:19:46.112Z', 'age': 65}, 'registered': {'date': '2018-01-04T18:59:55.827Z', 'age': 6}, 'phone': '06-3694-2432', 'cell': '0460-042-639', 'id': {'name': 'TFN', 'value': '654697638'}, 'picture': {'large': 'https://randomuser.me/api/portraits/women/42.jpg', 'medium': 'https://randomuser.me/api/portraits/med/women/42.jpg', 'thumbnail': 'https://randomuser.me/api/portraits/thumb/women/42.jpg'}, 'nat': 'AU'}], 'info': {'seed': 'dd434afe7e5346d4', 'results': 1, 'page': 1, 'version': '1.4'}}</msg>
<arg>${json_data}</arg>
<doc>Logs the given message with the given level.</doc>
<status status="PASS" start="2024-07-30T06:21:40.511119" elapsed="0.000214"/>
</kw>
<kw name="Dictionary Should Contain Key" owner="Collections">
<arg>${json_data}</arg>
<arg>results</arg>
<doc>Fails if ``key`` is not found from ``dictionary``.</doc>
<status status="PASS" start="2024-07-30T06:21:40.511623" elapsed="0.000172"/>
</kw>
<kw name="Should Not Be Empty" owner="BuiltIn">
<msg time="2024-07-30T06:21:40.512106" level="INFO">Length is 2.</msg>
<arg>${json_data}</arg>
<doc>Verifies that the given item is not empty.</doc>
<status status="PASS" start="2024-07-30T06:21:40.511977" elapsed="0.000209"/>
</kw>
<kw name="Create List" owner="BuiltIn">
<msg time="2024-07-30T06:21:40.512644" level="INFO">${expected_keys} = ['gender', 'name', 'location', 'email', 'login']</msg>
<var>${expected_keys}</var>
<arg>gender</arg>
<arg>name</arg>
<arg>location</arg>
<arg>email</arg>
<arg>login</arg>
<doc>Returns a list containing given items.</doc>
<status status="PASS" start="2024-07-30T06:21:40.512491" elapsed="0.000177"/>
</kw>
<for flavor="IN">
<iter>
<kw name="Dictionary Should Contain Key" owner="Collections">
<arg>${json_data['results'][0]}</arg>
<arg>${key}</arg>
<doc>Fails if ``key`` is not found from ``dictionary``.</doc>
<status status="PASS" start="2024-07-30T06:21:40.513252" elapsed="0.000400"/>
</kw>
<kw name="Log" owner="BuiltIn">
<msg time="2024-07-30T06:21:40.514187" level="INFO">{'gender': 'female', 'name': {'title': 'Ms', 'first': 'Florence', 'last': 'Chambers'}, 'location': {'street': {'number': 94, 'name': 'Railroad St'}, 'city': 'Nowra', 'state': 'New South Wales', 'country': 'Australia', 'postcode': 1337, 'coordinates': {'latitude': '-87.1671', 'longitude': '32.5188'}, 'timezone': {'offset': '+1:00', 'description': 'Brussels, Copenhagen, Madrid, Paris'}}, 'email': 'florence.chambers@example.com', 'login': {'uuid': '52f70aa2-f302-4ea4-b3cc-fb4c7a5ae747', 'username': 'silverwolf753', 'password': 'sanders', 'salt': 'oak6QsSn', 'md5': '4d10a76cac4cd1340c226019ddb6667f', 'sha1': 'de6baf5be848f576aa4e51c3dc9d6a888e425f34', 'sha256': 'df5515d69f7d930a13b76cddeef4821251d101bf9c6fdaa7674f56d2c196694b'}, 'dob': {'date': '1959-01-23T02:19:46.112Z', 'age': 65}, 'registered': {'date': '2018-01-04T18:59:55.827Z', 'age': 6}, 'phone': '06-3694-2432', 'cell': '0460-042-639', 'id': {'name': 'TFN', 'value': '654697638'}, 'picture': {'large': 'https://randomuser.me/api/portraits/women/42.jpg', 'medium': 'https://randomuser.me/api/portraits/med/women/42.jpg', 'thumbnail': 'https://randomuser.me/api/portraits/thumb/women/42.jpg'}, 'nat': 'AU'}</msg>
<arg>${json_data['results'][0]}</arg>
<doc>Logs the given message with the given level.</doc>
<status status="PASS" start="2024-07-30T06:21:40.513837" elapsed="0.000410"/>
</kw>
<kw name="Log" owner="BuiltIn">
<msg time="2024-07-30T06:21:40.514682" level="INFO">gender</msg>
<arg>${key}</arg>
<doc>Logs the given message with the given level.</doc>
<status status="PASS" start="2024-07-30T06:21:40.514551" elapsed="0.000169"/>
</kw>
<var name="${key}">gender</var>
<status status="PASS" start="2024-07-30T06:21:40.513124" elapsed="0.001817"/>
</iter>
<iter>
<kw name="Dictionary Should Contain Key" owner="Collections">
<arg>${json_data['results'][0]}</arg>
<arg>${key}</arg>
<doc>Fails if ``key`` is not found from ``dictionary``.</doc>
<status status="PASS" start="2024-07-30T06:21:40.515235" elapsed="0.000389"/>
</kw>
<kw name="Log" owner="BuiltIn">
<msg time="2024-07-30T06:21:40.516177" level="INFO">{'gender': 'female', 'name': {'title': 'Ms', 'first': 'Florence', 'last': 'Chambers'}, 'location': {'street': {'number': 94, 'name': 'Railroad St'}, 'city': 'Nowra', 'state': 'New South Wales', 'country': 'Australia', 'postcode': 1337, 'coordinates': {'latitude': '-87.1671', 'longitude': '32.5188'}, 'timezone': {'offset': '+1:00', 'description': 'Brussels, Copenhagen, Madrid, Paris'}}, 'email': 'florence.chambers@example.com', 'login': {'uuid': '52f70aa2-f302-4ea4-b3cc-fb4c7a5ae747', 'username': 'silverwolf753', 'password': 'sanders', 'salt': 'oak6QsSn', 'md5': '4d10a76cac4cd1340c226019ddb6667f', 'sha1': 'de6baf5be848f576aa4e51c3dc9d6a888e425f34', 'sha256': 'df5515d69f7d930a13b76cddeef4821251d101bf9c6fdaa7674f56d2c196694b'}, 'dob': {'date': '1959-01-23T02:19:46.112Z', 'age': 65}, 'registered': {'date': '2018-01-04T18:59:55.827Z', 'age': 6}, 'phone': '06-3694-2432', 'cell': '0460-042-639', 'id': {'name': 'TFN', 'value': '654697638'}, 'picture': {'large': 'https://randomuser.me/api/portraits/women/42.jpg', 'medium': 'https://randomuser.me/api/portraits/med/women/42.jpg', 'thumbnail': 'https://randomuser.me/api/portraits/thumb/women/42.jpg'}, 'nat': 'AU'}</msg>
<arg>${json_data['results'][0]}</arg>
<doc>Logs the given message with the given level.</doc>
<status status="PASS" start="2024-07-30T06:21:40.515807" elapsed="0.000464"/>
</kw>
<kw name="Log" owner="BuiltIn">
<msg time="2024-07-30T06:21:40.516703" level="INFO">name</msg>
<arg>${key}</arg>
<doc>Logs the given message with the given level.</doc>
<status status="PASS" start="2024-07-30T06:21:40.516574" elapsed="0.000167"/>
</kw>
<var name="${key}">name</var>
<status status="PASS" start="2024-07-30T06:21:40.515124" elapsed="0.001834"/>
</iter>
<iter>
<kw name="Dictionary Should Contain Key" owner="Collections">
<arg>${json_data['results'][0]}</arg>
<arg>${key}</arg>
<doc>Fails if ``key`` is not found from ``dictionary``.</doc>
<status status="PASS" start="2024-07-30T06:21:40.517241" elapsed="0.000388"/>
</kw>
<kw name="Log" owner="BuiltIn">
<msg time="2024-07-30T06:21:40.518163" level="INFO">{'gender': 'female', 'name': {'title': 'Ms', 'first': 'Florence', 'last': 'Chambers'}, 'location': {'street': {'number': 94, 'name': 'Railroad St'}, 'city': 'Nowra', 'state': 'New South Wales', 'country': 'Australia', 'postcode': 1337, 'coordinates': {'latitude': '-87.1671', 'longitude': '32.5188'}, 'timezone': {'offset': '+1:00', 'description': 'Brussels, Copenhagen, Madrid, Paris'}}, 'email': 'florence.chambers@example.com', 'login': {'uuid': '52f70aa2-f302-4ea4-b3cc-fb4c7a5ae747', 'username': 'silverwolf753', 'password': 'sanders', 'salt': 'oak6QsSn', 'md5': '4d10a76cac4cd1340c226019ddb6667f', 'sha1': 'de6baf5be848f576aa4e51c3dc9d6a888e425f34', 'sha256': 'df5515d69f7d930a13b76cddeef4821251d101bf9c6fdaa7674f56d2c196694b'}, 'dob': {'date': '1959-01-23T02:19:46.112Z', 'age': 65}, 'registered': {'date': '2018-01-04T18:59:55.827Z', 'age': 6}, 'phone': '06-3694-2432', 'cell': '0460-042-639', 'id': {'name': 'TFN', 'value': '654697638'}, 'picture': {'large': 'https://randomuser.me/api/portraits/women/42.jpg', 'medium': 'https://randomuser.me/api/portraits/med/women/42.jpg', 'thumbnail': 'https://randomuser.me/api/portraits/thumb/women/42.jpg'}, 'nat': 'AU'}</msg>
<arg>${json_data['results'][0]}</arg>
<doc>Logs the given message with the given level.</doc>
<status status="PASS" start="2024-07-30T06:21:40.517817" elapsed="0.000394"/>
</kw>
<kw name="Log" owner="BuiltIn">
<msg time="2024-07-30T06:21:40.518634" level="INFO">location</msg>
<arg>${key}</arg>
<doc>Logs the given message with the given level.</doc>
<status status="PASS" start="2024-07-30T06:21:40.518506" elapsed="0.000166"/>
</kw>
<var name="${key}">location</var>
<status status="PASS" start="2024-07-30T06:21:40.517133" elapsed="0.001756"/>
</iter>
<iter>
<kw name="Dictionary Should Contain Key" owner="Collections">
<arg>${json_data['results'][0]}</arg>
<arg>${key}</arg>
<doc>Fails if ``key`` is not found from ``dictionary``.</doc>
<status status="PASS" start="2024-07-30T06:21:40.519166" elapsed="0.000374"/>
</kw>
<kw name="Log" owner="BuiltIn">
<msg time="2024-07-30T06:21:40.520232" level="INFO">{'gender': 'female', 'name': {'title': 'Ms', 'first': 'Florence', 'last': 'Chambers'}, 'location': {'street': {'number': 94, 'name': 'Railroad St'}, 'city': 'Nowra', 'state': 'New South Wales', 'country': 'Australia', 'postcode': 1337, 'coordinates': {'latitude': '-87.1671', 'longitude': '32.5188'}, 'timezone': {'offset': '+1:00', 'description': 'Brussels, Copenhagen, Madrid, Paris'}}, 'email': 'florence.chambers@example.com', 'login': {'uuid': '52f70aa2-f302-4ea4-b3cc-fb4c7a5ae747', 'username': 'silverwolf753', 'password': 'sanders', 'salt': 'oak6QsSn', 'md5': '4d10a76cac4cd1340c226019ddb6667f', 'sha1': 'de6baf5be848f576aa4e51c3dc9d6a888e425f34', 'sha256': 'df5515d69f7d930a13b76cddeef4821251d101bf9c6fdaa7674f56d2c196694b'}, 'dob': {'date': '1959-01-23T02:19:46.112Z', 'age': 65}, 'registered': {'date': '2018-01-04T18:59:55.827Z', 'age': 6}, 'phone': '06-3694-2432', 'cell': '0460-042-639', 'id': {'name': 'TFN', 'value': '654697638'}, 'picture': {'large': 'https://randomuser.me/api/portraits/women/42.jpg', 'medium': 'https://randomuser.me/api/portraits/med/women/42.jpg', 'thumbnail': 'https://randomuser.me/api/portraits/thumb/women/42.jpg'}, 'nat': 'AU'}</msg>
<arg>${json_data['results'][0]}</arg>
<doc>Logs the given message with the given level.</doc>
<status status="PASS" start="2024-07-30T06:21:40.519847" elapsed="0.000436"/>
</kw>
<kw name="Log" owner="BuiltIn">
<msg time="2024-07-30T06:21:40.520717" level="INFO">email</msg>
<arg>${key}</arg>
<doc>Logs the given message with the given level.</doc>
<status status="PASS" start="2024-07-30T06:21:40.520585" elapsed="0.000171"/>
</kw>
<var name="${key}">email</var>
<status status="PASS" start="2024-07-30T06:21:40.519059" elapsed="0.001912"/>
</iter>
<iter>
<kw name="Dictionary Should Contain Key" owner="Collections">
<arg>${json_data['results'][0]}</arg>
<arg>${key}</arg>
<doc>Fails if ``key`` is not found from ``dictionary``.</doc>
<status status="PASS" start="2024-07-30T06:21:40.521254" elapsed="0.000376"/>
</kw>
<kw name="Log" owner="BuiltIn">
<msg time="2024-07-30T06:21:40.522169" level="INFO">{'gender': 'female', 'name': {'title': 'Ms', 'first': 'Florence', 'last': 'Chambers'}, 'location': {'street': {'number': 94, 'name': 'Railroad St'}, 'city': 'Nowra', 'state': 'New South Wales', 'country': 'Australia', 'postcode': 1337, 'coordinates': {'latitude': '-87.1671', 'longitude': '32.5188'}, 'timezone': {'offset': '+1:00', 'description': 'Brussels, Copenhagen, Madrid, Paris'}}, 'email': 'florence.chambers@example.com', 'login': {'uuid': '52f70aa2-f302-4ea4-b3cc-fb4c7a5ae747', 'username': 'silverwolf753', 'password': 'sanders', 'salt': 'oak6QsSn', 'md5': '4d10a76cac4cd1340c226019ddb6667f', 'sha1': 'de6baf5be848f576aa4e51c3dc9d6a888e425f34', 'sha256': 'df5515d69f7d930a13b76cddeef4821251d101bf9c6fdaa7674f56d2c196694b'}, 'dob': {'date': '1959-01-23T02:19:46.112Z', 'age': 65}, 'registered': {'date': '2018-01-04T18:59:55.827Z', 'age': 6}, 'phone': '06-3694-2432', 'cell': '0460-042-639', 'id': {'name': 'TFN', 'value': '654697638'}, 'picture': {'large': 'https://randomuser.me/api/portraits/women/42.jpg', 'medium': 'https://randomuser.me/api/portraits/med/women/42.jpg', 'thumbnail': 'https://randomuser.me/api/portraits/thumb/women/42.jpg'}, 'nat': 'AU'}</msg>
<arg>${json_data['results'][0]}</arg>
<doc>Logs the given message with the given level.</doc>
<status status="PASS" start="2024-07-30T06:21:40.521822" elapsed="0.000394"/>
</kw>
<kw name="Log" owner="BuiltIn">
<msg time="2024-07-30T06:21:40.522639" level="INFO">login</msg>
<arg>${key}</arg>
<doc>Logs the given message with the given level.</doc>
<status status="PASS" start="2024-07-30T06:21:40.522510" elapsed="0.000166"/>
</kw>
<var name="${key}">login</var>
<status status="PASS" start="2024-07-30T06:21:40.521146" elapsed="0.001746"/>
</iter>
<var>${key}</var>
<value>@{expected_keys}</value>
<status status="PASS" start="2024-07-30T06:21:40.512933" elapsed="0.010083"/>
</for>
<kw name="Create List" owner="BuiltIn">
<msg time="2024-07-30T06:21:40.523378" level="INFO">${expected_keysTwo} = ['username', 'password']</msg>
<var>${expected_keysTwo}</var>
<arg>username</arg>
<arg>password</arg>
<doc>Returns a list containing given items.</doc>
<status status="PASS" start="2024-07-30T06:21:40.523208" elapsed="0.000196"/>
</kw>
<for flavor="IN">
<iter>
<kw name="Dictionary Should Contain Key" owner="Collections">
<arg>${json_data['results'][0]['login']}</arg>
<arg>${keyTwo}</arg>
<doc>Fails if ``key`` is not found from ``dictionary``.</doc>
<status status="PASS" start="2024-07-30T06:21:40.523904" elapsed="0.000450"/>
</kw>
<kw name="Dictionary Should Contain Key" owner="Collections">
<arg>${json_data['results'][0]['login']}</arg>
<arg>${keyTwo}</arg>
<doc>Fails if ``key`` is not found from ``dictionary``.</doc>
<status status="PASS" start="2024-07-30T06:21:40.524537" elapsed="0.000382"/>
</kw>
<kw name="Log" owner="BuiltIn">
<msg time="2024-07-30T06:21:40.525226" level="INFO">username</msg>
<arg>${keyTwo}</arg>
<doc>Logs the given message with the given level.</doc>
<status status="PASS" start="2024-07-30T06:21:40.525105" elapsed="0.000159"/>
</kw>
<var name="${keyTwo}">username</var>
<status status="PASS" start="2024-07-30T06:21:40.523795" elapsed="0.001690"/>
</iter>
<iter>
<kw name="Dictionary Should Contain Key" owner="Collections">
<arg>${json_data['results'][0]['login']}</arg>
<arg>${keyTwo}</arg>
<doc>Fails if ``key`` is not found from ``dictionary``.</doc>
<status status="PASS" start="2024-07-30T06:21:40.525775" elapsed="0.000376"/>
</kw>
<kw name="Dictionary Should Contain Key" owner="Collections">
<arg>${json_data['results'][0]['login']}</arg>
<arg>${keyTwo}</arg>
<doc>Fails if ``key`` is not found from ``dictionary``.</doc>
<status status="PASS" start="2024-07-30T06:21:40.526338" elapsed="0.000372"/>
</kw>
<kw name="Log" owner="BuiltIn">
<msg time="2024-07-30T06:21:40.527040" level="INFO">password</msg>
<arg>${keyTwo}</arg>
<doc>Logs the given message with the given level.</doc>
<status status="PASS" start="2024-07-30T06:21:40.526904" elapsed="0.000174"/>
</kw>
<var name="${keyTwo}">password</var>
<status status="PASS" start="2024-07-30T06:21:40.525658" elapsed="0.001661"/>
</iter>
<var>${keyTwo}</var>
<value>@{expected_keysTwo}</value>
<status status="PASS" start="2024-07-30T06:21:40.523644" elapsed="0.003799"/>
</for>
<status status="PASS" start="2024-07-30T06:21:40.388749" elapsed="0.138834"/>
</kw>
<doc>Testa a estrutura da resposta da API.</doc>
<tag>testeEstruturaResposta</tag>
<status status="PASS" start="2024-07-30T06:21:40.388235" elapsed="0.139504"/>
</test>
<test id="s1-s1-t4" name="Validar tipos de dados" line="28">
<kw name="Teste de Tipos de Dados" owner="random-user-service">
<kw name="GET On Session" owner="RequestsLibrary">
<msg time="2024-07-30T06:21:40.628962" level="INFO">GET Request : url=https://randomuser.me/api 
 path_url=/api 
 headers={'User-Agent': 'python-requests/2.32.3', 'Accept-Encoding': 'gzip, deflate', 'Accept': '*/*', 'Connection': 'keep-alive'} 
 body=None 
 </msg>
<msg time="2024-07-30T06:21:40.629031" level="INFO">GET Response : url=https://randomuser.me/api 
 status=200, reason=OK 
 headers={'Date': 'Tue, 30 Jul 2024 06:21:40 GMT', 'Content-Type': 'application/json; charset=utf-8', 'Transfer-Encoding': 'chunked', 'Connection': 'keep-alive', 'X-Powered-By': 'Express', 'Access-Control-Allow-Origin': '*', 'Cache-Control': 'no-cache', 'ETag': 'W/"4a4-IQ+oMYwF7Jcd5fOfjqDJrPVti34"', 'Vary': 'Accept-Encoding', 'Content-Encoding': 'gzip', 'CF-Cache-Status': 'DYNAMIC', 'Report-To': '{"endpoints":[{"url":"https:\\/\\/a.nel.cloudflare.com\\/report\\/v4?s=tjiqTTvOTCsegpnIKVTth98o2oiWFGJiEOXk4t6RdLgmeJjCjjpyNmU%2F6cAgdZTvl6PJ%2F0n6CGVi%2F2A5iRbNK9OqZZZykiIbbHATtztpEpcsYWt4RgG%2F0SgcS6ReebWM"}],"group":"cf-nel","max_age":604800}', 'NEL': '{"success_fraction":0,"report_to":"cf-nel","max_age":604800}', 'Server': 'cloudflare', 'CF-RAY': '8ab33ff85cd0c56a-IAD', 'alt-svc': 'h3=":443"; ma=86400'} 
 body={"results":[{"gender":"female","name":{"title":"Miss","first":"Artemisiya","last":"Antonovich"},"location":{"street":{"number":4204,"name":"Ploshcha 1-go Travnya"},"city":"Zhitomir","state":"Rivnenska","country":"Ukraine","postcode":91387,"coordinates":{"latitude":"73.6254","longitude":"146.0991"},"timezone":{"offset":"+9:00","description":"Tokyo, Seoul, Osaka, Sapporo, Yakutsk"}},"email":"artemisiya.antonovich@example.com","login":{"uuid":"100e604b-e175-446c-b458-f94c08769cac","username":"orangewolf650","password":"eight","salt":"eCvrAU9p","md5":"12c14a704a7220a4aabe50e0958db9d4","sha1":"568bd045cc51fcf9cccb611cdd8ad066767e8466","sha256":"1efccbcd64c5b5241fa5172f4c87407e5eb345df2191c136b8c03419e0eebe42"},"dob":{"date":"1959-02-06T00:06:38.171Z","age":65},"registered":{"date":"2017-10-03T07:27:41.211Z","age":6},"phone":"(096) L36-7672","cell":"(098) J05-2987","id":{"name":"","value":null},"picture":{"large":"https://randomuser.me/api/portraits/women/1.jpg","medium":"https://randomuser.me/api/portraits/med/women/1.jpg","thumbnail":"https://randomuser.me/api/portraits/thumb/women/1.jpg"},"nat":"UA"}],"info":{"seed":"9f01009d2f093fe1","results":1,"page":1,"version":"1.4"}} 
 </msg>
<msg time="2024-07-30T06:21:40.629091" level="INFO">/opt/hostedtoolcache/Python/3.12.4/x64/lib/python3.12/site-packages/urllib3/connectionpool.py:1099: InsecureRequestWarning: Unverified HTTPS request is being made to host 'randomuser.me'. Adding certificate verification is strongly advised. See: https://urllib3.readthedocs.io/en/latest/advanced-usage.html#tls-warnings
  warnings.warn(</msg>
<msg time="2024-07-30T06:21:40.629183" level="INFO">${response} = &lt;Response [200]&gt;</msg>
<var>${response}</var>
<arg>consultarAPI</arg>
<arg>/api</arg>
<doc>Sends a GET request on a previously created HTTP Session.</doc>
<status status="PASS" start="2024-07-30T06:21:40.530567" elapsed="0.098651"/>
</kw>
<kw name="Set Variable" owner="BuiltIn">
<msg time="2024-07-30T06:21:40.630095" level="INFO">${json_data} = {'results': [{'gender': 'female', 'name': {'title': 'Miss', 'first': 'Artemisiya', 'last': 'Antonovich'}, 'location': {'street': {'number': 4204, 'name': 'Ploshcha 1-go Travnya'}, 'city': 'Zhitomir', ...</msg>
<var>${json_data}</var>
<arg>${response.json()}</arg>
<doc>Returns the given values which can then be assigned to a variables.</doc>
<status status="PASS" start="2024-07-30T06:21:40.629628" elapsed="0.000495"/>
</kw>
<kw name="Log" owner="BuiltIn">
<msg time="2024-07-30T06:21:40.630581" level="INFO">{'results': [{'gender': 'female', 'name': {'title': 'Miss', 'first': 'Artemisiya', 'last': 'Antonovich'}, 'location': {'street': {'number': 4204, 'name': 'Ploshcha 1-go Travnya'}, 'city': 'Zhitomir', 'state': 'Rivnenska', 'country': 'Ukraine', 'postcode': 91387, 'coordinates': {'latitude': '73.6254', 'longitude': '146.0991'}, 'timezone': {'offset': '+9:00', 'description': 'Tokyo, Seoul, Osaka, Sapporo, Yakutsk'}}, 'email': 'artemisiya.antonovich@example.com', 'login': {'uuid': '100e604b-e175-446c-b458-f94c08769cac', 'username': 'orangewolf650', 'password': 'eight', 'salt': 'eCvrAU9p', 'md5': '12c14a704a7220a4aabe50e0958db9d4', 'sha1': '568bd045cc51fcf9cccb611cdd8ad066767e8466', 'sha256': '1efccbcd64c5b5241fa5172f4c87407e5eb345df2191c136b8c03419e0eebe42'}, 'dob': {'date': '1959-02-06T00:06:38.171Z', 'age': 65}, 'registered': {'date': '2017-10-03T07:27:41.211Z', 'age': 6}, 'phone': '(096) L36-7672', 'cell': '(098) J05-2987', 'id': {'name': '', 'value': None}, 'picture': {'large': 'https://randomuser.me/api/portraits/women/1.jpg', 'medium': 'https://randomuser.me/api/portraits/med/women/1.jpg', 'thumbnail': 'https://randomuser.me/api/portraits/thumb/women/1.jpg'}, 'nat': 'UA'}], 'info': {'seed': '9f01009d2f093fe1', 'results': 1, 'page': 1, 'version': '1.4'}}</msg>
<arg>${json_data}</arg>
<doc>Logs the given message with the given level.</doc>
<status status="PASS" start="2024-07-30T06:21:40.630427" elapsed="0.000201"/>
</kw>
<kw name="Should Be String" owner="String">
<arg>${json_data['results'][0]['gender']}</arg>
<doc>Fails if the given ``item`` is not a string.</doc>
<status status="PASS" start="2024-07-30T06:21:40.630920" elapsed="0.000374"/>
</kw>
<kw name="Should Match Regexp" owner="BuiltIn">
<arg>${json_data['results'][0]['email']}</arg>
<arg>^[a-zA-Z0-9._%+-]+@[a-zA-Z0-9.-]+\.[a-zA-Z]{2,}$</arg>
<doc>Fails if ``string`` does not match ``pattern`` as a regular expression.</doc>
<status status="PASS" start="2024-07-30T06:21:40.631528" elapsed="0.000525"/>
</kw>
<kw name="Should Match Regexp" owner="BuiltIn">
<arg>${json_data['results'][0]['dob']['date']}</arg>
<arg>\\d{4}-\\d{2}-\\d{2}T\\d{2}:\\d{2}:\\d{2}\\.\\d{3}Z</arg>
<doc>Fails if ``string`` does not match ``pattern`` as a regular expression.</doc>
<status status="PASS" start="2024-07-30T06:21:40.632305" elapsed="0.000614"/>
</kw>
<kw name="Should Match Regexp" owner="BuiltIn">
<arg>${json_data['results'][0]['registered']['date']}</arg>
<arg>\\d{4}-\\d{2}-\\d{2}T\\d{2}:\\d{2}:\\d{2}\\.\\d{3}Z</arg>
<doc>Fails if ``string`` does not match ``pattern`` as a regular expression.</doc>
<status status="PASS" start="2024-07-30T06:21:40.633116" elapsed="0.000386"/>
</kw>
<kw name="Should Match Regexp" owner="BuiltIn">
<arg>${json_data['results'][0]['picture']['large']}</arg>
<arg>^https?://.*\.(?:png|jpe?g|gif|bmp)$</arg>
<doc>Fails if ``string`` does not match ``pattern`` as a regular expression.</doc>
<status status="PASS" start="2024-07-30T06:21:40.633691" elapsed="0.000455"/>
</kw>
<kw name="Should Match Regexp" owner="BuiltIn">
<arg>${json_data['results'][0]['picture']['medium']}</arg>
<arg>^https?://.*\.(?:png|jpe?g|gif|bmp)$</arg>
<doc>Fails if ``string`` does not match ``pattern`` as a regular expression.</doc>
<status status="PASS" start="2024-07-30T06:21:40.634332" elapsed="0.000351"/>
</kw>
<kw name="Should Match Regexp" owner="BuiltIn">
<arg>${json_data['results'][0]['picture']['thumbnail']}</arg>
<arg>^https?://.*\.(?:png|jpe?g|gif|bmp)$</arg>
<doc>Fails if ``string`` does not match ``pattern`` as a regular expression.</doc>
<status status="PASS" start="2024-07-30T06:21:40.634865" elapsed="0.000343"/>
</kw>
<kw name="Log" owner="BuiltIn">
<msg time="2024-07-30T06:21:40.635703" level="INFO">{'large': 'https://randomuser.me/api/portraits/women/1.jpg', 'medium': 'https://randomuser.me/api/portraits/med/women/1.jpg', 'thumbnail': 'https://randomuser.me/api/portraits/thumb/women/1.jpg'}</msg>
<arg>${json_data['results'][0]['picture']}</arg>
<doc>Logs the given message with the given level.</doc>
<status status="PASS" start="2024-07-30T06:21:40.635388" elapsed="0.000357"/>
</kw>
<status status="PASS" start="2024-07-30T06:21:40.530209" elapsed="0.105791"/>
</kw>
<kw name="Teste de Tipos de Dados - Postcode" owner="random-user-service">
<kw name="GET On Session" owner="RequestsLibrary">
<msg time="2024-07-30T06:21:40.731325" level="INFO">GET Request : url=https://randomuser.me/api 
 path_url=/api 
 headers={'User-Agent': 'python-requests/2.32.3', 'Accept-Encoding': 'gzip, deflate', 'Accept': '*/*', 'Connection': 'keep-alive'} 
 body=None 
 </msg>
<msg time="2024-07-30T06:21:40.731405" level="INFO">GET Response : url=https://randomuser.me/api 
 status=200, reason=OK 
 headers={'Date': 'Tue, 30 Jul 2024 06:21:40 GMT', 'Content-Type': 'application/json; charset=utf-8', 'Transfer-Encoding': 'chunked', 'Connection': 'keep-alive', 'X-Powered-By': 'Express', 'Access-Control-Allow-Origin': '*', 'Cache-Control': 'no-cache', 'ETag': 'W/"4a5-ftZjyeEeTG3G/r1Tn/T/HS8SUTk"', 'Vary': 'Accept-Encoding', 'Content-Encoding': 'gzip', 'CF-Cache-Status': 'DYNAMIC', 'Report-To': '{"endpoints":[{"url":"https:\\/\\/a.nel.cloudflare.com\\/report\\/v4?s=SfRqtGRNAVTgg2732O9HvsZievwIIkN7%2Fh%2FhwThfQwlKNI0q%2F%2FSm4%2BcftMrhN8Q8KsFVR1Wum7er3bG5YfxuDXql5WaEMY7ZLPKzFKbOjK7ubQTZNYSP6wRrNcO5F3SP"}],"group":"cf-nel","max_age":604800}', 'NEL': '{"success_fraction":0,"report_to":"cf-nel","max_age":604800}', 'Server': 'cloudflare', 'CF-RAY': '8ab33ff90d75c56a-IAD', 'alt-svc': 'h3=":443"; ma=86400'} 
 body={"results":[{"gender":"male","name":{"title":"Mr","first":"Alfonso","last":"Fonseca"},"location":{"street":{"number":967,"name":"Privada Nevárez"},"city":"Tlapehuala","state":"Quintana Roo","country":"Mexico","postcode":78698,"coordinates":{"latitude":"26.0084","longitude":"-37.7272"},"timezone":{"offset":"+5:30","description":"Bombay, Calcutta, Madras, New Delhi"}},"email":"alfonso.fonseca@example.com","login":{"uuid":"05b1debc-bdba-4e2f-9371-97f9e4962e00","username":"lazybutterfly609","password":"charlie123","salt":"R2RN3k82","md5":"a300ac4e97d372c54a19d465c815204e","sha1":"7b1f279adf21ed94525c5e781898f095e4805aff","sha256":"749a886f22a7943cc17821f442a37e7f766ce102b61d082000caf527f67869db"},"dob":{"date":"1972-04-17T05:48:49.339Z","age":52},"registered":{"date":"2022-03-26T14:30:18.764Z","age":2},"phone":"(692) 631 8007","cell":"(611) 005 3655","id":{"name":"NSS","value":"65 59 67 6684 7"},"picture":{"large":"https://randomuser.me/api/portraits/men/60.jpg","medium":"https://randomuser.me/api/portraits/med/men/60.jpg","thumbnail":"https://randomuser.me/api/portraits/thumb/men/60.jpg"},"nat":"MX"}],"info":{"seed":"98a8880f48d12579","results":1,"page":1,"version":"1.4"}} 
 </msg>
<msg time="2024-07-30T06:21:40.731478" level="INFO">/opt/hostedtoolcache/Python/3.12.4/x64/lib/python3.12/site-packages/urllib3/connectionpool.py:1099: InsecureRequestWarning: Unverified HTTPS request is being made to host 'randomuser.me'. Adding certificate verification is strongly advised. See: https://urllib3.readthedocs.io/en/latest/advanced-usage.html#tls-warnings
  warnings.warn(</msg>
<msg time="2024-07-30T06:21:40.731582" level="INFO">${response} = &lt;Response [200]&gt;</msg>
<var>${response}</var>
<arg>consultarAPI</arg>
<arg>/api</arg>
<doc>Sends a GET request on a previously created HTTP Session.</doc>
<status status="PASS" start="2024-07-30T06:21:40.636479" elapsed="0.095141"/>
</kw>
<kw name="Set Variable" owner="BuiltIn">
<msg time="2024-07-30T06:21:40.732551" level="INFO">${json_data} = {'results': [{'gender': 'male', 'name': {'title': 'Mr', 'first': 'Alfonso', 'last': 'Fonseca'}, 'location': {'street': {'number': 967, 'name': 'Privada Nevárez'}, 'city': 'Tlapehuala', 'state': 'Quint...</msg>
<var>${json_data}</var>
<arg>${response.json()}</arg>
<doc>Returns the given values which can then be assigned to a variables.</doc>
<status status="PASS" start="2024-07-30T06:21:40.732068" elapsed="0.000512"/>
</kw>
<kw name="Log" owner="BuiltIn">
<msg time="2024-07-30T06:21:40.733043" level="INFO">{'results': [{'gender': 'male', 'name': {'title': 'Mr', 'first': 'Alfonso', 'last': 'Fonseca'}, 'location': {'street': {'number': 967, 'name': 'Privada Nevárez'}, 'city': 'Tlapehuala', 'state': 'Quintana Roo', 'country': 'Mexico', 'postcode': 78698, 'coordinates': {'latitude': '26.0084', 'longitude': '-37.7272'}, 'timezone': {'offset': '+5:30', 'description': 'Bombay, Calcutta, Madras, New Delhi'}}, 'email': 'alfonso.fonseca@example.com', 'login': {'uuid': '05b1debc-bdba-4e2f-9371-97f9e4962e00', 'username': 'lazybutterfly609', 'password': 'charlie123', 'salt': 'R2RN3k82', 'md5': 'a300ac4e97d372c54a19d465c815204e', 'sha1': '7b1f279adf21ed94525c5e781898f095e4805aff', 'sha256': '749a886f22a7943cc17821f442a37e7f766ce102b61d082000caf527f67869db'}, 'dob': {'date': '1972-04-17T05:48:49.339Z', 'age': 52}, 'registered': {'date': '2022-03-26T14:30:18.764Z', 'age': 2}, 'phone': '(692) 631 8007', 'cell': '(611) 005 3655', 'id': {'name': 'NSS', 'value': '65 59 67 6684 7'}, 'picture': {'large': 'https://randomuser.me/api/portraits/men/60.jpg', 'medium': 'https://randomuser.me/api/portraits/med/men/60.jpg', 'thumbnail': 'https://randomuser.me/api/portraits/thumb/men/60.jpg'}, 'nat': 'MX'}], 'info': {'seed': '98a8880f48d12579', 'results': 1, 'page': 1, 'version': '1.4'}}</msg>
<arg>${json_data}</arg>
<doc>Logs the given message with the given level.</doc>
<status status="PASS" start="2024-07-30T06:21:40.732887" elapsed="0.000206"/>
</kw>
<kw name="Should Be Equal As Numbers" owner="BuiltIn">
<arg>${json_data['results'][0]['location']['postcode']}</arg>
<arg>${json_data['results'][0]['location']['postcode']}</arg>
<doc>Fails if objects are unequal after converting them to real numbers.</doc>
<status status="PASS" start="2024-07-30T06:21:40.733385" elapsed="0.000630"/>
</kw>
<kw name="Log" owner="BuiltIn">
<msg time="2024-07-30T06:21:40.734581" level="INFO">78698</msg>
<arg>${json_data['results'][0]['location']['postcode']}</arg>
<doc>Logs the given message with the given level.</doc>
<status status="PASS" start="2024-07-30T06:21:40.734238" elapsed="0.000384"/>
</kw>
<status status="PASS" start="2024-07-30T06:21:40.636246" elapsed="0.098627"/>
</kw>
<doc>Testa se os tipos de dados na resposta da API estão corretos.</doc>
<tag>testeTiposDados</tag>
<status status="PASS" start="2024-07-30T06:21:40.529543" elapsed="0.205494"/>
</test>
<test id="s1-s1-t5" name="Validar conteudo" line="35">
<kw name="Teste de Tipos de Conteudo" owner="random-user-service">
<kw name="GET On Session" owner="RequestsLibrary">
<msg time="2024-07-30T06:21:40.799207" level="INFO">GET Request : url=https://randomuser.me/api 
 path_url=/api 
 headers={'User-Agent': 'python-requests/2.32.3', 'Accept-Encoding': 'gzip, deflate', 'Accept': '*/*', 'Connection': 'keep-alive'} 
 body=None 
 </msg>
<msg time="2024-07-30T06:21:40.799287" level="INFO">GET Response : url=https://randomuser.me/api 
 status=200, reason=OK 
 headers={'Date': 'Tue, 30 Jul 2024 06:21:40 GMT', 'Content-Type': 'application/json; charset=utf-8', 'Transfer-Encoding': 'chunked', 'Connection': 'keep-alive', 'X-Powered-By': 'Express', 'Access-Control-Allow-Origin': '*', 'Cache-Control': 'no-cache', 'ETag': 'W/"481-vhA84VLVrBuH0YCu+BaYRoUxOl0"', 'Vary': 'Accept-Encoding', 'Content-Encoding': 'gzip', 'CF-Cache-Status': 'DYNAMIC', 'Report-To': '{"endpoints":[{"url":"https:\\/\\/a.nel.cloudflare.com\\/report\\/v4?s=5ktHL8z6tN2aeLMvnICpwgOutmNy%2Bs%2Bl0ROk6rKcbVi%2BMgZhg%2BqeiyOeAKkiwB98F6MtoFUl4vqzbgPODWX6z2bRVqCLg0glzdnfMOsAnYVvIQ6uOsuA0vWQ41g0ad7r"}],"group":"cf-nel","max_age":604800}', 'NEL': '{"success_fraction":0,"report_to":"cf-nel","max_age":604800}', 'Server': 'cloudflare', 'CF-RAY': '8ab33ff9adfec56a-IAD', 'alt-svc': 'h3=":443"; ma=86400'} 
 body={"results":[{"gender":"male","name":{"title":"Mr","first":"Davut","last":"Yalçın"},"location":{"street":{"number":4187,"name":"Doktorlar Cd"},"city":"Karaman","state":"Tokat","country":"Turkey","postcode":23860,"coordinates":{"latitude":"70.5683","longitude":"-132.8281"},"timezone":{"offset":"+3:00","description":"Baghdad, Riyadh, Moscow, St. Petersburg"}},"email":"davut.yalcin@example.com","login":{"uuid":"4d862db2-3db1-4c65-a27f-9ef555d6b2db","username":"lazywolf609","password":"british","salt":"oZShWzwy","md5":"c8056f0b92242a2bf3fa415debe8e653","sha1":"5f1f19f75fe39ab977d43a6a06c3e283db434d60","sha256":"b783b7d16eb3e8f74953dd61e0225d87858bf18b4fdcd6f014e6112dde4eaadd"},"dob":{"date":"1995-09-14T13:39:40.019Z","age":28},"registered":{"date":"2021-12-10T23:37:37.519Z","age":2},"phone":"(338)-461-8723","cell":"(912)-749-1443","id":{"name":"","value":null},"picture":{"large":"https://randomuser.me/api/portraits/men/36.jpg","medium":"https://randomuser.me/api/portraits/med/men/36.jpg","thumbnail":"https://randomuser.me/api/portraits/thumb/men/36.jpg"},"nat":"TR"}],"info":{"seed":"231f382eb3f02e33","results":1,"page":1,"version":"1.4"}} 
 </msg>
<msg time="2024-07-30T06:21:40.799353" level="INFO">/opt/hostedtoolcache/Python/3.12.4/x64/lib/python3.12/site-packages/urllib3/connectionpool.py:1099: InsecureRequestWarning: Unverified HTTPS request is being made to host 'randomuser.me'. Adding certificate verification is strongly advised. See: https://urllib3.readthedocs.io/en/latest/advanced-usage.html#tls-warnings
  warnings.warn(</msg>
<msg time="2024-07-30T06:21:40.799450" level="INFO">${response} = &lt;Response [200]&gt;</msg>
<var>${response}</var>
<arg>consultarAPI</arg>
<arg>/api</arg>
<doc>Sends a GET request on a previously created HTTP Session.</doc>
<status status="PASS" start="2024-07-30T06:21:40.737474" elapsed="0.062008"/>
</kw>
<kw name="Set Variable" owner="BuiltIn">
<msg time="2024-07-30T06:21:40.800474" level="INFO">${json_data} = {'results': [{'gender': 'male', 'name': {'title': 'Mr', 'first': 'Davut', 'last': 'Yalçın'}, 'location': {'street': {'number': 4187, 'name': 'Doktorlar Cd'}, 'city': 'Karaman', 'state': 'Tokat', 'coun...</msg>
<var>${json_data}</var>
<arg>${response.json()}</arg>
<doc>Returns the given values which can then be assigned to a variables.</doc>
<status status="PASS" start="2024-07-30T06:21:40.799922" elapsed="0.000583"/>
</kw>
<kw name="Set Variable" owner="BuiltIn">
<msg time="2024-07-30T06:21:40.801196" level="INFO">${name_title} = Mr</msg>
<var>${name_title}</var>
<arg>${json_data["results"][0]["name"]["title"]}</arg>
<doc>Returns the given values which can then be assigned to a variables.</doc>
<status status="PASS" start="2024-07-30T06:21:40.800812" elapsed="0.000410"/>
</kw>
<kw name="Create List" owner="BuiltIn">
<msg time="2024-07-30T06:21:40.801671" level="INFO">${allowed_titles} = ['Mr', 'Ms', 'Miss', 'Mrs', 'Madame', 'Monsieur']</msg>
<var>${allowed_titles}</var>
<arg>Mr</arg>
<arg>Ms</arg>
<arg>Miss</arg>
<arg>Mrs</arg>
<arg>Madame</arg>
<arg>Monsieur</arg>
<doc>Returns a list containing given items.</doc>
<status status="PASS" start="2024-07-30T06:21:40.801520" elapsed="0.000177"/>
</kw>
<kw name="List Should Contain Value" owner="Collections">
<arg>${allowed_titles}</arg>
<arg>${name_title}</arg>
<doc>Fails if the ``value`` is not found from ``list``.</doc>
<status status="PASS" start="2024-07-30T06:21:40.801997" elapsed="0.000182"/>
</kw>
<kw name="Set Variable" owner="BuiltIn">
<msg time="2024-07-30T06:21:40.802754" level="INFO">${name_country} = TR</msg>
<var>${name_country}</var>
<arg>${json_data["results"][0]["nat"]}</arg>
<doc>Returns the given values which can then be assigned to a variables.</doc>
<status status="PASS" start="2024-07-30T06:21:40.802367" elapsed="0.000412"/>
</kw>
<kw name="Create List" owner="BuiltIn">
<msg time="2024-07-30T06:21:40.803670" level="INFO">${list_country} = ['AD', 'AE', 'AF', 'AG', 'AI', 'AL', 'AM', 'AO', 'AQ', 'AR', 'AS', 'AT', 'AU', 'AW', 'AX', 'AZ', 'BA', 'BB', 'BD', 'BE', 'BF', 'BG', 'BH', 'BI', 'BJ', 'BL', 'BM', 'BN', 'BO', 'BQ', 'BR', 'BS', 'BT', '...</msg>
<var>${list_country}</var>
<arg>AD</arg>
<arg>AE</arg>
<arg>AF</arg>
<arg>AG</arg>
<arg>AI</arg>
<arg>AL</arg>
<arg>AM</arg>
<arg>AO</arg>
<arg>AQ</arg>
<arg>AR</arg>
<arg>AS</arg>
<arg>AT</arg>
<arg>AU</arg>
<arg>AW</arg>
<arg>AX</arg>
<arg>AZ</arg>
<arg>BA</arg>
<arg>BB</arg>
<arg>BD</arg>
<arg>BE</arg>
<arg>BF</arg>
<arg>BG</arg>
<arg>BH</arg>
<arg>BI</arg>
<arg>BJ</arg>
<arg>BL</arg>
<arg>BM</arg>
<arg>BN</arg>
<arg>BO</arg>
<arg>BQ</arg>
<arg>BR</arg>
<arg>BS</arg>
<arg>BT</arg>
<arg>BV</arg>
<arg>BW</arg>
<arg>BY</arg>
<arg>BZ</arg>
<arg>CA</arg>
<arg>CC</arg>
<arg>CD</arg>
<arg>CF</arg>
<arg>CG</arg>
<arg>CH</arg>
<arg>CI</arg>
<arg>CK</arg>
<arg>CL</arg>
<arg>CM</arg>
<arg>CN</arg>
<arg>CO</arg>
<arg>CR</arg>
<arg>CU</arg>
<arg>CV</arg>
<arg>CW</arg>
<arg>CX</arg>
<arg>CY</arg>
<arg>CZ</arg>
<arg>DE</arg>
<arg>DJ</arg>
<arg>DK</arg>
<arg>DM</arg>
<arg>DO</arg>
<arg>DZ</arg>
<arg>EC</arg>
<arg>EE</arg>
<arg>EG</arg>
<arg>EH</arg>
<arg>ER</arg>
<arg>ES</arg>
<arg>ET</arg>
<arg>FI</arg>
<arg>FJ</arg>
<arg>FK</arg>
<arg>FM</arg>
<arg>FO</arg>
<arg>FR</arg>
<arg>GA</arg>
<arg>GB</arg>
<arg>GD</arg>
<arg>GE</arg>
<arg>GF</arg>
<arg>GG</arg>
<arg>GH</arg>
<arg>GI</arg>
<arg>GL</arg>
<arg>GM</arg>
<arg>GN</arg>
<arg>GP</arg>
<arg>GQ</arg>
<arg>GR</arg>
<arg>GS</arg>
<arg>GT</arg>
<arg>GU</arg>
<arg>GW</arg>
<arg>GY</arg>
<arg>HK</arg>
<arg>HM</arg>
<arg>HN</arg>
<arg>HR</arg>
<arg>HT</arg>
<arg>HU</arg>
<arg>ID</arg>
<arg>IE</arg>
<arg>IL</arg>
<arg>IM</arg>
<arg>IN</arg>
<arg>IO</arg>
<arg>IQ</arg>
<arg>IR</arg>
<arg>IS</arg>
<arg>IT</arg>
<arg>JE</arg>
<arg>JM</arg>
<arg>JO</arg>
<arg>JP</arg>
<arg>KE</arg>
<arg>KG</arg>
<arg>KH</arg>
<arg>KI</arg>
<arg>KM</arg>
<arg>KN</arg>
<arg>KP</arg>
<arg>KR</arg>
<arg>KW</arg>
<arg>KY</arg>
<arg>KZ</arg>
<arg>LA</arg>
<arg>LB</arg>
<arg>LC</arg>
<arg>LI</arg>
<arg>LK</arg>
<arg>LR</arg>
<arg>LS</arg>
<arg>LT</arg>
<arg>LU</arg>
<arg>LV</arg>
<arg>LY</arg>
<arg>MA</arg>
<arg>MC</arg>
<arg>MD</arg>
<arg>ME</arg>
<arg>MF</arg>
<arg>MG</arg>
<arg>MH</arg>
<arg>MK</arg>
<arg>ML</arg>
<arg>MM</arg>
<arg>MN</arg>
<arg>MO</arg>
<arg>MP</arg>
<arg>MQ</arg>
<arg>MR</arg>
<arg>MS</arg>
<arg>MT</arg>
<arg>MU</arg>
<arg>MV</arg>
<arg>MW</arg>
<arg>MX</arg>
<arg>MY</arg>
<arg>MZ</arg>
<arg>NA</arg>
<arg>NC</arg>
<arg>NE</arg>
<arg>NF</arg>
<arg>NG</arg>
<arg>NI</arg>
<arg>NL</arg>
<arg>NO</arg>
<arg>NP</arg>
<arg>NR</arg>
<arg>NU</arg>
<arg>NZ</arg>
<arg>OM</arg>
<arg>PA</arg>
<arg>PE</arg>
<arg>PF</arg>
<arg>PG</arg>
<arg>PH</arg>
<arg>PK</arg>
<arg>PL</arg>
<arg>PM</arg>
<arg>PN</arg>
<arg>PR</arg>
<arg>PS</arg>
<arg>PT</arg>
<arg>PW</arg>
<arg>PY</arg>
<arg>QA</arg>
<arg>RE</arg>
<arg>RO</arg>
<arg>RS</arg>
<arg>RU</arg>
<arg>RW</arg>
<arg>SA</arg>
<arg>SB</arg>
<arg>SC</arg>
<arg>SD</arg>
<arg>SE</arg>
<arg>SG</arg>
<arg>SH</arg>
<arg>SI</arg>
<arg>SJ</arg>
<arg>SK</arg>
<arg>SL</arg>
<arg>SM</arg>
<arg>SN</arg>
<arg>SO</arg>
<arg>SR</arg>
<arg>SS</arg>
<arg>ST</arg>
<arg>SV</arg>
<arg>SX</arg>
<arg>SY</arg>
<arg>SZ</arg>
<arg>TC</arg>
<arg>TD</arg>
<arg>TF</arg>
<arg>TG</arg>
<arg>TH</arg>
<arg>TJ</arg>
<arg>TK</arg>
<arg>TL</arg>
<arg>TM</arg>
<arg>TN</arg>
<arg>TO</arg>
<arg>TR</arg>
<arg>TT</arg>
<arg>TV</arg>
<arg>TW</arg>
<arg>TZ</arg>
<arg>UA</arg>
<arg>UG</arg>
<arg>UM</arg>
<arg>US</arg>
<arg>UY</arg>
<arg>UZ</arg>
<arg>VA</arg>
<arg>VC</arg>
<arg>VE</arg>
<arg>VG</arg>
<arg>VI</arg>
<arg>VN</arg>
<arg>VU</arg>
<arg>WF</arg>
<arg>WS</arg>
<arg>XK</arg>
<arg>YE</arg>
<arg>YT</arg>
<arg>ZA</arg>
<arg>ZM</arg>
<arg>ZW</arg>
<doc>Returns a list containing given items.</doc>
<status status="PASS" start="2024-07-30T06:21:40.803073" elapsed="0.000623"/>
</kw>
<kw name="List Should Contain Value" owner="Collections">
<arg>${list_country}</arg>
<arg>${name_country}</arg>
<doc>Fails if the ``value`` is not found from ``list``.</doc>
<status status="PASS" start="2024-07-30T06:21:40.804684" elapsed="0.000214"/>
</kw>
<kw name="Run Keyword If" owner="BuiltIn">
<kw name="Should Be True" owner="BuiltIn">
<arg>${True}</arg>
<doc>Fails if the given condition is not true.</doc>
<status status="PASS" start="2024-07-30T06:21:40.805857" elapsed="0.000145"/>
</kw>
<arg>${json_data["results"][0]["location"]["coordinates"]["latitude"]} &gt;= -90 and ${json_data["results"][0]["location"]["coordinates"]["latitude"]} &lt;= 90</arg>
<arg>Should Be True</arg>
<arg>${True}</arg>
<doc>Runs the given keyword with the given arguments, if ``condition`` is true.</doc>
<status status="PASS" start="2024-07-30T06:21:40.805101" elapsed="0.001026"/>
</kw>
<kw name="Run Keyword If" owner="BuiltIn">
<kw name="Should Be True" owner="BuiltIn">
<arg>${True}</arg>
<doc>Fails if the given condition is not true.</doc>
<status status="PASS" start="2024-07-30T06:21:40.807011" elapsed="0.000139"/>
</kw>
<arg>${json_data["results"][0]["location"]["coordinates"]["longitude"]} &gt;= -180 and ${json_data["results"][0]["location"]["coordinates"]["longitude"]} &lt;= 180</arg>
<arg>Should Be True</arg>
<arg>${True}</arg>
<doc>Runs the given keyword with the given arguments, if ``condition`` is true.</doc>
<status status="PASS" start="2024-07-30T06:21:40.806309" elapsed="0.000963"/>
</kw>
<status status="PASS" start="2024-07-30T06:21:40.737256" elapsed="0.070146"/>
</kw>
<doc>Testa o conteúdo específico dos campos retornados pela API.</doc>
<tag>testeConteudo</tag>
<status status="PASS" start="2024-07-30T06:21:40.736803" elapsed="0.070746"/>
</test>
<status status="PASS" start="2024-07-30T06:21:39.784865" elapsed="1.024659"/>
</suite>
<status status="PASS" start="2024-07-30T06:21:39.770610" elapsed="1.044043"/>
</suite>
<statistics>
<total>
<stat pass="5" fail="0" skip="0">All Tests</stat>
</total>
<tag>
<stat pass="1" fail="0" skip="0">testeConteudo</stat>
<stat pass="1" fail="0" skip="0">testeEstruturaResposta</stat>
<stat pass="1" fail="0" skip="0">testeRequisicaoBasica</stat>
<stat pass="1" fail="0" skip="0">testeTiposDados</stat>
</tag>
<suite>
<stat pass="5" fail="0" skip="0" id="s1" name="Tests">Tests</stat>
<stat pass="5" fail="0" skip="0" id="s1-s1" name="Random-User-Test">Tests.Random-User-Test</stat>
</suite>
</statistics>
<errors>
</errors>
</robot>
