<?xml version="1.0" encoding="UTF-8"?>
<robot generator="Robot 7.0 (Python 3.12.3 on linux)" generated="2024-06-08T03:16:02.815250" rpa="false" schemaversion="5">
<suite id="s1" name="Tests" source="/home/runner/work/ApiRandomUser/ApiRandomUser/RamdonUser/tests">
<suite id="s1-s1" name="Random-User-Test" source="/home/runner/work/ApiRandomUser/ApiRandomUser/RamdonUser/tests/random-user-test.robot">
<test id="s1-s1-t1" name="Conectar" line="13">
<kw name="Conectar API" owner="random-user-service">
<kw name="Create Session" owner="RequestsLibrary">
<msg time="2024-06-08T03:16:03.246947" level="INFO">Creating Session using : alias=consultarAPI, url=https://randomuser.me/, headers={},                     cookies={}, auth=None, timeout=None, proxies=None, verify=False,                     debug=0 </msg>
<arg>consultarAPI</arg>
<arg>${URL}</arg>
<doc>Create Session: create a HTTP session to a server</doc>
<status status="PASS" start="2024-06-08T03:16:03.246692" elapsed="0.000477"/>
</kw>
<status status="PASS" start="2024-06-08T03:16:03.245465" elapsed="0.002130"/>
</kw>
<status status="PASS" start="2024-06-08T03:16:03.244736" elapsed="0.003082"/>
</test>
<test id="s1-s1-t2" name="Validar retorno 200 e JSON Válido" line="16">
<kw name="Teste de Requisicao Basica" owner="random-user-service">
<kw name="GET On Session" owner="RequestsLibrary">
<msg time="2024-06-08T03:16:03.342073" level="INFO">GET Request : url=https://randomuser.me/api 
 path_url=/api 
 headers={'User-Agent': 'python-requests/2.32.3', 'Accept-Encoding': 'gzip, deflate', 'Accept': '*/*', 'Connection': 'keep-alive'} 
 body=None 
 </msg>
<msg time="2024-06-08T03:16:03.342234" level="INFO">GET Response : url=https://randomuser.me/api 
 status=200, reason=OK 
 headers={'Date': 'Sat, 08 Jun 2024 03:16:03 GMT', 'Content-Type': 'application/json; charset=utf-8', 'Transfer-Encoding': 'chunked', 'Connection': 'keep-alive', 'X-Powered-By': 'Express', 'Access-Control-Allow-Origin': '*', 'Cache-Control': 'no-cache', 'ETag': 'W/"47a-/qHAxa7L+LJr5hRk7eDzQyxJR6A"', 'Vary': 'Accept-Encoding', 'Content-Encoding': 'gzip', 'CF-Cache-Status': 'DYNAMIC', 'Report-To': '{"endpoints":[{"url":"https:\\/\\/a.nel.cloudflare.com\\/report\\/v4?s=t6UWot0gBI3h1SSLmFeiWjATURmEVD9b2H8oZpcc9dv2Av8AQe1GbZqRK3LwNb9LWt9ajtggKhDSjBPsTZ11pNvgF%2BwGJDmqFL5oEK3gv8sBlQ%2F%2BM%2BVcgwuoUpaoPKzl"}],"group":"cf-nel","max_age":604800}', 'NEL': '{"success_fraction":0,"report_to":"cf-nel","max_age":604800}', 'Server': 'cloudflare', 'CF-RAY': '8905b8909c5c10cb-ORD', 'alt-svc': 'h3=":443"; ma=86400'} 
 body={"results":[{"gender":"female","name":{"title":"Mrs","first":"Leah","last":"Collins"},"location":{"street":{"number":2852,"name":"E Pecan St"},"city":"Mackay","state":"Queensland","country":"Australia","postcode":8169,"coordinates":{"latitude":"-82.3613","longitude":"173.2793"},"timezone":{"offset":"-2:00","description":"Mid-Atlantic"}},"email":"leah.collins@example.com","login":{"uuid":"82764387-5143-4511-a031-9493aa209f18","username":"bigmeercat376","password":"camelot","salt":"esnxheya","md5":"877b7de747d628c3a463814c44ef27b1","sha1":"bd9b67ae4e7a4f3cb47be83f9f69f2ba0d71d0ce","sha256":"c5ec462a1f4a1feeaee6a13b3bb459fb8cd6c61b342db953fec3a39416d9a68b"},"dob":{"date":"1977-04-16T18:54:41.472Z","age":47},"registered":{"date":"2007-02-27T15:10:33.500Z","age":17},"phone":"06-1069-1590","cell":"0447-562-041","id":{"name":"TFN","value":"051338752"},"picture":{"large":"https://randomuser.me/api/portraits/women/66.jpg","medium":"https://randomuser.me/api/portraits/med/women/66.jpg","thumbnail":"https://randomuser.me/api/portraits/thumb/women/66.jpg"},"nat":"AU"}],"info":{"seed":"a3e39f18a8e721ad","results":1,"page":1,"version":"1.4"}} 
 </msg>
<msg time="2024-06-08T03:16:03.342319" level="INFO">/opt/hostedtoolcache/Python/3.12.3/x64/lib/python3.12/site-packages/urllib3/connectionpool.py:1103: InsecureRequestWarning: Unverified HTTPS request is being made to host 'randomuser.me'. Adding certificate verification is strongly advised. See: https://urllib3.readthedocs.io/en/latest/advanced-usage.html#tls-warnings
  warnings.warn(</msg>
<msg time="2024-06-08T03:16:03.342456" level="INFO">${response} = &lt;Response [200]&gt;</msg>
<var>${response}</var>
<arg>consultarAPI</arg>
<arg>/api</arg>
<doc>Sends a GET request on a previously created HTTP Session.</doc>
<status status="PASS" start="2024-06-08T03:16:03.250717" elapsed="0.091780"/>
</kw>
<kw name="Should Be Equal As Numbers" owner="BuiltIn">
<msg time="2024-06-08T03:16:03.343547" level="INFO">Argument types are:
&lt;class 'int'&gt;
&lt;class 'str'&gt;</msg>
<arg>${response.status_code}</arg>
<arg>200</arg>
<doc>Fails if objects are unequal after converting them to real numbers.</doc>
<status status="PASS" start="2024-06-08T03:16:03.343069" elapsed="0.000549"/>
</kw>
<kw name="Log" owner="BuiltIn">
<msg time="2024-06-08T03:16:03.344371" level="INFO">200</msg>
<arg>${response.status_code}</arg>
<doc>Logs the given message with the given level.</doc>
<status status="PASS" start="2024-06-08T03:16:03.344005" elapsed="0.000417"/>
</kw>
<kw name="Set Variable" owner="BuiltIn">
<msg time="2024-06-08T03:16:03.345235" level="INFO">${json_data} = {'results': [{'gender': 'female', 'name': {'title': 'Mrs', 'first': 'Leah', 'last': 'Collins'}, 'location': {'street': {'number': 2852, 'name': 'E Pecan St'}, 'city': 'Mackay', 'state': 'Queensland', ...</msg>
<var>${json_data}</var>
<arg>${response.json()}</arg>
<doc>Returns the given values which can then be assigned to a variables.</doc>
<status status="PASS" start="2024-06-08T03:16:03.344752" elapsed="0.000513"/>
</kw>
<kw name="Dictionary Should Contain Key" owner="Collections">
<msg time="2024-06-08T03:16:03.345760" level="INFO">False</msg>
<arg>${json_data}</arg>
<arg>results</arg>
<doc>Fails if ``key`` is not found from ``dictionary``.</doc>
<status status="PASS" start="2024-06-08T03:16:03.345582" elapsed="0.000400"/>
</kw>
<status status="PASS" start="2024-06-08T03:16:03.250427" elapsed="0.095865"/>
</kw>
<doc>Testa se a API responde corretamente e retorna um objeto JSON válido.</doc>
<tag>testeRequisicaoBasica</tag>
<status status="PASS" start="2024-06-08T03:16:03.249887" elapsed="0.096626"/>
</test>
<test id="s1-s1-t3" name="Validar estrutura de resposta" line="22">
<kw name="Teste de Estrutura de Resposta" owner="random-user-service">
<kw name="GET On Session" owner="RequestsLibrary">
<msg time="2024-06-08T03:16:03.450783" level="INFO">GET Request : url=https://randomuser.me/api 
 path_url=/api 
 headers={'User-Agent': 'python-requests/2.32.3', 'Accept-Encoding': 'gzip, deflate', 'Accept': '*/*', 'Connection': 'keep-alive'} 
 body=None 
 </msg>
<msg time="2024-06-08T03:16:03.450877" level="INFO">GET Response : url=https://randomuser.me/api 
 status=200, reason=OK 
 headers={'Date': 'Sat, 08 Jun 2024 03:16:03 GMT', 'Content-Type': 'application/json; charset=utf-8', 'Transfer-Encoding': 'chunked', 'Connection': 'keep-alive', 'X-Powered-By': 'Express', 'Access-Control-Allow-Origin': '*', 'Cache-Control': 'no-cache', 'ETag': 'W/"49d-eoNyglN8MOCdtMwRtTLBdj20bU4"', 'Vary': 'Accept-Encoding', 'Content-Encoding': 'gzip', 'CF-Cache-Status': 'DYNAMIC', 'Report-To': '{"endpoints":[{"url":"https:\\/\\/a.nel.cloudflare.com\\/report\\/v4?s=yAgs5077R5ZX9%2FIOiPAS3NLcX%2B%2FyHitgVW4DhcCdpK8i52TWSJw3i2qlv6fJZ0XvYCemvewBA%2FskIVKqjY8niNgdKbNtIIA%2FpuLVDCXkLpUOcEd%2Frn5eSA%2BAxCKAkcm4"}],"group":"cf-nel","max_age":604800}', 'NEL': '{"success_fraction":0,"report_to":"cf-nel","max_age":604800}', 'Server': 'cloudflare', 'CF-RAY': '8905b890fce110cb-ORD', 'alt-svc': 'h3=":443"; ma=86400'} 
 body={"results":[{"gender":"female","name":{"title":"Mrs","first":"Rifka","last":"Grooten"},"location":{"street":{"number":8974,"name":"Bataafsekade"},"city":"Moorveld","state":"Utrecht","country":"Netherlands","postcode":"7098 NY","coordinates":{"latitude":"32.0519","longitude":"118.9542"},"timezone":{"offset":"+5:30","description":"Bombay, Calcutta, Madras, New Delhi"}},"email":"rifka.grooten@example.com","login":{"uuid":"c45be18c-f665-40e8-a73f-875878ead9b3","username":"whiteleopard515","password":"chelsea","salt":"zAvb3HzC","md5":"0e0b7768fea916bc41008e69575327ab","sha1":"47fb67caae0f139c5888f019081885cba2710d6a","sha256":"578eec11330d9cbdc76c77921ac5ce09e59ee3ebc58c35da6a0edd852a97a205"},"dob":{"date":"1962-07-12T18:48:36.091Z","age":61},"registered":{"date":"2013-06-03T10:35:34.976Z","age":11},"phone":"(0752) 795065","cell":"(06) 92071950","id":{"name":"BSN","value":"40606320"},"picture":{"large":"https://randomuser.me/api/portraits/women/42.jpg","medium":"https://randomuser.me/api/portraits/med/women/42.jpg","thumbnail":"https://randomuser.me/api/portraits/thumb/women/42.jpg"},"nat":"NL"}],"info":{"seed":"5aef93360da8543a","results":1,"page":1,"version":"1.4"}} 
 </msg>
<msg time="2024-06-08T03:16:03.451002" level="INFO">/opt/hostedtoolcache/Python/3.12.3/x64/lib/python3.12/site-packages/urllib3/connectionpool.py:1103: InsecureRequestWarning: Unverified HTTPS request is being made to host 'randomuser.me'. Adding certificate verification is strongly advised. See: https://urllib3.readthedocs.io/en/latest/advanced-usage.html#tls-warnings
  warnings.warn(</msg>
<msg time="2024-06-08T03:16:03.451126" level="INFO">${response} = &lt;Response [200]&gt;</msg>
<var>${response}</var>
<arg>consultarAPI</arg>
<arg>/api</arg>
<doc>Sends a GET request on a previously created HTTP Session.</doc>
<status status="PASS" start="2024-06-08T03:16:03.349241" elapsed="0.101933"/>
</kw>
<kw name="Set Variable" owner="BuiltIn">
<msg time="2024-06-08T03:16:03.452196" level="INFO">${json_data} = {'results': [{'gender': 'female', 'name': {'title': 'Mrs', 'first': 'Rifka', 'last': 'Grooten'}, 'location': {'street': {'number': 8974, 'name': 'Bataafsekade'}, 'city': 'Moorveld', 'state': 'Utrecht'...</msg>
<var>${json_data}</var>
<arg>${response.json()}</arg>
<doc>Returns the given values which can then be assigned to a variables.</doc>
<status status="PASS" start="2024-06-08T03:16:03.451710" elapsed="0.000517"/>
</kw>
<kw name="Log" owner="BuiltIn">
<msg time="2024-06-08T03:16:03.452702" level="INFO">{'results': [{'gender': 'female', 'name': {'title': 'Mrs', 'first': 'Rifka', 'last': 'Grooten'}, 'location': {'street': {'number': 8974, 'name': 'Bataafsekade'}, 'city': 'Moorveld', 'state': 'Utrecht', 'country': 'Netherlands', 'postcode': '7098 NY', 'coordinates': {'latitude': '32.0519', 'longitude': '118.9542'}, 'timezone': {'offset': '+5:30', 'description': 'Bombay, Calcutta, Madras, New Delhi'}}, 'email': 'rifka.grooten@example.com', 'login': {'uuid': 'c45be18c-f665-40e8-a73f-875878ead9b3', 'username': 'whiteleopard515', 'password': 'chelsea', 'salt': 'zAvb3HzC', 'md5': '0e0b7768fea916bc41008e69575327ab', 'sha1': '47fb67caae0f139c5888f019081885cba2710d6a', 'sha256': '578eec11330d9cbdc76c77921ac5ce09e59ee3ebc58c35da6a0edd852a97a205'}, 'dob': {'date': '1962-07-12T18:48:36.091Z', 'age': 61}, 'registered': {'date': '2013-06-03T10:35:34.976Z', 'age': 11}, 'phone': '(0752) 795065', 'cell': '(06) 92071950', 'id': {'name': 'BSN', 'value': '40606320'}, 'picture': {'large': 'https://randomuser.me/api/portraits/women/42.jpg', 'medium': 'https://randomuser.me/api/portraits/med/women/42.jpg', 'thumbnail': 'https://randomuser.me/api/portraits/thumb/women/42.jpg'}, 'nat': 'NL'}], 'info': {'seed': '5aef93360da8543a', 'results': 1, 'page': 1, 'version': '1.4'}}</msg>
<arg>${json_data}</arg>
<doc>Logs the given message with the given level.</doc>
<status status="PASS" start="2024-06-08T03:16:03.452544" elapsed="0.000207"/>
</kw>
<kw name="Dictionary Should Contain Key" owner="Collections">
<msg time="2024-06-08T03:16:03.453242" level="INFO">False</msg>
<arg>${json_data}</arg>
<arg>results</arg>
<doc>Fails if ``key`` is not found from ``dictionary``.</doc>
<status status="PASS" start="2024-06-08T03:16:03.453045" elapsed="0.000234"/>
</kw>
<kw name="Should Not Be Empty" owner="BuiltIn">
<msg time="2024-06-08T03:16:03.453716" level="INFO">Length is 2.</msg>
<arg>${json_data}</arg>
<doc>Verifies that the given item is not empty.</doc>
<status status="PASS" start="2024-06-08T03:16:03.453575" elapsed="0.000181"/>
</kw>
<kw name="Create List" owner="BuiltIn">
<msg time="2024-06-08T03:16:03.454196" level="INFO">${expected_keys} = ['gender', 'name', 'location', 'email', 'login']</msg>
<var>${expected_keys}</var>
<arg>gender</arg>
<arg>name</arg>
<arg>location</arg>
<arg>email</arg>
<arg>login</arg>
<doc>Returns a list containing given items.</doc>
<status status="PASS" start="2024-06-08T03:16:03.454048" elapsed="0.000172"/>
</kw>
<for flavor="IN">
<iter>
<kw name="Dictionary Should Contain Key" owner="Collections">
<msg time="2024-06-08T03:16:03.455213" level="INFO">False</msg>
<arg>${json_data['results'][0]}</arg>
<arg>${key}</arg>
<doc>Fails if ``key`` is not found from ``dictionary``.</doc>
<status status="PASS" start="2024-06-08T03:16:03.454811" elapsed="0.000446"/>
</kw>
<kw name="Log" owner="BuiltIn">
<msg time="2024-06-08T03:16:03.455926" level="INFO">{'gender': 'female', 'name': {'title': 'Mrs', 'first': 'Rifka', 'last': 'Grooten'}, 'location': {'street': {'number': 8974, 'name': 'Bataafsekade'}, 'city': 'Moorveld', 'state': 'Utrecht', 'country': 'Netherlands', 'postcode': '7098 NY', 'coordinates': {'latitude': '32.0519', 'longitude': '118.9542'}, 'timezone': {'offset': '+5:30', 'description': 'Bombay, Calcutta, Madras, New Delhi'}}, 'email': 'rifka.grooten@example.com', 'login': {'uuid': 'c45be18c-f665-40e8-a73f-875878ead9b3', 'username': 'whiteleopard515', 'password': 'chelsea', 'salt': 'zAvb3HzC', 'md5': '0e0b7768fea916bc41008e69575327ab', 'sha1': '47fb67caae0f139c5888f019081885cba2710d6a', 'sha256': '578eec11330d9cbdc76c77921ac5ce09e59ee3ebc58c35da6a0edd852a97a205'}, 'dob': {'date': '1962-07-12T18:48:36.091Z', 'age': 61}, 'registered': {'date': '2013-06-03T10:35:34.976Z', 'age': 11}, 'phone': '(0752) 795065', 'cell': '(06) 92071950', 'id': {'name': 'BSN', 'value': '40606320'}, 'picture': {'large': 'https://randomuser.me/api/portraits/women/42.jpg', 'medium': 'https://randomuser.me/api/portraits/med/women/42.jpg', 'thumbnail': 'https://randomuser.me/api/portraits/thumb/women/42.jpg'}, 'nat': 'NL'}</msg>
<arg>${json_data['results'][0]}</arg>
<doc>Logs the given message with the given level.</doc>
<status status="PASS" start="2024-06-08T03:16:03.455560" elapsed="0.000414"/>
</kw>
<kw name="Log" owner="BuiltIn">
<msg time="2024-06-08T03:16:03.456406" level="INFO">gender</msg>
<arg>${key}</arg>
<doc>Logs the given message with the given level.</doc>
<status status="PASS" start="2024-06-08T03:16:03.456277" elapsed="0.000167"/>
</kw>
<var name="${key}">gender</var>
<status status="PASS" start="2024-06-08T03:16:03.454684" elapsed="0.001975"/>
</iter>
<iter>
<kw name="Dictionary Should Contain Key" owner="Collections">
<msg time="2024-06-08T03:16:03.457380" level="INFO">False</msg>
<arg>${json_data['results'][0]}</arg>
<arg>${key}</arg>
<doc>Fails if ``key`` is not found from ``dictionary``.</doc>
<status status="PASS" start="2024-06-08T03:16:03.456964" elapsed="0.000453"/>
</kw>
<kw name="Log" owner="BuiltIn">
<msg time="2024-06-08T03:16:03.458103" level="INFO">{'gender': 'female', 'name': {'title': 'Mrs', 'first': 'Rifka', 'last': 'Grooten'}, 'location': {'street': {'number': 8974, 'name': 'Bataafsekade'}, 'city': 'Moorveld', 'state': 'Utrecht', 'country': 'Netherlands', 'postcode': '7098 NY', 'coordinates': {'latitude': '32.0519', 'longitude': '118.9542'}, 'timezone': {'offset': '+5:30', 'description': 'Bombay, Calcutta, Madras, New Delhi'}}, 'email': 'rifka.grooten@example.com', 'login': {'uuid': 'c45be18c-f665-40e8-a73f-875878ead9b3', 'username': 'whiteleopard515', 'password': 'chelsea', 'salt': 'zAvb3HzC', 'md5': '0e0b7768fea916bc41008e69575327ab', 'sha1': '47fb67caae0f139c5888f019081885cba2710d6a', 'sha256': '578eec11330d9cbdc76c77921ac5ce09e59ee3ebc58c35da6a0edd852a97a205'}, 'dob': {'date': '1962-07-12T18:48:36.091Z', 'age': 61}, 'registered': {'date': '2013-06-03T10:35:34.976Z', 'age': 11}, 'phone': '(0752) 795065', 'cell': '(06) 92071950', 'id': {'name': 'BSN', 'value': '40606320'}, 'picture': {'large': 'https://randomuser.me/api/portraits/women/42.jpg', 'medium': 'https://randomuser.me/api/portraits/med/women/42.jpg', 'thumbnail': 'https://randomuser.me/api/portraits/thumb/women/42.jpg'}, 'nat': 'NL'}</msg>
<arg>${json_data['results'][0]}</arg>
<doc>Logs the given message with the given level.</doc>
<status status="PASS" start="2024-06-08T03:16:03.457741" elapsed="0.000409"/>
</kw>
<kw name="Log" owner="BuiltIn">
<msg time="2024-06-08T03:16:03.458571" level="INFO">name</msg>
<arg>${key}</arg>
<doc>Logs the given message with the given level.</doc>
<status status="PASS" start="2024-06-08T03:16:03.458443" elapsed="0.000165"/>
</kw>
<var name="${key}">name</var>
<status status="PASS" start="2024-06-08T03:16:03.456849" elapsed="0.001985"/>
</iter>
<iter>
<kw name="Dictionary Should Contain Key" owner="Collections">
<msg time="2024-06-08T03:16:03.459505" level="INFO">False</msg>
<arg>${json_data['results'][0]}</arg>
<arg>${key}</arg>
<doc>Fails if ``key`` is not found from ``dictionary``.</doc>
<status status="PASS" start="2024-06-08T03:16:03.459131" elapsed="0.000413"/>
</kw>
<kw name="Log" owner="BuiltIn">
<msg time="2024-06-08T03:16:03.460211" level="INFO">{'gender': 'female', 'name': {'title': 'Mrs', 'first': 'Rifka', 'last': 'Grooten'}, 'location': {'street': {'number': 8974, 'name': 'Bataafsekade'}, 'city': 'Moorveld', 'state': 'Utrecht', 'country': 'Netherlands', 'postcode': '7098 NY', 'coordinates': {'latitude': '32.0519', 'longitude': '118.9542'}, 'timezone': {'offset': '+5:30', 'description': 'Bombay, Calcutta, Madras, New Delhi'}}, 'email': 'rifka.grooten@example.com', 'login': {'uuid': 'c45be18c-f665-40e8-a73f-875878ead9b3', 'username': 'whiteleopard515', 'password': 'chelsea', 'salt': 'zAvb3HzC', 'md5': '0e0b7768fea916bc41008e69575327ab', 'sha1': '47fb67caae0f139c5888f019081885cba2710d6a', 'sha256': '578eec11330d9cbdc76c77921ac5ce09e59ee3ebc58c35da6a0edd852a97a205'}, 'dob': {'date': '1962-07-12T18:48:36.091Z', 'age': 61}, 'registered': {'date': '2013-06-03T10:35:34.976Z', 'age': 11}, 'phone': '(0752) 795065', 'cell': '(06) 92071950', 'id': {'name': 'BSN', 'value': '40606320'}, 'picture': {'large': 'https://randomuser.me/api/portraits/women/42.jpg', 'medium': 'https://randomuser.me/api/portraits/med/women/42.jpg', 'thumbnail': 'https://randomuser.me/api/portraits/thumb/women/42.jpg'}, 'nat': 'NL'}</msg>
<arg>${json_data['results'][0]}</arg>
<doc>Logs the given message with the given level.</doc>
<status status="PASS" start="2024-06-08T03:16:03.459846" elapsed="0.000414"/>
</kw>
<kw name="Log" owner="BuiltIn">
<msg time="2024-06-08T03:16:03.460687" level="INFO">location</msg>
<arg>${key}</arg>
<doc>Logs the given message with the given level.</doc>
<status status="PASS" start="2024-06-08T03:16:03.460559" elapsed="0.000165"/>
</kw>
<var name="${key}">location</var>
<status status="PASS" start="2024-06-08T03:16:03.459016" elapsed="0.001921"/>
</iter>
<iter>
<kw name="Dictionary Should Contain Key" owner="Collections">
<msg time="2024-06-08T03:16:03.461781" level="INFO">False</msg>
<arg>${json_data['results'][0]}</arg>
<arg>${key}</arg>
<doc>Fails if ``key`` is not found from ``dictionary``.</doc>
<status status="PASS" start="2024-06-08T03:16:03.461279" elapsed="0.000540"/>
</kw>
<kw name="Log" owner="BuiltIn">
<msg time="2024-06-08T03:16:03.462477" level="INFO">{'gender': 'female', 'name': {'title': 'Mrs', 'first': 'Rifka', 'last': 'Grooten'}, 'location': {'street': {'number': 8974, 'name': 'Bataafsekade'}, 'city': 'Moorveld', 'state': 'Utrecht', 'country': 'Netherlands', 'postcode': '7098 NY', 'coordinates': {'latitude': '32.0519', 'longitude': '118.9542'}, 'timezone': {'offset': '+5:30', 'description': 'Bombay, Calcutta, Madras, New Delhi'}}, 'email': 'rifka.grooten@example.com', 'login': {'uuid': 'c45be18c-f665-40e8-a73f-875878ead9b3', 'username': 'whiteleopard515', 'password': 'chelsea', 'salt': 'zAvb3HzC', 'md5': '0e0b7768fea916bc41008e69575327ab', 'sha1': '47fb67caae0f139c5888f019081885cba2710d6a', 'sha256': '578eec11330d9cbdc76c77921ac5ce09e59ee3ebc58c35da6a0edd852a97a205'}, 'dob': {'date': '1962-07-12T18:48:36.091Z', 'age': 61}, 'registered': {'date': '2013-06-03T10:35:34.976Z', 'age': 11}, 'phone': '(0752) 795065', 'cell': '(06) 92071950', 'id': {'name': 'BSN', 'value': '40606320'}, 'picture': {'large': 'https://randomuser.me/api/portraits/women/42.jpg', 'medium': 'https://randomuser.me/api/portraits/med/women/42.jpg', 'thumbnail': 'https://randomuser.me/api/portraits/thumb/women/42.jpg'}, 'nat': 'NL'}</msg>
<arg>${json_data['results'][0]}</arg>
<doc>Logs the given message with the given level.</doc>
<status status="PASS" start="2024-06-08T03:16:03.462121" elapsed="0.000416"/>
</kw>
<kw name="Log" owner="BuiltIn">
<msg time="2024-06-08T03:16:03.462960" level="INFO">email</msg>
<arg>${key}</arg>
<doc>Logs the given message with the given level.</doc>
<status status="PASS" start="2024-06-08T03:16:03.462831" elapsed="0.000168"/>
</kw>
<var name="${key}">email</var>
<status status="PASS" start="2024-06-08T03:16:03.461154" elapsed="0.002059"/>
</iter>
<iter>
<kw name="Dictionary Should Contain Key" owner="Collections">
<msg time="2024-06-08T03:16:03.463887" level="INFO">False</msg>
<arg>${json_data['results'][0]}</arg>
<arg>${key}</arg>
<doc>Fails if ``key`` is not found from ``dictionary``.</doc>
<status status="PASS" start="2024-06-08T03:16:03.463508" elapsed="0.000418"/>
</kw>
<kw name="Log" owner="BuiltIn">
<msg time="2024-06-08T03:16:03.464579" level="INFO">{'gender': 'female', 'name': {'title': 'Mrs', 'first': 'Rifka', 'last': 'Grooten'}, 'location': {'street': {'number': 8974, 'name': 'Bataafsekade'}, 'city': 'Moorveld', 'state': 'Utrecht', 'country': 'Netherlands', 'postcode': '7098 NY', 'coordinates': {'latitude': '32.0519', 'longitude': '118.9542'}, 'timezone': {'offset': '+5:30', 'description': 'Bombay, Calcutta, Madras, New Delhi'}}, 'email': 'rifka.grooten@example.com', 'login': {'uuid': 'c45be18c-f665-40e8-a73f-875878ead9b3', 'username': 'whiteleopard515', 'password': 'chelsea', 'salt': 'zAvb3HzC', 'md5': '0e0b7768fea916bc41008e69575327ab', 'sha1': '47fb67caae0f139c5888f019081885cba2710d6a', 'sha256': '578eec11330d9cbdc76c77921ac5ce09e59ee3ebc58c35da6a0edd852a97a205'}, 'dob': {'date': '1962-07-12T18:48:36.091Z', 'age': 61}, 'registered': {'date': '2013-06-03T10:35:34.976Z', 'age': 11}, 'phone': '(0752) 795065', 'cell': '(06) 92071950', 'id': {'name': 'BSN', 'value': '40606320'}, 'picture': {'large': 'https://randomuser.me/api/portraits/women/42.jpg', 'medium': 'https://randomuser.me/api/portraits/med/women/42.jpg', 'thumbnail': 'https://randomuser.me/api/portraits/thumb/women/42.jpg'}, 'nat': 'NL'}</msg>
<arg>${json_data['results'][0]}</arg>
<doc>Logs the given message with the given level.</doc>
<status status="PASS" start="2024-06-08T03:16:03.464221" elapsed="0.000406"/>
</kw>
<kw name="Log" owner="BuiltIn">
<msg time="2024-06-08T03:16:03.465045" level="INFO">login</msg>
<arg>${key}</arg>
<doc>Logs the given message with the given level.</doc>
<status status="PASS" start="2024-06-08T03:16:03.464919" elapsed="0.000193"/>
</kw>
<var name="${key}">login</var>
<status status="PASS" start="2024-06-08T03:16:03.463396" elapsed="0.001968"/>
</iter>
<var>${key}</var>
<value>@{expected_keys}</value>
<status status="PASS" start="2024-06-08T03:16:03.454489" elapsed="0.011000"/>
</for>
<kw name="Create List" owner="BuiltIn">
<msg time="2024-06-08T03:16:03.465824" level="INFO">${expected_keysTwo} = ['username', 'password']</msg>
<var>${expected_keysTwo}</var>
<arg>username</arg>
<arg>password</arg>
<doc>Returns a list containing given items.</doc>
<status status="PASS" start="2024-06-08T03:16:03.465687" elapsed="0.000162"/>
</kw>
<for flavor="IN">
<iter>
<kw name="Dictionary Should Contain Key" owner="Collections">
<msg time="2024-06-08T03:16:03.466722" level="INFO">False</msg>
<arg>${json_data['results'][0]['login']}</arg>
<arg>${keyTwo}</arg>
<doc>Fails if ``key`` is not found from ``dictionary``.</doc>
<status status="PASS" start="2024-06-08T03:16:03.466347" elapsed="0.000412"/>
</kw>
<kw name="Dictionary Should Contain Key" owner="Collections">
<msg time="2024-06-08T03:16:03.467425" level="INFO">False</msg>
<arg>${json_data['results'][0]['login']}</arg>
<arg>${keyTwo}</arg>
<doc>Fails if ``key`` is not found from ``dictionary``.</doc>
<status status="PASS" start="2024-06-08T03:16:03.467053" elapsed="0.000410"/>
</kw>
<kw name="Log" owner="BuiltIn">
<msg time="2024-06-08T03:16:03.467879" level="INFO">username</msg>
<arg>${keyTwo}</arg>
<doc>Logs the given message with the given level.</doc>
<status status="PASS" start="2024-06-08T03:16:03.467754" elapsed="0.000163"/>
</kw>
<var name="${keyTwo}">username</var>
<status status="PASS" start="2024-06-08T03:16:03.466238" elapsed="0.001896"/>
</iter>
<iter>
<kw name="Dictionary Should Contain Key" owner="Collections">
<msg time="2024-06-08T03:16:03.468801" level="INFO">False</msg>
<arg>${json_data['results'][0]['login']}</arg>
<arg>${keyTwo}</arg>
<doc>Fails if ``key`` is not found from ``dictionary``.</doc>
<status status="PASS" start="2024-06-08T03:16:03.468418" elapsed="0.000421"/>
</kw>
<kw name="Dictionary Should Contain Key" owner="Collections">
<msg time="2024-06-08T03:16:03.469540" level="INFO">False</msg>
<arg>${json_data['results'][0]['login']}</arg>
<arg>${keyTwo}</arg>
<doc>Fails if ``key`` is not found from ``dictionary``.</doc>
<status status="PASS" start="2024-06-08T03:16:03.469153" elapsed="0.000425"/>
</kw>
<kw name="Log" owner="BuiltIn">
<msg time="2024-06-08T03:16:03.469999" level="INFO">password</msg>
<arg>${keyTwo}</arg>
<doc>Logs the given message with the given level.</doc>
<status status="PASS" start="2024-06-08T03:16:03.469872" elapsed="0.000165"/>
</kw>
<var name="${keyTwo}">password</var>
<status status="PASS" start="2024-06-08T03:16:03.468308" elapsed="0.001942"/>
</iter>
<var>${keyTwo}</var>
<value>@{expected_keysTwo}</value>
<status status="PASS" start="2024-06-08T03:16:03.466084" elapsed="0.004285"/>
</for>
<status status="PASS" start="2024-06-08T03:16:03.348970" elapsed="0.121539"/>
</kw>
<doc>Testa a estrutura da resposta da API.</doc>
<tag>testeEstruturaResposta</tag>
<status status="PASS" start="2024-06-08T03:16:03.348371" elapsed="0.122289"/>
</test>
<test id="s1-s1-t4" name="Validar tipos de dados" line="28">
<kw name="Teste de Tipos de Dados" owner="random-user-service">
<kw name="GET On Session" owner="RequestsLibrary">
<msg time="2024-06-08T03:16:03.543082" level="INFO">GET Request : url=https://randomuser.me/api 
 path_url=/api 
 headers={'User-Agent': 'python-requests/2.32.3', 'Accept-Encoding': 'gzip, deflate', 'Accept': '*/*', 'Connection': 'keep-alive'} 
 body=None 
 </msg>
<msg time="2024-06-08T03:16:03.543171" level="INFO">GET Response : url=https://randomuser.me/api 
 status=200, reason=OK 
 headers={'Date': 'Sat, 08 Jun 2024 03:16:03 GMT', 'Content-Type': 'application/json; charset=utf-8', 'Transfer-Encoding': 'chunked', 'Connection': 'keep-alive', 'X-Powered-By': 'Express', 'Access-Control-Allow-Origin': '*', 'Cache-Control': 'no-cache', 'ETag': 'W/"48e-ZE7NLJxKfhGauagTO8gNFN4CVSo"', 'Vary': 'Accept-Encoding', 'Content-Encoding': 'gzip', 'CF-Cache-Status': 'DYNAMIC', 'Report-To': '{"endpoints":[{"url":"https:\\/\\/a.nel.cloudflare.com\\/report\\/v4?s=TxB3tGpJpQoGgwaiUzdnDpZFLtEVnumcvMLy6y4x%2FqBwfd91116BeO73SjGKOD9yYHzy0aBMEckDxFhRVSGYzh1K1ie%2BGAGe2IVFPagBzbWY3JmlSfce5REsOy810DZk"}],"group":"cf-nel","max_age":604800}', 'NEL': '{"success_fraction":0,"report_to":"cf-nel","max_age":604800}', 'Server': 'cloudflare', 'CF-RAY': '8905b891be3910cb-ORD', 'alt-svc': 'h3=":443"; ma=86400'} 
 body={"results":[{"gender":"male","name":{"title":"Mr","first":"Basile","last":"Duval"},"location":{"street":{"number":9235,"name":"Rue de la Mairie"},"city":"Paris","state":"Oise","country":"France","postcode":65717,"coordinates":{"latitude":"-20.7638","longitude":"-132.4945"},"timezone":{"offset":"+1:00","description":"Brussels, Copenhagen, Madrid, Paris"}},"email":"basile.duval@example.com","login":{"uuid":"247eaab9-6538-4e7c-aa15-93f45979dec6","username":"bigfrog650","password":"ninja1","salt":"ztnG4BUx","md5":"140db9320b7cfac5123a621eb07fdda0","sha1":"2e7fd73d9a76cc4be0ad2f3737458a646ad8e155","sha256":"e256d645d0a0f66c4dff577c26c6c1aebb6b4cf6c95978e0022a908ae35c728e"},"dob":{"date":"1956-09-10T10:05:51.233Z","age":67},"registered":{"date":"2022-04-05T07:00:34.570Z","age":2},"phone":"02-54-68-97-34","cell":"06-32-14-71-35","id":{"name":"INSEE","value":"1560821954035 25"},"picture":{"large":"https://randomuser.me/api/portraits/men/28.jpg","medium":"https://randomuser.me/api/portraits/med/men/28.jpg","thumbnail":"https://randomuser.me/api/portraits/thumb/men/28.jpg"},"nat":"FR"}],"info":{"seed":"ce760bbfa3de436d","results":1,"page":1,"version":"1.4"}} 
 </msg>
<msg time="2024-06-08T03:16:03.543238" level="INFO">/opt/hostedtoolcache/Python/3.12.3/x64/lib/python3.12/site-packages/urllib3/connectionpool.py:1103: InsecureRequestWarning: Unverified HTTPS request is being made to host 'randomuser.me'. Adding certificate verification is strongly advised. See: https://urllib3.readthedocs.io/en/latest/advanced-usage.html#tls-warnings
  warnings.warn(</msg>
<msg time="2024-06-08T03:16:03.543354" level="INFO">${response} = &lt;Response [200]&gt;</msg>
<var>${response}</var>
<arg>consultarAPI</arg>
<arg>/api</arg>
<doc>Sends a GET request on a previously created HTTP Session.</doc>
<status status="PASS" start="2024-06-08T03:16:03.473231" elapsed="0.070164"/>
</kw>
<kw name="Set Variable" owner="BuiltIn">
<msg time="2024-06-08T03:16:03.544504" level="INFO">${json_data} = {'results': [{'gender': 'male', 'name': {'title': 'Mr', 'first': 'Basile', 'last': 'Duval'}, 'location': {'street': {'number': 9235, 'name': 'Rue de la Mairie'}, 'city': 'Paris', 'state': 'Oise', 'cou...</msg>
<var>${json_data}</var>
<arg>${response.json()}</arg>
<doc>Returns the given values which can then be assigned to a variables.</doc>
<status status="PASS" start="2024-06-08T03:16:03.543952" elapsed="0.000582"/>
</kw>
<kw name="Log" owner="BuiltIn">
<msg time="2024-06-08T03:16:03.545039" level="INFO">{'results': [{'gender': 'male', 'name': {'title': 'Mr', 'first': 'Basile', 'last': 'Duval'}, 'location': {'street': {'number': 9235, 'name': 'Rue de la Mairie'}, 'city': 'Paris', 'state': 'Oise', 'country': 'France', 'postcode': 65717, 'coordinates': {'latitude': '-20.7638', 'longitude': '-132.4945'}, 'timezone': {'offset': '+1:00', 'description': 'Brussels, Copenhagen, Madrid, Paris'}}, 'email': 'basile.duval@example.com', 'login': {'uuid': '247eaab9-6538-4e7c-aa15-93f45979dec6', 'username': 'bigfrog650', 'password': 'ninja1', 'salt': 'ztnG4BUx', 'md5': '140db9320b7cfac5123a621eb07fdda0', 'sha1': '2e7fd73d9a76cc4be0ad2f3737458a646ad8e155', 'sha256': 'e256d645d0a0f66c4dff577c26c6c1aebb6b4cf6c95978e0022a908ae35c728e'}, 'dob': {'date': '1956-09-10T10:05:51.233Z', 'age': 67}, 'registered': {'date': '2022-04-05T07:00:34.570Z', 'age': 2}, 'phone': '02-54-68-97-34', 'cell': '06-32-14-71-35', 'id': {'name': 'INSEE', 'value': '1560821954035 25'}, 'picture': {'large': 'https://randomuser.me/api/portraits/men/28.jpg', 'medium': 'https://randomuser.me/api/portraits/med/men/28.jpg', 'thumbnail': 'https://randomuser.me/api/portraits/thumb/men/28.jpg'}, 'nat': 'FR'}], 'info': {'seed': 'ce760bbfa3de436d', 'results': 1, 'page': 1, 'version': '1.4'}}</msg>
<arg>${json_data}</arg>
<doc>Logs the given message with the given level.</doc>
<status status="PASS" start="2024-06-08T03:16:03.544874" elapsed="0.000287"/>
</kw>
<kw name="Should Be String" owner="String">
<arg>${json_data['results'][0]['gender']}</arg>
<doc>Fails if the given ``item`` is not a string.</doc>
<status status="PASS" start="2024-06-08T03:16:03.545480" elapsed="0.000373"/>
</kw>
<kw name="Should Match Regexp" owner="BuiltIn">
<arg>${json_data['results'][0]['email']}</arg>
<arg>^[a-zA-Z0-9._%+-]+@[a-zA-Z0-9.-]+\.[a-zA-Z]{2,}$</arg>
<doc>Fails if ``string`` does not match ``pattern`` as a regular expression.</doc>
<status status="PASS" start="2024-06-08T03:16:03.546050" elapsed="0.000676"/>
</kw>
<kw name="Should Match Regexp" owner="BuiltIn">
<arg>${json_data['results'][0]['dob']['date']}</arg>
<arg>\\d{4}-\\d{2}-\\d{2}T\\d{2}:\\d{2}:\\d{2}\\.\\d{3}Z</arg>
<doc>Fails if ``string`` does not match ``pattern`` as a regular expression.</doc>
<status status="PASS" start="2024-06-08T03:16:03.546926" elapsed="0.000484"/>
</kw>
<kw name="Should Match Regexp" owner="BuiltIn">
<arg>${json_data['results'][0]['registered']['date']}</arg>
<arg>\\d{4}-\\d{2}-\\d{2}T\\d{2}:\\d{2}:\\d{2}\\.\\d{3}Z</arg>
<doc>Fails if ``string`` does not match ``pattern`` as a regular expression.</doc>
<status status="PASS" start="2024-06-08T03:16:03.547601" elapsed="0.000365"/>
</kw>
<kw name="Should Match Regexp" owner="BuiltIn">
<arg>${json_data['results'][0]['picture']['large']}</arg>
<arg>^https?://.*\.(?:png|jpe?g|gif|bmp)$</arg>
<doc>Fails if ``string`` does not match ``pattern`` as a regular expression.</doc>
<status status="PASS" start="2024-06-08T03:16:03.548153" elapsed="0.000459"/>
</kw>
<kw name="Should Match Regexp" owner="BuiltIn">
<arg>${json_data['results'][0]['picture']['medium']}</arg>
<arg>^https?://.*\.(?:png|jpe?g|gif|bmp)$</arg>
<doc>Fails if ``string`` does not match ``pattern`` as a regular expression.</doc>
<status status="PASS" start="2024-06-08T03:16:03.548802" elapsed="0.000381"/>
</kw>
<kw name="Should Match Regexp" owner="BuiltIn">
<arg>${json_data['results'][0]['picture']['thumbnail']}</arg>
<arg>^https?://.*\.(?:png|jpe?g|gif|bmp)$</arg>
<doc>Fails if ``string`` does not match ``pattern`` as a regular expression.</doc>
<status status="PASS" start="2024-06-08T03:16:03.549375" elapsed="0.000358"/>
</kw>
<kw name="Log" owner="BuiltIn">
<msg time="2024-06-08T03:16:03.550242" level="INFO">{'large': 'https://randomuser.me/api/portraits/men/28.jpg', 'medium': 'https://randomuser.me/api/portraits/med/men/28.jpg', 'thumbnail': 'https://randomuser.me/api/portraits/thumb/men/28.jpg'}</msg>
<arg>${json_data['results'][0]['picture']}</arg>
<doc>Logs the given message with the given level.</doc>
<status status="PASS" start="2024-06-08T03:16:03.549916" elapsed="0.000368"/>
</kw>
<status status="PASS" start="2024-06-08T03:16:03.472968" elapsed="0.077575"/>
</kw>
<kw name="Teste de Tipos de Dados - Postcode" owner="random-user-service">
<kw name="GET On Session" owner="RequestsLibrary">
<msg time="2024-06-08T03:16:03.638891" level="INFO">GET Request : url=https://randomuser.me/api 
 path_url=/api 
 headers={'User-Agent': 'python-requests/2.32.3', 'Accept-Encoding': 'gzip, deflate', 'Accept': '*/*', 'Connection': 'keep-alive'} 
 body=None 
 </msg>
<msg time="2024-06-08T03:16:03.639010" level="INFO">GET Response : url=https://randomuser.me/api 
 status=200, reason=OK 
 headers={'Date': 'Sat, 08 Jun 2024 03:16:03 GMT', 'Content-Type': 'application/json; charset=utf-8', 'Transfer-Encoding': 'chunked', 'Connection': 'keep-alive', 'X-Powered-By': 'Express', 'Access-Control-Allow-Origin': '*', 'Cache-Control': 'no-cache', 'ETag': 'W/"488-oq5nYc/L05cb3kiBaknxW9HKM2w"', 'Vary': 'Accept-Encoding', 'Content-Encoding': 'gzip', 'CF-Cache-Status': 'DYNAMIC', 'Report-To': '{"endpoints":[{"url":"https:\\/\\/a.nel.cloudflare.com\\/report\\/v4?s=85PX2G5To6OaAd%2BNsYXDjJW%2F5BfrAZbsmAUXhDRSRm1%2BzU6q6mG0fplb5APl3sR1ZPxurR5hoFZZulCAQCHfDONSPkyt65VkKaTS8nKD4IQtnxoLsPqOCGdw%2FQv5kkJw"}],"group":"cf-nel","max_age":604800}', 'NEL': '{"success_fraction":0,"report_to":"cf-nel","max_age":604800}', 'Server': 'cloudflare', 'CF-RAY': '8905b8923ee210cb-ORD', 'alt-svc': 'h3=":443"; ma=86400'} 
 body={"results":[{"gender":"female","name":{"title":"Mrs","first":"Freja","last":"Kristensen"},"location":{"street":{"number":6908,"name":"Bjerrevej"},"city":"Aaborg Øst","state":"Sjælland","country":"Denmark","postcode":80865,"coordinates":{"latitude":"-42.4722","longitude":"29.9717"},"timezone":{"offset":"+6:00","description":"Almaty, Dhaka, Colombo"}},"email":"freja.kristensen@example.com","login":{"uuid":"565cb00a-cef9-42a5-be3d-aa54d8971c1b","username":"ticklishmouse670","password":"clyde","salt":"47LjNup3","md5":"345c235922d5c0ae1598d12e32126f6e","sha1":"28940eec375e84b8c68a3231aece1574308e72de","sha256":"7c95512b224350d72b0d604df72285aca589aba5a7385f4e6df6cf2a3a52a623"},"dob":{"date":"1964-02-11T23:06:10.835Z","age":60},"registered":{"date":"2007-10-16T10:01:43.132Z","age":16},"phone":"55407176","cell":"39420361","id":{"name":"CPR","value":"110264-6448"},"picture":{"large":"https://randomuser.me/api/portraits/women/81.jpg","medium":"https://randomuser.me/api/portraits/med/women/81.jpg","thumbnail":"https://randomuser.me/api/portraits/thumb/women/81.jpg"},"nat":"DK"}],"info":{"seed":"1df1b99908f6e74c","results":1,"page":1,"version":"1.4"}} 
 </msg>
<msg time="2024-06-08T03:16:03.639097" level="INFO">/opt/hostedtoolcache/Python/3.12.3/x64/lib/python3.12/site-packages/urllib3/connectionpool.py:1103: InsecureRequestWarning: Unverified HTTPS request is being made to host 'randomuser.me'. Adding certificate verification is strongly advised. See: https://urllib3.readthedocs.io/en/latest/advanced-usage.html#tls-warnings
  warnings.warn(</msg>
<msg time="2024-06-08T03:16:03.639243" level="INFO">${response} = &lt;Response [200]&gt;</msg>
<var>${response}</var>
<arg>consultarAPI</arg>
<arg>/api</arg>
<doc>Sends a GET request on a previously created HTTP Session.</doc>
<status status="PASS" start="2024-06-08T03:16:03.550993" elapsed="0.088290"/>
</kw>
<kw name="Set Variable" owner="BuiltIn">
<msg time="2024-06-08T03:16:03.640508" level="INFO">${json_data} = {'results': [{'gender': 'female', 'name': {'title': 'Mrs', 'first': 'Freja', 'last': 'Kristensen'}, 'location': {'street': {'number': 6908, 'name': 'Bjerrevej'}, 'city': 'Aaborg Øst', 'state': 'Sjælla...</msg>
<var>${json_data}</var>
<arg>${response.json()}</arg>
<doc>Returns the given values which can then be assigned to a variables.</doc>
<status status="PASS" start="2024-06-08T03:16:03.639920" elapsed="0.000618"/>
</kw>
<kw name="Log" owner="BuiltIn">
<msg time="2024-06-08T03:16:03.641119" level="INFO">{'results': [{'gender': 'female', 'name': {'title': 'Mrs', 'first': 'Freja', 'last': 'Kristensen'}, 'location': {'street': {'number': 6908, 'name': 'Bjerrevej'}, 'city': 'Aaborg Øst', 'state': 'Sjælland', 'country': 'Denmark', 'postcode': 80865, 'coordinates': {'latitude': '-42.4722', 'longitude': '29.9717'}, 'timezone': {'offset': '+6:00', 'description': 'Almaty, Dhaka, Colombo'}}, 'email': 'freja.kristensen@example.com', 'login': {'uuid': '565cb00a-cef9-42a5-be3d-aa54d8971c1b', 'username': 'ticklishmouse670', 'password': 'clyde', 'salt': '47LjNup3', 'md5': '345c235922d5c0ae1598d12e32126f6e', 'sha1': '28940eec375e84b8c68a3231aece1574308e72de', 'sha256': '7c95512b224350d72b0d604df72285aca589aba5a7385f4e6df6cf2a3a52a623'}, 'dob': {'date': '1964-02-11T23:06:10.835Z', 'age': 60}, 'registered': {'date': '2007-10-16T10:01:43.132Z', 'age': 16}, 'phone': '55407176', 'cell': '39420361', 'id': {'name': 'CPR', 'value': '110264-6448'}, 'picture': {'large': 'https://randomuser.me/api/portraits/women/81.jpg', 'medium': 'https://randomuser.me/api/portraits/med/women/81.jpg', 'thumbnail': 'https://randomuser.me/api/portraits/thumb/women/81.jpg'}, 'nat': 'DK'}], 'info': {'seed': '1df1b99908f6e74c', 'results': 1, 'page': 1, 'version': '1.4'}}</msg>
<arg>${json_data}</arg>
<doc>Logs the given message with the given level.</doc>
<status status="PASS" start="2024-06-08T03:16:03.640893" elapsed="0.000329"/>
</kw>
<kw name="Should Be Equal As Numbers" owner="BuiltIn">
<arg>${json_data['results'][0]['location']['postcode']}</arg>
<arg>${json_data['results'][0]['location']['postcode']}</arg>
<doc>Fails if objects are unequal after converting them to real numbers.</doc>
<status status="PASS" start="2024-06-08T03:16:03.641604" elapsed="0.000665"/>
</kw>
<kw name="Log" owner="BuiltIn">
<msg time="2024-06-08T03:16:03.642825" level="INFO">80865</msg>
<arg>${json_data['results'][0]['location']['postcode']}</arg>
<doc>Logs the given message with the given level.</doc>
<status status="PASS" start="2024-06-08T03:16:03.642479" elapsed="0.000389"/>
</kw>
<status status="PASS" start="2024-06-08T03:16:03.550765" elapsed="0.092371"/>
</kw>
<doc>Testa se os tipos de dados na resposta da API estão corretos.</doc>
<tag>testeTiposDados</tag>
<status status="PASS" start="2024-06-08T03:16:03.472405" elapsed="0.170904"/>
</test>
<test id="s1-s1-t5" name="Validar conteudo" line="35">
<kw name="Teste de Tipos de Conteudo" owner="random-user-service">
<kw name="GET On Session" owner="RequestsLibrary">
<msg time="2024-06-08T03:16:03.742284" level="INFO">GET Request : url=https://randomuser.me/api 
 path_url=/api 
 headers={'User-Agent': 'python-requests/2.32.3', 'Accept-Encoding': 'gzip, deflate', 'Accept': '*/*', 'Connection': 'keep-alive'} 
 body=None 
 </msg>
<msg time="2024-06-08T03:16:03.742387" level="INFO">GET Response : url=https://randomuser.me/api 
 status=200, reason=OK 
 headers={'Date': 'Sat, 08 Jun 2024 03:16:03 GMT', 'Content-Type': 'application/json; charset=utf-8', 'Transfer-Encoding': 'chunked', 'Connection': 'keep-alive', 'X-Powered-By': 'Express', 'Access-Control-Allow-Origin': '*', 'Cache-Control': 'no-cache', 'ETag': 'W/"494-WTC46U5C8IfXP2SHgpcga09W67k"', 'Vary': 'Accept-Encoding', 'Content-Encoding': 'gzip', 'CF-Cache-Status': 'DYNAMIC', 'Report-To': '{"endpoints":[{"url":"https:\\/\\/a.nel.cloudflare.com\\/report\\/v4?s=oCPkkIZv7oRbL0IsCgTxCdNHB0I%2FsGFdenjlexZLdT7Aoaj9xmS9QX5buTfeSc%2BDc4o3JITibkSL2fmETjGsMEi8ZAKTqcgsrkrbpdVcalyIECr6vR6kFneDef3yNV4b"}],"group":"cf-nel","max_age":604800}', 'NEL': '{"success_fraction":0,"report_to":"cf-nel","max_age":604800}', 'Server': 'cloudflare', 'CF-RAY': '8905b892cfe410cb-ORD', 'alt-svc': 'h3=":443"; ma=86400'} 
 body={"results":[{"gender":"male","name":{"title":"Mr","first":"Vicente","last":"Crespo"},"location":{"street":{"number":1236,"name":"Calle del Prado"},"city":"Torrente","state":"Comunidad de Madrid","country":"Spain","postcode":46624,"coordinates":{"latitude":"-37.6473","longitude":"-40.7674"},"timezone":{"offset":"+5:30","description":"Bombay, Calcutta, Madras, New Delhi"}},"email":"vicente.crespo@example.com","login":{"uuid":"f2b1de86-fdfc-4746-9d1c-4cf17ae68232","username":"bigrabbit348","password":"startrek","salt":"0Z0WDpAJ","md5":"c04aa8abcfef36df854c266609a850d9","sha1":"55e43a08f2890cc0156bfc96bfca916107bd7dd7","sha256":"f5af178c894701f0dd5ad2d19c28eebb42c2bf74c7cfe14935759e2e2b10510a"},"dob":{"date":"1987-07-07T14:11:32.285Z","age":36},"registered":{"date":"2021-02-18T08:12:02.514Z","age":3},"phone":"946-935-121","cell":"693-537-007","id":{"name":"DNI","value":"37680492-C"},"picture":{"large":"https://randomuser.me/api/portraits/men/7.jpg","medium":"https://randomuser.me/api/portraits/med/men/7.jpg","thumbnail":"https://randomuser.me/api/portraits/thumb/men/7.jpg"},"nat":"ES"}],"info":{"seed":"e2e65456339c421e","results":1,"page":1,"version":"1.4"}} 
 </msg>
<msg time="2024-06-08T03:16:03.742457" level="INFO">/opt/hostedtoolcache/Python/3.12.3/x64/lib/python3.12/site-packages/urllib3/connectionpool.py:1103: InsecureRequestWarning: Unverified HTTPS request is being made to host 'randomuser.me'. Adding certificate verification is strongly advised. See: https://urllib3.readthedocs.io/en/latest/advanced-usage.html#tls-warnings
  warnings.warn(</msg>
<msg time="2024-06-08T03:16:03.742595" level="INFO">${response} = &lt;Response [200]&gt;</msg>
<var>${response}</var>
<arg>consultarAPI</arg>
<arg>/api</arg>
<doc>Sends a GET request on a previously created HTTP Session.</doc>
<status status="PASS" start="2024-06-08T03:16:03.645918" elapsed="0.096717"/>
</kw>
<kw name="Set Variable" owner="BuiltIn">
<msg time="2024-06-08T03:16:03.743807" level="INFO">${json_data} = {'results': [{'gender': 'male', 'name': {'title': 'Mr', 'first': 'Vicente', 'last': 'Crespo'}, 'location': {'street': {'number': 1236, 'name': 'Calle del Prado'}, 'city': 'Torrente', 'state': 'Comunid...</msg>
<var>${json_data}</var>
<arg>${response.json()}</arg>
<doc>Returns the given values which can then be assigned to a variables.</doc>
<status status="PASS" start="2024-06-08T03:16:03.743276" elapsed="0.000561"/>
</kw>
<kw name="Set Variable" owner="BuiltIn">
<msg time="2024-06-08T03:16:03.744537" level="INFO">${name_title} = Mr</msg>
<var>${name_title}</var>
<arg>${json_data["results"][0]["name"]["title"]}</arg>
<doc>Returns the given values which can then be assigned to a variables.</doc>
<status status="PASS" start="2024-06-08T03:16:03.744146" elapsed="0.000417"/>
</kw>
<kw name="Create List" owner="BuiltIn">
<msg time="2024-06-08T03:16:03.745028" level="INFO">${allowed_titles} = ['Mr', 'Ms', 'Miss', 'Mrs', 'Madame', 'Monsieur']</msg>
<var>${allowed_titles}</var>
<arg>Mr</arg>
<arg>Ms</arg>
<arg>Miss</arg>
<arg>Mrs</arg>
<arg>Madame</arg>
<arg>Monsieur</arg>
<doc>Returns a list containing given items.</doc>
<status status="PASS" start="2024-06-08T03:16:03.744877" elapsed="0.000206"/>
</kw>
<kw name="List Should Contain Value" owner="Collections">
<msg time="2024-06-08T03:16:03.745590" level="INFO">False</msg>
<arg>${allowed_titles}</arg>
<arg>${name_title}</arg>
<doc>Fails if the ``value`` is not found from ``list``.</doc>
<status status="PASS" start="2024-06-08T03:16:03.745411" elapsed="0.000216"/>
</kw>
<kw name="Set Variable" owner="BuiltIn">
<msg time="2024-06-08T03:16:03.746487" level="INFO">${name_country} = ES</msg>
<var>${name_country}</var>
<arg>${json_data["results"][0]["nat"]}</arg>
<doc>Returns the given values which can then be assigned to a variables.</doc>
<status status="PASS" start="2024-06-08T03:16:03.745922" elapsed="0.000590"/>
</kw>
<kw name="Create List" owner="BuiltIn">
<msg time="2024-06-08T03:16:03.747413" level="INFO">${list_country} = ['AD', 'AE', 'AF', 'AG', 'AI', 'AL', 'AM', 'AO', 'AQ', 'AR', 'AS', 'AT', 'AU', 'AW', 'AX', 'AZ', 'BA', 'BB', 'BD', 'BE', 'BF', 'BG', 'BH', 'BI', 'BJ', 'BL', 'BM', 'BN', 'BO', 'BQ', 'BR', 'BS', 'BT', '...</msg>
<var>${list_country}</var>
<arg>AD</arg>
<arg>AE</arg>
<arg>AF</arg>
<arg>AG</arg>
<arg>AI</arg>
<arg>AL</arg>
<arg>AM</arg>
<arg>AO</arg>
<arg>AQ</arg>
<arg>AR</arg>
<arg>AS</arg>
<arg>AT</arg>
<arg>AU</arg>
<arg>AW</arg>
<arg>AX</arg>
<arg>AZ</arg>
<arg>BA</arg>
<arg>BB</arg>
<arg>BD</arg>
<arg>BE</arg>
<arg>BF</arg>
<arg>BG</arg>
<arg>BH</arg>
<arg>BI</arg>
<arg>BJ</arg>
<arg>BL</arg>
<arg>BM</arg>
<arg>BN</arg>
<arg>BO</arg>
<arg>BQ</arg>
<arg>BR</arg>
<arg>BS</arg>
<arg>BT</arg>
<arg>BV</arg>
<arg>BW</arg>
<arg>BY</arg>
<arg>BZ</arg>
<arg>CA</arg>
<arg>CC</arg>
<arg>CD</arg>
<arg>CF</arg>
<arg>CG</arg>
<arg>CH</arg>
<arg>CI</arg>
<arg>CK</arg>
<arg>CL</arg>
<arg>CM</arg>
<arg>CN</arg>
<arg>CO</arg>
<arg>CR</arg>
<arg>CU</arg>
<arg>CV</arg>
<arg>CW</arg>
<arg>CX</arg>
<arg>CY</arg>
<arg>CZ</arg>
<arg>DE</arg>
<arg>DJ</arg>
<arg>DK</arg>
<arg>DM</arg>
<arg>DO</arg>
<arg>DZ</arg>
<arg>EC</arg>
<arg>EE</arg>
<arg>EG</arg>
<arg>EH</arg>
<arg>ER</arg>
<arg>ES</arg>
<arg>ET</arg>
<arg>FI</arg>
<arg>FJ</arg>
<arg>FK</arg>
<arg>FM</arg>
<arg>FO</arg>
<arg>FR</arg>
<arg>GA</arg>
<arg>GB</arg>
<arg>GD</arg>
<arg>GE</arg>
<arg>GF</arg>
<arg>GG</arg>
<arg>GH</arg>
<arg>GI</arg>
<arg>GL</arg>
<arg>GM</arg>
<arg>GN</arg>
<arg>GP</arg>
<arg>GQ</arg>
<arg>GR</arg>
<arg>GS</arg>
<arg>GT</arg>
<arg>GU</arg>
<arg>GW</arg>
<arg>GY</arg>
<arg>HK</arg>
<arg>HM</arg>
<arg>HN</arg>
<arg>HR</arg>
<arg>HT</arg>
<arg>HU</arg>
<arg>ID</arg>
<arg>IE</arg>
<arg>IL</arg>
<arg>IM</arg>
<arg>IN</arg>
<arg>IO</arg>
<arg>IQ</arg>
<arg>IR</arg>
<arg>IS</arg>
<arg>IT</arg>
<arg>JE</arg>
<arg>JM</arg>
<arg>JO</arg>
<arg>JP</arg>
<arg>KE</arg>
<arg>KG</arg>
<arg>KH</arg>
<arg>KI</arg>
<arg>KM</arg>
<arg>KN</arg>
<arg>KP</arg>
<arg>KR</arg>
<arg>KW</arg>
<arg>KY</arg>
<arg>KZ</arg>
<arg>LA</arg>
<arg>LB</arg>
<arg>LC</arg>
<arg>LI</arg>
<arg>LK</arg>
<arg>LR</arg>
<arg>LS</arg>
<arg>LT</arg>
<arg>LU</arg>
<arg>LV</arg>
<arg>LY</arg>
<arg>MA</arg>
<arg>MC</arg>
<arg>MD</arg>
<arg>ME</arg>
<arg>MF</arg>
<arg>MG</arg>
<arg>MH</arg>
<arg>MK</arg>
<arg>ML</arg>
<arg>MM</arg>
<arg>MN</arg>
<arg>MO</arg>
<arg>MP</arg>
<arg>MQ</arg>
<arg>MR</arg>
<arg>MS</arg>
<arg>MT</arg>
<arg>MU</arg>
<arg>MV</arg>
<arg>MW</arg>
<arg>MX</arg>
<arg>MY</arg>
<arg>MZ</arg>
<arg>NA</arg>
<arg>NC</arg>
<arg>NE</arg>
<arg>NF</arg>
<arg>NG</arg>
<arg>NI</arg>
<arg>NL</arg>
<arg>NO</arg>
<arg>NP</arg>
<arg>NR</arg>
<arg>NU</arg>
<arg>NZ</arg>
<arg>OM</arg>
<arg>PA</arg>
<arg>PE</arg>
<arg>PF</arg>
<arg>PG</arg>
<arg>PH</arg>
<arg>PK</arg>
<arg>PL</arg>
<arg>PM</arg>
<arg>PN</arg>
<arg>PR</arg>
<arg>PS</arg>
<arg>PT</arg>
<arg>PW</arg>
<arg>PY</arg>
<arg>QA</arg>
<arg>RE</arg>
<arg>RO</arg>
<arg>RS</arg>
<arg>RU</arg>
<arg>RW</arg>
<arg>SA</arg>
<arg>SB</arg>
<arg>SC</arg>
<arg>SD</arg>
<arg>SE</arg>
<arg>SG</arg>
<arg>SH</arg>
<arg>SI</arg>
<arg>SJ</arg>
<arg>SK</arg>
<arg>SL</arg>
<arg>SM</arg>
<arg>SN</arg>
<arg>SO</arg>
<arg>SR</arg>
<arg>SS</arg>
<arg>ST</arg>
<arg>SV</arg>
<arg>SX</arg>
<arg>SY</arg>
<arg>SZ</arg>
<arg>TC</arg>
<arg>TD</arg>
<arg>TF</arg>
<arg>TG</arg>
<arg>TH</arg>
<arg>TJ</arg>
<arg>TK</arg>
<arg>TL</arg>
<arg>TM</arg>
<arg>TN</arg>
<arg>TO</arg>
<arg>TR</arg>
<arg>TT</arg>
<arg>TV</arg>
<arg>TW</arg>
<arg>TZ</arg>
<arg>UA</arg>
<arg>UG</arg>
<arg>UM</arg>
<arg>US</arg>
<arg>UY</arg>
<arg>UZ</arg>
<arg>VA</arg>
<arg>VC</arg>
<arg>VE</arg>
<arg>VG</arg>
<arg>VI</arg>
<arg>VN</arg>
<arg>VU</arg>
<arg>WF</arg>
<arg>WS</arg>
<arg>XK</arg>
<arg>YE</arg>
<arg>YT</arg>
<arg>ZA</arg>
<arg>ZM</arg>
<arg>ZW</arg>
<doc>Returns a list containing given items.</doc>
<status status="PASS" start="2024-06-08T03:16:03.746820" elapsed="0.000620"/>
</kw>
<kw name="List Should Contain Value" owner="Collections">
<msg time="2024-06-08T03:16:03.748426" level="INFO">False</msg>
<arg>${list_country}</arg>
<arg>${name_country}</arg>
<doc>Fails if the ``value`` is not found from ``list``.</doc>
<status status="PASS" start="2024-06-08T03:16:03.748225" elapsed="0.000238"/>
</kw>
<kw name="Run Keyword If" owner="BuiltIn">
<kw name="Should Be True" owner="BuiltIn">
<arg>${True}</arg>
<doc>Fails if the given condition is not true.</doc>
<status status="PASS" start="2024-06-08T03:16:03.749554" elapsed="0.000147"/>
</kw>
<arg>${json_data["results"][0]["location"]["coordinates"]["latitude"]} &gt;= -90 and ${json_data["results"][0]["location"]["coordinates"]["latitude"]} &lt;= 90</arg>
<arg>Should Be True</arg>
<arg>${True}</arg>
<doc>Runs the given keyword with the given arguments, if ``condition`` is true.</doc>
<status status="PASS" start="2024-06-08T03:16:03.748778" elapsed="0.001052"/>
</kw>
<kw name="Run Keyword If" owner="BuiltIn">
<kw name="Should Be True" owner="BuiltIn">
<arg>${True}</arg>
<doc>Fails if the given condition is not true.</doc>
<status status="PASS" start="2024-06-08T03:16:03.750712" elapsed="0.000137"/>
</kw>
<arg>${json_data["results"][0]["location"]["coordinates"]["longitude"]} &gt;= -180 and ${json_data["results"][0]["location"]["coordinates"]["longitude"]} &lt;= 180</arg>
<arg>Should Be True</arg>
<arg>${True}</arg>
<doc>Runs the given keyword with the given arguments, if ``condition`` is true.</doc>
<status status="PASS" start="2024-06-08T03:16:03.750018" elapsed="0.000952"/>
</kw>
<status status="PASS" start="2024-06-08T03:16:03.645672" elapsed="0.105429"/>
</kw>
<doc>Testa o conteúdo específico dos campos retornados pela API.</doc>
<tag>testeConteudo</tag>
<status status="PASS" start="2024-06-08T03:16:03.645103" elapsed="0.106161"/>
</test>
<status status="PASS" start="2024-06-08T03:16:02.873361" elapsed="0.879907"/>
</suite>
<status status="PASS" start="2024-06-08T03:16:02.859903" elapsed="0.898583"/>
</suite>
<statistics>
<total>
<stat pass="5" fail="0" skip="0">All Tests</stat>
</total>
<tag>
<stat pass="1" fail="0" skip="0">testeConteudo</stat>
<stat pass="1" fail="0" skip="0">testeEstruturaResposta</stat>
<stat pass="1" fail="0" skip="0">testeRequisicaoBasica</stat>
<stat pass="1" fail="0" skip="0">testeTiposDados</stat>
</tag>
<suite>
<stat pass="5" fail="0" skip="0" id="s1" name="Tests">Tests</stat>
<stat pass="5" fail="0" skip="0" id="s1-s1" name="Random-User-Test">Tests.Random-User-Test</stat>
</suite>
</statistics>
<errors>
</errors>
</robot>
