<?xml version="1.0" encoding="UTF-8"?>
<robot generator="Robot 7.0.1 (Python 3.12.4 on linux)" generated="2024-06-25T01:05:38.684837" rpa="false" schemaversion="5">
<suite id="s1" name="Tests" source="/home/runner/work/ApiRandomUser/ApiRandomUser/RamdonUser/tests">
<suite id="s1-s1" name="Random-User-Test" source="/home/runner/work/ApiRandomUser/ApiRandomUser/RamdonUser/tests/random-user-test.robot">
<test id="s1-s1-t1" name="Conectar" line="13">
<kw name="Conectar API" owner="random-user-service">
<kw name="Create Session" owner="RequestsLibrary">
<msg time="2024-06-25T01:05:39.151562" level="INFO">Creating Session using : alias=consultarAPI, url=https://randomuser.me/, headers={},                     cookies={}, auth=None, timeout=None, proxies=None, verify=False,                     debug=0 </msg>
<arg>consultarAPI</arg>
<arg>${URL}</arg>
<doc>Create Session: create a HTTP session to a server</doc>
<status status="PASS" start="2024-06-25T01:05:39.151348" elapsed="0.000405"/>
</kw>
<status status="PASS" start="2024-06-25T01:05:39.150122" elapsed="0.001998"/>
</kw>
<status status="PASS" start="2024-06-25T01:05:39.149316" elapsed="0.003000"/>
</test>
<test id="s1-s1-t2" name="Validar retorno 200 e JSON Válido" line="16">
<kw name="Teste de Requisicao Basica" owner="random-user-service">
<kw name="GET On Session" owner="RequestsLibrary">
<msg time="2024-06-25T01:05:39.500860" level="INFO">GET Request : url=https://randomuser.me/api 
 path_url=/api 
 headers={'User-Agent': 'python-requests/2.32.3', 'Accept-Encoding': 'gzip, deflate', 'Accept': '*/*', 'Connection': 'keep-alive'} 
 body=None 
 </msg>
<msg time="2024-06-25T01:05:39.501011" level="INFO">GET Response : url=https://randomuser.me/api 
 status=200, reason=OK 
 headers={'Date': 'Tue, 25 Jun 2024 01:05:39 GMT', 'Content-Type': 'application/json; charset=utf-8', 'Transfer-Encoding': 'chunked', 'Connection': 'keep-alive', 'X-Powered-By': 'Express', 'Access-Control-Allow-Origin': '*', 'Cache-Control': 'no-cache', 'ETag': 'W/"485-SB5IsU5ouH5WDWY9+cHa8y9w6Pg"', 'Vary': 'Accept-Encoding', 'Content-Encoding': 'gzip', 'CF-Cache-Status': 'DYNAMIC', 'Report-To': '{"endpoints":[{"url":"https:\\/\\/a.nel.cloudflare.com\\/report\\/v4?s=2MD%2BaYvgIaCA0R78%2B3irc2Y9DUlI%2FcQ8B6km4ObRKEdVHyEi0H4LhcCVp5PDEM4fED8WQBrdZCaKnLSN%2BxxYl0Btz5uFZX0AQDbEsVkjotHl4DX%2F02J0Sk1iEAYsIKlZ"}],"group":"cf-nel","max_age":604800}', 'NEL': '{"success_fraction":0,"report_to":"cf-nel","max_age":604800}', 'Server': 'cloudflare', 'CF-RAY': '89910ced2c87cf8b-SJC', 'alt-svc': 'h3=":443"; ma=86400'} 
 body={"results":[{"gender":"male","name":{"title":"Mr","first":"Ruben","last":"Blanchard"},"location":{"street":{"number":407,"name":"Rue Barrème"},"city":"Roubaix","state":"Indre-et-Loire","country":"France","postcode":42581,"coordinates":{"latitude":"-13.6586","longitude":"-67.2300"},"timezone":{"offset":"+4:30","description":"Kabul"}},"email":"ruben.blanchard@example.com","login":{"uuid":"d1a06c85-f88b-4ee7-8491-2a2c01546759","username":"organicbutterfly261","password":"drive","salt":"8FIR75BI","md5":"19168e25de2534b1653b64f7fff5d79e","sha1":"1164bfc5cc9caf5d170ca1dff486735bd1b72067","sha256":"6540b80bd1094d256e8ab5a517fe9062ed9b2ed39df9ec90a32d12c0c0f19833"},"dob":{"date":"1983-02-15T11:05:16.277Z","age":41},"registered":{"date":"2005-01-21T12:44:52.663Z","age":19},"phone":"01-03-24-43-62","cell":"06-37-92-92-58","id":{"name":"INSEE","value":"1830101198680 19"},"picture":{"large":"https://randomuser.me/api/portraits/men/76.jpg","medium":"https://randomuser.me/api/portraits/med/men/76.jpg","thumbnail":"https://randomuser.me/api/portraits/thumb/men/76.jpg"},"nat":"FR"}],"info":{"seed":"cf634ab1250b2fc2","results":1,"page":1,"version":"1.4"}} 
 </msg>
<msg time="2024-06-25T01:05:39.501095" level="INFO">/opt/hostedtoolcache/Python/3.12.4/x64/lib/python3.12/site-packages/urllib3/connectionpool.py:1099: InsecureRequestWarning: Unverified HTTPS request is being made to host 'randomuser.me'. Adding certificate verification is strongly advised. See: https://urllib3.readthedocs.io/en/latest/advanced-usage.html#tls-warnings
  warnings.warn(</msg>
<msg time="2024-06-25T01:05:39.501228" level="INFO">${response} = &lt;Response [200]&gt;</msg>
<var>${response}</var>
<arg>consultarAPI</arg>
<arg>/api</arg>
<doc>Sends a GET request on a previously created HTTP Session.</doc>
<status status="PASS" start="2024-06-25T01:05:39.154958" elapsed="0.346313"/>
</kw>
<kw name="Should Be Equal As Numbers" owner="BuiltIn">
<msg time="2024-06-25T01:05:39.502263" level="INFO">Argument types are:
&lt;class 'int'&gt;
&lt;class 'str'&gt;</msg>
<arg>${response.status_code}</arg>
<arg>200</arg>
<doc>Fails if objects are unequal after converting them to real numbers.</doc>
<status status="PASS" start="2024-06-25T01:05:39.501806" elapsed="0.000527"/>
</kw>
<kw name="Log" owner="BuiltIn">
<msg time="2024-06-25T01:05:39.502993" level="INFO">200</msg>
<arg>${response.status_code}</arg>
<doc>Logs the given message with the given level.</doc>
<status status="PASS" start="2024-06-25T01:05:39.502647" elapsed="0.000388"/>
</kw>
<kw name="Set Variable" owner="BuiltIn">
<msg time="2024-06-25T01:05:39.503767" level="INFO">${json_data} = {'results': [{'gender': 'male', 'name': {'title': 'Mr', 'first': 'Ruben', 'last': 'Blanchard'}, 'location': {'street': {'number': 407, 'name': 'Rue Barrème'}, 'city': 'Roubaix', 'state': 'Indre-et-Loi...</msg>
<var>${json_data}</var>
<arg>${response.json()}</arg>
<doc>Returns the given values which can then be assigned to a variables.</doc>
<status status="PASS" start="2024-06-25T01:05:39.503333" elapsed="0.000463"/>
</kw>
<kw name="Dictionary Should Contain Key" owner="Collections">
<arg>${json_data}</arg>
<arg>results</arg>
<doc>Fails if ``key`` is not found from ``dictionary``.</doc>
<status status="PASS" start="2024-06-25T01:05:39.504086" elapsed="0.000161"/>
</kw>
<status status="PASS" start="2024-06-25T01:05:39.154716" elapsed="0.349678"/>
</kw>
<doc>Testa se a API responde corretamente e retorna um objeto JSON válido.</doc>
<tag>testeRequisicaoBasica</tag>
<status status="PASS" start="2024-06-25T01:05:39.154275" elapsed="0.350343"/>
</test>
<test id="s1-s1-t3" name="Validar estrutura de resposta" line="22">
<kw name="Teste de Estrutura de Resposta" owner="random-user-service">
<kw name="GET On Session" owner="RequestsLibrary">
<msg time="2024-06-25T01:05:39.630489" level="INFO">GET Request : url=https://randomuser.me/api 
 path_url=/api 
 headers={'User-Agent': 'python-requests/2.32.3', 'Accept-Encoding': 'gzip, deflate', 'Accept': '*/*', 'Connection': 'keep-alive'} 
 body=None 
 </msg>
<msg time="2024-06-25T01:05:39.630584" level="INFO">GET Response : url=https://randomuser.me/api 
 status=200, reason=OK 
 headers={'Date': 'Tue, 25 Jun 2024 01:05:39 GMT', 'Content-Type': 'application/json; charset=utf-8', 'Transfer-Encoding': 'chunked', 'Connection': 'keep-alive', 'X-Powered-By': 'Express', 'Access-Control-Allow-Origin': '*', 'Cache-Control': 'no-cache', 'ETag': 'W/"497-QytTG4jwdTN4RVs//m1SgafFL60"', 'Vary': 'Accept-Encoding', 'Content-Encoding': 'gzip', 'CF-Cache-Status': 'DYNAMIC', 'Report-To': '{"endpoints":[{"url":"https:\\/\\/a.nel.cloudflare.com\\/report\\/v4?s=EYCtEjSTQ2kwioe6u18AtYKE70wCg4PzxaK%2FC1D76LwMaheE191Z4DHPYwAZHPh3%2Bxu5rmKpQcqm8Je%2FzUOXNCA%2BNHTfPaSRLVzRGUovA6hoxasW9FZCK97ZCxm%2F6OUP"}],"group":"cf-nel","max_age":604800}', 'NEL': '{"success_fraction":0,"report_to":"cf-nel","max_age":604800}', 'Server': 'cloudflare', 'CF-RAY': '89910ceded1ccf8b-SJC', 'alt-svc': 'h3=":443"; ma=86400'} 
 body={"results":[{"gender":"male","name":{"title":"Mr","first":"Harley","last":"Turner"},"location":{"street":{"number":474,"name":"Queen Elizabeth Ii Drive"},"city":"Greymouth","state":"West Coast","country":"New Zealand","postcode":54791,"coordinates":{"latitude":"55.3155","longitude":"-62.0936"},"timezone":{"offset":"+3:00","description":"Baghdad, Riyadh, Moscow, St. Petersburg"}},"email":"harley.turner@example.com","login":{"uuid":"6c90b3f7-2a95-45c7-8b52-c134fc4c6087","username":"greencat824","password":"poland","salt":"kNKwvVDG","md5":"bbc7bfc0199c62d454d38644502c22ba","sha1":"4ecae27d05b36d45393cb7960157180fb3649e2e","sha256":"4dc4e398817686b5cfb51f0a53ff50e098e50c57fdd25d970f961e1ffdde3404"},"dob":{"date":"1949-11-17T09:31:30.704Z","age":74},"registered":{"date":"2006-07-14T07:13:29.638Z","age":17},"phone":"(972)-730-5478","cell":"(613)-468-5329","id":{"name":"","value":null},"picture":{"large":"https://randomuser.me/api/portraits/men/27.jpg","medium":"https://randomuser.me/api/portraits/med/men/27.jpg","thumbnail":"https://randomuser.me/api/portraits/thumb/men/27.jpg"},"nat":"NZ"}],"info":{"seed":"93f5e9df7c1ecc75","results":1,"page":1,"version":"1.4"}} 
 </msg>
<msg time="2024-06-25T01:05:39.630713" level="INFO">/opt/hostedtoolcache/Python/3.12.4/x64/lib/python3.12/site-packages/urllib3/connectionpool.py:1099: InsecureRequestWarning: Unverified HTTPS request is being made to host 'randomuser.me'. Adding certificate verification is strongly advised. See: https://urllib3.readthedocs.io/en/latest/advanced-usage.html#tls-warnings
  warnings.warn(</msg>
<msg time="2024-06-25T01:05:39.630835" level="INFO">${response} = &lt;Response [200]&gt;</msg>
<var>${response}</var>
<arg>consultarAPI</arg>
<arg>/api</arg>
<doc>Sends a GET request on a previously created HTTP Session.</doc>
<status status="PASS" start="2024-06-25T01:05:39.507156" elapsed="0.123711"/>
</kw>
<kw name="Set Variable" owner="BuiltIn">
<msg time="2024-06-25T01:05:39.631905" level="INFO">${json_data} = {'results': [{'gender': 'male', 'name': {'title': 'Mr', 'first': 'Harley', 'last': 'Turner'}, 'location': {'street': {'number': 474, 'name': 'Queen Elizabeth Ii Drive'}, 'city': 'Greymouth', 'state': ...</msg>
<var>${json_data}</var>
<arg>${response.json()}</arg>
<doc>Returns the given values which can then be assigned to a variables.</doc>
<status status="PASS" start="2024-06-25T01:05:39.631390" elapsed="0.000544"/>
</kw>
<kw name="Log" owner="BuiltIn">
<msg time="2024-06-25T01:05:39.632407" level="INFO">{'results': [{'gender': 'male', 'name': {'title': 'Mr', 'first': 'Harley', 'last': 'Turner'}, 'location': {'street': {'number': 474, 'name': 'Queen Elizabeth Ii Drive'}, 'city': 'Greymouth', 'state': 'West Coast', 'country': 'New Zealand', 'postcode': 54791, 'coordinates': {'latitude': '55.3155', 'longitude': '-62.0936'}, 'timezone': {'offset': '+3:00', 'description': 'Baghdad, Riyadh, Moscow, St. Petersburg'}}, 'email': 'harley.turner@example.com', 'login': {'uuid': '6c90b3f7-2a95-45c7-8b52-c134fc4c6087', 'username': 'greencat824', 'password': 'poland', 'salt': 'kNKwvVDG', 'md5': 'bbc7bfc0199c62d454d38644502c22ba', 'sha1': '4ecae27d05b36d45393cb7960157180fb3649e2e', 'sha256': '4dc4e398817686b5cfb51f0a53ff50e098e50c57fdd25d970f961e1ffdde3404'}, 'dob': {'date': '1949-11-17T09:31:30.704Z', 'age': 74}, 'registered': {'date': '2006-07-14T07:13:29.638Z', 'age': 17}, 'phone': '(972)-730-5478', 'cell': '(613)-468-5329', 'id': {'name': '', 'value': None}, 'picture': {'large': 'https://randomuser.me/api/portraits/men/27.jpg', 'medium': 'https://randomuser.me/api/portraits/med/men/27.jpg', 'thumbnail': 'https://randomuser.me/api/portraits/thumb/men/27.jpg'}, 'nat': 'NZ'}], 'info': {'seed': '93f5e9df7c1ecc75', 'results': 1, 'page': 1, 'version': '1.4'}}</msg>
<arg>${json_data}</arg>
<doc>Logs the given message with the given level.</doc>
<status status="PASS" start="2024-06-25T01:05:39.632247" elapsed="0.000248"/>
</kw>
<kw name="Dictionary Should Contain Key" owner="Collections">
<arg>${json_data}</arg>
<arg>results</arg>
<doc>Fails if ``key`` is not found from ``dictionary``.</doc>
<status status="PASS" start="2024-06-25T01:05:39.632799" elapsed="0.000159"/>
</kw>
<kw name="Should Not Be Empty" owner="BuiltIn">
<msg time="2024-06-25T01:05:39.633260" level="INFO">Length is 2.</msg>
<arg>${json_data}</arg>
<doc>Verifies that the given item is not empty.</doc>
<status status="PASS" start="2024-06-25T01:05:39.633139" elapsed="0.000158"/>
</kw>
<kw name="Create List" owner="BuiltIn">
<msg time="2024-06-25T01:05:39.633877" level="INFO">${expected_keys} = ['gender', 'name', 'location', 'email', 'login']</msg>
<var>${expected_keys}</var>
<arg>gender</arg>
<arg>name</arg>
<arg>location</arg>
<arg>email</arg>
<arg>login</arg>
<doc>Returns a list containing given items.</doc>
<status status="PASS" start="2024-06-25T01:05:39.633580" elapsed="0.000321"/>
</kw>
<for flavor="IN">
<iter>
<kw name="Dictionary Should Contain Key" owner="Collections">
<arg>${json_data['results'][0]}</arg>
<arg>${key}</arg>
<doc>Fails if ``key`` is not found from ``dictionary``.</doc>
<status status="PASS" start="2024-06-25T01:05:39.634474" elapsed="0.000396"/>
</kw>
<kw name="Log" owner="BuiltIn">
<msg time="2024-06-25T01:05:39.635408" level="INFO">{'gender': 'male', 'name': {'title': 'Mr', 'first': 'Harley', 'last': 'Turner'}, 'location': {'street': {'number': 474, 'name': 'Queen Elizabeth Ii Drive'}, 'city': 'Greymouth', 'state': 'West Coast', 'country': 'New Zealand', 'postcode': 54791, 'coordinates': {'latitude': '55.3155', 'longitude': '-62.0936'}, 'timezone': {'offset': '+3:00', 'description': 'Baghdad, Riyadh, Moscow, St. Petersburg'}}, 'email': 'harley.turner@example.com', 'login': {'uuid': '6c90b3f7-2a95-45c7-8b52-c134fc4c6087', 'username': 'greencat824', 'password': 'poland', 'salt': 'kNKwvVDG', 'md5': 'bbc7bfc0199c62d454d38644502c22ba', 'sha1': '4ecae27d05b36d45393cb7960157180fb3649e2e', 'sha256': '4dc4e398817686b5cfb51f0a53ff50e098e50c57fdd25d970f961e1ffdde3404'}, 'dob': {'date': '1949-11-17T09:31:30.704Z', 'age': 74}, 'registered': {'date': '2006-07-14T07:13:29.638Z', 'age': 17}, 'phone': '(972)-730-5478', 'cell': '(613)-468-5329', 'id': {'name': '', 'value': None}, 'picture': {'large': 'https://randomuser.me/api/portraits/men/27.jpg', 'medium': 'https://randomuser.me/api/portraits/med/men/27.jpg', 'thumbnail': 'https://randomuser.me/api/portraits/thumb/men/27.jpg'}, 'nat': 'NZ'}</msg>
<arg>${json_data['results'][0]}</arg>
<doc>Logs the given message with the given level.</doc>
<status status="PASS" start="2024-06-25T01:05:39.635058" elapsed="0.000397"/>
</kw>
<kw name="Log" owner="BuiltIn">
<msg time="2024-06-25T01:05:39.635877" level="INFO">gender</msg>
<arg>${key}</arg>
<doc>Logs the given message with the given level.</doc>
<status status="PASS" start="2024-06-25T01:05:39.635750" elapsed="0.000165"/>
</kw>
<var name="${key}">gender</var>
<status status="PASS" start="2024-06-25T01:05:39.634353" elapsed="0.001777"/>
</iter>
<iter>
<kw name="Dictionary Should Contain Key" owner="Collections">
<arg>${json_data['results'][0]}</arg>
<arg>${key}</arg>
<doc>Fails if ``key`` is not found from ``dictionary``.</doc>
<status status="PASS" start="2024-06-25T01:05:39.636418" elapsed="0.000411"/>
</kw>
<kw name="Log" owner="BuiltIn">
<msg time="2024-06-25T01:05:39.637370" level="INFO">{'gender': 'male', 'name': {'title': 'Mr', 'first': 'Harley', 'last': 'Turner'}, 'location': {'street': {'number': 474, 'name': 'Queen Elizabeth Ii Drive'}, 'city': 'Greymouth', 'state': 'West Coast', 'country': 'New Zealand', 'postcode': 54791, 'coordinates': {'latitude': '55.3155', 'longitude': '-62.0936'}, 'timezone': {'offset': '+3:00', 'description': 'Baghdad, Riyadh, Moscow, St. Petersburg'}}, 'email': 'harley.turner@example.com', 'login': {'uuid': '6c90b3f7-2a95-45c7-8b52-c134fc4c6087', 'username': 'greencat824', 'password': 'poland', 'salt': 'kNKwvVDG', 'md5': 'bbc7bfc0199c62d454d38644502c22ba', 'sha1': '4ecae27d05b36d45393cb7960157180fb3649e2e', 'sha256': '4dc4e398817686b5cfb51f0a53ff50e098e50c57fdd25d970f961e1ffdde3404'}, 'dob': {'date': '1949-11-17T09:31:30.704Z', 'age': 74}, 'registered': {'date': '2006-07-14T07:13:29.638Z', 'age': 17}, 'phone': '(972)-730-5478', 'cell': '(613)-468-5329', 'id': {'name': '', 'value': None}, 'picture': {'large': 'https://randomuser.me/api/portraits/men/27.jpg', 'medium': 'https://randomuser.me/api/portraits/med/men/27.jpg', 'thumbnail': 'https://randomuser.me/api/portraits/thumb/men/27.jpg'}, 'nat': 'NZ'}</msg>
<arg>${json_data['results'][0]}</arg>
<doc>Logs the given message with the given level.</doc>
<status status="PASS" start="2024-06-25T01:05:39.637014" elapsed="0.000435"/>
</kw>
<kw name="Log" owner="BuiltIn">
<msg time="2024-06-25T01:05:39.637871" level="INFO">name</msg>
<arg>${key}</arg>
<doc>Logs the given message with the given level.</doc>
<status status="PASS" start="2024-06-25T01:05:39.637743" elapsed="0.000166"/>
</kw>
<var name="${key}">name</var>
<status status="PASS" start="2024-06-25T01:05:39.636308" elapsed="0.001818"/>
</iter>
<iter>
<kw name="Dictionary Should Contain Key" owner="Collections">
<arg>${json_data['results'][0]}</arg>
<arg>${key}</arg>
<doc>Fails if ``key`` is not found from ``dictionary``.</doc>
<status status="PASS" start="2024-06-25T01:05:39.638407" elapsed="0.000372"/>
</kw>
<kw name="Log" owner="BuiltIn">
<msg time="2024-06-25T01:05:39.639318" level="INFO">{'gender': 'male', 'name': {'title': 'Mr', 'first': 'Harley', 'last': 'Turner'}, 'location': {'street': {'number': 474, 'name': 'Queen Elizabeth Ii Drive'}, 'city': 'Greymouth', 'state': 'West Coast', 'country': 'New Zealand', 'postcode': 54791, 'coordinates': {'latitude': '55.3155', 'longitude': '-62.0936'}, 'timezone': {'offset': '+3:00', 'description': 'Baghdad, Riyadh, Moscow, St. Petersburg'}}, 'email': 'harley.turner@example.com', 'login': {'uuid': '6c90b3f7-2a95-45c7-8b52-c134fc4c6087', 'username': 'greencat824', 'password': 'poland', 'salt': 'kNKwvVDG', 'md5': 'bbc7bfc0199c62d454d38644502c22ba', 'sha1': '4ecae27d05b36d45393cb7960157180fb3649e2e', 'sha256': '4dc4e398817686b5cfb51f0a53ff50e098e50c57fdd25d970f961e1ffdde3404'}, 'dob': {'date': '1949-11-17T09:31:30.704Z', 'age': 74}, 'registered': {'date': '2006-07-14T07:13:29.638Z', 'age': 17}, 'phone': '(972)-730-5478', 'cell': '(613)-468-5329', 'id': {'name': '', 'value': None}, 'picture': {'large': 'https://randomuser.me/api/portraits/men/27.jpg', 'medium': 'https://randomuser.me/api/portraits/med/men/27.jpg', 'thumbnail': 'https://randomuser.me/api/portraits/thumb/men/27.jpg'}, 'nat': 'NZ'}</msg>
<arg>${json_data['results'][0]}</arg>
<doc>Logs the given message with the given level.</doc>
<status status="PASS" start="2024-06-25T01:05:39.638959" elapsed="0.000406"/>
</kw>
<kw name="Log" owner="BuiltIn">
<msg time="2024-06-25T01:05:39.639782" level="INFO">location</msg>
<arg>${key}</arg>
<doc>Logs the given message with the given level.</doc>
<status status="PASS" start="2024-06-25T01:05:39.639657" elapsed="0.000161"/>
</kw>
<var name="${key}">location</var>
<status status="PASS" start="2024-06-25T01:05:39.638300" elapsed="0.001729"/>
</iter>
<iter>
<kw name="Dictionary Should Contain Key" owner="Collections">
<arg>${json_data['results'][0]}</arg>
<arg>${key}</arg>
<doc>Fails if ``key`` is not found from ``dictionary``.</doc>
<status status="PASS" start="2024-06-25T01:05:39.640299" elapsed="0.000405"/>
</kw>
<kw name="Log" owner="BuiltIn">
<msg time="2024-06-25T01:05:39.641257" level="INFO">{'gender': 'male', 'name': {'title': 'Mr', 'first': 'Harley', 'last': 'Turner'}, 'location': {'street': {'number': 474, 'name': 'Queen Elizabeth Ii Drive'}, 'city': 'Greymouth', 'state': 'West Coast', 'country': 'New Zealand', 'postcode': 54791, 'coordinates': {'latitude': '55.3155', 'longitude': '-62.0936'}, 'timezone': {'offset': '+3:00', 'description': 'Baghdad, Riyadh, Moscow, St. Petersburg'}}, 'email': 'harley.turner@example.com', 'login': {'uuid': '6c90b3f7-2a95-45c7-8b52-c134fc4c6087', 'username': 'greencat824', 'password': 'poland', 'salt': 'kNKwvVDG', 'md5': 'bbc7bfc0199c62d454d38644502c22ba', 'sha1': '4ecae27d05b36d45393cb7960157180fb3649e2e', 'sha256': '4dc4e398817686b5cfb51f0a53ff50e098e50c57fdd25d970f961e1ffdde3404'}, 'dob': {'date': '1949-11-17T09:31:30.704Z', 'age': 74}, 'registered': {'date': '2006-07-14T07:13:29.638Z', 'age': 17}, 'phone': '(972)-730-5478', 'cell': '(613)-468-5329', 'id': {'name': '', 'value': None}, 'picture': {'large': 'https://randomuser.me/api/portraits/men/27.jpg', 'medium': 'https://randomuser.me/api/portraits/med/men/27.jpg', 'thumbnail': 'https://randomuser.me/api/portraits/thumb/men/27.jpg'}, 'nat': 'NZ'}</msg>
<arg>${json_data['results'][0]}</arg>
<doc>Logs the given message with the given level.</doc>
<status status="PASS" start="2024-06-25T01:05:39.640901" elapsed="0.000408"/>
</kw>
<kw name="Log" owner="BuiltIn">
<msg time="2024-06-25T01:05:39.641726" level="INFO">email</msg>
<arg>${key}</arg>
<doc>Logs the given message with the given level.</doc>
<status status="PASS" start="2024-06-25T01:05:39.641600" elapsed="0.000162"/>
</kw>
<var name="${key}">email</var>
<status status="PASS" start="2024-06-25T01:05:39.640194" elapsed="0.001782"/>
</iter>
<iter>
<kw name="Dictionary Should Contain Key" owner="Collections">
<arg>${json_data['results'][0]}</arg>
<arg>${key}</arg>
<doc>Fails if ``key`` is not found from ``dictionary``.</doc>
<status status="PASS" start="2024-06-25T01:05:39.642249" elapsed="0.000380"/>
</kw>
<kw name="Log" owner="BuiltIn">
<msg time="2024-06-25T01:05:39.643160" level="INFO">{'gender': 'male', 'name': {'title': 'Mr', 'first': 'Harley', 'last': 'Turner'}, 'location': {'street': {'number': 474, 'name': 'Queen Elizabeth Ii Drive'}, 'city': 'Greymouth', 'state': 'West Coast', 'country': 'New Zealand', 'postcode': 54791, 'coordinates': {'latitude': '55.3155', 'longitude': '-62.0936'}, 'timezone': {'offset': '+3:00', 'description': 'Baghdad, Riyadh, Moscow, St. Petersburg'}}, 'email': 'harley.turner@example.com', 'login': {'uuid': '6c90b3f7-2a95-45c7-8b52-c134fc4c6087', 'username': 'greencat824', 'password': 'poland', 'salt': 'kNKwvVDG', 'md5': 'bbc7bfc0199c62d454d38644502c22ba', 'sha1': '4ecae27d05b36d45393cb7960157180fb3649e2e', 'sha256': '4dc4e398817686b5cfb51f0a53ff50e098e50c57fdd25d970f961e1ffdde3404'}, 'dob': {'date': '1949-11-17T09:31:30.704Z', 'age': 74}, 'registered': {'date': '2006-07-14T07:13:29.638Z', 'age': 17}, 'phone': '(972)-730-5478', 'cell': '(613)-468-5329', 'id': {'name': '', 'value': None}, 'picture': {'large': 'https://randomuser.me/api/portraits/men/27.jpg', 'medium': 'https://randomuser.me/api/portraits/med/men/27.jpg', 'thumbnail': 'https://randomuser.me/api/portraits/thumb/men/27.jpg'}, 'nat': 'NZ'}</msg>
<arg>${json_data['results'][0]}</arg>
<doc>Logs the given message with the given level.</doc>
<status status="PASS" start="2024-06-25T01:05:39.642808" elapsed="0.000398"/>
</kw>
<kw name="Log" owner="BuiltIn">
<msg time="2024-06-25T01:05:39.643625" level="INFO">login</msg>
<arg>${key}</arg>
<doc>Logs the given message with the given level.</doc>
<status status="PASS" start="2024-06-25T01:05:39.643499" elapsed="0.000164"/>
</kw>
<var name="${key}">login</var>
<status status="PASS" start="2024-06-25T01:05:39.642143" elapsed="0.001733"/>
</iter>
<var>${key}</var>
<value>@{expected_keys}</value>
<status status="PASS" start="2024-06-25T01:05:39.634160" elapsed="0.009833"/>
</for>
<kw name="Create List" owner="BuiltIn">
<msg time="2024-06-25T01:05:39.644317" level="INFO">${expected_keysTwo} = ['username', 'password']</msg>
<var>${expected_keysTwo}</var>
<arg>username</arg>
<arg>password</arg>
<doc>Returns a list containing given items.</doc>
<status status="PASS" start="2024-06-25T01:05:39.644178" elapsed="0.000191"/>
</kw>
<for flavor="IN">
<iter>
<kw name="Dictionary Should Contain Key" owner="Collections">
<arg>${json_data['results'][0]['login']}</arg>
<arg>${keyTwo}</arg>
<doc>Fails if ``key`` is not found from ``dictionary``.</doc>
<status status="PASS" start="2024-06-25T01:05:39.644900" elapsed="0.000374"/>
</kw>
<kw name="Dictionary Should Contain Key" owner="Collections">
<arg>${json_data['results'][0]['login']}</arg>
<arg>${keyTwo}</arg>
<doc>Fails if ``key`` is not found from ``dictionary``.</doc>
<status status="PASS" start="2024-06-25T01:05:39.645458" elapsed="0.000377"/>
</kw>
<kw name="Log" owner="BuiltIn">
<msg time="2024-06-25T01:05:39.646129" level="INFO">username</msg>
<arg>${keyTwo}</arg>
<doc>Logs the given message with the given level.</doc>
<status status="PASS" start="2024-06-25T01:05:39.646010" elapsed="0.000157"/>
</kw>
<var name="${keyTwo}">username</var>
<status status="PASS" start="2024-06-25T01:05:39.644795" elapsed="0.001593"/>
</iter>
<iter>
<kw name="Dictionary Should Contain Key" owner="Collections">
<arg>${json_data['results'][0]['login']}</arg>
<arg>${keyTwo}</arg>
<doc>Fails if ``key`` is not found from ``dictionary``.</doc>
<status status="PASS" start="2024-06-25T01:05:39.646663" elapsed="0.000381"/>
</kw>
<kw name="Dictionary Should Contain Key" owner="Collections">
<arg>${json_data['results'][0]['login']}</arg>
<arg>${keyTwo}</arg>
<doc>Fails if ``key`` is not found from ``dictionary``.</doc>
<status status="PASS" start="2024-06-25T01:05:39.647221" elapsed="0.000378"/>
</kw>
<kw name="Log" owner="BuiltIn">
<msg time="2024-06-25T01:05:39.647895" level="INFO">password</msg>
<arg>${keyTwo}</arg>
<doc>Logs the given message with the given level.</doc>
<status status="PASS" start="2024-06-25T01:05:39.647775" elapsed="0.000157"/>
</kw>
<var name="${keyTwo}">password</var>
<status status="PASS" start="2024-06-25T01:05:39.646558" elapsed="0.001683"/>
</iter>
<var>${keyTwo}</var>
<value>@{expected_keysTwo}</value>
<status status="PASS" start="2024-06-25T01:05:39.644645" elapsed="0.003716"/>
</for>
<status status="PASS" start="2024-06-25T01:05:39.506919" elapsed="0.141625"/>
</kw>
<doc>Testa a estrutura da resposta da API.</doc>
<tag>testeEstruturaResposta</tag>
<status status="PASS" start="2024-06-25T01:05:39.506403" elapsed="0.142303"/>
</test>
<test id="s1-s1-t4" name="Validar tipos de dados" line="28">
<kw name="Teste de Tipos de Dados" owner="random-user-service">
<kw name="GET On Session" owner="RequestsLibrary">
<msg time="2024-06-25T01:05:39.747831" level="INFO">GET Request : url=https://randomuser.me/api 
 path_url=/api 
 headers={'User-Agent': 'python-requests/2.32.3', 'Accept-Encoding': 'gzip, deflate', 'Accept': '*/*', 'Connection': 'keep-alive'} 
 body=None 
 </msg>
<msg time="2024-06-25T01:05:39.747923" level="INFO">GET Response : url=https://randomuser.me/api 
 status=200, reason=OK 
 headers={'Date': 'Tue, 25 Jun 2024 01:05:39 GMT', 'Content-Type': 'application/json; charset=utf-8', 'Transfer-Encoding': 'chunked', 'Connection': 'keep-alive', 'X-Powered-By': 'Express', 'Access-Control-Allow-Origin': '*', 'Cache-Control': 'no-cache', 'ETag': 'W/"48c-QQROatupvlTFF5UgoUu7SYc6UWY"', 'Vary': 'Accept-Encoding', 'Content-Encoding': 'gzip', 'CF-Cache-Status': 'DYNAMIC', 'Report-To': '{"endpoints":[{"url":"https:\\/\\/a.nel.cloudflare.com\\/report\\/v4?s=qU4SGchGG%2F4KROnoCysQXjGMx8soRtOjHARjZI2slpJvtkApVdtxYhymrGKkRyJGfSuppLrgDXAO6Or%2FR8z8nvddi37PuDmg46RPHf%2FdM24AbTaqtiDs%2BRSNs4VaoN3f"}],"group":"cf-nel","max_age":604800}', 'NEL': '{"success_fraction":0,"report_to":"cf-nel","max_age":604800}', 'Server': 'cloudflare', 'CF-RAY': '89910ceede04cf8b-SJC', 'alt-svc': 'h3=":443"; ma=86400'} 
 body={"results":[{"gender":"female","name":{"title":"Ms","first":"Begüm","last":"Okumuş"},"location":{"street":{"number":9236,"name":"Şehitler Cd"},"city":"Kahramanmaraş","state":"Muğla","country":"Turkey","postcode":83994,"coordinates":{"latitude":"64.7000","longitude":"1.0979"},"timezone":{"offset":"+8:00","description":"Beijing, Perth, Singapore, Hong Kong"}},"email":"begum.okumus@example.com","login":{"uuid":"2abde599-d718-444e-8ef8-c911d5b1f30a","username":"lazyrabbit638","password":"volvo","salt":"DfHtt5p6","md5":"966bf3250cdaf88d480c769a9b9d346c","sha1":"7e32107291a2996600661f86d68f912305436d30","sha256":"afebc750838b89af5a3f2c45c8cc40d36fe3a42128f8706059ded1979765c21e"},"dob":{"date":"1950-04-06T15:29:09.286Z","age":74},"registered":{"date":"2004-04-01T18:34:27.953Z","age":20},"phone":"(370)-920-6026","cell":"(311)-704-5189","id":{"name":"","value":null},"picture":{"large":"https://randomuser.me/api/portraits/women/79.jpg","medium":"https://randomuser.me/api/portraits/med/women/79.jpg","thumbnail":"https://randomuser.me/api/portraits/thumb/women/79.jpg"},"nat":"TR"}],"info":{"seed":"52cae7467c1f78f9","results":1,"page":1,"version":"1.4"}} 
 </msg>
<msg time="2024-06-25T01:05:39.748002" level="INFO">/opt/hostedtoolcache/Python/3.12.4/x64/lib/python3.12/site-packages/urllib3/connectionpool.py:1099: InsecureRequestWarning: Unverified HTTPS request is being made to host 'randomuser.me'. Adding certificate verification is strongly advised. See: https://urllib3.readthedocs.io/en/latest/advanced-usage.html#tls-warnings
  warnings.warn(</msg>
<msg time="2024-06-25T01:05:39.748119" level="INFO">${response} = &lt;Response [200]&gt;</msg>
<var>${response}</var>
<arg>consultarAPI</arg>
<arg>/api</arg>
<doc>Sends a GET request on a previously created HTTP Session.</doc>
<status status="PASS" start="2024-06-25T01:05:39.651145" elapsed="0.097020"/>
</kw>
<kw name="Set Variable" owner="BuiltIn">
<msg time="2024-06-25T01:05:39.749164" level="INFO">${json_data} = {'results': [{'gender': 'female', 'name': {'title': 'Ms', 'first': 'Begüm', 'last': 'Okumuş'}, 'location': {'street': {'number': 9236, 'name': 'Şehitler Cd'}, 'city': 'Kahramanmaraş', 'state': 'Muğla'...</msg>
<var>${json_data}</var>
<arg>${response.json()}</arg>
<doc>Returns the given values which can then be assigned to a variables.</doc>
<status status="PASS" start="2024-06-25T01:05:39.748679" elapsed="0.000515"/>
</kw>
<kw name="Log" owner="BuiltIn">
<msg time="2024-06-25T01:05:39.749654" level="INFO">{'results': [{'gender': 'female', 'name': {'title': 'Ms', 'first': 'Begüm', 'last': 'Okumuş'}, 'location': {'street': {'number': 9236, 'name': 'Şehitler Cd'}, 'city': 'Kahramanmaraş', 'state': 'Muğla', 'country': 'Turkey', 'postcode': 83994, 'coordinates': {'latitude': '64.7000', 'longitude': '1.0979'}, 'timezone': {'offset': '+8:00', 'description': 'Beijing, Perth, Singapore, Hong Kong'}}, 'email': 'begum.okumus@example.com', 'login': {'uuid': '2abde599-d718-444e-8ef8-c911d5b1f30a', 'username': 'lazyrabbit638', 'password': 'volvo', 'salt': 'DfHtt5p6', 'md5': '966bf3250cdaf88d480c769a9b9d346c', 'sha1': '7e32107291a2996600661f86d68f912305436d30', 'sha256': 'afebc750838b89af5a3f2c45c8cc40d36fe3a42128f8706059ded1979765c21e'}, 'dob': {'date': '1950-04-06T15:29:09.286Z', 'age': 74}, 'registered': {'date': '2004-04-01T18:34:27.953Z', 'age': 20}, 'phone': '(370)-920-6026', 'cell': '(311)-704-5189', 'id': {'name': '', 'value': None}, 'picture': {'large': 'https://randomuser.me/api/portraits/women/79.jpg', 'medium': 'https://randomuser.me/api/portraits/med/women/79.jpg', 'thumbnail': 'https://randomuser.me/api/portraits/thumb/women/79.jpg'}, 'nat': 'TR'}], 'info': {'seed': '52cae7467c1f78f9', 'results': 1, 'page': 1, 'version': '1.4'}}</msg>
<arg>${json_data}</arg>
<doc>Logs the given message with the given level.</doc>
<status status="PASS" start="2024-06-25T01:05:39.749496" elapsed="0.000210"/>
</kw>
<kw name="Should Be String" owner="String">
<arg>${json_data['results'][0]['gender']}</arg>
<doc>Fails if the given ``item`` is not a string.</doc>
<status status="PASS" start="2024-06-25T01:05:39.749991" elapsed="0.000377"/>
</kw>
<kw name="Should Match Regexp" owner="BuiltIn">
<arg>${json_data['results'][0]['email']}</arg>
<arg>^[a-zA-Z0-9._%+-]+@[a-zA-Z0-9.-]+\.[a-zA-Z]{2,}$</arg>
<doc>Fails if ``string`` does not match ``pattern`` as a regular expression.</doc>
<status status="PASS" start="2024-06-25T01:05:39.750554" elapsed="0.000554"/>
</kw>
<kw name="Should Match Regexp" owner="BuiltIn">
<arg>${json_data['results'][0]['dob']['date']}</arg>
<arg>\\d{4}-\\d{2}-\\d{2}T\\d{2}:\\d{2}:\\d{2}\\.\\d{3}Z</arg>
<doc>Fails if ``string`` does not match ``pattern`` as a regular expression.</doc>
<status status="PASS" start="2024-06-25T01:05:39.751304" elapsed="0.000498"/>
</kw>
<kw name="Should Match Regexp" owner="BuiltIn">
<arg>${json_data['results'][0]['registered']['date']}</arg>
<arg>\\d{4}-\\d{2}-\\d{2}T\\d{2}:\\d{2}:\\d{2}\\.\\d{3}Z</arg>
<doc>Fails if ``string`` does not match ``pattern`` as a regular expression.</doc>
<status status="PASS" start="2024-06-25T01:05:39.751991" elapsed="0.000365"/>
</kw>
<kw name="Should Match Regexp" owner="BuiltIn">
<arg>${json_data['results'][0]['picture']['large']}</arg>
<arg>^https?://.*\.(?:png|jpe?g|gif|bmp)$</arg>
<doc>Fails if ``string`` does not match ``pattern`` as a regular expression.</doc>
<status status="PASS" start="2024-06-25T01:05:39.752564" elapsed="0.000449"/>
</kw>
<kw name="Should Match Regexp" owner="BuiltIn">
<arg>${json_data['results'][0]['picture']['medium']}</arg>
<arg>^https?://.*\.(?:png|jpe?g|gif|bmp)$</arg>
<doc>Fails if ``string`` does not match ``pattern`` as a regular expression.</doc>
<status status="PASS" start="2024-06-25T01:05:39.753198" elapsed="0.000345"/>
</kw>
<kw name="Should Match Regexp" owner="BuiltIn">
<arg>${json_data['results'][0]['picture']['thumbnail']}</arg>
<arg>^https?://.*\.(?:png|jpe?g|gif|bmp)$</arg>
<doc>Fails if ``string`` does not match ``pattern`` as a regular expression.</doc>
<status status="PASS" start="2024-06-25T01:05:39.753724" elapsed="0.000343"/>
</kw>
<kw name="Log" owner="BuiltIn">
<msg time="2024-06-25T01:05:39.754562" level="INFO">{'large': 'https://randomuser.me/api/portraits/women/79.jpg', 'medium': 'https://randomuser.me/api/portraits/med/women/79.jpg', 'thumbnail': 'https://randomuser.me/api/portraits/thumb/women/79.jpg'}</msg>
<arg>${json_data['results'][0]['picture']}</arg>
<doc>Logs the given message with the given level.</doc>
<status status="PASS" start="2024-06-25T01:05:39.754244" elapsed="0.000361"/>
</kw>
<status status="PASS" start="2024-06-25T01:05:39.650923" elapsed="0.103933"/>
</kw>
<kw name="Teste de Tipos de Dados - Postcode" owner="random-user-service">
<kw name="GET On Session" owner="RequestsLibrary">
<msg time="2024-06-25T01:05:39.851596" level="INFO">GET Request : url=https://randomuser.me/api 
 path_url=/api 
 headers={'User-Agent': 'python-requests/2.32.3', 'Accept-Encoding': 'gzip, deflate', 'Accept': '*/*', 'Connection': 'keep-alive'} 
 body=None 
 </msg>
<msg time="2024-06-25T01:05:39.851687" level="INFO">GET Response : url=https://randomuser.me/api 
 status=200, reason=OK 
 headers={'Date': 'Tue, 25 Jun 2024 01:05:39 GMT', 'Content-Type': 'application/json; charset=utf-8', 'Transfer-Encoding': 'chunked', 'Connection': 'keep-alive', 'X-Powered-By': 'Express', 'Access-Control-Allow-Origin': '*', 'Cache-Control': 'no-cache', 'ETag': 'W/"4a6-8K8I9tMD7gTLqBMsYIYQdc6+ZEU"', 'Vary': 'Accept-Encoding', 'Content-Encoding': 'gzip', 'CF-Cache-Status': 'DYNAMIC', 'Report-To': '{"endpoints":[{"url":"https:\\/\\/a.nel.cloudflare.com\\/report\\/v4?s=Ub0apFEBu1kCKracQMbVeuIpWvAb7MmQ1MN2Zssi6gAiJgauWdjJLfJwA53oDMJAnZ3eCWnNx3ocUAj5Y2hOEWDjTqkUkGcdAKfSGuwajo%2BjOlrEGco46gTp2YG5n4XU"}],"group":"cf-nel","max_age":604800}', 'NEL': '{"success_fraction":0,"report_to":"cf-nel","max_age":604800}', 'Server': 'cloudflare', 'CF-RAY': '89910cef7e8dcf8b-SJC', 'alt-svc': 'h3=":443"; ma=86400'} 
 body={"results":[{"gender":"female","name":{"title":"Madame","first":"Aleksandra","last":"Guerin"},"location":{"street":{"number":7735,"name":"Rue Abel-Gance"},"city":"Tolochenaz","state":"Genève","country":"Switzerland","postcode":1903,"coordinates":{"latitude":"-59.5477","longitude":"119.9144"},"timezone":{"offset":"-1:00","description":"Azores, Cape Verde Islands"}},"email":"aleksandra.guerin@example.com","login":{"uuid":"06c6c5d4-8f22-4e58-8e70-f1f4981728eb","username":"beautifulzebra170","password":"jean","salt":"0ih5uHt6","md5":"3748b1c6bbbbe58b56856cff71f03861","sha1":"84671b933845d40b0486654c35db28298043fffd","sha256":"24c3f715049e8c1d9619e6a02cbb159d3f0c058381992e05bf830dc1a6ce9370"},"dob":{"date":"1999-10-05T08:16:33.972Z","age":24},"registered":{"date":"2008-03-27T08:40:20.429Z","age":16},"phone":"077 158 73 02","cell":"075 340 14 92","id":{"name":"AVS","value":"756.6684.8660.71"},"picture":{"large":"https://randomuser.me/api/portraits/women/58.jpg","medium":"https://randomuser.me/api/portraits/med/women/58.jpg","thumbnail":"https://randomuser.me/api/portraits/thumb/women/58.jpg"},"nat":"CH"}],"info":{"seed":"49ba464fc0337fee","results":1,"page":1,"version":"1.4"}} 
 </msg>
<msg time="2024-06-25T01:05:39.851759" level="INFO">/opt/hostedtoolcache/Python/3.12.4/x64/lib/python3.12/site-packages/urllib3/connectionpool.py:1099: InsecureRequestWarning: Unverified HTTPS request is being made to host 'randomuser.me'. Adding certificate verification is strongly advised. See: https://urllib3.readthedocs.io/en/latest/advanced-usage.html#tls-warnings
  warnings.warn(</msg>
<msg time="2024-06-25T01:05:39.851871" level="INFO">${response} = &lt;Response [200]&gt;</msg>
<var>${response}</var>
<arg>consultarAPI</arg>
<arg>/api</arg>
<doc>Sends a GET request on a previously created HTTP Session.</doc>
<status status="PASS" start="2024-06-25T01:05:39.755302" elapsed="0.096596"/>
</kw>
<kw name="Set Variable" owner="BuiltIn">
<msg time="2024-06-25T01:05:39.852943" level="INFO">${json_data} = {'results': [{'gender': 'female', 'name': {'title': 'Madame', 'first': 'Aleksandra', 'last': 'Guerin'}, 'location': {'street': {'number': 7735, 'name': 'Rue Abel-Gance'}, 'city': 'Tolochenaz', 'state'...</msg>
<var>${json_data}</var>
<arg>${response.json()}</arg>
<doc>Returns the given values which can then be assigned to a variables.</doc>
<status status="PASS" start="2024-06-25T01:05:39.852393" elapsed="0.000579"/>
</kw>
<kw name="Log" owner="BuiltIn">
<msg time="2024-06-25T01:05:39.853456" level="INFO">{'results': [{'gender': 'female', 'name': {'title': 'Madame', 'first': 'Aleksandra', 'last': 'Guerin'}, 'location': {'street': {'number': 7735, 'name': 'Rue Abel-Gance'}, 'city': 'Tolochenaz', 'state': 'Genève', 'country': 'Switzerland', 'postcode': 1903, 'coordinates': {'latitude': '-59.5477', 'longitude': '119.9144'}, 'timezone': {'offset': '-1:00', 'description': 'Azores, Cape Verde Islands'}}, 'email': 'aleksandra.guerin@example.com', 'login': {'uuid': '06c6c5d4-8f22-4e58-8e70-f1f4981728eb', 'username': 'beautifulzebra170', 'password': 'jean', 'salt': '0ih5uHt6', 'md5': '3748b1c6bbbbe58b56856cff71f03861', 'sha1': '84671b933845d40b0486654c35db28298043fffd', 'sha256': '24c3f715049e8c1d9619e6a02cbb159d3f0c058381992e05bf830dc1a6ce9370'}, 'dob': {'date': '1999-10-05T08:16:33.972Z', 'age': 24}, 'registered': {'date': '2008-03-27T08:40:20.429Z', 'age': 16}, 'phone': '077 158 73 02', 'cell': '075 340 14 92', 'id': {'name': 'AVS', 'value': '756.6684.8660.71'}, 'picture': {'large': 'https://randomuser.me/api/portraits/women/58.jpg', 'medium': 'https://randomuser.me/api/portraits/med/women/58.jpg', 'thumbnail': 'https://randomuser.me/api/portraits/thumb/women/58.jpg'}, 'nat': 'CH'}], 'info': {'seed': '49ba464fc0337fee', 'results': 1, 'page': 1, 'version': '1.4'}}</msg>
<arg>${json_data}</arg>
<doc>Logs the given message with the given level.</doc>
<status status="PASS" start="2024-06-25T01:05:39.853297" elapsed="0.000208"/>
</kw>
<kw name="Should Be Equal As Numbers" owner="BuiltIn">
<arg>${json_data['results'][0]['location']['postcode']}</arg>
<arg>${json_data['results'][0]['location']['postcode']}</arg>
<doc>Fails if objects are unequal after converting them to real numbers.</doc>
<status status="PASS" start="2024-06-25T01:05:39.853800" elapsed="0.000802"/>
</kw>
<kw name="Log" owner="BuiltIn">
<msg time="2024-06-25T01:05:39.855475" level="INFO">1903</msg>
<arg>${json_data['results'][0]['location']['postcode']}</arg>
<doc>Logs the given message with the given level.</doc>
<status status="PASS" start="2024-06-25T01:05:39.854880" elapsed="0.000678"/>
</kw>
<status status="PASS" start="2024-06-25T01:05:39.755072" elapsed="0.100750"/>
</kw>
<doc>Testa se os tipos de dados na resposta da API estão corretos.</doc>
<tag>testeTiposDados</tag>
<status status="PASS" start="2024-06-25T01:05:39.650468" elapsed="0.205522"/>
</test>
<test id="s1-s1-t5" name="Validar conteudo" line="35">
<kw name="Teste de Tipos de Conteudo" owner="random-user-service">
<kw name="GET On Session" owner="RequestsLibrary">
<msg time="2024-06-25T01:05:39.952204" level="INFO">GET Request : url=https://randomuser.me/api 
 path_url=/api 
 headers={'User-Agent': 'python-requests/2.32.3', 'Accept-Encoding': 'gzip, deflate', 'Accept': '*/*', 'Connection': 'keep-alive'} 
 body=None 
 </msg>
<msg time="2024-06-25T01:05:39.952313" level="INFO">GET Response : url=https://randomuser.me/api 
 status=200, reason=OK 
 headers={'Date': 'Tue, 25 Jun 2024 01:05:39 GMT', 'Content-Type': 'application/json; charset=utf-8', 'Transfer-Encoding': 'chunked', 'Connection': 'keep-alive', 'X-Powered-By': 'Express', 'Access-Control-Allow-Origin': '*', 'Cache-Control': 'no-cache', 'ETag': 'W/"48b-NaqtDDOrDaiQhhjRbtzGPxo3o1E"', 'Vary': 'Accept-Encoding', 'Content-Encoding': 'gzip', 'CF-Cache-Status': 'DYNAMIC', 'Report-To': '{"endpoints":[{"url":"https:\\/\\/a.nel.cloudflare.com\\/report\\/v4?s=qjey3EWjuJZC018EAHT5R3dHyKTW3Ok61SHJ6yo7%2F5NkXF8ZxfUDOyryuri5QuKQl7EjUMWETZGySjlODJDEOwJW%2FvRd7mpinONTcekF5%2FQO24ANqibNDfo1WOfYzXU3"}],"group":"cf-nel","max_age":604800}', 'NEL': '{"success_fraction":0,"report_to":"cf-nel","max_age":604800}', 'Server': 'cloudflare', 'CF-RAY': '89910cf02f2ecf8b-SJC', 'alt-svc': 'h3=":443"; ma=86400'} 
 body={"results":[{"gender":"female","name":{"title":"Ms","first":"Eliza","last":"Ray"},"location":{"street":{"number":8129,"name":"Main Road"},"city":"Liverpool","state":"Nottinghamshire","country":"United Kingdom","postcode":"I4 4WJ","coordinates":{"latitude":"-11.9007","longitude":"115.2258"},"timezone":{"offset":"-2:00","description":"Mid-Atlantic"}},"email":"eliza.ray@example.com","login":{"uuid":"4bf6d58b-0187-490f-b349-a2ee32b62932","username":"purpleostrich231","password":"crescent","salt":"fIDJa0Cp","md5":"ceb2a678907f6f977fea43a6c1450512","sha1":"39e81a0ef34202bf81fe998cf813970a54f35c64","sha256":"6052a43bf282159244ade5cf9ce6ef8a1368d1be66813bc59f8fb7923a559fe7"},"dob":{"date":"1995-12-04T05:16:26.405Z","age":28},"registered":{"date":"2021-01-27T06:13:35.307Z","age":3},"phone":"017683 30166","cell":"07275 684718","id":{"name":"NINO","value":"HX 62 26 21 H"},"picture":{"large":"https://randomuser.me/api/portraits/women/21.jpg","medium":"https://randomuser.me/api/portraits/med/women/21.jpg","thumbnail":"https://randomuser.me/api/portraits/thumb/women/21.jpg"},"nat":"GB"}],"info":{"seed":"395e054c5e0e43fc","results":1,"page":1,"version":"1.4"}} 
 </msg>
<msg time="2024-06-25T01:05:39.952397" level="INFO">/opt/hostedtoolcache/Python/3.12.4/x64/lib/python3.12/site-packages/urllib3/connectionpool.py:1099: InsecureRequestWarning: Unverified HTTPS request is being made to host 'randomuser.me'. Adding certificate verification is strongly advised. See: https://urllib3.readthedocs.io/en/latest/advanced-usage.html#tls-warnings
  warnings.warn(</msg>
<msg time="2024-06-25T01:05:39.952605" level="INFO">${response} = &lt;Response [200]&gt;</msg>
<var>${response}</var>
<arg>consultarAPI</arg>
<arg>/api</arg>
<doc>Sends a GET request on a previously created HTTP Session.</doc>
<status status="PASS" start="2024-06-25T01:05:39.858481" elapsed="0.094176"/>
</kw>
<kw name="Set Variable" owner="BuiltIn">
<msg time="2024-06-25T01:05:39.953876" level="INFO">${json_data} = {'results': [{'gender': 'female', 'name': {'title': 'Ms', 'first': 'Eliza', 'last': 'Ray'}, 'location': {'street': {'number': 8129, 'name': 'Main Road'}, 'city': 'Liverpool', 'state': 'Nottinghamshire...</msg>
<var>${json_data}</var>
<arg>${response.json()}</arg>
<doc>Returns the given values which can then be assigned to a variables.</doc>
<status status="PASS" start="2024-06-25T01:05:39.953298" elapsed="0.000608"/>
</kw>
<kw name="Set Variable" owner="BuiltIn">
<msg time="2024-06-25T01:05:39.954596" level="INFO">${name_title} = Ms</msg>
<var>${name_title}</var>
<arg>${json_data["results"][0]["name"]["title"]}</arg>
<doc>Returns the given values which can then be assigned to a variables.</doc>
<status status="PASS" start="2024-06-25T01:05:39.954217" elapsed="0.000405"/>
</kw>
<kw name="Create List" owner="BuiltIn">
<msg time="2024-06-25T01:05:39.955063" level="INFO">${allowed_titles} = ['Mr', 'Ms', 'Miss', 'Mrs', 'Madame', 'Monsieur']</msg>
<var>${allowed_titles}</var>
<arg>Mr</arg>
<arg>Ms</arg>
<arg>Miss</arg>
<arg>Mrs</arg>
<arg>Madame</arg>
<arg>Monsieur</arg>
<doc>Returns a list containing given items.</doc>
<status status="PASS" start="2024-06-25T01:05:39.954917" elapsed="0.000170"/>
</kw>
<kw name="List Should Contain Value" owner="Collections">
<arg>${allowed_titles}</arg>
<arg>${name_title}</arg>
<doc>Fails if the ``value`` is not found from ``list``.</doc>
<status status="PASS" start="2024-06-25T01:05:39.955388" elapsed="0.000176"/>
</kw>
<kw name="Set Variable" owner="BuiltIn">
<msg time="2024-06-25T01:05:39.956109" level="INFO">${name_country} = GB</msg>
<var>${name_country}</var>
<arg>${json_data["results"][0]["nat"]}</arg>
<doc>Returns the given values which can then be assigned to a variables.</doc>
<status status="PASS" start="2024-06-25T01:05:39.955742" elapsed="0.000392"/>
</kw>
<kw name="Create List" owner="BuiltIn">
<msg time="2024-06-25T01:05:39.957060" level="INFO">${list_country} = ['AD', 'AE', 'AF', 'AG', 'AI', 'AL', 'AM', 'AO', 'AQ', 'AR', 'AS', 'AT', 'AU', 'AW', 'AX', 'AZ', 'BA', 'BB', 'BD', 'BE', 'BF', 'BG', 'BH', 'BI', 'BJ', 'BL', 'BM', 'BN', 'BO', 'BQ', 'BR', 'BS', 'BT', '...</msg>
<var>${list_country}</var>
<arg>AD</arg>
<arg>AE</arg>
<arg>AF</arg>
<arg>AG</arg>
<arg>AI</arg>
<arg>AL</arg>
<arg>AM</arg>
<arg>AO</arg>
<arg>AQ</arg>
<arg>AR</arg>
<arg>AS</arg>
<arg>AT</arg>
<arg>AU</arg>
<arg>AW</arg>
<arg>AX</arg>
<arg>AZ</arg>
<arg>BA</arg>
<arg>BB</arg>
<arg>BD</arg>
<arg>BE</arg>
<arg>BF</arg>
<arg>BG</arg>
<arg>BH</arg>
<arg>BI</arg>
<arg>BJ</arg>
<arg>BL</arg>
<arg>BM</arg>
<arg>BN</arg>
<arg>BO</arg>
<arg>BQ</arg>
<arg>BR</arg>
<arg>BS</arg>
<arg>BT</arg>
<arg>BV</arg>
<arg>BW</arg>
<arg>BY</arg>
<arg>BZ</arg>
<arg>CA</arg>
<arg>CC</arg>
<arg>CD</arg>
<arg>CF</arg>
<arg>CG</arg>
<arg>CH</arg>
<arg>CI</arg>
<arg>CK</arg>
<arg>CL</arg>
<arg>CM</arg>
<arg>CN</arg>
<arg>CO</arg>
<arg>CR</arg>
<arg>CU</arg>
<arg>CV</arg>
<arg>CW</arg>
<arg>CX</arg>
<arg>CY</arg>
<arg>CZ</arg>
<arg>DE</arg>
<arg>DJ</arg>
<arg>DK</arg>
<arg>DM</arg>
<arg>DO</arg>
<arg>DZ</arg>
<arg>EC</arg>
<arg>EE</arg>
<arg>EG</arg>
<arg>EH</arg>
<arg>ER</arg>
<arg>ES</arg>
<arg>ET</arg>
<arg>FI</arg>
<arg>FJ</arg>
<arg>FK</arg>
<arg>FM</arg>
<arg>FO</arg>
<arg>FR</arg>
<arg>GA</arg>
<arg>GB</arg>
<arg>GD</arg>
<arg>GE</arg>
<arg>GF</arg>
<arg>GG</arg>
<arg>GH</arg>
<arg>GI</arg>
<arg>GL</arg>
<arg>GM</arg>
<arg>GN</arg>
<arg>GP</arg>
<arg>GQ</arg>
<arg>GR</arg>
<arg>GS</arg>
<arg>GT</arg>
<arg>GU</arg>
<arg>GW</arg>
<arg>GY</arg>
<arg>HK</arg>
<arg>HM</arg>
<arg>HN</arg>
<arg>HR</arg>
<arg>HT</arg>
<arg>HU</arg>
<arg>ID</arg>
<arg>IE</arg>
<arg>IL</arg>
<arg>IM</arg>
<arg>IN</arg>
<arg>IO</arg>
<arg>IQ</arg>
<arg>IR</arg>
<arg>IS</arg>
<arg>IT</arg>
<arg>JE</arg>
<arg>JM</arg>
<arg>JO</arg>
<arg>JP</arg>
<arg>KE</arg>
<arg>KG</arg>
<arg>KH</arg>
<arg>KI</arg>
<arg>KM</arg>
<arg>KN</arg>
<arg>KP</arg>
<arg>KR</arg>
<arg>KW</arg>
<arg>KY</arg>
<arg>KZ</arg>
<arg>LA</arg>
<arg>LB</arg>
<arg>LC</arg>
<arg>LI</arg>
<arg>LK</arg>
<arg>LR</arg>
<arg>LS</arg>
<arg>LT</arg>
<arg>LU</arg>
<arg>LV</arg>
<arg>LY</arg>
<arg>MA</arg>
<arg>MC</arg>
<arg>MD</arg>
<arg>ME</arg>
<arg>MF</arg>
<arg>MG</arg>
<arg>MH</arg>
<arg>MK</arg>
<arg>ML</arg>
<arg>MM</arg>
<arg>MN</arg>
<arg>MO</arg>
<arg>MP</arg>
<arg>MQ</arg>
<arg>MR</arg>
<arg>MS</arg>
<arg>MT</arg>
<arg>MU</arg>
<arg>MV</arg>
<arg>MW</arg>
<arg>MX</arg>
<arg>MY</arg>
<arg>MZ</arg>
<arg>NA</arg>
<arg>NC</arg>
<arg>NE</arg>
<arg>NF</arg>
<arg>NG</arg>
<arg>NI</arg>
<arg>NL</arg>
<arg>NO</arg>
<arg>NP</arg>
<arg>NR</arg>
<arg>NU</arg>
<arg>NZ</arg>
<arg>OM</arg>
<arg>PA</arg>
<arg>PE</arg>
<arg>PF</arg>
<arg>PG</arg>
<arg>PH</arg>
<arg>PK</arg>
<arg>PL</arg>
<arg>PM</arg>
<arg>PN</arg>
<arg>PR</arg>
<arg>PS</arg>
<arg>PT</arg>
<arg>PW</arg>
<arg>PY</arg>
<arg>QA</arg>
<arg>RE</arg>
<arg>RO</arg>
<arg>RS</arg>
<arg>RU</arg>
<arg>RW</arg>
<arg>SA</arg>
<arg>SB</arg>
<arg>SC</arg>
<arg>SD</arg>
<arg>SE</arg>
<arg>SG</arg>
<arg>SH</arg>
<arg>SI</arg>
<arg>SJ</arg>
<arg>SK</arg>
<arg>SL</arg>
<arg>SM</arg>
<arg>SN</arg>
<arg>SO</arg>
<arg>SR</arg>
<arg>SS</arg>
<arg>ST</arg>
<arg>SV</arg>
<arg>SX</arg>
<arg>SY</arg>
<arg>SZ</arg>
<arg>TC</arg>
<arg>TD</arg>
<arg>TF</arg>
<arg>TG</arg>
<arg>TH</arg>
<arg>TJ</arg>
<arg>TK</arg>
<arg>TL</arg>
<arg>TM</arg>
<arg>TN</arg>
<arg>TO</arg>
<arg>TR</arg>
<arg>TT</arg>
<arg>TV</arg>
<arg>TW</arg>
<arg>TZ</arg>
<arg>UA</arg>
<arg>UG</arg>
<arg>UM</arg>
<arg>US</arg>
<arg>UY</arg>
<arg>UZ</arg>
<arg>VA</arg>
<arg>VC</arg>
<arg>VE</arg>
<arg>VG</arg>
<arg>VI</arg>
<arg>VN</arg>
<arg>VU</arg>
<arg>WF</arg>
<arg>WS</arg>
<arg>XK</arg>
<arg>YE</arg>
<arg>YT</arg>
<arg>ZA</arg>
<arg>ZM</arg>
<arg>ZW</arg>
<doc>Returns a list containing given items.</doc>
<status status="PASS" start="2024-06-25T01:05:39.956419" elapsed="0.000667"/>
</kw>
<kw name="List Should Contain Value" owner="Collections">
<arg>${list_country}</arg>
<arg>${name_country}</arg>
<doc>Fails if the ``value`` is not found from ``list``.</doc>
<status status="PASS" start="2024-06-25T01:05:39.957886" elapsed="0.000201"/>
</kw>
<kw name="Run Keyword If" owner="BuiltIn">
<kw name="Should Be True" owner="BuiltIn">
<arg>${True}</arg>
<doc>Fails if the given condition is not true.</doc>
<status status="PASS" start="2024-06-25T01:05:39.959032" elapsed="0.000142"/>
</kw>
<arg>${json_data["results"][0]["location"]["coordinates"]["latitude"]} &gt;= -90 and ${json_data["results"][0]["location"]["coordinates"]["latitude"]} &lt;= 90</arg>
<arg>Should Be True</arg>
<arg>${True}</arg>
<doc>Runs the given keyword with the given arguments, if ``condition`` is true.</doc>
<status status="PASS" start="2024-06-25T01:05:39.958287" elapsed="0.001012"/>
</kw>
<kw name="Run Keyword If" owner="BuiltIn">
<kw name="Should Be True" owner="BuiltIn">
<arg>${True}</arg>
<doc>Fails if the given condition is not true.</doc>
<status status="PASS" start="2024-06-25T01:05:39.960170" elapsed="0.000247"/>
</kw>
<arg>${json_data["results"][0]["location"]["coordinates"]["longitude"]} &gt;= -180 and ${json_data["results"][0]["location"]["coordinates"]["longitude"]} &lt;= 180</arg>
<arg>Should Be True</arg>
<arg>${True}</arg>
<doc>Runs the given keyword with the given arguments, if ``condition`` is true.</doc>
<status status="PASS" start="2024-06-25T01:05:39.959483" elapsed="0.001097"/>
</kw>
<status status="PASS" start="2024-06-25T01:05:39.858255" elapsed="0.102463"/>
</kw>
<doc>Testa o conteúdo específico dos campos retornados pela API.</doc>
<tag>testeConteudo</tag>
<status status="PASS" start="2024-06-25T01:05:39.857760" elapsed="0.103115"/>
</test>
<status status="PASS" start="2024-06-25T01:05:38.743652" elapsed="1.219150"/>
</suite>
<status status="PASS" start="2024-06-25T01:05:38.729316" elapsed="1.238552"/>
</suite>
<statistics>
<total>
<stat pass="5" fail="0" skip="0">All Tests</stat>
</total>
<tag>
<stat pass="1" fail="0" skip="0">testeConteudo</stat>
<stat pass="1" fail="0" skip="0">testeEstruturaResposta</stat>
<stat pass="1" fail="0" skip="0">testeRequisicaoBasica</stat>
<stat pass="1" fail="0" skip="0">testeTiposDados</stat>
</tag>
<suite>
<stat pass="5" fail="0" skip="0" id="s1" name="Tests">Tests</stat>
<stat pass="5" fail="0" skip="0" id="s1-s1" name="Random-User-Test">Tests.Random-User-Test</stat>
</suite>
</statistics>
<errors>
</errors>
</robot>
