<?xml version="1.0" encoding="UTF-8"?>
<robot generator="Robot 7.0.1 (Python 3.12.4 on linux)" generated="2024-06-28T11:13:21.393676" rpa="false" schemaversion="5">
<suite id="s1" name="Tests" source="/home/runner/work/ApiRandomUser/ApiRandomUser/RamdonUser/tests">
<suite id="s1-s1" name="Random-User-Test" source="/home/runner/work/ApiRandomUser/ApiRandomUser/RamdonUser/tests/random-user-test.robot">
<test id="s1-s1-t1" name="Conectar" line="13">
<kw name="Conectar API" owner="random-user-service">
<kw name="Create Session" owner="RequestsLibrary">
<msg time="2024-06-28T11:13:21.802590" level="INFO">Creating Session using : alias=consultarAPI, url=https://randomuser.me/, headers={},                     cookies={}, auth=None, timeout=None, proxies=None, verify=False,                     debug=0 </msg>
<arg>consultarAPI</arg>
<arg>${URL}</arg>
<doc>Create Session: create a HTTP session to a server</doc>
<status status="PASS" start="2024-06-28T11:13:21.802391" elapsed="0.000372"/>
</kw>
<status status="PASS" start="2024-06-28T11:13:21.801421" elapsed="0.001699"/>
</kw>
<status status="PASS" start="2024-06-28T11:13:21.800798" elapsed="0.002511"/>
</test>
<test id="s1-s1-t2" name="Validar retorno 200 e JSON Válido" line="16">
<kw name="Teste de Requisicao Basica" owner="random-user-service">
<kw name="GET On Session" owner="RequestsLibrary">
<msg time="2024-06-28T11:13:22.372696" level="INFO">GET Request : url=https://randomuser.me/api 
 path_url=/api 
 headers={'User-Agent': 'python-requests/2.32.3', 'Accept-Encoding': 'gzip, deflate', 'Accept': '*/*', 'Connection': 'keep-alive'} 
 body=None 
 </msg>
<msg time="2024-06-28T11:13:22.372860" level="INFO">GET Response : url=https://randomuser.me/api 
 status=200, reason=OK 
 headers={'Date': 'Fri, 28 Jun 2024 11:13:22 GMT', 'Content-Type': 'application/json; charset=utf-8', 'Transfer-Encoding': 'chunked', 'Connection': 'keep-alive', 'X-Powered-By': 'Express', 'Access-Control-Allow-Origin': '*', 'Cache-Control': 'no-cache', 'ETag': 'W/"48a-Af0IQ9Q9HP/XY3B4EqApgLL/mR8"', 'Vary': 'Accept-Encoding', 'Content-Encoding': 'gzip', 'CF-Cache-Status': 'DYNAMIC', 'Report-To': '{"endpoints":[{"url":"https:\\/\\/a.nel.cloudflare.com\\/report\\/v4?s=ohsGeZwqwUKazhn7DM9ktDRwevSxrBkUjckzloFTBE2GfTCO51UgpmK%2B7bW5h8j92lG4lvg2yWXG3zdTIoTVmUcLpJCRLUGRHv5C3vEbzIyqbpF%2FbPIoRhbdytKrcuuH"}],"group":"cf-nel","max_age":604800}', 'NEL': '{"success_fraction":0,"report_to":"cf-nel","max_age":604800}', 'Server': 'cloudflare', 'CF-RAY': '89ad3f428f0e2330-ORD', 'alt-svc': 'h3=":443"; ma=86400'} 
 body={"results":[{"gender":"female","name":{"title":"Mrs","first":"Chloe","last":"Hansen"},"location":{"street":{"number":2741,"name":"Albert Road"},"city":"Kildare","state":"Kerry","country":"Ireland","postcode":26716,"coordinates":{"latitude":"-2.9931","longitude":"162.6722"},"timezone":{"offset":"-3:00","description":"Brazil, Buenos Aires, Georgetown"}},"email":"chloe.hansen@example.com","login":{"uuid":"35554076-2e2f-40d4-9c27-9a91498399b7","username":"heavymeercat717","password":"buster1","salt":"4i0c1rfV","md5":"47158132bfba5aa26ccefb22627f4159","sha1":"368434c8236e66fd851b3db591c63a2784a24c1e","sha256":"8c665ffd94d85c001fccd108665830474bfd912ba9a58263856c6ff16064b377"},"dob":{"date":"1977-01-22T00:53:12.225Z","age":47},"registered":{"date":"2004-08-19T06:50:00.172Z","age":19},"phone":"051-526-5743","cell":"081-511-4226","id":{"name":"PPS","value":"5405180T"},"picture":{"large":"https://randomuser.me/api/portraits/women/29.jpg","medium":"https://randomuser.me/api/portraits/med/women/29.jpg","thumbnail":"https://randomuser.me/api/portraits/thumb/women/29.jpg"},"nat":"IE"}],"info":{"seed":"3226e7ec3eac3c50","results":1,"page":1,"version":"1.4"}} 
 </msg>
<msg time="2024-06-28T11:13:22.372951" level="INFO">/opt/hostedtoolcache/Python/3.12.4/x64/lib/python3.12/site-packages/urllib3/connectionpool.py:1099: InsecureRequestWarning: Unverified HTTPS request is being made to host 'randomuser.me'. Adding certificate verification is strongly advised. See: https://urllib3.readthedocs.io/en/latest/advanced-usage.html#tls-warnings
  warnings.warn(</msg>
<msg time="2024-06-28T11:13:22.373097" level="INFO">${response} = &lt;Response [200]&gt;</msg>
<var>${response}</var>
<arg>consultarAPI</arg>
<arg>/api</arg>
<doc>Sends a GET request on a previously created HTTP Session.</doc>
<status status="PASS" start="2024-06-28T11:13:21.805942" elapsed="0.567198"/>
</kw>
<kw name="Should Be Equal As Numbers" owner="BuiltIn">
<msg time="2024-06-28T11:13:22.374229" level="INFO">Argument types are:
&lt;class 'int'&gt;
&lt;class 'str'&gt;</msg>
<arg>${response.status_code}</arg>
<arg>200</arg>
<doc>Fails if objects are unequal after converting them to real numbers.</doc>
<status status="PASS" start="2024-06-28T11:13:22.373777" elapsed="0.000515"/>
</kw>
<kw name="Log" owner="BuiltIn">
<msg time="2024-06-28T11:13:22.374949" level="INFO">200</msg>
<arg>${response.status_code}</arg>
<doc>Logs the given message with the given level.</doc>
<status status="PASS" start="2024-06-28T11:13:22.374604" elapsed="0.000386"/>
</kw>
<kw name="Set Variable" owner="BuiltIn">
<msg time="2024-06-28T11:13:22.375717" level="INFO">${json_data} = {'results': [{'gender': 'female', 'name': {'title': 'Mrs', 'first': 'Chloe', 'last': 'Hansen'}, 'location': {'street': {'number': 2741, 'name': 'Albert Road'}, 'city': 'Kildare', 'state': 'Kerry', 'co...</msg>
<var>${json_data}</var>
<arg>${response.json()}</arg>
<doc>Returns the given values which can then be assigned to a variables.</doc>
<status status="PASS" start="2024-06-28T11:13:22.375286" elapsed="0.000459"/>
</kw>
<kw name="Dictionary Should Contain Key" owner="Collections">
<arg>${json_data}</arg>
<arg>results</arg>
<doc>Fails if ``key`` is not found from ``dictionary``.</doc>
<status status="PASS" start="2024-06-28T11:13:22.376035" elapsed="0.000165"/>
</kw>
<status status="PASS" start="2024-06-28T11:13:21.805700" elapsed="0.570648"/>
</kw>
<doc>Testa se a API responde corretamente e retorna um objeto JSON válido.</doc>
<tag>testeRequisicaoBasica</tag>
<status status="PASS" start="2024-06-28T11:13:21.805152" elapsed="0.571369"/>
</test>
<test id="s1-s1-t3" name="Validar estrutura de resposta" line="22">
<kw name="Teste de Estrutura de Resposta" owner="random-user-service">
<kw name="GET On Session" owner="RequestsLibrary">
<msg time="2024-06-28T11:13:22.472012" level="INFO">GET Request : url=https://randomuser.me/api 
 path_url=/api 
 headers={'User-Agent': 'python-requests/2.32.3', 'Accept-Encoding': 'gzip, deflate', 'Accept': '*/*', 'Connection': 'keep-alive'} 
 body=None 
 </msg>
<msg time="2024-06-28T11:13:22.472109" level="INFO">GET Response : url=https://randomuser.me/api 
 status=200, reason=OK 
 headers={'Date': 'Fri, 28 Jun 2024 11:13:22 GMT', 'Content-Type': 'application/json; charset=utf-8', 'Transfer-Encoding': 'chunked', 'Connection': 'keep-alive', 'X-Powered-By': 'Express', 'Access-Control-Allow-Origin': '*', 'Cache-Control': 'no-cache', 'ETag': 'W/"4a0-mxBATOvYQw/aSYd3tbs7I81kIgU"', 'Vary': 'Accept-Encoding', 'Content-Encoding': 'gzip', 'CF-Cache-Status': 'DYNAMIC', 'Report-To': '{"endpoints":[{"url":"https:\\/\\/a.nel.cloudflare.com\\/report\\/v4?s=H4NnmJQVzlD2KmzlMon8JON%2BtpGMrX61DBweFGru7UgwHx8AqnmRNX45NAVz1ecIG5ILjws0Hlb4DGvwAYoKF9nEnxoAnmieWyRxgesr%2Fdlqvn6huhbouMUHs%2FC0t%2BqV"}],"group":"cf-nel","max_age":604800}', 'NEL': '{"success_fraction":0,"report_to":"cf-nel","max_age":604800}', 'Server': 'cloudflare', 'CF-RAY': '89ad3f42ef6f2330-ORD', 'alt-svc': 'h3=":443"; ma=86400'} 
 body={"results":[{"gender":"female","name":{"title":"Ms","first":"Aubrey","last":"Jackson"},"location":{"street":{"number":9896,"name":"Locust Rd"},"city":"Broken Arrow","state":"Washington","country":"United States","postcode":24239,"coordinates":{"latitude":"82.8656","longitude":"96.4546"},"timezone":{"offset":"+9:00","description":"Tokyo, Seoul, Osaka, Sapporo, Yakutsk"}},"email":"aubrey.jackson@example.com","login":{"uuid":"17fef71e-26c0-4659-bef8-d2cb4d4928fe","username":"lazysnake216","password":"wally","salt":"zVaxwJm4","md5":"86a2c5346e303e6185e91d0b7d3e9652","sha1":"1699c51af2dddc5bf03cf0b0b20fbb07420e9a0a","sha256":"f598b66fd833076e68b1400279ec5925178bc8a77592360aec4fdd5c8f207f03"},"dob":{"date":"1988-07-29T03:55:09.775Z","age":35},"registered":{"date":"2016-11-18T05:23:37.487Z","age":7},"phone":"(826) 359-9434","cell":"(509) 439-0760","id":{"name":"SSN","value":"274-44-3914"},"picture":{"large":"https://randomuser.me/api/portraits/women/26.jpg","medium":"https://randomuser.me/api/portraits/med/women/26.jpg","thumbnail":"https://randomuser.me/api/portraits/thumb/women/26.jpg"},"nat":"US"}],"info":{"seed":"5e2d229ddf4b01df","results":1,"page":1,"version":"1.4"}} 
 </msg>
<msg time="2024-06-28T11:13:22.472246" level="INFO">/opt/hostedtoolcache/Python/3.12.4/x64/lib/python3.12/site-packages/urllib3/connectionpool.py:1099: InsecureRequestWarning: Unverified HTTPS request is being made to host 'randomuser.me'. Adding certificate verification is strongly advised. See: https://urllib3.readthedocs.io/en/latest/advanced-usage.html#tls-warnings
  warnings.warn(</msg>
<msg time="2024-06-28T11:13:22.472355" level="INFO">${response} = &lt;Response [200]&gt;</msg>
<var>${response}</var>
<arg>consultarAPI</arg>
<arg>/api</arg>
<doc>Sends a GET request on a previously created HTTP Session.</doc>
<status status="PASS" start="2024-06-28T11:13:22.379170" elapsed="0.093221"/>
</kw>
<kw name="Set Variable" owner="BuiltIn">
<msg time="2024-06-28T11:13:22.473380" level="INFO">${json_data} = {'results': [{'gender': 'female', 'name': {'title': 'Ms', 'first': 'Aubrey', 'last': 'Jackson'}, 'location': {'street': {'number': 9896, 'name': 'Locust Rd'}, 'city': 'Broken Arrow', 'state': 'Washing...</msg>
<var>${json_data}</var>
<arg>${response.json()}</arg>
<doc>Returns the given values which can then be assigned to a variables.</doc>
<status status="PASS" start="2024-06-28T11:13:22.472851" elapsed="0.000557"/>
</kw>
<kw name="Log" owner="BuiltIn">
<msg time="2024-06-28T11:13:22.473875" level="INFO">{'results': [{'gender': 'female', 'name': {'title': 'Ms', 'first': 'Aubrey', 'last': 'Jackson'}, 'location': {'street': {'number': 9896, 'name': 'Locust Rd'}, 'city': 'Broken Arrow', 'state': 'Washington', 'country': 'United States', 'postcode': 24239, 'coordinates': {'latitude': '82.8656', 'longitude': '96.4546'}, 'timezone': {'offset': '+9:00', 'description': 'Tokyo, Seoul, Osaka, Sapporo, Yakutsk'}}, 'email': 'aubrey.jackson@example.com', 'login': {'uuid': '17fef71e-26c0-4659-bef8-d2cb4d4928fe', 'username': 'lazysnake216', 'password': 'wally', 'salt': 'zVaxwJm4', 'md5': '86a2c5346e303e6185e91d0b7d3e9652', 'sha1': '1699c51af2dddc5bf03cf0b0b20fbb07420e9a0a', 'sha256': 'f598b66fd833076e68b1400279ec5925178bc8a77592360aec4fdd5c8f207f03'}, 'dob': {'date': '1988-07-29T03:55:09.775Z', 'age': 35}, 'registered': {'date': '2016-11-18T05:23:37.487Z', 'age': 7}, 'phone': '(826) 359-9434', 'cell': '(509) 439-0760', 'id': {'name': 'SSN', 'value': '274-44-3914'}, 'picture': {'large': 'https://randomuser.me/api/portraits/women/26.jpg', 'medium': 'https://randomuser.me/api/portraits/med/women/26.jpg', 'thumbnail': 'https://randomuser.me/api/portraits/thumb/women/26.jpg'}, 'nat': 'US'}], 'info': {'seed': '5e2d229ddf4b01df', 'results': 1, 'page': 1, 'version': '1.4'}}</msg>
<arg>${json_data}</arg>
<doc>Logs the given message with the given level.</doc>
<status status="PASS" start="2024-06-28T11:13:22.473719" elapsed="0.000203"/>
</kw>
<kw name="Dictionary Should Contain Key" owner="Collections">
<arg>${json_data}</arg>
<arg>results</arg>
<doc>Fails if ``key`` is not found from ``dictionary``.</doc>
<status status="PASS" start="2024-06-28T11:13:22.474210" elapsed="0.000163"/>
</kw>
<kw name="Should Not Be Empty" owner="BuiltIn">
<msg time="2024-06-28T11:13:22.474680" level="INFO">Length is 2.</msg>
<arg>${json_data}</arg>
<doc>Verifies that the given item is not empty.</doc>
<status status="PASS" start="2024-06-28T11:13:22.474557" elapsed="0.000160"/>
</kw>
<kw name="Create List" owner="BuiltIn">
<msg time="2024-06-28T11:13:22.475152" level="INFO">${expected_keys} = ['gender', 'name', 'location', 'email', 'login']</msg>
<var>${expected_keys}</var>
<arg>gender</arg>
<arg>name</arg>
<arg>location</arg>
<arg>email</arg>
<arg>login</arg>
<doc>Returns a list containing given items.</doc>
<status status="PASS" start="2024-06-28T11:13:22.475004" elapsed="0.000172"/>
</kw>
<for flavor="IN">
<iter>
<kw name="Dictionary Should Contain Key" owner="Collections">
<arg>${json_data['results'][0]}</arg>
<arg>${key}</arg>
<doc>Fails if ``key`` is not found from ``dictionary``.</doc>
<status status="PASS" start="2024-06-28T11:13:22.475900" elapsed="0.000401"/>
</kw>
<kw name="Log" owner="BuiltIn">
<msg time="2024-06-28T11:13:22.476853" level="INFO">{'gender': 'female', 'name': {'title': 'Ms', 'first': 'Aubrey', 'last': 'Jackson'}, 'location': {'street': {'number': 9896, 'name': 'Locust Rd'}, 'city': 'Broken Arrow', 'state': 'Washington', 'country': 'United States', 'postcode': 24239, 'coordinates': {'latitude': '82.8656', 'longitude': '96.4546'}, 'timezone': {'offset': '+9:00', 'description': 'Tokyo, Seoul, Osaka, Sapporo, Yakutsk'}}, 'email': 'aubrey.jackson@example.com', 'login': {'uuid': '17fef71e-26c0-4659-bef8-d2cb4d4928fe', 'username': 'lazysnake216', 'password': 'wally', 'salt': 'zVaxwJm4', 'md5': '86a2c5346e303e6185e91d0b7d3e9652', 'sha1': '1699c51af2dddc5bf03cf0b0b20fbb07420e9a0a', 'sha256': 'f598b66fd833076e68b1400279ec5925178bc8a77592360aec4fdd5c8f207f03'}, 'dob': {'date': '1988-07-29T03:55:09.775Z', 'age': 35}, 'registered': {'date': '2016-11-18T05:23:37.487Z', 'age': 7}, 'phone': '(826) 359-9434', 'cell': '(509) 439-0760', 'id': {'name': 'SSN', 'value': '274-44-3914'}, 'picture': {'large': 'https://randomuser.me/api/portraits/women/26.jpg', 'medium': 'https://randomuser.me/api/portraits/med/women/26.jpg', 'thumbnail': 'https://randomuser.me/api/portraits/thumb/women/26.jpg'}, 'nat': 'US'}</msg>
<arg>${json_data['results'][0]}</arg>
<doc>Logs the given message with the given level.</doc>
<status status="PASS" start="2024-06-28T11:13:22.476492" elapsed="0.000408"/>
</kw>
<kw name="Log" owner="BuiltIn">
<msg time="2024-06-28T11:13:22.477361" level="INFO">gender</msg>
<arg>${key}</arg>
<doc>Logs the given message with the given level.</doc>
<status status="PASS" start="2024-06-28T11:13:22.477222" elapsed="0.000177"/>
</kw>
<var name="${key}">gender</var>
<status status="PASS" start="2024-06-28T11:13:22.475779" elapsed="0.001845"/>
</iter>
<iter>
<kw name="Dictionary Should Contain Key" owner="Collections">
<arg>${json_data['results'][0]}</arg>
<arg>${key}</arg>
<doc>Fails if ``key`` is not found from ``dictionary``.</doc>
<status status="PASS" start="2024-06-28T11:13:22.477918" elapsed="0.000381"/>
</kw>
<kw name="Log" owner="BuiltIn">
<msg time="2024-06-28T11:13:22.478868" level="INFO">{'gender': 'female', 'name': {'title': 'Ms', 'first': 'Aubrey', 'last': 'Jackson'}, 'location': {'street': {'number': 9896, 'name': 'Locust Rd'}, 'city': 'Broken Arrow', 'state': 'Washington', 'country': 'United States', 'postcode': 24239, 'coordinates': {'latitude': '82.8656', 'longitude': '96.4546'}, 'timezone': {'offset': '+9:00', 'description': 'Tokyo, Seoul, Osaka, Sapporo, Yakutsk'}}, 'email': 'aubrey.jackson@example.com', 'login': {'uuid': '17fef71e-26c0-4659-bef8-d2cb4d4928fe', 'username': 'lazysnake216', 'password': 'wally', 'salt': 'zVaxwJm4', 'md5': '86a2c5346e303e6185e91d0b7d3e9652', 'sha1': '1699c51af2dddc5bf03cf0b0b20fbb07420e9a0a', 'sha256': 'f598b66fd833076e68b1400279ec5925178bc8a77592360aec4fdd5c8f207f03'}, 'dob': {'date': '1988-07-29T03:55:09.775Z', 'age': 35}, 'registered': {'date': '2016-11-18T05:23:37.487Z', 'age': 7}, 'phone': '(826) 359-9434', 'cell': '(509) 439-0760', 'id': {'name': 'SSN', 'value': '274-44-3914'}, 'picture': {'large': 'https://randomuser.me/api/portraits/women/26.jpg', 'medium': 'https://randomuser.me/api/portraits/med/women/26.jpg', 'thumbnail': 'https://randomuser.me/api/portraits/thumb/women/26.jpg'}, 'nat': 'US'}</msg>
<arg>${json_data['results'][0]}</arg>
<doc>Logs the given message with the given level.</doc>
<status status="PASS" start="2024-06-28T11:13:22.478480" elapsed="0.000435"/>
</kw>
<kw name="Log" owner="BuiltIn">
<msg time="2024-06-28T11:13:22.479333" level="INFO">name</msg>
<arg>${key}</arg>
<doc>Logs the given message with the given level.</doc>
<status status="PASS" start="2024-06-28T11:13:22.479208" elapsed="0.000162"/>
</kw>
<var name="${key}">name</var>
<status status="PASS" start="2024-06-28T11:13:22.477807" elapsed="0.001780"/>
</iter>
<iter>
<kw name="Dictionary Should Contain Key" owner="Collections">
<arg>${json_data['results'][0]}</arg>
<arg>${key}</arg>
<doc>Fails if ``key`` is not found from ``dictionary``.</doc>
<status status="PASS" start="2024-06-28T11:13:22.479868" elapsed="0.000373"/>
</kw>
<kw name="Log" owner="BuiltIn">
<msg time="2024-06-28T11:13:22.480767" level="INFO">{'gender': 'female', 'name': {'title': 'Ms', 'first': 'Aubrey', 'last': 'Jackson'}, 'location': {'street': {'number': 9896, 'name': 'Locust Rd'}, 'city': 'Broken Arrow', 'state': 'Washington', 'country': 'United States', 'postcode': 24239, 'coordinates': {'latitude': '82.8656', 'longitude': '96.4546'}, 'timezone': {'offset': '+9:00', 'description': 'Tokyo, Seoul, Osaka, Sapporo, Yakutsk'}}, 'email': 'aubrey.jackson@example.com', 'login': {'uuid': '17fef71e-26c0-4659-bef8-d2cb4d4928fe', 'username': 'lazysnake216', 'password': 'wally', 'salt': 'zVaxwJm4', 'md5': '86a2c5346e303e6185e91d0b7d3e9652', 'sha1': '1699c51af2dddc5bf03cf0b0b20fbb07420e9a0a', 'sha256': 'f598b66fd833076e68b1400279ec5925178bc8a77592360aec4fdd5c8f207f03'}, 'dob': {'date': '1988-07-29T03:55:09.775Z', 'age': 35}, 'registered': {'date': '2016-11-18T05:23:37.487Z', 'age': 7}, 'phone': '(826) 359-9434', 'cell': '(509) 439-0760', 'id': {'name': 'SSN', 'value': '274-44-3914'}, 'picture': {'large': 'https://randomuser.me/api/portraits/women/26.jpg', 'medium': 'https://randomuser.me/api/portraits/med/women/26.jpg', 'thumbnail': 'https://randomuser.me/api/portraits/thumb/women/26.jpg'}, 'nat': 'US'}</msg>
<arg>${json_data['results'][0]}</arg>
<doc>Logs the given message with the given level.</doc>
<status status="PASS" start="2024-06-28T11:13:22.480422" elapsed="0.000391"/>
</kw>
<kw name="Log" owner="BuiltIn">
<msg time="2024-06-28T11:13:22.481255" level="INFO">location</msg>
<arg>${key}</arg>
<doc>Logs the given message with the given level.</doc>
<status status="PASS" start="2024-06-28T11:13:22.481108" elapsed="0.000194"/>
</kw>
<var name="${key}">location</var>
<status status="PASS" start="2024-06-28T11:13:22.479761" elapsed="0.001759"/>
</iter>
<iter>
<kw name="Dictionary Should Contain Key" owner="Collections">
<arg>${json_data['results'][0]}</arg>
<arg>${key}</arg>
<doc>Fails if ``key`` is not found from ``dictionary``.</doc>
<status status="PASS" start="2024-06-28T11:13:22.481792" elapsed="0.000379"/>
</kw>
<kw name="Log" owner="BuiltIn">
<msg time="2024-06-28T11:13:22.482691" level="INFO">{'gender': 'female', 'name': {'title': 'Ms', 'first': 'Aubrey', 'last': 'Jackson'}, 'location': {'street': {'number': 9896, 'name': 'Locust Rd'}, 'city': 'Broken Arrow', 'state': 'Washington', 'country': 'United States', 'postcode': 24239, 'coordinates': {'latitude': '82.8656', 'longitude': '96.4546'}, 'timezone': {'offset': '+9:00', 'description': 'Tokyo, Seoul, Osaka, Sapporo, Yakutsk'}}, 'email': 'aubrey.jackson@example.com', 'login': {'uuid': '17fef71e-26c0-4659-bef8-d2cb4d4928fe', 'username': 'lazysnake216', 'password': 'wally', 'salt': 'zVaxwJm4', 'md5': '86a2c5346e303e6185e91d0b7d3e9652', 'sha1': '1699c51af2dddc5bf03cf0b0b20fbb07420e9a0a', 'sha256': 'f598b66fd833076e68b1400279ec5925178bc8a77592360aec4fdd5c8f207f03'}, 'dob': {'date': '1988-07-29T03:55:09.775Z', 'age': 35}, 'registered': {'date': '2016-11-18T05:23:37.487Z', 'age': 7}, 'phone': '(826) 359-9434', 'cell': '(509) 439-0760', 'id': {'name': 'SSN', 'value': '274-44-3914'}, 'picture': {'large': 'https://randomuser.me/api/portraits/women/26.jpg', 'medium': 'https://randomuser.me/api/portraits/med/women/26.jpg', 'thumbnail': 'https://randomuser.me/api/portraits/thumb/women/26.jpg'}, 'nat': 'US'}</msg>
<arg>${json_data['results'][0]}</arg>
<doc>Logs the given message with the given level.</doc>
<status status="PASS" start="2024-06-28T11:13:22.482349" elapsed="0.000388"/>
</kw>
<kw name="Log" owner="BuiltIn">
<msg time="2024-06-28T11:13:22.483146" level="INFO">email</msg>
<arg>${key}</arg>
<doc>Logs the given message with the given level.</doc>
<status status="PASS" start="2024-06-28T11:13:22.483023" elapsed="0.000160"/>
</kw>
<var name="${key}">email</var>
<status status="PASS" start="2024-06-28T11:13:22.481688" elapsed="0.001710"/>
</iter>
<iter>
<kw name="Dictionary Should Contain Key" owner="Collections">
<arg>${json_data['results'][0]}</arg>
<arg>${key}</arg>
<doc>Fails if ``key`` is not found from ``dictionary``.</doc>
<status status="PASS" start="2024-06-28T11:13:22.483676" elapsed="0.000381"/>
</kw>
<kw name="Log" owner="BuiltIn">
<msg time="2024-06-28T11:13:22.484588" level="INFO">{'gender': 'female', 'name': {'title': 'Ms', 'first': 'Aubrey', 'last': 'Jackson'}, 'location': {'street': {'number': 9896, 'name': 'Locust Rd'}, 'city': 'Broken Arrow', 'state': 'Washington', 'country': 'United States', 'postcode': 24239, 'coordinates': {'latitude': '82.8656', 'longitude': '96.4546'}, 'timezone': {'offset': '+9:00', 'description': 'Tokyo, Seoul, Osaka, Sapporo, Yakutsk'}}, 'email': 'aubrey.jackson@example.com', 'login': {'uuid': '17fef71e-26c0-4659-bef8-d2cb4d4928fe', 'username': 'lazysnake216', 'password': 'wally', 'salt': 'zVaxwJm4', 'md5': '86a2c5346e303e6185e91d0b7d3e9652', 'sha1': '1699c51af2dddc5bf03cf0b0b20fbb07420e9a0a', 'sha256': 'f598b66fd833076e68b1400279ec5925178bc8a77592360aec4fdd5c8f207f03'}, 'dob': {'date': '1988-07-29T03:55:09.775Z', 'age': 35}, 'registered': {'date': '2016-11-18T05:23:37.487Z', 'age': 7}, 'phone': '(826) 359-9434', 'cell': '(509) 439-0760', 'id': {'name': 'SSN', 'value': '274-44-3914'}, 'picture': {'large': 'https://randomuser.me/api/portraits/women/26.jpg', 'medium': 'https://randomuser.me/api/portraits/med/women/26.jpg', 'thumbnail': 'https://randomuser.me/api/portraits/thumb/women/26.jpg'}, 'nat': 'US'}</msg>
<arg>${json_data['results'][0]}</arg>
<doc>Logs the given message with the given level.</doc>
<status status="PASS" start="2024-06-28T11:13:22.484237" elapsed="0.000398"/>
</kw>
<kw name="Log" owner="BuiltIn">
<msg time="2024-06-28T11:13:22.485049" level="INFO">login</msg>
<arg>${key}</arg>
<doc>Logs the given message with the given level.</doc>
<status status="PASS" start="2024-06-28T11:13:22.484924" elapsed="0.000160"/>
</kw>
<var name="${key}">login</var>
<status status="PASS" start="2024-06-28T11:13:22.483567" elapsed="0.001757"/>
</iter>
<var>${key}</var>
<value>@{expected_keys}</value>
<status status="PASS" start="2024-06-28T11:13:22.475587" elapsed="0.009857"/>
</for>
<kw name="Create List" owner="BuiltIn">
<msg time="2024-06-28T11:13:22.485795" level="INFO">${expected_keysTwo} = ['username', 'password']</msg>
<var>${expected_keysTwo}</var>
<arg>username</arg>
<arg>password</arg>
<doc>Returns a list containing given items.</doc>
<status status="PASS" start="2024-06-28T11:13:22.485658" elapsed="0.000161"/>
</kw>
<for flavor="IN">
<iter>
<kw name="Dictionary Should Contain Key" owner="Collections">
<arg>${json_data['results'][0]['login']}</arg>
<arg>${keyTwo}</arg>
<doc>Fails if ``key`` is not found from ``dictionary``.</doc>
<status status="PASS" start="2024-06-28T11:13:22.486312" elapsed="0.000386"/>
</kw>
<kw name="Dictionary Should Contain Key" owner="Collections">
<arg>${json_data['results'][0]['login']}</arg>
<arg>${keyTwo}</arg>
<doc>Fails if ``key`` is not found from ``dictionary``.</doc>
<status status="PASS" start="2024-06-28T11:13:22.486878" elapsed="0.000369"/>
</kw>
<kw name="Log" owner="BuiltIn">
<msg time="2024-06-28T11:13:22.487556" level="INFO">username</msg>
<arg>${keyTwo}</arg>
<doc>Logs the given message with the given level.</doc>
<status status="PASS" start="2024-06-28T11:13:22.487431" elapsed="0.000162"/>
</kw>
<var name="${keyTwo}">username</var>
<status status="PASS" start="2024-06-28T11:13:22.486207" elapsed="0.001602"/>
</iter>
<iter>
<kw name="Dictionary Should Contain Key" owner="Collections">
<arg>${json_data['results'][0]['login']}</arg>
<arg>${keyTwo}</arg>
<doc>Fails if ``key`` is not found from ``dictionary``.</doc>
<status status="PASS" start="2024-06-28T11:13:22.488084" elapsed="0.000381"/>
</kw>
<kw name="Dictionary Should Contain Key" owner="Collections">
<arg>${json_data['results'][0]['login']}</arg>
<arg>${keyTwo}</arg>
<doc>Fails if ``key`` is not found from ``dictionary``.</doc>
<status status="PASS" start="2024-06-28T11:13:22.488642" elapsed="0.000359"/>
</kw>
<kw name="Log" owner="BuiltIn">
<msg time="2024-06-28T11:13:22.489328" level="INFO">password</msg>
<arg>${keyTwo}</arg>
<doc>Logs the given message with the given level.</doc>
<status status="PASS" start="2024-06-28T11:13:22.489194" elapsed="0.000175"/>
</kw>
<var name="${keyTwo}">password</var>
<status status="PASS" start="2024-06-28T11:13:22.487978" elapsed="0.001611"/>
</iter>
<var>${keyTwo}</var>
<value>@{expected_keysTwo}</value>
<status status="PASS" start="2024-06-28T11:13:22.486055" elapsed="0.003652"/>
</for>
<status status="PASS" start="2024-06-28T11:13:22.378936" elapsed="0.110909"/>
</kw>
<doc>Testa a estrutura da resposta da API.</doc>
<tag>testeEstruturaResposta</tag>
<status status="PASS" start="2024-06-28T11:13:22.378362" elapsed="0.111635"/>
</test>
<test id="s1-s1-t4" name="Validar tipos de dados" line="28">
<kw name="Teste de Tipos de Dados" owner="random-user-service">
<kw name="GET On Session" owner="RequestsLibrary">
<msg time="2024-06-28T11:13:22.568165" level="INFO">GET Request : url=https://randomuser.me/api 
 path_url=/api 
 headers={'User-Agent': 'python-requests/2.32.3', 'Accept-Encoding': 'gzip, deflate', 'Accept': '*/*', 'Connection': 'keep-alive'} 
 body=None 
 </msg>
<msg time="2024-06-28T11:13:22.568272" level="INFO">GET Response : url=https://randomuser.me/api 
 status=200, reason=OK 
 headers={'Date': 'Fri, 28 Jun 2024 11:13:22 GMT', 'Content-Type': 'application/json; charset=utf-8', 'Transfer-Encoding': 'chunked', 'Connection': 'keep-alive', 'X-Powered-By': 'Express', 'Access-Control-Allow-Origin': '*', 'Cache-Control': 'no-cache', 'ETag': 'W/"48c-SIR8Ijx3t871BMh6F5DVvX2mRkU"', 'Vary': 'Accept-Encoding', 'Content-Encoding': 'gzip', 'CF-Cache-Status': 'DYNAMIC', 'Report-To': '{"endpoints":[{"url":"https:\\/\\/a.nel.cloudflare.com\\/report\\/v4?s=9%2BiCZN0zE2D%2B9dg2rATmdf%2BstwaggWJxqzCQsteK0AmCuogZX08i%2Bzr%2BOwA%2BH6Sx6Cg%2B3RCXERv%2F5vzl%2FgraGLM3H%2BSqbfEgBfYvnxAktOs8FUijMJch0qNo4SQLO37G"}],"group":"cf-nel","max_age":604800}', 'NEL': '{"success_fraction":0,"report_to":"cf-nel","max_age":604800}', 'Server': 'cloudflare', 'CF-RAY': '89ad3f4398152330-ORD', 'alt-svc': 'h3=":443"; ma=86400'} 
 body={"results":[{"gender":"male","name":{"title":"Mr","first":"Quinn","last":"Taylor"},"location":{"street":{"number":6912,"name":"Greenwood St"},"city":"Napier","state":"Canterbury","country":"New Zealand","postcode":60989,"coordinates":{"latitude":"52.2800","longitude":"-141.8049"},"timezone":{"offset":"+9:00","description":"Tokyo, Seoul, Osaka, Sapporo, Yakutsk"}},"email":"quinn.taylor@example.com","login":{"uuid":"daeb5729-f3f8-4762-8dcc-af36755e904a","username":"silverrabbit678","password":"spiderma","salt":"0l9ICxhV","md5":"471b54e9a38e8f89ba7b373fe11c86ab","sha1":"af51237289880d0d4b888dabb99f5dbaea0d9b5a","sha256":"c5d96dd1fd49b588330f4ee738abdb8c7b60653597d4f6c6d3a360eacf45ae47"},"dob":{"date":"1999-07-24T06:04:11.252Z","age":24},"registered":{"date":"2006-03-21T05:06:57.524Z","age":18},"phone":"(433)-850-2654","cell":"(044)-426-2607","id":{"name":"","value":null},"picture":{"large":"https://randomuser.me/api/portraits/men/38.jpg","medium":"https://randomuser.me/api/portraits/med/men/38.jpg","thumbnail":"https://randomuser.me/api/portraits/thumb/men/38.jpg"},"nat":"NZ"}],"info":{"seed":"90eddb72e8d3ef17","results":1,"page":1,"version":"1.4"}} 
 </msg>
<msg time="2024-06-28T11:13:22.568357" level="INFO">/opt/hostedtoolcache/Python/3.12.4/x64/lib/python3.12/site-packages/urllib3/connectionpool.py:1099: InsecureRequestWarning: Unverified HTTPS request is being made to host 'randomuser.me'. Adding certificate verification is strongly advised. See: https://urllib3.readthedocs.io/en/latest/advanced-usage.html#tls-warnings
  warnings.warn(</msg>
<msg time="2024-06-28T11:13:22.568481" level="INFO">${response} = &lt;Response [200]&gt;</msg>
<var>${response}</var>
<arg>consultarAPI</arg>
<arg>/api</arg>
<doc>Sends a GET request on a previously created HTTP Session.</doc>
<status status="PASS" start="2024-06-28T11:13:22.492480" elapsed="0.076039"/>
</kw>
<kw name="Set Variable" owner="BuiltIn">
<msg time="2024-06-28T11:13:22.569624" level="INFO">${json_data} = {'results': [{'gender': 'male', 'name': {'title': 'Mr', 'first': 'Quinn', 'last': 'Taylor'}, 'location': {'street': {'number': 6912, 'name': 'Greenwood St'}, 'city': 'Napier', 'state': 'Canterbury', '...</msg>
<var>${json_data}</var>
<arg>${response.json()}</arg>
<doc>Returns the given values which can then be assigned to a variables.</doc>
<status status="PASS" start="2024-06-28T11:13:22.569058" elapsed="0.000595"/>
</kw>
<kw name="Log" owner="BuiltIn">
<msg time="2024-06-28T11:13:22.570176" level="INFO">{'results': [{'gender': 'male', 'name': {'title': 'Mr', 'first': 'Quinn', 'last': 'Taylor'}, 'location': {'street': {'number': 6912, 'name': 'Greenwood St'}, 'city': 'Napier', 'state': 'Canterbury', 'country': 'New Zealand', 'postcode': 60989, 'coordinates': {'latitude': '52.2800', 'longitude': '-141.8049'}, 'timezone': {'offset': '+9:00', 'description': 'Tokyo, Seoul, Osaka, Sapporo, Yakutsk'}}, 'email': 'quinn.taylor@example.com', 'login': {'uuid': 'daeb5729-f3f8-4762-8dcc-af36755e904a', 'username': 'silverrabbit678', 'password': 'spiderma', 'salt': '0l9ICxhV', 'md5': '471b54e9a38e8f89ba7b373fe11c86ab', 'sha1': 'af51237289880d0d4b888dabb99f5dbaea0d9b5a', 'sha256': 'c5d96dd1fd49b588330f4ee738abdb8c7b60653597d4f6c6d3a360eacf45ae47'}, 'dob': {'date': '1999-07-24T06:04:11.252Z', 'age': 24}, 'registered': {'date': '2006-03-21T05:06:57.524Z', 'age': 18}, 'phone': '(433)-850-2654', 'cell': '(044)-426-2607', 'id': {'name': '', 'value': None}, 'picture': {'large': 'https://randomuser.me/api/portraits/men/38.jpg', 'medium': 'https://randomuser.me/api/portraits/med/men/38.jpg', 'thumbnail': 'https://randomuser.me/api/portraits/thumb/men/38.jpg'}, 'nat': 'NZ'}], 'info': {'seed': '90eddb72e8d3ef17', 'results': 1, 'page': 1, 'version': '1.4'}}</msg>
<arg>${json_data}</arg>
<doc>Logs the given message with the given level.</doc>
<status status="PASS" start="2024-06-28T11:13:22.570004" elapsed="0.000220"/>
</kw>
<kw name="Should Be String" owner="String">
<arg>${json_data['results'][0]['gender']}</arg>
<doc>Fails if the given ``item`` is not a string.</doc>
<status status="PASS" start="2024-06-28T11:13:22.570531" elapsed="0.000378"/>
</kw>
<kw name="Should Match Regexp" owner="BuiltIn">
<arg>${json_data['results'][0]['email']}</arg>
<arg>^[a-zA-Z0-9._%+-]+@[a-zA-Z0-9.-]+\.[a-zA-Z]{2,}$</arg>
<doc>Fails if ``string`` does not match ``pattern`` as a regular expression.</doc>
<status status="PASS" start="2024-06-28T11:13:22.571138" elapsed="0.000529"/>
</kw>
<kw name="Should Match Regexp" owner="BuiltIn">
<arg>${json_data['results'][0]['dob']['date']}</arg>
<arg>\\d{4}-\\d{2}-\\d{2}T\\d{2}:\\d{2}:\\d{2}\\.\\d{3}Z</arg>
<doc>Fails if ``string`` does not match ``pattern`` as a regular expression.</doc>
<status status="PASS" start="2024-06-28T11:13:22.571863" elapsed="0.000492"/>
</kw>
<kw name="Should Match Regexp" owner="BuiltIn">
<arg>${json_data['results'][0]['registered']['date']}</arg>
<arg>\\d{4}-\\d{2}-\\d{2}T\\d{2}:\\d{2}:\\d{2}\\.\\d{3}Z</arg>
<doc>Fails if ``string`` does not match ``pattern`` as a regular expression.</doc>
<status status="PASS" start="2024-06-28T11:13:22.572545" elapsed="0.000366"/>
</kw>
<kw name="Should Match Regexp" owner="BuiltIn">
<arg>${json_data['results'][0]['picture']['large']}</arg>
<arg>^https?://.*\.(?:png|jpe?g|gif|bmp)$</arg>
<doc>Fails if ``string`` does not match ``pattern`` as a regular expression.</doc>
<status status="PASS" start="2024-06-28T11:13:22.573094" elapsed="0.000489"/>
</kw>
<kw name="Should Match Regexp" owner="BuiltIn">
<arg>${json_data['results'][0]['picture']['medium']}</arg>
<arg>^https?://.*\.(?:png|jpe?g|gif|bmp)$</arg>
<doc>Fails if ``string`` does not match ``pattern`` as a regular expression.</doc>
<status status="PASS" start="2024-06-28T11:13:22.573770" elapsed="0.000351"/>
</kw>
<kw name="Should Match Regexp" owner="BuiltIn">
<arg>${json_data['results'][0]['picture']['thumbnail']}</arg>
<arg>^https?://.*\.(?:png|jpe?g|gif|bmp)$</arg>
<doc>Fails if ``string`` does not match ``pattern`` as a regular expression.</doc>
<status status="PASS" start="2024-06-28T11:13:22.574303" elapsed="0.000353"/>
</kw>
<kw name="Log" owner="BuiltIn">
<msg time="2024-06-28T11:13:22.575173" level="INFO">{'large': 'https://randomuser.me/api/portraits/men/38.jpg', 'medium': 'https://randomuser.me/api/portraits/med/men/38.jpg', 'thumbnail': 'https://randomuser.me/api/portraits/thumb/men/38.jpg'}</msg>
<arg>${json_data['results'][0]['picture']}</arg>
<doc>Logs the given message with the given level.</doc>
<status status="PASS" start="2024-06-28T11:13:22.574850" elapsed="0.000364"/>
</kw>
<status status="PASS" start="2024-06-28T11:13:22.492254" elapsed="0.083223"/>
</kw>
<kw name="Teste de Tipos de Dados - Postcode" owner="random-user-service">
<kw name="GET On Session" owner="RequestsLibrary">
<msg time="2024-06-28T11:13:22.672883" level="INFO">GET Request : url=https://randomuser.me/api 
 path_url=/api 
 headers={'User-Agent': 'python-requests/2.32.3', 'Accept-Encoding': 'gzip, deflate', 'Accept': '*/*', 'Connection': 'keep-alive'} 
 body=None 
 </msg>
<msg time="2024-06-28T11:13:22.672981" level="INFO">GET Response : url=https://randomuser.me/api 
 status=200, reason=OK 
 headers={'Date': 'Fri, 28 Jun 2024 11:13:22 GMT', 'Content-Type': 'application/json; charset=utf-8', 'Transfer-Encoding': 'chunked', 'Connection': 'keep-alive', 'X-Powered-By': 'Express', 'Access-Control-Allow-Origin': '*', 'Cache-Control': 'no-cache', 'ETag': 'W/"46d-TarUo1+g7atSCDZYofuRh8fFJMQ"', 'Vary': 'Accept-Encoding', 'Content-Encoding': 'gzip', 'CF-Cache-Status': 'DYNAMIC', 'Report-To': '{"endpoints":[{"url":"https:\\/\\/a.nel.cloudflare.com\\/report\\/v4?s=%2BEyHd%2B5KPicuvyNIfx9WC%2FtIQlobrFk%2BeMpLuzVpebx5Fcv6C5LKJQsDXwF3x0fg7XpOOxTmgaqthFm6BpxOo5snBKanTh5Mj5C4DqMretyTV5hAM5khXJ89Ktdwgd4V"}],"group":"cf-nel","max_age":604800}', 'NEL': '{"success_fraction":0,"report_to":"cf-nel","max_age":604800}', 'Server': 'cloudflare', 'CF-RAY': '89ad3f4418842330-ORD', 'alt-svc': 'h3=":443"; ma=86400'} 
 body={"results":[{"gender":"male","name":{"title":"Mr","first":"Mahamed","last":"Halse"},"location":{"street":{"number":434,"name":"Glückstads gate"},"city":"Mandal","state":"Hedmark","country":"Norway","postcode":"0216","coordinates":{"latitude":"42.1124","longitude":"-4.7253"},"timezone":{"offset":"-3:30","description":"Newfoundland"}},"email":"mahamed.halse@example.com","login":{"uuid":"9440475d-d2e5-4946-8c31-f0872f6b4cdc","username":"brownbutterfly991","password":"ringo","salt":"2k3vLszF","md5":"63f12968d5d97c939bbb82a117a32163","sha1":"b2eee5418bfcc4319640b686d856124bc2fe897e","sha256":"13e955a73db80a449345acf1f3c950a8722a7155c5bcd3042cbc606913b24f44"},"dob":{"date":"1944-08-28T20:27:39.605Z","age":79},"registered":{"date":"2012-10-08T04:23:09.386Z","age":11},"phone":"29472887","cell":"49205877","id":{"name":"FN","value":"28084415334"},"picture":{"large":"https://randomuser.me/api/portraits/men/48.jpg","medium":"https://randomuser.me/api/portraits/med/men/48.jpg","thumbnail":"https://randomuser.me/api/portraits/thumb/men/48.jpg"},"nat":"NO"}],"info":{"seed":"2c73753b2406c34a","results":1,"page":1,"version":"1.4"}} 
 </msg>
<msg time="2024-06-28T11:13:22.673055" level="INFO">/opt/hostedtoolcache/Python/3.12.4/x64/lib/python3.12/site-packages/urllib3/connectionpool.py:1099: InsecureRequestWarning: Unverified HTTPS request is being made to host 'randomuser.me'. Adding certificate verification is strongly advised. See: https://urllib3.readthedocs.io/en/latest/advanced-usage.html#tls-warnings
  warnings.warn(</msg>
<msg time="2024-06-28T11:13:22.673173" level="INFO">${response} = &lt;Response [200]&gt;</msg>
<var>${response}</var>
<arg>consultarAPI</arg>
<arg>/api</arg>
<doc>Sends a GET request on a previously created HTTP Session.</doc>
<status status="PASS" start="2024-06-28T11:13:22.575937" elapsed="0.097304"/>
</kw>
<kw name="Set Variable" owner="BuiltIn">
<msg time="2024-06-28T11:13:22.674308" level="INFO">${json_data} = {'results': [{'gender': 'male', 'name': {'title': 'Mr', 'first': 'Mahamed', 'last': 'Halse'}, 'location': {'street': {'number': 434, 'name': 'Glückstads gate'}, 'city': 'Mandal', 'state': 'Hedmark', '...</msg>
<var>${json_data}</var>
<arg>${response.json()}</arg>
<doc>Returns the given values which can then be assigned to a variables.</doc>
<status status="PASS" start="2024-06-28T11:13:22.673795" elapsed="0.000542"/>
</kw>
<kw name="Log" owner="BuiltIn">
<msg time="2024-06-28T11:13:22.674802" level="INFO">{'results': [{'gender': 'male', 'name': {'title': 'Mr', 'first': 'Mahamed', 'last': 'Halse'}, 'location': {'street': {'number': 434, 'name': 'Glückstads gate'}, 'city': 'Mandal', 'state': 'Hedmark', 'country': 'Norway', 'postcode': '0216', 'coordinates': {'latitude': '42.1124', 'longitude': '-4.7253'}, 'timezone': {'offset': '-3:30', 'description': 'Newfoundland'}}, 'email': 'mahamed.halse@example.com', 'login': {'uuid': '9440475d-d2e5-4946-8c31-f0872f6b4cdc', 'username': 'brownbutterfly991', 'password': 'ringo', 'salt': '2k3vLszF', 'md5': '63f12968d5d97c939bbb82a117a32163', 'sha1': 'b2eee5418bfcc4319640b686d856124bc2fe897e', 'sha256': '13e955a73db80a449345acf1f3c950a8722a7155c5bcd3042cbc606913b24f44'}, 'dob': {'date': '1944-08-28T20:27:39.605Z', 'age': 79}, 'registered': {'date': '2012-10-08T04:23:09.386Z', 'age': 11}, 'phone': '29472887', 'cell': '49205877', 'id': {'name': 'FN', 'value': '28084415334'}, 'picture': {'large': 'https://randomuser.me/api/portraits/men/48.jpg', 'medium': 'https://randomuser.me/api/portraits/med/men/48.jpg', 'thumbnail': 'https://randomuser.me/api/portraits/thumb/men/48.jpg'}, 'nat': 'NO'}], 'info': {'seed': '2c73753b2406c34a', 'results': 1, 'page': 1, 'version': '1.4'}}</msg>
<arg>${json_data}</arg>
<doc>Logs the given message with the given level.</doc>
<status status="PASS" start="2024-06-28T11:13:22.674645" elapsed="0.000205"/>
</kw>
<kw name="Should Be Equal As Numbers" owner="BuiltIn">
<arg>${json_data['results'][0]['location']['postcode']}</arg>
<arg>${json_data['results'][0]['location']['postcode']}</arg>
<doc>Fails if objects are unequal after converting them to real numbers.</doc>
<status status="PASS" start="2024-06-28T11:13:22.675138" elapsed="0.000626"/>
</kw>
<kw name="Log" owner="BuiltIn">
<msg time="2024-06-28T11:13:22.676286" level="INFO">0216</msg>
<arg>${json_data['results'][0]['location']['postcode']}</arg>
<doc>Logs the given message with the given level.</doc>
<status status="PASS" start="2024-06-28T11:13:22.675950" elapsed="0.000410"/>
</kw>
<status status="PASS" start="2024-06-28T11:13:22.575710" elapsed="0.100906"/>
</kw>
<doc>Testa se os tipos de dados na resposta da API estão corretos.</doc>
<tag>testeTiposDados</tag>
<status status="PASS" start="2024-06-28T11:13:22.491702" elapsed="0.185082"/>
</test>
<test id="s1-s1-t5" name="Validar conteudo" line="35">
<kw name="Teste de Tipos de Conteudo" owner="random-user-service">
<kw name="GET On Session" owner="RequestsLibrary">
<msg time="2024-06-28T11:13:22.764351" level="INFO">GET Request : url=https://randomuser.me/api 
 path_url=/api 
 headers={'User-Agent': 'python-requests/2.32.3', 'Accept-Encoding': 'gzip, deflate', 'Accept': '*/*', 'Connection': 'keep-alive'} 
 body=None 
 </msg>
<msg time="2024-06-28T11:13:22.764446" level="INFO">GET Response : url=https://randomuser.me/api 
 status=200, reason=OK 
 headers={'Date': 'Fri, 28 Jun 2024 11:13:22 GMT', 'Content-Type': 'application/json; charset=utf-8', 'Transfer-Encoding': 'chunked', 'Connection': 'keep-alive', 'X-Powered-By': 'Express', 'Access-Control-Allow-Origin': '*', 'Cache-Control': 'no-cache', 'ETag': 'W/"497-7KnkbckZ76tmrqyGzgavGq1AtUo"', 'Vary': 'Accept-Encoding', 'Content-Encoding': 'gzip', 'CF-Cache-Status': 'DYNAMIC', 'Report-To': '{"endpoints":[{"url":"https:\\/\\/a.nel.cloudflare.com\\/report\\/v4?s=HS5nTc8A41t45SiZW%2Bf62DkdcxwKoS0uXFtJiJg3RxTKKuu9gBOEqi17oQO5TQu4dp7TShFsi%2BNlx6vbhXwd9fULx0paghLT2CcmEaMiY7FjFiYZqQYBogZDwa4eGvnZ"}],"group":"cf-nel","max_age":604800}', 'NEL': '{"success_fraction":0,"report_to":"cf-nel","max_age":604800}', 'Server': 'cloudflare', 'CF-RAY': '89ad3f44c9242330-ORD', 'alt-svc': 'h3=":443"; ma=86400'} 
 body={"results":[{"gender":"female","name":{"title":"Mrs","first":"Erika","last":"Berhe"},"location":{"street":{"number":1278,"name":"Westye Egebergs gate"},"city":"Torvik","state":"Aust-Agder","country":"Norway","postcode":"5012","coordinates":{"latitude":"45.8952","longitude":"139.4103"},"timezone":{"offset":"-5:00","description":"Eastern Time (US &amp; Canada), Bogota, Lima"}},"email":"erika.berhe@example.com","login":{"uuid":"40732fd1-8e10-4a88-8ba0-081f979f783a","username":"beautifulbear561","password":"nuclear","salt":"4dcNIGVU","md5":"1a380a31714ded465a5099432f0e71e8","sha1":"67a444b1fcd626412427a38cf3056b534908de29","sha256":"117ff660b26ad291c2b059bccfd531822fcf31163e1dfa5cf9b1d20c3286991c"},"dob":{"date":"1949-12-03T04:47:54.107Z","age":74},"registered":{"date":"2021-05-30T08:22:00.749Z","age":3},"phone":"56945265","cell":"95281107","id":{"name":"FN","value":"03124904896"},"picture":{"large":"https://randomuser.me/api/portraits/women/56.jpg","medium":"https://randomuser.me/api/portraits/med/women/56.jpg","thumbnail":"https://randomuser.me/api/portraits/thumb/women/56.jpg"},"nat":"NO"}],"info":{"seed":"c62802afa99e09f4","results":1,"page":1,"version":"1.4"}} 
 </msg>
<msg time="2024-06-28T11:13:22.764536" level="INFO">/opt/hostedtoolcache/Python/3.12.4/x64/lib/python3.12/site-packages/urllib3/connectionpool.py:1099: InsecureRequestWarning: Unverified HTTPS request is being made to host 'randomuser.me'. Adding certificate verification is strongly advised. See: https://urllib3.readthedocs.io/en/latest/advanced-usage.html#tls-warnings
  warnings.warn(</msg>
<msg time="2024-06-28T11:13:22.764657" level="INFO">${response} = &lt;Response [200]&gt;</msg>
<var>${response}</var>
<arg>consultarAPI</arg>
<arg>/api</arg>
<doc>Sends a GET request on a previously created HTTP Session.</doc>
<status status="PASS" start="2024-06-28T11:13:22.679423" elapsed="0.085265"/>
</kw>
<kw name="Set Variable" owner="BuiltIn">
<msg time="2024-06-28T11:13:22.765778" level="INFO">${json_data} = {'results': [{'gender': 'female', 'name': {'title': 'Mrs', 'first': 'Erika', 'last': 'Berhe'}, 'location': {'street': {'number': 1278, 'name': 'Westye Egebergs gate'}, 'city': 'Torvik', 'state': 'Aust...</msg>
<var>${json_data}</var>
<arg>${response.json()}</arg>
<doc>Returns the given values which can then be assigned to a variables.</doc>
<status status="PASS" start="2024-06-28T11:13:22.765267" elapsed="0.000539"/>
</kw>
<kw name="Set Variable" owner="BuiltIn">
<msg time="2024-06-28T11:13:22.766494" level="INFO">${name_title} = Mrs</msg>
<var>${name_title}</var>
<arg>${json_data["results"][0]["name"]["title"]}</arg>
<doc>Returns the given values which can then be assigned to a variables.</doc>
<status status="PASS" start="2024-06-28T11:13:22.766106" elapsed="0.000413"/>
</kw>
<kw name="Create List" owner="BuiltIn">
<msg time="2024-06-28T11:13:22.766961" level="INFO">${allowed_titles} = ['Mr', 'Ms', 'Miss', 'Mrs', 'Madame', 'Monsieur']</msg>
<var>${allowed_titles}</var>
<arg>Mr</arg>
<arg>Ms</arg>
<arg>Miss</arg>
<arg>Mrs</arg>
<arg>Madame</arg>
<arg>Monsieur</arg>
<doc>Returns a list containing given items.</doc>
<status status="PASS" start="2024-06-28T11:13:22.766814" elapsed="0.000171"/>
</kw>
<kw name="List Should Contain Value" owner="Collections">
<arg>${allowed_titles}</arg>
<arg>${name_title}</arg>
<doc>Fails if the ``value`` is not found from ``list``.</doc>
<status status="PASS" start="2024-06-28T11:13:22.767277" elapsed="0.000177"/>
</kw>
<kw name="Set Variable" owner="BuiltIn">
<msg time="2024-06-28T11:13:22.767987" level="INFO">${name_country} = NO</msg>
<var>${name_country}</var>
<arg>${json_data["results"][0]["nat"]}</arg>
<doc>Returns the given values which can then be assigned to a variables.</doc>
<status status="PASS" start="2024-06-28T11:13:22.767628" elapsed="0.000383"/>
</kw>
<kw name="Create List" owner="BuiltIn">
<msg time="2024-06-28T11:13:22.768913" level="INFO">${list_country} = ['AD', 'AE', 'AF', 'AG', 'AI', 'AL', 'AM', 'AO', 'AQ', 'AR', 'AS', 'AT', 'AU', 'AW', 'AX', 'AZ', 'BA', 'BB', 'BD', 'BE', 'BF', 'BG', 'BH', 'BI', 'BJ', 'BL', 'BM', 'BN', 'BO', 'BQ', 'BR', 'BS', 'BT', '...</msg>
<var>${list_country}</var>
<arg>AD</arg>
<arg>AE</arg>
<arg>AF</arg>
<arg>AG</arg>
<arg>AI</arg>
<arg>AL</arg>
<arg>AM</arg>
<arg>AO</arg>
<arg>AQ</arg>
<arg>AR</arg>
<arg>AS</arg>
<arg>AT</arg>
<arg>AU</arg>
<arg>AW</arg>
<arg>AX</arg>
<arg>AZ</arg>
<arg>BA</arg>
<arg>BB</arg>
<arg>BD</arg>
<arg>BE</arg>
<arg>BF</arg>
<arg>BG</arg>
<arg>BH</arg>
<arg>BI</arg>
<arg>BJ</arg>
<arg>BL</arg>
<arg>BM</arg>
<arg>BN</arg>
<arg>BO</arg>
<arg>BQ</arg>
<arg>BR</arg>
<arg>BS</arg>
<arg>BT</arg>
<arg>BV</arg>
<arg>BW</arg>
<arg>BY</arg>
<arg>BZ</arg>
<arg>CA</arg>
<arg>CC</arg>
<arg>CD</arg>
<arg>CF</arg>
<arg>CG</arg>
<arg>CH</arg>
<arg>CI</arg>
<arg>CK</arg>
<arg>CL</arg>
<arg>CM</arg>
<arg>CN</arg>
<arg>CO</arg>
<arg>CR</arg>
<arg>CU</arg>
<arg>CV</arg>
<arg>CW</arg>
<arg>CX</arg>
<arg>CY</arg>
<arg>CZ</arg>
<arg>DE</arg>
<arg>DJ</arg>
<arg>DK</arg>
<arg>DM</arg>
<arg>DO</arg>
<arg>DZ</arg>
<arg>EC</arg>
<arg>EE</arg>
<arg>EG</arg>
<arg>EH</arg>
<arg>ER</arg>
<arg>ES</arg>
<arg>ET</arg>
<arg>FI</arg>
<arg>FJ</arg>
<arg>FK</arg>
<arg>FM</arg>
<arg>FO</arg>
<arg>FR</arg>
<arg>GA</arg>
<arg>GB</arg>
<arg>GD</arg>
<arg>GE</arg>
<arg>GF</arg>
<arg>GG</arg>
<arg>GH</arg>
<arg>GI</arg>
<arg>GL</arg>
<arg>GM</arg>
<arg>GN</arg>
<arg>GP</arg>
<arg>GQ</arg>
<arg>GR</arg>
<arg>GS</arg>
<arg>GT</arg>
<arg>GU</arg>
<arg>GW</arg>
<arg>GY</arg>
<arg>HK</arg>
<arg>HM</arg>
<arg>HN</arg>
<arg>HR</arg>
<arg>HT</arg>
<arg>HU</arg>
<arg>ID</arg>
<arg>IE</arg>
<arg>IL</arg>
<arg>IM</arg>
<arg>IN</arg>
<arg>IO</arg>
<arg>IQ</arg>
<arg>IR</arg>
<arg>IS</arg>
<arg>IT</arg>
<arg>JE</arg>
<arg>JM</arg>
<arg>JO</arg>
<arg>JP</arg>
<arg>KE</arg>
<arg>KG</arg>
<arg>KH</arg>
<arg>KI</arg>
<arg>KM</arg>
<arg>KN</arg>
<arg>KP</arg>
<arg>KR</arg>
<arg>KW</arg>
<arg>KY</arg>
<arg>KZ</arg>
<arg>LA</arg>
<arg>LB</arg>
<arg>LC</arg>
<arg>LI</arg>
<arg>LK</arg>
<arg>LR</arg>
<arg>LS</arg>
<arg>LT</arg>
<arg>LU</arg>
<arg>LV</arg>
<arg>LY</arg>
<arg>MA</arg>
<arg>MC</arg>
<arg>MD</arg>
<arg>ME</arg>
<arg>MF</arg>
<arg>MG</arg>
<arg>MH</arg>
<arg>MK</arg>
<arg>ML</arg>
<arg>MM</arg>
<arg>MN</arg>
<arg>MO</arg>
<arg>MP</arg>
<arg>MQ</arg>
<arg>MR</arg>
<arg>MS</arg>
<arg>MT</arg>
<arg>MU</arg>
<arg>MV</arg>
<arg>MW</arg>
<arg>MX</arg>
<arg>MY</arg>
<arg>MZ</arg>
<arg>NA</arg>
<arg>NC</arg>
<arg>NE</arg>
<arg>NF</arg>
<arg>NG</arg>
<arg>NI</arg>
<arg>NL</arg>
<arg>NO</arg>
<arg>NP</arg>
<arg>NR</arg>
<arg>NU</arg>
<arg>NZ</arg>
<arg>OM</arg>
<arg>PA</arg>
<arg>PE</arg>
<arg>PF</arg>
<arg>PG</arg>
<arg>PH</arg>
<arg>PK</arg>
<arg>PL</arg>
<arg>PM</arg>
<arg>PN</arg>
<arg>PR</arg>
<arg>PS</arg>
<arg>PT</arg>
<arg>PW</arg>
<arg>PY</arg>
<arg>QA</arg>
<arg>RE</arg>
<arg>RO</arg>
<arg>RS</arg>
<arg>RU</arg>
<arg>RW</arg>
<arg>SA</arg>
<arg>SB</arg>
<arg>SC</arg>
<arg>SD</arg>
<arg>SE</arg>
<arg>SG</arg>
<arg>SH</arg>
<arg>SI</arg>
<arg>SJ</arg>
<arg>SK</arg>
<arg>SL</arg>
<arg>SM</arg>
<arg>SN</arg>
<arg>SO</arg>
<arg>SR</arg>
<arg>SS</arg>
<arg>ST</arg>
<arg>SV</arg>
<arg>SX</arg>
<arg>SY</arg>
<arg>SZ</arg>
<arg>TC</arg>
<arg>TD</arg>
<arg>TF</arg>
<arg>TG</arg>
<arg>TH</arg>
<arg>TJ</arg>
<arg>TK</arg>
<arg>TL</arg>
<arg>TM</arg>
<arg>TN</arg>
<arg>TO</arg>
<arg>TR</arg>
<arg>TT</arg>
<arg>TV</arg>
<arg>TW</arg>
<arg>TZ</arg>
<arg>UA</arg>
<arg>UG</arg>
<arg>UM</arg>
<arg>US</arg>
<arg>UY</arg>
<arg>UZ</arg>
<arg>VA</arg>
<arg>VC</arg>
<arg>VE</arg>
<arg>VG</arg>
<arg>VI</arg>
<arg>VN</arg>
<arg>VU</arg>
<arg>WF</arg>
<arg>WS</arg>
<arg>XK</arg>
<arg>YE</arg>
<arg>YT</arg>
<arg>ZA</arg>
<arg>ZM</arg>
<arg>ZW</arg>
<doc>Returns a list containing given items.</doc>
<status status="PASS" start="2024-06-28T11:13:22.768298" elapsed="0.000639"/>
</kw>
<kw name="List Should Contain Value" owner="Collections">
<arg>${list_country}</arg>
<arg>${name_country}</arg>
<doc>Fails if the ``value`` is not found from ``list``.</doc>
<status status="PASS" start="2024-06-28T11:13:22.769771" elapsed="0.000204"/>
</kw>
<kw name="Run Keyword If" owner="BuiltIn">
<kw name="Should Be True" owner="BuiltIn">
<arg>${True}</arg>
<doc>Fails if the given condition is not true.</doc>
<status status="PASS" start="2024-06-28T11:13:22.770900" elapsed="0.000139"/>
</kw>
<arg>${json_data["results"][0]["location"]["coordinates"]["latitude"]} &gt;= -90 and ${json_data["results"][0]["location"]["coordinates"]["latitude"]} &lt;= 90</arg>
<arg>Should Be True</arg>
<arg>${True}</arg>
<doc>Runs the given keyword with the given arguments, if ``condition`` is true.</doc>
<status status="PASS" start="2024-06-28T11:13:22.770171" elapsed="0.000992"/>
</kw>
<kw name="Run Keyword If" owner="BuiltIn">
<kw name="Should Be True" owner="BuiltIn">
<arg>${True}</arg>
<doc>Fails if the given condition is not true.</doc>
<status status="PASS" start="2024-06-28T11:13:22.772023" elapsed="0.000133"/>
</kw>
<arg>${json_data["results"][0]["location"]["coordinates"]["longitude"]} &gt;= -180 and ${json_data["results"][0]["location"]["coordinates"]["longitude"]} &lt;= 180</arg>
<arg>Should Be True</arg>
<arg>${True}</arg>
<doc>Runs the given keyword with the given arguments, if ``condition`` is true.</doc>
<status status="PASS" start="2024-06-28T11:13:22.771342" elapsed="0.000933"/>
</kw>
<status status="PASS" start="2024-06-28T11:13:22.679038" elapsed="0.093368"/>
</kw>
<doc>Testa o conteúdo específico dos campos retornados pela API.</doc>
<tag>testeConteudo</tag>
<status status="PASS" start="2024-06-28T11:13:22.678565" elapsed="0.093991"/>
</test>
<status status="PASS" start="2024-06-28T11:13:21.453523" elapsed="1.321039"/>
</suite>
<status status="PASS" start="2024-06-28T11:13:21.439091" elapsed="1.340623"/>
</suite>
<statistics>
<total>
<stat pass="5" fail="0" skip="0">All Tests</stat>
</total>
<tag>
<stat pass="1" fail="0" skip="0">testeConteudo</stat>
<stat pass="1" fail="0" skip="0">testeEstruturaResposta</stat>
<stat pass="1" fail="0" skip="0">testeRequisicaoBasica</stat>
<stat pass="1" fail="0" skip="0">testeTiposDados</stat>
</tag>
<suite>
<stat pass="5" fail="0" skip="0" id="s1" name="Tests">Tests</stat>
<stat pass="5" fail="0" skip="0" id="s1-s1" name="Random-User-Test">Tests.Random-User-Test</stat>
</suite>
</statistics>
<errors>
</errors>
</robot>
