<?xml version="1.0" encoding="UTF-8"?>
<robot generator="Robot 7.0 (Python 3.12.3 on linux)" generated="2024-05-08T00:51:41.509525" rpa="false" schemaversion="5">
<suite id="s1" name="Tests" source="/home/runner/work/DesafioQAItauRogerioJordao/DesafioQAItauRogerioJordao/RamdonUser/tests">
<suite id="s1-s1" name="Random-User-Test" source="/home/runner/work/DesafioQAItauRogerioJordao/DesafioQAItauRogerioJordao/RamdonUser/tests/random-user-test.robot">
<test id="s1-s1-t1" name="Conectar" line="13">
<kw name="Conectar API" owner="random-user-service">
<kw name="Create Session" owner="RequestsLibrary">
<msg time="2024-05-08T00:51:41.857205" level="INFO">Creating Session using : alias=consultarAPI, url=https://randomuser.me/, headers={},                     cookies={}, auth=None, timeout=None, proxies=None, verify=False,                     debug=0 </msg>
<arg>consultarAPI</arg>
<arg>${URL}</arg>
<doc>Create Session: create a HTTP session to a server</doc>
<status status="PASS" start="2024-05-08T00:51:41.857028" elapsed="0.000389"/>
</kw>
<status status="PASS" start="2024-05-08T00:51:41.856200" elapsed="0.001687"/>
</kw>
<status status="PASS" start="2024-05-08T00:51:41.855717" elapsed="0.002472"/>
</test>
<test id="s1-s1-t2" name="Validar retorno 200 e JSON Válido" line="16">
<kw name="Teste de Requisicao Basica" owner="random-user-service">
<kw name="GET On Session" owner="RequestsLibrary">
<msg time="2024-05-08T00:51:42.039283" level="INFO">GET Request : url=https://randomuser.me/api 
 path_url=/api 
 headers={'User-Agent': 'python-requests/2.31.0', 'Accept-Encoding': 'gzip, deflate', 'Accept': '*/*', 'Connection': 'keep-alive'} 
 body=None 
 </msg>
<msg time="2024-05-08T00:51:42.039380" level="INFO">GET Response : url=https://randomuser.me/api 
 status=200, reason=OK 
 headers={'Date': 'Wed, 08 May 2024 00:51:42 GMT', 'Content-Type': 'application/json; charset=utf-8', 'Transfer-Encoding': 'chunked', 'Connection': 'keep-alive', 'X-Powered-By': 'Express', 'Access-Control-Allow-Origin': '*', 'Cache-Control': 'no-cache', 'ETag': 'W/"49d-QzlSukQyFoo3gPjarYKB9RLoTgM"', 'Vary': 'Accept-Encoding', 'Content-Encoding': 'gzip', 'CF-Cache-Status': 'DYNAMIC', 'Report-To': '{"endpoints":[{"url":"https:\\/\\/a.nel.cloudflare.com\\/report\\/v4?s=pQqJRgU2KJZ2TEBkyIxJl9h%2BCvRad6R5EZQOAGLuE8ieJdDJEyd9XY4FSNLCwEhnIg%2F3T6KfXIIYX287MCpD%2BJbxyXAJvC%2FGZRRVIejKorrqfWV8oc1QjbOB1aqOqx0q"}],"group":"cf-nel","max_age":604800}', 'NEL': '{"success_fraction":0,"report_to":"cf-nel","max_age":604800}', 'Server': 'cloudflare', 'CF-RAY': '8805767b7d2929bc-IAD', 'alt-svc': 'h3=":443"; ma=86400'} 
 body={"results":[{"gender":"female","name":{"title":"Miss","first":"Vasilina","last":"Kobzar"},"location":{"street":{"number":8098,"name":"Mihayla Svietlova"},"city":"Zhashkiv","state":"Dnipropetrovska","country":"Ukraine","postcode":50018,"coordinates":{"latitude":"75.7078","longitude":"20.6161"},"timezone":{"offset":"+4:00","description":"Abu Dhabi, Muscat, Baku, Tbilisi"}},"email":"vasilina.kobzar@example.com","login":{"uuid":"2629cc42-7330-416f-8199-7c7485eac3c4","username":"organicladybug819","password":"marlon","salt":"omdeA9Fg","md5":"41a3b8264114714bf5840bc047004df4","sha1":"d9dc161b4cf0c545209e4e7a475e17b6c6b33bee","sha256":"bbeb631f937b19ac88684a20c35705f0b83e1d3cd951ddcfbf9a461cf365ee7f"},"dob":{"date":"1970-10-23T12:30:53.810Z","age":53},"registered":{"date":"2008-03-18T09:32:16.402Z","age":16},"phone":"(068) X67-2738","cell":"(068) S76-9844","id":{"name":"","value":null},"picture":{"large":"https://randomuser.me/api/portraits/women/53.jpg","medium":"https://randomuser.me/api/portraits/med/women/53.jpg","thumbnail":"https://randomuser.me/api/portraits/thumb/women/53.jpg"},"nat":"UA"}],"info":{"seed":"8263f65956e9825b","results":1,"page":1,"version":"1.4"}} 
 </msg>
<msg time="2024-05-08T00:51:42.039448" level="INFO">/opt/hostedtoolcache/Python/3.12.3/x64/lib/python3.12/site-packages/urllib3/connectionpool.py:1103: InsecureRequestWarning: Unverified HTTPS request is being made to host 'randomuser.me'. Adding certificate verification is strongly advised. See: https://urllib3.readthedocs.io/en/latest/advanced-usage.html#tls-warnings
  warnings.warn(</msg>
<msg time="2024-05-08T00:51:42.039551" level="INFO">${response} = &lt;Response [200]&gt;</msg>
<var>${response}</var>
<arg>consultarAPI</arg>
<arg>/api</arg>
<doc>Sends a GET request on a previously created HTTP Session.</doc>
<status status="PASS" start="2024-05-08T00:51:41.862268" elapsed="0.177321"/>
</kw>
<kw name="Should Be Equal As Numbers" owner="BuiltIn">
<msg time="2024-05-08T00:51:42.040381" level="INFO">Argument types are:
&lt;class 'int'&gt;
&lt;class 'str'&gt;</msg>
<arg>${response.status_code}</arg>
<arg>200</arg>
<doc>Fails if objects are unequal after converting them to real numbers.</doc>
<status status="PASS" start="2024-05-08T00:51:42.039981" elapsed="0.000463"/>
</kw>
<kw name="Log" owner="BuiltIn">
<msg time="2024-05-08T00:51:42.041130" level="INFO">200</msg>
<arg>${response.status_code}</arg>
<doc>Logs the given message with the given level.</doc>
<status status="PASS" start="2024-05-08T00:51:42.040779" elapsed="0.000393"/>
</kw>
<kw name="Set Variable" owner="BuiltIn">
<msg time="2024-05-08T00:51:42.041901" level="INFO">${json_data} = {'results': [{'gender': 'female', 'name': {'title': 'Miss', 'first': 'Vasilina', 'last': 'Kobzar'}, 'location': {'street': {'number': 8098, 'name': 'Mihayla Svietlova'}, 'city': 'Zhashkiv', 'state': '...</msg>
<var>${json_data}</var>
<arg>${response.json()}</arg>
<doc>Returns the given values which can then be assigned to a variables.</doc>
<status status="PASS" start="2024-05-08T00:51:42.041474" elapsed="0.000455"/>
</kw>
<kw name="Dictionary Should Contain Key" owner="Collections">
<msg time="2024-05-08T00:51:42.042448" level="INFO">False</msg>
<arg>${json_data}</arg>
<arg>results</arg>
<doc>Fails if ``key`` is not found from ``dictionary``.</doc>
<status status="PASS" start="2024-05-08T00:51:42.042230" elapsed="0.000259"/>
</kw>
<status status="PASS" start="2024-05-08T00:51:41.861941" elapsed="0.180801"/>
</kw>
<doc>Testa se a API responde corretamente e retorna um objeto JSON válido.</doc>
<tag>testeRequisicaoBasica</tag>
<status status="PASS" start="2024-05-08T00:51:41.861273" elapsed="0.181636"/>
</test>
<test id="s1-s1-t3" name="Validar estrutura de resposta" line="22">
<kw name="Teste de Estrutura de Resposta" owner="random-user-service">
<kw name="GET On Session" owner="RequestsLibrary">
<msg time="2024-05-08T00:51:42.135273" level="INFO">GET Request : url=https://randomuser.me/api 
 path_url=/api 
 headers={'User-Agent': 'python-requests/2.31.0', 'Accept-Encoding': 'gzip, deflate', 'Accept': '*/*', 'Connection': 'keep-alive'} 
 body=None 
 </msg>
<msg time="2024-05-08T00:51:42.135354" level="INFO">GET Response : url=https://randomuser.me/api 
 status=200, reason=OK 
 headers={'Date': 'Wed, 08 May 2024 00:51:42 GMT', 'Content-Type': 'application/json; charset=utf-8', 'Transfer-Encoding': 'chunked', 'Connection': 'keep-alive', 'X-Powered-By': 'Express', 'Access-Control-Allow-Origin': '*', 'Cache-Control': 'no-cache', 'ETag': 'W/"482-WEHgP9Lz3B7EHgxCMPDWhk47FxA"', 'Vary': 'Accept-Encoding', 'Content-Encoding': 'gzip', 'CF-Cache-Status': 'DYNAMIC', 'Report-To': '{"endpoints":[{"url":"https:\\/\\/a.nel.cloudflare.com\\/report\\/v4?s=38mgBHpWOOjIUTeikOmr1fmVCwfuX%2Fai3T8NbKwqE79sex4S%2B342sQB0p9WrVmRrWYO68cyanAfA6oZBhF4cbQZrRP5ajRO09obbxVSPcN5tOYywSKCUZYc32szabPV3"}],"group":"cf-nel","max_age":604800}', 'NEL': '{"success_fraction":0,"report_to":"cf-nel","max_age":604800}', 'Server': 'cloudflare', 'CF-RAY': '8805767bcd7729bc-IAD', 'alt-svc': 'h3=":443"; ma=86400'} 
 body={"results":[{"gender":"male","name":{"title":"Mr","first":"Leo","last":"Grewal"},"location":{"street":{"number":4494,"name":"Simcoe St"},"city":"Odessa","state":"British Columbia","country":"Canada","postcode":"S9K 1E8","coordinates":{"latitude":"-70.3279","longitude":"-164.4461"},"timezone":{"offset":"+7:00","description":"Bangkok, Hanoi, Jakarta"}},"email":"leo.grewal@example.com","login":{"uuid":"86c7da2e-1ae7-4d49-ba97-c2d7dcd05f81","username":"organicladybug782","password":"nikita","salt":"gO5D3qK7","md5":"af674e792bff6faaebccb36311162ca8","sha1":"6f3ae22b02add3fb241f193cda6b0c3e9aa2e0cf","sha256":"6f2160b3d59f1e908cbe3e05e834081038376ccfcf8c979156161a76e18c18c9"},"dob":{"date":"1953-12-04T19:30:49.829Z","age":70},"registered":{"date":"2018-11-03T06:27:29.600Z","age":5},"phone":"V78 A39-5120","cell":"K47 W96-3964","id":{"name":"SIN","value":"656981651"},"picture":{"large":"https://randomuser.me/api/portraits/men/49.jpg","medium":"https://randomuser.me/api/portraits/med/men/49.jpg","thumbnail":"https://randomuser.me/api/portraits/thumb/men/49.jpg"},"nat":"CA"}],"info":{"seed":"3fa3515aed766b38","results":1,"page":1,"version":"1.4"}} 
 </msg>
<msg time="2024-05-08T00:51:42.135459" level="INFO">/opt/hostedtoolcache/Python/3.12.3/x64/lib/python3.12/site-packages/urllib3/connectionpool.py:1103: InsecureRequestWarning: Unverified HTTPS request is being made to host 'randomuser.me'. Adding certificate verification is strongly advised. See: https://urllib3.readthedocs.io/en/latest/advanced-usage.html#tls-warnings
  warnings.warn(</msg>
<msg time="2024-05-08T00:51:42.135590" level="INFO">${response} = &lt;Response [200]&gt;</msg>
<var>${response}</var>
<arg>consultarAPI</arg>
<arg>/api</arg>
<doc>Sends a GET request on a previously created HTTP Session.</doc>
<status status="PASS" start="2024-05-08T00:51:42.045590" elapsed="0.090040"/>
</kw>
<kw name="Set Variable" owner="BuiltIn">
<msg time="2024-05-08T00:51:42.136450" level="INFO">${json_data} = {'results': [{'gender': 'male', 'name': {'title': 'Mr', 'first': 'Leo', 'last': 'Grewal'}, 'location': {'street': {'number': 4494, 'name': 'Simcoe St'}, 'city': 'Odessa', 'state': 'British Columbia', ...</msg>
<var>${json_data}</var>
<arg>${response.json()}</arg>
<doc>Returns the given values which can then be assigned to a variables.</doc>
<status status="PASS" start="2024-05-08T00:51:42.135988" elapsed="0.000490"/>
</kw>
<kw name="Log" owner="BuiltIn">
<msg time="2024-05-08T00:51:42.136937" level="INFO">{'results': [{'gender': 'male', 'name': {'title': 'Mr', 'first': 'Leo', 'last': 'Grewal'}, 'location': {'street': {'number': 4494, 'name': 'Simcoe St'}, 'city': 'Odessa', 'state': 'British Columbia', 'country': 'Canada', 'postcode': 'S9K 1E8', 'coordinates': {'latitude': '-70.3279', 'longitude': '-164.4461'}, 'timezone': {'offset': '+7:00', 'description': 'Bangkok, Hanoi, Jakarta'}}, 'email': 'leo.grewal@example.com', 'login': {'uuid': '86c7da2e-1ae7-4d49-ba97-c2d7dcd05f81', 'username': 'organicladybug782', 'password': 'nikita', 'salt': 'gO5D3qK7', 'md5': 'af674e792bff6faaebccb36311162ca8', 'sha1': '6f3ae22b02add3fb241f193cda6b0c3e9aa2e0cf', 'sha256': '6f2160b3d59f1e908cbe3e05e834081038376ccfcf8c979156161a76e18c18c9'}, 'dob': {'date': '1953-12-04T19:30:49.829Z', 'age': 70}, 'registered': {'date': '2018-11-03T06:27:29.600Z', 'age': 5}, 'phone': 'V78 A39-5120', 'cell': 'K47 W96-3964', 'id': {'name': 'SIN', 'value': '656981651'}, 'picture': {'large': 'https://randomuser.me/api/portraits/men/49.jpg', 'medium': 'https://randomuser.me/api/portraits/med/men/49.jpg', 'thumbnail': 'https://randomuser.me/api/portraits/thumb/men/49.jpg'}, 'nat': 'CA'}], 'info': {'seed': '3fa3515aed766b38', 'results': 1, 'page': 1, 'version': '1.4'}}</msg>
<arg>${json_data}</arg>
<doc>Logs the given message with the given level.</doc>
<status status="PASS" start="2024-05-08T00:51:42.136781" elapsed="0.000204"/>
</kw>
<kw name="Dictionary Should Contain Key" owner="Collections">
<msg time="2024-05-08T00:51:42.137434" level="INFO">False</msg>
<arg>${json_data}</arg>
<arg>results</arg>
<doc>Fails if ``key`` is not found from ``dictionary``.</doc>
<status status="PASS" start="2024-05-08T00:51:42.137278" elapsed="0.000192"/>
</kw>
<kw name="Should Not Be Empty" owner="BuiltIn">
<msg time="2024-05-08T00:51:42.137896" level="INFO">Length is 2.</msg>
<arg>${json_data}</arg>
<doc>Verifies that the given item is not empty.</doc>
<status status="PASS" start="2024-05-08T00:51:42.137760" elapsed="0.000292"/>
</kw>
<kw name="Create List" owner="BuiltIn">
<msg time="2024-05-08T00:51:42.138536" level="INFO">${expected_keys} = ['gender', 'name', 'location', 'email', 'login']</msg>
<var>${expected_keys}</var>
<arg>gender</arg>
<arg>name</arg>
<arg>location</arg>
<arg>email</arg>
<arg>login</arg>
<doc>Returns a list containing given items.</doc>
<status status="PASS" start="2024-05-08T00:51:42.138379" elapsed="0.000182"/>
</kw>
<for flavor="IN">
<iter>
<kw name="Dictionary Should Contain Key" owner="Collections">
<msg time="2024-05-08T00:51:42.139527" level="INFO">False</msg>
<arg>${json_data['results'][0]}</arg>
<arg>${key}</arg>
<doc>Fails if ``key`` is not found from ``dictionary``.</doc>
<status status="PASS" start="2024-05-08T00:51:42.139126" elapsed="0.000439"/>
</kw>
<kw name="Log" owner="BuiltIn">
<msg time="2024-05-08T00:51:42.140227" level="INFO">{'gender': 'male', 'name': {'title': 'Mr', 'first': 'Leo', 'last': 'Grewal'}, 'location': {'street': {'number': 4494, 'name': 'Simcoe St'}, 'city': 'Odessa', 'state': 'British Columbia', 'country': 'Canada', 'postcode': 'S9K 1E8', 'coordinates': {'latitude': '-70.3279', 'longitude': '-164.4461'}, 'timezone': {'offset': '+7:00', 'description': 'Bangkok, Hanoi, Jakarta'}}, 'email': 'leo.grewal@example.com', 'login': {'uuid': '86c7da2e-1ae7-4d49-ba97-c2d7dcd05f81', 'username': 'organicladybug782', 'password': 'nikita', 'salt': 'gO5D3qK7', 'md5': 'af674e792bff6faaebccb36311162ca8', 'sha1': '6f3ae22b02add3fb241f193cda6b0c3e9aa2e0cf', 'sha256': '6f2160b3d59f1e908cbe3e05e834081038376ccfcf8c979156161a76e18c18c9'}, 'dob': {'date': '1953-12-04T19:30:49.829Z', 'age': 70}, 'registered': {'date': '2018-11-03T06:27:29.600Z', 'age': 5}, 'phone': 'V78 A39-5120', 'cell': 'K47 W96-3964', 'id': {'name': 'SIN', 'value': '656981651'}, 'picture': {'large': 'https://randomuser.me/api/portraits/men/49.jpg', 'medium': 'https://randomuser.me/api/portraits/med/men/49.jpg', 'thumbnail': 'https://randomuser.me/api/portraits/thumb/men/49.jpg'}, 'nat': 'CA'}</msg>
<arg>${json_data['results'][0]}</arg>
<doc>Logs the given message with the given level.</doc>
<status status="PASS" start="2024-05-08T00:51:42.139860" elapsed="0.000414"/>
</kw>
<kw name="Log" owner="BuiltIn">
<msg time="2024-05-08T00:51:42.140696" level="INFO">gender</msg>
<arg>${key}</arg>
<doc>Logs the given message with the given level.</doc>
<status status="PASS" start="2024-05-08T00:51:42.140568" elapsed="0.000165"/>
</kw>
<var name="${key}">gender</var>
<status status="PASS" start="2024-05-08T00:51:42.139001" elapsed="0.001946"/>
</iter>
<iter>
<kw name="Dictionary Should Contain Key" owner="Collections">
<msg time="2024-05-08T00:51:42.141616" level="INFO">False</msg>
<arg>${json_data['results'][0]}</arg>
<arg>${key}</arg>
<doc>Fails if ``key`` is not found from ``dictionary``.</doc>
<status status="PASS" start="2024-05-08T00:51:42.141242" elapsed="0.000410"/>
</kw>
<kw name="Log" owner="BuiltIn">
<msg time="2024-05-08T00:51:42.142367" level="INFO">{'gender': 'male', 'name': {'title': 'Mr', 'first': 'Leo', 'last': 'Grewal'}, 'location': {'street': {'number': 4494, 'name': 'Simcoe St'}, 'city': 'Odessa', 'state': 'British Columbia', 'country': 'Canada', 'postcode': 'S9K 1E8', 'coordinates': {'latitude': '-70.3279', 'longitude': '-164.4461'}, 'timezone': {'offset': '+7:00', 'description': 'Bangkok, Hanoi, Jakarta'}}, 'email': 'leo.grewal@example.com', 'login': {'uuid': '86c7da2e-1ae7-4d49-ba97-c2d7dcd05f81', 'username': 'organicladybug782', 'password': 'nikita', 'salt': 'gO5D3qK7', 'md5': 'af674e792bff6faaebccb36311162ca8', 'sha1': '6f3ae22b02add3fb241f193cda6b0c3e9aa2e0cf', 'sha256': '6f2160b3d59f1e908cbe3e05e834081038376ccfcf8c979156161a76e18c18c9'}, 'dob': {'date': '1953-12-04T19:30:49.829Z', 'age': 70}, 'registered': {'date': '2018-11-03T06:27:29.600Z', 'age': 5}, 'phone': 'V78 A39-5120', 'cell': 'K47 W96-3964', 'id': {'name': 'SIN', 'value': '656981651'}, 'picture': {'large': 'https://randomuser.me/api/portraits/men/49.jpg', 'medium': 'https://randomuser.me/api/portraits/med/men/49.jpg', 'thumbnail': 'https://randomuser.me/api/portraits/thumb/men/49.jpg'}, 'nat': 'CA'}</msg>
<arg>${json_data['results'][0]}</arg>
<doc>Logs the given message with the given level.</doc>
<status status="PASS" start="2024-05-08T00:51:42.141975" elapsed="0.000441"/>
</kw>
<kw name="Log" owner="BuiltIn">
<msg time="2024-05-08T00:51:42.142843" level="INFO">name</msg>
<arg>${key}</arg>
<doc>Logs the given message with the given level.</doc>
<status status="PASS" start="2024-05-08T00:51:42.142715" elapsed="0.000166"/>
</kw>
<var name="${key}">name</var>
<status status="PASS" start="2024-05-08T00:51:42.141128" elapsed="0.001965"/>
</iter>
<iter>
<kw name="Dictionary Should Contain Key" owner="Collections">
<msg time="2024-05-08T00:51:42.143766" level="INFO">False</msg>
<arg>${json_data['results'][0]}</arg>
<arg>${key}</arg>
<doc>Fails if ``key`` is not found from ``dictionary``.</doc>
<status status="PASS" start="2024-05-08T00:51:42.143381" elapsed="0.000422"/>
</kw>
<kw name="Log" owner="BuiltIn">
<msg time="2024-05-08T00:51:42.144453" level="INFO">{'gender': 'male', 'name': {'title': 'Mr', 'first': 'Leo', 'last': 'Grewal'}, 'location': {'street': {'number': 4494, 'name': 'Simcoe St'}, 'city': 'Odessa', 'state': 'British Columbia', 'country': 'Canada', 'postcode': 'S9K 1E8', 'coordinates': {'latitude': '-70.3279', 'longitude': '-164.4461'}, 'timezone': {'offset': '+7:00', 'description': 'Bangkok, Hanoi, Jakarta'}}, 'email': 'leo.grewal@example.com', 'login': {'uuid': '86c7da2e-1ae7-4d49-ba97-c2d7dcd05f81', 'username': 'organicladybug782', 'password': 'nikita', 'salt': 'gO5D3qK7', 'md5': 'af674e792bff6faaebccb36311162ca8', 'sha1': '6f3ae22b02add3fb241f193cda6b0c3e9aa2e0cf', 'sha256': '6f2160b3d59f1e908cbe3e05e834081038376ccfcf8c979156161a76e18c18c9'}, 'dob': {'date': '1953-12-04T19:30:49.829Z', 'age': 70}, 'registered': {'date': '2018-11-03T06:27:29.600Z', 'age': 5}, 'phone': 'V78 A39-5120', 'cell': 'K47 W96-3964', 'id': {'name': 'SIN', 'value': '656981651'}, 'picture': {'large': 'https://randomuser.me/api/portraits/men/49.jpg', 'medium': 'https://randomuser.me/api/portraits/med/men/49.jpg', 'thumbnail': 'https://randomuser.me/api/portraits/thumb/men/49.jpg'}, 'nat': 'CA'}</msg>
<arg>${json_data['results'][0]}</arg>
<doc>Logs the given message with the given level.</doc>
<status status="PASS" start="2024-05-08T00:51:42.144096" elapsed="0.000403"/>
</kw>
<kw name="Log" owner="BuiltIn">
<msg time="2024-05-08T00:51:42.144916" level="INFO">location</msg>
<arg>${key}</arg>
<doc>Logs the given message with the given level.</doc>
<status status="PASS" start="2024-05-08T00:51:42.144790" elapsed="0.000164"/>
</kw>
<var name="${key}">location</var>
<status status="PASS" start="2024-05-08T00:51:42.143270" elapsed="0.001898"/>
</iter>
<iter>
<kw name="Dictionary Should Contain Key" owner="Collections">
<msg time="2024-05-08T00:51:42.145830" level="INFO">False</msg>
<arg>${json_data['results'][0]}</arg>
<arg>${key}</arg>
<doc>Fails if ``key`` is not found from ``dictionary``.</doc>
<status status="PASS" start="2024-05-08T00:51:42.145450" elapsed="0.000416"/>
</kw>
<kw name="Log" owner="BuiltIn">
<msg time="2024-05-08T00:51:42.146559" level="INFO">{'gender': 'male', 'name': {'title': 'Mr', 'first': 'Leo', 'last': 'Grewal'}, 'location': {'street': {'number': 4494, 'name': 'Simcoe St'}, 'city': 'Odessa', 'state': 'British Columbia', 'country': 'Canada', 'postcode': 'S9K 1E8', 'coordinates': {'latitude': '-70.3279', 'longitude': '-164.4461'}, 'timezone': {'offset': '+7:00', 'description': 'Bangkok, Hanoi, Jakarta'}}, 'email': 'leo.grewal@example.com', 'login': {'uuid': '86c7da2e-1ae7-4d49-ba97-c2d7dcd05f81', 'username': 'organicladybug782', 'password': 'nikita', 'salt': 'gO5D3qK7', 'md5': 'af674e792bff6faaebccb36311162ca8', 'sha1': '6f3ae22b02add3fb241f193cda6b0c3e9aa2e0cf', 'sha256': '6f2160b3d59f1e908cbe3e05e834081038376ccfcf8c979156161a76e18c18c9'}, 'dob': {'date': '1953-12-04T19:30:49.829Z', 'age': 70}, 'registered': {'date': '2018-11-03T06:27:29.600Z', 'age': 5}, 'phone': 'V78 A39-5120', 'cell': 'K47 W96-3964', 'id': {'name': 'SIN', 'value': '656981651'}, 'picture': {'large': 'https://randomuser.me/api/portraits/men/49.jpg', 'medium': 'https://randomuser.me/api/portraits/med/men/49.jpg', 'thumbnail': 'https://randomuser.me/api/portraits/thumb/men/49.jpg'}, 'nat': 'CA'}</msg>
<arg>${json_data['results'][0]}</arg>
<doc>Logs the given message with the given level.</doc>
<status status="PASS" start="2024-05-08T00:51:42.146160" elapsed="0.000447"/>
</kw>
<kw name="Log" owner="BuiltIn">
<msg time="2024-05-08T00:51:42.147026" level="INFO">email</msg>
<arg>${key}</arg>
<doc>Logs the given message with the given level.</doc>
<status status="PASS" start="2024-05-08T00:51:42.146901" elapsed="0.000162"/>
</kw>
<var name="${key}">email</var>
<status status="PASS" start="2024-05-08T00:51:42.145340" elapsed="0.001933"/>
</iter>
<iter>
<kw name="Dictionary Should Contain Key" owner="Collections">
<msg time="2024-05-08T00:51:42.147944" level="INFO">False</msg>
<arg>${json_data['results'][0]}</arg>
<arg>${key}</arg>
<doc>Fails if ``key`` is not found from ``dictionary``.</doc>
<status status="PASS" start="2024-05-08T00:51:42.147553" elapsed="0.000429"/>
</kw>
<kw name="Log" owner="BuiltIn">
<msg time="2024-05-08T00:51:42.148633" level="INFO">{'gender': 'male', 'name': {'title': 'Mr', 'first': 'Leo', 'last': 'Grewal'}, 'location': {'street': {'number': 4494, 'name': 'Simcoe St'}, 'city': 'Odessa', 'state': 'British Columbia', 'country': 'Canada', 'postcode': 'S9K 1E8', 'coordinates': {'latitude': '-70.3279', 'longitude': '-164.4461'}, 'timezone': {'offset': '+7:00', 'description': 'Bangkok, Hanoi, Jakarta'}}, 'email': 'leo.grewal@example.com', 'login': {'uuid': '86c7da2e-1ae7-4d49-ba97-c2d7dcd05f81', 'username': 'organicladybug782', 'password': 'nikita', 'salt': 'gO5D3qK7', 'md5': 'af674e792bff6faaebccb36311162ca8', 'sha1': '6f3ae22b02add3fb241f193cda6b0c3e9aa2e0cf', 'sha256': '6f2160b3d59f1e908cbe3e05e834081038376ccfcf8c979156161a76e18c18c9'}, 'dob': {'date': '1953-12-04T19:30:49.829Z', 'age': 70}, 'registered': {'date': '2018-11-03T06:27:29.600Z', 'age': 5}, 'phone': 'V78 A39-5120', 'cell': 'K47 W96-3964', 'id': {'name': 'SIN', 'value': '656981651'}, 'picture': {'large': 'https://randomuser.me/api/portraits/men/49.jpg', 'medium': 'https://randomuser.me/api/portraits/med/men/49.jpg', 'thumbnail': 'https://randomuser.me/api/portraits/thumb/men/49.jpg'}, 'nat': 'CA'}</msg>
<arg>${json_data['results'][0]}</arg>
<doc>Logs the given message with the given level.</doc>
<status status="PASS" start="2024-05-08T00:51:42.148273" elapsed="0.000406"/>
</kw>
<kw name="Log" owner="BuiltIn">
<msg time="2024-05-08T00:51:42.149106" level="INFO">login</msg>
<arg>${key}</arg>
<doc>Logs the given message with the given level.</doc>
<status status="PASS" start="2024-05-08T00:51:42.148979" elapsed="0.000164"/>
</kw>
<var name="${key}">login</var>
<status status="PASS" start="2024-05-08T00:51:42.147444" elapsed="0.001916"/>
</iter>
<var>${key}</var>
<value>@{expected_keys}</value>
<status status="PASS" start="2024-05-08T00:51:42.138814" elapsed="0.010693"/>
</for>
<kw name="Create List" owner="BuiltIn">
<msg time="2024-05-08T00:51:42.149840" level="INFO">${expected_keysTwo} = ['username', 'password']</msg>
<var>${expected_keysTwo}</var>
<arg>username</arg>
<arg>password</arg>
<doc>Returns a list containing given items.</doc>
<status status="PASS" start="2024-05-08T00:51:42.149703" elapsed="0.000160"/>
</kw>
<for flavor="IN">
<iter>
<kw name="Dictionary Should Contain Key" owner="Collections">
<msg time="2024-05-08T00:51:42.150782" level="INFO">False</msg>
<arg>${json_data['results'][0]['login']}</arg>
<arg>${keyTwo}</arg>
<doc>Fails if ``key`` is not found from ``dictionary``.</doc>
<status status="PASS" start="2024-05-08T00:51:42.150390" elapsed="0.000428"/>
</kw>
<kw name="Dictionary Should Contain Key" owner="Collections">
<msg time="2024-05-08T00:51:42.151482" level="INFO">False</msg>
<arg>${json_data['results'][0]['login']}</arg>
<arg>${keyTwo}</arg>
<doc>Fails if ``key`` is not found from ``dictionary``.</doc>
<status status="PASS" start="2024-05-08T00:51:42.151109" elapsed="0.000410"/>
</kw>
<kw name="Log" owner="BuiltIn">
<msg time="2024-05-08T00:51:42.151934" level="INFO">username</msg>
<arg>${keyTwo}</arg>
<doc>Logs the given message with the given level.</doc>
<status status="PASS" start="2024-05-08T00:51:42.151809" elapsed="0.000168"/>
</kw>
<var name="${keyTwo}">username</var>
<status status="PASS" start="2024-05-08T00:51:42.150248" elapsed="0.001946"/>
</iter>
<iter>
<kw name="Dictionary Should Contain Key" owner="Collections">
<msg time="2024-05-08T00:51:42.152935" level="INFO">False</msg>
<arg>${json_data['results'][0]['login']}</arg>
<arg>${keyTwo}</arg>
<doc>Fails if ``key`` is not found from ``dictionary``.</doc>
<status status="PASS" start="2024-05-08T00:51:42.152472" elapsed="0.000502"/>
</kw>
<kw name="Dictionary Should Contain Key" owner="Collections">
<msg time="2024-05-08T00:51:42.153646" level="INFO">False</msg>
<arg>${json_data['results'][0]['login']}</arg>
<arg>${keyTwo}</arg>
<doc>Fails if ``key`` is not found from ``dictionary``.</doc>
<status status="PASS" start="2024-05-08T00:51:42.153268" elapsed="0.000415"/>
</kw>
<kw name="Log" owner="BuiltIn">
<msg time="2024-05-08T00:51:42.154098" level="INFO">password</msg>
<arg>${keyTwo}</arg>
<doc>Logs the given message with the given level.</doc>
<status status="PASS" start="2024-05-08T00:51:42.153972" elapsed="0.000163"/>
</kw>
<var name="${keyTwo}">password</var>
<status status="PASS" start="2024-05-08T00:51:42.152363" elapsed="0.002017"/>
</iter>
<var>${keyTwo}</var>
<value>@{expected_keysTwo}</value>
<status status="PASS" start="2024-05-08T00:51:42.150098" elapsed="0.004404"/>
</for>
<status status="PASS" start="2024-05-08T00:51:42.045355" elapsed="0.109282"/>
</kw>
<doc>Testa a estrutura da resposta da API.</doc>
<tag>testeEstruturaResposta</tag>
<status status="PASS" start="2024-05-08T00:51:42.044711" elapsed="0.110071"/>
</test>
<test id="s1-s1-t4" name="Validar tipos de dados" line="28">
<kw name="Teste de Tipos de Dados" owner="random-user-service">
<kw name="GET On Session" owner="RequestsLibrary">
<msg time="2024-05-08T00:51:42.230090" level="INFO">GET Request : url=https://randomuser.me/api 
 path_url=/api 
 headers={'User-Agent': 'python-requests/2.31.0', 'Accept-Encoding': 'gzip, deflate', 'Accept': '*/*', 'Connection': 'keep-alive'} 
 body=None 
 </msg>
<msg time="2024-05-08T00:51:42.230172" level="INFO">GET Response : url=https://randomuser.me/api 
 status=200, reason=OK 
 headers={'Date': 'Wed, 08 May 2024 00:51:42 GMT', 'Content-Type': 'application/json; charset=utf-8', 'Transfer-Encoding': 'chunked', 'Connection': 'keep-alive', 'X-Powered-By': 'Express', 'Access-Control-Allow-Origin': '*', 'Cache-Control': 'no-cache', 'ETag': 'W/"4a1-zpKmnVSWf8nzWGKIadiBrekTu7Q"', 'Vary': 'Accept-Encoding', 'Content-Encoding': 'gzip', 'CF-Cache-Status': 'DYNAMIC', 'Report-To': '{"endpoints":[{"url":"https:\\/\\/a.nel.cloudflare.com\\/report\\/v4?s=2gxVpcIAiFLWXLKy1Mi0dNxE58lpOK7f1vSk%2F%2BC31X04cuQ7RiofmW%2BFhw8fmsffu4HG8fYQ6ugIf4xAiqpoXyagHgiSkSOz7yCDHjE2ZpCqv8y0j9HBW6z1gUAnOU1M"}],"group":"cf-nel","max_age":604800}', 'NEL': '{"success_fraction":0,"report_to":"cf-nel","max_age":604800}', 'Server': 'cloudflare', 'CF-RAY': '8805767c7e4b29bc-IAD', 'alt-svc': 'h3=":443"; ma=86400'} 
 body={"results":[{"gender":"male","name":{"title":"Mr","first":"Samuel","last":"Kivisto"},"location":{"street":{"number":5047,"name":"Tahmelantie"},"city":"Kempele","state":"Southern Savonia","country":"Finland","postcode":31708,"coordinates":{"latitude":"-22.8695","longitude":"-13.8675"},"timezone":{"offset":"-6:00","description":"Central Time (US &amp; Canada), Mexico City"}},"email":"samuel.kivisto@example.com","login":{"uuid":"d538d4d3-33e1-47f7-95cc-a3fc754149bd","username":"silverrabbit668","password":"franklin","salt":"oo5hD0Eg","md5":"dd91087230f91f4dff66be9f1e8f62ee","sha1":"85ee4f391889acefb832fbb7bb0f60594664987c","sha256":"ca6ac3c5318ad5282632c2a7dd8c14d84242e5cd8a881e274ca4e93c035ff465"},"dob":{"date":"1956-05-26T10:50:34.111Z","age":67},"registered":{"date":"2021-07-06T22:58:16.396Z","age":2},"phone":"05-321-257","cell":"048-949-60-47","id":{"name":"HETU","value":"NaNNA829undefined"},"picture":{"large":"https://randomuser.me/api/portraits/men/78.jpg","medium":"https://randomuser.me/api/portraits/med/men/78.jpg","thumbnail":"https://randomuser.me/api/portraits/thumb/men/78.jpg"},"nat":"FI"}],"info":{"seed":"232a18fe500bcf16","results":1,"page":1,"version":"1.4"}} 
 </msg>
<msg time="2024-05-08T00:51:42.230248" level="INFO">/opt/hostedtoolcache/Python/3.12.3/x64/lib/python3.12/site-packages/urllib3/connectionpool.py:1103: InsecureRequestWarning: Unverified HTTPS request is being made to host 'randomuser.me'. Adding certificate verification is strongly advised. See: https://urllib3.readthedocs.io/en/latest/advanced-usage.html#tls-warnings
  warnings.warn(</msg>
<msg time="2024-05-08T00:51:42.230419" level="INFO">${response} = &lt;Response [200]&gt;</msg>
<var>${response}</var>
<arg>consultarAPI</arg>
<arg>/api</arg>
<doc>Sends a GET request on a previously created HTTP Session.</doc>
<status status="PASS" start="2024-05-08T00:51:42.157159" elapsed="0.073298"/>
</kw>
<kw name="Set Variable" owner="BuiltIn">
<msg time="2024-05-08T00:51:42.231271" level="INFO">${json_data} = {'results': [{'gender': 'male', 'name': {'title': 'Mr', 'first': 'Samuel', 'last': 'Kivisto'}, 'location': {'street': {'number': 5047, 'name': 'Tahmelantie'}, 'city': 'Kempele', 'state': 'Southern Sav...</msg>
<var>${json_data}</var>
<arg>${response.json()}</arg>
<doc>Returns the given values which can then be assigned to a variables.</doc>
<status status="PASS" start="2024-05-08T00:51:42.230835" elapsed="0.000463"/>
</kw>
<kw name="Log" owner="BuiltIn">
<msg time="2024-05-08T00:51:42.231745" level="INFO">{'results': [{'gender': 'male', 'name': {'title': 'Mr', 'first': 'Samuel', 'last': 'Kivisto'}, 'location': {'street': {'number': 5047, 'name': 'Tahmelantie'}, 'city': 'Kempele', 'state': 'Southern Savonia', 'country': 'Finland', 'postcode': 31708, 'coordinates': {'latitude': '-22.8695', 'longitude': '-13.8675'}, 'timezone': {'offset': '-6:00', 'description': 'Central Time (US &amp; Canada), Mexico City'}}, 'email': 'samuel.kivisto@example.com', 'login': {'uuid': 'd538d4d3-33e1-47f7-95cc-a3fc754149bd', 'username': 'silverrabbit668', 'password': 'franklin', 'salt': 'oo5hD0Eg', 'md5': 'dd91087230f91f4dff66be9f1e8f62ee', 'sha1': '85ee4f391889acefb832fbb7bb0f60594664987c', 'sha256': 'ca6ac3c5318ad5282632c2a7dd8c14d84242e5cd8a881e274ca4e93c035ff465'}, 'dob': {'date': '1956-05-26T10:50:34.111Z', 'age': 67}, 'registered': {'date': '2021-07-06T22:58:16.396Z', 'age': 2}, 'phone': '05-321-257', 'cell': '048-949-60-47', 'id': {'name': 'HETU', 'value': 'NaNNA829undefined'}, 'picture': {'large': 'https://randomuser.me/api/portraits/men/78.jpg', 'medium': 'https://randomuser.me/api/portraits/med/men/78.jpg', 'thumbnail': 'https://randomuser.me/api/portraits/thumb/men/78.jpg'}, 'nat': 'FI'}], 'info': {'seed': '232a18fe500bcf16', 'results': 1, 'page': 1, 'version': '1.4'}}</msg>
<arg>${json_data}</arg>
<doc>Logs the given message with the given level.</doc>
<status status="PASS" start="2024-05-08T00:51:42.231596" elapsed="0.000231"/>
</kw>
<kw name="Should Be String" owner="String">
<arg>${json_data['results'][0]['gender']}</arg>
<doc>Fails if the given ``item`` is not a string.</doc>
<status status="PASS" start="2024-05-08T00:51:42.232119" elapsed="0.000355"/>
</kw>
<kw name="Should Match Regexp" owner="BuiltIn">
<arg>${json_data['results'][0]['email']}</arg>
<arg>^[a-zA-Z0-9._%+-]+@[a-zA-Z0-9.-]+\.[a-zA-Z]{2,}$</arg>
<doc>Fails if ``string`` does not match ``pattern`` as a regular expression.</doc>
<status status="PASS" start="2024-05-08T00:51:42.232663" elapsed="0.000495"/>
</kw>
<kw name="Should Match Regexp" owner="BuiltIn">
<arg>${json_data['results'][0]['dob']['date']}</arg>
<arg>\\d{4}-\\d{2}-\\d{2}T\\d{2}:\\d{2}:\\d{2}\\.\\d{3}Z</arg>
<doc>Fails if ``string`` does not match ``pattern`` as a regular expression.</doc>
<status status="PASS" start="2024-05-08T00:51:42.233350" elapsed="0.000487"/>
</kw>
<kw name="Should Match Regexp" owner="BuiltIn">
<arg>${json_data['results'][0]['registered']['date']}</arg>
<arg>\\d{4}-\\d{2}-\\d{2}T\\d{2}:\\d{2}:\\d{2}\\.\\d{3}Z</arg>
<doc>Fails if ``string`` does not match ``pattern`` as a regular expression.</doc>
<status status="PASS" start="2024-05-08T00:51:42.234027" elapsed="0.000386"/>
</kw>
<kw name="Should Match Regexp" owner="BuiltIn">
<arg>${json_data['results'][0]['picture']['large']}</arg>
<arg>^https?://.*\.(?:png|jpe?g|gif|bmp)$</arg>
<doc>Fails if ``string`` does not match ``pattern`` as a regular expression.</doc>
<status status="PASS" start="2024-05-08T00:51:42.234602" elapsed="0.000463"/>
</kw>
<kw name="Should Match Regexp" owner="BuiltIn">
<arg>${json_data['results'][0]['picture']['medium']}</arg>
<arg>^https?://.*\.(?:png|jpe?g|gif|bmp)$</arg>
<doc>Fails if ``string`` does not match ``pattern`` as a regular expression.</doc>
<status status="PASS" start="2024-05-08T00:51:42.235252" elapsed="0.000349"/>
</kw>
<kw name="Should Match Regexp" owner="BuiltIn">
<arg>${json_data['results'][0]['picture']['thumbnail']}</arg>
<arg>^https?://.*\.(?:png|jpe?g|gif|bmp)$</arg>
<doc>Fails if ``string`` does not match ``pattern`` as a regular expression.</doc>
<status status="PASS" start="2024-05-08T00:51:42.235789" elapsed="0.000345"/>
</kw>
<kw name="Log" owner="BuiltIn">
<msg time="2024-05-08T00:51:42.236629" level="INFO">{'large': 'https://randomuser.me/api/portraits/men/78.jpg', 'medium': 'https://randomuser.me/api/portraits/med/men/78.jpg', 'thumbnail': 'https://randomuser.me/api/portraits/thumb/men/78.jpg'}</msg>
<arg>${json_data['results'][0]['picture']}</arg>
<doc>Logs the given message with the given level.</doc>
<status status="PASS" start="2024-05-08T00:51:42.236312" elapsed="0.000359"/>
</kw>
<status status="PASS" start="2024-05-08T00:51:42.156943" elapsed="0.079980"/>
</kw>
<kw name="Teste de Tipos de Dados - Postcode" owner="random-user-service">
<kw name="GET On Session" owner="RequestsLibrary">
<msg time="2024-05-08T00:51:42.348306" level="INFO">GET Request : url=https://randomuser.me/api 
 path_url=/api 
 headers={'User-Agent': 'python-requests/2.31.0', 'Accept-Encoding': 'gzip, deflate', 'Accept': '*/*', 'Connection': 'keep-alive'} 
 body=None 
 </msg>
<msg time="2024-05-08T00:51:42.348387" level="INFO">GET Response : url=https://randomuser.me/api 
 status=200, reason=OK 
 headers={'Date': 'Wed, 08 May 2024 00:51:42 GMT', 'Content-Type': 'application/json; charset=utf-8', 'Transfer-Encoding': 'chunked', 'Connection': 'keep-alive', 'X-Powered-By': 'Express', 'Access-Control-Allow-Origin': '*', 'Cache-Control': 'no-cache', 'ETag': 'W/"492-Y+iTMH4+9oZ+9jdQsEJolBz3cgc"', 'Vary': 'Accept-Encoding', 'Content-Encoding': 'gzip', 'CF-Cache-Status': 'DYNAMIC', 'Report-To': '{"endpoints":[{"url":"https:\\/\\/a.nel.cloudflare.com\\/report\\/v4?s=rdwqo42Ik4782eeBcUcpxJKRM3HNSrwE8pI%2BufMwA75JCufZBoZZpqGzbecWKpK27JMUh46P08sLpHZUpEI68%2FJxCewIoal1tXo4jJzexyykKM2EoEJYkcR%2F8jsLP1LB"}],"group":"cf-nel","max_age":604800}', 'NEL': '{"success_fraction":0,"report_to":"cf-nel","max_age":604800}', 'Server': 'cloudflare', 'CF-RAY': '8805767cff0929bc-IAD', 'alt-svc': 'h3=":443"; ma=86400'} 
 body={"results":[{"gender":"female","name":{"title":"Miss","first":"Sonia","last":"James"},"location":{"street":{"number":4196,"name":"Fincher Rd"},"city":"Sydney","state":"South Australia","country":"Australia","postcode":9909,"coordinates":{"latitude":"-81.9971","longitude":"34.5595"},"timezone":{"offset":"+3:00","description":"Baghdad, Riyadh, Moscow, St. Petersburg"}},"email":"sonia.james@example.com","login":{"uuid":"d70864c9-5b67-4852-b089-8fa40b01bc6d","username":"purplelion977","password":"kong","salt":"TyDGvlRd","md5":"18f5e581573471f4f0f76787a4f7eedf","sha1":"5bf340fe1b152a21ed43e994d9da5a5e8a1a5625","sha256":"fee973030853f09b00901d6bf19b02c1c87a47b83b30aec750a8006ac14fc2de"},"dob":{"date":"1980-07-10T10:00:35.248Z","age":43},"registered":{"date":"2008-01-25T02:01:03.487Z","age":16},"phone":"07-0177-4897","cell":"0479-323-476","id":{"name":"TFN","value":"058025162"},"picture":{"large":"https://randomuser.me/api/portraits/women/5.jpg","medium":"https://randomuser.me/api/portraits/med/women/5.jpg","thumbnail":"https://randomuser.me/api/portraits/thumb/women/5.jpg"},"nat":"AU"}],"info":{"seed":"5e58008dc247cde5","results":1,"page":1,"version":"1.4"}} 
 </msg>
<msg time="2024-05-08T00:51:42.348460" level="INFO">/opt/hostedtoolcache/Python/3.12.3/x64/lib/python3.12/site-packages/urllib3/connectionpool.py:1103: InsecureRequestWarning: Unverified HTTPS request is being made to host 'randomuser.me'. Adding certificate verification is strongly advised. See: https://urllib3.readthedocs.io/en/latest/advanced-usage.html#tls-warnings
  warnings.warn(</msg>
<msg time="2024-05-08T00:51:42.348599" level="INFO">${response} = &lt;Response [200]&gt;</msg>
<var>${response}</var>
<arg>consultarAPI</arg>
<arg>/api</arg>
<doc>Sends a GET request on a previously created HTTP Session.</doc>
<status status="PASS" start="2024-05-08T00:51:42.237349" elapsed="0.111293"/>
</kw>
<kw name="Set Variable" owner="BuiltIn">
<msg time="2024-05-08T00:51:42.349465" level="INFO">${json_data} = {'results': [{'gender': 'female', 'name': {'title': 'Miss', 'first': 'Sonia', 'last': 'James'}, 'location': {'street': {'number': 4196, 'name': 'Fincher Rd'}, 'city': 'Sydney', 'state': 'South Austral...</msg>
<var>${json_data}</var>
<arg>${response.json()}</arg>
<doc>Returns the given values which can then be assigned to a variables.</doc>
<status status="PASS" start="2024-05-08T00:51:42.349024" elapsed="0.000469"/>
</kw>
<kw name="Log" owner="BuiltIn">
<msg time="2024-05-08T00:51:42.349948" level="INFO">{'results': [{'gender': 'female', 'name': {'title': 'Miss', 'first': 'Sonia', 'last': 'James'}, 'location': {'street': {'number': 4196, 'name': 'Fincher Rd'}, 'city': 'Sydney', 'state': 'South Australia', 'country': 'Australia', 'postcode': 9909, 'coordinates': {'latitude': '-81.9971', 'longitude': '34.5595'}, 'timezone': {'offset': '+3:00', 'description': 'Baghdad, Riyadh, Moscow, St. Petersburg'}}, 'email': 'sonia.james@example.com', 'login': {'uuid': 'd70864c9-5b67-4852-b089-8fa40b01bc6d', 'username': 'purplelion977', 'password': 'kong', 'salt': 'TyDGvlRd', 'md5': '18f5e581573471f4f0f76787a4f7eedf', 'sha1': '5bf340fe1b152a21ed43e994d9da5a5e8a1a5625', 'sha256': 'fee973030853f09b00901d6bf19b02c1c87a47b83b30aec750a8006ac14fc2de'}, 'dob': {'date': '1980-07-10T10:00:35.248Z', 'age': 43}, 'registered': {'date': '2008-01-25T02:01:03.487Z', 'age': 16}, 'phone': '07-0177-4897', 'cell': '0479-323-476', 'id': {'name': 'TFN', 'value': '058025162'}, 'picture': {'large': 'https://randomuser.me/api/portraits/women/5.jpg', 'medium': 'https://randomuser.me/api/portraits/med/women/5.jpg', 'thumbnail': 'https://randomuser.me/api/portraits/thumb/women/5.jpg'}, 'nat': 'AU'}], 'info': {'seed': '5e58008dc247cde5', 'results': 1, 'page': 1, 'version': '1.4'}}</msg>
<arg>${json_data}</arg>
<doc>Logs the given message with the given level.</doc>
<status status="PASS" start="2024-05-08T00:51:42.349795" elapsed="0.000228"/>
</kw>
<kw name="Should Be Equal As Numbers" owner="BuiltIn">
<arg>${json_data['results'][0]['location']['postcode']}</arg>
<arg>${json_data['results'][0]['location']['postcode']}</arg>
<doc>Fails if objects are unequal after converting them to real numbers.</doc>
<status status="PASS" start="2024-05-08T00:51:42.350479" elapsed="0.000611"/>
</kw>
<kw name="Log" owner="BuiltIn">
<msg time="2024-05-08T00:51:42.351618" level="INFO">9909</msg>
<arg>${json_data['results'][0]['location']['postcode']}</arg>
<doc>Logs the given message with the given level.</doc>
<status status="PASS" start="2024-05-08T00:51:42.351282" elapsed="0.000375"/>
</kw>
<status status="PASS" start="2024-05-08T00:51:42.237132" elapsed="0.114771"/>
</kw>
<doc>Testa se os tipos de dados na resposta da API estão corretos.</doc>
<tag>testeTiposDados</tag>
<status status="PASS" start="2024-05-08T00:51:42.156534" elapsed="0.195524"/>
</test>
<test id="s1-s1-t5" name="Validar conteudo" line="35">
<kw name="Teste de Tipos de Conteudo" owner="random-user-service">
<kw name="GET On Session" owner="RequestsLibrary">
<msg time="2024-05-08T00:51:42.432189" level="INFO">GET Request : url=https://randomuser.me/api 
 path_url=/api 
 headers={'User-Agent': 'python-requests/2.31.0', 'Accept-Encoding': 'gzip, deflate', 'Accept': '*/*', 'Connection': 'keep-alive'} 
 body=None 
 </msg>
<msg time="2024-05-08T00:51:42.432276" level="INFO">GET Response : url=https://randomuser.me/api 
 status=200, reason=OK 
 headers={'Date': 'Wed, 08 May 2024 00:51:42 GMT', 'Content-Type': 'application/json; charset=utf-8', 'Transfer-Encoding': 'chunked', 'Connection': 'keep-alive', 'X-Powered-By': 'Express', 'Access-Control-Allow-Origin': '*', 'Cache-Control': 'no-cache', 'ETag': 'W/"4aa-Xb4ZzcVmBcWA44YxCmRUHRwVzIU"', 'Vary': 'Accept-Encoding', 'Content-Encoding': 'gzip', 'CF-Cache-Status': 'DYNAMIC', 'Report-To': '{"endpoints":[{"url":"https:\\/\\/a.nel.cloudflare.com\\/report\\/v4?s=5CdjCnxQRNe1YAL%2BL81nbqfs3uxft6tITIN0wkSeSfzCvfcfTBhEk9fJjcGBmcK6Xkwt9Q1BbXJprC%2FDZo8YWBwIKUKt5%2FnljfRSRmssMMZK%2BBFI3h7EbQHsGfToi8Fp"}],"group":"cf-nel","max_age":604800}', 'NEL': '{"success_fraction":0,"report_to":"cf-nel","max_age":604800}', 'Server': 'cloudflare', 'CF-RAY': '8805767dbff429bc-IAD', 'alt-svc': 'h3=":443"; ma=86400'} 
 body={"results":[{"gender":"female","name":{"title":"Mrs","first":"Loreta","last":"Alves"},"location":{"street":{"number":4868,"name":"Rua Santa Luzia "},"city":"Caxias do Sul","state":"Maranhão","country":"Brazil","postcode":32844,"coordinates":{"latitude":"-76.9066","longitude":"59.5718"},"timezone":{"offset":"+5:00","description":"Ekaterinburg, Islamabad, Karachi, Tashkent"}},"email":"loreta.alves@example.com","login":{"uuid":"906b7a35-4cb2-4d45-ba24-76cb117565dc","username":"crazyladybug464","password":"bloody","salt":"XTk1ruUO","md5":"6d98d47d0d4f7a7335b1991804b22711","sha1":"8ef60075441d9114b89ca48901695cdc6aae5224","sha256":"9fe0a3ee1c5080541705b6e053834dad051e3a82ac5fead1e98b75ad95c5fb26"},"dob":{"date":"1989-06-16T23:02:24.572Z","age":34},"registered":{"date":"2016-02-18T23:19:32.454Z","age":8},"phone":"(14) 3438-8274","cell":"(47) 7586-1409","id":{"name":"CPF","value":"550.266.536-88"},"picture":{"large":"https://randomuser.me/api/portraits/women/11.jpg","medium":"https://randomuser.me/api/portraits/med/women/11.jpg","thumbnail":"https://randomuser.me/api/portraits/thumb/women/11.jpg"},"nat":"BR"}],"info":{"seed":"f53dd9a8121147e9","results":1,"page":1,"version":"1.4"}} 
 </msg>
<msg time="2024-05-08T00:51:42.432355" level="INFO">/opt/hostedtoolcache/Python/3.12.3/x64/lib/python3.12/site-packages/urllib3/connectionpool.py:1103: InsecureRequestWarning: Unverified HTTPS request is being made to host 'randomuser.me'. Adding certificate verification is strongly advised. See: https://urllib3.readthedocs.io/en/latest/advanced-usage.html#tls-warnings
  warnings.warn(</msg>
<msg time="2024-05-08T00:51:42.432495" level="INFO">${response} = &lt;Response [200]&gt;</msg>
<var>${response}</var>
<arg>consultarAPI</arg>
<arg>/api</arg>
<doc>Sends a GET request on a previously created HTTP Session.</doc>
<status status="PASS" start="2024-05-08T00:51:42.354367" elapsed="0.078182"/>
</kw>
<kw name="Set Variable" owner="BuiltIn">
<msg time="2024-05-08T00:51:42.433480" level="INFO">${json_data} = {'results': [{'gender': 'female', 'name': {'title': 'Mrs', 'first': 'Loreta', 'last': 'Alves'}, 'location': {'street': {'number': 4868, 'name': 'Rua Santa Luzia '}, 'city': 'Caxias do Sul', 'state': '...</msg>
<var>${json_data}</var>
<arg>${response.json()}</arg>
<doc>Returns the given values which can then be assigned to a variables.</doc>
<status status="PASS" start="2024-05-08T00:51:42.433026" elapsed="0.000483"/>
</kw>
<kw name="Set Variable" owner="BuiltIn">
<msg time="2024-05-08T00:51:42.434210" level="INFO">${name_title} = Mrs</msg>
<var>${name_title}</var>
<arg>${json_data["results"][0]["name"]["title"]}</arg>
<doc>Returns the given values which can then be assigned to a variables.</doc>
<status status="PASS" start="2024-05-08T00:51:42.433814" elapsed="0.000421"/>
</kw>
<kw name="Create List" owner="BuiltIn">
<msg time="2024-05-08T00:51:42.434725" level="INFO">${allowed_titles} = ['Mr', 'Ms', 'Miss', 'Mrs', 'Madame', 'Monsieur']</msg>
<var>${allowed_titles}</var>
<arg>Mr</arg>
<arg>Ms</arg>
<arg>Miss</arg>
<arg>Mrs</arg>
<arg>Madame</arg>
<arg>Monsieur</arg>
<doc>Returns a list containing given items.</doc>
<status status="PASS" start="2024-05-08T00:51:42.434574" elapsed="0.000176"/>
</kw>
<kw name="List Should Contain Value" owner="Collections">
<msg time="2024-05-08T00:51:42.435220" level="INFO">False</msg>
<arg>${allowed_titles}</arg>
<arg>${name_title}</arg>
<doc>Fails if the ``value`` is not found from ``list``.</doc>
<status status="PASS" start="2024-05-08T00:51:42.435050" elapsed="0.000215"/>
</kw>
<kw name="Set Variable" owner="BuiltIn">
<msg time="2024-05-08T00:51:42.435960" level="INFO">${name_country} = BR</msg>
<var>${name_country}</var>
<arg>${json_data["results"][0]["nat"]}</arg>
<doc>Returns the given values which can then be assigned to a variables.</doc>
<status status="PASS" start="2024-05-08T00:51:42.435584" elapsed="0.000402"/>
</kw>
<kw name="Create List" owner="BuiltIn">
<msg time="2024-05-08T00:51:42.436874" level="INFO">${list_country} = ['AD', 'AE', 'AF', 'AG', 'AI', 'AL', 'AM', 'AO', 'AQ', 'AR', 'AS', 'AT', 'AU', 'AW', 'AX', 'AZ', 'BA', 'BB', 'BD', 'BE', 'BF', 'BG', 'BH', 'BI', 'BJ', 'BL', 'BM', 'BN', 'BO', 'BQ', 'BR', 'BS', 'BT', '...</msg>
<var>${list_country}</var>
<arg>AD</arg>
<arg>AE</arg>
<arg>AF</arg>
<arg>AG</arg>
<arg>AI</arg>
<arg>AL</arg>
<arg>AM</arg>
<arg>AO</arg>
<arg>AQ</arg>
<arg>AR</arg>
<arg>AS</arg>
<arg>AT</arg>
<arg>AU</arg>
<arg>AW</arg>
<arg>AX</arg>
<arg>AZ</arg>
<arg>BA</arg>
<arg>BB</arg>
<arg>BD</arg>
<arg>BE</arg>
<arg>BF</arg>
<arg>BG</arg>
<arg>BH</arg>
<arg>BI</arg>
<arg>BJ</arg>
<arg>BL</arg>
<arg>BM</arg>
<arg>BN</arg>
<arg>BO</arg>
<arg>BQ</arg>
<arg>BR</arg>
<arg>BS</arg>
<arg>BT</arg>
<arg>BV</arg>
<arg>BW</arg>
<arg>BY</arg>
<arg>BZ</arg>
<arg>CA</arg>
<arg>CC</arg>
<arg>CD</arg>
<arg>CF</arg>
<arg>CG</arg>
<arg>CH</arg>
<arg>CI</arg>
<arg>CK</arg>
<arg>CL</arg>
<arg>CM</arg>
<arg>CN</arg>
<arg>CO</arg>
<arg>CR</arg>
<arg>CU</arg>
<arg>CV</arg>
<arg>CW</arg>
<arg>CX</arg>
<arg>CY</arg>
<arg>CZ</arg>
<arg>DE</arg>
<arg>DJ</arg>
<arg>DK</arg>
<arg>DM</arg>
<arg>DO</arg>
<arg>DZ</arg>
<arg>EC</arg>
<arg>EE</arg>
<arg>EG</arg>
<arg>EH</arg>
<arg>ER</arg>
<arg>ES</arg>
<arg>ET</arg>
<arg>FI</arg>
<arg>FJ</arg>
<arg>FK</arg>
<arg>FM</arg>
<arg>FO</arg>
<arg>FR</arg>
<arg>GA</arg>
<arg>GB</arg>
<arg>GD</arg>
<arg>GE</arg>
<arg>GF</arg>
<arg>GG</arg>
<arg>GH</arg>
<arg>GI</arg>
<arg>GL</arg>
<arg>GM</arg>
<arg>GN</arg>
<arg>GP</arg>
<arg>GQ</arg>
<arg>GR</arg>
<arg>GS</arg>
<arg>GT</arg>
<arg>GU</arg>
<arg>GW</arg>
<arg>GY</arg>
<arg>HK</arg>
<arg>HM</arg>
<arg>HN</arg>
<arg>HR</arg>
<arg>HT</arg>
<arg>HU</arg>
<arg>ID</arg>
<arg>IE</arg>
<arg>IL</arg>
<arg>IM</arg>
<arg>IN</arg>
<arg>IO</arg>
<arg>IQ</arg>
<arg>IR</arg>
<arg>IS</arg>
<arg>IT</arg>
<arg>JE</arg>
<arg>JM</arg>
<arg>JO</arg>
<arg>JP</arg>
<arg>KE</arg>
<arg>KG</arg>
<arg>KH</arg>
<arg>KI</arg>
<arg>KM</arg>
<arg>KN</arg>
<arg>KP</arg>
<arg>KR</arg>
<arg>KW</arg>
<arg>KY</arg>
<arg>KZ</arg>
<arg>LA</arg>
<arg>LB</arg>
<arg>LC</arg>
<arg>LI</arg>
<arg>LK</arg>
<arg>LR</arg>
<arg>LS</arg>
<arg>LT</arg>
<arg>LU</arg>
<arg>LV</arg>
<arg>LY</arg>
<arg>MA</arg>
<arg>MC</arg>
<arg>MD</arg>
<arg>ME</arg>
<arg>MF</arg>
<arg>MG</arg>
<arg>MH</arg>
<arg>MK</arg>
<arg>ML</arg>
<arg>MM</arg>
<arg>MN</arg>
<arg>MO</arg>
<arg>MP</arg>
<arg>MQ</arg>
<arg>MR</arg>
<arg>MS</arg>
<arg>MT</arg>
<arg>MU</arg>
<arg>MV</arg>
<arg>MW</arg>
<arg>MX</arg>
<arg>MY</arg>
<arg>MZ</arg>
<arg>NA</arg>
<arg>NC</arg>
<arg>NE</arg>
<arg>NF</arg>
<arg>NG</arg>
<arg>NI</arg>
<arg>NL</arg>
<arg>NO</arg>
<arg>NP</arg>
<arg>NR</arg>
<arg>NU</arg>
<arg>NZ</arg>
<arg>OM</arg>
<arg>PA</arg>
<arg>PE</arg>
<arg>PF</arg>
<arg>PG</arg>
<arg>PH</arg>
<arg>PK</arg>
<arg>PL</arg>
<arg>PM</arg>
<arg>PN</arg>
<arg>PR</arg>
<arg>PS</arg>
<arg>PT</arg>
<arg>PW</arg>
<arg>PY</arg>
<arg>QA</arg>
<arg>RE</arg>
<arg>RO</arg>
<arg>RS</arg>
<arg>RU</arg>
<arg>RW</arg>
<arg>SA</arg>
<arg>SB</arg>
<arg>SC</arg>
<arg>SD</arg>
<arg>SE</arg>
<arg>SG</arg>
<arg>SH</arg>
<arg>SI</arg>
<arg>SJ</arg>
<arg>SK</arg>
<arg>SL</arg>
<arg>SM</arg>
<arg>SN</arg>
<arg>SO</arg>
<arg>SR</arg>
<arg>SS</arg>
<arg>ST</arg>
<arg>SV</arg>
<arg>SX</arg>
<arg>SY</arg>
<arg>SZ</arg>
<arg>TC</arg>
<arg>TD</arg>
<arg>TF</arg>
<arg>TG</arg>
<arg>TH</arg>
<arg>TJ</arg>
<arg>TK</arg>
<arg>TL</arg>
<arg>TM</arg>
<arg>TN</arg>
<arg>TO</arg>
<arg>TR</arg>
<arg>TT</arg>
<arg>TV</arg>
<arg>TW</arg>
<arg>TZ</arg>
<arg>UA</arg>
<arg>UG</arg>
<arg>UM</arg>
<arg>US</arg>
<arg>UY</arg>
<arg>UZ</arg>
<arg>VA</arg>
<arg>VC</arg>
<arg>VE</arg>
<arg>VG</arg>
<arg>VI</arg>
<arg>VN</arg>
<arg>VU</arg>
<arg>WF</arg>
<arg>WS</arg>
<arg>XK</arg>
<arg>YE</arg>
<arg>YT</arg>
<arg>ZA</arg>
<arg>ZM</arg>
<arg>ZW</arg>
<doc>Returns a list containing given items.</doc>
<status status="PASS" start="2024-05-08T00:51:42.436289" elapsed="0.000611"/>
</kw>
<kw name="List Should Contain Value" owner="Collections">
<msg time="2024-05-08T00:51:42.437894" level="INFO">False</msg>
<arg>${list_country}</arg>
<arg>${name_country}</arg>
<doc>Fails if the ``value`` is not found from ``list``.</doc>
<status status="PASS" start="2024-05-08T00:51:42.437691" elapsed="0.000242"/>
</kw>
<kw name="Run Keyword If" owner="BuiltIn">
<kw name="Should Be True" owner="BuiltIn">
<arg>${True}</arg>
<doc>Fails if the given condition is not true.</doc>
<status status="PASS" start="2024-05-08T00:51:42.439035" elapsed="0.000243"/>
</kw>
<arg>${json_data["results"][0]["location"]["coordinates"]["latitude"]} &gt;= -90 and ${json_data["results"][0]["location"]["coordinates"]["latitude"]} &lt;= 90</arg>
<arg>Should Be True</arg>
<arg>${True}</arg>
<doc>Runs the given keyword with the given arguments, if ``condition`` is true.</doc>
<status status="PASS" start="2024-05-08T00:51:42.438244" elapsed="0.001166"/>
</kw>
<kw name="Run Keyword If" owner="BuiltIn">
<kw name="Should Be True" owner="BuiltIn">
<arg>${True}</arg>
<doc>Fails if the given condition is not true.</doc>
<status status="PASS" start="2024-05-08T00:51:42.440308" elapsed="0.000141"/>
</kw>
<arg>${json_data["results"][0]["location"]["coordinates"]["longitude"]} &gt;= -180 and ${json_data["results"][0]["location"]["coordinates"]["longitude"]} &lt;= 180</arg>
<arg>Should Be True</arg>
<arg>${True}</arg>
<doc>Runs the given keyword with the given arguments, if ``condition`` is true.</doc>
<status status="PASS" start="2024-05-08T00:51:42.439598" elapsed="0.000976"/>
</kw>
<status status="PASS" start="2024-05-08T00:51:42.354135" elapsed="0.086567"/>
</kw>
<doc>Testa o conteúdo específico dos campos retornados pela API.</doc>
<tag>testeConteudo</tag>
<status status="PASS" start="2024-05-08T00:51:42.353741" elapsed="0.087105"/>
</test>
<status status="PASS" start="2024-05-08T00:51:41.566101" elapsed="0.876658"/>
</suite>
<status status="PASS" start="2024-05-08T00:51:41.552755" elapsed="0.895481"/>
</suite>
<statistics>
<total>
<stat pass="5" fail="0" skip="0">All Tests</stat>
</total>
<tag>
<stat pass="1" fail="0" skip="0">testeConteudo</stat>
<stat pass="1" fail="0" skip="0">testeEstruturaResposta</stat>
<stat pass="1" fail="0" skip="0">testeRequisicaoBasica</stat>
<stat pass="1" fail="0" skip="0">testeTiposDados</stat>
</tag>
<suite>
<stat pass="5" fail="0" skip="0" id="s1" name="Tests">Tests</stat>
<stat pass="5" fail="0" skip="0" id="s1-s1" name="Random-User-Test">Tests.Random-User-Test</stat>
</suite>
</statistics>
<errors>
</errors>
</robot>
