<?xml version="1.0" encoding="UTF-8"?>
<robot generator="Robot 7.0 (Python 3.12.3 on linux)" generated="2024-04-27T08:17:10.492232" rpa="false" schemaversion="5">
<suite id="s1" name="Tests" source="/home/runner/work/DesafioQAItauRogerioJordao/DesafioQAItauRogerioJordao/RamdonUser/tests">
<suite id="s1-s1" name="Random-User-Test" source="/home/runner/work/DesafioQAItauRogerioJordao/DesafioQAItauRogerioJordao/RamdonUser/tests/random-user-test.robot">
<test id="s1-s1-t1" name="Conectar" line="13">
<kw name="Conectar API" owner="random-user-service">
<kw name="Create Session" owner="RequestsLibrary">
<msg time="2024-04-27T08:17:10.851405" level="INFO">Creating Session using : alias=consultarAPI, url=https://randomuser.me/, headers={},                     cookies={}, auth=None, timeout=None, proxies=None, verify=False,                     debug=0 </msg>
<arg>consultarAPI</arg>
<arg>${URL}</arg>
<doc>Create Session: create a HTTP session to a server</doc>
<status status="PASS" start="2024-04-27T08:17:10.851199" elapsed="0.000389"/>
</kw>
<status status="PASS" start="2024-04-27T08:17:10.850213" elapsed="0.001737"/>
</kw>
<status status="PASS" start="2024-04-27T08:17:10.849602" elapsed="0.002559"/>
</test>
<test id="s1-s1-t2" name="Validar retorno 200 e JSON Válido" line="16">
<kw name="Teste de Requisicao Basica" owner="random-user-service">
<kw name="GET On Session" owner="RequestsLibrary">
<msg time="2024-04-27T08:17:10.925168" level="INFO">GET Request : url=https://randomuser.me/api 
 path_url=/api 
 headers={'User-Agent': 'python-requests/2.31.0', 'Accept-Encoding': 'gzip, deflate', 'Accept': '*/*', 'Connection': 'keep-alive'} 
 body=None 
 </msg>
<msg time="2024-04-27T08:17:10.925310" level="INFO">GET Response : url=https://randomuser.me/api 
 status=200, reason=OK 
 headers={'Date': 'Sat, 27 Apr 2024 08:17:10 GMT', 'Content-Type': 'application/json; charset=utf-8', 'Transfer-Encoding': 'chunked', 'Connection': 'keep-alive', 'X-Powered-By': 'Express', 'Access-Control-Allow-Origin': '*', 'Cache-Control': 'no-cache', 'ETag': 'W/"49c-UZE6PUPxRO7EtXABvJCslPTIX64"', 'Vary': 'Accept-Encoding', 'Content-Encoding': 'gzip', 'CF-Cache-Status': 'DYNAMIC', 'Report-To': '{"endpoints":[{"url":"https:\\/\\/a.nel.cloudflare.com\\/report\\/v4?s=S0c8ytCvcqalz5BnRIARORH9%2BSPzbkJS0A8sIdKL0e7He9dPghZLFJqO7xeYgjcpOblPGifQWF86lB2HHvX%2BD%2FqI09LNtf8W55bL7mWGbOE%2FjsGEOlKx7xWaf2ZuKMn7"}],"group":"cf-nel","max_age":604800}', 'NEL': '{"success_fraction":0,"report_to":"cf-nel","max_age":604800}', 'Server': 'cloudflare', 'CF-RAY': '87ad5feb1c6c3b44-IAD', 'alt-svc': 'h3=":443"; ma=86400'} 
 body={"results":[{"gender":"female","name":{"title":"Mrs","first":"Karla","last":"Thomsen"},"location":{"street":{"number":2207,"name":"Engdraget"},"city":"Kongens  Lyngby","state":"Hovedstaden","country":"Denmark","postcode":96069,"coordinates":{"latitude":"-43.8393","longitude":"38.5449"},"timezone":{"offset":"+5:00","description":"Ekaterinburg, Islamabad, Karachi, Tashkent"}},"email":"karla.thomsen@example.com","login":{"uuid":"7f9a3263-f762-4816-907c-60b7ae75f457","username":"silverkoala141","password":"holland","salt":"CAjGexLd","md5":"6271024c01c86b2311dbe4c71b2c5b7f","sha1":"ad37886bc04ab0726097b0e9c9764c30ac61417b","sha256":"8e99e1ade8634705009ed27e87e59be7b92336f6ef693d471a62d65bfaac3b74"},"dob":{"date":"1984-09-19T12:30:39.928Z","age":39},"registered":{"date":"2011-12-05T20:25:41.870Z","age":12},"phone":"84393341","cell":"57423125","id":{"name":"CPR","value":"190984-0691"},"picture":{"large":"https://randomuser.me/api/portraits/women/61.jpg","medium":"https://randomuser.me/api/portraits/med/women/61.jpg","thumbnail":"https://randomuser.me/api/portraits/thumb/women/61.jpg"},"nat":"DK"}],"info":{"seed":"2805feef3472df80","results":1,"page":1,"version":"1.4"}} 
 </msg>
<msg time="2024-04-27T08:17:10.925388" level="INFO">/opt/hostedtoolcache/Python/3.12.3/x64/lib/python3.12/site-packages/urllib3/connectionpool.py:1103: InsecureRequestWarning: Unverified HTTPS request is being made to host 'randomuser.me'. Adding certificate verification is strongly advised. See: https://urllib3.readthedocs.io/en/latest/advanced-usage.html#tls-warnings
  warnings.warn(</msg>
<msg time="2024-04-27T08:17:10.925565" level="INFO">${response} = &lt;Response [200]&gt;</msg>
<var>${response}</var>
<arg>consultarAPI</arg>
<arg>/api</arg>
<doc>Sends a GET request on a previously created HTTP Session.</doc>
<status status="PASS" start="2024-04-27T08:17:10.855004" elapsed="0.070606"/>
</kw>
<kw name="Should Be Equal As Numbers" owner="BuiltIn">
<msg time="2024-04-27T08:17:10.926705" level="INFO">Argument types are:
&lt;class 'int'&gt;
&lt;class 'str'&gt;</msg>
<arg>${response.status_code}</arg>
<arg>200</arg>
<doc>Fails if objects are unequal after converting them to real numbers.</doc>
<status status="PASS" start="2024-04-27T08:17:10.926225" elapsed="0.000546"/>
</kw>
<kw name="Log" owner="BuiltIn">
<msg time="2024-04-27T08:17:10.927472" level="INFO">200</msg>
<arg>${response.status_code}</arg>
<doc>Logs the given message with the given level.</doc>
<status status="PASS" start="2024-04-27T08:17:10.927121" elapsed="0.000394"/>
</kw>
<kw name="Set Variable" owner="BuiltIn">
<msg time="2024-04-27T08:17:10.928267" level="INFO">${json_data} = {'results': [{'gender': 'female', 'name': {'title': 'Mrs', 'first': 'Karla', 'last': 'Thomsen'}, 'location': {'street': {'number': 2207, 'name': 'Engdraget'}, 'city': 'Kongens  Lyngby', 'state': 'Hove...</msg>
<var>${json_data}</var>
<arg>${response.json()}</arg>
<doc>Returns the given values which can then be assigned to a variables.</doc>
<status status="PASS" start="2024-04-27T08:17:10.927823" elapsed="0.000472"/>
</kw>
<kw name="Dictionary Should Contain Key" owner="Collections">
<msg time="2024-04-27T08:17:10.928761" level="INFO">False</msg>
<arg>${json_data}</arg>
<arg>results</arg>
<doc>Fails if ``key`` is not found from ``dictionary``.</doc>
<status status="PASS" start="2024-04-27T08:17:10.928596" elapsed="0.000205"/>
</kw>
<status status="PASS" start="2024-04-27T08:17:10.854746" elapsed="0.074323"/>
</kw>
<doc>Testa se a API responde corretamente e retorna um objeto JSON válido.</doc>
<tag>testeRequisicaoBasica</tag>
<status status="PASS" start="2024-04-27T08:17:10.854230" elapsed="0.075027"/>
</test>
<test id="s1-s1-t3" name="Validar estrutura de resposta" line="22">
<kw name="Teste de Estrutura de Resposta" owner="random-user-service">
<kw name="GET On Session" owner="RequestsLibrary">
<msg time="2024-04-27T08:17:11.033349" level="INFO">GET Request : url=https://randomuser.me/api 
 path_url=/api 
 headers={'User-Agent': 'python-requests/2.31.0', 'Accept-Encoding': 'gzip, deflate', 'Accept': '*/*', 'Connection': 'keep-alive'} 
 body=None 
 </msg>
<msg time="2024-04-27T08:17:11.033451" level="INFO">GET Response : url=https://randomuser.me/api 
 status=200, reason=OK 
 headers={'Date': 'Sat, 27 Apr 2024 08:17:11 GMT', 'Content-Type': 'application/json; charset=utf-8', 'Transfer-Encoding': 'chunked', 'Connection': 'keep-alive', 'X-Powered-By': 'Express', 'Access-Control-Allow-Origin': '*', 'Cache-Control': 'no-cache', 'ETag': 'W/"4a5-M4HKqJkHHoUVIUDhMkeMt+5PAi8"', 'Vary': 'Accept-Encoding', 'Content-Encoding': 'gzip', 'CF-Cache-Status': 'DYNAMIC', 'Report-To': '{"endpoints":[{"url":"https:\\/\\/a.nel.cloudflare.com\\/report\\/v4?s=IADciYY7gt1LN0R6G0hy0Noam0saz9kJpMwon8VonGf60X4LRke9F%2FigfPzPXQH7rNet%2FPvaA5PvO4UX7y1D99IsgrCT3gOOSJT9MO%2FRO76IrwyBVRg6jJfS9kvcgtKW"}],"group":"cf-nel","max_age":604800}', 'NEL': '{"success_fraction":0,"report_to":"cf-nel","max_age":604800}', 'Server': 'cloudflare', 'CF-RAY': '87ad5feb5c983b44-IAD', 'alt-svc': 'h3=":443"; ma=86400'} 
 body={"results":[{"gender":"female","name":{"title":"Ms","first":"Mercedes","last":"Cuellar"},"location":{"street":{"number":1805,"name":"Continuación Hidalgo"},"city":"Villa Vicente Guerrero","state":"Quintana Roo","country":"Mexico","postcode":16760,"coordinates":{"latitude":"28.0936","longitude":"57.8324"},"timezone":{"offset":"+4:30","description":"Kabul"}},"email":"mercedes.cuellar@example.com","login":{"uuid":"b4ca27fb-1de5-4ecf-b2bd-18e7519cdeb2","username":"ticklishbutterfly570","password":"pressure","salt":"Y6u4U8Di","md5":"d368b830447a216a288ac51678b46225","sha1":"491e7cc422e89ac602d6dac522dd3e98fb30e1de","sha256":"fc9bb9c4ca073d17eecae8956ffb141bbdc185a90cee674958e51d1632e92f01"},"dob":{"date":"1997-08-27T00:24:27.518Z","age":26},"registered":{"date":"2011-03-24T20:10:29.517Z","age":13},"phone":"(616) 789 6102","cell":"(602) 357 5633","id":{"name":"NSS","value":"31 46 76 6926 4"},"picture":{"large":"https://randomuser.me/api/portraits/women/30.jpg","medium":"https://randomuser.me/api/portraits/med/women/30.jpg","thumbnail":"https://randomuser.me/api/portraits/thumb/women/30.jpg"},"nat":"MX"}],"info":{"seed":"1f0b1b9d3b66b85c","results":1,"page":1,"version":"1.4"}} 
 </msg>
<msg time="2024-04-27T08:17:11.033615" level="INFO">/opt/hostedtoolcache/Python/3.12.3/x64/lib/python3.12/site-packages/urllib3/connectionpool.py:1103: InsecureRequestWarning: Unverified HTTPS request is being made to host 'randomuser.me'. Adding certificate verification is strongly advised. See: https://urllib3.readthedocs.io/en/latest/advanced-usage.html#tls-warnings
  warnings.warn(</msg>
<msg time="2024-04-27T08:17:11.033753" level="INFO">${response} = &lt;Response [200]&gt;</msg>
<var>${response}</var>
<arg>consultarAPI</arg>
<arg>/api</arg>
<doc>Sends a GET request on a previously created HTTP Session.</doc>
<status status="PASS" start="2024-04-27T08:17:10.932303" elapsed="0.101491"/>
</kw>
<kw name="Set Variable" owner="BuiltIn">
<msg time="2024-04-27T08:17:11.034851" level="INFO">${json_data} = {'results': [{'gender': 'female', 'name': {'title': 'Ms', 'first': 'Mercedes', 'last': 'Cuellar'}, 'location': {'street': {'number': 1805, 'name': 'Continuación Hidalgo'}, 'city': 'Villa Vicente Guerr...</msg>
<var>${json_data}</var>
<arg>${response.json()}</arg>
<doc>Returns the given values which can then be assigned to a variables.</doc>
<status status="PASS" start="2024-04-27T08:17:11.034304" elapsed="0.000576"/>
</kw>
<kw name="Log" owner="BuiltIn">
<msg time="2024-04-27T08:17:11.035363" level="INFO">{'results': [{'gender': 'female', 'name': {'title': 'Ms', 'first': 'Mercedes', 'last': 'Cuellar'}, 'location': {'street': {'number': 1805, 'name': 'Continuación Hidalgo'}, 'city': 'Villa Vicente Guerrero', 'state': 'Quintana Roo', 'country': 'Mexico', 'postcode': 16760, 'coordinates': {'latitude': '28.0936', 'longitude': '57.8324'}, 'timezone': {'offset': '+4:30', 'description': 'Kabul'}}, 'email': 'mercedes.cuellar@example.com', 'login': {'uuid': 'b4ca27fb-1de5-4ecf-b2bd-18e7519cdeb2', 'username': 'ticklishbutterfly570', 'password': 'pressure', 'salt': 'Y6u4U8Di', 'md5': 'd368b830447a216a288ac51678b46225', 'sha1': '491e7cc422e89ac602d6dac522dd3e98fb30e1de', 'sha256': 'fc9bb9c4ca073d17eecae8956ffb141bbdc185a90cee674958e51d1632e92f01'}, 'dob': {'date': '1997-08-27T00:24:27.518Z', 'age': 26}, 'registered': {'date': '2011-03-24T20:10:29.517Z', 'age': 13}, 'phone': '(616) 789 6102', 'cell': '(602) 357 5633', 'id': {'name': 'NSS', 'value': '31 46 76 6926 4'}, 'picture': {'large': 'https://randomuser.me/api/portraits/women/30.jpg', 'medium': 'https://randomuser.me/api/portraits/med/women/30.jpg', 'thumbnail': 'https://randomuser.me/api/portraits/thumb/women/30.jpg'}, 'nat': 'MX'}], 'info': {'seed': '1f0b1b9d3b66b85c', 'results': 1, 'page': 1, 'version': '1.4'}}</msg>
<arg>${json_data}</arg>
<doc>Logs the given message with the given level.</doc>
<status status="PASS" start="2024-04-27T08:17:11.035198" elapsed="0.000216"/>
</kw>
<kw name="Dictionary Should Contain Key" owner="Collections">
<msg time="2024-04-27T08:17:11.035879" level="INFO">False</msg>
<arg>${json_data}</arg>
<arg>results</arg>
<doc>Fails if ``key`` is not found from ``dictionary``.</doc>
<status status="PASS" start="2024-04-27T08:17:11.035721" elapsed="0.000196"/>
</kw>
<kw name="Should Not Be Empty" owner="BuiltIn">
<msg time="2024-04-27T08:17:11.036349" level="INFO">Length is 2.</msg>
<arg>${json_data}</arg>
<doc>Verifies that the given item is not empty.</doc>
<status status="PASS" start="2024-04-27T08:17:11.036215" elapsed="0.000174"/>
</kw>
<kw name="Create List" owner="BuiltIn">
<msg time="2024-04-27T08:17:11.037001" level="INFO">${expected_keys} = ['gender', 'name', 'location', 'email', 'login']</msg>
<var>${expected_keys}</var>
<arg>gender</arg>
<arg>name</arg>
<arg>location</arg>
<arg>email</arg>
<arg>login</arg>
<doc>Returns a list containing given items.</doc>
<status status="PASS" start="2024-04-27T08:17:11.036689" elapsed="0.000338"/>
</kw>
<for flavor="IN">
<iter>
<kw name="Dictionary Should Contain Key" owner="Collections">
<msg time="2024-04-27T08:17:11.038062" level="INFO">False</msg>
<arg>${json_data['results'][0]}</arg>
<arg>${key}</arg>
<doc>Fails if ``key`` is not found from ``dictionary``.</doc>
<status status="PASS" start="2024-04-27T08:17:11.037657" elapsed="0.000444"/>
</kw>
<kw name="Log" owner="BuiltIn">
<msg time="2024-04-27T08:17:11.038785" level="INFO">{'gender': 'female', 'name': {'title': 'Ms', 'first': 'Mercedes', 'last': 'Cuellar'}, 'location': {'street': {'number': 1805, 'name': 'Continuación Hidalgo'}, 'city': 'Villa Vicente Guerrero', 'state': 'Quintana Roo', 'country': 'Mexico', 'postcode': 16760, 'coordinates': {'latitude': '28.0936', 'longitude': '57.8324'}, 'timezone': {'offset': '+4:30', 'description': 'Kabul'}}, 'email': 'mercedes.cuellar@example.com', 'login': {'uuid': 'b4ca27fb-1de5-4ecf-b2bd-18e7519cdeb2', 'username': 'ticklishbutterfly570', 'password': 'pressure', 'salt': 'Y6u4U8Di', 'md5': 'd368b830447a216a288ac51678b46225', 'sha1': '491e7cc422e89ac602d6dac522dd3e98fb30e1de', 'sha256': 'fc9bb9c4ca073d17eecae8956ffb141bbdc185a90cee674958e51d1632e92f01'}, 'dob': {'date': '1997-08-27T00:24:27.518Z', 'age': 26}, 'registered': {'date': '2011-03-24T20:10:29.517Z', 'age': 13}, 'phone': '(616) 789 6102', 'cell': '(602) 357 5633', 'id': {'name': 'NSS', 'value': '31 46 76 6926 4'}, 'picture': {'large': 'https://randomuser.me/api/portraits/women/30.jpg', 'medium': 'https://randomuser.me/api/portraits/med/women/30.jpg', 'thumbnail': 'https://randomuser.me/api/portraits/thumb/women/30.jpg'}, 'nat': 'MX'}</msg>
<arg>${json_data['results'][0]}</arg>
<doc>Logs the given message with the given level.</doc>
<status status="PASS" start="2024-04-27T08:17:11.038412" elapsed="0.000423"/>
</kw>
<kw name="Log" owner="BuiltIn">
<msg time="2024-04-27T08:17:11.039260" level="INFO">gender</msg>
<arg>${key}</arg>
<doc>Logs the given message with the given level.</doc>
<status status="PASS" start="2024-04-27T08:17:11.039133" elapsed="0.000165"/>
</kw>
<var name="${key}">gender</var>
<status status="PASS" start="2024-04-27T08:17:11.037501" elapsed="0.002013"/>
</iter>
<iter>
<kw name="Dictionary Should Contain Key" owner="Collections">
<msg time="2024-04-27T08:17:11.040203" level="INFO">False</msg>
<arg>${json_data['results'][0]}</arg>
<arg>${key}</arg>
<doc>Fails if ``key`` is not found from ``dictionary``.</doc>
<status status="PASS" start="2024-04-27T08:17:11.039817" elapsed="0.000423"/>
</kw>
<kw name="Log" owner="BuiltIn">
<msg time="2024-04-27T08:17:11.040933" level="INFO">{'gender': 'female', 'name': {'title': 'Ms', 'first': 'Mercedes', 'last': 'Cuellar'}, 'location': {'street': {'number': 1805, 'name': 'Continuación Hidalgo'}, 'city': 'Villa Vicente Guerrero', 'state': 'Quintana Roo', 'country': 'Mexico', 'postcode': 16760, 'coordinates': {'latitude': '28.0936', 'longitude': '57.8324'}, 'timezone': {'offset': '+4:30', 'description': 'Kabul'}}, 'email': 'mercedes.cuellar@example.com', 'login': {'uuid': 'b4ca27fb-1de5-4ecf-b2bd-18e7519cdeb2', 'username': 'ticklishbutterfly570', 'password': 'pressure', 'salt': 'Y6u4U8Di', 'md5': 'd368b830447a216a288ac51678b46225', 'sha1': '491e7cc422e89ac602d6dac522dd3e98fb30e1de', 'sha256': 'fc9bb9c4ca073d17eecae8956ffb141bbdc185a90cee674958e51d1632e92f01'}, 'dob': {'date': '1997-08-27T00:24:27.518Z', 'age': 26}, 'registered': {'date': '2011-03-24T20:10:29.517Z', 'age': 13}, 'phone': '(616) 789 6102', 'cell': '(602) 357 5633', 'id': {'name': 'NSS', 'value': '31 46 76 6926 4'}, 'picture': {'large': 'https://randomuser.me/api/portraits/women/30.jpg', 'medium': 'https://randomuser.me/api/portraits/med/women/30.jpg', 'thumbnail': 'https://randomuser.me/api/portraits/thumb/women/30.jpg'}, 'nat': 'MX'}</msg>
<arg>${json_data['results'][0]}</arg>
<doc>Logs the given message with the given level.</doc>
<status status="PASS" start="2024-04-27T08:17:11.040567" elapsed="0.000416"/>
</kw>
<kw name="Log" owner="BuiltIn">
<msg time="2024-04-27T08:17:11.041409" level="INFO">name</msg>
<arg>${key}</arg>
<doc>Logs the given message with the given level.</doc>
<status status="PASS" start="2024-04-27T08:17:11.041281" elapsed="0.000166"/>
</kw>
<var name="${key}">name</var>
<status status="PASS" start="2024-04-27T08:17:11.039701" elapsed="0.001993"/>
</iter>
<iter>
<kw name="Dictionary Should Contain Key" owner="Collections">
<msg time="2024-04-27T08:17:11.042388" level="INFO">False</msg>
<arg>${json_data['results'][0]}</arg>
<arg>${key}</arg>
<doc>Fails if ``key`` is not found from ``dictionary``.</doc>
<status status="PASS" start="2024-04-27T08:17:11.041992" elapsed="0.000435"/>
</kw>
<kw name="Log" owner="BuiltIn">
<msg time="2024-04-27T08:17:11.043088" level="INFO">{'gender': 'female', 'name': {'title': 'Ms', 'first': 'Mercedes', 'last': 'Cuellar'}, 'location': {'street': {'number': 1805, 'name': 'Continuación Hidalgo'}, 'city': 'Villa Vicente Guerrero', 'state': 'Quintana Roo', 'country': 'Mexico', 'postcode': 16760, 'coordinates': {'latitude': '28.0936', 'longitude': '57.8324'}, 'timezone': {'offset': '+4:30', 'description': 'Kabul'}}, 'email': 'mercedes.cuellar@example.com', 'login': {'uuid': 'b4ca27fb-1de5-4ecf-b2bd-18e7519cdeb2', 'username': 'ticklishbutterfly570', 'password': 'pressure', 'salt': 'Y6u4U8Di', 'md5': 'd368b830447a216a288ac51678b46225', 'sha1': '491e7cc422e89ac602d6dac522dd3e98fb30e1de', 'sha256': 'fc9bb9c4ca073d17eecae8956ffb141bbdc185a90cee674958e51d1632e92f01'}, 'dob': {'date': '1997-08-27T00:24:27.518Z', 'age': 26}, 'registered': {'date': '2011-03-24T20:10:29.517Z', 'age': 13}, 'phone': '(616) 789 6102', 'cell': '(602) 357 5633', 'id': {'name': 'NSS', 'value': '31 46 76 6926 4'}, 'picture': {'large': 'https://randomuser.me/api/portraits/women/30.jpg', 'medium': 'https://randomuser.me/api/portraits/med/women/30.jpg', 'thumbnail': 'https://randomuser.me/api/portraits/thumb/women/30.jpg'}, 'nat': 'MX'}</msg>
<arg>${json_data['results'][0]}</arg>
<doc>Logs the given message with the given level.</doc>
<status status="PASS" start="2024-04-27T08:17:11.042726" elapsed="0.000412"/>
</kw>
<kw name="Log" owner="BuiltIn">
<msg time="2024-04-27T08:17:11.043559" level="INFO">location</msg>
<arg>${key}</arg>
<doc>Logs the given message with the given level.</doc>
<status status="PASS" start="2024-04-27T08:17:11.043435" elapsed="0.000161"/>
</kw>
<var name="${key}">location</var>
<status status="PASS" start="2024-04-27T08:17:11.041877" elapsed="0.001933"/>
</iter>
<iter>
<kw name="Dictionary Should Contain Key" owner="Collections">
<msg time="2024-04-27T08:17:11.044491" level="INFO">False</msg>
<arg>${json_data['results'][0]}</arg>
<arg>${key}</arg>
<doc>Fails if ``key`` is not found from ``dictionary``.</doc>
<status status="PASS" start="2024-04-27T08:17:11.044099" elapsed="0.000430"/>
</kw>
<kw name="Log" owner="BuiltIn">
<msg time="2024-04-27T08:17:11.045194" level="INFO">{'gender': 'female', 'name': {'title': 'Ms', 'first': 'Mercedes', 'last': 'Cuellar'}, 'location': {'street': {'number': 1805, 'name': 'Continuación Hidalgo'}, 'city': 'Villa Vicente Guerrero', 'state': 'Quintana Roo', 'country': 'Mexico', 'postcode': 16760, 'coordinates': {'latitude': '28.0936', 'longitude': '57.8324'}, 'timezone': {'offset': '+4:30', 'description': 'Kabul'}}, 'email': 'mercedes.cuellar@example.com', 'login': {'uuid': 'b4ca27fb-1de5-4ecf-b2bd-18e7519cdeb2', 'username': 'ticklishbutterfly570', 'password': 'pressure', 'salt': 'Y6u4U8Di', 'md5': 'd368b830447a216a288ac51678b46225', 'sha1': '491e7cc422e89ac602d6dac522dd3e98fb30e1de', 'sha256': 'fc9bb9c4ca073d17eecae8956ffb141bbdc185a90cee674958e51d1632e92f01'}, 'dob': {'date': '1997-08-27T00:24:27.518Z', 'age': 26}, 'registered': {'date': '2011-03-24T20:10:29.517Z', 'age': 13}, 'phone': '(616) 789 6102', 'cell': '(602) 357 5633', 'id': {'name': 'NSS', 'value': '31 46 76 6926 4'}, 'picture': {'large': 'https://randomuser.me/api/portraits/women/30.jpg', 'medium': 'https://randomuser.me/api/portraits/med/women/30.jpg', 'thumbnail': 'https://randomuser.me/api/portraits/thumb/women/30.jpg'}, 'nat': 'MX'}</msg>
<arg>${json_data['results'][0]}</arg>
<doc>Logs the given message with the given level.</doc>
<status status="PASS" start="2024-04-27T08:17:11.044828" elapsed="0.000425"/>
</kw>
<kw name="Log" owner="BuiltIn">
<msg time="2024-04-27T08:17:11.045761" level="INFO">email</msg>
<arg>${key}</arg>
<doc>Logs the given message with the given level.</doc>
<status status="PASS" start="2024-04-27T08:17:11.045625" elapsed="0.000175"/>
</kw>
<var name="${key}">email</var>
<status status="PASS" start="2024-04-27T08:17:11.043985" elapsed="0.002033"/>
</iter>
<iter>
<kw name="Dictionary Should Contain Key" owner="Collections">
<msg time="2024-04-27T08:17:11.046693" level="INFO">False</msg>
<arg>${json_data['results'][0]}</arg>
<arg>${key}</arg>
<doc>Fails if ``key`` is not found from ``dictionary``.</doc>
<status status="PASS" start="2024-04-27T08:17:11.046303" elapsed="0.000428"/>
</kw>
<kw name="Log" owner="BuiltIn">
<msg time="2024-04-27T08:17:11.047387" level="INFO">{'gender': 'female', 'name': {'title': 'Ms', 'first': 'Mercedes', 'last': 'Cuellar'}, 'location': {'street': {'number': 1805, 'name': 'Continuación Hidalgo'}, 'city': 'Villa Vicente Guerrero', 'state': 'Quintana Roo', 'country': 'Mexico', 'postcode': 16760, 'coordinates': {'latitude': '28.0936', 'longitude': '57.8324'}, 'timezone': {'offset': '+4:30', 'description': 'Kabul'}}, 'email': 'mercedes.cuellar@example.com', 'login': {'uuid': 'b4ca27fb-1de5-4ecf-b2bd-18e7519cdeb2', 'username': 'ticklishbutterfly570', 'password': 'pressure', 'salt': 'Y6u4U8Di', 'md5': 'd368b830447a216a288ac51678b46225', 'sha1': '491e7cc422e89ac602d6dac522dd3e98fb30e1de', 'sha256': 'fc9bb9c4ca073d17eecae8956ffb141bbdc185a90cee674958e51d1632e92f01'}, 'dob': {'date': '1997-08-27T00:24:27.518Z', 'age': 26}, 'registered': {'date': '2011-03-24T20:10:29.517Z', 'age': 13}, 'phone': '(616) 789 6102', 'cell': '(602) 357 5633', 'id': {'name': 'NSS', 'value': '31 46 76 6926 4'}, 'picture': {'large': 'https://randomuser.me/api/portraits/women/30.jpg', 'medium': 'https://randomuser.me/api/portraits/med/women/30.jpg', 'thumbnail': 'https://randomuser.me/api/portraits/thumb/women/30.jpg'}, 'nat': 'MX'}</msg>
<arg>${json_data['results'][0]}</arg>
<doc>Logs the given message with the given level.</doc>
<status status="PASS" start="2024-04-27T08:17:11.047028" elapsed="0.000410"/>
</kw>
<kw name="Log" owner="BuiltIn">
<msg time="2024-04-27T08:17:11.047865" level="INFO">login</msg>
<arg>${key}</arg>
<doc>Logs the given message with the given level.</doc>
<status status="PASS" start="2024-04-27T08:17:11.047739" elapsed="0.000197"/>
</kw>
<var name="${key}">login</var>
<status status="PASS" start="2024-04-27T08:17:11.046191" elapsed="0.001966"/>
</iter>
<var>${key}</var>
<value>@{expected_keys}</value>
<status status="PASS" start="2024-04-27T08:17:11.037301" elapsed="0.010976"/>
</for>
<kw name="Create List" owner="BuiltIn">
<msg time="2024-04-27T08:17:11.048609" level="INFO">${expected_keysTwo} = ['username', 'password']</msg>
<var>${expected_keysTwo}</var>
<arg>username</arg>
<arg>password</arg>
<doc>Returns a list containing given items.</doc>
<status status="PASS" start="2024-04-27T08:17:11.048471" elapsed="0.000161"/>
</kw>
<for flavor="IN">
<iter>
<kw name="Dictionary Should Contain Key" owner="Collections">
<msg time="2024-04-27T08:17:11.049527" level="INFO">False</msg>
<arg>${json_data['results'][0]['login']}</arg>
<arg>${keyTwo}</arg>
<doc>Fails if ``key`` is not found from ``dictionary``.</doc>
<status status="PASS" start="2024-04-27T08:17:11.049133" elapsed="0.000466"/>
</kw>
<kw name="Dictionary Should Contain Key" owner="Collections">
<msg time="2024-04-27T08:17:11.050291" level="INFO">False</msg>
<arg>${json_data['results'][0]['login']}</arg>
<arg>${keyTwo}</arg>
<doc>Fails if ``key`` is not found from ``dictionary``.</doc>
<status status="PASS" start="2024-04-27T08:17:11.049903" elapsed="0.000425"/>
</kw>
<kw name="Log" owner="BuiltIn">
<msg time="2024-04-27T08:17:11.050761" level="INFO">username</msg>
<arg>${keyTwo}</arg>
<doc>Logs the given message with the given level.</doc>
<status status="PASS" start="2024-04-27T08:17:11.050635" elapsed="0.000170"/>
</kw>
<var name="${keyTwo}">username</var>
<status status="PASS" start="2024-04-27T08:17:11.049023" elapsed="0.002003"/>
</iter>
<iter>
<kw name="Dictionary Should Contain Key" owner="Collections">
<msg time="2024-04-27T08:17:11.051698" level="INFO">False</msg>
<arg>${json_data['results'][0]['login']}</arg>
<arg>${keyTwo}</arg>
<doc>Fails if ``key`` is not found from ``dictionary``.</doc>
<status status="PASS" start="2024-04-27T08:17:11.051310" elapsed="0.000425"/>
</kw>
<kw name="Dictionary Should Contain Key" owner="Collections">
<msg time="2024-04-27T08:17:11.052490" level="INFO">False</msg>
<arg>${json_data['results'][0]['login']}</arg>
<arg>${keyTwo}</arg>
<doc>Fails if ``key`` is not found from ``dictionary``.</doc>
<status status="PASS" start="2024-04-27T08:17:11.052026" elapsed="0.000502"/>
</kw>
<kw name="Log" owner="BuiltIn">
<msg time="2024-04-27T08:17:11.052956" level="INFO">password</msg>
<arg>${keyTwo}</arg>
<doc>Logs the given message with the given level.</doc>
<status status="PASS" start="2024-04-27T08:17:11.052828" elapsed="0.000165"/>
</kw>
<var name="${keyTwo}">password</var>
<status status="PASS" start="2024-04-27T08:17:11.051199" elapsed="0.002009"/>
</iter>
<var>${keyTwo}</var>
<value>@{expected_keysTwo}</value>
<status status="PASS" start="2024-04-27T08:17:11.048871" elapsed="0.004524"/>
</for>
<status status="PASS" start="2024-04-27T08:17:10.931956" elapsed="0.121673"/>
</kw>
<doc>Testa a estrutura da resposta da API.</doc>
<tag>testeEstruturaResposta</tag>
<status status="PASS" start="2024-04-27T08:17:10.931172" elapsed="0.122706"/>
</test>
<test id="s1-s1-t4" name="Validar tipos de dados" line="28">
<kw name="Teste de Tipos de Dados" owner="random-user-service">
<kw name="GET On Session" owner="RequestsLibrary">
<msg time="2024-04-27T08:17:11.134419" level="INFO">GET Request : url=https://randomuser.me/api 
 path_url=/api 
 headers={'User-Agent': 'python-requests/2.31.0', 'Accept-Encoding': 'gzip, deflate', 'Accept': '*/*', 'Connection': 'keep-alive'} 
 body=None 
 </msg>
<msg time="2024-04-27T08:17:11.134528" level="INFO">GET Response : url=https://randomuser.me/api 
 status=200, reason=OK 
 headers={'Date': 'Sat, 27 Apr 2024 08:17:11 GMT', 'Content-Type': 'application/json; charset=utf-8', 'Transfer-Encoding': 'chunked', 'Connection': 'keep-alive', 'X-Powered-By': 'Express', 'Access-Control-Allow-Origin': '*', 'Cache-Control': 'no-cache', 'ETag': 'W/"483-emOshCYS9N/+WUja5JYMW1dOpBg"', 'Vary': 'Accept-Encoding', 'Content-Encoding': 'gzip', 'CF-Cache-Status': 'DYNAMIC', 'Report-To': '{"endpoints":[{"url":"https:\\/\\/a.nel.cloudflare.com\\/report\\/v4?s=0Z4if05DoTvgN3I%2Fp7a%2BFqxCqbw5JZQnNedBV2PJk6wzg4F1TwxbTle5y%2FYdHbljM1Bj7cETkHhkKO9%2BDZ3Z4tnqRh87l%2BbKNGiT7gon4pW19XhR7M3vIIyzWsNWw1Dj"}],"group":"cf-nel","max_age":604800}', 'NEL': '{"success_fraction":0,"report_to":"cf-nel","max_age":604800}', 'Server': 'cloudflare', 'CF-RAY': '87ad5fec1d183b44-IAD', 'alt-svc': 'h3=":443"; ma=86400'} 
 body={"results":[{"gender":"male","name":{"title":"Mr","first":"Amadeus","last":"Mahmoud"},"location":{"street":{"number":4431,"name":"Sognsveien"},"city":"Ferkingstad","state":"Akershus","country":"Norway","postcode":"0483","coordinates":{"latitude":"40.7480","longitude":"-91.2749"},"timezone":{"offset":"-8:00","description":"Pacific Time (US &amp; Canada)"}},"email":"amadeus.mahmoud@example.com","login":{"uuid":"0827c20b-c3d8-4f02-8d9c-f614f3f18d19","username":"organicrabbit963","password":"sundance","salt":"XnZF8biW","md5":"645b68f324015e95e5e19466113af57a","sha1":"bc7cf1b0302922c2b99c7595e8c356f7ef85cdf5","sha256":"5873901854c13a1c3b7b5b1d921579a29476dd3b7afd22bce4b3dd80f9e0b408"},"dob":{"date":"1969-02-24T23:20:12.036Z","age":55},"registered":{"date":"2004-05-23T10:12:15.886Z","age":19},"phone":"82905805","cell":"46360232","id":{"name":"FN","value":"24026927796"},"picture":{"large":"https://randomuser.me/api/portraits/men/30.jpg","medium":"https://randomuser.me/api/portraits/med/men/30.jpg","thumbnail":"https://randomuser.me/api/portraits/thumb/men/30.jpg"},"nat":"NO"}],"info":{"seed":"3704d800f559f5ad","results":1,"page":1,"version":"1.4"}} 
 </msg>
<msg time="2024-04-27T08:17:11.134606" level="INFO">/opt/hostedtoolcache/Python/3.12.3/x64/lib/python3.12/site-packages/urllib3/connectionpool.py:1103: InsecureRequestWarning: Unverified HTTPS request is being made to host 'randomuser.me'. Adding certificate verification is strongly advised. See: https://urllib3.readthedocs.io/en/latest/advanced-usage.html#tls-warnings
  warnings.warn(</msg>
<msg time="2024-04-27T08:17:11.134734" level="INFO">${response} = &lt;Response [200]&gt;</msg>
<var>${response}</var>
<arg>consultarAPI</arg>
<arg>/api</arg>
<doc>Sends a GET request on a previously created HTTP Session.</doc>
<status status="PASS" start="2024-04-27T08:17:11.056778" elapsed="0.077997"/>
</kw>
<kw name="Set Variable" owner="BuiltIn">
<msg time="2024-04-27T08:17:11.135936" level="INFO">${json_data} = {'results': [{'gender': 'male', 'name': {'title': 'Mr', 'first': 'Amadeus', 'last': 'Mahmoud'}, 'location': {'street': {'number': 4431, 'name': 'Sognsveien'}, 'city': 'Ferkingstad', 'state': 'Akershus...</msg>
<var>${json_data}</var>
<arg>${response.json()}</arg>
<doc>Returns the given values which can then be assigned to a variables.</doc>
<status status="PASS" start="2024-04-27T08:17:11.135393" elapsed="0.000572"/>
</kw>
<kw name="Log" owner="BuiltIn">
<msg time="2024-04-27T08:17:11.136433" level="INFO">{'results': [{'gender': 'male', 'name': {'title': 'Mr', 'first': 'Amadeus', 'last': 'Mahmoud'}, 'location': {'street': {'number': 4431, 'name': 'Sognsveien'}, 'city': 'Ferkingstad', 'state': 'Akershus', 'country': 'Norway', 'postcode': '0483', 'coordinates': {'latitude': '40.7480', 'longitude': '-91.2749'}, 'timezone': {'offset': '-8:00', 'description': 'Pacific Time (US &amp; Canada)'}}, 'email': 'amadeus.mahmoud@example.com', 'login': {'uuid': '0827c20b-c3d8-4f02-8d9c-f614f3f18d19', 'username': 'organicrabbit963', 'password': 'sundance', 'salt': 'XnZF8biW', 'md5': '645b68f324015e95e5e19466113af57a', 'sha1': 'bc7cf1b0302922c2b99c7595e8c356f7ef85cdf5', 'sha256': '5873901854c13a1c3b7b5b1d921579a29476dd3b7afd22bce4b3dd80f9e0b408'}, 'dob': {'date': '1969-02-24T23:20:12.036Z', 'age': 55}, 'registered': {'date': '2004-05-23T10:12:15.886Z', 'age': 19}, 'phone': '82905805', 'cell': '46360232', 'id': {'name': 'FN', 'value': '24026927796'}, 'picture': {'large': 'https://randomuser.me/api/portraits/men/30.jpg', 'medium': 'https://randomuser.me/api/portraits/med/men/30.jpg', 'thumbnail': 'https://randomuser.me/api/portraits/thumb/men/30.jpg'}, 'nat': 'NO'}], 'info': {'seed': '3704d800f559f5ad', 'results': 1, 'page': 1, 'version': '1.4'}}</msg>
<arg>${json_data}</arg>
<doc>Logs the given message with the given level.</doc>
<status status="PASS" start="2024-04-27T08:17:11.136276" elapsed="0.000244"/>
</kw>
<kw name="Should Be String" owner="String">
<arg>${json_data['results'][0]['gender']}</arg>
<doc>Fails if the given ``item`` is not a string.</doc>
<status status="PASS" start="2024-04-27T08:17:11.136824" elapsed="0.000365"/>
</kw>
<kw name="Should Match Regexp" owner="BuiltIn">
<arg>${json_data['results'][0]['email']}</arg>
<arg>^[a-zA-Z0-9._%+-]+@[a-zA-Z0-9.-]+\.[a-zA-Z]{2,}$</arg>
<doc>Fails if ``string`` does not match ``pattern`` as a regular expression.</doc>
<status status="PASS" start="2024-04-27T08:17:11.137382" elapsed="0.000572"/>
</kw>
<kw name="Should Match Regexp" owner="BuiltIn">
<arg>${json_data['results'][0]['dob']['date']}</arg>
<arg>\\d{4}-\\d{2}-\\d{2}T\\d{2}:\\d{2}:\\d{2}\\.\\d{3}Z</arg>
<doc>Fails if ``string`` does not match ``pattern`` as a regular expression.</doc>
<status status="PASS" start="2024-04-27T08:17:11.138153" elapsed="0.000492"/>
</kw>
<kw name="Should Match Regexp" owner="BuiltIn">
<arg>${json_data['results'][0]['registered']['date']}</arg>
<arg>\\d{4}-\\d{2}-\\d{2}T\\d{2}:\\d{2}:\\d{2}\\.\\d{3}Z</arg>
<doc>Fails if ``string`` does not match ``pattern`` as a regular expression.</doc>
<status status="PASS" start="2024-04-27T08:17:11.138837" elapsed="0.000380"/>
</kw>
<kw name="Should Match Regexp" owner="BuiltIn">
<arg>${json_data['results'][0]['picture']['large']}</arg>
<arg>^https?://.*\.(?:png|jpe?g|gif|bmp)$</arg>
<doc>Fails if ``string`` does not match ``pattern`` as a regular expression.</doc>
<status status="PASS" start="2024-04-27T08:17:11.139406" elapsed="0.000462"/>
</kw>
<kw name="Should Match Regexp" owner="BuiltIn">
<arg>${json_data['results'][0]['picture']['medium']}</arg>
<arg>^https?://.*\.(?:png|jpe?g|gif|bmp)$</arg>
<doc>Fails if ``string`` does not match ``pattern`` as a regular expression.</doc>
<status status="PASS" start="2024-04-27T08:17:11.140067" elapsed="0.000367"/>
</kw>
<kw name="Should Match Regexp" owner="BuiltIn">
<arg>${json_data['results'][0]['picture']['thumbnail']}</arg>
<arg>^https?://.*\.(?:png|jpe?g|gif|bmp)$</arg>
<doc>Fails if ``string`` does not match ``pattern`` as a regular expression.</doc>
<status status="PASS" start="2024-04-27T08:17:11.140625" elapsed="0.000352"/>
</kw>
<kw name="Log" owner="BuiltIn">
<msg time="2024-04-27T08:17:11.141490" level="INFO">{'large': 'https://randomuser.me/api/portraits/men/30.jpg', 'medium': 'https://randomuser.me/api/portraits/med/men/30.jpg', 'thumbnail': 'https://randomuser.me/api/portraits/thumb/men/30.jpg'}</msg>
<arg>${json_data['results'][0]['picture']}</arg>
<doc>Logs the given message with the given level.</doc>
<status status="PASS" start="2024-04-27T08:17:11.141161" elapsed="0.000370"/>
</kw>
<status status="PASS" start="2024-04-27T08:17:11.056546" elapsed="0.085280"/>
</kw>
<kw name="Teste de Tipos de Dados - Postcode" owner="random-user-service">
<kw name="GET On Session" owner="RequestsLibrary">
<msg time="2024-04-27T08:17:11.247737" level="INFO">GET Request : url=https://randomuser.me/api 
 path_url=/api 
 headers={'User-Agent': 'python-requests/2.31.0', 'Accept-Encoding': 'gzip, deflate', 'Accept': '*/*', 'Connection': 'keep-alive'} 
 body=None 
 </msg>
<msg time="2024-04-27T08:17:11.247835" level="INFO">GET Response : url=https://randomuser.me/api 
 status=200, reason=OK 
 headers={'Date': 'Sat, 27 Apr 2024 08:17:11 GMT', 'Content-Type': 'application/json; charset=utf-8', 'Transfer-Encoding': 'chunked', 'Connection': 'keep-alive', 'X-Powered-By': 'Express', 'Access-Control-Allow-Origin': '*', 'Cache-Control': 'no-cache', 'ETag': 'W/"483-FzbnJGRyWcVDrAdCudVeDcq729c"', 'Vary': 'Accept-Encoding', 'Content-Encoding': 'gzip', 'CF-Cache-Status': 'DYNAMIC', 'Report-To': '{"endpoints":[{"url":"https:\\/\\/a.nel.cloudflare.com\\/report\\/v4?s=aA74FC%2BfG7uroIbc21gwgF765AYRWb08LNUbHFJoPUPOZKRnHCHeUnG4cLiDn3N9yOgMZV3koDL6aiyL8Ivg%2FYhlfWVw6E34fPGD2V%2BDrWe1nt%2BVe%2Bdp0bEYWYvfhIVH"}],"group":"cf-nel","max_age":604800}', 'NEL': '{"success_fraction":0,"report_to":"cf-nel","max_age":604800}', 'Server': 'cloudflare', 'CF-RAY': '87ad5fecad8c3b44-IAD', 'alt-svc': 'h3=":443"; ma=86400'} 
 body={"results":[{"gender":"male","name":{"title":"Mr","first":"Mehmet","last":"Özdenak"},"location":{"street":{"number":9237,"name":"Necatibey Cd"},"city":"Batman","state":"Niğde","country":"Turkey","postcode":80556,"coordinates":{"latitude":"70.5956","longitude":"-62.0024"},"timezone":{"offset":"-3:00","description":"Brazil, Buenos Aires, Georgetown"}},"email":"mehmet.ozdenak@example.com","login":{"uuid":"af5e8eac-3275-4868-98c6-f596b2248b84","username":"silvergorilla982","password":"lesbians","salt":"oiEtFxI2","md5":"751f0ccd7555d7b911d478eef5ef3159","sha1":"e272576120f90e0984a9128a76eeb0cbb0fe71ee","sha256":"1307518050170ece8db9c50ae41a97543000c83266546bd3e421ec2570abf1df"},"dob":{"date":"1963-12-10T19:31:20.168Z","age":60},"registered":{"date":"2014-01-28T08:52:32.492Z","age":10},"phone":"(711)-256-5260","cell":"(347)-775-0175","id":{"name":"","value":null},"picture":{"large":"https://randomuser.me/api/portraits/men/38.jpg","medium":"https://randomuser.me/api/portraits/med/men/38.jpg","thumbnail":"https://randomuser.me/api/portraits/thumb/men/38.jpg"},"nat":"TR"}],"info":{"seed":"791278e11042447c","results":1,"page":1,"version":"1.4"}} 
 </msg>
<msg time="2024-04-27T08:17:11.247907" level="INFO">/opt/hostedtoolcache/Python/3.12.3/x64/lib/python3.12/site-packages/urllib3/connectionpool.py:1103: InsecureRequestWarning: Unverified HTTPS request is being made to host 'randomuser.me'. Adding certificate verification is strongly advised. See: https://urllib3.readthedocs.io/en/latest/advanced-usage.html#tls-warnings
  warnings.warn(</msg>
<msg time="2024-04-27T08:17:11.248040" level="INFO">${response} = &lt;Response [200]&gt;</msg>
<var>${response}</var>
<arg>consultarAPI</arg>
<arg>/api</arg>
<doc>Sends a GET request on a previously created HTTP Session.</doc>
<status status="PASS" start="2024-04-27T08:17:11.142303" elapsed="0.105766"/>
</kw>
<kw name="Set Variable" owner="BuiltIn">
<msg time="2024-04-27T08:17:11.249103" level="INFO">${json_data} = {'results': [{'gender': 'male', 'name': {'title': 'Mr', 'first': 'Mehmet', 'last': 'Özdenak'}, 'location': {'street': {'number': 9237, 'name': 'Necatibey Cd'}, 'city': 'Batman', 'state': 'Niğde', 'cou...</msg>
<var>${json_data}</var>
<arg>${response.json()}</arg>
<doc>Returns the given values which can then be assigned to a variables.</doc>
<status status="PASS" start="2024-04-27T08:17:11.248554" elapsed="0.000580"/>
</kw>
<kw name="Log" owner="BuiltIn">
<msg time="2024-04-27T08:17:11.249660" level="INFO">{'results': [{'gender': 'male', 'name': {'title': 'Mr', 'first': 'Mehmet', 'last': 'Özdenak'}, 'location': {'street': {'number': 9237, 'name': 'Necatibey Cd'}, 'city': 'Batman', 'state': 'Niğde', 'country': 'Turkey', 'postcode': 80556, 'coordinates': {'latitude': '70.5956', 'longitude': '-62.0024'}, 'timezone': {'offset': '-3:00', 'description': 'Brazil, Buenos Aires, Georgetown'}}, 'email': 'mehmet.ozdenak@example.com', 'login': {'uuid': 'af5e8eac-3275-4868-98c6-f596b2248b84', 'username': 'silvergorilla982', 'password': 'lesbians', 'salt': 'oiEtFxI2', 'md5': '751f0ccd7555d7b911d478eef5ef3159', 'sha1': 'e272576120f90e0984a9128a76eeb0cbb0fe71ee', 'sha256': '1307518050170ece8db9c50ae41a97543000c83266546bd3e421ec2570abf1df'}, 'dob': {'date': '1963-12-10T19:31:20.168Z', 'age': 60}, 'registered': {'date': '2014-01-28T08:52:32.492Z', 'age': 10}, 'phone': '(711)-256-5260', 'cell': '(347)-775-0175', 'id': {'name': '', 'value': None}, 'picture': {'large': 'https://randomuser.me/api/portraits/men/38.jpg', 'medium': 'https://randomuser.me/api/portraits/med/men/38.jpg', 'thumbnail': 'https://randomuser.me/api/portraits/thumb/men/38.jpg'}, 'nat': 'TR'}], 'info': {'seed': '791278e11042447c', 'results': 1, 'page': 1, 'version': '1.4'}}</msg>
<arg>${json_data}</arg>
<doc>Logs the given message with the given level.</doc>
<status status="PASS" start="2024-04-27T08:17:11.249455" elapsed="0.000292"/>
</kw>
<kw name="Should Be Equal As Numbers" owner="BuiltIn">
<arg>${json_data['results'][0]['location']['postcode']}</arg>
<arg>${json_data['results'][0]['location']['postcode']}</arg>
<doc>Fails if objects are unequal after converting them to real numbers.</doc>
<status status="PASS" start="2024-04-27T08:17:11.250058" elapsed="0.000855"/>
</kw>
<kw name="Log" owner="BuiltIn">
<msg time="2024-04-27T08:17:11.251483" level="INFO">80556</msg>
<arg>${json_data['results'][0]['location']['postcode']}</arg>
<doc>Logs the given message with the given level.</doc>
<status status="PASS" start="2024-04-27T08:17:11.251123" elapsed="0.000401"/>
</kw>
<status status="PASS" start="2024-04-27T08:17:11.142060" elapsed="0.109735"/>
</kw>
<doc>Testa se os tipos de dados na resposta da API estão corretos.</doc>
<tag>testeTiposDados</tag>
<status status="PASS" start="2024-04-27T08:17:11.056007" elapsed="0.195975"/>
</test>
<test id="s1-s1-t5" name="Validar conteudo" line="35">
<kw name="Teste de Tipos de Conteudo" owner="random-user-service">
<kw name="GET On Session" owner="RequestsLibrary">
<msg time="2024-04-27T08:17:11.325054" level="INFO">GET Request : url=https://randomuser.me/api 
 path_url=/api 
 headers={'User-Agent': 'python-requests/2.31.0', 'Accept-Encoding': 'gzip, deflate', 'Accept': '*/*', 'Connection': 'keep-alive'} 
 body=None 
 </msg>
<msg time="2024-04-27T08:17:11.325140" level="INFO">GET Response : url=https://randomuser.me/api 
 status=200, reason=OK 
 headers={'Date': 'Sat, 27 Apr 2024 08:17:11 GMT', 'Content-Type': 'application/json; charset=utf-8', 'Transfer-Encoding': 'chunked', 'Connection': 'keep-alive', 'X-Powered-By': 'Express', 'Access-Control-Allow-Origin': '*', 'Cache-Control': 'no-cache', 'ETag': 'W/"486-8EyNG5UzPYUGLl7nlFT+mLrUXMs"', 'Vary': 'Accept-Encoding', 'Content-Encoding': 'gzip', 'CF-Cache-Status': 'DYNAMIC', 'Report-To': '{"endpoints":[{"url":"https:\\/\\/a.nel.cloudflare.com\\/report\\/v4?s=%2BbXGZjRADCvPyKVIA%2B5X7%2Foa3xAXhUoOXzEzKdQj%2BxlajhWVSr9JnkzZdhdVq964fappl7V10Z7hGF9yTPxbRSg0p6M%2BXEvctx2EFEI1XsmVzKd48aEMoQIoke%2BgVsSu"}],"group":"cf-nel","max_age":604800}', 'NEL': '{"success_fraction":0,"report_to":"cf-nel","max_age":604800}', 'Server': 'cloudflare', 'CF-RAY': '87ad5fed5e193b44-IAD', 'alt-svc': 'h3=":443"; ma=86400'} 
 body={"results":[{"gender":"male","name":{"title":"Mr","first":"Gökhan","last":"Adal"},"location":{"street":{"number":7033,"name":"Necatibey Cd"},"city":"Tunceli","state":"Ankara","country":"Turkey","postcode":55822,"coordinates":{"latitude":"65.8174","longitude":"-153.3350"},"timezone":{"offset":"+3:00","description":"Baghdad, Riyadh, Moscow, St. Petersburg"}},"email":"gokhan.adal@example.com","login":{"uuid":"708b8c18-0399-4782-8e71-1463e8b08205","username":"heavybutterfly183","password":"terrell","salt":"bmKMEHjq","md5":"56605f7d5df71292b2a002f19773d3dc","sha1":"0856cb2e997f1c27e8172d9d223014896eccc314","sha256":"94e79f658a67ec31043e3f18452404168cb7a1067a77511a70833f5dd8e31c12"},"dob":{"date":"1960-08-15T05:39:11.149Z","age":63},"registered":{"date":"2010-06-26T14:32:40.998Z","age":13},"phone":"(957)-051-0332","cell":"(865)-384-6204","id":{"name":"","value":null},"picture":{"large":"https://randomuser.me/api/portraits/men/20.jpg","medium":"https://randomuser.me/api/portraits/med/men/20.jpg","thumbnail":"https://randomuser.me/api/portraits/thumb/men/20.jpg"},"nat":"TR"}],"info":{"seed":"2dfd272ba90211ef","results":1,"page":1,"version":"1.4"}} 
 </msg>
<msg time="2024-04-27T08:17:11.325207" level="INFO">/opt/hostedtoolcache/Python/3.12.3/x64/lib/python3.12/site-packages/urllib3/connectionpool.py:1103: InsecureRequestWarning: Unverified HTTPS request is being made to host 'randomuser.me'. Adding certificate verification is strongly advised. See: https://urllib3.readthedocs.io/en/latest/advanced-usage.html#tls-warnings
  warnings.warn(</msg>
<msg time="2024-04-27T08:17:11.325335" level="INFO">${response} = &lt;Response [200]&gt;</msg>
<var>${response}</var>
<arg>consultarAPI</arg>
<arg>/api</arg>
<doc>Sends a GET request on a previously created HTTP Session.</doc>
<status status="PASS" start="2024-04-27T08:17:11.254620" elapsed="0.070758"/>
</kw>
<kw name="Set Variable" owner="BuiltIn">
<msg time="2024-04-27T08:17:11.326357" level="INFO">${json_data} = {'results': [{'gender': 'male', 'name': {'title': 'Mr', 'first': 'Gökhan', 'last': 'Adal'}, 'location': {'street': {'number': 7033, 'name': 'Necatibey Cd'}, 'city': 'Tunceli', 'state': 'Ankara', 'coun...</msg>
<var>${json_data}</var>
<arg>${response.json()}</arg>
<doc>Returns the given values which can then be assigned to a variables.</doc>
<status status="PASS" start="2024-04-27T08:17:11.325848" elapsed="0.000538"/>
</kw>
<kw name="Set Variable" owner="BuiltIn">
<msg time="2024-04-27T08:17:11.327084" level="INFO">${name_title} = Mr</msg>
<var>${name_title}</var>
<arg>${json_data["results"][0]["name"]["title"]}</arg>
<doc>Returns the given values which can then be assigned to a variables.</doc>
<status status="PASS" start="2024-04-27T08:17:11.326690" elapsed="0.000419"/>
</kw>
<kw name="Create List" owner="BuiltIn">
<msg time="2024-04-27T08:17:11.327558" level="INFO">${allowed_titles} = ['Mr', 'Ms', 'Miss', 'Mrs', 'Madame', 'Monsieur']</msg>
<var>${allowed_titles}</var>
<arg>Mr</arg>
<arg>Ms</arg>
<arg>Miss</arg>
<arg>Mrs</arg>
<arg>Madame</arg>
<arg>Monsieur</arg>
<doc>Returns a list containing given items.</doc>
<status status="PASS" start="2024-04-27T08:17:11.327409" elapsed="0.000173"/>
</kw>
<kw name="List Should Contain Value" owner="Collections">
<msg time="2024-04-27T08:17:11.328090" level="INFO">False</msg>
<arg>${allowed_titles}</arg>
<arg>${name_title}</arg>
<doc>Fails if the ``value`` is not found from ``list``.</doc>
<status status="PASS" start="2024-04-27T08:17:11.327902" elapsed="0.000224"/>
</kw>
<kw name="Set Variable" owner="BuiltIn">
<msg time="2024-04-27T08:17:11.328795" level="INFO">${name_country} = TR</msg>
<var>${name_country}</var>
<arg>${json_data["results"][0]["nat"]}</arg>
<doc>Returns the given values which can then be assigned to a variables.</doc>
<status status="PASS" start="2024-04-27T08:17:11.328414" elapsed="0.000406"/>
</kw>
<kw name="Create List" owner="BuiltIn">
<msg time="2024-04-27T08:17:11.329750" level="INFO">${list_country} = ['AD', 'AE', 'AF', 'AG', 'AI', 'AL', 'AM', 'AO', 'AQ', 'AR', 'AS', 'AT', 'AU', 'AW', 'AX', 'AZ', 'BA', 'BB', 'BD', 'BE', 'BF', 'BG', 'BH', 'BI', 'BJ', 'BL', 'BM', 'BN', 'BO', 'BQ', 'BR', 'BS', 'BT', '...</msg>
<var>${list_country}</var>
<arg>AD</arg>
<arg>AE</arg>
<arg>AF</arg>
<arg>AG</arg>
<arg>AI</arg>
<arg>AL</arg>
<arg>AM</arg>
<arg>AO</arg>
<arg>AQ</arg>
<arg>AR</arg>
<arg>AS</arg>
<arg>AT</arg>
<arg>AU</arg>
<arg>AW</arg>
<arg>AX</arg>
<arg>AZ</arg>
<arg>BA</arg>
<arg>BB</arg>
<arg>BD</arg>
<arg>BE</arg>
<arg>BF</arg>
<arg>BG</arg>
<arg>BH</arg>
<arg>BI</arg>
<arg>BJ</arg>
<arg>BL</arg>
<arg>BM</arg>
<arg>BN</arg>
<arg>BO</arg>
<arg>BQ</arg>
<arg>BR</arg>
<arg>BS</arg>
<arg>BT</arg>
<arg>BV</arg>
<arg>BW</arg>
<arg>BY</arg>
<arg>BZ</arg>
<arg>CA</arg>
<arg>CC</arg>
<arg>CD</arg>
<arg>CF</arg>
<arg>CG</arg>
<arg>CH</arg>
<arg>CI</arg>
<arg>CK</arg>
<arg>CL</arg>
<arg>CM</arg>
<arg>CN</arg>
<arg>CO</arg>
<arg>CR</arg>
<arg>CU</arg>
<arg>CV</arg>
<arg>CW</arg>
<arg>CX</arg>
<arg>CY</arg>
<arg>CZ</arg>
<arg>DE</arg>
<arg>DJ</arg>
<arg>DK</arg>
<arg>DM</arg>
<arg>DO</arg>
<arg>DZ</arg>
<arg>EC</arg>
<arg>EE</arg>
<arg>EG</arg>
<arg>EH</arg>
<arg>ER</arg>
<arg>ES</arg>
<arg>ET</arg>
<arg>FI</arg>
<arg>FJ</arg>
<arg>FK</arg>
<arg>FM</arg>
<arg>FO</arg>
<arg>FR</arg>
<arg>GA</arg>
<arg>GB</arg>
<arg>GD</arg>
<arg>GE</arg>
<arg>GF</arg>
<arg>GG</arg>
<arg>GH</arg>
<arg>GI</arg>
<arg>GL</arg>
<arg>GM</arg>
<arg>GN</arg>
<arg>GP</arg>
<arg>GQ</arg>
<arg>GR</arg>
<arg>GS</arg>
<arg>GT</arg>
<arg>GU</arg>
<arg>GW</arg>
<arg>GY</arg>
<arg>HK</arg>
<arg>HM</arg>
<arg>HN</arg>
<arg>HR</arg>
<arg>HT</arg>
<arg>HU</arg>
<arg>ID</arg>
<arg>IE</arg>
<arg>IL</arg>
<arg>IM</arg>
<arg>IN</arg>
<arg>IO</arg>
<arg>IQ</arg>
<arg>IR</arg>
<arg>IS</arg>
<arg>IT</arg>
<arg>JE</arg>
<arg>JM</arg>
<arg>JO</arg>
<arg>JP</arg>
<arg>KE</arg>
<arg>KG</arg>
<arg>KH</arg>
<arg>KI</arg>
<arg>KM</arg>
<arg>KN</arg>
<arg>KP</arg>
<arg>KR</arg>
<arg>KW</arg>
<arg>KY</arg>
<arg>KZ</arg>
<arg>LA</arg>
<arg>LB</arg>
<arg>LC</arg>
<arg>LI</arg>
<arg>LK</arg>
<arg>LR</arg>
<arg>LS</arg>
<arg>LT</arg>
<arg>LU</arg>
<arg>LV</arg>
<arg>LY</arg>
<arg>MA</arg>
<arg>MC</arg>
<arg>MD</arg>
<arg>ME</arg>
<arg>MF</arg>
<arg>MG</arg>
<arg>MH</arg>
<arg>MK</arg>
<arg>ML</arg>
<arg>MM</arg>
<arg>MN</arg>
<arg>MO</arg>
<arg>MP</arg>
<arg>MQ</arg>
<arg>MR</arg>
<arg>MS</arg>
<arg>MT</arg>
<arg>MU</arg>
<arg>MV</arg>
<arg>MW</arg>
<arg>MX</arg>
<arg>MY</arg>
<arg>MZ</arg>
<arg>NA</arg>
<arg>NC</arg>
<arg>NE</arg>
<arg>NF</arg>
<arg>NG</arg>
<arg>NI</arg>
<arg>NL</arg>
<arg>NO</arg>
<arg>NP</arg>
<arg>NR</arg>
<arg>NU</arg>
<arg>NZ</arg>
<arg>OM</arg>
<arg>PA</arg>
<arg>PE</arg>
<arg>PF</arg>
<arg>PG</arg>
<arg>PH</arg>
<arg>PK</arg>
<arg>PL</arg>
<arg>PM</arg>
<arg>PN</arg>
<arg>PR</arg>
<arg>PS</arg>
<arg>PT</arg>
<arg>PW</arg>
<arg>PY</arg>
<arg>QA</arg>
<arg>RE</arg>
<arg>RO</arg>
<arg>RS</arg>
<arg>RU</arg>
<arg>RW</arg>
<arg>SA</arg>
<arg>SB</arg>
<arg>SC</arg>
<arg>SD</arg>
<arg>SE</arg>
<arg>SG</arg>
<arg>SH</arg>
<arg>SI</arg>
<arg>SJ</arg>
<arg>SK</arg>
<arg>SL</arg>
<arg>SM</arg>
<arg>SN</arg>
<arg>SO</arg>
<arg>SR</arg>
<arg>SS</arg>
<arg>ST</arg>
<arg>SV</arg>
<arg>SX</arg>
<arg>SY</arg>
<arg>SZ</arg>
<arg>TC</arg>
<arg>TD</arg>
<arg>TF</arg>
<arg>TG</arg>
<arg>TH</arg>
<arg>TJ</arg>
<arg>TK</arg>
<arg>TL</arg>
<arg>TM</arg>
<arg>TN</arg>
<arg>TO</arg>
<arg>TR</arg>
<arg>TT</arg>
<arg>TV</arg>
<arg>TW</arg>
<arg>TZ</arg>
<arg>UA</arg>
<arg>UG</arg>
<arg>UM</arg>
<arg>US</arg>
<arg>UY</arg>
<arg>UZ</arg>
<arg>VA</arg>
<arg>VC</arg>
<arg>VE</arg>
<arg>VG</arg>
<arg>VI</arg>
<arg>VN</arg>
<arg>VU</arg>
<arg>WF</arg>
<arg>WS</arg>
<arg>XK</arg>
<arg>YE</arg>
<arg>YT</arg>
<arg>ZA</arg>
<arg>ZM</arg>
<arg>ZW</arg>
<doc>Returns a list containing given items.</doc>
<status status="PASS" start="2024-04-27T08:17:11.329122" elapsed="0.000654"/>
</kw>
<kw name="List Should Contain Value" owner="Collections">
<msg time="2024-04-27T08:17:11.330782" level="INFO">False</msg>
<arg>${list_country}</arg>
<arg>${name_country}</arg>
<doc>Fails if the ``value`` is not found from ``list``.</doc>
<status status="PASS" start="2024-04-27T08:17:11.330578" elapsed="0.000241"/>
</kw>
<kw name="Run Keyword If" owner="BuiltIn">
<kw name="Should Be True" owner="BuiltIn">
<arg>${True}</arg>
<doc>Fails if the given condition is not true.</doc>
<status status="PASS" start="2024-04-27T08:17:11.331894" elapsed="0.000144"/>
</kw>
<arg>${json_data["results"][0]["location"]["coordinates"]["latitude"]} &gt;= -90 and ${json_data["results"][0]["location"]["coordinates"]["latitude"]} &lt;= 90</arg>
<arg>Should Be True</arg>
<arg>${True}</arg>
<doc>Runs the given keyword with the given arguments, if ``condition`` is true.</doc>
<status status="PASS" start="2024-04-27T08:17:11.331126" elapsed="0.001040"/>
</kw>
<kw name="Run Keyword If" owner="BuiltIn">
<kw name="Should Be True" owner="BuiltIn">
<arg>${True}</arg>
<doc>Fails if the given condition is not true.</doc>
<status status="PASS" start="2024-04-27T08:17:11.333052" elapsed="0.000250"/>
</kw>
<arg>${json_data["results"][0]["location"]["coordinates"]["longitude"]} &gt;= -180 and ${json_data["results"][0]["location"]["coordinates"]["longitude"]} &lt;= 180</arg>
<arg>Should Be True</arg>
<arg>${True}</arg>
<doc>Runs the given keyword with the given arguments, if ``condition`` is true.</doc>
<status status="PASS" start="2024-04-27T08:17:11.332354" elapsed="0.001074"/>
</kw>
<status status="PASS" start="2024-04-27T08:17:11.254373" elapsed="0.079209"/>
</kw>
<doc>Testa o conteúdo específico dos campos retornados pela API.</doc>
<tag>testeConteudo</tag>
<status status="PASS" start="2024-04-27T08:17:11.253907" elapsed="0.079843"/>
</test>
<status status="PASS" start="2024-04-27T08:17:10.551027" elapsed="0.784659"/>
</suite>
<status status="PASS" start="2024-04-27T08:17:10.537325" elapsed="0.803502"/>
</suite>
<statistics>
<total>
<stat pass="5" fail="0" skip="0">All Tests</stat>
</total>
<tag>
<stat pass="1" fail="0" skip="0">testeConteudo</stat>
<stat pass="1" fail="0" skip="0">testeEstruturaResposta</stat>
<stat pass="1" fail="0" skip="0">testeRequisicaoBasica</stat>
<stat pass="1" fail="0" skip="0">testeTiposDados</stat>
</tag>
<suite>
<stat pass="5" fail="0" skip="0" id="s1" name="Tests">Tests</stat>
<stat pass="5" fail="0" skip="0" id="s1-s1" name="Random-User-Test">Tests.Random-User-Test</stat>
</suite>
</statistics>
<errors>
</errors>
</robot>
