<?xml version="1.0" encoding="UTF-8"?>
<robot generator="Robot 7.0.1 (Python 3.12.4 on linux)" generated="2024-07-12T15:15:46.220742" rpa="false" schemaversion="5">
<suite id="s1" name="Tests" source="/home/runner/work/ApiRandomUser/ApiRandomUser/RamdonUser/tests">
<suite id="s1-s1" name="Random-User-Test" source="/home/runner/work/ApiRandomUser/ApiRandomUser/RamdonUser/tests/random-user-test.robot">
<test id="s1-s1-t1" name="Conectar" line="13">
<kw name="Conectar API" owner="random-user-service">
<kw name="Create Session" owner="RequestsLibrary">
<msg time="2024-07-12T15:15:46.625822" level="INFO">Creating Session using : alias=consultarAPI, url=https://randomuser.me/, headers={},                     cookies={}, auth=None, timeout=None, proxies=None, verify=False,                     debug=0 </msg>
<arg>consultarAPI</arg>
<arg>${URL}</arg>
<doc>Create Session: create a HTTP session to a server</doc>
<status status="PASS" start="2024-07-12T15:15:46.625618" elapsed="0.000434"/>
</kw>
<status status="PASS" start="2024-07-12T15:15:46.624608" elapsed="0.001810"/>
</kw>
<status status="PASS" start="2024-07-12T15:15:46.624025" elapsed="0.002584"/>
</test>
<test id="s1-s1-t2" name="Validar retorno 200 e JSON Válido" line="16">
<kw name="Teste de Requisicao Basica" owner="random-user-service">
<kw name="GET On Session" owner="RequestsLibrary">
<msg time="2024-07-12T15:15:47.208150" level="INFO">GET Request : url=https://randomuser.me/api 
 path_url=/api 
 headers={'User-Agent': 'python-requests/2.32.3', 'Accept-Encoding': 'gzip, deflate', 'Accept': '*/*', 'Connection': 'keep-alive'} 
 body=None 
 </msg>
<msg time="2024-07-12T15:15:47.208323" level="INFO">GET Response : url=https://randomuser.me/api 
 status=200, reason=OK 
 headers={'Date': 'Fri, 12 Jul 2024 15:15:47 GMT', 'Content-Type': 'application/json; charset=utf-8', 'Transfer-Encoding': 'chunked', 'Connection': 'keep-alive', 'X-Powered-By': 'Express', 'Access-Control-Allow-Origin': '*', 'Cache-Control': 'no-cache', 'ETag': 'W/"489-Ihkhbnytt+FHeoZQwaCeHAv1rj8"', 'Vary': 'Accept-Encoding', 'Content-Encoding': 'gzip', 'CF-Cache-Status': 'DYNAMIC', 'Report-To': '{"endpoints":[{"url":"https:\\/\\/a.nel.cloudflare.com\\/report\\/v4?s=0CO9nA%2F4poy6PTRXUa53sOz%2FjutVoOLMNnDtgJ5XQmrFHH6FsVk2w25RXFCkKQpkQNAKQ382MhG05z6suLbgAgQdSo1Q4i9qIvHygRZSHtlQTuwBkmnJ2nmVmgjxzyz7"}],"group":"cf-nel","max_age":604800}', 'NEL': '{"success_fraction":0,"report_to":"cf-nel","max_age":604800}', 'Server': 'cloudflare', 'CF-RAY': '8a21fd994b655740-IAD', 'alt-svc': 'h3=":443"; ma=86400'} 
 body={"results":[{"gender":"female","name":{"title":"Mrs","first":"Olivia","last":"Petersen"},"location":{"street":{"number":1252,"name":"Svenstrupvej"},"city":"V.Skerninge","state":"Nordjylland","country":"Denmark","postcode":15485,"coordinates":{"latitude":"-42.2823","longitude":"138.8379"},"timezone":{"offset":"+2:00","description":"Kaliningrad, South Africa"}},"email":"olivia.petersen@example.com","login":{"uuid":"cc782ce8-0dc6-4b91-baca-99efb59d970f","username":"redmouse606","password":"shoes","salt":"3WASMe9Q","md5":"a91a8c213395ba66a50ef399d45b76d1","sha1":"c52db793dc902d8414bd7092bf41a9fe61a23e78","sha256":"0d89b459032127f3178382a902ed65ba6242429a3ed8967defed83b36fe349cd"},"dob":{"date":"1995-11-02T11:25:10.335Z","age":28},"registered":{"date":"2021-11-07T23:43:27.527Z","age":2},"phone":"35854096","cell":"09334542","id":{"name":"CPR","value":"021195-4822"},"picture":{"large":"https://randomuser.me/api/portraits/women/69.jpg","medium":"https://randomuser.me/api/portraits/med/women/69.jpg","thumbnail":"https://randomuser.me/api/portraits/thumb/women/69.jpg"},"nat":"DK"}],"info":{"seed":"d3bbcc7ec497e929","results":1,"page":1,"version":"1.4"}} 
 </msg>
<msg time="2024-07-12T15:15:47.208424" level="INFO">/opt/hostedtoolcache/Python/3.12.4/x64/lib/python3.12/site-packages/urllib3/connectionpool.py:1099: InsecureRequestWarning: Unverified HTTPS request is being made to host 'randomuser.me'. Adding certificate verification is strongly advised. See: https://urllib3.readthedocs.io/en/latest/advanced-usage.html#tls-warnings
  warnings.warn(</msg>
<msg time="2024-07-12T15:15:47.208577" level="INFO">${response} = &lt;Response [200]&gt;</msg>
<var>${response}</var>
<arg>consultarAPI</arg>
<arg>/api</arg>
<doc>Sends a GET request on a previously created HTTP Session.</doc>
<status status="PASS" start="2024-07-12T15:15:46.629183" elapsed="0.579431"/>
</kw>
<kw name="Should Be Equal As Numbers" owner="BuiltIn">
<msg time="2024-07-12T15:15:47.209797" level="INFO">Argument types are:
&lt;class 'int'&gt;
&lt;class 'str'&gt;</msg>
<arg>${response.status_code}</arg>
<arg>200</arg>
<doc>Fails if objects are unequal after converting them to real numbers.</doc>
<status status="PASS" start="2024-07-12T15:15:47.209294" elapsed="0.000615"/>
</kw>
<kw name="Log" owner="BuiltIn">
<msg time="2024-07-12T15:15:47.210663" level="INFO">200</msg>
<arg>${response.status_code}</arg>
<doc>Logs the given message with the given level.</doc>
<status status="PASS" start="2024-07-12T15:15:47.210279" elapsed="0.000429"/>
</kw>
<kw name="Set Variable" owner="BuiltIn">
<msg time="2024-07-12T15:15:47.211476" level="INFO">${json_data} = {'results': [{'gender': 'female', 'name': {'title': 'Mrs', 'first': 'Olivia', 'last': 'Petersen'}, 'location': {'street': {'number': 1252, 'name': 'Svenstrupvej'}, 'city': 'V.Skerninge', 'state': 'Nor...</msg>
<var>${json_data}</var>
<arg>${response.json()}</arg>
<doc>Returns the given values which can then be assigned to a variables.</doc>
<status status="PASS" start="2024-07-12T15:15:47.211023" elapsed="0.000483"/>
</kw>
<kw name="Dictionary Should Contain Key" owner="Collections">
<arg>${json_data}</arg>
<arg>results</arg>
<doc>Fails if ``key`` is not found from ``dictionary``.</doc>
<status status="PASS" start="2024-07-12T15:15:47.211816" elapsed="0.000173"/>
</kw>
<status status="PASS" start="2024-07-12T15:15:46.628937" elapsed="0.583208"/>
</kw>
<doc>Testa se a API responde corretamente e retorna um objeto JSON válido.</doc>
<tag>testeRequisicaoBasica</tag>
<status status="PASS" start="2024-07-12T15:15:46.628478" elapsed="0.583855"/>
</test>
<test id="s1-s1-t3" name="Validar estrutura de resposta" line="22">
<kw name="Teste de Estrutura de Resposta" owner="random-user-service">
<kw name="GET On Session" owner="RequestsLibrary">
<msg time="2024-07-12T15:15:47.383017" level="INFO">GET Request : url=https://randomuser.me/api 
 path_url=/api 
 headers={'User-Agent': 'python-requests/2.32.3', 'Accept-Encoding': 'gzip, deflate', 'Accept': '*/*', 'Connection': 'keep-alive'} 
 body=None 
 </msg>
<msg time="2024-07-12T15:15:47.383126" level="INFO">GET Response : url=https://randomuser.me/api 
 status=200, reason=OK 
 headers={'Date': 'Fri, 12 Jul 2024 15:15:47 GMT', 'Content-Type': 'application/json; charset=utf-8', 'Transfer-Encoding': 'chunked', 'Connection': 'keep-alive', 'X-Powered-By': 'Express', 'Access-Control-Allow-Origin': '*', 'Cache-Control': 'no-cache', 'ETag': 'W/"48b-aO8ohTnY6dB5pWF6OcYAEA8mI2I"', 'Vary': 'Accept-Encoding', 'Content-Encoding': 'gzip', 'CF-Cache-Status': 'DYNAMIC', 'Report-To': '{"endpoints":[{"url":"https:\\/\\/a.nel.cloudflare.com\\/report\\/v4?s=kVOzW0MjQPD38yF6eqlyEi1T9A2uWwsXfa4QLO2XKs3%2BJJAZJNdsbmuH1MOqMp2%2F8WfN5N4PvAk8EsRTrGSc0Haz5yQ%2BsQC0oVecVdMM%2FNiQZ9TgO%2FWDaYZCZaaM%2B3ah"}],"group":"cf-nel","max_age":604800}', 'NEL': '{"success_fraction":0,"report_to":"cf-nel","max_age":604800}', 'Server': 'cloudflare', 'CF-RAY': '8a21fd9c1eb35740-IAD', 'alt-svc': 'h3=":443"; ma=86400'} 
 body={"results":[{"gender":"male","name":{"title":"Mr","first":"Ratislav","last":"Tanskiy"},"location":{"street":{"number":3018,"name":"Molochanska"},"city":"Bunge","state":"Avtonomna Respublika Krim","country":"Ukraine","postcode":11796,"coordinates":{"latitude":"77.4255","longitude":"-21.1483"},"timezone":{"offset":"-8:00","description":"Pacific Time (US &amp; Canada)"}},"email":"ratislav.tanskiy@example.com","login":{"uuid":"bd249200-dabc-4d9e-91ed-a5730c7bf809","username":"whiteswan683","password":"bears","salt":"ZOQW2L4w","md5":"0a6226deedcccd8de0071428f56e6f37","sha1":"4770934fabd9164d8fd8530ba7a806f4be2043a9","sha256":"4e434392a789b46d835d3e2848a08211f93cdf93b1781720a187c82a61296b48"},"dob":{"date":"1964-07-23T10:36:44.098Z","age":59},"registered":{"date":"2012-01-26T03:28:53.915Z","age":12},"phone":"(066) U47-9506","cell":"(068) S20-9937","id":{"name":"","value":null},"picture":{"large":"https://randomuser.me/api/portraits/men/18.jpg","medium":"https://randomuser.me/api/portraits/med/men/18.jpg","thumbnail":"https://randomuser.me/api/portraits/thumb/men/18.jpg"},"nat":"UA"}],"info":{"seed":"7458117185a91565","results":1,"page":1,"version":"1.4"}} 
 </msg>
<msg time="2024-07-12T15:15:47.383269" level="INFO">/opt/hostedtoolcache/Python/3.12.4/x64/lib/python3.12/site-packages/urllib3/connectionpool.py:1099: InsecureRequestWarning: Unverified HTTPS request is being made to host 'randomuser.me'. Adding certificate verification is strongly advised. See: https://urllib3.readthedocs.io/en/latest/advanced-usage.html#tls-warnings
  warnings.warn(</msg>
<msg time="2024-07-12T15:15:47.383401" level="INFO">${response} = &lt;Response [200]&gt;</msg>
<var>${response}</var>
<arg>consultarAPI</arg>
<arg>/api</arg>
<doc>Sends a GET request on a previously created HTTP Session.</doc>
<status status="PASS" start="2024-07-12T15:15:47.215298" elapsed="0.168144"/>
</kw>
<kw name="Set Variable" owner="BuiltIn">
<msg time="2024-07-12T15:15:47.384706" level="INFO">${json_data} = {'results': [{'gender': 'male', 'name': {'title': 'Mr', 'first': 'Ratislav', 'last': 'Tanskiy'}, 'location': {'street': {'number': 3018, 'name': 'Molochanska'}, 'city': 'Bunge', 'state': 'Avtonomna Re...</msg>
<var>${json_data}</var>
<arg>${response.json()}</arg>
<doc>Returns the given values which can then be assigned to a variables.</doc>
<status status="PASS" start="2024-07-12T15:15:47.384095" elapsed="0.000640"/>
</kw>
<kw name="Log" owner="BuiltIn">
<msg time="2024-07-12T15:15:47.385211" level="INFO">{'results': [{'gender': 'male', 'name': {'title': 'Mr', 'first': 'Ratislav', 'last': 'Tanskiy'}, 'location': {'street': {'number': 3018, 'name': 'Molochanska'}, 'city': 'Bunge', 'state': 'Avtonomna Respublika Krim', 'country': 'Ukraine', 'postcode': 11796, 'coordinates': {'latitude': '77.4255', 'longitude': '-21.1483'}, 'timezone': {'offset': '-8:00', 'description': 'Pacific Time (US &amp; Canada)'}}, 'email': 'ratislav.tanskiy@example.com', 'login': {'uuid': 'bd249200-dabc-4d9e-91ed-a5730c7bf809', 'username': 'whiteswan683', 'password': 'bears', 'salt': 'ZOQW2L4w', 'md5': '0a6226deedcccd8de0071428f56e6f37', 'sha1': '4770934fabd9164d8fd8530ba7a806f4be2043a9', 'sha256': '4e434392a789b46d835d3e2848a08211f93cdf93b1781720a187c82a61296b48'}, 'dob': {'date': '1964-07-23T10:36:44.098Z', 'age': 59}, 'registered': {'date': '2012-01-26T03:28:53.915Z', 'age': 12}, 'phone': '(066) U47-9506', 'cell': '(068) S20-9937', 'id': {'name': '', 'value': None}, 'picture': {'large': 'https://randomuser.me/api/portraits/men/18.jpg', 'medium': 'https://randomuser.me/api/portraits/med/men/18.jpg', 'thumbnail': 'https://randomuser.me/api/portraits/thumb/men/18.jpg'}, 'nat': 'UA'}], 'info': {'seed': '7458117185a91565', 'results': 1, 'page': 1, 'version': '1.4'}}</msg>
<arg>${json_data}</arg>
<doc>Logs the given message with the given level.</doc>
<status status="PASS" start="2024-07-12T15:15:47.385050" elapsed="0.000211"/>
</kw>
<kw name="Dictionary Should Contain Key" owner="Collections">
<arg>${json_data}</arg>
<arg>results</arg>
<doc>Fails if ``key`` is not found from ``dictionary``.</doc>
<status status="PASS" start="2024-07-12T15:15:47.385546" elapsed="0.000155"/>
</kw>
<kw name="Should Not Be Empty" owner="BuiltIn">
<msg time="2024-07-12T15:15:47.386095" level="INFO">Length is 2.</msg>
<arg>${json_data}</arg>
<doc>Verifies that the given item is not empty.</doc>
<status status="PASS" start="2024-07-12T15:15:47.385943" elapsed="0.000192"/>
</kw>
<kw name="Create List" owner="BuiltIn">
<msg time="2024-07-12T15:15:47.386739" level="INFO">${expected_keys} = ['gender', 'name', 'location', 'email', 'login']</msg>
<var>${expected_keys}</var>
<arg>gender</arg>
<arg>name</arg>
<arg>location</arg>
<arg>email</arg>
<arg>login</arg>
<doc>Returns a list containing given items.</doc>
<status status="PASS" start="2024-07-12T15:15:47.386425" elapsed="0.000339"/>
</kw>
<for flavor="IN">
<iter>
<kw name="Dictionary Should Contain Key" owner="Collections">
<arg>${json_data['results'][0]}</arg>
<arg>${key}</arg>
<doc>Fails if ``key`` is not found from ``dictionary``.</doc>
<status status="PASS" start="2024-07-12T15:15:47.387360" elapsed="0.000413"/>
</kw>
<kw name="Log" owner="BuiltIn">
<msg time="2024-07-12T15:15:47.388327" level="INFO">{'gender': 'male', 'name': {'title': 'Mr', 'first': 'Ratislav', 'last': 'Tanskiy'}, 'location': {'street': {'number': 3018, 'name': 'Molochanska'}, 'city': 'Bunge', 'state': 'Avtonomna Respublika Krim', 'country': 'Ukraine', 'postcode': 11796, 'coordinates': {'latitude': '77.4255', 'longitude': '-21.1483'}, 'timezone': {'offset': '-8:00', 'description': 'Pacific Time (US &amp; Canada)'}}, 'email': 'ratislav.tanskiy@example.com', 'login': {'uuid': 'bd249200-dabc-4d9e-91ed-a5730c7bf809', 'username': 'whiteswan683', 'password': 'bears', 'salt': 'ZOQW2L4w', 'md5': '0a6226deedcccd8de0071428f56e6f37', 'sha1': '4770934fabd9164d8fd8530ba7a806f4be2043a9', 'sha256': '4e434392a789b46d835d3e2848a08211f93cdf93b1781720a187c82a61296b48'}, 'dob': {'date': '1964-07-23T10:36:44.098Z', 'age': 59}, 'registered': {'date': '2012-01-26T03:28:53.915Z', 'age': 12}, 'phone': '(066) U47-9506', 'cell': '(068) S20-9937', 'id': {'name': '', 'value': None}, 'picture': {'large': 'https://randomuser.me/api/portraits/men/18.jpg', 'medium': 'https://randomuser.me/api/portraits/med/men/18.jpg', 'thumbnail': 'https://randomuser.me/api/portraits/thumb/men/18.jpg'}, 'nat': 'UA'}</msg>
<arg>${json_data['results'][0]}</arg>
<doc>Logs the given message with the given level.</doc>
<status status="PASS" start="2024-07-12T15:15:47.387957" elapsed="0.000421"/>
</kw>
<kw name="Log" owner="BuiltIn">
<msg time="2024-07-12T15:15:47.388804" level="INFO">gender</msg>
<arg>${key}</arg>
<doc>Logs the given message with the given level.</doc>
<status status="PASS" start="2024-07-12T15:15:47.388676" elapsed="0.000166"/>
</kw>
<var name="${key}">gender</var>
<status status="PASS" start="2024-07-12T15:15:47.387236" elapsed="0.001819"/>
</iter>
<iter>
<kw name="Dictionary Should Contain Key" owner="Collections">
<arg>${json_data['results'][0]}</arg>
<arg>${key}</arg>
<doc>Fails if ``key`` is not found from ``dictionary``.</doc>
<status status="PASS" start="2024-07-12T15:15:47.389348" elapsed="0.000392"/>
</kw>
<kw name="Log" owner="BuiltIn">
<msg time="2024-07-12T15:15:47.390338" level="INFO">{'gender': 'male', 'name': {'title': 'Mr', 'first': 'Ratislav', 'last': 'Tanskiy'}, 'location': {'street': {'number': 3018, 'name': 'Molochanska'}, 'city': 'Bunge', 'state': 'Avtonomna Respublika Krim', 'country': 'Ukraine', 'postcode': 11796, 'coordinates': {'latitude': '77.4255', 'longitude': '-21.1483'}, 'timezone': {'offset': '-8:00', 'description': 'Pacific Time (US &amp; Canada)'}}, 'email': 'ratislav.tanskiy@example.com', 'login': {'uuid': 'bd249200-dabc-4d9e-91ed-a5730c7bf809', 'username': 'whiteswan683', 'password': 'bears', 'salt': 'ZOQW2L4w', 'md5': '0a6226deedcccd8de0071428f56e6f37', 'sha1': '4770934fabd9164d8fd8530ba7a806f4be2043a9', 'sha256': '4e434392a789b46d835d3e2848a08211f93cdf93b1781720a187c82a61296b48'}, 'dob': {'date': '1964-07-23T10:36:44.098Z', 'age': 59}, 'registered': {'date': '2012-01-26T03:28:53.915Z', 'age': 12}, 'phone': '(066) U47-9506', 'cell': '(068) S20-9937', 'id': {'name': '', 'value': None}, 'picture': {'large': 'https://randomuser.me/api/portraits/men/18.jpg', 'medium': 'https://randomuser.me/api/portraits/med/men/18.jpg', 'thumbnail': 'https://randomuser.me/api/portraits/thumb/men/18.jpg'}, 'nat': 'UA'}</msg>
<arg>${json_data['results'][0]}</arg>
<doc>Logs the given message with the given level.</doc>
<status status="PASS" start="2024-07-12T15:15:47.389979" elapsed="0.000443"/>
</kw>
<kw name="Log" owner="BuiltIn">
<msg time="2024-07-12T15:15:47.390849" level="INFO">name</msg>
<arg>${key}</arg>
<doc>Logs the given message with the given level.</doc>
<status status="PASS" start="2024-07-12T15:15:47.390721" elapsed="0.000165"/>
</kw>
<var name="${key}">name</var>
<status status="PASS" start="2024-07-12T15:15:47.389238" elapsed="0.001864"/>
</iter>
<iter>
<kw name="Dictionary Should Contain Key" owner="Collections">
<arg>${json_data['results'][0]}</arg>
<arg>${key}</arg>
<doc>Fails if ``key`` is not found from ``dictionary``.</doc>
<status status="PASS" start="2024-07-12T15:15:47.391386" elapsed="0.000377"/>
</kw>
<kw name="Log" owner="BuiltIn">
<msg time="2024-07-12T15:15:47.392292" level="INFO">{'gender': 'male', 'name': {'title': 'Mr', 'first': 'Ratislav', 'last': 'Tanskiy'}, 'location': {'street': {'number': 3018, 'name': 'Molochanska'}, 'city': 'Bunge', 'state': 'Avtonomna Respublika Krim', 'country': 'Ukraine', 'postcode': 11796, 'coordinates': {'latitude': '77.4255', 'longitude': '-21.1483'}, 'timezone': {'offset': '-8:00', 'description': 'Pacific Time (US &amp; Canada)'}}, 'email': 'ratislav.tanskiy@example.com', 'login': {'uuid': 'bd249200-dabc-4d9e-91ed-a5730c7bf809', 'username': 'whiteswan683', 'password': 'bears', 'salt': 'ZOQW2L4w', 'md5': '0a6226deedcccd8de0071428f56e6f37', 'sha1': '4770934fabd9164d8fd8530ba7a806f4be2043a9', 'sha256': '4e434392a789b46d835d3e2848a08211f93cdf93b1781720a187c82a61296b48'}, 'dob': {'date': '1964-07-23T10:36:44.098Z', 'age': 59}, 'registered': {'date': '2012-01-26T03:28:53.915Z', 'age': 12}, 'phone': '(066) U47-9506', 'cell': '(068) S20-9937', 'id': {'name': '', 'value': None}, 'picture': {'large': 'https://randomuser.me/api/portraits/men/18.jpg', 'medium': 'https://randomuser.me/api/portraits/med/men/18.jpg', 'thumbnail': 'https://randomuser.me/api/portraits/thumb/men/18.jpg'}, 'nat': 'UA'}</msg>
<arg>${json_data['results'][0]}</arg>
<doc>Logs the given message with the given level.</doc>
<status status="PASS" start="2024-07-12T15:15:47.391945" elapsed="0.000398"/>
</kw>
<kw name="Log" owner="BuiltIn">
<msg time="2024-07-12T15:15:47.392770" level="INFO">location</msg>
<arg>${key}</arg>
<doc>Logs the given message with the given level.</doc>
<status status="PASS" start="2024-07-12T15:15:47.392638" elapsed="0.000171"/>
</kw>
<var name="${key}">location</var>
<status status="PASS" start="2024-07-12T15:15:47.391278" elapsed="0.001746"/>
</iter>
<iter>
<kw name="Dictionary Should Contain Key" owner="Collections">
<arg>${json_data['results'][0]}</arg>
<arg>${key}</arg>
<doc>Fails if ``key`` is not found from ``dictionary``.</doc>
<status status="PASS" start="2024-07-12T15:15:47.393300" elapsed="0.000385"/>
</kw>
<kw name="Log" owner="BuiltIn">
<msg time="2024-07-12T15:15:47.394263" level="INFO">{'gender': 'male', 'name': {'title': 'Mr', 'first': 'Ratislav', 'last': 'Tanskiy'}, 'location': {'street': {'number': 3018, 'name': 'Molochanska'}, 'city': 'Bunge', 'state': 'Avtonomna Respublika Krim', 'country': 'Ukraine', 'postcode': 11796, 'coordinates': {'latitude': '77.4255', 'longitude': '-21.1483'}, 'timezone': {'offset': '-8:00', 'description': 'Pacific Time (US &amp; Canada)'}}, 'email': 'ratislav.tanskiy@example.com', 'login': {'uuid': 'bd249200-dabc-4d9e-91ed-a5730c7bf809', 'username': 'whiteswan683', 'password': 'bears', 'salt': 'ZOQW2L4w', 'md5': '0a6226deedcccd8de0071428f56e6f37', 'sha1': '4770934fabd9164d8fd8530ba7a806f4be2043a9', 'sha256': '4e434392a789b46d835d3e2848a08211f93cdf93b1781720a187c82a61296b48'}, 'dob': {'date': '1964-07-23T10:36:44.098Z', 'age': 59}, 'registered': {'date': '2012-01-26T03:28:53.915Z', 'age': 12}, 'phone': '(066) U47-9506', 'cell': '(068) S20-9937', 'id': {'name': '', 'value': None}, 'picture': {'large': 'https://randomuser.me/api/portraits/men/18.jpg', 'medium': 'https://randomuser.me/api/portraits/med/men/18.jpg', 'thumbnail': 'https://randomuser.me/api/portraits/thumb/men/18.jpg'}, 'nat': 'UA'}</msg>
<arg>${json_data['results'][0]}</arg>
<doc>Logs the given message with the given level.</doc>
<status status="PASS" start="2024-07-12T15:15:47.393903" elapsed="0.000412"/>
</kw>
<kw name="Log" owner="BuiltIn">
<msg time="2024-07-12T15:15:47.394738" level="INFO">email</msg>
<arg>${key}</arg>
<doc>Logs the given message with the given level.</doc>
<status status="PASS" start="2024-07-12T15:15:47.394606" elapsed="0.000172"/>
</kw>
<var name="${key}">email</var>
<status status="PASS" start="2024-07-12T15:15:47.393193" elapsed="0.001800"/>
</iter>
<iter>
<kw name="Dictionary Should Contain Key" owner="Collections">
<arg>${json_data['results'][0]}</arg>
<arg>${key}</arg>
<doc>Fails if ``key`` is not found from ``dictionary``.</doc>
<status status="PASS" start="2024-07-12T15:15:47.395275" elapsed="0.000380"/>
</kw>
<kw name="Log" owner="BuiltIn">
<msg time="2024-07-12T15:15:47.396182" level="INFO">{'gender': 'male', 'name': {'title': 'Mr', 'first': 'Ratislav', 'last': 'Tanskiy'}, 'location': {'street': {'number': 3018, 'name': 'Molochanska'}, 'city': 'Bunge', 'state': 'Avtonomna Respublika Krim', 'country': 'Ukraine', 'postcode': 11796, 'coordinates': {'latitude': '77.4255', 'longitude': '-21.1483'}, 'timezone': {'offset': '-8:00', 'description': 'Pacific Time (US &amp; Canada)'}}, 'email': 'ratislav.tanskiy@example.com', 'login': {'uuid': 'bd249200-dabc-4d9e-91ed-a5730c7bf809', 'username': 'whiteswan683', 'password': 'bears', 'salt': 'ZOQW2L4w', 'md5': '0a6226deedcccd8de0071428f56e6f37', 'sha1': '4770934fabd9164d8fd8530ba7a806f4be2043a9', 'sha256': '4e434392a789b46d835d3e2848a08211f93cdf93b1781720a187c82a61296b48'}, 'dob': {'date': '1964-07-23T10:36:44.098Z', 'age': 59}, 'registered': {'date': '2012-01-26T03:28:53.915Z', 'age': 12}, 'phone': '(066) U47-9506', 'cell': '(068) S20-9937', 'id': {'name': '', 'value': None}, 'picture': {'large': 'https://randomuser.me/api/portraits/men/18.jpg', 'medium': 'https://randomuser.me/api/portraits/med/men/18.jpg', 'thumbnail': 'https://randomuser.me/api/portraits/thumb/men/18.jpg'}, 'nat': 'UA'}</msg>
<arg>${json_data['results'][0]}</arg>
<doc>Logs the given message with the given level.</doc>
<status status="PASS" start="2024-07-12T15:15:47.395834" elapsed="0.000398"/>
</kw>
<kw name="Log" owner="BuiltIn">
<msg time="2024-07-12T15:15:47.396645" level="INFO">login</msg>
<arg>${key}</arg>
<doc>Logs the given message with the given level.</doc>
<status status="PASS" start="2024-07-12T15:15:47.396518" elapsed="0.000165"/>
</kw>
<var name="${key}">login</var>
<status status="PASS" start="2024-07-12T15:15:47.395163" elapsed="0.001734"/>
</iter>
<var>${key}</var>
<value>@{expected_keys}</value>
<status status="PASS" start="2024-07-12T15:15:47.387037" elapsed="0.009981"/>
</for>
<kw name="Create List" owner="BuiltIn">
<msg time="2024-07-12T15:15:47.397348" level="INFO">${expected_keysTwo} = ['username', 'password']</msg>
<var>${expected_keysTwo}</var>
<arg>username</arg>
<arg>password</arg>
<doc>Returns a list containing given items.</doc>
<status status="PASS" start="2024-07-12T15:15:47.397209" elapsed="0.000195"/>
</kw>
<for flavor="IN">
<iter>
<kw name="Dictionary Should Contain Key" owner="Collections">
<arg>${json_data['results'][0]['login']}</arg>
<arg>${keyTwo}</arg>
<doc>Fails if ``key`` is not found from ``dictionary``.</doc>
<status status="PASS" start="2024-07-12T15:15:47.397936" elapsed="0.000397"/>
</kw>
<kw name="Dictionary Should Contain Key" owner="Collections">
<arg>${json_data['results'][0]['login']}</arg>
<arg>${keyTwo}</arg>
<doc>Fails if ``key`` is not found from ``dictionary``.</doc>
<status status="PASS" start="2024-07-12T15:15:47.398514" elapsed="0.000372"/>
</kw>
<kw name="Log" owner="BuiltIn">
<msg time="2024-07-12T15:15:47.399188" level="INFO">username</msg>
<arg>${keyTwo}</arg>
<doc>Logs the given message with the given level.</doc>
<status status="PASS" start="2024-07-12T15:15:47.399067" elapsed="0.000159"/>
</kw>
<var name="${keyTwo}">username</var>
<status status="PASS" start="2024-07-12T15:15:47.397802" elapsed="0.001640"/>
</iter>
<iter>
<kw name="Dictionary Should Contain Key" owner="Collections">
<arg>${json_data['results'][0]['login']}</arg>
<arg>${keyTwo}</arg>
<doc>Fails if ``key`` is not found from ``dictionary``.</doc>
<status status="PASS" start="2024-07-12T15:15:47.399719" elapsed="0.000388"/>
</kw>
<kw name="Dictionary Should Contain Key" owner="Collections">
<arg>${json_data['results'][0]['login']}</arg>
<arg>${keyTwo}</arg>
<doc>Fails if ``key`` is not found from ``dictionary``.</doc>
<status status="PASS" start="2024-07-12T15:15:47.400286" elapsed="0.000373"/>
</kw>
<kw name="Log" owner="BuiltIn">
<msg time="2024-07-12T15:15:47.400952" level="INFO">password</msg>
<arg>${keyTwo}</arg>
<doc>Logs the given message with the given level.</doc>
<status status="PASS" start="2024-07-12T15:15:47.400833" elapsed="0.000162"/>
</kw>
<var name="${keyTwo}">password</var>
<status status="PASS" start="2024-07-12T15:15:47.399614" elapsed="0.001694"/>
</iter>
<var>${keyTwo}</var>
<value>@{expected_keysTwo}</value>
<status status="PASS" start="2024-07-12T15:15:47.397649" elapsed="0.003783"/>
</for>
<status status="PASS" start="2024-07-12T15:15:47.214911" elapsed="0.186665"/>
</kw>
<doc>Testa a estrutura da resposta da API.</doc>
<tag>testeEstruturaResposta</tag>
<status status="PASS" start="2024-07-12T15:15:47.214242" elapsed="0.187492"/>
</test>
<test id="s1-s1-t4" name="Validar tipos de dados" line="28">
<kw name="Teste de Tipos de Dados" owner="random-user-service">
<kw name="GET On Session" owner="RequestsLibrary">
<msg time="2024-07-12T15:15:47.464773" level="INFO">GET Request : url=https://randomuser.me/api 
 path_url=/api 
 headers={'User-Agent': 'python-requests/2.32.3', 'Accept-Encoding': 'gzip, deflate', 'Accept': '*/*', 'Connection': 'keep-alive'} 
 body=None 
 </msg>
<msg time="2024-07-12T15:15:47.464894" level="INFO">GET Response : url=https://randomuser.me/api 
 status=200, reason=OK 
 headers={'Date': 'Fri, 12 Jul 2024 15:15:47 GMT', 'Content-Type': 'application/json; charset=utf-8', 'Transfer-Encoding': 'chunked', 'Connection': 'keep-alive', 'X-Powered-By': 'Express', 'Access-Control-Allow-Origin': '*', 'Cache-Control': 'no-cache', 'ETag': 'W/"46f-pqFG8+3luoGksDBA/8Aj80BQhws"', 'Vary': 'Accept-Encoding', 'Content-Encoding': 'gzip', 'CF-Cache-Status': 'DYNAMIC', 'Report-To': '{"endpoints":[{"url":"https:\\/\\/a.nel.cloudflare.com\\/report\\/v4?s=GIE%2Bj1jSLl7KT6wtQKVlrZHmxptfjrA2vUGoSFi2IVjM7fygAU1C3J%2FDFGAFwYPQgeSHpMB1xMfc6tnZ4tlQUX4u8SQzgJ0fBsGx20FvqLpmSdrbiZutjA0T9W9uQGgO"}],"group":"cf-nel","max_age":604800}', 'NEL': '{"success_fraction":0,"report_to":"cf-nel","max_age":604800}', 'Server': 'cloudflare', 'CF-RAY': '8a21fd9d4ffc5740-IAD', 'alt-svc': 'h3=":443"; ma=86400'} 
 body={"results":[{"gender":"male","name":{"title":"Mr","first":"Murat","last":"Egeli"},"location":{"street":{"number":4314,"name":"Mevlana Cd"},"city":"Malatya","state":"Isparta","country":"Turkey","postcode":98706,"coordinates":{"latitude":"65.7683","longitude":"-105.0191"},"timezone":{"offset":"-8:00","description":"Pacific Time (US &amp; Canada)"}},"email":"murat.egeli@example.com","login":{"uuid":"b526e86f-a209-40ce-809f-bee3ead486ba","username":"purplewolf719","password":"1959","salt":"OkdJbX6c","md5":"66ad2ca44156ebb13180944a76f4e1ce","sha1":"f0b44b435ee659a4bfaef0fce92a68f1e791f69a","sha256":"f7a5b1ca6835b4990f83a263eb1346349acf760f42b59e9c0cc3b6fec14cfb52"},"dob":{"date":"1997-07-24T16:54:05.281Z","age":26},"registered":{"date":"2020-05-31T04:09:52.616Z","age":4},"phone":"(968)-354-7674","cell":"(940)-940-8971","id":{"name":"","value":null},"picture":{"large":"https://randomuser.me/api/portraits/men/21.jpg","medium":"https://randomuser.me/api/portraits/med/men/21.jpg","thumbnail":"https://randomuser.me/api/portraits/thumb/men/21.jpg"},"nat":"TR"}],"info":{"seed":"a1569512fec4b0c5","results":1,"page":1,"version":"1.4"}} 
 </msg>
<msg time="2024-07-12T15:15:47.464985" level="INFO">/opt/hostedtoolcache/Python/3.12.4/x64/lib/python3.12/site-packages/urllib3/connectionpool.py:1099: InsecureRequestWarning: Unverified HTTPS request is being made to host 'randomuser.me'. Adding certificate verification is strongly advised. See: https://urllib3.readthedocs.io/en/latest/advanced-usage.html#tls-warnings
  warnings.warn(</msg>
<msg time="2024-07-12T15:15:47.465119" level="INFO">${response} = &lt;Response [200]&gt;</msg>
<var>${response}</var>
<arg>consultarAPI</arg>
<arg>/api</arg>
<doc>Sends a GET request on a previously created HTTP Session.</doc>
<status status="PASS" start="2024-07-12T15:15:47.404264" elapsed="0.060898"/>
</kw>
<kw name="Set Variable" owner="BuiltIn">
<msg time="2024-07-12T15:15:47.466553" level="INFO">${json_data} = {'results': [{'gender': 'male', 'name': {'title': 'Mr', 'first': 'Murat', 'last': 'Egeli'}, 'location': {'street': {'number': 4314, 'name': 'Mevlana Cd'}, 'city': 'Malatya', 'state': 'Isparta', 'count...</msg>
<var>${json_data}</var>
<arg>${response.json()}</arg>
<doc>Returns the given values which can then be assigned to a variables.</doc>
<status status="PASS" start="2024-07-12T15:15:47.465904" elapsed="0.000678"/>
</kw>
<kw name="Log" owner="BuiltIn">
<msg time="2024-07-12T15:15:47.467068" level="INFO">{'results': [{'gender': 'male', 'name': {'title': 'Mr', 'first': 'Murat', 'last': 'Egeli'}, 'location': {'street': {'number': 4314, 'name': 'Mevlana Cd'}, 'city': 'Malatya', 'state': 'Isparta', 'country': 'Turkey', 'postcode': 98706, 'coordinates': {'latitude': '65.7683', 'longitude': '-105.0191'}, 'timezone': {'offset': '-8:00', 'description': 'Pacific Time (US &amp; Canada)'}}, 'email': 'murat.egeli@example.com', 'login': {'uuid': 'b526e86f-a209-40ce-809f-bee3ead486ba', 'username': 'purplewolf719', 'password': '1959', 'salt': 'OkdJbX6c', 'md5': '66ad2ca44156ebb13180944a76f4e1ce', 'sha1': 'f0b44b435ee659a4bfaef0fce92a68f1e791f69a', 'sha256': 'f7a5b1ca6835b4990f83a263eb1346349acf760f42b59e9c0cc3b6fec14cfb52'}, 'dob': {'date': '1997-07-24T16:54:05.281Z', 'age': 26}, 'registered': {'date': '2020-05-31T04:09:52.616Z', 'age': 4}, 'phone': '(968)-354-7674', 'cell': '(940)-940-8971', 'id': {'name': '', 'value': None}, 'picture': {'large': 'https://randomuser.me/api/portraits/men/21.jpg', 'medium': 'https://randomuser.me/api/portraits/med/men/21.jpg', 'thumbnail': 'https://randomuser.me/api/portraits/thumb/men/21.jpg'}, 'nat': 'TR'}], 'info': {'seed': 'a1569512fec4b0c5', 'results': 1, 'page': 1, 'version': '1.4'}}</msg>
<arg>${json_data}</arg>
<doc>Logs the given message with the given level.</doc>
<status status="PASS" start="2024-07-12T15:15:47.466909" elapsed="0.000208"/>
</kw>
<kw name="Should Be String" owner="String">
<arg>${json_data['results'][0]['gender']}</arg>
<doc>Fails if the given ``item`` is not a string.</doc>
<status status="PASS" start="2024-07-12T15:15:47.467406" elapsed="0.000382"/>
</kw>
<kw name="Should Match Regexp" owner="BuiltIn">
<arg>${json_data['results'][0]['email']}</arg>
<arg>^[a-zA-Z0-9._%+-]+@[a-zA-Z0-9.-]+\.[a-zA-Z]{2,}$</arg>
<doc>Fails if ``string`` does not match ``pattern`` as a regular expression.</doc>
<status status="PASS" start="2024-07-12T15:15:47.467979" elapsed="0.000516"/>
</kw>
<kw name="Should Match Regexp" owner="BuiltIn">
<arg>${json_data['results'][0]['dob']['date']}</arg>
<arg>\\d{4}-\\d{2}-\\d{2}T\\d{2}:\\d{2}:\\d{2}\\.\\d{3}Z</arg>
<doc>Fails if ``string`` does not match ``pattern`` as a regular expression.</doc>
<status status="PASS" start="2024-07-12T15:15:47.468728" elapsed="0.000485"/>
</kw>
<kw name="Should Match Regexp" owner="BuiltIn">
<arg>${json_data['results'][0]['registered']['date']}</arg>
<arg>\\d{4}-\\d{2}-\\d{2}T\\d{2}:\\d{2}:\\d{2}\\.\\d{3}Z</arg>
<doc>Fails if ``string`` does not match ``pattern`` as a regular expression.</doc>
<status status="PASS" start="2024-07-12T15:15:47.469404" elapsed="0.000375"/>
</kw>
<kw name="Should Match Regexp" owner="BuiltIn">
<arg>${json_data['results'][0]['picture']['large']}</arg>
<arg>^https?://.*\.(?:png|jpe?g|gif|bmp)$</arg>
<doc>Fails if ``string`` does not match ``pattern`` as a regular expression.</doc>
<status status="PASS" start="2024-07-12T15:15:47.470012" elapsed="0.000472"/>
</kw>
<kw name="Should Match Regexp" owner="BuiltIn">
<arg>${json_data['results'][0]['picture']['medium']}</arg>
<arg>^https?://.*\.(?:png|jpe?g|gif|bmp)$</arg>
<doc>Fails if ``string`` does not match ``pattern`` as a regular expression.</doc>
<status status="PASS" start="2024-07-12T15:15:47.470673" elapsed="0.000351"/>
</kw>
<kw name="Should Match Regexp" owner="BuiltIn">
<arg>${json_data['results'][0]['picture']['thumbnail']}</arg>
<arg>^https?://.*\.(?:png|jpe?g|gif|bmp)$</arg>
<doc>Fails if ``string`` does not match ``pattern`` as a regular expression.</doc>
<status status="PASS" start="2024-07-12T15:15:47.471210" elapsed="0.000348"/>
</kw>
<kw name="Log" owner="BuiltIn">
<msg time="2024-07-12T15:15:47.472072" level="INFO">{'large': 'https://randomuser.me/api/portraits/men/21.jpg', 'medium': 'https://randomuser.me/api/portraits/med/men/21.jpg', 'thumbnail': 'https://randomuser.me/api/portraits/thumb/men/21.jpg'}</msg>
<arg>${json_data['results'][0]['picture']}</arg>
<doc>Logs the given message with the given level.</doc>
<status status="PASS" start="2024-07-12T15:15:47.471748" elapsed="0.000367"/>
</kw>
<status status="PASS" start="2024-07-12T15:15:47.404037" elapsed="0.068341"/>
</kw>
<kw name="Teste de Tipos de Dados - Postcode" owner="random-user-service">
<kw name="GET On Session" owner="RequestsLibrary">
<msg time="2024-07-12T15:15:47.554224" level="INFO">GET Request : url=https://randomuser.me/api 
 path_url=/api 
 headers={'User-Agent': 'python-requests/2.32.3', 'Accept-Encoding': 'gzip, deflate', 'Accept': '*/*', 'Connection': 'keep-alive'} 
 body=None 
 </msg>
<msg time="2024-07-12T15:15:47.554324" level="INFO">GET Response : url=https://randomuser.me/api 
 status=200, reason=OK 
 headers={'Date': 'Fri, 12 Jul 2024 15:15:47 GMT', 'Content-Type': 'application/json; charset=utf-8', 'Transfer-Encoding': 'chunked', 'Connection': 'keep-alive', 'X-Powered-By': 'Express', 'Access-Control-Allow-Origin': '*', 'Cache-Control': 'no-cache', 'ETag': 'W/"4a3-76f5Kxjpio/58h3VgIwZjaPcOHE"', 'Vary': 'Accept-Encoding', 'Content-Encoding': 'gzip', 'CF-Cache-Status': 'DYNAMIC', 'Report-To': '{"endpoints":[{"url":"https:\\/\\/a.nel.cloudflare.com\\/report\\/v4?s=Nr3MW2fbDGOooVJI765xx17I1PBbffWpwFf7eg28vy9NOCstV2OgULOB2nx9xy5dfal6mzRXK8rM%2FnAkvWXTUdaAkFLF2a27DFRgh2fCyE6un%2B%2Bb79ZP7xO%2B4M1Z1Nqg"}],"group":"cf-nel","max_age":604800}', 'NEL': '{"success_fraction":0,"report_to":"cf-nel","max_age":604800}', 'Server': 'cloudflare', 'CF-RAY': '8a21fd9db8775740-IAD', 'alt-svc': 'h3=":443"; ma=86400'} 
 body={"results":[{"gender":"female","name":{"title":"Mrs","first":"Elaine","last":"Edwards"},"location":{"street":{"number":403,"name":"Depaul Dr"},"city":"Maitland","state":"Northern Territory","country":"Australia","postcode":9525,"coordinates":{"latitude":"-84.2797","longitude":"102.1607"},"timezone":{"offset":"+5:00","description":"Ekaterinburg, Islamabad, Karachi, Tashkent"}},"email":"elaine.edwards@example.com","login":{"uuid":"436b0285-a2ae-4eaa-89bd-2712a81d8d69","username":"ticklishcat513","password":"renee","salt":"hO45PNaJ","md5":"bc0287dc22033262c75cb7e669b5cb08","sha1":"ad04506ec0a960c18a0b24983e2c7ec2d122eb71","sha256":"b2533d9fb2f247607e33567d06b7be030b59a7c082f34d5404d3ff5ef7aeae5b"},"dob":{"date":"1949-12-12T05:32:29.374Z","age":74},"registered":{"date":"2005-02-21T15:40:20.675Z","age":19},"phone":"05-1858-3662","cell":"0415-083-293","id":{"name":"TFN","value":"934453489"},"picture":{"large":"https://randomuser.me/api/portraits/women/60.jpg","medium":"https://randomuser.me/api/portraits/med/women/60.jpg","thumbnail":"https://randomuser.me/api/portraits/thumb/women/60.jpg"},"nat":"AU"}],"info":{"seed":"a1dd1ccf0af17e03","results":1,"page":1,"version":"1.4"}} 
 </msg>
<msg time="2024-07-12T15:15:47.554396" level="INFO">/opt/hostedtoolcache/Python/3.12.4/x64/lib/python3.12/site-packages/urllib3/connectionpool.py:1099: InsecureRequestWarning: Unverified HTTPS request is being made to host 'randomuser.me'. Adding certificate verification is strongly advised. See: https://urllib3.readthedocs.io/en/latest/advanced-usage.html#tls-warnings
  warnings.warn(</msg>
<msg time="2024-07-12T15:15:47.554518" level="INFO">${response} = &lt;Response [200]&gt;</msg>
<var>${response}</var>
<arg>consultarAPI</arg>
<arg>/api</arg>
<doc>Sends a GET request on a previously created HTTP Session.</doc>
<status status="PASS" start="2024-07-12T15:15:47.472849" elapsed="0.081710"/>
</kw>
<kw name="Set Variable" owner="BuiltIn">
<msg time="2024-07-12T15:15:47.555812" level="INFO">${json_data} = {'results': [{'gender': 'female', 'name': {'title': 'Mrs', 'first': 'Elaine', 'last': 'Edwards'}, 'location': {'street': {'number': 403, 'name': 'Depaul Dr'}, 'city': 'Maitland', 'state': 'Northern Te...</msg>
<var>${json_data}</var>
<arg>${response.json()}</arg>
<doc>Returns the given values which can then be assigned to a variables.</doc>
<status status="PASS" start="2024-07-12T15:15:47.555202" elapsed="0.000639"/>
</kw>
<kw name="Log" owner="BuiltIn">
<msg time="2024-07-12T15:15:47.556309" level="INFO">{'results': [{'gender': 'female', 'name': {'title': 'Mrs', 'first': 'Elaine', 'last': 'Edwards'}, 'location': {'street': {'number': 403, 'name': 'Depaul Dr'}, 'city': 'Maitland', 'state': 'Northern Territory', 'country': 'Australia', 'postcode': 9525, 'coordinates': {'latitude': '-84.2797', 'longitude': '102.1607'}, 'timezone': {'offset': '+5:00', 'description': 'Ekaterinburg, Islamabad, Karachi, Tashkent'}}, 'email': 'elaine.edwards@example.com', 'login': {'uuid': '436b0285-a2ae-4eaa-89bd-2712a81d8d69', 'username': 'ticklishcat513', 'password': 'renee', 'salt': 'hO45PNaJ', 'md5': 'bc0287dc22033262c75cb7e669b5cb08', 'sha1': 'ad04506ec0a960c18a0b24983e2c7ec2d122eb71', 'sha256': 'b2533d9fb2f247607e33567d06b7be030b59a7c082f34d5404d3ff5ef7aeae5b'}, 'dob': {'date': '1949-12-12T05:32:29.374Z', 'age': 74}, 'registered': {'date': '2005-02-21T15:40:20.675Z', 'age': 19}, 'phone': '05-1858-3662', 'cell': '0415-083-293', 'id': {'name': 'TFN', 'value': '934453489'}, 'picture': {'large': 'https://randomuser.me/api/portraits/women/60.jpg', 'medium': 'https://randomuser.me/api/portraits/med/women/60.jpg', 'thumbnail': 'https://randomuser.me/api/portraits/thumb/women/60.jpg'}, 'nat': 'AU'}], 'info': {'seed': 'a1dd1ccf0af17e03', 'results': 1, 'page': 1, 'version': '1.4'}}</msg>
<arg>${json_data}</arg>
<doc>Logs the given message with the given level.</doc>
<status status="PASS" start="2024-07-12T15:15:47.556151" elapsed="0.000205"/>
</kw>
<kw name="Should Be Equal As Numbers" owner="BuiltIn">
<arg>${json_data['results'][0]['location']['postcode']}</arg>
<arg>${json_data['results'][0]['location']['postcode']}</arg>
<doc>Fails if objects are unequal after converting them to real numbers.</doc>
<status status="PASS" start="2024-07-12T15:15:47.556655" elapsed="0.000626"/>
</kw>
<kw name="Log" owner="BuiltIn">
<msg time="2024-07-12T15:15:47.558036" level="INFO">9525</msg>
<arg>${json_data['results'][0]['location']['postcode']}</arg>
<doc>Logs the given message with the given level.</doc>
<status status="PASS" start="2024-07-12T15:15:47.557469" elapsed="0.000611"/>
</kw>
<status status="PASS" start="2024-07-12T15:15:47.472618" elapsed="0.085753"/>
</kw>
<doc>Testa se os tipos de dados na resposta da API estão corretos.</doc>
<tag>testeTiposDados</tag>
<status status="PASS" start="2024-07-12T15:15:47.403571" elapsed="0.154970"/>
</test>
<test id="s1-s1-t5" name="Validar conteudo" line="35">
<kw name="Teste de Tipos de Conteudo" owner="random-user-service">
<kw name="GET On Session" owner="RequestsLibrary">
<msg time="2024-07-12T15:15:47.630963" level="INFO">GET Request : url=https://randomuser.me/api 
 path_url=/api 
 headers={'User-Agent': 'python-requests/2.32.3', 'Accept-Encoding': 'gzip, deflate', 'Accept': '*/*', 'Connection': 'keep-alive'} 
 body=None 
 </msg>
<msg time="2024-07-12T15:15:47.631068" level="INFO">GET Response : url=https://randomuser.me/api 
 status=200, reason=OK 
 headers={'Date': 'Fri, 12 Jul 2024 15:15:47 GMT', 'Content-Type': 'application/json; charset=utf-8', 'Transfer-Encoding': 'chunked', 'Connection': 'keep-alive', 'X-Powered-By': 'Express', 'Access-Control-Allow-Origin': '*', 'Cache-Control': 'no-cache', 'ETag': 'W/"48f-Q+ZGDXSYDO6DYci2/yE8kSz25Cg"', 'Vary': 'Accept-Encoding', 'Content-Encoding': 'gzip', 'CF-Cache-Status': 'DYNAMIC', 'Report-To': '{"endpoints":[{"url":"https:\\/\\/a.nel.cloudflare.com\\/report\\/v4?s=dyx0FWgeQimbdRl7qwzB6knnJgMMIwSL0Df%2BxtbSoESBo0sN9O9s2xbSjSPDJFQ5%2FACCo3stE79kui20%2FWP1nMbt85Ylxcqa2clNDfMDs6P1SkkYznsisN5oG4I%2FKhFp"}],"group":"cf-nel","max_age":604800}', 'NEL': '{"success_fraction":0,"report_to":"cf-nel","max_age":604800}', 'Server': 'cloudflare', 'CF-RAY': '8a21fd9e48fb5740-IAD', 'alt-svc': 'h3=":443"; ma=86400'} 
 body={"results":[{"gender":"female","name":{"title":"Ms","first":"Deniz","last":"Poyrazoğlu"},"location":{"street":{"number":3962,"name":"Doktorlar Cd"},"city":"Muğla","state":"Ankara","country":"Turkey","postcode":73390,"coordinates":{"latitude":"68.2642","longitude":"71.6655"},"timezone":{"offset":"+9:00","description":"Tokyo, Seoul, Osaka, Sapporo, Yakutsk"}},"email":"deniz.poyrazoglu@example.com","login":{"uuid":"3ace6291-bbc5-42f2-9599-4c6274bd4aa1","username":"organicfish788","password":"models","salt":"TUuj0kKu","md5":"572b55a8837f5b94b7c9f3070355eb74","sha1":"d2f073f699ee88cac3e269491420fdebc25136f6","sha256":"939628500cf267f8c83d78d438b3d928fd036056c212132f8e06892dfde3b481"},"dob":{"date":"1966-02-15T17:15:16.180Z","age":58},"registered":{"date":"2005-12-21T09:45:26.021Z","age":18},"phone":"(278)-266-0548","cell":"(296)-222-0705","id":{"name":"","value":null},"picture":{"large":"https://randomuser.me/api/portraits/women/47.jpg","medium":"https://randomuser.me/api/portraits/med/women/47.jpg","thumbnail":"https://randomuser.me/api/portraits/thumb/women/47.jpg"},"nat":"TR"}],"info":{"seed":"64987b540622f907","results":1,"page":1,"version":"1.4"}} 
 </msg>
<msg time="2024-07-12T15:15:47.631144" level="INFO">/opt/hostedtoolcache/Python/3.12.4/x64/lib/python3.12/site-packages/urllib3/connectionpool.py:1099: InsecureRequestWarning: Unverified HTTPS request is being made to host 'randomuser.me'. Adding certificate verification is strongly advised. See: https://urllib3.readthedocs.io/en/latest/advanced-usage.html#tls-warnings
  warnings.warn(</msg>
<msg time="2024-07-12T15:15:47.631270" level="INFO">${response} = &lt;Response [200]&gt;</msg>
<var>${response}</var>
<arg>consultarAPI</arg>
<arg>/api</arg>
<doc>Sends a GET request on a previously created HTTP Session.</doc>
<status status="PASS" start="2024-07-12T15:15:47.561037" elapsed="0.070274"/>
</kw>
<kw name="Set Variable" owner="BuiltIn">
<msg time="2024-07-12T15:15:47.632569" level="INFO">${json_data} = {'results': [{'gender': 'female', 'name': {'title': 'Ms', 'first': 'Deniz', 'last': 'Poyrazoğlu'}, 'location': {'street': {'number': 3962, 'name': 'Doktorlar Cd'}, 'city': 'Muğla', 'state': 'Ankara', ...</msg>
<var>${json_data}</var>
<arg>${response.json()}</arg>
<doc>Returns the given values which can then be assigned to a variables.</doc>
<status status="PASS" start="2024-07-12T15:15:47.631969" elapsed="0.000631"/>
</kw>
<kw name="Set Variable" owner="BuiltIn">
<msg time="2024-07-12T15:15:47.633295" level="INFO">${name_title} = Ms</msg>
<var>${name_title}</var>
<arg>${json_data["results"][0]["name"]["title"]}</arg>
<doc>Returns the given values which can then be assigned to a variables.</doc>
<status status="PASS" start="2024-07-12T15:15:47.632908" elapsed="0.000413"/>
</kw>
<kw name="Create List" owner="BuiltIn">
<msg time="2024-07-12T15:15:47.633761" level="INFO">${allowed_titles} = ['Mr', 'Ms', 'Miss', 'Mrs', 'Madame', 'Monsieur']</msg>
<var>${allowed_titles}</var>
<arg>Mr</arg>
<arg>Ms</arg>
<arg>Miss</arg>
<arg>Mrs</arg>
<arg>Madame</arg>
<arg>Monsieur</arg>
<doc>Returns a list containing given items.</doc>
<status status="PASS" start="2024-07-12T15:15:47.633612" elapsed="0.000173"/>
</kw>
<kw name="List Should Contain Value" owner="Collections">
<arg>${allowed_titles}</arg>
<arg>${name_title}</arg>
<doc>Fails if the ``value`` is not found from ``list``.</doc>
<status status="PASS" start="2024-07-12T15:15:47.634133" elapsed="0.000176"/>
</kw>
<kw name="Set Variable" owner="BuiltIn">
<msg time="2024-07-12T15:15:47.634854" level="INFO">${name_country} = TR</msg>
<var>${name_country}</var>
<arg>${json_data["results"][0]["nat"]}</arg>
<doc>Returns the given values which can then be assigned to a variables.</doc>
<status status="PASS" start="2024-07-12T15:15:47.634486" elapsed="0.000393"/>
</kw>
<kw name="Create List" owner="BuiltIn">
<msg time="2024-07-12T15:15:47.635764" level="INFO">${list_country} = ['AD', 'AE', 'AF', 'AG', 'AI', 'AL', 'AM', 'AO', 'AQ', 'AR', 'AS', 'AT', 'AU', 'AW', 'AX', 'AZ', 'BA', 'BB', 'BD', 'BE', 'BF', 'BG', 'BH', 'BI', 'BJ', 'BL', 'BM', 'BN', 'BO', 'BQ', 'BR', 'BS', 'BT', '...</msg>
<var>${list_country}</var>
<arg>AD</arg>
<arg>AE</arg>
<arg>AF</arg>
<arg>AG</arg>
<arg>AI</arg>
<arg>AL</arg>
<arg>AM</arg>
<arg>AO</arg>
<arg>AQ</arg>
<arg>AR</arg>
<arg>AS</arg>
<arg>AT</arg>
<arg>AU</arg>
<arg>AW</arg>
<arg>AX</arg>
<arg>AZ</arg>
<arg>BA</arg>
<arg>BB</arg>
<arg>BD</arg>
<arg>BE</arg>
<arg>BF</arg>
<arg>BG</arg>
<arg>BH</arg>
<arg>BI</arg>
<arg>BJ</arg>
<arg>BL</arg>
<arg>BM</arg>
<arg>BN</arg>
<arg>BO</arg>
<arg>BQ</arg>
<arg>BR</arg>
<arg>BS</arg>
<arg>BT</arg>
<arg>BV</arg>
<arg>BW</arg>
<arg>BY</arg>
<arg>BZ</arg>
<arg>CA</arg>
<arg>CC</arg>
<arg>CD</arg>
<arg>CF</arg>
<arg>CG</arg>
<arg>CH</arg>
<arg>CI</arg>
<arg>CK</arg>
<arg>CL</arg>
<arg>CM</arg>
<arg>CN</arg>
<arg>CO</arg>
<arg>CR</arg>
<arg>CU</arg>
<arg>CV</arg>
<arg>CW</arg>
<arg>CX</arg>
<arg>CY</arg>
<arg>CZ</arg>
<arg>DE</arg>
<arg>DJ</arg>
<arg>DK</arg>
<arg>DM</arg>
<arg>DO</arg>
<arg>DZ</arg>
<arg>EC</arg>
<arg>EE</arg>
<arg>EG</arg>
<arg>EH</arg>
<arg>ER</arg>
<arg>ES</arg>
<arg>ET</arg>
<arg>FI</arg>
<arg>FJ</arg>
<arg>FK</arg>
<arg>FM</arg>
<arg>FO</arg>
<arg>FR</arg>
<arg>GA</arg>
<arg>GB</arg>
<arg>GD</arg>
<arg>GE</arg>
<arg>GF</arg>
<arg>GG</arg>
<arg>GH</arg>
<arg>GI</arg>
<arg>GL</arg>
<arg>GM</arg>
<arg>GN</arg>
<arg>GP</arg>
<arg>GQ</arg>
<arg>GR</arg>
<arg>GS</arg>
<arg>GT</arg>
<arg>GU</arg>
<arg>GW</arg>
<arg>GY</arg>
<arg>HK</arg>
<arg>HM</arg>
<arg>HN</arg>
<arg>HR</arg>
<arg>HT</arg>
<arg>HU</arg>
<arg>ID</arg>
<arg>IE</arg>
<arg>IL</arg>
<arg>IM</arg>
<arg>IN</arg>
<arg>IO</arg>
<arg>IQ</arg>
<arg>IR</arg>
<arg>IS</arg>
<arg>IT</arg>
<arg>JE</arg>
<arg>JM</arg>
<arg>JO</arg>
<arg>JP</arg>
<arg>KE</arg>
<arg>KG</arg>
<arg>KH</arg>
<arg>KI</arg>
<arg>KM</arg>
<arg>KN</arg>
<arg>KP</arg>
<arg>KR</arg>
<arg>KW</arg>
<arg>KY</arg>
<arg>KZ</arg>
<arg>LA</arg>
<arg>LB</arg>
<arg>LC</arg>
<arg>LI</arg>
<arg>LK</arg>
<arg>LR</arg>
<arg>LS</arg>
<arg>LT</arg>
<arg>LU</arg>
<arg>LV</arg>
<arg>LY</arg>
<arg>MA</arg>
<arg>MC</arg>
<arg>MD</arg>
<arg>ME</arg>
<arg>MF</arg>
<arg>MG</arg>
<arg>MH</arg>
<arg>MK</arg>
<arg>ML</arg>
<arg>MM</arg>
<arg>MN</arg>
<arg>MO</arg>
<arg>MP</arg>
<arg>MQ</arg>
<arg>MR</arg>
<arg>MS</arg>
<arg>MT</arg>
<arg>MU</arg>
<arg>MV</arg>
<arg>MW</arg>
<arg>MX</arg>
<arg>MY</arg>
<arg>MZ</arg>
<arg>NA</arg>
<arg>NC</arg>
<arg>NE</arg>
<arg>NF</arg>
<arg>NG</arg>
<arg>NI</arg>
<arg>NL</arg>
<arg>NO</arg>
<arg>NP</arg>
<arg>NR</arg>
<arg>NU</arg>
<arg>NZ</arg>
<arg>OM</arg>
<arg>PA</arg>
<arg>PE</arg>
<arg>PF</arg>
<arg>PG</arg>
<arg>PH</arg>
<arg>PK</arg>
<arg>PL</arg>
<arg>PM</arg>
<arg>PN</arg>
<arg>PR</arg>
<arg>PS</arg>
<arg>PT</arg>
<arg>PW</arg>
<arg>PY</arg>
<arg>QA</arg>
<arg>RE</arg>
<arg>RO</arg>
<arg>RS</arg>
<arg>RU</arg>
<arg>RW</arg>
<arg>SA</arg>
<arg>SB</arg>
<arg>SC</arg>
<arg>SD</arg>
<arg>SE</arg>
<arg>SG</arg>
<arg>SH</arg>
<arg>SI</arg>
<arg>SJ</arg>
<arg>SK</arg>
<arg>SL</arg>
<arg>SM</arg>
<arg>SN</arg>
<arg>SO</arg>
<arg>SR</arg>
<arg>SS</arg>
<arg>ST</arg>
<arg>SV</arg>
<arg>SX</arg>
<arg>SY</arg>
<arg>SZ</arg>
<arg>TC</arg>
<arg>TD</arg>
<arg>TF</arg>
<arg>TG</arg>
<arg>TH</arg>
<arg>TJ</arg>
<arg>TK</arg>
<arg>TL</arg>
<arg>TM</arg>
<arg>TN</arg>
<arg>TO</arg>
<arg>TR</arg>
<arg>TT</arg>
<arg>TV</arg>
<arg>TW</arg>
<arg>TZ</arg>
<arg>UA</arg>
<arg>UG</arg>
<arg>UM</arg>
<arg>US</arg>
<arg>UY</arg>
<arg>UZ</arg>
<arg>VA</arg>
<arg>VC</arg>
<arg>VE</arg>
<arg>VG</arg>
<arg>VI</arg>
<arg>VN</arg>
<arg>VU</arg>
<arg>WF</arg>
<arg>WS</arg>
<arg>XK</arg>
<arg>YE</arg>
<arg>YT</arg>
<arg>ZA</arg>
<arg>ZM</arg>
<arg>ZW</arg>
<doc>Returns a list containing given items.</doc>
<status status="PASS" start="2024-07-12T15:15:47.635167" elapsed="0.000623"/>
</kw>
<kw name="List Should Contain Value" owner="Collections">
<arg>${list_country}</arg>
<arg>${name_country}</arg>
<doc>Fails if the ``value`` is not found from ``list``.</doc>
<status status="PASS" start="2024-07-12T15:15:47.636580" elapsed="0.000203"/>
</kw>
<kw name="Run Keyword If" owner="BuiltIn">
<kw name="Should Be True" owner="BuiltIn">
<arg>${True}</arg>
<doc>Fails if the given condition is not true.</doc>
<status status="PASS" start="2024-07-12T15:15:47.637724" elapsed="0.000174"/>
</kw>
<arg>${json_data["results"][0]["location"]["coordinates"]["latitude"]} &gt;= -90 and ${json_data["results"][0]["location"]["coordinates"]["latitude"]} &lt;= 90</arg>
<arg>Should Be True</arg>
<arg>${True}</arg>
<doc>Runs the given keyword with the given arguments, if ``condition`` is true.</doc>
<status status="PASS" start="2024-07-12T15:15:47.636985" elapsed="0.001062"/>
</kw>
<kw name="Run Keyword If" owner="BuiltIn">
<kw name="Should Be True" owner="BuiltIn">
<arg>${True}</arg>
<doc>Fails if the given condition is not true.</doc>
<status status="PASS" start="2024-07-12T15:15:47.638926" elapsed="0.000246"/>
</kw>
<arg>${json_data["results"][0]["location"]["coordinates"]["longitude"]} &gt;= -180 and ${json_data["results"][0]["location"]["coordinates"]["longitude"]} &lt;= 180</arg>
<arg>Should Be True</arg>
<arg>${True}</arg>
<doc>Runs the given keyword with the given arguments, if ``condition`` is true.</doc>
<status status="PASS" start="2024-07-12T15:15:47.638233" elapsed="0.001067"/>
</kw>
<status status="PASS" start="2024-07-12T15:15:47.560817" elapsed="0.078618"/>
</kw>
<doc>Testa o conteúdo específico dos campos retornados pela API.</doc>
<tag>testeConteudo</tag>
<status status="PASS" start="2024-07-12T15:15:47.560358" elapsed="0.079229"/>
</test>
<status status="PASS" start="2024-07-12T15:15:46.279063" elapsed="1.362451"/>
</suite>
<status status="PASS" start="2024-07-12T15:15:46.264777" elapsed="1.381782"/>
</suite>
<statistics>
<total>
<stat pass="5" fail="0" skip="0">All Tests</stat>
</total>
<tag>
<stat pass="1" fail="0" skip="0">testeConteudo</stat>
<stat pass="1" fail="0" skip="0">testeEstruturaResposta</stat>
<stat pass="1" fail="0" skip="0">testeRequisicaoBasica</stat>
<stat pass="1" fail="0" skip="0">testeTiposDados</stat>
</tag>
<suite>
<stat pass="5" fail="0" skip="0" id="s1" name="Tests">Tests</stat>
<stat pass="5" fail="0" skip="0" id="s1-s1" name="Random-User-Test">Tests.Random-User-Test</stat>
</suite>
</statistics>
<errors>
</errors>
</robot>
