<?xml version="1.0" encoding="UTF-8"?>
<robot generator="Robot 7.0 (Python 3.12.3 on linux)" generated="2024-04-28T15:14:02.783693" rpa="false" schemaversion="5">
<suite id="s1" name="Tests" source="/home/runner/work/DesafioQAItauRogerioJordao/DesafioQAItauRogerioJordao/RamdonUser/tests">
<suite id="s1-s1" name="Random-User-Test" source="/home/runner/work/DesafioQAItauRogerioJordao/DesafioQAItauRogerioJordao/RamdonUser/tests/random-user-test.robot">
<test id="s1-s1-t1" name="Conectar" line="13">
<kw name="Conectar API" owner="random-user-service">
<kw name="Create Session" owner="RequestsLibrary">
<msg time="2024-04-28T15:14:03.147165" level="INFO">Creating Session using : alias=consultarAPI, url=https://randomuser.me/, headers={},                     cookies={}, auth=None, timeout=None, proxies=None, verify=False,                     debug=0 </msg>
<arg>consultarAPI</arg>
<arg>${URL}</arg>
<doc>Create Session: create a HTTP session to a server</doc>
<status status="PASS" start="2024-04-28T15:14:03.146955" elapsed="0.000416"/>
</kw>
<status status="PASS" start="2024-04-28T15:14:03.145911" elapsed="0.001825"/>
</kw>
<status status="PASS" start="2024-04-28T15:14:03.145158" elapsed="0.002772"/>
</test>
<test id="s1-s1-t2" name="Validar retorno 200 e JSON Válido" line="16">
<kw name="Teste de Requisicao Basica" owner="random-user-service">
<kw name="GET On Session" owner="RequestsLibrary">
<msg time="2024-04-28T15:14:03.243783" level="INFO">GET Request : url=https://randomuser.me/api 
 path_url=/api 
 headers={'User-Agent': 'python-requests/2.31.0', 'Accept-Encoding': 'gzip, deflate', 'Accept': '*/*', 'Connection': 'keep-alive'} 
 body=None 
 </msg>
<msg time="2024-04-28T15:14:03.243934" level="INFO">GET Response : url=https://randomuser.me/api 
 status=200, reason=OK 
 headers={'Date': 'Sun, 28 Apr 2024 15:14:03 GMT', 'Content-Type': 'application/json; charset=utf-8', 'Transfer-Encoding': 'chunked', 'Connection': 'keep-alive', 'X-Powered-By': 'Express', 'Access-Control-Allow-Origin': '*', 'Cache-Control': 'no-cache', 'ETag': 'W/"48b-doHo46Jtp1wj6nfwsyCNzD2Al7A"', 'Vary': 'Accept-Encoding', 'Content-Encoding': 'gzip', 'CF-Cache-Status': 'DYNAMIC', 'Report-To': '{"endpoints":[{"url":"https:\\/\\/a.nel.cloudflare.com\\/report\\/v4?s=OWPRFh3hREWO37nKCFusslC34ZP7xQuhBkctnJqB1UV3SaWH0sYZINsxWUdIb6JN2ONrgXLYeSvD3%2FgOOMKjPheIHjwIkj84yF0dN4V5Cz2S1zf046YD1cgVJa%2BGSC%2F%2F"}],"group":"cf-nel","max_age":604800}', 'NEL': '{"success_fraction":0,"report_to":"cf-nel","max_age":604800}', 'Server': 'cloudflare', 'CF-RAY': '87b7fff1ea4d02a7-ORD', 'alt-svc': 'h3=":443"; ma=86400'} 
 body={"results":[{"gender":"male","name":{"title":"Mr","first":"محمدمهدی","last":"رضایی"},"location":{"street":{"number":4664,"name":"دکتر چمران"},"city":"سبزوار","state":"قزوین","country":"Iran","postcode":92264,"coordinates":{"latitude":"19.0989","longitude":"-44.6127"},"timezone":{"offset":"-1:00","description":"Azores, Cape Verde Islands"}},"email":"mhmdmhdy.rdyy@example.com","login":{"uuid":"d367488e-ec88-40b4-a4a2-6debb4ba2e35","username":"reddog489","password":"dominic","salt":"5VGGdSrj","md5":"a8e9838e2bbbf79395db667d383ec3b7","sha1":"2eb86d73dabd37fed9f9a567f7b3b268327854ff","sha256":"08c22e5482bc59ecd610a7a21ca3a5a2bb554be88dfa408326cecf48cc797598"},"dob":{"date":"1992-10-09T04:56:57.380Z","age":31},"registered":{"date":"2020-09-28T23:25:31.979Z","age":3},"phone":"072-76182379","cell":"0940-567-8121","id":{"name":"","value":null},"picture":{"large":"https://randomuser.me/api/portraits/men/74.jpg","medium":"https://randomuser.me/api/portraits/med/men/74.jpg","thumbnail":"https://randomuser.me/api/portraits/thumb/men/74.jpg"},"nat":"IR"}],"info":{"seed":"abd0d5bac0a83cab","results":1,"page":1,"version":"1.4"}} 
 </msg>
<msg time="2024-04-28T15:14:03.244018" level="INFO">/opt/hostedtoolcache/Python/3.12.3/x64/lib/python3.12/site-packages/urllib3/connectionpool.py:1103: InsecureRequestWarning: Unverified HTTPS request is being made to host 'randomuser.me'. Adding certificate verification is strongly advised. See: https://urllib3.readthedocs.io/en/latest/advanced-usage.html#tls-warnings
  warnings.warn(</msg>
<msg time="2024-04-28T15:14:03.244173" level="INFO">${response} = &lt;Response [200]&gt;</msg>
<var>${response}</var>
<arg>consultarAPI</arg>
<arg>/api</arg>
<doc>Sends a GET request on a previously created HTTP Session.</doc>
<status status="PASS" start="2024-04-28T15:14:03.150551" elapsed="0.093665"/>
</kw>
<kw name="Should Be Equal As Numbers" owner="BuiltIn">
<msg time="2024-04-28T15:14:03.245336" level="INFO">Argument types are:
&lt;class 'int'&gt;
&lt;class 'str'&gt;</msg>
<arg>${response.status_code}</arg>
<arg>200</arg>
<doc>Fails if objects are unequal after converting them to real numbers.</doc>
<status status="PASS" start="2024-04-28T15:14:03.244867" elapsed="0.000535"/>
</kw>
<kw name="Log" owner="BuiltIn">
<msg time="2024-04-28T15:14:03.246088" level="INFO">200</msg>
<arg>${response.status_code}</arg>
<doc>Logs the given message with the given level.</doc>
<status status="PASS" start="2024-04-28T15:14:03.245735" elapsed="0.000396"/>
</kw>
<kw name="Set Variable" owner="BuiltIn">
<msg time="2024-04-28T15:14:03.246938" level="INFO">${json_data} = {'results': [{'gender': 'male', 'name': {'title': 'Mr', 'first': 'محمدمهدی', 'last': 'رضایی'}, 'location': {'street': {'number': 4664, 'name': 'دکتر چمران'}, 'city': 'سبزوار', 'state': 'قزوین', 'count...</msg>
<var>${json_data}</var>
<arg>${response.json()}</arg>
<doc>Returns the given values which can then be assigned to a variables.</doc>
<status status="PASS" start="2024-04-28T15:14:03.246481" elapsed="0.000487"/>
</kw>
<kw name="Dictionary Should Contain Key" owner="Collections">
<msg time="2024-04-28T15:14:03.247452" level="INFO">False</msg>
<arg>${json_data}</arg>
<arg>results</arg>
<doc>Fails if ``key`` is not found from ``dictionary``.</doc>
<status status="PASS" start="2024-04-28T15:14:03.247278" elapsed="0.000214"/>
</kw>
<status status="PASS" start="2024-04-28T15:14:03.150301" elapsed="0.097454"/>
</kw>
<doc>Testa se a API responde corretamente e retorna um objeto JSON válido.</doc>
<tag>testeRequisicaoBasica</tag>
<status status="PASS" start="2024-04-28T15:14:03.149805" elapsed="0.098138"/>
</test>
<test id="s1-s1-t3" name="Validar estrutura de resposta" line="22">
<kw name="Teste de Estrutura de Resposta" owner="random-user-service">
<kw name="GET On Session" owner="RequestsLibrary">
<msg time="2024-04-28T15:14:03.330993" level="INFO">GET Request : url=https://randomuser.me/api 
 path_url=/api 
 headers={'User-Agent': 'python-requests/2.31.0', 'Accept-Encoding': 'gzip, deflate', 'Accept': '*/*', 'Connection': 'keep-alive'} 
 body=None 
 </msg>
<msg time="2024-04-28T15:14:03.331103" level="INFO">GET Response : url=https://randomuser.me/api 
 status=200, reason=OK 
 headers={'Date': 'Sun, 28 Apr 2024 15:14:03 GMT', 'Content-Type': 'application/json; charset=utf-8', 'Transfer-Encoding': 'chunked', 'Connection': 'keep-alive', 'X-Powered-By': 'Express', 'Access-Control-Allow-Origin': '*', 'Cache-Control': 'no-cache', 'ETag': 'W/"4a4-8HeAosOa7UbR3FqIYCzwEmSaZac"', 'Vary': 'Accept-Encoding', 'Content-Encoding': 'gzip', 'CF-Cache-Status': 'DYNAMIC', 'Report-To': '{"endpoints":[{"url":"https:\\/\\/a.nel.cloudflare.com\\/report\\/v4?s=3f10Rw6AYyS4ce6JFfMvk5hTx3Or74XtDGJUyzyEBYAauozhwc5pERcua44Q8jiIaNrW%2BpD%2FCiBnBgIyOdlLs%2F7nJTln0Rb6sCcd6aPNdXiwmWGx%2F2KR2U%2BykDtiWNNl"}],"group":"cf-nel","max_age":604800}', 'NEL': '{"success_fraction":0,"report_to":"cf-nel","max_age":604800}', 'Server': 'cloudflare', 'CF-RAY': '87b7fff25ad102a7-ORD', 'alt-svc': 'h3=":443"; ma=86400'} 
 body={"results":[{"gender":"female","name":{"title":"Madame","first":"Fabiola","last":"Deschamps"},"location":{"street":{"number":2645,"name":"Place de L'Europe"},"city":"Allschwil","state":"Zürich","country":"Switzerland","postcode":2613,"coordinates":{"latitude":"-63.4662","longitude":"169.4790"},"timezone":{"offset":"+7:00","description":"Bangkok, Hanoi, Jakarta"}},"email":"fabiola.deschamps@example.com","login":{"uuid":"536d430f-a9ba-40a3-8b06-b1589e2d64d1","username":"greenpeacock170","password":"98765","salt":"KTOdNorT","md5":"091a031beda85e499e5d2dadcd929c11","sha1":"740dbb6a5d9ef73d7e4d8296391a857c418a20aa","sha256":"e585d5ad6c5c8f0c9cb70b19efec320517804bbeebd5bf70e01cc0af5d9813a3"},"dob":{"date":"1963-04-17T09:40:59.933Z","age":61},"registered":{"date":"2012-11-15T04:12:35.135Z","age":11},"phone":"079 438 18 29","cell":"076 125 36 99","id":{"name":"AVS","value":"756.7773.8193.05"},"picture":{"large":"https://randomuser.me/api/portraits/women/60.jpg","medium":"https://randomuser.me/api/portraits/med/women/60.jpg","thumbnail":"https://randomuser.me/api/portraits/thumb/women/60.jpg"},"nat":"CH"}],"info":{"seed":"3781f1324cd0f909","results":1,"page":1,"version":"1.4"}} 
 </msg>
<msg time="2024-04-28T15:14:03.331247" level="INFO">/opt/hostedtoolcache/Python/3.12.3/x64/lib/python3.12/site-packages/urllib3/connectionpool.py:1103: InsecureRequestWarning: Unverified HTTPS request is being made to host 'randomuser.me'. Adding certificate verification is strongly advised. See: https://urllib3.readthedocs.io/en/latest/advanced-usage.html#tls-warnings
  warnings.warn(</msg>
<msg time="2024-04-28T15:14:03.331376" level="INFO">${response} = &lt;Response [200]&gt;</msg>
<var>${response}</var>
<arg>consultarAPI</arg>
<arg>/api</arg>
<doc>Sends a GET request on a previously created HTTP Session.</doc>
<status status="PASS" start="2024-04-28T15:14:03.250679" elapsed="0.080736"/>
</kw>
<kw name="Set Variable" owner="BuiltIn">
<msg time="2024-04-28T15:14:03.332576" level="INFO">${json_data} = {'results': [{'gender': 'female', 'name': {'title': 'Madame', 'first': 'Fabiola', 'last': 'Deschamps'}, 'location': {'street': {'number': 2645, 'name': "Place de L'Europe"}, 'city': 'Allschwil', 'stat...</msg>
<var>${json_data}</var>
<arg>${response.json()}</arg>
<doc>Returns the given values which can then be assigned to a variables.</doc>
<status status="PASS" start="2024-04-28T15:14:03.332000" elapsed="0.000605"/>
</kw>
<kw name="Log" owner="BuiltIn">
<msg time="2024-04-28T15:14:03.333080" level="INFO">{'results': [{'gender': 'female', 'name': {'title': 'Madame', 'first': 'Fabiola', 'last': 'Deschamps'}, 'location': {'street': {'number': 2645, 'name': "Place de L'Europe"}, 'city': 'Allschwil', 'state': 'Zürich', 'country': 'Switzerland', 'postcode': 2613, 'coordinates': {'latitude': '-63.4662', 'longitude': '169.4790'}, 'timezone': {'offset': '+7:00', 'description': 'Bangkok, Hanoi, Jakarta'}}, 'email': 'fabiola.deschamps@example.com', 'login': {'uuid': '536d430f-a9ba-40a3-8b06-b1589e2d64d1', 'username': 'greenpeacock170', 'password': '98765', 'salt': 'KTOdNorT', 'md5': '091a031beda85e499e5d2dadcd929c11', 'sha1': '740dbb6a5d9ef73d7e4d8296391a857c418a20aa', 'sha256': 'e585d5ad6c5c8f0c9cb70b19efec320517804bbeebd5bf70e01cc0af5d9813a3'}, 'dob': {'date': '1963-04-17T09:40:59.933Z', 'age': 61}, 'registered': {'date': '2012-11-15T04:12:35.135Z', 'age': 11}, 'phone': '079 438 18 29', 'cell': '076 125 36 99', 'id': {'name': 'AVS', 'value': '756.7773.8193.05'}, 'picture': {'large': 'https://randomuser.me/api/portraits/women/60.jpg', 'medium': 'https://randomuser.me/api/portraits/med/women/60.jpg', 'thumbnail': 'https://randomuser.me/api/portraits/thumb/women/60.jpg'}, 'nat': 'CH'}], 'info': {'seed': '3781f1324cd0f909', 'results': 1, 'page': 1, 'version': '1.4'}}</msg>
<arg>${json_data}</arg>
<doc>Logs the given message with the given level.</doc>
<status status="PASS" start="2024-04-28T15:14:03.332918" elapsed="0.000214"/>
</kw>
<kw name="Dictionary Should Contain Key" owner="Collections">
<msg time="2024-04-28T15:14:03.333587" level="INFO">False</msg>
<arg>${json_data}</arg>
<arg>results</arg>
<doc>Fails if ``key`` is not found from ``dictionary``.</doc>
<status status="PASS" start="2024-04-28T15:14:03.333433" elapsed="0.000191"/>
</kw>
<kw name="Should Not Be Empty" owner="BuiltIn">
<msg time="2024-04-28T15:14:03.334044" level="INFO">Length is 2.</msg>
<arg>${json_data}</arg>
<doc>Verifies that the given item is not empty.</doc>
<status status="PASS" start="2024-04-28T15:14:03.333914" elapsed="0.000168"/>
</kw>
<kw name="Create List" owner="BuiltIn">
<msg time="2024-04-28T15:14:03.334731" level="INFO">${expected_keys} = ['gender', 'name', 'location', 'email', 'login']</msg>
<var>${expected_keys}</var>
<arg>gender</arg>
<arg>name</arg>
<arg>location</arg>
<arg>email</arg>
<arg>login</arg>
<doc>Returns a list containing given items.</doc>
<status status="PASS" start="2024-04-28T15:14:03.334417" elapsed="0.000339"/>
</kw>
<for flavor="IN">
<iter>
<kw name="Dictionary Should Contain Key" owner="Collections">
<msg time="2024-04-28T15:14:03.335753" level="INFO">False</msg>
<arg>${json_data['results'][0]}</arg>
<arg>${key}</arg>
<doc>Fails if ``key`` is not found from ``dictionary``.</doc>
<status status="PASS" start="2024-04-28T15:14:03.335347" elapsed="0.000444"/>
</kw>
<kw name="Log" owner="BuiltIn">
<msg time="2024-04-28T15:14:03.336466" level="INFO">{'gender': 'female', 'name': {'title': 'Madame', 'first': 'Fabiola', 'last': 'Deschamps'}, 'location': {'street': {'number': 2645, 'name': "Place de L'Europe"}, 'city': 'Allschwil', 'state': 'Zürich', 'country': 'Switzerland', 'postcode': 2613, 'coordinates': {'latitude': '-63.4662', 'longitude': '169.4790'}, 'timezone': {'offset': '+7:00', 'description': 'Bangkok, Hanoi, Jakarta'}}, 'email': 'fabiola.deschamps@example.com', 'login': {'uuid': '536d430f-a9ba-40a3-8b06-b1589e2d64d1', 'username': 'greenpeacock170', 'password': '98765', 'salt': 'KTOdNorT', 'md5': '091a031beda85e499e5d2dadcd929c11', 'sha1': '740dbb6a5d9ef73d7e4d8296391a857c418a20aa', 'sha256': 'e585d5ad6c5c8f0c9cb70b19efec320517804bbeebd5bf70e01cc0af5d9813a3'}, 'dob': {'date': '1963-04-17T09:40:59.933Z', 'age': 61}, 'registered': {'date': '2012-11-15T04:12:35.135Z', 'age': 11}, 'phone': '079 438 18 29', 'cell': '076 125 36 99', 'id': {'name': 'AVS', 'value': '756.7773.8193.05'}, 'picture': {'large': 'https://randomuser.me/api/portraits/women/60.jpg', 'medium': 'https://randomuser.me/api/portraits/med/women/60.jpg', 'thumbnail': 'https://randomuser.me/api/portraits/thumb/women/60.jpg'}, 'nat': 'CH'}</msg>
<arg>${json_data['results'][0]}</arg>
<doc>Logs the given message with the given level.</doc>
<status status="PASS" start="2024-04-28T15:14:03.336094" elapsed="0.000423"/>
</kw>
<kw name="Log" owner="BuiltIn">
<msg time="2024-04-28T15:14:03.336941" level="INFO">gender</msg>
<arg>${key}</arg>
<doc>Logs the given message with the given level.</doc>
<status status="PASS" start="2024-04-28T15:14:03.336815" elapsed="0.000163"/>
</kw>
<var name="${key}">gender</var>
<status status="PASS" start="2024-04-28T15:14:03.335220" elapsed="0.001971"/>
</iter>
<iter>
<kw name="Dictionary Should Contain Key" owner="Collections">
<msg time="2024-04-28T15:14:03.337877" level="INFO">False</msg>
<arg>${json_data['results'][0]}</arg>
<arg>${key}</arg>
<doc>Fails if ``key`` is not found from ``dictionary``.</doc>
<status status="PASS" start="2024-04-28T15:14:03.337494" elapsed="0.000421"/>
</kw>
<kw name="Log" owner="BuiltIn">
<msg time="2024-04-28T15:14:03.338627" level="INFO">{'gender': 'female', 'name': {'title': 'Madame', 'first': 'Fabiola', 'last': 'Deschamps'}, 'location': {'street': {'number': 2645, 'name': "Place de L'Europe"}, 'city': 'Allschwil', 'state': 'Zürich', 'country': 'Switzerland', 'postcode': 2613, 'coordinates': {'latitude': '-63.4662', 'longitude': '169.4790'}, 'timezone': {'offset': '+7:00', 'description': 'Bangkok, Hanoi, Jakarta'}}, 'email': 'fabiola.deschamps@example.com', 'login': {'uuid': '536d430f-a9ba-40a3-8b06-b1589e2d64d1', 'username': 'greenpeacock170', 'password': '98765', 'salt': 'KTOdNorT', 'md5': '091a031beda85e499e5d2dadcd929c11', 'sha1': '740dbb6a5d9ef73d7e4d8296391a857c418a20aa', 'sha256': 'e585d5ad6c5c8f0c9cb70b19efec320517804bbeebd5bf70e01cc0af5d9813a3'}, 'dob': {'date': '1963-04-17T09:40:59.933Z', 'age': 61}, 'registered': {'date': '2012-11-15T04:12:35.135Z', 'age': 11}, 'phone': '079 438 18 29', 'cell': '076 125 36 99', 'id': {'name': 'AVS', 'value': '756.7773.8193.05'}, 'picture': {'large': 'https://randomuser.me/api/portraits/women/60.jpg', 'medium': 'https://randomuser.me/api/portraits/med/women/60.jpg', 'thumbnail': 'https://randomuser.me/api/portraits/thumb/women/60.jpg'}, 'nat': 'CH'}</msg>
<arg>${json_data['results'][0]}</arg>
<doc>Logs the given message with the given level.</doc>
<status status="PASS" start="2024-04-28T15:14:03.338258" elapsed="0.000420"/>
</kw>
<kw name="Log" owner="BuiltIn">
<msg time="2024-04-28T15:14:03.339102" level="INFO">name</msg>
<arg>${key}</arg>
<doc>Logs the given message with the given level.</doc>
<status status="PASS" start="2024-04-28T15:14:03.338977" elapsed="0.000162"/>
</kw>
<var name="${key}">name</var>
<status status="PASS" start="2024-04-28T15:14:03.337379" elapsed="0.001974"/>
</iter>
<iter>
<kw name="Dictionary Should Contain Key" owner="Collections">
<msg time="2024-04-28T15:14:03.340028" level="INFO">False</msg>
<arg>${json_data['results'][0]}</arg>
<arg>${key}</arg>
<doc>Fails if ``key`` is not found from ``dictionary``.</doc>
<status status="PASS" start="2024-04-28T15:14:03.339643" elapsed="0.000422"/>
</kw>
<kw name="Log" owner="BuiltIn">
<msg time="2024-04-28T15:14:03.340751" level="INFO">{'gender': 'female', 'name': {'title': 'Madame', 'first': 'Fabiola', 'last': 'Deschamps'}, 'location': {'street': {'number': 2645, 'name': "Place de L'Europe"}, 'city': 'Allschwil', 'state': 'Zürich', 'country': 'Switzerland', 'postcode': 2613, 'coordinates': {'latitude': '-63.4662', 'longitude': '169.4790'}, 'timezone': {'offset': '+7:00', 'description': 'Bangkok, Hanoi, Jakarta'}}, 'email': 'fabiola.deschamps@example.com', 'login': {'uuid': '536d430f-a9ba-40a3-8b06-b1589e2d64d1', 'username': 'greenpeacock170', 'password': '98765', 'salt': 'KTOdNorT', 'md5': '091a031beda85e499e5d2dadcd929c11', 'sha1': '740dbb6a5d9ef73d7e4d8296391a857c418a20aa', 'sha256': 'e585d5ad6c5c8f0c9cb70b19efec320517804bbeebd5bf70e01cc0af5d9813a3'}, 'dob': {'date': '1963-04-17T09:40:59.933Z', 'age': 61}, 'registered': {'date': '2012-11-15T04:12:35.135Z', 'age': 11}, 'phone': '079 438 18 29', 'cell': '076 125 36 99', 'id': {'name': 'AVS', 'value': '756.7773.8193.05'}, 'picture': {'large': 'https://randomuser.me/api/portraits/women/60.jpg', 'medium': 'https://randomuser.me/api/portraits/med/women/60.jpg', 'thumbnail': 'https://randomuser.me/api/portraits/thumb/women/60.jpg'}, 'nat': 'CH'}</msg>
<arg>${json_data['results'][0]}</arg>
<doc>Logs the given message with the given level.</doc>
<status status="PASS" start="2024-04-28T15:14:03.340382" elapsed="0.000419"/>
</kw>
<kw name="Log" owner="BuiltIn">
<msg time="2024-04-28T15:14:03.341223" level="INFO">location</msg>
<arg>${key}</arg>
<doc>Logs the given message with the given level.</doc>
<status status="PASS" start="2024-04-28T15:14:03.341098" elapsed="0.000164"/>
</kw>
<var name="${key}">location</var>
<status status="PASS" start="2024-04-28T15:14:03.339531" elapsed="0.001947"/>
</iter>
<iter>
<kw name="Dictionary Should Contain Key" owner="Collections">
<msg time="2024-04-28T15:14:03.342147" level="INFO">False</msg>
<arg>${json_data['results'][0]}</arg>
<arg>${key}</arg>
<doc>Fails if ``key`` is not found from ``dictionary``.</doc>
<status status="PASS" start="2024-04-28T15:14:03.341764" elapsed="0.000454"/>
</kw>
<kw name="Log" owner="BuiltIn">
<msg time="2024-04-28T15:14:03.342892" level="INFO">{'gender': 'female', 'name': {'title': 'Madame', 'first': 'Fabiola', 'last': 'Deschamps'}, 'location': {'street': {'number': 2645, 'name': "Place de L'Europe"}, 'city': 'Allschwil', 'state': 'Zürich', 'country': 'Switzerland', 'postcode': 2613, 'coordinates': {'latitude': '-63.4662', 'longitude': '169.4790'}, 'timezone': {'offset': '+7:00', 'description': 'Bangkok, Hanoi, Jakarta'}}, 'email': 'fabiola.deschamps@example.com', 'login': {'uuid': '536d430f-a9ba-40a3-8b06-b1589e2d64d1', 'username': 'greenpeacock170', 'password': '98765', 'salt': 'KTOdNorT', 'md5': '091a031beda85e499e5d2dadcd929c11', 'sha1': '740dbb6a5d9ef73d7e4d8296391a857c418a20aa', 'sha256': 'e585d5ad6c5c8f0c9cb70b19efec320517804bbeebd5bf70e01cc0af5d9813a3'}, 'dob': {'date': '1963-04-17T09:40:59.933Z', 'age': 61}, 'registered': {'date': '2012-11-15T04:12:35.135Z', 'age': 11}, 'phone': '079 438 18 29', 'cell': '076 125 36 99', 'id': {'name': 'AVS', 'value': '756.7773.8193.05'}, 'picture': {'large': 'https://randomuser.me/api/portraits/women/60.jpg', 'medium': 'https://randomuser.me/api/portraits/med/women/60.jpg', 'thumbnail': 'https://randomuser.me/api/portraits/thumb/women/60.jpg'}, 'nat': 'CH'}</msg>
<arg>${json_data['results'][0]}</arg>
<doc>Logs the given message with the given level.</doc>
<status status="PASS" start="2024-04-28T15:14:03.342530" elapsed="0.000412"/>
</kw>
<kw name="Log" owner="BuiltIn">
<msg time="2024-04-28T15:14:03.343363" level="INFO">email</msg>
<arg>${key}</arg>
<doc>Logs the given message with the given level.</doc>
<status status="PASS" start="2024-04-28T15:14:03.343238" elapsed="0.000163"/>
</kw>
<var name="${key}">email</var>
<status status="PASS" start="2024-04-28T15:14:03.341653" elapsed="0.001960"/>
</iter>
<iter>
<kw name="Dictionary Should Contain Key" owner="Collections">
<msg time="2024-04-28T15:14:03.344288" level="INFO">False</msg>
<arg>${json_data['results'][0]}</arg>
<arg>${key}</arg>
<doc>Fails if ``key`` is not found from ``dictionary``.</doc>
<status status="PASS" start="2024-04-28T15:14:03.343898" elapsed="0.000427"/>
</kw>
<kw name="Log" owner="BuiltIn">
<msg time="2024-04-28T15:14:03.345256" level="INFO">{'gender': 'female', 'name': {'title': 'Madame', 'first': 'Fabiola', 'last': 'Deschamps'}, 'location': {'street': {'number': 2645, 'name': "Place de L'Europe"}, 'city': 'Allschwil', 'state': 'Zürich', 'country': 'Switzerland', 'postcode': 2613, 'coordinates': {'latitude': '-63.4662', 'longitude': '169.4790'}, 'timezone': {'offset': '+7:00', 'description': 'Bangkok, Hanoi, Jakarta'}}, 'email': 'fabiola.deschamps@example.com', 'login': {'uuid': '536d430f-a9ba-40a3-8b06-b1589e2d64d1', 'username': 'greenpeacock170', 'password': '98765', 'salt': 'KTOdNorT', 'md5': '091a031beda85e499e5d2dadcd929c11', 'sha1': '740dbb6a5d9ef73d7e4d8296391a857c418a20aa', 'sha256': 'e585d5ad6c5c8f0c9cb70b19efec320517804bbeebd5bf70e01cc0af5d9813a3'}, 'dob': {'date': '1963-04-17T09:40:59.933Z', 'age': 61}, 'registered': {'date': '2012-11-15T04:12:35.135Z', 'age': 11}, 'phone': '079 438 18 29', 'cell': '076 125 36 99', 'id': {'name': 'AVS', 'value': '756.7773.8193.05'}, 'picture': {'large': 'https://randomuser.me/api/portraits/women/60.jpg', 'medium': 'https://randomuser.me/api/portraits/med/women/60.jpg', 'thumbnail': 'https://randomuser.me/api/portraits/thumb/women/60.jpg'}, 'nat': 'CH'}</msg>
<arg>${json_data['results'][0]}</arg>
<doc>Logs the given message with the given level.</doc>
<status status="PASS" start="2024-04-28T15:14:03.344717" elapsed="0.000601"/>
</kw>
<kw name="Log" owner="BuiltIn">
<msg time="2024-04-28T15:14:03.345754" level="INFO">login</msg>
<arg>${key}</arg>
<doc>Logs the given message with the given level.</doc>
<status status="PASS" start="2024-04-28T15:14:03.345626" elapsed="0.000202"/>
</kw>
<var name="${key}">login</var>
<status status="PASS" start="2024-04-28T15:14:03.343787" elapsed="0.002274"/>
</iter>
<var>${key}</var>
<value>@{expected_keys}</value>
<status status="PASS" start="2024-04-28T15:14:03.335028" elapsed="0.011184"/>
</for>
<kw name="Create List" owner="BuiltIn">
<msg time="2024-04-28T15:14:03.346567" level="INFO">${expected_keysTwo} = ['username', 'password']</msg>
<var>${expected_keysTwo}</var>
<arg>username</arg>
<arg>password</arg>
<doc>Returns a list containing given items.</doc>
<status status="PASS" start="2024-04-28T15:14:03.346425" elapsed="0.000166"/>
</kw>
<for flavor="IN">
<iter>
<kw name="Dictionary Should Contain Key" owner="Collections">
<msg time="2024-04-28T15:14:03.347492" level="INFO">False</msg>
<arg>${json_data['results'][0]['login']}</arg>
<arg>${keyTwo}</arg>
<doc>Fails if ``key`` is not found from ``dictionary``.</doc>
<status status="PASS" start="2024-04-28T15:14:03.347096" elapsed="0.000434"/>
</kw>
<kw name="Dictionary Should Contain Key" owner="Collections">
<msg time="2024-04-28T15:14:03.348207" level="INFO">False</msg>
<arg>${json_data['results'][0]['login']}</arg>
<arg>${keyTwo}</arg>
<doc>Fails if ``key`` is not found from ``dictionary``.</doc>
<status status="PASS" start="2024-04-28T15:14:03.347824" elapsed="0.000421"/>
</kw>
<kw name="Log" owner="BuiltIn">
<msg time="2024-04-28T15:14:03.348664" level="INFO">username</msg>
<arg>${keyTwo}</arg>
<doc>Logs the given message with the given level.</doc>
<status status="PASS" start="2024-04-28T15:14:03.348539" elapsed="0.000167"/>
</kw>
<var name="${keyTwo}">username</var>
<status status="PASS" start="2024-04-28T15:14:03.346985" elapsed="0.001931"/>
</iter>
<iter>
<kw name="Dictionary Should Contain Key" owner="Collections">
<msg time="2024-04-28T15:14:03.349578" level="INFO">False</msg>
<arg>${json_data['results'][0]['login']}</arg>
<arg>${keyTwo}</arg>
<doc>Fails if ``key`` is not found from ``dictionary``.</doc>
<status status="PASS" start="2024-04-28T15:14:03.349199" elapsed="0.000422"/>
</kw>
<kw name="Dictionary Should Contain Key" owner="Collections">
<msg time="2024-04-28T15:14:03.350410" level="INFO">False</msg>
<arg>${json_data['results'][0]['login']}</arg>
<arg>${keyTwo}</arg>
<doc>Fails if ``key`` is not found from ``dictionary``.</doc>
<status status="PASS" start="2024-04-28T15:14:03.349914" elapsed="0.000536"/>
</kw>
<kw name="Log" owner="BuiltIn">
<msg time="2024-04-28T15:14:03.350881" level="INFO">password</msg>
<arg>${keyTwo}</arg>
<doc>Logs the given message with the given level.</doc>
<status status="PASS" start="2024-04-28T15:14:03.350753" elapsed="0.000165"/>
</kw>
<var name="${keyTwo}">password</var>
<status status="PASS" start="2024-04-28T15:14:03.349089" elapsed="0.002044"/>
</iter>
<var>${keyTwo}</var>
<value>@{expected_keysTwo}</value>
<status status="PASS" start="2024-04-28T15:14:03.346828" elapsed="0.004428"/>
</for>
<status status="PASS" start="2024-04-28T15:14:03.250435" elapsed="0.100963"/>
</kw>
<doc>Testa a estrutura da resposta da API.</doc>
<tag>testeEstruturaResposta</tag>
<status status="PASS" start="2024-04-28T15:14:03.249811" elapsed="0.101743"/>
</test>
<test id="s1-s1-t4" name="Validar tipos de dados" line="28">
<kw name="Teste de Tipos de Dados" owner="random-user-service">
<kw name="GET On Session" owner="RequestsLibrary">
<msg time="2024-04-28T15:14:03.453317" level="INFO">GET Request : url=https://randomuser.me/api 
 path_url=/api 
 headers={'User-Agent': 'python-requests/2.31.0', 'Accept-Encoding': 'gzip, deflate', 'Accept': '*/*', 'Connection': 'keep-alive'} 
 body=None 
 </msg>
<msg time="2024-04-28T15:14:03.453432" level="INFO">GET Response : url=https://randomuser.me/api 
 status=200, reason=OK 
 headers={'Date': 'Sun, 28 Apr 2024 15:14:03 GMT', 'Content-Type': 'application/json; charset=utf-8', 'Transfer-Encoding': 'chunked', 'Connection': 'keep-alive', 'X-Powered-By': 'Express', 'Access-Control-Allow-Origin': '*', 'Cache-Control': 'no-cache', 'ETag': 'W/"495-WmTXlFiCmQR7E8OnyGinEDM7270"', 'Vary': 'Accept-Encoding', 'Content-Encoding': 'gzip', 'CF-Cache-Status': 'DYNAMIC', 'Report-To': '{"endpoints":[{"url":"https:\\/\\/a.nel.cloudflare.com\\/report\\/v4?s=xNVcykrhQHnx4SjGxqO4IqLT2ZM62wDaCOSfxenIgoIcjSrtP7kt8h58hC8mdb1lcn3DoKwYaVlapqnVHe9d%2FRbn%2BgYGG7fpMi%2BA27pq14g7J18qHKCoU2Z0aErRvavt"}],"group":"cf-nel","max_age":604800}', 'NEL': '{"success_fraction":0,"report_to":"cf-nel","max_age":604800}', 'Server': 'cloudflare', 'CF-RAY': '87b7fff2fb9202a7-ORD', 'alt-svc': 'h3=":443"; ma=86400'} 
 body={"results":[{"gender":"female","name":{"title":"Miss","first":"Gaudência","last":"Barros"},"location":{"street":{"number":2315,"name":"Rua Treze "},"city":"Sinop","state":"São Paulo","country":"Brazil","postcode":55174,"coordinates":{"latitude":"-75.9256","longitude":"98.5098"},"timezone":{"offset":"-1:00","description":"Azores, Cape Verde Islands"}},"email":"gaudencia.barros@example.com","login":{"uuid":"51163ddf-835f-4783-97a5-dfc7ffaec166","username":"goldensnake997","password":"pete","salt":"mu8EGmeC","md5":"62383848cd500b3717b580420546929d","sha1":"28ee28069223cf721ad65603f3cbd49c057ac37d","sha256":"c3023f13920aa1eaba8ff1ab03c82528dabebd92290bf674e0ff8867cfd87bba"},"dob":{"date":"1989-08-13T20:08:27.129Z","age":34},"registered":{"date":"2011-06-19T23:25:08.511Z","age":12},"phone":"(96) 9713-3925","cell":"(89) 9079-5966","id":{"name":"CPF","value":"085.148.330-54"},"picture":{"large":"https://randomuser.me/api/portraits/women/96.jpg","medium":"https://randomuser.me/api/portraits/med/women/96.jpg","thumbnail":"https://randomuser.me/api/portraits/thumb/women/96.jpg"},"nat":"BR"}],"info":{"seed":"439a51bfd3a0316d","results":1,"page":1,"version":"1.4"}} 
 </msg>
<msg time="2024-04-28T15:14:03.453514" level="INFO">/opt/hostedtoolcache/Python/3.12.3/x64/lib/python3.12/site-packages/urllib3/connectionpool.py:1103: InsecureRequestWarning: Unverified HTTPS request is being made to host 'randomuser.me'. Adding certificate verification is strongly advised. See: https://urllib3.readthedocs.io/en/latest/advanced-usage.html#tls-warnings
  warnings.warn(</msg>
<msg time="2024-04-28T15:14:03.453637" level="INFO">${response} = &lt;Response [200]&gt;</msg>
<var>${response}</var>
<arg>consultarAPI</arg>
<arg>/api</arg>
<doc>Sends a GET request on a previously created HTTP Session.</doc>
<status status="PASS" start="2024-04-28T15:14:03.354152" elapsed="0.099521"/>
</kw>
<kw name="Set Variable" owner="BuiltIn">
<msg time="2024-04-28T15:14:03.454791" level="INFO">${json_data} = {'results': [{'gender': 'female', 'name': {'title': 'Miss', 'first': 'Gaudência', 'last': 'Barros'}, 'location': {'street': {'number': 2315, 'name': 'Rua Treze '}, 'city': 'Sinop', 'state': 'São Paulo...</msg>
<var>${json_data}</var>
<arg>${response.json()}</arg>
<doc>Returns the given values which can then be assigned to a variables.</doc>
<status status="PASS" start="2024-04-28T15:14:03.454239" elapsed="0.000581"/>
</kw>
<kw name="Log" owner="BuiltIn">
<msg time="2024-04-28T15:14:03.455301" level="INFO">{'results': [{'gender': 'female', 'name': {'title': 'Miss', 'first': 'Gaudência', 'last': 'Barros'}, 'location': {'street': {'number': 2315, 'name': 'Rua Treze '}, 'city': 'Sinop', 'state': 'São Paulo', 'country': 'Brazil', 'postcode': 55174, 'coordinates': {'latitude': '-75.9256', 'longitude': '98.5098'}, 'timezone': {'offset': '-1:00', 'description': 'Azores, Cape Verde Islands'}}, 'email': 'gaudencia.barros@example.com', 'login': {'uuid': '51163ddf-835f-4783-97a5-dfc7ffaec166', 'username': 'goldensnake997', 'password': 'pete', 'salt': 'mu8EGmeC', 'md5': '62383848cd500b3717b580420546929d', 'sha1': '28ee28069223cf721ad65603f3cbd49c057ac37d', 'sha256': 'c3023f13920aa1eaba8ff1ab03c82528dabebd92290bf674e0ff8867cfd87bba'}, 'dob': {'date': '1989-08-13T20:08:27.129Z', 'age': 34}, 'registered': {'date': '2011-06-19T23:25:08.511Z', 'age': 12}, 'phone': '(96) 9713-3925', 'cell': '(89) 9079-5966', 'id': {'name': 'CPF', 'value': '085.148.330-54'}, 'picture': {'large': 'https://randomuser.me/api/portraits/women/96.jpg', 'medium': 'https://randomuser.me/api/portraits/med/women/96.jpg', 'thumbnail': 'https://randomuser.me/api/portraits/thumb/women/96.jpg'}, 'nat': 'BR'}], 'info': {'seed': '439a51bfd3a0316d', 'results': 1, 'page': 1, 'version': '1.4'}}</msg>
<arg>${json_data}</arg>
<doc>Logs the given message with the given level.</doc>
<status status="PASS" start="2024-04-28T15:14:03.455136" elapsed="0.000256"/>
</kw>
<kw name="Should Be String" owner="String">
<arg>${json_data['results'][0]['gender']}</arg>
<doc>Fails if the given ``item`` is not a string.</doc>
<status status="PASS" start="2024-04-28T15:14:03.455700" elapsed="0.000360"/>
</kw>
<kw name="Should Match Regexp" owner="BuiltIn">
<arg>${json_data['results'][0]['email']}</arg>
<arg>^[a-zA-Z0-9._%+-]+@[a-zA-Z0-9.-]+\.[a-zA-Z]{2,}$</arg>
<doc>Fails if ``string`` does not match ``pattern`` as a regular expression.</doc>
<status status="PASS" start="2024-04-28T15:14:03.456254" elapsed="0.000517"/>
</kw>
<kw name="Should Match Regexp" owner="BuiltIn">
<arg>${json_data['results'][0]['dob']['date']}</arg>
<arg>\\d{4}-\\d{2}-\\d{2}T\\d{2}:\\d{2}:\\d{2}\\.\\d{3}Z</arg>
<doc>Fails if ``string`` does not match ``pattern`` as a regular expression.</doc>
<status status="PASS" start="2024-04-28T15:14:03.456966" elapsed="0.000492"/>
</kw>
<kw name="Should Match Regexp" owner="BuiltIn">
<arg>${json_data['results'][0]['registered']['date']}</arg>
<arg>\\d{4}-\\d{2}-\\d{2}T\\d{2}:\\d{2}:\\d{2}\\.\\d{3}Z</arg>
<doc>Fails if ``string`` does not match ``pattern`` as a regular expression.</doc>
<status status="PASS" start="2024-04-28T15:14:03.457652" elapsed="0.000367"/>
</kw>
<kw name="Should Match Regexp" owner="BuiltIn">
<arg>${json_data['results'][0]['picture']['large']}</arg>
<arg>^https?://.*\.(?:png|jpe?g|gif|bmp)$</arg>
<doc>Fails if ``string`` does not match ``pattern`` as a regular expression.</doc>
<status status="PASS" start="2024-04-28T15:14:03.458243" elapsed="0.000483"/>
</kw>
<kw name="Should Match Regexp" owner="BuiltIn">
<arg>${json_data['results'][0]['picture']['medium']}</arg>
<arg>^https?://.*\.(?:png|jpe?g|gif|bmp)$</arg>
<doc>Fails if ``string`` does not match ``pattern`` as a regular expression.</doc>
<status status="PASS" start="2024-04-28T15:14:03.458927" elapsed="0.000367"/>
</kw>
<kw name="Should Match Regexp" owner="BuiltIn">
<arg>${json_data['results'][0]['picture']['thumbnail']}</arg>
<arg>^https?://.*\.(?:png|jpe?g|gif|bmp)$</arg>
<doc>Fails if ``string`` does not match ``pattern`` as a regular expression.</doc>
<status status="PASS" start="2024-04-28T15:14:03.459486" elapsed="0.000352"/>
</kw>
<kw name="Log" owner="BuiltIn">
<msg time="2024-04-28T15:14:03.460351" level="INFO">{'large': 'https://randomuser.me/api/portraits/women/96.jpg', 'medium': 'https://randomuser.me/api/portraits/med/women/96.jpg', 'thumbnail': 'https://randomuser.me/api/portraits/thumb/women/96.jpg'}</msg>
<arg>${json_data['results'][0]['picture']}</arg>
<doc>Logs the given message with the given level.</doc>
<status status="PASS" start="2024-04-28T15:14:03.460020" elapsed="0.000373"/>
</kw>
<status status="PASS" start="2024-04-28T15:14:03.353923" elapsed="0.106726"/>
</kw>
<kw name="Teste de Tipos de Dados - Postcode" owner="random-user-service">
<kw name="GET On Session" owner="RequestsLibrary">
<msg time="2024-04-28T15:14:03.530445" level="INFO">GET Request : url=https://randomuser.me/api 
 path_url=/api 
 headers={'User-Agent': 'python-requests/2.31.0', 'Accept-Encoding': 'gzip, deflate', 'Accept': '*/*', 'Connection': 'keep-alive'} 
 body=None 
 </msg>
<msg time="2024-04-28T15:14:03.530555" level="INFO">GET Response : url=https://randomuser.me/api 
 status=200, reason=OK 
 headers={'Date': 'Sun, 28 Apr 2024 15:14:03 GMT', 'Content-Type': 'application/json; charset=utf-8', 'Transfer-Encoding': 'chunked', 'Connection': 'keep-alive', 'X-Powered-By': 'Express', 'Access-Control-Allow-Origin': '*', 'Cache-Control': 'no-cache', 'ETag': 'W/"490-mxrFRuTNIcHlHYHmKz24RiVN76A"', 'Vary': 'Accept-Encoding', 'Content-Encoding': 'gzip', 'CF-Cache-Status': 'DYNAMIC', 'Report-To': '{"endpoints":[{"url":"https:\\/\\/a.nel.cloudflare.com\\/report\\/v4?s=ilFw%2FkFggXKoc0%2BydWsyzFTrSWQ3Mtz6e%2B5s2BO%2Bxp0JhspVeQN2d4k0DL9q%2BEn04CgKKff3nP5j0%2FpwAck3BcO7fRByLtMIbGjBxbX%2BMc90BSV05QNAMg7ND%2FwIeHfN"}],"group":"cf-nel","max_age":604800}', 'NEL': '{"success_fraction":0,"report_to":"cf-nel","max_age":604800}', 'Server': 'cloudflare', 'CF-RAY': '87b7fff3ac6002a7-ORD', 'alt-svc': 'h3=":443"; ma=86400'} 
 body={"results":[{"gender":"male","name":{"title":"Mr","first":"Simeon","last":"Danilović"},"location":{"street":{"number":7107,"name":"Ljube Spajića"},"city":"Žitište","state":"Kosovo-Pomoravlje","country":"Serbia","postcode":51707,"coordinates":{"latitude":"61.2905","longitude":"-112.6403"},"timezone":{"offset":"-7:00","description":"Mountain Time (US &amp; Canada)"}},"email":"simeon.danilovic@example.com","login":{"uuid":"b13b7f37-49f5-4a83-8e2e-7e70ed287de8","username":"bluetiger537","password":"tommie","salt":"qL8tOGot","md5":"3f28929813e2681b6c01c3bbfa73aaf8","sha1":"6877534e21b5917236c00fbd5ad557e4e055699c","sha256":"dd2ff4d3de8b2c07ae87d83e7e98ed14c50dad73f452ae1279b75642d1afc8c1"},"dob":{"date":"1996-08-30T13:48:16.140Z","age":27},"registered":{"date":"2011-04-27T06:16:56.529Z","age":13},"phone":"038-1548-954","cell":"065-2221-083","id":{"name":"SID","value":"657759061"},"picture":{"large":"https://randomuser.me/api/portraits/men/2.jpg","medium":"https://randomuser.me/api/portraits/med/men/2.jpg","thumbnail":"https://randomuser.me/api/portraits/thumb/men/2.jpg"},"nat":"RS"}],"info":{"seed":"7230ea661ba4717d","results":1,"page":1,"version":"1.4"}} 
 </msg>
<msg time="2024-04-28T15:14:03.530641" level="INFO">/opt/hostedtoolcache/Python/3.12.3/x64/lib/python3.12/site-packages/urllib3/connectionpool.py:1103: InsecureRequestWarning: Unverified HTTPS request is being made to host 'randomuser.me'. Adding certificate verification is strongly advised. See: https://urllib3.readthedocs.io/en/latest/advanced-usage.html#tls-warnings
  warnings.warn(</msg>
<msg time="2024-04-28T15:14:03.530755" level="INFO">${response} = &lt;Response [200]&gt;</msg>
<var>${response}</var>
<arg>consultarAPI</arg>
<arg>/api</arg>
<doc>Sends a GET request on a previously created HTTP Session.</doc>
<status status="PASS" start="2024-04-28T15:14:03.461130" elapsed="0.069660"/>
</kw>
<kw name="Set Variable" owner="BuiltIn">
<msg time="2024-04-28T15:14:03.531847" level="INFO">${json_data} = {'results': [{'gender': 'male', 'name': {'title': 'Mr', 'first': 'Simeon', 'last': 'Danilović'}, 'location': {'street': {'number': 7107, 'name': 'Ljube Spajića'}, 'city': 'Žitište', 'state': 'Kosovo-P...</msg>
<var>${json_data}</var>
<arg>${response.json()}</arg>
<doc>Returns the given values which can then be assigned to a variables.</doc>
<status status="PASS" start="2024-04-28T15:14:03.531303" elapsed="0.000575"/>
</kw>
<kw name="Log" owner="BuiltIn">
<msg time="2024-04-28T15:14:03.532369" level="INFO">{'results': [{'gender': 'male', 'name': {'title': 'Mr', 'first': 'Simeon', 'last': 'Danilović'}, 'location': {'street': {'number': 7107, 'name': 'Ljube Spajića'}, 'city': 'Žitište', 'state': 'Kosovo-Pomoravlje', 'country': 'Serbia', 'postcode': 51707, 'coordinates': {'latitude': '61.2905', 'longitude': '-112.6403'}, 'timezone': {'offset': '-7:00', 'description': 'Mountain Time (US &amp; Canada)'}}, 'email': 'simeon.danilovic@example.com', 'login': {'uuid': 'b13b7f37-49f5-4a83-8e2e-7e70ed287de8', 'username': 'bluetiger537', 'password': 'tommie', 'salt': 'qL8tOGot', 'md5': '3f28929813e2681b6c01c3bbfa73aaf8', 'sha1': '6877534e21b5917236c00fbd5ad557e4e055699c', 'sha256': 'dd2ff4d3de8b2c07ae87d83e7e98ed14c50dad73f452ae1279b75642d1afc8c1'}, 'dob': {'date': '1996-08-30T13:48:16.140Z', 'age': 27}, 'registered': {'date': '2011-04-27T06:16:56.529Z', 'age': 13}, 'phone': '038-1548-954', 'cell': '065-2221-083', 'id': {'name': 'SID', 'value': '657759061'}, 'picture': {'large': 'https://randomuser.me/api/portraits/men/2.jpg', 'medium': 'https://randomuser.me/api/portraits/med/men/2.jpg', 'thumbnail': 'https://randomuser.me/api/portraits/thumb/men/2.jpg'}, 'nat': 'RS'}], 'info': {'seed': '7230ea661ba4717d', 'results': 1, 'page': 1, 'version': '1.4'}}</msg>
<arg>${json_data}</arg>
<doc>Logs the given message with the given level.</doc>
<status status="PASS" start="2024-04-28T15:14:03.532203" elapsed="0.000263"/>
</kw>
<kw name="Should Be Equal As Numbers" owner="BuiltIn">
<arg>${json_data['results'][0]['location']['postcode']}</arg>
<arg>${json_data['results'][0]['location']['postcode']}</arg>
<doc>Fails if objects are unequal after converting them to real numbers.</doc>
<status status="PASS" start="2024-04-28T15:14:03.532778" elapsed="0.000814"/>
</kw>
<kw name="Log" owner="BuiltIn">
<msg time="2024-04-28T15:14:03.534243" level="INFO">51707</msg>
<arg>${json_data['results'][0]['location']['postcode']}</arg>
<doc>Logs the given message with the given level.</doc>
<status status="PASS" start="2024-04-28T15:14:03.533789" elapsed="0.000499"/>
</kw>
<status status="PASS" start="2024-04-28T15:14:03.460888" elapsed="0.073664"/>
</kw>
<doc>Testa se os tipos de dados na resposta da API estão corretos.</doc>
<tag>testeTiposDados</tag>
<status status="PASS" start="2024-04-28T15:14:03.353341" elapsed="0.181383"/>
</test>
<test id="s1-s1-t5" name="Validar conteudo" line="35">
<kw name="Teste de Tipos de Conteudo" owner="random-user-service">
<kw name="GET On Session" owner="RequestsLibrary">
<msg time="2024-04-28T15:14:03.637360" level="INFO">GET Request : url=https://randomuser.me/api 
 path_url=/api 
 headers={'User-Agent': 'python-requests/2.31.0', 'Accept-Encoding': 'gzip, deflate', 'Accept': '*/*', 'Connection': 'keep-alive'} 
 body=None 
 </msg>
<msg time="2024-04-28T15:14:03.637473" level="INFO">GET Response : url=https://randomuser.me/api 
 status=200, reason=OK 
 headers={'Date': 'Sun, 28 Apr 2024 15:14:03 GMT', 'Content-Type': 'application/json; charset=utf-8', 'Transfer-Encoding': 'chunked', 'Connection': 'keep-alive', 'X-Powered-By': 'Express', 'Access-Control-Allow-Origin': '*', 'Cache-Control': 'no-cache', 'ETag': 'W/"492-6vwCj/sWdRym9Qs8aBUnkxLCnCk"', 'Vary': 'Accept-Encoding', 'Content-Encoding': 'gzip', 'CF-Cache-Status': 'DYNAMIC', 'Report-To': '{"endpoints":[{"url":"https:\\/\\/a.nel.cloudflare.com\\/report\\/v4?s=Msm7YZj2nwlPOtCdBFQZ9N8xwMY67tVOAmhZjG1QACdxV96TGYUoLd7NMRlfeX1izGXbZLhZJ4oZHfOiXWxKDfsgNR91DVGULT6exucGKw3%2BaiZx0A0nkcWp9UzIwP3V"}],"group":"cf-nel","max_age":604800}', 'NEL': '{"success_fraction":0,"report_to":"cf-nel","max_age":604800}', 'Server': 'cloudflare', 'CF-RAY': '87b7fff41cf102a7-ORD', 'alt-svc': 'h3=":443"; ma=86400'} 
 body={"results":[{"gender":"female","name":{"title":"Mrs","first":"Siobhan","last":"Yiğit"},"location":{"street":{"number":7074,"name":"Goudsmedengilde"},"city":"'t Rooth","state":"Utrecht","country":"Netherlands","postcode":"3813 KR","coordinates":{"latitude":"30.2826","longitude":"131.4180"},"timezone":{"offset":"+6:00","description":"Almaty, Dhaka, Colombo"}},"email":"siobhan.yigit@example.com","login":{"uuid":"ef5cb90c-c2c8-4f06-b0a8-cccd9bcd4b42","username":"lazyrabbit826","password":"natalie1","salt":"jXF8dyQc","md5":"f7a53ab4576e322ffd74e5262a5e80af","sha1":"6bae5a6b279d2557bc7aadde7132731045ac01d8","sha256":"5fe545da89fceaf3fda93e0f1513c532765de2daa0a8a0be68314ed896f6d77e"},"dob":{"date":"1990-08-24T05:43:34.231Z","age":33},"registered":{"date":"2018-11-02T20:05:54.780Z","age":5},"phone":"(077) 8272173","cell":"(06) 91333191","id":{"name":"BSN","value":"24996341"},"picture":{"large":"https://randomuser.me/api/portraits/women/57.jpg","medium":"https://randomuser.me/api/portraits/med/women/57.jpg","thumbnail":"https://randomuser.me/api/portraits/thumb/women/57.jpg"},"nat":"NL"}],"info":{"seed":"1baff518db918cfe","results":1,"page":1,"version":"1.4"}} 
 </msg>
<msg time="2024-04-28T15:14:03.637557" level="INFO">/opt/hostedtoolcache/Python/3.12.3/x64/lib/python3.12/site-packages/urllib3/connectionpool.py:1103: InsecureRequestWarning: Unverified HTTPS request is being made to host 'randomuser.me'. Adding certificate verification is strongly advised. See: https://urllib3.readthedocs.io/en/latest/advanced-usage.html#tls-warnings
  warnings.warn(</msg>
<msg time="2024-04-28T15:14:03.637694" level="INFO">${response} = &lt;Response [200]&gt;</msg>
<var>${response}</var>
<arg>consultarAPI</arg>
<arg>/api</arg>
<doc>Sends a GET request on a previously created HTTP Session.</doc>
<status status="PASS" start="2024-04-28T15:14:03.537207" elapsed="0.100525"/>
</kw>
<kw name="Set Variable" owner="BuiltIn">
<msg time="2024-04-28T15:14:03.638849" level="INFO">${json_data} = {'results': [{'gender': 'female', 'name': {'title': 'Mrs', 'first': 'Siobhan', 'last': 'Yiğit'}, 'location': {'street': {'number': 7074, 'name': 'Goudsmedengilde'}, 'city': "'t Rooth", 'state': 'Utrec...</msg>
<var>${json_data}</var>
<arg>${response.json()}</arg>
<doc>Returns the given values which can then be assigned to a variables.</doc>
<status status="PASS" start="2024-04-28T15:14:03.638325" elapsed="0.000554"/>
</kw>
<kw name="Set Variable" owner="BuiltIn">
<msg time="2024-04-28T15:14:03.639574" level="INFO">${name_title} = Mrs</msg>
<var>${name_title}</var>
<arg>${json_data["results"][0]["name"]["title"]}</arg>
<doc>Returns the given values which can then be assigned to a variables.</doc>
<status status="PASS" start="2024-04-28T15:14:03.639189" elapsed="0.000409"/>
</kw>
<kw name="Create List" owner="BuiltIn">
<msg time="2024-04-28T15:14:03.640044" level="INFO">${allowed_titles} = ['Mr', 'Ms', 'Miss', 'Mrs', 'Madame', 'Monsieur']</msg>
<var>${allowed_titles}</var>
<arg>Mr</arg>
<arg>Ms</arg>
<arg>Miss</arg>
<arg>Mrs</arg>
<arg>Madame</arg>
<arg>Monsieur</arg>
<doc>Returns a list containing given items.</doc>
<status status="PASS" start="2024-04-28T15:14:03.639895" elapsed="0.000173"/>
</kw>
<kw name="List Should Contain Value" owner="Collections">
<msg time="2024-04-28T15:14:03.640539" level="INFO">False</msg>
<arg>${allowed_titles}</arg>
<arg>${name_title}</arg>
<doc>Fails if the ``value`` is not found from ``list``.</doc>
<status status="PASS" start="2024-04-28T15:14:03.640366" elapsed="0.000209"/>
</kw>
<kw name="Set Variable" owner="BuiltIn">
<msg time="2024-04-28T15:14:03.641260" level="INFO">${name_country} = NL</msg>
<var>${name_country}</var>
<arg>${json_data["results"][0]["nat"]}</arg>
<doc>Returns the given values which can then be assigned to a variables.</doc>
<status status="PASS" start="2024-04-28T15:14:03.640870" elapsed="0.000415"/>
</kw>
<kw name="Create List" owner="BuiltIn">
<msg time="2024-04-28T15:14:03.642215" level="INFO">${list_country} = ['AD', 'AE', 'AF', 'AG', 'AI', 'AL', 'AM', 'AO', 'AQ', 'AR', 'AS', 'AT', 'AU', 'AW', 'AX', 'AZ', 'BA', 'BB', 'BD', 'BE', 'BF', 'BG', 'BH', 'BI', 'BJ', 'BL', 'BM', 'BN', 'BO', 'BQ', 'BR', 'BS', 'BT', '...</msg>
<var>${list_country}</var>
<arg>AD</arg>
<arg>AE</arg>
<arg>AF</arg>
<arg>AG</arg>
<arg>AI</arg>
<arg>AL</arg>
<arg>AM</arg>
<arg>AO</arg>
<arg>AQ</arg>
<arg>AR</arg>
<arg>AS</arg>
<arg>AT</arg>
<arg>AU</arg>
<arg>AW</arg>
<arg>AX</arg>
<arg>AZ</arg>
<arg>BA</arg>
<arg>BB</arg>
<arg>BD</arg>
<arg>BE</arg>
<arg>BF</arg>
<arg>BG</arg>
<arg>BH</arg>
<arg>BI</arg>
<arg>BJ</arg>
<arg>BL</arg>
<arg>BM</arg>
<arg>BN</arg>
<arg>BO</arg>
<arg>BQ</arg>
<arg>BR</arg>
<arg>BS</arg>
<arg>BT</arg>
<arg>BV</arg>
<arg>BW</arg>
<arg>BY</arg>
<arg>BZ</arg>
<arg>CA</arg>
<arg>CC</arg>
<arg>CD</arg>
<arg>CF</arg>
<arg>CG</arg>
<arg>CH</arg>
<arg>CI</arg>
<arg>CK</arg>
<arg>CL</arg>
<arg>CM</arg>
<arg>CN</arg>
<arg>CO</arg>
<arg>CR</arg>
<arg>CU</arg>
<arg>CV</arg>
<arg>CW</arg>
<arg>CX</arg>
<arg>CY</arg>
<arg>CZ</arg>
<arg>DE</arg>
<arg>DJ</arg>
<arg>DK</arg>
<arg>DM</arg>
<arg>DO</arg>
<arg>DZ</arg>
<arg>EC</arg>
<arg>EE</arg>
<arg>EG</arg>
<arg>EH</arg>
<arg>ER</arg>
<arg>ES</arg>
<arg>ET</arg>
<arg>FI</arg>
<arg>FJ</arg>
<arg>FK</arg>
<arg>FM</arg>
<arg>FO</arg>
<arg>FR</arg>
<arg>GA</arg>
<arg>GB</arg>
<arg>GD</arg>
<arg>GE</arg>
<arg>GF</arg>
<arg>GG</arg>
<arg>GH</arg>
<arg>GI</arg>
<arg>GL</arg>
<arg>GM</arg>
<arg>GN</arg>
<arg>GP</arg>
<arg>GQ</arg>
<arg>GR</arg>
<arg>GS</arg>
<arg>GT</arg>
<arg>GU</arg>
<arg>GW</arg>
<arg>GY</arg>
<arg>HK</arg>
<arg>HM</arg>
<arg>HN</arg>
<arg>HR</arg>
<arg>HT</arg>
<arg>HU</arg>
<arg>ID</arg>
<arg>IE</arg>
<arg>IL</arg>
<arg>IM</arg>
<arg>IN</arg>
<arg>IO</arg>
<arg>IQ</arg>
<arg>IR</arg>
<arg>IS</arg>
<arg>IT</arg>
<arg>JE</arg>
<arg>JM</arg>
<arg>JO</arg>
<arg>JP</arg>
<arg>KE</arg>
<arg>KG</arg>
<arg>KH</arg>
<arg>KI</arg>
<arg>KM</arg>
<arg>KN</arg>
<arg>KP</arg>
<arg>KR</arg>
<arg>KW</arg>
<arg>KY</arg>
<arg>KZ</arg>
<arg>LA</arg>
<arg>LB</arg>
<arg>LC</arg>
<arg>LI</arg>
<arg>LK</arg>
<arg>LR</arg>
<arg>LS</arg>
<arg>LT</arg>
<arg>LU</arg>
<arg>LV</arg>
<arg>LY</arg>
<arg>MA</arg>
<arg>MC</arg>
<arg>MD</arg>
<arg>ME</arg>
<arg>MF</arg>
<arg>MG</arg>
<arg>MH</arg>
<arg>MK</arg>
<arg>ML</arg>
<arg>MM</arg>
<arg>MN</arg>
<arg>MO</arg>
<arg>MP</arg>
<arg>MQ</arg>
<arg>MR</arg>
<arg>MS</arg>
<arg>MT</arg>
<arg>MU</arg>
<arg>MV</arg>
<arg>MW</arg>
<arg>MX</arg>
<arg>MY</arg>
<arg>MZ</arg>
<arg>NA</arg>
<arg>NC</arg>
<arg>NE</arg>
<arg>NF</arg>
<arg>NG</arg>
<arg>NI</arg>
<arg>NL</arg>
<arg>NO</arg>
<arg>NP</arg>
<arg>NR</arg>
<arg>NU</arg>
<arg>NZ</arg>
<arg>OM</arg>
<arg>PA</arg>
<arg>PE</arg>
<arg>PF</arg>
<arg>PG</arg>
<arg>PH</arg>
<arg>PK</arg>
<arg>PL</arg>
<arg>PM</arg>
<arg>PN</arg>
<arg>PR</arg>
<arg>PS</arg>
<arg>PT</arg>
<arg>PW</arg>
<arg>PY</arg>
<arg>QA</arg>
<arg>RE</arg>
<arg>RO</arg>
<arg>RS</arg>
<arg>RU</arg>
<arg>RW</arg>
<arg>SA</arg>
<arg>SB</arg>
<arg>SC</arg>
<arg>SD</arg>
<arg>SE</arg>
<arg>SG</arg>
<arg>SH</arg>
<arg>SI</arg>
<arg>SJ</arg>
<arg>SK</arg>
<arg>SL</arg>
<arg>SM</arg>
<arg>SN</arg>
<arg>SO</arg>
<arg>SR</arg>
<arg>SS</arg>
<arg>ST</arg>
<arg>SV</arg>
<arg>SX</arg>
<arg>SY</arg>
<arg>SZ</arg>
<arg>TC</arg>
<arg>TD</arg>
<arg>TF</arg>
<arg>TG</arg>
<arg>TH</arg>
<arg>TJ</arg>
<arg>TK</arg>
<arg>TL</arg>
<arg>TM</arg>
<arg>TN</arg>
<arg>TO</arg>
<arg>TR</arg>
<arg>TT</arg>
<arg>TV</arg>
<arg>TW</arg>
<arg>TZ</arg>
<arg>UA</arg>
<arg>UG</arg>
<arg>UM</arg>
<arg>US</arg>
<arg>UY</arg>
<arg>UZ</arg>
<arg>VA</arg>
<arg>VC</arg>
<arg>VE</arg>
<arg>VG</arg>
<arg>VI</arg>
<arg>VN</arg>
<arg>VU</arg>
<arg>WF</arg>
<arg>WS</arg>
<arg>XK</arg>
<arg>YE</arg>
<arg>YT</arg>
<arg>ZA</arg>
<arg>ZM</arg>
<arg>ZW</arg>
<doc>Returns a list containing given items.</doc>
<status status="PASS" start="2024-04-28T15:14:03.641588" elapsed="0.000659"/>
</kw>
<kw name="List Should Contain Value" owner="Collections">
<msg time="2024-04-28T15:14:03.643245" level="INFO">False</msg>
<arg>${list_country}</arg>
<arg>${name_country}</arg>
<doc>Fails if the ``value`` is not found from ``list``.</doc>
<status status="PASS" start="2024-04-28T15:14:03.643044" elapsed="0.000238"/>
</kw>
<kw name="Run Keyword If" owner="BuiltIn">
<kw name="Should Be True" owner="BuiltIn">
<arg>${True}</arg>
<doc>Fails if the given condition is not true.</doc>
<status status="PASS" start="2024-04-28T15:14:03.644353" elapsed="0.000143"/>
</kw>
<arg>${json_data["results"][0]["location"]["coordinates"]["latitude"]} &gt;= -90 and ${json_data["results"][0]["location"]["coordinates"]["latitude"]} &lt;= 90</arg>
<arg>Should Be True</arg>
<arg>${True}</arg>
<doc>Runs the given keyword with the given arguments, if ``condition`` is true.</doc>
<status status="PASS" start="2024-04-28T15:14:03.643596" elapsed="0.001025"/>
</kw>
<kw name="Run Keyword If" owner="BuiltIn">
<kw name="Should Be True" owner="BuiltIn">
<arg>${True}</arg>
<doc>Fails if the given condition is not true.</doc>
<status status="PASS" start="2024-04-28T15:14:03.645491" elapsed="0.000255"/>
</kw>
<arg>${json_data["results"][0]["location"]["coordinates"]["longitude"]} &gt;= -180 and ${json_data["results"][0]["location"]["coordinates"]["longitude"]} &lt;= 180</arg>
<arg>Should Be True</arg>
<arg>${True}</arg>
<doc>Runs the given keyword with the given arguments, if ``condition`` is true.</doc>
<status status="PASS" start="2024-04-28T15:14:03.644804" elapsed="0.001067"/>
</kw>
<status status="PASS" start="2024-04-28T15:14:03.536980" elapsed="0.109024"/>
</kw>
<doc>Testa o conteúdo específico dos campos retornados pela API.</doc>
<tag>testeConteudo</tag>
<status status="PASS" start="2024-04-28T15:14:03.536512" elapsed="0.109644"/>
</test>
<status status="PASS" start="2024-04-28T15:14:02.841973" elapsed="0.806193"/>
</suite>
<status status="PASS" start="2024-04-28T15:14:02.828368" elapsed="0.825000"/>
</suite>
<statistics>
<total>
<stat pass="5" fail="0" skip="0">All Tests</stat>
</total>
<tag>
<stat pass="1" fail="0" skip="0">testeConteudo</stat>
<stat pass="1" fail="0" skip="0">testeEstruturaResposta</stat>
<stat pass="1" fail="0" skip="0">testeRequisicaoBasica</stat>
<stat pass="1" fail="0" skip="0">testeTiposDados</stat>
</tag>
<suite>
<stat pass="5" fail="0" skip="0" id="s1" name="Tests">Tests</stat>
<stat pass="5" fail="0" skip="0" id="s1-s1" name="Random-User-Test">Tests.Random-User-Test</stat>
</suite>
</statistics>
<errors>
</errors>
</robot>
