<?xml version="1.0" encoding="UTF-8"?>
<robot generator="Robot 7.0.1 (Python 3.12.4 on linux)" generated="2024-06-24T12:29:00.948437" rpa="false" schemaversion="5">
<suite id="s1" name="Tests" source="/home/runner/work/ApiRandomUser/ApiRandomUser/RamdonUser/tests">
<suite id="s1-s1" name="Random-User-Test" source="/home/runner/work/ApiRandomUser/ApiRandomUser/RamdonUser/tests/random-user-test.robot">
<test id="s1-s1-t1" name="Conectar" line="13">
<kw name="Conectar API" owner="random-user-service">
<kw name="Create Session" owner="RequestsLibrary">
<msg time="2024-06-24T12:29:01.356615" level="INFO">Creating Session using : alias=consultarAPI, url=https://randomuser.me/, headers={},                     cookies={}, auth=None, timeout=None, proxies=None, verify=False,                     debug=0 </msg>
<arg>consultarAPI</arg>
<arg>${URL}</arg>
<doc>Create Session: create a HTTP session to a server</doc>
<status status="PASS" start="2024-06-24T12:29:01.356404" elapsed="0.000409"/>
</kw>
<status status="PASS" start="2024-06-24T12:29:01.355365" elapsed="0.001819"/>
</kw>
<status status="PASS" start="2024-06-24T12:29:01.354698" elapsed="0.002678"/>
</test>
<test id="s1-s1-t2" name="Validar retorno 200 e JSON Válido" line="16">
<kw name="Teste de Requisicao Basica" owner="random-user-service">
<kw name="GET On Session" owner="RequestsLibrary">
<msg time="2024-06-24T12:29:01.557047" level="INFO">GET Request : url=https://randomuser.me/api 
 path_url=/api 
 headers={'User-Agent': 'python-requests/2.32.3', 'Accept-Encoding': 'gzip, deflate', 'Accept': '*/*', 'Connection': 'keep-alive'} 
 body=None 
 </msg>
<msg time="2024-06-24T12:29:01.557217" level="INFO">GET Response : url=https://randomuser.me/api 
 status=200, reason=OK 
 headers={'Date': 'Mon, 24 Jun 2024 12:29:01 GMT', 'Content-Type': 'application/json; charset=utf-8', 'Transfer-Encoding': 'chunked', 'Connection': 'keep-alive', 'X-Powered-By': 'Express', 'Access-Control-Allow-Origin': '*', 'Cache-Control': 'no-cache', 'ETag': 'W/"48d-nXj9cC4/oRZwvVD3Kb3bkPx73sM"', 'Vary': 'Accept-Encoding', 'Content-Encoding': 'gzip', 'CF-Cache-Status': 'DYNAMIC', 'Report-To': '{"endpoints":[{"url":"https:\\/\\/a.nel.cloudflare.com\\/report\\/v4?s=i5D8IjoNJ8Wy3TrJDSUcvdEvQvMIwVrYtemimjnNObLfb5W0rLh76WxyBHSnhF4wDANLax69gNritpfOeK2wlnZXh9YF2oFjHr66CJKGHZPKWSryG0vhx6On8NWuu9G8"}],"group":"cf-nel","max_age":604800}', 'NEL': '{"success_fraction":0,"report_to":"cf-nel","max_age":604800}', 'Server': 'cloudflare', 'CF-RAY': '898cb8945eb207d3-IAD', 'alt-svc': 'h3=":443"; ma=86400'} 
 body={"results":[{"gender":"male","name":{"title":"Mr","first":"Fer","last":"Houtman"},"location":{"street":{"number":8928,"name":"Kapelleboom"},"city":"Schoonoord","state":"Groningen","country":"Netherlands","postcode":"1469 WR","coordinates":{"latitude":"32.9759","longitude":"-7.5205"},"timezone":{"offset":"+1:00","description":"Brussels, Copenhagen, Madrid, Paris"}},"email":"fer.houtman@example.com","login":{"uuid":"457eec6d-6529-465b-af4e-d3f2c14f8342","username":"crazytiger885","password":"vicky","salt":"ztkJAvSO","md5":"66ad0d488ea513e542a55e601a07e89a","sha1":"c9195c7f36c59cc02e22474d1014f4f26456cd68","sha256":"be0e862037ec80113128987126ae192daba8c797b21522fe4fd92be500bc0bc9"},"dob":{"date":"1958-06-05T03:02:30.997Z","age":66},"registered":{"date":"2022-03-08T21:25:41.404Z","age":2},"phone":"(0841) 554104","cell":"(06) 62576326","id":{"name":"BSN","value":"39215060"},"picture":{"large":"https://randomuser.me/api/portraits/men/15.jpg","medium":"https://randomuser.me/api/portraits/med/men/15.jpg","thumbnail":"https://randomuser.me/api/portraits/thumb/men/15.jpg"},"nat":"NL"}],"info":{"seed":"e94b7e5fc79a0b7b","results":1,"page":1,"version":"1.4"}} 
 </msg>
<msg time="2024-06-24T12:29:01.557299" level="INFO">/opt/hostedtoolcache/Python/3.12.4/x64/lib/python3.12/site-packages/urllib3/connectionpool.py:1099: InsecureRequestWarning: Unverified HTTPS request is being made to host 'randomuser.me'. Adding certificate verification is strongly advised. See: https://urllib3.readthedocs.io/en/latest/advanced-usage.html#tls-warnings
  warnings.warn(</msg>
<msg time="2024-06-24T12:29:01.557450" level="INFO">${response} = &lt;Response [200]&gt;</msg>
<var>${response}</var>
<arg>consultarAPI</arg>
<arg>/api</arg>
<doc>Sends a GET request on a previously created HTTP Session.</doc>
<status status="PASS" start="2024-06-24T12:29:01.360142" elapsed="0.197350"/>
</kw>
<kw name="Should Be Equal As Numbers" owner="BuiltIn">
<msg time="2024-06-24T12:29:01.558693" level="INFO">Argument types are:
&lt;class 'int'&gt;
&lt;class 'str'&gt;</msg>
<arg>${response.status_code}</arg>
<arg>200</arg>
<doc>Fails if objects are unequal after converting them to real numbers.</doc>
<status status="PASS" start="2024-06-24T12:29:01.558152" elapsed="0.000615"/>
</kw>
<kw name="Log" owner="BuiltIn">
<msg time="2024-06-24T12:29:01.559436" level="INFO">200</msg>
<arg>${response.status_code}</arg>
<doc>Logs the given message with the given level.</doc>
<status status="PASS" start="2024-06-24T12:29:01.559088" elapsed="0.000391"/>
</kw>
<kw name="Set Variable" owner="BuiltIn">
<msg time="2024-06-24T12:29:01.560215" level="INFO">${json_data} = {'results': [{'gender': 'male', 'name': {'title': 'Mr', 'first': 'Fer', 'last': 'Houtman'}, 'location': {'street': {'number': 8928, 'name': 'Kapelleboom'}, 'city': 'Schoonoord', 'state': 'Groningen', ...</msg>
<var>${json_data}</var>
<arg>${response.json()}</arg>
<doc>Returns the given values which can then be assigned to a variables.</doc>
<status status="PASS" start="2024-06-24T12:29:01.559782" elapsed="0.000464"/>
</kw>
<kw name="Dictionary Should Contain Key" owner="Collections">
<arg>${json_data}</arg>
<arg>results</arg>
<doc>Fails if ``key`` is not found from ``dictionary``.</doc>
<status status="PASS" start="2024-06-24T12:29:01.560542" elapsed="0.000169"/>
</kw>
<status status="PASS" start="2024-06-24T12:29:01.359891" elapsed="0.200969"/>
</kw>
<doc>Testa se a API responde corretamente e retorna um objeto JSON válido.</doc>
<tag>testeRequisicaoBasica</tag>
<status status="PASS" start="2024-06-24T12:29:01.359318" elapsed="0.201724"/>
</test>
<test id="s1-s1-t3" name="Validar estrutura de resposta" line="22">
<kw name="Teste de Estrutura de Resposta" owner="random-user-service">
<kw name="GET On Session" owner="RequestsLibrary">
<msg time="2024-06-24T12:29:01.668837" level="INFO">GET Request : url=https://randomuser.me/api 
 path_url=/api 
 headers={'User-Agent': 'python-requests/2.32.3', 'Accept-Encoding': 'gzip, deflate', 'Accept': '*/*', 'Connection': 'keep-alive'} 
 body=None 
 </msg>
<msg time="2024-06-24T12:29:01.668954" level="INFO">GET Response : url=https://randomuser.me/api 
 status=200, reason=OK 
 headers={'Date': 'Mon, 24 Jun 2024 12:29:01 GMT', 'Content-Type': 'application/json; charset=utf-8', 'Transfer-Encoding': 'chunked', 'Connection': 'keep-alive', 'X-Powered-By': 'Express', 'Access-Control-Allow-Origin': '*', 'Cache-Control': 'no-cache', 'ETag': 'W/"478-56goYR3oHcbJ20GpEsddTC3eovo"', 'Vary': 'Accept-Encoding', 'Content-Encoding': 'gzip', 'CF-Cache-Status': 'DYNAMIC', 'Report-To': '{"endpoints":[{"url":"https:\\/\\/a.nel.cloudflare.com\\/report\\/v4?s=1INDUKGWJusIxzNTGrRRUDCdzCZtTJE8%2FcSvNKLFR4T1Ts8O1pFntwobGt8AixrpKntLslkmoF7ns3TvaM2YQSPopjZAzySdbiRCO01SNEW3%2Fk7bd5NckyNgT30fJlqU"}],"group":"cf-nel","max_age":604800}', 'NEL': '{"success_fraction":0,"report_to":"cf-nel","max_age":604800}', 'Server': 'cloudflare', 'CF-RAY': '898cb894cf0907d3-IAD', 'alt-svc': 'h3=":443"; ma=86400'} 
 body={"results":[{"gender":"male","name":{"title":"Mr","first":"Berry","last":"Hultink"},"location":{"street":{"number":4769,"name":"Huigenbos"},"city":"Vlagtwedde","state":"Flevoland","country":"Netherlands","postcode":"7224 YC","coordinates":{"latitude":"33.1026","longitude":"-91.2727"},"timezone":{"offset":"+5:45","description":"Kathmandu"}},"email":"berry.hultink@example.com","login":{"uuid":"15c7ce26-695f-4195-b088-02eaebf04706","username":"lazyleopard105","password":"101010","salt":"yKv9eKv7","md5":"619a89785df385dc697e6a069749b989","sha1":"49698c988e5e09710dcf2f22667eccf184a1d3dd","sha256":"72aa7e71f96cbc9c7683e1b471f36687cd5e222f7bb8b43e030b8800b1b528c2"},"dob":{"date":"1952-11-14T17:27:18.201Z","age":71},"registered":{"date":"2020-02-18T11:58:00.367Z","age":4},"phone":"(0678) 686967","cell":"(06) 38264321","id":{"name":"BSN","value":"07135678"},"picture":{"large":"https://randomuser.me/api/portraits/men/63.jpg","medium":"https://randomuser.me/api/portraits/med/men/63.jpg","thumbnail":"https://randomuser.me/api/portraits/thumb/men/63.jpg"},"nat":"NL"}],"info":{"seed":"c83c2024ac369b08","results":1,"page":1,"version":"1.4"}} 
 </msg>
<msg time="2024-06-24T12:29:01.669104" level="INFO">/opt/hostedtoolcache/Python/3.12.4/x64/lib/python3.12/site-packages/urllib3/connectionpool.py:1099: InsecureRequestWarning: Unverified HTTPS request is being made to host 'randomuser.me'. Adding certificate verification is strongly advised. See: https://urllib3.readthedocs.io/en/latest/advanced-usage.html#tls-warnings
  warnings.warn(</msg>
<msg time="2024-06-24T12:29:01.669255" level="INFO">${response} = &lt;Response [200]&gt;</msg>
<var>${response}</var>
<arg>consultarAPI</arg>
<arg>/api</arg>
<doc>Sends a GET request on a previously created HTTP Session.</doc>
<status status="PASS" start="2024-06-24T12:29:01.564052" elapsed="0.105254"/>
</kw>
<kw name="Set Variable" owner="BuiltIn">
<msg time="2024-06-24T12:29:01.670545" level="INFO">${json_data} = {'results': [{'gender': 'male', 'name': {'title': 'Mr', 'first': 'Berry', 'last': 'Hultink'}, 'location': {'street': {'number': 4769, 'name': 'Huigenbos'}, 'city': 'Vlagtwedde', 'state': 'Flevoland', ...</msg>
<var>${json_data}</var>
<arg>${response.json()}</arg>
<doc>Returns the given values which can then be assigned to a variables.</doc>
<status status="PASS" start="2024-06-24T12:29:01.669936" elapsed="0.000638"/>
</kw>
<kw name="Log" owner="BuiltIn">
<msg time="2024-06-24T12:29:01.671044" level="INFO">{'results': [{'gender': 'male', 'name': {'title': 'Mr', 'first': 'Berry', 'last': 'Hultink'}, 'location': {'street': {'number': 4769, 'name': 'Huigenbos'}, 'city': 'Vlagtwedde', 'state': 'Flevoland', 'country': 'Netherlands', 'postcode': '7224 YC', 'coordinates': {'latitude': '33.1026', 'longitude': '-91.2727'}, 'timezone': {'offset': '+5:45', 'description': 'Kathmandu'}}, 'email': 'berry.hultink@example.com', 'login': {'uuid': '15c7ce26-695f-4195-b088-02eaebf04706', 'username': 'lazyleopard105', 'password': '101010', 'salt': 'yKv9eKv7', 'md5': '619a89785df385dc697e6a069749b989', 'sha1': '49698c988e5e09710dcf2f22667eccf184a1d3dd', 'sha256': '72aa7e71f96cbc9c7683e1b471f36687cd5e222f7bb8b43e030b8800b1b528c2'}, 'dob': {'date': '1952-11-14T17:27:18.201Z', 'age': 71}, 'registered': {'date': '2020-02-18T11:58:00.367Z', 'age': 4}, 'phone': '(0678) 686967', 'cell': '(06) 38264321', 'id': {'name': 'BSN', 'value': '07135678'}, 'picture': {'large': 'https://randomuser.me/api/portraits/men/63.jpg', 'medium': 'https://randomuser.me/api/portraits/med/men/63.jpg', 'thumbnail': 'https://randomuser.me/api/portraits/thumb/men/63.jpg'}, 'nat': 'NL'}], 'info': {'seed': 'c83c2024ac369b08', 'results': 1, 'page': 1, 'version': '1.4'}}</msg>
<arg>${json_data}</arg>
<doc>Logs the given message with the given level.</doc>
<status status="PASS" start="2024-06-24T12:29:01.670887" elapsed="0.000203"/>
</kw>
<kw name="Dictionary Should Contain Key" owner="Collections">
<arg>${json_data}</arg>
<arg>results</arg>
<doc>Fails if ``key`` is not found from ``dictionary``.</doc>
<status status="PASS" start="2024-06-24T12:29:01.671378" elapsed="0.000156"/>
</kw>
<kw name="Should Not Be Empty" owner="BuiltIn">
<msg time="2024-06-24T12:29:01.671835" level="INFO">Length is 2.</msg>
<arg>${json_data}</arg>
<doc>Verifies that the given item is not empty.</doc>
<status status="PASS" start="2024-06-24T12:29:01.671712" elapsed="0.000160"/>
</kw>
<kw name="Create List" owner="BuiltIn">
<msg time="2024-06-24T12:29:01.672465" level="INFO">${expected_keys} = ['gender', 'name', 'location', 'email', 'login']</msg>
<var>${expected_keys}</var>
<arg>gender</arg>
<arg>name</arg>
<arg>location</arg>
<arg>email</arg>
<arg>login</arg>
<doc>Returns a list containing given items.</doc>
<status status="PASS" start="2024-06-24T12:29:01.672154" elapsed="0.000336"/>
</kw>
<for flavor="IN">
<iter>
<kw name="Dictionary Should Contain Key" owner="Collections">
<arg>${json_data['results'][0]}</arg>
<arg>${key}</arg>
<doc>Fails if ``key`` is not found from ``dictionary``.</doc>
<status status="PASS" start="2024-06-24T12:29:01.673082" elapsed="0.000415"/>
</kw>
<kw name="Log" owner="BuiltIn">
<msg time="2024-06-24T12:29:01.674031" level="INFO">{'gender': 'male', 'name': {'title': 'Mr', 'first': 'Berry', 'last': 'Hultink'}, 'location': {'street': {'number': 4769, 'name': 'Huigenbos'}, 'city': 'Vlagtwedde', 'state': 'Flevoland', 'country': 'Netherlands', 'postcode': '7224 YC', 'coordinates': {'latitude': '33.1026', 'longitude': '-91.2727'}, 'timezone': {'offset': '+5:45', 'description': 'Kathmandu'}}, 'email': 'berry.hultink@example.com', 'login': {'uuid': '15c7ce26-695f-4195-b088-02eaebf04706', 'username': 'lazyleopard105', 'password': '101010', 'salt': 'yKv9eKv7', 'md5': '619a89785df385dc697e6a069749b989', 'sha1': '49698c988e5e09710dcf2f22667eccf184a1d3dd', 'sha256': '72aa7e71f96cbc9c7683e1b471f36687cd5e222f7bb8b43e030b8800b1b528c2'}, 'dob': {'date': '1952-11-14T17:27:18.201Z', 'age': 71}, 'registered': {'date': '2020-02-18T11:58:00.367Z', 'age': 4}, 'phone': '(0678) 686967', 'cell': '(06) 38264321', 'id': {'name': 'BSN', 'value': '07135678'}, 'picture': {'large': 'https://randomuser.me/api/portraits/men/63.jpg', 'medium': 'https://randomuser.me/api/portraits/med/men/63.jpg', 'thumbnail': 'https://randomuser.me/api/portraits/thumb/men/63.jpg'}, 'nat': 'NL'}</msg>
<arg>${json_data['results'][0]}</arg>
<doc>Logs the given message with the given level.</doc>
<status status="PASS" start="2024-06-24T12:29:01.673683" elapsed="0.000397"/>
</kw>
<kw name="Log" owner="BuiltIn">
<msg time="2024-06-24T12:29:01.674537" level="INFO">gender</msg>
<arg>${key}</arg>
<doc>Logs the given message with the given level.</doc>
<status status="PASS" start="2024-06-24T12:29:01.674409" elapsed="0.000166"/>
</kw>
<var name="${key}">gender</var>
<status status="PASS" start="2024-06-24T12:29:01.672960" elapsed="0.001827"/>
</iter>
<iter>
<kw name="Dictionary Should Contain Key" owner="Collections">
<arg>${json_data['results'][0]}</arg>
<arg>${key}</arg>
<doc>Fails if ``key`` is not found from ``dictionary``.</doc>
<status status="PASS" start="2024-06-24T12:29:01.675078" elapsed="0.000379"/>
</kw>
<kw name="Log" owner="BuiltIn">
<msg time="2024-06-24T12:29:01.675980" level="INFO">{'gender': 'male', 'name': {'title': 'Mr', 'first': 'Berry', 'last': 'Hultink'}, 'location': {'street': {'number': 4769, 'name': 'Huigenbos'}, 'city': 'Vlagtwedde', 'state': 'Flevoland', 'country': 'Netherlands', 'postcode': '7224 YC', 'coordinates': {'latitude': '33.1026', 'longitude': '-91.2727'}, 'timezone': {'offset': '+5:45', 'description': 'Kathmandu'}}, 'email': 'berry.hultink@example.com', 'login': {'uuid': '15c7ce26-695f-4195-b088-02eaebf04706', 'username': 'lazyleopard105', 'password': '101010', 'salt': 'yKv9eKv7', 'md5': '619a89785df385dc697e6a069749b989', 'sha1': '49698c988e5e09710dcf2f22667eccf184a1d3dd', 'sha256': '72aa7e71f96cbc9c7683e1b471f36687cd5e222f7bb8b43e030b8800b1b528c2'}, 'dob': {'date': '1952-11-14T17:27:18.201Z', 'age': 71}, 'registered': {'date': '2020-02-18T11:58:00.367Z', 'age': 4}, 'phone': '(0678) 686967', 'cell': '(06) 38264321', 'id': {'name': 'BSN', 'value': '07135678'}, 'picture': {'large': 'https://randomuser.me/api/portraits/men/63.jpg', 'medium': 'https://randomuser.me/api/portraits/med/men/63.jpg', 'thumbnail': 'https://randomuser.me/api/portraits/thumb/men/63.jpg'}, 'nat': 'NL'}</msg>
<arg>${json_data['results'][0]}</arg>
<doc>Logs the given message with the given level.</doc>
<status status="PASS" start="2024-06-24T12:29:01.675638" elapsed="0.000421"/>
</kw>
<kw name="Log" owner="BuiltIn">
<msg time="2024-06-24T12:29:01.676482" level="INFO">name</msg>
<arg>${key}</arg>
<doc>Logs the given message with the given level.</doc>
<status status="PASS" start="2024-06-24T12:29:01.676352" elapsed="0.000167"/>
</kw>
<var name="${key}">name</var>
<status status="PASS" start="2024-06-24T12:29:01.674969" elapsed="0.001762"/>
</iter>
<iter>
<kw name="Dictionary Should Contain Key" owner="Collections">
<arg>${json_data['results'][0]}</arg>
<arg>${key}</arg>
<doc>Fails if ``key`` is not found from ``dictionary``.</doc>
<status status="PASS" start="2024-06-24T12:29:01.677059" elapsed="0.000392"/>
</kw>
<kw name="Log" owner="BuiltIn">
<msg time="2024-06-24T12:29:01.677973" level="INFO">{'gender': 'male', 'name': {'title': 'Mr', 'first': 'Berry', 'last': 'Hultink'}, 'location': {'street': {'number': 4769, 'name': 'Huigenbos'}, 'city': 'Vlagtwedde', 'state': 'Flevoland', 'country': 'Netherlands', 'postcode': '7224 YC', 'coordinates': {'latitude': '33.1026', 'longitude': '-91.2727'}, 'timezone': {'offset': '+5:45', 'description': 'Kathmandu'}}, 'email': 'berry.hultink@example.com', 'login': {'uuid': '15c7ce26-695f-4195-b088-02eaebf04706', 'username': 'lazyleopard105', 'password': '101010', 'salt': 'yKv9eKv7', 'md5': '619a89785df385dc697e6a069749b989', 'sha1': '49698c988e5e09710dcf2f22667eccf184a1d3dd', 'sha256': '72aa7e71f96cbc9c7683e1b471f36687cd5e222f7bb8b43e030b8800b1b528c2'}, 'dob': {'date': '1952-11-14T17:27:18.201Z', 'age': 71}, 'registered': {'date': '2020-02-18T11:58:00.367Z', 'age': 4}, 'phone': '(0678) 686967', 'cell': '(06) 38264321', 'id': {'name': 'BSN', 'value': '07135678'}, 'picture': {'large': 'https://randomuser.me/api/portraits/men/63.jpg', 'medium': 'https://randomuser.me/api/portraits/med/men/63.jpg', 'thumbnail': 'https://randomuser.me/api/portraits/thumb/men/63.jpg'}, 'nat': 'NL'}</msg>
<arg>${json_data['results'][0]}</arg>
<doc>Logs the given message with the given level.</doc>
<status status="PASS" start="2024-06-24T12:29:01.677630" elapsed="0.000394"/>
</kw>
<kw name="Log" owner="BuiltIn">
<msg time="2024-06-24T12:29:01.678470" level="INFO">location</msg>
<arg>${key}</arg>
<doc>Logs the given message with the given level.</doc>
<status status="PASS" start="2024-06-24T12:29:01.678343" elapsed="0.000165"/>
</kw>
<var name="${key}">location</var>
<status status="PASS" start="2024-06-24T12:29:01.676948" elapsed="0.001775"/>
</iter>
<iter>
<kw name="Dictionary Should Contain Key" owner="Collections">
<arg>${json_data['results'][0]}</arg>
<arg>${key}</arg>
<doc>Fails if ``key`` is not found from ``dictionary``.</doc>
<status status="PASS" start="2024-06-24T12:29:01.679027" elapsed="0.000400"/>
</kw>
<kw name="Log" owner="BuiltIn">
<msg time="2024-06-24T12:29:01.679972" level="INFO">{'gender': 'male', 'name': {'title': 'Mr', 'first': 'Berry', 'last': 'Hultink'}, 'location': {'street': {'number': 4769, 'name': 'Huigenbos'}, 'city': 'Vlagtwedde', 'state': 'Flevoland', 'country': 'Netherlands', 'postcode': '7224 YC', 'coordinates': {'latitude': '33.1026', 'longitude': '-91.2727'}, 'timezone': {'offset': '+5:45', 'description': 'Kathmandu'}}, 'email': 'berry.hultink@example.com', 'login': {'uuid': '15c7ce26-695f-4195-b088-02eaebf04706', 'username': 'lazyleopard105', 'password': '101010', 'salt': 'yKv9eKv7', 'md5': '619a89785df385dc697e6a069749b989', 'sha1': '49698c988e5e09710dcf2f22667eccf184a1d3dd', 'sha256': '72aa7e71f96cbc9c7683e1b471f36687cd5e222f7bb8b43e030b8800b1b528c2'}, 'dob': {'date': '1952-11-14T17:27:18.201Z', 'age': 71}, 'registered': {'date': '2020-02-18T11:58:00.367Z', 'age': 4}, 'phone': '(0678) 686967', 'cell': '(06) 38264321', 'id': {'name': 'BSN', 'value': '07135678'}, 'picture': {'large': 'https://randomuser.me/api/portraits/men/63.jpg', 'medium': 'https://randomuser.me/api/portraits/med/men/63.jpg', 'thumbnail': 'https://randomuser.me/api/portraits/thumb/men/63.jpg'}, 'nat': 'NL'}</msg>
<arg>${json_data['results'][0]}</arg>
<doc>Logs the given message with the given level.</doc>
<status status="PASS" start="2024-06-24T12:29:01.679610" elapsed="0.000412"/>
</kw>
<kw name="Log" owner="BuiltIn">
<msg time="2024-06-24T12:29:01.680433" level="INFO">email</msg>
<arg>${key}</arg>
<doc>Logs the given message with the given level.</doc>
<status status="PASS" start="2024-06-24T12:29:01.680309" elapsed="0.000160"/>
</kw>
<var name="${key}">email</var>
<status status="PASS" start="2024-06-24T12:29:01.678896" elapsed="0.001782"/>
</iter>
<iter>
<kw name="Dictionary Should Contain Key" owner="Collections">
<arg>${json_data['results'][0]}</arg>
<arg>${key}</arg>
<doc>Fails if ``key`` is not found from ``dictionary``.</doc>
<status status="PASS" start="2024-06-24T12:29:01.680948" elapsed="0.000375"/>
</kw>
<kw name="Log" owner="BuiltIn">
<msg time="2024-06-24T12:29:01.681845" level="INFO">{'gender': 'male', 'name': {'title': 'Mr', 'first': 'Berry', 'last': 'Hultink'}, 'location': {'street': {'number': 4769, 'name': 'Huigenbos'}, 'city': 'Vlagtwedde', 'state': 'Flevoland', 'country': 'Netherlands', 'postcode': '7224 YC', 'coordinates': {'latitude': '33.1026', 'longitude': '-91.2727'}, 'timezone': {'offset': '+5:45', 'description': 'Kathmandu'}}, 'email': 'berry.hultink@example.com', 'login': {'uuid': '15c7ce26-695f-4195-b088-02eaebf04706', 'username': 'lazyleopard105', 'password': '101010', 'salt': 'yKv9eKv7', 'md5': '619a89785df385dc697e6a069749b989', 'sha1': '49698c988e5e09710dcf2f22667eccf184a1d3dd', 'sha256': '72aa7e71f96cbc9c7683e1b471f36687cd5e222f7bb8b43e030b8800b1b528c2'}, 'dob': {'date': '1952-11-14T17:27:18.201Z', 'age': 71}, 'registered': {'date': '2020-02-18T11:58:00.367Z', 'age': 4}, 'phone': '(0678) 686967', 'cell': '(06) 38264321', 'id': {'name': 'BSN', 'value': '07135678'}, 'picture': {'large': 'https://randomuser.me/api/portraits/men/63.jpg', 'medium': 'https://randomuser.me/api/portraits/med/men/63.jpg', 'thumbnail': 'https://randomuser.me/api/portraits/thumb/men/63.jpg'}, 'nat': 'NL'}</msg>
<arg>${json_data['results'][0]}</arg>
<doc>Logs the given message with the given level.</doc>
<status status="PASS" start="2024-06-24T12:29:01.681504" elapsed="0.000396"/>
</kw>
<kw name="Log" owner="BuiltIn">
<msg time="2024-06-24T12:29:01.682352" level="INFO">login</msg>
<arg>${key}</arg>
<doc>Logs the given message with the given level.</doc>
<status status="PASS" start="2024-06-24T12:29:01.682190" elapsed="0.000199"/>
</kw>
<var name="${key}">login</var>
<status status="PASS" start="2024-06-24T12:29:01.680841" elapsed="0.001761"/>
</iter>
<var>${key}</var>
<value>@{expected_keys}</value>
<status status="PASS" start="2024-06-24T12:29:01.672753" elapsed="0.009969"/>
</for>
<kw name="Create List" owner="BuiltIn">
<msg time="2024-06-24T12:29:01.683044" level="INFO">${expected_keysTwo} = ['username', 'password']</msg>
<var>${expected_keysTwo}</var>
<arg>username</arg>
<arg>password</arg>
<doc>Returns a list containing given items.</doc>
<status status="PASS" start="2024-06-24T12:29:01.682911" elapsed="0.000157"/>
</kw>
<for flavor="IN">
<iter>
<kw name="Dictionary Should Contain Key" owner="Collections">
<arg>${json_data['results'][0]['login']}</arg>
<arg>${keyTwo}</arg>
<doc>Fails if ``key`` is not found from ``dictionary``.</doc>
<status status="PASS" start="2024-06-24T12:29:01.683602" elapsed="0.000381"/>
</kw>
<kw name="Dictionary Should Contain Key" owner="Collections">
<arg>${json_data['results'][0]['login']}</arg>
<arg>${keyTwo}</arg>
<doc>Fails if ``key`` is not found from ``dictionary``.</doc>
<status status="PASS" start="2024-06-24T12:29:01.684174" elapsed="0.000365"/>
</kw>
<kw name="Log" owner="BuiltIn">
<msg time="2024-06-24T12:29:01.684835" level="INFO">username</msg>
<arg>${keyTwo}</arg>
<doc>Logs the given message with the given level.</doc>
<status status="PASS" start="2024-06-24T12:29:01.684716" elapsed="0.000155"/>
</kw>
<var name="${keyTwo}">username</var>
<status status="PASS" start="2024-06-24T12:29:01.683496" elapsed="0.001595"/>
</iter>
<iter>
<kw name="Dictionary Should Contain Key" owner="Collections">
<arg>${json_data['results'][0]['login']}</arg>
<arg>${keyTwo}</arg>
<doc>Fails if ``key`` is not found from ``dictionary``.</doc>
<status status="PASS" start="2024-06-24T12:29:01.685363" elapsed="0.000371"/>
</kw>
<kw name="Dictionary Should Contain Key" owner="Collections">
<arg>${json_data['results'][0]['login']}</arg>
<arg>${keyTwo}</arg>
<doc>Fails if ``key`` is not found from ``dictionary``.</doc>
<status status="PASS" start="2024-06-24T12:29:01.685910" elapsed="0.000412"/>
</kw>
<kw name="Log" owner="BuiltIn">
<msg time="2024-06-24T12:29:01.686616" level="INFO">password</msg>
<arg>${keyTwo}</arg>
<doc>Logs the given message with the given level.</doc>
<status status="PASS" start="2024-06-24T12:29:01.686498" elapsed="0.000154"/>
</kw>
<var name="${keyTwo}">password</var>
<status status="PASS" start="2024-06-24T12:29:01.685258" elapsed="0.001707"/>
</iter>
<var>${keyTwo}</var>
<value>@{expected_keysTwo}</value>
<status status="PASS" start="2024-06-24T12:29:01.683335" elapsed="0.003750"/>
</for>
<status status="PASS" start="2024-06-24T12:29:01.563704" elapsed="0.123524"/>
</kw>
<doc>Testa a estrutura da resposta da API.</doc>
<tag>testeEstruturaResposta</tag>
<status status="PASS" start="2024-06-24T12:29:01.562922" elapsed="0.124467"/>
</test>
<test id="s1-s1-t4" name="Validar tipos de dados" line="28">
<kw name="Teste de Tipos de Dados" owner="random-user-service">
<kw name="GET On Session" owner="RequestsLibrary">
<msg time="2024-06-24T12:29:01.825180" level="INFO">GET Request : url=https://randomuser.me/api 
 path_url=/api 
 headers={'User-Agent': 'python-requests/2.32.3', 'Accept-Encoding': 'gzip, deflate', 'Accept': '*/*', 'Connection': 'keep-alive'} 
 body=None 
 </msg>
<msg time="2024-06-24T12:29:01.825291" level="INFO">GET Response : url=https://randomuser.me/api 
 status=200, reason=OK 
 headers={'Date': 'Mon, 24 Jun 2024 12:29:01 GMT', 'Content-Type': 'application/json; charset=utf-8', 'Transfer-Encoding': 'chunked', 'Connection': 'keep-alive', 'X-Powered-By': 'Express', 'Access-Control-Allow-Origin': '*', 'Cache-Control': 'no-cache', 'ETag': 'W/"49a-cFdb02OUXSzEvaXV7UcK01YSj60"', 'Vary': 'Accept-Encoding', 'Content-Encoding': 'gzip', 'CF-Cache-Status': 'DYNAMIC', 'Report-To': '{"endpoints":[{"url":"https:\\/\\/a.nel.cloudflare.com\\/report\\/v4?s=wdhWh4L8wZHhpj%2FXSg8dv5OF79lQgtItf6mvUl4gY1N2AgVcTMzXNlukVUmxwmukR2FB1%2FcVT1Jfs9klvZXlzOCg4YC7rBTJq%2BdSA5auMUJZ1M1MfN3wZuAtaaoXvENu"}],"group":"cf-nel","max_age":604800}', 'NEL': '{"success_fraction":0,"report_to":"cf-nel","max_age":604800}', 'Server': 'cloudflare', 'CF-RAY': '898cb8959fe207d3-IAD', 'alt-svc': 'h3=":443"; ma=86400'} 
 body={"results":[{"gender":"female","name":{"title":"Ms","first":"Antoinette","last":"Niehof"},"location":{"street":{"number":2420,"name":"Dijkschouwerslaan"},"city":"Uitgeest","state":"Groningen","country":"Netherlands","postcode":"4185 IP","coordinates":{"latitude":"30.9110","longitude":"57.5555"},"timezone":{"offset":"+6:00","description":"Almaty, Dhaka, Colombo"}},"email":"antoinette.niehof@example.com","login":{"uuid":"18bc36d6-d5f0-40d2-a8c5-5f62abe4f5f4","username":"goldenfrog995","password":"school","salt":"u9aaYhlG","md5":"6a152273a35b58b3ea5ddedcf03ce73a","sha1":"d505f2144d1c95f34049bd7924ad34d967d1a223","sha256":"d1ff15b16342dc251c2c410b42293f421bb9881c037218ad209e7ff00b7b7dd1"},"dob":{"date":"1966-03-07T04:41:50.768Z","age":58},"registered":{"date":"2005-12-05T20:49:29.847Z","age":18},"phone":"(079) 2939225","cell":"(06) 59818721","id":{"name":"BSN","value":"32987821"},"picture":{"large":"https://randomuser.me/api/portraits/women/66.jpg","medium":"https://randomuser.me/api/portraits/med/women/66.jpg","thumbnail":"https://randomuser.me/api/portraits/thumb/women/66.jpg"},"nat":"NL"}],"info":{"seed":"70e529f07e5b9230","results":1,"page":1,"version":"1.4"}} 
 </msg>
<msg time="2024-06-24T12:29:01.825369" level="INFO">/opt/hostedtoolcache/Python/3.12.4/x64/lib/python3.12/site-packages/urllib3/connectionpool.py:1099: InsecureRequestWarning: Unverified HTTPS request is being made to host 'randomuser.me'. Adding certificate verification is strongly advised. See: https://urllib3.readthedocs.io/en/latest/advanced-usage.html#tls-warnings
  warnings.warn(</msg>
<msg time="2024-06-24T12:29:01.825512" level="INFO">${response} = &lt;Response [200]&gt;</msg>
<var>${response}</var>
<arg>consultarAPI</arg>
<arg>/api</arg>
<doc>Sends a GET request on a previously created HTTP Session.</doc>
<status status="PASS" start="2024-06-24T12:29:01.689986" elapsed="0.135572"/>
</kw>
<kw name="Set Variable" owner="BuiltIn">
<msg time="2024-06-24T12:29:01.826816" level="INFO">${json_data} = {'results': [{'gender': 'female', 'name': {'title': 'Ms', 'first': 'Antoinette', 'last': 'Niehof'}, 'location': {'street': {'number': 2420, 'name': 'Dijkschouwerslaan'}, 'city': 'Uitgeest', 'state': '...</msg>
<var>${json_data}</var>
<arg>${response.json()}</arg>
<doc>Returns the given values which can then be assigned to a variables.</doc>
<status status="PASS" start="2024-06-24T12:29:01.826235" elapsed="0.000611"/>
</kw>
<kw name="Log" owner="BuiltIn">
<msg time="2024-06-24T12:29:01.827320" level="INFO">{'results': [{'gender': 'female', 'name': {'title': 'Ms', 'first': 'Antoinette', 'last': 'Niehof'}, 'location': {'street': {'number': 2420, 'name': 'Dijkschouwerslaan'}, 'city': 'Uitgeest', 'state': 'Groningen', 'country': 'Netherlands', 'postcode': '4185 IP', 'coordinates': {'latitude': '30.9110', 'longitude': '57.5555'}, 'timezone': {'offset': '+6:00', 'description': 'Almaty, Dhaka, Colombo'}}, 'email': 'antoinette.niehof@example.com', 'login': {'uuid': '18bc36d6-d5f0-40d2-a8c5-5f62abe4f5f4', 'username': 'goldenfrog995', 'password': 'school', 'salt': 'u9aaYhlG', 'md5': '6a152273a35b58b3ea5ddedcf03ce73a', 'sha1': 'd505f2144d1c95f34049bd7924ad34d967d1a223', 'sha256': 'd1ff15b16342dc251c2c410b42293f421bb9881c037218ad209e7ff00b7b7dd1'}, 'dob': {'date': '1966-03-07T04:41:50.768Z', 'age': 58}, 'registered': {'date': '2005-12-05T20:49:29.847Z', 'age': 18}, 'phone': '(079) 2939225', 'cell': '(06) 59818721', 'id': {'name': 'BSN', 'value': '32987821'}, 'picture': {'large': 'https://randomuser.me/api/portraits/women/66.jpg', 'medium': 'https://randomuser.me/api/portraits/med/women/66.jpg', 'thumbnail': 'https://randomuser.me/api/portraits/thumb/women/66.jpg'}, 'nat': 'NL'}], 'info': {'seed': '70e529f07e5b9230', 'results': 1, 'page': 1, 'version': '1.4'}}</msg>
<arg>${json_data}</arg>
<doc>Logs the given message with the given level.</doc>
<status status="PASS" start="2024-06-24T12:29:01.827165" elapsed="0.000204"/>
</kw>
<kw name="Should Be String" owner="String">
<arg>${json_data['results'][0]['gender']}</arg>
<doc>Fails if the given ``item`` is not a string.</doc>
<status status="PASS" start="2024-06-24T12:29:01.827654" elapsed="0.000368"/>
</kw>
<kw name="Should Match Regexp" owner="BuiltIn">
<arg>${json_data['results'][0]['email']}</arg>
<arg>^[a-zA-Z0-9._%+-]+@[a-zA-Z0-9.-]+\.[a-zA-Z]{2,}$</arg>
<doc>Fails if ``string`` does not match ``pattern`` as a regular expression.</doc>
<status status="PASS" start="2024-06-24T12:29:01.828206" elapsed="0.000515"/>
</kw>
<kw name="Should Match Regexp" owner="BuiltIn">
<arg>${json_data['results'][0]['dob']['date']}</arg>
<arg>\\d{4}-\\d{2}-\\d{2}T\\d{2}:\\d{2}:\\d{2}\\.\\d{3}Z</arg>
<doc>Fails if ``string`` does not match ``pattern`` as a regular expression.</doc>
<status status="PASS" start="2024-06-24T12:29:01.828949" elapsed="0.000484"/>
</kw>
<kw name="Should Match Regexp" owner="BuiltIn">
<arg>${json_data['results'][0]['registered']['date']}</arg>
<arg>\\d{4}-\\d{2}-\\d{2}T\\d{2}:\\d{2}:\\d{2}\\.\\d{3}Z</arg>
<doc>Fails if ``string`` does not match ``pattern`` as a regular expression.</doc>
<status status="PASS" start="2024-06-24T12:29:01.829619" elapsed="0.000359"/>
</kw>
<kw name="Should Match Regexp" owner="BuiltIn">
<arg>${json_data['results'][0]['picture']['large']}</arg>
<arg>^https?://.*\.(?:png|jpe?g|gif|bmp)$</arg>
<doc>Fails if ``string`` does not match ``pattern`` as a regular expression.</doc>
<status status="PASS" start="2024-06-24T12:29:01.830158" elapsed="0.000489"/>
</kw>
<kw name="Should Match Regexp" owner="BuiltIn">
<arg>${json_data['results'][0]['picture']['medium']}</arg>
<arg>^https?://.*\.(?:png|jpe?g|gif|bmp)$</arg>
<doc>Fails if ``string`` does not match ``pattern`` as a regular expression.</doc>
<status status="PASS" start="2024-06-24T12:29:01.830833" elapsed="0.000355"/>
</kw>
<kw name="Should Match Regexp" owner="BuiltIn">
<arg>${json_data['results'][0]['picture']['thumbnail']}</arg>
<arg>^https?://.*\.(?:png|jpe?g|gif|bmp)$</arg>
<doc>Fails if ``string`` does not match ``pattern`` as a regular expression.</doc>
<status status="PASS" start="2024-06-24T12:29:01.831375" elapsed="0.000342"/>
</kw>
<kw name="Log" owner="BuiltIn">
<msg time="2024-06-24T12:29:01.832211" level="INFO">{'large': 'https://randomuser.me/api/portraits/women/66.jpg', 'medium': 'https://randomuser.me/api/portraits/med/women/66.jpg', 'thumbnail': 'https://randomuser.me/api/portraits/thumb/women/66.jpg'}</msg>
<arg>${json_data['results'][0]['picture']}</arg>
<doc>Logs the given message with the given level.</doc>
<status status="PASS" start="2024-06-24T12:29:01.831893" elapsed="0.000359"/>
</kw>
<status status="PASS" start="2024-06-24T12:29:01.689747" elapsed="0.142762"/>
</kw>
<kw name="Teste de Tipos de Dados - Postcode" owner="random-user-service">
<kw name="GET On Session" owner="RequestsLibrary">
<msg time="2024-06-24T12:29:01.899484" level="INFO">GET Request : url=https://randomuser.me/api 
 path_url=/api 
 headers={'User-Agent': 'python-requests/2.32.3', 'Accept-Encoding': 'gzip, deflate', 'Accept': '*/*', 'Connection': 'keep-alive'} 
 body=None 
 </msg>
<msg time="2024-06-24T12:29:01.899583" level="INFO">GET Response : url=https://randomuser.me/api 
 status=200, reason=OK 
 headers={'Date': 'Mon, 24 Jun 2024 12:29:01 GMT', 'Content-Type': 'application/json; charset=utf-8', 'Transfer-Encoding': 'chunked', 'Connection': 'keep-alive', 'X-Powered-By': 'Express', 'Access-Control-Allow-Origin': '*', 'Cache-Control': 'no-cache', 'ETag': 'W/"4aa-dGNSVjZ38Y9mibonmX+T6MZCBWU"', 'Vary': 'Accept-Encoding', 'Content-Encoding': 'gzip', 'CF-Cache-Status': 'DYNAMIC', 'Report-To': '{"endpoints":[{"url":"https:\\/\\/a.nel.cloudflare.com\\/report\\/v4?s=I6W2%2BFTxxBiBweCjbQAFSCuRbq8FsajEK2aXV7iSwxNN0lRTQT6kpWsh6pU3f74XSN7EOKQeLsNfrAFWZaZoW5NUbOnQQK2gMJcxk3PSxuPmH3ZtNnCErYi%2FBSoEml5u"}],"group":"cf-nel","max_age":604800}', 'NEL': '{"success_fraction":0,"report_to":"cf-nel","max_age":604800}', 'Server': 'cloudflare', 'CF-RAY': '898cb89678ed07d3-IAD', 'alt-svc': 'h3=":443"; ma=86400'} 
 body={"results":[{"gender":"female","name":{"title":"Miss","first":"Sara","last":"Dupont"},"location":{"street":{"number":3335,"name":"Grande Rue"},"city":"Aubervilliers","state":"Deux-Sèvres","country":"France","postcode":79436,"coordinates":{"latitude":"-21.3532","longitude":"127.2685"},"timezone":{"offset":"+8:00","description":"Beijing, Perth, Singapore, Hong Kong"}},"email":"sara.dupont@example.com","login":{"uuid":"e32d5213-c69f-4699-83eb-1524321129af","username":"sadbutterfly386","password":"uncencored","salt":"xK0BLLWp","md5":"62994b8e0342c22fc13ff7f8f0332b6d","sha1":"a67d41461e728464511fe5798e6c6fe2c5166234","sha256":"074fa67084d846e916efdc52d20d16ec1fbd5edaaa00dc89dcf09317b2c266d7"},"dob":{"date":"1954-05-05T07:40:03.895Z","age":70},"registered":{"date":"2007-08-12T22:38:55.660Z","age":16},"phone":"01-11-15-69-55","cell":"06-68-41-86-98","id":{"name":"INSEE","value":"2540411229733 88"},"picture":{"large":"https://randomuser.me/api/portraits/women/18.jpg","medium":"https://randomuser.me/api/portraits/med/women/18.jpg","thumbnail":"https://randomuser.me/api/portraits/thumb/women/18.jpg"},"nat":"FR"}],"info":{"seed":"e2c9eebc9b98a051","results":1,"page":1,"version":"1.4"}} 
 </msg>
<msg time="2024-06-24T12:29:01.899651" level="INFO">/opt/hostedtoolcache/Python/3.12.4/x64/lib/python3.12/site-packages/urllib3/connectionpool.py:1099: InsecureRequestWarning: Unverified HTTPS request is being made to host 'randomuser.me'. Adding certificate verification is strongly advised. See: https://urllib3.readthedocs.io/en/latest/advanced-usage.html#tls-warnings
  warnings.warn(</msg>
<msg time="2024-06-24T12:29:01.899778" level="INFO">${response} = &lt;Response [200]&gt;</msg>
<var>${response}</var>
<arg>consultarAPI</arg>
<arg>/api</arg>
<doc>Sends a GET request on a previously created HTTP Session.</doc>
<status status="PASS" start="2024-06-24T12:29:01.832963" elapsed="0.066857"/>
</kw>
<kw name="Set Variable" owner="BuiltIn">
<msg time="2024-06-24T12:29:01.901076" level="INFO">${json_data} = {'results': [{'gender': 'female', 'name': {'title': 'Miss', 'first': 'Sara', 'last': 'Dupont'}, 'location': {'street': {'number': 3335, 'name': 'Grande Rue'}, 'city': 'Aubervilliers', 'state': 'Deux-S...</msg>
<var>${json_data}</var>
<arg>${response.json()}</arg>
<doc>Returns the given values which can then be assigned to a variables.</doc>
<status status="PASS" start="2024-06-24T12:29:01.900491" elapsed="0.000613"/>
</kw>
<kw name="Log" owner="BuiltIn">
<msg time="2024-06-24T12:29:01.901604" level="INFO">{'results': [{'gender': 'female', 'name': {'title': 'Miss', 'first': 'Sara', 'last': 'Dupont'}, 'location': {'street': {'number': 3335, 'name': 'Grande Rue'}, 'city': 'Aubervilliers', 'state': 'Deux-Sèvres', 'country': 'France', 'postcode': 79436, 'coordinates': {'latitude': '-21.3532', 'longitude': '127.2685'}, 'timezone': {'offset': '+8:00', 'description': 'Beijing, Perth, Singapore, Hong Kong'}}, 'email': 'sara.dupont@example.com', 'login': {'uuid': 'e32d5213-c69f-4699-83eb-1524321129af', 'username': 'sadbutterfly386', 'password': 'uncencored', 'salt': 'xK0BLLWp', 'md5': '62994b8e0342c22fc13ff7f8f0332b6d', 'sha1': 'a67d41461e728464511fe5798e6c6fe2c5166234', 'sha256': '074fa67084d846e916efdc52d20d16ec1fbd5edaaa00dc89dcf09317b2c266d7'}, 'dob': {'date': '1954-05-05T07:40:03.895Z', 'age': 70}, 'registered': {'date': '2007-08-12T22:38:55.660Z', 'age': 16}, 'phone': '01-11-15-69-55', 'cell': '06-68-41-86-98', 'id': {'name': 'INSEE', 'value': '2540411229733 88'}, 'picture': {'large': 'https://randomuser.me/api/portraits/women/18.jpg', 'medium': 'https://randomuser.me/api/portraits/med/women/18.jpg', 'thumbnail': 'https://randomuser.me/api/portraits/thumb/women/18.jpg'}, 'nat': 'FR'}], 'info': {'seed': 'e2c9eebc9b98a051', 'results': 1, 'page': 1, 'version': '1.4'}}</msg>
<arg>${json_data}</arg>
<doc>Logs the given message with the given level.</doc>
<status status="PASS" start="2024-06-24T12:29:01.901439" elapsed="0.000214"/>
</kw>
<kw name="Should Be Equal As Numbers" owner="BuiltIn">
<arg>${json_data['results'][0]['location']['postcode']}</arg>
<arg>${json_data['results'][0]['location']['postcode']}</arg>
<doc>Fails if objects are unequal after converting them to real numbers.</doc>
<status status="PASS" start="2024-06-24T12:29:01.901952" elapsed="0.000686"/>
</kw>
<kw name="Log" owner="BuiltIn">
<msg time="2024-06-24T12:29:01.903345" level="INFO">79436</msg>
<arg>${json_data['results'][0]['location']['postcode']}</arg>
<doc>Logs the given message with the given level.</doc>
<status status="PASS" start="2024-06-24T12:29:01.902828" elapsed="0.000560"/>
</kw>
<status status="PASS" start="2024-06-24T12:29:01.832737" elapsed="0.070945"/>
</kw>
<doc>Testa se os tipos de dados na resposta da API estão corretos.</doc>
<tag>testeTiposDados</tag>
<status status="PASS" start="2024-06-24T12:29:01.689161" elapsed="0.214686"/>
</test>
<test id="s1-s1-t5" name="Validar conteudo" line="35">
<kw name="Teste de Tipos de Conteudo" owner="random-user-service">
<kw name="GET On Session" owner="RequestsLibrary">
<msg time="2024-06-24T12:29:01.979910" level="INFO">GET Request : url=https://randomuser.me/api 
 path_url=/api 
 headers={'User-Agent': 'python-requests/2.32.3', 'Accept-Encoding': 'gzip, deflate', 'Accept': '*/*', 'Connection': 'keep-alive'} 
 body=None 
 </msg>
<msg time="2024-06-24T12:29:01.980011" level="INFO">GET Response : url=https://randomuser.me/api 
 status=200, reason=OK 
 headers={'Date': 'Mon, 24 Jun 2024 12:29:01 GMT', 'Content-Type': 'application/json; charset=utf-8', 'Transfer-Encoding': 'chunked', 'Connection': 'keep-alive', 'X-Powered-By': 'Express', 'Access-Control-Allow-Origin': '*', 'Cache-Control': 'no-cache', 'ETag': 'W/"49a-HNcWL98d3jdKs5kF23FsZNpoAvw"', 'Vary': 'Accept-Encoding', 'Content-Encoding': 'gzip', 'CF-Cache-Status': 'DYNAMIC', 'Report-To': '{"endpoints":[{"url":"https:\\/\\/a.nel.cloudflare.com\\/report\\/v4?s=NDqXIksd0tc53oJS7e7YWSWOykjQYAB2yRIUq%2BXPom9LzyJu50MXt2gc6q8oAG4M8YmQJvKvBx%2BEal0cEqAJRdxsMJRmZfDprQ%2FTnDyNS2%2BZzDbB84gfAduqS7jyLR2s"}],"group":"cf-nel","max_age":604800}', 'NEL': '{"success_fraction":0,"report_to":"cf-nel","max_age":604800}', 'Server': 'cloudflare', 'CF-RAY': '898cb896e96c07d3-IAD', 'alt-svc': 'h3=":443"; ma=86400'} 
 body={"results":[{"gender":"female","name":{"title":"Mrs","first":"Naomi","last":"David"},"location":{"street":{"number":4980,"name":"Boulevard de Balmont"},"city":"Avignon","state":"Alpes-de-Haute-Provence","country":"France","postcode":96083,"coordinates":{"latitude":"-14.0701","longitude":"146.3022"},"timezone":{"offset":"-2:00","description":"Mid-Atlantic"}},"email":"naomi.david@example.com","login":{"uuid":"d3867220-f10a-42bc-8c32-60dd57b179cc","username":"blackgorilla107","password":"carlo","salt":"fdPjSVVU","md5":"cb74273b0f8d6122d43b012654a66a0b","sha1":"f6e58a0a23ace5eddb5e8e968717109df5d5c584","sha256":"42b14cbc5b2cdad697afdbd590710f87c9e3a6875bdcf1b4694a95d034cdf257"},"dob":{"date":"1991-11-02T15:51:42.584Z","age":32},"registered":{"date":"2018-08-14T02:10:21.520Z","age":5},"phone":"03-70-45-77-29","cell":"06-36-11-64-11","id":{"name":"INSEE","value":"2911074991745 85"},"picture":{"large":"https://randomuser.me/api/portraits/women/36.jpg","medium":"https://randomuser.me/api/portraits/med/women/36.jpg","thumbnail":"https://randomuser.me/api/portraits/thumb/women/36.jpg"},"nat":"FR"}],"info":{"seed":"cc14ac77fd1a1d97","results":1,"page":1,"version":"1.4"}} 
 </msg>
<msg time="2024-06-24T12:29:01.980082" level="INFO">/opt/hostedtoolcache/Python/3.12.4/x64/lib/python3.12/site-packages/urllib3/connectionpool.py:1099: InsecureRequestWarning: Unverified HTTPS request is being made to host 'randomuser.me'. Adding certificate verification is strongly advised. See: https://urllib3.readthedocs.io/en/latest/advanced-usage.html#tls-warnings
  warnings.warn(</msg>
<msg time="2024-06-24T12:29:01.980204" level="INFO">${response} = &lt;Response [200]&gt;</msg>
<var>${response}</var>
<arg>consultarAPI</arg>
<arg>/api</arg>
<doc>Sends a GET request on a previously created HTTP Session.</doc>
<status status="PASS" start="2024-06-24T12:29:01.906370" elapsed="0.073872"/>
</kw>
<kw name="Set Variable" owner="BuiltIn">
<msg time="2024-06-24T12:29:01.981440" level="INFO">${json_data} = {'results': [{'gender': 'female', 'name': {'title': 'Mrs', 'first': 'Naomi', 'last': 'David'}, 'location': {'street': {'number': 4980, 'name': 'Boulevard de Balmont'}, 'city': 'Avignon', 'state': 'Alp...</msg>
<var>${json_data}</var>
<arg>${response.json()}</arg>
<doc>Returns the given values which can then be assigned to a variables.</doc>
<status status="PASS" start="2024-06-24T12:29:01.980865" elapsed="0.000604"/>
</kw>
<kw name="Set Variable" owner="BuiltIn">
<msg time="2024-06-24T12:29:01.982148" level="INFO">${name_title} = Mrs</msg>
<var>${name_title}</var>
<arg>${json_data["results"][0]["name"]["title"]}</arg>
<doc>Returns the given values which can then be assigned to a variables.</doc>
<status status="PASS" start="2024-06-24T12:29:01.981770" elapsed="0.000403"/>
</kw>
<kw name="Create List" owner="BuiltIn">
<msg time="2024-06-24T12:29:01.982659" level="INFO">${allowed_titles} = ['Mr', 'Ms', 'Miss', 'Mrs', 'Madame', 'Monsieur']</msg>
<var>${allowed_titles}</var>
<arg>Mr</arg>
<arg>Ms</arg>
<arg>Miss</arg>
<arg>Mrs</arg>
<arg>Madame</arg>
<arg>Monsieur</arg>
<doc>Returns a list containing given items.</doc>
<status status="PASS" start="2024-06-24T12:29:01.982512" elapsed="0.000171"/>
</kw>
<kw name="List Should Contain Value" owner="Collections">
<arg>${allowed_titles}</arg>
<arg>${name_title}</arg>
<doc>Fails if the ``value`` is not found from ``list``.</doc>
<status status="PASS" start="2024-06-24T12:29:01.982993" elapsed="0.000177"/>
</kw>
<kw name="Set Variable" owner="BuiltIn">
<msg time="2024-06-24T12:29:01.983717" level="INFO">${name_country} = FR</msg>
<var>${name_country}</var>
<arg>${json_data["results"][0]["nat"]}</arg>
<doc>Returns the given values which can then be assigned to a variables.</doc>
<status status="PASS" start="2024-06-24T12:29:01.983350" elapsed="0.000392"/>
</kw>
<kw name="Create List" owner="BuiltIn">
<msg time="2024-06-24T12:29:01.984638" level="INFO">${list_country} = ['AD', 'AE', 'AF', 'AG', 'AI', 'AL', 'AM', 'AO', 'AQ', 'AR', 'AS', 'AT', 'AU', 'AW', 'AX', 'AZ', 'BA', 'BB', 'BD', 'BE', 'BF', 'BG', 'BH', 'BI', 'BJ', 'BL', 'BM', 'BN', 'BO', 'BQ', 'BR', 'BS', 'BT', '...</msg>
<var>${list_country}</var>
<arg>AD</arg>
<arg>AE</arg>
<arg>AF</arg>
<arg>AG</arg>
<arg>AI</arg>
<arg>AL</arg>
<arg>AM</arg>
<arg>AO</arg>
<arg>AQ</arg>
<arg>AR</arg>
<arg>AS</arg>
<arg>AT</arg>
<arg>AU</arg>
<arg>AW</arg>
<arg>AX</arg>
<arg>AZ</arg>
<arg>BA</arg>
<arg>BB</arg>
<arg>BD</arg>
<arg>BE</arg>
<arg>BF</arg>
<arg>BG</arg>
<arg>BH</arg>
<arg>BI</arg>
<arg>BJ</arg>
<arg>BL</arg>
<arg>BM</arg>
<arg>BN</arg>
<arg>BO</arg>
<arg>BQ</arg>
<arg>BR</arg>
<arg>BS</arg>
<arg>BT</arg>
<arg>BV</arg>
<arg>BW</arg>
<arg>BY</arg>
<arg>BZ</arg>
<arg>CA</arg>
<arg>CC</arg>
<arg>CD</arg>
<arg>CF</arg>
<arg>CG</arg>
<arg>CH</arg>
<arg>CI</arg>
<arg>CK</arg>
<arg>CL</arg>
<arg>CM</arg>
<arg>CN</arg>
<arg>CO</arg>
<arg>CR</arg>
<arg>CU</arg>
<arg>CV</arg>
<arg>CW</arg>
<arg>CX</arg>
<arg>CY</arg>
<arg>CZ</arg>
<arg>DE</arg>
<arg>DJ</arg>
<arg>DK</arg>
<arg>DM</arg>
<arg>DO</arg>
<arg>DZ</arg>
<arg>EC</arg>
<arg>EE</arg>
<arg>EG</arg>
<arg>EH</arg>
<arg>ER</arg>
<arg>ES</arg>
<arg>ET</arg>
<arg>FI</arg>
<arg>FJ</arg>
<arg>FK</arg>
<arg>FM</arg>
<arg>FO</arg>
<arg>FR</arg>
<arg>GA</arg>
<arg>GB</arg>
<arg>GD</arg>
<arg>GE</arg>
<arg>GF</arg>
<arg>GG</arg>
<arg>GH</arg>
<arg>GI</arg>
<arg>GL</arg>
<arg>GM</arg>
<arg>GN</arg>
<arg>GP</arg>
<arg>GQ</arg>
<arg>GR</arg>
<arg>GS</arg>
<arg>GT</arg>
<arg>GU</arg>
<arg>GW</arg>
<arg>GY</arg>
<arg>HK</arg>
<arg>HM</arg>
<arg>HN</arg>
<arg>HR</arg>
<arg>HT</arg>
<arg>HU</arg>
<arg>ID</arg>
<arg>IE</arg>
<arg>IL</arg>
<arg>IM</arg>
<arg>IN</arg>
<arg>IO</arg>
<arg>IQ</arg>
<arg>IR</arg>
<arg>IS</arg>
<arg>IT</arg>
<arg>JE</arg>
<arg>JM</arg>
<arg>JO</arg>
<arg>JP</arg>
<arg>KE</arg>
<arg>KG</arg>
<arg>KH</arg>
<arg>KI</arg>
<arg>KM</arg>
<arg>KN</arg>
<arg>KP</arg>
<arg>KR</arg>
<arg>KW</arg>
<arg>KY</arg>
<arg>KZ</arg>
<arg>LA</arg>
<arg>LB</arg>
<arg>LC</arg>
<arg>LI</arg>
<arg>LK</arg>
<arg>LR</arg>
<arg>LS</arg>
<arg>LT</arg>
<arg>LU</arg>
<arg>LV</arg>
<arg>LY</arg>
<arg>MA</arg>
<arg>MC</arg>
<arg>MD</arg>
<arg>ME</arg>
<arg>MF</arg>
<arg>MG</arg>
<arg>MH</arg>
<arg>MK</arg>
<arg>ML</arg>
<arg>MM</arg>
<arg>MN</arg>
<arg>MO</arg>
<arg>MP</arg>
<arg>MQ</arg>
<arg>MR</arg>
<arg>MS</arg>
<arg>MT</arg>
<arg>MU</arg>
<arg>MV</arg>
<arg>MW</arg>
<arg>MX</arg>
<arg>MY</arg>
<arg>MZ</arg>
<arg>NA</arg>
<arg>NC</arg>
<arg>NE</arg>
<arg>NF</arg>
<arg>NG</arg>
<arg>NI</arg>
<arg>NL</arg>
<arg>NO</arg>
<arg>NP</arg>
<arg>NR</arg>
<arg>NU</arg>
<arg>NZ</arg>
<arg>OM</arg>
<arg>PA</arg>
<arg>PE</arg>
<arg>PF</arg>
<arg>PG</arg>
<arg>PH</arg>
<arg>PK</arg>
<arg>PL</arg>
<arg>PM</arg>
<arg>PN</arg>
<arg>PR</arg>
<arg>PS</arg>
<arg>PT</arg>
<arg>PW</arg>
<arg>PY</arg>
<arg>QA</arg>
<arg>RE</arg>
<arg>RO</arg>
<arg>RS</arg>
<arg>RU</arg>
<arg>RW</arg>
<arg>SA</arg>
<arg>SB</arg>
<arg>SC</arg>
<arg>SD</arg>
<arg>SE</arg>
<arg>SG</arg>
<arg>SH</arg>
<arg>SI</arg>
<arg>SJ</arg>
<arg>SK</arg>
<arg>SL</arg>
<arg>SM</arg>
<arg>SN</arg>
<arg>SO</arg>
<arg>SR</arg>
<arg>SS</arg>
<arg>ST</arg>
<arg>SV</arg>
<arg>SX</arg>
<arg>SY</arg>
<arg>SZ</arg>
<arg>TC</arg>
<arg>TD</arg>
<arg>TF</arg>
<arg>TG</arg>
<arg>TH</arg>
<arg>TJ</arg>
<arg>TK</arg>
<arg>TL</arg>
<arg>TM</arg>
<arg>TN</arg>
<arg>TO</arg>
<arg>TR</arg>
<arg>TT</arg>
<arg>TV</arg>
<arg>TW</arg>
<arg>TZ</arg>
<arg>UA</arg>
<arg>UG</arg>
<arg>UM</arg>
<arg>US</arg>
<arg>UY</arg>
<arg>UZ</arg>
<arg>VA</arg>
<arg>VC</arg>
<arg>VE</arg>
<arg>VG</arg>
<arg>VI</arg>
<arg>VN</arg>
<arg>VU</arg>
<arg>WF</arg>
<arg>WS</arg>
<arg>XK</arg>
<arg>YE</arg>
<arg>YT</arg>
<arg>ZA</arg>
<arg>ZM</arg>
<arg>ZW</arg>
<doc>Returns a list containing given items.</doc>
<status status="PASS" start="2024-06-24T12:29:01.984028" elapsed="0.000635"/>
</kw>
<kw name="List Should Contain Value" owner="Collections">
<arg>${list_country}</arg>
<arg>${name_country}</arg>
<doc>Fails if the ``value`` is not found from ``list``.</doc>
<status status="PASS" start="2024-06-24T12:29:01.985453" elapsed="0.000202"/>
</kw>
<kw name="Run Keyword If" owner="BuiltIn">
<kw name="Should Be True" owner="BuiltIn">
<arg>${True}</arg>
<doc>Fails if the given condition is not true.</doc>
<status status="PASS" start="2024-06-24T12:29:01.986642" elapsed="0.000141"/>
</kw>
<arg>${json_data["results"][0]["location"]["coordinates"]["latitude"]} &gt;= -90 and ${json_data["results"][0]["location"]["coordinates"]["latitude"]} &lt;= 90</arg>
<arg>Should Be True</arg>
<arg>${True}</arg>
<doc>Runs the given keyword with the given arguments, if ``condition`` is true.</doc>
<status status="PASS" start="2024-06-24T12:29:01.985857" elapsed="0.001049"/>
</kw>
<kw name="Run Keyword If" owner="BuiltIn">
<kw name="Should Be True" owner="BuiltIn">
<arg>${True}</arg>
<doc>Fails if the given condition is not true.</doc>
<status status="PASS" start="2024-06-24T12:29:01.987778" elapsed="0.000242"/>
</kw>
<arg>${json_data["results"][0]["location"]["coordinates"]["longitude"]} &gt;= -180 and ${json_data["results"][0]["location"]["coordinates"]["longitude"]} &lt;= 180</arg>
<arg>Should Be True</arg>
<arg>${True}</arg>
<doc>Runs the given keyword with the given arguments, if ``condition`` is true.</doc>
<status status="PASS" start="2024-06-24T12:29:01.987084" elapsed="0.001063"/>
</kw>
<status status="PASS" start="2024-06-24T12:29:01.906117" elapsed="0.082165"/>
</kw>
<doc>Testa o conteúdo específico dos campos retornados pela API.</doc>
<tag>testeConteudo</tag>
<status status="PASS" start="2024-06-24T12:29:01.905577" elapsed="0.082859"/>
</test>
<status status="PASS" start="2024-06-24T12:29:01.010825" elapsed="0.979631"/>
</suite>
<status status="PASS" start="2024-06-24T12:29:00.994799" elapsed="1.000828"/>
</suite>
<statistics>
<total>
<stat pass="5" fail="0" skip="0">All Tests</stat>
</total>
<tag>
<stat pass="1" fail="0" skip="0">testeConteudo</stat>
<stat pass="1" fail="0" skip="0">testeEstruturaResposta</stat>
<stat pass="1" fail="0" skip="0">testeRequisicaoBasica</stat>
<stat pass="1" fail="0" skip="0">testeTiposDados</stat>
</tag>
<suite>
<stat pass="5" fail="0" skip="0" id="s1" name="Tests">Tests</stat>
<stat pass="5" fail="0" skip="0" id="s1-s1" name="Random-User-Test">Tests.Random-User-Test</stat>
</suite>
</statistics>
<errors>
</errors>
</robot>
