<?xml version="1.0" encoding="UTF-8"?>
<robot generator="Robot 7.0.1 (Python 3.12.4 on linux)" generated="2024-08-01T09:15:11.801324" rpa="false" schemaversion="5">
<suite id="s1" name="Tests" source="/home/runner/work/ApiRandomUser/ApiRandomUser/RamdonUser/tests">
<suite id="s1-s1" name="Random-User-Test" source="/home/runner/work/ApiRandomUser/ApiRandomUser/RamdonUser/tests/random-user-test.robot">
<test id="s1-s1-t1" name="Conectar" line="13">
<kw name="Conectar API" owner="random-user-service">
<kw name="Create Session" owner="RequestsLibrary">
<msg time="2024-08-01T09:15:12.195183" level="INFO">Creating Session using : alias=consultarAPI, url=https://randomuser.me/, headers={},                     cookies={}, auth=None, timeout=None, proxies=None, verify=False,                     debug=0 </msg>
<arg>consultarAPI</arg>
<arg>${URL}</arg>
<doc>Create Session: create a HTTP session to a server</doc>
<status status="PASS" start="2024-08-01T09:15:12.194976" elapsed="0.000387"/>
</kw>
<status status="PASS" start="2024-08-01T09:15:12.193912" elapsed="0.001812"/>
</kw>
<status status="PASS" start="2024-08-01T09:15:12.193373" elapsed="0.002549"/>
</test>
<test id="s1-s1-t2" name="Validar retorno 200 e JSON Válido" line="16">
<kw name="Teste de Requisicao Basica" owner="random-user-service">
<kw name="GET On Session" owner="RequestsLibrary">
<msg time="2024-08-01T09:15:12.389819" level="INFO">GET Request : url=https://randomuser.me/api 
 path_url=/api 
 headers={'User-Agent': 'python-requests/2.32.3', 'Accept-Encoding': 'gzip, deflate', 'Accept': '*/*', 'Connection': 'keep-alive'} 
 body=None 
 </msg>
<msg time="2024-08-01T09:15:12.389962" level="INFO">GET Response : url=https://randomuser.me/api 
 status=200, reason=OK 
 headers={'Date': 'Thu, 01 Aug 2024 09:15:12 GMT', 'Content-Type': 'application/json; charset=utf-8', 'Transfer-Encoding': 'chunked', 'Connection': 'keep-alive', 'X-Powered-By': 'Express', 'Access-Control-Allow-Origin': '*', 'Cache-Control': 'no-cache', 'ETag': 'W/"4a5-1H11ISXMha+WMbzXb3Rpq3Z3i/4"', 'Vary': 'Accept-Encoding', 'Content-Encoding': 'gzip', 'CF-Cache-Status': 'DYNAMIC', 'Report-To': '{"endpoints":[{"url":"https:\\/\\/a.nel.cloudflare.com\\/report\\/v4?s=lgoo4W5JRA9s3Cj6%2FkwHKzbYsGpjsMbFKJxy%2BFqgw9s5iim8cTOKLkFBhqUB7sRuNoOVFSFD4UEGkYPdZbCB8B97TWbB%2BlTslqbgBW9dBmIys77SGj%2BnvR9HkqYISQy3"}],"group":"cf-nel","max_age":604800}', 'NEL': '{"success_fraction":0,"report_to":"cf-nel","max_age":604800}', 'Server': 'cloudflare', 'CF-RAY': '8ac4b8ea1d3557f1-IAD', 'alt-svc': 'h3=":443"; ma=86400'} 
 body={"results":[{"gender":"male","name":{"title":"Mr","first":"Damir","last":"Stojković"},"location":{"street":{"number":118,"name":"Žikice Jovanovića-Španca"},"city":"Kanjiža","state":"South Bačka","country":"Serbia","postcode":84025,"coordinates":{"latitude":"59.0230","longitude":"-77.1618"},"timezone":{"offset":"+11:00","description":"Magadan, Solomon Islands, New Caledonia"}},"email":"damir.stojkovic@example.com","login":{"uuid":"2cf0f4dd-545a-4521-818f-13582c5836c9","username":"orangezebra156","password":"ballin","salt":"uqxQukgc","md5":"51ebe8456d6b1b2ef17576879b90b1d2","sha1":"3505df1d4c280ebed08c60b3c314b5c896403aad","sha256":"d55b01a9051dafad579cd4aa71725e8e4fa619e20cef7c0d207179aa1bbe0213"},"dob":{"date":"1957-02-11T06:38:30.324Z","age":67},"registered":{"date":"2009-09-24T21:22:52.712Z","age":14},"phone":"017-3523-754","cell":"066-2961-211","id":{"name":"SID","value":"400958689"},"picture":{"large":"https://randomuser.me/api/portraits/men/53.jpg","medium":"https://randomuser.me/api/portraits/med/men/53.jpg","thumbnail":"https://randomuser.me/api/portraits/thumb/men/53.jpg"},"nat":"RS"}],"info":{"seed":"3ff42bc1b435845e","results":1,"page":1,"version":"1.4"}} 
 </msg>
<msg time="2024-08-01T09:15:12.390043" level="INFO">/opt/hostedtoolcache/Python/3.12.4/x64/lib/python3.12/site-packages/urllib3/connectionpool.py:1099: InsecureRequestWarning: Unverified HTTPS request is being made to host 'randomuser.me'. Adding certificate verification is strongly advised. See: https://urllib3.readthedocs.io/en/latest/advanced-usage.html#tls-warnings
  warnings.warn(</msg>
<msg time="2024-08-01T09:15:12.390199" level="INFO">${response} = &lt;Response [200]&gt;</msg>
<var>${response}</var>
<arg>consultarAPI</arg>
<arg>/api</arg>
<doc>Sends a GET request on a previously created HTTP Session.</doc>
<status status="PASS" start="2024-08-01T09:15:12.198508" elapsed="0.191737"/>
</kw>
<kw name="Should Be Equal As Numbers" owner="BuiltIn">
<msg time="2024-08-01T09:15:12.391214" level="INFO">Argument types are:
&lt;class 'int'&gt;
&lt;class 'str'&gt;</msg>
<arg>${response.status_code}</arg>
<arg>200</arg>
<doc>Fails if objects are unequal after converting them to real numbers.</doc>
<status status="PASS" start="2024-08-01T09:15:12.390749" elapsed="0.000530"/>
</kw>
<kw name="Log" owner="BuiltIn">
<msg time="2024-08-01T09:15:12.391957" level="INFO">200</msg>
<arg>${response.status_code}</arg>
<doc>Logs the given message with the given level.</doc>
<status status="PASS" start="2024-08-01T09:15:12.391602" elapsed="0.000398"/>
</kw>
<kw name="Set Variable" owner="BuiltIn">
<msg time="2024-08-01T09:15:12.392754" level="INFO">${json_data} = {'results': [{'gender': 'male', 'name': {'title': 'Mr', 'first': 'Damir', 'last': 'Stojković'}, 'location': {'street': {'number': 118, 'name': 'Žikice Jovanovića-Španca'}, 'city': 'Kanjiža', 'state': ...</msg>
<var>${json_data}</var>
<arg>${response.json()}</arg>
<doc>Returns the given values which can then be assigned to a variables.</doc>
<status status="PASS" start="2024-08-01T09:15:12.392303" elapsed="0.000481"/>
</kw>
<kw name="Dictionary Should Contain Key" owner="Collections">
<arg>${json_data}</arg>
<arg>results</arg>
<doc>Fails if ``key`` is not found from ``dictionary``.</doc>
<status status="PASS" start="2024-08-01T09:15:12.393092" elapsed="0.000319"/>
</kw>
<status status="PASS" start="2024-08-01T09:15:12.198266" elapsed="0.195302"/>
</kw>
<doc>Testa se a API responde corretamente e retorna um objeto JSON válido.</doc>
<tag>testeRequisicaoBasica</tag>
<status status="PASS" start="2024-08-01T09:15:12.197786" elapsed="0.195960"/>
</test>
<test id="s1-s1-t3" name="Validar estrutura de resposta" line="22">
<kw name="Teste de Estrutura de Resposta" owner="random-user-service">
<kw name="GET On Session" owner="RequestsLibrary">
<msg time="2024-08-01T09:15:12.492713" level="INFO">GET Request : url=https://randomuser.me/api 
 path_url=/api 
 headers={'User-Agent': 'python-requests/2.32.3', 'Accept-Encoding': 'gzip, deflate', 'Accept': '*/*', 'Connection': 'keep-alive'} 
 body=None 
 </msg>
<msg time="2024-08-01T09:15:12.492800" level="INFO">GET Response : url=https://randomuser.me/api 
 status=200, reason=OK 
 headers={'Date': 'Thu, 01 Aug 2024 09:15:12 GMT', 'Content-Type': 'application/json; charset=utf-8', 'Transfer-Encoding': 'chunked', 'Connection': 'keep-alive', 'X-Powered-By': 'Express', 'Access-Control-Allow-Origin': '*', 'Cache-Control': 'no-cache', 'ETag': 'W/"473-ZrsOLgXlT0ITpnkMbj7VQVGpgSY"', 'Vary': 'Accept-Encoding', 'Content-Encoding': 'gzip', 'CF-Cache-Status': 'DYNAMIC', 'Report-To': '{"endpoints":[{"url":"https:\\/\\/a.nel.cloudflare.com\\/report\\/v4?s=K7hLfdzxraoLM6Qx6pskNvw0s3FNs7WdxZCN1RQLtRjuoAiTiV9UoMRsHPDYqMXwl0LxX%2FwYpSP0l0P%2ByZ9gYK9rBYwTffWY8gCQL6nk78kylCVz4Y9BRapkZsbBYPZv"}],"group":"cf-nel","max_age":604800}', 'NEL': '{"success_fraction":0,"report_to":"cf-nel","max_age":604800}', 'Server': 'cloudflare', 'CF-RAY': '8ac4b8ea7d4f57f1-IAD', 'alt-svc': 'h3=":443"; ma=86400'} 
 body={"results":[{"gender":"female","name":{"title":"Mrs","first":"Ece","last":"Abanuz"},"location":{"street":{"number":2211,"name":"Şehitler Cd"},"city":"Tekirdağ","state":"Nevşehir","country":"Turkey","postcode":73425,"coordinates":{"latitude":"64.3352","longitude":"111.0986"},"timezone":{"offset":"+9:30","description":"Adelaide, Darwin"}},"email":"ece.abanuz@example.com","login":{"uuid":"607e35b9-b7d9-406e-a914-5715f12773fc","username":"crazyfrog523","password":"ashton","salt":"D1Mcy3NK","md5":"7701802497df8ae145c42aff34b70d9d","sha1":"f6471550d5a50c5d402f46526c44aac8f813711a","sha256":"fabba2d42d58b784efc304be2669b06ae42a523c00e9bf8530d43757cc27d9b5"},"dob":{"date":"1948-05-25T07:07:19.804Z","age":76},"registered":{"date":"2008-11-03T14:39:17.000Z","age":15},"phone":"(114)-429-7559","cell":"(390)-879-2832","id":{"name":"","value":null},"picture":{"large":"https://randomuser.me/api/portraits/women/92.jpg","medium":"https://randomuser.me/api/portraits/med/women/92.jpg","thumbnail":"https://randomuser.me/api/portraits/thumb/women/92.jpg"},"nat":"TR"}],"info":{"seed":"b9b0a8e809d39e2c","results":1,"page":1,"version":"1.4"}} 
 </msg>
<msg time="2024-08-01T09:15:12.492920" level="INFO">/opt/hostedtoolcache/Python/3.12.4/x64/lib/python3.12/site-packages/urllib3/connectionpool.py:1099: InsecureRequestWarning: Unverified HTTPS request is being made to host 'randomuser.me'. Adding certificate verification is strongly advised. See: https://urllib3.readthedocs.io/en/latest/advanced-usage.html#tls-warnings
  warnings.warn(</msg>
<msg time="2024-08-01T09:15:12.493035" level="INFO">${response} = &lt;Response [200]&gt;</msg>
<var>${response}</var>
<arg>consultarAPI</arg>
<arg>/api</arg>
<doc>Sends a GET request on a previously created HTTP Session.</doc>
<status status="PASS" start="2024-08-01T09:15:12.396398" elapsed="0.096676"/>
</kw>
<kw name="Set Variable" owner="BuiltIn">
<msg time="2024-08-01T09:15:12.493929" level="INFO">${json_data} = {'results': [{'gender': 'female', 'name': {'title': 'Mrs', 'first': 'Ece', 'last': 'Abanuz'}, 'location': {'street': {'number': 2211, 'name': 'Şehitler Cd'}, 'city': 'Tekirdağ', 'state': 'Nevşehir', '...</msg>
<var>${json_data}</var>
<arg>${response.json()}</arg>
<doc>Returns the given values which can then be assigned to a variables.</doc>
<status status="PASS" start="2024-08-01T09:15:12.493461" elapsed="0.000500"/>
</kw>
<kw name="Log" owner="BuiltIn">
<msg time="2024-08-01T09:15:12.494485" level="INFO">{'results': [{'gender': 'female', 'name': {'title': 'Mrs', 'first': 'Ece', 'last': 'Abanuz'}, 'location': {'street': {'number': 2211, 'name': 'Şehitler Cd'}, 'city': 'Tekirdağ', 'state': 'Nevşehir', 'country': 'Turkey', 'postcode': 73425, 'coordinates': {'latitude': '64.3352', 'longitude': '111.0986'}, 'timezone': {'offset': '+9:30', 'description': 'Adelaide, Darwin'}}, 'email': 'ece.abanuz@example.com', 'login': {'uuid': '607e35b9-b7d9-406e-a914-5715f12773fc', 'username': 'crazyfrog523', 'password': 'ashton', 'salt': 'D1Mcy3NK', 'md5': '7701802497df8ae145c42aff34b70d9d', 'sha1': 'f6471550d5a50c5d402f46526c44aac8f813711a', 'sha256': 'fabba2d42d58b784efc304be2669b06ae42a523c00e9bf8530d43757cc27d9b5'}, 'dob': {'date': '1948-05-25T07:07:19.804Z', 'age': 76}, 'registered': {'date': '2008-11-03T14:39:17.000Z', 'age': 15}, 'phone': '(114)-429-7559', 'cell': '(390)-879-2832', 'id': {'name': '', 'value': None}, 'picture': {'large': 'https://randomuser.me/api/portraits/women/92.jpg', 'medium': 'https://randomuser.me/api/portraits/med/women/92.jpg', 'thumbnail': 'https://randomuser.me/api/portraits/thumb/women/92.jpg'}, 'nat': 'TR'}], 'info': {'seed': 'b9b0a8e809d39e2c', 'results': 1, 'page': 1, 'version': '1.4'}}</msg>
<arg>${json_data}</arg>
<doc>Logs the given message with the given level.</doc>
<status status="PASS" start="2024-08-01T09:15:12.494314" elapsed="0.000223"/>
</kw>
<kw name="Dictionary Should Contain Key" owner="Collections">
<arg>${json_data}</arg>
<arg>results</arg>
<doc>Fails if ``key`` is not found from ``dictionary``.</doc>
<status status="PASS" start="2024-08-01T09:15:12.494843" elapsed="0.000163"/>
</kw>
<kw name="Should Not Be Empty" owner="BuiltIn">
<msg time="2024-08-01T09:15:12.495340" level="INFO">Length is 2.</msg>
<arg>${json_data}</arg>
<doc>Verifies that the given item is not empty.</doc>
<status status="PASS" start="2024-08-01T09:15:12.495196" elapsed="0.000183"/>
</kw>
<kw name="Create List" owner="BuiltIn">
<msg time="2024-08-01T09:15:12.495827" level="INFO">${expected_keys} = ['gender', 'name', 'location', 'email', 'login']</msg>
<var>${expected_keys}</var>
<arg>gender</arg>
<arg>name</arg>
<arg>location</arg>
<arg>email</arg>
<arg>login</arg>
<doc>Returns a list containing given items.</doc>
<status status="PASS" start="2024-08-01T09:15:12.495673" elapsed="0.000179"/>
</kw>
<for flavor="IN">
<iter>
<kw name="Dictionary Should Contain Key" owner="Collections">
<arg>${json_data['results'][0]}</arg>
<arg>${key}</arg>
<doc>Fails if ``key`` is not found from ``dictionary``.</doc>
<status status="PASS" start="2024-08-01T09:15:12.496435" elapsed="0.000413"/>
</kw>
<kw name="Log" owner="BuiltIn">
<msg time="2024-08-01T09:15:12.497404" level="INFO">{'gender': 'female', 'name': {'title': 'Mrs', 'first': 'Ece', 'last': 'Abanuz'}, 'location': {'street': {'number': 2211, 'name': 'Şehitler Cd'}, 'city': 'Tekirdağ', 'state': 'Nevşehir', 'country': 'Turkey', 'postcode': 73425, 'coordinates': {'latitude': '64.3352', 'longitude': '111.0986'}, 'timezone': {'offset': '+9:30', 'description': 'Adelaide, Darwin'}}, 'email': 'ece.abanuz@example.com', 'login': {'uuid': '607e35b9-b7d9-406e-a914-5715f12773fc', 'username': 'crazyfrog523', 'password': 'ashton', 'salt': 'D1Mcy3NK', 'md5': '7701802497df8ae145c42aff34b70d9d', 'sha1': 'f6471550d5a50c5d402f46526c44aac8f813711a', 'sha256': 'fabba2d42d58b784efc304be2669b06ae42a523c00e9bf8530d43757cc27d9b5'}, 'dob': {'date': '1948-05-25T07:07:19.804Z', 'age': 76}, 'registered': {'date': '2008-11-03T14:39:17.000Z', 'age': 15}, 'phone': '(114)-429-7559', 'cell': '(390)-879-2832', 'id': {'name': '', 'value': None}, 'picture': {'large': 'https://randomuser.me/api/portraits/women/92.jpg', 'medium': 'https://randomuser.me/api/portraits/med/women/92.jpg', 'thumbnail': 'https://randomuser.me/api/portraits/thumb/women/92.jpg'}, 'nat': 'TR'}</msg>
<arg>${json_data['results'][0]}</arg>
<doc>Logs the given message with the given level.</doc>
<status status="PASS" start="2024-08-01T09:15:12.497037" elapsed="0.000418"/>
</kw>
<kw name="Log" owner="BuiltIn">
<msg time="2024-08-01T09:15:12.497895" level="INFO">gender</msg>
<arg>${key}</arg>
<doc>Logs the given message with the given level.</doc>
<status status="PASS" start="2024-08-01T09:15:12.497764" elapsed="0.000170"/>
</kw>
<var name="${key}">gender</var>
<status status="PASS" start="2024-08-01T09:15:12.496306" elapsed="0.001867"/>
</iter>
<iter>
<kw name="Dictionary Should Contain Key" owner="Collections">
<arg>${json_data['results'][0]}</arg>
<arg>${key}</arg>
<doc>Fails if ``key`` is not found from ``dictionary``.</doc>
<status status="PASS" start="2024-08-01T09:15:12.498499" elapsed="0.000396"/>
</kw>
<kw name="Log" owner="BuiltIn">
<msg time="2024-08-01T09:15:12.499443" level="INFO">{'gender': 'female', 'name': {'title': 'Mrs', 'first': 'Ece', 'last': 'Abanuz'}, 'location': {'street': {'number': 2211, 'name': 'Şehitler Cd'}, 'city': 'Tekirdağ', 'state': 'Nevşehir', 'country': 'Turkey', 'postcode': 73425, 'coordinates': {'latitude': '64.3352', 'longitude': '111.0986'}, 'timezone': {'offset': '+9:30', 'description': 'Adelaide, Darwin'}}, 'email': 'ece.abanuz@example.com', 'login': {'uuid': '607e35b9-b7d9-406e-a914-5715f12773fc', 'username': 'crazyfrog523', 'password': 'ashton', 'salt': 'D1Mcy3NK', 'md5': '7701802497df8ae145c42aff34b70d9d', 'sha1': 'f6471550d5a50c5d402f46526c44aac8f813711a', 'sha256': 'fabba2d42d58b784efc304be2669b06ae42a523c00e9bf8530d43757cc27d9b5'}, 'dob': {'date': '1948-05-25T07:07:19.804Z', 'age': 76}, 'registered': {'date': '2008-11-03T14:39:17.000Z', 'age': 15}, 'phone': '(114)-429-7559', 'cell': '(390)-879-2832', 'id': {'name': '', 'value': None}, 'picture': {'large': 'https://randomuser.me/api/portraits/women/92.jpg', 'medium': 'https://randomuser.me/api/portraits/med/women/92.jpg', 'thumbnail': 'https://randomuser.me/api/portraits/thumb/women/92.jpg'}, 'nat': 'TR'}</msg>
<arg>${json_data['results'][0]}</arg>
<doc>Logs the given message with the given level.</doc>
<status status="PASS" start="2024-08-01T09:15:12.499078" elapsed="0.000448"/>
</kw>
<kw name="Log" owner="BuiltIn">
<msg time="2024-08-01T09:15:12.499956" level="INFO">name</msg>
<arg>${key}</arg>
<doc>Logs the given message with the given level.</doc>
<status status="PASS" start="2024-08-01T09:15:12.499828" elapsed="0.000167"/>
</kw>
<var name="${key}">name</var>
<status status="PASS" start="2024-08-01T09:15:12.498388" elapsed="0.001830"/>
</iter>
<iter>
<kw name="Dictionary Should Contain Key" owner="Collections">
<arg>${json_data['results'][0]}</arg>
<arg>${key}</arg>
<doc>Fails if ``key`` is not found from ``dictionary``.</doc>
<status status="PASS" start="2024-08-01T09:15:12.500499" elapsed="0.000393"/>
</kw>
<kw name="Log" owner="BuiltIn">
<msg time="2024-08-01T09:15:12.501433" level="INFO">{'gender': 'female', 'name': {'title': 'Mrs', 'first': 'Ece', 'last': 'Abanuz'}, 'location': {'street': {'number': 2211, 'name': 'Şehitler Cd'}, 'city': 'Tekirdağ', 'state': 'Nevşehir', 'country': 'Turkey', 'postcode': 73425, 'coordinates': {'latitude': '64.3352', 'longitude': '111.0986'}, 'timezone': {'offset': '+9:30', 'description': 'Adelaide, Darwin'}}, 'email': 'ece.abanuz@example.com', 'login': {'uuid': '607e35b9-b7d9-406e-a914-5715f12773fc', 'username': 'crazyfrog523', 'password': 'ashton', 'salt': 'D1Mcy3NK', 'md5': '7701802497df8ae145c42aff34b70d9d', 'sha1': 'f6471550d5a50c5d402f46526c44aac8f813711a', 'sha256': 'fabba2d42d58b784efc304be2669b06ae42a523c00e9bf8530d43757cc27d9b5'}, 'dob': {'date': '1948-05-25T07:07:19.804Z', 'age': 76}, 'registered': {'date': '2008-11-03T14:39:17.000Z', 'age': 15}, 'phone': '(114)-429-7559', 'cell': '(390)-879-2832', 'id': {'name': '', 'value': None}, 'picture': {'large': 'https://randomuser.me/api/portraits/women/92.jpg', 'medium': 'https://randomuser.me/api/portraits/med/women/92.jpg', 'thumbnail': 'https://randomuser.me/api/portraits/thumb/women/92.jpg'}, 'nat': 'TR'}</msg>
<arg>${json_data['results'][0]}</arg>
<doc>Logs the given message with the given level.</doc>
<status status="PASS" start="2024-08-01T09:15:12.501080" elapsed="0.000405"/>
</kw>
<kw name="Log" owner="BuiltIn">
<msg time="2024-08-01T09:15:12.501909" level="INFO">location</msg>
<arg>${key}</arg>
<doc>Logs the given message with the given level.</doc>
<status status="PASS" start="2024-08-01T09:15:12.501778" elapsed="0.000169"/>
</kw>
<var name="${key}">location</var>
<status status="PASS" start="2024-08-01T09:15:12.500393" elapsed="0.001794"/>
</iter>
<iter>
<kw name="Dictionary Should Contain Key" owner="Collections">
<arg>${json_data['results'][0]}</arg>
<arg>${key}</arg>
<doc>Fails if ``key`` is not found from ``dictionary``.</doc>
<status status="PASS" start="2024-08-01T09:15:12.502476" elapsed="0.000386"/>
</kw>
<kw name="Log" owner="BuiltIn">
<msg time="2024-08-01T09:15:12.503524" level="INFO">{'gender': 'female', 'name': {'title': 'Mrs', 'first': 'Ece', 'last': 'Abanuz'}, 'location': {'street': {'number': 2211, 'name': 'Şehitler Cd'}, 'city': 'Tekirdağ', 'state': 'Nevşehir', 'country': 'Turkey', 'postcode': 73425, 'coordinates': {'latitude': '64.3352', 'longitude': '111.0986'}, 'timezone': {'offset': '+9:30', 'description': 'Adelaide, Darwin'}}, 'email': 'ece.abanuz@example.com', 'login': {'uuid': '607e35b9-b7d9-406e-a914-5715f12773fc', 'username': 'crazyfrog523', 'password': 'ashton', 'salt': 'D1Mcy3NK', 'md5': '7701802497df8ae145c42aff34b70d9d', 'sha1': 'f6471550d5a50c5d402f46526c44aac8f813711a', 'sha256': 'fabba2d42d58b784efc304be2669b06ae42a523c00e9bf8530d43757cc27d9b5'}, 'dob': {'date': '1948-05-25T07:07:19.804Z', 'age': 76}, 'registered': {'date': '2008-11-03T14:39:17.000Z', 'age': 15}, 'phone': '(114)-429-7559', 'cell': '(390)-879-2832', 'id': {'name': '', 'value': None}, 'picture': {'large': 'https://randomuser.me/api/portraits/women/92.jpg', 'medium': 'https://randomuser.me/api/portraits/med/women/92.jpg', 'thumbnail': 'https://randomuser.me/api/portraits/thumb/women/92.jpg'}, 'nat': 'TR'}</msg>
<arg>${json_data['results'][0]}</arg>
<doc>Logs the given message with the given level.</doc>
<status status="PASS" start="2024-08-01T09:15:12.503166" elapsed="0.000410"/>
</kw>
<kw name="Log" owner="BuiltIn">
<msg time="2024-08-01T09:15:12.504006" level="INFO">email</msg>
<arg>${key}</arg>
<doc>Logs the given message with the given level.</doc>
<status status="PASS" start="2024-08-01T09:15:12.503875" elapsed="0.000169"/>
</kw>
<var name="${key}">email</var>
<status status="PASS" start="2024-08-01T09:15:12.502370" elapsed="0.001887"/>
</iter>
<iter>
<kw name="Dictionary Should Contain Key" owner="Collections">
<arg>${json_data['results'][0]}</arg>
<arg>${key}</arg>
<doc>Fails if ``key`` is not found from ``dictionary``.</doc>
<status status="PASS" start="2024-08-01T09:15:12.504537" elapsed="0.000380"/>
</kw>
<kw name="Log" owner="BuiltIn">
<msg time="2024-08-01T09:15:12.505445" level="INFO">{'gender': 'female', 'name': {'title': 'Mrs', 'first': 'Ece', 'last': 'Abanuz'}, 'location': {'street': {'number': 2211, 'name': 'Şehitler Cd'}, 'city': 'Tekirdağ', 'state': 'Nevşehir', 'country': 'Turkey', 'postcode': 73425, 'coordinates': {'latitude': '64.3352', 'longitude': '111.0986'}, 'timezone': {'offset': '+9:30', 'description': 'Adelaide, Darwin'}}, 'email': 'ece.abanuz@example.com', 'login': {'uuid': '607e35b9-b7d9-406e-a914-5715f12773fc', 'username': 'crazyfrog523', 'password': 'ashton', 'salt': 'D1Mcy3NK', 'md5': '7701802497df8ae145c42aff34b70d9d', 'sha1': 'f6471550d5a50c5d402f46526c44aac8f813711a', 'sha256': 'fabba2d42d58b784efc304be2669b06ae42a523c00e9bf8530d43757cc27d9b5'}, 'dob': {'date': '1948-05-25T07:07:19.804Z', 'age': 76}, 'registered': {'date': '2008-11-03T14:39:17.000Z', 'age': 15}, 'phone': '(114)-429-7559', 'cell': '(390)-879-2832', 'id': {'name': '', 'value': None}, 'picture': {'large': 'https://randomuser.me/api/portraits/women/92.jpg', 'medium': 'https://randomuser.me/api/portraits/med/women/92.jpg', 'thumbnail': 'https://randomuser.me/api/portraits/thumb/women/92.jpg'}, 'nat': 'TR'}</msg>
<arg>${json_data['results'][0]}</arg>
<doc>Logs the given message with the given level.</doc>
<status status="PASS" start="2024-08-01T09:15:12.505097" elapsed="0.000397"/>
</kw>
<kw name="Log" owner="BuiltIn">
<msg time="2024-08-01T09:15:12.505912" level="INFO">login</msg>
<arg>${key}</arg>
<doc>Logs the given message with the given level.</doc>
<status status="PASS" start="2024-08-01T09:15:12.505785" elapsed="0.000164"/>
</kw>
<var name="${key}">login</var>
<status status="PASS" start="2024-08-01T09:15:12.504430" elapsed="0.001757"/>
</iter>
<var>${key}</var>
<value>@{expected_keys}</value>
<status status="PASS" start="2024-08-01T09:15:12.496116" elapsed="0.010216"/>
</for>
<kw name="Create List" owner="BuiltIn">
<msg time="2024-08-01T09:15:12.506664" level="INFO">${expected_keysTwo} = ['username', 'password']</msg>
<var>${expected_keysTwo}</var>
<arg>username</arg>
<arg>password</arg>
<doc>Returns a list containing given items.</doc>
<status status="PASS" start="2024-08-01T09:15:12.506522" elapsed="0.000167"/>
</kw>
<for flavor="IN">
<iter>
<kw name="Dictionary Should Contain Key" owner="Collections">
<arg>${json_data['results'][0]['login']}</arg>
<arg>${keyTwo}</arg>
<doc>Fails if ``key`` is not found from ``dictionary``.</doc>
<status status="PASS" start="2024-08-01T09:15:12.507209" elapsed="0.000393"/>
</kw>
<kw name="Dictionary Should Contain Key" owner="Collections">
<arg>${json_data['results'][0]['login']}</arg>
<arg>${keyTwo}</arg>
<doc>Fails if ``key`` is not found from ``dictionary``.</doc>
<status status="PASS" start="2024-08-01T09:15:12.507782" elapsed="0.000368"/>
</kw>
<kw name="Log" owner="BuiltIn">
<msg time="2024-08-01T09:15:12.508444" level="INFO">username</msg>
<arg>${keyTwo}</arg>
<doc>Logs the given message with the given level.</doc>
<status status="PASS" start="2024-08-01T09:15:12.508326" elapsed="0.000157"/>
</kw>
<var name="${keyTwo}">username</var>
<status status="PASS" start="2024-08-01T09:15:12.507103" elapsed="0.001599"/>
</iter>
<iter>
<kw name="Dictionary Should Contain Key" owner="Collections">
<arg>${json_data['results'][0]['login']}</arg>
<arg>${keyTwo}</arg>
<doc>Fails if ``key`` is not found from ``dictionary``.</doc>
<status status="PASS" start="2024-08-01T09:15:12.508981" elapsed="0.000380"/>
</kw>
<kw name="Dictionary Should Contain Key" owner="Collections">
<arg>${json_data['results'][0]['login']}</arg>
<arg>${keyTwo}</arg>
<doc>Fails if ``key`` is not found from ``dictionary``.</doc>
<status status="PASS" start="2024-08-01T09:15:12.509536" elapsed="0.000369"/>
</kw>
<kw name="Log" owner="BuiltIn">
<msg time="2024-08-01T09:15:12.510230" level="INFO">password</msg>
<arg>${keyTwo}</arg>
<doc>Logs the given message with the given level.</doc>
<status status="PASS" start="2024-08-01T09:15:12.510083" elapsed="0.000194"/>
</kw>
<var name="${keyTwo}">password</var>
<status status="PASS" start="2024-08-01T09:15:12.508873" elapsed="0.001626"/>
</iter>
<var>${keyTwo}</var>
<value>@{expected_keysTwo}</value>
<status status="PASS" start="2024-08-01T09:15:12.506950" elapsed="0.003671"/>
</for>
<status status="PASS" start="2024-08-01T09:15:12.396160" elapsed="0.114600"/>
</kw>
<doc>Testa a estrutura da resposta da API.</doc>
<tag>testeEstruturaResposta</tag>
<status status="PASS" start="2024-08-01T09:15:12.395646" elapsed="0.115274"/>
</test>
<test id="s1-s1-t4" name="Validar tipos de dados" line="28">
<kw name="Teste de Tipos de Dados" owner="random-user-service">
<kw name="GET On Session" owner="RequestsLibrary">
<msg time="2024-08-01T09:15:12.571541" level="INFO">GET Request : url=https://randomuser.me/api 
 path_url=/api 
 headers={'User-Agent': 'python-requests/2.32.3', 'Accept-Encoding': 'gzip, deflate', 'Accept': '*/*', 'Connection': 'keep-alive'} 
 body=None 
 </msg>
<msg time="2024-08-01T09:15:12.571621" level="INFO">GET Response : url=https://randomuser.me/api 
 status=200, reason=OK 
 headers={'Date': 'Thu, 01 Aug 2024 09:15:12 GMT', 'Content-Type': 'application/json; charset=utf-8', 'Transfer-Encoding': 'chunked', 'Connection': 'keep-alive', 'X-Powered-By': 'Express', 'Access-Control-Allow-Origin': '*', 'Cache-Control': 'no-cache', 'ETag': 'W/"49b-c4hL7qIFF5PFWDu9fRRekPir6CU"', 'Vary': 'Accept-Encoding', 'Content-Encoding': 'gzip', 'CF-Cache-Status': 'DYNAMIC', 'Report-To': '{"endpoints":[{"url":"https:\\/\\/a.nel.cloudflare.com\\/report\\/v4?s=HqDiK64G1WKsEe3DLvwj5IZJD6XpzSe9G1YuUXVhrc6vbCGAR5PVI6cPM6TZCHHlN0K4MHflBT%2BQCZrTB1v3iJc4QsoRki8q6DQ4f49il1hczOusWjlKB%2BlqZCoCsgaA"}],"group":"cf-nel","max_age":604800}', 'NEL': '{"success_fraction":0,"report_to":"cf-nel","max_age":604800}', 'Server': 'cloudflare', 'CF-RAY': '8ac4b8eb3d8757f1-IAD', 'alt-svc': 'h3=":443"; ma=86400'} 
 body={"results":[{"gender":"female","name":{"title":"Miss","first":"Hemelyn","last":"Martins"},"location":{"street":{"number":1923,"name":"Rua Três"},"city":"Jequié","state":"Minas Gerais","country":"Brazil","postcode":55805,"coordinates":{"latitude":"-77.8661","longitude":"112.1568"},"timezone":{"offset":"-3:00","description":"Brazil, Buenos Aires, Georgetown"}},"email":"hemelyn.martins@example.com","login":{"uuid":"69253e77-8ffd-4207-9ec2-909fe3746cdb","username":"bluemouse131","password":"rhythm","salt":"97YkdEe6","md5":"13ff866361eff169c53a0bfd22d6d5d4","sha1":"7b18c23b8993e1fc0153e452e20b4842ba432a6d","sha256":"b0ca5ae395ba86f4fb526238711408189c076b9ca732c2e8f3ae8a9ee810ebec"},"dob":{"date":"1980-01-04T11:33:35.264Z","age":44},"registered":{"date":"2021-09-24T12:56:11.173Z","age":2},"phone":"(24) 2378-7414","cell":"(90) 2534-9429","id":{"name":"CPF","value":"160.922.191-99"},"picture":{"large":"https://randomuser.me/api/portraits/women/85.jpg","medium":"https://randomuser.me/api/portraits/med/women/85.jpg","thumbnail":"https://randomuser.me/api/portraits/thumb/women/85.jpg"},"nat":"BR"}],"info":{"seed":"36389c7948d376cb","results":1,"page":1,"version":"1.4"}} 
 </msg>
<msg time="2024-08-01T09:15:12.571693" level="INFO">/opt/hostedtoolcache/Python/3.12.4/x64/lib/python3.12/site-packages/urllib3/connectionpool.py:1099: InsecureRequestWarning: Unverified HTTPS request is being made to host 'randomuser.me'. Adding certificate verification is strongly advised. See: https://urllib3.readthedocs.io/en/latest/advanced-usage.html#tls-warnings
  warnings.warn(</msg>
<msg time="2024-08-01T09:15:12.571797" level="INFO">${response} = &lt;Response [200]&gt;</msg>
<var>${response}</var>
<arg>consultarAPI</arg>
<arg>/api</arg>
<doc>Sends a GET request on a previously created HTTP Session.</doc>
<status status="PASS" start="2024-08-01T09:15:12.513314" elapsed="0.058537"/>
</kw>
<kw name="Set Variable" owner="BuiltIn">
<msg time="2024-08-01T09:15:12.572811" level="INFO">${json_data} = {'results': [{'gender': 'female', 'name': {'title': 'Miss', 'first': 'Hemelyn', 'last': 'Martins'}, 'location': {'street': {'number': 1923, 'name': 'Rua Três'}, 'city': 'Jequié', 'state': 'Minas Gerai...</msg>
<var>${json_data}</var>
<arg>${response.json()}</arg>
<doc>Returns the given values which can then be assigned to a variables.</doc>
<status status="PASS" start="2024-08-01T09:15:12.572345" elapsed="0.000495"/>
</kw>
<kw name="Log" owner="BuiltIn">
<msg time="2024-08-01T09:15:12.573299" level="INFO">{'results': [{'gender': 'female', 'name': {'title': 'Miss', 'first': 'Hemelyn', 'last': 'Martins'}, 'location': {'street': {'number': 1923, 'name': 'Rua Três'}, 'city': 'Jequié', 'state': 'Minas Gerais', 'country': 'Brazil', 'postcode': 55805, 'coordinates': {'latitude': '-77.8661', 'longitude': '112.1568'}, 'timezone': {'offset': '-3:00', 'description': 'Brazil, Buenos Aires, Georgetown'}}, 'email': 'hemelyn.martins@example.com', 'login': {'uuid': '69253e77-8ffd-4207-9ec2-909fe3746cdb', 'username': 'bluemouse131', 'password': 'rhythm', 'salt': '97YkdEe6', 'md5': '13ff866361eff169c53a0bfd22d6d5d4', 'sha1': '7b18c23b8993e1fc0153e452e20b4842ba432a6d', 'sha256': 'b0ca5ae395ba86f4fb526238711408189c076b9ca732c2e8f3ae8a9ee810ebec'}, 'dob': {'date': '1980-01-04T11:33:35.264Z', 'age': 44}, 'registered': {'date': '2021-09-24T12:56:11.173Z', 'age': 2}, 'phone': '(24) 2378-7414', 'cell': '(90) 2534-9429', 'id': {'name': 'CPF', 'value': '160.922.191-99'}, 'picture': {'large': 'https://randomuser.me/api/portraits/women/85.jpg', 'medium': 'https://randomuser.me/api/portraits/med/women/85.jpg', 'thumbnail': 'https://randomuser.me/api/portraits/thumb/women/85.jpg'}, 'nat': 'BR'}], 'info': {'seed': '36389c7948d376cb', 'results': 1, 'page': 1, 'version': '1.4'}}</msg>
<arg>${json_data}</arg>
<doc>Logs the given message with the given level.</doc>
<status status="PASS" start="2024-08-01T09:15:12.573144" elapsed="0.000204"/>
</kw>
<kw name="Should Be String" owner="String">
<arg>${json_data['results'][0]['gender']}</arg>
<doc>Fails if the given ``item`` is not a string.</doc>
<status status="PASS" start="2024-08-01T09:15:12.573648" elapsed="0.000361"/>
</kw>
<kw name="Should Match Regexp" owner="BuiltIn">
<arg>${json_data['results'][0]['email']}</arg>
<arg>^[a-zA-Z0-9._%+-]+@[a-zA-Z0-9.-]+\.[a-zA-Z]{2,}$</arg>
<doc>Fails if ``string`` does not match ``pattern`` as a regular expression.</doc>
<status status="PASS" start="2024-08-01T09:15:12.574249" elapsed="0.000525"/>
</kw>
<kw name="Should Match Regexp" owner="BuiltIn">
<arg>${json_data['results'][0]['dob']['date']}</arg>
<arg>\\d{4}-\\d{2}-\\d{2}T\\d{2}:\\d{2}:\\d{2}\\.\\d{3}Z</arg>
<doc>Fails if ``string`` does not match ``pattern`` as a regular expression.</doc>
<status status="PASS" start="2024-08-01T09:15:12.575001" elapsed="0.000600"/>
</kw>
<kw name="Should Match Regexp" owner="BuiltIn">
<arg>${json_data['results'][0]['registered']['date']}</arg>
<arg>\\d{4}-\\d{2}-\\d{2}T\\d{2}:\\d{2}:\\d{2}\\.\\d{3}Z</arg>
<doc>Fails if ``string`` does not match ``pattern`` as a regular expression.</doc>
<status status="PASS" start="2024-08-01T09:15:12.575796" elapsed="0.000372"/>
</kw>
<kw name="Should Match Regexp" owner="BuiltIn">
<arg>${json_data['results'][0]['picture']['large']}</arg>
<arg>^https?://.*\.(?:png|jpe?g|gif|bmp)$</arg>
<doc>Fails if ``string`` does not match ``pattern`` as a regular expression.</doc>
<status status="PASS" start="2024-08-01T09:15:12.576354" elapsed="0.000471"/>
</kw>
<kw name="Should Match Regexp" owner="BuiltIn">
<arg>${json_data['results'][0]['picture']['medium']}</arg>
<arg>^https?://.*\.(?:png|jpe?g|gif|bmp)$</arg>
<doc>Fails if ``string`` does not match ``pattern`` as a regular expression.</doc>
<status status="PASS" start="2024-08-01T09:15:12.577015" elapsed="0.000357"/>
</kw>
<kw name="Should Match Regexp" owner="BuiltIn">
<arg>${json_data['results'][0]['picture']['thumbnail']}</arg>
<arg>^https?://.*\.(?:png|jpe?g|gif|bmp)$</arg>
<doc>Fails if ``string`` does not match ``pattern`` as a regular expression.</doc>
<status status="PASS" start="2024-08-01T09:15:12.577560" elapsed="0.000354"/>
</kw>
<kw name="Log" owner="BuiltIn">
<msg time="2024-08-01T09:15:12.578448" level="INFO">{'large': 'https://randomuser.me/api/portraits/women/85.jpg', 'medium': 'https://randomuser.me/api/portraits/med/women/85.jpg', 'thumbnail': 'https://randomuser.me/api/portraits/thumb/women/85.jpg'}</msg>
<arg>${json_data['results'][0]['picture']}</arg>
<doc>Logs the given message with the given level.</doc>
<status status="PASS" start="2024-08-01T09:15:12.578099" elapsed="0.000394"/>
</kw>
<status status="PASS" start="2024-08-01T09:15:12.513096" elapsed="0.065656"/>
</kw>
<kw name="Teste de Tipos de Dados - Postcode" owner="random-user-service">
<kw name="GET On Session" owner="RequestsLibrary">
<msg time="2024-08-01T09:15:12.673160" level="INFO">GET Request : url=https://randomuser.me/api 
 path_url=/api 
 headers={'User-Agent': 'python-requests/2.32.3', 'Accept-Encoding': 'gzip, deflate', 'Accept': '*/*', 'Connection': 'keep-alive'} 
 body=None 
 </msg>
<msg time="2024-08-01T09:15:12.673239" level="INFO">GET Response : url=https://randomuser.me/api 
 status=200, reason=OK 
 headers={'Date': 'Thu, 01 Aug 2024 09:15:12 GMT', 'Content-Type': 'application/json; charset=utf-8', 'Transfer-Encoding': 'chunked', 'Connection': 'keep-alive', 'X-Powered-By': 'Express', 'Access-Control-Allow-Origin': '*', 'Cache-Control': 'no-cache', 'ETag': 'W/"482-rrD2bqjRzLvAjZrJedHUGdVKDPI"', 'Vary': 'Accept-Encoding', 'Content-Encoding': 'gzip', 'CF-Cache-Status': 'DYNAMIC', 'Report-To': '{"endpoints":[{"url":"https:\\/\\/a.nel.cloudflare.com\\/report\\/v4?s=GSW21wJAG9%2Ben61f7wtIO1UrWA3S5HrjYaC3eY7%2FilbyvT6lRXOsVBxGJV7jfzd85jpT8Mmwvg2F0bOdCDAjYX%2Bg80s%2BqsxvqmZHRnm9Sn7PdP8B0RkMTyDXvLAojblH"}],"group":"cf-nel","max_age":604800}', 'NEL': '{"success_fraction":0,"report_to":"cf-nel","max_age":604800}', 'Server': 'cloudflare', 'CF-RAY': '8ac4b8ebada957f1-IAD', 'alt-svc': 'h3=":443"; ma=86400'} 
 body={"results":[{"gender":"male","name":{"title":"Mr","first":"Branislav","last":"Polić"},"location":{"street":{"number":3417,"name":"Dragoljuba Ivkova"},"city":"Čoka","state":"Prizren","country":"Serbia","postcode":97280,"coordinates":{"latitude":"60.6605","longitude":"-178.9239"},"timezone":{"offset":"+6:00","description":"Almaty, Dhaka, Colombo"}},"email":"branislav.polic@example.com","login":{"uuid":"18c5339f-1260-46be-b424-971b3b328367","username":"blackfish611","password":"donovan","salt":"elycAS50","md5":"f9fdf9c8336daeff422b49c8359217de","sha1":"fcc87d39f8a87255d271917ce18fa99405c89a6f","sha256":"fb402d1b9552d3bf706628d3c6cae87658e5ab290a6602a15244ef99f4d0e0aa"},"dob":{"date":"1971-07-24T02:16:22.166Z","age":53},"registered":{"date":"2003-12-09T17:57:15.897Z","age":20},"phone":"017-2152-442","cell":"064-7234-882","id":{"name":"SID","value":"935414983"},"picture":{"large":"https://randomuser.me/api/portraits/men/70.jpg","medium":"https://randomuser.me/api/portraits/med/men/70.jpg","thumbnail":"https://randomuser.me/api/portraits/thumb/men/70.jpg"},"nat":"RS"}],"info":{"seed":"fbee2e05a9699e63","results":1,"page":1,"version":"1.4"}} 
 </msg>
<msg time="2024-08-01T09:15:12.673314" level="INFO">/opt/hostedtoolcache/Python/3.12.4/x64/lib/python3.12/site-packages/urllib3/connectionpool.py:1099: InsecureRequestWarning: Unverified HTTPS request is being made to host 'randomuser.me'. Adding certificate verification is strongly advised. See: https://urllib3.readthedocs.io/en/latest/advanced-usage.html#tls-warnings
  warnings.warn(</msg>
<msg time="2024-08-01T09:15:12.673398" level="INFO">${response} = &lt;Response [200]&gt;</msg>
<var>${response}</var>
<arg>consultarAPI</arg>
<arg>/api</arg>
<doc>Sends a GET request on a previously created HTTP Session.</doc>
<status status="PASS" start="2024-08-01T09:15:12.579193" elapsed="0.094236"/>
</kw>
<kw name="Set Variable" owner="BuiltIn">
<msg time="2024-08-01T09:15:12.674373" level="INFO">${json_data} = {'results': [{'gender': 'male', 'name': {'title': 'Mr', 'first': 'Branislav', 'last': 'Polić'}, 'location': {'street': {'number': 3417, 'name': 'Dragoljuba Ivkova'}, 'city': 'Čoka', 'state': 'Prizren'...</msg>
<var>${json_data}</var>
<arg>${response.json()}</arg>
<doc>Returns the given values which can then be assigned to a variables.</doc>
<status status="PASS" start="2024-08-01T09:15:12.673868" elapsed="0.000535"/>
</kw>
<kw name="Log" owner="BuiltIn">
<msg time="2024-08-01T09:15:12.674870" level="INFO">{'results': [{'gender': 'male', 'name': {'title': 'Mr', 'first': 'Branislav', 'last': 'Polić'}, 'location': {'street': {'number': 3417, 'name': 'Dragoljuba Ivkova'}, 'city': 'Čoka', 'state': 'Prizren', 'country': 'Serbia', 'postcode': 97280, 'coordinates': {'latitude': '60.6605', 'longitude': '-178.9239'}, 'timezone': {'offset': '+6:00', 'description': 'Almaty, Dhaka, Colombo'}}, 'email': 'branislav.polic@example.com', 'login': {'uuid': '18c5339f-1260-46be-b424-971b3b328367', 'username': 'blackfish611', 'password': 'donovan', 'salt': 'elycAS50', 'md5': 'f9fdf9c8336daeff422b49c8359217de', 'sha1': 'fcc87d39f8a87255d271917ce18fa99405c89a6f', 'sha256': 'fb402d1b9552d3bf706628d3c6cae87658e5ab290a6602a15244ef99f4d0e0aa'}, 'dob': {'date': '1971-07-24T02:16:22.166Z', 'age': 53}, 'registered': {'date': '2003-12-09T17:57:15.897Z', 'age': 20}, 'phone': '017-2152-442', 'cell': '064-7234-882', 'id': {'name': 'SID', 'value': '935414983'}, 'picture': {'large': 'https://randomuser.me/api/portraits/men/70.jpg', 'medium': 'https://randomuser.me/api/portraits/med/men/70.jpg', 'thumbnail': 'https://randomuser.me/api/portraits/thumb/men/70.jpg'}, 'nat': 'RS'}], 'info': {'seed': 'fbee2e05a9699e63', 'results': 1, 'page': 1, 'version': '1.4'}}</msg>
<arg>${json_data}</arg>
<doc>Logs the given message with the given level.</doc>
<status status="PASS" start="2024-08-01T09:15:12.674714" elapsed="0.000207"/>
</kw>
<kw name="Should Be Equal As Numbers" owner="BuiltIn">
<arg>${json_data['results'][0]['location']['postcode']}</arg>
<arg>${json_data['results'][0]['location']['postcode']}</arg>
<doc>Fails if objects are unequal after converting them to real numbers.</doc>
<status status="PASS" start="2024-08-01T09:15:12.675216" elapsed="0.000633"/>
</kw>
<kw name="Log" owner="BuiltIn">
<msg time="2024-08-01T09:15:12.676377" level="INFO">97280</msg>
<arg>${json_data['results'][0]['location']['postcode']}</arg>
<doc>Logs the given message with the given level.</doc>
<status status="PASS" start="2024-08-01T09:15:12.676043" elapsed="0.000375"/>
</kw>
<status status="PASS" start="2024-08-01T09:15:12.578967" elapsed="0.097728"/>
</kw>
<doc>Testa se os tipos de dados na resposta da API estão corretos.</doc>
<tag>testeTiposDados</tag>
<status status="PASS" start="2024-08-01T09:15:12.512654" elapsed="0.164208"/>
</test>
<test id="s1-s1-t5" name="Validar conteudo" line="35">
<kw name="Teste de Tipos de Conteudo" owner="random-user-service">
<kw name="GET On Session" owner="RequestsLibrary">
<msg time="2024-08-01T09:15:12.780273" level="INFO">GET Request : url=https://randomuser.me/api 
 path_url=/api 
 headers={'User-Agent': 'python-requests/2.32.3', 'Accept-Encoding': 'gzip, deflate', 'Accept': '*/*', 'Connection': 'keep-alive'} 
 body=None 
 </msg>
<msg time="2024-08-01T09:15:12.780364" level="INFO">GET Response : url=https://randomuser.me/api 
 status=200, reason=OK 
 headers={'Date': 'Thu, 01 Aug 2024 09:15:12 GMT', 'Content-Type': 'application/json; charset=utf-8', 'Transfer-Encoding': 'chunked', 'Connection': 'keep-alive', 'X-Powered-By': 'Express', 'Access-Control-Allow-Origin': '*', 'Cache-Control': 'no-cache', 'ETag': 'W/"478-TbGnvRnPSfMkfaGbc77qt7SpGSY"', 'Vary': 'Accept-Encoding', 'Content-Encoding': 'gzip', 'CF-Cache-Status': 'DYNAMIC', 'Report-To': '{"endpoints":[{"url":"https:\\/\\/a.nel.cloudflare.com\\/report\\/v4?s=cPhQwMR037hrilWsXgi%2Fbf%2BbQ2ItKVOsu7WTnzZRWUr3Ul18tfa%2FTDBJfgfXQxOuV0YMvitETiLcT%2F2Gi4FrWzWrrAt5wdDnadzksdmPaGwKs9Ni%2FC6Tk5x%2FESg5Apgn"}],"group":"cf-nel","max_age":604800}', 'NEL': '{"success_fraction":0,"report_to":"cf-nel","max_age":604800}', 'Server': 'cloudflare', 'CF-RAY': '8ac4b8ec4dcd57f1-IAD', 'alt-svc': 'h3=":443"; ma=86400'} 
 body={"results":[{"gender":"female","name":{"title":"Mrs","first":"Julia","last":"Mitchell"},"location":{"street":{"number":906,"name":"Grand Ave"},"city":"Hudson","state":"Nova Scotia","country":"Canada","postcode":"U2A 4X1","coordinates":{"latitude":"-67.1949","longitude":"144.8652"},"timezone":{"offset":"+3:30","description":"Tehran"}},"email":"julia.mitchell@example.com","login":{"uuid":"9a891877-4896-4f0b-a76c-8b261eb30eec","username":"silverleopard770","password":"gmoney","salt":"IMx8aTlD","md5":"24315b74a612f698d7f58f35d8913c41","sha1":"983ef2f5a4c5e9a43a78b1f5bcade5aedd524d10","sha256":"23ff7254f5b5cc4c917c51d22c4ef38444c507a9d61e553dbe2a30bcaf21f841"},"dob":{"date":"1954-05-15T06:58:22.606Z","age":70},"registered":{"date":"2009-12-01T23:25:32.179Z","age":14},"phone":"X72 B88-7350","cell":"C96 Y31-7338","id":{"name":"SIN","value":"079797924"},"picture":{"large":"https://randomuser.me/api/portraits/women/7.jpg","medium":"https://randomuser.me/api/portraits/med/women/7.jpg","thumbnail":"https://randomuser.me/api/portraits/thumb/women/7.jpg"},"nat":"CA"}],"info":{"seed":"4f946959d62294fc","results":1,"page":1,"version":"1.4"}} 
 </msg>
<msg time="2024-08-01T09:15:12.780438" level="INFO">/opt/hostedtoolcache/Python/3.12.4/x64/lib/python3.12/site-packages/urllib3/connectionpool.py:1099: InsecureRequestWarning: Unverified HTTPS request is being made to host 'randomuser.me'. Adding certificate verification is strongly advised. See: https://urllib3.readthedocs.io/en/latest/advanced-usage.html#tls-warnings
  warnings.warn(</msg>
<msg time="2024-08-01T09:15:12.780552" level="INFO">${response} = &lt;Response [200]&gt;</msg>
<var>${response}</var>
<arg>consultarAPI</arg>
<arg>/api</arg>
<doc>Sends a GET request on a previously created HTTP Session.</doc>
<status status="PASS" start="2024-08-01T09:15:12.679797" elapsed="0.100792"/>
</kw>
<kw name="Set Variable" owner="BuiltIn">
<msg time="2024-08-01T09:15:12.781530" level="INFO">${json_data} = {'results': [{'gender': 'female', 'name': {'title': 'Mrs', 'first': 'Julia', 'last': 'Mitchell'}, 'location': {'street': {'number': 906, 'name': 'Grand Ave'}, 'city': 'Hudson', 'state': 'Nova Scotia',...</msg>
<var>${json_data}</var>
<arg>${response.json()}</arg>
<doc>Returns the given values which can then be assigned to a variables.</doc>
<status status="PASS" start="2024-08-01T09:15:12.781047" elapsed="0.000511"/>
</kw>
<kw name="Set Variable" owner="BuiltIn">
<msg time="2024-08-01T09:15:12.782314" level="INFO">${name_title} = Mrs</msg>
<var>${name_title}</var>
<arg>${json_data["results"][0]["name"]["title"]}</arg>
<doc>Returns the given values which can then be assigned to a variables.</doc>
<status status="PASS" start="2024-08-01T09:15:12.781863" elapsed="0.000477"/>
</kw>
<kw name="Create List" owner="BuiltIn">
<msg time="2024-08-01T09:15:12.782792" level="INFO">${allowed_titles} = ['Mr', 'Ms', 'Miss', 'Mrs', 'Madame', 'Monsieur']</msg>
<var>${allowed_titles}</var>
<arg>Mr</arg>
<arg>Ms</arg>
<arg>Miss</arg>
<arg>Mrs</arg>
<arg>Madame</arg>
<arg>Monsieur</arg>
<doc>Returns a list containing given items.</doc>
<status status="PASS" start="2024-08-01T09:15:12.782641" elapsed="0.000176"/>
</kw>
<kw name="List Should Contain Value" owner="Collections">
<arg>${allowed_titles}</arg>
<arg>${name_title}</arg>
<doc>Fails if the ``value`` is not found from ``list``.</doc>
<status status="PASS" start="2024-08-01T09:15:12.783125" elapsed="0.000190"/>
</kw>
<kw name="Set Variable" owner="BuiltIn">
<msg time="2024-08-01T09:15:12.783866" level="INFO">${name_country} = CA</msg>
<var>${name_country}</var>
<arg>${json_data["results"][0]["nat"]}</arg>
<doc>Returns the given values which can then be assigned to a variables.</doc>
<status status="PASS" start="2024-08-01T09:15:12.783500" elapsed="0.000391"/>
</kw>
<kw name="Create List" owner="BuiltIn">
<msg time="2024-08-01T09:15:12.784767" level="INFO">${list_country} = ['AD', 'AE', 'AF', 'AG', 'AI', 'AL', 'AM', 'AO', 'AQ', 'AR', 'AS', 'AT', 'AU', 'AW', 'AX', 'AZ', 'BA', 'BB', 'BD', 'BE', 'BF', 'BG', 'BH', 'BI', 'BJ', 'BL', 'BM', 'BN', 'BO', 'BQ', 'BR', 'BS', 'BT', '...</msg>
<var>${list_country}</var>
<arg>AD</arg>
<arg>AE</arg>
<arg>AF</arg>
<arg>AG</arg>
<arg>AI</arg>
<arg>AL</arg>
<arg>AM</arg>
<arg>AO</arg>
<arg>AQ</arg>
<arg>AR</arg>
<arg>AS</arg>
<arg>AT</arg>
<arg>AU</arg>
<arg>AW</arg>
<arg>AX</arg>
<arg>AZ</arg>
<arg>BA</arg>
<arg>BB</arg>
<arg>BD</arg>
<arg>BE</arg>
<arg>BF</arg>
<arg>BG</arg>
<arg>BH</arg>
<arg>BI</arg>
<arg>BJ</arg>
<arg>BL</arg>
<arg>BM</arg>
<arg>BN</arg>
<arg>BO</arg>
<arg>BQ</arg>
<arg>BR</arg>
<arg>BS</arg>
<arg>BT</arg>
<arg>BV</arg>
<arg>BW</arg>
<arg>BY</arg>
<arg>BZ</arg>
<arg>CA</arg>
<arg>CC</arg>
<arg>CD</arg>
<arg>CF</arg>
<arg>CG</arg>
<arg>CH</arg>
<arg>CI</arg>
<arg>CK</arg>
<arg>CL</arg>
<arg>CM</arg>
<arg>CN</arg>
<arg>CO</arg>
<arg>CR</arg>
<arg>CU</arg>
<arg>CV</arg>
<arg>CW</arg>
<arg>CX</arg>
<arg>CY</arg>
<arg>CZ</arg>
<arg>DE</arg>
<arg>DJ</arg>
<arg>DK</arg>
<arg>DM</arg>
<arg>DO</arg>
<arg>DZ</arg>
<arg>EC</arg>
<arg>EE</arg>
<arg>EG</arg>
<arg>EH</arg>
<arg>ER</arg>
<arg>ES</arg>
<arg>ET</arg>
<arg>FI</arg>
<arg>FJ</arg>
<arg>FK</arg>
<arg>FM</arg>
<arg>FO</arg>
<arg>FR</arg>
<arg>GA</arg>
<arg>GB</arg>
<arg>GD</arg>
<arg>GE</arg>
<arg>GF</arg>
<arg>GG</arg>
<arg>GH</arg>
<arg>GI</arg>
<arg>GL</arg>
<arg>GM</arg>
<arg>GN</arg>
<arg>GP</arg>
<arg>GQ</arg>
<arg>GR</arg>
<arg>GS</arg>
<arg>GT</arg>
<arg>GU</arg>
<arg>GW</arg>
<arg>GY</arg>
<arg>HK</arg>
<arg>HM</arg>
<arg>HN</arg>
<arg>HR</arg>
<arg>HT</arg>
<arg>HU</arg>
<arg>ID</arg>
<arg>IE</arg>
<arg>IL</arg>
<arg>IM</arg>
<arg>IN</arg>
<arg>IO</arg>
<arg>IQ</arg>
<arg>IR</arg>
<arg>IS</arg>
<arg>IT</arg>
<arg>JE</arg>
<arg>JM</arg>
<arg>JO</arg>
<arg>JP</arg>
<arg>KE</arg>
<arg>KG</arg>
<arg>KH</arg>
<arg>KI</arg>
<arg>KM</arg>
<arg>KN</arg>
<arg>KP</arg>
<arg>KR</arg>
<arg>KW</arg>
<arg>KY</arg>
<arg>KZ</arg>
<arg>LA</arg>
<arg>LB</arg>
<arg>LC</arg>
<arg>LI</arg>
<arg>LK</arg>
<arg>LR</arg>
<arg>LS</arg>
<arg>LT</arg>
<arg>LU</arg>
<arg>LV</arg>
<arg>LY</arg>
<arg>MA</arg>
<arg>MC</arg>
<arg>MD</arg>
<arg>ME</arg>
<arg>MF</arg>
<arg>MG</arg>
<arg>MH</arg>
<arg>MK</arg>
<arg>ML</arg>
<arg>MM</arg>
<arg>MN</arg>
<arg>MO</arg>
<arg>MP</arg>
<arg>MQ</arg>
<arg>MR</arg>
<arg>MS</arg>
<arg>MT</arg>
<arg>MU</arg>
<arg>MV</arg>
<arg>MW</arg>
<arg>MX</arg>
<arg>MY</arg>
<arg>MZ</arg>
<arg>NA</arg>
<arg>NC</arg>
<arg>NE</arg>
<arg>NF</arg>
<arg>NG</arg>
<arg>NI</arg>
<arg>NL</arg>
<arg>NO</arg>
<arg>NP</arg>
<arg>NR</arg>
<arg>NU</arg>
<arg>NZ</arg>
<arg>OM</arg>
<arg>PA</arg>
<arg>PE</arg>
<arg>PF</arg>
<arg>PG</arg>
<arg>PH</arg>
<arg>PK</arg>
<arg>PL</arg>
<arg>PM</arg>
<arg>PN</arg>
<arg>PR</arg>
<arg>PS</arg>
<arg>PT</arg>
<arg>PW</arg>
<arg>PY</arg>
<arg>QA</arg>
<arg>RE</arg>
<arg>RO</arg>
<arg>RS</arg>
<arg>RU</arg>
<arg>RW</arg>
<arg>SA</arg>
<arg>SB</arg>
<arg>SC</arg>
<arg>SD</arg>
<arg>SE</arg>
<arg>SG</arg>
<arg>SH</arg>
<arg>SI</arg>
<arg>SJ</arg>
<arg>SK</arg>
<arg>SL</arg>
<arg>SM</arg>
<arg>SN</arg>
<arg>SO</arg>
<arg>SR</arg>
<arg>SS</arg>
<arg>ST</arg>
<arg>SV</arg>
<arg>SX</arg>
<arg>SY</arg>
<arg>SZ</arg>
<arg>TC</arg>
<arg>TD</arg>
<arg>TF</arg>
<arg>TG</arg>
<arg>TH</arg>
<arg>TJ</arg>
<arg>TK</arg>
<arg>TL</arg>
<arg>TM</arg>
<arg>TN</arg>
<arg>TO</arg>
<arg>TR</arg>
<arg>TT</arg>
<arg>TV</arg>
<arg>TW</arg>
<arg>TZ</arg>
<arg>UA</arg>
<arg>UG</arg>
<arg>UM</arg>
<arg>US</arg>
<arg>UY</arg>
<arg>UZ</arg>
<arg>VA</arg>
<arg>VC</arg>
<arg>VE</arg>
<arg>VG</arg>
<arg>VI</arg>
<arg>VN</arg>
<arg>VU</arg>
<arg>WF</arg>
<arg>WS</arg>
<arg>XK</arg>
<arg>YE</arg>
<arg>YT</arg>
<arg>ZA</arg>
<arg>ZM</arg>
<arg>ZW</arg>
<doc>Returns a list containing given items.</doc>
<status status="PASS" start="2024-08-01T09:15:12.784176" elapsed="0.000617"/>
</kw>
<kw name="List Should Contain Value" owner="Collections">
<arg>${list_country}</arg>
<arg>${name_country}</arg>
<doc>Fails if the ``value`` is not found from ``list``.</doc>
<status status="PASS" start="2024-08-01T09:15:12.785742" elapsed="0.000209"/>
</kw>
<kw name="Run Keyword If" owner="BuiltIn">
<kw name="Should Be True" owner="BuiltIn">
<arg>${True}</arg>
<doc>Fails if the given condition is not true.</doc>
<status status="PASS" start="2024-08-01T09:15:12.786929" elapsed="0.000150"/>
</kw>
<arg>${json_data["results"][0]["location"]["coordinates"]["latitude"]} &gt;= -90 and ${json_data["results"][0]["location"]["coordinates"]["latitude"]} &lt;= 90</arg>
<arg>Should Be True</arg>
<arg>${True}</arg>
<doc>Runs the given keyword with the given arguments, if ``condition`` is true.</doc>
<status status="PASS" start="2024-08-01T09:15:12.786149" elapsed="0.001055"/>
</kw>
<kw name="Run Keyword If" owner="BuiltIn">
<kw name="Should Be True" owner="BuiltIn">
<arg>${True}</arg>
<doc>Fails if the given condition is not true.</doc>
<status status="PASS" start="2024-08-01T09:15:12.788104" elapsed="0.000137"/>
</kw>
<arg>${json_data["results"][0]["location"]["coordinates"]["longitude"]} &gt;= -180 and ${json_data["results"][0]["location"]["coordinates"]["longitude"]} &lt;= 180</arg>
<arg>Should Be True</arg>
<arg>${True}</arg>
<doc>Runs the given keyword with the given arguments, if ``condition`` is true.</doc>
<status status="PASS" start="2024-08-01T09:15:12.787384" elapsed="0.000981"/>
</kw>
<status status="PASS" start="2024-08-01T09:15:12.679435" elapsed="0.109058"/>
</kw>
<doc>Testa o conteúdo específico dos campos retornados pela API.</doc>
<tag>testeConteudo</tag>
<status status="PASS" start="2024-08-01T09:15:12.678742" elapsed="0.109899"/>
</test>
<status status="PASS" start="2024-08-01T09:15:11.861144" elapsed="0.929408"/>
</suite>
<status status="PASS" start="2024-08-01T09:15:11.846310" elapsed="0.949249"/>
</suite>
<statistics>
<total>
<stat pass="5" fail="0" skip="0">All Tests</stat>
</total>
<tag>
<stat pass="1" fail="0" skip="0">testeConteudo</stat>
<stat pass="1" fail="0" skip="0">testeEstruturaResposta</stat>
<stat pass="1" fail="0" skip="0">testeRequisicaoBasica</stat>
<stat pass="1" fail="0" skip="0">testeTiposDados</stat>
</tag>
<suite>
<stat pass="5" fail="0" skip="0" id="s1" name="Tests">Tests</stat>
<stat pass="5" fail="0" skip="0" id="s1-s1" name="Random-User-Test">Tests.Random-User-Test</stat>
</suite>
</statistics>
<errors>
</errors>
</robot>
