<?xml version="1.0" encoding="UTF-8"?>
<robot generator="Robot 7.0 (Python 3.12.3 on linux)" generated="2024-06-01T11:14:37.916405" rpa="false" schemaversion="5">
<suite id="s1" name="Tests" source="/home/runner/work/ApiRandomUser/ApiRandomUser/RamdonUser/tests">
<suite id="s1-s1" name="Random-User-Test" source="/home/runner/work/ApiRandomUser/ApiRandomUser/RamdonUser/tests/random-user-test.robot">
<test id="s1-s1-t1" name="Conectar" line="13">
<kw name="Conectar API" owner="random-user-service">
<kw name="Create Session" owner="RequestsLibrary">
<msg time="2024-06-01T11:14:38.300164" level="INFO">Creating Session using : alias=consultarAPI, url=https://randomuser.me/, headers={},                     cookies={}, auth=None, timeout=None, proxies=None, verify=False,                     debug=0 </msg>
<arg>consultarAPI</arg>
<arg>${URL}</arg>
<doc>Create Session: create a HTTP session to a server</doc>
<status status="PASS" start="2024-06-01T11:14:38.299965" elapsed="0.000359"/>
</kw>
<status status="PASS" start="2024-06-01T11:14:38.299031" elapsed="0.001632"/>
</kw>
<status status="PASS" start="2024-06-01T11:14:38.298544" elapsed="0.002312"/>
</test>
<test id="s1-s1-t2" name="Validar retorno 200 e JSON Válido" line="16">
<kw name="Teste de Requisicao Basica" owner="random-user-service">
<kw name="GET On Session" owner="RequestsLibrary">
<msg time="2024-06-01T11:14:38.465406" level="INFO">GET Request : url=https://randomuser.me/api 
 path_url=/api 
 headers={'User-Agent': 'python-requests/2.32.3', 'Accept-Encoding': 'gzip, deflate', 'Accept': '*/*', 'Connection': 'keep-alive'} 
 body=None 
 </msg>
<msg time="2024-06-01T11:14:38.465512" level="INFO">GET Response : url=https://randomuser.me/api 
 status=200, reason=OK 
 headers={'Date': 'Sat, 01 Jun 2024 11:14:38 GMT', 'Content-Type': 'application/json; charset=utf-8', 'Transfer-Encoding': 'chunked', 'Connection': 'keep-alive', 'X-Powered-By': 'Express', 'Access-Control-Allow-Origin': '*', 'Cache-Control': 'no-cache', 'ETag': 'W/"48f-r+wqlFz5LAI1SsDgBleJmB12uXc"', 'Vary': 'Accept-Encoding', 'Content-Encoding': 'gzip', 'CF-Cache-Status': 'DYNAMIC', 'Report-To': '{"endpoints":[{"url":"https:\\/\\/a.nel.cloudflare.com\\/report\\/v4?s=nU5woXVr2wfwuPF1AJ%2FhqjZ8W%2FaqhjT9grFsNB337LH5vGGuHsiDK7iVjlX3ZRpHVvnKqEaWqKULHG29aUXw9a1%2F0qK32SFn52GYf%2BaEmFNo0x2xIQ4XmlerGJ1fC6TU"}],"group":"cf-nel","max_age":604800}', 'NEL': '{"success_fraction":0,"report_to":"cf-nel","max_age":604800}', 'Server': 'cloudflare', 'CF-RAY': '88cec7fe388b86f4-IAD', 'alt-svc': 'h3=":443"; ma=86400'} 
 body={"results":[{"gender":"male","name":{"title":"Mr","first":"Beau","last":"King"},"location":{"street":{"number":9847,"name":"Tongariro Street"},"city":"Hastings","state":"Marlborough","country":"New Zealand","postcode":55772,"coordinates":{"latitude":"50.5298","longitude":"-132.3927"},"timezone":{"offset":"+11:00","description":"Magadan, Solomon Islands, New Caledonia"}},"email":"beau.king@example.com","login":{"uuid":"26ffe468-3ad5-47d9-b551-7d6f206aeb10","username":"greenbutterfly533","password":"eight","salt":"mOYxBZKn","md5":"62d353cd3f209c66550309041736f6bd","sha1":"b90568f8077a8e75853e73d9e34ee4bca927cf41","sha256":"8627848a5a5e0d9ecc71f33baecf1c82cd6bd896153ef43d44a49dfac31ddcc8"},"dob":{"date":"1991-08-07T07:10:36.676Z","age":32},"registered":{"date":"2010-06-29T02:56:28.812Z","age":13},"phone":"(103)-687-1040","cell":"(595)-965-7280","id":{"name":"","value":null},"picture":{"large":"https://randomuser.me/api/portraits/men/95.jpg","medium":"https://randomuser.me/api/portraits/med/men/95.jpg","thumbnail":"https://randomuser.me/api/portraits/thumb/men/95.jpg"},"nat":"NZ"}],"info":{"seed":"7407adfdb557c4cb","results":1,"page":1,"version":"1.4"}} 
 </msg>
<msg time="2024-06-01T11:14:38.465582" level="INFO">/opt/hostedtoolcache/Python/3.12.3/x64/lib/python3.12/site-packages/urllib3/connectionpool.py:1103: InsecureRequestWarning: Unverified HTTPS request is being made to host 'randomuser.me'. Adding certificate verification is strongly advised. See: https://urllib3.readthedocs.io/en/latest/advanced-usage.html#tls-warnings
  warnings.warn(</msg>
<msg time="2024-06-01T11:14:38.465703" level="INFO">${response} = &lt;Response [200]&gt;</msg>
<var>${response}</var>
<arg>consultarAPI</arg>
<arg>/api</arg>
<doc>Sends a GET request on a previously created HTTP Session.</doc>
<status status="PASS" start="2024-06-01T11:14:38.303431" elapsed="0.162313"/>
</kw>
<kw name="Should Be Equal As Numbers" owner="BuiltIn">
<msg time="2024-06-01T11:14:38.466763" level="INFO">Argument types are:
&lt;class 'int'&gt;
&lt;class 'str'&gt;</msg>
<arg>${response.status_code}</arg>
<arg>200</arg>
<doc>Fails if objects are unequal after converting them to real numbers.</doc>
<status status="PASS" start="2024-06-01T11:14:38.466242" elapsed="0.000584"/>
</kw>
<kw name="Log" owner="BuiltIn">
<msg time="2024-06-01T11:14:38.467559" level="INFO">200</msg>
<arg>${response.status_code}</arg>
<doc>Logs the given message with the given level.</doc>
<status status="PASS" start="2024-06-01T11:14:38.467170" elapsed="0.000438"/>
</kw>
<kw name="Set Variable" owner="BuiltIn">
<msg time="2024-06-01T11:14:38.468346" level="INFO">${json_data} = {'results': [{'gender': 'male', 'name': {'title': 'Mr', 'first': 'Beau', 'last': 'King'}, 'location': {'street': {'number': 9847, 'name': 'Tongariro Street'}, 'city': 'Hastings', 'state': 'Marlborough...</msg>
<var>${json_data}</var>
<arg>${response.json()}</arg>
<doc>Returns the given values which can then be assigned to a variables.</doc>
<status status="PASS" start="2024-06-01T11:14:38.467919" elapsed="0.000455"/>
</kw>
<kw name="Dictionary Should Contain Key" owner="Collections">
<msg time="2024-06-01T11:14:38.468841" level="INFO">False</msg>
<arg>${json_data}</arg>
<arg>results</arg>
<doc>Fails if ``key`` is not found from ``dictionary``.</doc>
<status status="PASS" start="2024-06-01T11:14:38.468674" elapsed="0.000207"/>
</kw>
<status status="PASS" start="2024-06-01T11:14:38.303159" elapsed="0.165976"/>
</kw>
<doc>Testa se a API responde corretamente e retorna um objeto JSON válido.</doc>
<tag>testeRequisicaoBasica</tag>
<status status="PASS" start="2024-06-01T11:14:38.302693" elapsed="0.166612"/>
</test>
<test id="s1-s1-t3" name="Validar estrutura de resposta" line="22">
<kw name="Teste de Estrutura de Resposta" owner="random-user-service">
<kw name="GET On Session" owner="RequestsLibrary">
<msg time="2024-06-01T11:14:38.581957" level="INFO">GET Request : url=https://randomuser.me/api 
 path_url=/api 
 headers={'User-Agent': 'python-requests/2.32.3', 'Accept-Encoding': 'gzip, deflate', 'Accept': '*/*', 'Connection': 'keep-alive'} 
 body=None 
 </msg>
<msg time="2024-06-01T11:14:38.582043" level="INFO">GET Response : url=https://randomuser.me/api 
 status=200, reason=OK 
 headers={'Date': 'Sat, 01 Jun 2024 11:14:38 GMT', 'Content-Type': 'application/json; charset=utf-8', 'Transfer-Encoding': 'chunked', 'Connection': 'keep-alive', 'X-Powered-By': 'Express', 'Access-Control-Allow-Origin': '*', 'Cache-Control': 'no-cache', 'ETag': 'W/"48a-eE+v9bLEcGs3x+epv19TY3/LYLU"', 'Vary': 'Accept-Encoding', 'Content-Encoding': 'gzip', 'CF-Cache-Status': 'DYNAMIC', 'Report-To': '{"endpoints":[{"url":"https:\\/\\/a.nel.cloudflare.com\\/report\\/v4?s=4Z7YwG5Ahf7C4JZMhfzXNid1jaZDvWSX4CFOUKoyhU9VlME%2FVywqNahuU2BpANV%2B7OQ0YqlV%2FouMNVsjIBFOMb01wc%2FghExxUyG%2Bvk1ZzuEjYnkwZuRr7iBkD6EcyU5f"}],"group":"cf-nel","max_age":604800}', 'NEL': '{"success_fraction":0,"report_to":"cf-nel","max_age":604800}', 'Server': 'cloudflare', 'CF-RAY': '88cec7fe78c286f4-IAD', 'alt-svc': 'h3=":443"; ma=86400'} 
 body={"results":[{"gender":"female","name":{"title":"Ms","first":"Mildred","last":"Romero"},"location":{"street":{"number":1351,"name":"Pockrus Page Rd"},"city":"Ballarat","state":"Northern Territory","country":"Australia","postcode":8329,"coordinates":{"latitude":"-85.2383","longitude":"75.3564"},"timezone":{"offset":"-10:00","description":"Hawaii"}},"email":"mildred.romero@example.com","login":{"uuid":"bcc12a14-76e7-45ed-bcaf-a8078dd8dd6a","username":"yellowostrich583","password":"operator","salt":"y6Du4Z9W","md5":"ab06da7e5150283777ca895c17b60fb9","sha1":"b681627af47896872eb97df337cfcfb51ed208cd","sha256":"f1c9694e009509983654beaf68d2343d9590999979afdfc2ab05ce0144dd2d1b"},"dob":{"date":"1946-04-13T07:48:04.772Z","age":78},"registered":{"date":"2011-12-08T23:32:54.827Z","age":12},"phone":"08-8588-3686","cell":"0463-441-103","id":{"name":"TFN","value":"194272076"},"picture":{"large":"https://randomuser.me/api/portraits/women/52.jpg","medium":"https://randomuser.me/api/portraits/med/women/52.jpg","thumbnail":"https://randomuser.me/api/portraits/thumb/women/52.jpg"},"nat":"AU"}],"info":{"seed":"d802182c2eaa8b05","results":1,"page":1,"version":"1.4"}} 
 </msg>
<msg time="2024-06-01T11:14:38.582160" level="INFO">/opt/hostedtoolcache/Python/3.12.3/x64/lib/python3.12/site-packages/urllib3/connectionpool.py:1103: InsecureRequestWarning: Unverified HTTPS request is being made to host 'randomuser.me'. Adding certificate verification is strongly advised. See: https://urllib3.readthedocs.io/en/latest/advanced-usage.html#tls-warnings
  warnings.warn(</msg>
<msg time="2024-06-01T11:14:38.582300" level="INFO">${response} = &lt;Response [200]&gt;</msg>
<var>${response}</var>
<arg>consultarAPI</arg>
<arg>/api</arg>
<doc>Sends a GET request on a previously created HTTP Session.</doc>
<status status="PASS" start="2024-06-01T11:14:38.471899" elapsed="0.110599"/>
</kw>
<kw name="Set Variable" owner="BuiltIn">
<msg time="2024-06-01T11:14:38.583623" level="INFO">${json_data} = {'results': [{'gender': 'female', 'name': {'title': 'Ms', 'first': 'Mildred', 'last': 'Romero'}, 'location': {'street': {'number': 1351, 'name': 'Pockrus Page Rd'}, 'city': 'Ballarat', 'state': 'North...</msg>
<var>${json_data}</var>
<arg>${response.json()}</arg>
<doc>Returns the given values which can then be assigned to a variables.</doc>
<status status="PASS" start="2024-06-01T11:14:38.582981" elapsed="0.000685"/>
</kw>
<kw name="Log" owner="BuiltIn">
<msg time="2024-06-01T11:14:38.584182" level="INFO">{'results': [{'gender': 'female', 'name': {'title': 'Ms', 'first': 'Mildred', 'last': 'Romero'}, 'location': {'street': {'number': 1351, 'name': 'Pockrus Page Rd'}, 'city': 'Ballarat', 'state': 'Northern Territory', 'country': 'Australia', 'postcode': 8329, 'coordinates': {'latitude': '-85.2383', 'longitude': '75.3564'}, 'timezone': {'offset': '-10:00', 'description': 'Hawaii'}}, 'email': 'mildred.romero@example.com', 'login': {'uuid': 'bcc12a14-76e7-45ed-bcaf-a8078dd8dd6a', 'username': 'yellowostrich583', 'password': 'operator', 'salt': 'y6Du4Z9W', 'md5': 'ab06da7e5150283777ca895c17b60fb9', 'sha1': 'b681627af47896872eb97df337cfcfb51ed208cd', 'sha256': 'f1c9694e009509983654beaf68d2343d9590999979afdfc2ab05ce0144dd2d1b'}, 'dob': {'date': '1946-04-13T07:48:04.772Z', 'age': 78}, 'registered': {'date': '2011-12-08T23:32:54.827Z', 'age': 12}, 'phone': '08-8588-3686', 'cell': '0463-441-103', 'id': {'name': 'TFN', 'value': '194272076'}, 'picture': {'large': 'https://randomuser.me/api/portraits/women/52.jpg', 'medium': 'https://randomuser.me/api/portraits/med/women/52.jpg', 'thumbnail': 'https://randomuser.me/api/portraits/thumb/women/52.jpg'}, 'nat': 'AU'}], 'info': {'seed': 'd802182c2eaa8b05', 'results': 1, 'page': 1, 'version': '1.4'}}</msg>
<arg>${json_data}</arg>
<doc>Logs the given message with the given level.</doc>
<status status="PASS" start="2024-06-01T11:14:38.584025" elapsed="0.000209"/>
</kw>
<kw name="Dictionary Should Contain Key" owner="Collections">
<msg time="2024-06-01T11:14:38.584709" level="INFO">False</msg>
<arg>${json_data}</arg>
<arg>results</arg>
<doc>Fails if ``key`` is not found from ``dictionary``.</doc>
<status status="PASS" start="2024-06-01T11:14:38.584555" elapsed="0.000191"/>
</kw>
<kw name="Should Not Be Empty" owner="BuiltIn">
<msg time="2024-06-01T11:14:38.585190" level="INFO">Length is 2.</msg>
<arg>${json_data}</arg>
<doc>Verifies that the given item is not empty.</doc>
<status status="PASS" start="2024-06-01T11:14:38.585055" elapsed="0.000174"/>
</kw>
<kw name="Create List" owner="BuiltIn">
<msg time="2024-06-01T11:14:38.585795" level="INFO">${expected_keys} = ['gender', 'name', 'location', 'email', 'login']</msg>
<var>${expected_keys}</var>
<arg>gender</arg>
<arg>name</arg>
<arg>location</arg>
<arg>email</arg>
<arg>login</arg>
<doc>Returns a list containing given items.</doc>
<status status="PASS" start="2024-06-01T11:14:38.585519" elapsed="0.000300"/>
</kw>
<for flavor="IN">
<iter>
<kw name="Dictionary Should Contain Key" owner="Collections">
<msg time="2024-06-01T11:14:38.586782" level="INFO">False</msg>
<arg>${json_data['results'][0]}</arg>
<arg>${key}</arg>
<doc>Fails if ``key`` is not found from ``dictionary``.</doc>
<status status="PASS" start="2024-06-01T11:14:38.586390" elapsed="0.000430"/>
</kw>
<kw name="Log" owner="BuiltIn">
<msg time="2024-06-01T11:14:38.587524" level="INFO">{'gender': 'female', 'name': {'title': 'Ms', 'first': 'Mildred', 'last': 'Romero'}, 'location': {'street': {'number': 1351, 'name': 'Pockrus Page Rd'}, 'city': 'Ballarat', 'state': 'Northern Territory', 'country': 'Australia', 'postcode': 8329, 'coordinates': {'latitude': '-85.2383', 'longitude': '75.3564'}, 'timezone': {'offset': '-10:00', 'description': 'Hawaii'}}, 'email': 'mildred.romero@example.com', 'login': {'uuid': 'bcc12a14-76e7-45ed-bcaf-a8078dd8dd6a', 'username': 'yellowostrich583', 'password': 'operator', 'salt': 'y6Du4Z9W', 'md5': 'ab06da7e5150283777ca895c17b60fb9', 'sha1': 'b681627af47896872eb97df337cfcfb51ed208cd', 'sha256': 'f1c9694e009509983654beaf68d2343d9590999979afdfc2ab05ce0144dd2d1b'}, 'dob': {'date': '1946-04-13T07:48:04.772Z', 'age': 78}, 'registered': {'date': '2011-12-08T23:32:54.827Z', 'age': 12}, 'phone': '08-8588-3686', 'cell': '0463-441-103', 'id': {'name': 'TFN', 'value': '194272076'}, 'picture': {'large': 'https://randomuser.me/api/portraits/women/52.jpg', 'medium': 'https://randomuser.me/api/portraits/med/women/52.jpg', 'thumbnail': 'https://randomuser.me/api/portraits/thumb/women/52.jpg'}, 'nat': 'AU'}</msg>
<arg>${json_data['results'][0]}</arg>
<doc>Logs the given message with the given level.</doc>
<status status="PASS" start="2024-06-01T11:14:38.587121" elapsed="0.000452"/>
</kw>
<kw name="Log" owner="BuiltIn">
<msg time="2024-06-01T11:14:38.588002" level="INFO">gender</msg>
<arg>${key}</arg>
<doc>Logs the given message with the given level.</doc>
<status status="PASS" start="2024-06-01T11:14:38.587872" elapsed="0.000167"/>
</kw>
<var name="${key}">gender</var>
<status status="PASS" start="2024-06-01T11:14:38.586265" elapsed="0.001991"/>
</iter>
<iter>
<kw name="Dictionary Should Contain Key" owner="Collections">
<msg time="2024-06-01T11:14:38.588945" level="INFO">False</msg>
<arg>${json_data['results'][0]}</arg>
<arg>${key}</arg>
<doc>Fails if ``key`` is not found from ``dictionary``.</doc>
<status status="PASS" start="2024-06-01T11:14:38.588559" elapsed="0.000423"/>
</kw>
<kw name="Log" owner="BuiltIn">
<msg time="2024-06-01T11:14:38.589665" level="INFO">{'gender': 'female', 'name': {'title': 'Ms', 'first': 'Mildred', 'last': 'Romero'}, 'location': {'street': {'number': 1351, 'name': 'Pockrus Page Rd'}, 'city': 'Ballarat', 'state': 'Northern Territory', 'country': 'Australia', 'postcode': 8329, 'coordinates': {'latitude': '-85.2383', 'longitude': '75.3564'}, 'timezone': {'offset': '-10:00', 'description': 'Hawaii'}}, 'email': 'mildred.romero@example.com', 'login': {'uuid': 'bcc12a14-76e7-45ed-bcaf-a8078dd8dd6a', 'username': 'yellowostrich583', 'password': 'operator', 'salt': 'y6Du4Z9W', 'md5': 'ab06da7e5150283777ca895c17b60fb9', 'sha1': 'b681627af47896872eb97df337cfcfb51ed208cd', 'sha256': 'f1c9694e009509983654beaf68d2343d9590999979afdfc2ab05ce0144dd2d1b'}, 'dob': {'date': '1946-04-13T07:48:04.772Z', 'age': 78}, 'registered': {'date': '2011-12-08T23:32:54.827Z', 'age': 12}, 'phone': '08-8588-3686', 'cell': '0463-441-103', 'id': {'name': 'TFN', 'value': '194272076'}, 'picture': {'large': 'https://randomuser.me/api/portraits/women/52.jpg', 'medium': 'https://randomuser.me/api/portraits/med/women/52.jpg', 'thumbnail': 'https://randomuser.me/api/portraits/thumb/women/52.jpg'}, 'nat': 'AU'}</msg>
<arg>${json_data['results'][0]}</arg>
<doc>Logs the given message with the given level.</doc>
<status status="PASS" start="2024-06-01T11:14:38.589306" elapsed="0.000406"/>
</kw>
<kw name="Log" owner="BuiltIn">
<msg time="2024-06-01T11:14:38.590138" level="INFO">name</msg>
<arg>${key}</arg>
<doc>Logs the given message with the given level.</doc>
<status status="PASS" start="2024-06-01T11:14:38.590010" elapsed="0.000164"/>
</kw>
<var name="${key}">name</var>
<status status="PASS" start="2024-06-01T11:14:38.588443" elapsed="0.001947"/>
</iter>
<iter>
<kw name="Dictionary Should Contain Key" owner="Collections">
<msg time="2024-06-01T11:14:38.591059" level="INFO">False</msg>
<arg>${json_data['results'][0]}</arg>
<arg>${key}</arg>
<doc>Fails if ``key`` is not found from ``dictionary``.</doc>
<status status="PASS" start="2024-06-01T11:14:38.590679" elapsed="0.000418"/>
</kw>
<kw name="Log" owner="BuiltIn">
<msg time="2024-06-01T11:14:38.591779" level="INFO">{'gender': 'female', 'name': {'title': 'Ms', 'first': 'Mildred', 'last': 'Romero'}, 'location': {'street': {'number': 1351, 'name': 'Pockrus Page Rd'}, 'city': 'Ballarat', 'state': 'Northern Territory', 'country': 'Australia', 'postcode': 8329, 'coordinates': {'latitude': '-85.2383', 'longitude': '75.3564'}, 'timezone': {'offset': '-10:00', 'description': 'Hawaii'}}, 'email': 'mildred.romero@example.com', 'login': {'uuid': 'bcc12a14-76e7-45ed-bcaf-a8078dd8dd6a', 'username': 'yellowostrich583', 'password': 'operator', 'salt': 'y6Du4Z9W', 'md5': 'ab06da7e5150283777ca895c17b60fb9', 'sha1': 'b681627af47896872eb97df337cfcfb51ed208cd', 'sha256': 'f1c9694e009509983654beaf68d2343d9590999979afdfc2ab05ce0144dd2d1b'}, 'dob': {'date': '1946-04-13T07:48:04.772Z', 'age': 78}, 'registered': {'date': '2011-12-08T23:32:54.827Z', 'age': 12}, 'phone': '08-8588-3686', 'cell': '0463-441-103', 'id': {'name': 'TFN', 'value': '194272076'}, 'picture': {'large': 'https://randomuser.me/api/portraits/women/52.jpg', 'medium': 'https://randomuser.me/api/portraits/med/women/52.jpg', 'thumbnail': 'https://randomuser.me/api/portraits/thumb/women/52.jpg'}, 'nat': 'AU'}</msg>
<arg>${json_data['results'][0]}</arg>
<doc>Logs the given message with the given level.</doc>
<status status="PASS" start="2024-06-01T11:14:38.591421" elapsed="0.000406"/>
</kw>
<kw name="Log" owner="BuiltIn">
<msg time="2024-06-01T11:14:38.592258" level="INFO">location</msg>
<arg>${key}</arg>
<doc>Logs the given message with the given level.</doc>
<status status="PASS" start="2024-06-01T11:14:38.592131" elapsed="0.000165"/>
</kw>
<var name="${key}">location</var>
<status status="PASS" start="2024-06-01T11:14:38.590568" elapsed="0.001941"/>
</iter>
<iter>
<kw name="Dictionary Should Contain Key" owner="Collections">
<msg time="2024-06-01T11:14:38.593175" level="INFO">False</msg>
<arg>${json_data['results'][0]}</arg>
<arg>${key}</arg>
<doc>Fails if ``key`` is not found from ``dictionary``.</doc>
<status status="PASS" start="2024-06-01T11:14:38.592797" elapsed="0.000415"/>
</kw>
<kw name="Log" owner="BuiltIn">
<msg time="2024-06-01T11:14:38.593858" level="INFO">{'gender': 'female', 'name': {'title': 'Ms', 'first': 'Mildred', 'last': 'Romero'}, 'location': {'street': {'number': 1351, 'name': 'Pockrus Page Rd'}, 'city': 'Ballarat', 'state': 'Northern Territory', 'country': 'Australia', 'postcode': 8329, 'coordinates': {'latitude': '-85.2383', 'longitude': '75.3564'}, 'timezone': {'offset': '-10:00', 'description': 'Hawaii'}}, 'email': 'mildred.romero@example.com', 'login': {'uuid': 'bcc12a14-76e7-45ed-bcaf-a8078dd8dd6a', 'username': 'yellowostrich583', 'password': 'operator', 'salt': 'y6Du4Z9W', 'md5': 'ab06da7e5150283777ca895c17b60fb9', 'sha1': 'b681627af47896872eb97df337cfcfb51ed208cd', 'sha256': 'f1c9694e009509983654beaf68d2343d9590999979afdfc2ab05ce0144dd2d1b'}, 'dob': {'date': '1946-04-13T07:48:04.772Z', 'age': 78}, 'registered': {'date': '2011-12-08T23:32:54.827Z', 'age': 12}, 'phone': '08-8588-3686', 'cell': '0463-441-103', 'id': {'name': 'TFN', 'value': '194272076'}, 'picture': {'large': 'https://randomuser.me/api/portraits/women/52.jpg', 'medium': 'https://randomuser.me/api/portraits/med/women/52.jpg', 'thumbnail': 'https://randomuser.me/api/portraits/thumb/women/52.jpg'}, 'nat': 'AU'}</msg>
<arg>${json_data['results'][0]}</arg>
<doc>Logs the given message with the given level.</doc>
<status status="PASS" start="2024-06-01T11:14:38.593504" elapsed="0.000404"/>
</kw>
<kw name="Log" owner="BuiltIn">
<msg time="2024-06-01T11:14:38.594331" level="INFO">email</msg>
<arg>${key}</arg>
<doc>Logs the given message with the given level.</doc>
<status status="PASS" start="2024-06-01T11:14:38.594202" elapsed="0.000166"/>
</kw>
<var name="${key}">email</var>
<status status="PASS" start="2024-06-01T11:14:38.592681" elapsed="0.001902"/>
</iter>
<iter>
<kw name="Dictionary Should Contain Key" owner="Collections">
<msg time="2024-06-01T11:14:38.595257" level="INFO">False</msg>
<arg>${json_data['results'][0]}</arg>
<arg>${key}</arg>
<doc>Fails if ``key`` is not found from ``dictionary``.</doc>
<status status="PASS" start="2024-06-01T11:14:38.594864" elapsed="0.000460"/>
</kw>
<kw name="Log" owner="BuiltIn">
<msg time="2024-06-01T11:14:38.595999" level="INFO">{'gender': 'female', 'name': {'title': 'Ms', 'first': 'Mildred', 'last': 'Romero'}, 'location': {'street': {'number': 1351, 'name': 'Pockrus Page Rd'}, 'city': 'Ballarat', 'state': 'Northern Territory', 'country': 'Australia', 'postcode': 8329, 'coordinates': {'latitude': '-85.2383', 'longitude': '75.3564'}, 'timezone': {'offset': '-10:00', 'description': 'Hawaii'}}, 'email': 'mildred.romero@example.com', 'login': {'uuid': 'bcc12a14-76e7-45ed-bcaf-a8078dd8dd6a', 'username': 'yellowostrich583', 'password': 'operator', 'salt': 'y6Du4Z9W', 'md5': 'ab06da7e5150283777ca895c17b60fb9', 'sha1': 'b681627af47896872eb97df337cfcfb51ed208cd', 'sha256': 'f1c9694e009509983654beaf68d2343d9590999979afdfc2ab05ce0144dd2d1b'}, 'dob': {'date': '1946-04-13T07:48:04.772Z', 'age': 78}, 'registered': {'date': '2011-12-08T23:32:54.827Z', 'age': 12}, 'phone': '08-8588-3686', 'cell': '0463-441-103', 'id': {'name': 'TFN', 'value': '194272076'}, 'picture': {'large': 'https://randomuser.me/api/portraits/women/52.jpg', 'medium': 'https://randomuser.me/api/portraits/med/women/52.jpg', 'thumbnail': 'https://randomuser.me/api/portraits/thumb/women/52.jpg'}, 'nat': 'AU'}</msg>
<arg>${json_data['results'][0]}</arg>
<doc>Logs the given message with the given level.</doc>
<status status="PASS" start="2024-06-01T11:14:38.595633" elapsed="0.000415"/>
</kw>
<kw name="Log" owner="BuiltIn">
<msg time="2024-06-01T11:14:38.596469" level="INFO">login</msg>
<arg>${key}</arg>
<doc>Logs the given message with the given level.</doc>
<status status="PASS" start="2024-06-01T11:14:38.596341" elapsed="0.000167"/>
</kw>
<var name="${key}">login</var>
<status status="PASS" start="2024-06-01T11:14:38.594753" elapsed="0.001990"/>
</iter>
<var>${key}</var>
<value>@{expected_keys}</value>
<status status="PASS" start="2024-06-01T11:14:38.586079" elapsed="0.010788"/>
</for>
<kw name="Create List" owner="BuiltIn">
<msg time="2024-06-01T11:14:38.597202" level="INFO">${expected_keysTwo} = ['username', 'password']</msg>
<var>${expected_keysTwo}</var>
<arg>username</arg>
<arg>password</arg>
<doc>Returns a list containing given items.</doc>
<status status="PASS" start="2024-06-01T11:14:38.597063" elapsed="0.000162"/>
</kw>
<for flavor="IN">
<iter>
<kw name="Dictionary Should Contain Key" owner="Collections">
<msg time="2024-06-01T11:14:38.598103" level="INFO">False</msg>
<arg>${json_data['results'][0]['login']}</arg>
<arg>${keyTwo}</arg>
<doc>Fails if ``key`` is not found from ``dictionary``.</doc>
<status status="PASS" start="2024-06-01T11:14:38.597722" elapsed="0.000418"/>
</kw>
<kw name="Dictionary Should Contain Key" owner="Collections">
<msg time="2024-06-01T11:14:38.598821" level="INFO">False</msg>
<arg>${json_data['results'][0]['login']}</arg>
<arg>${keyTwo}</arg>
<doc>Fails if ``key`` is not found from ``dictionary``.</doc>
<status status="PASS" start="2024-06-01T11:14:38.598433" elapsed="0.000426"/>
</kw>
<kw name="Log" owner="BuiltIn">
<msg time="2024-06-01T11:14:38.599278" level="INFO">username</msg>
<arg>${keyTwo}</arg>
<doc>Logs the given message with the given level.</doc>
<status status="PASS" start="2024-06-01T11:14:38.599151" elapsed="0.000186"/>
</kw>
<var name="${keyTwo}">username</var>
<status status="PASS" start="2024-06-01T11:14:38.597613" elapsed="0.001942"/>
</iter>
<iter>
<kw name="Dictionary Should Contain Key" owner="Collections">
<msg time="2024-06-01T11:14:38.600225" level="INFO">False</msg>
<arg>${json_data['results'][0]['login']}</arg>
<arg>${keyTwo}</arg>
<doc>Fails if ``key`` is not found from ``dictionary``.</doc>
<status status="PASS" start="2024-06-01T11:14:38.599845" elapsed="0.000418"/>
</kw>
<kw name="Dictionary Should Contain Key" owner="Collections">
<msg time="2024-06-01T11:14:38.601008" level="INFO">False</msg>
<arg>${json_data['results'][0]['login']}</arg>
<arg>${keyTwo}</arg>
<doc>Fails if ``key`` is not found from ``dictionary``.</doc>
<status status="PASS" start="2024-06-01T11:14:38.600553" elapsed="0.000493"/>
</kw>
<kw name="Log" owner="BuiltIn">
<msg time="2024-06-01T11:14:38.601469" level="INFO">password</msg>
<arg>${keyTwo}</arg>
<doc>Logs the given message with the given level.</doc>
<status status="PASS" start="2024-06-01T11:14:38.601341" elapsed="0.000165"/>
</kw>
<var name="${keyTwo}">password</var>
<status status="PASS" start="2024-06-01T11:14:38.599731" elapsed="0.001988"/>
</iter>
<var>${keyTwo}</var>
<value>@{expected_keysTwo}</value>
<status status="PASS" start="2024-06-01T11:14:38.597463" elapsed="0.004376"/>
</for>
<status status="PASS" start="2024-06-01T11:14:38.471667" elapsed="0.130309"/>
</kw>
<doc>Testa a estrutura da resposta da API.</doc>
<tag>testeEstruturaResposta</tag>
<status status="PASS" start="2024-06-01T11:14:38.471093" elapsed="0.131030"/>
</test>
<test id="s1-s1-t4" name="Validar tipos de dados" line="28">
<kw name="Teste de Tipos de Dados" owner="random-user-service">
<kw name="GET On Session" owner="RequestsLibrary">
<msg time="2024-06-01T11:14:38.666086" level="INFO">GET Request : url=https://randomuser.me/api 
 path_url=/api 
 headers={'User-Agent': 'python-requests/2.32.3', 'Accept-Encoding': 'gzip, deflate', 'Accept': '*/*', 'Connection': 'keep-alive'} 
 body=None 
 </msg>
<msg time="2024-06-01T11:14:38.666169" level="INFO">GET Response : url=https://randomuser.me/api 
 status=200, reason=OK 
 headers={'Date': 'Sat, 01 Jun 2024 11:14:38 GMT', 'Content-Type': 'application/json; charset=utf-8', 'Transfer-Encoding': 'chunked', 'Connection': 'keep-alive', 'X-Powered-By': 'Express', 'Access-Control-Allow-Origin': '*', 'Cache-Control': 'no-cache', 'ETag': 'W/"494-9CvymHpKPbzyKgR9VpkhuLfAE/E"', 'Vary': 'Accept-Encoding', 'Content-Encoding': 'gzip', 'CF-Cache-Status': 'DYNAMIC', 'Report-To': '{"endpoints":[{"url":"https:\\/\\/a.nel.cloudflare.com\\/report\\/v4?s=3fXGLOWU5uBpvbZBj1WJyJ7HYgCc2H65oI9CW6KrM%2FPjASZp2eHndw6arMmQz9ycKGM0ytlTaURIi10OlbJhiIg4p6D7hz0OEEniM8av4uiNKb77JQfBcPDW96ChA82B"}],"group":"cf-nel","max_age":604800}', 'NEL': '{"success_fraction":0,"report_to":"cf-nel","max_age":604800}', 'Server': 'cloudflare', 'CF-RAY': '88cec7ff499e86f4-IAD', 'alt-svc': 'h3=":443"; ma=86400'} 
 body={"results":[{"gender":"female","name":{"title":"Miss","first":"Nawal","last":"Bjørkum"},"location":{"street":{"number":2808,"name":"Thurmanns gate"},"city":"Neskollen","state":"Finnmark - Finnmárku","country":"Norway","postcode":"3246","coordinates":{"latitude":"42.3754","longitude":"21.9841"},"timezone":{"offset":"-8:00","description":"Pacific Time (US &amp; Canada)"}},"email":"nawal.bjorkum@example.com","login":{"uuid":"b1124d84-82ee-462e-aaf9-97ceb9a0755c","username":"purplelion495","password":"webmaste","salt":"j57xk4AQ","md5":"dc847e3aaf3187b69a951b41ea51fd88","sha1":"487f21c452f7fcc0bc5cf43fa9e71a137e51e4a7","sha256":"d901ff59e01a802169f232ddce7c4a6efa4ef4f7b48dbf27e7eda9fddaf8ca2b"},"dob":{"date":"1989-12-05T10:19:00.958Z","age":34},"registered":{"date":"2021-01-21T14:14:50.325Z","age":3},"phone":"66043377","cell":"41156517","id":{"name":"FN","value":"05128919645"},"picture":{"large":"https://randomuser.me/api/portraits/women/70.jpg","medium":"https://randomuser.me/api/portraits/med/women/70.jpg","thumbnail":"https://randomuser.me/api/portraits/thumb/women/70.jpg"},"nat":"NO"}],"info":{"seed":"f0cfe9dec5d970ea","results":1,"page":1,"version":"1.4"}} 
 </msg>
<msg time="2024-06-01T11:14:38.666247" level="INFO">/opt/hostedtoolcache/Python/3.12.3/x64/lib/python3.12/site-packages/urllib3/connectionpool.py:1103: InsecureRequestWarning: Unverified HTTPS request is being made to host 'randomuser.me'. Adding certificate verification is strongly advised. See: https://urllib3.readthedocs.io/en/latest/advanced-usage.html#tls-warnings
  warnings.warn(</msg>
<msg time="2024-06-01T11:14:38.666374" level="INFO">${response} = &lt;Response [200]&gt;</msg>
<var>${response}</var>
<arg>consultarAPI</arg>
<arg>/api</arg>
<doc>Sends a GET request on a previously created HTTP Session.</doc>
<status status="PASS" start="2024-06-01T11:14:38.604623" elapsed="0.061802"/>
</kw>
<kw name="Set Variable" owner="BuiltIn">
<msg time="2024-06-01T11:14:38.667568" level="INFO">${json_data} = {'results': [{'gender': 'female', 'name': {'title': 'Miss', 'first': 'Nawal', 'last': 'Bjørkum'}, 'location': {'street': {'number': 2808, 'name': 'Thurmanns gate'}, 'city': 'Neskollen', 'state': 'Finn...</msg>
<var>${json_data}</var>
<arg>${response.json()}</arg>
<doc>Returns the given values which can then be assigned to a variables.</doc>
<status status="PASS" start="2024-06-01T11:14:38.666967" elapsed="0.000631"/>
</kw>
<kw name="Log" owner="BuiltIn">
<msg time="2024-06-01T11:14:38.668059" level="INFO">{'results': [{'gender': 'female', 'name': {'title': 'Miss', 'first': 'Nawal', 'last': 'Bjørkum'}, 'location': {'street': {'number': 2808, 'name': 'Thurmanns gate'}, 'city': 'Neskollen', 'state': 'Finnmark - Finnmárku', 'country': 'Norway', 'postcode': '3246', 'coordinates': {'latitude': '42.3754', 'longitude': '21.9841'}, 'timezone': {'offset': '-8:00', 'description': 'Pacific Time (US &amp; Canada)'}}, 'email': 'nawal.bjorkum@example.com', 'login': {'uuid': 'b1124d84-82ee-462e-aaf9-97ceb9a0755c', 'username': 'purplelion495', 'password': 'webmaste', 'salt': 'j57xk4AQ', 'md5': 'dc847e3aaf3187b69a951b41ea51fd88', 'sha1': '487f21c452f7fcc0bc5cf43fa9e71a137e51e4a7', 'sha256': 'd901ff59e01a802169f232ddce7c4a6efa4ef4f7b48dbf27e7eda9fddaf8ca2b'}, 'dob': {'date': '1989-12-05T10:19:00.958Z', 'age': 34}, 'registered': {'date': '2021-01-21T14:14:50.325Z', 'age': 3}, 'phone': '66043377', 'cell': '41156517', 'id': {'name': 'FN', 'value': '05128919645'}, 'picture': {'large': 'https://randomuser.me/api/portraits/women/70.jpg', 'medium': 'https://randomuser.me/api/portraits/med/women/70.jpg', 'thumbnail': 'https://randomuser.me/api/portraits/thumb/women/70.jpg'}, 'nat': 'NO'}], 'info': {'seed': 'f0cfe9dec5d970ea', 'results': 1, 'page': 1, 'version': '1.4'}}</msg>
<arg>${json_data}</arg>
<doc>Logs the given message with the given level.</doc>
<status status="PASS" start="2024-06-01T11:14:38.667903" elapsed="0.000239"/>
</kw>
<kw name="Should Be String" owner="String">
<arg>${json_data['results'][0]['gender']}</arg>
<doc>Fails if the given ``item`` is not a string.</doc>
<status status="PASS" start="2024-06-01T11:14:38.668441" elapsed="0.000360"/>
</kw>
<kw name="Should Match Regexp" owner="BuiltIn">
<arg>${json_data['results'][0]['email']}</arg>
<arg>^[a-zA-Z0-9._%+-]+@[a-zA-Z0-9.-]+\.[a-zA-Z]{2,}$</arg>
<doc>Fails if ``string`` does not match ``pattern`` as a regular expression.</doc>
<status status="PASS" start="2024-06-01T11:14:38.668992" elapsed="0.000501"/>
</kw>
<kw name="Should Match Regexp" owner="BuiltIn">
<arg>${json_data['results'][0]['dob']['date']}</arg>
<arg>\\d{4}-\\d{2}-\\d{2}T\\d{2}:\\d{2}:\\d{2}\\.\\d{3}Z</arg>
<doc>Fails if ``string`` does not match ``pattern`` as a regular expression.</doc>
<status status="PASS" start="2024-06-01T11:14:38.669690" elapsed="0.000485"/>
</kw>
<kw name="Should Match Regexp" owner="BuiltIn">
<arg>${json_data['results'][0]['registered']['date']}</arg>
<arg>\\d{4}-\\d{2}-\\d{2}T\\d{2}:\\d{2}:\\d{2}\\.\\d{3}Z</arg>
<doc>Fails if ``string`` does not match ``pattern`` as a regular expression.</doc>
<status status="PASS" start="2024-06-01T11:14:38.670367" elapsed="0.000362"/>
</kw>
<kw name="Should Match Regexp" owner="BuiltIn">
<arg>${json_data['results'][0]['picture']['large']}</arg>
<arg>^https?://.*\.(?:png|jpe?g|gif|bmp)$</arg>
<doc>Fails if ``string`` does not match ``pattern`` as a regular expression.</doc>
<status status="PASS" start="2024-06-01T11:14:38.670916" elapsed="0.000486"/>
</kw>
<kw name="Should Match Regexp" owner="BuiltIn">
<arg>${json_data['results'][0]['picture']['medium']}</arg>
<arg>^https?://.*\.(?:png|jpe?g|gif|bmp)$</arg>
<doc>Fails if ``string`` does not match ``pattern`` as a regular expression.</doc>
<status status="PASS" start="2024-06-01T11:14:38.671597" elapsed="0.000356"/>
</kw>
<kw name="Should Match Regexp" owner="BuiltIn">
<arg>${json_data['results'][0]['picture']['thumbnail']}</arg>
<arg>^https?://.*\.(?:png|jpe?g|gif|bmp)$</arg>
<doc>Fails if ``string`` does not match ``pattern`` as a regular expression.</doc>
<status status="PASS" start="2024-06-01T11:14:38.672140" elapsed="0.000349"/>
</kw>
<kw name="Log" owner="BuiltIn">
<msg time="2024-06-01T11:14:38.673012" level="INFO">{'large': 'https://randomuser.me/api/portraits/women/70.jpg', 'medium': 'https://randomuser.me/api/portraits/med/women/70.jpg', 'thumbnail': 'https://randomuser.me/api/portraits/thumb/women/70.jpg'}</msg>
<arg>${json_data['results'][0]['picture']}</arg>
<doc>Logs the given message with the given level.</doc>
<status status="PASS" start="2024-06-01T11:14:38.672680" elapsed="0.000374"/>
</kw>
<status status="PASS" start="2024-06-01T11:14:38.604393" elapsed="0.068913"/>
</kw>
<kw name="Teste de Tipos de Dados - Postcode" owner="random-user-service">
<kw name="GET On Session" owner="RequestsLibrary">
<msg time="2024-06-01T11:14:38.763112" level="INFO">GET Request : url=https://randomuser.me/api 
 path_url=/api 
 headers={'User-Agent': 'python-requests/2.32.3', 'Accept-Encoding': 'gzip, deflate', 'Accept': '*/*', 'Connection': 'keep-alive'} 
 body=None 
 </msg>
<msg time="2024-06-01T11:14:38.763188" level="INFO">GET Response : url=https://randomuser.me/api 
 status=200, reason=OK 
 headers={'Date': 'Sat, 01 Jun 2024 11:14:38 GMT', 'Content-Type': 'application/json; charset=utf-8', 'Transfer-Encoding': 'chunked', 'Connection': 'keep-alive', 'X-Powered-By': 'Express', 'Access-Control-Allow-Origin': '*', 'Cache-Control': 'no-cache', 'ETag': 'W/"492-HWM4PE8vPOpRb+6M7Rp4vXBgLlo"', 'Vary': 'Accept-Encoding', 'Content-Encoding': 'gzip', 'CF-Cache-Status': 'DYNAMIC', 'Report-To': '{"endpoints":[{"url":"https:\\/\\/a.nel.cloudflare.com\\/report\\/v4?s=wTYM2RRGB%2FDTPrsq%2BkBH5CF5%2Be2IVuNMTZDTKFKIqMmLMqO9F8fI%2FtmY9863m79TeUYkWh5CkoQJ89LzlwSCKXRztASWH1bGLHZ2%2FQc3ort3%2FgHu9bKz%2BofKVSLf4RJS"}],"group":"cf-nel","max_age":604800}', 'NEL': '{"success_fraction":0,"report_to":"cf-nel","max_age":604800}', 'Server': 'cloudflare', 'CF-RAY': '88cec7ffba0186f4-IAD', 'alt-svc': 'h3=":443"; ma=86400'} 
 body={"results":[{"gender":"male","name":{"title":"Mr","first":"Christian","last":"Sørensen"},"location":{"street":{"number":3857,"name":"Dalsvinget"},"city":"Argerskov","state":"Hovedstaden","country":"Denmark","postcode":58901,"coordinates":{"latitude":"-40.0461","longitude":"-63.7705"},"timezone":{"offset":"+4:00","description":"Abu Dhabi, Muscat, Baku, Tbilisi"}},"email":"christian.sorensen@example.com","login":{"uuid":"3e961128-0f25-4953-8907-a2727ec1ba89","username":"angryladybug666","password":"modelsne","salt":"a7kvMumd","md5":"2095b8c8c07a405ba4230c22119e1f6e","sha1":"2e00fb08a5bbed8abc15ec780eacc2a68867e887","sha256":"14957638f3d8f824fe11d3d4a97d6444c178d34817d24352696d140e98cc00e4"},"dob":{"date":"1954-08-26T15:55:23.821Z","age":69},"registered":{"date":"2011-07-14T15:06:53.521Z","age":12},"phone":"49806655","cell":"38069136","id":{"name":"CPR","value":"260854-0091"},"picture":{"large":"https://randomuser.me/api/portraits/men/16.jpg","medium":"https://randomuser.me/api/portraits/med/men/16.jpg","thumbnail":"https://randomuser.me/api/portraits/thumb/men/16.jpg"},"nat":"DK"}],"info":{"seed":"961a0c4958fa6df9","results":1,"page":1,"version":"1.4"}} 
 </msg>
<msg time="2024-06-01T11:14:38.763258" level="INFO">/opt/hostedtoolcache/Python/3.12.3/x64/lib/python3.12/site-packages/urllib3/connectionpool.py:1103: InsecureRequestWarning: Unverified HTTPS request is being made to host 'randomuser.me'. Adding certificate verification is strongly advised. See: https://urllib3.readthedocs.io/en/latest/advanced-usage.html#tls-warnings
  warnings.warn(</msg>
<msg time="2024-06-01T11:14:38.763396" level="INFO">${response} = &lt;Response [200]&gt;</msg>
<var>${response}</var>
<arg>consultarAPI</arg>
<arg>/api</arg>
<doc>Sends a GET request on a previously created HTTP Session.</doc>
<status status="PASS" start="2024-06-01T11:14:38.673736" elapsed="0.089710"/>
</kw>
<kw name="Set Variable" owner="BuiltIn">
<msg time="2024-06-01T11:14:38.764564" level="INFO">${json_data} = {'results': [{'gender': 'male', 'name': {'title': 'Mr', 'first': 'Christian', 'last': 'Sørensen'}, 'location': {'street': {'number': 3857, 'name': 'Dalsvinget'}, 'city': 'Argerskov', 'state': 'Hovedst...</msg>
<var>${json_data}</var>
<arg>${response.json()}</arg>
<doc>Returns the given values which can then be assigned to a variables.</doc>
<status status="PASS" start="2024-06-01T11:14:38.763988" elapsed="0.000607"/>
</kw>
<kw name="Log" owner="BuiltIn">
<msg time="2024-06-01T11:14:38.765060" level="INFO">{'results': [{'gender': 'male', 'name': {'title': 'Mr', 'first': 'Christian', 'last': 'Sørensen'}, 'location': {'street': {'number': 3857, 'name': 'Dalsvinget'}, 'city': 'Argerskov', 'state': 'Hovedstaden', 'country': 'Denmark', 'postcode': 58901, 'coordinates': {'latitude': '-40.0461', 'longitude': '-63.7705'}, 'timezone': {'offset': '+4:00', 'description': 'Abu Dhabi, Muscat, Baku, Tbilisi'}}, 'email': 'christian.sorensen@example.com', 'login': {'uuid': '3e961128-0f25-4953-8907-a2727ec1ba89', 'username': 'angryladybug666', 'password': 'modelsne', 'salt': 'a7kvMumd', 'md5': '2095b8c8c07a405ba4230c22119e1f6e', 'sha1': '2e00fb08a5bbed8abc15ec780eacc2a68867e887', 'sha256': '14957638f3d8f824fe11d3d4a97d6444c178d34817d24352696d140e98cc00e4'}, 'dob': {'date': '1954-08-26T15:55:23.821Z', 'age': 69}, 'registered': {'date': '2011-07-14T15:06:53.521Z', 'age': 12}, 'phone': '49806655', 'cell': '38069136', 'id': {'name': 'CPR', 'value': '260854-0091'}, 'picture': {'large': 'https://randomuser.me/api/portraits/men/16.jpg', 'medium': 'https://randomuser.me/api/portraits/med/men/16.jpg', 'thumbnail': 'https://randomuser.me/api/portraits/thumb/men/16.jpg'}, 'nat': 'DK'}], 'info': {'seed': '961a0c4958fa6df9', 'results': 1, 'page': 1, 'version': '1.4'}}</msg>
<arg>${json_data}</arg>
<doc>Logs the given message with the given level.</doc>
<status status="PASS" start="2024-06-01T11:14:38.764904" elapsed="0.000236"/>
</kw>
<kw name="Should Be Equal As Numbers" owner="BuiltIn">
<arg>${json_data['results'][0]['location']['postcode']}</arg>
<arg>${json_data['results'][0]['location']['postcode']}</arg>
<doc>Fails if objects are unequal after converting them to real numbers.</doc>
<status status="PASS" start="2024-06-01T11:14:38.765445" elapsed="0.000734"/>
</kw>
<kw name="Log" owner="BuiltIn">
<msg time="2024-06-01T11:14:38.766709" level="INFO">58901</msg>
<arg>${json_data['results'][0]['location']['postcode']}</arg>
<doc>Logs the given message with the given level.</doc>
<status status="PASS" start="2024-06-01T11:14:38.766374" elapsed="0.000375"/>
</kw>
<status status="PASS" start="2024-06-01T11:14:38.673518" elapsed="0.093480"/>
</kw>
<doc>Testa se os tipos de dados na resposta da API estão corretos.</doc>
<tag>testeTiposDados</tag>
<status status="PASS" start="2024-06-01T11:14:38.603874" elapsed="0.163280"/>
</test>
<test id="s1-s1-t5" name="Validar conteudo" line="35">
<kw name="Teste de Tipos de Conteudo" owner="random-user-service">
<kw name="GET On Session" owner="RequestsLibrary">
<msg time="2024-06-01T11:14:38.866207" level="INFO">GET Request : url=https://randomuser.me/api 
 path_url=/api 
 headers={'User-Agent': 'python-requests/2.32.3', 'Accept-Encoding': 'gzip, deflate', 'Accept': '*/*', 'Connection': 'keep-alive'} 
 body=None 
 </msg>
<msg time="2024-06-01T11:14:38.866269" level="INFO">GET Response : url=https://randomuser.me/api 
 status=200, reason=OK 
 headers={'Date': 'Sat, 01 Jun 2024 11:14:38 GMT', 'Content-Type': 'application/json; charset=utf-8', 'Transfer-Encoding': 'chunked', 'Connection': 'keep-alive', 'X-Powered-By': 'Express', 'Access-Control-Allow-Origin': '*', 'Cache-Control': 'no-cache', 'ETag': 'W/"4b0-UTxMGC3zfu7zL4pAPcqlD+cl8Og"', 'Vary': 'Accept-Encoding', 'Content-Encoding': 'gzip', 'CF-Cache-Status': 'DYNAMIC', 'Report-To': '{"endpoints":[{"url":"https:\\/\\/a.nel.cloudflare.com\\/report\\/v4?s=tjK%2F5JAJpZYJYw3I6sOdEQikBkH74KYVNvmUHjNaKbPRWKCHhukiPOI6%2B7G7Q3pKi0%2BzZnZzg26JqD%2BwA12KQ3LRloYn2r5NNEMctjRA3Nywqhvvz9uKwWsTEm6LdSSC"}],"group":"cf-nel","max_age":604800}', 'NEL': '{"success_fraction":0,"report_to":"cf-nel","max_age":604800}', 'Server': 'cloudflare', 'CF-RAY': '88cec8004a8686f4-IAD', 'alt-svc': 'h3=":443"; ma=86400'} 
 body={"results":[{"gender":"female","name":{"title":"Miss","first":"Sharita","last":"Ellens"},"location":{"street":{"number":5742,"name":"Kortebrantstraat"},"city":"Nieuwe-Tonge","state":"Utrecht","country":"Netherlands","postcode":"4858 XP","coordinates":{"latitude":"35.9914","longitude":"148.9111"},"timezone":{"offset":"0:00","description":"Western Europe Time, London, Lisbon, Casablanca"}},"email":"sharita.ellens@example.com","login":{"uuid":"d3079f9c-96cc-4020-8b12-6635b51b59fa","username":"blackgoose488","password":"a1b2c3","salt":"yXVcidWR","md5":"48eed404ceaafaabdfd74008fb4ee761","sha1":"346398e31a91d9f50a8b466ef255c846b754c5f8","sha256":"e33cd0de1b0608e5cd61a93ffe2b4755afb8bd1b25c9305c576ba3a8b96b6d4e"},"dob":{"date":"1958-05-01T15:50:06.716Z","age":66},"registered":{"date":"2008-08-12T07:48:08.317Z","age":15},"phone":"(0208) 448052","cell":"(06) 01106244","id":{"name":"BSN","value":"55721994"},"picture":{"large":"https://randomuser.me/api/portraits/women/67.jpg","medium":"https://randomuser.me/api/portraits/med/women/67.jpg","thumbnail":"https://randomuser.me/api/portraits/thumb/women/67.jpg"},"nat":"NL"}],"info":{"seed":"ccafb15175fbe169","results":1,"page":1,"version":"1.4"}} 
 </msg>
<msg time="2024-06-01T11:14:38.866325" level="INFO">/opt/hostedtoolcache/Python/3.12.3/x64/lib/python3.12/site-packages/urllib3/connectionpool.py:1103: InsecureRequestWarning: Unverified HTTPS request is being made to host 'randomuser.me'. Adding certificate verification is strongly advised. See: https://urllib3.readthedocs.io/en/latest/advanced-usage.html#tls-warnings
  warnings.warn(</msg>
<msg time="2024-06-01T11:14:38.866411" level="INFO">${response} = &lt;Response [200]&gt;</msg>
<var>${response}</var>
<arg>consultarAPI</arg>
<arg>/api</arg>
<doc>Sends a GET request on a previously created HTTP Session.</doc>
<status status="PASS" start="2024-06-01T11:14:38.769585" elapsed="0.096867"/>
</kw>
<kw name="Set Variable" owner="BuiltIn">
<msg time="2024-06-01T11:14:38.867571" level="INFO">${json_data} = {'results': [{'gender': 'female', 'name': {'title': 'Miss', 'first': 'Sharita', 'last': 'Ellens'}, 'location': {'street': {'number': 5742, 'name': 'Kortebrantstraat'}, 'city': 'Nieuwe-Tonge', 'state':...</msg>
<var>${json_data}</var>
<arg>${response.json()}</arg>
<doc>Returns the given values which can then be assigned to a variables.</doc>
<status status="PASS" start="2024-06-01T11:14:38.866931" elapsed="0.000668"/>
</kw>
<kw name="Set Variable" owner="BuiltIn">
<msg time="2024-06-01T11:14:38.868298" level="INFO">${name_title} = Miss</msg>
<var>${name_title}</var>
<arg>${json_data["results"][0]["name"]["title"]}</arg>
<doc>Returns the given values which can then be assigned to a variables.</doc>
<status status="PASS" start="2024-06-01T11:14:38.867913" elapsed="0.000410"/>
</kw>
<kw name="Create List" owner="BuiltIn">
<msg time="2024-06-01T11:14:38.868772" level="INFO">${allowed_titles} = ['Mr', 'Ms', 'Miss', 'Mrs', 'Madame', 'Monsieur']</msg>
<var>${allowed_titles}</var>
<arg>Mr</arg>
<arg>Ms</arg>
<arg>Miss</arg>
<arg>Mrs</arg>
<arg>Madame</arg>
<arg>Monsieur</arg>
<doc>Returns a list containing given items.</doc>
<status status="PASS" start="2024-06-01T11:14:38.868624" elapsed="0.000172"/>
</kw>
<kw name="List Should Contain Value" owner="Collections">
<msg time="2024-06-01T11:14:38.869264" level="INFO">False</msg>
<arg>${allowed_titles}</arg>
<arg>${name_title}</arg>
<doc>Fails if the ``value`` is not found from ``list``.</doc>
<status status="PASS" start="2024-06-01T11:14:38.869097" elapsed="0.000207"/>
</kw>
<kw name="Set Variable" owner="BuiltIn">
<msg time="2024-06-01T11:14:38.869958" level="INFO">${name_country} = NL</msg>
<var>${name_country}</var>
<arg>${json_data["results"][0]["nat"]}</arg>
<doc>Returns the given values which can then be assigned to a variables.</doc>
<status status="PASS" start="2024-06-01T11:14:38.869591" elapsed="0.000392"/>
</kw>
<kw name="Create List" owner="BuiltIn">
<msg time="2024-06-01T11:14:38.870872" level="INFO">${list_country} = ['AD', 'AE', 'AF', 'AG', 'AI', 'AL', 'AM', 'AO', 'AQ', 'AR', 'AS', 'AT', 'AU', 'AW', 'AX', 'AZ', 'BA', 'BB', 'BD', 'BE', 'BF', 'BG', 'BH', 'BI', 'BJ', 'BL', 'BM', 'BN', 'BO', 'BQ', 'BR', 'BS', 'BT', '...</msg>
<var>${list_country}</var>
<arg>AD</arg>
<arg>AE</arg>
<arg>AF</arg>
<arg>AG</arg>
<arg>AI</arg>
<arg>AL</arg>
<arg>AM</arg>
<arg>AO</arg>
<arg>AQ</arg>
<arg>AR</arg>
<arg>AS</arg>
<arg>AT</arg>
<arg>AU</arg>
<arg>AW</arg>
<arg>AX</arg>
<arg>AZ</arg>
<arg>BA</arg>
<arg>BB</arg>
<arg>BD</arg>
<arg>BE</arg>
<arg>BF</arg>
<arg>BG</arg>
<arg>BH</arg>
<arg>BI</arg>
<arg>BJ</arg>
<arg>BL</arg>
<arg>BM</arg>
<arg>BN</arg>
<arg>BO</arg>
<arg>BQ</arg>
<arg>BR</arg>
<arg>BS</arg>
<arg>BT</arg>
<arg>BV</arg>
<arg>BW</arg>
<arg>BY</arg>
<arg>BZ</arg>
<arg>CA</arg>
<arg>CC</arg>
<arg>CD</arg>
<arg>CF</arg>
<arg>CG</arg>
<arg>CH</arg>
<arg>CI</arg>
<arg>CK</arg>
<arg>CL</arg>
<arg>CM</arg>
<arg>CN</arg>
<arg>CO</arg>
<arg>CR</arg>
<arg>CU</arg>
<arg>CV</arg>
<arg>CW</arg>
<arg>CX</arg>
<arg>CY</arg>
<arg>CZ</arg>
<arg>DE</arg>
<arg>DJ</arg>
<arg>DK</arg>
<arg>DM</arg>
<arg>DO</arg>
<arg>DZ</arg>
<arg>EC</arg>
<arg>EE</arg>
<arg>EG</arg>
<arg>EH</arg>
<arg>ER</arg>
<arg>ES</arg>
<arg>ET</arg>
<arg>FI</arg>
<arg>FJ</arg>
<arg>FK</arg>
<arg>FM</arg>
<arg>FO</arg>
<arg>FR</arg>
<arg>GA</arg>
<arg>GB</arg>
<arg>GD</arg>
<arg>GE</arg>
<arg>GF</arg>
<arg>GG</arg>
<arg>GH</arg>
<arg>GI</arg>
<arg>GL</arg>
<arg>GM</arg>
<arg>GN</arg>
<arg>GP</arg>
<arg>GQ</arg>
<arg>GR</arg>
<arg>GS</arg>
<arg>GT</arg>
<arg>GU</arg>
<arg>GW</arg>
<arg>GY</arg>
<arg>HK</arg>
<arg>HM</arg>
<arg>HN</arg>
<arg>HR</arg>
<arg>HT</arg>
<arg>HU</arg>
<arg>ID</arg>
<arg>IE</arg>
<arg>IL</arg>
<arg>IM</arg>
<arg>IN</arg>
<arg>IO</arg>
<arg>IQ</arg>
<arg>IR</arg>
<arg>IS</arg>
<arg>IT</arg>
<arg>JE</arg>
<arg>JM</arg>
<arg>JO</arg>
<arg>JP</arg>
<arg>KE</arg>
<arg>KG</arg>
<arg>KH</arg>
<arg>KI</arg>
<arg>KM</arg>
<arg>KN</arg>
<arg>KP</arg>
<arg>KR</arg>
<arg>KW</arg>
<arg>KY</arg>
<arg>KZ</arg>
<arg>LA</arg>
<arg>LB</arg>
<arg>LC</arg>
<arg>LI</arg>
<arg>LK</arg>
<arg>LR</arg>
<arg>LS</arg>
<arg>LT</arg>
<arg>LU</arg>
<arg>LV</arg>
<arg>LY</arg>
<arg>MA</arg>
<arg>MC</arg>
<arg>MD</arg>
<arg>ME</arg>
<arg>MF</arg>
<arg>MG</arg>
<arg>MH</arg>
<arg>MK</arg>
<arg>ML</arg>
<arg>MM</arg>
<arg>MN</arg>
<arg>MO</arg>
<arg>MP</arg>
<arg>MQ</arg>
<arg>MR</arg>
<arg>MS</arg>
<arg>MT</arg>
<arg>MU</arg>
<arg>MV</arg>
<arg>MW</arg>
<arg>MX</arg>
<arg>MY</arg>
<arg>MZ</arg>
<arg>NA</arg>
<arg>NC</arg>
<arg>NE</arg>
<arg>NF</arg>
<arg>NG</arg>
<arg>NI</arg>
<arg>NL</arg>
<arg>NO</arg>
<arg>NP</arg>
<arg>NR</arg>
<arg>NU</arg>
<arg>NZ</arg>
<arg>OM</arg>
<arg>PA</arg>
<arg>PE</arg>
<arg>PF</arg>
<arg>PG</arg>
<arg>PH</arg>
<arg>PK</arg>
<arg>PL</arg>
<arg>PM</arg>
<arg>PN</arg>
<arg>PR</arg>
<arg>PS</arg>
<arg>PT</arg>
<arg>PW</arg>
<arg>PY</arg>
<arg>QA</arg>
<arg>RE</arg>
<arg>RO</arg>
<arg>RS</arg>
<arg>RU</arg>
<arg>RW</arg>
<arg>SA</arg>
<arg>SB</arg>
<arg>SC</arg>
<arg>SD</arg>
<arg>SE</arg>
<arg>SG</arg>
<arg>SH</arg>
<arg>SI</arg>
<arg>SJ</arg>
<arg>SK</arg>
<arg>SL</arg>
<arg>SM</arg>
<arg>SN</arg>
<arg>SO</arg>
<arg>SR</arg>
<arg>SS</arg>
<arg>ST</arg>
<arg>SV</arg>
<arg>SX</arg>
<arg>SY</arg>
<arg>SZ</arg>
<arg>TC</arg>
<arg>TD</arg>
<arg>TF</arg>
<arg>TG</arg>
<arg>TH</arg>
<arg>TJ</arg>
<arg>TK</arg>
<arg>TL</arg>
<arg>TM</arg>
<arg>TN</arg>
<arg>TO</arg>
<arg>TR</arg>
<arg>TT</arg>
<arg>TV</arg>
<arg>TW</arg>
<arg>TZ</arg>
<arg>UA</arg>
<arg>UG</arg>
<arg>UM</arg>
<arg>US</arg>
<arg>UY</arg>
<arg>UZ</arg>
<arg>VA</arg>
<arg>VC</arg>
<arg>VE</arg>
<arg>VG</arg>
<arg>VI</arg>
<arg>VN</arg>
<arg>VU</arg>
<arg>WF</arg>
<arg>WS</arg>
<arg>XK</arg>
<arg>YE</arg>
<arg>YT</arg>
<arg>ZA</arg>
<arg>ZM</arg>
<arg>ZW</arg>
<doc>Returns a list containing given items.</doc>
<status status="PASS" start="2024-06-01T11:14:38.870282" elapsed="0.000618"/>
</kw>
<kw name="List Should Contain Value" owner="Collections">
<msg time="2024-06-01T11:14:38.871926" level="INFO">False</msg>
<arg>${list_country}</arg>
<arg>${name_country}</arg>
<doc>Fails if the ``value`` is not found from ``list``.</doc>
<status status="PASS" start="2024-06-01T11:14:38.871709" elapsed="0.000253"/>
</kw>
<kw name="Run Keyword If" owner="BuiltIn">
<kw name="Should Be True" owner="BuiltIn">
<arg>${True}</arg>
<doc>Fails if the given condition is not true.</doc>
<status status="PASS" start="2024-06-01T11:14:38.873001" elapsed="0.000143"/>
</kw>
<arg>${json_data["results"][0]["location"]["coordinates"]["latitude"]} &gt;= -90 and ${json_data["results"][0]["location"]["coordinates"]["latitude"]} &lt;= 90</arg>
<arg>Should Be True</arg>
<arg>${True}</arg>
<doc>Runs the given keyword with the given arguments, if ``condition`` is true.</doc>
<status status="PASS" start="2024-06-01T11:14:38.872271" elapsed="0.000998"/>
</kw>
<kw name="Run Keyword If" owner="BuiltIn">
<kw name="Should Be True" owner="BuiltIn">
<arg>${True}</arg>
<doc>Fails if the given condition is not true.</doc>
<status status="PASS" start="2024-06-01T11:14:38.874145" elapsed="0.000241"/>
</kw>
<arg>${json_data["results"][0]["location"]["coordinates"]["longitude"]} &gt;= -180 and ${json_data["results"][0]["location"]["coordinates"]["longitude"]} &lt;= 180</arg>
<arg>Should Be True</arg>
<arg>${True}</arg>
<doc>Runs the given keyword with the given arguments, if ``condition`` is true.</doc>
<status status="PASS" start="2024-06-01T11:14:38.873452" elapsed="0.001059"/>
</kw>
<status status="PASS" start="2024-06-01T11:14:38.769367" elapsed="0.105272"/>
</kw>
<doc>Testa o conteúdo específico dos campos retornados pela API.</doc>
<tag>testeConteudo</tag>
<status status="PASS" start="2024-06-01T11:14:38.768875" elapsed="0.105904"/>
</test>
<status status="PASS" start="2024-06-01T11:14:37.972772" elapsed="0.903953"/>
</suite>
<status status="PASS" start="2024-06-01T11:14:37.959521" elapsed="0.922307"/>
</suite>
<statistics>
<total>
<stat pass="5" fail="0" skip="0">All Tests</stat>
</total>
<tag>
<stat pass="1" fail="0" skip="0">testeConteudo</stat>
<stat pass="1" fail="0" skip="0">testeEstruturaResposta</stat>
<stat pass="1" fail="0" skip="0">testeRequisicaoBasica</stat>
<stat pass="1" fail="0" skip="0">testeTiposDados</stat>
</tag>
<suite>
<stat pass="5" fail="0" skip="0" id="s1" name="Tests">Tests</stat>
<stat pass="5" fail="0" skip="0" id="s1-s1" name="Random-User-Test">Tests.Random-User-Test</stat>
</suite>
</statistics>
<errors>
</errors>
</robot>
