<?xml version="1.0" encoding="UTF-8"?>
<robot generator="Robot 7.0.1 (Python 3.12.4 on linux)" generated="2024-07-12T12:29:36.944445" rpa="false" schemaversion="5">
<suite id="s1" name="Tests" source="/home/runner/work/ApiRandomUser/ApiRandomUser/RamdonUser/tests">
<suite id="s1-s1" name="Random-User-Test" source="/home/runner/work/ApiRandomUser/ApiRandomUser/RamdonUser/tests/random-user-test.robot">
<test id="s1-s1-t1" name="Conectar" line="13">
<kw name="Conectar API" owner="random-user-service">
<kw name="Create Session" owner="RequestsLibrary">
<msg time="2024-07-12T12:29:37.342309" level="INFO">Creating Session using : alias=consultarAPI, url=https://randomuser.me/, headers={},                     cookies={}, auth=None, timeout=None, proxies=None, verify=False,                     debug=0 </msg>
<arg>consultarAPI</arg>
<arg>${URL}</arg>
<doc>Create Session: create a HTTP session to a server</doc>
<status status="PASS" start="2024-07-12T12:29:37.342112" elapsed="0.000372"/>
</kw>
<status status="PASS" start="2024-07-12T12:29:37.341171" elapsed="0.001663"/>
</kw>
<status status="PASS" start="2024-07-12T12:29:37.340579" elapsed="0.002443"/>
</test>
<test id="s1-s1-t2" name="Validar retorno 200 e JSON Válido" line="16">
<kw name="Teste de Requisicao Basica" owner="random-user-service">
<kw name="GET On Session" owner="RequestsLibrary">
<msg time="2024-07-12T12:29:37.716623" level="INFO">GET Request : url=https://randomuser.me/api 
 path_url=/api 
 headers={'User-Agent': 'python-requests/2.32.3', 'Accept-Encoding': 'gzip, deflate', 'Accept': '*/*', 'Connection': 'keep-alive'} 
 body=None 
 </msg>
<msg time="2024-07-12T12:29:37.716790" level="INFO">GET Response : url=https://randomuser.me/api 
 status=200, reason=OK 
 headers={'Date': 'Fri, 12 Jul 2024 12:29:37 GMT', 'Content-Type': 'application/json; charset=utf-8', 'Transfer-Encoding': 'chunked', 'Connection': 'keep-alive', 'X-Powered-By': 'Express', 'Access-Control-Allow-Origin': '*', 'Cache-Control': 'no-cache', 'ETag': 'W/"49e-pvjTXXdDoLEmNa6AzvJh8AZnC10"', 'Vary': 'Accept-Encoding', 'Content-Encoding': 'gzip', 'CF-Cache-Status': 'DYNAMIC', 'Report-To': '{"endpoints":[{"url":"https:\\/\\/a.nel.cloudflare.com\\/report\\/v4?s=1tuNxgRIa04W3KRmblvNfu7B9v%2FtkvO8xcAP5Y1AxBW2FkIUKiJgu4hVsgja948U9gCGCG8kANOVUMcYWit7B%2F0OmlVuyb68MIOo%2B%2BwgH1YFxaUaXheiyMrqVSzePXfY"}],"group":"cf-nel","max_age":604800}', 'NEL': '{"success_fraction":0,"report_to":"cf-nel","max_age":604800}', 'Server': 'cloudflare', 'CF-RAY': '8a210a34b8540912-LAX', 'alt-svc': 'h3=":443"; ma=86400'} 
 body={"results":[{"gender":"female","name":{"title":"Miss","first":"Victoire","last":"Blanc"},"location":{"street":{"number":2238,"name":"Place de L'Abbé-Basset"},"city":"Champigny-sur-Marne","state":"Val-de-Marne","country":"France","postcode":60660,"coordinates":{"latitude":"-16.2133","longitude":"107.7543"},"timezone":{"offset":"-9:00","description":"Alaska"}},"email":"victoire.blanc@example.com","login":{"uuid":"f122333e-97f1-486f-8a3f-77ac9937600a","username":"whitekoala503","password":"cobra1","salt":"C0eHy0IQ","md5":"3767a117386e1d08426df88795ee84a7","sha1":"13cf400192d45e87b635e276c650aa709ebd04f1","sha256":"4d41e6838e85ec44b4ef99c6527cbbedf94d87de73234c0dbaba1403e542f979"},"dob":{"date":"1983-08-05T06:20:57.533Z","age":40},"registered":{"date":"2017-11-05T16:24:59.775Z","age":6},"phone":"03-24-40-06-40","cell":"06-16-83-88-46","id":{"name":"INSEE","value":"2830770770896 32"},"picture":{"large":"https://randomuser.me/api/portraits/women/58.jpg","medium":"https://randomuser.me/api/portraits/med/women/58.jpg","thumbnail":"https://randomuser.me/api/portraits/thumb/women/58.jpg"},"nat":"FR"}],"info":{"seed":"63e001faee88bef7","results":1,"page":1,"version":"1.4"}} 
 </msg>
<msg time="2024-07-12T12:29:37.716883" level="INFO">/opt/hostedtoolcache/Python/3.12.4/x64/lib/python3.12/site-packages/urllib3/connectionpool.py:1099: InsecureRequestWarning: Unverified HTTPS request is being made to host 'randomuser.me'. Adding certificate verification is strongly advised. See: https://urllib3.readthedocs.io/en/latest/advanced-usage.html#tls-warnings
  warnings.warn(</msg>
<msg time="2024-07-12T12:29:37.717046" level="INFO">${response} = &lt;Response [200]&gt;</msg>
<var>${response}</var>
<arg>consultarAPI</arg>
<arg>/api</arg>
<doc>Sends a GET request on a previously created HTTP Session.</doc>
<status status="PASS" start="2024-07-12T12:29:37.345639" elapsed="0.371453"/>
</kw>
<kw name="Should Be Equal As Numbers" owner="BuiltIn">
<msg time="2024-07-12T12:29:37.718048" level="INFO">Argument types are:
&lt;class 'int'&gt;
&lt;class 'str'&gt;</msg>
<arg>${response.status_code}</arg>
<arg>200</arg>
<doc>Fails if objects are unequal after converting them to real numbers.</doc>
<status status="PASS" start="2024-07-12T12:29:37.717593" elapsed="0.000519"/>
</kw>
<kw name="Log" owner="BuiltIn">
<msg time="2024-07-12T12:29:37.718764" level="INFO">200</msg>
<arg>${response.status_code}</arg>
<doc>Logs the given message with the given level.</doc>
<status status="PASS" start="2024-07-12T12:29:37.718421" elapsed="0.000384"/>
</kw>
<kw name="Set Variable" owner="BuiltIn">
<msg time="2024-07-12T12:29:37.719537" level="INFO">${json_data} = {'results': [{'gender': 'female', 'name': {'title': 'Miss', 'first': 'Victoire', 'last': 'Blanc'}, 'location': {'street': {'number': 2238, 'name': "Place de L'Abbé-Basset"}, 'city': 'Champigny-sur-Mar...</msg>
<var>${json_data}</var>
<arg>${response.json()}</arg>
<doc>Returns the given values which can then be assigned to a variables.</doc>
<status status="PASS" start="2024-07-12T12:29:37.719104" elapsed="0.000462"/>
</kw>
<kw name="Dictionary Should Contain Key" owner="Collections">
<arg>${json_data}</arg>
<arg>results</arg>
<doc>Fails if ``key`` is not found from ``dictionary``.</doc>
<status status="PASS" start="2024-07-12T12:29:37.719866" elapsed="0.000160"/>
</kw>
<status status="PASS" start="2024-07-12T12:29:37.345397" elapsed="0.374777"/>
</kw>
<doc>Testa se a API responde corretamente e retorna um objeto JSON válido.</doc>
<tag>testeRequisicaoBasica</tag>
<status status="PASS" start="2024-07-12T12:29:37.344895" elapsed="0.375498"/>
</test>
<test id="s1-s1-t3" name="Validar estrutura de resposta" line="22">
<kw name="Teste de Estrutura de Resposta" owner="random-user-service">
<kw name="GET On Session" owner="RequestsLibrary">
<msg time="2024-07-12T12:29:37.830181" level="INFO">GET Request : url=https://randomuser.me/api 
 path_url=/api 
 headers={'User-Agent': 'python-requests/2.32.3', 'Accept-Encoding': 'gzip, deflate', 'Accept': '*/*', 'Connection': 'keep-alive'} 
 body=None 
 </msg>
<msg time="2024-07-12T12:29:37.830252" level="INFO">GET Response : url=https://randomuser.me/api 
 status=200, reason=OK 
 headers={'Date': 'Fri, 12 Jul 2024 12:29:37 GMT', 'Content-Type': 'application/json; charset=utf-8', 'Transfer-Encoding': 'chunked', 'Connection': 'keep-alive', 'X-Powered-By': 'Express', 'Access-Control-Allow-Origin': '*', 'Cache-Control': 'no-cache', 'ETag': 'W/"495-kDYQLjxesfHMzsQKmce4zsmf4hg"', 'Vary': 'Accept-Encoding', 'Content-Encoding': 'gzip', 'CF-Cache-Status': 'DYNAMIC', 'Report-To': '{"endpoints":[{"url":"https:\\/\\/a.nel.cloudflare.com\\/report\\/v4?s=9EwxVgN12MEFI9KD2OIlNY0CNiWdGFKjAR%2BbHHWG0rMkPE7JI4JdzDeGw2f3j1XmY1SUuNwdMyZIGKws%2FttljIxOkNvYBikqpQWK36R09%2BYpBSJiakhIE7b6CiGb8cSD"}],"group":"cf-nel","max_age":604800}', 'NEL': '{"success_fraction":0,"report_to":"cf-nel","max_age":604800}', 'Server': 'cloudflare', 'CF-RAY': '8a210a36cb1e0912-LAX', 'alt-svc': 'h3=":443"; ma=86400'} 
 body={"results":[{"gender":"female","name":{"title":"Mrs","first":"Vanessa","last":"Mcdonalid"},"location":{"street":{"number":2276,"name":"College St"},"city":"Gladstone","state":"Northern Territory","country":"Australia","postcode":6527,"coordinates":{"latitude":"-83.2043","longitude":"153.3696"},"timezone":{"offset":"-11:00","description":"Midway Island, Samoa"}},"email":"vanessa.mcdonalid@example.com","login":{"uuid":"f9613165-88c3-4ab5-a9f1-7d8214c092e3","username":"bigladybug843","password":"wizard1","salt":"GWoOUtxM","md5":"8c45383e88815be50a9ffff7d45e2a61","sha1":"ac18cac8916c70700244d088a9248996ce748975","sha256":"73d8298193090874c02506b6e6f051e2870b0a0618862afe8096f24b2e81e82d"},"dob":{"date":"1975-11-19T01:03:14.483Z","age":48},"registered":{"date":"2005-01-09T12:17:01.886Z","age":19},"phone":"03-7051-9202","cell":"0460-708-459","id":{"name":"TFN","value":"458888439"},"picture":{"large":"https://randomuser.me/api/portraits/women/6.jpg","medium":"https://randomuser.me/api/portraits/med/women/6.jpg","thumbnail":"https://randomuser.me/api/portraits/thumb/women/6.jpg"},"nat":"AU"}],"info":{"seed":"fc6cffc6e22280d6","results":1,"page":1,"version":"1.4"}} 
 </msg>
<msg time="2024-07-12T12:29:37.830356" level="INFO">/opt/hostedtoolcache/Python/3.12.4/x64/lib/python3.12/site-packages/urllib3/connectionpool.py:1099: InsecureRequestWarning: Unverified HTTPS request is being made to host 'randomuser.me'. Adding certificate verification is strongly advised. See: https://urllib3.readthedocs.io/en/latest/advanced-usage.html#tls-warnings
  warnings.warn(</msg>
<msg time="2024-07-12T12:29:37.830472" level="INFO">${response} = &lt;Response [200]&gt;</msg>
<var>${response}</var>
<arg>consultarAPI</arg>
<arg>/api</arg>
<doc>Sends a GET request on a previously created HTTP Session.</doc>
<status status="PASS" start="2024-07-12T12:29:37.722907" elapsed="0.107610"/>
</kw>
<kw name="Set Variable" owner="BuiltIn">
<msg time="2024-07-12T12:29:37.831346" level="INFO">${json_data} = {'results': [{'gender': 'female', 'name': {'title': 'Mrs', 'first': 'Vanessa', 'last': 'Mcdonalid'}, 'location': {'street': {'number': 2276, 'name': 'College St'}, 'city': 'Gladstone', 'state': 'North...</msg>
<var>${json_data}</var>
<arg>${response.json()}</arg>
<doc>Returns the given values which can then be assigned to a variables.</doc>
<status status="PASS" start="2024-07-12T12:29:37.830882" elapsed="0.000499"/>
</kw>
<kw name="Log" owner="BuiltIn">
<msg time="2024-07-12T12:29:37.831865" level="INFO">{'results': [{'gender': 'female', 'name': {'title': 'Mrs', 'first': 'Vanessa', 'last': 'Mcdonalid'}, 'location': {'street': {'number': 2276, 'name': 'College St'}, 'city': 'Gladstone', 'state': 'Northern Territory', 'country': 'Australia', 'postcode': 6527, 'coordinates': {'latitude': '-83.2043', 'longitude': '153.3696'}, 'timezone': {'offset': '-11:00', 'description': 'Midway Island, Samoa'}}, 'email': 'vanessa.mcdonalid@example.com', 'login': {'uuid': 'f9613165-88c3-4ab5-a9f1-7d8214c092e3', 'username': 'bigladybug843', 'password': 'wizard1', 'salt': 'GWoOUtxM', 'md5': '8c45383e88815be50a9ffff7d45e2a61', 'sha1': 'ac18cac8916c70700244d088a9248996ce748975', 'sha256': '73d8298193090874c02506b6e6f051e2870b0a0618862afe8096f24b2e81e82d'}, 'dob': {'date': '1975-11-19T01:03:14.483Z', 'age': 48}, 'registered': {'date': '2005-01-09T12:17:01.886Z', 'age': 19}, 'phone': '03-7051-9202', 'cell': '0460-708-459', 'id': {'name': 'TFN', 'value': '458888439'}, 'picture': {'large': 'https://randomuser.me/api/portraits/women/6.jpg', 'medium': 'https://randomuser.me/api/portraits/med/women/6.jpg', 'thumbnail': 'https://randomuser.me/api/portraits/thumb/women/6.jpg'}, 'nat': 'AU'}], 'info': {'seed': 'fc6cffc6e22280d6', 'results': 1, 'page': 1, 'version': '1.4'}}</msg>
<arg>${json_data}</arg>
<doc>Logs the given message with the given level.</doc>
<status status="PASS" start="2024-07-12T12:29:37.831707" elapsed="0.000206"/>
</kw>
<kw name="Dictionary Should Contain Key" owner="Collections">
<arg>${json_data}</arg>
<arg>results</arg>
<doc>Fails if ``key`` is not found from ``dictionary``.</doc>
<status status="PASS" start="2024-07-12T12:29:37.832203" elapsed="0.000210"/>
</kw>
<kw name="Should Not Be Empty" owner="BuiltIn">
<msg time="2024-07-12T12:29:37.832737" level="INFO">Length is 2.</msg>
<arg>${json_data}</arg>
<doc>Verifies that the given item is not empty.</doc>
<status status="PASS" start="2024-07-12T12:29:37.832604" elapsed="0.000172"/>
</kw>
<kw name="Create List" owner="BuiltIn">
<msg time="2024-07-12T12:29:37.833235" level="INFO">${expected_keys} = ['gender', 'name', 'location', 'email', 'login']</msg>
<var>${expected_keys}</var>
<arg>gender</arg>
<arg>name</arg>
<arg>location</arg>
<arg>email</arg>
<arg>login</arg>
<doc>Returns a list containing given items.</doc>
<status status="PASS" start="2024-07-12T12:29:37.833087" elapsed="0.000172"/>
</kw>
<for flavor="IN">
<iter>
<kw name="Dictionary Should Contain Key" owner="Collections">
<arg>${json_data['results'][0]}</arg>
<arg>${key}</arg>
<doc>Fails if ``key`` is not found from ``dictionary``.</doc>
<status status="PASS" start="2024-07-12T12:29:37.833965" elapsed="0.000399"/>
</kw>
<kw name="Log" owner="BuiltIn">
<msg time="2024-07-12T12:29:37.834929" level="INFO">{'gender': 'female', 'name': {'title': 'Mrs', 'first': 'Vanessa', 'last': 'Mcdonalid'}, 'location': {'street': {'number': 2276, 'name': 'College St'}, 'city': 'Gladstone', 'state': 'Northern Territory', 'country': 'Australia', 'postcode': 6527, 'coordinates': {'latitude': '-83.2043', 'longitude': '153.3696'}, 'timezone': {'offset': '-11:00', 'description': 'Midway Island, Samoa'}}, 'email': 'vanessa.mcdonalid@example.com', 'login': {'uuid': 'f9613165-88c3-4ab5-a9f1-7d8214c092e3', 'username': 'bigladybug843', 'password': 'wizard1', 'salt': 'GWoOUtxM', 'md5': '8c45383e88815be50a9ffff7d45e2a61', 'sha1': 'ac18cac8916c70700244d088a9248996ce748975', 'sha256': '73d8298193090874c02506b6e6f051e2870b0a0618862afe8096f24b2e81e82d'}, 'dob': {'date': '1975-11-19T01:03:14.483Z', 'age': 48}, 'registered': {'date': '2005-01-09T12:17:01.886Z', 'age': 19}, 'phone': '03-7051-9202', 'cell': '0460-708-459', 'id': {'name': 'TFN', 'value': '458888439'}, 'picture': {'large': 'https://randomuser.me/api/portraits/women/6.jpg', 'medium': 'https://randomuser.me/api/portraits/med/women/6.jpg', 'thumbnail': 'https://randomuser.me/api/portraits/thumb/women/6.jpg'}, 'nat': 'AU'}</msg>
<arg>${json_data['results'][0]}</arg>
<doc>Logs the given message with the given level.</doc>
<status status="PASS" start="2024-07-12T12:29:37.834568" elapsed="0.000410"/>
</kw>
<kw name="Log" owner="BuiltIn">
<msg time="2024-07-12T12:29:37.835414" level="INFO">gender</msg>
<arg>${key}</arg>
<doc>Logs the given message with the given level.</doc>
<status status="PASS" start="2024-07-12T12:29:37.835284" elapsed="0.000168"/>
</kw>
<var name="${key}">gender</var>
<status status="PASS" start="2024-07-12T12:29:37.833843" elapsed="0.001825"/>
</iter>
<iter>
<kw name="Dictionary Should Contain Key" owner="Collections">
<arg>${json_data['results'][0]}</arg>
<arg>${key}</arg>
<doc>Fails if ``key`` is not found from ``dictionary``.</doc>
<status status="PASS" start="2024-07-12T12:29:37.835961" elapsed="0.000422"/>
</kw>
<kw name="Log" owner="BuiltIn">
<msg time="2024-07-12T12:29:37.836939" level="INFO">{'gender': 'female', 'name': {'title': 'Mrs', 'first': 'Vanessa', 'last': 'Mcdonalid'}, 'location': {'street': {'number': 2276, 'name': 'College St'}, 'city': 'Gladstone', 'state': 'Northern Territory', 'country': 'Australia', 'postcode': 6527, 'coordinates': {'latitude': '-83.2043', 'longitude': '153.3696'}, 'timezone': {'offset': '-11:00', 'description': 'Midway Island, Samoa'}}, 'email': 'vanessa.mcdonalid@example.com', 'login': {'uuid': 'f9613165-88c3-4ab5-a9f1-7d8214c092e3', 'username': 'bigladybug843', 'password': 'wizard1', 'salt': 'GWoOUtxM', 'md5': '8c45383e88815be50a9ffff7d45e2a61', 'sha1': 'ac18cac8916c70700244d088a9248996ce748975', 'sha256': '73d8298193090874c02506b6e6f051e2870b0a0618862afe8096f24b2e81e82d'}, 'dob': {'date': '1975-11-19T01:03:14.483Z', 'age': 48}, 'registered': {'date': '2005-01-09T12:17:01.886Z', 'age': 19}, 'phone': '03-7051-9202', 'cell': '0460-708-459', 'id': {'name': 'TFN', 'value': '458888439'}, 'picture': {'large': 'https://randomuser.me/api/portraits/women/6.jpg', 'medium': 'https://randomuser.me/api/portraits/med/women/6.jpg', 'thumbnail': 'https://randomuser.me/api/portraits/thumb/women/6.jpg'}, 'nat': 'AU'}</msg>
<arg>${json_data['results'][0]}</arg>
<doc>Logs the given message with the given level.</doc>
<status status="PASS" start="2024-07-12T12:29:37.836566" elapsed="0.000453"/>
</kw>
<kw name="Log" owner="BuiltIn">
<msg time="2024-07-12T12:29:37.837444" level="INFO">name</msg>
<arg>${key}</arg>
<doc>Logs the given message with the given level.</doc>
<status status="PASS" start="2024-07-12T12:29:37.837317" elapsed="0.000164"/>
</kw>
<var name="${key}">name</var>
<status status="PASS" start="2024-07-12T12:29:37.835851" elapsed="0.001845"/>
</iter>
<iter>
<kw name="Dictionary Should Contain Key" owner="Collections">
<arg>${json_data['results'][0]}</arg>
<arg>${key}</arg>
<doc>Fails if ``key`` is not found from ``dictionary``.</doc>
<status status="PASS" start="2024-07-12T12:29:37.838010" elapsed="0.000376"/>
</kw>
<kw name="Log" owner="BuiltIn">
<msg time="2024-07-12T12:29:37.838912" level="INFO">{'gender': 'female', 'name': {'title': 'Mrs', 'first': 'Vanessa', 'last': 'Mcdonalid'}, 'location': {'street': {'number': 2276, 'name': 'College St'}, 'city': 'Gladstone', 'state': 'Northern Territory', 'country': 'Australia', 'postcode': 6527, 'coordinates': {'latitude': '-83.2043', 'longitude': '153.3696'}, 'timezone': {'offset': '-11:00', 'description': 'Midway Island, Samoa'}}, 'email': 'vanessa.mcdonalid@example.com', 'login': {'uuid': 'f9613165-88c3-4ab5-a9f1-7d8214c092e3', 'username': 'bigladybug843', 'password': 'wizard1', 'salt': 'GWoOUtxM', 'md5': '8c45383e88815be50a9ffff7d45e2a61', 'sha1': 'ac18cac8916c70700244d088a9248996ce748975', 'sha256': '73d8298193090874c02506b6e6f051e2870b0a0618862afe8096f24b2e81e82d'}, 'dob': {'date': '1975-11-19T01:03:14.483Z', 'age': 48}, 'registered': {'date': '2005-01-09T12:17:01.886Z', 'age': 19}, 'phone': '03-7051-9202', 'cell': '0460-708-459', 'id': {'name': 'TFN', 'value': '458888439'}, 'picture': {'large': 'https://randomuser.me/api/portraits/women/6.jpg', 'medium': 'https://randomuser.me/api/portraits/med/women/6.jpg', 'thumbnail': 'https://randomuser.me/api/portraits/thumb/women/6.jpg'}, 'nat': 'AU'}</msg>
<arg>${json_data['results'][0]}</arg>
<doc>Logs the given message with the given level.</doc>
<status status="PASS" start="2024-07-12T12:29:37.838565" elapsed="0.000394"/>
</kw>
<kw name="Log" owner="BuiltIn">
<msg time="2024-07-12T12:29:37.839389" level="INFO">location</msg>
<arg>${key}</arg>
<doc>Logs the given message with the given level.</doc>
<status status="PASS" start="2024-07-12T12:29:37.839255" elapsed="0.000170"/>
</kw>
<var name="${key}">location</var>
<status status="PASS" start="2024-07-12T12:29:37.837901" elapsed="0.001736"/>
</iter>
<iter>
<kw name="Dictionary Should Contain Key" owner="Collections">
<arg>${json_data['results'][0]}</arg>
<arg>${key}</arg>
<doc>Fails if ``key`` is not found from ``dictionary``.</doc>
<status status="PASS" start="2024-07-12T12:29:37.839912" elapsed="0.000594"/>
</kw>
<kw name="Log" owner="BuiltIn">
<msg time="2024-07-12T12:29:37.841311" level="INFO">{'gender': 'female', 'name': {'title': 'Mrs', 'first': 'Vanessa', 'last': 'Mcdonalid'}, 'location': {'street': {'number': 2276, 'name': 'College St'}, 'city': 'Gladstone', 'state': 'Northern Territory', 'country': 'Australia', 'postcode': 6527, 'coordinates': {'latitude': '-83.2043', 'longitude': '153.3696'}, 'timezone': {'offset': '-11:00', 'description': 'Midway Island, Samoa'}}, 'email': 'vanessa.mcdonalid@example.com', 'login': {'uuid': 'f9613165-88c3-4ab5-a9f1-7d8214c092e3', 'username': 'bigladybug843', 'password': 'wizard1', 'salt': 'GWoOUtxM', 'md5': '8c45383e88815be50a9ffff7d45e2a61', 'sha1': 'ac18cac8916c70700244d088a9248996ce748975', 'sha256': '73d8298193090874c02506b6e6f051e2870b0a0618862afe8096f24b2e81e82d'}, 'dob': {'date': '1975-11-19T01:03:14.483Z', 'age': 48}, 'registered': {'date': '2005-01-09T12:17:01.886Z', 'age': 19}, 'phone': '03-7051-9202', 'cell': '0460-708-459', 'id': {'name': 'TFN', 'value': '458888439'}, 'picture': {'large': 'https://randomuser.me/api/portraits/women/6.jpg', 'medium': 'https://randomuser.me/api/portraits/med/women/6.jpg', 'thumbnail': 'https://randomuser.me/api/portraits/thumb/women/6.jpg'}, 'nat': 'AU'}</msg>
<arg>${json_data['results'][0]}</arg>
<doc>Logs the given message with the given level.</doc>
<status status="PASS" start="2024-07-12T12:29:37.840737" elapsed="0.000653"/>
</kw>
<kw name="Log" owner="BuiltIn">
<msg time="2024-07-12T12:29:37.842001" level="INFO">email</msg>
<arg>${key}</arg>
<doc>Logs the given message with the given level.</doc>
<status status="PASS" start="2024-07-12T12:29:37.841805" elapsed="0.000254"/>
</kw>
<var name="${key}">email</var>
<status status="PASS" start="2024-07-12T12:29:37.839806" elapsed="0.002480"/>
</iter>
<iter>
<kw name="Dictionary Should Contain Key" owner="Collections">
<arg>${json_data['results'][0]}</arg>
<arg>${key}</arg>
<doc>Fails if ``key`` is not found from ``dictionary``.</doc>
<status status="PASS" start="2024-07-12T12:29:37.842573" elapsed="0.000395"/>
</kw>
<kw name="Log" owner="BuiltIn">
<msg time="2024-07-12T12:29:37.843497" level="INFO">{'gender': 'female', 'name': {'title': 'Mrs', 'first': 'Vanessa', 'last': 'Mcdonalid'}, 'location': {'street': {'number': 2276, 'name': 'College St'}, 'city': 'Gladstone', 'state': 'Northern Territory', 'country': 'Australia', 'postcode': 6527, 'coordinates': {'latitude': '-83.2043', 'longitude': '153.3696'}, 'timezone': {'offset': '-11:00', 'description': 'Midway Island, Samoa'}}, 'email': 'vanessa.mcdonalid@example.com', 'login': {'uuid': 'f9613165-88c3-4ab5-a9f1-7d8214c092e3', 'username': 'bigladybug843', 'password': 'wizard1', 'salt': 'GWoOUtxM', 'md5': '8c45383e88815be50a9ffff7d45e2a61', 'sha1': 'ac18cac8916c70700244d088a9248996ce748975', 'sha256': '73d8298193090874c02506b6e6f051e2870b0a0618862afe8096f24b2e81e82d'}, 'dob': {'date': '1975-11-19T01:03:14.483Z', 'age': 48}, 'registered': {'date': '2005-01-09T12:17:01.886Z', 'age': 19}, 'phone': '03-7051-9202', 'cell': '0460-708-459', 'id': {'name': 'TFN', 'value': '458888439'}, 'picture': {'large': 'https://randomuser.me/api/portraits/women/6.jpg', 'medium': 'https://randomuser.me/api/portraits/med/women/6.jpg', 'thumbnail': 'https://randomuser.me/api/portraits/thumb/women/6.jpg'}, 'nat': 'AU'}</msg>
<arg>${json_data['results'][0]}</arg>
<doc>Logs the given message with the given level.</doc>
<status status="PASS" start="2024-07-12T12:29:37.843150" elapsed="0.000395"/>
</kw>
<kw name="Log" owner="BuiltIn">
<msg time="2024-07-12T12:29:37.843974" level="INFO">login</msg>
<arg>${key}</arg>
<doc>Logs the given message with the given level.</doc>
<status status="PASS" start="2024-07-12T12:29:37.843846" elapsed="0.000165"/>
</kw>
<var name="${key}">login</var>
<status status="PASS" start="2024-07-12T12:29:37.842458" elapsed="0.001771"/>
</iter>
<var>${key}</var>
<value>@{expected_keys}</value>
<status status="PASS" start="2024-07-12T12:29:37.833653" elapsed="0.010731"/>
</for>
<kw name="Create List" owner="BuiltIn">
<msg time="2024-07-12T12:29:37.844724" level="INFO">${expected_keysTwo} = ['username', 'password']</msg>
<var>${expected_keysTwo}</var>
<arg>username</arg>
<arg>password</arg>
<doc>Returns a list containing given items.</doc>
<status status="PASS" start="2024-07-12T12:29:37.844589" elapsed="0.000186"/>
</kw>
<for flavor="IN">
<iter>
<kw name="Dictionary Should Contain Key" owner="Collections">
<arg>${json_data['results'][0]['login']}</arg>
<arg>${keyTwo}</arg>
<doc>Fails if ``key`` is not found from ``dictionary``.</doc>
<status status="PASS" start="2024-07-12T12:29:37.845272" elapsed="0.000391"/>
</kw>
<kw name="Dictionary Should Contain Key" owner="Collections">
<arg>${json_data['results'][0]['login']}</arg>
<arg>${keyTwo}</arg>
<doc>Fails if ``key`` is not found from ``dictionary``.</doc>
<status status="PASS" start="2024-07-12T12:29:37.845846" elapsed="0.000378"/>
</kw>
<kw name="Log" owner="BuiltIn">
<msg time="2024-07-12T12:29:37.846536" level="INFO">username</msg>
<arg>${keyTwo}</arg>
<doc>Logs the given message with the given level.</doc>
<status status="PASS" start="2024-07-12T12:29:37.846406" elapsed="0.000168"/>
</kw>
<var name="${keyTwo}">username</var>
<status status="PASS" start="2024-07-12T12:29:37.845166" elapsed="0.001633"/>
</iter>
<iter>
<kw name="Dictionary Should Contain Key" owner="Collections">
<arg>${json_data['results'][0]['login']}</arg>
<arg>${keyTwo}</arg>
<doc>Fails if ``key`` is not found from ``dictionary``.</doc>
<status status="PASS" start="2024-07-12T12:29:37.847074" elapsed="0.000380"/>
</kw>
<kw name="Dictionary Should Contain Key" owner="Collections">
<arg>${json_data['results'][0]['login']}</arg>
<arg>${keyTwo}</arg>
<doc>Fails if ``key`` is not found from ``dictionary``.</doc>
<status status="PASS" start="2024-07-12T12:29:37.847652" elapsed="0.000363"/>
</kw>
<kw name="Log" owner="BuiltIn">
<msg time="2024-07-12T12:29:37.848338" level="INFO">password</msg>
<arg>${keyTwo}</arg>
<doc>Logs the given message with the given level.</doc>
<status status="PASS" start="2024-07-12T12:29:37.848188" elapsed="0.000201"/>
</kw>
<var name="${keyTwo}">password</var>
<status status="PASS" start="2024-07-12T12:29:37.846970" elapsed="0.001646"/>
</iter>
<var>${keyTwo}</var>
<value>@{expected_keysTwo}</value>
<status status="PASS" start="2024-07-12T12:29:37.845017" elapsed="0.003725"/>
</for>
<status status="PASS" start="2024-07-12T12:29:37.722678" elapsed="0.126203"/>
</kw>
<doc>Testa a estrutura da resposta da API.</doc>
<tag>testeEstruturaResposta</tag>
<status status="PASS" start="2024-07-12T12:29:37.722185" elapsed="0.126847"/>
</test>
<test id="s1-s1-t4" name="Validar tipos de dados" line="28">
<kw name="Teste de Tipos de Dados" owner="random-user-service">
<kw name="GET On Session" owner="RequestsLibrary">
<msg time="2024-07-12T12:29:37.946329" level="INFO">GET Request : url=https://randomuser.me/api 
 path_url=/api 
 headers={'User-Agent': 'python-requests/2.32.3', 'Accept-Encoding': 'gzip, deflate', 'Accept': '*/*', 'Connection': 'keep-alive'} 
 body=None 
 </msg>
<msg time="2024-07-12T12:29:37.946395" level="INFO">GET Response : url=https://randomuser.me/api 
 status=200, reason=OK 
 headers={'Date': 'Fri, 12 Jul 2024 12:29:37 GMT', 'Content-Type': 'application/json; charset=utf-8', 'Transfer-Encoding': 'chunked', 'Connection': 'keep-alive', 'X-Powered-By': 'Express', 'Access-Control-Allow-Origin': '*', 'Cache-Control': 'no-cache', 'ETag': 'W/"483-gORID9qVryL4erhgAHiWKKMpzpI"', 'Vary': 'Accept-Encoding', 'Content-Encoding': 'gzip', 'CF-Cache-Status': 'DYNAMIC', 'Report-To': '{"endpoints":[{"url":"https:\\/\\/a.nel.cloudflare.com\\/report\\/v4?s=RilnyQrWoIWQsMfzA9JLII9N2ewxRQGyw0l9n4MMwcc4KdpHhw%2FgXxOSTlWIISIRoF4vjMAbEAaiXb6Af8x6entLLrTBnuGFXX0ZmmOWnRyVXvphexrMLaiMVguA2EFk"}],"group":"cf-nel","max_age":604800}', 'NEL': '{"success_fraction":0,"report_to":"cf-nel","max_age":604800}', 'Server': 'cloudflare', 'CF-RAY': '8a210a379c1b0912-LAX', 'alt-svc': 'h3=":443"; ma=86400'} 
 body={"results":[{"gender":"male","name":{"title":"Mr","first":"Amol","last":"Bhoja"},"location":{"street":{"number":2094,"name":"Tripolia Bazar"},"city":"Ambattur","state":"Telangana","country":"India","postcode":19616,"coordinates":{"latitude":"7.8415","longitude":"-111.3707"},"timezone":{"offset":"+5:30","description":"Bombay, Calcutta, Madras, New Delhi"}},"email":"amol.bhoja@example.com","login":{"uuid":"13b3f0e1-ad1a-4f21-b9bc-b66d66b67cf1","username":"redsnake745","password":"megan1","salt":"Q1hO0jg0","md5":"809dc6aa00d0232a0313498beea961d5","sha1":"79a20ec4549a69f9e50c1c0a7b6db1e05c585536","sha256":"0359e758ee764273afe22e90f8aaa7477ef3ddb6b90ba2f6b777ae2f37235563"},"dob":{"date":"1967-08-09T23:02:21.651Z","age":56},"registered":{"date":"2010-11-15T08:15:27.915Z","age":13},"phone":"8474479020","cell":"7955365949","id":{"name":"UIDAI","value":"652255511296"},"picture":{"large":"https://randomuser.me/api/portraits/men/87.jpg","medium":"https://randomuser.me/api/portraits/med/men/87.jpg","thumbnail":"https://randomuser.me/api/portraits/thumb/men/87.jpg"},"nat":"IN"}],"info":{"seed":"136cef7c00d5edfe","results":1,"page":1,"version":"1.4"}} 
 </msg>
<msg time="2024-07-12T12:29:37.946453" level="INFO">/opt/hostedtoolcache/Python/3.12.4/x64/lib/python3.12/site-packages/urllib3/connectionpool.py:1099: InsecureRequestWarning: Unverified HTTPS request is being made to host 'randomuser.me'. Adding certificate verification is strongly advised. See: https://urllib3.readthedocs.io/en/latest/advanced-usage.html#tls-warnings
  warnings.warn(</msg>
<msg time="2024-07-12T12:29:37.946558" level="INFO">${response} = &lt;Response [200]&gt;</msg>
<var>${response}</var>
<arg>consultarAPI</arg>
<arg>/api</arg>
<doc>Sends a GET request on a previously created HTTP Session.</doc>
<status status="PASS" start="2024-07-12T12:29:37.851610" elapsed="0.094992"/>
</kw>
<kw name="Set Variable" owner="BuiltIn">
<msg time="2024-07-12T12:29:37.947445" level="INFO">${json_data} = {'results': [{'gender': 'male', 'name': {'title': 'Mr', 'first': 'Amol', 'last': 'Bhoja'}, 'location': {'street': {'number': 2094, 'name': 'Tripolia Bazar'}, 'city': 'Ambattur', 'state': 'Telangana', ...</msg>
<var>${json_data}</var>
<arg>${response.json()}</arg>
<doc>Returns the given values which can then be assigned to a variables.</doc>
<status status="PASS" start="2024-07-12T12:29:37.946984" elapsed="0.000491"/>
</kw>
<kw name="Log" owner="BuiltIn">
<msg time="2024-07-12T12:29:37.947938" level="INFO">{'results': [{'gender': 'male', 'name': {'title': 'Mr', 'first': 'Amol', 'last': 'Bhoja'}, 'location': {'street': {'number': 2094, 'name': 'Tripolia Bazar'}, 'city': 'Ambattur', 'state': 'Telangana', 'country': 'India', 'postcode': 19616, 'coordinates': {'latitude': '7.8415', 'longitude': '-111.3707'}, 'timezone': {'offset': '+5:30', 'description': 'Bombay, Calcutta, Madras, New Delhi'}}, 'email': 'amol.bhoja@example.com', 'login': {'uuid': '13b3f0e1-ad1a-4f21-b9bc-b66d66b67cf1', 'username': 'redsnake745', 'password': 'megan1', 'salt': 'Q1hO0jg0', 'md5': '809dc6aa00d0232a0313498beea961d5', 'sha1': '79a20ec4549a69f9e50c1c0a7b6db1e05c585536', 'sha256': '0359e758ee764273afe22e90f8aaa7477ef3ddb6b90ba2f6b777ae2f37235563'}, 'dob': {'date': '1967-08-09T23:02:21.651Z', 'age': 56}, 'registered': {'date': '2010-11-15T08:15:27.915Z', 'age': 13}, 'phone': '8474479020', 'cell': '7955365949', 'id': {'name': 'UIDAI', 'value': '652255511296'}, 'picture': {'large': 'https://randomuser.me/api/portraits/men/87.jpg', 'medium': 'https://randomuser.me/api/portraits/med/men/87.jpg', 'thumbnail': 'https://randomuser.me/api/portraits/thumb/men/87.jpg'}, 'nat': 'IN'}], 'info': {'seed': '136cef7c00d5edfe', 'results': 1, 'page': 1, 'version': '1.4'}}</msg>
<arg>${json_data}</arg>
<doc>Logs the given message with the given level.</doc>
<status status="PASS" start="2024-07-12T12:29:37.947786" elapsed="0.000199"/>
</kw>
<kw name="Should Be String" owner="String">
<arg>${json_data['results'][0]['gender']}</arg>
<doc>Fails if the given ``item`` is not a string.</doc>
<status status="PASS" start="2024-07-12T12:29:37.948309" elapsed="0.000368"/>
</kw>
<kw name="Should Match Regexp" owner="BuiltIn">
<arg>${json_data['results'][0]['email']}</arg>
<arg>^[a-zA-Z0-9._%+-]+@[a-zA-Z0-9.-]+\.[a-zA-Z]{2,}$</arg>
<doc>Fails if ``string`` does not match ``pattern`` as a regular expression.</doc>
<status status="PASS" start="2024-07-12T12:29:37.948870" elapsed="0.000513"/>
</kw>
<kw name="Should Match Regexp" owner="BuiltIn">
<arg>${json_data['results'][0]['dob']['date']}</arg>
<arg>\\d{4}-\\d{2}-\\d{2}T\\d{2}:\\d{2}:\\d{2}\\.\\d{3}Z</arg>
<doc>Fails if ``string`` does not match ``pattern`` as a regular expression.</doc>
<status status="PASS" start="2024-07-12T12:29:37.949611" elapsed="0.000480"/>
</kw>
<kw name="Should Match Regexp" owner="BuiltIn">
<arg>${json_data['results'][0]['registered']['date']}</arg>
<arg>\\d{4}-\\d{2}-\\d{2}T\\d{2}:\\d{2}:\\d{2}\\.\\d{3}Z</arg>
<doc>Fails if ``string`` does not match ``pattern`` as a regular expression.</doc>
<status status="PASS" start="2024-07-12T12:29:37.950279" elapsed="0.000364"/>
</kw>
<kw name="Should Match Regexp" owner="BuiltIn">
<arg>${json_data['results'][0]['picture']['large']}</arg>
<arg>^https?://.*\.(?:png|jpe?g|gif|bmp)$</arg>
<doc>Fails if ``string`` does not match ``pattern`` as a regular expression.</doc>
<status status="PASS" start="2024-07-12T12:29:37.950827" elapsed="0.000459"/>
</kw>
<kw name="Should Match Regexp" owner="BuiltIn">
<arg>${json_data['results'][0]['picture']['medium']}</arg>
<arg>^https?://.*\.(?:png|jpe?g|gif|bmp)$</arg>
<doc>Fails if ``string`` does not match ``pattern`` as a regular expression.</doc>
<status status="PASS" start="2024-07-12T12:29:37.951477" elapsed="0.000347"/>
</kw>
<kw name="Should Match Regexp" owner="BuiltIn">
<arg>${json_data['results'][0]['picture']['thumbnail']}</arg>
<arg>^https?://.*\.(?:png|jpe?g|gif|bmp)$</arg>
<doc>Fails if ``string`` does not match ``pattern`` as a regular expression.</doc>
<status status="PASS" start="2024-07-12T12:29:37.952006" elapsed="0.000392"/>
</kw>
<kw name="Log" owner="BuiltIn">
<msg time="2024-07-12T12:29:37.952920" level="INFO">{'large': 'https://randomuser.me/api/portraits/men/87.jpg', 'medium': 'https://randomuser.me/api/portraits/med/men/87.jpg', 'thumbnail': 'https://randomuser.me/api/portraits/thumb/men/87.jpg'}</msg>
<arg>${json_data['results'][0]['picture']}</arg>
<doc>Logs the given message with the given level.</doc>
<status status="PASS" start="2024-07-12T12:29:37.952587" elapsed="0.000377"/>
</kw>
<status status="PASS" start="2024-07-12T12:29:37.851390" elapsed="0.101827"/>
</kw>
<kw name="Teste de Tipos de Dados - Postcode" owner="random-user-service">
<kw name="GET On Session" owner="RequestsLibrary">
<msg time="2024-07-12T12:29:38.057957" level="INFO">GET Request : url=https://randomuser.me/api 
 path_url=/api 
 headers={'User-Agent': 'python-requests/2.32.3', 'Accept-Encoding': 'gzip, deflate', 'Accept': '*/*', 'Connection': 'keep-alive'} 
 body=None 
 </msg>
<msg time="2024-07-12T12:29:38.058021" level="INFO">GET Response : url=https://randomuser.me/api 
 status=200, reason=OK 
 headers={'Date': 'Fri, 12 Jul 2024 12:29:38 GMT', 'Content-Type': 'application/json; charset=utf-8', 'Transfer-Encoding': 'chunked', 'Connection': 'keep-alive', 'X-Powered-By': 'Express', 'Access-Control-Allow-Origin': '*', 'Cache-Control': 'no-cache', 'ETag': 'W/"49b-6fDaRGx6ReBsaNG1HU02rZx3/wk"', 'Vary': 'Accept-Encoding', 'Content-Encoding': 'gzip', 'CF-Cache-Status': 'DYNAMIC', 'Report-To': '{"endpoints":[{"url":"https:\\/\\/a.nel.cloudflare.com\\/report\\/v4?s=56KOutKwKKPYS1NTxigEYJcCCECIMp98RvWqlvr2CTSvabf1gwHiMsf286VVV2UqEn6W2%2FDFSblrnUMkZqdK3smZccF8riCEa2LGt%2FoBMEJOf%2F8yOTODNtK2mcnAuXEb"}],"group":"cf-nel","max_age":604800}', 'NEL': '{"success_fraction":0,"report_to":"cf-nel","max_age":604800}', 'Server': 'cloudflare', 'CF-RAY': '8a210a383d000912-LAX', 'alt-svc': 'h3=":443"; ma=86400'} 
 body={"results":[{"gender":"male","name":{"title":"Mr","first":"Leevi","last":"Ahonen"},"location":{"street":{"number":6994,"name":"Siilitie"},"city":"Koski","state":"Päijät-Häme","country":"Finland","postcode":28820,"coordinates":{"latitude":"-22.3641","longitude":"-95.8475"},"timezone":{"offset":"0:00","description":"Western Europe Time, London, Lisbon, Casablanca"}},"email":"leevi.ahonen@example.com","login":{"uuid":"707bd593-1469-4500-bfd7-166801c00c4b","username":"smallkoala203","password":"videoes","salt":"gqzLwban","md5":"90909d464bcca7de49d1289720841d72","sha1":"22285aaf6e2a14dd992ab432d5f826e18047fbd9","sha256":"b232d2b83bc8f07d526817798dc305a30ca9e1dca830a36b295b24694de4d029"},"dob":{"date":"1968-03-09T08:42:49.305Z","age":56},"registered":{"date":"2010-07-06T22:45:31.089Z","age":14},"phone":"02-070-082","cell":"047-269-28-58","id":{"name":"HETU","value":"NaNNA545undefined"},"picture":{"large":"https://randomuser.me/api/portraits/men/52.jpg","medium":"https://randomuser.me/api/portraits/med/men/52.jpg","thumbnail":"https://randomuser.me/api/portraits/thumb/men/52.jpg"},"nat":"FI"}],"info":{"seed":"3bd86451b3dbbc98","results":1,"page":1,"version":"1.4"}} 
 </msg>
<msg time="2024-07-12T12:29:38.058081" level="INFO">/opt/hostedtoolcache/Python/3.12.4/x64/lib/python3.12/site-packages/urllib3/connectionpool.py:1099: InsecureRequestWarning: Unverified HTTPS request is being made to host 'randomuser.me'. Adding certificate verification is strongly advised. See: https://urllib3.readthedocs.io/en/latest/advanced-usage.html#tls-warnings
  warnings.warn(</msg>
<msg time="2024-07-12T12:29:38.058168" level="INFO">${response} = &lt;Response [200]&gt;</msg>
<var>${response}</var>
<arg>consultarAPI</arg>
<arg>/api</arg>
<doc>Sends a GET request on a previously created HTTP Session.</doc>
<status status="PASS" start="2024-07-12T12:29:37.953642" elapsed="0.104566"/>
</kw>
<kw name="Set Variable" owner="BuiltIn">
<msg time="2024-07-12T12:29:38.059281" level="INFO">${json_data} = {'results': [{'gender': 'male', 'name': {'title': 'Mr', 'first': 'Leevi', 'last': 'Ahonen'}, 'location': {'street': {'number': 6994, 'name': 'Siilitie'}, 'city': 'Koski', 'state': 'Päijät-Häme', 'coun...</msg>
<var>${json_data}</var>
<arg>${response.json()}</arg>
<doc>Returns the given values which can then be assigned to a variables.</doc>
<status status="PASS" start="2024-07-12T12:29:38.058681" elapsed="0.000630"/>
</kw>
<kw name="Log" owner="BuiltIn">
<msg time="2024-07-12T12:29:38.059780" level="INFO">{'results': [{'gender': 'male', 'name': {'title': 'Mr', 'first': 'Leevi', 'last': 'Ahonen'}, 'location': {'street': {'number': 6994, 'name': 'Siilitie'}, 'city': 'Koski', 'state': 'Päijät-Häme', 'country': 'Finland', 'postcode': 28820, 'coordinates': {'latitude': '-22.3641', 'longitude': '-95.8475'}, 'timezone': {'offset': '0:00', 'description': 'Western Europe Time, London, Lisbon, Casablanca'}}, 'email': 'leevi.ahonen@example.com', 'login': {'uuid': '707bd593-1469-4500-bfd7-166801c00c4b', 'username': 'smallkoala203', 'password': 'videoes', 'salt': 'gqzLwban', 'md5': '90909d464bcca7de49d1289720841d72', 'sha1': '22285aaf6e2a14dd992ab432d5f826e18047fbd9', 'sha256': 'b232d2b83bc8f07d526817798dc305a30ca9e1dca830a36b295b24694de4d029'}, 'dob': {'date': '1968-03-09T08:42:49.305Z', 'age': 56}, 'registered': {'date': '2010-07-06T22:45:31.089Z', 'age': 14}, 'phone': '02-070-082', 'cell': '047-269-28-58', 'id': {'name': 'HETU', 'value': 'NaNNA545undefined'}, 'picture': {'large': 'https://randomuser.me/api/portraits/men/52.jpg', 'medium': 'https://randomuser.me/api/portraits/med/men/52.jpg', 'thumbnail': 'https://randomuser.me/api/portraits/thumb/men/52.jpg'}, 'nat': 'FI'}], 'info': {'seed': '3bd86451b3dbbc98', 'results': 1, 'page': 1, 'version': '1.4'}}</msg>
<arg>${json_data}</arg>
<doc>Logs the given message with the given level.</doc>
<status status="PASS" start="2024-07-12T12:29:38.059617" elapsed="0.000212"/>
</kw>
<kw name="Should Be Equal As Numbers" owner="BuiltIn">
<arg>${json_data['results'][0]['location']['postcode']}</arg>
<arg>${json_data['results'][0]['location']['postcode']}</arg>
<doc>Fails if objects are unequal after converting them to real numbers.</doc>
<status status="PASS" start="2024-07-12T12:29:38.060122" elapsed="0.000666"/>
</kw>
<kw name="Log" owner="BuiltIn">
<msg time="2024-07-12T12:29:38.061324" level="INFO">28820</msg>
<arg>${json_data['results'][0]['location']['postcode']}</arg>
<doc>Logs the given message with the given level.</doc>
<status status="PASS" start="2024-07-12T12:29:38.060982" elapsed="0.000382"/>
</kw>
<status status="PASS" start="2024-07-12T12:29:37.953427" elapsed="0.108212"/>
</kw>
<doc>Testa se os tipos de dados na resposta da API estão corretos.</doc>
<tag>testeTiposDados</tag>
<status status="PASS" start="2024-07-12T12:29:37.850766" elapsed="0.211032"/>
</test>
<test id="s1-s1-t5" name="Validar conteudo" line="35">
<kw name="Teste de Tipos de Conteudo" owner="random-user-service">
<kw name="GET On Session" owner="RequestsLibrary">
<msg time="2024-07-12T12:29:38.163530" level="INFO">GET Request : url=https://randomuser.me/api 
 path_url=/api 
 headers={'User-Agent': 'python-requests/2.32.3', 'Accept-Encoding': 'gzip, deflate', 'Accept': '*/*', 'Connection': 'keep-alive'} 
 body=None 
 </msg>
<msg time="2024-07-12T12:29:38.163609" level="INFO">GET Response : url=https://randomuser.me/api 
 status=200, reason=OK 
 headers={'Date': 'Fri, 12 Jul 2024 12:29:38 GMT', 'Content-Type': 'application/json; charset=utf-8', 'Transfer-Encoding': 'chunked', 'Connection': 'keep-alive', 'X-Powered-By': 'Express', 'Access-Control-Allow-Origin': '*', 'Cache-Control': 'no-cache', 'ETag': 'W/"491-YA8OJ+n7EXrZBg8GT0owd9tAscc"', 'Vary': 'Accept-Encoding', 'Content-Encoding': 'gzip', 'CF-Cache-Status': 'DYNAMIC', 'Report-To': '{"endpoints":[{"url":"https:\\/\\/a.nel.cloudflare.com\\/report\\/v4?s=c1kipdj8q095wdN1GprvaB71S0WthnZ1anaArIYe7RXRFEmi0YhTaVlyZrRpjYJ0N8pGOyjBgR3GTWu6PVn6%2BcU6D411qN1%2BzA41aXEqcFHqlfcqUmnZZ2sSej07fsVc"}],"group":"cf-nel","max_age":604800}', 'NEL': '{"success_fraction":0,"report_to":"cf-nel","max_age":604800}', 'Server': 'cloudflare', 'CF-RAY': '8a210a38ede80912-LAX', 'alt-svc': 'h3=":443"; ma=86400'} 
 body={"results":[{"gender":"female","name":{"title":"Miss","first":"Arya","last":"Lervik"},"location":{"street":{"number":7909,"name":"Tjonerudveien"},"city":"Sandnessjøen","state":"Trøndelag","country":"Norway","postcode":"6520","coordinates":{"latitude":"43.0533","longitude":"154.3356"},"timezone":{"offset":"-5:00","description":"Eastern Time (US &amp; Canada), Bogota, Lima"}},"email":"arya.lervik@example.com","login":{"uuid":"2723ceae-70db-477a-a661-6d90197f54af","username":"biggorilla837","password":"ggggg","salt":"d2RBCQQy","md5":"1096d66ba63d21923a1c6b1082768e82","sha1":"445bd1518f3c7cdf2ebc5508d92c8da42b4483a6","sha256":"f7a8ecefa2434788299d106cbd71f0fed7a8e4435840f5077b14f21579a6b035"},"dob":{"date":"1978-04-17T21:33:48.998Z","age":46},"registered":{"date":"2002-10-11T05:18:31.342Z","age":21},"phone":"64933698","cell":"44233058","id":{"name":"FN","value":"17047841631"},"picture":{"large":"https://randomuser.me/api/portraits/women/8.jpg","medium":"https://randomuser.me/api/portraits/med/women/8.jpg","thumbnail":"https://randomuser.me/api/portraits/thumb/women/8.jpg"},"nat":"NO"}],"info":{"seed":"ff8508f14f838158","results":1,"page":1,"version":"1.4"}} 
 </msg>
<msg time="2024-07-12T12:29:38.163696" level="INFO">/opt/hostedtoolcache/Python/3.12.4/x64/lib/python3.12/site-packages/urllib3/connectionpool.py:1099: InsecureRequestWarning: Unverified HTTPS request is being made to host 'randomuser.me'. Adding certificate verification is strongly advised. See: https://urllib3.readthedocs.io/en/latest/advanced-usage.html#tls-warnings
  warnings.warn(</msg>
<msg time="2024-07-12T12:29:38.163795" level="INFO">${response} = &lt;Response [200]&gt;</msg>
<var>${response}</var>
<arg>consultarAPI</arg>
<arg>/api</arg>
<doc>Sends a GET request on a previously created HTTP Session.</doc>
<status status="PASS" start="2024-07-12T12:29:38.064451" elapsed="0.099383"/>
</kw>
<kw name="Set Variable" owner="BuiltIn">
<msg time="2024-07-12T12:29:38.164973" level="INFO">${json_data} = {'results': [{'gender': 'female', 'name': {'title': 'Miss', 'first': 'Arya', 'last': 'Lervik'}, 'location': {'street': {'number': 7909, 'name': 'Tjonerudveien'}, 'city': 'Sandnessjøen', 'state': 'Trøn...</msg>
<var>${json_data}</var>
<arg>${response.json()}</arg>
<doc>Returns the given values which can then be assigned to a variables.</doc>
<status status="PASS" start="2024-07-12T12:29:38.164347" elapsed="0.000657"/>
</kw>
<kw name="Set Variable" owner="BuiltIn">
<msg time="2024-07-12T12:29:38.165682" level="INFO">${name_title} = Miss</msg>
<var>${name_title}</var>
<arg>${json_data["results"][0]["name"]["title"]}</arg>
<doc>Returns the given values which can then be assigned to a variables.</doc>
<status status="PASS" start="2024-07-12T12:29:38.165308" elapsed="0.000399"/>
</kw>
<kw name="Create List" owner="BuiltIn">
<msg time="2024-07-12T12:29:38.166154" level="INFO">${allowed_titles} = ['Mr', 'Ms', 'Miss', 'Mrs', 'Madame', 'Monsieur']</msg>
<var>${allowed_titles}</var>
<arg>Mr</arg>
<arg>Ms</arg>
<arg>Miss</arg>
<arg>Mrs</arg>
<arg>Madame</arg>
<arg>Monsieur</arg>
<doc>Returns a list containing given items.</doc>
<status status="PASS" start="2024-07-12T12:29:38.166006" elapsed="0.000172"/>
</kw>
<kw name="List Should Contain Value" owner="Collections">
<arg>${allowed_titles}</arg>
<arg>${name_title}</arg>
<doc>Fails if the ``value`` is not found from ``list``.</doc>
<status status="PASS" start="2024-07-12T12:29:38.166474" elapsed="0.000171"/>
</kw>
<kw name="Set Variable" owner="BuiltIn">
<msg time="2024-07-12T12:29:38.167187" level="INFO">${name_country} = NO</msg>
<var>${name_country}</var>
<arg>${json_data["results"][0]["nat"]}</arg>
<doc>Returns the given values which can then be assigned to a variables.</doc>
<status status="PASS" start="2024-07-12T12:29:38.166820" elapsed="0.000391"/>
</kw>
<kw name="Create List" owner="BuiltIn">
<msg time="2024-07-12T12:29:38.168093" level="INFO">${list_country} = ['AD', 'AE', 'AF', 'AG', 'AI', 'AL', 'AM', 'AO', 'AQ', 'AR', 'AS', 'AT', 'AU', 'AW', 'AX', 'AZ', 'BA', 'BB', 'BD', 'BE', 'BF', 'BG', 'BH', 'BI', 'BJ', 'BL', 'BM', 'BN', 'BO', 'BQ', 'BR', 'BS', 'BT', '...</msg>
<var>${list_country}</var>
<arg>AD</arg>
<arg>AE</arg>
<arg>AF</arg>
<arg>AG</arg>
<arg>AI</arg>
<arg>AL</arg>
<arg>AM</arg>
<arg>AO</arg>
<arg>AQ</arg>
<arg>AR</arg>
<arg>AS</arg>
<arg>AT</arg>
<arg>AU</arg>
<arg>AW</arg>
<arg>AX</arg>
<arg>AZ</arg>
<arg>BA</arg>
<arg>BB</arg>
<arg>BD</arg>
<arg>BE</arg>
<arg>BF</arg>
<arg>BG</arg>
<arg>BH</arg>
<arg>BI</arg>
<arg>BJ</arg>
<arg>BL</arg>
<arg>BM</arg>
<arg>BN</arg>
<arg>BO</arg>
<arg>BQ</arg>
<arg>BR</arg>
<arg>BS</arg>
<arg>BT</arg>
<arg>BV</arg>
<arg>BW</arg>
<arg>BY</arg>
<arg>BZ</arg>
<arg>CA</arg>
<arg>CC</arg>
<arg>CD</arg>
<arg>CF</arg>
<arg>CG</arg>
<arg>CH</arg>
<arg>CI</arg>
<arg>CK</arg>
<arg>CL</arg>
<arg>CM</arg>
<arg>CN</arg>
<arg>CO</arg>
<arg>CR</arg>
<arg>CU</arg>
<arg>CV</arg>
<arg>CW</arg>
<arg>CX</arg>
<arg>CY</arg>
<arg>CZ</arg>
<arg>DE</arg>
<arg>DJ</arg>
<arg>DK</arg>
<arg>DM</arg>
<arg>DO</arg>
<arg>DZ</arg>
<arg>EC</arg>
<arg>EE</arg>
<arg>EG</arg>
<arg>EH</arg>
<arg>ER</arg>
<arg>ES</arg>
<arg>ET</arg>
<arg>FI</arg>
<arg>FJ</arg>
<arg>FK</arg>
<arg>FM</arg>
<arg>FO</arg>
<arg>FR</arg>
<arg>GA</arg>
<arg>GB</arg>
<arg>GD</arg>
<arg>GE</arg>
<arg>GF</arg>
<arg>GG</arg>
<arg>GH</arg>
<arg>GI</arg>
<arg>GL</arg>
<arg>GM</arg>
<arg>GN</arg>
<arg>GP</arg>
<arg>GQ</arg>
<arg>GR</arg>
<arg>GS</arg>
<arg>GT</arg>
<arg>GU</arg>
<arg>GW</arg>
<arg>GY</arg>
<arg>HK</arg>
<arg>HM</arg>
<arg>HN</arg>
<arg>HR</arg>
<arg>HT</arg>
<arg>HU</arg>
<arg>ID</arg>
<arg>IE</arg>
<arg>IL</arg>
<arg>IM</arg>
<arg>IN</arg>
<arg>IO</arg>
<arg>IQ</arg>
<arg>IR</arg>
<arg>IS</arg>
<arg>IT</arg>
<arg>JE</arg>
<arg>JM</arg>
<arg>JO</arg>
<arg>JP</arg>
<arg>KE</arg>
<arg>KG</arg>
<arg>KH</arg>
<arg>KI</arg>
<arg>KM</arg>
<arg>KN</arg>
<arg>KP</arg>
<arg>KR</arg>
<arg>KW</arg>
<arg>KY</arg>
<arg>KZ</arg>
<arg>LA</arg>
<arg>LB</arg>
<arg>LC</arg>
<arg>LI</arg>
<arg>LK</arg>
<arg>LR</arg>
<arg>LS</arg>
<arg>LT</arg>
<arg>LU</arg>
<arg>LV</arg>
<arg>LY</arg>
<arg>MA</arg>
<arg>MC</arg>
<arg>MD</arg>
<arg>ME</arg>
<arg>MF</arg>
<arg>MG</arg>
<arg>MH</arg>
<arg>MK</arg>
<arg>ML</arg>
<arg>MM</arg>
<arg>MN</arg>
<arg>MO</arg>
<arg>MP</arg>
<arg>MQ</arg>
<arg>MR</arg>
<arg>MS</arg>
<arg>MT</arg>
<arg>MU</arg>
<arg>MV</arg>
<arg>MW</arg>
<arg>MX</arg>
<arg>MY</arg>
<arg>MZ</arg>
<arg>NA</arg>
<arg>NC</arg>
<arg>NE</arg>
<arg>NF</arg>
<arg>NG</arg>
<arg>NI</arg>
<arg>NL</arg>
<arg>NO</arg>
<arg>NP</arg>
<arg>NR</arg>
<arg>NU</arg>
<arg>NZ</arg>
<arg>OM</arg>
<arg>PA</arg>
<arg>PE</arg>
<arg>PF</arg>
<arg>PG</arg>
<arg>PH</arg>
<arg>PK</arg>
<arg>PL</arg>
<arg>PM</arg>
<arg>PN</arg>
<arg>PR</arg>
<arg>PS</arg>
<arg>PT</arg>
<arg>PW</arg>
<arg>PY</arg>
<arg>QA</arg>
<arg>RE</arg>
<arg>RO</arg>
<arg>RS</arg>
<arg>RU</arg>
<arg>RW</arg>
<arg>SA</arg>
<arg>SB</arg>
<arg>SC</arg>
<arg>SD</arg>
<arg>SE</arg>
<arg>SG</arg>
<arg>SH</arg>
<arg>SI</arg>
<arg>SJ</arg>
<arg>SK</arg>
<arg>SL</arg>
<arg>SM</arg>
<arg>SN</arg>
<arg>SO</arg>
<arg>SR</arg>
<arg>SS</arg>
<arg>ST</arg>
<arg>SV</arg>
<arg>SX</arg>
<arg>SY</arg>
<arg>SZ</arg>
<arg>TC</arg>
<arg>TD</arg>
<arg>TF</arg>
<arg>TG</arg>
<arg>TH</arg>
<arg>TJ</arg>
<arg>TK</arg>
<arg>TL</arg>
<arg>TM</arg>
<arg>TN</arg>
<arg>TO</arg>
<arg>TR</arg>
<arg>TT</arg>
<arg>TV</arg>
<arg>TW</arg>
<arg>TZ</arg>
<arg>UA</arg>
<arg>UG</arg>
<arg>UM</arg>
<arg>US</arg>
<arg>UY</arg>
<arg>UZ</arg>
<arg>VA</arg>
<arg>VC</arg>
<arg>VE</arg>
<arg>VG</arg>
<arg>VI</arg>
<arg>VN</arg>
<arg>VU</arg>
<arg>WF</arg>
<arg>WS</arg>
<arg>XK</arg>
<arg>YE</arg>
<arg>YT</arg>
<arg>ZA</arg>
<arg>ZM</arg>
<arg>ZW</arg>
<doc>Returns a list containing given items.</doc>
<status status="PASS" start="2024-07-12T12:29:38.167500" elapsed="0.000618"/>
</kw>
<kw name="List Should Contain Value" owner="Collections">
<arg>${list_country}</arg>
<arg>${name_country}</arg>
<doc>Fails if the ``value`` is not found from ``list``.</doc>
<status status="PASS" start="2024-07-12T12:29:38.168933" elapsed="0.000205"/>
</kw>
<kw name="Run Keyword If" owner="BuiltIn">
<kw name="Should Be True" owner="BuiltIn">
<arg>${True}</arg>
<doc>Fails if the given condition is not true.</doc>
<status status="PASS" start="2024-07-12T12:29:38.170063" elapsed="0.000143"/>
</kw>
<arg>${json_data["results"][0]["location"]["coordinates"]["latitude"]} &gt;= -90 and ${json_data["results"][0]["location"]["coordinates"]["latitude"]} &lt;= 90</arg>
<arg>Should Be True</arg>
<arg>${True}</arg>
<doc>Runs the given keyword with the given arguments, if ``condition`` is true.</doc>
<status status="PASS" start="2024-07-12T12:29:38.169334" elapsed="0.001003"/>
</kw>
<kw name="Run Keyword If" owner="BuiltIn">
<kw name="Should Be True" owner="BuiltIn">
<arg>${True}</arg>
<doc>Fails if the given condition is not true.</doc>
<status status="PASS" start="2024-07-12T12:29:38.171208" elapsed="0.000136"/>
</kw>
<arg>${json_data["results"][0]["location"]["coordinates"]["longitude"]} &gt;= -180 and ${json_data["results"][0]["location"]["coordinates"]["longitude"]} &lt;= 180</arg>
<arg>Should Be True</arg>
<arg>${True}</arg>
<doc>Runs the given keyword with the given arguments, if ``condition`` is true.</doc>
<status status="PASS" start="2024-07-12T12:29:38.170517" elapsed="0.000960"/>
</kw>
<status status="PASS" start="2024-07-12T12:29:38.064061" elapsed="0.107546"/>
</kw>
<doc>Testa o conteúdo específico dos campos retornados pela API.</doc>
<tag>testeConteudo</tag>
<status status="PASS" start="2024-07-12T12:29:38.063545" elapsed="0.108205"/>
</test>
<status status="PASS" start="2024-07-12T12:29:37.002937" elapsed="1.170820"/>
</suite>
<status status="PASS" start="2024-07-12T12:29:36.988553" elapsed="1.190330"/>
</suite>
<statistics>
<total>
<stat pass="5" fail="0" skip="0">All Tests</stat>
</total>
<tag>
<stat pass="1" fail="0" skip="0">testeConteudo</stat>
<stat pass="1" fail="0" skip="0">testeEstruturaResposta</stat>
<stat pass="1" fail="0" skip="0">testeRequisicaoBasica</stat>
<stat pass="1" fail="0" skip="0">testeTiposDados</stat>
</tag>
<suite>
<stat pass="5" fail="0" skip="0" id="s1" name="Tests">Tests</stat>
<stat pass="5" fail="0" skip="0" id="s1-s1" name="Random-User-Test">Tests.Random-User-Test</stat>
</suite>
</statistics>
<errors>
</errors>
</robot>
