<?xml version="1.0" encoding="UTF-8"?>
<robot generator="Robot 7.0 (Python 3.12.2 on linux)" generated="2024-04-02T01:02:16.533612" rpa="false" schemaversion="5">
<suite id="s1" name="Tests" source="/home/runner/work/DesafioQAItauRogerioJordao/DesafioQAItauRogerioJordao/RamdonUser/tests">
<suite id="s1-s1" name="Random-User-Test" source="/home/runner/work/DesafioQAItauRogerioJordao/DesafioQAItauRogerioJordao/RamdonUser/tests/random-user-test.robot">
<test id="s1-s1-t1" name="Conectar" line="13">
<kw name="Conectar API" owner="random-user-service">
<kw name="Create Session" owner="RequestsLibrary">
<msg time="2024-04-02T01:02:16.977136" level="INFO">Creating Session using : alias=consultarAPI, url=https://randomuser.me/, headers={},                     cookies={}, auth=None, timeout=None, proxies=None, verify=False,                     debug=0 </msg>
<arg>consultarAPI</arg>
<arg>${URL}</arg>
<doc>Create Session: create a HTTP session to a server</doc>
<status status="PASS" start="2024-04-02T01:02:16.976911" elapsed="0.000433"/>
</kw>
<status status="PASS" start="2024-04-02T01:02:16.975481" elapsed="0.002251"/>
</kw>
<status status="PASS" start="2024-04-02T01:02:16.974887" elapsed="0.003085"/>
</test>
<test id="s1-s1-t2" name="Validar retorno 200 e JSON Válido" line="16">
<kw name="Teste de Requisicao Basica" owner="random-user-service">
<kw name="GET On Session" owner="RequestsLibrary">
<msg time="2024-04-02T01:02:17.048465" level="INFO">GET Request : url=https://randomuser.me/api 
 path_url=/api 
 headers={'User-Agent': 'python-requests/2.31.0', 'Accept-Encoding': 'gzip, deflate', 'Accept': '*/*', 'Connection': 'keep-alive'} 
 body=None 
 </msg>
<msg time="2024-04-02T01:02:17.048624" level="INFO">GET Response : url=https://randomuser.me/api 
 status=200, reason=OK 
 headers={'Date': 'Tue, 02 Apr 2024 01:02:17 GMT', 'Content-Type': 'application/json; charset=utf-8', 'Transfer-Encoding': 'chunked', 'Connection': 'keep-alive', 'X-Powered-By': 'Express', 'Access-Control-Allow-Origin': '*', 'Cache-Control': 'no-cache', 'ETag': 'W/"48c-bvqvUXQIFrwnqD571Irw+TVTXJg"', 'Vary': 'Accept-Encoding', 'Content-Encoding': 'gzip', 'CF-Cache-Status': 'DYNAMIC', 'Report-To': '{"endpoints":[{"url":"https:\\/\\/a.nel.cloudflare.com\\/report\\/v4?s=qkGbz8k0El%2FNwkTKHV2fa%2FLBfDCZPUehAa3DLBvihJokdx0WCYk3QGkJ9lj9ECO2DHZx8XEdasHTdd2fFuacNdIQ0eXT5YwpRjcf69Z9eHTzvBYBhHzJeahX2MtMT7W%2B"}],"group":"cf-nel","max_age":604800}', 'NEL': '{"success_fraction":0,"report_to":"cf-nel","max_age":604800}', 'Server': 'cloudflare', 'CF-RAY': '86dce47c4f5f3886-IAD', 'alt-svc': 'h3=":443"; ma=86400'} 
 body={"results":[{"gender":"female","name":{"title":"Ms","first":"Tanja","last":"Simeonović"},"location":{"street":{"number":2274,"name":"Ante Lambaše"},"city":"Kučevo","state":"Moravica","country":"Serbia","postcode":21507,"coordinates":{"latitude":"56.9514","longitude":"169.4859"},"timezone":{"offset":"-8:00","description":"Pacific Time (US &amp; Canada)"}},"email":"tanja.simeonovic@example.com","login":{"uuid":"dbd23065-2313-49f1-b702-efe051553385","username":"bluewolf949","password":"898989","salt":"ognJ0eDD","md5":"ca232c2f2edb27f291a575a87fc52d47","sha1":"8c0bd59e89e5d2a7c5f38db894652400e07d3278","sha256":"95619a66977a2dc7fac19680d6fe0f5f43d1878fdb9e000cca74fedaa48e2619"},"dob":{"date":"1995-05-12T19:50:13.475Z","age":28},"registered":{"date":"2003-03-27T01:47:14.218Z","age":21},"phone":"013-3225-362","cell":"063-4588-838","id":{"name":"SID","value":"776468180"},"picture":{"large":"https://randomuser.me/api/portraits/women/32.jpg","medium":"https://randomuser.me/api/portraits/med/women/32.jpg","thumbnail":"https://randomuser.me/api/portraits/thumb/women/32.jpg"},"nat":"RS"}],"info":{"seed":"43ccd79ca01bda06","results":1,"page":1,"version":"1.4"}} 
 </msg>
<msg time="2024-04-02T01:02:17.048755" level="INFO">/opt/hostedtoolcache/Python/3.12.2/x64/lib/python3.12/site-packages/urllib3/connectionpool.py:1103: InsecureRequestWarning: Unverified HTTPS request is being made to host 'randomuser.me'. Adding certificate verification is strongly advised. See: https://urllib3.readthedocs.io/en/latest/advanced-usage.html#tls-warnings
  warnings.warn(</msg>
<msg time="2024-04-02T01:02:17.048907" level="INFO">${response} = &lt;Response [200]&gt;</msg>
<var>${response}</var>
<arg>consultarAPI</arg>
<arg>/api</arg>
<doc>Sends a GET request on a previously created HTTP Session.</doc>
<status status="PASS" start="2024-04-02T01:02:16.980539" elapsed="0.068411"/>
</kw>
<kw name="Should Be Equal As Numbers" owner="BuiltIn">
<msg time="2024-04-02T01:02:17.050005" level="INFO">Argument types are:
&lt;class 'int'&gt;
&lt;class 'str'&gt;</msg>
<arg>${response.status_code}</arg>
<arg>200</arg>
<doc>Fails if objects are unequal after converting them to real numbers.</doc>
<status status="PASS" start="2024-04-02T01:02:17.049496" elapsed="0.000576"/>
</kw>
<kw name="Log" owner="BuiltIn">
<msg time="2024-04-02T01:02:17.050752" level="INFO">200</msg>
<arg>${response.status_code}</arg>
<doc>Logs the given message with the given level.</doc>
<status status="PASS" start="2024-04-02T01:02:17.050396" elapsed="0.000400"/>
</kw>
<kw name="Set Variable" owner="BuiltIn">
<msg time="2024-04-02T01:02:17.051596" level="INFO">${json_data} = {'results': [{'gender': 'female', 'name': {'title': 'Ms', 'first': 'Tanja', 'last': 'Simeonović'}, 'location': {'street': {'number': 2274, 'name': 'Ante Lambaše'}, 'city': 'Kučevo', 'state': 'Moravica...</msg>
<var>${json_data}</var>
<arg>${response.json()}</arg>
<doc>Returns the given values which can then be assigned to a variables.</doc>
<status status="PASS" start="2024-04-02T01:02:17.051144" elapsed="0.000483"/>
</kw>
<kw name="Dictionary Should Contain Key" owner="Collections">
<msg time="2024-04-02T01:02:17.052101" level="INFO">False</msg>
<arg>${json_data}</arg>
<arg>results</arg>
<doc>Fails if ``key`` is not found from ``dictionary``.</doc>
<status status="PASS" start="2024-04-02T01:02:17.051931" elapsed="0.000209"/>
</kw>
<status status="PASS" start="2024-04-02T01:02:16.980276" elapsed="0.072120"/>
</kw>
<doc>Testa se a API responde corretamente e retorna um objeto JSON válido.</doc>
<tag>testeRequisicaoBasica</tag>
<status status="PASS" start="2024-04-02T01:02:16.979810" elapsed="0.072768"/>
</test>
<test id="s1-s1-t3" name="Validar estrutura de resposta" line="22">
<kw name="Teste de Estrutura de Resposta" owner="random-user-service">
<kw name="GET On Session" owner="RequestsLibrary">
<msg time="2024-04-02T01:02:17.150371" level="INFO">GET Request : url=https://randomuser.me/api 
 path_url=/api 
 headers={'User-Agent': 'python-requests/2.31.0', 'Accept-Encoding': 'gzip, deflate', 'Accept': '*/*', 'Connection': 'keep-alive'} 
 body=None 
 </msg>
<msg time="2024-04-02T01:02:17.150478" level="INFO">GET Response : url=https://randomuser.me/api 
 status=200, reason=OK 
 headers={'Date': 'Tue, 02 Apr 2024 01:02:17 GMT', 'Content-Type': 'application/json; charset=utf-8', 'Transfer-Encoding': 'chunked', 'Connection': 'keep-alive', 'X-Powered-By': 'Express', 'Access-Control-Allow-Origin': '*', 'Cache-Control': 'no-cache', 'ETag': 'W/"496-EVhpflbJZ+mRzJqSZHvnzEj6mDs"', 'Vary': 'Accept-Encoding', 'Content-Encoding': 'gzip', 'CF-Cache-Status': 'DYNAMIC', 'Report-To': '{"endpoints":[{"url":"https:\\/\\/a.nel.cloudflare.com\\/report\\/v4?s=b8rrYhlSYkO3A3tYwvLoBh4ky7EPOpeiKiHy1%2FtLPmML2cCbDdi3zxw4oksllIO34o3hRhdaWxPBsBBN3r8KOqOGC47qB3q4%2F7dKzRZlHL223%2FpFsIDM0Ce%2Fw3nGyt5Y"}],"group":"cf-nel","max_age":604800}', 'NEL': '{"success_fraction":0,"report_to":"cf-nel","max_age":604800}', 'Server': 'cloudflare', 'CF-RAY': '86dce47cafd83886-IAD', 'alt-svc': 'h3=":443"; ma=86400'} 
 body={"results":[{"gender":"male","name":{"title":"Mr","first":"Agustín","last":"Román"},"location":{"street":{"number":4586,"name":"Calle del Arenal"},"city":"Almería","state":"Región de Murcia","country":"Spain","postcode":50102,"coordinates":{"latitude":"-35.7879","longitude":"-125.7718"},"timezone":{"offset":"-7:00","description":"Mountain Time (US &amp; Canada)"}},"email":"agustin.roman@example.com","login":{"uuid":"0c27b1f7-e69c-4c6b-b891-ef43f947f367","username":"organicbutterfly910","password":"little1","salt":"4zKVWASo","md5":"7631896abe0f4b3711ce3ba0db3cf050","sha1":"323b22a6e7a53a63562504fc46333c9429e27647","sha256":"ffdc317b615c1d1665aaf93573c0266485acb65f0f483c1a7a1b36340e442b02"},"dob":{"date":"1999-07-27T01:37:47.450Z","age":24},"registered":{"date":"2008-07-03T13:20:20.368Z","age":15},"phone":"996-349-244","cell":"609-210-835","id":{"name":"DNI","value":"34274730-G"},"picture":{"large":"https://randomuser.me/api/portraits/men/22.jpg","medium":"https://randomuser.me/api/portraits/med/men/22.jpg","thumbnail":"https://randomuser.me/api/portraits/thumb/men/22.jpg"},"nat":"ES"}],"info":{"seed":"69e1f460a8bb5c71","results":1,"page":1,"version":"1.4"}} 
 </msg>
<msg time="2024-04-02T01:02:17.150635" level="INFO">/opt/hostedtoolcache/Python/3.12.2/x64/lib/python3.12/site-packages/urllib3/connectionpool.py:1103: InsecureRequestWarning: Unverified HTTPS request is being made to host 'randomuser.me'. Adding certificate verification is strongly advised. See: https://urllib3.readthedocs.io/en/latest/advanced-usage.html#tls-warnings
  warnings.warn(</msg>
<msg time="2024-04-02T01:02:17.150772" level="INFO">${response} = &lt;Response [200]&gt;</msg>
<var>${response}</var>
<arg>consultarAPI</arg>
<arg>/api</arg>
<doc>Sends a GET request on a previously created HTTP Session.</doc>
<status status="PASS" start="2024-04-02T01:02:17.055830" elapsed="0.094983"/>
</kw>
<kw name="Set Variable" owner="BuiltIn">
<msg time="2024-04-02T01:02:17.151926" level="INFO">${json_data} = {'results': [{'gender': 'male', 'name': {'title': 'Mr', 'first': 'Agustín', 'last': 'Román'}, 'location': {'street': {'number': 4586, 'name': 'Calle del Arenal'}, 'city': 'Almería', 'state': 'Región d...</msg>
<var>${json_data}</var>
<arg>${response.json()}</arg>
<doc>Returns the given values which can then be assigned to a variables.</doc>
<status status="PASS" start="2024-04-02T01:02:17.151356" elapsed="0.000600"/>
</kw>
<kw name="Log" owner="BuiltIn">
<msg time="2024-04-02T01:02:17.152442" level="INFO">{'results': [{'gender': 'male', 'name': {'title': 'Mr', 'first': 'Agustín', 'last': 'Román'}, 'location': {'street': {'number': 4586, 'name': 'Calle del Arenal'}, 'city': 'Almería', 'state': 'Región de Murcia', 'country': 'Spain', 'postcode': 50102, 'coordinates': {'latitude': '-35.7879', 'longitude': '-125.7718'}, 'timezone': {'offset': '-7:00', 'description': 'Mountain Time (US &amp; Canada)'}}, 'email': 'agustin.roman@example.com', 'login': {'uuid': '0c27b1f7-e69c-4c6b-b891-ef43f947f367', 'username': 'organicbutterfly910', 'password': 'little1', 'salt': '4zKVWASo', 'md5': '7631896abe0f4b3711ce3ba0db3cf050', 'sha1': '323b22a6e7a53a63562504fc46333c9429e27647', 'sha256': 'ffdc317b615c1d1665aaf93573c0266485acb65f0f483c1a7a1b36340e442b02'}, 'dob': {'date': '1999-07-27T01:37:47.450Z', 'age': 24}, 'registered': {'date': '2008-07-03T13:20:20.368Z', 'age': 15}, 'phone': '996-349-244', 'cell': '609-210-835', 'id': {'name': 'DNI', 'value': '34274730-G'}, 'picture': {'large': 'https://randomuser.me/api/portraits/men/22.jpg', 'medium': 'https://randomuser.me/api/portraits/med/men/22.jpg', 'thumbnail': 'https://randomuser.me/api/portraits/thumb/men/22.jpg'}, 'nat': 'ES'}], 'info': {'seed': '69e1f460a8bb5c71', 'results': 1, 'page': 1, 'version': '1.4'}}</msg>
<arg>${json_data}</arg>
<doc>Logs the given message with the given level.</doc>
<status status="PASS" start="2024-04-02T01:02:17.152276" elapsed="0.000218"/>
</kw>
<kw name="Dictionary Should Contain Key" owner="Collections">
<msg time="2024-04-02T01:02:17.152953" level="INFO">False</msg>
<arg>${json_data}</arg>
<arg>results</arg>
<doc>Fails if ``key`` is not found from ``dictionary``.</doc>
<status status="PASS" start="2024-04-02T01:02:17.152795" elapsed="0.000196"/>
</kw>
<kw name="Should Not Be Empty" owner="BuiltIn">
<msg time="2024-04-02T01:02:17.153424" level="INFO">Length is 2.</msg>
<arg>${json_data}</arg>
<doc>Verifies that the given item is not empty.</doc>
<status status="PASS" start="2024-04-02T01:02:17.153289" elapsed="0.000175"/>
</kw>
<kw name="Create List" owner="BuiltIn">
<msg time="2024-04-02T01:02:17.153953" level="INFO">${expected_keys} = ['gender', 'name', 'location', 'email', 'login']</msg>
<var>${expected_keys}</var>
<arg>gender</arg>
<arg>name</arg>
<arg>location</arg>
<arg>email</arg>
<arg>login</arg>
<doc>Returns a list containing given items.</doc>
<status status="PASS" start="2024-04-02T01:02:17.153765" elapsed="0.000226"/>
</kw>
<for flavor="IN">
<iter>
<kw name="Dictionary Should Contain Key" owner="Collections">
<msg time="2024-04-02T01:02:17.155025" level="INFO">False</msg>
<arg>${json_data['results'][0]}</arg>
<arg>${key}</arg>
<doc>Fails if ``key`` is not found from ``dictionary``.</doc>
<status status="PASS" start="2024-04-02T01:02:17.154618" elapsed="0.000448"/>
</kw>
<kw name="Log" owner="BuiltIn">
<msg time="2024-04-02T01:02:17.155945" level="INFO">{'gender': 'male', 'name': {'title': 'Mr', 'first': 'Agustín', 'last': 'Román'}, 'location': {'street': {'number': 4586, 'name': 'Calle del Arenal'}, 'city': 'Almería', 'state': 'Región de Murcia', 'country': 'Spain', 'postcode': 50102, 'coordinates': {'latitude': '-35.7879', 'longitude': '-125.7718'}, 'timezone': {'offset': '-7:00', 'description': 'Mountain Time (US &amp; Canada)'}}, 'email': 'agustin.roman@example.com', 'login': {'uuid': '0c27b1f7-e69c-4c6b-b891-ef43f947f367', 'username': 'organicbutterfly910', 'password': 'little1', 'salt': '4zKVWASo', 'md5': '7631896abe0f4b3711ce3ba0db3cf050', 'sha1': '323b22a6e7a53a63562504fc46333c9429e27647', 'sha256': 'ffdc317b615c1d1665aaf93573c0266485acb65f0f483c1a7a1b36340e442b02'}, 'dob': {'date': '1999-07-27T01:37:47.450Z', 'age': 24}, 'registered': {'date': '2008-07-03T13:20:20.368Z', 'age': 15}, 'phone': '996-349-244', 'cell': '609-210-835', 'id': {'name': 'DNI', 'value': '34274730-G'}, 'picture': {'large': 'https://randomuser.me/api/portraits/men/22.jpg', 'medium': 'https://randomuser.me/api/portraits/med/men/22.jpg', 'thumbnail': 'https://randomuser.me/api/portraits/thumb/men/22.jpg'}, 'nat': 'ES'}</msg>
<arg>${json_data['results'][0]}</arg>
<doc>Logs the given message with the given level.</doc>
<status status="PASS" start="2024-04-02T01:02:17.155376" elapsed="0.000632"/>
</kw>
<kw name="Log" owner="BuiltIn">
<msg time="2024-04-02T01:02:17.156481" level="INFO">gender</msg>
<arg>${key}</arg>
<doc>Logs the given message with the given level.</doc>
<status status="PASS" start="2024-04-02T01:02:17.156337" elapsed="0.000186"/>
</kw>
<var name="${key}">gender</var>
<status status="PASS" start="2024-04-02T01:02:17.154490" elapsed="0.002262"/>
</iter>
<iter>
<kw name="Dictionary Should Contain Key" owner="Collections">
<msg time="2024-04-02T01:02:17.157458" level="INFO">False</msg>
<arg>${json_data['results'][0]}</arg>
<arg>${key}</arg>
<doc>Fails if ``key`` is not found from ``dictionary``.</doc>
<status status="PASS" start="2024-04-02T01:02:17.157067" elapsed="0.000429"/>
</kw>
<kw name="Log" owner="BuiltIn">
<msg time="2024-04-02T01:02:17.158222" level="INFO">{'gender': 'male', 'name': {'title': 'Mr', 'first': 'Agustín', 'last': 'Román'}, 'location': {'street': {'number': 4586, 'name': 'Calle del Arenal'}, 'city': 'Almería', 'state': 'Región de Murcia', 'country': 'Spain', 'postcode': 50102, 'coordinates': {'latitude': '-35.7879', 'longitude': '-125.7718'}, 'timezone': {'offset': '-7:00', 'description': 'Mountain Time (US &amp; Canada)'}}, 'email': 'agustin.roman@example.com', 'login': {'uuid': '0c27b1f7-e69c-4c6b-b891-ef43f947f367', 'username': 'organicbutterfly910', 'password': 'little1', 'salt': '4zKVWASo', 'md5': '7631896abe0f4b3711ce3ba0db3cf050', 'sha1': '323b22a6e7a53a63562504fc46333c9429e27647', 'sha256': 'ffdc317b615c1d1665aaf93573c0266485acb65f0f483c1a7a1b36340e442b02'}, 'dob': {'date': '1999-07-27T01:37:47.450Z', 'age': 24}, 'registered': {'date': '2008-07-03T13:20:20.368Z', 'age': 15}, 'phone': '996-349-244', 'cell': '609-210-835', 'id': {'name': 'DNI', 'value': '34274730-G'}, 'picture': {'large': 'https://randomuser.me/api/portraits/men/22.jpg', 'medium': 'https://randomuser.me/api/portraits/med/men/22.jpg', 'thumbnail': 'https://randomuser.me/api/portraits/thumb/men/22.jpg'}, 'nat': 'ES'}</msg>
<arg>${json_data['results'][0]}</arg>
<doc>Logs the given message with the given level.</doc>
<status status="PASS" start="2024-04-02T01:02:17.157832" elapsed="0.000442"/>
</kw>
<kw name="Log" owner="BuiltIn">
<msg time="2024-04-02T01:02:17.158815" level="INFO">name</msg>
<arg>${key}</arg>
<doc>Logs the given message with the given level.</doc>
<status status="PASS" start="2024-04-02T01:02:17.158579" elapsed="0.000282"/>
</kw>
<var name="${key}">name</var>
<status status="PASS" start="2024-04-02T01:02:17.156947" elapsed="0.002150"/>
</iter>
<iter>
<kw name="Dictionary Should Contain Key" owner="Collections">
<msg time="2024-04-02T01:02:17.159780" level="INFO">False</msg>
<arg>${json_data['results'][0]}</arg>
<arg>${key}</arg>
<doc>Fails if ``key`` is not found from ``dictionary``.</doc>
<status status="PASS" start="2024-04-02T01:02:17.159398" elapsed="0.000420"/>
</kw>
<kw name="Log" owner="BuiltIn">
<msg time="2024-04-02T01:02:17.160493" level="INFO">{'gender': 'male', 'name': {'title': 'Mr', 'first': 'Agustín', 'last': 'Román'}, 'location': {'street': {'number': 4586, 'name': 'Calle del Arenal'}, 'city': 'Almería', 'state': 'Región de Murcia', 'country': 'Spain', 'postcode': 50102, 'coordinates': {'latitude': '-35.7879', 'longitude': '-125.7718'}, 'timezone': {'offset': '-7:00', 'description': 'Mountain Time (US &amp; Canada)'}}, 'email': 'agustin.roman@example.com', 'login': {'uuid': '0c27b1f7-e69c-4c6b-b891-ef43f947f367', 'username': 'organicbutterfly910', 'password': 'little1', 'salt': '4zKVWASo', 'md5': '7631896abe0f4b3711ce3ba0db3cf050', 'sha1': '323b22a6e7a53a63562504fc46333c9429e27647', 'sha256': 'ffdc317b615c1d1665aaf93573c0266485acb65f0f483c1a7a1b36340e442b02'}, 'dob': {'date': '1999-07-27T01:37:47.450Z', 'age': 24}, 'registered': {'date': '2008-07-03T13:20:20.368Z', 'age': 15}, 'phone': '996-349-244', 'cell': '609-210-835', 'id': {'name': 'DNI', 'value': '34274730-G'}, 'picture': {'large': 'https://randomuser.me/api/portraits/men/22.jpg', 'medium': 'https://randomuser.me/api/portraits/med/men/22.jpg', 'thumbnail': 'https://randomuser.me/api/portraits/thumb/men/22.jpg'}, 'nat': 'ES'}</msg>
<arg>${json_data['results'][0]}</arg>
<doc>Logs the given message with the given level.</doc>
<status status="PASS" start="2024-04-02T01:02:17.160130" elapsed="0.000419"/>
</kw>
<kw name="Log" owner="BuiltIn">
<msg time="2024-04-02T01:02:17.160980" level="INFO">location</msg>
<arg>${key}</arg>
<doc>Logs the given message with the given level.</doc>
<status status="PASS" start="2024-04-02T01:02:17.160850" elapsed="0.000170"/>
</kw>
<var name="${key}">location</var>
<status status="PASS" start="2024-04-02T01:02:17.159281" elapsed="0.001957"/>
</iter>
<iter>
<kw name="Dictionary Should Contain Key" owner="Collections">
<msg time="2024-04-02T01:02:17.161906" level="INFO">False</msg>
<arg>${json_data['results'][0]}</arg>
<arg>${key}</arg>
<doc>Fails if ``key`` is not found from ``dictionary``.</doc>
<status status="PASS" start="2024-04-02T01:02:17.161523" elapsed="0.000442"/>
</kw>
<kw name="Log" owner="BuiltIn">
<msg time="2024-04-02T01:02:17.162626" level="INFO">{'gender': 'male', 'name': {'title': 'Mr', 'first': 'Agustín', 'last': 'Román'}, 'location': {'street': {'number': 4586, 'name': 'Calle del Arenal'}, 'city': 'Almería', 'state': 'Región de Murcia', 'country': 'Spain', 'postcode': 50102, 'coordinates': {'latitude': '-35.7879', 'longitude': '-125.7718'}, 'timezone': {'offset': '-7:00', 'description': 'Mountain Time (US &amp; Canada)'}}, 'email': 'agustin.roman@example.com', 'login': {'uuid': '0c27b1f7-e69c-4c6b-b891-ef43f947f367', 'username': 'organicbutterfly910', 'password': 'little1', 'salt': '4zKVWASo', 'md5': '7631896abe0f4b3711ce3ba0db3cf050', 'sha1': '323b22a6e7a53a63562504fc46333c9429e27647', 'sha256': 'ffdc317b615c1d1665aaf93573c0266485acb65f0f483c1a7a1b36340e442b02'}, 'dob': {'date': '1999-07-27T01:37:47.450Z', 'age': 24}, 'registered': {'date': '2008-07-03T13:20:20.368Z', 'age': 15}, 'phone': '996-349-244', 'cell': '609-210-835', 'id': {'name': 'DNI', 'value': '34274730-G'}, 'picture': {'large': 'https://randomuser.me/api/portraits/men/22.jpg', 'medium': 'https://randomuser.me/api/portraits/med/men/22.jpg', 'thumbnail': 'https://randomuser.me/api/portraits/thumb/men/22.jpg'}, 'nat': 'ES'}</msg>
<arg>${json_data['results'][0]}</arg>
<doc>Logs the given message with the given level.</doc>
<status status="PASS" start="2024-04-02T01:02:17.162266" elapsed="0.000410"/>
</kw>
<kw name="Log" owner="BuiltIn">
<msg time="2024-04-02T01:02:17.163099" level="INFO">email</msg>
<arg>${key}</arg>
<doc>Logs the given message with the given level.</doc>
<status status="PASS" start="2024-04-02T01:02:17.162970" elapsed="0.000167"/>
</kw>
<var name="${key}">email</var>
<status status="PASS" start="2024-04-02T01:02:17.161412" elapsed="0.001944"/>
</iter>
<iter>
<kw name="Dictionary Should Contain Key" owner="Collections">
<msg time="2024-04-02T01:02:17.164088" level="INFO">False</msg>
<arg>${json_data['results'][0]}</arg>
<arg>${key}</arg>
<doc>Fails if ``key`` is not found from ``dictionary``.</doc>
<status status="PASS" start="2024-04-02T01:02:17.163647" elapsed="0.000482"/>
</kw>
<kw name="Log" owner="BuiltIn">
<msg time="2024-04-02T01:02:17.164807" level="INFO">{'gender': 'male', 'name': {'title': 'Mr', 'first': 'Agustín', 'last': 'Román'}, 'location': {'street': {'number': 4586, 'name': 'Calle del Arenal'}, 'city': 'Almería', 'state': 'Región de Murcia', 'country': 'Spain', 'postcode': 50102, 'coordinates': {'latitude': '-35.7879', 'longitude': '-125.7718'}, 'timezone': {'offset': '-7:00', 'description': 'Mountain Time (US &amp; Canada)'}}, 'email': 'agustin.roman@example.com', 'login': {'uuid': '0c27b1f7-e69c-4c6b-b891-ef43f947f367', 'username': 'organicbutterfly910', 'password': 'little1', 'salt': '4zKVWASo', 'md5': '7631896abe0f4b3711ce3ba0db3cf050', 'sha1': '323b22a6e7a53a63562504fc46333c9429e27647', 'sha256': 'ffdc317b615c1d1665aaf93573c0266485acb65f0f483c1a7a1b36340e442b02'}, 'dob': {'date': '1999-07-27T01:37:47.450Z', 'age': 24}, 'registered': {'date': '2008-07-03T13:20:20.368Z', 'age': 15}, 'phone': '996-349-244', 'cell': '609-210-835', 'id': {'name': 'DNI', 'value': '34274730-G'}, 'picture': {'large': 'https://randomuser.me/api/portraits/men/22.jpg', 'medium': 'https://randomuser.me/api/portraits/med/men/22.jpg', 'thumbnail': 'https://randomuser.me/api/portraits/thumb/men/22.jpg'}, 'nat': 'ES'}</msg>
<arg>${json_data['results'][0]}</arg>
<doc>Logs the given message with the given level.</doc>
<status status="PASS" start="2024-04-02T01:02:17.164432" elapsed="0.000427"/>
</kw>
<kw name="Log" owner="BuiltIn">
<msg time="2024-04-02T01:02:17.165285" level="INFO">login</msg>
<arg>${key}</arg>
<doc>Logs the given message with the given level.</doc>
<status status="PASS" start="2024-04-02T01:02:17.165156" elapsed="0.000271"/>
</kw>
<var name="${key}">login</var>
<status status="PASS" start="2024-04-02T01:02:17.163528" elapsed="0.002147"/>
</iter>
<var>${key}</var>
<value>@{expected_keys}</value>
<status status="PASS" start="2024-04-02T01:02:17.154291" elapsed="0.011508"/>
</for>
<kw name="Create List" owner="BuiltIn">
<msg time="2024-04-02T01:02:17.166157" level="INFO">${expected_keysTwo} = ['username', 'password']</msg>
<var>${expected_keysTwo}</var>
<arg>username</arg>
<arg>password</arg>
<doc>Returns a list containing given items.</doc>
<status status="PASS" start="2024-04-02T01:02:17.166015" elapsed="0.000166"/>
</kw>
<for flavor="IN">
<iter>
<kw name="Dictionary Should Contain Key" owner="Collections">
<msg time="2024-04-02T01:02:17.171352" level="INFO">False</msg>
<arg>${json_data['results'][0]['login']}</arg>
<arg>${keyTwo}</arg>
<doc>Fails if ``key`` is not found from ``dictionary``.</doc>
<status status="PASS" start="2024-04-02T01:02:17.166679" elapsed="0.004727"/>
</kw>
<kw name="Dictionary Should Contain Key" owner="Collections">
<msg time="2024-04-02T01:02:17.172273" level="INFO">False</msg>
<arg>${json_data['results'][0]['login']}</arg>
<arg>${keyTwo}</arg>
<doc>Fails if ``key`` is not found from ``dictionary``.</doc>
<status status="PASS" start="2024-04-02T01:02:17.171861" elapsed="0.000452"/>
</kw>
<kw name="Log" owner="BuiltIn">
<msg time="2024-04-02T01:02:17.172761" level="INFO">username</msg>
<arg>${keyTwo}</arg>
<doc>Logs the given message with the given level.</doc>
<status status="PASS" start="2024-04-02T01:02:17.172620" elapsed="0.000179"/>
</kw>
<var name="${keyTwo}">username</var>
<status status="PASS" start="2024-04-02T01:02:17.166567" elapsed="0.006450"/>
</iter>
<iter>
<kw name="Dictionary Should Contain Key" owner="Collections">
<msg time="2024-04-02T01:02:17.173714" level="INFO">False</msg>
<arg>${json_data['results'][0]['login']}</arg>
<arg>${keyTwo}</arg>
<doc>Fails if ``key`` is not found from ``dictionary``.</doc>
<status status="PASS" start="2024-04-02T01:02:17.173334" elapsed="0.000419"/>
</kw>
<kw name="Dictionary Should Contain Key" owner="Collections">
<msg time="2024-04-02T01:02:17.174815" level="INFO">False</msg>
<arg>${json_data['results'][0]['login']}</arg>
<arg>${keyTwo}</arg>
<doc>Fails if ``key`` is not found from ``dictionary``.</doc>
<status status="PASS" start="2024-04-02T01:02:17.174411" elapsed="0.000442"/>
</kw>
<kw name="Log" owner="BuiltIn">
<msg time="2024-04-02T01:02:17.175288" level="INFO">password</msg>
<arg>${keyTwo}</arg>
<doc>Logs the given message with the given level.</doc>
<status status="PASS" start="2024-04-02T01:02:17.175155" elapsed="0.000171"/>
</kw>
<var name="${keyTwo}">password</var>
<status status="PASS" start="2024-04-02T01:02:17.173212" elapsed="0.002335"/>
</iter>
<var>${keyTwo}</var>
<value>@{expected_keysTwo}</value>
<status status="PASS" start="2024-04-02T01:02:17.166418" elapsed="0.009253"/>
</for>
<status status="PASS" start="2024-04-02T01:02:17.055491" elapsed="0.120335"/>
</kw>
<doc>Testa a estrutura da resposta da API.</doc>
<tag>testeEstruturaResposta</tag>
<status status="PASS" start="2024-04-02T01:02:17.054548" elapsed="0.121447"/>
</test>
<test id="s1-s1-t4" name="Validar tipos de dados" line="28">
<kw name="Teste de Tipos de Dados" owner="random-user-service">
<kw name="GET On Session" owner="RequestsLibrary">
<msg time="2024-04-02T01:02:17.251453" level="INFO">GET Request : url=https://randomuser.me/api 
 path_url=/api 
 headers={'User-Agent': 'python-requests/2.31.0', 'Accept-Encoding': 'gzip, deflate', 'Accept': '*/*', 'Connection': 'keep-alive'} 
 body=None 
 </msg>
<msg time="2024-04-02T01:02:17.251544" level="INFO">GET Response : url=https://randomuser.me/api 
 status=200, reason=OK 
 headers={'Date': 'Tue, 02 Apr 2024 01:02:17 GMT', 'Content-Type': 'application/json; charset=utf-8', 'Transfer-Encoding': 'chunked', 'Connection': 'keep-alive', 'X-Powered-By': 'Express', 'Access-Control-Allow-Origin': '*', 'Cache-Control': 'no-cache', 'ETag': 'W/"48d-ABeI2/rTzYwL63xIq3l2ydcEmqI"', 'Vary': 'Accept-Encoding', 'Content-Encoding': 'gzip', 'CF-Cache-Status': 'DYNAMIC', 'Report-To': '{"endpoints":[{"url":"https:\\/\\/a.nel.cloudflare.com\\/report\\/v4?s=dH10PiXABxtdHiDuArN3%2B3HT2LLAGw4V1Lt13oKVgJwE0qacyloyyZuIh6ZvqPXwwx0Jf6utVJ3Y32qd18UAGJf%2F36AvGZb82XlgMrs5wcYswr50MZp66xVHWBCY0J0b"}],"group":"cf-nel","max_age":604800}', 'NEL': '{"success_fraction":0,"report_to":"cf-nel","max_age":604800}', 'Server': 'cloudflare', 'CF-RAY': '86dce47d58fb3886-IAD', 'alt-svc': 'h3=":443"; ma=86400'} 
 body={"results":[{"gender":"male","name":{"title":"Mr","first":"Marcos","last":"Calvo"},"location":{"street":{"number":3570,"name":"Avenida de Burgos"},"city":"Orense","state":"Navarra","country":"Spain","postcode":62022,"coordinates":{"latitude":"-33.1767","longitude":"-37.4137"},"timezone":{"offset":"+5:00","description":"Ekaterinburg, Islamabad, Karachi, Tashkent"}},"email":"marcos.calvo@example.com","login":{"uuid":"b1a519e9-3e15-485b-a0e1-7866f4ca4cda","username":"whitebird546","password":"878787","salt":"m3fvHwU4","md5":"95c4a4a5362ec7e2d054c4e5fb250081","sha1":"b1026c9c85dc886c39ef37eac2c49f63aa6fac29","sha256":"412f2ead6bfce94787f242eee84cc454cf542e120a41e0a610b559ca4f7c936d"},"dob":{"date":"1975-01-13T13:06:57.605Z","age":49},"registered":{"date":"2010-06-16T02:38:51.765Z","age":13},"phone":"992-763-786","cell":"674-369-908","id":{"name":"DNI","value":"47570672-G"},"picture":{"large":"https://randomuser.me/api/portraits/men/41.jpg","medium":"https://randomuser.me/api/portraits/med/men/41.jpg","thumbnail":"https://randomuser.me/api/portraits/thumb/men/41.jpg"},"nat":"ES"}],"info":{"seed":"01fec6f8fcb7e595","results":1,"page":1,"version":"1.4"}} 
 </msg>
<msg time="2024-04-02T01:02:17.251611" level="INFO">/opt/hostedtoolcache/Python/3.12.2/x64/lib/python3.12/site-packages/urllib3/connectionpool.py:1103: InsecureRequestWarning: Unverified HTTPS request is being made to host 'randomuser.me'. Adding certificate verification is strongly advised. See: https://urllib3.readthedocs.io/en/latest/advanced-usage.html#tls-warnings
  warnings.warn(</msg>
<msg time="2024-04-02T01:02:17.251739" level="INFO">${response} = &lt;Response [200]&gt;</msg>
<var>${response}</var>
<arg>consultarAPI</arg>
<arg>/api</arg>
<doc>Sends a GET request on a previously created HTTP Session.</doc>
<status status="PASS" start="2024-04-02T01:02:17.178612" elapsed="0.073165"/>
</kw>
<kw name="Set Variable" owner="BuiltIn">
<msg time="2024-04-02T01:02:17.252941" level="INFO">${json_data} = {'results': [{'gender': 'male', 'name': {'title': 'Mr', 'first': 'Marcos', 'last': 'Calvo'}, 'location': {'street': {'number': 3570, 'name': 'Avenida de Burgos'}, 'city': 'Orense', 'state': 'Navarra',...</msg>
<var>${json_data}</var>
<arg>${response.json()}</arg>
<doc>Returns the given values which can then be assigned to a variables.</doc>
<status status="PASS" start="2024-04-02T01:02:17.252376" elapsed="0.000594"/>
</kw>
<kw name="Log" owner="BuiltIn">
<msg time="2024-04-02T01:02:17.253442" level="INFO">{'results': [{'gender': 'male', 'name': {'title': 'Mr', 'first': 'Marcos', 'last': 'Calvo'}, 'location': {'street': {'number': 3570, 'name': 'Avenida de Burgos'}, 'city': 'Orense', 'state': 'Navarra', 'country': 'Spain', 'postcode': 62022, 'coordinates': {'latitude': '-33.1767', 'longitude': '-37.4137'}, 'timezone': {'offset': '+5:00', 'description': 'Ekaterinburg, Islamabad, Karachi, Tashkent'}}, 'email': 'marcos.calvo@example.com', 'login': {'uuid': 'b1a519e9-3e15-485b-a0e1-7866f4ca4cda', 'username': 'whitebird546', 'password': '878787', 'salt': 'm3fvHwU4', 'md5': '95c4a4a5362ec7e2d054c4e5fb250081', 'sha1': 'b1026c9c85dc886c39ef37eac2c49f63aa6fac29', 'sha256': '412f2ead6bfce94787f242eee84cc454cf542e120a41e0a610b559ca4f7c936d'}, 'dob': {'date': '1975-01-13T13:06:57.605Z', 'age': 49}, 'registered': {'date': '2010-06-16T02:38:51.765Z', 'age': 13}, 'phone': '992-763-786', 'cell': '674-369-908', 'id': {'name': 'DNI', 'value': '47570672-G'}, 'picture': {'large': 'https://randomuser.me/api/portraits/men/41.jpg', 'medium': 'https://randomuser.me/api/portraits/med/men/41.jpg', 'thumbnail': 'https://randomuser.me/api/portraits/thumb/men/41.jpg'}, 'nat': 'ES'}], 'info': {'seed': '01fec6f8fcb7e595', 'results': 1, 'page': 1, 'version': '1.4'}}</msg>
<arg>${json_data}</arg>
<doc>Logs the given message with the given level.</doc>
<status status="PASS" start="2024-04-02T01:02:17.253287" elapsed="0.000240"/>
</kw>
<kw name="Should Be String" owner="String">
<arg>${json_data['results'][0]['gender']}</arg>
<doc>Fails if the given ``item`` is not a string.</doc>
<status status="PASS" start="2024-04-02T01:02:17.253831" elapsed="0.000403"/>
</kw>
<kw name="Should Match Regexp" owner="BuiltIn">
<arg>${json_data['results'][0]['email']}</arg>
<arg>^[a-zA-Z0-9._%+-]+@[a-zA-Z0-9.-]+\.[a-zA-Z]{2,}$</arg>
<doc>Fails if ``string`` does not match ``pattern`` as a regular expression.</doc>
<status status="PASS" start="2024-04-02T01:02:17.254436" elapsed="0.000521"/>
</kw>
<kw name="Should Match Regexp" owner="BuiltIn">
<arg>${json_data['results'][0]['dob']['date']}</arg>
<arg>\\d{4}-\\d{2}-\\d{2}T\\d{2}:\\d{2}:\\d{2}\\.\\d{3}Z</arg>
<doc>Fails if ``string`` does not match ``pattern`` as a regular expression.</doc>
<status status="PASS" start="2024-04-02T01:02:17.255211" elapsed="0.000526"/>
</kw>
<kw name="Should Match Regexp" owner="BuiltIn">
<arg>${json_data['results'][0]['registered']['date']}</arg>
<arg>\\d{4}-\\d{2}-\\d{2}T\\d{2}:\\d{2}:\\d{2}\\.\\d{3}Z</arg>
<doc>Fails if ``string`` does not match ``pattern`` as a regular expression.</doc>
<status status="PASS" start="2024-04-02T01:02:17.255942" elapsed="0.000382"/>
</kw>
<kw name="Should Match Regexp" owner="BuiltIn">
<arg>${json_data['results'][0]['picture']['large']}</arg>
<arg>^https?://.*\.(?:png|jpe?g|gif|bmp)$</arg>
<doc>Fails if ``string`` does not match ``pattern`` as a regular expression.</doc>
<status status="PASS" start="2024-04-02T01:02:17.256519" elapsed="0.000469"/>
</kw>
<kw name="Should Match Regexp" owner="BuiltIn">
<arg>${json_data['results'][0]['picture']['medium']}</arg>
<arg>^https?://.*\.(?:png|jpe?g|gif|bmp)$</arg>
<doc>Fails if ``string`` does not match ``pattern`` as a regular expression.</doc>
<status status="PASS" start="2024-04-02T01:02:17.257183" elapsed="0.000361"/>
</kw>
<kw name="Should Match Regexp" owner="BuiltIn">
<arg>${json_data['results'][0]['picture']['thumbnail']}</arg>
<arg>^https?://.*\.(?:png|jpe?g|gif|bmp)$</arg>
<doc>Fails if ``string`` does not match ``pattern`` as a regular expression.</doc>
<status status="PASS" start="2024-04-02T01:02:17.257731" elapsed="0.000386"/>
</kw>
<kw name="Log" owner="BuiltIn">
<msg time="2024-04-02T01:02:17.258634" level="INFO">{'large': 'https://randomuser.me/api/portraits/men/41.jpg', 'medium': 'https://randomuser.me/api/portraits/med/men/41.jpg', 'thumbnail': 'https://randomuser.me/api/portraits/thumb/men/41.jpg'}</msg>
<arg>${json_data['results'][0]['picture']}</arg>
<doc>Logs the given message with the given level.</doc>
<status status="PASS" start="2024-04-02T01:02:17.258302" elapsed="0.000380"/>
</kw>
<status status="PASS" start="2024-04-02T01:02:17.178357" elapsed="0.080586"/>
</kw>
<kw name="Teste de Tipos de Dados - Postcode" owner="random-user-service">
<kw name="GET On Session" owner="RequestsLibrary">
<msg time="2024-04-02T01:02:17.347932" level="INFO">GET Request : url=https://randomuser.me/api 
 path_url=/api 
 headers={'User-Agent': 'python-requests/2.31.0', 'Accept-Encoding': 'gzip, deflate', 'Accept': '*/*', 'Connection': 'keep-alive'} 
 body=None 
 </msg>
<msg time="2024-04-02T01:02:17.348054" level="INFO">GET Response : url=https://randomuser.me/api 
 status=200, reason=OK 
 headers={'Date': 'Tue, 02 Apr 2024 01:02:17 GMT', 'Content-Type': 'application/json; charset=utf-8', 'Transfer-Encoding': 'chunked', 'Connection': 'keep-alive', 'X-Powered-By': 'Express', 'Access-Control-Allow-Origin': '*', 'Cache-Control': 'no-cache', 'ETag': 'W/"488-5i6zKarEbFWx218dhWtF14vT7KU"', 'Vary': 'Accept-Encoding', 'Content-Encoding': 'gzip', 'CF-Cache-Status': 'DYNAMIC', 'Report-To': '{"endpoints":[{"url":"https:\\/\\/a.nel.cloudflare.com\\/report\\/v4?s=sq4Bjt23PESCptoRv1PS9C%2BI8U%2B1sPswlqYZCunXRuyB0seF2IIW%2BQQ9km72F6PsdB2jd%2FEkQEmFcNeaoK5vPO8Ec%2Fu0x9jqNEZhH2SGabaJiOI6q3N4pNQPY8UdsA1w"}],"group":"cf-nel","max_age":604800}', 'NEL': '{"success_fraction":0,"report_to":"cf-nel","max_age":604800}', 'Server': 'cloudflare', 'CF-RAY': '86dce47de99f3886-IAD', 'alt-svc': 'h3=":443"; ma=86400'} 
 body={"results":[{"gender":"male","name":{"title":"Mr","first":"Shchek","last":"Zhayvoronok"},"location":{"street":{"number":5457,"name":"Linkolna"},"city":"Yagotin","state":"Vinnicka","country":"Ukraine","postcode":99036,"coordinates":{"latitude":"77.3903","longitude":"-162.4619"},"timezone":{"offset":"+1:00","description":"Brussels, Copenhagen, Madrid, Paris"}},"email":"shchek.zhayvoronok@example.com","login":{"uuid":"f4788f1f-df7f-4003-9b2b-66b832b02f38","username":"blackpanda452","password":"presto","salt":"19D9acpZ","md5":"a565ae54ff2ed143aa380eb58bfc3ff9","sha1":"fb5a41ff5a2062a07bc43fc61a7b9df2c2a09e15","sha256":"95a702c5631651ab840882966630d562a1fb5c8827e5d07e1e2cd1306d0ec409"},"dob":{"date":"1967-02-27T18:24:11.115Z","age":57},"registered":{"date":"2017-01-16T21:14:54.109Z","age":7},"phone":"(067) D60-1925","cell":"(068) T43-7940","id":{"name":"","value":null},"picture":{"large":"https://randomuser.me/api/portraits/men/54.jpg","medium":"https://randomuser.me/api/portraits/med/men/54.jpg","thumbnail":"https://randomuser.me/api/portraits/thumb/men/54.jpg"},"nat":"UA"}],"info":{"seed":"0d88fd4ea1ba97ee","results":1,"page":1,"version":"1.4"}} 
 </msg>
<msg time="2024-04-02T01:02:17.348164" level="INFO">/opt/hostedtoolcache/Python/3.12.2/x64/lib/python3.12/site-packages/urllib3/connectionpool.py:1103: InsecureRequestWarning: Unverified HTTPS request is being made to host 'randomuser.me'. Adding certificate verification is strongly advised. See: https://urllib3.readthedocs.io/en/latest/advanced-usage.html#tls-warnings
  warnings.warn(</msg>
<msg time="2024-04-02T01:02:17.348338" level="INFO">${response} = &lt;Response [200]&gt;</msg>
<var>${response}</var>
<arg>consultarAPI</arg>
<arg>/api</arg>
<doc>Sends a GET request on a previously created HTTP Session.</doc>
<status status="PASS" start="2024-04-02T01:02:17.259543" elapsed="0.088848"/>
</kw>
<kw name="Set Variable" owner="BuiltIn">
<msg time="2024-04-02T01:02:17.349577" level="INFO">${json_data} = {'results': [{'gender': 'male', 'name': {'title': 'Mr', 'first': 'Shchek', 'last': 'Zhayvoronok'}, 'location': {'street': {'number': 5457, 'name': 'Linkolna'}, 'city': 'Yagotin', 'state': 'Vinnicka', ...</msg>
<var>${json_data}</var>
<arg>${response.json()}</arg>
<doc>Returns the given values which can then be assigned to a variables.</doc>
<status status="PASS" start="2024-04-02T01:02:17.349032" elapsed="0.000573"/>
</kw>
<kw name="Log" owner="BuiltIn">
<msg time="2024-04-02T01:02:17.350115" level="INFO">{'results': [{'gender': 'male', 'name': {'title': 'Mr', 'first': 'Shchek', 'last': 'Zhayvoronok'}, 'location': {'street': {'number': 5457, 'name': 'Linkolna'}, 'city': 'Yagotin', 'state': 'Vinnicka', 'country': 'Ukraine', 'postcode': 99036, 'coordinates': {'latitude': '77.3903', 'longitude': '-162.4619'}, 'timezone': {'offset': '+1:00', 'description': 'Brussels, Copenhagen, Madrid, Paris'}}, 'email': 'shchek.zhayvoronok@example.com', 'login': {'uuid': 'f4788f1f-df7f-4003-9b2b-66b832b02f38', 'username': 'blackpanda452', 'password': 'presto', 'salt': '19D9acpZ', 'md5': 'a565ae54ff2ed143aa380eb58bfc3ff9', 'sha1': 'fb5a41ff5a2062a07bc43fc61a7b9df2c2a09e15', 'sha256': '95a702c5631651ab840882966630d562a1fb5c8827e5d07e1e2cd1306d0ec409'}, 'dob': {'date': '1967-02-27T18:24:11.115Z', 'age': 57}, 'registered': {'date': '2017-01-16T21:14:54.109Z', 'age': 7}, 'phone': '(067) D60-1925', 'cell': '(068) T43-7940', 'id': {'name': '', 'value': None}, 'picture': {'large': 'https://randomuser.me/api/portraits/men/54.jpg', 'medium': 'https://randomuser.me/api/portraits/med/men/54.jpg', 'thumbnail': 'https://randomuser.me/api/portraits/thumb/men/54.jpg'}, 'nat': 'UA'}], 'info': {'seed': '0d88fd4ea1ba97ee', 'results': 1, 'page': 1, 'version': '1.4'}}</msg>
<arg>${json_data}</arg>
<doc>Logs the given message with the given level.</doc>
<status status="PASS" start="2024-04-02T01:02:17.349916" elapsed="0.000282"/>
</kw>
<kw name="Should Be Equal As Numbers" owner="BuiltIn">
<arg>${json_data['results'][0]['location']['postcode']}</arg>
<arg>${json_data['results'][0]['location']['postcode']}</arg>
<doc>Fails if objects are unequal after converting them to real numbers.</doc>
<status status="PASS" start="2024-04-02T01:02:17.350504" elapsed="0.000631"/>
</kw>
<kw name="Log" owner="BuiltIn">
<msg time="2024-04-02T01:02:17.351674" level="INFO">99036</msg>
<arg>${json_data['results'][0]['location']['postcode']}</arg>
<doc>Logs the given message with the given level.</doc>
<status status="PASS" start="2024-04-02T01:02:17.351331" elapsed="0.000384"/>
</kw>
<status status="PASS" start="2024-04-02T01:02:17.259172" elapsed="0.092832"/>
</kw>
<doc>Testa se os tipos de dados na resposta da API estão corretos.</doc>
<tag>testeTiposDados</tag>
<status status="PASS" start="2024-04-02T01:02:17.177739" elapsed="0.174457"/>
</test>
<test id="s1-s1-t5" name="Validar conteudo" line="35">
<kw name="Teste de Tipos de Conteudo" owner="random-user-service">
<kw name="GET On Session" owner="RequestsLibrary">
<msg time="2024-04-02T01:02:17.448561" level="INFO">GET Request : url=https://randomuser.me/api 
 path_url=/api 
 headers={'User-Agent': 'python-requests/2.31.0', 'Accept-Encoding': 'gzip, deflate', 'Accept': '*/*', 'Connection': 'keep-alive'} 
 body=None 
 </msg>
<msg time="2024-04-02T01:02:17.448665" level="INFO">GET Response : url=https://randomuser.me/api 
 status=200, reason=OK 
 headers={'Date': 'Tue, 02 Apr 2024 01:02:17 GMT', 'Content-Type': 'application/json; charset=utf-8', 'Transfer-Encoding': 'chunked', 'Connection': 'keep-alive', 'X-Powered-By': 'Express', 'Access-Control-Allow-Origin': '*', 'Cache-Control': 'no-cache', 'ETag': 'W/"497-4XDRyIVGmnagBmDZrP7cCIYcrvg"', 'Vary': 'Accept-Encoding', 'Content-Encoding': 'gzip', 'CF-Cache-Status': 'DYNAMIC', 'Report-To': '{"endpoints":[{"url":"https:\\/\\/a.nel.cloudflare.com\\/report\\/v4?s=6vZ6sUOpVwkiCGik19LvlXnTYJEMEWQE2yyHH0Gqc2NU0CfYHYlcIETHaQriS5eG73oD8MGCiMMC2E6cV5Yer4iSnhIVCM%2BWTOo%2FpKQ5HA%2B7EIofFW5E2LdJWNFNX4A6"}],"group":"cf-nel","max_age":604800}', 'NEL': '{"success_fraction":0,"report_to":"cf-nel","max_age":604800}', 'Server': 'cloudflare', 'CF-RAY': '86dce47e7a753886-IAD', 'alt-svc': 'h3=":443"; ma=86400'} 
 body={"results":[{"gender":"male","name":{"title":"Mr","first":"Rasmus","last":"Harju"},"location":{"street":{"number":1096,"name":"Pyynikintie"},"city":"Humppila","state":"Päijät-Häme","country":"Finland","postcode":15631,"coordinates":{"latitude":"-27.9492","longitude":"-109.8999"},"timezone":{"offset":"+10:00","description":"Eastern Australia, Guam, Vladivostok"}},"email":"rasmus.harju@example.com","login":{"uuid":"c1f1a191-10b4-4518-b6af-f823709ee569","username":"purplewolf960","password":"helen","salt":"fcUsufIQ","md5":"0b7264dae087281842193c6d21f45bea","sha1":"14a644161f36c0eacc422c8de45964574f6fa160","sha256":"611a3dc9bfe738a51da5437c2ca92eade1a7a552f8e23201dc62c8acc2cd02f9"},"dob":{"date":"1975-06-17T06:22:25.748Z","age":48},"registered":{"date":"2004-12-27T09:00:35.590Z","age":19},"phone":"05-069-933","cell":"045-168-98-09","id":{"name":"HETU","value":"NaNNA541undefined"},"picture":{"large":"https://randomuser.me/api/portraits/men/20.jpg","medium":"https://randomuser.me/api/portraits/med/men/20.jpg","thumbnail":"https://randomuser.me/api/portraits/thumb/men/20.jpg"},"nat":"FI"}],"info":{"seed":"a6de7e6db17068ca","results":1,"page":1,"version":"1.4"}} 
 </msg>
<msg time="2024-04-02T01:02:17.448735" level="INFO">/opt/hostedtoolcache/Python/3.12.2/x64/lib/python3.12/site-packages/urllib3/connectionpool.py:1103: InsecureRequestWarning: Unverified HTTPS request is being made to host 'randomuser.me'. Adding certificate verification is strongly advised. See: https://urllib3.readthedocs.io/en/latest/advanced-usage.html#tls-warnings
  warnings.warn(</msg>
<msg time="2024-04-02T01:02:17.448869" level="INFO">${response} = &lt;Response [200]&gt;</msg>
<var>${response}</var>
<arg>consultarAPI</arg>
<arg>/api</arg>
<doc>Sends a GET request on a previously created HTTP Session.</doc>
<status status="PASS" start="2024-04-02T01:02:17.354768" elapsed="0.094140"/>
</kw>
<kw name="Set Variable" owner="BuiltIn">
<msg time="2024-04-02T01:02:17.450160" level="INFO">${json_data} = {'results': [{'gender': 'male', 'name': {'title': 'Mr', 'first': 'Rasmus', 'last': 'Harju'}, 'location': {'street': {'number': 1096, 'name': 'Pyynikintie'}, 'city': 'Humppila', 'state': 'Päijät-Häme',...</msg>
<var>${json_data}</var>
<arg>${response.json()}</arg>
<doc>Returns the given values which can then be assigned to a variables.</doc>
<status status="PASS" start="2024-04-02T01:02:17.449560" elapsed="0.000631"/>
</kw>
<kw name="Set Variable" owner="BuiltIn">
<msg time="2024-04-02T01:02:17.450891" level="INFO">${name_title} = Mr</msg>
<var>${name_title}</var>
<arg>${json_data["results"][0]["name"]["title"]}</arg>
<doc>Returns the given values which can then be assigned to a variables.</doc>
<status status="PASS" start="2024-04-02T01:02:17.450505" elapsed="0.000412"/>
</kw>
<kw name="Create List" owner="BuiltIn">
<msg time="2024-04-02T01:02:17.451376" level="INFO">${allowed_titles} = ['Mr', 'Ms', 'Miss', 'Mrs', 'Madame', 'Monsieur']</msg>
<var>${allowed_titles}</var>
<arg>Mr</arg>
<arg>Ms</arg>
<arg>Miss</arg>
<arg>Mrs</arg>
<arg>Madame</arg>
<arg>Monsieur</arg>
<doc>Returns a list containing given items.</doc>
<status status="PASS" start="2024-04-02T01:02:17.451224" elapsed="0.000177"/>
</kw>
<kw name="List Should Contain Value" owner="Collections">
<msg time="2024-04-02T01:02:17.451884" level="INFO">False</msg>
<arg>${allowed_titles}</arg>
<arg>${name_title}</arg>
<doc>Fails if the ``value`` is not found from ``list``.</doc>
<status status="PASS" start="2024-04-02T01:02:17.451706" elapsed="0.000216"/>
</kw>
<kw name="Set Variable" owner="BuiltIn">
<msg time="2024-04-02T01:02:17.452678" level="INFO">${name_country} = FI</msg>
<var>${name_country}</var>
<arg>${json_data["results"][0]["nat"]}</arg>
<doc>Returns the given values which can then be assigned to a variables.</doc>
<status status="PASS" start="2024-04-02T01:02:17.452229" elapsed="0.000487"/>
</kw>
<kw name="Create List" owner="BuiltIn">
<msg time="2024-04-02T01:02:17.453828" level="INFO">${list_country} = ['AD', 'AE', 'AF', 'AG', 'AI', 'AL', 'AM', 'AO', 'AQ', 'AR', 'AS', 'AT', 'AU', 'AW', 'AX', 'AZ', 'BA', 'BB', 'BD', 'BE', 'BF', 'BG', 'BH', 'BI', 'BJ', 'BL', 'BM', 'BN', 'BO', 'BQ', 'BR', 'BS', 'BT', '...</msg>
<var>${list_country}</var>
<arg>AD</arg>
<arg>AE</arg>
<arg>AF</arg>
<arg>AG</arg>
<arg>AI</arg>
<arg>AL</arg>
<arg>AM</arg>
<arg>AO</arg>
<arg>AQ</arg>
<arg>AR</arg>
<arg>AS</arg>
<arg>AT</arg>
<arg>AU</arg>
<arg>AW</arg>
<arg>AX</arg>
<arg>AZ</arg>
<arg>BA</arg>
<arg>BB</arg>
<arg>BD</arg>
<arg>BE</arg>
<arg>BF</arg>
<arg>BG</arg>
<arg>BH</arg>
<arg>BI</arg>
<arg>BJ</arg>
<arg>BL</arg>
<arg>BM</arg>
<arg>BN</arg>
<arg>BO</arg>
<arg>BQ</arg>
<arg>BR</arg>
<arg>BS</arg>
<arg>BT</arg>
<arg>BV</arg>
<arg>BW</arg>
<arg>BY</arg>
<arg>BZ</arg>
<arg>CA</arg>
<arg>CC</arg>
<arg>CD</arg>
<arg>CF</arg>
<arg>CG</arg>
<arg>CH</arg>
<arg>CI</arg>
<arg>CK</arg>
<arg>CL</arg>
<arg>CM</arg>
<arg>CN</arg>
<arg>CO</arg>
<arg>CR</arg>
<arg>CU</arg>
<arg>CV</arg>
<arg>CW</arg>
<arg>CX</arg>
<arg>CY</arg>
<arg>CZ</arg>
<arg>DE</arg>
<arg>DJ</arg>
<arg>DK</arg>
<arg>DM</arg>
<arg>DO</arg>
<arg>DZ</arg>
<arg>EC</arg>
<arg>EE</arg>
<arg>EG</arg>
<arg>EH</arg>
<arg>ER</arg>
<arg>ES</arg>
<arg>ET</arg>
<arg>FI</arg>
<arg>FJ</arg>
<arg>FK</arg>
<arg>FM</arg>
<arg>FO</arg>
<arg>FR</arg>
<arg>GA</arg>
<arg>GB</arg>
<arg>GD</arg>
<arg>GE</arg>
<arg>GF</arg>
<arg>GG</arg>
<arg>GH</arg>
<arg>GI</arg>
<arg>GL</arg>
<arg>GM</arg>
<arg>GN</arg>
<arg>GP</arg>
<arg>GQ</arg>
<arg>GR</arg>
<arg>GS</arg>
<arg>GT</arg>
<arg>GU</arg>
<arg>GW</arg>
<arg>GY</arg>
<arg>HK</arg>
<arg>HM</arg>
<arg>HN</arg>
<arg>HR</arg>
<arg>HT</arg>
<arg>HU</arg>
<arg>ID</arg>
<arg>IE</arg>
<arg>IL</arg>
<arg>IM</arg>
<arg>IN</arg>
<arg>IO</arg>
<arg>IQ</arg>
<arg>IR</arg>
<arg>IS</arg>
<arg>IT</arg>
<arg>JE</arg>
<arg>JM</arg>
<arg>JO</arg>
<arg>JP</arg>
<arg>KE</arg>
<arg>KG</arg>
<arg>KH</arg>
<arg>KI</arg>
<arg>KM</arg>
<arg>KN</arg>
<arg>KP</arg>
<arg>KR</arg>
<arg>KW</arg>
<arg>KY</arg>
<arg>KZ</arg>
<arg>LA</arg>
<arg>LB</arg>
<arg>LC</arg>
<arg>LI</arg>
<arg>LK</arg>
<arg>LR</arg>
<arg>LS</arg>
<arg>LT</arg>
<arg>LU</arg>
<arg>LV</arg>
<arg>LY</arg>
<arg>MA</arg>
<arg>MC</arg>
<arg>MD</arg>
<arg>ME</arg>
<arg>MF</arg>
<arg>MG</arg>
<arg>MH</arg>
<arg>MK</arg>
<arg>ML</arg>
<arg>MM</arg>
<arg>MN</arg>
<arg>MO</arg>
<arg>MP</arg>
<arg>MQ</arg>
<arg>MR</arg>
<arg>MS</arg>
<arg>MT</arg>
<arg>MU</arg>
<arg>MV</arg>
<arg>MW</arg>
<arg>MX</arg>
<arg>MY</arg>
<arg>MZ</arg>
<arg>NA</arg>
<arg>NC</arg>
<arg>NE</arg>
<arg>NF</arg>
<arg>NG</arg>
<arg>NI</arg>
<arg>NL</arg>
<arg>NO</arg>
<arg>NP</arg>
<arg>NR</arg>
<arg>NU</arg>
<arg>NZ</arg>
<arg>OM</arg>
<arg>PA</arg>
<arg>PE</arg>
<arg>PF</arg>
<arg>PG</arg>
<arg>PH</arg>
<arg>PK</arg>
<arg>PL</arg>
<arg>PM</arg>
<arg>PN</arg>
<arg>PR</arg>
<arg>PS</arg>
<arg>PT</arg>
<arg>PW</arg>
<arg>PY</arg>
<arg>QA</arg>
<arg>RE</arg>
<arg>RO</arg>
<arg>RS</arg>
<arg>RU</arg>
<arg>RW</arg>
<arg>SA</arg>
<arg>SB</arg>
<arg>SC</arg>
<arg>SD</arg>
<arg>SE</arg>
<arg>SG</arg>
<arg>SH</arg>
<arg>SI</arg>
<arg>SJ</arg>
<arg>SK</arg>
<arg>SL</arg>
<arg>SM</arg>
<arg>SN</arg>
<arg>SO</arg>
<arg>SR</arg>
<arg>SS</arg>
<arg>ST</arg>
<arg>SV</arg>
<arg>SX</arg>
<arg>SY</arg>
<arg>SZ</arg>
<arg>TC</arg>
<arg>TD</arg>
<arg>TF</arg>
<arg>TG</arg>
<arg>TH</arg>
<arg>TJ</arg>
<arg>TK</arg>
<arg>TL</arg>
<arg>TM</arg>
<arg>TN</arg>
<arg>TO</arg>
<arg>TR</arg>
<arg>TT</arg>
<arg>TV</arg>
<arg>TW</arg>
<arg>TZ</arg>
<arg>UA</arg>
<arg>UG</arg>
<arg>UM</arg>
<arg>US</arg>
<arg>UY</arg>
<arg>UZ</arg>
<arg>VA</arg>
<arg>VC</arg>
<arg>VE</arg>
<arg>VG</arg>
<arg>VI</arg>
<arg>VN</arg>
<arg>VU</arg>
<arg>WF</arg>
<arg>WS</arg>
<arg>XK</arg>
<arg>YE</arg>
<arg>YT</arg>
<arg>ZA</arg>
<arg>ZM</arg>
<arg>ZW</arg>
<doc>Returns a list containing given items.</doc>
<status status="PASS" start="2024-04-02T01:02:17.453127" elapsed="0.000730"/>
</kw>
<kw name="List Should Contain Value" owner="Collections">
<msg time="2024-04-02T01:02:17.455032" level="INFO">False</msg>
<arg>${list_country}</arg>
<arg>${name_country}</arg>
<doc>Fails if the ``value`` is not found from ``list``.</doc>
<status status="PASS" start="2024-04-02T01:02:17.454822" elapsed="0.000249"/>
</kw>
<kw name="Run Keyword If" owner="BuiltIn">
<kw name="Should Be True" owner="BuiltIn">
<arg>${True}</arg>
<doc>Fails if the given condition is not true.</doc>
<status status="PASS" start="2024-04-02T01:02:17.456337" elapsed="0.000221"/>
</kw>
<arg>${json_data["results"][0]["location"]["coordinates"]["latitude"]} &gt;= -90 and ${json_data["results"][0]["location"]["coordinates"]["latitude"]} &lt;= 90</arg>
<arg>Should Be True</arg>
<arg>${True}</arg>
<doc>Runs the given keyword with the given arguments, if ``condition`` is true.</doc>
<status status="PASS" start="2024-04-02T01:02:17.455393" elapsed="0.001426"/>
</kw>
<kw name="Run Keyword If" owner="BuiltIn">
<kw name="Should Be True" owner="BuiltIn">
<arg>${True}</arg>
<doc>Fails if the given condition is not true.</doc>
<status status="PASS" start="2024-04-02T01:02:17.457798" elapsed="0.000171"/>
</kw>
<arg>${json_data["results"][0]["location"]["coordinates"]["longitude"]} &gt;= -180 and ${json_data["results"][0]["location"]["coordinates"]["longitude"]} &lt;= 180</arg>
<arg>Should Be True</arg>
<arg>${True}</arg>
<doc>Runs the given keyword with the given arguments, if ``condition`` is true.</doc>
<status status="PASS" start="2024-04-02T01:02:17.457017" elapsed="0.001088"/>
</kw>
<status status="PASS" start="2024-04-02T01:02:17.354533" elapsed="0.103710"/>
</kw>
<doc>Testa o conteúdo específico dos campos retornados pela API.</doc>
<tag>testeConteudo</tag>
<status status="PASS" start="2024-04-02T01:02:17.353979" elapsed="0.104422"/>
</test>
<status status="PASS" start="2024-04-02T01:02:16.587633" elapsed="0.872729"/>
</suite>
<status status="PASS" start="2024-04-02T01:02:16.573683" elapsed="0.892035"/>
</suite>
<statistics>
<total>
<stat pass="5" fail="0" skip="0">All Tests</stat>
</total>
<tag>
<stat pass="1" fail="0" skip="0">testeConteudo</stat>
<stat pass="1" fail="0" skip="0">testeEstruturaResposta</stat>
<stat pass="1" fail="0" skip="0">testeRequisicaoBasica</stat>
<stat pass="1" fail="0" skip="0">testeTiposDados</stat>
</tag>
<suite>
<stat pass="5" fail="0" skip="0" id="s1" name="Tests">Tests</stat>
<stat pass="5" fail="0" skip="0" id="s1-s1" name="Random-User-Test">Tests.Random-User-Test</stat>
</suite>
</statistics>
<errors>
</errors>
</robot>
