<?xml version="1.0" encoding="UTF-8"?>
<robot generator="Robot 7.0 (Python 3.12.3 on linux)" generated="2024-05-04T10:13:25.192560" rpa="false" schemaversion="5">
<suite id="s1" name="Tests" source="/home/runner/work/DesafioQAItauRogerioJordao/DesafioQAItauRogerioJordao/RamdonUser/tests">
<suite id="s1-s1" name="Random-User-Test" source="/home/runner/work/DesafioQAItauRogerioJordao/DesafioQAItauRogerioJordao/RamdonUser/tests/random-user-test.robot">
<test id="s1-s1-t1" name="Conectar" line="13">
<kw name="Conectar API" owner="random-user-service">
<kw name="Create Session" owner="RequestsLibrary">
<msg time="2024-05-04T10:13:25.564134" level="INFO">Creating Session using : alias=consultarAPI, url=https://randomuser.me/, headers={},                     cookies={}, auth=None, timeout=None, proxies=None, verify=False,                     debug=0 </msg>
<arg>consultarAPI</arg>
<arg>${URL}</arg>
<doc>Create Session: create a HTTP session to a server</doc>
<status status="PASS" start="2024-05-04T10:13:25.563926" elapsed="0.000396"/>
</kw>
<status status="PASS" start="2024-05-04T10:13:25.562882" elapsed="0.001796"/>
</kw>
<status status="PASS" start="2024-05-04T10:13:25.562255" elapsed="0.002613"/>
</test>
<test id="s1-s1-t2" name="Validar retorno 200 e JSON Válido" line="16">
<kw name="Teste de Requisicao Basica" owner="random-user-service">
<kw name="GET On Session" owner="RequestsLibrary">
<msg time="2024-05-04T10:13:25.732939" level="INFO">GET Request : url=https://randomuser.me/api 
 path_url=/api 
 headers={'User-Agent': 'python-requests/2.31.0', 'Accept-Encoding': 'gzip, deflate', 'Accept': '*/*', 'Connection': 'keep-alive'} 
 body=None 
 </msg>
<msg time="2024-05-04T10:13:25.733083" level="INFO">GET Response : url=https://randomuser.me/api 
 status=200, reason=OK 
 headers={'Date': 'Sat, 04 May 2024 10:13:25 GMT', 'Content-Type': 'application/json; charset=utf-8', 'Transfer-Encoding': 'chunked', 'Connection': 'keep-alive', 'X-Powered-By': 'Express', 'Access-Control-Allow-Origin': '*', 'Cache-Control': 'no-cache', 'ETag': 'W/"48c-2rjQDRBj+HgEfjgsJk6J8Dd7MAo"', 'Vary': 'Accept-Encoding', 'Content-Encoding': 'gzip', 'CF-Cache-Status': 'DYNAMIC', 'Report-To': '{"endpoints":[{"url":"https:\\/\\/a.nel.cloudflare.com\\/report\\/v4?s=15%2BT%2BeCg80L%2BL%2BuKOKYk5iwfJLOKnkrRartpazLHv1jXv7qUNN0u4Enf1nXZa0YxF1VPYiXUGH8wPKHgjpdQSNEM8ImfIR4w7iDnAL%2F1sPehg6FTX%2F3zogXX8991fFK3"}],"group":"cf-nel","max_age":604800}', 'NEL': '{"success_fraction":0,"report_to":"cf-nel","max_age":604800}', 'Server': 'cloudflare', 'CF-RAY': '87e7b7d3abc93b4e-IAD', 'alt-svc': 'h3=":443"; ma=86400'} 
 body={"results":[{"gender":"male","name":{"title":"Mr","first":"Oliver","last":"Harcourt"},"location":{"street":{"number":1822,"name":"Bay Ave"},"city":"Deer Lake","state":"Saskatchewan","country":"Canada","postcode":"L2T 3B7","coordinates":{"latitude":"-70.6615","longitude":"-13.1074"},"timezone":{"offset":"+4:00","description":"Abu Dhabi, Muscat, Baku, Tbilisi"}},"email":"oliver.harcourt@example.com","login":{"uuid":"b69234ec-dda9-4e1c-b38d-2ed426631ce8","username":"orangeswan229","password":"clock","salt":"ZYMM4hVU","md5":"38bf7a4a9ed4b7d6f528427a340c0ce9","sha1":"c88dd673c0134c2c48791b0fcfc67c25b119e189","sha256":"73697f725b065a4f1f5dd2cacd383e241149923812942210454fc529d8cfa627"},"dob":{"date":"1994-07-31T17:14:54.378Z","age":29},"registered":{"date":"2018-10-19T13:58:14.206Z","age":5},"phone":"D44 F07-9541","cell":"E25 N57-3170","id":{"name":"SIN","value":"458586575"},"picture":{"large":"https://randomuser.me/api/portraits/men/29.jpg","medium":"https://randomuser.me/api/portraits/med/men/29.jpg","thumbnail":"https://randomuser.me/api/portraits/thumb/men/29.jpg"},"nat":"CA"}],"info":{"seed":"ff3380fd19982e48","results":1,"page":1,"version":"1.4"}} 
 </msg>
<msg time="2024-05-04T10:13:25.733164" level="INFO">/opt/hostedtoolcache/Python/3.12.3/x64/lib/python3.12/site-packages/urllib3/connectionpool.py:1103: InsecureRequestWarning: Unverified HTTPS request is being made to host 'randomuser.me'. Adding certificate verification is strongly advised. See: https://urllib3.readthedocs.io/en/latest/advanced-usage.html#tls-warnings
  warnings.warn(</msg>
<msg time="2024-05-04T10:13:25.733322" level="INFO">${response} = &lt;Response [200]&gt;</msg>
<var>${response}</var>
<arg>consultarAPI</arg>
<arg>/api</arg>
<doc>Sends a GET request on a previously created HTTP Session.</doc>
<status status="PASS" start="2024-05-04T10:13:25.567610" elapsed="0.165755"/>
</kw>
<kw name="Should Be Equal As Numbers" owner="BuiltIn">
<msg time="2024-05-04T10:13:25.734345" level="INFO">Argument types are:
&lt;class 'int'&gt;
&lt;class 'str'&gt;</msg>
<arg>${response.status_code}</arg>
<arg>200</arg>
<doc>Fails if objects are unequal after converting them to real numbers.</doc>
<status status="PASS" start="2024-05-04T10:13:25.733874" elapsed="0.000548"/>
</kw>
<kw name="Log" owner="BuiltIn">
<msg time="2024-05-04T10:13:25.735133" level="INFO">200</msg>
<arg>${response.status_code}</arg>
<doc>Logs the given message with the given level.</doc>
<status status="PASS" start="2024-05-04T10:13:25.734774" elapsed="0.000441"/>
</kw>
<kw name="Set Variable" owner="BuiltIn">
<msg time="2024-05-04T10:13:25.735981" level="INFO">${json_data} = {'results': [{'gender': 'male', 'name': {'title': 'Mr', 'first': 'Oliver', 'last': 'Harcourt'}, 'location': {'street': {'number': 1822, 'name': 'Bay Ave'}, 'city': 'Deer Lake', 'state': 'Saskatchewan'...</msg>
<var>${json_data}</var>
<arg>${response.json()}</arg>
<doc>Returns the given values which can then be assigned to a variables.</doc>
<status status="PASS" start="2024-05-04T10:13:25.735539" elapsed="0.000470"/>
</kw>
<kw name="Dictionary Should Contain Key" owner="Collections">
<msg time="2024-05-04T10:13:25.736478" level="INFO">False</msg>
<arg>${json_data}</arg>
<arg>results</arg>
<doc>Fails if ``key`` is not found from ``dictionary``.</doc>
<status status="PASS" start="2024-05-04T10:13:25.736310" elapsed="0.000207"/>
</kw>
<status status="PASS" start="2024-05-04T10:13:25.567365" elapsed="0.169415"/>
</kw>
<doc>Testa se a API responde corretamente e retorna um objeto JSON válido.</doc>
<tag>testeRequisicaoBasica</tag>
<status status="PASS" start="2024-05-04T10:13:25.566781" elapsed="0.170187"/>
</test>
<test id="s1-s1-t3" name="Validar estrutura de resposta" line="22">
<kw name="Teste de Estrutura de Resposta" owner="random-user-service">
<kw name="GET On Session" owner="RequestsLibrary">
<msg time="2024-05-04T10:13:25.829366" level="INFO">GET Request : url=https://randomuser.me/api 
 path_url=/api 
 headers={'User-Agent': 'python-requests/2.31.0', 'Accept-Encoding': 'gzip, deflate', 'Accept': '*/*', 'Connection': 'keep-alive'} 
 body=None 
 </msg>
<msg time="2024-05-04T10:13:25.829471" level="INFO">GET Response : url=https://randomuser.me/api 
 status=200, reason=OK 
 headers={'Date': 'Sat, 04 May 2024 10:13:25 GMT', 'Content-Type': 'application/json; charset=utf-8', 'Transfer-Encoding': 'chunked', 'Connection': 'keep-alive', 'X-Powered-By': 'Express', 'Access-Control-Allow-Origin': '*', 'Cache-Control': 'no-cache', 'ETag': 'W/"4a4-3UU8DBOdvx7t4yposQTGwDsF4jg"', 'Vary': 'Accept-Encoding', 'Content-Encoding': 'gzip', 'CF-Cache-Status': 'DYNAMIC', 'Report-To': '{"endpoints":[{"url":"https:\\/\\/a.nel.cloudflare.com\\/report\\/v4?s=0stw1SkgGGBX9NalMaJAodY5xCXwCmH4sLzvjkAeiQ3qGt%2FEbBa29DLQwUD0DMdylyC9aucwhi83QCvTfPd0HWj3pDhcaUh806%2FrbFqcZ2AStFMyLiOJjLlGR%2BWwr%2BMg"}],"group":"cf-nel","max_age":604800}', 'NEL': '{"success_fraction":0,"report_to":"cf-nel","max_age":604800}', 'Server': 'cloudflare', 'CF-RAY': '87e7b7d3ebee3b4e-IAD', 'alt-svc': 'h3=":443"; ma=86400'} 
 body={"results":[{"gender":"female","name":{"title":"Mrs","first":"Neea","last":"Koivisto"},"location":{"street":{"number":4179,"name":"Korkeavuorenkatu"},"city":"Järvenpää","state":"Finland Proper","country":"Finland","postcode":65372,"coordinates":{"latitude":"-22.0845","longitude":"16.8843"},"timezone":{"offset":"+4:00","description":"Abu Dhabi, Muscat, Baku, Tbilisi"}},"email":"neea.koivisto@example.com","login":{"uuid":"a5996532-9472-4921-a56a-fc9e74c7cc0a","username":"purplezebra804","password":"gordo","salt":"rEiMihjw","md5":"5667bf2db31e3b3fbeeabec7a93c31ad","sha1":"878af3618e19ae35dabe65cd228f5437ea1e53ce","sha256":"0056ec6b3cbe65cf7f9991f9d1c32b64491ab9775e4fca6e47228b629944bbad"},"dob":{"date":"1978-03-14T05:34:50.974Z","age":46},"registered":{"date":"2020-03-05T18:20:53.075Z","age":4},"phone":"04-847-706","cell":"045-637-05-58","id":{"name":"HETU","value":"NaNNA518undefined"},"picture":{"large":"https://randomuser.me/api/portraits/women/45.jpg","medium":"https://randomuser.me/api/portraits/med/women/45.jpg","thumbnail":"https://randomuser.me/api/portraits/thumb/women/45.jpg"},"nat":"FI"}],"info":{"seed":"8e590356ccb8e4fe","results":1,"page":1,"version":"1.4"}} 
 </msg>
<msg time="2024-05-04T10:13:25.829622" level="INFO">/opt/hostedtoolcache/Python/3.12.3/x64/lib/python3.12/site-packages/urllib3/connectionpool.py:1103: InsecureRequestWarning: Unverified HTTPS request is being made to host 'randomuser.me'. Adding certificate verification is strongly advised. See: https://urllib3.readthedocs.io/en/latest/advanced-usage.html#tls-warnings
  warnings.warn(</msg>
<msg time="2024-05-04T10:13:25.829781" level="INFO">${response} = &lt;Response [200]&gt;</msg>
<var>${response}</var>
<arg>consultarAPI</arg>
<arg>/api</arg>
<doc>Sends a GET request on a previously created HTTP Session.</doc>
<status status="PASS" start="2024-05-04T10:13:25.739582" elapsed="0.090254"/>
</kw>
<kw name="Set Variable" owner="BuiltIn">
<msg time="2024-05-04T10:13:25.830818" level="INFO">${json_data} = {'results': [{'gender': 'female', 'name': {'title': 'Mrs', 'first': 'Neea', 'last': 'Koivisto'}, 'location': {'street': {'number': 4179, 'name': 'Korkeavuorenkatu'}, 'city': 'Järvenpää', 'state': 'Fin...</msg>
<var>${json_data}</var>
<arg>${response.json()}</arg>
<doc>Returns the given values which can then be assigned to a variables.</doc>
<status status="PASS" start="2024-05-04T10:13:25.830304" elapsed="0.000544"/>
</kw>
<kw name="Log" owner="BuiltIn">
<msg time="2024-05-04T10:13:25.831375" level="INFO">{'results': [{'gender': 'female', 'name': {'title': 'Mrs', 'first': 'Neea', 'last': 'Koivisto'}, 'location': {'street': {'number': 4179, 'name': 'Korkeavuorenkatu'}, 'city': 'Järvenpää', 'state': 'Finland Proper', 'country': 'Finland', 'postcode': 65372, 'coordinates': {'latitude': '-22.0845', 'longitude': '16.8843'}, 'timezone': {'offset': '+4:00', 'description': 'Abu Dhabi, Muscat, Baku, Tbilisi'}}, 'email': 'neea.koivisto@example.com', 'login': {'uuid': 'a5996532-9472-4921-a56a-fc9e74c7cc0a', 'username': 'purplezebra804', 'password': 'gordo', 'salt': 'rEiMihjw', 'md5': '5667bf2db31e3b3fbeeabec7a93c31ad', 'sha1': '878af3618e19ae35dabe65cd228f5437ea1e53ce', 'sha256': '0056ec6b3cbe65cf7f9991f9d1c32b64491ab9775e4fca6e47228b629944bbad'}, 'dob': {'date': '1978-03-14T05:34:50.974Z', 'age': 46}, 'registered': {'date': '2020-03-05T18:20:53.075Z', 'age': 4}, 'phone': '04-847-706', 'cell': '045-637-05-58', 'id': {'name': 'HETU', 'value': 'NaNNA518undefined'}, 'picture': {'large': 'https://randomuser.me/api/portraits/women/45.jpg', 'medium': 'https://randomuser.me/api/portraits/med/women/45.jpg', 'thumbnail': 'https://randomuser.me/api/portraits/thumb/women/45.jpg'}, 'nat': 'FI'}], 'info': {'seed': '8e590356ccb8e4fe', 'results': 1, 'page': 1, 'version': '1.4'}}</msg>
<arg>${json_data}</arg>
<doc>Logs the given message with the given level.</doc>
<status status="PASS" start="2024-05-04T10:13:25.831155" elapsed="0.000272"/>
</kw>
<kw name="Dictionary Should Contain Key" owner="Collections">
<msg time="2024-05-04T10:13:25.831889" level="INFO">False</msg>
<arg>${json_data}</arg>
<arg>results</arg>
<doc>Fails if ``key`` is not found from ``dictionary``.</doc>
<status status="PASS" start="2024-05-04T10:13:25.831731" elapsed="0.000196"/>
</kw>
<kw name="Should Not Be Empty" owner="BuiltIn">
<msg time="2024-05-04T10:13:25.832366" level="INFO">Length is 2.</msg>
<arg>${json_data}</arg>
<doc>Verifies that the given item is not empty.</doc>
<status status="PASS" start="2024-05-04T10:13:25.832231" elapsed="0.000174"/>
</kw>
<kw name="Create List" owner="BuiltIn">
<msg time="2024-05-04T10:13:25.832999" level="INFO">${expected_keys} = ['gender', 'name', 'location', 'email', 'login']</msg>
<var>${expected_keys}</var>
<arg>gender</arg>
<arg>name</arg>
<arg>location</arg>
<arg>email</arg>
<arg>login</arg>
<doc>Returns a list containing given items.</doc>
<status status="PASS" start="2024-05-04T10:13:25.832690" elapsed="0.000333"/>
</kw>
<for flavor="IN">
<iter>
<kw name="Dictionary Should Contain Key" owner="Collections">
<msg time="2024-05-04T10:13:25.834010" level="INFO">False</msg>
<arg>${json_data['results'][0]}</arg>
<arg>${key}</arg>
<doc>Fails if ``key`` is not found from ``dictionary``.</doc>
<status status="PASS" start="2024-05-04T10:13:25.833611" elapsed="0.000437"/>
</kw>
<kw name="Log" owner="BuiltIn">
<msg time="2024-05-04T10:13:25.834717" level="INFO">{'gender': 'female', 'name': {'title': 'Mrs', 'first': 'Neea', 'last': 'Koivisto'}, 'location': {'street': {'number': 4179, 'name': 'Korkeavuorenkatu'}, 'city': 'Järvenpää', 'state': 'Finland Proper', 'country': 'Finland', 'postcode': 65372, 'coordinates': {'latitude': '-22.0845', 'longitude': '16.8843'}, 'timezone': {'offset': '+4:00', 'description': 'Abu Dhabi, Muscat, Baku, Tbilisi'}}, 'email': 'neea.koivisto@example.com', 'login': {'uuid': 'a5996532-9472-4921-a56a-fc9e74c7cc0a', 'username': 'purplezebra804', 'password': 'gordo', 'salt': 'rEiMihjw', 'md5': '5667bf2db31e3b3fbeeabec7a93c31ad', 'sha1': '878af3618e19ae35dabe65cd228f5437ea1e53ce', 'sha256': '0056ec6b3cbe65cf7f9991f9d1c32b64491ab9775e4fca6e47228b629944bbad'}, 'dob': {'date': '1978-03-14T05:34:50.974Z', 'age': 46}, 'registered': {'date': '2020-03-05T18:20:53.075Z', 'age': 4}, 'phone': '04-847-706', 'cell': '045-637-05-58', 'id': {'name': 'HETU', 'value': 'NaNNA518undefined'}, 'picture': {'large': 'https://randomuser.me/api/portraits/women/45.jpg', 'medium': 'https://randomuser.me/api/portraits/med/women/45.jpg', 'thumbnail': 'https://randomuser.me/api/portraits/thumb/women/45.jpg'}, 'nat': 'FI'}</msg>
<arg>${json_data['results'][0]}</arg>
<doc>Logs the given message with the given level.</doc>
<status status="PASS" start="2024-05-04T10:13:25.834342" elapsed="0.000426"/>
</kw>
<kw name="Log" owner="BuiltIn">
<msg time="2024-05-04T10:13:25.835229" level="INFO">gender</msg>
<arg>${key}</arg>
<doc>Logs the given message with the given level.</doc>
<status status="PASS" start="2024-05-04T10:13:25.835067" elapsed="0.000202"/>
</kw>
<var name="${key}">gender</var>
<status status="PASS" start="2024-05-04T10:13:25.833484" elapsed="0.002011"/>
</iter>
<iter>
<kw name="Dictionary Should Contain Key" owner="Collections">
<msg time="2024-05-04T10:13:25.836180" level="INFO">False</msg>
<arg>${json_data['results'][0]}</arg>
<arg>${key}</arg>
<doc>Fails if ``key`` is not found from ``dictionary``.</doc>
<status status="PASS" start="2024-05-04T10:13:25.835804" elapsed="0.000412"/>
</kw>
<kw name="Log" owner="BuiltIn">
<msg time="2024-05-04T10:13:25.836902" level="INFO">{'gender': 'female', 'name': {'title': 'Mrs', 'first': 'Neea', 'last': 'Koivisto'}, 'location': {'street': {'number': 4179, 'name': 'Korkeavuorenkatu'}, 'city': 'Järvenpää', 'state': 'Finland Proper', 'country': 'Finland', 'postcode': 65372, 'coordinates': {'latitude': '-22.0845', 'longitude': '16.8843'}, 'timezone': {'offset': '+4:00', 'description': 'Abu Dhabi, Muscat, Baku, Tbilisi'}}, 'email': 'neea.koivisto@example.com', 'login': {'uuid': 'a5996532-9472-4921-a56a-fc9e74c7cc0a', 'username': 'purplezebra804', 'password': 'gordo', 'salt': 'rEiMihjw', 'md5': '5667bf2db31e3b3fbeeabec7a93c31ad', 'sha1': '878af3618e19ae35dabe65cd228f5437ea1e53ce', 'sha256': '0056ec6b3cbe65cf7f9991f9d1c32b64491ab9775e4fca6e47228b629944bbad'}, 'dob': {'date': '1978-03-14T05:34:50.974Z', 'age': 46}, 'registered': {'date': '2020-03-05T18:20:53.075Z', 'age': 4}, 'phone': '04-847-706', 'cell': '045-637-05-58', 'id': {'name': 'HETU', 'value': 'NaNNA518undefined'}, 'picture': {'large': 'https://randomuser.me/api/portraits/women/45.jpg', 'medium': 'https://randomuser.me/api/portraits/med/women/45.jpg', 'thumbnail': 'https://randomuser.me/api/portraits/thumb/women/45.jpg'}, 'nat': 'FI'}</msg>
<arg>${json_data['results'][0]}</arg>
<doc>Logs the given message with the given level.</doc>
<status status="PASS" start="2024-05-04T10:13:25.836538" elapsed="0.000414"/>
</kw>
<kw name="Log" owner="BuiltIn">
<msg time="2024-05-04T10:13:25.837376" level="INFO">name</msg>
<arg>${key}</arg>
<doc>Logs the given message with the given level.</doc>
<status status="PASS" start="2024-05-04T10:13:25.837250" elapsed="0.000164"/>
</kw>
<var name="${key}">name</var>
<status status="PASS" start="2024-05-04T10:13:25.835689" elapsed="0.001936"/>
</iter>
<iter>
<kw name="Dictionary Should Contain Key" owner="Collections">
<msg time="2024-05-04T10:13:25.838302" level="INFO">False</msg>
<arg>${json_data['results'][0]}</arg>
<arg>${key}</arg>
<doc>Fails if ``key`` is not found from ``dictionary``.</doc>
<status status="PASS" start="2024-05-04T10:13:25.837919" elapsed="0.000420"/>
</kw>
<kw name="Log" owner="BuiltIn">
<msg time="2024-05-04T10:13:25.839002" level="INFO">{'gender': 'female', 'name': {'title': 'Mrs', 'first': 'Neea', 'last': 'Koivisto'}, 'location': {'street': {'number': 4179, 'name': 'Korkeavuorenkatu'}, 'city': 'Järvenpää', 'state': 'Finland Proper', 'country': 'Finland', 'postcode': 65372, 'coordinates': {'latitude': '-22.0845', 'longitude': '16.8843'}, 'timezone': {'offset': '+4:00', 'description': 'Abu Dhabi, Muscat, Baku, Tbilisi'}}, 'email': 'neea.koivisto@example.com', 'login': {'uuid': 'a5996532-9472-4921-a56a-fc9e74c7cc0a', 'username': 'purplezebra804', 'password': 'gordo', 'salt': 'rEiMihjw', 'md5': '5667bf2db31e3b3fbeeabec7a93c31ad', 'sha1': '878af3618e19ae35dabe65cd228f5437ea1e53ce', 'sha256': '0056ec6b3cbe65cf7f9991f9d1c32b64491ab9775e4fca6e47228b629944bbad'}, 'dob': {'date': '1978-03-14T05:34:50.974Z', 'age': 46}, 'registered': {'date': '2020-03-05T18:20:53.075Z', 'age': 4}, 'phone': '04-847-706', 'cell': '045-637-05-58', 'id': {'name': 'HETU', 'value': 'NaNNA518undefined'}, 'picture': {'large': 'https://randomuser.me/api/portraits/women/45.jpg', 'medium': 'https://randomuser.me/api/portraits/med/women/45.jpg', 'thumbnail': 'https://randomuser.me/api/portraits/thumb/women/45.jpg'}, 'nat': 'FI'}</msg>
<arg>${json_data['results'][0]}</arg>
<doc>Logs the given message with the given level.</doc>
<status status="PASS" start="2024-05-04T10:13:25.838637" elapsed="0.000416"/>
</kw>
<kw name="Log" owner="BuiltIn">
<msg time="2024-05-04T10:13:25.839528" level="INFO">location</msg>
<arg>${key}</arg>
<doc>Logs the given message with the given level.</doc>
<status status="PASS" start="2024-05-04T10:13:25.839397" elapsed="0.000178"/>
</kw>
<var name="${key}">location</var>
<status status="PASS" start="2024-05-04T10:13:25.837807" elapsed="0.001996"/>
</iter>
<iter>
<kw name="Dictionary Should Contain Key" owner="Collections">
<msg time="2024-05-04T10:13:25.840475" level="INFO">False</msg>
<arg>${json_data['results'][0]}</arg>
<arg>${key}</arg>
<doc>Fails if ``key`` is not found from ``dictionary``.</doc>
<status status="PASS" start="2024-05-04T10:13:25.840089" elapsed="0.000423"/>
</kw>
<kw name="Log" owner="BuiltIn">
<msg time="2024-05-04T10:13:25.841170" level="INFO">{'gender': 'female', 'name': {'title': 'Mrs', 'first': 'Neea', 'last': 'Koivisto'}, 'location': {'street': {'number': 4179, 'name': 'Korkeavuorenkatu'}, 'city': 'Järvenpää', 'state': 'Finland Proper', 'country': 'Finland', 'postcode': 65372, 'coordinates': {'latitude': '-22.0845', 'longitude': '16.8843'}, 'timezone': {'offset': '+4:00', 'description': 'Abu Dhabi, Muscat, Baku, Tbilisi'}}, 'email': 'neea.koivisto@example.com', 'login': {'uuid': 'a5996532-9472-4921-a56a-fc9e74c7cc0a', 'username': 'purplezebra804', 'password': 'gordo', 'salt': 'rEiMihjw', 'md5': '5667bf2db31e3b3fbeeabec7a93c31ad', 'sha1': '878af3618e19ae35dabe65cd228f5437ea1e53ce', 'sha256': '0056ec6b3cbe65cf7f9991f9d1c32b64491ab9775e4fca6e47228b629944bbad'}, 'dob': {'date': '1978-03-14T05:34:50.974Z', 'age': 46}, 'registered': {'date': '2020-03-05T18:20:53.075Z', 'age': 4}, 'phone': '04-847-706', 'cell': '045-637-05-58', 'id': {'name': 'HETU', 'value': 'NaNNA518undefined'}, 'picture': {'large': 'https://randomuser.me/api/portraits/women/45.jpg', 'medium': 'https://randomuser.me/api/portraits/med/women/45.jpg', 'thumbnail': 'https://randomuser.me/api/portraits/thumb/women/45.jpg'}, 'nat': 'FI'}</msg>
<arg>${json_data['results'][0]}</arg>
<doc>Logs the given message with the given level.</doc>
<status status="PASS" start="2024-05-04T10:13:25.840808" elapsed="0.000413"/>
</kw>
<kw name="Log" owner="BuiltIn">
<msg time="2024-05-04T10:13:25.841639" level="INFO">email</msg>
<arg>${key}</arg>
<doc>Logs the given message with the given level.</doc>
<status status="PASS" start="2024-05-04T10:13:25.841512" elapsed="0.000165"/>
</kw>
<var name="${key}">email</var>
<status status="PASS" start="2024-05-04T10:13:25.839979" elapsed="0.001916"/>
</iter>
<iter>
<kw name="Dictionary Should Contain Key" owner="Collections">
<msg time="2024-05-04T10:13:25.842569" level="INFO">False</msg>
<arg>${json_data['results'][0]}</arg>
<arg>${key}</arg>
<doc>Fails if ``key`` is not found from ``dictionary``.</doc>
<status status="PASS" start="2024-05-04T10:13:25.842177" elapsed="0.000431"/>
</kw>
<kw name="Log" owner="BuiltIn">
<msg time="2024-05-04T10:13:25.843299" level="INFO">{'gender': 'female', 'name': {'title': 'Mrs', 'first': 'Neea', 'last': 'Koivisto'}, 'location': {'street': {'number': 4179, 'name': 'Korkeavuorenkatu'}, 'city': 'Järvenpää', 'state': 'Finland Proper', 'country': 'Finland', 'postcode': 65372, 'coordinates': {'latitude': '-22.0845', 'longitude': '16.8843'}, 'timezone': {'offset': '+4:00', 'description': 'Abu Dhabi, Muscat, Baku, Tbilisi'}}, 'email': 'neea.koivisto@example.com', 'login': {'uuid': 'a5996532-9472-4921-a56a-fc9e74c7cc0a', 'username': 'purplezebra804', 'password': 'gordo', 'salt': 'rEiMihjw', 'md5': '5667bf2db31e3b3fbeeabec7a93c31ad', 'sha1': '878af3618e19ae35dabe65cd228f5437ea1e53ce', 'sha256': '0056ec6b3cbe65cf7f9991f9d1c32b64491ab9775e4fca6e47228b629944bbad'}, 'dob': {'date': '1978-03-14T05:34:50.974Z', 'age': 46}, 'registered': {'date': '2020-03-05T18:20:53.075Z', 'age': 4}, 'phone': '04-847-706', 'cell': '045-637-05-58', 'id': {'name': 'HETU', 'value': 'NaNNA518undefined'}, 'picture': {'large': 'https://randomuser.me/api/portraits/women/45.jpg', 'medium': 'https://randomuser.me/api/portraits/med/women/45.jpg', 'thumbnail': 'https://randomuser.me/api/portraits/thumb/women/45.jpg'}, 'nat': 'FI'}</msg>
<arg>${json_data['results'][0]}</arg>
<doc>Logs the given message with the given level.</doc>
<status status="PASS" start="2024-05-04T10:13:25.842899" elapsed="0.000450"/>
</kw>
<kw name="Log" owner="BuiltIn">
<msg time="2024-05-04T10:13:25.843776" level="INFO">login</msg>
<arg>${key}</arg>
<doc>Logs the given message with the given level.</doc>
<status status="PASS" start="2024-05-04T10:13:25.843650" elapsed="0.000196"/>
</kw>
<var name="${key}">login</var>
<status status="PASS" start="2024-05-04T10:13:25.842068" elapsed="0.002008"/>
</iter>
<var>${key}</var>
<value>@{expected_keys}</value>
<status status="PASS" start="2024-05-04T10:13:25.833291" elapsed="0.010906"/>
</for>
<kw name="Create List" owner="BuiltIn">
<msg time="2024-05-04T10:13:25.844532" level="INFO">${expected_keysTwo} = ['username', 'password']</msg>
<var>${expected_keysTwo}</var>
<arg>username</arg>
<arg>password</arg>
<doc>Returns a list containing given items.</doc>
<status status="PASS" start="2024-05-04T10:13:25.844397" elapsed="0.000158"/>
</kw>
<for flavor="IN">
<iter>
<kw name="Dictionary Should Contain Key" owner="Collections">
<msg time="2024-05-04T10:13:25.845460" level="INFO">False</msg>
<arg>${json_data['results'][0]['login']}</arg>
<arg>${keyTwo}</arg>
<doc>Fails if ``key`` is not found from ``dictionary``.</doc>
<status status="PASS" start="2024-05-04T10:13:25.845063" elapsed="0.000435"/>
</kw>
<kw name="Dictionary Should Contain Key" owner="Collections">
<msg time="2024-05-04T10:13:25.846192" level="INFO">False</msg>
<arg>${json_data['results'][0]['login']}</arg>
<arg>${keyTwo}</arg>
<doc>Fails if ``key`` is not found from ``dictionary``.</doc>
<status status="PASS" start="2024-05-04T10:13:25.845790" elapsed="0.000439"/>
</kw>
<kw name="Log" owner="BuiltIn">
<msg time="2024-05-04T10:13:25.846648" level="INFO">username</msg>
<arg>${keyTwo}</arg>
<doc>Logs the given message with the given level.</doc>
<status status="PASS" start="2024-05-04T10:13:25.846524" elapsed="0.000167"/>
</kw>
<var name="${keyTwo}">username</var>
<status status="PASS" start="2024-05-04T10:13:25.844954" elapsed="0.001948"/>
</iter>
<iter>
<kw name="Dictionary Should Contain Key" owner="Collections">
<msg time="2024-05-04T10:13:25.847604" level="INFO">False</msg>
<arg>${json_data['results'][0]['login']}</arg>
<arg>${keyTwo}</arg>
<doc>Fails if ``key`` is not found from ``dictionary``.</doc>
<status status="PASS" start="2024-05-04T10:13:25.847217" elapsed="0.000425"/>
</kw>
<kw name="Dictionary Should Contain Key" owner="Collections">
<msg time="2024-05-04T10:13:25.848416" level="INFO">False</msg>
<arg>${json_data['results'][0]['login']}</arg>
<arg>${keyTwo}</arg>
<doc>Fails if ``key`` is not found from ``dictionary``.</doc>
<status status="PASS" start="2024-05-04T10:13:25.847940" elapsed="0.000515"/>
</kw>
<kw name="Log" owner="BuiltIn">
<msg time="2024-05-04T10:13:25.848882" level="INFO">password</msg>
<arg>${keyTwo}</arg>
<doc>Logs the given message with the given level.</doc>
<status status="PASS" start="2024-05-04T10:13:25.848755" elapsed="0.000168"/>
</kw>
<var name="${keyTwo}">password</var>
<status status="PASS" start="2024-05-04T10:13:25.847073" elapsed="0.002063"/>
</iter>
<var>${keyTwo}</var>
<value>@{expected_keysTwo}</value>
<status status="PASS" start="2024-05-04T10:13:25.844798" elapsed="0.004460"/>
</for>
<status status="PASS" start="2024-05-04T10:13:25.739346" elapsed="0.110051"/>
</kw>
<doc>Testa a estrutura da resposta da API.</doc>
<tag>testeEstruturaResposta</tag>
<status status="PASS" start="2024-05-04T10:13:25.738811" elapsed="0.110746"/>
</test>
<test id="s1-s1-t4" name="Validar tipos de dados" line="28">
<kw name="Teste de Tipos de Dados" owner="random-user-service">
<kw name="GET On Session" owner="RequestsLibrary">
<msg time="2024-05-04T10:13:25.934900" level="INFO">GET Request : url=https://randomuser.me/api 
 path_url=/api 
 headers={'User-Agent': 'python-requests/2.31.0', 'Accept-Encoding': 'gzip, deflate', 'Accept': '*/*', 'Connection': 'keep-alive'} 
 body=None 
 </msg>
<msg time="2024-05-04T10:13:25.935012" level="INFO">GET Response : url=https://randomuser.me/api 
 status=200, reason=OK 
 headers={'Date': 'Sat, 04 May 2024 10:13:25 GMT', 'Content-Type': 'application/json; charset=utf-8', 'Transfer-Encoding': 'chunked', 'Connection': 'keep-alive', 'X-Powered-By': 'Express', 'Access-Control-Allow-Origin': '*', 'Cache-Control': 'no-cache', 'ETag': 'W/"4b6-++CD+Aj4QkmyDqq429Y9tPPQIgI"', 'Vary': 'Accept-Encoding', 'Content-Encoding': 'gzip', 'CF-Cache-Status': 'DYNAMIC', 'Report-To': '{"endpoints":[{"url":"https:\\/\\/a.nel.cloudflare.com\\/report\\/v4?s=zvjWkvvrz8qIE9ZclkJMZo5uFvw1QPZUHraTd2p2m3a5QPg1mAAhpuhfoPUsZRiGnmeiHMJhW%2BxjOHPbYkxDDQ9CqWG9ixplZoFzVXslZG9%2BRKjXsdIIhJARyVA9vP3F"}],"group":"cf-nel","max_age":604800}', 'NEL': '{"success_fraction":0,"report_to":"cf-nel","max_age":604800}', 'Server': 'cloudflare', 'CF-RAY': '87e7b7d49c733b4e-IAD', 'alt-svc': 'h3=":443"; ma=86400'} 
 body={"results":[{"gender":"male","name":{"title":"Mr","first":"José Eduardo","last":"Bustos"},"location":{"street":{"number":1133,"name":"Privada Seychelles"},"city":"La Caridad (Fracción G)","state":"Tabasco","country":"Mexico","postcode":22710,"coordinates":{"latitude":"27.6928","longitude":"-60.8593"},"timezone":{"offset":"+3:00","description":"Baghdad, Riyadh, Moscow, St. Petersburg"}},"email":"joseeduardo.bustos@example.com","login":{"uuid":"8181d6d2-06d5-43ed-bb23-5134ef8b9d9b","username":"blueduck423","password":"prophet","salt":"cAZxo41m","md5":"06ad5c6bcaac3d351bf776f2853a9066","sha1":"86e97d1836c59f6e32e0e37c81620cb42ce67c4b","sha256":"2a399af9e96a9c56d3ca3f0adebf5ffdf3cea542e81d888f4a966daa7db592a0"},"dob":{"date":"1949-09-23T16:00:31.752Z","age":74},"registered":{"date":"2006-08-08T06:17:19.602Z","age":17},"phone":"(699) 575 8566","cell":"(651) 441 5067","id":{"name":"NSS","value":"96 19 93 6736 8"},"picture":{"large":"https://randomuser.me/api/portraits/men/27.jpg","medium":"https://randomuser.me/api/portraits/med/men/27.jpg","thumbnail":"https://randomuser.me/api/portraits/thumb/men/27.jpg"},"nat":"MX"}],"info":{"seed":"c4e23f5efff02c3c","results":1,"page":1,"version":"1.4"}} 
 </msg>
<msg time="2024-05-04T10:13:25.935097" level="INFO">/opt/hostedtoolcache/Python/3.12.3/x64/lib/python3.12/site-packages/urllib3/connectionpool.py:1103: InsecureRequestWarning: Unverified HTTPS request is being made to host 'randomuser.me'. Adding certificate verification is strongly advised. See: https://urllib3.readthedocs.io/en/latest/advanced-usage.html#tls-warnings
  warnings.warn(</msg>
<msg time="2024-05-04T10:13:25.935263" level="INFO">${response} = &lt;Response [200]&gt;</msg>
<var>${response}</var>
<arg>consultarAPI</arg>
<arg>/api</arg>
<doc>Sends a GET request on a previously created HTTP Session.</doc>
<status status="PASS" start="2024-05-04T10:13:25.852168" elapsed="0.083135"/>
</kw>
<kw name="Set Variable" owner="BuiltIn">
<msg time="2024-05-04T10:13:25.936345" level="INFO">${json_data} = {'results': [{'gender': 'male', 'name': {'title': 'Mr', 'first': 'José Eduardo', 'last': 'Bustos'}, 'location': {'street': {'number': 1133, 'name': 'Privada Seychelles'}, 'city': 'La Caridad (Fracción...</msg>
<var>${json_data}</var>
<arg>${response.json()}</arg>
<doc>Returns the given values which can then be assigned to a variables.</doc>
<status status="PASS" start="2024-05-04T10:13:25.935812" elapsed="0.000563"/>
</kw>
<kw name="Log" owner="BuiltIn">
<msg time="2024-05-04T10:13:25.936848" level="INFO">{'results': [{'gender': 'male', 'name': {'title': 'Mr', 'first': 'José Eduardo', 'last': 'Bustos'}, 'location': {'street': {'number': 1133, 'name': 'Privada Seychelles'}, 'city': 'La Caridad (Fracción G)', 'state': 'Tabasco', 'country': 'Mexico', 'postcode': 22710, 'coordinates': {'latitude': '27.6928', 'longitude': '-60.8593'}, 'timezone': {'offset': '+3:00', 'description': 'Baghdad, Riyadh, Moscow, St. Petersburg'}}, 'email': 'joseeduardo.bustos@example.com', 'login': {'uuid': '8181d6d2-06d5-43ed-bb23-5134ef8b9d9b', 'username': 'blueduck423', 'password': 'prophet', 'salt': 'cAZxo41m', 'md5': '06ad5c6bcaac3d351bf776f2853a9066', 'sha1': '86e97d1836c59f6e32e0e37c81620cb42ce67c4b', 'sha256': '2a399af9e96a9c56d3ca3f0adebf5ffdf3cea542e81d888f4a966daa7db592a0'}, 'dob': {'date': '1949-09-23T16:00:31.752Z', 'age': 74}, 'registered': {'date': '2006-08-08T06:17:19.602Z', 'age': 17}, 'phone': '(699) 575 8566', 'cell': '(651) 441 5067', 'id': {'name': 'NSS', 'value': '96 19 93 6736 8'}, 'picture': {'large': 'https://randomuser.me/api/portraits/men/27.jpg', 'medium': 'https://randomuser.me/api/portraits/med/men/27.jpg', 'thumbnail': 'https://randomuser.me/api/portraits/thumb/men/27.jpg'}, 'nat': 'MX'}], 'info': {'seed': 'c4e23f5efff02c3c', 'results': 1, 'page': 1, 'version': '1.4'}}</msg>
<arg>${json_data}</arg>
<doc>Logs the given message with the given level.</doc>
<status status="PASS" start="2024-05-04T10:13:25.936689" elapsed="0.000244"/>
</kw>
<kw name="Should Be String" owner="String">
<arg>${json_data['results'][0]['gender']}</arg>
<doc>Fails if the given ``item`` is not a string.</doc>
<status status="PASS" start="2024-05-04T10:13:25.937235" elapsed="0.000369"/>
</kw>
<kw name="Should Match Regexp" owner="BuiltIn">
<arg>${json_data['results'][0]['email']}</arg>
<arg>^[a-zA-Z0-9._%+-]+@[a-zA-Z0-9.-]+\.[a-zA-Z]{2,}$</arg>
<doc>Fails if ``string`` does not match ``pattern`` as a regular expression.</doc>
<status status="PASS" start="2024-05-04T10:13:25.937797" elapsed="0.000515"/>
</kw>
<kw name="Should Match Regexp" owner="BuiltIn">
<arg>${json_data['results'][0]['dob']['date']}</arg>
<arg>\\d{4}-\\d{2}-\\d{2}T\\d{2}:\\d{2}:\\d{2}\\.\\d{3}Z</arg>
<doc>Fails if ``string`` does not match ``pattern`` as a regular expression.</doc>
<status status="PASS" start="2024-05-04T10:13:25.938508" elapsed="0.000488"/>
</kw>
<kw name="Should Match Regexp" owner="BuiltIn">
<arg>${json_data['results'][0]['registered']['date']}</arg>
<arg>\\d{4}-\\d{2}-\\d{2}T\\d{2}:\\d{2}:\\d{2}\\.\\d{3}Z</arg>
<doc>Fails if ``string`` does not match ``pattern`` as a regular expression.</doc>
<status status="PASS" start="2024-05-04T10:13:25.939214" elapsed="0.000377"/>
</kw>
<kw name="Should Match Regexp" owner="BuiltIn">
<arg>${json_data['results'][0]['picture']['large']}</arg>
<arg>^https?://.*\.(?:png|jpe?g|gif|bmp)$</arg>
<doc>Fails if ``string`` does not match ``pattern`` as a regular expression.</doc>
<status status="PASS" start="2024-05-04T10:13:25.939778" elapsed="0.000483"/>
</kw>
<kw name="Should Match Regexp" owner="BuiltIn">
<arg>${json_data['results'][0]['picture']['medium']}</arg>
<arg>^https?://.*\.(?:png|jpe?g|gif|bmp)$</arg>
<doc>Fails if ``string`` does not match ``pattern`` as a regular expression.</doc>
<status status="PASS" start="2024-05-04T10:13:25.940450" elapsed="0.000356"/>
</kw>
<kw name="Should Match Regexp" owner="BuiltIn">
<arg>${json_data['results'][0]['picture']['thumbnail']}</arg>
<arg>^https?://.*\.(?:png|jpe?g|gif|bmp)$</arg>
<doc>Fails if ``string`` does not match ``pattern`` as a regular expression.</doc>
<status status="PASS" start="2024-05-04T10:13:25.940995" elapsed="0.000351"/>
</kw>
<kw name="Log" owner="BuiltIn">
<msg time="2024-05-04T10:13:25.941850" level="INFO">{'large': 'https://randomuser.me/api/portraits/men/27.jpg', 'medium': 'https://randomuser.me/api/portraits/med/men/27.jpg', 'thumbnail': 'https://randomuser.me/api/portraits/thumb/men/27.jpg'}</msg>
<arg>${json_data['results'][0]['picture']}</arg>
<doc>Logs the given message with the given level.</doc>
<status status="PASS" start="2024-05-04T10:13:25.941527" elapsed="0.000364"/>
</kw>
<status status="PASS" start="2024-05-04T10:13:25.851936" elapsed="0.090211"/>
</kw>
<kw name="Teste de Tipos de Dados - Postcode" owner="random-user-service">
<kw name="GET On Session" owner="RequestsLibrary">
<msg time="2024-05-04T10:13:26.032102" level="INFO">GET Request : url=https://randomuser.me/api 
 path_url=/api 
 headers={'User-Agent': 'python-requests/2.31.0', 'Accept-Encoding': 'gzip, deflate', 'Accept': '*/*', 'Connection': 'keep-alive'} 
 body=None 
 </msg>
<msg time="2024-05-04T10:13:26.032212" level="INFO">GET Response : url=https://randomuser.me/api 
 status=200, reason=OK 
 headers={'Date': 'Sat, 04 May 2024 10:13:26 GMT', 'Content-Type': 'application/json; charset=utf-8', 'Transfer-Encoding': 'chunked', 'Connection': 'keep-alive', 'X-Powered-By': 'Express', 'Access-Control-Allow-Origin': '*', 'Cache-Control': 'no-cache', 'ETag': 'W/"472-IS4tDycY78xBey1FP195hra2JKY"', 'Vary': 'Accept-Encoding', 'Content-Encoding': 'gzip', 'CF-Cache-Status': 'DYNAMIC', 'Report-To': '{"endpoints":[{"url":"https:\\/\\/a.nel.cloudflare.com\\/report\\/v4?s=RjjU8szo%2FlgtH0JbAliEmxdK4fSVPqmjQVokRP59Cu1JCBpNxooRZukGmKJr5ZqCHu7hA0QMfOQftvNADzpBzf32CAtiy%2BFtIFps5Zoh9t%2BEOBcz%2BKZlfMuONEnNbHHA"}],"group":"cf-nel","max_age":604800}', 'NEL': '{"success_fraction":0,"report_to":"cf-nel","max_age":604800}', 'Server': 'cloudflare', 'CF-RAY': '87e7b7d52ce63b4e-IAD', 'alt-svc': 'h3=":443"; ma=86400'} 
 body={"results":[{"gender":"male","name":{"title":"Mr","first":"Edwin","last":"Ross"},"location":{"street":{"number":5019,"name":"New Street"},"city":"Cashel","state":"Kildare","country":"Ireland","postcode":75511,"coordinates":{"latitude":"0.5999","longitude":"-7.9252"},"timezone":{"offset":"+6:00","description":"Almaty, Dhaka, Colombo"}},"email":"edwin.ross@example.com","login":{"uuid":"4cc8736b-dcfb-48d5-bf86-e80d8a14a24a","username":"orangegorilla908","password":"xxxxxx1","salt":"1X8UGYv0","md5":"956a25da81f9977dba54ff44aa216fb8","sha1":"cb143b5fea9fed5371ab65a2ef961b8039db5a7e","sha256":"8b8d670c32961b34a74780f0df8396182ee18d4b1a281e125327ffa84c62eeac"},"dob":{"date":"1974-04-06T23:11:30.243Z","age":50},"registered":{"date":"2002-10-07T19:39:35.456Z","age":21},"phone":"041-602-6126","cell":"081-900-5746","id":{"name":"PPS","value":"6756591T"},"picture":{"large":"https://randomuser.me/api/portraits/men/82.jpg","medium":"https://randomuser.me/api/portraits/med/men/82.jpg","thumbnail":"https://randomuser.me/api/portraits/thumb/men/82.jpg"},"nat":"IE"}],"info":{"seed":"af51f0b239bbb539","results":1,"page":1,"version":"1.4"}} 
 </msg>
<msg time="2024-05-04T10:13:26.032286" level="INFO">/opt/hostedtoolcache/Python/3.12.3/x64/lib/python3.12/site-packages/urllib3/connectionpool.py:1103: InsecureRequestWarning: Unverified HTTPS request is being made to host 'randomuser.me'. Adding certificate verification is strongly advised. See: https://urllib3.readthedocs.io/en/latest/advanced-usage.html#tls-warnings
  warnings.warn(</msg>
<msg time="2024-05-04T10:13:26.032430" level="INFO">${response} = &lt;Response [200]&gt;</msg>
<var>${response}</var>
<arg>consultarAPI</arg>
<arg>/api</arg>
<doc>Sends a GET request on a previously created HTTP Session.</doc>
<status status="PASS" start="2024-05-04T10:13:25.942611" elapsed="0.089862"/>
</kw>
<kw name="Set Variable" owner="BuiltIn">
<msg time="2024-05-04T10:13:26.033502" level="INFO">${json_data} = {'results': [{'gender': 'male', 'name': {'title': 'Mr', 'first': 'Edwin', 'last': 'Ross'}, 'location': {'street': {'number': 5019, 'name': 'New Street'}, 'city': 'Cashel', 'state': 'Kildare', 'country...</msg>
<var>${json_data}</var>
<arg>${response.json()}</arg>
<doc>Returns the given values which can then be assigned to a variables.</doc>
<status status="PASS" start="2024-05-04T10:13:26.032974" elapsed="0.000556"/>
</kw>
<kw name="Log" owner="BuiltIn">
<msg time="2024-05-04T10:13:26.033990" level="INFO">{'results': [{'gender': 'male', 'name': {'title': 'Mr', 'first': 'Edwin', 'last': 'Ross'}, 'location': {'street': {'number': 5019, 'name': 'New Street'}, 'city': 'Cashel', 'state': 'Kildare', 'country': 'Ireland', 'postcode': 75511, 'coordinates': {'latitude': '0.5999', 'longitude': '-7.9252'}, 'timezone': {'offset': '+6:00', 'description': 'Almaty, Dhaka, Colombo'}}, 'email': 'edwin.ross@example.com', 'login': {'uuid': '4cc8736b-dcfb-48d5-bf86-e80d8a14a24a', 'username': 'orangegorilla908', 'password': 'xxxxxx1', 'salt': '1X8UGYv0', 'md5': '956a25da81f9977dba54ff44aa216fb8', 'sha1': 'cb143b5fea9fed5371ab65a2ef961b8039db5a7e', 'sha256': '8b8d670c32961b34a74780f0df8396182ee18d4b1a281e125327ffa84c62eeac'}, 'dob': {'date': '1974-04-06T23:11:30.243Z', 'age': 50}, 'registered': {'date': '2002-10-07T19:39:35.456Z', 'age': 21}, 'phone': '041-602-6126', 'cell': '081-900-5746', 'id': {'name': 'PPS', 'value': '6756591T'}, 'picture': {'large': 'https://randomuser.me/api/portraits/men/82.jpg', 'medium': 'https://randomuser.me/api/portraits/med/men/82.jpg', 'thumbnail': 'https://randomuser.me/api/portraits/thumb/men/82.jpg'}, 'nat': 'IE'}], 'info': {'seed': 'af51f0b239bbb539', 'results': 1, 'page': 1, 'version': '1.4'}}</msg>
<arg>${json_data}</arg>
<doc>Logs the given message with the given level.</doc>
<status status="PASS" start="2024-05-04T10:13:26.033836" elapsed="0.000239"/>
</kw>
<kw name="Should Be Equal As Numbers" owner="BuiltIn">
<arg>${json_data['results'][0]['location']['postcode']}</arg>
<arg>${json_data['results'][0]['location']['postcode']}</arg>
<doc>Fails if objects are unequal after converting them to real numbers.</doc>
<status status="PASS" start="2024-05-04T10:13:26.034375" elapsed="0.000854"/>
</kw>
<kw name="Log" owner="BuiltIn">
<msg time="2024-05-04T10:13:26.035770" level="INFO">75511</msg>
<arg>${json_data['results'][0]['location']['postcode']}</arg>
<doc>Logs the given message with the given level.</doc>
<status status="PASS" start="2024-05-04T10:13:26.035432" elapsed="0.000379"/>
</kw>
<status status="PASS" start="2024-05-04T10:13:25.942380" elapsed="0.093686"/>
</kw>
<doc>Testa se os tipos de dados na resposta da API estão corretos.</doc>
<tag>testeTiposDados</tag>
<status status="PASS" start="2024-05-04T10:13:25.851365" elapsed="0.184869"/>
</test>
<test id="s1-s1-t5" name="Validar conteudo" line="35">
<kw name="Teste de Tipos de Conteudo" owner="random-user-service">
<kw name="GET On Session" owner="RequestsLibrary">
<msg time="2024-05-04T10:13:26.143514" level="INFO">GET Request : url=https://randomuser.me/api 
 path_url=/api 
 headers={'User-Agent': 'python-requests/2.31.0', 'Accept-Encoding': 'gzip, deflate', 'Accept': '*/*', 'Connection': 'keep-alive'} 
 body=None 
 </msg>
<msg time="2024-05-04T10:13:26.143615" level="INFO">GET Response : url=https://randomuser.me/api 
 status=200, reason=OK 
 headers={'Date': 'Sat, 04 May 2024 10:13:26 GMT', 'Content-Type': 'application/json; charset=utf-8', 'Transfer-Encoding': 'chunked', 'Connection': 'keep-alive', 'X-Powered-By': 'Express', 'Access-Control-Allow-Origin': '*', 'Cache-Control': 'no-cache', 'ETag': 'W/"49e-bvVG5WmUI7H1wfZ16AKHAcHaRwE"', 'Vary': 'Accept-Encoding', 'Content-Encoding': 'gzip', 'CF-Cache-Status': 'DYNAMIC', 'Report-To': '{"endpoints":[{"url":"https:\\/\\/a.nel.cloudflare.com\\/report\\/v4?s=c8wI2I72sdmV%2F3XW6iAeGmvawxmxUMGy%2FPOXFBnF5JYDS%2BGIqRuVBTDTE9%2BsF3a%2B7VZ0WzA5JvroDDtgp6apxpEcUjfhc4xkL%2BrloLignrZylbwOszC0qvfF5sdaNxvS"}],"group":"cf-nel","max_age":604800}', 'NEL': '{"success_fraction":0,"report_to":"cf-nel","max_age":604800}', 'Server': 'cloudflare', 'CF-RAY': '87e7b7d5cd553b4e-IAD', 'alt-svc': 'h3=":443"; ma=86400'} 
 body={"results":[{"gender":"female","name":{"title":"Miss","first":"Esmeralda","last":"Lashkevichi"},"location":{"street":{"number":1482,"name":"Tyutyunoviy provulok"},"city":"Korec","state":"Dnipropetrovska","country":"Ukraine","postcode":22257,"coordinates":{"latitude":"79.2405","longitude":"46.2394"},"timezone":{"offset":"-1:00","description":"Azores, Cape Verde Islands"}},"email":"esmeralda.lashkevichi@example.com","login":{"uuid":"47462e72-214f-4636-9261-b8bc10c697ab","username":"bigpanda576","password":"glennwei","salt":"hr0xnAZl","md5":"9a166a42e12c047ef57916567ab098d4","sha1":"214b83118f7b11de97e05483d78b673595cb3787","sha256":"2943ab26a205e3e5458af78419042cdc871ce4f6ebc8ed0095fa1ed3fdb4a8f0"},"dob":{"date":"1986-12-11T07:28:29.989Z","age":37},"registered":{"date":"2018-06-20T10:51:12.438Z","age":5},"phone":"(066) T45-4662","cell":"(096) N97-5907","id":{"name":"","value":null},"picture":{"large":"https://randomuser.me/api/portraits/women/11.jpg","medium":"https://randomuser.me/api/portraits/med/women/11.jpg","thumbnail":"https://randomuser.me/api/portraits/thumb/women/11.jpg"},"nat":"UA"}],"info":{"seed":"fcd9a26542697843","results":1,"page":1,"version":"1.4"}} 
 </msg>
<msg time="2024-05-04T10:13:26.143686" level="INFO">/opt/hostedtoolcache/Python/3.12.3/x64/lib/python3.12/site-packages/urllib3/connectionpool.py:1103: InsecureRequestWarning: Unverified HTTPS request is being made to host 'randomuser.me'. Adding certificate verification is strongly advised. See: https://urllib3.readthedocs.io/en/latest/advanced-usage.html#tls-warnings
  warnings.warn(</msg>
<msg time="2024-05-04T10:13:26.143825" level="INFO">${response} = &lt;Response [200]&gt;</msg>
<var>${response}</var>
<arg>consultarAPI</arg>
<arg>/api</arg>
<doc>Sends a GET request on a previously created HTTP Session.</doc>
<status status="PASS" start="2024-05-04T10:13:26.038956" elapsed="0.104913"/>
</kw>
<kw name="Set Variable" owner="BuiltIn">
<msg time="2024-05-04T10:13:26.144881" level="INFO">${json_data} = {'results': [{'gender': 'female', 'name': {'title': 'Miss', 'first': 'Esmeralda', 'last': 'Lashkevichi'}, 'location': {'street': {'number': 1482, 'name': 'Tyutyunoviy provulok'}, 'city': 'Korec', 'sta...</msg>
<var>${json_data}</var>
<arg>${response.json()}</arg>
<doc>Returns the given values which can then be assigned to a variables.</doc>
<status status="PASS" start="2024-05-04T10:13:26.144378" elapsed="0.000531"/>
</kw>
<kw name="Set Variable" owner="BuiltIn">
<msg time="2024-05-04T10:13:26.145593" level="INFO">${name_title} = Miss</msg>
<var>${name_title}</var>
<arg>${json_data["results"][0]["name"]["title"]}</arg>
<doc>Returns the given values which can then be assigned to a variables.</doc>
<status status="PASS" start="2024-05-04T10:13:26.145211" elapsed="0.000407"/>
</kw>
<kw name="Create List" owner="BuiltIn">
<msg time="2024-05-04T10:13:26.146057" level="INFO">${allowed_titles} = ['Mr', 'Ms', 'Miss', 'Mrs', 'Madame', 'Monsieur']</msg>
<var>${allowed_titles}</var>
<arg>Mr</arg>
<arg>Ms</arg>
<arg>Miss</arg>
<arg>Mrs</arg>
<arg>Madame</arg>
<arg>Monsieur</arg>
<doc>Returns a list containing given items.</doc>
<status status="PASS" start="2024-05-04T10:13:26.145911" elapsed="0.000170"/>
</kw>
<kw name="List Should Contain Value" owner="Collections">
<msg time="2024-05-04T10:13:26.146551" level="INFO">False</msg>
<arg>${allowed_titles}</arg>
<arg>${name_title}</arg>
<doc>Fails if the ``value`` is not found from ``list``.</doc>
<status status="PASS" start="2024-05-04T10:13:26.146381" elapsed="0.000206"/>
</kw>
<kw name="Set Variable" owner="BuiltIn">
<msg time="2024-05-04T10:13:26.147290" level="INFO">${name_country} = UA</msg>
<var>${name_country}</var>
<arg>${json_data["results"][0]["nat"]}</arg>
<doc>Returns the given values which can then be assigned to a variables.</doc>
<status status="PASS" start="2024-05-04T10:13:26.146874" elapsed="0.000443"/>
</kw>
<kw name="Create List" owner="BuiltIn">
<msg time="2024-05-04T10:13:26.148221" level="INFO">${list_country} = ['AD', 'AE', 'AF', 'AG', 'AI', 'AL', 'AM', 'AO', 'AQ', 'AR', 'AS', 'AT', 'AU', 'AW', 'AX', 'AZ', 'BA', 'BB', 'BD', 'BE', 'BF', 'BG', 'BH', 'BI', 'BJ', 'BL', 'BM', 'BN', 'BO', 'BQ', 'BR', 'BS', 'BT', '...</msg>
<var>${list_country}</var>
<arg>AD</arg>
<arg>AE</arg>
<arg>AF</arg>
<arg>AG</arg>
<arg>AI</arg>
<arg>AL</arg>
<arg>AM</arg>
<arg>AO</arg>
<arg>AQ</arg>
<arg>AR</arg>
<arg>AS</arg>
<arg>AT</arg>
<arg>AU</arg>
<arg>AW</arg>
<arg>AX</arg>
<arg>AZ</arg>
<arg>BA</arg>
<arg>BB</arg>
<arg>BD</arg>
<arg>BE</arg>
<arg>BF</arg>
<arg>BG</arg>
<arg>BH</arg>
<arg>BI</arg>
<arg>BJ</arg>
<arg>BL</arg>
<arg>BM</arg>
<arg>BN</arg>
<arg>BO</arg>
<arg>BQ</arg>
<arg>BR</arg>
<arg>BS</arg>
<arg>BT</arg>
<arg>BV</arg>
<arg>BW</arg>
<arg>BY</arg>
<arg>BZ</arg>
<arg>CA</arg>
<arg>CC</arg>
<arg>CD</arg>
<arg>CF</arg>
<arg>CG</arg>
<arg>CH</arg>
<arg>CI</arg>
<arg>CK</arg>
<arg>CL</arg>
<arg>CM</arg>
<arg>CN</arg>
<arg>CO</arg>
<arg>CR</arg>
<arg>CU</arg>
<arg>CV</arg>
<arg>CW</arg>
<arg>CX</arg>
<arg>CY</arg>
<arg>CZ</arg>
<arg>DE</arg>
<arg>DJ</arg>
<arg>DK</arg>
<arg>DM</arg>
<arg>DO</arg>
<arg>DZ</arg>
<arg>EC</arg>
<arg>EE</arg>
<arg>EG</arg>
<arg>EH</arg>
<arg>ER</arg>
<arg>ES</arg>
<arg>ET</arg>
<arg>FI</arg>
<arg>FJ</arg>
<arg>FK</arg>
<arg>FM</arg>
<arg>FO</arg>
<arg>FR</arg>
<arg>GA</arg>
<arg>GB</arg>
<arg>GD</arg>
<arg>GE</arg>
<arg>GF</arg>
<arg>GG</arg>
<arg>GH</arg>
<arg>GI</arg>
<arg>GL</arg>
<arg>GM</arg>
<arg>GN</arg>
<arg>GP</arg>
<arg>GQ</arg>
<arg>GR</arg>
<arg>GS</arg>
<arg>GT</arg>
<arg>GU</arg>
<arg>GW</arg>
<arg>GY</arg>
<arg>HK</arg>
<arg>HM</arg>
<arg>HN</arg>
<arg>HR</arg>
<arg>HT</arg>
<arg>HU</arg>
<arg>ID</arg>
<arg>IE</arg>
<arg>IL</arg>
<arg>IM</arg>
<arg>IN</arg>
<arg>IO</arg>
<arg>IQ</arg>
<arg>IR</arg>
<arg>IS</arg>
<arg>IT</arg>
<arg>JE</arg>
<arg>JM</arg>
<arg>JO</arg>
<arg>JP</arg>
<arg>KE</arg>
<arg>KG</arg>
<arg>KH</arg>
<arg>KI</arg>
<arg>KM</arg>
<arg>KN</arg>
<arg>KP</arg>
<arg>KR</arg>
<arg>KW</arg>
<arg>KY</arg>
<arg>KZ</arg>
<arg>LA</arg>
<arg>LB</arg>
<arg>LC</arg>
<arg>LI</arg>
<arg>LK</arg>
<arg>LR</arg>
<arg>LS</arg>
<arg>LT</arg>
<arg>LU</arg>
<arg>LV</arg>
<arg>LY</arg>
<arg>MA</arg>
<arg>MC</arg>
<arg>MD</arg>
<arg>ME</arg>
<arg>MF</arg>
<arg>MG</arg>
<arg>MH</arg>
<arg>MK</arg>
<arg>ML</arg>
<arg>MM</arg>
<arg>MN</arg>
<arg>MO</arg>
<arg>MP</arg>
<arg>MQ</arg>
<arg>MR</arg>
<arg>MS</arg>
<arg>MT</arg>
<arg>MU</arg>
<arg>MV</arg>
<arg>MW</arg>
<arg>MX</arg>
<arg>MY</arg>
<arg>MZ</arg>
<arg>NA</arg>
<arg>NC</arg>
<arg>NE</arg>
<arg>NF</arg>
<arg>NG</arg>
<arg>NI</arg>
<arg>NL</arg>
<arg>NO</arg>
<arg>NP</arg>
<arg>NR</arg>
<arg>NU</arg>
<arg>NZ</arg>
<arg>OM</arg>
<arg>PA</arg>
<arg>PE</arg>
<arg>PF</arg>
<arg>PG</arg>
<arg>PH</arg>
<arg>PK</arg>
<arg>PL</arg>
<arg>PM</arg>
<arg>PN</arg>
<arg>PR</arg>
<arg>PS</arg>
<arg>PT</arg>
<arg>PW</arg>
<arg>PY</arg>
<arg>QA</arg>
<arg>RE</arg>
<arg>RO</arg>
<arg>RS</arg>
<arg>RU</arg>
<arg>RW</arg>
<arg>SA</arg>
<arg>SB</arg>
<arg>SC</arg>
<arg>SD</arg>
<arg>SE</arg>
<arg>SG</arg>
<arg>SH</arg>
<arg>SI</arg>
<arg>SJ</arg>
<arg>SK</arg>
<arg>SL</arg>
<arg>SM</arg>
<arg>SN</arg>
<arg>SO</arg>
<arg>SR</arg>
<arg>SS</arg>
<arg>ST</arg>
<arg>SV</arg>
<arg>SX</arg>
<arg>SY</arg>
<arg>SZ</arg>
<arg>TC</arg>
<arg>TD</arg>
<arg>TF</arg>
<arg>TG</arg>
<arg>TH</arg>
<arg>TJ</arg>
<arg>TK</arg>
<arg>TL</arg>
<arg>TM</arg>
<arg>TN</arg>
<arg>TO</arg>
<arg>TR</arg>
<arg>TT</arg>
<arg>TV</arg>
<arg>TW</arg>
<arg>TZ</arg>
<arg>UA</arg>
<arg>UG</arg>
<arg>UM</arg>
<arg>US</arg>
<arg>UY</arg>
<arg>UZ</arg>
<arg>VA</arg>
<arg>VC</arg>
<arg>VE</arg>
<arg>VG</arg>
<arg>VI</arg>
<arg>VN</arg>
<arg>VU</arg>
<arg>WF</arg>
<arg>WS</arg>
<arg>XK</arg>
<arg>YE</arg>
<arg>YT</arg>
<arg>ZA</arg>
<arg>ZM</arg>
<arg>ZW</arg>
<doc>Returns a list containing given items.</doc>
<status status="PASS" start="2024-05-04T10:13:26.147630" elapsed="0.000616"/>
</kw>
<kw name="List Should Contain Value" owner="Collections">
<msg time="2024-05-04T10:13:26.149232" level="INFO">False</msg>
<arg>${list_country}</arg>
<arg>${name_country}</arg>
<doc>Fails if the ``value`` is not found from ``list``.</doc>
<status status="PASS" start="2024-05-04T10:13:26.149033" elapsed="0.000236"/>
</kw>
<kw name="Run Keyword If" owner="BuiltIn">
<kw name="Should Be True" owner="BuiltIn">
<arg>${True}</arg>
<doc>Fails if the given condition is not true.</doc>
<status status="PASS" start="2024-05-04T10:13:26.150370" elapsed="0.000164"/>
</kw>
<arg>${json_data["results"][0]["location"]["coordinates"]["latitude"]} &gt;= -90 and ${json_data["results"][0]["location"]["coordinates"]["latitude"]} &lt;= 90</arg>
<arg>Should Be True</arg>
<arg>${True}</arg>
<doc>Runs the given keyword with the given arguments, if ``condition`` is true.</doc>
<status status="PASS" start="2024-05-04T10:13:26.149585" elapsed="0.001078"/>
</kw>
<kw name="Run Keyword If" owner="BuiltIn">
<kw name="Should Be True" owner="BuiltIn">
<arg>${True}</arg>
<doc>Fails if the given condition is not true.</doc>
<status status="PASS" start="2024-05-04T10:13:26.151609" elapsed="0.000258"/>
</kw>
<arg>${json_data["results"][0]["location"]["coordinates"]["longitude"]} &gt;= -180 and ${json_data["results"][0]["location"]["coordinates"]["longitude"]} &lt;= 180</arg>
<arg>Should Be True</arg>
<arg>${True}</arg>
<doc>Runs the given keyword with the given arguments, if ``condition`` is true.</doc>
<status status="PASS" start="2024-05-04T10:13:26.150850" elapsed="0.001148"/>
</kw>
<status status="PASS" start="2024-05-04T10:13:26.038725" elapsed="0.113407"/>
</kw>
<doc>Testa o conteúdo específico dos campos retornados pela API.</doc>
<tag>testeConteudo</tag>
<status status="PASS" start="2024-05-04T10:13:26.038192" elapsed="0.114091"/>
</test>
<status status="PASS" start="2024-05-04T10:13:25.251390" elapsed="0.902883"/>
</suite>
<status status="PASS" start="2024-05-04T10:13:25.237729" elapsed="0.921732"/>
</suite>
<statistics>
<total>
<stat pass="5" fail="0" skip="0">All Tests</stat>
</total>
<tag>
<stat pass="1" fail="0" skip="0">testeConteudo</stat>
<stat pass="1" fail="0" skip="0">testeEstruturaResposta</stat>
<stat pass="1" fail="0" skip="0">testeRequisicaoBasica</stat>
<stat pass="1" fail="0" skip="0">testeTiposDados</stat>
</tag>
<suite>
<stat pass="5" fail="0" skip="0" id="s1" name="Tests">Tests</stat>
<stat pass="5" fail="0" skip="0" id="s1-s1" name="Random-User-Test">Tests.Random-User-Test</stat>
</suite>
</statistics>
<errors>
</errors>
</robot>
