<?xml version="1.0" encoding="UTF-8"?>
<robot generator="Robot 7.0 (Python 3.12.2 on linux)" generated="2024-04-01T03:14:55.309777" rpa="false" schemaversion="5">
<suite id="s1" name="Tests" source="/home/runner/work/DesafioQAItauRogerioJordao/DesafioQAItauRogerioJordao/RamdonUser/tests">
<suite id="s1-s1" name="Random-User-Test" source="/home/runner/work/DesafioQAItauRogerioJordao/DesafioQAItauRogerioJordao/RamdonUser/tests/random-user-test.robot">
<test id="s1-s1-t1" name="Conectar" line="13">
<kw name="Conectar API" owner="random-user-service">
<kw name="Create Session" owner="RequestsLibrary">
<msg time="2024-04-01T03:14:55.687765" level="INFO">Creating Session using : alias=consultarAPI, url=https://randomuser.me/, headers={},                     cookies={}, auth=None, timeout=None, proxies=None, verify=False,                     debug=0 </msg>
<arg>consultarAPI</arg>
<arg>${URL}</arg>
<doc>Create Session: create a HTTP session to a server</doc>
<status status="PASS" start="2024-04-01T03:14:55.687556" elapsed="0.000408"/>
</kw>
<status status="PASS" start="2024-04-01T03:14:55.686491" elapsed="0.001844"/>
</kw>
<status status="PASS" start="2024-04-01T03:14:55.685907" elapsed="0.002630"/>
</test>
<test id="s1-s1-t2" name="Validar retorno 200 e JSON Válido" line="16">
<kw name="Teste de Requisicao Basica" owner="random-user-service">
<kw name="GET On Session" owner="RequestsLibrary">
<msg time="2024-04-01T03:14:55.806192" level="INFO">GET Request : url=https://randomuser.me/api 
 path_url=/api 
 headers={'User-Agent': 'python-requests/2.31.0', 'Accept-Encoding': 'gzip, deflate', 'Accept': '*/*', 'Connection': 'keep-alive'} 
 body=None 
 </msg>
<msg time="2024-04-01T03:14:55.806369" level="INFO">GET Response : url=https://randomuser.me/api 
 status=200, reason=OK 
 headers={'Date': 'Mon, 01 Apr 2024 03:14:55 GMT', 'Content-Type': 'application/json; charset=utf-8', 'Transfer-Encoding': 'chunked', 'Connection': 'keep-alive', 'X-Powered-By': 'Express', 'Access-Control-Allow-Origin': '*', 'Cache-Control': 'no-cache', 'ETag': 'W/"485-dz4MOl6Sv5iM3TQO7Dp9LdlPszE"', 'Vary': 'Accept-Encoding', 'Content-Encoding': 'gzip', 'CF-Cache-Status': 'DYNAMIC', 'Report-To': '{"endpoints":[{"url":"https:\\/\\/a.nel.cloudflare.com\\/report\\/v4?s=Rt%2BPtmxjUFwv2ItgNCfgk0V3h0DXfjaW17kroTGNa%2B1i1yEAcNFA1zKYU2jMzBqY53AiQVacMpNz0hnnFtSKWjM457LK4%2BPqYpcK1wB6b%2FgMbOVL6b8Fu02fHnLFI9Dx"}],"group":"cf-nel","max_age":604800}', 'NEL': '{"success_fraction":0,"report_to":"cf-nel","max_age":604800}', 'Server': 'cloudflare', 'CF-RAY': '86d5696a4ab3e10c-ORD', 'alt-svc': 'h3=":443"; ma=86400'} 
 body={"results":[{"gender":"male","name":{"title":"Mr","first":"Vedat","last":"Okur"},"location":{"street":{"number":1377,"name":"Necatibey Cd"},"city":"Bayburt","state":"Kocaeli","country":"Turkey","postcode":98736,"coordinates":{"latitude":"68.1717","longitude":"-120.0658"},"timezone":{"offset":"+5:00","description":"Ekaterinburg, Islamabad, Karachi, Tashkent"}},"email":"vedat.okur@example.com","login":{"uuid":"faa28d8f-aeec-4c27-82da-dd862228fdd8","username":"ticklishmouse885","password":"brown1","salt":"Q45XWiDr","md5":"5bc1910f16f4f70e6850a4ebfdab0ff0","sha1":"6c95734939980dd610bf2af023bf9cd97aa73b4b","sha256":"652e0ce176789e83c68e5a0b1c365070a553b72d4c9073f9ecca86a60cfa6e50"},"dob":{"date":"1994-04-09T23:17:42.687Z","age":29},"registered":{"date":"2012-06-19T11:04:17.278Z","age":11},"phone":"(111)-598-8540","cell":"(282)-150-3478","id":{"name":"","value":null},"picture":{"large":"https://randomuser.me/api/portraits/men/39.jpg","medium":"https://randomuser.me/api/portraits/med/men/39.jpg","thumbnail":"https://randomuser.me/api/portraits/thumb/men/39.jpg"},"nat":"TR"}],"info":{"seed":"29dfde33c580571f","results":1,"page":1,"version":"1.4"}} 
 </msg>
<msg time="2024-04-01T03:14:55.806476" level="INFO">/opt/hostedtoolcache/Python/3.12.2/x64/lib/python3.12/site-packages/urllib3/connectionpool.py:1103: InsecureRequestWarning: Unverified HTTPS request is being made to host 'randomuser.me'. Adding certificate verification is strongly advised. See: https://urllib3.readthedocs.io/en/latest/advanced-usage.html#tls-warnings
  warnings.warn(</msg>
<msg time="2024-04-01T03:14:55.806622" level="INFO">${response} = &lt;Response [200]&gt;</msg>
<var>${response}</var>
<arg>consultarAPI</arg>
<arg>/api</arg>
<doc>Sends a GET request on a previously created HTTP Session.</doc>
<status status="PASS" start="2024-04-01T03:14:55.691120" elapsed="0.115543"/>
</kw>
<kw name="Should Be Equal As Numbers" owner="BuiltIn">
<msg time="2024-04-01T03:14:55.807708" level="INFO">Argument types are:
&lt;class 'int'&gt;
&lt;class 'str'&gt;</msg>
<arg>${response.status_code}</arg>
<arg>200</arg>
<doc>Fails if objects are unequal after converting them to real numbers.</doc>
<status status="PASS" start="2024-04-01T03:14:55.807233" elapsed="0.000544"/>
</kw>
<kw name="Log" owner="BuiltIn">
<msg time="2024-04-01T03:14:55.808462" level="INFO">200</msg>
<arg>${response.status_code}</arg>
<doc>Logs the given message with the given level.</doc>
<status status="PASS" start="2024-04-01T03:14:55.808099" elapsed="0.000407"/>
</kw>
<kw name="Set Variable" owner="BuiltIn">
<msg time="2024-04-01T03:14:55.809342" level="INFO">${json_data} = {'results': [{'gender': 'male', 'name': {'title': 'Mr', 'first': 'Vedat', 'last': 'Okur'}, 'location': {'street': {'number': 1377, 'name': 'Necatibey Cd'}, 'city': 'Bayburt', 'state': 'Kocaeli', 'coun...</msg>
<var>${json_data}</var>
<arg>${response.json()}</arg>
<doc>Returns the given values which can then be assigned to a variables.</doc>
<status status="PASS" start="2024-04-01T03:14:55.808881" elapsed="0.000489"/>
</kw>
<kw name="Dictionary Should Contain Key" owner="Collections">
<msg time="2024-04-01T03:14:55.809860" level="INFO">False</msg>
<arg>${json_data}</arg>
<arg>results</arg>
<doc>Fails if ``key`` is not found from ``dictionary``.</doc>
<status status="PASS" start="2024-04-01T03:14:55.809690" elapsed="0.000211"/>
</kw>
<status status="PASS" start="2024-04-01T03:14:55.690859" elapsed="0.119303"/>
</kw>
<doc>Testa se a API responde corretamente e retorna um objeto JSON válido.</doc>
<tag>testeRequisicaoBasica</tag>
<status status="PASS" start="2024-04-01T03:14:55.690382" elapsed="0.119974"/>
</test>
<test id="s1-s1-t3" name="Validar estrutura de resposta" line="22">
<kw name="Teste de Estrutura de Resposta" owner="random-user-service">
<kw name="GET On Session" owner="RequestsLibrary">
<msg time="2024-04-01T03:14:55.990612" level="INFO">GET Request : url=https://randomuser.me/api 
 path_url=/api 
 headers={'User-Agent': 'python-requests/2.31.0', 'Accept-Encoding': 'gzip, deflate', 'Accept': '*/*', 'Connection': 'keep-alive'} 
 body=None 
 </msg>
<msg time="2024-04-01T03:14:55.990724" level="INFO">GET Response : url=https://randomuser.me/api 
 status=200, reason=OK 
 headers={'Date': 'Mon, 01 Apr 2024 03:14:55 GMT', 'Content-Type': 'application/json; charset=utf-8', 'Transfer-Encoding': 'chunked', 'Connection': 'keep-alive', 'X-Powered-By': 'Express', 'Access-Control-Allow-Origin': '*', 'Cache-Control': 'no-cache', 'ETag': 'W/"49c-DGspJsTNIin75IFlMOFUo2ynhiY"', 'Vary': 'Accept-Encoding', 'Content-Encoding': 'gzip', 'CF-Cache-Status': 'DYNAMIC', 'Report-To': '{"endpoints":[{"url":"https:\\/\\/a.nel.cloudflare.com\\/report\\/v4?s=phvsStJ%2BtVU99hdRkcEoG%2B1LU3KW%2Fw3aGYW0WeFsZYmzn5TxFRybl269cSqf7FLbgr5uVSViJdIa64zflToI15SCgCHfnC%2FSTwcf%2F0ymV4OhNCsJZGw%2F6aSrxO1Tia%2FL"}],"group":"cf-nel","max_age":604800}', 'NEL': '{"success_fraction":0,"report_to":"cf-nel","max_age":604800}', 'Server': 'cloudflare', 'CF-RAY': '86d5696adb59e10c-ORD', 'alt-svc': 'h3=":443"; ma=86400'} 
 body={"results":[{"gender":"male","name":{"title":"Mr","first":"Ricardo","last":"Orosco"},"location":{"street":{"number":7191,"name":"Prolongación Anguiano"},"city":"Miraflores","state":"Yucatan","country":"Mexico","postcode":38574,"coordinates":{"latitude":"27.1888","longitude":"-93.0512"},"timezone":{"offset":"-3:00","description":"Brazil, Buenos Aires, Georgetown"}},"email":"ricardo.orosco@example.com","login":{"uuid":"da5bd8f5-9510-4827-9b8b-86ef02491aac","username":"orangepanda565","password":"polish","salt":"KweaIlDv","md5":"dfcfa7036571e3bb4d4e114fa006d518","sha1":"00b73826b53f0db80e49f4e180487efc40075c87","sha256":"bbe3d926238f500a90e5c9581d80713daccde5db8ea7ffcff582ccefc7168e9f"},"dob":{"date":"1969-04-27T06:18:44.065Z","age":54},"registered":{"date":"2020-01-24T11:18:24.745Z","age":4},"phone":"(601) 250 6685","cell":"(677) 949 4123","id":{"name":"NSS","value":"34 98 36 6720 8"},"picture":{"large":"https://randomuser.me/api/portraits/men/94.jpg","medium":"https://randomuser.me/api/portraits/med/men/94.jpg","thumbnail":"https://randomuser.me/api/portraits/thumb/men/94.jpg"},"nat":"MX"}],"info":{"seed":"208cf822fa685e5c","results":1,"page":1,"version":"1.4"}} 
 </msg>
<msg time="2024-04-01T03:14:55.990870" level="INFO">/opt/hostedtoolcache/Python/3.12.2/x64/lib/python3.12/site-packages/urllib3/connectionpool.py:1103: InsecureRequestWarning: Unverified HTTPS request is being made to host 'randomuser.me'. Adding certificate verification is strongly advised. See: https://urllib3.readthedocs.io/en/latest/advanced-usage.html#tls-warnings
  warnings.warn(</msg>
<msg time="2024-04-01T03:14:55.991008" level="INFO">${response} = &lt;Response [200]&gt;</msg>
<var>${response}</var>
<arg>consultarAPI</arg>
<arg>/api</arg>
<doc>Sends a GET request on a previously created HTTP Session.</doc>
<status status="PASS" start="2024-04-01T03:14:55.813172" elapsed="0.177876"/>
</kw>
<kw name="Set Variable" owner="BuiltIn">
<msg time="2024-04-01T03:14:55.992237" level="INFO">${json_data} = {'results': [{'gender': 'male', 'name': {'title': 'Mr', 'first': 'Ricardo', 'last': 'Orosco'}, 'location': {'street': {'number': 7191, 'name': 'Prolongación Anguiano'}, 'city': 'Miraflores', 'state': ...</msg>
<var>${json_data}</var>
<arg>${response.json()}</arg>
<doc>Returns the given values which can then be assigned to a variables.</doc>
<status status="PASS" start="2024-04-01T03:14:55.991664" elapsed="0.000602"/>
</kw>
<kw name="Log" owner="BuiltIn">
<msg time="2024-04-01T03:14:55.992748" level="INFO">{'results': [{'gender': 'male', 'name': {'title': 'Mr', 'first': 'Ricardo', 'last': 'Orosco'}, 'location': {'street': {'number': 7191, 'name': 'Prolongación Anguiano'}, 'city': 'Miraflores', 'state': 'Yucatan', 'country': 'Mexico', 'postcode': 38574, 'coordinates': {'latitude': '27.1888', 'longitude': '-93.0512'}, 'timezone': {'offset': '-3:00', 'description': 'Brazil, Buenos Aires, Georgetown'}}, 'email': 'ricardo.orosco@example.com', 'login': {'uuid': 'da5bd8f5-9510-4827-9b8b-86ef02491aac', 'username': 'orangepanda565', 'password': 'polish', 'salt': 'KweaIlDv', 'md5': 'dfcfa7036571e3bb4d4e114fa006d518', 'sha1': '00b73826b53f0db80e49f4e180487efc40075c87', 'sha256': 'bbe3d926238f500a90e5c9581d80713daccde5db8ea7ffcff582ccefc7168e9f'}, 'dob': {'date': '1969-04-27T06:18:44.065Z', 'age': 54}, 'registered': {'date': '2020-01-24T11:18:24.745Z', 'age': 4}, 'phone': '(601) 250 6685', 'cell': '(677) 949 4123', 'id': {'name': 'NSS', 'value': '34 98 36 6720 8'}, 'picture': {'large': 'https://randomuser.me/api/portraits/men/94.jpg', 'medium': 'https://randomuser.me/api/portraits/med/men/94.jpg', 'thumbnail': 'https://randomuser.me/api/portraits/thumb/men/94.jpg'}, 'nat': 'MX'}], 'info': {'seed': '208cf822fa685e5c', 'results': 1, 'page': 1, 'version': '1.4'}}</msg>
<arg>${json_data}</arg>
<doc>Logs the given message with the given level.</doc>
<status status="PASS" start="2024-04-01T03:14:55.992584" elapsed="0.000213"/>
</kw>
<kw name="Dictionary Should Contain Key" owner="Collections">
<msg time="2024-04-01T03:14:55.993330" level="INFO">False</msg>
<arg>${json_data}</arg>
<arg>results</arg>
<doc>Fails if ``key`` is not found from ``dictionary``.</doc>
<status status="PASS" start="2024-04-01T03:14:55.993169" elapsed="0.000199"/>
</kw>
<kw name="Should Not Be Empty" owner="BuiltIn">
<msg time="2024-04-01T03:14:55.993797" level="INFO">Length is 2.</msg>
<arg>${json_data}</arg>
<doc>Verifies that the given item is not empty.</doc>
<status status="PASS" start="2024-04-01T03:14:55.993663" elapsed="0.000172"/>
</kw>
<kw name="Create List" owner="BuiltIn">
<msg time="2024-04-01T03:14:55.994275" level="INFO">${expected_keys} = ['gender', 'name', 'location', 'email', 'login']</msg>
<var>${expected_keys}</var>
<arg>gender</arg>
<arg>name</arg>
<arg>location</arg>
<arg>email</arg>
<arg>login</arg>
<doc>Returns a list containing given items.</doc>
<status status="PASS" start="2024-04-01T03:14:55.994121" elapsed="0.000178"/>
</kw>
<for flavor="IN">
<iter>
<kw name="Dictionary Should Contain Key" owner="Collections">
<msg time="2024-04-01T03:14:55.995284" level="INFO">False</msg>
<arg>${json_data['results'][0]}</arg>
<arg>${key}</arg>
<doc>Fails if ``key`` is not found from ``dictionary``.</doc>
<status status="PASS" start="2024-04-01T03:14:55.994887" elapsed="0.000436"/>
</kw>
<kw name="Log" owner="BuiltIn">
<msg time="2024-04-01T03:14:55.995997" level="INFO">{'gender': 'male', 'name': {'title': 'Mr', 'first': 'Ricardo', 'last': 'Orosco'}, 'location': {'street': {'number': 7191, 'name': 'Prolongación Anguiano'}, 'city': 'Miraflores', 'state': 'Yucatan', 'country': 'Mexico', 'postcode': 38574, 'coordinates': {'latitude': '27.1888', 'longitude': '-93.0512'}, 'timezone': {'offset': '-3:00', 'description': 'Brazil, Buenos Aires, Georgetown'}}, 'email': 'ricardo.orosco@example.com', 'login': {'uuid': 'da5bd8f5-9510-4827-9b8b-86ef02491aac', 'username': 'orangepanda565', 'password': 'polish', 'salt': 'KweaIlDv', 'md5': 'dfcfa7036571e3bb4d4e114fa006d518', 'sha1': '00b73826b53f0db80e49f4e180487efc40075c87', 'sha256': 'bbe3d926238f500a90e5c9581d80713daccde5db8ea7ffcff582ccefc7168e9f'}, 'dob': {'date': '1969-04-27T06:18:44.065Z', 'age': 54}, 'registered': {'date': '2020-01-24T11:18:24.745Z', 'age': 4}, 'phone': '(601) 250 6685', 'cell': '(677) 949 4123', 'id': {'name': 'NSS', 'value': '34 98 36 6720 8'}, 'picture': {'large': 'https://randomuser.me/api/portraits/men/94.jpg', 'medium': 'https://randomuser.me/api/portraits/med/men/94.jpg', 'thumbnail': 'https://randomuser.me/api/portraits/thumb/men/94.jpg'}, 'nat': 'MX'}</msg>
<arg>${json_data['results'][0]}</arg>
<doc>Logs the given message with the given level.</doc>
<status status="PASS" start="2024-04-01T03:14:55.995626" elapsed="0.000426"/>
</kw>
<kw name="Log" owner="BuiltIn">
<msg time="2024-04-01T03:14:55.996482" level="INFO">gender</msg>
<arg>${key}</arg>
<doc>Logs the given message with the given level.</doc>
<status status="PASS" start="2024-04-01T03:14:55.996352" elapsed="0.000168"/>
</kw>
<var name="${key}">gender</var>
<status status="PASS" start="2024-04-01T03:14:55.994763" elapsed="0.001977"/>
</iter>
<iter>
<kw name="Dictionary Should Contain Key" owner="Collections">
<msg time="2024-04-01T03:14:55.997469" level="INFO">False</msg>
<arg>${json_data['results'][0]}</arg>
<arg>${key}</arg>
<doc>Fails if ``key`` is not found from ``dictionary``.</doc>
<status status="PASS" start="2024-04-01T03:14:55.997087" elapsed="0.000419"/>
</kw>
<kw name="Log" owner="BuiltIn">
<msg time="2024-04-01T03:14:55.998197" level="INFO">{'gender': 'male', 'name': {'title': 'Mr', 'first': 'Ricardo', 'last': 'Orosco'}, 'location': {'street': {'number': 7191, 'name': 'Prolongación Anguiano'}, 'city': 'Miraflores', 'state': 'Yucatan', 'country': 'Mexico', 'postcode': 38574, 'coordinates': {'latitude': '27.1888', 'longitude': '-93.0512'}, 'timezone': {'offset': '-3:00', 'description': 'Brazil, Buenos Aires, Georgetown'}}, 'email': 'ricardo.orosco@example.com', 'login': {'uuid': 'da5bd8f5-9510-4827-9b8b-86ef02491aac', 'username': 'orangepanda565', 'password': 'polish', 'salt': 'KweaIlDv', 'md5': 'dfcfa7036571e3bb4d4e114fa006d518', 'sha1': '00b73826b53f0db80e49f4e180487efc40075c87', 'sha256': 'bbe3d926238f500a90e5c9581d80713daccde5db8ea7ffcff582ccefc7168e9f'}, 'dob': {'date': '1969-04-27T06:18:44.065Z', 'age': 54}, 'registered': {'date': '2020-01-24T11:18:24.745Z', 'age': 4}, 'phone': '(601) 250 6685', 'cell': '(677) 949 4123', 'id': {'name': 'NSS', 'value': '34 98 36 6720 8'}, 'picture': {'large': 'https://randomuser.me/api/portraits/men/94.jpg', 'medium': 'https://randomuser.me/api/portraits/med/men/94.jpg', 'thumbnail': 'https://randomuser.me/api/portraits/thumb/men/94.jpg'}, 'nat': 'MX'}</msg>
<arg>${json_data['results'][0]}</arg>
<doc>Logs the given message with the given level.</doc>
<status status="PASS" start="2024-04-01T03:14:55.997836" elapsed="0.000410"/>
</kw>
<kw name="Log" owner="BuiltIn">
<msg time="2024-04-01T03:14:55.998672" level="INFO">name</msg>
<arg>${key}</arg>
<doc>Logs the given message with the given level.</doc>
<status status="PASS" start="2024-04-01T03:14:55.998544" elapsed="0.000166"/>
</kw>
<var name="${key}">name</var>
<status status="PASS" start="2024-04-01T03:14:55.996970" elapsed="0.001957"/>
</iter>
<iter>
<kw name="Dictionary Should Contain Key" owner="Collections">
<msg time="2024-04-01T03:14:55.999586" level="INFO">False</msg>
<arg>${json_data['results'][0]}</arg>
<arg>${key}</arg>
<doc>Fails if ``key`` is not found from ``dictionary``.</doc>
<status status="PASS" start="2024-04-01T03:14:55.999215" elapsed="0.000408"/>
</kw>
<kw name="Log" owner="BuiltIn">
<msg time="2024-04-01T03:14:56.000279" level="INFO">{'gender': 'male', 'name': {'title': 'Mr', 'first': 'Ricardo', 'last': 'Orosco'}, 'location': {'street': {'number': 7191, 'name': 'Prolongación Anguiano'}, 'city': 'Miraflores', 'state': 'Yucatan', 'country': 'Mexico', 'postcode': 38574, 'coordinates': {'latitude': '27.1888', 'longitude': '-93.0512'}, 'timezone': {'offset': '-3:00', 'description': 'Brazil, Buenos Aires, Georgetown'}}, 'email': 'ricardo.orosco@example.com', 'login': {'uuid': 'da5bd8f5-9510-4827-9b8b-86ef02491aac', 'username': 'orangepanda565', 'password': 'polish', 'salt': 'KweaIlDv', 'md5': 'dfcfa7036571e3bb4d4e114fa006d518', 'sha1': '00b73826b53f0db80e49f4e180487efc40075c87', 'sha256': 'bbe3d926238f500a90e5c9581d80713daccde5db8ea7ffcff582ccefc7168e9f'}, 'dob': {'date': '1969-04-27T06:18:44.065Z', 'age': 54}, 'registered': {'date': '2020-01-24T11:18:24.745Z', 'age': 4}, 'phone': '(601) 250 6685', 'cell': '(677) 949 4123', 'id': {'name': 'NSS', 'value': '34 98 36 6720 8'}, 'picture': {'large': 'https://randomuser.me/api/portraits/men/94.jpg', 'medium': 'https://randomuser.me/api/portraits/med/men/94.jpg', 'thumbnail': 'https://randomuser.me/api/portraits/thumb/men/94.jpg'}, 'nat': 'MX'}</msg>
<arg>${json_data['results'][0]}</arg>
<doc>Logs the given message with the given level.</doc>
<status status="PASS" start="2024-04-01T03:14:55.999923" elapsed="0.000410"/>
</kw>
<kw name="Log" owner="BuiltIn">
<msg time="2024-04-01T03:14:56.000752" level="INFO">location</msg>
<arg>${key}</arg>
<doc>Logs the given message with the given level.</doc>
<status status="PASS" start="2024-04-01T03:14:56.000625" elapsed="0.000164"/>
</kw>
<var name="${key}">location</var>
<status status="PASS" start="2024-04-01T03:14:55.999104" elapsed="0.001945"/>
</iter>
<iter>
<kw name="Dictionary Should Contain Key" owner="Collections">
<msg time="2024-04-01T03:14:56.001717" level="INFO">False</msg>
<arg>${json_data['results'][0]}</arg>
<arg>${key}</arg>
<doc>Fails if ``key`` is not found from ``dictionary``.</doc>
<status status="PASS" start="2024-04-01T03:14:56.001339" elapsed="0.000415"/>
</kw>
<kw name="Log" owner="BuiltIn">
<msg time="2024-04-01T03:14:56.002404" level="INFO">{'gender': 'male', 'name': {'title': 'Mr', 'first': 'Ricardo', 'last': 'Orosco'}, 'location': {'street': {'number': 7191, 'name': 'Prolongación Anguiano'}, 'city': 'Miraflores', 'state': 'Yucatan', 'country': 'Mexico', 'postcode': 38574, 'coordinates': {'latitude': '27.1888', 'longitude': '-93.0512'}, 'timezone': {'offset': '-3:00', 'description': 'Brazil, Buenos Aires, Georgetown'}}, 'email': 'ricardo.orosco@example.com', 'login': {'uuid': 'da5bd8f5-9510-4827-9b8b-86ef02491aac', 'username': 'orangepanda565', 'password': 'polish', 'salt': 'KweaIlDv', 'md5': 'dfcfa7036571e3bb4d4e114fa006d518', 'sha1': '00b73826b53f0db80e49f4e180487efc40075c87', 'sha256': 'bbe3d926238f500a90e5c9581d80713daccde5db8ea7ffcff582ccefc7168e9f'}, 'dob': {'date': '1969-04-27T06:18:44.065Z', 'age': 54}, 'registered': {'date': '2020-01-24T11:18:24.745Z', 'age': 4}, 'phone': '(601) 250 6685', 'cell': '(677) 949 4123', 'id': {'name': 'NSS', 'value': '34 98 36 6720 8'}, 'picture': {'large': 'https://randomuser.me/api/portraits/men/94.jpg', 'medium': 'https://randomuser.me/api/portraits/med/men/94.jpg', 'thumbnail': 'https://randomuser.me/api/portraits/thumb/men/94.jpg'}, 'nat': 'MX'}</msg>
<arg>${json_data['results'][0]}</arg>
<doc>Logs the given message with the given level.</doc>
<status status="PASS" start="2024-04-01T03:14:56.002049" elapsed="0.000405"/>
</kw>
<kw name="Log" owner="BuiltIn">
<msg time="2024-04-01T03:14:56.002868" level="INFO">email</msg>
<arg>${key}</arg>
<doc>Logs the given message with the given level.</doc>
<status status="PASS" start="2024-04-01T03:14:56.002743" elapsed="0.000162"/>
</kw>
<var name="${key}">email</var>
<status status="PASS" start="2024-04-01T03:14:56.001221" elapsed="0.001900"/>
</iter>
<iter>
<kw name="Dictionary Should Contain Key" owner="Collections">
<msg time="2024-04-01T03:14:56.003780" level="INFO">False</msg>
<arg>${json_data['results'][0]}</arg>
<arg>${key}</arg>
<doc>Fails if ``key`` is not found from ``dictionary``.</doc>
<status status="PASS" start="2024-04-01T03:14:56.003407" elapsed="0.000409"/>
</kw>
<kw name="Log" owner="BuiltIn">
<msg time="2024-04-01T03:14:56.004472" level="INFO">{'gender': 'male', 'name': {'title': 'Mr', 'first': 'Ricardo', 'last': 'Orosco'}, 'location': {'street': {'number': 7191, 'name': 'Prolongación Anguiano'}, 'city': 'Miraflores', 'state': 'Yucatan', 'country': 'Mexico', 'postcode': 38574, 'coordinates': {'latitude': '27.1888', 'longitude': '-93.0512'}, 'timezone': {'offset': '-3:00', 'description': 'Brazil, Buenos Aires, Georgetown'}}, 'email': 'ricardo.orosco@example.com', 'login': {'uuid': 'da5bd8f5-9510-4827-9b8b-86ef02491aac', 'username': 'orangepanda565', 'password': 'polish', 'salt': 'KweaIlDv', 'md5': 'dfcfa7036571e3bb4d4e114fa006d518', 'sha1': '00b73826b53f0db80e49f4e180487efc40075c87', 'sha256': 'bbe3d926238f500a90e5c9581d80713daccde5db8ea7ffcff582ccefc7168e9f'}, 'dob': {'date': '1969-04-27T06:18:44.065Z', 'age': 54}, 'registered': {'date': '2020-01-24T11:18:24.745Z', 'age': 4}, 'phone': '(601) 250 6685', 'cell': '(677) 949 4123', 'id': {'name': 'NSS', 'value': '34 98 36 6720 8'}, 'picture': {'large': 'https://randomuser.me/api/portraits/men/94.jpg', 'medium': 'https://randomuser.me/api/portraits/med/men/94.jpg', 'thumbnail': 'https://randomuser.me/api/portraits/thumb/men/94.jpg'}, 'nat': 'MX'}</msg>
<arg>${json_data['results'][0]}</arg>
<doc>Logs the given message with the given level.</doc>
<status status="PASS" start="2024-04-01T03:14:56.004105" elapsed="0.000415"/>
</kw>
<kw name="Log" owner="BuiltIn">
<msg time="2024-04-01T03:14:56.004967" level="INFO">login</msg>
<arg>${key}</arg>
<doc>Logs the given message with the given level.</doc>
<status status="PASS" start="2024-04-01T03:14:56.004809" elapsed="0.000300"/>
</kw>
<var name="${key}">login</var>
<status status="PASS" start="2024-04-01T03:14:56.003292" elapsed="0.002071"/>
</iter>
<var>${key}</var>
<value>@{expected_keys}</value>
<status status="PASS" start="2024-04-01T03:14:55.994569" elapsed="0.010919"/>
</for>
<kw name="Create List" owner="BuiltIn">
<msg time="2024-04-01T03:14:56.005818" level="INFO">${expected_keysTwo} = ['username', 'password']</msg>
<var>${expected_keysTwo}</var>
<arg>username</arg>
<arg>password</arg>
<doc>Returns a list containing given items.</doc>
<status status="PASS" start="2024-04-01T03:14:56.005681" elapsed="0.000161"/>
</kw>
<for flavor="IN">
<iter>
<kw name="Dictionary Should Contain Key" owner="Collections">
<msg time="2024-04-01T03:14:56.006711" level="INFO">False</msg>
<arg>${json_data['results'][0]['login']}</arg>
<arg>${keyTwo}</arg>
<doc>Fails if ``key`` is not found from ``dictionary``.</doc>
<status status="PASS" start="2024-04-01T03:14:56.006336" elapsed="0.000413"/>
</kw>
<kw name="Dictionary Should Contain Key" owner="Collections">
<msg time="2024-04-01T03:14:56.007435" level="INFO">False</msg>
<arg>${json_data['results'][0]['login']}</arg>
<arg>${keyTwo}</arg>
<doc>Fails if ``key`` is not found from ``dictionary``.</doc>
<status status="PASS" start="2024-04-01T03:14:56.007044" elapsed="0.000428"/>
</kw>
<kw name="Log" owner="BuiltIn">
<msg time="2024-04-01T03:14:56.007890" level="INFO">username</msg>
<arg>${keyTwo}</arg>
<doc>Logs the given message with the given level.</doc>
<status status="PASS" start="2024-04-01T03:14:56.007764" elapsed="0.000164"/>
</kw>
<var name="${keyTwo}">username</var>
<status status="PASS" start="2024-04-01T03:14:56.006225" elapsed="0.001914"/>
</iter>
<iter>
<kw name="Dictionary Should Contain Key" owner="Collections">
<msg time="2024-04-01T03:14:56.008789" level="INFO">False</msg>
<arg>${json_data['results'][0]['login']}</arg>
<arg>${keyTwo}</arg>
<doc>Fails if ``key`` is not found from ``dictionary``.</doc>
<status status="PASS" start="2024-04-01T03:14:56.008421" elapsed="0.000406"/>
</kw>
<kw name="Dictionary Should Contain Key" owner="Collections">
<msg time="2024-04-01T03:14:56.009530" level="INFO">False</msg>
<arg>${json_data['results'][0]['login']}</arg>
<arg>${keyTwo}</arg>
<doc>Fails if ``key`` is not found from ``dictionary``.</doc>
<status status="PASS" start="2024-04-01T03:14:56.009153" elapsed="0.000414"/>
</kw>
<kw name="Log" owner="BuiltIn">
<msg time="2024-04-01T03:14:56.009985" level="INFO">password</msg>
<arg>${keyTwo}</arg>
<doc>Logs the given message with the given level.</doc>
<status status="PASS" start="2024-04-01T03:14:56.009858" elapsed="0.000164"/>
</kw>
<var name="${keyTwo}">password</var>
<status status="PASS" start="2024-04-01T03:14:56.008311" elapsed="0.001924"/>
</iter>
<var>${keyTwo}</var>
<value>@{expected_keysTwo}</value>
<status status="PASS" start="2024-04-01T03:14:56.006076" elapsed="0.004279"/>
</for>
<status status="PASS" start="2024-04-01T03:14:55.812918" elapsed="0.197580"/>
</kw>
<doc>Testa a estrutura da resposta da API.</doc>
<tag>testeEstruturaResposta</tag>
<status status="PASS" start="2024-04-01T03:14:55.812195" elapsed="0.198468"/>
</test>
<test id="s1-s1-t4" name="Validar tipos de dados" line="28">
<kw name="Teste de Tipos de Dados" owner="random-user-service">
<kw name="GET On Session" owner="RequestsLibrary">
<msg time="2024-04-01T03:14:56.051787" level="INFO">GET Request : url=https://randomuser.me/api 
 path_url=/api 
 headers={'User-Agent': 'python-requests/2.31.0', 'Accept-Encoding': 'gzip, deflate', 'Accept': '*/*', 'Connection': 'keep-alive'} 
 body=None 
 </msg>
<msg time="2024-04-01T03:14:56.051868" level="INFO">GET Response : url=https://randomuser.me/api 
 status=200, reason=OK 
 headers={'Date': 'Mon, 01 Apr 2024 03:14:56 GMT', 'Content-Type': 'application/json; charset=utf-8', 'Transfer-Encoding': 'chunked', 'Connection': 'keep-alive', 'X-Powered-By': 'Express', 'Access-Control-Allow-Origin': '*', 'Cache-Control': 'no-cache', 'ETag': 'W/"497-B8HPTd+VL7/pHbpu2+IVqZMTH2s"', 'Vary': 'Accept-Encoding', 'Content-Encoding': 'gzip', 'CF-Cache-Status': 'DYNAMIC', 'Report-To': '{"endpoints":[{"url":"https:\\/\\/a.nel.cloudflare.com\\/report\\/v4?s=XDXViPxfPFfxXav6tfib%2B1%2FnNI8uAyT0EyJFXH1sEFnSV9Xy8oUHMxT49N6lkYaZuF4URGxmMyyxkqUGqSEesZ496M2rZuf1JqnwXvVBXOEwywXiHXfaWgBdmxBWoxnv"}],"group":"cf-nel","max_age":604800}', 'NEL': '{"success_fraction":0,"report_to":"cf-nel","max_age":604800}', 'Server': 'cloudflare', 'CF-RAY': '86d5696c1cafe10c-ORD', 'alt-svc': 'h3=":443"; ma=86400'} 
 body={"results":[{"gender":"female","name":{"title":"Mrs","first":"Amelia","last":"Fields"},"location":{"street":{"number":7976,"name":"Saddle Dr"},"city":"North Valley","state":"New Hampshire","country":"United States","postcode":85973,"coordinates":{"latitude":"89.1925","longitude":"36.0885"},"timezone":{"offset":"+2:00","description":"Kaliningrad, South Africa"}},"email":"amelia.fields@example.com","login":{"uuid":"0368cb98-d39a-475a-8810-2b2add218330","username":"angrydog744","password":"amazing","salt":"mMNExNpG","md5":"7f1a0a5e23179ecbec2d42f8d144716a","sha1":"83f90d26b56b7dcf5ce9b2dc14c87972aabd1607","sha256":"697e1acfdad31766fc99862f9caf3084fe89a30057597258e2cc828a059fd0df"},"dob":{"date":"1953-09-26T08:56:23.736Z","age":70},"registered":{"date":"2015-08-02T13:54:09.019Z","age":8},"phone":"(810) 612-0754","cell":"(657) 744-4350","id":{"name":"SSN","value":"403-44-3598"},"picture":{"large":"https://randomuser.me/api/portraits/women/81.jpg","medium":"https://randomuser.me/api/portraits/med/women/81.jpg","thumbnail":"https://randomuser.me/api/portraits/thumb/women/81.jpg"},"nat":"US"}],"info":{"seed":"3cde773fc1d75c65","results":1,"page":1,"version":"1.4"}} 
 </msg>
<msg time="2024-04-01T03:14:56.051927" level="INFO">/opt/hostedtoolcache/Python/3.12.2/x64/lib/python3.12/site-packages/urllib3/connectionpool.py:1103: InsecureRequestWarning: Unverified HTTPS request is being made to host 'randomuser.me'. Adding certificate verification is strongly advised. See: https://urllib3.readthedocs.io/en/latest/advanced-usage.html#tls-warnings
  warnings.warn(</msg>
<msg time="2024-04-01T03:14:56.052022" level="INFO">${response} = &lt;Response [200]&gt;</msg>
<var>${response}</var>
<arg>consultarAPI</arg>
<arg>/api</arg>
<doc>Sends a GET request on a previously created HTTP Session.</doc>
<status status="PASS" start="2024-04-01T03:14:56.013165" elapsed="0.038889"/>
</kw>
<kw name="Set Variable" owner="BuiltIn">
<msg time="2024-04-01T03:14:56.052997" level="INFO">${json_data} = {'results': [{'gender': 'female', 'name': {'title': 'Mrs', 'first': 'Amelia', 'last': 'Fields'}, 'location': {'street': {'number': 7976, 'name': 'Saddle Dr'}, 'city': 'North Valley', 'state': 'New Ham...</msg>
<var>${json_data}</var>
<arg>${response.json()}</arg>
<doc>Returns the given values which can then be assigned to a variables.</doc>
<status status="PASS" start="2024-04-01T03:14:56.052494" elapsed="0.000531"/>
</kw>
<kw name="Log" owner="BuiltIn">
<msg time="2024-04-01T03:14:56.053490" level="INFO">{'results': [{'gender': 'female', 'name': {'title': 'Mrs', 'first': 'Amelia', 'last': 'Fields'}, 'location': {'street': {'number': 7976, 'name': 'Saddle Dr'}, 'city': 'North Valley', 'state': 'New Hampshire', 'country': 'United States', 'postcode': 85973, 'coordinates': {'latitude': '89.1925', 'longitude': '36.0885'}, 'timezone': {'offset': '+2:00', 'description': 'Kaliningrad, South Africa'}}, 'email': 'amelia.fields@example.com', 'login': {'uuid': '0368cb98-d39a-475a-8810-2b2add218330', 'username': 'angrydog744', 'password': 'amazing', 'salt': 'mMNExNpG', 'md5': '7f1a0a5e23179ecbec2d42f8d144716a', 'sha1': '83f90d26b56b7dcf5ce9b2dc14c87972aabd1607', 'sha256': '697e1acfdad31766fc99862f9caf3084fe89a30057597258e2cc828a059fd0df'}, 'dob': {'date': '1953-09-26T08:56:23.736Z', 'age': 70}, 'registered': {'date': '2015-08-02T13:54:09.019Z', 'age': 8}, 'phone': '(810) 612-0754', 'cell': '(657) 744-4350', 'id': {'name': 'SSN', 'value': '403-44-3598'}, 'picture': {'large': 'https://randomuser.me/api/portraits/women/81.jpg', 'medium': 'https://randomuser.me/api/portraits/med/women/81.jpg', 'thumbnail': 'https://randomuser.me/api/portraits/thumb/women/81.jpg'}, 'nat': 'US'}], 'info': {'seed': '3cde773fc1d75c65', 'results': 1, 'page': 1, 'version': '1.4'}}</msg>
<arg>${json_data}</arg>
<doc>Logs the given message with the given level.</doc>
<status status="PASS" start="2024-04-01T03:14:56.053336" elapsed="0.000236"/>
</kw>
<kw name="Should Be String" owner="String">
<arg>${json_data['results'][0]['gender']}</arg>
<doc>Fails if the given ``item`` is not a string.</doc>
<status status="PASS" start="2024-04-01T03:14:56.053875" elapsed="0.000363"/>
</kw>
<kw name="Should Match Regexp" owner="BuiltIn">
<arg>${json_data['results'][0]['email']}</arg>
<arg>^[a-zA-Z0-9._%+-]+@[a-zA-Z0-9.-]+\.[a-zA-Z]{2,}$</arg>
<doc>Fails if ``string`` does not match ``pattern`` as a regular expression.</doc>
<status status="PASS" start="2024-04-01T03:14:56.054432" elapsed="0.000514"/>
</kw>
<kw name="Should Match Regexp" owner="BuiltIn">
<arg>${json_data['results'][0]['dob']['date']}</arg>
<arg>\\d{4}-\\d{2}-\\d{2}T\\d{2}:\\d{2}:\\d{2}\\.\\d{3}Z</arg>
<doc>Fails if ``string`` does not match ``pattern`` as a regular expression.</doc>
<status status="PASS" start="2024-04-01T03:14:56.055147" elapsed="0.000490"/>
</kw>
<kw name="Should Match Regexp" owner="BuiltIn">
<arg>${json_data['results'][0]['registered']['date']}</arg>
<arg>\\d{4}-\\d{2}-\\d{2}T\\d{2}:\\d{2}:\\d{2}\\.\\d{3}Z</arg>
<doc>Fails if ``string`` does not match ``pattern`` as a regular expression.</doc>
<status status="PASS" start="2024-04-01T03:14:56.055831" elapsed="0.000373"/>
</kw>
<kw name="Should Match Regexp" owner="BuiltIn">
<arg>${json_data['results'][0]['picture']['large']}</arg>
<arg>^https?://.*\.(?:png|jpe?g|gif|bmp)$</arg>
<doc>Fails if ``string`` does not match ``pattern`` as a regular expression.</doc>
<status status="PASS" start="2024-04-01T03:14:56.056393" elapsed="0.000487"/>
</kw>
<kw name="Should Match Regexp" owner="BuiltIn">
<arg>${json_data['results'][0]['picture']['medium']}</arg>
<arg>^https?://.*\.(?:png|jpe?g|gif|bmp)$</arg>
<doc>Fails if ``string`` does not match ``pattern`` as a regular expression.</doc>
<status status="PASS" start="2024-04-01T03:14:56.057080" elapsed="0.000365"/>
</kw>
<kw name="Should Match Regexp" owner="BuiltIn">
<arg>${json_data['results'][0]['picture']['thumbnail']}</arg>
<arg>^https?://.*\.(?:png|jpe?g|gif|bmp)$</arg>
<doc>Fails if ``string`` does not match ``pattern`` as a regular expression.</doc>
<status status="PASS" start="2024-04-01T03:14:56.057632" elapsed="0.000350"/>
</kw>
<kw name="Log" owner="BuiltIn">
<msg time="2024-04-01T03:14:56.058497" level="INFO">{'large': 'https://randomuser.me/api/portraits/women/81.jpg', 'medium': 'https://randomuser.me/api/portraits/med/women/81.jpg', 'thumbnail': 'https://randomuser.me/api/portraits/thumb/women/81.jpg'}</msg>
<arg>${json_data['results'][0]['picture']}</arg>
<doc>Logs the given message with the given level.</doc>
<status status="PASS" start="2024-04-01T03:14:56.058167" elapsed="0.000381"/>
</kw>
<status status="PASS" start="2024-04-01T03:14:56.012929" elapsed="0.045880"/>
</kw>
<kw name="Teste de Tipos de Dados - Postcode" owner="random-user-service">
<kw name="GET On Session" owner="RequestsLibrary">
<msg time="2024-04-01T03:14:56.155955" level="INFO">GET Request : url=https://randomuser.me/api 
 path_url=/api 
 headers={'User-Agent': 'python-requests/2.31.0', 'Accept-Encoding': 'gzip, deflate', 'Accept': '*/*', 'Connection': 'keep-alive'} 
 body=None 
 </msg>
<msg time="2024-04-01T03:14:56.156055" level="INFO">GET Response : url=https://randomuser.me/api 
 status=200, reason=OK 
 headers={'Date': 'Mon, 01 Apr 2024 03:14:56 GMT', 'Content-Type': 'application/json; charset=utf-8', 'Transfer-Encoding': 'chunked', 'Connection': 'keep-alive', 'X-Powered-By': 'Express', 'Access-Control-Allow-Origin': '*', 'Cache-Control': 'no-cache', 'ETag': 'W/"478-xmKs2Cq2YbodGW8wglG2megMgGU"', 'Vary': 'Accept-Encoding', 'Content-Encoding': 'gzip', 'CF-Cache-Status': 'DYNAMIC', 'Report-To': '{"endpoints":[{"url":"https:\\/\\/a.nel.cloudflare.com\\/report\\/v4?s=oZ4GLsXc2QAeE%2F21sQBVwazt%2BY3XmYXi0iHVPN7EvqslxuiQEdKeIHV2s%2FYJk8z%2F4AwD6Hnr7TSoZ7lTr66ltS%2B4EzgFfeVTQi8MRbcX1lHVVLv3%2FyhisAZ8Dw1d3Og3"}],"group":"cf-nel","max_age":604800}', 'NEL': '{"success_fraction":0,"report_to":"cf-nel","max_age":604800}', 'Server': 'cloudflare', 'CF-RAY': '86d5696c5d07e10c-ORD', 'alt-svc': 'h3=":443"; ma=86400'} 
 body={"results":[{"gender":"male","name":{"title":"Mr","first":"Pahal","last":"Almeida"},"location":{"street":{"number":2277,"name":"Coaker's Walk"},"city":"Guwahati","state":"Gujarat","country":"India","postcode":62097,"coordinates":{"latitude":"11.0484","longitude":"-5.0265"},"timezone":{"offset":"+6:00","description":"Almaty, Dhaka, Colombo"}},"email":"pahal.almeida@example.com","login":{"uuid":"a0c33559-fc56-425d-baec-d240122ed8e5","username":"tinypeacock867","password":"pharao","salt":"7UuziuY8","md5":"8227794c15988258dc7ac9369f1cd01d","sha1":"53e0f75574551327ad6f51fa9b35b305443b8b1b","sha256":"8333d00da9f29408c6955cf1ef92ed52e573d3eb385cafbf42d2b384ac4b5fcb"},"dob":{"date":"1954-03-04T14:18:31.426Z","age":70},"registered":{"date":"2007-07-02T12:52:21.549Z","age":16},"phone":"7118858344","cell":"9936485031","id":{"name":"UIDAI","value":"405961583077"},"picture":{"large":"https://randomuser.me/api/portraits/men/4.jpg","medium":"https://randomuser.me/api/portraits/med/men/4.jpg","thumbnail":"https://randomuser.me/api/portraits/thumb/men/4.jpg"},"nat":"IN"}],"info":{"seed":"86a6f8a9fd29b5fd","results":1,"page":1,"version":"1.4"}} 
 </msg>
<msg time="2024-04-01T03:14:56.156130" level="INFO">/opt/hostedtoolcache/Python/3.12.2/x64/lib/python3.12/site-packages/urllib3/connectionpool.py:1103: InsecureRequestWarning: Unverified HTTPS request is being made to host 'randomuser.me'. Adding certificate verification is strongly advised. See: https://urllib3.readthedocs.io/en/latest/advanced-usage.html#tls-warnings
  warnings.warn(</msg>
<msg time="2024-04-01T03:14:56.156248" level="INFO">${response} = &lt;Response [200]&gt;</msg>
<var>${response}</var>
<arg>consultarAPI</arg>
<arg>/api</arg>
<doc>Sends a GET request on a previously created HTTP Session.</doc>
<status status="PASS" start="2024-04-01T03:14:56.059421" elapsed="0.096864"/>
</kw>
<kw name="Set Variable" owner="BuiltIn">
<msg time="2024-04-01T03:14:56.157376" level="INFO">${json_data} = {'results': [{'gender': 'male', 'name': {'title': 'Mr', 'first': 'Pahal', 'last': 'Almeida'}, 'location': {'street': {'number': 2277, 'name': "Coaker's Walk"}, 'city': 'Guwahati', 'state': 'Gujarat', ...</msg>
<var>${json_data}</var>
<arg>${response.json()}</arg>
<doc>Returns the given values which can then be assigned to a variables.</doc>
<status status="PASS" start="2024-04-01T03:14:56.156804" elapsed="0.000601"/>
</kw>
<kw name="Log" owner="BuiltIn">
<msg time="2024-04-01T03:14:56.157872" level="INFO">{'results': [{'gender': 'male', 'name': {'title': 'Mr', 'first': 'Pahal', 'last': 'Almeida'}, 'location': {'street': {'number': 2277, 'name': "Coaker's Walk"}, 'city': 'Guwahati', 'state': 'Gujarat', 'country': 'India', 'postcode': 62097, 'coordinates': {'latitude': '11.0484', 'longitude': '-5.0265'}, 'timezone': {'offset': '+6:00', 'description': 'Almaty, Dhaka, Colombo'}}, 'email': 'pahal.almeida@example.com', 'login': {'uuid': 'a0c33559-fc56-425d-baec-d240122ed8e5', 'username': 'tinypeacock867', 'password': 'pharao', 'salt': '7UuziuY8', 'md5': '8227794c15988258dc7ac9369f1cd01d', 'sha1': '53e0f75574551327ad6f51fa9b35b305443b8b1b', 'sha256': '8333d00da9f29408c6955cf1ef92ed52e573d3eb385cafbf42d2b384ac4b5fcb'}, 'dob': {'date': '1954-03-04T14:18:31.426Z', 'age': 70}, 'registered': {'date': '2007-07-02T12:52:21.549Z', 'age': 16}, 'phone': '7118858344', 'cell': '9936485031', 'id': {'name': 'UIDAI', 'value': '405961583077'}, 'picture': {'large': 'https://randomuser.me/api/portraits/men/4.jpg', 'medium': 'https://randomuser.me/api/portraits/med/men/4.jpg', 'thumbnail': 'https://randomuser.me/api/portraits/thumb/men/4.jpg'}, 'nat': 'IN'}], 'info': {'seed': '86a6f8a9fd29b5fd', 'results': 1, 'page': 1, 'version': '1.4'}}</msg>
<arg>${json_data}</arg>
<doc>Logs the given message with the given level.</doc>
<status status="PASS" start="2024-04-01T03:14:56.157717" elapsed="0.000237"/>
</kw>
<kw name="Should Be Equal As Numbers" owner="BuiltIn">
<arg>${json_data['results'][0]['location']['postcode']}</arg>
<arg>${json_data['results'][0]['location']['postcode']}</arg>
<doc>Fails if objects are unequal after converting them to real numbers.</doc>
<status status="PASS" start="2024-04-01T03:14:56.158260" elapsed="0.000640"/>
</kw>
<kw name="Log" owner="BuiltIn">
<msg time="2024-04-01T03:14:56.159441" level="INFO">62097</msg>
<arg>${json_data['results'][0]['location']['postcode']}</arg>
<doc>Logs the given message with the given level.</doc>
<status status="PASS" start="2024-04-01T03:14:56.159096" elapsed="0.000387"/>
</kw>
<status status="PASS" start="2024-04-01T03:14:56.059041" elapsed="0.100697"/>
</kw>
<doc>Testa se os tipos de dados na resposta da API estão corretos.</doc>
<tag>testeTiposDados</tag>
<status status="PASS" start="2024-04-01T03:14:56.012422" elapsed="0.147491"/>
</test>
<test id="s1-s1-t5" name="Validar conteudo" line="35">
<kw name="Teste de Tipos de Conteudo" owner="random-user-service">
<kw name="GET On Session" owner="RequestsLibrary">
<msg time="2024-04-01T03:14:56.261023" level="INFO">GET Request : url=https://randomuser.me/api 
 path_url=/api 
 headers={'User-Agent': 'python-requests/2.31.0', 'Accept-Encoding': 'gzip, deflate', 'Accept': '*/*', 'Connection': 'keep-alive'} 
 body=None 
 </msg>
<msg time="2024-04-01T03:14:56.261136" level="INFO">GET Response : url=https://randomuser.me/api 
 status=200, reason=OK 
 headers={'Date': 'Mon, 01 Apr 2024 03:14:56 GMT', 'Content-Type': 'application/json; charset=utf-8', 'Transfer-Encoding': 'chunked', 'Connection': 'keep-alive', 'X-Powered-By': 'Express', 'Access-Control-Allow-Origin': '*', 'Cache-Control': 'no-cache', 'ETag': 'W/"491-0SnR2AL8zpa3GNzE9kg0dHIHj3o"', 'Vary': 'Accept-Encoding', 'Content-Encoding': 'gzip', 'CF-Cache-Status': 'DYNAMIC', 'Report-To': '{"endpoints":[{"url":"https:\\/\\/a.nel.cloudflare.com\\/report\\/v4?s=7KbLGi9Q%2BqFPfa6m2uqE6JZ7HqpfHmTYBvB4P8kLKxLXYlE%2FLSPhOR%2FC6VaETCBi0%2BTTAUUA3JBviGKDWO7HozeUgBkiUkvP3L00PBgTVzjVvl7tmtYkBJAiMOWmHDxs"}],"group":"cf-nel","max_age":604800}', 'NEL': '{"success_fraction":0,"report_to":"cf-nel","max_age":604800}', 'Server': 'cloudflare', 'CF-RAY': '86d5696d0de8e10c-ORD', 'alt-svc': 'h3=":443"; ma=86400'} 
 body={"results":[{"gender":"male","name":{"title":"Mr","first":"Ismael","last":"Ramos"},"location":{"street":{"number":3531,"name":"Avenida de Castilla"},"city":"Zaragoza","state":"Aragón","country":"Spain","postcode":59083,"coordinates":{"latitude":"-38.2305","longitude":"-85.1313"},"timezone":{"offset":"+8:00","description":"Beijing, Perth, Singapore, Hong Kong"}},"email":"ismael.ramos@example.com","login":{"uuid":"8cd51f18-f9eb-400e-99c4-631264cef2ea","username":"silverelephant437","password":"maximum","salt":"9L6Scb7J","md5":"b0da9869394757ce57408160dcc217a6","sha1":"124d10320e8fe10e89eebbf129230b3551ba083a","sha256":"76946805760413b2693f4ce8298fcc4dc44cfe5aacd4e422a8bcfcfb1a64f538"},"dob":{"date":"1956-05-05T01:12:48.142Z","age":67},"registered":{"date":"2003-08-09T22:12:33.063Z","age":20},"phone":"943-789-196","cell":"621-166-990","id":{"name":"DNI","value":"25773232-R"},"picture":{"large":"https://randomuser.me/api/portraits/men/18.jpg","medium":"https://randomuser.me/api/portraits/med/men/18.jpg","thumbnail":"https://randomuser.me/api/portraits/thumb/men/18.jpg"},"nat":"ES"}],"info":{"seed":"f794560c6c53d470","results":1,"page":1,"version":"1.4"}} 
 </msg>
<msg time="2024-04-01T03:14:56.261218" level="INFO">/opt/hostedtoolcache/Python/3.12.2/x64/lib/python3.12/site-packages/urllib3/connectionpool.py:1103: InsecureRequestWarning: Unverified HTTPS request is being made to host 'randomuser.me'. Adding certificate verification is strongly advised. See: https://urllib3.readthedocs.io/en/latest/advanced-usage.html#tls-warnings
  warnings.warn(</msg>
<msg time="2024-04-01T03:14:56.261348" level="INFO">${response} = &lt;Response [200]&gt;</msg>
<var>${response}</var>
<arg>consultarAPI</arg>
<arg>/api</arg>
<doc>Sends a GET request on a previously created HTTP Session.</doc>
<status status="PASS" start="2024-04-01T03:14:56.162486" elapsed="0.098902"/>
</kw>
<kw name="Set Variable" owner="BuiltIn">
<msg time="2024-04-01T03:14:56.262596" level="INFO">${json_data} = {'results': [{'gender': 'male', 'name': {'title': 'Mr', 'first': 'Ismael', 'last': 'Ramos'}, 'location': {'street': {'number': 3531, 'name': 'Avenida de Castilla'}, 'city': 'Zaragoza', 'state': 'Aragó...</msg>
<var>${json_data}</var>
<arg>${response.json()}</arg>
<doc>Returns the given values which can then be assigned to a variables.</doc>
<status status="PASS" start="2024-04-01T03:14:56.262035" elapsed="0.000591"/>
</kw>
<kw name="Set Variable" owner="BuiltIn">
<msg time="2024-04-01T03:14:56.263341" level="INFO">${name_title} = Mr</msg>
<var>${name_title}</var>
<arg>${json_data["results"][0]["name"]["title"]}</arg>
<doc>Returns the given values which can then be assigned to a variables.</doc>
<status status="PASS" start="2024-04-01T03:14:56.262945" elapsed="0.000421"/>
</kw>
<kw name="Create List" owner="BuiltIn">
<msg time="2024-04-01T03:14:56.263821" level="INFO">${allowed_titles} = ['Mr', 'Ms', 'Miss', 'Mrs', 'Madame', 'Monsieur']</msg>
<var>${allowed_titles}</var>
<arg>Mr</arg>
<arg>Ms</arg>
<arg>Miss</arg>
<arg>Mrs</arg>
<arg>Madame</arg>
<arg>Monsieur</arg>
<doc>Returns a list containing given items.</doc>
<status status="PASS" start="2024-04-01T03:14:56.263669" elapsed="0.000177"/>
</kw>
<kw name="List Should Contain Value" owner="Collections">
<msg time="2024-04-01T03:14:56.264332" level="INFO">False</msg>
<arg>${allowed_titles}</arg>
<arg>${name_title}</arg>
<doc>Fails if the ``value`` is not found from ``list``.</doc>
<status status="PASS" start="2024-04-01T03:14:56.264155" elapsed="0.000216"/>
</kw>
<kw name="Set Variable" owner="BuiltIn">
<msg time="2024-04-01T03:14:56.265101" level="INFO">${name_country} = ES</msg>
<var>${name_country}</var>
<arg>${json_data["results"][0]["nat"]}</arg>
<doc>Returns the given values which can then be assigned to a variables.</doc>
<status status="PASS" start="2024-04-01T03:14:56.264669" elapsed="0.000458"/>
</kw>
<kw name="Create List" owner="BuiltIn">
<msg time="2024-04-01T03:14:56.266038" level="INFO">${list_country} = ['AD', 'AE', 'AF', 'AG', 'AI', 'AL', 'AM', 'AO', 'AQ', 'AR', 'AS', 'AT', 'AU', 'AW', 'AX', 'AZ', 'BA', 'BB', 'BD', 'BE', 'BF', 'BG', 'BH', 'BI', 'BJ', 'BL', 'BM', 'BN', 'BO', 'BQ', 'BR', 'BS', 'BT', '...</msg>
<var>${list_country}</var>
<arg>AD</arg>
<arg>AE</arg>
<arg>AF</arg>
<arg>AG</arg>
<arg>AI</arg>
<arg>AL</arg>
<arg>AM</arg>
<arg>AO</arg>
<arg>AQ</arg>
<arg>AR</arg>
<arg>AS</arg>
<arg>AT</arg>
<arg>AU</arg>
<arg>AW</arg>
<arg>AX</arg>
<arg>AZ</arg>
<arg>BA</arg>
<arg>BB</arg>
<arg>BD</arg>
<arg>BE</arg>
<arg>BF</arg>
<arg>BG</arg>
<arg>BH</arg>
<arg>BI</arg>
<arg>BJ</arg>
<arg>BL</arg>
<arg>BM</arg>
<arg>BN</arg>
<arg>BO</arg>
<arg>BQ</arg>
<arg>BR</arg>
<arg>BS</arg>
<arg>BT</arg>
<arg>BV</arg>
<arg>BW</arg>
<arg>BY</arg>
<arg>BZ</arg>
<arg>CA</arg>
<arg>CC</arg>
<arg>CD</arg>
<arg>CF</arg>
<arg>CG</arg>
<arg>CH</arg>
<arg>CI</arg>
<arg>CK</arg>
<arg>CL</arg>
<arg>CM</arg>
<arg>CN</arg>
<arg>CO</arg>
<arg>CR</arg>
<arg>CU</arg>
<arg>CV</arg>
<arg>CW</arg>
<arg>CX</arg>
<arg>CY</arg>
<arg>CZ</arg>
<arg>DE</arg>
<arg>DJ</arg>
<arg>DK</arg>
<arg>DM</arg>
<arg>DO</arg>
<arg>DZ</arg>
<arg>EC</arg>
<arg>EE</arg>
<arg>EG</arg>
<arg>EH</arg>
<arg>ER</arg>
<arg>ES</arg>
<arg>ET</arg>
<arg>FI</arg>
<arg>FJ</arg>
<arg>FK</arg>
<arg>FM</arg>
<arg>FO</arg>
<arg>FR</arg>
<arg>GA</arg>
<arg>GB</arg>
<arg>GD</arg>
<arg>GE</arg>
<arg>GF</arg>
<arg>GG</arg>
<arg>GH</arg>
<arg>GI</arg>
<arg>GL</arg>
<arg>GM</arg>
<arg>GN</arg>
<arg>GP</arg>
<arg>GQ</arg>
<arg>GR</arg>
<arg>GS</arg>
<arg>GT</arg>
<arg>GU</arg>
<arg>GW</arg>
<arg>GY</arg>
<arg>HK</arg>
<arg>HM</arg>
<arg>HN</arg>
<arg>HR</arg>
<arg>HT</arg>
<arg>HU</arg>
<arg>ID</arg>
<arg>IE</arg>
<arg>IL</arg>
<arg>IM</arg>
<arg>IN</arg>
<arg>IO</arg>
<arg>IQ</arg>
<arg>IR</arg>
<arg>IS</arg>
<arg>IT</arg>
<arg>JE</arg>
<arg>JM</arg>
<arg>JO</arg>
<arg>JP</arg>
<arg>KE</arg>
<arg>KG</arg>
<arg>KH</arg>
<arg>KI</arg>
<arg>KM</arg>
<arg>KN</arg>
<arg>KP</arg>
<arg>KR</arg>
<arg>KW</arg>
<arg>KY</arg>
<arg>KZ</arg>
<arg>LA</arg>
<arg>LB</arg>
<arg>LC</arg>
<arg>LI</arg>
<arg>LK</arg>
<arg>LR</arg>
<arg>LS</arg>
<arg>LT</arg>
<arg>LU</arg>
<arg>LV</arg>
<arg>LY</arg>
<arg>MA</arg>
<arg>MC</arg>
<arg>MD</arg>
<arg>ME</arg>
<arg>MF</arg>
<arg>MG</arg>
<arg>MH</arg>
<arg>MK</arg>
<arg>ML</arg>
<arg>MM</arg>
<arg>MN</arg>
<arg>MO</arg>
<arg>MP</arg>
<arg>MQ</arg>
<arg>MR</arg>
<arg>MS</arg>
<arg>MT</arg>
<arg>MU</arg>
<arg>MV</arg>
<arg>MW</arg>
<arg>MX</arg>
<arg>MY</arg>
<arg>MZ</arg>
<arg>NA</arg>
<arg>NC</arg>
<arg>NE</arg>
<arg>NF</arg>
<arg>NG</arg>
<arg>NI</arg>
<arg>NL</arg>
<arg>NO</arg>
<arg>NP</arg>
<arg>NR</arg>
<arg>NU</arg>
<arg>NZ</arg>
<arg>OM</arg>
<arg>PA</arg>
<arg>PE</arg>
<arg>PF</arg>
<arg>PG</arg>
<arg>PH</arg>
<arg>PK</arg>
<arg>PL</arg>
<arg>PM</arg>
<arg>PN</arg>
<arg>PR</arg>
<arg>PS</arg>
<arg>PT</arg>
<arg>PW</arg>
<arg>PY</arg>
<arg>QA</arg>
<arg>RE</arg>
<arg>RO</arg>
<arg>RS</arg>
<arg>RU</arg>
<arg>RW</arg>
<arg>SA</arg>
<arg>SB</arg>
<arg>SC</arg>
<arg>SD</arg>
<arg>SE</arg>
<arg>SG</arg>
<arg>SH</arg>
<arg>SI</arg>
<arg>SJ</arg>
<arg>SK</arg>
<arg>SL</arg>
<arg>SM</arg>
<arg>SN</arg>
<arg>SO</arg>
<arg>SR</arg>
<arg>SS</arg>
<arg>ST</arg>
<arg>SV</arg>
<arg>SX</arg>
<arg>SY</arg>
<arg>SZ</arg>
<arg>TC</arg>
<arg>TD</arg>
<arg>TF</arg>
<arg>TG</arg>
<arg>TH</arg>
<arg>TJ</arg>
<arg>TK</arg>
<arg>TL</arg>
<arg>TM</arg>
<arg>TN</arg>
<arg>TO</arg>
<arg>TR</arg>
<arg>TT</arg>
<arg>TV</arg>
<arg>TW</arg>
<arg>TZ</arg>
<arg>UA</arg>
<arg>UG</arg>
<arg>UM</arg>
<arg>US</arg>
<arg>UY</arg>
<arg>UZ</arg>
<arg>VA</arg>
<arg>VC</arg>
<arg>VE</arg>
<arg>VG</arg>
<arg>VI</arg>
<arg>VN</arg>
<arg>VU</arg>
<arg>WF</arg>
<arg>WS</arg>
<arg>XK</arg>
<arg>YE</arg>
<arg>YT</arg>
<arg>ZA</arg>
<arg>ZM</arg>
<arg>ZW</arg>
<doc>Returns a list containing given items.</doc>
<status status="PASS" start="2024-04-01T03:14:56.265440" elapsed="0.000624"/>
</kw>
<kw name="List Should Contain Value" owner="Collections">
<msg time="2024-04-01T03:14:56.267212" level="INFO">False</msg>
<arg>${list_country}</arg>
<arg>${name_country}</arg>
<doc>Fails if the ``value`` is not found from ``list``.</doc>
<status status="PASS" start="2024-04-01T03:14:56.267006" elapsed="0.000245"/>
</kw>
<kw name="Run Keyword If" owner="BuiltIn">
<kw name="Should Be True" owner="BuiltIn">
<arg>${True}</arg>
<doc>Fails if the given condition is not true.</doc>
<status status="PASS" start="2024-04-01T03:14:56.268333" elapsed="0.000148"/>
</kw>
<arg>${json_data["results"][0]["location"]["coordinates"]["latitude"]} &gt;= -90 and ${json_data["results"][0]["location"]["coordinates"]["latitude"]} &lt;= 90</arg>
<arg>Should Be True</arg>
<arg>${True}</arg>
<doc>Runs the given keyword with the given arguments, if ``condition`` is true.</doc>
<status status="PASS" start="2024-04-01T03:14:56.267568" elapsed="0.001044"/>
</kw>
<kw name="Run Keyword If" owner="BuiltIn">
<kw name="Should Be True" owner="BuiltIn">
<arg>${True}</arg>
<doc>Fails if the given condition is not true.</doc>
<status status="PASS" start="2024-04-01T03:14:56.269560" elapsed="0.000144"/>
</kw>
<arg>${json_data["results"][0]["location"]["coordinates"]["longitude"]} &gt;= -180 and ${json_data["results"][0]["location"]["coordinates"]["longitude"]} &lt;= 180</arg>
<arg>Should Be True</arg>
<arg>${True}</arg>
<doc>Runs the given keyword with the given arguments, if ``condition`` is true.</doc>
<status status="PASS" start="2024-04-01T03:14:56.268802" elapsed="0.001031"/>
</kw>
<status status="PASS" start="2024-04-01T03:14:56.162252" elapsed="0.107717"/>
</kw>
<doc>Testa o conteúdo específico dos campos retornados pela API.</doc>
<tag>testeConteudo</tag>
<status status="PASS" start="2024-04-01T03:14:56.161734" elapsed="0.108395"/>
</test>
<status status="PASS" start="2024-04-01T03:14:55.364820" elapsed="0.907314"/>
</suite>
<status status="PASS" start="2024-04-01T03:14:55.350110" elapsed="0.927464"/>
</suite>
<statistics>
<total>
<stat pass="5" fail="0" skip="0">All Tests</stat>
</total>
<tag>
<stat pass="1" fail="0" skip="0">testeConteudo</stat>
<stat pass="1" fail="0" skip="0">testeEstruturaResposta</stat>
<stat pass="1" fail="0" skip="0">testeRequisicaoBasica</stat>
<stat pass="1" fail="0" skip="0">testeTiposDados</stat>
</tag>
<suite>
<stat pass="5" fail="0" skip="0" id="s1" name="Tests">Tests</stat>
<stat pass="5" fail="0" skip="0" id="s1-s1" name="Random-User-Test">Tests.Random-User-Test</stat>
</suite>
</statistics>
<errors>
</errors>
</robot>
