<?xml version="1.0" encoding="UTF-8"?>
<robot generator="Robot 7.0.1 (Python 3.12.3 on linux)" generated="2024-06-15T18:19:33.917833" rpa="false" schemaversion="5">
<suite id="s1" name="Tests" source="/home/runner/work/ApiRandomUser/ApiRandomUser/RamdonUser/tests">
<suite id="s1-s1" name="Random-User-Test" source="/home/runner/work/ApiRandomUser/ApiRandomUser/RamdonUser/tests/random-user-test.robot">
<test id="s1-s1-t1" name="Conectar" line="13">
<kw name="Conectar API" owner="random-user-service">
<kw name="Create Session" owner="RequestsLibrary">
<msg time="2024-06-15T18:19:34.330343" level="INFO">Creating Session using : alias=consultarAPI, url=https://randomuser.me/, headers={},                     cookies={}, auth=None, timeout=None, proxies=None, verify=False,                     debug=0 </msg>
<arg>consultarAPI</arg>
<arg>${URL}</arg>
<doc>Create Session: create a HTTP session to a server</doc>
<status status="PASS" start="2024-06-15T18:19:34.330149" elapsed="0.000369"/>
</kw>
<status status="PASS" start="2024-06-15T18:19:34.329119" elapsed="0.001754"/>
</kw>
<status status="PASS" start="2024-06-15T18:19:34.328595" elapsed="0.002470"/>
</test>
<test id="s1-s1-t2" name="Validar retorno 200 e JSON Válido" line="16">
<kw name="Teste de Requisicao Basica" owner="random-user-service">
<kw name="GET On Session" owner="RequestsLibrary">
<msg time="2024-06-15T18:19:34.538558" level="INFO">GET Request : url=https://randomuser.me/api 
 path_url=/api 
 headers={'User-Agent': 'python-requests/2.32.3', 'Accept-Encoding': 'gzip, deflate', 'Accept': '*/*', 'Connection': 'keep-alive'} 
 body=None 
 </msg>
<msg time="2024-06-15T18:19:34.538722" level="INFO">GET Response : url=https://randomuser.me/api 
 status=200, reason=OK 
 headers={'Date': 'Sat, 15 Jun 2024 18:19:34 GMT', 'Content-Type': 'application/json; charset=utf-8', 'Transfer-Encoding': 'chunked', 'Connection': 'keep-alive', 'X-Powered-By': 'Express', 'Access-Control-Allow-Origin': '*', 'Cache-Control': 'no-cache', 'ETag': 'W/"497-GlqorXB0fGHFuzMO3MxCBr6BiwM"', 'Vary': 'Accept-Encoding', 'Content-Encoding': 'gzip', 'CF-Cache-Status': 'DYNAMIC', 'Report-To': '{"endpoints":[{"url":"https:\\/\\/a.nel.cloudflare.com\\/report\\/v4?s=HrWDwb%2FLQWRDi7G3Uuo%2B3Ja5SXrYDaLPr0%2B7%2B4vhlR9d35LdHdCRKMMZEI35M%2F15Vq8mIwjZJtb4mXLfNc%2BF1kSGpSViRwpQ4MVt1mkbMxtf1WxmMYF%2BTWkD947OIwwz"}],"group":"cf-nel","max_age":604800}', 'NEL': '{"success_fraction":0,"report_to":"cf-nel","max_age":604800}', 'Server': 'cloudflare', 'CF-RAY': '894491b46ed78015-IAD', 'alt-svc': 'h3=":443"; ma=86400'} 
 body={"results":[{"gender":"female","name":{"title":"Mrs","first":"Charlotte","last":"Watkins"},"location":{"street":{"number":4398,"name":"Grafton Street"},"city":"Cashel","state":"Cork City","country":"Ireland","postcode":79879,"coordinates":{"latitude":"-1.5530","longitude":"76.6029"},"timezone":{"offset":"-3:00","description":"Brazil, Buenos Aires, Georgetown"}},"email":"charlotte.watkins@example.com","login":{"uuid":"3f657332-c94a-43f2-b183-7928d942505a","username":"blueladybug638","password":"katie1","salt":"KtPl0iEg","md5":"b7c9d656a7507b3ede0ffcdb1bce656c","sha1":"f50850060de51f3fcdd3066fc9298b89fde350dc","sha256":"b1e2b0dcab08910a82ad20854b496d3bb4c56ee8f8e79a09c79112fbdf303602"},"dob":{"date":"1952-02-05T02:49:38.860Z","age":72},"registered":{"date":"2013-01-07T01:43:32.480Z","age":11},"phone":"051-213-0368","cell":"081-439-3037","id":{"name":"PPS","value":"3769087T"},"picture":{"large":"https://randomuser.me/api/portraits/women/81.jpg","medium":"https://randomuser.me/api/portraits/med/women/81.jpg","thumbnail":"https://randomuser.me/api/portraits/thumb/women/81.jpg"},"nat":"IE"}],"info":{"seed":"45cf86c6c5e15283","results":1,"page":1,"version":"1.4"}} 
 </msg>
<msg time="2024-06-15T18:19:34.538813" level="INFO">/opt/hostedtoolcache/Python/3.12.3/x64/lib/python3.12/site-packages/urllib3/connectionpool.py:1103: InsecureRequestWarning: Unverified HTTPS request is being made to host 'randomuser.me'. Adding certificate verification is strongly advised. See: https://urllib3.readthedocs.io/en/latest/advanced-usage.html#tls-warnings
  warnings.warn(</msg>
<msg time="2024-06-15T18:19:34.538983" level="INFO">${response} = &lt;Response [200]&gt;</msg>
<var>${response}</var>
<arg>consultarAPI</arg>
<arg>/api</arg>
<doc>Sends a GET request on a previously created HTTP Session.</doc>
<status status="PASS" start="2024-06-15T18:19:34.333647" elapsed="0.205386"/>
</kw>
<kw name="Should Be Equal As Numbers" owner="BuiltIn">
<msg time="2024-06-15T18:19:34.540157" level="INFO">Argument types are:
&lt;class 'int'&gt;
&lt;class 'str'&gt;</msg>
<arg>${response.status_code}</arg>
<arg>200</arg>
<doc>Fails if objects are unequal after converting them to real numbers.</doc>
<status status="PASS" start="2024-06-15T18:19:34.539680" elapsed="0.000542"/>
</kw>
<kw name="Log" owner="BuiltIn">
<msg time="2024-06-15T18:19:34.540896" level="INFO">200</msg>
<arg>${response.status_code}</arg>
<doc>Logs the given message with the given level.</doc>
<status status="PASS" start="2024-06-15T18:19:34.540554" elapsed="0.000391"/>
</kw>
<kw name="Set Variable" owner="BuiltIn">
<msg time="2024-06-15T18:19:34.541677" level="INFO">${json_data} = {'results': [{'gender': 'female', 'name': {'title': 'Mrs', 'first': 'Charlotte', 'last': 'Watkins'}, 'location': {'street': {'number': 4398, 'name': 'Grafton Street'}, 'city': 'Cashel', 'state': 'Cork...</msg>
<var>${json_data}</var>
<arg>${response.json()}</arg>
<doc>Returns the given values which can then be assigned to a variables.</doc>
<status status="PASS" start="2024-06-15T18:19:34.541249" elapsed="0.000457"/>
</kw>
<kw name="Dictionary Should Contain Key" owner="Collections">
<arg>${json_data}</arg>
<arg>results</arg>
<doc>Fails if ``key`` is not found from ``dictionary``.</doc>
<status status="PASS" start="2024-06-15T18:19:34.542006" elapsed="0.000164"/>
</kw>
<status status="PASS" start="2024-06-15T18:19:34.333413" elapsed="0.208921"/>
</kw>
<doc>Testa se a API responde corretamente e retorna um objeto JSON válido.</doc>
<tag>testeRequisicaoBasica</tag>
<status status="PASS" start="2024-06-15T18:19:34.332960" elapsed="0.209547"/>
</test>
<test id="s1-s1-t3" name="Validar estrutura de resposta" line="22">
<kw name="Teste de Estrutura de Resposta" owner="random-user-service">
<kw name="GET On Session" owner="RequestsLibrary">
<msg time="2024-06-15T18:19:34.607870" level="INFO">GET Request : url=https://randomuser.me/api 
 path_url=/api 
 headers={'User-Agent': 'python-requests/2.32.3', 'Accept-Encoding': 'gzip, deflate', 'Accept': '*/*', 'Connection': 'keep-alive'} 
 body=None 
 </msg>
<msg time="2024-06-15T18:19:34.607973" level="INFO">GET Response : url=https://randomuser.me/api 
 status=200, reason=OK 
 headers={'Date': 'Sat, 15 Jun 2024 18:19:34 GMT', 'Content-Type': 'application/json; charset=utf-8', 'Transfer-Encoding': 'chunked', 'Connection': 'keep-alive', 'X-Powered-By': 'Express', 'Access-Control-Allow-Origin': '*', 'Cache-Control': 'no-cache', 'ETag': 'W/"499-zJ1XMlXeW7fk3Yl28njG7a5AjBs"', 'Vary': 'Accept-Encoding', 'Content-Encoding': 'gzip', 'CF-Cache-Status': 'DYNAMIC', 'Report-To': '{"endpoints":[{"url":"https:\\/\\/a.nel.cloudflare.com\\/report\\/v4?s=TPYV7sQMmcQlVGDgol%2FuRYW0%2BrKwHNKWPOdln9sPUT%2FS%2BCHycBmehYLXF8i1mLUS%2BR0sTALYJII48lgUaeD9iGtJTX7hYnlBrGrHffAmTdDnnzfBeTnQYzZX4F00VdwF"}],"group":"cf-nel","max_age":604800}', 'NEL': '{"success_fraction":0,"report_to":"cf-nel","max_age":604800}', 'Server': 'cloudflare', 'CF-RAY': '894491b4ef8a8015-IAD', 'alt-svc': 'h3=":443"; ma=86400'} 
 body={"results":[{"gender":"female","name":{"title":"Mrs","first":"Kaya","last":"Nordstrand"},"location":{"street":{"number":1052,"name":"Ole Brumms vei"},"city":"Reinsvoll","state":"Buskerud","country":"Norway","postcode":"4703","coordinates":{"latitude":"40.9055","longitude":"149.5079"},"timezone":{"offset":"+11:00","description":"Magadan, Solomon Islands, New Caledonia"}},"email":"kaya.nordstrand@example.com","login":{"uuid":"79af1a92-ba47-4a96-81cd-7549fc8e3225","username":"smallladybug399","password":"sassy1","salt":"QrEOIAFf","md5":"39d1e690a810a286be7ecd70a6ea12f6","sha1":"0ea3b947972b97b4b5903bcb943bdeb74b89d00c","sha256":"aabf5b87584ec236484e2d519be66f17beeb37ec99296343605a0b8536a4bcd6"},"dob":{"date":"1959-09-11T10:38:58.879Z","age":64},"registered":{"date":"2013-09-03T20:23:57.480Z","age":10},"phone":"75811136","cell":"91420929","id":{"name":"FN","value":"11095942859"},"picture":{"large":"https://randomuser.me/api/portraits/women/94.jpg","medium":"https://randomuser.me/api/portraits/med/women/94.jpg","thumbnail":"https://randomuser.me/api/portraits/thumb/women/94.jpg"},"nat":"NO"}],"info":{"seed":"6f91b2c6e2c8f571","results":1,"page":1,"version":"1.4"}} 
 </msg>
<msg time="2024-06-15T18:19:34.608136" level="INFO">/opt/hostedtoolcache/Python/3.12.3/x64/lib/python3.12/site-packages/urllib3/connectionpool.py:1103: InsecureRequestWarning: Unverified HTTPS request is being made to host 'randomuser.me'. Adding certificate verification is strongly advised. See: https://urllib3.readthedocs.io/en/latest/advanced-usage.html#tls-warnings
  warnings.warn(</msg>
<msg time="2024-06-15T18:19:34.608262" level="INFO">${response} = &lt;Response [200]&gt;</msg>
<var>${response}</var>
<arg>consultarAPI</arg>
<arg>/api</arg>
<doc>Sends a GET request on a previously created HTTP Session.</doc>
<status status="PASS" start="2024-06-15T18:19:34.545468" elapsed="0.062837"/>
</kw>
<kw name="Set Variable" owner="BuiltIn">
<msg time="2024-06-15T18:19:34.609432" level="INFO">${json_data} = {'results': [{'gender': 'female', 'name': {'title': 'Mrs', 'first': 'Kaya', 'last': 'Nordstrand'}, 'location': {'street': {'number': 1052, 'name': 'Ole Brumms vei'}, 'city': 'Reinsvoll', 'state': 'Bus...</msg>
<var>${json_data}</var>
<arg>${response.json()}</arg>
<doc>Returns the given values which can then be assigned to a variables.</doc>
<status status="PASS" start="2024-06-15T18:19:34.608866" elapsed="0.000595"/>
</kw>
<kw name="Log" owner="BuiltIn">
<msg time="2024-06-15T18:19:34.609931" level="INFO">{'results': [{'gender': 'female', 'name': {'title': 'Mrs', 'first': 'Kaya', 'last': 'Nordstrand'}, 'location': {'street': {'number': 1052, 'name': 'Ole Brumms vei'}, 'city': 'Reinsvoll', 'state': 'Buskerud', 'country': 'Norway', 'postcode': '4703', 'coordinates': {'latitude': '40.9055', 'longitude': '149.5079'}, 'timezone': {'offset': '+11:00', 'description': 'Magadan, Solomon Islands, New Caledonia'}}, 'email': 'kaya.nordstrand@example.com', 'login': {'uuid': '79af1a92-ba47-4a96-81cd-7549fc8e3225', 'username': 'smallladybug399', 'password': 'sassy1', 'salt': 'QrEOIAFf', 'md5': '39d1e690a810a286be7ecd70a6ea12f6', 'sha1': '0ea3b947972b97b4b5903bcb943bdeb74b89d00c', 'sha256': 'aabf5b87584ec236484e2d519be66f17beeb37ec99296343605a0b8536a4bcd6'}, 'dob': {'date': '1959-09-11T10:38:58.879Z', 'age': 64}, 'registered': {'date': '2013-09-03T20:23:57.480Z', 'age': 10}, 'phone': '75811136', 'cell': '91420929', 'id': {'name': 'FN', 'value': '11095942859'}, 'picture': {'large': 'https://randomuser.me/api/portraits/women/94.jpg', 'medium': 'https://randomuser.me/api/portraits/med/women/94.jpg', 'thumbnail': 'https://randomuser.me/api/portraits/thumb/women/94.jpg'}, 'nat': 'NO'}], 'info': {'seed': '6f91b2c6e2c8f571', 'results': 1, 'page': 1, 'version': '1.4'}}</msg>
<arg>${json_data}</arg>
<doc>Logs the given message with the given level.</doc>
<status status="PASS" start="2024-06-15T18:19:34.609773" elapsed="0.000205"/>
</kw>
<kw name="Dictionary Should Contain Key" owner="Collections">
<arg>${json_data}</arg>
<arg>results</arg>
<doc>Fails if ``key`` is not found from ``dictionary``.</doc>
<status status="PASS" start="2024-06-15T18:19:34.610275" elapsed="0.000158"/>
</kw>
<kw name="Should Not Be Empty" owner="BuiltIn">
<msg time="2024-06-15T18:19:34.610739" level="INFO">Length is 2.</msg>
<arg>${json_data}</arg>
<doc>Verifies that the given item is not empty.</doc>
<status status="PASS" start="2024-06-15T18:19:34.610615" elapsed="0.000162"/>
</kw>
<kw name="Create List" owner="BuiltIn">
<msg time="2024-06-15T18:19:34.611210" level="INFO">${expected_keys} = ['gender', 'name', 'location', 'email', 'login']</msg>
<var>${expected_keys}</var>
<arg>gender</arg>
<arg>name</arg>
<arg>location</arg>
<arg>email</arg>
<arg>login</arg>
<doc>Returns a list containing given items.</doc>
<status status="PASS" start="2024-06-15T18:19:34.611063" elapsed="0.000171"/>
</kw>
<for flavor="IN">
<iter>
<kw name="Dictionary Should Contain Key" owner="Collections">
<arg>${json_data['results'][0]}</arg>
<arg>${key}</arg>
<doc>Fails if ``key`` is not found from ``dictionary``.</doc>
<status status="PASS" start="2024-06-15T18:19:34.611859" elapsed="0.000403"/>
</kw>
<kw name="Log" owner="BuiltIn">
<msg time="2024-06-15T18:19:34.612814" level="INFO">{'gender': 'female', 'name': {'title': 'Mrs', 'first': 'Kaya', 'last': 'Nordstrand'}, 'location': {'street': {'number': 1052, 'name': 'Ole Brumms vei'}, 'city': 'Reinsvoll', 'state': 'Buskerud', 'country': 'Norway', 'postcode': '4703', 'coordinates': {'latitude': '40.9055', 'longitude': '149.5079'}, 'timezone': {'offset': '+11:00', 'description': 'Magadan, Solomon Islands, New Caledonia'}}, 'email': 'kaya.nordstrand@example.com', 'login': {'uuid': '79af1a92-ba47-4a96-81cd-7549fc8e3225', 'username': 'smallladybug399', 'password': 'sassy1', 'salt': 'QrEOIAFf', 'md5': '39d1e690a810a286be7ecd70a6ea12f6', 'sha1': '0ea3b947972b97b4b5903bcb943bdeb74b89d00c', 'sha256': 'aabf5b87584ec236484e2d519be66f17beeb37ec99296343605a0b8536a4bcd6'}, 'dob': {'date': '1959-09-11T10:38:58.879Z', 'age': 64}, 'registered': {'date': '2013-09-03T20:23:57.480Z', 'age': 10}, 'phone': '75811136', 'cell': '91420929', 'id': {'name': 'FN', 'value': '11095942859'}, 'picture': {'large': 'https://randomuser.me/api/portraits/women/94.jpg', 'medium': 'https://randomuser.me/api/portraits/med/women/94.jpg', 'thumbnail': 'https://randomuser.me/api/portraits/thumb/women/94.jpg'}, 'nat': 'NO'}</msg>
<arg>${json_data['results'][0]}</arg>
<doc>Logs the given message with the given level.</doc>
<status status="PASS" start="2024-06-15T18:19:34.612457" elapsed="0.000406"/>
</kw>
<kw name="Log" owner="BuiltIn">
<msg time="2024-06-15T18:19:34.613291" level="INFO">gender</msg>
<arg>${key}</arg>
<doc>Logs the given message with the given level.</doc>
<status status="PASS" start="2024-06-15T18:19:34.613161" elapsed="0.000169"/>
</kw>
<var name="${key}">gender</var>
<status status="PASS" start="2024-06-15T18:19:34.611731" elapsed="0.001824"/>
</iter>
<iter>
<kw name="Dictionary Should Contain Key" owner="Collections">
<arg>${json_data['results'][0]}</arg>
<arg>${key}</arg>
<doc>Fails if ``key`` is not found from ``dictionary``.</doc>
<status status="PASS" start="2024-06-15T18:19:34.613859" elapsed="0.000390"/>
</kw>
<kw name="Log" owner="BuiltIn">
<msg time="2024-06-15T18:19:34.614784" level="INFO">{'gender': 'female', 'name': {'title': 'Mrs', 'first': 'Kaya', 'last': 'Nordstrand'}, 'location': {'street': {'number': 1052, 'name': 'Ole Brumms vei'}, 'city': 'Reinsvoll', 'state': 'Buskerud', 'country': 'Norway', 'postcode': '4703', 'coordinates': {'latitude': '40.9055', 'longitude': '149.5079'}, 'timezone': {'offset': '+11:00', 'description': 'Magadan, Solomon Islands, New Caledonia'}}, 'email': 'kaya.nordstrand@example.com', 'login': {'uuid': '79af1a92-ba47-4a96-81cd-7549fc8e3225', 'username': 'smallladybug399', 'password': 'sassy1', 'salt': 'QrEOIAFf', 'md5': '39d1e690a810a286be7ecd70a6ea12f6', 'sha1': '0ea3b947972b97b4b5903bcb943bdeb74b89d00c', 'sha256': 'aabf5b87584ec236484e2d519be66f17beeb37ec99296343605a0b8536a4bcd6'}, 'dob': {'date': '1959-09-11T10:38:58.879Z', 'age': 64}, 'registered': {'date': '2013-09-03T20:23:57.480Z', 'age': 10}, 'phone': '75811136', 'cell': '91420929', 'id': {'name': 'FN', 'value': '11095942859'}, 'picture': {'large': 'https://randomuser.me/api/portraits/women/94.jpg', 'medium': 'https://randomuser.me/api/portraits/med/women/94.jpg', 'thumbnail': 'https://randomuser.me/api/portraits/thumb/women/94.jpg'}, 'nat': 'NO'}</msg>
<arg>${json_data['results'][0]}</arg>
<doc>Logs the given message with the given level.</doc>
<status status="PASS" start="2024-06-15T18:19:34.614432" elapsed="0.000442"/>
</kw>
<kw name="Log" owner="BuiltIn">
<msg time="2024-06-15T18:19:34.615317" level="INFO">name</msg>
<arg>${key}</arg>
<doc>Logs the given message with the given level.</doc>
<status status="PASS" start="2024-06-15T18:19:34.615182" elapsed="0.000175"/>
</kw>
<var name="${key}">name</var>
<status status="PASS" start="2024-06-15T18:19:34.613747" elapsed="0.001854"/>
</iter>
<iter>
<kw name="Dictionary Should Contain Key" owner="Collections">
<arg>${json_data['results'][0]}</arg>
<arg>${key}</arg>
<doc>Fails if ``key`` is not found from ``dictionary``.</doc>
<status status="PASS" start="2024-06-15T18:19:34.615896" elapsed="0.000378"/>
</kw>
<kw name="Log" owner="BuiltIn">
<msg time="2024-06-15T18:19:34.616809" level="INFO">{'gender': 'female', 'name': {'title': 'Mrs', 'first': 'Kaya', 'last': 'Nordstrand'}, 'location': {'street': {'number': 1052, 'name': 'Ole Brumms vei'}, 'city': 'Reinsvoll', 'state': 'Buskerud', 'country': 'Norway', 'postcode': '4703', 'coordinates': {'latitude': '40.9055', 'longitude': '149.5079'}, 'timezone': {'offset': '+11:00', 'description': 'Magadan, Solomon Islands, New Caledonia'}}, 'email': 'kaya.nordstrand@example.com', 'login': {'uuid': '79af1a92-ba47-4a96-81cd-7549fc8e3225', 'username': 'smallladybug399', 'password': 'sassy1', 'salt': 'QrEOIAFf', 'md5': '39d1e690a810a286be7ecd70a6ea12f6', 'sha1': '0ea3b947972b97b4b5903bcb943bdeb74b89d00c', 'sha256': 'aabf5b87584ec236484e2d519be66f17beeb37ec99296343605a0b8536a4bcd6'}, 'dob': {'date': '1959-09-11T10:38:58.879Z', 'age': 64}, 'registered': {'date': '2013-09-03T20:23:57.480Z', 'age': 10}, 'phone': '75811136', 'cell': '91420929', 'id': {'name': 'FN', 'value': '11095942859'}, 'picture': {'large': 'https://randomuser.me/api/portraits/women/94.jpg', 'medium': 'https://randomuser.me/api/portraits/med/women/94.jpg', 'thumbnail': 'https://randomuser.me/api/portraits/thumb/women/94.jpg'}, 'nat': 'NO'}</msg>
<arg>${json_data['results'][0]}</arg>
<doc>Logs the given message with the given level.</doc>
<status status="PASS" start="2024-06-15T18:19:34.616461" elapsed="0.000406"/>
</kw>
<kw name="Log" owner="BuiltIn">
<msg time="2024-06-15T18:19:34.617289" level="INFO">location</msg>
<arg>${key}</arg>
<doc>Logs the given message with the given level.</doc>
<status status="PASS" start="2024-06-15T18:19:34.617162" elapsed="0.000164"/>
</kw>
<var name="${key}">location</var>
<status status="PASS" start="2024-06-15T18:19:34.615787" elapsed="0.001771"/>
</iter>
<iter>
<kw name="Dictionary Should Contain Key" owner="Collections">
<arg>${json_data['results'][0]}</arg>
<arg>${key}</arg>
<doc>Fails if ``key`` is not found from ``dictionary``.</doc>
<status status="PASS" start="2024-06-15T18:19:34.617838" elapsed="0.000382"/>
</kw>
<kw name="Log" owner="BuiltIn">
<msg time="2024-06-15T18:19:34.618753" level="INFO">{'gender': 'female', 'name': {'title': 'Mrs', 'first': 'Kaya', 'last': 'Nordstrand'}, 'location': {'street': {'number': 1052, 'name': 'Ole Brumms vei'}, 'city': 'Reinsvoll', 'state': 'Buskerud', 'country': 'Norway', 'postcode': '4703', 'coordinates': {'latitude': '40.9055', 'longitude': '149.5079'}, 'timezone': {'offset': '+11:00', 'description': 'Magadan, Solomon Islands, New Caledonia'}}, 'email': 'kaya.nordstrand@example.com', 'login': {'uuid': '79af1a92-ba47-4a96-81cd-7549fc8e3225', 'username': 'smallladybug399', 'password': 'sassy1', 'salt': 'QrEOIAFf', 'md5': '39d1e690a810a286be7ecd70a6ea12f6', 'sha1': '0ea3b947972b97b4b5903bcb943bdeb74b89d00c', 'sha256': 'aabf5b87584ec236484e2d519be66f17beeb37ec99296343605a0b8536a4bcd6'}, 'dob': {'date': '1959-09-11T10:38:58.879Z', 'age': 64}, 'registered': {'date': '2013-09-03T20:23:57.480Z', 'age': 10}, 'phone': '75811136', 'cell': '91420929', 'id': {'name': 'FN', 'value': '11095942859'}, 'picture': {'large': 'https://randomuser.me/api/portraits/women/94.jpg', 'medium': 'https://randomuser.me/api/portraits/med/women/94.jpg', 'thumbnail': 'https://randomuser.me/api/portraits/thumb/women/94.jpg'}, 'nat': 'NO'}</msg>
<arg>${json_data['results'][0]}</arg>
<doc>Logs the given message with the given level.</doc>
<status status="PASS" start="2024-06-15T18:19:34.618402" elapsed="0.000400"/>
</kw>
<kw name="Log" owner="BuiltIn">
<msg time="2024-06-15T18:19:34.619223" level="INFO">email</msg>
<arg>${key}</arg>
<doc>Logs the given message with the given level.</doc>
<status status="PASS" start="2024-06-15T18:19:34.619097" elapsed="0.000164"/>
</kw>
<var name="${key}">email</var>
<status status="PASS" start="2024-06-15T18:19:34.617731" elapsed="0.001742"/>
</iter>
<iter>
<kw name="Dictionary Should Contain Key" owner="Collections">
<arg>${json_data['results'][0]}</arg>
<arg>${key}</arg>
<doc>Fails if ``key`` is not found from ``dictionary``.</doc>
<status status="PASS" start="2024-06-15T18:19:34.619798" elapsed="0.000379"/>
</kw>
<kw name="Log" owner="BuiltIn">
<msg time="2024-06-15T18:19:34.620719" level="INFO">{'gender': 'female', 'name': {'title': 'Mrs', 'first': 'Kaya', 'last': 'Nordstrand'}, 'location': {'street': {'number': 1052, 'name': 'Ole Brumms vei'}, 'city': 'Reinsvoll', 'state': 'Buskerud', 'country': 'Norway', 'postcode': '4703', 'coordinates': {'latitude': '40.9055', 'longitude': '149.5079'}, 'timezone': {'offset': '+11:00', 'description': 'Magadan, Solomon Islands, New Caledonia'}}, 'email': 'kaya.nordstrand@example.com', 'login': {'uuid': '79af1a92-ba47-4a96-81cd-7549fc8e3225', 'username': 'smallladybug399', 'password': 'sassy1', 'salt': 'QrEOIAFf', 'md5': '39d1e690a810a286be7ecd70a6ea12f6', 'sha1': '0ea3b947972b97b4b5903bcb943bdeb74b89d00c', 'sha256': 'aabf5b87584ec236484e2d519be66f17beeb37ec99296343605a0b8536a4bcd6'}, 'dob': {'date': '1959-09-11T10:38:58.879Z', 'age': 64}, 'registered': {'date': '2013-09-03T20:23:57.480Z', 'age': 10}, 'phone': '75811136', 'cell': '91420929', 'id': {'name': 'FN', 'value': '11095942859'}, 'picture': {'large': 'https://randomuser.me/api/portraits/women/94.jpg', 'medium': 'https://randomuser.me/api/portraits/med/women/94.jpg', 'thumbnail': 'https://randomuser.me/api/portraits/thumb/women/94.jpg'}, 'nat': 'NO'}</msg>
<arg>${json_data['results'][0]}</arg>
<doc>Logs the given message with the given level.</doc>
<status status="PASS" start="2024-06-15T18:19:34.620363" elapsed="0.000403"/>
</kw>
<kw name="Log" owner="BuiltIn">
<msg time="2024-06-15T18:19:34.621297" level="INFO">login</msg>
<arg>${key}</arg>
<doc>Logs the given message with the given level.</doc>
<status status="PASS" start="2024-06-15T18:19:34.621058" elapsed="0.000277"/>
</kw>
<var name="${key}">login</var>
<status status="PASS" start="2024-06-15T18:19:34.619687" elapsed="0.001896"/>
</iter>
<var>${key}</var>
<value>@{expected_keys}</value>
<status status="PASS" start="2024-06-15T18:19:34.611496" elapsed="0.010210"/>
</for>
<kw name="Create List" owner="BuiltIn">
<msg time="2024-06-15T18:19:34.622059" level="INFO">${expected_keysTwo} = ['username', 'password']</msg>
<var>${expected_keysTwo}</var>
<arg>username</arg>
<arg>password</arg>
<doc>Returns a list containing given items.</doc>
<status status="PASS" start="2024-06-15T18:19:34.621892" elapsed="0.000191"/>
</kw>
<for flavor="IN">
<iter>
<kw name="Dictionary Should Contain Key" owner="Collections">
<arg>${json_data['results'][0]['login']}</arg>
<arg>${keyTwo}</arg>
<doc>Fails if ``key`` is not found from ``dictionary``.</doc>
<status status="PASS" start="2024-06-15T18:19:34.622577" elapsed="0.000378"/>
</kw>
<kw name="Dictionary Should Contain Key" owner="Collections">
<arg>${json_data['results'][0]['login']}</arg>
<arg>${keyTwo}</arg>
<doc>Fails if ``key`` is not found from ``dictionary``.</doc>
<status status="PASS" start="2024-06-15T18:19:34.623145" elapsed="0.000368"/>
</kw>
<kw name="Log" owner="BuiltIn">
<msg time="2024-06-15T18:19:34.623881" level="INFO">username</msg>
<arg>${keyTwo}</arg>
<doc>Logs the given message with the given level.</doc>
<status status="PASS" start="2024-06-15T18:19:34.623754" elapsed="0.000166"/>
</kw>
<var name="${keyTwo}">username</var>
<status status="PASS" start="2024-06-15T18:19:34.622471" elapsed="0.001671"/>
</iter>
<iter>
<kw name="Dictionary Should Contain Key" owner="Collections">
<arg>${json_data['results'][0]['login']}</arg>
<arg>${keyTwo}</arg>
<doc>Fails if ``key`` is not found from ``dictionary``.</doc>
<status status="PASS" start="2024-06-15T18:19:34.624428" elapsed="0.000383"/>
</kw>
<kw name="Dictionary Should Contain Key" owner="Collections">
<arg>${json_data['results'][0]['login']}</arg>
<arg>${keyTwo}</arg>
<doc>Fails if ``key`` is not found from ``dictionary``.</doc>
<status status="PASS" start="2024-06-15T18:19:34.624990" elapsed="0.000375"/>
</kw>
<kw name="Log" owner="BuiltIn">
<msg time="2024-06-15T18:19:34.625659" level="INFO">password</msg>
<arg>${keyTwo}</arg>
<doc>Logs the given message with the given level.</doc>
<status status="PASS" start="2024-06-15T18:19:34.625541" elapsed="0.000156"/>
</kw>
<var name="${keyTwo}">password</var>
<status status="PASS" start="2024-06-15T18:19:34.624321" elapsed="0.001596"/>
</iter>
<var>${keyTwo}</var>
<value>@{expected_keysTwo}</value>
<status status="PASS" start="2024-06-15T18:19:34.622322" elapsed="0.003716"/>
</for>
<status status="PASS" start="2024-06-15T18:19:34.545228" elapsed="0.080952"/>
</kw>
<doc>Testa a estrutura da resposta da API.</doc>
<tag>testeEstruturaResposta</tag>
<status status="PASS" start="2024-06-15T18:19:34.544503" elapsed="0.081835"/>
</test>
<test id="s1-s1-t4" name="Validar tipos de dados" line="28">
<kw name="Teste de Tipos de Dados" owner="random-user-service">
<kw name="GET On Session" owner="RequestsLibrary">
<msg time="2024-06-15T18:19:34.705193" level="INFO">GET Request : url=https://randomuser.me/api 
 path_url=/api 
 headers={'User-Agent': 'python-requests/2.32.3', 'Accept-Encoding': 'gzip, deflate', 'Accept': '*/*', 'Connection': 'keep-alive'} 
 body=None 
 </msg>
<msg time="2024-06-15T18:19:34.705302" level="INFO">GET Response : url=https://randomuser.me/api 
 status=200, reason=OK 
 headers={'Date': 'Sat, 15 Jun 2024 18:19:34 GMT', 'Content-Type': 'application/json; charset=utf-8', 'Transfer-Encoding': 'chunked', 'Connection': 'keep-alive', 'X-Powered-By': 'Express', 'Access-Control-Allow-Origin': '*', 'Cache-Control': 'no-cache', 'ETag': 'W/"496-IkWcseTtDQLD8WZAgYjpzW3lErM"', 'Vary': 'Accept-Encoding', 'Content-Encoding': 'gzip', 'CF-Cache-Status': 'DYNAMIC', 'Report-To': '{"endpoints":[{"url":"https:\\/\\/a.nel.cloudflare.com\\/report\\/v4?s=4LV4CSyuaCSAD20f9VNfXsopXeI0rg%2B5tlTG8S4G0HstRIEbESL9n4G4kftgUnvumFjYtwBulWWrvCG3srUlqXkWbUitAVuJQ7V8WxmJ5bZVSowlztZUQ6SDPnR9Bnoc"}],"group":"cf-nel","max_age":604800}', 'NEL': '{"success_fraction":0,"report_to":"cf-nel","max_age":604800}', 'Server': 'cloudflare', 'CF-RAY': '894491b568338015-IAD', 'alt-svc': 'h3=":443"; ma=86400'} 
 body={"results":[{"gender":"female","name":{"title":"Ms","first":"ثنا","last":"مرادی"},"location":{"street":{"number":3076,"name":"بلوار کشاورز"},"city":"قدس","state":"گلستان","country":"Iran","postcode":88160,"coordinates":{"latitude":"18.3329","longitude":"123.0610"},"timezone":{"offset":"-5:00","description":"Eastern Time (US &amp; Canada), Bogota, Lima"}},"email":"thn.mrdy@example.com","login":{"uuid":"59f342ae-d337-427d-a986-56e4bc10c998","username":"happygoose444","password":"lawman","salt":"nnCiDZPJ","md5":"2f4810e48186b7f855e1284d0146b7d5","sha1":"97dca95253a8160a1357139733bc651f0b9794e2","sha256":"0446ad1cd5acb77a390f3b4feed8fac80e2ea29a77be9595cab831a3d30c5937"},"dob":{"date":"1995-09-23T23:45:29.251Z","age":28},"registered":{"date":"2008-02-19T15:56:40.510Z","age":16},"phone":"071-07565140","cell":"0976-479-5505","id":{"name":"","value":null},"picture":{"large":"https://randomuser.me/api/portraits/women/71.jpg","medium":"https://randomuser.me/api/portraits/med/women/71.jpg","thumbnail":"https://randomuser.me/api/portraits/thumb/women/71.jpg"},"nat":"IR"}],"info":{"seed":"c0568f4ed958478f","results":1,"page":1,"version":"1.4"}} 
 </msg>
<msg time="2024-06-15T18:19:34.705382" level="INFO">/opt/hostedtoolcache/Python/3.12.3/x64/lib/python3.12/site-packages/urllib3/connectionpool.py:1103: InsecureRequestWarning: Unverified HTTPS request is being made to host 'randomuser.me'. Adding certificate verification is strongly advised. See: https://urllib3.readthedocs.io/en/latest/advanced-usage.html#tls-warnings
  warnings.warn(</msg>
<msg time="2024-06-15T18:19:34.705514" level="INFO">${response} = &lt;Response [200]&gt;</msg>
<var>${response}</var>
<arg>consultarAPI</arg>
<arg>/api</arg>
<doc>Sends a GET request on a previously created HTTP Session.</doc>
<status status="PASS" start="2024-06-15T18:19:34.628935" elapsed="0.076619"/>
</kw>
<kw name="Set Variable" owner="BuiltIn">
<msg time="2024-06-15T18:19:34.706737" level="INFO">${json_data} = {'results': [{'gender': 'female', 'name': {'title': 'Ms', 'first': 'ثنا', 'last': 'مرادی'}, 'location': {'street': {'number': 3076, 'name': 'بلوار کشاورز'}, 'city': 'قدس', 'state': 'گلستان', 'country'...</msg>
<var>${json_data}</var>
<arg>${response.json()}</arg>
<doc>Returns the given values which can then be assigned to a variables.</doc>
<status status="PASS" start="2024-06-15T18:19:34.706173" elapsed="0.000596"/>
</kw>
<kw name="Log" owner="BuiltIn">
<msg time="2024-06-15T18:19:34.707241" level="INFO">{'results': [{'gender': 'female', 'name': {'title': 'Ms', 'first': 'ثنا', 'last': 'مرادی'}, 'location': {'street': {'number': 3076, 'name': 'بلوار کشاورز'}, 'city': 'قدس', 'state': 'گلستان', 'country': 'Iran', 'postcode': 88160, 'coordinates': {'latitude': '18.3329', 'longitude': '123.0610'}, 'timezone': {'offset': '-5:00', 'description': 'Eastern Time (US &amp; Canada), Bogota, Lima'}}, 'email': 'thn.mrdy@example.com', 'login': {'uuid': '59f342ae-d337-427d-a986-56e4bc10c998', 'username': 'happygoose444', 'password': 'lawman', 'salt': 'nnCiDZPJ', 'md5': '2f4810e48186b7f855e1284d0146b7d5', 'sha1': '97dca95253a8160a1357139733bc651f0b9794e2', 'sha256': '0446ad1cd5acb77a390f3b4feed8fac80e2ea29a77be9595cab831a3d30c5937'}, 'dob': {'date': '1995-09-23T23:45:29.251Z', 'age': 28}, 'registered': {'date': '2008-02-19T15:56:40.510Z', 'age': 16}, 'phone': '071-07565140', 'cell': '0976-479-5505', 'id': {'name': '', 'value': None}, 'picture': {'large': 'https://randomuser.me/api/portraits/women/71.jpg', 'medium': 'https://randomuser.me/api/portraits/med/women/71.jpg', 'thumbnail': 'https://randomuser.me/api/portraits/thumb/women/71.jpg'}, 'nat': 'IR'}], 'info': {'seed': 'c0568f4ed958478f', 'results': 1, 'page': 1, 'version': '1.4'}}</msg>
<arg>${json_data}</arg>
<doc>Logs the given message with the given level.</doc>
<status status="PASS" start="2024-06-15T18:19:34.707082" elapsed="0.000212"/>
</kw>
<kw name="Should Be String" owner="String">
<arg>${json_data['results'][0]['gender']}</arg>
<doc>Fails if the given ``item`` is not a string.</doc>
<status status="PASS" start="2024-06-15T18:19:34.707625" elapsed="0.000370"/>
</kw>
<kw name="Should Match Regexp" owner="BuiltIn">
<arg>${json_data['results'][0]['email']}</arg>
<arg>^[a-zA-Z0-9._%+-]+@[a-zA-Z0-9.-]+\.[a-zA-Z]{2,}$</arg>
<doc>Fails if ``string`` does not match ``pattern`` as a regular expression.</doc>
<status status="PASS" start="2024-06-15T18:19:34.708187" elapsed="0.000558"/>
</kw>
<kw name="Should Match Regexp" owner="BuiltIn">
<arg>${json_data['results'][0]['dob']['date']}</arg>
<arg>\\d{4}-\\d{2}-\\d{2}T\\d{2}:\\d{2}:\\d{2}\\.\\d{3}Z</arg>
<doc>Fails if ``string`` does not match ``pattern`` as a regular expression.</doc>
<status status="PASS" start="2024-06-15T18:19:34.708939" elapsed="0.000490"/>
</kw>
<kw name="Should Match Regexp" owner="BuiltIn">
<arg>${json_data['results'][0]['registered']['date']}</arg>
<arg>\\d{4}-\\d{2}-\\d{2}T\\d{2}:\\d{2}:\\d{2}\\.\\d{3}Z</arg>
<doc>Fails if ``string`` does not match ``pattern`` as a regular expression.</doc>
<status status="PASS" start="2024-06-15T18:19:34.709620" elapsed="0.000359"/>
</kw>
<kw name="Should Match Regexp" owner="BuiltIn">
<arg>${json_data['results'][0]['picture']['large']}</arg>
<arg>^https?://.*\.(?:png|jpe?g|gif|bmp)$</arg>
<doc>Fails if ``string`` does not match ``pattern`` as a regular expression.</doc>
<status status="PASS" start="2024-06-15T18:19:34.710162" elapsed="0.000454"/>
</kw>
<kw name="Should Match Regexp" owner="BuiltIn">
<arg>${json_data['results'][0]['picture']['medium']}</arg>
<arg>^https?://.*\.(?:png|jpe?g|gif|bmp)$</arg>
<doc>Fails if ``string`` does not match ``pattern`` as a regular expression.</doc>
<status status="PASS" start="2024-06-15T18:19:34.710806" elapsed="0.000351"/>
</kw>
<kw name="Should Match Regexp" owner="BuiltIn">
<arg>${json_data['results'][0]['picture']['thumbnail']}</arg>
<arg>^https?://.*\.(?:png|jpe?g|gif|bmp)$</arg>
<doc>Fails if ``string`` does not match ``pattern`` as a regular expression.</doc>
<status status="PASS" start="2024-06-15T18:19:34.711345" elapsed="0.000398"/>
</kw>
<kw name="Log" owner="BuiltIn">
<msg time="2024-06-15T18:19:34.712262" level="INFO">{'large': 'https://randomuser.me/api/portraits/women/71.jpg', 'medium': 'https://randomuser.me/api/portraits/med/women/71.jpg', 'thumbnail': 'https://randomuser.me/api/portraits/thumb/women/71.jpg'}</msg>
<arg>${json_data['results'][0]['picture']}</arg>
<doc>Logs the given message with the given level.</doc>
<status status="PASS" start="2024-06-15T18:19:34.711931" elapsed="0.000374"/>
</kw>
<status status="PASS" start="2024-06-15T18:19:34.628702" elapsed="0.083871"/>
</kw>
<kw name="Teste de Tipos de Dados - Postcode" owner="random-user-service">
<kw name="GET On Session" owner="RequestsLibrary">
<msg time="2024-06-15T18:19:34.862640" level="INFO">GET Request : url=https://randomuser.me/api 
 path_url=/api 
 headers={'User-Agent': 'python-requests/2.32.3', 'Accept-Encoding': 'gzip, deflate', 'Accept': '*/*', 'Connection': 'keep-alive'} 
 body=None 
 </msg>
<msg time="2024-06-15T18:19:34.862737" level="INFO">GET Response : url=https://randomuser.me/api 
 status=200, reason=OK 
 headers={'Date': 'Sat, 15 Jun 2024 18:19:34 GMT', 'Content-Type': 'application/json; charset=utf-8', 'Transfer-Encoding': 'chunked', 'Connection': 'keep-alive', 'X-Powered-By': 'Express', 'Access-Control-Allow-Origin': '*', 'Cache-Control': 'no-cache', 'ETag': 'W/"48a-dzyLCTT++ru/KtRtMpJZy2hyEvI"', 'Vary': 'Accept-Encoding', 'Content-Encoding': 'gzip', 'CF-Cache-Status': 'DYNAMIC', 'Report-To': '{"endpoints":[{"url":"https:\\/\\/a.nel.cloudflare.com\\/report\\/v4?s=tNWYLfouuRcdGcx%2FoZSDjGtZ8QUey8uO2Kq9baY5pnoIhFGNLvAfTN%2FIvslJR3QDbQ5m29EJkwmFipRT69uy347HznUGJAtS7lj6TnX8ERm6YuoHBEP%2FrY4UXxNJR0YY"}],"group":"cf-nel","max_age":604800}', 'NEL': '{"success_fraction":0,"report_to":"cf-nel","max_age":604800}', 'Server': 'cloudflare', 'CF-RAY': '894491b5f8e68015-IAD', 'alt-svc': 'h3=":443"; ma=86400'} 
 body={"results":[{"gender":"female","name":{"title":"Mrs","first":"Cynthia","last":"Zamora"},"location":{"street":{"number":8235,"name":"Callejón Mauricio"},"city":"Tacoaleche","state":"Tamaulipas","country":"Mexico","postcode":42202,"coordinates":{"latitude":"26.2854","longitude":"9.8199"},"timezone":{"offset":"+5:45","description":"Kathmandu"}},"email":"cynthia.zamora@example.com","login":{"uuid":"4fabd3dd-5d8f-4f22-9248-8544153db271","username":"orangelion399","password":"dominiqu","salt":"ZF80kjYj","md5":"66e7fa26720e9ad253936012bba82935","sha1":"1ed7f57c6c192a064b5f2569f70b1036b7eca695","sha256":"8fc1b396b8fe97f99e511c6c7b5e8aebf712bd003238920b290b97627c4ad5d0"},"dob":{"date":"1959-12-30T20:52:51.335Z","age":64},"registered":{"date":"2007-12-10T18:38:18.793Z","age":16},"phone":"(632) 861 4092","cell":"(688) 961 3022","id":{"name":"NSS","value":"76 03 12 1388 4"},"picture":{"large":"https://randomuser.me/api/portraits/women/8.jpg","medium":"https://randomuser.me/api/portraits/med/women/8.jpg","thumbnail":"https://randomuser.me/api/portraits/thumb/women/8.jpg"},"nat":"MX"}],"info":{"seed":"20ab4b80f6a6b2ef","results":1,"page":1,"version":"1.4"}} 
 </msg>
<msg time="2024-06-15T18:19:34.862837" level="INFO">/opt/hostedtoolcache/Python/3.12.3/x64/lib/python3.12/site-packages/urllib3/connectionpool.py:1103: InsecureRequestWarning: Unverified HTTPS request is being made to host 'randomuser.me'. Adding certificate verification is strongly advised. See: https://urllib3.readthedocs.io/en/latest/advanced-usage.html#tls-warnings
  warnings.warn(</msg>
<msg time="2024-06-15T18:19:34.862970" level="INFO">${response} = &lt;Response [200]&gt;</msg>
<var>${response}</var>
<arg>consultarAPI</arg>
<arg>/api</arg>
<doc>Sends a GET request on a previously created HTTP Session.</doc>
<status status="PASS" start="2024-06-15T18:19:34.713035" elapsed="0.149992"/>
</kw>
<kw name="Set Variable" owner="BuiltIn">
<msg time="2024-06-15T18:19:34.864187" level="INFO">${json_data} = {'results': [{'gender': 'female', 'name': {'title': 'Mrs', 'first': 'Cynthia', 'last': 'Zamora'}, 'location': {'street': {'number': 8235, 'name': 'Callejón Mauricio'}, 'city': 'Tacoaleche', 'state': '...</msg>
<var>${json_data}</var>
<arg>${response.json()}</arg>
<doc>Returns the given values which can then be assigned to a variables.</doc>
<status status="PASS" start="2024-06-15T18:19:34.863620" elapsed="0.000597"/>
</kw>
<kw name="Log" owner="BuiltIn">
<msg time="2024-06-15T18:19:34.864682" level="INFO">{'results': [{'gender': 'female', 'name': {'title': 'Mrs', 'first': 'Cynthia', 'last': 'Zamora'}, 'location': {'street': {'number': 8235, 'name': 'Callejón Mauricio'}, 'city': 'Tacoaleche', 'state': 'Tamaulipas', 'country': 'Mexico', 'postcode': 42202, 'coordinates': {'latitude': '26.2854', 'longitude': '9.8199'}, 'timezone': {'offset': '+5:45', 'description': 'Kathmandu'}}, 'email': 'cynthia.zamora@example.com', 'login': {'uuid': '4fabd3dd-5d8f-4f22-9248-8544153db271', 'username': 'orangelion399', 'password': 'dominiqu', 'salt': 'ZF80kjYj', 'md5': '66e7fa26720e9ad253936012bba82935', 'sha1': '1ed7f57c6c192a064b5f2569f70b1036b7eca695', 'sha256': '8fc1b396b8fe97f99e511c6c7b5e8aebf712bd003238920b290b97627c4ad5d0'}, 'dob': {'date': '1959-12-30T20:52:51.335Z', 'age': 64}, 'registered': {'date': '2007-12-10T18:38:18.793Z', 'age': 16}, 'phone': '(632) 861 4092', 'cell': '(688) 961 3022', 'id': {'name': 'NSS', 'value': '76 03 12 1388 4'}, 'picture': {'large': 'https://randomuser.me/api/portraits/women/8.jpg', 'medium': 'https://randomuser.me/api/portraits/med/women/8.jpg', 'thumbnail': 'https://randomuser.me/api/portraits/thumb/women/8.jpg'}, 'nat': 'MX'}], 'info': {'seed': '20ab4b80f6a6b2ef', 'results': 1, 'page': 1, 'version': '1.4'}}</msg>
<arg>${json_data}</arg>
<doc>Logs the given message with the given level.</doc>
<status status="PASS" start="2024-06-15T18:19:34.864524" elapsed="0.000206"/>
</kw>
<kw name="Should Be Equal As Numbers" owner="BuiltIn">
<arg>${json_data['results'][0]['location']['postcode']}</arg>
<arg>${json_data['results'][0]['location']['postcode']}</arg>
<doc>Fails if objects are unequal after converting them to real numbers.</doc>
<status status="PASS" start="2024-06-15T18:19:34.865030" elapsed="0.000623"/>
</kw>
<kw name="Log" owner="BuiltIn">
<msg time="2024-06-15T18:19:34.866171" level="INFO">42202</msg>
<arg>${json_data['results'][0]['location']['postcode']}</arg>
<doc>Logs the given message with the given level.</doc>
<status status="PASS" start="2024-06-15T18:19:34.865840" elapsed="0.000406"/>
</kw>
<status status="PASS" start="2024-06-15T18:19:34.712799" elapsed="0.153700"/>
</kw>
<doc>Testa se os tipos de dados na resposta da API estão corretos.</doc>
<tag>testeTiposDados</tag>
<status status="PASS" start="2024-06-15T18:19:34.628142" elapsed="0.238521"/>
</test>
<test id="s1-s1-t5" name="Validar conteudo" line="35">
<kw name="Teste de Tipos de Conteudo" owner="random-user-service">
<kw name="GET On Session" owner="RequestsLibrary">
<msg time="2024-06-15T18:19:34.914682" level="INFO">GET Request : url=https://randomuser.me/api 
 path_url=/api 
 headers={'User-Agent': 'python-requests/2.32.3', 'Accept-Encoding': 'gzip, deflate', 'Accept': '*/*', 'Connection': 'keep-alive'} 
 body=None 
 </msg>
<msg time="2024-06-15T18:19:34.914768" level="INFO">GET Response : url=https://randomuser.me/api 
 status=200, reason=OK 
 headers={'Date': 'Sat, 15 Jun 2024 18:19:34 GMT', 'Content-Type': 'application/json; charset=utf-8', 'Transfer-Encoding': 'chunked', 'Connection': 'keep-alive', 'X-Powered-By': 'Express', 'Access-Control-Allow-Origin': '*', 'Cache-Control': 'no-cache', 'ETag': 'W/"48b-xnO0p+1+v8WrQ4I3/neDTc5fR+M"', 'Vary': 'Accept-Encoding', 'Content-Encoding': 'gzip', 'CF-Cache-Status': 'DYNAMIC', 'Report-To': '{"endpoints":[{"url":"https:\\/\\/a.nel.cloudflare.com\\/report\\/v4?s=B49418onnPNHMyDKpXgawu46zg%2FOAz8nUfkUICbliUJAxqpfTC6jBnefLGWPhb4grmLizfE9lWYL1L4PZF73nmB5ymPaxExivGDTB7hMpYzoZw2WbhuBMXj%2BwfQ8wm21"}],"group":"cf-nel","max_age":604800}', 'NEL': '{"success_fraction":0,"report_to":"cf-nel","max_age":604800}', 'Server': 'cloudflare', 'CF-RAY': '894491b6ea228015-IAD', 'alt-svc': 'h3=":443"; ma=86400'} 
 body={"results":[{"gender":"male","name":{"title":"Mr","first":"Dwight","last":"Jacobs"},"location":{"street":{"number":9609,"name":"Victoria Street"},"city":"Worcester","state":"Grampian","country":"United Kingdom","postcode":"WR86 9WJ","coordinates":{"latitude":"-9.0001","longitude":"-101.1034"},"timezone":{"offset":"-3:30","description":"Newfoundland"}},"email":"dwight.jacobs@example.com","login":{"uuid":"474fef64-749b-48b2-93ea-4652895a2d7d","username":"tinyostrich367","password":"clarissa","salt":"DrKRIRkh","md5":"b861418620c73352f86ac76ef946ff01","sha1":"7b16ff4bff5a85e85b84719621cd1e5ae7a80204","sha256":"bb67f111edcaa0831a0566a29ef6c792c7df5c4e80c3a89df682e8b3ad27c888"},"dob":{"date":"1967-09-03T02:52:48.453Z","age":56},"registered":{"date":"2009-05-14T21:05:33.172Z","age":15},"phone":"017687 74358","cell":"07845 551632","id":{"name":"NINO","value":"LB 23 10 92 J"},"picture":{"large":"https://randomuser.me/api/portraits/men/17.jpg","medium":"https://randomuser.me/api/portraits/med/men/17.jpg","thumbnail":"https://randomuser.me/api/portraits/thumb/men/17.jpg"},"nat":"GB"}],"info":{"seed":"505029d1bf412f66","results":1,"page":1,"version":"1.4"}} 
 </msg>
<msg time="2024-06-15T18:19:34.914824" level="INFO">/opt/hostedtoolcache/Python/3.12.3/x64/lib/python3.12/site-packages/urllib3/connectionpool.py:1103: InsecureRequestWarning: Unverified HTTPS request is being made to host 'randomuser.me'. Adding certificate verification is strongly advised. See: https://urllib3.readthedocs.io/en/latest/advanced-usage.html#tls-warnings
  warnings.warn(</msg>
<msg time="2024-06-15T18:19:34.914910" level="INFO">${response} = &lt;Response [200]&gt;</msg>
<var>${response}</var>
<arg>consultarAPI</arg>
<arg>/api</arg>
<doc>Sends a GET request on a previously created HTTP Session.</doc>
<status status="PASS" start="2024-06-15T18:19:34.869205" elapsed="0.045746"/>
</kw>
<kw name="Set Variable" owner="BuiltIn">
<msg time="2024-06-15T18:19:34.915960" level="INFO">${json_data} = {'results': [{'gender': 'male', 'name': {'title': 'Mr', 'first': 'Dwight', 'last': 'Jacobs'}, 'location': {'street': {'number': 9609, 'name': 'Victoria Street'}, 'city': 'Worcester', 'state': 'Grampia...</msg>
<var>${json_data}</var>
<arg>${response.json()}</arg>
<doc>Returns the given values which can then be assigned to a variables.</doc>
<status status="PASS" start="2024-06-15T18:19:34.915386" elapsed="0.000604"/>
</kw>
<kw name="Set Variable" owner="BuiltIn">
<msg time="2024-06-15T18:19:34.916672" level="INFO">${name_title} = Mr</msg>
<var>${name_title}</var>
<arg>${json_data["results"][0]["name"]["title"]}</arg>
<doc>Returns the given values which can then be assigned to a variables.</doc>
<status status="PASS" start="2024-06-15T18:19:34.916294" elapsed="0.000404"/>
</kw>
<kw name="Create List" owner="BuiltIn">
<msg time="2024-06-15T18:19:34.917150" level="INFO">${allowed_titles} = ['Mr', 'Ms', 'Miss', 'Mrs', 'Madame', 'Monsieur']</msg>
<var>${allowed_titles}</var>
<arg>Mr</arg>
<arg>Ms</arg>
<arg>Miss</arg>
<arg>Mrs</arg>
<arg>Madame</arg>
<arg>Monsieur</arg>
<doc>Returns a list containing given items.</doc>
<status status="PASS" start="2024-06-15T18:19:34.917002" elapsed="0.000172"/>
</kw>
<kw name="List Should Contain Value" owner="Collections">
<arg>${allowed_titles}</arg>
<arg>${name_title}</arg>
<doc>Fails if the ``value`` is not found from ``list``.</doc>
<status status="PASS" start="2024-06-15T18:19:34.917484" elapsed="0.000174"/>
</kw>
<kw name="Set Variable" owner="BuiltIn">
<msg time="2024-06-15T18:19:34.918210" level="INFO">${name_country} = GB</msg>
<var>${name_country}</var>
<arg>${json_data["results"][0]["nat"]}</arg>
<doc>Returns the given values which can then be assigned to a variables.</doc>
<status status="PASS" start="2024-06-15T18:19:34.917844" elapsed="0.000390"/>
</kw>
<kw name="Create List" owner="BuiltIn">
<msg time="2024-06-15T18:19:34.919120" level="INFO">${list_country} = ['AD', 'AE', 'AF', 'AG', 'AI', 'AL', 'AM', 'AO', 'AQ', 'AR', 'AS', 'AT', 'AU', 'AW', 'AX', 'AZ', 'BA', 'BB', 'BD', 'BE', 'BF', 'BG', 'BH', 'BI', 'BJ', 'BL', 'BM', 'BN', 'BO', 'BQ', 'BR', 'BS', 'BT', '...</msg>
<var>${list_country}</var>
<arg>AD</arg>
<arg>AE</arg>
<arg>AF</arg>
<arg>AG</arg>
<arg>AI</arg>
<arg>AL</arg>
<arg>AM</arg>
<arg>AO</arg>
<arg>AQ</arg>
<arg>AR</arg>
<arg>AS</arg>
<arg>AT</arg>
<arg>AU</arg>
<arg>AW</arg>
<arg>AX</arg>
<arg>AZ</arg>
<arg>BA</arg>
<arg>BB</arg>
<arg>BD</arg>
<arg>BE</arg>
<arg>BF</arg>
<arg>BG</arg>
<arg>BH</arg>
<arg>BI</arg>
<arg>BJ</arg>
<arg>BL</arg>
<arg>BM</arg>
<arg>BN</arg>
<arg>BO</arg>
<arg>BQ</arg>
<arg>BR</arg>
<arg>BS</arg>
<arg>BT</arg>
<arg>BV</arg>
<arg>BW</arg>
<arg>BY</arg>
<arg>BZ</arg>
<arg>CA</arg>
<arg>CC</arg>
<arg>CD</arg>
<arg>CF</arg>
<arg>CG</arg>
<arg>CH</arg>
<arg>CI</arg>
<arg>CK</arg>
<arg>CL</arg>
<arg>CM</arg>
<arg>CN</arg>
<arg>CO</arg>
<arg>CR</arg>
<arg>CU</arg>
<arg>CV</arg>
<arg>CW</arg>
<arg>CX</arg>
<arg>CY</arg>
<arg>CZ</arg>
<arg>DE</arg>
<arg>DJ</arg>
<arg>DK</arg>
<arg>DM</arg>
<arg>DO</arg>
<arg>DZ</arg>
<arg>EC</arg>
<arg>EE</arg>
<arg>EG</arg>
<arg>EH</arg>
<arg>ER</arg>
<arg>ES</arg>
<arg>ET</arg>
<arg>FI</arg>
<arg>FJ</arg>
<arg>FK</arg>
<arg>FM</arg>
<arg>FO</arg>
<arg>FR</arg>
<arg>GA</arg>
<arg>GB</arg>
<arg>GD</arg>
<arg>GE</arg>
<arg>GF</arg>
<arg>GG</arg>
<arg>GH</arg>
<arg>GI</arg>
<arg>GL</arg>
<arg>GM</arg>
<arg>GN</arg>
<arg>GP</arg>
<arg>GQ</arg>
<arg>GR</arg>
<arg>GS</arg>
<arg>GT</arg>
<arg>GU</arg>
<arg>GW</arg>
<arg>GY</arg>
<arg>HK</arg>
<arg>HM</arg>
<arg>HN</arg>
<arg>HR</arg>
<arg>HT</arg>
<arg>HU</arg>
<arg>ID</arg>
<arg>IE</arg>
<arg>IL</arg>
<arg>IM</arg>
<arg>IN</arg>
<arg>IO</arg>
<arg>IQ</arg>
<arg>IR</arg>
<arg>IS</arg>
<arg>IT</arg>
<arg>JE</arg>
<arg>JM</arg>
<arg>JO</arg>
<arg>JP</arg>
<arg>KE</arg>
<arg>KG</arg>
<arg>KH</arg>
<arg>KI</arg>
<arg>KM</arg>
<arg>KN</arg>
<arg>KP</arg>
<arg>KR</arg>
<arg>KW</arg>
<arg>KY</arg>
<arg>KZ</arg>
<arg>LA</arg>
<arg>LB</arg>
<arg>LC</arg>
<arg>LI</arg>
<arg>LK</arg>
<arg>LR</arg>
<arg>LS</arg>
<arg>LT</arg>
<arg>LU</arg>
<arg>LV</arg>
<arg>LY</arg>
<arg>MA</arg>
<arg>MC</arg>
<arg>MD</arg>
<arg>ME</arg>
<arg>MF</arg>
<arg>MG</arg>
<arg>MH</arg>
<arg>MK</arg>
<arg>ML</arg>
<arg>MM</arg>
<arg>MN</arg>
<arg>MO</arg>
<arg>MP</arg>
<arg>MQ</arg>
<arg>MR</arg>
<arg>MS</arg>
<arg>MT</arg>
<arg>MU</arg>
<arg>MV</arg>
<arg>MW</arg>
<arg>MX</arg>
<arg>MY</arg>
<arg>MZ</arg>
<arg>NA</arg>
<arg>NC</arg>
<arg>NE</arg>
<arg>NF</arg>
<arg>NG</arg>
<arg>NI</arg>
<arg>NL</arg>
<arg>NO</arg>
<arg>NP</arg>
<arg>NR</arg>
<arg>NU</arg>
<arg>NZ</arg>
<arg>OM</arg>
<arg>PA</arg>
<arg>PE</arg>
<arg>PF</arg>
<arg>PG</arg>
<arg>PH</arg>
<arg>PK</arg>
<arg>PL</arg>
<arg>PM</arg>
<arg>PN</arg>
<arg>PR</arg>
<arg>PS</arg>
<arg>PT</arg>
<arg>PW</arg>
<arg>PY</arg>
<arg>QA</arg>
<arg>RE</arg>
<arg>RO</arg>
<arg>RS</arg>
<arg>RU</arg>
<arg>RW</arg>
<arg>SA</arg>
<arg>SB</arg>
<arg>SC</arg>
<arg>SD</arg>
<arg>SE</arg>
<arg>SG</arg>
<arg>SH</arg>
<arg>SI</arg>
<arg>SJ</arg>
<arg>SK</arg>
<arg>SL</arg>
<arg>SM</arg>
<arg>SN</arg>
<arg>SO</arg>
<arg>SR</arg>
<arg>SS</arg>
<arg>ST</arg>
<arg>SV</arg>
<arg>SX</arg>
<arg>SY</arg>
<arg>SZ</arg>
<arg>TC</arg>
<arg>TD</arg>
<arg>TF</arg>
<arg>TG</arg>
<arg>TH</arg>
<arg>TJ</arg>
<arg>TK</arg>
<arg>TL</arg>
<arg>TM</arg>
<arg>TN</arg>
<arg>TO</arg>
<arg>TR</arg>
<arg>TT</arg>
<arg>TV</arg>
<arg>TW</arg>
<arg>TZ</arg>
<arg>UA</arg>
<arg>UG</arg>
<arg>UM</arg>
<arg>US</arg>
<arg>UY</arg>
<arg>UZ</arg>
<arg>VA</arg>
<arg>VC</arg>
<arg>VE</arg>
<arg>VG</arg>
<arg>VI</arg>
<arg>VN</arg>
<arg>VU</arg>
<arg>WF</arg>
<arg>WS</arg>
<arg>XK</arg>
<arg>YE</arg>
<arg>YT</arg>
<arg>ZA</arg>
<arg>ZM</arg>
<arg>ZW</arg>
<doc>Returns a list containing given items.</doc>
<status status="PASS" start="2024-06-15T18:19:34.918527" elapsed="0.000618"/>
</kw>
<kw name="List Should Contain Value" owner="Collections">
<arg>${list_country}</arg>
<arg>${name_country}</arg>
<doc>Fails if the ``value`` is not found from ``list``.</doc>
<status status="PASS" start="2024-06-15T18:19:34.919970" elapsed="0.000206"/>
</kw>
<kw name="Run Keyword If" owner="BuiltIn">
<kw name="Should Be True" owner="BuiltIn">
<arg>${True}</arg>
<doc>Fails if the given condition is not true.</doc>
<status status="PASS" start="2024-06-15T18:19:34.921224" elapsed="0.000143"/>
</kw>
<arg>${json_data["results"][0]["location"]["coordinates"]["latitude"]} &gt;= -90 and ${json_data["results"][0]["location"]["coordinates"]["latitude"]} &lt;= 90</arg>
<arg>Should Be True</arg>
<arg>${True}</arg>
<doc>Runs the given keyword with the given arguments, if ``condition`` is true.</doc>
<status status="PASS" start="2024-06-15T18:19:34.920377" elapsed="0.001117"/>
</kw>
<kw name="Run Keyword If" owner="BuiltIn">
<kw name="Should Be True" owner="BuiltIn">
<arg>${True}</arg>
<doc>Fails if the given condition is not true.</doc>
<status status="PASS" start="2024-06-15T18:19:34.922371" elapsed="0.000139"/>
</kw>
<arg>${json_data["results"][0]["location"]["coordinates"]["longitude"]} &gt;= -180 and ${json_data["results"][0]["location"]["coordinates"]["longitude"]} &lt;= 180</arg>
<arg>Should Be True</arg>
<arg>${True}</arg>
<doc>Runs the given keyword with the given arguments, if ``condition`` is true.</doc>
<status status="PASS" start="2024-06-15T18:19:34.921677" elapsed="0.000956"/>
</kw>
<status status="PASS" start="2024-06-15T18:19:34.868984" elapsed="0.053778"/>
</kw>
<doc>Testa o conteúdo específico dos campos retornados pela API.</doc>
<tag>testeConteudo</tag>
<status status="PASS" start="2024-06-15T18:19:34.868455" elapsed="0.054450"/>
</test>
<status status="PASS" start="2024-06-15T18:19:33.977166" elapsed="0.947726"/>
</suite>
<status status="PASS" start="2024-06-15T18:19:33.963454" elapsed="0.966506"/>
</suite>
<statistics>
<total>
<stat pass="5" fail="0" skip="0">All Tests</stat>
</total>
<tag>
<stat pass="1" fail="0" skip="0">testeConteudo</stat>
<stat pass="1" fail="0" skip="0">testeEstruturaResposta</stat>
<stat pass="1" fail="0" skip="0">testeRequisicaoBasica</stat>
<stat pass="1" fail="0" skip="0">testeTiposDados</stat>
</tag>
<suite>
<stat pass="5" fail="0" skip="0" id="s1" name="Tests">Tests</stat>
<stat pass="5" fail="0" skip="0" id="s1-s1" name="Random-User-Test">Tests.Random-User-Test</stat>
</suite>
</statistics>
<errors>
</errors>
</robot>
