<?xml version="1.0" encoding="UTF-8"?>
<robot generator="Robot 7.0 (Python 3.12.2 on linux)" generated="2024-04-13T00:50:15.753410" rpa="false" schemaversion="5">
<suite id="s1" name="Tests" source="/home/runner/work/DesafioQAItauRogerioJordao/DesafioQAItauRogerioJordao/RamdonUser/tests">
<suite id="s1-s1" name="Random-User-Test" source="/home/runner/work/DesafioQAItauRogerioJordao/DesafioQAItauRogerioJordao/RamdonUser/tests/random-user-test.robot">
<test id="s1-s1-t1" name="Conectar" line="13">
<kw name="Conectar API" owner="random-user-service">
<kw name="Create Session" owner="RequestsLibrary">
<msg time="2024-04-13T00:50:16.123633" level="INFO">Creating Session using : alias=consultarAPI, url=https://randomuser.me/, headers={},                     cookies={}, auth=None, timeout=None, proxies=None, verify=False,                     debug=0 </msg>
<arg>consultarAPI</arg>
<arg>${URL}</arg>
<doc>Create Session: create a HTTP session to a server</doc>
<status status="PASS" start="2024-04-13T00:50:16.123425" elapsed="0.000390"/>
</kw>
<status status="PASS" start="2024-04-13T00:50:16.122355" elapsed="0.001855"/>
</kw>
<status status="PASS" start="2024-04-13T00:50:16.121788" elapsed="0.002628"/>
</test>
<test id="s1-s1-t2" name="Validar retorno 200 e JSON Válido" line="16">
<kw name="Teste de Requisicao Basica" owner="random-user-service">
<kw name="GET On Session" owner="RequestsLibrary">
<msg time="2024-04-13T00:50:16.308766" level="INFO">GET Request : url=https://randomuser.me/api 
 path_url=/api 
 headers={'User-Agent': 'python-requests/2.31.0', 'Accept-Encoding': 'gzip, deflate', 'Accept': '*/*', 'Connection': 'keep-alive'} 
 body=None 
 </msg>
<msg time="2024-04-13T00:50:16.308916" level="INFO">GET Response : url=https://randomuser.me/api 
 status=200, reason=OK 
 headers={'Date': 'Sat, 13 Apr 2024 00:50:16 GMT', 'Content-Type': 'application/json; charset=utf-8', 'Transfer-Encoding': 'chunked', 'Connection': 'keep-alive', 'X-Powered-By': 'Express', 'Access-Control-Allow-Origin': '*', 'Cache-Control': 'no-cache', 'ETag': 'W/"4ae-15+YHbffy/T/ES0jzmrH1gZDOHY"', 'Vary': 'Accept-Encoding', 'Content-Encoding': 'gzip', 'CF-Cache-Status': 'DYNAMIC', 'Report-To': '{"endpoints":[{"url":"https:\\/\\/a.nel.cloudflare.com\\/report\\/v4?s=nslQwFMZta5UqFQb%2FcIFbwoksFc%2FonHsFxjLB6pdZpYuROqEwEjiccrScgb0pIcplSvrz6I%2BzJ3NQqd%2FEWm85lQOIws0x7CSIwPWP0tFrB4nCJXQbD7Spwwqq9YyD4gX"}],"group":"cf-nel","max_age":604800}', 'NEL': '{"success_fraction":0,"report_to":"cf-nel","max_age":604800}', 'Server': 'cloudflare', 'CF-RAY': '87377603bf8b823f-IAD', 'alt-svc': 'h3=":443"; ma=86400'} 
 body={"results":[{"gender":"female","name":{"title":"Mademoiselle","first":"Anaïs","last":"Denis"},"location":{"street":{"number":1156,"name":"Place de L'Europe"},"city":"La Rippe","state":"Basel-Stadt","country":"Switzerland","postcode":7831,"coordinates":{"latitude":"-60.7205","longitude":"81.1363"},"timezone":{"offset":"+10:00","description":"Eastern Australia, Guam, Vladivostok"}},"email":"anais.denis@example.com","login":{"uuid":"03cf1372-73af-48ff-8c8d-0326c0ce19a9","username":"ticklishbear316","password":"kiwi","salt":"mO7F97WY","md5":"446a455e6a594a73417ac1c41324d0b6","sha1":"b75f12e17b3729eac227e618f3bfaf2e19bc22fe","sha256":"bfff896b276e5624ec285b54b78727c3fe48e32a6c2fc4473cf2717a1672a345"},"dob":{"date":"1954-04-24T23:55:39.857Z","age":69},"registered":{"date":"2010-11-05T11:28:26.109Z","age":13},"phone":"079 056 66 02","cell":"075 102 09 32","id":{"name":"AVS","value":"756.3913.1912.33"},"picture":{"large":"https://randomuser.me/api/portraits/women/74.jpg","medium":"https://randomuser.me/api/portraits/med/women/74.jpg","thumbnail":"https://randomuser.me/api/portraits/thumb/women/74.jpg"},"nat":"CH"}],"info":{"seed":"0815e6c9478b924d","results":1,"page":1,"version":"1.4"}} 
 </msg>
<msg time="2024-04-13T00:50:16.309005" level="INFO">/opt/hostedtoolcache/Python/3.12.2/x64/lib/python3.12/site-packages/urllib3/connectionpool.py:1103: InsecureRequestWarning: Unverified HTTPS request is being made to host 'randomuser.me'. Adding certificate verification is strongly advised. See: https://urllib3.readthedocs.io/en/latest/advanced-usage.html#tls-warnings
  warnings.warn(</msg>
<msg time="2024-04-13T00:50:16.309154" level="INFO">${response} = &lt;Response [200]&gt;</msg>
<var>${response}</var>
<arg>consultarAPI</arg>
<arg>/api</arg>
<doc>Sends a GET request on a previously created HTTP Session.</doc>
<status status="PASS" start="2024-04-13T00:50:16.127010" elapsed="0.182185"/>
</kw>
<kw name="Should Be Equal As Numbers" owner="BuiltIn">
<msg time="2024-04-13T00:50:16.310199" level="INFO">Argument types are:
&lt;class 'int'&gt;
&lt;class 'str'&gt;</msg>
<arg>${response.status_code}</arg>
<arg>200</arg>
<doc>Fails if objects are unequal after converting them to real numbers.</doc>
<status status="PASS" start="2024-04-13T00:50:16.309734" elapsed="0.000537"/>
</kw>
<kw name="Log" owner="BuiltIn">
<msg time="2024-04-13T00:50:16.310969" level="INFO">200</msg>
<arg>${response.status_code}</arg>
<doc>Logs the given message with the given level.</doc>
<status status="PASS" start="2024-04-13T00:50:16.310608" elapsed="0.000405"/>
</kw>
<kw name="Set Variable" owner="BuiltIn">
<msg time="2024-04-13T00:50:16.311804" level="INFO">${json_data} = {'results': [{'gender': 'female', 'name': {'title': 'Mademoiselle', 'first': 'Anaïs', 'last': 'Denis'}, 'location': {'street': {'number': 1156, 'name': "Place de L'Europe"}, 'city': 'La Rippe', 'state...</msg>
<var>${json_data}</var>
<arg>${response.json()}</arg>
<doc>Returns the given values which can then be assigned to a variables.</doc>
<status status="PASS" start="2024-04-13T00:50:16.311353" elapsed="0.000507"/>
</kw>
<kw name="Dictionary Should Contain Key" owner="Collections">
<msg time="2024-04-13T00:50:16.312348" level="INFO">False</msg>
<arg>${json_data}</arg>
<arg>results</arg>
<doc>Fails if ``key`` is not found from ``dictionary``.</doc>
<status status="PASS" start="2024-04-13T00:50:16.312177" elapsed="0.000211"/>
</kw>
<status status="PASS" start="2024-04-13T00:50:16.126758" elapsed="0.185895"/>
</kw>
<doc>Testa se a API responde corretamente e retorna um objeto JSON válido.</doc>
<tag>testeRequisicaoBasica</tag>
<status status="PASS" start="2024-04-13T00:50:16.126291" elapsed="0.186555"/>
</test>
<test id="s1-s1-t3" name="Validar estrutura de resposta" line="22">
<kw name="Teste de Estrutura de Resposta" owner="random-user-service">
<kw name="GET On Session" owner="RequestsLibrary">
<msg time="2024-04-13T00:50:16.412822" level="INFO">GET Request : url=https://randomuser.me/api 
 path_url=/api 
 headers={'User-Agent': 'python-requests/2.31.0', 'Accept-Encoding': 'gzip, deflate', 'Accept': '*/*', 'Connection': 'keep-alive'} 
 body=None 
 </msg>
<msg time="2024-04-13T00:50:16.412921" level="INFO">GET Response : url=https://randomuser.me/api 
 status=200, reason=OK 
 headers={'Date': 'Sat, 13 Apr 2024 00:50:16 GMT', 'Content-Type': 'application/json; charset=utf-8', 'Transfer-Encoding': 'chunked', 'Connection': 'keep-alive', 'X-Powered-By': 'Express', 'Access-Control-Allow-Origin': '*', 'Cache-Control': 'no-cache', 'ETag': 'W/"47e-yaDSO08Zi0LkAKCNO82rF+9HoYE"', 'Vary': 'Accept-Encoding', 'Content-Encoding': 'gzip', 'CF-Cache-Status': 'DYNAMIC', 'Report-To': '{"endpoints":[{"url":"https:\\/\\/a.nel.cloudflare.com\\/report\\/v4?s=rlvGWCi4JZanbYCqP81Mckttk2wc6xcSclzQo7GhP8omSpX8rWX53e0VMtF%2BeNhaLBpDLO5DAoClydtO3HF4dnnhAY2y7RCOa4uQLBsxExHFliiGbPh9a5Xal15W1WjN"}],"group":"cf-nel","max_age":604800}', 'NEL': '{"success_fraction":0,"report_to":"cf-nel","max_age":604800}', 'Server': 'cloudflare', 'CF-RAY': '87377603ffe8823f-IAD', 'alt-svc': 'h3=":443"; ma=86400'} 
 body={"results":[{"gender":"female","name":{"title":"Mrs","first":"Oda","last":"Reed"},"location":{"street":{"number":9235,"name":"Grindbakken"},"city":"Nesgrenda","state":"Nordland","country":"Norway","postcode":"4902","coordinates":{"latitude":"41.9431","longitude":"153.7733"},"timezone":{"offset":"+1:00","description":"Brussels, Copenhagen, Madrid, Paris"}},"email":"oda.reed@example.com","login":{"uuid":"ca67e487-a7fc-413a-85a1-34da18c48450","username":"bigduck373","password":"nicolas","salt":"C0XgnNdu","md5":"5e9a86c223e837a36d20c94b1ab8550d","sha1":"e01f4bf0c4374343ff2630153a6375fdd1621afd","sha256":"b141a45419b41e6e3e404ba7b4e487261a69081213f97ef07c417f2d688034fd"},"dob":{"date":"1991-10-28T00:44:52.706Z","age":32},"registered":{"date":"2015-03-21T23:34:51.091Z","age":9},"phone":"67252307","cell":"92690844","id":{"name":"FN","value":"28109147682"},"picture":{"large":"https://randomuser.me/api/portraits/women/11.jpg","medium":"https://randomuser.me/api/portraits/med/women/11.jpg","thumbnail":"https://randomuser.me/api/portraits/thumb/women/11.jpg"},"nat":"NO"}],"info":{"seed":"25f212c4f168e4c6","results":1,"page":1,"version":"1.4"}} 
 </msg>
<msg time="2024-04-13T00:50:16.413068" level="INFO">/opt/hostedtoolcache/Python/3.12.2/x64/lib/python3.12/site-packages/urllib3/connectionpool.py:1103: InsecureRequestWarning: Unverified HTTPS request is being made to host 'randomuser.me'. Adding certificate verification is strongly advised. See: https://urllib3.readthedocs.io/en/latest/advanced-usage.html#tls-warnings
  warnings.warn(</msg>
<msg time="2024-04-13T00:50:16.413191" level="INFO">${response} = &lt;Response [200]&gt;</msg>
<var>${response}</var>
<arg>consultarAPI</arg>
<arg>/api</arg>
<doc>Sends a GET request on a previously created HTTP Session.</doc>
<status status="PASS" start="2024-04-13T00:50:16.316081" elapsed="0.097146"/>
</kw>
<kw name="Set Variable" owner="BuiltIn">
<msg time="2024-04-13T00:50:16.414292" level="INFO">${json_data} = {'results': [{'gender': 'female', 'name': {'title': 'Mrs', 'first': 'Oda', 'last': 'Reed'}, 'location': {'street': {'number': 9235, 'name': 'Grindbakken'}, 'city': 'Nesgrenda', 'state': 'Nordland', 'c...</msg>
<var>${json_data}</var>
<arg>${response.json()}</arg>
<doc>Returns the given values which can then be assigned to a variables.</doc>
<status status="PASS" start="2024-04-13T00:50:16.413760" elapsed="0.000567"/>
</kw>
<kw name="Log" owner="BuiltIn">
<msg time="2024-04-13T00:50:16.414812" level="INFO">{'results': [{'gender': 'female', 'name': {'title': 'Mrs', 'first': 'Oda', 'last': 'Reed'}, 'location': {'street': {'number': 9235, 'name': 'Grindbakken'}, 'city': 'Nesgrenda', 'state': 'Nordland', 'country': 'Norway', 'postcode': '4902', 'coordinates': {'latitude': '41.9431', 'longitude': '153.7733'}, 'timezone': {'offset': '+1:00', 'description': 'Brussels, Copenhagen, Madrid, Paris'}}, 'email': 'oda.reed@example.com', 'login': {'uuid': 'ca67e487-a7fc-413a-85a1-34da18c48450', 'username': 'bigduck373', 'password': 'nicolas', 'salt': 'C0XgnNdu', 'md5': '5e9a86c223e837a36d20c94b1ab8550d', 'sha1': 'e01f4bf0c4374343ff2630153a6375fdd1621afd', 'sha256': 'b141a45419b41e6e3e404ba7b4e487261a69081213f97ef07c417f2d688034fd'}, 'dob': {'date': '1991-10-28T00:44:52.706Z', 'age': 32}, 'registered': {'date': '2015-03-21T23:34:51.091Z', 'age': 9}, 'phone': '67252307', 'cell': '92690844', 'id': {'name': 'FN', 'value': '28109147682'}, 'picture': {'large': 'https://randomuser.me/api/portraits/women/11.jpg', 'medium': 'https://randomuser.me/api/portraits/med/women/11.jpg', 'thumbnail': 'https://randomuser.me/api/portraits/thumb/women/11.jpg'}, 'nat': 'NO'}], 'info': {'seed': '25f212c4f168e4c6', 'results': 1, 'page': 1, 'version': '1.4'}}</msg>
<arg>${json_data}</arg>
<doc>Logs the given message with the given level.</doc>
<status status="PASS" start="2024-04-13T00:50:16.414648" elapsed="0.000214"/>
</kw>
<kw name="Dictionary Should Contain Key" owner="Collections">
<msg time="2024-04-13T00:50:16.415331" level="INFO">False</msg>
<arg>${json_data}</arg>
<arg>results</arg>
<doc>Fails if ``key`` is not found from ``dictionary``.</doc>
<status status="PASS" start="2024-04-13T00:50:16.415169" elapsed="0.000200"/>
</kw>
<kw name="Should Not Be Empty" owner="BuiltIn">
<msg time="2024-04-13T00:50:16.415805" level="INFO">Length is 2.</msg>
<arg>${json_data}</arg>
<doc>Verifies that the given item is not empty.</doc>
<status status="PASS" start="2024-04-13T00:50:16.415670" elapsed="0.000217"/>
</kw>
<kw name="Create List" owner="BuiltIn">
<msg time="2024-04-13T00:50:16.416372" level="INFO">${expected_keys} = ['gender', 'name', 'location', 'email', 'login']</msg>
<var>${expected_keys}</var>
<arg>gender</arg>
<arg>name</arg>
<arg>location</arg>
<arg>email</arg>
<arg>login</arg>
<doc>Returns a list containing given items.</doc>
<status status="PASS" start="2024-04-13T00:50:16.416220" elapsed="0.000177"/>
</kw>
<for flavor="IN">
<iter>
<kw name="Dictionary Should Contain Key" owner="Collections">
<msg time="2024-04-13T00:50:16.417395" level="INFO">False</msg>
<arg>${json_data['results'][0]}</arg>
<arg>${key}</arg>
<doc>Fails if ``key`` is not found from ``dictionary``.</doc>
<status status="PASS" start="2024-04-13T00:50:16.416996" elapsed="0.000439"/>
</kw>
<kw name="Log" owner="BuiltIn">
<msg time="2024-04-13T00:50:16.418121" level="INFO">{'gender': 'female', 'name': {'title': 'Mrs', 'first': 'Oda', 'last': 'Reed'}, 'location': {'street': {'number': 9235, 'name': 'Grindbakken'}, 'city': 'Nesgrenda', 'state': 'Nordland', 'country': 'Norway', 'postcode': '4902', 'coordinates': {'latitude': '41.9431', 'longitude': '153.7733'}, 'timezone': {'offset': '+1:00', 'description': 'Brussels, Copenhagen, Madrid, Paris'}}, 'email': 'oda.reed@example.com', 'login': {'uuid': 'ca67e487-a7fc-413a-85a1-34da18c48450', 'username': 'bigduck373', 'password': 'nicolas', 'salt': 'C0XgnNdu', 'md5': '5e9a86c223e837a36d20c94b1ab8550d', 'sha1': 'e01f4bf0c4374343ff2630153a6375fdd1621afd', 'sha256': 'b141a45419b41e6e3e404ba7b4e487261a69081213f97ef07c417f2d688034fd'}, 'dob': {'date': '1991-10-28T00:44:52.706Z', 'age': 32}, 'registered': {'date': '2015-03-21T23:34:51.091Z', 'age': 9}, 'phone': '67252307', 'cell': '92690844', 'id': {'name': 'FN', 'value': '28109147682'}, 'picture': {'large': 'https://randomuser.me/api/portraits/women/11.jpg', 'medium': 'https://randomuser.me/api/portraits/med/women/11.jpg', 'thumbnail': 'https://randomuser.me/api/portraits/thumb/women/11.jpg'}, 'nat': 'NO'}</msg>
<arg>${json_data['results'][0]}</arg>
<doc>Logs the given message with the given level.</doc>
<status status="PASS" start="2024-04-13T00:50:16.417749" elapsed="0.000422"/>
</kw>
<kw name="Log" owner="BuiltIn">
<msg time="2024-04-13T00:50:16.418605" level="INFO">gender</msg>
<arg>${key}</arg>
<doc>Logs the given message with the given level.</doc>
<status status="PASS" start="2024-04-13T00:50:16.418474" elapsed="0.000170"/>
</kw>
<var name="${key}">gender</var>
<status status="PASS" start="2024-04-13T00:50:16.416867" elapsed="0.001997"/>
</iter>
<iter>
<kw name="Dictionary Should Contain Key" owner="Collections">
<msg time="2024-04-13T00:50:16.419553" level="INFO">False</msg>
<arg>${json_data['results'][0]}</arg>
<arg>${key}</arg>
<doc>Fails if ``key`` is not found from ``dictionary``.</doc>
<status status="PASS" start="2024-04-13T00:50:16.419169" elapsed="0.000422"/>
</kw>
<kw name="Log" owner="BuiltIn">
<msg time="2024-04-13T00:50:16.420336" level="INFO">{'gender': 'female', 'name': {'title': 'Mrs', 'first': 'Oda', 'last': 'Reed'}, 'location': {'street': {'number': 9235, 'name': 'Grindbakken'}, 'city': 'Nesgrenda', 'state': 'Nordland', 'country': 'Norway', 'postcode': '4902', 'coordinates': {'latitude': '41.9431', 'longitude': '153.7733'}, 'timezone': {'offset': '+1:00', 'description': 'Brussels, Copenhagen, Madrid, Paris'}}, 'email': 'oda.reed@example.com', 'login': {'uuid': 'ca67e487-a7fc-413a-85a1-34da18c48450', 'username': 'bigduck373', 'password': 'nicolas', 'salt': 'C0XgnNdu', 'md5': '5e9a86c223e837a36d20c94b1ab8550d', 'sha1': 'e01f4bf0c4374343ff2630153a6375fdd1621afd', 'sha256': 'b141a45419b41e6e3e404ba7b4e487261a69081213f97ef07c417f2d688034fd'}, 'dob': {'date': '1991-10-28T00:44:52.706Z', 'age': 32}, 'registered': {'date': '2015-03-21T23:34:51.091Z', 'age': 9}, 'phone': '67252307', 'cell': '92690844', 'id': {'name': 'FN', 'value': '28109147682'}, 'picture': {'large': 'https://randomuser.me/api/portraits/women/11.jpg', 'medium': 'https://randomuser.me/api/portraits/med/women/11.jpg', 'thumbnail': 'https://randomuser.me/api/portraits/thumb/women/11.jpg'}, 'nat': 'NO'}</msg>
<arg>${json_data['results'][0]}</arg>
<doc>Logs the given message with the given level.</doc>
<status status="PASS" start="2024-04-13T00:50:16.419959" elapsed="0.000426"/>
</kw>
<kw name="Log" owner="BuiltIn">
<msg time="2024-04-13T00:50:16.420820" level="INFO">name</msg>
<arg>${key}</arg>
<doc>Logs the given message with the given level.</doc>
<status status="PASS" start="2024-04-13T00:50:16.420689" elapsed="0.000171"/>
</kw>
<var name="${key}">name</var>
<status status="PASS" start="2024-04-13T00:50:16.419054" elapsed="0.002028"/>
</iter>
<iter>
<kw name="Dictionary Should Contain Key" owner="Collections">
<msg time="2024-04-13T00:50:16.421761" level="INFO">False</msg>
<arg>${json_data['results'][0]}</arg>
<arg>${key}</arg>
<doc>Fails if ``key`` is not found from ``dictionary``.</doc>
<status status="PASS" start="2024-04-13T00:50:16.421375" elapsed="0.000426"/>
</kw>
<kw name="Log" owner="BuiltIn">
<msg time="2024-04-13T00:50:16.422466" level="INFO">{'gender': 'female', 'name': {'title': 'Mrs', 'first': 'Oda', 'last': 'Reed'}, 'location': {'street': {'number': 9235, 'name': 'Grindbakken'}, 'city': 'Nesgrenda', 'state': 'Nordland', 'country': 'Norway', 'postcode': '4902', 'coordinates': {'latitude': '41.9431', 'longitude': '153.7733'}, 'timezone': {'offset': '+1:00', 'description': 'Brussels, Copenhagen, Madrid, Paris'}}, 'email': 'oda.reed@example.com', 'login': {'uuid': 'ca67e487-a7fc-413a-85a1-34da18c48450', 'username': 'bigduck373', 'password': 'nicolas', 'salt': 'C0XgnNdu', 'md5': '5e9a86c223e837a36d20c94b1ab8550d', 'sha1': 'e01f4bf0c4374343ff2630153a6375fdd1621afd', 'sha256': 'b141a45419b41e6e3e404ba7b4e487261a69081213f97ef07c417f2d688034fd'}, 'dob': {'date': '1991-10-28T00:44:52.706Z', 'age': 32}, 'registered': {'date': '2015-03-21T23:34:51.091Z', 'age': 9}, 'phone': '67252307', 'cell': '92690844', 'id': {'name': 'FN', 'value': '28109147682'}, 'picture': {'large': 'https://randomuser.me/api/portraits/women/11.jpg', 'medium': 'https://randomuser.me/api/portraits/med/women/11.jpg', 'thumbnail': 'https://randomuser.me/api/portraits/thumb/women/11.jpg'}, 'nat': 'NO'}</msg>
<arg>${json_data['results'][0]}</arg>
<doc>Logs the given message with the given level.</doc>
<status status="PASS" start="2024-04-13T00:50:16.422108" elapsed="0.000413"/>
</kw>
<kw name="Log" owner="BuiltIn">
<msg time="2024-04-13T00:50:16.422950" level="INFO">location</msg>
<arg>${key}</arg>
<doc>Logs the given message with the given level.</doc>
<status status="PASS" start="2024-04-13T00:50:16.422821" elapsed="0.000168"/>
</kw>
<var name="${key}">location</var>
<status status="PASS" start="2024-04-13T00:50:16.421263" elapsed="0.001943"/>
</iter>
<iter>
<kw name="Dictionary Should Contain Key" owner="Collections">
<msg time="2024-04-13T00:50:16.423904" level="INFO">False</msg>
<arg>${json_data['results'][0]}</arg>
<arg>${key}</arg>
<doc>Fails if ``key`` is not found from ``dictionary``.</doc>
<status status="PASS" start="2024-04-13T00:50:16.423494" elapsed="0.000454"/>
</kw>
<kw name="Log" owner="BuiltIn">
<msg time="2024-04-13T00:50:16.424621" level="INFO">{'gender': 'female', 'name': {'title': 'Mrs', 'first': 'Oda', 'last': 'Reed'}, 'location': {'street': {'number': 9235, 'name': 'Grindbakken'}, 'city': 'Nesgrenda', 'state': 'Nordland', 'country': 'Norway', 'postcode': '4902', 'coordinates': {'latitude': '41.9431', 'longitude': '153.7733'}, 'timezone': {'offset': '+1:00', 'description': 'Brussels, Copenhagen, Madrid, Paris'}}, 'email': 'oda.reed@example.com', 'login': {'uuid': 'ca67e487-a7fc-413a-85a1-34da18c48450', 'username': 'bigduck373', 'password': 'nicolas', 'salt': 'C0XgnNdu', 'md5': '5e9a86c223e837a36d20c94b1ab8550d', 'sha1': 'e01f4bf0c4374343ff2630153a6375fdd1621afd', 'sha256': 'b141a45419b41e6e3e404ba7b4e487261a69081213f97ef07c417f2d688034fd'}, 'dob': {'date': '1991-10-28T00:44:52.706Z', 'age': 32}, 'registered': {'date': '2015-03-21T23:34:51.091Z', 'age': 9}, 'phone': '67252307', 'cell': '92690844', 'id': {'name': 'FN', 'value': '28109147682'}, 'picture': {'large': 'https://randomuser.me/api/portraits/women/11.jpg', 'medium': 'https://randomuser.me/api/portraits/med/women/11.jpg', 'thumbnail': 'https://randomuser.me/api/portraits/thumb/women/11.jpg'}, 'nat': 'NO'}</msg>
<arg>${json_data['results'][0]}</arg>
<doc>Logs the given message with the given level.</doc>
<status status="PASS" start="2024-04-13T00:50:16.424257" elapsed="0.000413"/>
</kw>
<kw name="Log" owner="BuiltIn">
<msg time="2024-04-13T00:50:16.425101" level="INFO">email</msg>
<arg>${key}</arg>
<doc>Logs the given message with the given level.</doc>
<status status="PASS" start="2024-04-13T00:50:16.424972" elapsed="0.000166"/>
</kw>
<var name="${key}">email</var>
<status status="PASS" start="2024-04-13T00:50:16.423383" elapsed="0.001969"/>
</iter>
<iter>
<kw name="Dictionary Should Contain Key" owner="Collections">
<msg time="2024-04-13T00:50:16.426016" level="INFO">False</msg>
<arg>${json_data['results'][0]}</arg>
<arg>${key}</arg>
<doc>Fails if ``key`` is not found from ``dictionary``.</doc>
<status status="PASS" start="2024-04-13T00:50:16.425637" elapsed="0.000417"/>
</kw>
<kw name="Log" owner="BuiltIn">
<msg time="2024-04-13T00:50:16.426715" level="INFO">{'gender': 'female', 'name': {'title': 'Mrs', 'first': 'Oda', 'last': 'Reed'}, 'location': {'street': {'number': 9235, 'name': 'Grindbakken'}, 'city': 'Nesgrenda', 'state': 'Nordland', 'country': 'Norway', 'postcode': '4902', 'coordinates': {'latitude': '41.9431', 'longitude': '153.7733'}, 'timezone': {'offset': '+1:00', 'description': 'Brussels, Copenhagen, Madrid, Paris'}}, 'email': 'oda.reed@example.com', 'login': {'uuid': 'ca67e487-a7fc-413a-85a1-34da18c48450', 'username': 'bigduck373', 'password': 'nicolas', 'salt': 'C0XgnNdu', 'md5': '5e9a86c223e837a36d20c94b1ab8550d', 'sha1': 'e01f4bf0c4374343ff2630153a6375fdd1621afd', 'sha256': 'b141a45419b41e6e3e404ba7b4e487261a69081213f97ef07c417f2d688034fd'}, 'dob': {'date': '1991-10-28T00:44:52.706Z', 'age': 32}, 'registered': {'date': '2015-03-21T23:34:51.091Z', 'age': 9}, 'phone': '67252307', 'cell': '92690844', 'id': {'name': 'FN', 'value': '28109147682'}, 'picture': {'large': 'https://randomuser.me/api/portraits/women/11.jpg', 'medium': 'https://randomuser.me/api/portraits/med/women/11.jpg', 'thumbnail': 'https://randomuser.me/api/portraits/thumb/women/11.jpg'}, 'nat': 'NO'}</msg>
<arg>${json_data['results'][0]}</arg>
<doc>Logs the given message with the given level.</doc>
<status status="PASS" start="2024-04-13T00:50:16.426351" elapsed="0.000411"/>
</kw>
<kw name="Log" owner="BuiltIn">
<msg time="2024-04-13T00:50:16.427186" level="INFO">login</msg>
<arg>${key}</arg>
<doc>Logs the given message with the given level.</doc>
<status status="PASS" start="2024-04-13T00:50:16.427060" elapsed="0.000165"/>
</kw>
<var name="${key}">login</var>
<status status="PASS" start="2024-04-13T00:50:16.425526" elapsed="0.001943"/>
</iter>
<var>${key}</var>
<value>@{expected_keys}</value>
<status status="PASS" start="2024-04-13T00:50:16.416670" elapsed="0.010946"/>
</for>
<kw name="Create List" owner="BuiltIn">
<msg time="2024-04-13T00:50:16.427997" level="INFO">${expected_keysTwo} = ['username', 'password']</msg>
<var>${expected_keysTwo}</var>
<arg>username</arg>
<arg>password</arg>
<doc>Returns a list containing given items.</doc>
<status status="PASS" start="2024-04-13T00:50:16.427823" elapsed="0.000199"/>
</kw>
<for flavor="IN">
<iter>
<kw name="Dictionary Should Contain Key" owner="Collections">
<msg time="2024-04-13T00:50:16.429030" level="INFO">False</msg>
<arg>${json_data['results'][0]['login']}</arg>
<arg>${keyTwo}</arg>
<doc>Fails if ``key`` is not found from ``dictionary``.</doc>
<status status="PASS" start="2024-04-13T00:50:16.428642" elapsed="0.000427"/>
</kw>
<kw name="Dictionary Should Contain Key" owner="Collections">
<msg time="2024-04-13T00:50:16.429750" level="INFO">False</msg>
<arg>${json_data['results'][0]['login']}</arg>
<arg>${keyTwo}</arg>
<doc>Fails if ``key`` is not found from ``dictionary``.</doc>
<status status="PASS" start="2024-04-13T00:50:16.429370" elapsed="0.000418"/>
</kw>
<kw name="Log" owner="BuiltIn">
<msg time="2024-04-13T00:50:16.430215" level="INFO">username</msg>
<arg>${keyTwo}</arg>
<doc>Logs the given message with the given level.</doc>
<status status="PASS" start="2024-04-13T00:50:16.430085" elapsed="0.000168"/>
</kw>
<var name="${keyTwo}">username</var>
<status status="PASS" start="2024-04-13T00:50:16.428529" elapsed="0.001938"/>
</iter>
<iter>
<kw name="Dictionary Should Contain Key" owner="Collections">
<msg time="2024-04-13T00:50:16.431129" level="INFO">False</msg>
<arg>${json_data['results'][0]['login']}</arg>
<arg>${keyTwo}</arg>
<doc>Fails if ``key`` is not found from ``dictionary``.</doc>
<status status="PASS" start="2024-04-13T00:50:16.430754" elapsed="0.000412"/>
</kw>
<kw name="Dictionary Should Contain Key" owner="Collections">
<msg time="2024-04-13T00:50:16.431862" level="INFO">False</msg>
<arg>${json_data['results'][0]['login']}</arg>
<arg>${keyTwo}</arg>
<doc>Fails if ``key`` is not found from ``dictionary``.</doc>
<status status="PASS" start="2024-04-13T00:50:16.431460" elapsed="0.000441"/>
</kw>
<kw name="Log" owner="BuiltIn">
<msg time="2024-04-13T00:50:16.432342" level="INFO">password</msg>
<arg>${keyTwo}</arg>
<doc>Logs the given message with the given level.</doc>
<status status="PASS" start="2024-04-13T00:50:16.432215" elapsed="0.000166"/>
</kw>
<var name="${keyTwo}">password</var>
<status status="PASS" start="2024-04-13T00:50:16.430643" elapsed="0.001951"/>
</iter>
<var>${keyTwo}</var>
<value>@{expected_keysTwo}</value>
<status status="PASS" start="2024-04-13T00:50:16.428266" elapsed="0.004448"/>
</for>
<status status="PASS" start="2024-04-13T00:50:16.315710" elapsed="0.117149"/>
</kw>
<doc>Testa a estrutura da resposta da API.</doc>
<tag>testeEstruturaResposta</tag>
<status status="PASS" start="2024-04-13T00:50:16.314723" elapsed="0.118302"/>
</test>
<test id="s1-s1-t4" name="Validar tipos de dados" line="28">
<kw name="Teste de Tipos de Dados" owner="random-user-service">
<kw name="GET On Session" owner="RequestsLibrary">
<msg time="2024-04-13T00:50:16.556411" level="INFO">GET Request : url=https://randomuser.me/api 
 path_url=/api 
 headers={'User-Agent': 'python-requests/2.31.0', 'Accept-Encoding': 'gzip, deflate', 'Accept': '*/*', 'Connection': 'keep-alive'} 
 body=None 
 </msg>
<msg time="2024-04-13T00:50:16.556509" level="INFO">GET Response : url=https://randomuser.me/api 
 status=200, reason=OK 
 headers={'Date': 'Sat, 13 Apr 2024 00:50:16 GMT', 'Content-Type': 'application/json; charset=utf-8', 'Transfer-Encoding': 'chunked', 'Connection': 'keep-alive', 'X-Powered-By': 'Express', 'Access-Control-Allow-Origin': '*', 'Cache-Control': 'no-cache', 'ETag': 'W/"499-ZLjy6gNzP0M1KkcYMGuCZoDnJZQ"', 'Vary': 'Accept-Encoding', 'Content-Encoding': 'gzip', 'CF-Cache-Status': 'DYNAMIC', 'Report-To': '{"endpoints":[{"url":"https:\\/\\/a.nel.cloudflare.com\\/report\\/v4?s=zK5b6gVMo8XsCQSQ6ooi9FvXNioG8tcw5olvIB1xx6DIRfEVpDplamIM0ZZbGa7Mu1UzGQ2PTfWrj2JO9WXkXCDbHPfjM%2F3rMa10SAR8l16WOwoVQFAeUK6D5KbxEivZ"}],"group":"cf-nel","max_age":604800}', 'NEL': '{"success_fraction":0,"report_to":"cf-nel","max_age":604800}', 'Server': 'cloudflare', 'CF-RAY': '87377604b8af823f-IAD', 'alt-svc': 'h3=":443"; ma=86400'} 
 body={"results":[{"gender":"female","name":{"title":"Ms","first":"Slavica","last":"Kalinić"},"location":{"street":{"number":5043,"name":"Dragoljuba Minića"},"city":"Topola","state":"Kosovska Mitrovica","country":"Serbia","postcode":21662,"coordinates":{"latitude":"61.5908","longitude":"60.1714"},"timezone":{"offset":"-1:00","description":"Azores, Cape Verde Islands"}},"email":"slavica.kalinic@example.com","login":{"uuid":"c4f683d4-28da-41ba-a16e-aab931614edc","username":"tinymouse667","password":"geronimo","salt":"FYOeSNOh","md5":"1ab23082ad85c8479f81d3335b23651c","sha1":"954cd03bd3057ef70dd83a42fdcb990f76253571","sha256":"5ffd90c11d33c3975844503b9c94548ce89d4cbfa7b7e2fe4366770fcb3931c9"},"dob":{"date":"1984-10-03T00:11:30.326Z","age":39},"registered":{"date":"2014-05-23T11:55:04.455Z","age":9},"phone":"014-0398-775","cell":"066-6125-313","id":{"name":"SID","value":"099403741"},"picture":{"large":"https://randomuser.me/api/portraits/women/18.jpg","medium":"https://randomuser.me/api/portraits/med/women/18.jpg","thumbnail":"https://randomuser.me/api/portraits/thumb/women/18.jpg"},"nat":"RS"}],"info":{"seed":"1c48194607bc5c86","results":1,"page":1,"version":"1.4"}} 
 </msg>
<msg time="2024-04-13T00:50:16.556593" level="INFO">/opt/hostedtoolcache/Python/3.12.2/x64/lib/python3.12/site-packages/urllib3/connectionpool.py:1103: InsecureRequestWarning: Unverified HTTPS request is being made to host 'randomuser.me'. Adding certificate verification is strongly advised. See: https://urllib3.readthedocs.io/en/latest/advanced-usage.html#tls-warnings
  warnings.warn(</msg>
<msg time="2024-04-13T00:50:16.556714" level="INFO">${response} = &lt;Response [200]&gt;</msg>
<var>${response}</var>
<arg>consultarAPI</arg>
<arg>/api</arg>
<doc>Sends a GET request on a previously created HTTP Session.</doc>
<status status="PASS" start="2024-04-13T00:50:16.435622" elapsed="0.121139"/>
</kw>
<kw name="Set Variable" owner="BuiltIn">
<msg time="2024-04-13T00:50:16.557771" level="INFO">${json_data} = {'results': [{'gender': 'female', 'name': {'title': 'Ms', 'first': 'Slavica', 'last': 'Kalinić'}, 'location': {'street': {'number': 5043, 'name': 'Dragoljuba Minića'}, 'city': 'Topola', 'state': 'Koso...</msg>
<var>${json_data}</var>
<arg>${response.json()}</arg>
<doc>Returns the given values which can then be assigned to a variables.</doc>
<status status="PASS" start="2024-04-13T00:50:16.557254" elapsed="0.000548"/>
</kw>
<kw name="Log" owner="BuiltIn">
<msg time="2024-04-13T00:50:16.558279" level="INFO">{'results': [{'gender': 'female', 'name': {'title': 'Ms', 'first': 'Slavica', 'last': 'Kalinić'}, 'location': {'street': {'number': 5043, 'name': 'Dragoljuba Minića'}, 'city': 'Topola', 'state': 'Kosovska Mitrovica', 'country': 'Serbia', 'postcode': 21662, 'coordinates': {'latitude': '61.5908', 'longitude': '60.1714'}, 'timezone': {'offset': '-1:00', 'description': 'Azores, Cape Verde Islands'}}, 'email': 'slavica.kalinic@example.com', 'login': {'uuid': 'c4f683d4-28da-41ba-a16e-aab931614edc', 'username': 'tinymouse667', 'password': 'geronimo', 'salt': 'FYOeSNOh', 'md5': '1ab23082ad85c8479f81d3335b23651c', 'sha1': '954cd03bd3057ef70dd83a42fdcb990f76253571', 'sha256': '5ffd90c11d33c3975844503b9c94548ce89d4cbfa7b7e2fe4366770fcb3931c9'}, 'dob': {'date': '1984-10-03T00:11:30.326Z', 'age': 39}, 'registered': {'date': '2014-05-23T11:55:04.455Z', 'age': 9}, 'phone': '014-0398-775', 'cell': '066-6125-313', 'id': {'name': 'SID', 'value': '099403741'}, 'picture': {'large': 'https://randomuser.me/api/portraits/women/18.jpg', 'medium': 'https://randomuser.me/api/portraits/med/women/18.jpg', 'thumbnail': 'https://randomuser.me/api/portraits/thumb/women/18.jpg'}, 'nat': 'RS'}], 'info': {'seed': '1c48194607bc5c86', 'results': 1, 'page': 1, 'version': '1.4'}}</msg>
<arg>${json_data}</arg>
<doc>Logs the given message with the given level.</doc>
<status status="PASS" start="2024-04-13T00:50:16.558115" elapsed="0.000251"/>
</kw>
<kw name="Should Be String" owner="String">
<arg>${json_data['results'][0]['gender']}</arg>
<doc>Fails if the given ``item`` is not a string.</doc>
<status status="PASS" start="2024-04-13T00:50:16.558700" elapsed="0.000375"/>
</kw>
<kw name="Should Match Regexp" owner="BuiltIn">
<arg>${json_data['results'][0]['email']}</arg>
<arg>^[a-zA-Z0-9._%+-]+@[a-zA-Z0-9.-]+\.[a-zA-Z]{2,}$</arg>
<doc>Fails if ``string`` does not match ``pattern`` as a regular expression.</doc>
<status status="PASS" start="2024-04-13T00:50:16.559267" elapsed="0.000508"/>
</kw>
<kw name="Should Match Regexp" owner="BuiltIn">
<arg>${json_data['results'][0]['dob']['date']}</arg>
<arg>\\d{4}-\\d{2}-\\d{2}T\\d{2}:\\d{2}:\\d{2}\\.\\d{3}Z</arg>
<doc>Fails if ``string`` does not match ``pattern`` as a regular expression.</doc>
<status status="PASS" start="2024-04-13T00:50:16.560008" elapsed="0.000502"/>
</kw>
<kw name="Should Match Regexp" owner="BuiltIn">
<arg>${json_data['results'][0]['registered']['date']}</arg>
<arg>\\d{4}-\\d{2}-\\d{2}T\\d{2}:\\d{2}:\\d{2}\\.\\d{3}Z</arg>
<doc>Fails if ``string`` does not match ``pattern`` as a regular expression.</doc>
<status status="PASS" start="2024-04-13T00:50:16.560703" elapsed="0.000371"/>
</kw>
<kw name="Should Match Regexp" owner="BuiltIn">
<arg>${json_data['results'][0]['picture']['large']}</arg>
<arg>^https?://.*\.(?:png|jpe?g|gif|bmp)$</arg>
<doc>Fails if ``string`` does not match ``pattern`` as a regular expression.</doc>
<status status="PASS" start="2024-04-13T00:50:16.561259" elapsed="0.000454"/>
</kw>
<kw name="Should Match Regexp" owner="BuiltIn">
<arg>${json_data['results'][0]['picture']['medium']}</arg>
<arg>^https?://.*\.(?:png|jpe?g|gif|bmp)$</arg>
<doc>Fails if ``string`` does not match ``pattern`` as a regular expression.</doc>
<status status="PASS" start="2024-04-13T00:50:16.561901" elapsed="0.000356"/>
</kw>
<kw name="Should Match Regexp" owner="BuiltIn">
<arg>${json_data['results'][0]['picture']['thumbnail']}</arg>
<arg>^https?://.*\.(?:png|jpe?g|gif|bmp)$</arg>
<doc>Fails if ``string`` does not match ``pattern`` as a regular expression.</doc>
<status status="PASS" start="2024-04-13T00:50:16.562440" elapsed="0.000356"/>
</kw>
<kw name="Log" owner="BuiltIn">
<msg time="2024-04-13T00:50:16.563307" level="INFO">{'large': 'https://randomuser.me/api/portraits/women/18.jpg', 'medium': 'https://randomuser.me/api/portraits/med/women/18.jpg', 'thumbnail': 'https://randomuser.me/api/portraits/thumb/women/18.jpg'}</msg>
<arg>${json_data['results'][0]['picture']}</arg>
<doc>Logs the given message with the given level.</doc>
<status status="PASS" start="2024-04-13T00:50:16.562979" elapsed="0.000370"/>
</kw>
<status status="PASS" start="2024-04-13T00:50:16.435380" elapsed="0.128222"/>
</kw>
<kw name="Teste de Tipos de Dados - Postcode" owner="random-user-service">
<kw name="GET On Session" owner="RequestsLibrary">
<msg time="2024-04-13T00:50:16.609910" level="INFO">GET Request : url=https://randomuser.me/api 
 path_url=/api 
 headers={'User-Agent': 'python-requests/2.31.0', 'Accept-Encoding': 'gzip, deflate', 'Accept': '*/*', 'Connection': 'keep-alive'} 
 body=None 
 </msg>
<msg time="2024-04-13T00:50:16.609994" level="INFO">GET Response : url=https://randomuser.me/api 
 status=200, reason=OK 
 headers={'Date': 'Sat, 13 Apr 2024 00:50:16 GMT', 'Content-Type': 'application/json; charset=utf-8', 'Transfer-Encoding': 'chunked', 'Connection': 'keep-alive', 'X-Powered-By': 'Express', 'Access-Control-Allow-Origin': '*', 'Cache-Control': 'no-cache', 'ETag': 'W/"489-ATrKbd5KxjplxyXcQyUx6EBdrv0"', 'Vary': 'Accept-Encoding', 'Content-Encoding': 'gzip', 'CF-Cache-Status': 'DYNAMIC', 'Report-To': '{"endpoints":[{"url":"https:\\/\\/a.nel.cloudflare.com\\/report\\/v4?s=QV5y9jy2M5wa7QtZdZe6cvrlP9RnYiqv%2BdV8d0mbWEKBkeKHqVVxMYd4qYhPdsO977%2Fg7Pq5FoeMClAV2p2mWV67nH3e0XokxPvd%2B3ULWEjx5FHLmlXQg9P8fDizymIp"}],"group":"cf-nel","max_age":604800}', 'NEL': '{"success_fraction":0,"report_to":"cf-nel","max_age":604800}', 'Server': 'cloudflare', 'CF-RAY': '87377605898e823f-IAD', 'alt-svc': 'h3=":443"; ma=86400'} 
 body={"results":[{"gender":"female","name":{"title":"Madame","first":"Lotte","last":"Fabre"},"location":{"street":{"number":1095,"name":"Avenue Tony-Garnier"},"city":"Échallens","state":"Obwalden","country":"Switzerland","postcode":7788,"coordinates":{"latitude":"-63.4261","longitude":"163.5575"},"timezone":{"offset":"+4:30","description":"Kabul"}},"email":"lotte.fabre@example.com","login":{"uuid":"94aa1139-7a29-4661-87c1-e8153dca2b7b","username":"bigtiger566","password":"shepherd","salt":"MiKAAgGE","md5":"48a28284d4c5dd99ee1f93f5d08db69c","sha1":"1658e4d2f5c5b9f25d1a27a25819472befda2673","sha256":"3748c60a571df42a1c621b9b15204b8f7843ef468d36e0ef4a291ebc7a5f2141"},"dob":{"date":"1949-06-26T07:19:05.578Z","age":74},"registered":{"date":"2009-07-22T05:28:52.373Z","age":14},"phone":"078 174 67 88","cell":"075 530 75 23","id":{"name":"AVS","value":"756.7570.5378.10"},"picture":{"large":"https://randomuser.me/api/portraits/women/23.jpg","medium":"https://randomuser.me/api/portraits/med/women/23.jpg","thumbnail":"https://randomuser.me/api/portraits/thumb/women/23.jpg"},"nat":"CH"}],"info":{"seed":"77e97207d8b33d92","results":1,"page":1,"version":"1.4"}} 
 </msg>
<msg time="2024-04-13T00:50:16.610083" level="INFO">/opt/hostedtoolcache/Python/3.12.2/x64/lib/python3.12/site-packages/urllib3/connectionpool.py:1103: InsecureRequestWarning: Unverified HTTPS request is being made to host 'randomuser.me'. Adding certificate verification is strongly advised. See: https://urllib3.readthedocs.io/en/latest/advanced-usage.html#tls-warnings
  warnings.warn(</msg>
<msg time="2024-04-13T00:50:16.610178" level="INFO">${response} = &lt;Response [200]&gt;</msg>
<var>${response}</var>
<arg>consultarAPI</arg>
<arg>/api</arg>
<doc>Sends a GET request on a previously created HTTP Session.</doc>
<status status="PASS" start="2024-04-13T00:50:16.564090" elapsed="0.046116"/>
</kw>
<kw name="Set Variable" owner="BuiltIn">
<msg time="2024-04-13T00:50:16.611116" level="INFO">${json_data} = {'results': [{'gender': 'female', 'name': {'title': 'Madame', 'first': 'Lotte', 'last': 'Fabre'}, 'location': {'street': {'number': 1095, 'name': 'Avenue Tony-Garnier'}, 'city': 'Échallens', 'state': ...</msg>
<var>${json_data}</var>
<arg>${response.json()}</arg>
<doc>Returns the given values which can then be assigned to a variables.</doc>
<status status="PASS" start="2024-04-13T00:50:16.610652" elapsed="0.000492"/>
</kw>
<kw name="Log" owner="BuiltIn">
<msg time="2024-04-13T00:50:16.611604" level="INFO">{'results': [{'gender': 'female', 'name': {'title': 'Madame', 'first': 'Lotte', 'last': 'Fabre'}, 'location': {'street': {'number': 1095, 'name': 'Avenue Tony-Garnier'}, 'city': 'Échallens', 'state': 'Obwalden', 'country': 'Switzerland', 'postcode': 7788, 'coordinates': {'latitude': '-63.4261', 'longitude': '163.5575'}, 'timezone': {'offset': '+4:30', 'description': 'Kabul'}}, 'email': 'lotte.fabre@example.com', 'login': {'uuid': '94aa1139-7a29-4661-87c1-e8153dca2b7b', 'username': 'bigtiger566', 'password': 'shepherd', 'salt': 'MiKAAgGE', 'md5': '48a28284d4c5dd99ee1f93f5d08db69c', 'sha1': '1658e4d2f5c5b9f25d1a27a25819472befda2673', 'sha256': '3748c60a571df42a1c621b9b15204b8f7843ef468d36e0ef4a291ebc7a5f2141'}, 'dob': {'date': '1949-06-26T07:19:05.578Z', 'age': 74}, 'registered': {'date': '2009-07-22T05:28:52.373Z', 'age': 14}, 'phone': '078 174 67 88', 'cell': '075 530 75 23', 'id': {'name': 'AVS', 'value': '756.7570.5378.10'}, 'picture': {'large': 'https://randomuser.me/api/portraits/women/23.jpg', 'medium': 'https://randomuser.me/api/portraits/med/women/23.jpg', 'thumbnail': 'https://randomuser.me/api/portraits/thumb/women/23.jpg'}, 'nat': 'CH'}], 'info': {'seed': '77e97207d8b33d92', 'results': 1, 'page': 1, 'version': '1.4'}}</msg>
<arg>${json_data}</arg>
<doc>Logs the given message with the given level.</doc>
<status status="PASS" start="2024-04-13T00:50:16.611448" elapsed="0.000236"/>
</kw>
<kw name="Should Be Equal As Numbers" owner="BuiltIn">
<arg>${json_data['results'][0]['location']['postcode']}</arg>
<arg>${json_data['results'][0]['location']['postcode']}</arg>
<doc>Fails if objects are unequal after converting them to real numbers.</doc>
<status status="PASS" start="2024-04-13T00:50:16.612022" elapsed="0.000623"/>
</kw>
<kw name="Log" owner="BuiltIn">
<msg time="2024-04-13T00:50:16.613174" level="INFO">7788</msg>
<arg>${json_data['results'][0]['location']['postcode']}</arg>
<doc>Logs the given message with the given level.</doc>
<status status="PASS" start="2024-04-13T00:50:16.612838" elapsed="0.000376"/>
</kw>
<status status="PASS" start="2024-04-13T00:50:16.563826" elapsed="0.049644"/>
</kw>
<doc>Testa se os tipos de dados na resposta da API estão corretos.</doc>
<tag>testeTiposDados</tag>
<status status="PASS" start="2024-04-13T00:50:16.434810" elapsed="0.178829"/>
</test>
<test id="s1-s1-t5" name="Validar conteudo" line="35">
<kw name="Teste de Tipos de Conteudo" owner="random-user-service">
<kw name="GET On Session" owner="RequestsLibrary">
<msg time="2024-04-13T00:50:16.718368" level="INFO">GET Request : url=https://randomuser.me/api 
 path_url=/api 
 headers={'User-Agent': 'python-requests/2.31.0', 'Accept-Encoding': 'gzip, deflate', 'Accept': '*/*', 'Connection': 'keep-alive'} 
 body=None 
 </msg>
<msg time="2024-04-13T00:50:16.718446" level="INFO">GET Response : url=https://randomuser.me/api 
 status=200, reason=OK 
 headers={'Date': 'Sat, 13 Apr 2024 00:50:16 GMT', 'Content-Type': 'application/json; charset=utf-8', 'Transfer-Encoding': 'chunked', 'Connection': 'keep-alive', 'X-Powered-By': 'Express', 'Access-Control-Allow-Origin': '*', 'Cache-Control': 'no-cache', 'ETag': 'W/"48c-qLHwBJQJvdto+WHVWJ24u0ww4Ss"', 'Vary': 'Accept-Encoding', 'Content-Encoding': 'gzip', 'CF-Cache-Status': 'DYNAMIC', 'Report-To': '{"endpoints":[{"url":"https:\\/\\/a.nel.cloudflare.com\\/report\\/v4?s=w8hAalXNwMywVbk2OhHk2eRQWzqCXqs89pQqt9ToeiNxFkJsXlsGFLp5wbB5cOhmGY1Df5E%2FaSH%2Bu9TwxakfHYqIwIm%2BpUhb3jBb2DDjKR2QNiLchpXOuaxKUkqYF94f"}],"group":"cf-nel","max_age":604800}', 'NEL': '{"success_fraction":0,"report_to":"cf-nel","max_age":604800}', 'Server': 'cloudflare', 'CF-RAY': '87377605d9f0823f-IAD', 'alt-svc': 'h3=":443"; ma=86400'} 
 body={"results":[{"gender":"male","name":{"title":"Mr","first":"بنیامین","last":"مرادی"},"location":{"street":{"number":9450,"name":"میدان شهید نامجو"},"city":"ایلام","state":"فارس","country":"Iran","postcode":86355,"coordinates":{"latitude":"13.7851","longitude":"-29.1485"},"timezone":{"offset":"+7:00","description":"Bangkok, Hanoi, Jakarta"}},"email":"bnymyn.mrdy@example.com","login":{"uuid":"4adfc27d-b625-43d7-89e2-2016caa806e6","username":"tinydog253","password":"momomo","salt":"Tyitn2Dc","md5":"b99e3e33e5c2ed2fa22044579046b592","sha1":"96953665bcd91c36a3da2d6dcb554738a0a5d879","sha256":"5c060ab9afb7a1163184d5a7a8cf57dbaec9ffc64e06fd234d22063f4246b0f1"},"dob":{"date":"1944-12-06T02:57:17.823Z","age":79},"registered":{"date":"2004-01-28T18:36:05.755Z","age":20},"phone":"076-65039319","cell":"0951-478-2452","id":{"name":"","value":null},"picture":{"large":"https://randomuser.me/api/portraits/men/40.jpg","medium":"https://randomuser.me/api/portraits/med/men/40.jpg","thumbnail":"https://randomuser.me/api/portraits/thumb/men/40.jpg"},"nat":"IR"}],"info":{"seed":"eb8049a878a3fd37","results":1,"page":1,"version":"1.4"}} 
 </msg>
<msg time="2024-04-13T00:50:16.718514" level="INFO">/opt/hostedtoolcache/Python/3.12.2/x64/lib/python3.12/site-packages/urllib3/connectionpool.py:1103: InsecureRequestWarning: Unverified HTTPS request is being made to host 'randomuser.me'. Adding certificate verification is strongly advised. See: https://urllib3.readthedocs.io/en/latest/advanced-usage.html#tls-warnings
  warnings.warn(</msg>
<msg time="2024-04-13T00:50:16.718636" level="INFO">${response} = &lt;Response [200]&gt;</msg>
<var>${response}</var>
<arg>consultarAPI</arg>
<arg>/api</arg>
<doc>Sends a GET request on a previously created HTTP Session.</doc>
<status status="PASS" start="2024-04-13T00:50:16.616198" elapsed="0.102480"/>
</kw>
<kw name="Set Variable" owner="BuiltIn">
<msg time="2024-04-13T00:50:16.719806" level="INFO">${json_data} = {'results': [{'gender': 'male', 'name': {'title': 'Mr', 'first': 'بنیامین', 'last': 'مرادی'}, 'location': {'street': {'number': 9450, 'name': 'میدان شهید نامجو'}, 'city': 'ایلام', 'state': 'فارس', 'co...</msg>
<var>${json_data}</var>
<arg>${response.json()}</arg>
<doc>Returns the given values which can then be assigned to a variables.</doc>
<status status="PASS" start="2024-04-13T00:50:16.719238" elapsed="0.000642"/>
</kw>
<kw name="Set Variable" owner="BuiltIn">
<msg time="2024-04-13T00:50:16.720594" level="INFO">${name_title} = Mr</msg>
<var>${name_title}</var>
<arg>${json_data["results"][0]["name"]["title"]}</arg>
<doc>Returns the given values which can then be assigned to a variables.</doc>
<status status="PASS" start="2024-04-13T00:50:16.720205" elapsed="0.000414"/>
</kw>
<kw name="Create List" owner="BuiltIn">
<msg time="2024-04-13T00:50:16.721210" level="INFO">${allowed_titles} = ['Mr', 'Ms', 'Miss', 'Mrs', 'Madame', 'Monsieur']</msg>
<var>${allowed_titles}</var>
<arg>Mr</arg>
<arg>Ms</arg>
<arg>Miss</arg>
<arg>Mrs</arg>
<arg>Madame</arg>
<arg>Monsieur</arg>
<doc>Returns a list containing given items.</doc>
<status status="PASS" start="2024-04-13T00:50:16.721005" elapsed="0.000231"/>
</kw>
<kw name="List Should Contain Value" owner="Collections">
<msg time="2024-04-13T00:50:16.721723" level="INFO">False</msg>
<arg>${allowed_titles}</arg>
<arg>${name_title}</arg>
<doc>Fails if the ``value`` is not found from ``list``.</doc>
<status status="PASS" start="2024-04-13T00:50:16.721549" elapsed="0.000210"/>
</kw>
<kw name="Set Variable" owner="BuiltIn">
<msg time="2024-04-13T00:50:16.722435" level="INFO">${name_country} = IR</msg>
<var>${name_country}</var>
<arg>${json_data["results"][0]["nat"]}</arg>
<doc>Returns the given values which can then be assigned to a variables.</doc>
<status status="PASS" start="2024-04-13T00:50:16.722056" elapsed="0.000404"/>
</kw>
<kw name="Create List" owner="BuiltIn">
<msg time="2024-04-13T00:50:16.723382" level="INFO">${list_country} = ['AD', 'AE', 'AF', 'AG', 'AI', 'AL', 'AM', 'AO', 'AQ', 'AR', 'AS', 'AT', 'AU', 'AW', 'AX', 'AZ', 'BA', 'BB', 'BD', 'BE', 'BF', 'BG', 'BH', 'BI', 'BJ', 'BL', 'BM', 'BN', 'BO', 'BQ', 'BR', 'BS', 'BT', '...</msg>
<var>${list_country}</var>
<arg>AD</arg>
<arg>AE</arg>
<arg>AF</arg>
<arg>AG</arg>
<arg>AI</arg>
<arg>AL</arg>
<arg>AM</arg>
<arg>AO</arg>
<arg>AQ</arg>
<arg>AR</arg>
<arg>AS</arg>
<arg>AT</arg>
<arg>AU</arg>
<arg>AW</arg>
<arg>AX</arg>
<arg>AZ</arg>
<arg>BA</arg>
<arg>BB</arg>
<arg>BD</arg>
<arg>BE</arg>
<arg>BF</arg>
<arg>BG</arg>
<arg>BH</arg>
<arg>BI</arg>
<arg>BJ</arg>
<arg>BL</arg>
<arg>BM</arg>
<arg>BN</arg>
<arg>BO</arg>
<arg>BQ</arg>
<arg>BR</arg>
<arg>BS</arg>
<arg>BT</arg>
<arg>BV</arg>
<arg>BW</arg>
<arg>BY</arg>
<arg>BZ</arg>
<arg>CA</arg>
<arg>CC</arg>
<arg>CD</arg>
<arg>CF</arg>
<arg>CG</arg>
<arg>CH</arg>
<arg>CI</arg>
<arg>CK</arg>
<arg>CL</arg>
<arg>CM</arg>
<arg>CN</arg>
<arg>CO</arg>
<arg>CR</arg>
<arg>CU</arg>
<arg>CV</arg>
<arg>CW</arg>
<arg>CX</arg>
<arg>CY</arg>
<arg>CZ</arg>
<arg>DE</arg>
<arg>DJ</arg>
<arg>DK</arg>
<arg>DM</arg>
<arg>DO</arg>
<arg>DZ</arg>
<arg>EC</arg>
<arg>EE</arg>
<arg>EG</arg>
<arg>EH</arg>
<arg>ER</arg>
<arg>ES</arg>
<arg>ET</arg>
<arg>FI</arg>
<arg>FJ</arg>
<arg>FK</arg>
<arg>FM</arg>
<arg>FO</arg>
<arg>FR</arg>
<arg>GA</arg>
<arg>GB</arg>
<arg>GD</arg>
<arg>GE</arg>
<arg>GF</arg>
<arg>GG</arg>
<arg>GH</arg>
<arg>GI</arg>
<arg>GL</arg>
<arg>GM</arg>
<arg>GN</arg>
<arg>GP</arg>
<arg>GQ</arg>
<arg>GR</arg>
<arg>GS</arg>
<arg>GT</arg>
<arg>GU</arg>
<arg>GW</arg>
<arg>GY</arg>
<arg>HK</arg>
<arg>HM</arg>
<arg>HN</arg>
<arg>HR</arg>
<arg>HT</arg>
<arg>HU</arg>
<arg>ID</arg>
<arg>IE</arg>
<arg>IL</arg>
<arg>IM</arg>
<arg>IN</arg>
<arg>IO</arg>
<arg>IQ</arg>
<arg>IR</arg>
<arg>IS</arg>
<arg>IT</arg>
<arg>JE</arg>
<arg>JM</arg>
<arg>JO</arg>
<arg>JP</arg>
<arg>KE</arg>
<arg>KG</arg>
<arg>KH</arg>
<arg>KI</arg>
<arg>KM</arg>
<arg>KN</arg>
<arg>KP</arg>
<arg>KR</arg>
<arg>KW</arg>
<arg>KY</arg>
<arg>KZ</arg>
<arg>LA</arg>
<arg>LB</arg>
<arg>LC</arg>
<arg>LI</arg>
<arg>LK</arg>
<arg>LR</arg>
<arg>LS</arg>
<arg>LT</arg>
<arg>LU</arg>
<arg>LV</arg>
<arg>LY</arg>
<arg>MA</arg>
<arg>MC</arg>
<arg>MD</arg>
<arg>ME</arg>
<arg>MF</arg>
<arg>MG</arg>
<arg>MH</arg>
<arg>MK</arg>
<arg>ML</arg>
<arg>MM</arg>
<arg>MN</arg>
<arg>MO</arg>
<arg>MP</arg>
<arg>MQ</arg>
<arg>MR</arg>
<arg>MS</arg>
<arg>MT</arg>
<arg>MU</arg>
<arg>MV</arg>
<arg>MW</arg>
<arg>MX</arg>
<arg>MY</arg>
<arg>MZ</arg>
<arg>NA</arg>
<arg>NC</arg>
<arg>NE</arg>
<arg>NF</arg>
<arg>NG</arg>
<arg>NI</arg>
<arg>NL</arg>
<arg>NO</arg>
<arg>NP</arg>
<arg>NR</arg>
<arg>NU</arg>
<arg>NZ</arg>
<arg>OM</arg>
<arg>PA</arg>
<arg>PE</arg>
<arg>PF</arg>
<arg>PG</arg>
<arg>PH</arg>
<arg>PK</arg>
<arg>PL</arg>
<arg>PM</arg>
<arg>PN</arg>
<arg>PR</arg>
<arg>PS</arg>
<arg>PT</arg>
<arg>PW</arg>
<arg>PY</arg>
<arg>QA</arg>
<arg>RE</arg>
<arg>RO</arg>
<arg>RS</arg>
<arg>RU</arg>
<arg>RW</arg>
<arg>SA</arg>
<arg>SB</arg>
<arg>SC</arg>
<arg>SD</arg>
<arg>SE</arg>
<arg>SG</arg>
<arg>SH</arg>
<arg>SI</arg>
<arg>SJ</arg>
<arg>SK</arg>
<arg>SL</arg>
<arg>SM</arg>
<arg>SN</arg>
<arg>SO</arg>
<arg>SR</arg>
<arg>SS</arg>
<arg>ST</arg>
<arg>SV</arg>
<arg>SX</arg>
<arg>SY</arg>
<arg>SZ</arg>
<arg>TC</arg>
<arg>TD</arg>
<arg>TF</arg>
<arg>TG</arg>
<arg>TH</arg>
<arg>TJ</arg>
<arg>TK</arg>
<arg>TL</arg>
<arg>TM</arg>
<arg>TN</arg>
<arg>TO</arg>
<arg>TR</arg>
<arg>TT</arg>
<arg>TV</arg>
<arg>TW</arg>
<arg>TZ</arg>
<arg>UA</arg>
<arg>UG</arg>
<arg>UM</arg>
<arg>US</arg>
<arg>UY</arg>
<arg>UZ</arg>
<arg>VA</arg>
<arg>VC</arg>
<arg>VE</arg>
<arg>VG</arg>
<arg>VI</arg>
<arg>VN</arg>
<arg>VU</arg>
<arg>WF</arg>
<arg>WS</arg>
<arg>XK</arg>
<arg>YE</arg>
<arg>YT</arg>
<arg>ZA</arg>
<arg>ZM</arg>
<arg>ZW</arg>
<doc>Returns a list containing given items.</doc>
<status status="PASS" start="2024-04-13T00:50:16.722782" elapsed="0.000626"/>
</kw>
<kw name="List Should Contain Value" owner="Collections">
<msg time="2024-04-13T00:50:16.724443" level="INFO">False</msg>
<arg>${list_country}</arg>
<arg>${name_country}</arg>
<doc>Fails if the ``value`` is not found from ``list``.</doc>
<status status="PASS" start="2024-04-13T00:50:16.724238" elapsed="0.000242"/>
</kw>
<kw name="Run Keyword If" owner="BuiltIn">
<kw name="Should Be True" owner="BuiltIn">
<arg>${True}</arg>
<doc>Fails if the given condition is not true.</doc>
<status status="PASS" start="2024-04-13T00:50:16.725680" elapsed="0.000147"/>
</kw>
<arg>${json_data["results"][0]["location"]["coordinates"]["latitude"]} &gt;= -90 and ${json_data["results"][0]["location"]["coordinates"]["latitude"]} &lt;= 90</arg>
<arg>Should Be True</arg>
<arg>${True}</arg>
<doc>Runs the given keyword with the given arguments, if ``condition`` is true.</doc>
<status status="PASS" start="2024-04-13T00:50:16.724793" elapsed="0.001164"/>
</kw>
<kw name="Run Keyword If" owner="BuiltIn">
<kw name="Should Be True" owner="BuiltIn">
<arg>${True}</arg>
<doc>Fails if the given condition is not true.</doc>
<status status="PASS" start="2024-04-13T00:50:16.726852" elapsed="0.000150"/>
</kw>
<arg>${json_data["results"][0]["location"]["coordinates"]["longitude"]} &gt;= -180 and ${json_data["results"][0]["location"]["coordinates"]["longitude"]} &lt;= 180</arg>
<arg>Should Be True</arg>
<arg>${True}</arg>
<doc>Runs the given keyword with the given arguments, if ``condition`` is true.</doc>
<status status="PASS" start="2024-04-13T00:50:16.726146" elapsed="0.000980"/>
</kw>
<status status="PASS" start="2024-04-13T00:50:16.615965" elapsed="0.111292"/>
</kw>
<doc>Testa o conteúdo específico dos campos retornados pela API.</doc>
<tag>testeConteudo</tag>
<status status="PASS" start="2024-04-13T00:50:16.615393" elapsed="0.112014"/>
</test>
<status status="PASS" start="2024-04-13T00:50:15.807680" elapsed="0.921724"/>
</suite>
<status status="PASS" start="2024-04-13T00:50:15.793703" elapsed="0.941104"/>
</suite>
<statistics>
<total>
<stat pass="5" fail="0" skip="0">All Tests</stat>
</total>
<tag>
<stat pass="1" fail="0" skip="0">testeConteudo</stat>
<stat pass="1" fail="0" skip="0">testeEstruturaResposta</stat>
<stat pass="1" fail="0" skip="0">testeRequisicaoBasica</stat>
<stat pass="1" fail="0" skip="0">testeTiposDados</stat>
</tag>
<suite>
<stat pass="5" fail="0" skip="0" id="s1" name="Tests">Tests</stat>
<stat pass="5" fail="0" skip="0" id="s1-s1" name="Random-User-Test">Tests.Random-User-Test</stat>
</suite>
</statistics>
<errors>
</errors>
</robot>
