<?xml version="1.0" encoding="UTF-8"?>
<robot generator="Robot 7.0 (Python 3.12.3 on linux)" generated="2024-04-24T05:14:48.616241" rpa="false" schemaversion="5">
<suite id="s1" name="Tests" source="/home/runner/work/DesafioQAItauRogerioJordao/DesafioQAItauRogerioJordao/RamdonUser/tests">
<suite id="s1-s1" name="Random-User-Test" source="/home/runner/work/DesafioQAItauRogerioJordao/DesafioQAItauRogerioJordao/RamdonUser/tests/random-user-test.robot">
<test id="s1-s1-t1" name="Conectar" line="13">
<kw name="Conectar API" owner="random-user-service">
<kw name="Create Session" owner="RequestsLibrary">
<msg time="2024-04-24T05:14:48.979997" level="INFO">Creating Session using : alias=consultarAPI, url=https://randomuser.me/, headers={},                     cookies={}, auth=None, timeout=None, proxies=None, verify=False,                     debug=0 </msg>
<arg>consultarAPI</arg>
<arg>${URL}</arg>
<doc>Create Session: create a HTTP session to a server</doc>
<status status="PASS" start="2024-04-24T05:14:48.979802" elapsed="0.000360"/>
</kw>
<status status="PASS" start="2024-04-24T05:14:48.978853" elapsed="0.001654"/>
</kw>
<status status="PASS" start="2024-04-24T05:14:48.978235" elapsed="0.002460"/>
</test>
<test id="s1-s1-t2" name="Validar retorno 200 e JSON Válido" line="16">
<kw name="Teste de Requisicao Basica" owner="random-user-service">
<kw name="GET On Session" owner="RequestsLibrary">
<msg time="2024-04-24T05:14:49.046095" level="INFO">GET Request : url=https://randomuser.me/api 
 path_url=/api 
 headers={'User-Agent': 'python-requests/2.31.0', 'Accept-Encoding': 'gzip, deflate', 'Accept': '*/*', 'Connection': 'keep-alive'} 
 body=None 
 </msg>
<msg time="2024-04-24T05:14:49.046191" level="INFO">GET Response : url=https://randomuser.me/api 
 status=200, reason=OK 
 headers={'Date': 'Wed, 24 Apr 2024 05:14:49 GMT', 'Content-Type': 'application/json; charset=utf-8', 'Transfer-Encoding': 'chunked', 'Connection': 'keep-alive', 'X-Powered-By': 'Express', 'Access-Control-Allow-Origin': '*', 'Cache-Control': 'no-cache', 'ETag': 'W/"495-CB4eQnqnc9z05bL+8cq7QsgwN3U"', 'Vary': 'Accept-Encoding', 'Content-Encoding': 'gzip', 'CF-Cache-Status': 'DYNAMIC', 'Report-To': '{"endpoints":[{"url":"https:\\/\\/a.nel.cloudflare.com\\/report\\/v4?s=mEahZ3XKT7OgJu8qPskzul%2Fe5quyPo%2FjquKDeWzmmawiifXfnepQ0Z2Xj9GP0EmhsXQ082EKGIHk3Lc57poATXLrnbeaKvs7J%2B%2B6Pr4EV9bl43jL8G7yCM7IzCf%2FvuCx"}],"group":"cf-nel","max_age":604800}', 'NEL': '{"success_fraction":0,"report_to":"cf-nel","max_age":604800}', 'Server': 'cloudflare', 'CF-RAY': '87939ca85ccc0805-IAD', 'alt-svc': 'h3=":443"; ma=86400'} 
 body={"results":[{"gender":"female","name":{"title":"Mademoiselle","first":"Gabriella","last":"Guerin"},"location":{"street":{"number":7885,"name":"Rue du Village"},"city":"Oeschenbach","state":"Basel-Stadt","country":"Switzerland","postcode":2355,"coordinates":{"latitude":"-56.0261","longitude":"60.7828"},"timezone":{"offset":"+4:30","description":"Kabul"}},"email":"gabriella.guerin@example.com","login":{"uuid":"56eacda3-f8c1-46c9-ab8b-0da44624c811","username":"silverbird836","password":"luna","salt":"FVfyVLkR","md5":"a2b85d96f3ddbc702cb1aceaf09394d4","sha1":"acb62bc209375a61a98a07abdd7191008af59611","sha256":"1d527cfb860207ea37cf16fb1371fd0b3bdd01d325243985c9484448ba5af1bd"},"dob":{"date":"1981-03-03T07:21:28.694Z","age":43},"registered":{"date":"2007-11-07T03:39:23.666Z","age":16},"phone":"076 750 15 10","cell":"075 747 20 84","id":{"name":"AVS","value":"756.9691.4332.10"},"picture":{"large":"https://randomuser.me/api/portraits/women/26.jpg","medium":"https://randomuser.me/api/portraits/med/women/26.jpg","thumbnail":"https://randomuser.me/api/portraits/thumb/women/26.jpg"},"nat":"CH"}],"info":{"seed":"56056a2ff84addec","results":1,"page":1,"version":"1.4"}} 
 </msg>
<msg time="2024-04-24T05:14:49.046258" level="INFO">/opt/hostedtoolcache/Python/3.12.3/x64/lib/python3.12/site-packages/urllib3/connectionpool.py:1103: InsecureRequestWarning: Unverified HTTPS request is being made to host 'randomuser.me'. Adding certificate verification is strongly advised. See: https://urllib3.readthedocs.io/en/latest/advanced-usage.html#tls-warnings
  warnings.warn(</msg>
<msg time="2024-04-24T05:14:49.046382" level="INFO">${response} = &lt;Response [200]&gt;</msg>
<var>${response}</var>
<arg>consultarAPI</arg>
<arg>/api</arg>
<doc>Sends a GET request on a previously created HTTP Session.</doc>
<status status="PASS" start="2024-04-24T05:14:48.983298" elapsed="0.063117"/>
</kw>
<kw name="Should Be Equal As Numbers" owner="BuiltIn">
<msg time="2024-04-24T05:14:49.047185" level="INFO">Argument types are:
&lt;class 'int'&gt;
&lt;class 'str'&gt;</msg>
<arg>${response.status_code}</arg>
<arg>200</arg>
<doc>Fails if objects are unequal after converting them to real numbers.</doc>
<status status="PASS" start="2024-04-24T05:14:49.046791" elapsed="0.000456"/>
</kw>
<kw name="Log" owner="BuiltIn">
<msg time="2024-04-24T05:14:49.047972" level="INFO">200</msg>
<arg>${response.status_code}</arg>
<doc>Logs the given message with the given level.</doc>
<status status="PASS" start="2024-04-24T05:14:49.047617" elapsed="0.000396"/>
</kw>
<kw name="Set Variable" owner="BuiltIn">
<msg time="2024-04-24T05:14:49.048744" level="INFO">${json_data} = {'results': [{'gender': 'female', 'name': {'title': 'Mademoiselle', 'first': 'Gabriella', 'last': 'Guerin'}, 'location': {'street': {'number': 7885, 'name': 'Rue du Village'}, 'city': 'Oeschenbach', '...</msg>
<var>${json_data}</var>
<arg>${response.json()}</arg>
<doc>Returns the given values which can then be assigned to a variables.</doc>
<status status="PASS" start="2024-04-24T05:14:49.048319" elapsed="0.000452"/>
</kw>
<kw name="Dictionary Should Contain Key" owner="Collections">
<msg time="2024-04-24T05:14:49.049233" level="INFO">False</msg>
<arg>${json_data}</arg>
<arg>results</arg>
<doc>Fails if ``key`` is not found from ``dictionary``.</doc>
<status status="PASS" start="2024-04-24T05:14:49.049066" elapsed="0.000206"/>
</kw>
<status status="PASS" start="2024-04-24T05:14:48.983062" elapsed="0.066464"/>
</kw>
<doc>Testa se a API responde corretamente e retorna um objeto JSON válido.</doc>
<tag>testeRequisicaoBasica</tag>
<status status="PASS" start="2024-04-24T05:14:48.982535" elapsed="0.067157"/>
</test>
<test id="s1-s1-t3" name="Validar estrutura de resposta" line="22">
<kw name="Teste de Estrutura de Resposta" owner="random-user-service">
<kw name="GET On Session" owner="RequestsLibrary">
<msg time="2024-04-24T05:14:49.150581" level="INFO">GET Request : url=https://randomuser.me/api 
 path_url=/api 
 headers={'User-Agent': 'python-requests/2.31.0', 'Accept-Encoding': 'gzip, deflate', 'Accept': '*/*', 'Connection': 'keep-alive'} 
 body=None 
 </msg>
<msg time="2024-04-24T05:14:49.150657" level="INFO">GET Response : url=https://randomuser.me/api 
 status=200, reason=OK 
 headers={'Date': 'Wed, 24 Apr 2024 05:14:49 GMT', 'Content-Type': 'application/json; charset=utf-8', 'Transfer-Encoding': 'chunked', 'Connection': 'keep-alive', 'X-Powered-By': 'Express', 'Access-Control-Allow-Origin': '*', 'Cache-Control': 'no-cache', 'ETag': 'W/"493-CtzxMOTegeAwfoweYOcEXROxf6Q"', 'Vary': 'Accept-Encoding', 'Content-Encoding': 'gzip', 'CF-Cache-Status': 'DYNAMIC', 'Report-To': '{"endpoints":[{"url":"https:\\/\\/a.nel.cloudflare.com\\/report\\/v4?s=pBC%2BJm7cgRXbAINKnSlWL%2BIU3JjR5Lxy8a8%2BrECfQtBZPwzkoJl1bwxqGTmUHmicUy9VIzHIhESpDj8%2BMYzX6iuhmvD1BbH%2FGwNXVaJQc7Vd9c0nosDBvB1oP3hRdnDd"}],"group":"cf-nel","max_age":604800}', 'NEL': '{"success_fraction":0,"report_to":"cf-nel","max_age":604800}', 'Server': 'cloudflare', 'CF-RAY': '87939ca89cff0805-IAD', 'alt-svc': 'h3=":443"; ma=86400'} 
 body={"results":[{"gender":"female","name":{"title":"Ms","first":"Saisha","last":"Prajapati"},"location":{"street":{"number":3339,"name":"Bandstand Promenade"},"city":"Shimla","state":"Bihar","country":"India","postcode":65938,"coordinates":{"latitude":"7.1895","longitude":"133.8952"},"timezone":{"offset":"-8:00","description":"Pacific Time (US &amp; Canada)"}},"email":"saisha.prajapati@example.com","login":{"uuid":"abd250d1-94b5-4395-9230-a6684bf1a804","username":"angrymouse483","password":"cheerleaers","salt":"rSwpItJi","md5":"17780400245a71b0e8d477634e26d3a0","sha1":"15c7a50e6d8092da796b3a7b979edf8b9070a3bf","sha256":"5c90218f151f11e175467d08bfd41030aca47dd0c6948dc4ca581937fc33a26b"},"dob":{"date":"1966-04-24T08:30:10.457Z","age":57},"registered":{"date":"2013-05-06T00:53:46.506Z","age":10},"phone":"9906502804","cell":"7180338685","id":{"name":"UIDAI","value":"500569413019"},"picture":{"large":"https://randomuser.me/api/portraits/women/26.jpg","medium":"https://randomuser.me/api/portraits/med/women/26.jpg","thumbnail":"https://randomuser.me/api/portraits/thumb/women/26.jpg"},"nat":"IN"}],"info":{"seed":"e377ba4bfa61188f","results":1,"page":1,"version":"1.4"}} 
 </msg>
<msg time="2024-04-24T05:14:49.150771" level="INFO">/opt/hostedtoolcache/Python/3.12.3/x64/lib/python3.12/site-packages/urllib3/connectionpool.py:1103: InsecureRequestWarning: Unverified HTTPS request is being made to host 'randomuser.me'. Adding certificate verification is strongly advised. See: https://urllib3.readthedocs.io/en/latest/advanced-usage.html#tls-warnings
  warnings.warn(</msg>
<msg time="2024-04-24T05:14:49.150903" level="INFO">${response} = &lt;Response [200]&gt;</msg>
<var>${response}</var>
<arg>consultarAPI</arg>
<arg>/api</arg>
<doc>Sends a GET request on a previously created HTTP Session.</doc>
<status status="PASS" start="2024-04-24T05:14:49.052333" elapsed="0.098611"/>
</kw>
<kw name="Set Variable" owner="BuiltIn">
<msg time="2024-04-24T05:14:49.151933" level="INFO">${json_data} = {'results': [{'gender': 'female', 'name': {'title': 'Ms', 'first': 'Saisha', 'last': 'Prajapati'}, 'location': {'street': {'number': 3339, 'name': 'Bandstand Promenade'}, 'city': 'Shimla', 'state': 'B...</msg>
<var>${json_data}</var>
<arg>${response.json()}</arg>
<doc>Returns the given values which can then be assigned to a variables.</doc>
<status status="PASS" start="2024-04-24T05:14:49.151313" elapsed="0.000657"/>
</kw>
<kw name="Log" owner="BuiltIn">
<msg time="2024-04-24T05:14:49.152536" level="INFO">{'results': [{'gender': 'female', 'name': {'title': 'Ms', 'first': 'Saisha', 'last': 'Prajapati'}, 'location': {'street': {'number': 3339, 'name': 'Bandstand Promenade'}, 'city': 'Shimla', 'state': 'Bihar', 'country': 'India', 'postcode': 65938, 'coordinates': {'latitude': '7.1895', 'longitude': '133.8952'}, 'timezone': {'offset': '-8:00', 'description': 'Pacific Time (US &amp; Canada)'}}, 'email': 'saisha.prajapati@example.com', 'login': {'uuid': 'abd250d1-94b5-4395-9230-a6684bf1a804', 'username': 'angrymouse483', 'password': 'cheerleaers', 'salt': 'rSwpItJi', 'md5': '17780400245a71b0e8d477634e26d3a0', 'sha1': '15c7a50e6d8092da796b3a7b979edf8b9070a3bf', 'sha256': '5c90218f151f11e175467d08bfd41030aca47dd0c6948dc4ca581937fc33a26b'}, 'dob': {'date': '1966-04-24T08:30:10.457Z', 'age': 57}, 'registered': {'date': '2013-05-06T00:53:46.506Z', 'age': 10}, 'phone': '9906502804', 'cell': '7180338685', 'id': {'name': 'UIDAI', 'value': '500569413019'}, 'picture': {'large': 'https://randomuser.me/api/portraits/women/26.jpg', 'medium': 'https://randomuser.me/api/portraits/med/women/26.jpg', 'thumbnail': 'https://randomuser.me/api/portraits/thumb/women/26.jpg'}, 'nat': 'IN'}], 'info': {'seed': 'e377ba4bfa61188f', 'results': 1, 'page': 1, 'version': '1.4'}}</msg>
<arg>${json_data}</arg>
<doc>Logs the given message with the given level.</doc>
<status status="PASS" start="2024-04-24T05:14:49.152346" elapsed="0.000256"/>
</kw>
<kw name="Dictionary Should Contain Key" owner="Collections">
<msg time="2024-04-24T05:14:49.153154" level="INFO">False</msg>
<arg>${json_data}</arg>
<arg>results</arg>
<doc>Fails if ``key`` is not found from ``dictionary``.</doc>
<status status="PASS" start="2024-04-24T05:14:49.152969" elapsed="0.000230"/>
</kw>
<kw name="Should Not Be Empty" owner="BuiltIn">
<msg time="2024-04-24T05:14:49.153715" level="INFO">Length is 2.</msg>
<arg>${json_data}</arg>
<doc>Verifies that the given item is not empty.</doc>
<status status="PASS" start="2024-04-24T05:14:49.153559" elapsed="0.000349"/>
</kw>
<kw name="Create List" owner="BuiltIn">
<msg time="2024-04-24T05:14:49.154455" level="INFO">${expected_keys} = ['gender', 'name', 'location', 'email', 'login']</msg>
<var>${expected_keys}</var>
<arg>gender</arg>
<arg>name</arg>
<arg>location</arg>
<arg>email</arg>
<arg>login</arg>
<doc>Returns a list containing given items.</doc>
<status status="PASS" start="2024-04-24T05:14:49.154270" elapsed="0.000216"/>
</kw>
<for flavor="IN">
<iter>
<kw name="Dictionary Should Contain Key" owner="Collections">
<msg time="2024-04-24T05:14:49.155720" level="INFO">False</msg>
<arg>${json_data['results'][0]}</arg>
<arg>${key}</arg>
<doc>Fails if ``key`` is not found from ``dictionary``.</doc>
<status status="PASS" start="2024-04-24T05:14:49.155169" elapsed="0.000598"/>
</kw>
<kw name="Log" owner="BuiltIn">
<msg time="2024-04-24T05:14:49.156632" level="INFO">{'gender': 'female', 'name': {'title': 'Ms', 'first': 'Saisha', 'last': 'Prajapati'}, 'location': {'street': {'number': 3339, 'name': 'Bandstand Promenade'}, 'city': 'Shimla', 'state': 'Bihar', 'country': 'India', 'postcode': 65938, 'coordinates': {'latitude': '7.1895', 'longitude': '133.8952'}, 'timezone': {'offset': '-8:00', 'description': 'Pacific Time (US &amp; Canada)'}}, 'email': 'saisha.prajapati@example.com', 'login': {'uuid': 'abd250d1-94b5-4395-9230-a6684bf1a804', 'username': 'angrymouse483', 'password': 'cheerleaers', 'salt': 'rSwpItJi', 'md5': '17780400245a71b0e8d477634e26d3a0', 'sha1': '15c7a50e6d8092da796b3a7b979edf8b9070a3bf', 'sha256': '5c90218f151f11e175467d08bfd41030aca47dd0c6948dc4ca581937fc33a26b'}, 'dob': {'date': '1966-04-24T08:30:10.457Z', 'age': 57}, 'registered': {'date': '2013-05-06T00:53:46.506Z', 'age': 10}, 'phone': '9906502804', 'cell': '7180338685', 'id': {'name': 'UIDAI', 'value': '500569413019'}, 'picture': {'large': 'https://randomuser.me/api/portraits/women/26.jpg', 'medium': 'https://randomuser.me/api/portraits/med/women/26.jpg', 'thumbnail': 'https://randomuser.me/api/portraits/thumb/women/26.jpg'}, 'nat': 'IN'}</msg>
<arg>${json_data['results'][0]}</arg>
<doc>Logs the given message with the given level.</doc>
<status status="PASS" start="2024-04-24T05:14:49.156142" elapsed="0.000557"/>
</kw>
<kw name="Log" owner="BuiltIn">
<msg time="2024-04-24T05:14:49.157218" level="INFO">gender</msg>
<arg>${key}</arg>
<doc>Logs the given message with the given level.</doc>
<status status="PASS" start="2024-04-24T05:14:49.157064" elapsed="0.000200"/>
</kw>
<var name="${key}">gender</var>
<status status="PASS" start="2024-04-24T05:14:49.155015" elapsed="0.002509"/>
</iter>
<iter>
<kw name="Dictionary Should Contain Key" owner="Collections">
<msg time="2024-04-24T05:14:49.158249" level="INFO">False</msg>
<arg>${json_data['results'][0]}</arg>
<arg>${key}</arg>
<doc>Fails if ``key`` is not found from ``dictionary``.</doc>
<status status="PASS" start="2024-04-24T05:14:49.157865" elapsed="0.000421"/>
</kw>
<kw name="Log" owner="BuiltIn">
<msg time="2024-04-24T05:14:49.158973" level="INFO">{'gender': 'female', 'name': {'title': 'Ms', 'first': 'Saisha', 'last': 'Prajapati'}, 'location': {'street': {'number': 3339, 'name': 'Bandstand Promenade'}, 'city': 'Shimla', 'state': 'Bihar', 'country': 'India', 'postcode': 65938, 'coordinates': {'latitude': '7.1895', 'longitude': '133.8952'}, 'timezone': {'offset': '-8:00', 'description': 'Pacific Time (US &amp; Canada)'}}, 'email': 'saisha.prajapati@example.com', 'login': {'uuid': 'abd250d1-94b5-4395-9230-a6684bf1a804', 'username': 'angrymouse483', 'password': 'cheerleaers', 'salt': 'rSwpItJi', 'md5': '17780400245a71b0e8d477634e26d3a0', 'sha1': '15c7a50e6d8092da796b3a7b979edf8b9070a3bf', 'sha256': '5c90218f151f11e175467d08bfd41030aca47dd0c6948dc4ca581937fc33a26b'}, 'dob': {'date': '1966-04-24T08:30:10.457Z', 'age': 57}, 'registered': {'date': '2013-05-06T00:53:46.506Z', 'age': 10}, 'phone': '9906502804', 'cell': '7180338685', 'id': {'name': 'UIDAI', 'value': '500569413019'}, 'picture': {'large': 'https://randomuser.me/api/portraits/women/26.jpg', 'medium': 'https://randomuser.me/api/portraits/med/women/26.jpg', 'thumbnail': 'https://randomuser.me/api/portraits/thumb/women/26.jpg'}, 'nat': 'IN'}</msg>
<arg>${json_data['results'][0]}</arg>
<doc>Logs the given message with the given level.</doc>
<status status="PASS" start="2024-04-24T05:14:49.158609" elapsed="0.000412"/>
</kw>
<kw name="Log" owner="BuiltIn">
<msg time="2024-04-24T05:14:49.159478" level="INFO">name</msg>
<arg>${key}</arg>
<doc>Logs the given message with the given level.</doc>
<status status="PASS" start="2024-04-24T05:14:49.159314" elapsed="0.000204"/>
</kw>
<var name="${key}">name</var>
<status status="PASS" start="2024-04-24T05:14:49.157747" elapsed="0.001989"/>
</iter>
<iter>
<kw name="Dictionary Should Contain Key" owner="Collections">
<msg time="2024-04-24T05:14:49.160410" level="INFO">False</msg>
<arg>${json_data['results'][0]}</arg>
<arg>${key}</arg>
<doc>Fails if ``key`` is not found from ``dictionary``.</doc>
<status status="PASS" start="2024-04-24T05:14:49.160026" elapsed="0.000420"/>
</kw>
<kw name="Log" owner="BuiltIn">
<msg time="2024-04-24T05:14:49.161104" level="INFO">{'gender': 'female', 'name': {'title': 'Ms', 'first': 'Saisha', 'last': 'Prajapati'}, 'location': {'street': {'number': 3339, 'name': 'Bandstand Promenade'}, 'city': 'Shimla', 'state': 'Bihar', 'country': 'India', 'postcode': 65938, 'coordinates': {'latitude': '7.1895', 'longitude': '133.8952'}, 'timezone': {'offset': '-8:00', 'description': 'Pacific Time (US &amp; Canada)'}}, 'email': 'saisha.prajapati@example.com', 'login': {'uuid': 'abd250d1-94b5-4395-9230-a6684bf1a804', 'username': 'angrymouse483', 'password': 'cheerleaers', 'salt': 'rSwpItJi', 'md5': '17780400245a71b0e8d477634e26d3a0', 'sha1': '15c7a50e6d8092da796b3a7b979edf8b9070a3bf', 'sha256': '5c90218f151f11e175467d08bfd41030aca47dd0c6948dc4ca581937fc33a26b'}, 'dob': {'date': '1966-04-24T08:30:10.457Z', 'age': 57}, 'registered': {'date': '2013-05-06T00:53:46.506Z', 'age': 10}, 'phone': '9906502804', 'cell': '7180338685', 'id': {'name': 'UIDAI', 'value': '500569413019'}, 'picture': {'large': 'https://randomuser.me/api/portraits/women/26.jpg', 'medium': 'https://randomuser.me/api/portraits/med/women/26.jpg', 'thumbnail': 'https://randomuser.me/api/portraits/thumb/women/26.jpg'}, 'nat': 'IN'}</msg>
<arg>${json_data['results'][0]}</arg>
<doc>Logs the given message with the given level.</doc>
<status status="PASS" start="2024-04-24T05:14:49.160748" elapsed="0.000403"/>
</kw>
<kw name="Log" owner="BuiltIn">
<msg time="2024-04-24T05:14:49.161572" level="INFO">location</msg>
<arg>${key}</arg>
<doc>Logs the given message with the given level.</doc>
<status status="PASS" start="2024-04-24T05:14:49.161446" elapsed="0.000163"/>
</kw>
<var name="${key}">location</var>
<status status="PASS" start="2024-04-24T05:14:49.159913" elapsed="0.001910"/>
</iter>
<iter>
<kw name="Dictionary Should Contain Key" owner="Collections">
<msg time="2024-04-24T05:14:49.162489" level="INFO">False</msg>
<arg>${json_data['results'][0]}</arg>
<arg>${key}</arg>
<doc>Fails if ``key`` is not found from ``dictionary``.</doc>
<status status="PASS" start="2024-04-24T05:14:49.162106" elapsed="0.000420"/>
</kw>
<kw name="Log" owner="BuiltIn">
<msg time="2024-04-24T05:14:49.163179" level="INFO">{'gender': 'female', 'name': {'title': 'Ms', 'first': 'Saisha', 'last': 'Prajapati'}, 'location': {'street': {'number': 3339, 'name': 'Bandstand Promenade'}, 'city': 'Shimla', 'state': 'Bihar', 'country': 'India', 'postcode': 65938, 'coordinates': {'latitude': '7.1895', 'longitude': '133.8952'}, 'timezone': {'offset': '-8:00', 'description': 'Pacific Time (US &amp; Canada)'}}, 'email': 'saisha.prajapati@example.com', 'login': {'uuid': 'abd250d1-94b5-4395-9230-a6684bf1a804', 'username': 'angrymouse483', 'password': 'cheerleaers', 'salt': 'rSwpItJi', 'md5': '17780400245a71b0e8d477634e26d3a0', 'sha1': '15c7a50e6d8092da796b3a7b979edf8b9070a3bf', 'sha256': '5c90218f151f11e175467d08bfd41030aca47dd0c6948dc4ca581937fc33a26b'}, 'dob': {'date': '1966-04-24T08:30:10.457Z', 'age': 57}, 'registered': {'date': '2013-05-06T00:53:46.506Z', 'age': 10}, 'phone': '9906502804', 'cell': '7180338685', 'id': {'name': 'UIDAI', 'value': '500569413019'}, 'picture': {'large': 'https://randomuser.me/api/portraits/women/26.jpg', 'medium': 'https://randomuser.me/api/portraits/med/women/26.jpg', 'thumbnail': 'https://randomuser.me/api/portraits/thumb/women/26.jpg'}, 'nat': 'IN'}</msg>
<arg>${json_data['results'][0]}</arg>
<doc>Logs the given message with the given level.</doc>
<status status="PASS" start="2024-04-24T05:14:49.162825" elapsed="0.000404"/>
</kw>
<kw name="Log" owner="BuiltIn">
<msg time="2024-04-24T05:14:49.163684" level="INFO">email</msg>
<arg>${key}</arg>
<doc>Logs the given message with the given level.</doc>
<status status="PASS" start="2024-04-24T05:14:49.163556" elapsed="0.000165"/>
</kw>
<var name="${key}">email</var>
<status status="PASS" start="2024-04-24T05:14:49.161996" elapsed="0.001938"/>
</iter>
<iter>
<kw name="Dictionary Should Contain Key" owner="Collections">
<msg time="2024-04-24T05:14:49.164593" level="INFO">False</msg>
<arg>${json_data['results'][0]}</arg>
<arg>${key}</arg>
<doc>Fails if ``key`` is not found from ``dictionary``.</doc>
<status status="PASS" start="2024-04-24T05:14:49.164213" elapsed="0.000416"/>
</kw>
<kw name="Log" owner="BuiltIn">
<msg time="2024-04-24T05:14:49.165283" level="INFO">{'gender': 'female', 'name': {'title': 'Ms', 'first': 'Saisha', 'last': 'Prajapati'}, 'location': {'street': {'number': 3339, 'name': 'Bandstand Promenade'}, 'city': 'Shimla', 'state': 'Bihar', 'country': 'India', 'postcode': 65938, 'coordinates': {'latitude': '7.1895', 'longitude': '133.8952'}, 'timezone': {'offset': '-8:00', 'description': 'Pacific Time (US &amp; Canada)'}}, 'email': 'saisha.prajapati@example.com', 'login': {'uuid': 'abd250d1-94b5-4395-9230-a6684bf1a804', 'username': 'angrymouse483', 'password': 'cheerleaers', 'salt': 'rSwpItJi', 'md5': '17780400245a71b0e8d477634e26d3a0', 'sha1': '15c7a50e6d8092da796b3a7b979edf8b9070a3bf', 'sha256': '5c90218f151f11e175467d08bfd41030aca47dd0c6948dc4ca581937fc33a26b'}, 'dob': {'date': '1966-04-24T08:30:10.457Z', 'age': 57}, 'registered': {'date': '2013-05-06T00:53:46.506Z', 'age': 10}, 'phone': '9906502804', 'cell': '7180338685', 'id': {'name': 'UIDAI', 'value': '500569413019'}, 'picture': {'large': 'https://randomuser.me/api/portraits/women/26.jpg', 'medium': 'https://randomuser.me/api/portraits/med/women/26.jpg', 'thumbnail': 'https://randomuser.me/api/portraits/thumb/women/26.jpg'}, 'nat': 'IN'}</msg>
<arg>${json_data['results'][0]}</arg>
<doc>Logs the given message with the given level.</doc>
<status status="PASS" start="2024-04-24T05:14:49.164923" elapsed="0.000407"/>
</kw>
<kw name="Log" owner="BuiltIn">
<msg time="2024-04-24T05:14:49.165750" level="INFO">login</msg>
<arg>${key}</arg>
<doc>Logs the given message with the given level.</doc>
<status status="PASS" start="2024-04-24T05:14:49.165623" elapsed="0.000163"/>
</kw>
<var name="${key}">login</var>
<status status="PASS" start="2024-04-24T05:14:49.164104" elapsed="0.001917"/>
</iter>
<var>${key}</var>
<value>@{expected_keys}</value>
<status status="PASS" start="2024-04-24T05:14:49.154800" elapsed="0.011344"/>
</for>
<kw name="Create List" owner="BuiltIn">
<msg time="2024-04-24T05:14:49.166463" level="INFO">${expected_keysTwo} = ['username', 'password']</msg>
<var>${expected_keysTwo}</var>
<arg>username</arg>
<arg>password</arg>
<doc>Returns a list containing given items.</doc>
<status status="PASS" start="2024-04-24T05:14:49.166329" elapsed="0.000158"/>
</kw>
<for flavor="IN">
<iter>
<kw name="Dictionary Should Contain Key" owner="Collections">
<msg time="2024-04-24T05:14:49.167397" level="INFO">False</msg>
<arg>${json_data['results'][0]['login']}</arg>
<arg>${keyTwo}</arg>
<doc>Fails if ``key`` is not found from ``dictionary``.</doc>
<status status="PASS" start="2024-04-24T05:14:49.166983" elapsed="0.000457"/>
</kw>
<kw name="Dictionary Should Contain Key" owner="Collections">
<msg time="2024-04-24T05:14:49.168127" level="INFO">False</msg>
<arg>${json_data['results'][0]['login']}</arg>
<arg>${keyTwo}</arg>
<doc>Fails if ``key`` is not found from ``dictionary``.</doc>
<status status="PASS" start="2024-04-24T05:14:49.167745" elapsed="0.000420"/>
</kw>
<kw name="Log" owner="BuiltIn">
<msg time="2024-04-24T05:14:49.168581" level="INFO">username</msg>
<arg>${keyTwo}</arg>
<doc>Logs the given message with the given level.</doc>
<status status="PASS" start="2024-04-24T05:14:49.168455" elapsed="0.000167"/>
</kw>
<var name="${keyTwo}">username</var>
<status status="PASS" start="2024-04-24T05:14:49.166866" elapsed="0.001969"/>
</iter>
<iter>
<kw name="Dictionary Should Contain Key" owner="Collections">
<msg time="2024-04-24T05:14:49.169631" level="INFO">False</msg>
<arg>${json_data['results'][0]['login']}</arg>
<arg>${keyTwo}</arg>
<doc>Fails if ``key`` is not found from ``dictionary``.</doc>
<status status="PASS" start="2024-04-24T05:14:49.169131" elapsed="0.000548"/>
</kw>
<kw name="Dictionary Should Contain Key" owner="Collections">
<msg time="2024-04-24T05:14:49.170356" level="INFO">False</msg>
<arg>${json_data['results'][0]['login']}</arg>
<arg>${keyTwo}</arg>
<doc>Fails if ``key`` is not found from ``dictionary``.</doc>
<status status="PASS" start="2024-04-24T05:14:49.169981" elapsed="0.000411"/>
</kw>
<kw name="Log" owner="BuiltIn">
<msg time="2024-04-24T05:14:49.170832" level="INFO">password</msg>
<arg>${keyTwo}</arg>
<doc>Logs the given message with the given level.</doc>
<status status="PASS" start="2024-04-24T05:14:49.170705" elapsed="0.000185"/>
</kw>
<var name="${keyTwo}">password</var>
<status status="PASS" start="2024-04-24T05:14:49.169019" elapsed="0.002088"/>
</iter>
<var>${keyTwo}</var>
<value>@{expected_keysTwo}</value>
<status status="PASS" start="2024-04-24T05:14:49.166718" elapsed="0.004509"/>
</for>
<status status="PASS" start="2024-04-24T05:14:49.052099" elapsed="0.119294"/>
</kw>
<doc>Testa a estrutura da resposta da API.</doc>
<tag>testeEstruturaResposta</tag>
<status status="PASS" start="2024-04-24T05:14:49.051506" elapsed="0.120076"/>
</test>
<test id="s1-s1-t4" name="Validar tipos de dados" line="28">
<kw name="Teste de Tipos de Dados" owner="random-user-service">
<kw name="GET On Session" owner="RequestsLibrary">
<msg time="2024-04-24T05:14:49.264391" level="INFO">GET Request : url=https://randomuser.me/api 
 path_url=/api 
 headers={'User-Agent': 'python-requests/2.31.0', 'Accept-Encoding': 'gzip, deflate', 'Accept': '*/*', 'Connection': 'keep-alive'} 
 body=None 
 </msg>
<msg time="2024-04-24T05:14:49.264453" level="INFO">GET Response : url=https://randomuser.me/api 
 status=200, reason=OK 
 headers={'Date': 'Wed, 24 Apr 2024 05:14:49 GMT', 'Content-Type': 'application/json; charset=utf-8', 'Transfer-Encoding': 'chunked', 'Connection': 'keep-alive', 'X-Powered-By': 'Express', 'Access-Control-Allow-Origin': '*', 'Cache-Control': 'no-cache', 'ETag': 'W/"494-Jdlo/43N8c11doWCTSCSEmeWeM0"', 'Vary': 'Accept-Encoding', 'Content-Encoding': 'gzip', 'CF-Cache-Status': 'DYNAMIC', 'Report-To': '{"endpoints":[{"url":"https:\\/\\/a.nel.cloudflare.com\\/report\\/v4?s=zD5XxQgXEgQhbz8jkV5bMAwp%2FmyDXhACotL8r5OOGuTB1I%2Bhg744ki4EQjJUUrZH1MFNoLLXzjGiOLaZku2p4YmAR0UoUnhbN31XAbFNLhmqPwkj4IhWne2qGdYmAExr"}],"group":"cf-nel","max_age":604800}', 'NEL': '{"success_fraction":0,"report_to":"cf-nel","max_age":604800}', 'Server': 'cloudflare', 'CF-RAY': '87939ca95db60805-IAD', 'alt-svc': 'h3=":443"; ma=86400'} 
 body={"results":[{"gender":"female","name":{"title":"Ms","first":"Nicole","last":"Lambert"},"location":{"street":{"number":4989,"name":"James St"},"city":"Bendigo","state":"Victoria","country":"Australia","postcode":5475,"coordinates":{"latitude":"-83.8807","longitude":"104.0544"},"timezone":{"offset":"+9:00","description":"Tokyo, Seoul, Osaka, Sapporo, Yakutsk"}},"email":"nicole.lambert@example.com","login":{"uuid":"b8de762c-ff5b-4e5a-94fe-811093c4c298","username":"tinyleopard193","password":"wallace","salt":"0uS4wNfp","md5":"79a9c9a21073c79ccf170397942c5982","sha1":"868c9c5eb6a71d39fd1d94a28c74843b5016f93f","sha256":"8395fa2f7d4895a6e30c083b478b3ffa07acfa4954b98b801c957aa61446d5ce"},"dob":{"date":"1949-02-23T20:47:07.788Z","age":75},"registered":{"date":"2003-03-22T00:36:10.822Z","age":21},"phone":"01-7271-6561","cell":"0400-169-030","id":{"name":"TFN","value":"366812839"},"picture":{"large":"https://randomuser.me/api/portraits/women/57.jpg","medium":"https://randomuser.me/api/portraits/med/women/57.jpg","thumbnail":"https://randomuser.me/api/portraits/thumb/women/57.jpg"},"nat":"AU"}],"info":{"seed":"4520da0bcddb0355","results":1,"page":1,"version":"1.4"}} 
 </msg>
<msg time="2024-04-24T05:14:49.264508" level="INFO">/opt/hostedtoolcache/Python/3.12.3/x64/lib/python3.12/site-packages/urllib3/connectionpool.py:1103: InsecureRequestWarning: Unverified HTTPS request is being made to host 'randomuser.me'. Adding certificate verification is strongly advised. See: https://urllib3.readthedocs.io/en/latest/advanced-usage.html#tls-warnings
  warnings.warn(</msg>
<msg time="2024-04-24T05:14:49.264611" level="INFO">${response} = &lt;Response [200]&gt;</msg>
<var>${response}</var>
<arg>consultarAPI</arg>
<arg>/api</arg>
<doc>Sends a GET request on a previously created HTTP Session.</doc>
<status status="PASS" start="2024-04-24T05:14:49.173941" elapsed="0.090712"/>
</kw>
<kw name="Set Variable" owner="BuiltIn">
<msg time="2024-04-24T05:14:49.265464" level="INFO">${json_data} = {'results': [{'gender': 'female', 'name': {'title': 'Ms', 'first': 'Nicole', 'last': 'Lambert'}, 'location': {'street': {'number': 4989, 'name': 'James St'}, 'city': 'Bendigo', 'state': 'Victoria', 'c...</msg>
<var>${json_data}</var>
<arg>${response.json()}</arg>
<doc>Returns the given values which can then be assigned to a variables.</doc>
<status status="PASS" start="2024-04-24T05:14:49.265020" elapsed="0.000472"/>
</kw>
<kw name="Log" owner="BuiltIn">
<msg time="2024-04-24T05:14:49.265938" level="INFO">{'results': [{'gender': 'female', 'name': {'title': 'Ms', 'first': 'Nicole', 'last': 'Lambert'}, 'location': {'street': {'number': 4989, 'name': 'James St'}, 'city': 'Bendigo', 'state': 'Victoria', 'country': 'Australia', 'postcode': 5475, 'coordinates': {'latitude': '-83.8807', 'longitude': '104.0544'}, 'timezone': {'offset': '+9:00', 'description': 'Tokyo, Seoul, Osaka, Sapporo, Yakutsk'}}, 'email': 'nicole.lambert@example.com', 'login': {'uuid': 'b8de762c-ff5b-4e5a-94fe-811093c4c298', 'username': 'tinyleopard193', 'password': 'wallace', 'salt': '0uS4wNfp', 'md5': '79a9c9a21073c79ccf170397942c5982', 'sha1': '868c9c5eb6a71d39fd1d94a28c74843b5016f93f', 'sha256': '8395fa2f7d4895a6e30c083b478b3ffa07acfa4954b98b801c957aa61446d5ce'}, 'dob': {'date': '1949-02-23T20:47:07.788Z', 'age': 75}, 'registered': {'date': '2003-03-22T00:36:10.822Z', 'age': 21}, 'phone': '01-7271-6561', 'cell': '0400-169-030', 'id': {'name': 'TFN', 'value': '366812839'}, 'picture': {'large': 'https://randomuser.me/api/portraits/women/57.jpg', 'medium': 'https://randomuser.me/api/portraits/med/women/57.jpg', 'thumbnail': 'https://randomuser.me/api/portraits/thumb/women/57.jpg'}, 'nat': 'AU'}], 'info': {'seed': '4520da0bcddb0355', 'results': 1, 'page': 1, 'version': '1.4'}}</msg>
<arg>${json_data}</arg>
<doc>Logs the given message with the given level.</doc>
<status status="PASS" start="2024-04-24T05:14:49.265790" elapsed="0.000225"/>
</kw>
<kw name="Should Be String" owner="String">
<arg>${json_data['results'][0]['gender']}</arg>
<doc>Fails if the given ``item`` is not a string.</doc>
<status status="PASS" start="2024-04-24T05:14:49.266306" elapsed="0.000348"/>
</kw>
<kw name="Should Match Regexp" owner="BuiltIn">
<arg>${json_data['results'][0]['email']}</arg>
<arg>^[a-zA-Z0-9._%+-]+@[a-zA-Z0-9.-]+\.[a-zA-Z]{2,}$</arg>
<doc>Fails if ``string`` does not match ``pattern`` as a regular expression.</doc>
<status status="PASS" start="2024-04-24T05:14:49.266844" elapsed="0.000494"/>
</kw>
<kw name="Should Match Regexp" owner="BuiltIn">
<arg>${json_data['results'][0]['dob']['date']}</arg>
<arg>\\d{4}-\\d{2}-\\d{2}T\\d{2}:\\d{2}:\\d{2}\\.\\d{3}Z</arg>
<doc>Fails if ``string`` does not match ``pattern`` as a regular expression.</doc>
<status status="PASS" start="2024-04-24T05:14:49.267607" elapsed="0.000740"/>
</kw>
<kw name="Should Match Regexp" owner="BuiltIn">
<arg>${json_data['results'][0]['registered']['date']}</arg>
<arg>\\d{4}-\\d{2}-\\d{2}T\\d{2}:\\d{2}:\\d{2}\\.\\d{3}Z</arg>
<doc>Fails if ``string`` does not match ``pattern`` as a regular expression.</doc>
<status status="PASS" start="2024-04-24T05:14:49.268558" elapsed="0.000375"/>
</kw>
<kw name="Should Match Regexp" owner="BuiltIn">
<arg>${json_data['results'][0]['picture']['large']}</arg>
<arg>^https?://.*\.(?:png|jpe?g|gif|bmp)$</arg>
<doc>Fails if ``string`` does not match ``pattern`` as a regular expression.</doc>
<status status="PASS" start="2024-04-24T05:14:49.269123" elapsed="0.000463"/>
</kw>
<kw name="Should Match Regexp" owner="BuiltIn">
<arg>${json_data['results'][0]['picture']['medium']}</arg>
<arg>^https?://.*\.(?:png|jpe?g|gif|bmp)$</arg>
<doc>Fails if ``string`` does not match ``pattern`` as a regular expression.</doc>
<status status="PASS" start="2024-04-24T05:14:49.269777" elapsed="0.000368"/>
</kw>
<kw name="Should Match Regexp" owner="BuiltIn">
<arg>${json_data['results'][0]['picture']['thumbnail']}</arg>
<arg>^https?://.*\.(?:png|jpe?g|gif|bmp)$</arg>
<doc>Fails if ``string`` does not match ``pattern`` as a regular expression.</doc>
<status status="PASS" start="2024-04-24T05:14:49.270332" elapsed="0.000344"/>
</kw>
<kw name="Log" owner="BuiltIn">
<msg time="2024-04-24T05:14:49.271173" level="INFO">{'large': 'https://randomuser.me/api/portraits/women/57.jpg', 'medium': 'https://randomuser.me/api/portraits/med/women/57.jpg', 'thumbnail': 'https://randomuser.me/api/portraits/thumb/women/57.jpg'}</msg>
<arg>${json_data['results'][0]['picture']}</arg>
<doc>Logs the given message with the given level.</doc>
<status status="PASS" start="2024-04-24T05:14:49.270856" elapsed="0.000357"/>
</kw>
<status status="PASS" start="2024-04-24T05:14:49.173725" elapsed="0.097766"/>
</kw>
<kw name="Teste de Tipos de Dados - Postcode" owner="random-user-service">
<kw name="GET On Session" owner="RequestsLibrary">
<msg time="2024-04-24T05:14:49.352522" level="INFO">GET Request : url=https://randomuser.me/api 
 path_url=/api 
 headers={'User-Agent': 'python-requests/2.31.0', 'Accept-Encoding': 'gzip, deflate', 'Accept': '*/*', 'Connection': 'keep-alive'} 
 body=None 
 </msg>
<msg time="2024-04-24T05:14:49.352592" level="INFO">GET Response : url=https://randomuser.me/api 
 status=200, reason=OK 
 headers={'Date': 'Wed, 24 Apr 2024 05:14:49 GMT', 'Content-Type': 'application/json; charset=utf-8', 'Transfer-Encoding': 'chunked', 'Connection': 'keep-alive', 'X-Powered-By': 'Express', 'Access-Control-Allow-Origin': '*', 'Cache-Control': 'no-cache', 'ETag': 'W/"498-uTBmLbokAAeNDhm8hE56XrcIRt0"', 'Vary': 'Accept-Encoding', 'Content-Encoding': 'gzip', 'CF-Cache-Status': 'DYNAMIC', 'Report-To': '{"endpoints":[{"url":"https:\\/\\/a.nel.cloudflare.com\\/report\\/v4?s=HAhWpG%2Fj13eGPJY9XsC3QiD4ipOfJlZtiazape2rQ86vpJEbZvfXisq7gd9PGQ9jmjgTzVwQqgo5J5nBMAyUpnpk9Xo81r2ACPkNohYSOy%2BQY2LPztaTYHKqC8FyAY4b"}],"group":"cf-nel","max_age":604800}', 'NEL': '{"success_fraction":0,"report_to":"cf-nel","max_age":604800}', 'Server': 'cloudflare', 'CF-RAY': '87939ca9fe520805-IAD', 'alt-svc': 'h3=":443"; ma=86400'} 
 body={"results":[{"gender":"female","name":{"title":"Madame","first":"Karen","last":"Vidal"},"location":{"street":{"number":8434,"name":"Rue Bony"},"city":"Giffers","state":"Graubünden","country":"Switzerland","postcode":4116,"coordinates":{"latitude":"-62.0172","longitude":"68.7792"},"timezone":{"offset":"+1:00","description":"Brussels, Copenhagen, Madrid, Paris"}},"email":"karen.vidal@example.com","login":{"uuid":"7ff7d655-ec71-45a5-9b73-0cf03951af41","username":"bluebird783","password":"indon","salt":"YBgvNuLS","md5":"c8c7b8fb36013f4d4db38a652c5efb3a","sha1":"15f32fcb0487e8f26d3f0074cdb9cbe590bc7287","sha256":"8720f829a1f79f6617088484ea7668a195f3eeb2aec7520dc051c4384955d5db"},"dob":{"date":"1998-05-12T19:10:54.102Z","age":25},"registered":{"date":"2002-08-18T05:31:28.927Z","age":21},"phone":"075 692 09 41","cell":"076 097 95 09","id":{"name":"AVS","value":"756.1213.2830.79"},"picture":{"large":"https://randomuser.me/api/portraits/women/18.jpg","medium":"https://randomuser.me/api/portraits/med/women/18.jpg","thumbnail":"https://randomuser.me/api/portraits/thumb/women/18.jpg"},"nat":"CH"}],"info":{"seed":"c6db4802547fddd4","results":1,"page":1,"version":"1.4"}} 
 </msg>
<msg time="2024-04-24T05:14:49.352650" level="INFO">/opt/hostedtoolcache/Python/3.12.3/x64/lib/python3.12/site-packages/urllib3/connectionpool.py:1103: InsecureRequestWarning: Unverified HTTPS request is being made to host 'randomuser.me'. Adding certificate verification is strongly advised. See: https://urllib3.readthedocs.io/en/latest/advanced-usage.html#tls-warnings
  warnings.warn(</msg>
<msg time="2024-04-24T05:14:49.352754" level="INFO">${response} = &lt;Response [200]&gt;</msg>
<var>${response}</var>
<arg>consultarAPI</arg>
<arg>/api</arg>
<doc>Sends a GET request on a previously created HTTP Session.</doc>
<status status="PASS" start="2024-04-24T05:14:49.271926" elapsed="0.080870"/>
</kw>
<kw name="Set Variable" owner="BuiltIn">
<msg time="2024-04-24T05:14:49.353626" level="INFO">${json_data} = {'results': [{'gender': 'female', 'name': {'title': 'Madame', 'first': 'Karen', 'last': 'Vidal'}, 'location': {'street': {'number': 8434, 'name': 'Rue Bony'}, 'city': 'Giffers', 'state': 'Graubünden',...</msg>
<var>${json_data}</var>
<arg>${response.json()}</arg>
<doc>Returns the given values which can then be assigned to a variables.</doc>
<status status="PASS" start="2024-04-24T05:14:49.353171" elapsed="0.000483"/>
</kw>
<kw name="Log" owner="BuiltIn">
<msg time="2024-04-24T05:14:49.354105" level="INFO">{'results': [{'gender': 'female', 'name': {'title': 'Madame', 'first': 'Karen', 'last': 'Vidal'}, 'location': {'street': {'number': 8434, 'name': 'Rue Bony'}, 'city': 'Giffers', 'state': 'Graubünden', 'country': 'Switzerland', 'postcode': 4116, 'coordinates': {'latitude': '-62.0172', 'longitude': '68.7792'}, 'timezone': {'offset': '+1:00', 'description': 'Brussels, Copenhagen, Madrid, Paris'}}, 'email': 'karen.vidal@example.com', 'login': {'uuid': '7ff7d655-ec71-45a5-9b73-0cf03951af41', 'username': 'bluebird783', 'password': 'indon', 'salt': 'YBgvNuLS', 'md5': 'c8c7b8fb36013f4d4db38a652c5efb3a', 'sha1': '15f32fcb0487e8f26d3f0074cdb9cbe590bc7287', 'sha256': '8720f829a1f79f6617088484ea7668a195f3eeb2aec7520dc051c4384955d5db'}, 'dob': {'date': '1998-05-12T19:10:54.102Z', 'age': 25}, 'registered': {'date': '2002-08-18T05:31:28.927Z', 'age': 21}, 'phone': '075 692 09 41', 'cell': '076 097 95 09', 'id': {'name': 'AVS', 'value': '756.1213.2830.79'}, 'picture': {'large': 'https://randomuser.me/api/portraits/women/18.jpg', 'medium': 'https://randomuser.me/api/portraits/med/women/18.jpg', 'thumbnail': 'https://randomuser.me/api/portraits/thumb/women/18.jpg'}, 'nat': 'CH'}], 'info': {'seed': 'c6db4802547fddd4', 'results': 1, 'page': 1, 'version': '1.4'}}</msg>
<arg>${json_data}</arg>
<doc>Logs the given message with the given level.</doc>
<status status="PASS" start="2024-04-24T05:14:49.353954" elapsed="0.000229"/>
</kw>
<kw name="Should Be Equal As Numbers" owner="BuiltIn">
<arg>${json_data['results'][0]['location']['postcode']}</arg>
<arg>${json_data['results'][0]['location']['postcode']}</arg>
<doc>Fails if objects are unequal after converting them to real numbers.</doc>
<status status="PASS" start="2024-04-24T05:14:49.354604" elapsed="0.000613"/>
</kw>
<kw name="Log" owner="BuiltIn">
<msg time="2024-04-24T05:14:49.355780" level="INFO">4116</msg>
<arg>${json_data['results'][0]['location']['postcode']}</arg>
<doc>Logs the given message with the given level.</doc>
<status status="PASS" start="2024-04-24T05:14:49.355437" elapsed="0.000382"/>
</kw>
<status status="PASS" start="2024-04-24T05:14:49.271703" elapsed="0.084365"/>
</kw>
<doc>Testa se os tipos de dados na resposta da API estão corretos.</doc>
<tag>testeTiposDados</tag>
<status status="PASS" start="2024-04-24T05:14:49.173290" elapsed="0.182934"/>
</test>
<test id="s1-s1-t5" name="Validar conteudo" line="35">
<kw name="Teste de Tipos de Conteudo" owner="random-user-service">
<kw name="GET On Session" owner="RequestsLibrary">
<msg time="2024-04-24T05:14:49.458513" level="INFO">GET Request : url=https://randomuser.me/api 
 path_url=/api 
 headers={'User-Agent': 'python-requests/2.31.0', 'Accept-Encoding': 'gzip, deflate', 'Accept': '*/*', 'Connection': 'keep-alive'} 
 body=None 
 </msg>
<msg time="2024-04-24T05:14:49.458599" level="INFO">GET Response : url=https://randomuser.me/api 
 status=200, reason=OK 
 headers={'Date': 'Wed, 24 Apr 2024 05:14:49 GMT', 'Content-Type': 'application/json; charset=utf-8', 'Transfer-Encoding': 'chunked', 'Connection': 'keep-alive', 'X-Powered-By': 'Express', 'Access-Control-Allow-Origin': '*', 'Cache-Control': 'no-cache', 'ETag': 'W/"4b5-68+L8q1GpLRHSILDTR0hbIpulco"', 'Vary': 'Accept-Encoding', 'Content-Encoding': 'gzip', 'CF-Cache-Status': 'DYNAMIC', 'Report-To': '{"endpoints":[{"url":"https:\\/\\/a.nel.cloudflare.com\\/report\\/v4?s=eEXx0gcTA6l8dS3qUtGpjtFCpZeRvfMEfw%2Fszy1EosX6VGhGrihFaSJ8zCX4USY%2Ftk25mOc2kfe%2F2llV7U90%2FKcRwuoZsWHxvsldhElCeB8RDa4hCbTcU48MkdfAkNoO"}],"group":"cf-nel","max_age":604800}', 'NEL': '{"success_fraction":0,"report_to":"cf-nel","max_age":604800}', 'Server': 'cloudflare', 'CF-RAY': '87939caa7edf0805-IAD', 'alt-svc': 'h3=":443"; ma=86400'} 
 body={"results":[{"gender":"female","name":{"title":"Mrs","first":"Noélie","last":"Guillaume"},"location":{"street":{"number":2829,"name":"Montée Saint-Barthélémy"},"city":"Créteil","state":"Bas-Rhin","country":"France","postcode":25150,"coordinates":{"latitude":"-14.9547","longitude":"114.3083"},"timezone":{"offset":"+10:00","description":"Eastern Australia, Guam, Vladivostok"}},"email":"noelie.guillaume@example.com","login":{"uuid":"d66f4341-2b3f-45b1-8d6c-2914d59a8fa2","username":"silvercat611","password":"google","salt":"Tp7wTgWY","md5":"e275d23dd6e39acbc01fd3c664569024","sha1":"0523b6bf18093daa7780ebec0818d45f5e05a413","sha256":"5d686ef05eeeebb5182bfe5f2bc2e7ddbd661ac586e64c2430e2a016a376683d"},"dob":{"date":"1951-07-14T06:55:11.055Z","age":72},"registered":{"date":"2007-09-06T01:14:27.159Z","age":16},"phone":"02-56-59-61-07","cell":"06-83-93-99-29","id":{"name":"INSEE","value":"2510649452084 87"},"picture":{"large":"https://randomuser.me/api/portraits/women/84.jpg","medium":"https://randomuser.me/api/portraits/med/women/84.jpg","thumbnail":"https://randomuser.me/api/portraits/thumb/women/84.jpg"},"nat":"FR"}],"info":{"seed":"d0a83a5f3f4ca782","results":1,"page":1,"version":"1.4"}} 
 </msg>
<msg time="2024-04-24T05:14:49.458676" level="INFO">/opt/hostedtoolcache/Python/3.12.3/x64/lib/python3.12/site-packages/urllib3/connectionpool.py:1103: InsecureRequestWarning: Unverified HTTPS request is being made to host 'randomuser.me'. Adding certificate verification is strongly advised. See: https://urllib3.readthedocs.io/en/latest/advanced-usage.html#tls-warnings
  warnings.warn(</msg>
<msg time="2024-04-24T05:14:49.458804" level="INFO">${response} = &lt;Response [200]&gt;</msg>
<var>${response}</var>
<arg>consultarAPI</arg>
<arg>/api</arg>
<doc>Sends a GET request on a previously created HTTP Session.</doc>
<status status="PASS" start="2024-04-24T05:14:49.358534" elapsed="0.100309"/>
</kw>
<kw name="Set Variable" owner="BuiltIn">
<msg time="2024-04-24T05:14:49.459711" level="INFO">${json_data} = {'results': [{'gender': 'female', 'name': {'title': 'Mrs', 'first': 'Noélie', 'last': 'Guillaume'}, 'location': {'street': {'number': 2829, 'name': 'Montée Saint-Barthélémy'}, 'city': 'Créteil', 'stat...</msg>
<var>${json_data}</var>
<arg>${response.json()}</arg>
<doc>Returns the given values which can then be assigned to a variables.</doc>
<status status="PASS" start="2024-04-24T05:14:49.459225" elapsed="0.000516"/>
</kw>
<kw name="Set Variable" owner="BuiltIn">
<msg time="2024-04-24T05:14:49.460431" level="INFO">${name_title} = Mrs</msg>
<var>${name_title}</var>
<arg>${json_data["results"][0]["name"]["title"]}</arg>
<doc>Returns the given values which can then be assigned to a variables.</doc>
<status status="PASS" start="2024-04-24T05:14:49.460048" elapsed="0.000409"/>
</kw>
<kw name="Create List" owner="BuiltIn">
<msg time="2024-04-24T05:14:49.460904" level="INFO">${allowed_titles} = ['Mr', 'Ms', 'Miss', 'Mrs', 'Madame', 'Monsieur']</msg>
<var>${allowed_titles}</var>
<arg>Mr</arg>
<arg>Ms</arg>
<arg>Miss</arg>
<arg>Mrs</arg>
<arg>Madame</arg>
<arg>Monsieur</arg>
<doc>Returns a list containing given items.</doc>
<status status="PASS" start="2024-04-24T05:14:49.460757" elapsed="0.000172"/>
</kw>
<kw name="List Should Contain Value" owner="Collections">
<msg time="2024-04-24T05:14:49.461400" level="INFO">False</msg>
<arg>${allowed_titles}</arg>
<arg>${name_title}</arg>
<doc>Fails if the ``value`` is not found from ``list``.</doc>
<status status="PASS" start="2024-04-24T05:14:49.461231" elapsed="0.000206"/>
</kw>
<kw name="Set Variable" owner="BuiltIn">
<msg time="2024-04-24T05:14:49.462102" level="INFO">${name_country} = FR</msg>
<var>${name_country}</var>
<arg>${json_data["results"][0]["nat"]}</arg>
<doc>Returns the given values which can then be assigned to a variables.</doc>
<status status="PASS" start="2024-04-24T05:14:49.461725" elapsed="0.000403"/>
</kw>
<kw name="Create List" owner="BuiltIn">
<msg time="2024-04-24T05:14:49.463016" level="INFO">${list_country} = ['AD', 'AE', 'AF', 'AG', 'AI', 'AL', 'AM', 'AO', 'AQ', 'AR', 'AS', 'AT', 'AU', 'AW', 'AX', 'AZ', 'BA', 'BB', 'BD', 'BE', 'BF', 'BG', 'BH', 'BI', 'BJ', 'BL', 'BM', 'BN', 'BO', 'BQ', 'BR', 'BS', 'BT', '...</msg>
<var>${list_country}</var>
<arg>AD</arg>
<arg>AE</arg>
<arg>AF</arg>
<arg>AG</arg>
<arg>AI</arg>
<arg>AL</arg>
<arg>AM</arg>
<arg>AO</arg>
<arg>AQ</arg>
<arg>AR</arg>
<arg>AS</arg>
<arg>AT</arg>
<arg>AU</arg>
<arg>AW</arg>
<arg>AX</arg>
<arg>AZ</arg>
<arg>BA</arg>
<arg>BB</arg>
<arg>BD</arg>
<arg>BE</arg>
<arg>BF</arg>
<arg>BG</arg>
<arg>BH</arg>
<arg>BI</arg>
<arg>BJ</arg>
<arg>BL</arg>
<arg>BM</arg>
<arg>BN</arg>
<arg>BO</arg>
<arg>BQ</arg>
<arg>BR</arg>
<arg>BS</arg>
<arg>BT</arg>
<arg>BV</arg>
<arg>BW</arg>
<arg>BY</arg>
<arg>BZ</arg>
<arg>CA</arg>
<arg>CC</arg>
<arg>CD</arg>
<arg>CF</arg>
<arg>CG</arg>
<arg>CH</arg>
<arg>CI</arg>
<arg>CK</arg>
<arg>CL</arg>
<arg>CM</arg>
<arg>CN</arg>
<arg>CO</arg>
<arg>CR</arg>
<arg>CU</arg>
<arg>CV</arg>
<arg>CW</arg>
<arg>CX</arg>
<arg>CY</arg>
<arg>CZ</arg>
<arg>DE</arg>
<arg>DJ</arg>
<arg>DK</arg>
<arg>DM</arg>
<arg>DO</arg>
<arg>DZ</arg>
<arg>EC</arg>
<arg>EE</arg>
<arg>EG</arg>
<arg>EH</arg>
<arg>ER</arg>
<arg>ES</arg>
<arg>ET</arg>
<arg>FI</arg>
<arg>FJ</arg>
<arg>FK</arg>
<arg>FM</arg>
<arg>FO</arg>
<arg>FR</arg>
<arg>GA</arg>
<arg>GB</arg>
<arg>GD</arg>
<arg>GE</arg>
<arg>GF</arg>
<arg>GG</arg>
<arg>GH</arg>
<arg>GI</arg>
<arg>GL</arg>
<arg>GM</arg>
<arg>GN</arg>
<arg>GP</arg>
<arg>GQ</arg>
<arg>GR</arg>
<arg>GS</arg>
<arg>GT</arg>
<arg>GU</arg>
<arg>GW</arg>
<arg>GY</arg>
<arg>HK</arg>
<arg>HM</arg>
<arg>HN</arg>
<arg>HR</arg>
<arg>HT</arg>
<arg>HU</arg>
<arg>ID</arg>
<arg>IE</arg>
<arg>IL</arg>
<arg>IM</arg>
<arg>IN</arg>
<arg>IO</arg>
<arg>IQ</arg>
<arg>IR</arg>
<arg>IS</arg>
<arg>IT</arg>
<arg>JE</arg>
<arg>JM</arg>
<arg>JO</arg>
<arg>JP</arg>
<arg>KE</arg>
<arg>KG</arg>
<arg>KH</arg>
<arg>KI</arg>
<arg>KM</arg>
<arg>KN</arg>
<arg>KP</arg>
<arg>KR</arg>
<arg>KW</arg>
<arg>KY</arg>
<arg>KZ</arg>
<arg>LA</arg>
<arg>LB</arg>
<arg>LC</arg>
<arg>LI</arg>
<arg>LK</arg>
<arg>LR</arg>
<arg>LS</arg>
<arg>LT</arg>
<arg>LU</arg>
<arg>LV</arg>
<arg>LY</arg>
<arg>MA</arg>
<arg>MC</arg>
<arg>MD</arg>
<arg>ME</arg>
<arg>MF</arg>
<arg>MG</arg>
<arg>MH</arg>
<arg>MK</arg>
<arg>ML</arg>
<arg>MM</arg>
<arg>MN</arg>
<arg>MO</arg>
<arg>MP</arg>
<arg>MQ</arg>
<arg>MR</arg>
<arg>MS</arg>
<arg>MT</arg>
<arg>MU</arg>
<arg>MV</arg>
<arg>MW</arg>
<arg>MX</arg>
<arg>MY</arg>
<arg>MZ</arg>
<arg>NA</arg>
<arg>NC</arg>
<arg>NE</arg>
<arg>NF</arg>
<arg>NG</arg>
<arg>NI</arg>
<arg>NL</arg>
<arg>NO</arg>
<arg>NP</arg>
<arg>NR</arg>
<arg>NU</arg>
<arg>NZ</arg>
<arg>OM</arg>
<arg>PA</arg>
<arg>PE</arg>
<arg>PF</arg>
<arg>PG</arg>
<arg>PH</arg>
<arg>PK</arg>
<arg>PL</arg>
<arg>PM</arg>
<arg>PN</arg>
<arg>PR</arg>
<arg>PS</arg>
<arg>PT</arg>
<arg>PW</arg>
<arg>PY</arg>
<arg>QA</arg>
<arg>RE</arg>
<arg>RO</arg>
<arg>RS</arg>
<arg>RU</arg>
<arg>RW</arg>
<arg>SA</arg>
<arg>SB</arg>
<arg>SC</arg>
<arg>SD</arg>
<arg>SE</arg>
<arg>SG</arg>
<arg>SH</arg>
<arg>SI</arg>
<arg>SJ</arg>
<arg>SK</arg>
<arg>SL</arg>
<arg>SM</arg>
<arg>SN</arg>
<arg>SO</arg>
<arg>SR</arg>
<arg>SS</arg>
<arg>ST</arg>
<arg>SV</arg>
<arg>SX</arg>
<arg>SY</arg>
<arg>SZ</arg>
<arg>TC</arg>
<arg>TD</arg>
<arg>TF</arg>
<arg>TG</arg>
<arg>TH</arg>
<arg>TJ</arg>
<arg>TK</arg>
<arg>TL</arg>
<arg>TM</arg>
<arg>TN</arg>
<arg>TO</arg>
<arg>TR</arg>
<arg>TT</arg>
<arg>TV</arg>
<arg>TW</arg>
<arg>TZ</arg>
<arg>UA</arg>
<arg>UG</arg>
<arg>UM</arg>
<arg>US</arg>
<arg>UY</arg>
<arg>UZ</arg>
<arg>VA</arg>
<arg>VC</arg>
<arg>VE</arg>
<arg>VG</arg>
<arg>VI</arg>
<arg>VN</arg>
<arg>VU</arg>
<arg>WF</arg>
<arg>WS</arg>
<arg>XK</arg>
<arg>YE</arg>
<arg>YT</arg>
<arg>ZA</arg>
<arg>ZM</arg>
<arg>ZW</arg>
<doc>Returns a list containing given items.</doc>
<status status="PASS" start="2024-04-24T05:14:49.462430" elapsed="0.000611"/>
</kw>
<kw name="List Should Contain Value" owner="Collections">
<msg time="2024-04-24T05:14:49.464054" level="INFO">False</msg>
<arg>${list_country}</arg>
<arg>${name_country}</arg>
<doc>Fails if the ``value`` is not found from ``list``.</doc>
<status status="PASS" start="2024-04-24T05:14:49.463853" elapsed="0.000237"/>
</kw>
<kw name="Run Keyword If" owner="BuiltIn">
<kw name="Should Be True" owner="BuiltIn">
<arg>${True}</arg>
<doc>Fails if the given condition is not true.</doc>
<status status="PASS" start="2024-04-24T05:14:49.465148" elapsed="0.000242"/>
</kw>
<arg>${json_data["results"][0]["location"]["coordinates"]["latitude"]} &gt;= -90 and ${json_data["results"][0]["location"]["coordinates"]["latitude"]} &lt;= 90</arg>
<arg>Should Be True</arg>
<arg>${True}</arg>
<doc>Runs the given keyword with the given arguments, if ``condition`` is true.</doc>
<status status="PASS" start="2024-04-24T05:14:49.464403" elapsed="0.001119"/>
</kw>
<kw name="Run Keyword If" owner="BuiltIn">
<kw name="Should Be True" owner="BuiltIn">
<arg>${True}</arg>
<doc>Fails if the given condition is not true.</doc>
<status status="PASS" start="2024-04-24T05:14:49.466412" elapsed="0.000136"/>
</kw>
<arg>${json_data["results"][0]["location"]["coordinates"]["longitude"]} &gt;= -180 and ${json_data["results"][0]["location"]["coordinates"]["longitude"]} &lt;= 180</arg>
<arg>Should Be True</arg>
<arg>${True}</arg>
<doc>Runs the given keyword with the given arguments, if ``condition`` is true.</doc>
<status status="PASS" start="2024-04-24T05:14:49.465709" elapsed="0.000963"/>
</kw>
<status status="PASS" start="2024-04-24T05:14:49.358320" elapsed="0.108480"/>
</kw>
<doc>Testa o conteúdo específico dos campos retornados pela API.</doc>
<tag>testeConteudo</tag>
<status status="PASS" start="2024-04-24T05:14:49.357926" elapsed="0.109013"/>
</test>
<status status="PASS" start="2024-04-24T05:14:48.673318" elapsed="0.795602"/>
</suite>
<status status="PASS" start="2024-04-24T05:14:48.659787" elapsed="0.814226"/>
</suite>
<statistics>
<total>
<stat pass="5" fail="0" skip="0">All Tests</stat>
</total>
<tag>
<stat pass="1" fail="0" skip="0">testeConteudo</stat>
<stat pass="1" fail="0" skip="0">testeEstruturaResposta</stat>
<stat pass="1" fail="0" skip="0">testeRequisicaoBasica</stat>
<stat pass="1" fail="0" skip="0">testeTiposDados</stat>
</tag>
<suite>
<stat pass="5" fail="0" skip="0" id="s1" name="Tests">Tests</stat>
<stat pass="5" fail="0" skip="0" id="s1-s1" name="Random-User-Test">Tests.Random-User-Test</stat>
</suite>
</statistics>
<errors>
</errors>
</robot>
