<?xml version="1.0" encoding="UTF-8"?>
<robot generator="Robot 7.0.1 (Python 3.12.4 on linux)" generated="2024-08-08T07:14:45.907784" rpa="false" schemaversion="5">
<suite id="s1" name="Tests" source="/home/runner/work/ApiRandomUser/ApiRandomUser/RamdonUser/tests">
<suite id="s1-s1" name="Random-User-Test" source="/home/runner/work/ApiRandomUser/ApiRandomUser/RamdonUser/tests/random-user-test.robot">
<test id="s1-s1-t1" name="Conectar" line="13">
<kw name="Conectar API" owner="random-user-service">
<kw name="Create Session" owner="RequestsLibrary">
<msg time="2024-08-08T07:14:46.300000" level="INFO">Creating Session using : alias=consultarAPI, url=https://randomuser.me/, headers={},                     cookies={}, auth=None, timeout=None, proxies=None, verify=False,                     debug=0 </msg>
<arg>consultarAPI</arg>
<arg>${URL}</arg>
<doc>Create Session: create a HTTP session to a server</doc>
<status status="PASS" start="2024-08-08T07:14:46.299800" elapsed="0.000375"/>
</kw>
<status status="PASS" start="2024-08-08T07:14:46.298747" elapsed="0.001783"/>
</kw>
<status status="PASS" start="2024-08-08T07:14:46.298146" elapsed="0.002575"/>
</test>
<test id="s1-s1-t2" name="Validar retorno 200 e JSON Válido" line="16">
<kw name="Teste de Requisicao Basica" owner="random-user-service">
<kw name="GET On Session" owner="RequestsLibrary">
<msg time="2024-08-08T07:14:46.511202" level="INFO">GET Request : url=https://randomuser.me/api 
 path_url=/api 
 headers={'User-Agent': 'python-requests/2.32.3', 'Accept-Encoding': 'gzip, deflate', 'Accept': '*/*', 'Connection': 'keep-alive'} 
 body=None 
 </msg>
<msg time="2024-08-08T07:14:46.511346" level="INFO">GET Response : url=https://randomuser.me/api 
 status=200, reason=OK 
 headers={'Date': 'Thu, 08 Aug 2024 07:14:46 GMT', 'Content-Type': 'application/json; charset=utf-8', 'Transfer-Encoding': 'chunked', 'Connection': 'keep-alive', 'X-Powered-By': 'Express', 'Access-Control-Allow-Origin': '*', 'Cache-Control': 'no-cache', 'ETag': 'W/"490-IIU77B6hhSR8RYF7CS7afnX8OPM"', 'Vary': 'Accept-Encoding', 'Content-Encoding': 'gzip', 'CF-Cache-Status': 'DYNAMIC', 'Report-To': '{"endpoints":[{"url":"https:\\/\\/a.nel.cloudflare.com\\/report\\/v4?s=HLZEZWkYSysSJT805joPgrgy87Qzz%2BzhxP23Tt2FPIdNOzLYXzM%2FMWaMK6cp64hIAg6EZsofHjYaEdJgWBbgbW1O2qkxxZ%2BnY7Z84u99C3zSrDe7eMcZoyGXot4AQV2O"}],"group":"cf-nel","max_age":604800}', 'NEL': '{"success_fraction":0,"report_to":"cf-nel","max_age":604800}', 'Server': 'cloudflare', 'CF-RAY': '8afdb6204f45062d-IAD', 'alt-svc': 'h3=":443"; ma=86400'} 
 body={"results":[{"gender":"female","name":{"title":"Mrs","first":"Nicoline","last":"Jørgensen"},"location":{"street":{"number":5602,"name":"Thorsgade"},"city":"Stenderup","state":"Danmark","country":"Denmark","postcode":43455,"coordinates":{"latitude":"-38.9166","longitude":"56.0349"},"timezone":{"offset":"+4:00","description":"Abu Dhabi, Muscat, Baku, Tbilisi"}},"email":"nicoline.jorgensen@example.com","login":{"uuid":"b5798dc1-5b59-47fb-ac6f-6c5e813a4185","username":"yellowkoala791","password":"hippo","salt":"TuMB9R4Y","md5":"e2bce116621b1a12cdf92161b79af5c7","sha1":"c6ea172c43c6f5890b3ef19d76f50af386980a53","sha256":"3901f8917b2e388b5aa838ec702e28eaab774a39ee70390deaf40f6565ad3b7a"},"dob":{"date":"1962-07-06T15:55:42.798Z","age":62},"registered":{"date":"2020-12-19T23:57:41.476Z","age":3},"phone":"01620532","cell":"65637727","id":{"name":"CPR","value":"060762-9832"},"picture":{"large":"https://randomuser.me/api/portraits/women/50.jpg","medium":"https://randomuser.me/api/portraits/med/women/50.jpg","thumbnail":"https://randomuser.me/api/portraits/thumb/women/50.jpg"},"nat":"DK"}],"info":{"seed":"d56762ac640ad657","results":1,"page":1,"version":"1.4"}} 
 </msg>
<msg time="2024-08-08T07:14:46.511432" level="INFO">/opt/hostedtoolcache/Python/3.12.4/x64/lib/python3.12/site-packages/urllib3/connectionpool.py:1099: InsecureRequestWarning: Unverified HTTPS request is being made to host 'randomuser.me'. Adding certificate verification is strongly advised. See: https://urllib3.readthedocs.io/en/latest/advanced-usage.html#tls-warnings
  warnings.warn(</msg>
<msg time="2024-08-08T07:14:46.511588" level="INFO">${response} = &lt;Response [200]&gt;</msg>
<var>${response}</var>
<arg>consultarAPI</arg>
<arg>/api</arg>
<doc>Sends a GET request on a previously created HTTP Session.</doc>
<status status="PASS" start="2024-08-08T07:14:46.303325" elapsed="0.208299"/>
</kw>
<kw name="Should Be Equal As Numbers" owner="BuiltIn">
<msg time="2024-08-08T07:14:46.512529" level="INFO">Argument types are:
&lt;class 'int'&gt;
&lt;class 'str'&gt;</msg>
<arg>${response.status_code}</arg>
<arg>200</arg>
<doc>Fails if objects are unequal after converting them to real numbers.</doc>
<status status="PASS" start="2024-08-08T07:14:46.512111" elapsed="0.000481"/>
</kw>
<kw name="Log" owner="BuiltIn">
<msg time="2024-08-08T07:14:46.513244" level="INFO">200</msg>
<arg>${response.status_code}</arg>
<doc>Logs the given message with the given level.</doc>
<status status="PASS" start="2024-08-08T07:14:46.512900" elapsed="0.000385"/>
</kw>
<kw name="Set Variable" owner="BuiltIn">
<msg time="2024-08-08T07:14:46.514017" level="INFO">${json_data} = {'results': [{'gender': 'female', 'name': {'title': 'Mrs', 'first': 'Nicoline', 'last': 'Jørgensen'}, 'location': {'street': {'number': 5602, 'name': 'Thorsgade'}, 'city': 'Stenderup', 'state': 'Danma...</msg>
<var>${json_data}</var>
<arg>${response.json()}</arg>
<doc>Returns the given values which can then be assigned to a variables.</doc>
<status status="PASS" start="2024-08-08T07:14:46.513583" elapsed="0.000464"/>
</kw>
<kw name="Dictionary Should Contain Key" owner="Collections">
<arg>${json_data}</arg>
<arg>results</arg>
<doc>Fails if ``key`` is not found from ``dictionary``.</doc>
<status status="PASS" start="2024-08-08T07:14:46.514345" elapsed="0.000339"/>
</kw>
<status status="PASS" start="2024-08-08T07:14:46.303085" elapsed="0.211754"/>
</kw>
<doc>Testa se a API responde corretamente e retorna um objeto JSON válido.</doc>
<tag>testeRequisicaoBasica</tag>
<status status="PASS" start="2024-08-08T07:14:46.302566" elapsed="0.212437"/>
</test>
<test id="s1-s1-t3" name="Validar estrutura de resposta" line="22">
<kw name="Teste de Estrutura de Resposta" owner="random-user-service">
<kw name="GET On Session" owner="RequestsLibrary">
<msg time="2024-08-08T07:14:46.597968" level="INFO">GET Request : url=https://randomuser.me/api 
 path_url=/api 
 headers={'User-Agent': 'python-requests/2.32.3', 'Accept-Encoding': 'gzip, deflate', 'Accept': '*/*', 'Connection': 'keep-alive'} 
 body=None 
 </msg>
<msg time="2024-08-08T07:14:46.598040" level="INFO">GET Response : url=https://randomuser.me/api 
 status=200, reason=OK 
 headers={'Date': 'Thu, 08 Aug 2024 07:14:46 GMT', 'Content-Type': 'application/json; charset=utf-8', 'Transfer-Encoding': 'chunked', 'Connection': 'keep-alive', 'X-Powered-By': 'Express', 'Access-Control-Allow-Origin': '*', 'Cache-Control': 'no-cache', 'ETag': 'W/"479-173NFl633hs7eLRhLh9CArvIuzg"', 'Vary': 'Accept-Encoding', 'Content-Encoding': 'gzip', 'CF-Cache-Status': 'DYNAMIC', 'Report-To': '{"endpoints":[{"url":"https:\\/\\/a.nel.cloudflare.com\\/report\\/v4?s=TX8qC3wTEm0VfCg%2Fnq5JTLWW7nPbYnDhDaJcAtRwUW1Vfu77f3%2BxPcl3V2m80HAUKkTnztbx1ncBWlYN6%2BPIKjuH8F9m2BgycqFjj6WcgDqDLzA7Yd2R2vsFkv7Fuk52"}],"group":"cf-nel","max_age":604800}', 'NEL': '{"success_fraction":0,"report_to":"cf-nel","max_age":604800}', 'Server': 'cloudflare', 'CF-RAY': '8afdb620bfab062d-IAD', 'alt-svc': 'h3=":443"; ma=86400'} 
 body={"results":[{"gender":"male","name":{"title":"Mr","first":"Tomothy","last":"May"},"location":{"street":{"number":6850,"name":"Rochestown Road"},"city":"Fermoy","state":"Wexford","country":"Ireland","postcode":29686,"coordinates":{"latitude":"-3.5102","longitude":"-170.0672"},"timezone":{"offset":"-12:00","description":"Eniwetok, Kwajalein"}},"email":"tomothy.may@example.com","login":{"uuid":"e90ab6f3-71cc-428e-95d5-d7b512bc215f","username":"ticklishfrog876","password":"frederic","salt":"EeVVkG4u","md5":"3ac76f66d00103856b3db3929f8e8f50","sha1":"cc34388abc238f4ae2b5c0a3d71e3cabba724a6e","sha256":"b793ba8be7c028e285175303df5af9d3e33a99ca4a7690b70c18ec731ffbaf4c"},"dob":{"date":"1971-02-20T01:45:46.805Z","age":53},"registered":{"date":"2017-01-15T19:06:24.411Z","age":7},"phone":"011-167-1039","cell":"081-494-8696","id":{"name":"PPS","value":"3439053T"},"picture":{"large":"https://randomuser.me/api/portraits/men/35.jpg","medium":"https://randomuser.me/api/portraits/med/men/35.jpg","thumbnail":"https://randomuser.me/api/portraits/thumb/men/35.jpg"},"nat":"IE"}],"info":{"seed":"d3fbbd638f226a7d","results":1,"page":1,"version":"1.4"}} 
 </msg>
<msg time="2024-08-08T07:14:46.598134" level="INFO">/opt/hostedtoolcache/Python/3.12.4/x64/lib/python3.12/site-packages/urllib3/connectionpool.py:1099: InsecureRequestWarning: Unverified HTTPS request is being made to host 'randomuser.me'. Adding certificate verification is strongly advised. See: https://urllib3.readthedocs.io/en/latest/advanced-usage.html#tls-warnings
  warnings.warn(</msg>
<msg time="2024-08-08T07:14:46.598246" level="INFO">${response} = &lt;Response [200]&gt;</msg>
<var>${response}</var>
<arg>consultarAPI</arg>
<arg>/api</arg>
<doc>Sends a GET request on a previously created HTTP Session.</doc>
<status status="PASS" start="2024-08-08T07:14:46.517497" elapsed="0.080792"/>
</kw>
<kw name="Set Variable" owner="BuiltIn">
<msg time="2024-08-08T07:14:46.599123" level="INFO">${json_data} = {'results': [{'gender': 'male', 'name': {'title': 'Mr', 'first': 'Tomothy', 'last': 'May'}, 'location': {'street': {'number': 6850, 'name': 'Rochestown Road'}, 'city': 'Fermoy', 'state': 'Wexford', 'c...</msg>
<var>${json_data}</var>
<arg>${response.json()}</arg>
<doc>Returns the given values which can then be assigned to a variables.</doc>
<status status="PASS" start="2024-08-08T07:14:46.598677" elapsed="0.000476"/>
</kw>
<kw name="Log" owner="BuiltIn">
<msg time="2024-08-08T07:14:46.599609" level="INFO">{'results': [{'gender': 'male', 'name': {'title': 'Mr', 'first': 'Tomothy', 'last': 'May'}, 'location': {'street': {'number': 6850, 'name': 'Rochestown Road'}, 'city': 'Fermoy', 'state': 'Wexford', 'country': 'Ireland', 'postcode': 29686, 'coordinates': {'latitude': '-3.5102', 'longitude': '-170.0672'}, 'timezone': {'offset': '-12:00', 'description': 'Eniwetok, Kwajalein'}}, 'email': 'tomothy.may@example.com', 'login': {'uuid': 'e90ab6f3-71cc-428e-95d5-d7b512bc215f', 'username': 'ticklishfrog876', 'password': 'frederic', 'salt': 'EeVVkG4u', 'md5': '3ac76f66d00103856b3db3929f8e8f50', 'sha1': 'cc34388abc238f4ae2b5c0a3d71e3cabba724a6e', 'sha256': 'b793ba8be7c028e285175303df5af9d3e33a99ca4a7690b70c18ec731ffbaf4c'}, 'dob': {'date': '1971-02-20T01:45:46.805Z', 'age': 53}, 'registered': {'date': '2017-01-15T19:06:24.411Z', 'age': 7}, 'phone': '011-167-1039', 'cell': '081-494-8696', 'id': {'name': 'PPS', 'value': '3439053T'}, 'picture': {'large': 'https://randomuser.me/api/portraits/men/35.jpg', 'medium': 'https://randomuser.me/api/portraits/med/men/35.jpg', 'thumbnail': 'https://randomuser.me/api/portraits/thumb/men/35.jpg'}, 'nat': 'IE'}], 'info': {'seed': 'd3fbbd638f226a7d', 'results': 1, 'page': 1, 'version': '1.4'}}</msg>
<arg>${json_data}</arg>
<doc>Logs the given message with the given level.</doc>
<status status="PASS" start="2024-08-08T07:14:46.599448" elapsed="0.000218"/>
</kw>
<kw name="Dictionary Should Contain Key" owner="Collections">
<arg>${json_data}</arg>
<arg>results</arg>
<doc>Fails if ``key`` is not found from ``dictionary``.</doc>
<status status="PASS" start="2024-08-08T07:14:46.599997" elapsed="0.000183"/>
</kw>
<kw name="Should Not Be Empty" owner="BuiltIn">
<msg time="2024-08-08T07:14:46.600495" level="INFO">Length is 2.</msg>
<arg>${json_data}</arg>
<doc>Verifies that the given item is not empty.</doc>
<status status="PASS" start="2024-08-08T07:14:46.600372" elapsed="0.000161"/>
</kw>
<kw name="Create List" owner="BuiltIn">
<msg time="2024-08-08T07:14:46.600971" level="INFO">${expected_keys} = ['gender', 'name', 'location', 'email', 'login']</msg>
<var>${expected_keys}</var>
<arg>gender</arg>
<arg>name</arg>
<arg>location</arg>
<arg>email</arg>
<arg>login</arg>
<doc>Returns a list containing given items.</doc>
<status status="PASS" start="2024-08-08T07:14:46.600818" elapsed="0.000178"/>
</kw>
<for flavor="IN">
<iter>
<kw name="Dictionary Should Contain Key" owner="Collections">
<arg>${json_data['results'][0]}</arg>
<arg>${key}</arg>
<doc>Fails if ``key`` is not found from ``dictionary``.</doc>
<status status="PASS" start="2024-08-08T07:14:46.601556" elapsed="0.000403"/>
</kw>
<kw name="Log" owner="BuiltIn">
<msg time="2024-08-08T07:14:46.602532" level="INFO">{'gender': 'male', 'name': {'title': 'Mr', 'first': 'Tomothy', 'last': 'May'}, 'location': {'street': {'number': 6850, 'name': 'Rochestown Road'}, 'city': 'Fermoy', 'state': 'Wexford', 'country': 'Ireland', 'postcode': 29686, 'coordinates': {'latitude': '-3.5102', 'longitude': '-170.0672'}, 'timezone': {'offset': '-12:00', 'description': 'Eniwetok, Kwajalein'}}, 'email': 'tomothy.may@example.com', 'login': {'uuid': 'e90ab6f3-71cc-428e-95d5-d7b512bc215f', 'username': 'ticklishfrog876', 'password': 'frederic', 'salt': 'EeVVkG4u', 'md5': '3ac76f66d00103856b3db3929f8e8f50', 'sha1': 'cc34388abc238f4ae2b5c0a3d71e3cabba724a6e', 'sha256': 'b793ba8be7c028e285175303df5af9d3e33a99ca4a7690b70c18ec731ffbaf4c'}, 'dob': {'date': '1971-02-20T01:45:46.805Z', 'age': 53}, 'registered': {'date': '2017-01-15T19:06:24.411Z', 'age': 7}, 'phone': '011-167-1039', 'cell': '081-494-8696', 'id': {'name': 'PPS', 'value': '3439053T'}, 'picture': {'large': 'https://randomuser.me/api/portraits/men/35.jpg', 'medium': 'https://randomuser.me/api/portraits/med/men/35.jpg', 'thumbnail': 'https://randomuser.me/api/portraits/thumb/men/35.jpg'}, 'nat': 'IE'}</msg>
<arg>${json_data['results'][0]}</arg>
<doc>Logs the given message with the given level.</doc>
<status status="PASS" start="2024-08-08T07:14:46.602150" elapsed="0.000431"/>
</kw>
<kw name="Log" owner="BuiltIn">
<msg time="2024-08-08T07:14:46.603016" level="INFO">gender</msg>
<arg>${key}</arg>
<doc>Logs the given message with the given level.</doc>
<status status="PASS" start="2024-08-08T07:14:46.602876" elapsed="0.000179"/>
</kw>
<var name="${key}">gender</var>
<status status="PASS" start="2024-08-08T07:14:46.601436" elapsed="0.001835"/>
</iter>
<iter>
<kw name="Dictionary Should Contain Key" owner="Collections">
<arg>${json_data['results'][0]}</arg>
<arg>${key}</arg>
<doc>Fails if ``key`` is not found from ``dictionary``.</doc>
<status status="PASS" start="2024-08-08T07:14:46.603582" elapsed="0.000422"/>
</kw>
<kw name="Log" owner="BuiltIn">
<msg time="2024-08-08T07:14:46.604626" level="INFO">{'gender': 'male', 'name': {'title': 'Mr', 'first': 'Tomothy', 'last': 'May'}, 'location': {'street': {'number': 6850, 'name': 'Rochestown Road'}, 'city': 'Fermoy', 'state': 'Wexford', 'country': 'Ireland', 'postcode': 29686, 'coordinates': {'latitude': '-3.5102', 'longitude': '-170.0672'}, 'timezone': {'offset': '-12:00', 'description': 'Eniwetok, Kwajalein'}}, 'email': 'tomothy.may@example.com', 'login': {'uuid': 'e90ab6f3-71cc-428e-95d5-d7b512bc215f', 'username': 'ticklishfrog876', 'password': 'frederic', 'salt': 'EeVVkG4u', 'md5': '3ac76f66d00103856b3db3929f8e8f50', 'sha1': 'cc34388abc238f4ae2b5c0a3d71e3cabba724a6e', 'sha256': 'b793ba8be7c028e285175303df5af9d3e33a99ca4a7690b70c18ec731ffbaf4c'}, 'dob': {'date': '1971-02-20T01:45:46.805Z', 'age': 53}, 'registered': {'date': '2017-01-15T19:06:24.411Z', 'age': 7}, 'phone': '011-167-1039', 'cell': '081-494-8696', 'id': {'name': 'PPS', 'value': '3439053T'}, 'picture': {'large': 'https://randomuser.me/api/portraits/men/35.jpg', 'medium': 'https://randomuser.me/api/portraits/med/men/35.jpg', 'thumbnail': 'https://randomuser.me/api/portraits/thumb/men/35.jpg'}, 'nat': 'IE'}</msg>
<arg>${json_data['results'][0]}</arg>
<doc>Logs the given message with the given level.</doc>
<status status="PASS" start="2024-08-08T07:14:46.604189" elapsed="0.000517"/>
</kw>
<kw name="Log" owner="BuiltIn">
<msg time="2024-08-08T07:14:46.605133" level="INFO">name</msg>
<arg>${key}</arg>
<doc>Logs the given message with the given level.</doc>
<status status="PASS" start="2024-08-08T07:14:46.605005" elapsed="0.000165"/>
</kw>
<var name="${key}">name</var>
<status status="PASS" start="2024-08-08T07:14:46.603466" elapsed="0.001917"/>
</iter>
<iter>
<kw name="Dictionary Should Contain Key" owner="Collections">
<arg>${json_data['results'][0]}</arg>
<arg>${key}</arg>
<doc>Fails if ``key`` is not found from ``dictionary``.</doc>
<status status="PASS" start="2024-08-08T07:14:46.605667" elapsed="0.000371"/>
</kw>
<kw name="Log" owner="BuiltIn">
<msg time="2024-08-08T07:14:46.606556" level="INFO">{'gender': 'male', 'name': {'title': 'Mr', 'first': 'Tomothy', 'last': 'May'}, 'location': {'street': {'number': 6850, 'name': 'Rochestown Road'}, 'city': 'Fermoy', 'state': 'Wexford', 'country': 'Ireland', 'postcode': 29686, 'coordinates': {'latitude': '-3.5102', 'longitude': '-170.0672'}, 'timezone': {'offset': '-12:00', 'description': 'Eniwetok, Kwajalein'}}, 'email': 'tomothy.may@example.com', 'login': {'uuid': 'e90ab6f3-71cc-428e-95d5-d7b512bc215f', 'username': 'ticklishfrog876', 'password': 'frederic', 'salt': 'EeVVkG4u', 'md5': '3ac76f66d00103856b3db3929f8e8f50', 'sha1': 'cc34388abc238f4ae2b5c0a3d71e3cabba724a6e', 'sha256': 'b793ba8be7c028e285175303df5af9d3e33a99ca4a7690b70c18ec731ffbaf4c'}, 'dob': {'date': '1971-02-20T01:45:46.805Z', 'age': 53}, 'registered': {'date': '2017-01-15T19:06:24.411Z', 'age': 7}, 'phone': '011-167-1039', 'cell': '081-494-8696', 'id': {'name': 'PPS', 'value': '3439053T'}, 'picture': {'large': 'https://randomuser.me/api/portraits/men/35.jpg', 'medium': 'https://randomuser.me/api/portraits/med/men/35.jpg', 'thumbnail': 'https://randomuser.me/api/portraits/thumb/men/35.jpg'}, 'nat': 'IE'}</msg>
<arg>${json_data['results'][0]}</arg>
<doc>Logs the given message with the given level.</doc>
<status status="PASS" start="2024-08-08T07:14:46.606218" elapsed="0.000385"/>
</kw>
<kw name="Log" owner="BuiltIn">
<msg time="2024-08-08T07:14:46.607026" level="INFO">location</msg>
<arg>${key}</arg>
<doc>Logs the given message with the given level.</doc>
<status status="PASS" start="2024-08-08T07:14:46.606900" elapsed="0.000163"/>
</kw>
<var name="${key}">location</var>
<status status="PASS" start="2024-08-08T07:14:46.605557" elapsed="0.001716"/>
</iter>
<iter>
<kw name="Dictionary Should Contain Key" owner="Collections">
<arg>${json_data['results'][0]}</arg>
<arg>${key}</arg>
<doc>Fails if ``key`` is not found from ``dictionary``.</doc>
<status status="PASS" start="2024-08-08T07:14:46.607549" elapsed="0.000402"/>
</kw>
<kw name="Log" owner="BuiltIn">
<msg time="2024-08-08T07:14:46.608578" level="INFO">{'gender': 'male', 'name': {'title': 'Mr', 'first': 'Tomothy', 'last': 'May'}, 'location': {'street': {'number': 6850, 'name': 'Rochestown Road'}, 'city': 'Fermoy', 'state': 'Wexford', 'country': 'Ireland', 'postcode': 29686, 'coordinates': {'latitude': '-3.5102', 'longitude': '-170.0672'}, 'timezone': {'offset': '-12:00', 'description': 'Eniwetok, Kwajalein'}}, 'email': 'tomothy.may@example.com', 'login': {'uuid': 'e90ab6f3-71cc-428e-95d5-d7b512bc215f', 'username': 'ticklishfrog876', 'password': 'frederic', 'salt': 'EeVVkG4u', 'md5': '3ac76f66d00103856b3db3929f8e8f50', 'sha1': 'cc34388abc238f4ae2b5c0a3d71e3cabba724a6e', 'sha256': 'b793ba8be7c028e285175303df5af9d3e33a99ca4a7690b70c18ec731ffbaf4c'}, 'dob': {'date': '1971-02-20T01:45:46.805Z', 'age': 53}, 'registered': {'date': '2017-01-15T19:06:24.411Z', 'age': 7}, 'phone': '011-167-1039', 'cell': '081-494-8696', 'id': {'name': 'PPS', 'value': '3439053T'}, 'picture': {'large': 'https://randomuser.me/api/portraits/men/35.jpg', 'medium': 'https://randomuser.me/api/portraits/med/men/35.jpg', 'thumbnail': 'https://randomuser.me/api/portraits/thumb/men/35.jpg'}, 'nat': 'IE'}</msg>
<arg>${json_data['results'][0]}</arg>
<doc>Logs the given message with the given level.</doc>
<status status="PASS" start="2024-08-08T07:14:46.608235" elapsed="0.000400"/>
</kw>
<kw name="Log" owner="BuiltIn">
<msg time="2024-08-08T07:14:46.609055" level="INFO">email</msg>
<arg>${key}</arg>
<doc>Logs the given message with the given level.</doc>
<status status="PASS" start="2024-08-08T07:14:46.608927" elapsed="0.000166"/>
</kw>
<var name="${key}">email</var>
<status status="PASS" start="2024-08-08T07:14:46.607442" elapsed="0.001862"/>
</iter>
<iter>
<kw name="Dictionary Should Contain Key" owner="Collections">
<arg>${json_data['results'][0]}</arg>
<arg>${key}</arg>
<doc>Fails if ``key`` is not found from ``dictionary``.</doc>
<status status="PASS" start="2024-08-08T07:14:46.609584" elapsed="0.000371"/>
</kw>
<kw name="Log" owner="BuiltIn">
<msg time="2024-08-08T07:14:46.610470" level="INFO">{'gender': 'male', 'name': {'title': 'Mr', 'first': 'Tomothy', 'last': 'May'}, 'location': {'street': {'number': 6850, 'name': 'Rochestown Road'}, 'city': 'Fermoy', 'state': 'Wexford', 'country': 'Ireland', 'postcode': 29686, 'coordinates': {'latitude': '-3.5102', 'longitude': '-170.0672'}, 'timezone': {'offset': '-12:00', 'description': 'Eniwetok, Kwajalein'}}, 'email': 'tomothy.may@example.com', 'login': {'uuid': 'e90ab6f3-71cc-428e-95d5-d7b512bc215f', 'username': 'ticklishfrog876', 'password': 'frederic', 'salt': 'EeVVkG4u', 'md5': '3ac76f66d00103856b3db3929f8e8f50', 'sha1': 'cc34388abc238f4ae2b5c0a3d71e3cabba724a6e', 'sha256': 'b793ba8be7c028e285175303df5af9d3e33a99ca4a7690b70c18ec731ffbaf4c'}, 'dob': {'date': '1971-02-20T01:45:46.805Z', 'age': 53}, 'registered': {'date': '2017-01-15T19:06:24.411Z', 'age': 7}, 'phone': '011-167-1039', 'cell': '081-494-8696', 'id': {'name': 'PPS', 'value': '3439053T'}, 'picture': {'large': 'https://randomuser.me/api/portraits/men/35.jpg', 'medium': 'https://randomuser.me/api/portraits/med/men/35.jpg', 'thumbnail': 'https://randomuser.me/api/portraits/thumb/men/35.jpg'}, 'nat': 'IE'}</msg>
<arg>${json_data['results'][0]}</arg>
<doc>Logs the given message with the given level.</doc>
<status status="PASS" start="2024-08-08T07:14:46.610132" elapsed="0.000394"/>
</kw>
<kw name="Log" owner="BuiltIn">
<msg time="2024-08-08T07:14:46.610959" level="INFO">login</msg>
<arg>${key}</arg>
<doc>Logs the given message with the given level.</doc>
<status status="PASS" start="2024-08-08T07:14:46.610830" elapsed="0.000167"/>
</kw>
<var name="${key}">login</var>
<status status="PASS" start="2024-08-08T07:14:46.609476" elapsed="0.001740"/>
</iter>
<var>${key}</var>
<value>@{expected_keys}</value>
<status status="PASS" start="2024-08-08T07:14:46.601254" elapsed="0.010079"/>
</for>
<kw name="Create List" owner="BuiltIn">
<msg time="2024-08-08T07:14:46.611649" level="INFO">${expected_keysTwo} = ['username', 'password']</msg>
<var>${expected_keysTwo}</var>
<arg>username</arg>
<arg>password</arg>
<doc>Returns a list containing given items.</doc>
<status status="PASS" start="2024-08-08T07:14:46.611517" elapsed="0.000156"/>
</kw>
<for flavor="IN">
<iter>
<kw name="Dictionary Should Contain Key" owner="Collections">
<arg>${json_data['results'][0]['login']}</arg>
<arg>${keyTwo}</arg>
<doc>Fails if ``key`` is not found from ``dictionary``.</doc>
<status status="PASS" start="2024-08-08T07:14:46.612242" elapsed="0.000387"/>
</kw>
<kw name="Dictionary Should Contain Key" owner="Collections">
<arg>${json_data['results'][0]['login']}</arg>
<arg>${keyTwo}</arg>
<doc>Fails if ``key`` is not found from ``dictionary``.</doc>
<status status="PASS" start="2024-08-08T07:14:46.612810" elapsed="0.000377"/>
</kw>
<kw name="Log" owner="BuiltIn">
<msg time="2024-08-08T07:14:46.613482" level="INFO">username</msg>
<arg>${keyTwo}</arg>
<doc>Logs the given message with the given level.</doc>
<status status="PASS" start="2024-08-08T07:14:46.613363" elapsed="0.000156"/>
</kw>
<var name="${keyTwo}">username</var>
<status status="PASS" start="2024-08-08T07:14:46.612134" elapsed="0.001600"/>
</iter>
<iter>
<kw name="Dictionary Should Contain Key" owner="Collections">
<arg>${json_data['results'][0]['login']}</arg>
<arg>${keyTwo}</arg>
<doc>Fails if ``key`` is not found from ``dictionary``.</doc>
<status status="PASS" start="2024-08-08T07:14:46.614010" elapsed="0.000381"/>
</kw>
<kw name="Dictionary Should Contain Key" owner="Collections">
<arg>${json_data['results'][0]['login']}</arg>
<arg>${keyTwo}</arg>
<doc>Fails if ``key`` is not found from ``dictionary``.</doc>
<status status="PASS" start="2024-08-08T07:14:46.614567" elapsed="0.000363"/>
</kw>
<kw name="Log" owner="BuiltIn">
<msg time="2024-08-08T07:14:46.615222" level="INFO">password</msg>
<arg>${keyTwo}</arg>
<doc>Logs the given message with the given level.</doc>
<status status="PASS" start="2024-08-08T07:14:46.615106" elapsed="0.000153"/>
</kw>
<var name="${keyTwo}">password</var>
<status status="PASS" start="2024-08-08T07:14:46.613905" elapsed="0.001569"/>
</iter>
<var>${keyTwo}</var>
<value>@{expected_keysTwo}</value>
<status status="PASS" start="2024-08-08T07:14:46.611979" elapsed="0.003616"/>
</for>
<status status="PASS" start="2024-08-08T07:14:46.517277" elapsed="0.098455"/>
</kw>
<doc>Testa a estrutura da resposta da API.</doc>
<tag>testeEstruturaResposta</tag>
<status status="PASS" start="2024-08-08T07:14:46.516805" elapsed="0.099102"/>
</test>
<test id="s1-s1-t4" name="Validar tipos de dados" line="28">
<kw name="Teste de Tipos de Dados" owner="random-user-service">
<kw name="GET On Session" owner="RequestsLibrary">
<msg time="2024-08-08T07:14:46.767377" level="INFO">GET Request : url=https://randomuser.me/api 
 path_url=/api 
 headers={'User-Agent': 'python-requests/2.32.3', 'Accept-Encoding': 'gzip, deflate', 'Accept': '*/*', 'Connection': 'keep-alive'} 
 body=None 
 </msg>
<msg time="2024-08-08T07:14:46.767445" level="INFO">GET Response : url=https://randomuser.me/api 
 status=200, reason=OK 
 headers={'Date': 'Thu, 08 Aug 2024 07:14:46 GMT', 'Content-Type': 'application/json; charset=utf-8', 'Transfer-Encoding': 'chunked', 'Connection': 'keep-alive', 'X-Powered-By': 'Express', 'Access-Control-Allow-Origin': '*', 'Cache-Control': 'no-cache', 'ETag': 'W/"4a8-dme+260svkPeGcSnV0EMaT8FVjw"', 'Vary': 'Accept-Encoding', 'Content-Encoding': 'gzip', 'CF-Cache-Status': 'DYNAMIC', 'Report-To': '{"endpoints":[{"url":"https:\\/\\/a.nel.cloudflare.com\\/report\\/v4?s=TbphfItu3LGs6NCwCs%2Beyw%2BcyPSkB%2FVVSH7B0%2F2NQykZm4MYNPXFuCUCMODvoVYlHn1TpYWf88SYnu6ILnUoURKNLHOUSc%2FfVQ03Q%2BZvNKypX7pPhyeT458ftbAEzpEs"}],"group":"cf-nel","max_age":604800}', 'NEL': '{"success_fraction":0,"report_to":"cf-nel","max_age":604800}', 'Server': 'cloudflare', 'CF-RAY': '8afdb6215809062d-IAD', 'alt-svc': 'h3=":443"; ma=86400'} 
 body={"results":[{"gender":"female","name":{"title":"Miss","first":"Zorica","last":"Ćirković"},"location":{"street":{"number":449,"name":"Lipovički Put"},"city":"Sremski Karlovci","state":"South Banat","country":"Serbia","postcode":42426,"coordinates":{"latitude":"61.5874","longitude":"143.0035"},"timezone":{"offset":"+5:00","description":"Ekaterinburg, Islamabad, Karachi, Tashkent"}},"email":"zorica.cirkovic@example.com","login":{"uuid":"f13a06cc-5df4-4323-9b30-eeec8710785c","username":"angrytiger900","password":"chen","salt":"Z0toknMS","md5":"ee91df6da03113120a053005decf46c1","sha1":"94996ddb8bdd296f10c254c8a9c70dd9ccccb86a","sha256":"932763086a8be9e361ca7c9204184c48ea945715109ca8582080f05ce2bbdf3e"},"dob":{"date":"1996-05-26T00:08:29.541Z","age":28},"registered":{"date":"2017-09-10T09:50:14.565Z","age":6},"phone":"020-0453-792","cell":"064-5268-489","id":{"name":"SID","value":"791579435"},"picture":{"large":"https://randomuser.me/api/portraits/women/52.jpg","medium":"https://randomuser.me/api/portraits/med/women/52.jpg","thumbnail":"https://randomuser.me/api/portraits/thumb/women/52.jpg"},"nat":"RS"}],"info":{"seed":"67ebe5bef02a98d3","results":1,"page":1,"version":"1.4"}} 
 </msg>
<msg time="2024-08-08T07:14:46.767506" level="INFO">/opt/hostedtoolcache/Python/3.12.4/x64/lib/python3.12/site-packages/urllib3/connectionpool.py:1099: InsecureRequestWarning: Unverified HTTPS request is being made to host 'randomuser.me'. Adding certificate verification is strongly advised. See: https://urllib3.readthedocs.io/en/latest/advanced-usage.html#tls-warnings
  warnings.warn(</msg>
<msg time="2024-08-08T07:14:46.767614" level="INFO">${response} = &lt;Response [200]&gt;</msg>
<var>${response}</var>
<arg>consultarAPI</arg>
<arg>/api</arg>
<doc>Sends a GET request on a previously created HTTP Session.</doc>
<status status="PASS" start="2024-08-08T07:14:46.618250" elapsed="0.149404"/>
</kw>
<kw name="Set Variable" owner="BuiltIn">
<msg time="2024-08-08T07:14:46.768533" level="INFO">${json_data} = {'results': [{'gender': 'female', 'name': {'title': 'Miss', 'first': 'Zorica', 'last': 'Ćirković'}, 'location': {'street': {'number': 449, 'name': 'Lipovički Put'}, 'city': 'Sremski Karlovci', 'state'...</msg>
<var>${json_data}</var>
<arg>${response.json()}</arg>
<doc>Returns the given values which can then be assigned to a variables.</doc>
<status status="PASS" start="2024-08-08T07:14:46.768057" elapsed="0.000506"/>
</kw>
<kw name="Log" owner="BuiltIn">
<msg time="2024-08-08T07:14:46.769025" level="INFO">{'results': [{'gender': 'female', 'name': {'title': 'Miss', 'first': 'Zorica', 'last': 'Ćirković'}, 'location': {'street': {'number': 449, 'name': 'Lipovički Put'}, 'city': 'Sremski Karlovci', 'state': 'South Banat', 'country': 'Serbia', 'postcode': 42426, 'coordinates': {'latitude': '61.5874', 'longitude': '143.0035'}, 'timezone': {'offset': '+5:00', 'description': 'Ekaterinburg, Islamabad, Karachi, Tashkent'}}, 'email': 'zorica.cirkovic@example.com', 'login': {'uuid': 'f13a06cc-5df4-4323-9b30-eeec8710785c', 'username': 'angrytiger900', 'password': 'chen', 'salt': 'Z0toknMS', 'md5': 'ee91df6da03113120a053005decf46c1', 'sha1': '94996ddb8bdd296f10c254c8a9c70dd9ccccb86a', 'sha256': '932763086a8be9e361ca7c9204184c48ea945715109ca8582080f05ce2bbdf3e'}, 'dob': {'date': '1996-05-26T00:08:29.541Z', 'age': 28}, 'registered': {'date': '2017-09-10T09:50:14.565Z', 'age': 6}, 'phone': '020-0453-792', 'cell': '064-5268-489', 'id': {'name': 'SID', 'value': '791579435'}, 'picture': {'large': 'https://randomuser.me/api/portraits/women/52.jpg', 'medium': 'https://randomuser.me/api/portraits/med/women/52.jpg', 'thumbnail': 'https://randomuser.me/api/portraits/thumb/women/52.jpg'}, 'nat': 'RS'}], 'info': {'seed': '67ebe5bef02a98d3', 'results': 1, 'page': 1, 'version': '1.4'}}</msg>
<arg>${json_data}</arg>
<doc>Logs the given message with the given level.</doc>
<status status="PASS" start="2024-08-08T07:14:46.768868" elapsed="0.000208"/>
</kw>
<kw name="Should Be String" owner="String">
<arg>${json_data['results'][0]['gender']}</arg>
<doc>Fails if the given ``item`` is not a string.</doc>
<status status="PASS" start="2024-08-08T07:14:46.769370" elapsed="0.000354"/>
</kw>
<kw name="Should Match Regexp" owner="BuiltIn">
<arg>${json_data['results'][0]['email']}</arg>
<arg>^[a-zA-Z0-9._%+-]+@[a-zA-Z0-9.-]+\.[a-zA-Z]{2,}$</arg>
<doc>Fails if ``string`` does not match ``pattern`` as a regular expression.</doc>
<status status="PASS" start="2024-08-08T07:14:46.769945" elapsed="0.000524"/>
</kw>
<kw name="Should Match Regexp" owner="BuiltIn">
<arg>${json_data['results'][0]['dob']['date']}</arg>
<arg>\\d{4}-\\d{2}-\\d{2}T\\d{2}:\\d{2}:\\d{2}\\.\\d{3}Z</arg>
<doc>Fails if ``string`` does not match ``pattern`` as a regular expression.</doc>
<status status="PASS" start="2024-08-08T07:14:46.770726" elapsed="0.000603"/>
</kw>
<kw name="Should Match Regexp" owner="BuiltIn">
<arg>${json_data['results'][0]['registered']['date']}</arg>
<arg>\\d{4}-\\d{2}-\\d{2}T\\d{2}:\\d{2}:\\d{2}\\.\\d{3}Z</arg>
<doc>Fails if ``string`` does not match ``pattern`` as a regular expression.</doc>
<status status="PASS" start="2024-08-08T07:14:46.771525" elapsed="0.000397"/>
</kw>
<kw name="Should Match Regexp" owner="BuiltIn">
<arg>${json_data['results'][0]['picture']['large']}</arg>
<arg>^https?://.*\.(?:png|jpe?g|gif|bmp)$</arg>
<doc>Fails if ``string`` does not match ``pattern`` as a regular expression.</doc>
<status status="PASS" start="2024-08-08T07:14:46.772109" elapsed="0.000463"/>
</kw>
<kw name="Should Match Regexp" owner="BuiltIn">
<arg>${json_data['results'][0]['picture']['medium']}</arg>
<arg>^https?://.*\.(?:png|jpe?g|gif|bmp)$</arg>
<doc>Fails if ``string`` does not match ``pattern`` as a regular expression.</doc>
<status status="PASS" start="2024-08-08T07:14:46.772762" elapsed="0.000356"/>
</kw>
<kw name="Should Match Regexp" owner="BuiltIn">
<arg>${json_data['results'][0]['picture']['thumbnail']}</arg>
<arg>^https?://.*\.(?:png|jpe?g|gif|bmp)$</arg>
<doc>Fails if ``string`` does not match ``pattern`` as a regular expression.</doc>
<status status="PASS" start="2024-08-08T07:14:46.773301" elapsed="0.000345"/>
</kw>
<kw name="Log" owner="BuiltIn">
<msg time="2024-08-08T07:14:46.774140" level="INFO">{'large': 'https://randomuser.me/api/portraits/women/52.jpg', 'medium': 'https://randomuser.me/api/portraits/med/women/52.jpg', 'thumbnail': 'https://randomuser.me/api/portraits/thumb/women/52.jpg'}</msg>
<arg>${json_data['results'][0]['picture']}</arg>
<doc>Logs the given message with the given level.</doc>
<status status="PASS" start="2024-08-08T07:14:46.773823" elapsed="0.000359"/>
</kw>
<status status="PASS" start="2024-08-08T07:14:46.618029" elapsed="0.156408"/>
</kw>
<kw name="Teste de Tipos de Dados - Postcode" owner="random-user-service">
<kw name="GET On Session" owner="RequestsLibrary">
<msg time="2024-08-08T07:14:46.845839" level="INFO">GET Request : url=https://randomuser.me/api 
 path_url=/api 
 headers={'User-Agent': 'python-requests/2.32.3', 'Accept-Encoding': 'gzip, deflate', 'Accept': '*/*', 'Connection': 'keep-alive'} 
 body=None 
 </msg>
<msg time="2024-08-08T07:14:46.845921" level="INFO">GET Response : url=https://randomuser.me/api 
 status=200, reason=OK 
 headers={'Date': 'Thu, 08 Aug 2024 07:14:46 GMT', 'Content-Type': 'application/json; charset=utf-8', 'Transfer-Encoding': 'chunked', 'Connection': 'keep-alive', 'X-Powered-By': 'Express', 'Access-Control-Allow-Origin': '*', 'Cache-Control': 'no-cache', 'ETag': 'W/"49d-4xAgy1Cu0cZk72i/WZIRQkHCtCg"', 'Vary': 'Accept-Encoding', 'Content-Encoding': 'gzip', 'CF-Cache-Status': 'DYNAMIC', 'Report-To': '{"endpoints":[{"url":"https:\\/\\/a.nel.cloudflare.com\\/report\\/v4?s=75Khs3SgasFZB3Tz%2BdC8pTYzhu3bt89MH9HRY%2FrDBzKQWXe5v9rdzM%2F4mIzjDh3Ye54EpedJburXH3xYDS%2FoT1a7rpUG%2BiVKaKvU0vLL19UcBUuXbKnH7KJ8%2FkJ67djk"}],"group":"cf-nel","max_age":604800}', 'NEL': '{"success_fraction":0,"report_to":"cf-nel","max_age":604800}', 'Server': 'cloudflare', 'CF-RAY': '8afdb62258c4062d-IAD', 'alt-svc': 'h3=":443"; ma=86400'} 
 body={"results":[{"gender":"male","name":{"title":"Mr","first":"Sergio","last":"Perry"},"location":{"street":{"number":2735,"name":"Jones Road"},"city":"Edenderry","state":"Dún Laoghaire–Rathdown","country":"Ireland","postcode":24838,"coordinates":{"latitude":"-2.1448","longitude":"-149.0688"},"timezone":{"offset":"+11:00","description":"Magadan, Solomon Islands, New Caledonia"}},"email":"sergio.perry@example.com","login":{"uuid":"dbf45632-9f4f-42d5-9513-336e67f33b32","username":"bigelephant319","password":"esther","salt":"J7p7k1wK","md5":"b3e96a6b71a332411bc6a113c97d53d3","sha1":"23e44fe01d4422726793476c1d4d44cf5bde8931","sha256":"728bf3a8d485a72d73026c688e31028237c3c05507ebb7b04f86c936045ff61d"},"dob":{"date":"1956-10-21T06:27:52.137Z","age":67},"registered":{"date":"2010-08-15T23:55:54.340Z","age":13},"phone":"031-492-2721","cell":"081-571-3217","id":{"name":"PPS","value":"4233818T"},"picture":{"large":"https://randomuser.me/api/portraits/men/92.jpg","medium":"https://randomuser.me/api/portraits/med/men/92.jpg","thumbnail":"https://randomuser.me/api/portraits/thumb/men/92.jpg"},"nat":"IE"}],"info":{"seed":"9293405da525a57f","results":1,"page":1,"version":"1.4"}} 
 </msg>
<msg time="2024-08-08T07:14:46.845996" level="INFO">/opt/hostedtoolcache/Python/3.12.4/x64/lib/python3.12/site-packages/urllib3/connectionpool.py:1099: InsecureRequestWarning: Unverified HTTPS request is being made to host 'randomuser.me'. Adding certificate verification is strongly advised. See: https://urllib3.readthedocs.io/en/latest/advanced-usage.html#tls-warnings
  warnings.warn(</msg>
<msg time="2024-08-08T07:14:46.846109" level="INFO">${response} = &lt;Response [200]&gt;</msg>
<var>${response}</var>
<arg>consultarAPI</arg>
<arg>/api</arg>
<doc>Sends a GET request on a previously created HTTP Session.</doc>
<status status="PASS" start="2024-08-08T07:14:46.774864" elapsed="0.071298"/>
</kw>
<kw name="Set Variable" owner="BuiltIn">
<msg time="2024-08-08T07:14:46.847270" level="INFO">${json_data} = {'results': [{'gender': 'male', 'name': {'title': 'Mr', 'first': 'Sergio', 'last': 'Perry'}, 'location': {'street': {'number': 2735, 'name': 'Jones Road'}, 'city': 'Edenderry', 'state': 'Dún Laoghaire...</msg>
<var>${json_data}</var>
<arg>${response.json()}</arg>
<doc>Returns the given values which can then be assigned to a variables.</doc>
<status status="PASS" start="2024-08-08T07:14:46.846696" elapsed="0.000603"/>
</kw>
<kw name="Log" owner="BuiltIn">
<msg time="2024-08-08T07:14:46.847787" level="INFO">{'results': [{'gender': 'male', 'name': {'title': 'Mr', 'first': 'Sergio', 'last': 'Perry'}, 'location': {'street': {'number': 2735, 'name': 'Jones Road'}, 'city': 'Edenderry', 'state': 'Dún Laoghaire–Rathdown', 'country': 'Ireland', 'postcode': 24838, 'coordinates': {'latitude': '-2.1448', 'longitude': '-149.0688'}, 'timezone': {'offset': '+11:00', 'description': 'Magadan, Solomon Islands, New Caledonia'}}, 'email': 'sergio.perry@example.com', 'login': {'uuid': 'dbf45632-9f4f-42d5-9513-336e67f33b32', 'username': 'bigelephant319', 'password': 'esther', 'salt': 'J7p7k1wK', 'md5': 'b3e96a6b71a332411bc6a113c97d53d3', 'sha1': '23e44fe01d4422726793476c1d4d44cf5bde8931', 'sha256': '728bf3a8d485a72d73026c688e31028237c3c05507ebb7b04f86c936045ff61d'}, 'dob': {'date': '1956-10-21T06:27:52.137Z', 'age': 67}, 'registered': {'date': '2010-08-15T23:55:54.340Z', 'age': 13}, 'phone': '031-492-2721', 'cell': '081-571-3217', 'id': {'name': 'PPS', 'value': '4233818T'}, 'picture': {'large': 'https://randomuser.me/api/portraits/men/92.jpg', 'medium': 'https://randomuser.me/api/portraits/med/men/92.jpg', 'thumbnail': 'https://randomuser.me/api/portraits/thumb/men/92.jpg'}, 'nat': 'IE'}], 'info': {'seed': '9293405da525a57f', 'results': 1, 'page': 1, 'version': '1.4'}}</msg>
<arg>${json_data}</arg>
<doc>Logs the given message with the given level.</doc>
<status status="PASS" start="2024-08-08T07:14:46.847602" elapsed="0.000247"/>
</kw>
<kw name="Should Be Equal As Numbers" owner="BuiltIn">
<arg>${json_data['results'][0]['location']['postcode']}</arg>
<arg>${json_data['results'][0]['location']['postcode']}</arg>
<doc>Fails if objects are unequal after converting them to real numbers.</doc>
<status status="PASS" start="2024-08-08T07:14:46.848154" elapsed="0.000618"/>
</kw>
<kw name="Log" owner="BuiltIn">
<msg time="2024-08-08T07:14:46.849294" level="INFO">24838</msg>
<arg>${json_data['results'][0]['location']['postcode']}</arg>
<doc>Logs the given message with the given level.</doc>
<status status="PASS" start="2024-08-08T07:14:46.848958" elapsed="0.000376"/>
</kw>
<status status="PASS" start="2024-08-08T07:14:46.774650" elapsed="0.074955"/>
</kw>
<doc>Testa se os tipos de dados na resposta da API estão corretos.</doc>
<tag>testeTiposDados</tag>
<status status="PASS" start="2024-08-08T07:14:46.617630" elapsed="0.232136"/>
</test>
<test id="s1-s1-t5" name="Validar conteudo" line="35">
<kw name="Teste de Tipos de Conteudo" owner="random-user-service">
<kw name="GET On Session" owner="RequestsLibrary">
<msg time="2024-08-08T07:14:46.943005" level="INFO">GET Request : url=https://randomuser.me/api 
 path_url=/api 
 headers={'User-Agent': 'python-requests/2.32.3', 'Accept-Encoding': 'gzip, deflate', 'Accept': '*/*', 'Connection': 'keep-alive'} 
 body=None 
 </msg>
<msg time="2024-08-08T07:14:46.943091" level="INFO">GET Response : url=https://randomuser.me/api 
 status=200, reason=OK 
 headers={'Date': 'Thu, 08 Aug 2024 07:14:46 GMT', 'Content-Type': 'application/json; charset=utf-8', 'Transfer-Encoding': 'chunked', 'Connection': 'keep-alive', 'X-Powered-By': 'Express', 'Access-Control-Allow-Origin': '*', 'Cache-Control': 'no-cache', 'ETag': 'W/"49d-ubxj3c82EQ5itY7UDrezDx5a60Q"', 'Vary': 'Accept-Encoding', 'Content-Encoding': 'gzip', 'CF-Cache-Status': 'DYNAMIC', 'Report-To': '{"endpoints":[{"url":"https:\\/\\/a.nel.cloudflare.com\\/report\\/v4?s=trylZf3GbxysLlFuRZwn9inyu3M%2BLgK7Gt3c4P9vfW40DqDnM95pl72po3cU3VK%2FrEDAWk4SirOETBgGzGpK%2BDNnhogCG0rdckP9thLnGQdFIQk5kp40gW6LpRTp7ZYr"}],"group":"cf-nel","max_age":604800}', 'NEL': '{"success_fraction":0,"report_to":"cf-nel","max_age":604800}', 'Server': 'cloudflare', 'CF-RAY': '8afdb622d911062d-IAD', 'alt-svc': 'h3=":443"; ma=86400'} 
 body={"results":[{"gender":"male","name":{"title":"Mr","first":"کوروش","last":"کریمی"},"location":{"street":{"number":4577,"name":"آیت الله مدرس"},"city":"سبزوار","state":"لرستان","country":"Iran","postcode":69396,"coordinates":{"latitude":"16.1539","longitude":"-33.0066"},"timezone":{"offset":"+9:00","description":"Tokyo, Seoul, Osaka, Sapporo, Yakutsk"}},"email":"khwrwsh.khrymy@example.com","login":{"uuid":"fdd7189a-b883-4f36-8056-b7348e410918","username":"greenkoala740","password":"1qwerty","salt":"SGHn9oAb","md5":"e756dbb9a15e7e96ed65c47eb97d2ece","sha1":"162b747e9893eac7033c69c70f28be3d7ff164a9","sha256":"eaafce2a97422f7235ae1a5dcc553fa022a54eb6ba7c28f26c4ed328705e6462"},"dob":{"date":"1972-01-17T08:48:06.893Z","age":52},"registered":{"date":"2006-04-06T13:48:03.125Z","age":18},"phone":"058-21050561","cell":"0930-635-7231","id":{"name":"","value":null},"picture":{"large":"https://randomuser.me/api/portraits/men/28.jpg","medium":"https://randomuser.me/api/portraits/med/men/28.jpg","thumbnail":"https://randomuser.me/api/portraits/thumb/men/28.jpg"},"nat":"IR"}],"info":{"seed":"0baf33903b283454","results":1,"page":1,"version":"1.4"}} 
 </msg>
<msg time="2024-08-08T07:14:46.943171" level="INFO">/opt/hostedtoolcache/Python/3.12.4/x64/lib/python3.12/site-packages/urllib3/connectionpool.py:1099: InsecureRequestWarning: Unverified HTTPS request is being made to host 'randomuser.me'. Adding certificate verification is strongly advised. See: https://urllib3.readthedocs.io/en/latest/advanced-usage.html#tls-warnings
  warnings.warn(</msg>
<msg time="2024-08-08T07:14:46.943292" level="INFO">${response} = &lt;Response [200]&gt;</msg>
<var>${response}</var>
<arg>consultarAPI</arg>
<arg>/api</arg>
<doc>Sends a GET request on a previously created HTTP Session.</doc>
<status status="PASS" start="2024-08-08T07:14:46.852250" elapsed="0.091095"/>
</kw>
<kw name="Set Variable" owner="BuiltIn">
<msg time="2024-08-08T07:14:46.944475" level="INFO">${json_data} = {'results': [{'gender': 'male', 'name': {'title': 'Mr', 'first': 'کوروش', 'last': 'کریمی'}, 'location': {'street': {'number': 4577, 'name': 'آیت الله مدرس'}, 'city': 'سبزوار', 'state': 'لرستان', 'coun...</msg>
<var>${json_data}</var>
<arg>${response.json()}</arg>
<doc>Returns the given values which can then be assigned to a variables.</doc>
<status status="PASS" start="2024-08-08T07:14:46.943917" elapsed="0.000589"/>
</kw>
<kw name="Set Variable" owner="BuiltIn">
<msg time="2024-08-08T07:14:46.945200" level="INFO">${name_title} = Mr</msg>
<var>${name_title}</var>
<arg>${json_data["results"][0]["name"]["title"]}</arg>
<doc>Returns the given values which can then be assigned to a variables.</doc>
<status status="PASS" start="2024-08-08T07:14:46.944814" elapsed="0.000411"/>
</kw>
<kw name="Create List" owner="BuiltIn">
<msg time="2024-08-08T07:14:46.945669" level="INFO">${allowed_titles} = ['Mr', 'Ms', 'Miss', 'Mrs', 'Madame', 'Monsieur']</msg>
<var>${allowed_titles}</var>
<arg>Mr</arg>
<arg>Ms</arg>
<arg>Miss</arg>
<arg>Mrs</arg>
<arg>Madame</arg>
<arg>Monsieur</arg>
<doc>Returns a list containing given items.</doc>
<status status="PASS" start="2024-08-08T07:14:46.945520" elapsed="0.000174"/>
</kw>
<kw name="List Should Contain Value" owner="Collections">
<arg>${allowed_titles}</arg>
<arg>${name_title}</arg>
<doc>Fails if the ``value`` is not found from ``list``.</doc>
<status status="PASS" start="2024-08-08T07:14:46.945992" elapsed="0.000171"/>
</kw>
<kw name="Set Variable" owner="BuiltIn">
<msg time="2024-08-08T07:14:46.946720" level="INFO">${name_country} = IR</msg>
<var>${name_country}</var>
<arg>${json_data["results"][0]["nat"]}</arg>
<doc>Returns the given values which can then be assigned to a variables.</doc>
<status status="PASS" start="2024-08-08T07:14:46.946346" elapsed="0.000405"/>
</kw>
<kw name="Create List" owner="BuiltIn">
<msg time="2024-08-08T07:14:46.947667" level="INFO">${list_country} = ['AD', 'AE', 'AF', 'AG', 'AI', 'AL', 'AM', 'AO', 'AQ', 'AR', 'AS', 'AT', 'AU', 'AW', 'AX', 'AZ', 'BA', 'BB', 'BD', 'BE', 'BF', 'BG', 'BH', 'BI', 'BJ', 'BL', 'BM', 'BN', 'BO', 'BQ', 'BR', 'BS', 'BT', '...</msg>
<var>${list_country}</var>
<arg>AD</arg>
<arg>AE</arg>
<arg>AF</arg>
<arg>AG</arg>
<arg>AI</arg>
<arg>AL</arg>
<arg>AM</arg>
<arg>AO</arg>
<arg>AQ</arg>
<arg>AR</arg>
<arg>AS</arg>
<arg>AT</arg>
<arg>AU</arg>
<arg>AW</arg>
<arg>AX</arg>
<arg>AZ</arg>
<arg>BA</arg>
<arg>BB</arg>
<arg>BD</arg>
<arg>BE</arg>
<arg>BF</arg>
<arg>BG</arg>
<arg>BH</arg>
<arg>BI</arg>
<arg>BJ</arg>
<arg>BL</arg>
<arg>BM</arg>
<arg>BN</arg>
<arg>BO</arg>
<arg>BQ</arg>
<arg>BR</arg>
<arg>BS</arg>
<arg>BT</arg>
<arg>BV</arg>
<arg>BW</arg>
<arg>BY</arg>
<arg>BZ</arg>
<arg>CA</arg>
<arg>CC</arg>
<arg>CD</arg>
<arg>CF</arg>
<arg>CG</arg>
<arg>CH</arg>
<arg>CI</arg>
<arg>CK</arg>
<arg>CL</arg>
<arg>CM</arg>
<arg>CN</arg>
<arg>CO</arg>
<arg>CR</arg>
<arg>CU</arg>
<arg>CV</arg>
<arg>CW</arg>
<arg>CX</arg>
<arg>CY</arg>
<arg>CZ</arg>
<arg>DE</arg>
<arg>DJ</arg>
<arg>DK</arg>
<arg>DM</arg>
<arg>DO</arg>
<arg>DZ</arg>
<arg>EC</arg>
<arg>EE</arg>
<arg>EG</arg>
<arg>EH</arg>
<arg>ER</arg>
<arg>ES</arg>
<arg>ET</arg>
<arg>FI</arg>
<arg>FJ</arg>
<arg>FK</arg>
<arg>FM</arg>
<arg>FO</arg>
<arg>FR</arg>
<arg>GA</arg>
<arg>GB</arg>
<arg>GD</arg>
<arg>GE</arg>
<arg>GF</arg>
<arg>GG</arg>
<arg>GH</arg>
<arg>GI</arg>
<arg>GL</arg>
<arg>GM</arg>
<arg>GN</arg>
<arg>GP</arg>
<arg>GQ</arg>
<arg>GR</arg>
<arg>GS</arg>
<arg>GT</arg>
<arg>GU</arg>
<arg>GW</arg>
<arg>GY</arg>
<arg>HK</arg>
<arg>HM</arg>
<arg>HN</arg>
<arg>HR</arg>
<arg>HT</arg>
<arg>HU</arg>
<arg>ID</arg>
<arg>IE</arg>
<arg>IL</arg>
<arg>IM</arg>
<arg>IN</arg>
<arg>IO</arg>
<arg>IQ</arg>
<arg>IR</arg>
<arg>IS</arg>
<arg>IT</arg>
<arg>JE</arg>
<arg>JM</arg>
<arg>JO</arg>
<arg>JP</arg>
<arg>KE</arg>
<arg>KG</arg>
<arg>KH</arg>
<arg>KI</arg>
<arg>KM</arg>
<arg>KN</arg>
<arg>KP</arg>
<arg>KR</arg>
<arg>KW</arg>
<arg>KY</arg>
<arg>KZ</arg>
<arg>LA</arg>
<arg>LB</arg>
<arg>LC</arg>
<arg>LI</arg>
<arg>LK</arg>
<arg>LR</arg>
<arg>LS</arg>
<arg>LT</arg>
<arg>LU</arg>
<arg>LV</arg>
<arg>LY</arg>
<arg>MA</arg>
<arg>MC</arg>
<arg>MD</arg>
<arg>ME</arg>
<arg>MF</arg>
<arg>MG</arg>
<arg>MH</arg>
<arg>MK</arg>
<arg>ML</arg>
<arg>MM</arg>
<arg>MN</arg>
<arg>MO</arg>
<arg>MP</arg>
<arg>MQ</arg>
<arg>MR</arg>
<arg>MS</arg>
<arg>MT</arg>
<arg>MU</arg>
<arg>MV</arg>
<arg>MW</arg>
<arg>MX</arg>
<arg>MY</arg>
<arg>MZ</arg>
<arg>NA</arg>
<arg>NC</arg>
<arg>NE</arg>
<arg>NF</arg>
<arg>NG</arg>
<arg>NI</arg>
<arg>NL</arg>
<arg>NO</arg>
<arg>NP</arg>
<arg>NR</arg>
<arg>NU</arg>
<arg>NZ</arg>
<arg>OM</arg>
<arg>PA</arg>
<arg>PE</arg>
<arg>PF</arg>
<arg>PG</arg>
<arg>PH</arg>
<arg>PK</arg>
<arg>PL</arg>
<arg>PM</arg>
<arg>PN</arg>
<arg>PR</arg>
<arg>PS</arg>
<arg>PT</arg>
<arg>PW</arg>
<arg>PY</arg>
<arg>QA</arg>
<arg>RE</arg>
<arg>RO</arg>
<arg>RS</arg>
<arg>RU</arg>
<arg>RW</arg>
<arg>SA</arg>
<arg>SB</arg>
<arg>SC</arg>
<arg>SD</arg>
<arg>SE</arg>
<arg>SG</arg>
<arg>SH</arg>
<arg>SI</arg>
<arg>SJ</arg>
<arg>SK</arg>
<arg>SL</arg>
<arg>SM</arg>
<arg>SN</arg>
<arg>SO</arg>
<arg>SR</arg>
<arg>SS</arg>
<arg>ST</arg>
<arg>SV</arg>
<arg>SX</arg>
<arg>SY</arg>
<arg>SZ</arg>
<arg>TC</arg>
<arg>TD</arg>
<arg>TF</arg>
<arg>TG</arg>
<arg>TH</arg>
<arg>TJ</arg>
<arg>TK</arg>
<arg>TL</arg>
<arg>TM</arg>
<arg>TN</arg>
<arg>TO</arg>
<arg>TR</arg>
<arg>TT</arg>
<arg>TV</arg>
<arg>TW</arg>
<arg>TZ</arg>
<arg>UA</arg>
<arg>UG</arg>
<arg>UM</arg>
<arg>US</arg>
<arg>UY</arg>
<arg>UZ</arg>
<arg>VA</arg>
<arg>VC</arg>
<arg>VE</arg>
<arg>VG</arg>
<arg>VI</arg>
<arg>VN</arg>
<arg>VU</arg>
<arg>WF</arg>
<arg>WS</arg>
<arg>XK</arg>
<arg>YE</arg>
<arg>YT</arg>
<arg>ZA</arg>
<arg>ZM</arg>
<arg>ZW</arg>
<doc>Returns a list containing given items.</doc>
<status status="PASS" start="2024-08-08T07:14:46.947046" elapsed="0.000647"/>
</kw>
<kw name="List Should Contain Value" owner="Collections">
<arg>${list_country}</arg>
<arg>${name_country}</arg>
<doc>Fails if the ``value`` is not found from ``list``.</doc>
<status status="PASS" start="2024-08-08T07:14:46.948666" elapsed="0.000211"/>
</kw>
<kw name="Run Keyword If" owner="BuiltIn">
<kw name="Should Be True" owner="BuiltIn">
<arg>${True}</arg>
<doc>Fails if the given condition is not true.</doc>
<status status="PASS" start="2024-08-08T07:14:46.949813" elapsed="0.000140"/>
</kw>
<arg>${json_data["results"][0]["location"]["coordinates"]["latitude"]} &gt;= -90 and ${json_data["results"][0]["location"]["coordinates"]["latitude"]} &lt;= 90</arg>
<arg>Should Be True</arg>
<arg>${True}</arg>
<doc>Runs the given keyword with the given arguments, if ``condition`` is true.</doc>
<status status="PASS" start="2024-08-08T07:14:46.949077" elapsed="0.001001"/>
</kw>
<kw name="Run Keyword If" owner="BuiltIn">
<kw name="Should Be True" owner="BuiltIn">
<arg>${True}</arg>
<doc>Fails if the given condition is not true.</doc>
<status status="PASS" start="2024-08-08T07:14:46.950941" elapsed="0.000136"/>
</kw>
<arg>${json_data["results"][0]["location"]["coordinates"]["longitude"]} &gt;= -180 and ${json_data["results"][0]["location"]["coordinates"]["longitude"]} &lt;= 180</arg>
<arg>Should Be True</arg>
<arg>${True}</arg>
<doc>Runs the given keyword with the given arguments, if ``condition`` is true.</doc>
<status status="PASS" start="2024-08-08T07:14:46.950260" elapsed="0.000941"/>
</kw>
<status status="PASS" start="2024-08-08T07:14:46.852030" elapsed="0.099297"/>
</kw>
<doc>Testa o conteúdo específico dos campos retornados pela API.</doc>
<tag>testeConteudo</tag>
<status status="PASS" start="2024-08-08T07:14:46.851507" elapsed="0.099964"/>
</test>
<status status="PASS" start="2024-08-08T07:14:45.966715" elapsed="0.986727"/>
</suite>
<status status="PASS" start="2024-08-08T07:14:45.952261" elapsed="1.006271"/>
</suite>
<statistics>
<total>
<stat pass="5" fail="0" skip="0">All Tests</stat>
</total>
<tag>
<stat pass="1" fail="0" skip="0">testeConteudo</stat>
<stat pass="1" fail="0" skip="0">testeEstruturaResposta</stat>
<stat pass="1" fail="0" skip="0">testeRequisicaoBasica</stat>
<stat pass="1" fail="0" skip="0">testeTiposDados</stat>
</tag>
<suite>
<stat pass="5" fail="0" skip="0" id="s1" name="Tests">Tests</stat>
<stat pass="5" fail="0" skip="0" id="s1-s1" name="Random-User-Test">Tests.Random-User-Test</stat>
</suite>
</statistics>
<errors>
</errors>
</robot>
