<?xml version="1.0" encoding="UTF-8"?>
<robot generator="Robot 7.0 (Python 3.12.3 on linux)" generated="2024-05-01T14:14:46.101793" rpa="false" schemaversion="5">
<suite id="s1" name="Tests" source="/home/runner/work/DesafioQAItauRogerioJordao/DesafioQAItauRogerioJordao/RamdonUser/tests">
<suite id="s1-s1" name="Random-User-Test" source="/home/runner/work/DesafioQAItauRogerioJordao/DesafioQAItauRogerioJordao/RamdonUser/tests/random-user-test.robot">
<test id="s1-s1-t1" name="Conectar" line="13">
<kw name="Conectar API" owner="random-user-service">
<kw name="Create Session" owner="RequestsLibrary">
<msg time="2024-05-01T14:14:46.461803" level="INFO">Creating Session using : alias=consultarAPI, url=https://randomuser.me/, headers={},                     cookies={}, auth=None, timeout=None, proxies=None, verify=False,                     debug=0 </msg>
<arg>consultarAPI</arg>
<arg>${URL}</arg>
<doc>Create Session: create a HTTP session to a server</doc>
<status status="PASS" start="2024-05-01T14:14:46.461590" elapsed="0.000405"/>
</kw>
<status status="PASS" start="2024-05-01T14:14:46.460529" elapsed="0.001843"/>
</kw>
<status status="PASS" start="2024-05-01T14:14:46.459943" elapsed="0.002635"/>
</test>
<test id="s1-s1-t2" name="Validar retorno 200 e JSON Válido" line="16">
<kw name="Teste de Requisicao Basica" owner="random-user-service">
<kw name="GET On Session" owner="RequestsLibrary">
<msg time="2024-05-01T14:14:46.531026" level="INFO">GET Request : url=https://randomuser.me/api 
 path_url=/api 
 headers={'User-Agent': 'python-requests/2.31.0', 'Accept-Encoding': 'gzip, deflate', 'Accept': '*/*', 'Connection': 'keep-alive'} 
 body=None 
 </msg>
<msg time="2024-05-01T14:14:46.531189" level="INFO">GET Response : url=https://randomuser.me/api 
 status=200, reason=OK 
 headers={'Date': 'Wed, 01 May 2024 14:14:46 GMT', 'Content-Type': 'application/json; charset=utf-8', 'Transfer-Encoding': 'chunked', 'Connection': 'keep-alive', 'X-Powered-By': 'Express', 'Access-Control-Allow-Origin': '*', 'Cache-Control': 'no-cache', 'ETag': 'W/"4a0-SiXa61wRxSARTp780cJ0vsLUFBo"', 'Vary': 'Accept-Encoding', 'Content-Encoding': 'gzip', 'CF-Cache-Status': 'DYNAMIC', 'Report-To': '{"endpoints":[{"url":"https:\\/\\/a.nel.cloudflare.com\\/report\\/v4?s=FW64sxPMFvGF2kJqDfD9kThC2funJba7ZEs3GF4Nbf7dc32TnL79QKrBPNcOkIabX26oviWxcU52GwCbg%2FYZPjruH2G%2BuhtxhzoyZwvwfQSsmLrVJKaBANWtX6Cryq6J"}],"group":"cf-nel","max_age":604800}', 'NEL': '{"success_fraction":0,"report_to":"cf-nel","max_age":604800}', 'Server': 'cloudflare', 'CF-RAY': '87d0613c9a375a3a-IAD', 'alt-svc': 'h3=":443"; ma=86400'} 
 body={"results":[{"gender":"male","name":{"title":"Mr","first":"Konsta","last":"Wirtanen"},"location":{"street":{"number":2688,"name":"Korkeavuorenkatu"},"city":"Taivalkoski","state":"Lapland","country":"Finland","postcode":77472,"coordinates":{"latitude":"-29.0700","longitude":"-9.3360"},"timezone":{"offset":"+1:00","description":"Brussels, Copenhagen, Madrid, Paris"}},"email":"konsta.wirtanen@example.com","login":{"uuid":"7f745d4b-907c-4295-b90e-cb1dcbc82a3d","username":"beautifulwolf802","password":"medicine","salt":"LcEUiLw0","md5":"a0c330d853e8a0db5c918b73bacf477a","sha1":"a8a31cbc9d07a19485ae0d3392df5d7b291e3d68","sha256":"88d7dbea834bbf3643c34913520311f2d18362babf2b568c60421d6778496818"},"dob":{"date":"1984-07-02T17:44:19.565Z","age":39},"registered":{"date":"2004-04-23T19:03:22.605Z","age":20},"phone":"08-775-162","cell":"048-435-83-70","id":{"name":"HETU","value":"NaNNA699undefined"},"picture":{"large":"https://randomuser.me/api/portraits/men/81.jpg","medium":"https://randomuser.me/api/portraits/med/men/81.jpg","thumbnail":"https://randomuser.me/api/portraits/thumb/men/81.jpg"},"nat":"FI"}],"info":{"seed":"39862c383dbad511","results":1,"page":1,"version":"1.4"}} 
 </msg>
<msg time="2024-05-01T14:14:46.531284" level="INFO">/opt/hostedtoolcache/Python/3.12.3/x64/lib/python3.12/site-packages/urllib3/connectionpool.py:1103: InsecureRequestWarning: Unverified HTTPS request is being made to host 'randomuser.me'. Adding certificate verification is strongly advised. See: https://urllib3.readthedocs.io/en/latest/advanced-usage.html#tls-warnings
  warnings.warn(</msg>
<msg time="2024-05-01T14:14:46.531431" level="INFO">${response} = &lt;Response [200]&gt;</msg>
<var>${response}</var>
<arg>consultarAPI</arg>
<arg>/api</arg>
<doc>Sends a GET request on a previously created HTTP Session.</doc>
<status status="PASS" start="2024-05-01T14:14:46.465326" elapsed="0.066170"/>
</kw>
<kw name="Should Be Equal As Numbers" owner="BuiltIn">
<msg time="2024-05-01T14:14:46.532390" level="INFO">Argument types are:
&lt;class 'int'&gt;
&lt;class 'str'&gt;</msg>
<arg>${response.status_code}</arg>
<arg>200</arg>
<doc>Fails if objects are unequal after converting them to real numbers.</doc>
<status status="PASS" start="2024-05-01T14:14:46.531954" elapsed="0.000501"/>
</kw>
<kw name="Log" owner="BuiltIn">
<msg time="2024-05-01T14:14:46.533242" level="INFO">200</msg>
<arg>${response.status_code}</arg>
<doc>Logs the given message with the given level.</doc>
<status status="PASS" start="2024-05-01T14:14:46.532841" elapsed="0.000444"/>
</kw>
<kw name="Set Variable" owner="BuiltIn">
<msg time="2024-05-01T14:14:46.534028" level="INFO">${json_data} = {'results': [{'gender': 'male', 'name': {'title': 'Mr', 'first': 'Konsta', 'last': 'Wirtanen'}, 'location': {'street': {'number': 2688, 'name': 'Korkeavuorenkatu'}, 'city': 'Taivalkoski', 'state': 'La...</msg>
<var>${json_data}</var>
<arg>${response.json()}</arg>
<doc>Returns the given values which can then be assigned to a variables.</doc>
<status status="PASS" start="2024-05-01T14:14:46.533595" elapsed="0.000461"/>
</kw>
<kw name="Dictionary Should Contain Key" owner="Collections">
<msg time="2024-05-01T14:14:46.534540" level="INFO">False</msg>
<arg>${json_data}</arg>
<arg>results</arg>
<doc>Fails if ``key`` is not found from ``dictionary``.</doc>
<status status="PASS" start="2024-05-01T14:14:46.534363" elapsed="0.000218"/>
</kw>
<status status="PASS" start="2024-05-01T14:14:46.465074" elapsed="0.069763"/>
</kw>
<doc>Testa se a API responde corretamente e retorna um objeto JSON válido.</doc>
<tag>testeRequisicaoBasica</tag>
<status status="PASS" start="2024-05-01T14:14:46.464597" elapsed="0.070468"/>
</test>
<test id="s1-s1-t3" name="Validar estrutura de resposta" line="22">
<kw name="Teste de Estrutura de Resposta" owner="random-user-service">
<kw name="GET On Session" owner="RequestsLibrary">
<msg time="2024-05-01T14:14:46.637818" level="INFO">GET Request : url=https://randomuser.me/api 
 path_url=/api 
 headers={'User-Agent': 'python-requests/2.31.0', 'Accept-Encoding': 'gzip, deflate', 'Accept': '*/*', 'Connection': 'keep-alive'} 
 body=None 
 </msg>
<msg time="2024-05-01T14:14:46.637911" level="INFO">GET Response : url=https://randomuser.me/api 
 status=200, reason=OK 
 headers={'Date': 'Wed, 01 May 2024 14:14:46 GMT', 'Content-Type': 'application/json; charset=utf-8', 'Transfer-Encoding': 'chunked', 'Connection': 'keep-alive', 'X-Powered-By': 'Express', 'Access-Control-Allow-Origin': '*', 'Cache-Control': 'no-cache', 'ETag': 'W/"47d-cA7o/z3OPAi3updBAThFesaQMbY"', 'Vary': 'Accept-Encoding', 'Content-Encoding': 'gzip', 'CF-Cache-Status': 'DYNAMIC', 'Report-To': '{"endpoints":[{"url":"https:\\/\\/a.nel.cloudflare.com\\/report\\/v4?s=7bkDXXl1FhS9Vu1xPZMmvdGFgbbH989p2wlBWOzhRMuFK%2B0xfcXpXzErnBfck3HhinwLA5dtEUze0SnDBdxIKDR6CsIlGUOJ8Ti%2BtBydMzrCXISaKFmwKwrViaZa%2Bj%2B6"}],"group":"cf-nel","max_age":604800}', 'NEL': '{"success_fraction":0,"report_to":"cf-nel","max_age":604800}', 'Server': 'cloudflare', 'CF-RAY': '87d0613cda735a3a-IAD', 'alt-svc': 'h3=":443"; ma=86400'} 
 body={"results":[{"gender":"male","name":{"title":"Mr","first":"Efe","last":"Abadan"},"location":{"street":{"number":4612,"name":"Istiklal Cd"},"city":"İstanbul","state":"Kütahya","country":"Turkey","postcode":49980,"coordinates":{"latitude":"64.7983","longitude":"-158.8550"},"timezone":{"offset":"-4:00","description":"Atlantic Time (Canada), Caracas, La Paz"}},"email":"efe.abadan@example.com","login":{"uuid":"40477687-b22d-4c80-bba0-e9ba9229ac3b","username":"redbird930","password":"pigpen","salt":"Skk3XHbQ","md5":"97301ed565cf964840fd5f14d6ba93ad","sha1":"1b90a0b12af54d0a8a2493e722a27678c8579acd","sha256":"d1f03892f2c7c0152c672cc084cafbc43478b5432f711514440769a7def56770"},"dob":{"date":"1978-09-21T23:27:44.180Z","age":45},"registered":{"date":"2016-07-06T23:10:58.831Z","age":7},"phone":"(511)-567-2729","cell":"(181)-241-6866","id":{"name":"","value":null},"picture":{"large":"https://randomuser.me/api/portraits/men/67.jpg","medium":"https://randomuser.me/api/portraits/med/men/67.jpg","thumbnail":"https://randomuser.me/api/portraits/thumb/men/67.jpg"},"nat":"TR"}],"info":{"seed":"300d29c5191d4d51","results":1,"page":1,"version":"1.4"}} 
 </msg>
<msg time="2024-05-01T14:14:46.638030" level="INFO">/opt/hostedtoolcache/Python/3.12.3/x64/lib/python3.12/site-packages/urllib3/connectionpool.py:1103: InsecureRequestWarning: Unverified HTTPS request is being made to host 'randomuser.me'. Adding certificate verification is strongly advised. See: https://urllib3.readthedocs.io/en/latest/advanced-usage.html#tls-warnings
  warnings.warn(</msg>
<msg time="2024-05-01T14:14:46.638148" level="INFO">${response} = &lt;Response [200]&gt;</msg>
<var>${response}</var>
<arg>consultarAPI</arg>
<arg>/api</arg>
<doc>Sends a GET request on a previously created HTTP Session.</doc>
<status status="PASS" start="2024-05-01T14:14:46.537755" elapsed="0.100435"/>
</kw>
<kw name="Set Variable" owner="BuiltIn">
<msg time="2024-05-01T14:14:46.639236" level="INFO">${json_data} = {'results': [{'gender': 'male', 'name': {'title': 'Mr', 'first': 'Efe', 'last': 'Abadan'}, 'location': {'street': {'number': 4612, 'name': 'Istiklal Cd'}, 'city': 'İstanbul', 'state': 'Kütahya', 'coun...</msg>
<var>${json_data}</var>
<arg>${response.json()}</arg>
<doc>Returns the given values which can then be assigned to a variables.</doc>
<status status="PASS" start="2024-05-01T14:14:46.638658" elapsed="0.000609"/>
</kw>
<kw name="Log" owner="BuiltIn">
<msg time="2024-05-01T14:14:46.639760" level="INFO">{'results': [{'gender': 'male', 'name': {'title': 'Mr', 'first': 'Efe', 'last': 'Abadan'}, 'location': {'street': {'number': 4612, 'name': 'Istiklal Cd'}, 'city': 'İstanbul', 'state': 'Kütahya', 'country': 'Turkey', 'postcode': 49980, 'coordinates': {'latitude': '64.7983', 'longitude': '-158.8550'}, 'timezone': {'offset': '-4:00', 'description': 'Atlantic Time (Canada), Caracas, La Paz'}}, 'email': 'efe.abadan@example.com', 'login': {'uuid': '40477687-b22d-4c80-bba0-e9ba9229ac3b', 'username': 'redbird930', 'password': 'pigpen', 'salt': 'Skk3XHbQ', 'md5': '97301ed565cf964840fd5f14d6ba93ad', 'sha1': '1b90a0b12af54d0a8a2493e722a27678c8579acd', 'sha256': 'd1f03892f2c7c0152c672cc084cafbc43478b5432f711514440769a7def56770'}, 'dob': {'date': '1978-09-21T23:27:44.180Z', 'age': 45}, 'registered': {'date': '2016-07-06T23:10:58.831Z', 'age': 7}, 'phone': '(511)-567-2729', 'cell': '(181)-241-6866', 'id': {'name': '', 'value': None}, 'picture': {'large': 'https://randomuser.me/api/portraits/men/67.jpg', 'medium': 'https://randomuser.me/api/portraits/med/men/67.jpg', 'thumbnail': 'https://randomuser.me/api/portraits/thumb/men/67.jpg'}, 'nat': 'TR'}], 'info': {'seed': '300d29c5191d4d51', 'results': 1, 'page': 1, 'version': '1.4'}}</msg>
<arg>${json_data}</arg>
<doc>Logs the given message with the given level.</doc>
<status status="PASS" start="2024-05-01T14:14:46.639588" elapsed="0.000233"/>
</kw>
<kw name="Dictionary Should Contain Key" owner="Collections">
<msg time="2024-05-01T14:14:46.640283" level="INFO">False</msg>
<arg>${json_data}</arg>
<arg>results</arg>
<doc>Fails if ``key`` is not found from ``dictionary``.</doc>
<status status="PASS" start="2024-05-01T14:14:46.640122" elapsed="0.000199"/>
</kw>
<kw name="Should Not Be Empty" owner="BuiltIn">
<msg time="2024-05-01T14:14:46.640778" level="INFO">Length is 2.</msg>
<arg>${json_data}</arg>
<doc>Verifies that the given item is not empty.</doc>
<status status="PASS" start="2024-05-01T14:14:46.640618" elapsed="0.000361"/>
</kw>
<kw name="Create List" owner="BuiltIn">
<msg time="2024-05-01T14:14:46.641439" level="INFO">${expected_keys} = ['gender', 'name', 'location', 'email', 'login']</msg>
<var>${expected_keys}</var>
<arg>gender</arg>
<arg>name</arg>
<arg>location</arg>
<arg>email</arg>
<arg>login</arg>
<doc>Returns a list containing given items.</doc>
<status status="PASS" start="2024-05-01T14:14:46.641283" elapsed="0.000180"/>
</kw>
<for flavor="IN">
<iter>
<kw name="Dictionary Should Contain Key" owner="Collections">
<msg time="2024-05-01T14:14:46.642453" level="INFO">False</msg>
<arg>${json_data['results'][0]}</arg>
<arg>${key}</arg>
<doc>Fails if ``key`` is not found from ``dictionary``.</doc>
<status status="PASS" start="2024-05-01T14:14:46.642042" elapsed="0.000450"/>
</kw>
<kw name="Log" owner="BuiltIn">
<msg time="2024-05-01T14:14:46.643208" level="INFO">{'gender': 'male', 'name': {'title': 'Mr', 'first': 'Efe', 'last': 'Abadan'}, 'location': {'street': {'number': 4612, 'name': 'Istiklal Cd'}, 'city': 'İstanbul', 'state': 'Kütahya', 'country': 'Turkey', 'postcode': 49980, 'coordinates': {'latitude': '64.7983', 'longitude': '-158.8550'}, 'timezone': {'offset': '-4:00', 'description': 'Atlantic Time (Canada), Caracas, La Paz'}}, 'email': 'efe.abadan@example.com', 'login': {'uuid': '40477687-b22d-4c80-bba0-e9ba9229ac3b', 'username': 'redbird930', 'password': 'pigpen', 'salt': 'Skk3XHbQ', 'md5': '97301ed565cf964840fd5f14d6ba93ad', 'sha1': '1b90a0b12af54d0a8a2493e722a27678c8579acd', 'sha256': 'd1f03892f2c7c0152c672cc084cafbc43478b5432f711514440769a7def56770'}, 'dob': {'date': '1978-09-21T23:27:44.180Z', 'age': 45}, 'registered': {'date': '2016-07-06T23:10:58.831Z', 'age': 7}, 'phone': '(511)-567-2729', 'cell': '(181)-241-6866', 'id': {'name': '', 'value': None}, 'picture': {'large': 'https://randomuser.me/api/portraits/men/67.jpg', 'medium': 'https://randomuser.me/api/portraits/med/men/67.jpg', 'thumbnail': 'https://randomuser.me/api/portraits/thumb/men/67.jpg'}, 'nat': 'TR'}</msg>
<arg>${json_data['results'][0]}</arg>
<doc>Logs the given message with the given level.</doc>
<status status="PASS" start="2024-05-01T14:14:46.642797" elapsed="0.000463"/>
</kw>
<kw name="Log" owner="BuiltIn">
<msg time="2024-05-01T14:14:46.643698" level="INFO">gender</msg>
<arg>${key}</arg>
<doc>Logs the given message with the given level.</doc>
<status status="PASS" start="2024-05-01T14:14:46.643569" elapsed="0.000167"/>
</kw>
<var name="${key}">gender</var>
<status status="PASS" start="2024-05-01T14:14:46.641917" elapsed="0.002037"/>
</iter>
<iter>
<kw name="Dictionary Should Contain Key" owner="Collections">
<msg time="2024-05-01T14:14:46.644655" level="INFO">False</msg>
<arg>${json_data['results'][0]}</arg>
<arg>${key}</arg>
<doc>Fails if ``key`` is not found from ``dictionary``.</doc>
<status status="PASS" start="2024-05-01T14:14:46.644262" elapsed="0.000430"/>
</kw>
<kw name="Log" owner="BuiltIn">
<msg time="2024-05-01T14:14:46.645410" level="INFO">{'gender': 'male', 'name': {'title': 'Mr', 'first': 'Efe', 'last': 'Abadan'}, 'location': {'street': {'number': 4612, 'name': 'Istiklal Cd'}, 'city': 'İstanbul', 'state': 'Kütahya', 'country': 'Turkey', 'postcode': 49980, 'coordinates': {'latitude': '64.7983', 'longitude': '-158.8550'}, 'timezone': {'offset': '-4:00', 'description': 'Atlantic Time (Canada), Caracas, La Paz'}}, 'email': 'efe.abadan@example.com', 'login': {'uuid': '40477687-b22d-4c80-bba0-e9ba9229ac3b', 'username': 'redbird930', 'password': 'pigpen', 'salt': 'Skk3XHbQ', 'md5': '97301ed565cf964840fd5f14d6ba93ad', 'sha1': '1b90a0b12af54d0a8a2493e722a27678c8579acd', 'sha256': 'd1f03892f2c7c0152c672cc084cafbc43478b5432f711514440769a7def56770'}, 'dob': {'date': '1978-09-21T23:27:44.180Z', 'age': 45}, 'registered': {'date': '2016-07-06T23:10:58.831Z', 'age': 7}, 'phone': '(511)-567-2729', 'cell': '(181)-241-6866', 'id': {'name': '', 'value': None}, 'picture': {'large': 'https://randomuser.me/api/portraits/men/67.jpg', 'medium': 'https://randomuser.me/api/portraits/med/men/67.jpg', 'thumbnail': 'https://randomuser.me/api/portraits/thumb/men/67.jpg'}, 'nat': 'TR'}</msg>
<arg>${json_data['results'][0]}</arg>
<doc>Logs the given message with the given level.</doc>
<status status="PASS" start="2024-05-01T14:14:46.645023" elapsed="0.000447"/>
</kw>
<kw name="Log" owner="BuiltIn">
<msg time="2024-05-01T14:14:46.645901" level="INFO">name</msg>
<arg>${key}</arg>
<doc>Logs the given message with the given level.</doc>
<status status="PASS" start="2024-05-01T14:14:46.645772" elapsed="0.000168"/>
</kw>
<var name="${key}">name</var>
<status status="PASS" start="2024-05-01T14:14:46.644146" elapsed="0.002008"/>
</iter>
<iter>
<kw name="Dictionary Should Contain Key" owner="Collections">
<msg time="2024-05-01T14:14:46.646836" level="INFO">False</msg>
<arg>${json_data['results'][0]}</arg>
<arg>${key}</arg>
<doc>Fails if ``key`` is not found from ``dictionary``.</doc>
<status status="PASS" start="2024-05-01T14:14:46.646448" elapsed="0.000426"/>
</kw>
<kw name="Log" owner="BuiltIn">
<msg time="2024-05-01T14:14:46.647593" level="INFO">{'gender': 'male', 'name': {'title': 'Mr', 'first': 'Efe', 'last': 'Abadan'}, 'location': {'street': {'number': 4612, 'name': 'Istiklal Cd'}, 'city': 'İstanbul', 'state': 'Kütahya', 'country': 'Turkey', 'postcode': 49980, 'coordinates': {'latitude': '64.7983', 'longitude': '-158.8550'}, 'timezone': {'offset': '-4:00', 'description': 'Atlantic Time (Canada), Caracas, La Paz'}}, 'email': 'efe.abadan@example.com', 'login': {'uuid': '40477687-b22d-4c80-bba0-e9ba9229ac3b', 'username': 'redbird930', 'password': 'pigpen', 'salt': 'Skk3XHbQ', 'md5': '97301ed565cf964840fd5f14d6ba93ad', 'sha1': '1b90a0b12af54d0a8a2493e722a27678c8579acd', 'sha256': 'd1f03892f2c7c0152c672cc084cafbc43478b5432f711514440769a7def56770'}, 'dob': {'date': '1978-09-21T23:27:44.180Z', 'age': 45}, 'registered': {'date': '2016-07-06T23:10:58.831Z', 'age': 7}, 'phone': '(511)-567-2729', 'cell': '(181)-241-6866', 'id': {'name': '', 'value': None}, 'picture': {'large': 'https://randomuser.me/api/portraits/men/67.jpg', 'medium': 'https://randomuser.me/api/portraits/med/men/67.jpg', 'thumbnail': 'https://randomuser.me/api/portraits/thumb/men/67.jpg'}, 'nat': 'TR'}</msg>
<arg>${json_data['results'][0]}</arg>
<doc>Logs the given message with the given level.</doc>
<status status="PASS" start="2024-05-01T14:14:46.647224" elapsed="0.000419"/>
</kw>
<kw name="Log" owner="BuiltIn">
<msg time="2024-05-01T14:14:46.648067" level="INFO">location</msg>
<arg>${key}</arg>
<doc>Logs the given message with the given level.</doc>
<status status="PASS" start="2024-05-01T14:14:46.647942" elapsed="0.000163"/>
</kw>
<var name="${key}">location</var>
<status status="PASS" start="2024-05-01T14:14:46.646336" elapsed="0.001981"/>
</iter>
<iter>
<kw name="Dictionary Should Contain Key" owner="Collections">
<msg time="2024-05-01T14:14:46.648991" level="INFO">False</msg>
<arg>${json_data['results'][0]}</arg>
<arg>${key}</arg>
<doc>Fails if ``key`` is not found from ``dictionary``.</doc>
<status status="PASS" start="2024-05-01T14:14:46.648604" elapsed="0.000425"/>
</kw>
<kw name="Log" owner="BuiltIn">
<msg time="2024-05-01T14:14:46.649702" level="INFO">{'gender': 'male', 'name': {'title': 'Mr', 'first': 'Efe', 'last': 'Abadan'}, 'location': {'street': {'number': 4612, 'name': 'Istiklal Cd'}, 'city': 'İstanbul', 'state': 'Kütahya', 'country': 'Turkey', 'postcode': 49980, 'coordinates': {'latitude': '64.7983', 'longitude': '-158.8550'}, 'timezone': {'offset': '-4:00', 'description': 'Atlantic Time (Canada), Caracas, La Paz'}}, 'email': 'efe.abadan@example.com', 'login': {'uuid': '40477687-b22d-4c80-bba0-e9ba9229ac3b', 'username': 'redbird930', 'password': 'pigpen', 'salt': 'Skk3XHbQ', 'md5': '97301ed565cf964840fd5f14d6ba93ad', 'sha1': '1b90a0b12af54d0a8a2493e722a27678c8579acd', 'sha256': 'd1f03892f2c7c0152c672cc084cafbc43478b5432f711514440769a7def56770'}, 'dob': {'date': '1978-09-21T23:27:44.180Z', 'age': 45}, 'registered': {'date': '2016-07-06T23:10:58.831Z', 'age': 7}, 'phone': '(511)-567-2729', 'cell': '(181)-241-6866', 'id': {'name': '', 'value': None}, 'picture': {'large': 'https://randomuser.me/api/portraits/men/67.jpg', 'medium': 'https://randomuser.me/api/portraits/med/men/67.jpg', 'thumbnail': 'https://randomuser.me/api/portraits/thumb/men/67.jpg'}, 'nat': 'TR'}</msg>
<arg>${json_data['results'][0]}</arg>
<doc>Logs the given message with the given level.</doc>
<status status="PASS" start="2024-05-01T14:14:46.649330" elapsed="0.000423"/>
</kw>
<kw name="Log" owner="BuiltIn">
<msg time="2024-05-01T14:14:46.650183" level="INFO">email</msg>
<arg>${key}</arg>
<doc>Logs the given message with the given level.</doc>
<status status="PASS" start="2024-05-01T14:14:46.650055" elapsed="0.000165"/>
</kw>
<var name="${key}">email</var>
<status status="PASS" start="2024-05-01T14:14:46.648492" elapsed="0.001942"/>
</iter>
<iter>
<kw name="Dictionary Should Contain Key" owner="Collections">
<msg time="2024-05-01T14:14:46.651149" level="INFO">False</msg>
<arg>${json_data['results'][0]}</arg>
<arg>${key}</arg>
<doc>Fails if ``key`` is not found from ``dictionary``.</doc>
<status status="PASS" start="2024-05-01T14:14:46.650722" elapsed="0.000465"/>
</kw>
<kw name="Log" owner="BuiltIn">
<msg time="2024-05-01T14:14:46.651860" level="INFO">{'gender': 'male', 'name': {'title': 'Mr', 'first': 'Efe', 'last': 'Abadan'}, 'location': {'street': {'number': 4612, 'name': 'Istiklal Cd'}, 'city': 'İstanbul', 'state': 'Kütahya', 'country': 'Turkey', 'postcode': 49980, 'coordinates': {'latitude': '64.7983', 'longitude': '-158.8550'}, 'timezone': {'offset': '-4:00', 'description': 'Atlantic Time (Canada), Caracas, La Paz'}}, 'email': 'efe.abadan@example.com', 'login': {'uuid': '40477687-b22d-4c80-bba0-e9ba9229ac3b', 'username': 'redbird930', 'password': 'pigpen', 'salt': 'Skk3XHbQ', 'md5': '97301ed565cf964840fd5f14d6ba93ad', 'sha1': '1b90a0b12af54d0a8a2493e722a27678c8579acd', 'sha256': 'd1f03892f2c7c0152c672cc084cafbc43478b5432f711514440769a7def56770'}, 'dob': {'date': '1978-09-21T23:27:44.180Z', 'age': 45}, 'registered': {'date': '2016-07-06T23:10:58.831Z', 'age': 7}, 'phone': '(511)-567-2729', 'cell': '(181)-241-6866', 'id': {'name': '', 'value': None}, 'picture': {'large': 'https://randomuser.me/api/portraits/men/67.jpg', 'medium': 'https://randomuser.me/api/portraits/med/men/67.jpg', 'thumbnail': 'https://randomuser.me/api/portraits/thumb/men/67.jpg'}, 'nat': 'TR'}</msg>
<arg>${json_data['results'][0]}</arg>
<doc>Logs the given message with the given level.</doc>
<status status="PASS" start="2024-05-01T14:14:46.651484" elapsed="0.000426"/>
</kw>
<kw name="Log" owner="BuiltIn">
<msg time="2024-05-01T14:14:46.652337" level="INFO">login</msg>
<arg>${key}</arg>
<doc>Logs the given message with the given level.</doc>
<status status="PASS" start="2024-05-01T14:14:46.652209" elapsed="0.000166"/>
</kw>
<var name="${key}">login</var>
<status status="PASS" start="2024-05-01T14:14:46.650610" elapsed="0.001986"/>
</iter>
<var>${key}</var>
<value>@{expected_keys}</value>
<status status="PASS" start="2024-05-01T14:14:46.641722" elapsed="0.011023"/>
</for>
<kw name="Create List" owner="BuiltIn">
<msg time="2024-05-01T14:14:46.653084" level="INFO">${expected_keysTwo} = ['username', 'password']</msg>
<var>${expected_keysTwo}</var>
<arg>username</arg>
<arg>password</arg>
<doc>Returns a list containing given items.</doc>
<status status="PASS" start="2024-05-01T14:14:46.652946" elapsed="0.000162"/>
</kw>
<for flavor="IN">
<iter>
<kw name="Dictionary Should Contain Key" owner="Collections">
<msg time="2024-05-01T14:14:46.654003" level="INFO">False</msg>
<arg>${json_data['results'][0]['login']}</arg>
<arg>${keyTwo}</arg>
<doc>Fails if ``key`` is not found from ``dictionary``.</doc>
<status status="PASS" start="2024-05-01T14:14:46.653612" elapsed="0.000429"/>
</kw>
<kw name="Dictionary Should Contain Key" owner="Collections">
<msg time="2024-05-01T14:14:46.654726" level="INFO">False</msg>
<arg>${json_data['results'][0]['login']}</arg>
<arg>${keyTwo}</arg>
<doc>Fails if ``key`` is not found from ``dictionary``.</doc>
<status status="PASS" start="2024-05-01T14:14:46.654340" elapsed="0.000423"/>
</kw>
<kw name="Log" owner="BuiltIn">
<msg time="2024-05-01T14:14:46.655219" level="INFO">username</msg>
<arg>${keyTwo}</arg>
<doc>Logs the given message with the given level.</doc>
<status status="PASS" start="2024-05-01T14:14:46.655089" elapsed="0.000173"/>
</kw>
<var name="${keyTwo}">username</var>
<status status="PASS" start="2024-05-01T14:14:46.653501" elapsed="0.001977"/>
</iter>
<iter>
<kw name="Dictionary Should Contain Key" owner="Collections">
<msg time="2024-05-01T14:14:46.656231" level="INFO">False</msg>
<arg>${json_data['results'][0]['login']}</arg>
<arg>${keyTwo}</arg>
<doc>Fails if ``key`` is not found from ``dictionary``.</doc>
<status status="PASS" start="2024-05-01T14:14:46.655768" elapsed="0.000503"/>
</kw>
<kw name="Dictionary Should Contain Key" owner="Collections">
<msg time="2024-05-01T14:14:46.656954" level="INFO">False</msg>
<arg>${json_data['results'][0]['login']}</arg>
<arg>${keyTwo}</arg>
<doc>Fails if ``key`` is not found from ``dictionary``.</doc>
<status status="PASS" start="2024-05-01T14:14:46.656574" elapsed="0.000417"/>
</kw>
<kw name="Log" owner="BuiltIn">
<msg time="2024-05-01T14:14:46.657411" level="INFO">password</msg>
<arg>${keyTwo}</arg>
<doc>Logs the given message with the given level.</doc>
<status status="PASS" start="2024-05-01T14:14:46.657284" elapsed="0.000164"/>
</kw>
<var name="${keyTwo}">password</var>
<status status="PASS" start="2024-05-01T14:14:46.655658" elapsed="0.002003"/>
</iter>
<var>${keyTwo}</var>
<value>@{expected_keysTwo}</value>
<status status="PASS" start="2024-05-01T14:14:46.653347" elapsed="0.004435"/>
</for>
<status status="PASS" start="2024-05-01T14:14:46.537517" elapsed="0.120406"/>
</kw>
<doc>Testa a estrutura da resposta da API.</doc>
<tag>testeEstruturaResposta</tag>
<status status="PASS" start="2024-05-01T14:14:46.536960" elapsed="0.121121"/>
</test>
<test id="s1-s1-t4" name="Validar tipos de dados" line="28">
<kw name="Teste de Tipos de Dados" owner="random-user-service">
<kw name="GET On Session" owner="RequestsLibrary">
<msg time="2024-05-01T14:14:46.733996" level="INFO">GET Request : url=https://randomuser.me/api 
 path_url=/api 
 headers={'User-Agent': 'python-requests/2.31.0', 'Accept-Encoding': 'gzip, deflate', 'Accept': '*/*', 'Connection': 'keep-alive'} 
 body=None 
 </msg>
<msg time="2024-05-01T14:14:46.734066" level="INFO">GET Response : url=https://randomuser.me/api 
 status=200, reason=OK 
 headers={'Date': 'Wed, 01 May 2024 14:14:46 GMT', 'Content-Type': 'application/json; charset=utf-8', 'Transfer-Encoding': 'chunked', 'Connection': 'keep-alive', 'X-Powered-By': 'Express', 'Access-Control-Allow-Origin': '*', 'Cache-Control': 'no-cache', 'ETag': 'W/"490-Einoxo0TbNjvqZn3Vsgeme3lVaE"', 'Vary': 'Accept-Encoding', 'Content-Encoding': 'gzip', 'CF-Cache-Status': 'DYNAMIC', 'Report-To': '{"endpoints":[{"url":"https:\\/\\/a.nel.cloudflare.com\\/report\\/v4?s=v5NW6B6JTWLDK7kxB%2FyDqi8KECaK63A%2Fe2P%2BoV9wONz5UrlfkSXZ8MvXYEin%2FWwakkWyi%2BzMX7ImpaRpfYIX0hs8NpYgRbVJWaQwTWDYrYM8obWW8jF1djQV2wEvDd8T"}],"group":"cf-nel","max_age":604800}', 'NEL': '{"success_fraction":0,"report_to":"cf-nel","max_age":604800}', 'Server': 'cloudflare', 'CF-RAY': '87d0613dab2b5a3a-IAD', 'alt-svc': 'h3=":443"; ma=86400'} 
 body={"results":[{"gender":"male","name":{"title":"Mr","first":"Brad","last":"Gregory"},"location":{"street":{"number":4526,"name":"Homestead Rd"},"city":"Warragul","state":"South Australia","country":"Australia","postcode":3975,"coordinates":{"latitude":"-85.9695","longitude":"-64.9072"},"timezone":{"offset":"-5:00","description":"Eastern Time (US &amp; Canada), Bogota, Lima"}},"email":"brad.gregory@example.com","login":{"uuid":"15376f8f-dc2b-461c-a6b1-e91136e6b3b1","username":"sadbird934","password":"help","salt":"2VjSzeX5","md5":"bb740eb8d54baa8b0224f31aea13884b","sha1":"af002974bcbb846d9753a1c77a7b691a41255377","sha256":"fda13a9fddf654a313fe1b7c961e9766a2553a3195e67c6192a0d538cd7c11e4"},"dob":{"date":"1976-11-09T17:38:30.794Z","age":47},"registered":{"date":"2004-08-04T20:00:36.297Z","age":19},"phone":"02-4947-2711","cell":"0437-610-928","id":{"name":"TFN","value":"306470034"},"picture":{"large":"https://randomuser.me/api/portraits/men/12.jpg","medium":"https://randomuser.me/api/portraits/med/men/12.jpg","thumbnail":"https://randomuser.me/api/portraits/thumb/men/12.jpg"},"nat":"AU"}],"info":{"seed":"27a4d1596027b0c8","results":1,"page":1,"version":"1.4"}} 
 </msg>
<msg time="2024-05-01T14:14:46.734129" level="INFO">/opt/hostedtoolcache/Python/3.12.3/x64/lib/python3.12/site-packages/urllib3/connectionpool.py:1103: InsecureRequestWarning: Unverified HTTPS request is being made to host 'randomuser.me'. Adding certificate verification is strongly advised. See: https://urllib3.readthedocs.io/en/latest/advanced-usage.html#tls-warnings
  warnings.warn(</msg>
<msg time="2024-05-01T14:14:46.734218" level="INFO">${response} = &lt;Response [200]&gt;</msg>
<var>${response}</var>
<arg>consultarAPI</arg>
<arg>/api</arg>
<doc>Sends a GET request on a previously created HTTP Session.</doc>
<status status="PASS" start="2024-05-01T14:14:46.660623" elapsed="0.073620"/>
</kw>
<kw name="Set Variable" owner="BuiltIn">
<msg time="2024-05-01T14:14:46.735217" level="INFO">${json_data} = {'results': [{'gender': 'male', 'name': {'title': 'Mr', 'first': 'Brad', 'last': 'Gregory'}, 'location': {'street': {'number': 4526, 'name': 'Homestead Rd'}, 'city': 'Warragul', 'state': 'South Austra...</msg>
<var>${json_data}</var>
<arg>${response.json()}</arg>
<doc>Returns the given values which can then be assigned to a variables.</doc>
<status status="PASS" start="2024-05-01T14:14:46.734699" elapsed="0.000547"/>
</kw>
<kw name="Log" owner="BuiltIn">
<msg time="2024-05-01T14:14:46.735723" level="INFO">{'results': [{'gender': 'male', 'name': {'title': 'Mr', 'first': 'Brad', 'last': 'Gregory'}, 'location': {'street': {'number': 4526, 'name': 'Homestead Rd'}, 'city': 'Warragul', 'state': 'South Australia', 'country': 'Australia', 'postcode': 3975, 'coordinates': {'latitude': '-85.9695', 'longitude': '-64.9072'}, 'timezone': {'offset': '-5:00', 'description': 'Eastern Time (US &amp; Canada), Bogota, Lima'}}, 'email': 'brad.gregory@example.com', 'login': {'uuid': '15376f8f-dc2b-461c-a6b1-e91136e6b3b1', 'username': 'sadbird934', 'password': 'help', 'salt': '2VjSzeX5', 'md5': 'bb740eb8d54baa8b0224f31aea13884b', 'sha1': 'af002974bcbb846d9753a1c77a7b691a41255377', 'sha256': 'fda13a9fddf654a313fe1b7c961e9766a2553a3195e67c6192a0d538cd7c11e4'}, 'dob': {'date': '1976-11-09T17:38:30.794Z', 'age': 47}, 'registered': {'date': '2004-08-04T20:00:36.297Z', 'age': 19}, 'phone': '02-4947-2711', 'cell': '0437-610-928', 'id': {'name': 'TFN', 'value': '306470034'}, 'picture': {'large': 'https://randomuser.me/api/portraits/men/12.jpg', 'medium': 'https://randomuser.me/api/portraits/med/men/12.jpg', 'thumbnail': 'https://randomuser.me/api/portraits/thumb/men/12.jpg'}, 'nat': 'AU'}], 'info': {'seed': '27a4d1596027b0c8', 'results': 1, 'page': 1, 'version': '1.4'}}</msg>
<arg>${json_data}</arg>
<doc>Logs the given message with the given level.</doc>
<status status="PASS" start="2024-05-01T14:14:46.735562" elapsed="0.000243"/>
</kw>
<kw name="Should Be String" owner="String">
<arg>${json_data['results'][0]['gender']}</arg>
<doc>Fails if the given ``item`` is not a string.</doc>
<status status="PASS" start="2024-05-01T14:14:46.736106" elapsed="0.000367"/>
</kw>
<kw name="Should Match Regexp" owner="BuiltIn">
<arg>${json_data['results'][0]['email']}</arg>
<arg>^[a-zA-Z0-9._%+-]+@[a-zA-Z0-9.-]+\.[a-zA-Z]{2,}$</arg>
<doc>Fails if ``string`` does not match ``pattern`` as a regular expression.</doc>
<status status="PASS" start="2024-05-01T14:14:46.736667" elapsed="0.000517"/>
</kw>
<kw name="Should Match Regexp" owner="BuiltIn">
<arg>${json_data['results'][0]['dob']['date']}</arg>
<arg>\\d{4}-\\d{2}-\\d{2}T\\d{2}:\\d{2}:\\d{2}\\.\\d{3}Z</arg>
<doc>Fails if ``string`` does not match ``pattern`` as a regular expression.</doc>
<status status="PASS" start="2024-05-01T14:14:46.737381" elapsed="0.000487"/>
</kw>
<kw name="Should Match Regexp" owner="BuiltIn">
<arg>${json_data['results'][0]['registered']['date']}</arg>
<arg>\\d{4}-\\d{2}-\\d{2}T\\d{2}:\\d{2}:\\d{2}\\.\\d{3}Z</arg>
<doc>Fails if ``string`` does not match ``pattern`` as a regular expression.</doc>
<status status="PASS" start="2024-05-01T14:14:46.738060" elapsed="0.000376"/>
</kw>
<kw name="Should Match Regexp" owner="BuiltIn">
<arg>${json_data['results'][0]['picture']['large']}</arg>
<arg>^https?://.*\.(?:png|jpe?g|gif|bmp)$</arg>
<doc>Fails if ``string`` does not match ``pattern`` as a regular expression.</doc>
<status status="PASS" start="2024-05-01T14:14:46.738626" elapsed="0.000511"/>
</kw>
<kw name="Should Match Regexp" owner="BuiltIn">
<arg>${json_data['results'][0]['picture']['medium']}</arg>
<arg>^https?://.*\.(?:png|jpe?g|gif|bmp)$</arg>
<doc>Fails if ``string`` does not match ``pattern`` as a regular expression.</doc>
<status status="PASS" start="2024-05-01T14:14:46.739329" elapsed="0.000359"/>
</kw>
<kw name="Should Match Regexp" owner="BuiltIn">
<arg>${json_data['results'][0]['picture']['thumbnail']}</arg>
<arg>^https?://.*\.(?:png|jpe?g|gif|bmp)$</arg>
<doc>Fails if ``string`` does not match ``pattern`` as a regular expression.</doc>
<status status="PASS" start="2024-05-01T14:14:46.739878" elapsed="0.000350"/>
</kw>
<kw name="Log" owner="BuiltIn">
<msg time="2024-05-01T14:14:46.740732" level="INFO">{'large': 'https://randomuser.me/api/portraits/men/12.jpg', 'medium': 'https://randomuser.me/api/portraits/med/men/12.jpg', 'thumbnail': 'https://randomuser.me/api/portraits/thumb/men/12.jpg'}</msg>
<arg>${json_data['results'][0]['picture']}</arg>
<doc>Logs the given message with the given level.</doc>
<status status="PASS" start="2024-05-01T14:14:46.740408" elapsed="0.000366"/>
</kw>
<status status="PASS" start="2024-05-01T14:14:46.660393" elapsed="0.080635"/>
</kw>
<kw name="Teste de Tipos de Dados - Postcode" owner="random-user-service">
<kw name="GET On Session" owner="RequestsLibrary">
<msg time="2024-05-01T14:14:46.828690" level="INFO">GET Request : url=https://randomuser.me/api 
 path_url=/api 
 headers={'User-Agent': 'python-requests/2.31.0', 'Accept-Encoding': 'gzip, deflate', 'Accept': '*/*', 'Connection': 'keep-alive'} 
 body=None 
 </msg>
<msg time="2024-05-01T14:14:46.828777" level="INFO">GET Response : url=https://randomuser.me/api 
 status=200, reason=OK 
 headers={'Date': 'Wed, 01 May 2024 14:14:46 GMT', 'Content-Type': 'application/json; charset=utf-8', 'Transfer-Encoding': 'chunked', 'Connection': 'keep-alive', 'X-Powered-By': 'Express', 'Access-Control-Allow-Origin': '*', 'Cache-Control': 'no-cache', 'ETag': 'W/"497-SrW0bvfuTGVmzTX30YfcEow5lI8"', 'Vary': 'Accept-Encoding', 'Content-Encoding': 'gzip', 'CF-Cache-Status': 'DYNAMIC', 'Report-To': '{"endpoints":[{"url":"https:\\/\\/a.nel.cloudflare.com\\/report\\/v4?s=eobIqarQNT4qa8tY7Oxk9ym4qO203cOHIqDQAMfbjTwGOHbsze9hD6G0yeanztqFhC2hidm6Qw%2FnsRQhDE%2F%2FIC6VAIf%2FxA03BcFALmlN81eIfgp6khcwRP98qvGohI72"}],"group":"cf-nel","max_age":604800}', 'NEL': '{"success_fraction":0,"report_to":"cf-nel","max_age":604800}', 'Server': 'cloudflare', 'CF-RAY': '87d0613e2b9e5a3a-IAD', 'alt-svc': 'h3=":443"; ma=86400'} 
 body={"results":[{"gender":"male","name":{"title":"Mr","first":"اميرعلي","last":"نكو نظر"},"location":{"street":{"number":3803,"name":"شهید کبیری طامه"},"city":"بجنورد","state":"خراسان رضوی","country":"Iran","postcode":99490,"coordinates":{"latitude":"15.2849","longitude":"-3.0031"},"timezone":{"offset":"-3:30","description":"Newfoundland"}},"email":"myraaly.nkwnzr@example.com","login":{"uuid":"3c46835f-4203-4b88-b584-3757b0ed267a","username":"lazyelephant301","password":"flash","salt":"qjamRFHT","md5":"97876972a2cc20720ee8f3e77840ef4b","sha1":"761918701b9916b9ee26497cd1d561817016f4e6","sha256":"1c29aa61feb887a0a13759eecaad1f4f7fad1f11db62e0d6002e736791f17c9f"},"dob":{"date":"1972-12-31T04:15:00.519Z","age":51},"registered":{"date":"2009-05-22T17:41:02.673Z","age":14},"phone":"070-88144675","cell":"0989-079-2348","id":{"name":"","value":null},"picture":{"large":"https://randomuser.me/api/portraits/men/48.jpg","medium":"https://randomuser.me/api/portraits/med/men/48.jpg","thumbnail":"https://randomuser.me/api/portraits/thumb/men/48.jpg"},"nat":"IR"}],"info":{"seed":"cfb32b5144807880","results":1,"page":1,"version":"1.4"}} 
 </msg>
<msg time="2024-05-01T14:14:46.828853" level="INFO">/opt/hostedtoolcache/Python/3.12.3/x64/lib/python3.12/site-packages/urllib3/connectionpool.py:1103: InsecureRequestWarning: Unverified HTTPS request is being made to host 'randomuser.me'. Adding certificate verification is strongly advised. See: https://urllib3.readthedocs.io/en/latest/advanced-usage.html#tls-warnings
  warnings.warn(</msg>
<msg time="2024-05-01T14:14:46.828971" level="INFO">${response} = &lt;Response [200]&gt;</msg>
<var>${response}</var>
<arg>consultarAPI</arg>
<arg>/api</arg>
<doc>Sends a GET request on a previously created HTTP Session.</doc>
<status status="PASS" start="2024-05-01T14:14:46.741481" elapsed="0.087530"/>
</kw>
<kw name="Set Variable" owner="BuiltIn">
<msg time="2024-05-01T14:14:46.829854" level="INFO">${json_data} = {'results': [{'gender': 'male', 'name': {'title': 'Mr', 'first': 'اميرعلي', 'last': 'نكو نظر'}, 'location': {'street': {'number': 3803, 'name': 'شهید کبیری طامه'}, 'city': 'بجنورد', 'state': 'خراسان ر...</msg>
<var>${json_data}</var>
<arg>${response.json()}</arg>
<doc>Returns the given values which can then be assigned to a variables.</doc>
<status status="PASS" start="2024-05-01T14:14:46.829378" elapsed="0.000506"/>
</kw>
<kw name="Log" owner="BuiltIn">
<msg time="2024-05-01T14:14:46.830368" level="INFO">{'results': [{'gender': 'male', 'name': {'title': 'Mr', 'first': 'اميرعلي', 'last': 'نكو نظر'}, 'location': {'street': {'number': 3803, 'name': 'شهید کبیری طامه'}, 'city': 'بجنورد', 'state': 'خراسان رضوی', 'country': 'Iran', 'postcode': 99490, 'coordinates': {'latitude': '15.2849', 'longitude': '-3.0031'}, 'timezone': {'offset': '-3:30', 'description': 'Newfoundland'}}, 'email': 'myraaly.nkwnzr@example.com', 'login': {'uuid': '3c46835f-4203-4b88-b584-3757b0ed267a', 'username': 'lazyelephant301', 'password': 'flash', 'salt': 'qjamRFHT', 'md5': '97876972a2cc20720ee8f3e77840ef4b', 'sha1': '761918701b9916b9ee26497cd1d561817016f4e6', 'sha256': '1c29aa61feb887a0a13759eecaad1f4f7fad1f11db62e0d6002e736791f17c9f'}, 'dob': {'date': '1972-12-31T04:15:00.519Z', 'age': 51}, 'registered': {'date': '2009-05-22T17:41:02.673Z', 'age': 14}, 'phone': '070-88144675', 'cell': '0989-079-2348', 'id': {'name': '', 'value': None}, 'picture': {'large': 'https://randomuser.me/api/portraits/men/48.jpg', 'medium': 'https://randomuser.me/api/portraits/med/men/48.jpg', 'thumbnail': 'https://randomuser.me/api/portraits/thumb/men/48.jpg'}, 'nat': 'IR'}], 'info': {'seed': 'cfb32b5144807880', 'results': 1, 'page': 1, 'version': '1.4'}}</msg>
<arg>${json_data}</arg>
<doc>Logs the given message with the given level.</doc>
<status status="PASS" start="2024-05-01T14:14:46.830210" elapsed="0.000239"/>
</kw>
<kw name="Should Be Equal As Numbers" owner="BuiltIn">
<arg>${json_data['results'][0]['location']['postcode']}</arg>
<arg>${json_data['results'][0]['location']['postcode']}</arg>
<doc>Fails if objects are unequal after converting them to real numbers.</doc>
<status status="PASS" start="2024-05-01T14:14:46.830908" elapsed="0.000660"/>
</kw>
<kw name="Log" owner="BuiltIn">
<msg time="2024-05-01T14:14:46.832116" level="INFO">99490</msg>
<arg>${json_data['results'][0]['location']['postcode']}</arg>
<doc>Logs the given message with the given level.</doc>
<status status="PASS" start="2024-05-01T14:14:46.831762" elapsed="0.000394"/>
</kw>
<status status="PASS" start="2024-05-01T14:14:46.741254" elapsed="0.091154"/>
</kw>
<doc>Testa se os tipos de dados na resposta da API estão corretos.</doc>
<tag>testeTiposDados</tag>
<status status="PASS" start="2024-05-01T14:14:46.659924" elapsed="0.172651"/>
</test>
<test id="s1-s1-t5" name="Validar conteudo" line="35">
<kw name="Teste de Tipos de Conteudo" owner="random-user-service">
<kw name="GET On Session" owner="RequestsLibrary">
<msg time="2024-05-01T14:14:46.934502" level="INFO">GET Request : url=https://randomuser.me/api 
 path_url=/api 
 headers={'User-Agent': 'python-requests/2.31.0', 'Accept-Encoding': 'gzip, deflate', 'Accept': '*/*', 'Connection': 'keep-alive'} 
 body=None 
 </msg>
<msg time="2024-05-01T14:14:46.934587" level="INFO">GET Response : url=https://randomuser.me/api 
 status=200, reason=OK 
 headers={'Date': 'Wed, 01 May 2024 14:14:46 GMT', 'Content-Type': 'application/json; charset=utf-8', 'Transfer-Encoding': 'chunked', 'Connection': 'keep-alive', 'X-Powered-By': 'Express', 'Access-Control-Allow-Origin': '*', 'Cache-Control': 'no-cache', 'ETag': 'W/"485-la5vBTd4NXoN+hhUtVTbG60i4is"', 'Vary': 'Accept-Encoding', 'Content-Encoding': 'gzip', 'CF-Cache-Status': 'DYNAMIC', 'Report-To': '{"endpoints":[{"url":"https:\\/\\/a.nel.cloudflare.com\\/report\\/v4?s=oWrYjpDKilJCaD16R79DCqU2aZRJmc2nszWKjNJcxrY9WDNSSX2Xrky1DI10Gc7dRHLMj46wLZ8mxeixjRzUb0JJBxyPXHKZMsrn0gPsWQ8EDGe7a0GJ1YAJ64H4ljUp"}],"group":"cf-nel","max_age":604800}', 'NEL': '{"success_fraction":0,"report_to":"cf-nel","max_age":604800}', 'Server': 'cloudflare', 'CF-RAY': '87d0613ebc335a3a-IAD', 'alt-svc': 'h3=":443"; ma=86400'} 
 body={"results":[{"gender":"female","name":{"title":"Mrs","first":"Anusha","last":"Dalvi"},"location":{"street":{"number":3663,"name":"Dwaraka Nagar"},"city":"Kottayam","state":"Odisha","country":"India","postcode":30069,"coordinates":{"latitude":"12.1340","longitude":"29.9269"},"timezone":{"offset":"+2:00","description":"Kaliningrad, South Africa"}},"email":"anusha.dalvi@example.com","login":{"uuid":"13a8548b-3e96-4854-ae86-86f8940ac6d2","username":"happyleopard488","password":"karen1","salt":"4LyItr34","md5":"52fde5db1befa9e17362874f1a625036","sha1":"23b8b6dc38746b4851df104590044c5f51ccde6a","sha256":"298425055f858ec846aa42661ef8d9c011d9f3d9c1f9ead8293a92ba0a83d10b"},"dob":{"date":"1998-05-10T02:07:44.724Z","age":25},"registered":{"date":"2013-03-24T16:59:57.794Z","age":11},"phone":"7067381947","cell":"7302261030","id":{"name":"UIDAI","value":"162490262657"},"picture":{"large":"https://randomuser.me/api/portraits/women/55.jpg","medium":"https://randomuser.me/api/portraits/med/women/55.jpg","thumbnail":"https://randomuser.me/api/portraits/thumb/women/55.jpg"},"nat":"IN"}],"info":{"seed":"6e6e94694e952334","results":1,"page":1,"version":"1.4"}} 
 </msg>
<msg time="2024-05-01T14:14:46.934670" level="INFO">/opt/hostedtoolcache/Python/3.12.3/x64/lib/python3.12/site-packages/urllib3/connectionpool.py:1103: InsecureRequestWarning: Unverified HTTPS request is being made to host 'randomuser.me'. Adding certificate verification is strongly advised. See: https://urllib3.readthedocs.io/en/latest/advanced-usage.html#tls-warnings
  warnings.warn(</msg>
<msg time="2024-05-01T14:14:46.934787" level="INFO">${response} = &lt;Response [200]&gt;</msg>
<var>${response}</var>
<arg>consultarAPI</arg>
<arg>/api</arg>
<doc>Sends a GET request on a previously created HTTP Session.</doc>
<status status="PASS" start="2024-05-01T14:14:46.835062" elapsed="0.099778"/>
</kw>
<kw name="Set Variable" owner="BuiltIn">
<msg time="2024-05-01T14:14:46.935784" level="INFO">${json_data} = {'results': [{'gender': 'female', 'name': {'title': 'Mrs', 'first': 'Anusha', 'last': 'Dalvi'}, 'location': {'street': {'number': 3663, 'name': 'Dwaraka Nagar'}, 'city': 'Kottayam', 'state': 'Odisha',...</msg>
<var>${json_data}</var>
<arg>${response.json()}</arg>
<doc>Returns the given values which can then be assigned to a variables.</doc>
<status status="PASS" start="2024-05-01T14:14:46.935350" elapsed="0.000461"/>
</kw>
<kw name="Set Variable" owner="BuiltIn">
<msg time="2024-05-01T14:14:46.936486" level="INFO">${name_title} = Mrs</msg>
<var>${name_title}</var>
<arg>${json_data["results"][0]["name"]["title"]}</arg>
<doc>Returns the given values which can then be assigned to a variables.</doc>
<status status="PASS" start="2024-05-01T14:14:46.936108" elapsed="0.000403"/>
</kw>
<kw name="Create List" owner="BuiltIn">
<msg time="2024-05-01T14:14:46.936952" level="INFO">${allowed_titles} = ['Mr', 'Ms', 'Miss', 'Mrs', 'Madame', 'Monsieur']</msg>
<var>${allowed_titles}</var>
<arg>Mr</arg>
<arg>Ms</arg>
<arg>Miss</arg>
<arg>Mrs</arg>
<arg>Madame</arg>
<arg>Monsieur</arg>
<doc>Returns a list containing given items.</doc>
<status status="PASS" start="2024-05-01T14:14:46.936805" elapsed="0.000172"/>
</kw>
<kw name="List Should Contain Value" owner="Collections">
<msg time="2024-05-01T14:14:46.937446" level="INFO">False</msg>
<arg>${allowed_titles}</arg>
<arg>${name_title}</arg>
<doc>Fails if the ``value`` is not found from ``list``.</doc>
<status status="PASS" start="2024-05-01T14:14:46.937274" elapsed="0.000208"/>
</kw>
<kw name="Set Variable" owner="BuiltIn">
<msg time="2024-05-01T14:14:46.938173" level="INFO">${name_country} = IN</msg>
<var>${name_country}</var>
<arg>${json_data["results"][0]["nat"]}</arg>
<doc>Returns the given values which can then be assigned to a variables.</doc>
<status status="PASS" start="2024-05-01T14:14:46.937794" elapsed="0.000404"/>
</kw>
<kw name="Create List" owner="BuiltIn">
<msg time="2024-05-01T14:14:46.939125" level="INFO">${list_country} = ['AD', 'AE', 'AF', 'AG', 'AI', 'AL', 'AM', 'AO', 'AQ', 'AR', 'AS', 'AT', 'AU', 'AW', 'AX', 'AZ', 'BA', 'BB', 'BD', 'BE', 'BF', 'BG', 'BH', 'BI', 'BJ', 'BL', 'BM', 'BN', 'BO', 'BQ', 'BR', 'BS', 'BT', '...</msg>
<var>${list_country}</var>
<arg>AD</arg>
<arg>AE</arg>
<arg>AF</arg>
<arg>AG</arg>
<arg>AI</arg>
<arg>AL</arg>
<arg>AM</arg>
<arg>AO</arg>
<arg>AQ</arg>
<arg>AR</arg>
<arg>AS</arg>
<arg>AT</arg>
<arg>AU</arg>
<arg>AW</arg>
<arg>AX</arg>
<arg>AZ</arg>
<arg>BA</arg>
<arg>BB</arg>
<arg>BD</arg>
<arg>BE</arg>
<arg>BF</arg>
<arg>BG</arg>
<arg>BH</arg>
<arg>BI</arg>
<arg>BJ</arg>
<arg>BL</arg>
<arg>BM</arg>
<arg>BN</arg>
<arg>BO</arg>
<arg>BQ</arg>
<arg>BR</arg>
<arg>BS</arg>
<arg>BT</arg>
<arg>BV</arg>
<arg>BW</arg>
<arg>BY</arg>
<arg>BZ</arg>
<arg>CA</arg>
<arg>CC</arg>
<arg>CD</arg>
<arg>CF</arg>
<arg>CG</arg>
<arg>CH</arg>
<arg>CI</arg>
<arg>CK</arg>
<arg>CL</arg>
<arg>CM</arg>
<arg>CN</arg>
<arg>CO</arg>
<arg>CR</arg>
<arg>CU</arg>
<arg>CV</arg>
<arg>CW</arg>
<arg>CX</arg>
<arg>CY</arg>
<arg>CZ</arg>
<arg>DE</arg>
<arg>DJ</arg>
<arg>DK</arg>
<arg>DM</arg>
<arg>DO</arg>
<arg>DZ</arg>
<arg>EC</arg>
<arg>EE</arg>
<arg>EG</arg>
<arg>EH</arg>
<arg>ER</arg>
<arg>ES</arg>
<arg>ET</arg>
<arg>FI</arg>
<arg>FJ</arg>
<arg>FK</arg>
<arg>FM</arg>
<arg>FO</arg>
<arg>FR</arg>
<arg>GA</arg>
<arg>GB</arg>
<arg>GD</arg>
<arg>GE</arg>
<arg>GF</arg>
<arg>GG</arg>
<arg>GH</arg>
<arg>GI</arg>
<arg>GL</arg>
<arg>GM</arg>
<arg>GN</arg>
<arg>GP</arg>
<arg>GQ</arg>
<arg>GR</arg>
<arg>GS</arg>
<arg>GT</arg>
<arg>GU</arg>
<arg>GW</arg>
<arg>GY</arg>
<arg>HK</arg>
<arg>HM</arg>
<arg>HN</arg>
<arg>HR</arg>
<arg>HT</arg>
<arg>HU</arg>
<arg>ID</arg>
<arg>IE</arg>
<arg>IL</arg>
<arg>IM</arg>
<arg>IN</arg>
<arg>IO</arg>
<arg>IQ</arg>
<arg>IR</arg>
<arg>IS</arg>
<arg>IT</arg>
<arg>JE</arg>
<arg>JM</arg>
<arg>JO</arg>
<arg>JP</arg>
<arg>KE</arg>
<arg>KG</arg>
<arg>KH</arg>
<arg>KI</arg>
<arg>KM</arg>
<arg>KN</arg>
<arg>KP</arg>
<arg>KR</arg>
<arg>KW</arg>
<arg>KY</arg>
<arg>KZ</arg>
<arg>LA</arg>
<arg>LB</arg>
<arg>LC</arg>
<arg>LI</arg>
<arg>LK</arg>
<arg>LR</arg>
<arg>LS</arg>
<arg>LT</arg>
<arg>LU</arg>
<arg>LV</arg>
<arg>LY</arg>
<arg>MA</arg>
<arg>MC</arg>
<arg>MD</arg>
<arg>ME</arg>
<arg>MF</arg>
<arg>MG</arg>
<arg>MH</arg>
<arg>MK</arg>
<arg>ML</arg>
<arg>MM</arg>
<arg>MN</arg>
<arg>MO</arg>
<arg>MP</arg>
<arg>MQ</arg>
<arg>MR</arg>
<arg>MS</arg>
<arg>MT</arg>
<arg>MU</arg>
<arg>MV</arg>
<arg>MW</arg>
<arg>MX</arg>
<arg>MY</arg>
<arg>MZ</arg>
<arg>NA</arg>
<arg>NC</arg>
<arg>NE</arg>
<arg>NF</arg>
<arg>NG</arg>
<arg>NI</arg>
<arg>NL</arg>
<arg>NO</arg>
<arg>NP</arg>
<arg>NR</arg>
<arg>NU</arg>
<arg>NZ</arg>
<arg>OM</arg>
<arg>PA</arg>
<arg>PE</arg>
<arg>PF</arg>
<arg>PG</arg>
<arg>PH</arg>
<arg>PK</arg>
<arg>PL</arg>
<arg>PM</arg>
<arg>PN</arg>
<arg>PR</arg>
<arg>PS</arg>
<arg>PT</arg>
<arg>PW</arg>
<arg>PY</arg>
<arg>QA</arg>
<arg>RE</arg>
<arg>RO</arg>
<arg>RS</arg>
<arg>RU</arg>
<arg>RW</arg>
<arg>SA</arg>
<arg>SB</arg>
<arg>SC</arg>
<arg>SD</arg>
<arg>SE</arg>
<arg>SG</arg>
<arg>SH</arg>
<arg>SI</arg>
<arg>SJ</arg>
<arg>SK</arg>
<arg>SL</arg>
<arg>SM</arg>
<arg>SN</arg>
<arg>SO</arg>
<arg>SR</arg>
<arg>SS</arg>
<arg>ST</arg>
<arg>SV</arg>
<arg>SX</arg>
<arg>SY</arg>
<arg>SZ</arg>
<arg>TC</arg>
<arg>TD</arg>
<arg>TF</arg>
<arg>TG</arg>
<arg>TH</arg>
<arg>TJ</arg>
<arg>TK</arg>
<arg>TL</arg>
<arg>TM</arg>
<arg>TN</arg>
<arg>TO</arg>
<arg>TR</arg>
<arg>TT</arg>
<arg>TV</arg>
<arg>TW</arg>
<arg>TZ</arg>
<arg>UA</arg>
<arg>UG</arg>
<arg>UM</arg>
<arg>US</arg>
<arg>UY</arg>
<arg>UZ</arg>
<arg>VA</arg>
<arg>VC</arg>
<arg>VE</arg>
<arg>VG</arg>
<arg>VI</arg>
<arg>VN</arg>
<arg>VU</arg>
<arg>WF</arg>
<arg>WS</arg>
<arg>XK</arg>
<arg>YE</arg>
<arg>YT</arg>
<arg>ZA</arg>
<arg>ZM</arg>
<arg>ZW</arg>
<doc>Returns a list containing given items.</doc>
<status status="PASS" start="2024-05-01T14:14:46.938495" elapsed="0.000656"/>
</kw>
<kw name="List Should Contain Value" owner="Collections">
<msg time="2024-05-01T14:14:46.940155" level="INFO">False</msg>
<arg>${list_country}</arg>
<arg>${name_country}</arg>
<doc>Fails if the ``value`` is not found from ``list``.</doc>
<status status="PASS" start="2024-05-01T14:14:46.939953" elapsed="0.000238"/>
</kw>
<kw name="Run Keyword If" owner="BuiltIn">
<kw name="Should Be True" owner="BuiltIn">
<arg>${True}</arg>
<doc>Fails if the given condition is not true.</doc>
<status status="PASS" start="2024-05-01T14:14:46.941260" elapsed="0.000255"/>
</kw>
<arg>${json_data["results"][0]["location"]["coordinates"]["latitude"]} &gt;= -90 and ${json_data["results"][0]["location"]["coordinates"]["latitude"]} &lt;= 90</arg>
<arg>Should Be True</arg>
<arg>${True}</arg>
<doc>Runs the given keyword with the given arguments, if ``condition`` is true.</doc>
<status status="PASS" start="2024-05-01T14:14:46.940510" elapsed="0.001137"/>
</kw>
<kw name="Run Keyword If" owner="BuiltIn">
<kw name="Should Be True" owner="BuiltIn">
<arg>${True}</arg>
<doc>Fails if the given condition is not true.</doc>
<status status="PASS" start="2024-05-01T14:14:46.942546" elapsed="0.000139"/>
</kw>
<arg>${json_data["results"][0]["location"]["coordinates"]["longitude"]} &gt;= -180 and ${json_data["results"][0]["location"]["coordinates"]["longitude"]} &lt;= 180</arg>
<arg>Should Be True</arg>
<arg>${True}</arg>
<doc>Runs the given keyword with the given arguments, if ``condition`` is true.</doc>
<status status="PASS" start="2024-05-01T14:14:46.941838" elapsed="0.000969"/>
</kw>
<status status="PASS" start="2024-05-01T14:14:46.834802" elapsed="0.108134"/>
</kw>
<doc>Testa o conteúdo específico dos campos retornados pela API.</doc>
<tag>testeConteudo</tag>
<status status="PASS" start="2024-05-01T14:14:46.834353" elapsed="0.108773"/>
</test>
<status status="PASS" start="2024-05-01T14:14:46.160490" elapsed="0.784551"/>
</suite>
<status status="PASS" start="2024-05-01T14:14:46.146149" elapsed="0.803960"/>
</suite>
<statistics>
<total>
<stat pass="5" fail="0" skip="0">All Tests</stat>
</total>
<tag>
<stat pass="1" fail="0" skip="0">testeConteudo</stat>
<stat pass="1" fail="0" skip="0">testeEstruturaResposta</stat>
<stat pass="1" fail="0" skip="0">testeRequisicaoBasica</stat>
<stat pass="1" fail="0" skip="0">testeTiposDados</stat>
</tag>
<suite>
<stat pass="5" fail="0" skip="0" id="s1" name="Tests">Tests</stat>
<stat pass="5" fail="0" skip="0" id="s1-s1" name="Random-User-Test">Tests.Random-User-Test</stat>
</suite>
</statistics>
<errors>
</errors>
</robot>
