<?xml version="1.0" encoding="UTF-8"?>
<robot generator="Robot 7.0 (Python 3.12.3 on linux)" generated="2024-05-30T22:14:44.763496" rpa="false" schemaversion="5">
<suite id="s1" name="Tests" source="/home/runner/work/ApiRandomUser/ApiRandomUser/RamdonUser/tests">
<suite id="s1-s1" name="Random-User-Test" source="/home/runner/work/ApiRandomUser/ApiRandomUser/RamdonUser/tests/random-user-test.robot">
<test id="s1-s1-t1" name="Conectar" line="13">
<kw name="Conectar API" owner="random-user-service">
<kw name="Create Session" owner="RequestsLibrary">
<msg time="2024-05-30T22:14:45.201116" level="INFO">Creating Session using : alias=consultarAPI, url=https://randomuser.me/, headers={},                     cookies={}, auth=None, timeout=None, proxies=None, verify=False,                     debug=0 </msg>
<arg>consultarAPI</arg>
<arg>${URL}</arg>
<doc>Create Session: create a HTTP session to a server</doc>
<status status="PASS" start="2024-05-30T22:14:45.200891" elapsed="0.000428"/>
</kw>
<status status="PASS" start="2024-05-30T22:14:45.199781" elapsed="0.001927"/>
</kw>
<status status="PASS" start="2024-05-30T22:14:45.199110" elapsed="0.002802"/>
</test>
<test id="s1-s1-t2" name="Validar retorno 200 e JSON Válido" line="16">
<kw name="Teste de Requisicao Basica" owner="random-user-service">
<kw name="GET On Session" owner="RequestsLibrary">
<msg time="2024-05-30T22:14:45.401117" level="INFO">GET Request : url=https://randomuser.me/api 
 path_url=/api 
 headers={'User-Agent': 'python-requests/2.32.3', 'Accept-Encoding': 'gzip, deflate', 'Accept': '*/*', 'Connection': 'keep-alive'} 
 body=None 
 </msg>
<msg time="2024-05-30T22:14:45.401283" level="INFO">GET Response : url=https://randomuser.me/api 
 status=200, reason=OK 
 headers={'Date': 'Thu, 30 May 2024 22:14:45 GMT', 'Content-Type': 'application/json; charset=utf-8', 'Transfer-Encoding': 'chunked', 'Connection': 'keep-alive', 'X-Powered-By': 'Express', 'Access-Control-Allow-Origin': '*', 'Cache-Control': 'no-cache', 'ETag': 'W/"49d-3A/eDDNDPr+NJCosNysuk9jhzdE"', 'Vary': 'Accept-Encoding', 'Content-Encoding': 'gzip', 'CF-Cache-Status': 'DYNAMIC', 'Report-To': '{"endpoints":[{"url":"https:\\/\\/a.nel.cloudflare.com\\/report\\/v4?s=VDTpYQHCwrY%2BCUBGFFcISEDuoh1xPK5gg0OAew9Wf4%2BeKbuCLYmxRDcePtbkLsEviNSXAS0CCPRpH%2FC%2FIx7YjjTmUAvth8o07yXYs7trQ4nwIbGnHniaLMdrE7xyUSQa"}],"group":"cf-nel","max_age":604800}', 'NEL': '{"success_fraction":0,"report_to":"cf-nel","max_age":604800}', 'Server': 'cloudflare', 'CF-RAY': '88c214356fbc9c61-IAD', 'alt-svc': 'h3=":443"; ma=86400'} 
 body={"results":[{"gender":"female","name":{"title":"Mrs","first":"Anfisa","last":"Filonenko"},"location":{"street":{"number":2619,"name":"Pinskiy provulok"},"city":"Pomichna","state":"Zhitomirska","country":"Ukraine","postcode":20427,"coordinates":{"latitude":"79.1785","longitude":"153.1959"},"timezone":{"offset":"+11:00","description":"Magadan, Solomon Islands, New Caledonia"}},"email":"anfisa.filonenko@example.com","login":{"uuid":"1e5f4bb3-187b-44bb-b4e4-048c8c8858f4","username":"brownbear371","password":"tornado","salt":"GCUtRR7p","md5":"53e7b56527d74fbf10881f772acd0ed5","sha1":"94c6c28812a205b9e03be40b87bccff953ba0b00","sha256":"4cb4a08ab928991b1d960b810cf268bc5d1b7154464521d1941fe0086e39d7e3"},"dob":{"date":"1975-03-28T00:19:20.294Z","age":49},"registered":{"date":"2017-12-28T18:31:21.982Z","age":6},"phone":"(098) N53-5933","cell":"(098) U39-1868","id":{"name":"","value":null},"picture":{"large":"https://randomuser.me/api/portraits/women/51.jpg","medium":"https://randomuser.me/api/portraits/med/women/51.jpg","thumbnail":"https://randomuser.me/api/portraits/thumb/women/51.jpg"},"nat":"UA"}],"info":{"seed":"0b8c113a2ea38d93","results":1,"page":1,"version":"1.4"}} 
 </msg>
<msg time="2024-05-30T22:14:45.401371" level="INFO">/opt/hostedtoolcache/Python/3.12.3/x64/lib/python3.12/site-packages/urllib3/connectionpool.py:1103: InsecureRequestWarning: Unverified HTTPS request is being made to host 'randomuser.me'. Adding certificate verification is strongly advised. See: https://urllib3.readthedocs.io/en/latest/advanced-usage.html#tls-warnings
  warnings.warn(</msg>
<msg time="2024-05-30T22:14:45.401534" level="INFO">${response} = &lt;Response [200]&gt;</msg>
<var>${response}</var>
<arg>consultarAPI</arg>
<arg>/api</arg>
<doc>Sends a GET request on a previously created HTTP Session.</doc>
<status status="PASS" start="2024-05-30T22:14:45.204747" elapsed="0.196833"/>
</kw>
<kw name="Should Be Equal As Numbers" owner="BuiltIn">
<msg time="2024-05-30T22:14:45.402792" level="INFO">Argument types are:
&lt;class 'int'&gt;
&lt;class 'str'&gt;</msg>
<arg>${response.status_code}</arg>
<arg>200</arg>
<doc>Fails if objects are unequal after converting them to real numbers.</doc>
<status status="PASS" start="2024-05-30T22:14:45.402250" elapsed="0.000615"/>
</kw>
<kw name="Log" owner="BuiltIn">
<msg time="2024-05-30T22:14:45.403656" level="INFO">200</msg>
<arg>${response.status_code}</arg>
<doc>Logs the given message with the given level.</doc>
<status status="PASS" start="2024-05-30T22:14:45.403268" elapsed="0.000439"/>
</kw>
<kw name="Set Variable" owner="BuiltIn">
<msg time="2024-05-30T22:14:45.404498" level="INFO">${json_data} = {'results': [{'gender': 'female', 'name': {'title': 'Mrs', 'first': 'Anfisa', 'last': 'Filonenko'}, 'location': {'street': {'number': 2619, 'name': 'Pinskiy provulok'}, 'city': 'Pomichna', 'state': 'Z...</msg>
<var>${json_data}</var>
<arg>${response.json()}</arg>
<doc>Returns the given values which can then be assigned to a variables.</doc>
<status status="PASS" start="2024-05-30T22:14:45.404048" elapsed="0.000479"/>
</kw>
<kw name="Dictionary Should Contain Key" owner="Collections">
<msg time="2024-05-30T22:14:45.405021" level="INFO">False</msg>
<arg>${json_data}</arg>
<arg>results</arg>
<doc>Fails if ``key`` is not found from ``dictionary``.</doc>
<status status="PASS" start="2024-05-30T22:14:45.404843" elapsed="0.000399"/>
</kw>
<status status="PASS" start="2024-05-30T22:14:45.204477" elapsed="0.201040"/>
</kw>
<doc>Testa se a API responde corretamente e retorna um objeto JSON válido.</doc>
<tag>testeRequisicaoBasica</tag>
<status status="PASS" start="2024-05-30T22:14:45.203908" elapsed="0.201798"/>
</test>
<test id="s1-s1-t3" name="Validar estrutura de resposta" line="22">
<kw name="Teste de Estrutura de Resposta" owner="random-user-service">
<kw name="GET On Session" owner="RequestsLibrary">
<msg time="2024-05-30T22:14:45.492357" level="INFO">GET Request : url=https://randomuser.me/api 
 path_url=/api 
 headers={'User-Agent': 'python-requests/2.32.3', 'Accept-Encoding': 'gzip, deflate', 'Accept': '*/*', 'Connection': 'keep-alive'} 
 body=None 
 </msg>
<msg time="2024-05-30T22:14:45.492465" level="INFO">GET Response : url=https://randomuser.me/api 
 status=200, reason=OK 
 headers={'Date': 'Thu, 30 May 2024 22:14:45 GMT', 'Content-Type': 'application/json; charset=utf-8', 'Transfer-Encoding': 'chunked', 'Connection': 'keep-alive', 'X-Powered-By': 'Express', 'Access-Control-Allow-Origin': '*', 'Cache-Control': 'no-cache', 'ETag': 'W/"49c-IeSbdG+ODvwlRYjD8SIxCHw7MqE"', 'Vary': 'Accept-Encoding', 'Content-Encoding': 'gzip', 'CF-Cache-Status': 'DYNAMIC', 'Report-To': '{"endpoints":[{"url":"https:\\/\\/a.nel.cloudflare.com\\/report\\/v4?s=4AiN6v31A9kwD1QuzFwb%2FMTfMo2xtRcpBwp26audP04asPTbGwBrj6xyPudKgKQwSejmQxsTPGupB%2BgKWn8F65%2F1Qpp03MBk2KwLQZM%2F%2BKVrPmNAkOd6JE7m0e4wzuwS"}],"group":"cf-nel","max_age":604800}', 'NEL': '{"success_fraction":0,"report_to":"cf-nel","max_age":604800}', 'Server': 'cloudflare', 'CF-RAY': '88c21435d8669c61-IAD', 'alt-svc': 'h3=":443"; ma=86400'} 
 body={"results":[{"gender":"male","name":{"title":"Mr","first":"Nêuton","last":"Nogueira"},"location":{"street":{"number":2836,"name":"Rua São Francisco "},"city":"Bragança Paulista","state":"Amazonas","country":"Brazil","postcode":59121,"coordinates":{"latitude":"-75.7533","longitude":"-93.7343"},"timezone":{"offset":"+6:00","description":"Almaty, Dhaka, Colombo"}},"email":"neuton.nogueira@example.com","login":{"uuid":"bac4b228-0011-41b1-9955-6bf43d2cb215","username":"greengoose489","password":"moonshin","salt":"adhgfQfg","md5":"ad246f5af6e454d47d1523992c720d8e","sha1":"b14ccc225a8375bc51073cc12b0165c68f769f05","sha256":"4ee2f0295a87b1bf9268d7fdc71086cbc62ed6dadca410c625b3c8e1cc110fce"},"dob":{"date":"1984-02-14T23:43:17.351Z","age":40},"registered":{"date":"2021-05-03T07:58:36.738Z","age":3},"phone":"(18) 1771-1367","cell":"(00) 3470-0504","id":{"name":"CPF","value":"587.333.817-14"},"picture":{"large":"https://randomuser.me/api/portraits/men/25.jpg","medium":"https://randomuser.me/api/portraits/med/men/25.jpg","thumbnail":"https://randomuser.me/api/portraits/thumb/men/25.jpg"},"nat":"BR"}],"info":{"seed":"70b28e47020ce796","results":1,"page":1,"version":"1.4"}} 
 </msg>
<msg time="2024-05-30T22:14:45.492605" level="INFO">/opt/hostedtoolcache/Python/3.12.3/x64/lib/python3.12/site-packages/urllib3/connectionpool.py:1103: InsecureRequestWarning: Unverified HTTPS request is being made to host 'randomuser.me'. Adding certificate verification is strongly advised. See: https://urllib3.readthedocs.io/en/latest/advanced-usage.html#tls-warnings
  warnings.warn(</msg>
<msg time="2024-05-30T22:14:45.492750" level="INFO">${response} = &lt;Response [200]&gt;</msg>
<var>${response}</var>
<arg>consultarAPI</arg>
<arg>/api</arg>
<doc>Sends a GET request on a previously created HTTP Session.</doc>
<status status="PASS" start="2024-05-30T22:14:45.408503" elapsed="0.084287"/>
</kw>
<kw name="Set Variable" owner="BuiltIn">
<msg time="2024-05-30T22:14:45.494049" level="INFO">${json_data} = {'results': [{'gender': 'male', 'name': {'title': 'Mr', 'first': 'Nêuton', 'last': 'Nogueira'}, 'location': {'street': {'number': 2836, 'name': 'Rua São Francisco '}, 'city': 'Bragança Paulista', 'sta...</msg>
<var>${json_data}</var>
<arg>${response.json()}</arg>
<doc>Returns the given values which can then be assigned to a variables.</doc>
<status status="PASS" start="2024-05-30T22:14:45.493436" elapsed="0.000644"/>
</kw>
<kw name="Log" owner="BuiltIn">
<msg time="2024-05-30T22:14:45.494633" level="INFO">{'results': [{'gender': 'male', 'name': {'title': 'Mr', 'first': 'Nêuton', 'last': 'Nogueira'}, 'location': {'street': {'number': 2836, 'name': 'Rua São Francisco '}, 'city': 'Bragança Paulista', 'state': 'Amazonas', 'country': 'Brazil', 'postcode': 59121, 'coordinates': {'latitude': '-75.7533', 'longitude': '-93.7343'}, 'timezone': {'offset': '+6:00', 'description': 'Almaty, Dhaka, Colombo'}}, 'email': 'neuton.nogueira@example.com', 'login': {'uuid': 'bac4b228-0011-41b1-9955-6bf43d2cb215', 'username': 'greengoose489', 'password': 'moonshin', 'salt': 'adhgfQfg', 'md5': 'ad246f5af6e454d47d1523992c720d8e', 'sha1': 'b14ccc225a8375bc51073cc12b0165c68f769f05', 'sha256': '4ee2f0295a87b1bf9268d7fdc71086cbc62ed6dadca410c625b3c8e1cc110fce'}, 'dob': {'date': '1984-02-14T23:43:17.351Z', 'age': 40}, 'registered': {'date': '2021-05-03T07:58:36.738Z', 'age': 3}, 'phone': '(18) 1771-1367', 'cell': '(00) 3470-0504', 'id': {'name': 'CPF', 'value': '587.333.817-14'}, 'picture': {'large': 'https://randomuser.me/api/portraits/men/25.jpg', 'medium': 'https://randomuser.me/api/portraits/med/men/25.jpg', 'thumbnail': 'https://randomuser.me/api/portraits/thumb/men/25.jpg'}, 'nat': 'BR'}], 'info': {'seed': '70b28e47020ce796', 'results': 1, 'page': 1, 'version': '1.4'}}</msg>
<arg>${json_data}</arg>
<doc>Logs the given message with the given level.</doc>
<status status="PASS" start="2024-05-30T22:14:45.494455" elapsed="0.000230"/>
</kw>
<kw name="Dictionary Should Contain Key" owner="Collections">
<msg time="2024-05-30T22:14:45.495225" level="INFO">False</msg>
<arg>${json_data}</arg>
<arg>results</arg>
<doc>Fails if ``key`` is not found from ``dictionary``.</doc>
<status status="PASS" start="2024-05-30T22:14:45.495059" elapsed="0.000209"/>
</kw>
<kw name="Should Not Be Empty" owner="BuiltIn">
<msg time="2024-05-30T22:14:45.495710" level="INFO">Length is 2.</msg>
<arg>${json_data}</arg>
<doc>Verifies that the given item is not empty.</doc>
<status status="PASS" start="2024-05-30T22:14:45.495575" elapsed="0.000174"/>
</kw>
<kw name="Create List" owner="BuiltIn">
<msg time="2024-05-30T22:14:45.496206" level="INFO">${expected_keys} = ['gender', 'name', 'location', 'email', 'login']</msg>
<var>${expected_keys}</var>
<arg>gender</arg>
<arg>name</arg>
<arg>location</arg>
<arg>email</arg>
<arg>login</arg>
<doc>Returns a list containing given items.</doc>
<status status="PASS" start="2024-05-30T22:14:45.496051" elapsed="0.000180"/>
</kw>
<for flavor="IN">
<iter>
<kw name="Dictionary Should Contain Key" owner="Collections">
<msg time="2024-05-30T22:14:45.497258" level="INFO">False</msg>
<arg>${json_data['results'][0]}</arg>
<arg>${key}</arg>
<doc>Fails if ``key`` is not found from ``dictionary``.</doc>
<status status="PASS" start="2024-05-30T22:14:45.496832" elapsed="0.000471"/>
</kw>
<kw name="Log" owner="BuiltIn">
<msg time="2024-05-30T22:14:45.498009" level="INFO">{'gender': 'male', 'name': {'title': 'Mr', 'first': 'Nêuton', 'last': 'Nogueira'}, 'location': {'street': {'number': 2836, 'name': 'Rua São Francisco '}, 'city': 'Bragança Paulista', 'state': 'Amazonas', 'country': 'Brazil', 'postcode': 59121, 'coordinates': {'latitude': '-75.7533', 'longitude': '-93.7343'}, 'timezone': {'offset': '+6:00', 'description': 'Almaty, Dhaka, Colombo'}}, 'email': 'neuton.nogueira@example.com', 'login': {'uuid': 'bac4b228-0011-41b1-9955-6bf43d2cb215', 'username': 'greengoose489', 'password': 'moonshin', 'salt': 'adhgfQfg', 'md5': 'ad246f5af6e454d47d1523992c720d8e', 'sha1': 'b14ccc225a8375bc51073cc12b0165c68f769f05', 'sha256': '4ee2f0295a87b1bf9268d7fdc71086cbc62ed6dadca410c625b3c8e1cc110fce'}, 'dob': {'date': '1984-02-14T23:43:17.351Z', 'age': 40}, 'registered': {'date': '2021-05-03T07:58:36.738Z', 'age': 3}, 'phone': '(18) 1771-1367', 'cell': '(00) 3470-0504', 'id': {'name': 'CPF', 'value': '587.333.817-14'}, 'picture': {'large': 'https://randomuser.me/api/portraits/men/25.jpg', 'medium': 'https://randomuser.me/api/portraits/med/men/25.jpg', 'thumbnail': 'https://randomuser.me/api/portraits/thumb/men/25.jpg'}, 'nat': 'BR'}</msg>
<arg>${json_data['results'][0]}</arg>
<doc>Logs the given message with the given level.</doc>
<status status="PASS" start="2024-05-30T22:14:45.497605" elapsed="0.000469"/>
</kw>
<kw name="Log" owner="BuiltIn">
<msg time="2024-05-30T22:14:45.498516" level="INFO">gender</msg>
<arg>${key}</arg>
<doc>Logs the given message with the given level.</doc>
<status status="PASS" start="2024-05-30T22:14:45.498385" elapsed="0.000170"/>
</kw>
<var name="${key}">gender</var>
<status status="PASS" start="2024-05-30T22:14:45.496702" elapsed="0.002098"/>
</iter>
<iter>
<kw name="Dictionary Should Contain Key" owner="Collections">
<msg time="2024-05-30T22:14:45.499522" level="INFO">False</msg>
<arg>${json_data['results'][0]}</arg>
<arg>${key}</arg>
<doc>Fails if ``key`` is not found from ``dictionary``.</doc>
<status status="PASS" start="2024-05-30T22:14:45.499122" elapsed="0.000439"/>
</kw>
<kw name="Log" owner="BuiltIn">
<msg time="2024-05-30T22:14:45.500261" level="INFO">{'gender': 'male', 'name': {'title': 'Mr', 'first': 'Nêuton', 'last': 'Nogueira'}, 'location': {'street': {'number': 2836, 'name': 'Rua São Francisco '}, 'city': 'Bragança Paulista', 'state': 'Amazonas', 'country': 'Brazil', 'postcode': 59121, 'coordinates': {'latitude': '-75.7533', 'longitude': '-93.7343'}, 'timezone': {'offset': '+6:00', 'description': 'Almaty, Dhaka, Colombo'}}, 'email': 'neuton.nogueira@example.com', 'login': {'uuid': 'bac4b228-0011-41b1-9955-6bf43d2cb215', 'username': 'greengoose489', 'password': 'moonshin', 'salt': 'adhgfQfg', 'md5': 'ad246f5af6e454d47d1523992c720d8e', 'sha1': 'b14ccc225a8375bc51073cc12b0165c68f769f05', 'sha256': '4ee2f0295a87b1bf9268d7fdc71086cbc62ed6dadca410c625b3c8e1cc110fce'}, 'dob': {'date': '1984-02-14T23:43:17.351Z', 'age': 40}, 'registered': {'date': '2021-05-03T07:58:36.738Z', 'age': 3}, 'phone': '(18) 1771-1367', 'cell': '(00) 3470-0504', 'id': {'name': 'CPF', 'value': '587.333.817-14'}, 'picture': {'large': 'https://randomuser.me/api/portraits/men/25.jpg', 'medium': 'https://randomuser.me/api/portraits/med/men/25.jpg', 'thumbnail': 'https://randomuser.me/api/portraits/thumb/men/25.jpg'}, 'nat': 'BR'}</msg>
<arg>${json_data['results'][0]}</arg>
<doc>Logs the given message with the given level.</doc>
<status status="PASS" start="2024-05-30T22:14:45.499888" elapsed="0.000424"/>
</kw>
<kw name="Log" owner="BuiltIn">
<msg time="2024-05-30T22:14:45.500740" level="INFO">name</msg>
<arg>${key}</arg>
<doc>Logs the given message with the given level.</doc>
<status status="PASS" start="2024-05-30T22:14:45.500613" elapsed="0.000164"/>
</kw>
<var name="${key}">name</var>
<status status="PASS" start="2024-05-30T22:14:45.499004" elapsed="0.001994"/>
</iter>
<iter>
<kw name="Dictionary Should Contain Key" owner="Collections">
<msg time="2024-05-30T22:14:45.501682" level="INFO">False</msg>
<arg>${json_data['results'][0]}</arg>
<arg>${key}</arg>
<doc>Fails if ``key`` is not found from ``dictionary``.</doc>
<status status="PASS" start="2024-05-30T22:14:45.501296" elapsed="0.000425"/>
</kw>
<kw name="Log" owner="BuiltIn">
<msg time="2024-05-30T22:14:45.502399" level="INFO">{'gender': 'male', 'name': {'title': 'Mr', 'first': 'Nêuton', 'last': 'Nogueira'}, 'location': {'street': {'number': 2836, 'name': 'Rua São Francisco '}, 'city': 'Bragança Paulista', 'state': 'Amazonas', 'country': 'Brazil', 'postcode': 59121, 'coordinates': {'latitude': '-75.7533', 'longitude': '-93.7343'}, 'timezone': {'offset': '+6:00', 'description': 'Almaty, Dhaka, Colombo'}}, 'email': 'neuton.nogueira@example.com', 'login': {'uuid': 'bac4b228-0011-41b1-9955-6bf43d2cb215', 'username': 'greengoose489', 'password': 'moonshin', 'salt': 'adhgfQfg', 'md5': 'ad246f5af6e454d47d1523992c720d8e', 'sha1': 'b14ccc225a8375bc51073cc12b0165c68f769f05', 'sha256': '4ee2f0295a87b1bf9268d7fdc71086cbc62ed6dadca410c625b3c8e1cc110fce'}, 'dob': {'date': '1984-02-14T23:43:17.351Z', 'age': 40}, 'registered': {'date': '2021-05-03T07:58:36.738Z', 'age': 3}, 'phone': '(18) 1771-1367', 'cell': '(00) 3470-0504', 'id': {'name': 'CPF', 'value': '587.333.817-14'}, 'picture': {'large': 'https://randomuser.me/api/portraits/men/25.jpg', 'medium': 'https://randomuser.me/api/portraits/med/men/25.jpg', 'thumbnail': 'https://randomuser.me/api/portraits/thumb/men/25.jpg'}, 'nat': 'BR'}</msg>
<arg>${json_data['results'][0]}</arg>
<doc>Logs the given message with the given level.</doc>
<status status="PASS" start="2024-05-30T22:14:45.502031" elapsed="0.000419"/>
</kw>
<kw name="Log" owner="BuiltIn">
<msg time="2024-05-30T22:14:45.502917" level="INFO">location</msg>
<arg>${key}</arg>
<doc>Logs the given message with the given level.</doc>
<status status="PASS" start="2024-05-30T22:14:45.502785" elapsed="0.000169"/>
</kw>
<var name="${key}">location</var>
<status status="PASS" start="2024-05-30T22:14:45.501183" elapsed="0.001990"/>
</iter>
<iter>
<kw name="Dictionary Should Contain Key" owner="Collections">
<msg time="2024-05-30T22:14:45.503969" level="INFO">False</msg>
<arg>${json_data['results'][0]}</arg>
<arg>${key}</arg>
<doc>Fails if ``key`` is not found from ``dictionary``.</doc>
<status status="PASS" start="2024-05-30T22:14:45.503462" elapsed="0.000547"/>
</kw>
<kw name="Log" owner="BuiltIn">
<msg time="2024-05-30T22:14:45.504677" level="INFO">{'gender': 'male', 'name': {'title': 'Mr', 'first': 'Nêuton', 'last': 'Nogueira'}, 'location': {'street': {'number': 2836, 'name': 'Rua São Francisco '}, 'city': 'Bragança Paulista', 'state': 'Amazonas', 'country': 'Brazil', 'postcode': 59121, 'coordinates': {'latitude': '-75.7533', 'longitude': '-93.7343'}, 'timezone': {'offset': '+6:00', 'description': 'Almaty, Dhaka, Colombo'}}, 'email': 'neuton.nogueira@example.com', 'login': {'uuid': 'bac4b228-0011-41b1-9955-6bf43d2cb215', 'username': 'greengoose489', 'password': 'moonshin', 'salt': 'adhgfQfg', 'md5': 'ad246f5af6e454d47d1523992c720d8e', 'sha1': 'b14ccc225a8375bc51073cc12b0165c68f769f05', 'sha256': '4ee2f0295a87b1bf9268d7fdc71086cbc62ed6dadca410c625b3c8e1cc110fce'}, 'dob': {'date': '1984-02-14T23:43:17.351Z', 'age': 40}, 'registered': {'date': '2021-05-03T07:58:36.738Z', 'age': 3}, 'phone': '(18) 1771-1367', 'cell': '(00) 3470-0504', 'id': {'name': 'CPF', 'value': '587.333.817-14'}, 'picture': {'large': 'https://randomuser.me/api/portraits/men/25.jpg', 'medium': 'https://randomuser.me/api/portraits/med/men/25.jpg', 'thumbnail': 'https://randomuser.me/api/portraits/thumb/men/25.jpg'}, 'nat': 'BR'}</msg>
<arg>${json_data['results'][0]}</arg>
<doc>Logs the given message with the given level.</doc>
<status status="PASS" start="2024-05-30T22:14:45.504314" elapsed="0.000414"/>
</kw>
<kw name="Log" owner="BuiltIn">
<msg time="2024-05-30T22:14:45.505155" level="INFO">email</msg>
<arg>${key}</arg>
<doc>Logs the given message with the given level.</doc>
<status status="PASS" start="2024-05-30T22:14:45.505028" elapsed="0.000164"/>
</kw>
<var name="${key}">email</var>
<status status="PASS" start="2024-05-30T22:14:45.503350" elapsed="0.002054"/>
</iter>
<iter>
<kw name="Dictionary Should Contain Key" owner="Collections">
<msg time="2024-05-30T22:14:45.506097" level="INFO">False</msg>
<arg>${json_data['results'][0]}</arg>
<arg>${key}</arg>
<doc>Fails if ``key`` is not found from ``dictionary``.</doc>
<status status="PASS" start="2024-05-30T22:14:45.505710" elapsed="0.000425"/>
</kw>
<kw name="Log" owner="BuiltIn">
<msg time="2024-05-30T22:14:45.506822" level="INFO">{'gender': 'male', 'name': {'title': 'Mr', 'first': 'Nêuton', 'last': 'Nogueira'}, 'location': {'street': {'number': 2836, 'name': 'Rua São Francisco '}, 'city': 'Bragança Paulista', 'state': 'Amazonas', 'country': 'Brazil', 'postcode': 59121, 'coordinates': {'latitude': '-75.7533', 'longitude': '-93.7343'}, 'timezone': {'offset': '+6:00', 'description': 'Almaty, Dhaka, Colombo'}}, 'email': 'neuton.nogueira@example.com', 'login': {'uuid': 'bac4b228-0011-41b1-9955-6bf43d2cb215', 'username': 'greengoose489', 'password': 'moonshin', 'salt': 'adhgfQfg', 'md5': 'ad246f5af6e454d47d1523992c720d8e', 'sha1': 'b14ccc225a8375bc51073cc12b0165c68f769f05', 'sha256': '4ee2f0295a87b1bf9268d7fdc71086cbc62ed6dadca410c625b3c8e1cc110fce'}, 'dob': {'date': '1984-02-14T23:43:17.351Z', 'age': 40}, 'registered': {'date': '2021-05-03T07:58:36.738Z', 'age': 3}, 'phone': '(18) 1771-1367', 'cell': '(00) 3470-0504', 'id': {'name': 'CPF', 'value': '587.333.817-14'}, 'picture': {'large': 'https://randomuser.me/api/portraits/men/25.jpg', 'medium': 'https://randomuser.me/api/portraits/med/men/25.jpg', 'thumbnail': 'https://randomuser.me/api/portraits/thumb/men/25.jpg'}, 'nat': 'BR'}</msg>
<arg>${json_data['results'][0]}</arg>
<doc>Logs the given message with the given level.</doc>
<status status="PASS" start="2024-05-30T22:14:45.506434" elapsed="0.000448"/>
</kw>
<kw name="Log" owner="BuiltIn">
<msg time="2024-05-30T22:14:45.507307" level="INFO">login</msg>
<arg>${key}</arg>
<doc>Logs the given message with the given level.</doc>
<status status="PASS" start="2024-05-30T22:14:45.507180" elapsed="0.000165"/>
</kw>
<var name="${key}">login</var>
<status status="PASS" start="2024-05-30T22:14:45.505576" elapsed="0.002010"/>
</iter>
<var>${key}</var>
<value>@{expected_keys}</value>
<status status="PASS" start="2024-05-30T22:14:45.496500" elapsed="0.011222"/>
</for>
<kw name="Create List" owner="BuiltIn">
<msg time="2024-05-30T22:14:45.508109" level="INFO">${expected_keysTwo} = ['username', 'password']</msg>
<var>${expected_keysTwo}</var>
<arg>username</arg>
<arg>password</arg>
<doc>Returns a list containing given items.</doc>
<status status="PASS" start="2024-05-30T22:14:45.507959" elapsed="0.000176"/>
</kw>
<for flavor="IN">
<iter>
<kw name="Dictionary Should Contain Key" owner="Collections">
<msg time="2024-05-30T22:14:45.509026" level="INFO">False</msg>
<arg>${json_data['results'][0]['login']}</arg>
<arg>${keyTwo}</arg>
<doc>Fails if ``key`` is not found from ``dictionary``.</doc>
<status status="PASS" start="2024-05-30T22:14:45.508643" elapsed="0.000420"/>
</kw>
<kw name="Dictionary Should Contain Key" owner="Collections">
<msg time="2024-05-30T22:14:45.509733" level="INFO">False</msg>
<arg>${json_data['results'][0]['login']}</arg>
<arg>${keyTwo}</arg>
<doc>Fails if ``key`` is not found from ``dictionary``.</doc>
<status status="PASS" start="2024-05-30T22:14:45.509359" elapsed="0.000412"/>
</kw>
<kw name="Log" owner="BuiltIn">
<msg time="2024-05-30T22:14:45.510188" level="INFO">username</msg>
<arg>${keyTwo}</arg>
<doc>Logs the given message with the given level.</doc>
<status status="PASS" start="2024-05-30T22:14:45.510063" elapsed="0.000162"/>
</kw>
<var name="${keyTwo}">username</var>
<status status="PASS" start="2024-05-30T22:14:45.508534" elapsed="0.001909"/>
</iter>
<iter>
<kw name="Dictionary Should Contain Key" owner="Collections">
<msg time="2024-05-30T22:14:45.511147" level="INFO">False</msg>
<arg>${json_data['results'][0]['login']}</arg>
<arg>${keyTwo}</arg>
<doc>Fails if ``key`` is not found from ``dictionary``.</doc>
<status status="PASS" start="2024-05-30T22:14:45.510762" elapsed="0.000422"/>
</kw>
<kw name="Dictionary Should Contain Key" owner="Collections">
<msg time="2024-05-30T22:14:45.511865" level="INFO">False</msg>
<arg>${json_data['results'][0]['login']}</arg>
<arg>${keyTwo}</arg>
<doc>Fails if ``key`` is not found from ``dictionary``.</doc>
<status status="PASS" start="2024-05-30T22:14:45.511479" elapsed="0.000423"/>
</kw>
<kw name="Log" owner="BuiltIn">
<msg time="2024-05-30T22:14:45.512319" level="INFO">password</msg>
<arg>${keyTwo}</arg>
<doc>Logs the given message with the given level.</doc>
<status status="PASS" start="2024-05-30T22:14:45.512195" elapsed="0.000162"/>
</kw>
<var name="${keyTwo}">password</var>
<status status="PASS" start="2024-05-30T22:14:45.510615" elapsed="0.001953"/>
</iter>
<var>${keyTwo}</var>
<value>@{expected_keysTwo}</value>
<status status="PASS" start="2024-05-30T22:14:45.508379" elapsed="0.004308"/>
</for>
<status status="PASS" start="2024-05-30T22:14:45.408252" elapsed="0.104576"/>
</kw>
<doc>Testa a estrutura da resposta da API.</doc>
<tag>testeEstruturaResposta</tag>
<status status="PASS" start="2024-05-30T22:14:45.407624" elapsed="0.105364"/>
</test>
<test id="s1-s1-t4" name="Validar tipos de dados" line="28">
<kw name="Teste de Tipos de Dados" owner="random-user-service">
<kw name="GET On Session" owner="RequestsLibrary">
<msg time="2024-05-30T22:14:45.600342" level="INFO">GET Request : url=https://randomuser.me/api 
 path_url=/api 
 headers={'User-Agent': 'python-requests/2.32.3', 'Accept-Encoding': 'gzip, deflate', 'Accept': '*/*', 'Connection': 'keep-alive'} 
 body=None 
 </msg>
<msg time="2024-05-30T22:14:45.600449" level="INFO">GET Response : url=https://randomuser.me/api 
 status=200, reason=OK 
 headers={'Date': 'Thu, 30 May 2024 22:14:45 GMT', 'Content-Type': 'application/json; charset=utf-8', 'Transfer-Encoding': 'chunked', 'Connection': 'keep-alive', 'X-Powered-By': 'Express', 'Access-Control-Allow-Origin': '*', 'Cache-Control': 'no-cache', 'ETag': 'W/"4ac-J/egRyGB+DfVzB3fkMSQdWqa3EE"', 'Vary': 'Accept-Encoding', 'Content-Encoding': 'gzip', 'CF-Cache-Status': 'DYNAMIC', 'Report-To': '{"endpoints":[{"url":"https:\\/\\/a.nel.cloudflare.com\\/report\\/v4?s=k623urBoQ507aJjpbablff%2BohhoqPFd0%2FXP%2BNbfRccK69RsqjB3lahroAPDl6DFY%2F1Rjsh55mXrk4wH11yFWiCpMf7uR1s0f%2FX0ZiPTWRlufRCqnSMdzAjEXDIyVX%2BhQ"}],"group":"cf-nel","max_age":604800}', 'NEL': '{"success_fraction":0,"report_to":"cf-nel","max_age":604800}', 'Server': 'cloudflare', 'CF-RAY': '88c21436793f9c61-IAD', 'alt-svc': 'h3=":443"; ma=86400'} 
 body={"results":[{"gender":"female","name":{"title":"Ms","first":"Yasmin","last":"Jüngling"},"location":{"street":{"number":6567,"name":"Hauptstraße"},"city":"Heimsheim","state":"Rheinland-Pfalz","country":"Germany","postcode":57765,"coordinates":{"latitude":"-48.6505","longitude":"113.8427"},"timezone":{"offset":"+8:00","description":"Beijing, Perth, Singapore, Hong Kong"}},"email":"yasmin.jungling@example.com","login":{"uuid":"f6fda65a-81cd-4ba7-8429-988888dd3387","username":"organicmeercat567","password":"bulldog","salt":"hXYTQCqs","md5":"2d6b979ec990704856d83ecbc1c84dfe","sha1":"8142c4e343ca4317c37447dde7e7ff45ee85ece3","sha256":"c8d1dcbbcc7b9ae17a84200f3528b2a32dbf8570486f6011cba3ca7e4f17298f"},"dob":{"date":"1976-01-12T03:47:31.246Z","age":48},"registered":{"date":"2012-09-08T01:08:22.592Z","age":11},"phone":"0588-1254916","cell":"0175-6969712","id":{"name":"SVNR","value":"49 110176 J 508"},"picture":{"large":"https://randomuser.me/api/portraits/women/51.jpg","medium":"https://randomuser.me/api/portraits/med/women/51.jpg","thumbnail":"https://randomuser.me/api/portraits/thumb/women/51.jpg"},"nat":"DE"}],"info":{"seed":"ae88daaa116fb375","results":1,"page":1,"version":"1.4"}} 
 </msg>
<msg time="2024-05-30T22:14:45.600529" level="INFO">/opt/hostedtoolcache/Python/3.12.3/x64/lib/python3.12/site-packages/urllib3/connectionpool.py:1103: InsecureRequestWarning: Unverified HTTPS request is being made to host 'randomuser.me'. Adding certificate verification is strongly advised. See: https://urllib3.readthedocs.io/en/latest/advanced-usage.html#tls-warnings
  warnings.warn(</msg>
<msg time="2024-05-30T22:14:45.600665" level="INFO">${response} = &lt;Response [200]&gt;</msg>
<var>${response}</var>
<arg>consultarAPI</arg>
<arg>/api</arg>
<doc>Sends a GET request on a previously created HTTP Session.</doc>
<status status="PASS" start="2024-05-30T22:14:45.515576" elapsed="0.085128"/>
</kw>
<kw name="Set Variable" owner="BuiltIn">
<msg time="2024-05-30T22:14:45.601798" level="INFO">${json_data} = {'results': [{'gender': 'female', 'name': {'title': 'Ms', 'first': 'Yasmin', 'last': 'Jüngling'}, 'location': {'street': {'number': 6567, 'name': 'Hauptstraße'}, 'city': 'Heimsheim', 'state': 'Rheinla...</msg>
<var>${json_data}</var>
<arg>${response.json()}</arg>
<doc>Returns the given values which can then be assigned to a variables.</doc>
<status status="PASS" start="2024-05-30T22:14:45.601249" elapsed="0.000581"/>
</kw>
<kw name="Log" owner="BuiltIn">
<msg time="2024-05-30T22:14:45.602390" level="INFO">{'results': [{'gender': 'female', 'name': {'title': 'Ms', 'first': 'Yasmin', 'last': 'Jüngling'}, 'location': {'street': {'number': 6567, 'name': 'Hauptstraße'}, 'city': 'Heimsheim', 'state': 'Rheinland-Pfalz', 'country': 'Germany', 'postcode': 57765, 'coordinates': {'latitude': '-48.6505', 'longitude': '113.8427'}, 'timezone': {'offset': '+8:00', 'description': 'Beijing, Perth, Singapore, Hong Kong'}}, 'email': 'yasmin.jungling@example.com', 'login': {'uuid': 'f6fda65a-81cd-4ba7-8429-988888dd3387', 'username': 'organicmeercat567', 'password': 'bulldog', 'salt': 'hXYTQCqs', 'md5': '2d6b979ec990704856d83ecbc1c84dfe', 'sha1': '8142c4e343ca4317c37447dde7e7ff45ee85ece3', 'sha256': 'c8d1dcbbcc7b9ae17a84200f3528b2a32dbf8570486f6011cba3ca7e4f17298f'}, 'dob': {'date': '1976-01-12T03:47:31.246Z', 'age': 48}, 'registered': {'date': '2012-09-08T01:08:22.592Z', 'age': 11}, 'phone': '0588-1254916', 'cell': '0175-6969712', 'id': {'name': 'SVNR', 'value': '49 110176 J 508'}, 'picture': {'large': 'https://randomuser.me/api/portraits/women/51.jpg', 'medium': 'https://randomuser.me/api/portraits/med/women/51.jpg', 'thumbnail': 'https://randomuser.me/api/portraits/thumb/women/51.jpg'}, 'nat': 'DE'}], 'info': {'seed': 'ae88daaa116fb375', 'results': 1, 'page': 1, 'version': '1.4'}}</msg>
<arg>${json_data}</arg>
<doc>Logs the given message with the given level.</doc>
<status status="PASS" start="2024-05-30T22:14:45.602207" elapsed="0.000272"/>
</kw>
<kw name="Should Be String" owner="String">
<arg>${json_data['results'][0]['gender']}</arg>
<doc>Fails if the given ``item`` is not a string.</doc>
<status status="PASS" start="2024-05-30T22:14:45.602855" elapsed="0.000397"/>
</kw>
<kw name="Should Match Regexp" owner="BuiltIn">
<arg>${json_data['results'][0]['email']}</arg>
<arg>^[a-zA-Z0-9._%+-]+@[a-zA-Z0-9.-]+\.[a-zA-Z]{2,}$</arg>
<doc>Fails if ``string`` does not match ``pattern`` as a regular expression.</doc>
<status status="PASS" start="2024-05-30T22:14:45.603451" elapsed="0.000696"/>
</kw>
<kw name="Should Match Regexp" owner="BuiltIn">
<arg>${json_data['results'][0]['dob']['date']}</arg>
<arg>\\d{4}-\\d{2}-\\d{2}T\\d{2}:\\d{2}:\\d{2}\\.\\d{3}Z</arg>
<doc>Fails if ``string`` does not match ``pattern`` as a regular expression.</doc>
<status status="PASS" start="2024-05-30T22:14:45.604356" elapsed="0.000510"/>
</kw>
<kw name="Should Match Regexp" owner="BuiltIn">
<arg>${json_data['results'][0]['registered']['date']}</arg>
<arg>\\d{4}-\\d{2}-\\d{2}T\\d{2}:\\d{2}:\\d{2}\\.\\d{3}Z</arg>
<doc>Fails if ``string`` does not match ``pattern`` as a regular expression.</doc>
<status status="PASS" start="2024-05-30T22:14:45.605067" elapsed="0.000373"/>
</kw>
<kw name="Should Match Regexp" owner="BuiltIn">
<arg>${json_data['results'][0]['picture']['large']}</arg>
<arg>^https?://.*\.(?:png|jpe?g|gif|bmp)$</arg>
<doc>Fails if ``string`` does not match ``pattern`` as a regular expression.</doc>
<status status="PASS" start="2024-05-30T22:14:45.605632" elapsed="0.000463"/>
</kw>
<kw name="Should Match Regexp" owner="BuiltIn">
<arg>${json_data['results'][0]['picture']['medium']}</arg>
<arg>^https?://.*\.(?:png|jpe?g|gif|bmp)$</arg>
<doc>Fails if ``string`` does not match ``pattern`` as a regular expression.</doc>
<status status="PASS" start="2024-05-30T22:14:45.606287" elapsed="0.000349"/>
</kw>
<kw name="Should Match Regexp" owner="BuiltIn">
<arg>${json_data['results'][0]['picture']['thumbnail']}</arg>
<arg>^https?://.*\.(?:png|jpe?g|gif|bmp)$</arg>
<doc>Fails if ``string`` does not match ``pattern`` as a regular expression.</doc>
<status status="PASS" start="2024-05-30T22:14:45.606853" elapsed="0.000345"/>
</kw>
<kw name="Log" owner="BuiltIn">
<msg time="2024-05-30T22:14:45.607702" level="INFO">{'large': 'https://randomuser.me/api/portraits/women/51.jpg', 'medium': 'https://randomuser.me/api/portraits/med/women/51.jpg', 'thumbnail': 'https://randomuser.me/api/portraits/thumb/women/51.jpg'}</msg>
<arg>${json_data['results'][0]['picture']}</arg>
<doc>Logs the given message with the given level.</doc>
<status status="PASS" start="2024-05-30T22:14:45.607380" elapsed="0.000364"/>
</kw>
<status status="PASS" start="2024-05-30T22:14:45.515338" elapsed="0.092671"/>
</kw>
<kw name="Teste de Tipos de Dados - Postcode" owner="random-user-service">
<kw name="GET On Session" owner="RequestsLibrary">
<msg time="2024-05-30T22:14:45.699037" level="INFO">GET Request : url=https://randomuser.me/api 
 path_url=/api 
 headers={'User-Agent': 'python-requests/2.32.3', 'Accept-Encoding': 'gzip, deflate', 'Accept': '*/*', 'Connection': 'keep-alive'} 
 body=None 
 </msg>
<msg time="2024-05-30T22:14:45.699152" level="INFO">GET Response : url=https://randomuser.me/api 
 status=200, reason=OK 
 headers={'Date': 'Thu, 30 May 2024 22:14:45 GMT', 'Content-Type': 'application/json; charset=utf-8', 'Transfer-Encoding': 'chunked', 'Connection': 'keep-alive', 'X-Powered-By': 'Express', 'Access-Control-Allow-Origin': '*', 'Cache-Control': 'no-cache', 'ETag': 'W/"48c-cTo7fGb3ERB5rBiSmsF4Re2g0gk"', 'Vary': 'Accept-Encoding', 'Content-Encoding': 'gzip', 'CF-Cache-Status': 'DYNAMIC', 'Report-To': '{"endpoints":[{"url":"https:\\/\\/a.nel.cloudflare.com\\/report\\/v4?s=yYcJcVhYSX6vlynGzhFC%2FxrGCGtGArY6lolrxeDkqxLyvdBe%2B%2BiZ4N4d4PxAuaVfhRKQ9Hy8loiVeakp6460ljQwA0BW%2BepQ5Ya6GFa0UxEj%2BuUFouc%2BQ8LUl6Ad07Jy"}],"group":"cf-nel","max_age":604800}', 'NEL': '{"success_fraction":0,"report_to":"cf-nel","max_age":604800}', 'Server': 'cloudflare', 'CF-RAY': '88c214370a5e9c61-IAD', 'alt-svc': 'h3=":443"; ma=86400'} 
 body={"results":[{"gender":"male","name":{"title":"Mr","first":"Ahmet","last":"Çörekçi"},"location":{"street":{"number":9639,"name":"Tunalı Hilmi Cd"},"city":"Aksaray","state":"Yozgat","country":"Turkey","postcode":94383,"coordinates":{"latitude":"67.6643","longitude":"-148.2267"},"timezone":{"offset":"-5:00","description":"Eastern Time (US &amp; Canada), Bogota, Lima"}},"email":"ahmet.corekci@example.com","login":{"uuid":"0e4faddf-4cb0-4825-85b7-868f0695325b","username":"redkoala557","password":"fullback","salt":"rXScHiwW","md5":"d5373d8d379ccd56222b304d47d12e5c","sha1":"7a64e00c4f43b8aa11bc3bed35eb2ef761346e84","sha256":"768daa4bd74cdabfbf5b8b019986ae74112628d99c1b55e1f02209906b8b2514"},"dob":{"date":"1968-06-23T23:34:58.751Z","age":55},"registered":{"date":"2013-05-03T00:42:44.339Z","age":11},"phone":"(045)-321-3709","cell":"(663)-566-3808","id":{"name":"","value":null},"picture":{"large":"https://randomuser.me/api/portraits/men/94.jpg","medium":"https://randomuser.me/api/portraits/med/men/94.jpg","thumbnail":"https://randomuser.me/api/portraits/thumb/men/94.jpg"},"nat":"TR"}],"info":{"seed":"52b475290eeb25e3","results":1,"page":1,"version":"1.4"}} 
 </msg>
<msg time="2024-05-30T22:14:45.699242" level="INFO">/opt/hostedtoolcache/Python/3.12.3/x64/lib/python3.12/site-packages/urllib3/connectionpool.py:1103: InsecureRequestWarning: Unverified HTTPS request is being made to host 'randomuser.me'. Adding certificate verification is strongly advised. See: https://urllib3.readthedocs.io/en/latest/advanced-usage.html#tls-warnings
  warnings.warn(</msg>
<msg time="2024-05-30T22:14:45.699378" level="INFO">${response} = &lt;Response [200]&gt;</msg>
<var>${response}</var>
<arg>consultarAPI</arg>
<arg>/api</arg>
<doc>Sends a GET request on a previously created HTTP Session.</doc>
<status status="PASS" start="2024-05-30T22:14:45.608469" elapsed="0.090959"/>
</kw>
<kw name="Set Variable" owner="BuiltIn">
<msg time="2024-05-30T22:14:45.700716" level="INFO">${json_data} = {'results': [{'gender': 'male', 'name': {'title': 'Mr', 'first': 'Ahmet', 'last': 'Çörekçi'}, 'location': {'street': {'number': 9639, 'name': 'Tunalı Hilmi Cd'}, 'city': 'Aksaray', 'state': 'Yozgat', ...</msg>
<var>${json_data}</var>
<arg>${response.json()}</arg>
<doc>Returns the given values which can then be assigned to a variables.</doc>
<status status="PASS" start="2024-05-30T22:14:45.700112" elapsed="0.000636"/>
</kw>
<kw name="Log" owner="BuiltIn">
<msg time="2024-05-30T22:14:45.701275" level="INFO">{'results': [{'gender': 'male', 'name': {'title': 'Mr', 'first': 'Ahmet', 'last': 'Çörekçi'}, 'location': {'street': {'number': 9639, 'name': 'Tunalı Hilmi Cd'}, 'city': 'Aksaray', 'state': 'Yozgat', 'country': 'Turkey', 'postcode': 94383, 'coordinates': {'latitude': '67.6643', 'longitude': '-148.2267'}, 'timezone': {'offset': '-5:00', 'description': 'Eastern Time (US &amp; Canada), Bogota, Lima'}}, 'email': 'ahmet.corekci@example.com', 'login': {'uuid': '0e4faddf-4cb0-4825-85b7-868f0695325b', 'username': 'redkoala557', 'password': 'fullback', 'salt': 'rXScHiwW', 'md5': 'd5373d8d379ccd56222b304d47d12e5c', 'sha1': '7a64e00c4f43b8aa11bc3bed35eb2ef761346e84', 'sha256': '768daa4bd74cdabfbf5b8b019986ae74112628d99c1b55e1f02209906b8b2514'}, 'dob': {'date': '1968-06-23T23:34:58.751Z', 'age': 55}, 'registered': {'date': '2013-05-03T00:42:44.339Z', 'age': 11}, 'phone': '(045)-321-3709', 'cell': '(663)-566-3808', 'id': {'name': '', 'value': None}, 'picture': {'large': 'https://randomuser.me/api/portraits/men/94.jpg', 'medium': 'https://randomuser.me/api/portraits/med/men/94.jpg', 'thumbnail': 'https://randomuser.me/api/portraits/thumb/men/94.jpg'}, 'nat': 'TR'}], 'info': {'seed': '52b475290eeb25e3', 'results': 1, 'page': 1, 'version': '1.4'}}</msg>
<arg>${json_data}</arg>
<doc>Logs the given message with the given level.</doc>
<status status="PASS" start="2024-05-30T22:14:45.701103" elapsed="0.000263"/>
</kw>
<kw name="Should Be Equal As Numbers" owner="BuiltIn">
<arg>${json_data['results'][0]['location']['postcode']}</arg>
<arg>${json_data['results'][0]['location']['postcode']}</arg>
<doc>Fails if objects are unequal after converting them to real numbers.</doc>
<status status="PASS" start="2024-05-30T22:14:45.701681" elapsed="0.000651"/>
</kw>
<kw name="Log" owner="BuiltIn">
<msg time="2024-05-30T22:14:45.702912" level="INFO">94383</msg>
<arg>${json_data['results'][0]['location']['postcode']}</arg>
<doc>Logs the given message with the given level.</doc>
<status status="PASS" start="2024-05-30T22:14:45.702531" elapsed="0.000425"/>
</kw>
<status status="PASS" start="2024-05-30T22:14:45.608240" elapsed="0.094977"/>
</kw>
<doc>Testa se os tipos de dados na resposta da API estão corretos.</doc>
<tag>testeTiposDados</tag>
<status status="PASS" start="2024-05-30T22:14:45.514785" elapsed="0.188603"/>
</test>
<test id="s1-s1-t5" name="Validar conteudo" line="35">
<kw name="Teste de Tipos de Conteudo" owner="random-user-service">
<kw name="GET On Session" owner="RequestsLibrary">
<msg time="2024-05-30T22:14:45.793336" level="INFO">GET Request : url=https://randomuser.me/api 
 path_url=/api 
 headers={'User-Agent': 'python-requests/2.32.3', 'Accept-Encoding': 'gzip, deflate', 'Accept': '*/*', 'Connection': 'keep-alive'} 
 body=None 
 </msg>
<msg time="2024-05-30T22:14:45.793447" level="INFO">GET Response : url=https://randomuser.me/api 
 status=200, reason=OK 
 headers={'Date': 'Thu, 30 May 2024 22:14:45 GMT', 'Content-Type': 'application/json; charset=utf-8', 'Transfer-Encoding': 'chunked', 'Connection': 'keep-alive', 'X-Powered-By': 'Express', 'Access-Control-Allow-Origin': '*', 'Cache-Control': 'no-cache', 'ETag': 'W/"48c-z0EC0KwyjJRM/7iZEr9PC61dQLs"', 'Vary': 'Accept-Encoding', 'Content-Encoding': 'gzip', 'CF-Cache-Status': 'DYNAMIC', 'Report-To': '{"endpoints":[{"url":"https:\\/\\/a.nel.cloudflare.com\\/report\\/v4?s=G6ytuqduY2x%2FYWTZ0YnFmehNzgYcn06S%2BRPWnFGMav07QZHTlx3iwMN7WAfhHBQOpBMxvdTJyBsZoambQx4Wk0R6PaH4NGlTrCn8hKjYpGozMufdWtpOzu2iAF8JsCmW"}],"group":"cf-nel","max_age":604800}', 'NEL': '{"success_fraction":0,"report_to":"cf-nel","max_age":604800}', 'Server': 'cloudflare', 'CF-RAY': '88c21437ab319c61-IAD', 'alt-svc': 'h3=":443"; ma=86400'} 
 body={"results":[{"gender":"male","name":{"title":"Mr","first":"Arron","last":"Rodriquez"},"location":{"street":{"number":6664,"name":"Pockrus Page Rd"},"city":"West Valley City","state":"Minnesota","country":"United States","postcode":93495,"coordinates":{"latitude":"87.2788","longitude":"-169.7405"},"timezone":{"offset":"+5:45","description":"Kathmandu"}},"email":"arron.rodriquez@example.com","login":{"uuid":"1cbaaf7e-3ebf-4b3b-bf86-2fde7ce32da1","username":"lazygorilla249","password":"wordup","salt":"p4U0TmQn","md5":"a2426a0d0fa0f927ed829d129af7dd95","sha1":"fd217c974681aaaddc42c52962876feae7ca26d7","sha256":"2602b03464ff9924bf3a57d373011a61ff342765192d36bfd5ae40504599de43"},"dob":{"date":"1998-08-23T23:44:11.902Z","age":25},"registered":{"date":"2019-07-31T14:52:21.233Z","age":4},"phone":"(578) 318-6192","cell":"(610) 815-9863","id":{"name":"SSN","value":"041-09-0619"},"picture":{"large":"https://randomuser.me/api/portraits/men/91.jpg","medium":"https://randomuser.me/api/portraits/med/men/91.jpg","thumbnail":"https://randomuser.me/api/portraits/thumb/men/91.jpg"},"nat":"US"}],"info":{"seed":"ff06f89007802d45","results":1,"page":1,"version":"1.4"}} 
 </msg>
<msg time="2024-05-30T22:14:45.793529" level="INFO">/opt/hostedtoolcache/Python/3.12.3/x64/lib/python3.12/site-packages/urllib3/connectionpool.py:1103: InsecureRequestWarning: Unverified HTTPS request is being made to host 'randomuser.me'. Adding certificate verification is strongly advised. See: https://urllib3.readthedocs.io/en/latest/advanced-usage.html#tls-warnings
  warnings.warn(</msg>
<msg time="2024-05-30T22:14:45.793667" level="INFO">${response} = &lt;Response [200]&gt;</msg>
<var>${response}</var>
<arg>consultarAPI</arg>
<arg>/api</arg>
<doc>Sends a GET request on a previously created HTTP Session.</doc>
<status status="PASS" start="2024-05-30T22:14:45.705943" elapsed="0.087763"/>
</kw>
<kw name="Set Variable" owner="BuiltIn">
<msg time="2024-05-30T22:14:45.794865" level="INFO">${json_data} = {'results': [{'gender': 'male', 'name': {'title': 'Mr', 'first': 'Arron', 'last': 'Rodriquez'}, 'location': {'street': {'number': 6664, 'name': 'Pockrus Page Rd'}, 'city': 'West Valley City', 'state':...</msg>
<var>${json_data}</var>
<arg>${response.json()}</arg>
<doc>Returns the given values which can then be assigned to a variables.</doc>
<status status="PASS" start="2024-05-30T22:14:45.794298" elapsed="0.000597"/>
</kw>
<kw name="Set Variable" owner="BuiltIn">
<msg time="2024-05-30T22:14:45.795587" level="INFO">${name_title} = Mr</msg>
<var>${name_title}</var>
<arg>${json_data["results"][0]["name"]["title"]}</arg>
<doc>Returns the given values which can then be assigned to a variables.</doc>
<status status="PASS" start="2024-05-30T22:14:45.795203" elapsed="0.000409"/>
</kw>
<kw name="Create List" owner="BuiltIn">
<msg time="2024-05-30T22:14:45.796057" level="INFO">${allowed_titles} = ['Mr', 'Ms', 'Miss', 'Mrs', 'Madame', 'Monsieur']</msg>
<var>${allowed_titles}</var>
<arg>Mr</arg>
<arg>Ms</arg>
<arg>Miss</arg>
<arg>Mrs</arg>
<arg>Madame</arg>
<arg>Monsieur</arg>
<doc>Returns a list containing given items.</doc>
<status status="PASS" start="2024-05-30T22:14:45.795910" elapsed="0.000171"/>
</kw>
<kw name="List Should Contain Value" owner="Collections">
<msg time="2024-05-30T22:14:45.796552" level="INFO">False</msg>
<arg>${allowed_titles}</arg>
<arg>${name_title}</arg>
<doc>Fails if the ``value`` is not found from ``list``.</doc>
<status status="PASS" start="2024-05-30T22:14:45.796380" elapsed="0.000208"/>
</kw>
<kw name="Set Variable" owner="BuiltIn">
<msg time="2024-05-30T22:14:45.797437" level="INFO">${name_country} = US</msg>
<var>${name_country}</var>
<arg>${json_data["results"][0]["nat"]}</arg>
<doc>Returns the given values which can then be assigned to a variables.</doc>
<status status="PASS" start="2024-05-30T22:14:45.796878" elapsed="0.000584"/>
</kw>
<kw name="Create List" owner="BuiltIn">
<msg time="2024-05-30T22:14:45.798358" level="INFO">${list_country} = ['AD', 'AE', 'AF', 'AG', 'AI', 'AL', 'AM', 'AO', 'AQ', 'AR', 'AS', 'AT', 'AU', 'AW', 'AX', 'AZ', 'BA', 'BB', 'BD', 'BE', 'BF', 'BG', 'BH', 'BI', 'BJ', 'BL', 'BM', 'BN', 'BO', 'BQ', 'BR', 'BS', 'BT', '...</msg>
<var>${list_country}</var>
<arg>AD</arg>
<arg>AE</arg>
<arg>AF</arg>
<arg>AG</arg>
<arg>AI</arg>
<arg>AL</arg>
<arg>AM</arg>
<arg>AO</arg>
<arg>AQ</arg>
<arg>AR</arg>
<arg>AS</arg>
<arg>AT</arg>
<arg>AU</arg>
<arg>AW</arg>
<arg>AX</arg>
<arg>AZ</arg>
<arg>BA</arg>
<arg>BB</arg>
<arg>BD</arg>
<arg>BE</arg>
<arg>BF</arg>
<arg>BG</arg>
<arg>BH</arg>
<arg>BI</arg>
<arg>BJ</arg>
<arg>BL</arg>
<arg>BM</arg>
<arg>BN</arg>
<arg>BO</arg>
<arg>BQ</arg>
<arg>BR</arg>
<arg>BS</arg>
<arg>BT</arg>
<arg>BV</arg>
<arg>BW</arg>
<arg>BY</arg>
<arg>BZ</arg>
<arg>CA</arg>
<arg>CC</arg>
<arg>CD</arg>
<arg>CF</arg>
<arg>CG</arg>
<arg>CH</arg>
<arg>CI</arg>
<arg>CK</arg>
<arg>CL</arg>
<arg>CM</arg>
<arg>CN</arg>
<arg>CO</arg>
<arg>CR</arg>
<arg>CU</arg>
<arg>CV</arg>
<arg>CW</arg>
<arg>CX</arg>
<arg>CY</arg>
<arg>CZ</arg>
<arg>DE</arg>
<arg>DJ</arg>
<arg>DK</arg>
<arg>DM</arg>
<arg>DO</arg>
<arg>DZ</arg>
<arg>EC</arg>
<arg>EE</arg>
<arg>EG</arg>
<arg>EH</arg>
<arg>ER</arg>
<arg>ES</arg>
<arg>ET</arg>
<arg>FI</arg>
<arg>FJ</arg>
<arg>FK</arg>
<arg>FM</arg>
<arg>FO</arg>
<arg>FR</arg>
<arg>GA</arg>
<arg>GB</arg>
<arg>GD</arg>
<arg>GE</arg>
<arg>GF</arg>
<arg>GG</arg>
<arg>GH</arg>
<arg>GI</arg>
<arg>GL</arg>
<arg>GM</arg>
<arg>GN</arg>
<arg>GP</arg>
<arg>GQ</arg>
<arg>GR</arg>
<arg>GS</arg>
<arg>GT</arg>
<arg>GU</arg>
<arg>GW</arg>
<arg>GY</arg>
<arg>HK</arg>
<arg>HM</arg>
<arg>HN</arg>
<arg>HR</arg>
<arg>HT</arg>
<arg>HU</arg>
<arg>ID</arg>
<arg>IE</arg>
<arg>IL</arg>
<arg>IM</arg>
<arg>IN</arg>
<arg>IO</arg>
<arg>IQ</arg>
<arg>IR</arg>
<arg>IS</arg>
<arg>IT</arg>
<arg>JE</arg>
<arg>JM</arg>
<arg>JO</arg>
<arg>JP</arg>
<arg>KE</arg>
<arg>KG</arg>
<arg>KH</arg>
<arg>KI</arg>
<arg>KM</arg>
<arg>KN</arg>
<arg>KP</arg>
<arg>KR</arg>
<arg>KW</arg>
<arg>KY</arg>
<arg>KZ</arg>
<arg>LA</arg>
<arg>LB</arg>
<arg>LC</arg>
<arg>LI</arg>
<arg>LK</arg>
<arg>LR</arg>
<arg>LS</arg>
<arg>LT</arg>
<arg>LU</arg>
<arg>LV</arg>
<arg>LY</arg>
<arg>MA</arg>
<arg>MC</arg>
<arg>MD</arg>
<arg>ME</arg>
<arg>MF</arg>
<arg>MG</arg>
<arg>MH</arg>
<arg>MK</arg>
<arg>ML</arg>
<arg>MM</arg>
<arg>MN</arg>
<arg>MO</arg>
<arg>MP</arg>
<arg>MQ</arg>
<arg>MR</arg>
<arg>MS</arg>
<arg>MT</arg>
<arg>MU</arg>
<arg>MV</arg>
<arg>MW</arg>
<arg>MX</arg>
<arg>MY</arg>
<arg>MZ</arg>
<arg>NA</arg>
<arg>NC</arg>
<arg>NE</arg>
<arg>NF</arg>
<arg>NG</arg>
<arg>NI</arg>
<arg>NL</arg>
<arg>NO</arg>
<arg>NP</arg>
<arg>NR</arg>
<arg>NU</arg>
<arg>NZ</arg>
<arg>OM</arg>
<arg>PA</arg>
<arg>PE</arg>
<arg>PF</arg>
<arg>PG</arg>
<arg>PH</arg>
<arg>PK</arg>
<arg>PL</arg>
<arg>PM</arg>
<arg>PN</arg>
<arg>PR</arg>
<arg>PS</arg>
<arg>PT</arg>
<arg>PW</arg>
<arg>PY</arg>
<arg>QA</arg>
<arg>RE</arg>
<arg>RO</arg>
<arg>RS</arg>
<arg>RU</arg>
<arg>RW</arg>
<arg>SA</arg>
<arg>SB</arg>
<arg>SC</arg>
<arg>SD</arg>
<arg>SE</arg>
<arg>SG</arg>
<arg>SH</arg>
<arg>SI</arg>
<arg>SJ</arg>
<arg>SK</arg>
<arg>SL</arg>
<arg>SM</arg>
<arg>SN</arg>
<arg>SO</arg>
<arg>SR</arg>
<arg>SS</arg>
<arg>ST</arg>
<arg>SV</arg>
<arg>SX</arg>
<arg>SY</arg>
<arg>SZ</arg>
<arg>TC</arg>
<arg>TD</arg>
<arg>TF</arg>
<arg>TG</arg>
<arg>TH</arg>
<arg>TJ</arg>
<arg>TK</arg>
<arg>TL</arg>
<arg>TM</arg>
<arg>TN</arg>
<arg>TO</arg>
<arg>TR</arg>
<arg>TT</arg>
<arg>TV</arg>
<arg>TW</arg>
<arg>TZ</arg>
<arg>UA</arg>
<arg>UG</arg>
<arg>UM</arg>
<arg>US</arg>
<arg>UY</arg>
<arg>UZ</arg>
<arg>VA</arg>
<arg>VC</arg>
<arg>VE</arg>
<arg>VG</arg>
<arg>VI</arg>
<arg>VN</arg>
<arg>VU</arg>
<arg>WF</arg>
<arg>WS</arg>
<arg>XK</arg>
<arg>YE</arg>
<arg>YT</arg>
<arg>ZA</arg>
<arg>ZM</arg>
<arg>ZW</arg>
<doc>Returns a list containing given items.</doc>
<status status="PASS" start="2024-05-30T22:14:45.797766" elapsed="0.000617"/>
</kw>
<kw name="List Should Contain Value" owner="Collections">
<msg time="2024-05-30T22:14:45.799402" level="INFO">False</msg>
<arg>${list_country}</arg>
<arg>${name_country}</arg>
<doc>Fails if the ``value`` is not found from ``list``.</doc>
<status status="PASS" start="2024-05-30T22:14:45.799199" elapsed="0.000238"/>
</kw>
<kw name="Run Keyword If" owner="BuiltIn">
<kw name="Should Be True" owner="BuiltIn">
<arg>${True}</arg>
<doc>Fails if the given condition is not true.</doc>
<status status="PASS" start="2024-05-30T22:14:45.800495" elapsed="0.000143"/>
</kw>
<arg>${json_data["results"][0]["location"]["coordinates"]["latitude"]} &gt;= -90 and ${json_data["results"][0]["location"]["coordinates"]["latitude"]} &lt;= 90</arg>
<arg>Should Be True</arg>
<arg>${True}</arg>
<doc>Runs the given keyword with the given arguments, if ``condition`` is true.</doc>
<status status="PASS" start="2024-05-30T22:14:45.799750" elapsed="0.001014"/>
</kw>
<kw name="Run Keyword If" owner="BuiltIn">
<kw name="Should Be True" owner="BuiltIn">
<arg>${True}</arg>
<doc>Fails if the given condition is not true.</doc>
<status status="PASS" start="2024-05-30T22:14:45.801640" elapsed="0.000134"/>
</kw>
<arg>${json_data["results"][0]["location"]["coordinates"]["longitude"]} &gt;= -180 and ${json_data["results"][0]["location"]["coordinates"]["longitude"]} &lt;= 180</arg>
<arg>Should Be True</arg>
<arg>${True}</arg>
<doc>Runs the given keyword with the given arguments, if ``condition`` is true.</doc>
<status status="PASS" start="2024-05-30T22:14:45.800955" elapsed="0.000941"/>
</kw>
<status status="PASS" start="2024-05-30T22:14:45.705707" elapsed="0.096320"/>
</kw>
<doc>Testa o conteúdo específico dos campos retornados pela API.</doc>
<tag>testeConteudo</tag>
<status status="PASS" start="2024-05-30T22:14:45.705150" elapsed="0.097030"/>
</test>
<status status="PASS" start="2024-05-30T22:14:44.822140" elapsed="0.982077"/>
</suite>
<status status="PASS" start="2024-05-30T22:14:44.808459" elapsed="1.000972"/>
</suite>
<statistics>
<total>
<stat pass="5" fail="0" skip="0">All Tests</stat>
</total>
<tag>
<stat pass="1" fail="0" skip="0">testeConteudo</stat>
<stat pass="1" fail="0" skip="0">testeEstruturaResposta</stat>
<stat pass="1" fail="0" skip="0">testeRequisicaoBasica</stat>
<stat pass="1" fail="0" skip="0">testeTiposDados</stat>
</tag>
<suite>
<stat pass="5" fail="0" skip="0" id="s1" name="Tests">Tests</stat>
<stat pass="5" fail="0" skip="0" id="s1-s1" name="Random-User-Test">Tests.Random-User-Test</stat>
</suite>
</statistics>
<errors>
</errors>
</robot>
