<?xml version="1.0" encoding="UTF-8"?>
<robot generator="Robot 7.0 (Python 3.12.3 on linux)" generated="2024-04-30T04:17:24.835448" rpa="false" schemaversion="5">
<suite id="s1" name="Tests" source="/home/runner/work/DesafioQAItauRogerioJordao/DesafioQAItauRogerioJordao/RamdonUser/tests">
<suite id="s1-s1" name="Random-User-Test" source="/home/runner/work/DesafioQAItauRogerioJordao/DesafioQAItauRogerioJordao/RamdonUser/tests/random-user-test.robot">
<test id="s1-s1-t1" name="Conectar" line="13">
<kw name="Conectar API" owner="random-user-service">
<kw name="Create Session" owner="RequestsLibrary">
<msg time="2024-04-30T04:17:25.196921" level="INFO">Creating Session using : alias=consultarAPI, url=https://randomuser.me/, headers={},                     cookies={}, auth=None, timeout=None, proxies=None, verify=False,                     debug=0 </msg>
<arg>consultarAPI</arg>
<arg>${URL}</arg>
<doc>Create Session: create a HTTP session to a server</doc>
<status status="PASS" start="2024-04-30T04:17:25.196725" elapsed="0.000365"/>
</kw>
<status status="PASS" start="2024-04-30T04:17:25.195774" elapsed="0.001666"/>
</kw>
<status status="PASS" start="2024-04-30T04:17:25.195179" elapsed="0.002451"/>
</test>
<test id="s1-s1-t2" name="Validar retorno 200 e JSON Válido" line="16">
<kw name="Teste de Requisicao Basica" owner="random-user-service">
<kw name="GET On Session" owner="RequestsLibrary">
<msg time="2024-04-30T04:17:25.269053" level="INFO">GET Request : url=https://randomuser.me/api 
 path_url=/api 
 headers={'User-Agent': 'python-requests/2.31.0', 'Accept-Encoding': 'gzip, deflate', 'Accept': '*/*', 'Connection': 'keep-alive'} 
 body=None 
 </msg>
<msg time="2024-04-30T04:17:25.269194" level="INFO">GET Response : url=https://randomuser.me/api 
 status=200, reason=OK 
 headers={'Date': 'Tue, 30 Apr 2024 04:17:25 GMT', 'Content-Type': 'application/json; charset=utf-8', 'Transfer-Encoding': 'chunked', 'Connection': 'keep-alive', 'X-Powered-By': 'Express', 'Access-Control-Allow-Origin': '*', 'Cache-Control': 'no-cache', 'ETag': 'W/"48a-daomOsFi9bankR+o0vh/pEilMZU"', 'Vary': 'Accept-Encoding', 'Content-Encoding': 'gzip', 'CF-Cache-Status': 'DYNAMIC', 'Report-To': '{"endpoints":[{"url":"https:\\/\\/a.nel.cloudflare.com\\/report\\/v4?s=uiuGpAJ1kc9gO0IVvZs9X8CfGf4%2FwKQQurzUBqiunvQ4xifOfG1O7NEtRsJDXWMOUz6TjB3q3OCWAm4cvF%2BNe%2BtT7HUr5m7KVoIcDhq6tgx%2BuXrEvhzZpMIkGHDza5zY"}],"group":"cf-nel","max_age":604800}', 'NEL': '{"success_fraction":0,"report_to":"cf-nel","max_age":604800}', 'Server': 'cloudflare', 'CF-RAY': '87c4b8d4bfb63897-IAD', 'alt-svc': 'h3=":443"; ma=86400'} 
 body={"results":[{"gender":"male","name":{"title":"Mr","first":"Gustas","last":"Mohammed"},"location":{"street":{"number":6877,"name":"Kristoffer Aamots gate"},"city":"Otta","state":"Finnmark - Finnmárku","country":"Norway","postcode":"3040","coordinates":{"latitude":"40.9774","longitude":"-46.3567"},"timezone":{"offset":"+6:00","description":"Almaty, Dhaka, Colombo"}},"email":"gustas.mohammed@example.com","login":{"uuid":"58cb7935-ea5a-49c2-b94f-ab5ce18c4eb0","username":"crazyzebra693","password":"marc","salt":"4OtOLUlo","md5":"ac103ce39be94a72f540fc7a94b7f44c","sha1":"583dadb71565994ef1e7d9923e53655035bfc589","sha256":"c6c17f0f9e5966f9120b5066b0704447719df1ffd35b2314ebe8c1449c4aed05"},"dob":{"date":"1983-12-27T00:36:22.561Z","age":40},"registered":{"date":"2009-06-30T08:08:30.861Z","age":14},"phone":"80572970","cell":"43713340","id":{"name":"FN","value":"27128336538"},"picture":{"large":"https://randomuser.me/api/portraits/men/76.jpg","medium":"https://randomuser.me/api/portraits/med/men/76.jpg","thumbnail":"https://randomuser.me/api/portraits/thumb/men/76.jpg"},"nat":"NO"}],"info":{"seed":"5387c3ae52e3589d","results":1,"page":1,"version":"1.4"}} 
 </msg>
<msg time="2024-04-30T04:17:25.269303" level="INFO">/opt/hostedtoolcache/Python/3.12.3/x64/lib/python3.12/site-packages/urllib3/connectionpool.py:1103: InsecureRequestWarning: Unverified HTTPS request is being made to host 'randomuser.me'. Adding certificate verification is strongly advised. See: https://urllib3.readthedocs.io/en/latest/advanced-usage.html#tls-warnings
  warnings.warn(</msg>
<msg time="2024-04-30T04:17:25.269461" level="INFO">${response} = &lt;Response [200]&gt;</msg>
<var>${response}</var>
<arg>consultarAPI</arg>
<arg>/api</arg>
<doc>Sends a GET request on a previously created HTTP Session.</doc>
<status status="PASS" start="2024-04-30T04:17:25.200321" elapsed="0.069171"/>
</kw>
<kw name="Should Be Equal As Numbers" owner="BuiltIn">
<msg time="2024-04-30T04:17:25.270279" level="INFO">Argument types are:
&lt;class 'int'&gt;
&lt;class 'str'&gt;</msg>
<arg>${response.status_code}</arg>
<arg>200</arg>
<doc>Fails if objects are unequal after converting them to real numbers.</doc>
<status status="PASS" start="2024-04-30T04:17:25.269877" elapsed="0.000464"/>
</kw>
<kw name="Log" owner="BuiltIn">
<msg time="2024-04-30T04:17:25.271090" level="INFO">200</msg>
<arg>${response.status_code}</arg>
<doc>Logs the given message with the given level.</doc>
<status status="PASS" start="2024-04-30T04:17:25.270730" elapsed="0.000402"/>
</kw>
<kw name="Set Variable" owner="BuiltIn">
<msg time="2024-04-30T04:17:25.271890" level="INFO">${json_data} = {'results': [{'gender': 'male', 'name': {'title': 'Mr', 'first': 'Gustas', 'last': 'Mohammed'}, 'location': {'street': {'number': 6877, 'name': 'Kristoffer Aamots gate'}, 'city': 'Otta', 'state': 'Fin...</msg>
<var>${json_data}</var>
<arg>${response.json()}</arg>
<doc>Returns the given values which can then be assigned to a variables.</doc>
<status status="PASS" start="2024-04-30T04:17:25.271436" elapsed="0.000483"/>
</kw>
<kw name="Dictionary Should Contain Key" owner="Collections">
<msg time="2024-04-30T04:17:25.272383" level="INFO">False</msg>
<arg>${json_data}</arg>
<arg>results</arg>
<doc>Fails if ``key`` is not found from ``dictionary``.</doc>
<status status="PASS" start="2024-04-30T04:17:25.272219" elapsed="0.000207"/>
</kw>
<status status="PASS" start="2024-04-30T04:17:25.200073" elapsed="0.072608"/>
</kw>
<doc>Testa se a API responde corretamente e retorna um objeto JSON válido.</doc>
<tag>testeRequisicaoBasica</tag>
<status status="PASS" start="2024-04-30T04:17:25.199554" elapsed="0.073296"/>
</test>
<test id="s1-s1-t3" name="Validar estrutura de resposta" line="22">
<kw name="Teste de Estrutura de Resposta" owner="random-user-service">
<kw name="GET On Session" owner="RequestsLibrary">
<msg time="2024-04-30T04:17:25.372406" level="INFO">GET Request : url=https://randomuser.me/api 
 path_url=/api 
 headers={'User-Agent': 'python-requests/2.31.0', 'Accept-Encoding': 'gzip, deflate', 'Accept': '*/*', 'Connection': 'keep-alive'} 
 body=None 
 </msg>
<msg time="2024-04-30T04:17:25.372472" level="INFO">GET Response : url=https://randomuser.me/api 
 status=200, reason=OK 
 headers={'Date': 'Tue, 30 Apr 2024 04:17:25 GMT', 'Content-Type': 'application/json; charset=utf-8', 'Transfer-Encoding': 'chunked', 'Connection': 'keep-alive', 'X-Powered-By': 'Express', 'Access-Control-Allow-Origin': '*', 'Cache-Control': 'no-cache', 'ETag': 'W/"492-o3yxJOaP8vjhgWjDQ/e3RR3Xw2w"', 'Vary': 'Accept-Encoding', 'Content-Encoding': 'gzip', 'CF-Cache-Status': 'DYNAMIC', 'Report-To': '{"endpoints":[{"url":"https:\\/\\/a.nel.cloudflare.com\\/report\\/v4?s=QlMKb0jVecRnNZFBTnhDFOR9eeKtTlSxDBMj30NXHbw1IGp4ucGRjK6EHHinQrhRWjIZLB%2BQ%2FekEzs%2F2n2D96GfxlQX0PmKkYd8tqisna3RSAAPjMjuGXPY9NhY2b2k6"}],"group":"cf-nel","max_age":604800}', 'NEL': '{"success_fraction":0,"report_to":"cf-nel","max_age":604800}', 'Server': 'cloudflare', 'CF-RAY': '87c4b8d4f8113897-IAD', 'alt-svc': 'h3=":443"; ma=86400'} 
 body={"results":[{"gender":"female","name":{"title":"Miss","first":"Nella","last":"Kyllo"},"location":{"street":{"number":5279,"name":"Mechelininkatu"},"city":"Sipoo","state":"Central Finland","country":"Finland","postcode":35722,"coordinates":{"latitude":"-21.5218","longitude":"178.2430"},"timezone":{"offset":"-11:00","description":"Midway Island, Samoa"}},"email":"nella.kyllo@example.com","login":{"uuid":"a61086c0-40ff-4eda-a7d9-e76a280a8815","username":"orangetiger511","password":"starbuck","salt":"b7961PNB","md5":"73adb8f62df690fba77e0963a850bb73","sha1":"fde85d443f74d1a34b4f4920f5b92986f2e7c2be","sha256":"e9ac86bee2fabe0745fae6ae756e0a3db997817496b4567cc76d5054eeb18a64"},"dob":{"date":"1967-05-28T11:49:37.278Z","age":56},"registered":{"date":"2015-10-03T21:42:57.681Z","age":8},"phone":"06-065-503","cell":"049-909-71-38","id":{"name":"HETU","value":"NaNNA618undefined"},"picture":{"large":"https://randomuser.me/api/portraits/women/15.jpg","medium":"https://randomuser.me/api/portraits/med/women/15.jpg","thumbnail":"https://randomuser.me/api/portraits/thumb/women/15.jpg"},"nat":"FI"}],"info":{"seed":"8d7b5b7e56980cc1","results":1,"page":1,"version":"1.4"}} 
 </msg>
<msg time="2024-04-30T04:17:25.372577" level="INFO">/opt/hostedtoolcache/Python/3.12.3/x64/lib/python3.12/site-packages/urllib3/connectionpool.py:1103: InsecureRequestWarning: Unverified HTTPS request is being made to host 'randomuser.me'. Adding certificate verification is strongly advised. See: https://urllib3.readthedocs.io/en/latest/advanced-usage.html#tls-warnings
  warnings.warn(</msg>
<msg time="2024-04-30T04:17:25.372687" level="INFO">${response} = &lt;Response [200]&gt;</msg>
<var>${response}</var>
<arg>consultarAPI</arg>
<arg>/api</arg>
<doc>Sends a GET request on a previously created HTTP Session.</doc>
<status status="PASS" start="2024-04-30T04:17:25.275386" elapsed="0.097331"/>
</kw>
<kw name="Set Variable" owner="BuiltIn">
<msg time="2024-04-30T04:17:25.373532" level="INFO">${json_data} = {'results': [{'gender': 'female', 'name': {'title': 'Miss', 'first': 'Nella', 'last': 'Kyllo'}, 'location': {'street': {'number': 5279, 'name': 'Mechelininkatu'}, 'city': 'Sipoo', 'state': 'Central Fi...</msg>
<var>${json_data}</var>
<arg>${response.json()}</arg>
<doc>Returns the given values which can then be assigned to a variables.</doc>
<status status="PASS" start="2024-04-30T04:17:25.373050" elapsed="0.000511"/>
</kw>
<kw name="Log" owner="BuiltIn">
<msg time="2024-04-30T04:17:25.374021" level="INFO">{'results': [{'gender': 'female', 'name': {'title': 'Miss', 'first': 'Nella', 'last': 'Kyllo'}, 'location': {'street': {'number': 5279, 'name': 'Mechelininkatu'}, 'city': 'Sipoo', 'state': 'Central Finland', 'country': 'Finland', 'postcode': 35722, 'coordinates': {'latitude': '-21.5218', 'longitude': '178.2430'}, 'timezone': {'offset': '-11:00', 'description': 'Midway Island, Samoa'}}, 'email': 'nella.kyllo@example.com', 'login': {'uuid': 'a61086c0-40ff-4eda-a7d9-e76a280a8815', 'username': 'orangetiger511', 'password': 'starbuck', 'salt': 'b7961PNB', 'md5': '73adb8f62df690fba77e0963a850bb73', 'sha1': 'fde85d443f74d1a34b4f4920f5b92986f2e7c2be', 'sha256': 'e9ac86bee2fabe0745fae6ae756e0a3db997817496b4567cc76d5054eeb18a64'}, 'dob': {'date': '1967-05-28T11:49:37.278Z', 'age': 56}, 'registered': {'date': '2015-10-03T21:42:57.681Z', 'age': 8}, 'phone': '06-065-503', 'cell': '049-909-71-38', 'id': {'name': 'HETU', 'value': 'NaNNA618undefined'}, 'picture': {'large': 'https://randomuser.me/api/portraits/women/15.jpg', 'medium': 'https://randomuser.me/api/portraits/med/women/15.jpg', 'thumbnail': 'https://randomuser.me/api/portraits/thumb/women/15.jpg'}, 'nat': 'FI'}], 'info': {'seed': '8d7b5b7e56980cc1', 'results': 1, 'page': 1, 'version': '1.4'}}</msg>
<arg>${json_data}</arg>
<doc>Logs the given message with the given level.</doc>
<status status="PASS" start="2024-04-30T04:17:25.373866" elapsed="0.000202"/>
</kw>
<kw name="Dictionary Should Contain Key" owner="Collections">
<msg time="2024-04-30T04:17:25.374544" level="INFO">False</msg>
<arg>${json_data}</arg>
<arg>results</arg>
<doc>Fails if ``key`` is not found from ``dictionary``.</doc>
<status status="PASS" start="2024-04-30T04:17:25.374365" elapsed="0.000220"/>
</kw>
<kw name="Should Not Be Empty" owner="BuiltIn">
<msg time="2024-04-30T04:17:25.375057" level="INFO">Length is 2.</msg>
<arg>${json_data}</arg>
<doc>Verifies that the given item is not empty.</doc>
<status status="PASS" start="2024-04-30T04:17:25.374886" elapsed="0.000210"/>
</kw>
<kw name="Create List" owner="BuiltIn">
<msg time="2024-04-30T04:17:25.375766" level="INFO">${expected_keys} = ['gender', 'name', 'location', 'email', 'login']</msg>
<var>${expected_keys}</var>
<arg>gender</arg>
<arg>name</arg>
<arg>location</arg>
<arg>email</arg>
<arg>login</arg>
<doc>Returns a list containing given items.</doc>
<status status="PASS" start="2024-04-30T04:17:25.375456" elapsed="0.000335"/>
</kw>
<for flavor="IN">
<iter>
<kw name="Dictionary Should Contain Key" owner="Collections">
<msg time="2024-04-30T04:17:25.376764" level="INFO">False</msg>
<arg>${json_data['results'][0]}</arg>
<arg>${key}</arg>
<doc>Fails if ``key`` is not found from ``dictionary``.</doc>
<status status="PASS" start="2024-04-30T04:17:25.376360" elapsed="0.000443"/>
</kw>
<kw name="Log" owner="BuiltIn">
<msg time="2024-04-30T04:17:25.377478" level="INFO">{'gender': 'female', 'name': {'title': 'Miss', 'first': 'Nella', 'last': 'Kyllo'}, 'location': {'street': {'number': 5279, 'name': 'Mechelininkatu'}, 'city': 'Sipoo', 'state': 'Central Finland', 'country': 'Finland', 'postcode': 35722, 'coordinates': {'latitude': '-21.5218', 'longitude': '178.2430'}, 'timezone': {'offset': '-11:00', 'description': 'Midway Island, Samoa'}}, 'email': 'nella.kyllo@example.com', 'login': {'uuid': 'a61086c0-40ff-4eda-a7d9-e76a280a8815', 'username': 'orangetiger511', 'password': 'starbuck', 'salt': 'b7961PNB', 'md5': '73adb8f62df690fba77e0963a850bb73', 'sha1': 'fde85d443f74d1a34b4f4920f5b92986f2e7c2be', 'sha256': 'e9ac86bee2fabe0745fae6ae756e0a3db997817496b4567cc76d5054eeb18a64'}, 'dob': {'date': '1967-05-28T11:49:37.278Z', 'age': 56}, 'registered': {'date': '2015-10-03T21:42:57.681Z', 'age': 8}, 'phone': '06-065-503', 'cell': '049-909-71-38', 'id': {'name': 'HETU', 'value': 'NaNNA618undefined'}, 'picture': {'large': 'https://randomuser.me/api/portraits/women/15.jpg', 'medium': 'https://randomuser.me/api/portraits/med/women/15.jpg', 'thumbnail': 'https://randomuser.me/api/portraits/thumb/women/15.jpg'}, 'nat': 'FI'}</msg>
<arg>${json_data['results'][0]}</arg>
<doc>Logs the given message with the given level.</doc>
<status status="PASS" start="2024-04-30T04:17:25.377111" elapsed="0.000416"/>
</kw>
<kw name="Log" owner="BuiltIn">
<msg time="2024-04-30T04:17:25.377944" level="INFO">gender</msg>
<arg>${key}</arg>
<doc>Logs the given message with the given level.</doc>
<status status="PASS" start="2024-04-30T04:17:25.377817" elapsed="0.000165"/>
</kw>
<var name="${key}">gender</var>
<status status="PASS" start="2024-04-30T04:17:25.376236" elapsed="0.001957"/>
</iter>
<iter>
<kw name="Dictionary Should Contain Key" owner="Collections">
<msg time="2024-04-30T04:17:25.378927" level="INFO">False</msg>
<arg>${json_data['results'][0]}</arg>
<arg>${key}</arg>
<doc>Fails if ``key`` is not found from ``dictionary``.</doc>
<status status="PASS" start="2024-04-30T04:17:25.378524" elapsed="0.000440"/>
</kw>
<kw name="Log" owner="BuiltIn">
<msg time="2024-04-30T04:17:25.379662" level="INFO">{'gender': 'female', 'name': {'title': 'Miss', 'first': 'Nella', 'last': 'Kyllo'}, 'location': {'street': {'number': 5279, 'name': 'Mechelininkatu'}, 'city': 'Sipoo', 'state': 'Central Finland', 'country': 'Finland', 'postcode': 35722, 'coordinates': {'latitude': '-21.5218', 'longitude': '178.2430'}, 'timezone': {'offset': '-11:00', 'description': 'Midway Island, Samoa'}}, 'email': 'nella.kyllo@example.com', 'login': {'uuid': 'a61086c0-40ff-4eda-a7d9-e76a280a8815', 'username': 'orangetiger511', 'password': 'starbuck', 'salt': 'b7961PNB', 'md5': '73adb8f62df690fba77e0963a850bb73', 'sha1': 'fde85d443f74d1a34b4f4920f5b92986f2e7c2be', 'sha256': 'e9ac86bee2fabe0745fae6ae756e0a3db997817496b4567cc76d5054eeb18a64'}, 'dob': {'date': '1967-05-28T11:49:37.278Z', 'age': 56}, 'registered': {'date': '2015-10-03T21:42:57.681Z', 'age': 8}, 'phone': '06-065-503', 'cell': '049-909-71-38', 'id': {'name': 'HETU', 'value': 'NaNNA618undefined'}, 'picture': {'large': 'https://randomuser.me/api/portraits/women/15.jpg', 'medium': 'https://randomuser.me/api/portraits/med/women/15.jpg', 'thumbnail': 'https://randomuser.me/api/portraits/thumb/women/15.jpg'}, 'nat': 'FI'}</msg>
<arg>${json_data['results'][0]}</arg>
<doc>Logs the given message with the given level.</doc>
<status status="PASS" start="2024-04-30T04:17:25.379301" elapsed="0.000408"/>
</kw>
<kw name="Log" owner="BuiltIn">
<msg time="2024-04-30T04:17:25.380136" level="INFO">name</msg>
<arg>${key}</arg>
<doc>Logs the given message with the given level.</doc>
<status status="PASS" start="2024-04-30T04:17:25.380009" elapsed="0.000166"/>
</kw>
<var name="${key}">name</var>
<status status="PASS" start="2024-04-30T04:17:25.378382" elapsed="0.002008"/>
</iter>
<iter>
<kw name="Dictionary Should Contain Key" owner="Collections">
<msg time="2024-04-30T04:17:25.381067" level="INFO">False</msg>
<arg>${json_data['results'][0]}</arg>
<arg>${key}</arg>
<doc>Fails if ``key`` is not found from ``dictionary``.</doc>
<status status="PASS" start="2024-04-30T04:17:25.380682" elapsed="0.000423"/>
</kw>
<kw name="Log" owner="BuiltIn">
<msg time="2024-04-30T04:17:25.381760" level="INFO">{'gender': 'female', 'name': {'title': 'Miss', 'first': 'Nella', 'last': 'Kyllo'}, 'location': {'street': {'number': 5279, 'name': 'Mechelininkatu'}, 'city': 'Sipoo', 'state': 'Central Finland', 'country': 'Finland', 'postcode': 35722, 'coordinates': {'latitude': '-21.5218', 'longitude': '178.2430'}, 'timezone': {'offset': '-11:00', 'description': 'Midway Island, Samoa'}}, 'email': 'nella.kyllo@example.com', 'login': {'uuid': 'a61086c0-40ff-4eda-a7d9-e76a280a8815', 'username': 'orangetiger511', 'password': 'starbuck', 'salt': 'b7961PNB', 'md5': '73adb8f62df690fba77e0963a850bb73', 'sha1': 'fde85d443f74d1a34b4f4920f5b92986f2e7c2be', 'sha256': 'e9ac86bee2fabe0745fae6ae756e0a3db997817496b4567cc76d5054eeb18a64'}, 'dob': {'date': '1967-05-28T11:49:37.278Z', 'age': 56}, 'registered': {'date': '2015-10-03T21:42:57.681Z', 'age': 8}, 'phone': '06-065-503', 'cell': '049-909-71-38', 'id': {'name': 'HETU', 'value': 'NaNNA618undefined'}, 'picture': {'large': 'https://randomuser.me/api/portraits/women/15.jpg', 'medium': 'https://randomuser.me/api/portraits/med/women/15.jpg', 'thumbnail': 'https://randomuser.me/api/portraits/thumb/women/15.jpg'}, 'nat': 'FI'}</msg>
<arg>${json_data['results'][0]}</arg>
<doc>Logs the given message with the given level.</doc>
<status status="PASS" start="2024-04-30T04:17:25.381398" elapsed="0.000411"/>
</kw>
<kw name="Log" owner="BuiltIn">
<msg time="2024-04-30T04:17:25.382243" level="INFO">location</msg>
<arg>${key}</arg>
<doc>Logs the given message with the given level.</doc>
<status status="PASS" start="2024-04-30T04:17:25.382116" elapsed="0.000164"/>
</kw>
<var name="${key}">location</var>
<status status="PASS" start="2024-04-30T04:17:25.380569" elapsed="0.001952"/>
</iter>
<iter>
<kw name="Dictionary Should Contain Key" owner="Collections">
<msg time="2024-04-30T04:17:25.383220" level="INFO">False</msg>
<arg>${json_data['results'][0]}</arg>
<arg>${key}</arg>
<doc>Fails if ``key`` is not found from ``dictionary``.</doc>
<status status="PASS" start="2024-04-30T04:17:25.382831" elapsed="0.000427"/>
</kw>
<kw name="Log" owner="BuiltIn">
<msg time="2024-04-30T04:17:25.383916" level="INFO">{'gender': 'female', 'name': {'title': 'Miss', 'first': 'Nella', 'last': 'Kyllo'}, 'location': {'street': {'number': 5279, 'name': 'Mechelininkatu'}, 'city': 'Sipoo', 'state': 'Central Finland', 'country': 'Finland', 'postcode': 35722, 'coordinates': {'latitude': '-21.5218', 'longitude': '178.2430'}, 'timezone': {'offset': '-11:00', 'description': 'Midway Island, Samoa'}}, 'email': 'nella.kyllo@example.com', 'login': {'uuid': 'a61086c0-40ff-4eda-a7d9-e76a280a8815', 'username': 'orangetiger511', 'password': 'starbuck', 'salt': 'b7961PNB', 'md5': '73adb8f62df690fba77e0963a850bb73', 'sha1': 'fde85d443f74d1a34b4f4920f5b92986f2e7c2be', 'sha256': 'e9ac86bee2fabe0745fae6ae756e0a3db997817496b4567cc76d5054eeb18a64'}, 'dob': {'date': '1967-05-28T11:49:37.278Z', 'age': 56}, 'registered': {'date': '2015-10-03T21:42:57.681Z', 'age': 8}, 'phone': '06-065-503', 'cell': '049-909-71-38', 'id': {'name': 'HETU', 'value': 'NaNNA618undefined'}, 'picture': {'large': 'https://randomuser.me/api/portraits/women/15.jpg', 'medium': 'https://randomuser.me/api/portraits/med/women/15.jpg', 'thumbnail': 'https://randomuser.me/api/portraits/thumb/women/15.jpg'}, 'nat': 'FI'}</msg>
<arg>${json_data['results'][0]}</arg>
<doc>Logs the given message with the given level.</doc>
<status status="PASS" start="2024-04-30T04:17:25.383556" elapsed="0.000409"/>
</kw>
<kw name="Log" owner="BuiltIn">
<msg time="2024-04-30T04:17:25.384383" level="INFO">email</msg>
<arg>${key}</arg>
<doc>Logs the given message with the given level.</doc>
<status status="PASS" start="2024-04-30T04:17:25.384258" elapsed="0.000163"/>
</kw>
<var name="${key}">email</var>
<status status="PASS" start="2024-04-30T04:17:25.382719" elapsed="0.001913"/>
</iter>
<iter>
<kw name="Dictionary Should Contain Key" owner="Collections">
<msg time="2024-04-30T04:17:25.385296" level="INFO">False</msg>
<arg>${json_data['results'][0]}</arg>
<arg>${key}</arg>
<doc>Fails if ``key`` is not found from ``dictionary``.</doc>
<status status="PASS" start="2024-04-30T04:17:25.384912" elapsed="0.000422"/>
</kw>
<kw name="Log" owner="BuiltIn">
<msg time="2024-04-30T04:17:25.386002" level="INFO">{'gender': 'female', 'name': {'title': 'Miss', 'first': 'Nella', 'last': 'Kyllo'}, 'location': {'street': {'number': 5279, 'name': 'Mechelininkatu'}, 'city': 'Sipoo', 'state': 'Central Finland', 'country': 'Finland', 'postcode': 35722, 'coordinates': {'latitude': '-21.5218', 'longitude': '178.2430'}, 'timezone': {'offset': '-11:00', 'description': 'Midway Island, Samoa'}}, 'email': 'nella.kyllo@example.com', 'login': {'uuid': 'a61086c0-40ff-4eda-a7d9-e76a280a8815', 'username': 'orangetiger511', 'password': 'starbuck', 'salt': 'b7961PNB', 'md5': '73adb8f62df690fba77e0963a850bb73', 'sha1': 'fde85d443f74d1a34b4f4920f5b92986f2e7c2be', 'sha256': 'e9ac86bee2fabe0745fae6ae756e0a3db997817496b4567cc76d5054eeb18a64'}, 'dob': {'date': '1967-05-28T11:49:37.278Z', 'age': 56}, 'registered': {'date': '2015-10-03T21:42:57.681Z', 'age': 8}, 'phone': '06-065-503', 'cell': '049-909-71-38', 'id': {'name': 'HETU', 'value': 'NaNNA618undefined'}, 'picture': {'large': 'https://randomuser.me/api/portraits/women/15.jpg', 'medium': 'https://randomuser.me/api/portraits/med/women/15.jpg', 'thumbnail': 'https://randomuser.me/api/portraits/thumb/women/15.jpg'}, 'nat': 'FI'}</msg>
<arg>${json_data['results'][0]}</arg>
<doc>Logs the given message with the given level.</doc>
<status status="PASS" start="2024-04-30T04:17:25.385635" elapsed="0.000415"/>
</kw>
<kw name="Log" owner="BuiltIn">
<msg time="2024-04-30T04:17:25.386468" level="INFO">login</msg>
<arg>${key}</arg>
<doc>Logs the given message with the given level.</doc>
<status status="PASS" start="2024-04-30T04:17:25.386345" elapsed="0.000194"/>
</kw>
<var name="${key}">login</var>
<status status="PASS" start="2024-04-30T04:17:25.384804" elapsed="0.001978"/>
</iter>
<var>${key}</var>
<value>@{expected_keys}</value>
<status status="PASS" start="2024-04-30T04:17:25.376053" elapsed="0.010855"/>
</for>
<kw name="Create List" owner="BuiltIn">
<msg time="2024-04-30T04:17:25.387245" level="INFO">${expected_keysTwo} = ['username', 'password']</msg>
<var>${expected_keysTwo}</var>
<arg>username</arg>
<arg>password</arg>
<doc>Returns a list containing given items.</doc>
<status status="PASS" start="2024-04-30T04:17:25.387108" elapsed="0.000161"/>
</kw>
<for flavor="IN">
<iter>
<kw name="Dictionary Should Contain Key" owner="Collections">
<msg time="2024-04-30T04:17:25.388157" level="INFO">False</msg>
<arg>${json_data['results'][0]['login']}</arg>
<arg>${keyTwo}</arg>
<doc>Fails if ``key`` is not found from ``dictionary``.</doc>
<status status="PASS" start="2024-04-30T04:17:25.387764" elapsed="0.000439"/>
</kw>
<kw name="Dictionary Should Contain Key" owner="Collections">
<msg time="2024-04-30T04:17:25.388888" level="INFO">False</msg>
<arg>${json_data['results'][0]['login']}</arg>
<arg>${keyTwo}</arg>
<doc>Fails if ``key`` is not found from ``dictionary``.</doc>
<status status="PASS" start="2024-04-30T04:17:25.388494" elapsed="0.000431"/>
</kw>
<kw name="Log" owner="BuiltIn">
<msg time="2024-04-30T04:17:25.389353" level="INFO">username</msg>
<arg>${keyTwo}</arg>
<doc>Logs the given message with the given level.</doc>
<status status="PASS" start="2024-04-30T04:17:25.389228" elapsed="0.000168"/>
</kw>
<var name="${keyTwo}">username</var>
<status status="PASS" start="2024-04-30T04:17:25.387656" elapsed="0.001952"/>
</iter>
<iter>
<kw name="Dictionary Should Contain Key" owner="Collections">
<msg time="2024-04-30T04:17:25.390269" level="INFO">False</msg>
<arg>${json_data['results'][0]['login']}</arg>
<arg>${keyTwo}</arg>
<doc>Fails if ``key`` is not found from ``dictionary``.</doc>
<status status="PASS" start="2024-04-30T04:17:25.389887" elapsed="0.000420"/>
</kw>
<kw name="Dictionary Should Contain Key" owner="Collections">
<msg time="2024-04-30T04:17:25.391102" level="INFO">False</msg>
<arg>${json_data['results'][0]['login']}</arg>
<arg>${keyTwo}</arg>
<doc>Fails if ``key`` is not found from ``dictionary``.</doc>
<status status="PASS" start="2024-04-30T04:17:25.390640" elapsed="0.000500"/>
</kw>
<kw name="Log" owner="BuiltIn">
<msg time="2024-04-30T04:17:25.391564" level="INFO">password</msg>
<arg>${keyTwo}</arg>
<doc>Logs the given message with the given level.</doc>
<status status="PASS" start="2024-04-30T04:17:25.391437" elapsed="0.000165"/>
</kw>
<var name="${keyTwo}">password</var>
<status status="PASS" start="2024-04-30T04:17:25.389780" elapsed="0.002037"/>
</iter>
<var>${keyTwo}</var>
<value>@{expected_keysTwo}</value>
<status status="PASS" start="2024-04-30T04:17:25.387504" elapsed="0.004435"/>
</for>
<status status="PASS" start="2024-04-30T04:17:25.275152" elapsed="0.116924"/>
</kw>
<doc>Testa a estrutura da resposta da API.</doc>
<tag>testeEstruturaResposta</tag>
<status status="PASS" start="2024-04-30T04:17:25.274674" elapsed="0.117549"/>
</test>
<test id="s1-s1-t4" name="Validar tipos de dados" line="28">
<kw name="Teste de Tipos de Dados" owner="random-user-service">
<kw name="GET On Session" owner="RequestsLibrary">
<msg time="2024-04-30T04:17:25.472894" level="INFO">GET Request : url=https://randomuser.me/api 
 path_url=/api 
 headers={'User-Agent': 'python-requests/2.31.0', 'Accept-Encoding': 'gzip, deflate', 'Accept': '*/*', 'Connection': 'keep-alive'} 
 body=None 
 </msg>
<msg time="2024-04-30T04:17:25.472959" level="INFO">GET Response : url=https://randomuser.me/api 
 status=200, reason=OK 
 headers={'Date': 'Tue, 30 Apr 2024 04:17:25 GMT', 'Content-Type': 'application/json; charset=utf-8', 'Transfer-Encoding': 'chunked', 'Connection': 'keep-alive', 'X-Powered-By': 'Express', 'Access-Control-Allow-Origin': '*', 'Cache-Control': 'no-cache', 'ETag': 'W/"497-Wjt4QwKO4xvWP7NJtVoTPQ4hnMw"', 'Vary': 'Accept-Encoding', 'Content-Encoding': 'gzip', 'CF-Cache-Status': 'DYNAMIC', 'Report-To': '{"endpoints":[{"url":"https:\\/\\/a.nel.cloudflare.com\\/report\\/v4?s=MBs69cT41GbyRr3ucOpMyIy03mIrXMl%2F1PP5H4vwqwLtH%2B%2BlLMWZj85VAtngtOzMnNVMwxhnLkRL4gwzeig85u7kyHvNFGYDC0votHuTMlkyd55%2FWgI89Y1sUyvSpkbs"}],"group":"cf-nel","max_age":604800}', 'NEL': '{"success_fraction":0,"report_to":"cf-nel","max_age":604800}', 'Server': 'cloudflare', 'CF-RAY': '87c4b8d5b8e43897-IAD', 'alt-svc': 'h3=":443"; ma=86400'} 
 body={"results":[{"gender":"female","name":{"title":"Mademoiselle","first":"Nada","last":"Roux"},"location":{"street":{"number":3534,"name":"Rue de la Baleine"},"city":"Birmensdorf (Zh)","state":"Aargau","country":"Switzerland","postcode":6428,"coordinates":{"latitude":"-56.0576","longitude":"145.3834"},"timezone":{"offset":"+9:30","description":"Adelaide, Darwin"}},"email":"nada.roux@example.com","login":{"uuid":"be8e5910-59d5-4816-9c7f-4faa849ece50","username":"whitefish967","password":"jeffery","salt":"MYwIhzeV","md5":"364c2748ea7b37a27a308b52db41f136","sha1":"8923e35e11783d54d361ad08bee458341fab47b8","sha256":"0e9b09984c03ac0161cc5d14b5f9366dd3ebb525991127e86f79435d9247c9b4"},"dob":{"date":"1983-06-21T23:35:08.064Z","age":40},"registered":{"date":"2015-03-13T08:39:03.520Z","age":9},"phone":"079 783 08 91","cell":"078 472 26 88","id":{"name":"AVS","value":"756.1520.7539.68"},"picture":{"large":"https://randomuser.me/api/portraits/women/54.jpg","medium":"https://randomuser.me/api/portraits/med/women/54.jpg","thumbnail":"https://randomuser.me/api/portraits/thumb/women/54.jpg"},"nat":"CH"}],"info":{"seed":"5dcecc82c86571a4","results":1,"page":1,"version":"1.4"}} 
 </msg>
<msg time="2024-04-30T04:17:25.473033" level="INFO">/opt/hostedtoolcache/Python/3.12.3/x64/lib/python3.12/site-packages/urllib3/connectionpool.py:1103: InsecureRequestWarning: Unverified HTTPS request is being made to host 'randomuser.me'. Adding certificate verification is strongly advised. See: https://urllib3.readthedocs.io/en/latest/advanced-usage.html#tls-warnings
  warnings.warn(</msg>
<msg time="2024-04-30T04:17:25.473138" level="INFO">${response} = &lt;Response [200]&gt;</msg>
<var>${response}</var>
<arg>consultarAPI</arg>
<arg>/api</arg>
<doc>Sends a GET request on a previously created HTTP Session.</doc>
<status status="PASS" start="2024-04-30T04:17:25.394636" elapsed="0.078544"/>
</kw>
<kw name="Set Variable" owner="BuiltIn">
<msg time="2024-04-30T04:17:25.473971" level="INFO">${json_data} = {'results': [{'gender': 'female', 'name': {'title': 'Mademoiselle', 'first': 'Nada', 'last': 'Roux'}, 'location': {'street': {'number': 3534, 'name': 'Rue de la Baleine'}, 'city': 'Birmensdorf (Zh)', ...</msg>
<var>${json_data}</var>
<arg>${response.json()}</arg>
<doc>Returns the given values which can then be assigned to a variables.</doc>
<status status="PASS" start="2024-04-30T04:17:25.473522" elapsed="0.000477"/>
</kw>
<kw name="Log" owner="BuiltIn">
<msg time="2024-04-30T04:17:25.474454" level="INFO">{'results': [{'gender': 'female', 'name': {'title': 'Mademoiselle', 'first': 'Nada', 'last': 'Roux'}, 'location': {'street': {'number': 3534, 'name': 'Rue de la Baleine'}, 'city': 'Birmensdorf (Zh)', 'state': 'Aargau', 'country': 'Switzerland', 'postcode': 6428, 'coordinates': {'latitude': '-56.0576', 'longitude': '145.3834'}, 'timezone': {'offset': '+9:30', 'description': 'Adelaide, Darwin'}}, 'email': 'nada.roux@example.com', 'login': {'uuid': 'be8e5910-59d5-4816-9c7f-4faa849ece50', 'username': 'whitefish967', 'password': 'jeffery', 'salt': 'MYwIhzeV', 'md5': '364c2748ea7b37a27a308b52db41f136', 'sha1': '8923e35e11783d54d361ad08bee458341fab47b8', 'sha256': '0e9b09984c03ac0161cc5d14b5f9366dd3ebb525991127e86f79435d9247c9b4'}, 'dob': {'date': '1983-06-21T23:35:08.064Z', 'age': 40}, 'registered': {'date': '2015-03-13T08:39:03.520Z', 'age': 9}, 'phone': '079 783 08 91', 'cell': '078 472 26 88', 'id': {'name': 'AVS', 'value': '756.1520.7539.68'}, 'picture': {'large': 'https://randomuser.me/api/portraits/women/54.jpg', 'medium': 'https://randomuser.me/api/portraits/med/women/54.jpg', 'thumbnail': 'https://randomuser.me/api/portraits/thumb/women/54.jpg'}, 'nat': 'CH'}], 'info': {'seed': '5dcecc82c86571a4', 'results': 1, 'page': 1, 'version': '1.4'}}</msg>
<arg>${json_data}</arg>
<doc>Logs the given message with the given level.</doc>
<status status="PASS" start="2024-04-30T04:17:25.474304" elapsed="0.000271"/>
</kw>
<kw name="Should Be String" owner="String">
<arg>${json_data['results'][0]['gender']}</arg>
<doc>Fails if the given ``item`` is not a string.</doc>
<status status="PASS" start="2024-04-30T04:17:25.474880" elapsed="0.000355"/>
</kw>
<kw name="Should Match Regexp" owner="BuiltIn">
<arg>${json_data['results'][0]['email']}</arg>
<arg>^[a-zA-Z0-9._%+-]+@[a-zA-Z0-9.-]+\.[a-zA-Z]{2,}$</arg>
<doc>Fails if ``string`` does not match ``pattern`` as a regular expression.</doc>
<status status="PASS" start="2024-04-30T04:17:25.475424" elapsed="0.000507"/>
</kw>
<kw name="Should Match Regexp" owner="BuiltIn">
<arg>${json_data['results'][0]['dob']['date']}</arg>
<arg>\\d{4}-\\d{2}-\\d{2}T\\d{2}:\\d{2}:\\d{2}\\.\\d{3}Z</arg>
<doc>Fails if ``string`` does not match ``pattern`` as a regular expression.</doc>
<status status="PASS" start="2024-04-30T04:17:25.476125" elapsed="0.000500"/>
</kw>
<kw name="Should Match Regexp" owner="BuiltIn">
<arg>${json_data['results'][0]['registered']['date']}</arg>
<arg>\\d{4}-\\d{2}-\\d{2}T\\d{2}:\\d{2}:\\d{2}\\.\\d{3}Z</arg>
<doc>Fails if ``string`` does not match ``pattern`` as a regular expression.</doc>
<status status="PASS" start="2024-04-30T04:17:25.476815" elapsed="0.000363"/>
</kw>
<kw name="Should Match Regexp" owner="BuiltIn">
<arg>${json_data['results'][0]['picture']['large']}</arg>
<arg>^https?://.*\.(?:png|jpe?g|gif|bmp)$</arg>
<doc>Fails if ``string`` does not match ``pattern`` as a regular expression.</doc>
<status status="PASS" start="2024-04-30T04:17:25.477362" elapsed="0.000459"/>
</kw>
<kw name="Should Match Regexp" owner="BuiltIn">
<arg>${json_data['results'][0]['picture']['medium']}</arg>
<arg>^https?://.*\.(?:png|jpe?g|gif|bmp)$</arg>
<doc>Fails if ``string`` does not match ``pattern`` as a regular expression.</doc>
<status status="PASS" start="2024-04-30T04:17:25.478011" elapsed="0.000360"/>
</kw>
<kw name="Should Match Regexp" owner="BuiltIn">
<arg>${json_data['results'][0]['picture']['thumbnail']}</arg>
<arg>^https?://.*\.(?:png|jpe?g|gif|bmp)$</arg>
<doc>Fails if ``string`` does not match ``pattern`` as a regular expression.</doc>
<status status="PASS" start="2024-04-30T04:17:25.478592" elapsed="0.000364"/>
</kw>
<kw name="Log" owner="BuiltIn">
<msg time="2024-04-30T04:17:25.479468" level="INFO">{'large': 'https://randomuser.me/api/portraits/women/54.jpg', 'medium': 'https://randomuser.me/api/portraits/med/women/54.jpg', 'thumbnail': 'https://randomuser.me/api/portraits/thumb/women/54.jpg'}</msg>
<arg>${json_data['results'][0]['picture']}</arg>
<doc>Logs the given message with the given level.</doc>
<status status="PASS" start="2024-04-30T04:17:25.479135" elapsed="0.000374"/>
</kw>
<status status="PASS" start="2024-04-30T04:17:25.394379" elapsed="0.085381"/>
</kw>
<kw name="Teste de Tipos de Dados - Postcode" owner="random-user-service">
<kw name="GET On Session" owner="RequestsLibrary">
<msg time="2024-04-30T04:17:25.572277" level="INFO">GET Request : url=https://randomuser.me/api 
 path_url=/api 
 headers={'User-Agent': 'python-requests/2.31.0', 'Accept-Encoding': 'gzip, deflate', 'Accept': '*/*', 'Connection': 'keep-alive'} 
 body=None 
 </msg>
<msg time="2024-04-30T04:17:25.572377" level="INFO">GET Response : url=https://randomuser.me/api 
 status=200, reason=OK 
 headers={'Date': 'Tue, 30 Apr 2024 04:17:25 GMT', 'Content-Type': 'application/json; charset=utf-8', 'Transfer-Encoding': 'chunked', 'Connection': 'keep-alive', 'X-Powered-By': 'Express', 'Access-Control-Allow-Origin': '*', 'Cache-Control': 'no-cache', 'ETag': 'W/"485-K7MW5AL/1xu7PT1Hx9M2XZP63Vs"', 'Vary': 'Accept-Encoding', 'Content-Encoding': 'gzip', 'CF-Cache-Status': 'DYNAMIC', 'Report-To': '{"endpoints":[{"url":"https:\\/\\/a.nel.cloudflare.com\\/report\\/v4?s=DyY36CDv%2FwQG8VY85XvPIsd5zXaZuWFGd5D6vqqCgWCnb3ZDpFaQUmSZN6YhSgbQifFhPEmxROnoMIPraoN4FLWE7Tj4BGagZ8CfmxUJIsAUvxvWQUfAT9l7XaZdPK9v"}],"group":"cf-nel","max_age":604800}', 'NEL': '{"success_fraction":0,"report_to":"cf-nel","max_age":604800}', 'Server': 'cloudflare', 'CF-RAY': '87c4b8d6498e3897-IAD', 'alt-svc': 'h3=":443"; ma=86400'} 
 body={"results":[{"gender":"female","name":{"title":"Mrs","first":"Buse","last":"Koyuncu"},"location":{"street":{"number":1487,"name":"Filistin Cd"},"city":"Artvin","state":"Malatya","country":"Turkey","postcode":12957,"coordinates":{"latitude":"66.5676","longitude":"175.8120"},"timezone":{"offset":"+8:00","description":"Beijing, Perth, Singapore, Hong Kong"}},"email":"buse.koyuncu@example.com","login":{"uuid":"287d2918-072d-4fb6-974b-53b856b35431","username":"sadgoose319","password":"defense","salt":"Ck18RA1E","md5":"df9803f7fc34ec8a21336a195ced5369","sha1":"344cb5222328ea1063f238a1490a0beda54119dc","sha256":"db2d9f3ce4374b4ed4006336892ff598ce0de91da0e0bc358450eeab8fb43a8c"},"dob":{"date":"1985-05-14T20:50:03.454Z","age":38},"registered":{"date":"2012-10-21T20:32:47.560Z","age":11},"phone":"(472)-332-0606","cell":"(168)-430-5931","id":{"name":"","value":null},"picture":{"large":"https://randomuser.me/api/portraits/women/31.jpg","medium":"https://randomuser.me/api/portraits/med/women/31.jpg","thumbnail":"https://randomuser.me/api/portraits/thumb/women/31.jpg"},"nat":"TR"}],"info":{"seed":"39e0e888d165aaf7","results":1,"page":1,"version":"1.4"}} 
 </msg>
<msg time="2024-04-30T04:17:25.572475" level="INFO">/opt/hostedtoolcache/Python/3.12.3/x64/lib/python3.12/site-packages/urllib3/connectionpool.py:1103: InsecureRequestWarning: Unverified HTTPS request is being made to host 'randomuser.me'. Adding certificate verification is strongly advised. See: https://urllib3.readthedocs.io/en/latest/advanced-usage.html#tls-warnings
  warnings.warn(</msg>
<msg time="2024-04-30T04:17:25.572626" level="INFO">${response} = &lt;Response [200]&gt;</msg>
<var>${response}</var>
<arg>consultarAPI</arg>
<arg>/api</arg>
<doc>Sends a GET request on a previously created HTTP Session.</doc>
<status status="PASS" start="2024-04-30T04:17:25.480194" elapsed="0.092471"/>
</kw>
<kw name="Set Variable" owner="BuiltIn">
<msg time="2024-04-30T04:17:25.573607" level="INFO">${json_data} = {'results': [{'gender': 'female', 'name': {'title': 'Mrs', 'first': 'Buse', 'last': 'Koyuncu'}, 'location': {'street': {'number': 1487, 'name': 'Filistin Cd'}, 'city': 'Artvin', 'state': 'Malatya', 'c...</msg>
<var>${json_data}</var>
<arg>${response.json()}</arg>
<doc>Returns the given values which can then be assigned to a variables.</doc>
<status status="PASS" start="2024-04-30T04:17:25.573132" elapsed="0.000503"/>
</kw>
<kw name="Log" owner="BuiltIn">
<msg time="2024-04-30T04:17:25.574115" level="INFO">{'results': [{'gender': 'female', 'name': {'title': 'Mrs', 'first': 'Buse', 'last': 'Koyuncu'}, 'location': {'street': {'number': 1487, 'name': 'Filistin Cd'}, 'city': 'Artvin', 'state': 'Malatya', 'country': 'Turkey', 'postcode': 12957, 'coordinates': {'latitude': '66.5676', 'longitude': '175.8120'}, 'timezone': {'offset': '+8:00', 'description': 'Beijing, Perth, Singapore, Hong Kong'}}, 'email': 'buse.koyuncu@example.com', 'login': {'uuid': '287d2918-072d-4fb6-974b-53b856b35431', 'username': 'sadgoose319', 'password': 'defense', 'salt': 'Ck18RA1E', 'md5': 'df9803f7fc34ec8a21336a195ced5369', 'sha1': '344cb5222328ea1063f238a1490a0beda54119dc', 'sha256': 'db2d9f3ce4374b4ed4006336892ff598ce0de91da0e0bc358450eeab8fb43a8c'}, 'dob': {'date': '1985-05-14T20:50:03.454Z', 'age': 38}, 'registered': {'date': '2012-10-21T20:32:47.560Z', 'age': 11}, 'phone': '(472)-332-0606', 'cell': '(168)-430-5931', 'id': {'name': '', 'value': None}, 'picture': {'large': 'https://randomuser.me/api/portraits/women/31.jpg', 'medium': 'https://randomuser.me/api/portraits/med/women/31.jpg', 'thumbnail': 'https://randomuser.me/api/portraits/thumb/women/31.jpg'}, 'nat': 'TR'}], 'info': {'seed': '39e0e888d165aaf7', 'results': 1, 'page': 1, 'version': '1.4'}}</msg>
<arg>${json_data}</arg>
<doc>Logs the given message with the given level.</doc>
<status status="PASS" start="2024-04-30T04:17:25.573957" elapsed="0.000239"/>
</kw>
<kw name="Should Be Equal As Numbers" owner="BuiltIn">
<arg>${json_data['results'][0]['location']['postcode']}</arg>
<arg>${json_data['results'][0]['location']['postcode']}</arg>
<doc>Fails if objects are unequal after converting them to real numbers.</doc>
<status status="PASS" start="2024-04-30T04:17:25.574533" elapsed="0.000793"/>
</kw>
<kw name="Log" owner="BuiltIn">
<msg time="2024-04-30T04:17:25.575861" level="INFO">12957</msg>
<arg>${json_data['results'][0]['location']['postcode']}</arg>
<doc>Logs the given message with the given level.</doc>
<status status="PASS" start="2024-04-30T04:17:25.575521" elapsed="0.000381"/>
</kw>
<status status="PASS" start="2024-04-30T04:17:25.479971" elapsed="0.096184"/>
</kw>
<doc>Testa se os tipos de dados na resposta da API estão corretos.</doc>
<tag>testeTiposDados</tag>
<status status="PASS" start="2024-04-30T04:17:25.393961" elapsed="0.182360"/>
</test>
<test id="s1-s1-t5" name="Validar conteudo" line="35">
<kw name="Teste de Tipos de Conteudo" owner="random-user-service">
<kw name="GET On Session" owner="RequestsLibrary">
<msg time="2024-04-30T04:17:25.671448" level="INFO">GET Request : url=https://randomuser.me/api 
 path_url=/api 
 headers={'User-Agent': 'python-requests/2.31.0', 'Accept-Encoding': 'gzip, deflate', 'Accept': '*/*', 'Connection': 'keep-alive'} 
 body=None 
 </msg>
<msg time="2024-04-30T04:17:25.671547" level="INFO">GET Response : url=https://randomuser.me/api 
 status=200, reason=OK 
 headers={'Date': 'Tue, 30 Apr 2024 04:17:25 GMT', 'Content-Type': 'application/json; charset=utf-8', 'Transfer-Encoding': 'chunked', 'Connection': 'keep-alive', 'X-Powered-By': 'Express', 'Access-Control-Allow-Origin': '*', 'Cache-Control': 'no-cache', 'ETag': 'W/"494-CXZTkE7n0YkXl4IRYF3NU2avCVc"', 'Vary': 'Accept-Encoding', 'Content-Encoding': 'gzip', 'CF-Cache-Status': 'DYNAMIC', 'Report-To': '{"endpoints":[{"url":"https:\\/\\/a.nel.cloudflare.com\\/report\\/v4?s=Y%2BkKMSiR7xuUHdEqiLxmr3sYmoi7YXr0m34ILbSSkefBWFHr%2FroahVoKDZG8I46PUP0pFdm3yGpl2Cx0j%2BCnJ93D5gAsqH4QjbtKErERG5yUzH%2B28QQO%2BtYPKGXeDHTq"}],"group":"cf-nel","max_age":604800}', 'NEL': '{"success_fraction":0,"report_to":"cf-nel","max_age":604800}', 'Server': 'cloudflare', 'CF-RAY': '87c4b8d6ea393897-IAD', 'alt-svc': 'h3=":443"; ma=86400'} 
 body={"results":[{"gender":"male","name":{"title":"Mr","first":"Pedro","last":"Zach"},"location":{"street":{"number":6313,"name":"Fliederweg"},"city":"Külsheim","state":"Niedersachsen","country":"Germany","postcode":74648,"coordinates":{"latitude":"-54.5254","longitude":"-14.9873"},"timezone":{"offset":"+5:30","description":"Bombay, Calcutta, Madras, New Delhi"}},"email":"pedro.zach@example.com","login":{"uuid":"cfba578b-0910-45b3-b1d9-382f8d9dff3c","username":"ticklishmeercat286","password":"aggies","salt":"bKeavRmo","md5":"32183eba637d4980bdcc894ae6ee58c6","sha1":"22d177a2af4d6db1a022ba632e07b53f98c9551e","sha256":"d3249d57f5ea03c8cc0e454e6f63b42a3acb5db17976ae8c77952160e07a762d"},"dob":{"date":"1974-10-19T13:49:54.473Z","age":49},"registered":{"date":"2005-11-07T20:40:45.793Z","age":18},"phone":"0586-8991734","cell":"0173-5007130","id":{"name":"SVNR","value":"28 191074 Z 069"},"picture":{"large":"https://randomuser.me/api/portraits/men/98.jpg","medium":"https://randomuser.me/api/portraits/med/men/98.jpg","thumbnail":"https://randomuser.me/api/portraits/thumb/men/98.jpg"},"nat":"DE"}],"info":{"seed":"ff51950dba9d54b6","results":1,"page":1,"version":"1.4"}} 
 </msg>
<msg time="2024-04-30T04:17:25.671648" level="INFO">/opt/hostedtoolcache/Python/3.12.3/x64/lib/python3.12/site-packages/urllib3/connectionpool.py:1103: InsecureRequestWarning: Unverified HTTPS request is being made to host 'randomuser.me'. Adding certificate verification is strongly advised. See: https://urllib3.readthedocs.io/en/latest/advanced-usage.html#tls-warnings
  warnings.warn(</msg>
<msg time="2024-04-30T04:17:25.671795" level="INFO">${response} = &lt;Response [200]&gt;</msg>
<var>${response}</var>
<arg>consultarAPI</arg>
<arg>/api</arg>
<doc>Sends a GET request on a previously created HTTP Session.</doc>
<status status="PASS" start="2024-04-30T04:17:25.578765" elapsed="0.093098"/>
</kw>
<kw name="Set Variable" owner="BuiltIn">
<msg time="2024-04-30T04:17:25.672946" level="INFO">${json_data} = {'results': [{'gender': 'male', 'name': {'title': 'Mr', 'first': 'Pedro', 'last': 'Zach'}, 'location': {'street': {'number': 6313, 'name': 'Fliederweg'}, 'city': 'Külsheim', 'state': 'Niedersachsen', ...</msg>
<var>${json_data}</var>
<arg>${response.json()}</arg>
<doc>Returns the given values which can then be assigned to a variables.</doc>
<status status="PASS" start="2024-04-30T04:17:25.672359" elapsed="0.000616"/>
</kw>
<kw name="Set Variable" owner="BuiltIn">
<msg time="2024-04-30T04:17:25.673675" level="INFO">${name_title} = Mr</msg>
<var>${name_title}</var>
<arg>${json_data["results"][0]["name"]["title"]}</arg>
<doc>Returns the given values which can then be assigned to a variables.</doc>
<status status="PASS" start="2024-04-30T04:17:25.673285" elapsed="0.000416"/>
</kw>
<kw name="Create List" owner="BuiltIn">
<msg time="2024-04-30T04:17:25.674176" level="INFO">${allowed_titles} = ['Mr', 'Ms', 'Miss', 'Mrs', 'Madame', 'Monsieur']</msg>
<var>${allowed_titles}</var>
<arg>Mr</arg>
<arg>Ms</arg>
<arg>Miss</arg>
<arg>Mrs</arg>
<arg>Madame</arg>
<arg>Monsieur</arg>
<doc>Returns a list containing given items.</doc>
<status status="PASS" start="2024-04-30T04:17:25.674015" elapsed="0.000185"/>
</kw>
<kw name="List Should Contain Value" owner="Collections">
<msg time="2024-04-30T04:17:25.674726" level="INFO">False</msg>
<arg>${allowed_titles}</arg>
<arg>${name_title}</arg>
<doc>Fails if the ``value`` is not found from ``list``.</doc>
<status status="PASS" start="2024-04-30T04:17:25.674537" elapsed="0.000228"/>
</kw>
<kw name="Set Variable" owner="BuiltIn">
<msg time="2024-04-30T04:17:25.675454" level="INFO">${name_country} = DE</msg>
<var>${name_country}</var>
<arg>${json_data["results"][0]["nat"]}</arg>
<doc>Returns the given values which can then be assigned to a variables.</doc>
<status status="PASS" start="2024-04-30T04:17:25.675059" elapsed="0.000420"/>
</kw>
<kw name="Create List" owner="BuiltIn">
<msg time="2024-04-30T04:17:25.676369" level="INFO">${list_country} = ['AD', 'AE', 'AF', 'AG', 'AI', 'AL', 'AM', 'AO', 'AQ', 'AR', 'AS', 'AT', 'AU', 'AW', 'AX', 'AZ', 'BA', 'BB', 'BD', 'BE', 'BF', 'BG', 'BH', 'BI', 'BJ', 'BL', 'BM', 'BN', 'BO', 'BQ', 'BR', 'BS', 'BT', '...</msg>
<var>${list_country}</var>
<arg>AD</arg>
<arg>AE</arg>
<arg>AF</arg>
<arg>AG</arg>
<arg>AI</arg>
<arg>AL</arg>
<arg>AM</arg>
<arg>AO</arg>
<arg>AQ</arg>
<arg>AR</arg>
<arg>AS</arg>
<arg>AT</arg>
<arg>AU</arg>
<arg>AW</arg>
<arg>AX</arg>
<arg>AZ</arg>
<arg>BA</arg>
<arg>BB</arg>
<arg>BD</arg>
<arg>BE</arg>
<arg>BF</arg>
<arg>BG</arg>
<arg>BH</arg>
<arg>BI</arg>
<arg>BJ</arg>
<arg>BL</arg>
<arg>BM</arg>
<arg>BN</arg>
<arg>BO</arg>
<arg>BQ</arg>
<arg>BR</arg>
<arg>BS</arg>
<arg>BT</arg>
<arg>BV</arg>
<arg>BW</arg>
<arg>BY</arg>
<arg>BZ</arg>
<arg>CA</arg>
<arg>CC</arg>
<arg>CD</arg>
<arg>CF</arg>
<arg>CG</arg>
<arg>CH</arg>
<arg>CI</arg>
<arg>CK</arg>
<arg>CL</arg>
<arg>CM</arg>
<arg>CN</arg>
<arg>CO</arg>
<arg>CR</arg>
<arg>CU</arg>
<arg>CV</arg>
<arg>CW</arg>
<arg>CX</arg>
<arg>CY</arg>
<arg>CZ</arg>
<arg>DE</arg>
<arg>DJ</arg>
<arg>DK</arg>
<arg>DM</arg>
<arg>DO</arg>
<arg>DZ</arg>
<arg>EC</arg>
<arg>EE</arg>
<arg>EG</arg>
<arg>EH</arg>
<arg>ER</arg>
<arg>ES</arg>
<arg>ET</arg>
<arg>FI</arg>
<arg>FJ</arg>
<arg>FK</arg>
<arg>FM</arg>
<arg>FO</arg>
<arg>FR</arg>
<arg>GA</arg>
<arg>GB</arg>
<arg>GD</arg>
<arg>GE</arg>
<arg>GF</arg>
<arg>GG</arg>
<arg>GH</arg>
<arg>GI</arg>
<arg>GL</arg>
<arg>GM</arg>
<arg>GN</arg>
<arg>GP</arg>
<arg>GQ</arg>
<arg>GR</arg>
<arg>GS</arg>
<arg>GT</arg>
<arg>GU</arg>
<arg>GW</arg>
<arg>GY</arg>
<arg>HK</arg>
<arg>HM</arg>
<arg>HN</arg>
<arg>HR</arg>
<arg>HT</arg>
<arg>HU</arg>
<arg>ID</arg>
<arg>IE</arg>
<arg>IL</arg>
<arg>IM</arg>
<arg>IN</arg>
<arg>IO</arg>
<arg>IQ</arg>
<arg>IR</arg>
<arg>IS</arg>
<arg>IT</arg>
<arg>JE</arg>
<arg>JM</arg>
<arg>JO</arg>
<arg>JP</arg>
<arg>KE</arg>
<arg>KG</arg>
<arg>KH</arg>
<arg>KI</arg>
<arg>KM</arg>
<arg>KN</arg>
<arg>KP</arg>
<arg>KR</arg>
<arg>KW</arg>
<arg>KY</arg>
<arg>KZ</arg>
<arg>LA</arg>
<arg>LB</arg>
<arg>LC</arg>
<arg>LI</arg>
<arg>LK</arg>
<arg>LR</arg>
<arg>LS</arg>
<arg>LT</arg>
<arg>LU</arg>
<arg>LV</arg>
<arg>LY</arg>
<arg>MA</arg>
<arg>MC</arg>
<arg>MD</arg>
<arg>ME</arg>
<arg>MF</arg>
<arg>MG</arg>
<arg>MH</arg>
<arg>MK</arg>
<arg>ML</arg>
<arg>MM</arg>
<arg>MN</arg>
<arg>MO</arg>
<arg>MP</arg>
<arg>MQ</arg>
<arg>MR</arg>
<arg>MS</arg>
<arg>MT</arg>
<arg>MU</arg>
<arg>MV</arg>
<arg>MW</arg>
<arg>MX</arg>
<arg>MY</arg>
<arg>MZ</arg>
<arg>NA</arg>
<arg>NC</arg>
<arg>NE</arg>
<arg>NF</arg>
<arg>NG</arg>
<arg>NI</arg>
<arg>NL</arg>
<arg>NO</arg>
<arg>NP</arg>
<arg>NR</arg>
<arg>NU</arg>
<arg>NZ</arg>
<arg>OM</arg>
<arg>PA</arg>
<arg>PE</arg>
<arg>PF</arg>
<arg>PG</arg>
<arg>PH</arg>
<arg>PK</arg>
<arg>PL</arg>
<arg>PM</arg>
<arg>PN</arg>
<arg>PR</arg>
<arg>PS</arg>
<arg>PT</arg>
<arg>PW</arg>
<arg>PY</arg>
<arg>QA</arg>
<arg>RE</arg>
<arg>RO</arg>
<arg>RS</arg>
<arg>RU</arg>
<arg>RW</arg>
<arg>SA</arg>
<arg>SB</arg>
<arg>SC</arg>
<arg>SD</arg>
<arg>SE</arg>
<arg>SG</arg>
<arg>SH</arg>
<arg>SI</arg>
<arg>SJ</arg>
<arg>SK</arg>
<arg>SL</arg>
<arg>SM</arg>
<arg>SN</arg>
<arg>SO</arg>
<arg>SR</arg>
<arg>SS</arg>
<arg>ST</arg>
<arg>SV</arg>
<arg>SX</arg>
<arg>SY</arg>
<arg>SZ</arg>
<arg>TC</arg>
<arg>TD</arg>
<arg>TF</arg>
<arg>TG</arg>
<arg>TH</arg>
<arg>TJ</arg>
<arg>TK</arg>
<arg>TL</arg>
<arg>TM</arg>
<arg>TN</arg>
<arg>TO</arg>
<arg>TR</arg>
<arg>TT</arg>
<arg>TV</arg>
<arg>TW</arg>
<arg>TZ</arg>
<arg>UA</arg>
<arg>UG</arg>
<arg>UM</arg>
<arg>US</arg>
<arg>UY</arg>
<arg>UZ</arg>
<arg>VA</arg>
<arg>VC</arg>
<arg>VE</arg>
<arg>VG</arg>
<arg>VI</arg>
<arg>VN</arg>
<arg>VU</arg>
<arg>WF</arg>
<arg>WS</arg>
<arg>XK</arg>
<arg>YE</arg>
<arg>YT</arg>
<arg>ZA</arg>
<arg>ZM</arg>
<arg>ZW</arg>
<doc>Returns a list containing given items.</doc>
<status status="PASS" start="2024-04-30T04:17:25.675784" elapsed="0.000610"/>
</kw>
<kw name="List Should Contain Value" owner="Collections">
<msg time="2024-04-30T04:17:25.677394" level="INFO">False</msg>
<arg>${list_country}</arg>
<arg>${name_country}</arg>
<doc>Fails if the ``value`` is not found from ``list``.</doc>
<status status="PASS" start="2024-04-30T04:17:25.677193" elapsed="0.000239"/>
</kw>
<kw name="Run Keyword If" owner="BuiltIn">
<kw name="Should Be True" owner="BuiltIn">
<arg>${True}</arg>
<doc>Fails if the given condition is not true.</doc>
<status status="PASS" start="2024-04-30T04:17:25.678530" elapsed="0.000154"/>
</kw>
<arg>${json_data["results"][0]["location"]["coordinates"]["latitude"]} &gt;= -90 and ${json_data["results"][0]["location"]["coordinates"]["latitude"]} &lt;= 90</arg>
<arg>Should Be True</arg>
<arg>${True}</arg>
<doc>Runs the given keyword with the given arguments, if ``condition`` is true.</doc>
<status status="PASS" start="2024-04-30T04:17:25.677743" elapsed="0.001068"/>
</kw>
<kw name="Run Keyword If" owner="BuiltIn">
<kw name="Should Be True" owner="BuiltIn">
<arg>${True}</arg>
<doc>Fails if the given condition is not true.</doc>
<status status="PASS" start="2024-04-30T04:17:25.679714" elapsed="0.000246"/>
</kw>
<arg>${json_data["results"][0]["location"]["coordinates"]["longitude"]} &gt;= -180 and ${json_data["results"][0]["location"]["coordinates"]["longitude"]} &lt;= 180</arg>
<arg>Should Be True</arg>
<arg>${True}</arg>
<doc>Runs the given keyword with the given arguments, if ``condition`` is true.</doc>
<status status="PASS" start="2024-04-30T04:17:25.678998" elapsed="0.001091"/>
</kw>
<status status="PASS" start="2024-04-30T04:17:25.578538" elapsed="0.101685"/>
</kw>
<doc>Testa o conteúdo específico dos campos retornados pela API.</doc>
<tag>testeConteudo</tag>
<status status="PASS" start="2024-04-30T04:17:25.578090" elapsed="0.102280"/>
</test>
<status status="PASS" start="2024-04-30T04:17:24.892999" elapsed="0.789319"/>
</suite>
<status status="PASS" start="2024-04-30T04:17:24.879457" elapsed="0.808001"/>
</suite>
<statistics>
<total>
<stat pass="5" fail="0" skip="0">All Tests</stat>
</total>
<tag>
<stat pass="1" fail="0" skip="0">testeConteudo</stat>
<stat pass="1" fail="0" skip="0">testeEstruturaResposta</stat>
<stat pass="1" fail="0" skip="0">testeRequisicaoBasica</stat>
<stat pass="1" fail="0" skip="0">testeTiposDados</stat>
</tag>
<suite>
<stat pass="5" fail="0" skip="0" id="s1" name="Tests">Tests</stat>
<stat pass="5" fail="0" skip="0" id="s1-s1" name="Random-User-Test">Tests.Random-User-Test</stat>
</suite>
</statistics>
<errors>
</errors>
</robot>
