<?xml version="1.0" encoding="UTF-8"?>
<robot generator="Robot 7.0 (Python 3.12.3 on linux)" generated="2024-05-09T05:15:02.783476" rpa="false" schemaversion="5">
<suite id="s1" name="Tests" source="/home/runner/work/DesafioQAItauRogerioJordao/DesafioQAItauRogerioJordao/RamdonUser/tests">
<suite id="s1-s1" name="Random-User-Test" source="/home/runner/work/DesafioQAItauRogerioJordao/DesafioQAItauRogerioJordao/RamdonUser/tests/random-user-test.robot">
<test id="s1-s1-t1" name="Conectar" line="13">
<kw name="Conectar API" owner="random-user-service">
<kw name="Create Session" owner="RequestsLibrary">
<msg time="2024-05-09T05:15:03.144291" level="INFO">Creating Session using : alias=consultarAPI, url=https://randomuser.me/, headers={},                     cookies={}, auth=None, timeout=None, proxies=None, verify=False,                     debug=0 </msg>
<arg>consultarAPI</arg>
<arg>${URL}</arg>
<doc>Create Session: create a HTTP session to a server</doc>
<status status="PASS" start="2024-05-09T05:15:03.144089" elapsed="0.000374"/>
</kw>
<status status="PASS" start="2024-05-09T05:15:03.143137" elapsed="0.001681"/>
</kw>
<status status="PASS" start="2024-05-09T05:15:03.142602" elapsed="0.002410"/>
</test>
<test id="s1-s1-t2" name="Validar retorno 200 e JSON Válido" line="16">
<kw name="Teste de Requisicao Basica" owner="random-user-service">
<kw name="GET On Session" owner="RequestsLibrary">
<msg time="2024-05-09T05:15:03.342371" level="INFO">GET Request : url=https://randomuser.me/api 
 path_url=/api 
 headers={'User-Agent': 'python-requests/2.31.0', 'Accept-Encoding': 'gzip, deflate', 'Accept': '*/*', 'Connection': 'keep-alive'} 
 body=None 
 </msg>
<msg time="2024-05-09T05:15:03.342502" level="INFO">GET Response : url=https://randomuser.me/api 
 status=200, reason=OK 
 headers={'Date': 'Thu, 09 May 2024 05:15:03 GMT', 'Content-Type': 'application/json; charset=utf-8', 'Transfer-Encoding': 'chunked', 'Connection': 'keep-alive', 'X-Powered-By': 'Express', 'Access-Control-Allow-Origin': '*', 'Cache-Control': 'no-cache', 'ETag': 'W/"49b-VTGsFfBuRTTYORIZ4F0GpXCYurg"', 'Vary': 'Accept-Encoding', 'Content-Encoding': 'gzip', 'CF-Cache-Status': 'DYNAMIC', 'Report-To': '{"endpoints":[{"url":"https:\\/\\/a.nel.cloudflare.com\\/report\\/v4?s=3cCG%2Fqi0%2BCrs9373t7DPCfhIZVRhmrcn4fKVQMwbBJh3VHB11WEZPY%2BaKyAzu9HZbCDdola%2BV1RQermzUxCE2yZ3mlxqhd2cY4qQvjvhyYFmozjZC0d5cnZG9E3K8b36"}],"group":"cf-nel","max_age":604800}', 'NEL': '{"success_fraction":0,"report_to":"cf-nel","max_age":604800}', 'Server': 'cloudflare', 'CF-RAY': '880f35a19dc02052-IAD', 'alt-svc': 'h3=":443"; ma=86400'} 
 body={"results":[{"gender":"male","name":{"title":"Mr","first":"Majid","last":"Mooijman"},"location":{"street":{"number":5598,"name":"Cato van der Pijlland"},"city":"Sebaldeburen","state":"Noord-Holland","country":"Netherlands","postcode":"2892 LJ","coordinates":{"latitude":"31.9904","longitude":"-17.3284"},"timezone":{"offset":"+6:00","description":"Almaty, Dhaka, Colombo"}},"email":"majid.mooijman@example.com","login":{"uuid":"97c84ca9-afa5-46b5-a028-fe8c6568481d","username":"blackleopard985","password":"898989","salt":"P8MxyRtB","md5":"da63fdd5bd3d7f9396380ce678425def","sha1":"677c95bf12a7dd829af2ae42833bf511dfc73222","sha256":"005baa6b19b1a286677322b0ee63c36cc65ae14327985a653c21e6e9f2cdd98c"},"dob":{"date":"1995-05-20T22:25:13.191Z","age":28},"registered":{"date":"2012-12-27T16:52:00.468Z","age":11},"phone":"(043) 4525182","cell":"(06) 70911177","id":{"name":"BSN","value":"74579534"},"picture":{"large":"https://randomuser.me/api/portraits/men/76.jpg","medium":"https://randomuser.me/api/portraits/med/men/76.jpg","thumbnail":"https://randomuser.me/api/portraits/thumb/men/76.jpg"},"nat":"NL"}],"info":{"seed":"a2c6c20a8a2e59a9","results":1,"page":1,"version":"1.4"}} 
 </msg>
<msg time="2024-05-09T05:15:03.342616" level="INFO">/opt/hostedtoolcache/Python/3.12.3/x64/lib/python3.12/site-packages/urllib3/connectionpool.py:1103: InsecureRequestWarning: Unverified HTTPS request is being made to host 'randomuser.me'. Adding certificate verification is strongly advised. See: https://urllib3.readthedocs.io/en/latest/advanced-usage.html#tls-warnings
  warnings.warn(</msg>
<msg time="2024-05-09T05:15:03.342787" level="INFO">${response} = &lt;Response [200]&gt;</msg>
<var>${response}</var>
<arg>consultarAPI</arg>
<arg>/api</arg>
<doc>Sends a GET request on a previously created HTTP Session.</doc>
<status status="PASS" start="2024-05-09T05:15:03.147679" elapsed="0.195155"/>
</kw>
<kw name="Should Be Equal As Numbers" owner="BuiltIn">
<msg time="2024-05-09T05:15:03.343934" level="INFO">Argument types are:
&lt;class 'int'&gt;
&lt;class 'str'&gt;</msg>
<arg>${response.status_code}</arg>
<arg>200</arg>
<doc>Fails if objects are unequal after converting them to real numbers.</doc>
<status status="PASS" start="2024-05-09T05:15:03.343459" elapsed="0.000539"/>
</kw>
<kw name="Log" owner="BuiltIn">
<msg time="2024-05-09T05:15:03.344711" level="INFO">200</msg>
<arg>${response.status_code}</arg>
<doc>Logs the given message with the given level.</doc>
<status status="PASS" start="2024-05-09T05:15:03.344352" elapsed="0.000402"/>
</kw>
<kw name="Set Variable" owner="BuiltIn">
<msg time="2024-05-09T05:15:03.345501" level="INFO">${json_data} = {'results': [{'gender': 'male', 'name': {'title': 'Mr', 'first': 'Majid', 'last': 'Mooijman'}, 'location': {'street': {'number': 5598, 'name': 'Cato van der Pijlland'}, 'city': 'Sebaldeburen', 'state'...</msg>
<var>${json_data}</var>
<arg>${response.json()}</arg>
<doc>Returns the given values which can then be assigned to a variables.</doc>
<status status="PASS" start="2024-05-09T05:15:03.345068" elapsed="0.000461"/>
</kw>
<kw name="Dictionary Should Contain Key" owner="Collections">
<msg time="2024-05-09T05:15:03.345997" level="INFO">False</msg>
<arg>${json_data}</arg>
<arg>results</arg>
<doc>Fails if ``key`` is not found from ``dictionary``.</doc>
<status status="PASS" start="2024-05-09T05:15:03.345827" elapsed="0.000210"/>
</kw>
<status status="PASS" start="2024-05-09T05:15:03.147432" elapsed="0.198856"/>
</kw>
<doc>Testa se a API responde corretamente e retorna um objeto JSON válido.</doc>
<tag>testeRequisicaoBasica</tag>
<status status="PASS" start="2024-05-09T05:15:03.146948" elapsed="0.199516"/>
</test>
<test id="s1-s1-t3" name="Validar estrutura de resposta" line="22">
<kw name="Teste de Estrutura de Resposta" owner="random-user-service">
<kw name="GET On Session" owner="RequestsLibrary">
<msg time="2024-05-09T05:15:03.430854" level="INFO">GET Request : url=https://randomuser.me/api 
 path_url=/api 
 headers={'User-Agent': 'python-requests/2.31.0', 'Accept-Encoding': 'gzip, deflate', 'Accept': '*/*', 'Connection': 'keep-alive'} 
 body=None 
 </msg>
<msg time="2024-05-09T05:15:03.430943" level="INFO">GET Response : url=https://randomuser.me/api 
 status=200, reason=OK 
 headers={'Date': 'Thu, 09 May 2024 05:15:03 GMT', 'Content-Type': 'application/json; charset=utf-8', 'Transfer-Encoding': 'chunked', 'Connection': 'keep-alive', 'X-Powered-By': 'Express', 'Access-Control-Allow-Origin': '*', 'Cache-Control': 'no-cache', 'ETag': 'W/"487-N1tj9gvBLiIgiBeg+taAVyBYF0U"', 'Vary': 'Accept-Encoding', 'Content-Encoding': 'gzip', 'CF-Cache-Status': 'DYNAMIC', 'Report-To': '{"endpoints":[{"url":"https:\\/\\/a.nel.cloudflare.com\\/report\\/v4?s=X%2BpBJEmWaUBUjnWuuW1ODhu33DY7SaFGe9Pgu8YlqPBhTT3ALdVIh4JONyFPXKUSXXBAc9v7hNwcc7lBkg%2BNqPABsLIJQ6VZ6cOpgnRZGgaA4XPR50ErMqdsoBfKkymj"}],"group":"cf-nel","max_age":604800}', 'NEL': '{"success_fraction":0,"report_to":"cf-nel","max_age":604800}', 'Server': 'cloudflare', 'CF-RAY': '880f35a1fe162052-IAD', 'alt-svc': 'h3=":443"; ma=86400'} 
 body={"results":[{"gender":"male","name":{"title":"Mr","first":"Héctor","last":"Márquez"},"location":{"street":{"number":1350,"name":"Calle Mota"},"city":"Cartagena","state":"Canarias","country":"Spain","postcode":44184,"coordinates":{"latitude":"-30.6648","longitude":"-169.0133"},"timezone":{"offset":"-8:00","description":"Pacific Time (US &amp; Canada)"}},"email":"hector.marquez@example.com","login":{"uuid":"7822e236-d936-4e82-931b-f83ad04f7b83","username":"beautifulpanda997","password":"chapman","salt":"ZKnx4Gih","md5":"1d891c83549b287b52f55e75b8459aad","sha1":"0b16a4959f6bc0c3b879f3b448667d5c8da1c7b9","sha256":"20365c9207be252963bde9e75c59a69f440d1ae9214358f316a10c39063efa51"},"dob":{"date":"1975-04-08T04:02:23.638Z","age":49},"registered":{"date":"2006-10-24T21:16:45.175Z","age":17},"phone":"980-294-752","cell":"668-918-255","id":{"name":"DNI","value":"83619280-U"},"picture":{"large":"https://randomuser.me/api/portraits/men/63.jpg","medium":"https://randomuser.me/api/portraits/med/men/63.jpg","thumbnail":"https://randomuser.me/api/portraits/thumb/men/63.jpg"},"nat":"ES"}],"info":{"seed":"2dcd1cb902f4d271","results":1,"page":1,"version":"1.4"}} 
 </msg>
<msg time="2024-05-09T05:15:03.431072" level="INFO">/opt/hostedtoolcache/Python/3.12.3/x64/lib/python3.12/site-packages/urllib3/connectionpool.py:1103: InsecureRequestWarning: Unverified HTTPS request is being made to host 'randomuser.me'. Adding certificate verification is strongly advised. See: https://urllib3.readthedocs.io/en/latest/advanced-usage.html#tls-warnings
  warnings.warn(</msg>
<msg time="2024-05-09T05:15:03.431175" level="INFO">${response} = &lt;Response [200]&gt;</msg>
<var>${response}</var>
<arg>consultarAPI</arg>
<arg>/api</arg>
<doc>Sends a GET request on a previously created HTTP Session.</doc>
<status status="PASS" start="2024-05-09T05:15:03.349083" elapsed="0.082129"/>
</kw>
<kw name="Set Variable" owner="BuiltIn">
<msg time="2024-05-09T05:15:03.432041" level="INFO">${json_data} = {'results': [{'gender': 'male', 'name': {'title': 'Mr', 'first': 'Héctor', 'last': 'Márquez'}, 'location': {'street': {'number': 1350, 'name': 'Calle Mota'}, 'city': 'Cartagena', 'state': 'Canarias', ...</msg>
<var>${json_data}</var>
<arg>${response.json()}</arg>
<doc>Returns the given values which can then be assigned to a variables.</doc>
<status status="PASS" start="2024-05-09T05:15:03.431583" elapsed="0.000487"/>
</kw>
<kw name="Log" owner="BuiltIn">
<msg time="2024-05-09T05:15:03.432536" level="INFO">{'results': [{'gender': 'male', 'name': {'title': 'Mr', 'first': 'Héctor', 'last': 'Márquez'}, 'location': {'street': {'number': 1350, 'name': 'Calle Mota'}, 'city': 'Cartagena', 'state': 'Canarias', 'country': 'Spain', 'postcode': 44184, 'coordinates': {'latitude': '-30.6648', 'longitude': '-169.0133'}, 'timezone': {'offset': '-8:00', 'description': 'Pacific Time (US &amp; Canada)'}}, 'email': 'hector.marquez@example.com', 'login': {'uuid': '7822e236-d936-4e82-931b-f83ad04f7b83', 'username': 'beautifulpanda997', 'password': 'chapman', 'salt': 'ZKnx4Gih', 'md5': '1d891c83549b287b52f55e75b8459aad', 'sha1': '0b16a4959f6bc0c3b879f3b448667d5c8da1c7b9', 'sha256': '20365c9207be252963bde9e75c59a69f440d1ae9214358f316a10c39063efa51'}, 'dob': {'date': '1975-04-08T04:02:23.638Z', 'age': 49}, 'registered': {'date': '2006-10-24T21:16:45.175Z', 'age': 17}, 'phone': '980-294-752', 'cell': '668-918-255', 'id': {'name': 'DNI', 'value': '83619280-U'}, 'picture': {'large': 'https://randomuser.me/api/portraits/men/63.jpg', 'medium': 'https://randomuser.me/api/portraits/med/men/63.jpg', 'thumbnail': 'https://randomuser.me/api/portraits/thumb/men/63.jpg'}, 'nat': 'ES'}], 'info': {'seed': '2dcd1cb902f4d271', 'results': 1, 'page': 1, 'version': '1.4'}}</msg>
<arg>${json_data}</arg>
<doc>Logs the given message with the given level.</doc>
<status status="PASS" start="2024-05-09T05:15:03.432376" elapsed="0.000211"/>
</kw>
<kw name="Dictionary Should Contain Key" owner="Collections">
<msg time="2024-05-09T05:15:03.433048" level="INFO">False</msg>
<arg>${json_data}</arg>
<arg>results</arg>
<doc>Fails if ``key`` is not found from ``dictionary``.</doc>
<status status="PASS" start="2024-05-09T05:15:03.432886" elapsed="0.000201"/>
</kw>
<kw name="Should Not Be Empty" owner="BuiltIn">
<msg time="2024-05-09T05:15:03.433516" level="INFO">Length is 2.</msg>
<arg>${json_data}</arg>
<doc>Verifies that the given item is not empty.</doc>
<status status="PASS" start="2024-05-09T05:15:03.433380" elapsed="0.000306"/>
</kw>
<kw name="Create List" owner="BuiltIn">
<msg time="2024-05-09T05:15:03.434137" level="INFO">${expected_keys} = ['gender', 'name', 'location', 'email', 'login']</msg>
<var>${expected_keys}</var>
<arg>gender</arg>
<arg>name</arg>
<arg>location</arg>
<arg>email</arg>
<arg>login</arg>
<doc>Returns a list containing given items.</doc>
<status status="PASS" start="2024-05-09T05:15:03.433984" elapsed="0.000177"/>
</kw>
<for flavor="IN">
<iter>
<kw name="Dictionary Should Contain Key" owner="Collections">
<msg time="2024-05-09T05:15:03.435190" level="INFO">False</msg>
<arg>${json_data['results'][0]}</arg>
<arg>${key}</arg>
<doc>Fails if ``key`` is not found from ``dictionary``.</doc>
<status status="PASS" start="2024-05-09T05:15:03.434788" elapsed="0.000441"/>
</kw>
<kw name="Log" owner="BuiltIn">
<msg time="2024-05-09T05:15:03.435902" level="INFO">{'gender': 'male', 'name': {'title': 'Mr', 'first': 'Héctor', 'last': 'Márquez'}, 'location': {'street': {'number': 1350, 'name': 'Calle Mota'}, 'city': 'Cartagena', 'state': 'Canarias', 'country': 'Spain', 'postcode': 44184, 'coordinates': {'latitude': '-30.6648', 'longitude': '-169.0133'}, 'timezone': {'offset': '-8:00', 'description': 'Pacific Time (US &amp; Canada)'}}, 'email': 'hector.marquez@example.com', 'login': {'uuid': '7822e236-d936-4e82-931b-f83ad04f7b83', 'username': 'beautifulpanda997', 'password': 'chapman', 'salt': 'ZKnx4Gih', 'md5': '1d891c83549b287b52f55e75b8459aad', 'sha1': '0b16a4959f6bc0c3b879f3b448667d5c8da1c7b9', 'sha256': '20365c9207be252963bde9e75c59a69f440d1ae9214358f316a10c39063efa51'}, 'dob': {'date': '1975-04-08T04:02:23.638Z', 'age': 49}, 'registered': {'date': '2006-10-24T21:16:45.175Z', 'age': 17}, 'phone': '980-294-752', 'cell': '668-918-255', 'id': {'name': 'DNI', 'value': '83619280-U'}, 'picture': {'large': 'https://randomuser.me/api/portraits/men/63.jpg', 'medium': 'https://randomuser.me/api/portraits/med/men/63.jpg', 'thumbnail': 'https://randomuser.me/api/portraits/thumb/men/63.jpg'}, 'nat': 'ES'}</msg>
<arg>${json_data['results'][0]}</arg>
<doc>Logs the given message with the given level.</doc>
<status status="PASS" start="2024-05-09T05:15:03.435531" elapsed="0.000422"/>
</kw>
<kw name="Log" owner="BuiltIn">
<msg time="2024-05-09T05:15:03.436377" level="INFO">gender</msg>
<arg>${key}</arg>
<doc>Logs the given message with the given level.</doc>
<status status="PASS" start="2024-05-09T05:15:03.436253" elapsed="0.000162"/>
</kw>
<var name="${key}">gender</var>
<status status="PASS" start="2024-05-09T05:15:03.434653" elapsed="0.001974"/>
</iter>
<iter>
<kw name="Dictionary Should Contain Key" owner="Collections">
<msg time="2024-05-09T05:15:03.437307" level="INFO">False</msg>
<arg>${json_data['results'][0]}</arg>
<arg>${key}</arg>
<doc>Fails if ``key`` is not found from ``dictionary``.</doc>
<status status="PASS" start="2024-05-09T05:15:03.436928" elapsed="0.000416"/>
</kw>
<kw name="Log" owner="BuiltIn">
<msg time="2024-05-09T05:15:03.438029" level="INFO">{'gender': 'male', 'name': {'title': 'Mr', 'first': 'Héctor', 'last': 'Márquez'}, 'location': {'street': {'number': 1350, 'name': 'Calle Mota'}, 'city': 'Cartagena', 'state': 'Canarias', 'country': 'Spain', 'postcode': 44184, 'coordinates': {'latitude': '-30.6648', 'longitude': '-169.0133'}, 'timezone': {'offset': '-8:00', 'description': 'Pacific Time (US &amp; Canada)'}}, 'email': 'hector.marquez@example.com', 'login': {'uuid': '7822e236-d936-4e82-931b-f83ad04f7b83', 'username': 'beautifulpanda997', 'password': 'chapman', 'salt': 'ZKnx4Gih', 'md5': '1d891c83549b287b52f55e75b8459aad', 'sha1': '0b16a4959f6bc0c3b879f3b448667d5c8da1c7b9', 'sha256': '20365c9207be252963bde9e75c59a69f440d1ae9214358f316a10c39063efa51'}, 'dob': {'date': '1975-04-08T04:02:23.638Z', 'age': 49}, 'registered': {'date': '2006-10-24T21:16:45.175Z', 'age': 17}, 'phone': '980-294-752', 'cell': '668-918-255', 'id': {'name': 'DNI', 'value': '83619280-U'}, 'picture': {'large': 'https://randomuser.me/api/portraits/men/63.jpg', 'medium': 'https://randomuser.me/api/portraits/med/men/63.jpg', 'thumbnail': 'https://randomuser.me/api/portraits/thumb/men/63.jpg'}, 'nat': 'ES'}</msg>
<arg>${json_data['results'][0]}</arg>
<doc>Logs the given message with the given level.</doc>
<status status="PASS" start="2024-05-09T05:15:03.437667" elapsed="0.000412"/>
</kw>
<kw name="Log" owner="BuiltIn">
<msg time="2024-05-09T05:15:03.438499" level="INFO">name</msg>
<arg>${key}</arg>
<doc>Logs the given message with the given level.</doc>
<status status="PASS" start="2024-05-09T05:15:03.438374" elapsed="0.000196"/>
</kw>
<var name="${key}">name</var>
<status status="PASS" start="2024-05-09T05:15:03.436813" elapsed="0.001982"/>
</iter>
<iter>
<kw name="Dictionary Should Contain Key" owner="Collections">
<msg time="2024-05-09T05:15:03.439472" level="INFO">False</msg>
<arg>${json_data['results'][0]}</arg>
<arg>${key}</arg>
<doc>Fails if ``key`` is not found from ``dictionary``.</doc>
<status status="PASS" start="2024-05-09T05:15:03.439089" elapsed="0.000419"/>
</kw>
<kw name="Log" owner="BuiltIn">
<msg time="2024-05-09T05:15:03.440167" level="INFO">{'gender': 'male', 'name': {'title': 'Mr', 'first': 'Héctor', 'last': 'Márquez'}, 'location': {'street': {'number': 1350, 'name': 'Calle Mota'}, 'city': 'Cartagena', 'state': 'Canarias', 'country': 'Spain', 'postcode': 44184, 'coordinates': {'latitude': '-30.6648', 'longitude': '-169.0133'}, 'timezone': {'offset': '-8:00', 'description': 'Pacific Time (US &amp; Canada)'}}, 'email': 'hector.marquez@example.com', 'login': {'uuid': '7822e236-d936-4e82-931b-f83ad04f7b83', 'username': 'beautifulpanda997', 'password': 'chapman', 'salt': 'ZKnx4Gih', 'md5': '1d891c83549b287b52f55e75b8459aad', 'sha1': '0b16a4959f6bc0c3b879f3b448667d5c8da1c7b9', 'sha256': '20365c9207be252963bde9e75c59a69f440d1ae9214358f316a10c39063efa51'}, 'dob': {'date': '1975-04-08T04:02:23.638Z', 'age': 49}, 'registered': {'date': '2006-10-24T21:16:45.175Z', 'age': 17}, 'phone': '980-294-752', 'cell': '668-918-255', 'id': {'name': 'DNI', 'value': '83619280-U'}, 'picture': {'large': 'https://randomuser.me/api/portraits/men/63.jpg', 'medium': 'https://randomuser.me/api/portraits/med/men/63.jpg', 'thumbnail': 'https://randomuser.me/api/portraits/thumb/men/63.jpg'}, 'nat': 'ES'}</msg>
<arg>${json_data['results'][0]}</arg>
<doc>Logs the given message with the given level.</doc>
<status status="PASS" start="2024-05-09T05:15:03.439804" elapsed="0.000413"/>
</kw>
<kw name="Log" owner="BuiltIn">
<msg time="2024-05-09T05:15:03.440639" level="INFO">location</msg>
<arg>${key}</arg>
<doc>Logs the given message with the given level.</doc>
<status status="PASS" start="2024-05-09T05:15:03.440514" elapsed="0.000162"/>
</kw>
<var name="${key}">location</var>
<status status="PASS" start="2024-05-09T05:15:03.438977" elapsed="0.001910"/>
</iter>
<iter>
<kw name="Dictionary Should Contain Key" owner="Collections">
<msg time="2024-05-09T05:15:03.441555" level="INFO">False</msg>
<arg>${json_data['results'][0]}</arg>
<arg>${key}</arg>
<doc>Fails if ``key`` is not found from ``dictionary``.</doc>
<status status="PASS" start="2024-05-09T05:15:03.441171" elapsed="0.000420"/>
</kw>
<kw name="Log" owner="BuiltIn">
<msg time="2024-05-09T05:15:03.442250" level="INFO">{'gender': 'male', 'name': {'title': 'Mr', 'first': 'Héctor', 'last': 'Márquez'}, 'location': {'street': {'number': 1350, 'name': 'Calle Mota'}, 'city': 'Cartagena', 'state': 'Canarias', 'country': 'Spain', 'postcode': 44184, 'coordinates': {'latitude': '-30.6648', 'longitude': '-169.0133'}, 'timezone': {'offset': '-8:00', 'description': 'Pacific Time (US &amp; Canada)'}}, 'email': 'hector.marquez@example.com', 'login': {'uuid': '7822e236-d936-4e82-931b-f83ad04f7b83', 'username': 'beautifulpanda997', 'password': 'chapman', 'salt': 'ZKnx4Gih', 'md5': '1d891c83549b287b52f55e75b8459aad', 'sha1': '0b16a4959f6bc0c3b879f3b448667d5c8da1c7b9', 'sha256': '20365c9207be252963bde9e75c59a69f440d1ae9214358f316a10c39063efa51'}, 'dob': {'date': '1975-04-08T04:02:23.638Z', 'age': 49}, 'registered': {'date': '2006-10-24T21:16:45.175Z', 'age': 17}, 'phone': '980-294-752', 'cell': '668-918-255', 'id': {'name': 'DNI', 'value': '83619280-U'}, 'picture': {'large': 'https://randomuser.me/api/portraits/men/63.jpg', 'medium': 'https://randomuser.me/api/portraits/med/men/63.jpg', 'thumbnail': 'https://randomuser.me/api/portraits/thumb/men/63.jpg'}, 'nat': 'ES'}</msg>
<arg>${json_data['results'][0]}</arg>
<doc>Logs the given message with the given level.</doc>
<status status="PASS" start="2024-05-09T05:15:03.441888" elapsed="0.000413"/>
</kw>
<kw name="Log" owner="BuiltIn">
<msg time="2024-05-09T05:15:03.442761" level="INFO">email</msg>
<arg>${key}</arg>
<doc>Logs the given message with the given level.</doc>
<status status="PASS" start="2024-05-09T05:15:03.442630" elapsed="0.000169"/>
</kw>
<var name="${key}">email</var>
<status status="PASS" start="2024-05-09T05:15:03.441061" elapsed="0.001952"/>
</iter>
<iter>
<kw name="Dictionary Should Contain Key" owner="Collections">
<msg time="2024-05-09T05:15:03.443683" level="INFO">False</msg>
<arg>${json_data['results'][0]}</arg>
<arg>${key}</arg>
<doc>Fails if ``key`` is not found from ``dictionary``.</doc>
<status status="PASS" start="2024-05-09T05:15:03.443297" elapsed="0.000423"/>
</kw>
<kw name="Log" owner="BuiltIn">
<msg time="2024-05-09T05:15:03.444376" level="INFO">{'gender': 'male', 'name': {'title': 'Mr', 'first': 'Héctor', 'last': 'Márquez'}, 'location': {'street': {'number': 1350, 'name': 'Calle Mota'}, 'city': 'Cartagena', 'state': 'Canarias', 'country': 'Spain', 'postcode': 44184, 'coordinates': {'latitude': '-30.6648', 'longitude': '-169.0133'}, 'timezone': {'offset': '-8:00', 'description': 'Pacific Time (US &amp; Canada)'}}, 'email': 'hector.marquez@example.com', 'login': {'uuid': '7822e236-d936-4e82-931b-f83ad04f7b83', 'username': 'beautifulpanda997', 'password': 'chapman', 'salt': 'ZKnx4Gih', 'md5': '1d891c83549b287b52f55e75b8459aad', 'sha1': '0b16a4959f6bc0c3b879f3b448667d5c8da1c7b9', 'sha256': '20365c9207be252963bde9e75c59a69f440d1ae9214358f316a10c39063efa51'}, 'dob': {'date': '1975-04-08T04:02:23.638Z', 'age': 49}, 'registered': {'date': '2006-10-24T21:16:45.175Z', 'age': 17}, 'phone': '980-294-752', 'cell': '668-918-255', 'id': {'name': 'DNI', 'value': '83619280-U'}, 'picture': {'large': 'https://randomuser.me/api/portraits/men/63.jpg', 'medium': 'https://randomuser.me/api/portraits/med/men/63.jpg', 'thumbnail': 'https://randomuser.me/api/portraits/thumb/men/63.jpg'}, 'nat': 'ES'}</msg>
<arg>${json_data['results'][0]}</arg>
<doc>Logs the given message with the given level.</doc>
<status status="PASS" start="2024-05-09T05:15:03.444012" elapsed="0.000413"/>
</kw>
<kw name="Log" owner="BuiltIn">
<msg time="2024-05-09T05:15:03.444850" level="INFO">login</msg>
<arg>${key}</arg>
<doc>Logs the given message with the given level.</doc>
<status status="PASS" start="2024-05-09T05:15:03.444725" elapsed="0.000164"/>
</kw>
<var name="${key}">login</var>
<status status="PASS" start="2024-05-09T05:15:03.443188" elapsed="0.001944"/>
</iter>
<var>${key}</var>
<value>@{expected_keys}</value>
<status status="PASS" start="2024-05-09T05:15:03.434421" elapsed="0.010840"/>
</for>
<kw name="Create List" owner="BuiltIn">
<msg time="2024-05-09T05:15:03.445588" level="INFO">${expected_keysTwo} = ['username', 'password']</msg>
<var>${expected_keysTwo}</var>
<arg>username</arg>
<arg>password</arg>
<doc>Returns a list containing given items.</doc>
<status status="PASS" start="2024-05-09T05:15:03.445452" elapsed="0.000159"/>
</kw>
<for flavor="IN">
<iter>
<kw name="Dictionary Should Contain Key" owner="Collections">
<msg time="2024-05-09T05:15:03.446493" level="INFO">False</msg>
<arg>${json_data['results'][0]['login']}</arg>
<arg>${keyTwo}</arg>
<doc>Fails if ``key`` is not found from ``dictionary``.</doc>
<status status="PASS" start="2024-05-09T05:15:03.446109" elapsed="0.000446"/>
</kw>
<kw name="Dictionary Should Contain Key" owner="Collections">
<msg time="2024-05-09T05:15:03.447236" level="INFO">False</msg>
<arg>${json_data['results'][0]['login']}</arg>
<arg>${keyTwo}</arg>
<doc>Fails if ``key`` is not found from ``dictionary``.</doc>
<status status="PASS" start="2024-05-09T05:15:03.446852" elapsed="0.000421"/>
</kw>
<kw name="Log" owner="BuiltIn">
<msg time="2024-05-09T05:15:03.447689" level="INFO">username</msg>
<arg>${keyTwo}</arg>
<doc>Logs the given message with the given level.</doc>
<status status="PASS" start="2024-05-09T05:15:03.447563" elapsed="0.000168"/>
</kw>
<var name="${keyTwo}">username</var>
<status status="PASS" start="2024-05-09T05:15:03.446000" elapsed="0.001943"/>
</iter>
<iter>
<kw name="Dictionary Should Contain Key" owner="Collections">
<msg time="2024-05-09T05:15:03.448687" level="INFO">False</msg>
<arg>${json_data['results'][0]['login']}</arg>
<arg>${keyTwo}</arg>
<doc>Fails if ``key`` is not found from ``dictionary``.</doc>
<status status="PASS" start="2024-05-09T05:15:03.448224" elapsed="0.000503"/>
</kw>
<kw name="Dictionary Should Contain Key" owner="Collections">
<msg time="2024-05-09T05:15:03.449403" level="INFO">False</msg>
<arg>${json_data['results'][0]['login']}</arg>
<arg>${keyTwo}</arg>
<doc>Fails if ``key`` is not found from ``dictionary``.</doc>
<status status="PASS" start="2024-05-09T05:15:03.449026" elapsed="0.000414"/>
</kw>
<kw name="Log" owner="BuiltIn">
<msg time="2024-05-09T05:15:03.449856" level="INFO">password</msg>
<arg>${keyTwo}</arg>
<doc>Logs the given message with the given level.</doc>
<status status="PASS" start="2024-05-09T05:15:03.449731" elapsed="0.000161"/>
</kw>
<var name="${keyTwo}">password</var>
<status status="PASS" start="2024-05-09T05:15:03.448116" elapsed="0.001989"/>
</iter>
<var>${keyTwo}</var>
<value>@{expected_keysTwo}</value>
<status status="PASS" start="2024-05-09T05:15:03.445846" elapsed="0.004381"/>
</for>
<status status="PASS" start="2024-05-09T05:15:03.348849" elapsed="0.101516"/>
</kw>
<doc>Testa a estrutura da resposta da API.</doc>
<tag>testeEstruturaResposta</tag>
<status status="PASS" start="2024-05-09T05:15:03.348350" elapsed="0.102192"/>
</test>
<test id="s1-s1-t4" name="Validar tipos de dados" line="28">
<kw name="Teste de Tipos de Dados" owner="random-user-service">
<kw name="GET On Session" owner="RequestsLibrary">
<msg time="2024-05-09T05:15:03.532156" level="INFO">GET Request : url=https://randomuser.me/api 
 path_url=/api 
 headers={'User-Agent': 'python-requests/2.31.0', 'Accept-Encoding': 'gzip, deflate', 'Accept': '*/*', 'Connection': 'keep-alive'} 
 body=None 
 </msg>
<msg time="2024-05-09T05:15:03.532221" level="INFO">GET Response : url=https://randomuser.me/api 
 status=200, reason=OK 
 headers={'Date': 'Thu, 09 May 2024 05:15:03 GMT', 'Content-Type': 'application/json; charset=utf-8', 'Transfer-Encoding': 'chunked', 'Connection': 'keep-alive', 'X-Powered-By': 'Express', 'Access-Control-Allow-Origin': '*', 'Cache-Control': 'no-cache', 'ETag': 'W/"489-uDv5G0R5CXaaCzvK/wQ1iGgtvjs"', 'Vary': 'Accept-Encoding', 'Content-Encoding': 'gzip', 'CF-Cache-Status': 'DYNAMIC', 'Report-To': '{"endpoints":[{"url":"https:\\/\\/a.nel.cloudflare.com\\/report\\/v4?s=JdfWOGn2hg2tbRdGiEp0mpE4aL2dxq%2FaEmzNMyNNfFe5UIFUX27I4fh30WSgwbGerAOy75tTSlQ9RiLuugjv9UpCkEWu1g4yvo7AGGqdRnL0IQ6ciLull0mS3lTjz1yV"}],"group":"cf-nel","max_age":604800}', 'NEL': '{"success_fraction":0,"report_to":"cf-nel","max_age":604800}', 'Server': 'cloudflare', 'CF-RAY': '880f35a29e972052-IAD', 'alt-svc': 'h3=":443"; ma=86400'} 
 body={"results":[{"gender":"female","name":{"title":"Miss","first":"Ella","last":"Taylor"},"location":{"street":{"number":9313,"name":"Pine Rd"},"city":"Clinton","state":"Saskatchewan","country":"Canada","postcode":"Q8G 7X8","coordinates":{"latitude":"-69.1500","longitude":"30.3726"},"timezone":{"offset":"-8:00","description":"Pacific Time (US &amp; Canada)"}},"email":"ella.taylor@example.com","login":{"uuid":"6e32ec3e-1e22-44ea-9c37-8ef0e749f03b","username":"lazyleopard895","password":"college","salt":"4jlq4OuX","md5":"315b3813747c7d65a91afae29376645e","sha1":"b1bfdaf20b3b230b862d92da755fa5258453d62b","sha256":"b804891a621cc754b9f78fe955d72a1719d6e048053c1c6da2e78ab974e993a9"},"dob":{"date":"2000-11-21T04:35:47.414Z","age":23},"registered":{"date":"2003-05-13T16:21:52.018Z","age":20},"phone":"L35 Y02-7632","cell":"R94 J56-3423","id":{"name":"SIN","value":"570327502"},"picture":{"large":"https://randomuser.me/api/portraits/women/85.jpg","medium":"https://randomuser.me/api/portraits/med/women/85.jpg","thumbnail":"https://randomuser.me/api/portraits/thumb/women/85.jpg"},"nat":"CA"}],"info":{"seed":"7306c8d836cdfb45","results":1,"page":1,"version":"1.4"}} 
 </msg>
<msg time="2024-05-09T05:15:03.532279" level="INFO">/opt/hostedtoolcache/Python/3.12.3/x64/lib/python3.12/site-packages/urllib3/connectionpool.py:1103: InsecureRequestWarning: Unverified HTTPS request is being made to host 'randomuser.me'. Adding certificate verification is strongly advised. See: https://urllib3.readthedocs.io/en/latest/advanced-usage.html#tls-warnings
  warnings.warn(</msg>
<msg time="2024-05-09T05:15:03.532364" level="INFO">${response} = &lt;Response [200]&gt;</msg>
<var>${response}</var>
<arg>consultarAPI</arg>
<arg>/api</arg>
<doc>Sends a GET request on a previously created HTTP Session.</doc>
<status status="PASS" start="2024-05-09T05:15:03.452957" elapsed="0.079438"/>
</kw>
<kw name="Set Variable" owner="BuiltIn">
<msg time="2024-05-09T05:15:03.533232" level="INFO">${json_data} = {'results': [{'gender': 'female', 'name': {'title': 'Miss', 'first': 'Ella', 'last': 'Taylor'}, 'location': {'street': {'number': 9313, 'name': 'Pine Rd'}, 'city': 'Clinton', 'state': 'Saskatchewan', ...</msg>
<var>${json_data}</var>
<arg>${response.json()}</arg>
<doc>Returns the given values which can then be assigned to a variables.</doc>
<status status="PASS" start="2024-05-09T05:15:03.532772" elapsed="0.000489"/>
</kw>
<kw name="Log" owner="BuiltIn">
<msg time="2024-05-09T05:15:03.533725" level="INFO">{'results': [{'gender': 'female', 'name': {'title': 'Miss', 'first': 'Ella', 'last': 'Taylor'}, 'location': {'street': {'number': 9313, 'name': 'Pine Rd'}, 'city': 'Clinton', 'state': 'Saskatchewan', 'country': 'Canada', 'postcode': 'Q8G 7X8', 'coordinates': {'latitude': '-69.1500', 'longitude': '30.3726'}, 'timezone': {'offset': '-8:00', 'description': 'Pacific Time (US &amp; Canada)'}}, 'email': 'ella.taylor@example.com', 'login': {'uuid': '6e32ec3e-1e22-44ea-9c37-8ef0e749f03b', 'username': 'lazyleopard895', 'password': 'college', 'salt': '4jlq4OuX', 'md5': '315b3813747c7d65a91afae29376645e', 'sha1': 'b1bfdaf20b3b230b862d92da755fa5258453d62b', 'sha256': 'b804891a621cc754b9f78fe955d72a1719d6e048053c1c6da2e78ab974e993a9'}, 'dob': {'date': '2000-11-21T04:35:47.414Z', 'age': 23}, 'registered': {'date': '2003-05-13T16:21:52.018Z', 'age': 20}, 'phone': 'L35 Y02-7632', 'cell': 'R94 J56-3423', 'id': {'name': 'SIN', 'value': '570327502'}, 'picture': {'large': 'https://randomuser.me/api/portraits/women/85.jpg', 'medium': 'https://randomuser.me/api/portraits/med/women/85.jpg', 'thumbnail': 'https://randomuser.me/api/portraits/thumb/women/85.jpg'}, 'nat': 'CA'}], 'info': {'seed': '7306c8d836cdfb45', 'results': 1, 'page': 1, 'version': '1.4'}}</msg>
<arg>${json_data}</arg>
<doc>Logs the given message with the given level.</doc>
<status status="PASS" start="2024-05-09T05:15:03.533570" elapsed="0.000235"/>
</kw>
<kw name="Should Be String" owner="String">
<arg>${json_data['results'][0]['gender']}</arg>
<doc>Fails if the given ``item`` is not a string.</doc>
<status status="PASS" start="2024-05-09T05:15:03.534112" elapsed="0.000366"/>
</kw>
<kw name="Should Match Regexp" owner="BuiltIn">
<arg>${json_data['results'][0]['email']}</arg>
<arg>^[a-zA-Z0-9._%+-]+@[a-zA-Z0-9.-]+\.[a-zA-Z]{2,}$</arg>
<doc>Fails if ``string`` does not match ``pattern`` as a regular expression.</doc>
<status status="PASS" start="2024-05-09T05:15:03.534728" elapsed="0.000525"/>
</kw>
<kw name="Should Match Regexp" owner="BuiltIn">
<arg>${json_data['results'][0]['dob']['date']}</arg>
<arg>\\d{4}-\\d{2}-\\d{2}T\\d{2}:\\d{2}:\\d{2}\\.\\d{3}Z</arg>
<doc>Fails if ``string`` does not match ``pattern`` as a regular expression.</doc>
<status status="PASS" start="2024-05-09T05:15:03.535451" elapsed="0.000493"/>
</kw>
<kw name="Should Match Regexp" owner="BuiltIn">
<arg>${json_data['results'][0]['registered']['date']}</arg>
<arg>\\d{4}-\\d{2}-\\d{2}T\\d{2}:\\d{2}:\\d{2}\\.\\d{3}Z</arg>
<doc>Fails if ``string`` does not match ``pattern`` as a regular expression.</doc>
<status status="PASS" start="2024-05-09T05:15:03.536136" elapsed="0.000371"/>
</kw>
<kw name="Should Match Regexp" owner="BuiltIn">
<arg>${json_data['results'][0]['picture']['large']}</arg>
<arg>^https?://.*\.(?:png|jpe?g|gif|bmp)$</arg>
<doc>Fails if ``string`` does not match ``pattern`` as a regular expression.</doc>
<status status="PASS" start="2024-05-09T05:15:03.536699" elapsed="0.000459"/>
</kw>
<kw name="Should Match Regexp" owner="BuiltIn">
<arg>${json_data['results'][0]['picture']['medium']}</arg>
<arg>^https?://.*\.(?:png|jpe?g|gif|bmp)$</arg>
<doc>Fails if ``string`` does not match ``pattern`` as a regular expression.</doc>
<status status="PASS" start="2024-05-09T05:15:03.537347" elapsed="0.000357"/>
</kw>
<kw name="Should Match Regexp" owner="BuiltIn">
<arg>${json_data['results'][0]['picture']['thumbnail']}</arg>
<arg>^https?://.*\.(?:png|jpe?g|gif|bmp)$</arg>
<doc>Fails if ``string`` does not match ``pattern`` as a regular expression.</doc>
<status status="PASS" start="2024-05-09T05:15:03.537891" elapsed="0.000357"/>
</kw>
<kw name="Log" owner="BuiltIn">
<msg time="2024-05-09T05:15:03.538787" level="INFO">{'large': 'https://randomuser.me/api/portraits/women/85.jpg', 'medium': 'https://randomuser.me/api/portraits/med/women/85.jpg', 'thumbnail': 'https://randomuser.me/api/portraits/thumb/women/85.jpg'}</msg>
<arg>${json_data['results'][0]['picture']}</arg>
<doc>Logs the given message with the given level.</doc>
<status status="PASS" start="2024-05-09T05:15:03.538434" elapsed="0.000395"/>
</kw>
<status status="PASS" start="2024-05-09T05:15:03.452733" elapsed="0.086348"/>
</kw>
<kw name="Teste de Tipos de Dados - Postcode" owner="random-user-service">
<kw name="GET On Session" owner="RequestsLibrary">
<msg time="2024-05-09T05:15:03.651261" level="INFO">GET Request : url=https://randomuser.me/api 
 path_url=/api 
 headers={'User-Agent': 'python-requests/2.31.0', 'Accept-Encoding': 'gzip, deflate', 'Accept': '*/*', 'Connection': 'keep-alive'} 
 body=None 
 </msg>
<msg time="2024-05-09T05:15:03.651332" level="INFO">GET Response : url=https://randomuser.me/api 
 status=200, reason=OK 
 headers={'Date': 'Thu, 09 May 2024 05:15:03 GMT', 'Content-Type': 'application/json; charset=utf-8', 'Transfer-Encoding': 'chunked', 'Connection': 'keep-alive', 'X-Powered-By': 'Express', 'Access-Control-Allow-Origin': '*', 'Cache-Control': 'no-cache', 'ETag': 'W/"475-bmHNdxtEW9k/MMrAQ22XvAiw7I8"', 'Vary': 'Accept-Encoding', 'Content-Encoding': 'gzip', 'CF-Cache-Status': 'DYNAMIC', 'Report-To': '{"endpoints":[{"url":"https:\\/\\/a.nel.cloudflare.com\\/report\\/v4?s=iZyP%2Fxin98kdVXsD7MOw5DB7nngnsCRas7g4Lx2vNDL2jWS1nh8Vwxurxe65fSg3jRy93mzJDzNG8U7Qp%2Bi5luLKWMCXhjL2Av%2BrvyCEYf%2BvEEnmmks0x%2Bcic2LOwvno"}],"group":"cf-nel","max_age":604800}', 'NEL': '{"success_fraction":0,"report_to":"cf-nel","max_age":604800}', 'Server': 'cloudflare', 'CF-RAY': '880f35a32f0b2052-IAD', 'alt-svc': 'h3=":443"; ma=86400'} 
 body={"results":[{"gender":"female","name":{"title":"Ms","first":"Venla","last":"Kalm"},"location":{"street":{"number":4565,"name":"Bulevardi"},"city":"Loppi","state":"Satakunta","country":"Finland","postcode":59965,"coordinates":{"latitude":"-27.2351","longitude":"105.2669"},"timezone":{"offset":"+3:30","description":"Tehran"}},"email":"venla.kalm@example.com","login":{"uuid":"f3f9707a-8c36-4309-952f-6e56944981e1","username":"yellowgorilla906","password":"buffet","salt":"XoypdLeu","md5":"8898d8208fc03caf5c9f580b00492c5e","sha1":"1e455208edbc6db656b7022cedbbb6f1a4680cd6","sha256":"4266209e3fbbb09a7a028e7e17ff3321a038d3af9e5c036d1b092b620a59ebb6"},"dob":{"date":"1962-06-03T02:41:16.392Z","age":61},"registered":{"date":"2010-06-12T20:39:35.717Z","age":13},"phone":"04-255-080","cell":"049-745-84-13","id":{"name":"HETU","value":"NaNNA290undefined"},"picture":{"large":"https://randomuser.me/api/portraits/women/59.jpg","medium":"https://randomuser.me/api/portraits/med/women/59.jpg","thumbnail":"https://randomuser.me/api/portraits/thumb/women/59.jpg"},"nat":"FI"}],"info":{"seed":"4744f293b2e3a4ed","results":1,"page":1,"version":"1.4"}} 
 </msg>
<msg time="2024-05-09T05:15:03.651387" level="INFO">/opt/hostedtoolcache/Python/3.12.3/x64/lib/python3.12/site-packages/urllib3/connectionpool.py:1103: InsecureRequestWarning: Unverified HTTPS request is being made to host 'randomuser.me'. Adding certificate verification is strongly advised. See: https://urllib3.readthedocs.io/en/latest/advanced-usage.html#tls-warnings
  warnings.warn(</msg>
<msg time="2024-05-09T05:15:03.651472" level="INFO">${response} = &lt;Response [200]&gt;</msg>
<var>${response}</var>
<arg>consultarAPI</arg>
<arg>/api</arg>
<doc>Sends a GET request on a previously created HTTP Session.</doc>
<status status="PASS" start="2024-05-09T05:15:03.539511" elapsed="0.111991"/>
</kw>
<kw name="Set Variable" owner="BuiltIn">
<msg time="2024-05-09T05:15:03.652343" level="INFO">${json_data} = {'results': [{'gender': 'female', 'name': {'title': 'Ms', 'first': 'Venla', 'last': 'Kalm'}, 'location': {'street': {'number': 4565, 'name': 'Bulevardi'}, 'city': 'Loppi', 'state': 'Satakunta', 'count...</msg>
<var>${json_data}</var>
<arg>${response.json()}</arg>
<doc>Returns the given values which can then be assigned to a variables.</doc>
<status status="PASS" start="2024-05-09T05:15:03.651883" elapsed="0.000489"/>
</kw>
<kw name="Log" owner="BuiltIn">
<msg time="2024-05-09T05:15:03.652835" level="INFO">{'results': [{'gender': 'female', 'name': {'title': 'Ms', 'first': 'Venla', 'last': 'Kalm'}, 'location': {'street': {'number': 4565, 'name': 'Bulevardi'}, 'city': 'Loppi', 'state': 'Satakunta', 'country': 'Finland', 'postcode': 59965, 'coordinates': {'latitude': '-27.2351', 'longitude': '105.2669'}, 'timezone': {'offset': '+3:30', 'description': 'Tehran'}}, 'email': 'venla.kalm@example.com', 'login': {'uuid': 'f3f9707a-8c36-4309-952f-6e56944981e1', 'username': 'yellowgorilla906', 'password': 'buffet', 'salt': 'XoypdLeu', 'md5': '8898d8208fc03caf5c9f580b00492c5e', 'sha1': '1e455208edbc6db656b7022cedbbb6f1a4680cd6', 'sha256': '4266209e3fbbb09a7a028e7e17ff3321a038d3af9e5c036d1b092b620a59ebb6'}, 'dob': {'date': '1962-06-03T02:41:16.392Z', 'age': 61}, 'registered': {'date': '2010-06-12T20:39:35.717Z', 'age': 13}, 'phone': '04-255-080', 'cell': '049-745-84-13', 'id': {'name': 'HETU', 'value': 'NaNNA290undefined'}, 'picture': {'large': 'https://randomuser.me/api/portraits/women/59.jpg', 'medium': 'https://randomuser.me/api/portraits/med/women/59.jpg', 'thumbnail': 'https://randomuser.me/api/portraits/thumb/women/59.jpg'}, 'nat': 'FI'}], 'info': {'seed': '4744f293b2e3a4ed', 'results': 1, 'page': 1, 'version': '1.4'}}</msg>
<arg>${json_data}</arg>
<doc>Logs the given message with the given level.</doc>
<status status="PASS" start="2024-05-09T05:15:03.652683" elapsed="0.000230"/>
</kw>
<kw name="Should Be Equal As Numbers" owner="BuiltIn">
<arg>${json_data['results'][0]['location']['postcode']}</arg>
<arg>${json_data['results'][0]['location']['postcode']}</arg>
<doc>Fails if objects are unequal after converting them to real numbers.</doc>
<status status="PASS" start="2024-05-09T05:15:03.653348" elapsed="0.000640"/>
</kw>
<kw name="Log" owner="BuiltIn">
<msg time="2024-05-09T05:15:03.654565" level="INFO">59965</msg>
<arg>${json_data['results'][0]['location']['postcode']}</arg>
<doc>Logs the given message with the given level.</doc>
<status status="PASS" start="2024-05-09T05:15:03.654185" elapsed="0.000435"/>
</kw>
<status status="PASS" start="2024-05-09T05:15:03.539293" elapsed="0.115586"/>
</kw>
<doc>Testa se os tipos de dados na resposta da API estão corretos.</doc>
<tag>testeTiposDados</tag>
<status status="PASS" start="2024-05-09T05:15:03.452307" elapsed="0.202735"/>
</test>
<test id="s1-s1-t5" name="Validar conteudo" line="35">
<kw name="Teste de Tipos de Conteudo" owner="random-user-service">
<kw name="GET On Session" owner="RequestsLibrary">
<msg time="2024-05-09T05:15:03.750618" level="INFO">GET Request : url=https://randomuser.me/api 
 path_url=/api 
 headers={'User-Agent': 'python-requests/2.31.0', 'Accept-Encoding': 'gzip, deflate', 'Accept': '*/*', 'Connection': 'keep-alive'} 
 body=None 
 </msg>
<msg time="2024-05-09T05:15:03.750684" level="INFO">GET Response : url=https://randomuser.me/api 
 status=200, reason=OK 
 headers={'Date': 'Thu, 09 May 2024 05:15:03 GMT', 'Content-Type': 'application/json; charset=utf-8', 'Transfer-Encoding': 'chunked', 'Connection': 'keep-alive', 'X-Powered-By': 'Express', 'Access-Control-Allow-Origin': '*', 'Cache-Control': 'no-cache', 'ETag': 'W/"491-vwrI3Xsn7KzvIu+NWyfhEsPV2T0"', 'Vary': 'Accept-Encoding', 'Content-Encoding': 'gzip', 'CF-Cache-Status': 'DYNAMIC', 'Report-To': '{"endpoints":[{"url":"https:\\/\\/a.nel.cloudflare.com\\/report\\/v4?s=MCf%2FO8Axt1Y2OzjbItqrW7IpfueSbzIBmWZIp1PHD8iW%2Bpl4xXBm7uSIAmkM4alfWBn9PrTi%2Bs8YquSG97QUN5Pk5HIk2CHkBL3Nl8SkoExSRT48RF%2BR%2BvXoINnXIDJ7"}],"group":"cf-nel","max_age":604800}', 'NEL': '{"success_fraction":0,"report_to":"cf-nel","max_age":604800}', 'Server': 'cloudflare', 'CF-RAY': '880f35a3efa12052-IAD', 'alt-svc': 'h3=":443"; ma=86400'} 
 body={"results":[{"gender":"female","name":{"title":"Ms","first":"آرمیتا","last":"احمدی"},"location":{"street":{"number":9022,"name":"آیت الله سعیدی"},"city":"ساری","state":"البرز","country":"Iran","postcode":48249,"coordinates":{"latitude":"13.7316","longitude":"22.7185"},"timezone":{"offset":"+2:00","description":"Kaliningrad, South Africa"}},"email":"armyt.hmdy@example.com","login":{"uuid":"00f8e072-6060-4876-9115-51518eab7e21","username":"greenfrog174","password":"another","salt":"dAdIBzKf","md5":"1d8a53909a1a4a642efadcbfe63f27c8","sha1":"61c90d3d6fec14c77a8db9a42b5a8d7a8f87f675","sha256":"f1547d5b763015ca72c89ddcc03f8fad0d9a285c556ed7ba041cf70105a8937b"},"dob":{"date":"1963-12-01T06:01:59.333Z","age":60},"registered":{"date":"2004-09-25T21:08:59.967Z","age":19},"phone":"096-74910119","cell":"0967-893-9184","id":{"name":"","value":null},"picture":{"large":"https://randomuser.me/api/portraits/women/52.jpg","medium":"https://randomuser.me/api/portraits/med/women/52.jpg","thumbnail":"https://randomuser.me/api/portraits/thumb/women/52.jpg"},"nat":"IR"}],"info":{"seed":"6c97d20730830d94","results":1,"page":1,"version":"1.4"}} 
 </msg>
<msg time="2024-05-09T05:15:03.750741" level="INFO">/opt/hostedtoolcache/Python/3.12.3/x64/lib/python3.12/site-packages/urllib3/connectionpool.py:1103: InsecureRequestWarning: Unverified HTTPS request is being made to host 'randomuser.me'. Adding certificate verification is strongly advised. See: https://urllib3.readthedocs.io/en/latest/advanced-usage.html#tls-warnings
  warnings.warn(</msg>
<msg time="2024-05-09T05:15:03.750823" level="INFO">${response} = &lt;Response [200]&gt;</msg>
<var>${response}</var>
<arg>consultarAPI</arg>
<arg>/api</arg>
<doc>Sends a GET request on a previously created HTTP Session.</doc>
<status status="PASS" start="2024-05-09T05:15:03.657465" elapsed="0.093386"/>
</kw>
<kw name="Set Variable" owner="BuiltIn">
<msg time="2024-05-09T05:15:03.751666" level="INFO">${json_data} = {'results': [{'gender': 'female', 'name': {'title': 'Ms', 'first': 'آرمیتا', 'last': 'احمدی'}, 'location': {'street': {'number': 9022, 'name': 'آیت الله سعیدی'}, 'city': 'ساری', 'state': 'البرز', 'cou...</msg>
<var>${json_data}</var>
<arg>${response.json()}</arg>
<doc>Returns the given values which can then be assigned to a variables.</doc>
<status status="PASS" start="2024-05-09T05:15:03.751220" elapsed="0.000476"/>
</kw>
<kw name="Set Variable" owner="BuiltIn">
<msg time="2024-05-09T05:15:03.752392" level="INFO">${name_title} = Ms</msg>
<var>${name_title}</var>
<arg>${json_data["results"][0]["name"]["title"]}</arg>
<doc>Returns the given values which can then be assigned to a variables.</doc>
<status status="PASS" start="2024-05-09T05:15:03.752006" elapsed="0.000412"/>
</kw>
<kw name="Create List" owner="BuiltIn">
<msg time="2024-05-09T05:15:03.752859" level="INFO">${allowed_titles} = ['Mr', 'Ms', 'Miss', 'Mrs', 'Madame', 'Monsieur']</msg>
<var>${allowed_titles}</var>
<arg>Mr</arg>
<arg>Ms</arg>
<arg>Miss</arg>
<arg>Mrs</arg>
<arg>Madame</arg>
<arg>Monsieur</arg>
<doc>Returns a list containing given items.</doc>
<status status="PASS" start="2024-05-09T05:15:03.752713" elapsed="0.000170"/>
</kw>
<kw name="List Should Contain Value" owner="Collections">
<msg time="2024-05-09T05:15:03.753343" level="INFO">False</msg>
<arg>${allowed_titles}</arg>
<arg>${name_title}</arg>
<doc>Fails if the ``value`` is not found from ``list``.</doc>
<status status="PASS" start="2024-05-09T05:15:03.753178" elapsed="0.000207"/>
</kw>
<kw name="Set Variable" owner="BuiltIn">
<msg time="2024-05-09T05:15:03.754047" level="INFO">${name_country} = IR</msg>
<var>${name_country}</var>
<arg>${json_data["results"][0]["nat"]}</arg>
<doc>Returns the given values which can then be assigned to a variables.</doc>
<status status="PASS" start="2024-05-09T05:15:03.753670" elapsed="0.000401"/>
</kw>
<kw name="Create List" owner="BuiltIn">
<msg time="2024-05-09T05:15:03.755009" level="INFO">${list_country} = ['AD', 'AE', 'AF', 'AG', 'AI', 'AL', 'AM', 'AO', 'AQ', 'AR', 'AS', 'AT', 'AU', 'AW', 'AX', 'AZ', 'BA', 'BB', 'BD', 'BE', 'BF', 'BG', 'BH', 'BI', 'BJ', 'BL', 'BM', 'BN', 'BO', 'BQ', 'BR', 'BS', 'BT', '...</msg>
<var>${list_country}</var>
<arg>AD</arg>
<arg>AE</arg>
<arg>AF</arg>
<arg>AG</arg>
<arg>AI</arg>
<arg>AL</arg>
<arg>AM</arg>
<arg>AO</arg>
<arg>AQ</arg>
<arg>AR</arg>
<arg>AS</arg>
<arg>AT</arg>
<arg>AU</arg>
<arg>AW</arg>
<arg>AX</arg>
<arg>AZ</arg>
<arg>BA</arg>
<arg>BB</arg>
<arg>BD</arg>
<arg>BE</arg>
<arg>BF</arg>
<arg>BG</arg>
<arg>BH</arg>
<arg>BI</arg>
<arg>BJ</arg>
<arg>BL</arg>
<arg>BM</arg>
<arg>BN</arg>
<arg>BO</arg>
<arg>BQ</arg>
<arg>BR</arg>
<arg>BS</arg>
<arg>BT</arg>
<arg>BV</arg>
<arg>BW</arg>
<arg>BY</arg>
<arg>BZ</arg>
<arg>CA</arg>
<arg>CC</arg>
<arg>CD</arg>
<arg>CF</arg>
<arg>CG</arg>
<arg>CH</arg>
<arg>CI</arg>
<arg>CK</arg>
<arg>CL</arg>
<arg>CM</arg>
<arg>CN</arg>
<arg>CO</arg>
<arg>CR</arg>
<arg>CU</arg>
<arg>CV</arg>
<arg>CW</arg>
<arg>CX</arg>
<arg>CY</arg>
<arg>CZ</arg>
<arg>DE</arg>
<arg>DJ</arg>
<arg>DK</arg>
<arg>DM</arg>
<arg>DO</arg>
<arg>DZ</arg>
<arg>EC</arg>
<arg>EE</arg>
<arg>EG</arg>
<arg>EH</arg>
<arg>ER</arg>
<arg>ES</arg>
<arg>ET</arg>
<arg>FI</arg>
<arg>FJ</arg>
<arg>FK</arg>
<arg>FM</arg>
<arg>FO</arg>
<arg>FR</arg>
<arg>GA</arg>
<arg>GB</arg>
<arg>GD</arg>
<arg>GE</arg>
<arg>GF</arg>
<arg>GG</arg>
<arg>GH</arg>
<arg>GI</arg>
<arg>GL</arg>
<arg>GM</arg>
<arg>GN</arg>
<arg>GP</arg>
<arg>GQ</arg>
<arg>GR</arg>
<arg>GS</arg>
<arg>GT</arg>
<arg>GU</arg>
<arg>GW</arg>
<arg>GY</arg>
<arg>HK</arg>
<arg>HM</arg>
<arg>HN</arg>
<arg>HR</arg>
<arg>HT</arg>
<arg>HU</arg>
<arg>ID</arg>
<arg>IE</arg>
<arg>IL</arg>
<arg>IM</arg>
<arg>IN</arg>
<arg>IO</arg>
<arg>IQ</arg>
<arg>IR</arg>
<arg>IS</arg>
<arg>IT</arg>
<arg>JE</arg>
<arg>JM</arg>
<arg>JO</arg>
<arg>JP</arg>
<arg>KE</arg>
<arg>KG</arg>
<arg>KH</arg>
<arg>KI</arg>
<arg>KM</arg>
<arg>KN</arg>
<arg>KP</arg>
<arg>KR</arg>
<arg>KW</arg>
<arg>KY</arg>
<arg>KZ</arg>
<arg>LA</arg>
<arg>LB</arg>
<arg>LC</arg>
<arg>LI</arg>
<arg>LK</arg>
<arg>LR</arg>
<arg>LS</arg>
<arg>LT</arg>
<arg>LU</arg>
<arg>LV</arg>
<arg>LY</arg>
<arg>MA</arg>
<arg>MC</arg>
<arg>MD</arg>
<arg>ME</arg>
<arg>MF</arg>
<arg>MG</arg>
<arg>MH</arg>
<arg>MK</arg>
<arg>ML</arg>
<arg>MM</arg>
<arg>MN</arg>
<arg>MO</arg>
<arg>MP</arg>
<arg>MQ</arg>
<arg>MR</arg>
<arg>MS</arg>
<arg>MT</arg>
<arg>MU</arg>
<arg>MV</arg>
<arg>MW</arg>
<arg>MX</arg>
<arg>MY</arg>
<arg>MZ</arg>
<arg>NA</arg>
<arg>NC</arg>
<arg>NE</arg>
<arg>NF</arg>
<arg>NG</arg>
<arg>NI</arg>
<arg>NL</arg>
<arg>NO</arg>
<arg>NP</arg>
<arg>NR</arg>
<arg>NU</arg>
<arg>NZ</arg>
<arg>OM</arg>
<arg>PA</arg>
<arg>PE</arg>
<arg>PF</arg>
<arg>PG</arg>
<arg>PH</arg>
<arg>PK</arg>
<arg>PL</arg>
<arg>PM</arg>
<arg>PN</arg>
<arg>PR</arg>
<arg>PS</arg>
<arg>PT</arg>
<arg>PW</arg>
<arg>PY</arg>
<arg>QA</arg>
<arg>RE</arg>
<arg>RO</arg>
<arg>RS</arg>
<arg>RU</arg>
<arg>RW</arg>
<arg>SA</arg>
<arg>SB</arg>
<arg>SC</arg>
<arg>SD</arg>
<arg>SE</arg>
<arg>SG</arg>
<arg>SH</arg>
<arg>SI</arg>
<arg>SJ</arg>
<arg>SK</arg>
<arg>SL</arg>
<arg>SM</arg>
<arg>SN</arg>
<arg>SO</arg>
<arg>SR</arg>
<arg>SS</arg>
<arg>ST</arg>
<arg>SV</arg>
<arg>SX</arg>
<arg>SY</arg>
<arg>SZ</arg>
<arg>TC</arg>
<arg>TD</arg>
<arg>TF</arg>
<arg>TG</arg>
<arg>TH</arg>
<arg>TJ</arg>
<arg>TK</arg>
<arg>TL</arg>
<arg>TM</arg>
<arg>TN</arg>
<arg>TO</arg>
<arg>TR</arg>
<arg>TT</arg>
<arg>TV</arg>
<arg>TW</arg>
<arg>TZ</arg>
<arg>UA</arg>
<arg>UG</arg>
<arg>UM</arg>
<arg>US</arg>
<arg>UY</arg>
<arg>UZ</arg>
<arg>VA</arg>
<arg>VC</arg>
<arg>VE</arg>
<arg>VG</arg>
<arg>VI</arg>
<arg>VN</arg>
<arg>VU</arg>
<arg>WF</arg>
<arg>WS</arg>
<arg>XK</arg>
<arg>YE</arg>
<arg>YT</arg>
<arg>ZA</arg>
<arg>ZM</arg>
<arg>ZW</arg>
<doc>Returns a list containing given items.</doc>
<status status="PASS" start="2024-05-09T05:15:03.754377" elapsed="0.000658"/>
</kw>
<kw name="List Should Contain Value" owner="Collections">
<msg time="2024-05-09T05:15:03.756022" level="INFO">False</msg>
<arg>${list_country}</arg>
<arg>${name_country}</arg>
<doc>Fails if the ``value`` is not found from ``list``.</doc>
<status status="PASS" start="2024-05-09T05:15:03.755825" elapsed="0.000233"/>
</kw>
<kw name="Run Keyword If" owner="BuiltIn">
<kw name="Should Be True" owner="BuiltIn">
<arg>${True}</arg>
<doc>Fails if the given condition is not true.</doc>
<status status="PASS" start="2024-05-09T05:15:03.757111" elapsed="0.000238"/>
</kw>
<arg>${json_data["results"][0]["location"]["coordinates"]["latitude"]} &gt;= -90 and ${json_data["results"][0]["location"]["coordinates"]["latitude"]} &lt;= 90</arg>
<arg>Should Be True</arg>
<arg>${True}</arg>
<doc>Runs the given keyword with the given arguments, if ``condition`` is true.</doc>
<status status="PASS" start="2024-05-09T05:15:03.756362" elapsed="0.001118"/>
</kw>
<kw name="Run Keyword If" owner="BuiltIn">
<kw name="Should Be True" owner="BuiltIn">
<arg>${True}</arg>
<doc>Fails if the given condition is not true.</doc>
<status status="PASS" start="2024-05-09T05:15:03.758357" elapsed="0.000137"/>
</kw>
<arg>${json_data["results"][0]["location"]["coordinates"]["longitude"]} &gt;= -180 and ${json_data["results"][0]["location"]["coordinates"]["longitude"]} &lt;= 180</arg>
<arg>Should Be True</arg>
<arg>${True}</arg>
<doc>Runs the given keyword with the given arguments, if ``condition`` is true.</doc>
<status status="PASS" start="2024-05-09T05:15:03.757665" elapsed="0.000984"/>
</kw>
<status status="PASS" start="2024-05-09T05:15:03.657243" elapsed="0.101534"/>
</kw>
<doc>Testa o conteúdo específico dos campos retornados pela API.</doc>
<tag>testeConteudo</tag>
<status status="PASS" start="2024-05-09T05:15:03.656821" elapsed="0.102094"/>
</test>
<status status="PASS" start="2024-05-09T05:15:02.840842" elapsed="0.919949"/>
</suite>
<status status="PASS" start="2024-05-09T05:15:02.827357" elapsed="0.938545"/>
</suite>
<statistics>
<total>
<stat pass="5" fail="0" skip="0">All Tests</stat>
</total>
<tag>
<stat pass="1" fail="0" skip="0">testeConteudo</stat>
<stat pass="1" fail="0" skip="0">testeEstruturaResposta</stat>
<stat pass="1" fail="0" skip="0">testeRequisicaoBasica</stat>
<stat pass="1" fail="0" skip="0">testeTiposDados</stat>
</tag>
<suite>
<stat pass="5" fail="0" skip="0" id="s1" name="Tests">Tests</stat>
<stat pass="5" fail="0" skip="0" id="s1-s1" name="Random-User-Test">Tests.Random-User-Test</stat>
</suite>
</statistics>
<errors>
</errors>
</robot>
