<?xml version="1.0" encoding="UTF-8"?>
<robot generator="Robot 7.0 (Python 3.12.3 on linux)" generated="2024-05-14T07:14:48.628957" rpa="false" schemaversion="5">
<suite id="s1" name="Tests" source="/home/runner/work/DesafioQAItauRogerioJordao/DesafioQAItauRogerioJordao/RamdonUser/tests">
<suite id="s1-s1" name="Random-User-Test" source="/home/runner/work/DesafioQAItauRogerioJordao/DesafioQAItauRogerioJordao/RamdonUser/tests/random-user-test.robot">
<test id="s1-s1-t1" name="Conectar" line="13">
<kw name="Conectar API" owner="random-user-service">
<kw name="Create Session" owner="RequestsLibrary">
<msg time="2024-05-14T07:14:48.992538" level="INFO">Creating Session using : alias=consultarAPI, url=https://randomuser.me/, headers={},                     cookies={}, auth=None, timeout=None, proxies=None, verify=False,                     debug=0 </msg>
<arg>consultarAPI</arg>
<arg>${URL}</arg>
<doc>Create Session: create a HTTP session to a server</doc>
<status status="PASS" start="2024-05-14T07:14:48.992342" elapsed="0.000368"/>
</kw>
<status status="PASS" start="2024-05-14T07:14:48.991412" elapsed="0.001679"/>
</kw>
<status status="PASS" start="2024-05-14T07:14:48.990888" elapsed="0.002399"/>
</test>
<test id="s1-s1-t2" name="Validar retorno 200 e JSON Válido" line="16">
<kw name="Teste de Requisicao Basica" owner="random-user-service">
<kw name="GET On Session" owner="RequestsLibrary">
<msg time="2024-05-14T07:14:49.066351" level="INFO">GET Request : url=https://randomuser.me/api 
 path_url=/api 
 headers={'User-Agent': 'python-requests/2.31.0', 'Accept-Encoding': 'gzip, deflate', 'Accept': '*/*', 'Connection': 'keep-alive'} 
 body=None 
 </msg>
<msg time="2024-05-14T07:14:49.066510" level="INFO">GET Response : url=https://randomuser.me/api 
 status=200, reason=OK 
 headers={'Date': 'Tue, 14 May 2024 07:14:49 GMT', 'Content-Type': 'application/json; charset=utf-8', 'Transfer-Encoding': 'chunked', 'Connection': 'keep-alive', 'X-Powered-By': 'Express', 'Access-Control-Allow-Origin': '*', 'Cache-Control': 'no-cache', 'ETag': 'W/"479-nYaGek81EcF25oart50+AIBMBag"', 'Vary': 'Accept-Encoding', 'Content-Encoding': 'gzip', 'CF-Cache-Status': 'DYNAMIC', 'Report-To': '{"endpoints":[{"url":"https:\\/\\/a.nel.cloudflare.com\\/report\\/v4?s=5Q%2FtoFXHFuuIaCdoJzqYNOjsM0QwWpjYEHEGeiOC8s%2BNXAk218CTSsjxTj%2BfGe6t4t6NZz2PIVoHCFVn69aYfqm%2Fqi8V7tymnYFflCg5Xaw44ABAxvaeDJlwW6ieNJVr"}],"group":"cf-nel","max_age":604800}', 'NEL': '{"success_fraction":0,"report_to":"cf-nel","max_age":604800}', 'Server': 'cloudflare', 'CF-RAY': '883917f07bb22cd1-ORD', 'alt-svc': 'h3=":443"; ma=86400'} 
 body={"results":[{"gender":"male","name":{"title":"Mr","first":"Juho","last":"Joki"},"location":{"street":{"number":9016,"name":"Verkatehtaankatu"},"city":"Sotkamo","state":"Central Ostrobothnia","country":"Finland","postcode":33053,"coordinates":{"latitude":"-28.4774","longitude":"-152.3604"},"timezone":{"offset":"+4:30","description":"Kabul"}},"email":"juho.joki@example.com","login":{"uuid":"63aefd14-5137-49d7-89b3-19666b66748a","username":"sadduck206","password":"maxmax","salt":"vgnCKZBG","md5":"c94bd5a3ccebcd7d5354af72e0e8835b","sha1":"f37ccbaf15d3c0136fdc58bf5110d1e0c95ae7a9","sha256":"c6b44c92626aaba0125b31978903c0be54d401eb7a8e8831964e82054c9797b2"},"dob":{"date":"1979-11-03T00:09:15.215Z","age":44},"registered":{"date":"2010-10-06T07:10:54.790Z","age":13},"phone":"05-733-435","cell":"046-475-76-50","id":{"name":"HETU","value":"NaNNA675undefined"},"picture":{"large":"https://randomuser.me/api/portraits/men/38.jpg","medium":"https://randomuser.me/api/portraits/med/men/38.jpg","thumbnail":"https://randomuser.me/api/portraits/thumb/men/38.jpg"},"nat":"FI"}],"info":{"seed":"4aa71ff554f4d57c","results":1,"page":1,"version":"1.4"}} 
 </msg>
<msg time="2024-05-14T07:14:49.066590" level="INFO">/opt/hostedtoolcache/Python/3.12.3/x64/lib/python3.12/site-packages/urllib3/connectionpool.py:1103: InsecureRequestWarning: Unverified HTTPS request is being made to host 'randomuser.me'. Adding certificate verification is strongly advised. See: https://urllib3.readthedocs.io/en/latest/advanced-usage.html#tls-warnings
  warnings.warn(</msg>
<msg time="2024-05-14T07:14:49.066739" level="INFO">${response} = &lt;Response [200]&gt;</msg>
<var>${response}</var>
<arg>consultarAPI</arg>
<arg>/api</arg>
<doc>Sends a GET request on a previously created HTTP Session.</doc>
<status status="PASS" start="2024-05-14T07:14:48.995967" elapsed="0.070804"/>
</kw>
<kw name="Should Be Equal As Numbers" owner="BuiltIn">
<msg time="2024-05-14T07:14:49.067735" level="INFO">Argument types are:
&lt;class 'int'&gt;
&lt;class 'str'&gt;</msg>
<arg>${response.status_code}</arg>
<arg>200</arg>
<doc>Fails if objects are unequal after converting them to real numbers.</doc>
<status status="PASS" start="2024-05-14T07:14:49.067268" elapsed="0.000534"/>
</kw>
<kw name="Log" owner="BuiltIn">
<msg time="2024-05-14T07:14:49.068516" level="INFO">200</msg>
<arg>${response.status_code}</arg>
<doc>Logs the given message with the given level.</doc>
<status status="PASS" start="2024-05-14T07:14:49.068161" elapsed="0.000398"/>
</kw>
<kw name="Set Variable" owner="BuiltIn">
<msg time="2024-05-14T07:14:49.069313" level="INFO">${json_data} = {'results': [{'gender': 'male', 'name': {'title': 'Mr', 'first': 'Juho', 'last': 'Joki'}, 'location': {'street': {'number': 9016, 'name': 'Verkatehtaankatu'}, 'city': 'Sotkamo', 'state': 'Central Ostr...</msg>
<var>${json_data}</var>
<arg>${response.json()}</arg>
<doc>Returns the given values which can then be assigned to a variables.</doc>
<status status="PASS" start="2024-05-14T07:14:49.068871" elapsed="0.000471"/>
</kw>
<kw name="Dictionary Should Contain Key" owner="Collections">
<msg time="2024-05-14T07:14:49.069850" level="INFO">False</msg>
<arg>${json_data}</arg>
<arg>results</arg>
<doc>Fails if ``key`` is not found from ``dictionary``.</doc>
<status status="PASS" start="2024-05-14T07:14:49.069643" elapsed="0.000250"/>
</kw>
<status status="PASS" start="2024-05-14T07:14:48.995721" elapsed="0.074444"/>
</kw>
<doc>Testa se a API responde corretamente e retorna um objeto JSON válido.</doc>
<tag>testeRequisicaoBasica</tag>
<status status="PASS" start="2024-05-14T07:14:48.995263" elapsed="0.075090"/>
</test>
<test id="s1-s1-t3" name="Validar estrutura de resposta" line="22">
<kw name="Teste de Estrutura de Resposta" owner="random-user-service">
<kw name="GET On Session" owner="RequestsLibrary">
<msg time="2024-05-14T07:14:49.183345" level="INFO">GET Request : url=https://randomuser.me/api 
 path_url=/api 
 headers={'User-Agent': 'python-requests/2.31.0', 'Accept-Encoding': 'gzip, deflate', 'Accept': '*/*', 'Connection': 'keep-alive'} 
 body=None 
 </msg>
<msg time="2024-05-14T07:14:49.183448" level="INFO">GET Response : url=https://randomuser.me/api 
 status=200, reason=OK 
 headers={'Date': 'Tue, 14 May 2024 07:14:49 GMT', 'Content-Type': 'application/json; charset=utf-8', 'Transfer-Encoding': 'chunked', 'Connection': 'keep-alive', 'X-Powered-By': 'Express', 'Access-Control-Allow-Origin': '*', 'Cache-Control': 'no-cache', 'ETag': 'W/"484-cVqt6yOCW9T+zhI2F5aYqWYtK2E"', 'Vary': 'Accept-Encoding', 'Content-Encoding': 'gzip', 'CF-Cache-Status': 'DYNAMIC', 'Report-To': '{"endpoints":[{"url":"https:\\/\\/a.nel.cloudflare.com\\/report\\/v4?s=ubxzVqh7%2B%2F9lIKc%2BPuoT3mFaivY6KG71qrObhi%2B159S89NplJUcQRG%2FRFmqupv1eUbNsEBkbpMgnDnTI%2BvQUL%2BSaX8CVDgyoj%2B3LeMJLcSohhtLm5AmRghGY6HSZICUN"}],"group":"cf-nel","max_age":604800}', 'NEL': '{"success_fraction":0,"report_to":"cf-nel","max_age":604800}', 'Server': 'cloudflare', 'CF-RAY': '883917f0bbcb2cd1-ORD', 'alt-svc': 'h3=":443"; ma=86400'} 
 body={"results":[{"gender":"female","name":{"title":"Miss","first":"Hilla","last":"Hatala"},"location":{"street":{"number":6159,"name":"Mannerheimintie"},"city":"Pertunmaa","state":"Lapland","country":"Finland","postcode":87410,"coordinates":{"latitude":"-23.5382","longitude":"89.7853"},"timezone":{"offset":"+9:30","description":"Adelaide, Darwin"}},"email":"hilla.hatala@example.com","login":{"uuid":"520e96a4-d4cd-484a-8ef3-603f1f646fd9","username":"bluekoala142","password":"violet","salt":"rXYHqNa3","md5":"98f9be8a1fdf2ba657627160806d4a6b","sha1":"0b17165e94798a44cd00edf1706ca01d9e1c5d55","sha256":"57b1291424226ad5487e5b2274bb72ed9780e771359c44a2f496f494493e631a"},"dob":{"date":"1956-05-16T15:46:39.174Z","age":67},"registered":{"date":"2021-05-26T03:52:38.944Z","age":2},"phone":"09-434-985","cell":"047-645-31-68","id":{"name":"HETU","value":"NaNNA176undefined"},"picture":{"large":"https://randomuser.me/api/portraits/women/7.jpg","medium":"https://randomuser.me/api/portraits/med/women/7.jpg","thumbnail":"https://randomuser.me/api/portraits/thumb/women/7.jpg"},"nat":"FI"}],"info":{"seed":"564104401af40229","results":1,"page":1,"version":"1.4"}} 
 </msg>
<msg time="2024-05-14T07:14:49.183578" level="INFO">/opt/hostedtoolcache/Python/3.12.3/x64/lib/python3.12/site-packages/urllib3/connectionpool.py:1103: InsecureRequestWarning: Unverified HTTPS request is being made to host 'randomuser.me'. Adding certificate verification is strongly advised. See: https://urllib3.readthedocs.io/en/latest/advanced-usage.html#tls-warnings
  warnings.warn(</msg>
<msg time="2024-05-14T07:14:49.183728" level="INFO">${response} = &lt;Response [200]&gt;</msg>
<var>${response}</var>
<arg>consultarAPI</arg>
<arg>/api</arg>
<doc>Sends a GET request on a previously created HTTP Session.</doc>
<status status="PASS" start="2024-05-14T07:14:49.072944" elapsed="0.110824"/>
</kw>
<kw name="Set Variable" owner="BuiltIn">
<msg time="2024-05-14T07:14:49.184720" level="INFO">${json_data} = {'results': [{'gender': 'female', 'name': {'title': 'Miss', 'first': 'Hilla', 'last': 'Hatala'}, 'location': {'street': {'number': 6159, 'name': 'Mannerheimintie'}, 'city': 'Pertunmaa', 'state': 'Lapl...</msg>
<var>${json_data}</var>
<arg>${response.json()}</arg>
<doc>Returns the given values which can then be assigned to a variables.</doc>
<status status="PASS" start="2024-05-14T07:14:49.184206" elapsed="0.000543"/>
</kw>
<kw name="Log" owner="BuiltIn">
<msg time="2024-05-14T07:14:49.185232" level="INFO">{'results': [{'gender': 'female', 'name': {'title': 'Miss', 'first': 'Hilla', 'last': 'Hatala'}, 'location': {'street': {'number': 6159, 'name': 'Mannerheimintie'}, 'city': 'Pertunmaa', 'state': 'Lapland', 'country': 'Finland', 'postcode': 87410, 'coordinates': {'latitude': '-23.5382', 'longitude': '89.7853'}, 'timezone': {'offset': '+9:30', 'description': 'Adelaide, Darwin'}}, 'email': 'hilla.hatala@example.com', 'login': {'uuid': '520e96a4-d4cd-484a-8ef3-603f1f646fd9', 'username': 'bluekoala142', 'password': 'violet', 'salt': 'rXYHqNa3', 'md5': '98f9be8a1fdf2ba657627160806d4a6b', 'sha1': '0b17165e94798a44cd00edf1706ca01d9e1c5d55', 'sha256': '57b1291424226ad5487e5b2274bb72ed9780e771359c44a2f496f494493e631a'}, 'dob': {'date': '1956-05-16T15:46:39.174Z', 'age': 67}, 'registered': {'date': '2021-05-26T03:52:38.944Z', 'age': 2}, 'phone': '09-434-985', 'cell': '047-645-31-68', 'id': {'name': 'HETU', 'value': 'NaNNA176undefined'}, 'picture': {'large': 'https://randomuser.me/api/portraits/women/7.jpg', 'medium': 'https://randomuser.me/api/portraits/med/women/7.jpg', 'thumbnail': 'https://randomuser.me/api/portraits/thumb/women/7.jpg'}, 'nat': 'FI'}], 'info': {'seed': '564104401af40229', 'results': 1, 'page': 1, 'version': '1.4'}}</msg>
<arg>${json_data}</arg>
<doc>Logs the given message with the given level.</doc>
<status status="PASS" start="2024-05-14T07:14:49.185072" elapsed="0.000207"/>
</kw>
<kw name="Dictionary Should Contain Key" owner="Collections">
<msg time="2024-05-14T07:14:49.185765" level="INFO">False</msg>
<arg>${json_data}</arg>
<arg>results</arg>
<doc>Fails if ``key`` is not found from ``dictionary``.</doc>
<status status="PASS" start="2024-05-14T07:14:49.185580" elapsed="0.000226"/>
</kw>
<kw name="Should Not Be Empty" owner="BuiltIn">
<msg time="2024-05-14T07:14:49.186230" level="INFO">Length is 2.</msg>
<arg>${json_data}</arg>
<doc>Verifies that the given item is not empty.</doc>
<status status="PASS" start="2024-05-14T07:14:49.186099" elapsed="0.000333"/>
</kw>
<kw name="Create List" owner="BuiltIn">
<msg time="2024-05-14T07:14:49.186886" level="INFO">${expected_keys} = ['gender', 'name', 'location', 'email', 'login']</msg>
<var>${expected_keys}</var>
<arg>gender</arg>
<arg>name</arg>
<arg>location</arg>
<arg>email</arg>
<arg>login</arg>
<doc>Returns a list containing given items.</doc>
<status status="PASS" start="2024-05-14T07:14:49.186732" elapsed="0.000179"/>
</kw>
<for flavor="IN">
<iter>
<kw name="Dictionary Should Contain Key" owner="Collections">
<msg time="2024-05-14T07:14:49.187898" level="INFO">False</msg>
<arg>${json_data['results'][0]}</arg>
<arg>${key}</arg>
<doc>Fails if ``key`` is not found from ``dictionary``.</doc>
<status status="PASS" start="2024-05-14T07:14:49.187491" elapsed="0.000446"/>
</kw>
<kw name="Log" owner="BuiltIn">
<msg time="2024-05-14T07:14:49.188607" level="INFO">{'gender': 'female', 'name': {'title': 'Miss', 'first': 'Hilla', 'last': 'Hatala'}, 'location': {'street': {'number': 6159, 'name': 'Mannerheimintie'}, 'city': 'Pertunmaa', 'state': 'Lapland', 'country': 'Finland', 'postcode': 87410, 'coordinates': {'latitude': '-23.5382', 'longitude': '89.7853'}, 'timezone': {'offset': '+9:30', 'description': 'Adelaide, Darwin'}}, 'email': 'hilla.hatala@example.com', 'login': {'uuid': '520e96a4-d4cd-484a-8ef3-603f1f646fd9', 'username': 'bluekoala142', 'password': 'violet', 'salt': 'rXYHqNa3', 'md5': '98f9be8a1fdf2ba657627160806d4a6b', 'sha1': '0b17165e94798a44cd00edf1706ca01d9e1c5d55', 'sha256': '57b1291424226ad5487e5b2274bb72ed9780e771359c44a2f496f494493e631a'}, 'dob': {'date': '1956-05-16T15:46:39.174Z', 'age': 67}, 'registered': {'date': '2021-05-26T03:52:38.944Z', 'age': 2}, 'phone': '09-434-985', 'cell': '047-645-31-68', 'id': {'name': 'HETU', 'value': 'NaNNA176undefined'}, 'picture': {'large': 'https://randomuser.me/api/portraits/women/7.jpg', 'medium': 'https://randomuser.me/api/portraits/med/women/7.jpg', 'thumbnail': 'https://randomuser.me/api/portraits/thumb/women/7.jpg'}, 'nat': 'FI'}</msg>
<arg>${json_data['results'][0]}</arg>
<doc>Logs the given message with the given level.</doc>
<status status="PASS" start="2024-05-14T07:14:49.188237" elapsed="0.000419"/>
</kw>
<kw name="Log" owner="BuiltIn">
<msg time="2024-05-14T07:14:49.189078" level="INFO">gender</msg>
<arg>${key}</arg>
<doc>Logs the given message with the given level.</doc>
<status status="PASS" start="2024-05-14T07:14:49.188952" elapsed="0.000163"/>
</kw>
<var name="${key}">gender</var>
<status status="PASS" start="2024-05-14T07:14:49.187365" elapsed="0.001964"/>
</iter>
<iter>
<kw name="Dictionary Should Contain Key" owner="Collections">
<msg time="2024-05-14T07:14:49.190046" level="INFO">False</msg>
<arg>${json_data['results'][0]}</arg>
<arg>${key}</arg>
<doc>Fails if ``key`` is not found from ``dictionary``.</doc>
<status status="PASS" start="2024-05-14T07:14:49.189630" elapsed="0.000454"/>
</kw>
<kw name="Log" owner="BuiltIn">
<msg time="2024-05-14T07:14:49.190768" level="INFO">{'gender': 'female', 'name': {'title': 'Miss', 'first': 'Hilla', 'last': 'Hatala'}, 'location': {'street': {'number': 6159, 'name': 'Mannerheimintie'}, 'city': 'Pertunmaa', 'state': 'Lapland', 'country': 'Finland', 'postcode': 87410, 'coordinates': {'latitude': '-23.5382', 'longitude': '89.7853'}, 'timezone': {'offset': '+9:30', 'description': 'Adelaide, Darwin'}}, 'email': 'hilla.hatala@example.com', 'login': {'uuid': '520e96a4-d4cd-484a-8ef3-603f1f646fd9', 'username': 'bluekoala142', 'password': 'violet', 'salt': 'rXYHqNa3', 'md5': '98f9be8a1fdf2ba657627160806d4a6b', 'sha1': '0b17165e94798a44cd00edf1706ca01d9e1c5d55', 'sha256': '57b1291424226ad5487e5b2274bb72ed9780e771359c44a2f496f494493e631a'}, 'dob': {'date': '1956-05-16T15:46:39.174Z', 'age': 67}, 'registered': {'date': '2021-05-26T03:52:38.944Z', 'age': 2}, 'phone': '09-434-985', 'cell': '047-645-31-68', 'id': {'name': 'HETU', 'value': 'NaNNA176undefined'}, 'picture': {'large': 'https://randomuser.me/api/portraits/women/7.jpg', 'medium': 'https://randomuser.me/api/portraits/med/women/7.jpg', 'thumbnail': 'https://randomuser.me/api/portraits/thumb/women/7.jpg'}, 'nat': 'FI'}</msg>
<arg>${json_data['results'][0]}</arg>
<doc>Logs the given message with the given level.</doc>
<status status="PASS" start="2024-05-14T07:14:49.190405" elapsed="0.000411"/>
</kw>
<kw name="Log" owner="BuiltIn">
<msg time="2024-05-14T07:14:49.191236" level="INFO">name</msg>
<arg>${key}</arg>
<doc>Logs the given message with the given level.</doc>
<status status="PASS" start="2024-05-14T07:14:49.191110" elapsed="0.000164"/>
</kw>
<var name="${key}">name</var>
<status status="PASS" start="2024-05-14T07:14:49.189517" elapsed="0.001971"/>
</iter>
<iter>
<kw name="Dictionary Should Contain Key" owner="Collections">
<msg time="2024-05-14T07:14:49.192160" level="INFO">False</msg>
<arg>${json_data['results'][0]}</arg>
<arg>${key}</arg>
<doc>Fails if ``key`` is not found from ``dictionary``.</doc>
<status status="PASS" start="2024-05-14T07:14:49.191773" elapsed="0.000424"/>
</kw>
<kw name="Log" owner="BuiltIn">
<msg time="2024-05-14T07:14:49.192858" level="INFO">{'gender': 'female', 'name': {'title': 'Miss', 'first': 'Hilla', 'last': 'Hatala'}, 'location': {'street': {'number': 6159, 'name': 'Mannerheimintie'}, 'city': 'Pertunmaa', 'state': 'Lapland', 'country': 'Finland', 'postcode': 87410, 'coordinates': {'latitude': '-23.5382', 'longitude': '89.7853'}, 'timezone': {'offset': '+9:30', 'description': 'Adelaide, Darwin'}}, 'email': 'hilla.hatala@example.com', 'login': {'uuid': '520e96a4-d4cd-484a-8ef3-603f1f646fd9', 'username': 'bluekoala142', 'password': 'violet', 'salt': 'rXYHqNa3', 'md5': '98f9be8a1fdf2ba657627160806d4a6b', 'sha1': '0b17165e94798a44cd00edf1706ca01d9e1c5d55', 'sha256': '57b1291424226ad5487e5b2274bb72ed9780e771359c44a2f496f494493e631a'}, 'dob': {'date': '1956-05-16T15:46:39.174Z', 'age': 67}, 'registered': {'date': '2021-05-26T03:52:38.944Z', 'age': 2}, 'phone': '09-434-985', 'cell': '047-645-31-68', 'id': {'name': 'HETU', 'value': 'NaNNA176undefined'}, 'picture': {'large': 'https://randomuser.me/api/portraits/women/7.jpg', 'medium': 'https://randomuser.me/api/portraits/med/women/7.jpg', 'thumbnail': 'https://randomuser.me/api/portraits/thumb/women/7.jpg'}, 'nat': 'FI'}</msg>
<arg>${json_data['results'][0]}</arg>
<doc>Logs the given message with the given level.</doc>
<status status="PASS" start="2024-05-14T07:14:49.192492" elapsed="0.000415"/>
</kw>
<kw name="Log" owner="BuiltIn">
<msg time="2024-05-14T07:14:49.193325" level="INFO">location</msg>
<arg>${key}</arg>
<doc>Logs the given message with the given level.</doc>
<status status="PASS" start="2024-05-14T07:14:49.193201" elapsed="0.000162"/>
</kw>
<var name="${key}">location</var>
<status status="PASS" start="2024-05-14T07:14:49.191664" elapsed="0.001912"/>
</iter>
<iter>
<kw name="Dictionary Should Contain Key" owner="Collections">
<msg time="2024-05-14T07:14:49.194284" level="INFO">False</msg>
<arg>${json_data['results'][0]}</arg>
<arg>${key}</arg>
<doc>Fails if ``key`` is not found from ``dictionary``.</doc>
<status status="PASS" start="2024-05-14T07:14:49.193896" elapsed="0.000426"/>
</kw>
<kw name="Log" owner="BuiltIn">
<msg time="2024-05-14T07:14:49.194992" level="INFO">{'gender': 'female', 'name': {'title': 'Miss', 'first': 'Hilla', 'last': 'Hatala'}, 'location': {'street': {'number': 6159, 'name': 'Mannerheimintie'}, 'city': 'Pertunmaa', 'state': 'Lapland', 'country': 'Finland', 'postcode': 87410, 'coordinates': {'latitude': '-23.5382', 'longitude': '89.7853'}, 'timezone': {'offset': '+9:30', 'description': 'Adelaide, Darwin'}}, 'email': 'hilla.hatala@example.com', 'login': {'uuid': '520e96a4-d4cd-484a-8ef3-603f1f646fd9', 'username': 'bluekoala142', 'password': 'violet', 'salt': 'rXYHqNa3', 'md5': '98f9be8a1fdf2ba657627160806d4a6b', 'sha1': '0b17165e94798a44cd00edf1706ca01d9e1c5d55', 'sha256': '57b1291424226ad5487e5b2274bb72ed9780e771359c44a2f496f494493e631a'}, 'dob': {'date': '1956-05-16T15:46:39.174Z', 'age': 67}, 'registered': {'date': '2021-05-26T03:52:38.944Z', 'age': 2}, 'phone': '09-434-985', 'cell': '047-645-31-68', 'id': {'name': 'HETU', 'value': 'NaNNA176undefined'}, 'picture': {'large': 'https://randomuser.me/api/portraits/women/7.jpg', 'medium': 'https://randomuser.me/api/portraits/med/women/7.jpg', 'thumbnail': 'https://randomuser.me/api/portraits/thumb/women/7.jpg'}, 'nat': 'FI'}</msg>
<arg>${json_data['results'][0]}</arg>
<doc>Logs the given message with the given level.</doc>
<status status="PASS" start="2024-05-14T07:14:49.194630" elapsed="0.000411"/>
</kw>
<kw name="Log" owner="BuiltIn">
<msg time="2024-05-14T07:14:49.195474" level="INFO">email</msg>
<arg>${key}</arg>
<doc>Logs the given message with the given level.</doc>
<status status="PASS" start="2024-05-14T07:14:49.195348" elapsed="0.000163"/>
</kw>
<var name="${key}">email</var>
<status status="PASS" start="2024-05-14T07:14:49.193779" elapsed="0.001945"/>
</iter>
<iter>
<kw name="Dictionary Should Contain Key" owner="Collections">
<msg time="2024-05-14T07:14:49.196405" level="INFO">False</msg>
<arg>${json_data['results'][0]}</arg>
<arg>${key}</arg>
<doc>Fails if ``key`` is not found from ``dictionary``.</doc>
<status status="PASS" start="2024-05-14T07:14:49.196009" elapsed="0.000436"/>
</kw>
<kw name="Log" owner="BuiltIn">
<msg time="2024-05-14T07:14:49.197122" level="INFO">{'gender': 'female', 'name': {'title': 'Miss', 'first': 'Hilla', 'last': 'Hatala'}, 'location': {'street': {'number': 6159, 'name': 'Mannerheimintie'}, 'city': 'Pertunmaa', 'state': 'Lapland', 'country': 'Finland', 'postcode': 87410, 'coordinates': {'latitude': '-23.5382', 'longitude': '89.7853'}, 'timezone': {'offset': '+9:30', 'description': 'Adelaide, Darwin'}}, 'email': 'hilla.hatala@example.com', 'login': {'uuid': '520e96a4-d4cd-484a-8ef3-603f1f646fd9', 'username': 'bluekoala142', 'password': 'violet', 'salt': 'rXYHqNa3', 'md5': '98f9be8a1fdf2ba657627160806d4a6b', 'sha1': '0b17165e94798a44cd00edf1706ca01d9e1c5d55', 'sha256': '57b1291424226ad5487e5b2274bb72ed9780e771359c44a2f496f494493e631a'}, 'dob': {'date': '1956-05-16T15:46:39.174Z', 'age': 67}, 'registered': {'date': '2021-05-26T03:52:38.944Z', 'age': 2}, 'phone': '09-434-985', 'cell': '047-645-31-68', 'id': {'name': 'HETU', 'value': 'NaNNA176undefined'}, 'picture': {'large': 'https://randomuser.me/api/portraits/women/7.jpg', 'medium': 'https://randomuser.me/api/portraits/med/women/7.jpg', 'thumbnail': 'https://randomuser.me/api/portraits/thumb/women/7.jpg'}, 'nat': 'FI'}</msg>
<arg>${json_data['results'][0]}</arg>
<doc>Logs the given message with the given level.</doc>
<status status="PASS" start="2024-05-14T07:14:49.196749" elapsed="0.000421"/>
</kw>
<kw name="Log" owner="BuiltIn">
<msg time="2024-05-14T07:14:49.197592" level="INFO">login</msg>
<arg>${key}</arg>
<doc>Logs the given message with the given level.</doc>
<status status="PASS" start="2024-05-14T07:14:49.197464" elapsed="0.000167"/>
</kw>
<var name="${key}">login</var>
<status status="PASS" start="2024-05-14T07:14:49.195899" elapsed="0.001977"/>
</iter>
<var>${key}</var>
<value>@{expected_keys}</value>
<status status="PASS" start="2024-05-14T07:14:49.187170" elapsed="0.010856"/>
</for>
<kw name="Create List" owner="BuiltIn">
<msg time="2024-05-14T07:14:49.198374" level="INFO">${expected_keysTwo} = ['username', 'password']</msg>
<var>${expected_keysTwo}</var>
<arg>username</arg>
<arg>password</arg>
<doc>Returns a list containing given items.</doc>
<status status="PASS" start="2024-05-14T07:14:49.198225" elapsed="0.000174"/>
</kw>
<for flavor="IN">
<iter>
<kw name="Dictionary Should Contain Key" owner="Collections">
<msg time="2024-05-14T07:14:49.199311" level="INFO">False</msg>
<arg>${json_data['results'][0]['login']}</arg>
<arg>${keyTwo}</arg>
<doc>Fails if ``key`` is not found from ``dictionary``.</doc>
<status status="PASS" start="2024-05-14T07:14:49.198917" elapsed="0.000433"/>
</kw>
<kw name="Dictionary Should Contain Key" owner="Collections">
<msg time="2024-05-14T07:14:49.200018" level="INFO">False</msg>
<arg>${json_data['results'][0]['login']}</arg>
<arg>${keyTwo}</arg>
<doc>Fails if ``key`` is not found from ``dictionary``.</doc>
<status status="PASS" start="2024-05-14T07:14:49.199641" elapsed="0.000416"/>
</kw>
<kw name="Log" owner="BuiltIn">
<msg time="2024-05-14T07:14:49.200469" level="INFO">username</msg>
<arg>${keyTwo}</arg>
<doc>Logs the given message with the given level.</doc>
<status status="PASS" start="2024-05-14T07:14:49.200345" elapsed="0.000167"/>
</kw>
<var name="${keyTwo}">username</var>
<status status="PASS" start="2024-05-14T07:14:49.198808" elapsed="0.001920"/>
</iter>
<iter>
<kw name="Dictionary Should Contain Key" owner="Collections">
<msg time="2024-05-14T07:14:49.201481" level="INFO">False</msg>
<arg>${json_data['results'][0]['login']}</arg>
<arg>${keyTwo}</arg>
<doc>Fails if ``key`` is not found from ``dictionary``.</doc>
<status status="PASS" start="2024-05-14T07:14:49.201008" elapsed="0.000513"/>
</kw>
<kw name="Dictionary Should Contain Key" owner="Collections">
<msg time="2024-05-14T07:14:49.202222" level="INFO">False</msg>
<arg>${json_data['results'][0]['login']}</arg>
<arg>${keyTwo}</arg>
<doc>Fails if ``key`` is not found from ``dictionary``.</doc>
<status status="PASS" start="2024-05-14T07:14:49.201839" elapsed="0.000421"/>
</kw>
<kw name="Log" owner="BuiltIn">
<msg time="2024-05-14T07:14:49.202679" level="INFO">password</msg>
<arg>${keyTwo}</arg>
<doc>Logs the given message with the given level.</doc>
<status status="PASS" start="2024-05-14T07:14:49.202554" elapsed="0.000161"/>
</kw>
<var name="${keyTwo}">password</var>
<status status="PASS" start="2024-05-14T07:14:49.200899" elapsed="0.002028"/>
</iter>
<var>${keyTwo}</var>
<value>@{expected_keysTwo}</value>
<status status="PASS" start="2024-05-14T07:14:49.198652" elapsed="0.004399"/>
</for>
<status status="PASS" start="2024-05-14T07:14:49.072702" elapsed="0.130491"/>
</kw>
<doc>Testa a estrutura da resposta da API.</doc>
<tag>testeEstruturaResposta</tag>
<status status="PASS" start="2024-05-14T07:14:49.072197" elapsed="0.131154"/>
</test>
<test id="s1-s1-t4" name="Validar tipos de dados" line="28">
<kw name="Teste de Tipos de Dados" owner="random-user-service">
<kw name="GET On Session" owner="RequestsLibrary">
<msg time="2024-05-14T07:14:49.272016" level="INFO">GET Request : url=https://randomuser.me/api 
 path_url=/api 
 headers={'User-Agent': 'python-requests/2.31.0', 'Accept-Encoding': 'gzip, deflate', 'Accept': '*/*', 'Connection': 'keep-alive'} 
 body=None 
 </msg>
<msg time="2024-05-14T07:14:49.272107" level="INFO">GET Response : url=https://randomuser.me/api 
 status=200, reason=OK 
 headers={'Date': 'Tue, 14 May 2024 07:14:49 GMT', 'Content-Type': 'application/json; charset=utf-8', 'Transfer-Encoding': 'chunked', 'Connection': 'keep-alive', 'X-Powered-By': 'Express', 'Access-Control-Allow-Origin': '*', 'Cache-Control': 'no-cache', 'ETag': 'W/"491-B4VLsxriEu0WWlvOLNf5KqONg48"', 'Vary': 'Accept-Encoding', 'Content-Encoding': 'gzip', 'CF-Cache-Status': 'DYNAMIC', 'Report-To': '{"endpoints":[{"url":"https:\\/\\/a.nel.cloudflare.com\\/report\\/v4?s=D09DPndO4Q1cwTHgDv2Va8Zcit6Yr%2BsLADzB3xji0X9BU7mHqPNvlOSW8ouJxpbbvvo%2F166A1Wt4ql14%2FHwUHGZRsG5r062JEfnDz7cqjKs%2BOxCPp6GAjRDUOyCZcC9F"}],"group":"cf-nel","max_age":604800}', 'NEL': '{"success_fraction":0,"report_to":"cf-nel","max_age":604800}', 'Server': 'cloudflare', 'CF-RAY': '883917f18c2f2cd1-ORD', 'alt-svc': 'h3=":443"; ma=86400'} 
 body={"results":[{"gender":"female","name":{"title":"Mrs","first":"Melissa","last":"Cruz"},"location":{"street":{"number":8602,"name":"Grange Road"},"city":"Youghal","state":"Galway","country":"Ireland","postcode":16705,"coordinates":{"latitude":"2.6928","longitude":"77.0629"},"timezone":{"offset":"+5:00","description":"Ekaterinburg, Islamabad, Karachi, Tashkent"}},"email":"melissa.cruz@example.com","login":{"uuid":"b29ad3f4-1d3c-427e-bc2f-77ced7691a48","username":"whiteladybug522","password":"benito","salt":"1lWkB3SX","md5":"8994f46bef931023caf0a0ad5bbc6c8c","sha1":"4b0106327c530302c13edfd37291ef632fd3a3e6","sha256":"6ae5403fe5546f86bf693e595d890a2afc0e09fdf5bebbf4ef9cb246a1a06c51"},"dob":{"date":"1990-08-31T05:23:04.270Z","age":33},"registered":{"date":"2019-11-17T03:57:44.287Z","age":4},"phone":"041-361-6254","cell":"081-340-4460","id":{"name":"PPS","value":"8516387T"},"picture":{"large":"https://randomuser.me/api/portraits/women/79.jpg","medium":"https://randomuser.me/api/portraits/med/women/79.jpg","thumbnail":"https://randomuser.me/api/portraits/thumb/women/79.jpg"},"nat":"IE"}],"info":{"seed":"7f39d4b0c6dd73f4","results":1,"page":1,"version":"1.4"}} 
 </msg>
<msg time="2024-05-14T07:14:49.272184" level="INFO">/opt/hostedtoolcache/Python/3.12.3/x64/lib/python3.12/site-packages/urllib3/connectionpool.py:1103: InsecureRequestWarning: Unverified HTTPS request is being made to host 'randomuser.me'. Adding certificate verification is strongly advised. See: https://urllib3.readthedocs.io/en/latest/advanced-usage.html#tls-warnings
  warnings.warn(</msg>
<msg time="2024-05-14T07:14:49.272341" level="INFO">${response} = &lt;Response [200]&gt;</msg>
<var>${response}</var>
<arg>consultarAPI</arg>
<arg>/api</arg>
<doc>Sends a GET request on a previously created HTTP Session.</doc>
<status status="PASS" start="2024-05-14T07:14:49.205841" elapsed="0.066541"/>
</kw>
<kw name="Set Variable" owner="BuiltIn">
<msg time="2024-05-14T07:14:49.273357" level="INFO">${json_data} = {'results': [{'gender': 'female', 'name': {'title': 'Mrs', 'first': 'Melissa', 'last': 'Cruz'}, 'location': {'street': {'number': 8602, 'name': 'Grange Road'}, 'city': 'Youghal', 'state': 'Galway', 'c...</msg>
<var>${json_data}</var>
<arg>${response.json()}</arg>
<doc>Returns the given values which can then be assigned to a variables.</doc>
<status status="PASS" start="2024-05-14T07:14:49.272882" elapsed="0.000504"/>
</kw>
<kw name="Log" owner="BuiltIn">
<msg time="2024-05-14T07:14:49.273882" level="INFO">{'results': [{'gender': 'female', 'name': {'title': 'Mrs', 'first': 'Melissa', 'last': 'Cruz'}, 'location': {'street': {'number': 8602, 'name': 'Grange Road'}, 'city': 'Youghal', 'state': 'Galway', 'country': 'Ireland', 'postcode': 16705, 'coordinates': {'latitude': '2.6928', 'longitude': '77.0629'}, 'timezone': {'offset': '+5:00', 'description': 'Ekaterinburg, Islamabad, Karachi, Tashkent'}}, 'email': 'melissa.cruz@example.com', 'login': {'uuid': 'b29ad3f4-1d3c-427e-bc2f-77ced7691a48', 'username': 'whiteladybug522', 'password': 'benito', 'salt': '1lWkB3SX', 'md5': '8994f46bef931023caf0a0ad5bbc6c8c', 'sha1': '4b0106327c530302c13edfd37291ef632fd3a3e6', 'sha256': '6ae5403fe5546f86bf693e595d890a2afc0e09fdf5bebbf4ef9cb246a1a06c51'}, 'dob': {'date': '1990-08-31T05:23:04.270Z', 'age': 33}, 'registered': {'date': '2019-11-17T03:57:44.287Z', 'age': 4}, 'phone': '041-361-6254', 'cell': '081-340-4460', 'id': {'name': 'PPS', 'value': '8516387T'}, 'picture': {'large': 'https://randomuser.me/api/portraits/women/79.jpg', 'medium': 'https://randomuser.me/api/portraits/med/women/79.jpg', 'thumbnail': 'https://randomuser.me/api/portraits/thumb/women/79.jpg'}, 'nat': 'IE'}], 'info': {'seed': '7f39d4b0c6dd73f4', 'results': 1, 'page': 1, 'version': '1.4'}}</msg>
<arg>${json_data}</arg>
<doc>Logs the given message with the given level.</doc>
<status status="PASS" start="2024-05-14T07:14:49.273697" elapsed="0.000276"/>
</kw>
<kw name="Should Be String" owner="String">
<arg>${json_data['results'][0]['gender']}</arg>
<doc>Fails if the given ``item`` is not a string.</doc>
<status status="PASS" start="2024-05-14T07:14:49.274284" elapsed="0.000371"/>
</kw>
<kw name="Should Match Regexp" owner="BuiltIn">
<arg>${json_data['results'][0]['email']}</arg>
<arg>^[a-zA-Z0-9._%+-]+@[a-zA-Z0-9.-]+\.[a-zA-Z]{2,}$</arg>
<doc>Fails if ``string`` does not match ``pattern`` as a regular expression.</doc>
<status status="PASS" start="2024-05-14T07:14:49.274847" elapsed="0.000514"/>
</kw>
<kw name="Should Match Regexp" owner="BuiltIn">
<arg>${json_data['results'][0]['dob']['date']}</arg>
<arg>\\d{4}-\\d{2}-\\d{2}T\\d{2}:\\d{2}:\\d{2}\\.\\d{3}Z</arg>
<doc>Fails if ``string`` does not match ``pattern`` as a regular expression.</doc>
<status status="PASS" start="2024-05-14T07:14:49.275554" elapsed="0.000498"/>
</kw>
<kw name="Should Match Regexp" owner="BuiltIn">
<arg>${json_data['results'][0]['registered']['date']}</arg>
<arg>\\d{4}-\\d{2}-\\d{2}T\\d{2}:\\d{2}:\\d{2}\\.\\d{3}Z</arg>
<doc>Fails if ``string`` does not match ``pattern`` as a regular expression.</doc>
<status status="PASS" start="2024-05-14T07:14:49.276241" elapsed="0.000371"/>
</kw>
<kw name="Should Match Regexp" owner="BuiltIn">
<arg>${json_data['results'][0]['picture']['large']}</arg>
<arg>^https?://.*\.(?:png|jpe?g|gif|bmp)$</arg>
<doc>Fails if ``string`` does not match ``pattern`` as a regular expression.</doc>
<status status="PASS" start="2024-05-14T07:14:49.276810" elapsed="0.000458"/>
</kw>
<kw name="Should Match Regexp" owner="BuiltIn">
<arg>${json_data['results'][0]['picture']['medium']}</arg>
<arg>^https?://.*\.(?:png|jpe?g|gif|bmp)$</arg>
<doc>Fails if ``string`` does not match ``pattern`` as a regular expression.</doc>
<status status="PASS" start="2024-05-14T07:14:49.277454" elapsed="0.000373"/>
</kw>
<kw name="Should Match Regexp" owner="BuiltIn">
<arg>${json_data['results'][0]['picture']['thumbnail']}</arg>
<arg>^https?://.*\.(?:png|jpe?g|gif|bmp)$</arg>
<doc>Fails if ``string`` does not match ``pattern`` as a regular expression.</doc>
<status status="PASS" start="2024-05-14T07:14:49.278020" elapsed="0.000360"/>
</kw>
<kw name="Log" owner="BuiltIn">
<msg time="2024-05-14T07:14:49.278893" level="INFO">{'large': 'https://randomuser.me/api/portraits/women/79.jpg', 'medium': 'https://randomuser.me/api/portraits/med/women/79.jpg', 'thumbnail': 'https://randomuser.me/api/portraits/thumb/women/79.jpg'}</msg>
<arg>${json_data['results'][0]['picture']}</arg>
<doc>Logs the given message with the given level.</doc>
<status status="PASS" start="2024-05-14T07:14:49.278569" elapsed="0.000365"/>
</kw>
<status status="PASS" start="2024-05-14T07:14:49.205596" elapsed="0.073591"/>
</kw>
<kw name="Teste de Tipos de Dados - Postcode" owner="random-user-service">
<kw name="GET On Session" owner="RequestsLibrary">
<msg time="2024-05-14T07:14:49.367249" level="INFO">GET Request : url=https://randomuser.me/api 
 path_url=/api 
 headers={'User-Agent': 'python-requests/2.31.0', 'Accept-Encoding': 'gzip, deflate', 'Accept': '*/*', 'Connection': 'keep-alive'} 
 body=None 
 </msg>
<msg time="2024-05-14T07:14:49.367327" level="INFO">GET Response : url=https://randomuser.me/api 
 status=200, reason=OK 
 headers={'Date': 'Tue, 14 May 2024 07:14:49 GMT', 'Content-Type': 'application/json; charset=utf-8', 'Transfer-Encoding': 'chunked', 'Connection': 'keep-alive', 'X-Powered-By': 'Express', 'Access-Control-Allow-Origin': '*', 'Cache-Control': 'no-cache', 'ETag': 'W/"4b8-B07d92EDMBPiqcakAYLT3SNOj9U"', 'Vary': 'Accept-Encoding', 'Content-Encoding': 'gzip', 'CF-Cache-Status': 'DYNAMIC', 'Report-To': '{"endpoints":[{"url":"https:\\/\\/a.nel.cloudflare.com\\/report\\/v4?s=BjrVhpg0IRq5rrML%2FpSqB7HHxz6UzdMg4nQKSWayfjV5R9dotreF9hvzA3L%2FUpUZ8JwZcmEIhIG0%2Frcz%2FVxOv03HHTgBbk2OivJ7eTUxVQnlsj5DoEv46qihMcxm50J6"}],"group":"cf-nel","max_age":604800}', 'NEL': '{"success_fraction":0,"report_to":"cf-nel","max_age":604800}', 'Server': 'cloudflare', 'CF-RAY': '883917f20c722cd1-ORD', 'alt-svc': 'h3=":443"; ma=86400'} 
 body={"results":[{"gender":"female","name":{"title":"Mrs","first":"Carlota","last":"Menéndez"},"location":{"street":{"number":141,"name":"Calle Papua Nueva Guinea"},"city":"San Vicente Tancuayalab","state":"Veracruz","country":"Mexico","postcode":44436,"coordinates":{"latitude":"22.9708","longitude":"87.5519"},"timezone":{"offset":"+5:30","description":"Bombay, Calcutta, Madras, New Delhi"}},"email":"carlota.menendez@example.com","login":{"uuid":"385b03ce-6119-471a-a587-f6a1fd5feadd","username":"heavywolf457","password":"lolo","salt":"geMDfQAw","md5":"61d423c79c184050ebed59826a4617c1","sha1":"42b89ea48bf31c98c6fcb19f4a70fefdba09e2af","sha256":"0b30b306cafa68e9806e16d39c804a6dd745265a6e3c3747a042c58167dedebb"},"dob":{"date":"1982-02-25T13:50:49.765Z","age":42},"registered":{"date":"2003-10-23T08:49:37.619Z","age":20},"phone":"(683) 996 8876","cell":"(628) 732 7095","id":{"name":"NSS","value":"04 53 46 9688 7"},"picture":{"large":"https://randomuser.me/api/portraits/women/91.jpg","medium":"https://randomuser.me/api/portraits/med/women/91.jpg","thumbnail":"https://randomuser.me/api/portraits/thumb/women/91.jpg"},"nat":"MX"}],"info":{"seed":"b139b81b00ccc2a4","results":1,"page":1,"version":"1.4"}} 
 </msg>
<msg time="2024-05-14T07:14:49.367390" level="INFO">/opt/hostedtoolcache/Python/3.12.3/x64/lib/python3.12/site-packages/urllib3/connectionpool.py:1103: InsecureRequestWarning: Unverified HTTPS request is being made to host 'randomuser.me'. Adding certificate verification is strongly advised. See: https://urllib3.readthedocs.io/en/latest/advanced-usage.html#tls-warnings
  warnings.warn(</msg>
<msg time="2024-05-14T07:14:49.367501" level="INFO">${response} = &lt;Response [200]&gt;</msg>
<var>${response}</var>
<arg>consultarAPI</arg>
<arg>/api</arg>
<doc>Sends a GET request on a previously created HTTP Session.</doc>
<status status="PASS" start="2024-05-14T07:14:49.279631" elapsed="0.087909"/>
</kw>
<kw name="Set Variable" owner="BuiltIn">
<msg time="2024-05-14T07:14:49.368683" level="INFO">${json_data} = {'results': [{'gender': 'female', 'name': {'title': 'Mrs', 'first': 'Carlota', 'last': 'Menéndez'}, 'location': {'street': {'number': 141, 'name': 'Calle Papua Nueva Guinea'}, 'city': 'San Vicente Tan...</msg>
<var>${json_data}</var>
<arg>${response.json()}</arg>
<doc>Returns the given values which can then be assigned to a variables.</doc>
<status status="PASS" start="2024-05-14T07:14:49.368117" elapsed="0.000596"/>
</kw>
<kw name="Log" owner="BuiltIn">
<msg time="2024-05-14T07:14:49.369184" level="INFO">{'results': [{'gender': 'female', 'name': {'title': 'Mrs', 'first': 'Carlota', 'last': 'Menéndez'}, 'location': {'street': {'number': 141, 'name': 'Calle Papua Nueva Guinea'}, 'city': 'San Vicente Tancuayalab', 'state': 'Veracruz', 'country': 'Mexico', 'postcode': 44436, 'coordinates': {'latitude': '22.9708', 'longitude': '87.5519'}, 'timezone': {'offset': '+5:30', 'description': 'Bombay, Calcutta, Madras, New Delhi'}}, 'email': 'carlota.menendez@example.com', 'login': {'uuid': '385b03ce-6119-471a-a587-f6a1fd5feadd', 'username': 'heavywolf457', 'password': 'lolo', 'salt': 'geMDfQAw', 'md5': '61d423c79c184050ebed59826a4617c1', 'sha1': '42b89ea48bf31c98c6fcb19f4a70fefdba09e2af', 'sha256': '0b30b306cafa68e9806e16d39c804a6dd745265a6e3c3747a042c58167dedebb'}, 'dob': {'date': '1982-02-25T13:50:49.765Z', 'age': 42}, 'registered': {'date': '2003-10-23T08:49:37.619Z', 'age': 20}, 'phone': '(683) 996 8876', 'cell': '(628) 732 7095', 'id': {'name': 'NSS', 'value': '04 53 46 9688 7'}, 'picture': {'large': 'https://randomuser.me/api/portraits/women/91.jpg', 'medium': 'https://randomuser.me/api/portraits/med/women/91.jpg', 'thumbnail': 'https://randomuser.me/api/portraits/thumb/women/91.jpg'}, 'nat': 'MX'}], 'info': {'seed': 'b139b81b00ccc2a4', 'results': 1, 'page': 1, 'version': '1.4'}}</msg>
<arg>${json_data}</arg>
<doc>Logs the given message with the given level.</doc>
<status status="PASS" start="2024-05-14T07:14:49.369027" elapsed="0.000240"/>
</kw>
<kw name="Should Be Equal As Numbers" owner="BuiltIn">
<arg>${json_data['results'][0]['location']['postcode']}</arg>
<arg>${json_data['results'][0]['location']['postcode']}</arg>
<doc>Fails if objects are unequal after converting them to real numbers.</doc>
<status status="PASS" start="2024-05-14T07:14:49.369763" elapsed="0.000634"/>
</kw>
<kw name="Log" owner="BuiltIn">
<msg time="2024-05-14T07:14:49.370924" level="INFO">44436</msg>
<arg>${json_data['results'][0]['location']['postcode']}</arg>
<doc>Logs the given message with the given level.</doc>
<status status="PASS" start="2024-05-14T07:14:49.370589" elapsed="0.000374"/>
</kw>
<status status="PASS" start="2024-05-14T07:14:49.279408" elapsed="0.091815"/>
</kw>
<doc>Testa se os tipos de dados na resposta da API estão corretos.</doc>
<tag>testeTiposDados</tag>
<status status="PASS" start="2024-05-14T07:14:49.205151" elapsed="0.166236"/>
</test>
<test id="s1-s1-t5" name="Validar conteudo" line="35">
<kw name="Teste de Tipos de Conteudo" owner="random-user-service">
<kw name="GET On Session" owner="RequestsLibrary">
<msg time="2024-05-14T07:14:49.469031" level="INFO">GET Request : url=https://randomuser.me/api 
 path_url=/api 
 headers={'User-Agent': 'python-requests/2.31.0', 'Accept-Encoding': 'gzip, deflate', 'Accept': '*/*', 'Connection': 'keep-alive'} 
 body=None 
 </msg>
<msg time="2024-05-14T07:14:49.469139" level="INFO">GET Response : url=https://randomuser.me/api 
 status=200, reason=OK 
 headers={'Date': 'Tue, 14 May 2024 07:14:49 GMT', 'Content-Type': 'application/json; charset=utf-8', 'Transfer-Encoding': 'chunked', 'Connection': 'keep-alive', 'X-Powered-By': 'Express', 'Access-Control-Allow-Origin': '*', 'Cache-Control': 'no-cache', 'ETag': 'W/"461-eiwz6eFe53c45IMhbRV3uWtfeAE"', 'Vary': 'Accept-Encoding', 'Content-Encoding': 'gzip', 'CF-Cache-Status': 'DYNAMIC', 'Report-To': '{"endpoints":[{"url":"https:\\/\\/a.nel.cloudflare.com\\/report\\/v4?s=0vfN2iVYu5KOtgFODF%2BY3%2BVP6R7S9qdX5hcHzTNAWFhos7MgjsqYdvDF%2Bh6%2Fp6RmLVTtdA7uSbZM1A%2B6LUhFYYrx0XNTxmHPbx39rjaKzO3JGbP%2FFkzPoyWZh35We4He"}],"group":"cf-nel","max_age":604800}', 'NEL': '{"success_fraction":0,"report_to":"cf-nel","max_age":604800}', 'Server': 'cloudflare', 'CF-RAY': '883917f29ccb2cd1-ORD', 'alt-svc': 'h3=":443"; ma=86400'} 
 body={"results":[{"gender":"male","name":{"title":"Mr","first":"Josef","last":"Rose"},"location":{"street":{"number":9885,"name":"Grove Road"},"city":"Mullingar","state":"Meath","country":"Ireland","postcode":89437,"coordinates":{"latitude":"-3.2547","longitude":"-158.5502"},"timezone":{"offset":"-10:00","description":"Hawaii"}},"email":"josef.rose@example.com","login":{"uuid":"8c1f4aae-4467-40e3-a131-2704d9a7b4cf","username":"bluebird266","password":"asd123","salt":"srxBd6nO","md5":"11d09e613ef9d1d171fc17427d90ee25","sha1":"a2555e7321dd628936694c8ae64730766fd1a66e","sha256":"258840dba541bdf4da2502c5c148b96223de8e8aabc3f5e8ba7be7aca21cbbe4"},"dob":{"date":"1971-06-26T09:43:00.557Z","age":52},"registered":{"date":"2002-05-13T07:17:53.911Z","age":22},"phone":"061-564-6279","cell":"081-917-7365","id":{"name":"PPS","value":"9444213T"},"picture":{"large":"https://randomuser.me/api/portraits/men/26.jpg","medium":"https://randomuser.me/api/portraits/med/men/26.jpg","thumbnail":"https://randomuser.me/api/portraits/thumb/men/26.jpg"},"nat":"IE"}],"info":{"seed":"09397b235c20fd54","results":1,"page":1,"version":"1.4"}} 
 </msg>
<msg time="2024-05-14T07:14:49.469221" level="INFO">/opt/hostedtoolcache/Python/3.12.3/x64/lib/python3.12/site-packages/urllib3/connectionpool.py:1103: InsecureRequestWarning: Unverified HTTPS request is being made to host 'randomuser.me'. Adding certificate verification is strongly advised. See: https://urllib3.readthedocs.io/en/latest/advanced-usage.html#tls-warnings
  warnings.warn(</msg>
<msg time="2024-05-14T07:14:49.469342" level="INFO">${response} = &lt;Response [200]&gt;</msg>
<var>${response}</var>
<arg>consultarAPI</arg>
<arg>/api</arg>
<doc>Sends a GET request on a previously created HTTP Session.</doc>
<status status="PASS" start="2024-05-14T07:14:49.373929" elapsed="0.095453"/>
</kw>
<kw name="Set Variable" owner="BuiltIn">
<msg time="2024-05-14T07:14:49.470507" level="INFO">${json_data} = {'results': [{'gender': 'male', 'name': {'title': 'Mr', 'first': 'Josef', 'last': 'Rose'}, 'location': {'street': {'number': 9885, 'name': 'Grove Road'}, 'city': 'Mullingar', 'state': 'Meath', 'countr...</msg>
<var>${json_data}</var>
<arg>${response.json()}</arg>
<doc>Returns the given values which can then be assigned to a variables.</doc>
<status status="PASS" start="2024-05-14T07:14:49.469962" elapsed="0.000573"/>
</kw>
<kw name="Set Variable" owner="BuiltIn">
<msg time="2024-05-14T07:14:49.471225" level="INFO">${name_title} = Mr</msg>
<var>${name_title}</var>
<arg>${json_data["results"][0]["name"]["title"]}</arg>
<doc>Returns the given values which can then be assigned to a variables.</doc>
<status status="PASS" start="2024-05-14T07:14:49.470840" elapsed="0.000410"/>
</kw>
<kw name="Create List" owner="BuiltIn">
<msg time="2024-05-14T07:14:49.471700" level="INFO">${allowed_titles} = ['Mr', 'Ms', 'Miss', 'Mrs', 'Madame', 'Monsieur']</msg>
<var>${allowed_titles}</var>
<arg>Mr</arg>
<arg>Ms</arg>
<arg>Miss</arg>
<arg>Mrs</arg>
<arg>Madame</arg>
<arg>Monsieur</arg>
<doc>Returns a list containing given items.</doc>
<status status="PASS" start="2024-05-14T07:14:49.471555" elapsed="0.000169"/>
</kw>
<kw name="List Should Contain Value" owner="Collections">
<msg time="2024-05-14T07:14:49.472211" level="INFO">False</msg>
<arg>${allowed_titles}</arg>
<arg>${name_title}</arg>
<doc>Fails if the ``value`` is not found from ``list``.</doc>
<status status="PASS" start="2024-05-14T07:14:49.472027" elapsed="0.000221"/>
</kw>
<kw name="Set Variable" owner="BuiltIn">
<msg time="2024-05-14T07:14:49.472926" level="INFO">${name_country} = IE</msg>
<var>${name_country}</var>
<arg>${json_data["results"][0]["nat"]}</arg>
<doc>Returns the given values which can then be assigned to a variables.</doc>
<status status="PASS" start="2024-05-14T07:14:49.472546" elapsed="0.000418"/>
</kw>
<kw name="Create List" owner="BuiltIn">
<msg time="2024-05-14T07:14:49.473881" level="INFO">${list_country} = ['AD', 'AE', 'AF', 'AG', 'AI', 'AL', 'AM', 'AO', 'AQ', 'AR', 'AS', 'AT', 'AU', 'AW', 'AX', 'AZ', 'BA', 'BB', 'BD', 'BE', 'BF', 'BG', 'BH', 'BI', 'BJ', 'BL', 'BM', 'BN', 'BO', 'BQ', 'BR', 'BS', 'BT', '...</msg>
<var>${list_country}</var>
<arg>AD</arg>
<arg>AE</arg>
<arg>AF</arg>
<arg>AG</arg>
<arg>AI</arg>
<arg>AL</arg>
<arg>AM</arg>
<arg>AO</arg>
<arg>AQ</arg>
<arg>AR</arg>
<arg>AS</arg>
<arg>AT</arg>
<arg>AU</arg>
<arg>AW</arg>
<arg>AX</arg>
<arg>AZ</arg>
<arg>BA</arg>
<arg>BB</arg>
<arg>BD</arg>
<arg>BE</arg>
<arg>BF</arg>
<arg>BG</arg>
<arg>BH</arg>
<arg>BI</arg>
<arg>BJ</arg>
<arg>BL</arg>
<arg>BM</arg>
<arg>BN</arg>
<arg>BO</arg>
<arg>BQ</arg>
<arg>BR</arg>
<arg>BS</arg>
<arg>BT</arg>
<arg>BV</arg>
<arg>BW</arg>
<arg>BY</arg>
<arg>BZ</arg>
<arg>CA</arg>
<arg>CC</arg>
<arg>CD</arg>
<arg>CF</arg>
<arg>CG</arg>
<arg>CH</arg>
<arg>CI</arg>
<arg>CK</arg>
<arg>CL</arg>
<arg>CM</arg>
<arg>CN</arg>
<arg>CO</arg>
<arg>CR</arg>
<arg>CU</arg>
<arg>CV</arg>
<arg>CW</arg>
<arg>CX</arg>
<arg>CY</arg>
<arg>CZ</arg>
<arg>DE</arg>
<arg>DJ</arg>
<arg>DK</arg>
<arg>DM</arg>
<arg>DO</arg>
<arg>DZ</arg>
<arg>EC</arg>
<arg>EE</arg>
<arg>EG</arg>
<arg>EH</arg>
<arg>ER</arg>
<arg>ES</arg>
<arg>ET</arg>
<arg>FI</arg>
<arg>FJ</arg>
<arg>FK</arg>
<arg>FM</arg>
<arg>FO</arg>
<arg>FR</arg>
<arg>GA</arg>
<arg>GB</arg>
<arg>GD</arg>
<arg>GE</arg>
<arg>GF</arg>
<arg>GG</arg>
<arg>GH</arg>
<arg>GI</arg>
<arg>GL</arg>
<arg>GM</arg>
<arg>GN</arg>
<arg>GP</arg>
<arg>GQ</arg>
<arg>GR</arg>
<arg>GS</arg>
<arg>GT</arg>
<arg>GU</arg>
<arg>GW</arg>
<arg>GY</arg>
<arg>HK</arg>
<arg>HM</arg>
<arg>HN</arg>
<arg>HR</arg>
<arg>HT</arg>
<arg>HU</arg>
<arg>ID</arg>
<arg>IE</arg>
<arg>IL</arg>
<arg>IM</arg>
<arg>IN</arg>
<arg>IO</arg>
<arg>IQ</arg>
<arg>IR</arg>
<arg>IS</arg>
<arg>IT</arg>
<arg>JE</arg>
<arg>JM</arg>
<arg>JO</arg>
<arg>JP</arg>
<arg>KE</arg>
<arg>KG</arg>
<arg>KH</arg>
<arg>KI</arg>
<arg>KM</arg>
<arg>KN</arg>
<arg>KP</arg>
<arg>KR</arg>
<arg>KW</arg>
<arg>KY</arg>
<arg>KZ</arg>
<arg>LA</arg>
<arg>LB</arg>
<arg>LC</arg>
<arg>LI</arg>
<arg>LK</arg>
<arg>LR</arg>
<arg>LS</arg>
<arg>LT</arg>
<arg>LU</arg>
<arg>LV</arg>
<arg>LY</arg>
<arg>MA</arg>
<arg>MC</arg>
<arg>MD</arg>
<arg>ME</arg>
<arg>MF</arg>
<arg>MG</arg>
<arg>MH</arg>
<arg>MK</arg>
<arg>ML</arg>
<arg>MM</arg>
<arg>MN</arg>
<arg>MO</arg>
<arg>MP</arg>
<arg>MQ</arg>
<arg>MR</arg>
<arg>MS</arg>
<arg>MT</arg>
<arg>MU</arg>
<arg>MV</arg>
<arg>MW</arg>
<arg>MX</arg>
<arg>MY</arg>
<arg>MZ</arg>
<arg>NA</arg>
<arg>NC</arg>
<arg>NE</arg>
<arg>NF</arg>
<arg>NG</arg>
<arg>NI</arg>
<arg>NL</arg>
<arg>NO</arg>
<arg>NP</arg>
<arg>NR</arg>
<arg>NU</arg>
<arg>NZ</arg>
<arg>OM</arg>
<arg>PA</arg>
<arg>PE</arg>
<arg>PF</arg>
<arg>PG</arg>
<arg>PH</arg>
<arg>PK</arg>
<arg>PL</arg>
<arg>PM</arg>
<arg>PN</arg>
<arg>PR</arg>
<arg>PS</arg>
<arg>PT</arg>
<arg>PW</arg>
<arg>PY</arg>
<arg>QA</arg>
<arg>RE</arg>
<arg>RO</arg>
<arg>RS</arg>
<arg>RU</arg>
<arg>RW</arg>
<arg>SA</arg>
<arg>SB</arg>
<arg>SC</arg>
<arg>SD</arg>
<arg>SE</arg>
<arg>SG</arg>
<arg>SH</arg>
<arg>SI</arg>
<arg>SJ</arg>
<arg>SK</arg>
<arg>SL</arg>
<arg>SM</arg>
<arg>SN</arg>
<arg>SO</arg>
<arg>SR</arg>
<arg>SS</arg>
<arg>ST</arg>
<arg>SV</arg>
<arg>SX</arg>
<arg>SY</arg>
<arg>SZ</arg>
<arg>TC</arg>
<arg>TD</arg>
<arg>TF</arg>
<arg>TG</arg>
<arg>TH</arg>
<arg>TJ</arg>
<arg>TK</arg>
<arg>TL</arg>
<arg>TM</arg>
<arg>TN</arg>
<arg>TO</arg>
<arg>TR</arg>
<arg>TT</arg>
<arg>TV</arg>
<arg>TW</arg>
<arg>TZ</arg>
<arg>UA</arg>
<arg>UG</arg>
<arg>UM</arg>
<arg>US</arg>
<arg>UY</arg>
<arg>UZ</arg>
<arg>VA</arg>
<arg>VC</arg>
<arg>VE</arg>
<arg>VG</arg>
<arg>VI</arg>
<arg>VN</arg>
<arg>VU</arg>
<arg>WF</arg>
<arg>WS</arg>
<arg>XK</arg>
<arg>YE</arg>
<arg>YT</arg>
<arg>ZA</arg>
<arg>ZM</arg>
<arg>ZW</arg>
<doc>Returns a list containing given items.</doc>
<status status="PASS" start="2024-05-14T07:14:49.473260" elapsed="0.000647"/>
</kw>
<kw name="List Should Contain Value" owner="Collections">
<msg time="2024-05-14T07:14:49.474917" level="INFO">False</msg>
<arg>${list_country}</arg>
<arg>${name_country}</arg>
<doc>Fails if the ``value`` is not found from ``list``.</doc>
<status status="PASS" start="2024-05-14T07:14:49.474716" elapsed="0.000239"/>
</kw>
<kw name="Run Keyword If" owner="BuiltIn">
<kw name="Should Be True" owner="BuiltIn">
<arg>${True}</arg>
<doc>Fails if the given condition is not true.</doc>
<status status="PASS" start="2024-05-14T07:14:49.476051" elapsed="0.000253"/>
</kw>
<arg>${json_data["results"][0]["location"]["coordinates"]["latitude"]} &gt;= -90 and ${json_data["results"][0]["location"]["coordinates"]["latitude"]} &lt;= 90</arg>
<arg>Should Be True</arg>
<arg>${True}</arg>
<doc>Runs the given keyword with the given arguments, if ``condition`` is true.</doc>
<status status="PASS" start="2024-05-14T07:14:49.475281" elapsed="0.001155"/>
</kw>
<kw name="Run Keyword If" owner="BuiltIn">
<kw name="Should Be True" owner="BuiltIn">
<arg>${True}</arg>
<doc>Fails if the given condition is not true.</doc>
<status status="PASS" start="2024-05-14T07:14:49.477335" elapsed="0.000138"/>
</kw>
<arg>${json_data["results"][0]["location"]["coordinates"]["longitude"]} &gt;= -180 and ${json_data["results"][0]["location"]["coordinates"]["longitude"]} &lt;= 180</arg>
<arg>Should Be True</arg>
<arg>${True}</arg>
<doc>Runs the given keyword with the given arguments, if ``condition`` is true.</doc>
<status status="PASS" start="2024-05-14T07:14:49.476620" elapsed="0.000978"/>
</kw>
<status status="PASS" start="2024-05-14T07:14:49.373674" elapsed="0.104088"/>
</kw>
<doc>Testa o conteúdo específico dos campos retornados pela API.</doc>
<tag>testeConteudo</tag>
<status status="PASS" start="2024-05-14T07:14:49.373156" elapsed="0.104788"/>
</test>
<status status="PASS" start="2024-05-14T07:14:48.686233" elapsed="0.793782"/>
</suite>
<status status="PASS" start="2024-05-14T07:14:48.672632" elapsed="0.812564"/>
</suite>
<statistics>
<total>
<stat pass="5" fail="0" skip="0">All Tests</stat>
</total>
<tag>
<stat pass="1" fail="0" skip="0">testeConteudo</stat>
<stat pass="1" fail="0" skip="0">testeEstruturaResposta</stat>
<stat pass="1" fail="0" skip="0">testeRequisicaoBasica</stat>
<stat pass="1" fail="0" skip="0">testeTiposDados</stat>
</tag>
<suite>
<stat pass="5" fail="0" skip="0" id="s1" name="Tests">Tests</stat>
<stat pass="5" fail="0" skip="0" id="s1-s1" name="Random-User-Test">Tests.Random-User-Test</stat>
</suite>
</statistics>
<errors>
</errors>
</robot>
