<?xml version="1.0" encoding="UTF-8"?>
<robot generator="Robot 7.0.1 (Python 3.12.4 on linux)" generated="2024-07-28T15:15:03.427132" rpa="false" schemaversion="5">
<suite id="s1" name="Tests" source="/home/runner/work/ApiRandomUser/ApiRandomUser/RamdonUser/tests">
<suite id="s1-s1" name="Random-User-Test" source="/home/runner/work/ApiRandomUser/ApiRandomUser/RamdonUser/tests/random-user-test.robot">
<test id="s1-s1-t1" name="Conectar" line="13">
<kw name="Conectar API" owner="random-user-service">
<kw name="Create Session" owner="RequestsLibrary">
<msg time="2024-07-28T15:15:03.827055" level="INFO">Creating Session using : alias=consultarAPI, url=https://randomuser.me/, headers={},                     cookies={}, auth=None, timeout=None, proxies=None, verify=False,                     debug=0 </msg>
<arg>consultarAPI</arg>
<arg>${URL}</arg>
<doc>Create Session: create a HTTP session to a server</doc>
<status status="PASS" start="2024-07-28T15:15:03.826832" elapsed="0.000402"/>
</kw>
<status status="PASS" start="2024-07-28T15:15:03.825779" elapsed="0.001811"/>
</kw>
<status status="PASS" start="2024-07-28T15:15:03.825165" elapsed="0.002626"/>
</test>
<test id="s1-s1-t2" name="Validar retorno 200 e JSON Válido" line="16">
<kw name="Teste de Requisicao Basica" owner="random-user-service">
<kw name="GET On Session" owner="RequestsLibrary">
<msg time="2024-07-28T15:15:04.264010" level="INFO">GET Request : url=https://randomuser.me/api 
 path_url=/api 
 headers={'User-Agent': 'python-requests/2.32.3', 'Accept-Encoding': 'gzip, deflate', 'Accept': '*/*', 'Connection': 'keep-alive'} 
 body=None 
 </msg>
<msg time="2024-07-28T15:15:04.264175" level="INFO">GET Response : url=https://randomuser.me/api 
 status=200, reason=OK 
 headers={'Date': 'Sun, 28 Jul 2024 15:15:04 GMT', 'Content-Type': 'application/json; charset=utf-8', 'Transfer-Encoding': 'chunked', 'Connection': 'keep-alive', 'X-Powered-By': 'Express', 'Access-Control-Allow-Origin': '*', 'Cache-Control': 'no-cache', 'ETag': 'W/"47e-wSpXKqrY7BTfzIcIPcrRbaerjnM"', 'Vary': 'Accept-Encoding', 'Content-Encoding': 'gzip', 'CF-Cache-Status': 'DYNAMIC', 'Report-To': '{"endpoints":[{"url":"https:\\/\\/a.nel.cloudflare.com\\/report\\/v4?s=WLCTM8AG7nV43DqxHmIMmquBT9Vn6dyNqT%2FPE4Q9d3MggQhfEsateAGZZC5ebW1%2BfzyRNLlJzXWLZsrQ2jepBzDeynkauqAcDGaBnhM%2FkrZiUqqHnkh%2BsE%2Bwne%2FUtKEi"}],"group":"cf-nel","max_age":604800}', 'NEL': '{"success_fraction":0,"report_to":"cf-nel","max_age":604800}', 'Server': 'cloudflare', 'CF-RAY': '8aa5d28dcd5cb47b-ORD', 'alt-svc': 'h3=":443"; ma=86400'} 
 body={"results":[{"gender":"male","name":{"title":"Mr","first":"Helmich","last":"Wielders"},"location":{"street":{"number":1780,"name":"Hertog Willemweg"},"city":"Paasloo","state":"Groningen","country":"Netherlands","postcode":"5801 AD","coordinates":{"latitude":"33.3271","longitude":"-23.9989"},"timezone":{"offset":"+3:30","description":"Tehran"}},"email":"helmich.wielders@example.com","login":{"uuid":"5f92ba5a-5a30-4db4-a443-9d8af2bbb39b","username":"crazyduck641","password":"cruise","salt":"vOma2Tqj","md5":"9d57ec1a81d97bd719532b4c456a572e","sha1":"33e6e5ae0b070cff50bdfdcc7b45aa443aff5637","sha256":"cfae17c1d5bf66b2ef0c3c39808a72c458ff00798fb6609fe884254a53b813dd"},"dob":{"date":"1994-03-12T04:46:44.347Z","age":30},"registered":{"date":"2012-10-18T10:38:52.790Z","age":11},"phone":"(091) 6772570","cell":"(06) 74949702","id":{"name":"BSN","value":"69389029"},"picture":{"large":"https://randomuser.me/api/portraits/men/65.jpg","medium":"https://randomuser.me/api/portraits/med/men/65.jpg","thumbnail":"https://randomuser.me/api/portraits/thumb/men/65.jpg"},"nat":"NL"}],"info":{"seed":"311a24458248255f","results":1,"page":1,"version":"1.4"}} 
 </msg>
<msg time="2024-07-28T15:15:04.264258" level="INFO">/opt/hostedtoolcache/Python/3.12.4/x64/lib/python3.12/site-packages/urllib3/connectionpool.py:1099: InsecureRequestWarning: Unverified HTTPS request is being made to host 'randomuser.me'. Adding certificate verification is strongly advised. See: https://urllib3.readthedocs.io/en/latest/advanced-usage.html#tls-warnings
  warnings.warn(</msg>
<msg time="2024-07-28T15:15:04.264422" level="INFO">${response} = &lt;Response [200]&gt;</msg>
<var>${response}</var>
<arg>consultarAPI</arg>
<arg>/api</arg>
<doc>Sends a GET request on a previously created HTTP Session.</doc>
<status status="PASS" start="2024-07-28T15:15:03.830495" elapsed="0.433970"/>
</kw>
<kw name="Should Be Equal As Numbers" owner="BuiltIn">
<msg time="2024-07-28T15:15:04.265520" level="INFO">Argument types are:
&lt;class 'int'&gt;
&lt;class 'str'&gt;</msg>
<arg>${response.status_code}</arg>
<arg>200</arg>
<doc>Fails if objects are unequal after converting them to real numbers.</doc>
<status status="PASS" start="2024-07-28T15:15:04.265011" elapsed="0.000575"/>
</kw>
<kw name="Log" owner="BuiltIn">
<msg time="2024-07-28T15:15:04.266390" level="INFO">200</msg>
<arg>${response.status_code}</arg>
<doc>Logs the given message with the given level.</doc>
<status status="PASS" start="2024-07-28T15:15:04.265905" elapsed="0.000530"/>
</kw>
<kw name="Set Variable" owner="BuiltIn">
<msg time="2024-07-28T15:15:04.267191" level="INFO">${json_data} = {'results': [{'gender': 'male', 'name': {'title': 'Mr', 'first': 'Helmich', 'last': 'Wielders'}, 'location': {'street': {'number': 1780, 'name': 'Hertog Willemweg'}, 'city': 'Paasloo', 'state': 'Groni...</msg>
<var>${json_data}</var>
<arg>${response.json()}</arg>
<doc>Returns the given values which can then be assigned to a variables.</doc>
<status status="PASS" start="2024-07-28T15:15:04.266751" elapsed="0.000469"/>
</kw>
<kw name="Dictionary Should Contain Key" owner="Collections">
<arg>${json_data}</arg>
<arg>results</arg>
<doc>Fails if ``key`` is not found from ``dictionary``.</doc>
<status status="PASS" start="2024-07-28T15:15:04.267527" elapsed="0.000332"/>
</kw>
<status status="PASS" start="2024-07-28T15:15:03.830251" elapsed="0.437767"/>
</kw>
<doc>Testa se a API responde corretamente e retorna um objeto JSON válido.</doc>
<tag>testeRequisicaoBasica</tag>
<status status="PASS" start="2024-07-28T15:15:03.829731" elapsed="0.438463"/>
</test>
<test id="s1-s1-t3" name="Validar estrutura de resposta" line="22">
<kw name="Teste de Estrutura de Resposta" owner="random-user-service">
<kw name="GET On Session" owner="RequestsLibrary">
<msg time="2024-07-28T15:15:04.398120" level="INFO">GET Request : url=https://randomuser.me/api 
 path_url=/api 
 headers={'User-Agent': 'python-requests/2.32.3', 'Accept-Encoding': 'gzip, deflate', 'Accept': '*/*', 'Connection': 'keep-alive'} 
 body=None 
 </msg>
<msg time="2024-07-28T15:15:04.398241" level="INFO">GET Response : url=https://randomuser.me/api 
 status=200, reason=OK 
 headers={'Date': 'Sun, 28 Jul 2024 15:15:04 GMT', 'Content-Type': 'application/json; charset=utf-8', 'Transfer-Encoding': 'chunked', 'Connection': 'keep-alive', 'X-Powered-By': 'Express', 'Access-Control-Allow-Origin': '*', 'Cache-Control': 'no-cache', 'ETag': 'W/"45b-WpQlIX9bK6fBtsAE358RLZIdwRE"', 'Vary': 'Accept-Encoding', 'Content-Encoding': 'gzip', 'CF-Cache-Status': 'DYNAMIC', 'Report-To': '{"endpoints":[{"url":"https:\\/\\/a.nel.cloudflare.com\\/report\\/v4?s=hBsY44dgsZC5ZaG7yS3Eoyvdxh96pKD5GuXHGmTi%2FkahFQcxgsQOY0ocUDje%2B1m3IF4LmqFEeeorbwqAfHjRkSl3eff9au6MS9a%2FY86TMZ0U3lzT%2FlNJ0WPFwwIqmvq2"}],"group":"cf-nel","max_age":604800}', 'NEL': '{"success_fraction":0,"report_to":"cf-nel","max_age":604800}', 'Server': 'cloudflare', 'CF-RAY': '8aa5d28fbf42b47b-ORD', 'alt-svc': 'h3=":443"; ma=86400'} 
 body={"results":[{"gender":"male","name":{"title":"Mr","first":"Kaya","last":"Sezek"},"location":{"street":{"number":7926,"name":"Abanoz Sk"},"city":"Trabzon","state":"Sivas","country":"Turkey","postcode":93659,"coordinates":{"latitude":"65.2076","longitude":"-4.4289"},"timezone":{"offset":"+5:45","description":"Kathmandu"}},"email":"kaya.sezek@example.com","login":{"uuid":"9bbc6cbe-29cd-466d-a66c-22979f0b4196","username":"happyrabbit224","password":"geheim","salt":"iKWYAz1z","md5":"15a244edb98925cf4e537a246018eb20","sha1":"af03d261724950dfd64ed32c72d13ced1db869af","sha256":"262526fc922089ff41cd15a8611799e4041a718bd6c43667b400220e1a99d59d"},"dob":{"date":"1953-12-12T18:33:11.229Z","age":70},"registered":{"date":"2014-06-24T02:38:57.972Z","age":10},"phone":"(590)-620-6433","cell":"(648)-875-3143","id":{"name":"","value":null},"picture":{"large":"https://randomuser.me/api/portraits/men/46.jpg","medium":"https://randomuser.me/api/portraits/med/men/46.jpg","thumbnail":"https://randomuser.me/api/portraits/thumb/men/46.jpg"},"nat":"TR"}],"info":{"seed":"243ef7fa9b3c9639","results":1,"page":1,"version":"1.4"}} 
 </msg>
<msg time="2024-07-28T15:15:04.398398" level="INFO">/opt/hostedtoolcache/Python/3.12.4/x64/lib/python3.12/site-packages/urllib3/connectionpool.py:1099: InsecureRequestWarning: Unverified HTTPS request is being made to host 'randomuser.me'. Adding certificate verification is strongly advised. See: https://urllib3.readthedocs.io/en/latest/advanced-usage.html#tls-warnings
  warnings.warn(</msg>
<msg time="2024-07-28T15:15:04.398561" level="INFO">${response} = &lt;Response [200]&gt;</msg>
<var>${response}</var>
<arg>consultarAPI</arg>
<arg>/api</arg>
<doc>Sends a GET request on a previously created HTTP Session.</doc>
<status status="PASS" start="2024-07-28T15:15:04.270901" elapsed="0.127701"/>
</kw>
<kw name="Set Variable" owner="BuiltIn">
<msg time="2024-07-28T15:15:04.399757" level="INFO">${json_data} = {'results': [{'gender': 'male', 'name': {'title': 'Mr', 'first': 'Kaya', 'last': 'Sezek'}, 'location': {'street': {'number': 7926, 'name': 'Abanoz Sk'}, 'city': 'Trabzon', 'state': 'Sivas', 'country':...</msg>
<var>${json_data}</var>
<arg>${response.json()}</arg>
<doc>Returns the given values which can then be assigned to a variables.</doc>
<status status="PASS" start="2024-07-28T15:15:04.399155" elapsed="0.000630"/>
</kw>
<kw name="Log" owner="BuiltIn">
<msg time="2024-07-28T15:15:04.400264" level="INFO">{'results': [{'gender': 'male', 'name': {'title': 'Mr', 'first': 'Kaya', 'last': 'Sezek'}, 'location': {'street': {'number': 7926, 'name': 'Abanoz Sk'}, 'city': 'Trabzon', 'state': 'Sivas', 'country': 'Turkey', 'postcode': 93659, 'coordinates': {'latitude': '65.2076', 'longitude': '-4.4289'}, 'timezone': {'offset': '+5:45', 'description': 'Kathmandu'}}, 'email': 'kaya.sezek@example.com', 'login': {'uuid': '9bbc6cbe-29cd-466d-a66c-22979f0b4196', 'username': 'happyrabbit224', 'password': 'geheim', 'salt': 'iKWYAz1z', 'md5': '15a244edb98925cf4e537a246018eb20', 'sha1': 'af03d261724950dfd64ed32c72d13ced1db869af', 'sha256': '262526fc922089ff41cd15a8611799e4041a718bd6c43667b400220e1a99d59d'}, 'dob': {'date': '1953-12-12T18:33:11.229Z', 'age': 70}, 'registered': {'date': '2014-06-24T02:38:57.972Z', 'age': 10}, 'phone': '(590)-620-6433', 'cell': '(648)-875-3143', 'id': {'name': '', 'value': None}, 'picture': {'large': 'https://randomuser.me/api/portraits/men/46.jpg', 'medium': 'https://randomuser.me/api/portraits/med/men/46.jpg', 'thumbnail': 'https://randomuser.me/api/portraits/thumb/men/46.jpg'}, 'nat': 'TR'}], 'info': {'seed': '243ef7fa9b3c9639', 'results': 1, 'page': 1, 'version': '1.4'}}</msg>
<arg>${json_data}</arg>
<doc>Logs the given message with the given level.</doc>
<status status="PASS" start="2024-07-28T15:15:04.400097" elapsed="0.000216"/>
</kw>
<kw name="Dictionary Should Contain Key" owner="Collections">
<arg>${json_data}</arg>
<arg>results</arg>
<doc>Fails if ``key`` is not found from ``dictionary``.</doc>
<status status="PASS" start="2024-07-28T15:15:04.400606" elapsed="0.000165"/>
</kw>
<kw name="Should Not Be Empty" owner="BuiltIn">
<msg time="2024-07-28T15:15:04.401122" level="INFO">Length is 2.</msg>
<arg>${json_data}</arg>
<doc>Verifies that the given item is not empty.</doc>
<status status="PASS" start="2024-07-28T15:15:04.400956" elapsed="0.000205"/>
</kw>
<kw name="Create List" owner="BuiltIn">
<msg time="2024-07-28T15:15:04.401647" level="INFO">${expected_keys} = ['gender', 'name', 'location', 'email', 'login']</msg>
<var>${expected_keys}</var>
<arg>gender</arg>
<arg>name</arg>
<arg>location</arg>
<arg>email</arg>
<arg>login</arg>
<doc>Returns a list containing given items.</doc>
<status status="PASS" start="2024-07-28T15:15:04.401449" elapsed="0.000235"/>
</kw>
<for flavor="IN">
<iter>
<kw name="Dictionary Should Contain Key" owner="Collections">
<arg>${json_data['results'][0]}</arg>
<arg>${key}</arg>
<doc>Fails if ``key`` is not found from ``dictionary``.</doc>
<status status="PASS" start="2024-07-28T15:15:04.402285" elapsed="0.000408"/>
</kw>
<kw name="Log" owner="BuiltIn">
<msg time="2024-07-28T15:15:04.403233" level="INFO">{'gender': 'male', 'name': {'title': 'Mr', 'first': 'Kaya', 'last': 'Sezek'}, 'location': {'street': {'number': 7926, 'name': 'Abanoz Sk'}, 'city': 'Trabzon', 'state': 'Sivas', 'country': 'Turkey', 'postcode': 93659, 'coordinates': {'latitude': '65.2076', 'longitude': '-4.4289'}, 'timezone': {'offset': '+5:45', 'description': 'Kathmandu'}}, 'email': 'kaya.sezek@example.com', 'login': {'uuid': '9bbc6cbe-29cd-466d-a66c-22979f0b4196', 'username': 'happyrabbit224', 'password': 'geheim', 'salt': 'iKWYAz1z', 'md5': '15a244edb98925cf4e537a246018eb20', 'sha1': 'af03d261724950dfd64ed32c72d13ced1db869af', 'sha256': '262526fc922089ff41cd15a8611799e4041a718bd6c43667b400220e1a99d59d'}, 'dob': {'date': '1953-12-12T18:33:11.229Z', 'age': 70}, 'registered': {'date': '2014-06-24T02:38:57.972Z', 'age': 10}, 'phone': '(590)-620-6433', 'cell': '(648)-875-3143', 'id': {'name': '', 'value': None}, 'picture': {'large': 'https://randomuser.me/api/portraits/men/46.jpg', 'medium': 'https://randomuser.me/api/portraits/med/men/46.jpg', 'thumbnail': 'https://randomuser.me/api/portraits/thumb/men/46.jpg'}, 'nat': 'TR'}</msg>
<arg>${json_data['results'][0]}</arg>
<doc>Logs the given message with the given level.</doc>
<status status="PASS" start="2024-07-28T15:15:04.402881" elapsed="0.000401"/>
</kw>
<kw name="Log" owner="BuiltIn">
<msg time="2024-07-28T15:15:04.403712" level="INFO">gender</msg>
<arg>${key}</arg>
<doc>Logs the given message with the given level.</doc>
<status status="PASS" start="2024-07-28T15:15:04.403582" elapsed="0.000168"/>
</kw>
<var name="${key}">gender</var>
<status status="PASS" start="2024-07-28T15:15:04.402155" elapsed="0.001811"/>
</iter>
<iter>
<kw name="Dictionary Should Contain Key" owner="Collections">
<arg>${json_data['results'][0]}</arg>
<arg>${key}</arg>
<doc>Fails if ``key`` is not found from ``dictionary``.</doc>
<status status="PASS" start="2024-07-28T15:15:04.404260" elapsed="0.000387"/>
</kw>
<kw name="Log" owner="BuiltIn">
<msg time="2024-07-28T15:15:04.405206" level="INFO">{'gender': 'male', 'name': {'title': 'Mr', 'first': 'Kaya', 'last': 'Sezek'}, 'location': {'street': {'number': 7926, 'name': 'Abanoz Sk'}, 'city': 'Trabzon', 'state': 'Sivas', 'country': 'Turkey', 'postcode': 93659, 'coordinates': {'latitude': '65.2076', 'longitude': '-4.4289'}, 'timezone': {'offset': '+5:45', 'description': 'Kathmandu'}}, 'email': 'kaya.sezek@example.com', 'login': {'uuid': '9bbc6cbe-29cd-466d-a66c-22979f0b4196', 'username': 'happyrabbit224', 'password': 'geheim', 'salt': 'iKWYAz1z', 'md5': '15a244edb98925cf4e537a246018eb20', 'sha1': 'af03d261724950dfd64ed32c72d13ced1db869af', 'sha256': '262526fc922089ff41cd15a8611799e4041a718bd6c43667b400220e1a99d59d'}, 'dob': {'date': '1953-12-12T18:33:11.229Z', 'age': 70}, 'registered': {'date': '2014-06-24T02:38:57.972Z', 'age': 10}, 'phone': '(590)-620-6433', 'cell': '(648)-875-3143', 'id': {'name': '', 'value': None}, 'picture': {'large': 'https://randomuser.me/api/portraits/men/46.jpg', 'medium': 'https://randomuser.me/api/portraits/med/men/46.jpg', 'thumbnail': 'https://randomuser.me/api/portraits/thumb/men/46.jpg'}, 'nat': 'TR'}</msg>
<arg>${json_data['results'][0]}</arg>
<doc>Logs the given message with the given level.</doc>
<status status="PASS" start="2024-07-28T15:15:04.404828" elapsed="0.000459"/>
</kw>
<kw name="Log" owner="BuiltIn">
<msg time="2024-07-28T15:15:04.405709" level="INFO">name</msg>
<arg>${key}</arg>
<doc>Logs the given message with the given level.</doc>
<status status="PASS" start="2024-07-28T15:15:04.405582" elapsed="0.000164"/>
</kw>
<var name="${key}">name</var>
<status status="PASS" start="2024-07-28T15:15:04.404149" elapsed="0.001814"/>
</iter>
<iter>
<kw name="Dictionary Should Contain Key" owner="Collections">
<arg>${json_data['results'][0]}</arg>
<arg>${key}</arg>
<doc>Fails if ``key`` is not found from ``dictionary``.</doc>
<status status="PASS" start="2024-07-28T15:15:04.406245" elapsed="0.000385"/>
</kw>
<kw name="Log" owner="BuiltIn">
<msg time="2024-07-28T15:15:04.407165" level="INFO">{'gender': 'male', 'name': {'title': 'Mr', 'first': 'Kaya', 'last': 'Sezek'}, 'location': {'street': {'number': 7926, 'name': 'Abanoz Sk'}, 'city': 'Trabzon', 'state': 'Sivas', 'country': 'Turkey', 'postcode': 93659, 'coordinates': {'latitude': '65.2076', 'longitude': '-4.4289'}, 'timezone': {'offset': '+5:45', 'description': 'Kathmandu'}}, 'email': 'kaya.sezek@example.com', 'login': {'uuid': '9bbc6cbe-29cd-466d-a66c-22979f0b4196', 'username': 'happyrabbit224', 'password': 'geheim', 'salt': 'iKWYAz1z', 'md5': '15a244edb98925cf4e537a246018eb20', 'sha1': 'af03d261724950dfd64ed32c72d13ced1db869af', 'sha256': '262526fc922089ff41cd15a8611799e4041a718bd6c43667b400220e1a99d59d'}, 'dob': {'date': '1953-12-12T18:33:11.229Z', 'age': 70}, 'registered': {'date': '2014-06-24T02:38:57.972Z', 'age': 10}, 'phone': '(590)-620-6433', 'cell': '(648)-875-3143', 'id': {'name': '', 'value': None}, 'picture': {'large': 'https://randomuser.me/api/portraits/men/46.jpg', 'medium': 'https://randomuser.me/api/portraits/med/men/46.jpg', 'thumbnail': 'https://randomuser.me/api/portraits/thumb/men/46.jpg'}, 'nat': 'TR'}</msg>
<arg>${json_data['results'][0]}</arg>
<doc>Logs the given message with the given level.</doc>
<status status="PASS" start="2024-07-28T15:15:04.406815" elapsed="0.000397"/>
</kw>
<kw name="Log" owner="BuiltIn">
<msg time="2024-07-28T15:15:04.407628" level="INFO">location</msg>
<arg>${key}</arg>
<doc>Logs the given message with the given level.</doc>
<status status="PASS" start="2024-07-28T15:15:04.407501" elapsed="0.000164"/>
</kw>
<var name="${key}">location</var>
<status status="PASS" start="2024-07-28T15:15:04.406138" elapsed="0.001746"/>
</iter>
<iter>
<kw name="Dictionary Should Contain Key" owner="Collections">
<arg>${json_data['results'][0]}</arg>
<arg>${key}</arg>
<doc>Fails if ``key`` is not found from ``dictionary``.</doc>
<status status="PASS" start="2024-07-28T15:15:04.408163" elapsed="0.000377"/>
</kw>
<kw name="Log" owner="BuiltIn">
<msg time="2024-07-28T15:15:04.409227" level="INFO">{'gender': 'male', 'name': {'title': 'Mr', 'first': 'Kaya', 'last': 'Sezek'}, 'location': {'street': {'number': 7926, 'name': 'Abanoz Sk'}, 'city': 'Trabzon', 'state': 'Sivas', 'country': 'Turkey', 'postcode': 93659, 'coordinates': {'latitude': '65.2076', 'longitude': '-4.4289'}, 'timezone': {'offset': '+5:45', 'description': 'Kathmandu'}}, 'email': 'kaya.sezek@example.com', 'login': {'uuid': '9bbc6cbe-29cd-466d-a66c-22979f0b4196', 'username': 'happyrabbit224', 'password': 'geheim', 'salt': 'iKWYAz1z', 'md5': '15a244edb98925cf4e537a246018eb20', 'sha1': 'af03d261724950dfd64ed32c72d13ced1db869af', 'sha256': '262526fc922089ff41cd15a8611799e4041a718bd6c43667b400220e1a99d59d'}, 'dob': {'date': '1953-12-12T18:33:11.229Z', 'age': 70}, 'registered': {'date': '2014-06-24T02:38:57.972Z', 'age': 10}, 'phone': '(590)-620-6433', 'cell': '(648)-875-3143', 'id': {'name': '', 'value': None}, 'picture': {'large': 'https://randomuser.me/api/portraits/men/46.jpg', 'medium': 'https://randomuser.me/api/portraits/med/men/46.jpg', 'thumbnail': 'https://randomuser.me/api/portraits/thumb/men/46.jpg'}, 'nat': 'TR'}</msg>
<arg>${json_data['results'][0]}</arg>
<doc>Logs the given message with the given level.</doc>
<status status="PASS" start="2024-07-28T15:15:04.408845" elapsed="0.000431"/>
</kw>
<kw name="Log" owner="BuiltIn">
<msg time="2024-07-28T15:15:04.409714" level="INFO">email</msg>
<arg>${key}</arg>
<doc>Logs the given message with the given level.</doc>
<status status="PASS" start="2024-07-28T15:15:04.409575" elapsed="0.000178"/>
</kw>
<var name="${key}">email</var>
<status status="PASS" start="2024-07-28T15:15:04.408055" elapsed="0.001912"/>
</iter>
<iter>
<kw name="Dictionary Should Contain Key" owner="Collections">
<arg>${json_data['results'][0]}</arg>
<arg>${key}</arg>
<doc>Fails if ``key`` is not found from ``dictionary``.</doc>
<status status="PASS" start="2024-07-28T15:15:04.410246" elapsed="0.000376"/>
</kw>
<kw name="Log" owner="BuiltIn">
<msg time="2024-07-28T15:15:04.411153" level="INFO">{'gender': 'male', 'name': {'title': 'Mr', 'first': 'Kaya', 'last': 'Sezek'}, 'location': {'street': {'number': 7926, 'name': 'Abanoz Sk'}, 'city': 'Trabzon', 'state': 'Sivas', 'country': 'Turkey', 'postcode': 93659, 'coordinates': {'latitude': '65.2076', 'longitude': '-4.4289'}, 'timezone': {'offset': '+5:45', 'description': 'Kathmandu'}}, 'email': 'kaya.sezek@example.com', 'login': {'uuid': '9bbc6cbe-29cd-466d-a66c-22979f0b4196', 'username': 'happyrabbit224', 'password': 'geheim', 'salt': 'iKWYAz1z', 'md5': '15a244edb98925cf4e537a246018eb20', 'sha1': 'af03d261724950dfd64ed32c72d13ced1db869af', 'sha256': '262526fc922089ff41cd15a8611799e4041a718bd6c43667b400220e1a99d59d'}, 'dob': {'date': '1953-12-12T18:33:11.229Z', 'age': 70}, 'registered': {'date': '2014-06-24T02:38:57.972Z', 'age': 10}, 'phone': '(590)-620-6433', 'cell': '(648)-875-3143', 'id': {'name': '', 'value': None}, 'picture': {'large': 'https://randomuser.me/api/portraits/men/46.jpg', 'medium': 'https://randomuser.me/api/portraits/med/men/46.jpg', 'thumbnail': 'https://randomuser.me/api/portraits/thumb/men/46.jpg'}, 'nat': 'TR'}</msg>
<arg>${json_data['results'][0]}</arg>
<doc>Logs the given message with the given level.</doc>
<status status="PASS" start="2024-07-28T15:15:04.410803" elapsed="0.000395"/>
</kw>
<kw name="Log" owner="BuiltIn">
<msg time="2024-07-28T15:15:04.411617" level="INFO">login</msg>
<arg>${key}</arg>
<doc>Logs the given message with the given level.</doc>
<status status="PASS" start="2024-07-28T15:15:04.411488" elapsed="0.000167"/>
</kw>
<var name="${key}">login</var>
<status status="PASS" start="2024-07-28T15:15:04.410137" elapsed="0.001733"/>
</iter>
<var>${key}</var>
<value>@{expected_keys}</value>
<status status="PASS" start="2024-07-28T15:15:04.401955" elapsed="0.010035"/>
</for>
<kw name="Create List" owner="BuiltIn">
<msg time="2024-07-28T15:15:04.412324" level="INFO">${expected_keysTwo} = ['username', 'password']</msg>
<var>${expected_keysTwo}</var>
<arg>username</arg>
<arg>password</arg>
<doc>Returns a list containing given items.</doc>
<status status="PASS" start="2024-07-28T15:15:04.412183" elapsed="0.000166"/>
</kw>
<for flavor="IN">
<iter>
<kw name="Dictionary Should Contain Key" owner="Collections">
<arg>${json_data['results'][0]['login']}</arg>
<arg>${keyTwo}</arg>
<doc>Fails if ``key`` is not found from ``dictionary``.</doc>
<status status="PASS" start="2024-07-28T15:15:04.412869" elapsed="0.000435"/>
</kw>
<kw name="Dictionary Should Contain Key" owner="Collections">
<arg>${json_data['results'][0]['login']}</arg>
<arg>${keyTwo}</arg>
<doc>Fails if ``key`` is not found from ``dictionary``.</doc>
<status status="PASS" start="2024-07-28T15:15:04.413493" elapsed="0.000370"/>
</kw>
<kw name="Log" owner="BuiltIn">
<msg time="2024-07-28T15:15:04.414158" level="INFO">username</msg>
<arg>${keyTwo}</arg>
<doc>Logs the given message with the given level.</doc>
<status status="PASS" start="2024-07-28T15:15:04.414038" elapsed="0.000158"/>
</kw>
<var name="${keyTwo}">username</var>
<status status="PASS" start="2024-07-28T15:15:04.412761" elapsed="0.001660"/>
</iter>
<iter>
<kw name="Dictionary Should Contain Key" owner="Collections">
<arg>${json_data['results'][0]['login']}</arg>
<arg>${keyTwo}</arg>
<doc>Fails if ``key`` is not found from ``dictionary``.</doc>
<status status="PASS" start="2024-07-28T15:15:04.414704" elapsed="0.000377"/>
</kw>
<kw name="Dictionary Should Contain Key" owner="Collections">
<arg>${json_data['results'][0]['login']}</arg>
<arg>${keyTwo}</arg>
<doc>Fails if ``key`` is not found from ``dictionary``.</doc>
<status status="PASS" start="2024-07-28T15:15:04.415256" elapsed="0.000373"/>
</kw>
<kw name="Log" owner="BuiltIn">
<msg time="2024-07-28T15:15:04.415930" level="INFO">password</msg>
<arg>${keyTwo}</arg>
<doc>Logs the given message with the given level.</doc>
<status status="PASS" start="2024-07-28T15:15:04.415805" elapsed="0.000162"/>
</kw>
<var name="${keyTwo}">password</var>
<status status="PASS" start="2024-07-28T15:15:04.414593" elapsed="0.001589"/>
</iter>
<var>${keyTwo}</var>
<value>@{expected_keysTwo}</value>
<status status="PASS" start="2024-07-28T15:15:04.412608" elapsed="0.003695"/>
</for>
<status status="PASS" start="2024-07-28T15:15:04.270659" elapsed="0.145785"/>
</kw>
<doc>Testa a estrutura da resposta da API.</doc>
<tag>testeEstruturaResposta</tag>
<status status="PASS" start="2024-07-28T15:15:04.270052" elapsed="0.146551"/>
</test>
<test id="s1-s1-t4" name="Validar tipos de dados" line="28">
<kw name="Teste de Tipos de Dados" owner="random-user-service">
<kw name="GET On Session" owner="RequestsLibrary">
<msg time="2024-07-28T15:15:04.477011" level="INFO">GET Request : url=https://randomuser.me/api 
 path_url=/api 
 headers={'User-Agent': 'python-requests/2.32.3', 'Accept-Encoding': 'gzip, deflate', 'Accept': '*/*', 'Connection': 'keep-alive'} 
 body=None 
 </msg>
<msg time="2024-07-28T15:15:04.477160" level="INFO">GET Response : url=https://randomuser.me/api 
 status=200, reason=OK 
 headers={'Date': 'Sun, 28 Jul 2024 15:15:04 GMT', 'Content-Type': 'application/json; charset=utf-8', 'Transfer-Encoding': 'chunked', 'Connection': 'keep-alive', 'X-Powered-By': 'Express', 'Access-Control-Allow-Origin': '*', 'Cache-Control': 'no-cache', 'ETag': 'W/"482-mFnzL2PANoBYPlLt3L2AHdQGoco"', 'Vary': 'Accept-Encoding', 'Content-Encoding': 'gzip', 'CF-Cache-Status': 'DYNAMIC', 'Report-To': '{"endpoints":[{"url":"https:\\/\\/a.nel.cloudflare.com\\/report\\/v4?s=IZDvBmw%2BIUWvy%2BBG%2B53S1ukbVFF6h5KiJZmc6rbxXph3An6%2Fm8fBvSW0yzutCETccJd5n88%2BBKK%2Fue0Behwdfgg0%2BNpBNKshwSTau49HpIXF1PuHBy%2B2qjGWepnaDGP5"}],"group":"cf-nel","max_age":604800}', 'NEL': '{"success_fraction":0,"report_to":"cf-nel","max_age":604800}', 'Server': 'cloudflare', 'CF-RAY': '8aa5d290a84eb47b-ORD', 'alt-svc': 'h3=":443"; ma=86400'} 
 body={"results":[{"gender":"male","name":{"title":"Mr","first":"Ezra","last":"Lewis"},"location":{"street":{"number":2283,"name":"Tay Street"},"city":"Nelson","state":"Waikato","country":"New Zealand","postcode":83229,"coordinates":{"latitude":"51.3282","longitude":"-48.2057"},"timezone":{"offset":"-5:00","description":"Eastern Time (US &amp; Canada), Bogota, Lima"}},"email":"ezra.lewis@example.com","login":{"uuid":"5743d8dd-2d2f-49d5-ad49-81b85e3c2a9f","username":"crazymeercat587","password":"spears","salt":"jZk8K2vN","md5":"fb4cbfedc284fc3597ce8847f14b1b03","sha1":"ecd6d312318ab4ba33abf009d2b837f1fd4d3fd2","sha256":"c50b8443007dd42306c9d3c2cee3c71ff22bd83670ac55f5e8112f81a3764550"},"dob":{"date":"1949-02-18T21:25:40.166Z","age":75},"registered":{"date":"2016-08-12T18:50:48.057Z","age":7},"phone":"(392)-716-5901","cell":"(267)-279-6672","id":{"name":"","value":null},"picture":{"large":"https://randomuser.me/api/portraits/men/51.jpg","medium":"https://randomuser.me/api/portraits/med/men/51.jpg","thumbnail":"https://randomuser.me/api/portraits/thumb/men/51.jpg"},"nat":"NZ"}],"info":{"seed":"75623aff61381807","results":1,"page":1,"version":"1.4"}} 
 </msg>
<msg time="2024-07-28T15:15:04.477249" level="INFO">/opt/hostedtoolcache/Python/3.12.4/x64/lib/python3.12/site-packages/urllib3/connectionpool.py:1099: InsecureRequestWarning: Unverified HTTPS request is being made to host 'randomuser.me'. Adding certificate verification is strongly advised. See: https://urllib3.readthedocs.io/en/latest/advanced-usage.html#tls-warnings
  warnings.warn(</msg>
<msg time="2024-07-28T15:15:04.477411" level="INFO">${response} = &lt;Response [200]&gt;</msg>
<var>${response}</var>
<arg>consultarAPI</arg>
<arg>/api</arg>
<doc>Sends a GET request on a previously created HTTP Session.</doc>
<status status="PASS" start="2024-07-28T15:15:04.419194" elapsed="0.058284"/>
</kw>
<kw name="Set Variable" owner="BuiltIn">
<msg time="2024-07-28T15:15:04.478569" level="INFO">${json_data} = {'results': [{'gender': 'male', 'name': {'title': 'Mr', 'first': 'Ezra', 'last': 'Lewis'}, 'location': {'street': {'number': 2283, 'name': 'Tay Street'}, 'city': 'Nelson', 'state': 'Waikato', 'country...</msg>
<var>${json_data}</var>
<arg>${response.json()}</arg>
<doc>Returns the given values which can then be assigned to a variables.</doc>
<status status="PASS" start="2024-07-28T15:15:04.478023" elapsed="0.000575"/>
</kw>
<kw name="Log" owner="BuiltIn">
<msg time="2024-07-28T15:15:04.479071" level="INFO">{'results': [{'gender': 'male', 'name': {'title': 'Mr', 'first': 'Ezra', 'last': 'Lewis'}, 'location': {'street': {'number': 2283, 'name': 'Tay Street'}, 'city': 'Nelson', 'state': 'Waikato', 'country': 'New Zealand', 'postcode': 83229, 'coordinates': {'latitude': '51.3282', 'longitude': '-48.2057'}, 'timezone': {'offset': '-5:00', 'description': 'Eastern Time (US &amp; Canada), Bogota, Lima'}}, 'email': 'ezra.lewis@example.com', 'login': {'uuid': '5743d8dd-2d2f-49d5-ad49-81b85e3c2a9f', 'username': 'crazymeercat587', 'password': 'spears', 'salt': 'jZk8K2vN', 'md5': 'fb4cbfedc284fc3597ce8847f14b1b03', 'sha1': 'ecd6d312318ab4ba33abf009d2b837f1fd4d3fd2', 'sha256': 'c50b8443007dd42306c9d3c2cee3c71ff22bd83670ac55f5e8112f81a3764550'}, 'dob': {'date': '1949-02-18T21:25:40.166Z', 'age': 75}, 'registered': {'date': '2016-08-12T18:50:48.057Z', 'age': 7}, 'phone': '(392)-716-5901', 'cell': '(267)-279-6672', 'id': {'name': '', 'value': None}, 'picture': {'large': 'https://randomuser.me/api/portraits/men/51.jpg', 'medium': 'https://randomuser.me/api/portraits/med/men/51.jpg', 'thumbnail': 'https://randomuser.me/api/portraits/thumb/men/51.jpg'}, 'nat': 'NZ'}], 'info': {'seed': '75623aff61381807', 'results': 1, 'page': 1, 'version': '1.4'}}</msg>
<arg>${json_data}</arg>
<doc>Logs the given message with the given level.</doc>
<status status="PASS" start="2024-07-28T15:15:04.478915" elapsed="0.000205"/>
</kw>
<kw name="Should Be String" owner="String">
<arg>${json_data['results'][0]['gender']}</arg>
<doc>Fails if the given ``item`` is not a string.</doc>
<status status="PASS" start="2024-07-28T15:15:04.479420" elapsed="0.000376"/>
</kw>
<kw name="Should Match Regexp" owner="BuiltIn">
<arg>${json_data['results'][0]['email']}</arg>
<arg>^[a-zA-Z0-9._%+-]+@[a-zA-Z0-9.-]+\.[a-zA-Z]{2,}$</arg>
<doc>Fails if ``string`` does not match ``pattern`` as a regular expression.</doc>
<status status="PASS" start="2024-07-28T15:15:04.479981" elapsed="0.000521"/>
</kw>
<kw name="Should Match Regexp" owner="BuiltIn">
<arg>${json_data['results'][0]['dob']['date']}</arg>
<arg>\\d{4}-\\d{2}-\\d{2}T\\d{2}:\\d{2}:\\d{2}\\.\\d{3}Z</arg>
<doc>Fails if ``string`` does not match ``pattern`` as a regular expression.</doc>
<status status="PASS" start="2024-07-28T15:15:04.480737" elapsed="0.000692"/>
</kw>
<kw name="Should Match Regexp" owner="BuiltIn">
<arg>${json_data['results'][0]['registered']['date']}</arg>
<arg>\\d{4}-\\d{2}-\\d{2}T\\d{2}:\\d{2}:\\d{2}\\.\\d{3}Z</arg>
<doc>Fails if ``string`` does not match ``pattern`` as a regular expression.</doc>
<status status="PASS" start="2024-07-28T15:15:04.481622" elapsed="0.000372"/>
</kw>
<kw name="Should Match Regexp" owner="BuiltIn">
<arg>${json_data['results'][0]['picture']['large']}</arg>
<arg>^https?://.*\.(?:png|jpe?g|gif|bmp)$</arg>
<doc>Fails if ``string`` does not match ``pattern`` as a regular expression.</doc>
<status status="PASS" start="2024-07-28T15:15:04.482187" elapsed="0.000459"/>
</kw>
<kw name="Should Match Regexp" owner="BuiltIn">
<arg>${json_data['results'][0]['picture']['medium']}</arg>
<arg>^https?://.*\.(?:png|jpe?g|gif|bmp)$</arg>
<doc>Fails if ``string`` does not match ``pattern`` as a regular expression.</doc>
<status status="PASS" start="2024-07-28T15:15:04.482834" elapsed="0.000365"/>
</kw>
<kw name="Should Match Regexp" owner="BuiltIn">
<arg>${json_data['results'][0]['picture']['thumbnail']}</arg>
<arg>^https?://.*\.(?:png|jpe?g|gif|bmp)$</arg>
<doc>Fails if ``string`` does not match ``pattern`` as a regular expression.</doc>
<status status="PASS" start="2024-07-28T15:15:04.483381" elapsed="0.000345"/>
</kw>
<kw name="Log" owner="BuiltIn">
<msg time="2024-07-28T15:15:04.484221" level="INFO">{'large': 'https://randomuser.me/api/portraits/men/51.jpg', 'medium': 'https://randomuser.me/api/portraits/med/men/51.jpg', 'thumbnail': 'https://randomuser.me/api/portraits/thumb/men/51.jpg'}</msg>
<arg>${json_data['results'][0]['picture']}</arg>
<doc>Logs the given message with the given level.</doc>
<status status="PASS" start="2024-07-28T15:15:04.483902" elapsed="0.000370"/>
</kw>
<status status="PASS" start="2024-07-28T15:15:04.418945" elapsed="0.065583"/>
</kw>
<kw name="Teste de Tipos de Dados - Postcode" owner="random-user-service">
<kw name="GET On Session" owner="RequestsLibrary">
<msg time="2024-07-28T15:15:04.604259" level="INFO">GET Request : url=https://randomuser.me/api 
 path_url=/api 
 headers={'User-Agent': 'python-requests/2.32.3', 'Accept-Encoding': 'gzip, deflate', 'Accept': '*/*', 'Connection': 'keep-alive'} 
 body=None 
 </msg>
<msg time="2024-07-28T15:15:04.604384" level="INFO">GET Response : url=https://randomuser.me/api 
 status=200, reason=OK 
 headers={'Date': 'Sun, 28 Jul 2024 15:15:04 GMT', 'Content-Type': 'application/json; charset=utf-8', 'Transfer-Encoding': 'chunked', 'Connection': 'keep-alive', 'X-Powered-By': 'Express', 'Access-Control-Allow-Origin': '*', 'Cache-Control': 'no-cache', 'ETag': 'W/"4a2-AhDa4SbcQNkMS+K4ONf9/Y1NZNM"', 'Vary': 'Accept-Encoding', 'Content-Encoding': 'gzip', 'CF-Cache-Status': 'DYNAMIC', 'Report-To': '{"endpoints":[{"url":"https:\\/\\/a.nel.cloudflare.com\\/report\\/v4?s=Tki1WtEn8Fw9VMLLAIAqTWzLeCRlsnLoOi9vnpqvMx7WIzm1tM5aGaMbMvL2ScO%2FPlhkceoIrPvHSMudBSff49WHARjmvxGXQKf%2FXzLvOqgKdJPsilzPwqWYIITCI%2FFA"}],"group":"cf-nel","max_age":604800}', 'NEL': '{"success_fraction":0,"report_to":"cf-nel","max_age":604800}', 'Server': 'cloudflare', 'CF-RAY': '8aa5d29108b7b47b-ORD', 'alt-svc': 'h3=":443"; ma=86400'} 
 body={"results":[{"gender":"female","name":{"title":"Ms","first":"Vishishta","last":"Bhardwaj"},"location":{"street":{"number":6418,"name":"Altamount Rd"},"city":"Solapur","state":"Andhra Pradesh","country":"India","postcode":41733,"coordinates":{"latitude":"12.8216","longitude":"163.6225"},"timezone":{"offset":"+11:00","description":"Magadan, Solomon Islands, New Caledonia"}},"email":"vishishta.bhardwaj@example.com","login":{"uuid":"f2ffa0e0-574e-488e-9238-ac8a0ba98af0","username":"lazymouse807","password":"christine","salt":"Dp6GG4gl","md5":"9aa15c061f54ac2b657290981fcc5545","sha1":"9b2adbdde53750d005858ccfc8c43ad51adff93d","sha256":"42a2cceb298fd5fe60b4ae78227e4c56b89a3be5a97137767ddeeaa8dcb417be"},"dob":{"date":"1974-01-05T12:16:27.857Z","age":50},"registered":{"date":"2016-01-08T04:04:48.764Z","age":8},"phone":"9655690245","cell":"9432816546","id":{"name":"UIDAI","value":"013095613093"},"picture":{"large":"https://randomuser.me/api/portraits/women/3.jpg","medium":"https://randomuser.me/api/portraits/med/women/3.jpg","thumbnail":"https://randomuser.me/api/portraits/thumb/women/3.jpg"},"nat":"IN"}],"info":{"seed":"ceea962739ff3727","results":1,"page":1,"version":"1.4"}} 
 </msg>
<msg time="2024-07-28T15:15:04.604467" level="INFO">/opt/hostedtoolcache/Python/3.12.4/x64/lib/python3.12/site-packages/urllib3/connectionpool.py:1099: InsecureRequestWarning: Unverified HTTPS request is being made to host 'randomuser.me'. Adding certificate verification is strongly advised. See: https://urllib3.readthedocs.io/en/latest/advanced-usage.html#tls-warnings
  warnings.warn(</msg>
<msg time="2024-07-28T15:15:04.604639" level="INFO">${response} = &lt;Response [200]&gt;</msg>
<var>${response}</var>
<arg>consultarAPI</arg>
<arg>/api</arg>
<doc>Sends a GET request on a previously created HTTP Session.</doc>
<status status="PASS" start="2024-07-28T15:15:04.484987" elapsed="0.119708"/>
</kw>
<kw name="Set Variable" owner="BuiltIn">
<msg time="2024-07-28T15:15:04.605796" level="INFO">${json_data} = {'results': [{'gender': 'female', 'name': {'title': 'Ms', 'first': 'Vishishta', 'last': 'Bhardwaj'}, 'location': {'street': {'number': 6418, 'name': 'Altamount Rd'}, 'city': 'Solapur', 'state': 'Andhr...</msg>
<var>${json_data}</var>
<arg>${response.json()}</arg>
<doc>Returns the given values which can then be assigned to a variables.</doc>
<status status="PASS" start="2024-07-28T15:15:04.605267" elapsed="0.000557"/>
</kw>
<kw name="Log" owner="BuiltIn">
<msg time="2024-07-28T15:15:04.606294" level="INFO">{'results': [{'gender': 'female', 'name': {'title': 'Ms', 'first': 'Vishishta', 'last': 'Bhardwaj'}, 'location': {'street': {'number': 6418, 'name': 'Altamount Rd'}, 'city': 'Solapur', 'state': 'Andhra Pradesh', 'country': 'India', 'postcode': 41733, 'coordinates': {'latitude': '12.8216', 'longitude': '163.6225'}, 'timezone': {'offset': '+11:00', 'description': 'Magadan, Solomon Islands, New Caledonia'}}, 'email': 'vishishta.bhardwaj@example.com', 'login': {'uuid': 'f2ffa0e0-574e-488e-9238-ac8a0ba98af0', 'username': 'lazymouse807', 'password': 'christine', 'salt': 'Dp6GG4gl', 'md5': '9aa15c061f54ac2b657290981fcc5545', 'sha1': '9b2adbdde53750d005858ccfc8c43ad51adff93d', 'sha256': '42a2cceb298fd5fe60b4ae78227e4c56b89a3be5a97137767ddeeaa8dcb417be'}, 'dob': {'date': '1974-01-05T12:16:27.857Z', 'age': 50}, 'registered': {'date': '2016-01-08T04:04:48.764Z', 'age': 8}, 'phone': '9655690245', 'cell': '9432816546', 'id': {'name': 'UIDAI', 'value': '013095613093'}, 'picture': {'large': 'https://randomuser.me/api/portraits/women/3.jpg', 'medium': 'https://randomuser.me/api/portraits/med/women/3.jpg', 'thumbnail': 'https://randomuser.me/api/portraits/thumb/women/3.jpg'}, 'nat': 'IN'}], 'info': {'seed': 'ceea962739ff3727', 'results': 1, 'page': 1, 'version': '1.4'}}</msg>
<arg>${json_data}</arg>
<doc>Logs the given message with the given level.</doc>
<status status="PASS" start="2024-07-28T15:15:04.606140" elapsed="0.000201"/>
</kw>
<kw name="Should Be Equal As Numbers" owner="BuiltIn">
<arg>${json_data['results'][0]['location']['postcode']}</arg>
<arg>${json_data['results'][0]['location']['postcode']}</arg>
<doc>Fails if objects are unequal after converting them to real numbers.</doc>
<status status="PASS" start="2024-07-28T15:15:04.606628" elapsed="0.000682"/>
</kw>
<kw name="Log" owner="BuiltIn">
<msg time="2024-07-28T15:15:04.607840" level="INFO">41733</msg>
<arg>${json_data['results'][0]['location']['postcode']}</arg>
<doc>Logs the given message with the given level.</doc>
<status status="PASS" start="2024-07-28T15:15:04.607503" elapsed="0.000378"/>
</kw>
<status status="PASS" start="2024-07-28T15:15:04.484753" elapsed="0.123413"/>
</kw>
<doc>Testa se os tipos de dados na resposta da API estão corretos.</doc>
<tag>testeTiposDados</tag>
<status status="PASS" start="2024-07-28T15:15:04.418397" elapsed="0.189946"/>
</test>
<test id="s1-s1-t5" name="Validar conteudo" line="35">
<kw name="Teste de Tipos de Conteudo" owner="random-user-service">
<kw name="GET On Session" owner="RequestsLibrary">
<msg time="2024-07-28T15:15:04.753604" level="INFO">GET Request : url=https://randomuser.me/api 
 path_url=/api 
 headers={'User-Agent': 'python-requests/2.32.3', 'Accept-Encoding': 'gzip, deflate', 'Accept': '*/*', 'Connection': 'keep-alive'} 
 body=None 
 </msg>
<msg time="2024-07-28T15:15:04.753721" level="INFO">GET Response : url=https://randomuser.me/api 
 status=200, reason=OK 
 headers={'Date': 'Sun, 28 Jul 2024 15:15:04 GMT', 'Content-Type': 'application/json; charset=utf-8', 'Transfer-Encoding': 'chunked', 'Connection': 'keep-alive', 'X-Powered-By': 'Express', 'Access-Control-Allow-Origin': '*', 'Cache-Control': 'no-cache', 'ETag': 'W/"485-vzcYn8WLmeaNv+NMgco85O8pPj4"', 'Vary': 'Accept-Encoding', 'Content-Encoding': 'gzip', 'CF-Cache-Status': 'DYNAMIC', 'Report-To': '{"endpoints":[{"url":"https:\\/\\/a.nel.cloudflare.com\\/report\\/v4?s=SxDo67DiX1%2F2xfa1uXqQreGJoRAUoo2cYgp4WQqdd7s%2FcCZbeO%2BIsN2EogD0sEOQWWQEx4QPlg93K%2BvcNUGLwo%2F%2BSqtQP53umtDLnqiE%2FvnHmG%2FDvMfBuISaPJtgRx0j"}],"group":"cf-nel","max_age":604800}', 'NEL': '{"success_fraction":0,"report_to":"cf-nel","max_age":604800}', 'Server': 'cloudflare', 'CF-RAY': '8aa5d291d990b47b-ORD', 'alt-svc': 'h3=":443"; ma=86400'} 
 body={"results":[{"gender":"male","name":{"title":"Mr","first":"Shayan","last":"Kallestad"},"location":{"street":{"number":3378,"name":"Brynshøgda"},"city":"Tomra","state":"Bergen","country":"Norway","postcode":"2631","coordinates":{"latitude":"44.9901","longitude":"-163.6556"},"timezone":{"offset":"+10:00","description":"Eastern Australia, Guam, Vladivostok"}},"email":"shayan.kallestad@example.com","login":{"uuid":"d6f51d20-54f6-44b6-bb1a-440c5e79d193","username":"bigostrich370","password":"qqqqqq","salt":"us0yrRB7","md5":"b3792001afc26d8b6e85fea13b8e6905","sha1":"4110cb8e3e139e2d8915e5de585a421d34b5ba2e","sha256":"5353e753138534444bcd9e1c3ecd8065251d5c568b448fbe23835ae4140e403c"},"dob":{"date":"1961-02-22T18:50:03.760Z","age":63},"registered":{"date":"2002-06-01T09:57:36.598Z","age":22},"phone":"58468052","cell":"40904914","id":{"name":"FN","value":"22026102778"},"picture":{"large":"https://randomuser.me/api/portraits/men/77.jpg","medium":"https://randomuser.me/api/portraits/med/men/77.jpg","thumbnail":"https://randomuser.me/api/portraits/thumb/men/77.jpg"},"nat":"NO"}],"info":{"seed":"4e97b4b7bcba83e7","results":1,"page":1,"version":"1.4"}} 
 </msg>
<msg time="2024-07-28T15:15:04.753803" level="INFO">/opt/hostedtoolcache/Python/3.12.4/x64/lib/python3.12/site-packages/urllib3/connectionpool.py:1099: InsecureRequestWarning: Unverified HTTPS request is being made to host 'randomuser.me'. Adding certificate verification is strongly advised. See: https://urllib3.readthedocs.io/en/latest/advanced-usage.html#tls-warnings
  warnings.warn(</msg>
<msg time="2024-07-28T15:15:04.753967" level="INFO">${response} = &lt;Response [200]&gt;</msg>
<var>${response}</var>
<arg>consultarAPI</arg>
<arg>/api</arg>
<doc>Sends a GET request on a previously created HTTP Session.</doc>
<status status="PASS" start="2024-07-28T15:15:04.611148" elapsed="0.142871"/>
</kw>
<kw name="Set Variable" owner="BuiltIn">
<msg time="2024-07-28T15:15:04.755125" level="INFO">${json_data} = {'results': [{'gender': 'male', 'name': {'title': 'Mr', 'first': 'Shayan', 'last': 'Kallestad'}, 'location': {'street': {'number': 3378, 'name': 'Brynshøgda'}, 'city': 'Tomra', 'state': 'Bergen', 'cou...</msg>
<var>${json_data}</var>
<arg>${response.json()}</arg>
<doc>Returns the given values which can then be assigned to a variables.</doc>
<status status="PASS" start="2024-07-28T15:15:04.754593" elapsed="0.000561"/>
</kw>
<kw name="Set Variable" owner="BuiltIn">
<msg time="2024-07-28T15:15:04.755862" level="INFO">${name_title} = Mr</msg>
<var>${name_title}</var>
<arg>${json_data["results"][0]["name"]["title"]}</arg>
<doc>Returns the given values which can then be assigned to a variables.</doc>
<status status="PASS" start="2024-07-28T15:15:04.755479" elapsed="0.000408"/>
</kw>
<kw name="Create List" owner="BuiltIn">
<msg time="2024-07-28T15:15:04.756347" level="INFO">${allowed_titles} = ['Mr', 'Ms', 'Miss', 'Mrs', 'Madame', 'Monsieur']</msg>
<var>${allowed_titles}</var>
<arg>Mr</arg>
<arg>Ms</arg>
<arg>Miss</arg>
<arg>Mrs</arg>
<arg>Madame</arg>
<arg>Monsieur</arg>
<doc>Returns a list containing given items.</doc>
<status status="PASS" start="2024-07-28T15:15:04.756183" elapsed="0.000188"/>
</kw>
<kw name="List Should Contain Value" owner="Collections">
<arg>${allowed_titles}</arg>
<arg>${name_title}</arg>
<doc>Fails if the ``value`` is not found from ``list``.</doc>
<status status="PASS" start="2024-07-28T15:15:04.756661" elapsed="0.000181"/>
</kw>
<kw name="Set Variable" owner="BuiltIn">
<msg time="2024-07-28T15:15:04.757437" level="INFO">${name_country} = NO</msg>
<var>${name_country}</var>
<arg>${json_data["results"][0]["nat"]}</arg>
<doc>Returns the given values which can then be assigned to a variables.</doc>
<status status="PASS" start="2024-07-28T15:15:04.757048" elapsed="0.000413"/>
</kw>
<kw name="Create List" owner="BuiltIn">
<msg time="2024-07-28T15:15:04.758346" level="INFO">${list_country} = ['AD', 'AE', 'AF', 'AG', 'AI', 'AL', 'AM', 'AO', 'AQ', 'AR', 'AS', 'AT', 'AU', 'AW', 'AX', 'AZ', 'BA', 'BB', 'BD', 'BE', 'BF', 'BG', 'BH', 'BI', 'BJ', 'BL', 'BM', 'BN', 'BO', 'BQ', 'BR', 'BS', 'BT', '...</msg>
<var>${list_country}</var>
<arg>AD</arg>
<arg>AE</arg>
<arg>AF</arg>
<arg>AG</arg>
<arg>AI</arg>
<arg>AL</arg>
<arg>AM</arg>
<arg>AO</arg>
<arg>AQ</arg>
<arg>AR</arg>
<arg>AS</arg>
<arg>AT</arg>
<arg>AU</arg>
<arg>AW</arg>
<arg>AX</arg>
<arg>AZ</arg>
<arg>BA</arg>
<arg>BB</arg>
<arg>BD</arg>
<arg>BE</arg>
<arg>BF</arg>
<arg>BG</arg>
<arg>BH</arg>
<arg>BI</arg>
<arg>BJ</arg>
<arg>BL</arg>
<arg>BM</arg>
<arg>BN</arg>
<arg>BO</arg>
<arg>BQ</arg>
<arg>BR</arg>
<arg>BS</arg>
<arg>BT</arg>
<arg>BV</arg>
<arg>BW</arg>
<arg>BY</arg>
<arg>BZ</arg>
<arg>CA</arg>
<arg>CC</arg>
<arg>CD</arg>
<arg>CF</arg>
<arg>CG</arg>
<arg>CH</arg>
<arg>CI</arg>
<arg>CK</arg>
<arg>CL</arg>
<arg>CM</arg>
<arg>CN</arg>
<arg>CO</arg>
<arg>CR</arg>
<arg>CU</arg>
<arg>CV</arg>
<arg>CW</arg>
<arg>CX</arg>
<arg>CY</arg>
<arg>CZ</arg>
<arg>DE</arg>
<arg>DJ</arg>
<arg>DK</arg>
<arg>DM</arg>
<arg>DO</arg>
<arg>DZ</arg>
<arg>EC</arg>
<arg>EE</arg>
<arg>EG</arg>
<arg>EH</arg>
<arg>ER</arg>
<arg>ES</arg>
<arg>ET</arg>
<arg>FI</arg>
<arg>FJ</arg>
<arg>FK</arg>
<arg>FM</arg>
<arg>FO</arg>
<arg>FR</arg>
<arg>GA</arg>
<arg>GB</arg>
<arg>GD</arg>
<arg>GE</arg>
<arg>GF</arg>
<arg>GG</arg>
<arg>GH</arg>
<arg>GI</arg>
<arg>GL</arg>
<arg>GM</arg>
<arg>GN</arg>
<arg>GP</arg>
<arg>GQ</arg>
<arg>GR</arg>
<arg>GS</arg>
<arg>GT</arg>
<arg>GU</arg>
<arg>GW</arg>
<arg>GY</arg>
<arg>HK</arg>
<arg>HM</arg>
<arg>HN</arg>
<arg>HR</arg>
<arg>HT</arg>
<arg>HU</arg>
<arg>ID</arg>
<arg>IE</arg>
<arg>IL</arg>
<arg>IM</arg>
<arg>IN</arg>
<arg>IO</arg>
<arg>IQ</arg>
<arg>IR</arg>
<arg>IS</arg>
<arg>IT</arg>
<arg>JE</arg>
<arg>JM</arg>
<arg>JO</arg>
<arg>JP</arg>
<arg>KE</arg>
<arg>KG</arg>
<arg>KH</arg>
<arg>KI</arg>
<arg>KM</arg>
<arg>KN</arg>
<arg>KP</arg>
<arg>KR</arg>
<arg>KW</arg>
<arg>KY</arg>
<arg>KZ</arg>
<arg>LA</arg>
<arg>LB</arg>
<arg>LC</arg>
<arg>LI</arg>
<arg>LK</arg>
<arg>LR</arg>
<arg>LS</arg>
<arg>LT</arg>
<arg>LU</arg>
<arg>LV</arg>
<arg>LY</arg>
<arg>MA</arg>
<arg>MC</arg>
<arg>MD</arg>
<arg>ME</arg>
<arg>MF</arg>
<arg>MG</arg>
<arg>MH</arg>
<arg>MK</arg>
<arg>ML</arg>
<arg>MM</arg>
<arg>MN</arg>
<arg>MO</arg>
<arg>MP</arg>
<arg>MQ</arg>
<arg>MR</arg>
<arg>MS</arg>
<arg>MT</arg>
<arg>MU</arg>
<arg>MV</arg>
<arg>MW</arg>
<arg>MX</arg>
<arg>MY</arg>
<arg>MZ</arg>
<arg>NA</arg>
<arg>NC</arg>
<arg>NE</arg>
<arg>NF</arg>
<arg>NG</arg>
<arg>NI</arg>
<arg>NL</arg>
<arg>NO</arg>
<arg>NP</arg>
<arg>NR</arg>
<arg>NU</arg>
<arg>NZ</arg>
<arg>OM</arg>
<arg>PA</arg>
<arg>PE</arg>
<arg>PF</arg>
<arg>PG</arg>
<arg>PH</arg>
<arg>PK</arg>
<arg>PL</arg>
<arg>PM</arg>
<arg>PN</arg>
<arg>PR</arg>
<arg>PS</arg>
<arg>PT</arg>
<arg>PW</arg>
<arg>PY</arg>
<arg>QA</arg>
<arg>RE</arg>
<arg>RO</arg>
<arg>RS</arg>
<arg>RU</arg>
<arg>RW</arg>
<arg>SA</arg>
<arg>SB</arg>
<arg>SC</arg>
<arg>SD</arg>
<arg>SE</arg>
<arg>SG</arg>
<arg>SH</arg>
<arg>SI</arg>
<arg>SJ</arg>
<arg>SK</arg>
<arg>SL</arg>
<arg>SM</arg>
<arg>SN</arg>
<arg>SO</arg>
<arg>SR</arg>
<arg>SS</arg>
<arg>ST</arg>
<arg>SV</arg>
<arg>SX</arg>
<arg>SY</arg>
<arg>SZ</arg>
<arg>TC</arg>
<arg>TD</arg>
<arg>TF</arg>
<arg>TG</arg>
<arg>TH</arg>
<arg>TJ</arg>
<arg>TK</arg>
<arg>TL</arg>
<arg>TM</arg>
<arg>TN</arg>
<arg>TO</arg>
<arg>TR</arg>
<arg>TT</arg>
<arg>TV</arg>
<arg>TW</arg>
<arg>TZ</arg>
<arg>UA</arg>
<arg>UG</arg>
<arg>UM</arg>
<arg>US</arg>
<arg>UY</arg>
<arg>UZ</arg>
<arg>VA</arg>
<arg>VC</arg>
<arg>VE</arg>
<arg>VG</arg>
<arg>VI</arg>
<arg>VN</arg>
<arg>VU</arg>
<arg>WF</arg>
<arg>WS</arg>
<arg>XK</arg>
<arg>YE</arg>
<arg>YT</arg>
<arg>ZA</arg>
<arg>ZM</arg>
<arg>ZW</arg>
<doc>Returns a list containing given items.</doc>
<status status="PASS" start="2024-07-28T15:15:04.757751" elapsed="0.000621"/>
</kw>
<kw name="List Should Contain Value" owner="Collections">
<arg>${list_country}</arg>
<arg>${name_country}</arg>
<doc>Fails if the ``value`` is not found from ``list``.</doc>
<status status="PASS" start="2024-07-28T15:15:04.759356" elapsed="0.000211"/>
</kw>
<kw name="Run Keyword If" owner="BuiltIn">
<kw name="Should Be True" owner="BuiltIn">
<arg>${True}</arg>
<doc>Fails if the given condition is not true.</doc>
<status status="PASS" start="2024-07-28T15:15:04.760520" elapsed="0.000143"/>
</kw>
<arg>${json_data["results"][0]["location"]["coordinates"]["latitude"]} &gt;= -90 and ${json_data["results"][0]["location"]["coordinates"]["latitude"]} &lt;= 90</arg>
<arg>Should Be True</arg>
<arg>${True}</arg>
<doc>Runs the given keyword with the given arguments, if ``condition`` is true.</doc>
<status status="PASS" start="2024-07-28T15:15:04.759769" elapsed="0.001017"/>
</kw>
<kw name="Run Keyword If" owner="BuiltIn">
<kw name="Should Be True" owner="BuiltIn">
<arg>${True}</arg>
<doc>Fails if the given condition is not true.</doc>
<status status="PASS" start="2024-07-28T15:15:04.761679" elapsed="0.000142"/>
</kw>
<arg>${json_data["results"][0]["location"]["coordinates"]["longitude"]} &gt;= -180 and ${json_data["results"][0]["location"]["coordinates"]["longitude"]} &lt;= 180</arg>
<arg>Should Be True</arg>
<arg>${True}</arg>
<doc>Runs the given keyword with the given arguments, if ``condition`` is true.</doc>
<status status="PASS" start="2024-07-28T15:15:04.760965" elapsed="0.000977"/>
</kw>
<status status="PASS" start="2024-07-28T15:15:04.610773" elapsed="0.151299"/>
</kw>
<doc>Testa o conteúdo específico dos campos retornados pela API.</doc>
<tag>testeConteudo</tag>
<status status="PASS" start="2024-07-28T15:15:04.610126" elapsed="0.152097"/>
</test>
<status status="PASS" start="2024-07-28T15:15:03.486577" elapsed="1.277561"/>
</suite>
<status status="PASS" start="2024-07-28T15:15:03.472150" elapsed="1.297194"/>
</suite>
<statistics>
<total>
<stat pass="5" fail="0" skip="0">All Tests</stat>
</total>
<tag>
<stat pass="1" fail="0" skip="0">testeConteudo</stat>
<stat pass="1" fail="0" skip="0">testeEstruturaResposta</stat>
<stat pass="1" fail="0" skip="0">testeRequisicaoBasica</stat>
<stat pass="1" fail="0" skip="0">testeTiposDados</stat>
</tag>
<suite>
<stat pass="5" fail="0" skip="0" id="s1" name="Tests">Tests</stat>
<stat pass="5" fail="0" skip="0" id="s1-s1" name="Random-User-Test">Tests.Random-User-Test</stat>
</suite>
</statistics>
<errors>
</errors>
</robot>
