<?xml version="1.0" encoding="UTF-8"?>
<robot generator="Robot 7.0 (Python 3.12.2 on linux)" generated="2024-04-10T23:15:04.467045" rpa="false" schemaversion="5">
<suite id="s1" name="Tests" source="/home/runner/work/DesafioQAItauRogerioJordao/DesafioQAItauRogerioJordao/RamdonUser/tests">
<suite id="s1-s1" name="Random-User-Test" source="/home/runner/work/DesafioQAItauRogerioJordao/DesafioQAItauRogerioJordao/RamdonUser/tests/random-user-test.robot">
<test id="s1-s1-t1" name="Conectar" line="13">
<kw name="Conectar API" owner="random-user-service">
<kw name="Create Session" owner="RequestsLibrary">
<msg time="2024-04-10T23:15:04.847602" level="INFO">Creating Session using : alias=consultarAPI, url=https://randomuser.me/, headers={},                     cookies={}, auth=None, timeout=None, proxies=None, verify=False,                     debug=0 </msg>
<arg>consultarAPI</arg>
<arg>${URL}</arg>
<doc>Create Session: create a HTTP session to a server</doc>
<status status="PASS" start="2024-04-10T23:15:04.847390" elapsed="0.000405"/>
</kw>
<status status="PASS" start="2024-04-10T23:15:04.846319" elapsed="0.001849"/>
</kw>
<status status="PASS" start="2024-04-10T23:15:04.845769" elapsed="0.002607"/>
</test>
<test id="s1-s1-t2" name="Validar retorno 200 e JSON Válido" line="16">
<kw name="Teste de Requisicao Basica" owner="random-user-service">
<kw name="GET On Session" owner="RequestsLibrary">
<msg time="2024-04-10T23:15:05.024499" level="INFO">GET Request : url=https://randomuser.me/api 
 path_url=/api 
 headers={'User-Agent': 'python-requests/2.31.0', 'Accept-Encoding': 'gzip, deflate', 'Accept': '*/*', 'Connection': 'keep-alive'} 
 body=None 
 </msg>
<msg time="2024-04-10T23:15:05.024656" level="INFO">GET Response : url=https://randomuser.me/api 
 status=200, reason=OK 
 headers={'Date': 'Wed, 10 Apr 2024 23:15:05 GMT', 'Content-Type': 'application/json; charset=utf-8', 'Transfer-Encoding': 'chunked', 'Connection': 'keep-alive', 'X-Powered-By': 'Express', 'Access-Control-Allow-Origin': '*', 'Cache-Control': 'no-cache', 'ETag': 'W/"499-cPSAa0lZ93+wz0WnlzrdggVX2BU"', 'Vary': 'Accept-Encoding', 'Content-Encoding': 'gzip', 'CF-Cache-Status': 'DYNAMIC', 'Report-To': '{"endpoints":[{"url":"https:\\/\\/a.nel.cloudflare.com\\/report\\/v4?s=6VnDvYqhnRfKkEbaG3ezso722iJyEIMbbFDFLubRIFk127qTdPCQS12fDWRZ24IZ4DpoJvCcJDAt1tKLOm1mr09Y%2BsZkns71Ugh35id%2BeQi1uAnUtgCCuDeulpYkGZeX"}],"group":"cf-nel","max_age":604800}', 'NEL': '{"success_fraction":0,"report_to":"cf-nel","max_age":604800}', 'Server': 'cloudflare', 'CF-RAY': '87266fd43ab09c5e-IAD', 'alt-svc': 'h3=":443"; ma=86400'} 
 body={"results":[{"gender":"male","name":{"title":"Mr","first":"Ronny","last":"Reiner"},"location":{"street":{"number":2305,"name":"Industriestraße"},"city":"Haigerloch","state":"Hessen","country":"Germany","postcode":60599,"coordinates":{"latitude":"-49.6744","longitude":"-125.6623"},"timezone":{"offset":"-6:00","description":"Central Time (US &amp; Canada), Mexico City"}},"email":"ronny.reiner@example.com","login":{"uuid":"db337568-ecbb-4599-992c-ccc67767b704","username":"blackpeacock813","password":"moreno","salt":"3XQQvKK1","md5":"f44d834c8da93f42363be2de480a95b3","sha1":"54bc24a666def56d2ff233ef734db65f941cc890","sha256":"a93bf0e146d6fcfc8bd45a9a4ec6c4b38adce4cf9b077150d66f75f352ce99af"},"dob":{"date":"1988-06-19T01:54:52.830Z","age":35},"registered":{"date":"2017-05-18T05:11:29.670Z","age":6},"phone":"0444-4740356","cell":"0176-4157591","id":{"name":"SVNR","value":"29 180688 R 391"},"picture":{"large":"https://randomuser.me/api/portraits/men/43.jpg","medium":"https://randomuser.me/api/portraits/med/men/43.jpg","thumbnail":"https://randomuser.me/api/portraits/thumb/men/43.jpg"},"nat":"DE"}],"info":{"seed":"7b1acc534e8191d1","results":1,"page":1,"version":"1.4"}} 
 </msg>
<msg time="2024-04-10T23:15:05.024773" level="INFO">/opt/hostedtoolcache/Python/3.12.2/x64/lib/python3.12/site-packages/urllib3/connectionpool.py:1103: InsecureRequestWarning: Unverified HTTPS request is being made to host 'randomuser.me'. Adding certificate verification is strongly advised. See: https://urllib3.readthedocs.io/en/latest/advanced-usage.html#tls-warnings
  warnings.warn(</msg>
<msg time="2024-04-10T23:15:05.024938" level="INFO">${response} = &lt;Response [200]&gt;</msg>
<var>${response}</var>
<arg>consultarAPI</arg>
<arg>/api</arg>
<doc>Sends a GET request on a previously created HTTP Session.</doc>
<status status="PASS" start="2024-04-10T23:15:04.851091" elapsed="0.173892"/>
</kw>
<kw name="Should Be Equal As Numbers" owner="BuiltIn">
<msg time="2024-04-10T23:15:05.025982" level="INFO">Argument types are:
&lt;class 'int'&gt;
&lt;class 'str'&gt;</msg>
<arg>${response.status_code}</arg>
<arg>200</arg>
<doc>Fails if objects are unequal after converting them to real numbers.</doc>
<status status="PASS" start="2024-04-10T23:15:05.025517" elapsed="0.000530"/>
</kw>
<kw name="Log" owner="BuiltIn">
<msg time="2024-04-10T23:15:05.026733" level="INFO">200</msg>
<arg>${response.status_code}</arg>
<doc>Logs the given message with the given level.</doc>
<status status="PASS" start="2024-04-10T23:15:05.026379" elapsed="0.000397"/>
</kw>
<kw name="Set Variable" owner="BuiltIn">
<msg time="2024-04-10T23:15:05.027562" level="INFO">${json_data} = {'results': [{'gender': 'male', 'name': {'title': 'Mr', 'first': 'Ronny', 'last': 'Reiner'}, 'location': {'street': {'number': 2305, 'name': 'Industriestraße'}, 'city': 'Haigerloch', 'state': 'Hessen'...</msg>
<var>${json_data}</var>
<arg>${response.json()}</arg>
<doc>Returns the given values which can then be assigned to a variables.</doc>
<status status="PASS" start="2024-04-10T23:15:05.027114" elapsed="0.000476"/>
</kw>
<kw name="Dictionary Should Contain Key" owner="Collections">
<msg time="2024-04-10T23:15:05.028086" level="INFO">False</msg>
<arg>${json_data}</arg>
<arg>results</arg>
<doc>Fails if ``key`` is not found from ``dictionary``.</doc>
<status status="PASS" start="2024-04-10T23:15:05.027899" elapsed="0.000226"/>
</kw>
<status status="PASS" start="2024-04-10T23:15:04.850830" elapsed="0.177562"/>
</kw>
<doc>Testa se a API responde corretamente e retorna um objeto JSON válido.</doc>
<tag>testeRequisicaoBasica</tag>
<status status="PASS" start="2024-04-10T23:15:04.850283" elapsed="0.178303"/>
</test>
<test id="s1-s1-t3" name="Validar estrutura de resposta" line="22">
<kw name="Teste de Estrutura de Resposta" owner="random-user-service">
<kw name="GET On Session" owner="RequestsLibrary">
<msg time="2024-04-10T23:15:05.131698" level="INFO">GET Request : url=https://randomuser.me/api 
 path_url=/api 
 headers={'User-Agent': 'python-requests/2.31.0', 'Accept-Encoding': 'gzip, deflate', 'Accept': '*/*', 'Connection': 'keep-alive'} 
 body=None 
 </msg>
<msg time="2024-04-10T23:15:05.131813" level="INFO">GET Response : url=https://randomuser.me/api 
 status=200, reason=OK 
 headers={'Date': 'Wed, 10 Apr 2024 23:15:05 GMT', 'Content-Type': 'application/json; charset=utf-8', 'Transfer-Encoding': 'chunked', 'Connection': 'keep-alive', 'X-Powered-By': 'Express', 'Access-Control-Allow-Origin': '*', 'Cache-Control': 'no-cache', 'ETag': 'W/"4a0-7yDI6XrVELzXFiWSuk2FDgohhuM"', 'Vary': 'Accept-Encoding', 'Content-Encoding': 'gzip', 'CF-Cache-Status': 'DYNAMIC', 'Report-To': '{"endpoints":[{"url":"https:\\/\\/a.nel.cloudflare.com\\/report\\/v4?s=lK64p8H%2FdEZxx%2BA9WyjbHgvtn1XoPggto5H%2Btc5Pmz2Fkmjohlp46cm8qu%2Fb%2F1kXoLRbRUeUBy%2BOidfZoqhU8Jbg%2BIX9kQTitcfq0sm%2FddJDJzURp6RmMvdnrInaQAz9"}],"group":"cf-nel","max_age":604800}', 'NEL': '{"success_fraction":0,"report_to":"cf-nel","max_age":604800}', 'Server': 'cloudflare', 'CF-RAY': '87266fd47afe9c5e-IAD', 'alt-svc': 'h3=":443"; ma=86400'} 
 body={"results":[{"gender":"male","name":{"title":"Mr","first":"Dimitrije","last":"Mihajlović"},"location":{"street":{"number":682,"name":"Zorana Matića"},"city":"Ruma","state":"Šumadija","country":"Serbia","postcode":49558,"coordinates":{"latitude":"62.2096","longitude":"-156.9188"},"timezone":{"offset":"+5:00","description":"Ekaterinburg, Islamabad, Karachi, Tashkent"}},"email":"dimitrije.mihajlovic@example.com","login":{"uuid":"36a1fbd7-db6f-4ede-a498-7a7ba72ddc29","username":"organicleopard538","password":"dodge","salt":"YTy9324y","md5":"d74fdda0a76c8f1594fa0d573961698f","sha1":"0fc0b05144141086436f0f18156d8b00f3c51509","sha256":"46d292729a6dc29e009ce2f4731b755108b5172c71af5718b50fea2e2c951739"},"dob":{"date":"1983-06-26T08:58:08.452Z","age":40},"registered":{"date":"2011-06-19T07:22:30.278Z","age":12},"phone":"034-1887-163","cell":"061-3374-445","id":{"name":"SID","value":"597077752"},"picture":{"large":"https://randomuser.me/api/portraits/men/71.jpg","medium":"https://randomuser.me/api/portraits/med/men/71.jpg","thumbnail":"https://randomuser.me/api/portraits/thumb/men/71.jpg"},"nat":"RS"}],"info":{"seed":"f355ce04a067dddf","results":1,"page":1,"version":"1.4"}} 
 </msg>
<msg time="2024-04-10T23:15:05.131982" level="INFO">/opt/hostedtoolcache/Python/3.12.2/x64/lib/python3.12/site-packages/urllib3/connectionpool.py:1103: InsecureRequestWarning: Unverified HTTPS request is being made to host 'randomuser.me'. Adding certificate verification is strongly advised. See: https://urllib3.readthedocs.io/en/latest/advanced-usage.html#tls-warnings
  warnings.warn(</msg>
<msg time="2024-04-10T23:15:05.132131" level="INFO">${response} = &lt;Response [200]&gt;</msg>
<var>${response}</var>
<arg>consultarAPI</arg>
<arg>/api</arg>
<doc>Sends a GET request on a previously created HTTP Session.</doc>
<status status="PASS" start="2024-04-10T23:15:05.031535" elapsed="0.100640"/>
</kw>
<kw name="Set Variable" owner="BuiltIn">
<msg time="2024-04-10T23:15:05.133279" level="INFO">${json_data} = {'results': [{'gender': 'male', 'name': {'title': 'Mr', 'first': 'Dimitrije', 'last': 'Mihajlović'}, 'location': {'street': {'number': 682, 'name': 'Zorana Matića'}, 'city': 'Ruma', 'state': 'Šumadija...</msg>
<var>${json_data}</var>
<arg>${response.json()}</arg>
<doc>Returns the given values which can then be assigned to a variables.</doc>
<status status="PASS" start="2024-04-10T23:15:05.132726" elapsed="0.000584"/>
</kw>
<kw name="Log" owner="BuiltIn">
<msg time="2024-04-10T23:15:05.133801" level="INFO">{'results': [{'gender': 'male', 'name': {'title': 'Mr', 'first': 'Dimitrije', 'last': 'Mihajlović'}, 'location': {'street': {'number': 682, 'name': 'Zorana Matića'}, 'city': 'Ruma', 'state': 'Šumadija', 'country': 'Serbia', 'postcode': 49558, 'coordinates': {'latitude': '62.2096', 'longitude': '-156.9188'}, 'timezone': {'offset': '+5:00', 'description': 'Ekaterinburg, Islamabad, Karachi, Tashkent'}}, 'email': 'dimitrije.mihajlovic@example.com', 'login': {'uuid': '36a1fbd7-db6f-4ede-a498-7a7ba72ddc29', 'username': 'organicleopard538', 'password': 'dodge', 'salt': 'YTy9324y', 'md5': 'd74fdda0a76c8f1594fa0d573961698f', 'sha1': '0fc0b05144141086436f0f18156d8b00f3c51509', 'sha256': '46d292729a6dc29e009ce2f4731b755108b5172c71af5718b50fea2e2c951739'}, 'dob': {'date': '1983-06-26T08:58:08.452Z', 'age': 40}, 'registered': {'date': '2011-06-19T07:22:30.278Z', 'age': 12}, 'phone': '034-1887-163', 'cell': '061-3374-445', 'id': {'name': 'SID', 'value': '597077752'}, 'picture': {'large': 'https://randomuser.me/api/portraits/men/71.jpg', 'medium': 'https://randomuser.me/api/portraits/med/men/71.jpg', 'thumbnail': 'https://randomuser.me/api/portraits/thumb/men/71.jpg'}, 'nat': 'RS'}], 'info': {'seed': 'f355ce04a067dddf', 'results': 1, 'page': 1, 'version': '1.4'}}</msg>
<arg>${json_data}</arg>
<doc>Logs the given message with the given level.</doc>
<status status="PASS" start="2024-04-10T23:15:05.133634" elapsed="0.000217"/>
</kw>
<kw name="Dictionary Should Contain Key" owner="Collections">
<msg time="2024-04-10T23:15:05.134304" level="INFO">False</msg>
<arg>${json_data}</arg>
<arg>results</arg>
<doc>Fails if ``key`` is not found from ``dictionary``.</doc>
<status status="PASS" start="2024-04-10T23:15:05.134148" elapsed="0.000193"/>
</kw>
<kw name="Should Not Be Empty" owner="BuiltIn">
<msg time="2024-04-10T23:15:05.134776" level="INFO">Length is 2.</msg>
<arg>${json_data}</arg>
<doc>Verifies that the given item is not empty.</doc>
<status status="PASS" start="2024-04-10T23:15:05.134638" elapsed="0.000176"/>
</kw>
<kw name="Create List" owner="BuiltIn">
<msg time="2024-04-10T23:15:05.135255" level="INFO">${expected_keys} = ['gender', 'name', 'location', 'email', 'login']</msg>
<var>${expected_keys}</var>
<arg>gender</arg>
<arg>name</arg>
<arg>location</arg>
<arg>email</arg>
<arg>login</arg>
<doc>Returns a list containing given items.</doc>
<status status="PASS" start="2024-04-10T23:15:05.135108" elapsed="0.000171"/>
</kw>
<for flavor="IN">
<iter>
<kw name="Dictionary Should Contain Key" owner="Collections">
<msg time="2024-04-10T23:15:05.136267" level="INFO">False</msg>
<arg>${json_data['results'][0]}</arg>
<arg>${key}</arg>
<doc>Fails if ``key`` is not found from ``dictionary``.</doc>
<status status="PASS" start="2024-04-10T23:15:05.135858" elapsed="0.000450"/>
</kw>
<kw name="Log" owner="BuiltIn">
<msg time="2024-04-10T23:15:05.137016" level="INFO">{'gender': 'male', 'name': {'title': 'Mr', 'first': 'Dimitrije', 'last': 'Mihajlović'}, 'location': {'street': {'number': 682, 'name': 'Zorana Matića'}, 'city': 'Ruma', 'state': 'Šumadija', 'country': 'Serbia', 'postcode': 49558, 'coordinates': {'latitude': '62.2096', 'longitude': '-156.9188'}, 'timezone': {'offset': '+5:00', 'description': 'Ekaterinburg, Islamabad, Karachi, Tashkent'}}, 'email': 'dimitrije.mihajlovic@example.com', 'login': {'uuid': '36a1fbd7-db6f-4ede-a498-7a7ba72ddc29', 'username': 'organicleopard538', 'password': 'dodge', 'salt': 'YTy9324y', 'md5': 'd74fdda0a76c8f1594fa0d573961698f', 'sha1': '0fc0b05144141086436f0f18156d8b00f3c51509', 'sha256': '46d292729a6dc29e009ce2f4731b755108b5172c71af5718b50fea2e2c951739'}, 'dob': {'date': '1983-06-26T08:58:08.452Z', 'age': 40}, 'registered': {'date': '2011-06-19T07:22:30.278Z', 'age': 12}, 'phone': '034-1887-163', 'cell': '061-3374-445', 'id': {'name': 'SID', 'value': '597077752'}, 'picture': {'large': 'https://randomuser.me/api/portraits/men/71.jpg', 'medium': 'https://randomuser.me/api/portraits/med/men/71.jpg', 'thumbnail': 'https://randomuser.me/api/portraits/thumb/men/71.jpg'}, 'nat': 'RS'}</msg>
<arg>${json_data['results'][0]}</arg>
<doc>Logs the given message with the given level.</doc>
<status status="PASS" start="2024-04-10T23:15:05.136612" elapsed="0.000461"/>
</kw>
<kw name="Log" owner="BuiltIn">
<msg time="2024-04-10T23:15:05.137509" level="INFO">gender</msg>
<arg>${key}</arg>
<doc>Logs the given message with the given level.</doc>
<status status="PASS" start="2024-04-10T23:15:05.137378" elapsed="0.000169"/>
</kw>
<var name="${key}">gender</var>
<status status="PASS" start="2024-04-10T23:15:05.135734" elapsed="0.002042"/>
</iter>
<iter>
<kw name="Dictionary Should Contain Key" owner="Collections">
<msg time="2024-04-10T23:15:05.138482" level="INFO">False</msg>
<arg>${json_data['results'][0]}</arg>
<arg>${key}</arg>
<doc>Fails if ``key`` is not found from ``dictionary``.</doc>
<status status="PASS" start="2024-04-10T23:15:05.138085" elapsed="0.000435"/>
</kw>
<kw name="Log" owner="BuiltIn">
<msg time="2024-04-10T23:15:05.139209" level="INFO">{'gender': 'male', 'name': {'title': 'Mr', 'first': 'Dimitrije', 'last': 'Mihajlović'}, 'location': {'street': {'number': 682, 'name': 'Zorana Matića'}, 'city': 'Ruma', 'state': 'Šumadija', 'country': 'Serbia', 'postcode': 49558, 'coordinates': {'latitude': '62.2096', 'longitude': '-156.9188'}, 'timezone': {'offset': '+5:00', 'description': 'Ekaterinburg, Islamabad, Karachi, Tashkent'}}, 'email': 'dimitrije.mihajlovic@example.com', 'login': {'uuid': '36a1fbd7-db6f-4ede-a498-7a7ba72ddc29', 'username': 'organicleopard538', 'password': 'dodge', 'salt': 'YTy9324y', 'md5': 'd74fdda0a76c8f1594fa0d573961698f', 'sha1': '0fc0b05144141086436f0f18156d8b00f3c51509', 'sha256': '46d292729a6dc29e009ce2f4731b755108b5172c71af5718b50fea2e2c951739'}, 'dob': {'date': '1983-06-26T08:58:08.452Z', 'age': 40}, 'registered': {'date': '2011-06-19T07:22:30.278Z', 'age': 12}, 'phone': '034-1887-163', 'cell': '061-3374-445', 'id': {'name': 'SID', 'value': '597077752'}, 'picture': {'large': 'https://randomuser.me/api/portraits/men/71.jpg', 'medium': 'https://randomuser.me/api/portraits/med/men/71.jpg', 'thumbnail': 'https://randomuser.me/api/portraits/thumb/men/71.jpg'}, 'nat': 'RS'}</msg>
<arg>${json_data['results'][0]}</arg>
<doc>Logs the given message with the given level.</doc>
<status status="PASS" start="2024-04-10T23:15:05.138845" elapsed="0.000414"/>
</kw>
<kw name="Log" owner="BuiltIn">
<msg time="2024-04-10T23:15:05.139684" level="INFO">name</msg>
<arg>${key}</arg>
<doc>Logs the given message with the given level.</doc>
<status status="PASS" start="2024-04-10T23:15:05.139557" elapsed="0.000164"/>
</kw>
<var name="${key}">name</var>
<status status="PASS" start="2024-04-10T23:15:05.137968" elapsed="0.001972"/>
</iter>
<iter>
<kw name="Dictionary Should Contain Key" owner="Collections">
<msg time="2024-04-10T23:15:05.140605" level="INFO">False</msg>
<arg>${json_data['results'][0]}</arg>
<arg>${key}</arg>
<doc>Fails if ``key`` is not found from ``dictionary``.</doc>
<status status="PASS" start="2024-04-10T23:15:05.140231" elapsed="0.000413"/>
</kw>
<kw name="Log" owner="BuiltIn">
<msg time="2024-04-10T23:15:05.141365" level="INFO">{'gender': 'male', 'name': {'title': 'Mr', 'first': 'Dimitrije', 'last': 'Mihajlović'}, 'location': {'street': {'number': 682, 'name': 'Zorana Matića'}, 'city': 'Ruma', 'state': 'Šumadija', 'country': 'Serbia', 'postcode': 49558, 'coordinates': {'latitude': '62.2096', 'longitude': '-156.9188'}, 'timezone': {'offset': '+5:00', 'description': 'Ekaterinburg, Islamabad, Karachi, Tashkent'}}, 'email': 'dimitrije.mihajlovic@example.com', 'login': {'uuid': '36a1fbd7-db6f-4ede-a498-7a7ba72ddc29', 'username': 'organicleopard538', 'password': 'dodge', 'salt': 'YTy9324y', 'md5': 'd74fdda0a76c8f1594fa0d573961698f', 'sha1': '0fc0b05144141086436f0f18156d8b00f3c51509', 'sha256': '46d292729a6dc29e009ce2f4731b755108b5172c71af5718b50fea2e2c951739'}, 'dob': {'date': '1983-06-26T08:58:08.452Z', 'age': 40}, 'registered': {'date': '2011-06-19T07:22:30.278Z', 'age': 12}, 'phone': '034-1887-163', 'cell': '061-3374-445', 'id': {'name': 'SID', 'value': '597077752'}, 'picture': {'large': 'https://randomuser.me/api/portraits/men/71.jpg', 'medium': 'https://randomuser.me/api/portraits/med/men/71.jpg', 'thumbnail': 'https://randomuser.me/api/portraits/thumb/men/71.jpg'}, 'nat': 'RS'}</msg>
<arg>${json_data['results'][0]}</arg>
<doc>Logs the given message with the given level.</doc>
<status status="PASS" start="2024-04-10T23:15:05.141002" elapsed="0.000418"/>
</kw>
<kw name="Log" owner="BuiltIn">
<msg time="2024-04-10T23:15:05.141856" level="INFO">location</msg>
<arg>${key}</arg>
<doc>Logs the given message with the given level.</doc>
<status status="PASS" start="2024-04-10T23:15:05.141731" elapsed="0.000162"/>
</kw>
<var name="${key}">location</var>
<status status="PASS" start="2024-04-10T23:15:05.140119" elapsed="0.001989"/>
</iter>
<iter>
<kw name="Dictionary Should Contain Key" owner="Collections">
<msg time="2024-04-10T23:15:05.142774" level="INFO">False</msg>
<arg>${json_data['results'][0]}</arg>
<arg>${key}</arg>
<doc>Fails if ``key`` is not found from ``dictionary``.</doc>
<status status="PASS" start="2024-04-10T23:15:05.142393" elapsed="0.000418"/>
</kw>
<kw name="Log" owner="BuiltIn">
<msg time="2024-04-10T23:15:05.143472" level="INFO">{'gender': 'male', 'name': {'title': 'Mr', 'first': 'Dimitrije', 'last': 'Mihajlović'}, 'location': {'street': {'number': 682, 'name': 'Zorana Matića'}, 'city': 'Ruma', 'state': 'Šumadija', 'country': 'Serbia', 'postcode': 49558, 'coordinates': {'latitude': '62.2096', 'longitude': '-156.9188'}, 'timezone': {'offset': '+5:00', 'description': 'Ekaterinburg, Islamabad, Karachi, Tashkent'}}, 'email': 'dimitrije.mihajlovic@example.com', 'login': {'uuid': '36a1fbd7-db6f-4ede-a498-7a7ba72ddc29', 'username': 'organicleopard538', 'password': 'dodge', 'salt': 'YTy9324y', 'md5': 'd74fdda0a76c8f1594fa0d573961698f', 'sha1': '0fc0b05144141086436f0f18156d8b00f3c51509', 'sha256': '46d292729a6dc29e009ce2f4731b755108b5172c71af5718b50fea2e2c951739'}, 'dob': {'date': '1983-06-26T08:58:08.452Z', 'age': 40}, 'registered': {'date': '2011-06-19T07:22:30.278Z', 'age': 12}, 'phone': '034-1887-163', 'cell': '061-3374-445', 'id': {'name': 'SID', 'value': '597077752'}, 'picture': {'large': 'https://randomuser.me/api/portraits/men/71.jpg', 'medium': 'https://randomuser.me/api/portraits/med/men/71.jpg', 'thumbnail': 'https://randomuser.me/api/portraits/thumb/men/71.jpg'}, 'nat': 'RS'}</msg>
<arg>${json_data['results'][0]}</arg>
<doc>Logs the given message with the given level.</doc>
<status status="PASS" start="2024-04-10T23:15:05.143107" elapsed="0.000415"/>
</kw>
<kw name="Log" owner="BuiltIn">
<msg time="2024-04-10T23:15:05.143952" level="INFO">email</msg>
<arg>${key}</arg>
<doc>Logs the given message with the given level.</doc>
<status status="PASS" start="2024-04-10T23:15:05.143821" elapsed="0.000169"/>
</kw>
<var name="${key}">email</var>
<status status="PASS" start="2024-04-10T23:15:05.142282" elapsed="0.001921"/>
</iter>
<iter>
<kw name="Dictionary Should Contain Key" owner="Collections">
<msg time="2024-04-10T23:15:05.144893" level="INFO">False</msg>
<arg>${json_data['results'][0]}</arg>
<arg>${key}</arg>
<doc>Fails if ``key`` is not found from ``dictionary``.</doc>
<status status="PASS" start="2024-04-10T23:15:05.144486" elapsed="0.000444"/>
</kw>
<kw name="Log" owner="BuiltIn">
<msg time="2024-04-10T23:15:05.145610" level="INFO">{'gender': 'male', 'name': {'title': 'Mr', 'first': 'Dimitrije', 'last': 'Mihajlović'}, 'location': {'street': {'number': 682, 'name': 'Zorana Matića'}, 'city': 'Ruma', 'state': 'Šumadija', 'country': 'Serbia', 'postcode': 49558, 'coordinates': {'latitude': '62.2096', 'longitude': '-156.9188'}, 'timezone': {'offset': '+5:00', 'description': 'Ekaterinburg, Islamabad, Karachi, Tashkent'}}, 'email': 'dimitrije.mihajlovic@example.com', 'login': {'uuid': '36a1fbd7-db6f-4ede-a498-7a7ba72ddc29', 'username': 'organicleopard538', 'password': 'dodge', 'salt': 'YTy9324y', 'md5': 'd74fdda0a76c8f1594fa0d573961698f', 'sha1': '0fc0b05144141086436f0f18156d8b00f3c51509', 'sha256': '46d292729a6dc29e009ce2f4731b755108b5172c71af5718b50fea2e2c951739'}, 'dob': {'date': '1983-06-26T08:58:08.452Z', 'age': 40}, 'registered': {'date': '2011-06-19T07:22:30.278Z', 'age': 12}, 'phone': '034-1887-163', 'cell': '061-3374-445', 'id': {'name': 'SID', 'value': '597077752'}, 'picture': {'large': 'https://randomuser.me/api/portraits/men/71.jpg', 'medium': 'https://randomuser.me/api/portraits/med/men/71.jpg', 'thumbnail': 'https://randomuser.me/api/portraits/thumb/men/71.jpg'}, 'nat': 'RS'}</msg>
<arg>${json_data['results'][0]}</arg>
<doc>Logs the given message with the given level.</doc>
<status status="PASS" start="2024-04-10T23:15:05.145233" elapsed="0.000427"/>
</kw>
<kw name="Log" owner="BuiltIn">
<msg time="2024-04-10T23:15:05.146080" level="INFO">login</msg>
<arg>${key}</arg>
<doc>Logs the given message with the given level.</doc>
<status status="PASS" start="2024-04-10T23:15:05.145954" elapsed="0.000168"/>
</kw>
<var name="${key}">login</var>
<status status="PASS" start="2024-04-10T23:15:05.144376" elapsed="0.001987"/>
</iter>
<var>${key}</var>
<value>@{expected_keys}</value>
<status status="PASS" start="2024-04-10T23:15:05.135540" elapsed="0.010950"/>
</for>
<kw name="Create List" owner="BuiltIn">
<msg time="2024-04-10T23:15:05.146828" level="INFO">${expected_keysTwo} = ['username', 'password']</msg>
<var>${expected_keysTwo}</var>
<arg>username</arg>
<arg>password</arg>
<doc>Returns a list containing given items.</doc>
<status status="PASS" start="2024-04-10T23:15:05.146688" elapsed="0.000163"/>
</kw>
<for flavor="IN">
<iter>
<kw name="Dictionary Should Contain Key" owner="Collections">
<msg time="2024-04-10T23:15:05.147875" level="INFO">False</msg>
<arg>${json_data['results'][0]['login']}</arg>
<arg>${keyTwo}</arg>
<doc>Fails if ``key`` is not found from ``dictionary``.</doc>
<status status="PASS" start="2024-04-10T23:15:05.147475" elapsed="0.000437"/>
</kw>
<kw name="Dictionary Should Contain Key" owner="Collections">
<msg time="2024-04-10T23:15:05.148600" level="INFO">False</msg>
<arg>${json_data['results'][0]['login']}</arg>
<arg>${keyTwo}</arg>
<doc>Fails if ``key`` is not found from ``dictionary``.</doc>
<status status="PASS" start="2024-04-10T23:15:05.148212" elapsed="0.000426"/>
</kw>
<kw name="Log" owner="BuiltIn">
<msg time="2024-04-10T23:15:05.149124" level="INFO">username</msg>
<arg>${keyTwo}</arg>
<doc>Logs the given message with the given level.</doc>
<status status="PASS" start="2024-04-10T23:15:05.148995" elapsed="0.000166"/>
</kw>
<var name="${keyTwo}">username</var>
<status status="PASS" start="2024-04-10T23:15:05.147359" elapsed="0.002018"/>
</iter>
<iter>
<kw name="Dictionary Should Contain Key" owner="Collections">
<msg time="2024-04-10T23:15:05.150048" level="INFO">False</msg>
<arg>${json_data['results'][0]['login']}</arg>
<arg>${keyTwo}</arg>
<doc>Fails if ``key`` is not found from ``dictionary``.</doc>
<status status="PASS" start="2024-04-10T23:15:05.149667" elapsed="0.000419"/>
</kw>
<kw name="Dictionary Should Contain Key" owner="Collections">
<msg time="2024-04-10T23:15:05.150760" level="INFO">False</msg>
<arg>${json_data['results'][0]['login']}</arg>
<arg>${keyTwo}</arg>
<doc>Fails if ``key`` is not found from ``dictionary``.</doc>
<status status="PASS" start="2024-04-10T23:15:05.150377" elapsed="0.000420"/>
</kw>
<kw name="Log" owner="BuiltIn">
<msg time="2024-04-10T23:15:05.151212" level="INFO">password</msg>
<arg>${keyTwo}</arg>
<doc>Logs the given message with the given level.</doc>
<status status="PASS" start="2024-04-10T23:15:05.151086" elapsed="0.000164"/>
</kw>
<var name="${keyTwo}">password</var>
<status status="PASS" start="2024-04-10T23:15:05.149557" elapsed="0.001907"/>
</iter>
<var>${keyTwo}</var>
<value>@{expected_keysTwo}</value>
<status status="PASS" start="2024-04-10T23:15:05.147093" elapsed="0.004494"/>
</for>
<status status="PASS" start="2024-04-10T23:15:05.031292" elapsed="0.120439"/>
</kw>
<doc>Testa a estrutura da resposta da API.</doc>
<tag>testeEstruturaResposta</tag>
<status status="PASS" start="2024-04-10T23:15:05.030506" elapsed="0.121395"/>
</test>
<test id="s1-s1-t4" name="Validar tipos de dados" line="28">
<kw name="Teste de Tipos de Dados" owner="random-user-service">
<kw name="GET On Session" owner="RequestsLibrary">
<msg time="2024-04-10T23:15:05.227678" level="INFO">GET Request : url=https://randomuser.me/api 
 path_url=/api 
 headers={'User-Agent': 'python-requests/2.31.0', 'Accept-Encoding': 'gzip, deflate', 'Accept': '*/*', 'Connection': 'keep-alive'} 
 body=None 
 </msg>
<msg time="2024-04-10T23:15:05.227787" level="INFO">GET Response : url=https://randomuser.me/api 
 status=200, reason=OK 
 headers={'Date': 'Wed, 10 Apr 2024 23:15:05 GMT', 'Content-Type': 'application/json; charset=utf-8', 'Transfer-Encoding': 'chunked', 'Connection': 'keep-alive', 'X-Powered-By': 'Express', 'Access-Control-Allow-Origin': '*', 'Cache-Control': 'no-cache', 'ETag': 'W/"47e-5f3EO9q6NsQ4TBYQoyFQUWxjlik"', 'Vary': 'Accept-Encoding', 'Content-Encoding': 'gzip', 'CF-Cache-Status': 'DYNAMIC', 'Report-To': '{"endpoints":[{"url":"https:\\/\\/a.nel.cloudflare.com\\/report\\/v4?s=635g3KtT%2F1xbLsKMdMbb9xELasATh4pzb%2BvcPdibYk5sT2RnFMpkBFZkGWZ3po3ybjZdb3KX4YjEvXs2vQDfmnXlYAlF7to1BXifIG8J88mqtHooPWUtMfzAHRnbSvIW"}],"group":"cf-nel","max_age":604800}', 'NEL': '{"success_fraction":0,"report_to":"cf-nel","max_age":604800}', 'Server': 'cloudflare', 'CF-RAY': '87266fd53be99c5e-IAD', 'alt-svc': 'h3=":443"; ma=86400'} 
 body={"results":[{"gender":"female","name":{"title":"Miss","first":"دینا","last":"پارسا"},"location":{"street":{"number":6423,"name":"میدان قیام"},"city":"قائم‌شهر","state":"کردستان","country":"Iran","postcode":60476,"coordinates":{"latitude":"16.5221","longitude":"11.9305"},"timezone":{"offset":"-3:30","description":"Newfoundland"}},"email":"dyn.prs@example.com","login":{"uuid":"5c25acac-8036-468d-8403-ee0e01b08c2d","username":"brownswan920","password":"1028","salt":"alyzG2rt","md5":"6e153778f24ab0791c55dec2f462b6a9","sha1":"28dd473dc08503a1619ff34a71b5c20561c6ef15","sha256":"7e3259144be69721a53d858d455175a28cf5e874631acbc22477386a828a066a"},"dob":{"date":"1945-08-10T05:27:01.893Z","age":78},"registered":{"date":"2021-01-04T18:06:49.735Z","age":3},"phone":"007-05718804","cell":"0914-237-8384","id":{"name":"","value":null},"picture":{"large":"https://randomuser.me/api/portraits/women/1.jpg","medium":"https://randomuser.me/api/portraits/med/women/1.jpg","thumbnail":"https://randomuser.me/api/portraits/thumb/women/1.jpg"},"nat":"IR"}],"info":{"seed":"4b5c9f0a0226bfa6","results":1,"page":1,"version":"1.4"}} 
 </msg>
<msg time="2024-04-10T23:15:05.227872" level="INFO">/opt/hostedtoolcache/Python/3.12.2/x64/lib/python3.12/site-packages/urllib3/connectionpool.py:1103: InsecureRequestWarning: Unverified HTTPS request is being made to host 'randomuser.me'. Adding certificate verification is strongly advised. See: https://urllib3.readthedocs.io/en/latest/advanced-usage.html#tls-warnings
  warnings.warn(</msg>
<msg time="2024-04-10T23:15:05.228024" level="INFO">${response} = &lt;Response [200]&gt;</msg>
<var>${response}</var>
<arg>consultarAPI</arg>
<arg>/api</arg>
<doc>Sends a GET request on a previously created HTTP Session.</doc>
<status status="PASS" start="2024-04-10T23:15:05.154405" elapsed="0.073673"/>
</kw>
<kw name="Set Variable" owner="BuiltIn">
<msg time="2024-04-10T23:15:05.229214" level="INFO">${json_data} = {'results': [{'gender': 'female', 'name': {'title': 'Miss', 'first': 'دینا', 'last': 'پارسا'}, 'location': {'street': {'number': 6423, 'name': 'میدان قیام'}, 'city': 'قائم\u200cشهر', 'state': 'کردستان...</msg>
<var>${json_data}</var>
<arg>${response.json()}</arg>
<doc>Returns the given values which can then be assigned to a variables.</doc>
<status status="PASS" start="2024-04-10T23:15:05.228645" elapsed="0.000605"/>
</kw>
<kw name="Log" owner="BuiltIn">
<msg time="2024-04-10T23:15:05.229764" level="INFO">{'results': [{'gender': 'female', 'name': {'title': 'Miss', 'first': 'دینا', 'last': 'پارسا'}, 'location': {'street': {'number': 6423, 'name': 'میدان قیام'}, 'city': 'قائم\u200cشهر', 'state': 'کردستان', 'country': 'Iran', 'postcode': 60476, 'coordinates': {'latitude': '16.5221', 'longitude': '11.9305'}, 'timezone': {'offset': '-3:30', 'description': 'Newfoundland'}}, 'email': 'dyn.prs@example.com', 'login': {'uuid': '5c25acac-8036-468d-8403-ee0e01b08c2d', 'username': 'brownswan920', 'password': '1028', 'salt': 'alyzG2rt', 'md5': '6e153778f24ab0791c55dec2f462b6a9', 'sha1': '28dd473dc08503a1619ff34a71b5c20561c6ef15', 'sha256': '7e3259144be69721a53d858d455175a28cf5e874631acbc22477386a828a066a'}, 'dob': {'date': '1945-08-10T05:27:01.893Z', 'age': 78}, 'registered': {'date': '2021-01-04T18:06:49.735Z', 'age': 3}, 'phone': '007-05718804', 'cell': '0914-237-8384', 'id': {'name': '', 'value': None}, 'picture': {'large': 'https://randomuser.me/api/portraits/women/1.jpg', 'medium': 'https://randomuser.me/api/portraits/med/women/1.jpg', 'thumbnail': 'https://randomuser.me/api/portraits/thumb/women/1.jpg'}, 'nat': 'IR'}], 'info': {'seed': '4b5c9f0a0226bfa6', 'results': 1, 'page': 1, 'version': '1.4'}}</msg>
<arg>${json_data}</arg>
<doc>Logs the given message with the given level.</doc>
<status status="PASS" start="2024-04-10T23:15:05.229593" elapsed="0.000264"/>
</kw>
<kw name="Should Be String" owner="String">
<arg>${json_data['results'][0]['gender']}</arg>
<doc>Fails if the given ``item`` is not a string.</doc>
<status status="PASS" start="2024-04-10T23:15:05.230175" elapsed="0.000378"/>
</kw>
<kw name="Should Match Regexp" owner="BuiltIn">
<arg>${json_data['results'][0]['email']}</arg>
<arg>^[a-zA-Z0-9._%+-]+@[a-zA-Z0-9.-]+\.[a-zA-Z]{2,}$</arg>
<doc>Fails if ``string`` does not match ``pattern`` as a regular expression.</doc>
<status status="PASS" start="2024-04-10T23:15:05.230751" elapsed="0.000518"/>
</kw>
<kw name="Should Match Regexp" owner="BuiltIn">
<arg>${json_data['results'][0]['dob']['date']}</arg>
<arg>\\d{4}-\\d{2}-\\d{2}T\\d{2}:\\d{2}:\\d{2}\\.\\d{3}Z</arg>
<doc>Fails if ``string`` does not match ``pattern`` as a regular expression.</doc>
<status status="PASS" start="2024-04-10T23:15:05.231467" elapsed="0.000491"/>
</kw>
<kw name="Should Match Regexp" owner="BuiltIn">
<arg>${json_data['results'][0]['registered']['date']}</arg>
<arg>\\d{4}-\\d{2}-\\d{2}T\\d{2}:\\d{2}:\\d{2}\\.\\d{3}Z</arg>
<doc>Fails if ``string`` does not match ``pattern`` as a regular expression.</doc>
<status status="PASS" start="2024-04-10T23:15:05.232159" elapsed="0.000371"/>
</kw>
<kw name="Should Match Regexp" owner="BuiltIn">
<arg>${json_data['results'][0]['picture']['large']}</arg>
<arg>^https?://.*\.(?:png|jpe?g|gif|bmp)$</arg>
<doc>Fails if ``string`` does not match ``pattern`` as a regular expression.</doc>
<status status="PASS" start="2024-04-10T23:15:05.232764" elapsed="0.000493"/>
</kw>
<kw name="Should Match Regexp" owner="BuiltIn">
<arg>${json_data['results'][0]['picture']['medium']}</arg>
<arg>^https?://.*\.(?:png|jpe?g|gif|bmp)$</arg>
<doc>Fails if ``string`` does not match ``pattern`` as a regular expression.</doc>
<status status="PASS" start="2024-04-10T23:15:05.233451" elapsed="0.000360"/>
</kw>
<kw name="Should Match Regexp" owner="BuiltIn">
<arg>${json_data['results'][0]['picture']['thumbnail']}</arg>
<arg>^https?://.*\.(?:png|jpe?g|gif|bmp)$</arg>
<doc>Fails if ``string`` does not match ``pattern`` as a regular expression.</doc>
<status status="PASS" start="2024-04-10T23:15:05.234002" elapsed="0.000347"/>
</kw>
<kw name="Log" owner="BuiltIn">
<msg time="2024-04-10T23:15:05.234860" level="INFO">{'large': 'https://randomuser.me/api/portraits/women/1.jpg', 'medium': 'https://randomuser.me/api/portraits/med/women/1.jpg', 'thumbnail': 'https://randomuser.me/api/portraits/thumb/women/1.jpg'}</msg>
<arg>${json_data['results'][0]['picture']}</arg>
<doc>Logs the given message with the given level.</doc>
<status status="PASS" start="2024-04-10T23:15:05.234533" elapsed="0.000368"/>
</kw>
<status status="PASS" start="2024-04-10T23:15:05.154161" elapsed="0.081002"/>
</kw>
<kw name="Teste de Tipos de Dados - Postcode" owner="random-user-service">
<kw name="GET On Session" owner="RequestsLibrary">
<msg time="2024-04-10T23:15:05.324566" level="INFO">GET Request : url=https://randomuser.me/api 
 path_url=/api 
 headers={'User-Agent': 'python-requests/2.31.0', 'Accept-Encoding': 'gzip, deflate', 'Accept': '*/*', 'Connection': 'keep-alive'} 
 body=None 
 </msg>
<msg time="2024-04-10T23:15:05.324715" level="INFO">GET Response : url=https://randomuser.me/api 
 status=200, reason=OK 
 headers={'Date': 'Wed, 10 Apr 2024 23:15:05 GMT', 'Content-Type': 'application/json; charset=utf-8', 'Transfer-Encoding': 'chunked', 'Connection': 'keep-alive', 'X-Powered-By': 'Express', 'Access-Control-Allow-Origin': '*', 'Cache-Control': 'no-cache', 'ETag': 'W/"47f-sa4rTOQ14vaTzf+sx6ef/4FI1Tw"', 'Vary': 'Accept-Encoding', 'Content-Encoding': 'gzip', 'CF-Cache-Status': 'DYNAMIC', 'Report-To': '{"endpoints":[{"url":"https:\\/\\/a.nel.cloudflare.com\\/report\\/v4?s=varl%2Fd%2F75pXUmalygF41cm8MkuXLbZTrQt%2BKRffN%2FMya%2B%2F9T3W3Oaa921X%2BbYrV%2BD8jKqSO10EtIZuglkkViBvzS6QR6Z7R%2BdvGCTs1M%2FEcuAmb%2BcFabQM0y1kPr8tbX"}],"group":"cf-nel","max_age":604800}', 'NEL': '{"success_fraction":0,"report_to":"cf-nel","max_age":604800}', 'Server': 'cloudflare', 'CF-RAY': '87266fd5bc909c5e-IAD', 'alt-svc': 'h3=":443"; ma=86400'} 
 body={"results":[{"gender":"male","name":{"title":"Mr","first":"Philip","last":"Olsen"},"location":{"street":{"number":6062,"name":"Gammel Århusvej"},"city":"Stoevring","state":"Midtjylland","country":"Denmark","postcode":32282,"coordinates":{"latitude":"-39.5897","longitude":"-40.8520"},"timezone":{"offset":"-11:00","description":"Midway Island, Samoa"}},"email":"philip.olsen@example.com","login":{"uuid":"ca093c63-df10-4887-afc6-f3d83348bc88","username":"smallgorilla955","password":"veronica","salt":"10hbHHBz","md5":"f208f7e391c4dc054d555733840a89c3","sha1":"c71432918c2d2af93c6cec8779b5d7aa0538b6a4","sha256":"c1d7fcb87fa30cf2e8d711d10608b7c7085ef8d25bfb2e14aaa44693a08bcf9c"},"dob":{"date":"1958-09-01T02:01:40.552Z","age":65},"registered":{"date":"2018-11-13T14:58:08.895Z","age":5},"phone":"22256755","cell":"41164424","id":{"name":"CPR","value":"310858-1476"},"picture":{"large":"https://randomuser.me/api/portraits/men/53.jpg","medium":"https://randomuser.me/api/portraits/med/men/53.jpg","thumbnail":"https://randomuser.me/api/portraits/thumb/men/53.jpg"},"nat":"DK"}],"info":{"seed":"438c28ad857e8a73","results":1,"page":1,"version":"1.4"}} 
 </msg>
<msg time="2024-04-10T23:15:05.324829" level="INFO">/opt/hostedtoolcache/Python/3.12.2/x64/lib/python3.12/site-packages/urllib3/connectionpool.py:1103: InsecureRequestWarning: Unverified HTTPS request is being made to host 'randomuser.me'. Adding certificate verification is strongly advised. See: https://urllib3.readthedocs.io/en/latest/advanced-usage.html#tls-warnings
  warnings.warn(</msg>
<msg time="2024-04-10T23:15:05.324996" level="INFO">${response} = &lt;Response [200]&gt;</msg>
<var>${response}</var>
<arg>consultarAPI</arg>
<arg>/api</arg>
<doc>Sends a GET request on a previously created HTTP Session.</doc>
<status status="PASS" start="2024-04-10T23:15:05.235657" elapsed="0.089386"/>
</kw>
<kw name="Set Variable" owner="BuiltIn">
<msg time="2024-04-10T23:15:05.326114" level="INFO">${json_data} = {'results': [{'gender': 'male', 'name': {'title': 'Mr', 'first': 'Philip', 'last': 'Olsen'}, 'location': {'street': {'number': 6062, 'name': 'Gammel Århusvej'}, 'city': 'Stoevring', 'state': 'Midtjyll...</msg>
<var>${json_data}</var>
<arg>${response.json()}</arg>
<doc>Returns the given values which can then be assigned to a variables.</doc>
<status status="PASS" start="2024-04-10T23:15:05.325574" elapsed="0.000569"/>
</kw>
<kw name="Log" owner="BuiltIn">
<msg time="2024-04-10T23:15:05.326661" level="INFO">{'results': [{'gender': 'male', 'name': {'title': 'Mr', 'first': 'Philip', 'last': 'Olsen'}, 'location': {'street': {'number': 6062, 'name': 'Gammel Århusvej'}, 'city': 'Stoevring', 'state': 'Midtjylland', 'country': 'Denmark', 'postcode': 32282, 'coordinates': {'latitude': '-39.5897', 'longitude': '-40.8520'}, 'timezone': {'offset': '-11:00', 'description': 'Midway Island, Samoa'}}, 'email': 'philip.olsen@example.com', 'login': {'uuid': 'ca093c63-df10-4887-afc6-f3d83348bc88', 'username': 'smallgorilla955', 'password': 'veronica', 'salt': '10hbHHBz', 'md5': 'f208f7e391c4dc054d555733840a89c3', 'sha1': 'c71432918c2d2af93c6cec8779b5d7aa0538b6a4', 'sha256': 'c1d7fcb87fa30cf2e8d711d10608b7c7085ef8d25bfb2e14aaa44693a08bcf9c'}, 'dob': {'date': '1958-09-01T02:01:40.552Z', 'age': 65}, 'registered': {'date': '2018-11-13T14:58:08.895Z', 'age': 5}, 'phone': '22256755', 'cell': '41164424', 'id': {'name': 'CPR', 'value': '310858-1476'}, 'picture': {'large': 'https://randomuser.me/api/portraits/men/53.jpg', 'medium': 'https://randomuser.me/api/portraits/med/men/53.jpg', 'thumbnail': 'https://randomuser.me/api/portraits/thumb/men/53.jpg'}, 'nat': 'DK'}], 'info': {'seed': '438c28ad857e8a73', 'results': 1, 'page': 1, 'version': '1.4'}}</msg>
<arg>${json_data}</arg>
<doc>Logs the given message with the given level.</doc>
<status status="PASS" start="2024-04-10T23:15:05.326494" elapsed="0.000252"/>
</kw>
<kw name="Should Be Equal As Numbers" owner="BuiltIn">
<arg>${json_data['results'][0]['location']['postcode']}</arg>
<arg>${json_data['results'][0]['location']['postcode']}</arg>
<doc>Fails if objects are unequal after converting them to real numbers.</doc>
<status status="PASS" start="2024-04-10T23:15:05.327067" elapsed="0.000654"/>
</kw>
<kw name="Log" owner="BuiltIn">
<msg time="2024-04-10T23:15:05.328259" level="INFO">32282</msg>
<arg>${json_data['results'][0]['location']['postcode']}</arg>
<doc>Logs the given message with the given level.</doc>
<status status="PASS" start="2024-04-10T23:15:05.327920" elapsed="0.000380"/>
</kw>
<status status="PASS" start="2024-04-10T23:15:05.235410" elapsed="0.093151"/>
</kw>
<doc>Testa se os tipos de dados na resposta da API estão corretos.</doc>
<tag>testeTiposDados</tag>
<status status="PASS" start="2024-04-10T23:15:05.153698" elapsed="0.175084"/>
</test>
<test id="s1-s1-t5" name="Validar conteudo" line="35">
<kw name="Teste de Tipos de Conteudo" owner="random-user-service">
<kw name="GET On Session" owner="RequestsLibrary">
<msg time="2024-04-10T23:15:05.424315" level="INFO">GET Request : url=https://randomuser.me/api 
 path_url=/api 
 headers={'User-Agent': 'python-requests/2.31.0', 'Accept-Encoding': 'gzip, deflate', 'Accept': '*/*', 'Connection': 'keep-alive'} 
 body=None 
 </msg>
<msg time="2024-04-10T23:15:05.424426" level="INFO">GET Response : url=https://randomuser.me/api 
 status=200, reason=OK 
 headers={'Date': 'Wed, 10 Apr 2024 23:15:05 GMT', 'Content-Type': 'application/json; charset=utf-8', 'Transfer-Encoding': 'chunked', 'Connection': 'keep-alive', 'X-Powered-By': 'Express', 'Access-Control-Allow-Origin': '*', 'Cache-Control': 'no-cache', 'ETag': 'W/"48f-Fs8EODuU1GZAErnmdvUn8ZzN1Lw"', 'Vary': 'Accept-Encoding', 'Content-Encoding': 'gzip', 'CF-Cache-Status': 'DYNAMIC', 'Report-To': '{"endpoints":[{"url":"https:\\/\\/a.nel.cloudflare.com\\/report\\/v4?s=vQjiHvMUKeo4LrKnV0LKKQp5IQMQEDo5Ftw7G7Q4FfOOkdlHknPadKjTrXUC2%2FK49qeriCxcgkArJLXldB6%2FqDnW2v%2FfgKpZxQsakDnE5p9OszrQyLJ%2B6kRllTZ8rQCv"}],"group":"cf-nel","max_age":604800}', 'NEL': '{"success_fraction":0,"report_to":"cf-nel","max_age":604800}', 'Server': 'cloudflare', 'CF-RAY': '87266fd65d2e9c5e-IAD', 'alt-svc': 'h3=":443"; ma=86400'} 
 body={"results":[{"gender":"male","name":{"title":"Mr","first":"Johan","last":"Rasmussen"},"location":{"street":{"number":8816,"name":"Højgårdstoften"},"city":"Lintrup","state":"Nordjylland","country":"Denmark","postcode":29362,"coordinates":{"latitude":"-43.1824","longitude":"-69.3802"},"timezone":{"offset":"+10:00","description":"Eastern Australia, Guam, Vladivostok"}},"email":"johan.rasmussen@example.com","login":{"uuid":"6efe57a3-e39f-425c-859b-9e30382f643d","username":"organicpanda615","password":"evelyn","salt":"3mM9luUd","md5":"a5b6dcb52ebeb155f5cf3a33c5af8d49","sha1":"a0962f268f42a5fe80f2370e50bc941baedbea77","sha256":"6628ba8fdd2a1968fa0b2aa5c1d1b882977c4c67402a956801df0325f98c4f9f"},"dob":{"date":"1997-07-29T16:13:24.044Z","age":26},"registered":{"date":"2006-03-18T11:58:39.351Z","age":18},"phone":"25194228","cell":"80855030","id":{"name":"CPR","value":"290797-6168"},"picture":{"large":"https://randomuser.me/api/portraits/men/1.jpg","medium":"https://randomuser.me/api/portraits/med/men/1.jpg","thumbnail":"https://randomuser.me/api/portraits/thumb/men/1.jpg"},"nat":"DK"}],"info":{"seed":"394da840ea096e58","results":1,"page":1,"version":"1.4"}} 
 </msg>
<msg time="2024-04-10T23:15:05.424499" level="INFO">/opt/hostedtoolcache/Python/3.12.2/x64/lib/python3.12/site-packages/urllib3/connectionpool.py:1103: InsecureRequestWarning: Unverified HTTPS request is being made to host 'randomuser.me'. Adding certificate verification is strongly advised. See: https://urllib3.readthedocs.io/en/latest/advanced-usage.html#tls-warnings
  warnings.warn(</msg>
<msg time="2024-04-10T23:15:05.424639" level="INFO">${response} = &lt;Response [200]&gt;</msg>
<var>${response}</var>
<arg>consultarAPI</arg>
<arg>/api</arg>
<doc>Sends a GET request on a previously created HTTP Session.</doc>
<status status="PASS" start="2024-04-10T23:15:05.331298" elapsed="0.093408"/>
</kw>
<kw name="Set Variable" owner="BuiltIn">
<msg time="2024-04-10T23:15:05.425806" level="INFO">${json_data} = {'results': [{'gender': 'male', 'name': {'title': 'Mr', 'first': 'Johan', 'last': 'Rasmussen'}, 'location': {'street': {'number': 8816, 'name': 'Højgårdstoften'}, 'city': 'Lintrup', 'state': 'Nordjyll...</msg>
<var>${json_data}</var>
<arg>${response.json()}</arg>
<doc>Returns the given values which can then be assigned to a variables.</doc>
<status status="PASS" start="2024-04-10T23:15:05.425277" elapsed="0.000558"/>
</kw>
<kw name="Set Variable" owner="BuiltIn">
<msg time="2024-04-10T23:15:05.426534" level="INFO">${name_title} = Mr</msg>
<var>${name_title}</var>
<arg>${json_data["results"][0]["name"]["title"]}</arg>
<doc>Returns the given values which can then be assigned to a variables.</doc>
<status status="PASS" start="2024-04-10T23:15:05.426147" elapsed="0.000411"/>
</kw>
<kw name="Create List" owner="BuiltIn">
<msg time="2024-04-10T23:15:05.427019" level="INFO">${allowed_titles} = ['Mr', 'Ms', 'Miss', 'Mrs', 'Madame', 'Monsieur']</msg>
<var>${allowed_titles}</var>
<arg>Mr</arg>
<arg>Ms</arg>
<arg>Miss</arg>
<arg>Mrs</arg>
<arg>Madame</arg>
<arg>Monsieur</arg>
<doc>Returns a list containing given items.</doc>
<status status="PASS" start="2024-04-10T23:15:05.426870" elapsed="0.000172"/>
</kw>
<kw name="List Should Contain Value" owner="Collections">
<msg time="2024-04-10T23:15:05.427529" level="INFO">False</msg>
<arg>${allowed_titles}</arg>
<arg>${name_title}</arg>
<doc>Fails if the ``value`` is not found from ``list``.</doc>
<status status="PASS" start="2024-04-10T23:15:05.427350" elapsed="0.000217"/>
</kw>
<kw name="Set Variable" owner="BuiltIn">
<msg time="2024-04-10T23:15:05.428234" level="INFO">${name_country} = DK</msg>
<var>${name_country}</var>
<arg>${json_data["results"][0]["nat"]}</arg>
<doc>Returns the given values which can then be assigned to a variables.</doc>
<status status="PASS" start="2024-04-10T23:15:05.427859" elapsed="0.000399"/>
</kw>
<kw name="Create List" owner="BuiltIn">
<msg time="2024-04-10T23:15:05.429265" level="INFO">${list_country} = ['AD', 'AE', 'AF', 'AG', 'AI', 'AL', 'AM', 'AO', 'AQ', 'AR', 'AS', 'AT', 'AU', 'AW', 'AX', 'AZ', 'BA', 'BB', 'BD', 'BE', 'BF', 'BG', 'BH', 'BI', 'BJ', 'BL', 'BM', 'BN', 'BO', 'BQ', 'BR', 'BS', 'BT', '...</msg>
<var>${list_country}</var>
<arg>AD</arg>
<arg>AE</arg>
<arg>AF</arg>
<arg>AG</arg>
<arg>AI</arg>
<arg>AL</arg>
<arg>AM</arg>
<arg>AO</arg>
<arg>AQ</arg>
<arg>AR</arg>
<arg>AS</arg>
<arg>AT</arg>
<arg>AU</arg>
<arg>AW</arg>
<arg>AX</arg>
<arg>AZ</arg>
<arg>BA</arg>
<arg>BB</arg>
<arg>BD</arg>
<arg>BE</arg>
<arg>BF</arg>
<arg>BG</arg>
<arg>BH</arg>
<arg>BI</arg>
<arg>BJ</arg>
<arg>BL</arg>
<arg>BM</arg>
<arg>BN</arg>
<arg>BO</arg>
<arg>BQ</arg>
<arg>BR</arg>
<arg>BS</arg>
<arg>BT</arg>
<arg>BV</arg>
<arg>BW</arg>
<arg>BY</arg>
<arg>BZ</arg>
<arg>CA</arg>
<arg>CC</arg>
<arg>CD</arg>
<arg>CF</arg>
<arg>CG</arg>
<arg>CH</arg>
<arg>CI</arg>
<arg>CK</arg>
<arg>CL</arg>
<arg>CM</arg>
<arg>CN</arg>
<arg>CO</arg>
<arg>CR</arg>
<arg>CU</arg>
<arg>CV</arg>
<arg>CW</arg>
<arg>CX</arg>
<arg>CY</arg>
<arg>CZ</arg>
<arg>DE</arg>
<arg>DJ</arg>
<arg>DK</arg>
<arg>DM</arg>
<arg>DO</arg>
<arg>DZ</arg>
<arg>EC</arg>
<arg>EE</arg>
<arg>EG</arg>
<arg>EH</arg>
<arg>ER</arg>
<arg>ES</arg>
<arg>ET</arg>
<arg>FI</arg>
<arg>FJ</arg>
<arg>FK</arg>
<arg>FM</arg>
<arg>FO</arg>
<arg>FR</arg>
<arg>GA</arg>
<arg>GB</arg>
<arg>GD</arg>
<arg>GE</arg>
<arg>GF</arg>
<arg>GG</arg>
<arg>GH</arg>
<arg>GI</arg>
<arg>GL</arg>
<arg>GM</arg>
<arg>GN</arg>
<arg>GP</arg>
<arg>GQ</arg>
<arg>GR</arg>
<arg>GS</arg>
<arg>GT</arg>
<arg>GU</arg>
<arg>GW</arg>
<arg>GY</arg>
<arg>HK</arg>
<arg>HM</arg>
<arg>HN</arg>
<arg>HR</arg>
<arg>HT</arg>
<arg>HU</arg>
<arg>ID</arg>
<arg>IE</arg>
<arg>IL</arg>
<arg>IM</arg>
<arg>IN</arg>
<arg>IO</arg>
<arg>IQ</arg>
<arg>IR</arg>
<arg>IS</arg>
<arg>IT</arg>
<arg>JE</arg>
<arg>JM</arg>
<arg>JO</arg>
<arg>JP</arg>
<arg>KE</arg>
<arg>KG</arg>
<arg>KH</arg>
<arg>KI</arg>
<arg>KM</arg>
<arg>KN</arg>
<arg>KP</arg>
<arg>KR</arg>
<arg>KW</arg>
<arg>KY</arg>
<arg>KZ</arg>
<arg>LA</arg>
<arg>LB</arg>
<arg>LC</arg>
<arg>LI</arg>
<arg>LK</arg>
<arg>LR</arg>
<arg>LS</arg>
<arg>LT</arg>
<arg>LU</arg>
<arg>LV</arg>
<arg>LY</arg>
<arg>MA</arg>
<arg>MC</arg>
<arg>MD</arg>
<arg>ME</arg>
<arg>MF</arg>
<arg>MG</arg>
<arg>MH</arg>
<arg>MK</arg>
<arg>ML</arg>
<arg>MM</arg>
<arg>MN</arg>
<arg>MO</arg>
<arg>MP</arg>
<arg>MQ</arg>
<arg>MR</arg>
<arg>MS</arg>
<arg>MT</arg>
<arg>MU</arg>
<arg>MV</arg>
<arg>MW</arg>
<arg>MX</arg>
<arg>MY</arg>
<arg>MZ</arg>
<arg>NA</arg>
<arg>NC</arg>
<arg>NE</arg>
<arg>NF</arg>
<arg>NG</arg>
<arg>NI</arg>
<arg>NL</arg>
<arg>NO</arg>
<arg>NP</arg>
<arg>NR</arg>
<arg>NU</arg>
<arg>NZ</arg>
<arg>OM</arg>
<arg>PA</arg>
<arg>PE</arg>
<arg>PF</arg>
<arg>PG</arg>
<arg>PH</arg>
<arg>PK</arg>
<arg>PL</arg>
<arg>PM</arg>
<arg>PN</arg>
<arg>PR</arg>
<arg>PS</arg>
<arg>PT</arg>
<arg>PW</arg>
<arg>PY</arg>
<arg>QA</arg>
<arg>RE</arg>
<arg>RO</arg>
<arg>RS</arg>
<arg>RU</arg>
<arg>RW</arg>
<arg>SA</arg>
<arg>SB</arg>
<arg>SC</arg>
<arg>SD</arg>
<arg>SE</arg>
<arg>SG</arg>
<arg>SH</arg>
<arg>SI</arg>
<arg>SJ</arg>
<arg>SK</arg>
<arg>SL</arg>
<arg>SM</arg>
<arg>SN</arg>
<arg>SO</arg>
<arg>SR</arg>
<arg>SS</arg>
<arg>ST</arg>
<arg>SV</arg>
<arg>SX</arg>
<arg>SY</arg>
<arg>SZ</arg>
<arg>TC</arg>
<arg>TD</arg>
<arg>TF</arg>
<arg>TG</arg>
<arg>TH</arg>
<arg>TJ</arg>
<arg>TK</arg>
<arg>TL</arg>
<arg>TM</arg>
<arg>TN</arg>
<arg>TO</arg>
<arg>TR</arg>
<arg>TT</arg>
<arg>TV</arg>
<arg>TW</arg>
<arg>TZ</arg>
<arg>UA</arg>
<arg>UG</arg>
<arg>UM</arg>
<arg>US</arg>
<arg>UY</arg>
<arg>UZ</arg>
<arg>VA</arg>
<arg>VC</arg>
<arg>VE</arg>
<arg>VG</arg>
<arg>VI</arg>
<arg>VN</arg>
<arg>VU</arg>
<arg>WF</arg>
<arg>WS</arg>
<arg>XK</arg>
<arg>YE</arg>
<arg>YT</arg>
<arg>ZA</arg>
<arg>ZM</arg>
<arg>ZW</arg>
<doc>Returns a list containing given items.</doc>
<status status="PASS" start="2024-04-10T23:15:05.428559" elapsed="0.000733"/>
</kw>
<kw name="List Should Contain Value" owner="Collections">
<msg time="2024-04-10T23:15:05.430307" level="INFO">False</msg>
<arg>${list_country}</arg>
<arg>${name_country}</arg>
<doc>Fails if the ``value`` is not found from ``list``.</doc>
<status status="PASS" start="2024-04-10T23:15:05.430082" elapsed="0.000264"/>
</kw>
<kw name="Run Keyword If" owner="BuiltIn">
<kw name="Should Be True" owner="BuiltIn">
<arg>${True}</arg>
<doc>Fails if the given condition is not true.</doc>
<status status="PASS" start="2024-04-10T23:15:05.431575" elapsed="0.000148"/>
</kw>
<arg>${json_data["results"][0]["location"]["coordinates"]["latitude"]} &gt;= -90 and ${json_data["results"][0]["location"]["coordinates"]["latitude"]} &lt;= 90</arg>
<arg>Should Be True</arg>
<arg>${True}</arg>
<doc>Runs the given keyword with the given arguments, if ``condition`` is true.</doc>
<status status="PASS" start="2024-04-10T23:15:05.430683" elapsed="0.001169"/>
</kw>
<kw name="Run Keyword If" owner="BuiltIn">
<kw name="Should Be True" owner="BuiltIn">
<arg>${True}</arg>
<doc>Fails if the given condition is not true.</doc>
<status status="PASS" start="2024-04-10T23:15:05.432764" elapsed="0.000141"/>
</kw>
<arg>${json_data["results"][0]["location"]["coordinates"]["longitude"]} &gt;= -180 and ${json_data["results"][0]["location"]["coordinates"]["longitude"]} &lt;= 180</arg>
<arg>Should Be True</arg>
<arg>${True}</arg>
<doc>Runs the given keyword with the given arguments, if ``condition`` is true.</doc>
<status status="PASS" start="2024-04-10T23:15:05.432040" elapsed="0.000990"/>
</kw>
<status status="PASS" start="2024-04-10T23:15:05.331057" elapsed="0.102108"/>
</kw>
<doc>Testa o conteúdo específico dos campos retornados pela API.</doc>
<tag>testeConteudo</tag>
<status status="PASS" start="2024-04-10T23:15:05.330568" elapsed="0.102753"/>
</test>
<status status="PASS" start="2024-04-10T23:15:04.522902" elapsed="0.912383"/>
</suite>
<status status="PASS" start="2024-04-10T23:15:04.508868" elapsed="0.931759"/>
</suite>
<statistics>
<total>
<stat pass="5" fail="0" skip="0">All Tests</stat>
</total>
<tag>
<stat pass="1" fail="0" skip="0">testeConteudo</stat>
<stat pass="1" fail="0" skip="0">testeEstruturaResposta</stat>
<stat pass="1" fail="0" skip="0">testeRequisicaoBasica</stat>
<stat pass="1" fail="0" skip="0">testeTiposDados</stat>
</tag>
<suite>
<stat pass="5" fail="0" skip="0" id="s1" name="Tests">Tests</stat>
<stat pass="5" fail="0" skip="0" id="s1-s1" name="Random-User-Test">Tests.Random-User-Test</stat>
</suite>
</statistics>
<errors>
</errors>
</robot>
