<?xml version="1.0" encoding="UTF-8"?>
<robot generator="Robot 7.0 (Python 3.12.3 on linux)" generated="2024-05-01T09:16:28.581044" rpa="false" schemaversion="5">
<suite id="s1" name="Tests" source="/home/runner/work/DesafioQAItauRogerioJordao/DesafioQAItauRogerioJordao/RamdonUser/tests">
<suite id="s1-s1" name="Random-User-Test" source="/home/runner/work/DesafioQAItauRogerioJordao/DesafioQAItauRogerioJordao/RamdonUser/tests/random-user-test.robot">
<test id="s1-s1-t1" name="Conectar" line="13">
<kw name="Conectar API" owner="random-user-service">
<kw name="Create Session" owner="RequestsLibrary">
<msg time="2024-05-01T09:16:28.942847" level="INFO">Creating Session using : alias=consultarAPI, url=https://randomuser.me/, headers={},                     cookies={}, auth=None, timeout=None, proxies=None, verify=False,                     debug=0 </msg>
<arg>consultarAPI</arg>
<arg>${URL}</arg>
<doc>Create Session: create a HTTP session to a server</doc>
<status status="PASS" start="2024-05-01T09:16:28.942627" elapsed="0.000409"/>
</kw>
<status status="PASS" start="2024-05-01T09:16:28.941665" elapsed="0.001734"/>
</kw>
<status status="PASS" start="2024-05-01T09:16:28.941121" elapsed="0.002472"/>
</test>
<test id="s1-s1-t2" name="Validar retorno 200 e JSON Válido" line="16">
<kw name="Teste de Requisicao Basica" owner="random-user-service">
<kw name="GET On Session" owner="RequestsLibrary">
<msg time="2024-05-01T09:16:29.176998" level="INFO">GET Request : url=https://randomuser.me/api 
 path_url=/api 
 headers={'User-Agent': 'python-requests/2.31.0', 'Accept-Encoding': 'gzip, deflate', 'Accept': '*/*', 'Connection': 'keep-alive'} 
 body=None 
 </msg>
<msg time="2024-05-01T09:16:29.177142" level="INFO">GET Response : url=https://randomuser.me/api 
 status=200, reason=OK 
 headers={'Date': 'Wed, 01 May 2024 09:16:29 GMT', 'Content-Type': 'application/json; charset=utf-8', 'Transfer-Encoding': 'chunked', 'Connection': 'keep-alive', 'X-Powered-By': 'Express', 'Access-Control-Allow-Origin': '*', 'Cache-Control': 'no-cache', 'ETag': 'W/"496-b3XCTzD9GSucknutOIyKaB5nWTY"', 'Vary': 'Accept-Encoding', 'Content-Encoding': 'gzip', 'CF-Cache-Status': 'DYNAMIC', 'Report-To': '{"endpoints":[{"url":"https:\\/\\/a.nel.cloudflare.com\\/report\\/v4?s=GZacwfiB8YP4umNz3W3NhWInQ3V68sXeZg7jKuN3K4cN5Bh%2BIk4%2BMauAUJK5eRTMXiZwzBfvpV1COHiLzpkgYRzOtjGAuZj9v2rPWRwSlyrggbzHh6QWf%2Ftxe0hrGDgZ"}],"group":"cf-nel","max_age":604800}', 'NEL': '{"success_fraction":0,"report_to":"cf-nel","max_age":604800}', 'Server': 'cloudflare', 'CF-RAY': '87ceac4a183f86d5-ORD', 'alt-svc': 'h3=":443"; ma=86400'} 
 body={"results":[{"gender":"male","name":{"title":"Mr","first":"Aapo","last":"Leinonen"},"location":{"street":{"number":7553,"name":"Siilitie"},"city":"Lemland","state":"Kainuu","country":"Finland","postcode":47260,"coordinates":{"latitude":"-23.8530","longitude":"-50.6426"},"timezone":{"offset":"+11:00","description":"Magadan, Solomon Islands, New Caledonia"}},"email":"aapo.leinonen@example.com","login":{"uuid":"08fcc726-5af4-40b0-8cb4-c2173c8549ed","username":"silverelephant782","password":"scarlett","salt":"wN7rcTaX","md5":"bb9c45cc2a542e790a789e222f80c52f","sha1":"75955d4e1995d87aec2c3fe026bd79a34e446d56","sha256":"7d66e0096a25058b30654e68c9ff38ecf491cc511261664594d7b220e09b9db7"},"dob":{"date":"1953-02-20T02:10:51.732Z","age":71},"registered":{"date":"2003-07-04T18:11:26.435Z","age":20},"phone":"03-753-358","cell":"048-405-03-29","id":{"name":"HETU","value":"NaNNA387undefined"},"picture":{"large":"https://randomuser.me/api/portraits/men/47.jpg","medium":"https://randomuser.me/api/portraits/med/men/47.jpg","thumbnail":"https://randomuser.me/api/portraits/thumb/men/47.jpg"},"nat":"FI"}],"info":{"seed":"2252865ac434a576","results":1,"page":1,"version":"1.4"}} 
 </msg>
<msg time="2024-05-01T09:16:29.177224" level="INFO">/opt/hostedtoolcache/Python/3.12.3/x64/lib/python3.12/site-packages/urllib3/connectionpool.py:1103: InsecureRequestWarning: Unverified HTTPS request is being made to host 'randomuser.me'. Adding certificate verification is strongly advised. See: https://urllib3.readthedocs.io/en/latest/advanced-usage.html#tls-warnings
  warnings.warn(</msg>
<msg time="2024-05-01T09:16:29.177368" level="INFO">${response} = &lt;Response [200]&gt;</msg>
<var>${response}</var>
<arg>consultarAPI</arg>
<arg>/api</arg>
<doc>Sends a GET request on a previously created HTTP Session.</doc>
<status status="PASS" start="2024-05-01T09:16:28.946160" elapsed="0.231250"/>
</kw>
<kw name="Should Be Equal As Numbers" owner="BuiltIn">
<msg time="2024-05-01T09:16:29.178404" level="INFO">Argument types are:
&lt;class 'int'&gt;
&lt;class 'str'&gt;</msg>
<arg>${response.status_code}</arg>
<arg>200</arg>
<doc>Fails if objects are unequal after converting them to real numbers.</doc>
<status status="PASS" start="2024-05-01T09:16:29.177940" elapsed="0.000528"/>
</kw>
<kw name="Log" owner="BuiltIn">
<msg time="2024-05-01T09:16:29.179204" level="INFO">200</msg>
<arg>${response.status_code}</arg>
<doc>Logs the given message with the given level.</doc>
<status status="PASS" start="2024-05-01T09:16:29.178846" elapsed="0.000401"/>
</kw>
<kw name="Set Variable" owner="BuiltIn">
<msg time="2024-05-01T09:16:29.180000" level="INFO">${json_data} = {'results': [{'gender': 'male', 'name': {'title': 'Mr', 'first': 'Aapo', 'last': 'Leinonen'}, 'location': {'street': {'number': 7553, 'name': 'Siilitie'}, 'city': 'Lemland', 'state': 'Kainuu', 'countr...</msg>
<var>${json_data}</var>
<arg>${response.json()}</arg>
<doc>Returns the given values which can then be assigned to a variables.</doc>
<status status="PASS" start="2024-05-01T09:16:29.179555" elapsed="0.000473"/>
</kw>
<kw name="Dictionary Should Contain Key" owner="Collections">
<msg time="2024-05-01T09:16:29.180494" level="INFO">False</msg>
<arg>${json_data}</arg>
<arg>results</arg>
<doc>Fails if ``key`` is not found from ``dictionary``.</doc>
<status status="PASS" start="2024-05-01T09:16:29.180328" elapsed="0.000204"/>
</kw>
<status status="PASS" start="2024-05-01T09:16:28.945924" elapsed="0.234868"/>
</kw>
<doc>Testa se a API responde corretamente e retorna um objeto JSON válido.</doc>
<tag>testeRequisicaoBasica</tag>
<status status="PASS" start="2024-05-01T09:16:28.945462" elapsed="0.235520"/>
</test>
<test id="s1-s1-t3" name="Validar estrutura de resposta" line="22">
<kw name="Teste de Estrutura de Resposta" owner="random-user-service">
<kw name="GET On Session" owner="RequestsLibrary">
<msg time="2024-05-01T09:16:29.297377" level="INFO">GET Request : url=https://randomuser.me/api 
 path_url=/api 
 headers={'User-Agent': 'python-requests/2.31.0', 'Accept-Encoding': 'gzip, deflate', 'Accept': '*/*', 'Connection': 'keep-alive'} 
 body=None 
 </msg>
<msg time="2024-05-01T09:16:29.297487" level="INFO">GET Response : url=https://randomuser.me/api 
 status=200, reason=OK 
 headers={'Date': 'Wed, 01 May 2024 09:16:29 GMT', 'Content-Type': 'application/json; charset=utf-8', 'Transfer-Encoding': 'chunked', 'Connection': 'keep-alive', 'X-Powered-By': 'Express', 'Access-Control-Allow-Origin': '*', 'Cache-Control': 'no-cache', 'ETag': 'W/"48f-z+ab8LPBHjtd69/U5LFn3QmPEkQ"', 'Vary': 'Accept-Encoding', 'Content-Encoding': 'gzip', 'CF-Cache-Status': 'DYNAMIC', 'Report-To': '{"endpoints":[{"url":"https:\\/\\/a.nel.cloudflare.com\\/report\\/v4?s=BVj7I7z7wgbhhc5Mj6yS%2FxD5k73Vss4UZC7WLET1ANGwJMn8NgPgulZ3yn%2BfOyVCNgMJCXOk1KoG7%2BTDIG4J6k7sAzXC7Yv4WzY52klOwWulBMfr74E73b%2BEZv85PTYR"}],"group":"cf-nel","max_age":604800}', 'NEL': '{"success_fraction":0,"report_to":"cf-nel","max_age":604800}', 'Server': 'cloudflare', 'CF-RAY': '87ceac4a687686d5-ORD', 'alt-svc': 'h3=":443"; ma=86400'} 
 body={"results":[{"gender":"male","name":{"title":"Mr","first":"Carter","last":"Macdonald"},"location":{"street":{"number":4634,"name":"Richmond Ave"},"city":"Vanier","state":"Yukon","country":"Canada","postcode":"T0J 1T3","coordinates":{"latitude":"-68.7510","longitude":"-175.1860"},"timezone":{"offset":"+4:00","description":"Abu Dhabi, Muscat, Baku, Tbilisi"}},"email":"carter.macdonald@example.com","login":{"uuid":"3997ceeb-16ea-4dec-a313-fb125184eb84","username":"beautifulduck945","password":"camper","salt":"hA3M26YO","md5":"0f37180343b820a4ab7a445b515ff470","sha1":"789c7ba1d97c04f3c397b5724f31d3a528e0c5f7","sha256":"dd6ac0ee20e3cbdd95ee980a22f5d6a02904cf2f3d80a4bf9b5781c1215bc11e"},"dob":{"date":"1984-07-01T17:00:01.145Z","age":39},"registered":{"date":"2003-07-09T07:59:38.388Z","age":20},"phone":"J05 G87-5297","cell":"P36 J23-7634","id":{"name":"SIN","value":"522679695"},"picture":{"large":"https://randomuser.me/api/portraits/men/16.jpg","medium":"https://randomuser.me/api/portraits/med/men/16.jpg","thumbnail":"https://randomuser.me/api/portraits/thumb/men/16.jpg"},"nat":"CA"}],"info":{"seed":"c158d8dede5e143a","results":1,"page":1,"version":"1.4"}} 
 </msg>
<msg time="2024-05-01T09:16:29.297628" level="INFO">/opt/hostedtoolcache/Python/3.12.3/x64/lib/python3.12/site-packages/urllib3/connectionpool.py:1103: InsecureRequestWarning: Unverified HTTPS request is being made to host 'randomuser.me'. Adding certificate verification is strongly advised. See: https://urllib3.readthedocs.io/en/latest/advanced-usage.html#tls-warnings
  warnings.warn(</msg>
<msg time="2024-05-01T09:16:29.297753" level="INFO">${response} = &lt;Response [200]&gt;</msg>
<var>${response}</var>
<arg>consultarAPI</arg>
<arg>/api</arg>
<doc>Sends a GET request on a previously created HTTP Session.</doc>
<status status="PASS" start="2024-05-01T09:16:29.183651" elapsed="0.114129"/>
</kw>
<kw name="Set Variable" owner="BuiltIn">
<msg time="2024-05-01T09:16:29.298945" level="INFO">${json_data} = {'results': [{'gender': 'male', 'name': {'title': 'Mr', 'first': 'Carter', 'last': 'Macdonald'}, 'location': {'street': {'number': 4634, 'name': 'Richmond Ave'}, 'city': 'Vanier', 'state': 'Yukon', 'c...</msg>
<var>${json_data}</var>
<arg>${response.json()}</arg>
<doc>Returns the given values which can then be assigned to a variables.</doc>
<status status="PASS" start="2024-05-01T09:16:29.298343" elapsed="0.000631"/>
</kw>
<kw name="Log" owner="BuiltIn">
<msg time="2024-05-01T09:16:29.299475" level="INFO">{'results': [{'gender': 'male', 'name': {'title': 'Mr', 'first': 'Carter', 'last': 'Macdonald'}, 'location': {'street': {'number': 4634, 'name': 'Richmond Ave'}, 'city': 'Vanier', 'state': 'Yukon', 'country': 'Canada', 'postcode': 'T0J 1T3', 'coordinates': {'latitude': '-68.7510', 'longitude': '-175.1860'}, 'timezone': {'offset': '+4:00', 'description': 'Abu Dhabi, Muscat, Baku, Tbilisi'}}, 'email': 'carter.macdonald@example.com', 'login': {'uuid': '3997ceeb-16ea-4dec-a313-fb125184eb84', 'username': 'beautifulduck945', 'password': 'camper', 'salt': 'hA3M26YO', 'md5': '0f37180343b820a4ab7a445b515ff470', 'sha1': '789c7ba1d97c04f3c397b5724f31d3a528e0c5f7', 'sha256': 'dd6ac0ee20e3cbdd95ee980a22f5d6a02904cf2f3d80a4bf9b5781c1215bc11e'}, 'dob': {'date': '1984-07-01T17:00:01.145Z', 'age': 39}, 'registered': {'date': '2003-07-09T07:59:38.388Z', 'age': 20}, 'phone': 'J05 G87-5297', 'cell': 'P36 J23-7634', 'id': {'name': 'SIN', 'value': '522679695'}, 'picture': {'large': 'https://randomuser.me/api/portraits/men/16.jpg', 'medium': 'https://randomuser.me/api/portraits/med/men/16.jpg', 'thumbnail': 'https://randomuser.me/api/portraits/thumb/men/16.jpg'}, 'nat': 'CA'}], 'info': {'seed': 'c158d8dede5e143a', 'results': 1, 'page': 1, 'version': '1.4'}}</msg>
<arg>${json_data}</arg>
<doc>Logs the given message with the given level.</doc>
<status status="PASS" start="2024-05-01T09:16:29.299308" elapsed="0.000217"/>
</kw>
<kw name="Dictionary Should Contain Key" owner="Collections">
<msg time="2024-05-01T09:16:29.300010" level="INFO">False</msg>
<arg>${json_data}</arg>
<arg>results</arg>
<doc>Fails if ``key`` is not found from ``dictionary``.</doc>
<status status="PASS" start="2024-05-01T09:16:29.299850" elapsed="0.000198"/>
</kw>
<kw name="Should Not Be Empty" owner="BuiltIn">
<msg time="2024-05-01T09:16:29.300477" level="INFO">Length is 2.</msg>
<arg>${json_data}</arg>
<doc>Verifies that the given item is not empty.</doc>
<status status="PASS" start="2024-05-01T09:16:29.300348" elapsed="0.000166"/>
</kw>
<kw name="Create List" owner="BuiltIn">
<msg time="2024-05-01T09:16:29.301152" level="INFO">${expected_keys} = ['gender', 'name', 'location', 'email', 'login']</msg>
<var>${expected_keys}</var>
<arg>gender</arg>
<arg>name</arg>
<arg>location</arg>
<arg>email</arg>
<arg>login</arg>
<doc>Returns a list containing given items.</doc>
<status status="PASS" start="2024-05-01T09:16:29.300824" elapsed="0.000360"/>
</kw>
<for flavor="IN">
<iter>
<kw name="Dictionary Should Contain Key" owner="Collections">
<msg time="2024-05-01T09:16:29.302228" level="INFO">False</msg>
<arg>${json_data['results'][0]}</arg>
<arg>${key}</arg>
<doc>Fails if ``key`` is not found from ``dictionary``.</doc>
<status status="PASS" start="2024-05-01T09:16:29.301810" elapsed="0.000461"/>
</kw>
<kw name="Log" owner="BuiltIn">
<msg time="2024-05-01T09:16:29.303021" level="INFO">{'gender': 'male', 'name': {'title': 'Mr', 'first': 'Carter', 'last': 'Macdonald'}, 'location': {'street': {'number': 4634, 'name': 'Richmond Ave'}, 'city': 'Vanier', 'state': 'Yukon', 'country': 'Canada', 'postcode': 'T0J 1T3', 'coordinates': {'latitude': '-68.7510', 'longitude': '-175.1860'}, 'timezone': {'offset': '+4:00', 'description': 'Abu Dhabi, Muscat, Baku, Tbilisi'}}, 'email': 'carter.macdonald@example.com', 'login': {'uuid': '3997ceeb-16ea-4dec-a313-fb125184eb84', 'username': 'beautifulduck945', 'password': 'camper', 'salt': 'hA3M26YO', 'md5': '0f37180343b820a4ab7a445b515ff470', 'sha1': '789c7ba1d97c04f3c397b5724f31d3a528e0c5f7', 'sha256': 'dd6ac0ee20e3cbdd95ee980a22f5d6a02904cf2f3d80a4bf9b5781c1215bc11e'}, 'dob': {'date': '1984-07-01T17:00:01.145Z', 'age': 39}, 'registered': {'date': '2003-07-09T07:59:38.388Z', 'age': 20}, 'phone': 'J05 G87-5297', 'cell': 'P36 J23-7634', 'id': {'name': 'SIN', 'value': '522679695'}, 'picture': {'large': 'https://randomuser.me/api/portraits/men/16.jpg', 'medium': 'https://randomuser.me/api/portraits/med/men/16.jpg', 'thumbnail': 'https://randomuser.me/api/portraits/thumb/men/16.jpg'}, 'nat': 'CA'}</msg>
<arg>${json_data['results'][0]}</arg>
<doc>Logs the given message with the given level.</doc>
<status status="PASS" start="2024-05-01T09:16:29.302580" elapsed="0.000491"/>
</kw>
<kw name="Log" owner="BuiltIn">
<msg time="2024-05-01T09:16:29.303517" level="INFO">gender</msg>
<arg>${key}</arg>
<doc>Logs the given message with the given level.</doc>
<status status="PASS" start="2024-05-01T09:16:29.303382" elapsed="0.000172"/>
</kw>
<var name="${key}">gender</var>
<status status="PASS" start="2024-05-01T09:16:29.301669" elapsed="0.002097"/>
</iter>
<iter>
<kw name="Dictionary Should Contain Key" owner="Collections">
<msg time="2024-05-01T09:16:29.304476" level="INFO">False</msg>
<arg>${json_data['results'][0]}</arg>
<arg>${key}</arg>
<doc>Fails if ``key`` is not found from ``dictionary``.</doc>
<status status="PASS" start="2024-05-01T09:16:29.304076" elapsed="0.000437"/>
</kw>
<kw name="Log" owner="BuiltIn">
<msg time="2024-05-01T09:16:29.305215" level="INFO">{'gender': 'male', 'name': {'title': 'Mr', 'first': 'Carter', 'last': 'Macdonald'}, 'location': {'street': {'number': 4634, 'name': 'Richmond Ave'}, 'city': 'Vanier', 'state': 'Yukon', 'country': 'Canada', 'postcode': 'T0J 1T3', 'coordinates': {'latitude': '-68.7510', 'longitude': '-175.1860'}, 'timezone': {'offset': '+4:00', 'description': 'Abu Dhabi, Muscat, Baku, Tbilisi'}}, 'email': 'carter.macdonald@example.com', 'login': {'uuid': '3997ceeb-16ea-4dec-a313-fb125184eb84', 'username': 'beautifulduck945', 'password': 'camper', 'salt': 'hA3M26YO', 'md5': '0f37180343b820a4ab7a445b515ff470', 'sha1': '789c7ba1d97c04f3c397b5724f31d3a528e0c5f7', 'sha256': 'dd6ac0ee20e3cbdd95ee980a22f5d6a02904cf2f3d80a4bf9b5781c1215bc11e'}, 'dob': {'date': '1984-07-01T17:00:01.145Z', 'age': 39}, 'registered': {'date': '2003-07-09T07:59:38.388Z', 'age': 20}, 'phone': 'J05 G87-5297', 'cell': 'P36 J23-7634', 'id': {'name': 'SIN', 'value': '522679695'}, 'picture': {'large': 'https://randomuser.me/api/portraits/men/16.jpg', 'medium': 'https://randomuser.me/api/portraits/med/men/16.jpg', 'thumbnail': 'https://randomuser.me/api/portraits/thumb/men/16.jpg'}, 'nat': 'CA'}</msg>
<arg>${json_data['results'][0]}</arg>
<doc>Logs the given message with the given level.</doc>
<status status="PASS" start="2024-05-01T09:16:29.304848" elapsed="0.000416"/>
</kw>
<kw name="Log" owner="BuiltIn">
<msg time="2024-05-01T09:16:29.305695" level="INFO">name</msg>
<arg>${key}</arg>
<doc>Logs the given message with the given level.</doc>
<status status="PASS" start="2024-05-01T09:16:29.305569" elapsed="0.000163"/>
</kw>
<var name="${key}">name</var>
<status status="PASS" start="2024-05-01T09:16:29.303957" elapsed="0.001998"/>
</iter>
<iter>
<kw name="Dictionary Should Contain Key" owner="Collections">
<msg time="2024-05-01T09:16:29.306644" level="INFO">False</msg>
<arg>${json_data['results'][0]}</arg>
<arg>${key}</arg>
<doc>Fails if ``key`` is not found from ``dictionary``.</doc>
<status status="PASS" start="2024-05-01T09:16:29.306245" elapsed="0.000435"/>
</kw>
<kw name="Log" owner="BuiltIn">
<msg time="2024-05-01T09:16:29.307380" level="INFO">{'gender': 'male', 'name': {'title': 'Mr', 'first': 'Carter', 'last': 'Macdonald'}, 'location': {'street': {'number': 4634, 'name': 'Richmond Ave'}, 'city': 'Vanier', 'state': 'Yukon', 'country': 'Canada', 'postcode': 'T0J 1T3', 'coordinates': {'latitude': '-68.7510', 'longitude': '-175.1860'}, 'timezone': {'offset': '+4:00', 'description': 'Abu Dhabi, Muscat, Baku, Tbilisi'}}, 'email': 'carter.macdonald@example.com', 'login': {'uuid': '3997ceeb-16ea-4dec-a313-fb125184eb84', 'username': 'beautifulduck945', 'password': 'camper', 'salt': 'hA3M26YO', 'md5': '0f37180343b820a4ab7a445b515ff470', 'sha1': '789c7ba1d97c04f3c397b5724f31d3a528e0c5f7', 'sha256': 'dd6ac0ee20e3cbdd95ee980a22f5d6a02904cf2f3d80a4bf9b5781c1215bc11e'}, 'dob': {'date': '1984-07-01T17:00:01.145Z', 'age': 39}, 'registered': {'date': '2003-07-09T07:59:38.388Z', 'age': 20}, 'phone': 'J05 G87-5297', 'cell': 'P36 J23-7634', 'id': {'name': 'SIN', 'value': '522679695'}, 'picture': {'large': 'https://randomuser.me/api/portraits/men/16.jpg', 'medium': 'https://randomuser.me/api/portraits/med/men/16.jpg', 'thumbnail': 'https://randomuser.me/api/portraits/thumb/men/16.jpg'}, 'nat': 'CA'}</msg>
<arg>${json_data['results'][0]}</arg>
<doc>Logs the given message with the given level.</doc>
<status status="PASS" start="2024-05-01T09:16:29.307006" elapsed="0.000422"/>
</kw>
<kw name="Log" owner="BuiltIn">
<msg time="2024-05-01T09:16:29.307844" level="INFO">location</msg>
<arg>${key}</arg>
<doc>Logs the given message with the given level.</doc>
<status status="PASS" start="2024-05-01T09:16:29.307721" elapsed="0.000160"/>
</kw>
<var name="${key}">location</var>
<status status="PASS" start="2024-05-01T09:16:29.306132" elapsed="0.001963"/>
</iter>
<iter>
<kw name="Dictionary Should Contain Key" owner="Collections">
<msg time="2024-05-01T09:16:29.308764" level="INFO">False</msg>
<arg>${json_data['results'][0]}</arg>
<arg>${key}</arg>
<doc>Fails if ``key`` is not found from ``dictionary``.</doc>
<status status="PASS" start="2024-05-01T09:16:29.308382" elapsed="0.000419"/>
</kw>
<kw name="Log" owner="BuiltIn">
<msg time="2024-05-01T09:16:29.309453" level="INFO">{'gender': 'male', 'name': {'title': 'Mr', 'first': 'Carter', 'last': 'Macdonald'}, 'location': {'street': {'number': 4634, 'name': 'Richmond Ave'}, 'city': 'Vanier', 'state': 'Yukon', 'country': 'Canada', 'postcode': 'T0J 1T3', 'coordinates': {'latitude': '-68.7510', 'longitude': '-175.1860'}, 'timezone': {'offset': '+4:00', 'description': 'Abu Dhabi, Muscat, Baku, Tbilisi'}}, 'email': 'carter.macdonald@example.com', 'login': {'uuid': '3997ceeb-16ea-4dec-a313-fb125184eb84', 'username': 'beautifulduck945', 'password': 'camper', 'salt': 'hA3M26YO', 'md5': '0f37180343b820a4ab7a445b515ff470', 'sha1': '789c7ba1d97c04f3c397b5724f31d3a528e0c5f7', 'sha256': 'dd6ac0ee20e3cbdd95ee980a22f5d6a02904cf2f3d80a4bf9b5781c1215bc11e'}, 'dob': {'date': '1984-07-01T17:00:01.145Z', 'age': 39}, 'registered': {'date': '2003-07-09T07:59:38.388Z', 'age': 20}, 'phone': 'J05 G87-5297', 'cell': 'P36 J23-7634', 'id': {'name': 'SIN', 'value': '522679695'}, 'picture': {'large': 'https://randomuser.me/api/portraits/men/16.jpg', 'medium': 'https://randomuser.me/api/portraits/med/men/16.jpg', 'thumbnail': 'https://randomuser.me/api/portraits/thumb/men/16.jpg'}, 'nat': 'CA'}</msg>
<arg>${json_data['results'][0]}</arg>
<doc>Logs the given message with the given level.</doc>
<status status="PASS" start="2024-05-01T09:16:29.309094" elapsed="0.000408"/>
</kw>
<kw name="Log" owner="BuiltIn">
<msg time="2024-05-01T09:16:29.309918" level="INFO">email</msg>
<arg>${key}</arg>
<doc>Logs the given message with the given level.</doc>
<status status="PASS" start="2024-05-01T09:16:29.309790" elapsed="0.000164"/>
</kw>
<var name="${key}">email</var>
<status status="PASS" start="2024-05-01T09:16:29.308270" elapsed="0.001903"/>
</iter>
<iter>
<kw name="Dictionary Should Contain Key" owner="Collections">
<msg time="2024-05-01T09:16:29.310858" level="INFO">False</msg>
<arg>${json_data['results'][0]}</arg>
<arg>${key}</arg>
<doc>Fails if ``key`` is not found from ``dictionary``.</doc>
<status status="PASS" start="2024-05-01T09:16:29.310453" elapsed="0.000443"/>
</kw>
<kw name="Log" owner="BuiltIn">
<msg time="2024-05-01T09:16:29.311559" level="INFO">{'gender': 'male', 'name': {'title': 'Mr', 'first': 'Carter', 'last': 'Macdonald'}, 'location': {'street': {'number': 4634, 'name': 'Richmond Ave'}, 'city': 'Vanier', 'state': 'Yukon', 'country': 'Canada', 'postcode': 'T0J 1T3', 'coordinates': {'latitude': '-68.7510', 'longitude': '-175.1860'}, 'timezone': {'offset': '+4:00', 'description': 'Abu Dhabi, Muscat, Baku, Tbilisi'}}, 'email': 'carter.macdonald@example.com', 'login': {'uuid': '3997ceeb-16ea-4dec-a313-fb125184eb84', 'username': 'beautifulduck945', 'password': 'camper', 'salt': 'hA3M26YO', 'md5': '0f37180343b820a4ab7a445b515ff470', 'sha1': '789c7ba1d97c04f3c397b5724f31d3a528e0c5f7', 'sha256': 'dd6ac0ee20e3cbdd95ee980a22f5d6a02904cf2f3d80a4bf9b5781c1215bc11e'}, 'dob': {'date': '1984-07-01T17:00:01.145Z', 'age': 39}, 'registered': {'date': '2003-07-09T07:59:38.388Z', 'age': 20}, 'phone': 'J05 G87-5297', 'cell': 'P36 J23-7634', 'id': {'name': 'SIN', 'value': '522679695'}, 'picture': {'large': 'https://randomuser.me/api/portraits/men/16.jpg', 'medium': 'https://randomuser.me/api/portraits/med/men/16.jpg', 'thumbnail': 'https://randomuser.me/api/portraits/thumb/men/16.jpg'}, 'nat': 'CA'}</msg>
<arg>${json_data['results'][0]}</arg>
<doc>Logs the given message with the given level.</doc>
<status status="PASS" start="2024-05-01T09:16:29.311187" elapsed="0.000419"/>
</kw>
<kw name="Log" owner="BuiltIn">
<msg time="2024-05-01T09:16:29.312035" level="INFO">login</msg>
<arg>${key}</arg>
<doc>Logs the given message with the given level.</doc>
<status status="PASS" start="2024-05-01T09:16:29.311904" elapsed="0.000169"/>
</kw>
<var name="${key}">login</var>
<status status="PASS" start="2024-05-01T09:16:29.310342" elapsed="0.001969"/>
</iter>
<var>${key}</var>
<value>@{expected_keys}</value>
<status status="PASS" start="2024-05-01T09:16:29.301464" elapsed="0.010976"/>
</for>
<kw name="Create List" owner="BuiltIn">
<msg time="2024-05-01T09:16:29.312779" level="INFO">${expected_keysTwo} = ['username', 'password']</msg>
<var>${expected_keysTwo}</var>
<arg>username</arg>
<arg>password</arg>
<doc>Returns a list containing given items.</doc>
<status status="PASS" start="2024-05-01T09:16:29.312640" elapsed="0.000162"/>
</kw>
<for flavor="IN">
<iter>
<kw name="Dictionary Should Contain Key" owner="Collections">
<msg time="2024-05-01T09:16:29.313697" level="INFO">False</msg>
<arg>${json_data['results'][0]['login']}</arg>
<arg>${keyTwo}</arg>
<doc>Fails if ``key`` is not found from ``dictionary``.</doc>
<status status="PASS" start="2024-05-01T09:16:29.313304" elapsed="0.000431"/>
</kw>
<kw name="Dictionary Should Contain Key" owner="Collections">
<msg time="2024-05-01T09:16:29.314416" level="INFO">False</msg>
<arg>${json_data['results'][0]['login']}</arg>
<arg>${keyTwo}</arg>
<doc>Fails if ``key`` is not found from ``dictionary``.</doc>
<status status="PASS" start="2024-05-01T09:16:29.314035" elapsed="0.000421"/>
</kw>
<kw name="Log" owner="BuiltIn">
<msg time="2024-05-01T09:16:29.314908" level="INFO">username</msg>
<arg>${keyTwo}</arg>
<doc>Logs the given message with the given level.</doc>
<status status="PASS" start="2024-05-01T09:16:29.314756" elapsed="0.000203"/>
</kw>
<var name="${keyTwo}">username</var>
<status status="PASS" start="2024-05-01T09:16:29.313195" elapsed="0.001980"/>
</iter>
<iter>
<kw name="Dictionary Should Contain Key" owner="Collections">
<msg time="2024-05-01T09:16:29.315839" level="INFO">False</msg>
<arg>${json_data['results'][0]['login']}</arg>
<arg>${keyTwo}</arg>
<doc>Fails if ``key`` is not found from ``dictionary``.</doc>
<status status="PASS" start="2024-05-01T09:16:29.315453" elapsed="0.000426"/>
</kw>
<kw name="Dictionary Should Contain Key" owner="Collections">
<msg time="2024-05-01T09:16:29.316648" level="INFO">False</msg>
<arg>${json_data['results'][0]['login']}</arg>
<arg>${keyTwo}</arg>
<doc>Fails if ``key`` is not found from ``dictionary``.</doc>
<status status="PASS" start="2024-05-01T09:16:29.316173" elapsed="0.000514"/>
</kw>
<kw name="Log" owner="BuiltIn">
<msg time="2024-05-01T09:16:29.317109" level="INFO">password</msg>
<arg>${keyTwo}</arg>
<doc>Logs the given message with the given level.</doc>
<status status="PASS" start="2024-05-01T09:16:29.316982" elapsed="0.000171"/>
</kw>
<var name="${keyTwo}">password</var>
<status status="PASS" start="2024-05-01T09:16:29.315345" elapsed="0.002026"/>
</iter>
<var>${keyTwo}</var>
<value>@{expected_keysTwo}</value>
<status status="PASS" start="2024-05-01T09:16:29.313041" elapsed="0.004453"/>
</for>
<status status="PASS" start="2024-05-01T09:16:29.183413" elapsed="0.134225"/>
</kw>
<doc>Testa a estrutura da resposta da API.</doc>
<tag>testeEstruturaResposta</tag>
<status status="PASS" start="2024-05-01T09:16:29.182869" elapsed="0.134933"/>
</test>
<test id="s1-s1-t4" name="Validar tipos de dados" line="28">
<kw name="Teste de Tipos de Dados" owner="random-user-service">
<kw name="GET On Session" owner="RequestsLibrary">
<msg time="2024-05-01T09:16:29.384986" level="INFO">GET Request : url=https://randomuser.me/api 
 path_url=/api 
 headers={'User-Agent': 'python-requests/2.31.0', 'Accept-Encoding': 'gzip, deflate', 'Accept': '*/*', 'Connection': 'keep-alive'} 
 body=None 
 </msg>
<msg time="2024-05-01T09:16:29.385070" level="INFO">GET Response : url=https://randomuser.me/api 
 status=200, reason=OK 
 headers={'Date': 'Wed, 01 May 2024 09:16:29 GMT', 'Content-Type': 'application/json; charset=utf-8', 'Transfer-Encoding': 'chunked', 'Connection': 'keep-alive', 'X-Powered-By': 'Express', 'Access-Control-Allow-Origin': '*', 'Cache-Control': 'no-cache', 'ETag': 'W/"4b5-mUlke9n5lAcsuiCuBPn/Emc+chk"', 'Vary': 'Accept-Encoding', 'Content-Encoding': 'gzip', 'CF-Cache-Status': 'DYNAMIC', 'Report-To': '{"endpoints":[{"url":"https:\\/\\/a.nel.cloudflare.com\\/report\\/v4?s=Cyr09IWElgf8QASDlFF6lMmp6veA%2B5XN%2BRCYdmLS6DKWotBAiM%2FmN2lvh8Q8kKJeuow3FhIU5SUs0XkFY3v9IGWUI%2BSVAoACGOKKMxTPS2Z9pIyRz0wr4cxIppQ1pdHe"}],"group":"cf-nel","max_age":604800}', 'NEL': '{"success_fraction":0,"report_to":"cf-nel","max_age":604800}', 'Server': 'cloudflare', 'CF-RAY': '87ceac4b491586d5-ORD', 'alt-svc': 'h3=":443"; ma=86400'} 
 body={"results":[{"gender":"female","name":{"title":"Mrs","first":"Michelle","last":"Grant"},"location":{"street":{"number":4660,"name":"Windsor Road"},"city":"Glasgow","state":"Isle of Wight","country":"United Kingdom","postcode":"W71 5EF","coordinates":{"latitude":"-6.8684","longitude":"82.1322"},"timezone":{"offset":"0:00","description":"Western Europe Time, London, Lisbon, Casablanca"}},"email":"michelle.grant@example.com","login":{"uuid":"b5677f58-704f-4ae7-a511-52ecb1556088","username":"beautifulgoose222","password":"active","salt":"ap7N3DNv","md5":"b6ce5b16e8753ba1986c37885ea8b25a","sha1":"ec56305d8941b5871e80afff7cbf835ed6e993c1","sha256":"c96c3e501ebb1a61afc9ad6ce69a269f5eea38c6bddca02904e92d259c46bc48"},"dob":{"date":"1995-09-06T22:20:29.263Z","age":28},"registered":{"date":"2017-10-27T22:30:50.228Z","age":6},"phone":"015394 87375","cell":"07570 621014","id":{"name":"NINO","value":"BL 00 48 20 B"},"picture":{"large":"https://randomuser.me/api/portraits/women/71.jpg","medium":"https://randomuser.me/api/portraits/med/women/71.jpg","thumbnail":"https://randomuser.me/api/portraits/thumb/women/71.jpg"},"nat":"GB"}],"info":{"seed":"d02b1a38cedf75dd","results":1,"page":1,"version":"1.4"}} 
 </msg>
<msg time="2024-05-01T09:16:29.385145" level="INFO">/opt/hostedtoolcache/Python/3.12.3/x64/lib/python3.12/site-packages/urllib3/connectionpool.py:1103: InsecureRequestWarning: Unverified HTTPS request is being made to host 'randomuser.me'. Adding certificate verification is strongly advised. See: https://urllib3.readthedocs.io/en/latest/advanced-usage.html#tls-warnings
  warnings.warn(</msg>
<msg time="2024-05-01T09:16:29.385255" level="INFO">${response} = &lt;Response [200]&gt;</msg>
<var>${response}</var>
<arg>consultarAPI</arg>
<arg>/api</arg>
<doc>Sends a GET request on a previously created HTTP Session.</doc>
<status status="PASS" start="2024-05-01T09:16:29.320375" elapsed="0.064914"/>
</kw>
<kw name="Set Variable" owner="BuiltIn">
<msg time="2024-05-01T09:16:29.386175" level="INFO">${json_data} = {'results': [{'gender': 'female', 'name': {'title': 'Mrs', 'first': 'Michelle', 'last': 'Grant'}, 'location': {'street': {'number': 4660, 'name': 'Windsor Road'}, 'city': 'Glasgow', 'state': 'Isle of ...</msg>
<var>${json_data}</var>
<arg>${response.json()}</arg>
<doc>Returns the given values which can then be assigned to a variables.</doc>
<status status="PASS" start="2024-05-01T09:16:29.385706" elapsed="0.000498"/>
</kw>
<kw name="Log" owner="BuiltIn">
<msg time="2024-05-01T09:16:29.386667" level="INFO">{'results': [{'gender': 'female', 'name': {'title': 'Mrs', 'first': 'Michelle', 'last': 'Grant'}, 'location': {'street': {'number': 4660, 'name': 'Windsor Road'}, 'city': 'Glasgow', 'state': 'Isle of Wight', 'country': 'United Kingdom', 'postcode': 'W71 5EF', 'coordinates': {'latitude': '-6.8684', 'longitude': '82.1322'}, 'timezone': {'offset': '0:00', 'description': 'Western Europe Time, London, Lisbon, Casablanca'}}, 'email': 'michelle.grant@example.com', 'login': {'uuid': 'b5677f58-704f-4ae7-a511-52ecb1556088', 'username': 'beautifulgoose222', 'password': 'active', 'salt': 'ap7N3DNv', 'md5': 'b6ce5b16e8753ba1986c37885ea8b25a', 'sha1': 'ec56305d8941b5871e80afff7cbf835ed6e993c1', 'sha256': 'c96c3e501ebb1a61afc9ad6ce69a269f5eea38c6bddca02904e92d259c46bc48'}, 'dob': {'date': '1995-09-06T22:20:29.263Z', 'age': 28}, 'registered': {'date': '2017-10-27T22:30:50.228Z', 'age': 6}, 'phone': '015394 87375', 'cell': '07570 621014', 'id': {'name': 'NINO', 'value': 'BL 00 48 20 B'}, 'picture': {'large': 'https://randomuser.me/api/portraits/women/71.jpg', 'medium': 'https://randomuser.me/api/portraits/med/women/71.jpg', 'thumbnail': 'https://randomuser.me/api/portraits/thumb/women/71.jpg'}, 'nat': 'GB'}], 'info': {'seed': 'd02b1a38cedf75dd', 'results': 1, 'page': 1, 'version': '1.4'}}</msg>
<arg>${json_data}</arg>
<doc>Logs the given message with the given level.</doc>
<status status="PASS" start="2024-05-01T09:16:29.386514" elapsed="0.000235"/>
</kw>
<kw name="Should Be String" owner="String">
<arg>${json_data['results'][0]['gender']}</arg>
<doc>Fails if the given ``item`` is not a string.</doc>
<status status="PASS" start="2024-05-01T09:16:29.387093" elapsed="0.000372"/>
</kw>
<kw name="Should Match Regexp" owner="BuiltIn">
<arg>${json_data['results'][0]['email']}</arg>
<arg>^[a-zA-Z0-9._%+-]+@[a-zA-Z0-9.-]+\.[a-zA-Z]{2,}$</arg>
<doc>Fails if ``string`` does not match ``pattern`` as a regular expression.</doc>
<status status="PASS" start="2024-05-01T09:16:29.387658" elapsed="0.000515"/>
</kw>
<kw name="Should Match Regexp" owner="BuiltIn">
<arg>${json_data['results'][0]['dob']['date']}</arg>
<arg>\\d{4}-\\d{2}-\\d{2}T\\d{2}:\\d{2}:\\d{2}\\.\\d{3}Z</arg>
<doc>Fails if ``string`` does not match ``pattern`` as a regular expression.</doc>
<status status="PASS" start="2024-05-01T09:16:29.388367" elapsed="0.000498"/>
</kw>
<kw name="Should Match Regexp" owner="BuiltIn">
<arg>${json_data['results'][0]['registered']['date']}</arg>
<arg>\\d{4}-\\d{2}-\\d{2}T\\d{2}:\\d{2}:\\d{2}\\.\\d{3}Z</arg>
<doc>Fails if ``string`` does not match ``pattern`` as a regular expression.</doc>
<status status="PASS" start="2024-05-01T09:16:29.389058" elapsed="0.000367"/>
</kw>
<kw name="Should Match Regexp" owner="BuiltIn">
<arg>${json_data['results'][0]['picture']['large']}</arg>
<arg>^https?://.*\.(?:png|jpe?g|gif|bmp)$</arg>
<doc>Fails if ``string`` does not match ``pattern`` as a regular expression.</doc>
<status status="PASS" start="2024-05-01T09:16:29.389612" elapsed="0.000464"/>
</kw>
<kw name="Should Match Regexp" owner="BuiltIn">
<arg>${json_data['results'][0]['picture']['medium']}</arg>
<arg>^https?://.*\.(?:png|jpe?g|gif|bmp)$</arg>
<doc>Fails if ``string`` does not match ``pattern`` as a regular expression.</doc>
<status status="PASS" start="2024-05-01T09:16:29.390263" elapsed="0.000357"/>
</kw>
<kw name="Should Match Regexp" owner="BuiltIn">
<arg>${json_data['results'][0]['picture']['thumbnail']}</arg>
<arg>^https?://.*\.(?:png|jpe?g|gif|bmp)$</arg>
<doc>Fails if ``string`` does not match ``pattern`` as a regular expression.</doc>
<status status="PASS" start="2024-05-01T09:16:29.390838" elapsed="0.000368"/>
</kw>
<kw name="Log" owner="BuiltIn">
<msg time="2024-05-01T09:16:29.391725" level="INFO">{'large': 'https://randomuser.me/api/portraits/women/71.jpg', 'medium': 'https://randomuser.me/api/portraits/med/women/71.jpg', 'thumbnail': 'https://randomuser.me/api/portraits/thumb/women/71.jpg'}</msg>
<arg>${json_data['results'][0]['picture']}</arg>
<doc>Logs the given message with the given level.</doc>
<status status="PASS" start="2024-05-01T09:16:29.391389" elapsed="0.000377"/>
</kw>
<status status="PASS" start="2024-05-01T09:16:29.320144" elapsed="0.071877"/>
</kw>
<kw name="Teste de Tipos de Dados - Postcode" owner="random-user-service">
<kw name="GET On Session" owner="RequestsLibrary">
<msg time="2024-05-01T09:16:29.487276" level="INFO">GET Request : url=https://randomuser.me/api 
 path_url=/api 
 headers={'User-Agent': 'python-requests/2.31.0', 'Accept-Encoding': 'gzip, deflate', 'Accept': '*/*', 'Connection': 'keep-alive'} 
 body=None 
 </msg>
<msg time="2024-05-01T09:16:29.487362" level="INFO">GET Response : url=https://randomuser.me/api 
 status=200, reason=OK 
 headers={'Date': 'Wed, 01 May 2024 09:16:29 GMT', 'Content-Type': 'application/json; charset=utf-8', 'Transfer-Encoding': 'chunked', 'Connection': 'keep-alive', 'X-Powered-By': 'Express', 'Access-Control-Allow-Origin': '*', 'Cache-Control': 'no-cache', 'ETag': 'W/"4a5-IWMyq/PTqOVlxRP7UQ761KJ1kOg"', 'Vary': 'Accept-Encoding', 'Content-Encoding': 'gzip', 'CF-Cache-Status': 'DYNAMIC', 'Report-To': '{"endpoints":[{"url":"https:\\/\\/a.nel.cloudflare.com\\/report\\/v4?s=aQb%2BJA%2FSifogLlPqC1NoJCZPe3mnE4L8NwjQRp88%2BP0OKOsWush1ZP2QHRVpsd9NLAtAj4ucPoRA5cDPhfA1jDwRLMsT2RUpX6dH08AEEKfgaKUa8KkSN%2Bbkd1PMtxU2"}],"group":"cf-nel","max_age":604800}', 'NEL': '{"success_fraction":0,"report_to":"cf-nel","max_age":604800}', 'Server': 'cloudflare', 'CF-RAY': '87ceac4bb97086d5-ORD', 'alt-svc': 'h3=":443"; ma=86400'} 
 body={"results":[{"gender":"female","name":{"title":"Miss","first":"Gloria","last":"Pulido"},"location":{"street":{"number":3067,"name":"Calzada Sur Alva"},"city":"Flamboyanes","state":"Oaxaca","country":"Mexico","postcode":96759,"coordinates":{"latitude":"26.1825","longitude":"120.0853"},"timezone":{"offset":"-4:00","description":"Atlantic Time (Canada), Caracas, La Paz"}},"email":"gloria.pulido@example.com","login":{"uuid":"6b044449-f1c5-45e9-a82e-88ade57e6233","username":"tinyleopard598","password":"boxcar","salt":"hXtt6MiG","md5":"bbf85443fad640866bbf5aed88a92bf3","sha1":"d23f869115a8dc06a612cb647b253cf6aec09f7e","sha256":"e037237a13f958a4e8086cb16d2fa141aa99cad5010a6ddc3b0326523d92676c"},"dob":{"date":"1983-06-21T16:11:17.570Z","age":40},"registered":{"date":"2019-05-07T21:35:35.414Z","age":4},"phone":"(634) 941 2291","cell":"(638) 169 0566","id":{"name":"NSS","value":"73 91 19 4784 3"},"picture":{"large":"https://randomuser.me/api/portraits/women/86.jpg","medium":"https://randomuser.me/api/portraits/med/women/86.jpg","thumbnail":"https://randomuser.me/api/portraits/thumb/women/86.jpg"},"nat":"MX"}],"info":{"seed":"c4e2d549f37cda96","results":1,"page":1,"version":"1.4"}} 
 </msg>
<msg time="2024-05-01T09:16:29.487437" level="INFO">/opt/hostedtoolcache/Python/3.12.3/x64/lib/python3.12/site-packages/urllib3/connectionpool.py:1103: InsecureRequestWarning: Unverified HTTPS request is being made to host 'randomuser.me'. Adding certificate verification is strongly advised. See: https://urllib3.readthedocs.io/en/latest/advanced-usage.html#tls-warnings
  warnings.warn(</msg>
<msg time="2024-05-01T09:16:29.487537" level="INFO">${response} = &lt;Response [200]&gt;</msg>
<var>${response}</var>
<arg>consultarAPI</arg>
<arg>/api</arg>
<doc>Sends a GET request on a previously created HTTP Session.</doc>
<status status="PASS" start="2024-05-01T09:16:29.392474" elapsed="0.095100"/>
</kw>
<kw name="Set Variable" owner="BuiltIn">
<msg time="2024-05-01T09:16:29.488495" level="INFO">${json_data} = {'results': [{'gender': 'female', 'name': {'title': 'Miss', 'first': 'Gloria', 'last': 'Pulido'}, 'location': {'street': {'number': 3067, 'name': 'Calzada Sur Alva'}, 'city': 'Flamboyanes', 'state': '...</msg>
<var>${json_data}</var>
<arg>${response.json()}</arg>
<doc>Returns the given values which can then be assigned to a variables.</doc>
<status status="PASS" start="2024-05-01T09:16:29.488013" elapsed="0.000510"/>
</kw>
<kw name="Log" owner="BuiltIn">
<msg time="2024-05-01T09:16:29.488971" level="INFO">{'results': [{'gender': 'female', 'name': {'title': 'Miss', 'first': 'Gloria', 'last': 'Pulido'}, 'location': {'street': {'number': 3067, 'name': 'Calzada Sur Alva'}, 'city': 'Flamboyanes', 'state': 'Oaxaca', 'country': 'Mexico', 'postcode': 96759, 'coordinates': {'latitude': '26.1825', 'longitude': '120.0853'}, 'timezone': {'offset': '-4:00', 'description': 'Atlantic Time (Canada), Caracas, La Paz'}}, 'email': 'gloria.pulido@example.com', 'login': {'uuid': '6b044449-f1c5-45e9-a82e-88ade57e6233', 'username': 'tinyleopard598', 'password': 'boxcar', 'salt': 'hXtt6MiG', 'md5': 'bbf85443fad640866bbf5aed88a92bf3', 'sha1': 'd23f869115a8dc06a612cb647b253cf6aec09f7e', 'sha256': 'e037237a13f958a4e8086cb16d2fa141aa99cad5010a6ddc3b0326523d92676c'}, 'dob': {'date': '1983-06-21T16:11:17.570Z', 'age': 40}, 'registered': {'date': '2019-05-07T21:35:35.414Z', 'age': 4}, 'phone': '(634) 941 2291', 'cell': '(638) 169 0566', 'id': {'name': 'NSS', 'value': '73 91 19 4784 3'}, 'picture': {'large': 'https://randomuser.me/api/portraits/women/86.jpg', 'medium': 'https://randomuser.me/api/portraits/med/women/86.jpg', 'thumbnail': 'https://randomuser.me/api/portraits/thumb/women/86.jpg'}, 'nat': 'MX'}], 'info': {'seed': 'c4e2d549f37cda96', 'results': 1, 'page': 1, 'version': '1.4'}}</msg>
<arg>${json_data}</arg>
<doc>Logs the given message with the given level.</doc>
<status status="PASS" start="2024-05-01T09:16:29.488819" elapsed="0.000230"/>
</kw>
<kw name="Should Be Equal As Numbers" owner="BuiltIn">
<arg>${json_data['results'][0]['location']['postcode']}</arg>
<arg>${json_data['results'][0]['location']['postcode']}</arg>
<doc>Fails if objects are unequal after converting them to real numbers.</doc>
<status status="PASS" start="2024-05-01T09:16:29.489345" elapsed="0.000773"/>
</kw>
<kw name="Log" owner="BuiltIn">
<msg time="2024-05-01T09:16:29.490645" level="INFO">96759</msg>
<arg>${json_data['results'][0]['location']['postcode']}</arg>
<doc>Logs the given message with the given level.</doc>
<status status="PASS" start="2024-05-01T09:16:29.490309" elapsed="0.000375"/>
</kw>
<status status="PASS" start="2024-05-01T09:16:29.392246" elapsed="0.098727"/>
</kw>
<doc>Testa se os tipos de dados na resposta da API estão corretos.</doc>
<tag>testeTiposDados</tag>
<status status="PASS" start="2024-05-01T09:16:29.319667" elapsed="0.171475"/>
</test>
<test id="s1-s1-t5" name="Validar conteudo" line="35">
<kw name="Teste de Tipos de Conteudo" owner="random-user-service">
<kw name="GET On Session" owner="RequestsLibrary">
<msg time="2024-05-01T09:16:29.588103" level="INFO">GET Request : url=https://randomuser.me/api 
 path_url=/api 
 headers={'User-Agent': 'python-requests/2.31.0', 'Accept-Encoding': 'gzip, deflate', 'Accept': '*/*', 'Connection': 'keep-alive'} 
 body=None 
 </msg>
<msg time="2024-05-01T09:16:29.588196" level="INFO">GET Response : url=https://randomuser.me/api 
 status=200, reason=OK 
 headers={'Date': 'Wed, 01 May 2024 09:16:29 GMT', 'Content-Type': 'application/json; charset=utf-8', 'Transfer-Encoding': 'chunked', 'Connection': 'keep-alive', 'X-Powered-By': 'Express', 'Access-Control-Allow-Origin': '*', 'Cache-Control': 'no-cache', 'ETag': 'W/"4a0-ndUWtZCRMUzppNtNVGb/adsNaEE"', 'Vary': 'Accept-Encoding', 'Content-Encoding': 'gzip', 'CF-Cache-Status': 'DYNAMIC', 'Report-To': '{"endpoints":[{"url":"https:\\/\\/a.nel.cloudflare.com\\/report\\/v4?s=eFN9eoJij%2Be5hYyvVDElU1ibXYG0XC8bx1zFKsR9gOm8RX1xxYiGkSiL5TcJOnM2eP%2FkaKpwfMMvrZqm8EEtBKEdkD74nadoyqZttIfytORPZ7zkt5C73UugpniTrWf%2F"}],"group":"cf-nel","max_age":604800}', 'NEL': '{"success_fraction":0,"report_to":"cf-nel","max_age":604800}', 'Server': 'cloudflare', 'CF-RAY': '87ceac4c59e686d5-ORD', 'alt-svc': 'h3=":443"; ma=86400'} 
 body={"results":[{"gender":"female","name":{"title":"Ms","first":"Cameron","last":"Ariaans"},"location":{"street":{"number":9954,"name":"Deenseweg"},"city":"Putte","state":"Groningen","country":"Netherlands","postcode":"3861 TY","coordinates":{"latitude":"35.6696","longitude":"55.6770"},"timezone":{"offset":"+5:00","description":"Ekaterinburg, Islamabad, Karachi, Tashkent"}},"email":"cameron.ariaans@example.com","login":{"uuid":"20bbf6b5-fba4-4671-8271-8b1eac50abb9","username":"bigleopard751","password":"jeanette","salt":"SOsBDfFh","md5":"33ae965b5d2bca12d7c5104c0376c92c","sha1":"adc21903cec62d064e1a4a8918353e1b006d378a","sha256":"2f6a4f90354b02f12e1ae81696262c6356520a9a2c82a54fe547ed680b67e70c"},"dob":{"date":"1950-02-16T23:48:25.442Z","age":74},"registered":{"date":"2020-12-12T20:15:38.025Z","age":3},"phone":"(0629) 429217","cell":"(06) 51480324","id":{"name":"BSN","value":"38180813"},"picture":{"large":"https://randomuser.me/api/portraits/women/61.jpg","medium":"https://randomuser.me/api/portraits/med/women/61.jpg","thumbnail":"https://randomuser.me/api/portraits/thumb/women/61.jpg"},"nat":"NL"}],"info":{"seed":"d1f30f2ac719b733","results":1,"page":1,"version":"1.4"}} 
 </msg>
<msg time="2024-05-01T09:16:29.588273" level="INFO">/opt/hostedtoolcache/Python/3.12.3/x64/lib/python3.12/site-packages/urllib3/connectionpool.py:1103: InsecureRequestWarning: Unverified HTTPS request is being made to host 'randomuser.me'. Adding certificate verification is strongly advised. See: https://urllib3.readthedocs.io/en/latest/advanced-usage.html#tls-warnings
  warnings.warn(</msg>
<msg time="2024-05-01T09:16:29.588392" level="INFO">${response} = &lt;Response [200]&gt;</msg>
<var>${response}</var>
<arg>consultarAPI</arg>
<arg>/api</arg>
<doc>Sends a GET request on a previously created HTTP Session.</doc>
<status status="PASS" start="2024-05-01T09:16:29.493644" elapsed="0.094784"/>
</kw>
<kw name="Set Variable" owner="BuiltIn">
<msg time="2024-05-01T09:16:29.589435" level="INFO">${json_data} = {'results': [{'gender': 'female', 'name': {'title': 'Ms', 'first': 'Cameron', 'last': 'Ariaans'}, 'location': {'street': {'number': 9954, 'name': 'Deenseweg'}, 'city': 'Putte', 'state': 'Groningen', '...</msg>
<var>${json_data}</var>
<arg>${response.json()}</arg>
<doc>Returns the given values which can then be assigned to a variables.</doc>
<status status="PASS" start="2024-05-01T09:16:29.588954" elapsed="0.000509"/>
</kw>
<kw name="Set Variable" owner="BuiltIn">
<msg time="2024-05-01T09:16:29.590144" level="INFO">${name_title} = Ms</msg>
<var>${name_title}</var>
<arg>${json_data["results"][0]["name"]["title"]}</arg>
<doc>Returns the given values which can then be assigned to a variables.</doc>
<status status="PASS" start="2024-05-01T09:16:29.589762" elapsed="0.000407"/>
</kw>
<kw name="Create List" owner="BuiltIn">
<msg time="2024-05-01T09:16:29.590612" level="INFO">${allowed_titles} = ['Mr', 'Ms', 'Miss', 'Mrs', 'Madame', 'Monsieur']</msg>
<var>${allowed_titles}</var>
<arg>Mr</arg>
<arg>Ms</arg>
<arg>Miss</arg>
<arg>Mrs</arg>
<arg>Madame</arg>
<arg>Monsieur</arg>
<doc>Returns a list containing given items.</doc>
<status status="PASS" start="2024-05-01T09:16:29.590465" elapsed="0.000172"/>
</kw>
<kw name="List Should Contain Value" owner="Collections">
<msg time="2024-05-01T09:16:29.591149" level="INFO">False</msg>
<arg>${allowed_titles}</arg>
<arg>${name_title}</arg>
<doc>Fails if the ``value`` is not found from ``list``.</doc>
<status status="PASS" start="2024-05-01T09:16:29.590973" elapsed="0.000212"/>
</kw>
<kw name="Set Variable" owner="BuiltIn">
<msg time="2024-05-01T09:16:29.591860" level="INFO">${name_country} = NL</msg>
<var>${name_country}</var>
<arg>${json_data["results"][0]["nat"]}</arg>
<doc>Returns the given values which can then be assigned to a variables.</doc>
<status status="PASS" start="2024-05-01T09:16:29.591478" elapsed="0.000407"/>
</kw>
<kw name="Create List" owner="BuiltIn">
<msg time="2024-05-01T09:16:29.592764" level="INFO">${list_country} = ['AD', 'AE', 'AF', 'AG', 'AI', 'AL', 'AM', 'AO', 'AQ', 'AR', 'AS', 'AT', 'AU', 'AW', 'AX', 'AZ', 'BA', 'BB', 'BD', 'BE', 'BF', 'BG', 'BH', 'BI', 'BJ', 'BL', 'BM', 'BN', 'BO', 'BQ', 'BR', 'BS', 'BT', '...</msg>
<var>${list_country}</var>
<arg>AD</arg>
<arg>AE</arg>
<arg>AF</arg>
<arg>AG</arg>
<arg>AI</arg>
<arg>AL</arg>
<arg>AM</arg>
<arg>AO</arg>
<arg>AQ</arg>
<arg>AR</arg>
<arg>AS</arg>
<arg>AT</arg>
<arg>AU</arg>
<arg>AW</arg>
<arg>AX</arg>
<arg>AZ</arg>
<arg>BA</arg>
<arg>BB</arg>
<arg>BD</arg>
<arg>BE</arg>
<arg>BF</arg>
<arg>BG</arg>
<arg>BH</arg>
<arg>BI</arg>
<arg>BJ</arg>
<arg>BL</arg>
<arg>BM</arg>
<arg>BN</arg>
<arg>BO</arg>
<arg>BQ</arg>
<arg>BR</arg>
<arg>BS</arg>
<arg>BT</arg>
<arg>BV</arg>
<arg>BW</arg>
<arg>BY</arg>
<arg>BZ</arg>
<arg>CA</arg>
<arg>CC</arg>
<arg>CD</arg>
<arg>CF</arg>
<arg>CG</arg>
<arg>CH</arg>
<arg>CI</arg>
<arg>CK</arg>
<arg>CL</arg>
<arg>CM</arg>
<arg>CN</arg>
<arg>CO</arg>
<arg>CR</arg>
<arg>CU</arg>
<arg>CV</arg>
<arg>CW</arg>
<arg>CX</arg>
<arg>CY</arg>
<arg>CZ</arg>
<arg>DE</arg>
<arg>DJ</arg>
<arg>DK</arg>
<arg>DM</arg>
<arg>DO</arg>
<arg>DZ</arg>
<arg>EC</arg>
<arg>EE</arg>
<arg>EG</arg>
<arg>EH</arg>
<arg>ER</arg>
<arg>ES</arg>
<arg>ET</arg>
<arg>FI</arg>
<arg>FJ</arg>
<arg>FK</arg>
<arg>FM</arg>
<arg>FO</arg>
<arg>FR</arg>
<arg>GA</arg>
<arg>GB</arg>
<arg>GD</arg>
<arg>GE</arg>
<arg>GF</arg>
<arg>GG</arg>
<arg>GH</arg>
<arg>GI</arg>
<arg>GL</arg>
<arg>GM</arg>
<arg>GN</arg>
<arg>GP</arg>
<arg>GQ</arg>
<arg>GR</arg>
<arg>GS</arg>
<arg>GT</arg>
<arg>GU</arg>
<arg>GW</arg>
<arg>GY</arg>
<arg>HK</arg>
<arg>HM</arg>
<arg>HN</arg>
<arg>HR</arg>
<arg>HT</arg>
<arg>HU</arg>
<arg>ID</arg>
<arg>IE</arg>
<arg>IL</arg>
<arg>IM</arg>
<arg>IN</arg>
<arg>IO</arg>
<arg>IQ</arg>
<arg>IR</arg>
<arg>IS</arg>
<arg>IT</arg>
<arg>JE</arg>
<arg>JM</arg>
<arg>JO</arg>
<arg>JP</arg>
<arg>KE</arg>
<arg>KG</arg>
<arg>KH</arg>
<arg>KI</arg>
<arg>KM</arg>
<arg>KN</arg>
<arg>KP</arg>
<arg>KR</arg>
<arg>KW</arg>
<arg>KY</arg>
<arg>KZ</arg>
<arg>LA</arg>
<arg>LB</arg>
<arg>LC</arg>
<arg>LI</arg>
<arg>LK</arg>
<arg>LR</arg>
<arg>LS</arg>
<arg>LT</arg>
<arg>LU</arg>
<arg>LV</arg>
<arg>LY</arg>
<arg>MA</arg>
<arg>MC</arg>
<arg>MD</arg>
<arg>ME</arg>
<arg>MF</arg>
<arg>MG</arg>
<arg>MH</arg>
<arg>MK</arg>
<arg>ML</arg>
<arg>MM</arg>
<arg>MN</arg>
<arg>MO</arg>
<arg>MP</arg>
<arg>MQ</arg>
<arg>MR</arg>
<arg>MS</arg>
<arg>MT</arg>
<arg>MU</arg>
<arg>MV</arg>
<arg>MW</arg>
<arg>MX</arg>
<arg>MY</arg>
<arg>MZ</arg>
<arg>NA</arg>
<arg>NC</arg>
<arg>NE</arg>
<arg>NF</arg>
<arg>NG</arg>
<arg>NI</arg>
<arg>NL</arg>
<arg>NO</arg>
<arg>NP</arg>
<arg>NR</arg>
<arg>NU</arg>
<arg>NZ</arg>
<arg>OM</arg>
<arg>PA</arg>
<arg>PE</arg>
<arg>PF</arg>
<arg>PG</arg>
<arg>PH</arg>
<arg>PK</arg>
<arg>PL</arg>
<arg>PM</arg>
<arg>PN</arg>
<arg>PR</arg>
<arg>PS</arg>
<arg>PT</arg>
<arg>PW</arg>
<arg>PY</arg>
<arg>QA</arg>
<arg>RE</arg>
<arg>RO</arg>
<arg>RS</arg>
<arg>RU</arg>
<arg>RW</arg>
<arg>SA</arg>
<arg>SB</arg>
<arg>SC</arg>
<arg>SD</arg>
<arg>SE</arg>
<arg>SG</arg>
<arg>SH</arg>
<arg>SI</arg>
<arg>SJ</arg>
<arg>SK</arg>
<arg>SL</arg>
<arg>SM</arg>
<arg>SN</arg>
<arg>SO</arg>
<arg>SR</arg>
<arg>SS</arg>
<arg>ST</arg>
<arg>SV</arg>
<arg>SX</arg>
<arg>SY</arg>
<arg>SZ</arg>
<arg>TC</arg>
<arg>TD</arg>
<arg>TF</arg>
<arg>TG</arg>
<arg>TH</arg>
<arg>TJ</arg>
<arg>TK</arg>
<arg>TL</arg>
<arg>TM</arg>
<arg>TN</arg>
<arg>TO</arg>
<arg>TR</arg>
<arg>TT</arg>
<arg>TV</arg>
<arg>TW</arg>
<arg>TZ</arg>
<arg>UA</arg>
<arg>UG</arg>
<arg>UM</arg>
<arg>US</arg>
<arg>UY</arg>
<arg>UZ</arg>
<arg>VA</arg>
<arg>VC</arg>
<arg>VE</arg>
<arg>VG</arg>
<arg>VI</arg>
<arg>VN</arg>
<arg>VU</arg>
<arg>WF</arg>
<arg>WS</arg>
<arg>XK</arg>
<arg>YE</arg>
<arg>YT</arg>
<arg>ZA</arg>
<arg>ZM</arg>
<arg>ZW</arg>
<doc>Returns a list containing given items.</doc>
<status status="PASS" start="2024-05-01T09:16:29.592180" elapsed="0.000609"/>
</kw>
<kw name="List Should Contain Value" owner="Collections">
<msg time="2024-05-01T09:16:29.593785" level="INFO">False</msg>
<arg>${list_country}</arg>
<arg>${name_country}</arg>
<doc>Fails if the ``value`` is not found from ``list``.</doc>
<status status="PASS" start="2024-05-01T09:16:29.593584" elapsed="0.000236"/>
</kw>
<kw name="Run Keyword If" owner="BuiltIn">
<kw name="Should Be True" owner="BuiltIn">
<arg>${True}</arg>
<doc>Fails if the given condition is not true.</doc>
<status status="PASS" start="2024-05-01T09:16:29.594932" elapsed="0.000146"/>
</kw>
<arg>${json_data["results"][0]["location"]["coordinates"]["latitude"]} &gt;= -90 and ${json_data["results"][0]["location"]["coordinates"]["latitude"]} &lt;= 90</arg>
<arg>Should Be True</arg>
<arg>${True}</arg>
<doc>Runs the given keyword with the given arguments, if ``condition`` is true.</doc>
<status status="PASS" start="2024-05-01T09:16:29.594138" elapsed="0.001063"/>
</kw>
<kw name="Run Keyword If" owner="BuiltIn">
<kw name="Should Be True" owner="BuiltIn">
<arg>${True}</arg>
<doc>Fails if the given condition is not true.</doc>
<status status="PASS" start="2024-05-01T09:16:29.596078" elapsed="0.000247"/>
</kw>
<arg>${json_data["results"][0]["location"]["coordinates"]["longitude"]} &gt;= -180 and ${json_data["results"][0]["location"]["coordinates"]["longitude"]} &lt;= 180</arg>
<arg>Should Be True</arg>
<arg>${True}</arg>
<doc>Runs the given keyword with the given arguments, if ``condition`` is true.</doc>
<status status="PASS" start="2024-05-01T09:16:29.595381" elapsed="0.001075"/>
</kw>
<status status="PASS" start="2024-05-01T09:16:29.493418" elapsed="0.103171"/>
</kw>
<doc>Testa o conteúdo específico dos campos retornados pela API.</doc>
<tag>testeConteudo</tag>
<status status="PASS" start="2024-05-01T09:16:29.492887" elapsed="0.103850"/>
</test>
<status status="PASS" start="2024-05-01T09:16:28.639497" elapsed="0.959187"/>
</suite>
<status status="PASS" start="2024-05-01T09:16:28.625937" elapsed="0.977847"/>
</suite>
<statistics>
<total>
<stat pass="5" fail="0" skip="0">All Tests</stat>
</total>
<tag>
<stat pass="1" fail="0" skip="0">testeConteudo</stat>
<stat pass="1" fail="0" skip="0">testeEstruturaResposta</stat>
<stat pass="1" fail="0" skip="0">testeRequisicaoBasica</stat>
<stat pass="1" fail="0" skip="0">testeTiposDados</stat>
</tag>
<suite>
<stat pass="5" fail="0" skip="0" id="s1" name="Tests">Tests</stat>
<stat pass="5" fail="0" skip="0" id="s1-s1" name="Random-User-Test">Tests.Random-User-Test</stat>
</suite>
</statistics>
<errors>
</errors>
</robot>
