<?xml version="1.0" encoding="UTF-8"?>
<robot generator="Robot 7.0 (Python 3.12.2 on linux)" generated="2024-04-16T23:14:17.165832" rpa="false" schemaversion="5">
<suite id="s1" name="Tests" source="/home/runner/work/DesafioQAItauRogerioJordao/DesafioQAItauRogerioJordao/RamdonUser/tests">
<suite id="s1-s1" name="Random-User-Test" source="/home/runner/work/DesafioQAItauRogerioJordao/DesafioQAItauRogerioJordao/RamdonUser/tests/random-user-test.robot">
<test id="s1-s1-t1" name="Conectar" line="13">
<kw name="Conectar API" owner="random-user-service">
<kw name="Create Session" owner="RequestsLibrary">
<msg time="2024-04-16T23:14:17.553885" level="INFO">Creating Session using : alias=consultarAPI, url=https://randomuser.me/, headers={},                     cookies={}, auth=None, timeout=None, proxies=None, verify=False,                     debug=0 </msg>
<arg>consultarAPI</arg>
<arg>${URL}</arg>
<doc>Create Session: create a HTTP session to a server</doc>
<status status="PASS" start="2024-04-16T23:14:17.553675" elapsed="0.000412"/>
</kw>
<status status="PASS" start="2024-04-16T23:14:17.552640" elapsed="0.001818"/>
</kw>
<status status="PASS" start="2024-04-16T23:14:17.551916" elapsed="0.002748"/>
</test>
<test id="s1-s1-t2" name="Validar retorno 200 e JSON Válido" line="16">
<kw name="Teste de Requisicao Basica" owner="random-user-service">
<kw name="GET On Session" owner="RequestsLibrary">
<msg time="2024-04-16T23:14:17.785643" level="INFO">GET Request : url=https://randomuser.me/api 
 path_url=/api 
 headers={'User-Agent': 'python-requests/2.31.0', 'Accept-Encoding': 'gzip, deflate', 'Accept': '*/*', 'Connection': 'keep-alive'} 
 body=None 
 </msg>
<msg time="2024-04-16T23:14:17.785876" level="INFO">GET Response : url=https://randomuser.me/api 
 status=200, reason=OK 
 headers={'Date': 'Tue, 16 Apr 2024 23:14:17 GMT', 'Content-Type': 'application/json; charset=utf-8', 'Transfer-Encoding': 'chunked', 'Connection': 'keep-alive', 'X-Powered-By': 'Express', 'Access-Control-Allow-Origin': '*', 'Cache-Control': 'no-cache', 'ETag': 'W/"4a3-GVdjMYDO3ShiY8y1gTOQjej2xas"', 'Vary': 'Accept-Encoding', 'Content-Encoding': 'gzip', 'CF-Cache-Status': 'DYNAMIC', 'Report-To': '{"endpoints":[{"url":"https:\\/\\/a.nel.cloudflare.com\\/report\\/v4?s=j9JyHkeWU%2BbQ%2FclQORbbpWDGJUtoacTqSGQ6ckHw2zxG%2B2UKQ9%2B%2F60ehVw0e764ZFGYKr8wlXmgY1pnADtHHspZnil9EOWXh3OQlP4IJTtRrs21zSZ57VS34mmhEwdCd"}],"group":"cf-nel","max_age":604800}', 'NEL': '{"success_fraction":0,"report_to":"cf-nel","max_age":604800}', 'Server': 'cloudflare', 'CF-RAY': '8757deecee862c84-ORD', 'alt-svc': 'h3=":443"; ma=86400'} 
 body={"results":[{"gender":"female","name":{"title":"Ms","first":"Graciela","last":"Oliveira"},"location":{"street":{"number":6052,"name":"Travessa dos Açorianos"},"city":"Goiânia","state":"Rondônia","country":"Brazil","postcode":83761,"coordinates":{"latitude":"-78.1232","longitude":"156.6043"},"timezone":{"offset":"-7:00","description":"Mountain Time (US &amp; Canada)"}},"email":"graciela.oliveira@example.com","login":{"uuid":"6bd29f5d-d657-4e17-af44-19a50d61cf25","username":"crazybird615","password":"darrell","salt":"zvE4hDz8","md5":"4b0b4e74dab4210c1fa7f7b84e4163dc","sha1":"56014e3dbdc3116a8cccc147df761035c962d392","sha256":"a82b05442fe0bc996f95c534b2110cf2d3da6856d303203be2cb448d8b258b05"},"dob":{"date":"1981-10-23T01:53:19.124Z","age":42},"registered":{"date":"2009-10-04T08:45:26.992Z","age":14},"phone":"(84) 0791-3994","cell":"(35) 2308-8881","id":{"name":"CPF","value":"017.035.796-25"},"picture":{"large":"https://randomuser.me/api/portraits/women/0.jpg","medium":"https://randomuser.me/api/portraits/med/women/0.jpg","thumbnail":"https://randomuser.me/api/portraits/thumb/women/0.jpg"},"nat":"BR"}],"info":{"seed":"2a354e05c67ab3fc","results":1,"page":1,"version":"1.4"}} 
 </msg>
<msg time="2024-04-16T23:14:17.786022" level="INFO">/opt/hostedtoolcache/Python/3.12.2/x64/lib/python3.12/site-packages/urllib3/connectionpool.py:1103: InsecureRequestWarning: Unverified HTTPS request is being made to host 'randomuser.me'. Adding certificate verification is strongly advised. See: https://urllib3.readthedocs.io/en/latest/advanced-usage.html#tls-warnings
  warnings.warn(</msg>
<msg time="2024-04-16T23:14:17.786223" level="INFO">${response} = &lt;Response [200]&gt;</msg>
<var>${response}</var>
<arg>consultarAPI</arg>
<arg>/api</arg>
<doc>Sends a GET request on a previously created HTTP Session.</doc>
<status status="PASS" start="2024-04-16T23:14:17.557409" elapsed="0.228871"/>
</kw>
<kw name="Should Be Equal As Numbers" owner="BuiltIn">
<msg time="2024-04-16T23:14:17.787821" level="INFO">Argument types are:
&lt;class 'int'&gt;
&lt;class 'str'&gt;</msg>
<arg>${response.status_code}</arg>
<arg>200</arg>
<doc>Fails if objects are unequal after converting them to real numbers.</doc>
<status status="PASS" start="2024-04-16T23:14:17.787094" elapsed="0.000835"/>
</kw>
<kw name="Log" owner="BuiltIn">
<msg time="2024-04-16T23:14:17.789001" level="INFO">200</msg>
<arg>${response.status_code}</arg>
<doc>Logs the given message with the given level.</doc>
<status status="PASS" start="2024-04-16T23:14:17.788416" elapsed="0.000661"/>
</kw>
<kw name="Set Variable" owner="BuiltIn">
<msg time="2024-04-16T23:14:17.790273" level="INFO">${json_data} = {'results': [{'gender': 'female', 'name': {'title': 'Ms', 'first': 'Graciela', 'last': 'Oliveira'}, 'location': {'street': {'number': 6052, 'name': 'Travessa dos Açorianos'}, 'city': 'Goiânia', 'state...</msg>
<var>${json_data}</var>
<arg>${response.json()}</arg>
<doc>Returns the given values which can then be assigned to a variables.</doc>
<status status="PASS" start="2024-04-16T23:14:17.789560" elapsed="0.000760"/>
</kw>
<kw name="Dictionary Should Contain Key" owner="Collections">
<msg time="2024-04-16T23:14:17.791070" level="INFO">False</msg>
<arg>${json_data}</arg>
<arg>results</arg>
<doc>Fails if ``key`` is not found from ``dictionary``.</doc>
<status status="PASS" start="2024-04-16T23:14:17.790803" elapsed="0.000330"/>
</kw>
<status status="PASS" start="2024-04-16T23:14:17.557150" elapsed="0.234371"/>
</kw>
<doc>Testa se a API responde corretamente e retorna um objeto JSON válido.</doc>
<tag>testeRequisicaoBasica</tag>
<status status="PASS" start="2024-04-16T23:14:17.556605" elapsed="0.235256"/>
</test>
<test id="s1-s1-t3" name="Validar estrutura de resposta" line="22">
<kw name="Teste de Estrutura de Resposta" owner="random-user-service">
<kw name="GET On Session" owner="RequestsLibrary">
<msg time="2024-04-16T23:14:17.887311" level="INFO">GET Request : url=https://randomuser.me/api 
 path_url=/api 
 headers={'User-Agent': 'python-requests/2.31.0', 'Accept-Encoding': 'gzip, deflate', 'Accept': '*/*', 'Connection': 'keep-alive'} 
 body=None 
 </msg>
<msg time="2024-04-16T23:14:17.887437" level="INFO">GET Response : url=https://randomuser.me/api 
 status=200, reason=OK 
 headers={'Date': 'Tue, 16 Apr 2024 23:14:17 GMT', 'Content-Type': 'application/json; charset=utf-8', 'Transfer-Encoding': 'chunked', 'Connection': 'keep-alive', 'X-Powered-By': 'Express', 'Access-Control-Allow-Origin': '*', 'Cache-Control': 'no-cache', 'ETag': 'W/"493-xl7HA2XcRabhbr0Oo7QY8IXDfLA"', 'Vary': 'Accept-Encoding', 'Content-Encoding': 'gzip', 'CF-Cache-Status': 'DYNAMIC', 'Report-To': '{"endpoints":[{"url":"https:\\/\\/a.nel.cloudflare.com\\/report\\/v4?s=FJY2emTshy3CN36wJpncBViBaBK1k1VPRBfZ06KJg8zg45%2Bz4tyiMM8ro08YEb43C5Eui2g%2BGb%2FhfkdT09W%2FyCjvJIF6tougH19zaxm2g3zYPEJdW1f79MHgjl6Iu%2F4r"}],"group":"cf-nel","max_age":604800}', 'NEL': '{"success_fraction":0,"report_to":"cf-nel","max_age":604800}', 'Server': 'cloudflare', 'CF-RAY': '8757deed3ecb2c84-ORD', 'alt-svc': 'h3=":443"; ma=86400'} 
 body={"results":[{"gender":"male","name":{"title":"Mr","first":"Vladislav","last":"Teodosić"},"location":{"street":{"number":825,"name":"Slatinska"},"city":"Kula","state":"Kosovska Mitrovica","country":"Serbia","postcode":51970,"coordinates":{"latitude":"59.4190","longitude":"-102.8934"},"timezone":{"offset":"-7:00","description":"Mountain Time (US &amp; Canada)"}},"email":"vladislav.teodosic@example.com","login":{"uuid":"ed21c647-a969-4a5f-9e16-0d050dfaa832","username":"beautifulgoose151","password":"trapper","salt":"NJzJPw0u","md5":"44120fb22565fb8a5d6b3e0837f8dcee","sha1":"628d90b018ae6cb3e8881ecee03de7df82e0476d","sha256":"be0859828a6849570bbd4e28e57c586c54f7a801c6da8b687e3f371ea27c2a99"},"dob":{"date":"1994-04-09T23:37:29.944Z","age":30},"registered":{"date":"2003-01-05T11:53:56.089Z","age":21},"phone":"018-9665-210","cell":"062-1607-496","id":{"name":"SID","value":"449589130"},"picture":{"large":"https://randomuser.me/api/portraits/men/36.jpg","medium":"https://randomuser.me/api/portraits/med/men/36.jpg","thumbnail":"https://randomuser.me/api/portraits/thumb/men/36.jpg"},"nat":"RS"}],"info":{"seed":"92824a893b64d7ef","results":1,"page":1,"version":"1.4"}} 
 </msg>
<msg time="2024-04-16T23:14:17.887616" level="INFO">/opt/hostedtoolcache/Python/3.12.2/x64/lib/python3.12/site-packages/urllib3/connectionpool.py:1103: InsecureRequestWarning: Unverified HTTPS request is being made to host 'randomuser.me'. Adding certificate verification is strongly advised. See: https://urllib3.readthedocs.io/en/latest/advanced-usage.html#tls-warnings
  warnings.warn(</msg>
<msg time="2024-04-16T23:14:17.887804" level="INFO">${response} = &lt;Response [200]&gt;</msg>
<var>${response}</var>
<arg>consultarAPI</arg>
<arg>/api</arg>
<doc>Sends a GET request on a previously created HTTP Session.</doc>
<status status="PASS" start="2024-04-16T23:14:17.796404" elapsed="0.091443"/>
</kw>
<kw name="Set Variable" owner="BuiltIn">
<msg time="2024-04-16T23:14:17.888937" level="INFO">${json_data} = {'results': [{'gender': 'male', 'name': {'title': 'Mr', 'first': 'Vladislav', 'last': 'Teodosić'}, 'location': {'street': {'number': 825, 'name': 'Slatinska'}, 'city': 'Kula', 'state': 'Kosovska Mitro...</msg>
<var>${json_data}</var>
<arg>${response.json()}</arg>
<doc>Returns the given values which can then be assigned to a variables.</doc>
<status status="PASS" start="2024-04-16T23:14:17.888387" elapsed="0.000581"/>
</kw>
<kw name="Log" owner="BuiltIn">
<msg time="2024-04-16T23:14:17.889467" level="INFO">{'results': [{'gender': 'male', 'name': {'title': 'Mr', 'first': 'Vladislav', 'last': 'Teodosić'}, 'location': {'street': {'number': 825, 'name': 'Slatinska'}, 'city': 'Kula', 'state': 'Kosovska Mitrovica', 'country': 'Serbia', 'postcode': 51970, 'coordinates': {'latitude': '59.4190', 'longitude': '-102.8934'}, 'timezone': {'offset': '-7:00', 'description': 'Mountain Time (US &amp; Canada)'}}, 'email': 'vladislav.teodosic@example.com', 'login': {'uuid': 'ed21c647-a969-4a5f-9e16-0d050dfaa832', 'username': 'beautifulgoose151', 'password': 'trapper', 'salt': 'NJzJPw0u', 'md5': '44120fb22565fb8a5d6b3e0837f8dcee', 'sha1': '628d90b018ae6cb3e8881ecee03de7df82e0476d', 'sha256': 'be0859828a6849570bbd4e28e57c586c54f7a801c6da8b687e3f371ea27c2a99'}, 'dob': {'date': '1994-04-09T23:37:29.944Z', 'age': 30}, 'registered': {'date': '2003-01-05T11:53:56.089Z', 'age': 21}, 'phone': '018-9665-210', 'cell': '062-1607-496', 'id': {'name': 'SID', 'value': '449589130'}, 'picture': {'large': 'https://randomuser.me/api/portraits/men/36.jpg', 'medium': 'https://randomuser.me/api/portraits/med/men/36.jpg', 'thumbnail': 'https://randomuser.me/api/portraits/thumb/men/36.jpg'}, 'nat': 'RS'}], 'info': {'seed': '92824a893b64d7ef', 'results': 1, 'page': 1, 'version': '1.4'}}</msg>
<arg>${json_data}</arg>
<doc>Logs the given message with the given level.</doc>
<status status="PASS" start="2024-04-16T23:14:17.889296" elapsed="0.000225"/>
</kw>
<kw name="Dictionary Should Contain Key" owner="Collections">
<msg time="2024-04-16T23:14:17.890005" level="INFO">False</msg>
<arg>${json_data}</arg>
<arg>results</arg>
<doc>Fails if ``key`` is not found from ``dictionary``.</doc>
<status status="PASS" start="2024-04-16T23:14:17.889825" elapsed="0.000221"/>
</kw>
<kw name="Should Not Be Empty" owner="BuiltIn">
<msg time="2024-04-16T23:14:17.890494" level="INFO">Length is 2.</msg>
<arg>${json_data}</arg>
<doc>Verifies that the given item is not empty.</doc>
<status status="PASS" start="2024-04-16T23:14:17.890356" elapsed="0.000179"/>
</kw>
<kw name="Create List" owner="BuiltIn">
<msg time="2024-04-16T23:14:17.891158" level="INFO">${expected_keys} = ['gender', 'name', 'location', 'email', 'login']</msg>
<var>${expected_keys}</var>
<arg>gender</arg>
<arg>name</arg>
<arg>location</arg>
<arg>email</arg>
<arg>login</arg>
<doc>Returns a list containing given items.</doc>
<status status="PASS" start="2024-04-16T23:14:17.890838" elapsed="0.000346"/>
</kw>
<for flavor="IN">
<iter>
<kw name="Dictionary Should Contain Key" owner="Collections">
<msg time="2024-04-16T23:14:17.892246" level="INFO">False</msg>
<arg>${json_data['results'][0]}</arg>
<arg>${key}</arg>
<doc>Fails if ``key`` is not found from ``dictionary``.</doc>
<status status="PASS" start="2024-04-16T23:14:17.891821" elapsed="0.000464"/>
</kw>
<kw name="Log" owner="BuiltIn">
<msg time="2024-04-16T23:14:17.892966" level="INFO">{'gender': 'male', 'name': {'title': 'Mr', 'first': 'Vladislav', 'last': 'Teodosić'}, 'location': {'street': {'number': 825, 'name': 'Slatinska'}, 'city': 'Kula', 'state': 'Kosovska Mitrovica', 'country': 'Serbia', 'postcode': 51970, 'coordinates': {'latitude': '59.4190', 'longitude': '-102.8934'}, 'timezone': {'offset': '-7:00', 'description': 'Mountain Time (US &amp; Canada)'}}, 'email': 'vladislav.teodosic@example.com', 'login': {'uuid': 'ed21c647-a969-4a5f-9e16-0d050dfaa832', 'username': 'beautifulgoose151', 'password': 'trapper', 'salt': 'NJzJPw0u', 'md5': '44120fb22565fb8a5d6b3e0837f8dcee', 'sha1': '628d90b018ae6cb3e8881ecee03de7df82e0476d', 'sha256': 'be0859828a6849570bbd4e28e57c586c54f7a801c6da8b687e3f371ea27c2a99'}, 'dob': {'date': '1994-04-09T23:37:29.944Z', 'age': 30}, 'registered': {'date': '2003-01-05T11:53:56.089Z', 'age': 21}, 'phone': '018-9665-210', 'cell': '062-1607-496', 'id': {'name': 'SID', 'value': '449589130'}, 'picture': {'large': 'https://randomuser.me/api/portraits/men/36.jpg', 'medium': 'https://randomuser.me/api/portraits/med/men/36.jpg', 'thumbnail': 'https://randomuser.me/api/portraits/thumb/men/36.jpg'}, 'nat': 'RS'}</msg>
<arg>${json_data['results'][0]}</arg>
<doc>Logs the given message with the given level.</doc>
<status status="PASS" start="2024-04-16T23:14:17.892590" elapsed="0.000429"/>
</kw>
<kw name="Log" owner="BuiltIn">
<msg time="2024-04-16T23:14:17.893460" level="INFO">gender</msg>
<arg>${key}</arg>
<doc>Logs the given message with the given level.</doc>
<status status="PASS" start="2024-04-16T23:14:17.893328" elapsed="0.000171"/>
</kw>
<var name="${key}">gender</var>
<status status="PASS" start="2024-04-16T23:14:17.891658" elapsed="0.002060"/>
</iter>
<iter>
<kw name="Dictionary Should Contain Key" owner="Collections">
<msg time="2024-04-16T23:14:17.894407" level="INFO">False</msg>
<arg>${json_data['results'][0]}</arg>
<arg>${key}</arg>
<doc>Fails if ``key`` is not found from ``dictionary``.</doc>
<status status="PASS" start="2024-04-16T23:14:17.894022" elapsed="0.000425"/>
</kw>
<kw name="Log" owner="BuiltIn">
<msg time="2024-04-16T23:14:17.895143" level="INFO">{'gender': 'male', 'name': {'title': 'Mr', 'first': 'Vladislav', 'last': 'Teodosić'}, 'location': {'street': {'number': 825, 'name': 'Slatinska'}, 'city': 'Kula', 'state': 'Kosovska Mitrovica', 'country': 'Serbia', 'postcode': 51970, 'coordinates': {'latitude': '59.4190', 'longitude': '-102.8934'}, 'timezone': {'offset': '-7:00', 'description': 'Mountain Time (US &amp; Canada)'}}, 'email': 'vladislav.teodosic@example.com', 'login': {'uuid': 'ed21c647-a969-4a5f-9e16-0d050dfaa832', 'username': 'beautifulgoose151', 'password': 'trapper', 'salt': 'NJzJPw0u', 'md5': '44120fb22565fb8a5d6b3e0837f8dcee', 'sha1': '628d90b018ae6cb3e8881ecee03de7df82e0476d', 'sha256': 'be0859828a6849570bbd4e28e57c586c54f7a801c6da8b687e3f371ea27c2a99'}, 'dob': {'date': '1994-04-09T23:37:29.944Z', 'age': 30}, 'registered': {'date': '2003-01-05T11:53:56.089Z', 'age': 21}, 'phone': '018-9665-210', 'cell': '062-1607-496', 'id': {'name': 'SID', 'value': '449589130'}, 'picture': {'large': 'https://randomuser.me/api/portraits/men/36.jpg', 'medium': 'https://randomuser.me/api/portraits/med/men/36.jpg', 'thumbnail': 'https://randomuser.me/api/portraits/thumb/men/36.jpg'}, 'nat': 'RS'}</msg>
<arg>${json_data['results'][0]}</arg>
<doc>Logs the given message with the given level.</doc>
<status status="PASS" start="2024-04-16T23:14:17.894777" elapsed="0.000419"/>
</kw>
<kw name="Log" owner="BuiltIn">
<msg time="2024-04-16T23:14:17.895627" level="INFO">name</msg>
<arg>${key}</arg>
<doc>Logs the given message with the given level.</doc>
<status status="PASS" start="2024-04-16T23:14:17.895498" elapsed="0.000167"/>
</kw>
<var name="${key}">name</var>
<status status="PASS" start="2024-04-16T23:14:17.893907" elapsed="0.002006"/>
</iter>
<iter>
<kw name="Dictionary Should Contain Key" owner="Collections">
<msg time="2024-04-16T23:14:17.896588" level="INFO">False</msg>
<arg>${json_data['results'][0]}</arg>
<arg>${key}</arg>
<doc>Fails if ``key`` is not found from ``dictionary``.</doc>
<status status="PASS" start="2024-04-16T23:14:17.896207" elapsed="0.000419"/>
</kw>
<kw name="Log" owner="BuiltIn">
<msg time="2024-04-16T23:14:17.897291" level="INFO">{'gender': 'male', 'name': {'title': 'Mr', 'first': 'Vladislav', 'last': 'Teodosić'}, 'location': {'street': {'number': 825, 'name': 'Slatinska'}, 'city': 'Kula', 'state': 'Kosovska Mitrovica', 'country': 'Serbia', 'postcode': 51970, 'coordinates': {'latitude': '59.4190', 'longitude': '-102.8934'}, 'timezone': {'offset': '-7:00', 'description': 'Mountain Time (US &amp; Canada)'}}, 'email': 'vladislav.teodosic@example.com', 'login': {'uuid': 'ed21c647-a969-4a5f-9e16-0d050dfaa832', 'username': 'beautifulgoose151', 'password': 'trapper', 'salt': 'NJzJPw0u', 'md5': '44120fb22565fb8a5d6b3e0837f8dcee', 'sha1': '628d90b018ae6cb3e8881ecee03de7df82e0476d', 'sha256': 'be0859828a6849570bbd4e28e57c586c54f7a801c6da8b687e3f371ea27c2a99'}, 'dob': {'date': '1994-04-09T23:37:29.944Z', 'age': 30}, 'registered': {'date': '2003-01-05T11:53:56.089Z', 'age': 21}, 'phone': '018-9665-210', 'cell': '062-1607-496', 'id': {'name': 'SID', 'value': '449589130'}, 'picture': {'large': 'https://randomuser.me/api/portraits/men/36.jpg', 'medium': 'https://randomuser.me/api/portraits/med/men/36.jpg', 'thumbnail': 'https://randomuser.me/api/portraits/thumb/men/36.jpg'}, 'nat': 'RS'}</msg>
<arg>${json_data['results'][0]}</arg>
<doc>Logs the given message with the given level.</doc>
<status status="PASS" start="2024-04-16T23:14:17.896927" elapsed="0.000416"/>
</kw>
<kw name="Log" owner="BuiltIn">
<msg time="2024-04-16T23:14:17.897777" level="INFO">location</msg>
<arg>${key}</arg>
<doc>Logs the given message with the given level.</doc>
<status status="PASS" start="2024-04-16T23:14:17.897650" elapsed="0.000166"/>
</kw>
<var name="${key}">location</var>
<status status="PASS" start="2024-04-16T23:14:17.896094" elapsed="0.001940"/>
</iter>
<iter>
<kw name="Dictionary Should Contain Key" owner="Collections">
<msg time="2024-04-16T23:14:17.898691" level="INFO">False</msg>
<arg>${json_data['results'][0]}</arg>
<arg>${key}</arg>
<doc>Fails if ``key`` is not found from ``dictionary``.</doc>
<status status="PASS" start="2024-04-16T23:14:17.898318" elapsed="0.000410"/>
</kw>
<kw name="Log" owner="BuiltIn">
<msg time="2024-04-16T23:14:17.899397" level="INFO">{'gender': 'male', 'name': {'title': 'Mr', 'first': 'Vladislav', 'last': 'Teodosić'}, 'location': {'street': {'number': 825, 'name': 'Slatinska'}, 'city': 'Kula', 'state': 'Kosovska Mitrovica', 'country': 'Serbia', 'postcode': 51970, 'coordinates': {'latitude': '59.4190', 'longitude': '-102.8934'}, 'timezone': {'offset': '-7:00', 'description': 'Mountain Time (US &amp; Canada)'}}, 'email': 'vladislav.teodosic@example.com', 'login': {'uuid': 'ed21c647-a969-4a5f-9e16-0d050dfaa832', 'username': 'beautifulgoose151', 'password': 'trapper', 'salt': 'NJzJPw0u', 'md5': '44120fb22565fb8a5d6b3e0837f8dcee', 'sha1': '628d90b018ae6cb3e8881ecee03de7df82e0476d', 'sha256': 'be0859828a6849570bbd4e28e57c586c54f7a801c6da8b687e3f371ea27c2a99'}, 'dob': {'date': '1994-04-09T23:37:29.944Z', 'age': 30}, 'registered': {'date': '2003-01-05T11:53:56.089Z', 'age': 21}, 'phone': '018-9665-210', 'cell': '062-1607-496', 'id': {'name': 'SID', 'value': '449589130'}, 'picture': {'large': 'https://randomuser.me/api/portraits/men/36.jpg', 'medium': 'https://randomuser.me/api/portraits/med/men/36.jpg', 'thumbnail': 'https://randomuser.me/api/portraits/thumb/men/36.jpg'}, 'nat': 'RS'}</msg>
<arg>${json_data['results'][0]}</arg>
<doc>Logs the given message with the given level.</doc>
<status status="PASS" start="2024-04-16T23:14:17.899030" elapsed="0.000420"/>
</kw>
<kw name="Log" owner="BuiltIn">
<msg time="2024-04-16T23:14:17.899913" level="INFO">email</msg>
<arg>${key}</arg>
<doc>Logs the given message with the given level.</doc>
<status status="PASS" start="2024-04-16T23:14:17.899773" elapsed="0.000178"/>
</kw>
<var name="${key}">email</var>
<status status="PASS" start="2024-04-16T23:14:17.898206" elapsed="0.001964"/>
</iter>
<iter>
<kw name="Dictionary Should Contain Key" owner="Collections">
<msg time="2024-04-16T23:14:17.900832" level="INFO">False</msg>
<arg>${json_data['results'][0]}</arg>
<arg>${key}</arg>
<doc>Fails if ``key`` is not found from ``dictionary``.</doc>
<status status="PASS" start="2024-04-16T23:14:17.900459" elapsed="0.000410"/>
</kw>
<kw name="Log" owner="BuiltIn">
<msg time="2024-04-16T23:14:17.901524" level="INFO">{'gender': 'male', 'name': {'title': 'Mr', 'first': 'Vladislav', 'last': 'Teodosić'}, 'location': {'street': {'number': 825, 'name': 'Slatinska'}, 'city': 'Kula', 'state': 'Kosovska Mitrovica', 'country': 'Serbia', 'postcode': 51970, 'coordinates': {'latitude': '59.4190', 'longitude': '-102.8934'}, 'timezone': {'offset': '-7:00', 'description': 'Mountain Time (US &amp; Canada)'}}, 'email': 'vladislav.teodosic@example.com', 'login': {'uuid': 'ed21c647-a969-4a5f-9e16-0d050dfaa832', 'username': 'beautifulgoose151', 'password': 'trapper', 'salt': 'NJzJPw0u', 'md5': '44120fb22565fb8a5d6b3e0837f8dcee', 'sha1': '628d90b018ae6cb3e8881ecee03de7df82e0476d', 'sha256': 'be0859828a6849570bbd4e28e57c586c54f7a801c6da8b687e3f371ea27c2a99'}, 'dob': {'date': '1994-04-09T23:37:29.944Z', 'age': 30}, 'registered': {'date': '2003-01-05T11:53:56.089Z', 'age': 21}, 'phone': '018-9665-210', 'cell': '062-1607-496', 'id': {'name': 'SID', 'value': '449589130'}, 'picture': {'large': 'https://randomuser.me/api/portraits/men/36.jpg', 'medium': 'https://randomuser.me/api/portraits/med/men/36.jpg', 'thumbnail': 'https://randomuser.me/api/portraits/thumb/men/36.jpg'}, 'nat': 'RS'}</msg>
<arg>${json_data['results'][0]}</arg>
<doc>Logs the given message with the given level.</doc>
<status status="PASS" start="2024-04-16T23:14:17.901163" elapsed="0.000413"/>
</kw>
<kw name="Log" owner="BuiltIn">
<msg time="2024-04-16T23:14:17.901999" level="INFO">login</msg>
<arg>${key}</arg>
<doc>Logs the given message with the given level.</doc>
<status status="PASS" start="2024-04-16T23:14:17.901872" elapsed="0.000165"/>
</kw>
<var name="${key}">login</var>
<status status="PASS" start="2024-04-16T23:14:17.900342" elapsed="0.001937"/>
</iter>
<var>${key}</var>
<value>@{expected_keys}</value>
<status status="PASS" start="2024-04-16T23:14:17.891456" elapsed="0.010950"/>
</for>
<kw name="Create List" owner="BuiltIn">
<msg time="2024-04-16T23:14:17.902743" level="INFO">${expected_keysTwo} = ['username', 'password']</msg>
<var>${expected_keysTwo}</var>
<arg>username</arg>
<arg>password</arg>
<doc>Returns a list containing given items.</doc>
<status status="PASS" start="2024-04-16T23:14:17.902605" elapsed="0.000163"/>
</kw>
<for flavor="IN">
<iter>
<kw name="Dictionary Should Contain Key" owner="Collections">
<msg time="2024-04-16T23:14:17.903663" level="INFO">False</msg>
<arg>${json_data['results'][0]['login']}</arg>
<arg>${keyTwo}</arg>
<doc>Fails if ``key`` is not found from ``dictionary``.</doc>
<status status="PASS" start="2024-04-16T23:14:17.903276" elapsed="0.000451"/>
</kw>
<kw name="Dictionary Should Contain Key" owner="Collections">
<msg time="2024-04-16T23:14:17.904416" level="INFO">False</msg>
<arg>${json_data['results'][0]['login']}</arg>
<arg>${keyTwo}</arg>
<doc>Fails if ``key`` is not found from ``dictionary``.</doc>
<status status="PASS" start="2024-04-16T23:14:17.904027" elapsed="0.000426"/>
</kw>
<kw name="Log" owner="BuiltIn">
<msg time="2024-04-16T23:14:17.904877" level="INFO">username</msg>
<arg>${keyTwo}</arg>
<doc>Logs the given message with the given level.</doc>
<status status="PASS" start="2024-04-16T23:14:17.904748" elapsed="0.000166"/>
</kw>
<var name="${keyTwo}">username</var>
<status status="PASS" start="2024-04-16T23:14:17.903165" elapsed="0.001965"/>
</iter>
<iter>
<kw name="Dictionary Should Contain Key" owner="Collections">
<msg time="2024-04-16T23:14:17.905808" level="INFO">False</msg>
<arg>${json_data['results'][0]['login']}</arg>
<arg>${keyTwo}</arg>
<doc>Fails if ``key`` is not found from ``dictionary``.</doc>
<status status="PASS" start="2024-04-16T23:14:17.905414" elapsed="0.000432"/>
</kw>
<kw name="Dictionary Should Contain Key" owner="Collections">
<msg time="2024-04-16T23:14:17.906617" level="INFO">False</msg>
<arg>${json_data['results'][0]['login']}</arg>
<arg>${keyTwo}</arg>
<doc>Fails if ``key`` is not found from ``dictionary``.</doc>
<status status="PASS" start="2024-04-16T23:14:17.906147" elapsed="0.000509"/>
</kw>
<kw name="Log" owner="BuiltIn">
<msg time="2024-04-16T23:14:17.907090" level="INFO">password</msg>
<arg>${keyTwo}</arg>
<doc>Logs the given message with the given level.</doc>
<status status="PASS" start="2024-04-16T23:14:17.906959" elapsed="0.000170"/>
</kw>
<var name="${keyTwo}">password</var>
<status status="PASS" start="2024-04-16T23:14:17.905303" elapsed="0.002043"/>
</iter>
<var>${keyTwo}</var>
<value>@{expected_keysTwo}</value>
<status status="PASS" start="2024-04-16T23:14:17.903008" elapsed="0.004466"/>
</for>
<status status="PASS" start="2024-04-16T23:14:17.795996" elapsed="0.111626"/>
</kw>
<doc>Testa a estrutura da resposta da API.</doc>
<tag>testeEstruturaResposta</tag>
<status status="PASS" start="2024-04-16T23:14:17.795198" elapsed="0.112623"/>
</test>
<test id="s1-s1-t4" name="Validar tipos de dados" line="28">
<kw name="Teste de Tipos de Dados" owner="random-user-service">
<kw name="GET On Session" owner="RequestsLibrary">
<msg time="2024-04-16T23:14:17.991978" level="INFO">GET Request : url=https://randomuser.me/api 
 path_url=/api 
 headers={'User-Agent': 'python-requests/2.31.0', 'Accept-Encoding': 'gzip, deflate', 'Accept': '*/*', 'Connection': 'keep-alive'} 
 body=None 
 </msg>
<msg time="2024-04-16T23:14:17.992079" level="INFO">GET Response : url=https://randomuser.me/api 
 status=200, reason=OK 
 headers={'Date': 'Tue, 16 Apr 2024 23:14:17 GMT', 'Content-Type': 'application/json; charset=utf-8', 'Transfer-Encoding': 'chunked', 'Connection': 'keep-alive', 'X-Powered-By': 'Express', 'Access-Control-Allow-Origin': '*', 'Cache-Control': 'no-cache', 'ETag': 'W/"488-SExUbU1jGoljUPSjY8WeBsofqcY"', 'Vary': 'Accept-Encoding', 'Content-Encoding': 'gzip', 'CF-Cache-Status': 'DYNAMIC', 'Report-To': '{"endpoints":[{"url":"https:\\/\\/a.nel.cloudflare.com\\/report\\/v4?s=OdwXIeArBzbuHfdf%2BJmpTDXt%2F4MaxIrLuVr9mujxREVVIk9c%2BLBCqSopXaLhILRN9TA3USemQDj4F85EfiidEZX2IAqOHIPPTpFNjp8RIWXJCpmy%2BLE9cd7l0M6%2F%2BQiu"}],"group":"cf-nel","max_age":604800}', 'NEL': '{"success_fraction":0,"report_to":"cf-nel","max_age":604800}', 'Server': 'cloudflare', 'CF-RAY': '8757deedff742c84-ORD', 'alt-svc': 'h3=":443"; ma=86400'} 
 body={"results":[{"gender":"male","name":{"title":"Mr","first":"Eino","last":"Rajala"},"location":{"street":{"number":8349,"name":"Reijolankatu"},"city":"Rautalampi","state":"South Karelia","country":"Finland","postcode":31193,"coordinates":{"latitude":"-29.3901","longitude":"-168.6676"},"timezone":{"offset":"+6:00","description":"Almaty, Dhaka, Colombo"}},"email":"eino.rajala@example.com","login":{"uuid":"3ccdbbb3-9b4d-4149-aaf4-3f37c9fbfd08","username":"yellowfish273","password":"paper","salt":"MRsYgsK3","md5":"2a39709f26c980bcb339b7fc310b2b72","sha1":"da571b67ff7ae50e6c91d5b2a45b55d0645bf18f","sha256":"82a95557aadc750dc5083c243ba542205a01148ec10af7cb5e3164273c2af870"},"dob":{"date":"1998-09-08T13:39:17.712Z","age":25},"registered":{"date":"2006-05-24T11:26:05.831Z","age":17},"phone":"08-597-980","cell":"045-575-66-20","id":{"name":"HETU","value":"NaNNA885undefined"},"picture":{"large":"https://randomuser.me/api/portraits/men/48.jpg","medium":"https://randomuser.me/api/portraits/med/men/48.jpg","thumbnail":"https://randomuser.me/api/portraits/thumb/men/48.jpg"},"nat":"FI"}],"info":{"seed":"82b670cc16ced575","results":1,"page":1,"version":"1.4"}} 
 </msg>
<msg time="2024-04-16T23:14:17.992152" level="INFO">/opt/hostedtoolcache/Python/3.12.2/x64/lib/python3.12/site-packages/urllib3/connectionpool.py:1103: InsecureRequestWarning: Unverified HTTPS request is being made to host 'randomuser.me'. Adding certificate verification is strongly advised. See: https://urllib3.readthedocs.io/en/latest/advanced-usage.html#tls-warnings
  warnings.warn(</msg>
<msg time="2024-04-16T23:14:17.992294" level="INFO">${response} = &lt;Response [200]&gt;</msg>
<var>${response}</var>
<arg>consultarAPI</arg>
<arg>/api</arg>
<doc>Sends a GET request on a previously created HTTP Session.</doc>
<status status="PASS" start="2024-04-16T23:14:17.910305" elapsed="0.082031"/>
</kw>
<kw name="Set Variable" owner="BuiltIn">
<msg time="2024-04-16T23:14:17.993745" level="INFO">${json_data} = {'results': [{'gender': 'male', 'name': {'title': 'Mr', 'first': 'Eino', 'last': 'Rajala'}, 'location': {'street': {'number': 8349, 'name': 'Reijolankatu'}, 'city': 'Rautalampi', 'state': 'South Karel...</msg>
<var>${json_data}</var>
<arg>${response.json()}</arg>
<doc>Returns the given values which can then be assigned to a variables.</doc>
<status status="PASS" start="2024-04-16T23:14:17.993017" elapsed="0.000758"/>
</kw>
<kw name="Log" owner="BuiltIn">
<msg time="2024-04-16T23:14:17.994277" level="INFO">{'results': [{'gender': 'male', 'name': {'title': 'Mr', 'first': 'Eino', 'last': 'Rajala'}, 'location': {'street': {'number': 8349, 'name': 'Reijolankatu'}, 'city': 'Rautalampi', 'state': 'South Karelia', 'country': 'Finland', 'postcode': 31193, 'coordinates': {'latitude': '-29.3901', 'longitude': '-168.6676'}, 'timezone': {'offset': '+6:00', 'description': 'Almaty, Dhaka, Colombo'}}, 'email': 'eino.rajala@example.com', 'login': {'uuid': '3ccdbbb3-9b4d-4149-aaf4-3f37c9fbfd08', 'username': 'yellowfish273', 'password': 'paper', 'salt': 'MRsYgsK3', 'md5': '2a39709f26c980bcb339b7fc310b2b72', 'sha1': 'da571b67ff7ae50e6c91d5b2a45b55d0645bf18f', 'sha256': '82a95557aadc750dc5083c243ba542205a01148ec10af7cb5e3164273c2af870'}, 'dob': {'date': '1998-09-08T13:39:17.712Z', 'age': 25}, 'registered': {'date': '2006-05-24T11:26:05.831Z', 'age': 17}, 'phone': '08-597-980', 'cell': '045-575-66-20', 'id': {'name': 'HETU', 'value': 'NaNNA885undefined'}, 'picture': {'large': 'https://randomuser.me/api/portraits/men/48.jpg', 'medium': 'https://randomuser.me/api/portraits/med/men/48.jpg', 'thumbnail': 'https://randomuser.me/api/portraits/thumb/men/48.jpg'}, 'nat': 'FI'}], 'info': {'seed': '82b670cc16ced575', 'results': 1, 'page': 1, 'version': '1.4'}}</msg>
<arg>${json_data}</arg>
<doc>Logs the given message with the given level.</doc>
<status status="PASS" start="2024-04-16T23:14:17.994116" elapsed="0.000251"/>
</kw>
<kw name="Should Be String" owner="String">
<arg>${json_data['results'][0]['gender']}</arg>
<doc>Fails if the given ``item`` is not a string.</doc>
<status status="PASS" start="2024-04-16T23:14:17.994673" elapsed="0.000371"/>
</kw>
<kw name="Should Match Regexp" owner="BuiltIn">
<arg>${json_data['results'][0]['email']}</arg>
<arg>^[a-zA-Z0-9._%+-]+@[a-zA-Z0-9.-]+\.[a-zA-Z]{2,}$</arg>
<doc>Fails if ``string`` does not match ``pattern`` as a regular expression.</doc>
<status status="PASS" start="2024-04-16T23:14:17.995236" elapsed="0.000551"/>
</kw>
<kw name="Should Match Regexp" owner="BuiltIn">
<arg>${json_data['results'][0]['dob']['date']}</arg>
<arg>\\d{4}-\\d{2}-\\d{2}T\\d{2}:\\d{2}:\\d{2}\\.\\d{3}Z</arg>
<doc>Fails if ``string`` does not match ``pattern`` as a regular expression.</doc>
<status status="PASS" start="2024-04-16T23:14:17.995991" elapsed="0.000497"/>
</kw>
<kw name="Should Match Regexp" owner="BuiltIn">
<arg>${json_data['results'][0]['registered']['date']}</arg>
<arg>\\d{4}-\\d{2}-\\d{2}T\\d{2}:\\d{2}:\\d{2}\\.\\d{3}Z</arg>
<doc>Fails if ``string`` does not match ``pattern`` as a regular expression.</doc>
<status status="PASS" start="2024-04-16T23:14:17.996684" elapsed="0.000376"/>
</kw>
<kw name="Should Match Regexp" owner="BuiltIn">
<arg>${json_data['results'][0]['picture']['large']}</arg>
<arg>^https?://.*\.(?:png|jpe?g|gif|bmp)$</arg>
<doc>Fails if ``string`` does not match ``pattern`` as a regular expression.</doc>
<status status="PASS" start="2024-04-16T23:14:17.997256" elapsed="0.000462"/>
</kw>
<kw name="Should Match Regexp" owner="BuiltIn">
<arg>${json_data['results'][0]['picture']['medium']}</arg>
<arg>^https?://.*\.(?:png|jpe?g|gif|bmp)$</arg>
<doc>Fails if ``string`` does not match ``pattern`` as a regular expression.</doc>
<status status="PASS" start="2024-04-16T23:14:17.997908" elapsed="0.000351"/>
</kw>
<kw name="Should Match Regexp" owner="BuiltIn">
<arg>${json_data['results'][0]['picture']['thumbnail']}</arg>
<arg>^https?://.*\.(?:png|jpe?g|gif|bmp)$</arg>
<doc>Fails if ``string`` does not match ``pattern`` as a regular expression.</doc>
<status status="PASS" start="2024-04-16T23:14:17.998451" elapsed="0.000346"/>
</kw>
<kw name="Log" owner="BuiltIn">
<msg time="2024-04-16T23:14:17.999304" level="INFO">{'large': 'https://randomuser.me/api/portraits/men/48.jpg', 'medium': 'https://randomuser.me/api/portraits/med/men/48.jpg', 'thumbnail': 'https://randomuser.me/api/portraits/thumb/men/48.jpg'}</msg>
<arg>${json_data['results'][0]['picture']}</arg>
<doc>Logs the given message with the given level.</doc>
<status status="PASS" start="2024-04-16T23:14:17.998976" elapsed="0.000369"/>
</kw>
<status status="PASS" start="2024-04-16T23:14:17.910072" elapsed="0.089545"/>
</kw>
<kw name="Teste de Tipos de Dados - Postcode" owner="random-user-service">
<kw name="GET On Session" owner="RequestsLibrary">
<msg time="2024-04-16T23:14:18.090526" level="INFO">GET Request : url=https://randomuser.me/api 
 path_url=/api 
 headers={'User-Agent': 'python-requests/2.31.0', 'Accept-Encoding': 'gzip, deflate', 'Accept': '*/*', 'Connection': 'keep-alive'} 
 body=None 
 </msg>
<msg time="2024-04-16T23:14:18.090639" level="INFO">GET Response : url=https://randomuser.me/api 
 status=200, reason=OK 
 headers={'Date': 'Tue, 16 Apr 2024 23:14:18 GMT', 'Content-Type': 'application/json; charset=utf-8', 'Transfer-Encoding': 'chunked', 'Connection': 'keep-alive', 'X-Powered-By': 'Express', 'Access-Control-Allow-Origin': '*', 'Cache-Control': 'no-cache', 'ETag': 'W/"47e-ccdbFbrpbchouB5ADkcVs6wxDT8"', 'Vary': 'Accept-Encoding', 'Content-Encoding': 'gzip', 'CF-Cache-Status': 'DYNAMIC', 'Report-To': '{"endpoints":[{"url":"https:\\/\\/a.nel.cloudflare.com\\/report\\/v4?s=1TUHSo1DFx0L2cNE8i0RP07%2FNC1iriMq5H5%2B669ioWAWe04Sky0YeM1F%2B%2BOm%2BjsdvIL1ynyLsix0ZLLO%2FNs8%2BqwiNlSoUsQ%2Bk7yWmSAQ3TObS6mX2TiRJbTRmXcdT01r"}],"group":"cf-nel","max_age":604800}', 'NEL': '{"success_fraction":0,"report_to":"cf-nel","max_age":604800}', 'Server': 'cloudflare', 'CF-RAY': '8757deee8ff12c84-ORD', 'alt-svc': 'h3=":443"; ma=86400'} 
 body={"results":[{"gender":"female","name":{"title":"Miss","first":"June","last":"Kelley"},"location":{"street":{"number":1309,"name":"Hunters Creek Dr"},"city":"Visalia","state":"Louisiana","country":"United States","postcode":47892,"coordinates":{"latitude":"86.2088","longitude":"32.9747"},"timezone":{"offset":"-9:00","description":"Alaska"}},"email":"june.kelley@example.com","login":{"uuid":"873126f5-6419-4ec3-9c78-e22c4cc6740d","username":"lazyswan237","password":"jayden","salt":"sfL6YoeW","md5":"c22fcbb8d6335ac01bbc77d30f1278d4","sha1":"5c5424f49fe0d8e94bda29fc023f9a4cea8b75ca","sha256":"034db10571810728ec0ac14f236cddc8ad9a0147f13a60280583ee42724a5f1f"},"dob":{"date":"1954-12-22T16:10:19.308Z","age":69},"registered":{"date":"2018-04-06T11:20:12.127Z","age":6},"phone":"(884) 520-8569","cell":"(952) 967-8918","id":{"name":"SSN","value":"625-51-8540"},"picture":{"large":"https://randomuser.me/api/portraits/women/28.jpg","medium":"https://randomuser.me/api/portraits/med/women/28.jpg","thumbnail":"https://randomuser.me/api/portraits/thumb/women/28.jpg"},"nat":"US"}],"info":{"seed":"c3b1410d87546429","results":1,"page":1,"version":"1.4"}} 
 </msg>
<msg time="2024-04-16T23:14:18.090724" level="INFO">/opt/hostedtoolcache/Python/3.12.2/x64/lib/python3.12/site-packages/urllib3/connectionpool.py:1103: InsecureRequestWarning: Unverified HTTPS request is being made to host 'randomuser.me'. Adding certificate verification is strongly advised. See: https://urllib3.readthedocs.io/en/latest/advanced-usage.html#tls-warnings
  warnings.warn(</msg>
<msg time="2024-04-16T23:14:18.090866" level="INFO">${response} = &lt;Response [200]&gt;</msg>
<var>${response}</var>
<arg>consultarAPI</arg>
<arg>/api</arg>
<doc>Sends a GET request on a previously created HTTP Session.</doc>
<status status="PASS" start="2024-04-16T23:14:18.000147" elapsed="0.090768"/>
</kw>
<kw name="Set Variable" owner="BuiltIn">
<msg time="2024-04-16T23:14:18.092147" level="INFO">${json_data} = {'results': [{'gender': 'female', 'name': {'title': 'Miss', 'first': 'June', 'last': 'Kelley'}, 'location': {'street': {'number': 1309, 'name': 'Hunters Creek Dr'}, 'city': 'Visalia', 'state': 'Louisi...</msg>
<var>${json_data}</var>
<arg>${response.json()}</arg>
<doc>Returns the given values which can then be assigned to a variables.</doc>
<status status="PASS" start="2024-04-16T23:14:18.091481" elapsed="0.000697"/>
</kw>
<kw name="Log" owner="BuiltIn">
<msg time="2024-04-16T23:14:18.092769" level="INFO">{'results': [{'gender': 'female', 'name': {'title': 'Miss', 'first': 'June', 'last': 'Kelley'}, 'location': {'street': {'number': 1309, 'name': 'Hunters Creek Dr'}, 'city': 'Visalia', 'state': 'Louisiana', 'country': 'United States', 'postcode': 47892, 'coordinates': {'latitude': '86.2088', 'longitude': '32.9747'}, 'timezone': {'offset': '-9:00', 'description': 'Alaska'}}, 'email': 'june.kelley@example.com', 'login': {'uuid': '873126f5-6419-4ec3-9c78-e22c4cc6740d', 'username': 'lazyswan237', 'password': 'jayden', 'salt': 'sfL6YoeW', 'md5': 'c22fcbb8d6335ac01bbc77d30f1278d4', 'sha1': '5c5424f49fe0d8e94bda29fc023f9a4cea8b75ca', 'sha256': '034db10571810728ec0ac14f236cddc8ad9a0147f13a60280583ee42724a5f1f'}, 'dob': {'date': '1954-12-22T16:10:19.308Z', 'age': 69}, 'registered': {'date': '2018-04-06T11:20:12.127Z', 'age': 6}, 'phone': '(884) 520-8569', 'cell': '(952) 967-8918', 'id': {'name': 'SSN', 'value': '625-51-8540'}, 'picture': {'large': 'https://randomuser.me/api/portraits/women/28.jpg', 'medium': 'https://randomuser.me/api/portraits/med/women/28.jpg', 'thumbnail': 'https://randomuser.me/api/portraits/thumb/women/28.jpg'}, 'nat': 'US'}], 'info': {'seed': 'c3b1410d87546429', 'results': 1, 'page': 1, 'version': '1.4'}}</msg>
<arg>${json_data}</arg>
<doc>Logs the given message with the given level.</doc>
<status status="PASS" start="2024-04-16T23:14:18.092570" elapsed="0.000304"/>
</kw>
<kw name="Should Be Equal As Numbers" owner="BuiltIn">
<arg>${json_data['results'][0]['location']['postcode']}</arg>
<arg>${json_data['results'][0]['location']['postcode']}</arg>
<doc>Fails if objects are unequal after converting them to real numbers.</doc>
<status status="PASS" start="2024-04-16T23:14:18.093249" elapsed="0.000932"/>
</kw>
<kw name="Log" owner="BuiltIn">
<msg time="2024-04-16T23:14:18.094717" level="INFO">47892</msg>
<arg>${json_data['results'][0]['location']['postcode']}</arg>
<doc>Logs the given message with the given level.</doc>
<status status="PASS" start="2024-04-16T23:14:18.094378" elapsed="0.000380"/>
</kw>
<status status="PASS" start="2024-04-16T23:14:17.999895" elapsed="0.095123"/>
</kw>
<doc>Testa se os tipos de dados na resposta da API estão corretos.</doc>
<tag>testeTiposDados</tag>
<status status="PASS" start="2024-04-16T23:14:17.909573" elapsed="0.185614"/>
</test>
<test id="s1-s1-t5" name="Validar conteudo" line="35">
<kw name="Teste de Tipos de Conteudo" owner="random-user-service">
<kw name="GET On Session" owner="RequestsLibrary">
<msg time="2024-04-16T23:14:18.192124" level="INFO">GET Request : url=https://randomuser.me/api 
 path_url=/api 
 headers={'User-Agent': 'python-requests/2.31.0', 'Accept-Encoding': 'gzip, deflate', 'Accept': '*/*', 'Connection': 'keep-alive'} 
 body=None 
 </msg>
<msg time="2024-04-16T23:14:18.192245" level="INFO">GET Response : url=https://randomuser.me/api 
 status=200, reason=OK 
 headers={'Date': 'Tue, 16 Apr 2024 23:14:18 GMT', 'Content-Type': 'application/json; charset=utf-8', 'Transfer-Encoding': 'chunked', 'Connection': 'keep-alive', 'X-Powered-By': 'Express', 'Access-Control-Allow-Origin': '*', 'Cache-Control': 'no-cache', 'ETag': 'W/"488-WCcH9iv00uv6i4PZNraRlSgVa10"', 'Vary': 'Accept-Encoding', 'Content-Encoding': 'gzip', 'CF-Cache-Status': 'DYNAMIC', 'Report-To': '{"endpoints":[{"url":"https:\\/\\/a.nel.cloudflare.com\\/report\\/v4?s=fRA41st3gPC0423zCY4PpY839aeSSvJYeLGkeACJX4vyWXHpSqg0Z2ax8BfgN%2F%2FLSYcrwKI81wQR%2BiA38%2FwJWnJY%2BlqVocKoR5%2BDkGeWqeTbNTef8ub2dtbD5KuB4Ven"}],"group":"cf-nel","max_age":604800}', 'NEL': '{"success_fraction":0,"report_to":"cf-nel","max_age":604800}', 'Server': 'cloudflare', 'CF-RAY': '8757deef28ab2c84-ORD', 'alt-svc': 'h3=":443"; ma=86400'} 
 body={"results":[{"gender":"male","name":{"title":"Mr","first":"Ventura","last":"Rezende"},"location":{"street":{"number":9450,"name":"Avenida da Legalidade"},"city":"Sobral","state":"Pernambuco","country":"Brazil","postcode":69828,"coordinates":{"latitude":"-73.8157","longitude":"-71.6244"},"timezone":{"offset":"+5:45","description":"Kathmandu"}},"email":"ventura.rezende@example.com","login":{"uuid":"fdcf0d9a-dfdf-4696-a401-c3025fba8e2e","username":"beautifulbird779","password":"condor","salt":"2928yLyy","md5":"3c83d8c4680bbb6db3a89288645e84e0","sha1":"9eb6da519256c56887af67c41753d7c7f273a0d9","sha256":"76dba3d3b25c6351231a6fe65e7cc013ccd9c9d6885327b3b8269edd78619a3f"},"dob":{"date":"1957-07-08T03:52:01.244Z","age":66},"registered":{"date":"2003-05-21T21:18:35.023Z","age":20},"phone":"(39) 7658-1908","cell":"(48) 9040-0643","id":{"name":"CPF","value":"589.826.550-42"},"picture":{"large":"https://randomuser.me/api/portraits/men/14.jpg","medium":"https://randomuser.me/api/portraits/med/men/14.jpg","thumbnail":"https://randomuser.me/api/portraits/thumb/men/14.jpg"},"nat":"BR"}],"info":{"seed":"5fa8008e9898d78c","results":1,"page":1,"version":"1.4"}} 
 </msg>
<msg time="2024-04-16T23:14:18.192333" level="INFO">/opt/hostedtoolcache/Python/3.12.2/x64/lib/python3.12/site-packages/urllib3/connectionpool.py:1103: InsecureRequestWarning: Unverified HTTPS request is being made to host 'randomuser.me'. Adding certificate verification is strongly advised. See: https://urllib3.readthedocs.io/en/latest/advanced-usage.html#tls-warnings
  warnings.warn(</msg>
<msg time="2024-04-16T23:14:18.192457" level="INFO">${response} = &lt;Response [200]&gt;</msg>
<var>${response}</var>
<arg>consultarAPI</arg>
<arg>/api</arg>
<doc>Sends a GET request on a previously created HTTP Session.</doc>
<status status="PASS" start="2024-04-16T23:14:18.097694" elapsed="0.094795"/>
</kw>
<kw name="Set Variable" owner="BuiltIn">
<msg time="2024-04-16T23:14:18.193592" level="INFO">${json_data} = {'results': [{'gender': 'male', 'name': {'title': 'Mr', 'first': 'Ventura', 'last': 'Rezende'}, 'location': {'street': {'number': 9450, 'name': 'Avenida da Legalidade'}, 'city': 'Sobral', 'state': 'Pe...</msg>
<var>${json_data}</var>
<arg>${response.json()}</arg>
<doc>Returns the given values which can then be assigned to a variables.</doc>
<status status="PASS" start="2024-04-16T23:14:18.193054" elapsed="0.000567"/>
</kw>
<kw name="Set Variable" owner="BuiltIn">
<msg time="2024-04-16T23:14:18.194347" level="INFO">${name_title} = Mr</msg>
<var>${name_title}</var>
<arg>${json_data["results"][0]["name"]["title"]}</arg>
<doc>Returns the given values which can then be assigned to a variables.</doc>
<status status="PASS" start="2024-04-16T23:14:18.193947" elapsed="0.000426"/>
</kw>
<kw name="Create List" owner="BuiltIn">
<msg time="2024-04-16T23:14:18.194847" level="INFO">${allowed_titles} = ['Mr', 'Ms', 'Miss', 'Mrs', 'Madame', 'Monsieur']</msg>
<var>${allowed_titles}</var>
<arg>Mr</arg>
<arg>Ms</arg>
<arg>Miss</arg>
<arg>Mrs</arg>
<arg>Madame</arg>
<arg>Monsieur</arg>
<doc>Returns a list containing given items.</doc>
<status status="PASS" start="2024-04-16T23:14:18.194693" elapsed="0.000179"/>
</kw>
<kw name="List Should Contain Value" owner="Collections">
<msg time="2024-04-16T23:14:18.195372" level="INFO">False</msg>
<arg>${allowed_titles}</arg>
<arg>${name_title}</arg>
<doc>Fails if the ``value`` is not found from ``list``.</doc>
<status status="PASS" start="2024-04-16T23:14:18.195183" elapsed="0.000237"/>
</kw>
<kw name="Set Variable" owner="BuiltIn">
<msg time="2024-04-16T23:14:18.196153" level="INFO">${name_country} = BR</msg>
<var>${name_country}</var>
<arg>${json_data["results"][0]["nat"]}</arg>
<doc>Returns the given values which can then be assigned to a variables.</doc>
<status status="PASS" start="2024-04-16T23:14:18.195750" elapsed="0.000429"/>
</kw>
<kw name="Create List" owner="BuiltIn">
<msg time="2024-04-16T23:14:18.197105" level="INFO">${list_country} = ['AD', 'AE', 'AF', 'AG', 'AI', 'AL', 'AM', 'AO', 'AQ', 'AR', 'AS', 'AT', 'AU', 'AW', 'AX', 'AZ', 'BA', 'BB', 'BD', 'BE', 'BF', 'BG', 'BH', 'BI', 'BJ', 'BL', 'BM', 'BN', 'BO', 'BQ', 'BR', 'BS', 'BT', '...</msg>
<var>${list_country}</var>
<arg>AD</arg>
<arg>AE</arg>
<arg>AF</arg>
<arg>AG</arg>
<arg>AI</arg>
<arg>AL</arg>
<arg>AM</arg>
<arg>AO</arg>
<arg>AQ</arg>
<arg>AR</arg>
<arg>AS</arg>
<arg>AT</arg>
<arg>AU</arg>
<arg>AW</arg>
<arg>AX</arg>
<arg>AZ</arg>
<arg>BA</arg>
<arg>BB</arg>
<arg>BD</arg>
<arg>BE</arg>
<arg>BF</arg>
<arg>BG</arg>
<arg>BH</arg>
<arg>BI</arg>
<arg>BJ</arg>
<arg>BL</arg>
<arg>BM</arg>
<arg>BN</arg>
<arg>BO</arg>
<arg>BQ</arg>
<arg>BR</arg>
<arg>BS</arg>
<arg>BT</arg>
<arg>BV</arg>
<arg>BW</arg>
<arg>BY</arg>
<arg>BZ</arg>
<arg>CA</arg>
<arg>CC</arg>
<arg>CD</arg>
<arg>CF</arg>
<arg>CG</arg>
<arg>CH</arg>
<arg>CI</arg>
<arg>CK</arg>
<arg>CL</arg>
<arg>CM</arg>
<arg>CN</arg>
<arg>CO</arg>
<arg>CR</arg>
<arg>CU</arg>
<arg>CV</arg>
<arg>CW</arg>
<arg>CX</arg>
<arg>CY</arg>
<arg>CZ</arg>
<arg>DE</arg>
<arg>DJ</arg>
<arg>DK</arg>
<arg>DM</arg>
<arg>DO</arg>
<arg>DZ</arg>
<arg>EC</arg>
<arg>EE</arg>
<arg>EG</arg>
<arg>EH</arg>
<arg>ER</arg>
<arg>ES</arg>
<arg>ET</arg>
<arg>FI</arg>
<arg>FJ</arg>
<arg>FK</arg>
<arg>FM</arg>
<arg>FO</arg>
<arg>FR</arg>
<arg>GA</arg>
<arg>GB</arg>
<arg>GD</arg>
<arg>GE</arg>
<arg>GF</arg>
<arg>GG</arg>
<arg>GH</arg>
<arg>GI</arg>
<arg>GL</arg>
<arg>GM</arg>
<arg>GN</arg>
<arg>GP</arg>
<arg>GQ</arg>
<arg>GR</arg>
<arg>GS</arg>
<arg>GT</arg>
<arg>GU</arg>
<arg>GW</arg>
<arg>GY</arg>
<arg>HK</arg>
<arg>HM</arg>
<arg>HN</arg>
<arg>HR</arg>
<arg>HT</arg>
<arg>HU</arg>
<arg>ID</arg>
<arg>IE</arg>
<arg>IL</arg>
<arg>IM</arg>
<arg>IN</arg>
<arg>IO</arg>
<arg>IQ</arg>
<arg>IR</arg>
<arg>IS</arg>
<arg>IT</arg>
<arg>JE</arg>
<arg>JM</arg>
<arg>JO</arg>
<arg>JP</arg>
<arg>KE</arg>
<arg>KG</arg>
<arg>KH</arg>
<arg>KI</arg>
<arg>KM</arg>
<arg>KN</arg>
<arg>KP</arg>
<arg>KR</arg>
<arg>KW</arg>
<arg>KY</arg>
<arg>KZ</arg>
<arg>LA</arg>
<arg>LB</arg>
<arg>LC</arg>
<arg>LI</arg>
<arg>LK</arg>
<arg>LR</arg>
<arg>LS</arg>
<arg>LT</arg>
<arg>LU</arg>
<arg>LV</arg>
<arg>LY</arg>
<arg>MA</arg>
<arg>MC</arg>
<arg>MD</arg>
<arg>ME</arg>
<arg>MF</arg>
<arg>MG</arg>
<arg>MH</arg>
<arg>MK</arg>
<arg>ML</arg>
<arg>MM</arg>
<arg>MN</arg>
<arg>MO</arg>
<arg>MP</arg>
<arg>MQ</arg>
<arg>MR</arg>
<arg>MS</arg>
<arg>MT</arg>
<arg>MU</arg>
<arg>MV</arg>
<arg>MW</arg>
<arg>MX</arg>
<arg>MY</arg>
<arg>MZ</arg>
<arg>NA</arg>
<arg>NC</arg>
<arg>NE</arg>
<arg>NF</arg>
<arg>NG</arg>
<arg>NI</arg>
<arg>NL</arg>
<arg>NO</arg>
<arg>NP</arg>
<arg>NR</arg>
<arg>NU</arg>
<arg>NZ</arg>
<arg>OM</arg>
<arg>PA</arg>
<arg>PE</arg>
<arg>PF</arg>
<arg>PG</arg>
<arg>PH</arg>
<arg>PK</arg>
<arg>PL</arg>
<arg>PM</arg>
<arg>PN</arg>
<arg>PR</arg>
<arg>PS</arg>
<arg>PT</arg>
<arg>PW</arg>
<arg>PY</arg>
<arg>QA</arg>
<arg>RE</arg>
<arg>RO</arg>
<arg>RS</arg>
<arg>RU</arg>
<arg>RW</arg>
<arg>SA</arg>
<arg>SB</arg>
<arg>SC</arg>
<arg>SD</arg>
<arg>SE</arg>
<arg>SG</arg>
<arg>SH</arg>
<arg>SI</arg>
<arg>SJ</arg>
<arg>SK</arg>
<arg>SL</arg>
<arg>SM</arg>
<arg>SN</arg>
<arg>SO</arg>
<arg>SR</arg>
<arg>SS</arg>
<arg>ST</arg>
<arg>SV</arg>
<arg>SX</arg>
<arg>SY</arg>
<arg>SZ</arg>
<arg>TC</arg>
<arg>TD</arg>
<arg>TF</arg>
<arg>TG</arg>
<arg>TH</arg>
<arg>TJ</arg>
<arg>TK</arg>
<arg>TL</arg>
<arg>TM</arg>
<arg>TN</arg>
<arg>TO</arg>
<arg>TR</arg>
<arg>TT</arg>
<arg>TV</arg>
<arg>TW</arg>
<arg>TZ</arg>
<arg>UA</arg>
<arg>UG</arg>
<arg>UM</arg>
<arg>US</arg>
<arg>UY</arg>
<arg>UZ</arg>
<arg>VA</arg>
<arg>VC</arg>
<arg>VE</arg>
<arg>VG</arg>
<arg>VI</arg>
<arg>VN</arg>
<arg>VU</arg>
<arg>WF</arg>
<arg>WS</arg>
<arg>XK</arg>
<arg>YE</arg>
<arg>YT</arg>
<arg>ZA</arg>
<arg>ZM</arg>
<arg>ZW</arg>
<doc>Returns a list containing given items.</doc>
<status status="PASS" start="2024-04-16T23:14:18.196501" elapsed="0.000630"/>
</kw>
<kw name="List Should Contain Value" owner="Collections">
<msg time="2024-04-16T23:14:18.198135" level="INFO">False</msg>
<arg>${list_country}</arg>
<arg>${name_country}</arg>
<doc>Fails if the ``value`` is not found from ``list``.</doc>
<status status="PASS" start="2024-04-16T23:14:18.197928" elapsed="0.000245"/>
</kw>
<kw name="Run Keyword If" owner="BuiltIn">
<kw name="Should Be True" owner="BuiltIn">
<arg>${True}</arg>
<doc>Fails if the given condition is not true.</doc>
<status status="PASS" start="2024-04-16T23:14:18.199253" elapsed="0.000149"/>
</kw>
<arg>${json_data["results"][0]["location"]["coordinates"]["latitude"]} &gt;= -90 and ${json_data["results"][0]["location"]["coordinates"]["latitude"]} &lt;= 90</arg>
<arg>Should Be True</arg>
<arg>${True}</arg>
<doc>Runs the given keyword with the given arguments, if ``condition`` is true.</doc>
<status status="PASS" start="2024-04-16T23:14:18.198492" elapsed="0.001053"/>
</kw>
<kw name="Run Keyword If" owner="BuiltIn">
<kw name="Should Be True" owner="BuiltIn">
<arg>${True}</arg>
<doc>Fails if the given condition is not true.</doc>
<status status="PASS" start="2024-04-16T23:14:18.200487" elapsed="0.000271"/>
</kw>
<arg>${json_data["results"][0]["location"]["coordinates"]["longitude"]} &gt;= -180 and ${json_data["results"][0]["location"]["coordinates"]["longitude"]} &lt;= 180</arg>
<arg>Should Be True</arg>
<arg>${True}</arg>
<doc>Runs the given keyword with the given arguments, if ``condition`` is true.</doc>
<status status="PASS" start="2024-04-16T23:14:18.199768" elapsed="0.001121"/>
</kw>
<status status="PASS" start="2024-04-16T23:14:18.097457" elapsed="0.103572"/>
</kw>
<doc>Testa o conteúdo específico dos campos retornados pela API.</doc>
<tag>testeConteudo</tag>
<status status="PASS" start="2024-04-16T23:14:18.096983" elapsed="0.104204"/>
</test>
<status status="PASS" start="2024-04-16T23:14:17.220772" elapsed="0.982381"/>
</suite>
<status status="PASS" start="2024-04-16T23:14:17.206529" elapsed="1.002018"/>
</suite>
<statistics>
<total>
<stat pass="5" fail="0" skip="0">All Tests</stat>
</total>
<tag>
<stat pass="1" fail="0" skip="0">testeConteudo</stat>
<stat pass="1" fail="0" skip="0">testeEstruturaResposta</stat>
<stat pass="1" fail="0" skip="0">testeRequisicaoBasica</stat>
<stat pass="1" fail="0" skip="0">testeTiposDados</stat>
</tag>
<suite>
<stat pass="5" fail="0" skip="0" id="s1" name="Tests">Tests</stat>
<stat pass="5" fail="0" skip="0" id="s1-s1" name="Random-User-Test">Tests.Random-User-Test</stat>
</suite>
</statistics>
<errors>
</errors>
</robot>
