<?xml version="1.0" encoding="UTF-8"?>
<robot generator="Robot 7.0.1 (Python 3.12.4 on linux)" generated="2024-07-29T07:15:10.759744" rpa="false" schemaversion="5">
<suite id="s1" name="Tests" source="/home/runner/work/ApiRandomUser/ApiRandomUser/RamdonUser/tests">
<suite id="s1-s1" name="Random-User-Test" source="/home/runner/work/ApiRandomUser/ApiRandomUser/RamdonUser/tests/random-user-test.robot">
<test id="s1-s1-t1" name="Conectar" line="13">
<kw name="Conectar API" owner="random-user-service">
<kw name="Create Session" owner="RequestsLibrary">
<msg time="2024-07-29T07:15:11.133186" level="INFO">Creating Session using : alias=consultarAPI, url=https://randomuser.me/, headers={},                     cookies={}, auth=None, timeout=None, proxies=None, verify=False,                     debug=0 </msg>
<arg>consultarAPI</arg>
<arg>${URL}</arg>
<doc>Create Session: create a HTTP session to a server</doc>
<status status="PASS" start="2024-07-29T07:15:11.133001" elapsed="0.000347"/>
</kw>
<status status="PASS" start="2024-07-29T07:15:11.132045" elapsed="0.001635"/>
</kw>
<status status="PASS" start="2024-07-29T07:15:11.131521" elapsed="0.002350"/>
</test>
<test id="s1-s1-t2" name="Validar retorno 200 e JSON Válido" line="16">
<kw name="Teste de Requisicao Basica" owner="random-user-service">
<kw name="GET On Session" owner="RequestsLibrary">
<msg time="2024-07-29T07:15:13.039488" level="INFO">GET Request : url=https://randomuser.me/api 
 path_url=/api 
 headers={'User-Agent': 'python-requests/2.32.3', 'Accept-Encoding': 'gzip, deflate', 'Accept': '*/*', 'Connection': 'keep-alive'} 
 body=None 
 </msg>
<msg time="2024-07-29T07:15:13.039649" level="INFO">GET Response : url=https://randomuser.me/api 
 status=200, reason=OK 
 headers={'Date': 'Mon, 29 Jul 2024 07:15:13 GMT', 'Content-Type': 'application/json; charset=utf-8', 'Transfer-Encoding': 'chunked', 'Connection': 'keep-alive', 'X-Powered-By': 'Express', 'Access-Control-Allow-Origin': '*', 'Cache-Control': 'no-cache', 'ETag': 'W/"49a-YXHI05uuwT39Al/trnxQFFDY48E"', 'Vary': 'Accept-Encoding', 'Content-Encoding': 'gzip', 'CF-Cache-Status': 'DYNAMIC', 'Report-To': '{"endpoints":[{"url":"https:\\/\\/a.nel.cloudflare.com\\/report\\/v4?s=PvwYmgZud2GTZG2orKXOEAL%2Fftzt4hF0UGQKw%2BgP3kPxK6%2FLKKNpR6Ve2nPzglGTJtXweDI4OsGhZa0Ylm35RJMWjzhGPxLp6J31kwoNAMgushCaRGXKGef1z96W3N8C"}],"group":"cf-nel","max_age":604800}', 'NEL': '{"success_fraction":0,"report_to":"cf-nel","max_age":604800}', 'Server': 'cloudflare', 'CF-RAY': '8aab50fb7f16c5a7-IAD', 'alt-svc': 'h3=":443"; ma=86400'} 
 body={"results":[{"gender":"male","name":{"title":"Mr","first":"Stéphan","last":"Becht"},"location":{"street":{"number":3736,"name":"Jacobus van de Meijdenstraat"},"city":"Peperga","state":"Flevoland","country":"Netherlands","postcode":"1840 MA","coordinates":{"latitude":"36.3392","longitude":"-56.5118"},"timezone":{"offset":"-7:00","description":"Mountain Time (US &amp; Canada)"}},"email":"stephan.becht@example.com","login":{"uuid":"d025da19-5522-4ffb-bf73-c265ff18e31e","username":"heavyduck808","password":"waters","salt":"tuhk88TB","md5":"448e93556e60516934c4f0781844b811","sha1":"5f1dbe6cef30eb7afdede6fdb7de2599aafba468","sha256":"91df8bb81999e85e9750d467379ed8dda73ec6e4f462452fd2e33a9966aa4f38"},"dob":{"date":"1952-05-07T12:38:17.786Z","age":72},"registered":{"date":"2010-07-14T14:51:45.125Z","age":14},"phone":"(099) 1582086","cell":"(06) 07596169","id":{"name":"BSN","value":"48585856"},"picture":{"large":"https://randomuser.me/api/portraits/men/33.jpg","medium":"https://randomuser.me/api/portraits/med/men/33.jpg","thumbnail":"https://randomuser.me/api/portraits/thumb/men/33.jpg"},"nat":"NL"}],"info":{"seed":"b3696b6e66a546e1","results":1,"page":1,"version":"1.4"}} 
 </msg>
<msg time="2024-07-29T07:15:13.039746" level="INFO">/opt/hostedtoolcache/Python/3.12.4/x64/lib/python3.12/site-packages/urllib3/connectionpool.py:1099: InsecureRequestWarning: Unverified HTTPS request is being made to host 'randomuser.me'. Adding certificate verification is strongly advised. See: https://urllib3.readthedocs.io/en/latest/advanced-usage.html#tls-warnings
  warnings.warn(</msg>
<msg time="2024-07-29T07:15:13.039918" level="INFO">${response} = &lt;Response [200]&gt;</msg>
<var>${response}</var>
<arg>consultarAPI</arg>
<arg>/api</arg>
<doc>Sends a GET request on a previously created HTTP Session.</doc>
<status status="PASS" start="2024-07-29T07:15:11.136428" elapsed="1.903534"/>
</kw>
<kw name="Should Be Equal As Numbers" owner="BuiltIn">
<msg time="2024-07-29T07:15:13.040831" level="INFO">Argument types are:
&lt;class 'int'&gt;
&lt;class 'str'&gt;</msg>
<arg>${response.status_code}</arg>
<arg>200</arg>
<doc>Fails if objects are unequal after converting them to real numbers.</doc>
<status status="PASS" start="2024-07-29T07:15:13.040406" elapsed="0.000483"/>
</kw>
<kw name="Log" owner="BuiltIn">
<msg time="2024-07-29T07:15:13.041494" level="INFO">200</msg>
<arg>${response.status_code}</arg>
<doc>Logs the given message with the given level.</doc>
<status status="PASS" start="2024-07-29T07:15:13.041176" elapsed="0.000356"/>
</kw>
<kw name="Set Variable" owner="BuiltIn">
<msg time="2024-07-29T07:15:13.042208" level="INFO">${json_data} = {'results': [{'gender': 'male', 'name': {'title': 'Mr', 'first': 'Stéphan', 'last': 'Becht'}, 'location': {'street': {'number': 3736, 'name': 'Jacobus van de Meijdenstraat'}, 'city': 'Peperga', 'state...</msg>
<var>${json_data}</var>
<arg>${response.json()}</arg>
<doc>Returns the given values which can then be assigned to a variables.</doc>
<status status="PASS" start="2024-07-29T07:15:13.041808" elapsed="0.000427"/>
</kw>
<kw name="Dictionary Should Contain Key" owner="Collections">
<arg>${json_data}</arg>
<arg>results</arg>
<doc>Fails if ``key`` is not found from ``dictionary``.</doc>
<status status="PASS" start="2024-07-29T07:15:13.042513" elapsed="0.000279"/>
</kw>
<status status="PASS" start="2024-07-29T07:15:11.136187" elapsed="1.906761"/>
</kw>
<doc>Testa se a API responde corretamente e retorna um objeto JSON válido.</doc>
<tag>testeRequisicaoBasica</tag>
<status status="PASS" start="2024-07-29T07:15:11.135698" elapsed="1.907410"/>
</test>
<test id="s1-s1-t3" name="Validar estrutura de resposta" line="22">
<kw name="Teste de Estrutura de Resposta" owner="random-user-service">
<kw name="GET On Session" owner="RequestsLibrary">
<msg time="2024-07-29T07:15:13.610318" level="INFO">GET Request : url=https://randomuser.me/api 
 path_url=/api 
 headers={'User-Agent': 'python-requests/2.32.3', 'Accept-Encoding': 'gzip, deflate', 'Accept': '*/*', 'Connection': 'keep-alive'} 
 body=None 
 </msg>
<msg time="2024-07-29T07:15:13.610403" level="INFO">GET Response : url=https://randomuser.me/api 
 status=200, reason=OK 
 headers={'Date': 'Mon, 29 Jul 2024 07:15:13 GMT', 'Content-Type': 'application/json; charset=utf-8', 'Transfer-Encoding': 'chunked', 'Connection': 'keep-alive', 'X-Powered-By': 'Express', 'Access-Control-Allow-Origin': '*', 'Cache-Control': 'no-cache', 'ETag': 'W/"46f-4OmY+K6flhe5rX0hNoVRAzVFFYM"', 'Vary': 'Accept-Encoding', 'Content-Encoding': 'gzip', 'CF-Cache-Status': 'DYNAMIC', 'Report-To': '{"endpoints":[{"url":"https:\\/\\/a.nel.cloudflare.com\\/report\\/v4?s=unxiYcdpphJ0lbHWnZo%2BUx3GMGqL8cPVYgtGBUqoAdo2yrmCUbY9wc6OO4Z3kyN7cFCH85fNHHQty9g04psSDGbbeM8eT0DnHp0JsU4q8GShoyv9BZOtbHOrEBYDfmHn"}],"group":"cf-nel","max_age":604800}', 'NEL': '{"success_fraction":0,"report_to":"cf-nel","max_age":604800}', 'Server': 'cloudflare', 'CF-RAY': '8aab51068e9cc5a7-IAD', 'alt-svc': 'h3=":443"; ma=86400'} 
 body={"results":[{"gender":"male","name":{"title":"Mr","first":"Jayden","last":"Robinson"},"location":{"street":{"number":3315,"name":"Brougham Street"},"city":"Taupo","state":"Marlborough","country":"New Zealand","postcode":67257,"coordinates":{"latitude":"50.3361","longitude":"-134.7587"},"timezone":{"offset":"+3:30","description":"Tehran"}},"email":"jayden.robinson@example.com","login":{"uuid":"89951b6a-c4cd-472c-ad61-b449e1013855","username":"happycat747","password":"smith","salt":"WqU1CkX4","md5":"d75f21f67d3d400de741ee55f2db8e88","sha1":"68590d502b3b4dc1736edd848641efd96f3f2138","sha256":"bfc071424605f6413d449b4e0ed6d9737d4f27211b7ea2ddca9d152e07464903"},"dob":{"date":"1960-09-06T15:10:35.878Z","age":63},"registered":{"date":"2007-08-29T03:45:45.164Z","age":16},"phone":"(900)-025-3361","cell":"(939)-994-0874","id":{"name":"","value":null},"picture":{"large":"https://randomuser.me/api/portraits/men/57.jpg","medium":"https://randomuser.me/api/portraits/med/men/57.jpg","thumbnail":"https://randomuser.me/api/portraits/thumb/men/57.jpg"},"nat":"NZ"}],"info":{"seed":"8c05f5d00a759f5c","results":1,"page":1,"version":"1.4"}} 
 </msg>
<msg time="2024-07-29T07:15:13.610523" level="INFO">/opt/hostedtoolcache/Python/3.12.4/x64/lib/python3.12/site-packages/urllib3/connectionpool.py:1099: InsecureRequestWarning: Unverified HTTPS request is being made to host 'randomuser.me'. Adding certificate verification is strongly advised. See: https://urllib3.readthedocs.io/en/latest/advanced-usage.html#tls-warnings
  warnings.warn(</msg>
<msg time="2024-07-29T07:15:13.610669" level="INFO">${response} = &lt;Response [200]&gt;</msg>
<var>${response}</var>
<arg>consultarAPI</arg>
<arg>/api</arg>
<doc>Sends a GET request on a previously created HTTP Session.</doc>
<status status="PASS" start="2024-07-29T07:15:13.045845" elapsed="0.564867"/>
</kw>
<kw name="Set Variable" owner="BuiltIn">
<msg time="2024-07-29T07:15:13.611542" level="INFO">${json_data} = {'results': [{'gender': 'male', 'name': {'title': 'Mr', 'first': 'Jayden', 'last': 'Robinson'}, 'location': {'street': {'number': 3315, 'name': 'Brougham Street'}, 'city': 'Taupo', 'state': 'Marlborou...</msg>
<var>${json_data}</var>
<arg>${response.json()}</arg>
<doc>Returns the given values which can then be assigned to a variables.</doc>
<status status="PASS" start="2024-07-29T07:15:13.611096" elapsed="0.000474"/>
</kw>
<kw name="Log" owner="BuiltIn">
<msg time="2024-07-29T07:15:13.612073" level="INFO">{'results': [{'gender': 'male', 'name': {'title': 'Mr', 'first': 'Jayden', 'last': 'Robinson'}, 'location': {'street': {'number': 3315, 'name': 'Brougham Street'}, 'city': 'Taupo', 'state': 'Marlborough', 'country': 'New Zealand', 'postcode': 67257, 'coordinates': {'latitude': '50.3361', 'longitude': '-134.7587'}, 'timezone': {'offset': '+3:30', 'description': 'Tehran'}}, 'email': 'jayden.robinson@example.com', 'login': {'uuid': '89951b6a-c4cd-472c-ad61-b449e1013855', 'username': 'happycat747', 'password': 'smith', 'salt': 'WqU1CkX4', 'md5': 'd75f21f67d3d400de741ee55f2db8e88', 'sha1': '68590d502b3b4dc1736edd848641efd96f3f2138', 'sha256': 'bfc071424605f6413d449b4e0ed6d9737d4f27211b7ea2ddca9d152e07464903'}, 'dob': {'date': '1960-09-06T15:10:35.878Z', 'age': 63}, 'registered': {'date': '2007-08-29T03:45:45.164Z', 'age': 16}, 'phone': '(900)-025-3361', 'cell': '(939)-994-0874', 'id': {'name': '', 'value': None}, 'picture': {'large': 'https://randomuser.me/api/portraits/men/57.jpg', 'medium': 'https://randomuser.me/api/portraits/med/men/57.jpg', 'thumbnail': 'https://randomuser.me/api/portraits/thumb/men/57.jpg'}, 'nat': 'NZ'}], 'info': {'seed': '8c05f5d00a759f5c', 'results': 1, 'page': 1, 'version': '1.4'}}</msg>
<arg>${json_data}</arg>
<doc>Logs the given message with the given level.</doc>
<status status="PASS" start="2024-07-29T07:15:13.611917" elapsed="0.000207"/>
</kw>
<kw name="Dictionary Should Contain Key" owner="Collections">
<arg>${json_data}</arg>
<arg>results</arg>
<doc>Fails if ``key`` is not found from ``dictionary``.</doc>
<status status="PASS" start="2024-07-29T07:15:13.612413" elapsed="0.000153"/>
</kw>
<kw name="Should Not Be Empty" owner="BuiltIn">
<msg time="2024-07-29T07:15:13.612869" level="INFO">Length is 2.</msg>
<arg>${json_data}</arg>
<doc>Verifies that the given item is not empty.</doc>
<status status="PASS" start="2024-07-29T07:15:13.612745" elapsed="0.000158"/>
</kw>
<kw name="Create List" owner="BuiltIn">
<msg time="2024-07-29T07:15:13.613298" level="INFO">${expected_keys} = ['gender', 'name', 'location', 'email', 'login']</msg>
<var>${expected_keys}</var>
<arg>gender</arg>
<arg>name</arg>
<arg>location</arg>
<arg>email</arg>
<arg>login</arg>
<doc>Returns a list containing given items.</doc>
<status status="PASS" start="2024-07-29T07:15:13.613164" elapsed="0.000156"/>
</kw>
<for flavor="IN">
<iter>
<kw name="Dictionary Should Contain Key" owner="Collections">
<arg>${json_data['results'][0]}</arg>
<arg>${key}</arg>
<doc>Fails if ``key`` is not found from ``dictionary``.</doc>
<status status="PASS" start="2024-07-29T07:15:13.613866" elapsed="0.000398"/>
</kw>
<kw name="Log" owner="BuiltIn">
<msg time="2024-07-29T07:15:13.614806" level="INFO">{'gender': 'male', 'name': {'title': 'Mr', 'first': 'Jayden', 'last': 'Robinson'}, 'location': {'street': {'number': 3315, 'name': 'Brougham Street'}, 'city': 'Taupo', 'state': 'Marlborough', 'country': 'New Zealand', 'postcode': 67257, 'coordinates': {'latitude': '50.3361', 'longitude': '-134.7587'}, 'timezone': {'offset': '+3:30', 'description': 'Tehran'}}, 'email': 'jayden.robinson@example.com', 'login': {'uuid': '89951b6a-c4cd-472c-ad61-b449e1013855', 'username': 'happycat747', 'password': 'smith', 'salt': 'WqU1CkX4', 'md5': 'd75f21f67d3d400de741ee55f2db8e88', 'sha1': '68590d502b3b4dc1736edd848641efd96f3f2138', 'sha256': 'bfc071424605f6413d449b4e0ed6d9737d4f27211b7ea2ddca9d152e07464903'}, 'dob': {'date': '1960-09-06T15:10:35.878Z', 'age': 63}, 'registered': {'date': '2007-08-29T03:45:45.164Z', 'age': 16}, 'phone': '(900)-025-3361', 'cell': '(939)-994-0874', 'id': {'name': '', 'value': None}, 'picture': {'large': 'https://randomuser.me/api/portraits/men/57.jpg', 'medium': 'https://randomuser.me/api/portraits/med/men/57.jpg', 'thumbnail': 'https://randomuser.me/api/portraits/thumb/men/57.jpg'}, 'nat': 'NZ'}</msg>
<arg>${json_data['results'][0]}</arg>
<doc>Logs the given message with the given level.</doc>
<status status="PASS" start="2024-07-29T07:15:13.614454" elapsed="0.000410"/>
</kw>
<kw name="Log" owner="BuiltIn">
<msg time="2024-07-29T07:15:13.615280" level="INFO">gender</msg>
<arg>${key}</arg>
<doc>Logs the given message with the given level.</doc>
<status status="PASS" start="2024-07-29T07:15:13.615154" elapsed="0.000163"/>
</kw>
<var name="${key}">gender</var>
<status status="PASS" start="2024-07-29T07:15:13.613745" elapsed="0.001783"/>
</iter>
<iter>
<kw name="Dictionary Should Contain Key" owner="Collections">
<arg>${json_data['results'][0]}</arg>
<arg>${key}</arg>
<doc>Fails if ``key`` is not found from ``dictionary``.</doc>
<status status="PASS" start="2024-07-29T07:15:13.615835" elapsed="0.000391"/>
</kw>
<kw name="Log" owner="BuiltIn">
<msg time="2024-07-29T07:15:13.616754" level="INFO">{'gender': 'male', 'name': {'title': 'Mr', 'first': 'Jayden', 'last': 'Robinson'}, 'location': {'street': {'number': 3315, 'name': 'Brougham Street'}, 'city': 'Taupo', 'state': 'Marlborough', 'country': 'New Zealand', 'postcode': 67257, 'coordinates': {'latitude': '50.3361', 'longitude': '-134.7587'}, 'timezone': {'offset': '+3:30', 'description': 'Tehran'}}, 'email': 'jayden.robinson@example.com', 'login': {'uuid': '89951b6a-c4cd-472c-ad61-b449e1013855', 'username': 'happycat747', 'password': 'smith', 'salt': 'WqU1CkX4', 'md5': 'd75f21f67d3d400de741ee55f2db8e88', 'sha1': '68590d502b3b4dc1736edd848641efd96f3f2138', 'sha256': 'bfc071424605f6413d449b4e0ed6d9737d4f27211b7ea2ddca9d152e07464903'}, 'dob': {'date': '1960-09-06T15:10:35.878Z', 'age': 63}, 'registered': {'date': '2007-08-29T03:45:45.164Z', 'age': 16}, 'phone': '(900)-025-3361', 'cell': '(939)-994-0874', 'id': {'name': '', 'value': None}, 'picture': {'large': 'https://randomuser.me/api/portraits/men/57.jpg', 'medium': 'https://randomuser.me/api/portraits/med/men/57.jpg', 'thumbnail': 'https://randomuser.me/api/portraits/thumb/men/57.jpg'}, 'nat': 'NZ'}</msg>
<arg>${json_data['results'][0]}</arg>
<doc>Logs the given message with the given level.</doc>
<status status="PASS" start="2024-07-29T07:15:13.616404" elapsed="0.000430"/>
</kw>
<kw name="Log" owner="BuiltIn">
<msg time="2024-07-29T07:15:13.617254" level="INFO">name</msg>
<arg>${key}</arg>
<doc>Logs the given message with the given level.</doc>
<status status="PASS" start="2024-07-29T07:15:13.617129" elapsed="0.000161"/>
</kw>
<var name="${key}">name</var>
<status status="PASS" start="2024-07-29T07:15:13.615706" elapsed="0.001794"/>
</iter>
<iter>
<kw name="Dictionary Should Contain Key" owner="Collections">
<arg>${json_data['results'][0]}</arg>
<arg>${key}</arg>
<doc>Fails if ``key`` is not found from ``dictionary``.</doc>
<status status="PASS" start="2024-07-29T07:15:13.617774" elapsed="0.000375"/>
</kw>
<kw name="Log" owner="BuiltIn">
<msg time="2024-07-29T07:15:13.618678" level="INFO">{'gender': 'male', 'name': {'title': 'Mr', 'first': 'Jayden', 'last': 'Robinson'}, 'location': {'street': {'number': 3315, 'name': 'Brougham Street'}, 'city': 'Taupo', 'state': 'Marlborough', 'country': 'New Zealand', 'postcode': 67257, 'coordinates': {'latitude': '50.3361', 'longitude': '-134.7587'}, 'timezone': {'offset': '+3:30', 'description': 'Tehran'}}, 'email': 'jayden.robinson@example.com', 'login': {'uuid': '89951b6a-c4cd-472c-ad61-b449e1013855', 'username': 'happycat747', 'password': 'smith', 'salt': 'WqU1CkX4', 'md5': 'd75f21f67d3d400de741ee55f2db8e88', 'sha1': '68590d502b3b4dc1736edd848641efd96f3f2138', 'sha256': 'bfc071424605f6413d449b4e0ed6d9737d4f27211b7ea2ddca9d152e07464903'}, 'dob': {'date': '1960-09-06T15:10:35.878Z', 'age': 63}, 'registered': {'date': '2007-08-29T03:45:45.164Z', 'age': 16}, 'phone': '(900)-025-3361', 'cell': '(939)-994-0874', 'id': {'name': '', 'value': None}, 'picture': {'large': 'https://randomuser.me/api/portraits/men/57.jpg', 'medium': 'https://randomuser.me/api/portraits/med/men/57.jpg', 'thumbnail': 'https://randomuser.me/api/portraits/thumb/men/57.jpg'}, 'nat': 'NZ'}</msg>
<arg>${json_data['results'][0]}</arg>
<doc>Logs the given message with the given level.</doc>
<status status="PASS" start="2024-07-29T07:15:13.618334" elapsed="0.000392"/>
</kw>
<kw name="Log" owner="BuiltIn">
<msg time="2024-07-29T07:15:13.619167" level="INFO">location</msg>
<arg>${key}</arg>
<doc>Logs the given message with the given level.</doc>
<status status="PASS" start="2024-07-29T07:15:13.619014" elapsed="0.000191"/>
</kw>
<var name="${key}">location</var>
<status status="PASS" start="2024-07-29T07:15:13.617670" elapsed="0.001750"/>
</iter>
<iter>
<kw name="Dictionary Should Contain Key" owner="Collections">
<arg>${json_data['results'][0]}</arg>
<arg>${key}</arg>
<doc>Fails if ``key`` is not found from ``dictionary``.</doc>
<status status="PASS" start="2024-07-29T07:15:13.619691" elapsed="0.000401"/>
</kw>
<kw name="Log" owner="BuiltIn">
<msg time="2024-07-29T07:15:13.620734" level="INFO">{'gender': 'male', 'name': {'title': 'Mr', 'first': 'Jayden', 'last': 'Robinson'}, 'location': {'street': {'number': 3315, 'name': 'Brougham Street'}, 'city': 'Taupo', 'state': 'Marlborough', 'country': 'New Zealand', 'postcode': 67257, 'coordinates': {'latitude': '50.3361', 'longitude': '-134.7587'}, 'timezone': {'offset': '+3:30', 'description': 'Tehran'}}, 'email': 'jayden.robinson@example.com', 'login': {'uuid': '89951b6a-c4cd-472c-ad61-b449e1013855', 'username': 'happycat747', 'password': 'smith', 'salt': 'WqU1CkX4', 'md5': 'd75f21f67d3d400de741ee55f2db8e88', 'sha1': '68590d502b3b4dc1736edd848641efd96f3f2138', 'sha256': 'bfc071424605f6413d449b4e0ed6d9737d4f27211b7ea2ddca9d152e07464903'}, 'dob': {'date': '1960-09-06T15:10:35.878Z', 'age': 63}, 'registered': {'date': '2007-08-29T03:45:45.164Z', 'age': 16}, 'phone': '(900)-025-3361', 'cell': '(939)-994-0874', 'id': {'name': '', 'value': None}, 'picture': {'large': 'https://randomuser.me/api/portraits/men/57.jpg', 'medium': 'https://randomuser.me/api/portraits/med/men/57.jpg', 'thumbnail': 'https://randomuser.me/api/portraits/thumb/men/57.jpg'}, 'nat': 'NZ'}</msg>
<arg>${json_data['results'][0]}</arg>
<doc>Logs the given message with the given level.</doc>
<status status="PASS" start="2024-07-29T07:15:13.620385" elapsed="0.000407"/>
</kw>
<kw name="Log" owner="BuiltIn">
<msg time="2024-07-29T07:15:13.621210" level="INFO">email</msg>
<arg>${key}</arg>
<doc>Logs the given message with the given level.</doc>
<status status="PASS" start="2024-07-29T07:15:13.621083" elapsed="0.000165"/>
</kw>
<var name="${key}">email</var>
<status status="PASS" start="2024-07-29T07:15:13.619587" elapsed="0.001871"/>
</iter>
<iter>
<kw name="Dictionary Should Contain Key" owner="Collections">
<arg>${json_data['results'][0]}</arg>
<arg>${key}</arg>
<doc>Fails if ``key`` is not found from ``dictionary``.</doc>
<status status="PASS" start="2024-07-29T07:15:13.621732" elapsed="0.000374"/>
</kw>
<kw name="Log" owner="BuiltIn">
<msg time="2024-07-29T07:15:13.622635" level="INFO">{'gender': 'male', 'name': {'title': 'Mr', 'first': 'Jayden', 'last': 'Robinson'}, 'location': {'street': {'number': 3315, 'name': 'Brougham Street'}, 'city': 'Taupo', 'state': 'Marlborough', 'country': 'New Zealand', 'postcode': 67257, 'coordinates': {'latitude': '50.3361', 'longitude': '-134.7587'}, 'timezone': {'offset': '+3:30', 'description': 'Tehran'}}, 'email': 'jayden.robinson@example.com', 'login': {'uuid': '89951b6a-c4cd-472c-ad61-b449e1013855', 'username': 'happycat747', 'password': 'smith', 'salt': 'WqU1CkX4', 'md5': 'd75f21f67d3d400de741ee55f2db8e88', 'sha1': '68590d502b3b4dc1736edd848641efd96f3f2138', 'sha256': 'bfc071424605f6413d449b4e0ed6d9737d4f27211b7ea2ddca9d152e07464903'}, 'dob': {'date': '1960-09-06T15:10:35.878Z', 'age': 63}, 'registered': {'date': '2007-08-29T03:45:45.164Z', 'age': 16}, 'phone': '(900)-025-3361', 'cell': '(939)-994-0874', 'id': {'name': '', 'value': None}, 'picture': {'large': 'https://randomuser.me/api/portraits/men/57.jpg', 'medium': 'https://randomuser.me/api/portraits/med/men/57.jpg', 'thumbnail': 'https://randomuser.me/api/portraits/thumb/men/57.jpg'}, 'nat': 'NZ'}</msg>
<arg>${json_data['results'][0]}</arg>
<doc>Logs the given message with the given level.</doc>
<status status="PASS" start="2024-07-29T07:15:13.622287" elapsed="0.000395"/>
</kw>
<kw name="Log" owner="BuiltIn">
<msg time="2024-07-29T07:15:13.623092" level="INFO">login</msg>
<arg>${key}</arg>
<doc>Logs the given message with the given level.</doc>
<status status="PASS" start="2024-07-29T07:15:13.622968" elapsed="0.000160"/>
</kw>
<var name="${key}">login</var>
<status status="PASS" start="2024-07-29T07:15:13.621627" elapsed="0.001711"/>
</iter>
<var>${key}</var>
<value>@{expected_keys}</value>
<status status="PASS" start="2024-07-29T07:15:13.613568" elapsed="0.009888"/>
</for>
<kw name="Create List" owner="BuiltIn">
<msg time="2024-07-29T07:15:13.623769" level="INFO">${expected_keysTwo} = ['username', 'password']</msg>
<var>${expected_keysTwo}</var>
<arg>username</arg>
<arg>password</arg>
<doc>Returns a list containing given items.</doc>
<status status="PASS" start="2024-07-29T07:15:13.623638" elapsed="0.000175"/>
</kw>
<for flavor="IN">
<iter>
<kw name="Dictionary Should Contain Key" owner="Collections">
<arg>${json_data['results'][0]['login']}</arg>
<arg>${keyTwo}</arg>
<doc>Fails if ``key`` is not found from ``dictionary``.</doc>
<status status="PASS" start="2024-07-29T07:15:13.624332" elapsed="0.000382"/>
</kw>
<kw name="Dictionary Should Contain Key" owner="Collections">
<arg>${json_data['results'][0]['login']}</arg>
<arg>${keyTwo}</arg>
<doc>Fails if ``key`` is not found from ``dictionary``.</doc>
<status status="PASS" start="2024-07-29T07:15:13.624891" elapsed="0.000369"/>
</kw>
<kw name="Log" owner="BuiltIn">
<msg time="2024-07-29T07:15:13.625553" level="INFO">username</msg>
<arg>${keyTwo}</arg>
<doc>Logs the given message with the given level.</doc>
<status status="PASS" start="2024-07-29T07:15:13.625434" elapsed="0.000156"/>
</kw>
<var name="${keyTwo}">username</var>
<status status="PASS" start="2024-07-29T07:15:13.624229" elapsed="0.001580"/>
</iter>
<iter>
<kw name="Dictionary Should Contain Key" owner="Collections">
<arg>${json_data['results'][0]['login']}</arg>
<arg>${keyTwo}</arg>
<doc>Fails if ``key`` is not found from ``dictionary``.</doc>
<status status="PASS" start="2024-07-29T07:15:13.626084" elapsed="0.000373"/>
</kw>
<kw name="Dictionary Should Contain Key" owner="Collections">
<arg>${json_data['results'][0]['login']}</arg>
<arg>${keyTwo}</arg>
<doc>Fails if ``key`` is not found from ``dictionary``.</doc>
<status status="PASS" start="2024-07-29T07:15:13.626631" elapsed="0.000370"/>
</kw>
<kw name="Log" owner="BuiltIn">
<msg time="2024-07-29T07:15:13.627306" level="INFO">password</msg>
<arg>${keyTwo}</arg>
<doc>Logs the given message with the given level.</doc>
<status status="PASS" start="2024-07-29T07:15:13.627182" elapsed="0.000160"/>
</kw>
<var name="${keyTwo}">password</var>
<status status="PASS" start="2024-07-29T07:15:13.625977" elapsed="0.001581"/>
</iter>
<var>${keyTwo}</var>
<value>@{expected_keysTwo}</value>
<status status="PASS" start="2024-07-29T07:15:13.624079" elapsed="0.003597"/>
</for>
<status status="PASS" start="2024-07-29T07:15:13.045516" elapsed="0.582315"/>
</kw>
<doc>Testa a estrutura da resposta da API.</doc>
<tag>testeEstruturaResposta</tag>
<status status="PASS" start="2024-07-29T07:15:13.044808" elapsed="0.583177"/>
</test>
<test id="s1-s1-t4" name="Validar tipos de dados" line="28">
<kw name="Teste de Tipos de Dados" owner="random-user-service">
<kw name="GET On Session" owner="RequestsLibrary">
<msg time="2024-07-29T07:15:13.790740" level="INFO">GET Request : url=https://randomuser.me/api 
 path_url=/api 
 headers={'User-Agent': 'python-requests/2.32.3', 'Accept-Encoding': 'gzip, deflate', 'Accept': '*/*', 'Connection': 'keep-alive'} 
 body=None 
 </msg>
<msg time="2024-07-29T07:15:13.790825" level="INFO">GET Response : url=https://randomuser.me/api 
 status=200, reason=OK 
 headers={'Date': 'Mon, 29 Jul 2024 07:15:13 GMT', 'Content-Type': 'application/json; charset=utf-8', 'Transfer-Encoding': 'chunked', 'Connection': 'keep-alive', 'X-Powered-By': 'Express', 'Access-Control-Allow-Origin': '*', 'Cache-Control': 'no-cache', 'ETag': 'W/"490-27MFo12SVlIAXgDXGA0fITHGJk0"', 'Vary': 'Accept-Encoding', 'Content-Encoding': 'gzip', 'cf-cache-status': 'DYNAMIC', 'Report-To': '{"endpoints":[{"url":"https:\\/\\/a.nel.cloudflare.com\\/report\\/v4?s=mo0RtDm1s6N4JCCwRaPHqioch62hCA1ui8GtSCDMSk%2BOCXjLtuAJZYNx2aYp06bh3wDfPV7JMWLw53Ej7DbBQ9TTtfVTyefupt03xREVU0ajr%2BdMYgIX2MA%2BDajIWq0f"}],"group":"cf-nel","max_age":604800}', 'NEL': '{"success_fraction":0,"report_to":"cf-nel","max_age":604800}', 'Server': 'cloudflare', 'CF-RAY': '8aab510a38f1c5a7-IAD', 'alt-svc': 'h3=":443"; ma=86400'} 
 body={"results":[{"gender":"female","name":{"title":"Mrs","first":"Ida","last":"Sviland"},"location":{"street":{"number":5408,"name":"Kalbakkslyngen"},"city":"Lærdalsøyri","state":"Hedmark","country":"Norway","postcode":"4376","coordinates":{"latitude":"45.7915","longitude":"61.0651"},"timezone":{"offset":"-4:00","description":"Atlantic Time (Canada), Caracas, La Paz"}},"email":"ida.sviland@example.com","login":{"uuid":"6d848674-f56d-420c-9873-e30442b57bc4","username":"brownwolf315","password":"johnny1","salt":"uAYjaV1F","md5":"6eb95252ba2f4dc89b1ce4fae9712e60","sha1":"827e23b179d1c4822bedded399aff8d918151942","sha256":"b2f9c01bd6182bdd77560d25e2081496c506541e63931f908dd547ac9dc66c18"},"dob":{"date":"1946-03-16T22:11:43.960Z","age":78},"registered":{"date":"2007-11-03T20:50:44.145Z","age":16},"phone":"27347721","cell":"43537834","id":{"name":"FN","value":"16034636862"},"picture":{"large":"https://randomuser.me/api/portraits/women/29.jpg","medium":"https://randomuser.me/api/portraits/med/women/29.jpg","thumbnail":"https://randomuser.me/api/portraits/thumb/women/29.jpg"},"nat":"NO"}],"info":{"seed":"9fc71c70ce09ebff","results":1,"page":1,"version":"1.4"}} 
 </msg>
<msg time="2024-07-29T07:15:13.790898" level="INFO">/opt/hostedtoolcache/Python/3.12.4/x64/lib/python3.12/site-packages/urllib3/connectionpool.py:1099: InsecureRequestWarning: Unverified HTTPS request is being made to host 'randomuser.me'. Adding certificate verification is strongly advised. See: https://urllib3.readthedocs.io/en/latest/advanced-usage.html#tls-warnings
  warnings.warn(</msg>
<msg time="2024-07-29T07:15:13.791017" level="INFO">${response} = &lt;Response [200]&gt;</msg>
<var>${response}</var>
<arg>consultarAPI</arg>
<arg>/api</arg>
<doc>Sends a GET request on a previously created HTTP Session.</doc>
<status status="PASS" start="2024-07-29T07:15:13.630301" elapsed="0.160775"/>
</kw>
<kw name="Set Variable" owner="BuiltIn">
<msg time="2024-07-29T07:15:13.792112" level="INFO">${json_data} = {'results': [{'gender': 'female', 'name': {'title': 'Mrs', 'first': 'Ida', 'last': 'Sviland'}, 'location': {'street': {'number': 5408, 'name': 'Kalbakkslyngen'}, 'city': 'Lærdalsøyri', 'state': 'Hedma...</msg>
<var>${json_data}</var>
<arg>${response.json()}</arg>
<doc>Returns the given values which can then be assigned to a variables.</doc>
<status status="PASS" start="2024-07-29T07:15:13.791527" elapsed="0.000614"/>
</kw>
<kw name="Log" owner="BuiltIn">
<msg time="2024-07-29T07:15:13.792601" level="INFO">{'results': [{'gender': 'female', 'name': {'title': 'Mrs', 'first': 'Ida', 'last': 'Sviland'}, 'location': {'street': {'number': 5408, 'name': 'Kalbakkslyngen'}, 'city': 'Lærdalsøyri', 'state': 'Hedmark', 'country': 'Norway', 'postcode': '4376', 'coordinates': {'latitude': '45.7915', 'longitude': '61.0651'}, 'timezone': {'offset': '-4:00', 'description': 'Atlantic Time (Canada), Caracas, La Paz'}}, 'email': 'ida.sviland@example.com', 'login': {'uuid': '6d848674-f56d-420c-9873-e30442b57bc4', 'username': 'brownwolf315', 'password': 'johnny1', 'salt': 'uAYjaV1F', 'md5': '6eb95252ba2f4dc89b1ce4fae9712e60', 'sha1': '827e23b179d1c4822bedded399aff8d918151942', 'sha256': 'b2f9c01bd6182bdd77560d25e2081496c506541e63931f908dd547ac9dc66c18'}, 'dob': {'date': '1946-03-16T22:11:43.960Z', 'age': 78}, 'registered': {'date': '2007-11-03T20:50:44.145Z', 'age': 16}, 'phone': '27347721', 'cell': '43537834', 'id': {'name': 'FN', 'value': '16034636862'}, 'picture': {'large': 'https://randomuser.me/api/portraits/women/29.jpg', 'medium': 'https://randomuser.me/api/portraits/med/women/29.jpg', 'thumbnail': 'https://randomuser.me/api/portraits/thumb/women/29.jpg'}, 'nat': 'NO'}], 'info': {'seed': '9fc71c70ce09ebff', 'results': 1, 'page': 1, 'version': '1.4'}}</msg>
<arg>${json_data}</arg>
<doc>Logs the given message with the given level.</doc>
<status status="PASS" start="2024-07-29T07:15:13.792446" elapsed="0.000203"/>
</kw>
<kw name="Should Be String" owner="String">
<arg>${json_data['results'][0]['gender']}</arg>
<doc>Fails if the given ``item`` is not a string.</doc>
<status status="PASS" start="2024-07-29T07:15:13.792941" elapsed="0.000403"/>
</kw>
<kw name="Should Match Regexp" owner="BuiltIn">
<arg>${json_data['results'][0]['email']}</arg>
<arg>^[a-zA-Z0-9._%+-]+@[a-zA-Z0-9.-]+\.[a-zA-Z]{2,}$</arg>
<doc>Fails if ``string`` does not match ``pattern`` as a regular expression.</doc>
<status status="PASS" start="2024-07-29T07:15:13.793532" elapsed="0.000509"/>
</kw>
<kw name="Should Match Regexp" owner="BuiltIn">
<arg>${json_data['results'][0]['dob']['date']}</arg>
<arg>\\d{4}-\\d{2}-\\d{2}T\\d{2}:\\d{2}:\\d{2}\\.\\d{3}Z</arg>
<doc>Fails if ``string`` does not match ``pattern`` as a regular expression.</doc>
<status status="PASS" start="2024-07-29T07:15:13.794264" elapsed="0.000613"/>
</kw>
<kw name="Should Match Regexp" owner="BuiltIn">
<arg>${json_data['results'][0]['registered']['date']}</arg>
<arg>\\d{4}-\\d{2}-\\d{2}T\\d{2}:\\d{2}:\\d{2}\\.\\d{3}Z</arg>
<doc>Fails if ``string`` does not match ``pattern`` as a regular expression.</doc>
<status status="PASS" start="2024-07-29T07:15:13.795076" elapsed="0.000373"/>
</kw>
<kw name="Should Match Regexp" owner="BuiltIn">
<arg>${json_data['results'][0]['picture']['large']}</arg>
<arg>^https?://.*\.(?:png|jpe?g|gif|bmp)$</arg>
<doc>Fails if ``string`` does not match ``pattern`` as a regular expression.</doc>
<status status="PASS" start="2024-07-29T07:15:13.795633" elapsed="0.000499"/>
</kw>
<kw name="Should Match Regexp" owner="BuiltIn">
<arg>${json_data['results'][0]['picture']['medium']}</arg>
<arg>^https?://.*\.(?:png|jpe?g|gif|bmp)$</arg>
<doc>Fails if ``string`` does not match ``pattern`` as a regular expression.</doc>
<status status="PASS" start="2024-07-29T07:15:13.796330" elapsed="0.000357"/>
</kw>
<kw name="Should Match Regexp" owner="BuiltIn">
<arg>${json_data['results'][0]['picture']['thumbnail']}</arg>
<arg>^https?://.*\.(?:png|jpe?g|gif|bmp)$</arg>
<doc>Fails if ``string`` does not match ``pattern`` as a regular expression.</doc>
<status status="PASS" start="2024-07-29T07:15:13.796869" elapsed="0.000352"/>
</kw>
<kw name="Log" owner="BuiltIn">
<msg time="2024-07-29T07:15:13.797721" level="INFO">{'large': 'https://randomuser.me/api/portraits/women/29.jpg', 'medium': 'https://randomuser.me/api/portraits/med/women/29.jpg', 'thumbnail': 'https://randomuser.me/api/portraits/thumb/women/29.jpg'}</msg>
<arg>${json_data['results'][0]['picture']}</arg>
<doc>Logs the given message with the given level.</doc>
<status status="PASS" start="2024-07-29T07:15:13.797401" elapsed="0.000363"/>
</kw>
<status status="PASS" start="2024-07-29T07:15:13.630088" elapsed="0.167937"/>
</kw>
<kw name="Teste de Tipos de Dados - Postcode" owner="random-user-service">
<kw name="GET On Session" owner="RequestsLibrary">
<msg time="2024-07-29T07:15:13.898676" level="INFO">GET Request : url=https://randomuser.me/api 
 path_url=/api 
 headers={'User-Agent': 'python-requests/2.32.3', 'Accept-Encoding': 'gzip, deflate', 'Accept': '*/*', 'Connection': 'keep-alive'} 
 body=None 
 </msg>
<msg time="2024-07-29T07:15:13.898757" level="INFO">GET Response : url=https://randomuser.me/api 
 status=200, reason=OK 
 headers={'Date': 'Mon, 29 Jul 2024 07:15:13 GMT', 'Content-Type': 'application/json; charset=utf-8', 'Transfer-Encoding': 'chunked', 'Connection': 'keep-alive', 'X-Powered-By': 'Express', 'Access-Control-Allow-Origin': '*', 'Cache-Control': 'no-cache', 'ETag': 'W/"497-Apk8ZWNUNYo8TIF5Yj89URYfJc0"', 'Vary': 'Accept-Encoding', 'Content-Encoding': 'gzip', 'CF-Cache-Status': 'DYNAMIC', 'Report-To': '{"endpoints":[{"url":"https:\\/\\/a.nel.cloudflare.com\\/report\\/v4?s=oQgVVyHwgw3EGHbouzT5zy%2BRtxRri%2BDHDfc0Y5W5KJ4Yhq6LIVPQg1%2B4CHZDtMaOHveeW5EIiGwFtOBOMncjUo7O20rnjtFRwxeZITI6iVy0jhpm7hr3xTPeX75HQGAG"}],"group":"cf-nel","max_age":604800}', 'NEL': '{"success_fraction":0,"report_to":"cf-nel","max_age":604800}', 'Server': 'cloudflare', 'CF-RAY': '8aab510b499ac5a7-IAD', 'alt-svc': 'h3=":443"; ma=86400'} 
 body={"results":[{"gender":"female","name":{"title":"Miss","first":"Mirza","last":"Sales"},"location":{"street":{"number":4138,"name":"Rua Duque de Caxias "},"city":"Araruama","state":"Pernambuco","country":"Brazil","postcode":45803,"coordinates":{"latitude":"-77.5238","longitude":"9.5919"},"timezone":{"offset":"-7:00","description":"Mountain Time (US &amp; Canada)"}},"email":"mirza.sales@example.com","login":{"uuid":"be326509-6ee2-4c75-a015-19a36965dd6d","username":"greenbird660","password":"badger","salt":"55jWBtkc","md5":"1dd73c909a849b7c8f3cd04df3ed90c6","sha1":"2f54be13d6b710a7cc84388fe27f96bbe1b8f0f1","sha256":"7958af4dac8d14cf1131181567875fdf9355ec3534ad0cfd79c16044b60d8369"},"dob":{"date":"1982-06-30T04:41:27.213Z","age":42},"registered":{"date":"2006-06-16T06:39:39.685Z","age":18},"phone":"(64) 3883-8348","cell":"(96) 9195-8982","id":{"name":"CPF","value":"558.538.669-33"},"picture":{"large":"https://randomuser.me/api/portraits/women/36.jpg","medium":"https://randomuser.me/api/portraits/med/women/36.jpg","thumbnail":"https://randomuser.me/api/portraits/thumb/women/36.jpg"},"nat":"BR"}],"info":{"seed":"01b54f6895290ebd","results":1,"page":1,"version":"1.4"}} 
 </msg>
<msg time="2024-07-29T07:15:13.898830" level="INFO">/opt/hostedtoolcache/Python/3.12.4/x64/lib/python3.12/site-packages/urllib3/connectionpool.py:1099: InsecureRequestWarning: Unverified HTTPS request is being made to host 'randomuser.me'. Adding certificate verification is strongly advised. See: https://urllib3.readthedocs.io/en/latest/advanced-usage.html#tls-warnings
  warnings.warn(</msg>
<msg time="2024-07-29T07:15:13.898960" level="INFO">${response} = &lt;Response [200]&gt;</msg>
<var>${response}</var>
<arg>consultarAPI</arg>
<arg>/api</arg>
<doc>Sends a GET request on a previously created HTTP Session.</doc>
<status status="PASS" start="2024-07-29T07:15:13.798487" elapsed="0.100525"/>
</kw>
<kw name="Set Variable" owner="BuiltIn">
<msg time="2024-07-29T07:15:13.900135" level="INFO">${json_data} = {'results': [{'gender': 'female', 'name': {'title': 'Miss', 'first': 'Mirza', 'last': 'Sales'}, 'location': {'street': {'number': 4138, 'name': 'Rua Duque de Caxias '}, 'city': 'Araruama', 'state': 'P...</msg>
<var>${json_data}</var>
<arg>${response.json()}</arg>
<doc>Returns the given values which can then be assigned to a variables.</doc>
<status status="PASS" start="2024-07-29T07:15:13.899562" elapsed="0.000601"/>
</kw>
<kw name="Log" owner="BuiltIn">
<msg time="2024-07-29T07:15:13.900621" level="INFO">{'results': [{'gender': 'female', 'name': {'title': 'Miss', 'first': 'Mirza', 'last': 'Sales'}, 'location': {'street': {'number': 4138, 'name': 'Rua Duque de Caxias '}, 'city': 'Araruama', 'state': 'Pernambuco', 'country': 'Brazil', 'postcode': 45803, 'coordinates': {'latitude': '-77.5238', 'longitude': '9.5919'}, 'timezone': {'offset': '-7:00', 'description': 'Mountain Time (US &amp; Canada)'}}, 'email': 'mirza.sales@example.com', 'login': {'uuid': 'be326509-6ee2-4c75-a015-19a36965dd6d', 'username': 'greenbird660', 'password': 'badger', 'salt': '55jWBtkc', 'md5': '1dd73c909a849b7c8f3cd04df3ed90c6', 'sha1': '2f54be13d6b710a7cc84388fe27f96bbe1b8f0f1', 'sha256': '7958af4dac8d14cf1131181567875fdf9355ec3534ad0cfd79c16044b60d8369'}, 'dob': {'date': '1982-06-30T04:41:27.213Z', 'age': 42}, 'registered': {'date': '2006-06-16T06:39:39.685Z', 'age': 18}, 'phone': '(64) 3883-8348', 'cell': '(96) 9195-8982', 'id': {'name': 'CPF', 'value': '558.538.669-33'}, 'picture': {'large': 'https://randomuser.me/api/portraits/women/36.jpg', 'medium': 'https://randomuser.me/api/portraits/med/women/36.jpg', 'thumbnail': 'https://randomuser.me/api/portraits/thumb/women/36.jpg'}, 'nat': 'BR'}], 'info': {'seed': '01b54f6895290ebd', 'results': 1, 'page': 1, 'version': '1.4'}}</msg>
<arg>${json_data}</arg>
<doc>Logs the given message with the given level.</doc>
<status status="PASS" start="2024-07-29T07:15:13.900469" elapsed="0.000199"/>
</kw>
<kw name="Should Be Equal As Numbers" owner="BuiltIn">
<arg>${json_data['results'][0]['location']['postcode']}</arg>
<arg>${json_data['results'][0]['location']['postcode']}</arg>
<doc>Fails if objects are unequal after converting them to real numbers.</doc>
<status status="PASS" start="2024-07-29T07:15:13.900958" elapsed="0.000613"/>
</kw>
<kw name="Log" owner="BuiltIn">
<msg time="2024-07-29T07:15:13.902097" level="INFO">45803</msg>
<arg>${json_data['results'][0]['location']['postcode']}</arg>
<doc>Logs the given message with the given level.</doc>
<status status="PASS" start="2024-07-29T07:15:13.901764" elapsed="0.000373"/>
</kw>
<status status="PASS" start="2024-07-29T07:15:13.798251" elapsed="0.104159"/>
</kw>
<doc>Testa se os tipos de dados na resposta da API estão corretos.</doc>
<tag>testeTiposDados</tag>
<status status="PASS" start="2024-07-29T07:15:13.629668" elapsed="0.272901"/>
</test>
<test id="s1-s1-t5" name="Validar conteudo" line="35">
<kw name="Teste de Tipos de Conteudo" owner="random-user-service">
<kw name="GET On Session" owner="RequestsLibrary">
<msg time="2024-07-29T07:15:14.030715" level="INFO">GET Request : url=https://randomuser.me/api 
 path_url=/api 
 headers={'User-Agent': 'python-requests/2.32.3', 'Accept-Encoding': 'gzip, deflate', 'Accept': '*/*', 'Connection': 'keep-alive'} 
 body=None 
 </msg>
<msg time="2024-07-29T07:15:14.030778" level="INFO">GET Response : url=https://randomuser.me/api 
 status=200, reason=OK 
 headers={'Date': 'Mon, 29 Jul 2024 07:15:14 GMT', 'Content-Type': 'application/json; charset=utf-8', 'Transfer-Encoding': 'chunked', 'Connection': 'keep-alive', 'X-Powered-By': 'Express', 'Access-Control-Allow-Origin': '*', 'Cache-Control': 'no-cache', 'ETag': 'W/"496-H/cdoRiYBo7RNgJabCoGcwLqQus"', 'Vary': 'Accept-Encoding', 'Content-Encoding': 'gzip', 'CF-Cache-Status': 'DYNAMIC', 'Report-To': '{"endpoints":[{"url":"https:\\/\\/a.nel.cloudflare.com\\/report\\/v4?s=nNAtOKvomRRtecEFfgb1m4AbgOxhibpsqjCt690%2FjYiF%2FnnOsZeSeZ7Mpor9J%2FesKj49PZ%2FZvX44XsZTqqGBkbL4PmLkFtBfiPkwuI9Nb6rNbPe72F5ySZY%2BbA9w8RSA"}],"group":"cf-nel","max_age":604800}', 'NEL': '{"success_fraction":0,"report_to":"cf-nel","max_age":604800}', 'Server': 'cloudflare', 'CF-RAY': '8aab510bea2cc5a7-IAD', 'alt-svc': 'h3=":443"; ma=86400'} 
 body={"results":[{"gender":"male","name":{"title":"Mr","first":"Bruno","last":"de la Crúz"},"location":{"street":{"number":1774,"name":"Periférico Coronado"},"city":"Aporo","state":"Quintana Roo","country":"Mexico","postcode":20607,"coordinates":{"latitude":"21.4386","longitude":"-56.9381"},"timezone":{"offset":"-7:00","description":"Mountain Time (US &amp; Canada)"}},"email":"bruno.delacruz@example.com","login":{"uuid":"2432c0b1-d711-4c00-8bd0-17d0efdb7fb1","username":"ticklishbird180","password":"pixies","salt":"2EheXaas","md5":"b052855e6b52ec0b84bf0d4e7944db6c","sha1":"f836235962237b6585f148c471b9dc32c78fb7a9","sha256":"95e9b853e6964db662577abaa31765316326ed8f4a3ff180c6b9bf43ae19f1ca"},"dob":{"date":"1969-09-17T05:35:19.496Z","age":54},"registered":{"date":"2019-06-02T01:15:56.204Z","age":5},"phone":"(689) 874 9610","cell":"(600) 633 2350","id":{"name":"NSS","value":"27 73 08 2244 6"},"picture":{"large":"https://randomuser.me/api/portraits/men/5.jpg","medium":"https://randomuser.me/api/portraits/med/men/5.jpg","thumbnail":"https://randomuser.me/api/portraits/thumb/men/5.jpg"},"nat":"MX"}],"info":{"seed":"19703b5eb222f28a","results":1,"page":1,"version":"1.4"}} 
 </msg>
<msg time="2024-07-29T07:15:14.030835" level="INFO">/opt/hostedtoolcache/Python/3.12.4/x64/lib/python3.12/site-packages/urllib3/connectionpool.py:1099: InsecureRequestWarning: Unverified HTTPS request is being made to host 'randomuser.me'. Adding certificate verification is strongly advised. See: https://urllib3.readthedocs.io/en/latest/advanced-usage.html#tls-warnings
  warnings.warn(</msg>
<msg time="2024-07-29T07:15:14.030917" level="INFO">${response} = &lt;Response [200]&gt;</msg>
<var>${response}</var>
<arg>consultarAPI</arg>
<arg>/api</arg>
<doc>Sends a GET request on a previously created HTTP Session.</doc>
<status status="PASS" start="2024-07-29T07:15:13.905014" elapsed="0.125943"/>
</kw>
<kw name="Set Variable" owner="BuiltIn">
<msg time="2024-07-29T07:15:14.031987" level="INFO">${json_data} = {'results': [{'gender': 'male', 'name': {'title': 'Mr', 'first': 'Bruno', 'last': 'de la Crúz'}, 'location': {'street': {'number': 1774, 'name': 'Periférico Coronado'}, 'city': 'Aporo', 'state': 'Quin...</msg>
<var>${json_data}</var>
<arg>${response.json()}</arg>
<doc>Returns the given values which can then be assigned to a variables.</doc>
<status status="PASS" start="2024-07-29T07:15:14.031399" elapsed="0.000618"/>
</kw>
<kw name="Set Variable" owner="BuiltIn">
<msg time="2024-07-29T07:15:14.032701" level="INFO">${name_title} = Mr</msg>
<var>${name_title}</var>
<arg>${json_data["results"][0]["name"]["title"]}</arg>
<doc>Returns the given values which can then be assigned to a variables.</doc>
<status status="PASS" start="2024-07-29T07:15:14.032325" elapsed="0.000400"/>
</kw>
<kw name="Create List" owner="BuiltIn">
<msg time="2024-07-29T07:15:14.033130" level="INFO">${allowed_titles} = ['Mr', 'Ms', 'Miss', 'Mrs', 'Madame', 'Monsieur']</msg>
<var>${allowed_titles}</var>
<arg>Mr</arg>
<arg>Ms</arg>
<arg>Miss</arg>
<arg>Mrs</arg>
<arg>Madame</arg>
<arg>Monsieur</arg>
<doc>Returns a list containing given items.</doc>
<status status="PASS" start="2024-07-29T07:15:14.032993" elapsed="0.000160"/>
</kw>
<kw name="List Should Contain Value" owner="Collections">
<arg>${allowed_titles}</arg>
<arg>${name_title}</arg>
<doc>Fails if the ``value`` is not found from ``list``.</doc>
<status status="PASS" start="2024-07-29T07:15:14.033423" elapsed="0.000170"/>
</kw>
<kw name="Set Variable" owner="BuiltIn">
<msg time="2024-07-29T07:15:14.034135" level="INFO">${name_country} = MX</msg>
<var>${name_country}</var>
<arg>${json_data["results"][0]["nat"]}</arg>
<doc>Returns the given values which can then be assigned to a variables.</doc>
<status status="PASS" start="2024-07-29T07:15:14.033794" elapsed="0.000364"/>
</kw>
<kw name="Create List" owner="BuiltIn">
<msg time="2024-07-29T07:15:14.034967" level="INFO">${list_country} = ['AD', 'AE', 'AF', 'AG', 'AI', 'AL', 'AM', 'AO', 'AQ', 'AR', 'AS', 'AT', 'AU', 'AW', 'AX', 'AZ', 'BA', 'BB', 'BD', 'BE', 'BF', 'BG', 'BH', 'BI', 'BJ', 'BL', 'BM', 'BN', 'BO', 'BQ', 'BR', 'BS', 'BT', '...</msg>
<var>${list_country}</var>
<arg>AD</arg>
<arg>AE</arg>
<arg>AF</arg>
<arg>AG</arg>
<arg>AI</arg>
<arg>AL</arg>
<arg>AM</arg>
<arg>AO</arg>
<arg>AQ</arg>
<arg>AR</arg>
<arg>AS</arg>
<arg>AT</arg>
<arg>AU</arg>
<arg>AW</arg>
<arg>AX</arg>
<arg>AZ</arg>
<arg>BA</arg>
<arg>BB</arg>
<arg>BD</arg>
<arg>BE</arg>
<arg>BF</arg>
<arg>BG</arg>
<arg>BH</arg>
<arg>BI</arg>
<arg>BJ</arg>
<arg>BL</arg>
<arg>BM</arg>
<arg>BN</arg>
<arg>BO</arg>
<arg>BQ</arg>
<arg>BR</arg>
<arg>BS</arg>
<arg>BT</arg>
<arg>BV</arg>
<arg>BW</arg>
<arg>BY</arg>
<arg>BZ</arg>
<arg>CA</arg>
<arg>CC</arg>
<arg>CD</arg>
<arg>CF</arg>
<arg>CG</arg>
<arg>CH</arg>
<arg>CI</arg>
<arg>CK</arg>
<arg>CL</arg>
<arg>CM</arg>
<arg>CN</arg>
<arg>CO</arg>
<arg>CR</arg>
<arg>CU</arg>
<arg>CV</arg>
<arg>CW</arg>
<arg>CX</arg>
<arg>CY</arg>
<arg>CZ</arg>
<arg>DE</arg>
<arg>DJ</arg>
<arg>DK</arg>
<arg>DM</arg>
<arg>DO</arg>
<arg>DZ</arg>
<arg>EC</arg>
<arg>EE</arg>
<arg>EG</arg>
<arg>EH</arg>
<arg>ER</arg>
<arg>ES</arg>
<arg>ET</arg>
<arg>FI</arg>
<arg>FJ</arg>
<arg>FK</arg>
<arg>FM</arg>
<arg>FO</arg>
<arg>FR</arg>
<arg>GA</arg>
<arg>GB</arg>
<arg>GD</arg>
<arg>GE</arg>
<arg>GF</arg>
<arg>GG</arg>
<arg>GH</arg>
<arg>GI</arg>
<arg>GL</arg>
<arg>GM</arg>
<arg>GN</arg>
<arg>GP</arg>
<arg>GQ</arg>
<arg>GR</arg>
<arg>GS</arg>
<arg>GT</arg>
<arg>GU</arg>
<arg>GW</arg>
<arg>GY</arg>
<arg>HK</arg>
<arg>HM</arg>
<arg>HN</arg>
<arg>HR</arg>
<arg>HT</arg>
<arg>HU</arg>
<arg>ID</arg>
<arg>IE</arg>
<arg>IL</arg>
<arg>IM</arg>
<arg>IN</arg>
<arg>IO</arg>
<arg>IQ</arg>
<arg>IR</arg>
<arg>IS</arg>
<arg>IT</arg>
<arg>JE</arg>
<arg>JM</arg>
<arg>JO</arg>
<arg>JP</arg>
<arg>KE</arg>
<arg>KG</arg>
<arg>KH</arg>
<arg>KI</arg>
<arg>KM</arg>
<arg>KN</arg>
<arg>KP</arg>
<arg>KR</arg>
<arg>KW</arg>
<arg>KY</arg>
<arg>KZ</arg>
<arg>LA</arg>
<arg>LB</arg>
<arg>LC</arg>
<arg>LI</arg>
<arg>LK</arg>
<arg>LR</arg>
<arg>LS</arg>
<arg>LT</arg>
<arg>LU</arg>
<arg>LV</arg>
<arg>LY</arg>
<arg>MA</arg>
<arg>MC</arg>
<arg>MD</arg>
<arg>ME</arg>
<arg>MF</arg>
<arg>MG</arg>
<arg>MH</arg>
<arg>MK</arg>
<arg>ML</arg>
<arg>MM</arg>
<arg>MN</arg>
<arg>MO</arg>
<arg>MP</arg>
<arg>MQ</arg>
<arg>MR</arg>
<arg>MS</arg>
<arg>MT</arg>
<arg>MU</arg>
<arg>MV</arg>
<arg>MW</arg>
<arg>MX</arg>
<arg>MY</arg>
<arg>MZ</arg>
<arg>NA</arg>
<arg>NC</arg>
<arg>NE</arg>
<arg>NF</arg>
<arg>NG</arg>
<arg>NI</arg>
<arg>NL</arg>
<arg>NO</arg>
<arg>NP</arg>
<arg>NR</arg>
<arg>NU</arg>
<arg>NZ</arg>
<arg>OM</arg>
<arg>PA</arg>
<arg>PE</arg>
<arg>PF</arg>
<arg>PG</arg>
<arg>PH</arg>
<arg>PK</arg>
<arg>PL</arg>
<arg>PM</arg>
<arg>PN</arg>
<arg>PR</arg>
<arg>PS</arg>
<arg>PT</arg>
<arg>PW</arg>
<arg>PY</arg>
<arg>QA</arg>
<arg>RE</arg>
<arg>RO</arg>
<arg>RS</arg>
<arg>RU</arg>
<arg>RW</arg>
<arg>SA</arg>
<arg>SB</arg>
<arg>SC</arg>
<arg>SD</arg>
<arg>SE</arg>
<arg>SG</arg>
<arg>SH</arg>
<arg>SI</arg>
<arg>SJ</arg>
<arg>SK</arg>
<arg>SL</arg>
<arg>SM</arg>
<arg>SN</arg>
<arg>SO</arg>
<arg>SR</arg>
<arg>SS</arg>
<arg>ST</arg>
<arg>SV</arg>
<arg>SX</arg>
<arg>SY</arg>
<arg>SZ</arg>
<arg>TC</arg>
<arg>TD</arg>
<arg>TF</arg>
<arg>TG</arg>
<arg>TH</arg>
<arg>TJ</arg>
<arg>TK</arg>
<arg>TL</arg>
<arg>TM</arg>
<arg>TN</arg>
<arg>TO</arg>
<arg>TR</arg>
<arg>TT</arg>
<arg>TV</arg>
<arg>TW</arg>
<arg>TZ</arg>
<arg>UA</arg>
<arg>UG</arg>
<arg>UM</arg>
<arg>US</arg>
<arg>UY</arg>
<arg>UZ</arg>
<arg>VA</arg>
<arg>VC</arg>
<arg>VE</arg>
<arg>VG</arg>
<arg>VI</arg>
<arg>VN</arg>
<arg>VU</arg>
<arg>WF</arg>
<arg>WS</arg>
<arg>XK</arg>
<arg>YE</arg>
<arg>YT</arg>
<arg>ZA</arg>
<arg>ZM</arg>
<arg>ZW</arg>
<doc>Returns a list containing given items.</doc>
<status status="PASS" start="2024-07-29T07:15:14.034423" elapsed="0.000568"/>
</kw>
<kw name="List Should Contain Value" owner="Collections">
<arg>${list_country}</arg>
<arg>${name_country}</arg>
<doc>Fails if the ``value`` is not found from ``list``.</doc>
<status status="PASS" start="2024-07-29T07:15:14.035919" elapsed="0.000211"/>
</kw>
<kw name="Run Keyword If" owner="BuiltIn">
<kw name="Should Be True" owner="BuiltIn">
<arg>${True}</arg>
<doc>Fails if the given condition is not true.</doc>
<status status="PASS" start="2024-07-29T07:15:14.037063" elapsed="0.000148"/>
</kw>
<arg>${json_data["results"][0]["location"]["coordinates"]["latitude"]} &gt;= -90 and ${json_data["results"][0]["location"]["coordinates"]["latitude"]} &lt;= 90</arg>
<arg>Should Be True</arg>
<arg>${True}</arg>
<doc>Runs the given keyword with the given arguments, if ``condition`` is true.</doc>
<status status="PASS" start="2024-07-29T07:15:14.036325" elapsed="0.001010"/>
</kw>
<kw name="Run Keyword If" owner="BuiltIn">
<kw name="Should Be True" owner="BuiltIn">
<arg>${True}</arg>
<doc>Fails if the given condition is not true.</doc>
<status status="PASS" start="2024-07-29T07:15:14.038186" elapsed="0.000125"/>
</kw>
<arg>${json_data["results"][0]["location"]["coordinates"]["longitude"]} &gt;= -180 and ${json_data["results"][0]["location"]["coordinates"]["longitude"]} &lt;= 180</arg>
<arg>Should Be True</arg>
<arg>${True}</arg>
<doc>Runs the given keyword with the given arguments, if ``condition`` is true.</doc>
<status status="PASS" start="2024-07-29T07:15:14.037514" elapsed="0.000910"/>
</kw>
<status status="PASS" start="2024-07-29T07:15:13.904798" elapsed="0.133742"/>
</kw>
<doc>Testa o conteúdo específico dos campos retornados pela API.</doc>
<tag>testeConteudo</tag>
<status status="PASS" start="2024-07-29T07:15:13.904312" elapsed="0.134356"/>
</test>
<status status="PASS" start="2024-07-29T07:15:10.814637" elapsed="3.225810"/>
</suite>
<status status="PASS" start="2024-07-29T07:15:10.801216" elapsed="3.244195"/>
</suite>
<statistics>
<total>
<stat pass="5" fail="0" skip="0">All Tests</stat>
</total>
<tag>
<stat pass="1" fail="0" skip="0">testeConteudo</stat>
<stat pass="1" fail="0" skip="0">testeEstruturaResposta</stat>
<stat pass="1" fail="0" skip="0">testeRequisicaoBasica</stat>
<stat pass="1" fail="0" skip="0">testeTiposDados</stat>
</tag>
<suite>
<stat pass="5" fail="0" skip="0" id="s1" name="Tests">Tests</stat>
<stat pass="5" fail="0" skip="0" id="s1-s1" name="Random-User-Test">Tests.Random-User-Test</stat>
</suite>
</statistics>
<errors>
</errors>
</robot>
