<?xml version="1.0" encoding="UTF-8"?>
<robot generator="Robot 7.0.1 (Python 3.12.4 on linux)" generated="2024-07-01T03:17:53.164504" rpa="false" schemaversion="5">
<suite id="s1" name="Tests" source="/home/runner/work/ApiRandomUser/ApiRandomUser/RamdonUser/tests">
<suite id="s1-s1" name="Random-User-Test" source="/home/runner/work/ApiRandomUser/ApiRandomUser/RamdonUser/tests/random-user-test.robot">
<test id="s1-s1-t1" name="Conectar" line="13">
<kw name="Conectar API" owner="random-user-service">
<kw name="Create Session" owner="RequestsLibrary">
<msg time="2024-07-01T03:17:53.592946" level="INFO">Creating Session using : alias=consultarAPI, url=https://randomuser.me/, headers={},                     cookies={}, auth=None, timeout=None, proxies=None, verify=False,                     debug=0 </msg>
<arg>consultarAPI</arg>
<arg>${URL}</arg>
<doc>Create Session: create a HTTP session to a server</doc>
<status status="PASS" start="2024-07-01T03:17:53.592743" elapsed="0.000391"/>
</kw>
<status status="PASS" start="2024-07-01T03:17:53.591733" elapsed="0.001757"/>
</kw>
<status status="PASS" start="2024-07-01T03:17:53.591108" elapsed="0.002567"/>
</test>
<test id="s1-s1-t2" name="Validar retorno 200 e JSON Válido" line="16">
<kw name="Teste de Requisicao Basica" owner="random-user-service">
<kw name="GET On Session" owner="RequestsLibrary">
<msg time="2024-07-01T03:17:53.808489" level="INFO">GET Request : url=https://randomuser.me/api 
 path_url=/api 
 headers={'User-Agent': 'python-requests/2.32.3', 'Accept-Encoding': 'gzip, deflate', 'Accept': '*/*', 'Connection': 'keep-alive'} 
 body=None 
 </msg>
<msg time="2024-07-01T03:17:53.808658" level="INFO">GET Response : url=https://randomuser.me/api 
 status=200, reason=OK 
 headers={'Date': 'Mon, 01 Jul 2024 03:17:53 GMT', 'Content-Type': 'application/json; charset=utf-8', 'Transfer-Encoding': 'chunked', 'Connection': 'keep-alive', 'X-Powered-By': 'Express', 'Access-Control-Allow-Origin': '*', 'Cache-Control': 'no-cache', 'ETag': 'W/"496-olTLJyvbEjhOXjutTHuEbNskoro"', 'Vary': 'Accept-Encoding', 'Content-Encoding': 'gzip', 'CF-Cache-Status': 'DYNAMIC', 'Report-To': '{"endpoints":[{"url":"https:\\/\\/a.nel.cloudflare.com\\/report\\/v4?s=aFvLX5M1bp5TDC8VprPKfTqMRc9GJkOVNc41mKYGzCNpL6FR1Vwiou0X%2Fe%2BA6ytHjriwRGH4Ny466wFsI743jDKkhujycpq8nsrKcxxMpIQYDwxqSTbBPuAEoBZSeRDt"}],"group":"cf-nel","max_age":604800}', 'NEL': '{"success_fraction":0,"report_to":"cf-nel","max_age":604800}', 'Server': 'cloudflare', 'CF-RAY': '89c33ee32f115b65-IAD', 'alt-svc': 'h3=":443"; ma=86400'} 
 body={"results":[{"gender":"female","name":{"title":"Miss","first":"Emmi","last":"Aro"},"location":{"street":{"number":8477,"name":"Bulevardi"},"city":"Lemland","state":"Päijät-Häme","country":"Finland","postcode":91672,"coordinates":{"latitude":"-22.8161","longitude":"174.2981"},"timezone":{"offset":"+8:00","description":"Beijing, Perth, Singapore, Hong Kong"}},"email":"emmi.aro@example.com","login":{"uuid":"304dd179-e890-4203-8a70-58678dbc4c3f","username":"angrygoose562","password":"holycow","salt":"GLckalcP","md5":"f6910a2d90a32d3e25702e2c5b0d0153","sha1":"183c89b67f868df637a3527a325054fce4db8df3","sha256":"083dd527334eecec3fe78980c702a57e88afec2f799253117da7e481f874a275"},"dob":{"date":"1968-10-06T14:31:46.099Z","age":55},"registered":{"date":"2011-12-23T17:36:23.974Z","age":12},"phone":"08-772-829","cell":"047-475-19-71","id":{"name":"HETU","value":"NaNNA242undefined"},"picture":{"large":"https://randomuser.me/api/portraits/women/52.jpg","medium":"https://randomuser.me/api/portraits/med/women/52.jpg","thumbnail":"https://randomuser.me/api/portraits/thumb/women/52.jpg"},"nat":"FI"}],"info":{"seed":"d4ce7c78563bea9f","results":1,"page":1,"version":"1.4"}} 
 </msg>
<msg time="2024-07-01T03:17:53.808746" level="INFO">/opt/hostedtoolcache/Python/3.12.4/x64/lib/python3.12/site-packages/urllib3/connectionpool.py:1099: InsecureRequestWarning: Unverified HTTPS request is being made to host 'randomuser.me'. Adding certificate verification is strongly advised. See: https://urllib3.readthedocs.io/en/latest/advanced-usage.html#tls-warnings
  warnings.warn(</msg>
<msg time="2024-07-01T03:17:53.808910" level="INFO">${response} = &lt;Response [200]&gt;</msg>
<var>${response}</var>
<arg>consultarAPI</arg>
<arg>/api</arg>
<doc>Sends a GET request on a previously created HTTP Session.</doc>
<status status="PASS" start="2024-07-01T03:17:53.596328" elapsed="0.212626"/>
</kw>
<kw name="Should Be Equal As Numbers" owner="BuiltIn">
<msg time="2024-07-01T03:17:53.809937" level="INFO">Argument types are:
&lt;class 'int'&gt;
&lt;class 'str'&gt;</msg>
<arg>${response.status_code}</arg>
<arg>200</arg>
<doc>Fails if objects are unequal after converting them to real numbers.</doc>
<status status="PASS" start="2024-07-01T03:17:53.809471" elapsed="0.000530"/>
</kw>
<kw name="Log" owner="BuiltIn">
<msg time="2024-07-01T03:17:53.810669" level="INFO">200</msg>
<arg>${response.status_code}</arg>
<doc>Logs the given message with the given level.</doc>
<status status="PASS" start="2024-07-01T03:17:53.810320" elapsed="0.000392"/>
</kw>
<kw name="Set Variable" owner="BuiltIn">
<msg time="2024-07-01T03:17:53.811452" level="INFO">${json_data} = {'results': [{'gender': 'female', 'name': {'title': 'Miss', 'first': 'Emmi', 'last': 'Aro'}, 'location': {'street': {'number': 8477, 'name': 'Bulevardi'}, 'city': 'Lemland', 'state': 'Päijät-Häme', 'c...</msg>
<var>${json_data}</var>
<arg>${response.json()}</arg>
<doc>Returns the given values which can then be assigned to a variables.</doc>
<status status="PASS" start="2024-07-01T03:17:53.811013" elapsed="0.000467"/>
</kw>
<kw name="Dictionary Should Contain Key" owner="Collections">
<arg>${json_data}</arg>
<arg>results</arg>
<doc>Fails if ``key`` is not found from ``dictionary``.</doc>
<status status="PASS" start="2024-07-01T03:17:53.811777" elapsed="0.000167"/>
</kw>
<status status="PASS" start="2024-07-01T03:17:53.596057" elapsed="0.216036"/>
</kw>
<doc>Testa se a API responde corretamente e retorna um objeto JSON válido.</doc>
<tag>testeRequisicaoBasica</tag>
<status status="PASS" start="2024-07-01T03:17:53.595526" elapsed="0.216762"/>
</test>
<test id="s1-s1-t3" name="Validar estrutura de resposta" line="22">
<kw name="Teste de Estrutura de Resposta" owner="random-user-service">
<kw name="GET On Session" owner="RequestsLibrary">
<msg time="2024-07-01T03:17:53.941198" level="INFO">GET Request : url=https://randomuser.me/api 
 path_url=/api 
 headers={'User-Agent': 'python-requests/2.32.3', 'Accept-Encoding': 'gzip, deflate', 'Accept': '*/*', 'Connection': 'keep-alive'} 
 body=None 
 </msg>
<msg time="2024-07-01T03:17:53.941300" level="INFO">GET Response : url=https://randomuser.me/api 
 status=200, reason=OK 
 headers={'Date': 'Mon, 01 Jul 2024 03:17:53 GMT', 'Content-Type': 'application/json; charset=utf-8', 'Transfer-Encoding': 'chunked', 'Connection': 'keep-alive', 'X-Powered-By': 'Express', 'Access-Control-Allow-Origin': '*', 'Cache-Control': 'no-cache', 'ETag': 'W/"487-5AClXiRNtNZeVHdtEg6BpFvbC9c"', 'Vary': 'Accept-Encoding', 'Content-Encoding': 'gzip', 'CF-Cache-Status': 'DYNAMIC', 'Report-To': '{"endpoints":[{"url":"https:\\/\\/a.nel.cloudflare.com\\/report\\/v4?s=wFfFa17gokQhv9bVXSrSRD%2FD3H0mWgtES%2FGfHvxzwz4M6H8RA0AavdTdEjAZdCfBlv%2BU9jxDlla0rDQ2fa9WdyCvf%2F7vhK2aiRw0B9j%2FYkuvNzg9wBQYlIBDJIss5PD8"}],"group":"cf-nel","max_age":604800}', 'NEL': '{"success_fraction":0,"report_to":"cf-nel","max_age":604800}', 'Server': 'cloudflare', 'CF-RAY': '89c33ee36f3e5b65-IAD', 'alt-svc': 'h3=":443"; ma=86400'} 
 body={"results":[{"gender":"male","name":{"title":"Mr","first":"Volkan","last":"Sepetçi"},"location":{"street":{"number":6336,"name":"Anafartalar Cd"},"city":"Burdur","state":"Mardin","country":"Turkey","postcode":55928,"coordinates":{"latitude":"64.9011","longitude":"-162.9766"},"timezone":{"offset":"+8:00","description":"Beijing, Perth, Singapore, Hong Kong"}},"email":"volkan.sepetci@example.com","login":{"uuid":"fbda1298-5f0f-402b-9869-97ed4eabc2f7","username":"happymeercat610","password":"kathryn","salt":"w8d7clUh","md5":"991e5a225996420b7fa1826882c153fb","sha1":"89f054ec8743f52baf435c7fb4df979754b76154","sha256":"60045e3eb64d44da5958267f8dd4f44b8e5cc39b359c581a72c9f5ad88a238b0"},"dob":{"date":"1971-09-08T06:23:28.393Z","age":52},"registered":{"date":"2020-03-24T02:33:17.006Z","age":4},"phone":"(396)-771-9455","cell":"(494)-130-6740","id":{"name":"","value":null},"picture":{"large":"https://randomuser.me/api/portraits/men/87.jpg","medium":"https://randomuser.me/api/portraits/med/men/87.jpg","thumbnail":"https://randomuser.me/api/portraits/thumb/men/87.jpg"},"nat":"TR"}],"info":{"seed":"a68e7a3ee101a051","results":1,"page":1,"version":"1.4"}} 
 </msg>
<msg time="2024-07-01T03:17:53.941435" level="INFO">/opt/hostedtoolcache/Python/3.12.4/x64/lib/python3.12/site-packages/urllib3/connectionpool.py:1099: InsecureRequestWarning: Unverified HTTPS request is being made to host 'randomuser.me'. Adding certificate verification is strongly advised. See: https://urllib3.readthedocs.io/en/latest/advanced-usage.html#tls-warnings
  warnings.warn(</msg>
<msg time="2024-07-01T03:17:53.941575" level="INFO">${response} = &lt;Response [200]&gt;</msg>
<var>${response}</var>
<arg>consultarAPI</arg>
<arg>/api</arg>
<doc>Sends a GET request on a previously created HTTP Session.</doc>
<status status="PASS" start="2024-07-01T03:17:53.815020" elapsed="0.126600"/>
</kw>
<kw name="Set Variable" owner="BuiltIn">
<msg time="2024-07-01T03:17:53.942546" level="INFO">${json_data} = {'results': [{'gender': 'male', 'name': {'title': 'Mr', 'first': 'Volkan', 'last': 'Sepetçi'}, 'location': {'street': {'number': 6336, 'name': 'Anafartalar Cd'}, 'city': 'Burdur', 'state': 'Mardin', '...</msg>
<var>${json_data}</var>
<arg>${response.json()}</arg>
<doc>Returns the given values which can then be assigned to a variables.</doc>
<status status="PASS" start="2024-07-01T03:17:53.942054" elapsed="0.000521"/>
</kw>
<kw name="Log" owner="BuiltIn">
<msg time="2024-07-01T03:17:53.943033" level="INFO">{'results': [{'gender': 'male', 'name': {'title': 'Mr', 'first': 'Volkan', 'last': 'Sepetçi'}, 'location': {'street': {'number': 6336, 'name': 'Anafartalar Cd'}, 'city': 'Burdur', 'state': 'Mardin', 'country': 'Turkey', 'postcode': 55928, 'coordinates': {'latitude': '64.9011', 'longitude': '-162.9766'}, 'timezone': {'offset': '+8:00', 'description': 'Beijing, Perth, Singapore, Hong Kong'}}, 'email': 'volkan.sepetci@example.com', 'login': {'uuid': 'fbda1298-5f0f-402b-9869-97ed4eabc2f7', 'username': 'happymeercat610', 'password': 'kathryn', 'salt': 'w8d7clUh', 'md5': '991e5a225996420b7fa1826882c153fb', 'sha1': '89f054ec8743f52baf435c7fb4df979754b76154', 'sha256': '60045e3eb64d44da5958267f8dd4f44b8e5cc39b359c581a72c9f5ad88a238b0'}, 'dob': {'date': '1971-09-08T06:23:28.393Z', 'age': 52}, 'registered': {'date': '2020-03-24T02:33:17.006Z', 'age': 4}, 'phone': '(396)-771-9455', 'cell': '(494)-130-6740', 'id': {'name': '', 'value': None}, 'picture': {'large': 'https://randomuser.me/api/portraits/men/87.jpg', 'medium': 'https://randomuser.me/api/portraits/med/men/87.jpg', 'thumbnail': 'https://randomuser.me/api/portraits/thumb/men/87.jpg'}, 'nat': 'TR'}], 'info': {'seed': 'a68e7a3ee101a051', 'results': 1, 'page': 1, 'version': '1.4'}}</msg>
<arg>${json_data}</arg>
<doc>Logs the given message with the given level.</doc>
<status status="PASS" start="2024-07-01T03:17:53.942874" elapsed="0.000207"/>
</kw>
<kw name="Dictionary Should Contain Key" owner="Collections">
<arg>${json_data}</arg>
<arg>results</arg>
<doc>Fails if ``key`` is not found from ``dictionary``.</doc>
<status status="PASS" start="2024-07-01T03:17:53.943367" elapsed="0.000159"/>
</kw>
<kw name="Should Not Be Empty" owner="BuiltIn">
<msg time="2024-07-01T03:17:53.943833" level="INFO">Length is 2.</msg>
<arg>${json_data}</arg>
<doc>Verifies that the given item is not empty.</doc>
<status status="PASS" start="2024-07-01T03:17:53.943710" elapsed="0.000160"/>
</kw>
<kw name="Create List" owner="BuiltIn">
<msg time="2024-07-01T03:17:53.944365" level="INFO">${expected_keys} = ['gender', 'name', 'location', 'email', 'login']</msg>
<var>${expected_keys}</var>
<arg>gender</arg>
<arg>name</arg>
<arg>location</arg>
<arg>email</arg>
<arg>login</arg>
<doc>Returns a list containing given items.</doc>
<status status="PASS" start="2024-07-01T03:17:53.944155" elapsed="0.000236"/>
</kw>
<for flavor="IN">
<iter>
<kw name="Dictionary Should Contain Key" owner="Collections">
<arg>${json_data['results'][0]}</arg>
<arg>${key}</arg>
<doc>Fails if ``key`` is not found from ``dictionary``.</doc>
<status status="PASS" start="2024-07-01T03:17:53.945113" elapsed="0.000392"/>
</kw>
<kw name="Log" owner="BuiltIn">
<msg time="2024-07-01T03:17:53.946048" level="INFO">{'gender': 'male', 'name': {'title': 'Mr', 'first': 'Volkan', 'last': 'Sepetçi'}, 'location': {'street': {'number': 6336, 'name': 'Anafartalar Cd'}, 'city': 'Burdur', 'state': 'Mardin', 'country': 'Turkey', 'postcode': 55928, 'coordinates': {'latitude': '64.9011', 'longitude': '-162.9766'}, 'timezone': {'offset': '+8:00', 'description': 'Beijing, Perth, Singapore, Hong Kong'}}, 'email': 'volkan.sepetci@example.com', 'login': {'uuid': 'fbda1298-5f0f-402b-9869-97ed4eabc2f7', 'username': 'happymeercat610', 'password': 'kathryn', 'salt': 'w8d7clUh', 'md5': '991e5a225996420b7fa1826882c153fb', 'sha1': '89f054ec8743f52baf435c7fb4df979754b76154', 'sha256': '60045e3eb64d44da5958267f8dd4f44b8e5cc39b359c581a72c9f5ad88a238b0'}, 'dob': {'date': '1971-09-08T06:23:28.393Z', 'age': 52}, 'registered': {'date': '2020-03-24T02:33:17.006Z', 'age': 4}, 'phone': '(396)-771-9455', 'cell': '(494)-130-6740', 'id': {'name': '', 'value': None}, 'picture': {'large': 'https://randomuser.me/api/portraits/men/87.jpg', 'medium': 'https://randomuser.me/api/portraits/med/men/87.jpg', 'thumbnail': 'https://randomuser.me/api/portraits/thumb/men/87.jpg'}, 'nat': 'TR'}</msg>
<arg>${json_data['results'][0]}</arg>
<doc>Logs the given message with the given level.</doc>
<status status="PASS" start="2024-07-01T03:17:53.945692" elapsed="0.000406"/>
</kw>
<kw name="Log" owner="BuiltIn">
<msg time="2024-07-01T03:17:53.946526" level="INFO">gender</msg>
<arg>${key}</arg>
<doc>Logs the given message with the given level.</doc>
<status status="PASS" start="2024-07-01T03:17:53.946397" elapsed="0.000166"/>
</kw>
<var name="${key}">gender</var>
<status status="PASS" start="2024-07-01T03:17:53.944991" elapsed="0.001786"/>
</iter>
<iter>
<kw name="Dictionary Should Contain Key" owner="Collections">
<arg>${json_data['results'][0]}</arg>
<arg>${key}</arg>
<doc>Fails if ``key`` is not found from ``dictionary``.</doc>
<status status="PASS" start="2024-07-01T03:17:53.947066" elapsed="0.000382"/>
</kw>
<kw name="Log" owner="BuiltIn">
<msg time="2024-07-01T03:17:53.947984" level="INFO">{'gender': 'male', 'name': {'title': 'Mr', 'first': 'Volkan', 'last': 'Sepetçi'}, 'location': {'street': {'number': 6336, 'name': 'Anafartalar Cd'}, 'city': 'Burdur', 'state': 'Mardin', 'country': 'Turkey', 'postcode': 55928, 'coordinates': {'latitude': '64.9011', 'longitude': '-162.9766'}, 'timezone': {'offset': '+8:00', 'description': 'Beijing, Perth, Singapore, Hong Kong'}}, 'email': 'volkan.sepetci@example.com', 'login': {'uuid': 'fbda1298-5f0f-402b-9869-97ed4eabc2f7', 'username': 'happymeercat610', 'password': 'kathryn', 'salt': 'w8d7clUh', 'md5': '991e5a225996420b7fa1826882c153fb', 'sha1': '89f054ec8743f52baf435c7fb4df979754b76154', 'sha256': '60045e3eb64d44da5958267f8dd4f44b8e5cc39b359c581a72c9f5ad88a238b0'}, 'dob': {'date': '1971-09-08T06:23:28.393Z', 'age': 52}, 'registered': {'date': '2020-03-24T02:33:17.006Z', 'age': 4}, 'phone': '(396)-771-9455', 'cell': '(494)-130-6740', 'id': {'name': '', 'value': None}, 'picture': {'large': 'https://randomuser.me/api/portraits/men/87.jpg', 'medium': 'https://randomuser.me/api/portraits/med/men/87.jpg', 'thumbnail': 'https://randomuser.me/api/portraits/thumb/men/87.jpg'}, 'nat': 'TR'}</msg>
<arg>${json_data['results'][0]}</arg>
<doc>Logs the given message with the given level.</doc>
<status status="PASS" start="2024-07-01T03:17:53.947629" elapsed="0.000434"/>
</kw>
<kw name="Log" owner="BuiltIn">
<msg time="2024-07-01T03:17:53.948516" level="INFO">name</msg>
<arg>${key}</arg>
<doc>Logs the given message with the given level.</doc>
<status status="PASS" start="2024-07-01T03:17:53.948388" elapsed="0.000164"/>
</kw>
<var name="${key}">name</var>
<status status="PASS" start="2024-07-01T03:17:53.946956" elapsed="0.001811"/>
</iter>
<iter>
<kw name="Dictionary Should Contain Key" owner="Collections">
<arg>${json_data['results'][0]}</arg>
<arg>${key}</arg>
<doc>Fails if ``key`` is not found from ``dictionary``.</doc>
<status status="PASS" start="2024-07-01T03:17:53.949042" elapsed="0.000373"/>
</kw>
<kw name="Log" owner="BuiltIn">
<msg time="2024-07-01T03:17:53.949937" level="INFO">{'gender': 'male', 'name': {'title': 'Mr', 'first': 'Volkan', 'last': 'Sepetçi'}, 'location': {'street': {'number': 6336, 'name': 'Anafartalar Cd'}, 'city': 'Burdur', 'state': 'Mardin', 'country': 'Turkey', 'postcode': 55928, 'coordinates': {'latitude': '64.9011', 'longitude': '-162.9766'}, 'timezone': {'offset': '+8:00', 'description': 'Beijing, Perth, Singapore, Hong Kong'}}, 'email': 'volkan.sepetci@example.com', 'login': {'uuid': 'fbda1298-5f0f-402b-9869-97ed4eabc2f7', 'username': 'happymeercat610', 'password': 'kathryn', 'salt': 'w8d7clUh', 'md5': '991e5a225996420b7fa1826882c153fb', 'sha1': '89f054ec8743f52baf435c7fb4df979754b76154', 'sha256': '60045e3eb64d44da5958267f8dd4f44b8e5cc39b359c581a72c9f5ad88a238b0'}, 'dob': {'date': '1971-09-08T06:23:28.393Z', 'age': 52}, 'registered': {'date': '2020-03-24T02:33:17.006Z', 'age': 4}, 'phone': '(396)-771-9455', 'cell': '(494)-130-6740', 'id': {'name': '', 'value': None}, 'picture': {'large': 'https://randomuser.me/api/portraits/men/87.jpg', 'medium': 'https://randomuser.me/api/portraits/med/men/87.jpg', 'thumbnail': 'https://randomuser.me/api/portraits/thumb/men/87.jpg'}, 'nat': 'TR'}</msg>
<arg>${json_data['results'][0]}</arg>
<doc>Logs the given message with the given level.</doc>
<status status="PASS" start="2024-07-01T03:17:53.949592" elapsed="0.000392"/>
</kw>
<kw name="Log" owner="BuiltIn">
<msg time="2024-07-01T03:17:53.950402" level="INFO">location</msg>
<arg>${key}</arg>
<doc>Logs the given message with the given level.</doc>
<status status="PASS" start="2024-07-01T03:17:53.950276" elapsed="0.000162"/>
</kw>
<var name="${key}">location</var>
<status status="PASS" start="2024-07-01T03:17:53.948937" elapsed="0.001716"/>
</iter>
<iter>
<kw name="Dictionary Should Contain Key" owner="Collections">
<arg>${json_data['results'][0]}</arg>
<arg>${key}</arg>
<doc>Fails if ``key`` is not found from ``dictionary``.</doc>
<status status="PASS" start="2024-07-01T03:17:53.950923" elapsed="0.000381"/>
</kw>
<kw name="Log" owner="BuiltIn">
<msg time="2024-07-01T03:17:53.951827" level="INFO">{'gender': 'male', 'name': {'title': 'Mr', 'first': 'Volkan', 'last': 'Sepetçi'}, 'location': {'street': {'number': 6336, 'name': 'Anafartalar Cd'}, 'city': 'Burdur', 'state': 'Mardin', 'country': 'Turkey', 'postcode': 55928, 'coordinates': {'latitude': '64.9011', 'longitude': '-162.9766'}, 'timezone': {'offset': '+8:00', 'description': 'Beijing, Perth, Singapore, Hong Kong'}}, 'email': 'volkan.sepetci@example.com', 'login': {'uuid': 'fbda1298-5f0f-402b-9869-97ed4eabc2f7', 'username': 'happymeercat610', 'password': 'kathryn', 'salt': 'w8d7clUh', 'md5': '991e5a225996420b7fa1826882c153fb', 'sha1': '89f054ec8743f52baf435c7fb4df979754b76154', 'sha256': '60045e3eb64d44da5958267f8dd4f44b8e5cc39b359c581a72c9f5ad88a238b0'}, 'dob': {'date': '1971-09-08T06:23:28.393Z', 'age': 52}, 'registered': {'date': '2020-03-24T02:33:17.006Z', 'age': 4}, 'phone': '(396)-771-9455', 'cell': '(494)-130-6740', 'id': {'name': '', 'value': None}, 'picture': {'large': 'https://randomuser.me/api/portraits/men/87.jpg', 'medium': 'https://randomuser.me/api/portraits/med/men/87.jpg', 'thumbnail': 'https://randomuser.me/api/portraits/thumb/men/87.jpg'}, 'nat': 'TR'}</msg>
<arg>${json_data['results'][0]}</arg>
<doc>Logs the given message with the given level.</doc>
<status status="PASS" start="2024-07-01T03:17:53.951482" elapsed="0.000393"/>
</kw>
<kw name="Log" owner="BuiltIn">
<msg time="2024-07-01T03:17:53.952339" level="INFO">email</msg>
<arg>${key}</arg>
<doc>Logs the given message with the given level.</doc>
<status status="PASS" start="2024-07-01T03:17:53.952166" elapsed="0.000214"/>
</kw>
<var name="${key}">email</var>
<status status="PASS" start="2024-07-01T03:17:53.950819" elapsed="0.001784"/>
</iter>
<iter>
<kw name="Dictionary Should Contain Key" owner="Collections">
<arg>${json_data['results'][0]}</arg>
<arg>${key}</arg>
<doc>Fails if ``key`` is not found from ``dictionary``.</doc>
<status status="PASS" start="2024-07-01T03:17:53.952885" elapsed="0.000381"/>
</kw>
<kw name="Log" owner="BuiltIn">
<msg time="2024-07-01T03:17:53.953805" level="INFO">{'gender': 'male', 'name': {'title': 'Mr', 'first': 'Volkan', 'last': 'Sepetçi'}, 'location': {'street': {'number': 6336, 'name': 'Anafartalar Cd'}, 'city': 'Burdur', 'state': 'Mardin', 'country': 'Turkey', 'postcode': 55928, 'coordinates': {'latitude': '64.9011', 'longitude': '-162.9766'}, 'timezone': {'offset': '+8:00', 'description': 'Beijing, Perth, Singapore, Hong Kong'}}, 'email': 'volkan.sepetci@example.com', 'login': {'uuid': 'fbda1298-5f0f-402b-9869-97ed4eabc2f7', 'username': 'happymeercat610', 'password': 'kathryn', 'salt': 'w8d7clUh', 'md5': '991e5a225996420b7fa1826882c153fb', 'sha1': '89f054ec8743f52baf435c7fb4df979754b76154', 'sha256': '60045e3eb64d44da5958267f8dd4f44b8e5cc39b359c581a72c9f5ad88a238b0'}, 'dob': {'date': '1971-09-08T06:23:28.393Z', 'age': 52}, 'registered': {'date': '2020-03-24T02:33:17.006Z', 'age': 4}, 'phone': '(396)-771-9455', 'cell': '(494)-130-6740', 'id': {'name': '', 'value': None}, 'picture': {'large': 'https://randomuser.me/api/portraits/men/87.jpg', 'medium': 'https://randomuser.me/api/portraits/med/men/87.jpg', 'thumbnail': 'https://randomuser.me/api/portraits/thumb/men/87.jpg'}, 'nat': 'TR'}</msg>
<arg>${json_data['results'][0]}</arg>
<doc>Logs the given message with the given level.</doc>
<status status="PASS" start="2024-07-01T03:17:53.953444" elapsed="0.000409"/>
</kw>
<kw name="Log" owner="BuiltIn">
<msg time="2024-07-01T03:17:53.954266" level="INFO">login</msg>
<arg>${key}</arg>
<doc>Logs the given message with the given level.</doc>
<status status="PASS" start="2024-07-01T03:17:53.954141" elapsed="0.000162"/>
</kw>
<var name="${key}">login</var>
<status status="PASS" start="2024-07-01T03:17:53.952773" elapsed="0.001747"/>
</iter>
<var>${key}</var>
<value>@{expected_keys}</value>
<status status="PASS" start="2024-07-01T03:17:53.944802" elapsed="0.009836"/>
</for>
<kw name="Create List" owner="BuiltIn">
<msg time="2024-07-01T03:17:53.954954" level="INFO">${expected_keysTwo} = ['username', 'password']</msg>
<var>${expected_keysTwo}</var>
<arg>username</arg>
<arg>password</arg>
<doc>Returns a list containing given items.</doc>
<status status="PASS" start="2024-07-01T03:17:53.954823" elapsed="0.000154"/>
</kw>
<for flavor="IN">
<iter>
<kw name="Dictionary Should Contain Key" owner="Collections">
<arg>${json_data['results'][0]['login']}</arg>
<arg>${keyTwo}</arg>
<doc>Fails if ``key`` is not found from ``dictionary``.</doc>
<status status="PASS" start="2024-07-01T03:17:53.955491" elapsed="0.000375"/>
</kw>
<kw name="Dictionary Should Contain Key" owner="Collections">
<arg>${json_data['results'][0]['login']}</arg>
<arg>${keyTwo}</arg>
<doc>Fails if ``key`` is not found from ``dictionary``.</doc>
<status status="PASS" start="2024-07-01T03:17:53.956044" elapsed="0.000402"/>
</kw>
<kw name="Log" owner="BuiltIn">
<msg time="2024-07-01T03:17:53.956751" level="INFO">username</msg>
<arg>${keyTwo}</arg>
<doc>Logs the given message with the given level.</doc>
<status status="PASS" start="2024-07-01T03:17:53.956627" elapsed="0.000162"/>
</kw>
<var name="${keyTwo}">username</var>
<status status="PASS" start="2024-07-01T03:17:53.955386" elapsed="0.001620"/>
</iter>
<iter>
<kw name="Dictionary Should Contain Key" owner="Collections">
<arg>${json_data['results'][0]['login']}</arg>
<arg>${keyTwo}</arg>
<doc>Fails if ``key`` is not found from ``dictionary``.</doc>
<status status="PASS" start="2024-07-01T03:17:53.957279" elapsed="0.000382"/>
</kw>
<kw name="Dictionary Should Contain Key" owner="Collections">
<arg>${json_data['results'][0]['login']}</arg>
<arg>${keyTwo}</arg>
<doc>Fails if ``key`` is not found from ``dictionary``.</doc>
<status status="PASS" start="2024-07-01T03:17:53.957835" elapsed="0.000369"/>
</kw>
<kw name="Log" owner="BuiltIn">
<msg time="2024-07-01T03:17:53.958493" level="INFO">password</msg>
<arg>${keyTwo}</arg>
<doc>Logs the given message with the given level.</doc>
<status status="PASS" start="2024-07-01T03:17:53.958376" elapsed="0.000158"/>
</kw>
<var name="${keyTwo}">password</var>
<status status="PASS" start="2024-07-01T03:17:53.957175" elapsed="0.001572"/>
</iter>
<var>${keyTwo}</var>
<value>@{expected_keysTwo}</value>
<status status="PASS" start="2024-07-01T03:17:53.955236" elapsed="0.003630"/>
</for>
<status status="PASS" start="2024-07-01T03:17:53.814789" elapsed="0.144213"/>
</kw>
<doc>Testa a estrutura da resposta da API.</doc>
<tag>testeEstruturaResposta</tag>
<status status="PASS" start="2024-07-01T03:17:53.814178" elapsed="0.144974"/>
</test>
<test id="s1-s1-t4" name="Validar tipos de dados" line="28">
<kw name="Teste de Tipos de Dados" owner="random-user-service">
<kw name="GET On Session" owner="RequestsLibrary">
<msg time="2024-07-01T03:17:54.008893" level="INFO">GET Request : url=https://randomuser.me/api 
 path_url=/api 
 headers={'User-Agent': 'python-requests/2.32.3', 'Accept-Encoding': 'gzip, deflate', 'Accept': '*/*', 'Connection': 'keep-alive'} 
 body=None 
 </msg>
<msg time="2024-07-01T03:17:54.008971" level="INFO">GET Response : url=https://randomuser.me/api 
 status=200, reason=OK 
 headers={'Date': 'Mon, 01 Jul 2024 03:17:54 GMT', 'Content-Type': 'application/json; charset=utf-8', 'Transfer-Encoding': 'chunked', 'Connection': 'keep-alive', 'X-Powered-By': 'Express', 'Access-Control-Allow-Origin': '*', 'Cache-Control': 'no-cache', 'ETag': 'W/"47c-uyte7U2gdxgSW6HEPj16cY+JaTA"', 'Vary': 'Accept-Encoding', 'Content-Encoding': 'gzip', 'CF-Cache-Status': 'DYNAMIC', 'Report-To': '{"endpoints":[{"url":"https:\\/\\/a.nel.cloudflare.com\\/report\\/v4?s=xEnR1TS7xUFbndHjWLC2OqREi9IHgvRsaLVHx9XVQC%2BMDJFvMgNBQ2ZsubMOVYgGu7sFm2%2B0h9XrdHb2kTXiMjkPa7Aj38D2w1TnSPNyEbtCrs4jvxuXT9pqDx2C5cVe"}],"group":"cf-nel","max_age":604800}', 'NEL': '{"success_fraction":0,"report_to":"cf-nel","max_age":604800}', 'Server': 'cloudflare', 'CF-RAY': '89c33ee44fe75b65-IAD', 'alt-svc': 'h3=":443"; ma=86400'} 
 body={"results":[{"gender":"female","name":{"title":"Miss","first":"Maia","last":"Johnson"},"location":{"street":{"number":1384,"name":"Cameron Road"},"city":"Porirua","state":"West Coast","country":"New Zealand","postcode":52213,"coordinates":{"latitude":"47.5077","longitude":"32.3837"},"timezone":{"offset":"-3:30","description":"Newfoundland"}},"email":"maia.johnson@example.com","login":{"uuid":"a54521af-78ba-4266-b08d-6a3e503604c4","username":"ticklishgorilla699","password":"killme","salt":"HQPlxz8a","md5":"43cb719abf23c68f1ea1a06f26dc5ab4","sha1":"ded4aa37e377faef3787351572ea70e370ce875f","sha256":"b9da1941be42d7cb829c135787dcd6b2ef0296002a18e21ac15e17ef763b41bf"},"dob":{"date":"1957-06-06T09:53:51.072Z","age":67},"registered":{"date":"2020-02-21T21:27:36.228Z","age":4},"phone":"(024)-037-2706","cell":"(383)-778-2572","id":{"name":"","value":null},"picture":{"large":"https://randomuser.me/api/portraits/women/30.jpg","medium":"https://randomuser.me/api/portraits/med/women/30.jpg","thumbnail":"https://randomuser.me/api/portraits/thumb/women/30.jpg"},"nat":"NZ"}],"info":{"seed":"7f8319e53d885391","results":1,"page":1,"version":"1.4"}} 
 </msg>
<msg time="2024-07-01T03:17:54.009047" level="INFO">/opt/hostedtoolcache/Python/3.12.4/x64/lib/python3.12/site-packages/urllib3/connectionpool.py:1099: InsecureRequestWarning: Unverified HTTPS request is being made to host 'randomuser.me'. Adding certificate verification is strongly advised. See: https://urllib3.readthedocs.io/en/latest/advanced-usage.html#tls-warnings
  warnings.warn(</msg>
<msg time="2024-07-01T03:17:54.009176" level="INFO">${response} = &lt;Response [200]&gt;</msg>
<var>${response}</var>
<arg>consultarAPI</arg>
<arg>/api</arg>
<doc>Sends a GET request on a previously created HTTP Session.</doc>
<status status="PASS" start="2024-07-01T03:17:53.961820" elapsed="0.047409"/>
</kw>
<kw name="Set Variable" owner="BuiltIn">
<msg time="2024-07-01T03:17:54.010219" level="INFO">${json_data} = {'results': [{'gender': 'female', 'name': {'title': 'Miss', 'first': 'Maia', 'last': 'Johnson'}, 'location': {'street': {'number': 1384, 'name': 'Cameron Road'}, 'city': 'Porirua', 'state': 'West Coas...</msg>
<var>${json_data}</var>
<arg>${response.json()}</arg>
<doc>Returns the given values which can then be assigned to a variables.</doc>
<status status="PASS" start="2024-07-01T03:17:54.009656" elapsed="0.000591"/>
</kw>
<kw name="Log" owner="BuiltIn">
<msg time="2024-07-01T03:17:54.010708" level="INFO">{'results': [{'gender': 'female', 'name': {'title': 'Miss', 'first': 'Maia', 'last': 'Johnson'}, 'location': {'street': {'number': 1384, 'name': 'Cameron Road'}, 'city': 'Porirua', 'state': 'West Coast', 'country': 'New Zealand', 'postcode': 52213, 'coordinates': {'latitude': '47.5077', 'longitude': '32.3837'}, 'timezone': {'offset': '-3:30', 'description': 'Newfoundland'}}, 'email': 'maia.johnson@example.com', 'login': {'uuid': 'a54521af-78ba-4266-b08d-6a3e503604c4', 'username': 'ticklishgorilla699', 'password': 'killme', 'salt': 'HQPlxz8a', 'md5': '43cb719abf23c68f1ea1a06f26dc5ab4', 'sha1': 'ded4aa37e377faef3787351572ea70e370ce875f', 'sha256': 'b9da1941be42d7cb829c135787dcd6b2ef0296002a18e21ac15e17ef763b41bf'}, 'dob': {'date': '1957-06-06T09:53:51.072Z', 'age': 67}, 'registered': {'date': '2020-02-21T21:27:36.228Z', 'age': 4}, 'phone': '(024)-037-2706', 'cell': '(383)-778-2572', 'id': {'name': '', 'value': None}, 'picture': {'large': 'https://randomuser.me/api/portraits/women/30.jpg', 'medium': 'https://randomuser.me/api/portraits/med/women/30.jpg', 'thumbnail': 'https://randomuser.me/api/portraits/thumb/women/30.jpg'}, 'nat': 'NZ'}], 'info': {'seed': '7f8319e53d885391', 'results': 1, 'page': 1, 'version': '1.4'}}</msg>
<arg>${json_data}</arg>
<doc>Logs the given message with the given level.</doc>
<status status="PASS" start="2024-07-01T03:17:54.010556" elapsed="0.000201"/>
</kw>
<kw name="Should Be String" owner="String">
<arg>${json_data['results'][0]['gender']}</arg>
<doc>Fails if the given ``item`` is not a string.</doc>
<status status="PASS" start="2024-07-01T03:17:54.011043" elapsed="0.000359"/>
</kw>
<kw name="Should Match Regexp" owner="BuiltIn">
<arg>${json_data['results'][0]['email']}</arg>
<arg>^[a-zA-Z0-9._%+-]+@[a-zA-Z0-9.-]+\.[a-zA-Z]{2,}$</arg>
<doc>Fails if ``string`` does not match ``pattern`` as a regular expression.</doc>
<status status="PASS" start="2024-07-01T03:17:54.011585" elapsed="0.000507"/>
</kw>
<kw name="Should Match Regexp" owner="BuiltIn">
<arg>${json_data['results'][0]['dob']['date']}</arg>
<arg>\\d{4}-\\d{2}-\\d{2}T\\d{2}:\\d{2}:\\d{2}\\.\\d{3}Z</arg>
<doc>Fails if ``string`` does not match ``pattern`` as a regular expression.</doc>
<status status="PASS" start="2024-07-01T03:17:54.012357" elapsed="0.000490"/>
</kw>
<kw name="Should Match Regexp" owner="BuiltIn">
<arg>${json_data['results'][0]['registered']['date']}</arg>
<arg>\\d{4}-\\d{2}-\\d{2}T\\d{2}:\\d{2}:\\d{2}\\.\\d{3}Z</arg>
<doc>Fails if ``string`` does not match ``pattern`` as a regular expression.</doc>
<status status="PASS" start="2024-07-01T03:17:54.013040" elapsed="0.000401"/>
</kw>
<kw name="Should Match Regexp" owner="BuiltIn">
<arg>${json_data['results'][0]['picture']['large']}</arg>
<arg>^https?://.*\.(?:png|jpe?g|gif|bmp)$</arg>
<doc>Fails if ``string`` does not match ``pattern`` as a regular expression.</doc>
<status status="PASS" start="2024-07-01T03:17:54.013625" elapsed="0.000449"/>
</kw>
<kw name="Should Match Regexp" owner="BuiltIn">
<arg>${json_data['results'][0]['picture']['medium']}</arg>
<arg>^https?://.*\.(?:png|jpe?g|gif|bmp)$</arg>
<doc>Fails if ``string`` does not match ``pattern`` as a regular expression.</doc>
<status status="PASS" start="2024-07-01T03:17:54.014260" elapsed="0.000345"/>
</kw>
<kw name="Should Match Regexp" owner="BuiltIn">
<arg>${json_data['results'][0]['picture']['thumbnail']}</arg>
<arg>^https?://.*\.(?:png|jpe?g|gif|bmp)$</arg>
<doc>Fails if ``string`` does not match ``pattern`` as a regular expression.</doc>
<status status="PASS" start="2024-07-01T03:17:54.014784" elapsed="0.000343"/>
</kw>
<kw name="Log" owner="BuiltIn">
<msg time="2024-07-01T03:17:54.015633" level="INFO">{'large': 'https://randomuser.me/api/portraits/women/30.jpg', 'medium': 'https://randomuser.me/api/portraits/med/women/30.jpg', 'thumbnail': 'https://randomuser.me/api/portraits/thumb/women/30.jpg'}</msg>
<arg>${json_data['results'][0]['picture']}</arg>
<doc>Logs the given message with the given level.</doc>
<status status="PASS" start="2024-07-01T03:17:54.015307" elapsed="0.000367"/>
</kw>
<status status="PASS" start="2024-07-01T03:17:53.961594" elapsed="0.054329"/>
</kw>
<kw name="Teste de Tipos de Dados - Postcode" owner="random-user-service">
<kw name="GET On Session" owner="RequestsLibrary">
<msg time="2024-07-01T03:17:54.114871" level="INFO">GET Request : url=https://randomuser.me/api 
 path_url=/api 
 headers={'User-Agent': 'python-requests/2.32.3', 'Accept-Encoding': 'gzip, deflate', 'Accept': '*/*', 'Connection': 'keep-alive'} 
 body=None 
 </msg>
<msg time="2024-07-01T03:17:54.114968" level="INFO">GET Response : url=https://randomuser.me/api 
 status=200, reason=OK 
 headers={'Date': 'Mon, 01 Jul 2024 03:17:54 GMT', 'Content-Type': 'application/json; charset=utf-8', 'Transfer-Encoding': 'chunked', 'Connection': 'keep-alive', 'X-Powered-By': 'Express', 'Access-Control-Allow-Origin': '*', 'Cache-Control': 'no-cache', 'ETag': 'W/"494-3RlEzcJDhbErZ5Y9kJ7mCXPrDoY"', 'Vary': 'Accept-Encoding', 'Content-Encoding': 'gzip', 'CF-Cache-Status': 'DYNAMIC', 'Report-To': '{"endpoints":[{"url":"https:\\/\\/a.nel.cloudflare.com\\/report\\/v4?s=1MynVewRmZiy3ZNddbUgT7ii2upcbIVfAZCqYwbC1sJkHbkbT33ubx0XF1PgkS0CX337RtCEiboto%2FcYrC%2Br6f4l1WziIZ0jqQbunhDSb1FfHeG5G9oKL6rpb6ejHZBp"}],"group":"cf-nel","max_age":604800}', 'NEL': '{"success_fraction":0,"report_to":"cf-nel","max_age":604800}', 'Server': 'cloudflare', 'CF-RAY': '89c33ee4a8265b65-IAD', 'alt-svc': 'h3=":443"; ma=86400'} 
 body={"results":[{"gender":"male","name":{"title":"Mr","first":"Otto","last":"Kyllonen"},"location":{"street":{"number":1000,"name":"Rautatienkatu"},"city":"Tarvasjoki","state":"Central Finland","country":"Finland","postcode":59540,"coordinates":{"latitude":"-22.1894","longitude":"-153.2516"},"timezone":{"offset":"-7:00","description":"Mountain Time (US &amp; Canada)"}},"email":"otto.kyllonen@example.com","login":{"uuid":"b621ad08-d948-4a27-ab8d-cc5bcfb05bdc","username":"orangesnake779","password":"reds","salt":"2KrGPjDP","md5":"57b2753f01c4b32e9cd8533967cd163c","sha1":"cb2822c2a54e3020b390c26ac0e5f406ddf55050","sha256":"cf5deac8cdcb3b8a852b7c460ad291a17a2795fa01998ac957035b8a16a20d47"},"dob":{"date":"1988-09-14T20:35:41.744Z","age":35},"registered":{"date":"2008-10-31T13:36:37.505Z","age":15},"phone":"08-970-378","cell":"047-836-65-25","id":{"name":"HETU","value":"NaNNA893undefined"},"picture":{"large":"https://randomuser.me/api/portraits/men/68.jpg","medium":"https://randomuser.me/api/portraits/med/men/68.jpg","thumbnail":"https://randomuser.me/api/portraits/thumb/men/68.jpg"},"nat":"FI"}],"info":{"seed":"dac3812262423eea","results":1,"page":1,"version":"1.4"}} 
 </msg>
<msg time="2024-07-01T03:17:54.115041" level="INFO">/opt/hostedtoolcache/Python/3.12.4/x64/lib/python3.12/site-packages/urllib3/connectionpool.py:1099: InsecureRequestWarning: Unverified HTTPS request is being made to host 'randomuser.me'. Adding certificate verification is strongly advised. See: https://urllib3.readthedocs.io/en/latest/advanced-usage.html#tls-warnings
  warnings.warn(</msg>
<msg time="2024-07-01T03:17:54.115182" level="INFO">${response} = &lt;Response [200]&gt;</msg>
<var>${response}</var>
<arg>consultarAPI</arg>
<arg>/api</arg>
<doc>Sends a GET request on a previously created HTTP Session.</doc>
<status status="PASS" start="2024-07-01T03:17:54.016385" elapsed="0.098842"/>
</kw>
<kw name="Set Variable" owner="BuiltIn">
<msg time="2024-07-01T03:17:54.116276" level="INFO">${json_data} = {'results': [{'gender': 'male', 'name': {'title': 'Mr', 'first': 'Otto', 'last': 'Kyllonen'}, 'location': {'street': {'number': 1000, 'name': 'Rautatienkatu'}, 'city': 'Tarvasjoki', 'state': 'Central ...</msg>
<var>${json_data}</var>
<arg>${response.json()}</arg>
<doc>Returns the given values which can then be assigned to a variables.</doc>
<status status="PASS" start="2024-07-01T03:17:54.115722" elapsed="0.000594"/>
</kw>
<kw name="Log" owner="BuiltIn">
<msg time="2024-07-01T03:17:54.116786" level="INFO">{'results': [{'gender': 'male', 'name': {'title': 'Mr', 'first': 'Otto', 'last': 'Kyllonen'}, 'location': {'street': {'number': 1000, 'name': 'Rautatienkatu'}, 'city': 'Tarvasjoki', 'state': 'Central Finland', 'country': 'Finland', 'postcode': 59540, 'coordinates': {'latitude': '-22.1894', 'longitude': '-153.2516'}, 'timezone': {'offset': '-7:00', 'description': 'Mountain Time (US &amp; Canada)'}}, 'email': 'otto.kyllonen@example.com', 'login': {'uuid': 'b621ad08-d948-4a27-ab8d-cc5bcfb05bdc', 'username': 'orangesnake779', 'password': 'reds', 'salt': '2KrGPjDP', 'md5': '57b2753f01c4b32e9cd8533967cd163c', 'sha1': 'cb2822c2a54e3020b390c26ac0e5f406ddf55050', 'sha256': 'cf5deac8cdcb3b8a852b7c460ad291a17a2795fa01998ac957035b8a16a20d47'}, 'dob': {'date': '1988-09-14T20:35:41.744Z', 'age': 35}, 'registered': {'date': '2008-10-31T13:36:37.505Z', 'age': 15}, 'phone': '08-970-378', 'cell': '047-836-65-25', 'id': {'name': 'HETU', 'value': 'NaNNA893undefined'}, 'picture': {'large': 'https://randomuser.me/api/portraits/men/68.jpg', 'medium': 'https://randomuser.me/api/portraits/med/men/68.jpg', 'thumbnail': 'https://randomuser.me/api/portraits/thumb/men/68.jpg'}, 'nat': 'FI'}], 'info': {'seed': 'dac3812262423eea', 'results': 1, 'page': 1, 'version': '1.4'}}</msg>
<arg>${json_data}</arg>
<doc>Logs the given message with the given level.</doc>
<status status="PASS" start="2024-07-01T03:17:54.116629" elapsed="0.000204"/>
</kw>
<kw name="Should Be Equal As Numbers" owner="BuiltIn">
<arg>${json_data['results'][0]['location']['postcode']}</arg>
<arg>${json_data['results'][0]['location']['postcode']}</arg>
<doc>Fails if objects are unequal after converting them to real numbers.</doc>
<status status="PASS" start="2024-07-01T03:17:54.117123" elapsed="0.000629"/>
</kw>
<kw name="Log" owner="BuiltIn">
<msg time="2024-07-01T03:17:54.118268" level="INFO">59540</msg>
<arg>${json_data['results'][0]['location']['postcode']}</arg>
<doc>Logs the given message with the given level.</doc>
<status status="PASS" start="2024-07-01T03:17:54.117938" elapsed="0.000369"/>
</kw>
<status status="PASS" start="2024-07-01T03:17:54.016132" elapsed="0.102457"/>
</kw>
<doc>Testa se os tipos de dados na resposta da API estão corretos.</doc>
<tag>testeTiposDados</tag>
<status status="PASS" start="2024-07-01T03:17:53.960947" elapsed="0.157812"/>
</test>
<test id="s1-s1-t5" name="Validar conteudo" line="35">
<kw name="Teste de Tipos de Conteudo" owner="random-user-service">
<kw name="GET On Session" owner="RequestsLibrary">
<msg time="2024-07-01T03:17:54.212805" level="INFO">GET Request : url=https://randomuser.me/api 
 path_url=/api 
 headers={'User-Agent': 'python-requests/2.32.3', 'Accept-Encoding': 'gzip, deflate', 'Accept': '*/*', 'Connection': 'keep-alive'} 
 body=None 
 </msg>
<msg time="2024-07-01T03:17:54.212918" level="INFO">GET Response : url=https://randomuser.me/api 
 status=200, reason=OK 
 headers={'Date': 'Mon, 01 Jul 2024 03:17:54 GMT', 'Content-Type': 'application/json; charset=utf-8', 'Transfer-Encoding': 'chunked', 'Connection': 'keep-alive', 'X-Powered-By': 'Express', 'Access-Control-Allow-Origin': '*', 'Cache-Control': 'no-cache', 'ETag': 'W/"493-yCuLy9tTPMi3EGprLgp6Jg4PGV4"', 'Vary': 'Accept-Encoding', 'Content-Encoding': 'gzip', 'CF-Cache-Status': 'DYNAMIC', 'Report-To': '{"endpoints":[{"url":"https:\\/\\/a.nel.cloudflare.com\\/report\\/v4?s=cCfcveWjBxHigYoy%2Fd2EJSdPGVVzYCtNcdgnsv7QKSyYWVlNZdFhL7fSn6ZKWrqWn%2B96O%2BsyIhUsqUjO7pGUwqsUVkq%2BVzBCtZFIYDsJWdOc0dAEwzPlH7OS5J9sjuDl"}],"group":"cf-nel","max_age":604800}', 'NEL': '{"success_fraction":0,"report_to":"cf-nel","max_age":604800}', 'Server': 'cloudflare', 'CF-RAY': '89c33ee548995b65-IAD', 'alt-svc': 'h3=":443"; ma=86400'} 
 body={"results":[{"gender":"female","name":{"title":"Ms","first":"Tilde","last":"Thomsen"},"location":{"street":{"number":9310,"name":"Bogensevej"},"city":"København Ø","state":"Syddanmark","country":"Denmark","postcode":64840,"coordinates":{"latitude":"-38.7789","longitude":"82.9748"},"timezone":{"offset":"+5:00","description":"Ekaterinburg, Islamabad, Karachi, Tashkent"}},"email":"tilde.thomsen@example.com","login":{"uuid":"ffbbe17d-990b-42c2-9eda-896044887a64","username":"redlion611","password":"sugar","salt":"JbRjWkZ6","md5":"7a4f914c66f6192b8c8da88b3f3eb5e2","sha1":"1f4761b479e7b5aa5d277fa108cdb573425615c9","sha256":"c2e91e60abb9496d04e426fe60dc1cf888c6bfce136b6295439e2c87ff47a0e6"},"dob":{"date":"1966-05-12T13:13:48.381Z","age":58},"registered":{"date":"2002-08-20T22:53:22.381Z","age":21},"phone":"35546320","cell":"74837565","id":{"name":"CPR","value":"120566-1626"},"picture":{"large":"https://randomuser.me/api/portraits/women/25.jpg","medium":"https://randomuser.me/api/portraits/med/women/25.jpg","thumbnail":"https://randomuser.me/api/portraits/thumb/women/25.jpg"},"nat":"DK"}],"info":{"seed":"2927705178494e25","results":1,"page":1,"version":"1.4"}} 
 </msg>
<msg time="2024-07-01T03:17:54.213016" level="INFO">/opt/hostedtoolcache/Python/3.12.4/x64/lib/python3.12/site-packages/urllib3/connectionpool.py:1099: InsecureRequestWarning: Unverified HTTPS request is being made to host 'randomuser.me'. Adding certificate verification is strongly advised. See: https://urllib3.readthedocs.io/en/latest/advanced-usage.html#tls-warnings
  warnings.warn(</msg>
<msg time="2024-07-01T03:17:54.213162" level="INFO">${response} = &lt;Response [200]&gt;</msg>
<var>${response}</var>
<arg>consultarAPI</arg>
<arg>/api</arg>
<doc>Sends a GET request on a previously created HTTP Session.</doc>
<status status="PASS" start="2024-07-01T03:17:54.121475" elapsed="0.091730"/>
</kw>
<kw name="Set Variable" owner="BuiltIn">
<msg time="2024-07-01T03:17:54.214234" level="INFO">${json_data} = {'results': [{'gender': 'female', 'name': {'title': 'Ms', 'first': 'Tilde', 'last': 'Thomsen'}, 'location': {'street': {'number': 9310, 'name': 'Bogensevej'}, 'city': 'København Ø', 'state': 'Syddanma...</msg>
<var>${json_data}</var>
<arg>${response.json()}</arg>
<doc>Returns the given values which can then be assigned to a variables.</doc>
<status status="PASS" start="2024-07-01T03:17:54.213711" elapsed="0.000552"/>
</kw>
<kw name="Set Variable" owner="BuiltIn">
<msg time="2024-07-01T03:17:54.214938" level="INFO">${name_title} = Ms</msg>
<var>${name_title}</var>
<arg>${json_data["results"][0]["name"]["title"]}</arg>
<doc>Returns the given values which can then be assigned to a variables.</doc>
<status status="PASS" start="2024-07-01T03:17:54.214561" elapsed="0.000401"/>
</kw>
<kw name="Create List" owner="BuiltIn">
<msg time="2024-07-01T03:17:54.215399" level="INFO">${allowed_titles} = ['Mr', 'Ms', 'Miss', 'Mrs', 'Madame', 'Monsieur']</msg>
<var>${allowed_titles}</var>
<arg>Mr</arg>
<arg>Ms</arg>
<arg>Miss</arg>
<arg>Mrs</arg>
<arg>Madame</arg>
<arg>Monsieur</arg>
<doc>Returns a list containing given items.</doc>
<status status="PASS" start="2024-07-01T03:17:54.215252" elapsed="0.000171"/>
</kw>
<kw name="List Should Contain Value" owner="Collections">
<arg>${allowed_titles}</arg>
<arg>${name_title}</arg>
<doc>Fails if the ``value`` is not found from ``list``.</doc>
<status status="PASS" start="2024-07-01T03:17:54.215714" elapsed="0.000180"/>
</kw>
<kw name="Set Variable" owner="BuiltIn">
<msg time="2024-07-01T03:17:54.216481" level="INFO">${name_country} = DK</msg>
<var>${name_country}</var>
<arg>${json_data["results"][0]["nat"]}</arg>
<doc>Returns the given values which can then be assigned to a variables.</doc>
<status status="PASS" start="2024-07-01T03:17:54.216068" elapsed="0.000438"/>
</kw>
<kw name="Create List" owner="BuiltIn">
<msg time="2024-07-01T03:17:54.217389" level="INFO">${list_country} = ['AD', 'AE', 'AF', 'AG', 'AI', 'AL', 'AM', 'AO', 'AQ', 'AR', 'AS', 'AT', 'AU', 'AW', 'AX', 'AZ', 'BA', 'BB', 'BD', 'BE', 'BF', 'BG', 'BH', 'BI', 'BJ', 'BL', 'BM', 'BN', 'BO', 'BQ', 'BR', 'BS', 'BT', '...</msg>
<var>${list_country}</var>
<arg>AD</arg>
<arg>AE</arg>
<arg>AF</arg>
<arg>AG</arg>
<arg>AI</arg>
<arg>AL</arg>
<arg>AM</arg>
<arg>AO</arg>
<arg>AQ</arg>
<arg>AR</arg>
<arg>AS</arg>
<arg>AT</arg>
<arg>AU</arg>
<arg>AW</arg>
<arg>AX</arg>
<arg>AZ</arg>
<arg>BA</arg>
<arg>BB</arg>
<arg>BD</arg>
<arg>BE</arg>
<arg>BF</arg>
<arg>BG</arg>
<arg>BH</arg>
<arg>BI</arg>
<arg>BJ</arg>
<arg>BL</arg>
<arg>BM</arg>
<arg>BN</arg>
<arg>BO</arg>
<arg>BQ</arg>
<arg>BR</arg>
<arg>BS</arg>
<arg>BT</arg>
<arg>BV</arg>
<arg>BW</arg>
<arg>BY</arg>
<arg>BZ</arg>
<arg>CA</arg>
<arg>CC</arg>
<arg>CD</arg>
<arg>CF</arg>
<arg>CG</arg>
<arg>CH</arg>
<arg>CI</arg>
<arg>CK</arg>
<arg>CL</arg>
<arg>CM</arg>
<arg>CN</arg>
<arg>CO</arg>
<arg>CR</arg>
<arg>CU</arg>
<arg>CV</arg>
<arg>CW</arg>
<arg>CX</arg>
<arg>CY</arg>
<arg>CZ</arg>
<arg>DE</arg>
<arg>DJ</arg>
<arg>DK</arg>
<arg>DM</arg>
<arg>DO</arg>
<arg>DZ</arg>
<arg>EC</arg>
<arg>EE</arg>
<arg>EG</arg>
<arg>EH</arg>
<arg>ER</arg>
<arg>ES</arg>
<arg>ET</arg>
<arg>FI</arg>
<arg>FJ</arg>
<arg>FK</arg>
<arg>FM</arg>
<arg>FO</arg>
<arg>FR</arg>
<arg>GA</arg>
<arg>GB</arg>
<arg>GD</arg>
<arg>GE</arg>
<arg>GF</arg>
<arg>GG</arg>
<arg>GH</arg>
<arg>GI</arg>
<arg>GL</arg>
<arg>GM</arg>
<arg>GN</arg>
<arg>GP</arg>
<arg>GQ</arg>
<arg>GR</arg>
<arg>GS</arg>
<arg>GT</arg>
<arg>GU</arg>
<arg>GW</arg>
<arg>GY</arg>
<arg>HK</arg>
<arg>HM</arg>
<arg>HN</arg>
<arg>HR</arg>
<arg>HT</arg>
<arg>HU</arg>
<arg>ID</arg>
<arg>IE</arg>
<arg>IL</arg>
<arg>IM</arg>
<arg>IN</arg>
<arg>IO</arg>
<arg>IQ</arg>
<arg>IR</arg>
<arg>IS</arg>
<arg>IT</arg>
<arg>JE</arg>
<arg>JM</arg>
<arg>JO</arg>
<arg>JP</arg>
<arg>KE</arg>
<arg>KG</arg>
<arg>KH</arg>
<arg>KI</arg>
<arg>KM</arg>
<arg>KN</arg>
<arg>KP</arg>
<arg>KR</arg>
<arg>KW</arg>
<arg>KY</arg>
<arg>KZ</arg>
<arg>LA</arg>
<arg>LB</arg>
<arg>LC</arg>
<arg>LI</arg>
<arg>LK</arg>
<arg>LR</arg>
<arg>LS</arg>
<arg>LT</arg>
<arg>LU</arg>
<arg>LV</arg>
<arg>LY</arg>
<arg>MA</arg>
<arg>MC</arg>
<arg>MD</arg>
<arg>ME</arg>
<arg>MF</arg>
<arg>MG</arg>
<arg>MH</arg>
<arg>MK</arg>
<arg>ML</arg>
<arg>MM</arg>
<arg>MN</arg>
<arg>MO</arg>
<arg>MP</arg>
<arg>MQ</arg>
<arg>MR</arg>
<arg>MS</arg>
<arg>MT</arg>
<arg>MU</arg>
<arg>MV</arg>
<arg>MW</arg>
<arg>MX</arg>
<arg>MY</arg>
<arg>MZ</arg>
<arg>NA</arg>
<arg>NC</arg>
<arg>NE</arg>
<arg>NF</arg>
<arg>NG</arg>
<arg>NI</arg>
<arg>NL</arg>
<arg>NO</arg>
<arg>NP</arg>
<arg>NR</arg>
<arg>NU</arg>
<arg>NZ</arg>
<arg>OM</arg>
<arg>PA</arg>
<arg>PE</arg>
<arg>PF</arg>
<arg>PG</arg>
<arg>PH</arg>
<arg>PK</arg>
<arg>PL</arg>
<arg>PM</arg>
<arg>PN</arg>
<arg>PR</arg>
<arg>PS</arg>
<arg>PT</arg>
<arg>PW</arg>
<arg>PY</arg>
<arg>QA</arg>
<arg>RE</arg>
<arg>RO</arg>
<arg>RS</arg>
<arg>RU</arg>
<arg>RW</arg>
<arg>SA</arg>
<arg>SB</arg>
<arg>SC</arg>
<arg>SD</arg>
<arg>SE</arg>
<arg>SG</arg>
<arg>SH</arg>
<arg>SI</arg>
<arg>SJ</arg>
<arg>SK</arg>
<arg>SL</arg>
<arg>SM</arg>
<arg>SN</arg>
<arg>SO</arg>
<arg>SR</arg>
<arg>SS</arg>
<arg>ST</arg>
<arg>SV</arg>
<arg>SX</arg>
<arg>SY</arg>
<arg>SZ</arg>
<arg>TC</arg>
<arg>TD</arg>
<arg>TF</arg>
<arg>TG</arg>
<arg>TH</arg>
<arg>TJ</arg>
<arg>TK</arg>
<arg>TL</arg>
<arg>TM</arg>
<arg>TN</arg>
<arg>TO</arg>
<arg>TR</arg>
<arg>TT</arg>
<arg>TV</arg>
<arg>TW</arg>
<arg>TZ</arg>
<arg>UA</arg>
<arg>UG</arg>
<arg>UM</arg>
<arg>US</arg>
<arg>UY</arg>
<arg>UZ</arg>
<arg>VA</arg>
<arg>VC</arg>
<arg>VE</arg>
<arg>VG</arg>
<arg>VI</arg>
<arg>VN</arg>
<arg>VU</arg>
<arg>WF</arg>
<arg>WS</arg>
<arg>XK</arg>
<arg>YE</arg>
<arg>YT</arg>
<arg>ZA</arg>
<arg>ZM</arg>
<arg>ZW</arg>
<doc>Returns a list containing given items.</doc>
<status status="PASS" start="2024-07-01T03:17:54.216795" elapsed="0.000619"/>
</kw>
<kw name="List Should Contain Value" owner="Collections">
<arg>${list_country}</arg>
<arg>${name_country}</arg>
<doc>Fails if the ``value`` is not found from ``list``.</doc>
<status status="PASS" start="2024-07-01T03:17:54.218211" elapsed="0.000199"/>
</kw>
<kw name="Run Keyword If" owner="BuiltIn">
<kw name="Should Be True" owner="BuiltIn">
<arg>${True}</arg>
<doc>Fails if the given condition is not true.</doc>
<status status="PASS" start="2024-07-01T03:17:54.219333" elapsed="0.000139"/>
</kw>
<arg>${json_data["results"][0]["location"]["coordinates"]["latitude"]} &gt;= -90 and ${json_data["results"][0]["location"]["coordinates"]["latitude"]} &lt;= 90</arg>
<arg>Should Be True</arg>
<arg>${True}</arg>
<doc>Runs the given keyword with the given arguments, if ``condition`` is true.</doc>
<status status="PASS" start="2024-07-01T03:17:54.218603" elapsed="0.000999"/>
</kw>
<kw name="Run Keyword If" owner="BuiltIn">
<kw name="Should Be True" owner="BuiltIn">
<arg>${True}</arg>
<doc>Fails if the given condition is not true.</doc>
<status status="PASS" start="2024-07-01T03:17:54.220495" elapsed="0.000135"/>
</kw>
<arg>${json_data["results"][0]["location"]["coordinates"]["longitude"]} &gt;= -180 and ${json_data["results"][0]["location"]["coordinates"]["longitude"]} &lt;= 180</arg>
<arg>Should Be True</arg>
<arg>${True}</arg>
<doc>Runs the given keyword with the given arguments, if ``condition`` is true.</doc>
<status status="PASS" start="2024-07-01T03:17:54.219777" elapsed="0.000971"/>
</kw>
<status status="PASS" start="2024-07-01T03:17:54.121075" elapsed="0.099802"/>
</kw>
<doc>Testa o conteúdo específico dos campos retornados pela API.</doc>
<tag>testeConteudo</tag>
<status status="PASS" start="2024-07-01T03:17:54.120525" elapsed="0.100505"/>
</test>
<status status="PASS" start="2024-07-01T03:17:53.247575" elapsed="0.975369"/>
</suite>
<status status="PASS" start="2024-07-01T03:17:53.232626" elapsed="0.995447"/>
</suite>
<statistics>
<total>
<stat pass="5" fail="0" skip="0">All Tests</stat>
</total>
<tag>
<stat pass="1" fail="0" skip="0">testeConteudo</stat>
<stat pass="1" fail="0" skip="0">testeEstruturaResposta</stat>
<stat pass="1" fail="0" skip="0">testeRequisicaoBasica</stat>
<stat pass="1" fail="0" skip="0">testeTiposDados</stat>
</tag>
<suite>
<stat pass="5" fail="0" skip="0" id="s1" name="Tests">Tests</stat>
<stat pass="5" fail="0" skip="0" id="s1-s1" name="Random-User-Test">Tests.Random-User-Test</stat>
</suite>
</statistics>
<errors>
</errors>
</robot>
