<?xml version="1.0" encoding="UTF-8"?>
<robot generator="Robot 7.0 (Python 3.12.2 on linux)" generated="2024-04-12T04:16:59.816069" rpa="false" schemaversion="5">
<suite id="s1" name="Tests" source="/home/runner/work/DesafioQAItauRogerioJordao/DesafioQAItauRogerioJordao/RamdonUser/tests">
<suite id="s1-s1" name="Random-User-Test" source="/home/runner/work/DesafioQAItauRogerioJordao/DesafioQAItauRogerioJordao/RamdonUser/tests/random-user-test.robot">
<test id="s1-s1-t1" name="Conectar" line="13">
<kw name="Conectar API" owner="random-user-service">
<kw name="Create Session" owner="RequestsLibrary">
<msg time="2024-04-12T04:17:00.186410" level="INFO">Creating Session using : alias=consultarAPI, url=https://randomuser.me/, headers={},                     cookies={}, auth=None, timeout=None, proxies=None, verify=False,                     debug=0 </msg>
<arg>consultarAPI</arg>
<arg>${URL}</arg>
<doc>Create Session: create a HTTP session to a server</doc>
<status status="PASS" start="2024-04-12T04:17:00.186209" elapsed="0.000362"/>
</kw>
<status status="PASS" start="2024-04-12T04:17:00.185185" elapsed="0.001733"/>
</kw>
<status status="PASS" start="2024-04-12T04:17:00.184580" elapsed="0.002540"/>
</test>
<test id="s1-s1-t2" name="Validar retorno 200 e JSON Válido" line="16">
<kw name="Teste de Requisicao Basica" owner="random-user-service">
<kw name="GET On Session" owner="RequestsLibrary">
<msg time="2024-04-12T04:17:00.446379" level="INFO">GET Request : url=https://randomuser.me/api 
 path_url=/api 
 headers={'User-Agent': 'python-requests/2.31.0', 'Accept-Encoding': 'gzip, deflate', 'Accept': '*/*', 'Connection': 'keep-alive'} 
 body=None 
 </msg>
<msg time="2024-04-12T04:17:00.446502" level="INFO">GET Response : url=https://randomuser.me/api 
 status=200, reason=OK 
 headers={'Date': 'Fri, 12 Apr 2024 04:17:00 GMT', 'Content-Type': 'application/json; charset=utf-8', 'Transfer-Encoding': 'chunked', 'Connection': 'keep-alive', 'X-Powered-By': 'Express', 'Access-Control-Allow-Origin': '*', 'Cache-Control': 'no-cache', 'ETag': 'W/"4b1-yQj9dzkcJvoOvxjWAiG4MLme2lU"', 'Vary': 'Accept-Encoding', 'Content-Encoding': 'gzip', 'CF-Cache-Status': 'DYNAMIC', 'Report-To': '{"endpoints":[{"url":"https:\\/\\/a.nel.cloudflare.com\\/report\\/v4?s=7KGfXd7VXi%2F8R6lFj5gi81MIoSsXNg2HI1PW7Hq7gqlrL9DSwWAD8aq14QRF6Y%2BWiU3fONnhlNdIKlwA46VfTvxdPAeX9uVzyjMkiu8fIY8C%2BEC0CupDPvSb9EbDJptR"}],"group":"cf-nel","max_age":604800}', 'NEL': '{"success_fraction":0,"report_to":"cf-nel","max_age":604800}', 'Server': 'cloudflare', 'CF-RAY': '87306778583d1601-SJC', 'alt-svc': 'h3=":443"; ma=86400'} 
 body={"results":[{"gender":"male","name":{"title":"Mr","first":"میلاد","last":"یاسمی"},"location":{"street":{"number":4459,"name":"شهید آقاسرمدیان"},"city":"زنجان","state":"کرمانشاه","country":"Iran","postcode":14406,"coordinates":{"latitude":"13.0478","longitude":"-50.4874"},"timezone":{"offset":"-4:00","description":"Atlantic Time (Canada), Caracas, La Paz"}},"email":"myld.ysmy@example.com","login":{"uuid":"ef4767d0-3957-483e-95a1-0f776daf3f0f","username":"purplebutterfly145","password":"films+pic+galeries","salt":"mJwEFo4w","md5":"21c91785741c8402674a3be03cbcea8f","sha1":"c867fb9c7ed0669c7f670fe81382fa603b401385","sha256":"a013146b9a9d9979750cc525b8e67841792d606b55bc8cadfec56be8d06154f9"},"dob":{"date":"1998-08-12T23:51:30.692Z","age":25},"registered":{"date":"2011-10-11T08:53:59.902Z","age":12},"phone":"048-69290937","cell":"0902-358-0330","id":{"name":"","value":null},"picture":{"large":"https://randomuser.me/api/portraits/men/48.jpg","medium":"https://randomuser.me/api/portraits/med/men/48.jpg","thumbnail":"https://randomuser.me/api/portraits/thumb/men/48.jpg"},"nat":"IR"}],"info":{"seed":"caa828ebc4b0b9aa","results":1,"page":1,"version":"1.4"}} 
 </msg>
<msg time="2024-04-12T04:17:00.446582" level="INFO">/opt/hostedtoolcache/Python/3.12.2/x64/lib/python3.12/site-packages/urllib3/connectionpool.py:1103: InsecureRequestWarning: Unverified HTTPS request is being made to host 'randomuser.me'. Adding certificate verification is strongly advised. See: https://urllib3.readthedocs.io/en/latest/advanced-usage.html#tls-warnings
  warnings.warn(</msg>
<msg time="2024-04-12T04:17:00.446704" level="INFO">${response} = &lt;Response [200]&gt;</msg>
<var>${response}</var>
<arg>consultarAPI</arg>
<arg>/api</arg>
<doc>Sends a GET request on a previously created HTTP Session.</doc>
<status status="PASS" start="2024-04-12T04:17:00.189733" elapsed="0.257013"/>
</kw>
<kw name="Should Be Equal As Numbers" owner="BuiltIn">
<msg time="2024-04-12T04:17:00.447804" level="INFO">Argument types are:
&lt;class 'int'&gt;
&lt;class 'str'&gt;</msg>
<arg>${response.status_code}</arg>
<arg>200</arg>
<doc>Fails if objects are unequal after converting them to real numbers.</doc>
<status status="PASS" start="2024-04-12T04:17:00.447315" elapsed="0.000557"/>
</kw>
<kw name="Log" owner="BuiltIn">
<msg time="2024-04-12T04:17:00.448553" level="INFO">200</msg>
<arg>${response.status_code}</arg>
<doc>Logs the given message with the given level.</doc>
<status status="PASS" start="2024-04-12T04:17:00.448191" elapsed="0.000404"/>
</kw>
<kw name="Set Variable" owner="BuiltIn">
<msg time="2024-04-12T04:17:00.449356" level="INFO">${json_data} = {'results': [{'gender': 'male', 'name': {'title': 'Mr', 'first': 'میلاد', 'last': 'یاسمی'}, 'location': {'street': {'number': 4459, 'name': 'شهید آقاسرمدیان'}, 'city': 'زنجان', 'state': 'کرمانشاه', 'c...</msg>
<var>${json_data}</var>
<arg>${response.json()}</arg>
<doc>Returns the given values which can then be assigned to a variables.</doc>
<status status="PASS" start="2024-04-12T04:17:00.448917" elapsed="0.000469"/>
</kw>
<kw name="Dictionary Should Contain Key" owner="Collections">
<msg time="2024-04-12T04:17:00.449904" level="INFO">False</msg>
<arg>${json_data}</arg>
<arg>results</arg>
<doc>Fails if ``key`` is not found from ``dictionary``.</doc>
<status status="PASS" start="2024-04-12T04:17:00.449721" elapsed="0.000223"/>
</kw>
<status status="PASS" start="2024-04-12T04:17:00.189458" elapsed="0.260743"/>
</kw>
<doc>Testa se a API responde corretamente e retorna um objeto JSON válido.</doc>
<tag>testeRequisicaoBasica</tag>
<status status="PASS" start="2024-04-12T04:17:00.188934" elapsed="0.261445"/>
</test>
<test id="s1-s1-t3" name="Validar estrutura de resposta" line="22">
<kw name="Teste de Estrutura de Resposta" owner="random-user-service">
<kw name="GET On Session" owner="RequestsLibrary">
<msg time="2024-04-12T04:17:00.551696" level="INFO">GET Request : url=https://randomuser.me/api 
 path_url=/api 
 headers={'User-Agent': 'python-requests/2.31.0', 'Accept-Encoding': 'gzip, deflate', 'Accept': '*/*', 'Connection': 'keep-alive'} 
 body=None 
 </msg>
<msg time="2024-04-12T04:17:00.551789" level="INFO">GET Response : url=https://randomuser.me/api 
 status=200, reason=OK 
 headers={'Date': 'Fri, 12 Apr 2024 04:17:00 GMT', 'Content-Type': 'application/json; charset=utf-8', 'Transfer-Encoding': 'chunked', 'Connection': 'keep-alive', 'X-Powered-By': 'Express', 'Access-Control-Allow-Origin': '*', 'Cache-Control': 'no-cache', 'ETag': 'W/"498-pTfiDxil0x4fbfeKZslzkkcwCsw"', 'Vary': 'Accept-Encoding', 'Content-Encoding': 'gzip', 'CF-Cache-Status': 'DYNAMIC', 'Report-To': '{"endpoints":[{"url":"https:\\/\\/a.nel.cloudflare.com\\/report\\/v4?s=qRnspdbgJvPgbgLiPFzpaERRg41q68rhO035zscZgl8Mt7IDz6z1Rwi8r4DpS%2B6qFFyzKYaQ7oLHGhSWK%2FK3RVd4FdFLggXF0WSQdYxQPXa1mrWxAVN04nGzFi59ED7G"}],"group":"cf-nel","max_age":604800}', 'NEL': '{"success_fraction":0,"report_to":"cf-nel","max_age":604800}', 'Server': 'cloudflare', 'CF-RAY': '87306779d9a71601-SJC', 'alt-svc': 'h3=":443"; ma=86400'} 
 body={"results":[{"gender":"female","name":{"title":"Ms","first":"Sophia","last":"Renaud"},"location":{"street":{"number":6561,"name":"Rue Louis-Garrand"},"city":"Roubaix","state":"Corse-du-Sud","country":"France","postcode":68249,"coordinates":{"latitude":"-13.3920","longitude":"130.8893"},"timezone":{"offset":"-11:00","description":"Midway Island, Samoa"}},"email":"sophia.renaud@example.com","login":{"uuid":"eda0aec3-a0a6-43f1-a7f2-0ed18caa4dcb","username":"blackbear907","password":"windows","salt":"aNym8gNC","md5":"ffe528017618b53db58b3455a7ca6431","sha1":"76ec51f25af10f1065f00212ccf8bf568f17d4f7","sha256":"54cb6558c0021346ea4590a8ba4e5f1e51a350813958b6283792ac2f4192ed96"},"dob":{"date":"1990-12-13T00:06:51.582Z","age":33},"registered":{"date":"2004-08-19T09:22:09.099Z","age":19},"phone":"05-66-28-76-05","cell":"06-74-20-15-90","id":{"name":"INSEE","value":"2901126991226 25"},"picture":{"large":"https://randomuser.me/api/portraits/women/52.jpg","medium":"https://randomuser.me/api/portraits/med/women/52.jpg","thumbnail":"https://randomuser.me/api/portraits/thumb/women/52.jpg"},"nat":"FR"}],"info":{"seed":"68cff8d84a86ef11","results":1,"page":1,"version":"1.4"}} 
 </msg>
<msg time="2024-04-12T04:17:00.551948" level="INFO">/opt/hostedtoolcache/Python/3.12.2/x64/lib/python3.12/site-packages/urllib3/connectionpool.py:1103: InsecureRequestWarning: Unverified HTTPS request is being made to host 'randomuser.me'. Adding certificate verification is strongly advised. See: https://urllib3.readthedocs.io/en/latest/advanced-usage.html#tls-warnings
  warnings.warn(</msg>
<msg time="2024-04-12T04:17:00.552099" level="INFO">${response} = &lt;Response [200]&gt;</msg>
<var>${response}</var>
<arg>consultarAPI</arg>
<arg>/api</arg>
<doc>Sends a GET request on a previously created HTTP Session.</doc>
<status status="PASS" start="2024-04-12T04:17:00.453144" elapsed="0.099006"/>
</kw>
<kw name="Set Variable" owner="BuiltIn">
<msg time="2024-04-12T04:17:00.553219" level="INFO">${json_data} = {'results': [{'gender': 'female', 'name': {'title': 'Ms', 'first': 'Sophia', 'last': 'Renaud'}, 'location': {'street': {'number': 6561, 'name': 'Rue Louis-Garrand'}, 'city': 'Roubaix', 'state': 'Corse...</msg>
<var>${json_data}</var>
<arg>${response.json()}</arg>
<doc>Returns the given values which can then be assigned to a variables.</doc>
<status status="PASS" start="2024-04-12T04:17:00.552674" elapsed="0.000574"/>
</kw>
<kw name="Log" owner="BuiltIn">
<msg time="2024-04-12T04:17:00.553773" level="INFO">{'results': [{'gender': 'female', 'name': {'title': 'Ms', 'first': 'Sophia', 'last': 'Renaud'}, 'location': {'street': {'number': 6561, 'name': 'Rue Louis-Garrand'}, 'city': 'Roubaix', 'state': 'Corse-du-Sud', 'country': 'France', 'postcode': 68249, 'coordinates': {'latitude': '-13.3920', 'longitude': '130.8893'}, 'timezone': {'offset': '-11:00', 'description': 'Midway Island, Samoa'}}, 'email': 'sophia.renaud@example.com', 'login': {'uuid': 'eda0aec3-a0a6-43f1-a7f2-0ed18caa4dcb', 'username': 'blackbear907', 'password': 'windows', 'salt': 'aNym8gNC', 'md5': 'ffe528017618b53db58b3455a7ca6431', 'sha1': '76ec51f25af10f1065f00212ccf8bf568f17d4f7', 'sha256': '54cb6558c0021346ea4590a8ba4e5f1e51a350813958b6283792ac2f4192ed96'}, 'dob': {'date': '1990-12-13T00:06:51.582Z', 'age': 33}, 'registered': {'date': '2004-08-19T09:22:09.099Z', 'age': 19}, 'phone': '05-66-28-76-05', 'cell': '06-74-20-15-90', 'id': {'name': 'INSEE', 'value': '2901126991226 25'}, 'picture': {'large': 'https://randomuser.me/api/portraits/women/52.jpg', 'medium': 'https://randomuser.me/api/portraits/med/women/52.jpg', 'thumbnail': 'https://randomuser.me/api/portraits/thumb/women/52.jpg'}, 'nat': 'FR'}], 'info': {'seed': '68cff8d84a86ef11', 'results': 1, 'page': 1, 'version': '1.4'}}</msg>
<arg>${json_data}</arg>
<doc>Logs the given message with the given level.</doc>
<status status="PASS" start="2024-04-12T04:17:00.553581" elapsed="0.000243"/>
</kw>
<kw name="Dictionary Should Contain Key" owner="Collections">
<msg time="2024-04-12T04:17:00.554272" level="INFO">False</msg>
<arg>${json_data}</arg>
<arg>results</arg>
<doc>Fails if ``key`` is not found from ``dictionary``.</doc>
<status status="PASS" start="2024-04-12T04:17:00.554122" elapsed="0.000187"/>
</kw>
<kw name="Should Not Be Empty" owner="BuiltIn">
<msg time="2024-04-12T04:17:00.554728" level="INFO">Length is 2.</msg>
<arg>${json_data}</arg>
<doc>Verifies that the given item is not empty.</doc>
<status status="PASS" start="2024-04-12T04:17:00.554598" elapsed="0.000168"/>
</kw>
<kw name="Create List" owner="BuiltIn">
<msg time="2024-04-12T04:17:00.555204" level="INFO">${expected_keys} = ['gender', 'name', 'location', 'email', 'login']</msg>
<var>${expected_keys}</var>
<arg>gender</arg>
<arg>name</arg>
<arg>location</arg>
<arg>email</arg>
<arg>login</arg>
<doc>Returns a list containing given items.</doc>
<status status="PASS" start="2024-04-12T04:17:00.555056" elapsed="0.000171"/>
</kw>
<for flavor="IN">
<iter>
<kw name="Dictionary Should Contain Key" owner="Collections">
<msg time="2024-04-12T04:17:00.556190" level="INFO">False</msg>
<arg>${json_data['results'][0]}</arg>
<arg>${key}</arg>
<doc>Fails if ``key`` is not found from ``dictionary``.</doc>
<status status="PASS" start="2024-04-12T04:17:00.555796" elapsed="0.000433"/>
</kw>
<kw name="Log" owner="BuiltIn">
<msg time="2024-04-12T04:17:00.556903" level="INFO">{'gender': 'female', 'name': {'title': 'Ms', 'first': 'Sophia', 'last': 'Renaud'}, 'location': {'street': {'number': 6561, 'name': 'Rue Louis-Garrand'}, 'city': 'Roubaix', 'state': 'Corse-du-Sud', 'country': 'France', 'postcode': 68249, 'coordinates': {'latitude': '-13.3920', 'longitude': '130.8893'}, 'timezone': {'offset': '-11:00', 'description': 'Midway Island, Samoa'}}, 'email': 'sophia.renaud@example.com', 'login': {'uuid': 'eda0aec3-a0a6-43f1-a7f2-0ed18caa4dcb', 'username': 'blackbear907', 'password': 'windows', 'salt': 'aNym8gNC', 'md5': 'ffe528017618b53db58b3455a7ca6431', 'sha1': '76ec51f25af10f1065f00212ccf8bf568f17d4f7', 'sha256': '54cb6558c0021346ea4590a8ba4e5f1e51a350813958b6283792ac2f4192ed96'}, 'dob': {'date': '1990-12-13T00:06:51.582Z', 'age': 33}, 'registered': {'date': '2004-08-19T09:22:09.099Z', 'age': 19}, 'phone': '05-66-28-76-05', 'cell': '06-74-20-15-90', 'id': {'name': 'INSEE', 'value': '2901126991226 25'}, 'picture': {'large': 'https://randomuser.me/api/portraits/women/52.jpg', 'medium': 'https://randomuser.me/api/portraits/med/women/52.jpg', 'thumbnail': 'https://randomuser.me/api/portraits/thumb/women/52.jpg'}, 'nat': 'FR'}</msg>
<arg>${json_data['results'][0]}</arg>
<doc>Logs the given message with the given level.</doc>
<status status="PASS" start="2024-04-12T04:17:00.556536" elapsed="0.000415"/>
</kw>
<kw name="Log" owner="BuiltIn">
<msg time="2024-04-12T04:17:00.557378" level="INFO">gender</msg>
<arg>${key}</arg>
<doc>Logs the given message with the given level.</doc>
<status status="PASS" start="2024-04-12T04:17:00.557250" elapsed="0.000166"/>
</kw>
<var name="${key}">gender</var>
<status status="PASS" start="2024-04-12T04:17:00.555671" elapsed="0.001958"/>
</iter>
<iter>
<kw name="Dictionary Should Contain Key" owner="Collections">
<msg time="2024-04-12T04:17:00.558427" level="INFO">False</msg>
<arg>${json_data['results'][0]}</arg>
<arg>${key}</arg>
<doc>Fails if ``key`` is not found from ``dictionary``.</doc>
<status status="PASS" start="2024-04-12T04:17:00.557952" elapsed="0.000535"/>
</kw>
<kw name="Log" owner="BuiltIn">
<msg time="2024-04-12T04:17:00.559310" level="INFO">{'gender': 'female', 'name': {'title': 'Ms', 'first': 'Sophia', 'last': 'Renaud'}, 'location': {'street': {'number': 6561, 'name': 'Rue Louis-Garrand'}, 'city': 'Roubaix', 'state': 'Corse-du-Sud', 'country': 'France', 'postcode': 68249, 'coordinates': {'latitude': '-13.3920', 'longitude': '130.8893'}, 'timezone': {'offset': '-11:00', 'description': 'Midway Island, Samoa'}}, 'email': 'sophia.renaud@example.com', 'login': {'uuid': 'eda0aec3-a0a6-43f1-a7f2-0ed18caa4dcb', 'username': 'blackbear907', 'password': 'windows', 'salt': 'aNym8gNC', 'md5': 'ffe528017618b53db58b3455a7ca6431', 'sha1': '76ec51f25af10f1065f00212ccf8bf568f17d4f7', 'sha256': '54cb6558c0021346ea4590a8ba4e5f1e51a350813958b6283792ac2f4192ed96'}, 'dob': {'date': '1990-12-13T00:06:51.582Z', 'age': 33}, 'registered': {'date': '2004-08-19T09:22:09.099Z', 'age': 19}, 'phone': '05-66-28-76-05', 'cell': '06-74-20-15-90', 'id': {'name': 'INSEE', 'value': '2901126991226 25'}, 'picture': {'large': 'https://randomuser.me/api/portraits/women/52.jpg', 'medium': 'https://randomuser.me/api/portraits/med/women/52.jpg', 'thumbnail': 'https://randomuser.me/api/portraits/thumb/women/52.jpg'}, 'nat': 'FR'}</msg>
<arg>${json_data['results'][0]}</arg>
<doc>Logs the given message with the given level.</doc>
<status status="PASS" start="2024-04-12T04:17:00.558931" elapsed="0.000427"/>
</kw>
<kw name="Log" owner="BuiltIn">
<msg time="2024-04-12T04:17:00.559791" level="INFO">name</msg>
<arg>${key}</arg>
<doc>Logs the given message with the given level.</doc>
<status status="PASS" start="2024-04-12T04:17:00.559662" elapsed="0.000167"/>
</kw>
<var name="${key}">name</var>
<status status="PASS" start="2024-04-12T04:17:00.557838" elapsed="0.002208"/>
</iter>
<iter>
<kw name="Dictionary Should Contain Key" owner="Collections">
<msg time="2024-04-12T04:17:00.560715" level="INFO">False</msg>
<arg>${json_data['results'][0]}</arg>
<arg>${key}</arg>
<doc>Fails if ``key`` is not found from ``dictionary``.</doc>
<status status="PASS" start="2024-04-12T04:17:00.560340" elapsed="0.000412"/>
</kw>
<kw name="Log" owner="BuiltIn">
<msg time="2024-04-12T04:17:00.561415" level="INFO">{'gender': 'female', 'name': {'title': 'Ms', 'first': 'Sophia', 'last': 'Renaud'}, 'location': {'street': {'number': 6561, 'name': 'Rue Louis-Garrand'}, 'city': 'Roubaix', 'state': 'Corse-du-Sud', 'country': 'France', 'postcode': 68249, 'coordinates': {'latitude': '-13.3920', 'longitude': '130.8893'}, 'timezone': {'offset': '-11:00', 'description': 'Midway Island, Samoa'}}, 'email': 'sophia.renaud@example.com', 'login': {'uuid': 'eda0aec3-a0a6-43f1-a7f2-0ed18caa4dcb', 'username': 'blackbear907', 'password': 'windows', 'salt': 'aNym8gNC', 'md5': 'ffe528017618b53db58b3455a7ca6431', 'sha1': '76ec51f25af10f1065f00212ccf8bf568f17d4f7', 'sha256': '54cb6558c0021346ea4590a8ba4e5f1e51a350813958b6283792ac2f4192ed96'}, 'dob': {'date': '1990-12-13T00:06:51.582Z', 'age': 33}, 'registered': {'date': '2004-08-19T09:22:09.099Z', 'age': 19}, 'phone': '05-66-28-76-05', 'cell': '06-74-20-15-90', 'id': {'name': 'INSEE', 'value': '2901126991226 25'}, 'picture': {'large': 'https://randomuser.me/api/portraits/women/52.jpg', 'medium': 'https://randomuser.me/api/portraits/med/women/52.jpg', 'thumbnail': 'https://randomuser.me/api/portraits/thumb/women/52.jpg'}, 'nat': 'FR'}</msg>
<arg>${json_data['results'][0]}</arg>
<doc>Logs the given message with the given level.</doc>
<status status="PASS" start="2024-04-12T04:17:00.561053" elapsed="0.000414"/>
</kw>
<kw name="Log" owner="BuiltIn">
<msg time="2024-04-12T04:17:00.561920" level="INFO">location</msg>
<arg>${key}</arg>
<doc>Logs the given message with the given level.</doc>
<status status="PASS" start="2024-04-12T04:17:00.561790" elapsed="0.000168"/>
</kw>
<var name="${key}">location</var>
<status status="PASS" start="2024-04-12T04:17:00.560227" elapsed="0.001954"/>
</iter>
<iter>
<kw name="Dictionary Should Contain Key" owner="Collections">
<msg time="2024-04-12T04:17:00.562843" level="INFO">False</msg>
<arg>${json_data['results'][0]}</arg>
<arg>${key}</arg>
<doc>Fails if ``key`` is not found from ``dictionary``.</doc>
<status status="PASS" start="2024-04-12T04:17:00.562464" elapsed="0.000417"/>
</kw>
<kw name="Log" owner="BuiltIn">
<msg time="2024-04-12T04:17:00.563530" level="INFO">{'gender': 'female', 'name': {'title': 'Ms', 'first': 'Sophia', 'last': 'Renaud'}, 'location': {'street': {'number': 6561, 'name': 'Rue Louis-Garrand'}, 'city': 'Roubaix', 'state': 'Corse-du-Sud', 'country': 'France', 'postcode': 68249, 'coordinates': {'latitude': '-13.3920', 'longitude': '130.8893'}, 'timezone': {'offset': '-11:00', 'description': 'Midway Island, Samoa'}}, 'email': 'sophia.renaud@example.com', 'login': {'uuid': 'eda0aec3-a0a6-43f1-a7f2-0ed18caa4dcb', 'username': 'blackbear907', 'password': 'windows', 'salt': 'aNym8gNC', 'md5': 'ffe528017618b53db58b3455a7ca6431', 'sha1': '76ec51f25af10f1065f00212ccf8bf568f17d4f7', 'sha256': '54cb6558c0021346ea4590a8ba4e5f1e51a350813958b6283792ac2f4192ed96'}, 'dob': {'date': '1990-12-13T00:06:51.582Z', 'age': 33}, 'registered': {'date': '2004-08-19T09:22:09.099Z', 'age': 19}, 'phone': '05-66-28-76-05', 'cell': '06-74-20-15-90', 'id': {'name': 'INSEE', 'value': '2901126991226 25'}, 'picture': {'large': 'https://randomuser.me/api/portraits/women/52.jpg', 'medium': 'https://randomuser.me/api/portraits/med/women/52.jpg', 'thumbnail': 'https://randomuser.me/api/portraits/thumb/women/52.jpg'}, 'nat': 'FR'}</msg>
<arg>${json_data['results'][0]}</arg>
<doc>Logs the given message with the given level.</doc>
<status status="PASS" start="2024-04-12T04:17:00.563176" elapsed="0.000401"/>
</kw>
<kw name="Log" owner="BuiltIn">
<msg time="2024-04-12T04:17:00.563997" level="INFO">email</msg>
<arg>${key}</arg>
<doc>Logs the given message with the given level.</doc>
<status status="PASS" start="2024-04-12T04:17:00.563870" elapsed="0.000163"/>
</kw>
<var name="${key}">email</var>
<status status="PASS" start="2024-04-12T04:17:00.562353" elapsed="0.001891"/>
</iter>
<iter>
<kw name="Dictionary Should Contain Key" owner="Collections">
<msg time="2024-04-12T04:17:00.564911" level="INFO">False</msg>
<arg>${json_data['results'][0]}</arg>
<arg>${key}</arg>
<doc>Fails if ``key`` is not found from ``dictionary``.</doc>
<status status="PASS" start="2024-04-12T04:17:00.564534" elapsed="0.000413"/>
</kw>
<kw name="Log" owner="BuiltIn">
<msg time="2024-04-12T04:17:00.565605" level="INFO">{'gender': 'female', 'name': {'title': 'Ms', 'first': 'Sophia', 'last': 'Renaud'}, 'location': {'street': {'number': 6561, 'name': 'Rue Louis-Garrand'}, 'city': 'Roubaix', 'state': 'Corse-du-Sud', 'country': 'France', 'postcode': 68249, 'coordinates': {'latitude': '-13.3920', 'longitude': '130.8893'}, 'timezone': {'offset': '-11:00', 'description': 'Midway Island, Samoa'}}, 'email': 'sophia.renaud@example.com', 'login': {'uuid': 'eda0aec3-a0a6-43f1-a7f2-0ed18caa4dcb', 'username': 'blackbear907', 'password': 'windows', 'salt': 'aNym8gNC', 'md5': 'ffe528017618b53db58b3455a7ca6431', 'sha1': '76ec51f25af10f1065f00212ccf8bf568f17d4f7', 'sha256': '54cb6558c0021346ea4590a8ba4e5f1e51a350813958b6283792ac2f4192ed96'}, 'dob': {'date': '1990-12-13T00:06:51.582Z', 'age': 33}, 'registered': {'date': '2004-08-19T09:22:09.099Z', 'age': 19}, 'phone': '05-66-28-76-05', 'cell': '06-74-20-15-90', 'id': {'name': 'INSEE', 'value': '2901126991226 25'}, 'picture': {'large': 'https://randomuser.me/api/portraits/women/52.jpg', 'medium': 'https://randomuser.me/api/portraits/med/women/52.jpg', 'thumbnail': 'https://randomuser.me/api/portraits/thumb/women/52.jpg'}, 'nat': 'FR'}</msg>
<arg>${json_data['results'][0]}</arg>
<doc>Logs the given message with the given level.</doc>
<status status="PASS" start="2024-04-12T04:17:00.565240" elapsed="0.000411"/>
</kw>
<kw name="Log" owner="BuiltIn">
<msg time="2024-04-12T04:17:00.566105" level="INFO">login</msg>
<arg>${key}</arg>
<doc>Logs the given message with the given level.</doc>
<status status="PASS" start="2024-04-12T04:17:00.565978" elapsed="0.000165"/>
</kw>
<var name="${key}">login</var>
<status status="PASS" start="2024-04-12T04:17:00.564423" elapsed="0.001966"/>
</iter>
<var>${key}</var>
<value>@{expected_keys}</value>
<status status="PASS" start="2024-04-12T04:17:00.555492" elapsed="0.011094"/>
</for>
<kw name="Create List" owner="BuiltIn">
<msg time="2024-04-12T04:17:00.566985" level="INFO">${expected_keysTwo} = ['username', 'password']</msg>
<var>${expected_keysTwo}</var>
<arg>username</arg>
<arg>password</arg>
<doc>Returns a list containing given items.</doc>
<status status="PASS" start="2024-04-12T04:17:00.566843" elapsed="0.000165"/>
</kw>
<for flavor="IN">
<iter>
<kw name="Dictionary Should Contain Key" owner="Collections">
<msg time="2024-04-12T04:17:00.568006" level="INFO">False</msg>
<arg>${json_data['results'][0]['login']}</arg>
<arg>${keyTwo}</arg>
<doc>Fails if ``key`` is not found from ``dictionary``.</doc>
<status status="PASS" start="2024-04-12T04:17:00.567613" elapsed="0.000430"/>
</kw>
<kw name="Dictionary Should Contain Key" owner="Collections">
<msg time="2024-04-12T04:17:00.568719" level="INFO">False</msg>
<arg>${json_data['results'][0]['login']}</arg>
<arg>${keyTwo}</arg>
<doc>Fails if ``key`` is not found from ``dictionary``.</doc>
<status status="PASS" start="2024-04-12T04:17:00.568341" elapsed="0.000415"/>
</kw>
<kw name="Log" owner="BuiltIn">
<msg time="2024-04-12T04:17:00.569210" level="INFO">username</msg>
<arg>${keyTwo}</arg>
<doc>Logs the given message with the given level.</doc>
<status status="PASS" start="2024-04-12T04:17:00.569071" elapsed="0.000176"/>
</kw>
<var name="${keyTwo}">username</var>
<status status="PASS" start="2024-04-12T04:17:00.567499" elapsed="0.001963"/>
</iter>
<iter>
<kw name="Dictionary Should Contain Key" owner="Collections">
<msg time="2024-04-12T04:17:00.570161" level="INFO">False</msg>
<arg>${json_data['results'][0]['login']}</arg>
<arg>${keyTwo}</arg>
<doc>Fails if ``key`` is not found from ``dictionary``.</doc>
<status status="PASS" start="2024-04-12T04:17:00.569775" elapsed="0.000423"/>
</kw>
<kw name="Dictionary Should Contain Key" owner="Collections">
<msg time="2024-04-12T04:17:00.570862" level="INFO">False</msg>
<arg>${json_data['results'][0]['login']}</arg>
<arg>${keyTwo}</arg>
<doc>Fails if ``key`` is not found from ``dictionary``.</doc>
<status status="PASS" start="2024-04-12T04:17:00.570490" elapsed="0.000408"/>
</kw>
<kw name="Log" owner="BuiltIn">
<msg time="2024-04-12T04:17:00.571310" level="INFO">password</msg>
<arg>${keyTwo}</arg>
<doc>Logs the given message with the given level.</doc>
<status status="PASS" start="2024-04-12T04:17:00.571183" elapsed="0.000164"/>
</kw>
<var name="${keyTwo}">password</var>
<status status="PASS" start="2024-04-12T04:17:00.569637" elapsed="0.001926"/>
</iter>
<var>${keyTwo}</var>
<value>@{expected_keysTwo}</value>
<status status="PASS" start="2024-04-12T04:17:00.567248" elapsed="0.004436"/>
</for>
<status status="PASS" start="2024-04-12T04:17:00.452913" elapsed="0.118908"/>
</kw>
<doc>Testa a estrutura da resposta da API.</doc>
<tag>testeEstruturaResposta</tag>
<status status="PASS" start="2024-04-12T04:17:00.452166" elapsed="0.119805"/>
</test>
<test id="s1-s1-t4" name="Validar tipos de dados" line="28">
<kw name="Teste de Tipos de Dados" owner="random-user-service">
<kw name="GET On Session" owner="RequestsLibrary">
<msg time="2024-04-12T04:17:00.660167" level="INFO">GET Request : url=https://randomuser.me/api 
 path_url=/api 
 headers={'User-Agent': 'python-requests/2.31.0', 'Accept-Encoding': 'gzip, deflate', 'Accept': '*/*', 'Connection': 'keep-alive'} 
 body=None 
 </msg>
<msg time="2024-04-12T04:17:00.660244" level="INFO">GET Response : url=https://randomuser.me/api 
 status=200, reason=OK 
 headers={'Date': 'Fri, 12 Apr 2024 04:17:00 GMT', 'Content-Type': 'application/json; charset=utf-8', 'Transfer-Encoding': 'chunked', 'Connection': 'keep-alive', 'X-Powered-By': 'Express', 'Access-Control-Allow-Origin': '*', 'Cache-Control': 'no-cache', 'ETag': 'W/"479-yLXEpRh0BwWXFlphHDpbYHR+Tkc"', 'Vary': 'Accept-Encoding', 'Content-Encoding': 'gzip', 'CF-Cache-Status': 'DYNAMIC', 'Report-To': '{"endpoints":[{"url":"https:\\/\\/a.nel.cloudflare.com\\/report\\/v4?s=dHslhYVtfBX3rpxwg%2BlQLq78WbIjTr9GUxGLjez2vz%2BSx33GCK7wk5DHamKEO9eyAOVnh2B5b15mc0DnRwQZx5VFCpibLGwKk0rA06LFfQLs8dnh0L7%2F3prmv4ayinwf"}],"group":"cf-nel","max_age":604800}', 'NEL': '{"success_fraction":0,"report_to":"cf-nel","max_age":604800}', 'Server': 'cloudflare', 'CF-RAY': '8730677a9a561601-SJC', 'alt-svc': 'h3=":443"; ma=86400'} 
 body={"results":[{"gender":"male","name":{"title":"Mr","first":"Ask","last":"Valberg"},"location":{"street":{"number":4634,"name":"Skullerudbakken"},"city":"Sørkjosen","state":"Bergen","country":"Norway","postcode":"3040","coordinates":{"latitude":"45.5798","longitude":"-174.9842"},"timezone":{"offset":"-7:00","description":"Mountain Time (US &amp; Canada)"}},"email":"ask.valberg@example.com","login":{"uuid":"1e27cd14-692e-458a-b72e-77b49507551d","username":"blacktiger524","password":"jokers","salt":"AMi3vFNB","md5":"a3381c452db936a660ee04946be23fd9","sha1":"51fb6b3ab0c347b2b74400b13680b9e212db5193","sha256":"7269bfbcb16a381ca4864708b3636a739a2f27deaf21c8f7214ee908fffe94b6"},"dob":{"date":"1970-02-14T22:31:49.509Z","age":54},"registered":{"date":"2016-10-24T03:35:39.963Z","age":7},"phone":"63043308","cell":"95371617","id":{"name":"FN","value":"14027023763"},"picture":{"large":"https://randomuser.me/api/portraits/men/25.jpg","medium":"https://randomuser.me/api/portraits/med/men/25.jpg","thumbnail":"https://randomuser.me/api/portraits/thumb/men/25.jpg"},"nat":"NO"}],"info":{"seed":"7166c0d576d28479","results":1,"page":1,"version":"1.4"}} 
 </msg>
<msg time="2024-04-12T04:17:00.660317" level="INFO">/opt/hostedtoolcache/Python/3.12.2/x64/lib/python3.12/site-packages/urllib3/connectionpool.py:1103: InsecureRequestWarning: Unverified HTTPS request is being made to host 'randomuser.me'. Adding certificate verification is strongly advised. See: https://urllib3.readthedocs.io/en/latest/advanced-usage.html#tls-warnings
  warnings.warn(</msg>
<msg time="2024-04-12T04:17:00.660429" level="INFO">${response} = &lt;Response [200]&gt;</msg>
<var>${response}</var>
<arg>consultarAPI</arg>
<arg>/api</arg>
<doc>Sends a GET request on a previously created HTTP Session.</doc>
<status status="PASS" start="2024-04-12T04:17:00.574450" elapsed="0.086022"/>
</kw>
<kw name="Set Variable" owner="BuiltIn">
<msg time="2024-04-12T04:17:00.661305" level="INFO">${json_data} = {'results': [{'gender': 'male', 'name': {'title': 'Mr', 'first': 'Ask', 'last': 'Valberg'}, 'location': {'street': {'number': 4634, 'name': 'Skullerudbakken'}, 'city': 'Sørkjosen', 'state': 'Bergen', ...</msg>
<var>${json_data}</var>
<arg>${response.json()}</arg>
<doc>Returns the given values which can then be assigned to a variables.</doc>
<status status="PASS" start="2024-04-12T04:17:00.660858" elapsed="0.000476"/>
</kw>
<kw name="Log" owner="BuiltIn">
<msg time="2024-04-12T04:17:00.661842" level="INFO">{'results': [{'gender': 'male', 'name': {'title': 'Mr', 'first': 'Ask', 'last': 'Valberg'}, 'location': {'street': {'number': 4634, 'name': 'Skullerudbakken'}, 'city': 'Sørkjosen', 'state': 'Bergen', 'country': 'Norway', 'postcode': '3040', 'coordinates': {'latitude': '45.5798', 'longitude': '-174.9842'}, 'timezone': {'offset': '-7:00', 'description': 'Mountain Time (US &amp; Canada)'}}, 'email': 'ask.valberg@example.com', 'login': {'uuid': '1e27cd14-692e-458a-b72e-77b49507551d', 'username': 'blacktiger524', 'password': 'jokers', 'salt': 'AMi3vFNB', 'md5': 'a3381c452db936a660ee04946be23fd9', 'sha1': '51fb6b3ab0c347b2b74400b13680b9e212db5193', 'sha256': '7269bfbcb16a381ca4864708b3636a739a2f27deaf21c8f7214ee908fffe94b6'}, 'dob': {'date': '1970-02-14T22:31:49.509Z', 'age': 54}, 'registered': {'date': '2016-10-24T03:35:39.963Z', 'age': 7}, 'phone': '63043308', 'cell': '95371617', 'id': {'name': 'FN', 'value': '14027023763'}, 'picture': {'large': 'https://randomuser.me/api/portraits/men/25.jpg', 'medium': 'https://randomuser.me/api/portraits/med/men/25.jpg', 'thumbnail': 'https://randomuser.me/api/portraits/thumb/men/25.jpg'}, 'nat': 'NO'}], 'info': {'seed': '7166c0d576d28479', 'results': 1, 'page': 1, 'version': '1.4'}}</msg>
<arg>${json_data}</arg>
<doc>Logs the given message with the given level.</doc>
<status status="PASS" start="2024-04-12T04:17:00.661646" elapsed="0.000280"/>
</kw>
<kw name="Should Be String" owner="String">
<arg>${json_data['results'][0]['gender']}</arg>
<doc>Fails if the given ``item`` is not a string.</doc>
<status status="PASS" start="2024-04-12T04:17:00.662230" elapsed="0.000360"/>
</kw>
<kw name="Should Match Regexp" owner="BuiltIn">
<arg>${json_data['results'][0]['email']}</arg>
<arg>^[a-zA-Z0-9._%+-]+@[a-zA-Z0-9.-]+\.[a-zA-Z]{2,}$</arg>
<doc>Fails if ``string`` does not match ``pattern`` as a regular expression.</doc>
<status status="PASS" start="2024-04-12T04:17:00.662786" elapsed="0.000523"/>
</kw>
<kw name="Should Match Regexp" owner="BuiltIn">
<arg>${json_data['results'][0]['dob']['date']}</arg>
<arg>\\d{4}-\\d{2}-\\d{2}T\\d{2}:\\d{2}:\\d{2}\\.\\d{3}Z</arg>
<doc>Fails if ``string`` does not match ``pattern`` as a regular expression.</doc>
<status status="PASS" start="2024-04-12T04:17:00.663505" elapsed="0.000487"/>
</kw>
<kw name="Should Match Regexp" owner="BuiltIn">
<arg>${json_data['results'][0]['registered']['date']}</arg>
<arg>\\d{4}-\\d{2}-\\d{2}T\\d{2}:\\d{2}:\\d{2}\\.\\d{3}Z</arg>
<doc>Fails if ``string`` does not match ``pattern`` as a regular expression.</doc>
<status status="PASS" start="2024-04-12T04:17:00.664182" elapsed="0.000369"/>
</kw>
<kw name="Should Match Regexp" owner="BuiltIn">
<arg>${json_data['results'][0]['picture']['large']}</arg>
<arg>^https?://.*\.(?:png|jpe?g|gif|bmp)$</arg>
<doc>Fails if ``string`` does not match ``pattern`` as a regular expression.</doc>
<status status="PASS" start="2024-04-12T04:17:00.664738" elapsed="0.000453"/>
</kw>
<kw name="Should Match Regexp" owner="BuiltIn">
<arg>${json_data['results'][0]['picture']['medium']}</arg>
<arg>^https?://.*\.(?:png|jpe?g|gif|bmp)$</arg>
<doc>Fails if ``string`` does not match ``pattern`` as a regular expression.</doc>
<status status="PASS" start="2024-04-12T04:17:00.665377" elapsed="0.000380"/>
</kw>
<kw name="Should Match Regexp" owner="BuiltIn">
<arg>${json_data['results'][0]['picture']['thumbnail']}</arg>
<arg>^https?://.*\.(?:png|jpe?g|gif|bmp)$</arg>
<doc>Fails if ``string`` does not match ``pattern`` as a regular expression.</doc>
<status status="PASS" start="2024-04-12T04:17:00.665946" elapsed="0.000353"/>
</kw>
<kw name="Log" owner="BuiltIn">
<msg time="2024-04-12T04:17:00.666806" level="INFO">{'large': 'https://randomuser.me/api/portraits/men/25.jpg', 'medium': 'https://randomuser.me/api/portraits/med/men/25.jpg', 'thumbnail': 'https://randomuser.me/api/portraits/thumb/men/25.jpg'}</msg>
<arg>${json_data['results'][0]['picture']}</arg>
<doc>Logs the given message with the given level.</doc>
<status status="PASS" start="2024-04-12T04:17:00.666480" elapsed="0.000367"/>
</kw>
<status status="PASS" start="2024-04-12T04:17:00.574221" elapsed="0.092877"/>
</kw>
<kw name="Teste de Tipos de Dados - Postcode" owner="random-user-service">
<kw name="GET On Session" owner="RequestsLibrary">
<msg time="2024-04-12T04:17:00.775547" level="INFO">GET Request : url=https://randomuser.me/api 
 path_url=/api 
 headers={'User-Agent': 'python-requests/2.31.0', 'Accept-Encoding': 'gzip, deflate', 'Accept': '*/*', 'Connection': 'keep-alive'} 
 body=None 
 </msg>
<msg time="2024-04-12T04:17:00.775629" level="INFO">GET Response : url=https://randomuser.me/api 
 status=200, reason=OK 
 headers={'Date': 'Fri, 12 Apr 2024 04:17:00 GMT', 'Content-Type': 'application/json; charset=utf-8', 'Transfer-Encoding': 'chunked', 'Connection': 'keep-alive', 'X-Powered-By': 'Express', 'Access-Control-Allow-Origin': '*', 'Cache-Control': 'no-cache', 'ETag': 'W/"4b4-DHCW8SVQ5/JuaUus6dONkX5RZZA"', 'Vary': 'Accept-Encoding', 'Content-Encoding': 'gzip', 'CF-Cache-Status': 'DYNAMIC', 'Report-To': '{"endpoints":[{"url":"https:\\/\\/a.nel.cloudflare.com\\/report\\/v4?s=uoXOmV3GBm9uKMG0l4p77nNOwKeYvaXZmc7ruQIHpRW%2BML7C8muLTznoUnT870rv1lp2K1Orcmll4hfa1PMbehONSDbUkJ11n9ccmTkJqJF0n%2B9Xg6CPWXK0ADvLKSls"}],"group":"cf-nel","max_age":604800}', 'NEL': '{"success_fraction":0,"report_to":"cf-nel","max_age":604800}', 'Server': 'cloudflare', 'CF-RAY': '8730677b3add1601-SJC', 'alt-svc': 'h3=":443"; ma=86400'} 
 body={"results":[{"gender":"female","name":{"title":"Mrs","first":"Citlali","last":"Llamas"},"location":{"street":{"number":3921,"name":"Continuación Cintrón"},"city":"Santa Cruz Xoxocotlán","state":"Michoacan","country":"Mexico","postcode":40699,"coordinates":{"latitude":"27.9506","longitude":"163.5857"},"timezone":{"offset":"+4:00","description":"Abu Dhabi, Muscat, Baku, Tbilisi"}},"email":"citlali.llamas@example.com","login":{"uuid":"37a967c7-5cab-4db5-9163-54f53477be2b","username":"browngoose348","password":"heather","salt":"YNTZTveg","md5":"a5ac8cf6049ff149473a3a951d3508e3","sha1":"43fbce77d3d2e64c61c96bcd5b282b5fe7dadac0","sha256":"5b58dc6d1b0a833738aae70415f8b9cdb4ea015265b32aad5ffc0f677e14c899"},"dob":{"date":"1998-07-10T02:09:45.565Z","age":25},"registered":{"date":"2008-09-28T11:41:59.081Z","age":15},"phone":"(624) 469 1669","cell":"(606) 765 8923","id":{"name":"NSS","value":"41 71 39 9351 4"},"picture":{"large":"https://randomuser.me/api/portraits/women/18.jpg","medium":"https://randomuser.me/api/portraits/med/women/18.jpg","thumbnail":"https://randomuser.me/api/portraits/thumb/women/18.jpg"},"nat":"MX"}],"info":{"seed":"1ac2128910972290","results":1,"page":1,"version":"1.4"}} 
 </msg>
<msg time="2024-04-12T04:17:00.775715" level="INFO">/opt/hostedtoolcache/Python/3.12.2/x64/lib/python3.12/site-packages/urllib3/connectionpool.py:1103: InsecureRequestWarning: Unverified HTTPS request is being made to host 'randomuser.me'. Adding certificate verification is strongly advised. See: https://urllib3.readthedocs.io/en/latest/advanced-usage.html#tls-warnings
  warnings.warn(</msg>
<msg time="2024-04-12T04:17:00.775825" level="INFO">${response} = &lt;Response [200]&gt;</msg>
<var>${response}</var>
<arg>consultarAPI</arg>
<arg>/api</arg>
<doc>Sends a GET request on a previously created HTTP Session.</doc>
<status status="PASS" start="2024-04-12T04:17:00.667532" elapsed="0.108341"/>
</kw>
<kw name="Set Variable" owner="BuiltIn">
<msg time="2024-04-12T04:17:00.776710" level="INFO">${json_data} = {'results': [{'gender': 'female', 'name': {'title': 'Mrs', 'first': 'Citlali', 'last': 'Llamas'}, 'location': {'street': {'number': 3921, 'name': 'Continuación Cintrón'}, 'city': 'Santa Cruz Xoxocotlá...</msg>
<var>${json_data}</var>
<arg>${response.json()}</arg>
<doc>Returns the given values which can then be assigned to a variables.</doc>
<status status="PASS" start="2024-04-12T04:17:00.776262" elapsed="0.000476"/>
</kw>
<kw name="Log" owner="BuiltIn">
<msg time="2024-04-12T04:17:00.777194" level="INFO">{'results': [{'gender': 'female', 'name': {'title': 'Mrs', 'first': 'Citlali', 'last': 'Llamas'}, 'location': {'street': {'number': 3921, 'name': 'Continuación Cintrón'}, 'city': 'Santa Cruz Xoxocotlán', 'state': 'Michoacan', 'country': 'Mexico', 'postcode': 40699, 'coordinates': {'latitude': '27.9506', 'longitude': '163.5857'}, 'timezone': {'offset': '+4:00', 'description': 'Abu Dhabi, Muscat, Baku, Tbilisi'}}, 'email': 'citlali.llamas@example.com', 'login': {'uuid': '37a967c7-5cab-4db5-9163-54f53477be2b', 'username': 'browngoose348', 'password': 'heather', 'salt': 'YNTZTveg', 'md5': 'a5ac8cf6049ff149473a3a951d3508e3', 'sha1': '43fbce77d3d2e64c61c96bcd5b282b5fe7dadac0', 'sha256': '5b58dc6d1b0a833738aae70415f8b9cdb4ea015265b32aad5ffc0f677e14c899'}, 'dob': {'date': '1998-07-10T02:09:45.565Z', 'age': 25}, 'registered': {'date': '2008-09-28T11:41:59.081Z', 'age': 15}, 'phone': '(624) 469 1669', 'cell': '(606) 765 8923', 'id': {'name': 'NSS', 'value': '41 71 39 9351 4'}, 'picture': {'large': 'https://randomuser.me/api/portraits/women/18.jpg', 'medium': 'https://randomuser.me/api/portraits/med/women/18.jpg', 'thumbnail': 'https://randomuser.me/api/portraits/thumb/women/18.jpg'}, 'nat': 'MX'}], 'info': {'seed': '1ac2128910972290', 'results': 1, 'page': 1, 'version': '1.4'}}</msg>
<arg>${json_data}</arg>
<doc>Logs the given message with the given level.</doc>
<status status="PASS" start="2024-04-12T04:17:00.777040" elapsed="0.000233"/>
</kw>
<kw name="Should Be Equal As Numbers" owner="BuiltIn">
<arg>${json_data['results'][0]['location']['postcode']}</arg>
<arg>${json_data['results'][0]['location']['postcode']}</arg>
<doc>Fails if objects are unequal after converting them to real numbers.</doc>
<status status="PASS" start="2024-04-12T04:17:00.777573" elapsed="0.000650"/>
</kw>
<kw name="Log" owner="BuiltIn">
<msg time="2024-04-12T04:17:00.778748" level="INFO">40699</msg>
<arg>${json_data['results'][0]['location']['postcode']}</arg>
<doc>Logs the given message with the given level.</doc>
<status status="PASS" start="2024-04-12T04:17:00.778416" elapsed="0.000371"/>
</kw>
<status status="PASS" start="2024-04-12T04:17:00.667309" elapsed="0.111729"/>
</kw>
<doc>Testa se os tipos de dados na resposta da API estão corretos.</doc>
<tag>testeTiposDados</tag>
<status status="PASS" start="2024-04-12T04:17:00.573694" elapsed="0.205504"/>
</test>
<test id="s1-s1-t5" name="Validar conteudo" line="35">
<kw name="Teste de Tipos de Conteudo" owner="random-user-service">
<kw name="GET On Session" owner="RequestsLibrary">
<msg time="2024-04-12T04:17:00.902181" level="INFO">GET Request : url=https://randomuser.me/api 
 path_url=/api 
 headers={'User-Agent': 'python-requests/2.31.0', 'Accept-Encoding': 'gzip, deflate', 'Accept': '*/*', 'Connection': 'keep-alive'} 
 body=None 
 </msg>
<msg time="2024-04-12T04:17:00.902244" level="INFO">GET Response : url=https://randomuser.me/api 
 status=200, reason=OK 
 headers={'Date': 'Fri, 12 Apr 2024 04:17:00 GMT', 'Content-Type': 'application/json; charset=utf-8', 'Transfer-Encoding': 'chunked', 'Connection': 'keep-alive', 'X-Powered-By': 'Express', 'Access-Control-Allow-Origin': '*', 'Cache-Control': 'no-cache', 'ETag': 'W/"496-LodzscIBvZBcVzQXiU9dC04W0t4"', 'Vary': 'Accept-Encoding', 'Content-Encoding': 'gzip', 'CF-Cache-Status': 'DYNAMIC', 'Report-To': '{"endpoints":[{"url":"https:\\/\\/a.nel.cloudflare.com\\/report\\/v4?s=Py85hF9ss4TvcHVdf4RRIU1E1jhFkktPUWiKUSrIWcohBOVriho1gpnjDvXEisKTgejPU%2BLDogkVVugXz0sqEGzPFxe2B1lNdumK5a9QFP7UBdoJm%2BifFgY0Ac6ss%2BkB"}],"group":"cf-nel","max_age":604800}', 'NEL': '{"success_fraction":0,"report_to":"cf-nel","max_age":604800}', 'Server': 'cloudflare', 'CF-RAY': '8730677beb831601-SJC', 'alt-svc': 'h3=":443"; ma=86400'} 
 body={"results":[{"gender":"male","name":{"title":"Mr","first":"Taylor","last":"Byrd"},"location":{"street":{"number":2889,"name":"Oaks Cross"},"city":"Newry","state":"Suffolk","country":"United Kingdom","postcode":"V21 1QJ","coordinates":{"latitude":"-6.9734","longitude":"-61.3005"},"timezone":{"offset":"0:00","description":"Western Europe Time, London, Lisbon, Casablanca"}},"email":"taylor.byrd@example.com","login":{"uuid":"e16499dd-f883-4c71-b8a0-9d8bc610dfc3","username":"redbear660","password":"kenny","salt":"8IInUDhn","md5":"ec977812324f2b8a49ad38b7df644974","sha1":"f4587ddab3dd60ce2602cda05f6c483baabc19b6","sha256":"eeeb4c091ffd1604dd0b409e09874e8e479cd5150b5e24e935fdf6e6f9d4c0e0"},"dob":{"date":"1991-09-25T07:43:25.086Z","age":32},"registered":{"date":"2012-04-23T15:21:14.043Z","age":11},"phone":"015394 06427","cell":"07218 269767","id":{"name":"NINO","value":"ZS 20 36 44 M"},"picture":{"large":"https://randomuser.me/api/portraits/men/74.jpg","medium":"https://randomuser.me/api/portraits/med/men/74.jpg","thumbnail":"https://randomuser.me/api/portraits/thumb/men/74.jpg"},"nat":"GB"}],"info":{"seed":"d14d2e22257ea6f0","results":1,"page":1,"version":"1.4"}} 
 </msg>
<msg time="2024-04-12T04:17:00.902299" level="INFO">/opt/hostedtoolcache/Python/3.12.2/x64/lib/python3.12/site-packages/urllib3/connectionpool.py:1103: InsecureRequestWarning: Unverified HTTPS request is being made to host 'randomuser.me'. Adding certificate verification is strongly advised. See: https://urllib3.readthedocs.io/en/latest/advanced-usage.html#tls-warnings
  warnings.warn(</msg>
<msg time="2024-04-12T04:17:00.902383" level="INFO">${response} = &lt;Response [200]&gt;</msg>
<var>${response}</var>
<arg>consultarAPI</arg>
<arg>/api</arg>
<doc>Sends a GET request on a previously created HTTP Session.</doc>
<status status="PASS" start="2024-04-12T04:17:00.781496" elapsed="0.120917"/>
</kw>
<kw name="Set Variable" owner="BuiltIn">
<msg time="2024-04-12T04:17:00.903257" level="INFO">${json_data} = {'results': [{'gender': 'male', 'name': {'title': 'Mr', 'first': 'Taylor', 'last': 'Byrd'}, 'location': {'street': {'number': 2889, 'name': 'Oaks Cross'}, 'city': 'Newry', 'state': 'Suffolk', 'country...</msg>
<var>${json_data}</var>
<arg>${response.json()}</arg>
<doc>Returns the given values which can then be assigned to a variables.</doc>
<status status="PASS" start="2024-04-12T04:17:00.902796" elapsed="0.000488"/>
</kw>
<kw name="Set Variable" owner="BuiltIn">
<msg time="2024-04-12T04:17:00.903963" level="INFO">${name_title} = Mr</msg>
<var>${name_title}</var>
<arg>${json_data["results"][0]["name"]["title"]}</arg>
<doc>Returns the given values which can then be assigned to a variables.</doc>
<status status="PASS" start="2024-04-12T04:17:00.903586" elapsed="0.000402"/>
</kw>
<kw name="Create List" owner="BuiltIn">
<msg time="2024-04-12T04:17:00.904431" level="INFO">${allowed_titles} = ['Mr', 'Ms', 'Miss', 'Mrs', 'Madame', 'Monsieur']</msg>
<var>${allowed_titles}</var>
<arg>Mr</arg>
<arg>Ms</arg>
<arg>Miss</arg>
<arg>Mrs</arg>
<arg>Madame</arg>
<arg>Monsieur</arg>
<doc>Returns a list containing given items.</doc>
<status status="PASS" start="2024-04-12T04:17:00.904282" elapsed="0.000173"/>
</kw>
<kw name="List Should Contain Value" owner="Collections">
<msg time="2024-04-12T04:17:00.904924" level="INFO">False</msg>
<arg>${allowed_titles}</arg>
<arg>${name_title}</arg>
<doc>Fails if the ``value`` is not found from ``list``.</doc>
<status status="PASS" start="2024-04-12T04:17:00.904754" elapsed="0.000207"/>
</kw>
<kw name="Set Variable" owner="BuiltIn">
<msg time="2024-04-12T04:17:00.905632" level="INFO">${name_country} = GB</msg>
<var>${name_country}</var>
<arg>${json_data["results"][0]["nat"]}</arg>
<doc>Returns the given values which can then be assigned to a variables.</doc>
<status status="PASS" start="2024-04-12T04:17:00.905253" elapsed="0.000404"/>
</kw>
<kw name="Create List" owner="BuiltIn">
<msg time="2024-04-12T04:17:00.906611" level="INFO">${list_country} = ['AD', 'AE', 'AF', 'AG', 'AI', 'AL', 'AM', 'AO', 'AQ', 'AR', 'AS', 'AT', 'AU', 'AW', 'AX', 'AZ', 'BA', 'BB', 'BD', 'BE', 'BF', 'BG', 'BH', 'BI', 'BJ', 'BL', 'BM', 'BN', 'BO', 'BQ', 'BR', 'BS', 'BT', '...</msg>
<var>${list_country}</var>
<arg>AD</arg>
<arg>AE</arg>
<arg>AF</arg>
<arg>AG</arg>
<arg>AI</arg>
<arg>AL</arg>
<arg>AM</arg>
<arg>AO</arg>
<arg>AQ</arg>
<arg>AR</arg>
<arg>AS</arg>
<arg>AT</arg>
<arg>AU</arg>
<arg>AW</arg>
<arg>AX</arg>
<arg>AZ</arg>
<arg>BA</arg>
<arg>BB</arg>
<arg>BD</arg>
<arg>BE</arg>
<arg>BF</arg>
<arg>BG</arg>
<arg>BH</arg>
<arg>BI</arg>
<arg>BJ</arg>
<arg>BL</arg>
<arg>BM</arg>
<arg>BN</arg>
<arg>BO</arg>
<arg>BQ</arg>
<arg>BR</arg>
<arg>BS</arg>
<arg>BT</arg>
<arg>BV</arg>
<arg>BW</arg>
<arg>BY</arg>
<arg>BZ</arg>
<arg>CA</arg>
<arg>CC</arg>
<arg>CD</arg>
<arg>CF</arg>
<arg>CG</arg>
<arg>CH</arg>
<arg>CI</arg>
<arg>CK</arg>
<arg>CL</arg>
<arg>CM</arg>
<arg>CN</arg>
<arg>CO</arg>
<arg>CR</arg>
<arg>CU</arg>
<arg>CV</arg>
<arg>CW</arg>
<arg>CX</arg>
<arg>CY</arg>
<arg>CZ</arg>
<arg>DE</arg>
<arg>DJ</arg>
<arg>DK</arg>
<arg>DM</arg>
<arg>DO</arg>
<arg>DZ</arg>
<arg>EC</arg>
<arg>EE</arg>
<arg>EG</arg>
<arg>EH</arg>
<arg>ER</arg>
<arg>ES</arg>
<arg>ET</arg>
<arg>FI</arg>
<arg>FJ</arg>
<arg>FK</arg>
<arg>FM</arg>
<arg>FO</arg>
<arg>FR</arg>
<arg>GA</arg>
<arg>GB</arg>
<arg>GD</arg>
<arg>GE</arg>
<arg>GF</arg>
<arg>GG</arg>
<arg>GH</arg>
<arg>GI</arg>
<arg>GL</arg>
<arg>GM</arg>
<arg>GN</arg>
<arg>GP</arg>
<arg>GQ</arg>
<arg>GR</arg>
<arg>GS</arg>
<arg>GT</arg>
<arg>GU</arg>
<arg>GW</arg>
<arg>GY</arg>
<arg>HK</arg>
<arg>HM</arg>
<arg>HN</arg>
<arg>HR</arg>
<arg>HT</arg>
<arg>HU</arg>
<arg>ID</arg>
<arg>IE</arg>
<arg>IL</arg>
<arg>IM</arg>
<arg>IN</arg>
<arg>IO</arg>
<arg>IQ</arg>
<arg>IR</arg>
<arg>IS</arg>
<arg>IT</arg>
<arg>JE</arg>
<arg>JM</arg>
<arg>JO</arg>
<arg>JP</arg>
<arg>KE</arg>
<arg>KG</arg>
<arg>KH</arg>
<arg>KI</arg>
<arg>KM</arg>
<arg>KN</arg>
<arg>KP</arg>
<arg>KR</arg>
<arg>KW</arg>
<arg>KY</arg>
<arg>KZ</arg>
<arg>LA</arg>
<arg>LB</arg>
<arg>LC</arg>
<arg>LI</arg>
<arg>LK</arg>
<arg>LR</arg>
<arg>LS</arg>
<arg>LT</arg>
<arg>LU</arg>
<arg>LV</arg>
<arg>LY</arg>
<arg>MA</arg>
<arg>MC</arg>
<arg>MD</arg>
<arg>ME</arg>
<arg>MF</arg>
<arg>MG</arg>
<arg>MH</arg>
<arg>MK</arg>
<arg>ML</arg>
<arg>MM</arg>
<arg>MN</arg>
<arg>MO</arg>
<arg>MP</arg>
<arg>MQ</arg>
<arg>MR</arg>
<arg>MS</arg>
<arg>MT</arg>
<arg>MU</arg>
<arg>MV</arg>
<arg>MW</arg>
<arg>MX</arg>
<arg>MY</arg>
<arg>MZ</arg>
<arg>NA</arg>
<arg>NC</arg>
<arg>NE</arg>
<arg>NF</arg>
<arg>NG</arg>
<arg>NI</arg>
<arg>NL</arg>
<arg>NO</arg>
<arg>NP</arg>
<arg>NR</arg>
<arg>NU</arg>
<arg>NZ</arg>
<arg>OM</arg>
<arg>PA</arg>
<arg>PE</arg>
<arg>PF</arg>
<arg>PG</arg>
<arg>PH</arg>
<arg>PK</arg>
<arg>PL</arg>
<arg>PM</arg>
<arg>PN</arg>
<arg>PR</arg>
<arg>PS</arg>
<arg>PT</arg>
<arg>PW</arg>
<arg>PY</arg>
<arg>QA</arg>
<arg>RE</arg>
<arg>RO</arg>
<arg>RS</arg>
<arg>RU</arg>
<arg>RW</arg>
<arg>SA</arg>
<arg>SB</arg>
<arg>SC</arg>
<arg>SD</arg>
<arg>SE</arg>
<arg>SG</arg>
<arg>SH</arg>
<arg>SI</arg>
<arg>SJ</arg>
<arg>SK</arg>
<arg>SL</arg>
<arg>SM</arg>
<arg>SN</arg>
<arg>SO</arg>
<arg>SR</arg>
<arg>SS</arg>
<arg>ST</arg>
<arg>SV</arg>
<arg>SX</arg>
<arg>SY</arg>
<arg>SZ</arg>
<arg>TC</arg>
<arg>TD</arg>
<arg>TF</arg>
<arg>TG</arg>
<arg>TH</arg>
<arg>TJ</arg>
<arg>TK</arg>
<arg>TL</arg>
<arg>TM</arg>
<arg>TN</arg>
<arg>TO</arg>
<arg>TR</arg>
<arg>TT</arg>
<arg>TV</arg>
<arg>TW</arg>
<arg>TZ</arg>
<arg>UA</arg>
<arg>UG</arg>
<arg>UM</arg>
<arg>US</arg>
<arg>UY</arg>
<arg>UZ</arg>
<arg>VA</arg>
<arg>VC</arg>
<arg>VE</arg>
<arg>VG</arg>
<arg>VI</arg>
<arg>VN</arg>
<arg>VU</arg>
<arg>WF</arg>
<arg>WS</arg>
<arg>XK</arg>
<arg>YE</arg>
<arg>YT</arg>
<arg>ZA</arg>
<arg>ZM</arg>
<arg>ZW</arg>
<doc>Returns a list containing given items.</doc>
<status status="PASS" start="2024-04-12T04:17:00.906011" elapsed="0.000625"/>
</kw>
<kw name="List Should Contain Value" owner="Collections">
<msg time="2024-04-12T04:17:00.907618" level="INFO">False</msg>
<arg>${list_country}</arg>
<arg>${name_country}</arg>
<doc>Fails if the ``value`` is not found from ``list``.</doc>
<status status="PASS" start="2024-04-12T04:17:00.907416" elapsed="0.000240"/>
</kw>
<kw name="Run Keyword If" owner="BuiltIn">
<kw name="Should Be True" owner="BuiltIn">
<arg>${True}</arg>
<doc>Fails if the given condition is not true.</doc>
<status status="PASS" start="2024-04-12T04:17:00.908832" elapsed="0.000146"/>
</kw>
<arg>${json_data["results"][0]["location"]["coordinates"]["latitude"]} &gt;= -90 and ${json_data["results"][0]["location"]["coordinates"]["latitude"]} &lt;= 90</arg>
<arg>Should Be True</arg>
<arg>${True}</arg>
<doc>Runs the given keyword with the given arguments, if ``condition`` is true.</doc>
<status status="PASS" start="2024-04-12T04:17:00.907964" elapsed="0.001143"/>
</kw>
<kw name="Run Keyword If" owner="BuiltIn">
<kw name="Should Be True" owner="BuiltIn">
<arg>${True}</arg>
<doc>Fails if the given condition is not true.</doc>
<status status="PASS" start="2024-04-12T04:17:00.910023" elapsed="0.000137"/>
</kw>
<arg>${json_data["results"][0]["location"]["coordinates"]["longitude"]} &gt;= -180 and ${json_data["results"][0]["location"]["coordinates"]["longitude"]} &lt;= 180</arg>
<arg>Should Be True</arg>
<arg>${True}</arg>
<doc>Runs the given keyword with the given arguments, if ``condition`` is true.</doc>
<status status="PASS" start="2024-04-12T04:17:00.909294" elapsed="0.000990"/>
</kw>
<status status="PASS" start="2024-04-12T04:17:00.781280" elapsed="0.129132"/>
</kw>
<doc>Testa o conteúdo específico dos campos retornados pela API.</doc>
<tag>testeConteudo</tag>
<status status="PASS" start="2024-04-12T04:17:00.780863" elapsed="0.129694"/>
</test>
<status status="PASS" start="2024-04-12T04:16:59.868053" elapsed="1.044366"/>
</suite>
<status status="PASS" start="2024-04-12T04:16:59.854573" elapsed="1.063218"/>
</suite>
<statistics>
<total>
<stat pass="5" fail="0" skip="0">All Tests</stat>
</total>
<tag>
<stat pass="1" fail="0" skip="0">testeConteudo</stat>
<stat pass="1" fail="0" skip="0">testeEstruturaResposta</stat>
<stat pass="1" fail="0" skip="0">testeRequisicaoBasica</stat>
<stat pass="1" fail="0" skip="0">testeTiposDados</stat>
</tag>
<suite>
<stat pass="5" fail="0" skip="0" id="s1" name="Tests">Tests</stat>
<stat pass="5" fail="0" skip="0" id="s1-s1" name="Random-User-Test">Tests.Random-User-Test</stat>
</suite>
</statistics>
<errors>
</errors>
</robot>
