<?xml version="1.0" encoding="UTF-8"?>
<robot generator="Robot 7.0 (Python 3.12.2 on linux)" generated="2024-04-12T16:16:54.002563" rpa="false" schemaversion="5">
<suite id="s1" name="Tests" source="/home/runner/work/DesafioQAItauRogerioJordao/DesafioQAItauRogerioJordao/RamdonUser/tests">
<suite id="s1-s1" name="Random-User-Test" source="/home/runner/work/DesafioQAItauRogerioJordao/DesafioQAItauRogerioJordao/RamdonUser/tests/random-user-test.robot">
<test id="s1-s1-t1" name="Conectar" line="13">
<kw name="Conectar API" owner="random-user-service">
<kw name="Create Session" owner="RequestsLibrary">
<msg time="2024-04-12T16:16:54.358339" level="INFO">Creating Session using : alias=consultarAPI, url=https://randomuser.me/, headers={},                     cookies={}, auth=None, timeout=None, proxies=None, verify=False,                     debug=0 </msg>
<arg>consultarAPI</arg>
<arg>${URL}</arg>
<doc>Create Session: create a HTTP session to a server</doc>
<status status="PASS" start="2024-04-12T16:16:54.358102" elapsed="0.000414"/>
</kw>
<status status="PASS" start="2024-04-12T16:16:54.357067" elapsed="0.001805"/>
</kw>
<status status="PASS" start="2024-04-12T16:16:54.356469" elapsed="0.002618"/>
</test>
<test id="s1-s1-t2" name="Validar retorno 200 e JSON Válido" line="16">
<kw name="Teste de Requisicao Basica" owner="random-user-service">
<kw name="GET On Session" owner="RequestsLibrary">
<msg time="2024-04-12T16:16:54.635117" level="INFO">GET Request : url=https://randomuser.me/api 
 path_url=/api 
 headers={'User-Agent': 'python-requests/2.31.0', 'Accept-Encoding': 'gzip, deflate', 'Accept': '*/*', 'Connection': 'keep-alive'} 
 body=None 
 </msg>
<msg time="2024-04-12T16:16:54.635290" level="INFO">GET Response : url=https://randomuser.me/api 
 status=200, reason=OK 
 headers={'Date': 'Fri, 12 Apr 2024 16:16:54 GMT', 'Content-Type': 'application/json; charset=utf-8', 'Transfer-Encoding': 'chunked', 'Connection': 'keep-alive', 'X-Powered-By': 'Express', 'Access-Control-Allow-Origin': '*', 'Cache-Control': 'no-cache', 'ETag': 'W/"48a-UteDzfYo+zseYsFPevdXT/+OQ84"', 'Vary': 'Accept-Encoding', 'Content-Encoding': 'gzip', 'CF-Cache-Status': 'DYNAMIC', 'Report-To': '{"endpoints":[{"url":"https:\\/\\/a.nel.cloudflare.com\\/report\\/v4?s=4EYPcW8t5npD4dMqxaAjt%2FIBH6BZNFb0lrb9lEikGJVkajw4QGmGG8VbE141iUNF24v3vDGTm5SgnKNIBR87gIkpyhWSQRzhAjn6LBeHNNFr6D5s2vVPbWlykbF7GbQG"}],"group":"cf-nel","max_age":604800}', 'NEL': '{"success_fraction":0,"report_to":"cf-nel","max_age":604800}', 'Server': 'cloudflare', 'CF-RAY': '87348604fffb28c2-IAD', 'alt-svc': 'h3=":443"; ma=86400'} 
 body={"results":[{"gender":"female","name":{"title":"Miss","first":"Anna","last":"Thomsen"},"location":{"street":{"number":6618,"name":"Præstevænget"},"city":"Roslev","state":"Danmark","country":"Denmark","postcode":99228,"coordinates":{"latitude":"-46.9995","longitude":"122.0782"},"timezone":{"offset":"-4:00","description":"Atlantic Time (Canada), Caracas, La Paz"}},"email":"anna.thomsen@example.com","login":{"uuid":"1f54aaa2-f1a3-4b0a-9bf7-f1a205f535a3","username":"heavywolf162","password":"white","salt":"fOmRaNeS","md5":"ba3d59d29c1a3a00222a3a8cd738bbef","sha1":"de2bb5166b6c3cbf993a56f49bbabab224336121","sha256":"9d07629cd7973ba0e6e21f78ef0d960e715447d266c4443d6bcefc8ad5e2ea16"},"dob":{"date":"1982-06-15T17:51:53.674Z","age":41},"registered":{"date":"2005-06-23T23:41:52.063Z","age":18},"phone":"39313623","cell":"29159609","id":{"name":"CPR","value":"150682-9901"},"picture":{"large":"https://randomuser.me/api/portraits/women/5.jpg","medium":"https://randomuser.me/api/portraits/med/women/5.jpg","thumbnail":"https://randomuser.me/api/portraits/thumb/women/5.jpg"},"nat":"DK"}],"info":{"seed":"567434b54eca938a","results":1,"page":1,"version":"1.4"}} 
 </msg>
<msg time="2024-04-12T16:16:54.635389" level="INFO">/opt/hostedtoolcache/Python/3.12.2/x64/lib/python3.12/site-packages/urllib3/connectionpool.py:1103: InsecureRequestWarning: Unverified HTTPS request is being made to host 'randomuser.me'. Adding certificate verification is strongly advised. See: https://urllib3.readthedocs.io/en/latest/advanced-usage.html#tls-warnings
  warnings.warn(</msg>
<msg time="2024-04-12T16:16:54.635537" level="INFO">${response} = &lt;Response [200]&gt;</msg>
<var>${response}</var>
<arg>consultarAPI</arg>
<arg>/api</arg>
<doc>Sends a GET request on a previously created HTTP Session.</doc>
<status status="PASS" start="2024-04-12T16:16:54.361716" elapsed="0.273863"/>
</kw>
<kw name="Should Be Equal As Numbers" owner="BuiltIn">
<msg time="2024-04-12T16:16:54.636682" level="INFO">Argument types are:
&lt;class 'int'&gt;
&lt;class 'str'&gt;</msg>
<arg>${response.status_code}</arg>
<arg>200</arg>
<doc>Fails if objects are unequal after converting them to real numbers.</doc>
<status status="PASS" start="2024-04-12T16:16:54.636217" elapsed="0.000536"/>
</kw>
<kw name="Log" owner="BuiltIn">
<msg time="2024-04-12T16:16:54.637446" level="INFO">200</msg>
<arg>${response.status_code}</arg>
<doc>Logs the given message with the given level.</doc>
<status status="PASS" start="2024-04-12T16:16:54.637076" elapsed="0.000413"/>
</kw>
<kw name="Set Variable" owner="BuiltIn">
<msg time="2024-04-12T16:16:54.638310" level="INFO">${json_data} = {'results': [{'gender': 'female', 'name': {'title': 'Miss', 'first': 'Anna', 'last': 'Thomsen'}, 'location': {'street': {'number': 6618, 'name': 'Præstevænget'}, 'city': 'Roslev', 'state': 'Danmark', ...</msg>
<var>${json_data}</var>
<arg>${response.json()}</arg>
<doc>Returns the given values which can then be assigned to a variables.</doc>
<status status="PASS" start="2024-04-12T16:16:54.637836" elapsed="0.000508"/>
</kw>
<kw name="Dictionary Should Contain Key" owner="Collections">
<msg time="2024-04-12T16:16:54.638827" level="INFO">False</msg>
<arg>${json_data}</arg>
<arg>results</arg>
<doc>Fails if ``key`` is not found from ``dictionary``.</doc>
<status status="PASS" start="2024-04-12T16:16:54.638660" elapsed="0.000207"/>
</kw>
<status status="PASS" start="2024-04-12T16:16:54.361462" elapsed="0.277663"/>
</kw>
<doc>Testa se a API responde corretamente e retorna um objeto JSON válido.</doc>
<tag>testeRequisicaoBasica</tag>
<status status="PASS" start="2024-04-12T16:16:54.360916" elapsed="0.278399"/>
</test>
<test id="s1-s1-t3" name="Validar estrutura de resposta" line="22">
<kw name="Teste de Estrutura de Resposta" owner="random-user-service">
<kw name="GET On Session" owner="RequestsLibrary">
<msg time="2024-04-12T16:16:54.705738" level="INFO">GET Request : url=https://randomuser.me/api 
 path_url=/api 
 headers={'User-Agent': 'python-requests/2.31.0', 'Accept-Encoding': 'gzip, deflate', 'Accept': '*/*', 'Connection': 'keep-alive'} 
 body=None 
 </msg>
<msg time="2024-04-12T16:16:54.705818" level="INFO">GET Response : url=https://randomuser.me/api 
 status=200, reason=OK 
 headers={'Date': 'Fri, 12 Apr 2024 16:16:54 GMT', 'Content-Type': 'application/json; charset=utf-8', 'Transfer-Encoding': 'chunked', 'Connection': 'keep-alive', 'X-Powered-By': 'Express', 'Access-Control-Allow-Origin': '*', 'Cache-Control': 'no-cache', 'ETag': 'W/"4a4-ULm324+OgjEY3XkIC1nEJLg112E"', 'Vary': 'Accept-Encoding', 'Content-Encoding': 'gzip', 'CF-Cache-Status': 'DYNAMIC', 'Report-To': '{"endpoints":[{"url":"https:\\/\\/a.nel.cloudflare.com\\/report\\/v4?s=HibzRHjH6nqN0Zuuc2nMjTh8T4dWyGlmzrB170WjegC%2FUSs8WumnmQRKlvF0FerQkwFKTGU34Yq%2FZnnWIq4TDxY9NgUjbbwFjiDWUofmzUq5LeWXr4KfjEOIXlyR7aTO"}],"group":"cf-nel","max_age":604800}', 'NEL': '{"success_fraction":0,"report_to":"cf-nel","max_age":604800}', 'Server': 'cloudflare', 'CF-RAY': '8734860588b728c2-IAD', 'alt-svc': 'h3=":443"; ma=86400'} 
 body={"results":[{"gender":"female","name":{"title":"Ms","first":"Dané","last":"Den Broeder"},"location":{"street":{"number":6502,"name":"Berger Verbindingsweg"},"city":"Adorp","state":"Drenthe","country":"Netherlands","postcode":"5080 UW","coordinates":{"latitude":"33.2027","longitude":"127.0171"},"timezone":{"offset":"+5:30","description":"Bombay, Calcutta, Madras, New Delhi"}},"email":"dane.denbroeder@example.com","login":{"uuid":"32fba201-6ceb-4d18-903d-5cf251568dfd","username":"tinygoose778","password":"camper","salt":"Y4QYhFed","md5":"80c2378ee41bfeebacbe2c42101c7ed8","sha1":"bb7601ed49a533ea099038485b1fc5ee23efe655","sha256":"5dd14064bf5d09bf324ca1f1944cd69bfb422ef99a66d611f28e43d022fa981b"},"dob":{"date":"2000-06-30T12:31:02.783Z","age":23},"registered":{"date":"2005-01-09T04:46:52.951Z","age":19},"phone":"(0793) 999804","cell":"(06) 56910405","id":{"name":"BSN","value":"60063548"},"picture":{"large":"https://randomuser.me/api/portraits/women/32.jpg","medium":"https://randomuser.me/api/portraits/med/women/32.jpg","thumbnail":"https://randomuser.me/api/portraits/thumb/women/32.jpg"},"nat":"NL"}],"info":{"seed":"b69bb13d115c636a","results":1,"page":1,"version":"1.4"}} 
 </msg>
<msg time="2024-04-12T16:16:54.705947" level="INFO">/opt/hostedtoolcache/Python/3.12.2/x64/lib/python3.12/site-packages/urllib3/connectionpool.py:1103: InsecureRequestWarning: Unverified HTTPS request is being made to host 'randomuser.me'. Adding certificate verification is strongly advised. See: https://urllib3.readthedocs.io/en/latest/advanced-usage.html#tls-warnings
  warnings.warn(</msg>
<msg time="2024-04-12T16:16:54.706063" level="INFO">${response} = &lt;Response [200]&gt;</msg>
<var>${response}</var>
<arg>consultarAPI</arg>
<arg>/api</arg>
<doc>Sends a GET request on a previously created HTTP Session.</doc>
<status status="PASS" start="2024-04-12T16:16:54.642684" elapsed="0.063431"/>
</kw>
<kw name="Set Variable" owner="BuiltIn">
<msg time="2024-04-12T16:16:54.707213" level="INFO">${json_data} = {'results': [{'gender': 'female', 'name': {'title': 'Ms', 'first': 'Dané', 'last': 'Den Broeder'}, 'location': {'street': {'number': 6502, 'name': 'Berger Verbindingsweg'}, 'city': 'Adorp', 'state': '...</msg>
<var>${json_data}</var>
<arg>${response.json()}</arg>
<doc>Returns the given values which can then be assigned to a variables.</doc>
<status status="PASS" start="2024-04-12T16:16:54.706650" elapsed="0.000592"/>
</kw>
<kw name="Log" owner="BuiltIn">
<msg time="2024-04-12T16:16:54.707714" level="INFO">{'results': [{'gender': 'female', 'name': {'title': 'Ms', 'first': 'Dané', 'last': 'Den Broeder'}, 'location': {'street': {'number': 6502, 'name': 'Berger Verbindingsweg'}, 'city': 'Adorp', 'state': 'Drenthe', 'country': 'Netherlands', 'postcode': '5080 UW', 'coordinates': {'latitude': '33.2027', 'longitude': '127.0171'}, 'timezone': {'offset': '+5:30', 'description': 'Bombay, Calcutta, Madras, New Delhi'}}, 'email': 'dane.denbroeder@example.com', 'login': {'uuid': '32fba201-6ceb-4d18-903d-5cf251568dfd', 'username': 'tinygoose778', 'password': 'camper', 'salt': 'Y4QYhFed', 'md5': '80c2378ee41bfeebacbe2c42101c7ed8', 'sha1': 'bb7601ed49a533ea099038485b1fc5ee23efe655', 'sha256': '5dd14064bf5d09bf324ca1f1944cd69bfb422ef99a66d611f28e43d022fa981b'}, 'dob': {'date': '2000-06-30T12:31:02.783Z', 'age': 23}, 'registered': {'date': '2005-01-09T04:46:52.951Z', 'age': 19}, 'phone': '(0793) 999804', 'cell': '(06) 56910405', 'id': {'name': 'BSN', 'value': '60063548'}, 'picture': {'large': 'https://randomuser.me/api/portraits/women/32.jpg', 'medium': 'https://randomuser.me/api/portraits/med/women/32.jpg', 'thumbnail': 'https://randomuser.me/api/portraits/thumb/women/32.jpg'}, 'nat': 'NL'}], 'info': {'seed': 'b69bb13d115c636a', 'results': 1, 'page': 1, 'version': '1.4'}}</msg>
<arg>${json_data}</arg>
<doc>Logs the given message with the given level.</doc>
<status status="PASS" start="2024-04-12T16:16:54.707554" elapsed="0.000208"/>
</kw>
<kw name="Dictionary Should Contain Key" owner="Collections">
<msg time="2024-04-12T16:16:54.708208" level="INFO">False</msg>
<arg>${json_data}</arg>
<arg>results</arg>
<doc>Fails if ``key`` is not found from ``dictionary``.</doc>
<status status="PASS" start="2024-04-12T16:16:54.708057" elapsed="0.000188"/>
</kw>
<kw name="Should Not Be Empty" owner="BuiltIn">
<msg time="2024-04-12T16:16:54.708672" level="INFO">Length is 2.</msg>
<arg>${json_data}</arg>
<doc>Verifies that the given item is not empty.</doc>
<status status="PASS" start="2024-04-12T16:16:54.708540" elapsed="0.000170"/>
</kw>
<kw name="Create List" owner="BuiltIn">
<msg time="2024-04-12T16:16:54.709150" level="INFO">${expected_keys} = ['gender', 'name', 'location', 'email', 'login']</msg>
<var>${expected_keys}</var>
<arg>gender</arg>
<arg>name</arg>
<arg>location</arg>
<arg>email</arg>
<arg>login</arg>
<doc>Returns a list containing given items.</doc>
<status status="PASS" start="2024-04-12T16:16:54.709002" elapsed="0.000172"/>
</kw>
<for flavor="IN">
<iter>
<kw name="Dictionary Should Contain Key" owner="Collections">
<msg time="2024-04-12T16:16:54.710134" level="INFO">False</msg>
<arg>${json_data['results'][0]}</arg>
<arg>${key}</arg>
<doc>Fails if ``key`` is not found from ``dictionary``.</doc>
<status status="PASS" start="2024-04-12T16:16:54.709742" elapsed="0.000433"/>
</kw>
<kw name="Log" owner="BuiltIn">
<msg time="2024-04-12T16:16:54.710902" level="INFO">{'gender': 'female', 'name': {'title': 'Ms', 'first': 'Dané', 'last': 'Den Broeder'}, 'location': {'street': {'number': 6502, 'name': 'Berger Verbindingsweg'}, 'city': 'Adorp', 'state': 'Drenthe', 'country': 'Netherlands', 'postcode': '5080 UW', 'coordinates': {'latitude': '33.2027', 'longitude': '127.0171'}, 'timezone': {'offset': '+5:30', 'description': 'Bombay, Calcutta, Madras, New Delhi'}}, 'email': 'dane.denbroeder@example.com', 'login': {'uuid': '32fba201-6ceb-4d18-903d-5cf251568dfd', 'username': 'tinygoose778', 'password': 'camper', 'salt': 'Y4QYhFed', 'md5': '80c2378ee41bfeebacbe2c42101c7ed8', 'sha1': 'bb7601ed49a533ea099038485b1fc5ee23efe655', 'sha256': '5dd14064bf5d09bf324ca1f1944cd69bfb422ef99a66d611f28e43d022fa981b'}, 'dob': {'date': '2000-06-30T12:31:02.783Z', 'age': 23}, 'registered': {'date': '2005-01-09T04:46:52.951Z', 'age': 19}, 'phone': '(0793) 999804', 'cell': '(06) 56910405', 'id': {'name': 'BSN', 'value': '60063548'}, 'picture': {'large': 'https://randomuser.me/api/portraits/women/32.jpg', 'medium': 'https://randomuser.me/api/portraits/med/women/32.jpg', 'thumbnail': 'https://randomuser.me/api/portraits/thumb/women/32.jpg'}, 'nat': 'NL'}</msg>
<arg>${json_data['results'][0]}</arg>
<doc>Logs the given message with the given level.</doc>
<status status="PASS" start="2024-04-12T16:16:54.710523" elapsed="0.000430"/>
</kw>
<kw name="Log" owner="BuiltIn">
<msg time="2024-04-12T16:16:54.711386" level="INFO">gender</msg>
<arg>${key}</arg>
<doc>Logs the given message with the given level.</doc>
<status status="PASS" start="2024-04-12T16:16:54.711256" elapsed="0.000168"/>
</kw>
<var name="${key}">gender</var>
<status status="PASS" start="2024-04-12T16:16:54.709619" elapsed="0.002022"/>
</iter>
<iter>
<kw name="Dictionary Should Contain Key" owner="Collections">
<msg time="2024-04-12T16:16:54.712324" level="INFO">False</msg>
<arg>${json_data['results'][0]}</arg>
<arg>${key}</arg>
<doc>Fails if ``key`` is not found from ``dictionary``.</doc>
<status status="PASS" start="2024-04-12T16:16:54.711942" elapsed="0.000420"/>
</kw>
<kw name="Log" owner="BuiltIn">
<msg time="2024-04-12T16:16:54.713063" level="INFO">{'gender': 'female', 'name': {'title': 'Ms', 'first': 'Dané', 'last': 'Den Broeder'}, 'location': {'street': {'number': 6502, 'name': 'Berger Verbindingsweg'}, 'city': 'Adorp', 'state': 'Drenthe', 'country': 'Netherlands', 'postcode': '5080 UW', 'coordinates': {'latitude': '33.2027', 'longitude': '127.0171'}, 'timezone': {'offset': '+5:30', 'description': 'Bombay, Calcutta, Madras, New Delhi'}}, 'email': 'dane.denbroeder@example.com', 'login': {'uuid': '32fba201-6ceb-4d18-903d-5cf251568dfd', 'username': 'tinygoose778', 'password': 'camper', 'salt': 'Y4QYhFed', 'md5': '80c2378ee41bfeebacbe2c42101c7ed8', 'sha1': 'bb7601ed49a533ea099038485b1fc5ee23efe655', 'sha256': '5dd14064bf5d09bf324ca1f1944cd69bfb422ef99a66d611f28e43d022fa981b'}, 'dob': {'date': '2000-06-30T12:31:02.783Z', 'age': 23}, 'registered': {'date': '2005-01-09T04:46:52.951Z', 'age': 19}, 'phone': '(0793) 999804', 'cell': '(06) 56910405', 'id': {'name': 'BSN', 'value': '60063548'}, 'picture': {'large': 'https://randomuser.me/api/portraits/women/32.jpg', 'medium': 'https://randomuser.me/api/portraits/med/women/32.jpg', 'thumbnail': 'https://randomuser.me/api/portraits/thumb/women/32.jpg'}, 'nat': 'NL'}</msg>
<arg>${json_data['results'][0]}</arg>
<doc>Logs the given message with the given level.</doc>
<status status="PASS" start="2024-04-12T16:16:54.712691" elapsed="0.000421"/>
</kw>
<kw name="Log" owner="BuiltIn">
<msg time="2024-04-12T16:16:54.713536" level="INFO">name</msg>
<arg>${key}</arg>
<doc>Logs the given message with the given level.</doc>
<status status="PASS" start="2024-04-12T16:16:54.713408" elapsed="0.000165"/>
</kw>
<var name="${key}">name</var>
<status status="PASS" start="2024-04-12T16:16:54.711828" elapsed="0.001960"/>
</iter>
<iter>
<kw name="Dictionary Should Contain Key" owner="Collections">
<msg time="2024-04-12T16:16:54.714514" level="INFO">False</msg>
<arg>${json_data['results'][0]}</arg>
<arg>${key}</arg>
<doc>Fails if ``key`` is not found from ``dictionary``.</doc>
<status status="PASS" start="2024-04-12T16:16:54.714100" elapsed="0.000452"/>
</kw>
<kw name="Log" owner="BuiltIn">
<msg time="2024-04-12T16:16:54.715219" level="INFO">{'gender': 'female', 'name': {'title': 'Ms', 'first': 'Dané', 'last': 'Den Broeder'}, 'location': {'street': {'number': 6502, 'name': 'Berger Verbindingsweg'}, 'city': 'Adorp', 'state': 'Drenthe', 'country': 'Netherlands', 'postcode': '5080 UW', 'coordinates': {'latitude': '33.2027', 'longitude': '127.0171'}, 'timezone': {'offset': '+5:30', 'description': 'Bombay, Calcutta, Madras, New Delhi'}}, 'email': 'dane.denbroeder@example.com', 'login': {'uuid': '32fba201-6ceb-4d18-903d-5cf251568dfd', 'username': 'tinygoose778', 'password': 'camper', 'salt': 'Y4QYhFed', 'md5': '80c2378ee41bfeebacbe2c42101c7ed8', 'sha1': 'bb7601ed49a533ea099038485b1fc5ee23efe655', 'sha256': '5dd14064bf5d09bf324ca1f1944cd69bfb422ef99a66d611f28e43d022fa981b'}, 'dob': {'date': '2000-06-30T12:31:02.783Z', 'age': 23}, 'registered': {'date': '2005-01-09T04:46:52.951Z', 'age': 19}, 'phone': '(0793) 999804', 'cell': '(06) 56910405', 'id': {'name': 'BSN', 'value': '60063548'}, 'picture': {'large': 'https://randomuser.me/api/portraits/women/32.jpg', 'medium': 'https://randomuser.me/api/portraits/med/women/32.jpg', 'thumbnail': 'https://randomuser.me/api/portraits/thumb/women/32.jpg'}, 'nat': 'NL'}</msg>
<arg>${json_data['results'][0]}</arg>
<doc>Logs the given message with the given level.</doc>
<status status="PASS" start="2024-04-12T16:16:54.714853" elapsed="0.000419"/>
</kw>
<kw name="Log" owner="BuiltIn">
<msg time="2024-04-12T16:16:54.715706" level="INFO">location</msg>
<arg>${key}</arg>
<doc>Logs the given message with the given level.</doc>
<status status="PASS" start="2024-04-12T16:16:54.715572" elapsed="0.000173"/>
</kw>
<var name="${key}">location</var>
<status status="PASS" start="2024-04-12T16:16:54.713978" elapsed="0.001983"/>
</iter>
<iter>
<kw name="Dictionary Should Contain Key" owner="Collections">
<msg time="2024-04-12T16:16:54.716623" level="INFO">False</msg>
<arg>${json_data['results'][0]}</arg>
<arg>${key}</arg>
<doc>Fails if ``key`` is not found from ``dictionary``.</doc>
<status status="PASS" start="2024-04-12T16:16:54.716242" elapsed="0.000419"/>
</kw>
<kw name="Log" owner="BuiltIn">
<msg time="2024-04-12T16:16:54.717321" level="INFO">{'gender': 'female', 'name': {'title': 'Ms', 'first': 'Dané', 'last': 'Den Broeder'}, 'location': {'street': {'number': 6502, 'name': 'Berger Verbindingsweg'}, 'city': 'Adorp', 'state': 'Drenthe', 'country': 'Netherlands', 'postcode': '5080 UW', 'coordinates': {'latitude': '33.2027', 'longitude': '127.0171'}, 'timezone': {'offset': '+5:30', 'description': 'Bombay, Calcutta, Madras, New Delhi'}}, 'email': 'dane.denbroeder@example.com', 'login': {'uuid': '32fba201-6ceb-4d18-903d-5cf251568dfd', 'username': 'tinygoose778', 'password': 'camper', 'salt': 'Y4QYhFed', 'md5': '80c2378ee41bfeebacbe2c42101c7ed8', 'sha1': 'bb7601ed49a533ea099038485b1fc5ee23efe655', 'sha256': '5dd14064bf5d09bf324ca1f1944cd69bfb422ef99a66d611f28e43d022fa981b'}, 'dob': {'date': '2000-06-30T12:31:02.783Z', 'age': 23}, 'registered': {'date': '2005-01-09T04:46:52.951Z', 'age': 19}, 'phone': '(0793) 999804', 'cell': '(06) 56910405', 'id': {'name': 'BSN', 'value': '60063548'}, 'picture': {'large': 'https://randomuser.me/api/portraits/women/32.jpg', 'medium': 'https://randomuser.me/api/portraits/med/women/32.jpg', 'thumbnail': 'https://randomuser.me/api/portraits/thumb/women/32.jpg'}, 'nat': 'NL'}</msg>
<arg>${json_data['results'][0]}</arg>
<doc>Logs the given message with the given level.</doc>
<status status="PASS" start="2024-04-12T16:16:54.716964" elapsed="0.000406"/>
</kw>
<kw name="Log" owner="BuiltIn">
<msg time="2024-04-12T16:16:54.717799" level="INFO">email</msg>
<arg>${key}</arg>
<doc>Logs the given message with the given level.</doc>
<status status="PASS" start="2024-04-12T16:16:54.717671" elapsed="0.000166"/>
</kw>
<var name="${key}">email</var>
<status status="PASS" start="2024-04-12T16:16:54.716132" elapsed="0.001923"/>
</iter>
<iter>
<kw name="Dictionary Should Contain Key" owner="Collections">
<msg time="2024-04-12T16:16:54.718766" level="INFO">False</msg>
<arg>${json_data['results'][0]}</arg>
<arg>${key}</arg>
<doc>Fails if ``key`` is not found from ``dictionary``.</doc>
<status status="PASS" start="2024-04-12T16:16:54.718380" elapsed="0.000425"/>
</kw>
<kw name="Log" owner="BuiltIn">
<msg time="2024-04-12T16:16:54.719460" level="INFO">{'gender': 'female', 'name': {'title': 'Ms', 'first': 'Dané', 'last': 'Den Broeder'}, 'location': {'street': {'number': 6502, 'name': 'Berger Verbindingsweg'}, 'city': 'Adorp', 'state': 'Drenthe', 'country': 'Netherlands', 'postcode': '5080 UW', 'coordinates': {'latitude': '33.2027', 'longitude': '127.0171'}, 'timezone': {'offset': '+5:30', 'description': 'Bombay, Calcutta, Madras, New Delhi'}}, 'email': 'dane.denbroeder@example.com', 'login': {'uuid': '32fba201-6ceb-4d18-903d-5cf251568dfd', 'username': 'tinygoose778', 'password': 'camper', 'salt': 'Y4QYhFed', 'md5': '80c2378ee41bfeebacbe2c42101c7ed8', 'sha1': 'bb7601ed49a533ea099038485b1fc5ee23efe655', 'sha256': '5dd14064bf5d09bf324ca1f1944cd69bfb422ef99a66d611f28e43d022fa981b'}, 'dob': {'date': '2000-06-30T12:31:02.783Z', 'age': 23}, 'registered': {'date': '2005-01-09T04:46:52.951Z', 'age': 19}, 'phone': '(0793) 999804', 'cell': '(06) 56910405', 'id': {'name': 'BSN', 'value': '60063548'}, 'picture': {'large': 'https://randomuser.me/api/portraits/women/32.jpg', 'medium': 'https://randomuser.me/api/portraits/med/women/32.jpg', 'thumbnail': 'https://randomuser.me/api/portraits/thumb/women/32.jpg'}, 'nat': 'NL'}</msg>
<arg>${json_data['results'][0]}</arg>
<doc>Logs the given message with the given level.</doc>
<status status="PASS" start="2024-04-12T16:16:54.719098" elapsed="0.000411"/>
</kw>
<kw name="Log" owner="BuiltIn">
<msg time="2024-04-12T16:16:54.719931" level="INFO">login</msg>
<arg>${key}</arg>
<doc>Logs the given message with the given level.</doc>
<status status="PASS" start="2024-04-12T16:16:54.719806" elapsed="0.000192"/>
</kw>
<var name="${key}">login</var>
<status status="PASS" start="2024-04-12T16:16:54.718231" elapsed="0.001991"/>
</iter>
<var>${key}</var>
<value>@{expected_keys}</value>
<status status="PASS" start="2024-04-12T16:16:54.709435" elapsed="0.010909"/>
</for>
<kw name="Create List" owner="BuiltIn">
<msg time="2024-04-12T16:16:54.720672" level="INFO">${expected_keysTwo} = ['username', 'password']</msg>
<var>${expected_keysTwo}</var>
<arg>username</arg>
<arg>password</arg>
<doc>Returns a list containing given items.</doc>
<status status="PASS" start="2024-04-12T16:16:54.720535" elapsed="0.000161"/>
</kw>
<for flavor="IN">
<iter>
<kw name="Dictionary Should Contain Key" owner="Collections">
<msg time="2024-04-12T16:16:54.721682" level="INFO">False</msg>
<arg>${json_data['results'][0]['login']}</arg>
<arg>${keyTwo}</arg>
<doc>Fails if ``key`` is not found from ``dictionary``.</doc>
<status status="PASS" start="2024-04-12T16:16:54.721298" elapsed="0.000423"/>
</kw>
<kw name="Dictionary Should Contain Key" owner="Collections">
<msg time="2024-04-12T16:16:54.722445" level="INFO">False</msg>
<arg>${json_data['results'][0]['login']}</arg>
<arg>${keyTwo}</arg>
<doc>Fails if ``key`` is not found from ``dictionary``.</doc>
<status status="PASS" start="2024-04-12T16:16:54.722022" elapsed="0.000462"/>
</kw>
<kw name="Log" owner="BuiltIn">
<msg time="2024-04-12T16:16:54.722912" level="INFO">username</msg>
<arg>${keyTwo}</arg>
<doc>Logs the given message with the given level.</doc>
<status status="PASS" start="2024-04-12T16:16:54.722783" elapsed="0.000167"/>
</kw>
<var name="${keyTwo}">username</var>
<status status="PASS" start="2024-04-12T16:16:54.721183" elapsed="0.001981"/>
</iter>
<iter>
<kw name="Dictionary Should Contain Key" owner="Collections">
<msg time="2024-04-12T16:16:54.723846" level="INFO">False</msg>
<arg>${json_data['results'][0]['login']}</arg>
<arg>${keyTwo}</arg>
<doc>Fails if ``key`` is not found from ``dictionary``.</doc>
<status status="PASS" start="2024-04-12T16:16:54.723471" elapsed="0.000413"/>
</kw>
<kw name="Dictionary Should Contain Key" owner="Collections">
<msg time="2024-04-12T16:16:54.724551" level="INFO">False</msg>
<arg>${json_data['results'][0]['login']}</arg>
<arg>${keyTwo}</arg>
<doc>Fails if ``key`` is not found from ``dictionary``.</doc>
<status status="PASS" start="2024-04-12T16:16:54.724176" elapsed="0.000412"/>
</kw>
<kw name="Log" owner="BuiltIn">
<msg time="2024-04-12T16:16:54.725007" level="INFO">password</msg>
<arg>${keyTwo}</arg>
<doc>Logs the given message with the given level.</doc>
<status status="PASS" start="2024-04-12T16:16:54.724880" elapsed="0.000165"/>
</kw>
<var name="${keyTwo}">password</var>
<status status="PASS" start="2024-04-12T16:16:54.723359" elapsed="0.001900"/>
</iter>
<var>${keyTwo}</var>
<value>@{expected_keysTwo}</value>
<status status="PASS" start="2024-04-12T16:16:54.720930" elapsed="0.004450"/>
</for>
<status status="PASS" start="2024-04-12T16:16:54.642440" elapsed="0.083078"/>
</kw>
<doc>Testa a estrutura da resposta da API.</doc>
<tag>testeEstruturaResposta</tag>
<status status="PASS" start="2024-04-12T16:16:54.641666" elapsed="0.084003"/>
</test>
<test id="s1-s1-t4" name="Validar tipos de dados" line="28">
<kw name="Teste de Tipos de Dados" owner="random-user-service">
<kw name="GET On Session" owner="RequestsLibrary">
<msg time="2024-04-12T16:16:54.795834" level="INFO">GET Request : url=https://randomuser.me/api 
 path_url=/api 
 headers={'User-Agent': 'python-requests/2.31.0', 'Accept-Encoding': 'gzip, deflate', 'Accept': '*/*', 'Connection': 'keep-alive'} 
 body=None 
 </msg>
<msg time="2024-04-12T16:16:54.795910" level="INFO">GET Response : url=https://randomuser.me/api 
 status=200, reason=OK 
 headers={'Date': 'Fri, 12 Apr 2024 16:16:54 GMT', 'Content-Type': 'application/json; charset=utf-8', 'Transfer-Encoding': 'chunked', 'Connection': 'keep-alive', 'X-Powered-By': 'Express', 'Access-Control-Allow-Origin': '*', 'Cache-Control': 'no-cache', 'ETag': 'W/"487-WOkXg3mvKZ60RagX+rQMDGmT9Xw"', 'Vary': 'Accept-Encoding', 'Content-Encoding': 'gzip', 'CF-Cache-Status': 'DYNAMIC', 'Report-To': '{"endpoints":[{"url":"https:\\/\\/a.nel.cloudflare.com\\/report\\/v4?s=bE3NBbxaopM%2BIIlo23luLujYkso8paHBi9zVoC03d0Rm1J47bd3JhSkgbL9IF8ii2UQYNSG9AwcMe%2BbnM34XHZtCMfFV0H3BQX%2FzLryANapkOerUHVJWyJZzHmyOUm5b"}],"group":"cf-nel","max_age":604800}', 'NEL': '{"success_fraction":0,"report_to":"cf-nel","max_age":604800}', 'Server': 'cloudflare', 'CF-RAY': '87348606196528c2-IAD', 'alt-svc': 'h3=":443"; ma=86400'} 
 body={"results":[{"gender":"female","name":{"title":"Ms","first":"Sue","last":"Phillips"},"location":{"street":{"number":5416,"name":"Smokey Ln"},"city":"Murrieta","state":"Kansas","country":"United States","postcode":97473,"coordinates":{"latitude":"85.1188","longitude":"155.8232"},"timezone":{"offset":"+6:00","description":"Almaty, Dhaka, Colombo"}},"email":"sue.phillips@example.com","login":{"uuid":"ebec8c95-ff9f-4210-95bd-1d8944190fc6","username":"smallcat832","password":"polska","salt":"8K9lebwt","md5":"86d574a9158ca626535a8aac140cc24b","sha1":"56571ab9bd1f57f59952d72b4f3d1dc69c8cd1a6","sha256":"439804bb1cdb2697de933d772a4fa578a9730f3f6eeb0f188a773e813bcb7758"},"dob":{"date":"1975-05-11T13:41:50.774Z","age":48},"registered":{"date":"2014-04-05T06:19:18.682Z","age":10},"phone":"(406) 297-3520","cell":"(996) 853-4353","id":{"name":"SSN","value":"260-44-9512"},"picture":{"large":"https://randomuser.me/api/portraits/women/27.jpg","medium":"https://randomuser.me/api/portraits/med/women/27.jpg","thumbnail":"https://randomuser.me/api/portraits/thumb/women/27.jpg"},"nat":"US"}],"info":{"seed":"581ad50876e43efb","results":1,"page":1,"version":"1.4"}} 
 </msg>
<msg time="2024-04-12T16:16:54.795978" level="INFO">/opt/hostedtoolcache/Python/3.12.2/x64/lib/python3.12/site-packages/urllib3/connectionpool.py:1103: InsecureRequestWarning: Unverified HTTPS request is being made to host 'randomuser.me'. Adding certificate verification is strongly advised. See: https://urllib3.readthedocs.io/en/latest/advanced-usage.html#tls-warnings
  warnings.warn(</msg>
<msg time="2024-04-12T16:16:54.796087" level="INFO">${response} = &lt;Response [200]&gt;</msg>
<var>${response}</var>
<arg>consultarAPI</arg>
<arg>/api</arg>
<doc>Sends a GET request on a previously created HTTP Session.</doc>
<status status="PASS" start="2024-04-12T16:16:54.728143" elapsed="0.067992"/>
</kw>
<kw name="Set Variable" owner="BuiltIn">
<msg time="2024-04-12T16:16:54.797247" level="INFO">${json_data} = {'results': [{'gender': 'female', 'name': {'title': 'Ms', 'first': 'Sue', 'last': 'Phillips'}, 'location': {'street': {'number': 5416, 'name': 'Smokey Ln'}, 'city': 'Murrieta', 'state': 'Kansas', 'cou...</msg>
<var>${json_data}</var>
<arg>${response.json()}</arg>
<doc>Returns the given values which can then be assigned to a variables.</doc>
<status status="PASS" start="2024-04-12T16:16:54.796667" elapsed="0.000608"/>
</kw>
<kw name="Log" owner="BuiltIn">
<msg time="2024-04-12T16:16:54.797741" level="INFO">{'results': [{'gender': 'female', 'name': {'title': 'Ms', 'first': 'Sue', 'last': 'Phillips'}, 'location': {'street': {'number': 5416, 'name': 'Smokey Ln'}, 'city': 'Murrieta', 'state': 'Kansas', 'country': 'United States', 'postcode': 97473, 'coordinates': {'latitude': '85.1188', 'longitude': '155.8232'}, 'timezone': {'offset': '+6:00', 'description': 'Almaty, Dhaka, Colombo'}}, 'email': 'sue.phillips@example.com', 'login': {'uuid': 'ebec8c95-ff9f-4210-95bd-1d8944190fc6', 'username': 'smallcat832', 'password': 'polska', 'salt': '8K9lebwt', 'md5': '86d574a9158ca626535a8aac140cc24b', 'sha1': '56571ab9bd1f57f59952d72b4f3d1dc69c8cd1a6', 'sha256': '439804bb1cdb2697de933d772a4fa578a9730f3f6eeb0f188a773e813bcb7758'}, 'dob': {'date': '1975-05-11T13:41:50.774Z', 'age': 48}, 'registered': {'date': '2014-04-05T06:19:18.682Z', 'age': 10}, 'phone': '(406) 297-3520', 'cell': '(996) 853-4353', 'id': {'name': 'SSN', 'value': '260-44-9512'}, 'picture': {'large': 'https://randomuser.me/api/portraits/women/27.jpg', 'medium': 'https://randomuser.me/api/portraits/med/women/27.jpg', 'thumbnail': 'https://randomuser.me/api/portraits/thumb/women/27.jpg'}, 'nat': 'US'}], 'info': {'seed': '581ad50876e43efb', 'results': 1, 'page': 1, 'version': '1.4'}}</msg>
<arg>${json_data}</arg>
<doc>Logs the given message with the given level.</doc>
<status status="PASS" start="2024-04-12T16:16:54.797583" elapsed="0.000237"/>
</kw>
<kw name="Should Be String" owner="String">
<arg>${json_data['results'][0]['gender']}</arg>
<doc>Fails if the given ``item`` is not a string.</doc>
<status status="PASS" start="2024-04-12T16:16:54.798156" elapsed="0.000404"/>
</kw>
<kw name="Should Match Regexp" owner="BuiltIn">
<arg>${json_data['results'][0]['email']}</arg>
<arg>^[a-zA-Z0-9._%+-]+@[a-zA-Z0-9.-]+\.[a-zA-Z]{2,}$</arg>
<doc>Fails if ``string`` does not match ``pattern`` as a regular expression.</doc>
<status status="PASS" start="2024-04-12T16:16:54.798755" elapsed="0.000507"/>
</kw>
<kw name="Should Match Regexp" owner="BuiltIn">
<arg>${json_data['results'][0]['dob']['date']}</arg>
<arg>\\d{4}-\\d{2}-\\d{2}T\\d{2}:\\d{2}:\\d{2}\\.\\d{3}Z</arg>
<doc>Fails if ``string`` does not match ``pattern`` as a regular expression.</doc>
<status status="PASS" start="2024-04-12T16:16:54.799459" elapsed="0.000494"/>
</kw>
<kw name="Should Match Regexp" owner="BuiltIn">
<arg>${json_data['results'][0]['registered']['date']}</arg>
<arg>\\d{4}-\\d{2}-\\d{2}T\\d{2}:\\d{2}:\\d{2}\\.\\d{3}Z</arg>
<doc>Fails if ``string`` does not match ``pattern`` as a regular expression.</doc>
<status status="PASS" start="2024-04-12T16:16:54.800148" elapsed="0.000373"/>
</kw>
<kw name="Should Match Regexp" owner="BuiltIn">
<arg>${json_data['results'][0]['picture']['large']}</arg>
<arg>^https?://.*\.(?:png|jpe?g|gif|bmp)$</arg>
<doc>Fails if ``string`` does not match ``pattern`` as a regular expression.</doc>
<status status="PASS" start="2024-04-12T16:16:54.800709" elapsed="0.000457"/>
</kw>
<kw name="Should Match Regexp" owner="BuiltIn">
<arg>${json_data['results'][0]['picture']['medium']}</arg>
<arg>^https?://.*\.(?:png|jpe?g|gif|bmp)$</arg>
<doc>Fails if ``string`` does not match ``pattern`` as a regular expression.</doc>
<status status="PASS" start="2024-04-12T16:16:54.801356" elapsed="0.000358"/>
</kw>
<kw name="Should Match Regexp" owner="BuiltIn">
<arg>${json_data['results'][0]['picture']['thumbnail']}</arg>
<arg>^https?://.*\.(?:png|jpe?g|gif|bmp)$</arg>
<doc>Fails if ``string`` does not match ``pattern`` as a regular expression.</doc>
<status status="PASS" start="2024-04-12T16:16:54.801897" elapsed="0.000358"/>
</kw>
<kw name="Log" owner="BuiltIn">
<msg time="2024-04-12T16:16:54.802807" level="INFO">{'large': 'https://randomuser.me/api/portraits/women/27.jpg', 'medium': 'https://randomuser.me/api/portraits/med/women/27.jpg', 'thumbnail': 'https://randomuser.me/api/portraits/thumb/women/27.jpg'}</msg>
<arg>${json_data['results'][0]['picture']}</arg>
<doc>Logs the given message with the given level.</doc>
<status status="PASS" start="2024-04-12T16:16:54.802473" elapsed="0.000376"/>
</kw>
<status status="PASS" start="2024-04-12T16:16:54.727913" elapsed="0.075189"/>
</kw>
<kw name="Teste de Tipos de Dados - Postcode" owner="random-user-service">
<kw name="GET On Session" owner="RequestsLibrary">
<msg time="2024-04-12T16:16:54.895623" level="INFO">GET Request : url=https://randomuser.me/api 
 path_url=/api 
 headers={'User-Agent': 'python-requests/2.31.0', 'Accept-Encoding': 'gzip, deflate', 'Accept': '*/*', 'Connection': 'keep-alive'} 
 body=None 
 </msg>
<msg time="2024-04-12T16:16:54.895712" level="INFO">GET Response : url=https://randomuser.me/api 
 status=200, reason=OK 
 headers={'Date': 'Fri, 12 Apr 2024 16:16:54 GMT', 'Content-Type': 'application/json; charset=utf-8', 'Transfer-Encoding': 'chunked', 'Connection': 'keep-alive', 'X-Powered-By': 'Express', 'Access-Control-Allow-Origin': '*', 'Cache-Control': 'no-cache', 'ETag': 'W/"49a-fmyYZiIHm0WDvTp55b1xdf6cNkk"', 'Vary': 'Accept-Encoding', 'Content-Encoding': 'gzip', 'CF-Cache-Status': 'DYNAMIC', 'Report-To': '{"endpoints":[{"url":"https:\\/\\/a.nel.cloudflare.com\\/report\\/v4?s=Zsdc1kCcEDlG6%2FXnhNWHEneKowXj2DxpLV4Zs2TbmmMvdCoxka6B7N7SoznPJcevrjRkk6epikOlmN6EQeh87Pnwsa2baS%2FcJ3bjIQXpkihIprm7N%2FuDlmc8O05hfij9"}],"group":"cf-nel","max_age":604800}', 'NEL': '{"success_fraction":0,"report_to":"cf-nel","max_age":604800}', 'Server': 'cloudflare', 'CF-RAY': '8734860689e728c2-IAD', 'alt-svc': 'h3=":443"; ma=86400'} 
 body={"results":[{"gender":"female","name":{"title":"Madame","first":"Irena","last":"Garcia"},"location":{"street":{"number":7893,"name":"Avenue Debourg"},"city":"Saint-Imier","state":"Basel-Stadt","country":"Switzerland","postcode":5128,"coordinates":{"latitude":"-58.4615","longitude":"34.9217"},"timezone":{"offset":"+7:00","description":"Bangkok, Hanoi, Jakarta"}},"email":"irena.garcia@example.com","login":{"uuid":"65fdc0c2-193b-4a28-ab13-4a937b706499","username":"bluefish707","password":"banshee","salt":"KnRQkIlS","md5":"a1ac3966aacd5fe05c4871fae2f8075a","sha1":"9e56c0482bd4da53eb884decb7939d61d984e89b","sha256":"c1064460004dbcdb20d82ba9caa500466162f96553d51589590123dd5a2735a5"},"dob":{"date":"1979-12-27T12:12:11.229Z","age":44},"registered":{"date":"2006-10-01T11:37:00.845Z","age":17},"phone":"075 325 51 68","cell":"079 300 74 21","id":{"name":"AVS","value":"756.4445.4803.72"},"picture":{"large":"https://randomuser.me/api/portraits/women/47.jpg","medium":"https://randomuser.me/api/portraits/med/women/47.jpg","thumbnail":"https://randomuser.me/api/portraits/thumb/women/47.jpg"},"nat":"CH"}],"info":{"seed":"36c827597aed95ae","results":1,"page":1,"version":"1.4"}} 
 </msg>
<msg time="2024-04-12T16:16:54.895799" level="INFO">/opt/hostedtoolcache/Python/3.12.2/x64/lib/python3.12/site-packages/urllib3/connectionpool.py:1103: InsecureRequestWarning: Unverified HTTPS request is being made to host 'randomuser.me'. Adding certificate verification is strongly advised. See: https://urllib3.readthedocs.io/en/latest/advanced-usage.html#tls-warnings
  warnings.warn(</msg>
<msg time="2024-04-12T16:16:54.895896" level="INFO">${response} = &lt;Response [200]&gt;</msg>
<var>${response}</var>
<arg>consultarAPI</arg>
<arg>/api</arg>
<doc>Sends a GET request on a previously created HTTP Session.</doc>
<status status="PASS" start="2024-04-12T16:16:54.803538" elapsed="0.092398"/>
</kw>
<kw name="Set Variable" owner="BuiltIn">
<msg time="2024-04-12T16:16:54.896951" level="INFO">${json_data} = {'results': [{'gender': 'female', 'name': {'title': 'Madame', 'first': 'Irena', 'last': 'Garcia'}, 'location': {'street': {'number': 7893, 'name': 'Avenue Debourg'}, 'city': 'Saint-Imier', 'state': 'B...</msg>
<var>${json_data}</var>
<arg>${response.json()}</arg>
<doc>Returns the given values which can then be assigned to a variables.</doc>
<status status="PASS" start="2024-04-12T16:16:54.896397" elapsed="0.000583"/>
</kw>
<kw name="Log" owner="BuiltIn">
<msg time="2024-04-12T16:16:54.897439" level="INFO">{'results': [{'gender': 'female', 'name': {'title': 'Madame', 'first': 'Irena', 'last': 'Garcia'}, 'location': {'street': {'number': 7893, 'name': 'Avenue Debourg'}, 'city': 'Saint-Imier', 'state': 'Basel-Stadt', 'country': 'Switzerland', 'postcode': 5128, 'coordinates': {'latitude': '-58.4615', 'longitude': '34.9217'}, 'timezone': {'offset': '+7:00', 'description': 'Bangkok, Hanoi, Jakarta'}}, 'email': 'irena.garcia@example.com', 'login': {'uuid': '65fdc0c2-193b-4a28-ab13-4a937b706499', 'username': 'bluefish707', 'password': 'banshee', 'salt': 'KnRQkIlS', 'md5': 'a1ac3966aacd5fe05c4871fae2f8075a', 'sha1': '9e56c0482bd4da53eb884decb7939d61d984e89b', 'sha256': 'c1064460004dbcdb20d82ba9caa500466162f96553d51589590123dd5a2735a5'}, 'dob': {'date': '1979-12-27T12:12:11.229Z', 'age': 44}, 'registered': {'date': '2006-10-01T11:37:00.845Z', 'age': 17}, 'phone': '075 325 51 68', 'cell': '079 300 74 21', 'id': {'name': 'AVS', 'value': '756.4445.4803.72'}, 'picture': {'large': 'https://randomuser.me/api/portraits/women/47.jpg', 'medium': 'https://randomuser.me/api/portraits/med/women/47.jpg', 'thumbnail': 'https://randomuser.me/api/portraits/thumb/women/47.jpg'}, 'nat': 'CH'}], 'info': {'seed': '36c827597aed95ae', 'results': 1, 'page': 1, 'version': '1.4'}}</msg>
<arg>${json_data}</arg>
<doc>Logs the given message with the given level.</doc>
<status status="PASS" start="2024-04-12T16:16:54.897287" elapsed="0.000228"/>
</kw>
<kw name="Should Be Equal As Numbers" owner="BuiltIn">
<arg>${json_data['results'][0]['location']['postcode']}</arg>
<arg>${json_data['results'][0]['location']['postcode']}</arg>
<doc>Fails if objects are unequal after converting them to real numbers.</doc>
<status status="PASS" start="2024-04-12T16:16:54.897818" elapsed="0.000671"/>
</kw>
<kw name="Log" owner="BuiltIn">
<msg time="2024-04-12T16:16:54.899024" level="INFO">5128</msg>
<arg>${json_data['results'][0]['location']['postcode']}</arg>
<doc>Logs the given message with the given level.</doc>
<status status="PASS" start="2024-04-12T16:16:54.898686" elapsed="0.000378"/>
</kw>
<status status="PASS" start="2024-04-12T16:16:54.803313" elapsed="0.096005"/>
</kw>
<doc>Testa se os tipos de dados na resposta da API estão corretos.</doc>
<tag>testeTiposDados</tag>
<status status="PASS" start="2024-04-12T16:16:54.727439" elapsed="0.172043"/>
</test>
<test id="s1-s1-t5" name="Validar conteudo" line="35">
<kw name="Teste de Tipos de Conteudo" owner="random-user-service">
<kw name="GET On Session" owner="RequestsLibrary">
<msg time="2024-04-12T16:16:54.989363" level="INFO">GET Request : url=https://randomuser.me/api 
 path_url=/api 
 headers={'User-Agent': 'python-requests/2.31.0', 'Accept-Encoding': 'gzip, deflate', 'Accept': '*/*', 'Connection': 'keep-alive'} 
 body=None 
 </msg>
<msg time="2024-04-12T16:16:54.989452" level="INFO">GET Response : url=https://randomuser.me/api 
 status=200, reason=OK 
 headers={'Date': 'Fri, 12 Apr 2024 16:16:54 GMT', 'Content-Type': 'application/json; charset=utf-8', 'Transfer-Encoding': 'chunked', 'Connection': 'keep-alive', 'X-Powered-By': 'Express', 'Access-Control-Allow-Origin': '*', 'Cache-Control': 'no-cache', 'ETag': 'W/"46c-D3hHjoGlQ/7xwzAmBz0HF55Boy4"', 'Vary': 'Accept-Encoding', 'Content-Encoding': 'gzip', 'CF-Cache-Status': 'DYNAMIC', 'Report-To': '{"endpoints":[{"url":"https:\\/\\/a.nel.cloudflare.com\\/report\\/v4?s=TxJr5EssEEeWahhBqj%2B78VGRhZOe0rSJDHCvtoQcsETRVFu6ytKEJQGouZ0Q3kneUw5djqhQz5BUS7T5bn4Wziath%2FxY4QQVyLScJaJJCeJORRCEvO2tC8ASAJ8TLlj2"}],"group":"cf-nel","max_age":604800}', 'NEL': '{"success_fraction":0,"report_to":"cf-nel","max_age":604800}', 'Server': 'cloudflare', 'CF-RAY': '873486072a9628c2-IAD', 'alt-svc': 'h3=":443"; ma=86400'} 
 body={"results":[{"gender":"female","name":{"title":"Mrs","first":"Afet","last":"Günday"},"location":{"street":{"number":9851,"name":"Anafartalar Cd"},"city":"Tekirdağ","state":"Kütahya","country":"Turkey","postcode":34238,"coordinates":{"latitude":"68.9176","longitude":"103.1923"},"timezone":{"offset":"+3:30","description":"Tehran"}},"email":"afet.gunday@example.com","login":{"uuid":"16a9f1b8-4a8f-4368-9202-8ebe299060af","username":"blacklion936","password":"878787","salt":"NG8pxGKh","md5":"1e16edc8550d36bbac8cf7ffb945ca8c","sha1":"3a9821f6b08a2418e84b8baece63e0b4b87b5b6b","sha256":"1a4f555ecbfd2ddaad6bb391532b2090840c4da192a84ed03fa050e812bef867"},"dob":{"date":"1985-02-13T21:59:21.996Z","age":39},"registered":{"date":"2020-11-07T07:06:40.691Z","age":3},"phone":"(560)-406-9223","cell":"(733)-435-7884","id":{"name":"","value":null},"picture":{"large":"https://randomuser.me/api/portraits/women/17.jpg","medium":"https://randomuser.me/api/portraits/med/women/17.jpg","thumbnail":"https://randomuser.me/api/portraits/thumb/women/17.jpg"},"nat":"TR"}],"info":{"seed":"355d45abae79f70f","results":1,"page":1,"version":"1.4"}} 
 </msg>
<msg time="2024-04-12T16:16:54.989527" level="INFO">/opt/hostedtoolcache/Python/3.12.2/x64/lib/python3.12/site-packages/urllib3/connectionpool.py:1103: InsecureRequestWarning: Unverified HTTPS request is being made to host 'randomuser.me'. Adding certificate verification is strongly advised. See: https://urllib3.readthedocs.io/en/latest/advanced-usage.html#tls-warnings
  warnings.warn(</msg>
<msg time="2024-04-12T16:16:54.989645" level="INFO">${response} = &lt;Response [200]&gt;</msg>
<var>${response}</var>
<arg>consultarAPI</arg>
<arg>/api</arg>
<doc>Sends a GET request on a previously created HTTP Session.</doc>
<status status="PASS" start="2024-04-12T16:16:54.901921" elapsed="0.087773"/>
</kw>
<kw name="Set Variable" owner="BuiltIn">
<msg time="2024-04-12T16:16:54.990844" level="INFO">${json_data} = {'results': [{'gender': 'female', 'name': {'title': 'Mrs', 'first': 'Afet', 'last': 'Günday'}, 'location': {'street': {'number': 9851, 'name': 'Anafartalar Cd'}, 'city': 'Tekirdağ', 'state': 'Kütahya'...</msg>
<var>${json_data}</var>
<arg>${response.json()}</arg>
<doc>Returns the given values which can then be assigned to a variables.</doc>
<status status="PASS" start="2024-04-12T16:16:54.990236" elapsed="0.000638"/>
</kw>
<kw name="Set Variable" owner="BuiltIn">
<msg time="2024-04-12T16:16:54.991567" level="INFO">${name_title} = Mrs</msg>
<var>${name_title}</var>
<arg>${json_data["results"][0]["name"]["title"]}</arg>
<doc>Returns the given values which can then be assigned to a variables.</doc>
<status status="PASS" start="2024-04-12T16:16:54.991181" elapsed="0.000411"/>
</kw>
<kw name="Create List" owner="BuiltIn">
<msg time="2024-04-12T16:16:54.992039" level="INFO">${allowed_titles} = ['Mr', 'Ms', 'Miss', 'Mrs', 'Madame', 'Monsieur']</msg>
<var>${allowed_titles}</var>
<arg>Mr</arg>
<arg>Ms</arg>
<arg>Miss</arg>
<arg>Mrs</arg>
<arg>Madame</arg>
<arg>Monsieur</arg>
<doc>Returns a list containing given items.</doc>
<status status="PASS" start="2024-04-12T16:16:54.991889" elapsed="0.000174"/>
</kw>
<kw name="List Should Contain Value" owner="Collections">
<msg time="2024-04-12T16:16:54.992534" level="INFO">False</msg>
<arg>${allowed_titles}</arg>
<arg>${name_title}</arg>
<doc>Fails if the ``value`` is not found from ``list``.</doc>
<status status="PASS" start="2024-04-12T16:16:54.992364" elapsed="0.000207"/>
</kw>
<kw name="Set Variable" owner="BuiltIn">
<msg time="2024-04-12T16:16:54.993225" level="INFO">${name_country} = TR</msg>
<var>${name_country}</var>
<arg>${json_data["results"][0]["nat"]}</arg>
<doc>Returns the given values which can then be assigned to a variables.</doc>
<status status="PASS" start="2024-04-12T16:16:54.992856" elapsed="0.000394"/>
</kw>
<kw name="Create List" owner="BuiltIn">
<msg time="2024-04-12T16:16:54.994153" level="INFO">${list_country} = ['AD', 'AE', 'AF', 'AG', 'AI', 'AL', 'AM', 'AO', 'AQ', 'AR', 'AS', 'AT', 'AU', 'AW', 'AX', 'AZ', 'BA', 'BB', 'BD', 'BE', 'BF', 'BG', 'BH', 'BI', 'BJ', 'BL', 'BM', 'BN', 'BO', 'BQ', 'BR', 'BS', 'BT', '...</msg>
<var>${list_country}</var>
<arg>AD</arg>
<arg>AE</arg>
<arg>AF</arg>
<arg>AG</arg>
<arg>AI</arg>
<arg>AL</arg>
<arg>AM</arg>
<arg>AO</arg>
<arg>AQ</arg>
<arg>AR</arg>
<arg>AS</arg>
<arg>AT</arg>
<arg>AU</arg>
<arg>AW</arg>
<arg>AX</arg>
<arg>AZ</arg>
<arg>BA</arg>
<arg>BB</arg>
<arg>BD</arg>
<arg>BE</arg>
<arg>BF</arg>
<arg>BG</arg>
<arg>BH</arg>
<arg>BI</arg>
<arg>BJ</arg>
<arg>BL</arg>
<arg>BM</arg>
<arg>BN</arg>
<arg>BO</arg>
<arg>BQ</arg>
<arg>BR</arg>
<arg>BS</arg>
<arg>BT</arg>
<arg>BV</arg>
<arg>BW</arg>
<arg>BY</arg>
<arg>BZ</arg>
<arg>CA</arg>
<arg>CC</arg>
<arg>CD</arg>
<arg>CF</arg>
<arg>CG</arg>
<arg>CH</arg>
<arg>CI</arg>
<arg>CK</arg>
<arg>CL</arg>
<arg>CM</arg>
<arg>CN</arg>
<arg>CO</arg>
<arg>CR</arg>
<arg>CU</arg>
<arg>CV</arg>
<arg>CW</arg>
<arg>CX</arg>
<arg>CY</arg>
<arg>CZ</arg>
<arg>DE</arg>
<arg>DJ</arg>
<arg>DK</arg>
<arg>DM</arg>
<arg>DO</arg>
<arg>DZ</arg>
<arg>EC</arg>
<arg>EE</arg>
<arg>EG</arg>
<arg>EH</arg>
<arg>ER</arg>
<arg>ES</arg>
<arg>ET</arg>
<arg>FI</arg>
<arg>FJ</arg>
<arg>FK</arg>
<arg>FM</arg>
<arg>FO</arg>
<arg>FR</arg>
<arg>GA</arg>
<arg>GB</arg>
<arg>GD</arg>
<arg>GE</arg>
<arg>GF</arg>
<arg>GG</arg>
<arg>GH</arg>
<arg>GI</arg>
<arg>GL</arg>
<arg>GM</arg>
<arg>GN</arg>
<arg>GP</arg>
<arg>GQ</arg>
<arg>GR</arg>
<arg>GS</arg>
<arg>GT</arg>
<arg>GU</arg>
<arg>GW</arg>
<arg>GY</arg>
<arg>HK</arg>
<arg>HM</arg>
<arg>HN</arg>
<arg>HR</arg>
<arg>HT</arg>
<arg>HU</arg>
<arg>ID</arg>
<arg>IE</arg>
<arg>IL</arg>
<arg>IM</arg>
<arg>IN</arg>
<arg>IO</arg>
<arg>IQ</arg>
<arg>IR</arg>
<arg>IS</arg>
<arg>IT</arg>
<arg>JE</arg>
<arg>JM</arg>
<arg>JO</arg>
<arg>JP</arg>
<arg>KE</arg>
<arg>KG</arg>
<arg>KH</arg>
<arg>KI</arg>
<arg>KM</arg>
<arg>KN</arg>
<arg>KP</arg>
<arg>KR</arg>
<arg>KW</arg>
<arg>KY</arg>
<arg>KZ</arg>
<arg>LA</arg>
<arg>LB</arg>
<arg>LC</arg>
<arg>LI</arg>
<arg>LK</arg>
<arg>LR</arg>
<arg>LS</arg>
<arg>LT</arg>
<arg>LU</arg>
<arg>LV</arg>
<arg>LY</arg>
<arg>MA</arg>
<arg>MC</arg>
<arg>MD</arg>
<arg>ME</arg>
<arg>MF</arg>
<arg>MG</arg>
<arg>MH</arg>
<arg>MK</arg>
<arg>ML</arg>
<arg>MM</arg>
<arg>MN</arg>
<arg>MO</arg>
<arg>MP</arg>
<arg>MQ</arg>
<arg>MR</arg>
<arg>MS</arg>
<arg>MT</arg>
<arg>MU</arg>
<arg>MV</arg>
<arg>MW</arg>
<arg>MX</arg>
<arg>MY</arg>
<arg>MZ</arg>
<arg>NA</arg>
<arg>NC</arg>
<arg>NE</arg>
<arg>NF</arg>
<arg>NG</arg>
<arg>NI</arg>
<arg>NL</arg>
<arg>NO</arg>
<arg>NP</arg>
<arg>NR</arg>
<arg>NU</arg>
<arg>NZ</arg>
<arg>OM</arg>
<arg>PA</arg>
<arg>PE</arg>
<arg>PF</arg>
<arg>PG</arg>
<arg>PH</arg>
<arg>PK</arg>
<arg>PL</arg>
<arg>PM</arg>
<arg>PN</arg>
<arg>PR</arg>
<arg>PS</arg>
<arg>PT</arg>
<arg>PW</arg>
<arg>PY</arg>
<arg>QA</arg>
<arg>RE</arg>
<arg>RO</arg>
<arg>RS</arg>
<arg>RU</arg>
<arg>RW</arg>
<arg>SA</arg>
<arg>SB</arg>
<arg>SC</arg>
<arg>SD</arg>
<arg>SE</arg>
<arg>SG</arg>
<arg>SH</arg>
<arg>SI</arg>
<arg>SJ</arg>
<arg>SK</arg>
<arg>SL</arg>
<arg>SM</arg>
<arg>SN</arg>
<arg>SO</arg>
<arg>SR</arg>
<arg>SS</arg>
<arg>ST</arg>
<arg>SV</arg>
<arg>SX</arg>
<arg>SY</arg>
<arg>SZ</arg>
<arg>TC</arg>
<arg>TD</arg>
<arg>TF</arg>
<arg>TG</arg>
<arg>TH</arg>
<arg>TJ</arg>
<arg>TK</arg>
<arg>TL</arg>
<arg>TM</arg>
<arg>TN</arg>
<arg>TO</arg>
<arg>TR</arg>
<arg>TT</arg>
<arg>TV</arg>
<arg>TW</arg>
<arg>TZ</arg>
<arg>UA</arg>
<arg>UG</arg>
<arg>UM</arg>
<arg>US</arg>
<arg>UY</arg>
<arg>UZ</arg>
<arg>VA</arg>
<arg>VC</arg>
<arg>VE</arg>
<arg>VG</arg>
<arg>VI</arg>
<arg>VN</arg>
<arg>VU</arg>
<arg>WF</arg>
<arg>WS</arg>
<arg>XK</arg>
<arg>YE</arg>
<arg>YT</arg>
<arg>ZA</arg>
<arg>ZM</arg>
<arg>ZW</arg>
<doc>Returns a list containing given items.</doc>
<status status="PASS" start="2024-04-12T16:16:54.993556" elapsed="0.000622"/>
</kw>
<kw name="List Should Contain Value" owner="Collections">
<msg time="2024-04-12T16:16:54.995205" level="INFO">False</msg>
<arg>${list_country}</arg>
<arg>${name_country}</arg>
<doc>Fails if the ``value`` is not found from ``list``.</doc>
<status status="PASS" start="2024-04-12T16:16:54.995002" elapsed="0.000241"/>
</kw>
<kw name="Run Keyword If" owner="BuiltIn">
<kw name="Should Be True" owner="BuiltIn">
<arg>${True}</arg>
<doc>Fails if the given condition is not true.</doc>
<status status="PASS" start="2024-04-12T16:16:54.996427" elapsed="0.000146"/>
</kw>
<arg>${json_data["results"][0]["location"]["coordinates"]["latitude"]} &gt;= -90 and ${json_data["results"][0]["location"]["coordinates"]["latitude"]} &lt;= 90</arg>
<arg>Should Be True</arg>
<arg>${True}</arg>
<doc>Runs the given keyword with the given arguments, if ``condition`` is true.</doc>
<status status="PASS" start="2024-04-12T16:16:54.995566" elapsed="0.001135"/>
</kw>
<kw name="Run Keyword If" owner="BuiltIn">
<kw name="Should Be True" owner="BuiltIn">
<arg>${True}</arg>
<doc>Fails if the given condition is not true.</doc>
<status status="PASS" start="2024-04-12T16:16:54.997586" elapsed="0.000137"/>
</kw>
<arg>${json_data["results"][0]["location"]["coordinates"]["longitude"]} &gt;= -180 and ${json_data["results"][0]["location"]["coordinates"]["longitude"]} &lt;= 180</arg>
<arg>Should Be True</arg>
<arg>${True}</arg>
<doc>Runs the given keyword with the given arguments, if ``condition`` is true.</doc>
<status status="PASS" start="2024-04-12T16:16:54.996884" elapsed="0.000962"/>
</kw>
<status status="PASS" start="2024-04-12T16:16:54.901674" elapsed="0.096301"/>
</kw>
<doc>Testa o conteúdo específico dos campos retornados pela API.</doc>
<tag>testeConteudo</tag>
<status status="PASS" start="2024-04-12T16:16:54.901225" elapsed="0.096899"/>
</test>
<status status="PASS" start="2024-04-12T16:16:54.055126" elapsed="0.944927"/>
</suite>
<status status="PASS" start="2024-04-12T16:16:54.041500" elapsed="0.963860"/>
</suite>
<statistics>
<total>
<stat pass="5" fail="0" skip="0">All Tests</stat>
</total>
<tag>
<stat pass="1" fail="0" skip="0">testeConteudo</stat>
<stat pass="1" fail="0" skip="0">testeEstruturaResposta</stat>
<stat pass="1" fail="0" skip="0">testeRequisicaoBasica</stat>
<stat pass="1" fail="0" skip="0">testeTiposDados</stat>
</tag>
<suite>
<stat pass="5" fail="0" skip="0" id="s1" name="Tests">Tests</stat>
<stat pass="5" fail="0" skip="0" id="s1-s1" name="Random-User-Test">Tests.Random-User-Test</stat>
</suite>
</statistics>
<errors>
</errors>
</robot>
