<?xml version="1.0" encoding="UTF-8"?>
<robot generator="Robot 7.0 (Python 3.12.3 on linux)" generated="2024-05-20T02:29:44.127163" rpa="false" schemaversion="5">
<suite id="s1" name="Tests" source="/home/runner/work/DesafioQAItauRogerioJordao/DesafioQAItauRogerioJordao/RamdonUser/tests">
<suite id="s1-s1" name="Random-User-Test" source="/home/runner/work/DesafioQAItauRogerioJordao/DesafioQAItauRogerioJordao/RamdonUser/tests/random-user-test.robot">
<test id="s1-s1-t1" name="Conectar" line="13">
<kw name="Conectar API" owner="random-user-service">
<kw name="Create Session" owner="RequestsLibrary">
<msg time="2024-05-20T02:29:44.486981" level="INFO">Creating Session using : alias=consultarAPI, url=https://randomuser.me/, headers={},                     cookies={}, auth=None, timeout=None, proxies=None, verify=False,                     debug=0 </msg>
<arg>consultarAPI</arg>
<arg>${URL}</arg>
<doc>Create Session: create a HTTP session to a server</doc>
<status status="PASS" start="2024-05-20T02:29:44.486778" elapsed="0.000390"/>
</kw>
<status status="PASS" start="2024-05-20T02:29:44.485769" elapsed="0.001760"/>
</kw>
<status status="PASS" start="2024-05-20T02:29:44.485139" elapsed="0.002585"/>
</test>
<test id="s1-s1-t2" name="Validar retorno 200 e JSON Válido" line="16">
<kw name="Teste de Requisicao Basica" owner="random-user-service">
<kw name="GET On Session" owner="RequestsLibrary">
<msg time="2024-05-20T02:29:44.554618" level="INFO">GET Request : url=https://randomuser.me/api 
 path_url=/api 
 headers={'User-Agent': 'python-requests/2.31.0', 'Accept-Encoding': 'gzip, deflate', 'Accept': '*/*', 'Connection': 'keep-alive'} 
 body=None 
 </msg>
<msg time="2024-05-20T02:29:44.554784" level="INFO">GET Response : url=https://randomuser.me/api 
 status=200, reason=OK 
 headers={'Date': 'Mon, 20 May 2024 02:29:44 GMT', 'Content-Type': 'application/json; charset=utf-8', 'Transfer-Encoding': 'chunked', 'Connection': 'keep-alive', 'X-Powered-By': 'Express', 'Access-Control-Allow-Origin': '*', 'Cache-Control': 'no-cache', 'ETag': 'W/"48f-LFN9x020KTTaaDGukCtpLjeeOV0"', 'Vary': 'Accept-Encoding', 'Content-Encoding': 'gzip', 'CF-Cache-Status': 'DYNAMIC', 'Report-To': '{"endpoints":[{"url":"https:\\/\\/a.nel.cloudflare.com\\/report\\/v4?s=lK10cCBPBwxnkI3p%2F9r1HEI9R98JwunJP3S0Off5t%2BZOYx4MTGvHj05dYKIcFPk5iJzvO%2BTeY12zxgbZMCaH%2BPi8Vkq2b1vr4Op40id7%2B%2FDB0jDW4C3uss8M6Dk24r2p"}],"group":"cf-nel","max_age":604800}', 'NEL': '{"success_fraction":0,"report_to":"cf-nel","max_age":604800}', 'Server': 'cloudflare', 'CF-RAY': '8868e69939be8206-IAD', 'alt-svc': 'h3=":443"; ma=86400'} 
 body={"results":[{"gender":"female","name":{"title":"Mrs","first":"Charlotte","last":"Olson"},"location":{"street":{"number":1445,"name":"Dane St"},"city":"Everett","state":"Louisiana","country":"United States","postcode":26092,"coordinates":{"latitude":"84.9422","longitude":"32.6977"},"timezone":{"offset":"+6:00","description":"Almaty, Dhaka, Colombo"}},"email":"charlotte.olson@example.com","login":{"uuid":"2aac2245-2ea5-4f22-8252-bad600bdde1f","username":"blackpeacock669","password":"finally","salt":"6Ow0lich","md5":"553c6fe1dfe395979979c207c8ced81a","sha1":"2478d7afcf5eca18ed4baed6a5d1be30b811c88c","sha256":"40c1bf0e010f53df726b13e100bdc9b9b68f22824dbf743cc27cfa669f3a7a98"},"dob":{"date":"1990-12-25T11:31:34.994Z","age":33},"registered":{"date":"2010-03-07T18:58:07.787Z","age":14},"phone":"(278) 890-9342","cell":"(875) 262-7837","id":{"name":"SSN","value":"869-30-1341"},"picture":{"large":"https://randomuser.me/api/portraits/women/2.jpg","medium":"https://randomuser.me/api/portraits/med/women/2.jpg","thumbnail":"https://randomuser.me/api/portraits/thumb/women/2.jpg"},"nat":"US"}],"info":{"seed":"177fe57421d54d57","results":1,"page":1,"version":"1.4"}} 
 </msg>
<msg time="2024-05-20T02:29:44.554874" level="INFO">/opt/hostedtoolcache/Python/3.12.3/x64/lib/python3.12/site-packages/urllib3/connectionpool.py:1103: InsecureRequestWarning: Unverified HTTPS request is being made to host 'randomuser.me'. Adding certificate verification is strongly advised. See: https://urllib3.readthedocs.io/en/latest/advanced-usage.html#tls-warnings
  warnings.warn(</msg>
<msg time="2024-05-20T02:29:44.555023" level="INFO">${response} = &lt;Response [200]&gt;</msg>
<var>${response}</var>
<arg>consultarAPI</arg>
<arg>/api</arg>
<doc>Sends a GET request on a previously created HTTP Session.</doc>
<status status="PASS" start="2024-05-20T02:29:44.490430" elapsed="0.064636"/>
</kw>
<kw name="Should Be Equal As Numbers" owner="BuiltIn">
<msg time="2024-05-20T02:29:44.556043" level="INFO">Argument types are:
&lt;class 'int'&gt;
&lt;class 'str'&gt;</msg>
<arg>${response.status_code}</arg>
<arg>200</arg>
<doc>Fails if objects are unequal after converting them to real numbers.</doc>
<status status="PASS" start="2024-05-20T02:29:44.555588" elapsed="0.000520"/>
</kw>
<kw name="Log" owner="BuiltIn">
<msg time="2024-05-20T02:29:44.556856" level="INFO">200</msg>
<arg>${response.status_code}</arg>
<doc>Logs the given message with the given level.</doc>
<status status="PASS" start="2024-05-20T02:29:44.556500" elapsed="0.000400"/>
</kw>
<kw name="Set Variable" owner="BuiltIn">
<msg time="2024-05-20T02:29:44.557656" level="INFO">${json_data} = {'results': [{'gender': 'female', 'name': {'title': 'Mrs', 'first': 'Charlotte', 'last': 'Olson'}, 'location': {'street': {'number': 1445, 'name': 'Dane St'}, 'city': 'Everett', 'state': 'Louisiana', ...</msg>
<var>${json_data}</var>
<arg>${response.json()}</arg>
<doc>Returns the given values which can then be assigned to a variables.</doc>
<status status="PASS" start="2024-05-20T02:29:44.557212" elapsed="0.000473"/>
</kw>
<kw name="Dictionary Should Contain Key" owner="Collections">
<msg time="2024-05-20T02:29:44.558157" level="INFO">False</msg>
<arg>${json_data}</arg>
<arg>results</arg>
<doc>Fails if ``key`` is not found from ``dictionary``.</doc>
<status status="PASS" start="2024-05-20T02:29:44.557991" elapsed="0.000206"/>
</kw>
<status status="PASS" start="2024-05-20T02:29:44.490186" elapsed="0.068267"/>
</kw>
<doc>Testa se a API responde corretamente e retorna um objeto JSON válido.</doc>
<tag>testeRequisicaoBasica</tag>
<status status="PASS" start="2024-05-20T02:29:44.489657" elapsed="0.068982"/>
</test>
<test id="s1-s1-t3" name="Validar estrutura de resposta" line="22">
<kw name="Teste de Estrutura de Resposta" owner="random-user-service">
<kw name="GET On Session" owner="RequestsLibrary">
<msg time="2024-05-20T02:29:44.653514" level="INFO">GET Request : url=https://randomuser.me/api 
 path_url=/api 
 headers={'User-Agent': 'python-requests/2.31.0', 'Accept-Encoding': 'gzip, deflate', 'Accept': '*/*', 'Connection': 'keep-alive'} 
 body=None 
 </msg>
<msg time="2024-05-20T02:29:44.653620" level="INFO">GET Response : url=https://randomuser.me/api 
 status=200, reason=OK 
 headers={'Date': 'Mon, 20 May 2024 02:29:44 GMT', 'Content-Type': 'application/json; charset=utf-8', 'Transfer-Encoding': 'chunked', 'Connection': 'keep-alive', 'X-Powered-By': 'Express', 'Access-Control-Allow-Origin': '*', 'Cache-Control': 'no-cache', 'ETag': 'W/"486-xZ3LvdAIp5EboP7304FB0kDTvx8"', 'Vary': 'Accept-Encoding', 'Content-Encoding': 'gzip', 'CF-Cache-Status': 'DYNAMIC', 'Report-To': '{"endpoints":[{"url":"https:\\/\\/a.nel.cloudflare.com\\/report\\/v4?s=RJ8O64UNJubuj2VFtw1LswSFHDfe1BJmzgjRBSp2mXa9tqLlfflKjUwHXVCpvHb%2BRh0ZtTyLi7bInoULJKEn%2BVskBzGiJd2EDHkNhek0hpi26R5Jm8K1pU9g7Id7rT2w"}],"group":"cf-nel","max_age":604800}', 'NEL': '{"success_fraction":0,"report_to":"cf-nel","max_age":604800}', 'Server': 'cloudflare', 'CF-RAY': '8868e6998a038206-IAD', 'alt-svc': 'h3=":443"; ma=86400'} 
 body={"results":[{"gender":"male","name":{"title":"Mr","first":"Toby","last":"Taylor"},"location":{"street":{"number":8829,"name":"Halifax Street"},"city":"Tauranga","state":"Gisborne","country":"New Zealand","postcode":11325,"coordinates":{"latitude":"54.4421","longitude":"-16.6470"},"timezone":{"offset":"+11:00","description":"Magadan, Solomon Islands, New Caledonia"}},"email":"toby.taylor@example.com","login":{"uuid":"fbfe5c30-80ae-4c0a-a71d-2514deea55d5","username":"bigsnake214","password":"jets","salt":"FaQ4UaPl","md5":"4538992e7b1c0de934727cb14fb945af","sha1":"a0a1766de0c917f8ae035fd09e47b542332ed55c","sha256":"d11578cd26b64d749c36bd88cab2053a8f60dd2b614854dffac953bf329f6b68"},"dob":{"date":"1963-07-05T10:59:20.237Z","age":60},"registered":{"date":"2003-07-14T17:28:23.758Z","age":20},"phone":"(898)-633-8375","cell":"(819)-883-6493","id":{"name":"","value":null},"picture":{"large":"https://randomuser.me/api/portraits/men/25.jpg","medium":"https://randomuser.me/api/portraits/med/men/25.jpg","thumbnail":"https://randomuser.me/api/portraits/thumb/men/25.jpg"},"nat":"NZ"}],"info":{"seed":"659831404d0c02cf","results":1,"page":1,"version":"1.4"}} 
 </msg>
<msg time="2024-05-20T02:29:44.653767" level="INFO">/opt/hostedtoolcache/Python/3.12.3/x64/lib/python3.12/site-packages/urllib3/connectionpool.py:1103: InsecureRequestWarning: Unverified HTTPS request is being made to host 'randomuser.me'. Adding certificate verification is strongly advised. See: https://urllib3.readthedocs.io/en/latest/advanced-usage.html#tls-warnings
  warnings.warn(</msg>
<msg time="2024-05-20T02:29:44.653908" level="INFO">${response} = &lt;Response [200]&gt;</msg>
<var>${response}</var>
<arg>consultarAPI</arg>
<arg>/api</arg>
<doc>Sends a GET request on a previously created HTTP Session.</doc>
<status status="PASS" start="2024-05-20T02:29:44.561610" elapsed="0.092348"/>
</kw>
<kw name="Set Variable" owner="BuiltIn">
<msg time="2024-05-20T02:29:44.655096" level="INFO">${json_data} = {'results': [{'gender': 'male', 'name': {'title': 'Mr', 'first': 'Toby', 'last': 'Taylor'}, 'location': {'street': {'number': 8829, 'name': 'Halifax Street'}, 'city': 'Tauranga', 'state': 'Gisborne', ...</msg>
<var>${json_data}</var>
<arg>${response.json()}</arg>
<doc>Returns the given values which can then be assigned to a variables.</doc>
<status status="PASS" start="2024-05-20T02:29:44.654531" elapsed="0.000595"/>
</kw>
<kw name="Log" owner="BuiltIn">
<msg time="2024-05-20T02:29:44.655594" level="INFO">{'results': [{'gender': 'male', 'name': {'title': 'Mr', 'first': 'Toby', 'last': 'Taylor'}, 'location': {'street': {'number': 8829, 'name': 'Halifax Street'}, 'city': 'Tauranga', 'state': 'Gisborne', 'country': 'New Zealand', 'postcode': 11325, 'coordinates': {'latitude': '54.4421', 'longitude': '-16.6470'}, 'timezone': {'offset': '+11:00', 'description': 'Magadan, Solomon Islands, New Caledonia'}}, 'email': 'toby.taylor@example.com', 'login': {'uuid': 'fbfe5c30-80ae-4c0a-a71d-2514deea55d5', 'username': 'bigsnake214', 'password': 'jets', 'salt': 'FaQ4UaPl', 'md5': '4538992e7b1c0de934727cb14fb945af', 'sha1': 'a0a1766de0c917f8ae035fd09e47b542332ed55c', 'sha256': 'd11578cd26b64d749c36bd88cab2053a8f60dd2b614854dffac953bf329f6b68'}, 'dob': {'date': '1963-07-05T10:59:20.237Z', 'age': 60}, 'registered': {'date': '2003-07-14T17:28:23.758Z', 'age': 20}, 'phone': '(898)-633-8375', 'cell': '(819)-883-6493', 'id': {'name': '', 'value': None}, 'picture': {'large': 'https://randomuser.me/api/portraits/men/25.jpg', 'medium': 'https://randomuser.me/api/portraits/med/men/25.jpg', 'thumbnail': 'https://randomuser.me/api/portraits/thumb/men/25.jpg'}, 'nat': 'NZ'}], 'info': {'seed': '659831404d0c02cf', 'results': 1, 'page': 1, 'version': '1.4'}}</msg>
<arg>${json_data}</arg>
<doc>Logs the given message with the given level.</doc>
<status status="PASS" start="2024-05-20T02:29:44.655436" elapsed="0.000213"/>
</kw>
<kw name="Dictionary Should Contain Key" owner="Collections">
<msg time="2024-05-20T02:29:44.656115" level="INFO">False</msg>
<arg>${json_data}</arg>
<arg>results</arg>
<doc>Fails if ``key`` is not found from ``dictionary``.</doc>
<status status="PASS" start="2024-05-20T02:29:44.655958" elapsed="0.000193"/>
</kw>
<kw name="Should Not Be Empty" owner="BuiltIn">
<msg time="2024-05-20T02:29:44.656623" level="INFO">Length is 2.</msg>
<arg>${json_data}</arg>
<doc>Verifies that the given item is not empty.</doc>
<status status="PASS" start="2024-05-20T02:29:44.656487" elapsed="0.000174"/>
</kw>
<kw name="Create List" owner="BuiltIn">
<msg time="2024-05-20T02:29:44.657266" level="INFO">${expected_keys} = ['gender', 'name', 'location', 'email', 'login']</msg>
<var>${expected_keys}</var>
<arg>gender</arg>
<arg>name</arg>
<arg>location</arg>
<arg>email</arg>
<arg>login</arg>
<doc>Returns a list containing given items.</doc>
<status status="PASS" start="2024-05-20T02:29:44.656953" elapsed="0.000338"/>
</kw>
<for flavor="IN">
<iter>
<kw name="Dictionary Should Contain Key" owner="Collections">
<msg time="2024-05-20T02:29:44.658283" level="INFO">False</msg>
<arg>${json_data['results'][0]}</arg>
<arg>${key}</arg>
<doc>Fails if ``key`` is not found from ``dictionary``.</doc>
<status status="PASS" start="2024-05-20T02:29:44.657884" elapsed="0.000438"/>
</kw>
<kw name="Log" owner="BuiltIn">
<msg time="2024-05-20T02:29:44.658980" level="INFO">{'gender': 'male', 'name': {'title': 'Mr', 'first': 'Toby', 'last': 'Taylor'}, 'location': {'street': {'number': 8829, 'name': 'Halifax Street'}, 'city': 'Tauranga', 'state': 'Gisborne', 'country': 'New Zealand', 'postcode': 11325, 'coordinates': {'latitude': '54.4421', 'longitude': '-16.6470'}, 'timezone': {'offset': '+11:00', 'description': 'Magadan, Solomon Islands, New Caledonia'}}, 'email': 'toby.taylor@example.com', 'login': {'uuid': 'fbfe5c30-80ae-4c0a-a71d-2514deea55d5', 'username': 'bigsnake214', 'password': 'jets', 'salt': 'FaQ4UaPl', 'md5': '4538992e7b1c0de934727cb14fb945af', 'sha1': 'a0a1766de0c917f8ae035fd09e47b542332ed55c', 'sha256': 'd11578cd26b64d749c36bd88cab2053a8f60dd2b614854dffac953bf329f6b68'}, 'dob': {'date': '1963-07-05T10:59:20.237Z', 'age': 60}, 'registered': {'date': '2003-07-14T17:28:23.758Z', 'age': 20}, 'phone': '(898)-633-8375', 'cell': '(819)-883-6493', 'id': {'name': '', 'value': None}, 'picture': {'large': 'https://randomuser.me/api/portraits/men/25.jpg', 'medium': 'https://randomuser.me/api/portraits/med/men/25.jpg', 'thumbnail': 'https://randomuser.me/api/portraits/thumb/men/25.jpg'}, 'nat': 'NZ'}</msg>
<arg>${json_data['results'][0]}</arg>
<doc>Logs the given message with the given level.</doc>
<status status="PASS" start="2024-05-20T02:29:44.658620" elapsed="0.000409"/>
</kw>
<kw name="Log" owner="BuiltIn">
<msg time="2024-05-20T02:29:44.659454" level="INFO">gender</msg>
<arg>${key}</arg>
<doc>Logs the given message with the given level.</doc>
<status status="PASS" start="2024-05-20T02:29:44.659327" elapsed="0.000165"/>
</kw>
<var name="${key}">gender</var>
<status status="PASS" start="2024-05-20T02:29:44.657759" elapsed="0.001945"/>
</iter>
<iter>
<kw name="Dictionary Should Contain Key" owner="Collections">
<msg time="2024-05-20T02:29:44.660419" level="INFO">False</msg>
<arg>${json_data['results'][0]}</arg>
<arg>${key}</arg>
<doc>Fails if ``key`` is not found from ``dictionary``.</doc>
<status status="PASS" start="2024-05-20T02:29:44.660002" elapsed="0.000455"/>
</kw>
<kw name="Log" owner="BuiltIn">
<msg time="2024-05-20T02:29:44.661177" level="INFO">{'gender': 'male', 'name': {'title': 'Mr', 'first': 'Toby', 'last': 'Taylor'}, 'location': {'street': {'number': 8829, 'name': 'Halifax Street'}, 'city': 'Tauranga', 'state': 'Gisborne', 'country': 'New Zealand', 'postcode': 11325, 'coordinates': {'latitude': '54.4421', 'longitude': '-16.6470'}, 'timezone': {'offset': '+11:00', 'description': 'Magadan, Solomon Islands, New Caledonia'}}, 'email': 'toby.taylor@example.com', 'login': {'uuid': 'fbfe5c30-80ae-4c0a-a71d-2514deea55d5', 'username': 'bigsnake214', 'password': 'jets', 'salt': 'FaQ4UaPl', 'md5': '4538992e7b1c0de934727cb14fb945af', 'sha1': 'a0a1766de0c917f8ae035fd09e47b542332ed55c', 'sha256': 'd11578cd26b64d749c36bd88cab2053a8f60dd2b614854dffac953bf329f6b68'}, 'dob': {'date': '1963-07-05T10:59:20.237Z', 'age': 60}, 'registered': {'date': '2003-07-14T17:28:23.758Z', 'age': 20}, 'phone': '(898)-633-8375', 'cell': '(819)-883-6493', 'id': {'name': '', 'value': None}, 'picture': {'large': 'https://randomuser.me/api/portraits/men/25.jpg', 'medium': 'https://randomuser.me/api/portraits/med/men/25.jpg', 'thumbnail': 'https://randomuser.me/api/portraits/thumb/men/25.jpg'}, 'nat': 'NZ'}</msg>
<arg>${json_data['results'][0]}</arg>
<doc>Logs the given message with the given level.</doc>
<status status="PASS" start="2024-05-20T02:29:44.660781" elapsed="0.000447"/>
</kw>
<kw name="Log" owner="BuiltIn">
<msg time="2024-05-20T02:29:44.661665" level="INFO">name</msg>
<arg>${key}</arg>
<doc>Logs the given message with the given level.</doc>
<status status="PASS" start="2024-05-20T02:29:44.661538" elapsed="0.000166"/>
</kw>
<var name="${key}">name</var>
<status status="PASS" start="2024-05-20T02:29:44.659889" elapsed="0.002031"/>
</iter>
<iter>
<kw name="Dictionary Should Contain Key" owner="Collections">
<msg time="2024-05-20T02:29:44.662614" level="INFO">False</msg>
<arg>${json_data['results'][0]}</arg>
<arg>${key}</arg>
<doc>Fails if ``key`` is not found from ``dictionary``.</doc>
<status status="PASS" start="2024-05-20T02:29:44.662209" elapsed="0.000444"/>
</kw>
<kw name="Log" owner="BuiltIn">
<msg time="2024-05-20T02:29:44.663310" level="INFO">{'gender': 'male', 'name': {'title': 'Mr', 'first': 'Toby', 'last': 'Taylor'}, 'location': {'street': {'number': 8829, 'name': 'Halifax Street'}, 'city': 'Tauranga', 'state': 'Gisborne', 'country': 'New Zealand', 'postcode': 11325, 'coordinates': {'latitude': '54.4421', 'longitude': '-16.6470'}, 'timezone': {'offset': '+11:00', 'description': 'Magadan, Solomon Islands, New Caledonia'}}, 'email': 'toby.taylor@example.com', 'login': {'uuid': 'fbfe5c30-80ae-4c0a-a71d-2514deea55d5', 'username': 'bigsnake214', 'password': 'jets', 'salt': 'FaQ4UaPl', 'md5': '4538992e7b1c0de934727cb14fb945af', 'sha1': 'a0a1766de0c917f8ae035fd09e47b542332ed55c', 'sha256': 'd11578cd26b64d749c36bd88cab2053a8f60dd2b614854dffac953bf329f6b68'}, 'dob': {'date': '1963-07-05T10:59:20.237Z', 'age': 60}, 'registered': {'date': '2003-07-14T17:28:23.758Z', 'age': 20}, 'phone': '(898)-633-8375', 'cell': '(819)-883-6493', 'id': {'name': '', 'value': None}, 'picture': {'large': 'https://randomuser.me/api/portraits/men/25.jpg', 'medium': 'https://randomuser.me/api/portraits/med/men/25.jpg', 'thumbnail': 'https://randomuser.me/api/portraits/thumb/men/25.jpg'}, 'nat': 'NZ'}</msg>
<arg>${json_data['results'][0]}</arg>
<doc>Logs the given message with the given level.</doc>
<status status="PASS" start="2024-05-20T02:29:44.662955" elapsed="0.000404"/>
</kw>
<kw name="Log" owner="BuiltIn">
<msg time="2024-05-20T02:29:44.663778" level="INFO">location</msg>
<arg>${key}</arg>
<doc>Logs the given message with the given level.</doc>
<status status="PASS" start="2024-05-20T02:29:44.663652" elapsed="0.000164"/>
</kw>
<var name="${key}">location</var>
<status status="PASS" start="2024-05-20T02:29:44.662098" elapsed="0.001939"/>
</iter>
<iter>
<kw name="Dictionary Should Contain Key" owner="Collections">
<msg time="2024-05-20T02:29:44.664739" level="INFO">False</msg>
<arg>${json_data['results'][0]}</arg>
<arg>${key}</arg>
<doc>Fails if ``key`` is not found from ``dictionary``.</doc>
<status status="PASS" start="2024-05-20T02:29:44.664351" elapsed="0.000425"/>
</kw>
<kw name="Log" owner="BuiltIn">
<msg time="2024-05-20T02:29:44.665426" level="INFO">{'gender': 'male', 'name': {'title': 'Mr', 'first': 'Toby', 'last': 'Taylor'}, 'location': {'street': {'number': 8829, 'name': 'Halifax Street'}, 'city': 'Tauranga', 'state': 'Gisborne', 'country': 'New Zealand', 'postcode': 11325, 'coordinates': {'latitude': '54.4421', 'longitude': '-16.6470'}, 'timezone': {'offset': '+11:00', 'description': 'Magadan, Solomon Islands, New Caledonia'}}, 'email': 'toby.taylor@example.com', 'login': {'uuid': 'fbfe5c30-80ae-4c0a-a71d-2514deea55d5', 'username': 'bigsnake214', 'password': 'jets', 'salt': 'FaQ4UaPl', 'md5': '4538992e7b1c0de934727cb14fb945af', 'sha1': 'a0a1766de0c917f8ae035fd09e47b542332ed55c', 'sha256': 'd11578cd26b64d749c36bd88cab2053a8f60dd2b614854dffac953bf329f6b68'}, 'dob': {'date': '1963-07-05T10:59:20.237Z', 'age': 60}, 'registered': {'date': '2003-07-14T17:28:23.758Z', 'age': 20}, 'phone': '(898)-633-8375', 'cell': '(819)-883-6493', 'id': {'name': '', 'value': None}, 'picture': {'large': 'https://randomuser.me/api/portraits/men/25.jpg', 'medium': 'https://randomuser.me/api/portraits/med/men/25.jpg', 'thumbnail': 'https://randomuser.me/api/portraits/thumb/men/25.jpg'}, 'nat': 'NZ'}</msg>
<arg>${json_data['results'][0]}</arg>
<doc>Logs the given message with the given level.</doc>
<status status="PASS" start="2024-05-20T02:29:44.665074" elapsed="0.000401"/>
</kw>
<kw name="Log" owner="BuiltIn">
<msg time="2024-05-20T02:29:44.665891" level="INFO">email</msg>
<arg>${key}</arg>
<doc>Logs the given message with the given level.</doc>
<status status="PASS" start="2024-05-20T02:29:44.665765" elapsed="0.000163"/>
</kw>
<var name="${key}">email</var>
<status status="PASS" start="2024-05-20T02:29:44.664210" elapsed="0.001937"/>
</iter>
<iter>
<kw name="Dictionary Should Contain Key" owner="Collections">
<msg time="2024-05-20T02:29:44.666812" level="INFO">False</msg>
<arg>${json_data['results'][0]}</arg>
<arg>${key}</arg>
<doc>Fails if ``key`` is not found from ``dictionary``.</doc>
<status status="PASS" start="2024-05-20T02:29:44.666429" elapsed="0.000420"/>
</kw>
<kw name="Log" owner="BuiltIn">
<msg time="2024-05-20T02:29:44.667504" level="INFO">{'gender': 'male', 'name': {'title': 'Mr', 'first': 'Toby', 'last': 'Taylor'}, 'location': {'street': {'number': 8829, 'name': 'Halifax Street'}, 'city': 'Tauranga', 'state': 'Gisborne', 'country': 'New Zealand', 'postcode': 11325, 'coordinates': {'latitude': '54.4421', 'longitude': '-16.6470'}, 'timezone': {'offset': '+11:00', 'description': 'Magadan, Solomon Islands, New Caledonia'}}, 'email': 'toby.taylor@example.com', 'login': {'uuid': 'fbfe5c30-80ae-4c0a-a71d-2514deea55d5', 'username': 'bigsnake214', 'password': 'jets', 'salt': 'FaQ4UaPl', 'md5': '4538992e7b1c0de934727cb14fb945af', 'sha1': 'a0a1766de0c917f8ae035fd09e47b542332ed55c', 'sha256': 'd11578cd26b64d749c36bd88cab2053a8f60dd2b614854dffac953bf329f6b68'}, 'dob': {'date': '1963-07-05T10:59:20.237Z', 'age': 60}, 'registered': {'date': '2003-07-14T17:28:23.758Z', 'age': 20}, 'phone': '(898)-633-8375', 'cell': '(819)-883-6493', 'id': {'name': '', 'value': None}, 'picture': {'large': 'https://randomuser.me/api/portraits/men/25.jpg', 'medium': 'https://randomuser.me/api/portraits/med/men/25.jpg', 'thumbnail': 'https://randomuser.me/api/portraits/thumb/men/25.jpg'}, 'nat': 'NZ'}</msg>
<arg>${json_data['results'][0]}</arg>
<doc>Logs the given message with the given level.</doc>
<status status="PASS" start="2024-05-20T02:29:44.667143" elapsed="0.000410"/>
</kw>
<kw name="Log" owner="BuiltIn">
<msg time="2024-05-20T02:29:44.667983" level="INFO">login</msg>
<arg>${key}</arg>
<doc>Logs the given message with the given level.</doc>
<status status="PASS" start="2024-05-20T02:29:44.667855" elapsed="0.000166"/>
</kw>
<var name="${key}">login</var>
<status status="PASS" start="2024-05-20T02:29:44.666317" elapsed="0.001918"/>
</iter>
<var>${key}</var>
<value>@{expected_keys}</value>
<status status="PASS" start="2024-05-20T02:29:44.657564" elapsed="0.010858"/>
</for>
<kw name="Create List" owner="BuiltIn">
<msg time="2024-05-20T02:29:44.668769" level="INFO">${expected_keysTwo} = ['username', 'password']</msg>
<var>${expected_keysTwo}</var>
<arg>username</arg>
<arg>password</arg>
<doc>Returns a list containing given items.</doc>
<status status="PASS" start="2024-05-20T02:29:44.668630" elapsed="0.000162"/>
</kw>
<for flavor="IN">
<iter>
<kw name="Dictionary Should Contain Key" owner="Collections">
<msg time="2024-05-20T02:29:44.669680" level="INFO">False</msg>
<arg>${json_data['results'][0]['login']}</arg>
<arg>${keyTwo}</arg>
<doc>Fails if ``key`` is not found from ``dictionary``.</doc>
<status status="PASS" start="2024-05-20T02:29:44.669293" elapsed="0.000425"/>
</kw>
<kw name="Dictionary Should Contain Key" owner="Collections">
<msg time="2024-05-20T02:29:44.670391" level="INFO">False</msg>
<arg>${json_data['results'][0]['login']}</arg>
<arg>${keyTwo}</arg>
<doc>Fails if ``key`` is not found from ``dictionary``.</doc>
<status status="PASS" start="2024-05-20T02:29:44.670010" elapsed="0.000419"/>
</kw>
<kw name="Log" owner="BuiltIn">
<msg time="2024-05-20T02:29:44.670845" level="INFO">username</msg>
<arg>${keyTwo}</arg>
<doc>Logs the given message with the given level.</doc>
<status status="PASS" start="2024-05-20T02:29:44.670718" elapsed="0.000170"/>
</kw>
<var name="${keyTwo}">username</var>
<status status="PASS" start="2024-05-20T02:29:44.669184" elapsed="0.001921"/>
</iter>
<iter>
<kw name="Dictionary Should Contain Key" owner="Collections">
<msg time="2024-05-20T02:29:44.671766" level="INFO">False</msg>
<arg>${json_data['results'][0]['login']}</arg>
<arg>${keyTwo}</arg>
<doc>Fails if ``key`` is not found from ``dictionary``.</doc>
<status status="PASS" start="2024-05-20T02:29:44.671383" elapsed="0.000420"/>
</kw>
<kw name="Dictionary Should Contain Key" owner="Collections">
<msg time="2024-05-20T02:29:44.672601" level="INFO">False</msg>
<arg>${json_data['results'][0]['login']}</arg>
<arg>${keyTwo}</arg>
<doc>Fails if ``key`` is not found from ``dictionary``.</doc>
<status status="PASS" start="2024-05-20T02:29:44.672104" elapsed="0.000538"/>
</kw>
<kw name="Log" owner="BuiltIn">
<msg time="2024-05-20T02:29:44.673063" level="INFO">password</msg>
<arg>${keyTwo}</arg>
<doc>Logs the given message with the given level.</doc>
<status status="PASS" start="2024-05-20T02:29:44.672938" elapsed="0.000163"/>
</kw>
<var name="${keyTwo}">password</var>
<status status="PASS" start="2024-05-20T02:29:44.671275" elapsed="0.002041"/>
</iter>
<var>${keyTwo}</var>
<value>@{expected_keysTwo}</value>
<status status="PASS" start="2024-05-20T02:29:44.669030" elapsed="0.004406"/>
</for>
<status status="PASS" start="2024-05-20T02:29:44.561261" elapsed="0.112316"/>
</kw>
<doc>Testa a estrutura da resposta da API.</doc>
<tag>testeEstruturaResposta</tag>
<status status="PASS" start="2024-05-20T02:29:44.560492" elapsed="0.113241"/>
</test>
<test id="s1-s1-t4" name="Validar tipos de dados" line="28">
<kw name="Teste de Tipos de Dados" owner="random-user-service">
<kw name="GET On Session" owner="RequestsLibrary">
<msg time="2024-05-20T02:29:44.756346" level="INFO">GET Request : url=https://randomuser.me/api 
 path_url=/api 
 headers={'User-Agent': 'python-requests/2.31.0', 'Accept-Encoding': 'gzip, deflate', 'Accept': '*/*', 'Connection': 'keep-alive'} 
 body=None 
 </msg>
<msg time="2024-05-20T02:29:44.756455" level="INFO">GET Response : url=https://randomuser.me/api 
 status=200, reason=OK 
 headers={'Date': 'Mon, 20 May 2024 02:29:44 GMT', 'Content-Type': 'application/json; charset=utf-8', 'Transfer-Encoding': 'chunked', 'Connection': 'keep-alive', 'X-Powered-By': 'Express', 'Access-Control-Allow-Origin': '*', 'Cache-Control': 'no-cache', 'ETag': 'W/"499-5OhG/Y9jDgCFn2XZu+S2VDxkOLQ"', 'Vary': 'Accept-Encoding', 'Content-Encoding': 'gzip', 'CF-Cache-Status': 'DYNAMIC', 'Report-To': '{"endpoints":[{"url":"https:\\/\\/a.nel.cloudflare.com\\/report\\/v4?s=TtE1clBat9QMhNqP5nu74qJAhaeQAJYbUkO0FThsBheaJImLqK2gL%2FvBtcZEbG1RbUhtU7IQb7X0i386bKkmsDKfWNBH7BILPhQTxgxdBtFUzuueY6vkDawNJwXZZpg%2F"}],"group":"cf-nel","max_age":604800}', 'NEL': '{"success_fraction":0,"report_to":"cf-nel","max_age":604800}', 'Server': 'cloudflare', 'CF-RAY': '8868e69a3ad38206-IAD', 'alt-svc': 'h3=":443"; ma=86400'} 
 body={"results":[{"gender":"female","name":{"title":"Miss","first":"Navya","last":"Keshri"},"location":{"street":{"number":3728,"name":"Bhavani Peth"},"city":"Tinsukia","state":"Daman and Diu","country":"India","postcode":56228,"coordinates":{"latitude":"12.4021","longitude":"156.0094"},"timezone":{"offset":"+4:00","description":"Abu Dhabi, Muscat, Baku, Tbilisi"}},"email":"navya.keshri@example.com","login":{"uuid":"764951e3-8848-45bd-9bd1-aa5152cf053f","username":"beautifulostrich683","password":"starter","salt":"HqFxR1uU","md5":"95afa84e306cf32f8c0f5e83cede8b20","sha1":"633c2f11d22f0f5931283df7d5849e4e3ae8f1cf","sha256":"95a9802d927dc4c9f8640743adef2a3adcf5d56f2a1887d0bc5a8505968bd03c"},"dob":{"date":"1963-07-28T05:01:30.530Z","age":60},"registered":{"date":"2003-11-15T05:11:54.870Z","age":20},"phone":"7790329748","cell":"9835876808","id":{"name":"UIDAI","value":"289117482530"},"picture":{"large":"https://randomuser.me/api/portraits/women/34.jpg","medium":"https://randomuser.me/api/portraits/med/women/34.jpg","thumbnail":"https://randomuser.me/api/portraits/thumb/women/34.jpg"},"nat":"IN"}],"info":{"seed":"5bd77e0797a6f549","results":1,"page":1,"version":"1.4"}} 
 </msg>
<msg time="2024-05-20T02:29:44.756535" level="INFO">/opt/hostedtoolcache/Python/3.12.3/x64/lib/python3.12/site-packages/urllib3/connectionpool.py:1103: InsecureRequestWarning: Unverified HTTPS request is being made to host 'randomuser.me'. Adding certificate verification is strongly advised. See: https://urllib3.readthedocs.io/en/latest/advanced-usage.html#tls-warnings
  warnings.warn(</msg>
<msg time="2024-05-20T02:29:44.756693" level="INFO">${response} = &lt;Response [200]&gt;</msg>
<var>${response}</var>
<arg>consultarAPI</arg>
<arg>/api</arg>
<doc>Sends a GET request on a previously created HTTP Session.</doc>
<status status="PASS" start="2024-05-20T02:29:44.676178" elapsed="0.080564"/>
</kw>
<kw name="Set Variable" owner="BuiltIn">
<msg time="2024-05-20T02:29:44.757779" level="INFO">${json_data} = {'results': [{'gender': 'female', 'name': {'title': 'Miss', 'first': 'Navya', 'last': 'Keshri'}, 'location': {'street': {'number': 3728, 'name': 'Bhavani Peth'}, 'city': 'Tinsukia', 'state': 'Daman an...</msg>
<var>${json_data}</var>
<arg>${response.json()}</arg>
<doc>Returns the given values which can then be assigned to a variables.</doc>
<status status="PASS" start="2024-05-20T02:29:44.757252" elapsed="0.000557"/>
</kw>
<kw name="Log" owner="BuiltIn">
<msg time="2024-05-20T02:29:44.758323" level="INFO">{'results': [{'gender': 'female', 'name': {'title': 'Miss', 'first': 'Navya', 'last': 'Keshri'}, 'location': {'street': {'number': 3728, 'name': 'Bhavani Peth'}, 'city': 'Tinsukia', 'state': 'Daman and Diu', 'country': 'India', 'postcode': 56228, 'coordinates': {'latitude': '12.4021', 'longitude': '156.0094'}, 'timezone': {'offset': '+4:00', 'description': 'Abu Dhabi, Muscat, Baku, Tbilisi'}}, 'email': 'navya.keshri@example.com', 'login': {'uuid': '764951e3-8848-45bd-9bd1-aa5152cf053f', 'username': 'beautifulostrich683', 'password': 'starter', 'salt': 'HqFxR1uU', 'md5': '95afa84e306cf32f8c0f5e83cede8b20', 'sha1': '633c2f11d22f0f5931283df7d5849e4e3ae8f1cf', 'sha256': '95a9802d927dc4c9f8640743adef2a3adcf5d56f2a1887d0bc5a8505968bd03c'}, 'dob': {'date': '1963-07-28T05:01:30.530Z', 'age': 60}, 'registered': {'date': '2003-11-15T05:11:54.870Z', 'age': 20}, 'phone': '7790329748', 'cell': '9835876808', 'id': {'name': 'UIDAI', 'value': '289117482530'}, 'picture': {'large': 'https://randomuser.me/api/portraits/women/34.jpg', 'medium': 'https://randomuser.me/api/portraits/med/women/34.jpg', 'thumbnail': 'https://randomuser.me/api/portraits/thumb/women/34.jpg'}, 'nat': 'IN'}], 'info': {'seed': '5bd77e0797a6f549', 'results': 1, 'page': 1, 'version': '1.4'}}</msg>
<arg>${json_data}</arg>
<doc>Logs the given message with the given level.</doc>
<status status="PASS" start="2024-05-20T02:29:44.758156" elapsed="0.000253"/>
</kw>
<kw name="Should Be String" owner="String">
<arg>${json_data['results'][0]['gender']}</arg>
<doc>Fails if the given ``item`` is not a string.</doc>
<status status="PASS" start="2024-05-20T02:29:44.758721" elapsed="0.000382"/>
</kw>
<kw name="Should Match Regexp" owner="BuiltIn">
<arg>${json_data['results'][0]['email']}</arg>
<arg>^[a-zA-Z0-9._%+-]+@[a-zA-Z0-9.-]+\.[a-zA-Z]{2,}$</arg>
<doc>Fails if ``string`` does not match ``pattern`` as a regular expression.</doc>
<status status="PASS" start="2024-05-20T02:29:44.759309" elapsed="0.000523"/>
</kw>
<kw name="Should Match Regexp" owner="BuiltIn">
<arg>${json_data['results'][0]['dob']['date']}</arg>
<arg>\\d{4}-\\d{2}-\\d{2}T\\d{2}:\\d{2}:\\d{2}\\.\\d{3}Z</arg>
<doc>Fails if ``string`` does not match ``pattern`` as a regular expression.</doc>
<status status="PASS" start="2024-05-20T02:29:44.760041" elapsed="0.000534"/>
</kw>
<kw name="Should Match Regexp" owner="BuiltIn">
<arg>${json_data['results'][0]['registered']['date']}</arg>
<arg>\\d{4}-\\d{2}-\\d{2}T\\d{2}:\\d{2}:\\d{2}\\.\\d{3}Z</arg>
<doc>Fails if ``string`` does not match ``pattern`` as a regular expression.</doc>
<status status="PASS" start="2024-05-20T02:29:44.760774" elapsed="0.000413"/>
</kw>
<kw name="Should Match Regexp" owner="BuiltIn">
<arg>${json_data['results'][0]['picture']['large']}</arg>
<arg>^https?://.*\.(?:png|jpe?g|gif|bmp)$</arg>
<doc>Fails if ``string`` does not match ``pattern`` as a regular expression.</doc>
<status status="PASS" start="2024-05-20T02:29:44.761418" elapsed="0.000478"/>
</kw>
<kw name="Should Match Regexp" owner="BuiltIn">
<arg>${json_data['results'][0]['picture']['medium']}</arg>
<arg>^https?://.*\.(?:png|jpe?g|gif|bmp)$</arg>
<doc>Fails if ``string`` does not match ``pattern`` as a regular expression.</doc>
<status status="PASS" start="2024-05-20T02:29:44.762102" elapsed="0.000367"/>
</kw>
<kw name="Should Match Regexp" owner="BuiltIn">
<arg>${json_data['results'][0]['picture']['thumbnail']}</arg>
<arg>^https?://.*\.(?:png|jpe?g|gif|bmp)$</arg>
<doc>Fails if ``string`` does not match ``pattern`` as a regular expression.</doc>
<status status="PASS" start="2024-05-20T02:29:44.762662" elapsed="0.000351"/>
</kw>
<kw name="Log" owner="BuiltIn">
<msg time="2024-05-20T02:29:44.763521" level="INFO">{'large': 'https://randomuser.me/api/portraits/women/34.jpg', 'medium': 'https://randomuser.me/api/portraits/med/women/34.jpg', 'thumbnail': 'https://randomuser.me/api/portraits/thumb/women/34.jpg'}</msg>
<arg>${json_data['results'][0]['picture']}</arg>
<doc>Logs the given message with the given level.</doc>
<status status="PASS" start="2024-05-20T02:29:44.763198" elapsed="0.000365"/>
</kw>
<status status="PASS" start="2024-05-20T02:29:44.675949" elapsed="0.087876"/>
</kw>
<kw name="Teste de Tipos de Dados - Postcode" owner="random-user-service">
<kw name="GET On Session" owner="RequestsLibrary">
<msg time="2024-05-20T02:29:44.860419" level="INFO">GET Request : url=https://randomuser.me/api 
 path_url=/api 
 headers={'User-Agent': 'python-requests/2.31.0', 'Accept-Encoding': 'gzip, deflate', 'Accept': '*/*', 'Connection': 'keep-alive'} 
 body=None 
 </msg>
<msg time="2024-05-20T02:29:44.860522" level="INFO">GET Response : url=https://randomuser.me/api 
 status=200, reason=OK 
 headers={'Date': 'Mon, 20 May 2024 02:29:44 GMT', 'Content-Type': 'application/json; charset=utf-8', 'Transfer-Encoding': 'chunked', 'Connection': 'keep-alive', 'X-Powered-By': 'Express', 'Access-Control-Allow-Origin': '*', 'Cache-Control': 'no-cache', 'ETag': 'W/"490-Q9lYzj40Qb4yMJR0a1hPssV9BaM"', 'Vary': 'Accept-Encoding', 'Content-Encoding': 'gzip', 'CF-Cache-Status': 'DYNAMIC', 'Report-To': '{"endpoints":[{"url":"https:\\/\\/a.nel.cloudflare.com\\/report\\/v4?s=3CeQ%2B6Ds%2F2sdGbVeUUxiMZ2aLNQ3qaMctihjTgARLN1gKi5WxDTOMYpbZ%2Fb1wfqZR%2ByKKZ85VbVEwLAPRK8ZzeKQdphQDb1sm3%2BGRpAQN9WP10h9M%2F7aX4zXv7MZQY%2FL"}],"group":"cf-nel","max_age":604800}', 'NEL': '{"success_fraction":0,"report_to":"cf-nel","max_age":604800}', 'Server': 'cloudflare', 'CF-RAY': '8868e69acb868206-IAD', 'alt-svc': 'h3=":443"; ma=86400'} 
 body={"results":[{"gender":"female","name":{"title":"Ms","first":"Taahira","last":"Bangera"},"location":{"street":{"number":9755,"name":"Naiduthota"},"city":"Amritsar","state":"Manipur","country":"India","postcode":38546,"coordinates":{"latitude":"7.9822","longitude":"5.4757"},"timezone":{"offset":"+10:00","description":"Eastern Australia, Guam, Vladivostok"}},"email":"taahira.bangera@example.com","login":{"uuid":"e1cff909-5399-45ae-b878-a2d86cad5770","username":"lazymouse239","password":"huskies","salt":"pJJuP6nF","md5":"6eb80ce23da6a7a0ac73395354eb2561","sha1":"23f518273aff8e0f4268e0a9ca278420d2dd6bf3","sha256":"3c4b1e22d0c725aee24f5bb47adc32670aa891e798496c29fc1d4e9f96920d44"},"dob":{"date":"1993-04-06T22:49:17.394Z","age":31},"registered":{"date":"2013-03-10T08:53:30.920Z","age":11},"phone":"9683440886","cell":"7957198695","id":{"name":"UIDAI","value":"663554853454"},"picture":{"large":"https://randomuser.me/api/portraits/women/40.jpg","medium":"https://randomuser.me/api/portraits/med/women/40.jpg","thumbnail":"https://randomuser.me/api/portraits/thumb/women/40.jpg"},"nat":"IN"}],"info":{"seed":"7b8ee929a6e61951","results":1,"page":1,"version":"1.4"}} 
 </msg>
<msg time="2024-05-20T02:29:44.860600" level="INFO">/opt/hostedtoolcache/Python/3.12.3/x64/lib/python3.12/site-packages/urllib3/connectionpool.py:1103: InsecureRequestWarning: Unverified HTTPS request is being made to host 'randomuser.me'. Adding certificate verification is strongly advised. See: https://urllib3.readthedocs.io/en/latest/advanced-usage.html#tls-warnings
  warnings.warn(</msg>
<msg time="2024-05-20T02:29:44.860747" level="INFO">${response} = &lt;Response [200]&gt;</msg>
<var>${response}</var>
<arg>consultarAPI</arg>
<arg>/api</arg>
<doc>Sends a GET request on a previously created HTTP Session.</doc>
<status status="PASS" start="2024-05-20T02:29:44.764308" elapsed="0.096482"/>
</kw>
<kw name="Set Variable" owner="BuiltIn">
<msg time="2024-05-20T02:29:44.861848" level="INFO">${json_data} = {'results': [{'gender': 'female', 'name': {'title': 'Ms', 'first': 'Taahira', 'last': 'Bangera'}, 'location': {'street': {'number': 9755, 'name': 'Naiduthota'}, 'city': 'Amritsar', 'state': 'Manipur',...</msg>
<var>${json_data}</var>
<arg>${response.json()}</arg>
<doc>Returns the given values which can then be assigned to a variables.</doc>
<status status="PASS" start="2024-05-20T02:29:44.861304" elapsed="0.000575"/>
</kw>
<kw name="Log" owner="BuiltIn">
<msg time="2024-05-20T02:29:44.862401" level="INFO">{'results': [{'gender': 'female', 'name': {'title': 'Ms', 'first': 'Taahira', 'last': 'Bangera'}, 'location': {'street': {'number': 9755, 'name': 'Naiduthota'}, 'city': 'Amritsar', 'state': 'Manipur', 'country': 'India', 'postcode': 38546, 'coordinates': {'latitude': '7.9822', 'longitude': '5.4757'}, 'timezone': {'offset': '+10:00', 'description': 'Eastern Australia, Guam, Vladivostok'}}, 'email': 'taahira.bangera@example.com', 'login': {'uuid': 'e1cff909-5399-45ae-b878-a2d86cad5770', 'username': 'lazymouse239', 'password': 'huskies', 'salt': 'pJJuP6nF', 'md5': '6eb80ce23da6a7a0ac73395354eb2561', 'sha1': '23f518273aff8e0f4268e0a9ca278420d2dd6bf3', 'sha256': '3c4b1e22d0c725aee24f5bb47adc32670aa891e798496c29fc1d4e9f96920d44'}, 'dob': {'date': '1993-04-06T22:49:17.394Z', 'age': 31}, 'registered': {'date': '2013-03-10T08:53:30.920Z', 'age': 11}, 'phone': '9683440886', 'cell': '7957198695', 'id': {'name': 'UIDAI', 'value': '663554853454'}, 'picture': {'large': 'https://randomuser.me/api/portraits/women/40.jpg', 'medium': 'https://randomuser.me/api/portraits/med/women/40.jpg', 'thumbnail': 'https://randomuser.me/api/portraits/thumb/women/40.jpg'}, 'nat': 'IN'}], 'info': {'seed': '7b8ee929a6e61951', 'results': 1, 'page': 1, 'version': '1.4'}}</msg>
<arg>${json_data}</arg>
<doc>Logs the given message with the given level.</doc>
<status status="PASS" start="2024-05-20T02:29:44.862231" elapsed="0.000256"/>
</kw>
<kw name="Should Be Equal As Numbers" owner="BuiltIn">
<arg>${json_data['results'][0]['location']['postcode']}</arg>
<arg>${json_data['results'][0]['location']['postcode']}</arg>
<doc>Fails if objects are unequal after converting them to real numbers.</doc>
<status status="PASS" start="2024-05-20T02:29:44.862807" elapsed="0.000861"/>
</kw>
<kw name="Log" owner="BuiltIn">
<msg time="2024-05-20T02:29:44.864225" level="INFO">38546</msg>
<arg>${json_data['results'][0]['location']['postcode']}</arg>
<doc>Logs the given message with the given level.</doc>
<status status="PASS" start="2024-05-20T02:29:44.863882" elapsed="0.000385"/>
</kw>
<status status="PASS" start="2024-05-20T02:29:44.764056" elapsed="0.100505"/>
</kw>
<doc>Testa se os tipos de dados na resposta da API estão corretos.</doc>
<tag>testeTiposDados</tag>
<status status="PASS" start="2024-05-20T02:29:44.675487" elapsed="0.189251"/>
</test>
<test id="s1-s1-t5" name="Validar conteudo" line="35">
<kw name="Teste de Tipos de Conteudo" owner="random-user-service">
<kw name="GET On Session" owner="RequestsLibrary">
<msg time="2024-05-20T02:29:44.964909" level="INFO">GET Request : url=https://randomuser.me/api 
 path_url=/api 
 headers={'User-Agent': 'python-requests/2.31.0', 'Accept-Encoding': 'gzip, deflate', 'Accept': '*/*', 'Connection': 'keep-alive'} 
 body=None 
 </msg>
<msg time="2024-05-20T02:29:44.965017" level="INFO">GET Response : url=https://randomuser.me/api 
 status=200, reason=OK 
 headers={'Date': 'Mon, 20 May 2024 02:29:44 GMT', 'Content-Type': 'application/json; charset=utf-8', 'Transfer-Encoding': 'chunked', 'Connection': 'keep-alive', 'X-Powered-By': 'Express', 'Access-Control-Allow-Origin': '*', 'Cache-Control': 'no-cache', 'ETag': 'W/"482-tBPTFDEZCCUjzg+1lgL72BSj1Wo"', 'Vary': 'Accept-Encoding', 'Content-Encoding': 'gzip', 'CF-Cache-Status': 'DYNAMIC', 'Report-To': '{"endpoints":[{"url":"https:\\/\\/a.nel.cloudflare.com\\/report\\/v4?s=2FiNcxspT%2Ba7pA2jgSVt7ZFKlTflQZm5OlZ1TrlvEkoDmOxJE8PrdXbqhWcDGe4Jcim6%2FFxGvkVq73EO%2FSKJWw9c%2BqAgVhu4uFxnaYCtitvVL%2F8xH1iEVDit9CyyXXXE"}],"group":"cf-nel","max_age":604800}', 'NEL': '{"success_fraction":0,"report_to":"cf-nel","max_age":604800}', 'Server': 'cloudflare', 'CF-RAY': '8868e69b6c228206-IAD', 'alt-svc': 'h3=":443"; ma=86400'} 
 body={"results":[{"gender":"male","name":{"title":"Mr","first":"Barış","last":"Özbey"},"location":{"street":{"number":5195,"name":"Istiklal Cd"},"city":"Sivas","state":"Zonguldak","country":"Turkey","postcode":83711,"coordinates":{"latitude":"67.4528","longitude":"-114.1516"},"timezone":{"offset":"-6:00","description":"Central Time (US &amp; Canada), Mexico City"}},"email":"baris.ozbey@example.com","login":{"uuid":"2f387bdd-a82a-4b4f-bbb7-2281eb1f5c9c","username":"sadladybug260","password":"picks","salt":"QIlPTr9l","md5":"bccb41218d5ac436c83ef2f57280d7ec","sha1":"9b7bedbfa942f2c819428a47ae88f6c9baab9a51","sha256":"c0a0073e1ac215cd89dac9c696634bb73c3a35106cc2fd902d0d83f8a5388100"},"dob":{"date":"1953-10-13T17:44:42.941Z","age":70},"registered":{"date":"2012-06-28T18:42:19.850Z","age":11},"phone":"(871)-937-5759","cell":"(830)-515-6150","id":{"name":"","value":null},"picture":{"large":"https://randomuser.me/api/portraits/men/12.jpg","medium":"https://randomuser.me/api/portraits/med/men/12.jpg","thumbnail":"https://randomuser.me/api/portraits/thumb/men/12.jpg"},"nat":"TR"}],"info":{"seed":"efc18cfcc3ba3e34","results":1,"page":1,"version":"1.4"}} 
 </msg>
<msg time="2024-05-20T02:29:44.965099" level="INFO">/opt/hostedtoolcache/Python/3.12.3/x64/lib/python3.12/site-packages/urllib3/connectionpool.py:1103: InsecureRequestWarning: Unverified HTTPS request is being made to host 'randomuser.me'. Adding certificate verification is strongly advised. See: https://urllib3.readthedocs.io/en/latest/advanced-usage.html#tls-warnings
  warnings.warn(</msg>
<msg time="2024-05-20T02:29:44.965230" level="INFO">${response} = &lt;Response [200]&gt;</msg>
<var>${response}</var>
<arg>consultarAPI</arg>
<arg>/api</arg>
<doc>Sends a GET request on a previously created HTTP Session.</doc>
<status status="PASS" start="2024-05-20T02:29:44.867202" elapsed="0.098072"/>
</kw>
<kw name="Set Variable" owner="BuiltIn">
<msg time="2024-05-20T02:29:44.966352" level="INFO">${json_data} = {'results': [{'gender': 'male', 'name': {'title': 'Mr', 'first': 'Barış', 'last': 'Özbey'}, 'location': {'street': {'number': 5195, 'name': 'Istiklal Cd'}, 'city': 'Sivas', 'state': 'Zonguldak', 'coun...</msg>
<var>${json_data}</var>
<arg>${response.json()}</arg>
<doc>Returns the given values which can then be assigned to a variables.</doc>
<status status="PASS" start="2024-05-20T02:29:44.965812" elapsed="0.000571"/>
</kw>
<kw name="Set Variable" owner="BuiltIn">
<msg time="2024-05-20T02:29:44.967139" level="INFO">${name_title} = Mr</msg>
<var>${name_title}</var>
<arg>${json_data["results"][0]["name"]["title"]}</arg>
<doc>Returns the given values which can then be assigned to a variables.</doc>
<status status="PASS" start="2024-05-20T02:29:44.966733" elapsed="0.000432"/>
</kw>
<kw name="Create List" owner="BuiltIn">
<msg time="2024-05-20T02:29:44.967638" level="INFO">${allowed_titles} = ['Mr', 'Ms', 'Miss', 'Mrs', 'Madame', 'Monsieur']</msg>
<var>${allowed_titles}</var>
<arg>Mr</arg>
<arg>Ms</arg>
<arg>Miss</arg>
<arg>Mrs</arg>
<arg>Madame</arg>
<arg>Monsieur</arg>
<doc>Returns a list containing given items.</doc>
<status status="PASS" start="2024-05-20T02:29:44.967485" elapsed="0.000178"/>
</kw>
<kw name="List Should Contain Value" owner="Collections">
<msg time="2024-05-20T02:29:44.968160" level="INFO">False</msg>
<arg>${allowed_titles}</arg>
<arg>${name_title}</arg>
<doc>Fails if the ``value`` is not found from ``list``.</doc>
<status status="PASS" start="2024-05-20T02:29:44.967982" elapsed="0.000216"/>
</kw>
<kw name="Set Variable" owner="BuiltIn">
<msg time="2024-05-20T02:29:44.968931" level="INFO">${name_country} = TR</msg>
<var>${name_country}</var>
<arg>${json_data["results"][0]["nat"]}</arg>
<doc>Returns the given values which can then be assigned to a variables.</doc>
<status status="PASS" start="2024-05-20T02:29:44.968537" elapsed="0.000420"/>
</kw>
<kw name="Create List" owner="BuiltIn">
<msg time="2024-05-20T02:29:44.969872" level="INFO">${list_country} = ['AD', 'AE', 'AF', 'AG', 'AI', 'AL', 'AM', 'AO', 'AQ', 'AR', 'AS', 'AT', 'AU', 'AW', 'AX', 'AZ', 'BA', 'BB', 'BD', 'BE', 'BF', 'BG', 'BH', 'BI', 'BJ', 'BL', 'BM', 'BN', 'BO', 'BQ', 'BR', 'BS', 'BT', '...</msg>
<var>${list_country}</var>
<arg>AD</arg>
<arg>AE</arg>
<arg>AF</arg>
<arg>AG</arg>
<arg>AI</arg>
<arg>AL</arg>
<arg>AM</arg>
<arg>AO</arg>
<arg>AQ</arg>
<arg>AR</arg>
<arg>AS</arg>
<arg>AT</arg>
<arg>AU</arg>
<arg>AW</arg>
<arg>AX</arg>
<arg>AZ</arg>
<arg>BA</arg>
<arg>BB</arg>
<arg>BD</arg>
<arg>BE</arg>
<arg>BF</arg>
<arg>BG</arg>
<arg>BH</arg>
<arg>BI</arg>
<arg>BJ</arg>
<arg>BL</arg>
<arg>BM</arg>
<arg>BN</arg>
<arg>BO</arg>
<arg>BQ</arg>
<arg>BR</arg>
<arg>BS</arg>
<arg>BT</arg>
<arg>BV</arg>
<arg>BW</arg>
<arg>BY</arg>
<arg>BZ</arg>
<arg>CA</arg>
<arg>CC</arg>
<arg>CD</arg>
<arg>CF</arg>
<arg>CG</arg>
<arg>CH</arg>
<arg>CI</arg>
<arg>CK</arg>
<arg>CL</arg>
<arg>CM</arg>
<arg>CN</arg>
<arg>CO</arg>
<arg>CR</arg>
<arg>CU</arg>
<arg>CV</arg>
<arg>CW</arg>
<arg>CX</arg>
<arg>CY</arg>
<arg>CZ</arg>
<arg>DE</arg>
<arg>DJ</arg>
<arg>DK</arg>
<arg>DM</arg>
<arg>DO</arg>
<arg>DZ</arg>
<arg>EC</arg>
<arg>EE</arg>
<arg>EG</arg>
<arg>EH</arg>
<arg>ER</arg>
<arg>ES</arg>
<arg>ET</arg>
<arg>FI</arg>
<arg>FJ</arg>
<arg>FK</arg>
<arg>FM</arg>
<arg>FO</arg>
<arg>FR</arg>
<arg>GA</arg>
<arg>GB</arg>
<arg>GD</arg>
<arg>GE</arg>
<arg>GF</arg>
<arg>GG</arg>
<arg>GH</arg>
<arg>GI</arg>
<arg>GL</arg>
<arg>GM</arg>
<arg>GN</arg>
<arg>GP</arg>
<arg>GQ</arg>
<arg>GR</arg>
<arg>GS</arg>
<arg>GT</arg>
<arg>GU</arg>
<arg>GW</arg>
<arg>GY</arg>
<arg>HK</arg>
<arg>HM</arg>
<arg>HN</arg>
<arg>HR</arg>
<arg>HT</arg>
<arg>HU</arg>
<arg>ID</arg>
<arg>IE</arg>
<arg>IL</arg>
<arg>IM</arg>
<arg>IN</arg>
<arg>IO</arg>
<arg>IQ</arg>
<arg>IR</arg>
<arg>IS</arg>
<arg>IT</arg>
<arg>JE</arg>
<arg>JM</arg>
<arg>JO</arg>
<arg>JP</arg>
<arg>KE</arg>
<arg>KG</arg>
<arg>KH</arg>
<arg>KI</arg>
<arg>KM</arg>
<arg>KN</arg>
<arg>KP</arg>
<arg>KR</arg>
<arg>KW</arg>
<arg>KY</arg>
<arg>KZ</arg>
<arg>LA</arg>
<arg>LB</arg>
<arg>LC</arg>
<arg>LI</arg>
<arg>LK</arg>
<arg>LR</arg>
<arg>LS</arg>
<arg>LT</arg>
<arg>LU</arg>
<arg>LV</arg>
<arg>LY</arg>
<arg>MA</arg>
<arg>MC</arg>
<arg>MD</arg>
<arg>ME</arg>
<arg>MF</arg>
<arg>MG</arg>
<arg>MH</arg>
<arg>MK</arg>
<arg>ML</arg>
<arg>MM</arg>
<arg>MN</arg>
<arg>MO</arg>
<arg>MP</arg>
<arg>MQ</arg>
<arg>MR</arg>
<arg>MS</arg>
<arg>MT</arg>
<arg>MU</arg>
<arg>MV</arg>
<arg>MW</arg>
<arg>MX</arg>
<arg>MY</arg>
<arg>MZ</arg>
<arg>NA</arg>
<arg>NC</arg>
<arg>NE</arg>
<arg>NF</arg>
<arg>NG</arg>
<arg>NI</arg>
<arg>NL</arg>
<arg>NO</arg>
<arg>NP</arg>
<arg>NR</arg>
<arg>NU</arg>
<arg>NZ</arg>
<arg>OM</arg>
<arg>PA</arg>
<arg>PE</arg>
<arg>PF</arg>
<arg>PG</arg>
<arg>PH</arg>
<arg>PK</arg>
<arg>PL</arg>
<arg>PM</arg>
<arg>PN</arg>
<arg>PR</arg>
<arg>PS</arg>
<arg>PT</arg>
<arg>PW</arg>
<arg>PY</arg>
<arg>QA</arg>
<arg>RE</arg>
<arg>RO</arg>
<arg>RS</arg>
<arg>RU</arg>
<arg>RW</arg>
<arg>SA</arg>
<arg>SB</arg>
<arg>SC</arg>
<arg>SD</arg>
<arg>SE</arg>
<arg>SG</arg>
<arg>SH</arg>
<arg>SI</arg>
<arg>SJ</arg>
<arg>SK</arg>
<arg>SL</arg>
<arg>SM</arg>
<arg>SN</arg>
<arg>SO</arg>
<arg>SR</arg>
<arg>SS</arg>
<arg>ST</arg>
<arg>SV</arg>
<arg>SX</arg>
<arg>SY</arg>
<arg>SZ</arg>
<arg>TC</arg>
<arg>TD</arg>
<arg>TF</arg>
<arg>TG</arg>
<arg>TH</arg>
<arg>TJ</arg>
<arg>TK</arg>
<arg>TL</arg>
<arg>TM</arg>
<arg>TN</arg>
<arg>TO</arg>
<arg>TR</arg>
<arg>TT</arg>
<arg>TV</arg>
<arg>TW</arg>
<arg>TZ</arg>
<arg>UA</arg>
<arg>UG</arg>
<arg>UM</arg>
<arg>US</arg>
<arg>UY</arg>
<arg>UZ</arg>
<arg>VA</arg>
<arg>VC</arg>
<arg>VE</arg>
<arg>VG</arg>
<arg>VI</arg>
<arg>VN</arg>
<arg>VU</arg>
<arg>WF</arg>
<arg>WS</arg>
<arg>XK</arg>
<arg>YE</arg>
<arg>YT</arg>
<arg>ZA</arg>
<arg>ZM</arg>
<arg>ZW</arg>
<doc>Returns a list containing given items.</doc>
<status status="PASS" start="2024-05-20T02:29:44.969268" elapsed="0.000630"/>
</kw>
<kw name="List Should Contain Value" owner="Collections">
<msg time="2024-05-20T02:29:44.970921" level="INFO">False</msg>
<arg>${list_country}</arg>
<arg>${name_country}</arg>
<doc>Fails if the ``value`` is not found from ``list``.</doc>
<status status="PASS" start="2024-05-20T02:29:44.970709" elapsed="0.000249"/>
</kw>
<kw name="Run Keyword If" owner="BuiltIn">
<kw name="Should Be True" owner="BuiltIn">
<arg>${True}</arg>
<doc>Fails if the given condition is not true.</doc>
<status status="PASS" start="2024-05-20T02:29:44.972046" elapsed="0.000147"/>
</kw>
<arg>${json_data["results"][0]["location"]["coordinates"]["latitude"]} &gt;= -90 and ${json_data["results"][0]["location"]["coordinates"]["latitude"]} &lt;= 90</arg>
<arg>Should Be True</arg>
<arg>${True}</arg>
<doc>Runs the given keyword with the given arguments, if ``condition`` is true.</doc>
<status status="PASS" start="2024-05-20T02:29:44.971275" elapsed="0.001085"/>
</kw>
<kw name="Run Keyword If" owner="BuiltIn">
<kw name="Should Be True" owner="BuiltIn">
<arg>${True}</arg>
<doc>Fails if the given condition is not true.</doc>
<status status="PASS" start="2024-05-20T02:29:44.973257" elapsed="0.000268"/>
</kw>
<arg>${json_data["results"][0]["location"]["coordinates"]["longitude"]} &gt;= -180 and ${json_data["results"][0]["location"]["coordinates"]["longitude"]} &lt;= 180</arg>
<arg>Should Be True</arg>
<arg>${True}</arg>
<doc>Runs the given keyword with the given arguments, if ``condition`` is true.</doc>
<status status="PASS" start="2024-05-20T02:29:44.972560" elapsed="0.001092"/>
</kw>
<status status="PASS" start="2024-05-20T02:29:44.866969" elapsed="0.106820"/>
</kw>
<doc>Testa o conteúdo específico dos campos retornados pela API.</doc>
<tag>testeConteudo</tag>
<status status="PASS" start="2024-05-20T02:29:44.866515" elapsed="0.107429"/>
</test>
<status status="PASS" start="2024-05-20T02:29:44.185355" elapsed="0.790543"/>
</suite>
<status status="PASS" start="2024-05-20T02:29:44.171704" elapsed="0.809431"/>
</suite>
<statistics>
<total>
<stat pass="5" fail="0" skip="0">All Tests</stat>
</total>
<tag>
<stat pass="1" fail="0" skip="0">testeConteudo</stat>
<stat pass="1" fail="0" skip="0">testeEstruturaResposta</stat>
<stat pass="1" fail="0" skip="0">testeRequisicaoBasica</stat>
<stat pass="1" fail="0" skip="0">testeTiposDados</stat>
</tag>
<suite>
<stat pass="5" fail="0" skip="0" id="s1" name="Tests">Tests</stat>
<stat pass="5" fail="0" skip="0" id="s1-s1" name="Random-User-Test">Tests.Random-User-Test</stat>
</suite>
</statistics>
<errors>
</errors>
</robot>
