<?xml version="1.0" encoding="UTF-8"?>
<robot generator="Robot 7.0.1 (Python 3.12.4 on linux)" generated="2024-07-19T07:15:50.076261" rpa="false" schemaversion="5">
<suite id="s1" name="Tests" source="/home/runner/work/ApiRandomUser/ApiRandomUser/RamdonUser/tests">
<suite id="s1-s1" name="Random-User-Test" source="/home/runner/work/ApiRandomUser/ApiRandomUser/RamdonUser/tests/random-user-test.robot">
<test id="s1-s1-t1" name="Conectar" line="13">
<kw name="Conectar API" owner="random-user-service">
<kw name="Create Session" owner="RequestsLibrary">
<msg time="2024-07-19T07:15:50.488115" level="INFO">Creating Session using : alias=consultarAPI, url=https://randomuser.me/, headers={},                     cookies={}, auth=None, timeout=None, proxies=None, verify=False,                     debug=0 </msg>
<arg>consultarAPI</arg>
<arg>${URL}</arg>
<doc>Create Session: create a HTTP session to a server</doc>
<status status="PASS" start="2024-07-19T07:15:50.487920" elapsed="0.000392"/>
</kw>
<status status="PASS" start="2024-07-19T07:15:50.486860" elapsed="0.001847"/>
</kw>
<status status="PASS" start="2024-07-19T07:15:50.486223" elapsed="0.002680"/>
</test>
<test id="s1-s1-t2" name="Validar retorno 200 e JSON Válido" line="16">
<kw name="Teste de Requisicao Basica" owner="random-user-service">
<kw name="GET On Session" owner="RequestsLibrary">
<msg time="2024-07-19T07:15:50.690447" level="INFO">GET Request : url=https://randomuser.me/api 
 path_url=/api 
 headers={'User-Agent': 'python-requests/2.32.3', 'Accept-Encoding': 'gzip, deflate', 'Accept': '*/*', 'Connection': 'keep-alive'} 
 body=None 
 </msg>
<msg time="2024-07-19T07:15:50.690612" level="INFO">GET Response : url=https://randomuser.me/api 
 status=200, reason=OK 
 headers={'Date': 'Fri, 19 Jul 2024 07:15:50 GMT', 'Content-Type': 'application/json; charset=utf-8', 'Transfer-Encoding': 'chunked', 'Connection': 'keep-alive', 'X-Powered-By': 'Express', 'Access-Control-Allow-Origin': '*', 'Cache-Control': 'no-cache', 'ETag': 'W/"492-ALn5Xy/ARNMTGp9lS6BjxJsjc2Q"', 'Vary': 'Accept-Encoding', 'Content-Encoding': 'gzip', 'CF-Cache-Status': 'DYNAMIC', 'Report-To': '{"endpoints":[{"url":"https:\\/\\/a.nel.cloudflare.com\\/report\\/v4?s=feoqV21T%2BbbFbUbtf5WfCnLMSRbhW0BUCliPPF4B464eOgaP7Zo9Tzk8PLY3L99JAN%2Fx%2FkFUnC0ycTirQh7i49ZAAwNeAGDeyRe2crNvmA1kcla3%2BS5g3RMr6QfehLAE"}],"group":"cf-nel","max_age":604800}', 'NEL': '{"success_fraction":0,"report_to":"cf-nel","max_age":604800}', 'Server': 'cloudflare', 'CF-RAY': '8a58ec310934840a-LAX', 'alt-svc': 'h3=":443"; ma=86400'} 
 body={"results":[{"gender":"female","name":{"title":"Miss","first":"Jessica","last":"Moore"},"location":{"street":{"number":8795,"name":"Beach Road"},"city":"Blenheim","state":"West Coast","country":"New Zealand","postcode":84458,"coordinates":{"latitude":"50.6951","longitude":"50.4084"},"timezone":{"offset":"-6:00","description":"Central Time (US &amp; Canada), Mexico City"}},"email":"jessica.moore@example.com","login":{"uuid":"7833e11f-db3b-4c99-98f7-2bbaa0c94101","username":"heavydog761","password":"wildone","salt":"RmQWJLMH","md5":"d98280242ea97f4b862353c15e75da38","sha1":"affbfe0dfafcf3a8e5ec4064f82b995b55ada6bf","sha256":"b46cc56d59090050ca7b56d847ad8303a06cd869314140acbbfa9080eae68688"},"dob":{"date":"1984-11-22T10:04:20.056Z","age":39},"registered":{"date":"2015-05-04T11:53:48.713Z","age":9},"phone":"(075)-200-1539","cell":"(295)-622-0800","id":{"name":"","value":null},"picture":{"large":"https://randomuser.me/api/portraits/women/64.jpg","medium":"https://randomuser.me/api/portraits/med/women/64.jpg","thumbnail":"https://randomuser.me/api/portraits/thumb/women/64.jpg"},"nat":"NZ"}],"info":{"seed":"ff81dac83d344abd","results":1,"page":1,"version":"1.4"}} 
 </msg>
<msg time="2024-07-19T07:15:50.690695" level="INFO">/opt/hostedtoolcache/Python/3.12.4/x64/lib/python3.12/site-packages/urllib3/connectionpool.py:1099: InsecureRequestWarning: Unverified HTTPS request is being made to host 'randomuser.me'. Adding certificate verification is strongly advised. See: https://urllib3.readthedocs.io/en/latest/advanced-usage.html#tls-warnings
  warnings.warn(</msg>
<msg time="2024-07-19T07:15:50.690859" level="INFO">${response} = &lt;Response [200]&gt;</msg>
<var>${response}</var>
<arg>consultarAPI</arg>
<arg>/api</arg>
<doc>Sends a GET request on a previously created HTTP Session.</doc>
<status status="PASS" start="2024-07-19T07:15:50.491560" elapsed="0.199343"/>
</kw>
<kw name="Should Be Equal As Numbers" owner="BuiltIn">
<msg time="2024-07-19T07:15:50.692072" level="INFO">Argument types are:
&lt;class 'int'&gt;
&lt;class 'str'&gt;</msg>
<arg>${response.status_code}</arg>
<arg>200</arg>
<doc>Fails if objects are unequal after converting them to real numbers.</doc>
<status status="PASS" start="2024-07-19T07:15:50.691590" elapsed="0.000550"/>
</kw>
<kw name="Log" owner="BuiltIn">
<msg time="2024-07-19T07:15:50.692961" level="INFO">200</msg>
<arg>${response.status_code}</arg>
<doc>Logs the given message with the given level.</doc>
<status status="PASS" start="2024-07-19T07:15:50.692521" elapsed="0.000486"/>
</kw>
<kw name="Set Variable" owner="BuiltIn">
<msg time="2024-07-19T07:15:50.693821" level="INFO">${json_data} = {'results': [{'gender': 'female', 'name': {'title': 'Miss', 'first': 'Jessica', 'last': 'Moore'}, 'location': {'street': {'number': 8795, 'name': 'Beach Road'}, 'city': 'Blenheim', 'state': 'West Coas...</msg>
<var>${json_data}</var>
<arg>${response.json()}</arg>
<doc>Returns the given values which can then be assigned to a variables.</doc>
<status status="PASS" start="2024-07-19T07:15:50.693352" elapsed="0.000499"/>
</kw>
<kw name="Dictionary Should Contain Key" owner="Collections">
<arg>${json_data}</arg>
<arg>results</arg>
<doc>Fails if ``key`` is not found from ``dictionary``.</doc>
<status status="PASS" start="2024-07-19T07:15:50.694181" elapsed="0.000360"/>
</kw>
<status status="PASS" start="2024-07-19T07:15:50.491313" elapsed="0.203386"/>
</kw>
<doc>Testa se a API responde corretamente e retorna um objeto JSON válido.</doc>
<tag>testeRequisicaoBasica</tag>
<status status="PASS" start="2024-07-19T07:15:50.490791" elapsed="0.204086"/>
</test>
<test id="s1-s1-t3" name="Validar estrutura de resposta" line="22">
<kw name="Teste de Estrutura de Resposta" owner="random-user-service">
<kw name="GET On Session" owner="RequestsLibrary">
<msg time="2024-07-19T07:15:50.803535" level="INFO">GET Request : url=https://randomuser.me/api 
 path_url=/api 
 headers={'User-Agent': 'python-requests/2.32.3', 'Accept-Encoding': 'gzip, deflate', 'Accept': '*/*', 'Connection': 'keep-alive'} 
 body=None 
 </msg>
<msg time="2024-07-19T07:15:50.803647" level="INFO">GET Response : url=https://randomuser.me/api 
 status=200, reason=OK 
 headers={'Date': 'Fri, 19 Jul 2024 07:15:50 GMT', 'Content-Type': 'application/json; charset=utf-8', 'Transfer-Encoding': 'chunked', 'Connection': 'keep-alive', 'X-Powered-By': 'Express', 'Access-Control-Allow-Origin': '*', 'Cache-Control': 'no-cache', 'ETag': 'W/"48f-pcfWg27Jux3iYL4yyS1S1/eeNVI"', 'Vary': 'Accept-Encoding', 'Content-Encoding': 'gzip', 'CF-Cache-Status': 'DYNAMIC', 'Report-To': '{"endpoints":[{"url":"https:\\/\\/a.nel.cloudflare.com\\/report\\/v4?s=rYt%2BLuwf6Spk5Q3w%2BmLcNVNruEJFy7%2BQLbO5pHUwe%2Bn4ZLBIkkIettswTLerXy0r1a6ylnRuQlGbsHEh0OZvFQCql6TRaD4wc6ncNP%2FM13NvaKLM%2By%2FqT9JKT72zOyrN"}],"group":"cf-nel","max_age":604800}', 'NEL': '{"success_fraction":0,"report_to":"cf-nel","max_age":604800}', 'Server': 'cloudflare', 'CF-RAY': '8a58ec31e9f3840a-LAX', 'alt-svc': 'h3=":443"; ma=86400'} 
 body={"results":[{"gender":"female","name":{"title":"Mrs","first":"Julia","last":"Chambers"},"location":{"street":{"number":8013,"name":"Henry Street"},"city":"Dunboyne","state":"Cavan","country":"Ireland","postcode":59654,"coordinates":{"latitude":"-2.0935","longitude":"76.5800"},"timezone":{"offset":"+10:00","description":"Eastern Australia, Guam, Vladivostok"}},"email":"julia.chambers@example.com","login":{"uuid":"72afc450-8b3f-4acf-bfaa-5ea6c414651e","username":"redgoose895","password":"ninja1","salt":"Sp7MU707","md5":"83d795790fea6fc8a7a4231f20349d08","sha1":"3fd6fd4c795f848754de83725db7d6467463407f","sha256":"8f6e484a33e60dfe173802eb7e77097c9d2ead814ce24eeffc55f1a3bc2e5acf"},"dob":{"date":"1980-08-20T16:48:29.240Z","age":43},"registered":{"date":"2010-05-07T00:27:22.268Z","age":14},"phone":"031-124-3098","cell":"081-847-6829","id":{"name":"PPS","value":"8355840T"},"picture":{"large":"https://randomuser.me/api/portraits/women/74.jpg","medium":"https://randomuser.me/api/portraits/med/women/74.jpg","thumbnail":"https://randomuser.me/api/portraits/thumb/women/74.jpg"},"nat":"IE"}],"info":{"seed":"43013153a9831799","results":1,"page":1,"version":"1.4"}} 
 </msg>
<msg time="2024-07-19T07:15:50.803797" level="INFO">/opt/hostedtoolcache/Python/3.12.4/x64/lib/python3.12/site-packages/urllib3/connectionpool.py:1099: InsecureRequestWarning: Unverified HTTPS request is being made to host 'randomuser.me'. Adding certificate verification is strongly advised. See: https://urllib3.readthedocs.io/en/latest/advanced-usage.html#tls-warnings
  warnings.warn(</msg>
<msg time="2024-07-19T07:15:50.803963" level="INFO">${response} = &lt;Response [200]&gt;</msg>
<var>${response}</var>
<arg>consultarAPI</arg>
<arg>/api</arg>
<doc>Sends a GET request on a previously created HTTP Session.</doc>
<status status="PASS" start="2024-07-19T07:15:50.697693" elapsed="0.106324"/>
</kw>
<kw name="Set Variable" owner="BuiltIn">
<msg time="2024-07-19T07:15:50.805205" level="INFO">${json_data} = {'results': [{'gender': 'female', 'name': {'title': 'Mrs', 'first': 'Julia', 'last': 'Chambers'}, 'location': {'street': {'number': 8013, 'name': 'Henry Street'}, 'city': 'Dunboyne', 'state': 'Cavan',...</msg>
<var>${json_data}</var>
<arg>${response.json()}</arg>
<doc>Returns the given values which can then be assigned to a variables.</doc>
<status status="PASS" start="2024-07-19T07:15:50.804645" elapsed="0.000591"/>
</kw>
<kw name="Log" owner="BuiltIn">
<msg time="2024-07-19T07:15:50.805795" level="INFO">{'results': [{'gender': 'female', 'name': {'title': 'Mrs', 'first': 'Julia', 'last': 'Chambers'}, 'location': {'street': {'number': 8013, 'name': 'Henry Street'}, 'city': 'Dunboyne', 'state': 'Cavan', 'country': 'Ireland', 'postcode': 59654, 'coordinates': {'latitude': '-2.0935', 'longitude': '76.5800'}, 'timezone': {'offset': '+10:00', 'description': 'Eastern Australia, Guam, Vladivostok'}}, 'email': 'julia.chambers@example.com', 'login': {'uuid': '72afc450-8b3f-4acf-bfaa-5ea6c414651e', 'username': 'redgoose895', 'password': 'ninja1', 'salt': 'Sp7MU707', 'md5': '83d795790fea6fc8a7a4231f20349d08', 'sha1': '3fd6fd4c795f848754de83725db7d6467463407f', 'sha256': '8f6e484a33e60dfe173802eb7e77097c9d2ead814ce24eeffc55f1a3bc2e5acf'}, 'dob': {'date': '1980-08-20T16:48:29.240Z', 'age': 43}, 'registered': {'date': '2010-05-07T00:27:22.268Z', 'age': 14}, 'phone': '031-124-3098', 'cell': '081-847-6829', 'id': {'name': 'PPS', 'value': '8355840T'}, 'picture': {'large': 'https://randomuser.me/api/portraits/women/74.jpg', 'medium': 'https://randomuser.me/api/portraits/med/women/74.jpg', 'thumbnail': 'https://randomuser.me/api/portraits/thumb/women/74.jpg'}, 'nat': 'IE'}], 'info': {'seed': '43013153a9831799', 'results': 1, 'page': 1, 'version': '1.4'}}</msg>
<arg>${json_data}</arg>
<doc>Logs the given message with the given level.</doc>
<status status="PASS" start="2024-07-19T07:15:50.805609" elapsed="0.000237"/>
</kw>
<kw name="Dictionary Should Contain Key" owner="Collections">
<arg>${json_data}</arg>
<arg>results</arg>
<doc>Fails if ``key`` is not found from ``dictionary``.</doc>
<status status="PASS" start="2024-07-19T07:15:50.806162" elapsed="0.000172"/>
</kw>
<kw name="Should Not Be Empty" owner="BuiltIn">
<msg time="2024-07-19T07:15:50.806657" level="INFO">Length is 2.</msg>
<arg>${json_data}</arg>
<doc>Verifies that the given item is not empty.</doc>
<status status="PASS" start="2024-07-19T07:15:50.806528" elapsed="0.000173"/>
</kw>
<kw name="Create List" owner="BuiltIn">
<msg time="2024-07-19T07:15:50.807154" level="INFO">${expected_keys} = ['gender', 'name', 'location', 'email', 'login']</msg>
<var>${expected_keys}</var>
<arg>gender</arg>
<arg>name</arg>
<arg>location</arg>
<arg>email</arg>
<arg>login</arg>
<doc>Returns a list containing given items.</doc>
<status status="PASS" start="2024-07-19T07:15:50.806997" elapsed="0.000182"/>
</kw>
<for flavor="IN">
<iter>
<kw name="Dictionary Should Contain Key" owner="Collections">
<arg>${json_data['results'][0]}</arg>
<arg>${key}</arg>
<doc>Fails if ``key`` is not found from ``dictionary``.</doc>
<status status="PASS" start="2024-07-19T07:15:50.807793" elapsed="0.000437"/>
</kw>
<kw name="Log" owner="BuiltIn">
<msg time="2024-07-19T07:15:50.808846" level="INFO">{'gender': 'female', 'name': {'title': 'Mrs', 'first': 'Julia', 'last': 'Chambers'}, 'location': {'street': {'number': 8013, 'name': 'Henry Street'}, 'city': 'Dunboyne', 'state': 'Cavan', 'country': 'Ireland', 'postcode': 59654, 'coordinates': {'latitude': '-2.0935', 'longitude': '76.5800'}, 'timezone': {'offset': '+10:00', 'description': 'Eastern Australia, Guam, Vladivostok'}}, 'email': 'julia.chambers@example.com', 'login': {'uuid': '72afc450-8b3f-4acf-bfaa-5ea6c414651e', 'username': 'redgoose895', 'password': 'ninja1', 'salt': 'Sp7MU707', 'md5': '83d795790fea6fc8a7a4231f20349d08', 'sha1': '3fd6fd4c795f848754de83725db7d6467463407f', 'sha256': '8f6e484a33e60dfe173802eb7e77097c9d2ead814ce24eeffc55f1a3bc2e5acf'}, 'dob': {'date': '1980-08-20T16:48:29.240Z', 'age': 43}, 'registered': {'date': '2010-05-07T00:27:22.268Z', 'age': 14}, 'phone': '031-124-3098', 'cell': '081-847-6829', 'id': {'name': 'PPS', 'value': '8355840T'}, 'picture': {'large': 'https://randomuser.me/api/portraits/women/74.jpg', 'medium': 'https://randomuser.me/api/portraits/med/women/74.jpg', 'thumbnail': 'https://randomuser.me/api/portraits/thumb/women/74.jpg'}, 'nat': 'IE'}</msg>
<arg>${json_data['results'][0]}</arg>
<doc>Logs the given message with the given level.</doc>
<status status="PASS" start="2024-07-19T07:15:50.808423" elapsed="0.000478"/>
</kw>
<kw name="Log" owner="BuiltIn">
<msg time="2024-07-19T07:15:50.809349" level="INFO">gender</msg>
<arg>${key}</arg>
<doc>Logs the given message with the given level.</doc>
<status status="PASS" start="2024-07-19T07:15:50.809215" elapsed="0.000173"/>
</kw>
<var name="${key}">gender</var>
<status status="PASS" start="2024-07-19T07:15:50.807658" elapsed="0.001956"/>
</iter>
<iter>
<kw name="Dictionary Should Contain Key" owner="Collections">
<arg>${json_data['results'][0]}</arg>
<arg>${key}</arg>
<doc>Fails if ``key`` is not found from ``dictionary``.</doc>
<status status="PASS" start="2024-07-19T07:15:50.809924" elapsed="0.000402"/>
</kw>
<kw name="Log" owner="BuiltIn">
<msg time="2024-07-19T07:15:50.810870" level="INFO">{'gender': 'female', 'name': {'title': 'Mrs', 'first': 'Julia', 'last': 'Chambers'}, 'location': {'street': {'number': 8013, 'name': 'Henry Street'}, 'city': 'Dunboyne', 'state': 'Cavan', 'country': 'Ireland', 'postcode': 59654, 'coordinates': {'latitude': '-2.0935', 'longitude': '76.5800'}, 'timezone': {'offset': '+10:00', 'description': 'Eastern Australia, Guam, Vladivostok'}}, 'email': 'julia.chambers@example.com', 'login': {'uuid': '72afc450-8b3f-4acf-bfaa-5ea6c414651e', 'username': 'redgoose895', 'password': 'ninja1', 'salt': 'Sp7MU707', 'md5': '83d795790fea6fc8a7a4231f20349d08', 'sha1': '3fd6fd4c795f848754de83725db7d6467463407f', 'sha256': '8f6e484a33e60dfe173802eb7e77097c9d2ead814ce24eeffc55f1a3bc2e5acf'}, 'dob': {'date': '1980-08-20T16:48:29.240Z', 'age': 43}, 'registered': {'date': '2010-05-07T00:27:22.268Z', 'age': 14}, 'phone': '031-124-3098', 'cell': '081-847-6829', 'id': {'name': 'PPS', 'value': '8355840T'}, 'picture': {'large': 'https://randomuser.me/api/portraits/women/74.jpg', 'medium': 'https://randomuser.me/api/portraits/med/women/74.jpg', 'thumbnail': 'https://randomuser.me/api/portraits/thumb/women/74.jpg'}, 'nat': 'IE'}</msg>
<arg>${json_data['results'][0]}</arg>
<doc>Logs the given message with the given level.</doc>
<status status="PASS" start="2024-07-19T07:15:50.810509" elapsed="0.000446"/>
</kw>
<kw name="Log" owner="BuiltIn">
<msg time="2024-07-19T07:15:50.811396" level="INFO">name</msg>
<arg>${key}</arg>
<doc>Logs the given message with the given level.</doc>
<status status="PASS" start="2024-07-19T07:15:50.811265" elapsed="0.000170"/>
</kw>
<var name="${key}">name</var>
<status status="PASS" start="2024-07-19T07:15:50.809809" elapsed="0.001847"/>
</iter>
<iter>
<kw name="Dictionary Should Contain Key" owner="Collections">
<arg>${json_data['results'][0]}</arg>
<arg>${key}</arg>
<doc>Fails if ``key`` is not found from ``dictionary``.</doc>
<status status="PASS" start="2024-07-19T07:15:50.811950" elapsed="0.000386"/>
</kw>
<kw name="Log" owner="BuiltIn">
<msg time="2024-07-19T07:15:50.812923" level="INFO">{'gender': 'female', 'name': {'title': 'Mrs', 'first': 'Julia', 'last': 'Chambers'}, 'location': {'street': {'number': 8013, 'name': 'Henry Street'}, 'city': 'Dunboyne', 'state': 'Cavan', 'country': 'Ireland', 'postcode': 59654, 'coordinates': {'latitude': '-2.0935', 'longitude': '76.5800'}, 'timezone': {'offset': '+10:00', 'description': 'Eastern Australia, Guam, Vladivostok'}}, 'email': 'julia.chambers@example.com', 'login': {'uuid': '72afc450-8b3f-4acf-bfaa-5ea6c414651e', 'username': 'redgoose895', 'password': 'ninja1', 'salt': 'Sp7MU707', 'md5': '83d795790fea6fc8a7a4231f20349d08', 'sha1': '3fd6fd4c795f848754de83725db7d6467463407f', 'sha256': '8f6e484a33e60dfe173802eb7e77097c9d2ead814ce24eeffc55f1a3bc2e5acf'}, 'dob': {'date': '1980-08-20T16:48:29.240Z', 'age': 43}, 'registered': {'date': '2010-05-07T00:27:22.268Z', 'age': 14}, 'phone': '031-124-3098', 'cell': '081-847-6829', 'id': {'name': 'PPS', 'value': '8355840T'}, 'picture': {'large': 'https://randomuser.me/api/portraits/women/74.jpg', 'medium': 'https://randomuser.me/api/portraits/med/women/74.jpg', 'thumbnail': 'https://randomuser.me/api/portraits/thumb/women/74.jpg'}, 'nat': 'IE'}</msg>
<arg>${json_data['results'][0]}</arg>
<doc>Logs the given message with the given level.</doc>
<status status="PASS" start="2024-07-19T07:15:50.812525" elapsed="0.000449"/>
</kw>
<kw name="Log" owner="BuiltIn">
<msg time="2024-07-19T07:15:50.813396" level="INFO">location</msg>
<arg>${key}</arg>
<doc>Logs the given message with the given level.</doc>
<status status="PASS" start="2024-07-19T07:15:50.813270" elapsed="0.000164"/>
</kw>
<var name="${key}">location</var>
<status status="PASS" start="2024-07-19T07:15:50.811838" elapsed="0.001809"/>
</iter>
<iter>
<kw name="Dictionary Should Contain Key" owner="Collections">
<arg>${json_data['results'][0]}</arg>
<arg>${key}</arg>
<doc>Fails if ``key`` is not found from ``dictionary``.</doc>
<status status="PASS" start="2024-07-19T07:15:50.813928" elapsed="0.000389"/>
</kw>
<kw name="Log" owner="BuiltIn">
<msg time="2024-07-19T07:15:50.814996" level="INFO">{'gender': 'female', 'name': {'title': 'Mrs', 'first': 'Julia', 'last': 'Chambers'}, 'location': {'street': {'number': 8013, 'name': 'Henry Street'}, 'city': 'Dunboyne', 'state': 'Cavan', 'country': 'Ireland', 'postcode': 59654, 'coordinates': {'latitude': '-2.0935', 'longitude': '76.5800'}, 'timezone': {'offset': '+10:00', 'description': 'Eastern Australia, Guam, Vladivostok'}}, 'email': 'julia.chambers@example.com', 'login': {'uuid': '72afc450-8b3f-4acf-bfaa-5ea6c414651e', 'username': 'redgoose895', 'password': 'ninja1', 'salt': 'Sp7MU707', 'md5': '83d795790fea6fc8a7a4231f20349d08', 'sha1': '3fd6fd4c795f848754de83725db7d6467463407f', 'sha256': '8f6e484a33e60dfe173802eb7e77097c9d2ead814ce24eeffc55f1a3bc2e5acf'}, 'dob': {'date': '1980-08-20T16:48:29.240Z', 'age': 43}, 'registered': {'date': '2010-05-07T00:27:22.268Z', 'age': 14}, 'phone': '031-124-3098', 'cell': '081-847-6829', 'id': {'name': 'PPS', 'value': '8355840T'}, 'picture': {'large': 'https://randomuser.me/api/portraits/women/74.jpg', 'medium': 'https://randomuser.me/api/portraits/med/women/74.jpg', 'thumbnail': 'https://randomuser.me/api/portraits/thumb/women/74.jpg'}, 'nat': 'IE'}</msg>
<arg>${json_data['results'][0]}</arg>
<doc>Logs the given message with the given level.</doc>
<status status="PASS" start="2024-07-19T07:15:50.814639" elapsed="0.000406"/>
</kw>
<kw name="Log" owner="BuiltIn">
<msg time="2024-07-19T07:15:50.815470" level="INFO">email</msg>
<arg>${key}</arg>
<doc>Logs the given message with the given level.</doc>
<status status="PASS" start="2024-07-19T07:15:50.815341" elapsed="0.000168"/>
</kw>
<var name="${key}">email</var>
<status status="PASS" start="2024-07-19T07:15:50.813821" elapsed="0.001905"/>
</iter>
<iter>
<kw name="Dictionary Should Contain Key" owner="Collections">
<arg>${json_data['results'][0]}</arg>
<arg>${key}</arg>
<doc>Fails if ``key`` is not found from ``dictionary``.</doc>
<status status="PASS" start="2024-07-19T07:15:50.816011" elapsed="0.000379"/>
</kw>
<kw name="Log" owner="BuiltIn">
<msg time="2024-07-19T07:15:50.816962" level="INFO">{'gender': 'female', 'name': {'title': 'Mrs', 'first': 'Julia', 'last': 'Chambers'}, 'location': {'street': {'number': 8013, 'name': 'Henry Street'}, 'city': 'Dunboyne', 'state': 'Cavan', 'country': 'Ireland', 'postcode': 59654, 'coordinates': {'latitude': '-2.0935', 'longitude': '76.5800'}, 'timezone': {'offset': '+10:00', 'description': 'Eastern Australia, Guam, Vladivostok'}}, 'email': 'julia.chambers@example.com', 'login': {'uuid': '72afc450-8b3f-4acf-bfaa-5ea6c414651e', 'username': 'redgoose895', 'password': 'ninja1', 'salt': 'Sp7MU707', 'md5': '83d795790fea6fc8a7a4231f20349d08', 'sha1': '3fd6fd4c795f848754de83725db7d6467463407f', 'sha256': '8f6e484a33e60dfe173802eb7e77097c9d2ead814ce24eeffc55f1a3bc2e5acf'}, 'dob': {'date': '1980-08-20T16:48:29.240Z', 'age': 43}, 'registered': {'date': '2010-05-07T00:27:22.268Z', 'age': 14}, 'phone': '031-124-3098', 'cell': '081-847-6829', 'id': {'name': 'PPS', 'value': '8355840T'}, 'picture': {'large': 'https://randomuser.me/api/portraits/women/74.jpg', 'medium': 'https://randomuser.me/api/portraits/med/women/74.jpg', 'thumbnail': 'https://randomuser.me/api/portraits/thumb/women/74.jpg'}, 'nat': 'IE'}</msg>
<arg>${json_data['results'][0]}</arg>
<doc>Logs the given message with the given level.</doc>
<status status="PASS" start="2024-07-19T07:15:50.816576" elapsed="0.000435"/>
</kw>
<kw name="Log" owner="BuiltIn">
<msg time="2024-07-19T07:15:50.817437" level="INFO">login</msg>
<arg>${key}</arg>
<doc>Logs the given message with the given level.</doc>
<status status="PASS" start="2024-07-19T07:15:50.817309" elapsed="0.000166"/>
</kw>
<var name="${key}">login</var>
<status status="PASS" start="2024-07-19T07:15:50.815902" elapsed="0.001792"/>
</iter>
<var>${key}</var>
<value>@{expected_keys}</value>
<status status="PASS" start="2024-07-19T07:15:50.807455" elapsed="0.010360"/>
</for>
<kw name="Create List" owner="BuiltIn">
<msg time="2024-07-19T07:15:50.818146" level="INFO">${expected_keysTwo} = ['username', 'password']</msg>
<var>${expected_keysTwo}</var>
<arg>username</arg>
<arg>password</arg>
<doc>Returns a list containing given items.</doc>
<status status="PASS" start="2024-07-19T07:15:50.818010" elapsed="0.000192"/>
</kw>
<for flavor="IN">
<iter>
<kw name="Dictionary Should Contain Key" owner="Collections">
<arg>${json_data['results'][0]['login']}</arg>
<arg>${keyTwo}</arg>
<doc>Fails if ``key`` is not found from ``dictionary``.</doc>
<status status="PASS" start="2024-07-19T07:15:50.818718" elapsed="0.000385"/>
</kw>
<kw name="Dictionary Should Contain Key" owner="Collections">
<arg>${json_data['results'][0]['login']}</arg>
<arg>${keyTwo}</arg>
<doc>Fails if ``key`` is not found from ``dictionary``.</doc>
<status status="PASS" start="2024-07-19T07:15:50.819286" elapsed="0.000380"/>
</kw>
<kw name="Log" owner="BuiltIn">
<msg time="2024-07-19T07:15:50.819963" level="INFO">username</msg>
<arg>${keyTwo}</arg>
<doc>Logs the given message with the given level.</doc>
<status status="PASS" start="2024-07-19T07:15:50.819844" elapsed="0.000157"/>
</kw>
<var name="${keyTwo}">username</var>
<status status="PASS" start="2024-07-19T07:15:50.818610" elapsed="0.001612"/>
</iter>
<iter>
<kw name="Dictionary Should Contain Key" owner="Collections">
<arg>${json_data['results'][0]['login']}</arg>
<arg>${keyTwo}</arg>
<doc>Fails if ``key`` is not found from ``dictionary``.</doc>
<status status="PASS" start="2024-07-19T07:15:50.820505" elapsed="0.000422"/>
</kw>
<kw name="Dictionary Should Contain Key" owner="Collections">
<arg>${json_data['results'][0]['login']}</arg>
<arg>${keyTwo}</arg>
<doc>Fails if ``key`` is not found from ``dictionary``.</doc>
<status status="PASS" start="2024-07-19T07:15:50.821113" elapsed="0.000375"/>
</kw>
<kw name="Log" owner="BuiltIn">
<msg time="2024-07-19T07:15:50.821787" level="INFO">password</msg>
<arg>${keyTwo}</arg>
<doc>Logs the given message with the given level.</doc>
<status status="PASS" start="2024-07-19T07:15:50.821664" elapsed="0.000161"/>
</kw>
<var name="${keyTwo}">password</var>
<status status="PASS" start="2024-07-19T07:15:50.820394" elapsed="0.001652"/>
</iter>
<var>${keyTwo}</var>
<value>@{expected_keysTwo}</value>
<status status="PASS" start="2024-07-19T07:15:50.818452" elapsed="0.003718"/>
</for>
<status status="PASS" start="2024-07-19T07:15:50.697440" elapsed="0.124876"/>
</kw>
<doc>Testa a estrutura da resposta da API.</doc>
<tag>testeEstruturaResposta</tag>
<status status="PASS" start="2024-07-19T07:15:50.696806" elapsed="0.125672"/>
</test>
<test id="s1-s1-t4" name="Validar tipos de dados" line="28">
<kw name="Teste de Tipos de Dados" owner="random-user-service">
<kw name="GET On Session" owner="RequestsLibrary">
<msg time="2024-07-19T07:15:50.952873" level="INFO">GET Request : url=https://randomuser.me/api 
 path_url=/api 
 headers={'User-Agent': 'python-requests/2.32.3', 'Accept-Encoding': 'gzip, deflate', 'Accept': '*/*', 'Connection': 'keep-alive'} 
 body=None 
 </msg>
<msg time="2024-07-19T07:15:50.952990" level="INFO">GET Response : url=https://randomuser.me/api 
 status=200, reason=OK 
 headers={'Date': 'Fri, 19 Jul 2024 07:15:50 GMT', 'Content-Type': 'application/json; charset=utf-8', 'Transfer-Encoding': 'chunked', 'Connection': 'keep-alive', 'X-Powered-By': 'Express', 'Access-Control-Allow-Origin': '*', 'Cache-Control': 'no-cache', 'ETag': 'W/"4a2-1eAEIlBNfLUErB1F1SlhSGcYko8"', 'Vary': 'Accept-Encoding', 'Content-Encoding': 'gzip', 'CF-Cache-Status': 'DYNAMIC', 'Report-To': '{"endpoints":[{"url":"https:\\/\\/a.nel.cloudflare.com\\/report\\/v4?s=jUNlUJIGkESLM1mJKInfzoaV9pveUMVhRTKFvaEn9VaArYvirdflrKfd0t9OWRIyjuJvEUKyEe0ss%2FboiCZ6nGwTZrbeixjMtbZfE4W4BZV8YGVMf0mfn0SA5w27X9az"}],"group":"cf-nel","max_age":604800}', 'NEL': '{"success_fraction":0,"report_to":"cf-nel","max_age":604800}', 'Server': 'cloudflare', 'CF-RAY': '8a58ec32bab3840a-LAX', 'alt-svc': 'h3=":443"; ma=86400'} 
 body={"results":[{"gender":"female","name":{"title":"Miss","first":"Yuridia","last":"Angulo"},"location":{"street":{"number":134,"name":"Peatonal Norte Salas"},"city":"Paredón","state":"Tlaxcala","country":"Mexico","postcode":45708,"coordinates":{"latitude":"24.0378","longitude":"36.8058"},"timezone":{"offset":"+4:00","description":"Abu Dhabi, Muscat, Baku, Tbilisi"}},"email":"yuridia.angulo@example.com","login":{"uuid":"f01a0b9e-615d-4ac3-85d9-a6e0d5af277b","username":"purplemouse462","password":"storms","salt":"etZPVmqv","md5":"3123f832008ee83d74c4a71ddc311a85","sha1":"7b566e43df93a2f05eb64618ba64e393945303b1","sha256":"bc309005862d25706b6fac23aa6dc31c327e6d0f3bc6c9c6414617a82a588f1b"},"dob":{"date":"1997-05-14T21:40:19.938Z","age":27},"registered":{"date":"2003-06-15T09:57:27.680Z","age":21},"phone":"(636) 914 4770","cell":"(699) 879 3734","id":{"name":"NSS","value":"54 52 61 3683 0"},"picture":{"large":"https://randomuser.me/api/portraits/women/84.jpg","medium":"https://randomuser.me/api/portraits/med/women/84.jpg","thumbnail":"https://randomuser.me/api/portraits/thumb/women/84.jpg"},"nat":"MX"}],"info":{"seed":"0735cc714681d7b6","results":1,"page":1,"version":"1.4"}} 
 </msg>
<msg time="2024-07-19T07:15:50.953073" level="INFO">/opt/hostedtoolcache/Python/3.12.4/x64/lib/python3.12/site-packages/urllib3/connectionpool.py:1099: InsecureRequestWarning: Unverified HTTPS request is being made to host 'randomuser.me'. Adding certificate verification is strongly advised. See: https://urllib3.readthedocs.io/en/latest/advanced-usage.html#tls-warnings
  warnings.warn(</msg>
<msg time="2024-07-19T07:15:50.953201" level="INFO">${response} = &lt;Response [200]&gt;</msg>
<var>${response}</var>
<arg>consultarAPI</arg>
<arg>/api</arg>
<doc>Sends a GET request on a previously created HTTP Session.</doc>
<status status="PASS" start="2024-07-19T07:15:50.825022" elapsed="0.128226"/>
</kw>
<kw name="Set Variable" owner="BuiltIn">
<msg time="2024-07-19T07:15:50.954534" level="INFO">${json_data} = {'results': [{'gender': 'female', 'name': {'title': 'Miss', 'first': 'Yuridia', 'last': 'Angulo'}, 'location': {'street': {'number': 134, 'name': 'Peatonal Norte Salas'}, 'city': 'Paredón', 'state': '...</msg>
<var>${json_data}</var>
<arg>${response.json()}</arg>
<doc>Returns the given values which can then be assigned to a variables.</doc>
<status status="PASS" start="2024-07-19T07:15:50.953930" elapsed="0.000636"/>
</kw>
<kw name="Log" owner="BuiltIn">
<msg time="2024-07-19T07:15:50.955120" level="INFO">{'results': [{'gender': 'female', 'name': {'title': 'Miss', 'first': 'Yuridia', 'last': 'Angulo'}, 'location': {'street': {'number': 134, 'name': 'Peatonal Norte Salas'}, 'city': 'Paredón', 'state': 'Tlaxcala', 'country': 'Mexico', 'postcode': 45708, 'coordinates': {'latitude': '24.0378', 'longitude': '36.8058'}, 'timezone': {'offset': '+4:00', 'description': 'Abu Dhabi, Muscat, Baku, Tbilisi'}}, 'email': 'yuridia.angulo@example.com', 'login': {'uuid': 'f01a0b9e-615d-4ac3-85d9-a6e0d5af277b', 'username': 'purplemouse462', 'password': 'storms', 'salt': 'etZPVmqv', 'md5': '3123f832008ee83d74c4a71ddc311a85', 'sha1': '7b566e43df93a2f05eb64618ba64e393945303b1', 'sha256': 'bc309005862d25706b6fac23aa6dc31c327e6d0f3bc6c9c6414617a82a588f1b'}, 'dob': {'date': '1997-05-14T21:40:19.938Z', 'age': 27}, 'registered': {'date': '2003-06-15T09:57:27.680Z', 'age': 21}, 'phone': '(636) 914 4770', 'cell': '(699) 879 3734', 'id': {'name': 'NSS', 'value': '54 52 61 3683 0'}, 'picture': {'large': 'https://randomuser.me/api/portraits/women/84.jpg', 'medium': 'https://randomuser.me/api/portraits/med/women/84.jpg', 'thumbnail': 'https://randomuser.me/api/portraits/thumb/women/84.jpg'}, 'nat': 'MX'}], 'info': {'seed': '0735cc714681d7b6', 'results': 1, 'page': 1, 'version': '1.4'}}</msg>
<arg>${json_data}</arg>
<doc>Logs the given message with the given level.</doc>
<status status="PASS" start="2024-07-19T07:15:50.954941" elapsed="0.000232"/>
</kw>
<kw name="Should Be String" owner="String">
<arg>${json_data['results'][0]['gender']}</arg>
<doc>Fails if the given ``item`` is not a string.</doc>
<status status="PASS" start="2024-07-19T07:15:50.955489" elapsed="0.000417"/>
</kw>
<kw name="Should Match Regexp" owner="BuiltIn">
<arg>${json_data['results'][0]['email']}</arg>
<arg>^[a-zA-Z0-9._%+-]+@[a-zA-Z0-9.-]+\.[a-zA-Z]{2,}$</arg>
<doc>Fails if ``string`` does not match ``pattern`` as a regular expression.</doc>
<status status="PASS" start="2024-07-19T07:15:50.956106" elapsed="0.000640"/>
</kw>
<kw name="Should Match Regexp" owner="BuiltIn">
<arg>${json_data['results'][0]['dob']['date']}</arg>
<arg>\\d{4}-\\d{2}-\\d{2}T\\d{2}:\\d{2}:\\d{2}\\.\\d{3}Z</arg>
<doc>Fails if ``string`` does not match ``pattern`` as a regular expression.</doc>
<status status="PASS" start="2024-07-19T07:15:50.956962" elapsed="0.000667"/>
</kw>
<kw name="Should Match Regexp" owner="BuiltIn">
<arg>${json_data['results'][0]['registered']['date']}</arg>
<arg>\\d{4}-\\d{2}-\\d{2}T\\d{2}:\\d{2}:\\d{2}\\.\\d{3}Z</arg>
<doc>Fails if ``string`` does not match ``pattern`` as a regular expression.</doc>
<status status="PASS" start="2024-07-19T07:15:50.957830" elapsed="0.000376"/>
</kw>
<kw name="Should Match Regexp" owner="BuiltIn">
<arg>${json_data['results'][0]['picture']['large']}</arg>
<arg>^https?://.*\.(?:png|jpe?g|gif|bmp)$</arg>
<doc>Fails if ``string`` does not match ``pattern`` as a regular expression.</doc>
<status status="PASS" start="2024-07-19T07:15:50.958400" elapsed="0.000464"/>
</kw>
<kw name="Should Match Regexp" owner="BuiltIn">
<arg>${json_data['results'][0]['picture']['medium']}</arg>
<arg>^https?://.*\.(?:png|jpe?g|gif|bmp)$</arg>
<doc>Fails if ``string`` does not match ``pattern`` as a regular expression.</doc>
<status status="PASS" start="2024-07-19T07:15:50.959052" elapsed="0.000359"/>
</kw>
<kw name="Should Match Regexp" owner="BuiltIn">
<arg>${json_data['results'][0]['picture']['thumbnail']}</arg>
<arg>^https?://.*\.(?:png|jpe?g|gif|bmp)$</arg>
<doc>Fails if ``string`` does not match ``pattern`` as a regular expression.</doc>
<status status="PASS" start="2024-07-19T07:15:50.959594" elapsed="0.000351"/>
</kw>
<kw name="Log" owner="BuiltIn">
<msg time="2024-07-19T07:15:50.960457" level="INFO">{'large': 'https://randomuser.me/api/portraits/women/84.jpg', 'medium': 'https://randomuser.me/api/portraits/med/women/84.jpg', 'thumbnail': 'https://randomuser.me/api/portraits/thumb/women/84.jpg'}</msg>
<arg>${json_data['results'][0]['picture']}</arg>
<doc>Logs the given message with the given level.</doc>
<status status="PASS" start="2024-07-19T07:15:50.960130" elapsed="0.000372"/>
</kw>
<status status="PASS" start="2024-07-19T07:15:50.824782" elapsed="0.136049"/>
</kw>
<kw name="Teste de Tipos de Dados - Postcode" owner="random-user-service">
<kw name="GET On Session" owner="RequestsLibrary">
<msg time="2024-07-19T07:15:51.064088" level="INFO">GET Request : url=https://randomuser.me/api 
 path_url=/api 
 headers={'User-Agent': 'python-requests/2.32.3', 'Accept-Encoding': 'gzip, deflate', 'Accept': '*/*', 'Connection': 'keep-alive'} 
 body=None 
 </msg>
<msg time="2024-07-19T07:15:51.064187" level="INFO">GET Response : url=https://randomuser.me/api 
 status=200, reason=OK 
 headers={'Date': 'Fri, 19 Jul 2024 07:15:51 GMT', 'Content-Type': 'application/json; charset=utf-8', 'Transfer-Encoding': 'chunked', 'Connection': 'keep-alive', 'X-Powered-By': 'Express', 'Access-Control-Allow-Origin': '*', 'Cache-Control': 'no-cache', 'ETag': 'W/"499-1RW/9zMLZRcm0MXWumK/uyV8p4o"', 'Vary': 'Accept-Encoding', 'Content-Encoding': 'gzip', 'CF-Cache-Status': 'DYNAMIC', 'Report-To': '{"endpoints":[{"url":"https:\\/\\/a.nel.cloudflare.com\\/report\\/v4?s=JHuOT9kGYuhInlx4NTWLXjYdWet9YWFYvZgTYApq9Y1md4Ob0UVGYcc63IvryXTsM8mE15m0gj7tz56CXPvcDs%2FHXLwY498PK%2FqZ4SqAOtNRe5SYkJ4LogfhhzeZYHrd"}],"group":"cf-nel","max_age":604800}', 'NEL': '{"success_fraction":0,"report_to":"cf-nel","max_age":604800}', 'Server': 'cloudflare', 'CF-RAY': '8a58ec338b83840a-LAX', 'alt-svc': 'h3=":443"; ma=86400'} 
 body={"results":[{"gender":"female","name":{"title":"Miss","first":"Gladys","last":"Olson"},"location":{"street":{"number":8146,"name":"Blossom Hill Rd"},"city":"Brisbane","state":"Victoria","country":"Australia","postcode":1567,"coordinates":{"latitude":"-83.3682","longitude":"113.7076"},"timezone":{"offset":"-5:00","description":"Eastern Time (US &amp; Canada), Bogota, Lima"}},"email":"gladys.olson@example.com","login":{"uuid":"5a23d03d-6ac8-492b-a5ab-f6d4c5020e2d","username":"sadzebra471","password":"navajo","salt":"NVILjSit","md5":"1050fe611111a29db6b47007cbf68c60","sha1":"28422d3f11c8eca6c2d9ddcd9045932ac0ecba05","sha256":"833f7dfe7ab1a542d53c26f6e610f4ef556303582c345857c1bee87cff5d483a"},"dob":{"date":"1990-11-07T17:32:34.032Z","age":33},"registered":{"date":"2007-06-04T08:37:52.465Z","age":17},"phone":"03-0109-1821","cell":"0428-821-495","id":{"name":"TFN","value":"499638386"},"picture":{"large":"https://randomuser.me/api/portraits/women/77.jpg","medium":"https://randomuser.me/api/portraits/med/women/77.jpg","thumbnail":"https://randomuser.me/api/portraits/thumb/women/77.jpg"},"nat":"AU"}],"info":{"seed":"9cfecb835c56cab3","results":1,"page":1,"version":"1.4"}} 
 </msg>
<msg time="2024-07-19T07:15:51.064258" level="INFO">/opt/hostedtoolcache/Python/3.12.4/x64/lib/python3.12/site-packages/urllib3/connectionpool.py:1099: InsecureRequestWarning: Unverified HTTPS request is being made to host 'randomuser.me'. Adding certificate verification is strongly advised. See: https://urllib3.readthedocs.io/en/latest/advanced-usage.html#tls-warnings
  warnings.warn(</msg>
<msg time="2024-07-19T07:15:51.064379" level="INFO">${response} = &lt;Response [200]&gt;</msg>
<var>${response}</var>
<arg>consultarAPI</arg>
<arg>/api</arg>
<doc>Sends a GET request on a previously created HTTP Session.</doc>
<status status="PASS" start="2024-07-19T07:15:50.961308" elapsed="0.103112"/>
</kw>
<kw name="Set Variable" owner="BuiltIn">
<msg time="2024-07-19T07:15:51.065682" level="INFO">${json_data} = {'results': [{'gender': 'female', 'name': {'title': 'Miss', 'first': 'Gladys', 'last': 'Olson'}, 'location': {'street': {'number': 8146, 'name': 'Blossom Hill Rd'}, 'city': 'Brisbane', 'state': 'Victo...</msg>
<var>${json_data}</var>
<arg>${response.json()}</arg>
<doc>Returns the given values which can then be assigned to a variables.</doc>
<status status="PASS" start="2024-07-19T07:15:51.065090" elapsed="0.000621"/>
</kw>
<kw name="Log" owner="BuiltIn">
<msg time="2024-07-19T07:15:51.066187" level="INFO">{'results': [{'gender': 'female', 'name': {'title': 'Miss', 'first': 'Gladys', 'last': 'Olson'}, 'location': {'street': {'number': 8146, 'name': 'Blossom Hill Rd'}, 'city': 'Brisbane', 'state': 'Victoria', 'country': 'Australia', 'postcode': 1567, 'coordinates': {'latitude': '-83.3682', 'longitude': '113.7076'}, 'timezone': {'offset': '-5:00', 'description': 'Eastern Time (US &amp; Canada), Bogota, Lima'}}, 'email': 'gladys.olson@example.com', 'login': {'uuid': '5a23d03d-6ac8-492b-a5ab-f6d4c5020e2d', 'username': 'sadzebra471', 'password': 'navajo', 'salt': 'NVILjSit', 'md5': '1050fe611111a29db6b47007cbf68c60', 'sha1': '28422d3f11c8eca6c2d9ddcd9045932ac0ecba05', 'sha256': '833f7dfe7ab1a542d53c26f6e610f4ef556303582c345857c1bee87cff5d483a'}, 'dob': {'date': '1990-11-07T17:32:34.032Z', 'age': 33}, 'registered': {'date': '2007-06-04T08:37:52.465Z', 'age': 17}, 'phone': '03-0109-1821', 'cell': '0428-821-495', 'id': {'name': 'TFN', 'value': '499638386'}, 'picture': {'large': 'https://randomuser.me/api/portraits/women/77.jpg', 'medium': 'https://randomuser.me/api/portraits/med/women/77.jpg', 'thumbnail': 'https://randomuser.me/api/portraits/thumb/women/77.jpg'}, 'nat': 'AU'}], 'info': {'seed': '9cfecb835c56cab3', 'results': 1, 'page': 1, 'version': '1.4'}}</msg>
<arg>${json_data}</arg>
<doc>Logs the given message with the given level.</doc>
<status status="PASS" start="2024-07-19T07:15:51.066027" elapsed="0.000211"/>
</kw>
<kw name="Should Be Equal As Numbers" owner="BuiltIn">
<arg>${json_data['results'][0]['location']['postcode']}</arg>
<arg>${json_data['results'][0]['location']['postcode']}</arg>
<doc>Fails if objects are unequal after converting them to real numbers.</doc>
<status status="PASS" start="2024-07-19T07:15:51.066535" elapsed="0.000607"/>
</kw>
<kw name="Log" owner="BuiltIn">
<msg time="2024-07-19T07:15:51.067664" level="INFO">1567</msg>
<arg>${json_data['results'][0]['location']['postcode']}</arg>
<doc>Logs the given message with the given level.</doc>
<status status="PASS" start="2024-07-19T07:15:51.067333" elapsed="0.000409"/>
</kw>
<status status="PASS" start="2024-07-19T07:15:50.961067" elapsed="0.106944"/>
</kw>
<doc>Testa se os tipos de dados na resposta da API estão corretos.</doc>
<tag>testeTiposDados</tag>
<status status="PASS" start="2024-07-19T07:15:50.824245" elapsed="0.243933"/>
</test>
<test id="s1-s1-t5" name="Validar conteudo" line="35">
<kw name="Teste de Tipos de Conteudo" owner="random-user-service">
<kw name="GET On Session" owner="RequestsLibrary">
<msg time="2024-07-19T07:15:51.170850" level="INFO">GET Request : url=https://randomuser.me/api 
 path_url=/api 
 headers={'User-Agent': 'python-requests/2.32.3', 'Accept-Encoding': 'gzip, deflate', 'Accept': '*/*', 'Connection': 'keep-alive'} 
 body=None 
 </msg>
<msg time="2024-07-19T07:15:51.170962" level="INFO">GET Response : url=https://randomuser.me/api 
 status=200, reason=OK 
 headers={'Date': 'Fri, 19 Jul 2024 07:15:51 GMT', 'Content-Type': 'application/json; charset=utf-8', 'Transfer-Encoding': 'chunked', 'Connection': 'keep-alive', 'X-Powered-By': 'Express', 'Access-Control-Allow-Origin': '*', 'Cache-Control': 'no-cache', 'ETag': 'W/"477-/0qzhL9Bkz59mEnDnDcMrnbqY7M"', 'Vary': 'Accept-Encoding', 'Content-Encoding': 'gzip', 'CF-Cache-Status': 'DYNAMIC', 'Report-To': '{"endpoints":[{"url":"https:\\/\\/a.nel.cloudflare.com\\/report\\/v4?s=zl%2BLEWDQT0xhiP6%2FI8IXAAcNJsd5l0snul41WIX5wTwr87%2FGzdYLvi9YIka1%2BbVklLDUoKAsJVqJHa6%2B4qTBFj6TNC71wXeIwQHajyZLeg95i7d6qv922aNbpmnk6lnU"}],"group":"cf-nel","max_age":604800}', 'NEL': '{"success_fraction":0,"report_to":"cf-nel","max_age":604800}', 'Server': 'cloudflare', 'CF-RAY': '8a58ec343c4f840a-LAX', 'alt-svc': 'h3=":443"; ma=86400'} 
 body={"results":[{"gender":"male","name":{"title":"Mr","first":"Porfir","last":"Leskiv"},"location":{"street":{"number":402,"name":"Vadima Getmana"},"city":"Voznesensk","state":"Hersonska","country":"Ukraine","postcode":91375,"coordinates":{"latitude":"73.5809","longitude":"-51.9500"},"timezone":{"offset":"-11:00","description":"Midway Island, Samoa"}},"email":"porfir.leskiv@example.com","login":{"uuid":"a80032de-4813-4d39-96af-67be1f621367","username":"purplewolf474","password":"glenn","salt":"rFho1oKt","md5":"38d22b6967e8c82c138c6ca85ac1e84e","sha1":"c551d229fab45ab6e51e89ffe066c3589b65d3ef","sha256":"ebc38089dd186048deca0cfe712fc0be3baed97f317b1713a3fa2c91fb5be9d2"},"dob":{"date":"1971-03-12T21:21:52.460Z","age":53},"registered":{"date":"2016-06-29T16:47:56.669Z","age":8},"phone":"(066) Z31-0244","cell":"(099) N42-0167","id":{"name":"","value":null},"picture":{"large":"https://randomuser.me/api/portraits/men/92.jpg","medium":"https://randomuser.me/api/portraits/med/men/92.jpg","thumbnail":"https://randomuser.me/api/portraits/thumb/men/92.jpg"},"nat":"UA"}],"info":{"seed":"b9f433840ef16cb6","results":1,"page":1,"version":"1.4"}} 
 </msg>
<msg time="2024-07-19T07:15:51.171037" level="INFO">/opt/hostedtoolcache/Python/3.12.4/x64/lib/python3.12/site-packages/urllib3/connectionpool.py:1099: InsecureRequestWarning: Unverified HTTPS request is being made to host 'randomuser.me'. Adding certificate verification is strongly advised. See: https://urllib3.readthedocs.io/en/latest/advanced-usage.html#tls-warnings
  warnings.warn(</msg>
<msg time="2024-07-19T07:15:51.171157" level="INFO">${response} = &lt;Response [200]&gt;</msg>
<var>${response}</var>
<arg>consultarAPI</arg>
<arg>/api</arg>
<doc>Sends a GET request on a previously created HTTP Session.</doc>
<status status="PASS" start="2024-07-19T07:15:51.071570" elapsed="0.099628"/>
</kw>
<kw name="Set Variable" owner="BuiltIn">
<msg time="2024-07-19T07:15:51.172420" level="INFO">${json_data} = {'results': [{'gender': 'male', 'name': {'title': 'Mr', 'first': 'Porfir', 'last': 'Leskiv'}, 'location': {'street': {'number': 402, 'name': 'Vadima Getmana'}, 'city': 'Voznesensk', 'state': 'Hersonsk...</msg>
<var>${json_data}</var>
<arg>${response.json()}</arg>
<doc>Returns the given values which can then be assigned to a variables.</doc>
<status status="PASS" start="2024-07-19T07:15:51.171837" elapsed="0.000612"/>
</kw>
<kw name="Set Variable" owner="BuiltIn">
<msg time="2024-07-19T07:15:51.173197" level="INFO">${name_title} = Mr</msg>
<var>${name_title}</var>
<arg>${json_data["results"][0]["name"]["title"]}</arg>
<doc>Returns the given values which can then be assigned to a variables.</doc>
<status status="PASS" start="2024-07-19T07:15:51.172807" elapsed="0.000415"/>
</kw>
<kw name="Create List" owner="BuiltIn">
<msg time="2024-07-19T07:15:51.173672" level="INFO">${allowed_titles} = ['Mr', 'Ms', 'Miss', 'Mrs', 'Madame', 'Monsieur']</msg>
<var>${allowed_titles}</var>
<arg>Mr</arg>
<arg>Ms</arg>
<arg>Miss</arg>
<arg>Mrs</arg>
<arg>Madame</arg>
<arg>Monsieur</arg>
<doc>Returns a list containing given items.</doc>
<status status="PASS" start="2024-07-19T07:15:51.173515" elapsed="0.000181"/>
</kw>
<kw name="List Should Contain Value" owner="Collections">
<arg>${allowed_titles}</arg>
<arg>${name_title}</arg>
<doc>Fails if the ``value`` is not found from ``list``.</doc>
<status status="PASS" start="2024-07-19T07:15:51.173993" elapsed="0.000173"/>
</kw>
<kw name="Set Variable" owner="BuiltIn">
<msg time="2024-07-19T07:15:51.174715" level="INFO">${name_country} = UA</msg>
<var>${name_country}</var>
<arg>${json_data["results"][0]["nat"]}</arg>
<doc>Returns the given values which can then be assigned to a variables.</doc>
<status status="PASS" start="2024-07-19T07:15:51.174347" elapsed="0.000392"/>
</kw>
<kw name="Create List" owner="BuiltIn">
<msg time="2024-07-19T07:15:51.175617" level="INFO">${list_country} = ['AD', 'AE', 'AF', 'AG', 'AI', 'AL', 'AM', 'AO', 'AQ', 'AR', 'AS', 'AT', 'AU', 'AW', 'AX', 'AZ', 'BA', 'BB', 'BD', 'BE', 'BF', 'BG', 'BH', 'BI', 'BJ', 'BL', 'BM', 'BN', 'BO', 'BQ', 'BR', 'BS', 'BT', '...</msg>
<var>${list_country}</var>
<arg>AD</arg>
<arg>AE</arg>
<arg>AF</arg>
<arg>AG</arg>
<arg>AI</arg>
<arg>AL</arg>
<arg>AM</arg>
<arg>AO</arg>
<arg>AQ</arg>
<arg>AR</arg>
<arg>AS</arg>
<arg>AT</arg>
<arg>AU</arg>
<arg>AW</arg>
<arg>AX</arg>
<arg>AZ</arg>
<arg>BA</arg>
<arg>BB</arg>
<arg>BD</arg>
<arg>BE</arg>
<arg>BF</arg>
<arg>BG</arg>
<arg>BH</arg>
<arg>BI</arg>
<arg>BJ</arg>
<arg>BL</arg>
<arg>BM</arg>
<arg>BN</arg>
<arg>BO</arg>
<arg>BQ</arg>
<arg>BR</arg>
<arg>BS</arg>
<arg>BT</arg>
<arg>BV</arg>
<arg>BW</arg>
<arg>BY</arg>
<arg>BZ</arg>
<arg>CA</arg>
<arg>CC</arg>
<arg>CD</arg>
<arg>CF</arg>
<arg>CG</arg>
<arg>CH</arg>
<arg>CI</arg>
<arg>CK</arg>
<arg>CL</arg>
<arg>CM</arg>
<arg>CN</arg>
<arg>CO</arg>
<arg>CR</arg>
<arg>CU</arg>
<arg>CV</arg>
<arg>CW</arg>
<arg>CX</arg>
<arg>CY</arg>
<arg>CZ</arg>
<arg>DE</arg>
<arg>DJ</arg>
<arg>DK</arg>
<arg>DM</arg>
<arg>DO</arg>
<arg>DZ</arg>
<arg>EC</arg>
<arg>EE</arg>
<arg>EG</arg>
<arg>EH</arg>
<arg>ER</arg>
<arg>ES</arg>
<arg>ET</arg>
<arg>FI</arg>
<arg>FJ</arg>
<arg>FK</arg>
<arg>FM</arg>
<arg>FO</arg>
<arg>FR</arg>
<arg>GA</arg>
<arg>GB</arg>
<arg>GD</arg>
<arg>GE</arg>
<arg>GF</arg>
<arg>GG</arg>
<arg>GH</arg>
<arg>GI</arg>
<arg>GL</arg>
<arg>GM</arg>
<arg>GN</arg>
<arg>GP</arg>
<arg>GQ</arg>
<arg>GR</arg>
<arg>GS</arg>
<arg>GT</arg>
<arg>GU</arg>
<arg>GW</arg>
<arg>GY</arg>
<arg>HK</arg>
<arg>HM</arg>
<arg>HN</arg>
<arg>HR</arg>
<arg>HT</arg>
<arg>HU</arg>
<arg>ID</arg>
<arg>IE</arg>
<arg>IL</arg>
<arg>IM</arg>
<arg>IN</arg>
<arg>IO</arg>
<arg>IQ</arg>
<arg>IR</arg>
<arg>IS</arg>
<arg>IT</arg>
<arg>JE</arg>
<arg>JM</arg>
<arg>JO</arg>
<arg>JP</arg>
<arg>KE</arg>
<arg>KG</arg>
<arg>KH</arg>
<arg>KI</arg>
<arg>KM</arg>
<arg>KN</arg>
<arg>KP</arg>
<arg>KR</arg>
<arg>KW</arg>
<arg>KY</arg>
<arg>KZ</arg>
<arg>LA</arg>
<arg>LB</arg>
<arg>LC</arg>
<arg>LI</arg>
<arg>LK</arg>
<arg>LR</arg>
<arg>LS</arg>
<arg>LT</arg>
<arg>LU</arg>
<arg>LV</arg>
<arg>LY</arg>
<arg>MA</arg>
<arg>MC</arg>
<arg>MD</arg>
<arg>ME</arg>
<arg>MF</arg>
<arg>MG</arg>
<arg>MH</arg>
<arg>MK</arg>
<arg>ML</arg>
<arg>MM</arg>
<arg>MN</arg>
<arg>MO</arg>
<arg>MP</arg>
<arg>MQ</arg>
<arg>MR</arg>
<arg>MS</arg>
<arg>MT</arg>
<arg>MU</arg>
<arg>MV</arg>
<arg>MW</arg>
<arg>MX</arg>
<arg>MY</arg>
<arg>MZ</arg>
<arg>NA</arg>
<arg>NC</arg>
<arg>NE</arg>
<arg>NF</arg>
<arg>NG</arg>
<arg>NI</arg>
<arg>NL</arg>
<arg>NO</arg>
<arg>NP</arg>
<arg>NR</arg>
<arg>NU</arg>
<arg>NZ</arg>
<arg>OM</arg>
<arg>PA</arg>
<arg>PE</arg>
<arg>PF</arg>
<arg>PG</arg>
<arg>PH</arg>
<arg>PK</arg>
<arg>PL</arg>
<arg>PM</arg>
<arg>PN</arg>
<arg>PR</arg>
<arg>PS</arg>
<arg>PT</arg>
<arg>PW</arg>
<arg>PY</arg>
<arg>QA</arg>
<arg>RE</arg>
<arg>RO</arg>
<arg>RS</arg>
<arg>RU</arg>
<arg>RW</arg>
<arg>SA</arg>
<arg>SB</arg>
<arg>SC</arg>
<arg>SD</arg>
<arg>SE</arg>
<arg>SG</arg>
<arg>SH</arg>
<arg>SI</arg>
<arg>SJ</arg>
<arg>SK</arg>
<arg>SL</arg>
<arg>SM</arg>
<arg>SN</arg>
<arg>SO</arg>
<arg>SR</arg>
<arg>SS</arg>
<arg>ST</arg>
<arg>SV</arg>
<arg>SX</arg>
<arg>SY</arg>
<arg>SZ</arg>
<arg>TC</arg>
<arg>TD</arg>
<arg>TF</arg>
<arg>TG</arg>
<arg>TH</arg>
<arg>TJ</arg>
<arg>TK</arg>
<arg>TL</arg>
<arg>TM</arg>
<arg>TN</arg>
<arg>TO</arg>
<arg>TR</arg>
<arg>TT</arg>
<arg>TV</arg>
<arg>TW</arg>
<arg>TZ</arg>
<arg>UA</arg>
<arg>UG</arg>
<arg>UM</arg>
<arg>US</arg>
<arg>UY</arg>
<arg>UZ</arg>
<arg>VA</arg>
<arg>VC</arg>
<arg>VE</arg>
<arg>VG</arg>
<arg>VI</arg>
<arg>VN</arg>
<arg>VU</arg>
<arg>WF</arg>
<arg>WS</arg>
<arg>XK</arg>
<arg>YE</arg>
<arg>YT</arg>
<arg>ZA</arg>
<arg>ZM</arg>
<arg>ZW</arg>
<doc>Returns a list containing given items.</doc>
<status status="PASS" start="2024-07-19T07:15:51.175030" elapsed="0.000611"/>
</kw>
<kw name="List Should Contain Value" owner="Collections">
<arg>${list_country}</arg>
<arg>${name_country}</arg>
<doc>Fails if the ``value`` is not found from ``list``.</doc>
<status status="PASS" start="2024-07-19T07:15:51.176644" elapsed="0.000215"/>
</kw>
<kw name="Run Keyword If" owner="BuiltIn">
<kw name="Should Be True" owner="BuiltIn">
<arg>${True}</arg>
<doc>Fails if the given condition is not true.</doc>
<status status="PASS" start="2024-07-19T07:15:51.177792" elapsed="0.000143"/>
</kw>
<arg>${json_data["results"][0]["location"]["coordinates"]["latitude"]} &gt;= -90 and ${json_data["results"][0]["location"]["coordinates"]["latitude"]} &lt;= 90</arg>
<arg>Should Be True</arg>
<arg>${True}</arg>
<doc>Runs the given keyword with the given arguments, if ``condition`` is true.</doc>
<status status="PASS" start="2024-07-19T07:15:51.177055" elapsed="0.001002"/>
</kw>
<kw name="Run Keyword If" owner="BuiltIn">
<kw name="Should Be True" owner="BuiltIn">
<arg>${True}</arg>
<doc>Fails if the given condition is not true.</doc>
<status status="PASS" start="2024-07-19T07:15:51.178920" elapsed="0.000136"/>
</kw>
<arg>${json_data["results"][0]["location"]["coordinates"]["longitude"]} &gt;= -180 and ${json_data["results"][0]["location"]["coordinates"]["longitude"]} &lt;= 180</arg>
<arg>Should Be True</arg>
<arg>${True}</arg>
<doc>Runs the given keyword with the given arguments, if ``condition`` is true.</doc>
<status status="PASS" start="2024-07-19T07:15:51.178235" elapsed="0.000942"/>
</kw>
<status status="PASS" start="2024-07-19T07:15:51.071165" elapsed="0.108141"/>
</kw>
<doc>Testa o conteúdo específico dos campos retornados pela API.</doc>
<tag>testeConteudo</tag>
<status status="PASS" start="2024-07-19T07:15:51.070426" elapsed="0.109031"/>
</test>
<status status="PASS" start="2024-07-19T07:15:50.136045" elapsed="1.045432"/>
</suite>
<status status="PASS" start="2024-07-19T07:15:50.121632" elapsed="1.064992"/>
</suite>
<statistics>
<total>
<stat pass="5" fail="0" skip="0">All Tests</stat>
</total>
<tag>
<stat pass="1" fail="0" skip="0">testeConteudo</stat>
<stat pass="1" fail="0" skip="0">testeEstruturaResposta</stat>
<stat pass="1" fail="0" skip="0">testeRequisicaoBasica</stat>
<stat pass="1" fail="0" skip="0">testeTiposDados</stat>
</tag>
<suite>
<stat pass="5" fail="0" skip="0" id="s1" name="Tests">Tests</stat>
<stat pass="5" fail="0" skip="0" id="s1-s1" name="Random-User-Test">Tests.Random-User-Test</stat>
</suite>
</statistics>
<errors>
</errors>
</robot>
