<?xml version="1.0" encoding="UTF-8"?>
<robot generator="Robot 7.0.1 (Python 3.12.4 on linux)" generated="2024-07-10T09:15:43.543888" rpa="false" schemaversion="5">
<suite id="s1" name="Tests" source="/home/runner/work/ApiRandomUser/ApiRandomUser/RamdonUser/tests">
<suite id="s1-s1" name="Random-User-Test" source="/home/runner/work/ApiRandomUser/ApiRandomUser/RamdonUser/tests/random-user-test.robot">
<test id="s1-s1-t1" name="Conectar" line="13">
<kw name="Conectar API" owner="random-user-service">
<kw name="Create Session" owner="RequestsLibrary">
<msg time="2024-07-10T09:15:43.934576" level="INFO">Creating Session using : alias=consultarAPI, url=https://randomuser.me/, headers={},                     cookies={}, auth=None, timeout=None, proxies=None, verify=False,                     debug=0 </msg>
<arg>consultarAPI</arg>
<arg>${URL}</arg>
<doc>Create Session: create a HTTP session to a server</doc>
<status status="PASS" start="2024-07-10T09:15:43.934372" elapsed="0.000377"/>
</kw>
<status status="PASS" start="2024-07-10T09:15:43.933421" elapsed="0.001733"/>
</kw>
<status status="PASS" start="2024-07-10T09:15:43.932898" elapsed="0.002456"/>
</test>
<test id="s1-s1-t2" name="Validar retorno 200 e JSON Válido" line="16">
<kw name="Teste de Requisicao Basica" owner="random-user-service">
<kw name="GET On Session" owner="RequestsLibrary">
<msg time="2024-07-10T09:15:44.109127" level="INFO">GET Request : url=https://randomuser.me/api 
 path_url=/api 
 headers={'User-Agent': 'python-requests/2.32.3', 'Accept-Encoding': 'gzip, deflate', 'Accept': '*/*', 'Connection': 'keep-alive'} 
 body=None 
 </msg>
<msg time="2024-07-10T09:15:44.109272" level="INFO">GET Response : url=https://randomuser.me/api 
 status=200, reason=OK 
 headers={'Date': 'Wed, 10 Jul 2024 09:15:44 GMT', 'Content-Type': 'application/json; charset=utf-8', 'Transfer-Encoding': 'chunked', 'Connection': 'keep-alive', 'X-Powered-By': 'Express', 'Access-Control-Allow-Origin': '*', 'Cache-Control': 'no-cache', 'ETag': 'W/"493-LIn9Vv4w+CqgAcfR2hQuDhHGMTs"', 'Vary': 'Accept-Encoding', 'Content-Encoding': 'gzip', 'CF-Cache-Status': 'DYNAMIC', 'Report-To': '{"endpoints":[{"url":"https:\\/\\/a.nel.cloudflare.com\\/report\\/v4?s=Z8zKcQKtpZ3GVOePHoWjWxDQK864Tbg178mCizY6%2Fp4oPIiNgohnc%2BVprW9yl%2Fb7g4XvHQmr4WCAG%2Fe8CxVI6%2BvHiU0Tn%2BTXEYNAGgzq%2B9%2FmKY7BPMgdNYklRasN8FI9"}],"group":"cf-nel","max_age":604800}', 'NEL': '{"success_fraction":0,"report_to":"cf-nel","max_age":604800}', 'Server': 'cloudflare', 'CF-RAY': '8a0f736fcf29fade-SJC', 'alt-svc': 'h3=":443"; ma=86400'} 
 body={"results":[{"gender":"female","name":{"title":"Mrs","first":"Afşar","last":"Ekşioğlu"},"location":{"street":{"number":5358,"name":"Şehitler Cd"},"city":"Tokat","state":"Kastamonu","country":"Turkey","postcode":63343,"coordinates":{"latitude":"71.3651","longitude":"77.6813"},"timezone":{"offset":"-6:00","description":"Central Time (US &amp; Canada), Mexico City"}},"email":"afsar.eksioglu@example.com","login":{"uuid":"157385b7-9358-4aa9-9d58-b945147cd1ae","username":"orangepeacock624","password":"duffy","salt":"ouHQOMd1","md5":"d5057b0e98daa903ffbedd0cc07b94ae","sha1":"731e96bcccd514c3977a56f6b524bd5bc255e3db","sha256":"e3a470ba4bf4af3396aca7c78059289b032332ebbd7740275e7eb2780bb9bb7f"},"dob":{"date":"1960-04-10T05:33:06.864Z","age":64},"registered":{"date":"2008-10-01T00:03:28.890Z","age":15},"phone":"(347)-806-9933","cell":"(398)-954-3587","id":{"name":"","value":null},"picture":{"large":"https://randomuser.me/api/portraits/women/10.jpg","medium":"https://randomuser.me/api/portraits/med/women/10.jpg","thumbnail":"https://randomuser.me/api/portraits/thumb/women/10.jpg"},"nat":"TR"}],"info":{"seed":"21ecbe47e5b85abe","results":1,"page":1,"version":"1.4"}} 
 </msg>
<msg time="2024-07-10T09:15:44.109361" level="INFO">/opt/hostedtoolcache/Python/3.12.4/x64/lib/python3.12/site-packages/urllib3/connectionpool.py:1099: InsecureRequestWarning: Unverified HTTPS request is being made to host 'randomuser.me'. Adding certificate verification is strongly advised. See: https://urllib3.readthedocs.io/en/latest/advanced-usage.html#tls-warnings
  warnings.warn(</msg>
<msg time="2024-07-10T09:15:44.109520" level="INFO">${response} = &lt;Response [200]&gt;</msg>
<var>${response}</var>
<arg>consultarAPI</arg>
<arg>/api</arg>
<doc>Sends a GET request on a previously created HTTP Session.</doc>
<status status="PASS" start="2024-07-10T09:15:43.937912" elapsed="0.171650"/>
</kw>
<kw name="Should Be Equal As Numbers" owner="BuiltIn">
<msg time="2024-07-10T09:15:44.110533" level="INFO">Argument types are:
&lt;class 'int'&gt;
&lt;class 'str'&gt;</msg>
<arg>${response.status_code}</arg>
<arg>200</arg>
<doc>Fails if objects are unequal after converting them to real numbers.</doc>
<status status="PASS" start="2024-07-10T09:15:44.110076" elapsed="0.000523"/>
</kw>
<kw name="Log" owner="BuiltIn">
<msg time="2024-07-10T09:15:44.111347" level="INFO">200</msg>
<arg>${response.status_code}</arg>
<doc>Logs the given message with the given level.</doc>
<status status="PASS" start="2024-07-10T09:15:44.110970" elapsed="0.000420"/>
</kw>
<kw name="Set Variable" owner="BuiltIn">
<msg time="2024-07-10T09:15:44.112158" level="INFO">${json_data} = {'results': [{'gender': 'female', 'name': {'title': 'Mrs', 'first': 'Afşar', 'last': 'Ekşioğlu'}, 'location': {'street': {'number': 5358, 'name': 'Şehitler Cd'}, 'city': 'Tokat', 'state': 'Kastamonu',...</msg>
<var>${json_data}</var>
<arg>${response.json()}</arg>
<doc>Returns the given values which can then be assigned to a variables.</doc>
<status status="PASS" start="2024-07-10T09:15:44.111705" elapsed="0.000484"/>
</kw>
<kw name="Dictionary Should Contain Key" owner="Collections">
<arg>${json_data}</arg>
<arg>results</arg>
<doc>Fails if ``key`` is not found from ``dictionary``.</doc>
<status status="PASS" start="2024-07-10T09:15:44.112493" elapsed="0.000165"/>
</kw>
<status status="PASS" start="2024-07-10T09:15:43.937657" elapsed="0.175152"/>
</kw>
<doc>Testa se a API responde corretamente e retorna um objeto JSON válido.</doc>
<tag>testeRequisicaoBasica</tag>
<status status="PASS" start="2024-07-10T09:15:43.937202" elapsed="0.175787"/>
</test>
<test id="s1-s1-t3" name="Validar estrutura de resposta" line="22">
<kw name="Teste de Estrutura de Resposta" owner="random-user-service">
<kw name="GET On Session" owner="RequestsLibrary">
<msg time="2024-07-10T09:15:44.211576" level="INFO">GET Request : url=https://randomuser.me/api 
 path_url=/api 
 headers={'User-Agent': 'python-requests/2.32.3', 'Accept-Encoding': 'gzip, deflate', 'Accept': '*/*', 'Connection': 'keep-alive'} 
 body=None 
 </msg>
<msg time="2024-07-10T09:15:44.211663" level="INFO">GET Response : url=https://randomuser.me/api 
 status=200, reason=OK 
 headers={'Date': 'Wed, 10 Jul 2024 09:15:44 GMT', 'Content-Type': 'application/json; charset=utf-8', 'Transfer-Encoding': 'chunked', 'Connection': 'keep-alive', 'X-Powered-By': 'Express', 'Access-Control-Allow-Origin': '*', 'Cache-Control': 'no-cache', 'ETag': 'W/"492-Xq5MB5lJsaBP/NF88dVM4bNAbF8"', 'Vary': 'Accept-Encoding', 'Content-Encoding': 'gzip', 'CF-Cache-Status': 'DYNAMIC', 'Report-To': '{"endpoints":[{"url":"https:\\/\\/a.nel.cloudflare.com\\/report\\/v4?s=Gb%2Fjgr3RhhhldTNsZhp1HfuqhOQ3Fs46xAW%2FWhp066Sn2KPnuFOD63As3ILJY9j1F%2Byq0l7TZdydaAVzPkbISt%2F%2BpS33rEkTKcQrpu%2BPQW3Giu3qtTobbDVEx05S3gPC"}],"group":"cf-nel","max_age":604800}', 'NEL': '{"success_fraction":0,"report_to":"cf-nel","max_age":604800}', 'Server': 'cloudflare', 'CF-RAY': '8a0f7370bfcefade-SJC', 'alt-svc': 'h3=":443"; ma=86400'} 
 body={"results":[{"gender":"female","name":{"title":"Mrs","first":"Rebekka","last":"Goshko"},"location":{"street":{"number":3700,"name":"8 Bereznya"},"city":"Gorohiv","state":"Ternopilska","country":"Ukraine","postcode":10077,"coordinates":{"latitude":"76.5323","longitude":"14.4396"},"timezone":{"offset":"-6:00","description":"Central Time (US &amp; Canada), Mexico City"}},"email":"rebekka.goshko@example.com","login":{"uuid":"b393503c-0ec8-40d4-b64b-8d7629ad5b75","username":"silverlion858","password":"coolguy","salt":"6UHbZqnA","md5":"db07ba0b9fdf96b99c97df1b95edb465","sha1":"fbb1eaa6608cee9088c94895fa480eec6f332a95","sha256":"dbed92714ac28b59c68f5aaa0653418bde886285f88e395f7fa9549ad3e15f74"},"dob":{"date":"1972-05-11T22:21:29.913Z","age":52},"registered":{"date":"2010-12-31T21:23:58.953Z","age":13},"phone":"(097) Q83-7432","cell":"(066) R56-0884","id":{"name":"","value":null},"picture":{"large":"https://randomuser.me/api/portraits/women/12.jpg","medium":"https://randomuser.me/api/portraits/med/women/12.jpg","thumbnail":"https://randomuser.me/api/portraits/thumb/women/12.jpg"},"nat":"UA"}],"info":{"seed":"7fe48a48c2530222","results":1,"page":1,"version":"1.4"}} 
 </msg>
<msg time="2024-07-10T09:15:44.211793" level="INFO">/opt/hostedtoolcache/Python/3.12.4/x64/lib/python3.12/site-packages/urllib3/connectionpool.py:1099: InsecureRequestWarning: Unverified HTTPS request is being made to host 'randomuser.me'. Adding certificate verification is strongly advised. See: https://urllib3.readthedocs.io/en/latest/advanced-usage.html#tls-warnings
  warnings.warn(</msg>
<msg time="2024-07-10T09:15:44.211943" level="INFO">${response} = &lt;Response [200]&gt;</msg>
<var>${response}</var>
<arg>consultarAPI</arg>
<arg>/api</arg>
<doc>Sends a GET request on a previously created HTTP Session.</doc>
<status status="PASS" start="2024-07-10T09:15:44.115728" elapsed="0.096272"/>
</kw>
<kw name="Set Variable" owner="BuiltIn">
<msg time="2024-07-10T09:15:44.212802" level="INFO">${json_data} = {'results': [{'gender': 'female', 'name': {'title': 'Mrs', 'first': 'Rebekka', 'last': 'Goshko'}, 'location': {'street': {'number': 3700, 'name': '8 Bereznya'}, 'city': 'Gorohiv', 'state': 'Ternopilsk...</msg>
<var>${json_data}</var>
<arg>${response.json()}</arg>
<doc>Returns the given values which can then be assigned to a variables.</doc>
<status status="PASS" start="2024-07-10T09:15:44.212357" elapsed="0.000474"/>
</kw>
<kw name="Log" owner="BuiltIn">
<msg time="2024-07-10T09:15:44.213294" level="INFO">{'results': [{'gender': 'female', 'name': {'title': 'Mrs', 'first': 'Rebekka', 'last': 'Goshko'}, 'location': {'street': {'number': 3700, 'name': '8 Bereznya'}, 'city': 'Gorohiv', 'state': 'Ternopilska', 'country': 'Ukraine', 'postcode': 10077, 'coordinates': {'latitude': '76.5323', 'longitude': '14.4396'}, 'timezone': {'offset': '-6:00', 'description': 'Central Time (US &amp; Canada), Mexico City'}}, 'email': 'rebekka.goshko@example.com', 'login': {'uuid': 'b393503c-0ec8-40d4-b64b-8d7629ad5b75', 'username': 'silverlion858', 'password': 'coolguy', 'salt': '6UHbZqnA', 'md5': 'db07ba0b9fdf96b99c97df1b95edb465', 'sha1': 'fbb1eaa6608cee9088c94895fa480eec6f332a95', 'sha256': 'dbed92714ac28b59c68f5aaa0653418bde886285f88e395f7fa9549ad3e15f74'}, 'dob': {'date': '1972-05-11T22:21:29.913Z', 'age': 52}, 'registered': {'date': '2010-12-31T21:23:58.953Z', 'age': 13}, 'phone': '(097) Q83-7432', 'cell': '(066) R56-0884', 'id': {'name': '', 'value': None}, 'picture': {'large': 'https://randomuser.me/api/portraits/women/12.jpg', 'medium': 'https://randomuser.me/api/portraits/med/women/12.jpg', 'thumbnail': 'https://randomuser.me/api/portraits/thumb/women/12.jpg'}, 'nat': 'UA'}], 'info': {'seed': '7fe48a48c2530222', 'results': 1, 'page': 1, 'version': '1.4'}}</msg>
<arg>${json_data}</arg>
<doc>Logs the given message with the given level.</doc>
<status status="PASS" start="2024-07-10T09:15:44.213139" elapsed="0.000203"/>
</kw>
<kw name="Dictionary Should Contain Key" owner="Collections">
<arg>${json_data}</arg>
<arg>results</arg>
<doc>Fails if ``key`` is not found from ``dictionary``.</doc>
<status status="PASS" start="2024-07-10T09:15:44.213631" elapsed="0.000154"/>
</kw>
<kw name="Should Not Be Empty" owner="BuiltIn">
<msg time="2024-07-10T09:15:44.214102" level="INFO">Length is 2.</msg>
<arg>${json_data}</arg>
<doc>Verifies that the given item is not empty.</doc>
<status status="PASS" start="2024-07-10T09:15:44.213969" elapsed="0.000172"/>
</kw>
<kw name="Create List" owner="BuiltIn">
<msg time="2024-07-10T09:15:44.214712" level="INFO">${expected_keys} = ['gender', 'name', 'location', 'email', 'login']</msg>
<var>${expected_keys}</var>
<arg>gender</arg>
<arg>name</arg>
<arg>location</arg>
<arg>email</arg>
<arg>login</arg>
<doc>Returns a list containing given items.</doc>
<status status="PASS" start="2024-07-10T09:15:44.214429" elapsed="0.000308"/>
</kw>
<for flavor="IN">
<iter>
<kw name="Dictionary Should Contain Key" owner="Collections">
<arg>${json_data['results'][0]}</arg>
<arg>${key}</arg>
<doc>Fails if ``key`` is not found from ``dictionary``.</doc>
<status status="PASS" start="2024-07-10T09:15:44.215355" elapsed="0.000398"/>
</kw>
<kw name="Log" owner="BuiltIn">
<msg time="2024-07-10T09:15:44.216303" level="INFO">{'gender': 'female', 'name': {'title': 'Mrs', 'first': 'Rebekka', 'last': 'Goshko'}, 'location': {'street': {'number': 3700, 'name': '8 Bereznya'}, 'city': 'Gorohiv', 'state': 'Ternopilska', 'country': 'Ukraine', 'postcode': 10077, 'coordinates': {'latitude': '76.5323', 'longitude': '14.4396'}, 'timezone': {'offset': '-6:00', 'description': 'Central Time (US &amp; Canada), Mexico City'}}, 'email': 'rebekka.goshko@example.com', 'login': {'uuid': 'b393503c-0ec8-40d4-b64b-8d7629ad5b75', 'username': 'silverlion858', 'password': 'coolguy', 'salt': '6UHbZqnA', 'md5': 'db07ba0b9fdf96b99c97df1b95edb465', 'sha1': 'fbb1eaa6608cee9088c94895fa480eec6f332a95', 'sha256': 'dbed92714ac28b59c68f5aaa0653418bde886285f88e395f7fa9549ad3e15f74'}, 'dob': {'date': '1972-05-11T22:21:29.913Z', 'age': 52}, 'registered': {'date': '2010-12-31T21:23:58.953Z', 'age': 13}, 'phone': '(097) Q83-7432', 'cell': '(066) R56-0884', 'id': {'name': '', 'value': None}, 'picture': {'large': 'https://randomuser.me/api/portraits/women/12.jpg', 'medium': 'https://randomuser.me/api/portraits/med/women/12.jpg', 'thumbnail': 'https://randomuser.me/api/portraits/thumb/women/12.jpg'}, 'nat': 'UA'}</msg>
<arg>${json_data['results'][0]}</arg>
<doc>Logs the given message with the given level.</doc>
<status status="PASS" start="2024-07-10T09:15:44.215940" elapsed="0.000411"/>
</kw>
<kw name="Log" owner="BuiltIn">
<msg time="2024-07-10T09:15:44.216782" level="INFO">gender</msg>
<arg>${key}</arg>
<doc>Logs the given message with the given level.</doc>
<status status="PASS" start="2024-07-10T09:15:44.216654" elapsed="0.000166"/>
</kw>
<var name="${key}">gender</var>
<status status="PASS" start="2024-07-10T09:15:44.215227" elapsed="0.001810"/>
</iter>
<iter>
<kw name="Dictionary Should Contain Key" owner="Collections">
<arg>${json_data['results'][0]}</arg>
<arg>${key}</arg>
<doc>Fails if ``key`` is not found from ``dictionary``.</doc>
<status status="PASS" start="2024-07-10T09:15:44.217340" elapsed="0.000389"/>
</kw>
<kw name="Log" owner="BuiltIn">
<msg time="2024-07-10T09:15:44.218262" level="INFO">{'gender': 'female', 'name': {'title': 'Mrs', 'first': 'Rebekka', 'last': 'Goshko'}, 'location': {'street': {'number': 3700, 'name': '8 Bereznya'}, 'city': 'Gorohiv', 'state': 'Ternopilska', 'country': 'Ukraine', 'postcode': 10077, 'coordinates': {'latitude': '76.5323', 'longitude': '14.4396'}, 'timezone': {'offset': '-6:00', 'description': 'Central Time (US &amp; Canada), Mexico City'}}, 'email': 'rebekka.goshko@example.com', 'login': {'uuid': 'b393503c-0ec8-40d4-b64b-8d7629ad5b75', 'username': 'silverlion858', 'password': 'coolguy', 'salt': '6UHbZqnA', 'md5': 'db07ba0b9fdf96b99c97df1b95edb465', 'sha1': 'fbb1eaa6608cee9088c94895fa480eec6f332a95', 'sha256': 'dbed92714ac28b59c68f5aaa0653418bde886285f88e395f7fa9549ad3e15f74'}, 'dob': {'date': '1972-05-11T22:21:29.913Z', 'age': 52}, 'registered': {'date': '2010-12-31T21:23:58.953Z', 'age': 13}, 'phone': '(097) Q83-7432', 'cell': '(066) R56-0884', 'id': {'name': '', 'value': None}, 'picture': {'large': 'https://randomuser.me/api/portraits/women/12.jpg', 'medium': 'https://randomuser.me/api/portraits/med/women/12.jpg', 'thumbnail': 'https://randomuser.me/api/portraits/thumb/women/12.jpg'}, 'nat': 'UA'}</msg>
<arg>${json_data['results'][0]}</arg>
<doc>Logs the given message with the given level.</doc>
<status status="PASS" start="2024-07-10T09:15:44.217912" elapsed="0.000432"/>
</kw>
<kw name="Log" owner="BuiltIn">
<msg time="2024-07-10T09:15:44.218790" level="INFO">name</msg>
<arg>${key}</arg>
<doc>Logs the given message with the given level.</doc>
<status status="PASS" start="2024-07-10T09:15:44.218663" elapsed="0.000164"/>
</kw>
<var name="${key}">name</var>
<status status="PASS" start="2024-07-10T09:15:44.217222" elapsed="0.001849"/>
</iter>
<iter>
<kw name="Dictionary Should Contain Key" owner="Collections">
<arg>${json_data['results'][0]}</arg>
<arg>${key}</arg>
<doc>Fails if ``key`` is not found from ``dictionary``.</doc>
<status status="PASS" start="2024-07-10T09:15:44.219358" elapsed="0.000381"/>
</kw>
<kw name="Log" owner="BuiltIn">
<msg time="2024-07-10T09:15:44.220266" level="INFO">{'gender': 'female', 'name': {'title': 'Mrs', 'first': 'Rebekka', 'last': 'Goshko'}, 'location': {'street': {'number': 3700, 'name': '8 Bereznya'}, 'city': 'Gorohiv', 'state': 'Ternopilska', 'country': 'Ukraine', 'postcode': 10077, 'coordinates': {'latitude': '76.5323', 'longitude': '14.4396'}, 'timezone': {'offset': '-6:00', 'description': 'Central Time (US &amp; Canada), Mexico City'}}, 'email': 'rebekka.goshko@example.com', 'login': {'uuid': 'b393503c-0ec8-40d4-b64b-8d7629ad5b75', 'username': 'silverlion858', 'password': 'coolguy', 'salt': '6UHbZqnA', 'md5': 'db07ba0b9fdf96b99c97df1b95edb465', 'sha1': 'fbb1eaa6608cee9088c94895fa480eec6f332a95', 'sha256': 'dbed92714ac28b59c68f5aaa0653418bde886285f88e395f7fa9549ad3e15f74'}, 'dob': {'date': '1972-05-11T22:21:29.913Z', 'age': 52}, 'registered': {'date': '2010-12-31T21:23:58.953Z', 'age': 13}, 'phone': '(097) Q83-7432', 'cell': '(066) R56-0884', 'id': {'name': '', 'value': None}, 'picture': {'large': 'https://randomuser.me/api/portraits/women/12.jpg', 'medium': 'https://randomuser.me/api/portraits/med/women/12.jpg', 'thumbnail': 'https://randomuser.me/api/portraits/thumb/women/12.jpg'}, 'nat': 'UA'}</msg>
<arg>${json_data['results'][0]}</arg>
<doc>Logs the given message with the given level.</doc>
<status status="PASS" start="2024-07-10T09:15:44.219920" elapsed="0.000394"/>
</kw>
<kw name="Log" owner="BuiltIn">
<msg time="2024-07-10T09:15:44.220737" level="INFO">location</msg>
<arg>${key}</arg>
<doc>Logs the given message with the given level.</doc>
<status status="PASS" start="2024-07-10T09:15:44.220610" elapsed="0.000164"/>
</kw>
<var name="${key}">location</var>
<status status="PASS" start="2024-07-10T09:15:44.219251" elapsed="0.001742"/>
</iter>
<iter>
<kw name="Dictionary Should Contain Key" owner="Collections">
<arg>${json_data['results'][0]}</arg>
<arg>${key}</arg>
<doc>Fails if ``key`` is not found from ``dictionary``.</doc>
<status status="PASS" start="2024-07-10T09:15:44.221271" elapsed="0.000384"/>
</kw>
<kw name="Log" owner="BuiltIn">
<msg time="2024-07-10T09:15:44.222190" level="INFO">{'gender': 'female', 'name': {'title': 'Mrs', 'first': 'Rebekka', 'last': 'Goshko'}, 'location': {'street': {'number': 3700, 'name': '8 Bereznya'}, 'city': 'Gorohiv', 'state': 'Ternopilska', 'country': 'Ukraine', 'postcode': 10077, 'coordinates': {'latitude': '76.5323', 'longitude': '14.4396'}, 'timezone': {'offset': '-6:00', 'description': 'Central Time (US &amp; Canada), Mexico City'}}, 'email': 'rebekka.goshko@example.com', 'login': {'uuid': 'b393503c-0ec8-40d4-b64b-8d7629ad5b75', 'username': 'silverlion858', 'password': 'coolguy', 'salt': '6UHbZqnA', 'md5': 'db07ba0b9fdf96b99c97df1b95edb465', 'sha1': 'fbb1eaa6608cee9088c94895fa480eec6f332a95', 'sha256': 'dbed92714ac28b59c68f5aaa0653418bde886285f88e395f7fa9549ad3e15f74'}, 'dob': {'date': '1972-05-11T22:21:29.913Z', 'age': 52}, 'registered': {'date': '2010-12-31T21:23:58.953Z', 'age': 13}, 'phone': '(097) Q83-7432', 'cell': '(066) R56-0884', 'id': {'name': '', 'value': None}, 'picture': {'large': 'https://randomuser.me/api/portraits/women/12.jpg', 'medium': 'https://randomuser.me/api/portraits/med/women/12.jpg', 'thumbnail': 'https://randomuser.me/api/portraits/thumb/women/12.jpg'}, 'nat': 'UA'}</msg>
<arg>${json_data['results'][0]}</arg>
<doc>Logs the given message with the given level.</doc>
<status status="PASS" start="2024-07-10T09:15:44.221845" elapsed="0.000402"/>
</kw>
<kw name="Log" owner="BuiltIn">
<msg time="2024-07-10T09:15:44.222671" level="INFO">email</msg>
<arg>${key}</arg>
<doc>Logs the given message with the given level.</doc>
<status status="PASS" start="2024-07-10T09:15:44.222541" elapsed="0.000167"/>
</kw>
<var name="${key}">email</var>
<status status="PASS" start="2024-07-10T09:15:44.221164" elapsed="0.001755"/>
</iter>
<iter>
<kw name="Dictionary Should Contain Key" owner="Collections">
<arg>${json_data['results'][0]}</arg>
<arg>${key}</arg>
<doc>Fails if ``key`` is not found from ``dictionary``.</doc>
<status status="PASS" start="2024-07-10T09:15:44.223230" elapsed="0.000385"/>
</kw>
<kw name="Log" owner="BuiltIn">
<msg time="2024-07-10T09:15:44.224145" level="INFO">{'gender': 'female', 'name': {'title': 'Mrs', 'first': 'Rebekka', 'last': 'Goshko'}, 'location': {'street': {'number': 3700, 'name': '8 Bereznya'}, 'city': 'Gorohiv', 'state': 'Ternopilska', 'country': 'Ukraine', 'postcode': 10077, 'coordinates': {'latitude': '76.5323', 'longitude': '14.4396'}, 'timezone': {'offset': '-6:00', 'description': 'Central Time (US &amp; Canada), Mexico City'}}, 'email': 'rebekka.goshko@example.com', 'login': {'uuid': 'b393503c-0ec8-40d4-b64b-8d7629ad5b75', 'username': 'silverlion858', 'password': 'coolguy', 'salt': '6UHbZqnA', 'md5': 'db07ba0b9fdf96b99c97df1b95edb465', 'sha1': 'fbb1eaa6608cee9088c94895fa480eec6f332a95', 'sha256': 'dbed92714ac28b59c68f5aaa0653418bde886285f88e395f7fa9549ad3e15f74'}, 'dob': {'date': '1972-05-11T22:21:29.913Z', 'age': 52}, 'registered': {'date': '2010-12-31T21:23:58.953Z', 'age': 13}, 'phone': '(097) Q83-7432', 'cell': '(066) R56-0884', 'id': {'name': '', 'value': None}, 'picture': {'large': 'https://randomuser.me/api/portraits/women/12.jpg', 'medium': 'https://randomuser.me/api/portraits/med/women/12.jpg', 'thumbnail': 'https://randomuser.me/api/portraits/thumb/women/12.jpg'}, 'nat': 'UA'}</msg>
<arg>${json_data['results'][0]}</arg>
<doc>Logs the given message with the given level.</doc>
<status status="PASS" start="2024-07-10T09:15:44.223798" elapsed="0.000396"/>
</kw>
<kw name="Log" owner="BuiltIn">
<msg time="2024-07-10T09:15:44.224615" level="INFO">login</msg>
<arg>${key}</arg>
<doc>Logs the given message with the given level.</doc>
<status status="PASS" start="2024-07-10T09:15:44.224487" elapsed="0.000165"/>
</kw>
<var name="${key}">login</var>
<status status="PASS" start="2024-07-10T09:15:44.223117" elapsed="0.001747"/>
</iter>
<var>${key}</var>
<value>@{expected_keys}</value>
<status status="PASS" start="2024-07-10T09:15:44.215031" elapsed="0.009957"/>
</for>
<kw name="Create List" owner="BuiltIn">
<msg time="2024-07-10T09:15:44.225319" level="INFO">${expected_keysTwo} = ['username', 'password']</msg>
<var>${expected_keysTwo}</var>
<arg>username</arg>
<arg>password</arg>
<doc>Returns a list containing given items.</doc>
<status status="PASS" start="2024-07-10T09:15:44.225179" elapsed="0.000192"/>
</kw>
<for flavor="IN">
<iter>
<kw name="Dictionary Should Contain Key" owner="Collections">
<arg>${json_data['results'][0]['login']}</arg>
<arg>${keyTwo}</arg>
<doc>Fails if ``key`` is not found from ``dictionary``.</doc>
<status status="PASS" start="2024-07-10T09:15:44.225874" elapsed="0.000390"/>
</kw>
<kw name="Dictionary Should Contain Key" owner="Collections">
<arg>${json_data['results'][0]['login']}</arg>
<arg>${keyTwo}</arg>
<doc>Fails if ``key`` is not found from ``dictionary``.</doc>
<status status="PASS" start="2024-07-10T09:15:44.226447" elapsed="0.000372"/>
</kw>
<kw name="Log" owner="BuiltIn">
<msg time="2024-07-10T09:15:44.227149" level="INFO">username</msg>
<arg>${keyTwo}</arg>
<doc>Logs the given message with the given level.</doc>
<status status="PASS" start="2024-07-10T09:15:44.227024" elapsed="0.000162"/>
</kw>
<var name="${keyTwo}">username</var>
<status status="PASS" start="2024-07-10T09:15:44.225767" elapsed="0.001694"/>
</iter>
<iter>
<kw name="Dictionary Should Contain Key" owner="Collections">
<arg>${json_data['results'][0]['login']}</arg>
<arg>${keyTwo}</arg>
<doc>Fails if ``key`` is not found from ``dictionary``.</doc>
<status status="PASS" start="2024-07-10T09:15:44.227864" elapsed="0.000506"/>
</kw>
<kw name="Dictionary Should Contain Key" owner="Collections">
<arg>${json_data['results'][0]['login']}</arg>
<arg>${keyTwo}</arg>
<doc>Fails if ``key`` is not found from ``dictionary``.</doc>
<status status="PASS" start="2024-07-10T09:15:44.228577" elapsed="0.000381"/>
</kw>
<kw name="Log" owner="BuiltIn">
<msg time="2024-07-10T09:15:44.229258" level="INFO">password</msg>
<arg>${keyTwo}</arg>
<doc>Logs the given message with the given level.</doc>
<status status="PASS" start="2024-07-10T09:15:44.229137" elapsed="0.000163"/>
</kw>
<var name="${keyTwo}">password</var>
<status status="PASS" start="2024-07-10T09:15:44.227709" elapsed="0.001906"/>
</iter>
<var>${keyTwo}</var>
<value>@{expected_keysTwo}</value>
<status status="PASS" start="2024-07-10T09:15:44.225615" elapsed="0.004122"/>
</for>
<status status="PASS" start="2024-07-10T09:15:44.115486" elapsed="0.114391"/>
</kw>
<doc>Testa a estrutura da resposta da API.</doc>
<tag>testeEstruturaResposta</tag>
<status status="PASS" start="2024-07-10T09:15:44.114874" elapsed="0.115151"/>
</test>
<test id="s1-s1-t4" name="Validar tipos de dados" line="28">
<kw name="Teste de Tipos de Dados" owner="random-user-service">
<kw name="GET On Session" owner="RequestsLibrary">
<msg time="2024-07-10T09:15:44.321937" level="INFO">GET Request : url=https://randomuser.me/api 
 path_url=/api 
 headers={'User-Agent': 'python-requests/2.32.3', 'Accept-Encoding': 'gzip, deflate', 'Accept': '*/*', 'Connection': 'keep-alive'} 
 body=None 
 </msg>
<msg time="2024-07-10T09:15:44.322021" level="INFO">GET Response : url=https://randomuser.me/api 
 status=200, reason=OK 
 headers={'Date': 'Wed, 10 Jul 2024 09:15:44 GMT', 'Content-Type': 'application/json; charset=utf-8', 'Transfer-Encoding': 'chunked', 'Connection': 'keep-alive', 'X-Powered-By': 'Express', 'Access-Control-Allow-Origin': '*', 'Cache-Control': 'no-cache', 'ETag': 'W/"4a0-er7f7j3rP7uWuKJ10BHKwVFA5Ng"', 'Vary': 'Accept-Encoding', 'Content-Encoding': 'gzip', 'CF-Cache-Status': 'DYNAMIC', 'Report-To': '{"endpoints":[{"url":"https:\\/\\/a.nel.cloudflare.com\\/report\\/v4?s=4CIhjh5ctKC2VkJwqiH0PfcTM9ocWsyHl4IqInLznvnHWxszDXuEqNO2HeqkaaghmMviLy9L0yFnkkVK%2BUjT1aD1I7jBFtByI62mmzbsnzu4oes%2FqMYhfY3CT9wbUcrX"}],"group":"cf-nel","max_age":604800}', 'NEL': '{"success_fraction":0,"report_to":"cf-nel","max_age":604800}', 'Server': 'cloudflare', 'CF-RAY': '8a0f7371785efade-SJC', 'alt-svc': 'h3=":443"; ma=86400'} 
 body={"results":[{"gender":"female","name":{"title":"Mrs","first":"Alexis","last":"Wang"},"location":{"street":{"number":2972,"name":"Port Hills Road"},"city":"Palmerston North","state":"Bay of Plenty","country":"New Zealand","postcode":24613,"coordinates":{"latitude":"50.8032","longitude":"17.6649"},"timezone":{"offset":"+8:00","description":"Beijing, Perth, Singapore, Hong Kong"}},"email":"alexis.wang@example.com","login":{"uuid":"0d9d4a91-2631-4aaa-839d-808de4b2ed57","username":"ticklishleopard140","password":"mother","salt":"AneONQXn","md5":"e8e46e37c2abc8dbfcbdc8a8958126be","sha1":"1595f19500b2eeb217ca63796e7a3af3b2bc6783","sha256":"0ccd8ce1f16c90e64007a5f5e9da641c4bfd0efe7f73fe0ec9e93e64a7542ca2"},"dob":{"date":"1974-06-11T18:25:54.787Z","age":50},"registered":{"date":"2019-06-13T01:10:52.267Z","age":5},"phone":"(271)-883-4108","cell":"(030)-666-9715","id":{"name":"","value":null},"picture":{"large":"https://randomuser.me/api/portraits/women/87.jpg","medium":"https://randomuser.me/api/portraits/med/women/87.jpg","thumbnail":"https://randomuser.me/api/portraits/thumb/women/87.jpg"},"nat":"NZ"}],"info":{"seed":"e78992ae9402c55d","results":1,"page":1,"version":"1.4"}} 
 </msg>
<msg time="2024-07-10T09:15:44.322094" level="INFO">/opt/hostedtoolcache/Python/3.12.4/x64/lib/python3.12/site-packages/urllib3/connectionpool.py:1099: InsecureRequestWarning: Unverified HTTPS request is being made to host 'randomuser.me'. Adding certificate verification is strongly advised. See: https://urllib3.readthedocs.io/en/latest/advanced-usage.html#tls-warnings
  warnings.warn(</msg>
<msg time="2024-07-10T09:15:44.322226" level="INFO">${response} = &lt;Response [200]&gt;</msg>
<var>${response}</var>
<arg>consultarAPI</arg>
<arg>/api</arg>
<doc>Sends a GET request on a previously created HTTP Session.</doc>
<status status="PASS" start="2024-07-10T09:15:44.232585" elapsed="0.089682"/>
</kw>
<kw name="Set Variable" owner="BuiltIn">
<msg time="2024-07-10T09:15:44.323139" level="INFO">${json_data} = {'results': [{'gender': 'female', 'name': {'title': 'Mrs', 'first': 'Alexis', 'last': 'Wang'}, 'location': {'street': {'number': 2972, 'name': 'Port Hills Road'}, 'city': 'Palmerston North', 'state': ...</msg>
<var>${json_data}</var>
<arg>${response.json()}</arg>
<doc>Returns the given values which can then be assigned to a variables.</doc>
<status status="PASS" start="2024-07-10T09:15:44.322640" elapsed="0.000528"/>
</kw>
<kw name="Log" owner="BuiltIn">
<msg time="2024-07-10T09:15:44.323631" level="INFO">{'results': [{'gender': 'female', 'name': {'title': 'Mrs', 'first': 'Alexis', 'last': 'Wang'}, 'location': {'street': {'number': 2972, 'name': 'Port Hills Road'}, 'city': 'Palmerston North', 'state': 'Bay of Plenty', 'country': 'New Zealand', 'postcode': 24613, 'coordinates': {'latitude': '50.8032', 'longitude': '17.6649'}, 'timezone': {'offset': '+8:00', 'description': 'Beijing, Perth, Singapore, Hong Kong'}}, 'email': 'alexis.wang@example.com', 'login': {'uuid': '0d9d4a91-2631-4aaa-839d-808de4b2ed57', 'username': 'ticklishleopard140', 'password': 'mother', 'salt': 'AneONQXn', 'md5': 'e8e46e37c2abc8dbfcbdc8a8958126be', 'sha1': '1595f19500b2eeb217ca63796e7a3af3b2bc6783', 'sha256': '0ccd8ce1f16c90e64007a5f5e9da641c4bfd0efe7f73fe0ec9e93e64a7542ca2'}, 'dob': {'date': '1974-06-11T18:25:54.787Z', 'age': 50}, 'registered': {'date': '2019-06-13T01:10:52.267Z', 'age': 5}, 'phone': '(271)-883-4108', 'cell': '(030)-666-9715', 'id': {'name': '', 'value': None}, 'picture': {'large': 'https://randomuser.me/api/portraits/women/87.jpg', 'medium': 'https://randomuser.me/api/portraits/med/women/87.jpg', 'thumbnail': 'https://randomuser.me/api/portraits/thumb/women/87.jpg'}, 'nat': 'NZ'}], 'info': {'seed': 'e78992ae9402c55d', 'results': 1, 'page': 1, 'version': '1.4'}}</msg>
<arg>${json_data}</arg>
<doc>Logs the given message with the given level.</doc>
<status status="PASS" start="2024-07-10T09:15:44.323478" elapsed="0.000200"/>
</kw>
<kw name="Should Be String" owner="String">
<arg>${json_data['results'][0]['gender']}</arg>
<doc>Fails if the given ``item`` is not a string.</doc>
<status status="PASS" start="2024-07-10T09:15:44.323976" elapsed="0.000360"/>
</kw>
<kw name="Should Match Regexp" owner="BuiltIn">
<arg>${json_data['results'][0]['email']}</arg>
<arg>^[a-zA-Z0-9._%+-]+@[a-zA-Z0-9.-]+\.[a-zA-Z]{2,}$</arg>
<doc>Fails if ``string`` does not match ``pattern`` as a regular expression.</doc>
<status status="PASS" start="2024-07-10T09:15:44.324525" elapsed="0.000552"/>
</kw>
<kw name="Should Match Regexp" owner="BuiltIn">
<arg>${json_data['results'][0]['dob']['date']}</arg>
<arg>\\d{4}-\\d{2}-\\d{2}T\\d{2}:\\d{2}:\\d{2}\\.\\d{3}Z</arg>
<doc>Fails if ``string`` does not match ``pattern`` as a regular expression.</doc>
<status status="PASS" start="2024-07-10T09:15:44.325275" elapsed="0.000484"/>
</kw>
<kw name="Should Match Regexp" owner="BuiltIn">
<arg>${json_data['results'][0]['registered']['date']}</arg>
<arg>\\d{4}-\\d{2}-\\d{2}T\\d{2}:\\d{2}:\\d{2}\\.\\d{3}Z</arg>
<doc>Fails if ``string`` does not match ``pattern`` as a regular expression.</doc>
<status status="PASS" start="2024-07-10T09:15:44.325950" elapsed="0.000372"/>
</kw>
<kw name="Should Match Regexp" owner="BuiltIn">
<arg>${json_data['results'][0]['picture']['large']}</arg>
<arg>^https?://.*\.(?:png|jpe?g|gif|bmp)$</arg>
<doc>Fails if ``string`` does not match ``pattern`` as a regular expression.</doc>
<status status="PASS" start="2024-07-10T09:15:44.326510" elapsed="0.000501"/>
</kw>
<kw name="Should Match Regexp" owner="BuiltIn">
<arg>${json_data['results'][0]['picture']['medium']}</arg>
<arg>^https?://.*\.(?:png|jpe?g|gif|bmp)$</arg>
<doc>Fails if ``string`` does not match ``pattern`` as a regular expression.</doc>
<status status="PASS" start="2024-07-10T09:15:44.327215" elapsed="0.000356"/>
</kw>
<kw name="Should Match Regexp" owner="BuiltIn">
<arg>${json_data['results'][0]['picture']['thumbnail']}</arg>
<arg>^https?://.*\.(?:png|jpe?g|gif|bmp)$</arg>
<doc>Fails if ``string`` does not match ``pattern`` as a regular expression.</doc>
<status status="PASS" start="2024-07-10T09:15:44.327754" elapsed="0.000347"/>
</kw>
<kw name="Log" owner="BuiltIn">
<msg time="2024-07-10T09:15:44.328619" level="INFO">{'large': 'https://randomuser.me/api/portraits/women/87.jpg', 'medium': 'https://randomuser.me/api/portraits/med/women/87.jpg', 'thumbnail': 'https://randomuser.me/api/portraits/thumb/women/87.jpg'}</msg>
<arg>${json_data['results'][0]['picture']}</arg>
<doc>Logs the given message with the given level.</doc>
<status status="PASS" start="2024-07-10T09:15:44.328285" elapsed="0.000376"/>
</kw>
<status status="PASS" start="2024-07-10T09:15:44.232360" elapsed="0.096555"/>
</kw>
<kw name="Teste de Tipos de Dados - Postcode" owner="random-user-service">
<kw name="GET On Session" owner="RequestsLibrary">
<msg time="2024-07-10T09:15:44.427746" level="INFO">GET Request : url=https://randomuser.me/api 
 path_url=/api 
 headers={'User-Agent': 'python-requests/2.32.3', 'Accept-Encoding': 'gzip, deflate', 'Accept': '*/*', 'Connection': 'keep-alive'} 
 body=None 
 </msg>
<msg time="2024-07-10T09:15:44.427823" level="INFO">GET Response : url=https://randomuser.me/api 
 status=200, reason=OK 
 headers={'Date': 'Wed, 10 Jul 2024 09:15:44 GMT', 'Content-Type': 'application/json; charset=utf-8', 'Transfer-Encoding': 'chunked', 'Connection': 'keep-alive', 'X-Powered-By': 'Express', 'Access-Control-Allow-Origin': '*', 'Cache-Control': 'no-cache', 'ETag': 'W/"4a0-ofJZzngVB0nrFjH4wnWzVFwPBCA"', 'Vary': 'Accept-Encoding', 'Content-Encoding': 'gzip', 'CF-Cache-Status': 'DYNAMIC', 'Report-To': '{"endpoints":[{"url":"https:\\/\\/a.nel.cloudflare.com\\/report\\/v4?s=ku3w%2FLXXGqoRGnXk2c%2FKUq6fhAUut7ELrycEkC7PNYhnDGwkp4Yb7bPhGPL18J1Cfmc3ZwIqrP2jxyL1tvI2%2FPrLdI9Vcbuy47I%2Fya2VAuhObEyhq8XNjrXsRo9NAk5a"}],"group":"cf-nel","max_age":604800}', 'NEL': '{"success_fraction":0,"report_to":"cf-nel","max_age":604800}', 'Server': 'cloudflare', 'CF-RAY': '8a0f737218c6fade-SJC', 'alt-svc': 'h3=":443"; ma=86400'} 
 body={"results":[{"gender":"female","name":{"title":"Mrs","first":"Rosinha","last":"Gonçalves"},"location":{"street":{"number":2862,"name":"Rua Paraíba "},"city":"Ribeirão Preto","state":"Alagoas","country":"Brazil","postcode":90703,"coordinates":{"latitude":"-80.7790","longitude":"108.5507"},"timezone":{"offset":"-12:00","description":"Eniwetok, Kwajalein"}},"email":"rosinha.goncalves@example.com","login":{"uuid":"d88047b0-ebcc-436b-8f36-4d3c842b965d","username":"happyelephant849","password":"cannabis","salt":"TXUozUq8","md5":"c60e7e5be2e3bd47d9bbe2b640f57a56","sha1":"c28eecb95c7d021e22944fc0e1d17441ad3959b2","sha256":"946d64a079b38791c900e9efdb04cfa42c87fe1a2f6f94306f87ba7c9f4257b9"},"dob":{"date":"1956-02-06T07:16:13.645Z","age":68},"registered":{"date":"2017-11-15T21:59:56.001Z","age":6},"phone":"(21) 6633-8352","cell":"(67) 3131-4140","id":{"name":"CPF","value":"083.710.238-01"},"picture":{"large":"https://randomuser.me/api/portraits/women/49.jpg","medium":"https://randomuser.me/api/portraits/med/women/49.jpg","thumbnail":"https://randomuser.me/api/portraits/thumb/women/49.jpg"},"nat":"BR"}],"info":{"seed":"ded2adb14d81a553","results":1,"page":1,"version":"1.4"}} 
 </msg>
<msg time="2024-07-10T09:15:44.427892" level="INFO">/opt/hostedtoolcache/Python/3.12.4/x64/lib/python3.12/site-packages/urllib3/connectionpool.py:1099: InsecureRequestWarning: Unverified HTTPS request is being made to host 'randomuser.me'. Adding certificate verification is strongly advised. See: https://urllib3.readthedocs.io/en/latest/advanced-usage.html#tls-warnings
  warnings.warn(</msg>
<msg time="2024-07-10T09:15:44.427994" level="INFO">${response} = &lt;Response [200]&gt;</msg>
<var>${response}</var>
<arg>consultarAPI</arg>
<arg>/api</arg>
<doc>Sends a GET request on a previously created HTTP Session.</doc>
<status status="PASS" start="2024-07-10T09:15:44.329350" elapsed="0.098684"/>
</kw>
<kw name="Set Variable" owner="BuiltIn">
<msg time="2024-07-10T09:15:44.428927" level="INFO">${json_data} = {'results': [{'gender': 'female', 'name': {'title': 'Mrs', 'first': 'Rosinha', 'last': 'Gonçalves'}, 'location': {'street': {'number': 2862, 'name': 'Rua Paraíba '}, 'city': 'Ribeirão Preto', 'state':...</msg>
<var>${json_data}</var>
<arg>${response.json()}</arg>
<doc>Returns the given values which can then be assigned to a variables.</doc>
<status status="PASS" start="2024-07-10T09:15:44.428471" elapsed="0.000487"/>
</kw>
<kw name="Log" owner="BuiltIn">
<msg time="2024-07-10T09:15:44.429434" level="INFO">{'results': [{'gender': 'female', 'name': {'title': 'Mrs', 'first': 'Rosinha', 'last': 'Gonçalves'}, 'location': {'street': {'number': 2862, 'name': 'Rua Paraíba '}, 'city': 'Ribeirão Preto', 'state': 'Alagoas', 'country': 'Brazil', 'postcode': 90703, 'coordinates': {'latitude': '-80.7790', 'longitude': '108.5507'}, 'timezone': {'offset': '-12:00', 'description': 'Eniwetok, Kwajalein'}}, 'email': 'rosinha.goncalves@example.com', 'login': {'uuid': 'd88047b0-ebcc-436b-8f36-4d3c842b965d', 'username': 'happyelephant849', 'password': 'cannabis', 'salt': 'TXUozUq8', 'md5': 'c60e7e5be2e3bd47d9bbe2b640f57a56', 'sha1': 'c28eecb95c7d021e22944fc0e1d17441ad3959b2', 'sha256': '946d64a079b38791c900e9efdb04cfa42c87fe1a2f6f94306f87ba7c9f4257b9'}, 'dob': {'date': '1956-02-06T07:16:13.645Z', 'age': 68}, 'registered': {'date': '2017-11-15T21:59:56.001Z', 'age': 6}, 'phone': '(21) 6633-8352', 'cell': '(67) 3131-4140', 'id': {'name': 'CPF', 'value': '083.710.238-01'}, 'picture': {'large': 'https://randomuser.me/api/portraits/women/49.jpg', 'medium': 'https://randomuser.me/api/portraits/med/women/49.jpg', 'thumbnail': 'https://randomuser.me/api/portraits/thumb/women/49.jpg'}, 'nat': 'BR'}], 'info': {'seed': 'ded2adb14d81a553', 'results': 1, 'page': 1, 'version': '1.4'}}</msg>
<arg>${json_data}</arg>
<doc>Logs the given message with the given level.</doc>
<status status="PASS" start="2024-07-10T09:15:44.429264" elapsed="0.000219"/>
</kw>
<kw name="Should Be Equal As Numbers" owner="BuiltIn">
<arg>${json_data['results'][0]['location']['postcode']}</arg>
<arg>${json_data['results'][0]['location']['postcode']}</arg>
<doc>Fails if objects are unequal after converting them to real numbers.</doc>
<status status="PASS" start="2024-07-10T09:15:44.429771" elapsed="0.000614"/>
</kw>
<kw name="Log" owner="BuiltIn">
<msg time="2024-07-10T09:15:44.431099" level="INFO">90703</msg>
<arg>${json_data['results'][0]['location']['postcode']}</arg>
<doc>Logs the given message with the given level.</doc>
<status status="PASS" start="2024-07-10T09:15:44.430580" elapsed="0.000595"/>
</kw>
<status status="PASS" start="2024-07-10T09:15:44.329130" elapsed="0.102304"/>
</kw>
<doc>Testa se os tipos de dados na resposta da API estão corretos.</doc>
<tag>testeTiposDados</tag>
<status status="PASS" start="2024-07-10T09:15:44.231835" elapsed="0.199758"/>
</test>
<test id="s1-s1-t5" name="Validar conteudo" line="35">
<kw name="Teste de Tipos de Conteudo" owner="random-user-service">
<kw name="GET On Session" owner="RequestsLibrary">
<msg time="2024-07-10T09:15:44.525839" level="INFO">GET Request : url=https://randomuser.me/api 
 path_url=/api 
 headers={'User-Agent': 'python-requests/2.32.3', 'Accept-Encoding': 'gzip, deflate', 'Accept': '*/*', 'Connection': 'keep-alive'} 
 body=None 
 </msg>
<msg time="2024-07-10T09:15:44.525918" level="INFO">GET Response : url=https://randomuser.me/api 
 status=200, reason=OK 
 headers={'Date': 'Wed, 10 Jul 2024 09:15:44 GMT', 'Content-Type': 'application/json; charset=utf-8', 'Transfer-Encoding': 'chunked', 'Connection': 'keep-alive', 'X-Powered-By': 'Express', 'Access-Control-Allow-Origin': '*', 'Cache-Control': 'no-cache', 'ETag': 'W/"47c-xrkHvHlgJoZcKDcFp7acgV/QbXE"', 'Vary': 'Accept-Encoding', 'Content-Encoding': 'gzip', 'CF-Cache-Status': 'DYNAMIC', 'Report-To': '{"endpoints":[{"url":"https:\\/\\/a.nel.cloudflare.com\\/report\\/v4?s=O3PueHOWIzFsIeOQgaGVAFNuiS8ZIVr%2FtgPWzfUhwC9hdfN%2Bk0nt1sKrv0V%2BZXYtkGDjv%2BnUPr2S5qjOik3ocbibNMXdfs9IkSl13E346hjpIFcsYTM8dZ3LDrwgK6le"}],"group":"cf-nel","max_age":604800}', 'NEL': '{"success_fraction":0,"report_to":"cf-nel","max_age":604800}', 'Server': 'cloudflare', 'CF-RAY': '8a0f7372b92afade-SJC', 'alt-svc': 'h3=":443"; ma=86400'} 
 body={"results":[{"gender":"male","name":{"title":"Mr","first":"Fatih","last":"Durmaz"},"location":{"street":{"number":9296,"name":"Bağdat Cd"},"city":"Mardin","state":"Bitlis","country":"Turkey","postcode":72610,"coordinates":{"latitude":"72.7938","longitude":"-72.8032"},"timezone":{"offset":"+5:30","description":"Bombay, Calcutta, Madras, New Delhi"}},"email":"fatih.durmaz@example.com","login":{"uuid":"64bed92b-46fa-4788-b181-dba111c4fb8e","username":"orangebutterfly852","password":"absolut","salt":"py0OCGF9","md5":"710151bd615723fa2aa7a87d8ebcbe90","sha1":"7328fc1c474ac7b3848117706f2e452854e7d59a","sha256":"70ed63f610cf966fda9458d52532b3eb334a16a644d10cfbf80cc33db0b7966d"},"dob":{"date":"1986-05-22T21:30:16.846Z","age":38},"registered":{"date":"2015-11-17T05:59:04.994Z","age":8},"phone":"(008)-297-5917","cell":"(770)-457-1810","id":{"name":"","value":null},"picture":{"large":"https://randomuser.me/api/portraits/men/9.jpg","medium":"https://randomuser.me/api/portraits/med/men/9.jpg","thumbnail":"https://randomuser.me/api/portraits/thumb/men/9.jpg"},"nat":"TR"}],"info":{"seed":"833e14811b05ea74","results":1,"page":1,"version":"1.4"}} 
 </msg>
<msg time="2024-07-10T09:15:44.525989" level="INFO">/opt/hostedtoolcache/Python/3.12.4/x64/lib/python3.12/site-packages/urllib3/connectionpool.py:1099: InsecureRequestWarning: Unverified HTTPS request is being made to host 'randomuser.me'. Adding certificate verification is strongly advised. See: https://urllib3.readthedocs.io/en/latest/advanced-usage.html#tls-warnings
  warnings.warn(</msg>
<msg time="2024-07-10T09:15:44.526102" level="INFO">${response} = &lt;Response [200]&gt;</msg>
<var>${response}</var>
<arg>consultarAPI</arg>
<arg>/api</arg>
<doc>Sends a GET request on a previously created HTTP Session.</doc>
<status status="PASS" start="2024-07-10T09:15:44.434051" elapsed="0.092102"/>
</kw>
<kw name="Set Variable" owner="BuiltIn">
<msg time="2024-07-10T09:15:44.527255" level="INFO">${json_data} = {'results': [{'gender': 'male', 'name': {'title': 'Mr', 'first': 'Fatih', 'last': 'Durmaz'}, 'location': {'street': {'number': 9296, 'name': 'Bağdat Cd'}, 'city': 'Mardin', 'state': 'Bitlis', 'country...</msg>
<var>${json_data}</var>
<arg>${response.json()}</arg>
<doc>Returns the given values which can then be assigned to a variables.</doc>
<status status="PASS" start="2024-07-10T09:15:44.526668" elapsed="0.000620"/>
</kw>
<kw name="Set Variable" owner="BuiltIn">
<msg time="2024-07-10T09:15:44.528002" level="INFO">${name_title} = Mr</msg>
<var>${name_title}</var>
<arg>${json_data["results"][0]["name"]["title"]}</arg>
<doc>Returns the given values which can then be assigned to a variables.</doc>
<status status="PASS" start="2024-07-10T09:15:44.527612" elapsed="0.000416"/>
</kw>
<kw name="Create List" owner="BuiltIn">
<msg time="2024-07-10T09:15:44.528480" level="INFO">${allowed_titles} = ['Mr', 'Ms', 'Miss', 'Mrs', 'Madame', 'Monsieur']</msg>
<var>${allowed_titles}</var>
<arg>Mr</arg>
<arg>Ms</arg>
<arg>Miss</arg>
<arg>Mrs</arg>
<arg>Madame</arg>
<arg>Monsieur</arg>
<doc>Returns a list containing given items.</doc>
<status status="PASS" start="2024-07-10T09:15:44.528331" elapsed="0.000174"/>
</kw>
<kw name="List Should Contain Value" owner="Collections">
<arg>${allowed_titles}</arg>
<arg>${name_title}</arg>
<doc>Fails if the ``value`` is not found from ``list``.</doc>
<status status="PASS" start="2024-07-10T09:15:44.528803" elapsed="0.000177"/>
</kw>
<kw name="Set Variable" owner="BuiltIn">
<msg time="2024-07-10T09:15:44.529526" level="INFO">${name_country} = TR</msg>
<var>${name_country}</var>
<arg>${json_data["results"][0]["nat"]}</arg>
<doc>Returns the given values which can then be assigned to a variables.</doc>
<status status="PASS" start="2024-07-10T09:15:44.529158" elapsed="0.000394"/>
</kw>
<kw name="Create List" owner="BuiltIn">
<msg time="2024-07-10T09:15:44.530436" level="INFO">${list_country} = ['AD', 'AE', 'AF', 'AG', 'AI', 'AL', 'AM', 'AO', 'AQ', 'AR', 'AS', 'AT', 'AU', 'AW', 'AX', 'AZ', 'BA', 'BB', 'BD', 'BE', 'BF', 'BG', 'BH', 'BI', 'BJ', 'BL', 'BM', 'BN', 'BO', 'BQ', 'BR', 'BS', 'BT', '...</msg>
<var>${list_country}</var>
<arg>AD</arg>
<arg>AE</arg>
<arg>AF</arg>
<arg>AG</arg>
<arg>AI</arg>
<arg>AL</arg>
<arg>AM</arg>
<arg>AO</arg>
<arg>AQ</arg>
<arg>AR</arg>
<arg>AS</arg>
<arg>AT</arg>
<arg>AU</arg>
<arg>AW</arg>
<arg>AX</arg>
<arg>AZ</arg>
<arg>BA</arg>
<arg>BB</arg>
<arg>BD</arg>
<arg>BE</arg>
<arg>BF</arg>
<arg>BG</arg>
<arg>BH</arg>
<arg>BI</arg>
<arg>BJ</arg>
<arg>BL</arg>
<arg>BM</arg>
<arg>BN</arg>
<arg>BO</arg>
<arg>BQ</arg>
<arg>BR</arg>
<arg>BS</arg>
<arg>BT</arg>
<arg>BV</arg>
<arg>BW</arg>
<arg>BY</arg>
<arg>BZ</arg>
<arg>CA</arg>
<arg>CC</arg>
<arg>CD</arg>
<arg>CF</arg>
<arg>CG</arg>
<arg>CH</arg>
<arg>CI</arg>
<arg>CK</arg>
<arg>CL</arg>
<arg>CM</arg>
<arg>CN</arg>
<arg>CO</arg>
<arg>CR</arg>
<arg>CU</arg>
<arg>CV</arg>
<arg>CW</arg>
<arg>CX</arg>
<arg>CY</arg>
<arg>CZ</arg>
<arg>DE</arg>
<arg>DJ</arg>
<arg>DK</arg>
<arg>DM</arg>
<arg>DO</arg>
<arg>DZ</arg>
<arg>EC</arg>
<arg>EE</arg>
<arg>EG</arg>
<arg>EH</arg>
<arg>ER</arg>
<arg>ES</arg>
<arg>ET</arg>
<arg>FI</arg>
<arg>FJ</arg>
<arg>FK</arg>
<arg>FM</arg>
<arg>FO</arg>
<arg>FR</arg>
<arg>GA</arg>
<arg>GB</arg>
<arg>GD</arg>
<arg>GE</arg>
<arg>GF</arg>
<arg>GG</arg>
<arg>GH</arg>
<arg>GI</arg>
<arg>GL</arg>
<arg>GM</arg>
<arg>GN</arg>
<arg>GP</arg>
<arg>GQ</arg>
<arg>GR</arg>
<arg>GS</arg>
<arg>GT</arg>
<arg>GU</arg>
<arg>GW</arg>
<arg>GY</arg>
<arg>HK</arg>
<arg>HM</arg>
<arg>HN</arg>
<arg>HR</arg>
<arg>HT</arg>
<arg>HU</arg>
<arg>ID</arg>
<arg>IE</arg>
<arg>IL</arg>
<arg>IM</arg>
<arg>IN</arg>
<arg>IO</arg>
<arg>IQ</arg>
<arg>IR</arg>
<arg>IS</arg>
<arg>IT</arg>
<arg>JE</arg>
<arg>JM</arg>
<arg>JO</arg>
<arg>JP</arg>
<arg>KE</arg>
<arg>KG</arg>
<arg>KH</arg>
<arg>KI</arg>
<arg>KM</arg>
<arg>KN</arg>
<arg>KP</arg>
<arg>KR</arg>
<arg>KW</arg>
<arg>KY</arg>
<arg>KZ</arg>
<arg>LA</arg>
<arg>LB</arg>
<arg>LC</arg>
<arg>LI</arg>
<arg>LK</arg>
<arg>LR</arg>
<arg>LS</arg>
<arg>LT</arg>
<arg>LU</arg>
<arg>LV</arg>
<arg>LY</arg>
<arg>MA</arg>
<arg>MC</arg>
<arg>MD</arg>
<arg>ME</arg>
<arg>MF</arg>
<arg>MG</arg>
<arg>MH</arg>
<arg>MK</arg>
<arg>ML</arg>
<arg>MM</arg>
<arg>MN</arg>
<arg>MO</arg>
<arg>MP</arg>
<arg>MQ</arg>
<arg>MR</arg>
<arg>MS</arg>
<arg>MT</arg>
<arg>MU</arg>
<arg>MV</arg>
<arg>MW</arg>
<arg>MX</arg>
<arg>MY</arg>
<arg>MZ</arg>
<arg>NA</arg>
<arg>NC</arg>
<arg>NE</arg>
<arg>NF</arg>
<arg>NG</arg>
<arg>NI</arg>
<arg>NL</arg>
<arg>NO</arg>
<arg>NP</arg>
<arg>NR</arg>
<arg>NU</arg>
<arg>NZ</arg>
<arg>OM</arg>
<arg>PA</arg>
<arg>PE</arg>
<arg>PF</arg>
<arg>PG</arg>
<arg>PH</arg>
<arg>PK</arg>
<arg>PL</arg>
<arg>PM</arg>
<arg>PN</arg>
<arg>PR</arg>
<arg>PS</arg>
<arg>PT</arg>
<arg>PW</arg>
<arg>PY</arg>
<arg>QA</arg>
<arg>RE</arg>
<arg>RO</arg>
<arg>RS</arg>
<arg>RU</arg>
<arg>RW</arg>
<arg>SA</arg>
<arg>SB</arg>
<arg>SC</arg>
<arg>SD</arg>
<arg>SE</arg>
<arg>SG</arg>
<arg>SH</arg>
<arg>SI</arg>
<arg>SJ</arg>
<arg>SK</arg>
<arg>SL</arg>
<arg>SM</arg>
<arg>SN</arg>
<arg>SO</arg>
<arg>SR</arg>
<arg>SS</arg>
<arg>ST</arg>
<arg>SV</arg>
<arg>SX</arg>
<arg>SY</arg>
<arg>SZ</arg>
<arg>TC</arg>
<arg>TD</arg>
<arg>TF</arg>
<arg>TG</arg>
<arg>TH</arg>
<arg>TJ</arg>
<arg>TK</arg>
<arg>TL</arg>
<arg>TM</arg>
<arg>TN</arg>
<arg>TO</arg>
<arg>TR</arg>
<arg>TT</arg>
<arg>TV</arg>
<arg>TW</arg>
<arg>TZ</arg>
<arg>UA</arg>
<arg>UG</arg>
<arg>UM</arg>
<arg>US</arg>
<arg>UY</arg>
<arg>UZ</arg>
<arg>VA</arg>
<arg>VC</arg>
<arg>VE</arg>
<arg>VG</arg>
<arg>VI</arg>
<arg>VN</arg>
<arg>VU</arg>
<arg>WF</arg>
<arg>WS</arg>
<arg>XK</arg>
<arg>YE</arg>
<arg>YT</arg>
<arg>ZA</arg>
<arg>ZM</arg>
<arg>ZW</arg>
<doc>Returns a list containing given items.</doc>
<status status="PASS" start="2024-07-10T09:15:44.529846" elapsed="0.000616"/>
</kw>
<kw name="List Should Contain Value" owner="Collections">
<arg>${list_country}</arg>
<arg>${name_country}</arg>
<doc>Fails if the ``value`` is not found from ``list``.</doc>
<status status="PASS" start="2024-07-10T09:15:44.531291" elapsed="0.000207"/>
</kw>
<kw name="Run Keyword If" owner="BuiltIn">
<kw name="Should Be True" owner="BuiltIn">
<arg>${True}</arg>
<doc>Fails if the given condition is not true.</doc>
<status status="PASS" start="2024-07-10T09:15:44.532433" elapsed="0.000142"/>
</kw>
<arg>${json_data["results"][0]["location"]["coordinates"]["latitude"]} &gt;= -90 and ${json_data["results"][0]["location"]["coordinates"]["latitude"]} &lt;= 90</arg>
<arg>Should Be True</arg>
<arg>${True}</arg>
<doc>Runs the given keyword with the given arguments, if ``condition`` is true.</doc>
<status status="PASS" start="2024-07-10T09:15:44.531692" elapsed="0.001010"/>
</kw>
<kw name="Run Keyword If" owner="BuiltIn">
<kw name="Should Be True" owner="BuiltIn">
<arg>${True}</arg>
<doc>Fails if the given condition is not true.</doc>
<status status="PASS" start="2024-07-10T09:15:44.533582" elapsed="0.000231"/>
</kw>
<arg>${json_data["results"][0]["location"]["coordinates"]["longitude"]} &gt;= -180 and ${json_data["results"][0]["location"]["coordinates"]["longitude"]} &lt;= 180</arg>
<arg>Should Be True</arg>
<arg>${True}</arg>
<doc>Runs the given keyword with the given arguments, if ``condition`` is true.</doc>
<status status="PASS" start="2024-07-10T09:15:44.532884" elapsed="0.001057"/>
</kw>
<status status="PASS" start="2024-07-10T09:15:44.433834" elapsed="0.100236"/>
</kw>
<doc>Testa o conteúdo específico dos campos retornados pela API.</doc>
<tag>testeConteudo</tag>
<status status="PASS" start="2024-07-10T09:15:44.433327" elapsed="0.100887"/>
</test>
<status status="PASS" start="2024-07-10T09:15:43.602781" elapsed="0.933426"/>
</suite>
<status status="PASS" start="2024-07-10T09:15:43.588430" elapsed="0.952806"/>
</suite>
<statistics>
<total>
<stat pass="5" fail="0" skip="0">All Tests</stat>
</total>
<tag>
<stat pass="1" fail="0" skip="0">testeConteudo</stat>
<stat pass="1" fail="0" skip="0">testeEstruturaResposta</stat>
<stat pass="1" fail="0" skip="0">testeRequisicaoBasica</stat>
<stat pass="1" fail="0" skip="0">testeTiposDados</stat>
</tag>
<suite>
<stat pass="5" fail="0" skip="0" id="s1" name="Tests">Tests</stat>
<stat pass="5" fail="0" skip="0" id="s1-s1" name="Random-User-Test">Tests.Random-User-Test</stat>
</suite>
</statistics>
<errors>
</errors>
</robot>
