<?xml version="1.0" encoding="UTF-8"?>
<robot generator="Robot 7.0.1 (Python 3.12.4 on linux)" generated="2024-06-29T18:18:13.816230" rpa="false" schemaversion="5">
<suite id="s1" name="Tests" source="/home/runner/work/ApiRandomUser/ApiRandomUser/RamdonUser/tests">
<suite id="s1-s1" name="Random-User-Test" source="/home/runner/work/ApiRandomUser/ApiRandomUser/RamdonUser/tests/random-user-test.robot">
<test id="s1-s1-t1" name="Conectar" line="13">
<kw name="Conectar API" owner="random-user-service">
<kw name="Create Session" owner="RequestsLibrary">
<msg time="2024-06-29T18:18:14.210387" level="INFO">Creating Session using : alias=consultarAPI, url=https://randomuser.me/, headers={},                     cookies={}, auth=None, timeout=None, proxies=None, verify=False,                     debug=0 </msg>
<arg>consultarAPI</arg>
<arg>${URL}</arg>
<doc>Create Session: create a HTTP session to a server</doc>
<status status="PASS" start="2024-06-29T18:18:14.210195" elapsed="0.000357"/>
</kw>
<status status="PASS" start="2024-06-29T18:18:14.209298" elapsed="0.001597"/>
</kw>
<status status="PASS" start="2024-06-29T18:18:14.208714" elapsed="0.002369"/>
</test>
<test id="s1-s1-t2" name="Validar retorno 200 e JSON Válido" line="16">
<kw name="Teste de Requisicao Basica" owner="random-user-service">
<kw name="GET On Session" owner="RequestsLibrary">
<msg time="2024-06-29T18:18:14.400058" level="INFO">GET Request : url=https://randomuser.me/api 
 path_url=/api 
 headers={'User-Agent': 'python-requests/2.32.3', 'Accept-Encoding': 'gzip, deflate', 'Accept': '*/*', 'Connection': 'keep-alive'} 
 body=None 
 </msg>
<msg time="2024-06-29T18:18:14.400195" level="INFO">GET Response : url=https://randomuser.me/api 
 status=200, reason=OK 
 headers={'Date': 'Sat, 29 Jun 2024 18:18:14 GMT', 'Content-Type': 'application/json; charset=utf-8', 'Transfer-Encoding': 'chunked', 'Connection': 'keep-alive', 'X-Powered-By': 'Express', 'Access-Control-Allow-Origin': '*', 'Cache-Control': 'no-cache', 'ETag': 'W/"479-9/i9GW/eyUSP1WoGHU7SuDucuEM"', 'Vary': 'Accept-Encoding', 'Content-Encoding': 'gzip', 'CF-Cache-Status': 'DYNAMIC', 'Report-To': '{"endpoints":[{"url":"https:\\/\\/a.nel.cloudflare.com\\/report\\/v4?s=ndcfeNqPryTLYSS9NHiQ%2BY%2BuoCkBaSc2xLrYhPS%2FSx8%2BSjD0hd0BmIEICvzXl9nTHwuit4wtBt7yIec2pBqMdruRu8vJtAhI1T655J3XpLBlqsWEXUrVgSMMZE3afhBD"}],"group":"cf-nel","max_age":604800}', 'NEL': '{"success_fraction":0,"report_to":"cf-nel","max_age":604800}', 'Server': 'cloudflare', 'CF-RAY': '89b7eaffbc358232-IAD', 'alt-svc': 'h3=":443"; ma=86400'} 
 body={"results":[{"gender":"male","name":{"title":"Mr","first":"Vilho","last":"Puro"},"location":{"street":{"number":1977,"name":"Tehtaankatu"},"city":"Yli","state":"Kainuu","country":"Finland","postcode":26218,"coordinates":{"latitude":"-24.3695","longitude":"-95.4088"},"timezone":{"offset":"+6:00","description":"Almaty, Dhaka, Colombo"}},"email":"vilho.puro@example.com","login":{"uuid":"fbc3ef22-27fe-4c94-9c7c-262d7573aaad","username":"heavyrabbit261","password":"shadow1","salt":"hE93XKr1","md5":"b342d7cd1ded13197e0637ddf12342ff","sha1":"587cc6f9a7cf5dbec893674da033627c41d2e012","sha256":"483515174f3670642f367438ab881ad4eadecf7f32be920dbb64e21c04d6beb0"},"dob":{"date":"1968-03-26T03:57:27.119Z","age":56},"registered":{"date":"2005-05-08T01:07:40.420Z","age":19},"phone":"05-342-666","cell":"048-703-02-78","id":{"name":"HETU","value":"NaNNA313undefined"},"picture":{"large":"https://randomuser.me/api/portraits/men/84.jpg","medium":"https://randomuser.me/api/portraits/med/men/84.jpg","thumbnail":"https://randomuser.me/api/portraits/thumb/men/84.jpg"},"nat":"FI"}],"info":{"seed":"1e6675c52a0f03ad","results":1,"page":1,"version":"1.4"}} 
 </msg>
<msg time="2024-06-29T18:18:14.400286" level="INFO">/opt/hostedtoolcache/Python/3.12.4/x64/lib/python3.12/site-packages/urllib3/connectionpool.py:1099: InsecureRequestWarning: Unverified HTTPS request is being made to host 'randomuser.me'. Adding certificate verification is strongly advised. See: https://urllib3.readthedocs.io/en/latest/advanced-usage.html#tls-warnings
  warnings.warn(</msg>
<msg time="2024-06-29T18:18:14.400415" level="INFO">${response} = &lt;Response [200]&gt;</msg>
<var>${response}</var>
<arg>consultarAPI</arg>
<arg>/api</arg>
<doc>Sends a GET request on a previously created HTTP Session.</doc>
<status status="PASS" start="2024-06-29T18:18:14.213737" elapsed="0.186720"/>
</kw>
<kw name="Should Be Equal As Numbers" owner="BuiltIn">
<msg time="2024-06-29T18:18:14.401284" level="INFO">Argument types are:
&lt;class 'int'&gt;
&lt;class 'str'&gt;</msg>
<arg>${response.status_code}</arg>
<arg>200</arg>
<doc>Fails if objects are unequal after converting them to real numbers.</doc>
<status status="PASS" start="2024-06-29T18:18:14.400885" elapsed="0.000460"/>
</kw>
<kw name="Log" owner="BuiltIn">
<msg time="2024-06-29T18:18:14.402017" level="INFO">200</msg>
<arg>${response.status_code}</arg>
<doc>Logs the given message with the given level.</doc>
<status status="PASS" start="2024-06-29T18:18:14.401668" elapsed="0.000391"/>
</kw>
<kw name="Set Variable" owner="BuiltIn">
<msg time="2024-06-29T18:18:14.402783" level="INFO">${json_data} = {'results': [{'gender': 'male', 'name': {'title': 'Mr', 'first': 'Vilho', 'last': 'Puro'}, 'location': {'street': {'number': 1977, 'name': 'Tehtaankatu'}, 'city': 'Yli', 'state': 'Kainuu', 'country': ...</msg>
<var>${json_data}</var>
<arg>${response.json()}</arg>
<doc>Returns the given values which can then be assigned to a variables.</doc>
<status status="PASS" start="2024-06-29T18:18:14.402358" elapsed="0.000453"/>
</kw>
<kw name="Dictionary Should Contain Key" owner="Collections">
<arg>${json_data}</arg>
<arg>results</arg>
<doc>Fails if ``key`` is not found from ``dictionary``.</doc>
<status status="PASS" start="2024-06-29T18:18:14.403103" elapsed="0.000159"/>
</kw>
<status status="PASS" start="2024-06-29T18:18:14.213490" elapsed="0.189914"/>
</kw>
<doc>Testa se a API responde corretamente e retorna um objeto JSON válido.</doc>
<tag>testeRequisicaoBasica</tag>
<status status="PASS" start="2024-06-29T18:18:14.212980" elapsed="0.190583"/>
</test>
<test id="s1-s1-t3" name="Validar estrutura de resposta" line="22">
<kw name="Teste de Estrutura de Resposta" owner="random-user-service">
<kw name="GET On Session" owner="RequestsLibrary">
<msg time="2024-06-29T18:18:14.498433" level="INFO">GET Request : url=https://randomuser.me/api 
 path_url=/api 
 headers={'User-Agent': 'python-requests/2.32.3', 'Accept-Encoding': 'gzip, deflate', 'Accept': '*/*', 'Connection': 'keep-alive'} 
 body=None 
 </msg>
<msg time="2024-06-29T18:18:14.498510" level="INFO">GET Response : url=https://randomuser.me/api 
 status=200, reason=OK 
 headers={'Date': 'Sat, 29 Jun 2024 18:18:14 GMT', 'Content-Type': 'application/json; charset=utf-8', 'Transfer-Encoding': 'chunked', 'Connection': 'keep-alive', 'X-Powered-By': 'Express', 'Access-Control-Allow-Origin': '*', 'Cache-Control': 'no-cache', 'ETag': 'W/"488-WuZUSARackbLEc0CZEBijulQzr0"', 'Vary': 'Accept-Encoding', 'Content-Encoding': 'gzip', 'CF-Cache-Status': 'DYNAMIC', 'Report-To': '{"endpoints":[{"url":"https:\\/\\/a.nel.cloudflare.com\\/report\\/v4?s=SVWtYmQd7Ayn5djWIiFIW0mi398Y31BIM8ENIOcUxZBnWea9fjO%2FAGKcumV2ju5dGrdWem2dxVzScee0QByRnfmN%2BpFh0x8dHJiSQbgkX4rEWhJEzU%2Fe38gy6bCZJi2R"}],"group":"cf-nel","max_age":604800}', 'NEL': '{"success_fraction":0,"report_to":"cf-nel","max_age":604800}', 'Server': 'cloudflare', 'CF-RAY': '89b7eb001c9b8232-IAD', 'alt-svc': 'h3=":443"; ma=86400'} 
 body={"results":[{"gender":"female","name":{"title":"Miss","first":"Manuela","last":"Reyes"},"location":{"street":{"number":4455,"name":"Calle de Atocha"},"city":"Móstoles","state":"Islas Baleares","country":"Spain","postcode":35779,"coordinates":{"latitude":"-37.8882","longitude":"2.9668"},"timezone":{"offset":"-11:00","description":"Midway Island, Samoa"}},"email":"manuela.reyes@example.com","login":{"uuid":"9c00769b-43cf-4a70-a181-8a835298fca7","username":"biglion670","password":"kramer","salt":"pV7OCcih","md5":"24d7eceeebeec9e9547a79a40e83349e","sha1":"ea50d5bee23027ae99b8bab57486035ade213971","sha256":"c78582424196fbd9cb4415517b3943d713de152a367a4a0269f29fd058fd22e9"},"dob":{"date":"1973-05-09T02:42:43.800Z","age":51},"registered":{"date":"2006-05-30T11:55:41.683Z","age":18},"phone":"916-597-647","cell":"640-913-366","id":{"name":"DNI","value":"78962944-K"},"picture":{"large":"https://randomuser.me/api/portraits/women/32.jpg","medium":"https://randomuser.me/api/portraits/med/women/32.jpg","thumbnail":"https://randomuser.me/api/portraits/thumb/women/32.jpg"},"nat":"ES"}],"info":{"seed":"b75d849f7b687c49","results":1,"page":1,"version":"1.4"}} 
 </msg>
<msg time="2024-06-29T18:18:14.498610" level="INFO">/opt/hostedtoolcache/Python/3.12.4/x64/lib/python3.12/site-packages/urllib3/connectionpool.py:1099: InsecureRequestWarning: Unverified HTTPS request is being made to host 'randomuser.me'. Adding certificate verification is strongly advised. See: https://urllib3.readthedocs.io/en/latest/advanced-usage.html#tls-warnings
  warnings.warn(</msg>
<msg time="2024-06-29T18:18:14.498723" level="INFO">${response} = &lt;Response [200]&gt;</msg>
<var>${response}</var>
<arg>consultarAPI</arg>
<arg>/api</arg>
<doc>Sends a GET request on a previously created HTTP Session.</doc>
<status status="PASS" start="2024-06-29T18:18:14.406172" elapsed="0.092593"/>
</kw>
<kw name="Set Variable" owner="BuiltIn">
<msg time="2024-06-29T18:18:14.499596" level="INFO">${json_data} = {'results': [{'gender': 'female', 'name': {'title': 'Miss', 'first': 'Manuela', 'last': 'Reyes'}, 'location': {'street': {'number': 4455, 'name': 'Calle de Atocha'}, 'city': 'Móstoles', 'state': 'Isla...</msg>
<var>${json_data}</var>
<arg>${response.json()}</arg>
<doc>Returns the given values which can then be assigned to a variables.</doc>
<status status="PASS" start="2024-06-29T18:18:14.499143" elapsed="0.000482"/>
</kw>
<kw name="Log" owner="BuiltIn">
<msg time="2024-06-29T18:18:14.500087" level="INFO">{'results': [{'gender': 'female', 'name': {'title': 'Miss', 'first': 'Manuela', 'last': 'Reyes'}, 'location': {'street': {'number': 4455, 'name': 'Calle de Atocha'}, 'city': 'Móstoles', 'state': 'Islas Baleares', 'country': 'Spain', 'postcode': 35779, 'coordinates': {'latitude': '-37.8882', 'longitude': '2.9668'}, 'timezone': {'offset': '-11:00', 'description': 'Midway Island, Samoa'}}, 'email': 'manuela.reyes@example.com', 'login': {'uuid': '9c00769b-43cf-4a70-a181-8a835298fca7', 'username': 'biglion670', 'password': 'kramer', 'salt': 'pV7OCcih', 'md5': '24d7eceeebeec9e9547a79a40e83349e', 'sha1': 'ea50d5bee23027ae99b8bab57486035ade213971', 'sha256': 'c78582424196fbd9cb4415517b3943d713de152a367a4a0269f29fd058fd22e9'}, 'dob': {'date': '1973-05-09T02:42:43.800Z', 'age': 51}, 'registered': {'date': '2006-05-30T11:55:41.683Z', 'age': 18}, 'phone': '916-597-647', 'cell': '640-913-366', 'id': {'name': 'DNI', 'value': '78962944-K'}, 'picture': {'large': 'https://randomuser.me/api/portraits/women/32.jpg', 'medium': 'https://randomuser.me/api/portraits/med/women/32.jpg', 'thumbnail': 'https://randomuser.me/api/portraits/thumb/women/32.jpg'}, 'nat': 'ES'}], 'info': {'seed': 'b75d849f7b687c49', 'results': 1, 'page': 1, 'version': '1.4'}}</msg>
<arg>${json_data}</arg>
<doc>Logs the given message with the given level.</doc>
<status status="PASS" start="2024-06-29T18:18:14.499931" elapsed="0.000207"/>
</kw>
<kw name="Dictionary Should Contain Key" owner="Collections">
<arg>${json_data}</arg>
<arg>results</arg>
<doc>Fails if ``key`` is not found from ``dictionary``.</doc>
<status status="PASS" start="2024-06-29T18:18:14.500426" elapsed="0.000153"/>
</kw>
<kw name="Should Not Be Empty" owner="BuiltIn">
<msg time="2024-06-29T18:18:14.500939" level="INFO">Length is 2.</msg>
<arg>${json_data}</arg>
<doc>Verifies that the given item is not empty.</doc>
<status status="PASS" start="2024-06-29T18:18:14.500761" elapsed="0.000219"/>
</kw>
<kw name="Create List" owner="BuiltIn">
<msg time="2024-06-29T18:18:14.501555" level="INFO">${expected_keys} = ['gender', 'name', 'location', 'email', 'login']</msg>
<var>${expected_keys}</var>
<arg>gender</arg>
<arg>name</arg>
<arg>location</arg>
<arg>email</arg>
<arg>login</arg>
<doc>Returns a list containing given items.</doc>
<status status="PASS" start="2024-06-29T18:18:14.501282" elapsed="0.000297"/>
</kw>
<for flavor="IN">
<iter>
<kw name="Dictionary Should Contain Key" owner="Collections">
<arg>${json_data['results'][0]}</arg>
<arg>${key}</arg>
<doc>Fails if ``key`` is not found from ``dictionary``.</doc>
<status status="PASS" start="2024-06-29T18:18:14.502143" elapsed="0.000394"/>
</kw>
<kw name="Log" owner="BuiltIn">
<msg time="2024-06-29T18:18:14.503073" level="INFO">{'gender': 'female', 'name': {'title': 'Miss', 'first': 'Manuela', 'last': 'Reyes'}, 'location': {'street': {'number': 4455, 'name': 'Calle de Atocha'}, 'city': 'Móstoles', 'state': 'Islas Baleares', 'country': 'Spain', 'postcode': 35779, 'coordinates': {'latitude': '-37.8882', 'longitude': '2.9668'}, 'timezone': {'offset': '-11:00', 'description': 'Midway Island, Samoa'}}, 'email': 'manuela.reyes@example.com', 'login': {'uuid': '9c00769b-43cf-4a70-a181-8a835298fca7', 'username': 'biglion670', 'password': 'kramer', 'salt': 'pV7OCcih', 'md5': '24d7eceeebeec9e9547a79a40e83349e', 'sha1': 'ea50d5bee23027ae99b8bab57486035ade213971', 'sha256': 'c78582424196fbd9cb4415517b3943d713de152a367a4a0269f29fd058fd22e9'}, 'dob': {'date': '1973-05-09T02:42:43.800Z', 'age': 51}, 'registered': {'date': '2006-05-30T11:55:41.683Z', 'age': 18}, 'phone': '916-597-647', 'cell': '640-913-366', 'id': {'name': 'DNI', 'value': '78962944-K'}, 'picture': {'large': 'https://randomuser.me/api/portraits/women/32.jpg', 'medium': 'https://randomuser.me/api/portraits/med/women/32.jpg', 'thumbnail': 'https://randomuser.me/api/portraits/thumb/women/32.jpg'}, 'nat': 'ES'}</msg>
<arg>${json_data['results'][0]}</arg>
<doc>Logs the given message with the given level.</doc>
<status status="PASS" start="2024-06-29T18:18:14.502722" elapsed="0.000401"/>
</kw>
<kw name="Log" owner="BuiltIn">
<msg time="2024-06-29T18:18:14.503553" level="INFO">gender</msg>
<arg>${key}</arg>
<doc>Logs the given message with the given level.</doc>
<status status="PASS" start="2024-06-29T18:18:14.503425" elapsed="0.000165"/>
</kw>
<var name="${key}">gender</var>
<status status="PASS" start="2024-06-29T18:18:14.502021" elapsed="0.001786"/>
</iter>
<iter>
<kw name="Dictionary Should Contain Key" owner="Collections">
<arg>${json_data['results'][0]}</arg>
<arg>${key}</arg>
<doc>Fails if ``key`` is not found from ``dictionary``.</doc>
<status status="PASS" start="2024-06-29T18:18:14.504101" elapsed="0.000392"/>
</kw>
<kw name="Log" owner="BuiltIn">
<msg time="2024-06-29T18:18:14.505047" level="INFO">{'gender': 'female', 'name': {'title': 'Miss', 'first': 'Manuela', 'last': 'Reyes'}, 'location': {'street': {'number': 4455, 'name': 'Calle de Atocha'}, 'city': 'Móstoles', 'state': 'Islas Baleares', 'country': 'Spain', 'postcode': 35779, 'coordinates': {'latitude': '-37.8882', 'longitude': '2.9668'}, 'timezone': {'offset': '-11:00', 'description': 'Midway Island, Samoa'}}, 'email': 'manuela.reyes@example.com', 'login': {'uuid': '9c00769b-43cf-4a70-a181-8a835298fca7', 'username': 'biglion670', 'password': 'kramer', 'salt': 'pV7OCcih', 'md5': '24d7eceeebeec9e9547a79a40e83349e', 'sha1': 'ea50d5bee23027ae99b8bab57486035ade213971', 'sha256': 'c78582424196fbd9cb4415517b3943d713de152a367a4a0269f29fd058fd22e9'}, 'dob': {'date': '1973-05-09T02:42:43.800Z', 'age': 51}, 'registered': {'date': '2006-05-30T11:55:41.683Z', 'age': 18}, 'phone': '916-597-647', 'cell': '640-913-366', 'id': {'name': 'DNI', 'value': '78962944-K'}, 'picture': {'large': 'https://randomuser.me/api/portraits/women/32.jpg', 'medium': 'https://randomuser.me/api/portraits/med/women/32.jpg', 'thumbnail': 'https://randomuser.me/api/portraits/thumb/women/32.jpg'}, 'nat': 'ES'}</msg>
<arg>${json_data['results'][0]}</arg>
<doc>Logs the given message with the given level.</doc>
<status status="PASS" start="2024-06-29T18:18:14.504672" elapsed="0.000455"/>
</kw>
<kw name="Log" owner="BuiltIn">
<msg time="2024-06-29T18:18:14.505553" level="INFO">name</msg>
<arg>${key}</arg>
<doc>Logs the given message with the given level.</doc>
<status status="PASS" start="2024-06-29T18:18:14.505427" elapsed="0.000163"/>
</kw>
<var name="${key}">name</var>
<status status="PASS" start="2024-06-29T18:18:14.503990" elapsed="0.001813"/>
</iter>
<iter>
<kw name="Dictionary Should Contain Key" owner="Collections">
<arg>${json_data['results'][0]}</arg>
<arg>${key}</arg>
<doc>Fails if ``key`` is not found from ``dictionary``.</doc>
<status status="PASS" start="2024-06-29T18:18:14.506086" elapsed="0.000373"/>
</kw>
<kw name="Log" owner="BuiltIn">
<msg time="2024-06-29T18:18:14.506988" level="INFO">{'gender': 'female', 'name': {'title': 'Miss', 'first': 'Manuela', 'last': 'Reyes'}, 'location': {'street': {'number': 4455, 'name': 'Calle de Atocha'}, 'city': 'Móstoles', 'state': 'Islas Baleares', 'country': 'Spain', 'postcode': 35779, 'coordinates': {'latitude': '-37.8882', 'longitude': '2.9668'}, 'timezone': {'offset': '-11:00', 'description': 'Midway Island, Samoa'}}, 'email': 'manuela.reyes@example.com', 'login': {'uuid': '9c00769b-43cf-4a70-a181-8a835298fca7', 'username': 'biglion670', 'password': 'kramer', 'salt': 'pV7OCcih', 'md5': '24d7eceeebeec9e9547a79a40e83349e', 'sha1': 'ea50d5bee23027ae99b8bab57486035ade213971', 'sha256': 'c78582424196fbd9cb4415517b3943d713de152a367a4a0269f29fd058fd22e9'}, 'dob': {'date': '1973-05-09T02:42:43.800Z', 'age': 51}, 'registered': {'date': '2006-05-30T11:55:41.683Z', 'age': 18}, 'phone': '916-597-647', 'cell': '640-913-366', 'id': {'name': 'DNI', 'value': '78962944-K'}, 'picture': {'large': 'https://randomuser.me/api/portraits/women/32.jpg', 'medium': 'https://randomuser.me/api/portraits/med/women/32.jpg', 'thumbnail': 'https://randomuser.me/api/portraits/thumb/women/32.jpg'}, 'nat': 'ES'}</msg>
<arg>${json_data['results'][0]}</arg>
<doc>Logs the given message with the given level.</doc>
<status status="PASS" start="2024-06-29T18:18:14.506640" elapsed="0.000396"/>
</kw>
<kw name="Log" owner="BuiltIn">
<msg time="2024-06-29T18:18:14.507460" level="INFO">location</msg>
<arg>${key}</arg>
<doc>Logs the given message with the given level.</doc>
<status status="PASS" start="2024-06-29T18:18:14.507335" elapsed="0.000163"/>
</kw>
<var name="${key}">location</var>
<status status="PASS" start="2024-06-29T18:18:14.505979" elapsed="0.001731"/>
</iter>
<iter>
<kw name="Dictionary Should Contain Key" owner="Collections">
<arg>${json_data['results'][0]}</arg>
<arg>${key}</arg>
<doc>Fails if ``key`` is not found from ``dictionary``.</doc>
<status status="PASS" start="2024-06-29T18:18:14.507986" elapsed="0.000383"/>
</kw>
<kw name="Log" owner="BuiltIn">
<msg time="2024-06-29T18:18:14.508925" level="INFO">{'gender': 'female', 'name': {'title': 'Miss', 'first': 'Manuela', 'last': 'Reyes'}, 'location': {'street': {'number': 4455, 'name': 'Calle de Atocha'}, 'city': 'Móstoles', 'state': 'Islas Baleares', 'country': 'Spain', 'postcode': 35779, 'coordinates': {'latitude': '-37.8882', 'longitude': '2.9668'}, 'timezone': {'offset': '-11:00', 'description': 'Midway Island, Samoa'}}, 'email': 'manuela.reyes@example.com', 'login': {'uuid': '9c00769b-43cf-4a70-a181-8a835298fca7', 'username': 'biglion670', 'password': 'kramer', 'salt': 'pV7OCcih', 'md5': '24d7eceeebeec9e9547a79a40e83349e', 'sha1': 'ea50d5bee23027ae99b8bab57486035ade213971', 'sha256': 'c78582424196fbd9cb4415517b3943d713de152a367a4a0269f29fd058fd22e9'}, 'dob': {'date': '1973-05-09T02:42:43.800Z', 'age': 51}, 'registered': {'date': '2006-05-30T11:55:41.683Z', 'age': 18}, 'phone': '916-597-647', 'cell': '640-913-366', 'id': {'name': 'DNI', 'value': '78962944-K'}, 'picture': {'large': 'https://randomuser.me/api/portraits/women/32.jpg', 'medium': 'https://randomuser.me/api/portraits/med/women/32.jpg', 'thumbnail': 'https://randomuser.me/api/portraits/thumb/women/32.jpg'}, 'nat': 'ES'}</msg>
<arg>${json_data['results'][0]}</arg>
<doc>Logs the given message with the given level.</doc>
<status status="PASS" start="2024-06-29T18:18:14.508547" elapsed="0.000429"/>
</kw>
<kw name="Log" owner="BuiltIn">
<msg time="2024-06-29T18:18:14.509403" level="INFO">email</msg>
<arg>${key}</arg>
<doc>Logs the given message with the given level.</doc>
<status status="PASS" start="2024-06-29T18:18:14.509277" elapsed="0.000165"/>
</kw>
<var name="${key}">email</var>
<status status="PASS" start="2024-06-29T18:18:14.507881" elapsed="0.001771"/>
</iter>
<iter>
<kw name="Dictionary Should Contain Key" owner="Collections">
<arg>${json_data['results'][0]}</arg>
<arg>${key}</arg>
<doc>Fails if ``key`` is not found from ``dictionary``.</doc>
<status status="PASS" start="2024-06-29T18:18:14.509937" elapsed="0.000382"/>
</kw>
<kw name="Log" owner="BuiltIn">
<msg time="2024-06-29T18:18:14.510851" level="INFO">{'gender': 'female', 'name': {'title': 'Miss', 'first': 'Manuela', 'last': 'Reyes'}, 'location': {'street': {'number': 4455, 'name': 'Calle de Atocha'}, 'city': 'Móstoles', 'state': 'Islas Baleares', 'country': 'Spain', 'postcode': 35779, 'coordinates': {'latitude': '-37.8882', 'longitude': '2.9668'}, 'timezone': {'offset': '-11:00', 'description': 'Midway Island, Samoa'}}, 'email': 'manuela.reyes@example.com', 'login': {'uuid': '9c00769b-43cf-4a70-a181-8a835298fca7', 'username': 'biglion670', 'password': 'kramer', 'salt': 'pV7OCcih', 'md5': '24d7eceeebeec9e9547a79a40e83349e', 'sha1': 'ea50d5bee23027ae99b8bab57486035ade213971', 'sha256': 'c78582424196fbd9cb4415517b3943d713de152a367a4a0269f29fd058fd22e9'}, 'dob': {'date': '1973-05-09T02:42:43.800Z', 'age': 51}, 'registered': {'date': '2006-05-30T11:55:41.683Z', 'age': 18}, 'phone': '916-597-647', 'cell': '640-913-366', 'id': {'name': 'DNI', 'value': '78962944-K'}, 'picture': {'large': 'https://randomuser.me/api/portraits/women/32.jpg', 'medium': 'https://randomuser.me/api/portraits/med/women/32.jpg', 'thumbnail': 'https://randomuser.me/api/portraits/thumb/women/32.jpg'}, 'nat': 'ES'}</msg>
<arg>${json_data['results'][0]}</arg>
<doc>Logs the given message with the given level.</doc>
<status status="PASS" start="2024-06-29T18:18:14.510499" elapsed="0.000400"/>
</kw>
<kw name="Log" owner="BuiltIn">
<msg time="2024-06-29T18:18:14.511312" level="INFO">login</msg>
<arg>${key}</arg>
<doc>Logs the given message with the given level.</doc>
<status status="PASS" start="2024-06-29T18:18:14.511187" elapsed="0.000163"/>
</kw>
<var name="${key}">login</var>
<status status="PASS" start="2024-06-29T18:18:14.509822" elapsed="0.001742"/>
</iter>
<var>${key}</var>
<value>@{expected_keys}</value>
<status status="PASS" start="2024-06-29T18:18:14.501837" elapsed="0.009845"/>
</for>
<kw name="Create List" owner="BuiltIn">
<msg time="2024-06-29T18:18:14.512009" level="INFO">${expected_keysTwo} = ['username', 'password']</msg>
<var>${expected_keysTwo}</var>
<arg>username</arg>
<arg>password</arg>
<doc>Returns a list containing given items.</doc>
<status status="PASS" start="2024-06-29T18:18:14.511865" elapsed="0.000168"/>
</kw>
<for flavor="IN">
<iter>
<kw name="Dictionary Should Contain Key" owner="Collections">
<arg>${json_data['results'][0]['login']}</arg>
<arg>${keyTwo}</arg>
<doc>Fails if ``key`` is not found from ``dictionary``.</doc>
<status status="PASS" start="2024-06-29T18:18:14.512547" elapsed="0.000410"/>
</kw>
<kw name="Dictionary Should Contain Key" owner="Collections">
<arg>${json_data['results'][0]['login']}</arg>
<arg>${keyTwo}</arg>
<doc>Fails if ``key`` is not found from ``dictionary``.</doc>
<status status="PASS" start="2024-06-29T18:18:14.513139" elapsed="0.000384"/>
</kw>
<kw name="Log" owner="BuiltIn">
<msg time="2024-06-29T18:18:14.513831" level="INFO">username</msg>
<arg>${keyTwo}</arg>
<doc>Logs the given message with the given level.</doc>
<status status="PASS" start="2024-06-29T18:18:14.513709" elapsed="0.000159"/>
</kw>
<var name="${keyTwo}">username</var>
<status status="PASS" start="2024-06-29T18:18:14.512442" elapsed="0.001648"/>
</iter>
<iter>
<kw name="Dictionary Should Contain Key" owner="Collections">
<arg>${json_data['results'][0]['login']}</arg>
<arg>${keyTwo}</arg>
<doc>Fails if ``key`` is not found from ``dictionary``.</doc>
<status status="PASS" start="2024-06-29T18:18:14.514366" elapsed="0.000378"/>
</kw>
<kw name="Dictionary Should Contain Key" owner="Collections">
<arg>${json_data['results'][0]['login']}</arg>
<arg>${keyTwo}</arg>
<doc>Fails if ``key`` is not found from ``dictionary``.</doc>
<status status="PASS" start="2024-06-29T18:18:14.514920" elapsed="0.000362"/>
</kw>
<kw name="Log" owner="BuiltIn">
<msg time="2024-06-29T18:18:14.515572" level="INFO">password</msg>
<arg>${keyTwo}</arg>
<doc>Logs the given message with the given level.</doc>
<status status="PASS" start="2024-06-29T18:18:14.515455" elapsed="0.000158"/>
</kw>
<var name="${keyTwo}">password</var>
<status status="PASS" start="2024-06-29T18:18:14.514260" elapsed="0.001661"/>
</iter>
<var>${keyTwo}</var>
<value>@{expected_keysTwo}</value>
<status status="PASS" start="2024-06-29T18:18:14.512289" elapsed="0.003753"/>
</for>
<status status="PASS" start="2024-06-29T18:18:14.405945" elapsed="0.110235"/>
</kw>
<doc>Testa a estrutura da resposta da API.</doc>
<tag>testeEstruturaResposta</tag>
<status status="PASS" start="2024-06-29T18:18:14.405397" elapsed="0.110927"/>
</test>
<test id="s1-s1-t4" name="Validar tipos de dados" line="28">
<kw name="Teste de Tipos de Dados" owner="random-user-service">
<kw name="GET On Session" owner="RequestsLibrary">
<msg time="2024-06-29T18:18:14.609636" level="INFO">GET Request : url=https://randomuser.me/api 
 path_url=/api 
 headers={'User-Agent': 'python-requests/2.32.3', 'Accept-Encoding': 'gzip, deflate', 'Accept': '*/*', 'Connection': 'keep-alive'} 
 body=None 
 </msg>
<msg time="2024-06-29T18:18:14.609710" level="INFO">GET Response : url=https://randomuser.me/api 
 status=200, reason=OK 
 headers={'Date': 'Sat, 29 Jun 2024 18:18:14 GMT', 'Content-Type': 'application/json; charset=utf-8', 'Transfer-Encoding': 'chunked', 'Connection': 'keep-alive', 'X-Powered-By': 'Express', 'Access-Control-Allow-Origin': '*', 'Cache-Control': 'no-cache', 'ETag': 'W/"4ac-CJZ7UD+rJhx7ouuRmCAuciNrxWo"', 'Vary': 'Accept-Encoding', 'Content-Encoding': 'gzip', 'CF-Cache-Status': 'DYNAMIC', 'Report-To': '{"endpoints":[{"url":"https:\\/\\/a.nel.cloudflare.com\\/report\\/v4?s=CKLgYbzmOczs%2FDYbJyoj7qPRuHRgFC97abJJQpnQ3GUrHt%2BeF2FCkEjgFnhfIuP1WNmxJvkcmzyPmd8HfP26%2FPWM5ZAQqKUa7bh89g%2FyZSRxTvd3hpw3mZNdiWFIeJTS"}],"group":"cf-nel","max_age":604800}', 'NEL': '{"success_fraction":0,"report_to":"cf-nel","max_age":604800}', 'Server': 'cloudflare', 'CF-RAY': '89b7eb00cd828232-IAD', 'alt-svc': 'h3=":443"; ma=86400'} 
 body={"results":[{"gender":"female","name":{"title":"Mrs","first":"Carrie","last":"Matthews"},"location":{"street":{"number":1201,"name":"Lakeshore Rd"},"city":"Australian Capital Territory","state":"Western Australia","country":"Australia","postcode":8551,"coordinates":{"latitude":"-85.3420","longitude":"67.3744"},"timezone":{"offset":"-7:00","description":"Mountain Time (US &amp; Canada)"}},"email":"carrie.matthews@example.com","login":{"uuid":"2972161e-a334-4c19-a0ef-71b83adc4876","username":"whitekoala190","password":"theman","salt":"norYfKNb","md5":"386cb362a85a2d39ed19d3c443f0e5e0","sha1":"c29527553a2272d2e8b44ce19818132dcb60acd4","sha256":"88aa22027fa07798c9cacaf6f3c740e3cfe2c05cb112a65731c9b572730b990d"},"dob":{"date":"1984-07-21T21:22:20.318Z","age":39},"registered":{"date":"2012-08-13T23:23:11.533Z","age":11},"phone":"06-8725-4479","cell":"0461-329-880","id":{"name":"TFN","value":"948098678"},"picture":{"large":"https://randomuser.me/api/portraits/women/20.jpg","medium":"https://randomuser.me/api/portraits/med/women/20.jpg","thumbnail":"https://randomuser.me/api/portraits/thumb/women/20.jpg"},"nat":"AU"}],"info":{"seed":"04d6456c15a16cad","results":1,"page":1,"version":"1.4"}} 
 </msg>
<msg time="2024-06-29T18:18:14.609765" level="INFO">/opt/hostedtoolcache/Python/3.12.4/x64/lib/python3.12/site-packages/urllib3/connectionpool.py:1099: InsecureRequestWarning: Unverified HTTPS request is being made to host 'randomuser.me'. Adding certificate verification is strongly advised. See: https://urllib3.readthedocs.io/en/latest/advanced-usage.html#tls-warnings
  warnings.warn(</msg>
<msg time="2024-06-29T18:18:14.609867" level="INFO">${response} = &lt;Response [200]&gt;</msg>
<var>${response}</var>
<arg>consultarAPI</arg>
<arg>/api</arg>
<doc>Sends a GET request on a previously created HTTP Session.</doc>
<status status="PASS" start="2024-06-29T18:18:14.518833" elapsed="0.091078"/>
</kw>
<kw name="Set Variable" owner="BuiltIn">
<msg time="2024-06-29T18:18:14.610695" level="INFO">${json_data} = {'results': [{'gender': 'female', 'name': {'title': 'Mrs', 'first': 'Carrie', 'last': 'Matthews'}, 'location': {'street': {'number': 1201, 'name': 'Lakeshore Rd'}, 'city': 'Australian Capital Territor...</msg>
<var>${json_data}</var>
<arg>${response.json()}</arg>
<doc>Returns the given values which can then be assigned to a variables.</doc>
<status status="PASS" start="2024-06-29T18:18:14.610256" elapsed="0.000467"/>
</kw>
<kw name="Log" owner="BuiltIn">
<msg time="2024-06-29T18:18:14.611190" level="INFO">{'results': [{'gender': 'female', 'name': {'title': 'Mrs', 'first': 'Carrie', 'last': 'Matthews'}, 'location': {'street': {'number': 1201, 'name': 'Lakeshore Rd'}, 'city': 'Australian Capital Territory', 'state': 'Western Australia', 'country': 'Australia', 'postcode': 8551, 'coordinates': {'latitude': '-85.3420', 'longitude': '67.3744'}, 'timezone': {'offset': '-7:00', 'description': 'Mountain Time (US &amp; Canada)'}}, 'email': 'carrie.matthews@example.com', 'login': {'uuid': '2972161e-a334-4c19-a0ef-71b83adc4876', 'username': 'whitekoala190', 'password': 'theman', 'salt': 'norYfKNb', 'md5': '386cb362a85a2d39ed19d3c443f0e5e0', 'sha1': 'c29527553a2272d2e8b44ce19818132dcb60acd4', 'sha256': '88aa22027fa07798c9cacaf6f3c740e3cfe2c05cb112a65731c9b572730b990d'}, 'dob': {'date': '1984-07-21T21:22:20.318Z', 'age': 39}, 'registered': {'date': '2012-08-13T23:23:11.533Z', 'age': 11}, 'phone': '06-8725-4479', 'cell': '0461-329-880', 'id': {'name': 'TFN', 'value': '948098678'}, 'picture': {'large': 'https://randomuser.me/api/portraits/women/20.jpg', 'medium': 'https://randomuser.me/api/portraits/med/women/20.jpg', 'thumbnail': 'https://randomuser.me/api/portraits/thumb/women/20.jpg'}, 'nat': 'AU'}], 'info': {'seed': '04d6456c15a16cad', 'results': 1, 'page': 1, 'version': '1.4'}}</msg>
<arg>${json_data}</arg>
<doc>Logs the given message with the given level.</doc>
<status status="PASS" start="2024-06-29T18:18:14.611035" elapsed="0.000203"/>
</kw>
<kw name="Should Be String" owner="String">
<arg>${json_data['results'][0]['gender']}</arg>
<doc>Fails if the given ``item`` is not a string.</doc>
<status status="PASS" start="2024-06-29T18:18:14.611527" elapsed="0.000361"/>
</kw>
<kw name="Should Match Regexp" owner="BuiltIn">
<arg>${json_data['results'][0]['email']}</arg>
<arg>^[a-zA-Z0-9._%+-]+@[a-zA-Z0-9.-]+\.[a-zA-Z]{2,}$</arg>
<doc>Fails if ``string`` does not match ``pattern`` as a regular expression.</doc>
<status status="PASS" start="2024-06-29T18:18:14.612072" elapsed="0.000492"/>
</kw>
<kw name="Should Match Regexp" owner="BuiltIn">
<arg>${json_data['results'][0]['dob']['date']}</arg>
<arg>\\d{4}-\\d{2}-\\d{2}T\\d{2}:\\d{2}:\\d{2}\\.\\d{3}Z</arg>
<doc>Fails if ``string`` does not match ``pattern`` as a regular expression.</doc>
<status status="PASS" start="2024-06-29T18:18:14.612790" elapsed="0.000535"/>
</kw>
<kw name="Should Match Regexp" owner="BuiltIn">
<arg>${json_data['results'][0]['registered']['date']}</arg>
<arg>\\d{4}-\\d{2}-\\d{2}T\\d{2}:\\d{2}:\\d{2}\\.\\d{3}Z</arg>
<doc>Fails if ``string`` does not match ``pattern`` as a regular expression.</doc>
<status status="PASS" start="2024-06-29T18:18:14.613514" elapsed="0.000364"/>
</kw>
<kw name="Should Match Regexp" owner="BuiltIn">
<arg>${json_data['results'][0]['picture']['large']}</arg>
<arg>^https?://.*\.(?:png|jpe?g|gif|bmp)$</arg>
<doc>Fails if ``string`` does not match ``pattern`` as a regular expression.</doc>
<status status="PASS" start="2024-06-29T18:18:14.614062" elapsed="0.000449"/>
</kw>
<kw name="Should Match Regexp" owner="BuiltIn">
<arg>${json_data['results'][0]['picture']['medium']}</arg>
<arg>^https?://.*\.(?:png|jpe?g|gif|bmp)$</arg>
<doc>Fails if ``string`` does not match ``pattern`` as a regular expression.</doc>
<status status="PASS" start="2024-06-29T18:18:14.614694" elapsed="0.000352"/>
</kw>
<kw name="Should Match Regexp" owner="BuiltIn">
<arg>${json_data['results'][0]['picture']['thumbnail']}</arg>
<arg>^https?://.*\.(?:png|jpe?g|gif|bmp)$</arg>
<doc>Fails if ``string`` does not match ``pattern`` as a regular expression.</doc>
<status status="PASS" start="2024-06-29T18:18:14.615227" elapsed="0.000345"/>
</kw>
<kw name="Log" owner="BuiltIn">
<msg time="2024-06-29T18:18:14.616081" level="INFO">{'large': 'https://randomuser.me/api/portraits/women/20.jpg', 'medium': 'https://randomuser.me/api/portraits/med/women/20.jpg', 'thumbnail': 'https://randomuser.me/api/portraits/thumb/women/20.jpg'}</msg>
<arg>${json_data['results'][0]['picture']}</arg>
<doc>Logs the given message with the given level.</doc>
<status status="PASS" start="2024-06-29T18:18:14.615754" elapsed="0.000369"/>
</kw>
<status status="PASS" start="2024-06-29T18:18:14.518617" elapsed="0.097756"/>
</kw>
<kw name="Teste de Tipos de Dados - Postcode" owner="random-user-service">
<kw name="GET On Session" owner="RequestsLibrary">
<msg time="2024-06-29T18:18:14.705625" level="INFO">GET Request : url=https://randomuser.me/api 
 path_url=/api 
 headers={'User-Agent': 'python-requests/2.32.3', 'Accept-Encoding': 'gzip, deflate', 'Accept': '*/*', 'Connection': 'keep-alive'} 
 body=None 
 </msg>
<msg time="2024-06-29T18:18:14.705709" level="INFO">GET Response : url=https://randomuser.me/api 
 status=200, reason=OK 
 headers={'Date': 'Sat, 29 Jun 2024 18:18:14 GMT', 'Content-Type': 'application/json; charset=utf-8', 'Transfer-Encoding': 'chunked', 'Connection': 'keep-alive', 'X-Powered-By': 'Express', 'Access-Control-Allow-Origin': '*', 'Cache-Control': 'no-cache', 'ETag': 'W/"4a1-IAzGi93gAKRUrlqGEBgaeBPCwM4"', 'Vary': 'Accept-Encoding', 'Content-Encoding': 'gzip', 'CF-Cache-Status': 'DYNAMIC', 'Report-To': '{"endpoints":[{"url":"https:\\/\\/a.nel.cloudflare.com\\/report\\/v4?s=mUHzJCHQ86X7OLps8JAiGH8QK1BIREvQMcSSFtZeIZrUqIcVcN6DCOZkJBYE7Oa3neocloRKpp8XefHS2pcVJgOrAMZ9B5var30iNksNzbbCqC5zvQNDhACXQ1%2BEhyXC"}],"group":"cf-nel","max_age":604800}', 'NEL': '{"success_fraction":0,"report_to":"cf-nel","max_age":604800}', 'Server': 'cloudflare', 'CF-RAY': '89b7eb016e7c8232-IAD', 'alt-svc': 'h3=":443"; ma=86400'} 
 body={"results":[{"gender":"female","name":{"title":"Mrs","first":"Solomoniya","last":"Belskiy"},"location":{"street":{"number":8428,"name":"Bashtanna"},"city":"Sinelnikove","state":"Hmelnicka","country":"Ukraine","postcode":85554,"coordinates":{"latitude":"80.4159","longitude":"67.3509"},"timezone":{"offset":"0:00","description":"Western Europe Time, London, Lisbon, Casablanca"}},"email":"solomoniya.belskiy@example.com","login":{"uuid":"d0a7d0ce-d57d-43f7-a2a6-ecb36b99a65f","username":"happywolf821","password":"pentium","salt":"vEZp0DNk","md5":"23e0ceb55b29a9957073c50e4c12add4","sha1":"f91880e97d36c84ef7e3568ef59f070cd2190d9d","sha256":"9dd734f8839f16864aed85fcce4a25d390b7c08b6feaa8de5c408dea93ff9903"},"dob":{"date":"1984-12-25T06:36:00.870Z","age":39},"registered":{"date":"2006-05-15T01:12:26.954Z","age":18},"phone":"(098) P56-4391","cell":"(068) Q94-3181","id":{"name":"","value":null},"picture":{"large":"https://randomuser.me/api/portraits/women/41.jpg","medium":"https://randomuser.me/api/portraits/med/women/41.jpg","thumbnail":"https://randomuser.me/api/portraits/thumb/women/41.jpg"},"nat":"UA"}],"info":{"seed":"b1ea363ca4324af2","results":1,"page":1,"version":"1.4"}} 
 </msg>
<msg time="2024-06-29T18:18:14.705780" level="INFO">/opt/hostedtoolcache/Python/3.12.4/x64/lib/python3.12/site-packages/urllib3/connectionpool.py:1099: InsecureRequestWarning: Unverified HTTPS request is being made to host 'randomuser.me'. Adding certificate verification is strongly advised. See: https://urllib3.readthedocs.io/en/latest/advanced-usage.html#tls-warnings
  warnings.warn(</msg>
<msg time="2024-06-29T18:18:14.705904" level="INFO">${response} = &lt;Response [200]&gt;</msg>
<var>${response}</var>
<arg>consultarAPI</arg>
<arg>/api</arg>
<doc>Sends a GET request on a previously created HTTP Session.</doc>
<status status="PASS" start="2024-06-29T18:18:14.616784" elapsed="0.089161"/>
</kw>
<kw name="Set Variable" owner="BuiltIn">
<msg time="2024-06-29T18:18:14.707110" level="INFO">${json_data} = {'results': [{'gender': 'female', 'name': {'title': 'Mrs', 'first': 'Solomoniya', 'last': 'Belskiy'}, 'location': {'street': {'number': 8428, 'name': 'Bashtanna'}, 'city': 'Sinelnikove', 'state': 'Hme...</msg>
<var>${json_data}</var>
<arg>${response.json()}</arg>
<doc>Returns the given values which can then be assigned to a variables.</doc>
<status status="PASS" start="2024-06-29T18:18:14.706429" elapsed="0.000723"/>
</kw>
<kw name="Log" owner="BuiltIn">
<msg time="2024-06-29T18:18:14.707777" level="INFO">{'results': [{'gender': 'female', 'name': {'title': 'Mrs', 'first': 'Solomoniya', 'last': 'Belskiy'}, 'location': {'street': {'number': 8428, 'name': 'Bashtanna'}, 'city': 'Sinelnikove', 'state': 'Hmelnicka', 'country': 'Ukraine', 'postcode': 85554, 'coordinates': {'latitude': '80.4159', 'longitude': '67.3509'}, 'timezone': {'offset': '0:00', 'description': 'Western Europe Time, London, Lisbon, Casablanca'}}, 'email': 'solomoniya.belskiy@example.com', 'login': {'uuid': 'd0a7d0ce-d57d-43f7-a2a6-ecb36b99a65f', 'username': 'happywolf821', 'password': 'pentium', 'salt': 'vEZp0DNk', 'md5': '23e0ceb55b29a9957073c50e4c12add4', 'sha1': 'f91880e97d36c84ef7e3568ef59f070cd2190d9d', 'sha256': '9dd734f8839f16864aed85fcce4a25d390b7c08b6feaa8de5c408dea93ff9903'}, 'dob': {'date': '1984-12-25T06:36:00.870Z', 'age': 39}, 'registered': {'date': '2006-05-15T01:12:26.954Z', 'age': 18}, 'phone': '(098) P56-4391', 'cell': '(068) Q94-3181', 'id': {'name': '', 'value': None}, 'picture': {'large': 'https://randomuser.me/api/portraits/women/41.jpg', 'medium': 'https://randomuser.me/api/portraits/med/women/41.jpg', 'thumbnail': 'https://randomuser.me/api/portraits/thumb/women/41.jpg'}, 'nat': 'UA'}], 'info': {'seed': 'b1ea363ca4324af2', 'results': 1, 'page': 1, 'version': '1.4'}}</msg>
<arg>${json_data}</arg>
<doc>Logs the given message with the given level.</doc>
<status status="PASS" start="2024-06-29T18:18:14.707575" elapsed="0.000251"/>
</kw>
<kw name="Should Be Equal As Numbers" owner="BuiltIn">
<arg>${json_data['results'][0]['location']['postcode']}</arg>
<arg>${json_data['results'][0]['location']['postcode']}</arg>
<doc>Fails if objects are unequal after converting them to real numbers.</doc>
<status status="PASS" start="2024-06-29T18:18:14.708128" elapsed="0.000629"/>
</kw>
<kw name="Log" owner="BuiltIn">
<msg time="2024-06-29T18:18:14.709460" level="INFO">85554</msg>
<arg>${json_data['results'][0]['location']['postcode']}</arg>
<doc>Logs the given message with the given level.</doc>
<status status="PASS" start="2024-06-29T18:18:14.709001" elapsed="0.000501"/>
</kw>
<status status="PASS" start="2024-06-29T18:18:14.616575" elapsed="0.093203"/>
</kw>
<doc>Testa se os tipos de dados na resposta da API estão corretos.</doc>
<tag>testeTiposDados</tag>
<status status="PASS" start="2024-06-29T18:18:14.518086" elapsed="0.191846"/>
</test>
<test id="s1-s1-t5" name="Validar conteudo" line="35">
<kw name="Teste de Tipos de Conteudo" owner="random-user-service">
<kw name="GET On Session" owner="RequestsLibrary">
<msg time="2024-06-29T18:18:14.805811" level="INFO">GET Request : url=https://randomuser.me/api 
 path_url=/api 
 headers={'User-Agent': 'python-requests/2.32.3', 'Accept-Encoding': 'gzip, deflate', 'Accept': '*/*', 'Connection': 'keep-alive'} 
 body=None 
 </msg>
<msg time="2024-06-29T18:18:14.805897" level="INFO">GET Response : url=https://randomuser.me/api 
 status=200, reason=OK 
 headers={'Date': 'Sat, 29 Jun 2024 18:18:14 GMT', 'Content-Type': 'application/json; charset=utf-8', 'Transfer-Encoding': 'chunked', 'Connection': 'keep-alive', 'X-Powered-By': 'Express', 'Access-Control-Allow-Origin': '*', 'Cache-Control': 'no-cache', 'ETag': 'W/"475-wNpO6lVp64GAg1GZ8RtNQCEDsH8"', 'Vary': 'Accept-Encoding', 'Content-Encoding': 'gzip', 'CF-Cache-Status': 'DYNAMIC', 'Report-To': '{"endpoints":[{"url":"https:\\/\\/a.nel.cloudflare.com\\/report\\/v4?s=COYr0lPMF%2BEgYYGc3oMOBIJ2mxVOMT6nS1L7AFtUpTu3wh%2FyqjxUzxFMsgEa44aRbbr9wrmGd161T80XvLLbIiU9RfxccFYQ05ZfbaEFS%2BFfWlrWvAUoVvvnhndKJ3r7"}],"group":"cf-nel","max_age":604800}', 'NEL': '{"success_fraction":0,"report_to":"cf-nel","max_age":604800}', 'Server': 'cloudflare', 'CF-RAY': '89b7eb01ff448232-IAD', 'alt-svc': 'h3=":443"; ma=86400'} 
 body={"results":[{"gender":"male","name":{"title":"Mr","first":"Nenad","last":"Tošić"},"location":{"street":{"number":7651,"name":"Jugoslovenska"},"city":"Crna Trava","state":"Podunavlje","country":"Serbia","postcode":37731,"coordinates":{"latitude":"56.0326","longitude":"-153.9417"},"timezone":{"offset":"-3:30","description":"Newfoundland"}},"email":"nenad.tosic@example.com","login":{"uuid":"9d5c5384-86e8-41ca-9db7-f2069bbe2107","username":"sadkoala964","password":"sunflowe","salt":"Fx4FhWNM","md5":"48e995fcc03f785ef09d36e78a3f693e","sha1":"71ee15a193fea3017553af2c8e02120b872ddb0c","sha256":"806c932f29d248f084c8c466cab3789d732ba965d9968e48e74233a489e3993e"},"dob":{"date":"1952-08-15T03:17:00.048Z","age":71},"registered":{"date":"2003-06-06T11:20:37.910Z","age":21},"phone":"027-7811-047","cell":"065-7433-274","id":{"name":"SID","value":"269642964"},"picture":{"large":"https://randomuser.me/api/portraits/men/39.jpg","medium":"https://randomuser.me/api/portraits/med/men/39.jpg","thumbnail":"https://randomuser.me/api/portraits/thumb/men/39.jpg"},"nat":"RS"}],"info":{"seed":"ec6926e78c6be3b6","results":1,"page":1,"version":"1.4"}} 
 </msg>
<msg time="2024-06-29T18:18:14.805972" level="INFO">/opt/hostedtoolcache/Python/3.12.4/x64/lib/python3.12/site-packages/urllib3/connectionpool.py:1099: InsecureRequestWarning: Unverified HTTPS request is being made to host 'randomuser.me'. Adding certificate verification is strongly advised. See: https://urllib3.readthedocs.io/en/latest/advanced-usage.html#tls-warnings
  warnings.warn(</msg>
<msg time="2024-06-29T18:18:14.806093" level="INFO">${response} = &lt;Response [200]&gt;</msg>
<var>${response}</var>
<arg>consultarAPI</arg>
<arg>/api</arg>
<doc>Sends a GET request on a previously created HTTP Session.</doc>
<status status="PASS" start="2024-06-29T18:18:14.712349" elapsed="0.093788"/>
</kw>
<kw name="Set Variable" owner="BuiltIn">
<msg time="2024-06-29T18:18:14.806913" level="INFO">${json_data} = {'results': [{'gender': 'male', 'name': {'title': 'Mr', 'first': 'Nenad', 'last': 'Tošić'}, 'location': {'street': {'number': 7651, 'name': 'Jugoslovenska'}, 'city': 'Crna Trava', 'state': 'Podunavlje...</msg>
<var>${json_data}</var>
<arg>${response.json()}</arg>
<doc>Returns the given values which can then be assigned to a variables.</doc>
<status status="PASS" start="2024-06-29T18:18:14.806486" elapsed="0.000457"/>
</kw>
<kw name="Set Variable" owner="BuiltIn">
<msg time="2024-06-29T18:18:14.807617" level="INFO">${name_title} = Mr</msg>
<var>${name_title}</var>
<arg>${json_data["results"][0]["name"]["title"]}</arg>
<doc>Returns the given values which can then be assigned to a variables.</doc>
<status status="PASS" start="2024-06-29T18:18:14.807240" elapsed="0.000401"/>
</kw>
<kw name="Create List" owner="BuiltIn">
<msg time="2024-06-29T18:18:14.808072" level="INFO">${allowed_titles} = ['Mr', 'Ms', 'Miss', 'Mrs', 'Madame', 'Monsieur']</msg>
<var>${allowed_titles}</var>
<arg>Mr</arg>
<arg>Ms</arg>
<arg>Miss</arg>
<arg>Mrs</arg>
<arg>Madame</arg>
<arg>Monsieur</arg>
<doc>Returns a list containing given items.</doc>
<status status="PASS" start="2024-06-29T18:18:14.807928" elapsed="0.000168"/>
</kw>
<kw name="List Should Contain Value" owner="Collections">
<arg>${allowed_titles}</arg>
<arg>${name_title}</arg>
<doc>Fails if the ``value`` is not found from ``list``.</doc>
<status status="PASS" start="2024-06-29T18:18:14.808386" elapsed="0.000166"/>
</kw>
<kw name="Set Variable" owner="BuiltIn">
<msg time="2024-06-29T18:18:14.809175" level="INFO">${name_country} = RS</msg>
<var>${name_country}</var>
<arg>${json_data["results"][0]["nat"]}</arg>
<doc>Returns the given values which can then be assigned to a variables.</doc>
<status status="PASS" start="2024-06-29T18:18:14.808738" elapsed="0.000462"/>
</kw>
<kw name="Create List" owner="BuiltIn">
<msg time="2024-06-29T18:18:14.810075" level="INFO">${list_country} = ['AD', 'AE', 'AF', 'AG', 'AI', 'AL', 'AM', 'AO', 'AQ', 'AR', 'AS', 'AT', 'AU', 'AW', 'AX', 'AZ', 'BA', 'BB', 'BD', 'BE', 'BF', 'BG', 'BH', 'BI', 'BJ', 'BL', 'BM', 'BN', 'BO', 'BQ', 'BR', 'BS', 'BT', '...</msg>
<var>${list_country}</var>
<arg>AD</arg>
<arg>AE</arg>
<arg>AF</arg>
<arg>AG</arg>
<arg>AI</arg>
<arg>AL</arg>
<arg>AM</arg>
<arg>AO</arg>
<arg>AQ</arg>
<arg>AR</arg>
<arg>AS</arg>
<arg>AT</arg>
<arg>AU</arg>
<arg>AW</arg>
<arg>AX</arg>
<arg>AZ</arg>
<arg>BA</arg>
<arg>BB</arg>
<arg>BD</arg>
<arg>BE</arg>
<arg>BF</arg>
<arg>BG</arg>
<arg>BH</arg>
<arg>BI</arg>
<arg>BJ</arg>
<arg>BL</arg>
<arg>BM</arg>
<arg>BN</arg>
<arg>BO</arg>
<arg>BQ</arg>
<arg>BR</arg>
<arg>BS</arg>
<arg>BT</arg>
<arg>BV</arg>
<arg>BW</arg>
<arg>BY</arg>
<arg>BZ</arg>
<arg>CA</arg>
<arg>CC</arg>
<arg>CD</arg>
<arg>CF</arg>
<arg>CG</arg>
<arg>CH</arg>
<arg>CI</arg>
<arg>CK</arg>
<arg>CL</arg>
<arg>CM</arg>
<arg>CN</arg>
<arg>CO</arg>
<arg>CR</arg>
<arg>CU</arg>
<arg>CV</arg>
<arg>CW</arg>
<arg>CX</arg>
<arg>CY</arg>
<arg>CZ</arg>
<arg>DE</arg>
<arg>DJ</arg>
<arg>DK</arg>
<arg>DM</arg>
<arg>DO</arg>
<arg>DZ</arg>
<arg>EC</arg>
<arg>EE</arg>
<arg>EG</arg>
<arg>EH</arg>
<arg>ER</arg>
<arg>ES</arg>
<arg>ET</arg>
<arg>FI</arg>
<arg>FJ</arg>
<arg>FK</arg>
<arg>FM</arg>
<arg>FO</arg>
<arg>FR</arg>
<arg>GA</arg>
<arg>GB</arg>
<arg>GD</arg>
<arg>GE</arg>
<arg>GF</arg>
<arg>GG</arg>
<arg>GH</arg>
<arg>GI</arg>
<arg>GL</arg>
<arg>GM</arg>
<arg>GN</arg>
<arg>GP</arg>
<arg>GQ</arg>
<arg>GR</arg>
<arg>GS</arg>
<arg>GT</arg>
<arg>GU</arg>
<arg>GW</arg>
<arg>GY</arg>
<arg>HK</arg>
<arg>HM</arg>
<arg>HN</arg>
<arg>HR</arg>
<arg>HT</arg>
<arg>HU</arg>
<arg>ID</arg>
<arg>IE</arg>
<arg>IL</arg>
<arg>IM</arg>
<arg>IN</arg>
<arg>IO</arg>
<arg>IQ</arg>
<arg>IR</arg>
<arg>IS</arg>
<arg>IT</arg>
<arg>JE</arg>
<arg>JM</arg>
<arg>JO</arg>
<arg>JP</arg>
<arg>KE</arg>
<arg>KG</arg>
<arg>KH</arg>
<arg>KI</arg>
<arg>KM</arg>
<arg>KN</arg>
<arg>KP</arg>
<arg>KR</arg>
<arg>KW</arg>
<arg>KY</arg>
<arg>KZ</arg>
<arg>LA</arg>
<arg>LB</arg>
<arg>LC</arg>
<arg>LI</arg>
<arg>LK</arg>
<arg>LR</arg>
<arg>LS</arg>
<arg>LT</arg>
<arg>LU</arg>
<arg>LV</arg>
<arg>LY</arg>
<arg>MA</arg>
<arg>MC</arg>
<arg>MD</arg>
<arg>ME</arg>
<arg>MF</arg>
<arg>MG</arg>
<arg>MH</arg>
<arg>MK</arg>
<arg>ML</arg>
<arg>MM</arg>
<arg>MN</arg>
<arg>MO</arg>
<arg>MP</arg>
<arg>MQ</arg>
<arg>MR</arg>
<arg>MS</arg>
<arg>MT</arg>
<arg>MU</arg>
<arg>MV</arg>
<arg>MW</arg>
<arg>MX</arg>
<arg>MY</arg>
<arg>MZ</arg>
<arg>NA</arg>
<arg>NC</arg>
<arg>NE</arg>
<arg>NF</arg>
<arg>NG</arg>
<arg>NI</arg>
<arg>NL</arg>
<arg>NO</arg>
<arg>NP</arg>
<arg>NR</arg>
<arg>NU</arg>
<arg>NZ</arg>
<arg>OM</arg>
<arg>PA</arg>
<arg>PE</arg>
<arg>PF</arg>
<arg>PG</arg>
<arg>PH</arg>
<arg>PK</arg>
<arg>PL</arg>
<arg>PM</arg>
<arg>PN</arg>
<arg>PR</arg>
<arg>PS</arg>
<arg>PT</arg>
<arg>PW</arg>
<arg>PY</arg>
<arg>QA</arg>
<arg>RE</arg>
<arg>RO</arg>
<arg>RS</arg>
<arg>RU</arg>
<arg>RW</arg>
<arg>SA</arg>
<arg>SB</arg>
<arg>SC</arg>
<arg>SD</arg>
<arg>SE</arg>
<arg>SG</arg>
<arg>SH</arg>
<arg>SI</arg>
<arg>SJ</arg>
<arg>SK</arg>
<arg>SL</arg>
<arg>SM</arg>
<arg>SN</arg>
<arg>SO</arg>
<arg>SR</arg>
<arg>SS</arg>
<arg>ST</arg>
<arg>SV</arg>
<arg>SX</arg>
<arg>SY</arg>
<arg>SZ</arg>
<arg>TC</arg>
<arg>TD</arg>
<arg>TF</arg>
<arg>TG</arg>
<arg>TH</arg>
<arg>TJ</arg>
<arg>TK</arg>
<arg>TL</arg>
<arg>TM</arg>
<arg>TN</arg>
<arg>TO</arg>
<arg>TR</arg>
<arg>TT</arg>
<arg>TV</arg>
<arg>TW</arg>
<arg>TZ</arg>
<arg>UA</arg>
<arg>UG</arg>
<arg>UM</arg>
<arg>US</arg>
<arg>UY</arg>
<arg>UZ</arg>
<arg>VA</arg>
<arg>VC</arg>
<arg>VE</arg>
<arg>VG</arg>
<arg>VI</arg>
<arg>VN</arg>
<arg>VU</arg>
<arg>WF</arg>
<arg>WS</arg>
<arg>XK</arg>
<arg>YE</arg>
<arg>YT</arg>
<arg>ZA</arg>
<arg>ZM</arg>
<arg>ZW</arg>
<doc>Returns a list containing given items.</doc>
<status status="PASS" start="2024-06-29T18:18:14.809486" elapsed="0.000614"/>
</kw>
<kw name="List Should Contain Value" owner="Collections">
<arg>${list_country}</arg>
<arg>${name_country}</arg>
<doc>Fails if the ``value`` is not found from ``list``.</doc>
<status status="PASS" start="2024-06-29T18:18:14.810891" elapsed="0.000200"/>
</kw>
<kw name="Run Keyword If" owner="BuiltIn">
<kw name="Should Be True" owner="BuiltIn">
<arg>${True}</arg>
<doc>Fails if the given condition is not true.</doc>
<status status="PASS" start="2024-06-29T18:18:14.811987" elapsed="0.000138"/>
</kw>
<arg>${json_data["results"][0]["location"]["coordinates"]["latitude"]} &gt;= -90 and ${json_data["results"][0]["location"]["coordinates"]["latitude"]} &lt;= 90</arg>
<arg>Should Be True</arg>
<arg>${True}</arg>
<doc>Runs the given keyword with the given arguments, if ``condition`` is true.</doc>
<status status="PASS" start="2024-06-29T18:18:14.811278" elapsed="0.000969"/>
</kw>
<kw name="Run Keyword If" owner="BuiltIn">
<kw name="Should Be True" owner="BuiltIn">
<arg>${True}</arg>
<doc>Fails if the given condition is not true.</doc>
<status status="PASS" start="2024-06-29T18:18:14.813143" elapsed="0.000225"/>
</kw>
<arg>${json_data["results"][0]["location"]["coordinates"]["longitude"]} &gt;= -180 and ${json_data["results"][0]["location"]["coordinates"]["longitude"]} &lt;= 180</arg>
<arg>Should Be True</arg>
<arg>${True}</arg>
<doc>Runs the given keyword with the given arguments, if ``condition`` is true.</doc>
<status status="PASS" start="2024-06-29T18:18:14.812423" elapsed="0.001071"/>
</kw>
<status status="PASS" start="2024-06-29T18:18:14.712135" elapsed="0.101485"/>
</kw>
<doc>Testa o conteúdo específico dos campos retornados pela API.</doc>
<tag>testeConteudo</tag>
<status status="PASS" start="2024-06-29T18:18:14.711634" elapsed="0.102122"/>
</test>
<status status="PASS" start="2024-06-29T18:18:13.874626" elapsed="0.941002"/>
</suite>
<status status="PASS" start="2024-06-29T18:18:13.860499" elapsed="0.960036"/>
</suite>
<statistics>
<total>
<stat pass="5" fail="0" skip="0">All Tests</stat>
</total>
<tag>
<stat pass="1" fail="0" skip="0">testeConteudo</stat>
<stat pass="1" fail="0" skip="0">testeEstruturaResposta</stat>
<stat pass="1" fail="0" skip="0">testeRequisicaoBasica</stat>
<stat pass="1" fail="0" skip="0">testeTiposDados</stat>
</tag>
<suite>
<stat pass="5" fail="0" skip="0" id="s1" name="Tests">Tests</stat>
<stat pass="5" fail="0" skip="0" id="s1-s1" name="Random-User-Test">Tests.Random-User-Test</stat>
</suite>
</statistics>
<errors>
</errors>
</robot>
