<?xml version="1.0" encoding="UTF-8"?>
<robot generator="Robot 7.0.1 (Python 3.12.4 on linux)" generated="2024-06-30T01:11:27.157803" rpa="false" schemaversion="5">
<suite id="s1" name="Tests" source="/home/runner/work/ApiRandomUser/ApiRandomUser/RamdonUser/tests">
<suite id="s1-s1" name="Random-User-Test" source="/home/runner/work/ApiRandomUser/ApiRandomUser/RamdonUser/tests/random-user-test.robot">
<test id="s1-s1-t1" name="Conectar" line="13">
<kw name="Conectar API" owner="random-user-service">
<kw name="Create Session" owner="RequestsLibrary">
<msg time="2024-06-30T01:11:27.571620" level="INFO">Creating Session using : alias=consultarAPI, url=https://randomuser.me/, headers={},                     cookies={}, auth=None, timeout=None, proxies=None, verify=False,                     debug=0 </msg>
<arg>consultarAPI</arg>
<arg>${URL}</arg>
<doc>Create Session: create a HTTP session to a server</doc>
<status status="PASS" start="2024-06-30T01:11:27.571417" elapsed="0.000427"/>
</kw>
<status status="PASS" start="2024-06-30T01:11:27.570445" elapsed="0.001763"/>
</kw>
<status status="PASS" start="2024-06-30T01:11:27.569796" elapsed="0.002603"/>
</test>
<test id="s1-s1-t2" name="Validar retorno 200 e JSON Válido" line="16">
<kw name="Teste de Requisicao Basica" owner="random-user-service">
<kw name="GET On Session" owner="RequestsLibrary">
<msg time="2024-06-30T01:11:27.757006" level="INFO">GET Request : url=https://randomuser.me/api 
 path_url=/api 
 headers={'User-Agent': 'python-requests/2.32.3', 'Accept-Encoding': 'gzip, deflate', 'Accept': '*/*', 'Connection': 'keep-alive'} 
 body=None 
 </msg>
<msg time="2024-06-30T01:11:27.757155" level="INFO">GET Response : url=https://randomuser.me/api 
 status=200, reason=OK 
 headers={'Date': 'Sun, 30 Jun 2024 01:11:27 GMT', 'Content-Type': 'application/json; charset=utf-8', 'Transfer-Encoding': 'chunked', 'Connection': 'keep-alive', 'X-Powered-By': 'Express', 'Access-Control-Allow-Origin': '*', 'Cache-Control': 'no-cache', 'ETag': 'W/"48e-RoQY/qpczIqkG0s6Jor2qEjc+/w"', 'Vary': 'Accept-Encoding', 'Content-Encoding': 'gzip', 'CF-Cache-Status': 'DYNAMIC', 'Report-To': '{"endpoints":[{"url":"https:\\/\\/a.nel.cloudflare.com\\/report\\/v4?s=arDIScBU2Qz7KVxXfEMofS55HTWklvzf4PLltixxA%2BIm4GcfGqjJKTguUiwMoBrNAOem3JHUmUV0bHqn%2BeZ%2FFKMzY%2BVBQrjZW6g8omGHa%2BhBDJ9kYd7t3zwbrQ2tKTX6"}],"group":"cf-nel","max_age":604800}', 'NEL': '{"success_fraction":0,"report_to":"cf-nel","max_age":604800}', 'Server': 'cloudflare', 'CF-RAY': '89ba484e3ae53949-IAD', 'alt-svc': 'h3=":443"; ma=86400'} 
 body={"results":[{"gender":"male","name":{"title":"Mr","first":"Felipe","last":"Rojo"},"location":{"street":{"number":9389,"name":"Eje vial Sur Romero"},"city":"Pihuamo","state":"Sinaloa","country":"Mexico","postcode":46159,"coordinates":{"latitude":"29.8852","longitude":"-176.9566"},"timezone":{"offset":"+4:00","description":"Abu Dhabi, Muscat, Baku, Tbilisi"}},"email":"felipe.rojo@example.com","login":{"uuid":"4c9fa9c6-9c1d-4c9f-ba92-0a197608e1f3","username":"purpledog110","password":"nope","salt":"JVhZXK0Q","md5":"cdc0df8dc89cb9683fe46542fc286a54","sha1":"3cf21b79dc303381fd4f11a36942d08f30b599b8","sha256":"16156b6bf3b083124e4ae1c5c4e9aee7ca0ee43a397b67dce2202928e6729bb0"},"dob":{"date":"1981-10-23T15:19:29.716Z","age":42},"registered":{"date":"2004-08-14T11:05:09.901Z","age":19},"phone":"(643) 059 1926","cell":"(636) 629 0612","id":{"name":"NSS","value":"63 48 94 5935 1"},"picture":{"large":"https://randomuser.me/api/portraits/men/60.jpg","medium":"https://randomuser.me/api/portraits/med/men/60.jpg","thumbnail":"https://randomuser.me/api/portraits/thumb/men/60.jpg"},"nat":"MX"}],"info":{"seed":"78f17bf6fbd075b6","results":1,"page":1,"version":"1.4"}} 
 </msg>
<msg time="2024-06-30T01:11:27.757246" level="INFO">/opt/hostedtoolcache/Python/3.12.4/x64/lib/python3.12/site-packages/urllib3/connectionpool.py:1099: InsecureRequestWarning: Unverified HTTPS request is being made to host 'randomuser.me'. Adding certificate verification is strongly advised. See: https://urllib3.readthedocs.io/en/latest/advanced-usage.html#tls-warnings
  warnings.warn(</msg>
<msg time="2024-06-30T01:11:27.757389" level="INFO">${response} = &lt;Response [200]&gt;</msg>
<var>${response}</var>
<arg>consultarAPI</arg>
<arg>/api</arg>
<doc>Sends a GET request on a previously created HTTP Session.</doc>
<status status="PASS" start="2024-06-30T01:11:27.575095" elapsed="0.182337"/>
</kw>
<kw name="Should Be Equal As Numbers" owner="BuiltIn">
<msg time="2024-06-30T01:11:27.758435" level="INFO">Argument types are:
&lt;class 'int'&gt;
&lt;class 'str'&gt;</msg>
<arg>${response.status_code}</arg>
<arg>200</arg>
<doc>Fails if objects are unequal after converting them to real numbers.</doc>
<status status="PASS" start="2024-06-30T01:11:27.757976" elapsed="0.000526"/>
</kw>
<kw name="Log" owner="BuiltIn">
<msg time="2024-06-30T01:11:27.759166" level="INFO">200</msg>
<arg>${response.status_code}</arg>
<doc>Logs the given message with the given level.</doc>
<status status="PASS" start="2024-06-30T01:11:27.758818" elapsed="0.000391"/>
</kw>
<kw name="Set Variable" owner="BuiltIn">
<msg time="2024-06-30T01:11:27.759992" level="INFO">${json_data} = {'results': [{'gender': 'male', 'name': {'title': 'Mr', 'first': 'Felipe', 'last': 'Rojo'}, 'location': {'street': {'number': 9389, 'name': 'Eje vial Sur Romero'}, 'city': 'Pihuamo', 'state': 'Sinaloa...</msg>
<var>${json_data}</var>
<arg>${response.json()}</arg>
<doc>Returns the given values which can then be assigned to a variables.</doc>
<status status="PASS" start="2024-06-30T01:11:27.759514" elapsed="0.000508"/>
</kw>
<kw name="Dictionary Should Contain Key" owner="Collections">
<arg>${json_data}</arg>
<arg>results</arg>
<doc>Fails if ``key`` is not found from ``dictionary``.</doc>
<status status="PASS" start="2024-06-30T01:11:27.760320" elapsed="0.000167"/>
</kw>
<status status="PASS" start="2024-06-30T01:11:27.574849" elapsed="0.185798"/>
</kw>
<doc>Testa se a API responde corretamente e retorna um objeto JSON válido.</doc>
<tag>testeRequisicaoBasica</tag>
<status status="PASS" start="2024-06-30T01:11:27.574275" elapsed="0.186556"/>
</test>
<test id="s1-s1-t3" name="Validar estrutura de resposta" line="22">
<kw name="Teste de Estrutura de Resposta" owner="random-user-service">
<kw name="GET On Session" owner="RequestsLibrary">
<msg time="2024-06-30T01:11:27.866583" level="INFO">GET Request : url=https://randomuser.me/api 
 path_url=/api 
 headers={'User-Agent': 'python-requests/2.32.3', 'Accept-Encoding': 'gzip, deflate', 'Accept': '*/*', 'Connection': 'keep-alive'} 
 body=None 
 </msg>
<msg time="2024-06-30T01:11:27.866697" level="INFO">GET Response : url=https://randomuser.me/api 
 status=200, reason=OK 
 headers={'Date': 'Sun, 30 Jun 2024 01:11:27 GMT', 'Content-Type': 'application/json; charset=utf-8', 'Transfer-Encoding': 'chunked', 'Connection': 'keep-alive', 'X-Powered-By': 'Express', 'Access-Control-Allow-Origin': '*', 'Cache-Control': 'no-cache', 'ETag': 'W/"491-X/9OiaZn/7qdilEN93s6zcc0Iyc"', 'Vary': 'Accept-Encoding', 'Content-Encoding': 'gzip', 'CF-Cache-Status': 'DYNAMIC', 'Report-To': '{"endpoints":[{"url":"https:\\/\\/a.nel.cloudflare.com\\/report\\/v4?s=%2F%2FXCzRdu752xJ2GDscsXN7BPlp5rD1PohGQBzCVBa5JTZ785oi3VlqQlp8tSJsDQ2ljYNbd4D6q5l4tuFMCB%2FG46CJizk88rowzuh5bRrMlw0BYBhagSkYFSPvEfZdvm"}],"group":"cf-nel","max_age":604800}', 'NEL': '{"success_fraction":0,"report_to":"cf-nel","max_age":604800}', 'Server': 'cloudflare', 'CF-RAY': '89ba484e8b3f3949-IAD', 'alt-svc': 'h3=":443"; ma=86400'} 
 body={"results":[{"gender":"female","name":{"title":"Mrs","first":"Dorothe","last":"Tausch"},"location":{"street":{"number":4103,"name":"Finkenweg"},"city":"Haan","state":"Hamburg","country":"Germany","postcode":51097,"coordinates":{"latitude":"-54.8411","longitude":"63.4280"},"timezone":{"offset":"+4:00","description":"Abu Dhabi, Muscat, Baku, Tbilisi"}},"email":"dorothe.tausch@example.com","login":{"uuid":"3e796555-7288-42ea-8c42-eaa6b3998d6d","username":"blacktiger663","password":"corrado","salt":"kHHj7QqU","md5":"ea74ae154bc28ac39f3f9f598cec8038","sha1":"563bc94405a684d7f3f565ac4f383ab47932e70e","sha256":"7cc9432404591b794c997975313ea8754eb01ce15d5ff14f35e851700615f8f7"},"dob":{"date":"1980-07-29T00:49:07.693Z","age":43},"registered":{"date":"2010-07-06T05:19:15.170Z","age":13},"phone":"0255-5838786","cell":"0178-2471193","id":{"name":"SVNR","value":"59 280780 T 701"},"picture":{"large":"https://randomuser.me/api/portraits/women/67.jpg","medium":"https://randomuser.me/api/portraits/med/women/67.jpg","thumbnail":"https://randomuser.me/api/portraits/thumb/women/67.jpg"},"nat":"DE"}],"info":{"seed":"6088be8d6e767e27","results":1,"page":1,"version":"1.4"}} 
 </msg>
<msg time="2024-06-30T01:11:27.866847" level="INFO">/opt/hostedtoolcache/Python/3.12.4/x64/lib/python3.12/site-packages/urllib3/connectionpool.py:1099: InsecureRequestWarning: Unverified HTTPS request is being made to host 'randomuser.me'. Adding certificate verification is strongly advised. See: https://urllib3.readthedocs.io/en/latest/advanced-usage.html#tls-warnings
  warnings.warn(</msg>
<msg time="2024-06-30T01:11:27.866982" level="INFO">${response} = &lt;Response [200]&gt;</msg>
<var>${response}</var>
<arg>consultarAPI</arg>
<arg>/api</arg>
<doc>Sends a GET request on a previously created HTTP Session.</doc>
<status status="PASS" start="2024-06-30T01:11:27.763426" elapsed="0.103598"/>
</kw>
<kw name="Set Variable" owner="BuiltIn">
<msg time="2024-06-30T01:11:27.868115" level="INFO">${json_data} = {'results': [{'gender': 'female', 'name': {'title': 'Mrs', 'first': 'Dorothe', 'last': 'Tausch'}, 'location': {'street': {'number': 4103, 'name': 'Finkenweg'}, 'city': 'Haan', 'state': 'Hamburg', 'cou...</msg>
<var>${json_data}</var>
<arg>${response.json()}</arg>
<doc>Returns the given values which can then be assigned to a variables.</doc>
<status status="PASS" start="2024-06-30T01:11:27.867536" elapsed="0.000608"/>
</kw>
<kw name="Log" owner="BuiltIn">
<msg time="2024-06-30T01:11:27.868621" level="INFO">{'results': [{'gender': 'female', 'name': {'title': 'Mrs', 'first': 'Dorothe', 'last': 'Tausch'}, 'location': {'street': {'number': 4103, 'name': 'Finkenweg'}, 'city': 'Haan', 'state': 'Hamburg', 'country': 'Germany', 'postcode': 51097, 'coordinates': {'latitude': '-54.8411', 'longitude': '63.4280'}, 'timezone': {'offset': '+4:00', 'description': 'Abu Dhabi, Muscat, Baku, Tbilisi'}}, 'email': 'dorothe.tausch@example.com', 'login': {'uuid': '3e796555-7288-42ea-8c42-eaa6b3998d6d', 'username': 'blacktiger663', 'password': 'corrado', 'salt': 'kHHj7QqU', 'md5': 'ea74ae154bc28ac39f3f9f598cec8038', 'sha1': '563bc94405a684d7f3f565ac4f383ab47932e70e', 'sha256': '7cc9432404591b794c997975313ea8754eb01ce15d5ff14f35e851700615f8f7'}, 'dob': {'date': '1980-07-29T00:49:07.693Z', 'age': 43}, 'registered': {'date': '2010-07-06T05:19:15.170Z', 'age': 13}, 'phone': '0255-5838786', 'cell': '0178-2471193', 'id': {'name': 'SVNR', 'value': '59 280780 T 701'}, 'picture': {'large': 'https://randomuser.me/api/portraits/women/67.jpg', 'medium': 'https://randomuser.me/api/portraits/med/women/67.jpg', 'thumbnail': 'https://randomuser.me/api/portraits/thumb/women/67.jpg'}, 'nat': 'DE'}], 'info': {'seed': '6088be8d6e767e27', 'results': 1, 'page': 1, 'version': '1.4'}}</msg>
<arg>${json_data}</arg>
<doc>Logs the given message with the given level.</doc>
<status status="PASS" start="2024-06-30T01:11:27.868460" elapsed="0.000211"/>
</kw>
<kw name="Dictionary Should Contain Key" owner="Collections">
<arg>${json_data}</arg>
<arg>results</arg>
<doc>Fails if ``key`` is not found from ``dictionary``.</doc>
<status status="PASS" start="2024-06-30T01:11:27.868964" elapsed="0.000161"/>
</kw>
<kw name="Should Not Be Empty" owner="BuiltIn">
<msg time="2024-06-30T01:11:27.869446" level="INFO">Length is 2.</msg>
<arg>${json_data}</arg>
<doc>Verifies that the given item is not empty.</doc>
<status status="PASS" start="2024-06-30T01:11:27.869315" elapsed="0.000171"/>
</kw>
<kw name="Create List" owner="BuiltIn">
<msg time="2024-06-30T01:11:27.870095" level="INFO">${expected_keys} = ['gender', 'name', 'location', 'email', 'login']</msg>
<var>${expected_keys}</var>
<arg>gender</arg>
<arg>name</arg>
<arg>location</arg>
<arg>email</arg>
<arg>login</arg>
<doc>Returns a list containing given items.</doc>
<status status="PASS" start="2024-06-30T01:11:27.869780" elapsed="0.000341"/>
</kw>
<for flavor="IN">
<iter>
<kw name="Dictionary Should Contain Key" owner="Collections">
<arg>${json_data['results'][0]}</arg>
<arg>${key}</arg>
<doc>Fails if ``key`` is not found from ``dictionary``.</doc>
<status status="PASS" start="2024-06-30T01:11:27.870717" elapsed="0.000417"/>
</kw>
<kw name="Log" owner="BuiltIn">
<msg time="2024-06-30T01:11:27.871734" level="INFO">{'gender': 'female', 'name': {'title': 'Mrs', 'first': 'Dorothe', 'last': 'Tausch'}, 'location': {'street': {'number': 4103, 'name': 'Finkenweg'}, 'city': 'Haan', 'state': 'Hamburg', 'country': 'Germany', 'postcode': 51097, 'coordinates': {'latitude': '-54.8411', 'longitude': '63.4280'}, 'timezone': {'offset': '+4:00', 'description': 'Abu Dhabi, Muscat, Baku, Tbilisi'}}, 'email': 'dorothe.tausch@example.com', 'login': {'uuid': '3e796555-7288-42ea-8c42-eaa6b3998d6d', 'username': 'blacktiger663', 'password': 'corrado', 'salt': 'kHHj7QqU', 'md5': 'ea74ae154bc28ac39f3f9f598cec8038', 'sha1': '563bc94405a684d7f3f565ac4f383ab47932e70e', 'sha256': '7cc9432404591b794c997975313ea8754eb01ce15d5ff14f35e851700615f8f7'}, 'dob': {'date': '1980-07-29T00:49:07.693Z', 'age': 43}, 'registered': {'date': '2010-07-06T05:19:15.170Z', 'age': 13}, 'phone': '0255-5838786', 'cell': '0178-2471193', 'id': {'name': 'SVNR', 'value': '59 280780 T 701'}, 'picture': {'large': 'https://randomuser.me/api/portraits/women/67.jpg', 'medium': 'https://randomuser.me/api/portraits/med/women/67.jpg', 'thumbnail': 'https://randomuser.me/api/portraits/thumb/women/67.jpg'}, 'nat': 'DE'}</msg>
<arg>${json_data['results'][0]}</arg>
<doc>Logs the given message with the given level.</doc>
<status status="PASS" start="2024-06-30T01:11:27.871333" elapsed="0.000451"/>
</kw>
<kw name="Log" owner="BuiltIn">
<msg time="2024-06-30T01:11:27.872226" level="INFO">gender</msg>
<arg>${key}</arg>
<doc>Logs the given message with the given level.</doc>
<status status="PASS" start="2024-06-30T01:11:27.872094" elapsed="0.000171"/>
</kw>
<var name="${key}">gender</var>
<status status="PASS" start="2024-06-30T01:11:27.870589" elapsed="0.001894"/>
</iter>
<iter>
<kw name="Dictionary Should Contain Key" owner="Collections">
<arg>${json_data['results'][0]}</arg>
<arg>${key}</arg>
<doc>Fails if ``key`` is not found from ``dictionary``.</doc>
<status status="PASS" start="2024-06-30T01:11:27.872781" elapsed="0.000397"/>
</kw>
<kw name="Log" owner="BuiltIn">
<msg time="2024-06-30T01:11:27.873713" level="INFO">{'gender': 'female', 'name': {'title': 'Mrs', 'first': 'Dorothe', 'last': 'Tausch'}, 'location': {'street': {'number': 4103, 'name': 'Finkenweg'}, 'city': 'Haan', 'state': 'Hamburg', 'country': 'Germany', 'postcode': 51097, 'coordinates': {'latitude': '-54.8411', 'longitude': '63.4280'}, 'timezone': {'offset': '+4:00', 'description': 'Abu Dhabi, Muscat, Baku, Tbilisi'}}, 'email': 'dorothe.tausch@example.com', 'login': {'uuid': '3e796555-7288-42ea-8c42-eaa6b3998d6d', 'username': 'blacktiger663', 'password': 'corrado', 'salt': 'kHHj7QqU', 'md5': 'ea74ae154bc28ac39f3f9f598cec8038', 'sha1': '563bc94405a684d7f3f565ac4f383ab47932e70e', 'sha256': '7cc9432404591b794c997975313ea8754eb01ce15d5ff14f35e851700615f8f7'}, 'dob': {'date': '1980-07-29T00:49:07.693Z', 'age': 43}, 'registered': {'date': '2010-07-06T05:19:15.170Z', 'age': 13}, 'phone': '0255-5838786', 'cell': '0178-2471193', 'id': {'name': 'SVNR', 'value': '59 280780 T 701'}, 'picture': {'large': 'https://randomuser.me/api/portraits/women/67.jpg', 'medium': 'https://randomuser.me/api/portraits/med/women/67.jpg', 'thumbnail': 'https://randomuser.me/api/portraits/thumb/women/67.jpg'}, 'nat': 'DE'}</msg>
<arg>${json_data['results'][0]}</arg>
<doc>Logs the given message with the given level.</doc>
<status status="PASS" start="2024-06-30T01:11:27.873364" elapsed="0.000431"/>
</kw>
<kw name="Log" owner="BuiltIn">
<msg time="2024-06-30T01:11:27.874225" level="INFO">name</msg>
<arg>${key}</arg>
<doc>Logs the given message with the given level.</doc>
<status status="PASS" start="2024-06-30T01:11:27.874096" elapsed="0.000166"/>
</kw>
<var name="${key}">name</var>
<status status="PASS" start="2024-06-30T01:11:27.872671" elapsed="0.001806"/>
</iter>
<iter>
<kw name="Dictionary Should Contain Key" owner="Collections">
<arg>${json_data['results'][0]}</arg>
<arg>${key}</arg>
<doc>Fails if ``key`` is not found from ``dictionary``.</doc>
<status status="PASS" start="2024-06-30T01:11:27.874762" elapsed="0.000385"/>
</kw>
<kw name="Log" owner="BuiltIn">
<msg time="2024-06-30T01:11:27.875709" level="INFO">{'gender': 'female', 'name': {'title': 'Mrs', 'first': 'Dorothe', 'last': 'Tausch'}, 'location': {'street': {'number': 4103, 'name': 'Finkenweg'}, 'city': 'Haan', 'state': 'Hamburg', 'country': 'Germany', 'postcode': 51097, 'coordinates': {'latitude': '-54.8411', 'longitude': '63.4280'}, 'timezone': {'offset': '+4:00', 'description': 'Abu Dhabi, Muscat, Baku, Tbilisi'}}, 'email': 'dorothe.tausch@example.com', 'login': {'uuid': '3e796555-7288-42ea-8c42-eaa6b3998d6d', 'username': 'blacktiger663', 'password': 'corrado', 'salt': 'kHHj7QqU', 'md5': 'ea74ae154bc28ac39f3f9f598cec8038', 'sha1': '563bc94405a684d7f3f565ac4f383ab47932e70e', 'sha256': '7cc9432404591b794c997975313ea8754eb01ce15d5ff14f35e851700615f8f7'}, 'dob': {'date': '1980-07-29T00:49:07.693Z', 'age': 43}, 'registered': {'date': '2010-07-06T05:19:15.170Z', 'age': 13}, 'phone': '0255-5838786', 'cell': '0178-2471193', 'id': {'name': 'SVNR', 'value': '59 280780 T 701'}, 'picture': {'large': 'https://randomuser.me/api/portraits/women/67.jpg', 'medium': 'https://randomuser.me/api/portraits/med/women/67.jpg', 'thumbnail': 'https://randomuser.me/api/portraits/thumb/women/67.jpg'}, 'nat': 'DE'}</msg>
<arg>${json_data['results'][0]}</arg>
<doc>Logs the given message with the given level.</doc>
<status status="PASS" start="2024-06-30T01:11:27.875334" elapsed="0.000425"/>
</kw>
<kw name="Log" owner="BuiltIn">
<msg time="2024-06-30T01:11:27.876203" level="INFO">location</msg>
<arg>${key}</arg>
<doc>Logs the given message with the given level.</doc>
<status status="PASS" start="2024-06-30T01:11:27.876076" elapsed="0.000166"/>
</kw>
<var name="${key}">location</var>
<status status="PASS" start="2024-06-30T01:11:27.874654" elapsed="0.001804"/>
</iter>
<iter>
<kw name="Dictionary Should Contain Key" owner="Collections">
<arg>${json_data['results'][0]}</arg>
<arg>${key}</arg>
<doc>Fails if ``key`` is not found from ``dictionary``.</doc>
<status status="PASS" start="2024-06-30T01:11:27.876737" elapsed="0.000390"/>
</kw>
<kw name="Log" owner="BuiltIn">
<msg time="2024-06-30T01:11:27.877663" level="INFO">{'gender': 'female', 'name': {'title': 'Mrs', 'first': 'Dorothe', 'last': 'Tausch'}, 'location': {'street': {'number': 4103, 'name': 'Finkenweg'}, 'city': 'Haan', 'state': 'Hamburg', 'country': 'Germany', 'postcode': 51097, 'coordinates': {'latitude': '-54.8411', 'longitude': '63.4280'}, 'timezone': {'offset': '+4:00', 'description': 'Abu Dhabi, Muscat, Baku, Tbilisi'}}, 'email': 'dorothe.tausch@example.com', 'login': {'uuid': '3e796555-7288-42ea-8c42-eaa6b3998d6d', 'username': 'blacktiger663', 'password': 'corrado', 'salt': 'kHHj7QqU', 'md5': 'ea74ae154bc28ac39f3f9f598cec8038', 'sha1': '563bc94405a684d7f3f565ac4f383ab47932e70e', 'sha256': '7cc9432404591b794c997975313ea8754eb01ce15d5ff14f35e851700615f8f7'}, 'dob': {'date': '1980-07-29T00:49:07.693Z', 'age': 43}, 'registered': {'date': '2010-07-06T05:19:15.170Z', 'age': 13}, 'phone': '0255-5838786', 'cell': '0178-2471193', 'id': {'name': 'SVNR', 'value': '59 280780 T 701'}, 'picture': {'large': 'https://randomuser.me/api/portraits/women/67.jpg', 'medium': 'https://randomuser.me/api/portraits/med/women/67.jpg', 'thumbnail': 'https://randomuser.me/api/portraits/thumb/women/67.jpg'}, 'nat': 'DE'}</msg>
<arg>${json_data['results'][0]}</arg>
<doc>Logs the given message with the given level.</doc>
<status status="PASS" start="2024-06-30T01:11:27.877309" elapsed="0.000402"/>
</kw>
<kw name="Log" owner="BuiltIn">
<msg time="2024-06-30T01:11:27.878143" level="INFO">email</msg>
<arg>${key}</arg>
<doc>Logs the given message with the given level.</doc>
<status status="PASS" start="2024-06-30T01:11:27.878014" elapsed="0.000169"/>
</kw>
<var name="${key}">email</var>
<status status="PASS" start="2024-06-30T01:11:27.876632" elapsed="0.001771"/>
</iter>
<iter>
<kw name="Dictionary Should Contain Key" owner="Collections">
<arg>${json_data['results'][0]}</arg>
<arg>${key}</arg>
<doc>Fails if ``key`` is not found from ``dictionary``.</doc>
<status status="PASS" start="2024-06-30T01:11:27.878695" elapsed="0.000395"/>
</kw>
<kw name="Log" owner="BuiltIn">
<msg time="2024-06-30T01:11:27.879628" level="INFO">{'gender': 'female', 'name': {'title': 'Mrs', 'first': 'Dorothe', 'last': 'Tausch'}, 'location': {'street': {'number': 4103, 'name': 'Finkenweg'}, 'city': 'Haan', 'state': 'Hamburg', 'country': 'Germany', 'postcode': 51097, 'coordinates': {'latitude': '-54.8411', 'longitude': '63.4280'}, 'timezone': {'offset': '+4:00', 'description': 'Abu Dhabi, Muscat, Baku, Tbilisi'}}, 'email': 'dorothe.tausch@example.com', 'login': {'uuid': '3e796555-7288-42ea-8c42-eaa6b3998d6d', 'username': 'blacktiger663', 'password': 'corrado', 'salt': 'kHHj7QqU', 'md5': 'ea74ae154bc28ac39f3f9f598cec8038', 'sha1': '563bc94405a684d7f3f565ac4f383ab47932e70e', 'sha256': '7cc9432404591b794c997975313ea8754eb01ce15d5ff14f35e851700615f8f7'}, 'dob': {'date': '1980-07-29T00:49:07.693Z', 'age': 43}, 'registered': {'date': '2010-07-06T05:19:15.170Z', 'age': 13}, 'phone': '0255-5838786', 'cell': '0178-2471193', 'id': {'name': 'SVNR', 'value': '59 280780 T 701'}, 'picture': {'large': 'https://randomuser.me/api/portraits/women/67.jpg', 'medium': 'https://randomuser.me/api/portraits/med/women/67.jpg', 'thumbnail': 'https://randomuser.me/api/portraits/thumb/women/67.jpg'}, 'nat': 'DE'}</msg>
<arg>${json_data['results'][0]}</arg>
<doc>Logs the given message with the given level.</doc>
<status status="PASS" start="2024-06-30T01:11:27.879273" elapsed="0.000427"/>
</kw>
<kw name="Log" owner="BuiltIn">
<msg time="2024-06-30T01:11:27.880137" level="INFO">login</msg>
<arg>${key}</arg>
<doc>Logs the given message with the given level.</doc>
<status status="PASS" start="2024-06-30T01:11:27.880009" elapsed="0.000166"/>
</kw>
<var name="${key}">login</var>
<status status="PASS" start="2024-06-30T01:11:27.878576" elapsed="0.001816"/>
</iter>
<var>${key}</var>
<value>@{expected_keys}</value>
<status status="PASS" start="2024-06-30T01:11:27.870389" elapsed="0.010127"/>
</for>
<kw name="Create List" owner="BuiltIn">
<msg time="2024-06-30T01:11:27.880858" level="INFO">${expected_keysTwo} = ['username', 'password']</msg>
<var>${expected_keysTwo}</var>
<arg>username</arg>
<arg>password</arg>
<doc>Returns a list containing given items.</doc>
<status status="PASS" start="2024-06-30T01:11:27.880714" elapsed="0.000201"/>
</kw>
<for flavor="IN">
<iter>
<kw name="Dictionary Should Contain Key" owner="Collections">
<arg>${json_data['results'][0]['login']}</arg>
<arg>${keyTwo}</arg>
<doc>Fails if ``key`` is not found from ``dictionary``.</doc>
<status status="PASS" start="2024-06-30T01:11:27.881435" elapsed="0.000385"/>
</kw>
<kw name="Dictionary Should Contain Key" owner="Collections">
<arg>${json_data['results'][0]['login']}</arg>
<arg>${keyTwo}</arg>
<doc>Fails if ``key`` is not found from ``dictionary``.</doc>
<status status="PASS" start="2024-06-30T01:11:27.882003" elapsed="0.000383"/>
</kw>
<kw name="Log" owner="BuiltIn">
<msg time="2024-06-30T01:11:27.882690" level="INFO">username</msg>
<arg>${keyTwo}</arg>
<doc>Logs the given message with the given level.</doc>
<status status="PASS" start="2024-06-30T01:11:27.882570" elapsed="0.000158"/>
</kw>
<var name="${keyTwo}">username</var>
<status status="PASS" start="2024-06-30T01:11:27.881326" elapsed="0.001623"/>
</iter>
<iter>
<kw name="Dictionary Should Contain Key" owner="Collections">
<arg>${json_data['results'][0]['login']}</arg>
<arg>${keyTwo}</arg>
<doc>Fails if ``key`` is not found from ``dictionary``.</doc>
<status status="PASS" start="2024-06-30T01:11:27.883226" elapsed="0.000384"/>
</kw>
<kw name="Dictionary Should Contain Key" owner="Collections">
<arg>${json_data['results'][0]['login']}</arg>
<arg>${keyTwo}</arg>
<doc>Fails if ``key`` is not found from ``dictionary``.</doc>
<status status="PASS" start="2024-06-30T01:11:27.883825" elapsed="0.000374"/>
</kw>
<kw name="Log" owner="BuiltIn">
<msg time="2024-06-30T01:11:27.884496" level="INFO">password</msg>
<arg>${keyTwo}</arg>
<doc>Logs the given message with the given level.</doc>
<status status="PASS" start="2024-06-30T01:11:27.884375" elapsed="0.000167"/>
</kw>
<var name="${keyTwo}">password</var>
<status status="PASS" start="2024-06-30T01:11:27.883120" elapsed="0.001741"/>
</iter>
<var>${keyTwo}</var>
<value>@{expected_keysTwo}</value>
<status status="PASS" start="2024-06-30T01:11:27.881165" elapsed="0.003820"/>
</for>
<status status="PASS" start="2024-06-30T01:11:27.763190" elapsed="0.121940"/>
</kw>
<doc>Testa a estrutura da resposta da API.</doc>
<tag>testeEstruturaResposta</tag>
<status status="PASS" start="2024-06-30T01:11:27.762666" elapsed="0.122625"/>
</test>
<test id="s1-s1-t4" name="Validar tipos de dados" line="28">
<kw name="Teste de Tipos de Dados" owner="random-user-service">
<kw name="GET On Session" owner="RequestsLibrary">
<msg time="2024-06-30T01:11:27.959082" level="INFO">GET Request : url=https://randomuser.me/api 
 path_url=/api 
 headers={'User-Agent': 'python-requests/2.32.3', 'Accept-Encoding': 'gzip, deflate', 'Accept': '*/*', 'Connection': 'keep-alive'} 
 body=None 
 </msg>
<msg time="2024-06-30T01:11:27.959181" level="INFO">GET Response : url=https://randomuser.me/api 
 status=200, reason=OK 
 headers={'Date': 'Sun, 30 Jun 2024 01:11:27 GMT', 'Content-Type': 'application/json; charset=utf-8', 'Transfer-Encoding': 'chunked', 'Connection': 'keep-alive', 'X-Powered-By': 'Express', 'Access-Control-Allow-Origin': '*', 'Cache-Control': 'no-cache', 'ETag': 'W/"478-zFMGc7ZBgtbvheUTqRZWxZvdIgA"', 'Vary': 'Accept-Encoding', 'Content-Encoding': 'gzip', 'CF-Cache-Status': 'DYNAMIC', 'Report-To': '{"endpoints":[{"url":"https:\\/\\/a.nel.cloudflare.com\\/report\\/v4?s=ahDA8z1jHJliskoGsH7MJufkNUEXnPxtBqMv8CvaN26oWnregMQSEq%2F3Vl7j4ecCFNdzL8sf3P8PFP0fmSTbiRmdjVlyC69PQf4cIGxTuOMJtvUzPrDSfe3heBFrw8YF"}],"group":"cf-nel","max_age":604800}', 'NEL': '{"success_fraction":0,"report_to":"cf-nel","max_age":604800}', 'Server': 'cloudflare', 'CF-RAY': '89ba484f5c303949-IAD', 'alt-svc': 'h3=":443"; ma=86400'} 
 body={"results":[{"gender":"female","name":{"title":"Ms","first":"Laiba","last":"Dyrstad"},"location":{"street":{"number":9460,"name":"Kolonihagestien"},"city":"Fedje","state":"Trøndelag","country":"Norway","postcode":"3991","coordinates":{"latitude":"43.2074","longitude":"109.6479"},"timezone":{"offset":"-12:00","description":"Eniwetok, Kwajalein"}},"email":"laiba.dyrstad@example.com","login":{"uuid":"82f0f72d-76b6-438b-8bde-261706c630b4","username":"tinydog476","password":"stefano","salt":"ySApHRqR","md5":"18b32e6fe7253c38e5294c05a510329c","sha1":"cecdb4417ad82c05e7ceb5067cfe3d242f1608c4","sha256":"4cc068db323e345b48d4aa62318b0798d0a75abf54dbc7c0edeb555125e90c6a"},"dob":{"date":"1949-11-11T22:17:14.739Z","age":74},"registered":{"date":"2011-05-23T08:59:01.051Z","age":13},"phone":"57420729","cell":"47095072","id":{"name":"FN","value":"11114901085"},"picture":{"large":"https://randomuser.me/api/portraits/women/5.jpg","medium":"https://randomuser.me/api/portraits/med/women/5.jpg","thumbnail":"https://randomuser.me/api/portraits/thumb/women/5.jpg"},"nat":"NO"}],"info":{"seed":"f9d1b06c4abf7964","results":1,"page":1,"version":"1.4"}} 
 </msg>
<msg time="2024-06-30T01:11:27.959254" level="INFO">/opt/hostedtoolcache/Python/3.12.4/x64/lib/python3.12/site-packages/urllib3/connectionpool.py:1099: InsecureRequestWarning: Unverified HTTPS request is being made to host 'randomuser.me'. Adding certificate verification is strongly advised. See: https://urllib3.readthedocs.io/en/latest/advanced-usage.html#tls-warnings
  warnings.warn(</msg>
<msg time="2024-06-30T01:11:27.959377" level="INFO">${response} = &lt;Response [200]&gt;</msg>
<var>${response}</var>
<arg>consultarAPI</arg>
<arg>/api</arg>
<doc>Sends a GET request on a previously created HTTP Session.</doc>
<status status="PASS" start="2024-06-30T01:11:27.887827" elapsed="0.071594"/>
</kw>
<kw name="Set Variable" owner="BuiltIn">
<msg time="2024-06-30T01:11:27.960562" level="INFO">${json_data} = {'results': [{'gender': 'female', 'name': {'title': 'Ms', 'first': 'Laiba', 'last': 'Dyrstad'}, 'location': {'street': {'number': 9460, 'name': 'Kolonihagestien'}, 'city': 'Fedje', 'state': 'Trøndelag...</msg>
<var>${json_data}</var>
<arg>${response.json()}</arg>
<doc>Returns the given values which can then be assigned to a variables.</doc>
<status status="PASS" start="2024-06-30T01:11:27.960026" elapsed="0.000567"/>
</kw>
<kw name="Log" owner="BuiltIn">
<msg time="2024-06-30T01:11:27.961079" level="INFO">{'results': [{'gender': 'female', 'name': {'title': 'Ms', 'first': 'Laiba', 'last': 'Dyrstad'}, 'location': {'street': {'number': 9460, 'name': 'Kolonihagestien'}, 'city': 'Fedje', 'state': 'Trøndelag', 'country': 'Norway', 'postcode': '3991', 'coordinates': {'latitude': '43.2074', 'longitude': '109.6479'}, 'timezone': {'offset': '-12:00', 'description': 'Eniwetok, Kwajalein'}}, 'email': 'laiba.dyrstad@example.com', 'login': {'uuid': '82f0f72d-76b6-438b-8bde-261706c630b4', 'username': 'tinydog476', 'password': 'stefano', 'salt': 'ySApHRqR', 'md5': '18b32e6fe7253c38e5294c05a510329c', 'sha1': 'cecdb4417ad82c05e7ceb5067cfe3d242f1608c4', 'sha256': '4cc068db323e345b48d4aa62318b0798d0a75abf54dbc7c0edeb555125e90c6a'}, 'dob': {'date': '1949-11-11T22:17:14.739Z', 'age': 74}, 'registered': {'date': '2011-05-23T08:59:01.051Z', 'age': 13}, 'phone': '57420729', 'cell': '47095072', 'id': {'name': 'FN', 'value': '11114901085'}, 'picture': {'large': 'https://randomuser.me/api/portraits/women/5.jpg', 'medium': 'https://randomuser.me/api/portraits/med/women/5.jpg', 'thumbnail': 'https://randomuser.me/api/portraits/thumb/women/5.jpg'}, 'nat': 'NO'}], 'info': {'seed': 'f9d1b06c4abf7964', 'results': 1, 'page': 1, 'version': '1.4'}}</msg>
<arg>${json_data}</arg>
<doc>Logs the given message with the given level.</doc>
<status status="PASS" start="2024-06-30T01:11:27.960909" elapsed="0.000220"/>
</kw>
<kw name="Should Be String" owner="String">
<arg>${json_data['results'][0]['gender']}</arg>
<doc>Fails if the given ``item`` is not a string.</doc>
<status status="PASS" start="2024-06-30T01:11:27.961434" elapsed="0.000363"/>
</kw>
<kw name="Should Match Regexp" owner="BuiltIn">
<arg>${json_data['results'][0]['email']}</arg>
<arg>^[a-zA-Z0-9._%+-]+@[a-zA-Z0-9.-]+\.[a-zA-Z]{2,}$</arg>
<doc>Fails if ``string`` does not match ``pattern`` as a regular expression.</doc>
<status status="PASS" start="2024-06-30T01:11:27.961985" elapsed="0.000526"/>
</kw>
<kw name="Should Match Regexp" owner="BuiltIn">
<arg>${json_data['results'][0]['dob']['date']}</arg>
<arg>\\d{4}-\\d{2}-\\d{2}T\\d{2}:\\d{2}:\\d{2}\\.\\d{3}Z</arg>
<doc>Fails if ``string`` does not match ``pattern`` as a regular expression.</doc>
<status status="PASS" start="2024-06-30T01:11:27.962744" elapsed="0.000486"/>
</kw>
<kw name="Should Match Regexp" owner="BuiltIn">
<arg>${json_data['results'][0]['registered']['date']}</arg>
<arg>\\d{4}-\\d{2}-\\d{2}T\\d{2}:\\d{2}:\\d{2}\\.\\d{3}Z</arg>
<doc>Fails if ``string`` does not match ``pattern`` as a regular expression.</doc>
<status status="PASS" start="2024-06-30T01:11:27.963417" elapsed="0.000437"/>
</kw>
<kw name="Should Match Regexp" owner="BuiltIn">
<arg>${json_data['results'][0]['picture']['large']}</arg>
<arg>^https?://.*\.(?:png|jpe?g|gif|bmp)$</arg>
<doc>Fails if ``string`` does not match ``pattern`` as a regular expression.</doc>
<status status="PASS" start="2024-06-30T01:11:27.964045" elapsed="0.000460"/>
</kw>
<kw name="Should Match Regexp" owner="BuiltIn">
<arg>${json_data['results'][0]['picture']['medium']}</arg>
<arg>^https?://.*\.(?:png|jpe?g|gif|bmp)$</arg>
<doc>Fails if ``string`` does not match ``pattern`` as a regular expression.</doc>
<status status="PASS" start="2024-06-30T01:11:27.964691" elapsed="0.000351"/>
</kw>
<kw name="Should Match Regexp" owner="BuiltIn">
<arg>${json_data['results'][0]['picture']['thumbnail']}</arg>
<arg>^https?://.*\.(?:png|jpe?g|gif|bmp)$</arg>
<doc>Fails if ``string`` does not match ``pattern`` as a regular expression.</doc>
<status status="PASS" start="2024-06-30T01:11:27.965224" elapsed="0.000359"/>
</kw>
<kw name="Log" owner="BuiltIn">
<msg time="2024-06-30T01:11:27.966103" level="INFO">{'large': 'https://randomuser.me/api/portraits/women/5.jpg', 'medium': 'https://randomuser.me/api/portraits/med/women/5.jpg', 'thumbnail': 'https://randomuser.me/api/portraits/thumb/women/5.jpg'}</msg>
<arg>${json_data['results'][0]['picture']}</arg>
<doc>Logs the given message with the given level.</doc>
<status status="PASS" start="2024-06-30T01:11:27.965777" elapsed="0.000368"/>
</kw>
<status status="PASS" start="2024-06-30T01:11:27.887563" elapsed="0.078844"/>
</kw>
<kw name="Teste de Tipos de Dados - Postcode" owner="random-user-service">
<kw name="GET On Session" owner="RequestsLibrary">
<msg time="2024-06-30T01:11:28.063797" level="INFO">GET Request : url=https://randomuser.me/api 
 path_url=/api 
 headers={'User-Agent': 'python-requests/2.32.3', 'Accept-Encoding': 'gzip, deflate', 'Accept': '*/*', 'Connection': 'keep-alive'} 
 body=None 
 </msg>
<msg time="2024-06-30T01:11:28.063908" level="INFO">GET Response : url=https://randomuser.me/api 
 status=200, reason=OK 
 headers={'Date': 'Sun, 30 Jun 2024 01:11:28 GMT', 'Content-Type': 'application/json; charset=utf-8', 'Transfer-Encoding': 'chunked', 'Connection': 'keep-alive', 'X-Powered-By': 'Express', 'Access-Control-Allow-Origin': '*', 'Cache-Control': 'no-cache', 'ETag': 'W/"4bb-7dTR9hdEQCiL05QiGV+CjZV98rI"', 'Vary': 'Accept-Encoding', 'Content-Encoding': 'gzip', 'CF-Cache-Status': 'DYNAMIC', 'Report-To': '{"endpoints":[{"url":"https:\\/\\/a.nel.cloudflare.com\\/report\\/v4?s=GkR3xRpuYqfokCTeLmdPUCQSmWNe%2FxHnngn9kOpnYb%2B4W6W8dEbWLHglGxjvqGieHouV3MDCTs7f9yMMgQdSdhXrWGU41HU1So0e3sKoCqudU3NiVGy81MkiFtVOXsqm"}],"group":"cf-nel","max_age":604800}', 'NEL': '{"success_fraction":0,"report_to":"cf-nel","max_age":604800}', 'Server': 'cloudflare', 'CF-RAY': '89ba484fdcc43949-IAD', 'alt-svc': 'h3=":443"; ma=86400'} 
 body={"results":[{"gender":"female","name":{"title":"Madame","first":"Charlotte","last":"Picard"},"location":{"street":{"number":6179,"name":"Rue de la Fontaine"},"city":"Corsier (Ge)","state":"Ticino","country":"Switzerland","postcode":4335,"coordinates":{"latitude":"-58.3518","longitude":"5.7733"},"timezone":{"offset":"0:00","description":"Western Europe Time, London, Lisbon, Casablanca"}},"email":"charlotte.picard@example.com","login":{"uuid":"2c679a3c-238c-4ecf-ad4b-9789eb5f4169","username":"sadmeercat524","password":"cristina","salt":"nIW4W7P2","md5":"c5be78193c98a20c9f8eb2a9796d1835","sha1":"38ef742d294f8d90d2dbb9e83828729727dbbe91","sha256":"84c240abda625f4525d16426a05c06d2ee9f904aa28a7f6b0342b5b0b4c50ae8"},"dob":{"date":"1973-02-13T16:33:16.898Z","age":51},"registered":{"date":"2014-03-01T05:58:34.239Z","age":10},"phone":"079 203 51 72","cell":"078 818 50 70","id":{"name":"AVS","value":"756.9688.9447.97"},"picture":{"large":"https://randomuser.me/api/portraits/women/86.jpg","medium":"https://randomuser.me/api/portraits/med/women/86.jpg","thumbnail":"https://randomuser.me/api/portraits/thumb/women/86.jpg"},"nat":"CH"}],"info":{"seed":"007370f294ce6a5d","results":1,"page":1,"version":"1.4"}} 
 </msg>
<msg time="2024-06-30T01:11:28.063989" level="INFO">/opt/hostedtoolcache/Python/3.12.4/x64/lib/python3.12/site-packages/urllib3/connectionpool.py:1099: InsecureRequestWarning: Unverified HTTPS request is being made to host 'randomuser.me'. Adding certificate verification is strongly advised. See: https://urllib3.readthedocs.io/en/latest/advanced-usage.html#tls-warnings
  warnings.warn(</msg>
<msg time="2024-06-30T01:11:28.064120" level="INFO">${response} = &lt;Response [200]&gt;</msg>
<var>${response}</var>
<arg>consultarAPI</arg>
<arg>/api</arg>
<doc>Sends a GET request on a previously created HTTP Session.</doc>
<status status="PASS" start="2024-06-30T01:11:27.966864" elapsed="0.097296"/>
</kw>
<kw name="Set Variable" owner="BuiltIn">
<msg time="2024-06-30T01:11:28.065231" level="INFO">${json_data} = {'results': [{'gender': 'female', 'name': {'title': 'Madame', 'first': 'Charlotte', 'last': 'Picard'}, 'location': {'street': {'number': 6179, 'name': 'Rue de la Fontaine'}, 'city': 'Corsier (Ge)', 's...</msg>
<var>${json_data}</var>
<arg>${response.json()}</arg>
<doc>Returns the given values which can then be assigned to a variables.</doc>
<status status="PASS" start="2024-06-30T01:11:28.064724" elapsed="0.000534"/>
</kw>
<kw name="Log" owner="BuiltIn">
<msg time="2024-06-30T01:11:28.065716" level="INFO">{'results': [{'gender': 'female', 'name': {'title': 'Madame', 'first': 'Charlotte', 'last': 'Picard'}, 'location': {'street': {'number': 6179, 'name': 'Rue de la Fontaine'}, 'city': 'Corsier (Ge)', 'state': 'Ticino', 'country': 'Switzerland', 'postcode': 4335, 'coordinates': {'latitude': '-58.3518', 'longitude': '5.7733'}, 'timezone': {'offset': '0:00', 'description': 'Western Europe Time, London, Lisbon, Casablanca'}}, 'email': 'charlotte.picard@example.com', 'login': {'uuid': '2c679a3c-238c-4ecf-ad4b-9789eb5f4169', 'username': 'sadmeercat524', 'password': 'cristina', 'salt': 'nIW4W7P2', 'md5': 'c5be78193c98a20c9f8eb2a9796d1835', 'sha1': '38ef742d294f8d90d2dbb9e83828729727dbbe91', 'sha256': '84c240abda625f4525d16426a05c06d2ee9f904aa28a7f6b0342b5b0b4c50ae8'}, 'dob': {'date': '1973-02-13T16:33:16.898Z', 'age': 51}, 'registered': {'date': '2014-03-01T05:58:34.239Z', 'age': 10}, 'phone': '079 203 51 72', 'cell': '078 818 50 70', 'id': {'name': 'AVS', 'value': '756.9688.9447.97'}, 'picture': {'large': 'https://randomuser.me/api/portraits/women/86.jpg', 'medium': 'https://randomuser.me/api/portraits/med/women/86.jpg', 'thumbnail': 'https://randomuser.me/api/portraits/thumb/women/86.jpg'}, 'nat': 'CH'}], 'info': {'seed': '007370f294ce6a5d', 'results': 1, 'page': 1, 'version': '1.4'}}</msg>
<arg>${json_data}</arg>
<doc>Logs the given message with the given level.</doc>
<status status="PASS" start="2024-06-30T01:11:28.065561" elapsed="0.000201"/>
</kw>
<kw name="Should Be Equal As Numbers" owner="BuiltIn">
<arg>${json_data['results'][0]['location']['postcode']}</arg>
<arg>${json_data['results'][0]['location']['postcode']}</arg>
<doc>Fails if objects are unequal after converting them to real numbers.</doc>
<status status="PASS" start="2024-06-30T01:11:28.066053" elapsed="0.000638"/>
</kw>
<kw name="Log" owner="BuiltIn">
<msg time="2024-06-30T01:11:28.067393" level="INFO">4335</msg>
<arg>${json_data['results'][0]['location']['postcode']}</arg>
<doc>Logs the given message with the given level.</doc>
<status status="PASS" start="2024-06-30T01:11:28.066883" elapsed="0.000584"/>
</kw>
<status status="PASS" start="2024-06-30T01:11:27.966636" elapsed="0.101127"/>
</kw>
<doc>Testa se os tipos de dados na resposta da API estão corretos.</doc>
<tag>testeTiposDados</tag>
<status status="PASS" start="2024-06-30T01:11:27.887099" elapsed="0.180839"/>
</test>
<test id="s1-s1-t5" name="Validar conteudo" line="35">
<kw name="Teste de Tipos de Conteudo" owner="random-user-service">
<kw name="GET On Session" owner="RequestsLibrary">
<msg time="2024-06-30T01:11:28.157067" level="INFO">GET Request : url=https://randomuser.me/api 
 path_url=/api 
 headers={'User-Agent': 'python-requests/2.32.3', 'Accept-Encoding': 'gzip, deflate', 'Accept': '*/*', 'Connection': 'keep-alive'} 
 body=None 
 </msg>
<msg time="2024-06-30T01:11:28.157180" level="INFO">GET Response : url=https://randomuser.me/api 
 status=200, reason=OK 
 headers={'Date': 'Sun, 30 Jun 2024 01:11:28 GMT', 'Content-Type': 'application/json; charset=utf-8', 'Transfer-Encoding': 'chunked', 'Connection': 'keep-alive', 'X-Powered-By': 'Express', 'Access-Control-Allow-Origin': '*', 'Cache-Control': 'no-cache', 'ETag': 'W/"483-pQ6wIeRWQNJVvQrfTDTBrag7UI8"', 'Vary': 'Accept-Encoding', 'Content-Encoding': 'gzip', 'CF-Cache-Status': 'DYNAMIC', 'Report-To': '{"endpoints":[{"url":"https:\\/\\/a.nel.cloudflare.com\\/report\\/v4?s=tRMyO0%2FeVCyB5zlzQ5Q2KkVYBKNgPWqblvc24UWZ5k%2FLO0nJnm%2FGQarrHJD7ySw%2F0dcCxIi5riVrV0TmJ8cWGonAcp0N7u35IMwm4krSGiz5Ghc9o7%2B1vGr5N2D0tb5%2B"}],"group":"cf-nel","max_age":604800}', 'NEL': '{"success_fraction":0,"report_to":"cf-nel","max_age":604800}', 'Server': 'cloudflare', 'CF-RAY': '89ba48507d853949-IAD', 'alt-svc': 'h3=":443"; ma=86400'} 
 body={"results":[{"gender":"male","name":{"title":"Mr","first":"Mathias","last":"Høgset"},"location":{"street":{"number":5922,"name":"Bekkelikroken"},"city":"Askvoll","state":"Hedmark","country":"Norway","postcode":"4615","coordinates":{"latitude":"38.7966","longitude":"-94.3978"},"timezone":{"offset":"+4:00","description":"Abu Dhabi, Muscat, Baku, Tbilisi"}},"email":"mathias.hogset@example.com","login":{"uuid":"95990049-ab1c-49da-893a-0966e29f99d0","username":"blueostrich143","password":"miracle","salt":"NRfUM2QF","md5":"8bc82152993c4fc799912cede27393c1","sha1":"780a38fabb81a745b5f1cdad50ae60e56af98656","sha256":"e056728523b7e5ace8b8d02bed8babdd1e7e59b91ae233b550898772c3f9eddc"},"dob":{"date":"1978-02-27T23:10:12.160Z","age":46},"registered":{"date":"2011-01-15T17:11:33.303Z","age":13},"phone":"81595580","cell":"95084532","id":{"name":"FN","value":"27027827115"},"picture":{"large":"https://randomuser.me/api/portraits/men/40.jpg","medium":"https://randomuser.me/api/portraits/med/men/40.jpg","thumbnail":"https://randomuser.me/api/portraits/thumb/men/40.jpg"},"nat":"NO"}],"info":{"seed":"f390d9a3f924086f","results":1,"page":1,"version":"1.4"}} 
 </msg>
<msg time="2024-06-30T01:11:28.157265" level="INFO">/opt/hostedtoolcache/Python/3.12.4/x64/lib/python3.12/site-packages/urllib3/connectionpool.py:1099: InsecureRequestWarning: Unverified HTTPS request is being made to host 'randomuser.me'. Adding certificate verification is strongly advised. See: https://urllib3.readthedocs.io/en/latest/advanced-usage.html#tls-warnings
  warnings.warn(</msg>
<msg time="2024-06-30T01:11:28.157401" level="INFO">${response} = &lt;Response [200]&gt;</msg>
<var>${response}</var>
<arg>consultarAPI</arg>
<arg>/api</arg>
<doc>Sends a GET request on a previously created HTTP Session.</doc>
<status status="PASS" start="2024-06-30T01:11:28.070370" elapsed="0.087060"/>
</kw>
<kw name="Set Variable" owner="BuiltIn">
<msg time="2024-06-30T01:11:28.158541" level="INFO">${json_data} = {'results': [{'gender': 'male', 'name': {'title': 'Mr', 'first': 'Mathias', 'last': 'Høgset'}, 'location': {'street': {'number': 5922, 'name': 'Bekkelikroken'}, 'city': 'Askvoll', 'state': 'Hedmark', ...</msg>
<var>${json_data}</var>
<arg>${response.json()}</arg>
<doc>Returns the given values which can then be assigned to a variables.</doc>
<status status="PASS" start="2024-06-30T01:11:28.158020" elapsed="0.000551"/>
</kw>
<kw name="Set Variable" owner="BuiltIn">
<msg time="2024-06-30T01:11:28.159265" level="INFO">${name_title} = Mr</msg>
<var>${name_title}</var>
<arg>${json_data["results"][0]["name"]["title"]}</arg>
<doc>Returns the given values which can then be assigned to a variables.</doc>
<status status="PASS" start="2024-06-30T01:11:28.158875" elapsed="0.000414"/>
</kw>
<kw name="Create List" owner="BuiltIn">
<msg time="2024-06-30T01:11:28.159792" level="INFO">${allowed_titles} = ['Mr', 'Ms', 'Miss', 'Mrs', 'Madame', 'Monsieur']</msg>
<var>${allowed_titles}</var>
<arg>Mr</arg>
<arg>Ms</arg>
<arg>Miss</arg>
<arg>Mrs</arg>
<arg>Madame</arg>
<arg>Monsieur</arg>
<doc>Returns a list containing given items.</doc>
<status status="PASS" start="2024-06-30T01:11:28.159585" elapsed="0.000233"/>
</kw>
<kw name="List Should Contain Value" owner="Collections">
<arg>${allowed_titles}</arg>
<arg>${name_title}</arg>
<doc>Fails if the ``value`` is not found from ``list``.</doc>
<status status="PASS" start="2024-06-30T01:11:28.160124" elapsed="0.000182"/>
</kw>
<kw name="Set Variable" owner="BuiltIn">
<msg time="2024-06-30T01:11:28.160860" level="INFO">${name_country} = NO</msg>
<var>${name_country}</var>
<arg>${json_data["results"][0]["nat"]}</arg>
<doc>Returns the given values which can then be assigned to a variables.</doc>
<status status="PASS" start="2024-06-30T01:11:28.160489" elapsed="0.000396"/>
</kw>
<kw name="Create List" owner="BuiltIn">
<msg time="2024-06-30T01:11:28.161781" level="INFO">${list_country} = ['AD', 'AE', 'AF', 'AG', 'AI', 'AL', 'AM', 'AO', 'AQ', 'AR', 'AS', 'AT', 'AU', 'AW', 'AX', 'AZ', 'BA', 'BB', 'BD', 'BE', 'BF', 'BG', 'BH', 'BI', 'BJ', 'BL', 'BM', 'BN', 'BO', 'BQ', 'BR', 'BS', 'BT', '...</msg>
<var>${list_country}</var>
<arg>AD</arg>
<arg>AE</arg>
<arg>AF</arg>
<arg>AG</arg>
<arg>AI</arg>
<arg>AL</arg>
<arg>AM</arg>
<arg>AO</arg>
<arg>AQ</arg>
<arg>AR</arg>
<arg>AS</arg>
<arg>AT</arg>
<arg>AU</arg>
<arg>AW</arg>
<arg>AX</arg>
<arg>AZ</arg>
<arg>BA</arg>
<arg>BB</arg>
<arg>BD</arg>
<arg>BE</arg>
<arg>BF</arg>
<arg>BG</arg>
<arg>BH</arg>
<arg>BI</arg>
<arg>BJ</arg>
<arg>BL</arg>
<arg>BM</arg>
<arg>BN</arg>
<arg>BO</arg>
<arg>BQ</arg>
<arg>BR</arg>
<arg>BS</arg>
<arg>BT</arg>
<arg>BV</arg>
<arg>BW</arg>
<arg>BY</arg>
<arg>BZ</arg>
<arg>CA</arg>
<arg>CC</arg>
<arg>CD</arg>
<arg>CF</arg>
<arg>CG</arg>
<arg>CH</arg>
<arg>CI</arg>
<arg>CK</arg>
<arg>CL</arg>
<arg>CM</arg>
<arg>CN</arg>
<arg>CO</arg>
<arg>CR</arg>
<arg>CU</arg>
<arg>CV</arg>
<arg>CW</arg>
<arg>CX</arg>
<arg>CY</arg>
<arg>CZ</arg>
<arg>DE</arg>
<arg>DJ</arg>
<arg>DK</arg>
<arg>DM</arg>
<arg>DO</arg>
<arg>DZ</arg>
<arg>EC</arg>
<arg>EE</arg>
<arg>EG</arg>
<arg>EH</arg>
<arg>ER</arg>
<arg>ES</arg>
<arg>ET</arg>
<arg>FI</arg>
<arg>FJ</arg>
<arg>FK</arg>
<arg>FM</arg>
<arg>FO</arg>
<arg>FR</arg>
<arg>GA</arg>
<arg>GB</arg>
<arg>GD</arg>
<arg>GE</arg>
<arg>GF</arg>
<arg>GG</arg>
<arg>GH</arg>
<arg>GI</arg>
<arg>GL</arg>
<arg>GM</arg>
<arg>GN</arg>
<arg>GP</arg>
<arg>GQ</arg>
<arg>GR</arg>
<arg>GS</arg>
<arg>GT</arg>
<arg>GU</arg>
<arg>GW</arg>
<arg>GY</arg>
<arg>HK</arg>
<arg>HM</arg>
<arg>HN</arg>
<arg>HR</arg>
<arg>HT</arg>
<arg>HU</arg>
<arg>ID</arg>
<arg>IE</arg>
<arg>IL</arg>
<arg>IM</arg>
<arg>IN</arg>
<arg>IO</arg>
<arg>IQ</arg>
<arg>IR</arg>
<arg>IS</arg>
<arg>IT</arg>
<arg>JE</arg>
<arg>JM</arg>
<arg>JO</arg>
<arg>JP</arg>
<arg>KE</arg>
<arg>KG</arg>
<arg>KH</arg>
<arg>KI</arg>
<arg>KM</arg>
<arg>KN</arg>
<arg>KP</arg>
<arg>KR</arg>
<arg>KW</arg>
<arg>KY</arg>
<arg>KZ</arg>
<arg>LA</arg>
<arg>LB</arg>
<arg>LC</arg>
<arg>LI</arg>
<arg>LK</arg>
<arg>LR</arg>
<arg>LS</arg>
<arg>LT</arg>
<arg>LU</arg>
<arg>LV</arg>
<arg>LY</arg>
<arg>MA</arg>
<arg>MC</arg>
<arg>MD</arg>
<arg>ME</arg>
<arg>MF</arg>
<arg>MG</arg>
<arg>MH</arg>
<arg>MK</arg>
<arg>ML</arg>
<arg>MM</arg>
<arg>MN</arg>
<arg>MO</arg>
<arg>MP</arg>
<arg>MQ</arg>
<arg>MR</arg>
<arg>MS</arg>
<arg>MT</arg>
<arg>MU</arg>
<arg>MV</arg>
<arg>MW</arg>
<arg>MX</arg>
<arg>MY</arg>
<arg>MZ</arg>
<arg>NA</arg>
<arg>NC</arg>
<arg>NE</arg>
<arg>NF</arg>
<arg>NG</arg>
<arg>NI</arg>
<arg>NL</arg>
<arg>NO</arg>
<arg>NP</arg>
<arg>NR</arg>
<arg>NU</arg>
<arg>NZ</arg>
<arg>OM</arg>
<arg>PA</arg>
<arg>PE</arg>
<arg>PF</arg>
<arg>PG</arg>
<arg>PH</arg>
<arg>PK</arg>
<arg>PL</arg>
<arg>PM</arg>
<arg>PN</arg>
<arg>PR</arg>
<arg>PS</arg>
<arg>PT</arg>
<arg>PW</arg>
<arg>PY</arg>
<arg>QA</arg>
<arg>RE</arg>
<arg>RO</arg>
<arg>RS</arg>
<arg>RU</arg>
<arg>RW</arg>
<arg>SA</arg>
<arg>SB</arg>
<arg>SC</arg>
<arg>SD</arg>
<arg>SE</arg>
<arg>SG</arg>
<arg>SH</arg>
<arg>SI</arg>
<arg>SJ</arg>
<arg>SK</arg>
<arg>SL</arg>
<arg>SM</arg>
<arg>SN</arg>
<arg>SO</arg>
<arg>SR</arg>
<arg>SS</arg>
<arg>ST</arg>
<arg>SV</arg>
<arg>SX</arg>
<arg>SY</arg>
<arg>SZ</arg>
<arg>TC</arg>
<arg>TD</arg>
<arg>TF</arg>
<arg>TG</arg>
<arg>TH</arg>
<arg>TJ</arg>
<arg>TK</arg>
<arg>TL</arg>
<arg>TM</arg>
<arg>TN</arg>
<arg>TO</arg>
<arg>TR</arg>
<arg>TT</arg>
<arg>TV</arg>
<arg>TW</arg>
<arg>TZ</arg>
<arg>UA</arg>
<arg>UG</arg>
<arg>UM</arg>
<arg>US</arg>
<arg>UY</arg>
<arg>UZ</arg>
<arg>VA</arg>
<arg>VC</arg>
<arg>VE</arg>
<arg>VG</arg>
<arg>VI</arg>
<arg>VN</arg>
<arg>VU</arg>
<arg>WF</arg>
<arg>WS</arg>
<arg>XK</arg>
<arg>YE</arg>
<arg>YT</arg>
<arg>ZA</arg>
<arg>ZM</arg>
<arg>ZW</arg>
<doc>Returns a list containing given items.</doc>
<status status="PASS" start="2024-06-30T01:11:28.161172" elapsed="0.000635"/>
</kw>
<kw name="List Should Contain Value" owner="Collections">
<arg>${list_country}</arg>
<arg>${name_country}</arg>
<doc>Fails if the ``value`` is not found from ``list``.</doc>
<status status="PASS" start="2024-06-30T01:11:28.162608" elapsed="0.000206"/>
</kw>
<kw name="Run Keyword If" owner="BuiltIn">
<kw name="Should Be True" owner="BuiltIn">
<arg>${True}</arg>
<doc>Fails if the given condition is not true.</doc>
<status status="PASS" start="2024-06-30T01:11:28.163799" elapsed="0.000146"/>
</kw>
<arg>${json_data["results"][0]["location"]["coordinates"]["latitude"]} &gt;= -90 and ${json_data["results"][0]["location"]["coordinates"]["latitude"]} &lt;= 90</arg>
<arg>Should Be True</arg>
<arg>${True}</arg>
<doc>Runs the given keyword with the given arguments, if ``condition`` is true.</doc>
<status status="PASS" start="2024-06-30T01:11:28.163009" elapsed="0.001061"/>
</kw>
<kw name="Run Keyword If" owner="BuiltIn">
<kw name="Should Be True" owner="BuiltIn">
<arg>${True}</arg>
<doc>Fails if the given condition is not true.</doc>
<status status="PASS" start="2024-06-30T01:11:28.164949" elapsed="0.000244"/>
</kw>
<arg>${json_data["results"][0]["location"]["coordinates"]["longitude"]} &gt;= -180 and ${json_data["results"][0]["location"]["coordinates"]["longitude"]} &lt;= 180</arg>
<arg>Should Be True</arg>
<arg>${True}</arg>
<doc>Runs the given keyword with the given arguments, if ``condition`` is true.</doc>
<status status="PASS" start="2024-06-30T01:11:28.164252" elapsed="0.001069"/>
</kw>
<status status="PASS" start="2024-06-30T01:11:28.070148" elapsed="0.095307"/>
</kw>
<doc>Testa o conteúdo específico dos campos retornados pela API.</doc>
<tag>testeConteudo</tag>
<status status="PASS" start="2024-06-30T01:11:28.069681" elapsed="0.095925"/>
</test>
<status status="PASS" start="2024-06-30T01:11:27.229253" elapsed="0.938335"/>
</suite>
<status status="PASS" start="2024-06-30T01:11:27.214382" elapsed="0.958282"/>
</suite>
<statistics>
<total>
<stat pass="5" fail="0" skip="0">All Tests</stat>
</total>
<tag>
<stat pass="1" fail="0" skip="0">testeConteudo</stat>
<stat pass="1" fail="0" skip="0">testeEstruturaResposta</stat>
<stat pass="1" fail="0" skip="0">testeRequisicaoBasica</stat>
<stat pass="1" fail="0" skip="0">testeTiposDados</stat>
</tag>
<suite>
<stat pass="5" fail="0" skip="0" id="s1" name="Tests">Tests</stat>
<stat pass="5" fail="0" skip="0" id="s1-s1" name="Random-User-Test">Tests.Random-User-Test</stat>
</suite>
</statistics>
<errors>
</errors>
</robot>
