<?xml version="1.0" encoding="UTF-8"?>
<robot generator="Robot 7.0 (Python 3.12.3 on linux)" generated="2024-06-05T09:17:56.930303" rpa="false" schemaversion="5">
<suite id="s1" name="Tests" source="/home/runner/work/ApiRandomUser/ApiRandomUser/RamdonUser/tests">
<suite id="s1-s1" name="Random-User-Test" source="/home/runner/work/ApiRandomUser/ApiRandomUser/RamdonUser/tests/random-user-test.robot">
<test id="s1-s1-t1" name="Conectar" line="13">
<kw name="Conectar API" owner="random-user-service">
<kw name="Create Session" owner="RequestsLibrary">
<msg time="2024-06-05T09:17:57.331573" level="INFO">Creating Session using : alias=consultarAPI, url=https://randomuser.me/, headers={},                     cookies={}, auth=None, timeout=None, proxies=None, verify=False,                     debug=0 </msg>
<arg>consultarAPI</arg>
<arg>${URL}</arg>
<doc>Create Session: create a HTTP session to a server</doc>
<status status="PASS" start="2024-06-05T09:17:57.331362" elapsed="0.000392"/>
</kw>
<status status="PASS" start="2024-06-05T09:17:57.330350" elapsed="0.001777"/>
</kw>
<status status="PASS" start="2024-06-05T09:17:57.329820" elapsed="0.002505"/>
</test>
<test id="s1-s1-t2" name="Validar retorno 200 e JSON Válido" line="16">
<kw name="Teste de Requisicao Basica" owner="random-user-service">
<kw name="GET On Session" owner="RequestsLibrary">
<msg time="2024-06-05T09:17:57.562290" level="INFO">GET Request : url=https://randomuser.me/api 
 path_url=/api 
 headers={'User-Agent': 'python-requests/2.32.3', 'Accept-Encoding': 'gzip, deflate', 'Accept': '*/*', 'Connection': 'keep-alive'} 
 body=None 
 </msg>
<msg time="2024-06-05T09:17:57.562444" level="INFO">GET Response : url=https://randomuser.me/api 
 status=200, reason=OK 
 headers={'Date': 'Wed, 05 Jun 2024 09:17:57 GMT', 'Content-Type': 'application/json; charset=utf-8', 'Transfer-Encoding': 'chunked', 'Connection': 'keep-alive', 'X-Powered-By': 'Express', 'Access-Control-Allow-Origin': '*', 'Cache-Control': 'no-cache', 'ETag': 'W/"477-TW271OPq+8NYFv49bgQqXwkcJ5I"', 'Vary': 'Accept-Encoding', 'Content-Encoding': 'gzip', 'CF-Cache-Status': 'DYNAMIC', 'Report-To': '{"endpoints":[{"url":"https:\\/\\/a.nel.cloudflare.com\\/report\\/v4?s=DPDgAXVx2r1NJVUbL5S5VhHs7y3AtJ3cGNfKR6cX9V9Fuypnro0tV7NUuZPvBpzMroLfDt8ZPxVUVRzNePvOzfcU4SAaVTXRMPun6C5TGU8ZO5l%2BMYLaGjMNsIPZH64Y"}],"group":"cf-nel","max_age":604800}', 'NEL': '{"success_fraction":0,"report_to":"cf-nel","max_age":604800}', 'Server': 'cloudflare', 'CF-RAY': '88ef12923a0f9c25-IAD', 'alt-svc': 'h3=":443"; ma=86400'} 
 body={"results":[{"gender":"female","name":{"title":"Miss","first":"Ayla","last":"Amini"},"location":{"street":{"number":2323,"name":"Lofsrudveien"},"city":"Ibestad","state":"Buskerud","country":"Norway","postcode":"3940","coordinates":{"latitude":"41.3330","longitude":"173.4222"},"timezone":{"offset":"-12:00","description":"Eniwetok, Kwajalein"}},"email":"ayla.amini@example.com","login":{"uuid":"20403852-fdca-4354-9542-adaa3ff0cdb5","username":"blackostrich849","password":"driven","salt":"YWOltqZv","md5":"1f3cf2693ffd3c92ab3ff3f6c7d74582","sha1":"5b45777ebd1009c8c4b5f6128b01ab7183d184fa","sha256":"c9ea0e90ee9a99479fd07721578e621c3a926c72fc7e7d2425a0538b66b84796"},"dob":{"date":"1982-08-27T11:51:22.571Z","age":41},"registered":{"date":"2016-01-03T10:20:37.005Z","age":8},"phone":"89078730","cell":"90824256","id":{"name":"FN","value":"27088210218"},"picture":{"large":"https://randomuser.me/api/portraits/women/21.jpg","medium":"https://randomuser.me/api/portraits/med/women/21.jpg","thumbnail":"https://randomuser.me/api/portraits/thumb/women/21.jpg"},"nat":"NO"}],"info":{"seed":"68c3b50052b6f7a2","results":1,"page":1,"version":"1.4"}} 
 </msg>
<msg time="2024-06-05T09:17:57.562527" level="INFO">/opt/hostedtoolcache/Python/3.12.3/x64/lib/python3.12/site-packages/urllib3/connectionpool.py:1103: InsecureRequestWarning: Unverified HTTPS request is being made to host 'randomuser.me'. Adding certificate verification is strongly advised. See: https://urllib3.readthedocs.io/en/latest/advanced-usage.html#tls-warnings
  warnings.warn(</msg>
<msg time="2024-06-05T09:17:57.562712" level="INFO">${response} = &lt;Response [200]&gt;</msg>
<var>${response}</var>
<arg>consultarAPI</arg>
<arg>/api</arg>
<doc>Sends a GET request on a previously created HTTP Session.</doc>
<status status="PASS" start="2024-06-05T09:17:57.334945" elapsed="0.227814"/>
</kw>
<kw name="Should Be Equal As Numbers" owner="BuiltIn">
<msg time="2024-06-05T09:17:57.563765" level="INFO">Argument types are:
&lt;class 'int'&gt;
&lt;class 'str'&gt;</msg>
<arg>${response.status_code}</arg>
<arg>200</arg>
<doc>Fails if objects are unequal after converting them to real numbers.</doc>
<status status="PASS" start="2024-06-05T09:17:57.563289" elapsed="0.000546"/>
</kw>
<kw name="Log" owner="BuiltIn">
<msg time="2024-06-05T09:17:57.564587" level="INFO">200</msg>
<arg>${response.status_code}</arg>
<doc>Logs the given message with the given level.</doc>
<status status="PASS" start="2024-06-05T09:17:57.564219" elapsed="0.000418"/>
</kw>
<kw name="Set Variable" owner="BuiltIn">
<msg time="2024-06-05T09:17:57.565398" level="INFO">${json_data} = {'results': [{'gender': 'female', 'name': {'title': 'Miss', 'first': 'Ayla', 'last': 'Amini'}, 'location': {'street': {'number': 2323, 'name': 'Lofsrudveien'}, 'city': 'Ibestad', 'state': 'Buskerud', ...</msg>
<var>${json_data}</var>
<arg>${response.json()}</arg>
<doc>Returns the given values which can then be assigned to a variables.</doc>
<status status="PASS" start="2024-06-05T09:17:57.564961" elapsed="0.000465"/>
</kw>
<kw name="Dictionary Should Contain Key" owner="Collections">
<msg time="2024-06-05T09:17:57.565913" level="INFO">False</msg>
<arg>${json_data}</arg>
<arg>results</arg>
<doc>Fails if ``key`` is not found from ``dictionary``.</doc>
<status status="PASS" start="2024-06-05T09:17:57.565735" elapsed="0.000218"/>
</kw>
<status status="PASS" start="2024-06-05T09:17:57.334689" elapsed="0.231525"/>
</kw>
<doc>Testa se a API responde corretamente e retorna um objeto JSON válido.</doc>
<tag>testeRequisicaoBasica</tag>
<status status="PASS" start="2024-06-05T09:17:57.334184" elapsed="0.232218"/>
</test>
<test id="s1-s1-t3" name="Validar estrutura de resposta" line="22">
<kw name="Teste de Estrutura de Resposta" owner="random-user-service">
<kw name="GET On Session" owner="RequestsLibrary">
<msg time="2024-06-05T09:17:57.662669" level="INFO">GET Request : url=https://randomuser.me/api 
 path_url=/api 
 headers={'User-Agent': 'python-requests/2.32.3', 'Accept-Encoding': 'gzip, deflate', 'Accept': '*/*', 'Connection': 'keep-alive'} 
 body=None 
 </msg>
<msg time="2024-06-05T09:17:57.662760" level="INFO">GET Response : url=https://randomuser.me/api 
 status=200, reason=OK 
 headers={'Date': 'Wed, 05 Jun 2024 09:17:57 GMT', 'Content-Type': 'application/json; charset=utf-8', 'Transfer-Encoding': 'chunked', 'Connection': 'keep-alive', 'X-Powered-By': 'Express', 'Access-Control-Allow-Origin': '*', 'Cache-Control': 'no-cache', 'ETag': 'W/"4a8-kq8mXL9kxV3Y85cAkbS2v4SfpK4"', 'Vary': 'Accept-Encoding', 'Content-Encoding': 'gzip', 'CF-Cache-Status': 'DYNAMIC', 'Report-To': '{"endpoints":[{"url":"https:\\/\\/a.nel.cloudflare.com\\/report\\/v4?s=ySU7hlTjdEavTdXZP6jNksomPDUMWWLgAbqoZJxEdKJ36nlAot0JJEeWD7PqoMwtUI53t0b9anZNQZ6ebL5sTWf5UkC5c8pwOGftRZdvdCom3p8Fqhvs7Vh%2Fv0oZjE9I"}],"group":"cf-nel","max_age":604800}', 'NEL': '{"success_fraction":0,"report_to":"cf-nel","max_age":604800}', 'Server': 'cloudflare', 'CF-RAY': '88ef1292da989c25-IAD', 'alt-svc': 'h3=":443"; ma=86400'} 
 body={"results":[{"gender":"female","name":{"title":"Mrs","first":"Florentine","last":"Hattink"},"location":{"street":{"number":6862,"name":"De Grote Pol"},"city":"Nieuwendam","state":"Gelderland","country":"Netherlands","postcode":"9399 WZ","coordinates":{"latitude":"37.3091","longitude":"20.9963"},"timezone":{"offset":"+9:00","description":"Tokyo, Seoul, Osaka, Sapporo, Yakutsk"}},"email":"florentine.hattink@example.com","login":{"uuid":"44ada594-45ea-4b8e-bd36-4c7f82d1f7c4","username":"happyfish808","password":"carole","salt":"t5OUH5BY","md5":"fef0518c605f718e8aed5ef8c10942fd","sha1":"92c8df3c79cf2120f198c06c1726900ba41dfb0c","sha256":"ee690766904da3d34fe49f46149da8849d84bea20b8a3b55e2d9235286877f0f"},"dob":{"date":"1972-08-20T15:19:03.322Z","age":51},"registered":{"date":"2021-10-30T14:50:01.877Z","age":2},"phone":"(0570) 245607","cell":"(06) 13574108","id":{"name":"BSN","value":"88992759"},"picture":{"large":"https://randomuser.me/api/portraits/women/48.jpg","medium":"https://randomuser.me/api/portraits/med/women/48.jpg","thumbnail":"https://randomuser.me/api/portraits/thumb/women/48.jpg"},"nat":"NL"}],"info":{"seed":"4067f59a749ffdb9","results":1,"page":1,"version":"1.4"}} 
 </msg>
<msg time="2024-06-05T09:17:57.662882" level="INFO">/opt/hostedtoolcache/Python/3.12.3/x64/lib/python3.12/site-packages/urllib3/connectionpool.py:1103: InsecureRequestWarning: Unverified HTTPS request is being made to host 'randomuser.me'. Adding certificate verification is strongly advised. See: https://urllib3.readthedocs.io/en/latest/advanced-usage.html#tls-warnings
  warnings.warn(</msg>
<msg time="2024-06-05T09:17:57.663023" level="INFO">${response} = &lt;Response [200]&gt;</msg>
<var>${response}</var>
<arg>consultarAPI</arg>
<arg>/api</arg>
<doc>Sends a GET request on a previously created HTTP Session.</doc>
<status status="PASS" start="2024-06-05T09:17:57.569041" elapsed="0.094035"/>
</kw>
<kw name="Set Variable" owner="BuiltIn">
<msg time="2024-06-05T09:17:57.663951" level="INFO">${json_data} = {'results': [{'gender': 'female', 'name': {'title': 'Mrs', 'first': 'Florentine', 'last': 'Hattink'}, 'location': {'street': {'number': 6862, 'name': 'De Grote Pol'}, 'city': 'Nieuwendam', 'state': 'G...</msg>
<var>${json_data}</var>
<arg>${response.json()}</arg>
<doc>Returns the given values which can then be assigned to a variables.</doc>
<status status="PASS" start="2024-06-05T09:17:57.663479" elapsed="0.000501"/>
</kw>
<kw name="Log" owner="BuiltIn">
<msg time="2024-06-05T09:17:57.664444" level="INFO">{'results': [{'gender': 'female', 'name': {'title': 'Mrs', 'first': 'Florentine', 'last': 'Hattink'}, 'location': {'street': {'number': 6862, 'name': 'De Grote Pol'}, 'city': 'Nieuwendam', 'state': 'Gelderland', 'country': 'Netherlands', 'postcode': '9399 WZ', 'coordinates': {'latitude': '37.3091', 'longitude': '20.9963'}, 'timezone': {'offset': '+9:00', 'description': 'Tokyo, Seoul, Osaka, Sapporo, Yakutsk'}}, 'email': 'florentine.hattink@example.com', 'login': {'uuid': '44ada594-45ea-4b8e-bd36-4c7f82d1f7c4', 'username': 'happyfish808', 'password': 'carole', 'salt': 't5OUH5BY', 'md5': 'fef0518c605f718e8aed5ef8c10942fd', 'sha1': '92c8df3c79cf2120f198c06c1726900ba41dfb0c', 'sha256': 'ee690766904da3d34fe49f46149da8849d84bea20b8a3b55e2d9235286877f0f'}, 'dob': {'date': '1972-08-20T15:19:03.322Z', 'age': 51}, 'registered': {'date': '2021-10-30T14:50:01.877Z', 'age': 2}, 'phone': '(0570) 245607', 'cell': '(06) 13574108', 'id': {'name': 'BSN', 'value': '88992759'}, 'picture': {'large': 'https://randomuser.me/api/portraits/women/48.jpg', 'medium': 'https://randomuser.me/api/portraits/med/women/48.jpg', 'thumbnail': 'https://randomuser.me/api/portraits/thumb/women/48.jpg'}, 'nat': 'NL'}], 'info': {'seed': '4067f59a749ffdb9', 'results': 1, 'page': 1, 'version': '1.4'}}</msg>
<arg>${json_data}</arg>
<doc>Logs the given message with the given level.</doc>
<status status="PASS" start="2024-06-05T09:17:57.664290" elapsed="0.000205"/>
</kw>
<kw name="Dictionary Should Contain Key" owner="Collections">
<msg time="2024-06-05T09:17:57.664965" level="INFO">False</msg>
<arg>${json_data}</arg>
<arg>results</arg>
<doc>Fails if ``key`` is not found from ``dictionary``.</doc>
<status status="PASS" start="2024-06-05T09:17:57.664799" elapsed="0.000203"/>
</kw>
<kw name="Should Not Be Empty" owner="BuiltIn">
<msg time="2024-06-05T09:17:57.665424" level="INFO">Length is 2.</msg>
<arg>${json_data}</arg>
<doc>Verifies that the given item is not empty.</doc>
<status status="PASS" start="2024-06-05T09:17:57.665293" elapsed="0.000170"/>
</kw>
<kw name="Create List" owner="BuiltIn">
<msg time="2024-06-05T09:17:57.666043" level="INFO">${expected_keys} = ['gender', 'name', 'location', 'email', 'login']</msg>
<var>${expected_keys}</var>
<arg>gender</arg>
<arg>name</arg>
<arg>location</arg>
<arg>email</arg>
<arg>login</arg>
<doc>Returns a list containing given items.</doc>
<status status="PASS" start="2024-06-05T09:17:57.665751" elapsed="0.000317"/>
</kw>
<for flavor="IN">
<iter>
<kw name="Dictionary Should Contain Key" owner="Collections">
<msg time="2024-06-05T09:17:57.667091" level="INFO">False</msg>
<arg>${json_data['results'][0]}</arg>
<arg>${key}</arg>
<doc>Fails if ``key`` is not found from ``dictionary``.</doc>
<status status="PASS" start="2024-06-05T09:17:57.666684" elapsed="0.000447"/>
</kw>
<kw name="Log" owner="BuiltIn">
<msg time="2024-06-05T09:17:57.667791" level="INFO">{'gender': 'female', 'name': {'title': 'Mrs', 'first': 'Florentine', 'last': 'Hattink'}, 'location': {'street': {'number': 6862, 'name': 'De Grote Pol'}, 'city': 'Nieuwendam', 'state': 'Gelderland', 'country': 'Netherlands', 'postcode': '9399 WZ', 'coordinates': {'latitude': '37.3091', 'longitude': '20.9963'}, 'timezone': {'offset': '+9:00', 'description': 'Tokyo, Seoul, Osaka, Sapporo, Yakutsk'}}, 'email': 'florentine.hattink@example.com', 'login': {'uuid': '44ada594-45ea-4b8e-bd36-4c7f82d1f7c4', 'username': 'happyfish808', 'password': 'carole', 'salt': 't5OUH5BY', 'md5': 'fef0518c605f718e8aed5ef8c10942fd', 'sha1': '92c8df3c79cf2120f198c06c1726900ba41dfb0c', 'sha256': 'ee690766904da3d34fe49f46149da8849d84bea20b8a3b55e2d9235286877f0f'}, 'dob': {'date': '1972-08-20T15:19:03.322Z', 'age': 51}, 'registered': {'date': '2021-10-30T14:50:01.877Z', 'age': 2}, 'phone': '(0570) 245607', 'cell': '(06) 13574108', 'id': {'name': 'BSN', 'value': '88992759'}, 'picture': {'large': 'https://randomuser.me/api/portraits/women/48.jpg', 'medium': 'https://randomuser.me/api/portraits/med/women/48.jpg', 'thumbnail': 'https://randomuser.me/api/portraits/thumb/women/48.jpg'}, 'nat': 'NL'}</msg>
<arg>${json_data['results'][0]}</arg>
<doc>Logs the given message with the given level.</doc>
<status status="PASS" start="2024-06-05T09:17:57.667432" elapsed="0.000408"/>
</kw>
<kw name="Log" owner="BuiltIn">
<msg time="2024-06-05T09:17:57.668260" level="INFO">gender</msg>
<arg>${key}</arg>
<doc>Logs the given message with the given level.</doc>
<status status="PASS" start="2024-06-05T09:17:57.668132" elapsed="0.000165"/>
</kw>
<var name="${key}">gender</var>
<status status="PASS" start="2024-06-05T09:17:57.666525" elapsed="0.001985"/>
</iter>
<iter>
<kw name="Dictionary Should Contain Key" owner="Collections">
<msg time="2024-06-05T09:17:57.669198" level="INFO">False</msg>
<arg>${json_data['results'][0]}</arg>
<arg>${key}</arg>
<doc>Fails if ``key`` is not found from ``dictionary``.</doc>
<status status="PASS" start="2024-06-05T09:17:57.668807" elapsed="0.000428"/>
</kw>
<kw name="Log" owner="BuiltIn">
<msg time="2024-06-05T09:17:57.669909" level="INFO">{'gender': 'female', 'name': {'title': 'Mrs', 'first': 'Florentine', 'last': 'Hattink'}, 'location': {'street': {'number': 6862, 'name': 'De Grote Pol'}, 'city': 'Nieuwendam', 'state': 'Gelderland', 'country': 'Netherlands', 'postcode': '9399 WZ', 'coordinates': {'latitude': '37.3091', 'longitude': '20.9963'}, 'timezone': {'offset': '+9:00', 'description': 'Tokyo, Seoul, Osaka, Sapporo, Yakutsk'}}, 'email': 'florentine.hattink@example.com', 'login': {'uuid': '44ada594-45ea-4b8e-bd36-4c7f82d1f7c4', 'username': 'happyfish808', 'password': 'carole', 'salt': 't5OUH5BY', 'md5': 'fef0518c605f718e8aed5ef8c10942fd', 'sha1': '92c8df3c79cf2120f198c06c1726900ba41dfb0c', 'sha256': 'ee690766904da3d34fe49f46149da8849d84bea20b8a3b55e2d9235286877f0f'}, 'dob': {'date': '1972-08-20T15:19:03.322Z', 'age': 51}, 'registered': {'date': '2021-10-30T14:50:01.877Z', 'age': 2}, 'phone': '(0570) 245607', 'cell': '(06) 13574108', 'id': {'name': 'BSN', 'value': '88992759'}, 'picture': {'large': 'https://randomuser.me/api/portraits/women/48.jpg', 'medium': 'https://randomuser.me/api/portraits/med/women/48.jpg', 'thumbnail': 'https://randomuser.me/api/portraits/thumb/women/48.jpg'}, 'nat': 'NL'}</msg>
<arg>${json_data['results'][0]}</arg>
<doc>Logs the given message with the given level.</doc>
<status status="PASS" start="2024-06-05T09:17:57.669555" elapsed="0.000401"/>
</kw>
<kw name="Log" owner="BuiltIn">
<msg time="2024-06-05T09:17:57.670371" level="INFO">name</msg>
<arg>${key}</arg>
<doc>Logs the given message with the given level.</doc>
<status status="PASS" start="2024-06-05T09:17:57.670247" elapsed="0.000161"/>
</kw>
<var name="${key}">name</var>
<status status="PASS" start="2024-06-05T09:17:57.668693" elapsed="0.001928"/>
</iter>
<iter>
<kw name="Dictionary Should Contain Key" owner="Collections">
<msg time="2024-06-05T09:17:57.671308" level="INFO">False</msg>
<arg>${json_data['results'][0]}</arg>
<arg>${key}</arg>
<doc>Fails if ``key`` is not found from ``dictionary``.</doc>
<status status="PASS" start="2024-06-05T09:17:57.670937" elapsed="0.000408"/>
</kw>
<kw name="Log" owner="BuiltIn">
<msg time="2024-06-05T09:17:57.671996" level="INFO">{'gender': 'female', 'name': {'title': 'Mrs', 'first': 'Florentine', 'last': 'Hattink'}, 'location': {'street': {'number': 6862, 'name': 'De Grote Pol'}, 'city': 'Nieuwendam', 'state': 'Gelderland', 'country': 'Netherlands', 'postcode': '9399 WZ', 'coordinates': {'latitude': '37.3091', 'longitude': '20.9963'}, 'timezone': {'offset': '+9:00', 'description': 'Tokyo, Seoul, Osaka, Sapporo, Yakutsk'}}, 'email': 'florentine.hattink@example.com', 'login': {'uuid': '44ada594-45ea-4b8e-bd36-4c7f82d1f7c4', 'username': 'happyfish808', 'password': 'carole', 'salt': 't5OUH5BY', 'md5': 'fef0518c605f718e8aed5ef8c10942fd', 'sha1': '92c8df3c79cf2120f198c06c1726900ba41dfb0c', 'sha256': 'ee690766904da3d34fe49f46149da8849d84bea20b8a3b55e2d9235286877f0f'}, 'dob': {'date': '1972-08-20T15:19:03.322Z', 'age': 51}, 'registered': {'date': '2021-10-30T14:50:01.877Z', 'age': 2}, 'phone': '(0570) 245607', 'cell': '(06) 13574108', 'id': {'name': 'BSN', 'value': '88992759'}, 'picture': {'large': 'https://randomuser.me/api/portraits/women/48.jpg', 'medium': 'https://randomuser.me/api/portraits/med/women/48.jpg', 'thumbnail': 'https://randomuser.me/api/portraits/thumb/women/48.jpg'}, 'nat': 'NL'}</msg>
<arg>${json_data['results'][0]}</arg>
<doc>Logs the given message with the given level.</doc>
<status status="PASS" start="2024-06-05T09:17:57.671638" elapsed="0.000405"/>
</kw>
<kw name="Log" owner="BuiltIn">
<msg time="2024-06-05T09:17:57.672477" level="INFO">location</msg>
<arg>${key}</arg>
<doc>Logs the given message with the given level.</doc>
<status status="PASS" start="2024-06-05T09:17:57.672351" elapsed="0.000164"/>
</kw>
<var name="${key}">location</var>
<status status="PASS" start="2024-06-05T09:17:57.670825" elapsed="0.001901"/>
</iter>
<iter>
<kw name="Dictionary Should Contain Key" owner="Collections">
<msg time="2024-06-05T09:17:57.673391" level="INFO">False</msg>
<arg>${json_data['results'][0]}</arg>
<arg>${key}</arg>
<doc>Fails if ``key`` is not found from ``dictionary``.</doc>
<status status="PASS" start="2024-06-05T09:17:57.673019" elapsed="0.000409"/>
</kw>
<kw name="Log" owner="BuiltIn">
<msg time="2024-06-05T09:17:57.674072" level="INFO">{'gender': 'female', 'name': {'title': 'Mrs', 'first': 'Florentine', 'last': 'Hattink'}, 'location': {'street': {'number': 6862, 'name': 'De Grote Pol'}, 'city': 'Nieuwendam', 'state': 'Gelderland', 'country': 'Netherlands', 'postcode': '9399 WZ', 'coordinates': {'latitude': '37.3091', 'longitude': '20.9963'}, 'timezone': {'offset': '+9:00', 'description': 'Tokyo, Seoul, Osaka, Sapporo, Yakutsk'}}, 'email': 'florentine.hattink@example.com', 'login': {'uuid': '44ada594-45ea-4b8e-bd36-4c7f82d1f7c4', 'username': 'happyfish808', 'password': 'carole', 'salt': 't5OUH5BY', 'md5': 'fef0518c605f718e8aed5ef8c10942fd', 'sha1': '92c8df3c79cf2120f198c06c1726900ba41dfb0c', 'sha256': 'ee690766904da3d34fe49f46149da8849d84bea20b8a3b55e2d9235286877f0f'}, 'dob': {'date': '1972-08-20T15:19:03.322Z', 'age': 51}, 'registered': {'date': '2021-10-30T14:50:01.877Z', 'age': 2}, 'phone': '(0570) 245607', 'cell': '(06) 13574108', 'id': {'name': 'BSN', 'value': '88992759'}, 'picture': {'large': 'https://randomuser.me/api/portraits/women/48.jpg', 'medium': 'https://randomuser.me/api/portraits/med/women/48.jpg', 'thumbnail': 'https://randomuser.me/api/portraits/thumb/women/48.jpg'}, 'nat': 'NL'}</msg>
<arg>${json_data['results'][0]}</arg>
<doc>Logs the given message with the given level.</doc>
<status status="PASS" start="2024-06-05T09:17:57.673719" elapsed="0.000402"/>
</kw>
<kw name="Log" owner="BuiltIn">
<msg time="2024-06-05T09:17:57.674541" level="INFO">email</msg>
<arg>${key}</arg>
<doc>Logs the given message with the given level.</doc>
<status status="PASS" start="2024-06-05T09:17:57.674417" elapsed="0.000162"/>
</kw>
<var name="${key}">email</var>
<status status="PASS" start="2024-06-05T09:17:57.672905" elapsed="0.001929"/>
</iter>
<iter>
<kw name="Dictionary Should Contain Key" owner="Collections">
<msg time="2024-06-05T09:17:57.675500" level="INFO">False</msg>
<arg>${json_data['results'][0]}</arg>
<arg>${key}</arg>
<doc>Fails if ``key`` is not found from ``dictionary``.</doc>
<status status="PASS" start="2024-06-05T09:17:57.675113" elapsed="0.000425"/>
</kw>
<kw name="Log" owner="BuiltIn">
<msg time="2024-06-05T09:17:57.676185" level="INFO">{'gender': 'female', 'name': {'title': 'Mrs', 'first': 'Florentine', 'last': 'Hattink'}, 'location': {'street': {'number': 6862, 'name': 'De Grote Pol'}, 'city': 'Nieuwendam', 'state': 'Gelderland', 'country': 'Netherlands', 'postcode': '9399 WZ', 'coordinates': {'latitude': '37.3091', 'longitude': '20.9963'}, 'timezone': {'offset': '+9:00', 'description': 'Tokyo, Seoul, Osaka, Sapporo, Yakutsk'}}, 'email': 'florentine.hattink@example.com', 'login': {'uuid': '44ada594-45ea-4b8e-bd36-4c7f82d1f7c4', 'username': 'happyfish808', 'password': 'carole', 'salt': 't5OUH5BY', 'md5': 'fef0518c605f718e8aed5ef8c10942fd', 'sha1': '92c8df3c79cf2120f198c06c1726900ba41dfb0c', 'sha256': 'ee690766904da3d34fe49f46149da8849d84bea20b8a3b55e2d9235286877f0f'}, 'dob': {'date': '1972-08-20T15:19:03.322Z', 'age': 51}, 'registered': {'date': '2021-10-30T14:50:01.877Z', 'age': 2}, 'phone': '(0570) 245607', 'cell': '(06) 13574108', 'id': {'name': 'BSN', 'value': '88992759'}, 'picture': {'large': 'https://randomuser.me/api/portraits/women/48.jpg', 'medium': 'https://randomuser.me/api/portraits/med/women/48.jpg', 'thumbnail': 'https://randomuser.me/api/portraits/thumb/women/48.jpg'}, 'nat': 'NL'}</msg>
<arg>${json_data['results'][0]}</arg>
<doc>Logs the given message with the given level.</doc>
<status status="PASS" start="2024-06-05T09:17:57.675829" elapsed="0.000403"/>
</kw>
<kw name="Log" owner="BuiltIn">
<msg time="2024-06-05T09:17:57.676664" level="INFO">login</msg>
<arg>${key}</arg>
<doc>Logs the given message with the given level.</doc>
<status status="PASS" start="2024-06-05T09:17:57.676538" elapsed="0.000195"/>
</kw>
<var name="${key}">login</var>
<status status="PASS" start="2024-06-05T09:17:57.675003" elapsed="0.001952"/>
</iter>
<var>${key}</var>
<value>@{expected_keys}</value>
<status status="PASS" start="2024-06-05T09:17:57.666331" elapsed="0.010742"/>
</for>
<kw name="Create List" owner="BuiltIn">
<msg time="2024-06-05T09:17:57.677404" level="INFO">${expected_keysTwo} = ['username', 'password']</msg>
<var>${expected_keysTwo}</var>
<arg>username</arg>
<arg>password</arg>
<doc>Returns a list containing given items.</doc>
<status status="PASS" start="2024-06-05T09:17:57.677263" elapsed="0.000165"/>
</kw>
<for flavor="IN">
<iter>
<kw name="Dictionary Should Contain Key" owner="Collections">
<msg time="2024-06-05T09:17:57.678294" level="INFO">False</msg>
<arg>${json_data['results'][0]['login']}</arg>
<arg>${keyTwo}</arg>
<doc>Fails if ``key`` is not found from ``dictionary``.</doc>
<status status="PASS" start="2024-06-05T09:17:57.677916" elapsed="0.000414"/>
</kw>
<kw name="Dictionary Should Contain Key" owner="Collections">
<msg time="2024-06-05T09:17:57.679036" level="INFO">False</msg>
<arg>${json_data['results'][0]['login']}</arg>
<arg>${keyTwo}</arg>
<doc>Fails if ``key`` is not found from ``dictionary``.</doc>
<status status="PASS" start="2024-06-05T09:17:57.678622" elapsed="0.000450"/>
</kw>
<kw name="Log" owner="BuiltIn">
<msg time="2024-06-05T09:17:57.679484" level="INFO">username</msg>
<arg>${keyTwo}</arg>
<doc>Logs the given message with the given level.</doc>
<status status="PASS" start="2024-06-05T09:17:57.679361" elapsed="0.000159"/>
</kw>
<var name="${keyTwo}">username</var>
<status status="PASS" start="2024-06-05T09:17:57.677809" elapsed="0.001921"/>
</iter>
<iter>
<kw name="Dictionary Should Contain Key" owner="Collections">
<msg time="2024-06-05T09:17:57.680383" level="INFO">False</msg>
<arg>${json_data['results'][0]['login']}</arg>
<arg>${keyTwo}</arg>
<doc>Fails if ``key`` is not found from ``dictionary``.</doc>
<status status="PASS" start="2024-06-05T09:17:57.680012" elapsed="0.000423"/>
</kw>
<kw name="Dictionary Should Contain Key" owner="Collections">
<msg time="2024-06-05T09:17:57.681179" level="INFO">False</msg>
<arg>${json_data['results'][0]['login']}</arg>
<arg>${keyTwo}</arg>
<doc>Fails if ``key`` is not found from ``dictionary``.</doc>
<status status="PASS" start="2024-06-05T09:17:57.680725" elapsed="0.000493"/>
</kw>
<kw name="Log" owner="BuiltIn">
<msg time="2024-06-05T09:17:57.681635" level="INFO">password</msg>
<arg>${keyTwo}</arg>
<doc>Logs the given message with the given level.</doc>
<status status="PASS" start="2024-06-05T09:17:57.681510" elapsed="0.000160"/>
</kw>
<var name="${keyTwo}">password</var>
<status status="PASS" start="2024-06-05T09:17:57.679898" elapsed="0.001984"/>
</iter>
<var>${keyTwo}</var>
<value>@{expected_keysTwo}</value>
<status status="PASS" start="2024-06-05T09:17:57.677662" elapsed="0.004338"/>
</for>
<status status="PASS" start="2024-06-05T09:17:57.568803" elapsed="0.113336"/>
</kw>
<doc>Testa a estrutura da resposta da API.</doc>
<tag>testeEstruturaResposta</tag>
<status status="PASS" start="2024-06-05T09:17:57.568290" elapsed="0.114009"/>
</test>
<test id="s1-s1-t4" name="Validar tipos de dados" line="28">
<kw name="Teste de Tipos de Dados" owner="random-user-service">
<kw name="GET On Session" owner="RequestsLibrary">
<msg time="2024-06-05T09:17:57.728160" level="INFO">GET Request : url=https://randomuser.me/api 
 path_url=/api 
 headers={'User-Agent': 'python-requests/2.32.3', 'Accept-Encoding': 'gzip, deflate', 'Accept': '*/*', 'Connection': 'keep-alive'} 
 body=None 
 </msg>
<msg time="2024-06-05T09:17:57.728236" level="INFO">GET Response : url=https://randomuser.me/api 
 status=200, reason=OK 
 headers={'Date': 'Wed, 05 Jun 2024 09:17:57 GMT', 'Content-Type': 'application/json; charset=utf-8', 'Transfer-Encoding': 'chunked', 'Connection': 'keep-alive', 'X-Powered-By': 'Express', 'Access-Control-Allow-Origin': '*', 'Cache-Control': 'no-cache', 'ETag': 'W/"471-gwOJzZu57kG0GAQGD49Md9RTHZg"', 'Vary': 'Accept-Encoding', 'Content-Encoding': 'gzip', 'CF-Cache-Status': 'DYNAMIC', 'Report-To': '{"endpoints":[{"url":"https:\\/\\/a.nel.cloudflare.com\\/report\\/v4?s=yl1iph3q6XhMLIKc2IE4kf0Q2abY0PNddn3x0C1IyyX0WFgoMn9kxEZI7GrB6zE3DtoNTag7LnxPfI4sRCXo5p%2BlFGZQ4vm5yaIWHyllziKY19fmyJAC070f6FrqOLDj"}],"group":"cf-nel","max_age":604800}', 'NEL': '{"success_fraction":0,"report_to":"cf-nel","max_age":604800}', 'Server': 'cloudflare', 'CF-RAY': '88ef12938b0d9c25-IAD', 'alt-svc': 'h3=":443"; ma=86400'} 
 body={"results":[{"gender":"female","name":{"title":"Mrs","first":"Joy","last":"Lawrence"},"location":{"street":{"number":4490,"name":"First Street"},"city":"Sydney","state":"Tasmania","country":"Australia","postcode":7403,"coordinates":{"latitude":"-82.7825","longitude":"1.9681"},"timezone":{"offset":"+3:30","description":"Tehran"}},"email":"joy.lawrence@example.com","login":{"uuid":"78a974cb-13ed-47af-9968-672a7471bf10","username":"lazygorilla494","password":"golden","salt":"n7ZDO7IJ","md5":"25561d234972468a8acbe03954bcfa4e","sha1":"2b0613e62a2c15a9b7ee902710761991011fdf58","sha256":"3bc2e61fd507639d4fa92577656fa185237c46eac0a487d3915dafc11ba63b3b"},"dob":{"date":"1954-09-30T11:12:58.197Z","age":69},"registered":{"date":"2014-11-03T22:24:14.247Z","age":9},"phone":"02-4169-0003","cell":"0490-489-112","id":{"name":"TFN","value":"646080047"},"picture":{"large":"https://randomuser.me/api/portraits/women/44.jpg","medium":"https://randomuser.me/api/portraits/med/women/44.jpg","thumbnail":"https://randomuser.me/api/portraits/thumb/women/44.jpg"},"nat":"AU"}],"info":{"seed":"cf086753a71fcaee","results":1,"page":1,"version":"1.4"}} 
 </msg>
<msg time="2024-06-05T09:17:57.728299" level="INFO">/opt/hostedtoolcache/Python/3.12.3/x64/lib/python3.12/site-packages/urllib3/connectionpool.py:1103: InsecureRequestWarning: Unverified HTTPS request is being made to host 'randomuser.me'. Adding certificate verification is strongly advised. See: https://urllib3.readthedocs.io/en/latest/advanced-usage.html#tls-warnings
  warnings.warn(</msg>
<msg time="2024-06-05T09:17:57.728418" level="INFO">${response} = &lt;Response [200]&gt;</msg>
<var>${response}</var>
<arg>consultarAPI</arg>
<arg>/api</arg>
<doc>Sends a GET request on a previously created HTTP Session.</doc>
<status status="PASS" start="2024-06-05T09:17:57.684757" elapsed="0.043705"/>
</kw>
<kw name="Set Variable" owner="BuiltIn">
<msg time="2024-06-05T09:17:57.729378" level="INFO">${json_data} = {'results': [{'gender': 'female', 'name': {'title': 'Mrs', 'first': 'Joy', 'last': 'Lawrence'}, 'location': {'street': {'number': 4490, 'name': 'First Street'}, 'city': 'Sydney', 'state': 'Tasmania', ...</msg>
<var>${json_data}</var>
<arg>${response.json()}</arg>
<doc>Returns the given values which can then be assigned to a variables.</doc>
<status status="PASS" start="2024-06-05T09:17:57.728894" elapsed="0.000512"/>
</kw>
<kw name="Log" owner="BuiltIn">
<msg time="2024-06-05T09:17:57.729884" level="INFO">{'results': [{'gender': 'female', 'name': {'title': 'Mrs', 'first': 'Joy', 'last': 'Lawrence'}, 'location': {'street': {'number': 4490, 'name': 'First Street'}, 'city': 'Sydney', 'state': 'Tasmania', 'country': 'Australia', 'postcode': 7403, 'coordinates': {'latitude': '-82.7825', 'longitude': '1.9681'}, 'timezone': {'offset': '+3:30', 'description': 'Tehran'}}, 'email': 'joy.lawrence@example.com', 'login': {'uuid': '78a974cb-13ed-47af-9968-672a7471bf10', 'username': 'lazygorilla494', 'password': 'golden', 'salt': 'n7ZDO7IJ', 'md5': '25561d234972468a8acbe03954bcfa4e', 'sha1': '2b0613e62a2c15a9b7ee902710761991011fdf58', 'sha256': '3bc2e61fd507639d4fa92577656fa185237c46eac0a487d3915dafc11ba63b3b'}, 'dob': {'date': '1954-09-30T11:12:58.197Z', 'age': 69}, 'registered': {'date': '2014-11-03T22:24:14.247Z', 'age': 9}, 'phone': '02-4169-0003', 'cell': '0490-489-112', 'id': {'name': 'TFN', 'value': '646080047'}, 'picture': {'large': 'https://randomuser.me/api/portraits/women/44.jpg', 'medium': 'https://randomuser.me/api/portraits/med/women/44.jpg', 'thumbnail': 'https://randomuser.me/api/portraits/thumb/women/44.jpg'}, 'nat': 'AU'}], 'info': {'seed': 'cf086753a71fcaee', 'results': 1, 'page': 1, 'version': '1.4'}}</msg>
<arg>${json_data}</arg>
<doc>Logs the given message with the given level.</doc>
<status status="PASS" start="2024-06-05T09:17:57.729727" elapsed="0.000240"/>
</kw>
<kw name="Should Be String" owner="String">
<arg>${json_data['results'][0]['gender']}</arg>
<doc>Fails if the given ``item`` is not a string.</doc>
<status status="PASS" start="2024-06-05T09:17:57.730269" elapsed="0.000402"/>
</kw>
<kw name="Should Match Regexp" owner="BuiltIn">
<arg>${json_data['results'][0]['email']}</arg>
<arg>^[a-zA-Z0-9._%+-]+@[a-zA-Z0-9.-]+\.[a-zA-Z]{2,}$</arg>
<doc>Fails if ``string`` does not match ``pattern`` as a regular expression.</doc>
<status status="PASS" start="2024-06-05T09:17:57.730883" elapsed="0.000526"/>
</kw>
<kw name="Should Match Regexp" owner="BuiltIn">
<arg>${json_data['results'][0]['dob']['date']}</arg>
<arg>\\d{4}-\\d{2}-\\d{2}T\\d{2}:\\d{2}:\\d{2}\\.\\d{3}Z</arg>
<doc>Fails if ``string`` does not match ``pattern`` as a regular expression.</doc>
<status status="PASS" start="2024-06-05T09:17:57.731609" elapsed="0.000489"/>
</kw>
<kw name="Should Match Regexp" owner="BuiltIn">
<arg>${json_data['results'][0]['registered']['date']}</arg>
<arg>\\d{4}-\\d{2}-\\d{2}T\\d{2}:\\d{2}:\\d{2}\\.\\d{3}Z</arg>
<doc>Fails if ``string`` does not match ``pattern`` as a regular expression.</doc>
<status status="PASS" start="2024-06-05T09:17:57.732290" elapsed="0.000359"/>
</kw>
<kw name="Should Match Regexp" owner="BuiltIn">
<arg>${json_data['results'][0]['picture']['large']}</arg>
<arg>^https?://.*\.(?:png|jpe?g|gif|bmp)$</arg>
<doc>Fails if ``string`` does not match ``pattern`` as a regular expression.</doc>
<status status="PASS" start="2024-06-05T09:17:57.732837" elapsed="0.000462"/>
</kw>
<kw name="Should Match Regexp" owner="BuiltIn">
<arg>${json_data['results'][0]['picture']['medium']}</arg>
<arg>^https?://.*\.(?:png|jpe?g|gif|bmp)$</arg>
<doc>Fails if ``string`` does not match ``pattern`` as a regular expression.</doc>
<status status="PASS" start="2024-06-05T09:17:57.733486" elapsed="0.000346"/>
</kw>
<kw name="Should Match Regexp" owner="BuiltIn">
<arg>${json_data['results'][0]['picture']['thumbnail']}</arg>
<arg>^https?://.*\.(?:png|jpe?g|gif|bmp)$</arg>
<doc>Fails if ``string`` does not match ``pattern`` as a regular expression.</doc>
<status status="PASS" start="2024-06-05T09:17:57.734017" elapsed="0.000349"/>
</kw>
<kw name="Log" owner="BuiltIn">
<msg time="2024-06-05T09:17:57.734912" level="INFO">{'large': 'https://randomuser.me/api/portraits/women/44.jpg', 'medium': 'https://randomuser.me/api/portraits/med/women/44.jpg', 'thumbnail': 'https://randomuser.me/api/portraits/thumb/women/44.jpg'}</msg>
<arg>${json_data['results'][0]['picture']}</arg>
<doc>Logs the given message with the given level.</doc>
<status status="PASS" start="2024-06-05T09:17:57.734558" elapsed="0.000395"/>
</kw>
<status status="PASS" start="2024-06-05T09:17:57.684526" elapsed="0.050682"/>
</kw>
<kw name="Teste de Tipos de Dados - Postcode" owner="random-user-service">
<kw name="GET On Session" owner="RequestsLibrary">
<msg time="2024-06-05T09:17:57.863546" level="INFO">GET Request : url=https://randomuser.me/api 
 path_url=/api 
 headers={'User-Agent': 'python-requests/2.32.3', 'Accept-Encoding': 'gzip, deflate', 'Accept': '*/*', 'Connection': 'keep-alive'} 
 body=None 
 </msg>
<msg time="2024-06-05T09:17:57.863641" level="INFO">GET Response : url=https://randomuser.me/api 
 status=200, reason=OK 
 headers={'Date': 'Wed, 05 Jun 2024 09:17:57 GMT', 'Content-Type': 'application/json; charset=utf-8', 'Transfer-Encoding': 'chunked', 'Connection': 'keep-alive', 'X-Powered-By': 'Express', 'Access-Control-Allow-Origin': '*', 'Cache-Control': 'no-cache', 'ETag': 'W/"486-5tTXcAS8uKdoyrSNhhRUWs0aOU0"', 'Vary': 'Accept-Encoding', 'Content-Encoding': 'gzip', 'CF-Cache-Status': 'DYNAMIC', 'Report-To': '{"endpoints":[{"url":"https:\\/\\/a.nel.cloudflare.com\\/report\\/v4?s=WkSGsSHwwhNN9%2BgTVSmo6uGfCRoZ6%2F9mC2cO%2BMRmHIZCFNQo4Y5ssNPUQEUBNafma7cktXJKNZNUJscYsVT84xQT71ZfHXl9Cw3OZzvlaOlJfVl4%2Fm9tOOmktLGMdkXG"}],"group":"cf-nel","max_age":604800}', 'NEL': '{"success_fraction":0,"report_to":"cf-nel","max_age":604800}', 'Server': 'cloudflare', 'CF-RAY': '88ef1293db4d9c25-IAD', 'alt-svc': 'h3=":443"; ma=86400'} 
 body={"results":[{"gender":"male","name":{"title":"Mr","first":"Eren","last":"Bayındır"},"location":{"street":{"number":894,"name":"Bağdat Cd"},"city":"Adıyaman","state":"Isparta","country":"Turkey","postcode":61559,"coordinates":{"latitude":"67.3673","longitude":"-66.2902"},"timezone":{"offset":"-4:00","description":"Atlantic Time (Canada), Caracas, La Paz"}},"email":"eren.bayindir@example.com","login":{"uuid":"5341d069-24c8-42a9-8afd-4bd7a0ff9d65","username":"yellowswan363","password":"myxworld","salt":"jrYIkMLF","md5":"7fc2687625f1aeebcb9c677439a758f4","sha1":"75763d55a21402beff565a1d4c0b882fbbda0639","sha256":"f8147545b69bed5797aea54d0dab5d6d4b7d1220923b6c395e09adf10f974e4f"},"dob":{"date":"1985-03-10T13:56:19.503Z","age":39},"registered":{"date":"2019-08-04T22:59:54.825Z","age":4},"phone":"(609)-958-3321","cell":"(859)-708-9200","id":{"name":"","value":null},"picture":{"large":"https://randomuser.me/api/portraits/men/45.jpg","medium":"https://randomuser.me/api/portraits/med/men/45.jpg","thumbnail":"https://randomuser.me/api/portraits/thumb/men/45.jpg"},"nat":"TR"}],"info":{"seed":"2b9d15bb0260eb77","results":1,"page":1,"version":"1.4"}} 
 </msg>
<msg time="2024-06-05T09:17:57.863716" level="INFO">/opt/hostedtoolcache/Python/3.12.3/x64/lib/python3.12/site-packages/urllib3/connectionpool.py:1103: InsecureRequestWarning: Unverified HTTPS request is being made to host 'randomuser.me'. Adding certificate verification is strongly advised. See: https://urllib3.readthedocs.io/en/latest/advanced-usage.html#tls-warnings
  warnings.warn(</msg>
<msg time="2024-06-05T09:17:57.863854" level="INFO">${response} = &lt;Response [200]&gt;</msg>
<var>${response}</var>
<arg>consultarAPI</arg>
<arg>/api</arg>
<doc>Sends a GET request on a previously created HTTP Session.</doc>
<status status="PASS" start="2024-06-05T09:17:57.735671" elapsed="0.128225"/>
</kw>
<kw name="Set Variable" owner="BuiltIn">
<msg time="2024-06-05T09:17:57.864954" level="INFO">${json_data} = {'results': [{'gender': 'male', 'name': {'title': 'Mr', 'first': 'Eren', 'last': 'Bayındır'}, 'location': {'street': {'number': 894, 'name': 'Bağdat Cd'}, 'city': 'Adıyaman', 'state': 'Isparta', 'coun...</msg>
<var>${json_data}</var>
<arg>${response.json()}</arg>
<doc>Returns the given values which can then be assigned to a variables.</doc>
<status status="PASS" start="2024-06-05T09:17:57.864427" elapsed="0.000560"/>
</kw>
<kw name="Log" owner="BuiltIn">
<msg time="2024-06-05T09:17:57.865459" level="INFO">{'results': [{'gender': 'male', 'name': {'title': 'Mr', 'first': 'Eren', 'last': 'Bayındır'}, 'location': {'street': {'number': 894, 'name': 'Bağdat Cd'}, 'city': 'Adıyaman', 'state': 'Isparta', 'country': 'Turkey', 'postcode': 61559, 'coordinates': {'latitude': '67.3673', 'longitude': '-66.2902'}, 'timezone': {'offset': '-4:00', 'description': 'Atlantic Time (Canada), Caracas, La Paz'}}, 'email': 'eren.bayindir@example.com', 'login': {'uuid': '5341d069-24c8-42a9-8afd-4bd7a0ff9d65', 'username': 'yellowswan363', 'password': 'myxworld', 'salt': 'jrYIkMLF', 'md5': '7fc2687625f1aeebcb9c677439a758f4', 'sha1': '75763d55a21402beff565a1d4c0b882fbbda0639', 'sha256': 'f8147545b69bed5797aea54d0dab5d6d4b7d1220923b6c395e09adf10f974e4f'}, 'dob': {'date': '1985-03-10T13:56:19.503Z', 'age': 39}, 'registered': {'date': '2019-08-04T22:59:54.825Z', 'age': 4}, 'phone': '(609)-958-3321', 'cell': '(859)-708-9200', 'id': {'name': '', 'value': None}, 'picture': {'large': 'https://randomuser.me/api/portraits/men/45.jpg', 'medium': 'https://randomuser.me/api/portraits/med/men/45.jpg', 'thumbnail': 'https://randomuser.me/api/portraits/thumb/men/45.jpg'}, 'nat': 'TR'}], 'info': {'seed': '2b9d15bb0260eb77', 'results': 1, 'page': 1, 'version': '1.4'}}</msg>
<arg>${json_data}</arg>
<doc>Logs the given message with the given level.</doc>
<status status="PASS" start="2024-06-05T09:17:57.865299" elapsed="0.000247"/>
</kw>
<kw name="Should Be Equal As Numbers" owner="BuiltIn">
<arg>${json_data['results'][0]['location']['postcode']}</arg>
<arg>${json_data['results'][0]['location']['postcode']}</arg>
<doc>Fails if objects are unequal after converting them to real numbers.</doc>
<status status="PASS" start="2024-06-05T09:17:57.865849" elapsed="0.000833"/>
</kw>
<kw name="Log" owner="BuiltIn">
<msg time="2024-06-05T09:17:57.867221" level="INFO">61559</msg>
<arg>${json_data['results'][0]['location']['postcode']}</arg>
<doc>Logs the given message with the given level.</doc>
<status status="PASS" start="2024-06-05T09:17:57.866886" elapsed="0.000376"/>
</kw>
<status status="PASS" start="2024-06-05T09:17:57.735439" elapsed="0.132083"/>
</kw>
<doc>Testa se os tipos de dados na resposta da API estão corretos.</doc>
<tag>testeTiposDados</tag>
<status status="PASS" start="2024-06-05T09:17:57.684070" elapsed="0.183618"/>
</test>
<test id="s1-s1-t5" name="Validar conteudo" line="35">
<kw name="Teste de Tipos de Conteudo" owner="random-user-service">
<kw name="GET On Session" owner="RequestsLibrary">
<msg time="2024-06-05T09:17:57.914976" level="INFO">GET Request : url=https://randomuser.me/api 
 path_url=/api 
 headers={'User-Agent': 'python-requests/2.32.3', 'Accept-Encoding': 'gzip, deflate', 'Accept': '*/*', 'Connection': 'keep-alive'} 
 body=None 
 </msg>
<msg time="2024-06-05T09:17:57.915062" level="INFO">GET Response : url=https://randomuser.me/api 
 status=200, reason=OK 
 headers={'Date': 'Wed, 05 Jun 2024 09:17:57 GMT', 'Content-Type': 'application/json; charset=utf-8', 'Transfer-Encoding': 'chunked', 'Connection': 'keep-alive', 'X-Powered-By': 'Express', 'Access-Control-Allow-Origin': '*', 'Cache-Control': 'no-cache', 'ETag': 'W/"489-knSQiuHMclfNKAjNFbqkrYRMv/8"', 'Vary': 'Accept-Encoding', 'Content-Encoding': 'gzip', 'CF-Cache-Status': 'DYNAMIC', 'Report-To': '{"endpoints":[{"url":"https:\\/\\/a.nel.cloudflare.com\\/report\\/v4?s=wI2zj1%2F0YMu4hK1HJqARuGimE1BhvxKkKFC2cKCzoyRsbaZT5QyR0UeVVyHqw9t0G5cdYCl%2B3Vjr7nfQ6ofF6zKNtltnfuUi6C%2FFyYT8vFCTuO%2BJ8E1rpbb8zAxAwZZ9"}],"group":"cf-nel","max_age":604800}', 'NEL': '{"success_fraction":0,"report_to":"cf-nel","max_age":604800}', 'Server': 'cloudflare', 'CF-RAY': '88ef1294bc009c25-IAD', 'alt-svc': 'h3=":443"; ma=86400'} 
 body={"results":[{"gender":"male","name":{"title":"Mr","first":"Valdemar","last":"Kristensen"},"location":{"street":{"number":5920,"name":"Fyrrelunden"},"city":"København N","state":"Hovedstaden","country":"Denmark","postcode":31029,"coordinates":{"latitude":"-39.0716","longitude":"-168.0795"},"timezone":{"offset":"-12:00","description":"Eniwetok, Kwajalein"}},"email":"valdemar.kristensen@example.com","login":{"uuid":"e5093643-d810-4cb4-96e5-535ca0cf1bfa","username":"whitefrog413","password":"heritage","salt":"ZFgbWStM","md5":"941aaf77bb12e8346d2e97cba22079da","sha1":"e839d89254209ca1af634f4891781430765879e8","sha256":"7f993ce600577d6410781dc3b78e2acf5793e835c215d1787ea8ae44def67908"},"dob":{"date":"1957-08-24T07:27:04.091Z","age":66},"registered":{"date":"2009-01-14T07:50:52.275Z","age":15},"phone":"60790796","cell":"41061655","id":{"name":"CPR","value":"240857-2637"},"picture":{"large":"https://randomuser.me/api/portraits/men/76.jpg","medium":"https://randomuser.me/api/portraits/med/men/76.jpg","thumbnail":"https://randomuser.me/api/portraits/thumb/men/76.jpg"},"nat":"DK"}],"info":{"seed":"d43a8edcf43e366e","results":1,"page":1,"version":"1.4"}} 
 </msg>
<msg time="2024-06-05T09:17:57.915138" level="INFO">/opt/hostedtoolcache/Python/3.12.3/x64/lib/python3.12/site-packages/urllib3/connectionpool.py:1103: InsecureRequestWarning: Unverified HTTPS request is being made to host 'randomuser.me'. Adding certificate verification is strongly advised. See: https://urllib3.readthedocs.io/en/latest/advanced-usage.html#tls-warnings
  warnings.warn(</msg>
<msg time="2024-06-05T09:17:57.915272" level="INFO">${response} = &lt;Response [200]&gt;</msg>
<var>${response}</var>
<arg>consultarAPI</arg>
<arg>/api</arg>
<doc>Sends a GET request on a previously created HTTP Session.</doc>
<status status="PASS" start="2024-06-05T09:17:57.870168" elapsed="0.045157"/>
</kw>
<kw name="Set Variable" owner="BuiltIn">
<msg time="2024-06-05T09:17:57.916228" level="INFO">${json_data} = {'results': [{'gender': 'male', 'name': {'title': 'Mr', 'first': 'Valdemar', 'last': 'Kristensen'}, 'location': {'street': {'number': 5920, 'name': 'Fyrrelunden'}, 'city': 'København N', 'state': 'Hov...</msg>
<var>${json_data}</var>
<arg>${response.json()}</arg>
<doc>Returns the given values which can then be assigned to a variables.</doc>
<status status="PASS" start="2024-06-05T09:17:57.915757" elapsed="0.000500"/>
</kw>
<kw name="Set Variable" owner="BuiltIn">
<msg time="2024-06-05T09:17:57.916950" level="INFO">${name_title} = Mr</msg>
<var>${name_title}</var>
<arg>${json_data["results"][0]["name"]["title"]}</arg>
<doc>Returns the given values which can then be assigned to a variables.</doc>
<status status="PASS" start="2024-06-05T09:17:57.916570" elapsed="0.000406"/>
</kw>
<kw name="Create List" owner="BuiltIn">
<msg time="2024-06-05T09:17:57.917426" level="INFO">${allowed_titles} = ['Mr', 'Ms', 'Miss', 'Mrs', 'Madame', 'Monsieur']</msg>
<var>${allowed_titles}</var>
<arg>Mr</arg>
<arg>Ms</arg>
<arg>Miss</arg>
<arg>Mrs</arg>
<arg>Madame</arg>
<arg>Monsieur</arg>
<doc>Returns a list containing given items.</doc>
<status status="PASS" start="2024-06-05T09:17:57.917277" elapsed="0.000174"/>
</kw>
<kw name="List Should Contain Value" owner="Collections">
<msg time="2024-06-05T09:17:57.917937" level="INFO">False</msg>
<arg>${allowed_titles}</arg>
<arg>${name_title}</arg>
<doc>Fails if the ``value`` is not found from ``list``.</doc>
<status status="PASS" start="2024-06-05T09:17:57.917758" elapsed="0.000216"/>
</kw>
<kw name="Set Variable" owner="BuiltIn">
<msg time="2024-06-05T09:17:57.918658" level="INFO">${name_country} = DK</msg>
<var>${name_country}</var>
<arg>${json_data["results"][0]["nat"]}</arg>
<doc>Returns the given values which can then be assigned to a variables.</doc>
<status status="PASS" start="2024-06-05T09:17:57.918263" elapsed="0.000423"/>
</kw>
<kw name="Create List" owner="BuiltIn">
<msg time="2024-06-05T09:17:57.919604" level="INFO">${list_country} = ['AD', 'AE', 'AF', 'AG', 'AI', 'AL', 'AM', 'AO', 'AQ', 'AR', 'AS', 'AT', 'AU', 'AW', 'AX', 'AZ', 'BA', 'BB', 'BD', 'BE', 'BF', 'BG', 'BH', 'BI', 'BJ', 'BL', 'BM', 'BN', 'BO', 'BQ', 'BR', 'BS', 'BT', '...</msg>
<var>${list_country}</var>
<arg>AD</arg>
<arg>AE</arg>
<arg>AF</arg>
<arg>AG</arg>
<arg>AI</arg>
<arg>AL</arg>
<arg>AM</arg>
<arg>AO</arg>
<arg>AQ</arg>
<arg>AR</arg>
<arg>AS</arg>
<arg>AT</arg>
<arg>AU</arg>
<arg>AW</arg>
<arg>AX</arg>
<arg>AZ</arg>
<arg>BA</arg>
<arg>BB</arg>
<arg>BD</arg>
<arg>BE</arg>
<arg>BF</arg>
<arg>BG</arg>
<arg>BH</arg>
<arg>BI</arg>
<arg>BJ</arg>
<arg>BL</arg>
<arg>BM</arg>
<arg>BN</arg>
<arg>BO</arg>
<arg>BQ</arg>
<arg>BR</arg>
<arg>BS</arg>
<arg>BT</arg>
<arg>BV</arg>
<arg>BW</arg>
<arg>BY</arg>
<arg>BZ</arg>
<arg>CA</arg>
<arg>CC</arg>
<arg>CD</arg>
<arg>CF</arg>
<arg>CG</arg>
<arg>CH</arg>
<arg>CI</arg>
<arg>CK</arg>
<arg>CL</arg>
<arg>CM</arg>
<arg>CN</arg>
<arg>CO</arg>
<arg>CR</arg>
<arg>CU</arg>
<arg>CV</arg>
<arg>CW</arg>
<arg>CX</arg>
<arg>CY</arg>
<arg>CZ</arg>
<arg>DE</arg>
<arg>DJ</arg>
<arg>DK</arg>
<arg>DM</arg>
<arg>DO</arg>
<arg>DZ</arg>
<arg>EC</arg>
<arg>EE</arg>
<arg>EG</arg>
<arg>EH</arg>
<arg>ER</arg>
<arg>ES</arg>
<arg>ET</arg>
<arg>FI</arg>
<arg>FJ</arg>
<arg>FK</arg>
<arg>FM</arg>
<arg>FO</arg>
<arg>FR</arg>
<arg>GA</arg>
<arg>GB</arg>
<arg>GD</arg>
<arg>GE</arg>
<arg>GF</arg>
<arg>GG</arg>
<arg>GH</arg>
<arg>GI</arg>
<arg>GL</arg>
<arg>GM</arg>
<arg>GN</arg>
<arg>GP</arg>
<arg>GQ</arg>
<arg>GR</arg>
<arg>GS</arg>
<arg>GT</arg>
<arg>GU</arg>
<arg>GW</arg>
<arg>GY</arg>
<arg>HK</arg>
<arg>HM</arg>
<arg>HN</arg>
<arg>HR</arg>
<arg>HT</arg>
<arg>HU</arg>
<arg>ID</arg>
<arg>IE</arg>
<arg>IL</arg>
<arg>IM</arg>
<arg>IN</arg>
<arg>IO</arg>
<arg>IQ</arg>
<arg>IR</arg>
<arg>IS</arg>
<arg>IT</arg>
<arg>JE</arg>
<arg>JM</arg>
<arg>JO</arg>
<arg>JP</arg>
<arg>KE</arg>
<arg>KG</arg>
<arg>KH</arg>
<arg>KI</arg>
<arg>KM</arg>
<arg>KN</arg>
<arg>KP</arg>
<arg>KR</arg>
<arg>KW</arg>
<arg>KY</arg>
<arg>KZ</arg>
<arg>LA</arg>
<arg>LB</arg>
<arg>LC</arg>
<arg>LI</arg>
<arg>LK</arg>
<arg>LR</arg>
<arg>LS</arg>
<arg>LT</arg>
<arg>LU</arg>
<arg>LV</arg>
<arg>LY</arg>
<arg>MA</arg>
<arg>MC</arg>
<arg>MD</arg>
<arg>ME</arg>
<arg>MF</arg>
<arg>MG</arg>
<arg>MH</arg>
<arg>MK</arg>
<arg>ML</arg>
<arg>MM</arg>
<arg>MN</arg>
<arg>MO</arg>
<arg>MP</arg>
<arg>MQ</arg>
<arg>MR</arg>
<arg>MS</arg>
<arg>MT</arg>
<arg>MU</arg>
<arg>MV</arg>
<arg>MW</arg>
<arg>MX</arg>
<arg>MY</arg>
<arg>MZ</arg>
<arg>NA</arg>
<arg>NC</arg>
<arg>NE</arg>
<arg>NF</arg>
<arg>NG</arg>
<arg>NI</arg>
<arg>NL</arg>
<arg>NO</arg>
<arg>NP</arg>
<arg>NR</arg>
<arg>NU</arg>
<arg>NZ</arg>
<arg>OM</arg>
<arg>PA</arg>
<arg>PE</arg>
<arg>PF</arg>
<arg>PG</arg>
<arg>PH</arg>
<arg>PK</arg>
<arg>PL</arg>
<arg>PM</arg>
<arg>PN</arg>
<arg>PR</arg>
<arg>PS</arg>
<arg>PT</arg>
<arg>PW</arg>
<arg>PY</arg>
<arg>QA</arg>
<arg>RE</arg>
<arg>RO</arg>
<arg>RS</arg>
<arg>RU</arg>
<arg>RW</arg>
<arg>SA</arg>
<arg>SB</arg>
<arg>SC</arg>
<arg>SD</arg>
<arg>SE</arg>
<arg>SG</arg>
<arg>SH</arg>
<arg>SI</arg>
<arg>SJ</arg>
<arg>SK</arg>
<arg>SL</arg>
<arg>SM</arg>
<arg>SN</arg>
<arg>SO</arg>
<arg>SR</arg>
<arg>SS</arg>
<arg>ST</arg>
<arg>SV</arg>
<arg>SX</arg>
<arg>SY</arg>
<arg>SZ</arg>
<arg>TC</arg>
<arg>TD</arg>
<arg>TF</arg>
<arg>TG</arg>
<arg>TH</arg>
<arg>TJ</arg>
<arg>TK</arg>
<arg>TL</arg>
<arg>TM</arg>
<arg>TN</arg>
<arg>TO</arg>
<arg>TR</arg>
<arg>TT</arg>
<arg>TV</arg>
<arg>TW</arg>
<arg>TZ</arg>
<arg>UA</arg>
<arg>UG</arg>
<arg>UM</arg>
<arg>US</arg>
<arg>UY</arg>
<arg>UZ</arg>
<arg>VA</arg>
<arg>VC</arg>
<arg>VE</arg>
<arg>VG</arg>
<arg>VI</arg>
<arg>VN</arg>
<arg>VU</arg>
<arg>WF</arg>
<arg>WS</arg>
<arg>XK</arg>
<arg>YE</arg>
<arg>YT</arg>
<arg>ZA</arg>
<arg>ZM</arg>
<arg>ZW</arg>
<doc>Returns a list containing given items.</doc>
<status status="PASS" start="2024-06-05T09:17:57.918997" elapsed="0.000634"/>
</kw>
<kw name="List Should Contain Value" owner="Collections">
<msg time="2024-06-05T09:17:57.920624" level="INFO">False</msg>
<arg>${list_country}</arg>
<arg>${name_country}</arg>
<doc>Fails if the ``value`` is not found from ``list``.</doc>
<status status="PASS" start="2024-06-05T09:17:57.920416" elapsed="0.000246"/>
</kw>
<kw name="Run Keyword If" owner="BuiltIn">
<kw name="Should Be True" owner="BuiltIn">
<arg>${True}</arg>
<doc>Fails if the given condition is not true.</doc>
<status status="PASS" start="2024-06-05T09:17:57.921712" elapsed="0.000144"/>
</kw>
<arg>${json_data["results"][0]["location"]["coordinates"]["latitude"]} &gt;= -90 and ${json_data["results"][0]["location"]["coordinates"]["latitude"]} &lt;= 90</arg>
<arg>Should Be True</arg>
<arg>${True}</arg>
<doc>Runs the given keyword with the given arguments, if ``condition`` is true.</doc>
<status status="PASS" start="2024-06-05T09:17:57.920972" elapsed="0.001018"/>
</kw>
<kw name="Run Keyword If" owner="BuiltIn">
<kw name="Should Be True" owner="BuiltIn">
<arg>${True}</arg>
<doc>Fails if the given condition is not true.</doc>
<status status="PASS" start="2024-06-05T09:17:57.922898" elapsed="0.000246"/>
</kw>
<arg>${json_data["results"][0]["location"]["coordinates"]["longitude"]} &gt;= -180 and ${json_data["results"][0]["location"]["coordinates"]["longitude"]} &lt;= 180</arg>
<arg>Should Be True</arg>
<arg>${True}</arg>
<doc>Runs the given keyword with the given arguments, if ``condition`` is true.</doc>
<status status="PASS" start="2024-06-05T09:17:57.922180" elapsed="0.001092"/>
</kw>
<status status="PASS" start="2024-06-05T09:17:57.869940" elapsed="0.053463"/>
</kw>
<doc>Testa o conteúdo específico dos campos retornados pela API.</doc>
<tag>testeConteudo</tag>
<status status="PASS" start="2024-06-05T09:17:57.869409" elapsed="0.054140"/>
</test>
<status status="PASS" start="2024-06-05T09:17:56.988894" elapsed="0.936605"/>
</suite>
<status status="PASS" start="2024-06-05T09:17:56.974927" elapsed="0.955793"/>
</suite>
<statistics>
<total>
<stat pass="5" fail="0" skip="0">All Tests</stat>
</total>
<tag>
<stat pass="1" fail="0" skip="0">testeConteudo</stat>
<stat pass="1" fail="0" skip="0">testeEstruturaResposta</stat>
<stat pass="1" fail="0" skip="0">testeRequisicaoBasica</stat>
<stat pass="1" fail="0" skip="0">testeTiposDados</stat>
</tag>
<suite>
<stat pass="5" fail="0" skip="0" id="s1" name="Tests">Tests</stat>
<stat pass="5" fail="0" skip="0" id="s1-s1" name="Random-User-Test">Tests.Random-User-Test</stat>
</suite>
</statistics>
<errors>
</errors>
</robot>
