<?xml version="1.0" encoding="UTF-8"?>
<robot generator="Robot 7.0 (Python 3.12.3 on linux)" generated="2024-05-16T12:27:38.644944" rpa="false" schemaversion="5">
<suite id="s1" name="Tests" source="/home/runner/work/DesafioQAItauRogerioJordao/DesafioQAItauRogerioJordao/RamdonUser/tests">
<suite id="s1-s1" name="Random-User-Test" source="/home/runner/work/DesafioQAItauRogerioJordao/DesafioQAItauRogerioJordao/RamdonUser/tests/random-user-test.robot">
<test id="s1-s1-t1" name="Conectar" line="13">
<kw name="Conectar API" owner="random-user-service">
<kw name="Create Session" owner="RequestsLibrary">
<msg time="2024-05-16T12:27:39.036994" level="INFO">Creating Session using : alias=consultarAPI, url=https://randomuser.me/, headers={},                     cookies={}, auth=None, timeout=None, proxies=None, verify=False,                     debug=0 </msg>
<arg>consultarAPI</arg>
<arg>${URL}</arg>
<doc>Create Session: create a HTTP session to a server</doc>
<status status="PASS" start="2024-05-16T12:27:39.036792" elapsed="0.000395"/>
</kw>
<status status="PASS" start="2024-05-16T12:27:39.035768" elapsed="0.001778"/>
</kw>
<status status="PASS" start="2024-05-16T12:27:39.035202" elapsed="0.002536"/>
</test>
<test id="s1-s1-t2" name="Validar retorno 200 e JSON Válido" line="16">
<kw name="Teste de Requisicao Basica" owner="random-user-service">
<kw name="GET On Session" owner="RequestsLibrary">
<msg time="2024-05-16T12:27:39.153485" level="INFO">GET Request : url=https://randomuser.me/api 
 path_url=/api 
 headers={'User-Agent': 'python-requests/2.31.0', 'Accept-Encoding': 'gzip, deflate', 'Accept': '*/*', 'Connection': 'keep-alive'} 
 body=None 
 </msg>
<msg time="2024-05-16T12:27:39.153639" level="INFO">GET Response : url=https://randomuser.me/api 
 status=200, reason=OK 
 headers={'Date': 'Thu, 16 May 2024 12:27:39 GMT', 'Content-Type': 'application/json; charset=utf-8', 'Transfer-Encoding': 'chunked', 'Connection': 'keep-alive', 'X-Powered-By': 'Express', 'Access-Control-Allow-Origin': '*', 'Cache-Control': 'no-cache', 'ETag': 'W/"47e-p0Yj2lEbimNStItkylOKhWhzN3I"', 'Vary': 'Accept-Encoding', 'Content-Encoding': 'gzip', 'CF-Cache-Status': 'DYNAMIC', 'Report-To': '{"endpoints":[{"url":"https:\\/\\/a.nel.cloudflare.com\\/report\\/v4?s=3ScGYGlxi9DgCqshztwZY3UZfnkDrT9oggOOU2YFhcKuBunlphscHomdJbSkImHp4foq6rGnfwWIXa277nffihMznJmZjAOYc5suZEv9T0dYXYoFfohgFIPwa%2FdmwwHO"}],"group":"cf-nel","max_age":604800}', 'NEL': '{"success_fraction":0,"report_to":"cf-nel","max_age":604800}', 'Server': 'cloudflare', 'CF-RAY': '884b5cf14fdb6201-ORD', 'alt-svc': 'h3=":443"; ma=86400'} 
 body={"results":[{"gender":"female","name":{"title":"Ms","first":"Alevtina","last":"Pilipishin"},"location":{"street":{"number":8718,"name":"Rezervna"},"city":"Blagovishchenske","state":"Ternopilska","country":"Ukraine","postcode":73814,"coordinates":{"latitude":"77.8295","longitude":"71.5938"},"timezone":{"offset":"-10:00","description":"Hawaii"}},"email":"alevtina.pilipishin@example.com","login":{"uuid":"0ac1dc1c-ba5b-4158-b502-5dbfd42758a0","username":"blackgoose874","password":"1066","salt":"NtTetG8v","md5":"fc6cd71a94bfd790e1772bd7268a64b2","sha1":"ada0480e7af5d492d6d249b7fcbe20107203d76d","sha256":"e6e7a8d5b9e4ccc1a113370cafdf709d9e55397f3301e7b95fc15615ac28bd35"},"dob":{"date":"1984-11-13T20:16:49.047Z","age":39},"registered":{"date":"2021-12-20T03:50:25.341Z","age":2},"phone":"(067) D43-5602","cell":"(098) E19-5067","id":{"name":"","value":null},"picture":{"large":"https://randomuser.me/api/portraits/women/78.jpg","medium":"https://randomuser.me/api/portraits/med/women/78.jpg","thumbnail":"https://randomuser.me/api/portraits/thumb/women/78.jpg"},"nat":"UA"}],"info":{"seed":"87bd8cef55311daf","results":1,"page":1,"version":"1.4"}} 
 </msg>
<msg time="2024-05-16T12:27:39.153722" level="INFO">/opt/hostedtoolcache/Python/3.12.3/x64/lib/python3.12/site-packages/urllib3/connectionpool.py:1103: InsecureRequestWarning: Unverified HTTPS request is being made to host 'randomuser.me'. Adding certificate verification is strongly advised. See: https://urllib3.readthedocs.io/en/latest/advanced-usage.html#tls-warnings
  warnings.warn(</msg>
<msg time="2024-05-16T12:27:39.153873" level="INFO">${response} = &lt;Response [200]&gt;</msg>
<var>${response}</var>
<arg>consultarAPI</arg>
<arg>/api</arg>
<doc>Sends a GET request on a previously created HTTP Session.</doc>
<status status="PASS" start="2024-05-16T12:27:39.040285" elapsed="0.113632"/>
</kw>
<kw name="Should Be Equal As Numbers" owner="BuiltIn">
<msg time="2024-05-16T12:27:39.155096" level="INFO">Argument types are:
&lt;class 'int'&gt;
&lt;class 'str'&gt;</msg>
<arg>${response.status_code}</arg>
<arg>200</arg>
<doc>Fails if objects are unequal after converting them to real numbers.</doc>
<status status="PASS" start="2024-05-16T12:27:39.154585" elapsed="0.000583"/>
</kw>
<kw name="Log" owner="BuiltIn">
<msg time="2024-05-16T12:27:39.155891" level="INFO">200</msg>
<arg>${response.status_code}</arg>
<doc>Logs the given message with the given level.</doc>
<status status="PASS" start="2024-05-16T12:27:39.155508" elapsed="0.000431"/>
</kw>
<kw name="Set Variable" owner="BuiltIn">
<msg time="2024-05-16T12:27:39.156691" level="INFO">${json_data} = {'results': [{'gender': 'female', 'name': {'title': 'Ms', 'first': 'Alevtina', 'last': 'Pilipishin'}, 'location': {'street': {'number': 8718, 'name': 'Rezervna'}, 'city': 'Blagovishchenske', 'state': ...</msg>
<var>${json_data}</var>
<arg>${response.json()}</arg>
<doc>Returns the given values which can then be assigned to a variables.</doc>
<status status="PASS" start="2024-05-16T12:27:39.156258" elapsed="0.000461"/>
</kw>
<kw name="Dictionary Should Contain Key" owner="Collections">
<msg time="2024-05-16T12:27:39.157196" level="INFO">False</msg>
<arg>${json_data}</arg>
<arg>results</arg>
<doc>Fails if ``key`` is not found from ``dictionary``.</doc>
<status status="PASS" start="2024-05-16T12:27:39.157022" elapsed="0.000213"/>
</kw>
<status status="PASS" start="2024-05-16T12:27:39.040040" elapsed="0.117467"/>
</kw>
<doc>Testa se a API responde corretamente e retorna um objeto JSON válido.</doc>
<tag>testeRequisicaoBasica</tag>
<status status="PASS" start="2024-05-16T12:27:39.039580" elapsed="0.118118"/>
</test>
<test id="s1-s1-t3" name="Validar estrutura de resposta" line="22">
<kw name="Teste de Estrutura de Resposta" owner="random-user-service">
<kw name="GET On Session" owner="RequestsLibrary">
<msg time="2024-05-16T12:27:39.234019" level="INFO">GET Request : url=https://randomuser.me/api 
 path_url=/api 
 headers={'User-Agent': 'python-requests/2.31.0', 'Accept-Encoding': 'gzip, deflate', 'Accept': '*/*', 'Connection': 'keep-alive'} 
 body=None 
 </msg>
<msg time="2024-05-16T12:27:39.234133" level="INFO">GET Response : url=https://randomuser.me/api 
 status=200, reason=OK 
 headers={'Date': 'Thu, 16 May 2024 12:27:39 GMT', 'Content-Type': 'application/json; charset=utf-8', 'Transfer-Encoding': 'chunked', 'Connection': 'keep-alive', 'X-Powered-By': 'Express', 'Access-Control-Allow-Origin': '*', 'Cache-Control': 'no-cache', 'ETag': 'W/"484-qo2nUFQrJCGuR3nkzKmd7EshlJs"', 'Vary': 'Accept-Encoding', 'Content-Encoding': 'gzip', 'CF-Cache-Status': 'DYNAMIC', 'Report-To': '{"endpoints":[{"url":"https:\\/\\/a.nel.cloudflare.com\\/report\\/v4?s=NMMSwj3xK3ifuUobe5FlZHnNPavqY523YaUBF%2BDyms7ztRoW%2B1FXdjVfW1zUIjk1CaOrA6KVbyOJNq1lwtTj2BQDo0IvrcXYjQYmof1wgDCrNGP9uMrsWgpBOrwmWI3%2B"}],"group":"cf-nel","max_age":604800}', 'NEL': '{"success_fraction":0,"report_to":"cf-nel","max_age":604800}', 'Server': 'cloudflare', 'CF-RAY': '884b5cf1c86c6201-ORD', 'alt-svc': 'h3=":443"; ma=86400'} 
 body={"results":[{"gender":"male","name":{"title":"Mr","first":"Same","last":"Ruiz"},"location":{"street":{"number":7008,"name":"Parker Rd"},"city":"Orange","state":"South Australia","country":"Australia","postcode":9286,"coordinates":{"latitude":"-83.3251","longitude":"-122.3579"},"timezone":{"offset":"-3:00","description":"Brazil, Buenos Aires, Georgetown"}},"email":"same.ruiz@example.com","login":{"uuid":"dc5b9a98-cd4a-49f2-b1b3-72e32ca82123","username":"sadelephant504","password":"andrea1","salt":"YYsPL0jB","md5":"d40afd7f76402f6ce789e7fad1b2cffc","sha1":"ffec4fa9960deafb7faa5feeae61ee11320944d1","sha256":"a11423237234515af78e393d8659c5b991ea6f62f2e324a473ecd15534481195"},"dob":{"date":"1952-11-23T16:57:07.998Z","age":71},"registered":{"date":"2020-09-03T00:03:05.422Z","age":3},"phone":"01-7651-0129","cell":"0425-371-552","id":{"name":"TFN","value":"725420274"},"picture":{"large":"https://randomuser.me/api/portraits/men/19.jpg","medium":"https://randomuser.me/api/portraits/med/men/19.jpg","thumbnail":"https://randomuser.me/api/portraits/thumb/men/19.jpg"},"nat":"AU"}],"info":{"seed":"df5c741d00268517","results":1,"page":1,"version":"1.4"}} 
 </msg>
<msg time="2024-05-16T12:27:39.234273" level="INFO">/opt/hostedtoolcache/Python/3.12.3/x64/lib/python3.12/site-packages/urllib3/connectionpool.py:1103: InsecureRequestWarning: Unverified HTTPS request is being made to host 'randomuser.me'. Adding certificate verification is strongly advised. See: https://urllib3.readthedocs.io/en/latest/advanced-usage.html#tls-warnings
  warnings.warn(</msg>
<msg time="2024-05-16T12:27:39.234415" level="INFO">${response} = &lt;Response [200]&gt;</msg>
<var>${response}</var>
<arg>consultarAPI</arg>
<arg>/api</arg>
<doc>Sends a GET request on a previously created HTTP Session.</doc>
<status status="PASS" start="2024-05-16T12:27:39.160591" elapsed="0.073865"/>
</kw>
<kw name="Set Variable" owner="BuiltIn">
<msg time="2024-05-16T12:27:39.235636" level="INFO">${json_data} = {'results': [{'gender': 'male', 'name': {'title': 'Mr', 'first': 'Same', 'last': 'Ruiz'}, 'location': {'street': {'number': 7008, 'name': 'Parker Rd'}, 'city': 'Orange', 'state': 'South Australia', 'c...</msg>
<var>${json_data}</var>
<arg>${response.json()}</arg>
<doc>Returns the given values which can then be assigned to a variables.</doc>
<status status="PASS" start="2024-05-16T12:27:39.235067" elapsed="0.000598"/>
</kw>
<kw name="Log" owner="BuiltIn">
<msg time="2024-05-16T12:27:39.236164" level="INFO">{'results': [{'gender': 'male', 'name': {'title': 'Mr', 'first': 'Same', 'last': 'Ruiz'}, 'location': {'street': {'number': 7008, 'name': 'Parker Rd'}, 'city': 'Orange', 'state': 'South Australia', 'country': 'Australia', 'postcode': 9286, 'coordinates': {'latitude': '-83.3251', 'longitude': '-122.3579'}, 'timezone': {'offset': '-3:00', 'description': 'Brazil, Buenos Aires, Georgetown'}}, 'email': 'same.ruiz@example.com', 'login': {'uuid': 'dc5b9a98-cd4a-49f2-b1b3-72e32ca82123', 'username': 'sadelephant504', 'password': 'andrea1', 'salt': 'YYsPL0jB', 'md5': 'd40afd7f76402f6ce789e7fad1b2cffc', 'sha1': 'ffec4fa9960deafb7faa5feeae61ee11320944d1', 'sha256': 'a11423237234515af78e393d8659c5b991ea6f62f2e324a473ecd15534481195'}, 'dob': {'date': '1952-11-23T16:57:07.998Z', 'age': 71}, 'registered': {'date': '2020-09-03T00:03:05.422Z', 'age': 3}, 'phone': '01-7651-0129', 'cell': '0425-371-552', 'id': {'name': 'TFN', 'value': '725420274'}, 'picture': {'large': 'https://randomuser.me/api/portraits/men/19.jpg', 'medium': 'https://randomuser.me/api/portraits/med/men/19.jpg', 'thumbnail': 'https://randomuser.me/api/portraits/thumb/men/19.jpg'}, 'nat': 'AU'}], 'info': {'seed': 'df5c741d00268517', 'results': 1, 'page': 1, 'version': '1.4'}}</msg>
<arg>${json_data}</arg>
<doc>Logs the given message with the given level.</doc>
<status status="PASS" start="2024-05-16T12:27:39.236004" elapsed="0.000209"/>
</kw>
<kw name="Dictionary Should Contain Key" owner="Collections">
<msg time="2024-05-16T12:27:39.236673" level="INFO">False</msg>
<arg>${json_data}</arg>
<arg>results</arg>
<doc>Fails if ``key`` is not found from ``dictionary``.</doc>
<status status="PASS" start="2024-05-16T12:27:39.236510" elapsed="0.000201"/>
</kw>
<kw name="Should Not Be Empty" owner="BuiltIn">
<msg time="2024-05-16T12:27:39.237133" level="INFO">Length is 2.</msg>
<arg>${json_data}</arg>
<doc>Verifies that the given item is not empty.</doc>
<status status="PASS" start="2024-05-16T12:27:39.237003" elapsed="0.000330"/>
</kw>
<kw name="Create List" owner="BuiltIn">
<msg time="2024-05-16T12:27:39.237784" level="INFO">${expected_keys} = ['gender', 'name', 'location', 'email', 'login']</msg>
<var>${expected_keys}</var>
<arg>gender</arg>
<arg>name</arg>
<arg>location</arg>
<arg>email</arg>
<arg>login</arg>
<doc>Returns a list containing given items.</doc>
<status status="PASS" start="2024-05-16T12:27:39.237629" elapsed="0.000180"/>
</kw>
<for flavor="IN">
<iter>
<kw name="Dictionary Should Contain Key" owner="Collections">
<msg time="2024-05-16T12:27:39.238790" level="INFO">False</msg>
<arg>${json_data['results'][0]}</arg>
<arg>${key}</arg>
<doc>Fails if ``key`` is not found from ``dictionary``.</doc>
<status status="PASS" start="2024-05-16T12:27:39.238386" elapsed="0.000443"/>
</kw>
<kw name="Log" owner="BuiltIn">
<msg time="2024-05-16T12:27:39.239481" level="INFO">{'gender': 'male', 'name': {'title': 'Mr', 'first': 'Same', 'last': 'Ruiz'}, 'location': {'street': {'number': 7008, 'name': 'Parker Rd'}, 'city': 'Orange', 'state': 'South Australia', 'country': 'Australia', 'postcode': 9286, 'coordinates': {'latitude': '-83.3251', 'longitude': '-122.3579'}, 'timezone': {'offset': '-3:00', 'description': 'Brazil, Buenos Aires, Georgetown'}}, 'email': 'same.ruiz@example.com', 'login': {'uuid': 'dc5b9a98-cd4a-49f2-b1b3-72e32ca82123', 'username': 'sadelephant504', 'password': 'andrea1', 'salt': 'YYsPL0jB', 'md5': 'd40afd7f76402f6ce789e7fad1b2cffc', 'sha1': 'ffec4fa9960deafb7faa5feeae61ee11320944d1', 'sha256': 'a11423237234515af78e393d8659c5b991ea6f62f2e324a473ecd15534481195'}, 'dob': {'date': '1952-11-23T16:57:07.998Z', 'age': 71}, 'registered': {'date': '2020-09-03T00:03:05.422Z', 'age': 3}, 'phone': '01-7651-0129', 'cell': '0425-371-552', 'id': {'name': 'TFN', 'value': '725420274'}, 'picture': {'large': 'https://randomuser.me/api/portraits/men/19.jpg', 'medium': 'https://randomuser.me/api/portraits/med/men/19.jpg', 'thumbnail': 'https://randomuser.me/api/portraits/thumb/men/19.jpg'}, 'nat': 'AU'}</msg>
<arg>${json_data['results'][0]}</arg>
<doc>Logs the given message with the given level.</doc>
<status status="PASS" start="2024-05-16T12:27:39.239125" elapsed="0.000406"/>
</kw>
<kw name="Log" owner="BuiltIn">
<msg time="2024-05-16T12:27:39.239997" level="INFO">gender</msg>
<arg>${key}</arg>
<doc>Logs the given message with the given level.</doc>
<status status="PASS" start="2024-05-16T12:27:39.239833" elapsed="0.000201"/>
</kw>
<var name="${key}">gender</var>
<status status="PASS" start="2024-05-16T12:27:39.238259" elapsed="0.001991"/>
</iter>
<iter>
<kw name="Dictionary Should Contain Key" owner="Collections">
<msg time="2024-05-16T12:27:39.240930" level="INFO">False</msg>
<arg>${json_data['results'][0]}</arg>
<arg>${key}</arg>
<doc>Fails if ``key`` is not found from ``dictionary``.</doc>
<status status="PASS" start="2024-05-16T12:27:39.240548" elapsed="0.000419"/>
</kw>
<kw name="Log" owner="BuiltIn">
<msg time="2024-05-16T12:27:39.241642" level="INFO">{'gender': 'male', 'name': {'title': 'Mr', 'first': 'Same', 'last': 'Ruiz'}, 'location': {'street': {'number': 7008, 'name': 'Parker Rd'}, 'city': 'Orange', 'state': 'South Australia', 'country': 'Australia', 'postcode': 9286, 'coordinates': {'latitude': '-83.3251', 'longitude': '-122.3579'}, 'timezone': {'offset': '-3:00', 'description': 'Brazil, Buenos Aires, Georgetown'}}, 'email': 'same.ruiz@example.com', 'login': {'uuid': 'dc5b9a98-cd4a-49f2-b1b3-72e32ca82123', 'username': 'sadelephant504', 'password': 'andrea1', 'salt': 'YYsPL0jB', 'md5': 'd40afd7f76402f6ce789e7fad1b2cffc', 'sha1': 'ffec4fa9960deafb7faa5feeae61ee11320944d1', 'sha256': 'a11423237234515af78e393d8659c5b991ea6f62f2e324a473ecd15534481195'}, 'dob': {'date': '1952-11-23T16:57:07.998Z', 'age': 71}, 'registered': {'date': '2020-09-03T00:03:05.422Z', 'age': 3}, 'phone': '01-7651-0129', 'cell': '0425-371-552', 'id': {'name': 'TFN', 'value': '725420274'}, 'picture': {'large': 'https://randomuser.me/api/portraits/men/19.jpg', 'medium': 'https://randomuser.me/api/portraits/med/men/19.jpg', 'thumbnail': 'https://randomuser.me/api/portraits/thumb/men/19.jpg'}, 'nat': 'AU'}</msg>
<arg>${json_data['results'][0]}</arg>
<doc>Logs the given message with the given level.</doc>
<status status="PASS" start="2024-05-16T12:27:39.241287" elapsed="0.000403"/>
</kw>
<kw name="Log" owner="BuiltIn">
<msg time="2024-05-16T12:27:39.242112" level="INFO">name</msg>
<arg>${key}</arg>
<doc>Logs the given message with the given level.</doc>
<status status="PASS" start="2024-05-16T12:27:39.241984" elapsed="0.000166"/>
</kw>
<var name="${key}">name</var>
<status status="PASS" start="2024-05-16T12:27:39.240434" elapsed="0.001932"/>
</iter>
<iter>
<kw name="Dictionary Should Contain Key" owner="Collections">
<msg time="2024-05-16T12:27:39.243043" level="INFO">False</msg>
<arg>${json_data['results'][0]}</arg>
<arg>${key}</arg>
<doc>Fails if ``key`` is not found from ``dictionary``.</doc>
<status status="PASS" start="2024-05-16T12:27:39.242657" elapsed="0.000423"/>
</kw>
<kw name="Log" owner="BuiltIn">
<msg time="2024-05-16T12:27:39.243730" level="INFO">{'gender': 'male', 'name': {'title': 'Mr', 'first': 'Same', 'last': 'Ruiz'}, 'location': {'street': {'number': 7008, 'name': 'Parker Rd'}, 'city': 'Orange', 'state': 'South Australia', 'country': 'Australia', 'postcode': 9286, 'coordinates': {'latitude': '-83.3251', 'longitude': '-122.3579'}, 'timezone': {'offset': '-3:00', 'description': 'Brazil, Buenos Aires, Georgetown'}}, 'email': 'same.ruiz@example.com', 'login': {'uuid': 'dc5b9a98-cd4a-49f2-b1b3-72e32ca82123', 'username': 'sadelephant504', 'password': 'andrea1', 'salt': 'YYsPL0jB', 'md5': 'd40afd7f76402f6ce789e7fad1b2cffc', 'sha1': 'ffec4fa9960deafb7faa5feeae61ee11320944d1', 'sha256': 'a11423237234515af78e393d8659c5b991ea6f62f2e324a473ecd15534481195'}, 'dob': {'date': '1952-11-23T16:57:07.998Z', 'age': 71}, 'registered': {'date': '2020-09-03T00:03:05.422Z', 'age': 3}, 'phone': '01-7651-0129', 'cell': '0425-371-552', 'id': {'name': 'TFN', 'value': '725420274'}, 'picture': {'large': 'https://randomuser.me/api/portraits/men/19.jpg', 'medium': 'https://randomuser.me/api/portraits/med/men/19.jpg', 'thumbnail': 'https://randomuser.me/api/portraits/thumb/men/19.jpg'}, 'nat': 'AU'}</msg>
<arg>${json_data['results'][0]}</arg>
<doc>Logs the given message with the given level.</doc>
<status status="PASS" start="2024-05-16T12:27:39.243376" elapsed="0.000403"/>
</kw>
<kw name="Log" owner="BuiltIn">
<msg time="2024-05-16T12:27:39.244238" level="INFO">location</msg>
<arg>${key}</arg>
<doc>Logs the given message with the given level.</doc>
<status status="PASS" start="2024-05-16T12:27:39.244110" elapsed="0.000166"/>
</kw>
<var name="${key}">location</var>
<status status="PASS" start="2024-05-16T12:27:39.242546" elapsed="0.001943"/>
</iter>
<iter>
<kw name="Dictionary Should Contain Key" owner="Collections">
<msg time="2024-05-16T12:27:39.245152" level="INFO">False</msg>
<arg>${json_data['results'][0]}</arg>
<arg>${key}</arg>
<doc>Fails if ``key`` is not found from ``dictionary``.</doc>
<status status="PASS" start="2024-05-16T12:27:39.244771" elapsed="0.000418"/>
</kw>
<kw name="Log" owner="BuiltIn">
<msg time="2024-05-16T12:27:39.245836" level="INFO">{'gender': 'male', 'name': {'title': 'Mr', 'first': 'Same', 'last': 'Ruiz'}, 'location': {'street': {'number': 7008, 'name': 'Parker Rd'}, 'city': 'Orange', 'state': 'South Australia', 'country': 'Australia', 'postcode': 9286, 'coordinates': {'latitude': '-83.3251', 'longitude': '-122.3579'}, 'timezone': {'offset': '-3:00', 'description': 'Brazil, Buenos Aires, Georgetown'}}, 'email': 'same.ruiz@example.com', 'login': {'uuid': 'dc5b9a98-cd4a-49f2-b1b3-72e32ca82123', 'username': 'sadelephant504', 'password': 'andrea1', 'salt': 'YYsPL0jB', 'md5': 'd40afd7f76402f6ce789e7fad1b2cffc', 'sha1': 'ffec4fa9960deafb7faa5feeae61ee11320944d1', 'sha256': 'a11423237234515af78e393d8659c5b991ea6f62f2e324a473ecd15534481195'}, 'dob': {'date': '1952-11-23T16:57:07.998Z', 'age': 71}, 'registered': {'date': '2020-09-03T00:03:05.422Z', 'age': 3}, 'phone': '01-7651-0129', 'cell': '0425-371-552', 'id': {'name': 'TFN', 'value': '725420274'}, 'picture': {'large': 'https://randomuser.me/api/portraits/men/19.jpg', 'medium': 'https://randomuser.me/api/portraits/med/men/19.jpg', 'thumbnail': 'https://randomuser.me/api/portraits/thumb/men/19.jpg'}, 'nat': 'AU'}</msg>
<arg>${json_data['results'][0]}</arg>
<doc>Logs the given message with the given level.</doc>
<status status="PASS" start="2024-05-16T12:27:39.245486" elapsed="0.000399"/>
</kw>
<kw name="Log" owner="BuiltIn">
<msg time="2024-05-16T12:27:39.246297" level="INFO">email</msg>
<arg>${key}</arg>
<doc>Logs the given message with the given level.</doc>
<status status="PASS" start="2024-05-16T12:27:39.246172" elapsed="0.000162"/>
</kw>
<var name="${key}">email</var>
<status status="PASS" start="2024-05-16T12:27:39.244661" elapsed="0.001882"/>
</iter>
<iter>
<kw name="Dictionary Should Contain Key" owner="Collections">
<msg time="2024-05-16T12:27:39.247203" level="INFO">False</msg>
<arg>${json_data['results'][0]}</arg>
<arg>${key}</arg>
<doc>Fails if ``key`` is not found from ``dictionary``.</doc>
<status status="PASS" start="2024-05-16T12:27:39.246822" elapsed="0.000419"/>
</kw>
<kw name="Log" owner="BuiltIn">
<msg time="2024-05-16T12:27:39.247912" level="INFO">{'gender': 'male', 'name': {'title': 'Mr', 'first': 'Same', 'last': 'Ruiz'}, 'location': {'street': {'number': 7008, 'name': 'Parker Rd'}, 'city': 'Orange', 'state': 'South Australia', 'country': 'Australia', 'postcode': 9286, 'coordinates': {'latitude': '-83.3251', 'longitude': '-122.3579'}, 'timezone': {'offset': '-3:00', 'description': 'Brazil, Buenos Aires, Georgetown'}}, 'email': 'same.ruiz@example.com', 'login': {'uuid': 'dc5b9a98-cd4a-49f2-b1b3-72e32ca82123', 'username': 'sadelephant504', 'password': 'andrea1', 'salt': 'YYsPL0jB', 'md5': 'd40afd7f76402f6ce789e7fad1b2cffc', 'sha1': 'ffec4fa9960deafb7faa5feeae61ee11320944d1', 'sha256': 'a11423237234515af78e393d8659c5b991ea6f62f2e324a473ecd15534481195'}, 'dob': {'date': '1952-11-23T16:57:07.998Z', 'age': 71}, 'registered': {'date': '2020-09-03T00:03:05.422Z', 'age': 3}, 'phone': '01-7651-0129', 'cell': '0425-371-552', 'id': {'name': 'TFN', 'value': '725420274'}, 'picture': {'large': 'https://randomuser.me/api/portraits/men/19.jpg', 'medium': 'https://randomuser.me/api/portraits/med/men/19.jpg', 'thumbnail': 'https://randomuser.me/api/portraits/thumb/men/19.jpg'}, 'nat': 'AU'}</msg>
<arg>${json_data['results'][0]}</arg>
<doc>Logs the given message with the given level.</doc>
<status status="PASS" start="2024-05-16T12:27:39.247529" elapsed="0.000432"/>
</kw>
<kw name="Log" owner="BuiltIn">
<msg time="2024-05-16T12:27:39.248380" level="INFO">login</msg>
<arg>${key}</arg>
<doc>Logs the given message with the given level.</doc>
<status status="PASS" start="2024-05-16T12:27:39.248253" elapsed="0.000164"/>
</kw>
<var name="${key}">login</var>
<status status="PASS" start="2024-05-16T12:27:39.246713" elapsed="0.001924"/>
</iter>
<var>${key}</var>
<value>@{expected_keys}</value>
<status status="PASS" start="2024-05-16T12:27:39.238068" elapsed="0.010715"/>
</for>
<kw name="Create List" owner="BuiltIn">
<msg time="2024-05-16T12:27:39.249118" level="INFO">${expected_keysTwo} = ['username', 'password']</msg>
<var>${expected_keysTwo}</var>
<arg>username</arg>
<arg>password</arg>
<doc>Returns a list containing given items.</doc>
<status status="PASS" start="2024-05-16T12:27:39.248982" elapsed="0.000160"/>
</kw>
<for flavor="IN">
<iter>
<kw name="Dictionary Should Contain Key" owner="Collections">
<msg time="2024-05-16T12:27:39.250011" level="INFO">False</msg>
<arg>${json_data['results'][0]['login']}</arg>
<arg>${keyTwo}</arg>
<doc>Fails if ``key`` is not found from ``dictionary``.</doc>
<status status="PASS" start="2024-05-16T12:27:39.249632" elapsed="0.000416"/>
</kw>
<kw name="Dictionary Should Contain Key" owner="Collections">
<msg time="2024-05-16T12:27:39.250712" level="INFO">False</msg>
<arg>${json_data['results'][0]['login']}</arg>
<arg>${keyTwo}</arg>
<doc>Fails if ``key`` is not found from ``dictionary``.</doc>
<status status="PASS" start="2024-05-16T12:27:39.250337" elapsed="0.000412"/>
</kw>
<kw name="Log" owner="BuiltIn">
<msg time="2024-05-16T12:27:39.251156" level="INFO">username</msg>
<arg>${keyTwo}</arg>
<doc>Logs the given message with the given level.</doc>
<status status="PASS" start="2024-05-16T12:27:39.251033" elapsed="0.000165"/>
</kw>
<var name="${keyTwo}">username</var>
<status status="PASS" start="2024-05-16T12:27:39.249524" elapsed="0.001887"/>
</iter>
<iter>
<kw name="Dictionary Should Contain Key" owner="Collections">
<msg time="2024-05-16T12:27:39.252179" level="INFO">False</msg>
<arg>${json_data['results'][0]['login']}</arg>
<arg>${keyTwo}</arg>
<doc>Fails if ``key`` is not found from ``dictionary``.</doc>
<status status="PASS" start="2024-05-16T12:27:39.251690" elapsed="0.000529"/>
</kw>
<kw name="Dictionary Should Contain Key" owner="Collections">
<msg time="2024-05-16T12:27:39.252891" level="INFO">False</msg>
<arg>${json_data['results'][0]['login']}</arg>
<arg>${keyTwo}</arg>
<doc>Fails if ``key`` is not found from ``dictionary``.</doc>
<status status="PASS" start="2024-05-16T12:27:39.252514" elapsed="0.000414"/>
</kw>
<kw name="Log" owner="BuiltIn">
<msg time="2024-05-16T12:27:39.253344" level="INFO">password</msg>
<arg>${keyTwo}</arg>
<doc>Logs the given message with the given level.</doc>
<status status="PASS" start="2024-05-16T12:27:39.253218" elapsed="0.000163"/>
</kw>
<var name="${keyTwo}">password</var>
<status status="PASS" start="2024-05-16T12:27:39.251580" elapsed="0.002012"/>
</iter>
<var>${keyTwo}</var>
<value>@{expected_keysTwo}</value>
<status status="PASS" start="2024-05-16T12:27:39.249375" elapsed="0.004336"/>
</for>
<status status="PASS" start="2024-05-16T12:27:39.160347" elapsed="0.093501"/>
</kw>
<doc>Testa a estrutura da resposta da API.</doc>
<tag>testeEstruturaResposta</tag>
<status status="PASS" start="2024-05-16T12:27:39.159713" elapsed="0.094289"/>
</test>
<test id="s1-s1-t4" name="Validar tipos de dados" line="28">
<kw name="Teste de Tipos de Dados" owner="random-user-service">
<kw name="GET On Session" owner="RequestsLibrary">
<msg time="2024-05-16T12:27:39.331176" level="INFO">GET Request : url=https://randomuser.me/api 
 path_url=/api 
 headers={'User-Agent': 'python-requests/2.31.0', 'Accept-Encoding': 'gzip, deflate', 'Accept': '*/*', 'Connection': 'keep-alive'} 
 body=None 
 </msg>
<msg time="2024-05-16T12:27:39.331266" level="INFO">GET Response : url=https://randomuser.me/api 
 status=200, reason=OK 
 headers={'Date': 'Thu, 16 May 2024 12:27:39 GMT', 'Content-Type': 'application/json; charset=utf-8', 'Transfer-Encoding': 'chunked', 'Connection': 'keep-alive', 'X-Powered-By': 'Express', 'Access-Control-Allow-Origin': '*', 'Cache-Control': 'no-cache', 'ETag': 'W/"482-GLVAWuMa2444n1kFMvb7xWZqz00"', 'Vary': 'Accept-Encoding', 'Content-Encoding': 'gzip', 'CF-Cache-Status': 'DYNAMIC', 'Report-To': '{"endpoints":[{"url":"https:\\/\\/a.nel.cloudflare.com\\/report\\/v4?s=10DRsM%2BokvKOw4xvzbMTbYSgCgLhjKcVRwvoyXpXeHysCkgSaWI7eo5IZxpgvzJL4MpQUBSG4wgYoD%2BqyI%2BKwNvgwtqCtGAzbN59FMr7355xzMcb8SxiC%2FYauxvaQqcf"}],"group":"cf-nel","max_age":604800}', 'NEL': '{"success_fraction":0,"report_to":"cf-nel","max_age":604800}', 'Server': 'cloudflare', 'CF-RAY': '884b5cf268fc6201-ORD', 'alt-svc': 'h3=":443"; ma=86400'} 
 body={"results":[{"gender":"male","name":{"title":"Mr","first":"Luke","last":"Davies"},"location":{"street":{"number":1880,"name":"Park Avenue"},"city":"Londonderry","state":"Dyfed","country":"United Kingdom","postcode":"XT1 2RP","coordinates":{"latitude":"-10.1890","longitude":"-86.4999"},"timezone":{"offset":"-3:30","description":"Newfoundland"}},"email":"luke.davies@example.com","login":{"uuid":"a353985f-987b-4bf2-a188-7f2a24b3ed1d","username":"orangelion547","password":"basketball","salt":"KHETS9k6","md5":"6aae8d13cf02e8a664ba1497ac2899a7","sha1":"38d01366e33d917d4a7a0ed7d46071671fa12387","sha256":"20a9244f7b2756425f9d92a0f43e271192a3227296bfb1bc608c12a7d59fe43b"},"dob":{"date":"1999-06-22T17:20:25.823Z","age":24},"registered":{"date":"2005-06-23T02:44:25.338Z","age":18},"phone":"017683 36156","cell":"07344 994778","id":{"name":"NINO","value":"RP 84 01 40 S"},"picture":{"large":"https://randomuser.me/api/portraits/men/67.jpg","medium":"https://randomuser.me/api/portraits/med/men/67.jpg","thumbnail":"https://randomuser.me/api/portraits/thumb/men/67.jpg"},"nat":"GB"}],"info":{"seed":"9179baa79bf18de0","results":1,"page":1,"version":"1.4"}} 
 </msg>
<msg time="2024-05-16T12:27:39.331344" level="INFO">/opt/hostedtoolcache/Python/3.12.3/x64/lib/python3.12/site-packages/urllib3/connectionpool.py:1103: InsecureRequestWarning: Unverified HTTPS request is being made to host 'randomuser.me'. Adding certificate verification is strongly advised. See: https://urllib3.readthedocs.io/en/latest/advanced-usage.html#tls-warnings
  warnings.warn(</msg>
<msg time="2024-05-16T12:27:39.331470" level="INFO">${response} = &lt;Response [200]&gt;</msg>
<var>${response}</var>
<arg>consultarAPI</arg>
<arg>/api</arg>
<doc>Sends a GET request on a previously created HTTP Session.</doc>
<status status="PASS" start="2024-05-16T12:27:39.256531" elapsed="0.074984"/>
</kw>
<kw name="Set Variable" owner="BuiltIn">
<msg time="2024-05-16T12:27:39.332666" level="INFO">${json_data} = {'results': [{'gender': 'male', 'name': {'title': 'Mr', 'first': 'Luke', 'last': 'Davies'}, 'location': {'street': {'number': 1880, 'name': 'Park Avenue'}, 'city': 'Londonderry', 'state': 'Dyfed', 'co...</msg>
<var>${json_data}</var>
<arg>${response.json()}</arg>
<doc>Returns the given values which can then be assigned to a variables.</doc>
<status status="PASS" start="2024-05-16T12:27:39.332051" elapsed="0.000644"/>
</kw>
<kw name="Log" owner="BuiltIn">
<msg time="2024-05-16T12:27:39.333168" level="INFO">{'results': [{'gender': 'male', 'name': {'title': 'Mr', 'first': 'Luke', 'last': 'Davies'}, 'location': {'street': {'number': 1880, 'name': 'Park Avenue'}, 'city': 'Londonderry', 'state': 'Dyfed', 'country': 'United Kingdom', 'postcode': 'XT1 2RP', 'coordinates': {'latitude': '-10.1890', 'longitude': '-86.4999'}, 'timezone': {'offset': '-3:30', 'description': 'Newfoundland'}}, 'email': 'luke.davies@example.com', 'login': {'uuid': 'a353985f-987b-4bf2-a188-7f2a24b3ed1d', 'username': 'orangelion547', 'password': 'basketball', 'salt': 'KHETS9k6', 'md5': '6aae8d13cf02e8a664ba1497ac2899a7', 'sha1': '38d01366e33d917d4a7a0ed7d46071671fa12387', 'sha256': '20a9244f7b2756425f9d92a0f43e271192a3227296bfb1bc608c12a7d59fe43b'}, 'dob': {'date': '1999-06-22T17:20:25.823Z', 'age': 24}, 'registered': {'date': '2005-06-23T02:44:25.338Z', 'age': 18}, 'phone': '017683 36156', 'cell': '07344 994778', 'id': {'name': 'NINO', 'value': 'RP 84 01 40 S'}, 'picture': {'large': 'https://randomuser.me/api/portraits/men/67.jpg', 'medium': 'https://randomuser.me/api/portraits/med/men/67.jpg', 'thumbnail': 'https://randomuser.me/api/portraits/thumb/men/67.jpg'}, 'nat': 'GB'}], 'info': {'seed': '9179baa79bf18de0', 'results': 1, 'page': 1, 'version': '1.4'}}</msg>
<arg>${json_data}</arg>
<doc>Logs the given message with the given level.</doc>
<status status="PASS" start="2024-05-16T12:27:39.333012" elapsed="0.000236"/>
</kw>
<kw name="Should Be String" owner="String">
<arg>${json_data['results'][0]['gender']}</arg>
<doc>Fails if the given ``item`` is not a string.</doc>
<status status="PASS" start="2024-05-16T12:27:39.333547" elapsed="0.000363"/>
</kw>
<kw name="Should Match Regexp" owner="BuiltIn">
<arg>${json_data['results'][0]['email']}</arg>
<arg>^[a-zA-Z0-9._%+-]+@[a-zA-Z0-9.-]+\.[a-zA-Z]{2,}$</arg>
<doc>Fails if ``string`` does not match ``pattern`` as a regular expression.</doc>
<status status="PASS" start="2024-05-16T12:27:39.334107" elapsed="0.000520"/>
</kw>
<kw name="Should Match Regexp" owner="BuiltIn">
<arg>${json_data['results'][0]['dob']['date']}</arg>
<arg>\\d{4}-\\d{2}-\\d{2}T\\d{2}:\\d{2}:\\d{2}\\.\\d{3}Z</arg>
<doc>Fails if ``string`` does not match ``pattern`` as a regular expression.</doc>
<status status="PASS" start="2024-05-16T12:27:39.334825" elapsed="0.000493"/>
</kw>
<kw name="Should Match Regexp" owner="BuiltIn">
<arg>${json_data['results'][0]['registered']['date']}</arg>
<arg>\\d{4}-\\d{2}-\\d{2}T\\d{2}:\\d{2}:\\d{2}\\.\\d{3}Z</arg>
<doc>Fails if ``string`` does not match ``pattern`` as a regular expression.</doc>
<status status="PASS" start="2024-05-16T12:27:39.335511" elapsed="0.000396"/>
</kw>
<kw name="Should Match Regexp" owner="BuiltIn">
<arg>${json_data['results'][0]['picture']['large']}</arg>
<arg>^https?://.*\.(?:png|jpe?g|gif|bmp)$</arg>
<doc>Fails if ``string`` does not match ``pattern`` as a regular expression.</doc>
<status status="PASS" start="2024-05-16T12:27:39.336111" elapsed="0.000470"/>
</kw>
<kw name="Should Match Regexp" owner="BuiltIn">
<arg>${json_data['results'][0]['picture']['medium']}</arg>
<arg>^https?://.*\.(?:png|jpe?g|gif|bmp)$</arg>
<doc>Fails if ``string`` does not match ``pattern`` as a regular expression.</doc>
<status status="PASS" start="2024-05-16T12:27:39.336846" elapsed="0.000374"/>
</kw>
<kw name="Should Match Regexp" owner="BuiltIn">
<arg>${json_data['results'][0]['picture']['thumbnail']}</arg>
<arg>^https?://.*\.(?:png|jpe?g|gif|bmp)$</arg>
<doc>Fails if ``string`` does not match ``pattern`` as a regular expression.</doc>
<status status="PASS" start="2024-05-16T12:27:39.337412" elapsed="0.000353"/>
</kw>
<kw name="Log" owner="BuiltIn">
<msg time="2024-05-16T12:27:39.338264" level="INFO">{'large': 'https://randomuser.me/api/portraits/men/67.jpg', 'medium': 'https://randomuser.me/api/portraits/med/men/67.jpg', 'thumbnail': 'https://randomuser.me/api/portraits/thumb/men/67.jpg'}</msg>
<arg>${json_data['results'][0]['picture']}</arg>
<doc>Logs the given message with the given level.</doc>
<status status="PASS" start="2024-05-16T12:27:39.337946" elapsed="0.000360"/>
</kw>
<status status="PASS" start="2024-05-16T12:27:39.256302" elapsed="0.082259"/>
</kw>
<kw name="Teste de Tipos de Dados - Postcode" owner="random-user-service">
<kw name="GET On Session" owner="RequestsLibrary">
<msg time="2024-05-16T12:27:39.469182" level="INFO">GET Request : url=https://randomuser.me/api 
 path_url=/api 
 headers={'User-Agent': 'python-requests/2.31.0', 'Accept-Encoding': 'gzip, deflate', 'Accept': '*/*', 'Connection': 'keep-alive'} 
 body=None 
 </msg>
<msg time="2024-05-16T12:27:39.469253" level="INFO">GET Response : url=https://randomuser.me/api 
 status=200, reason=OK 
 headers={'Date': 'Thu, 16 May 2024 12:27:39 GMT', 'Content-Type': 'application/json; charset=utf-8', 'Transfer-Encoding': 'chunked', 'Connection': 'keep-alive', 'X-Powered-By': 'Express', 'Access-Control-Allow-Origin': '*', 'Cache-Control': 'no-cache', 'ETag': 'W/"4a1-Yz6PUAqV55pscQn4+76CGh9xXEc"', 'Vary': 'Accept-Encoding', 'Content-Encoding': 'gzip', 'CF-Cache-Status': 'DYNAMIC', 'Report-To': '{"endpoints":[{"url":"https:\\/\\/a.nel.cloudflare.com\\/report\\/v4?s=IDXJUPFRVDWSvYFdXzJFNSXU%2Fun7zs5%2Bso8asrYr4gVNmE%2FEkN2vVR9qPdhBFdw%2Bmmmu8NFqhGwgDwfEZvtBPLjsaMXEgu1KnNg7r8DD2tWezDgcBvBG7SYIC9bTQAws"}],"group":"cf-nel","max_age":604800}', 'NEL': '{"success_fraction":0,"report_to":"cf-nel","max_age":604800}', 'Server': 'cloudflare', 'CF-RAY': '884b5cf2e9746201-ORD', 'alt-svc': 'h3=":443"; ma=86400'} 
 body={"results":[{"gender":"male","name":{"title":"Mr","first":"Nathaniel","last":"Rodriquez"},"location":{"street":{"number":9714,"name":"Depaul Dr"},"city":"Surrey","state":"Indiana","country":"United States","postcode":23482,"coordinates":{"latitude":"85.2741","longitude":"-178.2518"},"timezone":{"offset":"-5:00","description":"Eastern Time (US &amp; Canada), Bogota, Lima"}},"email":"nathaniel.rodriquez@example.com","login":{"uuid":"bc3f2e42-6592-499a-8cde-2520a2b2d870","username":"ticklishtiger217","password":"scully","salt":"zvLiKKNH","md5":"6c832e1ed983f2db5f6d6207cc32d3f8","sha1":"854558bdd4b208a49ebe217cb5a74aa4798ca76a","sha256":"907d33b433656326d212aecf926abaf54bbd93640a6367261a1b23bbec757d0e"},"dob":{"date":"1963-01-17T01:51:01.877Z","age":61},"registered":{"date":"2005-12-30T09:17:00.188Z","age":18},"phone":"(717) 385-4041","cell":"(541) 534-1959","id":{"name":"SSN","value":"122-50-2765"},"picture":{"large":"https://randomuser.me/api/portraits/men/6.jpg","medium":"https://randomuser.me/api/portraits/med/men/6.jpg","thumbnail":"https://randomuser.me/api/portraits/thumb/men/6.jpg"},"nat":"US"}],"info":{"seed":"6796b567a469f585","results":1,"page":1,"version":"1.4"}} 
 </msg>
<msg time="2024-05-16T12:27:39.469317" level="INFO">/opt/hostedtoolcache/Python/3.12.3/x64/lib/python3.12/site-packages/urllib3/connectionpool.py:1103: InsecureRequestWarning: Unverified HTTPS request is being made to host 'randomuser.me'. Adding certificate verification is strongly advised. See: https://urllib3.readthedocs.io/en/latest/advanced-usage.html#tls-warnings
  warnings.warn(</msg>
<msg time="2024-05-16T12:27:39.469414" level="INFO">${response} = &lt;Response [200]&gt;</msg>
<var>${response}</var>
<arg>consultarAPI</arg>
<arg>/api</arg>
<doc>Sends a GET request on a previously created HTTP Session.</doc>
<status status="PASS" start="2024-05-16T12:27:39.339000" elapsed="0.130456"/>
</kw>
<kw name="Set Variable" owner="BuiltIn">
<msg time="2024-05-16T12:27:39.470580" level="INFO">${json_data} = {'results': [{'gender': 'male', 'name': {'title': 'Mr', 'first': 'Nathaniel', 'last': 'Rodriquez'}, 'location': {'street': {'number': 9714, 'name': 'Depaul Dr'}, 'city': 'Surrey', 'state': 'Indiana', ...</msg>
<var>${json_data}</var>
<arg>${response.json()}</arg>
<doc>Returns the given values which can then be assigned to a variables.</doc>
<status status="PASS" start="2024-05-16T12:27:39.469949" elapsed="0.000660"/>
</kw>
<kw name="Log" owner="BuiltIn">
<msg time="2024-05-16T12:27:39.471089" level="INFO">{'results': [{'gender': 'male', 'name': {'title': 'Mr', 'first': 'Nathaniel', 'last': 'Rodriquez'}, 'location': {'street': {'number': 9714, 'name': 'Depaul Dr'}, 'city': 'Surrey', 'state': 'Indiana', 'country': 'United States', 'postcode': 23482, 'coordinates': {'latitude': '85.2741', 'longitude': '-178.2518'}, 'timezone': {'offset': '-5:00', 'description': 'Eastern Time (US &amp; Canada), Bogota, Lima'}}, 'email': 'nathaniel.rodriquez@example.com', 'login': {'uuid': 'bc3f2e42-6592-499a-8cde-2520a2b2d870', 'username': 'ticklishtiger217', 'password': 'scully', 'salt': 'zvLiKKNH', 'md5': '6c832e1ed983f2db5f6d6207cc32d3f8', 'sha1': '854558bdd4b208a49ebe217cb5a74aa4798ca76a', 'sha256': '907d33b433656326d212aecf926abaf54bbd93640a6367261a1b23bbec757d0e'}, 'dob': {'date': '1963-01-17T01:51:01.877Z', 'age': 61}, 'registered': {'date': '2005-12-30T09:17:00.188Z', 'age': 18}, 'phone': '(717) 385-4041', 'cell': '(541) 534-1959', 'id': {'name': 'SSN', 'value': '122-50-2765'}, 'picture': {'large': 'https://randomuser.me/api/portraits/men/6.jpg', 'medium': 'https://randomuser.me/api/portraits/med/men/6.jpg', 'thumbnail': 'https://randomuser.me/api/portraits/thumb/men/6.jpg'}, 'nat': 'US'}], 'info': {'seed': '6796b567a469f585', 'results': 1, 'page': 1, 'version': '1.4'}}</msg>
<arg>${json_data}</arg>
<doc>Logs the given message with the given level.</doc>
<status status="PASS" start="2024-05-16T12:27:39.470929" elapsed="0.000240"/>
</kw>
<kw name="Should Be Equal As Numbers" owner="BuiltIn">
<arg>${json_data['results'][0]['location']['postcode']}</arg>
<arg>${json_data['results'][0]['location']['postcode']}</arg>
<doc>Fails if objects are unequal after converting them to real numbers.</doc>
<status status="PASS" start="2024-05-16T12:27:39.471618" elapsed="0.000671"/>
</kw>
<kw name="Log" owner="BuiltIn">
<msg time="2024-05-16T12:27:39.472826" level="INFO">23482</msg>
<arg>${json_data['results'][0]['location']['postcode']}</arg>
<doc>Logs the given message with the given level.</doc>
<status status="PASS" start="2024-05-16T12:27:39.472487" elapsed="0.000390"/>
</kw>
<status status="PASS" start="2024-05-16T12:27:39.338776" elapsed="0.134354"/>
</kw>
<doc>Testa se os tipos de dados na resposta da API estão corretos.</doc>
<tag>testeTiposDados</tag>
<status status="PASS" start="2024-05-16T12:27:39.255731" elapsed="0.217571"/>
</test>
<test id="s1-s1-t5" name="Validar conteudo" line="35">
<kw name="Teste de Tipos de Conteudo" owner="random-user-service">
<kw name="GET On Session" owner="RequestsLibrary">
<msg time="2024-05-16T12:27:39.537906" level="INFO">GET Request : url=https://randomuser.me/api 
 path_url=/api 
 headers={'User-Agent': 'python-requests/2.31.0', 'Accept-Encoding': 'gzip, deflate', 'Accept': '*/*', 'Connection': 'keep-alive'} 
 body=None 
 </msg>
<msg time="2024-05-16T12:27:39.538006" level="INFO">GET Response : url=https://randomuser.me/api 
 status=200, reason=OK 
 headers={'Date': 'Thu, 16 May 2024 12:27:39 GMT', 'Content-Type': 'application/json; charset=utf-8', 'Transfer-Encoding': 'chunked', 'Connection': 'keep-alive', 'X-Powered-By': 'Express', 'Access-Control-Allow-Origin': '*', 'Cache-Control': 'no-cache', 'ETag': 'W/"48b-KLrkSAtDNhngUcfVpZbuiYcM8FI"', 'Vary': 'Accept-Encoding', 'Content-Encoding': 'gzip', 'CF-Cache-Status': 'DYNAMIC', 'Report-To': '{"endpoints":[{"url":"https:\\/\\/a.nel.cloudflare.com\\/report\\/v4?s=En7X1aR6VE1Ic7EneDNxqrQ2bfxVXIN5hl7FYH4QrCwVJddGOXyW56FUOIahDiZ9PJ1wyfpgVYj%2FfzS4dNmbO29KtTDWgXjnN51eZEf7SRLzLMh%2Bu74kz%2FXH3C7CR1EW"}],"group":"cf-nel","max_age":604800}', 'NEL': '{"success_fraction":0,"report_to":"cf-nel","max_age":604800}', 'Server': 'cloudflare', 'CF-RAY': '884b5cf3ca4e6201-ORD', 'alt-svc': 'h3=":443"; ma=86400'} 
 body={"results":[{"gender":"female","name":{"title":"Miss","first":"Solomoniya","last":"Artim"},"location":{"street":{"number":2911,"name":"Bulvar Tarasa Shevchenka"},"city":"Sevastopol","state":"Poltavska","country":"Ukraine","postcode":84327,"coordinates":{"latitude":"74.6826","longitude":"104.1378"},"timezone":{"offset":"+5:45","description":"Kathmandu"}},"email":"solomoniya.artim@example.com","login":{"uuid":"d01b41ca-df70-48cb-bf65-70999c7a15b6","username":"goldenladybug149","password":"gambit","salt":"9DdIUTD8","md5":"d5d1af0241b5e2976a2deac043565759","sha1":"cbf698d5e9dfee7b7fcbe5f1820f6191fe1bce99","sha256":"efef81f417c7f431c76d32e3435d4468eaf3cffea906db5e5d45a0e826040b9c"},"dob":{"date":"1978-06-04T22:06:36.240Z","age":45},"registered":{"date":"2013-10-05T06:10:07.591Z","age":10},"phone":"(098) M61-3741","cell":"(068) G75-4536","id":{"name":"","value":null},"picture":{"large":"https://randomuser.me/api/portraits/women/55.jpg","medium":"https://randomuser.me/api/portraits/med/women/55.jpg","thumbnail":"https://randomuser.me/api/portraits/thumb/women/55.jpg"},"nat":"UA"}],"info":{"seed":"e37845b65a607889","results":1,"page":1,"version":"1.4"}} 
 </msg>
<msg time="2024-05-16T12:27:39.538081" level="INFO">/opt/hostedtoolcache/Python/3.12.3/x64/lib/python3.12/site-packages/urllib3/connectionpool.py:1103: InsecureRequestWarning: Unverified HTTPS request is being made to host 'randomuser.me'. Adding certificate verification is strongly advised. See: https://urllib3.readthedocs.io/en/latest/advanced-usage.html#tls-warnings
  warnings.warn(</msg>
<msg time="2024-05-16T12:27:39.538212" level="INFO">${response} = &lt;Response [200]&gt;</msg>
<var>${response}</var>
<arg>consultarAPI</arg>
<arg>/api</arg>
<doc>Sends a GET request on a previously created HTTP Session.</doc>
<status status="PASS" start="2024-05-16T12:27:39.475837" elapsed="0.062417"/>
</kw>
<kw name="Set Variable" owner="BuiltIn">
<msg time="2024-05-16T12:27:39.539471" level="INFO">${json_data} = {'results': [{'gender': 'female', 'name': {'title': 'Miss', 'first': 'Solomoniya', 'last': 'Artim'}, 'location': {'street': {'number': 2911, 'name': 'Bulvar Tarasa Shevchenka'}, 'city': 'Sevastopol', ...</msg>
<var>${json_data}</var>
<arg>${response.json()}</arg>
<doc>Returns the given values which can then be assigned to a variables.</doc>
<status status="PASS" start="2024-05-16T12:27:39.538894" elapsed="0.000606"/>
</kw>
<kw name="Set Variable" owner="BuiltIn">
<msg time="2024-05-16T12:27:39.540304" level="INFO">${name_title} = Miss</msg>
<var>${name_title}</var>
<arg>${json_data["results"][0]["name"]["title"]}</arg>
<doc>Returns the given values which can then be assigned to a variables.</doc>
<status status="PASS" start="2024-05-16T12:27:39.539880" elapsed="0.000450"/>
</kw>
<kw name="Create List" owner="BuiltIn">
<msg time="2024-05-16T12:27:39.540846" level="INFO">${allowed_titles} = ['Mr', 'Ms', 'Miss', 'Mrs', 'Madame', 'Monsieur']</msg>
<var>${allowed_titles}</var>
<arg>Mr</arg>
<arg>Ms</arg>
<arg>Miss</arg>
<arg>Mrs</arg>
<arg>Madame</arg>
<arg>Monsieur</arg>
<doc>Returns a list containing given items.</doc>
<status status="PASS" start="2024-05-16T12:27:39.540653" elapsed="0.000233"/>
</kw>
<kw name="List Should Contain Value" owner="Collections">
<msg time="2024-05-16T12:27:39.541598" level="INFO">False</msg>
<arg>${allowed_titles}</arg>
<arg>${name_title}</arg>
<doc>Fails if the ``value`` is not found from ``list``.</doc>
<status status="PASS" start="2024-05-16T12:27:39.541334" elapsed="0.000322"/>
</kw>
<kw name="Set Variable" owner="BuiltIn">
<msg time="2024-05-16T12:27:39.542382" level="INFO">${name_country} = UA</msg>
<var>${name_country}</var>
<arg>${json_data["results"][0]["nat"]}</arg>
<doc>Returns the given values which can then be assigned to a variables.</doc>
<status status="PASS" start="2024-05-16T12:27:39.541982" elapsed="0.000426"/>
</kw>
<kw name="Create List" owner="BuiltIn">
<msg time="2024-05-16T12:27:39.543336" level="INFO">${list_country} = ['AD', 'AE', 'AF', 'AG', 'AI', 'AL', 'AM', 'AO', 'AQ', 'AR', 'AS', 'AT', 'AU', 'AW', 'AX', 'AZ', 'BA', 'BB', 'BD', 'BE', 'BF', 'BG', 'BH', 'BI', 'BJ', 'BL', 'BM', 'BN', 'BO', 'BQ', 'BR', 'BS', 'BT', '...</msg>
<var>${list_country}</var>
<arg>AD</arg>
<arg>AE</arg>
<arg>AF</arg>
<arg>AG</arg>
<arg>AI</arg>
<arg>AL</arg>
<arg>AM</arg>
<arg>AO</arg>
<arg>AQ</arg>
<arg>AR</arg>
<arg>AS</arg>
<arg>AT</arg>
<arg>AU</arg>
<arg>AW</arg>
<arg>AX</arg>
<arg>AZ</arg>
<arg>BA</arg>
<arg>BB</arg>
<arg>BD</arg>
<arg>BE</arg>
<arg>BF</arg>
<arg>BG</arg>
<arg>BH</arg>
<arg>BI</arg>
<arg>BJ</arg>
<arg>BL</arg>
<arg>BM</arg>
<arg>BN</arg>
<arg>BO</arg>
<arg>BQ</arg>
<arg>BR</arg>
<arg>BS</arg>
<arg>BT</arg>
<arg>BV</arg>
<arg>BW</arg>
<arg>BY</arg>
<arg>BZ</arg>
<arg>CA</arg>
<arg>CC</arg>
<arg>CD</arg>
<arg>CF</arg>
<arg>CG</arg>
<arg>CH</arg>
<arg>CI</arg>
<arg>CK</arg>
<arg>CL</arg>
<arg>CM</arg>
<arg>CN</arg>
<arg>CO</arg>
<arg>CR</arg>
<arg>CU</arg>
<arg>CV</arg>
<arg>CW</arg>
<arg>CX</arg>
<arg>CY</arg>
<arg>CZ</arg>
<arg>DE</arg>
<arg>DJ</arg>
<arg>DK</arg>
<arg>DM</arg>
<arg>DO</arg>
<arg>DZ</arg>
<arg>EC</arg>
<arg>EE</arg>
<arg>EG</arg>
<arg>EH</arg>
<arg>ER</arg>
<arg>ES</arg>
<arg>ET</arg>
<arg>FI</arg>
<arg>FJ</arg>
<arg>FK</arg>
<arg>FM</arg>
<arg>FO</arg>
<arg>FR</arg>
<arg>GA</arg>
<arg>GB</arg>
<arg>GD</arg>
<arg>GE</arg>
<arg>GF</arg>
<arg>GG</arg>
<arg>GH</arg>
<arg>GI</arg>
<arg>GL</arg>
<arg>GM</arg>
<arg>GN</arg>
<arg>GP</arg>
<arg>GQ</arg>
<arg>GR</arg>
<arg>GS</arg>
<arg>GT</arg>
<arg>GU</arg>
<arg>GW</arg>
<arg>GY</arg>
<arg>HK</arg>
<arg>HM</arg>
<arg>HN</arg>
<arg>HR</arg>
<arg>HT</arg>
<arg>HU</arg>
<arg>ID</arg>
<arg>IE</arg>
<arg>IL</arg>
<arg>IM</arg>
<arg>IN</arg>
<arg>IO</arg>
<arg>IQ</arg>
<arg>IR</arg>
<arg>IS</arg>
<arg>IT</arg>
<arg>JE</arg>
<arg>JM</arg>
<arg>JO</arg>
<arg>JP</arg>
<arg>KE</arg>
<arg>KG</arg>
<arg>KH</arg>
<arg>KI</arg>
<arg>KM</arg>
<arg>KN</arg>
<arg>KP</arg>
<arg>KR</arg>
<arg>KW</arg>
<arg>KY</arg>
<arg>KZ</arg>
<arg>LA</arg>
<arg>LB</arg>
<arg>LC</arg>
<arg>LI</arg>
<arg>LK</arg>
<arg>LR</arg>
<arg>LS</arg>
<arg>LT</arg>
<arg>LU</arg>
<arg>LV</arg>
<arg>LY</arg>
<arg>MA</arg>
<arg>MC</arg>
<arg>MD</arg>
<arg>ME</arg>
<arg>MF</arg>
<arg>MG</arg>
<arg>MH</arg>
<arg>MK</arg>
<arg>ML</arg>
<arg>MM</arg>
<arg>MN</arg>
<arg>MO</arg>
<arg>MP</arg>
<arg>MQ</arg>
<arg>MR</arg>
<arg>MS</arg>
<arg>MT</arg>
<arg>MU</arg>
<arg>MV</arg>
<arg>MW</arg>
<arg>MX</arg>
<arg>MY</arg>
<arg>MZ</arg>
<arg>NA</arg>
<arg>NC</arg>
<arg>NE</arg>
<arg>NF</arg>
<arg>NG</arg>
<arg>NI</arg>
<arg>NL</arg>
<arg>NO</arg>
<arg>NP</arg>
<arg>NR</arg>
<arg>NU</arg>
<arg>NZ</arg>
<arg>OM</arg>
<arg>PA</arg>
<arg>PE</arg>
<arg>PF</arg>
<arg>PG</arg>
<arg>PH</arg>
<arg>PK</arg>
<arg>PL</arg>
<arg>PM</arg>
<arg>PN</arg>
<arg>PR</arg>
<arg>PS</arg>
<arg>PT</arg>
<arg>PW</arg>
<arg>PY</arg>
<arg>QA</arg>
<arg>RE</arg>
<arg>RO</arg>
<arg>RS</arg>
<arg>RU</arg>
<arg>RW</arg>
<arg>SA</arg>
<arg>SB</arg>
<arg>SC</arg>
<arg>SD</arg>
<arg>SE</arg>
<arg>SG</arg>
<arg>SH</arg>
<arg>SI</arg>
<arg>SJ</arg>
<arg>SK</arg>
<arg>SL</arg>
<arg>SM</arg>
<arg>SN</arg>
<arg>SO</arg>
<arg>SR</arg>
<arg>SS</arg>
<arg>ST</arg>
<arg>SV</arg>
<arg>SX</arg>
<arg>SY</arg>
<arg>SZ</arg>
<arg>TC</arg>
<arg>TD</arg>
<arg>TF</arg>
<arg>TG</arg>
<arg>TH</arg>
<arg>TJ</arg>
<arg>TK</arg>
<arg>TL</arg>
<arg>TM</arg>
<arg>TN</arg>
<arg>TO</arg>
<arg>TR</arg>
<arg>TT</arg>
<arg>TV</arg>
<arg>TW</arg>
<arg>TZ</arg>
<arg>UA</arg>
<arg>UG</arg>
<arg>UM</arg>
<arg>US</arg>
<arg>UY</arg>
<arg>UZ</arg>
<arg>VA</arg>
<arg>VC</arg>
<arg>VE</arg>
<arg>VG</arg>
<arg>VI</arg>
<arg>VN</arg>
<arg>VU</arg>
<arg>WF</arg>
<arg>WS</arg>
<arg>XK</arg>
<arg>YE</arg>
<arg>YT</arg>
<arg>ZA</arg>
<arg>ZM</arg>
<arg>ZW</arg>
<doc>Returns a list containing given items.</doc>
<status status="PASS" start="2024-05-16T12:27:39.542716" elapsed="0.000647"/>
</kw>
<kw name="List Should Contain Value" owner="Collections">
<msg time="2024-05-16T12:27:39.544400" level="INFO">False</msg>
<arg>${list_country}</arg>
<arg>${name_country}</arg>
<doc>Fails if the ``value`` is not found from ``list``.</doc>
<status status="PASS" start="2024-05-16T12:27:39.544186" elapsed="0.000251"/>
</kw>
<kw name="Run Keyword If" owner="BuiltIn">
<kw name="Should Be True" owner="BuiltIn">
<arg>${True}</arg>
<doc>Fails if the given condition is not true.</doc>
<status status="PASS" start="2024-05-16T12:27:39.545512" elapsed="0.000272"/>
</kw>
<arg>${json_data["results"][0]["location"]["coordinates"]["latitude"]} &gt;= -90 and ${json_data["results"][0]["location"]["coordinates"]["latitude"]} &lt;= 90</arg>
<arg>Should Be True</arg>
<arg>${True}</arg>
<doc>Runs the given keyword with the given arguments, if ``condition`` is true.</doc>
<status status="PASS" start="2024-05-16T12:27:39.544752" elapsed="0.001166"/>
</kw>
<kw name="Run Keyword If" owner="BuiltIn">
<kw name="Should Be True" owner="BuiltIn">
<arg>${True}</arg>
<doc>Fails if the given condition is not true.</doc>
<status status="PASS" start="2024-05-16T12:27:39.546824" elapsed="0.000139"/>
</kw>
<arg>${json_data["results"][0]["location"]["coordinates"]["longitude"]} &gt;= -180 and ${json_data["results"][0]["location"]["coordinates"]["longitude"]} &lt;= 180</arg>
<arg>Should Be True</arg>
<arg>${True}</arg>
<doc>Runs the given keyword with the given arguments, if ``condition`` is true.</doc>
<status status="PASS" start="2024-05-16T12:27:39.546122" elapsed="0.000967"/>
</kw>
<status status="PASS" start="2024-05-16T12:27:39.475608" elapsed="0.071617"/>
</kw>
<doc>Testa o conteúdo específico dos campos retornados pela API.</doc>
<tag>testeConteudo</tag>
<status status="PASS" start="2024-05-16T12:27:39.475073" elapsed="0.072315"/>
</test>
<status status="PASS" start="2024-05-16T12:27:38.703658" elapsed="0.845794"/>
</suite>
<status status="PASS" start="2024-05-16T12:27:38.690005" elapsed="0.864780"/>
</suite>
<statistics>
<total>
<stat pass="5" fail="0" skip="0">All Tests</stat>
</total>
<tag>
<stat pass="1" fail="0" skip="0">testeConteudo</stat>
<stat pass="1" fail="0" skip="0">testeEstruturaResposta</stat>
<stat pass="1" fail="0" skip="0">testeRequisicaoBasica</stat>
<stat pass="1" fail="0" skip="0">testeTiposDados</stat>
</tag>
<suite>
<stat pass="5" fail="0" skip="0" id="s1" name="Tests">Tests</stat>
<stat pass="5" fail="0" skip="0" id="s1-s1" name="Random-User-Test">Tests.Random-User-Test</stat>
</suite>
</statistics>
<errors>
</errors>
</robot>
