<?xml version="1.0" encoding="UTF-8"?>
<robot generator="Robot 7.0 (Python 3.12.3 on linux)" generated="2024-05-08T11:13:07.970198" rpa="false" schemaversion="5">
<suite id="s1" name="Tests" source="/home/runner/work/DesafioQAItauRogerioJordao/DesafioQAItauRogerioJordao/RamdonUser/tests">
<suite id="s1-s1" name="Random-User-Test" source="/home/runner/work/DesafioQAItauRogerioJordao/DesafioQAItauRogerioJordao/RamdonUser/tests/random-user-test.robot">
<test id="s1-s1-t1" name="Conectar" line="13">
<kw name="Conectar API" owner="random-user-service">
<kw name="Create Session" owner="RequestsLibrary">
<msg time="2024-05-08T11:13:08.330251" level="INFO">Creating Session using : alias=consultarAPI, url=https://randomuser.me/, headers={},                     cookies={}, auth=None, timeout=None, proxies=None, verify=False,                     debug=0 </msg>
<arg>consultarAPI</arg>
<arg>${URL}</arg>
<doc>Create Session: create a HTTP session to a server</doc>
<status status="PASS" start="2024-05-08T11:13:08.330045" elapsed="0.000400"/>
</kw>
<status status="PASS" start="2024-05-08T11:13:08.329061" elapsed="0.001754"/>
</kw>
<status status="PASS" start="2024-05-08T11:13:08.328491" elapsed="0.002518"/>
</test>
<test id="s1-s1-t2" name="Validar retorno 200 e JSON Válido" line="16">
<kw name="Teste de Requisicao Basica" owner="random-user-service">
<kw name="GET On Session" owner="RequestsLibrary">
<msg time="2024-05-08T11:13:08.519788" level="INFO">GET Request : url=https://randomuser.me/api 
 path_url=/api 
 headers={'User-Agent': 'python-requests/2.31.0', 'Accept-Encoding': 'gzip, deflate', 'Accept': '*/*', 'Connection': 'keep-alive'} 
 body=None 
 </msg>
<msg time="2024-05-08T11:13:08.519993" level="INFO">GET Response : url=https://randomuser.me/api 
 status=200, reason=OK 
 headers={'Date': 'Wed, 08 May 2024 11:13:08 GMT', 'Content-Type': 'application/json; charset=utf-8', 'Transfer-Encoding': 'chunked', 'Connection': 'keep-alive', 'X-Powered-By': 'Express', 'Access-Control-Allow-Origin': '*', 'Cache-Control': 'no-cache', 'ETag': 'W/"4a8-j10unykXi/ldfUQrip8cExBVQQg"', 'Vary': 'Accept-Encoding', 'Content-Encoding': 'gzip', 'CF-Cache-Status': 'DYNAMIC', 'Report-To': '{"endpoints":[{"url":"https:\\/\\/a.nel.cloudflare.com\\/report\\/v4?s=oY7xtJAz1mTN0YL6rBhxogqXNqW67w9ym5gHYfdfzH49Dn2gG09%2BrqDOEfMvkhv2SaleCpVS%2B7fwMhvIEuwpu4mcwLHEJVswiKoK8lp%2FgzytwLjk1nC9%2Ft669QLrQx9Z"}],"group":"cf-nel","max_age":604800}', 'NEL': '{"success_fraction":0,"report_to":"cf-nel","max_age":604800}', 'Server': 'cloudflare', 'CF-RAY': '880904cbfb8907fd-IAD', 'alt-svc': 'h3=":443"; ma=86400'} 
 body={"results":[{"gender":"male","name":{"title":"Mr","first":"Renato","last":"Tafoya"},"location":{"street":{"number":8505,"name":"Peatonal del Río"},"city":"G.Rodrigo M. Quevedo (Pto.P.)","state":"Veracruz","country":"Mexico","postcode":94885,"coordinates":{"latitude":"24.0723","longitude":"-42.6968"},"timezone":{"offset":"-3:00","description":"Brazil, Buenos Aires, Georgetown"}},"email":"renato.tafoya@example.com","login":{"uuid":"dd5db5ef-fcb9-401e-a36e-b1e7ef94a812","username":"greentiger740","password":"chilli","salt":"7USMce5j","md5":"cf02462d12bde4fca86dfeeb4abadd52","sha1":"eda6d30b7f37dcb9f379a67046b822a7201a0a3c","sha256":"b8b702a925ee5123453f23e9679e4555707297f6a4c53e7382b68bcf7a7e5745"},"dob":{"date":"1951-07-02T14:15:58.229Z","age":72},"registered":{"date":"2020-06-22T13:20:10.352Z","age":3},"phone":"(689) 636 5115","cell":"(673) 701 2086","id":{"name":"NSS","value":"47 74 76 8713 8"},"picture":{"large":"https://randomuser.me/api/portraits/men/46.jpg","medium":"https://randomuser.me/api/portraits/med/men/46.jpg","thumbnail":"https://randomuser.me/api/portraits/thumb/men/46.jpg"},"nat":"MX"}],"info":{"seed":"59432b7d670631ab","results":1,"page":1,"version":"1.4"}} 
 </msg>
<msg time="2024-05-08T11:13:08.520080" level="INFO">/opt/hostedtoolcache/Python/3.12.3/x64/lib/python3.12/site-packages/urllib3/connectionpool.py:1103: InsecureRequestWarning: Unverified HTTPS request is being made to host 'randomuser.me'. Adding certificate verification is strongly advised. See: https://urllib3.readthedocs.io/en/latest/advanced-usage.html#tls-warnings
  warnings.warn(</msg>
<msg time="2024-05-08T11:13:08.520240" level="INFO">${response} = &lt;Response [200]&gt;</msg>
<var>${response}</var>
<arg>consultarAPI</arg>
<arg>/api</arg>
<doc>Sends a GET request on a previously created HTTP Session.</doc>
<status status="PASS" start="2024-05-08T11:13:08.333635" elapsed="0.186647"/>
</kw>
<kw name="Should Be Equal As Numbers" owner="BuiltIn">
<msg time="2024-05-08T11:13:08.521275" level="INFO">Argument types are:
&lt;class 'int'&gt;
&lt;class 'str'&gt;</msg>
<arg>${response.status_code}</arg>
<arg>200</arg>
<doc>Fails if objects are unequal after converting them to real numbers.</doc>
<status status="PASS" start="2024-05-08T11:13:08.520807" elapsed="0.000535"/>
</kw>
<kw name="Log" owner="BuiltIn">
<msg time="2024-05-08T11:13:08.522058" level="INFO">200</msg>
<arg>${response.status_code}</arg>
<doc>Logs the given message with the given level.</doc>
<status status="PASS" start="2024-05-08T11:13:08.521699" elapsed="0.000402"/>
</kw>
<kw name="Set Variable" owner="BuiltIn">
<msg time="2024-05-08T11:13:08.522872" level="INFO">${json_data} = {'results': [{'gender': 'male', 'name': {'title': 'Mr', 'first': 'Renato', 'last': 'Tafoya'}, 'location': {'street': {'number': 8505, 'name': 'Peatonal del Río'}, 'city': 'G.Rodrigo M. Quevedo (Pto.P....</msg>
<var>${json_data}</var>
<arg>${response.json()}</arg>
<doc>Returns the given values which can then be assigned to a variables.</doc>
<status status="PASS" start="2024-05-08T11:13:08.522413" elapsed="0.000489"/>
</kw>
<kw name="Dictionary Should Contain Key" owner="Collections">
<msg time="2024-05-08T11:13:08.523379" level="INFO">False</msg>
<arg>${json_data}</arg>
<arg>results</arg>
<doc>Fails if ``key`` is not found from ``dictionary``.</doc>
<status status="PASS" start="2024-05-08T11:13:08.523212" elapsed="0.000206"/>
</kw>
<status status="PASS" start="2024-05-08T11:13:08.333392" elapsed="0.190291"/>
</kw>
<doc>Testa se a API responde corretamente e retorna um objeto JSON válido.</doc>
<tag>testeRequisicaoBasica</tag>
<status status="PASS" start="2024-05-08T11:13:08.332930" elapsed="0.190970"/>
</test>
<test id="s1-s1-t3" name="Validar estrutura de resposta" line="22">
<kw name="Teste de Estrutura de Resposta" owner="random-user-service">
<kw name="GET On Session" owner="RequestsLibrary">
<msg time="2024-05-08T11:13:08.772999" level="INFO">GET Request : url=https://randomuser.me/api 
 path_url=/api 
 headers={'User-Agent': 'python-requests/2.31.0', 'Accept-Encoding': 'gzip, deflate', 'Accept': '*/*', 'Connection': 'keep-alive'} 
 body=None 
 </msg>
<msg time="2024-05-08T11:13:08.773090" level="INFO">GET Response : url=https://randomuser.me/api 
 status=200, reason=OK 
 headers={'Date': 'Wed, 08 May 2024 11:13:08 GMT', 'Content-Type': 'application/json; charset=utf-8', 'Transfer-Encoding': 'chunked', 'Connection': 'keep-alive', 'X-Powered-By': 'Express', 'Access-Control-Allow-Origin': '*', 'Cache-Control': 'no-cache', 'ETag': 'W/"460-Tv3h5FrGzfMW91vYTVZbDGDu/AU"', 'Vary': 'Accept-Encoding', 'Content-Encoding': 'gzip', 'CF-Cache-Status': 'DYNAMIC', 'Report-To': '{"endpoints":[{"url":"https:\\/\\/a.nel.cloudflare.com\\/report\\/v4?s=ENdbHOvfG215M%2B70MTonQqucO4cGl3LV0mEZWw5WnYrP49%2BrEfmjWtzSeP5We9tRURS2Q9DtqhH4yD82xyt0IAPkM3b8%2FgmmElsGe0MP1pWTdV94Hhcp%2Bb2sHr0uTfij"}],"group":"cf-nel","max_age":604800}', 'NEL': '{"success_fraction":0,"report_to":"cf-nel","max_age":604800}', 'Server': 'cloudflare', 'CF-RAY': '880904cc5be307fd-IAD', 'alt-svc': 'h3=":443"; ma=86400'} 
 body={"results":[{"gender":"female","name":{"title":"Miss","first":"Afet","last":"Adal"},"location":{"street":{"number":4596,"name":"Atatürk Sk"},"city":"Muğla","state":"İzmir","country":"Turkey","postcode":29985,"coordinates":{"latitude":"69.9678","longitude":"138.5987"},"timezone":{"offset":"-9:00","description":"Alaska"}},"email":"afet.adal@example.com","login":{"uuid":"00027096-3c17-4c92-bca8-537f6b5b470d","username":"lazyfrog306","password":"nipples","salt":"UhCULlnU","md5":"bacc9149964267ac9e8241967b76aeda","sha1":"170f821fcde014aa2b00ff1c6094d989ab6fb637","sha256":"67d9d51e5416d9629c98a64b034e470a17838207810b8f75e29fc35330821e7b"},"dob":{"date":"1970-05-06T14:53:51.114Z","age":54},"registered":{"date":"2021-05-16T13:28:44.513Z","age":2},"phone":"(637)-240-8971","cell":"(039)-155-5072","id":{"name":"","value":null},"picture":{"large":"https://randomuser.me/api/portraits/women/41.jpg","medium":"https://randomuser.me/api/portraits/med/women/41.jpg","thumbnail":"https://randomuser.me/api/portraits/thumb/women/41.jpg"},"nat":"TR"}],"info":{"seed":"f24a59a199b70afd","results":1,"page":1,"version":"1.4"}} 
 </msg>
<msg time="2024-05-08T11:13:08.773212" level="INFO">/opt/hostedtoolcache/Python/3.12.3/x64/lib/python3.12/site-packages/urllib3/connectionpool.py:1103: InsecureRequestWarning: Unverified HTTPS request is being made to host 'randomuser.me'. Adding certificate verification is strongly advised. See: https://urllib3.readthedocs.io/en/latest/advanced-usage.html#tls-warnings
  warnings.warn(</msg>
<msg time="2024-05-08T11:13:08.773357" level="INFO">${response} = &lt;Response [200]&gt;</msg>
<var>${response}</var>
<arg>consultarAPI</arg>
<arg>/api</arg>
<doc>Sends a GET request on a previously created HTTP Session.</doc>
<status status="PASS" start="2024-05-08T11:13:08.526550" elapsed="0.246862"/>
</kw>
<kw name="Set Variable" owner="BuiltIn">
<msg time="2024-05-08T11:13:08.774362" level="INFO">${json_data} = {'results': [{'gender': 'female', 'name': {'title': 'Miss', 'first': 'Afet', 'last': 'Adal'}, 'location': {'street': {'number': 4596, 'name': 'Atatürk Sk'}, 'city': 'Muğla', 'state': 'İzmir', 'country...</msg>
<var>${json_data}</var>
<arg>${response.json()}</arg>
<doc>Returns the given values which can then be assigned to a variables.</doc>
<status status="PASS" start="2024-05-08T11:13:08.773869" elapsed="0.000524"/>
</kw>
<kw name="Log" owner="BuiltIn">
<msg time="2024-05-08T11:13:08.774877" level="INFO">{'results': [{'gender': 'female', 'name': {'title': 'Miss', 'first': 'Afet', 'last': 'Adal'}, 'location': {'street': {'number': 4596, 'name': 'Atatürk Sk'}, 'city': 'Muğla', 'state': 'İzmir', 'country': 'Turkey', 'postcode': 29985, 'coordinates': {'latitude': '69.9678', 'longitude': '138.5987'}, 'timezone': {'offset': '-9:00', 'description': 'Alaska'}}, 'email': 'afet.adal@example.com', 'login': {'uuid': '00027096-3c17-4c92-bca8-537f6b5b470d', 'username': 'lazyfrog306', 'password': 'nipples', 'salt': 'UhCULlnU', 'md5': 'bacc9149964267ac9e8241967b76aeda', 'sha1': '170f821fcde014aa2b00ff1c6094d989ab6fb637', 'sha256': '67d9d51e5416d9629c98a64b034e470a17838207810b8f75e29fc35330821e7b'}, 'dob': {'date': '1970-05-06T14:53:51.114Z', 'age': 54}, 'registered': {'date': '2021-05-16T13:28:44.513Z', 'age': 2}, 'phone': '(637)-240-8971', 'cell': '(039)-155-5072', 'id': {'name': '', 'value': None}, 'picture': {'large': 'https://randomuser.me/api/portraits/women/41.jpg', 'medium': 'https://randomuser.me/api/portraits/med/women/41.jpg', 'thumbnail': 'https://randomuser.me/api/portraits/thumb/women/41.jpg'}, 'nat': 'TR'}], 'info': {'seed': 'f24a59a199b70afd', 'results': 1, 'page': 1, 'version': '1.4'}}</msg>
<arg>${json_data}</arg>
<doc>Logs the given message with the given level.</doc>
<status status="PASS" start="2024-05-08T11:13:08.774709" elapsed="0.000220"/>
</kw>
<kw name="Dictionary Should Contain Key" owner="Collections">
<msg time="2024-05-08T11:13:08.775394" level="INFO">False</msg>
<arg>${json_data}</arg>
<arg>results</arg>
<doc>Fails if ``key`` is not found from ``dictionary``.</doc>
<status status="PASS" start="2024-05-08T11:13:08.775231" elapsed="0.000200"/>
</kw>
<kw name="Should Not Be Empty" owner="BuiltIn">
<msg time="2024-05-08T11:13:08.775903" level="INFO">Length is 2.</msg>
<arg>${json_data}</arg>
<doc>Verifies that the given item is not empty.</doc>
<status status="PASS" start="2024-05-08T11:13:08.775722" elapsed="0.000227"/>
</kw>
<kw name="Create List" owner="BuiltIn">
<msg time="2024-05-08T11:13:08.776534" level="INFO">${expected_keys} = ['gender', 'name', 'location', 'email', 'login']</msg>
<var>${expected_keys}</var>
<arg>gender</arg>
<arg>name</arg>
<arg>location</arg>
<arg>email</arg>
<arg>login</arg>
<doc>Returns a list containing given items.</doc>
<status status="PASS" start="2024-05-08T11:13:08.776241" elapsed="0.000318"/>
</kw>
<for flavor="IN">
<iter>
<kw name="Dictionary Should Contain Key" owner="Collections">
<msg time="2024-05-08T11:13:08.777543" level="INFO">False</msg>
<arg>${json_data['results'][0]}</arg>
<arg>${key}</arg>
<doc>Fails if ``key`` is not found from ``dictionary``.</doc>
<status status="PASS" start="2024-05-08T11:13:08.777141" elapsed="0.000441"/>
</kw>
<kw name="Log" owner="BuiltIn">
<msg time="2024-05-08T11:13:08.778247" level="INFO">{'gender': 'female', 'name': {'title': 'Miss', 'first': 'Afet', 'last': 'Adal'}, 'location': {'street': {'number': 4596, 'name': 'Atatürk Sk'}, 'city': 'Muğla', 'state': 'İzmir', 'country': 'Turkey', 'postcode': 29985, 'coordinates': {'latitude': '69.9678', 'longitude': '138.5987'}, 'timezone': {'offset': '-9:00', 'description': 'Alaska'}}, 'email': 'afet.adal@example.com', 'login': {'uuid': '00027096-3c17-4c92-bca8-537f6b5b470d', 'username': 'lazyfrog306', 'password': 'nipples', 'salt': 'UhCULlnU', 'md5': 'bacc9149964267ac9e8241967b76aeda', 'sha1': '170f821fcde014aa2b00ff1c6094d989ab6fb637', 'sha256': '67d9d51e5416d9629c98a64b034e470a17838207810b8f75e29fc35330821e7b'}, 'dob': {'date': '1970-05-06T14:53:51.114Z', 'age': 54}, 'registered': {'date': '2021-05-16T13:28:44.513Z', 'age': 2}, 'phone': '(637)-240-8971', 'cell': '(039)-155-5072', 'id': {'name': '', 'value': None}, 'picture': {'large': 'https://randomuser.me/api/portraits/women/41.jpg', 'medium': 'https://randomuser.me/api/portraits/med/women/41.jpg', 'thumbnail': 'https://randomuser.me/api/portraits/thumb/women/41.jpg'}, 'nat': 'TR'}</msg>
<arg>${json_data['results'][0]}</arg>
<doc>Logs the given message with the given level.</doc>
<status status="PASS" start="2024-05-08T11:13:08.777879" elapsed="0.000418"/>
</kw>
<kw name="Log" owner="BuiltIn">
<msg time="2024-05-08T11:13:08.778733" level="INFO">gender</msg>
<arg>${key}</arg>
<doc>Logs the given message with the given level.</doc>
<status status="PASS" start="2024-05-08T11:13:08.778605" elapsed="0.000164"/>
</kw>
<var name="${key}">gender</var>
<status status="PASS" start="2024-05-08T11:13:08.777014" elapsed="0.001968"/>
</iter>
<iter>
<kw name="Dictionary Should Contain Key" owner="Collections">
<msg time="2024-05-08T11:13:08.779668" level="INFO">False</msg>
<arg>${json_data['results'][0]}</arg>
<arg>${key}</arg>
<doc>Fails if ``key`` is not found from ``dictionary``.</doc>
<status status="PASS" start="2024-05-08T11:13:08.779278" elapsed="0.000427"/>
</kw>
<kw name="Log" owner="BuiltIn">
<msg time="2024-05-08T11:13:08.780441" level="INFO">{'gender': 'female', 'name': {'title': 'Miss', 'first': 'Afet', 'last': 'Adal'}, 'location': {'street': {'number': 4596, 'name': 'Atatürk Sk'}, 'city': 'Muğla', 'state': 'İzmir', 'country': 'Turkey', 'postcode': 29985, 'coordinates': {'latitude': '69.9678', 'longitude': '138.5987'}, 'timezone': {'offset': '-9:00', 'description': 'Alaska'}}, 'email': 'afet.adal@example.com', 'login': {'uuid': '00027096-3c17-4c92-bca8-537f6b5b470d', 'username': 'lazyfrog306', 'password': 'nipples', 'salt': 'UhCULlnU', 'md5': 'bacc9149964267ac9e8241967b76aeda', 'sha1': '170f821fcde014aa2b00ff1c6094d989ab6fb637', 'sha256': '67d9d51e5416d9629c98a64b034e470a17838207810b8f75e29fc35330821e7b'}, 'dob': {'date': '1970-05-06T14:53:51.114Z', 'age': 54}, 'registered': {'date': '2021-05-16T13:28:44.513Z', 'age': 2}, 'phone': '(637)-240-8971', 'cell': '(039)-155-5072', 'id': {'name': '', 'value': None}, 'picture': {'large': 'https://randomuser.me/api/portraits/women/41.jpg', 'medium': 'https://randomuser.me/api/portraits/med/women/41.jpg', 'thumbnail': 'https://randomuser.me/api/portraits/thumb/women/41.jpg'}, 'nat': 'TR'}</msg>
<arg>${json_data['results'][0]}</arg>
<doc>Logs the given message with the given level.</doc>
<status status="PASS" start="2024-05-08T11:13:08.780040" elapsed="0.000453"/>
</kw>
<kw name="Log" owner="BuiltIn">
<msg time="2024-05-08T11:13:08.780917" level="INFO">name</msg>
<arg>${key}</arg>
<doc>Logs the given message with the given level.</doc>
<status status="PASS" start="2024-05-08T11:13:08.780790" elapsed="0.000164"/>
</kw>
<var name="${key}">name</var>
<status status="PASS" start="2024-05-08T11:13:08.779164" elapsed="0.002013"/>
</iter>
<iter>
<kw name="Dictionary Should Contain Key" owner="Collections">
<msg time="2024-05-08T11:13:08.781843" level="INFO">False</msg>
<arg>${json_data['results'][0]}</arg>
<arg>${key}</arg>
<doc>Fails if ``key`` is not found from ``dictionary``.</doc>
<status status="PASS" start="2024-05-08T11:13:08.781460" elapsed="0.000421"/>
</kw>
<kw name="Log" owner="BuiltIn">
<msg time="2024-05-08T11:13:08.782546" level="INFO">{'gender': 'female', 'name': {'title': 'Miss', 'first': 'Afet', 'last': 'Adal'}, 'location': {'street': {'number': 4596, 'name': 'Atatürk Sk'}, 'city': 'Muğla', 'state': 'İzmir', 'country': 'Turkey', 'postcode': 29985, 'coordinates': {'latitude': '69.9678', 'longitude': '138.5987'}, 'timezone': {'offset': '-9:00', 'description': 'Alaska'}}, 'email': 'afet.adal@example.com', 'login': {'uuid': '00027096-3c17-4c92-bca8-537f6b5b470d', 'username': 'lazyfrog306', 'password': 'nipples', 'salt': 'UhCULlnU', 'md5': 'bacc9149964267ac9e8241967b76aeda', 'sha1': '170f821fcde014aa2b00ff1c6094d989ab6fb637', 'sha256': '67d9d51e5416d9629c98a64b034e470a17838207810b8f75e29fc35330821e7b'}, 'dob': {'date': '1970-05-06T14:53:51.114Z', 'age': 54}, 'registered': {'date': '2021-05-16T13:28:44.513Z', 'age': 2}, 'phone': '(637)-240-8971', 'cell': '(039)-155-5072', 'id': {'name': '', 'value': None}, 'picture': {'large': 'https://randomuser.me/api/portraits/women/41.jpg', 'medium': 'https://randomuser.me/api/portraits/med/women/41.jpg', 'thumbnail': 'https://randomuser.me/api/portraits/thumb/women/41.jpg'}, 'nat': 'TR'}</msg>
<arg>${json_data['results'][0]}</arg>
<doc>Logs the given message with the given level.</doc>
<status status="PASS" start="2024-05-08T11:13:08.782177" elapsed="0.000418"/>
</kw>
<kw name="Log" owner="BuiltIn">
<msg time="2024-05-08T11:13:08.783014" level="INFO">location</msg>
<arg>${key}</arg>
<doc>Logs the given message with the given level.</doc>
<status status="PASS" start="2024-05-08T11:13:08.782889" elapsed="0.000161"/>
</kw>
<var name="${key}">location</var>
<status status="PASS" start="2024-05-08T11:13:08.781350" elapsed="0.001911"/>
</iter>
<iter>
<kw name="Dictionary Should Contain Key" owner="Collections">
<msg time="2024-05-08T11:13:08.783971" level="INFO">False</msg>
<arg>${json_data['results'][0]}</arg>
<arg>${key}</arg>
<doc>Fails if ``key`` is not found from ``dictionary``.</doc>
<status status="PASS" start="2024-05-08T11:13:08.783540" elapsed="0.000470"/>
</kw>
<kw name="Log" owner="BuiltIn">
<msg time="2024-05-08T11:13:08.784697" level="INFO">{'gender': 'female', 'name': {'title': 'Miss', 'first': 'Afet', 'last': 'Adal'}, 'location': {'street': {'number': 4596, 'name': 'Atatürk Sk'}, 'city': 'Muğla', 'state': 'İzmir', 'country': 'Turkey', 'postcode': 29985, 'coordinates': {'latitude': '69.9678', 'longitude': '138.5987'}, 'timezone': {'offset': '-9:00', 'description': 'Alaska'}}, 'email': 'afet.adal@example.com', 'login': {'uuid': '00027096-3c17-4c92-bca8-537f6b5b470d', 'username': 'lazyfrog306', 'password': 'nipples', 'salt': 'UhCULlnU', 'md5': 'bacc9149964267ac9e8241967b76aeda', 'sha1': '170f821fcde014aa2b00ff1c6094d989ab6fb637', 'sha256': '67d9d51e5416d9629c98a64b034e470a17838207810b8f75e29fc35330821e7b'}, 'dob': {'date': '1970-05-06T14:53:51.114Z', 'age': 54}, 'registered': {'date': '2021-05-16T13:28:44.513Z', 'age': 2}, 'phone': '(637)-240-8971', 'cell': '(039)-155-5072', 'id': {'name': '', 'value': None}, 'picture': {'large': 'https://randomuser.me/api/portraits/women/41.jpg', 'medium': 'https://randomuser.me/api/portraits/med/women/41.jpg', 'thumbnail': 'https://randomuser.me/api/portraits/thumb/women/41.jpg'}, 'nat': 'TR'}</msg>
<arg>${json_data['results'][0]}</arg>
<doc>Logs the given message with the given level.</doc>
<status status="PASS" start="2024-05-08T11:13:08.784314" elapsed="0.000432"/>
</kw>
<kw name="Log" owner="BuiltIn">
<msg time="2024-05-08T11:13:08.785164" level="INFO">email</msg>
<arg>${key}</arg>
<doc>Logs the given message with the given level.</doc>
<status status="PASS" start="2024-05-08T11:13:08.785040" elapsed="0.000161"/>
</kw>
<var name="${key}">email</var>
<status status="PASS" start="2024-05-08T11:13:08.783430" elapsed="0.001995"/>
</iter>
<iter>
<kw name="Dictionary Should Contain Key" owner="Collections">
<msg time="2024-05-08T11:13:08.786090" level="INFO">False</msg>
<arg>${json_data['results'][0]}</arg>
<arg>${key}</arg>
<doc>Fails if ``key`` is not found from ``dictionary``.</doc>
<status status="PASS" start="2024-05-08T11:13:08.785708" elapsed="0.000418"/>
</kw>
<kw name="Log" owner="BuiltIn">
<msg time="2024-05-08T11:13:08.786782" level="INFO">{'gender': 'female', 'name': {'title': 'Miss', 'first': 'Afet', 'last': 'Adal'}, 'location': {'street': {'number': 4596, 'name': 'Atatürk Sk'}, 'city': 'Muğla', 'state': 'İzmir', 'country': 'Turkey', 'postcode': 29985, 'coordinates': {'latitude': '69.9678', 'longitude': '138.5987'}, 'timezone': {'offset': '-9:00', 'description': 'Alaska'}}, 'email': 'afet.adal@example.com', 'login': {'uuid': '00027096-3c17-4c92-bca8-537f6b5b470d', 'username': 'lazyfrog306', 'password': 'nipples', 'salt': 'UhCULlnU', 'md5': 'bacc9149964267ac9e8241967b76aeda', 'sha1': '170f821fcde014aa2b00ff1c6094d989ab6fb637', 'sha256': '67d9d51e5416d9629c98a64b034e470a17838207810b8f75e29fc35330821e7b'}, 'dob': {'date': '1970-05-06T14:53:51.114Z', 'age': 54}, 'registered': {'date': '2021-05-16T13:28:44.513Z', 'age': 2}, 'phone': '(637)-240-8971', 'cell': '(039)-155-5072', 'id': {'name': '', 'value': None}, 'picture': {'large': 'https://randomuser.me/api/portraits/women/41.jpg', 'medium': 'https://randomuser.me/api/portraits/med/women/41.jpg', 'thumbnail': 'https://randomuser.me/api/portraits/thumb/women/41.jpg'}, 'nat': 'TR'}</msg>
<arg>${json_data['results'][0]}</arg>
<doc>Logs the given message with the given level.</doc>
<status status="PASS" start="2024-05-08T11:13:08.786417" elapsed="0.000414"/>
</kw>
<kw name="Log" owner="BuiltIn">
<msg time="2024-05-08T11:13:08.787256" level="INFO">login</msg>
<arg>${key}</arg>
<doc>Logs the given message with the given level.</doc>
<status status="PASS" start="2024-05-08T11:13:08.787129" elapsed="0.000164"/>
</kw>
<var name="${key}">login</var>
<status status="PASS" start="2024-05-08T11:13:08.785597" elapsed="0.001919"/>
</iter>
<var>${key}</var>
<value>@{expected_keys}</value>
<status status="PASS" start="2024-05-08T11:13:08.776828" elapsed="0.010807"/>
</for>
<kw name="Create List" owner="BuiltIn">
<msg time="2024-05-08T11:13:08.788015" level="INFO">${expected_keysTwo} = ['username', 'password']</msg>
<var>${expected_keysTwo}</var>
<arg>username</arg>
<arg>password</arg>
<doc>Returns a list containing given items.</doc>
<status status="PASS" start="2024-05-08T11:13:08.787863" elapsed="0.000204"/>
</kw>
<for flavor="IN">
<iter>
<kw name="Dictionary Should Contain Key" owner="Collections">
<msg time="2024-05-08T11:13:08.788968" level="INFO">False</msg>
<arg>${json_data['results'][0]['login']}</arg>
<arg>${keyTwo}</arg>
<doc>Fails if ``key`` is not found from ``dictionary``.</doc>
<status status="PASS" start="2024-05-08T11:13:08.788575" elapsed="0.000431"/>
</kw>
<kw name="Dictionary Should Contain Key" owner="Collections">
<msg time="2024-05-08T11:13:08.789690" level="INFO">False</msg>
<arg>${json_data['results'][0]['login']}</arg>
<arg>${keyTwo}</arg>
<doc>Fails if ``key`` is not found from ``dictionary``.</doc>
<status status="PASS" start="2024-05-08T11:13:08.789298" elapsed="0.000433"/>
</kw>
<kw name="Log" owner="BuiltIn">
<msg time="2024-05-08T11:13:08.790161" level="INFO">username</msg>
<arg>${keyTwo}</arg>
<doc>Logs the given message with the given level.</doc>
<status status="PASS" start="2024-05-08T11:13:08.790034" elapsed="0.000169"/>
</kw>
<var name="${keyTwo}">username</var>
<status status="PASS" start="2024-05-08T11:13:08.788463" elapsed="0.001953"/>
</iter>
<iter>
<kw name="Dictionary Should Contain Key" owner="Collections">
<msg time="2024-05-08T11:13:08.791075" level="INFO">False</msg>
<arg>${json_data['results'][0]['login']}</arg>
<arg>${keyTwo}</arg>
<doc>Fails if ``key`` is not found from ``dictionary``.</doc>
<status status="PASS" start="2024-05-08T11:13:08.790694" elapsed="0.000418"/>
</kw>
<kw name="Dictionary Should Contain Key" owner="Collections">
<msg time="2024-05-08T11:13:08.791904" level="INFO">False</msg>
<arg>${json_data['results'][0]['login']}</arg>
<arg>${keyTwo}</arg>
<doc>Fails if ``key`` is not found from ``dictionary``.</doc>
<status status="PASS" start="2024-05-08T11:13:08.791410" elapsed="0.000545"/>
</kw>
<kw name="Log" owner="BuiltIn">
<msg time="2024-05-08T11:13:08.792389" level="INFO">password</msg>
<arg>${keyTwo}</arg>
<doc>Logs the given message with the given level.</doc>
<status status="PASS" start="2024-05-08T11:13:08.792258" elapsed="0.000169"/>
</kw>
<var name="${keyTwo}">password</var>
<status status="PASS" start="2024-05-08T11:13:08.790586" elapsed="0.002056"/>
</iter>
<var>${keyTwo}</var>
<value>@{expected_keysTwo}</value>
<status status="PASS" start="2024-05-08T11:13:08.788312" elapsed="0.004451"/>
</for>
<status status="PASS" start="2024-05-08T11:13:08.526312" elapsed="0.266589"/>
</kw>
<doc>Testa a estrutura da resposta da API.</doc>
<tag>testeEstruturaResposta</tag>
<status status="PASS" start="2024-05-08T11:13:08.525777" elapsed="0.267275"/>
</test>
<test id="s1-s1-t4" name="Validar tipos de dados" line="28">
<kw name="Teste de Tipos de Dados" owner="random-user-service">
<kw name="GET On Session" owner="RequestsLibrary">
<msg time="2024-05-08T11:13:08.840384" level="INFO">GET Request : url=https://randomuser.me/api 
 path_url=/api 
 headers={'User-Agent': 'python-requests/2.31.0', 'Accept-Encoding': 'gzip, deflate', 'Accept': '*/*', 'Connection': 'keep-alive'} 
 body=None 
 </msg>
<msg time="2024-05-08T11:13:08.840463" level="INFO">GET Response : url=https://randomuser.me/api 
 status=200, reason=OK 
 headers={'Date': 'Wed, 08 May 2024 11:13:08 GMT', 'Content-Type': 'application/json; charset=utf-8', 'Transfer-Encoding': 'chunked', 'Connection': 'keep-alive', 'X-Powered-By': 'Express', 'Access-Control-Allow-Origin': '*', 'Cache-Control': 'no-cache', 'ETag': 'W/"474-ppKp05YTVF6IrXASUO3oQMQ/cOg"', 'Vary': 'Accept-Encoding', 'Content-Encoding': 'gzip', 'CF-Cache-Status': 'DYNAMIC', 'Report-To': '{"endpoints":[{"url":"https:\\/\\/a.nel.cloudflare.com\\/report\\/v4?s=Slal2qINw9UtYOBfujVq34zECA7xQad6axo%2BFvvL4uQ6PFR%2B1%2BCdpD5PMcoZM2s58f5Etp%2BKp%2B2FhALN0GB2Ah7f4H%2FoKahm%2FT4c%2BX3%2BWXUW8Yt8nGlYE27s1R3Zu8f7"}],"group":"cf-nel","max_age":604800}', 'NEL': '{"success_fraction":0,"report_to":"cf-nel","max_age":604800}', 'Server': 'cloudflare', 'CF-RAY': '880904ce0dd907fd-IAD', 'alt-svc': 'h3=":443"; ma=86400'} 
 body={"results":[{"gender":"male","name":{"title":"Mr","first":"Eren","last":"Erberk"},"location":{"street":{"number":9505,"name":"Filistin Cd"},"city":"Kilis","state":"Kırklareli","country":"Turkey","postcode":99443,"coordinates":{"latitude":"67.0827","longitude":"-106.4816"},"timezone":{"offset":"+2:00","description":"Kaliningrad, South Africa"}},"email":"eren.erberk@example.com","login":{"uuid":"558f9f7f-e671-4e7f-b27d-e38ff7f2a55c","username":"heavyswan894","password":"beverly","salt":"5yEe4E7o","md5":"bff621dc36c4a28ff9c0385ea7b5f06e","sha1":"4ba6766f7f3fe8752cafd06665b0729bbffa9f51","sha256":"49f8b4539bf2d41a4e8570d5b85db708943b66be4f2e32978e05159b22a821ef"},"dob":{"date":"1956-02-12T07:07:59.392Z","age":68},"registered":{"date":"2013-01-30T18:27:00.098Z","age":11},"phone":"(949)-163-3733","cell":"(399)-025-6320","id":{"name":"","value":null},"picture":{"large":"https://randomuser.me/api/portraits/men/97.jpg","medium":"https://randomuser.me/api/portraits/med/men/97.jpg","thumbnail":"https://randomuser.me/api/portraits/thumb/men/97.jpg"},"nat":"TR"}],"info":{"seed":"b2ee24066dad5dab","results":1,"page":1,"version":"1.4"}} 
 </msg>
<msg time="2024-05-08T11:13:08.840534" level="INFO">/opt/hostedtoolcache/Python/3.12.3/x64/lib/python3.12/site-packages/urllib3/connectionpool.py:1103: InsecureRequestWarning: Unverified HTTPS request is being made to host 'randomuser.me'. Adding certificate verification is strongly advised. See: https://urllib3.readthedocs.io/en/latest/advanced-usage.html#tls-warnings
  warnings.warn(</msg>
<msg time="2024-05-08T11:13:08.840635" level="INFO">${response} = &lt;Response [200]&gt;</msg>
<var>${response}</var>
<arg>consultarAPI</arg>
<arg>/api</arg>
<doc>Sends a GET request on a previously created HTTP Session.</doc>
<status status="PASS" start="2024-05-08T11:13:08.795632" elapsed="0.045037"/>
</kw>
<kw name="Set Variable" owner="BuiltIn">
<msg time="2024-05-08T11:13:08.841532" level="INFO">${json_data} = {'results': [{'gender': 'male', 'name': {'title': 'Mr', 'first': 'Eren', 'last': 'Erberk'}, 'location': {'street': {'number': 9505, 'name': 'Filistin Cd'}, 'city': 'Kilis', 'state': 'Kırklareli', 'cou...</msg>
<var>${json_data}</var>
<arg>${response.json()}</arg>
<doc>Returns the given values which can then be assigned to a variables.</doc>
<status status="PASS" start="2024-05-08T11:13:08.841070" elapsed="0.000493"/>
</kw>
<kw name="Log" owner="BuiltIn">
<msg time="2024-05-08T11:13:08.842022" level="INFO">{'results': [{'gender': 'male', 'name': {'title': 'Mr', 'first': 'Eren', 'last': 'Erberk'}, 'location': {'street': {'number': 9505, 'name': 'Filistin Cd'}, 'city': 'Kilis', 'state': 'Kırklareli', 'country': 'Turkey', 'postcode': 99443, 'coordinates': {'latitude': '67.0827', 'longitude': '-106.4816'}, 'timezone': {'offset': '+2:00', 'description': 'Kaliningrad, South Africa'}}, 'email': 'eren.erberk@example.com', 'login': {'uuid': '558f9f7f-e671-4e7f-b27d-e38ff7f2a55c', 'username': 'heavyswan894', 'password': 'beverly', 'salt': '5yEe4E7o', 'md5': 'bff621dc36c4a28ff9c0385ea7b5f06e', 'sha1': '4ba6766f7f3fe8752cafd06665b0729bbffa9f51', 'sha256': '49f8b4539bf2d41a4e8570d5b85db708943b66be4f2e32978e05159b22a821ef'}, 'dob': {'date': '1956-02-12T07:07:59.392Z', 'age': 68}, 'registered': {'date': '2013-01-30T18:27:00.098Z', 'age': 11}, 'phone': '(949)-163-3733', 'cell': '(399)-025-6320', 'id': {'name': '', 'value': None}, 'picture': {'large': 'https://randomuser.me/api/portraits/men/97.jpg', 'medium': 'https://randomuser.me/api/portraits/med/men/97.jpg', 'thumbnail': 'https://randomuser.me/api/portraits/thumb/men/97.jpg'}, 'nat': 'TR'}], 'info': {'seed': 'b2ee24066dad5dab', 'results': 1, 'page': 1, 'version': '1.4'}}</msg>
<arg>${json_data}</arg>
<doc>Logs the given message with the given level.</doc>
<status status="PASS" start="2024-05-08T11:13:08.841866" elapsed="0.000206"/>
</kw>
<kw name="Should Be String" owner="String">
<arg>${json_data['results'][0]['gender']}</arg>
<doc>Fails if the given ``item`` is not a string.</doc>
<status status="PASS" start="2024-05-08T11:13:08.842364" elapsed="0.000367"/>
</kw>
<kw name="Should Match Regexp" owner="BuiltIn">
<arg>${json_data['results'][0]['email']}</arg>
<arg>^[a-zA-Z0-9._%+-]+@[a-zA-Z0-9.-]+\.[a-zA-Z]{2,}$</arg>
<doc>Fails if ``string`` does not match ``pattern`` as a regular expression.</doc>
<status status="PASS" start="2024-05-08T11:13:08.842956" elapsed="0.000520"/>
</kw>
<kw name="Should Match Regexp" owner="BuiltIn">
<arg>${json_data['results'][0]['dob']['date']}</arg>
<arg>\\d{4}-\\d{2}-\\d{2}T\\d{2}:\\d{2}:\\d{2}\\.\\d{3}Z</arg>
<doc>Fails if ``string`` does not match ``pattern`` as a regular expression.</doc>
<status status="PASS" start="2024-05-08T11:13:08.843671" elapsed="0.000550"/>
</kw>
<kw name="Should Match Regexp" owner="BuiltIn">
<arg>${json_data['results'][0]['registered']['date']}</arg>
<arg>\\d{4}-\\d{2}-\\d{2}T\\d{2}:\\d{2}:\\d{2}\\.\\d{3}Z</arg>
<doc>Fails if ``string`` does not match ``pattern`` as a regular expression.</doc>
<status status="PASS" start="2024-05-08T11:13:08.844425" elapsed="0.000374"/>
</kw>
<kw name="Should Match Regexp" owner="BuiltIn">
<arg>${json_data['results'][0]['picture']['large']}</arg>
<arg>^https?://.*\.(?:png|jpe?g|gif|bmp)$</arg>
<doc>Fails if ``string`` does not match ``pattern`` as a regular expression.</doc>
<status status="PASS" start="2024-05-08T11:13:08.844985" elapsed="0.000452"/>
</kw>
<kw name="Should Match Regexp" owner="BuiltIn">
<arg>${json_data['results'][0]['picture']['medium']}</arg>
<arg>^https?://.*\.(?:png|jpe?g|gif|bmp)$</arg>
<doc>Fails if ``string`` does not match ``pattern`` as a regular expression.</doc>
<status status="PASS" start="2024-05-08T11:13:08.845631" elapsed="0.000358"/>
</kw>
<kw name="Should Match Regexp" owner="BuiltIn">
<arg>${json_data['results'][0]['picture']['thumbnail']}</arg>
<arg>^https?://.*\.(?:png|jpe?g|gif|bmp)$</arg>
<doc>Fails if ``string`` does not match ``pattern`` as a regular expression.</doc>
<status status="PASS" start="2024-05-08T11:13:08.846176" elapsed="0.000347"/>
</kw>
<kw name="Log" owner="BuiltIn">
<msg time="2024-05-08T11:13:08.847023" level="INFO">{'large': 'https://randomuser.me/api/portraits/men/97.jpg', 'medium': 'https://randomuser.me/api/portraits/med/men/97.jpg', 'thumbnail': 'https://randomuser.me/api/portraits/thumb/men/97.jpg'}</msg>
<arg>${json_data['results'][0]['picture']}</arg>
<doc>Logs the given message with the given level.</doc>
<status status="PASS" start="2024-05-08T11:13:08.846702" elapsed="0.000361"/>
</kw>
<status status="PASS" start="2024-05-08T11:13:08.795406" elapsed="0.051930"/>
</kw>
<kw name="Teste de Tipos de Dados - Postcode" owner="random-user-service">
<kw name="GET On Session" owner="RequestsLibrary">
<msg time="2024-05-08T11:13:08.940106" level="INFO">GET Request : url=https://randomuser.me/api 
 path_url=/api 
 headers={'User-Agent': 'python-requests/2.31.0', 'Accept-Encoding': 'gzip, deflate', 'Accept': '*/*', 'Connection': 'keep-alive'} 
 body=None 
 </msg>
<msg time="2024-05-08T11:13:08.940195" level="INFO">GET Response : url=https://randomuser.me/api 
 status=200, reason=OK 
 headers={'Date': 'Wed, 08 May 2024 11:13:08 GMT', 'Content-Type': 'application/json; charset=utf-8', 'Transfer-Encoding': 'chunked', 'Connection': 'keep-alive', 'X-Powered-By': 'Express', 'Access-Control-Allow-Origin': '*', 'Cache-Control': 'no-cache', 'ETag': 'W/"491-WR8Mdstt9Bgnu54tZpCQEXD87C8"', 'Vary': 'Accept-Encoding', 'Content-Encoding': 'gzip', 'CF-Cache-Status': 'DYNAMIC', 'Report-To': '{"endpoints":[{"url":"https:\\/\\/a.nel.cloudflare.com\\/report\\/v4?s=Y4DyXJ5S%2B7fbItSpVnGJJt%2BkSChmvjl30Jzi%2BpvR1Y%2Bv7Yg4Knw7HOu4nRar9IqCxfneUjsUJjVFtypvCbLL3KUwNlK%2B%2BUcH%2FL5DWG4bqiNEKikSJSIH7yMQbiTaikoW"}],"group":"cf-nel","max_age":604800}', 'NEL': '{"success_fraction":0,"report_to":"cf-nel","max_age":604800}', 'Server': 'cloudflare', 'CF-RAY': '880904ce5e1f07fd-IAD', 'alt-svc': 'h3=":443"; ma=86400'} 
 body={"results":[{"gender":"male","name":{"title":"Monsieur","first":"Cosimo","last":"Sanchez"},"location":{"street":{"number":3808,"name":"Avenue de L'Abbé-Roussel"},"city":"Veytaux","state":"St. Gallen","country":"Switzerland","postcode":1507,"coordinates":{"latitude":"-56.1356","longitude":"-129.0092"},"timezone":{"offset":"-10:00","description":"Hawaii"}},"email":"cosimo.sanchez@example.com","login":{"uuid":"2f160eb4-7823-4196-9ab6-5b2a00560fef","username":"sadkoala416","password":"overkill","salt":"DGjlfKyK","md5":"7df8ea927cf9ae7594b5a7bea18afd82","sha1":"65c987bebb6e723dba86428689b922f4d054900c","sha256":"cce49eb3d6967b08715313b2ba34ed2b41d5d86c83b8f19aea9156735b2dc8ce"},"dob":{"date":"1984-05-14T09:24:34.069Z","age":39},"registered":{"date":"2005-11-25T20:02:21.131Z","age":18},"phone":"075 330 98 91","cell":"077 095 25 57","id":{"name":"AVS","value":"756.8386.5263.34"},"picture":{"large":"https://randomuser.me/api/portraits/men/62.jpg","medium":"https://randomuser.me/api/portraits/med/men/62.jpg","thumbnail":"https://randomuser.me/api/portraits/thumb/men/62.jpg"},"nat":"CH"}],"info":{"seed":"423aebc59620c503","results":1,"page":1,"version":"1.4"}} 
 </msg>
<msg time="2024-05-08T11:13:08.940265" level="INFO">/opt/hostedtoolcache/Python/3.12.3/x64/lib/python3.12/site-packages/urllib3/connectionpool.py:1103: InsecureRequestWarning: Unverified HTTPS request is being made to host 'randomuser.me'. Adding certificate verification is strongly advised. See: https://urllib3.readthedocs.io/en/latest/advanced-usage.html#tls-warnings
  warnings.warn(</msg>
<msg time="2024-05-08T11:13:08.940371" level="INFO">${response} = &lt;Response [200]&gt;</msg>
<var>${response}</var>
<arg>consultarAPI</arg>
<arg>/api</arg>
<doc>Sends a GET request on a previously created HTTP Session.</doc>
<status status="PASS" start="2024-05-08T11:13:08.847764" elapsed="0.092640"/>
</kw>
<kw name="Set Variable" owner="BuiltIn">
<msg time="2024-05-08T11:13:08.941397" level="INFO">${json_data} = {'results': [{'gender': 'male', 'name': {'title': 'Monsieur', 'first': 'Cosimo', 'last': 'Sanchez'}, 'location': {'street': {'number': 3808, 'name': "Avenue de L'Abbé-Roussel"}, 'city': 'Veytaux', 'st...</msg>
<var>${json_data}</var>
<arg>${response.json()}</arg>
<doc>Returns the given values which can then be assigned to a variables.</doc>
<status status="PASS" start="2024-05-08T11:13:08.940896" elapsed="0.000530"/>
</kw>
<kw name="Log" owner="BuiltIn">
<msg time="2024-05-08T11:13:08.941894" level="INFO">{'results': [{'gender': 'male', 'name': {'title': 'Monsieur', 'first': 'Cosimo', 'last': 'Sanchez'}, 'location': {'street': {'number': 3808, 'name': "Avenue de L'Abbé-Roussel"}, 'city': 'Veytaux', 'state': 'St. Gallen', 'country': 'Switzerland', 'postcode': 1507, 'coordinates': {'latitude': '-56.1356', 'longitude': '-129.0092'}, 'timezone': {'offset': '-10:00', 'description': 'Hawaii'}}, 'email': 'cosimo.sanchez@example.com', 'login': {'uuid': '2f160eb4-7823-4196-9ab6-5b2a00560fef', 'username': 'sadkoala416', 'password': 'overkill', 'salt': 'DGjlfKyK', 'md5': '7df8ea927cf9ae7594b5a7bea18afd82', 'sha1': '65c987bebb6e723dba86428689b922f4d054900c', 'sha256': 'cce49eb3d6967b08715313b2ba34ed2b41d5d86c83b8f19aea9156735b2dc8ce'}, 'dob': {'date': '1984-05-14T09:24:34.069Z', 'age': 39}, 'registered': {'date': '2005-11-25T20:02:21.131Z', 'age': 18}, 'phone': '075 330 98 91', 'cell': '077 095 25 57', 'id': {'name': 'AVS', 'value': '756.8386.5263.34'}, 'picture': {'large': 'https://randomuser.me/api/portraits/men/62.jpg', 'medium': 'https://randomuser.me/api/portraits/med/men/62.jpg', 'thumbnail': 'https://randomuser.me/api/portraits/thumb/men/62.jpg'}, 'nat': 'CH'}], 'info': {'seed': '423aebc59620c503', 'results': 1, 'page': 1, 'version': '1.4'}}</msg>
<arg>${json_data}</arg>
<doc>Logs the given message with the given level.</doc>
<status status="PASS" start="2024-05-08T11:13:08.941730" elapsed="0.000214"/>
</kw>
<kw name="Should Be Equal As Numbers" owner="BuiltIn">
<arg>${json_data['results'][0]['location']['postcode']}</arg>
<arg>${json_data['results'][0]['location']['postcode']}</arg>
<doc>Fails if objects are unequal after converting them to real numbers.</doc>
<status status="PASS" start="2024-05-08T11:13:08.942256" elapsed="0.000798"/>
</kw>
<kw name="Log" owner="BuiltIn">
<msg time="2024-05-08T11:13:08.943620" level="INFO">1507</msg>
<arg>${json_data['results'][0]['location']['postcode']}</arg>
<doc>Logs the given message with the given level.</doc>
<status status="PASS" start="2024-05-08T11:13:08.943281" elapsed="0.000379"/>
</kw>
<status status="PASS" start="2024-05-08T11:13:08.847549" elapsed="0.096407"/>
</kw>
<doc>Testa se os tipos de dados na resposta da API estão corretos.</doc>
<tag>testeTiposDados</tag>
<status status="PASS" start="2024-05-08T11:13:08.794855" elapsed="0.149269"/>
</test>
<test id="s1-s1-t5" name="Validar conteudo" line="35">
<kw name="Teste de Tipos de Conteudo" owner="random-user-service">
<kw name="GET On Session" owner="RequestsLibrary">
<msg time="2024-05-08T11:13:09.032384" level="INFO">GET Request : url=https://randomuser.me/api 
 path_url=/api 
 headers={'User-Agent': 'python-requests/2.31.0', 'Accept-Encoding': 'gzip, deflate', 'Accept': '*/*', 'Connection': 'keep-alive'} 
 body=None 
 </msg>
<msg time="2024-05-08T11:13:09.032469" level="INFO">GET Response : url=https://randomuser.me/api 
 status=200, reason=OK 
 headers={'Date': 'Wed, 08 May 2024 11:13:09 GMT', 'Content-Type': 'application/json; charset=utf-8', 'Transfer-Encoding': 'chunked', 'Connection': 'keep-alive', 'X-Powered-By': 'Express', 'Access-Control-Allow-Origin': '*', 'Cache-Control': 'no-cache', 'ETag': 'W/"484-TSS+fn6Ov0qhD1Knhmq0dDbnPz0"', 'Vary': 'Accept-Encoding', 'Content-Encoding': 'gzip', 'CF-Cache-Status': 'DYNAMIC', 'Report-To': '{"endpoints":[{"url":"https:\\/\\/a.nel.cloudflare.com\\/report\\/v4?s=dnaMqb0xVW6GWkOAVku3Novir5Zon5Zd15ZaCrRZoM7RB8hXo40qWhRI3%2B%2BTh1q6w8FyVPvZb1jgYIJwlpQ0X4WL%2FfSQ%2BsgH1gBJTqSwyTLaLSvfn0CTelwMp7G35SiQ"}],"group":"cf-nel","max_age":604800}', 'NEL': '{"success_fraction":0,"report_to":"cf-nel","max_age":604800}', 'Server': 'cloudflare', 'CF-RAY': '880904cefec107fd-IAD', 'alt-svc': 'h3=":443"; ma=86400'} 
 body={"results":[{"gender":"female","name":{"title":"Miss","first":"Pooja","last":"Prajapati"},"location":{"street":{"number":4168,"name":"Rajpath"},"city":"Morena","state":"Meghalaya","country":"India","postcode":20176,"coordinates":{"latitude":"10.3328","longitude":"89.1388"},"timezone":{"offset":"-12:00","description":"Eniwetok, Kwajalein"}},"email":"pooja.prajapati@example.com","login":{"uuid":"8b106a9a-17fa-408e-b716-1539bbd05864","username":"greenbutterfly419","password":"barnes","salt":"D7ObG4pE","md5":"00ad7d649f6520288cc6a4668acfc8db","sha1":"a51204d83c5deae96c65c88671f33bcab77ce750","sha256":"c70efeddbb51bd8c2d4806f0af626d7592ba747e60486b81f968bddd77bd0705"},"dob":{"date":"1957-03-16T02:03:18.986Z","age":67},"registered":{"date":"2014-03-03T15:27:19.451Z","age":10},"phone":"9803532839","cell":"7466528667","id":{"name":"UIDAI","value":"434832799834"},"picture":{"large":"https://randomuser.me/api/portraits/women/69.jpg","medium":"https://randomuser.me/api/portraits/med/women/69.jpg","thumbnail":"https://randomuser.me/api/portraits/thumb/women/69.jpg"},"nat":"IN"}],"info":{"seed":"9e79db20bb3e60a9","results":1,"page":1,"version":"1.4"}} 
 </msg>
<msg time="2024-05-08T11:13:09.032533" level="INFO">/opt/hostedtoolcache/Python/3.12.3/x64/lib/python3.12/site-packages/urllib3/connectionpool.py:1103: InsecureRequestWarning: Unverified HTTPS request is being made to host 'randomuser.me'. Adding certificate verification is strongly advised. See: https://urllib3.readthedocs.io/en/latest/advanced-usage.html#tls-warnings
  warnings.warn(</msg>
<msg time="2024-05-08T11:13:09.032643" level="INFO">${response} = &lt;Response [200]&gt;</msg>
<var>${response}</var>
<arg>consultarAPI</arg>
<arg>/api</arg>
<doc>Sends a GET request on a previously created HTTP Session.</doc>
<status status="PASS" start="2024-05-08T11:13:08.946520" elapsed="0.086166"/>
</kw>
<kw name="Set Variable" owner="BuiltIn">
<msg time="2024-05-08T11:13:09.033873" level="INFO">${json_data} = {'results': [{'gender': 'female', 'name': {'title': 'Miss', 'first': 'Pooja', 'last': 'Prajapati'}, 'location': {'street': {'number': 4168, 'name': 'Rajpath'}, 'city': 'Morena', 'state': 'Meghalaya', ...</msg>
<var>${json_data}</var>
<arg>${response.json()}</arg>
<doc>Returns the given values which can then be assigned to a variables.</doc>
<status status="PASS" start="2024-05-08T11:13:09.033286" elapsed="0.000619"/>
</kw>
<kw name="Set Variable" owner="BuiltIn">
<msg time="2024-05-08T11:13:09.034666" level="INFO">${name_title} = Miss</msg>
<var>${name_title}</var>
<arg>${json_data["results"][0]["name"]["title"]}</arg>
<doc>Returns the given values which can then be assigned to a variables.</doc>
<status status="PASS" start="2024-05-08T11:13:09.034249" elapsed="0.000443"/>
</kw>
<kw name="Create List" owner="BuiltIn">
<msg time="2024-05-08T11:13:09.035170" level="INFO">${allowed_titles} = ['Mr', 'Ms', 'Miss', 'Mrs', 'Madame', 'Monsieur']</msg>
<var>${allowed_titles}</var>
<arg>Mr</arg>
<arg>Ms</arg>
<arg>Miss</arg>
<arg>Mrs</arg>
<arg>Madame</arg>
<arg>Monsieur</arg>
<doc>Returns a list containing given items.</doc>
<status status="PASS" start="2024-05-08T11:13:09.035016" elapsed="0.000180"/>
</kw>
<kw name="List Should Contain Value" owner="Collections">
<msg time="2024-05-08T11:13:09.035730" level="INFO">False</msg>
<arg>${allowed_titles}</arg>
<arg>${name_title}</arg>
<doc>Fails if the ``value`` is not found from ``list``.</doc>
<status status="PASS" start="2024-05-08T11:13:09.035528" elapsed="0.000239"/>
</kw>
<kw name="Set Variable" owner="BuiltIn">
<msg time="2024-05-08T11:13:09.036538" level="INFO">${name_country} = IN</msg>
<var>${name_country}</var>
<arg>${json_data["results"][0]["nat"]}</arg>
<doc>Returns the given values which can then be assigned to a variables.</doc>
<status status="PASS" start="2024-05-08T11:13:09.036152" elapsed="0.000411"/>
</kw>
<kw name="Create List" owner="BuiltIn">
<msg time="2024-05-08T11:13:09.037531" level="INFO">${list_country} = ['AD', 'AE', 'AF', 'AG', 'AI', 'AL', 'AM', 'AO', 'AQ', 'AR', 'AS', 'AT', 'AU', 'AW', 'AX', 'AZ', 'BA', 'BB', 'BD', 'BE', 'BF', 'BG', 'BH', 'BI', 'BJ', 'BL', 'BM', 'BN', 'BO', 'BQ', 'BR', 'BS', 'BT', '...</msg>
<var>${list_country}</var>
<arg>AD</arg>
<arg>AE</arg>
<arg>AF</arg>
<arg>AG</arg>
<arg>AI</arg>
<arg>AL</arg>
<arg>AM</arg>
<arg>AO</arg>
<arg>AQ</arg>
<arg>AR</arg>
<arg>AS</arg>
<arg>AT</arg>
<arg>AU</arg>
<arg>AW</arg>
<arg>AX</arg>
<arg>AZ</arg>
<arg>BA</arg>
<arg>BB</arg>
<arg>BD</arg>
<arg>BE</arg>
<arg>BF</arg>
<arg>BG</arg>
<arg>BH</arg>
<arg>BI</arg>
<arg>BJ</arg>
<arg>BL</arg>
<arg>BM</arg>
<arg>BN</arg>
<arg>BO</arg>
<arg>BQ</arg>
<arg>BR</arg>
<arg>BS</arg>
<arg>BT</arg>
<arg>BV</arg>
<arg>BW</arg>
<arg>BY</arg>
<arg>BZ</arg>
<arg>CA</arg>
<arg>CC</arg>
<arg>CD</arg>
<arg>CF</arg>
<arg>CG</arg>
<arg>CH</arg>
<arg>CI</arg>
<arg>CK</arg>
<arg>CL</arg>
<arg>CM</arg>
<arg>CN</arg>
<arg>CO</arg>
<arg>CR</arg>
<arg>CU</arg>
<arg>CV</arg>
<arg>CW</arg>
<arg>CX</arg>
<arg>CY</arg>
<arg>CZ</arg>
<arg>DE</arg>
<arg>DJ</arg>
<arg>DK</arg>
<arg>DM</arg>
<arg>DO</arg>
<arg>DZ</arg>
<arg>EC</arg>
<arg>EE</arg>
<arg>EG</arg>
<arg>EH</arg>
<arg>ER</arg>
<arg>ES</arg>
<arg>ET</arg>
<arg>FI</arg>
<arg>FJ</arg>
<arg>FK</arg>
<arg>FM</arg>
<arg>FO</arg>
<arg>FR</arg>
<arg>GA</arg>
<arg>GB</arg>
<arg>GD</arg>
<arg>GE</arg>
<arg>GF</arg>
<arg>GG</arg>
<arg>GH</arg>
<arg>GI</arg>
<arg>GL</arg>
<arg>GM</arg>
<arg>GN</arg>
<arg>GP</arg>
<arg>GQ</arg>
<arg>GR</arg>
<arg>GS</arg>
<arg>GT</arg>
<arg>GU</arg>
<arg>GW</arg>
<arg>GY</arg>
<arg>HK</arg>
<arg>HM</arg>
<arg>HN</arg>
<arg>HR</arg>
<arg>HT</arg>
<arg>HU</arg>
<arg>ID</arg>
<arg>IE</arg>
<arg>IL</arg>
<arg>IM</arg>
<arg>IN</arg>
<arg>IO</arg>
<arg>IQ</arg>
<arg>IR</arg>
<arg>IS</arg>
<arg>IT</arg>
<arg>JE</arg>
<arg>JM</arg>
<arg>JO</arg>
<arg>JP</arg>
<arg>KE</arg>
<arg>KG</arg>
<arg>KH</arg>
<arg>KI</arg>
<arg>KM</arg>
<arg>KN</arg>
<arg>KP</arg>
<arg>KR</arg>
<arg>KW</arg>
<arg>KY</arg>
<arg>KZ</arg>
<arg>LA</arg>
<arg>LB</arg>
<arg>LC</arg>
<arg>LI</arg>
<arg>LK</arg>
<arg>LR</arg>
<arg>LS</arg>
<arg>LT</arg>
<arg>LU</arg>
<arg>LV</arg>
<arg>LY</arg>
<arg>MA</arg>
<arg>MC</arg>
<arg>MD</arg>
<arg>ME</arg>
<arg>MF</arg>
<arg>MG</arg>
<arg>MH</arg>
<arg>MK</arg>
<arg>ML</arg>
<arg>MM</arg>
<arg>MN</arg>
<arg>MO</arg>
<arg>MP</arg>
<arg>MQ</arg>
<arg>MR</arg>
<arg>MS</arg>
<arg>MT</arg>
<arg>MU</arg>
<arg>MV</arg>
<arg>MW</arg>
<arg>MX</arg>
<arg>MY</arg>
<arg>MZ</arg>
<arg>NA</arg>
<arg>NC</arg>
<arg>NE</arg>
<arg>NF</arg>
<arg>NG</arg>
<arg>NI</arg>
<arg>NL</arg>
<arg>NO</arg>
<arg>NP</arg>
<arg>NR</arg>
<arg>NU</arg>
<arg>NZ</arg>
<arg>OM</arg>
<arg>PA</arg>
<arg>PE</arg>
<arg>PF</arg>
<arg>PG</arg>
<arg>PH</arg>
<arg>PK</arg>
<arg>PL</arg>
<arg>PM</arg>
<arg>PN</arg>
<arg>PR</arg>
<arg>PS</arg>
<arg>PT</arg>
<arg>PW</arg>
<arg>PY</arg>
<arg>QA</arg>
<arg>RE</arg>
<arg>RO</arg>
<arg>RS</arg>
<arg>RU</arg>
<arg>RW</arg>
<arg>SA</arg>
<arg>SB</arg>
<arg>SC</arg>
<arg>SD</arg>
<arg>SE</arg>
<arg>SG</arg>
<arg>SH</arg>
<arg>SI</arg>
<arg>SJ</arg>
<arg>SK</arg>
<arg>SL</arg>
<arg>SM</arg>
<arg>SN</arg>
<arg>SO</arg>
<arg>SR</arg>
<arg>SS</arg>
<arg>ST</arg>
<arg>SV</arg>
<arg>SX</arg>
<arg>SY</arg>
<arg>SZ</arg>
<arg>TC</arg>
<arg>TD</arg>
<arg>TF</arg>
<arg>TG</arg>
<arg>TH</arg>
<arg>TJ</arg>
<arg>TK</arg>
<arg>TL</arg>
<arg>TM</arg>
<arg>TN</arg>
<arg>TO</arg>
<arg>TR</arg>
<arg>TT</arg>
<arg>TV</arg>
<arg>TW</arg>
<arg>TZ</arg>
<arg>UA</arg>
<arg>UG</arg>
<arg>UM</arg>
<arg>US</arg>
<arg>UY</arg>
<arg>UZ</arg>
<arg>VA</arg>
<arg>VC</arg>
<arg>VE</arg>
<arg>VG</arg>
<arg>VI</arg>
<arg>VN</arg>
<arg>VU</arg>
<arg>WF</arg>
<arg>WS</arg>
<arg>XK</arg>
<arg>YE</arg>
<arg>YT</arg>
<arg>ZA</arg>
<arg>ZM</arg>
<arg>ZW</arg>
<doc>Returns a list containing given items.</doc>
<status status="PASS" start="2024-05-08T11:13:09.036894" elapsed="0.000664"/>
</kw>
<kw name="List Should Contain Value" owner="Collections">
<msg time="2024-05-08T11:13:09.038625" level="INFO">False</msg>
<arg>${list_country}</arg>
<arg>${name_country}</arg>
<doc>Fails if the ``value`` is not found from ``list``.</doc>
<status status="PASS" start="2024-05-08T11:13:09.038403" elapsed="0.000262"/>
</kw>
<kw name="Run Keyword If" owner="BuiltIn">
<kw name="Should Be True" owner="BuiltIn">
<arg>${True}</arg>
<doc>Fails if the given condition is not true.</doc>
<status status="PASS" start="2024-05-08T11:13:09.039852" elapsed="0.000171"/>
</kw>
<arg>${json_data["results"][0]["location"]["coordinates"]["latitude"]} &gt;= -90 and ${json_data["results"][0]["location"]["coordinates"]["latitude"]} &lt;= 90</arg>
<arg>Should Be True</arg>
<arg>${True}</arg>
<doc>Runs the given keyword with the given arguments, if ``condition`` is true.</doc>
<status status="PASS" start="2024-05-08T11:13:09.039010" elapsed="0.001148"/>
</kw>
<kw name="Run Keyword If" owner="BuiltIn">
<kw name="Should Be True" owner="BuiltIn">
<arg>${True}</arg>
<doc>Fails if the given condition is not true.</doc>
<status status="PASS" start="2024-05-08T11:13:09.041114" elapsed="0.000255"/>
</kw>
<arg>${json_data["results"][0]["location"]["coordinates"]["longitude"]} &gt;= -180 and ${json_data["results"][0]["location"]["coordinates"]["longitude"]} &lt;= 180</arg>
<arg>Should Be True</arg>
<arg>${True}</arg>
<doc>Runs the given keyword with the given arguments, if ``condition`` is true.</doc>
<status status="PASS" start="2024-05-08T11:13:09.040343" elapsed="0.001183"/>
</kw>
<status status="PASS" start="2024-05-08T11:13:08.946299" elapsed="0.095361"/>
</kw>
<doc>Testa o conteúdo específico dos campos retornados pela API.</doc>
<tag>testeConteudo</tag>
<status status="PASS" start="2024-05-08T11:13:08.945859" elapsed="0.095974"/>
</test>
<status status="PASS" start="2024-05-08T11:13:08.027552" elapsed="1.016457"/>
</suite>
<status status="PASS" start="2024-05-08T11:13:08.013987" elapsed="1.035533"/>
</suite>
<statistics>
<total>
<stat pass="5" fail="0" skip="0">All Tests</stat>
</total>
<tag>
<stat pass="1" fail="0" skip="0">testeConteudo</stat>
<stat pass="1" fail="0" skip="0">testeEstruturaResposta</stat>
<stat pass="1" fail="0" skip="0">testeRequisicaoBasica</stat>
<stat pass="1" fail="0" skip="0">testeTiposDados</stat>
</tag>
<suite>
<stat pass="5" fail="0" skip="0" id="s1" name="Tests">Tests</stat>
<stat pass="5" fail="0" skip="0" id="s1-s1" name="Random-User-Test">Tests.Random-User-Test</stat>
</suite>
</statistics>
<errors>
</errors>
</robot>
