<?xml version="1.0" encoding="UTF-8"?>
<robot generator="Robot 7.0.1 (Python 3.12.4 on linux)" generated="2024-07-28T14:13:08.410961" rpa="false" schemaversion="5">
<suite id="s1" name="Tests" source="/home/runner/work/ApiRandomUser/ApiRandomUser/RamdonUser/tests">
<suite id="s1-s1" name="Random-User-Test" source="/home/runner/work/ApiRandomUser/ApiRandomUser/RamdonUser/tests/random-user-test.robot">
<test id="s1-s1-t1" name="Conectar" line="13">
<kw name="Conectar API" owner="random-user-service">
<kw name="Create Session" owner="RequestsLibrary">
<msg time="2024-07-28T14:13:08.802726" level="INFO">Creating Session using : alias=consultarAPI, url=https://randomuser.me/, headers={},                     cookies={}, auth=None, timeout=None, proxies=None, verify=False,                     debug=0 </msg>
<arg>consultarAPI</arg>
<arg>${URL}</arg>
<doc>Create Session: create a HTTP session to a server</doc>
<status status="PASS" start="2024-07-28T14:13:08.802516" elapsed="0.000390"/>
</kw>
<status status="PASS" start="2024-07-28T14:13:08.801460" elapsed="0.001807"/>
</kw>
<status status="PASS" start="2024-07-28T14:13:08.800814" elapsed="0.002656"/>
</test>
<test id="s1-s1-t2" name="Validar retorno 200 e JSON Válido" line="16">
<kw name="Teste de Requisicao Basica" owner="random-user-service">
<kw name="GET On Session" owner="RequestsLibrary">
<msg time="2024-07-28T14:13:08.922482" level="INFO">GET Request : url=https://randomuser.me/api 
 path_url=/api 
 headers={'User-Agent': 'python-requests/2.32.3', 'Accept-Encoding': 'gzip, deflate', 'Accept': '*/*', 'Connection': 'keep-alive'} 
 body=None 
 </msg>
<msg time="2024-07-28T14:13:08.922635" level="INFO">GET Response : url=https://randomuser.me/api 
 status=200, reason=OK 
 headers={'Date': 'Sun, 28 Jul 2024 14:13:08 GMT', 'Content-Type': 'application/json; charset=utf-8', 'Transfer-Encoding': 'chunked', 'Connection': 'keep-alive', 'X-Powered-By': 'Express', 'Access-Control-Allow-Origin': '*', 'Cache-Control': 'no-cache', 'ETag': 'W/"491-f+AS/vR2pLcykIGNJGJ4pBHma2Y"', 'Vary': 'Accept-Encoding', 'Content-Encoding': 'gzip', 'CF-Cache-Status': 'DYNAMIC', 'Report-To': '{"endpoints":[{"url":"https:\\/\\/a.nel.cloudflare.com\\/report\\/v4?s=4PTwPW6Uei6etdlJtLLTyDtctmgNzQzM42lPqG2AmFpPEzrk3p8DbF41%2FBHfpAu734wH0qz1ISSujigiIK3Jr9hK9Ue2GxLUqSiD5zKGXjNkPs%2FQunVbCa%2BfAP%2F%2FRtt%2F"}],"group":"cf-nel","max_age":604800}', 'NEL': '{"success_fraction":0,"report_to":"cf-nel","max_age":604800}', 'Server': 'cloudflare', 'CF-RAY': '8aa577da2e9e080a-IAD', 'alt-svc': 'h3=":443"; ma=86400'} 
 body={"results":[{"gender":"female","name":{"title":"Miss","first":"Sara","last":"Alvarez"},"location":{"street":{"number":3679,"name":"Parker Rd"},"city":"Topeka","state":"New Hampshire","country":"United States","postcode":48178,"coordinates":{"latitude":"89.1345","longitude":"176.9824"},"timezone":{"offset":"+2:00","description":"Kaliningrad, South Africa"}},"email":"sara.alvarez@example.com","login":{"uuid":"d02859e8-6035-4364-89c3-e66ca980ade2","username":"browntiger477","password":"sadie","salt":"amumxrqJ","md5":"95189fc8c031ccae706967f8d2ef4fe4","sha1":"42731f96250d563885f4ad86b99589d268e37498","sha256":"d2ef5fd8dfd2ede86b34dd1ac26f9073a15a5e8847c0db459d8c36eabd72027d"},"dob":{"date":"1966-06-07T12:53:58.117Z","age":58},"registered":{"date":"2018-04-01T20:21:44.577Z","age":6},"phone":"(650) 789-1224","cell":"(749) 735-6127","id":{"name":"SSN","value":"586-25-1608"},"picture":{"large":"https://randomuser.me/api/portraits/women/64.jpg","medium":"https://randomuser.me/api/portraits/med/women/64.jpg","thumbnail":"https://randomuser.me/api/portraits/thumb/women/64.jpg"},"nat":"US"}],"info":{"seed":"e4b3b279a5378023","results":1,"page":1,"version":"1.4"}} 
 </msg>
<msg time="2024-07-28T14:13:08.922722" level="INFO">/opt/hostedtoolcache/Python/3.12.4/x64/lib/python3.12/site-packages/urllib3/connectionpool.py:1099: InsecureRequestWarning: Unverified HTTPS request is being made to host 'randomuser.me'. Adding certificate verification is strongly advised. See: https://urllib3.readthedocs.io/en/latest/advanced-usage.html#tls-warnings
  warnings.warn(</msg>
<msg time="2024-07-28T14:13:08.922922" level="INFO">${response} = &lt;Response [200]&gt;</msg>
<var>${response}</var>
<arg>consultarAPI</arg>
<arg>/api</arg>
<doc>Sends a GET request on a previously created HTTP Session.</doc>
<status status="PASS" start="2024-07-28T14:13:08.806177" elapsed="0.116791"/>
</kw>
<kw name="Should Be Equal As Numbers" owner="BuiltIn">
<msg time="2024-07-28T14:13:08.923849" level="INFO">Argument types are:
&lt;class 'int'&gt;
&lt;class 'str'&gt;</msg>
<arg>${response.status_code}</arg>
<arg>200</arg>
<doc>Fails if objects are unequal after converting them to real numbers.</doc>
<status status="PASS" start="2024-07-28T14:13:08.923420" elapsed="0.000493"/>
</kw>
<kw name="Log" owner="BuiltIn">
<msg time="2024-07-28T14:13:08.924572" level="INFO">200</msg>
<arg>${response.status_code}</arg>
<doc>Logs the given message with the given level.</doc>
<status status="PASS" start="2024-07-28T14:13:08.924224" elapsed="0.000390"/>
</kw>
<kw name="Set Variable" owner="BuiltIn">
<msg time="2024-07-28T14:13:08.925395" level="INFO">${json_data} = {'results': [{'gender': 'female', 'name': {'title': 'Miss', 'first': 'Sara', 'last': 'Alvarez'}, 'location': {'street': {'number': 3679, 'name': 'Parker Rd'}, 'city': 'Topeka', 'state': 'New Hampshire...</msg>
<var>${json_data}</var>
<arg>${response.json()}</arg>
<doc>Returns the given values which can then be assigned to a variables.</doc>
<status status="PASS" start="2024-07-28T14:13:08.924918" elapsed="0.000505"/>
</kw>
<kw name="Dictionary Should Contain Key" owner="Collections">
<arg>${json_data}</arg>
<arg>results</arg>
<doc>Fails if ``key`` is not found from ``dictionary``.</doc>
<status status="PASS" start="2024-07-28T14:13:08.925722" elapsed="0.000313"/>
</kw>
<status status="PASS" start="2024-07-28T14:13:08.805927" elapsed="0.120258"/>
</kw>
<doc>Testa se a API responde corretamente e retorna um objeto JSON válido.</doc>
<tag>testeRequisicaoBasica</tag>
<status status="PASS" start="2024-07-28T14:13:08.805375" elapsed="0.120980"/>
</test>
<test id="s1-s1-t3" name="Validar estrutura de resposta" line="22">
<kw name="Teste de Estrutura de Resposta" owner="random-user-service">
<kw name="GET On Session" owner="RequestsLibrary">
<msg time="2024-07-28T14:13:09.017396" level="INFO">GET Request : url=https://randomuser.me/api 
 path_url=/api 
 headers={'User-Agent': 'python-requests/2.32.3', 'Accept-Encoding': 'gzip, deflate', 'Accept': '*/*', 'Connection': 'keep-alive'} 
 body=None 
 </msg>
<msg time="2024-07-28T14:13:09.017497" level="INFO">GET Response : url=https://randomuser.me/api 
 status=200, reason=OK 
 headers={'Date': 'Sun, 28 Jul 2024 14:13:09 GMT', 'Content-Type': 'application/json; charset=utf-8', 'Transfer-Encoding': 'chunked', 'Connection': 'keep-alive', 'X-Powered-By': 'Express', 'Access-Control-Allow-Origin': '*', 'Cache-Control': 'no-cache', 'ETag': 'W/"473-Yq5JK1p6ZvhVpQBJ9eslO/cWo+U"', 'Vary': 'Accept-Encoding', 'Content-Encoding': 'gzip', 'CF-Cache-Status': 'DYNAMIC', 'Report-To': '{"endpoints":[{"url":"https:\\/\\/a.nel.cloudflare.com\\/report\\/v4?s=Ahbunk3qZDa4QMMTpczZctr8otKGah743%2BC97rrp5XixYxXqfwURy5yQ%2Fo74JiiJ%2B%2BG5ASV2mRTa0Gjfj7Pd9Nq2%2F9xgKwd4LUibpGIpy2LDqAE6%2BB85Nu3py5%2F10Sa6"}],"group":"cf-nel","max_age":604800}', 'NEL': '{"success_fraction":0,"report_to":"cf-nel","max_age":604800}', 'Server': 'cloudflare', 'CF-RAY': '8aa577dadf48080a-IAD', 'alt-svc': 'h3=":443"; ma=86400'} 
 body={"results":[{"gender":"male","name":{"title":"Mr","first":"Shane","last":"Wood"},"location":{"street":{"number":9792,"name":"Patrick Street"},"city":"Carlow","state":"Meath","country":"Ireland","postcode":65143,"coordinates":{"latitude":"-1.9031","longitude":"-37.0924"},"timezone":{"offset":"+6:00","description":"Almaty, Dhaka, Colombo"}},"email":"shane.wood@example.com","login":{"uuid":"efcfa2a9-44e9-464c-b429-9dd945d5e659","username":"bluemeercat631","password":"counter","salt":"rs4MxrX8","md5":"91b33f96eea1e7edb746b14b826adfd9","sha1":"d334a27258f89dc8a3ae5c93a5e60b8266e26118","sha256":"f01a7aa866ebb7cc27a7130e4c0b053026be4ece95c11ca30f7c638674fd14c2"},"dob":{"date":"1993-01-15T06:18:51.695Z","age":31},"registered":{"date":"2019-08-07T00:39:38.157Z","age":4},"phone":"031-383-9335","cell":"081-483-4483","id":{"name":"PPS","value":"4790769T"},"picture":{"large":"https://randomuser.me/api/portraits/men/60.jpg","medium":"https://randomuser.me/api/portraits/med/men/60.jpg","thumbnail":"https://randomuser.me/api/portraits/thumb/men/60.jpg"},"nat":"IE"}],"info":{"seed":"dd1d2d1adae6eb81","results":1,"page":1,"version":"1.4"}} 
 </msg>
<msg time="2024-07-28T14:13:09.017631" level="INFO">/opt/hostedtoolcache/Python/3.12.4/x64/lib/python3.12/site-packages/urllib3/connectionpool.py:1099: InsecureRequestWarning: Unverified HTTPS request is being made to host 'randomuser.me'. Adding certificate verification is strongly advised. See: https://urllib3.readthedocs.io/en/latest/advanced-usage.html#tls-warnings
  warnings.warn(</msg>
<msg time="2024-07-28T14:13:09.017755" level="INFO">${response} = &lt;Response [200]&gt;</msg>
<var>${response}</var>
<arg>consultarAPI</arg>
<arg>/api</arg>
<doc>Sends a GET request on a previously created HTTP Session.</doc>
<status status="PASS" start="2024-07-28T14:13:08.928983" elapsed="0.088813"/>
</kw>
<kw name="Set Variable" owner="BuiltIn">
<msg time="2024-07-28T14:13:09.018832" level="INFO">${json_data} = {'results': [{'gender': 'male', 'name': {'title': 'Mr', 'first': 'Shane', 'last': 'Wood'}, 'location': {'street': {'number': 9792, 'name': 'Patrick Street'}, 'city': 'Carlow', 'state': 'Meath', 'count...</msg>
<var>${json_data}</var>
<arg>${response.json()}</arg>
<doc>Returns the given values which can then be assigned to a variables.</doc>
<status status="PASS" start="2024-07-28T14:13:09.018316" elapsed="0.000545"/>
</kw>
<kw name="Log" owner="BuiltIn">
<msg time="2024-07-28T14:13:09.019340" level="INFO">{'results': [{'gender': 'male', 'name': {'title': 'Mr', 'first': 'Shane', 'last': 'Wood'}, 'location': {'street': {'number': 9792, 'name': 'Patrick Street'}, 'city': 'Carlow', 'state': 'Meath', 'country': 'Ireland', 'postcode': 65143, 'coordinates': {'latitude': '-1.9031', 'longitude': '-37.0924'}, 'timezone': {'offset': '+6:00', 'description': 'Almaty, Dhaka, Colombo'}}, 'email': 'shane.wood@example.com', 'login': {'uuid': 'efcfa2a9-44e9-464c-b429-9dd945d5e659', 'username': 'bluemeercat631', 'password': 'counter', 'salt': 'rs4MxrX8', 'md5': '91b33f96eea1e7edb746b14b826adfd9', 'sha1': 'd334a27258f89dc8a3ae5c93a5e60b8266e26118', 'sha256': 'f01a7aa866ebb7cc27a7130e4c0b053026be4ece95c11ca30f7c638674fd14c2'}, 'dob': {'date': '1993-01-15T06:18:51.695Z', 'age': 31}, 'registered': {'date': '2019-08-07T00:39:38.157Z', 'age': 4}, 'phone': '031-383-9335', 'cell': '081-483-4483', 'id': {'name': 'PPS', 'value': '4790769T'}, 'picture': {'large': 'https://randomuser.me/api/portraits/men/60.jpg', 'medium': 'https://randomuser.me/api/portraits/med/men/60.jpg', 'thumbnail': 'https://randomuser.me/api/portraits/thumb/men/60.jpg'}, 'nat': 'IE'}], 'info': {'seed': 'dd1d2d1adae6eb81', 'results': 1, 'page': 1, 'version': '1.4'}}</msg>
<arg>${json_data}</arg>
<doc>Logs the given message with the given level.</doc>
<status status="PASS" start="2024-07-28T14:13:09.019169" elapsed="0.000220"/>
</kw>
<kw name="Dictionary Should Contain Key" owner="Collections">
<arg>${json_data}</arg>
<arg>results</arg>
<doc>Fails if ``key`` is not found from ``dictionary``.</doc>
<status status="PASS" start="2024-07-28T14:13:09.019680" elapsed="0.000163"/>
</kw>
<kw name="Should Not Be Empty" owner="BuiltIn">
<msg time="2024-07-28T14:13:09.020157" level="INFO">Length is 2.</msg>
<arg>${json_data}</arg>
<doc>Verifies that the given item is not empty.</doc>
<status status="PASS" start="2024-07-28T14:13:09.020024" elapsed="0.000170"/>
</kw>
<kw name="Create List" owner="BuiltIn">
<msg time="2024-07-28T14:13:09.020629" level="INFO">${expected_keys} = ['gender', 'name', 'location', 'email', 'login']</msg>
<var>${expected_keys}</var>
<arg>gender</arg>
<arg>name</arg>
<arg>location</arg>
<arg>email</arg>
<arg>login</arg>
<doc>Returns a list containing given items.</doc>
<status status="PASS" start="2024-07-28T14:13:09.020476" elapsed="0.000177"/>
</kw>
<for flavor="IN">
<iter>
<kw name="Dictionary Should Contain Key" owner="Collections">
<arg>${json_data['results'][0]}</arg>
<arg>${key}</arg>
<doc>Fails if ``key`` is not found from ``dictionary``.</doc>
<status status="PASS" start="2024-07-28T14:13:09.021228" elapsed="0.000464"/>
</kw>
<kw name="Log" owner="BuiltIn">
<msg time="2024-07-28T14:13:09.022232" level="INFO">{'gender': 'male', 'name': {'title': 'Mr', 'first': 'Shane', 'last': 'Wood'}, 'location': {'street': {'number': 9792, 'name': 'Patrick Street'}, 'city': 'Carlow', 'state': 'Meath', 'country': 'Ireland', 'postcode': 65143, 'coordinates': {'latitude': '-1.9031', 'longitude': '-37.0924'}, 'timezone': {'offset': '+6:00', 'description': 'Almaty, Dhaka, Colombo'}}, 'email': 'shane.wood@example.com', 'login': {'uuid': 'efcfa2a9-44e9-464c-b429-9dd945d5e659', 'username': 'bluemeercat631', 'password': 'counter', 'salt': 'rs4MxrX8', 'md5': '91b33f96eea1e7edb746b14b826adfd9', 'sha1': 'd334a27258f89dc8a3ae5c93a5e60b8266e26118', 'sha256': 'f01a7aa866ebb7cc27a7130e4c0b053026be4ece95c11ca30f7c638674fd14c2'}, 'dob': {'date': '1993-01-15T06:18:51.695Z', 'age': 31}, 'registered': {'date': '2019-08-07T00:39:38.157Z', 'age': 4}, 'phone': '031-383-9335', 'cell': '081-483-4483', 'id': {'name': 'PPS', 'value': '4790769T'}, 'picture': {'large': 'https://randomuser.me/api/portraits/men/60.jpg', 'medium': 'https://randomuser.me/api/portraits/med/men/60.jpg', 'thumbnail': 'https://randomuser.me/api/portraits/thumb/men/60.jpg'}, 'nat': 'IE'}</msg>
<arg>${json_data['results'][0]}</arg>
<doc>Logs the given message with the given level.</doc>
<status status="PASS" start="2024-07-28T14:13:09.021877" elapsed="0.000403"/>
</kw>
<kw name="Log" owner="BuiltIn">
<msg time="2024-07-28T14:13:09.022707" level="INFO">gender</msg>
<arg>${key}</arg>
<doc>Logs the given message with the given level.</doc>
<status status="PASS" start="2024-07-28T14:13:09.022579" elapsed="0.000166"/>
</kw>
<var name="${key}">gender</var>
<status status="PASS" start="2024-07-28T14:13:09.021104" elapsed="0.001858"/>
</iter>
<iter>
<kw name="Dictionary Should Contain Key" owner="Collections">
<arg>${json_data['results'][0]}</arg>
<arg>${key}</arg>
<doc>Fails if ``key`` is not found from ``dictionary``.</doc>
<status status="PASS" start="2024-07-28T14:13:09.023255" elapsed="0.000374"/>
</kw>
<kw name="Log" owner="BuiltIn">
<msg time="2024-07-28T14:13:09.024164" level="INFO">{'gender': 'male', 'name': {'title': 'Mr', 'first': 'Shane', 'last': 'Wood'}, 'location': {'street': {'number': 9792, 'name': 'Patrick Street'}, 'city': 'Carlow', 'state': 'Meath', 'country': 'Ireland', 'postcode': 65143, 'coordinates': {'latitude': '-1.9031', 'longitude': '-37.0924'}, 'timezone': {'offset': '+6:00', 'description': 'Almaty, Dhaka, Colombo'}}, 'email': 'shane.wood@example.com', 'login': {'uuid': 'efcfa2a9-44e9-464c-b429-9dd945d5e659', 'username': 'bluemeercat631', 'password': 'counter', 'salt': 'rs4MxrX8', 'md5': '91b33f96eea1e7edb746b14b826adfd9', 'sha1': 'd334a27258f89dc8a3ae5c93a5e60b8266e26118', 'sha256': 'f01a7aa866ebb7cc27a7130e4c0b053026be4ece95c11ca30f7c638674fd14c2'}, 'dob': {'date': '1993-01-15T06:18:51.695Z', 'age': 31}, 'registered': {'date': '2019-08-07T00:39:38.157Z', 'age': 4}, 'phone': '031-383-9335', 'cell': '081-483-4483', 'id': {'name': 'PPS', 'value': '4790769T'}, 'picture': {'large': 'https://randomuser.me/api/portraits/men/60.jpg', 'medium': 'https://randomuser.me/api/portraits/med/men/60.jpg', 'thumbnail': 'https://randomuser.me/api/portraits/thumb/men/60.jpg'}, 'nat': 'IE'}</msg>
<arg>${json_data['results'][0]}</arg>
<doc>Logs the given message with the given level.</doc>
<status status="PASS" start="2024-07-28T14:13:09.023810" elapsed="0.000433"/>
</kw>
<kw name="Log" owner="BuiltIn">
<msg time="2024-07-28T14:13:09.024666" level="INFO">name</msg>
<arg>${key}</arg>
<doc>Logs the given message with the given level.</doc>
<status status="PASS" start="2024-07-28T14:13:09.024539" elapsed="0.000163"/>
</kw>
<var name="${key}">name</var>
<status status="PASS" start="2024-07-28T14:13:09.023145" elapsed="0.001771"/>
</iter>
<iter>
<kw name="Dictionary Should Contain Key" owner="Collections">
<arg>${json_data['results'][0]}</arg>
<arg>${key}</arg>
<doc>Fails if ``key`` is not found from ``dictionary``.</doc>
<status status="PASS" start="2024-07-28T14:13:09.025196" elapsed="0.000401"/>
</kw>
<kw name="Log" owner="BuiltIn">
<msg time="2024-07-28T14:13:09.026122" level="INFO">{'gender': 'male', 'name': {'title': 'Mr', 'first': 'Shane', 'last': 'Wood'}, 'location': {'street': {'number': 9792, 'name': 'Patrick Street'}, 'city': 'Carlow', 'state': 'Meath', 'country': 'Ireland', 'postcode': 65143, 'coordinates': {'latitude': '-1.9031', 'longitude': '-37.0924'}, 'timezone': {'offset': '+6:00', 'description': 'Almaty, Dhaka, Colombo'}}, 'email': 'shane.wood@example.com', 'login': {'uuid': 'efcfa2a9-44e9-464c-b429-9dd945d5e659', 'username': 'bluemeercat631', 'password': 'counter', 'salt': 'rs4MxrX8', 'md5': '91b33f96eea1e7edb746b14b826adfd9', 'sha1': 'd334a27258f89dc8a3ae5c93a5e60b8266e26118', 'sha256': 'f01a7aa866ebb7cc27a7130e4c0b053026be4ece95c11ca30f7c638674fd14c2'}, 'dob': {'date': '1993-01-15T06:18:51.695Z', 'age': 31}, 'registered': {'date': '2019-08-07T00:39:38.157Z', 'age': 4}, 'phone': '031-383-9335', 'cell': '081-483-4483', 'id': {'name': 'PPS', 'value': '4790769T'}, 'picture': {'large': 'https://randomuser.me/api/portraits/men/60.jpg', 'medium': 'https://randomuser.me/api/portraits/med/men/60.jpg', 'thumbnail': 'https://randomuser.me/api/portraits/thumb/men/60.jpg'}, 'nat': 'IE'}</msg>
<arg>${json_data['results'][0]}</arg>
<doc>Logs the given message with the given level.</doc>
<status status="PASS" start="2024-07-28T14:13:09.025781" elapsed="0.000390"/>
</kw>
<kw name="Log" owner="BuiltIn">
<msg time="2024-07-28T14:13:09.026597" level="INFO">location</msg>
<arg>${key}</arg>
<doc>Logs the given message with the given level.</doc>
<status status="PASS" start="2024-07-28T14:13:09.026468" elapsed="0.000166"/>
</kw>
<var name="${key}">location</var>
<status status="PASS" start="2024-07-28T14:13:09.025091" elapsed="0.001760"/>
</iter>
<iter>
<kw name="Dictionary Should Contain Key" owner="Collections">
<arg>${json_data['results'][0]}</arg>
<arg>${key}</arg>
<doc>Fails if ``key`` is not found from ``dictionary``.</doc>
<status status="PASS" start="2024-07-28T14:13:09.027130" elapsed="0.000380"/>
</kw>
<kw name="Log" owner="BuiltIn">
<msg time="2024-07-28T14:13:09.028171" level="INFO">{'gender': 'male', 'name': {'title': 'Mr', 'first': 'Shane', 'last': 'Wood'}, 'location': {'street': {'number': 9792, 'name': 'Patrick Street'}, 'city': 'Carlow', 'state': 'Meath', 'country': 'Ireland', 'postcode': 65143, 'coordinates': {'latitude': '-1.9031', 'longitude': '-37.0924'}, 'timezone': {'offset': '+6:00', 'description': 'Almaty, Dhaka, Colombo'}}, 'email': 'shane.wood@example.com', 'login': {'uuid': 'efcfa2a9-44e9-464c-b429-9dd945d5e659', 'username': 'bluemeercat631', 'password': 'counter', 'salt': 'rs4MxrX8', 'md5': '91b33f96eea1e7edb746b14b826adfd9', 'sha1': 'd334a27258f89dc8a3ae5c93a5e60b8266e26118', 'sha256': 'f01a7aa866ebb7cc27a7130e4c0b053026be4ece95c11ca30f7c638674fd14c2'}, 'dob': {'date': '1993-01-15T06:18:51.695Z', 'age': 31}, 'registered': {'date': '2019-08-07T00:39:38.157Z', 'age': 4}, 'phone': '031-383-9335', 'cell': '081-483-4483', 'id': {'name': 'PPS', 'value': '4790769T'}, 'picture': {'large': 'https://randomuser.me/api/portraits/men/60.jpg', 'medium': 'https://randomuser.me/api/portraits/med/men/60.jpg', 'thumbnail': 'https://randomuser.me/api/portraits/thumb/men/60.jpg'}, 'nat': 'IE'}</msg>
<arg>${json_data['results'][0]}</arg>
<doc>Logs the given message with the given level.</doc>
<status status="PASS" start="2024-07-28T14:13:09.027823" elapsed="0.000396"/>
</kw>
<kw name="Log" owner="BuiltIn">
<msg time="2024-07-28T14:13:09.028640" level="INFO">email</msg>
<arg>${key}</arg>
<doc>Logs the given message with the given level.</doc>
<status status="PASS" start="2024-07-28T14:13:09.028510" elapsed="0.000168"/>
</kw>
<var name="${key}">email</var>
<status status="PASS" start="2024-07-28T14:13:09.027023" elapsed="0.001869"/>
</iter>
<iter>
<kw name="Dictionary Should Contain Key" owner="Collections">
<arg>${json_data['results'][0]}</arg>
<arg>${key}</arg>
<doc>Fails if ``key`` is not found from ``dictionary``.</doc>
<status status="PASS" start="2024-07-28T14:13:09.029169" elapsed="0.000413"/>
</kw>
<kw name="Log" owner="BuiltIn">
<msg time="2024-07-28T14:13:09.030111" level="INFO">{'gender': 'male', 'name': {'title': 'Mr', 'first': 'Shane', 'last': 'Wood'}, 'location': {'street': {'number': 9792, 'name': 'Patrick Street'}, 'city': 'Carlow', 'state': 'Meath', 'country': 'Ireland', 'postcode': 65143, 'coordinates': {'latitude': '-1.9031', 'longitude': '-37.0924'}, 'timezone': {'offset': '+6:00', 'description': 'Almaty, Dhaka, Colombo'}}, 'email': 'shane.wood@example.com', 'login': {'uuid': 'efcfa2a9-44e9-464c-b429-9dd945d5e659', 'username': 'bluemeercat631', 'password': 'counter', 'salt': 'rs4MxrX8', 'md5': '91b33f96eea1e7edb746b14b826adfd9', 'sha1': 'd334a27258f89dc8a3ae5c93a5e60b8266e26118', 'sha256': 'f01a7aa866ebb7cc27a7130e4c0b053026be4ece95c11ca30f7c638674fd14c2'}, 'dob': {'date': '1993-01-15T06:18:51.695Z', 'age': 31}, 'registered': {'date': '2019-08-07T00:39:38.157Z', 'age': 4}, 'phone': '031-383-9335', 'cell': '081-483-4483', 'id': {'name': 'PPS', 'value': '4790769T'}, 'picture': {'large': 'https://randomuser.me/api/portraits/men/60.jpg', 'medium': 'https://randomuser.me/api/portraits/med/men/60.jpg', 'thumbnail': 'https://randomuser.me/api/portraits/thumb/men/60.jpg'}, 'nat': 'IE'}</msg>
<arg>${json_data['results'][0]}</arg>
<doc>Logs the given message with the given level.</doc>
<status status="PASS" start="2024-07-28T14:13:09.029765" elapsed="0.000393"/>
</kw>
<kw name="Log" owner="BuiltIn">
<msg time="2024-07-28T14:13:09.030574" level="INFO">login</msg>
<arg>${key}</arg>
<doc>Logs the given message with the given level.</doc>
<status status="PASS" start="2024-07-28T14:13:09.030448" elapsed="0.000163"/>
</kw>
<var name="${key}">login</var>
<status status="PASS" start="2024-07-28T14:13:09.029061" elapsed="0.001763"/>
</iter>
<var>${key}</var>
<value>@{expected_keys}</value>
<status status="PASS" start="2024-07-28T14:13:09.020912" elapsed="0.010031"/>
</for>
<kw name="Create List" owner="BuiltIn">
<msg time="2024-07-28T14:13:09.031271" level="INFO">${expected_keysTwo} = ['username', 'password']</msg>
<var>${expected_keysTwo}</var>
<arg>username</arg>
<arg>password</arg>
<doc>Returns a list containing given items.</doc>
<status status="PASS" start="2024-07-28T14:13:09.031131" elapsed="0.000164"/>
</kw>
<for flavor="IN">
<iter>
<kw name="Dictionary Should Contain Key" owner="Collections">
<arg>${json_data['results'][0]['login']}</arg>
<arg>${keyTwo}</arg>
<doc>Fails if ``key`` is not found from ``dictionary``.</doc>
<status status="PASS" start="2024-07-28T14:13:09.031816" elapsed="0.000376"/>
</kw>
<kw name="Dictionary Should Contain Key" owner="Collections">
<arg>${json_data['results'][0]['login']}</arg>
<arg>${keyTwo}</arg>
<doc>Fails if ``key`` is not found from ``dictionary``.</doc>
<status status="PASS" start="2024-07-28T14:13:09.032371" elapsed="0.000364"/>
</kw>
<kw name="Log" owner="BuiltIn">
<msg time="2024-07-28T14:13:09.033027" level="INFO">username</msg>
<arg>${keyTwo}</arg>
<doc>Logs the given message with the given level.</doc>
<status status="PASS" start="2024-07-28T14:13:09.032907" elapsed="0.000158"/>
</kw>
<var name="${keyTwo}">username</var>
<status status="PASS" start="2024-07-28T14:13:09.031711" elapsed="0.001588"/>
</iter>
<iter>
<kw name="Dictionary Should Contain Key" owner="Collections">
<arg>${json_data['results'][0]['login']}</arg>
<arg>${keyTwo}</arg>
<doc>Fails if ``key`` is not found from ``dictionary``.</doc>
<status status="PASS" start="2024-07-28T14:13:09.033586" elapsed="0.000381"/>
</kw>
<kw name="Dictionary Should Contain Key" owner="Collections">
<arg>${json_data['results'][0]['login']}</arg>
<arg>${keyTwo}</arg>
<doc>Fails if ``key`` is not found from ``dictionary``.</doc>
<status status="PASS" start="2024-07-28T14:13:09.034145" elapsed="0.000364"/>
</kw>
<kw name="Log" owner="BuiltIn">
<msg time="2024-07-28T14:13:09.034808" level="INFO">password</msg>
<arg>${keyTwo}</arg>
<doc>Logs the given message with the given level.</doc>
<status status="PASS" start="2024-07-28T14:13:09.034684" elapsed="0.000160"/>
</kw>
<var name="${keyTwo}">password</var>
<status status="PASS" start="2024-07-28T14:13:09.033474" elapsed="0.001588"/>
</iter>
<var>${keyTwo}</var>
<value>@{expected_keysTwo}</value>
<status status="PASS" start="2024-07-28T14:13:09.031556" elapsed="0.003627"/>
</for>
<status status="PASS" start="2024-07-28T14:13:08.928750" elapsed="0.106577"/>
</kw>
<doc>Testa a estrutura da resposta da API.</doc>
<tag>testeEstruturaResposta</tag>
<status status="PASS" start="2024-07-28T14:13:08.928160" elapsed="0.107328"/>
</test>
<test id="s1-s1-t4" name="Validar tipos de dados" line="28">
<kw name="Teste de Tipos de Dados" owner="random-user-service">
<kw name="GET On Session" owner="RequestsLibrary">
<msg time="2024-07-28T14:13:09.145279" level="INFO">GET Request : url=https://randomuser.me/api 
 path_url=/api 
 headers={'User-Agent': 'python-requests/2.32.3', 'Accept-Encoding': 'gzip, deflate', 'Accept': '*/*', 'Connection': 'keep-alive'} 
 body=None 
 </msg>
<msg time="2024-07-28T14:13:09.145377" level="INFO">GET Response : url=https://randomuser.me/api 
 status=200, reason=OK 
 headers={'Date': 'Sun, 28 Jul 2024 14:13:09 GMT', 'Content-Type': 'application/json; charset=utf-8', 'Transfer-Encoding': 'chunked', 'Connection': 'keep-alive', 'X-Powered-By': 'Express', 'Access-Control-Allow-Origin': '*', 'Cache-Control': 'no-cache', 'ETag': 'W/"487-Z3nTPMtPzWnCI4hDhD1CFhUlHX8"', 'Vary': 'Accept-Encoding', 'Content-Encoding': 'gzip', 'CF-Cache-Status': 'DYNAMIC', 'Report-To': '{"endpoints":[{"url":"https:\\/\\/a.nel.cloudflare.com\\/report\\/v4?s=KO89Hl7cHcIxZee67CnNiUQxgaTDz0uFZhA6hSD8ebLKUJk9S%2BXx%2B3WMtNQpw1NNvw5K%2Fuwn9F7gloTECCuESt5mEWbF7aOOkZKYIpIFjcUC9OdUJy9Slqtm15vUbOp3"}],"group":"cf-nel","max_age":604800}', 'NEL': '{"success_fraction":0,"report_to":"cf-nel","max_age":604800}', 'Server': 'cloudflare', 'CF-RAY': '8aa577db7fe0080a-IAD', 'alt-svc': 'h3=":443"; ma=86400'} 
 body={"results":[{"gender":"male","name":{"title":"Mr","first":"Topias","last":"Anttila"},"location":{"street":{"number":8898,"name":"Korkeavuorenkatu"},"city":"Jomala","state":"Northern Savonia","country":"Finland","postcode":98834,"coordinates":{"latitude":"-26.8948","longitude":"-19.6382"},"timezone":{"offset":"-2:00","description":"Mid-Atlantic"}},"email":"topias.anttila@example.com","login":{"uuid":"e06e527f-c200-4509-a92f-2fa3133e95f1","username":"blackzebra242","password":"masters","salt":"VlcbtcJN","md5":"e6fbb7999a6a20c86cf6c2412da91489","sha1":"b11885807a625f53d81541062fd4865dc6800e40","sha256":"5af29da892826f4fa76618ae51677dcd69e1d020acf73140744c3763d53e1c98"},"dob":{"date":"1998-06-26T19:59:13.635Z","age":26},"registered":{"date":"2015-11-02T22:17:59.287Z","age":8},"phone":"02-229-539","cell":"040-275-70-93","id":{"name":"HETU","value":"NaNNA387undefined"},"picture":{"large":"https://randomuser.me/api/portraits/men/22.jpg","medium":"https://randomuser.me/api/portraits/med/men/22.jpg","thumbnail":"https://randomuser.me/api/portraits/thumb/men/22.jpg"},"nat":"FI"}],"info":{"seed":"b2aaab3d23d3dc6d","results":1,"page":1,"version":"1.4"}} 
 </msg>
<msg time="2024-07-28T14:13:09.145449" level="INFO">/opt/hostedtoolcache/Python/3.12.4/x64/lib/python3.12/site-packages/urllib3/connectionpool.py:1099: InsecureRequestWarning: Unverified HTTPS request is being made to host 'randomuser.me'. Adding certificate verification is strongly advised. See: https://urllib3.readthedocs.io/en/latest/advanced-usage.html#tls-warnings
  warnings.warn(</msg>
<msg time="2024-07-28T14:13:09.145574" level="INFO">${response} = &lt;Response [200]&gt;</msg>
<var>${response}</var>
<arg>consultarAPI</arg>
<arg>/api</arg>
<doc>Sends a GET request on a previously created HTTP Session.</doc>
<status status="PASS" start="2024-07-28T14:13:09.038073" elapsed="0.107548"/>
</kw>
<kw name="Set Variable" owner="BuiltIn">
<msg time="2024-07-28T14:13:09.146829" level="INFO">${json_data} = {'results': [{'gender': 'male', 'name': {'title': 'Mr', 'first': 'Topias', 'last': 'Anttila'}, 'location': {'street': {'number': 8898, 'name': 'Korkeavuorenkatu'}, 'city': 'Jomala', 'state': 'Northern...</msg>
<var>${json_data}</var>
<arg>${response.json()}</arg>
<doc>Returns the given values which can then be assigned to a variables.</doc>
<status status="PASS" start="2024-07-28T14:13:09.146233" elapsed="0.000625"/>
</kw>
<kw name="Log" owner="BuiltIn">
<msg time="2024-07-28T14:13:09.147325" level="INFO">{'results': [{'gender': 'male', 'name': {'title': 'Mr', 'first': 'Topias', 'last': 'Anttila'}, 'location': {'street': {'number': 8898, 'name': 'Korkeavuorenkatu'}, 'city': 'Jomala', 'state': 'Northern Savonia', 'country': 'Finland', 'postcode': 98834, 'coordinates': {'latitude': '-26.8948', 'longitude': '-19.6382'}, 'timezone': {'offset': '-2:00', 'description': 'Mid-Atlantic'}}, 'email': 'topias.anttila@example.com', 'login': {'uuid': 'e06e527f-c200-4509-a92f-2fa3133e95f1', 'username': 'blackzebra242', 'password': 'masters', 'salt': 'VlcbtcJN', 'md5': 'e6fbb7999a6a20c86cf6c2412da91489', 'sha1': 'b11885807a625f53d81541062fd4865dc6800e40', 'sha256': '5af29da892826f4fa76618ae51677dcd69e1d020acf73140744c3763d53e1c98'}, 'dob': {'date': '1998-06-26T19:59:13.635Z', 'age': 26}, 'registered': {'date': '2015-11-02T22:17:59.287Z', 'age': 8}, 'phone': '02-229-539', 'cell': '040-275-70-93', 'id': {'name': 'HETU', 'value': 'NaNNA387undefined'}, 'picture': {'large': 'https://randomuser.me/api/portraits/men/22.jpg', 'medium': 'https://randomuser.me/api/portraits/med/men/22.jpg', 'thumbnail': 'https://randomuser.me/api/portraits/thumb/men/22.jpg'}, 'nat': 'FI'}], 'info': {'seed': 'b2aaab3d23d3dc6d', 'results': 1, 'page': 1, 'version': '1.4'}}</msg>
<arg>${json_data}</arg>
<doc>Logs the given message with the given level.</doc>
<status status="PASS" start="2024-07-28T14:13:09.147168" elapsed="0.000205"/>
</kw>
<kw name="Should Be String" owner="String">
<arg>${json_data['results'][0]['gender']}</arg>
<doc>Fails if the given ``item`` is not a string.</doc>
<status status="PASS" start="2024-07-28T14:13:09.147664" elapsed="0.000367"/>
</kw>
<kw name="Should Match Regexp" owner="BuiltIn">
<arg>${json_data['results'][0]['email']}</arg>
<arg>^[a-zA-Z0-9._%+-]+@[a-zA-Z0-9.-]+\.[a-zA-Z]{2,}$</arg>
<doc>Fails if ``string`` does not match ``pattern`` as a regular expression.</doc>
<status status="PASS" start="2024-07-28T14:13:09.148226" elapsed="0.000517"/>
</kw>
<kw name="Should Match Regexp" owner="BuiltIn">
<arg>${json_data['results'][0]['dob']['date']}</arg>
<arg>\\d{4}-\\d{2}-\\d{2}T\\d{2}:\\d{2}:\\d{2}\\.\\d{3}Z</arg>
<doc>Fails if ``string`` does not match ``pattern`` as a regular expression.</doc>
<status status="PASS" start="2024-07-28T14:13:09.148970" elapsed="0.000665"/>
</kw>
<kw name="Should Match Regexp" owner="BuiltIn">
<arg>${json_data['results'][0]['registered']['date']}</arg>
<arg>\\d{4}-\\d{2}-\\d{2}T\\d{2}:\\d{2}:\\d{2}\\.\\d{3}Z</arg>
<doc>Fails if ``string`` does not match ``pattern`` as a regular expression.</doc>
<status status="PASS" start="2024-07-28T14:13:09.149831" elapsed="0.000372"/>
</kw>
<kw name="Should Match Regexp" owner="BuiltIn">
<arg>${json_data['results'][0]['picture']['large']}</arg>
<arg>^https?://.*\.(?:png|jpe?g|gif|bmp)$</arg>
<doc>Fails if ``string`` does not match ``pattern`` as a regular expression.</doc>
<status status="PASS" start="2024-07-28T14:13:09.150388" elapsed="0.000458"/>
</kw>
<kw name="Should Match Regexp" owner="BuiltIn">
<arg>${json_data['results'][0]['picture']['medium']}</arg>
<arg>^https?://.*\.(?:png|jpe?g|gif|bmp)$</arg>
<doc>Fails if ``string`` does not match ``pattern`` as a regular expression.</doc>
<status status="PASS" start="2024-07-28T14:13:09.151032" elapsed="0.000353"/>
</kw>
<kw name="Should Match Regexp" owner="BuiltIn">
<arg>${json_data['results'][0]['picture']['thumbnail']}</arg>
<arg>^https?://.*\.(?:png|jpe?g|gif|bmp)$</arg>
<doc>Fails if ``string`` does not match ``pattern`` as a regular expression.</doc>
<status status="PASS" start="2024-07-28T14:13:09.151567" elapsed="0.000353"/>
</kw>
<kw name="Log" owner="BuiltIn">
<msg time="2024-07-28T14:13:09.152422" level="INFO">{'large': 'https://randomuser.me/api/portraits/men/22.jpg', 'medium': 'https://randomuser.me/api/portraits/med/men/22.jpg', 'thumbnail': 'https://randomuser.me/api/portraits/thumb/men/22.jpg'}</msg>
<arg>${json_data['results'][0]['picture']}</arg>
<doc>Logs the given message with the given level.</doc>
<status status="PASS" start="2024-07-28T14:13:09.152100" elapsed="0.000364"/>
</kw>
<status status="PASS" start="2024-07-28T14:13:09.037846" elapsed="0.114878"/>
</kw>
<kw name="Teste de Tipos de Dados - Postcode" owner="random-user-service">
<kw name="GET On Session" owner="RequestsLibrary">
<msg time="2024-07-28T14:13:09.232287" level="INFO">GET Request : url=https://randomuser.me/api 
 path_url=/api 
 headers={'User-Agent': 'python-requests/2.32.3', 'Accept-Encoding': 'gzip, deflate', 'Accept': '*/*', 'Connection': 'keep-alive'} 
 body=None 
 </msg>
<msg time="2024-07-28T14:13:09.232366" level="INFO">GET Response : url=https://randomuser.me/api 
 status=200, reason=OK 
 headers={'Date': 'Sun, 28 Jul 2024 14:13:09 GMT', 'Content-Type': 'application/json; charset=utf-8', 'Transfer-Encoding': 'chunked', 'Connection': 'keep-alive', 'X-Powered-By': 'Express', 'Access-Control-Allow-Origin': '*', 'Cache-Control': 'no-cache', 'ETag': 'W/"497-yo5PI2uICH0I6Wf9Q7Z93XDl2m0"', 'Vary': 'Accept-Encoding', 'Content-Encoding': 'gzip', 'CF-Cache-Status': 'DYNAMIC', 'Report-To': '{"endpoints":[{"url":"https:\\/\\/a.nel.cloudflare.com\\/report\\/v4?s=qXX%2BKRm9YUKHfi5myTsDQGRiOajrHZRFkGfoI382WUsBDfZl0A5tEvAdZqUHnDLhr2ZlA1g5mOKx8rvOFy1EvE4GX3Ky8KctXiUlsrfnyU74ep7S6R5Z6kJRys7zbc%2Bd"}],"group":"cf-nel","max_age":604800}', 'NEL': '{"success_fraction":0,"report_to":"cf-nel","max_age":604800}', 'Server': 'cloudflare', 'CF-RAY': '8aa577dc3889080a-IAD', 'alt-svc': 'h3=":443"; ma=86400'} 
 body={"results":[{"gender":"female","name":{"title":"Miss","first":"Hercília","last":"Rocha"},"location":{"street":{"number":6170,"name":"Rua Belo Horizonte "},"city":"Foz do Iguaçu","state":"Tocantins","country":"Brazil","postcode":32961,"coordinates":{"latitude":"-72.9075","longitude":"148.2247"},"timezone":{"offset":"-2:00","description":"Mid-Atlantic"}},"email":"hercilia.rocha@example.com","login":{"uuid":"6d56925f-4a67-4070-85c7-bcd364f57848","username":"heavypanda801","password":"salsero","salt":"NyBaDbat","md5":"6a9c841cd3bcd8fb0930c8def4d5bdc2","sha1":"88f7175de8049f86088d63bf88603695d5f951bc","sha256":"e8a5d693255865d6feac750362243ac59328753c50470df4105b044cbab4e436"},"dob":{"date":"1993-12-25T21:44:47.981Z","age":30},"registered":{"date":"2006-09-10T08:42:53.014Z","age":17},"phone":"(29) 3452-5698","cell":"(27) 5880-8040","id":{"name":"CPF","value":"641.301.317-73"},"picture":{"large":"https://randomuser.me/api/portraits/women/40.jpg","medium":"https://randomuser.me/api/portraits/med/women/40.jpg","thumbnail":"https://randomuser.me/api/portraits/thumb/women/40.jpg"},"nat":"BR"}],"info":{"seed":"eae2b4635424c974","results":1,"page":1,"version":"1.4"}} 
 </msg>
<msg time="2024-07-28T14:13:09.232425" level="INFO">/opt/hostedtoolcache/Python/3.12.4/x64/lib/python3.12/site-packages/urllib3/connectionpool.py:1099: InsecureRequestWarning: Unverified HTTPS request is being made to host 'randomuser.me'. Adding certificate verification is strongly advised. See: https://urllib3.readthedocs.io/en/latest/advanced-usage.html#tls-warnings
  warnings.warn(</msg>
<msg time="2024-07-28T14:13:09.232513" level="INFO">${response} = &lt;Response [200]&gt;</msg>
<var>${response}</var>
<arg>consultarAPI</arg>
<arg>/api</arg>
<doc>Sends a GET request on a previously created HTTP Session.</doc>
<status status="PASS" start="2024-07-28T14:13:09.153180" elapsed="0.079372"/>
</kw>
<kw name="Set Variable" owner="BuiltIn">
<msg time="2024-07-28T14:13:09.233696" level="INFO">${json_data} = {'results': [{'gender': 'female', 'name': {'title': 'Miss', 'first': 'Hercília', 'last': 'Rocha'}, 'location': {'street': {'number': 6170, 'name': 'Rua Belo Horizonte '}, 'city': 'Foz do Iguaçu', 'sta...</msg>
<var>${json_data}</var>
<arg>${response.json()}</arg>
<doc>Returns the given values which can then be assigned to a variables.</doc>
<status status="PASS" start="2024-07-28T14:13:09.233029" elapsed="0.000697"/>
</kw>
<kw name="Log" owner="BuiltIn">
<msg time="2024-07-28T14:13:09.234193" level="INFO">{'results': [{'gender': 'female', 'name': {'title': 'Miss', 'first': 'Hercília', 'last': 'Rocha'}, 'location': {'street': {'number': 6170, 'name': 'Rua Belo Horizonte '}, 'city': 'Foz do Iguaçu', 'state': 'Tocantins', 'country': 'Brazil', 'postcode': 32961, 'coordinates': {'latitude': '-72.9075', 'longitude': '148.2247'}, 'timezone': {'offset': '-2:00', 'description': 'Mid-Atlantic'}}, 'email': 'hercilia.rocha@example.com', 'login': {'uuid': '6d56925f-4a67-4070-85c7-bcd364f57848', 'username': 'heavypanda801', 'password': 'salsero', 'salt': 'NyBaDbat', 'md5': '6a9c841cd3bcd8fb0930c8def4d5bdc2', 'sha1': '88f7175de8049f86088d63bf88603695d5f951bc', 'sha256': 'e8a5d693255865d6feac750362243ac59328753c50470df4105b044cbab4e436'}, 'dob': {'date': '1993-12-25T21:44:47.981Z', 'age': 30}, 'registered': {'date': '2006-09-10T08:42:53.014Z', 'age': 17}, 'phone': '(29) 3452-5698', 'cell': '(27) 5880-8040', 'id': {'name': 'CPF', 'value': '641.301.317-73'}, 'picture': {'large': 'https://randomuser.me/api/portraits/women/40.jpg', 'medium': 'https://randomuser.me/api/portraits/med/women/40.jpg', 'thumbnail': 'https://randomuser.me/api/portraits/thumb/women/40.jpg'}, 'nat': 'BR'}], 'info': {'seed': 'eae2b4635424c974', 'results': 1, 'page': 1, 'version': '1.4'}}</msg>
<arg>${json_data}</arg>
<doc>Logs the given message with the given level.</doc>
<status status="PASS" start="2024-07-28T14:13:09.234036" elapsed="0.000205"/>
</kw>
<kw name="Should Be Equal As Numbers" owner="BuiltIn">
<arg>${json_data['results'][0]['location']['postcode']}</arg>
<arg>${json_data['results'][0]['location']['postcode']}</arg>
<doc>Fails if objects are unequal after converting them to real numbers.</doc>
<status status="PASS" start="2024-07-28T14:13:09.234535" elapsed="0.000628"/>
</kw>
<kw name="Log" owner="BuiltIn">
<msg time="2024-07-28T14:13:09.235691" level="INFO">32961</msg>
<arg>${json_data['results'][0]['location']['postcode']}</arg>
<doc>Logs the given message with the given level.</doc>
<status status="PASS" start="2024-07-28T14:13:09.235357" elapsed="0.000374"/>
</kw>
<status status="PASS" start="2024-07-28T14:13:09.152948" elapsed="0.083033"/>
</kw>
<doc>Testa se os tipos de dados na resposta da API estão corretos.</doc>
<tag>testeTiposDados</tag>
<status status="PASS" start="2024-07-28T14:13:09.037287" elapsed="0.198890"/>
</test>
<test id="s1-s1-t5" name="Validar conteudo" line="35">
<kw name="Teste de Tipos de Conteudo" owner="random-user-service">
<kw name="GET On Session" owner="RequestsLibrary">
<msg time="2024-07-28T14:13:09.282946" level="INFO">GET Request : url=https://randomuser.me/api 
 path_url=/api 
 headers={'User-Agent': 'python-requests/2.32.3', 'Accept-Encoding': 'gzip, deflate', 'Accept': '*/*', 'Connection': 'keep-alive'} 
 body=None 
 </msg>
<msg time="2024-07-28T14:13:09.283029" level="INFO">GET Response : url=https://randomuser.me/api 
 status=200, reason=OK 
 headers={'Date': 'Sun, 28 Jul 2024 14:13:09 GMT', 'Content-Type': 'application/json; charset=utf-8', 'Transfer-Encoding': 'chunked', 'Connection': 'keep-alive', 'X-Powered-By': 'Express', 'Access-Control-Allow-Origin': '*', 'Cache-Control': 'no-cache', 'ETag': 'W/"49c-lau3UHq0mNT9/DaDL6xRE8rC4yI"', 'Vary': 'Accept-Encoding', 'Content-Encoding': 'gzip', 'CF-Cache-Status': 'DYNAMIC', 'Report-To': '{"endpoints":[{"url":"https:\\/\\/a.nel.cloudflare.com\\/report\\/v4?s=vBBhbsRF4dx9XDg%2FryOnRoHOuzFIDUxzqR%2BTNfeLFmJCEfVcX1Vp1dCs0Hu6aTWdjaPvMpguK0sXTNZTx3wIh2sC00a4Ls4Goksc3a9Ja28HTMGFEXJpluMsIHDKWXaz"}],"group":"cf-nel","max_age":604800}', 'NEL': '{"success_fraction":0,"report_to":"cf-nel","max_age":604800}', 'Server': 'cloudflare', 'CF-RAY': '8aa577dcb8f8080a-IAD', 'alt-svc': 'h3=":443"; ma=86400'} 
 body={"results":[{"gender":"male","name":{"title":"Mr","first":"Aatu","last":"Mikkola"},"location":{"street":{"number":4523,"name":"Pirkankatu"},"city":"Lavia","state":"Central Ostrobothnia","country":"Finland","postcode":93769,"coordinates":{"latitude":"-29.8539","longitude":"-26.7209"},"timezone":{"offset":"-4:00","description":"Atlantic Time (Canada), Caracas, La Paz"}},"email":"aatu.mikkola@example.com","login":{"uuid":"0947860e-8175-448c-8b39-3efe1d2de97a","username":"bluemeercat305","password":"project","salt":"GfDttFVV","md5":"6c2e7ca60b39b943c2d19e75ac63d67f","sha1":"a4e66203229e79b5c14c719c96ab7f1192358e15","sha256":"ed4b89794442f45fdb8ad8faeb5f0c335e38b0f6d975f54a3c55ed7d5f584442"},"dob":{"date":"1997-01-24T13:57:41.008Z","age":27},"registered":{"date":"2021-02-27T05:58:16.472Z","age":3},"phone":"02-818-864","cell":"046-919-01-76","id":{"name":"HETU","value":"NaNNA869undefined"},"picture":{"large":"https://randomuser.me/api/portraits/men/88.jpg","medium":"https://randomuser.me/api/portraits/med/men/88.jpg","thumbnail":"https://randomuser.me/api/portraits/thumb/men/88.jpg"},"nat":"FI"}],"info":{"seed":"38df81f3900e06b2","results":1,"page":1,"version":"1.4"}} 
 </msg>
<msg time="2024-07-28T14:13:09.283106" level="INFO">/opt/hostedtoolcache/Python/3.12.4/x64/lib/python3.12/site-packages/urllib3/connectionpool.py:1099: InsecureRequestWarning: Unverified HTTPS request is being made to host 'randomuser.me'. Adding certificate verification is strongly advised. See: https://urllib3.readthedocs.io/en/latest/advanced-usage.html#tls-warnings
  warnings.warn(</msg>
<msg time="2024-07-28T14:13:09.283223" level="INFO">${response} = &lt;Response [200]&gt;</msg>
<var>${response}</var>
<arg>consultarAPI</arg>
<arg>/api</arg>
<doc>Sends a GET request on a previously created HTTP Session.</doc>
<status status="PASS" start="2024-07-28T14:13:09.238703" elapsed="0.044574"/>
</kw>
<kw name="Set Variable" owner="BuiltIn">
<msg time="2024-07-28T14:13:09.284505" level="INFO">${json_data} = {'results': [{'gender': 'male', 'name': {'title': 'Mr', 'first': 'Aatu', 'last': 'Mikkola'}, 'location': {'street': {'number': 4523, 'name': 'Pirkankatu'}, 'city': 'Lavia', 'state': 'Central Ostroboth...</msg>
<var>${json_data}</var>
<arg>${response.json()}</arg>
<doc>Returns the given values which can then be assigned to a variables.</doc>
<status status="PASS" start="2024-07-28T14:13:09.283828" elapsed="0.000707"/>
</kw>
<kw name="Set Variable" owner="BuiltIn">
<msg time="2024-07-28T14:13:09.285233" level="INFO">${name_title} = Mr</msg>
<var>${name_title}</var>
<arg>${json_data["results"][0]["name"]["title"]}</arg>
<doc>Returns the given values which can then be assigned to a variables.</doc>
<status status="PASS" start="2024-07-28T14:13:09.284846" elapsed="0.000450"/>
</kw>
<kw name="Create List" owner="BuiltIn">
<msg time="2024-07-28T14:13:09.285751" level="INFO">${allowed_titles} = ['Mr', 'Ms', 'Miss', 'Mrs', 'Madame', 'Monsieur']</msg>
<var>${allowed_titles}</var>
<arg>Mr</arg>
<arg>Ms</arg>
<arg>Miss</arg>
<arg>Mrs</arg>
<arg>Madame</arg>
<arg>Monsieur</arg>
<doc>Returns a list containing given items.</doc>
<status status="PASS" start="2024-07-28T14:13:09.285602" elapsed="0.000174"/>
</kw>
<kw name="List Should Contain Value" owner="Collections">
<arg>${allowed_titles}</arg>
<arg>${name_title}</arg>
<doc>Fails if the ``value`` is not found from ``list``.</doc>
<status status="PASS" start="2024-07-28T14:13:09.286072" elapsed="0.000176"/>
</kw>
<kw name="Set Variable" owner="BuiltIn">
<msg time="2024-07-28T14:13:09.286810" level="INFO">${name_country} = FI</msg>
<var>${name_country}</var>
<arg>${json_data["results"][0]["nat"]}</arg>
<doc>Returns the given values which can then be assigned to a variables.</doc>
<status status="PASS" start="2024-07-28T14:13:09.286434" elapsed="0.000401"/>
</kw>
<kw name="Create List" owner="BuiltIn">
<msg time="2024-07-28T14:13:09.287715" level="INFO">${list_country} = ['AD', 'AE', 'AF', 'AG', 'AI', 'AL', 'AM', 'AO', 'AQ', 'AR', 'AS', 'AT', 'AU', 'AW', 'AX', 'AZ', 'BA', 'BB', 'BD', 'BE', 'BF', 'BG', 'BH', 'BI', 'BJ', 'BL', 'BM', 'BN', 'BO', 'BQ', 'BR', 'BS', 'BT', '...</msg>
<var>${list_country}</var>
<arg>AD</arg>
<arg>AE</arg>
<arg>AF</arg>
<arg>AG</arg>
<arg>AI</arg>
<arg>AL</arg>
<arg>AM</arg>
<arg>AO</arg>
<arg>AQ</arg>
<arg>AR</arg>
<arg>AS</arg>
<arg>AT</arg>
<arg>AU</arg>
<arg>AW</arg>
<arg>AX</arg>
<arg>AZ</arg>
<arg>BA</arg>
<arg>BB</arg>
<arg>BD</arg>
<arg>BE</arg>
<arg>BF</arg>
<arg>BG</arg>
<arg>BH</arg>
<arg>BI</arg>
<arg>BJ</arg>
<arg>BL</arg>
<arg>BM</arg>
<arg>BN</arg>
<arg>BO</arg>
<arg>BQ</arg>
<arg>BR</arg>
<arg>BS</arg>
<arg>BT</arg>
<arg>BV</arg>
<arg>BW</arg>
<arg>BY</arg>
<arg>BZ</arg>
<arg>CA</arg>
<arg>CC</arg>
<arg>CD</arg>
<arg>CF</arg>
<arg>CG</arg>
<arg>CH</arg>
<arg>CI</arg>
<arg>CK</arg>
<arg>CL</arg>
<arg>CM</arg>
<arg>CN</arg>
<arg>CO</arg>
<arg>CR</arg>
<arg>CU</arg>
<arg>CV</arg>
<arg>CW</arg>
<arg>CX</arg>
<arg>CY</arg>
<arg>CZ</arg>
<arg>DE</arg>
<arg>DJ</arg>
<arg>DK</arg>
<arg>DM</arg>
<arg>DO</arg>
<arg>DZ</arg>
<arg>EC</arg>
<arg>EE</arg>
<arg>EG</arg>
<arg>EH</arg>
<arg>ER</arg>
<arg>ES</arg>
<arg>ET</arg>
<arg>FI</arg>
<arg>FJ</arg>
<arg>FK</arg>
<arg>FM</arg>
<arg>FO</arg>
<arg>FR</arg>
<arg>GA</arg>
<arg>GB</arg>
<arg>GD</arg>
<arg>GE</arg>
<arg>GF</arg>
<arg>GG</arg>
<arg>GH</arg>
<arg>GI</arg>
<arg>GL</arg>
<arg>GM</arg>
<arg>GN</arg>
<arg>GP</arg>
<arg>GQ</arg>
<arg>GR</arg>
<arg>GS</arg>
<arg>GT</arg>
<arg>GU</arg>
<arg>GW</arg>
<arg>GY</arg>
<arg>HK</arg>
<arg>HM</arg>
<arg>HN</arg>
<arg>HR</arg>
<arg>HT</arg>
<arg>HU</arg>
<arg>ID</arg>
<arg>IE</arg>
<arg>IL</arg>
<arg>IM</arg>
<arg>IN</arg>
<arg>IO</arg>
<arg>IQ</arg>
<arg>IR</arg>
<arg>IS</arg>
<arg>IT</arg>
<arg>JE</arg>
<arg>JM</arg>
<arg>JO</arg>
<arg>JP</arg>
<arg>KE</arg>
<arg>KG</arg>
<arg>KH</arg>
<arg>KI</arg>
<arg>KM</arg>
<arg>KN</arg>
<arg>KP</arg>
<arg>KR</arg>
<arg>KW</arg>
<arg>KY</arg>
<arg>KZ</arg>
<arg>LA</arg>
<arg>LB</arg>
<arg>LC</arg>
<arg>LI</arg>
<arg>LK</arg>
<arg>LR</arg>
<arg>LS</arg>
<arg>LT</arg>
<arg>LU</arg>
<arg>LV</arg>
<arg>LY</arg>
<arg>MA</arg>
<arg>MC</arg>
<arg>MD</arg>
<arg>ME</arg>
<arg>MF</arg>
<arg>MG</arg>
<arg>MH</arg>
<arg>MK</arg>
<arg>ML</arg>
<arg>MM</arg>
<arg>MN</arg>
<arg>MO</arg>
<arg>MP</arg>
<arg>MQ</arg>
<arg>MR</arg>
<arg>MS</arg>
<arg>MT</arg>
<arg>MU</arg>
<arg>MV</arg>
<arg>MW</arg>
<arg>MX</arg>
<arg>MY</arg>
<arg>MZ</arg>
<arg>NA</arg>
<arg>NC</arg>
<arg>NE</arg>
<arg>NF</arg>
<arg>NG</arg>
<arg>NI</arg>
<arg>NL</arg>
<arg>NO</arg>
<arg>NP</arg>
<arg>NR</arg>
<arg>NU</arg>
<arg>NZ</arg>
<arg>OM</arg>
<arg>PA</arg>
<arg>PE</arg>
<arg>PF</arg>
<arg>PG</arg>
<arg>PH</arg>
<arg>PK</arg>
<arg>PL</arg>
<arg>PM</arg>
<arg>PN</arg>
<arg>PR</arg>
<arg>PS</arg>
<arg>PT</arg>
<arg>PW</arg>
<arg>PY</arg>
<arg>QA</arg>
<arg>RE</arg>
<arg>RO</arg>
<arg>RS</arg>
<arg>RU</arg>
<arg>RW</arg>
<arg>SA</arg>
<arg>SB</arg>
<arg>SC</arg>
<arg>SD</arg>
<arg>SE</arg>
<arg>SG</arg>
<arg>SH</arg>
<arg>SI</arg>
<arg>SJ</arg>
<arg>SK</arg>
<arg>SL</arg>
<arg>SM</arg>
<arg>SN</arg>
<arg>SO</arg>
<arg>SR</arg>
<arg>SS</arg>
<arg>ST</arg>
<arg>SV</arg>
<arg>SX</arg>
<arg>SY</arg>
<arg>SZ</arg>
<arg>TC</arg>
<arg>TD</arg>
<arg>TF</arg>
<arg>TG</arg>
<arg>TH</arg>
<arg>TJ</arg>
<arg>TK</arg>
<arg>TL</arg>
<arg>TM</arg>
<arg>TN</arg>
<arg>TO</arg>
<arg>TR</arg>
<arg>TT</arg>
<arg>TV</arg>
<arg>TW</arg>
<arg>TZ</arg>
<arg>UA</arg>
<arg>UG</arg>
<arg>UM</arg>
<arg>US</arg>
<arg>UY</arg>
<arg>UZ</arg>
<arg>VA</arg>
<arg>VC</arg>
<arg>VE</arg>
<arg>VG</arg>
<arg>VI</arg>
<arg>VN</arg>
<arg>VU</arg>
<arg>WF</arg>
<arg>WS</arg>
<arg>XK</arg>
<arg>YE</arg>
<arg>YT</arg>
<arg>ZA</arg>
<arg>ZM</arg>
<arg>ZW</arg>
<doc>Returns a list containing given items.</doc>
<status status="PASS" start="2024-07-28T14:13:09.287124" elapsed="0.000617"/>
</kw>
<kw name="List Should Contain Value" owner="Collections">
<arg>${list_country}</arg>
<arg>${name_country}</arg>
<doc>Fails if the ``value`` is not found from ``list``.</doc>
<status status="PASS" start="2024-07-28T14:13:09.288679" elapsed="0.000212"/>
</kw>
<kw name="Run Keyword If" owner="BuiltIn">
<kw name="Should Be True" owner="BuiltIn">
<arg>${True}</arg>
<doc>Fails if the given condition is not true.</doc>
<status status="PASS" start="2024-07-28T14:13:09.289861" elapsed="0.000145"/>
</kw>
<arg>${json_data["results"][0]["location"]["coordinates"]["latitude"]} &gt;= -90 and ${json_data["results"][0]["location"]["coordinates"]["latitude"]} &lt;= 90</arg>
<arg>Should Be True</arg>
<arg>${True}</arg>
<doc>Runs the given keyword with the given arguments, if ``condition`` is true.</doc>
<status status="PASS" start="2024-07-28T14:13:09.289091" elapsed="0.001042"/>
</kw>
<kw name="Run Keyword If" owner="BuiltIn">
<kw name="Should Be True" owner="BuiltIn">
<arg>${True}</arg>
<doc>Fails if the given condition is not true.</doc>
<status status="PASS" start="2024-07-28T14:13:09.291002" elapsed="0.000137"/>
</kw>
<arg>${json_data["results"][0]["location"]["coordinates"]["longitude"]} &gt;= -180 and ${json_data["results"][0]["location"]["coordinates"]["longitude"]} &lt;= 180</arg>
<arg>Should Be True</arg>
<arg>${True}</arg>
<doc>Runs the given keyword with the given arguments, if ``condition`` is true.</doc>
<status status="PASS" start="2024-07-28T14:13:09.290314" elapsed="0.000949"/>
</kw>
<status status="PASS" start="2024-07-28T14:13:09.238486" elapsed="0.052905"/>
</kw>
<doc>Testa o conteúdo específico dos campos retornados pela API.</doc>
<tag>testeConteudo</tag>
<status status="PASS" start="2024-07-28T14:13:09.237966" elapsed="0.053570"/>
</test>
<status status="PASS" start="2024-07-28T14:13:08.469118" elapsed="0.824354"/>
</suite>
<status status="PASS" start="2024-07-28T14:13:08.454768" elapsed="0.843794"/>
</suite>
<statistics>
<total>
<stat pass="5" fail="0" skip="0">All Tests</stat>
</total>
<tag>
<stat pass="1" fail="0" skip="0">testeConteudo</stat>
<stat pass="1" fail="0" skip="0">testeEstruturaResposta</stat>
<stat pass="1" fail="0" skip="0">testeRequisicaoBasica</stat>
<stat pass="1" fail="0" skip="0">testeTiposDados</stat>
</tag>
<suite>
<stat pass="5" fail="0" skip="0" id="s1" name="Tests">Tests</stat>
<stat pass="5" fail="0" skip="0" id="s1-s1" name="Random-User-Test">Tests.Random-User-Test</stat>
</suite>
</statistics>
<errors>
</errors>
</robot>
