<?xml version="1.0" encoding="UTF-8"?>
<robot generator="Robot 7.0 (Python 3.12.3 on linux)" generated="2024-04-28T22:12:52.126989" rpa="false" schemaversion="5">
<suite id="s1" name="Tests" source="/home/runner/work/DesafioQAItauRogerioJordao/DesafioQAItauRogerioJordao/RamdonUser/tests">
<suite id="s1-s1" name="Random-User-Test" source="/home/runner/work/DesafioQAItauRogerioJordao/DesafioQAItauRogerioJordao/RamdonUser/tests/random-user-test.robot">
<test id="s1-s1-t1" name="Conectar" line="13">
<kw name="Conectar API" owner="random-user-service">
<kw name="Create Session" owner="RequestsLibrary">
<msg time="2024-04-28T22:12:52.490719" level="INFO">Creating Session using : alias=consultarAPI, url=https://randomuser.me/, headers={},                     cookies={}, auth=None, timeout=None, proxies=None, verify=False,                     debug=0 </msg>
<arg>consultarAPI</arg>
<arg>${URL}</arg>
<doc>Create Session: create a HTTP session to a server</doc>
<status status="PASS" start="2024-04-28T22:12:52.490517" elapsed="0.000377"/>
</kw>
<status status="PASS" start="2024-04-28T22:12:52.489561" elapsed="0.001693"/>
</kw>
<status status="PASS" start="2024-04-28T22:12:52.488944" elapsed="0.002501"/>
</test>
<test id="s1-s1-t2" name="Validar retorno 200 e JSON Válido" line="16">
<kw name="Teste de Requisicao Basica" owner="random-user-service">
<kw name="GET On Session" owner="RequestsLibrary">
<msg time="2024-04-28T22:12:52.660023" level="INFO">GET Request : url=https://randomuser.me/api 
 path_url=/api 
 headers={'User-Agent': 'python-requests/2.31.0', 'Accept-Encoding': 'gzip, deflate', 'Accept': '*/*', 'Connection': 'keep-alive'} 
 body=None 
 </msg>
<msg time="2024-04-28T22:12:52.660149" level="INFO">GET Response : url=https://randomuser.me/api 
 status=200, reason=OK 
 headers={'Date': 'Sun, 28 Apr 2024 22:12:52 GMT', 'Content-Type': 'application/json; charset=utf-8', 'Transfer-Encoding': 'chunked', 'Connection': 'keep-alive', 'X-Powered-By': 'Express', 'Access-Control-Allow-Origin': '*', 'Cache-Control': 'no-cache', 'ETag': 'W/"48d-9P7q+hjwAAGXQl87MrgQ6YzXZXA"', 'Vary': 'Accept-Encoding', 'Content-Encoding': 'gzip', 'CF-Cache-Status': 'DYNAMIC', 'Report-To': '{"endpoints":[{"url":"https:\\/\\/a.nel.cloudflare.com\\/report\\/v4?s=9cBJe%2FJyRge68%2B8DqoiZRowZonxKPJBY6aZ1sx1qJRUhGErVGyJaOWp00DuWKLWKxPNtnO35hmYcJGK%2Fa%2FU%2BhumX7ZmY6i9p7PD3zCinb4XCJnL4UbhoqUM%2BAYA1CCrH"}],"group":"cf-nel","max_age":604800}', 'NEL': '{"success_fraction":0,"report_to":"cf-nel","max_age":604800}', 'Server': 'cloudflare', 'CF-RAY': '87ba6574eb5c82f6-IAD', 'alt-svc': 'h3=":443"; ma=86400'} 
 body={"results":[{"gender":"male","name":{"title":"Mr","first":"Beau","last":"Li"},"location":{"street":{"number":6490,"name":"Kahikatea Drive"},"city":"Invercargill","state":"Hawke'S Bay","country":"New Zealand","postcode":81468,"coordinates":{"latitude":"48.2523","longitude":"-150.5712"},"timezone":{"offset":"0:00","description":"Western Europe Time, London, Lisbon, Casablanca"}},"email":"beau.li@example.com","login":{"uuid":"277a654c-4e30-4487-acaf-c49862365f8a","username":"redwolf805","password":"roland","salt":"r4odsICl","md5":"fd5afa083e87d0e3c9fc2c3c5f0e1d4f","sha1":"159ebcedcefea53518f34430defd52ab7fa76df1","sha256":"40ed1faf71032ceb16a7b4c5603b6cb548afedca036b124103a7ff4c6ee44eeb"},"dob":{"date":"1960-08-24T14:25:10.487Z","age":63},"registered":{"date":"2014-08-30T10:22:34.671Z","age":9},"phone":"(312)-439-5627","cell":"(950)-174-8421","id":{"name":"","value":null},"picture":{"large":"https://randomuser.me/api/portraits/men/51.jpg","medium":"https://randomuser.me/api/portraits/med/men/51.jpg","thumbnail":"https://randomuser.me/api/portraits/thumb/men/51.jpg"},"nat":"NZ"}],"info":{"seed":"5cfd5d8d06a199c4","results":1,"page":1,"version":"1.4"}} 
 </msg>
<msg time="2024-04-28T22:12:52.660223" level="INFO">/opt/hostedtoolcache/Python/3.12.3/x64/lib/python3.12/site-packages/urllib3/connectionpool.py:1103: InsecureRequestWarning: Unverified HTTPS request is being made to host 'randomuser.me'. Adding certificate verification is strongly advised. See: https://urllib3.readthedocs.io/en/latest/advanced-usage.html#tls-warnings
  warnings.warn(</msg>
<msg time="2024-04-28T22:12:52.660366" level="INFO">${response} = &lt;Response [200]&gt;</msg>
<var>${response}</var>
<arg>consultarAPI</arg>
<arg>/api</arg>
<doc>Sends a GET request on a previously created HTTP Session.</doc>
<status status="PASS" start="2024-04-28T22:12:52.494100" elapsed="0.166306"/>
</kw>
<kw name="Should Be Equal As Numbers" owner="BuiltIn">
<msg time="2024-04-28T22:12:52.661305" level="INFO">Argument types are:
&lt;class 'int'&gt;
&lt;class 'str'&gt;</msg>
<arg>${response.status_code}</arg>
<arg>200</arg>
<doc>Fails if objects are unequal after converting them to real numbers.</doc>
<status status="PASS" start="2024-04-28T22:12:52.660870" elapsed="0.000500"/>
</kw>
<kw name="Log" owner="BuiltIn">
<msg time="2024-04-28T22:12:52.662091" level="INFO">200</msg>
<arg>${response.status_code}</arg>
<doc>Logs the given message with the given level.</doc>
<status status="PASS" start="2024-04-28T22:12:52.661726" elapsed="0.000408"/>
</kw>
<kw name="Set Variable" owner="BuiltIn">
<msg time="2024-04-28T22:12:52.662875" level="INFO">${json_data} = {'results': [{'gender': 'male', 'name': {'title': 'Mr', 'first': 'Beau', 'last': 'Li'}, 'location': {'street': {'number': 6490, 'name': 'Kahikatea Drive'}, 'city': 'Invercargill', 'state': "Hawke'S Ba...</msg>
<var>${json_data}</var>
<arg>${response.json()}</arg>
<doc>Returns the given values which can then be assigned to a variables.</doc>
<status status="PASS" start="2024-04-28T22:12:52.662437" elapsed="0.000467"/>
</kw>
<kw name="Dictionary Should Contain Key" owner="Collections">
<msg time="2024-04-28T22:12:52.663370" level="INFO">False</msg>
<arg>${json_data}</arg>
<arg>results</arg>
<doc>Fails if ``key`` is not found from ``dictionary``.</doc>
<status status="PASS" start="2024-04-28T22:12:52.663202" elapsed="0.000208"/>
</kw>
<status status="PASS" start="2024-04-28T22:12:52.493858" elapsed="0.169847"/>
</kw>
<doc>Testa se a API responde corretamente e retorna um objeto JSON válido.</doc>
<tag>testeRequisicaoBasica</tag>
<status status="PASS" start="2024-04-28T22:12:52.493336" elapsed="0.170552"/>
</test>
<test id="s1-s1-t3" name="Validar estrutura de resposta" line="22">
<kw name="Teste de Estrutura de Resposta" owner="random-user-service">
<kw name="GET On Session" owner="RequestsLibrary">
<msg time="2024-04-28T22:12:52.763014" level="INFO">GET Request : url=https://randomuser.me/api 
 path_url=/api 
 headers={'User-Agent': 'python-requests/2.31.0', 'Accept-Encoding': 'gzip, deflate', 'Accept': '*/*', 'Connection': 'keep-alive'} 
 body=None 
 </msg>
<msg time="2024-04-28T22:12:52.763085" level="INFO">GET Response : url=https://randomuser.me/api 
 status=200, reason=OK 
 headers={'Date': 'Sun, 28 Apr 2024 22:12:52 GMT', 'Content-Type': 'application/json; charset=utf-8', 'Transfer-Encoding': 'chunked', 'Connection': 'keep-alive', 'X-Powered-By': 'Express', 'Access-Control-Allow-Origin': '*', 'Cache-Control': 'no-cache', 'ETag': 'W/"487-bTUZKA7Z7m4jBTETvK7XTUI7HkY"', 'Vary': 'Accept-Encoding', 'Content-Encoding': 'gzip', 'CF-Cache-Status': 'DYNAMIC', 'Report-To': '{"endpoints":[{"url":"https:\\/\\/a.nel.cloudflare.com\\/report\\/v4?s=oAGrmlfaW9ZacwS3LmUlQ2O2BXxJPbL%2F4geoHk1RUR83kqdZ8Cee%2FEEl2Db73P7jwWOktUHg8xK7oDELgG2%2Bp1zJI57i0hQ7UFlQdsey8D%2BWLthHyurUCZvVIyC9uRia"}],"group":"cf-nel","max_age":604800}', 'NEL': '{"success_fraction":0,"report_to":"cf-nel","max_age":604800}', 'Server': 'cloudflare', 'CF-RAY': '87ba65752ba182f6-IAD', 'alt-svc': 'h3=":443"; ma=86400'} 
 body={"results":[{"gender":"female","name":{"title":"Miss","first":"Georgia","last":"Hughes"},"location":{"street":{"number":9489,"name":"Ponsonby Road"},"city":"Hamilton","state":"Waikato","country":"New Zealand","postcode":69821,"coordinates":{"latitude":"51.6628","longitude":"7.7300"},"timezone":{"offset":"-7:00","description":"Mountain Time (US &amp; Canada)"}},"email":"georgia.hughes@example.com","login":{"uuid":"5413fa4d-a0ca-4e96-ac8d-1b3ca73f03ca","username":"smallbird730","password":"kokoko","salt":"aYP7Jx5W","md5":"f238cc26fe68b7045558d11b724fc1e7","sha1":"748ffd4497c65d6cd4e7881be78a60960d41180b","sha256":"4d21c9ada611e4d37f6284a6db61e6607099509c9cccc8ca0d475be1d3fb5768"},"dob":{"date":"1956-10-11T02:44:42.871Z","age":67},"registered":{"date":"2017-08-24T13:17:54.770Z","age":6},"phone":"(429)-027-6438","cell":"(342)-486-2117","id":{"name":"","value":null},"picture":{"large":"https://randomuser.me/api/portraits/women/62.jpg","medium":"https://randomuser.me/api/portraits/med/women/62.jpg","thumbnail":"https://randomuser.me/api/portraits/thumb/women/62.jpg"},"nat":"NZ"}],"info":{"seed":"c1cd4466c5e9d561","results":1,"page":1,"version":"1.4"}} 
 </msg>
<msg time="2024-04-28T22:12:52.763185" level="INFO">/opt/hostedtoolcache/Python/3.12.3/x64/lib/python3.12/site-packages/urllib3/connectionpool.py:1103: InsecureRequestWarning: Unverified HTTPS request is being made to host 'randomuser.me'. Adding certificate verification is strongly advised. See: https://urllib3.readthedocs.io/en/latest/advanced-usage.html#tls-warnings
  warnings.warn(</msg>
<msg time="2024-04-28T22:12:52.763299" level="INFO">${response} = &lt;Response [200]&gt;</msg>
<var>${response}</var>
<arg>consultarAPI</arg>
<arg>/api</arg>
<doc>Sends a GET request on a previously created HTTP Session.</doc>
<status status="PASS" start="2024-04-28T22:12:52.666455" elapsed="0.096885"/>
</kw>
<kw name="Set Variable" owner="BuiltIn">
<msg time="2024-04-28T22:12:52.764205" level="INFO">${json_data} = {'results': [{'gender': 'female', 'name': {'title': 'Miss', 'first': 'Georgia', 'last': 'Hughes'}, 'location': {'street': {'number': 9489, 'name': 'Ponsonby Road'}, 'city': 'Hamilton', 'state': 'Waika...</msg>
<var>${json_data}</var>
<arg>${response.json()}</arg>
<doc>Returns the given values which can then be assigned to a variables.</doc>
<status status="PASS" start="2024-04-28T22:12:52.763744" elapsed="0.000489"/>
</kw>
<kw name="Log" owner="BuiltIn">
<msg time="2024-04-28T22:12:52.764695" level="INFO">{'results': [{'gender': 'female', 'name': {'title': 'Miss', 'first': 'Georgia', 'last': 'Hughes'}, 'location': {'street': {'number': 9489, 'name': 'Ponsonby Road'}, 'city': 'Hamilton', 'state': 'Waikato', 'country': 'New Zealand', 'postcode': 69821, 'coordinates': {'latitude': '51.6628', 'longitude': '7.7300'}, 'timezone': {'offset': '-7:00', 'description': 'Mountain Time (US &amp; Canada)'}}, 'email': 'georgia.hughes@example.com', 'login': {'uuid': '5413fa4d-a0ca-4e96-ac8d-1b3ca73f03ca', 'username': 'smallbird730', 'password': 'kokoko', 'salt': 'aYP7Jx5W', 'md5': 'f238cc26fe68b7045558d11b724fc1e7', 'sha1': '748ffd4497c65d6cd4e7881be78a60960d41180b', 'sha256': '4d21c9ada611e4d37f6284a6db61e6607099509c9cccc8ca0d475be1d3fb5768'}, 'dob': {'date': '1956-10-11T02:44:42.871Z', 'age': 67}, 'registered': {'date': '2017-08-24T13:17:54.770Z', 'age': 6}, 'phone': '(429)-027-6438', 'cell': '(342)-486-2117', 'id': {'name': '', 'value': None}, 'picture': {'large': 'https://randomuser.me/api/portraits/women/62.jpg', 'medium': 'https://randomuser.me/api/portraits/med/women/62.jpg', 'thumbnail': 'https://randomuser.me/api/portraits/thumb/women/62.jpg'}, 'nat': 'NZ'}], 'info': {'seed': 'c1cd4466c5e9d561', 'results': 1, 'page': 1, 'version': '1.4'}}</msg>
<arg>${json_data}</arg>
<doc>Logs the given message with the given level.</doc>
<status status="PASS" start="2024-04-28T22:12:52.764536" elapsed="0.000208"/>
</kw>
<kw name="Dictionary Should Contain Key" owner="Collections">
<msg time="2024-04-28T22:12:52.765197" level="INFO">False</msg>
<arg>${json_data}</arg>
<arg>results</arg>
<doc>Fails if ``key`` is not found from ``dictionary``.</doc>
<status status="PASS" start="2024-04-28T22:12:52.765036" elapsed="0.000197"/>
</kw>
<kw name="Should Not Be Empty" owner="BuiltIn">
<msg time="2024-04-28T22:12:52.765665" level="INFO">Length is 2.</msg>
<arg>${json_data}</arg>
<doc>Verifies that the given item is not empty.</doc>
<status status="PASS" start="2024-04-28T22:12:52.765535" elapsed="0.000307"/>
</kw>
<kw name="Create List" owner="BuiltIn">
<msg time="2024-04-28T22:12:52.766290" level="INFO">${expected_keys} = ['gender', 'name', 'location', 'email', 'login']</msg>
<var>${expected_keys}</var>
<arg>gender</arg>
<arg>name</arg>
<arg>location</arg>
<arg>email</arg>
<arg>login</arg>
<doc>Returns a list containing given items.</doc>
<status status="PASS" start="2024-04-28T22:12:52.766137" elapsed="0.000178"/>
</kw>
<for flavor="IN">
<iter>
<kw name="Dictionary Should Contain Key" owner="Collections">
<msg time="2024-04-28T22:12:52.767284" level="INFO">False</msg>
<arg>${json_data['results'][0]}</arg>
<arg>${key}</arg>
<doc>Fails if ``key`` is not found from ``dictionary``.</doc>
<status status="PASS" start="2024-04-28T22:12:52.766887" elapsed="0.000436"/>
</kw>
<kw name="Log" owner="BuiltIn">
<msg time="2024-04-28T22:12:52.768016" level="INFO">{'gender': 'female', 'name': {'title': 'Miss', 'first': 'Georgia', 'last': 'Hughes'}, 'location': {'street': {'number': 9489, 'name': 'Ponsonby Road'}, 'city': 'Hamilton', 'state': 'Waikato', 'country': 'New Zealand', 'postcode': 69821, 'coordinates': {'latitude': '51.6628', 'longitude': '7.7300'}, 'timezone': {'offset': '-7:00', 'description': 'Mountain Time (US &amp; Canada)'}}, 'email': 'georgia.hughes@example.com', 'login': {'uuid': '5413fa4d-a0ca-4e96-ac8d-1b3ca73f03ca', 'username': 'smallbird730', 'password': 'kokoko', 'salt': 'aYP7Jx5W', 'md5': 'f238cc26fe68b7045558d11b724fc1e7', 'sha1': '748ffd4497c65d6cd4e7881be78a60960d41180b', 'sha256': '4d21c9ada611e4d37f6284a6db61e6607099509c9cccc8ca0d475be1d3fb5768'}, 'dob': {'date': '1956-10-11T02:44:42.871Z', 'age': 67}, 'registered': {'date': '2017-08-24T13:17:54.770Z', 'age': 6}, 'phone': '(429)-027-6438', 'cell': '(342)-486-2117', 'id': {'name': '', 'value': None}, 'picture': {'large': 'https://randomuser.me/api/portraits/women/62.jpg', 'medium': 'https://randomuser.me/api/portraits/med/women/62.jpg', 'thumbnail': 'https://randomuser.me/api/portraits/thumb/women/62.jpg'}, 'nat': 'NZ'}</msg>
<arg>${json_data['results'][0]}</arg>
<doc>Logs the given message with the given level.</doc>
<status status="PASS" start="2024-04-28T22:12:52.767651" elapsed="0.000413"/>
</kw>
<kw name="Log" owner="BuiltIn">
<msg time="2024-04-28T22:12:52.768484" level="INFO">gender</msg>
<arg>${key}</arg>
<doc>Logs the given message with the given level.</doc>
<status status="PASS" start="2024-04-28T22:12:52.768358" elapsed="0.000163"/>
</kw>
<var name="${key}">gender</var>
<status status="PASS" start="2024-04-28T22:12:52.766761" elapsed="0.001973"/>
</iter>
<iter>
<kw name="Dictionary Should Contain Key" owner="Collections">
<msg time="2024-04-28T22:12:52.769416" level="INFO">False</msg>
<arg>${json_data['results'][0]}</arg>
<arg>${key}</arg>
<doc>Fails if ``key`` is not found from ``dictionary``.</doc>
<status status="PASS" start="2024-04-28T22:12:52.769033" elapsed="0.000420"/>
</kw>
<kw name="Log" owner="BuiltIn">
<msg time="2024-04-28T22:12:52.770147" level="INFO">{'gender': 'female', 'name': {'title': 'Miss', 'first': 'Georgia', 'last': 'Hughes'}, 'location': {'street': {'number': 9489, 'name': 'Ponsonby Road'}, 'city': 'Hamilton', 'state': 'Waikato', 'country': 'New Zealand', 'postcode': 69821, 'coordinates': {'latitude': '51.6628', 'longitude': '7.7300'}, 'timezone': {'offset': '-7:00', 'description': 'Mountain Time (US &amp; Canada)'}}, 'email': 'georgia.hughes@example.com', 'login': {'uuid': '5413fa4d-a0ca-4e96-ac8d-1b3ca73f03ca', 'username': 'smallbird730', 'password': 'kokoko', 'salt': 'aYP7Jx5W', 'md5': 'f238cc26fe68b7045558d11b724fc1e7', 'sha1': '748ffd4497c65d6cd4e7881be78a60960d41180b', 'sha256': '4d21c9ada611e4d37f6284a6db61e6607099509c9cccc8ca0d475be1d3fb5768'}, 'dob': {'date': '1956-10-11T02:44:42.871Z', 'age': 67}, 'registered': {'date': '2017-08-24T13:17:54.770Z', 'age': 6}, 'phone': '(429)-027-6438', 'cell': '(342)-486-2117', 'id': {'name': '', 'value': None}, 'picture': {'large': 'https://randomuser.me/api/portraits/women/62.jpg', 'medium': 'https://randomuser.me/api/portraits/med/women/62.jpg', 'thumbnail': 'https://randomuser.me/api/portraits/thumb/women/62.jpg'}, 'nat': 'NZ'}</msg>
<arg>${json_data['results'][0]}</arg>
<doc>Logs the given message with the given level.</doc>
<status status="PASS" start="2024-04-28T22:12:52.769782" elapsed="0.000414"/>
</kw>
<kw name="Log" owner="BuiltIn">
<msg time="2024-04-28T22:12:52.770618" level="INFO">name</msg>
<arg>${key}</arg>
<doc>Logs the given message with the given level.</doc>
<status status="PASS" start="2024-04-28T22:12:52.770492" elapsed="0.000163"/>
</kw>
<var name="${key}">name</var>
<status status="PASS" start="2024-04-28T22:12:52.768919" elapsed="0.001951"/>
</iter>
<iter>
<kw name="Dictionary Should Contain Key" owner="Collections">
<msg time="2024-04-28T22:12:52.771559" level="INFO">False</msg>
<arg>${json_data['results'][0]}</arg>
<arg>${key}</arg>
<doc>Fails if ``key`` is not found from ``dictionary``.</doc>
<status status="PASS" start="2024-04-28T22:12:52.771167" elapsed="0.000464"/>
</kw>
<kw name="Log" owner="BuiltIn">
<msg time="2024-04-28T22:12:52.772311" level="INFO">{'gender': 'female', 'name': {'title': 'Miss', 'first': 'Georgia', 'last': 'Hughes'}, 'location': {'street': {'number': 9489, 'name': 'Ponsonby Road'}, 'city': 'Hamilton', 'state': 'Waikato', 'country': 'New Zealand', 'postcode': 69821, 'coordinates': {'latitude': '51.6628', 'longitude': '7.7300'}, 'timezone': {'offset': '-7:00', 'description': 'Mountain Time (US &amp; Canada)'}}, 'email': 'georgia.hughes@example.com', 'login': {'uuid': '5413fa4d-a0ca-4e96-ac8d-1b3ca73f03ca', 'username': 'smallbird730', 'password': 'kokoko', 'salt': 'aYP7Jx5W', 'md5': 'f238cc26fe68b7045558d11b724fc1e7', 'sha1': '748ffd4497c65d6cd4e7881be78a60960d41180b', 'sha256': '4d21c9ada611e4d37f6284a6db61e6607099509c9cccc8ca0d475be1d3fb5768'}, 'dob': {'date': '1956-10-11T02:44:42.871Z', 'age': 67}, 'registered': {'date': '2017-08-24T13:17:54.770Z', 'age': 6}, 'phone': '(429)-027-6438', 'cell': '(342)-486-2117', 'id': {'name': '', 'value': None}, 'picture': {'large': 'https://randomuser.me/api/portraits/women/62.jpg', 'medium': 'https://randomuser.me/api/portraits/med/women/62.jpg', 'thumbnail': 'https://randomuser.me/api/portraits/thumb/women/62.jpg'}, 'nat': 'NZ'}</msg>
<arg>${json_data['results'][0]}</arg>
<doc>Logs the given message with the given level.</doc>
<status status="PASS" start="2024-04-28T22:12:52.771951" elapsed="0.000409"/>
</kw>
<kw name="Log" owner="BuiltIn">
<msg time="2024-04-28T22:12:52.772780" level="INFO">location</msg>
<arg>${key}</arg>
<doc>Logs the given message with the given level.</doc>
<status status="PASS" start="2024-04-28T22:12:52.772656" elapsed="0.000161"/>
</kw>
<var name="${key}">location</var>
<status status="PASS" start="2024-04-28T22:12:52.771048" elapsed="0.001982"/>
</iter>
<iter>
<kw name="Dictionary Should Contain Key" owner="Collections">
<msg time="2024-04-28T22:12:52.773696" level="INFO">False</msg>
<arg>${json_data['results'][0]}</arg>
<arg>${key}</arg>
<doc>Fails if ``key`` is not found from ``dictionary``.</doc>
<status status="PASS" start="2024-04-28T22:12:52.773312" elapsed="0.000421"/>
</kw>
<kw name="Log" owner="BuiltIn">
<msg time="2024-04-28T22:12:52.774403" level="INFO">{'gender': 'female', 'name': {'title': 'Miss', 'first': 'Georgia', 'last': 'Hughes'}, 'location': {'street': {'number': 9489, 'name': 'Ponsonby Road'}, 'city': 'Hamilton', 'state': 'Waikato', 'country': 'New Zealand', 'postcode': 69821, 'coordinates': {'latitude': '51.6628', 'longitude': '7.7300'}, 'timezone': {'offset': '-7:00', 'description': 'Mountain Time (US &amp; Canada)'}}, 'email': 'georgia.hughes@example.com', 'login': {'uuid': '5413fa4d-a0ca-4e96-ac8d-1b3ca73f03ca', 'username': 'smallbird730', 'password': 'kokoko', 'salt': 'aYP7Jx5W', 'md5': 'f238cc26fe68b7045558d11b724fc1e7', 'sha1': '748ffd4497c65d6cd4e7881be78a60960d41180b', 'sha256': '4d21c9ada611e4d37f6284a6db61e6607099509c9cccc8ca0d475be1d3fb5768'}, 'dob': {'date': '1956-10-11T02:44:42.871Z', 'age': 67}, 'registered': {'date': '2017-08-24T13:17:54.770Z', 'age': 6}, 'phone': '(429)-027-6438', 'cell': '(342)-486-2117', 'id': {'name': '', 'value': None}, 'picture': {'large': 'https://randomuser.me/api/portraits/women/62.jpg', 'medium': 'https://randomuser.me/api/portraits/med/women/62.jpg', 'thumbnail': 'https://randomuser.me/api/portraits/thumb/women/62.jpg'}, 'nat': 'NZ'}</msg>
<arg>${json_data['results'][0]}</arg>
<doc>Logs the given message with the given level.</doc>
<status status="PASS" start="2024-04-28T22:12:52.774033" elapsed="0.000419"/>
</kw>
<kw name="Log" owner="BuiltIn">
<msg time="2024-04-28T22:12:52.774872" level="INFO">email</msg>
<arg>${key}</arg>
<doc>Logs the given message with the given level.</doc>
<status status="PASS" start="2024-04-28T22:12:52.774745" elapsed="0.000165"/>
</kw>
<var name="${key}">email</var>
<status status="PASS" start="2024-04-28T22:12:52.773203" elapsed="0.001919"/>
</iter>
<iter>
<kw name="Dictionary Should Contain Key" owner="Collections">
<msg time="2024-04-28T22:12:52.775822" level="INFO">False</msg>
<arg>${json_data['results'][0]}</arg>
<arg>${key}</arg>
<doc>Fails if ``key`` is not found from ``dictionary``.</doc>
<status status="PASS" start="2024-04-28T22:12:52.775405" elapsed="0.000454"/>
</kw>
<kw name="Log" owner="BuiltIn">
<msg time="2024-04-28T22:12:52.776518" level="INFO">{'gender': 'female', 'name': {'title': 'Miss', 'first': 'Georgia', 'last': 'Hughes'}, 'location': {'street': {'number': 9489, 'name': 'Ponsonby Road'}, 'city': 'Hamilton', 'state': 'Waikato', 'country': 'New Zealand', 'postcode': 69821, 'coordinates': {'latitude': '51.6628', 'longitude': '7.7300'}, 'timezone': {'offset': '-7:00', 'description': 'Mountain Time (US &amp; Canada)'}}, 'email': 'georgia.hughes@example.com', 'login': {'uuid': '5413fa4d-a0ca-4e96-ac8d-1b3ca73f03ca', 'username': 'smallbird730', 'password': 'kokoko', 'salt': 'aYP7Jx5W', 'md5': 'f238cc26fe68b7045558d11b724fc1e7', 'sha1': '748ffd4497c65d6cd4e7881be78a60960d41180b', 'sha256': '4d21c9ada611e4d37f6284a6db61e6607099509c9cccc8ca0d475be1d3fb5768'}, 'dob': {'date': '1956-10-11T02:44:42.871Z', 'age': 67}, 'registered': {'date': '2017-08-24T13:17:54.770Z', 'age': 6}, 'phone': '(429)-027-6438', 'cell': '(342)-486-2117', 'id': {'name': '', 'value': None}, 'picture': {'large': 'https://randomuser.me/api/portraits/women/62.jpg', 'medium': 'https://randomuser.me/api/portraits/med/women/62.jpg', 'thumbnail': 'https://randomuser.me/api/portraits/thumb/women/62.jpg'}, 'nat': 'NZ'}</msg>
<arg>${json_data['results'][0]}</arg>
<doc>Logs the given message with the given level.</doc>
<status status="PASS" start="2024-04-28T22:12:52.776153" elapsed="0.000413"/>
</kw>
<kw name="Log" owner="BuiltIn">
<msg time="2024-04-28T22:12:52.776986" level="INFO">login</msg>
<arg>${key}</arg>
<doc>Logs the given message with the given level.</doc>
<status status="PASS" start="2024-04-28T22:12:52.776860" elapsed="0.000164"/>
</kw>
<var name="${key}">login</var>
<status status="PASS" start="2024-04-28T22:12:52.775294" elapsed="0.001966"/>
</iter>
<var>${key}</var>
<value>@{expected_keys}</value>
<status status="PASS" start="2024-04-28T22:12:52.766571" elapsed="0.010814"/>
</for>
<kw name="Create List" owner="BuiltIn">
<msg time="2024-04-28T22:12:52.777709" level="INFO">${expected_keysTwo} = ['username', 'password']</msg>
<var>${expected_keysTwo}</var>
<arg>username</arg>
<arg>password</arg>
<doc>Returns a list containing given items.</doc>
<status status="PASS" start="2024-04-28T22:12:52.777574" elapsed="0.000158"/>
</kw>
<for flavor="IN">
<iter>
<kw name="Dictionary Should Contain Key" owner="Collections">
<msg time="2024-04-28T22:12:52.778607" level="INFO">False</msg>
<arg>${json_data['results'][0]['login']}</arg>
<arg>${keyTwo}</arg>
<doc>Fails if ``key`` is not found from ``dictionary``.</doc>
<status status="PASS" start="2024-04-28T22:12:52.778227" elapsed="0.000417"/>
</kw>
<kw name="Dictionary Should Contain Key" owner="Collections">
<msg time="2024-04-28T22:12:52.779316" level="INFO">False</msg>
<arg>${json_data['results'][0]['login']}</arg>
<arg>${keyTwo}</arg>
<doc>Fails if ``key`` is not found from ``dictionary``.</doc>
<status status="PASS" start="2024-04-28T22:12:52.778936" elapsed="0.000416"/>
</kw>
<kw name="Log" owner="BuiltIn">
<msg time="2024-04-28T22:12:52.779815" level="INFO">username</msg>
<arg>${keyTwo}</arg>
<doc>Logs the given message with the given level.</doc>
<status status="PASS" start="2024-04-28T22:12:52.779681" elapsed="0.000177"/>
</kw>
<var name="${keyTwo}">username</var>
<status status="PASS" start="2024-04-28T22:12:52.778119" elapsed="0.001955"/>
</iter>
<iter>
<kw name="Dictionary Should Contain Key" owner="Collections">
<msg time="2024-04-28T22:12:52.780820" level="INFO">False</msg>
<arg>${json_data['results'][0]['login']}</arg>
<arg>${keyTwo}</arg>
<doc>Fails if ``key`` is not found from ``dictionary``.</doc>
<status status="PASS" start="2024-04-28T22:12:52.780352" elapsed="0.000514"/>
</kw>
<kw name="Dictionary Should Contain Key" owner="Collections">
<msg time="2024-04-28T22:12:52.781545" level="INFO">False</msg>
<arg>${json_data['results'][0]['login']}</arg>
<arg>${keyTwo}</arg>
<doc>Fails if ``key`` is not found from ``dictionary``.</doc>
<status status="PASS" start="2024-04-28T22:12:52.781167" elapsed="0.000414"/>
</kw>
<kw name="Log" owner="BuiltIn">
<msg time="2024-04-28T22:12:52.781997" level="INFO">password</msg>
<arg>${keyTwo}</arg>
<doc>Logs the given message with the given level.</doc>
<status status="PASS" start="2024-04-28T22:12:52.781872" elapsed="0.000163"/>
</kw>
<var name="${keyTwo}">password</var>
<status status="PASS" start="2024-04-28T22:12:52.780244" elapsed="0.002004"/>
</iter>
<var>${keyTwo}</var>
<value>@{expected_keysTwo}</value>
<status status="PASS" start="2024-04-28T22:12:52.777969" elapsed="0.004400"/>
</for>
<status status="PASS" start="2024-04-28T22:12:52.666216" elapsed="0.116290"/>
</kw>
<doc>Testa a estrutura da resposta da API.</doc>
<tag>testeEstruturaResposta</tag>
<status status="PASS" start="2024-04-28T22:12:52.665730" elapsed="0.116926"/>
</test>
<test id="s1-s1-t4" name="Validar tipos de dados" line="28">
<kw name="Teste de Tipos de Dados" owner="random-user-service">
<kw name="GET On Session" owner="RequestsLibrary">
<msg time="2024-04-28T22:12:52.868877" level="INFO">GET Request : url=https://randomuser.me/api 
 path_url=/api 
 headers={'User-Agent': 'python-requests/2.31.0', 'Accept-Encoding': 'gzip, deflate', 'Accept': '*/*', 'Connection': 'keep-alive'} 
 body=None 
 </msg>
<msg time="2024-04-28T22:12:52.868953" level="INFO">GET Response : url=https://randomuser.me/api 
 status=200, reason=OK 
 headers={'Date': 'Sun, 28 Apr 2024 22:12:52 GMT', 'Content-Type': 'application/json; charset=utf-8', 'Transfer-Encoding': 'chunked', 'Connection': 'keep-alive', 'X-Powered-By': 'Express', 'Access-Control-Allow-Origin': '*', 'Cache-Control': 'no-cache', 'ETag': 'W/"490-KR+P9JnoOk8tRmYcnbH/MyCn0yQ"', 'Vary': 'Accept-Encoding', 'Content-Encoding': 'gzip', 'CF-Cache-Status': 'DYNAMIC', 'Report-To': '{"endpoints":[{"url":"https:\\/\\/a.nel.cloudflare.com\\/report\\/v4?s=dqICzisaY1XV%2Fv3QBcCoNRR6LCncyuzgQrbqafhCFlVDAOONQW1uqubo3IR07jByayNMUYeP%2FiJeNhFvxvk%2Bwm8QO6Y3sH61p3OiUnxOiWXvecMxSaFE%2B%2BlEQbnxXwHG"}],"group":"cf-nel","max_age":604800}', 'NEL': '{"success_fraction":0,"report_to":"cf-nel","max_age":604800}', 'Server': 'cloudflare', 'CF-RAY': '87ba6575ec7b82f6-IAD', 'alt-svc': 'h3=":443"; ma=86400'} 
 body={"results":[{"gender":"female","name":{"title":"Mrs","first":"Bettina","last":"Solstrand"},"location":{"street":{"number":29,"name":"Jordal terrasse"},"city":"Sandnessjøen","state":"Oppland","country":"Norway","postcode":"0122","coordinates":{"latitude":"44.3719","longitude":"142.0172"},"timezone":{"offset":"+2:00","description":"Kaliningrad, South Africa"}},"email":"bettina.solstrand@example.com","login":{"uuid":"2ca806a8-e693-458e-bbf9-e3eb37ee5723","username":"purpletiger306","password":"wildwood","salt":"xKovH4RS","md5":"b12ca65a47e7cea173668ad8088bb01b","sha1":"08bd3d61b4bd40b7f0f86214d4dad2a6fbbd0c21","sha256":"f0d6f4a4c81f97fbd96f5b6fa0d9c80167e83744481b4b1f711ea8fcb7bc9d25"},"dob":{"date":"1996-02-21T14:16:03.924Z","age":28},"registered":{"date":"2016-05-16T18:35:36.158Z","age":7},"phone":"59834128","cell":"44628354","id":{"name":"FN","value":"21029635681"},"picture":{"large":"https://randomuser.me/api/portraits/women/24.jpg","medium":"https://randomuser.me/api/portraits/med/women/24.jpg","thumbnail":"https://randomuser.me/api/portraits/thumb/women/24.jpg"},"nat":"NO"}],"info":{"seed":"19b85b122931ec1e","results":1,"page":1,"version":"1.4"}} 
 </msg>
<msg time="2024-04-28T22:12:52.869024" level="INFO">/opt/hostedtoolcache/Python/3.12.3/x64/lib/python3.12/site-packages/urllib3/connectionpool.py:1103: InsecureRequestWarning: Unverified HTTPS request is being made to host 'randomuser.me'. Adding certificate verification is strongly advised. See: https://urllib3.readthedocs.io/en/latest/advanced-usage.html#tls-warnings
  warnings.warn(</msg>
<msg time="2024-04-28T22:12:52.869144" level="INFO">${response} = &lt;Response [200]&gt;</msg>
<var>${response}</var>
<arg>consultarAPI</arg>
<arg>/api</arg>
<doc>Sends a GET request on a previously created HTTP Session.</doc>
<status status="PASS" start="2024-04-28T22:12:52.785126" elapsed="0.084058"/>
</kw>
<kw name="Set Variable" owner="BuiltIn">
<msg time="2024-04-28T22:12:52.870058" level="INFO">${json_data} = {'results': [{'gender': 'female', 'name': {'title': 'Mrs', 'first': 'Bettina', 'last': 'Solstrand'}, 'location': {'street': {'number': 29, 'name': 'Jordal terrasse'}, 'city': 'Sandnessjøen', 'state': ...</msg>
<var>${json_data}</var>
<arg>${response.json()}</arg>
<doc>Returns the given values which can then be assigned to a variables.</doc>
<status status="PASS" start="2024-04-28T22:12:52.869605" elapsed="0.000482"/>
</kw>
<kw name="Log" owner="BuiltIn">
<msg time="2024-04-28T22:12:52.870541" level="INFO">{'results': [{'gender': 'female', 'name': {'title': 'Mrs', 'first': 'Bettina', 'last': 'Solstrand'}, 'location': {'street': {'number': 29, 'name': 'Jordal terrasse'}, 'city': 'Sandnessjøen', 'state': 'Oppland', 'country': 'Norway', 'postcode': '0122', 'coordinates': {'latitude': '44.3719', 'longitude': '142.0172'}, 'timezone': {'offset': '+2:00', 'description': 'Kaliningrad, South Africa'}}, 'email': 'bettina.solstrand@example.com', 'login': {'uuid': '2ca806a8-e693-458e-bbf9-e3eb37ee5723', 'username': 'purpletiger306', 'password': 'wildwood', 'salt': 'xKovH4RS', 'md5': 'b12ca65a47e7cea173668ad8088bb01b', 'sha1': '08bd3d61b4bd40b7f0f86214d4dad2a6fbbd0c21', 'sha256': 'f0d6f4a4c81f97fbd96f5b6fa0d9c80167e83744481b4b1f711ea8fcb7bc9d25'}, 'dob': {'date': '1996-02-21T14:16:03.924Z', 'age': 28}, 'registered': {'date': '2016-05-16T18:35:36.158Z', 'age': 7}, 'phone': '59834128', 'cell': '44628354', 'id': {'name': 'FN', 'value': '21029635681'}, 'picture': {'large': 'https://randomuser.me/api/portraits/women/24.jpg', 'medium': 'https://randomuser.me/api/portraits/med/women/24.jpg', 'thumbnail': 'https://randomuser.me/api/portraits/thumb/women/24.jpg'}, 'nat': 'NO'}], 'info': {'seed': '19b85b122931ec1e', 'results': 1, 'page': 1, 'version': '1.4'}}</msg>
<arg>${json_data}</arg>
<doc>Logs the given message with the given level.</doc>
<status status="PASS" start="2024-04-28T22:12:52.870388" elapsed="0.000235"/>
</kw>
<kw name="Should Be String" owner="String">
<arg>${json_data['results'][0]['gender']}</arg>
<doc>Fails if the given ``item`` is not a string.</doc>
<status status="PASS" start="2024-04-28T22:12:52.870922" elapsed="0.000357"/>
</kw>
<kw name="Should Match Regexp" owner="BuiltIn">
<arg>${json_data['results'][0]['email']}</arg>
<arg>^[a-zA-Z0-9._%+-]+@[a-zA-Z0-9.-]+\.[a-zA-Z]{2,}$</arg>
<doc>Fails if ``string`` does not match ``pattern`` as a regular expression.</doc>
<status status="PASS" start="2024-04-28T22:12:52.871468" elapsed="0.000564"/>
</kw>
<kw name="Should Match Regexp" owner="BuiltIn">
<arg>${json_data['results'][0]['dob']['date']}</arg>
<arg>\\d{4}-\\d{2}-\\d{2}T\\d{2}:\\d{2}:\\d{2}\\.\\d{3}Z</arg>
<doc>Fails if ``string`` does not match ``pattern`` as a regular expression.</doc>
<status status="PASS" start="2024-04-28T22:12:52.872228" elapsed="0.000487"/>
</kw>
<kw name="Should Match Regexp" owner="BuiltIn">
<arg>${json_data['results'][0]['registered']['date']}</arg>
<arg>\\d{4}-\\d{2}-\\d{2}T\\d{2}:\\d{2}:\\d{2}\\.\\d{3}Z</arg>
<doc>Fails if ``string`` does not match ``pattern`` as a regular expression.</doc>
<status status="PASS" start="2024-04-28T22:12:52.872906" elapsed="0.000370"/>
</kw>
<kw name="Should Match Regexp" owner="BuiltIn">
<arg>${json_data['results'][0]['picture']['large']}</arg>
<arg>^https?://.*\.(?:png|jpe?g|gif|bmp)$</arg>
<doc>Fails if ``string`` does not match ``pattern`` as a regular expression.</doc>
<status status="PASS" start="2024-04-28T22:12:52.873464" elapsed="0.000464"/>
</kw>
<kw name="Should Match Regexp" owner="BuiltIn">
<arg>${json_data['results'][0]['picture']['medium']}</arg>
<arg>^https?://.*\.(?:png|jpe?g|gif|bmp)$</arg>
<doc>Fails if ``string`` does not match ``pattern`` as a regular expression.</doc>
<status status="PASS" start="2024-04-28T22:12:52.874122" elapsed="0.000357"/>
</kw>
<kw name="Should Match Regexp" owner="BuiltIn">
<arg>${json_data['results'][0]['picture']['thumbnail']}</arg>
<arg>^https?://.*\.(?:png|jpe?g|gif|bmp)$</arg>
<doc>Fails if ``string`` does not match ``pattern`` as a regular expression.</doc>
<status status="PASS" start="2024-04-28T22:12:52.874671" elapsed="0.000349"/>
</kw>
<kw name="Log" owner="BuiltIn">
<msg time="2024-04-28T22:12:52.875520" level="INFO">{'large': 'https://randomuser.me/api/portraits/women/24.jpg', 'medium': 'https://randomuser.me/api/portraits/med/women/24.jpg', 'thumbnail': 'https://randomuser.me/api/portraits/thumb/women/24.jpg'}</msg>
<arg>${json_data['results'][0]['picture']}</arg>
<doc>Logs the given message with the given level.</doc>
<status status="PASS" start="2024-04-28T22:12:52.875200" elapsed="0.000361"/>
</kw>
<status status="PASS" start="2024-04-28T22:12:52.784899" elapsed="0.090935"/>
</kw>
<kw name="Teste de Tipos de Dados - Postcode" owner="random-user-service">
<kw name="GET On Session" owner="RequestsLibrary">
<msg time="2024-04-28T22:12:52.956192" level="INFO">GET Request : url=https://randomuser.me/api 
 path_url=/api 
 headers={'User-Agent': 'python-requests/2.31.0', 'Accept-Encoding': 'gzip, deflate', 'Accept': '*/*', 'Connection': 'keep-alive'} 
 body=None 
 </msg>
<msg time="2024-04-28T22:12:52.956276" level="INFO">GET Response : url=https://randomuser.me/api 
 status=200, reason=OK 
 headers={'Date': 'Sun, 28 Apr 2024 22:12:52 GMT', 'Content-Type': 'application/json; charset=utf-8', 'Transfer-Encoding': 'chunked', 'Connection': 'keep-alive', 'X-Powered-By': 'Express', 'Access-Control-Allow-Origin': '*', 'Cache-Control': 'no-cache', 'ETag': 'W/"4bf-eEQfmE7VttnB9fNy4HdKZJmewew"', 'Vary': 'Accept-Encoding', 'Content-Encoding': 'gzip', 'CF-Cache-Status': 'DYNAMIC', 'Report-To': '{"endpoints":[{"url":"https:\\/\\/a.nel.cloudflare.com\\/report\\/v4?s=nRpo9fAMpWYyXyICNtY4lb1xx1J2wwUnR63GYt8IvI3kX7mrt7RZRdDUR6u4qCkFXhkozWU%2FziWFDaCc29hO51dmpxXhUoiVKdyaeXROdw5EdN60fJApXDWu3b%2BiTirr"}],"group":"cf-nel","max_age":604800}', 'NEL': '{"success_fraction":0,"report_to":"cf-nel","max_age":604800}', 'Server': 'cloudflare', 'CF-RAY': '87ba65767d1b82f6-IAD', 'alt-svc': 'h3=":443"; ma=86400'} 
 body={"results":[{"gender":"female","name":{"title":"Mrs","first":"Eline","last":"Bernard"},"location":{"street":{"number":3315,"name":"Place du 22 Novembre 1943"},"city":"Villeurbanne","state":"Lot-et-Garonne","country":"France","postcode":69699,"coordinates":{"latitude":"-20.8371","longitude":"82.0999"},"timezone":{"offset":"0:00","description":"Western Europe Time, London, Lisbon, Casablanca"}},"email":"eline.bernard@example.com","login":{"uuid":"40a754f9-a645-46b3-869a-09e22101d476","username":"redbear626","password":"magnolia","salt":"xpvyQmcA","md5":"26e5a7a820e7bd83f36d3443f0b8aea7","sha1":"725927f6f0997e60a12618a9090091eb61087b80","sha256":"7b980aa12a14b48d954202d80373ea332d1245de8000f7b79f6d5e45719e518c"},"dob":{"date":"1996-11-08T10:44:05.926Z","age":27},"registered":{"date":"2005-08-29T14:31:22.540Z","age":18},"phone":"01-00-83-44-66","cell":"06-47-14-61-76","id":{"name":"INSEE","value":"2961037744563 89"},"picture":{"large":"https://randomuser.me/api/portraits/women/15.jpg","medium":"https://randomuser.me/api/portraits/med/women/15.jpg","thumbnail":"https://randomuser.me/api/portraits/thumb/women/15.jpg"},"nat":"FR"}],"info":{"seed":"1eeed03d9d3581c2","results":1,"page":1,"version":"1.4"}} 
 </msg>
<msg time="2024-04-28T22:12:52.956349" level="INFO">/opt/hostedtoolcache/Python/3.12.3/x64/lib/python3.12/site-packages/urllib3/connectionpool.py:1103: InsecureRequestWarning: Unverified HTTPS request is being made to host 'randomuser.me'. Adding certificate verification is strongly advised. See: https://urllib3.readthedocs.io/en/latest/advanced-usage.html#tls-warnings
  warnings.warn(</msg>
<msg time="2024-04-28T22:12:52.956434" level="INFO">${response} = &lt;Response [200]&gt;</msg>
<var>${response}</var>
<arg>consultarAPI</arg>
<arg>/api</arg>
<doc>Sends a GET request on a previously created HTTP Session.</doc>
<status status="PASS" start="2024-04-28T22:12:52.876277" elapsed="0.080186"/>
</kw>
<kw name="Set Variable" owner="BuiltIn">
<msg time="2024-04-28T22:12:52.957295" level="INFO">${json_data} = {'results': [{'gender': 'female', 'name': {'title': 'Mrs', 'first': 'Eline', 'last': 'Bernard'}, 'location': {'street': {'number': 3315, 'name': 'Place du 22 Novembre 1943'}, 'city': 'Villeurbanne', '...</msg>
<var>${json_data}</var>
<arg>${response.json()}</arg>
<doc>Returns the given values which can then be assigned to a variables.</doc>
<status status="PASS" start="2024-04-28T22:12:52.956845" elapsed="0.000477"/>
</kw>
<kw name="Log" owner="BuiltIn">
<msg time="2024-04-28T22:12:52.957776" level="INFO">{'results': [{'gender': 'female', 'name': {'title': 'Mrs', 'first': 'Eline', 'last': 'Bernard'}, 'location': {'street': {'number': 3315, 'name': 'Place du 22 Novembre 1943'}, 'city': 'Villeurbanne', 'state': 'Lot-et-Garonne', 'country': 'France', 'postcode': 69699, 'coordinates': {'latitude': '-20.8371', 'longitude': '82.0999'}, 'timezone': {'offset': '0:00', 'description': 'Western Europe Time, London, Lisbon, Casablanca'}}, 'email': 'eline.bernard@example.com', 'login': {'uuid': '40a754f9-a645-46b3-869a-09e22101d476', 'username': 'redbear626', 'password': 'magnolia', 'salt': 'xpvyQmcA', 'md5': '26e5a7a820e7bd83f36d3443f0b8aea7', 'sha1': '725927f6f0997e60a12618a9090091eb61087b80', 'sha256': '7b980aa12a14b48d954202d80373ea332d1245de8000f7b79f6d5e45719e518c'}, 'dob': {'date': '1996-11-08T10:44:05.926Z', 'age': 27}, 'registered': {'date': '2005-08-29T14:31:22.540Z', 'age': 18}, 'phone': '01-00-83-44-66', 'cell': '06-47-14-61-76', 'id': {'name': 'INSEE', 'value': '2961037744563 89'}, 'picture': {'large': 'https://randomuser.me/api/portraits/women/15.jpg', 'medium': 'https://randomuser.me/api/portraits/med/women/15.jpg', 'thumbnail': 'https://randomuser.me/api/portraits/thumb/women/15.jpg'}, 'nat': 'FR'}], 'info': {'seed': '1eeed03d9d3581c2', 'results': 1, 'page': 1, 'version': '1.4'}}</msg>
<arg>${json_data}</arg>
<doc>Logs the given message with the given level.</doc>
<status status="PASS" start="2024-04-28T22:12:52.957626" elapsed="0.000228"/>
</kw>
<kw name="Should Be Equal As Numbers" owner="BuiltIn">
<arg>${json_data['results'][0]['location']['postcode']}</arg>
<arg>${json_data['results'][0]['location']['postcode']}</arg>
<doc>Fails if objects are unequal after converting them to real numbers.</doc>
<status status="PASS" start="2024-04-28T22:12:52.958289" elapsed="0.000615"/>
</kw>
<kw name="Log" owner="BuiltIn">
<msg time="2024-04-28T22:12:52.959439" level="INFO">69699</msg>
<arg>${json_data['results'][0]['location']['postcode']}</arg>
<doc>Logs the given message with the given level.</doc>
<status status="PASS" start="2024-04-28T22:12:52.959106" elapsed="0.000374"/>
</kw>
<status status="PASS" start="2024-04-28T22:12:52.876056" elapsed="0.083721"/>
</kw>
<doc>Testa se os tipos de dados na resposta da API estão corretos.</doc>
<tag>testeTiposDados</tag>
<status status="PASS" start="2024-04-28T22:12:52.784451" elapsed="0.175487"/>
</test>
<test id="s1-s1-t5" name="Validar conteudo" line="35">
<kw name="Teste de Tipos de Conteudo" owner="random-user-service">
<kw name="GET On Session" owner="RequestsLibrary">
<msg time="2024-04-28T22:12:53.087837" level="INFO">GET Request : url=https://randomuser.me/api 
 path_url=/api 
 headers={'User-Agent': 'python-requests/2.31.0', 'Accept-Encoding': 'gzip, deflate', 'Accept': '*/*', 'Connection': 'keep-alive'} 
 body=None 
 </msg>
<msg time="2024-04-28T22:12:53.087946" level="INFO">GET Response : url=https://randomuser.me/api 
 status=200, reason=OK 
 headers={'Date': 'Sun, 28 Apr 2024 22:12:53 GMT', 'Content-Type': 'application/json; charset=utf-8', 'Transfer-Encoding': 'chunked', 'Connection': 'keep-alive', 'X-Powered-By': 'Express', 'Access-Control-Allow-Origin': '*', 'Cache-Control': 'no-cache', 'ETag': 'W/"492-AI35GH1QXySU1h4FWB5KBo7ei00"', 'Vary': 'Accept-Encoding', 'Content-Encoding': 'gzip', 'CF-Cache-Status': 'DYNAMIC', 'Report-To': '{"endpoints":[{"url":"https:\\/\\/a.nel.cloudflare.com\\/report\\/v4?s=559xThsa74JtXIdsU1Pgbo77TuhQdm5kT2rNRWqSlOUn6kgWM2waho04wamMmtp4oekA75qL9itdwpHGN1MrVuyGy83h9cDhtwgVK2Y1ILsyWC4yxQvIpSq%2BlhCf%2Fx9c"}],"group":"cf-nel","max_age":604800}', 'NEL': '{"success_fraction":0,"report_to":"cf-nel","max_age":604800}', 'Server': 'cloudflare', 'CF-RAY': '87ba65770dc782f6-IAD', 'alt-svc': 'h3=":443"; ma=86400'} 
 body={"results":[{"gender":"female","name":{"title":"Madame","first":"Regina","last":"Roux"},"location":{"street":{"number":2124,"name":"Rue des Ecrivains"},"city":"Lax","state":"Glarus","country":"Switzerland","postcode":2296,"coordinates":{"latitude":"-62.6409","longitude":"140.4264"},"timezone":{"offset":"-8:00","description":"Pacific Time (US &amp; Canada)"}},"email":"regina.roux@example.com","login":{"uuid":"cf723b75-ed44-4c04-ac59-f7d30b282923","username":"organiczebra524","password":"emilio","salt":"YpqVbtlW","md5":"70e5452c34d66c9e4e50a52f7a6946bf","sha1":"399c421b88649c3a0a5ffa41d50a21b1e532bd3a","sha256":"2999dc7b26f48c0392eb40cbfa19c298858ea5ab6dad0eeba706d48b90680d0f"},"dob":{"date":"1993-05-03T15:26:18.022Z","age":30},"registered":{"date":"2006-01-26T17:19:52.566Z","age":18},"phone":"077 151 27 01","cell":"079 489 73 25","id":{"name":"AVS","value":"756.7169.2544.74"},"picture":{"large":"https://randomuser.me/api/portraits/women/5.jpg","medium":"https://randomuser.me/api/portraits/med/women/5.jpg","thumbnail":"https://randomuser.me/api/portraits/thumb/women/5.jpg"},"nat":"CH"}],"info":{"seed":"db8089e4288a6438","results":1,"page":1,"version":"1.4"}} 
 </msg>
<msg time="2024-04-28T22:12:53.088029" level="INFO">/opt/hostedtoolcache/Python/3.12.3/x64/lib/python3.12/site-packages/urllib3/connectionpool.py:1103: InsecureRequestWarning: Unverified HTTPS request is being made to host 'randomuser.me'. Adding certificate verification is strongly advised. See: https://urllib3.readthedocs.io/en/latest/advanced-usage.html#tls-warnings
  warnings.warn(</msg>
<msg time="2024-04-28T22:12:53.088165" level="INFO">${response} = &lt;Response [200]&gt;</msg>
<var>${response}</var>
<arg>consultarAPI</arg>
<arg>/api</arg>
<doc>Sends a GET request on a previously created HTTP Session.</doc>
<status status="PASS" start="2024-04-28T22:12:52.962420" elapsed="0.125797"/>
</kw>
<kw name="Set Variable" owner="BuiltIn">
<msg time="2024-04-28T22:12:53.089390" level="INFO">${json_data} = {'results': [{'gender': 'female', 'name': {'title': 'Madame', 'first': 'Regina', 'last': 'Roux'}, 'location': {'street': {'number': 2124, 'name': 'Rue des Ecrivains'}, 'city': 'Lax', 'state': 'Glarus'...</msg>
<var>${json_data}</var>
<arg>${response.json()}</arg>
<doc>Returns the given values which can then be assigned to a variables.</doc>
<status status="PASS" start="2024-04-28T22:12:53.088843" elapsed="0.000576"/>
</kw>
<kw name="Set Variable" owner="BuiltIn">
<msg time="2024-04-28T22:12:53.090119" level="INFO">${name_title} = Madame</msg>
<var>${name_title}</var>
<arg>${json_data["results"][0]["name"]["title"]}</arg>
<doc>Returns the given values which can then be assigned to a variables.</doc>
<status status="PASS" start="2024-04-28T22:12:53.089725" elapsed="0.000419"/>
</kw>
<kw name="Create List" owner="BuiltIn">
<msg time="2024-04-28T22:12:53.090587" level="INFO">${allowed_titles} = ['Mr', 'Ms', 'Miss', 'Mrs', 'Madame', 'Monsieur']</msg>
<var>${allowed_titles}</var>
<arg>Mr</arg>
<arg>Ms</arg>
<arg>Miss</arg>
<arg>Mrs</arg>
<arg>Madame</arg>
<arg>Monsieur</arg>
<doc>Returns a list containing given items.</doc>
<status status="PASS" start="2024-04-28T22:12:53.090439" elapsed="0.000172"/>
</kw>
<kw name="List Should Contain Value" owner="Collections">
<msg time="2024-04-28T22:12:53.091079" level="INFO">False</msg>
<arg>${allowed_titles}</arg>
<arg>${name_title}</arg>
<doc>Fails if the ``value`` is not found from ``list``.</doc>
<status status="PASS" start="2024-04-28T22:12:53.090909" elapsed="0.000208"/>
</kw>
<kw name="Set Variable" owner="BuiltIn">
<msg time="2024-04-28T22:12:53.091827" level="INFO">${name_country} = CH</msg>
<var>${name_country}</var>
<arg>${json_data["results"][0]["nat"]}</arg>
<doc>Returns the given values which can then be assigned to a variables.</doc>
<status status="PASS" start="2024-04-28T22:12:53.091403" elapsed="0.000449"/>
</kw>
<kw name="Create List" owner="BuiltIn">
<msg time="2024-04-28T22:12:53.092741" level="INFO">${list_country} = ['AD', 'AE', 'AF', 'AG', 'AI', 'AL', 'AM', 'AO', 'AQ', 'AR', 'AS', 'AT', 'AU', 'AW', 'AX', 'AZ', 'BA', 'BB', 'BD', 'BE', 'BF', 'BG', 'BH', 'BI', 'BJ', 'BL', 'BM', 'BN', 'BO', 'BQ', 'BR', 'BS', 'BT', '...</msg>
<var>${list_country}</var>
<arg>AD</arg>
<arg>AE</arg>
<arg>AF</arg>
<arg>AG</arg>
<arg>AI</arg>
<arg>AL</arg>
<arg>AM</arg>
<arg>AO</arg>
<arg>AQ</arg>
<arg>AR</arg>
<arg>AS</arg>
<arg>AT</arg>
<arg>AU</arg>
<arg>AW</arg>
<arg>AX</arg>
<arg>AZ</arg>
<arg>BA</arg>
<arg>BB</arg>
<arg>BD</arg>
<arg>BE</arg>
<arg>BF</arg>
<arg>BG</arg>
<arg>BH</arg>
<arg>BI</arg>
<arg>BJ</arg>
<arg>BL</arg>
<arg>BM</arg>
<arg>BN</arg>
<arg>BO</arg>
<arg>BQ</arg>
<arg>BR</arg>
<arg>BS</arg>
<arg>BT</arg>
<arg>BV</arg>
<arg>BW</arg>
<arg>BY</arg>
<arg>BZ</arg>
<arg>CA</arg>
<arg>CC</arg>
<arg>CD</arg>
<arg>CF</arg>
<arg>CG</arg>
<arg>CH</arg>
<arg>CI</arg>
<arg>CK</arg>
<arg>CL</arg>
<arg>CM</arg>
<arg>CN</arg>
<arg>CO</arg>
<arg>CR</arg>
<arg>CU</arg>
<arg>CV</arg>
<arg>CW</arg>
<arg>CX</arg>
<arg>CY</arg>
<arg>CZ</arg>
<arg>DE</arg>
<arg>DJ</arg>
<arg>DK</arg>
<arg>DM</arg>
<arg>DO</arg>
<arg>DZ</arg>
<arg>EC</arg>
<arg>EE</arg>
<arg>EG</arg>
<arg>EH</arg>
<arg>ER</arg>
<arg>ES</arg>
<arg>ET</arg>
<arg>FI</arg>
<arg>FJ</arg>
<arg>FK</arg>
<arg>FM</arg>
<arg>FO</arg>
<arg>FR</arg>
<arg>GA</arg>
<arg>GB</arg>
<arg>GD</arg>
<arg>GE</arg>
<arg>GF</arg>
<arg>GG</arg>
<arg>GH</arg>
<arg>GI</arg>
<arg>GL</arg>
<arg>GM</arg>
<arg>GN</arg>
<arg>GP</arg>
<arg>GQ</arg>
<arg>GR</arg>
<arg>GS</arg>
<arg>GT</arg>
<arg>GU</arg>
<arg>GW</arg>
<arg>GY</arg>
<arg>HK</arg>
<arg>HM</arg>
<arg>HN</arg>
<arg>HR</arg>
<arg>HT</arg>
<arg>HU</arg>
<arg>ID</arg>
<arg>IE</arg>
<arg>IL</arg>
<arg>IM</arg>
<arg>IN</arg>
<arg>IO</arg>
<arg>IQ</arg>
<arg>IR</arg>
<arg>IS</arg>
<arg>IT</arg>
<arg>JE</arg>
<arg>JM</arg>
<arg>JO</arg>
<arg>JP</arg>
<arg>KE</arg>
<arg>KG</arg>
<arg>KH</arg>
<arg>KI</arg>
<arg>KM</arg>
<arg>KN</arg>
<arg>KP</arg>
<arg>KR</arg>
<arg>KW</arg>
<arg>KY</arg>
<arg>KZ</arg>
<arg>LA</arg>
<arg>LB</arg>
<arg>LC</arg>
<arg>LI</arg>
<arg>LK</arg>
<arg>LR</arg>
<arg>LS</arg>
<arg>LT</arg>
<arg>LU</arg>
<arg>LV</arg>
<arg>LY</arg>
<arg>MA</arg>
<arg>MC</arg>
<arg>MD</arg>
<arg>ME</arg>
<arg>MF</arg>
<arg>MG</arg>
<arg>MH</arg>
<arg>MK</arg>
<arg>ML</arg>
<arg>MM</arg>
<arg>MN</arg>
<arg>MO</arg>
<arg>MP</arg>
<arg>MQ</arg>
<arg>MR</arg>
<arg>MS</arg>
<arg>MT</arg>
<arg>MU</arg>
<arg>MV</arg>
<arg>MW</arg>
<arg>MX</arg>
<arg>MY</arg>
<arg>MZ</arg>
<arg>NA</arg>
<arg>NC</arg>
<arg>NE</arg>
<arg>NF</arg>
<arg>NG</arg>
<arg>NI</arg>
<arg>NL</arg>
<arg>NO</arg>
<arg>NP</arg>
<arg>NR</arg>
<arg>NU</arg>
<arg>NZ</arg>
<arg>OM</arg>
<arg>PA</arg>
<arg>PE</arg>
<arg>PF</arg>
<arg>PG</arg>
<arg>PH</arg>
<arg>PK</arg>
<arg>PL</arg>
<arg>PM</arg>
<arg>PN</arg>
<arg>PR</arg>
<arg>PS</arg>
<arg>PT</arg>
<arg>PW</arg>
<arg>PY</arg>
<arg>QA</arg>
<arg>RE</arg>
<arg>RO</arg>
<arg>RS</arg>
<arg>RU</arg>
<arg>RW</arg>
<arg>SA</arg>
<arg>SB</arg>
<arg>SC</arg>
<arg>SD</arg>
<arg>SE</arg>
<arg>SG</arg>
<arg>SH</arg>
<arg>SI</arg>
<arg>SJ</arg>
<arg>SK</arg>
<arg>SL</arg>
<arg>SM</arg>
<arg>SN</arg>
<arg>SO</arg>
<arg>SR</arg>
<arg>SS</arg>
<arg>ST</arg>
<arg>SV</arg>
<arg>SX</arg>
<arg>SY</arg>
<arg>SZ</arg>
<arg>TC</arg>
<arg>TD</arg>
<arg>TF</arg>
<arg>TG</arg>
<arg>TH</arg>
<arg>TJ</arg>
<arg>TK</arg>
<arg>TL</arg>
<arg>TM</arg>
<arg>TN</arg>
<arg>TO</arg>
<arg>TR</arg>
<arg>TT</arg>
<arg>TV</arg>
<arg>TW</arg>
<arg>TZ</arg>
<arg>UA</arg>
<arg>UG</arg>
<arg>UM</arg>
<arg>US</arg>
<arg>UY</arg>
<arg>UZ</arg>
<arg>VA</arg>
<arg>VC</arg>
<arg>VE</arg>
<arg>VG</arg>
<arg>VI</arg>
<arg>VN</arg>
<arg>VU</arg>
<arg>WF</arg>
<arg>WS</arg>
<arg>XK</arg>
<arg>YE</arg>
<arg>YT</arg>
<arg>ZA</arg>
<arg>ZM</arg>
<arg>ZW</arg>
<doc>Returns a list containing given items.</doc>
<status status="PASS" start="2024-04-28T22:12:53.092154" elapsed="0.000613"/>
</kw>
<kw name="List Should Contain Value" owner="Collections">
<msg time="2024-04-28T22:12:53.093748" level="INFO">False</msg>
<arg>${list_country}</arg>
<arg>${name_country}</arg>
<doc>Fails if the ``value`` is not found from ``list``.</doc>
<status status="PASS" start="2024-04-28T22:12:53.093551" elapsed="0.000233"/>
</kw>
<kw name="Run Keyword If" owner="BuiltIn">
<kw name="Should Be True" owner="BuiltIn">
<arg>${True}</arg>
<doc>Fails if the given condition is not true.</doc>
<status status="PASS" start="2024-04-28T22:12:53.094850" elapsed="0.000255"/>
</kw>
<arg>${json_data["results"][0]["location"]["coordinates"]["latitude"]} &gt;= -90 and ${json_data["results"][0]["location"]["coordinates"]["latitude"]} &lt;= 90</arg>
<arg>Should Be True</arg>
<arg>${True}</arg>
<doc>Runs the given keyword with the given arguments, if ``condition`` is true.</doc>
<status status="PASS" start="2024-04-28T22:12:53.094095" elapsed="0.001141"/>
</kw>
<kw name="Run Keyword If" owner="BuiltIn">
<kw name="Should Be True" owner="BuiltIn">
<arg>${True}</arg>
<doc>Fails if the given condition is not true.</doc>
<status status="PASS" start="2024-04-28T22:12:53.096154" elapsed="0.000144"/>
</kw>
<arg>${json_data["results"][0]["location"]["coordinates"]["longitude"]} &gt;= -180 and ${json_data["results"][0]["location"]["coordinates"]["longitude"]} &lt;= 180</arg>
<arg>Should Be True</arg>
<arg>${True}</arg>
<doc>Runs the given keyword with the given arguments, if ``condition`` is true.</doc>
<status status="PASS" start="2024-04-28T22:12:53.095422" elapsed="0.001000"/>
</kw>
<status status="PASS" start="2024-04-28T22:12:52.962199" elapsed="0.134355"/>
</kw>
<doc>Testa o conteúdo específico dos campos retornados pela API.</doc>
<tag>testeConteudo</tag>
<status status="PASS" start="2024-04-28T22:12:52.961698" elapsed="0.135002"/>
</test>
<status status="PASS" start="2024-04-28T22:12:52.185044" elapsed="0.913650"/>
</suite>
<status status="PASS" start="2024-04-28T22:12:52.171402" elapsed="0.932491"/>
</suite>
<statistics>
<total>
<stat pass="5" fail="0" skip="0">All Tests</stat>
</total>
<tag>
<stat pass="1" fail="0" skip="0">testeConteudo</stat>
<stat pass="1" fail="0" skip="0">testeEstruturaResposta</stat>
<stat pass="1" fail="0" skip="0">testeRequisicaoBasica</stat>
<stat pass="1" fail="0" skip="0">testeTiposDados</stat>
</tag>
<suite>
<stat pass="5" fail="0" skip="0" id="s1" name="Tests">Tests</stat>
<stat pass="5" fail="0" skip="0" id="s1-s1" name="Random-User-Test">Tests.Random-User-Test</stat>
</suite>
</statistics>
<errors>
</errors>
</robot>
