<?xml version="1.0" encoding="UTF-8"?>
<robot generator="Robot 7.0 (Python 3.12.2 on linux)" generated="2024-03-27T09:14:48.936297" rpa="false" schemaversion="5">
<suite id="s1" name="Tests" source="/home/runner/work/DesafioQAItauRogerioJordao/DesafioQAItauRogerioJordao/RamdonUser/tests">
<suite id="s1-s1" name="Random-User-Test" source="/home/runner/work/DesafioQAItauRogerioJordao/DesafioQAItauRogerioJordao/RamdonUser/tests/random-user-test.robot">
<test id="s1-s1-t1" name="Conectar" line="13">
<kw name="Conectar API" owner="random-user-service">
<kw name="Create Session" owner="RequestsLibrary">
<msg time="2024-03-27T09:14:49.299503" level="INFO">Creating Session using : alias=consultarAPI, url=https://randomuser.me/, headers={},                     cookies={}, auth=None, timeout=None, proxies=None, verify=False,                     debug=0 </msg>
<arg>consultarAPI</arg>
<arg>${URL}</arg>
<doc>Create Session: create a HTTP session to a server</doc>
<status status="PASS" start="2024-03-27T09:14:49.299294" elapsed="0.000402"/>
</kw>
<status status="PASS" start="2024-03-27T09:14:49.298221" elapsed="0.001856"/>
</kw>
<status status="PASS" start="2024-03-27T09:14:49.297543" elapsed="0.002746"/>
</test>
<test id="s1-s1-t2" name="Validar retorno 200 e JSON Válido" line="16">
<kw name="Teste de Requisicao Basica" owner="random-user-service">
<kw name="GET On Session" owner="RequestsLibrary">
<msg time="2024-03-27T09:14:49.557398" level="INFO">GET Request : url=https://randomuser.me/api 
 path_url=/api 
 headers={'User-Agent': 'python-requests/2.31.0', 'Accept-Encoding': 'gzip, deflate', 'Accept': '*/*', 'Connection': 'keep-alive'} 
 body=None 
 </msg>
<msg time="2024-03-27T09:14:49.557552" level="INFO">GET Response : url=https://randomuser.me/api 
 status=200, reason=OK 
 headers={'Date': 'Wed, 27 Mar 2024 09:14:49 GMT', 'Content-Type': 'application/json; charset=utf-8', 'Transfer-Encoding': 'chunked', 'Connection': 'keep-alive', 'X-Powered-By': 'Express', 'Access-Control-Allow-Origin': '*', 'Cache-Control': 'no-cache', 'ETag': 'W/"463-IoiIe3NAqxMX8qnTaiFIdjuuCQE"', 'Vary': 'Accept-Encoding', 'Content-Encoding': 'gzip', 'CF-Cache-Status': 'DYNAMIC', 'Report-To': '{"endpoints":[{"url":"https:\\/\\/a.nel.cloudflare.com\\/report\\/v4?s=Yo9bCy%2BWZ8b%2FoZjfbcFnQjojqx5vfnxF7MOYrhUW0Q1jN3lzgzigpZR0w1gBB3B9c9cdDxyX6M0%2B4DVByu2hIRs7p%2BB%2BIgUtQlTPJPkm1KnvyfSKDnQLxho%2Fc%2B4XLp%2BR"}],"group":"cf-nel","max_age":604800}', 'NEL': '{"success_fraction":0,"report_to":"cf-nel","max_age":604800}', 'Server': 'cloudflare', 'CF-RAY': '86ae45bb2aa52eea-LAX', 'alt-svc': 'h3=":443"; ma=86400'} 
 body={"results":[{"gender":"male","name":{"title":"Mr","first":"Oliver","last":"Olsen"},"location":{"street":{"number":3359,"name":"Højgårdstoften"},"city":"Ansager","state":"Sjælland","country":"Denmark","postcode":56037,"coordinates":{"latitude":"-39.0479","longitude":"-89.3084"},"timezone":{"offset":"+3:30","description":"Tehran"}},"email":"oliver.olsen@example.com","login":{"uuid":"ba9551b8-f29d-4237-a0a3-8cb006122458","username":"purpleduck568","password":"1004","salt":"9iKZjpDy","md5":"7dee8a10e3c21542100ac0258b4942e0","sha1":"6894fe8bb4bebff187a2b961d69d235517f4e835","sha256":"1fef1a3753f819a727172ea79a09564ed2246ff08b976d55cc2b22ea0800ab9c"},"dob":{"date":"1990-08-04T16:52:00.737Z","age":33},"registered":{"date":"2016-08-04T05:43:42.291Z","age":7},"phone":"03111235","cell":"83932014","id":{"name":"CPR","value":"040890-4836"},"picture":{"large":"https://randomuser.me/api/portraits/men/0.jpg","medium":"https://randomuser.me/api/portraits/med/men/0.jpg","thumbnail":"https://randomuser.me/api/portraits/thumb/men/0.jpg"},"nat":"DK"}],"info":{"seed":"ce250260f4e3929f","results":1,"page":1,"version":"1.4"}} 
 </msg>
<msg time="2024-03-27T09:14:49.557666" level="INFO">/opt/hostedtoolcache/Python/3.12.2/x64/lib/python3.12/site-packages/urllib3/connectionpool.py:1103: InsecureRequestWarning: Unverified HTTPS request is being made to host 'randomuser.me'. Adding certificate verification is strongly advised. See: https://urllib3.readthedocs.io/en/latest/advanced-usage.html#tls-warnings
  warnings.warn(</msg>
<msg time="2024-03-27T09:14:49.557833" level="INFO">${response} = &lt;Response [200]&gt;</msg>
<var>${response}</var>
<arg>consultarAPI</arg>
<arg>/api</arg>
<doc>Sends a GET request on a previously created HTTP Session.</doc>
<status status="PASS" start="2024-03-27T09:14:49.303047" elapsed="0.254829"/>
</kw>
<kw name="Should Be Equal As Numbers" owner="BuiltIn">
<msg time="2024-03-27T09:14:49.558940" level="INFO">Argument types are:
&lt;class 'int'&gt;
&lt;class 'str'&gt;</msg>
<arg>${response.status_code}</arg>
<arg>200</arg>
<doc>Fails if objects are unequal after converting them to real numbers.</doc>
<status status="PASS" start="2024-03-27T09:14:49.558458" elapsed="0.000549"/>
</kw>
<kw name="Log" owner="BuiltIn">
<msg time="2024-03-27T09:14:49.559704" level="INFO">200</msg>
<arg>${response.status_code}</arg>
<doc>Logs the given message with the given level.</doc>
<status status="PASS" start="2024-03-27T09:14:49.559338" elapsed="0.000411"/>
</kw>
<kw name="Set Variable" owner="BuiltIn">
<msg time="2024-03-27T09:14:49.560557" level="INFO">${json_data} = {'results': [{'gender': 'male', 'name': {'title': 'Mr', 'first': 'Oliver', 'last': 'Olsen'}, 'location': {'street': {'number': 3359, 'name': 'Højgårdstoften'}, 'city': 'Ansager', 'state': 'Sjælland', ...</msg>
<var>${json_data}</var>
<arg>${response.json()}</arg>
<doc>Returns the given values which can then be assigned to a variables.</doc>
<status status="PASS" start="2024-03-27T09:14:49.560080" elapsed="0.000506"/>
</kw>
<kw name="Dictionary Should Contain Key" owner="Collections">
<msg time="2024-03-27T09:14:49.561090" level="INFO">False</msg>
<arg>${json_data}</arg>
<arg>results</arg>
<doc>Fails if ``key`` is not found from ``dictionary``.</doc>
<status status="PASS" start="2024-03-27T09:14:49.560918" elapsed="0.000245"/>
</kw>
<status status="PASS" start="2024-03-27T09:14:49.302790" elapsed="0.258664"/>
</kw>
<doc>Testa se a API responde corretamente e retorna um objeto JSON válido.</doc>
<tag>testeRequisicaoBasica</tag>
<status status="PASS" start="2024-03-27T09:14:49.302224" elapsed="0.259427"/>
</test>
<test id="s1-s1-t3" name="Validar estrutura de resposta" line="22">
<kw name="Teste de Estrutura de Resposta" owner="random-user-service">
<kw name="GET On Session" owner="RequestsLibrary">
<msg time="2024-03-27T09:14:49.658307" level="INFO">GET Request : url=https://randomuser.me/api 
 path_url=/api 
 headers={'User-Agent': 'python-requests/2.31.0', 'Accept-Encoding': 'gzip, deflate', 'Accept': '*/*', 'Connection': 'keep-alive'} 
 body=None 
 </msg>
<msg time="2024-03-27T09:14:49.658394" level="INFO">GET Response : url=https://randomuser.me/api 
 status=200, reason=OK 
 headers={'Date': 'Wed, 27 Mar 2024 09:14:49 GMT', 'Content-Type': 'application/json; charset=utf-8', 'Transfer-Encoding': 'chunked', 'Connection': 'keep-alive', 'X-Powered-By': 'Express', 'Access-Control-Allow-Origin': '*', 'Cache-Control': 'no-cache', 'ETag': 'W/"495-80myT/nDj7hrABd+3S90l/PfEI0"', 'Vary': 'Accept-Encoding', 'Content-Encoding': 'gzip', 'CF-Cache-Status': 'DYNAMIC', 'Report-To': '{"endpoints":[{"url":"https:\\/\\/a.nel.cloudflare.com\\/report\\/v4?s=QlGs0OjxKFMk6xEGl7Yr0c2kPy36T6u5Umv2%2BPO5Odyn5Lej8gqtRCZKzLD9RS6aKjjOzKU4Cfxe1BX4lJiBRJbkW8K%2FRq1p%2B68Dc9hCfRpaDZNoSYqs%2FEzYvqIObzRr"}],"group":"cf-nel","max_age":604800}', 'NEL': '{"success_fraction":0,"report_to":"cf-nel","max_age":604800}', 'Server': 'cloudflare', 'CF-RAY': '86ae45bbcb2f2eea-LAX', 'alt-svc': 'h3=":443"; ma=86400'} 
 body={"results":[{"gender":"female","name":{"title":"Ms","first":"Siiri","last":"Pulli"},"location":{"street":{"number":6192,"name":"Pirkankatu"},"city":"Mariehamn","state":"Finland Proper","country":"Finland","postcode":88715,"coordinates":{"latitude":"-23.8042","longitude":"103.8494"},"timezone":{"offset":"+2:00","description":"Kaliningrad, South Africa"}},"email":"siiri.pulli@example.com","login":{"uuid":"ebb89872-d02c-425a-9065-40a769a52926","username":"goldenelephant154","password":"giants","salt":"biViwPfa","md5":"cae599711c4ca6e6e17c07b5d056cae3","sha1":"7b8120e58d011421b6c675f0949eb3985e7b60b6","sha256":"a2e30bf063808a251f4f353c2c5bdeb2dae76b54348e9204a61d1eec74b284ec"},"dob":{"date":"1980-04-25T16:38:10.988Z","age":43},"registered":{"date":"2011-10-20T14:37:42.104Z","age":12},"phone":"06-631-513","cell":"043-042-46-55","id":{"name":"HETU","value":"NaNNA172undefined"},"picture":{"large":"https://randomuser.me/api/portraits/women/40.jpg","medium":"https://randomuser.me/api/portraits/med/women/40.jpg","thumbnail":"https://randomuser.me/api/portraits/thumb/women/40.jpg"},"nat":"FI"}],"info":{"seed":"a7f038da75a2e11b","results":1,"page":1,"version":"1.4"}} 
 </msg>
<msg time="2024-03-27T09:14:49.658522" level="INFO">/opt/hostedtoolcache/Python/3.12.2/x64/lib/python3.12/site-packages/urllib3/connectionpool.py:1103: InsecureRequestWarning: Unverified HTTPS request is being made to host 'randomuser.me'. Adding certificate verification is strongly advised. See: https://urllib3.readthedocs.io/en/latest/advanced-usage.html#tls-warnings
  warnings.warn(</msg>
<msg time="2024-03-27T09:14:49.658657" level="INFO">${response} = &lt;Response [200]&gt;</msg>
<var>${response}</var>
<arg>consultarAPI</arg>
<arg>/api</arg>
<doc>Sends a GET request on a previously created HTTP Session.</doc>
<status status="PASS" start="2024-03-27T09:14:49.564594" elapsed="0.094106"/>
</kw>
<kw name="Set Variable" owner="BuiltIn">
<msg time="2024-03-27T09:14:49.659654" level="INFO">${json_data} = {'results': [{'gender': 'female', 'name': {'title': 'Ms', 'first': 'Siiri', 'last': 'Pulli'}, 'location': {'street': {'number': 6192, 'name': 'Pirkankatu'}, 'city': 'Mariehamn', 'state': 'Finland Prop...</msg>
<var>${json_data}</var>
<arg>${response.json()}</arg>
<doc>Returns the given values which can then be assigned to a variables.</doc>
<status status="PASS" start="2024-03-27T09:14:49.659135" elapsed="0.000549"/>
</kw>
<kw name="Log" owner="BuiltIn">
<msg time="2024-03-27T09:14:49.660188" level="INFO">{'results': [{'gender': 'female', 'name': {'title': 'Ms', 'first': 'Siiri', 'last': 'Pulli'}, 'location': {'street': {'number': 6192, 'name': 'Pirkankatu'}, 'city': 'Mariehamn', 'state': 'Finland Proper', 'country': 'Finland', 'postcode': 88715, 'coordinates': {'latitude': '-23.8042', 'longitude': '103.8494'}, 'timezone': {'offset': '+2:00', 'description': 'Kaliningrad, South Africa'}}, 'email': 'siiri.pulli@example.com', 'login': {'uuid': 'ebb89872-d02c-425a-9065-40a769a52926', 'username': 'goldenelephant154', 'password': 'giants', 'salt': 'biViwPfa', 'md5': 'cae599711c4ca6e6e17c07b5d056cae3', 'sha1': '7b8120e58d011421b6c675f0949eb3985e7b60b6', 'sha256': 'a2e30bf063808a251f4f353c2c5bdeb2dae76b54348e9204a61d1eec74b284ec'}, 'dob': {'date': '1980-04-25T16:38:10.988Z', 'age': 43}, 'registered': {'date': '2011-10-20T14:37:42.104Z', 'age': 12}, 'phone': '06-631-513', 'cell': '043-042-46-55', 'id': {'name': 'HETU', 'value': 'NaNNA172undefined'}, 'picture': {'large': 'https://randomuser.me/api/portraits/women/40.jpg', 'medium': 'https://randomuser.me/api/portraits/med/women/40.jpg', 'thumbnail': 'https://randomuser.me/api/portraits/thumb/women/40.jpg'}, 'nat': 'FI'}], 'info': {'seed': 'a7f038da75a2e11b', 'results': 1, 'page': 1, 'version': '1.4'}}</msg>
<arg>${json_data}</arg>
<doc>Logs the given message with the given level.</doc>
<status status="PASS" start="2024-03-27T09:14:49.660021" elapsed="0.000228"/>
</kw>
<kw name="Dictionary Should Contain Key" owner="Collections">
<msg time="2024-03-27T09:14:49.660722" level="INFO">False</msg>
<arg>${json_data}</arg>
<arg>results</arg>
<doc>Fails if ``key`` is not found from ``dictionary``.</doc>
<status status="PASS" start="2024-03-27T09:14:49.660561" elapsed="0.000199"/>
</kw>
<kw name="Should Not Be Empty" owner="BuiltIn">
<msg time="2024-03-27T09:14:49.661248" level="INFO">Length is 2.</msg>
<arg>${json_data}</arg>
<doc>Verifies that the given item is not empty.</doc>
<status status="PASS" start="2024-03-27T09:14:49.661061" elapsed="0.000236"/>
</kw>
<kw name="Create List" owner="BuiltIn">
<msg time="2024-03-27T09:14:49.661769" level="INFO">${expected_keys} = ['gender', 'name', 'location', 'email', 'login']</msg>
<var>${expected_keys}</var>
<arg>gender</arg>
<arg>name</arg>
<arg>location</arg>
<arg>email</arg>
<arg>login</arg>
<doc>Returns a list containing given items.</doc>
<status status="PASS" start="2024-03-27T09:14:49.661609" elapsed="0.000185"/>
</kw>
<for flavor="IN">
<iter>
<kw name="Dictionary Should Contain Key" owner="Collections">
<msg time="2024-03-27T09:14:49.662823" level="INFO">False</msg>
<arg>${json_data['results'][0]}</arg>
<arg>${key}</arg>
<doc>Fails if ``key`` is not found from ``dictionary``.</doc>
<status status="PASS" start="2024-03-27T09:14:49.662405" elapsed="0.000459"/>
</kw>
<kw name="Log" owner="BuiltIn">
<msg time="2024-03-27T09:14:49.663577" level="INFO">{'gender': 'female', 'name': {'title': 'Ms', 'first': 'Siiri', 'last': 'Pulli'}, 'location': {'street': {'number': 6192, 'name': 'Pirkankatu'}, 'city': 'Mariehamn', 'state': 'Finland Proper', 'country': 'Finland', 'postcode': 88715, 'coordinates': {'latitude': '-23.8042', 'longitude': '103.8494'}, 'timezone': {'offset': '+2:00', 'description': 'Kaliningrad, South Africa'}}, 'email': 'siiri.pulli@example.com', 'login': {'uuid': 'ebb89872-d02c-425a-9065-40a769a52926', 'username': 'goldenelephant154', 'password': 'giants', 'salt': 'biViwPfa', 'md5': 'cae599711c4ca6e6e17c07b5d056cae3', 'sha1': '7b8120e58d011421b6c675f0949eb3985e7b60b6', 'sha256': 'a2e30bf063808a251f4f353c2c5bdeb2dae76b54348e9204a61d1eec74b284ec'}, 'dob': {'date': '1980-04-25T16:38:10.988Z', 'age': 43}, 'registered': {'date': '2011-10-20T14:37:42.104Z', 'age': 12}, 'phone': '06-631-513', 'cell': '043-042-46-55', 'id': {'name': 'HETU', 'value': 'NaNNA172undefined'}, 'picture': {'large': 'https://randomuser.me/api/portraits/women/40.jpg', 'medium': 'https://randomuser.me/api/portraits/med/women/40.jpg', 'thumbnail': 'https://randomuser.me/api/portraits/thumb/women/40.jpg'}, 'nat': 'FI'}</msg>
<arg>${json_data['results'][0]}</arg>
<doc>Logs the given message with the given level.</doc>
<status status="PASS" start="2024-03-27T09:14:49.663176" elapsed="0.000457"/>
</kw>
<kw name="Log" owner="BuiltIn">
<msg time="2024-03-27T09:14:49.664081" level="INFO">gender</msg>
<arg>${key}</arg>
<doc>Logs the given message with the given level.</doc>
<status status="PASS" start="2024-03-27T09:14:49.663946" elapsed="0.000175"/>
</kw>
<var name="${key}">gender</var>
<status status="PASS" start="2024-03-27T09:14:49.662267" elapsed="0.002100"/>
</iter>
<iter>
<kw name="Dictionary Should Contain Key" owner="Collections">
<msg time="2024-03-27T09:14:49.665074" level="INFO">False</msg>
<arg>${json_data['results'][0]}</arg>
<arg>${key}</arg>
<doc>Fails if ``key`` is not found from ``dictionary``.</doc>
<status status="PASS" start="2024-03-27T09:14:49.664685" elapsed="0.000451"/>
</kw>
<kw name="Log" owner="BuiltIn">
<msg time="2024-03-27T09:14:49.665865" level="INFO">{'gender': 'female', 'name': {'title': 'Ms', 'first': 'Siiri', 'last': 'Pulli'}, 'location': {'street': {'number': 6192, 'name': 'Pirkankatu'}, 'city': 'Mariehamn', 'state': 'Finland Proper', 'country': 'Finland', 'postcode': 88715, 'coordinates': {'latitude': '-23.8042', 'longitude': '103.8494'}, 'timezone': {'offset': '+2:00', 'description': 'Kaliningrad, South Africa'}}, 'email': 'siiri.pulli@example.com', 'login': {'uuid': 'ebb89872-d02c-425a-9065-40a769a52926', 'username': 'goldenelephant154', 'password': 'giants', 'salt': 'biViwPfa', 'md5': 'cae599711c4ca6e6e17c07b5d056cae3', 'sha1': '7b8120e58d011421b6c675f0949eb3985e7b60b6', 'sha256': 'a2e30bf063808a251f4f353c2c5bdeb2dae76b54348e9204a61d1eec74b284ec'}, 'dob': {'date': '1980-04-25T16:38:10.988Z', 'age': 43}, 'registered': {'date': '2011-10-20T14:37:42.104Z', 'age': 12}, 'phone': '06-631-513', 'cell': '043-042-46-55', 'id': {'name': 'HETU', 'value': 'NaNNA172undefined'}, 'picture': {'large': 'https://randomuser.me/api/portraits/women/40.jpg', 'medium': 'https://randomuser.me/api/portraits/med/women/40.jpg', 'thumbnail': 'https://randomuser.me/api/portraits/thumb/women/40.jpg'}, 'nat': 'FI'}</msg>
<arg>${json_data['results'][0]}</arg>
<doc>Logs the given message with the given level.</doc>
<status status="PASS" start="2024-03-27T09:14:49.665488" elapsed="0.000428"/>
</kw>
<kw name="Log" owner="BuiltIn">
<msg time="2024-03-27T09:14:49.666384" level="INFO">name</msg>
<arg>${key}</arg>
<doc>Logs the given message with the given level.</doc>
<status status="PASS" start="2024-03-27T09:14:49.666222" elapsed="0.000202"/>
</kw>
<var name="${key}">name</var>
<status status="PASS" start="2024-03-27T09:14:49.664566" elapsed="0.002087"/>
</iter>
<iter>
<kw name="Dictionary Should Contain Key" owner="Collections">
<msg time="2024-03-27T09:14:49.667351" level="INFO">False</msg>
<arg>${json_data['results'][0]}</arg>
<arg>${key}</arg>
<doc>Fails if ``key`` is not found from ``dictionary``.</doc>
<status status="PASS" start="2024-03-27T09:14:49.666961" elapsed="0.000428"/>
</kw>
<kw name="Log" owner="BuiltIn">
<msg time="2024-03-27T09:14:49.668085" level="INFO">{'gender': 'female', 'name': {'title': 'Ms', 'first': 'Siiri', 'last': 'Pulli'}, 'location': {'street': {'number': 6192, 'name': 'Pirkankatu'}, 'city': 'Mariehamn', 'state': 'Finland Proper', 'country': 'Finland', 'postcode': 88715, 'coordinates': {'latitude': '-23.8042', 'longitude': '103.8494'}, 'timezone': {'offset': '+2:00', 'description': 'Kaliningrad, South Africa'}}, 'email': 'siiri.pulli@example.com', 'login': {'uuid': 'ebb89872-d02c-425a-9065-40a769a52926', 'username': 'goldenelephant154', 'password': 'giants', 'salt': 'biViwPfa', 'md5': 'cae599711c4ca6e6e17c07b5d056cae3', 'sha1': '7b8120e58d011421b6c675f0949eb3985e7b60b6', 'sha256': 'a2e30bf063808a251f4f353c2c5bdeb2dae76b54348e9204a61d1eec74b284ec'}, 'dob': {'date': '1980-04-25T16:38:10.988Z', 'age': 43}, 'registered': {'date': '2011-10-20T14:37:42.104Z', 'age': 12}, 'phone': '06-631-513', 'cell': '043-042-46-55', 'id': {'name': 'HETU', 'value': 'NaNNA172undefined'}, 'picture': {'large': 'https://randomuser.me/api/portraits/women/40.jpg', 'medium': 'https://randomuser.me/api/portraits/med/women/40.jpg', 'thumbnail': 'https://randomuser.me/api/portraits/thumb/women/40.jpg'}, 'nat': 'FI'}</msg>
<arg>${json_data['results'][0]}</arg>
<doc>Logs the given message with the given level.</doc>
<status status="PASS" start="2024-03-27T09:14:49.667712" elapsed="0.000426"/>
</kw>
<kw name="Log" owner="BuiltIn">
<msg time="2024-03-27T09:14:49.668579" level="INFO">location</msg>
<arg>${key}</arg>
<doc>Logs the given message with the given level.</doc>
<status status="PASS" start="2024-03-27T09:14:49.668438" elapsed="0.000179"/>
</kw>
<var name="${key}">location</var>
<status status="PASS" start="2024-03-27T09:14:49.666848" elapsed="0.001988"/>
</iter>
<iter>
<kw name="Dictionary Should Contain Key" owner="Collections">
<msg time="2024-03-27T09:14:49.669539" level="INFO">False</msg>
<arg>${json_data['results'][0]}</arg>
<arg>${key}</arg>
<doc>Fails if ``key`` is not found from ``dictionary``.</doc>
<status status="PASS" start="2024-03-27T09:14:49.669147" elapsed="0.000431"/>
</kw>
<kw name="Log" owner="BuiltIn">
<msg time="2024-03-27T09:14:49.670253" level="INFO">{'gender': 'female', 'name': {'title': 'Ms', 'first': 'Siiri', 'last': 'Pulli'}, 'location': {'street': {'number': 6192, 'name': 'Pirkankatu'}, 'city': 'Mariehamn', 'state': 'Finland Proper', 'country': 'Finland', 'postcode': 88715, 'coordinates': {'latitude': '-23.8042', 'longitude': '103.8494'}, 'timezone': {'offset': '+2:00', 'description': 'Kaliningrad, South Africa'}}, 'email': 'siiri.pulli@example.com', 'login': {'uuid': 'ebb89872-d02c-425a-9065-40a769a52926', 'username': 'goldenelephant154', 'password': 'giants', 'salt': 'biViwPfa', 'md5': 'cae599711c4ca6e6e17c07b5d056cae3', 'sha1': '7b8120e58d011421b6c675f0949eb3985e7b60b6', 'sha256': 'a2e30bf063808a251f4f353c2c5bdeb2dae76b54348e9204a61d1eec74b284ec'}, 'dob': {'date': '1980-04-25T16:38:10.988Z', 'age': 43}, 'registered': {'date': '2011-10-20T14:37:42.104Z', 'age': 12}, 'phone': '06-631-513', 'cell': '043-042-46-55', 'id': {'name': 'HETU', 'value': 'NaNNA172undefined'}, 'picture': {'large': 'https://randomuser.me/api/portraits/women/40.jpg', 'medium': 'https://randomuser.me/api/portraits/med/women/40.jpg', 'thumbnail': 'https://randomuser.me/api/portraits/thumb/women/40.jpg'}, 'nat': 'FI'}</msg>
<arg>${json_data['results'][0]}</arg>
<doc>Logs the given message with the given level.</doc>
<status status="PASS" start="2024-03-27T09:14:49.669891" elapsed="0.000411"/>
</kw>
<kw name="Log" owner="BuiltIn">
<msg time="2024-03-27T09:14:49.670757" level="INFO">email</msg>
<arg>${key}</arg>
<doc>Logs the given message with the given level.</doc>
<status status="PASS" start="2024-03-27T09:14:49.670618" elapsed="0.000193"/>
</kw>
<var name="${key}">email</var>
<status status="PASS" start="2024-03-27T09:14:49.669014" elapsed="0.002033"/>
</iter>
<iter>
<kw name="Dictionary Should Contain Key" owner="Collections">
<msg time="2024-03-27T09:14:49.671748" level="INFO">False</msg>
<arg>${json_data['results'][0]}</arg>
<arg>${key}</arg>
<doc>Fails if ``key`` is not found from ``dictionary``.</doc>
<status status="PASS" start="2024-03-27T09:14:49.671342" elapsed="0.000445"/>
</kw>
<kw name="Log" owner="BuiltIn">
<msg time="2024-03-27T09:14:49.672464" level="INFO">{'gender': 'female', 'name': {'title': 'Ms', 'first': 'Siiri', 'last': 'Pulli'}, 'location': {'street': {'number': 6192, 'name': 'Pirkankatu'}, 'city': 'Mariehamn', 'state': 'Finland Proper', 'country': 'Finland', 'postcode': 88715, 'coordinates': {'latitude': '-23.8042', 'longitude': '103.8494'}, 'timezone': {'offset': '+2:00', 'description': 'Kaliningrad, South Africa'}}, 'email': 'siiri.pulli@example.com', 'login': {'uuid': 'ebb89872-d02c-425a-9065-40a769a52926', 'username': 'goldenelephant154', 'password': 'giants', 'salt': 'biViwPfa', 'md5': 'cae599711c4ca6e6e17c07b5d056cae3', 'sha1': '7b8120e58d011421b6c675f0949eb3985e7b60b6', 'sha256': 'a2e30bf063808a251f4f353c2c5bdeb2dae76b54348e9204a61d1eec74b284ec'}, 'dob': {'date': '1980-04-25T16:38:10.988Z', 'age': 43}, 'registered': {'date': '2011-10-20T14:37:42.104Z', 'age': 12}, 'phone': '06-631-513', 'cell': '043-042-46-55', 'id': {'name': 'HETU', 'value': 'NaNNA172undefined'}, 'picture': {'large': 'https://randomuser.me/api/portraits/women/40.jpg', 'medium': 'https://randomuser.me/api/portraits/med/women/40.jpg', 'thumbnail': 'https://randomuser.me/api/portraits/thumb/women/40.jpg'}, 'nat': 'FI'}</msg>
<arg>${json_data['results'][0]}</arg>
<doc>Logs the given message with the given level.</doc>
<status status="PASS" start="2024-03-27T09:14:49.672097" elapsed="0.000415"/>
</kw>
<kw name="Log" owner="BuiltIn">
<msg time="2024-03-27T09:14:49.672952" level="INFO">login</msg>
<arg>${key}</arg>
<doc>Logs the given message with the given level.</doc>
<status status="PASS" start="2024-03-27T09:14:49.672818" elapsed="0.000328"/>
</kw>
<var name="${key}">login</var>
<status status="PASS" start="2024-03-27T09:14:49.671225" elapsed="0.002192"/>
</iter>
<var>${key}</var>
<value>@{expected_keys}</value>
<status status="PASS" start="2024-03-27T09:14:49.662062" elapsed="0.011495"/>
</for>
<kw name="Create List" owner="BuiltIn">
<msg time="2024-03-27T09:14:49.673909" level="INFO">${expected_keysTwo} = ['username', 'password']</msg>
<var>${expected_keysTwo}</var>
<arg>username</arg>
<arg>password</arg>
<doc>Returns a list containing given items.</doc>
<status status="PASS" start="2024-03-27T09:14:49.673767" elapsed="0.000167"/>
</kw>
<for flavor="IN">
<iter>
<kw name="Dictionary Should Contain Key" owner="Collections">
<msg time="2024-03-27T09:14:49.674842" level="INFO">False</msg>
<arg>${json_data['results'][0]['login']}</arg>
<arg>${keyTwo}</arg>
<doc>Fails if ``key`` is not found from ``dictionary``.</doc>
<status status="PASS" start="2024-03-27T09:14:49.674456" elapsed="0.000424"/>
</kw>
<kw name="Dictionary Should Contain Key" owner="Collections">
<msg time="2024-03-27T09:14:49.675598" level="INFO">False</msg>
<arg>${json_data['results'][0]['login']}</arg>
<arg>${keyTwo}</arg>
<doc>Fails if ``key`` is not found from ``dictionary``.</doc>
<status status="PASS" start="2024-03-27T09:14:49.675203" elapsed="0.000433"/>
</kw>
<kw name="Log" owner="BuiltIn">
<msg time="2024-03-27T09:14:49.676069" level="INFO">username</msg>
<arg>${keyTwo}</arg>
<doc>Logs the given message with the given level.</doc>
<status status="PASS" start="2024-03-27T09:14:49.675936" elapsed="0.000184"/>
</kw>
<var name="${keyTwo}">username</var>
<status status="PASS" start="2024-03-27T09:14:49.674345" elapsed="0.001992"/>
</iter>
<iter>
<kw name="Dictionary Should Contain Key" owner="Collections">
<msg time="2024-03-27T09:14:49.677004" level="INFO">False</msg>
<arg>${json_data['results'][0]['login']}</arg>
<arg>${keyTwo}</arg>
<doc>Fails if ``key`` is not found from ``dictionary``.</doc>
<status status="PASS" start="2024-03-27T09:14:49.676624" elapsed="0.000418"/>
</kw>
<kw name="Dictionary Should Contain Key" owner="Collections">
<msg time="2024-03-27T09:14:49.677806" level="INFO">False</msg>
<arg>${json_data['results'][0]['login']}</arg>
<arg>${keyTwo}</arg>
<doc>Fails if ``key`` is not found from ``dictionary``.</doc>
<status status="PASS" start="2024-03-27T09:14:49.677414" elapsed="0.000430"/>
</kw>
<kw name="Log" owner="BuiltIn">
<msg time="2024-03-27T09:14:49.678279" level="INFO">password</msg>
<arg>${keyTwo}</arg>
<doc>Logs the given message with the given level.</doc>
<status status="PASS" start="2024-03-27T09:14:49.678149" elapsed="0.000169"/>
</kw>
<var name="${keyTwo}">password</var>
<status status="PASS" start="2024-03-27T09:14:49.676512" elapsed="0.002023"/>
</iter>
<var>${keyTwo}</var>
<value>@{expected_keysTwo}</value>
<status status="PASS" start="2024-03-27T09:14:49.674186" elapsed="0.004470"/>
</for>
<status status="PASS" start="2024-03-27T09:14:49.564319" elapsed="0.114480"/>
</kw>
<doc>Testa a estrutura da resposta da API.</doc>
<tag>testeEstruturaResposta</tag>
<status status="PASS" start="2024-03-27T09:14:49.563521" elapsed="0.115443"/>
</test>
<test id="s1-s1-t4" name="Validar tipos de dados" line="28">
<kw name="Teste de Tipos de Dados" owner="random-user-service">
<kw name="GET On Session" owner="RequestsLibrary">
<msg time="2024-03-27T09:14:49.776563" level="INFO">GET Request : url=https://randomuser.me/api 
 path_url=/api 
 headers={'User-Agent': 'python-requests/2.31.0', 'Accept-Encoding': 'gzip, deflate', 'Accept': '*/*', 'Connection': 'keep-alive'} 
 body=None 
 </msg>
<msg time="2024-03-27T09:14:49.776672" level="INFO">GET Response : url=https://randomuser.me/api 
 status=200, reason=OK 
 headers={'Date': 'Wed, 27 Mar 2024 09:14:49 GMT', 'Content-Type': 'application/json; charset=utf-8', 'Transfer-Encoding': 'chunked', 'Connection': 'keep-alive', 'X-Powered-By': 'Express', 'Access-Control-Allow-Origin': '*', 'Cache-Control': 'no-cache', 'ETag': 'W/"48c-mAmHicBvVWIbvopO3eT9TOWz5QQ"', 'Vary': 'Accept-Encoding', 'Content-Encoding': 'gzip', 'CF-Cache-Status': 'DYNAMIC', 'Report-To': '{"endpoints":[{"url":"https:\\/\\/a.nel.cloudflare.com\\/report\\/v4?s=AC2nEpIXkRmSZNNxL8PAQubnxFt6JAQ9%2Bm4iCST4i1X0oYKPaJKZ%2FUQjhX1wxFOfP7N4caZml4II8Dl1BjXXIwi6bxRDsSAM682mcz60DQx4nogmxNwV%2F02BkI%2BUlPzd"}],"group":"cf-nel","max_age":604800}', 'NEL': '{"success_fraction":0,"report_to":"cf-nel","max_age":604800}', 'Server': 'cloudflare', 'CF-RAY': '86ae45bc8b992eea-LAX', 'alt-svc': 'h3=":443"; ma=86400'} 
 body={"results":[{"gender":"male","name":{"title":"Mr","first":"Todd","last":"Stanley"},"location":{"street":{"number":5089,"name":"South Street"},"city":"Clonakilty","state":"Kildare","country":"Ireland","postcode":15285,"coordinates":{"latitude":"-2.8788","longitude":"-104.1987"},"timezone":{"offset":"+11:00","description":"Magadan, Solomon Islands, New Caledonia"}},"email":"todd.stanley@example.com","login":{"uuid":"edf8b460-1623-487c-bf86-77750641374c","username":"lazykoala533","password":"zodiac","salt":"eAkoGCW9","md5":"c6190609a5eeef1e689e30acc5b666ab","sha1":"74617b3724a5309ea08cadd6ddfa0fdc86f219af","sha256":"4672863b2044c8c660e2ee9b8fdb0b53f6c4758db71c76baec11dcb85f5992b8"},"dob":{"date":"1971-05-17T14:36:53.014Z","age":52},"registered":{"date":"2011-07-19T14:07:24.879Z","age":12},"phone":"011-320-2427","cell":"081-126-3122","id":{"name":"PPS","value":"2046864T"},"picture":{"large":"https://randomuser.me/api/portraits/men/37.jpg","medium":"https://randomuser.me/api/portraits/med/men/37.jpg","thumbnail":"https://randomuser.me/api/portraits/thumb/men/37.jpg"},"nat":"IE"}],"info":{"seed":"cde784d6ec6d8a0e","results":1,"page":1,"version":"1.4"}} 
 </msg>
<msg time="2024-03-27T09:14:49.776740" level="INFO">/opt/hostedtoolcache/Python/3.12.2/x64/lib/python3.12/site-packages/urllib3/connectionpool.py:1103: InsecureRequestWarning: Unverified HTTPS request is being made to host 'randomuser.me'. Adding certificate verification is strongly advised. See: https://urllib3.readthedocs.io/en/latest/advanced-usage.html#tls-warnings
  warnings.warn(</msg>
<msg time="2024-03-27T09:14:49.776880" level="INFO">${response} = &lt;Response [200]&gt;</msg>
<var>${response}</var>
<arg>consultarAPI</arg>
<arg>/api</arg>
<doc>Sends a GET request on a previously created HTTP Session.</doc>
<status status="PASS" start="2024-03-27T09:14:49.681661" elapsed="0.095261"/>
</kw>
<kw name="Set Variable" owner="BuiltIn">
<msg time="2024-03-27T09:14:49.777983" level="INFO">${json_data} = {'results': [{'gender': 'male', 'name': {'title': 'Mr', 'first': 'Todd', 'last': 'Stanley'}, 'location': {'street': {'number': 5089, 'name': 'South Street'}, 'city': 'Clonakilty', 'state': 'Kildare', ...</msg>
<var>${json_data}</var>
<arg>${response.json()}</arg>
<doc>Returns the given values which can then be assigned to a variables.</doc>
<status status="PASS" start="2024-03-27T09:14:49.777455" elapsed="0.000559"/>
</kw>
<kw name="Log" owner="BuiltIn">
<msg time="2024-03-27T09:14:49.778528" level="INFO">{'results': [{'gender': 'male', 'name': {'title': 'Mr', 'first': 'Todd', 'last': 'Stanley'}, 'location': {'street': {'number': 5089, 'name': 'South Street'}, 'city': 'Clonakilty', 'state': 'Kildare', 'country': 'Ireland', 'postcode': 15285, 'coordinates': {'latitude': '-2.8788', 'longitude': '-104.1987'}, 'timezone': {'offset': '+11:00', 'description': 'Magadan, Solomon Islands, New Caledonia'}}, 'email': 'todd.stanley@example.com', 'login': {'uuid': 'edf8b460-1623-487c-bf86-77750641374c', 'username': 'lazykoala533', 'password': 'zodiac', 'salt': 'eAkoGCW9', 'md5': 'c6190609a5eeef1e689e30acc5b666ab', 'sha1': '74617b3724a5309ea08cadd6ddfa0fdc86f219af', 'sha256': '4672863b2044c8c660e2ee9b8fdb0b53f6c4758db71c76baec11dcb85f5992b8'}, 'dob': {'date': '1971-05-17T14:36:53.014Z', 'age': 52}, 'registered': {'date': '2011-07-19T14:07:24.879Z', 'age': 12}, 'phone': '011-320-2427', 'cell': '081-126-3122', 'id': {'name': 'PPS', 'value': '2046864T'}, 'picture': {'large': 'https://randomuser.me/api/portraits/men/37.jpg', 'medium': 'https://randomuser.me/api/portraits/med/men/37.jpg', 'thumbnail': 'https://randomuser.me/api/portraits/thumb/men/37.jpg'}, 'nat': 'IE'}], 'info': {'seed': 'cde784d6ec6d8a0e', 'results': 1, 'page': 1, 'version': '1.4'}}</msg>
<arg>${json_data}</arg>
<doc>Logs the given message with the given level.</doc>
<status status="PASS" start="2024-03-27T09:14:49.778363" elapsed="0.000251"/>
</kw>
<kw name="Should Be String" owner="String">
<arg>${json_data['results'][0]['gender']}</arg>
<doc>Fails if the given ``item`` is not a string.</doc>
<status status="PASS" start="2024-03-27T09:14:49.778928" elapsed="0.000372"/>
</kw>
<kw name="Should Match Regexp" owner="BuiltIn">
<arg>${json_data['results'][0]['email']}</arg>
<arg>^[a-zA-Z0-9._%+-]+@[a-zA-Z0-9.-]+\.[a-zA-Z]{2,}$</arg>
<doc>Fails if ``string`` does not match ``pattern`` as a regular expression.</doc>
<status status="PASS" start="2024-03-27T09:14:49.779500" elapsed="0.000538"/>
</kw>
<kw name="Should Match Regexp" owner="BuiltIn">
<arg>${json_data['results'][0]['dob']['date']}</arg>
<arg>\\d{4}-\\d{2}-\\d{2}T\\d{2}:\\d{2}:\\d{2}\\.\\d{3}Z</arg>
<doc>Fails if ``string`` does not match ``pattern`` as a regular expression.</doc>
<status status="PASS" start="2024-03-27T09:14:49.780248" elapsed="0.000500"/>
</kw>
<kw name="Should Match Regexp" owner="BuiltIn">
<arg>${json_data['results'][0]['registered']['date']}</arg>
<arg>\\d{4}-\\d{2}-\\d{2}T\\d{2}:\\d{2}:\\d{2}\\.\\d{3}Z</arg>
<doc>Fails if ``string`` does not match ``pattern`` as a regular expression.</doc>
<status status="PASS" start="2024-03-27T09:14:49.780953" elapsed="0.000421"/>
</kw>
<kw name="Should Match Regexp" owner="BuiltIn">
<arg>${json_data['results'][0]['picture']['large']}</arg>
<arg>^https?://.*\.(?:png|jpe?g|gif|bmp)$</arg>
<doc>Fails if ``string`` does not match ``pattern`` as a regular expression.</doc>
<status status="PASS" start="2024-03-27T09:14:49.781568" elapsed="0.000480"/>
</kw>
<kw name="Should Match Regexp" owner="BuiltIn">
<arg>${json_data['results'][0]['picture']['medium']}</arg>
<arg>^https?://.*\.(?:png|jpe?g|gif|bmp)$</arg>
<doc>Fails if ``string`` does not match ``pattern`` as a regular expression.</doc>
<status status="PASS" start="2024-03-27T09:14:49.782243" elapsed="0.000380"/>
</kw>
<kw name="Should Match Regexp" owner="BuiltIn">
<arg>${json_data['results'][0]['picture']['thumbnail']}</arg>
<arg>^https?://.*\.(?:png|jpe?g|gif|bmp)$</arg>
<doc>Fails if ``string`` does not match ``pattern`` as a regular expression.</doc>
<status status="PASS" start="2024-03-27T09:14:49.782813" elapsed="0.000367"/>
</kw>
<kw name="Log" owner="BuiltIn">
<msg time="2024-03-27T09:14:49.783702" level="INFO">{'large': 'https://randomuser.me/api/portraits/men/37.jpg', 'medium': 'https://randomuser.me/api/portraits/med/men/37.jpg', 'thumbnail': 'https://randomuser.me/api/portraits/thumb/men/37.jpg'}</msg>
<arg>${json_data['results'][0]['picture']}</arg>
<doc>Logs the given message with the given level.</doc>
<status status="PASS" start="2024-03-27T09:14:49.783363" elapsed="0.000396"/>
</kw>
<status status="PASS" start="2024-03-27T09:14:49.681405" elapsed="0.102617"/>
</kw>
<kw name="Teste de Tipos de Dados - Postcode" owner="random-user-service">
<kw name="GET On Session" owner="RequestsLibrary">
<msg time="2024-03-27T09:14:49.876664" level="INFO">GET Request : url=https://randomuser.me/api 
 path_url=/api 
 headers={'User-Agent': 'python-requests/2.31.0', 'Accept-Encoding': 'gzip, deflate', 'Accept': '*/*', 'Connection': 'keep-alive'} 
 body=None 
 </msg>
<msg time="2024-03-27T09:14:49.876790" level="INFO">GET Response : url=https://randomuser.me/api 
 status=200, reason=OK 
 headers={'Date': 'Wed, 27 Mar 2024 09:14:49 GMT', 'Content-Type': 'application/json; charset=utf-8', 'Transfer-Encoding': 'chunked', 'Connection': 'keep-alive', 'X-Powered-By': 'Express', 'Access-Control-Allow-Origin': '*', 'Cache-Control': 'no-cache', 'ETag': 'W/"487-P1j8acOjL5dhIqjfoCJ28eAcDjk"', 'Vary': 'Accept-Encoding', 'Content-Encoding': 'gzip', 'CF-Cache-Status': 'DYNAMIC', 'Report-To': '{"endpoints":[{"url":"https:\\/\\/a.nel.cloudflare.com\\/report\\/v4?s=tcIMYXs%2B87v7QUpk0FFSFdB9e2YJfvAdkMX63rZngG9N9bAeIvRNTQbHaCU90K8FFJ9jvwc1ciGQ1aAHccQ627cpZR31B2kinJ0nSV3ohkjw%2FqAdbagAzgHI6kWC6PWV"}],"group":"cf-nel","max_age":604800}', 'NEL': '{"success_fraction":0,"report_to":"cf-nel","max_age":604800}', 'Server': 'cloudflare', 'CF-RAY': '86ae45bd2c2d2eea-LAX', 'alt-svc': 'h3=":443"; ma=86400'} 
 body={"results":[{"gender":"female","name":{"title":"Ms","first":"Suchita","last":"Shet"},"location":{"street":{"number":5822,"name":"Somwar Peth"},"city":"Raipur","state":"Gujarat","country":"India","postcode":68663,"coordinates":{"latitude":"12.0081","longitude":"123.8822"},"timezone":{"offset":"-3:00","description":"Brazil, Buenos Aires, Georgetown"}},"email":"suchita.shet@example.com","login":{"uuid":"dde59ec5-afc9-4ecc-b425-b815dca5b027","username":"greenpeacock561","password":"best","salt":"7UL3XWor","md5":"ced099d01cddc0c9f03ec00c9008f5ec","sha1":"3feaf4b30f59d7df54d3b4c61d3b16aab6bce240","sha256":"8576146411514221f97dd804c229d820c4e790001490efe3a9c27c56da8b491f"},"dob":{"date":"1950-04-28T20:22:44.883Z","age":73},"registered":{"date":"2008-07-21T07:33:59.061Z","age":15},"phone":"9636014898","cell":"7773822197","id":{"name":"UIDAI","value":"875135541312"},"picture":{"large":"https://randomuser.me/api/portraits/women/82.jpg","medium":"https://randomuser.me/api/portraits/med/women/82.jpg","thumbnail":"https://randomuser.me/api/portraits/thumb/women/82.jpg"},"nat":"IN"}],"info":{"seed":"bb8f9bfb46b9f8e4","results":1,"page":1,"version":"1.4"}} 
 </msg>
<msg time="2024-03-27T09:14:49.876889" level="INFO">/opt/hostedtoolcache/Python/3.12.2/x64/lib/python3.12/site-packages/urllib3/connectionpool.py:1103: InsecureRequestWarning: Unverified HTTPS request is being made to host 'randomuser.me'. Adding certificate verification is strongly advised. See: https://urllib3.readthedocs.io/en/latest/advanced-usage.html#tls-warnings
  warnings.warn(</msg>
<msg time="2024-03-27T09:14:49.877032" level="INFO">${response} = &lt;Response [200]&gt;</msg>
<var>${response}</var>
<arg>consultarAPI</arg>
<arg>/api</arg>
<doc>Sends a GET request on a previously created HTTP Session.</doc>
<status status="PASS" start="2024-03-27T09:14:49.784664" elapsed="0.092413"/>
</kw>
<kw name="Set Variable" owner="BuiltIn">
<msg time="2024-03-27T09:14:49.878165" level="INFO">${json_data} = {'results': [{'gender': 'female', 'name': {'title': 'Ms', 'first': 'Suchita', 'last': 'Shet'}, 'location': {'street': {'number': 5822, 'name': 'Somwar Peth'}, 'city': 'Raipur', 'state': 'Gujarat', 'co...</msg>
<var>${json_data}</var>
<arg>${response.json()}</arg>
<doc>Returns the given values which can then be assigned to a variables.</doc>
<status status="PASS" start="2024-03-27T09:14:49.877640" elapsed="0.000555"/>
</kw>
<kw name="Log" owner="BuiltIn">
<msg time="2024-03-27T09:14:49.878670" level="INFO">{'results': [{'gender': 'female', 'name': {'title': 'Ms', 'first': 'Suchita', 'last': 'Shet'}, 'location': {'street': {'number': 5822, 'name': 'Somwar Peth'}, 'city': 'Raipur', 'state': 'Gujarat', 'country': 'India', 'postcode': 68663, 'coordinates': {'latitude': '12.0081', 'longitude': '123.8822'}, 'timezone': {'offset': '-3:00', 'description': 'Brazil, Buenos Aires, Georgetown'}}, 'email': 'suchita.shet@example.com', 'login': {'uuid': 'dde59ec5-afc9-4ecc-b425-b815dca5b027', 'username': 'greenpeacock561', 'password': 'best', 'salt': '7UL3XWor', 'md5': 'ced099d01cddc0c9f03ec00c9008f5ec', 'sha1': '3feaf4b30f59d7df54d3b4c61d3b16aab6bce240', 'sha256': '8576146411514221f97dd804c229d820c4e790001490efe3a9c27c56da8b491f'}, 'dob': {'date': '1950-04-28T20:22:44.883Z', 'age': 73}, 'registered': {'date': '2008-07-21T07:33:59.061Z', 'age': 15}, 'phone': '9636014898', 'cell': '7773822197', 'id': {'name': 'UIDAI', 'value': '875135541312'}, 'picture': {'large': 'https://randomuser.me/api/portraits/women/82.jpg', 'medium': 'https://randomuser.me/api/portraits/med/women/82.jpg', 'thumbnail': 'https://randomuser.me/api/portraits/thumb/women/82.jpg'}, 'nat': 'IN'}], 'info': {'seed': 'bb8f9bfb46b9f8e4', 'results': 1, 'page': 1, 'version': '1.4'}}</msg>
<arg>${json_data}</arg>
<doc>Logs the given message with the given level.</doc>
<status status="PASS" start="2024-03-27T09:14:49.878511" elapsed="0.000240"/>
</kw>
<kw name="Should Be Equal As Numbers" owner="BuiltIn">
<arg>${json_data['results'][0]['location']['postcode']}</arg>
<arg>${json_data['results'][0]['location']['postcode']}</arg>
<doc>Fails if objects are unequal after converting them to real numbers.</doc>
<status status="PASS" start="2024-03-27T09:14:49.879084" elapsed="0.000638"/>
</kw>
<kw name="Log" owner="BuiltIn">
<msg time="2024-03-27T09:14:49.880262" level="INFO">68663</msg>
<arg>${json_data['results'][0]['location']['postcode']}</arg>
<doc>Logs the given message with the given level.</doc>
<status status="PASS" start="2024-03-27T09:14:49.879920" elapsed="0.000384"/>
</kw>
<status status="PASS" start="2024-03-27T09:14:49.784263" elapsed="0.096304"/>
</kw>
<doc>Testa se os tipos de dados na resposta da API estão corretos.</doc>
<tag>testeTiposDados</tag>
<status status="PASS" start="2024-03-27T09:14:49.680763" elapsed="0.199985"/>
</test>
<test id="s1-s1-t5" name="Validar conteudo" line="35">
<kw name="Teste de Tipos de Conteudo" owner="random-user-service">
<kw name="GET On Session" owner="RequestsLibrary">
<msg time="2024-03-27T09:14:49.987631" level="INFO">GET Request : url=https://randomuser.me/api 
 path_url=/api 
 headers={'User-Agent': 'python-requests/2.31.0', 'Accept-Encoding': 'gzip, deflate', 'Accept': '*/*', 'Connection': 'keep-alive'} 
 body=None 
 </msg>
<msg time="2024-03-27T09:14:49.987731" level="INFO">GET Response : url=https://randomuser.me/api 
 status=200, reason=OK 
 headers={'Date': 'Wed, 27 Mar 2024 09:14:49 GMT', 'Content-Type': 'application/json; charset=utf-8', 'Transfer-Encoding': 'chunked', 'Connection': 'keep-alive', 'X-Powered-By': 'Express', 'Access-Control-Allow-Origin': '*', 'Cache-Control': 'no-cache', 'ETag': 'W/"4a3-pWK9MWP4sQyhJqkxh2vnAX+MGXQ"', 'Vary': 'Accept-Encoding', 'Content-Encoding': 'gzip', 'CF-Cache-Status': 'DYNAMIC', 'Report-To': '{"endpoints":[{"url":"https:\\/\\/a.nel.cloudflare.com\\/report\\/v4?s=KKGCpzuFU0Q1cd%2Frr9ZDMlFC72F7hUK%2Bu3EUkA%2FxU2grlKw3AWh0QCzzbL%2FLDbbDCB%2BT0PlFyflV8QxE7vGpQrI4CyH%2FNG9FXCT7WjH68FXav4lSr6HdVpSrRPwU1Ms%2B"}],"group":"cf-nel","max_age":604800}', 'NEL': '{"success_fraction":0,"report_to":"cf-nel","max_age":604800}', 'Server': 'cloudflare', 'CF-RAY': '86ae45bdccaa2eea-LAX', 'alt-svc': 'h3=":443"; ma=86400'} 
 body={"results":[{"gender":"female","name":{"title":"Miss","first":"Suhasini","last":"Chatterjee"},"location":{"street":{"number":7531,"name":"Car St"},"city":"Bhubaneswar","state":"Bihar","country":"India","postcode":44204,"coordinates":{"latitude":"10.3617","longitude":"106.4450"},"timezone":{"offset":"+3:00","description":"Baghdad, Riyadh, Moscow, St. Petersburg"}},"email":"suhasini.chatterjee@example.com","login":{"uuid":"d319c121-65ee-448d-aee1-7c31267ae310","username":"beautifulladybug826","password":"typhoon","salt":"u46rIZk5","md5":"242e416d735f8824e1417f04233447a3","sha1":"2727d9c9bfc7d065fde4248199a675492edae59e","sha256":"5a3cc33010f1ff9a20974fd39c8dde7fcabb7d6d4b1a3bc37860940da7845afd"},"dob":{"date":"1957-01-17T16:20:01.576Z","age":67},"registered":{"date":"2003-07-30T17:49:41.090Z","age":20},"phone":"8468100782","cell":"9145829732","id":{"name":"UIDAI","value":"675867124460"},"picture":{"large":"https://randomuser.me/api/portraits/women/13.jpg","medium":"https://randomuser.me/api/portraits/med/women/13.jpg","thumbnail":"https://randomuser.me/api/portraits/thumb/women/13.jpg"},"nat":"IN"}],"info":{"seed":"d12d8172aee8655c","results":1,"page":1,"version":"1.4"}} 
 </msg>
<msg time="2024-03-27T09:14:49.987797" level="INFO">/opt/hostedtoolcache/Python/3.12.2/x64/lib/python3.12/site-packages/urllib3/connectionpool.py:1103: InsecureRequestWarning: Unverified HTTPS request is being made to host 'randomuser.me'. Adding certificate verification is strongly advised. See: https://urllib3.readthedocs.io/en/latest/advanced-usage.html#tls-warnings
  warnings.warn(</msg>
<msg time="2024-03-27T09:14:49.987916" level="INFO">${response} = &lt;Response [200]&gt;</msg>
<var>${response}</var>
<arg>consultarAPI</arg>
<arg>/api</arg>
<doc>Sends a GET request on a previously created HTTP Session.</doc>
<status status="PASS" start="2024-03-27T09:14:49.884161" elapsed="0.103796"/>
</kw>
<kw name="Set Variable" owner="BuiltIn">
<msg time="2024-03-27T09:14:49.989047" level="INFO">${json_data} = {'results': [{'gender': 'female', 'name': {'title': 'Miss', 'first': 'Suhasini', 'last': 'Chatterjee'}, 'location': {'street': {'number': 7531, 'name': 'Car St'}, 'city': 'Bhubaneswar', 'state': 'Biha...</msg>
<var>${json_data}</var>
<arg>${response.json()}</arg>
<doc>Returns the given values which can then be assigned to a variables.</doc>
<status status="PASS" start="2024-03-27T09:14:49.988506" elapsed="0.000570"/>
</kw>
<kw name="Set Variable" owner="BuiltIn">
<msg time="2024-03-27T09:14:49.989838" level="INFO">${name_title} = Miss</msg>
<var>${name_title}</var>
<arg>${json_data["results"][0]["name"]["title"]}</arg>
<doc>Returns the given values which can then be assigned to a variables.</doc>
<status status="PASS" start="2024-03-27T09:14:49.989440" elapsed="0.000425"/>
</kw>
<kw name="Create List" owner="BuiltIn">
<msg time="2024-03-27T09:14:49.990339" level="INFO">${allowed_titles} = ['Mr', 'Ms', 'Miss', 'Mrs', 'Madame', 'Monsieur']</msg>
<var>${allowed_titles}</var>
<arg>Mr</arg>
<arg>Ms</arg>
<arg>Miss</arg>
<arg>Mrs</arg>
<arg>Madame</arg>
<arg>Monsieur</arg>
<doc>Returns a list containing given items.</doc>
<status status="PASS" start="2024-03-27T09:14:49.990184" elapsed="0.000180"/>
</kw>
<kw name="List Should Contain Value" owner="Collections">
<msg time="2024-03-27T09:14:49.990881" level="INFO">False</msg>
<arg>${allowed_titles}</arg>
<arg>${name_title}</arg>
<doc>Fails if the ``value`` is not found from ``list``.</doc>
<status status="PASS" start="2024-03-27T09:14:49.990688" elapsed="0.000233"/>
</kw>
<kw name="Set Variable" owner="BuiltIn">
<msg time="2024-03-27T09:14:49.991615" level="INFO">${name_country} = IN</msg>
<var>${name_country}</var>
<arg>${json_data["results"][0]["nat"]}</arg>
<doc>Returns the given values which can then be assigned to a variables.</doc>
<status status="PASS" start="2024-03-27T09:14:49.991232" elapsed="0.000409"/>
</kw>
<kw name="Create List" owner="BuiltIn">
<msg time="2024-03-27T09:14:49.992573" level="INFO">${list_country} = ['AD', 'AE', 'AF', 'AG', 'AI', 'AL', 'AM', 'AO', 'AQ', 'AR', 'AS', 'AT', 'AU', 'AW', 'AX', 'AZ', 'BA', 'BB', 'BD', 'BE', 'BF', 'BG', 'BH', 'BI', 'BJ', 'BL', 'BM', 'BN', 'BO', 'BQ', 'BR', 'BS', 'BT', '...</msg>
<var>${list_country}</var>
<arg>AD</arg>
<arg>AE</arg>
<arg>AF</arg>
<arg>AG</arg>
<arg>AI</arg>
<arg>AL</arg>
<arg>AM</arg>
<arg>AO</arg>
<arg>AQ</arg>
<arg>AR</arg>
<arg>AS</arg>
<arg>AT</arg>
<arg>AU</arg>
<arg>AW</arg>
<arg>AX</arg>
<arg>AZ</arg>
<arg>BA</arg>
<arg>BB</arg>
<arg>BD</arg>
<arg>BE</arg>
<arg>BF</arg>
<arg>BG</arg>
<arg>BH</arg>
<arg>BI</arg>
<arg>BJ</arg>
<arg>BL</arg>
<arg>BM</arg>
<arg>BN</arg>
<arg>BO</arg>
<arg>BQ</arg>
<arg>BR</arg>
<arg>BS</arg>
<arg>BT</arg>
<arg>BV</arg>
<arg>BW</arg>
<arg>BY</arg>
<arg>BZ</arg>
<arg>CA</arg>
<arg>CC</arg>
<arg>CD</arg>
<arg>CF</arg>
<arg>CG</arg>
<arg>CH</arg>
<arg>CI</arg>
<arg>CK</arg>
<arg>CL</arg>
<arg>CM</arg>
<arg>CN</arg>
<arg>CO</arg>
<arg>CR</arg>
<arg>CU</arg>
<arg>CV</arg>
<arg>CW</arg>
<arg>CX</arg>
<arg>CY</arg>
<arg>CZ</arg>
<arg>DE</arg>
<arg>DJ</arg>
<arg>DK</arg>
<arg>DM</arg>
<arg>DO</arg>
<arg>DZ</arg>
<arg>EC</arg>
<arg>EE</arg>
<arg>EG</arg>
<arg>EH</arg>
<arg>ER</arg>
<arg>ES</arg>
<arg>ET</arg>
<arg>FI</arg>
<arg>FJ</arg>
<arg>FK</arg>
<arg>FM</arg>
<arg>FO</arg>
<arg>FR</arg>
<arg>GA</arg>
<arg>GB</arg>
<arg>GD</arg>
<arg>GE</arg>
<arg>GF</arg>
<arg>GG</arg>
<arg>GH</arg>
<arg>GI</arg>
<arg>GL</arg>
<arg>GM</arg>
<arg>GN</arg>
<arg>GP</arg>
<arg>GQ</arg>
<arg>GR</arg>
<arg>GS</arg>
<arg>GT</arg>
<arg>GU</arg>
<arg>GW</arg>
<arg>GY</arg>
<arg>HK</arg>
<arg>HM</arg>
<arg>HN</arg>
<arg>HR</arg>
<arg>HT</arg>
<arg>HU</arg>
<arg>ID</arg>
<arg>IE</arg>
<arg>IL</arg>
<arg>IM</arg>
<arg>IN</arg>
<arg>IO</arg>
<arg>IQ</arg>
<arg>IR</arg>
<arg>IS</arg>
<arg>IT</arg>
<arg>JE</arg>
<arg>JM</arg>
<arg>JO</arg>
<arg>JP</arg>
<arg>KE</arg>
<arg>KG</arg>
<arg>KH</arg>
<arg>KI</arg>
<arg>KM</arg>
<arg>KN</arg>
<arg>KP</arg>
<arg>KR</arg>
<arg>KW</arg>
<arg>KY</arg>
<arg>KZ</arg>
<arg>LA</arg>
<arg>LB</arg>
<arg>LC</arg>
<arg>LI</arg>
<arg>LK</arg>
<arg>LR</arg>
<arg>LS</arg>
<arg>LT</arg>
<arg>LU</arg>
<arg>LV</arg>
<arg>LY</arg>
<arg>MA</arg>
<arg>MC</arg>
<arg>MD</arg>
<arg>ME</arg>
<arg>MF</arg>
<arg>MG</arg>
<arg>MH</arg>
<arg>MK</arg>
<arg>ML</arg>
<arg>MM</arg>
<arg>MN</arg>
<arg>MO</arg>
<arg>MP</arg>
<arg>MQ</arg>
<arg>MR</arg>
<arg>MS</arg>
<arg>MT</arg>
<arg>MU</arg>
<arg>MV</arg>
<arg>MW</arg>
<arg>MX</arg>
<arg>MY</arg>
<arg>MZ</arg>
<arg>NA</arg>
<arg>NC</arg>
<arg>NE</arg>
<arg>NF</arg>
<arg>NG</arg>
<arg>NI</arg>
<arg>NL</arg>
<arg>NO</arg>
<arg>NP</arg>
<arg>NR</arg>
<arg>NU</arg>
<arg>NZ</arg>
<arg>OM</arg>
<arg>PA</arg>
<arg>PE</arg>
<arg>PF</arg>
<arg>PG</arg>
<arg>PH</arg>
<arg>PK</arg>
<arg>PL</arg>
<arg>PM</arg>
<arg>PN</arg>
<arg>PR</arg>
<arg>PS</arg>
<arg>PT</arg>
<arg>PW</arg>
<arg>PY</arg>
<arg>QA</arg>
<arg>RE</arg>
<arg>RO</arg>
<arg>RS</arg>
<arg>RU</arg>
<arg>RW</arg>
<arg>SA</arg>
<arg>SB</arg>
<arg>SC</arg>
<arg>SD</arg>
<arg>SE</arg>
<arg>SG</arg>
<arg>SH</arg>
<arg>SI</arg>
<arg>SJ</arg>
<arg>SK</arg>
<arg>SL</arg>
<arg>SM</arg>
<arg>SN</arg>
<arg>SO</arg>
<arg>SR</arg>
<arg>SS</arg>
<arg>ST</arg>
<arg>SV</arg>
<arg>SX</arg>
<arg>SY</arg>
<arg>SZ</arg>
<arg>TC</arg>
<arg>TD</arg>
<arg>TF</arg>
<arg>TG</arg>
<arg>TH</arg>
<arg>TJ</arg>
<arg>TK</arg>
<arg>TL</arg>
<arg>TM</arg>
<arg>TN</arg>
<arg>TO</arg>
<arg>TR</arg>
<arg>TT</arg>
<arg>TV</arg>
<arg>TW</arg>
<arg>TZ</arg>
<arg>UA</arg>
<arg>UG</arg>
<arg>UM</arg>
<arg>US</arg>
<arg>UY</arg>
<arg>UZ</arg>
<arg>VA</arg>
<arg>VC</arg>
<arg>VE</arg>
<arg>VG</arg>
<arg>VI</arg>
<arg>VN</arg>
<arg>VU</arg>
<arg>WF</arg>
<arg>WS</arg>
<arg>XK</arg>
<arg>YE</arg>
<arg>YT</arg>
<arg>ZA</arg>
<arg>ZM</arg>
<arg>ZW</arg>
<doc>Returns a list containing given items.</doc>
<status status="PASS" start="2024-03-27T09:14:49.991956" elapsed="0.000643"/>
</kw>
<kw name="List Should Contain Value" owner="Collections">
<msg time="2024-03-27T09:14:49.993786" level="INFO">False</msg>
<arg>${list_country}</arg>
<arg>${name_country}</arg>
<doc>Fails if the ``value`` is not found from ``list``.</doc>
<status status="PASS" start="2024-03-27T09:14:49.993572" elapsed="0.000252"/>
</kw>
<kw name="Run Keyword If" owner="BuiltIn">
<kw name="Should Be True" owner="BuiltIn">
<arg>${True}</arg>
<doc>Fails if the given condition is not true.</doc>
<status status="PASS" start="2024-03-27T09:14:49.994918" elapsed="0.000148"/>
</kw>
<arg>${json_data["results"][0]["location"]["coordinates"]["latitude"]} &gt;= -90 and ${json_data["results"][0]["location"]["coordinates"]["latitude"]} &lt;= 90</arg>
<arg>Should Be True</arg>
<arg>${True}</arg>
<doc>Runs the given keyword with the given arguments, if ``condition`` is true.</doc>
<status status="PASS" start="2024-03-27T09:14:49.994150" elapsed="0.001051"/>
</kw>
<kw name="Run Keyword If" owner="BuiltIn">
<kw name="Should Be True" owner="BuiltIn">
<arg>${True}</arg>
<doc>Fails if the given condition is not true.</doc>
<status status="PASS" start="2024-03-27T09:14:49.996102" elapsed="0.000141"/>
</kw>
<arg>${json_data["results"][0]["location"]["coordinates"]["longitude"]} &gt;= -180 and ${json_data["results"][0]["location"]["coordinates"]["longitude"]} &lt;= 180</arg>
<arg>Should Be True</arg>
<arg>${True}</arg>
<doc>Runs the given keyword with the given arguments, if ``condition`` is true.</doc>
<status status="PASS" start="2024-03-27T09:14:49.995401" elapsed="0.000968"/>
</kw>
<status status="PASS" start="2024-03-27T09:14:49.883779" elapsed="0.112724"/>
</kw>
<doc>Testa o conteúdo específico dos campos retornados pela API.</doc>
<tag>testeConteudo</tag>
<status status="PASS" start="2024-03-27T09:14:49.883038" elapsed="0.113632"/>
</test>
<status status="PASS" start="2024-03-27T09:14:48.990467" elapsed="1.008206"/>
</suite>
<status status="PASS" start="2024-03-27T09:14:48.976111" elapsed="1.027982"/>
</suite>
<statistics>
<total>
<stat pass="5" fail="0" skip="0">All Tests</stat>
</total>
<tag>
<stat pass="1" fail="0" skip="0">testeConteudo</stat>
<stat pass="1" fail="0" skip="0">testeEstruturaResposta</stat>
<stat pass="1" fail="0" skip="0">testeRequisicaoBasica</stat>
<stat pass="1" fail="0" skip="0">testeTiposDados</stat>
</tag>
<suite>
<stat pass="5" fail="0" skip="0" id="s1" name="Tests">Tests</stat>
<stat pass="5" fail="0" skip="0" id="s1-s1" name="Random-User-Test">Tests.Random-User-Test</stat>
</suite>
</statistics>
<errors>
</errors>
</robot>
