<?xml version="1.0" encoding="UTF-8"?>
<robot generator="Robot 7.0.1 (Python 3.12.3 on linux)" generated="2024-06-18T14:13:55.671352" rpa="false" schemaversion="5">
<suite id="s1" name="Tests" source="/home/runner/work/ApiRandomUser/ApiRandomUser/RamdonUser/tests">
<suite id="s1-s1" name="Random-User-Test" source="/home/runner/work/ApiRandomUser/ApiRandomUser/RamdonUser/tests/random-user-test.robot">
<test id="s1-s1-t1" name="Conectar" line="13">
<kw name="Conectar API" owner="random-user-service">
<kw name="Create Session" owner="RequestsLibrary">
<msg time="2024-06-18T14:13:56.089965" level="INFO">Creating Session using : alias=consultarAPI, url=https://randomuser.me/, headers={},                     cookies={}, auth=None, timeout=None, proxies=None, verify=False,                     debug=0 </msg>
<arg>consultarAPI</arg>
<arg>${URL}</arg>
<doc>Create Session: create a HTTP session to a server</doc>
<status status="PASS" start="2024-06-18T14:13:56.089735" elapsed="0.000433"/>
</kw>
<status status="PASS" start="2024-06-18T14:13:56.088662" elapsed="0.001895"/>
</kw>
<status status="PASS" start="2024-06-18T14:13:56.088097" elapsed="0.002662"/>
</test>
<test id="s1-s1-t2" name="Validar retorno 200 e JSON Válido" line="16">
<kw name="Teste de Requisicao Basica" owner="random-user-service">
<kw name="GET On Session" owner="RequestsLibrary">
<msg time="2024-06-18T14:13:56.272507" level="INFO">GET Request : url=https://randomuser.me/api 
 path_url=/api 
 headers={'User-Agent': 'python-requests/2.32.3', 'Accept-Encoding': 'gzip, deflate', 'Accept': '*/*', 'Connection': 'keep-alive'} 
 body=None 
 </msg>
<msg time="2024-06-18T14:13:56.272637" level="INFO">GET Response : url=https://randomuser.me/api 
 status=200, reason=OK 
 headers={'Date': 'Tue, 18 Jun 2024 14:13:56 GMT', 'Content-Type': 'application/json; charset=utf-8', 'Transfer-Encoding': 'chunked', 'Connection': 'keep-alive', 'X-Powered-By': 'Express', 'Access-Control-Allow-Origin': '*', 'Cache-Control': 'no-cache', 'ETag': 'W/"49a-4+Ot2WwUSO/9FKyI8jvSmnjytNY"', 'Vary': 'Accept-Encoding', 'Content-Encoding': 'gzip', 'CF-Cache-Status': 'DYNAMIC', 'Report-To': '{"endpoints":[{"url":"https:\\/\\/a.nel.cloudflare.com\\/report\\/v4?s=nLpwIBbR451KZQ4MQwTz4pTYzf3SsnxoLs3Kayi9ae7%2BE6gPicmRnVFmOJuaELv2aHiNvsTJ59lIOLljmPCcmvTJSdwQaW%2BeyCbZ5vWaK7%2FBQYduZPeuPirLbhgWK4K1"}],"group":"cf-nel","max_age":604800}', 'NEL': '{"success_fraction":0,"report_to":"cf-nel","max_age":604800}', 'Server': 'cloudflare', 'CF-RAY': '895be20268bb2896-IAD', 'alt-svc': 'h3=":443"; ma=86400'} 
 body={"results":[{"gender":"female","name":{"title":"Mrs","first":"Kashvi","last":"Patil"},"location":{"street":{"number":3011,"name":"Bandstand Promenade"},"city":"Thiruvananthapuram","state":"Daman and Diu","country":"India","postcode":91884,"coordinates":{"latitude":"7.0414","longitude":"36.0904"},"timezone":{"offset":"+7:00","description":"Bangkok, Hanoi, Jakarta"}},"email":"kashvi.patil@example.com","login":{"uuid":"4a8d40e3-e7ff-4b26-aa80-c90851597c25","username":"angrypeacock609","password":"lespaul","salt":"C07RjyyO","md5":"78d1db24974e7013ac018066df3213c7","sha1":"47e099b49dc345814fbaf367dad361c634c58f98","sha256":"0f49d0b44b48f86877e9955d1ae4b5146168669001a222da5ba61c23a0517da2"},"dob":{"date":"1944-11-12T11:22:40.118Z","age":79},"registered":{"date":"2012-09-08T21:12:46.903Z","age":11},"phone":"7354713776","cell":"9219074278","id":{"name":"UIDAI","value":"131164057109"},"picture":{"large":"https://randomuser.me/api/portraits/women/32.jpg","medium":"https://randomuser.me/api/portraits/med/women/32.jpg","thumbnail":"https://randomuser.me/api/portraits/thumb/women/32.jpg"},"nat":"IN"}],"info":{"seed":"269edebd33976f0c","results":1,"page":1,"version":"1.4"}} 
 </msg>
<msg time="2024-06-18T14:13:56.272718" level="INFO">/opt/hostedtoolcache/Python/3.12.3/x64/lib/python3.12/site-packages/urllib3/connectionpool.py:1099: InsecureRequestWarning: Unverified HTTPS request is being made to host 'randomuser.me'. Adding certificate verification is strongly advised. See: https://urllib3.readthedocs.io/en/latest/advanced-usage.html#tls-warnings
  warnings.warn(</msg>
<msg time="2024-06-18T14:13:56.272843" level="INFO">${response} = &lt;Response [200]&gt;</msg>
<var>${response}</var>
<arg>consultarAPI</arg>
<arg>/api</arg>
<doc>Sends a GET request on a previously created HTTP Session.</doc>
<status status="PASS" start="2024-06-18T14:13:56.093435" elapsed="0.179452"/>
</kw>
<kw name="Should Be Equal As Numbers" owner="BuiltIn">
<msg time="2024-06-18T14:13:56.273971" level="INFO">Argument types are:
&lt;class 'int'&gt;
&lt;class 'str'&gt;</msg>
<arg>${response.status_code}</arg>
<arg>200</arg>
<doc>Fails if objects are unequal after converting them to real numbers.</doc>
<status status="PASS" start="2024-06-18T14:13:56.273467" elapsed="0.000570"/>
</kw>
<kw name="Log" owner="BuiltIn">
<msg time="2024-06-18T14:13:56.274746" level="INFO">200</msg>
<arg>${response.status_code}</arg>
<doc>Logs the given message with the given level.</doc>
<status status="PASS" start="2024-06-18T14:13:56.274390" elapsed="0.000399"/>
</kw>
<kw name="Set Variable" owner="BuiltIn">
<msg time="2024-06-18T14:13:56.275549" level="INFO">${json_data} = {'results': [{'gender': 'female', 'name': {'title': 'Mrs', 'first': 'Kashvi', 'last': 'Patil'}, 'location': {'street': {'number': 3011, 'name': 'Bandstand Promenade'}, 'city': 'Thiruvananthapuram', 's...</msg>
<var>${json_data}</var>
<arg>${response.json()}</arg>
<doc>Returns the given values which can then be assigned to a variables.</doc>
<status status="PASS" start="2024-06-18T14:13:56.275103" elapsed="0.000476"/>
</kw>
<kw name="Dictionary Should Contain Key" owner="Collections">
<arg>${json_data}</arg>
<arg>results</arg>
<doc>Fails if ``key`` is not found from ``dictionary``.</doc>
<status status="PASS" start="2024-06-18T14:13:56.275882" elapsed="0.000206"/>
</kw>
<status status="PASS" start="2024-06-18T14:13:56.093177" elapsed="0.183074"/>
</kw>
<doc>Testa se a API responde corretamente e retorna um objeto JSON válido.</doc>
<tag>testeRequisicaoBasica</tag>
<status status="PASS" start="2024-06-18T14:13:56.092700" elapsed="0.183726"/>
</test>
<test id="s1-s1-t3" name="Validar estrutura de resposta" line="22">
<kw name="Teste de Estrutura de Resposta" owner="random-user-service">
<kw name="GET On Session" owner="RequestsLibrary">
<msg time="2024-06-18T14:13:56.371279" level="INFO">GET Request : url=https://randomuser.me/api 
 path_url=/api 
 headers={'User-Agent': 'python-requests/2.32.3', 'Accept-Encoding': 'gzip, deflate', 'Accept': '*/*', 'Connection': 'keep-alive'} 
 body=None 
 </msg>
<msg time="2024-06-18T14:13:56.371372" level="INFO">GET Response : url=https://randomuser.me/api 
 status=200, reason=OK 
 headers={'Date': 'Tue, 18 Jun 2024 14:13:56 GMT', 'Content-Type': 'application/json; charset=utf-8', 'Transfer-Encoding': 'chunked', 'Connection': 'keep-alive', 'X-Powered-By': 'Express', 'Access-Control-Allow-Origin': '*', 'Cache-Control': 'no-cache', 'ETag': 'W/"4a9-KyfNmLBSvXFYO7tMrWCNLAHlleA"', 'Vary': 'Accept-Encoding', 'Content-Encoding': 'gzip', 'CF-Cache-Status': 'DYNAMIC', 'Report-To': '{"endpoints":[{"url":"https:\\/\\/a.nel.cloudflare.com\\/report\\/v4?s=sJgApK%2FCNzs2zykR3TcbhVTI3W2L%2BrdgZeLVw%2BAp60Nz%2BudV%2Bg%2B26vZFBtqMiAPoGb78DRwmF5gsAnkpwjS8l9tIE0lZGJV%2FFM3wKzDMbTDSqj7KsE9xYHglzqlD5Hai"}],"group":"cf-nel","max_age":604800}', 'NEL': '{"success_fraction":0,"report_to":"cf-nel","max_age":604800}', 'Server': 'cloudflare', 'CF-RAY': '895be202c9492896-IAD', 'alt-svc': 'h3=":443"; ma=86400'} 
 body={"results":[{"gender":"female","name":{"title":"Miss","first":"Susanna","last":"Hanson"},"location":{"street":{"number":4468,"name":"Queen Street"},"city":"Derby","state":"Warwickshire","country":"United Kingdom","postcode":"IS6A 0WR","coordinates":{"latitude":"-8.0531","longitude":"95.3742"},"timezone":{"offset":"+10:00","description":"Eastern Australia, Guam, Vladivostok"}},"email":"susanna.hanson@example.com","login":{"uuid":"e51f794e-07b0-4ca3-ae3b-b0c16a2cd3df","username":"silverpanda123","password":"butkus","salt":"CSdWQo46","md5":"1a83fec07776f41cee0cc3f1182f3703","sha1":"2ce52a0babd89d45d87ac85097867f879f78dfa8","sha256":"12e5df1b3630b1db8fbd90887a00d274fa8f3152157edd341279dc2b61735216"},"dob":{"date":"1988-01-07T09:15:03.502Z","age":36},"registered":{"date":"2003-09-02T22:32:31.465Z","age":20},"phone":"015395 52372","cell":"07900 854400","id":{"name":"NINO","value":"BE 53 25 73 E"},"picture":{"large":"https://randomuser.me/api/portraits/women/36.jpg","medium":"https://randomuser.me/api/portraits/med/women/36.jpg","thumbnail":"https://randomuser.me/api/portraits/thumb/women/36.jpg"},"nat":"GB"}],"info":{"seed":"4e6698ddf75a360f","results":1,"page":1,"version":"1.4"}} 
 </msg>
<msg time="2024-06-18T14:13:56.371518" level="INFO">/opt/hostedtoolcache/Python/3.12.3/x64/lib/python3.12/site-packages/urllib3/connectionpool.py:1099: InsecureRequestWarning: Unverified HTTPS request is being made to host 'randomuser.me'. Adding certificate verification is strongly advised. See: https://urllib3.readthedocs.io/en/latest/advanced-usage.html#tls-warnings
  warnings.warn(</msg>
<msg time="2024-06-18T14:13:56.371627" level="INFO">${response} = &lt;Response [200]&gt;</msg>
<var>${response}</var>
<arg>consultarAPI</arg>
<arg>/api</arg>
<doc>Sends a GET request on a previously created HTTP Session.</doc>
<status status="PASS" start="2024-06-18T14:13:56.279265" elapsed="0.092422"/>
</kw>
<kw name="Set Variable" owner="BuiltIn">
<msg time="2024-06-18T14:13:56.372660" level="INFO">${json_data} = {'results': [{'gender': 'female', 'name': {'title': 'Miss', 'first': 'Susanna', 'last': 'Hanson'}, 'location': {'street': {'number': 4468, 'name': 'Queen Street'}, 'city': 'Derby', 'state': 'Warwicksh...</msg>
<var>${json_data}</var>
<arg>${response.json()}</arg>
<doc>Returns the given values which can then be assigned to a variables.</doc>
<status status="PASS" start="2024-06-18T14:13:56.372172" elapsed="0.000517"/>
</kw>
<kw name="Log" owner="BuiltIn">
<msg time="2024-06-18T14:13:56.373162" level="INFO">{'results': [{'gender': 'female', 'name': {'title': 'Miss', 'first': 'Susanna', 'last': 'Hanson'}, 'location': {'street': {'number': 4468, 'name': 'Queen Street'}, 'city': 'Derby', 'state': 'Warwickshire', 'country': 'United Kingdom', 'postcode': 'IS6A 0WR', 'coordinates': {'latitude': '-8.0531', 'longitude': '95.3742'}, 'timezone': {'offset': '+10:00', 'description': 'Eastern Australia, Guam, Vladivostok'}}, 'email': 'susanna.hanson@example.com', 'login': {'uuid': 'e51f794e-07b0-4ca3-ae3b-b0c16a2cd3df', 'username': 'silverpanda123', 'password': 'butkus', 'salt': 'CSdWQo46', 'md5': '1a83fec07776f41cee0cc3f1182f3703', 'sha1': '2ce52a0babd89d45d87ac85097867f879f78dfa8', 'sha256': '12e5df1b3630b1db8fbd90887a00d274fa8f3152157edd341279dc2b61735216'}, 'dob': {'date': '1988-01-07T09:15:03.502Z', 'age': 36}, 'registered': {'date': '2003-09-02T22:32:31.465Z', 'age': 20}, 'phone': '015395 52372', 'cell': '07900 854400', 'id': {'name': 'NINO', 'value': 'BE 53 25 73 E'}, 'picture': {'large': 'https://randomuser.me/api/portraits/women/36.jpg', 'medium': 'https://randomuser.me/api/portraits/med/women/36.jpg', 'thumbnail': 'https://randomuser.me/api/portraits/thumb/women/36.jpg'}, 'nat': 'GB'}], 'info': {'seed': '4e6698ddf75a360f', 'results': 1, 'page': 1, 'version': '1.4'}}</msg>
<arg>${json_data}</arg>
<doc>Logs the given message with the given level.</doc>
<status status="PASS" start="2024-06-18T14:13:56.373002" elapsed="0.000210"/>
</kw>
<kw name="Dictionary Should Contain Key" owner="Collections">
<arg>${json_data}</arg>
<arg>results</arg>
<doc>Fails if ``key`` is not found from ``dictionary``.</doc>
<status status="PASS" start="2024-06-18T14:13:56.373510" elapsed="0.000156"/>
</kw>
<kw name="Should Not Be Empty" owner="BuiltIn">
<msg time="2024-06-18T14:13:56.373976" level="INFO">Length is 2.</msg>
<arg>${json_data}</arg>
<doc>Verifies that the given item is not empty.</doc>
<status status="PASS" start="2024-06-18T14:13:56.373850" elapsed="0.000163"/>
</kw>
<kw name="Create List" owner="BuiltIn">
<msg time="2024-06-18T14:13:56.374448" level="INFO">${expected_keys} = ['gender', 'name', 'location', 'email', 'login']</msg>
<var>${expected_keys}</var>
<arg>gender</arg>
<arg>name</arg>
<arg>location</arg>
<arg>email</arg>
<arg>login</arg>
<doc>Returns a list containing given items.</doc>
<status status="PASS" start="2024-06-18T14:13:56.374301" elapsed="0.000171"/>
</kw>
<for flavor="IN">
<iter>
<kw name="Dictionary Should Contain Key" owner="Collections">
<arg>${json_data['results'][0]}</arg>
<arg>${key}</arg>
<doc>Fails if ``key`` is not found from ``dictionary``.</doc>
<status status="PASS" start="2024-06-18T14:13:56.375042" elapsed="0.000409"/>
</kw>
<kw name="Log" owner="BuiltIn">
<msg time="2024-06-18T14:13:56.376045" level="INFO">{'gender': 'female', 'name': {'title': 'Miss', 'first': 'Susanna', 'last': 'Hanson'}, 'location': {'street': {'number': 4468, 'name': 'Queen Street'}, 'city': 'Derby', 'state': 'Warwickshire', 'country': 'United Kingdom', 'postcode': 'IS6A 0WR', 'coordinates': {'latitude': '-8.0531', 'longitude': '95.3742'}, 'timezone': {'offset': '+10:00', 'description': 'Eastern Australia, Guam, Vladivostok'}}, 'email': 'susanna.hanson@example.com', 'login': {'uuid': 'e51f794e-07b0-4ca3-ae3b-b0c16a2cd3df', 'username': 'silverpanda123', 'password': 'butkus', 'salt': 'CSdWQo46', 'md5': '1a83fec07776f41cee0cc3f1182f3703', 'sha1': '2ce52a0babd89d45d87ac85097867f879f78dfa8', 'sha256': '12e5df1b3630b1db8fbd90887a00d274fa8f3152157edd341279dc2b61735216'}, 'dob': {'date': '1988-01-07T09:15:03.502Z', 'age': 36}, 'registered': {'date': '2003-09-02T22:32:31.465Z', 'age': 20}, 'phone': '015395 52372', 'cell': '07900 854400', 'id': {'name': 'NINO', 'value': 'BE 53 25 73 E'}, 'picture': {'large': 'https://randomuser.me/api/portraits/women/36.jpg', 'medium': 'https://randomuser.me/api/portraits/med/women/36.jpg', 'thumbnail': 'https://randomuser.me/api/portraits/thumb/women/36.jpg'}, 'nat': 'GB'}</msg>
<arg>${json_data['results'][0]}</arg>
<doc>Logs the given message with the given level.</doc>
<status status="PASS" start="2024-06-18T14:13:56.375647" elapsed="0.000450"/>
</kw>
<kw name="Log" owner="BuiltIn">
<msg time="2024-06-18T14:13:56.376558" level="INFO">gender</msg>
<arg>${key}</arg>
<doc>Logs the given message with the given level.</doc>
<status status="PASS" start="2024-06-18T14:13:56.376426" elapsed="0.000171"/>
</kw>
<var name="${key}">gender</var>
<status status="PASS" start="2024-06-18T14:13:56.374918" elapsed="0.001902"/>
</iter>
<iter>
<kw name="Dictionary Should Contain Key" owner="Collections">
<arg>${json_data['results'][0]}</arg>
<arg>${key}</arg>
<doc>Fails if ``key`` is not found from ``dictionary``.</doc>
<status status="PASS" start="2024-06-18T14:13:56.377124" elapsed="0.000410"/>
</kw>
<kw name="Log" owner="BuiltIn">
<msg time="2024-06-18T14:13:56.378111" level="INFO">{'gender': 'female', 'name': {'title': 'Miss', 'first': 'Susanna', 'last': 'Hanson'}, 'location': {'street': {'number': 4468, 'name': 'Queen Street'}, 'city': 'Derby', 'state': 'Warwickshire', 'country': 'United Kingdom', 'postcode': 'IS6A 0WR', 'coordinates': {'latitude': '-8.0531', 'longitude': '95.3742'}, 'timezone': {'offset': '+10:00', 'description': 'Eastern Australia, Guam, Vladivostok'}}, 'email': 'susanna.hanson@example.com', 'login': {'uuid': 'e51f794e-07b0-4ca3-ae3b-b0c16a2cd3df', 'username': 'silverpanda123', 'password': 'butkus', 'salt': 'CSdWQo46', 'md5': '1a83fec07776f41cee0cc3f1182f3703', 'sha1': '2ce52a0babd89d45d87ac85097867f879f78dfa8', 'sha256': '12e5df1b3630b1db8fbd90887a00d274fa8f3152157edd341279dc2b61735216'}, 'dob': {'date': '1988-01-07T09:15:03.502Z', 'age': 36}, 'registered': {'date': '2003-09-02T22:32:31.465Z', 'age': 20}, 'phone': '015395 52372', 'cell': '07900 854400', 'id': {'name': 'NINO', 'value': 'BE 53 25 73 E'}, 'picture': {'large': 'https://randomuser.me/api/portraits/women/36.jpg', 'medium': 'https://randomuser.me/api/portraits/med/women/36.jpg', 'thumbnail': 'https://randomuser.me/api/portraits/thumb/women/36.jpg'}, 'nat': 'GB'}</msg>
<arg>${json_data['results'][0]}</arg>
<doc>Logs the given message with the given level.</doc>
<status status="PASS" start="2024-06-18T14:13:56.377753" elapsed="0.000406"/>
</kw>
<kw name="Log" owner="BuiltIn">
<msg time="2024-06-18T14:13:56.378587" level="INFO">name</msg>
<arg>${key}</arg>
<doc>Logs the given message with the given level.</doc>
<status status="PASS" start="2024-06-18T14:13:56.378459" elapsed="0.000166"/>
</kw>
<var name="${key}">name</var>
<status status="PASS" start="2024-06-18T14:13:56.377007" elapsed="0.001842"/>
</iter>
<iter>
<kw name="Dictionary Should Contain Key" owner="Collections">
<arg>${json_data['results'][0]}</arg>
<arg>${key}</arg>
<doc>Fails if ``key`` is not found from ``dictionary``.</doc>
<status status="PASS" start="2024-06-18T14:13:56.379137" elapsed="0.000375"/>
</kw>
<kw name="Log" owner="BuiltIn">
<msg time="2024-06-18T14:13:56.380086" level="INFO">{'gender': 'female', 'name': {'title': 'Miss', 'first': 'Susanna', 'last': 'Hanson'}, 'location': {'street': {'number': 4468, 'name': 'Queen Street'}, 'city': 'Derby', 'state': 'Warwickshire', 'country': 'United Kingdom', 'postcode': 'IS6A 0WR', 'coordinates': {'latitude': '-8.0531', 'longitude': '95.3742'}, 'timezone': {'offset': '+10:00', 'description': 'Eastern Australia, Guam, Vladivostok'}}, 'email': 'susanna.hanson@example.com', 'login': {'uuid': 'e51f794e-07b0-4ca3-ae3b-b0c16a2cd3df', 'username': 'silverpanda123', 'password': 'butkus', 'salt': 'CSdWQo46', 'md5': '1a83fec07776f41cee0cc3f1182f3703', 'sha1': '2ce52a0babd89d45d87ac85097867f879f78dfa8', 'sha256': '12e5df1b3630b1db8fbd90887a00d274fa8f3152157edd341279dc2b61735216'}, 'dob': {'date': '1988-01-07T09:15:03.502Z', 'age': 36}, 'registered': {'date': '2003-09-02T22:32:31.465Z', 'age': 20}, 'phone': '015395 52372', 'cell': '07900 854400', 'id': {'name': 'NINO', 'value': 'BE 53 25 73 E'}, 'picture': {'large': 'https://randomuser.me/api/portraits/women/36.jpg', 'medium': 'https://randomuser.me/api/portraits/med/women/36.jpg', 'thumbnail': 'https://randomuser.me/api/portraits/thumb/women/36.jpg'}, 'nat': 'GB'}</msg>
<arg>${json_data['results'][0]}</arg>
<doc>Logs the given message with the given level.</doc>
<status status="PASS" start="2024-06-18T14:13:56.379699" elapsed="0.000436"/>
</kw>
<kw name="Log" owner="BuiltIn">
<msg time="2024-06-18T14:13:56.380557" level="INFO">location</msg>
<arg>${key}</arg>
<doc>Logs the given message with the given level.</doc>
<status status="PASS" start="2024-06-18T14:13:56.380430" elapsed="0.000164"/>
</kw>
<var name="${key}">location</var>
<status status="PASS" start="2024-06-18T14:13:56.379027" elapsed="0.001781"/>
</iter>
<iter>
<kw name="Dictionary Should Contain Key" owner="Collections">
<arg>${json_data['results'][0]}</arg>
<arg>${key}</arg>
<doc>Fails if ``key`` is not found from ``dictionary``.</doc>
<status status="PASS" start="2024-06-18T14:13:56.381084" elapsed="0.000372"/>
</kw>
<kw name="Log" owner="BuiltIn">
<msg time="2024-06-18T14:13:56.381982" level="INFO">{'gender': 'female', 'name': {'title': 'Miss', 'first': 'Susanna', 'last': 'Hanson'}, 'location': {'street': {'number': 4468, 'name': 'Queen Street'}, 'city': 'Derby', 'state': 'Warwickshire', 'country': 'United Kingdom', 'postcode': 'IS6A 0WR', 'coordinates': {'latitude': '-8.0531', 'longitude': '95.3742'}, 'timezone': {'offset': '+10:00', 'description': 'Eastern Australia, Guam, Vladivostok'}}, 'email': 'susanna.hanson@example.com', 'login': {'uuid': 'e51f794e-07b0-4ca3-ae3b-b0c16a2cd3df', 'username': 'silverpanda123', 'password': 'butkus', 'salt': 'CSdWQo46', 'md5': '1a83fec07776f41cee0cc3f1182f3703', 'sha1': '2ce52a0babd89d45d87ac85097867f879f78dfa8', 'sha256': '12e5df1b3630b1db8fbd90887a00d274fa8f3152157edd341279dc2b61735216'}, 'dob': {'date': '1988-01-07T09:15:03.502Z', 'age': 36}, 'registered': {'date': '2003-09-02T22:32:31.465Z', 'age': 20}, 'phone': '015395 52372', 'cell': '07900 854400', 'id': {'name': 'NINO', 'value': 'BE 53 25 73 E'}, 'picture': {'large': 'https://randomuser.me/api/portraits/women/36.jpg', 'medium': 'https://randomuser.me/api/portraits/med/women/36.jpg', 'thumbnail': 'https://randomuser.me/api/portraits/thumb/women/36.jpg'}, 'nat': 'GB'}</msg>
<arg>${json_data['results'][0]}</arg>
<doc>Logs the given message with the given level.</doc>
<status status="PASS" start="2024-06-18T14:13:56.381635" elapsed="0.000404"/>
</kw>
<kw name="Log" owner="BuiltIn">
<msg time="2024-06-18T14:13:56.382463" level="INFO">email</msg>
<arg>${key}</arg>
<doc>Logs the given message with the given level.</doc>
<status status="PASS" start="2024-06-18T14:13:56.382336" elapsed="0.000166"/>
</kw>
<var name="${key}">email</var>
<status status="PASS" start="2024-06-18T14:13:56.380977" elapsed="0.001739"/>
</iter>
<iter>
<kw name="Dictionary Should Contain Key" owner="Collections">
<arg>${json_data['results'][0]}</arg>
<arg>${key}</arg>
<doc>Fails if ``key`` is not found from ``dictionary``.</doc>
<status status="PASS" start="2024-06-18T14:13:56.382993" elapsed="0.000376"/>
</kw>
<kw name="Log" owner="BuiltIn">
<msg time="2024-06-18T14:13:56.383893" level="INFO">{'gender': 'female', 'name': {'title': 'Miss', 'first': 'Susanna', 'last': 'Hanson'}, 'location': {'street': {'number': 4468, 'name': 'Queen Street'}, 'city': 'Derby', 'state': 'Warwickshire', 'country': 'United Kingdom', 'postcode': 'IS6A 0WR', 'coordinates': {'latitude': '-8.0531', 'longitude': '95.3742'}, 'timezone': {'offset': '+10:00', 'description': 'Eastern Australia, Guam, Vladivostok'}}, 'email': 'susanna.hanson@example.com', 'login': {'uuid': 'e51f794e-07b0-4ca3-ae3b-b0c16a2cd3df', 'username': 'silverpanda123', 'password': 'butkus', 'salt': 'CSdWQo46', 'md5': '1a83fec07776f41cee0cc3f1182f3703', 'sha1': '2ce52a0babd89d45d87ac85097867f879f78dfa8', 'sha256': '12e5df1b3630b1db8fbd90887a00d274fa8f3152157edd341279dc2b61735216'}, 'dob': {'date': '1988-01-07T09:15:03.502Z', 'age': 36}, 'registered': {'date': '2003-09-02T22:32:31.465Z', 'age': 20}, 'phone': '015395 52372', 'cell': '07900 854400', 'id': {'name': 'NINO', 'value': 'BE 53 25 73 E'}, 'picture': {'large': 'https://randomuser.me/api/portraits/women/36.jpg', 'medium': 'https://randomuser.me/api/portraits/med/women/36.jpg', 'thumbnail': 'https://randomuser.me/api/portraits/thumb/women/36.jpg'}, 'nat': 'GB'}</msg>
<arg>${json_data['results'][0]}</arg>
<doc>Logs the given message with the given level.</doc>
<status status="PASS" start="2024-06-18T14:13:56.383548" elapsed="0.000433"/>
</kw>
<kw name="Log" owner="BuiltIn">
<msg time="2024-06-18T14:13:56.384514" level="INFO">login</msg>
<arg>${key}</arg>
<doc>Logs the given message with the given level.</doc>
<status status="PASS" start="2024-06-18T14:13:56.384284" elapsed="0.000268"/>
</kw>
<var name="${key}">login</var>
<status status="PASS" start="2024-06-18T14:13:56.382886" elapsed="0.001880"/>
</iter>
<var>${key}</var>
<value>@{expected_keys}</value>
<status status="PASS" start="2024-06-18T14:13:56.374731" elapsed="0.010180"/>
</for>
<kw name="Create List" owner="BuiltIn">
<msg time="2024-06-18T14:13:56.385241" level="INFO">${expected_keysTwo} = ['username', 'password']</msg>
<var>${expected_keysTwo}</var>
<arg>username</arg>
<arg>password</arg>
<doc>Returns a list containing given items.</doc>
<status status="PASS" start="2024-06-18T14:13:56.385108" elapsed="0.000156"/>
</kw>
<for flavor="IN">
<iter>
<kw name="Dictionary Should Contain Key" owner="Collections">
<arg>${json_data['results'][0]['login']}</arg>
<arg>${keyTwo}</arg>
<doc>Fails if ``key`` is not found from ``dictionary``.</doc>
<status status="PASS" start="2024-06-18T14:13:56.385763" elapsed="0.000382"/>
</kw>
<kw name="Dictionary Should Contain Key" owner="Collections">
<arg>${json_data['results'][0]['login']}</arg>
<arg>${keyTwo}</arg>
<doc>Fails if ``key`` is not found from ``dictionary``.</doc>
<status status="PASS" start="2024-06-18T14:13:56.386324" elapsed="0.000383"/>
</kw>
<kw name="Log" owner="BuiltIn">
<msg time="2024-06-18T14:13:56.387014" level="INFO">username</msg>
<arg>${keyTwo}</arg>
<doc>Logs the given message with the given level.</doc>
<status status="PASS" start="2024-06-18T14:13:56.386897" elapsed="0.000153"/>
</kw>
<var name="${keyTwo}">username</var>
<status status="PASS" start="2024-06-18T14:13:56.385655" elapsed="0.001621"/>
</iter>
<iter>
<kw name="Dictionary Should Contain Key" owner="Collections">
<arg>${json_data['results'][0]['login']}</arg>
<arg>${keyTwo}</arg>
<doc>Fails if ``key`` is not found from ``dictionary``.</doc>
<status status="PASS" start="2024-06-18T14:13:56.387550" elapsed="0.000365"/>
</kw>
<kw name="Dictionary Should Contain Key" owner="Collections">
<arg>${json_data['results'][0]['login']}</arg>
<arg>${keyTwo}</arg>
<doc>Fails if ``key`` is not found from ``dictionary``.</doc>
<status status="PASS" start="2024-06-18T14:13:56.388132" elapsed="0.000366"/>
</kw>
<kw name="Log" owner="BuiltIn">
<msg time="2024-06-18T14:13:56.388792" level="INFO">password</msg>
<arg>${keyTwo}</arg>
<doc>Logs the given message with the given level.</doc>
<status status="PASS" start="2024-06-18T14:13:56.388674" elapsed="0.000154"/>
</kw>
<var name="${keyTwo}">password</var>
<status status="PASS" start="2024-06-18T14:13:56.387445" elapsed="0.001605"/>
</iter>
<var>${keyTwo}</var>
<value>@{expected_keysTwo}</value>
<status status="PASS" start="2024-06-18T14:13:56.385498" elapsed="0.003671"/>
</for>
<status status="PASS" start="2024-06-18T14:13:56.279030" elapsed="0.110277"/>
</kw>
<doc>Testa a estrutura da resposta da API.</doc>
<tag>testeEstruturaResposta</tag>
<status status="PASS" start="2024-06-18T14:13:56.278260" elapsed="0.111202"/>
</test>
<test id="s1-s1-t4" name="Validar tipos de dados" line="28">
<kw name="Teste de Tipos de Dados" owner="random-user-service">
<kw name="GET On Session" owner="RequestsLibrary">
<msg time="2024-06-18T14:13:56.466026" level="INFO">GET Request : url=https://randomuser.me/api 
 path_url=/api 
 headers={'User-Agent': 'python-requests/2.32.3', 'Accept-Encoding': 'gzip, deflate', 'Accept': '*/*', 'Connection': 'keep-alive'} 
 body=None 
 </msg>
<msg time="2024-06-18T14:13:56.466110" level="INFO">GET Response : url=https://randomuser.me/api 
 status=200, reason=OK 
 headers={'Date': 'Tue, 18 Jun 2024 14:13:56 GMT', 'Content-Type': 'application/json; charset=utf-8', 'Transfer-Encoding': 'chunked', 'Connection': 'keep-alive', 'X-Powered-By': 'Express', 'Access-Control-Allow-Origin': '*', 'Cache-Control': 'no-cache', 'ETag': 'W/"485-e6FT1J3dgmOO4WxhGMN7bcwZJ6g"', 'Vary': 'Accept-Encoding', 'Content-Encoding': 'gzip', 'CF-Cache-Status': 'DYNAMIC', 'Report-To': '{"endpoints":[{"url":"https:\\/\\/a.nel.cloudflare.com\\/report\\/v4?s=kAuOwZPr9X60l%2BLllzOXMsthvOgzwMZ0VbCcMSiWOjCBHEwQQ4fc4jKV02El5curDikz7ABmre3064txDtDYHkMYrA2rGmP0lgk17k8hikMR3OVSSx9tzEAMCymrsKnA"}],"group":"cf-nel","max_age":604800}', 'NEL': '{"success_fraction":0,"report_to":"cf-nel","max_age":604800}', 'Server': 'cloudflare', 'CF-RAY': '895be2037a4e2896-IAD', 'alt-svc': 'h3=":443"; ma=86400'} 
 body={"results":[{"gender":"female","name":{"title":"Ms","first":"Yuhimiya","last":"Kamenyuk"},"location":{"street":{"number":4070,"name":"Libidska"},"city":"Dnipro","state":"Luganska","country":"Ukraine","postcode":50014,"coordinates":{"latitude":"80.8662","longitude":"114.8578"},"timezone":{"offset":"-8:00","description":"Pacific Time (US &amp; Canada)"}},"email":"yuhimiya.kamenyuk@example.com","login":{"uuid":"f5f26847-7933-4903-8477-a7eece90c191","username":"heavymouse545","password":"hotmail1","salt":"MnoLdmap","md5":"f2ae850856c66ff02f9a95fa27d9a043","sha1":"d101572258c01639cc4a207a86e14eb9e9f18b4a","sha256":"881767e03b956dfdc4f9f0eec40e8e8415a17cc623a409b0e944668bcc1793d5"},"dob":{"date":"1995-11-17T22:24:18.861Z","age":28},"registered":{"date":"2020-04-17T15:15:38.672Z","age":4},"phone":"(099) P08-0508","cell":"(096) R40-0171","id":{"name":"","value":null},"picture":{"large":"https://randomuser.me/api/portraits/women/75.jpg","medium":"https://randomuser.me/api/portraits/med/women/75.jpg","thumbnail":"https://randomuser.me/api/portraits/thumb/women/75.jpg"},"nat":"UA"}],"info":{"seed":"6428a4ed095333f0","results":1,"page":1,"version":"1.4"}} 
 </msg>
<msg time="2024-06-18T14:13:56.466186" level="INFO">/opt/hostedtoolcache/Python/3.12.3/x64/lib/python3.12/site-packages/urllib3/connectionpool.py:1099: InsecureRequestWarning: Unverified HTTPS request is being made to host 'randomuser.me'. Adding certificate verification is strongly advised. See: https://urllib3.readthedocs.io/en/latest/advanced-usage.html#tls-warnings
  warnings.warn(</msg>
<msg time="2024-06-18T14:13:56.466296" level="INFO">${response} = &lt;Response [200]&gt;</msg>
<var>${response}</var>
<arg>consultarAPI</arg>
<arg>/api</arg>
<doc>Sends a GET request on a previously created HTTP Session.</doc>
<status status="PASS" start="2024-06-18T14:13:56.391906" elapsed="0.074435"/>
</kw>
<kw name="Set Variable" owner="BuiltIn">
<msg time="2024-06-18T14:13:56.467280" level="INFO">${json_data} = {'results': [{'gender': 'female', 'name': {'title': 'Ms', 'first': 'Yuhimiya', 'last': 'Kamenyuk'}, 'location': {'street': {'number': 4070, 'name': 'Libidska'}, 'city': 'Dnipro', 'state': 'Luganska', ...</msg>
<var>${json_data}</var>
<arg>${response.json()}</arg>
<doc>Returns the given values which can then be assigned to a variables.</doc>
<status status="PASS" start="2024-06-18T14:13:56.466794" elapsed="0.000515"/>
</kw>
<kw name="Log" owner="BuiltIn">
<msg time="2024-06-18T14:13:56.467774" level="INFO">{'results': [{'gender': 'female', 'name': {'title': 'Ms', 'first': 'Yuhimiya', 'last': 'Kamenyuk'}, 'location': {'street': {'number': 4070, 'name': 'Libidska'}, 'city': 'Dnipro', 'state': 'Luganska', 'country': 'Ukraine', 'postcode': 50014, 'coordinates': {'latitude': '80.8662', 'longitude': '114.8578'}, 'timezone': {'offset': '-8:00', 'description': 'Pacific Time (US &amp; Canada)'}}, 'email': 'yuhimiya.kamenyuk@example.com', 'login': {'uuid': 'f5f26847-7933-4903-8477-a7eece90c191', 'username': 'heavymouse545', 'password': 'hotmail1', 'salt': 'MnoLdmap', 'md5': 'f2ae850856c66ff02f9a95fa27d9a043', 'sha1': 'd101572258c01639cc4a207a86e14eb9e9f18b4a', 'sha256': '881767e03b956dfdc4f9f0eec40e8e8415a17cc623a409b0e944668bcc1793d5'}, 'dob': {'date': '1995-11-17T22:24:18.861Z', 'age': 28}, 'registered': {'date': '2020-04-17T15:15:38.672Z', 'age': 4}, 'phone': '(099) P08-0508', 'cell': '(096) R40-0171', 'id': {'name': '', 'value': None}, 'picture': {'large': 'https://randomuser.me/api/portraits/women/75.jpg', 'medium': 'https://randomuser.me/api/portraits/med/women/75.jpg', 'thumbnail': 'https://randomuser.me/api/portraits/thumb/women/75.jpg'}, 'nat': 'UA'}], 'info': {'seed': '6428a4ed095333f0', 'results': 1, 'page': 1, 'version': '1.4'}}</msg>
<arg>${json_data}</arg>
<doc>Logs the given message with the given level.</doc>
<status status="PASS" start="2024-06-18T14:13:56.467619" elapsed="0.000203"/>
</kw>
<kw name="Should Be String" owner="String">
<arg>${json_data['results'][0]['gender']}</arg>
<doc>Fails if the given ``item`` is not a string.</doc>
<status status="PASS" start="2024-06-18T14:13:56.468163" elapsed="0.000368"/>
</kw>
<kw name="Should Match Regexp" owner="BuiltIn">
<arg>${json_data['results'][0]['email']}</arg>
<arg>^[a-zA-Z0-9._%+-]+@[a-zA-Z0-9.-]+\.[a-zA-Z]{2,}$</arg>
<doc>Fails if ``string`` does not match ``pattern`` as a regular expression.</doc>
<status status="PASS" start="2024-06-18T14:13:56.468767" elapsed="0.000522"/>
</kw>
<kw name="Should Match Regexp" owner="BuiltIn">
<arg>${json_data['results'][0]['dob']['date']}</arg>
<arg>\\d{4}-\\d{2}-\\d{2}T\\d{2}:\\d{2}:\\d{2}\\.\\d{3}Z</arg>
<doc>Fails if ``string`` does not match ``pattern`` as a regular expression.</doc>
<status status="PASS" start="2024-06-18T14:13:56.469489" elapsed="0.000490"/>
</kw>
<kw name="Should Match Regexp" owner="BuiltIn">
<arg>${json_data['results'][0]['registered']['date']}</arg>
<arg>\\d{4}-\\d{2}-\\d{2}T\\d{2}:\\d{2}:\\d{2}\\.\\d{3}Z</arg>
<doc>Fails if ``string`` does not match ``pattern`` as a regular expression.</doc>
<status status="PASS" start="2024-06-18T14:13:56.470172" elapsed="0.000370"/>
</kw>
<kw name="Should Match Regexp" owner="BuiltIn">
<arg>${json_data['results'][0]['picture']['large']}</arg>
<arg>^https?://.*\.(?:png|jpe?g|gif|bmp)$</arg>
<doc>Fails if ``string`` does not match ``pattern`` as a regular expression.</doc>
<status status="PASS" start="2024-06-18T14:13:56.470730" elapsed="0.000471"/>
</kw>
<kw name="Should Match Regexp" owner="BuiltIn">
<arg>${json_data['results'][0]['picture']['medium']}</arg>
<arg>^https?://.*\.(?:png|jpe?g|gif|bmp)$</arg>
<doc>Fails if ``string`` does not match ``pattern`` as a regular expression.</doc>
<status status="PASS" start="2024-06-18T14:13:56.471432" elapsed="0.000366"/>
</kw>
<kw name="Should Match Regexp" owner="BuiltIn">
<arg>${json_data['results'][0]['picture']['thumbnail']}</arg>
<arg>^https?://.*\.(?:png|jpe?g|gif|bmp)$</arg>
<doc>Fails if ``string`` does not match ``pattern`` as a regular expression.</doc>
<status status="PASS" start="2024-06-18T14:13:56.472007" elapsed="0.000359"/>
</kw>
<kw name="Log" owner="BuiltIn">
<msg time="2024-06-18T14:13:56.472875" level="INFO">{'large': 'https://randomuser.me/api/portraits/women/75.jpg', 'medium': 'https://randomuser.me/api/portraits/med/women/75.jpg', 'thumbnail': 'https://randomuser.me/api/portraits/thumb/women/75.jpg'}</msg>
<arg>${json_data['results'][0]['picture']}</arg>
<doc>Logs the given message with the given level.</doc>
<status status="PASS" start="2024-06-18T14:13:56.472549" elapsed="0.000370"/>
</kw>
<status status="PASS" start="2024-06-18T14:13:56.391657" elapsed="0.081519"/>
</kw>
<kw name="Teste de Tipos de Dados - Postcode" owner="random-user-service">
<kw name="GET On Session" owner="RequestsLibrary">
<msg time="2024-06-18T14:13:56.804742" level="INFO">GET Request : url=https://randomuser.me/api 
 path_url=/api 
 headers={'User-Agent': 'python-requests/2.32.3', 'Accept-Encoding': 'gzip, deflate', 'Accept': '*/*', 'Connection': 'keep-alive'} 
 body=None 
 </msg>
<msg time="2024-06-18T14:13:56.804856" level="INFO">GET Response : url=https://randomuser.me/api 
 status=200, reason=OK 
 headers={'Date': 'Tue, 18 Jun 2024 14:13:56 GMT', 'Content-Type': 'application/json; charset=utf-8', 'Transfer-Encoding': 'chunked', 'Connection': 'keep-alive', 'X-Powered-By': 'Express', 'Access-Control-Allow-Origin': '*', 'Cache-Control': 'no-cache', 'ETag': 'W/"49d-NrV/bl2mlJT1Z7NuI/C55LP+RFE"', 'Vary': 'Accept-Encoding', 'Content-Encoding': 'gzip', 'CF-Cache-Status': 'DYNAMIC', 'Report-To': '{"endpoints":[{"url":"https:\\/\\/a.nel.cloudflare.com\\/report\\/v4?s=PbrEQRMEDhICSfW3amH0aNNtlafHpAtKdv2EFiNQc%2BxIn8g20ST44b5UiLWujgCMwAtInhSRgYfk%2BsCaHNkiFao%2B0u3XTzJKUIlNwNOdTGZTQTWJIjexjcjzcy%2Bt26RF"}],"group":"cf-nel","max_age":604800}', 'NEL': '{"success_fraction":0,"report_to":"cf-nel","max_age":604800}', 'Server': 'cloudflare', 'CF-RAY': '895be203fb182896-IAD', 'alt-svc': 'h3=":443"; ma=86400'} 
 body={"results":[{"gender":"male","name":{"title":"Mr","first":"ماهان","last":"رضایی"},"location":{"street":{"number":3056,"name":"استاد قریب"},"city":"اصفهان","state":"کهگیلویه و بویراحمد","country":"Iran","postcode":52045,"coordinates":{"latitude":"16.6861","longitude":"-163.8816"},"timezone":{"offset":"-11:00","description":"Midway Island, Samoa"}},"email":"mhn.rdyy@example.com","login":{"uuid":"b20412e7-e95b-4e15-ac97-dbe5de8b4aac","username":"organicladybug875","password":"royals","salt":"6LuT3fvN","md5":"a6f64603c836f0b8eb0333e6d3a3778e","sha1":"a03f1c1503cb3c76c5689fedb0cf6dd389cc53fa","sha256":"66cbcbc0f3fd89bf39a337e7edd2a27be86a59ecc4ad4329b97335f697ad80b9"},"dob":{"date":"1986-03-15T20:54:28.204Z","age":38},"registered":{"date":"2020-01-13T10:29:33.646Z","age":4},"phone":"089-57366740","cell":"0975-118-9687","id":{"name":"","value":null},"picture":{"large":"https://randomuser.me/api/portraits/men/33.jpg","medium":"https://randomuser.me/api/portraits/med/men/33.jpg","thumbnail":"https://randomuser.me/api/portraits/thumb/men/33.jpg"},"nat":"IR"}],"info":{"seed":"db974a75f49e8d88","results":1,"page":1,"version":"1.4"}} 
 </msg>
<msg time="2024-06-18T14:13:56.804979" level="INFO">/opt/hostedtoolcache/Python/3.12.3/x64/lib/python3.12/site-packages/urllib3/connectionpool.py:1099: InsecureRequestWarning: Unverified HTTPS request is being made to host 'randomuser.me'. Adding certificate verification is strongly advised. See: https://urllib3.readthedocs.io/en/latest/advanced-usage.html#tls-warnings
  warnings.warn(</msg>
<msg time="2024-06-18T14:13:56.805118" level="INFO">${response} = &lt;Response [200]&gt;</msg>
<var>${response}</var>
<arg>consultarAPI</arg>
<arg>/api</arg>
<doc>Sends a GET request on a previously created HTTP Session.</doc>
<status status="PASS" start="2024-06-18T14:13:56.473620" elapsed="0.331548"/>
</kw>
<kw name="Set Variable" owner="BuiltIn">
<msg time="2024-06-18T14:13:56.806223" level="INFO">${json_data} = {'results': [{'gender': 'male', 'name': {'title': 'Mr', 'first': 'ماهان', 'last': 'رضایی'}, 'location': {'street': {'number': 3056, 'name': 'استاد قریب'}, 'city': 'اصفهان', 'state': 'کهگیلویه و بویراح...</msg>
<var>${json_data}</var>
<arg>${response.json()}</arg>
<doc>Returns the given values which can then be assigned to a variables.</doc>
<status status="PASS" start="2024-06-18T14:13:56.805705" elapsed="0.000549"/>
</kw>
<kw name="Log" owner="BuiltIn">
<msg time="2024-06-18T14:13:56.806730" level="INFO">{'results': [{'gender': 'male', 'name': {'title': 'Mr', 'first': 'ماهان', 'last': 'رضایی'}, 'location': {'street': {'number': 3056, 'name': 'استاد قریب'}, 'city': 'اصفهان', 'state': 'کهگیلویه و بویراحمد', 'country': 'Iran', 'postcode': 52045, 'coordinates': {'latitude': '16.6861', 'longitude': '-163.8816'}, 'timezone': {'offset': '-11:00', 'description': 'Midway Island, Samoa'}}, 'email': 'mhn.rdyy@example.com', 'login': {'uuid': 'b20412e7-e95b-4e15-ac97-dbe5de8b4aac', 'username': 'organicladybug875', 'password': 'royals', 'salt': '6LuT3fvN', 'md5': 'a6f64603c836f0b8eb0333e6d3a3778e', 'sha1': 'a03f1c1503cb3c76c5689fedb0cf6dd389cc53fa', 'sha256': '66cbcbc0f3fd89bf39a337e7edd2a27be86a59ecc4ad4329b97335f697ad80b9'}, 'dob': {'date': '1986-03-15T20:54:28.204Z', 'age': 38}, 'registered': {'date': '2020-01-13T10:29:33.646Z', 'age': 4}, 'phone': '089-57366740', 'cell': '0975-118-9687', 'id': {'name': '', 'value': None}, 'picture': {'large': 'https://randomuser.me/api/portraits/men/33.jpg', 'medium': 'https://randomuser.me/api/portraits/med/men/33.jpg', 'thumbnail': 'https://randomuser.me/api/portraits/thumb/men/33.jpg'}, 'nat': 'IR'}], 'info': {'seed': 'db974a75f49e8d88', 'results': 1, 'page': 1, 'version': '1.4'}}</msg>
<arg>${json_data}</arg>
<doc>Logs the given message with the given level.</doc>
<status status="PASS" start="2024-06-18T14:13:56.806567" elapsed="0.000213"/>
</kw>
<kw name="Should Be Equal As Numbers" owner="BuiltIn">
<arg>${json_data['results'][0]['location']['postcode']}</arg>
<arg>${json_data['results'][0]['location']['postcode']}</arg>
<doc>Fails if objects are unequal after converting them to real numbers.</doc>
<status status="PASS" start="2024-06-18T14:13:56.807080" elapsed="0.000613"/>
</kw>
<kw name="Log" owner="BuiltIn">
<msg time="2024-06-18T14:13:56.808306" level="INFO">52045</msg>
<arg>${json_data['results'][0]['location']['postcode']}</arg>
<doc>Logs the given message with the given level.</doc>
<status status="PASS" start="2024-06-18T14:13:56.807917" elapsed="0.000430"/>
</kw>
<status status="PASS" start="2024-06-18T14:13:56.473393" elapsed="0.335212"/>
</kw>
<doc>Testa se os tipos de dados na resposta da API estão corretos.</doc>
<tag>testeTiposDados</tag>
<status status="PASS" start="2024-06-18T14:13:56.391223" elapsed="0.417566"/>
</test>
<test id="s1-s1-t5" name="Validar conteudo" line="35">
<kw name="Teste de Tipos de Conteudo" owner="random-user-service">
<kw name="GET On Session" owner="RequestsLibrary">
<msg time="2024-06-18T14:13:56.921786" level="INFO">GET Request : url=https://randomuser.me/api 
 path_url=/api 
 headers={'User-Agent': 'python-requests/2.32.3', 'Accept-Encoding': 'gzip, deflate', 'Accept': '*/*', 'Connection': 'keep-alive'} 
 body=None 
 </msg>
<msg time="2024-06-18T14:13:56.921873" level="INFO">GET Response : url=https://randomuser.me/api 
 status=200, reason=OK 
 headers={'Date': 'Tue, 18 Jun 2024 14:13:56 GMT', 'Content-Type': 'application/json; charset=utf-8', 'Transfer-Encoding': 'chunked', 'Connection': 'keep-alive', 'X-Powered-By': 'Express', 'Access-Control-Allow-Origin': '*', 'Cache-Control': 'no-cache', 'ETag': 'W/"49c-Sw6OaSY1+Hj+13t89vS/84ueLIE"', 'Vary': 'Accept-Encoding', 'Content-Encoding': 'gzip', 'CF-Cache-Status': 'DYNAMIC', 'Report-To': '{"endpoints":[{"url":"https:\\/\\/a.nel.cloudflare.com\\/report\\/v4?s=f1V6leUsV4VSgBn8hY2m9cJoKUAbkRkn2L2VYYDMLeIE6Td9uY%2Fxp8U352zZ5DCN6wwbgkqLgraprhrZa%2B5hCTSTQJmfInX2jtEVA2VAbMOb6Z2xszfMpgZptlK4uaMF"}],"group":"cf-nel","max_age":604800}', 'NEL': '{"success_fraction":0,"report_to":"cf-nel","max_age":604800}', 'Server': 'cloudflare', 'CF-RAY': '895be2061dd12896-IAD', 'alt-svc': 'h3=":443"; ma=86400'} 
 body={"results":[{"gender":"male","name":{"title":"Mr","first":"Mae","last":"Charles"},"location":{"street":{"number":5257,"name":"Rue de L'Abbé-Patureau"},"city":"Toulouse","state":"Drôme","country":"France","postcode":13878,"coordinates":{"latitude":"-13.7589","longitude":"-53.9711"},"timezone":{"offset":"+9:00","description":"Tokyo, Seoul, Osaka, Sapporo, Yakutsk"}},"email":"mae.charles@example.com","login":{"uuid":"92e89e40-aa70-42c2-b105-dc0751f455dc","username":"angryfrog849","password":"auburn","salt":"OOCdkViE","md5":"9e7512f769da9dd18245252f5d879da8","sha1":"7622f8464110ee3b73b0dc284c49104093daff77","sha256":"c6344e1db2bed2020f34eeca0bffec49839c47b517d7857ad72bc80478b3540f"},"dob":{"date":"1989-02-19T11:28:08.612Z","age":35},"registered":{"date":"2002-10-08T19:00:32.885Z","age":21},"phone":"02-09-23-38-77","cell":"06-55-25-03-52","id":{"name":"INSEE","value":"1890178741857 94"},"picture":{"large":"https://randomuser.me/api/portraits/men/46.jpg","medium":"https://randomuser.me/api/portraits/med/men/46.jpg","thumbnail":"https://randomuser.me/api/portraits/thumb/men/46.jpg"},"nat":"FR"}],"info":{"seed":"44ba0d2019372fd2","results":1,"page":1,"version":"1.4"}} 
 </msg>
<msg time="2024-06-18T14:13:56.921956" level="INFO">/opt/hostedtoolcache/Python/3.12.3/x64/lib/python3.12/site-packages/urllib3/connectionpool.py:1099: InsecureRequestWarning: Unverified HTTPS request is being made to host 'randomuser.me'. Adding certificate verification is strongly advised. See: https://urllib3.readthedocs.io/en/latest/advanced-usage.html#tls-warnings
  warnings.warn(</msg>
<msg time="2024-06-18T14:13:56.922065" level="INFO">${response} = &lt;Response [200]&gt;</msg>
<var>${response}</var>
<arg>consultarAPI</arg>
<arg>/api</arg>
<doc>Sends a GET request on a previously created HTTP Session.</doc>
<status status="PASS" start="2024-06-18T14:13:56.811213" elapsed="0.110893"/>
</kw>
<kw name="Set Variable" owner="BuiltIn">
<msg time="2024-06-18T14:13:56.923103" level="INFO">${json_data} = {'results': [{'gender': 'male', 'name': {'title': 'Mr', 'first': 'Mae', 'last': 'Charles'}, 'location': {'street': {'number': 5257, 'name': "Rue de L'Abbé-Patureau"}, 'city': 'Toulouse', 'state': 'Drô...</msg>
<var>${json_data}</var>
<arg>${response.json()}</arg>
<doc>Returns the given values which can then be assigned to a variables.</doc>
<status status="PASS" start="2024-06-18T14:13:56.922641" elapsed="0.000491"/>
</kw>
<kw name="Set Variable" owner="BuiltIn">
<msg time="2024-06-18T14:13:56.923812" level="INFO">${name_title} = Mr</msg>
<var>${name_title}</var>
<arg>${json_data["results"][0]["name"]["title"]}</arg>
<doc>Returns the given values which can then be assigned to a variables.</doc>
<status status="PASS" start="2024-06-18T14:13:56.923433" elapsed="0.000405"/>
</kw>
<kw name="Create List" owner="BuiltIn">
<msg time="2024-06-18T14:13:56.924335" level="INFO">${allowed_titles} = ['Mr', 'Ms', 'Miss', 'Mrs', 'Madame', 'Monsieur']</msg>
<var>${allowed_titles}</var>
<arg>Mr</arg>
<arg>Ms</arg>
<arg>Miss</arg>
<arg>Mrs</arg>
<arg>Madame</arg>
<arg>Monsieur</arg>
<doc>Returns a list containing given items.</doc>
<status status="PASS" start="2024-06-18T14:13:56.924186" elapsed="0.000173"/>
</kw>
<kw name="List Should Contain Value" owner="Collections">
<arg>${allowed_titles}</arg>
<arg>${name_title}</arg>
<doc>Fails if the ``value`` is not found from ``list``.</doc>
<status status="PASS" start="2024-06-18T14:13:56.924655" elapsed="0.000175"/>
</kw>
<kw name="Set Variable" owner="BuiltIn">
<msg time="2024-06-18T14:13:56.925379" level="INFO">${name_country} = FR</msg>
<var>${name_country}</var>
<arg>${json_data["results"][0]["nat"]}</arg>
<doc>Returns the given values which can then be assigned to a variables.</doc>
<status status="PASS" start="2024-06-18T14:13:56.925006" elapsed="0.000397"/>
</kw>
<kw name="Create List" owner="BuiltIn">
<msg time="2024-06-18T14:13:56.926279" level="INFO">${list_country} = ['AD', 'AE', 'AF', 'AG', 'AI', 'AL', 'AM', 'AO', 'AQ', 'AR', 'AS', 'AT', 'AU', 'AW', 'AX', 'AZ', 'BA', 'BB', 'BD', 'BE', 'BF', 'BG', 'BH', 'BI', 'BJ', 'BL', 'BM', 'BN', 'BO', 'BQ', 'BR', 'BS', 'BT', '...</msg>
<var>${list_country}</var>
<arg>AD</arg>
<arg>AE</arg>
<arg>AF</arg>
<arg>AG</arg>
<arg>AI</arg>
<arg>AL</arg>
<arg>AM</arg>
<arg>AO</arg>
<arg>AQ</arg>
<arg>AR</arg>
<arg>AS</arg>
<arg>AT</arg>
<arg>AU</arg>
<arg>AW</arg>
<arg>AX</arg>
<arg>AZ</arg>
<arg>BA</arg>
<arg>BB</arg>
<arg>BD</arg>
<arg>BE</arg>
<arg>BF</arg>
<arg>BG</arg>
<arg>BH</arg>
<arg>BI</arg>
<arg>BJ</arg>
<arg>BL</arg>
<arg>BM</arg>
<arg>BN</arg>
<arg>BO</arg>
<arg>BQ</arg>
<arg>BR</arg>
<arg>BS</arg>
<arg>BT</arg>
<arg>BV</arg>
<arg>BW</arg>
<arg>BY</arg>
<arg>BZ</arg>
<arg>CA</arg>
<arg>CC</arg>
<arg>CD</arg>
<arg>CF</arg>
<arg>CG</arg>
<arg>CH</arg>
<arg>CI</arg>
<arg>CK</arg>
<arg>CL</arg>
<arg>CM</arg>
<arg>CN</arg>
<arg>CO</arg>
<arg>CR</arg>
<arg>CU</arg>
<arg>CV</arg>
<arg>CW</arg>
<arg>CX</arg>
<arg>CY</arg>
<arg>CZ</arg>
<arg>DE</arg>
<arg>DJ</arg>
<arg>DK</arg>
<arg>DM</arg>
<arg>DO</arg>
<arg>DZ</arg>
<arg>EC</arg>
<arg>EE</arg>
<arg>EG</arg>
<arg>EH</arg>
<arg>ER</arg>
<arg>ES</arg>
<arg>ET</arg>
<arg>FI</arg>
<arg>FJ</arg>
<arg>FK</arg>
<arg>FM</arg>
<arg>FO</arg>
<arg>FR</arg>
<arg>GA</arg>
<arg>GB</arg>
<arg>GD</arg>
<arg>GE</arg>
<arg>GF</arg>
<arg>GG</arg>
<arg>GH</arg>
<arg>GI</arg>
<arg>GL</arg>
<arg>GM</arg>
<arg>GN</arg>
<arg>GP</arg>
<arg>GQ</arg>
<arg>GR</arg>
<arg>GS</arg>
<arg>GT</arg>
<arg>GU</arg>
<arg>GW</arg>
<arg>GY</arg>
<arg>HK</arg>
<arg>HM</arg>
<arg>HN</arg>
<arg>HR</arg>
<arg>HT</arg>
<arg>HU</arg>
<arg>ID</arg>
<arg>IE</arg>
<arg>IL</arg>
<arg>IM</arg>
<arg>IN</arg>
<arg>IO</arg>
<arg>IQ</arg>
<arg>IR</arg>
<arg>IS</arg>
<arg>IT</arg>
<arg>JE</arg>
<arg>JM</arg>
<arg>JO</arg>
<arg>JP</arg>
<arg>KE</arg>
<arg>KG</arg>
<arg>KH</arg>
<arg>KI</arg>
<arg>KM</arg>
<arg>KN</arg>
<arg>KP</arg>
<arg>KR</arg>
<arg>KW</arg>
<arg>KY</arg>
<arg>KZ</arg>
<arg>LA</arg>
<arg>LB</arg>
<arg>LC</arg>
<arg>LI</arg>
<arg>LK</arg>
<arg>LR</arg>
<arg>LS</arg>
<arg>LT</arg>
<arg>LU</arg>
<arg>LV</arg>
<arg>LY</arg>
<arg>MA</arg>
<arg>MC</arg>
<arg>MD</arg>
<arg>ME</arg>
<arg>MF</arg>
<arg>MG</arg>
<arg>MH</arg>
<arg>MK</arg>
<arg>ML</arg>
<arg>MM</arg>
<arg>MN</arg>
<arg>MO</arg>
<arg>MP</arg>
<arg>MQ</arg>
<arg>MR</arg>
<arg>MS</arg>
<arg>MT</arg>
<arg>MU</arg>
<arg>MV</arg>
<arg>MW</arg>
<arg>MX</arg>
<arg>MY</arg>
<arg>MZ</arg>
<arg>NA</arg>
<arg>NC</arg>
<arg>NE</arg>
<arg>NF</arg>
<arg>NG</arg>
<arg>NI</arg>
<arg>NL</arg>
<arg>NO</arg>
<arg>NP</arg>
<arg>NR</arg>
<arg>NU</arg>
<arg>NZ</arg>
<arg>OM</arg>
<arg>PA</arg>
<arg>PE</arg>
<arg>PF</arg>
<arg>PG</arg>
<arg>PH</arg>
<arg>PK</arg>
<arg>PL</arg>
<arg>PM</arg>
<arg>PN</arg>
<arg>PR</arg>
<arg>PS</arg>
<arg>PT</arg>
<arg>PW</arg>
<arg>PY</arg>
<arg>QA</arg>
<arg>RE</arg>
<arg>RO</arg>
<arg>RS</arg>
<arg>RU</arg>
<arg>RW</arg>
<arg>SA</arg>
<arg>SB</arg>
<arg>SC</arg>
<arg>SD</arg>
<arg>SE</arg>
<arg>SG</arg>
<arg>SH</arg>
<arg>SI</arg>
<arg>SJ</arg>
<arg>SK</arg>
<arg>SL</arg>
<arg>SM</arg>
<arg>SN</arg>
<arg>SO</arg>
<arg>SR</arg>
<arg>SS</arg>
<arg>ST</arg>
<arg>SV</arg>
<arg>SX</arg>
<arg>SY</arg>
<arg>SZ</arg>
<arg>TC</arg>
<arg>TD</arg>
<arg>TF</arg>
<arg>TG</arg>
<arg>TH</arg>
<arg>TJ</arg>
<arg>TK</arg>
<arg>TL</arg>
<arg>TM</arg>
<arg>TN</arg>
<arg>TO</arg>
<arg>TR</arg>
<arg>TT</arg>
<arg>TV</arg>
<arg>TW</arg>
<arg>TZ</arg>
<arg>UA</arg>
<arg>UG</arg>
<arg>UM</arg>
<arg>US</arg>
<arg>UY</arg>
<arg>UZ</arg>
<arg>VA</arg>
<arg>VC</arg>
<arg>VE</arg>
<arg>VG</arg>
<arg>VI</arg>
<arg>VN</arg>
<arg>VU</arg>
<arg>WF</arg>
<arg>WS</arg>
<arg>XK</arg>
<arg>YE</arg>
<arg>YT</arg>
<arg>ZA</arg>
<arg>ZM</arg>
<arg>ZW</arg>
<doc>Returns a list containing given items.</doc>
<status status="PASS" start="2024-06-18T14:13:56.925690" elapsed="0.000613"/>
</kw>
<kw name="List Should Contain Value" owner="Collections">
<arg>${list_country}</arg>
<arg>${name_country}</arg>
<doc>Fails if the ``value`` is not found from ``list``.</doc>
<status status="PASS" start="2024-06-18T14:13:56.927097" elapsed="0.000199"/>
</kw>
<kw name="Run Keyword If" owner="BuiltIn">
<kw name="Should Be True" owner="BuiltIn">
<arg>${True}</arg>
<doc>Fails if the given condition is not true.</doc>
<status status="PASS" start="2024-06-18T14:13:56.928372" elapsed="0.000143"/>
</kw>
<arg>${json_data["results"][0]["location"]["coordinates"]["latitude"]} &gt;= -90 and ${json_data["results"][0]["location"]["coordinates"]["latitude"]} &lt;= 90</arg>
<arg>Should Be True</arg>
<arg>${True}</arg>
<doc>Runs the given keyword with the given arguments, if ``condition`` is true.</doc>
<status status="PASS" start="2024-06-18T14:13:56.927486" elapsed="0.001153"/>
</kw>
<kw name="Run Keyword If" owner="BuiltIn">
<kw name="Should Be True" owner="BuiltIn">
<arg>${True}</arg>
<doc>Fails if the given condition is not true.</doc>
<status status="PASS" start="2024-06-18T14:13:56.929502" elapsed="0.000138"/>
</kw>
<arg>${json_data["results"][0]["location"]["coordinates"]["longitude"]} &gt;= -180 and ${json_data["results"][0]["location"]["coordinates"]["longitude"]} &lt;= 180</arg>
<arg>Should Be True</arg>
<arg>${True}</arg>
<doc>Runs the given keyword with the given arguments, if ``condition`` is true.</doc>
<status status="PASS" start="2024-06-18T14:13:56.928820" elapsed="0.000943"/>
</kw>
<status status="PASS" start="2024-06-18T14:13:56.810989" elapsed="0.118903"/>
</kw>
<doc>Testa o conteúdo específico dos campos retornados pela API.</doc>
<tag>testeConteudo</tag>
<status status="PASS" start="2024-06-18T14:13:56.810520" elapsed="0.119519"/>
</test>
<status status="PASS" start="2024-06-18T14:13:55.730898" elapsed="1.201111"/>
</suite>
<status status="PASS" start="2024-06-18T14:13:55.717660" elapsed="1.219442"/>
</suite>
<statistics>
<total>
<stat pass="5" fail="0" skip="0">All Tests</stat>
</total>
<tag>
<stat pass="1" fail="0" skip="0">testeConteudo</stat>
<stat pass="1" fail="0" skip="0">testeEstruturaResposta</stat>
<stat pass="1" fail="0" skip="0">testeRequisicaoBasica</stat>
<stat pass="1" fail="0" skip="0">testeTiposDados</stat>
</tag>
<suite>
<stat pass="5" fail="0" skip="0" id="s1" name="Tests">Tests</stat>
<stat pass="5" fail="0" skip="0" id="s1-s1" name="Random-User-Test">Tests.Random-User-Test</stat>
</suite>
</statistics>
<errors>
</errors>
</robot>
