<?xml version="1.0" encoding="UTF-8"?>
<robot generator="Robot 7.0 (Python 3.12.2 on linux)" generated="2024-03-28T21:13:07.619888" rpa="false" schemaversion="5">
<suite id="s1" name="Tests" source="/home/runner/work/DesafioQAItauRogerioJordao/DesafioQAItauRogerioJordao/RamdonUser/tests">
<suite id="s1-s1" name="Random-User-Test" source="/home/runner/work/DesafioQAItauRogerioJordao/DesafioQAItauRogerioJordao/RamdonUser/tests/random-user-test.robot">
<test id="s1-s1-t1" name="Conectar" line="13">
<kw name="Conectar API" owner="random-user-service">
<kw name="Create Session" owner="RequestsLibrary">
<msg time="2024-03-28T21:13:08.030215" level="INFO">Creating Session using : alias=consultarAPI, url=https://randomuser.me/, headers={},                     cookies={}, auth=None, timeout=None, proxies=None, verify=False,                     debug=0 </msg>
<arg>consultarAPI</arg>
<arg>${URL}</arg>
<doc>Create Session: create a HTTP session to a server</doc>
<status status="PASS" start="2024-03-28T21:13:08.030003" elapsed="0.000408"/>
</kw>
<status status="PASS" start="2024-03-28T21:13:08.028875" elapsed="0.001912"/>
</kw>
<status status="PASS" start="2024-03-28T21:13:08.028294" elapsed="0.002701"/>
</test>
<test id="s1-s1-t2" name="Validar retorno 200 e JSON Válido" line="16">
<kw name="Teste de Requisicao Basica" owner="random-user-service">
<kw name="GET On Session" owner="RequestsLibrary">
<msg time="2024-03-28T21:13:08.212425" level="INFO">GET Request : url=https://randomuser.me/api 
 path_url=/api 
 headers={'User-Agent': 'python-requests/2.31.0', 'Accept-Encoding': 'gzip, deflate', 'Accept': '*/*', 'Connection': 'keep-alive'} 
 body=None 
 </msg>
<msg time="2024-03-28T21:13:08.212582" level="INFO">GET Response : url=https://randomuser.me/api 
 status=200, reason=OK 
 headers={'Date': 'Thu, 28 Mar 2024 21:13:08 GMT', 'Content-Type': 'application/json; charset=utf-8', 'Transfer-Encoding': 'chunked', 'Connection': 'keep-alive', 'X-Powered-By': 'Express', 'Access-Control-Allow-Origin': '*', 'Cache-Control': 'no-cache', 'ETag': 'W/"468-MJ4RCCAN3OrlxqIGJu5RJuRHNJA"', 'Vary': 'Accept-Encoding', 'Content-Encoding': 'gzip', 'CF-Cache-Status': 'DYNAMIC', 'Report-To': '{"endpoints":[{"url":"https:\\/\\/a.nel.cloudflare.com\\/report\\/v4?s=TBsfCzWEul7%2BFsaBtxWjY0qznG5OSo4CWDUCFhVV0AyZaiI%2FjfPyJm5AoBG5dMRXRi95sFowaXiJW41Q76vHCkkPc1DS9Nr0o7DbeJyy5N83ZBenTlKzuF%2B0DkyBCw6R"}],"group":"cf-nel","max_age":604800}', 'NEL': '{"success_fraction":0,"report_to":"cf-nel","max_age":604800}', 'Server': 'cloudflare', 'CF-RAY': '86ba9f516cba8274-IAD', 'alt-svc': 'h3=":443"; ma=86400'} 
 body={"results":[{"gender":"male","name":{"title":"Mr","first":"Anton","last":"Grujić"},"location":{"street":{"number":9692,"name":"Stjepana Supanca"},"city":"Dečan","state":"Prizren","country":"Serbia","postcode":34932,"coordinates":{"latitude":"58.0199","longitude":"-32.8299"},"timezone":{"offset":"-9:00","description":"Alaska"}},"email":"anton.grujic@example.com","login":{"uuid":"021fd394-9600-4493-8316-77eb25fcb543","username":"biggorilla529","password":"cang","salt":"JAccsJna","md5":"1497c551b9cead6dfd2af8399e702d70","sha1":"8e07ee8953a72eb706a2ba23ddb3e3ba32783d17","sha256":"a5b877c7d2f42d8a78302aaf842289290f2335edfc07466951de9be69021c891"},"dob":{"date":"1970-10-21T16:18:09.704Z","age":53},"registered":{"date":"2020-03-01T14:34:02.211Z","age":4},"phone":"013-9773-226","cell":"066-0746-391","id":{"name":"SID","value":"755172398"},"picture":{"large":"https://randomuser.me/api/portraits/men/71.jpg","medium":"https://randomuser.me/api/portraits/med/men/71.jpg","thumbnail":"https://randomuser.me/api/portraits/thumb/men/71.jpg"},"nat":"RS"}],"info":{"seed":"136332040e467769","results":1,"page":1,"version":"1.4"}} 
 </msg>
<msg time="2024-03-28T21:13:08.212701" level="INFO">/opt/hostedtoolcache/Python/3.12.2/x64/lib/python3.12/site-packages/urllib3/connectionpool.py:1103: InsecureRequestWarning: Unverified HTTPS request is being made to host 'randomuser.me'. Adding certificate verification is strongly advised. See: https://urllib3.readthedocs.io/en/latest/advanced-usage.html#tls-warnings
  warnings.warn(</msg>
<msg time="2024-03-28T21:13:08.212853" level="INFO">${response} = &lt;Response [200]&gt;</msg>
<var>${response}</var>
<arg>consultarAPI</arg>
<arg>/api</arg>
<doc>Sends a GET request on a previously created HTTP Session.</doc>
<status status="PASS" start="2024-03-28T21:13:08.033713" elapsed="0.179182"/>
</kw>
<kw name="Should Be Equal As Numbers" owner="BuiltIn">
<msg time="2024-03-28T21:13:08.213926" level="INFO">Argument types are:
&lt;class 'int'&gt;
&lt;class 'str'&gt;</msg>
<arg>${response.status_code}</arg>
<arg>200</arg>
<doc>Fails if objects are unequal after converting them to real numbers.</doc>
<status status="PASS" start="2024-03-28T21:13:08.213455" elapsed="0.000538"/>
</kw>
<kw name="Log" owner="BuiltIn">
<msg time="2024-03-28T21:13:08.214685" level="INFO">200</msg>
<arg>${response.status_code}</arg>
<doc>Logs the given message with the given level.</doc>
<status status="PASS" start="2024-03-28T21:13:08.214318" elapsed="0.000410"/>
</kw>
<kw name="Set Variable" owner="BuiltIn">
<msg time="2024-03-28T21:13:08.215522" level="INFO">${json_data} = {'results': [{'gender': 'male', 'name': {'title': 'Mr', 'first': 'Anton', 'last': 'Grujić'}, 'location': {'street': {'number': 9692, 'name': 'Stjepana Supanca'}, 'city': 'Dečan', 'state': 'Prizren', '...</msg>
<var>${json_data}</var>
<arg>${response.json()}</arg>
<doc>Returns the given values which can then be assigned to a variables.</doc>
<status status="PASS" start="2024-03-28T21:13:08.215056" elapsed="0.000497"/>
</kw>
<kw name="Dictionary Should Contain Key" owner="Collections">
<msg time="2024-03-28T21:13:08.216052" level="INFO">False</msg>
<arg>${json_data}</arg>
<arg>results</arg>
<doc>Fails if ``key`` is not found from ``dictionary``.</doc>
<status status="PASS" start="2024-03-28T21:13:08.215882" elapsed="0.000210"/>
</kw>
<status status="PASS" start="2024-03-28T21:13:08.033457" elapsed="0.182896"/>
</kw>
<doc>Testa se a API responde corretamente e retorna um objeto JSON válido.</doc>
<tag>testeRequisicaoBasica</tag>
<status status="PASS" start="2024-03-28T21:13:08.032953" elapsed="0.183598"/>
</test>
<test id="s1-s1-t3" name="Validar estrutura de resposta" line="22">
<kw name="Teste de Estrutura de Resposta" owner="random-user-service">
<kw name="GET On Session" owner="RequestsLibrary">
<msg time="2024-03-28T21:13:08.457521" level="INFO">GET Request : url=https://randomuser.me/api 
 path_url=/api 
 headers={'User-Agent': 'python-requests/2.31.0', 'Accept-Encoding': 'gzip, deflate', 'Accept': '*/*', 'Connection': 'keep-alive'} 
 body=None 
 </msg>
<msg time="2024-03-28T21:13:08.457640" level="INFO">GET Response : url=https://randomuser.me/api 
 status=200, reason=OK 
 headers={'Date': 'Thu, 28 Mar 2024 21:13:08 GMT', 'Content-Type': 'application/json; charset=utf-8', 'Transfer-Encoding': 'chunked', 'Connection': 'keep-alive', 'X-Powered-By': 'Express', 'Access-Control-Allow-Origin': '*', 'Cache-Control': 'no-cache', 'ETag': 'W/"48d-KA2L48oDj9sAIRI+SE3IdAytzCs"', 'Vary': 'Accept-Encoding', 'Content-Encoding': 'gzip', 'CF-Cache-Status': 'DYNAMIC', 'Report-To': '{"endpoints":[{"url":"https:\\/\\/a.nel.cloudflare.com\\/report\\/v4?s=ipDayyuJLNa5yKGdx9s%2Fg9LL1HGSH%2BKMBaHLywZpWmfdLVshwUzeZwa7wyBUDuGsfnxIoICHuwUZmTu%2FVr5iZ3otIXq0Bc3lSaQwbcfvo%2F08mkkyF3d0aVlsjlfELaUo"}],"group":"cf-nel","max_age":604800}', 'NEL': '{"success_fraction":0,"report_to":"cf-nel","max_age":604800}', 'Server': 'cloudflare', 'CF-RAY': '86ba9f525de38274-IAD', 'alt-svc': 'h3=":443"; ma=86400'} 
 body={"results":[{"gender":"female","name":{"title":"Mrs","first":"Saanvi","last":"Gatty"},"location":{"street":{"number":9942,"name":"Altamount Rd"},"city":"Meerut","state":"Assam","country":"India","postcode":82020,"coordinates":{"latitude":"11.5765","longitude":"155.9294"},"timezone":{"offset":"+3:00","description":"Baghdad, Riyadh, Moscow, St. Petersburg"}},"email":"saanvi.gatty@example.com","login":{"uuid":"a578f091-c887-4950-a543-ca2c22feb85a","username":"bluerabbit670","password":"dagger","salt":"FICLua4x","md5":"6c8eb9c1eaa2787a83301002a611db50","sha1":"65623e68d28aff54150f09b27c7d857548a3a19f","sha256":"92046156a5ee186c2b4c84119fc60d3989e3d70b69ecb59f67410e82ffb281dd"},"dob":{"date":"1952-07-18T14:57:44.699Z","age":71},"registered":{"date":"2017-08-25T10:03:13.522Z","age":6},"phone":"7997536046","cell":"8810581388","id":{"name":"UIDAI","value":"607282942401"},"picture":{"large":"https://randomuser.me/api/portraits/women/15.jpg","medium":"https://randomuser.me/api/portraits/med/women/15.jpg","thumbnail":"https://randomuser.me/api/portraits/thumb/women/15.jpg"},"nat":"IN"}],"info":{"seed":"49d89ce9b1f67bcb","results":1,"page":1,"version":"1.4"}} 
 </msg>
<msg time="2024-03-28T21:13:08.457813" level="INFO">/opt/hostedtoolcache/Python/3.12.2/x64/lib/python3.12/site-packages/urllib3/connectionpool.py:1103: InsecureRequestWarning: Unverified HTTPS request is being made to host 'randomuser.me'. Adding certificate verification is strongly advised. See: https://urllib3.readthedocs.io/en/latest/advanced-usage.html#tls-warnings
  warnings.warn(</msg>
<msg time="2024-03-28T21:13:08.457986" level="INFO">${response} = &lt;Response [200]&gt;</msg>
<var>${response}</var>
<arg>consultarAPI</arg>
<arg>/api</arg>
<doc>Sends a GET request on a previously created HTTP Session.</doc>
<status status="PASS" start="2024-03-28T21:13:08.219343" elapsed="0.238687"/>
</kw>
<kw name="Set Variable" owner="BuiltIn">
<msg time="2024-03-28T21:13:08.459286" level="INFO">${json_data} = {'results': [{'gender': 'female', 'name': {'title': 'Mrs', 'first': 'Saanvi', 'last': 'Gatty'}, 'location': {'street': {'number': 9942, 'name': 'Altamount Rd'}, 'city': 'Meerut', 'state': 'Assam', 'co...</msg>
<var>${json_data}</var>
<arg>${response.json()}</arg>
<doc>Returns the given values which can then be assigned to a variables.</doc>
<status status="PASS" start="2024-03-28T21:13:08.458686" elapsed="0.000630"/>
</kw>
<kw name="Log" owner="BuiltIn">
<msg time="2024-03-28T21:13:08.459839" level="INFO">{'results': [{'gender': 'female', 'name': {'title': 'Mrs', 'first': 'Saanvi', 'last': 'Gatty'}, 'location': {'street': {'number': 9942, 'name': 'Altamount Rd'}, 'city': 'Meerut', 'state': 'Assam', 'country': 'India', 'postcode': 82020, 'coordinates': {'latitude': '11.5765', 'longitude': '155.9294'}, 'timezone': {'offset': '+3:00', 'description': 'Baghdad, Riyadh, Moscow, St. Petersburg'}}, 'email': 'saanvi.gatty@example.com', 'login': {'uuid': 'a578f091-c887-4950-a543-ca2c22feb85a', 'username': 'bluerabbit670', 'password': 'dagger', 'salt': 'FICLua4x', 'md5': '6c8eb9c1eaa2787a83301002a611db50', 'sha1': '65623e68d28aff54150f09b27c7d857548a3a19f', 'sha256': '92046156a5ee186c2b4c84119fc60d3989e3d70b69ecb59f67410e82ffb281dd'}, 'dob': {'date': '1952-07-18T14:57:44.699Z', 'age': 71}, 'registered': {'date': '2017-08-25T10:03:13.522Z', 'age': 6}, 'phone': '7997536046', 'cell': '8810581388', 'id': {'name': 'UIDAI', 'value': '607282942401'}, 'picture': {'large': 'https://randomuser.me/api/portraits/women/15.jpg', 'medium': 'https://randomuser.me/api/portraits/med/women/15.jpg', 'thumbnail': 'https://randomuser.me/api/portraits/thumb/women/15.jpg'}, 'nat': 'IN'}], 'info': {'seed': '49d89ce9b1f67bcb', 'results': 1, 'page': 1, 'version': '1.4'}}</msg>
<arg>${json_data}</arg>
<doc>Logs the given message with the given level.</doc>
<status status="PASS" start="2024-03-28T21:13:08.459633" elapsed="0.000255"/>
</kw>
<kw name="Dictionary Should Contain Key" owner="Collections">
<msg time="2024-03-28T21:13:08.460362" level="INFO">False</msg>
<arg>${json_data}</arg>
<arg>results</arg>
<doc>Fails if ``key`` is not found from ``dictionary``.</doc>
<status status="PASS" start="2024-03-28T21:13:08.460200" elapsed="0.000200"/>
</kw>
<kw name="Should Not Be Empty" owner="BuiltIn">
<msg time="2024-03-28T21:13:08.460832" level="INFO">Length is 2.</msg>
<arg>${json_data}</arg>
<doc>Verifies that the given item is not empty.</doc>
<status status="PASS" start="2024-03-28T21:13:08.460697" elapsed="0.000174"/>
</kw>
<kw name="Create List" owner="BuiltIn">
<msg time="2024-03-28T21:13:08.461318" level="INFO">${expected_keys} = ['gender', 'name', 'location', 'email', 'login']</msg>
<var>${expected_keys}</var>
<arg>gender</arg>
<arg>name</arg>
<arg>location</arg>
<arg>email</arg>
<arg>login</arg>
<doc>Returns a list containing given items.</doc>
<status status="PASS" start="2024-03-28T21:13:08.461162" elapsed="0.000180"/>
</kw>
<for flavor="IN">
<iter>
<kw name="Dictionary Should Contain Key" owner="Collections">
<msg time="2024-03-28T21:13:08.462343" level="INFO">False</msg>
<arg>${json_data['results'][0]}</arg>
<arg>${key}</arg>
<doc>Fails if ``key`` is not found from ``dictionary``.</doc>
<status status="PASS" start="2024-03-28T21:13:08.461931" elapsed="0.000455"/>
</kw>
<kw name="Log" owner="BuiltIn">
<msg time="2024-03-28T21:13:08.463071" level="INFO">{'gender': 'female', 'name': {'title': 'Mrs', 'first': 'Saanvi', 'last': 'Gatty'}, 'location': {'street': {'number': 9942, 'name': 'Altamount Rd'}, 'city': 'Meerut', 'state': 'Assam', 'country': 'India', 'postcode': 82020, 'coordinates': {'latitude': '11.5765', 'longitude': '155.9294'}, 'timezone': {'offset': '+3:00', 'description': 'Baghdad, Riyadh, Moscow, St. Petersburg'}}, 'email': 'saanvi.gatty@example.com', 'login': {'uuid': 'a578f091-c887-4950-a543-ca2c22feb85a', 'username': 'bluerabbit670', 'password': 'dagger', 'salt': 'FICLua4x', 'md5': '6c8eb9c1eaa2787a83301002a611db50', 'sha1': '65623e68d28aff54150f09b27c7d857548a3a19f', 'sha256': '92046156a5ee186c2b4c84119fc60d3989e3d70b69ecb59f67410e82ffb281dd'}, 'dob': {'date': '1952-07-18T14:57:44.699Z', 'age': 71}, 'registered': {'date': '2017-08-25T10:03:13.522Z', 'age': 6}, 'phone': '7997536046', 'cell': '8810581388', 'id': {'name': 'UIDAI', 'value': '607282942401'}, 'picture': {'large': 'https://randomuser.me/api/portraits/women/15.jpg', 'medium': 'https://randomuser.me/api/portraits/med/women/15.jpg', 'thumbnail': 'https://randomuser.me/api/portraits/thumb/women/15.jpg'}, 'nat': 'IN'}</msg>
<arg>${json_data['results'][0]}</arg>
<doc>Logs the given message with the given level.</doc>
<status status="PASS" start="2024-03-28T21:13:08.462702" elapsed="0.000423"/>
</kw>
<kw name="Log" owner="BuiltIn">
<msg time="2024-03-28T21:13:08.463554" level="INFO">gender</msg>
<arg>${key}</arg>
<doc>Logs the given message with the given level.</doc>
<status status="PASS" start="2024-03-28T21:13:08.463424" elapsed="0.000170"/>
</kw>
<var name="${key}">gender</var>
<status status="PASS" start="2024-03-28T21:13:08.461805" elapsed="0.002041"/>
</iter>
<iter>
<kw name="Dictionary Should Contain Key" owner="Collections">
<msg time="2024-03-28T21:13:08.464541" level="INFO">False</msg>
<arg>${json_data['results'][0]}</arg>
<arg>${key}</arg>
<doc>Fails if ``key`` is not found from ``dictionary``.</doc>
<status status="PASS" start="2024-03-28T21:13:08.464153" elapsed="0.000425"/>
</kw>
<kw name="Log" owner="BuiltIn">
<msg time="2024-03-28T21:13:08.465277" level="INFO">{'gender': 'female', 'name': {'title': 'Mrs', 'first': 'Saanvi', 'last': 'Gatty'}, 'location': {'street': {'number': 9942, 'name': 'Altamount Rd'}, 'city': 'Meerut', 'state': 'Assam', 'country': 'India', 'postcode': 82020, 'coordinates': {'latitude': '11.5765', 'longitude': '155.9294'}, 'timezone': {'offset': '+3:00', 'description': 'Baghdad, Riyadh, Moscow, St. Petersburg'}}, 'email': 'saanvi.gatty@example.com', 'login': {'uuid': 'a578f091-c887-4950-a543-ca2c22feb85a', 'username': 'bluerabbit670', 'password': 'dagger', 'salt': 'FICLua4x', 'md5': '6c8eb9c1eaa2787a83301002a611db50', 'sha1': '65623e68d28aff54150f09b27c7d857548a3a19f', 'sha256': '92046156a5ee186c2b4c84119fc60d3989e3d70b69ecb59f67410e82ffb281dd'}, 'dob': {'date': '1952-07-18T14:57:44.699Z', 'age': 71}, 'registered': {'date': '2017-08-25T10:03:13.522Z', 'age': 6}, 'phone': '7997536046', 'cell': '8810581388', 'id': {'name': 'UIDAI', 'value': '607282942401'}, 'picture': {'large': 'https://randomuser.me/api/portraits/women/15.jpg', 'medium': 'https://randomuser.me/api/portraits/med/women/15.jpg', 'thumbnail': 'https://randomuser.me/api/portraits/thumb/women/15.jpg'}, 'nat': 'IN'}</msg>
<arg>${json_data['results'][0]}</arg>
<doc>Logs the given message with the given level.</doc>
<status status="PASS" start="2024-03-28T21:13:08.464916" elapsed="0.000409"/>
</kw>
<kw name="Log" owner="BuiltIn">
<msg time="2024-03-28T21:13:08.465753" level="INFO">name</msg>
<arg>${key}</arg>
<doc>Logs the given message with the given level.</doc>
<status status="PASS" start="2024-03-28T21:13:08.465625" elapsed="0.000166"/>
</kw>
<var name="${key}">name</var>
<status status="PASS" start="2024-03-28T21:13:08.464038" elapsed="0.001970"/>
</iter>
<iter>
<kw name="Dictionary Should Contain Key" owner="Collections">
<msg time="2024-03-28T21:13:08.466670" level="INFO">False</msg>
<arg>${json_data['results'][0]}</arg>
<arg>${key}</arg>
<doc>Fails if ``key`` is not found from ``dictionary``.</doc>
<status status="PASS" start="2024-03-28T21:13:08.466297" elapsed="0.000411"/>
</kw>
<kw name="Log" owner="BuiltIn">
<msg time="2024-03-28T21:13:08.467369" level="INFO">{'gender': 'female', 'name': {'title': 'Mrs', 'first': 'Saanvi', 'last': 'Gatty'}, 'location': {'street': {'number': 9942, 'name': 'Altamount Rd'}, 'city': 'Meerut', 'state': 'Assam', 'country': 'India', 'postcode': 82020, 'coordinates': {'latitude': '11.5765', 'longitude': '155.9294'}, 'timezone': {'offset': '+3:00', 'description': 'Baghdad, Riyadh, Moscow, St. Petersburg'}}, 'email': 'saanvi.gatty@example.com', 'login': {'uuid': 'a578f091-c887-4950-a543-ca2c22feb85a', 'username': 'bluerabbit670', 'password': 'dagger', 'salt': 'FICLua4x', 'md5': '6c8eb9c1eaa2787a83301002a611db50', 'sha1': '65623e68d28aff54150f09b27c7d857548a3a19f', 'sha256': '92046156a5ee186c2b4c84119fc60d3989e3d70b69ecb59f67410e82ffb281dd'}, 'dob': {'date': '1952-07-18T14:57:44.699Z', 'age': 71}, 'registered': {'date': '2017-08-25T10:03:13.522Z', 'age': 6}, 'phone': '7997536046', 'cell': '8810581388', 'id': {'name': 'UIDAI', 'value': '607282942401'}, 'picture': {'large': 'https://randomuser.me/api/portraits/women/15.jpg', 'medium': 'https://randomuser.me/api/portraits/med/women/15.jpg', 'thumbnail': 'https://randomuser.me/api/portraits/thumb/women/15.jpg'}, 'nat': 'IN'}</msg>
<arg>${json_data['results'][0]}</arg>
<doc>Logs the given message with the given level.</doc>
<status status="PASS" start="2024-03-28T21:13:08.467007" elapsed="0.000413"/>
</kw>
<kw name="Log" owner="BuiltIn">
<msg time="2024-03-28T21:13:08.467872" level="INFO">location</msg>
<arg>${key}</arg>
<doc>Logs the given message with the given level.</doc>
<status status="PASS" start="2024-03-28T21:13:08.467741" elapsed="0.000168"/>
</kw>
<var name="${key}">location</var>
<status status="PASS" start="2024-03-28T21:13:08.466185" elapsed="0.001942"/>
</iter>
<iter>
<kw name="Dictionary Should Contain Key" owner="Collections">
<msg time="2024-03-28T21:13:08.468786" level="INFO">False</msg>
<arg>${json_data['results'][0]}</arg>
<arg>${key}</arg>
<doc>Fails if ``key`` is not found from ``dictionary``.</doc>
<status status="PASS" start="2024-03-28T21:13:08.468407" elapsed="0.000416"/>
</kw>
<kw name="Log" owner="BuiltIn">
<msg time="2024-03-28T21:13:08.469483" level="INFO">{'gender': 'female', 'name': {'title': 'Mrs', 'first': 'Saanvi', 'last': 'Gatty'}, 'location': {'street': {'number': 9942, 'name': 'Altamount Rd'}, 'city': 'Meerut', 'state': 'Assam', 'country': 'India', 'postcode': 82020, 'coordinates': {'latitude': '11.5765', 'longitude': '155.9294'}, 'timezone': {'offset': '+3:00', 'description': 'Baghdad, Riyadh, Moscow, St. Petersburg'}}, 'email': 'saanvi.gatty@example.com', 'login': {'uuid': 'a578f091-c887-4950-a543-ca2c22feb85a', 'username': 'bluerabbit670', 'password': 'dagger', 'salt': 'FICLua4x', 'md5': '6c8eb9c1eaa2787a83301002a611db50', 'sha1': '65623e68d28aff54150f09b27c7d857548a3a19f', 'sha256': '92046156a5ee186c2b4c84119fc60d3989e3d70b69ecb59f67410e82ffb281dd'}, 'dob': {'date': '1952-07-18T14:57:44.699Z', 'age': 71}, 'registered': {'date': '2017-08-25T10:03:13.522Z', 'age': 6}, 'phone': '7997536046', 'cell': '8810581388', 'id': {'name': 'UIDAI', 'value': '607282942401'}, 'picture': {'large': 'https://randomuser.me/api/portraits/women/15.jpg', 'medium': 'https://randomuser.me/api/portraits/med/women/15.jpg', 'thumbnail': 'https://randomuser.me/api/portraits/thumb/women/15.jpg'}, 'nat': 'IN'}</msg>
<arg>${json_data['results'][0]}</arg>
<doc>Logs the given message with the given level.</doc>
<status status="PASS" start="2024-03-28T21:13:08.469121" elapsed="0.000409"/>
</kw>
<kw name="Log" owner="BuiltIn">
<msg time="2024-03-28T21:13:08.469947" level="INFO">email</msg>
<arg>${key}</arg>
<doc>Logs the given message with the given level.</doc>
<status status="PASS" start="2024-03-28T21:13:08.469821" elapsed="0.000164"/>
</kw>
<var name="${key}">email</var>
<status status="PASS" start="2024-03-28T21:13:08.468298" elapsed="0.001904"/>
</iter>
<iter>
<kw name="Dictionary Should Contain Key" owner="Collections">
<msg time="2024-03-28T21:13:08.470892" level="INFO">False</msg>
<arg>${json_data['results'][0]}</arg>
<arg>${key}</arg>
<doc>Fails if ``key`` is not found from ``dictionary``.</doc>
<status status="PASS" start="2024-03-28T21:13:08.470505" elapsed="0.000424"/>
</kw>
<kw name="Log" owner="BuiltIn">
<msg time="2024-03-28T21:13:08.471589" level="INFO">{'gender': 'female', 'name': {'title': 'Mrs', 'first': 'Saanvi', 'last': 'Gatty'}, 'location': {'street': {'number': 9942, 'name': 'Altamount Rd'}, 'city': 'Meerut', 'state': 'Assam', 'country': 'India', 'postcode': 82020, 'coordinates': {'latitude': '11.5765', 'longitude': '155.9294'}, 'timezone': {'offset': '+3:00', 'description': 'Baghdad, Riyadh, Moscow, St. Petersburg'}}, 'email': 'saanvi.gatty@example.com', 'login': {'uuid': 'a578f091-c887-4950-a543-ca2c22feb85a', 'username': 'bluerabbit670', 'password': 'dagger', 'salt': 'FICLua4x', 'md5': '6c8eb9c1eaa2787a83301002a611db50', 'sha1': '65623e68d28aff54150f09b27c7d857548a3a19f', 'sha256': '92046156a5ee186c2b4c84119fc60d3989e3d70b69ecb59f67410e82ffb281dd'}, 'dob': {'date': '1952-07-18T14:57:44.699Z', 'age': 71}, 'registered': {'date': '2017-08-25T10:03:13.522Z', 'age': 6}, 'phone': '7997536046', 'cell': '8810581388', 'id': {'name': 'UIDAI', 'value': '607282942401'}, 'picture': {'large': 'https://randomuser.me/api/portraits/women/15.jpg', 'medium': 'https://randomuser.me/api/portraits/med/women/15.jpg', 'thumbnail': 'https://randomuser.me/api/portraits/thumb/women/15.jpg'}, 'nat': 'IN'}</msg>
<arg>${json_data['results'][0]}</arg>
<doc>Logs the given message with the given level.</doc>
<status status="PASS" start="2024-03-28T21:13:08.471226" elapsed="0.000411"/>
</kw>
<kw name="Log" owner="BuiltIn">
<msg time="2024-03-28T21:13:08.472095" level="INFO">login</msg>
<arg>${key}</arg>
<doc>Logs the given message with the given level.</doc>
<status status="PASS" start="2024-03-28T21:13:08.471965" elapsed="0.000280"/>
</kw>
<var name="${key}">login</var>
<status status="PASS" start="2024-03-28T21:13:08.470376" elapsed="0.002123"/>
</iter>
<var>${key}</var>
<value>@{expected_keys}</value>
<status status="PASS" start="2024-03-28T21:13:08.461609" elapsed="0.011019"/>
</for>
<kw name="Create List" owner="BuiltIn">
<msg time="2024-03-28T21:13:08.472966" level="INFO">${expected_keysTwo} = ['username', 'password']</msg>
<var>${expected_keysTwo}</var>
<arg>username</arg>
<arg>password</arg>
<doc>Returns a list containing given items.</doc>
<status status="PASS" start="2024-03-28T21:13:08.472826" elapsed="0.000164"/>
</kw>
<for flavor="IN">
<iter>
<kw name="Dictionary Should Contain Key" owner="Collections">
<msg time="2024-03-28T21:13:08.473878" level="INFO">False</msg>
<arg>${json_data['results'][0]['login']}</arg>
<arg>${keyTwo}</arg>
<doc>Fails if ``key`` is not found from ``dictionary``.</doc>
<status status="PASS" start="2024-03-28T21:13:08.473495" elapsed="0.000421"/>
</kw>
<kw name="Dictionary Should Contain Key" owner="Collections">
<msg time="2024-03-28T21:13:08.474601" level="INFO">False</msg>
<arg>${json_data['results'][0]['login']}</arg>
<arg>${keyTwo}</arg>
<doc>Fails if ``key`` is not found from ``dictionary``.</doc>
<status status="PASS" start="2024-03-28T21:13:08.474213" elapsed="0.000432"/>
</kw>
<kw name="Log" owner="BuiltIn">
<msg time="2024-03-28T21:13:08.475072" level="INFO">username</msg>
<arg>${keyTwo}</arg>
<doc>Logs the given message with the given level.</doc>
<status status="PASS" start="2024-03-28T21:13:08.474943" elapsed="0.000168"/>
</kw>
<var name="${keyTwo}">username</var>
<status status="PASS" start="2024-03-28T21:13:08.473384" elapsed="0.001943"/>
</iter>
<iter>
<kw name="Dictionary Should Contain Key" owner="Collections">
<msg time="2024-03-28T21:13:08.476015" level="INFO">False</msg>
<arg>${json_data['results'][0]['login']}</arg>
<arg>${keyTwo}</arg>
<doc>Fails if ``key`` is not found from ``dictionary``.</doc>
<status status="PASS" start="2024-03-28T21:13:08.475609" elapsed="0.000444"/>
</kw>
<kw name="Dictionary Should Contain Key" owner="Collections">
<msg time="2024-03-28T21:13:08.476736" level="INFO">False</msg>
<arg>${json_data['results'][0]['login']}</arg>
<arg>${keyTwo}</arg>
<doc>Fails if ``key`` is not found from ``dictionary``.</doc>
<status status="PASS" start="2024-03-28T21:13:08.476350" elapsed="0.000423"/>
</kw>
<kw name="Log" owner="BuiltIn">
<msg time="2024-03-28T21:13:08.477193" level="INFO">password</msg>
<arg>${keyTwo}</arg>
<doc>Logs the given message with the given level.</doc>
<status status="PASS" start="2024-03-28T21:13:08.477065" elapsed="0.000167"/>
</kw>
<var name="${keyTwo}">password</var>
<status status="PASS" start="2024-03-28T21:13:08.475500" elapsed="0.001951"/>
</iter>
<var>${keyTwo}</var>
<value>@{expected_keysTwo}</value>
<status status="PASS" start="2024-03-28T21:13:08.473231" elapsed="0.004342"/>
</for>
<status status="PASS" start="2024-03-28T21:13:08.219105" elapsed="0.258614"/>
</kw>
<doc>Testa a estrutura da resposta da API.</doc>
<tag>testeEstruturaResposta</tag>
<status status="PASS" start="2024-03-28T21:13:08.218437" elapsed="0.259449"/>
</test>
<test id="s1-s1-t4" name="Validar tipos de dados" line="28">
<kw name="Teste de Tipos de Dados" owner="random-user-service">
<kw name="GET On Session" owner="RequestsLibrary">
<msg time="2024-03-28T21:13:08.516963" level="INFO">GET Request : url=https://randomuser.me/api 
 path_url=/api 
 headers={'User-Agent': 'python-requests/2.31.0', 'Accept-Encoding': 'gzip, deflate', 'Accept': '*/*', 'Connection': 'keep-alive'} 
 body=None 
 </msg>
<msg time="2024-03-28T21:13:08.517064" level="INFO">GET Response : url=https://randomuser.me/api 
 status=200, reason=OK 
 headers={'Date': 'Thu, 28 Mar 2024 21:13:08 GMT', 'Content-Type': 'application/json; charset=utf-8', 'Transfer-Encoding': 'chunked', 'Connection': 'keep-alive', 'X-Powered-By': 'Express', 'Access-Control-Allow-Origin': '*', 'Cache-Control': 'no-cache', 'ETag': 'W/"47c-urdrs/G89kkPU4Ml1Qa0c1n68bw"', 'Vary': 'Accept-Encoding', 'Content-Encoding': 'gzip', 'CF-Cache-Status': 'DYNAMIC', 'Report-To': '{"endpoints":[{"url":"https:\\/\\/a.nel.cloudflare.com\\/report\\/v4?s=FPwfLuiw6N%2FHHeskvnR0ww2yfnKzehgP8buUnj0vw%2Bz4rhLDc%2BuRZkFVJobV1duIVgHiCaggBYmb1I%2Bm2Ckzs629ZSgdRdYZrgddzKj%2BOpI4%2Bc%2FziPLIoXaZfa2Cyo9n"}],"group":"cf-nel","max_age":604800}', 'NEL': '{"success_fraction":0,"report_to":"cf-nel","max_age":604800}', 'Server': 'cloudflare', 'CF-RAY': '86ba9f53ffc88274-IAD', 'alt-svc': 'h3=":443"; ma=86400'} 
 body={"results":[{"gender":"male","name":{"title":"Mr","first":"Gustav","last":"Poulsen"},"location":{"street":{"number":3870,"name":"Ringvej"},"city":"Viby Sj.","state":"Syddanmark","country":"Denmark","postcode":66100,"coordinates":{"latitude":"-39.1559","longitude":"-138.1857"},"timezone":{"offset":"-8:00","description":"Pacific Time (US &amp; Canada)"}},"email":"gustav.poulsen@example.com","login":{"uuid":"5c26aff9-4d73-4edc-9fa6-feb948553e3b","username":"purplegorilla961","password":"zxcvb","salt":"rYEm42Yw","md5":"0b7783cca19628d023ad83a9dc2afd68","sha1":"3d5b79264585b6bd85360ca1575a2e8bec88f846","sha256":"575dab68edec9021c4d3c57fd75d7783e67d486458192ce29cdf084d40b7febe"},"dob":{"date":"1997-07-04T08:34:41.131Z","age":26},"registered":{"date":"2016-11-14T13:42:56.590Z","age":7},"phone":"25332827","cell":"39901816","id":{"name":"CPR","value":"040797-1403"},"picture":{"large":"https://randomuser.me/api/portraits/men/58.jpg","medium":"https://randomuser.me/api/portraits/med/men/58.jpg","thumbnail":"https://randomuser.me/api/portraits/thumb/men/58.jpg"},"nat":"DK"}],"info":{"seed":"420c6561b55e66d5","results":1,"page":1,"version":"1.4"}} 
 </msg>
<msg time="2024-03-28T21:13:08.517136" level="INFO">/opt/hostedtoolcache/Python/3.12.2/x64/lib/python3.12/site-packages/urllib3/connectionpool.py:1103: InsecureRequestWarning: Unverified HTTPS request is being made to host 'randomuser.me'. Adding certificate verification is strongly advised. See: https://urllib3.readthedocs.io/en/latest/advanced-usage.html#tls-warnings
  warnings.warn(</msg>
<msg time="2024-03-28T21:13:08.517257" level="INFO">${response} = &lt;Response [200]&gt;</msg>
<var>${response}</var>
<arg>consultarAPI</arg>
<arg>/api</arg>
<doc>Sends a GET request on a previously created HTTP Session.</doc>
<status status="PASS" start="2024-03-28T21:13:08.480413" elapsed="0.036873"/>
</kw>
<kw name="Set Variable" owner="BuiltIn">
<msg time="2024-03-28T21:13:08.518388" level="INFO">${json_data} = {'results': [{'gender': 'male', 'name': {'title': 'Mr', 'first': 'Gustav', 'last': 'Poulsen'}, 'location': {'street': {'number': 3870, 'name': 'Ringvej'}, 'city': 'Viby Sj.', 'state': 'Syddanmark', 'c...</msg>
<var>${json_data}</var>
<arg>${response.json()}</arg>
<doc>Returns the given values which can then be assigned to a variables.</doc>
<status status="PASS" start="2024-03-28T21:13:08.517850" elapsed="0.000567"/>
</kw>
<kw name="Log" owner="BuiltIn">
<msg time="2024-03-28T21:13:08.518900" level="INFO">{'results': [{'gender': 'male', 'name': {'title': 'Mr', 'first': 'Gustav', 'last': 'Poulsen'}, 'location': {'street': {'number': 3870, 'name': 'Ringvej'}, 'city': 'Viby Sj.', 'state': 'Syddanmark', 'country': 'Denmark', 'postcode': 66100, 'coordinates': {'latitude': '-39.1559', 'longitude': '-138.1857'}, 'timezone': {'offset': '-8:00', 'description': 'Pacific Time (US &amp; Canada)'}}, 'email': 'gustav.poulsen@example.com', 'login': {'uuid': '5c26aff9-4d73-4edc-9fa6-feb948553e3b', 'username': 'purplegorilla961', 'password': 'zxcvb', 'salt': 'rYEm42Yw', 'md5': '0b7783cca19628d023ad83a9dc2afd68', 'sha1': '3d5b79264585b6bd85360ca1575a2e8bec88f846', 'sha256': '575dab68edec9021c4d3c57fd75d7783e67d486458192ce29cdf084d40b7febe'}, 'dob': {'date': '1997-07-04T08:34:41.131Z', 'age': 26}, 'registered': {'date': '2016-11-14T13:42:56.590Z', 'age': 7}, 'phone': '25332827', 'cell': '39901816', 'id': {'name': 'CPR', 'value': '040797-1403'}, 'picture': {'large': 'https://randomuser.me/api/portraits/men/58.jpg', 'medium': 'https://randomuser.me/api/portraits/med/men/58.jpg', 'thumbnail': 'https://randomuser.me/api/portraits/thumb/men/58.jpg'}, 'nat': 'DK'}], 'info': {'seed': '420c6561b55e66d5', 'results': 1, 'page': 1, 'version': '1.4'}}</msg>
<arg>${json_data}</arg>
<doc>Logs the given message with the given level.</doc>
<status status="PASS" start="2024-03-28T21:13:08.518739" elapsed="0.000250"/>
</kw>
<kw name="Should Be String" owner="String">
<arg>${json_data['results'][0]['gender']}</arg>
<doc>Fails if the given ``item`` is not a string.</doc>
<status status="PASS" start="2024-03-28T21:13:08.519292" elapsed="0.000426"/>
</kw>
<kw name="Should Match Regexp" owner="BuiltIn">
<arg>${json_data['results'][0]['email']}</arg>
<arg>^[a-zA-Z0-9._%+-]+@[a-zA-Z0-9.-]+\.[a-zA-Z]{2,}$</arg>
<doc>Fails if ``string`` does not match ``pattern`` as a regular expression.</doc>
<status status="PASS" start="2024-03-28T21:13:08.519926" elapsed="0.000528"/>
</kw>
<kw name="Should Match Regexp" owner="BuiltIn">
<arg>${json_data['results'][0]['dob']['date']}</arg>
<arg>\\d{4}-\\d{2}-\\d{2}T\\d{2}:\\d{2}:\\d{2}\\.\\d{3}Z</arg>
<doc>Fails if ``string`` does not match ``pattern`` as a regular expression.</doc>
<status status="PASS" start="2024-03-28T21:13:08.520650" elapsed="0.000493"/>
</kw>
<kw name="Should Match Regexp" owner="BuiltIn">
<arg>${json_data['results'][0]['registered']['date']}</arg>
<arg>\\d{4}-\\d{2}-\\d{2}T\\d{2}:\\d{2}:\\d{2}\\.\\d{3}Z</arg>
<doc>Fails if ``string`` does not match ``pattern`` as a regular expression.</doc>
<status status="PASS" start="2024-03-28T21:13:08.521336" elapsed="0.000368"/>
</kw>
<kw name="Should Match Regexp" owner="BuiltIn">
<arg>${json_data['results'][0]['picture']['large']}</arg>
<arg>^https?://.*\.(?:png|jpe?g|gif|bmp)$</arg>
<doc>Fails if ``string`` does not match ``pattern`` as a regular expression.</doc>
<status status="PASS" start="2024-03-28T21:13:08.521891" elapsed="0.000464"/>
</kw>
<kw name="Should Match Regexp" owner="BuiltIn">
<arg>${json_data['results'][0]['picture']['medium']}</arg>
<arg>^https?://.*\.(?:png|jpe?g|gif|bmp)$</arg>
<doc>Fails if ``string`` does not match ``pattern`` as a regular expression.</doc>
<status status="PASS" start="2024-03-28T21:13:08.522544" elapsed="0.000359"/>
</kw>
<kw name="Should Match Regexp" owner="BuiltIn">
<arg>${json_data['results'][0]['picture']['thumbnail']}</arg>
<arg>^https?://.*\.(?:png|jpe?g|gif|bmp)$</arg>
<doc>Fails if ``string`` does not match ``pattern`` as a regular expression.</doc>
<status status="PASS" start="2024-03-28T21:13:08.523084" elapsed="0.000347"/>
</kw>
<kw name="Log" owner="BuiltIn">
<msg time="2024-03-28T21:13:08.523963" level="INFO">{'large': 'https://randomuser.me/api/portraits/men/58.jpg', 'medium': 'https://randomuser.me/api/portraits/med/men/58.jpg', 'thumbnail': 'https://randomuser.me/api/portraits/thumb/men/58.jpg'}</msg>
<arg>${json_data['results'][0]['picture']}</arg>
<doc>Logs the given message with the given level.</doc>
<status status="PASS" start="2024-03-28T21:13:08.523612" elapsed="0.000399"/>
</kw>
<status status="PASS" start="2024-03-28T21:13:08.480181" elapsed="0.044091"/>
</kw>
<kw name="Teste de Tipos de Dados - Postcode" owner="random-user-service">
<kw name="GET On Session" owner="RequestsLibrary">
<msg time="2024-03-28T21:13:08.618265" level="INFO">GET Request : url=https://randomuser.me/api 
 path_url=/api 
 headers={'User-Agent': 'python-requests/2.31.0', 'Accept-Encoding': 'gzip, deflate', 'Accept': '*/*', 'Connection': 'keep-alive'} 
 body=None 
 </msg>
<msg time="2024-03-28T21:13:08.618368" level="INFO">GET Response : url=https://randomuser.me/api 
 status=200, reason=OK 
 headers={'Date': 'Thu, 28 Mar 2024 21:13:08 GMT', 'Content-Type': 'application/json; charset=utf-8', 'Transfer-Encoding': 'chunked', 'Connection': 'keep-alive', 'X-Powered-By': 'Express', 'Access-Control-Allow-Origin': '*', 'Cache-Control': 'no-cache', 'ETag': 'W/"4a6-j8QCm+KZVAzoA5AVqwlVP6kCoeo"', 'Vary': 'Accept-Encoding', 'Content-Encoding': 'gzip', 'CF-Cache-Status': 'DYNAMIC', 'Report-To': '{"endpoints":[{"url":"https:\\/\\/a.nel.cloudflare.com\\/report\\/v4?s=mD6Adk5qht4AKaNBCnE5%2BQHJ6IupS%2B%2BPA2fvo9lVEkerC79rZLfHAhiT1JPqvHS3O6cfyRCzJr%2BBMyLTDO%2BANRGx9pu5A93ue%2FuLIYKCZRou24bJb5EPxetO3F4yhbkE"}],"group":"cf-nel","max_age":604800}', 'NEL': '{"success_fraction":0,"report_to":"cf-nel","max_age":604800}', 'Server': 'cloudflare', 'CF-RAY': '86ba9f5448288274-IAD', 'alt-svc': 'h3=":443"; ma=86400'} 
 body={"results":[{"gender":"female","name":{"title":"Miss","first":"Gwendolyn","last":"Rivera"},"location":{"street":{"number":181,"name":"W Belt Line Rd"},"city":"Thornton","state":"Virginia","country":"United States","postcode":71364,"coordinates":{"latitude":"82.5097","longitude":"0.5203"},"timezone":{"offset":"+8:00","description":"Beijing, Perth, Singapore, Hong Kong"}},"email":"gwendolyn.rivera@example.com","login":{"uuid":"5c0d0dee-af6d-43b1-b6be-b91fdc8d6c63","username":"whitepanda653","password":"r2d2c3po","salt":"8yYpUfnA","md5":"307a075ffe11b3152db55aff80812df1","sha1":"d0ffd60b3dc2091d5f02762748725c9fcdc7d2a0","sha256":"e6db686d887a0910421bddea0edf05fde40cd46fe924b976de23761e7e53ec00"},"dob":{"date":"1948-11-28T19:41:19.206Z","age":75},"registered":{"date":"2021-04-08T01:40:12.151Z","age":2},"phone":"(858) 574-2882","cell":"(787) 937-7593","id":{"name":"SSN","value":"235-65-3650"},"picture":{"large":"https://randomuser.me/api/portraits/women/79.jpg","medium":"https://randomuser.me/api/portraits/med/women/79.jpg","thumbnail":"https://randomuser.me/api/portraits/thumb/women/79.jpg"},"nat":"US"}],"info":{"seed":"6d03bcfa213225b7","results":1,"page":1,"version":"1.4"}} 
 </msg>
<msg time="2024-03-28T21:13:08.618457" level="INFO">/opt/hostedtoolcache/Python/3.12.2/x64/lib/python3.12/site-packages/urllib3/connectionpool.py:1103: InsecureRequestWarning: Unverified HTTPS request is being made to host 'randomuser.me'. Adding certificate verification is strongly advised. See: https://urllib3.readthedocs.io/en/latest/advanced-usage.html#tls-warnings
  warnings.warn(</msg>
<msg time="2024-03-28T21:13:08.618588" level="INFO">${response} = &lt;Response [200]&gt;</msg>
<var>${response}</var>
<arg>consultarAPI</arg>
<arg>/api</arg>
<doc>Sends a GET request on a previously created HTTP Session.</doc>
<status status="PASS" start="2024-03-28T21:13:08.524896" elapsed="0.093732"/>
</kw>
<kw name="Set Variable" owner="BuiltIn">
<msg time="2024-03-28T21:13:08.619933" level="INFO">${json_data} = {'results': [{'gender': 'female', 'name': {'title': 'Miss', 'first': 'Gwendolyn', 'last': 'Rivera'}, 'location': {'street': {'number': 181, 'name': 'W Belt Line Rd'}, 'city': 'Thornton', 'state': 'Vir...</msg>
<var>${json_data}</var>
<arg>${response.json()}</arg>
<doc>Returns the given values which can then be assigned to a variables.</doc>
<status status="PASS" start="2024-03-28T21:13:08.619309" elapsed="0.000653"/>
</kw>
<kw name="Log" owner="BuiltIn">
<msg time="2024-03-28T21:13:08.620433" level="INFO">{'results': [{'gender': 'female', 'name': {'title': 'Miss', 'first': 'Gwendolyn', 'last': 'Rivera'}, 'location': {'street': {'number': 181, 'name': 'W Belt Line Rd'}, 'city': 'Thornton', 'state': 'Virginia', 'country': 'United States', 'postcode': 71364, 'coordinates': {'latitude': '82.5097', 'longitude': '0.5203'}, 'timezone': {'offset': '+8:00', 'description': 'Beijing, Perth, Singapore, Hong Kong'}}, 'email': 'gwendolyn.rivera@example.com', 'login': {'uuid': '5c0d0dee-af6d-43b1-b6be-b91fdc8d6c63', 'username': 'whitepanda653', 'password': 'r2d2c3po', 'salt': '8yYpUfnA', 'md5': '307a075ffe11b3152db55aff80812df1', 'sha1': 'd0ffd60b3dc2091d5f02762748725c9fcdc7d2a0', 'sha256': 'e6db686d887a0910421bddea0edf05fde40cd46fe924b976de23761e7e53ec00'}, 'dob': {'date': '1948-11-28T19:41:19.206Z', 'age': 75}, 'registered': {'date': '2021-04-08T01:40:12.151Z', 'age': 2}, 'phone': '(858) 574-2882', 'cell': '(787) 937-7593', 'id': {'name': 'SSN', 'value': '235-65-3650'}, 'picture': {'large': 'https://randomuser.me/api/portraits/women/79.jpg', 'medium': 'https://randomuser.me/api/portraits/med/women/79.jpg', 'thumbnail': 'https://randomuser.me/api/portraits/thumb/women/79.jpg'}, 'nat': 'US'}], 'info': {'seed': '6d03bcfa213225b7', 'results': 1, 'page': 1, 'version': '1.4'}}</msg>
<arg>${json_data}</arg>
<doc>Logs the given message with the given level.</doc>
<status status="PASS" start="2024-03-28T21:13:08.620277" elapsed="0.000246"/>
</kw>
<kw name="Should Be Equal As Numbers" owner="BuiltIn">
<arg>${json_data['results'][0]['location']['postcode']}</arg>
<arg>${json_data['results'][0]['location']['postcode']}</arg>
<doc>Fails if objects are unequal after converting them to real numbers.</doc>
<status status="PASS" start="2024-03-28T21:13:08.620829" elapsed="0.000634"/>
</kw>
<kw name="Log" owner="BuiltIn">
<msg time="2024-03-28T21:13:08.621991" level="INFO">71364</msg>
<arg>${json_data['results'][0]['location']['postcode']}</arg>
<doc>Logs the given message with the given level.</doc>
<status status="PASS" start="2024-03-28T21:13:08.621655" elapsed="0.000377"/>
</kw>
<status status="PASS" start="2024-03-28T21:13:08.524508" elapsed="0.097783"/>
</kw>
<doc>Testa se os tipos de dados na resposta da API estão corretos.</doc>
<tag>testeTiposDados</tag>
<status status="PASS" start="2024-03-28T21:13:08.479707" elapsed="0.142757"/>
</test>
<test id="s1-s1-t5" name="Validar conteudo" line="35">
<kw name="Teste de Tipos de Conteudo" owner="random-user-service">
<kw name="GET On Session" owner="RequestsLibrary">
<msg time="2024-03-28T21:13:08.715129" level="INFO">GET Request : url=https://randomuser.me/api 
 path_url=/api 
 headers={'User-Agent': 'python-requests/2.31.0', 'Accept-Encoding': 'gzip, deflate', 'Accept': '*/*', 'Connection': 'keep-alive'} 
 body=None 
 </msg>
<msg time="2024-03-28T21:13:08.715242" level="INFO">GET Response : url=https://randomuser.me/api 
 status=200, reason=OK 
 headers={'Date': 'Thu, 28 Mar 2024 21:13:08 GMT', 'Content-Type': 'application/json; charset=utf-8', 'Transfer-Encoding': 'chunked', 'Connection': 'keep-alive', 'X-Powered-By': 'Express', 'Access-Control-Allow-Origin': '*', 'Cache-Control': 'no-cache', 'ETag': 'W/"47e-SGNyE65GMn1HV8WIDNJ0y2pzbso"', 'Vary': 'Accept-Encoding', 'Content-Encoding': 'gzip', 'CF-Cache-Status': 'DYNAMIC', 'Report-To': '{"endpoints":[{"url":"https:\\/\\/a.nel.cloudflare.com\\/report\\/v4?s=O7jV4sX0H7PNfllnCM3O3DYtDUiXkiMLy%2FqtXl%2Bq8BYvYpj9pzQZhJp3YPyMKaNJMSZIT0MKvZ6v2TjSZW2j5olNmFcDRZ2MXmx%2B2CC%2FopEp0FLze5SISt3R3teiHHa5"}],"group":"cf-nel","max_age":604800}', 'NEL': '{"success_fraction":0,"report_to":"cf-nel","max_age":604800}', 'Server': 'cloudflare', 'CF-RAY': '86ba9f54e9358274-IAD', 'alt-svc': 'h3=":443"; ma=86400'} 
 body={"results":[{"gender":"male","name":{"title":"Mr","first":"Marin","last":"Bourgeois"},"location":{"street":{"number":9975,"name":"Rue Barrier"},"city":"Dijon","state":"Var","country":"France","postcode":88885,"coordinates":{"latitude":"-19.5680","longitude":"-83.9941"},"timezone":{"offset":"+9:30","description":"Adelaide, Darwin"}},"email":"marin.bourgeois@example.com","login":{"uuid":"91ef64fe-8903-4130-b378-d438c3dfc386","username":"heavylion838","password":"calgary","salt":"HMblgodR","md5":"e0e85d995b557b32b00f16edaf78373a","sha1":"61ac0484541c5989b84a0988f6ce4780014379d9","sha256":"3c3c063be3fdbbe291eba86abf686207dfe987d359e90a80ac894c74cc283715"},"dob":{"date":"1960-03-25T11:58:28.219Z","age":64},"registered":{"date":"2006-12-31T08:29:53.957Z","age":17},"phone":"04-28-98-15-47","cell":"06-65-08-77-94","id":{"name":"INSEE","value":"1600289910842 59"},"picture":{"large":"https://randomuser.me/api/portraits/men/50.jpg","medium":"https://randomuser.me/api/portraits/med/men/50.jpg","thumbnail":"https://randomuser.me/api/portraits/thumb/men/50.jpg"},"nat":"FR"}],"info":{"seed":"1ccfaffad4abe624","results":1,"page":1,"version":"1.4"}} 
 </msg>
<msg time="2024-03-28T21:13:08.715319" level="INFO">/opt/hostedtoolcache/Python/3.12.2/x64/lib/python3.12/site-packages/urllib3/connectionpool.py:1103: InsecureRequestWarning: Unverified HTTPS request is being made to host 'randomuser.me'. Adding certificate verification is strongly advised. See: https://urllib3.readthedocs.io/en/latest/advanced-usage.html#tls-warnings
  warnings.warn(</msg>
<msg time="2024-03-28T21:13:08.715455" level="INFO">${response} = &lt;Response [200]&gt;</msg>
<var>${response}</var>
<arg>consultarAPI</arg>
<arg>/api</arg>
<doc>Sends a GET request on a previously created HTTP Session.</doc>
<status status="PASS" start="2024-03-28T21:13:08.625416" elapsed="0.090077"/>
</kw>
<kw name="Set Variable" owner="BuiltIn">
<msg time="2024-03-28T21:13:08.716737" level="INFO">${json_data} = {'results': [{'gender': 'male', 'name': {'title': 'Mr', 'first': 'Marin', 'last': 'Bourgeois'}, 'location': {'street': {'number': 9975, 'name': 'Rue Barrier'}, 'city': 'Dijon', 'state': 'Var', 'countr...</msg>
<var>${json_data}</var>
<arg>${response.json()}</arg>
<doc>Returns the given values which can then be assigned to a variables.</doc>
<status status="PASS" start="2024-03-28T21:13:08.716181" elapsed="0.000584"/>
</kw>
<kw name="Set Variable" owner="BuiltIn">
<msg time="2024-03-28T21:13:08.717458" level="INFO">${name_title} = Mr</msg>
<var>${name_title}</var>
<arg>${json_data["results"][0]["name"]["title"]}</arg>
<doc>Returns the given values which can then be assigned to a variables.</doc>
<status status="PASS" start="2024-03-28T21:13:08.717072" elapsed="0.000411"/>
</kw>
<kw name="Create List" owner="BuiltIn">
<msg time="2024-03-28T21:13:08.717936" level="INFO">${allowed_titles} = ['Mr', 'Ms', 'Miss', 'Mrs', 'Madame', 'Monsieur']</msg>
<var>${allowed_titles}</var>
<arg>Mr</arg>
<arg>Ms</arg>
<arg>Miss</arg>
<arg>Mrs</arg>
<arg>Madame</arg>
<arg>Monsieur</arg>
<doc>Returns a list containing given items.</doc>
<status status="PASS" start="2024-03-28T21:13:08.717785" elapsed="0.000176"/>
</kw>
<kw name="List Should Contain Value" owner="Collections">
<msg time="2024-03-28T21:13:08.718442" level="INFO">False</msg>
<arg>${allowed_titles}</arg>
<arg>${name_title}</arg>
<doc>Fails if the ``value`` is not found from ``list``.</doc>
<status status="PASS" start="2024-03-28T21:13:08.718266" elapsed="0.000214"/>
</kw>
<kw name="Set Variable" owner="BuiltIn">
<msg time="2024-03-28T21:13:08.719149" level="INFO">${name_country} = FR</msg>
<var>${name_country}</var>
<arg>${json_data["results"][0]["nat"]}</arg>
<doc>Returns the given values which can then be assigned to a variables.</doc>
<status status="PASS" start="2024-03-28T21:13:08.718772" elapsed="0.000403"/>
</kw>
<kw name="Create List" owner="BuiltIn">
<msg time="2024-03-28T21:13:08.720124" level="INFO">${list_country} = ['AD', 'AE', 'AF', 'AG', 'AI', 'AL', 'AM', 'AO', 'AQ', 'AR', 'AS', 'AT', 'AU', 'AW', 'AX', 'AZ', 'BA', 'BB', 'BD', 'BE', 'BF', 'BG', 'BH', 'BI', 'BJ', 'BL', 'BM', 'BN', 'BO', 'BQ', 'BR', 'BS', 'BT', '...</msg>
<var>${list_country}</var>
<arg>AD</arg>
<arg>AE</arg>
<arg>AF</arg>
<arg>AG</arg>
<arg>AI</arg>
<arg>AL</arg>
<arg>AM</arg>
<arg>AO</arg>
<arg>AQ</arg>
<arg>AR</arg>
<arg>AS</arg>
<arg>AT</arg>
<arg>AU</arg>
<arg>AW</arg>
<arg>AX</arg>
<arg>AZ</arg>
<arg>BA</arg>
<arg>BB</arg>
<arg>BD</arg>
<arg>BE</arg>
<arg>BF</arg>
<arg>BG</arg>
<arg>BH</arg>
<arg>BI</arg>
<arg>BJ</arg>
<arg>BL</arg>
<arg>BM</arg>
<arg>BN</arg>
<arg>BO</arg>
<arg>BQ</arg>
<arg>BR</arg>
<arg>BS</arg>
<arg>BT</arg>
<arg>BV</arg>
<arg>BW</arg>
<arg>BY</arg>
<arg>BZ</arg>
<arg>CA</arg>
<arg>CC</arg>
<arg>CD</arg>
<arg>CF</arg>
<arg>CG</arg>
<arg>CH</arg>
<arg>CI</arg>
<arg>CK</arg>
<arg>CL</arg>
<arg>CM</arg>
<arg>CN</arg>
<arg>CO</arg>
<arg>CR</arg>
<arg>CU</arg>
<arg>CV</arg>
<arg>CW</arg>
<arg>CX</arg>
<arg>CY</arg>
<arg>CZ</arg>
<arg>DE</arg>
<arg>DJ</arg>
<arg>DK</arg>
<arg>DM</arg>
<arg>DO</arg>
<arg>DZ</arg>
<arg>EC</arg>
<arg>EE</arg>
<arg>EG</arg>
<arg>EH</arg>
<arg>ER</arg>
<arg>ES</arg>
<arg>ET</arg>
<arg>FI</arg>
<arg>FJ</arg>
<arg>FK</arg>
<arg>FM</arg>
<arg>FO</arg>
<arg>FR</arg>
<arg>GA</arg>
<arg>GB</arg>
<arg>GD</arg>
<arg>GE</arg>
<arg>GF</arg>
<arg>GG</arg>
<arg>GH</arg>
<arg>GI</arg>
<arg>GL</arg>
<arg>GM</arg>
<arg>GN</arg>
<arg>GP</arg>
<arg>GQ</arg>
<arg>GR</arg>
<arg>GS</arg>
<arg>GT</arg>
<arg>GU</arg>
<arg>GW</arg>
<arg>GY</arg>
<arg>HK</arg>
<arg>HM</arg>
<arg>HN</arg>
<arg>HR</arg>
<arg>HT</arg>
<arg>HU</arg>
<arg>ID</arg>
<arg>IE</arg>
<arg>IL</arg>
<arg>IM</arg>
<arg>IN</arg>
<arg>IO</arg>
<arg>IQ</arg>
<arg>IR</arg>
<arg>IS</arg>
<arg>IT</arg>
<arg>JE</arg>
<arg>JM</arg>
<arg>JO</arg>
<arg>JP</arg>
<arg>KE</arg>
<arg>KG</arg>
<arg>KH</arg>
<arg>KI</arg>
<arg>KM</arg>
<arg>KN</arg>
<arg>KP</arg>
<arg>KR</arg>
<arg>KW</arg>
<arg>KY</arg>
<arg>KZ</arg>
<arg>LA</arg>
<arg>LB</arg>
<arg>LC</arg>
<arg>LI</arg>
<arg>LK</arg>
<arg>LR</arg>
<arg>LS</arg>
<arg>LT</arg>
<arg>LU</arg>
<arg>LV</arg>
<arg>LY</arg>
<arg>MA</arg>
<arg>MC</arg>
<arg>MD</arg>
<arg>ME</arg>
<arg>MF</arg>
<arg>MG</arg>
<arg>MH</arg>
<arg>MK</arg>
<arg>ML</arg>
<arg>MM</arg>
<arg>MN</arg>
<arg>MO</arg>
<arg>MP</arg>
<arg>MQ</arg>
<arg>MR</arg>
<arg>MS</arg>
<arg>MT</arg>
<arg>MU</arg>
<arg>MV</arg>
<arg>MW</arg>
<arg>MX</arg>
<arg>MY</arg>
<arg>MZ</arg>
<arg>NA</arg>
<arg>NC</arg>
<arg>NE</arg>
<arg>NF</arg>
<arg>NG</arg>
<arg>NI</arg>
<arg>NL</arg>
<arg>NO</arg>
<arg>NP</arg>
<arg>NR</arg>
<arg>NU</arg>
<arg>NZ</arg>
<arg>OM</arg>
<arg>PA</arg>
<arg>PE</arg>
<arg>PF</arg>
<arg>PG</arg>
<arg>PH</arg>
<arg>PK</arg>
<arg>PL</arg>
<arg>PM</arg>
<arg>PN</arg>
<arg>PR</arg>
<arg>PS</arg>
<arg>PT</arg>
<arg>PW</arg>
<arg>PY</arg>
<arg>QA</arg>
<arg>RE</arg>
<arg>RO</arg>
<arg>RS</arg>
<arg>RU</arg>
<arg>RW</arg>
<arg>SA</arg>
<arg>SB</arg>
<arg>SC</arg>
<arg>SD</arg>
<arg>SE</arg>
<arg>SG</arg>
<arg>SH</arg>
<arg>SI</arg>
<arg>SJ</arg>
<arg>SK</arg>
<arg>SL</arg>
<arg>SM</arg>
<arg>SN</arg>
<arg>SO</arg>
<arg>SR</arg>
<arg>SS</arg>
<arg>ST</arg>
<arg>SV</arg>
<arg>SX</arg>
<arg>SY</arg>
<arg>SZ</arg>
<arg>TC</arg>
<arg>TD</arg>
<arg>TF</arg>
<arg>TG</arg>
<arg>TH</arg>
<arg>TJ</arg>
<arg>TK</arg>
<arg>TL</arg>
<arg>TM</arg>
<arg>TN</arg>
<arg>TO</arg>
<arg>TR</arg>
<arg>TT</arg>
<arg>TV</arg>
<arg>TW</arg>
<arg>TZ</arg>
<arg>UA</arg>
<arg>UG</arg>
<arg>UM</arg>
<arg>US</arg>
<arg>UY</arg>
<arg>UZ</arg>
<arg>VA</arg>
<arg>VC</arg>
<arg>VE</arg>
<arg>VG</arg>
<arg>VI</arg>
<arg>VN</arg>
<arg>VU</arg>
<arg>WF</arg>
<arg>WS</arg>
<arg>XK</arg>
<arg>YE</arg>
<arg>YT</arg>
<arg>ZA</arg>
<arg>ZM</arg>
<arg>ZW</arg>
<doc>Returns a list containing given items.</doc>
<status status="PASS" start="2024-03-28T21:13:08.719489" elapsed="0.000662"/>
</kw>
<kw name="List Should Contain Value" owner="Collections">
<msg time="2024-03-28T21:13:08.721288" level="INFO">False</msg>
<arg>${list_country}</arg>
<arg>${name_country}</arg>
<doc>Fails if the ``value`` is not found from ``list``.</doc>
<status status="PASS" start="2024-03-28T21:13:08.721083" elapsed="0.000243"/>
</kw>
<kw name="Run Keyword If" owner="BuiltIn">
<kw name="Should Be True" owner="BuiltIn">
<arg>${True}</arg>
<doc>Fails if the given condition is not true.</doc>
<status status="PASS" start="2024-03-28T21:13:08.722405" elapsed="0.000145"/>
</kw>
<arg>${json_data["results"][0]["location"]["coordinates"]["latitude"]} &gt;= -90 and ${json_data["results"][0]["location"]["coordinates"]["latitude"]} &lt;= 90</arg>
<arg>Should Be True</arg>
<arg>${True}</arg>
<doc>Runs the given keyword with the given arguments, if ``condition`` is true.</doc>
<status status="PASS" start="2024-03-28T21:13:08.721640" elapsed="0.001039"/>
</kw>
<kw name="Run Keyword If" owner="BuiltIn">
<kw name="Should Be True" owner="BuiltIn">
<arg>${True}</arg>
<doc>Fails if the given condition is not true.</doc>
<status status="PASS" start="2024-03-28T21:13:08.723563" elapsed="0.000168"/>
</kw>
<arg>${json_data["results"][0]["location"]["coordinates"]["longitude"]} &gt;= -180 and ${json_data["results"][0]["location"]["coordinates"]["longitude"]} &lt;= 180</arg>
<arg>Should Be True</arg>
<arg>${True}</arg>
<doc>Runs the given keyword with the given arguments, if ``condition`` is true.</doc>
<status status="PASS" start="2024-03-28T21:13:08.722862" elapsed="0.001018"/>
</kw>
<status status="PASS" start="2024-03-28T21:13:08.625025" elapsed="0.098986"/>
</kw>
<doc>Testa o conteúdo específico dos campos retornados pela API.</doc>
<tag>testeConteudo</tag>
<status status="PASS" start="2024-03-28T21:13:08.624333" elapsed="0.099835"/>
</test>
<status status="PASS" start="2024-03-28T21:13:07.672123" elapsed="1.054025"/>
</suite>
<status status="PASS" start="2024-03-28T21:13:07.658567" elapsed="1.073013"/>
</suite>
<statistics>
<total>
<stat pass="5" fail="0" skip="0">All Tests</stat>
</total>
<tag>
<stat pass="1" fail="0" skip="0">testeConteudo</stat>
<stat pass="1" fail="0" skip="0">testeEstruturaResposta</stat>
<stat pass="1" fail="0" skip="0">testeRequisicaoBasica</stat>
<stat pass="1" fail="0" skip="0">testeTiposDados</stat>
</tag>
<suite>
<stat pass="5" fail="0" skip="0" id="s1" name="Tests">Tests</stat>
<stat pass="5" fail="0" skip="0" id="s1-s1" name="Random-User-Test">Tests.Random-User-Test</stat>
</suite>
</statistics>
<errors>
</errors>
</robot>
