<?xml version="1.0" encoding="UTF-8"?>
<robot generator="Robot 7.0 (Python 3.12.3 on linux)" generated="2024-04-26T17:14:17.714117" rpa="false" schemaversion="5">
<suite id="s1" name="Tests" source="/home/runner/work/DesafioQAItauRogerioJordao/DesafioQAItauRogerioJordao/RamdonUser/tests">
<suite id="s1-s1" name="Random-User-Test" source="/home/runner/work/DesafioQAItauRogerioJordao/DesafioQAItauRogerioJordao/RamdonUser/tests/random-user-test.robot">
<test id="s1-s1-t1" name="Conectar" line="13">
<kw name="Conectar API" owner="random-user-service">
<kw name="Create Session" owner="RequestsLibrary">
<msg time="2024-04-26T17:14:18.072262" level="INFO">Creating Session using : alias=consultarAPI, url=https://randomuser.me/, headers={},                     cookies={}, auth=None, timeout=None, proxies=None, verify=False,                     debug=0 </msg>
<arg>consultarAPI</arg>
<arg>${URL}</arg>
<doc>Create Session: create a HTTP session to a server</doc>
<status status="PASS" start="2024-04-26T17:14:18.072062" elapsed="0.000386"/>
</kw>
<status status="PASS" start="2024-04-26T17:14:18.071071" elapsed="0.001742"/>
</kw>
<status status="PASS" start="2024-04-26T17:14:18.070440" elapsed="0.002567"/>
</test>
<test id="s1-s1-t2" name="Validar retorno 200 e JSON Válido" line="16">
<kw name="Teste de Requisicao Basica" owner="random-user-service">
<kw name="GET On Session" owner="RequestsLibrary">
<msg time="2024-04-26T17:14:18.160848" level="INFO">GET Request : url=https://randomuser.me/api 
 path_url=/api 
 headers={'User-Agent': 'python-requests/2.31.0', 'Accept-Encoding': 'gzip, deflate', 'Accept': '*/*', 'Connection': 'keep-alive'} 
 body=None 
 </msg>
<msg time="2024-04-26T17:14:18.161005" level="INFO">GET Response : url=https://randomuser.me/api 
 status=200, reason=OK 
 headers={'Date': 'Fri, 26 Apr 2024 17:14:18 GMT', 'Content-Type': 'application/json; charset=utf-8', 'Transfer-Encoding': 'chunked', 'Connection': 'keep-alive', 'X-Powered-By': 'Express', 'Access-Control-Allow-Origin': '*', 'Cache-Control': 'no-cache', 'ETag': 'W/"478-uJ0Q1YHT99Li8LfEf4TAcMrVq9k"', 'Vary': 'Accept-Encoding', 'Content-Encoding': 'gzip', 'CF-Cache-Status': 'DYNAMIC', 'Report-To': '{"endpoints":[{"url":"https:\\/\\/a.nel.cloudflare.com\\/report\\/v4?s=2c%2Btre1NN6VMjFvtcEZ63KH3esL5kZpnllSz4BIdc%2BMGOjH62uRnhy6KWvZSUL9s2JWIy4qD%2F5Aff9DM6hkNxfn%2Bvvr2teeEJ1%2Bizwxqwy35t3zRXQBkxkyNmELs7jN7"}],"group":"cf-nel","max_age":604800}', 'NEL': '{"success_fraction":0,"report_to":"cf-nel","max_age":604800}', 'Server': 'cloudflare', 'CF-RAY': '87a8355738810a0f-IAD', 'alt-svc': 'h3=":443"; ma=86400'} 
 body={"results":[{"gender":"male","name":{"title":"Mr","first":"Sander","last":"Petersen"},"location":{"street":{"number":8484,"name":"Bakkevænget"},"city":"Nykøbing F","state":"Nordjylland","country":"Denmark","postcode":11316,"coordinates":{"latitude":"-43.8407","longitude":"-144.8937"},"timezone":{"offset":"-9:00","description":"Alaska"}},"email":"sander.petersen@example.com","login":{"uuid":"cc1d0880-d5e2-4224-8e96-7eb28ff57048","username":"purplegorilla541","password":"techniques","salt":"Yw3kjlqs","md5":"178de4ffe37a876d0aa9413db379219a","sha1":"da09f6befd6314f1cfc64df7945c2ee8ef9b66ac","sha256":"ab5f9631ba8da73de57616b7c32b8aae8c68a4c3e2da5b4d61e66ea13848b540"},"dob":{"date":"1994-10-23T01:19:26.259Z","age":29},"registered":{"date":"2017-01-31T03:10:18.262Z","age":7},"phone":"59934025","cell":"05081666","id":{"name":"CPR","value":"221094-5436"},"picture":{"large":"https://randomuser.me/api/portraits/men/13.jpg","medium":"https://randomuser.me/api/portraits/med/men/13.jpg","thumbnail":"https://randomuser.me/api/portraits/thumb/men/13.jpg"},"nat":"DK"}],"info":{"seed":"190853e69061e463","results":1,"page":1,"version":"1.4"}} 
 </msg>
<msg time="2024-04-26T17:14:18.161106" level="INFO">/opt/hostedtoolcache/Python/3.12.3/x64/lib/python3.12/site-packages/urllib3/connectionpool.py:1103: InsecureRequestWarning: Unverified HTTPS request is being made to host 'randomuser.me'. Adding certificate verification is strongly advised. See: https://urllib3.readthedocs.io/en/latest/advanced-usage.html#tls-warnings
  warnings.warn(</msg>
<msg time="2024-04-26T17:14:18.161253" level="INFO">${response} = &lt;Response [200]&gt;</msg>
<var>${response}</var>
<arg>consultarAPI</arg>
<arg>/api</arg>
<doc>Sends a GET request on a previously created HTTP Session.</doc>
<status status="PASS" start="2024-04-26T17:14:18.075684" elapsed="0.085613"/>
</kw>
<kw name="Should Be Equal As Numbers" owner="BuiltIn">
<msg time="2024-04-26T17:14:18.162440" level="INFO">Argument types are:
&lt;class 'int'&gt;
&lt;class 'str'&gt;</msg>
<arg>${response.status_code}</arg>
<arg>200</arg>
<doc>Fails if objects are unequal after converting them to real numbers.</doc>
<status status="PASS" start="2024-04-26T17:14:18.161943" elapsed="0.000568"/>
</kw>
<kw name="Log" owner="BuiltIn">
<msg time="2024-04-26T17:14:18.163254" level="INFO">200</msg>
<arg>${response.status_code}</arg>
<doc>Logs the given message with the given level.</doc>
<status status="PASS" start="2024-04-26T17:14:18.162906" elapsed="0.000391"/>
</kw>
<kw name="Set Variable" owner="BuiltIn">
<msg time="2024-04-26T17:14:18.164050" level="INFO">${json_data} = {'results': [{'gender': 'male', 'name': {'title': 'Mr', 'first': 'Sander', 'last': 'Petersen'}, 'location': {'street': {'number': 8484, 'name': 'Bakkevænget'}, 'city': 'Nykøbing F', 'state': 'Nordjyll...</msg>
<var>${json_data}</var>
<arg>${response.json()}</arg>
<doc>Returns the given values which can then be assigned to a variables.</doc>
<status status="PASS" start="2024-04-26T17:14:18.163603" elapsed="0.000477"/>
</kw>
<kw name="Dictionary Should Contain Key" owner="Collections">
<msg time="2024-04-26T17:14:18.164579" level="INFO">False</msg>
<arg>${json_data}</arg>
<arg>results</arg>
<doc>Fails if ``key`` is not found from ``dictionary``.</doc>
<status status="PASS" start="2024-04-26T17:14:18.164384" elapsed="0.000235"/>
</kw>
<status status="PASS" start="2024-04-26T17:14:18.075440" elapsed="0.089445"/>
</kw>
<doc>Testa se a API responde corretamente e retorna um objeto JSON válido.</doc>
<tag>testeRequisicaoBasica</tag>
<status status="PASS" start="2024-04-26T17:14:18.074961" elapsed="0.090110"/>
</test>
<test id="s1-s1-t3" name="Validar estrutura de resposta" line="22">
<kw name="Teste de Estrutura de Resposta" owner="random-user-service">
<kw name="GET On Session" owner="RequestsLibrary">
<msg time="2024-04-26T17:14:18.257716" level="INFO">GET Request : url=https://randomuser.me/api 
 path_url=/api 
 headers={'User-Agent': 'python-requests/2.31.0', 'Accept-Encoding': 'gzip, deflate', 'Accept': '*/*', 'Connection': 'keep-alive'} 
 body=None 
 </msg>
<msg time="2024-04-26T17:14:18.257801" level="INFO">GET Response : url=https://randomuser.me/api 
 status=200, reason=OK 
 headers={'Date': 'Fri, 26 Apr 2024 17:14:18 GMT', 'Content-Type': 'application/json; charset=utf-8', 'Transfer-Encoding': 'chunked', 'Connection': 'keep-alive', 'X-Powered-By': 'Express', 'Access-Control-Allow-Origin': '*', 'Cache-Control': 'no-cache', 'ETag': 'W/"48c-aFvN0BkJzIFa6BSX6zZfoJjykEA"', 'Vary': 'Accept-Encoding', 'Content-Encoding': 'gzip', 'CF-Cache-Status': 'DYNAMIC', 'Report-To': '{"endpoints":[{"url":"https:\\/\\/a.nel.cloudflare.com\\/report\\/v4?s=7t9990zhC1%2BzJ5fbtT%2BlVZEqE8lHKtq8O%2BVKNlWOlYXewGtaZrWoeKf8IUDM30slMUqL%2Fb7TGv75YrEeUL1cM7k7PSYLsHun20hiKQE1UjfQp0jwilUlP6HMp%2BDugiHu"}],"group":"cf-nel","max_age":604800}', 'NEL': '{"success_fraction":0,"report_to":"cf-nel","max_age":604800}', 'Server': 'cloudflare', 'CF-RAY': '87a8355798c70a0f-IAD', 'alt-svc': 'h3=":443"; ma=86400'} 
 body={"results":[{"gender":"female","name":{"title":"Miss","first":"Rose","last":"Lowe"},"location":{"street":{"number":1628,"name":"New Road"},"city":"Truro","state":"Isle of Wight","country":"United Kingdom","postcode":"SC1 1GX","coordinates":{"latitude":"-11.8974","longitude":"73.4747"},"timezone":{"offset":"+9:30","description":"Adelaide, Darwin"}},"email":"rose.lowe@example.com","login":{"uuid":"c83e27e8-9d72-4160-8e20-cfe96aa63080","username":"beautifulpeacock988","password":"bologna","salt":"2CkgydF7","md5":"cc4f5eab3c0f804a5a41344db93d7277","sha1":"a6105361f47bdd59aa6d8ad38d8dc60ab59f4803","sha256":"97a6f4198e12d63cf39f8ece3291768b4ac953102088bec250d686fcd19003cd"},"dob":{"date":"1995-11-06T17:23:52.831Z","age":28},"registered":{"date":"2013-09-01T05:07:12.618Z","age":10},"phone":"01663 20507","cell":"07854 574011","id":{"name":"NINO","value":"RA 61 11 43 X"},"picture":{"large":"https://randomuser.me/api/portraits/women/36.jpg","medium":"https://randomuser.me/api/portraits/med/women/36.jpg","thumbnail":"https://randomuser.me/api/portraits/thumb/women/36.jpg"},"nat":"GB"}],"info":{"seed":"3c01004746ad4cb7","results":1,"page":1,"version":"1.4"}} 
 </msg>
<msg time="2024-04-26T17:14:18.257924" level="INFO">/opt/hostedtoolcache/Python/3.12.3/x64/lib/python3.12/site-packages/urllib3/connectionpool.py:1103: InsecureRequestWarning: Unverified HTTPS request is being made to host 'randomuser.me'. Adding certificate verification is strongly advised. See: https://urllib3.readthedocs.io/en/latest/advanced-usage.html#tls-warnings
  warnings.warn(</msg>
<msg time="2024-04-26T17:14:18.258047" level="INFO">${response} = &lt;Response [200]&gt;</msg>
<var>${response}</var>
<arg>consultarAPI</arg>
<arg>/api</arg>
<doc>Sends a GET request on a previously created HTTP Session.</doc>
<status status="PASS" start="2024-04-26T17:14:18.167676" elapsed="0.090423"/>
</kw>
<kw name="Set Variable" owner="BuiltIn">
<msg time="2024-04-26T17:14:18.259300" level="INFO">${json_data} = {'results': [{'gender': 'female', 'name': {'title': 'Miss', 'first': 'Rose', 'last': 'Lowe'}, 'location': {'street': {'number': 1628, 'name': 'New Road'}, 'city': 'Truro', 'state': 'Isle of Wight', 'c...</msg>
<var>${json_data}</var>
<arg>${response.json()}</arg>
<doc>Returns the given values which can then be assigned to a variables.</doc>
<status status="PASS" start="2024-04-26T17:14:18.258680" elapsed="0.000650"/>
</kw>
<kw name="Log" owner="BuiltIn">
<msg time="2024-04-26T17:14:18.259794" level="INFO">{'results': [{'gender': 'female', 'name': {'title': 'Miss', 'first': 'Rose', 'last': 'Lowe'}, 'location': {'street': {'number': 1628, 'name': 'New Road'}, 'city': 'Truro', 'state': 'Isle of Wight', 'country': 'United Kingdom', 'postcode': 'SC1 1GX', 'coordinates': {'latitude': '-11.8974', 'longitude': '73.4747'}, 'timezone': {'offset': '+9:30', 'description': 'Adelaide, Darwin'}}, 'email': 'rose.lowe@example.com', 'login': {'uuid': 'c83e27e8-9d72-4160-8e20-cfe96aa63080', 'username': 'beautifulpeacock988', 'password': 'bologna', 'salt': '2CkgydF7', 'md5': 'cc4f5eab3c0f804a5a41344db93d7277', 'sha1': 'a6105361f47bdd59aa6d8ad38d8dc60ab59f4803', 'sha256': '97a6f4198e12d63cf39f8ece3291768b4ac953102088bec250d686fcd19003cd'}, 'dob': {'date': '1995-11-06T17:23:52.831Z', 'age': 28}, 'registered': {'date': '2013-09-01T05:07:12.618Z', 'age': 10}, 'phone': '01663 20507', 'cell': '07854 574011', 'id': {'name': 'NINO', 'value': 'RA 61 11 43 X'}, 'picture': {'large': 'https://randomuser.me/api/portraits/women/36.jpg', 'medium': 'https://randomuser.me/api/portraits/med/women/36.jpg', 'thumbnail': 'https://randomuser.me/api/portraits/thumb/women/36.jpg'}, 'nat': 'GB'}], 'info': {'seed': '3c01004746ad4cb7', 'results': 1, 'page': 1, 'version': '1.4'}}</msg>
<arg>${json_data}</arg>
<doc>Logs the given message with the given level.</doc>
<status status="PASS" start="2024-04-26T17:14:18.259638" elapsed="0.000204"/>
</kw>
<kw name="Dictionary Should Contain Key" owner="Collections">
<msg time="2024-04-26T17:14:18.260294" level="INFO">False</msg>
<arg>${json_data}</arg>
<arg>results</arg>
<doc>Fails if ``key`` is not found from ``dictionary``.</doc>
<status status="PASS" start="2024-04-26T17:14:18.260137" elapsed="0.000194"/>
</kw>
<kw name="Should Not Be Empty" owner="BuiltIn">
<msg time="2024-04-26T17:14:18.260761" level="INFO">Length is 2.</msg>
<arg>${json_data}</arg>
<doc>Verifies that the given item is not empty.</doc>
<status status="PASS" start="2024-04-26T17:14:18.260632" elapsed="0.000308"/>
</kw>
<kw name="Create List" owner="BuiltIn">
<msg time="2024-04-26T17:14:18.261387" level="INFO">${expected_keys} = ['gender', 'name', 'location', 'email', 'login']</msg>
<var>${expected_keys}</var>
<arg>gender</arg>
<arg>name</arg>
<arg>location</arg>
<arg>email</arg>
<arg>login</arg>
<doc>Returns a list containing given items.</doc>
<status status="PASS" start="2024-04-26T17:14:18.261234" elapsed="0.000179"/>
</kw>
<for flavor="IN">
<iter>
<kw name="Dictionary Should Contain Key" owner="Collections">
<msg time="2024-04-26T17:14:18.262389" level="INFO">False</msg>
<arg>${json_data['results'][0]}</arg>
<arg>${key}</arg>
<doc>Fails if ``key`` is not found from ``dictionary``.</doc>
<status status="PASS" start="2024-04-26T17:14:18.261987" elapsed="0.000440"/>
</kw>
<kw name="Log" owner="BuiltIn">
<msg time="2024-04-26T17:14:18.263138" level="INFO">{'gender': 'female', 'name': {'title': 'Miss', 'first': 'Rose', 'last': 'Lowe'}, 'location': {'street': {'number': 1628, 'name': 'New Road'}, 'city': 'Truro', 'state': 'Isle of Wight', 'country': 'United Kingdom', 'postcode': 'SC1 1GX', 'coordinates': {'latitude': '-11.8974', 'longitude': '73.4747'}, 'timezone': {'offset': '+9:30', 'description': 'Adelaide, Darwin'}}, 'email': 'rose.lowe@example.com', 'login': {'uuid': 'c83e27e8-9d72-4160-8e20-cfe96aa63080', 'username': 'beautifulpeacock988', 'password': 'bologna', 'salt': '2CkgydF7', 'md5': 'cc4f5eab3c0f804a5a41344db93d7277', 'sha1': 'a6105361f47bdd59aa6d8ad38d8dc60ab59f4803', 'sha256': '97a6f4198e12d63cf39f8ece3291768b4ac953102088bec250d686fcd19003cd'}, 'dob': {'date': '1995-11-06T17:23:52.831Z', 'age': 28}, 'registered': {'date': '2013-09-01T05:07:12.618Z', 'age': 10}, 'phone': '01663 20507', 'cell': '07854 574011', 'id': {'name': 'NINO', 'value': 'RA 61 11 43 X'}, 'picture': {'large': 'https://randomuser.me/api/portraits/women/36.jpg', 'medium': 'https://randomuser.me/api/portraits/med/women/36.jpg', 'thumbnail': 'https://randomuser.me/api/portraits/thumb/women/36.jpg'}, 'nat': 'GB'}</msg>
<arg>${json_data['results'][0]}</arg>
<doc>Logs the given message with the given level.</doc>
<status status="PASS" start="2024-04-26T17:14:18.262774" elapsed="0.000413"/>
</kw>
<kw name="Log" owner="BuiltIn">
<msg time="2024-04-26T17:14:18.263608" level="INFO">gender</msg>
<arg>${key}</arg>
<doc>Logs the given message with the given level.</doc>
<status status="PASS" start="2024-04-26T17:14:18.263481" elapsed="0.000164"/>
</kw>
<var name="${key}">gender</var>
<status status="PASS" start="2024-04-26T17:14:18.261861" elapsed="0.001997"/>
</iter>
<iter>
<kw name="Dictionary Should Contain Key" owner="Collections">
<msg time="2024-04-26T17:14:18.264544" level="INFO">False</msg>
<arg>${json_data['results'][0]}</arg>
<arg>${key}</arg>
<doc>Fails if ``key`` is not found from ``dictionary``.</doc>
<status status="PASS" start="2024-04-26T17:14:18.264157" elapsed="0.000426"/>
</kw>
<kw name="Log" owner="BuiltIn">
<msg time="2024-04-26T17:14:18.265276" level="INFO">{'gender': 'female', 'name': {'title': 'Miss', 'first': 'Rose', 'last': 'Lowe'}, 'location': {'street': {'number': 1628, 'name': 'New Road'}, 'city': 'Truro', 'state': 'Isle of Wight', 'country': 'United Kingdom', 'postcode': 'SC1 1GX', 'coordinates': {'latitude': '-11.8974', 'longitude': '73.4747'}, 'timezone': {'offset': '+9:30', 'description': 'Adelaide, Darwin'}}, 'email': 'rose.lowe@example.com', 'login': {'uuid': 'c83e27e8-9d72-4160-8e20-cfe96aa63080', 'username': 'beautifulpeacock988', 'password': 'bologna', 'salt': '2CkgydF7', 'md5': 'cc4f5eab3c0f804a5a41344db93d7277', 'sha1': 'a6105361f47bdd59aa6d8ad38d8dc60ab59f4803', 'sha256': '97a6f4198e12d63cf39f8ece3291768b4ac953102088bec250d686fcd19003cd'}, 'dob': {'date': '1995-11-06T17:23:52.831Z', 'age': 28}, 'registered': {'date': '2013-09-01T05:07:12.618Z', 'age': 10}, 'phone': '01663 20507', 'cell': '07854 574011', 'id': {'name': 'NINO', 'value': 'RA 61 11 43 X'}, 'picture': {'large': 'https://randomuser.me/api/portraits/women/36.jpg', 'medium': 'https://randomuser.me/api/portraits/med/women/36.jpg', 'thumbnail': 'https://randomuser.me/api/portraits/thumb/women/36.jpg'}, 'nat': 'GB'}</msg>
<arg>${json_data['results'][0]}</arg>
<doc>Logs the given message with the given level.</doc>
<status status="PASS" start="2024-04-26T17:14:18.264910" elapsed="0.000414"/>
</kw>
<kw name="Log" owner="BuiltIn">
<msg time="2024-04-26T17:14:18.265745" level="INFO">name</msg>
<arg>${key}</arg>
<doc>Logs the given message with the given level.</doc>
<status status="PASS" start="2024-04-26T17:14:18.265619" elapsed="0.000164"/>
</kw>
<var name="${key}">name</var>
<status status="PASS" start="2024-04-26T17:14:18.264042" elapsed="0.001954"/>
</iter>
<iter>
<kw name="Dictionary Should Contain Key" owner="Collections">
<msg time="2024-04-26T17:14:18.266709" level="INFO">False</msg>
<arg>${json_data['results'][0]}</arg>
<arg>${key}</arg>
<doc>Fails if ``key`` is not found from ``dictionary``.</doc>
<status status="PASS" start="2024-04-26T17:14:18.266283" elapsed="0.000465"/>
</kw>
<kw name="Log" owner="BuiltIn">
<msg time="2024-04-26T17:14:18.267413" level="INFO">{'gender': 'female', 'name': {'title': 'Miss', 'first': 'Rose', 'last': 'Lowe'}, 'location': {'street': {'number': 1628, 'name': 'New Road'}, 'city': 'Truro', 'state': 'Isle of Wight', 'country': 'United Kingdom', 'postcode': 'SC1 1GX', 'coordinates': {'latitude': '-11.8974', 'longitude': '73.4747'}, 'timezone': {'offset': '+9:30', 'description': 'Adelaide, Darwin'}}, 'email': 'rose.lowe@example.com', 'login': {'uuid': 'c83e27e8-9d72-4160-8e20-cfe96aa63080', 'username': 'beautifulpeacock988', 'password': 'bologna', 'salt': '2CkgydF7', 'md5': 'cc4f5eab3c0f804a5a41344db93d7277', 'sha1': 'a6105361f47bdd59aa6d8ad38d8dc60ab59f4803', 'sha256': '97a6f4198e12d63cf39f8ece3291768b4ac953102088bec250d686fcd19003cd'}, 'dob': {'date': '1995-11-06T17:23:52.831Z', 'age': 28}, 'registered': {'date': '2013-09-01T05:07:12.618Z', 'age': 10}, 'phone': '01663 20507', 'cell': '07854 574011', 'id': {'name': 'NINO', 'value': 'RA 61 11 43 X'}, 'picture': {'large': 'https://randomuser.me/api/portraits/women/36.jpg', 'medium': 'https://randomuser.me/api/portraits/med/women/36.jpg', 'thumbnail': 'https://randomuser.me/api/portraits/thumb/women/36.jpg'}, 'nat': 'GB'}</msg>
<arg>${json_data['results'][0]}</arg>
<doc>Logs the given message with the given level.</doc>
<status status="PASS" start="2024-04-26T17:14:18.267056" elapsed="0.000404"/>
</kw>
<kw name="Log" owner="BuiltIn">
<msg time="2024-04-26T17:14:18.267878" level="INFO">location</msg>
<arg>${key}</arg>
<doc>Logs the given message with the given level.</doc>
<status status="PASS" start="2024-04-26T17:14:18.267754" elapsed="0.000161"/>
</kw>
<var name="${key}">location</var>
<status status="PASS" start="2024-04-26T17:14:18.266171" elapsed="0.001960"/>
</iter>
<iter>
<kw name="Dictionary Should Contain Key" owner="Collections">
<msg time="2024-04-26T17:14:18.268800" level="INFO">False</msg>
<arg>${json_data['results'][0]}</arg>
<arg>${key}</arg>
<doc>Fails if ``key`` is not found from ``dictionary``.</doc>
<status status="PASS" start="2024-04-26T17:14:18.268413" elapsed="0.000425"/>
</kw>
<kw name="Log" owner="BuiltIn">
<msg time="2024-04-26T17:14:18.269488" level="INFO">{'gender': 'female', 'name': {'title': 'Miss', 'first': 'Rose', 'last': 'Lowe'}, 'location': {'street': {'number': 1628, 'name': 'New Road'}, 'city': 'Truro', 'state': 'Isle of Wight', 'country': 'United Kingdom', 'postcode': 'SC1 1GX', 'coordinates': {'latitude': '-11.8974', 'longitude': '73.4747'}, 'timezone': {'offset': '+9:30', 'description': 'Adelaide, Darwin'}}, 'email': 'rose.lowe@example.com', 'login': {'uuid': 'c83e27e8-9d72-4160-8e20-cfe96aa63080', 'username': 'beautifulpeacock988', 'password': 'bologna', 'salt': '2CkgydF7', 'md5': 'cc4f5eab3c0f804a5a41344db93d7277', 'sha1': 'a6105361f47bdd59aa6d8ad38d8dc60ab59f4803', 'sha256': '97a6f4198e12d63cf39f8ece3291768b4ac953102088bec250d686fcd19003cd'}, 'dob': {'date': '1995-11-06T17:23:52.831Z', 'age': 28}, 'registered': {'date': '2013-09-01T05:07:12.618Z', 'age': 10}, 'phone': '01663 20507', 'cell': '07854 574011', 'id': {'name': 'NINO', 'value': 'RA 61 11 43 X'}, 'picture': {'large': 'https://randomuser.me/api/portraits/women/36.jpg', 'medium': 'https://randomuser.me/api/portraits/med/women/36.jpg', 'thumbnail': 'https://randomuser.me/api/portraits/thumb/women/36.jpg'}, 'nat': 'GB'}</msg>
<arg>${json_data['results'][0]}</arg>
<doc>Logs the given message with the given level.</doc>
<status status="PASS" start="2024-04-26T17:14:18.269135" elapsed="0.000401"/>
</kw>
<kw name="Log" owner="BuiltIn">
<msg time="2024-04-26T17:14:18.269950" level="INFO">email</msg>
<arg>${key}</arg>
<doc>Logs the given message with the given level.</doc>
<status status="PASS" start="2024-04-26T17:14:18.269825" elapsed="0.000162"/>
</kw>
<var name="${key}">email</var>
<status status="PASS" start="2024-04-26T17:14:18.268302" elapsed="0.001898"/>
</iter>
<iter>
<kw name="Dictionary Should Contain Key" owner="Collections">
<msg time="2024-04-26T17:14:18.270911" level="INFO">False</msg>
<arg>${json_data['results'][0]}</arg>
<arg>${key}</arg>
<doc>Fails if ``key`` is not found from ``dictionary``.</doc>
<status status="PASS" start="2024-04-26T17:14:18.270491" elapsed="0.000459"/>
</kw>
<kw name="Log" owner="BuiltIn">
<msg time="2024-04-26T17:14:18.271610" level="INFO">{'gender': 'female', 'name': {'title': 'Miss', 'first': 'Rose', 'last': 'Lowe'}, 'location': {'street': {'number': 1628, 'name': 'New Road'}, 'city': 'Truro', 'state': 'Isle of Wight', 'country': 'United Kingdom', 'postcode': 'SC1 1GX', 'coordinates': {'latitude': '-11.8974', 'longitude': '73.4747'}, 'timezone': {'offset': '+9:30', 'description': 'Adelaide, Darwin'}}, 'email': 'rose.lowe@example.com', 'login': {'uuid': 'c83e27e8-9d72-4160-8e20-cfe96aa63080', 'username': 'beautifulpeacock988', 'password': 'bologna', 'salt': '2CkgydF7', 'md5': 'cc4f5eab3c0f804a5a41344db93d7277', 'sha1': 'a6105361f47bdd59aa6d8ad38d8dc60ab59f4803', 'sha256': '97a6f4198e12d63cf39f8ece3291768b4ac953102088bec250d686fcd19003cd'}, 'dob': {'date': '1995-11-06T17:23:52.831Z', 'age': 28}, 'registered': {'date': '2013-09-01T05:07:12.618Z', 'age': 10}, 'phone': '01663 20507', 'cell': '07854 574011', 'id': {'name': 'NINO', 'value': 'RA 61 11 43 X'}, 'picture': {'large': 'https://randomuser.me/api/portraits/women/36.jpg', 'medium': 'https://randomuser.me/api/portraits/med/women/36.jpg', 'thumbnail': 'https://randomuser.me/api/portraits/thumb/women/36.jpg'}, 'nat': 'GB'}</msg>
<arg>${json_data['results'][0]}</arg>
<doc>Logs the given message with the given level.</doc>
<status status="PASS" start="2024-04-26T17:14:18.271242" elapsed="0.000415"/>
</kw>
<kw name="Log" owner="BuiltIn">
<msg time="2024-04-26T17:14:18.272077" level="INFO">login</msg>
<arg>${key}</arg>
<doc>Logs the given message with the given level.</doc>
<status status="PASS" start="2024-04-26T17:14:18.271952" elapsed="0.000162"/>
</kw>
<var name="${key}">login</var>
<status status="PASS" start="2024-04-26T17:14:18.270378" elapsed="0.001976"/>
</iter>
<var>${key}</var>
<value>@{expected_keys}</value>
<status status="PASS" start="2024-04-26T17:14:18.261667" elapsed="0.010813"/>
</for>
<kw name="Create List" owner="BuiltIn">
<msg time="2024-04-26T17:14:18.272807" level="INFO">${expected_keysTwo} = ['username', 'password']</msg>
<var>${expected_keysTwo}</var>
<arg>username</arg>
<arg>password</arg>
<doc>Returns a list containing given items.</doc>
<status status="PASS" start="2024-04-26T17:14:18.272671" elapsed="0.000160"/>
</kw>
<for flavor="IN">
<iter>
<kw name="Dictionary Should Contain Key" owner="Collections">
<msg time="2024-04-26T17:14:18.273716" level="INFO">False</msg>
<arg>${json_data['results'][0]['login']}</arg>
<arg>${keyTwo}</arg>
<doc>Fails if ``key`` is not found from ``dictionary``.</doc>
<status status="PASS" start="2024-04-26T17:14:18.273326" elapsed="0.000428"/>
</kw>
<kw name="Dictionary Should Contain Key" owner="Collections">
<msg time="2024-04-26T17:14:18.274454" level="INFO">False</msg>
<arg>${json_data['results'][0]['login']}</arg>
<arg>${keyTwo}</arg>
<doc>Fails if ``key`` is not found from ``dictionary``.</doc>
<status status="PASS" start="2024-04-26T17:14:18.274069" elapsed="0.000422"/>
</kw>
<kw name="Log" owner="BuiltIn">
<msg time="2024-04-26T17:14:18.274961" level="INFO">username</msg>
<arg>${keyTwo}</arg>
<doc>Logs the given message with the given level.</doc>
<status status="PASS" start="2024-04-26T17:14:18.274833" elapsed="0.000171"/>
</kw>
<var name="${keyTwo}">username</var>
<status status="PASS" start="2024-04-26T17:14:18.273217" elapsed="0.002001"/>
</iter>
<iter>
<kw name="Dictionary Should Contain Key" owner="Collections">
<msg time="2024-04-26T17:14:18.275967" level="INFO">False</msg>
<arg>${json_data['results'][0]['login']}</arg>
<arg>${keyTwo}</arg>
<doc>Fails if ``key`` is not found from ``dictionary``.</doc>
<status status="PASS" start="2024-04-26T17:14:18.275500" elapsed="0.000512"/>
</kw>
<kw name="Dictionary Should Contain Key" owner="Collections">
<msg time="2024-04-26T17:14:18.276686" level="INFO">False</msg>
<arg>${json_data['results'][0]['login']}</arg>
<arg>${keyTwo}</arg>
<doc>Fails if ``key`` is not found from ``dictionary``.</doc>
<status status="PASS" start="2024-04-26T17:14:18.276309" elapsed="0.000414"/>
</kw>
<kw name="Log" owner="BuiltIn">
<msg time="2024-04-26T17:14:18.277160" level="INFO">password</msg>
<arg>${keyTwo}</arg>
<doc>Logs the given message with the given level.</doc>
<status status="PASS" start="2024-04-26T17:14:18.277024" elapsed="0.000175"/>
</kw>
<var name="${keyTwo}">password</var>
<status status="PASS" start="2024-04-26T17:14:18.275390" elapsed="0.002025"/>
</iter>
<var>${keyTwo}</var>
<value>@{expected_keysTwo}</value>
<status status="PASS" start="2024-04-26T17:14:18.273065" elapsed="0.004470"/>
</for>
<status status="PASS" start="2024-04-26T17:14:18.167441" elapsed="0.110234"/>
</kw>
<doc>Testa a estrutura da resposta da API.</doc>
<tag>testeEstruturaResposta</tag>
<status status="PASS" start="2024-04-26T17:14:18.166936" elapsed="0.110892"/>
</test>
<test id="s1-s1-t4" name="Validar tipos de dados" line="28">
<kw name="Teste de Tipos de Dados" owner="random-user-service">
<kw name="GET On Session" owner="RequestsLibrary">
<msg time="2024-04-26T17:14:18.357700" level="INFO">GET Request : url=https://randomuser.me/api 
 path_url=/api 
 headers={'User-Agent': 'python-requests/2.31.0', 'Accept-Encoding': 'gzip, deflate', 'Accept': '*/*', 'Connection': 'keep-alive'} 
 body=None 
 </msg>
<msg time="2024-04-26T17:14:18.357778" level="INFO">GET Response : url=https://randomuser.me/api 
 status=200, reason=OK 
 headers={'Date': 'Fri, 26 Apr 2024 17:14:18 GMT', 'Content-Type': 'application/json; charset=utf-8', 'Transfer-Encoding': 'chunked', 'Connection': 'keep-alive', 'X-Powered-By': 'Express', 'Access-Control-Allow-Origin': '*', 'Cache-Control': 'no-cache', 'ETag': 'W/"471-cvlSXfrIc9t9PAU7Csr0zE7txWg"', 'Vary': 'Accept-Encoding', 'Content-Encoding': 'gzip', 'CF-Cache-Status': 'DYNAMIC', 'Report-To': '{"endpoints":[{"url":"https:\\/\\/a.nel.cloudflare.com\\/report\\/v4?s=tez2jodXCITaxaYqeen3JxWyz0J41EJRLmBSV1wz4fys28DcNyXCgH2aILi26FiLJhyxXaQtlYeovHuHsPvhiT3q0sytqw0pvDqCwN%2BLXPf7H2u5nkYFl%2Bc%2Fq3WOKH84"}],"group":"cf-nel","max_age":604800}', 'NEL': '{"success_fraction":0,"report_to":"cf-nel","max_age":604800}', 'Server': 'cloudflare', 'CF-RAY': '87a8355849a80a0f-IAD', 'alt-svc': 'h3=":443"; ma=86400'} 
 body={"results":[{"gender":"male","name":{"title":"Mr","first":"Matthew","last":"Smeby"},"location":{"street":{"number":6644,"name":"Hellerud terrasse"},"city":"Konglungen","state":"Telemark","country":"Norway","postcode":"7549","coordinates":{"latitude":"42.6702","longitude":"-89.4244"},"timezone":{"offset":"-3:30","description":"Newfoundland"}},"email":"matthew.smeby@example.com","login":{"uuid":"9c5a56c7-bf35-434e-ad7f-d3c1bf4e74e9","username":"lazyzebra844","password":"stanton","salt":"R7lwms5k","md5":"b5e759a130e166c8b3fab8847436748d","sha1":"42532f3440f83725be480a1e57f2f7ee8653ce4d","sha256":"33c05aac08c14f18fc6d254f9596b9fd270d7ee8082c2f900403b811f8274b4b"},"dob":{"date":"1956-01-12T16:24:49.473Z","age":68},"registered":{"date":"2018-04-01T00:16:18.602Z","age":6},"phone":"79294296","cell":"92646365","id":{"name":"FN","value":"12015636511"},"picture":{"large":"https://randomuser.me/api/portraits/men/11.jpg","medium":"https://randomuser.me/api/portraits/med/men/11.jpg","thumbnail":"https://randomuser.me/api/portraits/thumb/men/11.jpg"},"nat":"NO"}],"info":{"seed":"ff568117c87a68e0","results":1,"page":1,"version":"1.4"}} 
 </msg>
<msg time="2024-04-26T17:14:18.357852" level="INFO">/opt/hostedtoolcache/Python/3.12.3/x64/lib/python3.12/site-packages/urllib3/connectionpool.py:1103: InsecureRequestWarning: Unverified HTTPS request is being made to host 'randomuser.me'. Adding certificate verification is strongly advised. See: https://urllib3.readthedocs.io/en/latest/advanced-usage.html#tls-warnings
  warnings.warn(</msg>
<msg time="2024-04-26T17:14:18.357961" level="INFO">${response} = &lt;Response [200]&gt;</msg>
<var>${response}</var>
<arg>consultarAPI</arg>
<arg>/api</arg>
<doc>Sends a GET request on a previously created HTTP Session.</doc>
<status status="PASS" start="2024-04-26T17:14:18.280399" elapsed="0.077614"/>
</kw>
<kw name="Set Variable" owner="BuiltIn">
<msg time="2024-04-26T17:14:18.359208" level="INFO">${json_data} = {'results': [{'gender': 'male', 'name': {'title': 'Mr', 'first': 'Matthew', 'last': 'Smeby'}, 'location': {'street': {'number': 6644, 'name': 'Hellerud terrasse'}, 'city': 'Konglungen', 'state': 'Tele...</msg>
<var>${json_data}</var>
<arg>${response.json()}</arg>
<doc>Returns the given values which can then be assigned to a variables.</doc>
<status status="PASS" start="2024-04-26T17:14:18.358606" elapsed="0.000632"/>
</kw>
<kw name="Log" owner="BuiltIn">
<msg time="2024-04-26T17:14:18.359702" level="INFO">{'results': [{'gender': 'male', 'name': {'title': 'Mr', 'first': 'Matthew', 'last': 'Smeby'}, 'location': {'street': {'number': 6644, 'name': 'Hellerud terrasse'}, 'city': 'Konglungen', 'state': 'Telemark', 'country': 'Norway', 'postcode': '7549', 'coordinates': {'latitude': '42.6702', 'longitude': '-89.4244'}, 'timezone': {'offset': '-3:30', 'description': 'Newfoundland'}}, 'email': 'matthew.smeby@example.com', 'login': {'uuid': '9c5a56c7-bf35-434e-ad7f-d3c1bf4e74e9', 'username': 'lazyzebra844', 'password': 'stanton', 'salt': 'R7lwms5k', 'md5': 'b5e759a130e166c8b3fab8847436748d', 'sha1': '42532f3440f83725be480a1e57f2f7ee8653ce4d', 'sha256': '33c05aac08c14f18fc6d254f9596b9fd270d7ee8082c2f900403b811f8274b4b'}, 'dob': {'date': '1956-01-12T16:24:49.473Z', 'age': 68}, 'registered': {'date': '2018-04-01T00:16:18.602Z', 'age': 6}, 'phone': '79294296', 'cell': '92646365', 'id': {'name': 'FN', 'value': '12015636511'}, 'picture': {'large': 'https://randomuser.me/api/portraits/men/11.jpg', 'medium': 'https://randomuser.me/api/portraits/med/men/11.jpg', 'thumbnail': 'https://randomuser.me/api/portraits/thumb/men/11.jpg'}, 'nat': 'NO'}], 'info': {'seed': 'ff568117c87a68e0', 'results': 1, 'page': 1, 'version': '1.4'}}</msg>
<arg>${json_data}</arg>
<doc>Logs the given message with the given level.</doc>
<status status="PASS" start="2024-04-26T17:14:18.359545" elapsed="0.000235"/>
</kw>
<kw name="Should Be String" owner="String">
<arg>${json_data['results'][0]['gender']}</arg>
<doc>Fails if the given ``item`` is not a string.</doc>
<status status="PASS" start="2024-04-26T17:14:18.360077" elapsed="0.000355"/>
</kw>
<kw name="Should Match Regexp" owner="BuiltIn">
<arg>${json_data['results'][0]['email']}</arg>
<arg>^[a-zA-Z0-9._%+-]+@[a-zA-Z0-9.-]+\.[a-zA-Z]{2,}$</arg>
<doc>Fails if ``string`` does not match ``pattern`` as a regular expression.</doc>
<status status="PASS" start="2024-04-26T17:14:18.360623" elapsed="0.000512"/>
</kw>
<kw name="Should Match Regexp" owner="BuiltIn">
<arg>${json_data['results'][0]['dob']['date']}</arg>
<arg>\\d{4}-\\d{2}-\\d{2}T\\d{2}:\\d{2}:\\d{2}\\.\\d{3}Z</arg>
<doc>Fails if ``string`` does not match ``pattern`` as a regular expression.</doc>
<status status="PASS" start="2024-04-26T17:14:18.361330" elapsed="0.000481"/>
</kw>
<kw name="Should Match Regexp" owner="BuiltIn">
<arg>${json_data['results'][0]['registered']['date']}</arg>
<arg>\\d{4}-\\d{2}-\\d{2}T\\d{2}:\\d{2}:\\d{2}\\.\\d{3}Z</arg>
<doc>Fails if ``string`` does not match ``pattern`` as a regular expression.</doc>
<status status="PASS" start="2024-04-26T17:14:18.362001" elapsed="0.000363"/>
</kw>
<kw name="Should Match Regexp" owner="BuiltIn">
<arg>${json_data['results'][0]['picture']['large']}</arg>
<arg>^https?://.*\.(?:png|jpe?g|gif|bmp)$</arg>
<doc>Fails if ``string`` does not match ``pattern`` as a regular expression.</doc>
<status status="PASS" start="2024-04-26T17:14:18.362577" elapsed="0.000466"/>
</kw>
<kw name="Should Match Regexp" owner="BuiltIn">
<arg>${json_data['results'][0]['picture']['medium']}</arg>
<arg>^https?://.*\.(?:png|jpe?g|gif|bmp)$</arg>
<doc>Fails if ``string`` does not match ``pattern`` as a regular expression.</doc>
<status status="PASS" start="2024-04-26T17:14:18.363231" elapsed="0.000365"/>
</kw>
<kw name="Should Match Regexp" owner="BuiltIn">
<arg>${json_data['results'][0]['picture']['thumbnail']}</arg>
<arg>^https?://.*\.(?:png|jpe?g|gif|bmp)$</arg>
<doc>Fails if ``string`` does not match ``pattern`` as a regular expression.</doc>
<status status="PASS" start="2024-04-26T17:14:18.363786" elapsed="0.000349"/>
</kw>
<kw name="Log" owner="BuiltIn">
<msg time="2024-04-26T17:14:18.364634" level="INFO">{'large': 'https://randomuser.me/api/portraits/men/11.jpg', 'medium': 'https://randomuser.me/api/portraits/med/men/11.jpg', 'thumbnail': 'https://randomuser.me/api/portraits/thumb/men/11.jpg'}</msg>
<arg>${json_data['results'][0]['picture']}</arg>
<doc>Logs the given message with the given level.</doc>
<status status="PASS" start="2024-04-26T17:14:18.364314" elapsed="0.000361"/>
</kw>
<status status="PASS" start="2024-04-26T17:14:18.280166" elapsed="0.084761"/>
</kw>
<kw name="Teste de Tipos de Dados - Postcode" owner="random-user-service">
<kw name="GET On Session" owner="RequestsLibrary">
<msg time="2024-04-26T17:14:18.464807" level="INFO">GET Request : url=https://randomuser.me/api 
 path_url=/api 
 headers={'User-Agent': 'python-requests/2.31.0', 'Accept-Encoding': 'gzip, deflate', 'Accept': '*/*', 'Connection': 'keep-alive'} 
 body=None 
 </msg>
<msg time="2024-04-26T17:14:18.464888" level="INFO">GET Response : url=https://randomuser.me/api 
 status=200, reason=OK 
 headers={'Date': 'Fri, 26 Apr 2024 17:14:18 GMT', 'Content-Type': 'application/json; charset=utf-8', 'Transfer-Encoding': 'chunked', 'Connection': 'keep-alive', 'X-Powered-By': 'Express', 'Access-Control-Allow-Origin': '*', 'Cache-Control': 'no-cache', 'ETag': 'W/"4a2-DTZOauVB2yJYmJKGsqlghkjrGmE"', 'Vary': 'Accept-Encoding', 'Content-Encoding': 'gzip', 'CF-Cache-Status': 'DYNAMIC', 'Report-To': '{"endpoints":[{"url":"https:\\/\\/a.nel.cloudflare.com\\/report\\/v4?s=oBKz2mcmg1pSv801nj5ygURalOlo2Xe2f8WS%2FtWdv8MK%2BQRalpR9%2FpAEJ15JBcfbUsc5%2Bf5c1Rvus15dMg%2FNezgyB80WFzbo3Lhrx0NbgeeKlPCTjN6oeZMBP3J3iFaE"}],"group":"cf-nel","max_age":604800}', 'NEL': '{"success_fraction":0,"report_to":"cf-nel","max_age":604800}', 'Server': 'cloudflare', 'CF-RAY': '87a83558ca3c0a0f-IAD', 'alt-svc': 'h3=":443"; ma=86400'} 
 body={"results":[{"gender":"male","name":{"title":"Mr","first":"Mohammad","last":"Griese"},"location":{"street":{"number":1527,"name":"Blumenstraße"},"city":"Oldenburg (Oldb)","state":"Schleswig-Holstein","country":"Germany","postcode":12855,"coordinates":{"latitude":"-48.4076","longitude":"-57.7978"},"timezone":{"offset":"+2:00","description":"Kaliningrad, South Africa"}},"email":"mohammad.griese@example.com","login":{"uuid":"b4822ae0-260f-41fd-909a-3fa22efe4c46","username":"organicostrich292","password":"951753","salt":"kxc7f71v","md5":"e0d6c95bb1c8788cd6632cec48506abe","sha1":"630c939f740fd0a2e4c564536e1da654a5c03ede","sha256":"42a3cab9fe9bfb7be075bd662e8d7ea9cd38a7d01891e75240d2c9d2558b5e5e"},"dob":{"date":"2001-05-12T17:39:22.908Z","age":22},"registered":{"date":"2016-02-01T16:35:14.909Z","age":8},"phone":"0189-9272307","cell":"0175-9091297","id":{"name":"SVNR","value":"15 1205101 G 447"},"picture":{"large":"https://randomuser.me/api/portraits/men/16.jpg","medium":"https://randomuser.me/api/portraits/med/men/16.jpg","thumbnail":"https://randomuser.me/api/portraits/thumb/men/16.jpg"},"nat":"DE"}],"info":{"seed":"2b09d73be9692c24","results":1,"page":1,"version":"1.4"}} 
 </msg>
<msg time="2024-04-26T17:14:18.464956" level="INFO">/opt/hostedtoolcache/Python/3.12.3/x64/lib/python3.12/site-packages/urllib3/connectionpool.py:1103: InsecureRequestWarning: Unverified HTTPS request is being made to host 'randomuser.me'. Adding certificate verification is strongly advised. See: https://urllib3.readthedocs.io/en/latest/advanced-usage.html#tls-warnings
  warnings.warn(</msg>
<msg time="2024-04-26T17:14:18.465057" level="INFO">${response} = &lt;Response [200]&gt;</msg>
<var>${response}</var>
<arg>consultarAPI</arg>
<arg>/api</arg>
<doc>Sends a GET request on a previously created HTTP Session.</doc>
<status status="PASS" start="2024-04-26T17:14:18.365371" elapsed="0.099725"/>
</kw>
<kw name="Set Variable" owner="BuiltIn">
<msg time="2024-04-26T17:14:18.466059" level="INFO">${json_data} = {'results': [{'gender': 'male', 'name': {'title': 'Mr', 'first': 'Mohammad', 'last': 'Griese'}, 'location': {'street': {'number': 1527, 'name': 'Blumenstraße'}, 'city': 'Oldenburg (Oldb)', 'state': 'S...</msg>
<var>${json_data}</var>
<arg>${response.json()}</arg>
<doc>Returns the given values which can then be assigned to a variables.</doc>
<status status="PASS" start="2024-04-26T17:14:18.465554" elapsed="0.000534"/>
</kw>
<kw name="Log" owner="BuiltIn">
<msg time="2024-04-26T17:14:18.466587" level="INFO">{'results': [{'gender': 'male', 'name': {'title': 'Mr', 'first': 'Mohammad', 'last': 'Griese'}, 'location': {'street': {'number': 1527, 'name': 'Blumenstraße'}, 'city': 'Oldenburg (Oldb)', 'state': 'Schleswig-Holstein', 'country': 'Germany', 'postcode': 12855, 'coordinates': {'latitude': '-48.4076', 'longitude': '-57.7978'}, 'timezone': {'offset': '+2:00', 'description': 'Kaliningrad, South Africa'}}, 'email': 'mohammad.griese@example.com', 'login': {'uuid': 'b4822ae0-260f-41fd-909a-3fa22efe4c46', 'username': 'organicostrich292', 'password': '951753', 'salt': 'kxc7f71v', 'md5': 'e0d6c95bb1c8788cd6632cec48506abe', 'sha1': '630c939f740fd0a2e4c564536e1da654a5c03ede', 'sha256': '42a3cab9fe9bfb7be075bd662e8d7ea9cd38a7d01891e75240d2c9d2558b5e5e'}, 'dob': {'date': '2001-05-12T17:39:22.908Z', 'age': 22}, 'registered': {'date': '2016-02-01T16:35:14.909Z', 'age': 8}, 'phone': '0189-9272307', 'cell': '0175-9091297', 'id': {'name': 'SVNR', 'value': '15 1205101 G 447'}, 'picture': {'large': 'https://randomuser.me/api/portraits/men/16.jpg', 'medium': 'https://randomuser.me/api/portraits/med/men/16.jpg', 'thumbnail': 'https://randomuser.me/api/portraits/thumb/men/16.jpg'}, 'nat': 'DE'}], 'info': {'seed': '2b09d73be9692c24', 'results': 1, 'page': 1, 'version': '1.4'}}</msg>
<arg>${json_data}</arg>
<doc>Logs the given message with the given level.</doc>
<status status="PASS" start="2024-04-26T17:14:18.466401" elapsed="0.000273"/>
</kw>
<kw name="Should Be Equal As Numbers" owner="BuiltIn">
<arg>${json_data['results'][0]['location']['postcode']}</arg>
<arg>${json_data['results'][0]['location']['postcode']}</arg>
<doc>Fails if objects are unequal after converting them to real numbers.</doc>
<status status="PASS" start="2024-04-26T17:14:18.467145" elapsed="0.000621"/>
</kw>
<kw name="Log" owner="BuiltIn">
<msg time="2024-04-26T17:14:18.468302" level="INFO">12855</msg>
<arg>${json_data['results'][0]['location']['postcode']}</arg>
<doc>Logs the given message with the given level.</doc>
<status status="PASS" start="2024-04-26T17:14:18.467962" elapsed="0.000381"/>
</kw>
<status status="PASS" start="2024-04-26T17:14:18.365142" elapsed="0.103455"/>
</kw>
<doc>Testa se os tipos de dados na resposta da API estão corretos.</doc>
<tag>testeTiposDados</tag>
<status status="PASS" start="2024-04-26T17:14:18.279722" elapsed="0.189042"/>
</test>
<test id="s1-s1-t5" name="Validar conteudo" line="35">
<kw name="Teste de Tipos de Conteudo" owner="random-user-service">
<kw name="GET On Session" owner="RequestsLibrary">
<msg time="2024-04-26T17:14:18.559984" level="INFO">GET Request : url=https://randomuser.me/api 
 path_url=/api 
 headers={'User-Agent': 'python-requests/2.31.0', 'Accept-Encoding': 'gzip, deflate', 'Accept': '*/*', 'Connection': 'keep-alive'} 
 body=None 
 </msg>
<msg time="2024-04-26T17:14:18.560058" level="INFO">GET Response : url=https://randomuser.me/api 
 status=200, reason=OK 
 headers={'Date': 'Fri, 26 Apr 2024 17:14:18 GMT', 'Content-Type': 'application/json; charset=utf-8', 'Transfer-Encoding': 'chunked', 'Connection': 'keep-alive', 'X-Powered-By': 'Express', 'Access-Control-Allow-Origin': '*', 'Cache-Control': 'no-cache', 'ETag': 'W/"49e-PxJ8Ye4nejwmQL16EGWdF12BWoI"', 'Vary': 'Accept-Encoding', 'Content-Encoding': 'gzip', 'CF-Cache-Status': 'DYNAMIC', 'Report-To': '{"endpoints":[{"url":"https:\\/\\/a.nel.cloudflare.com\\/report\\/v4?s=khPkKn2kuAXxQ%2BhBeuzk2TZg%2FYcQckX3VFnjQIV9XDmfk5pn0g0dgTFIcmIOIaHu4Y2OZQRZ1tTI5bVVJGhhtHlPpIN8ECP91NMyl%2BwL3uWXlCsiqSLR8sH%2BlmSysEVf"}],"group":"cf-nel","max_age":604800}', 'NEL': '{"success_fraction":0,"report_to":"cf-nel","max_age":604800}', 'Server': 'cloudflare', 'CF-RAY': '87a835597ae10a0f-IAD', 'alt-svc': 'h3=":443"; ma=86400'} 
 body={"results":[{"gender":"female","name":{"title":"Mrs","first":"Lisa","last":"Walker"},"location":{"street":{"number":6170,"name":"Dogwood Ave"},"city":"Cairns","state":"Northern Territory","country":"Australia","postcode":6051,"coordinates":{"latitude":"-84.2017","longitude":"56.5283"},"timezone":{"offset":"+5:00","description":"Ekaterinburg, Islamabad, Karachi, Tashkent"}},"email":"lisa.walker@example.com","login":{"uuid":"9e7a9244-3259-449b-851c-81d3ea760a19","username":"silverlion172","password":"achtung","salt":"jtLrMSqv","md5":"3b9d2c68f87c682aca88ee69b16a6206","sha1":"af978a2758a8eef767934c3c47213267c3b2bbe0","sha256":"a455c1cb47534cfc5ef3afb38b151491274eb2fb8ce4475fec9e9bdd7b990c91"},"dob":{"date":"1991-07-04T09:28:41.957Z","age":32},"registered":{"date":"2006-12-30T02:01:01.541Z","age":17},"phone":"06-4406-1584","cell":"0403-863-887","id":{"name":"TFN","value":"673010910"},"picture":{"large":"https://randomuser.me/api/portraits/women/85.jpg","medium":"https://randomuser.me/api/portraits/med/women/85.jpg","thumbnail":"https://randomuser.me/api/portraits/thumb/women/85.jpg"},"nat":"AU"}],"info":{"seed":"7d8b61a3bd304866","results":1,"page":1,"version":"1.4"}} 
 </msg>
<msg time="2024-04-26T17:14:18.560122" level="INFO">/opt/hostedtoolcache/Python/3.12.3/x64/lib/python3.12/site-packages/urllib3/connectionpool.py:1103: InsecureRequestWarning: Unverified HTTPS request is being made to host 'randomuser.me'. Adding certificate verification is strongly advised. See: https://urllib3.readthedocs.io/en/latest/advanced-usage.html#tls-warnings
  warnings.warn(</msg>
<msg time="2024-04-26T17:14:18.560214" level="INFO">${response} = &lt;Response [200]&gt;</msg>
<var>${response}</var>
<arg>consultarAPI</arg>
<arg>/api</arg>
<doc>Sends a GET request on a previously created HTTP Session.</doc>
<status status="PASS" start="2024-04-26T17:14:18.471235" elapsed="0.089017"/>
</kw>
<kw name="Set Variable" owner="BuiltIn">
<msg time="2024-04-26T17:14:18.561126" level="INFO">${json_data} = {'results': [{'gender': 'female', 'name': {'title': 'Mrs', 'first': 'Lisa', 'last': 'Walker'}, 'location': {'street': {'number': 6170, 'name': 'Dogwood Ave'}, 'city': 'Cairns', 'state': 'Northern Terr...</msg>
<var>${json_data}</var>
<arg>${response.json()}</arg>
<doc>Returns the given values which can then be assigned to a variables.</doc>
<status status="PASS" start="2024-04-26T17:14:18.560667" elapsed="0.000487"/>
</kw>
<kw name="Set Variable" owner="BuiltIn">
<msg time="2024-04-26T17:14:18.561848" level="INFO">${name_title} = Mrs</msg>
<var>${name_title}</var>
<arg>${json_data["results"][0]["name"]["title"]}</arg>
<doc>Returns the given values which can then be assigned to a variables.</doc>
<status status="PASS" start="2024-04-26T17:14:18.561458" elapsed="0.000415"/>
</kw>
<kw name="Create List" owner="BuiltIn">
<msg time="2024-04-26T17:14:18.562316" level="INFO">${allowed_titles} = ['Mr', 'Ms', 'Miss', 'Mrs', 'Madame', 'Monsieur']</msg>
<var>${allowed_titles}</var>
<arg>Mr</arg>
<arg>Ms</arg>
<arg>Miss</arg>
<arg>Mrs</arg>
<arg>Madame</arg>
<arg>Monsieur</arg>
<doc>Returns a list containing given items.</doc>
<status status="PASS" start="2024-04-26T17:14:18.562169" elapsed="0.000171"/>
</kw>
<kw name="List Should Contain Value" owner="Collections">
<msg time="2024-04-26T17:14:18.562839" level="INFO">False</msg>
<arg>${allowed_titles}</arg>
<arg>${name_title}</arg>
<doc>Fails if the ``value`` is not found from ``list``.</doc>
<status status="PASS" start="2024-04-26T17:14:18.562668" elapsed="0.000205"/>
</kw>
<kw name="Set Variable" owner="BuiltIn">
<msg time="2024-04-26T17:14:18.563541" level="INFO">${name_country} = AU</msg>
<var>${name_country}</var>
<arg>${json_data["results"][0]["nat"]}</arg>
<doc>Returns the given values which can then be assigned to a variables.</doc>
<status status="PASS" start="2024-04-26T17:14:18.563160" elapsed="0.000406"/>
</kw>
<kw name="Create List" owner="BuiltIn">
<msg time="2024-04-26T17:14:18.564450" level="INFO">${list_country} = ['AD', 'AE', 'AF', 'AG', 'AI', 'AL', 'AM', 'AO', 'AQ', 'AR', 'AS', 'AT', 'AU', 'AW', 'AX', 'AZ', 'BA', 'BB', 'BD', 'BE', 'BF', 'BG', 'BH', 'BI', 'BJ', 'BL', 'BM', 'BN', 'BO', 'BQ', 'BR', 'BS', 'BT', '...</msg>
<var>${list_country}</var>
<arg>AD</arg>
<arg>AE</arg>
<arg>AF</arg>
<arg>AG</arg>
<arg>AI</arg>
<arg>AL</arg>
<arg>AM</arg>
<arg>AO</arg>
<arg>AQ</arg>
<arg>AR</arg>
<arg>AS</arg>
<arg>AT</arg>
<arg>AU</arg>
<arg>AW</arg>
<arg>AX</arg>
<arg>AZ</arg>
<arg>BA</arg>
<arg>BB</arg>
<arg>BD</arg>
<arg>BE</arg>
<arg>BF</arg>
<arg>BG</arg>
<arg>BH</arg>
<arg>BI</arg>
<arg>BJ</arg>
<arg>BL</arg>
<arg>BM</arg>
<arg>BN</arg>
<arg>BO</arg>
<arg>BQ</arg>
<arg>BR</arg>
<arg>BS</arg>
<arg>BT</arg>
<arg>BV</arg>
<arg>BW</arg>
<arg>BY</arg>
<arg>BZ</arg>
<arg>CA</arg>
<arg>CC</arg>
<arg>CD</arg>
<arg>CF</arg>
<arg>CG</arg>
<arg>CH</arg>
<arg>CI</arg>
<arg>CK</arg>
<arg>CL</arg>
<arg>CM</arg>
<arg>CN</arg>
<arg>CO</arg>
<arg>CR</arg>
<arg>CU</arg>
<arg>CV</arg>
<arg>CW</arg>
<arg>CX</arg>
<arg>CY</arg>
<arg>CZ</arg>
<arg>DE</arg>
<arg>DJ</arg>
<arg>DK</arg>
<arg>DM</arg>
<arg>DO</arg>
<arg>DZ</arg>
<arg>EC</arg>
<arg>EE</arg>
<arg>EG</arg>
<arg>EH</arg>
<arg>ER</arg>
<arg>ES</arg>
<arg>ET</arg>
<arg>FI</arg>
<arg>FJ</arg>
<arg>FK</arg>
<arg>FM</arg>
<arg>FO</arg>
<arg>FR</arg>
<arg>GA</arg>
<arg>GB</arg>
<arg>GD</arg>
<arg>GE</arg>
<arg>GF</arg>
<arg>GG</arg>
<arg>GH</arg>
<arg>GI</arg>
<arg>GL</arg>
<arg>GM</arg>
<arg>GN</arg>
<arg>GP</arg>
<arg>GQ</arg>
<arg>GR</arg>
<arg>GS</arg>
<arg>GT</arg>
<arg>GU</arg>
<arg>GW</arg>
<arg>GY</arg>
<arg>HK</arg>
<arg>HM</arg>
<arg>HN</arg>
<arg>HR</arg>
<arg>HT</arg>
<arg>HU</arg>
<arg>ID</arg>
<arg>IE</arg>
<arg>IL</arg>
<arg>IM</arg>
<arg>IN</arg>
<arg>IO</arg>
<arg>IQ</arg>
<arg>IR</arg>
<arg>IS</arg>
<arg>IT</arg>
<arg>JE</arg>
<arg>JM</arg>
<arg>JO</arg>
<arg>JP</arg>
<arg>KE</arg>
<arg>KG</arg>
<arg>KH</arg>
<arg>KI</arg>
<arg>KM</arg>
<arg>KN</arg>
<arg>KP</arg>
<arg>KR</arg>
<arg>KW</arg>
<arg>KY</arg>
<arg>KZ</arg>
<arg>LA</arg>
<arg>LB</arg>
<arg>LC</arg>
<arg>LI</arg>
<arg>LK</arg>
<arg>LR</arg>
<arg>LS</arg>
<arg>LT</arg>
<arg>LU</arg>
<arg>LV</arg>
<arg>LY</arg>
<arg>MA</arg>
<arg>MC</arg>
<arg>MD</arg>
<arg>ME</arg>
<arg>MF</arg>
<arg>MG</arg>
<arg>MH</arg>
<arg>MK</arg>
<arg>ML</arg>
<arg>MM</arg>
<arg>MN</arg>
<arg>MO</arg>
<arg>MP</arg>
<arg>MQ</arg>
<arg>MR</arg>
<arg>MS</arg>
<arg>MT</arg>
<arg>MU</arg>
<arg>MV</arg>
<arg>MW</arg>
<arg>MX</arg>
<arg>MY</arg>
<arg>MZ</arg>
<arg>NA</arg>
<arg>NC</arg>
<arg>NE</arg>
<arg>NF</arg>
<arg>NG</arg>
<arg>NI</arg>
<arg>NL</arg>
<arg>NO</arg>
<arg>NP</arg>
<arg>NR</arg>
<arg>NU</arg>
<arg>NZ</arg>
<arg>OM</arg>
<arg>PA</arg>
<arg>PE</arg>
<arg>PF</arg>
<arg>PG</arg>
<arg>PH</arg>
<arg>PK</arg>
<arg>PL</arg>
<arg>PM</arg>
<arg>PN</arg>
<arg>PR</arg>
<arg>PS</arg>
<arg>PT</arg>
<arg>PW</arg>
<arg>PY</arg>
<arg>QA</arg>
<arg>RE</arg>
<arg>RO</arg>
<arg>RS</arg>
<arg>RU</arg>
<arg>RW</arg>
<arg>SA</arg>
<arg>SB</arg>
<arg>SC</arg>
<arg>SD</arg>
<arg>SE</arg>
<arg>SG</arg>
<arg>SH</arg>
<arg>SI</arg>
<arg>SJ</arg>
<arg>SK</arg>
<arg>SL</arg>
<arg>SM</arg>
<arg>SN</arg>
<arg>SO</arg>
<arg>SR</arg>
<arg>SS</arg>
<arg>ST</arg>
<arg>SV</arg>
<arg>SX</arg>
<arg>SY</arg>
<arg>SZ</arg>
<arg>TC</arg>
<arg>TD</arg>
<arg>TF</arg>
<arg>TG</arg>
<arg>TH</arg>
<arg>TJ</arg>
<arg>TK</arg>
<arg>TL</arg>
<arg>TM</arg>
<arg>TN</arg>
<arg>TO</arg>
<arg>TR</arg>
<arg>TT</arg>
<arg>TV</arg>
<arg>TW</arg>
<arg>TZ</arg>
<arg>UA</arg>
<arg>UG</arg>
<arg>UM</arg>
<arg>US</arg>
<arg>UY</arg>
<arg>UZ</arg>
<arg>VA</arg>
<arg>VC</arg>
<arg>VE</arg>
<arg>VG</arg>
<arg>VI</arg>
<arg>VN</arg>
<arg>VU</arg>
<arg>WF</arg>
<arg>WS</arg>
<arg>XK</arg>
<arg>YE</arg>
<arg>YT</arg>
<arg>ZA</arg>
<arg>ZM</arg>
<arg>ZW</arg>
<doc>Returns a list containing given items.</doc>
<status status="PASS" start="2024-04-26T17:14:18.563864" elapsed="0.000611"/>
</kw>
<kw name="List Should Contain Value" owner="Collections">
<msg time="2024-04-26T17:14:18.565455" level="INFO">False</msg>
<arg>${list_country}</arg>
<arg>${name_country}</arg>
<doc>Fails if the ``value`` is not found from ``list``.</doc>
<status status="PASS" start="2024-04-26T17:14:18.565261" elapsed="0.000230"/>
</kw>
<kw name="Run Keyword If" owner="BuiltIn">
<kw name="Should Be True" owner="BuiltIn">
<arg>${True}</arg>
<doc>Fails if the given condition is not true.</doc>
<status status="PASS" start="2024-04-26T17:14:18.566574" elapsed="0.000259"/>
</kw>
<arg>${json_data["results"][0]["location"]["coordinates"]["latitude"]} &gt;= -90 and ${json_data["results"][0]["location"]["coordinates"]["latitude"]} &lt;= 90</arg>
<arg>Should Be True</arg>
<arg>${True}</arg>
<doc>Runs the given keyword with the given arguments, if ``condition`` is true.</doc>
<status status="PASS" start="2024-04-26T17:14:18.565800" elapsed="0.001164"/>
</kw>
<kw name="Run Keyword If" owner="BuiltIn">
<kw name="Should Be True" owner="BuiltIn">
<arg>${True}</arg>
<doc>Fails if the given condition is not true.</doc>
<status status="PASS" start="2024-04-26T17:14:18.567850" elapsed="0.000137"/>
</kw>
<arg>${json_data["results"][0]["location"]["coordinates"]["longitude"]} &gt;= -180 and ${json_data["results"][0]["location"]["coordinates"]["longitude"]} &lt;= 180</arg>
<arg>Should Be True</arg>
<arg>${True}</arg>
<doc>Runs the given keyword with the given arguments, if ``condition`` is true.</doc>
<status status="PASS" start="2024-04-26T17:14:18.567151" elapsed="0.000958"/>
</kw>
<status status="PASS" start="2024-04-26T17:14:18.471007" elapsed="0.097231"/>
</kw>
<doc>Testa o conteúdo específico dos campos retornados pela API.</doc>
<tag>testeConteudo</tag>
<status status="PASS" start="2024-04-26T17:14:18.470561" elapsed="0.097821"/>
</test>
<status status="PASS" start="2024-04-26T17:14:17.773169" elapsed="0.797150"/>
</suite>
<status status="PASS" start="2024-04-26T17:14:17.759245" elapsed="0.816262"/>
</suite>
<statistics>
<total>
<stat pass="5" fail="0" skip="0">All Tests</stat>
</total>
<tag>
<stat pass="1" fail="0" skip="0">testeConteudo</stat>
<stat pass="1" fail="0" skip="0">testeEstruturaResposta</stat>
<stat pass="1" fail="0" skip="0">testeRequisicaoBasica</stat>
<stat pass="1" fail="0" skip="0">testeTiposDados</stat>
</tag>
<suite>
<stat pass="5" fail="0" skip="0" id="s1" name="Tests">Tests</stat>
<stat pass="5" fail="0" skip="0" id="s1-s1" name="Random-User-Test">Tests.Random-User-Test</stat>
</suite>
</statistics>
<errors>
</errors>
</robot>
