<?xml version="1.0" encoding="UTF-8"?>
<robot generator="Robot 7.0 (Python 3.12.3 on linux)" generated="2024-05-04T02:21:57.342426" rpa="false" schemaversion="5">
<suite id="s1" name="Tests" source="/home/runner/work/DesafioQAItauRogerioJordao/DesafioQAItauRogerioJordao/RamdonUser/tests">
<suite id="s1-s1" name="Random-User-Test" source="/home/runner/work/DesafioQAItauRogerioJordao/DesafioQAItauRogerioJordao/RamdonUser/tests/random-user-test.robot">
<test id="s1-s1-t1" name="Conectar" line="13">
<kw name="Conectar API" owner="random-user-service">
<kw name="Create Session" owner="RequestsLibrary">
<msg time="2024-05-04T02:21:57.705368" level="INFO">Creating Session using : alias=consultarAPI, url=https://randomuser.me/, headers={},                     cookies={}, auth=None, timeout=None, proxies=None, verify=False,                     debug=0 </msg>
<arg>consultarAPI</arg>
<arg>${URL}</arg>
<doc>Create Session: create a HTTP session to a server</doc>
<status status="PASS" start="2024-05-04T02:21:57.705173" elapsed="0.000372"/>
</kw>
<status status="PASS" start="2024-05-04T02:21:57.704234" elapsed="0.001659"/>
</kw>
<status status="PASS" start="2024-05-04T02:21:57.703626" elapsed="0.002457"/>
</test>
<test id="s1-s1-t2" name="Validar retorno 200 e JSON Válido" line="16">
<kw name="Teste de Requisicao Basica" owner="random-user-service">
<kw name="GET On Session" owner="RequestsLibrary">
<msg time="2024-05-04T02:21:58.022049" level="INFO">GET Request : url=https://randomuser.me/api 
 path_url=/api 
 headers={'User-Agent': 'python-requests/2.31.0', 'Accept-Encoding': 'gzip, deflate', 'Accept': '*/*', 'Connection': 'keep-alive'} 
 body=None 
 </msg>
<msg time="2024-05-04T02:21:58.022225" level="INFO">GET Response : url=https://randomuser.me/api 
 status=200, reason=OK 
 headers={'Date': 'Sat, 04 May 2024 02:21:58 GMT', 'Content-Type': 'application/json; charset=utf-8', 'Transfer-Encoding': 'chunked', 'Connection': 'keep-alive', 'X-Powered-By': 'Express', 'Access-Control-Allow-Origin': '*', 'Cache-Control': 'no-cache', 'ETag': 'W/"4a6-JPaOdJJpH7N0Q+lvB3nJIID2qxc"', 'Vary': 'Accept-Encoding', 'Content-Encoding': 'gzip', 'CF-Cache-Status': 'DYNAMIC', 'Report-To': '{"endpoints":[{"url":"https:\\/\\/a.nel.cloudflare.com\\/report\\/v4?s=x8aipNyzHz%2FyzsnsbA6c6Qgtn9yhcxfODhvPj%2FfxjfSAiWzW8b9i5QOAW9IjTm12UIq0BrRo5Q20y1qoyD5lljxyn%2FMDVeKzlL8s4CexD7It%2B0rcTv6ugBGj%2Bzu%2FoevZ"}],"group":"cf-nel","max_age":604800}', 'NEL': '{"success_fraction":0,"report_to":"cf-nel","max_age":604800}', 'Server': 'cloudflare', 'CF-RAY': '87e505356d5081e1-IAD', 'alt-svc': 'h3=":443"; ma=86400'} 
 body={"results":[{"gender":"male","name":{"title":"Monsieur","first":"Richard","last":"Fleury"},"location":{"street":{"number":8668,"name":"Avenue des Ternes"},"city":"Attiswil","state":"Thurgau","country":"Switzerland","postcode":7018,"coordinates":{"latitude":"-55.9431","longitude":"-63.7559"},"timezone":{"offset":"-5:00","description":"Eastern Time (US &amp; Canada), Bogota, Lima"}},"email":"richard.fleury@example.com","login":{"uuid":"d44d00be-294e-4435-8686-a7d0a0465094","username":"orangegorilla670","password":"future","salt":"iLs3rlvH","md5":"b430e11c5946a61c57cfef50eeaf4446","sha1":"48b49f73fa4dfc1dc20b2e710c8b90b9e776b039","sha256":"7b181d88f25df432e52e112d40ca57fc6cbd6698a677aa4aab032220d95bda35"},"dob":{"date":"1969-08-08T18:52:12.123Z","age":54},"registered":{"date":"2018-09-06T19:15:25.879Z","age":5},"phone":"075 343 05 21","cell":"076 445 88 40","id":{"name":"AVS","value":"756.9878.1998.21"},"picture":{"large":"https://randomuser.me/api/portraits/men/3.jpg","medium":"https://randomuser.me/api/portraits/med/men/3.jpg","thumbnail":"https://randomuser.me/api/portraits/thumb/men/3.jpg"},"nat":"CH"}],"info":{"seed":"553ad53951c6b62b","results":1,"page":1,"version":"1.4"}} 
 </msg>
<msg time="2024-05-04T02:21:58.022326" level="INFO">/opt/hostedtoolcache/Python/3.12.3/x64/lib/python3.12/site-packages/urllib3/connectionpool.py:1103: InsecureRequestWarning: Unverified HTTPS request is being made to host 'randomuser.me'. Adding certificate verification is strongly advised. See: https://urllib3.readthedocs.io/en/latest/advanced-usage.html#tls-warnings
  warnings.warn(</msg>
<msg time="2024-05-04T02:21:58.022518" level="INFO">${response} = &lt;Response [200]&gt;</msg>
<var>${response}</var>
<arg>consultarAPI</arg>
<arg>/api</arg>
<doc>Sends a GET request on a previously created HTTP Session.</doc>
<status status="PASS" start="2024-05-04T02:21:57.708783" elapsed="0.313777"/>
</kw>
<kw name="Should Be Equal As Numbers" owner="BuiltIn">
<msg time="2024-05-04T02:21:58.023543" level="INFO">Argument types are:
&lt;class 'int'&gt;
&lt;class 'str'&gt;</msg>
<arg>${response.status_code}</arg>
<arg>200</arg>
<doc>Fails if objects are unequal after converting them to real numbers.</doc>
<status status="PASS" start="2024-05-04T02:21:58.023054" elapsed="0.000555"/>
</kw>
<kw name="Log" owner="BuiltIn">
<msg time="2024-05-04T02:21:58.024291" level="INFO">200</msg>
<arg>${response.status_code}</arg>
<doc>Logs the given message with the given level.</doc>
<status status="PASS" start="2024-05-04T02:21:58.023938" elapsed="0.000395"/>
</kw>
<kw name="Set Variable" owner="BuiltIn">
<msg time="2024-05-04T02:21:58.025116" level="INFO">${json_data} = {'results': [{'gender': 'male', 'name': {'title': 'Monsieur', 'first': 'Richard', 'last': 'Fleury'}, 'location': {'street': {'number': 8668, 'name': 'Avenue des Ternes'}, 'city': 'Attiswil', 'state': ...</msg>
<var>${json_data}</var>
<arg>${response.json()}</arg>
<doc>Returns the given values which can then be assigned to a variables.</doc>
<status status="PASS" start="2024-05-04T02:21:58.024658" elapsed="0.000486"/>
</kw>
<kw name="Dictionary Should Contain Key" owner="Collections">
<msg time="2024-05-04T02:21:58.025610" level="INFO">False</msg>
<arg>${json_data}</arg>
<arg>results</arg>
<doc>Fails if ``key`` is not found from ``dictionary``.</doc>
<status status="PASS" start="2024-05-04T02:21:58.025444" elapsed="0.000204"/>
</kw>
<status status="PASS" start="2024-05-04T02:21:57.708529" elapsed="0.317373"/>
</kw>
<doc>Testa se a API responde corretamente e retorna um objeto JSON válido.</doc>
<tag>testeRequisicaoBasica</tag>
<status status="PASS" start="2024-05-04T02:21:57.708019" elapsed="0.318069"/>
</test>
<test id="s1-s1-t3" name="Validar estrutura de resposta" line="22">
<kw name="Teste de Estrutura de Resposta" owner="random-user-service">
<kw name="GET On Session" owner="RequestsLibrary">
<msg time="2024-05-04T02:21:58.118828" level="INFO">GET Request : url=https://randomuser.me/api 
 path_url=/api 
 headers={'User-Agent': 'python-requests/2.31.0', 'Accept-Encoding': 'gzip, deflate', 'Accept': '*/*', 'Connection': 'keep-alive'} 
 body=None 
 </msg>
<msg time="2024-05-04T02:21:58.118898" level="INFO">GET Response : url=https://randomuser.me/api 
 status=200, reason=OK 
 headers={'Date': 'Sat, 04 May 2024 02:21:58 GMT', 'Content-Type': 'application/json; charset=utf-8', 'Transfer-Encoding': 'chunked', 'Connection': 'keep-alive', 'X-Powered-By': 'Express', 'Access-Control-Allow-Origin': '*', 'Cache-Control': 'no-cache', 'ETag': 'W/"48e-fbgeWOLd5hJQvzic9jPsRHQ3gcw"', 'Vary': 'Accept-Encoding', 'Content-Encoding': 'gzip', 'CF-Cache-Status': 'DYNAMIC', 'Report-To': '{"endpoints":[{"url":"https:\\/\\/a.nel.cloudflare.com\\/report\\/v4?s=d%2BpUpvkYeeyjYS%2FEJiUNLeSqforfx1bFIyOd%2Fe%2FIsyEeFCh6DZ8pPfVcAWxr9PF20XcXohWBjk0DVS5A7Lb09Owhp2X6M2Rhc%2Bf03dhw7drWDkFFZgksry597dhwOljm"}],"group":"cf-nel","max_age":604800}', 'NEL': '{"success_fraction":0,"report_to":"cf-nel","max_age":604800}', 'Server': 'cloudflare', 'CF-RAY': '87e50535ad9581e1-IAD', 'alt-svc': 'h3=":443"; ma=86400'} 
 body={"results":[{"gender":"male","name":{"title":"Mr","first":"Elias","last":"Jørgensen"},"location":{"street":{"number":92,"name":"Nørreskovvej"},"city":"Hirtsals","state":"Syddanmark","country":"Denmark","postcode":78217,"coordinates":{"latitude":"-46.5285","longitude":"-82.4873"},"timezone":{"offset":"+11:00","description":"Magadan, Solomon Islands, New Caledonia"}},"email":"elias.jorgensen@example.com","login":{"uuid":"44f094fc-8faf-4213-9cea-ef82bb6bf906","username":"tinymouse919","password":"secret","salt":"H9Q8kgpZ","md5":"f37ae922abf9ca89d1bc0cc36c31a22b","sha1":"5b86e24f4bb1f0e2ff2b3fea8d391967c53f7867","sha256":"a7b4585ff9a9ffe46e343205ab30755bfdf3bc1b65d794a2a815e29736d69889"},"dob":{"date":"1998-02-16T20:49:57.073Z","age":26},"registered":{"date":"2013-03-20T10:08:05.467Z","age":11},"phone":"67479504","cell":"39739891","id":{"name":"CPR","value":"160298-6532"},"picture":{"large":"https://randomuser.me/api/portraits/men/14.jpg","medium":"https://randomuser.me/api/portraits/med/men/14.jpg","thumbnail":"https://randomuser.me/api/portraits/thumb/men/14.jpg"},"nat":"DK"}],"info":{"seed":"811e82dd068744cf","results":1,"page":1,"version":"1.4"}} 
 </msg>
<msg time="2024-05-04T02:21:58.118996" level="INFO">/opt/hostedtoolcache/Python/3.12.3/x64/lib/python3.12/site-packages/urllib3/connectionpool.py:1103: InsecureRequestWarning: Unverified HTTPS request is being made to host 'randomuser.me'. Adding certificate verification is strongly advised. See: https://urllib3.readthedocs.io/en/latest/advanced-usage.html#tls-warnings
  warnings.warn(</msg>
<msg time="2024-05-04T02:21:58.119109" level="INFO">${response} = &lt;Response [200]&gt;</msg>
<var>${response}</var>
<arg>consultarAPI</arg>
<arg>/api</arg>
<doc>Sends a GET request on a previously created HTTP Session.</doc>
<status status="PASS" start="2024-05-04T02:21:58.028698" elapsed="0.090454"/>
</kw>
<kw name="Set Variable" owner="BuiltIn">
<msg time="2024-05-04T02:21:58.120037" level="INFO">${json_data} = {'results': [{'gender': 'male', 'name': {'title': 'Mr', 'first': 'Elias', 'last': 'Jørgensen'}, 'location': {'street': {'number': 92, 'name': 'Nørreskovvej'}, 'city': 'Hirtsals', 'state': 'Syddanmark'...</msg>
<var>${json_data}</var>
<arg>${response.json()}</arg>
<doc>Returns the given values which can then be assigned to a variables.</doc>
<status status="PASS" start="2024-05-04T02:21:58.119564" elapsed="0.000503"/>
</kw>
<kw name="Log" owner="BuiltIn">
<msg time="2024-05-04T02:21:58.120533" level="INFO">{'results': [{'gender': 'male', 'name': {'title': 'Mr', 'first': 'Elias', 'last': 'Jørgensen'}, 'location': {'street': {'number': 92, 'name': 'Nørreskovvej'}, 'city': 'Hirtsals', 'state': 'Syddanmark', 'country': 'Denmark', 'postcode': 78217, 'coordinates': {'latitude': '-46.5285', 'longitude': '-82.4873'}, 'timezone': {'offset': '+11:00', 'description': 'Magadan, Solomon Islands, New Caledonia'}}, 'email': 'elias.jorgensen@example.com', 'login': {'uuid': '44f094fc-8faf-4213-9cea-ef82bb6bf906', 'username': 'tinymouse919', 'password': 'secret', 'salt': 'H9Q8kgpZ', 'md5': 'f37ae922abf9ca89d1bc0cc36c31a22b', 'sha1': '5b86e24f4bb1f0e2ff2b3fea8d391967c53f7867', 'sha256': 'a7b4585ff9a9ffe46e343205ab30755bfdf3bc1b65d794a2a815e29736d69889'}, 'dob': {'date': '1998-02-16T20:49:57.073Z', 'age': 26}, 'registered': {'date': '2013-03-20T10:08:05.467Z', 'age': 11}, 'phone': '67479504', 'cell': '39739891', 'id': {'name': 'CPR', 'value': '160298-6532'}, 'picture': {'large': 'https://randomuser.me/api/portraits/men/14.jpg', 'medium': 'https://randomuser.me/api/portraits/med/men/14.jpg', 'thumbnail': 'https://randomuser.me/api/portraits/thumb/men/14.jpg'}, 'nat': 'DK'}], 'info': {'seed': '811e82dd068744cf', 'results': 1, 'page': 1, 'version': '1.4'}}</msg>
<arg>${json_data}</arg>
<doc>Logs the given message with the given level.</doc>
<status status="PASS" start="2024-05-04T02:21:58.120371" elapsed="0.000211"/>
</kw>
<kw name="Dictionary Should Contain Key" owner="Collections">
<msg time="2024-05-04T02:21:58.121029" level="INFO">False</msg>
<arg>${json_data}</arg>
<arg>results</arg>
<doc>Fails if ``key`` is not found from ``dictionary``.</doc>
<status status="PASS" start="2024-05-04T02:21:58.120877" elapsed="0.000188"/>
</kw>
<kw name="Should Not Be Empty" owner="BuiltIn">
<msg time="2024-05-04T02:21:58.121477" level="INFO">Length is 2.</msg>
<arg>${json_data}</arg>
<doc>Verifies that the given item is not empty.</doc>
<status status="PASS" start="2024-05-04T02:21:58.121350" elapsed="0.000165"/>
</kw>
<kw name="Create List" owner="BuiltIn">
<msg time="2024-05-04T02:21:58.122094" level="INFO">${expected_keys} = ['gender', 'name', 'location', 'email', 'login']</msg>
<var>${expected_keys}</var>
<arg>gender</arg>
<arg>name</arg>
<arg>location</arg>
<arg>email</arg>
<arg>login</arg>
<doc>Returns a list containing given items.</doc>
<status status="PASS" start="2024-05-04T02:21:58.121811" elapsed="0.000308"/>
</kw>
<for flavor="IN">
<iter>
<kw name="Dictionary Should Contain Key" owner="Collections">
<msg time="2024-05-04T02:21:58.123093" level="INFO">False</msg>
<arg>${json_data['results'][0]}</arg>
<arg>${key}</arg>
<doc>Fails if ``key`` is not found from ``dictionary``.</doc>
<status status="PASS" start="2024-05-04T02:21:58.122700" elapsed="0.000431"/>
</kw>
<kw name="Log" owner="BuiltIn">
<msg time="2024-05-04T02:21:58.123818" level="INFO">{'gender': 'male', 'name': {'title': 'Mr', 'first': 'Elias', 'last': 'Jørgensen'}, 'location': {'street': {'number': 92, 'name': 'Nørreskovvej'}, 'city': 'Hirtsals', 'state': 'Syddanmark', 'country': 'Denmark', 'postcode': 78217, 'coordinates': {'latitude': '-46.5285', 'longitude': '-82.4873'}, 'timezone': {'offset': '+11:00', 'description': 'Magadan, Solomon Islands, New Caledonia'}}, 'email': 'elias.jorgensen@example.com', 'login': {'uuid': '44f094fc-8faf-4213-9cea-ef82bb6bf906', 'username': 'tinymouse919', 'password': 'secret', 'salt': 'H9Q8kgpZ', 'md5': 'f37ae922abf9ca89d1bc0cc36c31a22b', 'sha1': '5b86e24f4bb1f0e2ff2b3fea8d391967c53f7867', 'sha256': 'a7b4585ff9a9ffe46e343205ab30755bfdf3bc1b65d794a2a815e29736d69889'}, 'dob': {'date': '1998-02-16T20:49:57.073Z', 'age': 26}, 'registered': {'date': '2013-03-20T10:08:05.467Z', 'age': 11}, 'phone': '67479504', 'cell': '39739891', 'id': {'name': 'CPR', 'value': '160298-6532'}, 'picture': {'large': 'https://randomuser.me/api/portraits/men/14.jpg', 'medium': 'https://randomuser.me/api/portraits/med/men/14.jpg', 'thumbnail': 'https://randomuser.me/api/portraits/thumb/men/14.jpg'}, 'nat': 'DK'}</msg>
<arg>${json_data['results'][0]}</arg>
<doc>Logs the given message with the given level.</doc>
<status status="PASS" start="2024-05-04T02:21:58.123455" elapsed="0.000412"/>
</kw>
<kw name="Log" owner="BuiltIn">
<msg time="2024-05-04T02:21:58.124293" level="INFO">gender</msg>
<arg>${key}</arg>
<doc>Logs the given message with the given level.</doc>
<status status="PASS" start="2024-05-04T02:21:58.124167" elapsed="0.000163"/>
</kw>
<var name="${key}">gender</var>
<status status="PASS" start="2024-05-04T02:21:58.122576" elapsed="0.001963"/>
</iter>
<iter>
<kw name="Dictionary Should Contain Key" owner="Collections">
<msg time="2024-05-04T02:21:58.125221" level="INFO">False</msg>
<arg>${json_data['results'][0]}</arg>
<arg>${key}</arg>
<doc>Fails if ``key`` is not found from ``dictionary``.</doc>
<status status="PASS" start="2024-05-04T02:21:58.124837" elapsed="0.000420"/>
</kw>
<kw name="Log" owner="BuiltIn">
<msg time="2024-05-04T02:21:58.125945" level="INFO">{'gender': 'male', 'name': {'title': 'Mr', 'first': 'Elias', 'last': 'Jørgensen'}, 'location': {'street': {'number': 92, 'name': 'Nørreskovvej'}, 'city': 'Hirtsals', 'state': 'Syddanmark', 'country': 'Denmark', 'postcode': 78217, 'coordinates': {'latitude': '-46.5285', 'longitude': '-82.4873'}, 'timezone': {'offset': '+11:00', 'description': 'Magadan, Solomon Islands, New Caledonia'}}, 'email': 'elias.jorgensen@example.com', 'login': {'uuid': '44f094fc-8faf-4213-9cea-ef82bb6bf906', 'username': 'tinymouse919', 'password': 'secret', 'salt': 'H9Q8kgpZ', 'md5': 'f37ae922abf9ca89d1bc0cc36c31a22b', 'sha1': '5b86e24f4bb1f0e2ff2b3fea8d391967c53f7867', 'sha256': 'a7b4585ff9a9ffe46e343205ab30755bfdf3bc1b65d794a2a815e29736d69889'}, 'dob': {'date': '1998-02-16T20:49:57.073Z', 'age': 26}, 'registered': {'date': '2013-03-20T10:08:05.467Z', 'age': 11}, 'phone': '67479504', 'cell': '39739891', 'id': {'name': 'CPR', 'value': '160298-6532'}, 'picture': {'large': 'https://randomuser.me/api/portraits/men/14.jpg', 'medium': 'https://randomuser.me/api/portraits/med/men/14.jpg', 'thumbnail': 'https://randomuser.me/api/portraits/thumb/men/14.jpg'}, 'nat': 'DK'}</msg>
<arg>${json_data['results'][0]}</arg>
<doc>Logs the given message with the given level.</doc>
<status status="PASS" start="2024-05-04T02:21:58.125581" elapsed="0.000413"/>
</kw>
<kw name="Log" owner="BuiltIn">
<msg time="2024-05-04T02:21:58.126413" level="INFO">name</msg>
<arg>${key}</arg>
<doc>Logs the given message with the given level.</doc>
<status status="PASS" start="2024-05-04T02:21:58.126288" elapsed="0.000162"/>
</kw>
<var name="${key}">name</var>
<status status="PASS" start="2024-05-04T02:21:58.124723" elapsed="0.001937"/>
</iter>
<iter>
<kw name="Dictionary Should Contain Key" owner="Collections">
<msg time="2024-05-04T02:21:58.127323" level="INFO">False</msg>
<arg>${json_data['results'][0]}</arg>
<arg>${key}</arg>
<doc>Fails if ``key`` is not found from ``dictionary``.</doc>
<status status="PASS" start="2024-05-04T02:21:58.126945" elapsed="0.000435"/>
</kw>
<kw name="Log" owner="BuiltIn">
<msg time="2024-05-04T02:21:58.128059" level="INFO">{'gender': 'male', 'name': {'title': 'Mr', 'first': 'Elias', 'last': 'Jørgensen'}, 'location': {'street': {'number': 92, 'name': 'Nørreskovvej'}, 'city': 'Hirtsals', 'state': 'Syddanmark', 'country': 'Denmark', 'postcode': 78217, 'coordinates': {'latitude': '-46.5285', 'longitude': '-82.4873'}, 'timezone': {'offset': '+11:00', 'description': 'Magadan, Solomon Islands, New Caledonia'}}, 'email': 'elias.jorgensen@example.com', 'login': {'uuid': '44f094fc-8faf-4213-9cea-ef82bb6bf906', 'username': 'tinymouse919', 'password': 'secret', 'salt': 'H9Q8kgpZ', 'md5': 'f37ae922abf9ca89d1bc0cc36c31a22b', 'sha1': '5b86e24f4bb1f0e2ff2b3fea8d391967c53f7867', 'sha256': 'a7b4585ff9a9ffe46e343205ab30755bfdf3bc1b65d794a2a815e29736d69889'}, 'dob': {'date': '1998-02-16T20:49:57.073Z', 'age': 26}, 'registered': {'date': '2013-03-20T10:08:05.467Z', 'age': 11}, 'phone': '67479504', 'cell': '39739891', 'id': {'name': 'CPR', 'value': '160298-6532'}, 'picture': {'large': 'https://randomuser.me/api/portraits/men/14.jpg', 'medium': 'https://randomuser.me/api/portraits/med/men/14.jpg', 'thumbnail': 'https://randomuser.me/api/portraits/thumb/men/14.jpg'}, 'nat': 'DK'}</msg>
<arg>${json_data['results'][0]}</arg>
<doc>Logs the given message with the given level.</doc>
<status status="PASS" start="2024-05-04T02:21:58.127686" elapsed="0.000423"/>
</kw>
<kw name="Log" owner="BuiltIn">
<msg time="2024-05-04T02:21:58.128528" level="INFO">location</msg>
<arg>${key}</arg>
<doc>Logs the given message with the given level.</doc>
<status status="PASS" start="2024-05-04T02:21:58.128403" elapsed="0.000162"/>
</kw>
<var name="${key}">location</var>
<status status="PASS" start="2024-05-04T02:21:58.126836" elapsed="0.001939"/>
</iter>
<iter>
<kw name="Dictionary Should Contain Key" owner="Collections">
<msg time="2024-05-04T02:21:58.129433" level="INFO">False</msg>
<arg>${json_data['results'][0]}</arg>
<arg>${key}</arg>
<doc>Fails if ``key`` is not found from ``dictionary``.</doc>
<status status="PASS" start="2024-05-04T02:21:58.129052" elapsed="0.000418"/>
</kw>
<kw name="Log" owner="BuiltIn">
<msg time="2024-05-04T02:21:58.130119" level="INFO">{'gender': 'male', 'name': {'title': 'Mr', 'first': 'Elias', 'last': 'Jørgensen'}, 'location': {'street': {'number': 92, 'name': 'Nørreskovvej'}, 'city': 'Hirtsals', 'state': 'Syddanmark', 'country': 'Denmark', 'postcode': 78217, 'coordinates': {'latitude': '-46.5285', 'longitude': '-82.4873'}, 'timezone': {'offset': '+11:00', 'description': 'Magadan, Solomon Islands, New Caledonia'}}, 'email': 'elias.jorgensen@example.com', 'login': {'uuid': '44f094fc-8faf-4213-9cea-ef82bb6bf906', 'username': 'tinymouse919', 'password': 'secret', 'salt': 'H9Q8kgpZ', 'md5': 'f37ae922abf9ca89d1bc0cc36c31a22b', 'sha1': '5b86e24f4bb1f0e2ff2b3fea8d391967c53f7867', 'sha256': 'a7b4585ff9a9ffe46e343205ab30755bfdf3bc1b65d794a2a815e29736d69889'}, 'dob': {'date': '1998-02-16T20:49:57.073Z', 'age': 26}, 'registered': {'date': '2013-03-20T10:08:05.467Z', 'age': 11}, 'phone': '67479504', 'cell': '39739891', 'id': {'name': 'CPR', 'value': '160298-6532'}, 'picture': {'large': 'https://randomuser.me/api/portraits/men/14.jpg', 'medium': 'https://randomuser.me/api/portraits/med/men/14.jpg', 'thumbnail': 'https://randomuser.me/api/portraits/thumb/men/14.jpg'}, 'nat': 'DK'}</msg>
<arg>${json_data['results'][0]}</arg>
<doc>Logs the given message with the given level.</doc>
<status status="PASS" start="2024-05-04T02:21:58.129763" elapsed="0.000406"/>
</kw>
<kw name="Log" owner="BuiltIn">
<msg time="2024-05-04T02:21:58.130584" level="INFO">email</msg>
<arg>${key}</arg>
<doc>Logs the given message with the given level.</doc>
<status status="PASS" start="2024-05-04T02:21:58.130458" elapsed="0.000164"/>
</kw>
<var name="${key}">email</var>
<status status="PASS" start="2024-05-04T02:21:58.128944" elapsed="0.001885"/>
</iter>
<iter>
<kw name="Dictionary Should Contain Key" owner="Collections">
<msg time="2024-05-04T02:21:58.131530" level="INFO">False</msg>
<arg>${json_data['results'][0]}</arg>
<arg>${key}</arg>
<doc>Fails if ``key`` is not found from ``dictionary``.</doc>
<status status="PASS" start="2024-05-04T02:21:58.131108" elapsed="0.000460"/>
</kw>
<kw name="Log" owner="BuiltIn">
<msg time="2024-05-04T02:21:58.132231" level="INFO">{'gender': 'male', 'name': {'title': 'Mr', 'first': 'Elias', 'last': 'Jørgensen'}, 'location': {'street': {'number': 92, 'name': 'Nørreskovvej'}, 'city': 'Hirtsals', 'state': 'Syddanmark', 'country': 'Denmark', 'postcode': 78217, 'coordinates': {'latitude': '-46.5285', 'longitude': '-82.4873'}, 'timezone': {'offset': '+11:00', 'description': 'Magadan, Solomon Islands, New Caledonia'}}, 'email': 'elias.jorgensen@example.com', 'login': {'uuid': '44f094fc-8faf-4213-9cea-ef82bb6bf906', 'username': 'tinymouse919', 'password': 'secret', 'salt': 'H9Q8kgpZ', 'md5': 'f37ae922abf9ca89d1bc0cc36c31a22b', 'sha1': '5b86e24f4bb1f0e2ff2b3fea8d391967c53f7867', 'sha256': 'a7b4585ff9a9ffe46e343205ab30755bfdf3bc1b65d794a2a815e29736d69889'}, 'dob': {'date': '1998-02-16T20:49:57.073Z', 'age': 26}, 'registered': {'date': '2013-03-20T10:08:05.467Z', 'age': 11}, 'phone': '67479504', 'cell': '39739891', 'id': {'name': 'CPR', 'value': '160298-6532'}, 'picture': {'large': 'https://randomuser.me/api/portraits/men/14.jpg', 'medium': 'https://randomuser.me/api/portraits/med/men/14.jpg', 'thumbnail': 'https://randomuser.me/api/portraits/thumb/men/14.jpg'}, 'nat': 'DK'}</msg>
<arg>${json_data['results'][0]}</arg>
<doc>Logs the given message with the given level.</doc>
<status status="PASS" start="2024-05-04T02:21:58.131863" elapsed="0.000417"/>
</kw>
<kw name="Log" owner="BuiltIn">
<msg time="2024-05-04T02:21:58.132711" level="INFO">login</msg>
<arg>${key}</arg>
<doc>Logs the given message with the given level.</doc>
<status status="PASS" start="2024-05-04T02:21:58.132585" elapsed="0.000165"/>
</kw>
<var name="${key}">login</var>
<status status="PASS" start="2024-05-04T02:21:58.130999" elapsed="0.001989"/>
</iter>
<var>${key}</var>
<value>@{expected_keys}</value>
<status status="PASS" start="2024-05-04T02:21:58.122383" elapsed="0.010735"/>
</for>
<kw name="Create List" owner="BuiltIn">
<msg time="2024-05-04T02:21:58.133448" level="INFO">${expected_keysTwo} = ['username', 'password']</msg>
<var>${expected_keysTwo}</var>
<arg>username</arg>
<arg>password</arg>
<doc>Returns a list containing given items.</doc>
<status status="PASS" start="2024-05-04T02:21:58.133313" elapsed="0.000159"/>
</kw>
<for flavor="IN">
<iter>
<kw name="Dictionary Should Contain Key" owner="Collections">
<msg time="2024-05-04T02:21:58.134378" level="INFO">False</msg>
<arg>${json_data['results'][0]['login']}</arg>
<arg>${keyTwo}</arg>
<doc>Fails if ``key`` is not found from ``dictionary``.</doc>
<status status="PASS" start="2024-05-04T02:21:58.133975" elapsed="0.000440"/>
</kw>
<kw name="Dictionary Should Contain Key" owner="Collections">
<msg time="2024-05-04T02:21:58.135082" level="INFO">False</msg>
<arg>${json_data['results'][0]['login']}</arg>
<arg>${keyTwo}</arg>
<doc>Fails if ``key`` is not found from ``dictionary``.</doc>
<status status="PASS" start="2024-05-04T02:21:58.134704" elapsed="0.000414"/>
</kw>
<kw name="Log" owner="BuiltIn">
<msg time="2024-05-04T02:21:58.135573" level="INFO">username</msg>
<arg>${keyTwo}</arg>
<doc>Logs the given message with the given level.</doc>
<status status="PASS" start="2024-05-04T02:21:58.135442" elapsed="0.000173"/>
</kw>
<var name="${keyTwo}">username</var>
<status status="PASS" start="2024-05-04T02:21:58.133868" elapsed="0.001962"/>
</iter>
<iter>
<kw name="Dictionary Should Contain Key" owner="Collections">
<msg time="2024-05-04T02:21:58.136488" level="INFO">False</msg>
<arg>${json_data['results'][0]['login']}</arg>
<arg>${keyTwo}</arg>
<doc>Fails if ``key`` is not found from ``dictionary``.</doc>
<status status="PASS" start="2024-05-04T02:21:58.136108" elapsed="0.000418"/>
</kw>
<kw name="Dictionary Should Contain Key" owner="Collections">
<msg time="2024-05-04T02:21:58.137280" level="INFO">False</msg>
<arg>${json_data['results'][0]['login']}</arg>
<arg>${keyTwo}</arg>
<doc>Fails if ``key`` is not found from ``dictionary``.</doc>
<status status="PASS" start="2024-05-04T02:21:58.136816" elapsed="0.000502"/>
</kw>
<kw name="Log" owner="BuiltIn">
<msg time="2024-05-04T02:21:58.137734" level="INFO">password</msg>
<arg>${keyTwo}</arg>
<doc>Logs the given message with the given level.</doc>
<status status="PASS" start="2024-05-04T02:21:58.137608" elapsed="0.000164"/>
</kw>
<var name="${keyTwo}">password</var>
<status status="PASS" start="2024-05-04T02:21:58.136000" elapsed="0.001986"/>
</iter>
<var>${keyTwo}</var>
<value>@{expected_keysTwo}</value>
<status status="PASS" start="2024-05-04T02:21:58.133718" elapsed="0.004391"/>
</for>
<status status="PASS" start="2024-05-04T02:21:58.028459" elapsed="0.109790"/>
</kw>
<doc>Testa a estrutura da resposta da API.</doc>
<tag>testeEstruturaResposta</tag>
<status status="PASS" start="2024-05-04T02:21:58.027964" elapsed="0.110434"/>
</test>
<test id="s1-s1-t4" name="Validar tipos de dados" line="28">
<kw name="Teste de Tipos de Dados" owner="random-user-service">
<kw name="GET On Session" owner="RequestsLibrary">
<msg time="2024-05-04T02:21:58.228071" level="INFO">GET Request : url=https://randomuser.me/api 
 path_url=/api 
 headers={'User-Agent': 'python-requests/2.31.0', 'Accept-Encoding': 'gzip, deflate', 'Accept': '*/*', 'Connection': 'keep-alive'} 
 body=None 
 </msg>
<msg time="2024-05-04T02:21:58.228159" level="INFO">GET Response : url=https://randomuser.me/api 
 status=200, reason=OK 
 headers={'Date': 'Sat, 04 May 2024 02:21:58 GMT', 'Content-Type': 'application/json; charset=utf-8', 'Transfer-Encoding': 'chunked', 'Connection': 'keep-alive', 'X-Powered-By': 'Express', 'Access-Control-Allow-Origin': '*', 'Cache-Control': 'no-cache', 'ETag': 'W/"48c-iIYF9Kw/WjMUUymCFd5mp/iAHns"', 'Vary': 'Accept-Encoding', 'Content-Encoding': 'gzip', 'CF-Cache-Status': 'DYNAMIC', 'Report-To': '{"endpoints":[{"url":"https:\\/\\/a.nel.cloudflare.com\\/report\\/v4?s=TBolwgxziKgPqLKwa0y6LXQD9oWtGqCt1bUdl4fajwv%2FKiQlEj3DL0SRmRsVstd4uGN2eU0Aswi3lWHE7GeApi7WtqYi7xXVHTn7b2XWM78dXc6pDKskamzt6%2Fz9A03%2B"}],"group":"cf-nel","max_age":604800}', 'NEL': '{"success_fraction":0,"report_to":"cf-nel","max_age":604800}', 'Server': 'cloudflare', 'CF-RAY': '87e505365e5481e1-IAD', 'alt-svc': 'h3=":443"; ma=86400'} 
 body={"results":[{"gender":"female","name":{"title":"Ms","first":"Jackie","last":"Fowler"},"location":{"street":{"number":3900,"name":"White Oak Dr"},"city":"Spokane","state":"Oklahoma","country":"United States","postcode":94198,"coordinates":{"latitude":"86.1172","longitude":"176.0981"},"timezone":{"offset":"-8:00","description":"Pacific Time (US &amp; Canada)"}},"email":"jackie.fowler@example.com","login":{"uuid":"64b26fdb-ed2c-4e5e-a2b7-2ea11bd3afc5","username":"lazycat927","password":"poker","salt":"1iW7x5xl","md5":"33f225e12defd851af7c09320b592046","sha1":"26be0045702ab145e846991b7a816a645f668504","sha256":"fc1a3028a5af4b924661dd30f5a0ff947f5a9e9f8921f1c85ddd9291f171d18b"},"dob":{"date":"1981-04-10T06:31:27.559Z","age":43},"registered":{"date":"2003-11-28T16:33:32.934Z","age":20},"phone":"(782) 797-3432","cell":"(489) 627-9791","id":{"name":"SSN","value":"601-97-3339"},"picture":{"large":"https://randomuser.me/api/portraits/women/8.jpg","medium":"https://randomuser.me/api/portraits/med/women/8.jpg","thumbnail":"https://randomuser.me/api/portraits/thumb/women/8.jpg"},"nat":"US"}],"info":{"seed":"d9994f7ed2366008","results":1,"page":1,"version":"1.4"}} 
 </msg>
<msg time="2024-05-04T02:21:58.228226" level="INFO">/opt/hostedtoolcache/Python/3.12.3/x64/lib/python3.12/site-packages/urllib3/connectionpool.py:1103: InsecureRequestWarning: Unverified HTTPS request is being made to host 'randomuser.me'. Adding certificate verification is strongly advised. See: https://urllib3.readthedocs.io/en/latest/advanced-usage.html#tls-warnings
  warnings.warn(</msg>
<msg time="2024-05-04T02:21:58.228347" level="INFO">${response} = &lt;Response [200]&gt;</msg>
<var>${response}</var>
<arg>consultarAPI</arg>
<arg>/api</arg>
<doc>Sends a GET request on a previously created HTTP Session.</doc>
<status status="PASS" start="2024-05-04T02:21:58.140953" elapsed="0.087432"/>
</kw>
<kw name="Set Variable" owner="BuiltIn">
<msg time="2024-05-04T02:21:58.229494" level="INFO">${json_data} = {'results': [{'gender': 'female', 'name': {'title': 'Ms', 'first': 'Jackie', 'last': 'Fowler'}, 'location': {'street': {'number': 3900, 'name': 'White Oak Dr'}, 'city': 'Spokane', 'state': 'Oklahoma',...</msg>
<var>${json_data}</var>
<arg>${response.json()}</arg>
<doc>Returns the given values which can then be assigned to a variables.</doc>
<status status="PASS" start="2024-05-04T02:21:58.228943" elapsed="0.000580"/>
</kw>
<kw name="Log" owner="BuiltIn">
<msg time="2024-05-04T02:21:58.229985" level="INFO">{'results': [{'gender': 'female', 'name': {'title': 'Ms', 'first': 'Jackie', 'last': 'Fowler'}, 'location': {'street': {'number': 3900, 'name': 'White Oak Dr'}, 'city': 'Spokane', 'state': 'Oklahoma', 'country': 'United States', 'postcode': 94198, 'coordinates': {'latitude': '86.1172', 'longitude': '176.0981'}, 'timezone': {'offset': '-8:00', 'description': 'Pacific Time (US &amp; Canada)'}}, 'email': 'jackie.fowler@example.com', 'login': {'uuid': '64b26fdb-ed2c-4e5e-a2b7-2ea11bd3afc5', 'username': 'lazycat927', 'password': 'poker', 'salt': '1iW7x5xl', 'md5': '33f225e12defd851af7c09320b592046', 'sha1': '26be0045702ab145e846991b7a816a645f668504', 'sha256': 'fc1a3028a5af4b924661dd30f5a0ff947f5a9e9f8921f1c85ddd9291f171d18b'}, 'dob': {'date': '1981-04-10T06:31:27.559Z', 'age': 43}, 'registered': {'date': '2003-11-28T16:33:32.934Z', 'age': 20}, 'phone': '(782) 797-3432', 'cell': '(489) 627-9791', 'id': {'name': 'SSN', 'value': '601-97-3339'}, 'picture': {'large': 'https://randomuser.me/api/portraits/women/8.jpg', 'medium': 'https://randomuser.me/api/portraits/med/women/8.jpg', 'thumbnail': 'https://randomuser.me/api/portraits/thumb/women/8.jpg'}, 'nat': 'US'}], 'info': {'seed': 'd9994f7ed2366008', 'results': 1, 'page': 1, 'version': '1.4'}}</msg>
<arg>${json_data}</arg>
<doc>Logs the given message with the given level.</doc>
<status status="PASS" start="2024-05-04T02:21:58.229832" elapsed="0.000236"/>
</kw>
<kw name="Should Be String" owner="String">
<arg>${json_data['results'][0]['gender']}</arg>
<doc>Fails if the given ``item`` is not a string.</doc>
<status status="PASS" start="2024-05-04T02:21:58.230366" elapsed="0.000361"/>
</kw>
<kw name="Should Match Regexp" owner="BuiltIn">
<arg>${json_data['results'][0]['email']}</arg>
<arg>^[a-zA-Z0-9._%+-]+@[a-zA-Z0-9.-]+\.[a-zA-Z]{2,}$</arg>
<doc>Fails if ``string`` does not match ``pattern`` as a regular expression.</doc>
<status status="PASS" start="2024-05-04T02:21:58.230919" elapsed="0.000564"/>
</kw>
<kw name="Should Match Regexp" owner="BuiltIn">
<arg>${json_data['results'][0]['dob']['date']}</arg>
<arg>\\d{4}-\\d{2}-\\d{2}T\\d{2}:\\d{2}:\\d{2}\\.\\d{3}Z</arg>
<doc>Fails if ``string`` does not match ``pattern`` as a regular expression.</doc>
<status status="PASS" start="2024-05-04T02:21:58.231683" elapsed="0.000496"/>
</kw>
<kw name="Should Match Regexp" owner="BuiltIn">
<arg>${json_data['results'][0]['registered']['date']}</arg>
<arg>\\d{4}-\\d{2}-\\d{2}T\\d{2}:\\d{2}:\\d{2}\\.\\d{3}Z</arg>
<doc>Fails if ``string`` does not match ``pattern`` as a regular expression.</doc>
<status status="PASS" start="2024-05-04T02:21:58.232370" elapsed="0.000367"/>
</kw>
<kw name="Should Match Regexp" owner="BuiltIn">
<arg>${json_data['results'][0]['picture']['large']}</arg>
<arg>^https?://.*\.(?:png|jpe?g|gif|bmp)$</arg>
<doc>Fails if ``string`` does not match ``pattern`` as a regular expression.</doc>
<status status="PASS" start="2024-05-04T02:21:58.232924" elapsed="0.000458"/>
</kw>
<kw name="Should Match Regexp" owner="BuiltIn">
<arg>${json_data['results'][0]['picture']['medium']}</arg>
<arg>^https?://.*\.(?:png|jpe?g|gif|bmp)$</arg>
<doc>Fails if ``string`` does not match ``pattern`` as a regular expression.</doc>
<status status="PASS" start="2024-05-04T02:21:58.233567" elapsed="0.000350"/>
</kw>
<kw name="Should Match Regexp" owner="BuiltIn">
<arg>${json_data['results'][0]['picture']['thumbnail']}</arg>
<arg>^https?://.*\.(?:png|jpe?g|gif|bmp)$</arg>
<doc>Fails if ``string`` does not match ``pattern`` as a regular expression.</doc>
<status status="PASS" start="2024-05-04T02:21:58.234108" elapsed="0.000352"/>
</kw>
<kw name="Log" owner="BuiltIn">
<msg time="2024-05-04T02:21:58.234958" level="INFO">{'large': 'https://randomuser.me/api/portraits/women/8.jpg', 'medium': 'https://randomuser.me/api/portraits/med/women/8.jpg', 'thumbnail': 'https://randomuser.me/api/portraits/thumb/women/8.jpg'}</msg>
<arg>${json_data['results'][0]['picture']}</arg>
<doc>Logs the given message with the given level.</doc>
<status status="PASS" start="2024-05-04T02:21:58.234639" elapsed="0.000360"/>
</kw>
<status status="PASS" start="2024-05-04T02:21:58.140731" elapsed="0.094523"/>
</kw>
<kw name="Teste de Tipos de Dados - Postcode" owner="random-user-service">
<kw name="GET On Session" owner="RequestsLibrary">
<msg time="2024-05-04T02:21:58.323566" level="INFO">GET Request : url=https://randomuser.me/api 
 path_url=/api 
 headers={'User-Agent': 'python-requests/2.31.0', 'Accept-Encoding': 'gzip, deflate', 'Accept': '*/*', 'Connection': 'keep-alive'} 
 body=None 
 </msg>
<msg time="2024-05-04T02:21:58.323664" level="INFO">GET Response : url=https://randomuser.me/api 
 status=200, reason=OK 
 headers={'Date': 'Sat, 04 May 2024 02:21:58 GMT', 'Content-Type': 'application/json; charset=utf-8', 'Transfer-Encoding': 'chunked', 'Connection': 'keep-alive', 'X-Powered-By': 'Express', 'Access-Control-Allow-Origin': '*', 'Cache-Control': 'no-cache', 'ETag': 'W/"499-0hb7Or40atmwI3thlxYgIuHA02o"', 'Vary': 'Accept-Encoding', 'Content-Encoding': 'gzip', 'CF-Cache-Status': 'DYNAMIC', 'Report-To': '{"endpoints":[{"url":"https:\\/\\/a.nel.cloudflare.com\\/report\\/v4?s=vuQc1rlxKS0Fq5zB%2FnpSQJoeMBwREtlB5M2c8GPlL6iwkkfulkYww4LD4PoMa1xnZ7w5VW%2FA56VvKB3d2E0M606u0tjZk6Kj6AzkWu4ZFEDQaZM%2BW27SuchdEhfvrkfn"}],"group":"cf-nel","max_age":604800}', 'NEL': '{"success_fraction":0,"report_to":"cf-nel","max_age":604800}', 'Server': 'cloudflare', 'CF-RAY': '87e50536fefd81e1-IAD', 'alt-svc': 'h3=":443"; ma=86400'} 
 body={"results":[{"gender":"female","name":{"title":"Ms","first":"Trinidad","last":"Santillán"},"location":{"street":{"number":2147,"name":"Circunvalación Beltrán"},"city":"Molcaxac","state":"Durango","country":"Mexico","postcode":45279,"coordinates":{"latitude":"25.9541","longitude":"46.1414"},"timezone":{"offset":"-10:00","description":"Hawaii"}},"email":"trinidad.santillan@example.com","login":{"uuid":"fdf13684-601d-4ab7-a0c9-baa936d52d34","username":"organicpeacock689","password":"sapphire","salt":"cg2NSE5d","md5":"d088faa07d7bf5ff483011f4a29523e4","sha1":"d126fd05f40dc3f3aa604e24f2e96168f1923ff6","sha256":"16df6ef57ed28ba980cdbd9096572278dba2fe301d3c53d53759b00873a6388b"},"dob":{"date":"1981-05-31T21:58:08.772Z","age":42},"registered":{"date":"2013-10-07T16:42:43.735Z","age":10},"phone":"(638) 318 1296","cell":"(687) 276 2661","id":{"name":"NSS","value":"80 40 77 5455 3"},"picture":{"large":"https://randomuser.me/api/portraits/women/20.jpg","medium":"https://randomuser.me/api/portraits/med/women/20.jpg","thumbnail":"https://randomuser.me/api/portraits/thumb/women/20.jpg"},"nat":"MX"}],"info":{"seed":"ecdb42058da0f199","results":1,"page":1,"version":"1.4"}} 
 </msg>
<msg time="2024-05-04T02:21:58.323750" level="INFO">/opt/hostedtoolcache/Python/3.12.3/x64/lib/python3.12/site-packages/urllib3/connectionpool.py:1103: InsecureRequestWarning: Unverified HTTPS request is being made to host 'randomuser.me'. Adding certificate verification is strongly advised. See: https://urllib3.readthedocs.io/en/latest/advanced-usage.html#tls-warnings
  warnings.warn(</msg>
<msg time="2024-05-04T02:21:58.323897" level="INFO">${response} = &lt;Response [200]&gt;</msg>
<var>${response}</var>
<arg>consultarAPI</arg>
<arg>/api</arg>
<doc>Sends a GET request on a previously created HTTP Session.</doc>
<status status="PASS" start="2024-05-04T02:21:58.235742" elapsed="0.088208"/>
</kw>
<kw name="Set Variable" owner="BuiltIn">
<msg time="2024-05-04T02:21:58.325073" level="INFO">${json_data} = {'results': [{'gender': 'female', 'name': {'title': 'Ms', 'first': 'Trinidad', 'last': 'Santillán'}, 'location': {'street': {'number': 2147, 'name': 'Circunvalación Beltrán'}, 'city': 'Molcaxac', 'sta...</msg>
<var>${json_data}</var>
<arg>${response.json()}</arg>
<doc>Returns the given values which can then be assigned to a variables.</doc>
<status status="PASS" start="2024-05-04T02:21:58.324506" elapsed="0.000596"/>
</kw>
<kw name="Log" owner="BuiltIn">
<msg time="2024-05-04T02:21:58.325563" level="INFO">{'results': [{'gender': 'female', 'name': {'title': 'Ms', 'first': 'Trinidad', 'last': 'Santillán'}, 'location': {'street': {'number': 2147, 'name': 'Circunvalación Beltrán'}, 'city': 'Molcaxac', 'state': 'Durango', 'country': 'Mexico', 'postcode': 45279, 'coordinates': {'latitude': '25.9541', 'longitude': '46.1414'}, 'timezone': {'offset': '-10:00', 'description': 'Hawaii'}}, 'email': 'trinidad.santillan@example.com', 'login': {'uuid': 'fdf13684-601d-4ab7-a0c9-baa936d52d34', 'username': 'organicpeacock689', 'password': 'sapphire', 'salt': 'cg2NSE5d', 'md5': 'd088faa07d7bf5ff483011f4a29523e4', 'sha1': 'd126fd05f40dc3f3aa604e24f2e96168f1923ff6', 'sha256': '16df6ef57ed28ba980cdbd9096572278dba2fe301d3c53d53759b00873a6388b'}, 'dob': {'date': '1981-05-31T21:58:08.772Z', 'age': 42}, 'registered': {'date': '2013-10-07T16:42:43.735Z', 'age': 10}, 'phone': '(638) 318 1296', 'cell': '(687) 276 2661', 'id': {'name': 'NSS', 'value': '80 40 77 5455 3'}, 'picture': {'large': 'https://randomuser.me/api/portraits/women/20.jpg', 'medium': 'https://randomuser.me/api/portraits/med/women/20.jpg', 'thumbnail': 'https://randomuser.me/api/portraits/thumb/women/20.jpg'}, 'nat': 'MX'}], 'info': {'seed': 'ecdb42058da0f199', 'results': 1, 'page': 1, 'version': '1.4'}}</msg>
<arg>${json_data}</arg>
<doc>Logs the given message with the given level.</doc>
<status status="PASS" start="2024-05-04T02:21:58.325408" elapsed="0.000236"/>
</kw>
<kw name="Should Be Equal As Numbers" owner="BuiltIn">
<arg>${json_data['results'][0]['location']['postcode']}</arg>
<arg>${json_data['results'][0]['location']['postcode']}</arg>
<doc>Fails if objects are unequal after converting them to real numbers.</doc>
<status status="PASS" start="2024-05-04T02:21:58.326000" elapsed="0.001206"/>
</kw>
<kw name="Log" owner="BuiltIn">
<msg time="2024-05-04T02:21:58.327934" level="INFO">45279</msg>
<arg>${json_data['results'][0]['location']['postcode']}</arg>
<doc>Logs the given message with the given level.</doc>
<status status="PASS" start="2024-05-04T02:21:58.327527" elapsed="0.000477"/>
</kw>
<status status="PASS" start="2024-05-04T02:21:58.235512" elapsed="0.092869"/>
</kw>
<doc>Testa se os tipos de dados na resposta da API estão corretos.</doc>
<tag>testeTiposDados</tag>
<status status="PASS" start="2024-05-04T02:21:58.140205" elapsed="0.188351"/>
</test>
<test id="s1-s1-t5" name="Validar conteudo" line="35">
<kw name="Teste de Tipos de Conteudo" owner="random-user-service">
<kw name="GET On Session" owner="RequestsLibrary">
<msg time="2024-05-04T02:21:58.426260" level="INFO">GET Request : url=https://randomuser.me/api 
 path_url=/api 
 headers={'User-Agent': 'python-requests/2.31.0', 'Accept-Encoding': 'gzip, deflate', 'Accept': '*/*', 'Connection': 'keep-alive'} 
 body=None 
 </msg>
<msg time="2024-05-04T02:21:58.426327" level="INFO">GET Response : url=https://randomuser.me/api 
 status=200, reason=OK 
 headers={'Date': 'Sat, 04 May 2024 02:21:58 GMT', 'Content-Type': 'application/json; charset=utf-8', 'Transfer-Encoding': 'chunked', 'Connection': 'keep-alive', 'X-Powered-By': 'Express', 'Access-Control-Allow-Origin': '*', 'Cache-Control': 'no-cache', 'ETag': 'W/"4a1-4i4umKRaZ8H2u5oAKOFqYhJsqbw"', 'Vary': 'Accept-Encoding', 'Content-Encoding': 'gzip', 'CF-Cache-Status': 'DYNAMIC', 'Report-To': '{"endpoints":[{"url":"https:\\/\\/a.nel.cloudflare.com\\/report\\/v4?s=7HEf3zfg2enMXb0LqqupOncIlze5GFJZGIdi%2BeLsSG75JcVx1mulJbGuBW2%2BI2jnO0eTVe%2BxKHn5EE2Ww5%2F3yC2SSDgos02410gLOi92jCs8ZRUbjeGnt%2FxVejAfv6ql"}],"group":"cf-nel","max_age":604800}', 'NEL': '{"success_fraction":0,"report_to":"cf-nel","max_age":604800}', 'Server': 'cloudflare', 'CF-RAY': '87e505378f8481e1-IAD', 'alt-svc': 'h3=":443"; ma=86400'} 
 body={"results":[{"gender":"male","name":{"title":"Mr","first":"Wallace","last":"Hunter"},"location":{"street":{"number":4875,"name":"Manor Road"},"city":"St Davids","state":"Hertfordshire","country":"United Kingdom","postcode":"L5 7JW","coordinates":{"latitude":"-5.7388","longitude":"-96.6762"},"timezone":{"offset":"-6:00","description":"Central Time (US &amp; Canada), Mexico City"}},"email":"wallace.hunter@example.com","login":{"uuid":"f7376c74-dff3-4aff-a0c4-d8b98defefb4","username":"smallfish869","password":"5555555","salt":"Z87oN80N","md5":"0e4e2b1afd69c25224b902dfa3b2b7f3","sha1":"a5aae0b2524162d97cadca492009f2278b7cdf9c","sha256":"0231bcd66164d8fece0da212e9d1759bef4ea2660b5eab1904b337bc8d6c929e"},"dob":{"date":"1975-05-29T21:38:24.346Z","age":48},"registered":{"date":"2016-10-09T15:46:38.485Z","age":7},"phone":"015242 08369","cell":"07813 322539","id":{"name":"NINO","value":"LT 41 20 29 B"},"picture":{"large":"https://randomuser.me/api/portraits/men/62.jpg","medium":"https://randomuser.me/api/portraits/med/men/62.jpg","thumbnail":"https://randomuser.me/api/portraits/thumb/men/62.jpg"},"nat":"GB"}],"info":{"seed":"7f6a7cf7179a8119","results":1,"page":1,"version":"1.4"}} 
 </msg>
<msg time="2024-05-04T02:21:58.426387" level="INFO">/opt/hostedtoolcache/Python/3.12.3/x64/lib/python3.12/site-packages/urllib3/connectionpool.py:1103: InsecureRequestWarning: Unverified HTTPS request is being made to host 'randomuser.me'. Adding certificate verification is strongly advised. See: https://urllib3.readthedocs.io/en/latest/advanced-usage.html#tls-warnings
  warnings.warn(</msg>
<msg time="2024-05-04T02:21:58.426478" level="INFO">${response} = &lt;Response [200]&gt;</msg>
<var>${response}</var>
<arg>consultarAPI</arg>
<arg>/api</arg>
<doc>Sends a GET request on a previously created HTTP Session.</doc>
<status status="PASS" start="2024-05-04T02:21:58.331478" elapsed="0.095042"/>
</kw>
<kw name="Set Variable" owner="BuiltIn">
<msg time="2024-05-04T02:21:58.427574" level="INFO">${json_data} = {'results': [{'gender': 'male', 'name': {'title': 'Mr', 'first': 'Wallace', 'last': 'Hunter'}, 'location': {'street': {'number': 4875, 'name': 'Manor Road'}, 'city': 'St Davids', 'state': 'Hertfordshi...</msg>
<var>${json_data}</var>
<arg>${response.json()}</arg>
<doc>Returns the given values which can then be assigned to a variables.</doc>
<status status="PASS" start="2024-05-04T02:21:58.426982" elapsed="0.000620"/>
</kw>
<kw name="Set Variable" owner="BuiltIn">
<msg time="2024-05-04T02:21:58.428289" level="INFO">${name_title} = Mr</msg>
<var>${name_title}</var>
<arg>${json_data["results"][0]["name"]["title"]}</arg>
<doc>Returns the given values which can then be assigned to a variables.</doc>
<status status="PASS" start="2024-05-04T02:21:58.427908" elapsed="0.000406"/>
</kw>
<kw name="Create List" owner="BuiltIn">
<msg time="2024-05-04T02:21:58.428758" level="INFO">${allowed_titles} = ['Mr', 'Ms', 'Miss', 'Mrs', 'Madame', 'Monsieur']</msg>
<var>${allowed_titles}</var>
<arg>Mr</arg>
<arg>Ms</arg>
<arg>Miss</arg>
<arg>Mrs</arg>
<arg>Madame</arg>
<arg>Monsieur</arg>
<doc>Returns a list containing given items.</doc>
<status status="PASS" start="2024-05-04T02:21:58.428611" elapsed="0.000171"/>
</kw>
<kw name="List Should Contain Value" owner="Collections">
<msg time="2024-05-04T02:21:58.429250" level="INFO">False</msg>
<arg>${allowed_titles}</arg>
<arg>${name_title}</arg>
<doc>Fails if the ``value`` is not found from ``list``.</doc>
<status status="PASS" start="2024-05-04T02:21:58.429079" elapsed="0.000208"/>
</kw>
<kw name="Set Variable" owner="BuiltIn">
<msg time="2024-05-04T02:21:58.429947" level="INFO">${name_country} = GB</msg>
<var>${name_country}</var>
<arg>${json_data["results"][0]["nat"]}</arg>
<doc>Returns the given values which can then be assigned to a variables.</doc>
<status status="PASS" start="2024-05-04T02:21:58.429572" elapsed="0.000400"/>
</kw>
<kw name="Create List" owner="BuiltIn">
<msg time="2024-05-04T02:21:58.430861" level="INFO">${list_country} = ['AD', 'AE', 'AF', 'AG', 'AI', 'AL', 'AM', 'AO', 'AQ', 'AR', 'AS', 'AT', 'AU', 'AW', 'AX', 'AZ', 'BA', 'BB', 'BD', 'BE', 'BF', 'BG', 'BH', 'BI', 'BJ', 'BL', 'BM', 'BN', 'BO', 'BQ', 'BR', 'BS', 'BT', '...</msg>
<var>${list_country}</var>
<arg>AD</arg>
<arg>AE</arg>
<arg>AF</arg>
<arg>AG</arg>
<arg>AI</arg>
<arg>AL</arg>
<arg>AM</arg>
<arg>AO</arg>
<arg>AQ</arg>
<arg>AR</arg>
<arg>AS</arg>
<arg>AT</arg>
<arg>AU</arg>
<arg>AW</arg>
<arg>AX</arg>
<arg>AZ</arg>
<arg>BA</arg>
<arg>BB</arg>
<arg>BD</arg>
<arg>BE</arg>
<arg>BF</arg>
<arg>BG</arg>
<arg>BH</arg>
<arg>BI</arg>
<arg>BJ</arg>
<arg>BL</arg>
<arg>BM</arg>
<arg>BN</arg>
<arg>BO</arg>
<arg>BQ</arg>
<arg>BR</arg>
<arg>BS</arg>
<arg>BT</arg>
<arg>BV</arg>
<arg>BW</arg>
<arg>BY</arg>
<arg>BZ</arg>
<arg>CA</arg>
<arg>CC</arg>
<arg>CD</arg>
<arg>CF</arg>
<arg>CG</arg>
<arg>CH</arg>
<arg>CI</arg>
<arg>CK</arg>
<arg>CL</arg>
<arg>CM</arg>
<arg>CN</arg>
<arg>CO</arg>
<arg>CR</arg>
<arg>CU</arg>
<arg>CV</arg>
<arg>CW</arg>
<arg>CX</arg>
<arg>CY</arg>
<arg>CZ</arg>
<arg>DE</arg>
<arg>DJ</arg>
<arg>DK</arg>
<arg>DM</arg>
<arg>DO</arg>
<arg>DZ</arg>
<arg>EC</arg>
<arg>EE</arg>
<arg>EG</arg>
<arg>EH</arg>
<arg>ER</arg>
<arg>ES</arg>
<arg>ET</arg>
<arg>FI</arg>
<arg>FJ</arg>
<arg>FK</arg>
<arg>FM</arg>
<arg>FO</arg>
<arg>FR</arg>
<arg>GA</arg>
<arg>GB</arg>
<arg>GD</arg>
<arg>GE</arg>
<arg>GF</arg>
<arg>GG</arg>
<arg>GH</arg>
<arg>GI</arg>
<arg>GL</arg>
<arg>GM</arg>
<arg>GN</arg>
<arg>GP</arg>
<arg>GQ</arg>
<arg>GR</arg>
<arg>GS</arg>
<arg>GT</arg>
<arg>GU</arg>
<arg>GW</arg>
<arg>GY</arg>
<arg>HK</arg>
<arg>HM</arg>
<arg>HN</arg>
<arg>HR</arg>
<arg>HT</arg>
<arg>HU</arg>
<arg>ID</arg>
<arg>IE</arg>
<arg>IL</arg>
<arg>IM</arg>
<arg>IN</arg>
<arg>IO</arg>
<arg>IQ</arg>
<arg>IR</arg>
<arg>IS</arg>
<arg>IT</arg>
<arg>JE</arg>
<arg>JM</arg>
<arg>JO</arg>
<arg>JP</arg>
<arg>KE</arg>
<arg>KG</arg>
<arg>KH</arg>
<arg>KI</arg>
<arg>KM</arg>
<arg>KN</arg>
<arg>KP</arg>
<arg>KR</arg>
<arg>KW</arg>
<arg>KY</arg>
<arg>KZ</arg>
<arg>LA</arg>
<arg>LB</arg>
<arg>LC</arg>
<arg>LI</arg>
<arg>LK</arg>
<arg>LR</arg>
<arg>LS</arg>
<arg>LT</arg>
<arg>LU</arg>
<arg>LV</arg>
<arg>LY</arg>
<arg>MA</arg>
<arg>MC</arg>
<arg>MD</arg>
<arg>ME</arg>
<arg>MF</arg>
<arg>MG</arg>
<arg>MH</arg>
<arg>MK</arg>
<arg>ML</arg>
<arg>MM</arg>
<arg>MN</arg>
<arg>MO</arg>
<arg>MP</arg>
<arg>MQ</arg>
<arg>MR</arg>
<arg>MS</arg>
<arg>MT</arg>
<arg>MU</arg>
<arg>MV</arg>
<arg>MW</arg>
<arg>MX</arg>
<arg>MY</arg>
<arg>MZ</arg>
<arg>NA</arg>
<arg>NC</arg>
<arg>NE</arg>
<arg>NF</arg>
<arg>NG</arg>
<arg>NI</arg>
<arg>NL</arg>
<arg>NO</arg>
<arg>NP</arg>
<arg>NR</arg>
<arg>NU</arg>
<arg>NZ</arg>
<arg>OM</arg>
<arg>PA</arg>
<arg>PE</arg>
<arg>PF</arg>
<arg>PG</arg>
<arg>PH</arg>
<arg>PK</arg>
<arg>PL</arg>
<arg>PM</arg>
<arg>PN</arg>
<arg>PR</arg>
<arg>PS</arg>
<arg>PT</arg>
<arg>PW</arg>
<arg>PY</arg>
<arg>QA</arg>
<arg>RE</arg>
<arg>RO</arg>
<arg>RS</arg>
<arg>RU</arg>
<arg>RW</arg>
<arg>SA</arg>
<arg>SB</arg>
<arg>SC</arg>
<arg>SD</arg>
<arg>SE</arg>
<arg>SG</arg>
<arg>SH</arg>
<arg>SI</arg>
<arg>SJ</arg>
<arg>SK</arg>
<arg>SL</arg>
<arg>SM</arg>
<arg>SN</arg>
<arg>SO</arg>
<arg>SR</arg>
<arg>SS</arg>
<arg>ST</arg>
<arg>SV</arg>
<arg>SX</arg>
<arg>SY</arg>
<arg>SZ</arg>
<arg>TC</arg>
<arg>TD</arg>
<arg>TF</arg>
<arg>TG</arg>
<arg>TH</arg>
<arg>TJ</arg>
<arg>TK</arg>
<arg>TL</arg>
<arg>TM</arg>
<arg>TN</arg>
<arg>TO</arg>
<arg>TR</arg>
<arg>TT</arg>
<arg>TV</arg>
<arg>TW</arg>
<arg>TZ</arg>
<arg>UA</arg>
<arg>UG</arg>
<arg>UM</arg>
<arg>US</arg>
<arg>UY</arg>
<arg>UZ</arg>
<arg>VA</arg>
<arg>VC</arg>
<arg>VE</arg>
<arg>VG</arg>
<arg>VI</arg>
<arg>VN</arg>
<arg>VU</arg>
<arg>WF</arg>
<arg>WS</arg>
<arg>XK</arg>
<arg>YE</arg>
<arg>YT</arg>
<arg>ZA</arg>
<arg>ZM</arg>
<arg>ZW</arg>
<doc>Returns a list containing given items.</doc>
<status status="PASS" start="2024-05-04T02:21:58.430276" elapsed="0.000610"/>
</kw>
<kw name="List Should Contain Value" owner="Collections">
<msg time="2024-05-04T02:21:58.431900" level="INFO">False</msg>
<arg>${list_country}</arg>
<arg>${name_country}</arg>
<doc>Fails if the ``value`` is not found from ``list``.</doc>
<status status="PASS" start="2024-05-04T02:21:58.431702" elapsed="0.000234"/>
</kw>
<kw name="Run Keyword If" owner="BuiltIn">
<kw name="Should Be True" owner="BuiltIn">
<arg>${True}</arg>
<doc>Fails if the given condition is not true.</doc>
<status status="PASS" start="2024-05-04T02:21:58.433000" elapsed="0.000144"/>
</kw>
<arg>${json_data["results"][0]["location"]["coordinates"]["latitude"]} &gt;= -90 and ${json_data["results"][0]["location"]["coordinates"]["latitude"]} &lt;= 90</arg>
<arg>Should Be True</arg>
<arg>${True}</arg>
<doc>Runs the given keyword with the given arguments, if ``condition`` is true.</doc>
<status status="PASS" start="2024-05-04T02:21:58.432248" elapsed="0.001020"/>
</kw>
<kw name="Run Keyword If" owner="BuiltIn">
<kw name="Should Be True" owner="BuiltIn">
<arg>${True}</arg>
<doc>Fails if the given condition is not true.</doc>
<status status="PASS" start="2024-05-04T02:21:58.434162" elapsed="0.000239"/>
</kw>
<arg>${json_data["results"][0]["location"]["coordinates"]["longitude"]} &gt;= -180 and ${json_data["results"][0]["location"]["coordinates"]["longitude"]} &lt;= 180</arg>
<arg>Should Be True</arg>
<arg>${True}</arg>
<doc>Runs the given keyword with the given arguments, if ``condition`` is true.</doc>
<status status="PASS" start="2024-05-04T02:21:58.433449" elapsed="0.001078"/>
</kw>
<status status="PASS" start="2024-05-04T02:21:58.331217" elapsed="0.103439"/>
</kw>
<doc>Testa o conteúdo específico dos campos retornados pela API.</doc>
<tag>testeConteudo</tag>
<status status="PASS" start="2024-05-04T02:21:58.330692" elapsed="0.104107"/>
</test>
<status status="PASS" start="2024-05-04T02:21:57.399835" elapsed="1.037230"/>
</suite>
<status status="PASS" start="2024-05-04T02:21:57.386358" elapsed="1.055862"/>
</suite>
<statistics>
<total>
<stat pass="5" fail="0" skip="0">All Tests</stat>
</total>
<tag>
<stat pass="1" fail="0" skip="0">testeConteudo</stat>
<stat pass="1" fail="0" skip="0">testeEstruturaResposta</stat>
<stat pass="1" fail="0" skip="0">testeRequisicaoBasica</stat>
<stat pass="1" fail="0" skip="0">testeTiposDados</stat>
</tag>
<suite>
<stat pass="5" fail="0" skip="0" id="s1" name="Tests">Tests</stat>
<stat pass="5" fail="0" skip="0" id="s1-s1" name="Random-User-Test">Tests.Random-User-Test</stat>
</suite>
</statistics>
<errors>
</errors>
</robot>
