<?xml version="1.0" encoding="UTF-8"?>
<robot generator="Robot 7.0.1 (Python 3.12.4 on linux)" generated="2024-08-04T12:27:06.706961" rpa="false" schemaversion="5">
<suite id="s1" name="Tests" source="/home/runner/work/ApiRandomUser/ApiRandomUser/RamdonUser/tests">
<suite id="s1-s1" name="Random-User-Test" source="/home/runner/work/ApiRandomUser/ApiRandomUser/RamdonUser/tests/random-user-test.robot">
<test id="s1-s1-t1" name="Conectar" line="13">
<kw name="Conectar API" owner="random-user-service">
<kw name="Create Session" owner="RequestsLibrary">
<msg time="2024-08-04T12:27:07.201215" level="INFO">Creating Session using : alias=consultarAPI, url=https://randomuser.me/, headers={},                     cookies={}, auth=None, timeout=None, proxies=None, verify=False,                     debug=0 </msg>
<arg>consultarAPI</arg>
<arg>${URL}</arg>
<doc>Create Session: create a HTTP session to a server</doc>
<status status="PASS" start="2024-08-04T12:27:07.200993" elapsed="0.000421"/>
</kw>
<status status="PASS" start="2024-08-04T12:27:07.199894" elapsed="0.001893"/>
</kw>
<status status="PASS" start="2024-08-04T12:27:07.199196" elapsed="0.002792"/>
</test>
<test id="s1-s1-t2" name="Validar retorno 200 e JSON Válido" line="16">
<kw name="Teste de Requisicao Basica" owner="random-user-service">
<kw name="GET On Session" owner="RequestsLibrary">
<msg time="2024-08-04T12:27:07.269732" level="INFO">GET Request : url=https://randomuser.me/api 
 path_url=/api 
 headers={'User-Agent': 'python-requests/2.32.3', 'Accept-Encoding': 'gzip, deflate', 'Accept': '*/*', 'Connection': 'keep-alive'} 
 body=None 
 </msg>
<msg time="2024-08-04T12:27:07.269913" level="INFO">GET Response : url=https://randomuser.me/api 
 status=200, reason=OK 
 headers={'Date': 'Sun, 04 Aug 2024 12:27:07 GMT', 'Content-Type': 'application/json; charset=utf-8', 'Transfer-Encoding': 'chunked', 'Connection': 'keep-alive', 'X-Powered-By': 'Express', 'Access-Control-Allow-Origin': '*', 'Cache-Control': 'no-cache', 'ETag': 'W/"49d-grzmVe+9bEFmmAmk1wGIzo0bb+o"', 'Vary': 'Accept-Encoding', 'Content-Encoding': 'gzip', 'CF-Cache-Status': 'DYNAMIC', 'Report-To': '{"endpoints":[{"url":"https:\\/\\/a.nel.cloudflare.com\\/report\\/v4?s=Kj5IV92v7a876gkEzdk0mTje2hUeJpD0gN6QK9l3G9yaC5r7QImovB0LtXM%2BYVc0w2VdYApvinMw0apsiiZKuQx8mnsbTxtTkBrhzGxktnx%2FwpvmI6oiwfrfjjuP4G4W"}],"group":"cf-nel","max_age":604800}', 'NEL': '{"success_fraction":0,"report_to":"cf-nel","max_age":604800}', 'Server': 'cloudflare', 'CF-RAY': '8ade8a2a28f706bf-IAD', 'alt-svc': 'h3=":443"; ma=86400'} 
 body={"results":[{"gender":"female","name":{"title":"Miss","first":"Belinda","last":"Silveira"},"location":{"street":{"number":6508,"name":"Rua Pernambuco "},"city":"Itapipoca","state":"Distrito Federal","country":"Brazil","postcode":60217,"coordinates":{"latitude":"-76.6430","longitude":"140.5265"},"timezone":{"offset":"+9:30","description":"Adelaide, Darwin"}},"email":"belinda.silveira@example.com","login":{"uuid":"1e0ea764-842f-4b29-9ce0-98fe6b03b99a","username":"beautifullion566","password":"sylvia","salt":"tl9TkJLX","md5":"3e1a29d4f6091eb59efaee850ad1ca0a","sha1":"262051ca3d69282504b5f60e44d7c4cd6a78e885","sha256":"e627422dc6ddd19ff441d7a3f1e00c3ca0a19ce2aee0ce28fd49fdf09d099d27"},"dob":{"date":"1999-08-27T10:43:55.558Z","age":24},"registered":{"date":"2020-09-25T13:10:09.361Z","age":3},"phone":"(70) 2755-6216","cell":"(95) 0528-1787","id":{"name":"CPF","value":"925.441.453-76"},"picture":{"large":"https://randomuser.me/api/portraits/women/41.jpg","medium":"https://randomuser.me/api/portraits/med/women/41.jpg","thumbnail":"https://randomuser.me/api/portraits/thumb/women/41.jpg"},"nat":"BR"}],"info":{"seed":"f0c9021b0998856f","results":1,"page":1,"version":"1.4"}} 
 </msg>
<msg time="2024-08-04T12:27:07.270013" level="INFO">/opt/hostedtoolcache/Python/3.12.4/x64/lib/python3.12/site-packages/urllib3/connectionpool.py:1099: InsecureRequestWarning: Unverified HTTPS request is being made to host 'randomuser.me'. Adding certificate verification is strongly advised. See: https://urllib3.readthedocs.io/en/latest/advanced-usage.html#tls-warnings
  warnings.warn(</msg>
<msg time="2024-08-04T12:27:07.270189" level="INFO">${response} = &lt;Response [200]&gt;</msg>
<var>${response}</var>
<arg>consultarAPI</arg>
<arg>/api</arg>
<doc>Sends a GET request on a previously created HTTP Session.</doc>
<status status="PASS" start="2024-08-04T12:27:07.204631" elapsed="0.065595"/>
</kw>
<kw name="Should Be Equal As Numbers" owner="BuiltIn">
<msg time="2024-08-04T12:27:07.271248" level="INFO">Argument types are:
&lt;class 'int'&gt;
&lt;class 'str'&gt;</msg>
<arg>${response.status_code}</arg>
<arg>200</arg>
<doc>Fails if objects are unequal after converting them to real numbers.</doc>
<status status="PASS" start="2024-08-04T12:27:07.270770" elapsed="0.000549"/>
</kw>
<kw name="Log" owner="BuiltIn">
<msg time="2024-08-04T12:27:07.272059" level="INFO">200</msg>
<arg>${response.status_code}</arg>
<doc>Logs the given message with the given level.</doc>
<status status="PASS" start="2024-08-04T12:27:07.271687" elapsed="0.000418"/>
</kw>
<kw name="Set Variable" owner="BuiltIn">
<msg time="2024-08-04T12:27:07.272944" level="INFO">${json_data} = {'results': [{'gender': 'female', 'name': {'title': 'Miss', 'first': 'Belinda', 'last': 'Silveira'}, 'location': {'street': {'number': 6508, 'name': 'Rua Pernambuco '}, 'city': 'Itapipoca', 'state': '...</msg>
<var>${json_data}</var>
<arg>${response.json()}</arg>
<doc>Returns the given values which can then be assigned to a variables.</doc>
<status status="PASS" start="2024-08-04T12:27:07.272435" elapsed="0.000541"/>
</kw>
<kw name="Dictionary Should Contain Key" owner="Collections">
<arg>${json_data}</arg>
<arg>results</arg>
<doc>Fails if ``key`` is not found from ``dictionary``.</doc>
<status status="PASS" start="2024-08-04T12:27:07.273296" elapsed="0.000345"/>
</kw>
<status status="PASS" start="2024-08-04T12:27:07.204374" elapsed="0.069425"/>
</kw>
<doc>Testa se a API responde corretamente e retorna um objeto JSON válido.</doc>
<tag>testeRequisicaoBasica</tag>
<status status="PASS" start="2024-08-04T12:27:07.203839" elapsed="0.070135"/>
</test>
<test id="s1-s1-t3" name="Validar estrutura de resposta" line="22">
<kw name="Teste de Estrutura de Resposta" owner="random-user-service">
<kw name="GET On Session" owner="RequestsLibrary">
<msg time="2024-08-04T12:27:07.371978" level="INFO">GET Request : url=https://randomuser.me/api 
 path_url=/api 
 headers={'User-Agent': 'python-requests/2.32.3', 'Accept-Encoding': 'gzip, deflate', 'Accept': '*/*', 'Connection': 'keep-alive'} 
 body=None 
 </msg>
<msg time="2024-08-04T12:27:07.372095" level="INFO">GET Response : url=https://randomuser.me/api 
 status=200, reason=OK 
 headers={'Date': 'Sun, 04 Aug 2024 12:27:07 GMT', 'Content-Type': 'application/json; charset=utf-8', 'Transfer-Encoding': 'chunked', 'Connection': 'keep-alive', 'X-Powered-By': 'Express', 'Access-Control-Allow-Origin': '*', 'Cache-Control': 'no-cache', 'ETag': 'W/"48a-UuCw2IH2JvFcVsPe1OgxMAS1tE8"', 'Vary': 'Accept-Encoding', 'Content-Encoding': 'gzip', 'CF-Cache-Status': 'DYNAMIC', 'Report-To': '{"endpoints":[{"url":"https:\\/\\/a.nel.cloudflare.com\\/report\\/v4?s=DZOCVdMzVk5s17eYkDptWUfW32NFiUmFscHgpYE%2FLf2ZXMkz1NtldC6hvMYDw0RmaK7O8zP0muRyMzVhKnESQWwig%2BPkA0UtHlaG64ilyPHd0DCw4Dxe8%2FZvKY%2BSZHD0"}],"group":"cf-nel","max_age":604800}', 'NEL': '{"success_fraction":0,"report_to":"cf-nel","max_age":604800}', 'Server': 'cloudflare', 'CF-RAY': '8ade8a2a794906bf-IAD', 'alt-svc': 'h3=":443"; ma=86400'} 
 body={"results":[{"gender":"male","name":{"title":"Mr","first":"Paco","last":"Mens"},"location":{"street":{"number":224,"name":"Kinnum"},"city":"Geldrop-Mierlo","state":"Limburg","country":"Netherlands","postcode":"3595 BW","coordinates":{"latitude":"36.3729","longitude":"-165.0750"},"timezone":{"offset":"-5:00","description":"Eastern Time (US &amp; Canada), Bogota, Lima"}},"email":"paco.mens@example.com","login":{"uuid":"b730e475-2f27-4c62-9aa5-4db9ed13499d","username":"redfrog359","password":"openup","salt":"l8hDUxiZ","md5":"d050befdbf7173b099696369910c5f96","sha1":"c01f326e0f914bdb5030e24519dfcd893afc6c86","sha256":"61506b719bcda6f5dcad118706b11a88a68c1d52f174e2cdbfc13f820ed364e8"},"dob":{"date":"1991-08-14T03:58:37.576Z","age":32},"registered":{"date":"2016-06-30T16:38:19.107Z","age":8},"phone":"(098) 0226583","cell":"(06) 64679465","id":{"name":"BSN","value":"79431606"},"picture":{"large":"https://randomuser.me/api/portraits/men/60.jpg","medium":"https://randomuser.me/api/portraits/med/men/60.jpg","thumbnail":"https://randomuser.me/api/portraits/thumb/men/60.jpg"},"nat":"NL"}],"info":{"seed":"884fd1ac5e695324","results":1,"page":1,"version":"1.4"}} 
 </msg>
<msg time="2024-08-04T12:27:07.372244" level="INFO">/opt/hostedtoolcache/Python/3.12.4/x64/lib/python3.12/site-packages/urllib3/connectionpool.py:1099: InsecureRequestWarning: Unverified HTTPS request is being made to host 'randomuser.me'. Adding certificate verification is strongly advised. See: https://urllib3.readthedocs.io/en/latest/advanced-usage.html#tls-warnings
  warnings.warn(</msg>
<msg time="2024-08-04T12:27:07.372401" level="INFO">${response} = &lt;Response [200]&gt;</msg>
<var>${response}</var>
<arg>consultarAPI</arg>
<arg>/api</arg>
<doc>Sends a GET request on a previously created HTTP Session.</doc>
<status status="PASS" start="2024-08-04T12:27:07.276572" elapsed="0.095865"/>
</kw>
<kw name="Set Variable" owner="BuiltIn">
<msg time="2024-08-04T12:27:07.373504" level="INFO">${json_data} = {'results': [{'gender': 'male', 'name': {'title': 'Mr', 'first': 'Paco', 'last': 'Mens'}, 'location': {'street': {'number': 224, 'name': 'Kinnum'}, 'city': 'Geldrop-Mierlo', 'state': 'Limburg', 'count...</msg>
<var>${json_data}</var>
<arg>${response.json()}</arg>
<doc>Returns the given values which can then be assigned to a variables.</doc>
<status status="PASS" start="2024-08-04T12:27:07.372974" elapsed="0.000559"/>
</kw>
<kw name="Log" owner="BuiltIn">
<msg time="2024-08-04T12:27:07.374066" level="INFO">{'results': [{'gender': 'male', 'name': {'title': 'Mr', 'first': 'Paco', 'last': 'Mens'}, 'location': {'street': {'number': 224, 'name': 'Kinnum'}, 'city': 'Geldrop-Mierlo', 'state': 'Limburg', 'country': 'Netherlands', 'postcode': '3595 BW', 'coordinates': {'latitude': '36.3729', 'longitude': '-165.0750'}, 'timezone': {'offset': '-5:00', 'description': 'Eastern Time (US &amp; Canada), Bogota, Lima'}}, 'email': 'paco.mens@example.com', 'login': {'uuid': 'b730e475-2f27-4c62-9aa5-4db9ed13499d', 'username': 'redfrog359', 'password': 'openup', 'salt': 'l8hDUxiZ', 'md5': 'd050befdbf7173b099696369910c5f96', 'sha1': 'c01f326e0f914bdb5030e24519dfcd893afc6c86', 'sha256': '61506b719bcda6f5dcad118706b11a88a68c1d52f174e2cdbfc13f820ed364e8'}, 'dob': {'date': '1991-08-14T03:58:37.576Z', 'age': 32}, 'registered': {'date': '2016-06-30T16:38:19.107Z', 'age': 8}, 'phone': '(098) 0226583', 'cell': '(06) 64679465', 'id': {'name': 'BSN', 'value': '79431606'}, 'picture': {'large': 'https://randomuser.me/api/portraits/men/60.jpg', 'medium': 'https://randomuser.me/api/portraits/med/men/60.jpg', 'thumbnail': 'https://randomuser.me/api/portraits/thumb/men/60.jpg'}, 'nat': 'NL'}], 'info': {'seed': '884fd1ac5e695324', 'results': 1, 'page': 1, 'version': '1.4'}}</msg>
<arg>${json_data}</arg>
<doc>Logs the given message with the given level.</doc>
<status status="PASS" start="2024-08-04T12:27:07.373891" elapsed="0.000227"/>
</kw>
<kw name="Dictionary Should Contain Key" owner="Collections">
<arg>${json_data}</arg>
<arg>results</arg>
<doc>Fails if ``key`` is not found from ``dictionary``.</doc>
<status status="PASS" start="2024-08-04T12:27:07.374435" elapsed="0.000178"/>
</kw>
<kw name="Should Not Be Empty" owner="BuiltIn">
<msg time="2024-08-04T12:27:07.374944" level="INFO">Length is 2.</msg>
<arg>${json_data}</arg>
<doc>Verifies that the given item is not empty.</doc>
<status status="PASS" start="2024-08-04T12:27:07.374803" elapsed="0.000181"/>
</kw>
<kw name="Create List" owner="BuiltIn">
<msg time="2024-08-04T12:27:07.375447" level="INFO">${expected_keys} = ['gender', 'name', 'location', 'email', 'login']</msg>
<var>${expected_keys}</var>
<arg>gender</arg>
<arg>name</arg>
<arg>location</arg>
<arg>email</arg>
<arg>login</arg>
<doc>Returns a list containing given items.</doc>
<status status="PASS" start="2024-08-04T12:27:07.375296" elapsed="0.000175"/>
</kw>
<for flavor="IN">
<iter>
<kw name="Dictionary Should Contain Key" owner="Collections">
<arg>${json_data['results'][0]}</arg>
<arg>${key}</arg>
<doc>Fails if ``key`` is not found from ``dictionary``.</doc>
<status status="PASS" start="2024-08-04T12:27:07.376068" elapsed="0.000427"/>
</kw>
<kw name="Log" owner="BuiltIn">
<msg time="2024-08-04T12:27:07.377093" level="INFO">{'gender': 'male', 'name': {'title': 'Mr', 'first': 'Paco', 'last': 'Mens'}, 'location': {'street': {'number': 224, 'name': 'Kinnum'}, 'city': 'Geldrop-Mierlo', 'state': 'Limburg', 'country': 'Netherlands', 'postcode': '3595 BW', 'coordinates': {'latitude': '36.3729', 'longitude': '-165.0750'}, 'timezone': {'offset': '-5:00', 'description': 'Eastern Time (US &amp; Canada), Bogota, Lima'}}, 'email': 'paco.mens@example.com', 'login': {'uuid': 'b730e475-2f27-4c62-9aa5-4db9ed13499d', 'username': 'redfrog359', 'password': 'openup', 'salt': 'l8hDUxiZ', 'md5': 'd050befdbf7173b099696369910c5f96', 'sha1': 'c01f326e0f914bdb5030e24519dfcd893afc6c86', 'sha256': '61506b719bcda6f5dcad118706b11a88a68c1d52f174e2cdbfc13f820ed364e8'}, 'dob': {'date': '1991-08-14T03:58:37.576Z', 'age': 32}, 'registered': {'date': '2016-06-30T16:38:19.107Z', 'age': 8}, 'phone': '(098) 0226583', 'cell': '(06) 64679465', 'id': {'name': 'BSN', 'value': '79431606'}, 'picture': {'large': 'https://randomuser.me/api/portraits/men/60.jpg', 'medium': 'https://randomuser.me/api/portraits/med/men/60.jpg', 'thumbnail': 'https://randomuser.me/api/portraits/thumb/men/60.jpg'}, 'nat': 'NL'}</msg>
<arg>${json_data['results'][0]}</arg>
<doc>Logs the given message with the given level.</doc>
<status status="PASS" start="2024-08-04T12:27:07.376687" elapsed="0.000456"/>
</kw>
<kw name="Log" owner="BuiltIn">
<msg time="2024-08-04T12:27:07.377578" level="INFO">gender</msg>
<arg>${key}</arg>
<doc>Logs the given message with the given level.</doc>
<status status="PASS" start="2024-08-04T12:27:07.377448" elapsed="0.000170"/>
</kw>
<var name="${key}">gender</var>
<status status="PASS" start="2024-08-04T12:27:07.375925" elapsed="0.001912"/>
</iter>
<iter>
<kw name="Dictionary Should Contain Key" owner="Collections">
<arg>${json_data['results'][0]}</arg>
<arg>${key}</arg>
<doc>Fails if ``key`` is not found from ``dictionary``.</doc>
<status status="PASS" start="2024-08-04T12:27:07.378154" elapsed="0.000404"/>
</kw>
<kw name="Log" owner="BuiltIn">
<msg time="2024-08-04T12:27:07.379097" level="INFO">{'gender': 'male', 'name': {'title': 'Mr', 'first': 'Paco', 'last': 'Mens'}, 'location': {'street': {'number': 224, 'name': 'Kinnum'}, 'city': 'Geldrop-Mierlo', 'state': 'Limburg', 'country': 'Netherlands', 'postcode': '3595 BW', 'coordinates': {'latitude': '36.3729', 'longitude': '-165.0750'}, 'timezone': {'offset': '-5:00', 'description': 'Eastern Time (US &amp; Canada), Bogota, Lima'}}, 'email': 'paco.mens@example.com', 'login': {'uuid': 'b730e475-2f27-4c62-9aa5-4db9ed13499d', 'username': 'redfrog359', 'password': 'openup', 'salt': 'l8hDUxiZ', 'md5': 'd050befdbf7173b099696369910c5f96', 'sha1': 'c01f326e0f914bdb5030e24519dfcd893afc6c86', 'sha256': '61506b719bcda6f5dcad118706b11a88a68c1d52f174e2cdbfc13f820ed364e8'}, 'dob': {'date': '1991-08-14T03:58:37.576Z', 'age': 32}, 'registered': {'date': '2016-06-30T16:38:19.107Z', 'age': 8}, 'phone': '(098) 0226583', 'cell': '(06) 64679465', 'id': {'name': 'BSN', 'value': '79431606'}, 'picture': {'large': 'https://randomuser.me/api/portraits/men/60.jpg', 'medium': 'https://randomuser.me/api/portraits/med/men/60.jpg', 'thumbnail': 'https://randomuser.me/api/portraits/thumb/men/60.jpg'}, 'nat': 'NL'}</msg>
<arg>${json_data['results'][0]}</arg>
<doc>Logs the given message with the given level.</doc>
<status status="PASS" start="2024-08-04T12:27:07.378742" elapsed="0.000438"/>
</kw>
<kw name="Log" owner="BuiltIn">
<msg time="2024-08-04T12:27:07.379618" level="INFO">name</msg>
<arg>${key}</arg>
<doc>Logs the given message with the given level.</doc>
<status status="PASS" start="2024-08-04T12:27:07.379483" elapsed="0.000175"/>
</kw>
<var name="${key}">name</var>
<status status="PASS" start="2024-08-04T12:27:07.378035" elapsed="0.001840"/>
</iter>
<iter>
<kw name="Dictionary Should Contain Key" owner="Collections">
<arg>${json_data['results'][0]}</arg>
<arg>${key}</arg>
<doc>Fails if ``key`` is not found from ``dictionary``.</doc>
<status status="PASS" start="2024-08-04T12:27:07.380165" elapsed="0.000379"/>
</kw>
<kw name="Log" owner="BuiltIn">
<msg time="2024-08-04T12:27:07.381121" level="INFO">{'gender': 'male', 'name': {'title': 'Mr', 'first': 'Paco', 'last': 'Mens'}, 'location': {'street': {'number': 224, 'name': 'Kinnum'}, 'city': 'Geldrop-Mierlo', 'state': 'Limburg', 'country': 'Netherlands', 'postcode': '3595 BW', 'coordinates': {'latitude': '36.3729', 'longitude': '-165.0750'}, 'timezone': {'offset': '-5:00', 'description': 'Eastern Time (US &amp; Canada), Bogota, Lima'}}, 'email': 'paco.mens@example.com', 'login': {'uuid': 'b730e475-2f27-4c62-9aa5-4db9ed13499d', 'username': 'redfrog359', 'password': 'openup', 'salt': 'l8hDUxiZ', 'md5': 'd050befdbf7173b099696369910c5f96', 'sha1': 'c01f326e0f914bdb5030e24519dfcd893afc6c86', 'sha256': '61506b719bcda6f5dcad118706b11a88a68c1d52f174e2cdbfc13f820ed364e8'}, 'dob': {'date': '1991-08-14T03:58:37.576Z', 'age': 32}, 'registered': {'date': '2016-06-30T16:38:19.107Z', 'age': 8}, 'phone': '(098) 0226583', 'cell': '(06) 64679465', 'id': {'name': 'BSN', 'value': '79431606'}, 'picture': {'large': 'https://randomuser.me/api/portraits/men/60.jpg', 'medium': 'https://randomuser.me/api/portraits/med/men/60.jpg', 'thumbnail': 'https://randomuser.me/api/portraits/thumb/men/60.jpg'}, 'nat': 'NL'}</msg>
<arg>${json_data['results'][0]}</arg>
<doc>Logs the given message with the given level.</doc>
<status status="PASS" start="2024-08-04T12:27:07.380725" elapsed="0.000446"/>
</kw>
<kw name="Log" owner="BuiltIn">
<msg time="2024-08-04T12:27:07.381603" level="INFO">location</msg>
<arg>${key}</arg>
<doc>Logs the given message with the given level.</doc>
<status status="PASS" start="2024-08-04T12:27:07.381474" elapsed="0.000168"/>
</kw>
<var name="${key}">location</var>
<status status="PASS" start="2024-08-04T12:27:07.380056" elapsed="0.001809"/>
</iter>
<iter>
<kw name="Dictionary Should Contain Key" owner="Collections">
<arg>${json_data['results'][0]}</arg>
<arg>${key}</arg>
<doc>Fails if ``key`` is not found from ``dictionary``.</doc>
<status status="PASS" start="2024-08-04T12:27:07.382163" elapsed="0.000390"/>
</kw>
<kw name="Log" owner="BuiltIn">
<msg time="2024-08-04T12:27:07.383228" level="INFO">{'gender': 'male', 'name': {'title': 'Mr', 'first': 'Paco', 'last': 'Mens'}, 'location': {'street': {'number': 224, 'name': 'Kinnum'}, 'city': 'Geldrop-Mierlo', 'state': 'Limburg', 'country': 'Netherlands', 'postcode': '3595 BW', 'coordinates': {'latitude': '36.3729', 'longitude': '-165.0750'}, 'timezone': {'offset': '-5:00', 'description': 'Eastern Time (US &amp; Canada), Bogota, Lima'}}, 'email': 'paco.mens@example.com', 'login': {'uuid': 'b730e475-2f27-4c62-9aa5-4db9ed13499d', 'username': 'redfrog359', 'password': 'openup', 'salt': 'l8hDUxiZ', 'md5': 'd050befdbf7173b099696369910c5f96', 'sha1': 'c01f326e0f914bdb5030e24519dfcd893afc6c86', 'sha256': '61506b719bcda6f5dcad118706b11a88a68c1d52f174e2cdbfc13f820ed364e8'}, 'dob': {'date': '1991-08-14T03:58:37.576Z', 'age': 32}, 'registered': {'date': '2016-06-30T16:38:19.107Z', 'age': 8}, 'phone': '(098) 0226583', 'cell': '(06) 64679465', 'id': {'name': 'BSN', 'value': '79431606'}, 'picture': {'large': 'https://randomuser.me/api/portraits/men/60.jpg', 'medium': 'https://randomuser.me/api/portraits/med/men/60.jpg', 'thumbnail': 'https://randomuser.me/api/portraits/thumb/men/60.jpg'}, 'nat': 'NL'}</msg>
<arg>${json_data['results'][0]}</arg>
<doc>Logs the given message with the given level.</doc>
<status status="PASS" start="2024-08-04T12:27:07.382875" elapsed="0.000402"/>
</kw>
<kw name="Log" owner="BuiltIn">
<msg time="2024-08-04T12:27:07.383705" level="INFO">email</msg>
<arg>${key}</arg>
<doc>Logs the given message with the given level.</doc>
<status status="PASS" start="2024-08-04T12:27:07.383575" elapsed="0.000170"/>
</kw>
<var name="${key}">email</var>
<status status="PASS" start="2024-08-04T12:27:07.382039" elapsed="0.001923"/>
</iter>
<iter>
<kw name="Dictionary Should Contain Key" owner="Collections">
<arg>${json_data['results'][0]}</arg>
<arg>${key}</arg>
<doc>Fails if ``key`` is not found from ``dictionary``.</doc>
<status status="PASS" start="2024-08-04T12:27:07.384250" elapsed="0.000377"/>
</kw>
<kw name="Log" owner="BuiltIn">
<msg time="2024-08-04T12:27:07.385195" level="INFO">{'gender': 'male', 'name': {'title': 'Mr', 'first': 'Paco', 'last': 'Mens'}, 'location': {'street': {'number': 224, 'name': 'Kinnum'}, 'city': 'Geldrop-Mierlo', 'state': 'Limburg', 'country': 'Netherlands', 'postcode': '3595 BW', 'coordinates': {'latitude': '36.3729', 'longitude': '-165.0750'}, 'timezone': {'offset': '-5:00', 'description': 'Eastern Time (US &amp; Canada), Bogota, Lima'}}, 'email': 'paco.mens@example.com', 'login': {'uuid': 'b730e475-2f27-4c62-9aa5-4db9ed13499d', 'username': 'redfrog359', 'password': 'openup', 'salt': 'l8hDUxiZ', 'md5': 'd050befdbf7173b099696369910c5f96', 'sha1': 'c01f326e0f914bdb5030e24519dfcd893afc6c86', 'sha256': '61506b719bcda6f5dcad118706b11a88a68c1d52f174e2cdbfc13f820ed364e8'}, 'dob': {'date': '1991-08-14T03:58:37.576Z', 'age': 32}, 'registered': {'date': '2016-06-30T16:38:19.107Z', 'age': 8}, 'phone': '(098) 0226583', 'cell': '(06) 64679465', 'id': {'name': 'BSN', 'value': '79431606'}, 'picture': {'large': 'https://randomuser.me/api/portraits/men/60.jpg', 'medium': 'https://randomuser.me/api/portraits/med/men/60.jpg', 'thumbnail': 'https://randomuser.me/api/portraits/thumb/men/60.jpg'}, 'nat': 'NL'}</msg>
<arg>${json_data['results'][0]}</arg>
<doc>Logs the given message with the given level.</doc>
<status status="PASS" start="2024-08-04T12:27:07.384838" elapsed="0.000406"/>
</kw>
<kw name="Log" owner="BuiltIn">
<msg time="2024-08-04T12:27:07.385664" level="INFO">login</msg>
<arg>${key}</arg>
<doc>Logs the given message with the given level.</doc>
<status status="PASS" start="2024-08-04T12:27:07.385537" elapsed="0.000164"/>
</kw>
<var name="${key}">login</var>
<status status="PASS" start="2024-08-04T12:27:07.384140" elapsed="0.001775"/>
</iter>
<var>${key}</var>
<value>@{expected_keys}</value>
<status status="PASS" start="2024-08-04T12:27:07.375733" elapsed="0.010303"/>
</for>
<kw name="Create List" owner="BuiltIn">
<msg time="2024-08-04T12:27:07.386378" level="INFO">${expected_keysTwo} = ['username', 'password']</msg>
<var>${expected_keysTwo}</var>
<arg>username</arg>
<arg>password</arg>
<doc>Returns a list containing given items.</doc>
<status status="PASS" start="2024-08-04T12:27:07.386240" elapsed="0.000190"/>
</kw>
<for flavor="IN">
<iter>
<kw name="Dictionary Should Contain Key" owner="Collections">
<arg>${json_data['results'][0]['login']}</arg>
<arg>${keyTwo}</arg>
<doc>Fails if ``key`` is not found from ``dictionary``.</doc>
<status status="PASS" start="2024-08-04T12:27:07.386945" elapsed="0.000385"/>
</kw>
<kw name="Dictionary Should Contain Key" owner="Collections">
<arg>${json_data['results'][0]['login']}</arg>
<arg>${keyTwo}</arg>
<doc>Fails if ``key`` is not found from ``dictionary``.</doc>
<status status="PASS" start="2024-08-04T12:27:07.387513" elapsed="0.000392"/>
</kw>
<kw name="Log" owner="BuiltIn">
<msg time="2024-08-04T12:27:07.388209" level="INFO">username</msg>
<arg>${keyTwo}</arg>
<doc>Logs the given message with the given level.</doc>
<status status="PASS" start="2024-08-04T12:27:07.388085" elapsed="0.000162"/>
</kw>
<var name="${keyTwo}">username</var>
<status status="PASS" start="2024-08-04T12:27:07.386835" elapsed="0.001632"/>
</iter>
<iter>
<kw name="Dictionary Should Contain Key" owner="Collections">
<arg>${json_data['results'][0]['login']}</arg>
<arg>${keyTwo}</arg>
<doc>Fails if ``key`` is not found from ``dictionary``.</doc>
<status status="PASS" start="2024-08-04T12:27:07.388748" elapsed="0.000439"/>
</kw>
<kw name="Dictionary Should Contain Key" owner="Collections">
<arg>${json_data['results'][0]['login']}</arg>
<arg>${keyTwo}</arg>
<doc>Fails if ``key`` is not found from ``dictionary``.</doc>
<status status="PASS" start="2024-08-04T12:27:07.389369" elapsed="0.000377"/>
</kw>
<kw name="Log" owner="BuiltIn">
<msg time="2024-08-04T12:27:07.390047" level="INFO">password</msg>
<arg>${keyTwo}</arg>
<doc>Logs the given message with the given level.</doc>
<status status="PASS" start="2024-08-04T12:27:07.389926" elapsed="0.000158"/>
</kw>
<var name="${keyTwo}">password</var>
<status status="PASS" start="2024-08-04T12:27:07.388641" elapsed="0.001670"/>
</iter>
<var>${keyTwo}</var>
<value>@{expected_keysTwo}</value>
<status status="PASS" start="2024-08-04T12:27:07.386676" elapsed="0.003756"/>
</for>
<status status="PASS" start="2024-08-04T12:27:07.276332" elapsed="0.114245"/>
</kw>
<doc>Testa a estrutura da resposta da API.</doc>
<tag>testeEstruturaResposta</tag>
<status status="PASS" start="2024-08-04T12:27:07.275829" elapsed="0.114906"/>
</test>
<test id="s1-s1-t4" name="Validar tipos de dados" line="28">
<kw name="Teste de Tipos de Dados" owner="random-user-service">
<kw name="GET On Session" owner="RequestsLibrary">
<msg time="2024-08-04T12:27:07.472486" level="INFO">GET Request : url=https://randomuser.me/api 
 path_url=/api 
 headers={'User-Agent': 'python-requests/2.32.3', 'Accept-Encoding': 'gzip, deflate', 'Accept': '*/*', 'Connection': 'keep-alive'} 
 body=None 
 </msg>
<msg time="2024-08-04T12:27:07.472586" level="INFO">GET Response : url=https://randomuser.me/api 
 status=200, reason=OK 
 headers={'Date': 'Sun, 04 Aug 2024 12:27:07 GMT', 'Content-Type': 'application/json; charset=utf-8', 'Transfer-Encoding': 'chunked', 'Connection': 'keep-alive', 'X-Powered-By': 'Express', 'Access-Control-Allow-Origin': '*', 'Cache-Control': 'no-cache', 'ETag': 'W/"4c1-ew3Jm2NtsTGNBnPx1cFy9wmAY64"', 'Vary': 'Accept-Encoding', 'Content-Encoding': 'gzip', 'CF-Cache-Status': 'DYNAMIC', 'Report-To': '{"endpoints":[{"url":"https:\\/\\/a.nel.cloudflare.com\\/report\\/v4?s=0SCof9V%2FbRaOPhbpFN3PhBXLqFWEo6b4THEqdfzhEvp7DHQf%2Bq1KODEwVl2jpmOQoBeY1qCOTQjoBGbiWp1tZOhLiCe%2ByTUuwPobhG0560Hz%2BwIZLSNQkzeeQL7OcepS"}],"group":"cf-nel","max_age":604800}', 'NEL': '{"success_fraction":0,"report_to":"cf-nel","max_age":604800}', 'Server': 'cloudflare', 'CF-RAY': '8ade8a2b3a0306bf-IAD', 'alt-svc': 'h3=":443"; ma=86400'} 
 body={"results":[{"gender":"male","name":{"title":"Monsieur","first":"Maurice","last":"Barbier"},"location":{"street":{"number":6263,"name":"Place de L'Abbé-Franz-Stock"},"city":"Niederhelfenschwil","state":"Nidwalden","country":"Switzerland","postcode":9659,"coordinates":{"latitude":"-59.4129","longitude":"-140.9023"},"timezone":{"offset":"+10:00","description":"Eastern Australia, Guam, Vladivostok"}},"email":"maurice.barbier@example.com","login":{"uuid":"a0ea3984-ae3b-423c-8aab-322cf0a9dd3c","username":"purplepeacock270","password":"nimrod","salt":"O4nUjpWa","md5":"5f7c8c8f9c4e23b4cfec2e35be9c7b84","sha1":"d84e8e723d591a8715424ae389a088b9061c7b09","sha256":"c5358bc6fccc8cb22b6e052eb5432b9e177b0e3a2f416eedd6de18eb5061cbee"},"dob":{"date":"1953-09-03T18:54:10.231Z","age":70},"registered":{"date":"2004-11-02T14:48:08.559Z","age":19},"phone":"075 658 82 78","cell":"075 824 20 47","id":{"name":"AVS","value":"756.4630.2455.47"},"picture":{"large":"https://randomuser.me/api/portraits/men/79.jpg","medium":"https://randomuser.me/api/portraits/med/men/79.jpg","thumbnail":"https://randomuser.me/api/portraits/thumb/men/79.jpg"},"nat":"CH"}],"info":{"seed":"4bb297dbadf6da19","results":1,"page":1,"version":"1.4"}} 
 </msg>
<msg time="2024-08-04T12:27:07.472657" level="INFO">/opt/hostedtoolcache/Python/3.12.4/x64/lib/python3.12/site-packages/urllib3/connectionpool.py:1099: InsecureRequestWarning: Unverified HTTPS request is being made to host 'randomuser.me'. Adding certificate verification is strongly advised. See: https://urllib3.readthedocs.io/en/latest/advanced-usage.html#tls-warnings
  warnings.warn(</msg>
<msg time="2024-08-04T12:27:07.472823" level="INFO">${response} = &lt;Response [200]&gt;</msg>
<var>${response}</var>
<arg>consultarAPI</arg>
<arg>/api</arg>
<doc>Sends a GET request on a previously created HTTP Session.</doc>
<status status="PASS" start="2024-08-04T12:27:07.393211" elapsed="0.079660"/>
</kw>
<kw name="Set Variable" owner="BuiltIn">
<msg time="2024-08-04T12:27:07.473994" level="INFO">${json_data} = {'results': [{'gender': 'male', 'name': {'title': 'Monsieur', 'first': 'Maurice', 'last': 'Barbier'}, 'location': {'street': {'number': 6263, 'name': "Place de L'Abbé-Franz-Stock"}, 'city': 'Niederhel...</msg>
<var>${json_data}</var>
<arg>${response.json()}</arg>
<doc>Returns the given values which can then be assigned to a variables.</doc>
<status status="PASS" start="2024-08-04T12:27:07.473425" elapsed="0.000600"/>
</kw>
<kw name="Log" owner="BuiltIn">
<msg time="2024-08-04T12:27:07.474601" level="INFO">{'results': [{'gender': 'male', 'name': {'title': 'Monsieur', 'first': 'Maurice', 'last': 'Barbier'}, 'location': {'street': {'number': 6263, 'name': "Place de L'Abbé-Franz-Stock"}, 'city': 'Niederhelfenschwil', 'state': 'Nidwalden', 'country': 'Switzerland', 'postcode': 9659, 'coordinates': {'latitude': '-59.4129', 'longitude': '-140.9023'}, 'timezone': {'offset': '+10:00', 'description': 'Eastern Australia, Guam, Vladivostok'}}, 'email': 'maurice.barbier@example.com', 'login': {'uuid': 'a0ea3984-ae3b-423c-8aab-322cf0a9dd3c', 'username': 'purplepeacock270', 'password': 'nimrod', 'salt': 'O4nUjpWa', 'md5': '5f7c8c8f9c4e23b4cfec2e35be9c7b84', 'sha1': 'd84e8e723d591a8715424ae389a088b9061c7b09', 'sha256': 'c5358bc6fccc8cb22b6e052eb5432b9e177b0e3a2f416eedd6de18eb5061cbee'}, 'dob': {'date': '1953-09-03T18:54:10.231Z', 'age': 70}, 'registered': {'date': '2004-11-02T14:48:08.559Z', 'age': 19}, 'phone': '075 658 82 78', 'cell': '075 824 20 47', 'id': {'name': 'AVS', 'value': '756.4630.2455.47'}, 'picture': {'large': 'https://randomuser.me/api/portraits/men/79.jpg', 'medium': 'https://randomuser.me/api/portraits/med/men/79.jpg', 'thumbnail': 'https://randomuser.me/api/portraits/thumb/men/79.jpg'}, 'nat': 'CH'}], 'info': {'seed': '4bb297dbadf6da19', 'results': 1, 'page': 1, 'version': '1.4'}}</msg>
<arg>${json_data}</arg>
<doc>Logs the given message with the given level.</doc>
<status status="PASS" start="2024-08-04T12:27:07.474414" elapsed="0.000240"/>
</kw>
<kw name="Should Be String" owner="String">
<arg>${json_data['results'][0]['gender']}</arg>
<doc>Fails if the given ``item`` is not a string.</doc>
<status status="PASS" start="2024-08-04T12:27:07.474990" elapsed="0.000393"/>
</kw>
<kw name="Should Match Regexp" owner="BuiltIn">
<arg>${json_data['results'][0]['email']}</arg>
<arg>^[a-zA-Z0-9._%+-]+@[a-zA-Z0-9.-]+\.[a-zA-Z]{2,}$</arg>
<doc>Fails if ``string`` does not match ``pattern`` as a regular expression.</doc>
<status status="PASS" start="2024-08-04T12:27:07.475625" elapsed="0.000541"/>
</kw>
<kw name="Should Match Regexp" owner="BuiltIn">
<arg>${json_data['results'][0]['dob']['date']}</arg>
<arg>\\d{4}-\\d{2}-\\d{2}T\\d{2}:\\d{2}:\\d{2}\\.\\d{3}Z</arg>
<doc>Fails if ``string`` does not match ``pattern`` as a regular expression.</doc>
<status status="PASS" start="2024-08-04T12:27:07.476369" elapsed="0.000720"/>
</kw>
<kw name="Should Match Regexp" owner="BuiltIn">
<arg>${json_data['results'][0]['registered']['date']}</arg>
<arg>\\d{4}-\\d{2}-\\d{2}T\\d{2}:\\d{2}:\\d{2}\\.\\d{3}Z</arg>
<doc>Fails if ``string`` does not match ``pattern`` as a regular expression.</doc>
<status status="PASS" start="2024-08-04T12:27:07.477294" elapsed="0.000384"/>
</kw>
<kw name="Should Match Regexp" owner="BuiltIn">
<arg>${json_data['results'][0]['picture']['large']}</arg>
<arg>^https?://.*\.(?:png|jpe?g|gif|bmp)$</arg>
<doc>Fails if ``string`` does not match ``pattern`` as a regular expression.</doc>
<status status="PASS" start="2024-08-04T12:27:07.477869" elapsed="0.000469"/>
</kw>
<kw name="Should Match Regexp" owner="BuiltIn">
<arg>${json_data['results'][0]['picture']['medium']}</arg>
<arg>^https?://.*\.(?:png|jpe?g|gif|bmp)$</arg>
<doc>Fails if ``string`` does not match ``pattern`` as a regular expression.</doc>
<status status="PASS" start="2024-08-04T12:27:07.478529" elapsed="0.000361"/>
</kw>
<kw name="Should Match Regexp" owner="BuiltIn">
<arg>${json_data['results'][0]['picture']['thumbnail']}</arg>
<arg>^https?://.*\.(?:png|jpe?g|gif|bmp)$</arg>
<doc>Fails if ``string`` does not match ``pattern`` as a regular expression.</doc>
<status status="PASS" start="2024-08-04T12:27:07.479075" elapsed="0.000349"/>
</kw>
<kw name="Log" owner="BuiltIn">
<msg time="2024-08-04T12:27:07.479935" level="INFO">{'large': 'https://randomuser.me/api/portraits/men/79.jpg', 'medium': 'https://randomuser.me/api/portraits/med/men/79.jpg', 'thumbnail': 'https://randomuser.me/api/portraits/thumb/men/79.jpg'}</msg>
<arg>${json_data['results'][0]['picture']}</arg>
<doc>Logs the given message with the given level.</doc>
<status status="PASS" start="2024-08-04T12:27:07.479609" elapsed="0.000369"/>
</kw>
<status status="PASS" start="2024-08-04T12:27:07.392966" elapsed="0.087285"/>
</kw>
<kw name="Teste de Tipos de Dados - Postcode" owner="random-user-service">
<kw name="GET On Session" owner="RequestsLibrary">
<msg time="2024-08-04T12:27:07.569502" level="INFO">GET Request : url=https://randomuser.me/api 
 path_url=/api 
 headers={'User-Agent': 'python-requests/2.32.3', 'Accept-Encoding': 'gzip, deflate', 'Accept': '*/*', 'Connection': 'keep-alive'} 
 body=None 
 </msg>
<msg time="2024-08-04T12:27:07.569613" level="INFO">GET Response : url=https://randomuser.me/api 
 status=200, reason=OK 
 headers={'Date': 'Sun, 04 Aug 2024 12:27:07 GMT', 'Content-Type': 'application/json; charset=utf-8', 'Transfer-Encoding': 'chunked', 'Connection': 'keep-alive', 'X-Powered-By': 'Express', 'Access-Control-Allow-Origin': '*', 'Cache-Control': 'no-cache', 'ETag': 'W/"485-dvrUFvy/BW2ZvX+GjhB7aWVFcCg"', 'Vary': 'Accept-Encoding', 'Content-Encoding': 'gzip', 'CF-Cache-Status': 'DYNAMIC', 'Report-To': '{"endpoints":[{"url":"https:\\/\\/a.nel.cloudflare.com\\/report\\/v4?s=PWHeYEopulCckFw8MfX5f%2BjAe5W%2FR9kltoX427MeqFR7j2m2vcqpoUUSZWFPDtWdk3woH2zcRbwBl2Xx5t3%2BcMP9stusKDriASQVKk6AE1XYZIWvqXc5VCHBbvbDGtSd"}],"group":"cf-nel","max_age":604800}', 'NEL': '{"success_fraction":0,"report_to":"cf-nel","max_age":604800}', 'Server': 'cloudflare', 'CF-RAY': '8ade8a2bba9806bf-IAD', 'alt-svc': 'h3=":443"; ma=86400'} 
 body={"results":[{"gender":"female","name":{"title":"Mrs","first":"Jennifer","last":"Holt"},"location":{"street":{"number":2423,"name":"Mill Lane"},"city":"Fermoy","state":"Waterford","country":"Ireland","postcode":52017,"coordinates":{"latitude":"-4.2817","longitude":"154.8518"},"timezone":{"offset":"+2:00","description":"Kaliningrad, South Africa"}},"email":"jennifer.holt@example.com","login":{"uuid":"7698366d-7f67-4f1e-b299-c59c298d43c9","username":"organicpeacock395","password":"miles","salt":"8zB9h6ni","md5":"a246cc3d2dc4ba8367c314932b27272d","sha1":"736150d1c429245ff8520a4c314d32c9bf46f552","sha256":"05e5392dbba04a80422cf52ecdd80bf27b0b6e21d18e968bd455583c27be0d63"},"dob":{"date":"1979-03-17T13:54:16.059Z","age":45},"registered":{"date":"2018-07-30T14:15:12.424Z","age":6},"phone":"051-582-2758","cell":"081-872-6004","id":{"name":"PPS","value":"4244852T"},"picture":{"large":"https://randomuser.me/api/portraits/women/12.jpg","medium":"https://randomuser.me/api/portraits/med/women/12.jpg","thumbnail":"https://randomuser.me/api/portraits/thumb/women/12.jpg"},"nat":"IE"}],"info":{"seed":"93e9675ccb690c51","results":1,"page":1,"version":"1.4"}} 
 </msg>
<msg time="2024-08-04T12:27:07.569688" level="INFO">/opt/hostedtoolcache/Python/3.12.4/x64/lib/python3.12/site-packages/urllib3/connectionpool.py:1099: InsecureRequestWarning: Unverified HTTPS request is being made to host 'randomuser.me'. Adding certificate verification is strongly advised. See: https://urllib3.readthedocs.io/en/latest/advanced-usage.html#tls-warnings
  warnings.warn(</msg>
<msg time="2024-08-04T12:27:07.569828" level="INFO">${response} = &lt;Response [200]&gt;</msg>
<var>${response}</var>
<arg>consultarAPI</arg>
<arg>/api</arg>
<doc>Sends a GET request on a previously created HTTP Session.</doc>
<status status="PASS" start="2024-08-04T12:27:07.480713" elapsed="0.089156"/>
</kw>
<kw name="Set Variable" owner="BuiltIn">
<msg time="2024-08-04T12:27:07.570927" level="INFO">${json_data} = {'results': [{'gender': 'female', 'name': {'title': 'Mrs', 'first': 'Jennifer', 'last': 'Holt'}, 'location': {'street': {'number': 2423, 'name': 'Mill Lane'}, 'city': 'Fermoy', 'state': 'Waterford', '...</msg>
<var>${json_data}</var>
<arg>${response.json()}</arg>
<doc>Returns the given values which can then be assigned to a variables.</doc>
<status status="PASS" start="2024-08-04T12:27:07.570394" elapsed="0.000562"/>
</kw>
<kw name="Log" owner="BuiltIn">
<msg time="2024-08-04T12:27:07.571494" level="INFO">{'results': [{'gender': 'female', 'name': {'title': 'Mrs', 'first': 'Jennifer', 'last': 'Holt'}, 'location': {'street': {'number': 2423, 'name': 'Mill Lane'}, 'city': 'Fermoy', 'state': 'Waterford', 'country': 'Ireland', 'postcode': 52017, 'coordinates': {'latitude': '-4.2817', 'longitude': '154.8518'}, 'timezone': {'offset': '+2:00', 'description': 'Kaliningrad, South Africa'}}, 'email': 'jennifer.holt@example.com', 'login': {'uuid': '7698366d-7f67-4f1e-b299-c59c298d43c9', 'username': 'organicpeacock395', 'password': 'miles', 'salt': '8zB9h6ni', 'md5': 'a246cc3d2dc4ba8367c314932b27272d', 'sha1': '736150d1c429245ff8520a4c314d32c9bf46f552', 'sha256': '05e5392dbba04a80422cf52ecdd80bf27b0b6e21d18e968bd455583c27be0d63'}, 'dob': {'date': '1979-03-17T13:54:16.059Z', 'age': 45}, 'registered': {'date': '2018-07-30T14:15:12.424Z', 'age': 6}, 'phone': '051-582-2758', 'cell': '081-872-6004', 'id': {'name': 'PPS', 'value': '4244852T'}, 'picture': {'large': 'https://randomuser.me/api/portraits/women/12.jpg', 'medium': 'https://randomuser.me/api/portraits/med/women/12.jpg', 'thumbnail': 'https://randomuser.me/api/portraits/thumb/women/12.jpg'}, 'nat': 'IE'}], 'info': {'seed': '93e9675ccb690c51', 'results': 1, 'page': 1, 'version': '1.4'}}</msg>
<arg>${json_data}</arg>
<doc>Logs the given message with the given level.</doc>
<status status="PASS" start="2024-08-04T12:27:07.571319" elapsed="0.000229"/>
</kw>
<kw name="Should Be Equal As Numbers" owner="BuiltIn">
<arg>${json_data['results'][0]['location']['postcode']}</arg>
<arg>${json_data['results'][0]['location']['postcode']}</arg>
<doc>Fails if objects are unequal after converting them to real numbers.</doc>
<status status="PASS" start="2024-08-04T12:27:07.571920" elapsed="0.000653"/>
</kw>
<kw name="Log" owner="BuiltIn">
<msg time="2024-08-04T12:27:07.573249" level="INFO">52017</msg>
<arg>${json_data['results'][0]['location']['postcode']}</arg>
<doc>Logs the given message with the given level.</doc>
<status status="PASS" start="2024-08-04T12:27:07.572777" elapsed="0.000516"/>
</kw>
<status status="PASS" start="2024-08-04T12:27:07.480482" elapsed="0.093087"/>
</kw>
<doc>Testa se os tipos de dados na resposta da API estão corretos.</doc>
<tag>testeTiposDados</tag>
<status status="PASS" start="2024-08-04T12:27:07.392487" elapsed="0.181254"/>
</test>
<test id="s1-s1-t5" name="Validar conteudo" line="35">
<kw name="Teste de Tipos de Conteudo" owner="random-user-service">
<kw name="GET On Session" owner="RequestsLibrary">
<msg time="2024-08-04T12:27:07.673263" level="INFO">GET Request : url=https://randomuser.me/api 
 path_url=/api 
 headers={'User-Agent': 'python-requests/2.32.3', 'Accept-Encoding': 'gzip, deflate', 'Accept': '*/*', 'Connection': 'keep-alive'} 
 body=None 
 </msg>
<msg time="2024-08-04T12:27:07.673360" level="INFO">GET Response : url=https://randomuser.me/api 
 status=200, reason=OK 
 headers={'Date': 'Sun, 04 Aug 2024 12:27:07 GMT', 'Content-Type': 'application/json; charset=utf-8', 'Transfer-Encoding': 'chunked', 'Connection': 'keep-alive', 'X-Powered-By': 'Express', 'Access-Control-Allow-Origin': '*', 'Cache-Control': 'no-cache', 'ETag': 'W/"477-VobYXuXS5F/yTTitEhUePJdnDTw"', 'Vary': 'Accept-Encoding', 'Content-Encoding': 'gzip', 'CF-Cache-Status': 'DYNAMIC', 'Report-To': '{"endpoints":[{"url":"https:\\/\\/a.nel.cloudflare.com\\/report\\/v4?s=OQzGUU0rzkGQW9F8jk3QPqtqOT%2FNEFON0HHtQO%2FqN7A71chy2RRQ%2BXtLGc8PlisVt5UewqjqAbv1KmzKlip4Jc4Gvb6hHvh4y6%2BABdIAPh0BCAFCIBYAF2h8hUOpKIOq"}],"group":"cf-nel","max_age":604800}', 'NEL': '{"success_fraction":0,"report_to":"cf-nel","max_age":604800}', 'Server': 'cloudflare', 'CF-RAY': '8ade8a2c5b1906bf-IAD', 'alt-svc': 'h3=":443"; ma=86400'} 
 body={"results":[{"gender":"male","name":{"title":"Mr","first":"Guy","last":"Vargas"},"location":{"street":{"number":4322,"name":"Spring St"},"city":"Denver","state":"Florida","country":"United States","postcode":14433,"coordinates":{"latitude":"88.0042","longitude":"-101.6601"},"timezone":{"offset":"-12:00","description":"Eniwetok, Kwajalein"}},"email":"guy.vargas@example.com","login":{"uuid":"6e06c320-4b1e-44df-9c88-c04e7ea5d706","username":"lazylion802","password":"sang","salt":"qTf6pZ8L","md5":"e03119d9cc02183a8cc67eaa203eac3f","sha1":"1085e3c6c45275add0939ce8f1791f4c1c177a1f","sha256":"4046d155d7f39c88a86e5ed20dc00712aacd90f04d83dfa974197e1ef6c4b3e7"},"dob":{"date":"1947-03-03T08:27:04.278Z","age":77},"registered":{"date":"2007-07-22T18:21:24.374Z","age":17},"phone":"(596) 484-0422","cell":"(934) 828-9147","id":{"name":"SSN","value":"240-50-3681"},"picture":{"large":"https://randomuser.me/api/portraits/men/92.jpg","medium":"https://randomuser.me/api/portraits/med/men/92.jpg","thumbnail":"https://randomuser.me/api/portraits/thumb/men/92.jpg"},"nat":"US"}],"info":{"seed":"6ab8fb3c9c97006c","results":1,"page":1,"version":"1.4"}} 
 </msg>
<msg time="2024-08-04T12:27:07.673427" level="INFO">/opt/hostedtoolcache/Python/3.12.4/x64/lib/python3.12/site-packages/urllib3/connectionpool.py:1099: InsecureRequestWarning: Unverified HTTPS request is being made to host 'randomuser.me'. Adding certificate verification is strongly advised. See: https://urllib3.readthedocs.io/en/latest/advanced-usage.html#tls-warnings
  warnings.warn(</msg>
<msg time="2024-08-04T12:27:07.673569" level="INFO">${response} = &lt;Response [200]&gt;</msg>
<var>${response}</var>
<arg>consultarAPI</arg>
<arg>/api</arg>
<doc>Sends a GET request on a previously created HTTP Session.</doc>
<status status="PASS" start="2024-08-04T12:27:07.576595" elapsed="0.097017"/>
</kw>
<kw name="Set Variable" owner="BuiltIn">
<msg time="2024-08-04T12:27:07.674793" level="INFO">${json_data} = {'results': [{'gender': 'male', 'name': {'title': 'Mr', 'first': 'Guy', 'last': 'Vargas'}, 'location': {'street': {'number': 4322, 'name': 'Spring St'}, 'city': 'Denver', 'state': 'Florida', 'country'...</msg>
<var>${json_data}</var>
<arg>${response.json()}</arg>
<doc>Returns the given values which can then be assigned to a variables.</doc>
<status status="PASS" start="2024-08-04T12:27:07.674197" elapsed="0.000628"/>
</kw>
<kw name="Set Variable" owner="BuiltIn">
<msg time="2024-08-04T12:27:07.675541" level="INFO">${name_title} = Mr</msg>
<var>${name_title}</var>
<arg>${json_data["results"][0]["name"]["title"]}</arg>
<doc>Returns the given values which can then be assigned to a variables.</doc>
<status status="PASS" start="2024-08-04T12:27:07.675158" elapsed="0.000409"/>
</kw>
<kw name="Create List" owner="BuiltIn">
<msg time="2024-08-04T12:27:07.676021" level="INFO">${allowed_titles} = ['Mr', 'Ms', 'Miss', 'Mrs', 'Madame', 'Monsieur']</msg>
<var>${allowed_titles}</var>
<arg>Mr</arg>
<arg>Ms</arg>
<arg>Miss</arg>
<arg>Mrs</arg>
<arg>Madame</arg>
<arg>Monsieur</arg>
<doc>Returns a list containing given items.</doc>
<status status="PASS" start="2024-08-04T12:27:07.675869" elapsed="0.000176"/>
</kw>
<kw name="List Should Contain Value" owner="Collections">
<arg>${allowed_titles}</arg>
<arg>${name_title}</arg>
<doc>Fails if the ``value`` is not found from ``list``.</doc>
<status status="PASS" start="2024-08-04T12:27:07.676350" elapsed="0.000181"/>
</kw>
<kw name="Set Variable" owner="BuiltIn">
<msg time="2024-08-04T12:27:07.677103" level="INFO">${name_country} = US</msg>
<var>${name_country}</var>
<arg>${json_data["results"][0]["nat"]}</arg>
<doc>Returns the given values which can then be assigned to a variables.</doc>
<status status="PASS" start="2024-08-04T12:27:07.676713" elapsed="0.000415"/>
</kw>
<kw name="Create List" owner="BuiltIn">
<msg time="2024-08-04T12:27:07.678007" level="INFO">${list_country} = ['AD', 'AE', 'AF', 'AG', 'AI', 'AL', 'AM', 'AO', 'AQ', 'AR', 'AS', 'AT', 'AU', 'AW', 'AX', 'AZ', 'BA', 'BB', 'BD', 'BE', 'BF', 'BG', 'BH', 'BI', 'BJ', 'BL', 'BM', 'BN', 'BO', 'BQ', 'BR', 'BS', 'BT', '...</msg>
<var>${list_country}</var>
<arg>AD</arg>
<arg>AE</arg>
<arg>AF</arg>
<arg>AG</arg>
<arg>AI</arg>
<arg>AL</arg>
<arg>AM</arg>
<arg>AO</arg>
<arg>AQ</arg>
<arg>AR</arg>
<arg>AS</arg>
<arg>AT</arg>
<arg>AU</arg>
<arg>AW</arg>
<arg>AX</arg>
<arg>AZ</arg>
<arg>BA</arg>
<arg>BB</arg>
<arg>BD</arg>
<arg>BE</arg>
<arg>BF</arg>
<arg>BG</arg>
<arg>BH</arg>
<arg>BI</arg>
<arg>BJ</arg>
<arg>BL</arg>
<arg>BM</arg>
<arg>BN</arg>
<arg>BO</arg>
<arg>BQ</arg>
<arg>BR</arg>
<arg>BS</arg>
<arg>BT</arg>
<arg>BV</arg>
<arg>BW</arg>
<arg>BY</arg>
<arg>BZ</arg>
<arg>CA</arg>
<arg>CC</arg>
<arg>CD</arg>
<arg>CF</arg>
<arg>CG</arg>
<arg>CH</arg>
<arg>CI</arg>
<arg>CK</arg>
<arg>CL</arg>
<arg>CM</arg>
<arg>CN</arg>
<arg>CO</arg>
<arg>CR</arg>
<arg>CU</arg>
<arg>CV</arg>
<arg>CW</arg>
<arg>CX</arg>
<arg>CY</arg>
<arg>CZ</arg>
<arg>DE</arg>
<arg>DJ</arg>
<arg>DK</arg>
<arg>DM</arg>
<arg>DO</arg>
<arg>DZ</arg>
<arg>EC</arg>
<arg>EE</arg>
<arg>EG</arg>
<arg>EH</arg>
<arg>ER</arg>
<arg>ES</arg>
<arg>ET</arg>
<arg>FI</arg>
<arg>FJ</arg>
<arg>FK</arg>
<arg>FM</arg>
<arg>FO</arg>
<arg>FR</arg>
<arg>GA</arg>
<arg>GB</arg>
<arg>GD</arg>
<arg>GE</arg>
<arg>GF</arg>
<arg>GG</arg>
<arg>GH</arg>
<arg>GI</arg>
<arg>GL</arg>
<arg>GM</arg>
<arg>GN</arg>
<arg>GP</arg>
<arg>GQ</arg>
<arg>GR</arg>
<arg>GS</arg>
<arg>GT</arg>
<arg>GU</arg>
<arg>GW</arg>
<arg>GY</arg>
<arg>HK</arg>
<arg>HM</arg>
<arg>HN</arg>
<arg>HR</arg>
<arg>HT</arg>
<arg>HU</arg>
<arg>ID</arg>
<arg>IE</arg>
<arg>IL</arg>
<arg>IM</arg>
<arg>IN</arg>
<arg>IO</arg>
<arg>IQ</arg>
<arg>IR</arg>
<arg>IS</arg>
<arg>IT</arg>
<arg>JE</arg>
<arg>JM</arg>
<arg>JO</arg>
<arg>JP</arg>
<arg>KE</arg>
<arg>KG</arg>
<arg>KH</arg>
<arg>KI</arg>
<arg>KM</arg>
<arg>KN</arg>
<arg>KP</arg>
<arg>KR</arg>
<arg>KW</arg>
<arg>KY</arg>
<arg>KZ</arg>
<arg>LA</arg>
<arg>LB</arg>
<arg>LC</arg>
<arg>LI</arg>
<arg>LK</arg>
<arg>LR</arg>
<arg>LS</arg>
<arg>LT</arg>
<arg>LU</arg>
<arg>LV</arg>
<arg>LY</arg>
<arg>MA</arg>
<arg>MC</arg>
<arg>MD</arg>
<arg>ME</arg>
<arg>MF</arg>
<arg>MG</arg>
<arg>MH</arg>
<arg>MK</arg>
<arg>ML</arg>
<arg>MM</arg>
<arg>MN</arg>
<arg>MO</arg>
<arg>MP</arg>
<arg>MQ</arg>
<arg>MR</arg>
<arg>MS</arg>
<arg>MT</arg>
<arg>MU</arg>
<arg>MV</arg>
<arg>MW</arg>
<arg>MX</arg>
<arg>MY</arg>
<arg>MZ</arg>
<arg>NA</arg>
<arg>NC</arg>
<arg>NE</arg>
<arg>NF</arg>
<arg>NG</arg>
<arg>NI</arg>
<arg>NL</arg>
<arg>NO</arg>
<arg>NP</arg>
<arg>NR</arg>
<arg>NU</arg>
<arg>NZ</arg>
<arg>OM</arg>
<arg>PA</arg>
<arg>PE</arg>
<arg>PF</arg>
<arg>PG</arg>
<arg>PH</arg>
<arg>PK</arg>
<arg>PL</arg>
<arg>PM</arg>
<arg>PN</arg>
<arg>PR</arg>
<arg>PS</arg>
<arg>PT</arg>
<arg>PW</arg>
<arg>PY</arg>
<arg>QA</arg>
<arg>RE</arg>
<arg>RO</arg>
<arg>RS</arg>
<arg>RU</arg>
<arg>RW</arg>
<arg>SA</arg>
<arg>SB</arg>
<arg>SC</arg>
<arg>SD</arg>
<arg>SE</arg>
<arg>SG</arg>
<arg>SH</arg>
<arg>SI</arg>
<arg>SJ</arg>
<arg>SK</arg>
<arg>SL</arg>
<arg>SM</arg>
<arg>SN</arg>
<arg>SO</arg>
<arg>SR</arg>
<arg>SS</arg>
<arg>ST</arg>
<arg>SV</arg>
<arg>SX</arg>
<arg>SY</arg>
<arg>SZ</arg>
<arg>TC</arg>
<arg>TD</arg>
<arg>TF</arg>
<arg>TG</arg>
<arg>TH</arg>
<arg>TJ</arg>
<arg>TK</arg>
<arg>TL</arg>
<arg>TM</arg>
<arg>TN</arg>
<arg>TO</arg>
<arg>TR</arg>
<arg>TT</arg>
<arg>TV</arg>
<arg>TW</arg>
<arg>TZ</arg>
<arg>UA</arg>
<arg>UG</arg>
<arg>UM</arg>
<arg>US</arg>
<arg>UY</arg>
<arg>UZ</arg>
<arg>VA</arg>
<arg>VC</arg>
<arg>VE</arg>
<arg>VG</arg>
<arg>VI</arg>
<arg>VN</arg>
<arg>VU</arg>
<arg>WF</arg>
<arg>WS</arg>
<arg>XK</arg>
<arg>YE</arg>
<arg>YT</arg>
<arg>ZA</arg>
<arg>ZM</arg>
<arg>ZW</arg>
<doc>Returns a list containing given items.</doc>
<status status="PASS" start="2024-08-04T12:27:07.677418" elapsed="0.000615"/>
</kw>
<kw name="List Should Contain Value" owner="Collections">
<arg>${list_country}</arg>
<arg>${name_country}</arg>
<doc>Fails if the ``value`` is not found from ``list``.</doc>
<status status="PASS" start="2024-08-04T12:27:07.679006" elapsed="0.000210"/>
</kw>
<kw name="Run Keyword If" owner="BuiltIn">
<kw name="Should Be True" owner="BuiltIn">
<arg>${True}</arg>
<doc>Fails if the given condition is not true.</doc>
<status status="PASS" start="2024-08-04T12:27:07.680153" elapsed="0.000142"/>
</kw>
<arg>${json_data["results"][0]["location"]["coordinates"]["latitude"]} &gt;= -90 and ${json_data["results"][0]["location"]["coordinates"]["latitude"]} &lt;= 90</arg>
<arg>Should Be True</arg>
<arg>${True}</arg>
<doc>Runs the given keyword with the given arguments, if ``condition`` is true.</doc>
<status status="PASS" start="2024-08-04T12:27:07.679414" elapsed="0.001007"/>
</kw>
<kw name="Run Keyword If" owner="BuiltIn">
<kw name="Should Be True" owner="BuiltIn">
<arg>${True}</arg>
<doc>Fails if the given condition is not true.</doc>
<status status="PASS" start="2024-08-04T12:27:07.681347" elapsed="0.000142"/>
</kw>
<arg>${json_data["results"][0]["location"]["coordinates"]["longitude"]} &gt;= -180 and ${json_data["results"][0]["location"]["coordinates"]["longitude"]} &lt;= 180</arg>
<arg>Should Be True</arg>
<arg>${True}</arg>
<doc>Runs the given keyword with the given arguments, if ``condition`` is true.</doc>
<status status="PASS" start="2024-08-04T12:27:07.680602" elapsed="0.001013"/>
</kw>
<status status="PASS" start="2024-08-04T12:27:07.576197" elapsed="0.105550"/>
</kw>
<doc>Testa o conteúdo específico dos campos retornados pela API.</doc>
<tag>testeConteudo</tag>
<status status="PASS" start="2024-08-04T12:27:07.575493" elapsed="0.106407"/>
</test>
<status status="PASS" start="2024-08-04T12:27:06.768517" elapsed="0.915295"/>
</suite>
<status status="PASS" start="2024-08-04T12:27:06.753819" elapsed="0.935047"/>
</suite>
<statistics>
<total>
<stat pass="5" fail="0" skip="0">All Tests</stat>
</total>
<tag>
<stat pass="1" fail="0" skip="0">testeConteudo</stat>
<stat pass="1" fail="0" skip="0">testeEstruturaResposta</stat>
<stat pass="1" fail="0" skip="0">testeRequisicaoBasica</stat>
<stat pass="1" fail="0" skip="0">testeTiposDados</stat>
</tag>
<suite>
<stat pass="5" fail="0" skip="0" id="s1" name="Tests">Tests</stat>
<stat pass="5" fail="0" skip="0" id="s1-s1" name="Random-User-Test">Tests.Random-User-Test</stat>
</suite>
</statistics>
<errors>
</errors>
</robot>
