<?xml version="1.0" encoding="UTF-8"?>
<robot generator="Robot 7.0.1 (Python 3.12.4 on linux)" generated="2024-07-30T01:08:18.889127" rpa="false" schemaversion="5">
<suite id="s1" name="Tests" source="/home/runner/work/ApiRandomUser/ApiRandomUser/RamdonUser/tests">
<suite id="s1-s1" name="Random-User-Test" source="/home/runner/work/ApiRandomUser/ApiRandomUser/RamdonUser/tests/random-user-test.robot">
<test id="s1-s1-t1" name="Conectar" line="13">
<kw name="Conectar API" owner="random-user-service">
<kw name="Create Session" owner="RequestsLibrary">
<msg time="2024-07-30T01:08:19.286769" level="INFO">Creating Session using : alias=consultarAPI, url=https://randomuser.me/, headers={},                     cookies={}, auth=None, timeout=None, proxies=None, verify=False,                     debug=0 </msg>
<arg>consultarAPI</arg>
<arg>${URL}</arg>
<doc>Create Session: create a HTTP session to a server</doc>
<status status="PASS" start="2024-07-30T01:08:19.286566" elapsed="0.000394"/>
</kw>
<status status="PASS" start="2024-07-30T01:08:19.285512" elapsed="0.001812"/>
</kw>
<status status="PASS" start="2024-07-30T01:08:19.284952" elapsed="0.002564"/>
</test>
<test id="s1-s1-t2" name="Validar retorno 200 e JSON Válido" line="16">
<kw name="Teste de Requisicao Basica" owner="random-user-service">
<kw name="GET On Session" owner="RequestsLibrary">
<msg time="2024-07-30T01:08:19.488647" level="INFO">GET Request : url=https://randomuser.me/api 
 path_url=/api 
 headers={'User-Agent': 'python-requests/2.32.3', 'Accept-Encoding': 'gzip, deflate', 'Accept': '*/*', 'Connection': 'keep-alive'} 
 body=None 
 </msg>
<msg time="2024-07-30T01:08:19.488807" level="INFO">GET Response : url=https://randomuser.me/api 
 status=200, reason=OK 
 headers={'Date': 'Tue, 30 Jul 2024 01:08:19 GMT', 'Content-Type': 'application/json; charset=utf-8', 'Transfer-Encoding': 'chunked', 'Connection': 'keep-alive', 'X-Powered-By': 'Express', 'Access-Control-Allow-Origin': '*', 'Cache-Control': 'no-cache', 'ETag': 'W/"49f-X742PlnmTUNE7RzyI4zYTcGDAC0"', 'Vary': 'Accept-Encoding', 'Content-Encoding': 'gzip', 'CF-Cache-Status': 'DYNAMIC', 'Report-To': '{"endpoints":[{"url":"https:\\/\\/a.nel.cloudflare.com\\/report\\/v4?s=ikQpLlZQK2YR8NQvt09Cb7AFKiPmFPUwxsh09t0JTs7DTP7OKj%2Bem9piHxE20dkYEXrtT7kRgvm6yU75mHQWtA78s87mXDiOh2qEsUAH%2FsyNZptbJAALDdY%2BE7mG95su"}],"group":"cf-nel","max_age":604800}', 'NEL': '{"success_fraction":0,"report_to":"cf-nel","max_age":604800}', 'Server': 'cloudflare', 'CF-RAY': '8ab174f57e3510ba-ORD', 'alt-svc': 'h3=":443"; ma=86400'} 
 body={"results":[{"gender":"female","name":{"title":"Ms","first":"Zerda","last":"Haak"},"location":{"street":{"number":2471,"name":"Konstruktieweg"},"city":"Biezenmortel","state":"Zuid-Holland","country":"Netherlands","postcode":"0045 LX","coordinates":{"latitude":"31.5786","longitude":"138.8449"},"timezone":{"offset":"+8:00","description":"Beijing, Perth, Singapore, Hong Kong"}},"email":"zerda.haak@example.com","login":{"uuid":"f4cd3f1f-ab75-49c7-81bc-3c664d925639","username":"silverduck776","password":"popeye","salt":"SBuJVEIe","md5":"454e53374cc848dfbabc574c95477315","sha1":"579ce2f32fc354c1a0dc1fc30beb4932fd1882f1","sha256":"6b71a3e394b40cfb3984982b4bd320cc25499f4b974d4a30ca2c80af89af47ba"},"dob":{"date":"1969-05-05T11:46:58.010Z","age":55},"registered":{"date":"2010-01-17T00:28:23.934Z","age":14},"phone":"(0525) 662406","cell":"(06) 07431722","id":{"name":"BSN","value":"00762647"},"picture":{"large":"https://randomuser.me/api/portraits/women/29.jpg","medium":"https://randomuser.me/api/portraits/med/women/29.jpg","thumbnail":"https://randomuser.me/api/portraits/thumb/women/29.jpg"},"nat":"NL"}],"info":{"seed":"47ed038796305505","results":1,"page":1,"version":"1.4"}} 
 </msg>
<msg time="2024-07-30T01:08:19.488889" level="INFO">/opt/hostedtoolcache/Python/3.12.4/x64/lib/python3.12/site-packages/urllib3/connectionpool.py:1099: InsecureRequestWarning: Unverified HTTPS request is being made to host 'randomuser.me'. Adding certificate verification is strongly advised. See: https://urllib3.readthedocs.io/en/latest/advanced-usage.html#tls-warnings
  warnings.warn(</msg>
<msg time="2024-07-30T01:08:19.489054" level="INFO">${response} = &lt;Response [200]&gt;</msg>
<var>${response}</var>
<arg>consultarAPI</arg>
<arg>/api</arg>
<doc>Sends a GET request on a previously created HTTP Session.</doc>
<status status="PASS" start="2024-07-30T01:08:19.290182" elapsed="0.198918"/>
</kw>
<kw name="Should Be Equal As Numbers" owner="BuiltIn">
<msg time="2024-07-30T01:08:19.490110" level="INFO">Argument types are:
&lt;class 'int'&gt;
&lt;class 'str'&gt;</msg>
<arg>${response.status_code}</arg>
<arg>200</arg>
<doc>Fails if objects are unequal after converting them to real numbers.</doc>
<status status="PASS" start="2024-07-30T01:08:19.489641" elapsed="0.000535"/>
</kw>
<kw name="Log" owner="BuiltIn">
<msg time="2024-07-30T01:08:19.490843" level="INFO">200</msg>
<arg>${response.status_code}</arg>
<doc>Logs the given message with the given level.</doc>
<status status="PASS" start="2024-07-30T01:08:19.490493" elapsed="0.000392"/>
</kw>
<kw name="Set Variable" owner="BuiltIn">
<msg time="2024-07-30T01:08:19.491631" level="INFO">${json_data} = {'results': [{'gender': 'female', 'name': {'title': 'Ms', 'first': 'Zerda', 'last': 'Haak'}, 'location': {'street': {'number': 2471, 'name': 'Konstruktieweg'}, 'city': 'Biezenmortel', 'state': 'Zuid-H...</msg>
<var>${json_data}</var>
<arg>${response.json()}</arg>
<doc>Returns the given values which can then be assigned to a variables.</doc>
<status status="PASS" start="2024-07-30T01:08:19.491191" elapsed="0.000469"/>
</kw>
<kw name="Dictionary Should Contain Key" owner="Collections">
<arg>${json_data}</arg>
<arg>results</arg>
<doc>Fails if ``key`` is not found from ``dictionary``.</doc>
<status status="PASS" start="2024-07-30T01:08:19.491962" elapsed="0.000323"/>
</kw>
<status status="PASS" start="2024-07-30T01:08:19.289936" elapsed="0.202508"/>
</kw>
<doc>Testa se a API responde corretamente e retorna um objeto JSON válido.</doc>
<tag>testeRequisicaoBasica</tag>
<status status="PASS" start="2024-07-30T01:08:19.289410" elapsed="0.203240"/>
</test>
<test id="s1-s1-t3" name="Validar estrutura de resposta" line="22">
<kw name="Teste de Estrutura de Resposta" owner="random-user-service">
<kw name="GET On Session" owner="RequestsLibrary">
<msg time="2024-07-30T01:08:19.582564" level="INFO">GET Request : url=https://randomuser.me/api 
 path_url=/api 
 headers={'User-Agent': 'python-requests/2.32.3', 'Accept-Encoding': 'gzip, deflate', 'Accept': '*/*', 'Connection': 'keep-alive'} 
 body=None 
 </msg>
<msg time="2024-07-30T01:08:19.582678" level="INFO">GET Response : url=https://randomuser.me/api 
 status=200, reason=OK 
 headers={'Date': 'Tue, 30 Jul 2024 01:08:19 GMT', 'Content-Type': 'application/json; charset=utf-8', 'Transfer-Encoding': 'chunked', 'Connection': 'keep-alive', 'X-Powered-By': 'Express', 'Access-Control-Allow-Origin': '*', 'Cache-Control': 'no-cache', 'ETag': 'W/"4a1-nrBXGP8q7v5+V9yo0km+QECxct8"', 'Vary': 'Accept-Encoding', 'Content-Encoding': 'gzip', 'CF-Cache-Status': 'DYNAMIC', 'Report-To': '{"endpoints":[{"url":"https:\\/\\/a.nel.cloudflare.com\\/report\\/v4?s=3wzOCRclnLwoSuRssCS6pDNcGTEeibuMKiXyOud42dWM0vy8f0LbqVaCCVj3pcA%2BL5NHdl7JWOrb5ZP065XQAsJRP0LO8n050nMQcWGtBVuAFYXWfD2CDVJT1TyoEbI%2F"}],"group":"cf-nel","max_age":604800}', 'NEL': '{"success_fraction":0,"report_to":"cf-nel","max_age":604800}', 'Server': 'cloudflare', 'CF-RAY': '8ab174f5dedc10ba-ORD', 'alt-svc': 'h3=":443"; ma=86400'} 
 body={"results":[{"gender":"male","name":{"title":"Mr","first":"Olelko","last":"Yaroslav Kozak"},"location":{"street":{"number":6108,"name":"Simeyizkiy prospekt"},"city":"Ustilug","state":"Hmelnicka","country":"Ukraine","postcode":53160,"coordinates":{"latitude":"77.7340","longitude":"-31.9818"},"timezone":{"offset":"-5:00","description":"Eastern Time (US &amp; Canada), Bogota, Lima"}},"email":"olelko.yaroslavkozak@example.com","login":{"uuid":"9f39dee7-04b8-43b5-9a07-25f64908efbd","username":"beautifulkoala247","password":"pacino","salt":"aqSHlTvv","md5":"92d4db1a3f62a5a6793404638b4d4ea2","sha1":"434e403aa5d097727a1b674b4db13da80ee352aa","sha256":"f1deccb2801345e07c38a67dfa684ee89306dfd91f7ed5c4a28b7684c92efb07"},"dob":{"date":"1964-02-28T03:39:27.149Z","age":60},"registered":{"date":"2021-11-28T12:29:15.272Z","age":2},"phone":"(067) P05-9978","cell":"(067) B44-4128","id":{"name":"","value":null},"picture":{"large":"https://randomuser.me/api/portraits/men/40.jpg","medium":"https://randomuser.me/api/portraits/med/men/40.jpg","thumbnail":"https://randomuser.me/api/portraits/thumb/men/40.jpg"},"nat":"UA"}],"info":{"seed":"1b9caa435cbce194","results":1,"page":1,"version":"1.4"}} 
 </msg>
<msg time="2024-07-30T01:08:19.582814" level="INFO">/opt/hostedtoolcache/Python/3.12.4/x64/lib/python3.12/site-packages/urllib3/connectionpool.py:1099: InsecureRequestWarning: Unverified HTTPS request is being made to host 'randomuser.me'. Adding certificate verification is strongly advised. See: https://urllib3.readthedocs.io/en/latest/advanced-usage.html#tls-warnings
  warnings.warn(</msg>
<msg time="2024-07-30T01:08:19.582952" level="INFO">${response} = &lt;Response [200]&gt;</msg>
<var>${response}</var>
<arg>consultarAPI</arg>
<arg>/api</arg>
<doc>Sends a GET request on a previously created HTTP Session.</doc>
<status status="PASS" start="2024-07-30T01:08:19.495364" elapsed="0.087628"/>
</kw>
<kw name="Set Variable" owner="BuiltIn">
<msg time="2024-07-30T01:08:19.584223" level="INFO">${json_data} = {'results': [{'gender': 'male', 'name': {'title': 'Mr', 'first': 'Olelko', 'last': 'Yaroslav Kozak'}, 'location': {'street': {'number': 6108, 'name': 'Simeyizkiy prospekt'}, 'city': 'Ustilug', 'state'...</msg>
<var>${json_data}</var>
<arg>${response.json()}</arg>
<doc>Returns the given values which can then be assigned to a variables.</doc>
<status status="PASS" start="2024-07-30T01:08:19.583624" elapsed="0.000628"/>
</kw>
<kw name="Log" owner="BuiltIn">
<msg time="2024-07-30T01:08:19.584769" level="INFO">{'results': [{'gender': 'male', 'name': {'title': 'Mr', 'first': 'Olelko', 'last': 'Yaroslav Kozak'}, 'location': {'street': {'number': 6108, 'name': 'Simeyizkiy prospekt'}, 'city': 'Ustilug', 'state': 'Hmelnicka', 'country': 'Ukraine', 'postcode': 53160, 'coordinates': {'latitude': '77.7340', 'longitude': '-31.9818'}, 'timezone': {'offset': '-5:00', 'description': 'Eastern Time (US &amp; Canada), Bogota, Lima'}}, 'email': 'olelko.yaroslavkozak@example.com', 'login': {'uuid': '9f39dee7-04b8-43b5-9a07-25f64908efbd', 'username': 'beautifulkoala247', 'password': 'pacino', 'salt': 'aqSHlTvv', 'md5': '92d4db1a3f62a5a6793404638b4d4ea2', 'sha1': '434e403aa5d097727a1b674b4db13da80ee352aa', 'sha256': 'f1deccb2801345e07c38a67dfa684ee89306dfd91f7ed5c4a28b7684c92efb07'}, 'dob': {'date': '1964-02-28T03:39:27.149Z', 'age': 60}, 'registered': {'date': '2021-11-28T12:29:15.272Z', 'age': 2}, 'phone': '(067) P05-9978', 'cell': '(067) B44-4128', 'id': {'name': '', 'value': None}, 'picture': {'large': 'https://randomuser.me/api/portraits/men/40.jpg', 'medium': 'https://randomuser.me/api/portraits/med/men/40.jpg', 'thumbnail': 'https://randomuser.me/api/portraits/thumb/men/40.jpg'}, 'nat': 'UA'}], 'info': {'seed': '1b9caa435cbce194', 'results': 1, 'page': 1, 'version': '1.4'}}</msg>
<arg>${json_data}</arg>
<doc>Logs the given message with the given level.</doc>
<status status="PASS" start="2024-07-30T01:08:19.584566" elapsed="0.000254"/>
</kw>
<kw name="Dictionary Should Contain Key" owner="Collections">
<arg>${json_data}</arg>
<arg>results</arg>
<doc>Fails if ``key`` is not found from ``dictionary``.</doc>
<status status="PASS" start="2024-07-30T01:08:19.585118" elapsed="0.000169"/>
</kw>
<kw name="Should Not Be Empty" owner="BuiltIn">
<msg time="2024-07-30T01:08:19.585601" level="INFO">Length is 2.</msg>
<arg>${json_data}</arg>
<doc>Verifies that the given item is not empty.</doc>
<status status="PASS" start="2024-07-30T01:08:19.585473" elapsed="0.000166"/>
</kw>
<kw name="Create List" owner="BuiltIn">
<msg time="2024-07-30T01:08:19.586079" level="INFO">${expected_keys} = ['gender', 'name', 'location', 'email', 'login']</msg>
<var>${expected_keys}</var>
<arg>gender</arg>
<arg>name</arg>
<arg>location</arg>
<arg>email</arg>
<arg>login</arg>
<doc>Returns a list containing given items.</doc>
<status status="PASS" start="2024-07-30T01:08:19.585925" elapsed="0.000178"/>
</kw>
<for flavor="IN">
<iter>
<kw name="Dictionary Should Contain Key" owner="Collections">
<arg>${json_data['results'][0]}</arg>
<arg>${key}</arg>
<doc>Fails if ``key`` is not found from ``dictionary``.</doc>
<status status="PASS" start="2024-07-30T01:08:19.586700" elapsed="0.000413"/>
</kw>
<kw name="Log" owner="BuiltIn">
<msg time="2024-07-30T01:08:19.587672" level="INFO">{'gender': 'male', 'name': {'title': 'Mr', 'first': 'Olelko', 'last': 'Yaroslav Kozak'}, 'location': {'street': {'number': 6108, 'name': 'Simeyizkiy prospekt'}, 'city': 'Ustilug', 'state': 'Hmelnicka', 'country': 'Ukraine', 'postcode': 53160, 'coordinates': {'latitude': '77.7340', 'longitude': '-31.9818'}, 'timezone': {'offset': '-5:00', 'description': 'Eastern Time (US &amp; Canada), Bogota, Lima'}}, 'email': 'olelko.yaroslavkozak@example.com', 'login': {'uuid': '9f39dee7-04b8-43b5-9a07-25f64908efbd', 'username': 'beautifulkoala247', 'password': 'pacino', 'salt': 'aqSHlTvv', 'md5': '92d4db1a3f62a5a6793404638b4d4ea2', 'sha1': '434e403aa5d097727a1b674b4db13da80ee352aa', 'sha256': 'f1deccb2801345e07c38a67dfa684ee89306dfd91f7ed5c4a28b7684c92efb07'}, 'dob': {'date': '1964-02-28T03:39:27.149Z', 'age': 60}, 'registered': {'date': '2021-11-28T12:29:15.272Z', 'age': 2}, 'phone': '(067) P05-9978', 'cell': '(067) B44-4128', 'id': {'name': '', 'value': None}, 'picture': {'large': 'https://randomuser.me/api/portraits/men/40.jpg', 'medium': 'https://randomuser.me/api/portraits/med/men/40.jpg', 'thumbnail': 'https://randomuser.me/api/portraits/thumb/men/40.jpg'}, 'nat': 'UA'}</msg>
<arg>${json_data['results'][0]}</arg>
<doc>Logs the given message with the given level.</doc>
<status status="PASS" start="2024-07-30T01:08:19.587309" elapsed="0.000415"/>
</kw>
<kw name="Log" owner="BuiltIn">
<msg time="2024-07-30T01:08:19.588155" level="INFO">gender</msg>
<arg>${key}</arg>
<doc>Logs the given message with the given level.</doc>
<status status="PASS" start="2024-07-30T01:08:19.588024" elapsed="0.000170"/>
</kw>
<var name="${key}">gender</var>
<status status="PASS" start="2024-07-30T01:08:19.586572" elapsed="0.001847"/>
</iter>
<iter>
<kw name="Dictionary Should Contain Key" owner="Collections">
<arg>${json_data['results'][0]}</arg>
<arg>${key}</arg>
<doc>Fails if ``key`` is not found from ``dictionary``.</doc>
<status status="PASS" start="2024-07-30T01:08:19.588751" elapsed="0.000392"/>
</kw>
<kw name="Log" owner="BuiltIn">
<msg time="2024-07-30T01:08:19.589955" level="INFO">{'gender': 'male', 'name': {'title': 'Mr', 'first': 'Olelko', 'last': 'Yaroslav Kozak'}, 'location': {'street': {'number': 6108, 'name': 'Simeyizkiy prospekt'}, 'city': 'Ustilug', 'state': 'Hmelnicka', 'country': 'Ukraine', 'postcode': 53160, 'coordinates': {'latitude': '77.7340', 'longitude': '-31.9818'}, 'timezone': {'offset': '-5:00', 'description': 'Eastern Time (US &amp; Canada), Bogota, Lima'}}, 'email': 'olelko.yaroslavkozak@example.com', 'login': {'uuid': '9f39dee7-04b8-43b5-9a07-25f64908efbd', 'username': 'beautifulkoala247', 'password': 'pacino', 'salt': 'aqSHlTvv', 'md5': '92d4db1a3f62a5a6793404638b4d4ea2', 'sha1': '434e403aa5d097727a1b674b4db13da80ee352aa', 'sha256': 'f1deccb2801345e07c38a67dfa684ee89306dfd91f7ed5c4a28b7684c92efb07'}, 'dob': {'date': '1964-02-28T03:39:27.149Z', 'age': 60}, 'registered': {'date': '2021-11-28T12:29:15.272Z', 'age': 2}, 'phone': '(067) P05-9978', 'cell': '(067) B44-4128', 'id': {'name': '', 'value': None}, 'picture': {'large': 'https://randomuser.me/api/portraits/men/40.jpg', 'medium': 'https://randomuser.me/api/portraits/med/men/40.jpg', 'thumbnail': 'https://randomuser.me/api/portraits/thumb/men/40.jpg'}, 'nat': 'UA'}</msg>
<arg>${json_data['results'][0]}</arg>
<doc>Logs the given message with the given level.</doc>
<status status="PASS" start="2024-07-30T01:08:19.589382" elapsed="0.000664"/>
</kw>
<kw name="Log" owner="BuiltIn">
<msg time="2024-07-30T01:08:19.590508" level="INFO">name</msg>
<arg>${key}</arg>
<doc>Logs the given message with the given level.</doc>
<status status="PASS" start="2024-07-30T01:08:19.590374" elapsed="0.000173"/>
</kw>
<var name="${key}">name</var>
<status status="PASS" start="2024-07-30T01:08:19.588633" elapsed="0.002134"/>
</iter>
<iter>
<kw name="Dictionary Should Contain Key" owner="Collections">
<arg>${json_data['results'][0]}</arg>
<arg>${key}</arg>
<doc>Fails if ``key`` is not found from ``dictionary``.</doc>
<status status="PASS" start="2024-07-30T01:08:19.591055" elapsed="0.000390"/>
</kw>
<kw name="Log" owner="BuiltIn">
<msg time="2024-07-30T01:08:19.591990" level="INFO">{'gender': 'male', 'name': {'title': 'Mr', 'first': 'Olelko', 'last': 'Yaroslav Kozak'}, 'location': {'street': {'number': 6108, 'name': 'Simeyizkiy prospekt'}, 'city': 'Ustilug', 'state': 'Hmelnicka', 'country': 'Ukraine', 'postcode': 53160, 'coordinates': {'latitude': '77.7340', 'longitude': '-31.9818'}, 'timezone': {'offset': '-5:00', 'description': 'Eastern Time (US &amp; Canada), Bogota, Lima'}}, 'email': 'olelko.yaroslavkozak@example.com', 'login': {'uuid': '9f39dee7-04b8-43b5-9a07-25f64908efbd', 'username': 'beautifulkoala247', 'password': 'pacino', 'salt': 'aqSHlTvv', 'md5': '92d4db1a3f62a5a6793404638b4d4ea2', 'sha1': '434e403aa5d097727a1b674b4db13da80ee352aa', 'sha256': 'f1deccb2801345e07c38a67dfa684ee89306dfd91f7ed5c4a28b7684c92efb07'}, 'dob': {'date': '1964-02-28T03:39:27.149Z', 'age': 60}, 'registered': {'date': '2021-11-28T12:29:15.272Z', 'age': 2}, 'phone': '(067) P05-9978', 'cell': '(067) B44-4128', 'id': {'name': '', 'value': None}, 'picture': {'large': 'https://randomuser.me/api/portraits/men/40.jpg', 'medium': 'https://randomuser.me/api/portraits/med/men/40.jpg', 'thumbnail': 'https://randomuser.me/api/portraits/thumb/men/40.jpg'}, 'nat': 'UA'}</msg>
<arg>${json_data['results'][0]}</arg>
<doc>Logs the given message with the given level.</doc>
<status status="PASS" start="2024-07-30T01:08:19.591638" elapsed="0.000407"/>
</kw>
<kw name="Log" owner="BuiltIn">
<msg time="2024-07-30T01:08:19.592476" level="INFO">location</msg>
<arg>${key}</arg>
<doc>Logs the given message with the given level.</doc>
<status status="PASS" start="2024-07-30T01:08:19.592345" elapsed="0.000170"/>
</kw>
<var name="${key}">location</var>
<status status="PASS" start="2024-07-30T01:08:19.590946" elapsed="0.001816"/>
</iter>
<iter>
<kw name="Dictionary Should Contain Key" owner="Collections">
<arg>${json_data['results'][0]}</arg>
<arg>${key}</arg>
<doc>Fails if ``key`` is not found from ``dictionary``.</doc>
<status status="PASS" start="2024-07-30T01:08:19.593045" elapsed="0.000391"/>
</kw>
<kw name="Log" owner="BuiltIn">
<msg time="2024-07-30T01:08:19.594102" level="INFO">{'gender': 'male', 'name': {'title': 'Mr', 'first': 'Olelko', 'last': 'Yaroslav Kozak'}, 'location': {'street': {'number': 6108, 'name': 'Simeyizkiy prospekt'}, 'city': 'Ustilug', 'state': 'Hmelnicka', 'country': 'Ukraine', 'postcode': 53160, 'coordinates': {'latitude': '77.7340', 'longitude': '-31.9818'}, 'timezone': {'offset': '-5:00', 'description': 'Eastern Time (US &amp; Canada), Bogota, Lima'}}, 'email': 'olelko.yaroslavkozak@example.com', 'login': {'uuid': '9f39dee7-04b8-43b5-9a07-25f64908efbd', 'username': 'beautifulkoala247', 'password': 'pacino', 'salt': 'aqSHlTvv', 'md5': '92d4db1a3f62a5a6793404638b4d4ea2', 'sha1': '434e403aa5d097727a1b674b4db13da80ee352aa', 'sha256': 'f1deccb2801345e07c38a67dfa684ee89306dfd91f7ed5c4a28b7684c92efb07'}, 'dob': {'date': '1964-02-28T03:39:27.149Z', 'age': 60}, 'registered': {'date': '2021-11-28T12:29:15.272Z', 'age': 2}, 'phone': '(067) P05-9978', 'cell': '(067) B44-4128', 'id': {'name': '', 'value': None}, 'picture': {'large': 'https://randomuser.me/api/portraits/men/40.jpg', 'medium': 'https://randomuser.me/api/portraits/med/men/40.jpg', 'thumbnail': 'https://randomuser.me/api/portraits/thumb/men/40.jpg'}, 'nat': 'UA'}</msg>
<arg>${json_data['results'][0]}</arg>
<doc>Logs the given message with the given level.</doc>
<status status="PASS" start="2024-07-30T01:08:19.593746" elapsed="0.000415"/>
</kw>
<kw name="Log" owner="BuiltIn">
<msg time="2024-07-30T01:08:19.594591" level="INFO">email</msg>
<arg>${key}</arg>
<doc>Logs the given message with the given level.</doc>
<status status="PASS" start="2024-07-30T01:08:19.594458" elapsed="0.000171"/>
</kw>
<var name="${key}">email</var>
<status status="PASS" start="2024-07-30T01:08:19.592937" elapsed="0.001909"/>
</iter>
<iter>
<kw name="Dictionary Should Contain Key" owner="Collections">
<arg>${json_data['results'][0]}</arg>
<arg>${key}</arg>
<doc>Fails if ``key`` is not found from ``dictionary``.</doc>
<status status="PASS" start="2024-07-30T01:08:19.595127" elapsed="0.000377"/>
</kw>
<kw name="Log" owner="BuiltIn">
<msg time="2024-07-30T01:08:19.596042" level="INFO">{'gender': 'male', 'name': {'title': 'Mr', 'first': 'Olelko', 'last': 'Yaroslav Kozak'}, 'location': {'street': {'number': 6108, 'name': 'Simeyizkiy prospekt'}, 'city': 'Ustilug', 'state': 'Hmelnicka', 'country': 'Ukraine', 'postcode': 53160, 'coordinates': {'latitude': '77.7340', 'longitude': '-31.9818'}, 'timezone': {'offset': '-5:00', 'description': 'Eastern Time (US &amp; Canada), Bogota, Lima'}}, 'email': 'olelko.yaroslavkozak@example.com', 'login': {'uuid': '9f39dee7-04b8-43b5-9a07-25f64908efbd', 'username': 'beautifulkoala247', 'password': 'pacino', 'salt': 'aqSHlTvv', 'md5': '92d4db1a3f62a5a6793404638b4d4ea2', 'sha1': '434e403aa5d097727a1b674b4db13da80ee352aa', 'sha256': 'f1deccb2801345e07c38a67dfa684ee89306dfd91f7ed5c4a28b7684c92efb07'}, 'dob': {'date': '1964-02-28T03:39:27.149Z', 'age': 60}, 'registered': {'date': '2021-11-28T12:29:15.272Z', 'age': 2}, 'phone': '(067) P05-9978', 'cell': '(067) B44-4128', 'id': {'name': '', 'value': None}, 'picture': {'large': 'https://randomuser.me/api/portraits/men/40.jpg', 'medium': 'https://randomuser.me/api/portraits/med/men/40.jpg', 'thumbnail': 'https://randomuser.me/api/portraits/thumb/men/40.jpg'}, 'nat': 'UA'}</msg>
<arg>${json_data['results'][0]}</arg>
<doc>Logs the given message with the given level.</doc>
<status status="PASS" start="2024-07-30T01:08:19.595686" elapsed="0.000405"/>
</kw>
<kw name="Log" owner="BuiltIn">
<msg time="2024-07-30T01:08:19.596513" level="INFO">login</msg>
<arg>${key}</arg>
<doc>Logs the given message with the given level.</doc>
<status status="PASS" start="2024-07-30T01:08:19.596384" elapsed="0.000166"/>
</kw>
<var name="${key}">login</var>
<status status="PASS" start="2024-07-30T01:08:19.595020" elapsed="0.001782"/>
</iter>
<var>${key}</var>
<value>@{expected_keys}</value>
<status status="PASS" start="2024-07-30T01:08:19.586371" elapsed="0.010553"/>
</for>
<kw name="Create List" owner="BuiltIn">
<msg time="2024-07-30T01:08:19.597292" level="INFO">${expected_keysTwo} = ['username', 'password']</msg>
<var>${expected_keysTwo}</var>
<arg>username</arg>
<arg>password</arg>
<doc>Returns a list containing given items.</doc>
<status status="PASS" start="2024-07-30T01:08:19.597150" elapsed="0.000167"/>
</kw>
<for flavor="IN">
<iter>
<kw name="Dictionary Should Contain Key" owner="Collections">
<arg>${json_data['results'][0]['login']}</arg>
<arg>${keyTwo}</arg>
<doc>Fails if ``key`` is not found from ``dictionary``.</doc>
<status status="PASS" start="2024-07-30T01:08:19.598009" elapsed="0.000519"/>
</kw>
<kw name="Dictionary Should Contain Key" owner="Collections">
<arg>${json_data['results'][0]['login']}</arg>
<arg>${keyTwo}</arg>
<doc>Fails if ``key`` is not found from ``dictionary``.</doc>
<status status="PASS" start="2024-07-30T01:08:19.598716" elapsed="0.000380"/>
</kw>
<kw name="Log" owner="BuiltIn">
<msg time="2024-07-30T01:08:19.599404" level="INFO">username</msg>
<arg>${keyTwo}</arg>
<doc>Logs the given message with the given level.</doc>
<status status="PASS" start="2024-07-30T01:08:19.599282" elapsed="0.000159"/>
</kw>
<var name="${keyTwo}">username</var>
<status status="PASS" start="2024-07-30T01:08:19.597848" elapsed="0.001817"/>
</iter>
<iter>
<kw name="Dictionary Should Contain Key" owner="Collections">
<arg>${json_data['results'][0]['login']}</arg>
<arg>${keyTwo}</arg>
<doc>Fails if ``key`` is not found from ``dictionary``.</doc>
<status status="PASS" start="2024-07-30T01:08:19.599956" elapsed="0.000386"/>
</kw>
<kw name="Dictionary Should Contain Key" owner="Collections">
<arg>${json_data['results'][0]['login']}</arg>
<arg>${keyTwo}</arg>
<doc>Fails if ``key`` is not found from ``dictionary``.</doc>
<status status="PASS" start="2024-07-30T01:08:19.600519" elapsed="0.000402"/>
</kw>
<kw name="Log" owner="BuiltIn">
<msg time="2024-07-30T01:08:19.601224" level="INFO">password</msg>
<arg>${keyTwo}</arg>
<doc>Logs the given message with the given level.</doc>
<status status="PASS" start="2024-07-30T01:08:19.601097" elapsed="0.000164"/>
</kw>
<var name="${keyTwo}">password</var>
<status status="PASS" start="2024-07-30T01:08:19.599837" elapsed="0.001648"/>
</iter>
<var>${keyTwo}</var>
<value>@{expected_keysTwo}</value>
<status status="PASS" start="2024-07-30T01:08:19.597637" elapsed="0.003970"/>
</for>
<status status="PASS" start="2024-07-30T01:08:19.495118" elapsed="0.106634"/>
</kw>
<doc>Testa a estrutura da resposta da API.</doc>
<tag>testeEstruturaResposta</tag>
<status status="PASS" start="2024-07-30T01:08:19.494514" elapsed="0.107398"/>
</test>
<test id="s1-s1-t4" name="Validar tipos de dados" line="28">
<kw name="Teste de Tipos de Dados" owner="random-user-service">
<kw name="GET On Session" owner="RequestsLibrary">
<msg time="2024-07-30T01:08:19.685672" level="INFO">GET Request : url=https://randomuser.me/api 
 path_url=/api 
 headers={'User-Agent': 'python-requests/2.32.3', 'Accept-Encoding': 'gzip, deflate', 'Accept': '*/*', 'Connection': 'keep-alive'} 
 body=None 
 </msg>
<msg time="2024-07-30T01:08:19.685792" level="INFO">GET Response : url=https://randomuser.me/api 
 status=200, reason=OK 
 headers={'Date': 'Tue, 30 Jul 2024 01:08:19 GMT', 'Content-Type': 'application/json; charset=utf-8', 'Transfer-Encoding': 'chunked', 'Connection': 'keep-alive', 'X-Powered-By': 'Express', 'Access-Control-Allow-Origin': '*', 'Cache-Control': 'no-cache', 'ETag': 'W/"48b-hZD843ilUR4o39PZIx8J2vzJZXc"', 'Vary': 'Accept-Encoding', 'Content-Encoding': 'gzip', 'CF-Cache-Status': 'DYNAMIC', 'Report-To': '{"endpoints":[{"url":"https:\\/\\/a.nel.cloudflare.com\\/report\\/v4?s=nlawlerT9I%2Bbb0eUMT0cEjwwUKJYc4b237RgniImCCRudLljvabHqYMfqDK%2B4j%2BGbmHpxEM09iB4SsHZVTyP%2BhZXyA9CLAHiTvegwzOFLXcNunTdqo%2F5jm2KzJVnWC4k"}],"group":"cf-nel","max_age":604800}', 'NEL': '{"success_fraction":0,"report_to":"cf-nel","max_age":604800}', 'Server': 'cloudflare', 'CF-RAY': '8ab174f68fe310ba-ORD', 'alt-svc': 'h3=":443"; ma=86400'} 
 body={"results":[{"gender":"female","name":{"title":"Mrs","first":"Agar","last":"da Rocha"},"location":{"street":{"number":4677,"name":"Rua Vinte E Um"},"city":"Patos de Minas","state":"Amapá","country":"Brazil","postcode":40836,"coordinates":{"latitude":"-78.2931","longitude":"121.2774"},"timezone":{"offset":"-2:00","description":"Mid-Atlantic"}},"email":"agar.darocha@example.com","login":{"uuid":"05567fa1-5f4a-4975-b570-f620e1141d2f","username":"angryzebra458","password":"hotmail0","salt":"7rOLEvpw","md5":"aef2df660e9231d9c5f40b62e2cac82c","sha1":"82fc71827023ee3414c24fc49568f2131d1fae82","sha256":"678aff77f27f3760311f563da1ae28f930a5753761f0870ca01ba38082b10920"},"dob":{"date":"1952-04-03T23:45:13.717Z","age":72},"registered":{"date":"2003-04-03T04:00:46.482Z","age":21},"phone":"(11) 2081-9323","cell":"(45) 5992-9505","id":{"name":"CPF","value":"820.041.963-83"},"picture":{"large":"https://randomuser.me/api/portraits/women/86.jpg","medium":"https://randomuser.me/api/portraits/med/women/86.jpg","thumbnail":"https://randomuser.me/api/portraits/thumb/women/86.jpg"},"nat":"BR"}],"info":{"seed":"d746c5f2e4b46291","results":1,"page":1,"version":"1.4"}} 
 </msg>
<msg time="2024-07-30T01:08:19.685881" level="INFO">/opt/hostedtoolcache/Python/3.12.4/x64/lib/python3.12/site-packages/urllib3/connectionpool.py:1099: InsecureRequestWarning: Unverified HTTPS request is being made to host 'randomuser.me'. Adding certificate verification is strongly advised. See: https://urllib3.readthedocs.io/en/latest/advanced-usage.html#tls-warnings
  warnings.warn(</msg>
<msg time="2024-07-30T01:08:19.686009" level="INFO">${response} = &lt;Response [200]&gt;</msg>
<var>${response}</var>
<arg>consultarAPI</arg>
<arg>/api</arg>
<doc>Sends a GET request on a previously created HTTP Session.</doc>
<status status="PASS" start="2024-07-30T01:08:19.604466" elapsed="0.081584"/>
</kw>
<kw name="Set Variable" owner="BuiltIn">
<msg time="2024-07-30T01:08:19.687304" level="INFO">${json_data} = {'results': [{'gender': 'female', 'name': {'title': 'Mrs', 'first': 'Agar', 'last': 'da Rocha'}, 'location': {'street': {'number': 4677, 'name': 'Rua Vinte E Um'}, 'city': 'Patos de Minas', 'state': '...</msg>
<var>${json_data}</var>
<arg>${response.json()}</arg>
<doc>Returns the given values which can then be assigned to a variables.</doc>
<status status="PASS" start="2024-07-30T01:08:19.686715" elapsed="0.000619"/>
</kw>
<kw name="Log" owner="BuiltIn">
<msg time="2024-07-30T01:08:19.687819" level="INFO">{'results': [{'gender': 'female', 'name': {'title': 'Mrs', 'first': 'Agar', 'last': 'da Rocha'}, 'location': {'street': {'number': 4677, 'name': 'Rua Vinte E Um'}, 'city': 'Patos de Minas', 'state': 'Amapá', 'country': 'Brazil', 'postcode': 40836, 'coordinates': {'latitude': '-78.2931', 'longitude': '121.2774'}, 'timezone': {'offset': '-2:00', 'description': 'Mid-Atlantic'}}, 'email': 'agar.darocha@example.com', 'login': {'uuid': '05567fa1-5f4a-4975-b570-f620e1141d2f', 'username': 'angryzebra458', 'password': 'hotmail0', 'salt': '7rOLEvpw', 'md5': 'aef2df660e9231d9c5f40b62e2cac82c', 'sha1': '82fc71827023ee3414c24fc49568f2131d1fae82', 'sha256': '678aff77f27f3760311f563da1ae28f930a5753761f0870ca01ba38082b10920'}, 'dob': {'date': '1952-04-03T23:45:13.717Z', 'age': 72}, 'registered': {'date': '2003-04-03T04:00:46.482Z', 'age': 21}, 'phone': '(11) 2081-9323', 'cell': '(45) 5992-9505', 'id': {'name': 'CPF', 'value': '820.041.963-83'}, 'picture': {'large': 'https://randomuser.me/api/portraits/women/86.jpg', 'medium': 'https://randomuser.me/api/portraits/med/women/86.jpg', 'thumbnail': 'https://randomuser.me/api/portraits/thumb/women/86.jpg'}, 'nat': 'BR'}], 'info': {'seed': 'd746c5f2e4b46291', 'results': 1, 'page': 1, 'version': '1.4'}}</msg>
<arg>${json_data}</arg>
<doc>Logs the given message with the given level.</doc>
<status status="PASS" start="2024-07-30T01:08:19.687647" elapsed="0.000222"/>
</kw>
<kw name="Should Be String" owner="String">
<arg>${json_data['results'][0]['gender']}</arg>
<doc>Fails if the given ``item`` is not a string.</doc>
<status status="PASS" start="2024-07-30T01:08:19.688168" elapsed="0.000381"/>
</kw>
<kw name="Should Match Regexp" owner="BuiltIn">
<arg>${json_data['results'][0]['email']}</arg>
<arg>^[a-zA-Z0-9._%+-]+@[a-zA-Z0-9.-]+\.[a-zA-Z]{2,}$</arg>
<doc>Fails if ``string`` does not match ``pattern`` as a regular expression.</doc>
<status status="PASS" start="2024-07-30T01:08:19.688852" elapsed="0.000547"/>
</kw>
<kw name="Should Match Regexp" owner="BuiltIn">
<arg>${json_data['results'][0]['dob']['date']}</arg>
<arg>\\d{4}-\\d{2}-\\d{2}T\\d{2}:\\d{2}:\\d{2}\\.\\d{3}Z</arg>
<doc>Fails if ``string`` does not match ``pattern`` as a regular expression.</doc>
<status status="PASS" start="2024-07-30T01:08:19.689599" elapsed="0.000687"/>
</kw>
<kw name="Should Match Regexp" owner="BuiltIn">
<arg>${json_data['results'][0]['registered']['date']}</arg>
<arg>\\d{4}-\\d{2}-\\d{2}T\\d{2}:\\d{2}:\\d{2}\\.\\d{3}Z</arg>
<doc>Fails if ``string`` does not match ``pattern`` as a regular expression.</doc>
<status status="PASS" start="2024-07-30T01:08:19.690489" elapsed="0.000383"/>
</kw>
<kw name="Should Match Regexp" owner="BuiltIn">
<arg>${json_data['results'][0]['picture']['large']}</arg>
<arg>^https?://.*\.(?:png|jpe?g|gif|bmp)$</arg>
<doc>Fails if ``string`` does not match ``pattern`` as a regular expression.</doc>
<status status="PASS" start="2024-07-30T01:08:19.691062" elapsed="0.000470"/>
</kw>
<kw name="Should Match Regexp" owner="BuiltIn">
<arg>${json_data['results'][0]['picture']['medium']}</arg>
<arg>^https?://.*\.(?:png|jpe?g|gif|bmp)$</arg>
<doc>Fails if ``string`` does not match ``pattern`` as a regular expression.</doc>
<status status="PASS" start="2024-07-30T01:08:19.691721" elapsed="0.000492"/>
</kw>
<kw name="Should Match Regexp" owner="BuiltIn">
<arg>${json_data['results'][0]['picture']['thumbnail']}</arg>
<arg>^https?://.*\.(?:png|jpe?g|gif|bmp)$</arg>
<doc>Fails if ``string`` does not match ``pattern`` as a regular expression.</doc>
<status status="PASS" start="2024-07-30T01:08:19.692499" elapsed="0.000432"/>
</kw>
<kw name="Log" owner="BuiltIn">
<msg time="2024-07-30T01:08:19.693458" level="INFO">{'large': 'https://randomuser.me/api/portraits/women/86.jpg', 'medium': 'https://randomuser.me/api/portraits/med/women/86.jpg', 'thumbnail': 'https://randomuser.me/api/portraits/thumb/women/86.jpg'}</msg>
<arg>${json_data['results'][0]['picture']}</arg>
<doc>Logs the given message with the given level.</doc>
<status status="PASS" start="2024-07-30T01:08:19.693122" elapsed="0.000379"/>
</kw>
<status status="PASS" start="2024-07-30T01:08:19.604239" elapsed="0.089528"/>
</kw>
<kw name="Teste de Tipos de Dados - Postcode" owner="random-user-service">
<kw name="GET On Session" owner="RequestsLibrary">
<msg time="2024-07-30T01:08:19.780497" level="INFO">GET Request : url=https://randomuser.me/api 
 path_url=/api 
 headers={'User-Agent': 'python-requests/2.32.3', 'Accept-Encoding': 'gzip, deflate', 'Accept': '*/*', 'Connection': 'keep-alive'} 
 body=None 
 </msg>
<msg time="2024-07-30T01:08:19.780637" level="INFO">GET Response : url=https://randomuser.me/api 
 status=200, reason=OK 
 headers={'Date': 'Tue, 30 Jul 2024 01:08:19 GMT', 'Content-Type': 'application/json; charset=utf-8', 'Transfer-Encoding': 'chunked', 'Connection': 'keep-alive', 'X-Powered-By': 'Express', 'Access-Control-Allow-Origin': '*', 'Cache-Control': 'no-cache', 'ETag': 'W/"49b-4MNvYM91zOabU2ckal8DhOINqRw"', 'Vary': 'Accept-Encoding', 'Content-Encoding': 'gzip', 'CF-Cache-Status': 'DYNAMIC', 'Report-To': '{"endpoints":[{"url":"https:\\/\\/a.nel.cloudflare.com\\/report\\/v4?s=rS%2FnJ0UPtEZnVMgSWqco9WAEKRAy0v9gj7ms5HEIad%2FtUMg5KWpUNej%2BmuPffqHCy8eWn53hF3PxLg1k9kW%2BXcjVwecHsK4DVKzXX8J8Tpcnm3yQQVq%2F%2Fhq%2B32LfJp8N"}],"group":"cf-nel","max_age":604800}', 'NEL': '{"success_fraction":0,"report_to":"cf-nel","max_age":604800}', 'Server': 'cloudflare', 'CF-RAY': '8ab174f718dc10ba-ORD', 'alt-svc': 'h3=":443"; ma=86400'} 
 body={"results":[{"gender":"male","name":{"title":"Mr","first":"Madu","last":"Campos"},"location":{"street":{"number":6792,"name":"Rua Vinte E Quatro de Outubro"},"city":"Porto Velho","state":"Rondônia","country":"Brazil","postcode":38927,"coordinates":{"latitude":"-76.6278","longitude":"-16.2324"},"timezone":{"offset":"-7:00","description":"Mountain Time (US &amp; Canada)"}},"email":"madu.campos@example.com","login":{"uuid":"a13afbd5-2ffb-40c0-9fa8-934a104a9f6f","username":"purplelion640","password":"whales","salt":"j87UbXd2","md5":"a198251f6ec19b276346c5075eb57385","sha1":"6715268150fb7044024c4950fa8dd7db199c06da","sha256":"8e8b505a6a931608cbb82f72f65abaf147959fa448874f27a35a9c58588d1a18"},"dob":{"date":"1958-10-21T12:12:04.926Z","age":65},"registered":{"date":"2007-09-28T18:08:27.482Z","age":16},"phone":"(00) 2669-4934","cell":"(29) 8584-6789","id":{"name":"CPF","value":"364.321.310-18"},"picture":{"large":"https://randomuser.me/api/portraits/men/66.jpg","medium":"https://randomuser.me/api/portraits/med/men/66.jpg","thumbnail":"https://randomuser.me/api/portraits/thumb/men/66.jpg"},"nat":"BR"}],"info":{"seed":"7443f1cd7e81c87f","results":1,"page":1,"version":"1.4"}} 
 </msg>
<msg time="2024-07-30T01:08:19.780730" level="INFO">/opt/hostedtoolcache/Python/3.12.4/x64/lib/python3.12/site-packages/urllib3/connectionpool.py:1099: InsecureRequestWarning: Unverified HTTPS request is being made to host 'randomuser.me'. Adding certificate verification is strongly advised. See: https://urllib3.readthedocs.io/en/latest/advanced-usage.html#tls-warnings
  warnings.warn(</msg>
<msg time="2024-07-30T01:08:19.780874" level="INFO">${response} = &lt;Response [200]&gt;</msg>
<var>${response}</var>
<arg>consultarAPI</arg>
<arg>/api</arg>
<doc>Sends a GET request on a previously created HTTP Session.</doc>
<status status="PASS" start="2024-07-30T01:08:19.694227" elapsed="0.086695"/>
</kw>
<kw name="Set Variable" owner="BuiltIn">
<msg time="2024-07-30T01:08:19.782190" level="INFO">${json_data} = {'results': [{'gender': 'male', 'name': {'title': 'Mr', 'first': 'Madu', 'last': 'Campos'}, 'location': {'street': {'number': 6792, 'name': 'Rua Vinte E Quatro de Outubro'}, 'city': 'Porto Velho', 'st...</msg>
<var>${json_data}</var>
<arg>${response.json()}</arg>
<doc>Returns the given values which can then be assigned to a variables.</doc>
<status status="PASS" start="2024-07-30T01:08:19.781589" elapsed="0.000630"/>
</kw>
<kw name="Log" owner="BuiltIn">
<msg time="2024-07-30T01:08:19.782697" level="INFO">{'results': [{'gender': 'male', 'name': {'title': 'Mr', 'first': 'Madu', 'last': 'Campos'}, 'location': {'street': {'number': 6792, 'name': 'Rua Vinte E Quatro de Outubro'}, 'city': 'Porto Velho', 'state': 'Rondônia', 'country': 'Brazil', 'postcode': 38927, 'coordinates': {'latitude': '-76.6278', 'longitude': '-16.2324'}, 'timezone': {'offset': '-7:00', 'description': 'Mountain Time (US &amp; Canada)'}}, 'email': 'madu.campos@example.com', 'login': {'uuid': 'a13afbd5-2ffb-40c0-9fa8-934a104a9f6f', 'username': 'purplelion640', 'password': 'whales', 'salt': 'j87UbXd2', 'md5': 'a198251f6ec19b276346c5075eb57385', 'sha1': '6715268150fb7044024c4950fa8dd7db199c06da', 'sha256': '8e8b505a6a931608cbb82f72f65abaf147959fa448874f27a35a9c58588d1a18'}, 'dob': {'date': '1958-10-21T12:12:04.926Z', 'age': 65}, 'registered': {'date': '2007-09-28T18:08:27.482Z', 'age': 16}, 'phone': '(00) 2669-4934', 'cell': '(29) 8584-6789', 'id': {'name': 'CPF', 'value': '364.321.310-18'}, 'picture': {'large': 'https://randomuser.me/api/portraits/men/66.jpg', 'medium': 'https://randomuser.me/api/portraits/med/men/66.jpg', 'thumbnail': 'https://randomuser.me/api/portraits/thumb/men/66.jpg'}, 'nat': 'BR'}], 'info': {'seed': '7443f1cd7e81c87f', 'results': 1, 'page': 1, 'version': '1.4'}}</msg>
<arg>${json_data}</arg>
<doc>Logs the given message with the given level.</doc>
<status status="PASS" start="2024-07-30T01:08:19.782531" elapsed="0.000217"/>
</kw>
<kw name="Should Be Equal As Numbers" owner="BuiltIn">
<arg>${json_data['results'][0]['location']['postcode']}</arg>
<arg>${json_data['results'][0]['location']['postcode']}</arg>
<doc>Fails if objects are unequal after converting them to real numbers.</doc>
<status status="PASS" start="2024-07-30T01:08:19.783045" elapsed="0.000634"/>
</kw>
<kw name="Log" owner="BuiltIn">
<msg time="2024-07-30T01:08:19.784259" level="INFO">38927</msg>
<arg>${json_data['results'][0]['location']['postcode']}</arg>
<doc>Logs the given message with the given level.</doc>
<status status="PASS" start="2024-07-30T01:08:19.783904" elapsed="0.000396"/>
</kw>
<status status="PASS" start="2024-07-30T01:08:19.693996" elapsed="0.090565"/>
</kw>
<doc>Testa se os tipos de dados na resposta da API estão corretos.</doc>
<tag>testeTiposDados</tag>
<status status="PASS" start="2024-07-30T01:08:19.603678" elapsed="0.181103"/>
</test>
<test id="s1-s1-t5" name="Validar conteudo" line="35">
<kw name="Teste de Tipos de Conteudo" owner="random-user-service">
<kw name="GET On Session" owner="RequestsLibrary">
<msg time="2024-07-30T01:08:19.884093" level="INFO">GET Request : url=https://randomuser.me/api 
 path_url=/api 
 headers={'User-Agent': 'python-requests/2.32.3', 'Accept-Encoding': 'gzip, deflate', 'Accept': '*/*', 'Connection': 'keep-alive'} 
 body=None 
 </msg>
<msg time="2024-07-30T01:08:19.884212" level="INFO">GET Response : url=https://randomuser.me/api 
 status=200, reason=OK 
 headers={'Date': 'Tue, 30 Jul 2024 01:08:19 GMT', 'Content-Type': 'application/json; charset=utf-8', 'Transfer-Encoding': 'chunked', 'Connection': 'keep-alive', 'X-Powered-By': 'Express', 'Access-Control-Allow-Origin': '*', 'Cache-Control': 'no-cache', 'ETag': 'W/"46f-F+YHp3NkTt40CnKJOB4Qj8ZfckM"', 'Vary': 'Accept-Encoding', 'Content-Encoding': 'gzip', 'CF-Cache-Status': 'DYNAMIC', 'Report-To': '{"endpoints":[{"url":"https:\\/\\/a.nel.cloudflare.com\\/report\\/v4?s=5WstfKqsu6Icoc5qsEznAA%2BsE55Fo%2BcrmWey7HQhiVsexGcilMS42OPwpFUDOVquE6T8l0G9ZN3d%2FCz%2BCuOKUz%2BLci%2FZ2KfvW52KuDW08m138vGNl8stJEOVwA4gkmtq"}],"group":"cf-nel","max_age":604800}', 'NEL': '{"success_fraction":0,"report_to":"cf-nel","max_age":604800}', 'Server': 'cloudflare', 'CF-RAY': '8ab174f7a98610ba-ORD', 'alt-svc': 'h3=":443"; ma=86400'} 
 body={"results":[{"gender":"female","name":{"title":"Mrs","first":"Alice","last":"Obrien"},"location":{"street":{"number":5300,"name":"Ormond Quay"},"city":"Ballina","state":"Limerick","country":"Ireland","postcode":59001,"coordinates":{"latitude":"-0.8980","longitude":"84.2171"},"timezone":{"offset":"+3:30","description":"Tehran"}},"email":"alice.obrien@example.com","login":{"uuid":"0a898918-8962-42f5-bcc3-d8443cebea11","username":"blueswan555","password":"rochelle","salt":"MAjk0vDX","md5":"6018b9adafe14fefee284c20806401eb","sha1":"a40ec6f23bfe23007bd9e272a4c3130239d7d5f1","sha256":"121c063fd77d577e23d85cf8aceb3ab2bd0f1d95fb9e39c09fe7d431a681eb3e"},"dob":{"date":"1961-06-15T00:05:42.128Z","age":63},"registered":{"date":"2008-01-23T17:59:24.183Z","age":16},"phone":"061-879-6108","cell":"081-605-1570","id":{"name":"PPS","value":"9044181T"},"picture":{"large":"https://randomuser.me/api/portraits/women/18.jpg","medium":"https://randomuser.me/api/portraits/med/women/18.jpg","thumbnail":"https://randomuser.me/api/portraits/thumb/women/18.jpg"},"nat":"IE"}],"info":{"seed":"58f3872bedafac3d","results":1,"page":1,"version":"1.4"}} 
 </msg>
<msg time="2024-07-30T01:08:19.884295" level="INFO">/opt/hostedtoolcache/Python/3.12.4/x64/lib/python3.12/site-packages/urllib3/connectionpool.py:1099: InsecureRequestWarning: Unverified HTTPS request is being made to host 'randomuser.me'. Adding certificate verification is strongly advised. See: https://urllib3.readthedocs.io/en/latest/advanced-usage.html#tls-warnings
  warnings.warn(</msg>
<msg time="2024-07-30T01:08:19.884423" level="INFO">${response} = &lt;Response [200]&gt;</msg>
<var>${response}</var>
<arg>consultarAPI</arg>
<arg>/api</arg>
<doc>Sends a GET request on a previously created HTTP Session.</doc>
<status status="PASS" start="2024-07-30T01:08:19.787365" elapsed="0.097099"/>
</kw>
<kw name="Set Variable" owner="BuiltIn">
<msg time="2024-07-30T01:08:19.885730" level="INFO">${json_data} = {'results': [{'gender': 'female', 'name': {'title': 'Mrs', 'first': 'Alice', 'last': 'Obrien'}, 'location': {'street': {'number': 5300, 'name': 'Ormond Quay'}, 'city': 'Ballina', 'state': 'Limerick', ...</msg>
<var>${json_data}</var>
<arg>${response.json()}</arg>
<doc>Returns the given values which can then be assigned to a variables.</doc>
<status status="PASS" start="2024-07-30T01:08:19.885143" elapsed="0.000616"/>
</kw>
<kw name="Set Variable" owner="BuiltIn">
<msg time="2024-07-30T01:08:19.886465" level="INFO">${name_title} = Mrs</msg>
<var>${name_title}</var>
<arg>${json_data["results"][0]["name"]["title"]}</arg>
<doc>Returns the given values which can then be assigned to a variables.</doc>
<status status="PASS" start="2024-07-30T01:08:19.886074" elapsed="0.000418"/>
</kw>
<kw name="Create List" owner="BuiltIn">
<msg time="2024-07-30T01:08:19.886945" level="INFO">${allowed_titles} = ['Mr', 'Ms', 'Miss', 'Mrs', 'Madame', 'Monsieur']</msg>
<var>${allowed_titles}</var>
<arg>Mr</arg>
<arg>Ms</arg>
<arg>Miss</arg>
<arg>Mrs</arg>
<arg>Madame</arg>
<arg>Monsieur</arg>
<doc>Returns a list containing given items.</doc>
<status status="PASS" start="2024-07-30T01:08:19.886793" elapsed="0.000178"/>
</kw>
<kw name="List Should Contain Value" owner="Collections">
<arg>${allowed_titles}</arg>
<arg>${name_title}</arg>
<doc>Fails if the ``value`` is not found from ``list``.</doc>
<status status="PASS" start="2024-07-30T01:08:19.887288" elapsed="0.000182"/>
</kw>
<kw name="Set Variable" owner="BuiltIn">
<msg time="2024-07-30T01:08:19.888023" level="INFO">${name_country} = IE</msg>
<var>${name_country}</var>
<arg>${json_data["results"][0]["nat"]}</arg>
<doc>Returns the given values which can then be assigned to a variables.</doc>
<status status="PASS" start="2024-07-30T01:08:19.887651" elapsed="0.000397"/>
</kw>
<kw name="Create List" owner="BuiltIn">
<msg time="2024-07-30T01:08:19.888967" level="INFO">${list_country} = ['AD', 'AE', 'AF', 'AG', 'AI', 'AL', 'AM', 'AO', 'AQ', 'AR', 'AS', 'AT', 'AU', 'AW', 'AX', 'AZ', 'BA', 'BB', 'BD', 'BE', 'BF', 'BG', 'BH', 'BI', 'BJ', 'BL', 'BM', 'BN', 'BO', 'BQ', 'BR', 'BS', 'BT', '...</msg>
<var>${list_country}</var>
<arg>AD</arg>
<arg>AE</arg>
<arg>AF</arg>
<arg>AG</arg>
<arg>AI</arg>
<arg>AL</arg>
<arg>AM</arg>
<arg>AO</arg>
<arg>AQ</arg>
<arg>AR</arg>
<arg>AS</arg>
<arg>AT</arg>
<arg>AU</arg>
<arg>AW</arg>
<arg>AX</arg>
<arg>AZ</arg>
<arg>BA</arg>
<arg>BB</arg>
<arg>BD</arg>
<arg>BE</arg>
<arg>BF</arg>
<arg>BG</arg>
<arg>BH</arg>
<arg>BI</arg>
<arg>BJ</arg>
<arg>BL</arg>
<arg>BM</arg>
<arg>BN</arg>
<arg>BO</arg>
<arg>BQ</arg>
<arg>BR</arg>
<arg>BS</arg>
<arg>BT</arg>
<arg>BV</arg>
<arg>BW</arg>
<arg>BY</arg>
<arg>BZ</arg>
<arg>CA</arg>
<arg>CC</arg>
<arg>CD</arg>
<arg>CF</arg>
<arg>CG</arg>
<arg>CH</arg>
<arg>CI</arg>
<arg>CK</arg>
<arg>CL</arg>
<arg>CM</arg>
<arg>CN</arg>
<arg>CO</arg>
<arg>CR</arg>
<arg>CU</arg>
<arg>CV</arg>
<arg>CW</arg>
<arg>CX</arg>
<arg>CY</arg>
<arg>CZ</arg>
<arg>DE</arg>
<arg>DJ</arg>
<arg>DK</arg>
<arg>DM</arg>
<arg>DO</arg>
<arg>DZ</arg>
<arg>EC</arg>
<arg>EE</arg>
<arg>EG</arg>
<arg>EH</arg>
<arg>ER</arg>
<arg>ES</arg>
<arg>ET</arg>
<arg>FI</arg>
<arg>FJ</arg>
<arg>FK</arg>
<arg>FM</arg>
<arg>FO</arg>
<arg>FR</arg>
<arg>GA</arg>
<arg>GB</arg>
<arg>GD</arg>
<arg>GE</arg>
<arg>GF</arg>
<arg>GG</arg>
<arg>GH</arg>
<arg>GI</arg>
<arg>GL</arg>
<arg>GM</arg>
<arg>GN</arg>
<arg>GP</arg>
<arg>GQ</arg>
<arg>GR</arg>
<arg>GS</arg>
<arg>GT</arg>
<arg>GU</arg>
<arg>GW</arg>
<arg>GY</arg>
<arg>HK</arg>
<arg>HM</arg>
<arg>HN</arg>
<arg>HR</arg>
<arg>HT</arg>
<arg>HU</arg>
<arg>ID</arg>
<arg>IE</arg>
<arg>IL</arg>
<arg>IM</arg>
<arg>IN</arg>
<arg>IO</arg>
<arg>IQ</arg>
<arg>IR</arg>
<arg>IS</arg>
<arg>IT</arg>
<arg>JE</arg>
<arg>JM</arg>
<arg>JO</arg>
<arg>JP</arg>
<arg>KE</arg>
<arg>KG</arg>
<arg>KH</arg>
<arg>KI</arg>
<arg>KM</arg>
<arg>KN</arg>
<arg>KP</arg>
<arg>KR</arg>
<arg>KW</arg>
<arg>KY</arg>
<arg>KZ</arg>
<arg>LA</arg>
<arg>LB</arg>
<arg>LC</arg>
<arg>LI</arg>
<arg>LK</arg>
<arg>LR</arg>
<arg>LS</arg>
<arg>LT</arg>
<arg>LU</arg>
<arg>LV</arg>
<arg>LY</arg>
<arg>MA</arg>
<arg>MC</arg>
<arg>MD</arg>
<arg>ME</arg>
<arg>MF</arg>
<arg>MG</arg>
<arg>MH</arg>
<arg>MK</arg>
<arg>ML</arg>
<arg>MM</arg>
<arg>MN</arg>
<arg>MO</arg>
<arg>MP</arg>
<arg>MQ</arg>
<arg>MR</arg>
<arg>MS</arg>
<arg>MT</arg>
<arg>MU</arg>
<arg>MV</arg>
<arg>MW</arg>
<arg>MX</arg>
<arg>MY</arg>
<arg>MZ</arg>
<arg>NA</arg>
<arg>NC</arg>
<arg>NE</arg>
<arg>NF</arg>
<arg>NG</arg>
<arg>NI</arg>
<arg>NL</arg>
<arg>NO</arg>
<arg>NP</arg>
<arg>NR</arg>
<arg>NU</arg>
<arg>NZ</arg>
<arg>OM</arg>
<arg>PA</arg>
<arg>PE</arg>
<arg>PF</arg>
<arg>PG</arg>
<arg>PH</arg>
<arg>PK</arg>
<arg>PL</arg>
<arg>PM</arg>
<arg>PN</arg>
<arg>PR</arg>
<arg>PS</arg>
<arg>PT</arg>
<arg>PW</arg>
<arg>PY</arg>
<arg>QA</arg>
<arg>RE</arg>
<arg>RO</arg>
<arg>RS</arg>
<arg>RU</arg>
<arg>RW</arg>
<arg>SA</arg>
<arg>SB</arg>
<arg>SC</arg>
<arg>SD</arg>
<arg>SE</arg>
<arg>SG</arg>
<arg>SH</arg>
<arg>SI</arg>
<arg>SJ</arg>
<arg>SK</arg>
<arg>SL</arg>
<arg>SM</arg>
<arg>SN</arg>
<arg>SO</arg>
<arg>SR</arg>
<arg>SS</arg>
<arg>ST</arg>
<arg>SV</arg>
<arg>SX</arg>
<arg>SY</arg>
<arg>SZ</arg>
<arg>TC</arg>
<arg>TD</arg>
<arg>TF</arg>
<arg>TG</arg>
<arg>TH</arg>
<arg>TJ</arg>
<arg>TK</arg>
<arg>TL</arg>
<arg>TM</arg>
<arg>TN</arg>
<arg>TO</arg>
<arg>TR</arg>
<arg>TT</arg>
<arg>TV</arg>
<arg>TW</arg>
<arg>TZ</arg>
<arg>UA</arg>
<arg>UG</arg>
<arg>UM</arg>
<arg>US</arg>
<arg>UY</arg>
<arg>UZ</arg>
<arg>VA</arg>
<arg>VC</arg>
<arg>VE</arg>
<arg>VG</arg>
<arg>VI</arg>
<arg>VN</arg>
<arg>VU</arg>
<arg>WF</arg>
<arg>WS</arg>
<arg>XK</arg>
<arg>YE</arg>
<arg>YT</arg>
<arg>ZA</arg>
<arg>ZM</arg>
<arg>ZW</arg>
<doc>Returns a list containing given items.</doc>
<status status="PASS" start="2024-07-30T01:08:19.888340" elapsed="0.000654"/>
</kw>
<kw name="List Should Contain Value" owner="Collections">
<arg>${list_country}</arg>
<arg>${name_country}</arg>
<doc>Fails if the ``value`` is not found from ``list``.</doc>
<status status="PASS" start="2024-07-30T01:08:19.889980" elapsed="0.000216"/>
</kw>
<kw name="Run Keyword If" owner="BuiltIn">
<kw name="Should Be True" owner="BuiltIn">
<arg>${True}</arg>
<doc>Fails if the given condition is not true.</doc>
<status status="PASS" start="2024-07-30T01:08:19.891164" elapsed="0.000147"/>
</kw>
<arg>${json_data["results"][0]["location"]["coordinates"]["latitude"]} &gt;= -90 and ${json_data["results"][0]["location"]["coordinates"]["latitude"]} &lt;= 90</arg>
<arg>Should Be True</arg>
<arg>${True}</arg>
<doc>Runs the given keyword with the given arguments, if ``condition`` is true.</doc>
<status status="PASS" start="2024-07-30T01:08:19.890399" elapsed="0.001040"/>
</kw>
<kw name="Run Keyword If" owner="BuiltIn">
<kw name="Should Be True" owner="BuiltIn">
<arg>${True}</arg>
<doc>Fails if the given condition is not true.</doc>
<status status="PASS" start="2024-07-30T01:08:19.892321" elapsed="0.000140"/>
</kw>
<arg>${json_data["results"][0]["location"]["coordinates"]["longitude"]} &gt;= -180 and ${json_data["results"][0]["location"]["coordinates"]["longitude"]} &lt;= 180</arg>
<arg>Should Be True</arg>
<arg>${True}</arg>
<doc>Runs the given keyword with the given arguments, if ``condition`` is true.</doc>
<status status="PASS" start="2024-07-30T01:08:19.891624" elapsed="0.000988"/>
</kw>
<status status="PASS" start="2024-07-30T01:08:19.787139" elapsed="0.105629"/>
</kw>
<doc>Testa o conteúdo específico dos campos retornados pela API.</doc>
<tag>testeConteudo</tag>
<status status="PASS" start="2024-07-30T01:08:19.786579" elapsed="0.106343"/>
</test>
<status status="PASS" start="2024-07-30T01:08:18.949252" elapsed="0.945678"/>
</suite>
<status status="PASS" start="2024-07-30T01:08:18.934867" elapsed="0.965220"/>
</suite>
<statistics>
<total>
<stat pass="5" fail="0" skip="0">All Tests</stat>
</total>
<tag>
<stat pass="1" fail="0" skip="0">testeConteudo</stat>
<stat pass="1" fail="0" skip="0">testeEstruturaResposta</stat>
<stat pass="1" fail="0" skip="0">testeRequisicaoBasica</stat>
<stat pass="1" fail="0" skip="0">testeTiposDados</stat>
</tag>
<suite>
<stat pass="5" fail="0" skip="0" id="s1" name="Tests">Tests</stat>
<stat pass="5" fail="0" skip="0" id="s1-s1" name="Random-User-Test">Tests.Random-User-Test</stat>
</suite>
</statistics>
<errors>
</errors>
</robot>
