<?xml version="1.0" encoding="UTF-8"?>
<robot generator="Robot 7.0 (Python 3.12.3 on linux)" generated="2024-05-04T23:13:52.013067" rpa="false" schemaversion="5">
<suite id="s1" name="Tests" source="/home/runner/work/DesafioQAItauRogerioJordao/DesafioQAItauRogerioJordao/RamdonUser/tests">
<suite id="s1-s1" name="Random-User-Test" source="/home/runner/work/DesafioQAItauRogerioJordao/DesafioQAItauRogerioJordao/RamdonUser/tests/random-user-test.robot">
<test id="s1-s1-t1" name="Conectar" line="13">
<kw name="Conectar API" owner="random-user-service">
<kw name="Create Session" owner="RequestsLibrary">
<msg time="2024-05-04T23:13:52.387766" level="INFO">Creating Session using : alias=consultarAPI, url=https://randomuser.me/, headers={},                     cookies={}, auth=None, timeout=None, proxies=None, verify=False,                     debug=0 </msg>
<arg>consultarAPI</arg>
<arg>${URL}</arg>
<doc>Create Session: create a HTTP session to a server</doc>
<status status="PASS" start="2024-05-04T23:13:52.387539" elapsed="0.000405"/>
</kw>
<status status="PASS" start="2024-05-04T23:13:52.386596" elapsed="0.001703"/>
</kw>
<status status="PASS" start="2024-05-04T23:13:52.386000" elapsed="0.002491"/>
</test>
<test id="s1-s1-t2" name="Validar retorno 200 e JSON Válido" line="16">
<kw name="Teste de Requisicao Basica" owner="random-user-service">
<kw name="GET On Session" owner="RequestsLibrary">
<msg time="2024-05-04T23:13:52.455795" level="INFO">GET Request : url=https://randomuser.me/api 
 path_url=/api 
 headers={'User-Agent': 'python-requests/2.31.0', 'Accept-Encoding': 'gzip, deflate', 'Accept': '*/*', 'Connection': 'keep-alive'} 
 body=None 
 </msg>
<msg time="2024-05-04T23:13:52.455955" level="INFO">GET Response : url=https://randomuser.me/api 
 status=200, reason=OK 
 headers={'Date': 'Sat, 04 May 2024 23:13:52 GMT', 'Content-Type': 'application/json; charset=utf-8', 'Transfer-Encoding': 'chunked', 'Connection': 'keep-alive', 'X-Powered-By': 'Express', 'Access-Control-Allow-Origin': '*', 'Cache-Control': 'no-cache', 'ETag': 'W/"483-AjHVuVk1F43TzaU0NWxe3zVGMFw"', 'Vary': 'Accept-Encoding', 'Content-Encoding': 'gzip', 'CF-Cache-Status': 'DYNAMIC', 'Report-To': '{"endpoints":[{"url":"https:\\/\\/a.nel.cloudflare.com\\/report\\/v4?s=twlEJ9KswGkMpXPZkl44nrHqnds%2ByWplSR2m03n%2FO7H8HTI2gIb9tNOJUaGoU3okFg3ymtz6I7zKtIV5ooYQVKlbqARH8COAoj6uwiwpCitNBt4vdK8NOoKLlVeFjDs5"}],"group":"cf-nel","max_age":604800}', 'NEL': '{"success_fraction":0,"report_to":"cf-nel","max_age":604800}', 'Server': 'cloudflare', 'CF-RAY': '87ec2f0e99be38a3-IAD', 'alt-svc': 'h3=":443"; ma=86400'} 
 body={"results":[{"gender":"male","name":{"title":"Mr","first":"Mirko","last":"Gojković"},"location":{"street":{"number":8369,"name":"Porodice Vasić"},"city":"Majdanpek","state":"Kosovska Mitrovica","country":"Serbia","postcode":90152,"coordinates":{"latitude":"62.6225","longitude":"-94.6196"},"timezone":{"offset":"+9:30","description":"Adelaide, Darwin"}},"email":"mirko.gojkovic@example.com","login":{"uuid":"82edb74e-e012-4b04-ae1f-3a92f9133b00","username":"bigwolf320","password":"target","salt":"4cgjTdsy","md5":"799080805eb6bc88becb0fd1b2f8ff86","sha1":"90716be7067efb510dfb85cff4b1c1a7020e255b","sha256":"d566b70a664b2716f515dfc9e2f0fc6680742dcefa2d4bc9ed92632b3eba895b"},"dob":{"date":"1982-11-08T18:26:50.758Z","age":41},"registered":{"date":"2013-10-30T15:15:57.036Z","age":10},"phone":"036-0227-009","cell":"064-5401-139","id":{"name":"SID","value":"463658480"},"picture":{"large":"https://randomuser.me/api/portraits/men/17.jpg","medium":"https://randomuser.me/api/portraits/med/men/17.jpg","thumbnail":"https://randomuser.me/api/portraits/thumb/men/17.jpg"},"nat":"RS"}],"info":{"seed":"09b141e0a42e77aa","results":1,"page":1,"version":"1.4"}} 
 </msg>
<msg time="2024-05-04T23:13:52.456050" level="INFO">/opt/hostedtoolcache/Python/3.12.3/x64/lib/python3.12/site-packages/urllib3/connectionpool.py:1103: InsecureRequestWarning: Unverified HTTPS request is being made to host 'randomuser.me'. Adding certificate verification is strongly advised. See: https://urllib3.readthedocs.io/en/latest/advanced-usage.html#tls-warnings
  warnings.warn(</msg>
<msg time="2024-05-04T23:13:52.456211" level="INFO">${response} = &lt;Response [200]&gt;</msg>
<var>${response}</var>
<arg>consultarAPI</arg>
<arg>/api</arg>
<doc>Sends a GET request on a previously created HTTP Session.</doc>
<status status="PASS" start="2024-05-04T23:13:52.391138" elapsed="0.065119"/>
</kw>
<kw name="Should Be Equal As Numbers" owner="BuiltIn">
<msg time="2024-05-04T23:13:52.457327" level="INFO">Argument types are:
&lt;class 'int'&gt;
&lt;class 'str'&gt;</msg>
<arg>${response.status_code}</arg>
<arg>200</arg>
<doc>Fails if objects are unequal after converting them to real numbers.</doc>
<status status="PASS" start="2024-05-04T23:13:52.456843" elapsed="0.000550"/>
</kw>
<kw name="Log" owner="BuiltIn">
<msg time="2024-05-04T23:13:52.458090" level="INFO">200</msg>
<arg>${response.status_code}</arg>
<doc>Logs the given message with the given level.</doc>
<status status="PASS" start="2024-05-04T23:13:52.457737" elapsed="0.000396"/>
</kw>
<kw name="Set Variable" owner="BuiltIn">
<msg time="2024-05-04T23:13:52.458886" level="INFO">${json_data} = {'results': [{'gender': 'male', 'name': {'title': 'Mr', 'first': 'Mirko', 'last': 'Gojković'}, 'location': {'street': {'number': 8369, 'name': 'Porodice Vasić'}, 'city': 'Majdanpek', 'state': 'Kosovsk...</msg>
<var>${json_data}</var>
<arg>${response.json()}</arg>
<doc>Returns the given values which can then be assigned to a variables.</doc>
<status status="PASS" start="2024-05-04T23:13:52.458443" elapsed="0.000473"/>
</kw>
<kw name="Dictionary Should Contain Key" owner="Collections">
<msg time="2024-05-04T23:13:52.459409" level="INFO">False</msg>
<arg>${json_data}</arg>
<arg>results</arg>
<doc>Fails if ``key`` is not found from ``dictionary``.</doc>
<status status="PASS" start="2024-05-04T23:13:52.459235" elapsed="0.000216"/>
</kw>
<status status="PASS" start="2024-05-04T23:13:52.390897" elapsed="0.068850"/>
</kw>
<doc>Testa se a API responde corretamente e retorna um objeto JSON válido.</doc>
<tag>testeRequisicaoBasica</tag>
<status status="PASS" start="2024-05-04T23:13:52.390371" elapsed="0.069565"/>
</test>
<test id="s1-s1-t3" name="Validar estrutura de resposta" line="22">
<kw name="Teste de Estrutura de Resposta" owner="random-user-service">
<kw name="GET On Session" owner="RequestsLibrary">
<msg time="2024-05-04T23:13:52.554392" level="INFO">GET Request : url=https://randomuser.me/api 
 path_url=/api 
 headers={'User-Agent': 'python-requests/2.31.0', 'Accept-Encoding': 'gzip, deflate', 'Accept': '*/*', 'Connection': 'keep-alive'} 
 body=None 
 </msg>
<msg time="2024-05-04T23:13:52.554467" level="INFO">GET Response : url=https://randomuser.me/api 
 status=200, reason=OK 
 headers={'Date': 'Sat, 04 May 2024 23:13:52 GMT', 'Content-Type': 'application/json; charset=utf-8', 'Transfer-Encoding': 'chunked', 'Connection': 'keep-alive', 'X-Powered-By': 'Express', 'Access-Control-Allow-Origin': '*', 'Cache-Control': 'no-cache', 'ETag': 'W/"494-3JmaUALnVkeRLMx+N48DP0br1BU"', 'Vary': 'Accept-Encoding', 'Content-Encoding': 'gzip', 'CF-Cache-Status': 'DYNAMIC', 'Report-To': '{"endpoints":[{"url":"https:\\/\\/a.nel.cloudflare.com\\/report\\/v4?s=K2y6ZGtZSk32TDQSH6oHQjOZnbrhLm89rP6iuJ%2BZJkf9PYGVWJ%2FWRwyfzMjqu%2BAlRNJ1d0YnShOKD2%2Bus27lvbEsW3TK402n4h4X3oPdpRgRc1GpL4pVXGtCBV1NMKit"}],"group":"cf-nel","max_age":604800}', 'NEL': '{"success_fraction":0,"report_to":"cf-nel","max_age":604800}', 'Server': 'cloudflare', 'CF-RAY': '87ec2f0eea0e38a3-IAD', 'alt-svc': 'h3=":443"; ma=86400'} 
 body={"results":[{"gender":"male","name":{"title":"Mr","first":"Heinz Dieter","last":"Kirch"},"location":{"street":{"number":5065,"name":"Amselweg"},"city":"Lauchheim","state":"Bayern","country":"Germany","postcode":22068,"coordinates":{"latitude":"-47.9000","longitude":"-166.4604"},"timezone":{"offset":"+4:00","description":"Abu Dhabi, Muscat, Baku, Tbilisi"}},"email":"heinzdieter.kirch@example.com","login":{"uuid":"66980712-a452-4842-b011-9aa7a6323602","username":"bigbutterfly642","password":"987987","salt":"NqwjFqjS","md5":"7b247be5c25a6b9b0a0354f5e4c1a794","sha1":"0a45fb93dddbe1d3dc398f753955ac99a52fe175","sha256":"5584edfa80f353a6b6aa2560694b5d4ef7dd7e7e3c841ce4c6dc08c1811a0e79"},"dob":{"date":"1981-11-18T06:57:45.355Z","age":42},"registered":{"date":"2015-09-27T09:39:31.935Z","age":8},"phone":"0642-1240138","cell":"0171-9527477","id":{"name":"SVNR","value":"65 181181 K 001"},"picture":{"large":"https://randomuser.me/api/portraits/men/46.jpg","medium":"https://randomuser.me/api/portraits/med/men/46.jpg","thumbnail":"https://randomuser.me/api/portraits/thumb/men/46.jpg"},"nat":"DE"}],"info":{"seed":"1485adc727b5d1a3","results":1,"page":1,"version":"1.4"}} 
 </msg>
<msg time="2024-05-04T23:13:52.554563" level="INFO">/opt/hostedtoolcache/Python/3.12.3/x64/lib/python3.12/site-packages/urllib3/connectionpool.py:1103: InsecureRequestWarning: Unverified HTTPS request is being made to host 'randomuser.me'. Adding certificate verification is strongly advised. See: https://urllib3.readthedocs.io/en/latest/advanced-usage.html#tls-warnings
  warnings.warn(</msg>
<msg time="2024-05-04T23:13:52.554663" level="INFO">${response} = &lt;Response [200]&gt;</msg>
<var>${response}</var>
<arg>consultarAPI</arg>
<arg>/api</arg>
<doc>Sends a GET request on a previously created HTTP Session.</doc>
<status status="PASS" start="2024-05-04T23:13:52.462635" elapsed="0.092066"/>
</kw>
<kw name="Set Variable" owner="BuiltIn">
<msg time="2024-05-04T23:13:52.555521" level="INFO">${json_data} = {'results': [{'gender': 'male', 'name': {'title': 'Mr', 'first': 'Heinz Dieter', 'last': 'Kirch'}, 'location': {'street': {'number': 5065, 'name': 'Amselweg'}, 'city': 'Lauchheim', 'state': 'Bayern', ...</msg>
<var>${json_data}</var>
<arg>${response.json()}</arg>
<doc>Returns the given values which can then be assigned to a variables.</doc>
<status status="PASS" start="2024-05-04T23:13:52.555067" elapsed="0.000483"/>
</kw>
<kw name="Log" owner="BuiltIn">
<msg time="2024-05-04T23:13:52.556053" level="INFO">{'results': [{'gender': 'male', 'name': {'title': 'Mr', 'first': 'Heinz Dieter', 'last': 'Kirch'}, 'location': {'street': {'number': 5065, 'name': 'Amselweg'}, 'city': 'Lauchheim', 'state': 'Bayern', 'country': 'Germany', 'postcode': 22068, 'coordinates': {'latitude': '-47.9000', 'longitude': '-166.4604'}, 'timezone': {'offset': '+4:00', 'description': 'Abu Dhabi, Muscat, Baku, Tbilisi'}}, 'email': 'heinzdieter.kirch@example.com', 'login': {'uuid': '66980712-a452-4842-b011-9aa7a6323602', 'username': 'bigbutterfly642', 'password': '987987', 'salt': 'NqwjFqjS', 'md5': '7b247be5c25a6b9b0a0354f5e4c1a794', 'sha1': '0a45fb93dddbe1d3dc398f753955ac99a52fe175', 'sha256': '5584edfa80f353a6b6aa2560694b5d4ef7dd7e7e3c841ce4c6dc08c1811a0e79'}, 'dob': {'date': '1981-11-18T06:57:45.355Z', 'age': 42}, 'registered': {'date': '2015-09-27T09:39:31.935Z', 'age': 8}, 'phone': '0642-1240138', 'cell': '0171-9527477', 'id': {'name': 'SVNR', 'value': '65 181181 K 001'}, 'picture': {'large': 'https://randomuser.me/api/portraits/men/46.jpg', 'medium': 'https://randomuser.me/api/portraits/med/men/46.jpg', 'thumbnail': 'https://randomuser.me/api/portraits/thumb/men/46.jpg'}, 'nat': 'DE'}], 'info': {'seed': '1485adc727b5d1a3', 'results': 1, 'page': 1, 'version': '1.4'}}</msg>
<arg>${json_data}</arg>
<doc>Logs the given message with the given level.</doc>
<status status="PASS" start="2024-05-04T23:13:52.555897" elapsed="0.000205"/>
</kw>
<kw name="Dictionary Should Contain Key" owner="Collections">
<msg time="2024-05-04T23:13:52.556559" level="INFO">False</msg>
<arg>${json_data}</arg>
<arg>results</arg>
<doc>Fails if ``key`` is not found from ``dictionary``.</doc>
<status status="PASS" start="2024-05-04T23:13:52.556399" elapsed="0.000198"/>
</kw>
<kw name="Should Not Be Empty" owner="BuiltIn">
<msg time="2024-05-04T23:13:52.557027" level="INFO">Length is 2.</msg>
<arg>${json_data}</arg>
<doc>Verifies that the given item is not empty.</doc>
<status status="PASS" start="2024-05-04T23:13:52.556890" elapsed="0.000316"/>
</kw>
<kw name="Create List" owner="BuiltIn">
<msg time="2024-05-04T23:13:52.557667" level="INFO">${expected_keys} = ['gender', 'name', 'location', 'email', 'login']</msg>
<var>${expected_keys}</var>
<arg>gender</arg>
<arg>name</arg>
<arg>location</arg>
<arg>email</arg>
<arg>login</arg>
<doc>Returns a list containing given items.</doc>
<status status="PASS" start="2024-05-04T23:13:52.557510" elapsed="0.000182"/>
</kw>
<for flavor="IN">
<iter>
<kw name="Dictionary Should Contain Key" owner="Collections">
<msg time="2024-05-04T23:13:52.558683" level="INFO">False</msg>
<arg>${json_data['results'][0]}</arg>
<arg>${key}</arg>
<doc>Fails if ``key`` is not found from ``dictionary``.</doc>
<status status="PASS" start="2024-05-04T23:13:52.558272" elapsed="0.000450"/>
</kw>
<kw name="Log" owner="BuiltIn">
<msg time="2024-05-04T23:13:52.559395" level="INFO">{'gender': 'male', 'name': {'title': 'Mr', 'first': 'Heinz Dieter', 'last': 'Kirch'}, 'location': {'street': {'number': 5065, 'name': 'Amselweg'}, 'city': 'Lauchheim', 'state': 'Bayern', 'country': 'Germany', 'postcode': 22068, 'coordinates': {'latitude': '-47.9000', 'longitude': '-166.4604'}, 'timezone': {'offset': '+4:00', 'description': 'Abu Dhabi, Muscat, Baku, Tbilisi'}}, 'email': 'heinzdieter.kirch@example.com', 'login': {'uuid': '66980712-a452-4842-b011-9aa7a6323602', 'username': 'bigbutterfly642', 'password': '987987', 'salt': 'NqwjFqjS', 'md5': '7b247be5c25a6b9b0a0354f5e4c1a794', 'sha1': '0a45fb93dddbe1d3dc398f753955ac99a52fe175', 'sha256': '5584edfa80f353a6b6aa2560694b5d4ef7dd7e7e3c841ce4c6dc08c1811a0e79'}, 'dob': {'date': '1981-11-18T06:57:45.355Z', 'age': 42}, 'registered': {'date': '2015-09-27T09:39:31.935Z', 'age': 8}, 'phone': '0642-1240138', 'cell': '0171-9527477', 'id': {'name': 'SVNR', 'value': '65 181181 K 001'}, 'picture': {'large': 'https://randomuser.me/api/portraits/men/46.jpg', 'medium': 'https://randomuser.me/api/portraits/med/men/46.jpg', 'thumbnail': 'https://randomuser.me/api/portraits/thumb/men/46.jpg'}, 'nat': 'DE'}</msg>
<arg>${json_data['results'][0]}</arg>
<doc>Logs the given message with the given level.</doc>
<status status="PASS" start="2024-05-04T23:13:52.559025" elapsed="0.000421"/>
</kw>
<kw name="Log" owner="BuiltIn">
<msg time="2024-05-04T23:13:52.559899" level="INFO">gender</msg>
<arg>${key}</arg>
<doc>Logs the given message with the given level.</doc>
<status status="PASS" start="2024-05-04T23:13:52.559769" elapsed="0.000169"/>
</kw>
<var name="${key}">gender</var>
<status status="PASS" start="2024-05-04T23:13:52.558146" elapsed="0.002009"/>
</iter>
<iter>
<kw name="Dictionary Should Contain Key" owner="Collections">
<msg time="2024-05-04T23:13:52.560859" level="INFO">False</msg>
<arg>${json_data['results'][0]}</arg>
<arg>${key}</arg>
<doc>Fails if ``key`` is not found from ``dictionary``.</doc>
<status status="PASS" start="2024-05-04T23:13:52.560467" elapsed="0.000430"/>
</kw>
<kw name="Log" owner="BuiltIn">
<msg time="2024-05-04T23:13:52.561592" level="INFO">{'gender': 'male', 'name': {'title': 'Mr', 'first': 'Heinz Dieter', 'last': 'Kirch'}, 'location': {'street': {'number': 5065, 'name': 'Amselweg'}, 'city': 'Lauchheim', 'state': 'Bayern', 'country': 'Germany', 'postcode': 22068, 'coordinates': {'latitude': '-47.9000', 'longitude': '-166.4604'}, 'timezone': {'offset': '+4:00', 'description': 'Abu Dhabi, Muscat, Baku, Tbilisi'}}, 'email': 'heinzdieter.kirch@example.com', 'login': {'uuid': '66980712-a452-4842-b011-9aa7a6323602', 'username': 'bigbutterfly642', 'password': '987987', 'salt': 'NqwjFqjS', 'md5': '7b247be5c25a6b9b0a0354f5e4c1a794', 'sha1': '0a45fb93dddbe1d3dc398f753955ac99a52fe175', 'sha256': '5584edfa80f353a6b6aa2560694b5d4ef7dd7e7e3c841ce4c6dc08c1811a0e79'}, 'dob': {'date': '1981-11-18T06:57:45.355Z', 'age': 42}, 'registered': {'date': '2015-09-27T09:39:31.935Z', 'age': 8}, 'phone': '0642-1240138', 'cell': '0171-9527477', 'id': {'name': 'SVNR', 'value': '65 181181 K 001'}, 'picture': {'large': 'https://randomuser.me/api/portraits/men/46.jpg', 'medium': 'https://randomuser.me/api/portraits/med/men/46.jpg', 'thumbnail': 'https://randomuser.me/api/portraits/thumb/men/46.jpg'}, 'nat': 'DE'}</msg>
<arg>${json_data['results'][0]}</arg>
<doc>Logs the given message with the given level.</doc>
<status status="PASS" start="2024-05-04T23:13:52.561224" elapsed="0.000416"/>
</kw>
<kw name="Log" owner="BuiltIn">
<msg time="2024-05-04T23:13:52.562068" level="INFO">name</msg>
<arg>${key}</arg>
<doc>Logs the given message with the given level.</doc>
<status status="PASS" start="2024-05-04T23:13:52.561938" elapsed="0.000168"/>
</kw>
<var name="${key}">name</var>
<status status="PASS" start="2024-05-04T23:13:52.560347" elapsed="0.001975"/>
</iter>
<iter>
<kw name="Dictionary Should Contain Key" owner="Collections">
<msg time="2024-05-04T23:13:52.563005" level="INFO">False</msg>
<arg>${json_data['results'][0]}</arg>
<arg>${key}</arg>
<doc>Fails if ``key`` is not found from ``dictionary``.</doc>
<status status="PASS" start="2024-05-04T23:13:52.562618" elapsed="0.000425"/>
</kw>
<kw name="Log" owner="BuiltIn">
<msg time="2024-05-04T23:13:52.563751" level="INFO">{'gender': 'male', 'name': {'title': 'Mr', 'first': 'Heinz Dieter', 'last': 'Kirch'}, 'location': {'street': {'number': 5065, 'name': 'Amselweg'}, 'city': 'Lauchheim', 'state': 'Bayern', 'country': 'Germany', 'postcode': 22068, 'coordinates': {'latitude': '-47.9000', 'longitude': '-166.4604'}, 'timezone': {'offset': '+4:00', 'description': 'Abu Dhabi, Muscat, Baku, Tbilisi'}}, 'email': 'heinzdieter.kirch@example.com', 'login': {'uuid': '66980712-a452-4842-b011-9aa7a6323602', 'username': 'bigbutterfly642', 'password': '987987', 'salt': 'NqwjFqjS', 'md5': '7b247be5c25a6b9b0a0354f5e4c1a794', 'sha1': '0a45fb93dddbe1d3dc398f753955ac99a52fe175', 'sha256': '5584edfa80f353a6b6aa2560694b5d4ef7dd7e7e3c841ce4c6dc08c1811a0e79'}, 'dob': {'date': '1981-11-18T06:57:45.355Z', 'age': 42}, 'registered': {'date': '2015-09-27T09:39:31.935Z', 'age': 8}, 'phone': '0642-1240138', 'cell': '0171-9527477', 'id': {'name': 'SVNR', 'value': '65 181181 K 001'}, 'picture': {'large': 'https://randomuser.me/api/portraits/men/46.jpg', 'medium': 'https://randomuser.me/api/portraits/med/men/46.jpg', 'thumbnail': 'https://randomuser.me/api/portraits/thumb/men/46.jpg'}, 'nat': 'DE'}</msg>
<arg>${json_data['results'][0]}</arg>
<doc>Logs the given message with the given level.</doc>
<status status="PASS" start="2024-05-04T23:13:52.563349" elapsed="0.000454"/>
</kw>
<kw name="Log" owner="BuiltIn">
<msg time="2024-05-04T23:13:52.564237" level="INFO">location</msg>
<arg>${key}</arg>
<doc>Logs the given message with the given level.</doc>
<status status="PASS" start="2024-05-04T23:13:52.564107" elapsed="0.000170"/>
</kw>
<var name="${key}">location</var>
<status status="PASS" start="2024-05-04T23:13:52.562504" elapsed="0.001991"/>
</iter>
<iter>
<kw name="Dictionary Should Contain Key" owner="Collections">
<msg time="2024-05-04T23:13:52.565173" level="INFO">False</msg>
<arg>${json_data['results'][0]}</arg>
<arg>${key}</arg>
<doc>Fails if ``key`` is not found from ``dictionary``.</doc>
<status status="PASS" start="2024-05-04T23:13:52.564786" elapsed="0.000426"/>
</kw>
<kw name="Log" owner="BuiltIn">
<msg time="2024-05-04T23:13:52.565877" level="INFO">{'gender': 'male', 'name': {'title': 'Mr', 'first': 'Heinz Dieter', 'last': 'Kirch'}, 'location': {'street': {'number': 5065, 'name': 'Amselweg'}, 'city': 'Lauchheim', 'state': 'Bayern', 'country': 'Germany', 'postcode': 22068, 'coordinates': {'latitude': '-47.9000', 'longitude': '-166.4604'}, 'timezone': {'offset': '+4:00', 'description': 'Abu Dhabi, Muscat, Baku, Tbilisi'}}, 'email': 'heinzdieter.kirch@example.com', 'login': {'uuid': '66980712-a452-4842-b011-9aa7a6323602', 'username': 'bigbutterfly642', 'password': '987987', 'salt': 'NqwjFqjS', 'md5': '7b247be5c25a6b9b0a0354f5e4c1a794', 'sha1': '0a45fb93dddbe1d3dc398f753955ac99a52fe175', 'sha256': '5584edfa80f353a6b6aa2560694b5d4ef7dd7e7e3c841ce4c6dc08c1811a0e79'}, 'dob': {'date': '1981-11-18T06:57:45.355Z', 'age': 42}, 'registered': {'date': '2015-09-27T09:39:31.935Z', 'age': 8}, 'phone': '0642-1240138', 'cell': '0171-9527477', 'id': {'name': 'SVNR', 'value': '65 181181 K 001'}, 'picture': {'large': 'https://randomuser.me/api/portraits/men/46.jpg', 'medium': 'https://randomuser.me/api/portraits/med/men/46.jpg', 'thumbnail': 'https://randomuser.me/api/portraits/thumb/men/46.jpg'}, 'nat': 'DE'}</msg>
<arg>${json_data['results'][0]}</arg>
<doc>Logs the given message with the given level.</doc>
<status status="PASS" start="2024-05-04T23:13:52.565513" elapsed="0.000414"/>
</kw>
<kw name="Log" owner="BuiltIn">
<msg time="2024-05-04T23:13:52.566351" level="INFO">email</msg>
<arg>${key}</arg>
<doc>Logs the given message with the given level.</doc>
<status status="PASS" start="2024-05-04T23:13:52.566223" elapsed="0.000166"/>
</kw>
<var name="${key}">email</var>
<status status="PASS" start="2024-05-04T23:13:52.564674" elapsed="0.001930"/>
</iter>
<iter>
<kw name="Dictionary Should Contain Key" owner="Collections">
<msg time="2024-05-04T23:13:52.567275" level="INFO">False</msg>
<arg>${json_data['results'][0]}</arg>
<arg>${key}</arg>
<doc>Fails if ``key`` is not found from ``dictionary``.</doc>
<status status="PASS" start="2024-05-04T23:13:52.566887" elapsed="0.000426"/>
</kw>
<kw name="Log" owner="BuiltIn">
<msg time="2024-05-04T23:13:52.568005" level="INFO">{'gender': 'male', 'name': {'title': 'Mr', 'first': 'Heinz Dieter', 'last': 'Kirch'}, 'location': {'street': {'number': 5065, 'name': 'Amselweg'}, 'city': 'Lauchheim', 'state': 'Bayern', 'country': 'Germany', 'postcode': 22068, 'coordinates': {'latitude': '-47.9000', 'longitude': '-166.4604'}, 'timezone': {'offset': '+4:00', 'description': 'Abu Dhabi, Muscat, Baku, Tbilisi'}}, 'email': 'heinzdieter.kirch@example.com', 'login': {'uuid': '66980712-a452-4842-b011-9aa7a6323602', 'username': 'bigbutterfly642', 'password': '987987', 'salt': 'NqwjFqjS', 'md5': '7b247be5c25a6b9b0a0354f5e4c1a794', 'sha1': '0a45fb93dddbe1d3dc398f753955ac99a52fe175', 'sha256': '5584edfa80f353a6b6aa2560694b5d4ef7dd7e7e3c841ce4c6dc08c1811a0e79'}, 'dob': {'date': '1981-11-18T06:57:45.355Z', 'age': 42}, 'registered': {'date': '2015-09-27T09:39:31.935Z', 'age': 8}, 'phone': '0642-1240138', 'cell': '0171-9527477', 'id': {'name': 'SVNR', 'value': '65 181181 K 001'}, 'picture': {'large': 'https://randomuser.me/api/portraits/men/46.jpg', 'medium': 'https://randomuser.me/api/portraits/med/men/46.jpg', 'thumbnail': 'https://randomuser.me/api/portraits/thumb/men/46.jpg'}, 'nat': 'DE'}</msg>
<arg>${json_data['results'][0]}</arg>
<doc>Logs the given message with the given level.</doc>
<status status="PASS" start="2024-05-04T23:13:52.567610" elapsed="0.000444"/>
</kw>
<kw name="Log" owner="BuiltIn">
<msg time="2024-05-04T23:13:52.568483" level="INFO">login</msg>
<arg>${key}</arg>
<doc>Logs the given message with the given level.</doc>
<status status="PASS" start="2024-05-04T23:13:52.568356" elapsed="0.000167"/>
</kw>
<var name="${key}">login</var>
<status status="PASS" start="2024-05-04T23:13:52.566777" elapsed="0.002011"/>
</iter>
<var>${key}</var>
<value>@{expected_keys}</value>
<status status="PASS" start="2024-05-04T23:13:52.557956" elapsed="0.010960"/>
</for>
<kw name="Create List" owner="BuiltIn">
<msg time="2024-05-04T23:13:52.569254" level="INFO">${expected_keysTwo} = ['username', 'password']</msg>
<var>${expected_keysTwo}</var>
<arg>username</arg>
<arg>password</arg>
<doc>Returns a list containing given items.</doc>
<status status="PASS" start="2024-05-04T23:13:52.569115" elapsed="0.000164"/>
</kw>
<for flavor="IN">
<iter>
<kw name="Dictionary Should Contain Key" owner="Collections">
<msg time="2024-05-04T23:13:52.570183" level="INFO">False</msg>
<arg>${json_data['results'][0]['login']}</arg>
<arg>${keyTwo}</arg>
<doc>Fails if ``key`` is not found from ``dictionary``.</doc>
<status status="PASS" start="2024-05-04T23:13:52.569793" elapsed="0.000427"/>
</kw>
<kw name="Dictionary Should Contain Key" owner="Collections">
<msg time="2024-05-04T23:13:52.570900" level="INFO">False</msg>
<arg>${json_data['results'][0]['login']}</arg>
<arg>${keyTwo}</arg>
<doc>Fails if ``key`` is not found from ``dictionary``.</doc>
<status status="PASS" start="2024-05-04T23:13:52.570519" elapsed="0.000419"/>
</kw>
<kw name="Log" owner="BuiltIn">
<msg time="2024-05-04T23:13:52.571359" level="INFO">username</msg>
<arg>${keyTwo}</arg>
<doc>Logs the given message with the given level.</doc>
<status status="PASS" start="2024-05-04T23:13:52.571234" elapsed="0.000168"/>
</kw>
<var name="${keyTwo}">username</var>
<status status="PASS" start="2024-05-04T23:13:52.569684" elapsed="0.001933"/>
</iter>
<iter>
<kw name="Dictionary Should Contain Key" owner="Collections">
<msg time="2024-05-04T23:13:52.572410" level="INFO">False</msg>
<arg>${json_data['results'][0]['login']}</arg>
<arg>${keyTwo}</arg>
<doc>Fails if ``key`` is not found from ``dictionary``.</doc>
<status status="PASS" start="2024-05-04T23:13:52.571947" elapsed="0.000504"/>
</kw>
<kw name="Dictionary Should Contain Key" owner="Collections">
<msg time="2024-05-04T23:13:52.573143" level="INFO">False</msg>
<arg>${json_data['results'][0]['login']}</arg>
<arg>${keyTwo}</arg>
<doc>Fails if ``key`` is not found from ``dictionary``.</doc>
<status status="PASS" start="2024-05-04T23:13:52.572756" elapsed="0.000424"/>
</kw>
<kw name="Log" owner="BuiltIn">
<msg time="2024-05-04T23:13:52.573601" level="INFO">password</msg>
<arg>${keyTwo}</arg>
<doc>Logs the given message with the given level.</doc>
<status status="PASS" start="2024-05-04T23:13:52.573474" elapsed="0.000165"/>
</kw>
<var name="${keyTwo}">password</var>
<status status="PASS" start="2024-05-04T23:13:52.571827" elapsed="0.002030"/>
</iter>
<var>${keyTwo}</var>
<value>@{expected_keysTwo}</value>
<status status="PASS" start="2024-05-04T23:13:52.569519" elapsed="0.004459"/>
</for>
<status status="PASS" start="2024-05-04T23:13:52.462399" elapsed="0.111718"/>
</kw>
<doc>Testa a estrutura da resposta da API.</doc>
<tag>testeEstruturaResposta</tag>
<status status="PASS" start="2024-05-04T23:13:52.461797" elapsed="0.112469"/>
</test>
<test id="s1-s1-t4" name="Validar tipos de dados" line="28">
<kw name="Teste de Tipos de Dados" owner="random-user-service">
<kw name="GET On Session" owner="RequestsLibrary">
<msg time="2024-05-04T23:13:52.655348" level="INFO">GET Request : url=https://randomuser.me/api 
 path_url=/api 
 headers={'User-Agent': 'python-requests/2.31.0', 'Accept-Encoding': 'gzip, deflate', 'Accept': '*/*', 'Connection': 'keep-alive'} 
 body=None 
 </msg>
<msg time="2024-05-04T23:13:52.655425" level="INFO">GET Response : url=https://randomuser.me/api 
 status=200, reason=OK 
 headers={'Date': 'Sat, 04 May 2024 23:13:52 GMT', 'Content-Type': 'application/json; charset=utf-8', 'Transfer-Encoding': 'chunked', 'Connection': 'keep-alive', 'X-Powered-By': 'Express', 'Access-Control-Allow-Origin': '*', 'Cache-Control': 'no-cache', 'ETag': 'W/"4a8-6r7huzFQRcQN1gh8VFa0Cr4p3GU"', 'Vary': 'Accept-Encoding', 'Content-Encoding': 'gzip', 'CF-Cache-Status': 'DYNAMIC', 'Report-To': '{"endpoints":[{"url":"https:\\/\\/a.nel.cloudflare.com\\/report\\/v4?s=0UmPE%2FMF9cR4L5JTGsSbLRehf5MmTnNnlFk3Ze8GzBvpjtBZzk0v2IDbrlzivFs7p1uLylAVd7WnGPPYiKHkoKWMTzkhCuD740fpVOvksovIjWqxoFymzE6Crt%2BErQw2"}],"group":"cf-nel","max_age":604800}', 'NEL': '{"success_fraction":0,"report_to":"cf-nel","max_age":604800}', 'Server': 'cloudflare', 'CF-RAY': '87ec2f0f9ac638a3-IAD', 'alt-svc': 'h3=":443"; ma=86400'} 
 body={"results":[{"gender":"male","name":{"title":"Mr","first":"Clifford","last":"Hernandez"},"location":{"street":{"number":9782,"name":"Walnut Hill Ln"},"city":"Las Vegas","state":"Arkansas","country":"United States","postcode":23648,"coordinates":{"latitude":"88.3950","longitude":"-108.2504"},"timezone":{"offset":"+8:00","description":"Beijing, Perth, Singapore, Hong Kong"}},"email":"clifford.hernandez@example.com","login":{"uuid":"26dfe712-e2e1-41b8-8991-81b841497fce","username":"orangebutterfly597","password":"mirror","salt":"3k6ghUGs","md5":"ed7a0a6d28d8607fa9d7974dc47f00ea","sha1":"2ffa71ce127b61787d2154261f03041732a3cb69","sha256":"0b0a4aaaef8559aa16c1d450623e410889bdccf1a33e23cd147818c133e2d627"},"dob":{"date":"1949-11-03T19:25:33.341Z","age":74},"registered":{"date":"2016-02-12T16:04:33.500Z","age":8},"phone":"(402) 649-7969","cell":"(281) 444-6895","id":{"name":"SSN","value":"079-37-3562"},"picture":{"large":"https://randomuser.me/api/portraits/men/52.jpg","medium":"https://randomuser.me/api/portraits/med/men/52.jpg","thumbnail":"https://randomuser.me/api/portraits/thumb/men/52.jpg"},"nat":"US"}],"info":{"seed":"6c7f2492f766df98","results":1,"page":1,"version":"1.4"}} 
 </msg>
<msg time="2024-05-04T23:13:52.655492" level="INFO">/opt/hostedtoolcache/Python/3.12.3/x64/lib/python3.12/site-packages/urllib3/connectionpool.py:1103: InsecureRequestWarning: Unverified HTTPS request is being made to host 'randomuser.me'. Adding certificate verification is strongly advised. See: https://urllib3.readthedocs.io/en/latest/advanced-usage.html#tls-warnings
  warnings.warn(</msg>
<msg time="2024-05-04T23:13:52.655591" level="INFO">${response} = &lt;Response [200]&gt;</msg>
<var>${response}</var>
<arg>consultarAPI</arg>
<arg>/api</arg>
<doc>Sends a GET request on a previously created HTTP Session.</doc>
<status status="PASS" start="2024-05-04T23:13:52.576731" elapsed="0.078894"/>
</kw>
<kw name="Set Variable" owner="BuiltIn">
<msg time="2024-05-04T23:13:52.656483" level="INFO">${json_data} = {'results': [{'gender': 'male', 'name': {'title': 'Mr', 'first': 'Clifford', 'last': 'Hernandez'}, 'location': {'street': {'number': 9782, 'name': 'Walnut Hill Ln'}, 'city': 'Las Vegas', 'state': 'Ark...</msg>
<var>${json_data}</var>
<arg>${response.json()}</arg>
<doc>Returns the given values which can then be assigned to a variables.</doc>
<status status="PASS" start="2024-05-04T23:13:52.656028" elapsed="0.000484"/>
</kw>
<kw name="Log" owner="BuiltIn">
<msg time="2024-05-04T23:13:52.656968" level="INFO">{'results': [{'gender': 'male', 'name': {'title': 'Mr', 'first': 'Clifford', 'last': 'Hernandez'}, 'location': {'street': {'number': 9782, 'name': 'Walnut Hill Ln'}, 'city': 'Las Vegas', 'state': 'Arkansas', 'country': 'United States', 'postcode': 23648, 'coordinates': {'latitude': '88.3950', 'longitude': '-108.2504'}, 'timezone': {'offset': '+8:00', 'description': 'Beijing, Perth, Singapore, Hong Kong'}}, 'email': 'clifford.hernandez@example.com', 'login': {'uuid': '26dfe712-e2e1-41b8-8991-81b841497fce', 'username': 'orangebutterfly597', 'password': 'mirror', 'salt': '3k6ghUGs', 'md5': 'ed7a0a6d28d8607fa9d7974dc47f00ea', 'sha1': '2ffa71ce127b61787d2154261f03041732a3cb69', 'sha256': '0b0a4aaaef8559aa16c1d450623e410889bdccf1a33e23cd147818c133e2d627'}, 'dob': {'date': '1949-11-03T19:25:33.341Z', 'age': 74}, 'registered': {'date': '2016-02-12T16:04:33.500Z', 'age': 8}, 'phone': '(402) 649-7969', 'cell': '(281) 444-6895', 'id': {'name': 'SSN', 'value': '079-37-3562'}, 'picture': {'large': 'https://randomuser.me/api/portraits/men/52.jpg', 'medium': 'https://randomuser.me/api/portraits/med/men/52.jpg', 'thumbnail': 'https://randomuser.me/api/portraits/thumb/men/52.jpg'}, 'nat': 'US'}], 'info': {'seed': '6c7f2492f766df98', 'results': 1, 'page': 1, 'version': '1.4'}}</msg>
<arg>${json_data}</arg>
<doc>Logs the given message with the given level.</doc>
<status status="PASS" start="2024-05-04T23:13:52.656817" elapsed="0.000230"/>
</kw>
<kw name="Should Be String" owner="String">
<arg>${json_data['results'][0]['gender']}</arg>
<doc>Fails if the given ``item`` is not a string.</doc>
<status status="PASS" start="2024-05-04T23:13:52.657349" elapsed="0.000374"/>
</kw>
<kw name="Should Match Regexp" owner="BuiltIn">
<arg>${json_data['results'][0]['email']}</arg>
<arg>^[a-zA-Z0-9._%+-]+@[a-zA-Z0-9.-]+\.[a-zA-Z]{2,}$</arg>
<doc>Fails if ``string`` does not match ``pattern`` as a regular expression.</doc>
<status status="PASS" start="2024-05-04T23:13:52.657918" elapsed="0.000513"/>
</kw>
<kw name="Should Match Regexp" owner="BuiltIn">
<arg>${json_data['results'][0]['dob']['date']}</arg>
<arg>\\d{4}-\\d{2}-\\d{2}T\\d{2}:\\d{2}:\\d{2}\\.\\d{3}Z</arg>
<doc>Fails if ``string`` does not match ``pattern`` as a regular expression.</doc>
<status status="PASS" start="2024-05-04T23:13:52.658629" elapsed="0.000489"/>
</kw>
<kw name="Should Match Regexp" owner="BuiltIn">
<arg>${json_data['results'][0]['registered']['date']}</arg>
<arg>\\d{4}-\\d{2}-\\d{2}T\\d{2}:\\d{2}:\\d{2}\\.\\d{3}Z</arg>
<doc>Fails if ``string`` does not match ``pattern`` as a regular expression.</doc>
<status status="PASS" start="2024-05-04T23:13:52.659309" elapsed="0.000403"/>
</kw>
<kw name="Should Match Regexp" owner="BuiltIn">
<arg>${json_data['results'][0]['picture']['large']}</arg>
<arg>^https?://.*\.(?:png|jpe?g|gif|bmp)$</arg>
<doc>Fails if ``string`` does not match ``pattern`` as a regular expression.</doc>
<status status="PASS" start="2024-05-04T23:13:52.659917" elapsed="0.000472"/>
</kw>
<kw name="Should Match Regexp" owner="BuiltIn">
<arg>${json_data['results'][0]['picture']['medium']}</arg>
<arg>^https?://.*\.(?:png|jpe?g|gif|bmp)$</arg>
<doc>Fails if ``string`` does not match ``pattern`` as a regular expression.</doc>
<status status="PASS" start="2024-05-04T23:13:52.660577" elapsed="0.000360"/>
</kw>
<kw name="Should Match Regexp" owner="BuiltIn">
<arg>${json_data['results'][0]['picture']['thumbnail']}</arg>
<arg>^https?://.*\.(?:png|jpe?g|gif|bmp)$</arg>
<doc>Fails if ``string`` does not match ``pattern`` as a regular expression.</doc>
<status status="PASS" start="2024-05-04T23:13:52.661130" elapsed="0.000350"/>
</kw>
<kw name="Log" owner="BuiltIn">
<msg time="2024-05-04T23:13:52.661982" level="INFO">{'large': 'https://randomuser.me/api/portraits/men/52.jpg', 'medium': 'https://randomuser.me/api/portraits/med/men/52.jpg', 'thumbnail': 'https://randomuser.me/api/portraits/thumb/men/52.jpg'}</msg>
<arg>${json_data['results'][0]['picture']}</arg>
<doc>Logs the given message with the given level.</doc>
<status status="PASS" start="2024-05-04T23:13:52.661661" elapsed="0.000362"/>
</kw>
<status status="PASS" start="2024-05-04T23:13:52.576505" elapsed="0.085775"/>
</kw>
<kw name="Teste de Tipos de Dados - Postcode" owner="random-user-service">
<kw name="GET On Session" owner="RequestsLibrary">
<msg time="2024-05-04T23:13:52.752105" level="INFO">GET Request : url=https://randomuser.me/api 
 path_url=/api 
 headers={'User-Agent': 'python-requests/2.31.0', 'Accept-Encoding': 'gzip, deflate', 'Accept': '*/*', 'Connection': 'keep-alive'} 
 body=None 
 </msg>
<msg time="2024-05-04T23:13:52.752208" level="INFO">GET Response : url=https://randomuser.me/api 
 status=200, reason=OK 
 headers={'Date': 'Sat, 04 May 2024 23:13:52 GMT', 'Content-Type': 'application/json; charset=utf-8', 'Transfer-Encoding': 'chunked', 'Connection': 'keep-alive', 'X-Powered-By': 'Express', 'Access-Control-Allow-Origin': '*', 'Cache-Control': 'no-cache', 'ETag': 'W/"482-FtWdEhZ2w5eIrrMEPZ8izhr8Qtg"', 'Vary': 'Accept-Encoding', 'Content-Encoding': 'gzip', 'CF-Cache-Status': 'DYNAMIC', 'Report-To': '{"endpoints":[{"url":"https:\\/\\/a.nel.cloudflare.com\\/report\\/v4?s=0AuvHFgMMMd9u30QQiC8giSGsPWODRLL9DeHjjMz05iZZ51z20yxTSSpzjyL9osX55FlvB7UuQLOEAtGyBCzkePVRoqGWD48Fd5Jch9hQNgR0ADwCyZsDBEgehtLXUNX"}],"group":"cf-nel","max_age":604800}', 'NEL': '{"success_fraction":0,"report_to":"cf-nel","max_age":604800}', 'Server': 'cloudflare', 'CF-RAY': '87ec2f102b4638a3-IAD', 'alt-svc': 'h3=":443"; ma=86400'} 
 body={"results":[{"gender":"female","name":{"title":"Ms","first":"زهرا","last":"علیزاده"},"location":{"street":{"number":2901,"name":"آیت الله سعیدی"},"city":"بوشهر","state":"یزد","country":"Iran","postcode":45656,"coordinates":{"latitude":"17.3292","longitude":"176.4049"},"timezone":{"offset":"-3:30","description":"Newfoundland"}},"email":"zhr.aalyzdh@example.com","login":{"uuid":"67b5404f-6a06-4df0-afe3-617b4f0ecd25","username":"bluegoose156","password":"torres","salt":"Pcy10cO0","md5":"37f7e4bd1d560ef53211950edc27e858","sha1":"8605cd2a65594bdb84c093246d02f5ea2de30d61","sha256":"9427e97ae96d178990fabae507792664d90ae5c2580805607cba328c4673439f"},"dob":{"date":"1970-04-12T07:39:26.021Z","age":54},"registered":{"date":"2016-02-16T06:15:43.027Z","age":8},"phone":"090-97813606","cell":"0987-536-1024","id":{"name":"","value":null},"picture":{"large":"https://randomuser.me/api/portraits/women/29.jpg","medium":"https://randomuser.me/api/portraits/med/women/29.jpg","thumbnail":"https://randomuser.me/api/portraits/thumb/women/29.jpg"},"nat":"IR"}],"info":{"seed":"16058e444069ce84","results":1,"page":1,"version":"1.4"}} 
 </msg>
<msg time="2024-05-04T23:13:52.752279" level="INFO">/opt/hostedtoolcache/Python/3.12.3/x64/lib/python3.12/site-packages/urllib3/connectionpool.py:1103: InsecureRequestWarning: Unverified HTTPS request is being made to host 'randomuser.me'. Adding certificate verification is strongly advised. See: https://urllib3.readthedocs.io/en/latest/advanced-usage.html#tls-warnings
  warnings.warn(</msg>
<msg time="2024-05-04T23:13:52.752393" level="INFO">${response} = &lt;Response [200]&gt;</msg>
<var>${response}</var>
<arg>consultarAPI</arg>
<arg>/api</arg>
<doc>Sends a GET request on a previously created HTTP Session.</doc>
<status status="PASS" start="2024-05-04T23:13:52.662724" elapsed="0.089708"/>
</kw>
<kw name="Set Variable" owner="BuiltIn">
<msg time="2024-05-04T23:13:52.753504" level="INFO">${json_data} = {'results': [{'gender': 'female', 'name': {'title': 'Ms', 'first': 'زهرا', 'last': 'علیزاده'}, 'location': {'street': {'number': 2901, 'name': 'آیت الله سعیدی'}, 'city': 'بوشهر', 'state': 'یزد', 'coun...</msg>
<var>${json_data}</var>
<arg>${response.json()}</arg>
<doc>Returns the given values which can then be assigned to a variables.</doc>
<status status="PASS" start="2024-05-04T23:13:52.752960" elapsed="0.000575"/>
</kw>
<kw name="Log" owner="BuiltIn">
<msg time="2024-05-04T23:13:52.754010" level="INFO">{'results': [{'gender': 'female', 'name': {'title': 'Ms', 'first': 'زهرا', 'last': 'علیزاده'}, 'location': {'street': {'number': 2901, 'name': 'آیت الله سعیدی'}, 'city': 'بوشهر', 'state': 'یزد', 'country': 'Iran', 'postcode': 45656, 'coordinates': {'latitude': '17.3292', 'longitude': '176.4049'}, 'timezone': {'offset': '-3:30', 'description': 'Newfoundland'}}, 'email': 'zhr.aalyzdh@example.com', 'login': {'uuid': '67b5404f-6a06-4df0-afe3-617b4f0ecd25', 'username': 'bluegoose156', 'password': 'torres', 'salt': 'Pcy10cO0', 'md5': '37f7e4bd1d560ef53211950edc27e858', 'sha1': '8605cd2a65594bdb84c093246d02f5ea2de30d61', 'sha256': '9427e97ae96d178990fabae507792664d90ae5c2580805607cba328c4673439f'}, 'dob': {'date': '1970-04-12T07:39:26.021Z', 'age': 54}, 'registered': {'date': '2016-02-16T06:15:43.027Z', 'age': 8}, 'phone': '090-97813606', 'cell': '0987-536-1024', 'id': {'name': '', 'value': None}, 'picture': {'large': 'https://randomuser.me/api/portraits/women/29.jpg', 'medium': 'https://randomuser.me/api/portraits/med/women/29.jpg', 'thumbnail': 'https://randomuser.me/api/portraits/thumb/women/29.jpg'}, 'nat': 'IR'}], 'info': {'seed': '16058e444069ce84', 'results': 1, 'page': 1, 'version': '1.4'}}</msg>
<arg>${json_data}</arg>
<doc>Logs the given message with the given level.</doc>
<status status="PASS" start="2024-05-04T23:13:52.753849" elapsed="0.000246"/>
</kw>
<kw name="Should Be Equal As Numbers" owner="BuiltIn">
<arg>${json_data['results'][0]['location']['postcode']}</arg>
<arg>${json_data['results'][0]['location']['postcode']}</arg>
<doc>Fails if objects are unequal after converting them to real numbers.</doc>
<status status="PASS" start="2024-05-04T23:13:52.754589" elapsed="0.000628"/>
</kw>
<kw name="Log" owner="BuiltIn">
<msg time="2024-05-04T23:13:52.755808" level="INFO">45656</msg>
<arg>${json_data['results'][0]['location']['postcode']}</arg>
<doc>Logs the given message with the given level.</doc>
<status status="PASS" start="2024-05-04T23:13:52.755409" elapsed="0.000441"/>
</kw>
<status status="PASS" start="2024-05-04T23:13:52.662506" elapsed="0.093606"/>
</kw>
<doc>Testa se os tipos de dados na resposta da API estão corretos.</doc>
<tag>testeTiposDados</tag>
<status status="PASS" start="2024-05-04T23:13:52.576065" elapsed="0.180233"/>
</test>
<test id="s1-s1-t5" name="Validar conteudo" line="35">
<kw name="Teste de Tipos de Conteudo" owner="random-user-service">
<kw name="GET On Session" owner="RequestsLibrary">
<msg time="2024-05-04T23:13:52.853218" level="INFO">GET Request : url=https://randomuser.me/api 
 path_url=/api 
 headers={'User-Agent': 'python-requests/2.31.0', 'Accept-Encoding': 'gzip, deflate', 'Accept': '*/*', 'Connection': 'keep-alive'} 
 body=None 
 </msg>
<msg time="2024-05-04T23:13:52.853303" level="INFO">GET Response : url=https://randomuser.me/api 
 status=200, reason=OK 
 headers={'Date': 'Sat, 04 May 2024 23:13:52 GMT', 'Content-Type': 'application/json; charset=utf-8', 'Transfer-Encoding': 'chunked', 'Connection': 'keep-alive', 'X-Powered-By': 'Express', 'Access-Control-Allow-Origin': '*', 'Cache-Control': 'no-cache', 'ETag': 'W/"486-Dwo9Xx7ub0V+Id1f3s/QgMp2rOo"', 'Vary': 'Accept-Encoding', 'Content-Encoding': 'gzip', 'CF-Cache-Status': 'DYNAMIC', 'Report-To': '{"endpoints":[{"url":"https:\\/\\/a.nel.cloudflare.com\\/report\\/v4?s=JUgq2bj9eZJz5YrLaH%2BhgJ3uUq2hyTPMBjiwfMA7YP4aBxl%2FhmZIGHlLSHZkss3wlgY58biUwmeUQuzej5UgI7YoG02ZmEcOk8L46Ok7usVNK5grvpbKZpLtkIaNA5yt"}],"group":"cf-nel","max_age":604800}', 'NEL': '{"success_fraction":0,"report_to":"cf-nel","max_age":604800}', 'Server': 'cloudflare', 'CF-RAY': '87ec2f10cc0738a3-IAD', 'alt-svc': 'h3=":443"; ma=86400'} 
 body={"results":[{"gender":"male","name":{"title":"Mr","first":"Francisco","last":"Núñez"},"location":{"street":{"number":2985,"name":"Calle de Ferraz"},"city":"Santander","state":"Ceuta","country":"Spain","postcode":76230,"coordinates":{"latitude":"-38.5325","longitude":"-21.8699"},"timezone":{"offset":"-7:00","description":"Mountain Time (US &amp; Canada)"}},"email":"francisco.nunez@example.com","login":{"uuid":"5a347c7b-88dc-45f0-8647-718b6890e272","username":"crazykoala509","password":"fusion","salt":"FGZUt0bd","md5":"810dfae81bb8040f2b66a942488906f7","sha1":"db0cc3f656523ef58e1da307dea8b80f552d266c","sha256":"d5c2f49c0f972adbb752e5a752cb10788a2f71fe05cc14738afcbdc1eedd205a"},"dob":{"date":"1948-05-21T16:58:05.189Z","age":75},"registered":{"date":"2013-04-07T11:47:45.397Z","age":11},"phone":"935-509-141","cell":"621-477-289","id":{"name":"DNI","value":"50862533-M"},"picture":{"large":"https://randomuser.me/api/portraits/men/72.jpg","medium":"https://randomuser.me/api/portraits/med/men/72.jpg","thumbnail":"https://randomuser.me/api/portraits/thumb/men/72.jpg"},"nat":"ES"}],"info":{"seed":"914638919a9e969d","results":1,"page":1,"version":"1.4"}} 
 </msg>
<msg time="2024-05-04T23:13:52.853378" level="INFO">/opt/hostedtoolcache/Python/3.12.3/x64/lib/python3.12/site-packages/urllib3/connectionpool.py:1103: InsecureRequestWarning: Unverified HTTPS request is being made to host 'randomuser.me'. Adding certificate verification is strongly advised. See: https://urllib3.readthedocs.io/en/latest/advanced-usage.html#tls-warnings
  warnings.warn(</msg>
<msg time="2024-05-04T23:13:52.853486" level="INFO">${response} = &lt;Response [200]&gt;</msg>
<var>${response}</var>
<arg>consultarAPI</arg>
<arg>/api</arg>
<doc>Sends a GET request on a previously created HTTP Session.</doc>
<status status="PASS" start="2024-05-04T23:13:52.758771" elapsed="0.094757"/>
</kw>
<kw name="Set Variable" owner="BuiltIn">
<msg time="2024-05-04T23:13:52.854457" level="INFO">${json_data} = {'results': [{'gender': 'male', 'name': {'title': 'Mr', 'first': 'Francisco', 'last': 'Núñez'}, 'location': {'street': {'number': 2985, 'name': 'Calle de Ferraz'}, 'city': 'Santander', 'state': 'Ceuta...</msg>
<var>${json_data}</var>
<arg>${response.json()}</arg>
<doc>Returns the given values which can then be assigned to a variables.</doc>
<status status="PASS" start="2024-05-04T23:13:52.853997" elapsed="0.000489"/>
</kw>
<kw name="Set Variable" owner="BuiltIn">
<msg time="2024-05-04T23:13:52.855176" level="INFO">${name_title} = Mr</msg>
<var>${name_title}</var>
<arg>${json_data["results"][0]["name"]["title"]}</arg>
<doc>Returns the given values which can then be assigned to a variables.</doc>
<status status="PASS" start="2024-05-04T23:13:52.854793" elapsed="0.000409"/>
</kw>
<kw name="Create List" owner="BuiltIn">
<msg time="2024-05-04T23:13:52.855682" level="INFO">${allowed_titles} = ['Mr', 'Ms', 'Miss', 'Mrs', 'Madame', 'Monsieur']</msg>
<var>${allowed_titles}</var>
<arg>Mr</arg>
<arg>Ms</arg>
<arg>Miss</arg>
<arg>Mrs</arg>
<arg>Madame</arg>
<arg>Monsieur</arg>
<doc>Returns a list containing given items.</doc>
<status status="PASS" start="2024-05-04T23:13:52.855500" elapsed="0.000219"/>
</kw>
<kw name="List Should Contain Value" owner="Collections">
<msg time="2024-05-04T23:13:52.856210" level="INFO">False</msg>
<arg>${allowed_titles}</arg>
<arg>${name_title}</arg>
<doc>Fails if the ``value`` is not found from ``list``.</doc>
<status status="PASS" start="2024-05-04T23:13:52.856038" elapsed="0.000209"/>
</kw>
<kw name="Set Variable" owner="BuiltIn">
<msg time="2024-05-04T23:13:52.856928" level="INFO">${name_country} = ES</msg>
<var>${name_country}</var>
<arg>${json_data["results"][0]["nat"]}</arg>
<doc>Returns the given values which can then be assigned to a variables.</doc>
<status status="PASS" start="2024-05-04T23:13:52.856544" elapsed="0.000409"/>
</kw>
<kw name="Create List" owner="BuiltIn">
<msg time="2024-05-04T23:13:52.857844" level="INFO">${list_country} = ['AD', 'AE', 'AF', 'AG', 'AI', 'AL', 'AM', 'AO', 'AQ', 'AR', 'AS', 'AT', 'AU', 'AW', 'AX', 'AZ', 'BA', 'BB', 'BD', 'BE', 'BF', 'BG', 'BH', 'BI', 'BJ', 'BL', 'BM', 'BN', 'BO', 'BQ', 'BR', 'BS', 'BT', '...</msg>
<var>${list_country}</var>
<arg>AD</arg>
<arg>AE</arg>
<arg>AF</arg>
<arg>AG</arg>
<arg>AI</arg>
<arg>AL</arg>
<arg>AM</arg>
<arg>AO</arg>
<arg>AQ</arg>
<arg>AR</arg>
<arg>AS</arg>
<arg>AT</arg>
<arg>AU</arg>
<arg>AW</arg>
<arg>AX</arg>
<arg>AZ</arg>
<arg>BA</arg>
<arg>BB</arg>
<arg>BD</arg>
<arg>BE</arg>
<arg>BF</arg>
<arg>BG</arg>
<arg>BH</arg>
<arg>BI</arg>
<arg>BJ</arg>
<arg>BL</arg>
<arg>BM</arg>
<arg>BN</arg>
<arg>BO</arg>
<arg>BQ</arg>
<arg>BR</arg>
<arg>BS</arg>
<arg>BT</arg>
<arg>BV</arg>
<arg>BW</arg>
<arg>BY</arg>
<arg>BZ</arg>
<arg>CA</arg>
<arg>CC</arg>
<arg>CD</arg>
<arg>CF</arg>
<arg>CG</arg>
<arg>CH</arg>
<arg>CI</arg>
<arg>CK</arg>
<arg>CL</arg>
<arg>CM</arg>
<arg>CN</arg>
<arg>CO</arg>
<arg>CR</arg>
<arg>CU</arg>
<arg>CV</arg>
<arg>CW</arg>
<arg>CX</arg>
<arg>CY</arg>
<arg>CZ</arg>
<arg>DE</arg>
<arg>DJ</arg>
<arg>DK</arg>
<arg>DM</arg>
<arg>DO</arg>
<arg>DZ</arg>
<arg>EC</arg>
<arg>EE</arg>
<arg>EG</arg>
<arg>EH</arg>
<arg>ER</arg>
<arg>ES</arg>
<arg>ET</arg>
<arg>FI</arg>
<arg>FJ</arg>
<arg>FK</arg>
<arg>FM</arg>
<arg>FO</arg>
<arg>FR</arg>
<arg>GA</arg>
<arg>GB</arg>
<arg>GD</arg>
<arg>GE</arg>
<arg>GF</arg>
<arg>GG</arg>
<arg>GH</arg>
<arg>GI</arg>
<arg>GL</arg>
<arg>GM</arg>
<arg>GN</arg>
<arg>GP</arg>
<arg>GQ</arg>
<arg>GR</arg>
<arg>GS</arg>
<arg>GT</arg>
<arg>GU</arg>
<arg>GW</arg>
<arg>GY</arg>
<arg>HK</arg>
<arg>HM</arg>
<arg>HN</arg>
<arg>HR</arg>
<arg>HT</arg>
<arg>HU</arg>
<arg>ID</arg>
<arg>IE</arg>
<arg>IL</arg>
<arg>IM</arg>
<arg>IN</arg>
<arg>IO</arg>
<arg>IQ</arg>
<arg>IR</arg>
<arg>IS</arg>
<arg>IT</arg>
<arg>JE</arg>
<arg>JM</arg>
<arg>JO</arg>
<arg>JP</arg>
<arg>KE</arg>
<arg>KG</arg>
<arg>KH</arg>
<arg>KI</arg>
<arg>KM</arg>
<arg>KN</arg>
<arg>KP</arg>
<arg>KR</arg>
<arg>KW</arg>
<arg>KY</arg>
<arg>KZ</arg>
<arg>LA</arg>
<arg>LB</arg>
<arg>LC</arg>
<arg>LI</arg>
<arg>LK</arg>
<arg>LR</arg>
<arg>LS</arg>
<arg>LT</arg>
<arg>LU</arg>
<arg>LV</arg>
<arg>LY</arg>
<arg>MA</arg>
<arg>MC</arg>
<arg>MD</arg>
<arg>ME</arg>
<arg>MF</arg>
<arg>MG</arg>
<arg>MH</arg>
<arg>MK</arg>
<arg>ML</arg>
<arg>MM</arg>
<arg>MN</arg>
<arg>MO</arg>
<arg>MP</arg>
<arg>MQ</arg>
<arg>MR</arg>
<arg>MS</arg>
<arg>MT</arg>
<arg>MU</arg>
<arg>MV</arg>
<arg>MW</arg>
<arg>MX</arg>
<arg>MY</arg>
<arg>MZ</arg>
<arg>NA</arg>
<arg>NC</arg>
<arg>NE</arg>
<arg>NF</arg>
<arg>NG</arg>
<arg>NI</arg>
<arg>NL</arg>
<arg>NO</arg>
<arg>NP</arg>
<arg>NR</arg>
<arg>NU</arg>
<arg>NZ</arg>
<arg>OM</arg>
<arg>PA</arg>
<arg>PE</arg>
<arg>PF</arg>
<arg>PG</arg>
<arg>PH</arg>
<arg>PK</arg>
<arg>PL</arg>
<arg>PM</arg>
<arg>PN</arg>
<arg>PR</arg>
<arg>PS</arg>
<arg>PT</arg>
<arg>PW</arg>
<arg>PY</arg>
<arg>QA</arg>
<arg>RE</arg>
<arg>RO</arg>
<arg>RS</arg>
<arg>RU</arg>
<arg>RW</arg>
<arg>SA</arg>
<arg>SB</arg>
<arg>SC</arg>
<arg>SD</arg>
<arg>SE</arg>
<arg>SG</arg>
<arg>SH</arg>
<arg>SI</arg>
<arg>SJ</arg>
<arg>SK</arg>
<arg>SL</arg>
<arg>SM</arg>
<arg>SN</arg>
<arg>SO</arg>
<arg>SR</arg>
<arg>SS</arg>
<arg>ST</arg>
<arg>SV</arg>
<arg>SX</arg>
<arg>SY</arg>
<arg>SZ</arg>
<arg>TC</arg>
<arg>TD</arg>
<arg>TF</arg>
<arg>TG</arg>
<arg>TH</arg>
<arg>TJ</arg>
<arg>TK</arg>
<arg>TL</arg>
<arg>TM</arg>
<arg>TN</arg>
<arg>TO</arg>
<arg>TR</arg>
<arg>TT</arg>
<arg>TV</arg>
<arg>TW</arg>
<arg>TZ</arg>
<arg>UA</arg>
<arg>UG</arg>
<arg>UM</arg>
<arg>US</arg>
<arg>UY</arg>
<arg>UZ</arg>
<arg>VA</arg>
<arg>VC</arg>
<arg>VE</arg>
<arg>VG</arg>
<arg>VI</arg>
<arg>VN</arg>
<arg>VU</arg>
<arg>WF</arg>
<arg>WS</arg>
<arg>XK</arg>
<arg>YE</arg>
<arg>YT</arg>
<arg>ZA</arg>
<arg>ZM</arg>
<arg>ZW</arg>
<doc>Returns a list containing given items.</doc>
<status status="PASS" start="2024-05-04T23:13:52.857259" elapsed="0.000610"/>
</kw>
<kw name="List Should Contain Value" owner="Collections">
<msg time="2024-05-04T23:13:52.858869" level="INFO">False</msg>
<arg>${list_country}</arg>
<arg>${name_country}</arg>
<doc>Fails if the ``value`` is not found from ``list``.</doc>
<status status="PASS" start="2024-05-04T23:13:52.858670" elapsed="0.000236"/>
</kw>
<kw name="Run Keyword If" owner="BuiltIn">
<kw name="Should Be True" owner="BuiltIn">
<arg>${True}</arg>
<doc>Fails if the given condition is not true.</doc>
<status status="PASS" start="2024-05-04T23:13:52.860004" elapsed="0.000248"/>
</kw>
<arg>${json_data["results"][0]["location"]["coordinates"]["latitude"]} &gt;= -90 and ${json_data["results"][0]["location"]["coordinates"]["latitude"]} &lt;= 90</arg>
<arg>Should Be True</arg>
<arg>${True}</arg>
<doc>Runs the given keyword with the given arguments, if ``condition`` is true.</doc>
<status status="PASS" start="2024-05-04T23:13:52.859221" elapsed="0.001164"/>
</kw>
<kw name="Run Keyword If" owner="BuiltIn">
<kw name="Should Be True" owner="BuiltIn">
<arg>${True}</arg>
<doc>Fails if the given condition is not true.</doc>
<status status="PASS" start="2024-05-04T23:13:52.861281" elapsed="0.000137"/>
</kw>
<arg>${json_data["results"][0]["location"]["coordinates"]["longitude"]} &gt;= -180 and ${json_data["results"][0]["location"]["coordinates"]["longitude"]} &lt;= 180</arg>
<arg>Should Be True</arg>
<arg>${True}</arg>
<doc>Runs the given keyword with the given arguments, if ``condition`` is true.</doc>
<status status="PASS" start="2024-05-04T23:13:52.860573" elapsed="0.000967"/>
</kw>
<status status="PASS" start="2024-05-04T23:13:52.758541" elapsed="0.103127"/>
</kw>
<doc>Testa o conteúdo específico dos campos retornados pela API.</doc>
<tag>testeConteudo</tag>
<status status="PASS" start="2024-05-04T23:13:52.758064" elapsed="0.103747"/>
</test>
<status status="PASS" start="2024-05-04T23:13:52.070644" elapsed="0.793136"/>
</suite>
<status status="PASS" start="2024-05-04T23:13:52.056971" elapsed="0.811922"/>
</suite>
<statistics>
<total>
<stat pass="5" fail="0" skip="0">All Tests</stat>
</total>
<tag>
<stat pass="1" fail="0" skip="0">testeConteudo</stat>
<stat pass="1" fail="0" skip="0">testeEstruturaResposta</stat>
<stat pass="1" fail="0" skip="0">testeRequisicaoBasica</stat>
<stat pass="1" fail="0" skip="0">testeTiposDados</stat>
</tag>
<suite>
<stat pass="5" fail="0" skip="0" id="s1" name="Tests">Tests</stat>
<stat pass="5" fail="0" skip="0" id="s1-s1" name="Random-User-Test">Tests.Random-User-Test</stat>
</suite>
</statistics>
<errors>
</errors>
</robot>
