<?xml version="1.0" encoding="UTF-8"?>
<robot generator="Robot 7.0 (Python 3.12.3 on linux)" generated="2024-04-21T11:11:11.690279" rpa="false" schemaversion="5">
<suite id="s1" name="Tests" source="/home/runner/work/DesafioQAItauRogerioJordao/DesafioQAItauRogerioJordao/RamdonUser/tests">
<suite id="s1-s1" name="Random-User-Test" source="/home/runner/work/DesafioQAItauRogerioJordao/DesafioQAItauRogerioJordao/RamdonUser/tests/random-user-test.robot">
<test id="s1-s1-t1" name="Conectar" line="13">
<kw name="Conectar API" owner="random-user-service">
<kw name="Create Session" owner="RequestsLibrary">
<msg time="2024-04-21T11:11:12.076052" level="INFO">Creating Session using : alias=consultarAPI, url=https://randomuser.me/, headers={},                     cookies={}, auth=None, timeout=None, proxies=None, verify=False,                     debug=0 </msg>
<arg>consultarAPI</arg>
<arg>${URL}</arg>
<doc>Create Session: create a HTTP session to a server</doc>
<status status="PASS" start="2024-04-21T11:11:12.075827" elapsed="0.000471"/>
</kw>
<status status="PASS" start="2024-04-21T11:11:12.074773" elapsed="0.001954"/>
</kw>
<status status="PASS" start="2024-04-21T11:11:12.074074" elapsed="0.002855"/>
</test>
<test id="s1-s1-t2" name="Validar retorno 200 e JSON Válido" line="16">
<kw name="Teste de Requisicao Basica" owner="random-user-service">
<kw name="GET On Session" owner="RequestsLibrary">
<msg time="2024-04-21T11:11:12.132962" level="INFO">GET Request : url=https://randomuser.me/api 
 path_url=/api 
 headers={'User-Agent': 'python-requests/2.31.0', 'Accept-Encoding': 'gzip, deflate', 'Accept': '*/*', 'Connection': 'keep-alive'} 
 body=None 
 </msg>
<msg time="2024-04-21T11:11:12.133117" level="INFO">GET Response : url=https://randomuser.me/api 
 status=200, reason=OK 
 headers={'Date': 'Sun, 21 Apr 2024 11:11:12 GMT', 'Content-Type': 'application/json; charset=utf-8', 'Transfer-Encoding': 'chunked', 'Connection': 'keep-alive', 'X-Powered-By': 'Express', 'Access-Control-Allow-Origin': '*', 'Cache-Control': 'no-cache', 'ETag': 'W/"498-UuEw7y53jxZDuTokuDh/bMjfK20"', 'Vary': 'Accept-Encoding', 'Content-Encoding': 'gzip', 'CF-Cache-Status': 'DYNAMIC', 'Report-To': '{"endpoints":[{"url":"https:\\/\\/a.nel.cloudflare.com\\/report\\/v4?s=Rxm%2F0KQ%2FSP5T0lc7Ad%2BXpZkQ1zd1JhY9lt7dARscNH1t7SYaoh9Nw3yd%2BOocIA1ESr1QXjEbLE0D%2BX9nN4jxwIpgMfeUj96Z1RVdrUhxAw3ii3Co%2BWPT%2FvS%2Bv2NAkZMc"}],"group":"cf-nel","max_age":604800}', 'NEL': '{"success_fraction":0,"report_to":"cf-nel","max_age":604800}', 'Server': 'cloudflare', 'CF-RAY': '877cee949d9557ae-IAD', 'alt-svc': 'h3=":443"; ma=86400'} 
 body={"results":[{"gender":"male","name":{"title":"Mr","first":"Maximilian","last":"Lillejord"},"location":{"street":{"number":7739,"name":"Alunsjøveien"},"city":"Evje","state":"Nord-Trøndelag","country":"Norway","postcode":"2009","coordinates":{"latitude":"45.9360","longitude":"-55.4526"},"timezone":{"offset":"+3:00","description":"Baghdad, Riyadh, Moscow, St. Petersburg"}},"email":"maximilian.lillejord@example.com","login":{"uuid":"a78c0272-7c3b-4c40-a9f5-01bc1640289e","username":"yellowfrog144","password":"mission","salt":"DUlRUsdi","md5":"3e42545b5466ebe8972ba7ae574e5698","sha1":"7c22a6ed26dc97983675aaa9e34024069a34c2d0","sha256":"bf96779451ba813edb64b2643a518cdff93326ee2c2669000cdb5bb4d922ebe7"},"dob":{"date":"1950-06-05T03:31:01.078Z","age":73},"registered":{"date":"2016-12-05T23:51:39.340Z","age":7},"phone":"24201559","cell":"44127517","id":{"name":"FN","value":"05065030308"},"picture":{"large":"https://randomuser.me/api/portraits/men/80.jpg","medium":"https://randomuser.me/api/portraits/med/men/80.jpg","thumbnail":"https://randomuser.me/api/portraits/thumb/men/80.jpg"},"nat":"NO"}],"info":{"seed":"01071219648ca799","results":1,"page":1,"version":"1.4"}} 
 </msg>
<msg time="2024-04-21T11:11:12.133204" level="INFO">/opt/hostedtoolcache/Python/3.12.3/x64/lib/python3.12/site-packages/urllib3/connectionpool.py:1103: InsecureRequestWarning: Unverified HTTPS request is being made to host 'randomuser.me'. Adding certificate verification is strongly advised. See: https://urllib3.readthedocs.io/en/latest/advanced-usage.html#tls-warnings
  warnings.warn(</msg>
<msg time="2024-04-21T11:11:12.133354" level="INFO">${response} = &lt;Response [200]&gt;</msg>
<var>${response}</var>
<arg>consultarAPI</arg>
<arg>/api</arg>
<doc>Sends a GET request on a previously created HTTP Session.</doc>
<status status="PASS" start="2024-04-21T11:11:12.079769" elapsed="0.053632"/>
</kw>
<kw name="Should Be Equal As Numbers" owner="BuiltIn">
<msg time="2024-04-21T11:11:12.134556" level="INFO">Argument types are:
&lt;class 'int'&gt;
&lt;class 'str'&gt;</msg>
<arg>${response.status_code}</arg>
<arg>200</arg>
<doc>Fails if objects are unequal after converting them to real numbers.</doc>
<status status="PASS" start="2024-04-21T11:11:12.134062" elapsed="0.000562"/>
</kw>
<kw name="Log" owner="BuiltIn">
<msg time="2024-04-21T11:11:12.135354" level="INFO">200</msg>
<arg>${response.status_code}</arg>
<doc>Logs the given message with the given level.</doc>
<status status="PASS" start="2024-04-21T11:11:12.134992" elapsed="0.000405"/>
</kw>
<kw name="Set Variable" owner="BuiltIn">
<msg time="2024-04-21T11:11:12.136192" level="INFO">${json_data} = {'results': [{'gender': 'male', 'name': {'title': 'Mr', 'first': 'Maximilian', 'last': 'Lillejord'}, 'location': {'street': {'number': 7739, 'name': 'Alunsjøveien'}, 'city': 'Evje', 'state': 'Nord-Trø...</msg>
<var>${json_data}</var>
<arg>${response.json()}</arg>
<doc>Returns the given values which can then be assigned to a variables.</doc>
<status status="PASS" start="2024-04-21T11:11:12.135704" elapsed="0.000525"/>
</kw>
<kw name="Dictionary Should Contain Key" owner="Collections">
<msg time="2024-04-21T11:11:12.136726" level="INFO">False</msg>
<arg>${json_data}</arg>
<arg>results</arg>
<doc>Fails if ``key`` is not found from ``dictionary``.</doc>
<status status="PASS" start="2024-04-21T11:11:12.136551" elapsed="0.000218"/>
</kw>
<status status="PASS" start="2024-04-21T11:11:12.079488" elapsed="0.057564"/>
</kw>
<doc>Testa se a API responde corretamente e retorna um objeto JSON válido.</doc>
<tag>testeRequisicaoBasica</tag>
<status status="PASS" start="2024-04-21T11:11:12.078879" elapsed="0.058359"/>
</test>
<test id="s1-s1-t3" name="Validar estrutura de resposta" line="22">
<kw name="Teste de Estrutura de Resposta" owner="random-user-service">
<kw name="GET On Session" owner="RequestsLibrary">
<msg time="2024-04-21T11:11:12.240527" level="INFO">GET Request : url=https://randomuser.me/api 
 path_url=/api 
 headers={'User-Agent': 'python-requests/2.31.0', 'Accept-Encoding': 'gzip, deflate', 'Accept': '*/*', 'Connection': 'keep-alive'} 
 body=None 
 </msg>
<msg time="2024-04-21T11:11:12.240628" level="INFO">GET Response : url=https://randomuser.me/api 
 status=200, reason=OK 
 headers={'Date': 'Sun, 21 Apr 2024 11:11:12 GMT', 'Content-Type': 'application/json; charset=utf-8', 'Transfer-Encoding': 'chunked', 'Connection': 'keep-alive', 'X-Powered-By': 'Express', 'Access-Control-Allow-Origin': '*', 'Cache-Control': 'no-cache', 'ETag': 'W/"49d-nSoaJ8gQ29n61JrAgmuGFpX3mf8"', 'Vary': 'Accept-Encoding', 'Content-Encoding': 'gzip', 'CF-Cache-Status': 'DYNAMIC', 'Report-To': '{"endpoints":[{"url":"https:\\/\\/a.nel.cloudflare.com\\/report\\/v4?s=O%2BmUNf06BaUUOdbLa8wRIR%2BZRnzAZDzfN1qUBEJzOKe9w6u00yXg3jy8hVFc24PeWRi0OCsU0K3UPQHe6J4PgkVcKufN2oes%2BFuurTFQEtumBtefbynTEouGGLzgWlwe"}],"group":"cf-nel","max_age":604800}', 'NEL': '{"success_fraction":0,"report_to":"cf-nel","max_age":604800}', 'Server': 'cloudflare', 'CF-RAY': '877cee94edb257ae-IAD', 'alt-svc': 'h3=":443"; ma=86400'} 
 body={"results":[{"gender":"female","name":{"title":"Ms","first":"Suze","last":"Roozen"},"location":{"street":{"number":2603,"name":"Kooiersdijk"},"city":"Wolphaartsdijk","state":"Utrecht","country":"Netherlands","postcode":"8160 IE","coordinates":{"latitude":"32.9653","longitude":"127.7909"},"timezone":{"offset":"+1:00","description":"Brussels, Copenhagen, Madrid, Paris"}},"email":"suze.roozen@example.com","login":{"uuid":"e9a74ffd-a164-4930-981d-64b3ba7f4efa","username":"ticklishkoala361","password":"addict","salt":"eyrKoaeG","md5":"0130e755a24968decdb7efcd8493dccb","sha1":"3a541756fc93c7d188c7cb99c98186b788aa40c8","sha256":"7b4ca9ee84f04c7fa14d94b9869305f654cd7a0c9f209b65a6dfe3b746d2d692"},"dob":{"date":"1985-06-02T07:57:07.966Z","age":38},"registered":{"date":"2006-05-10T18:37:54.185Z","age":17},"phone":"(064) 9389665","cell":"(06) 63314735","id":{"name":"BSN","value":"77290064"},"picture":{"large":"https://randomuser.me/api/portraits/women/71.jpg","medium":"https://randomuser.me/api/portraits/med/women/71.jpg","thumbnail":"https://randomuser.me/api/portraits/thumb/women/71.jpg"},"nat":"NL"}],"info":{"seed":"60e6de28fca8b5c5","results":1,"page":1,"version":"1.4"}} 
 </msg>
<msg time="2024-04-21T11:11:12.240758" level="INFO">/opt/hostedtoolcache/Python/3.12.3/x64/lib/python3.12/site-packages/urllib3/connectionpool.py:1103: InsecureRequestWarning: Unverified HTTPS request is being made to host 'randomuser.me'. Adding certificate verification is strongly advised. See: https://urllib3.readthedocs.io/en/latest/advanced-usage.html#tls-warnings
  warnings.warn(</msg>
<msg time="2024-04-21T11:11:12.240881" level="INFO">${response} = &lt;Response [200]&gt;</msg>
<var>${response}</var>
<arg>consultarAPI</arg>
<arg>/api</arg>
<doc>Sends a GET request on a previously created HTTP Session.</doc>
<status status="PASS" start="2024-04-21T11:11:12.139965" elapsed="0.100944"/>
</kw>
<kw name="Set Variable" owner="BuiltIn">
<msg time="2024-04-21T11:11:12.241993" level="INFO">${json_data} = {'results': [{'gender': 'female', 'name': {'title': 'Ms', 'first': 'Suze', 'last': 'Roozen'}, 'location': {'street': {'number': 2603, 'name': 'Kooiersdijk'}, 'city': 'Wolphaartsdijk', 'state': 'Utrech...</msg>
<var>${json_data}</var>
<arg>${response.json()}</arg>
<doc>Returns the given values which can then be assigned to a variables.</doc>
<status status="PASS" start="2024-04-21T11:11:12.241447" elapsed="0.000574"/>
</kw>
<kw name="Log" owner="BuiltIn">
<msg time="2024-04-21T11:11:12.242511" level="INFO">{'results': [{'gender': 'female', 'name': {'title': 'Ms', 'first': 'Suze', 'last': 'Roozen'}, 'location': {'street': {'number': 2603, 'name': 'Kooiersdijk'}, 'city': 'Wolphaartsdijk', 'state': 'Utrecht', 'country': 'Netherlands', 'postcode': '8160 IE', 'coordinates': {'latitude': '32.9653', 'longitude': '127.7909'}, 'timezone': {'offset': '+1:00', 'description': 'Brussels, Copenhagen, Madrid, Paris'}}, 'email': 'suze.roozen@example.com', 'login': {'uuid': 'e9a74ffd-a164-4930-981d-64b3ba7f4efa', 'username': 'ticklishkoala361', 'password': 'addict', 'salt': 'eyrKoaeG', 'md5': '0130e755a24968decdb7efcd8493dccb', 'sha1': '3a541756fc93c7d188c7cb99c98186b788aa40c8', 'sha256': '7b4ca9ee84f04c7fa14d94b9869305f654cd7a0c9f209b65a6dfe3b746d2d692'}, 'dob': {'date': '1985-06-02T07:57:07.966Z', 'age': 38}, 'registered': {'date': '2006-05-10T18:37:54.185Z', 'age': 17}, 'phone': '(064) 9389665', 'cell': '(06) 63314735', 'id': {'name': 'BSN', 'value': '77290064'}, 'picture': {'large': 'https://randomuser.me/api/portraits/women/71.jpg', 'medium': 'https://randomuser.me/api/portraits/med/women/71.jpg', 'thumbnail': 'https://randomuser.me/api/portraits/thumb/women/71.jpg'}, 'nat': 'NL'}], 'info': {'seed': '60e6de28fca8b5c5', 'results': 1, 'page': 1, 'version': '1.4'}}</msg>
<arg>${json_data}</arg>
<doc>Logs the given message with the given level.</doc>
<status status="PASS" start="2024-04-21T11:11:12.242351" elapsed="0.000212"/>
</kw>
<kw name="Dictionary Should Contain Key" owner="Collections">
<msg time="2024-04-21T11:11:12.243025" level="INFO">False</msg>
<arg>${json_data}</arg>
<arg>results</arg>
<doc>Fails if ``key`` is not found from ``dictionary``.</doc>
<status status="PASS" start="2024-04-21T11:11:12.242860" elapsed="0.000205"/>
</kw>
<kw name="Should Not Be Empty" owner="BuiltIn">
<msg time="2024-04-21T11:11:12.243500" level="INFO">Length is 2.</msg>
<arg>${json_data}</arg>
<doc>Verifies that the given item is not empty.</doc>
<status status="PASS" start="2024-04-21T11:11:12.243368" elapsed="0.000338"/>
</kw>
<kw name="Create List" owner="BuiltIn">
<msg time="2024-04-21T11:11:12.244209" level="INFO">${expected_keys} = ['gender', 'name', 'location', 'email', 'login']</msg>
<var>${expected_keys}</var>
<arg>gender</arg>
<arg>name</arg>
<arg>location</arg>
<arg>email</arg>
<arg>login</arg>
<doc>Returns a list containing given items.</doc>
<status status="PASS" start="2024-04-21T11:11:12.244013" elapsed="0.000234"/>
</kw>
<for flavor="IN">
<iter>
<kw name="Dictionary Should Contain Key" owner="Collections">
<msg time="2024-04-21T11:11:12.245272" level="INFO">False</msg>
<arg>${json_data['results'][0]}</arg>
<arg>${key}</arg>
<doc>Fails if ``key`` is not found from ``dictionary``.</doc>
<status status="PASS" start="2024-04-21T11:11:12.244849" elapsed="0.000463"/>
</kw>
<kw name="Log" owner="BuiltIn">
<msg time="2024-04-21T11:11:12.246030" level="INFO">{'gender': 'female', 'name': {'title': 'Ms', 'first': 'Suze', 'last': 'Roozen'}, 'location': {'street': {'number': 2603, 'name': 'Kooiersdijk'}, 'city': 'Wolphaartsdijk', 'state': 'Utrecht', 'country': 'Netherlands', 'postcode': '8160 IE', 'coordinates': {'latitude': '32.9653', 'longitude': '127.7909'}, 'timezone': {'offset': '+1:00', 'description': 'Brussels, Copenhagen, Madrid, Paris'}}, 'email': 'suze.roozen@example.com', 'login': {'uuid': 'e9a74ffd-a164-4930-981d-64b3ba7f4efa', 'username': 'ticklishkoala361', 'password': 'addict', 'salt': 'eyrKoaeG', 'md5': '0130e755a24968decdb7efcd8493dccb', 'sha1': '3a541756fc93c7d188c7cb99c98186b788aa40c8', 'sha256': '7b4ca9ee84f04c7fa14d94b9869305f654cd7a0c9f209b65a6dfe3b746d2d692'}, 'dob': {'date': '1985-06-02T07:57:07.966Z', 'age': 38}, 'registered': {'date': '2006-05-10T18:37:54.185Z', 'age': 17}, 'phone': '(064) 9389665', 'cell': '(06) 63314735', 'id': {'name': 'BSN', 'value': '77290064'}, 'picture': {'large': 'https://randomuser.me/api/portraits/women/71.jpg', 'medium': 'https://randomuser.me/api/portraits/med/women/71.jpg', 'thumbnail': 'https://randomuser.me/api/portraits/thumb/women/71.jpg'}, 'nat': 'NL'}</msg>
<arg>${json_data['results'][0]}</arg>
<doc>Logs the given message with the given level.</doc>
<status status="PASS" start="2024-04-21T11:11:12.245625" elapsed="0.000456"/>
</kw>
<kw name="Log" owner="BuiltIn">
<msg time="2024-04-21T11:11:12.246520" level="INFO">gender</msg>
<arg>${key}</arg>
<doc>Logs the given message with the given level.</doc>
<status status="PASS" start="2024-04-21T11:11:12.246382" elapsed="0.000180"/>
</kw>
<var name="${key}">gender</var>
<status status="PASS" start="2024-04-21T11:11:12.244720" elapsed="0.002080"/>
</iter>
<iter>
<kw name="Dictionary Should Contain Key" owner="Collections">
<msg time="2024-04-21T11:11:12.247513" level="INFO">False</msg>
<arg>${json_data['results'][0]}</arg>
<arg>${key}</arg>
<doc>Fails if ``key`` is not found from ``dictionary``.</doc>
<status status="PASS" start="2024-04-21T11:11:12.247115" elapsed="0.000437"/>
</kw>
<kw name="Log" owner="BuiltIn">
<msg time="2024-04-21T11:11:12.248264" level="INFO">{'gender': 'female', 'name': {'title': 'Ms', 'first': 'Suze', 'last': 'Roozen'}, 'location': {'street': {'number': 2603, 'name': 'Kooiersdijk'}, 'city': 'Wolphaartsdijk', 'state': 'Utrecht', 'country': 'Netherlands', 'postcode': '8160 IE', 'coordinates': {'latitude': '32.9653', 'longitude': '127.7909'}, 'timezone': {'offset': '+1:00', 'description': 'Brussels, Copenhagen, Madrid, Paris'}}, 'email': 'suze.roozen@example.com', 'login': {'uuid': 'e9a74ffd-a164-4930-981d-64b3ba7f4efa', 'username': 'ticklishkoala361', 'password': 'addict', 'salt': 'eyrKoaeG', 'md5': '0130e755a24968decdb7efcd8493dccb', 'sha1': '3a541756fc93c7d188c7cb99c98186b788aa40c8', 'sha256': '7b4ca9ee84f04c7fa14d94b9869305f654cd7a0c9f209b65a6dfe3b746d2d692'}, 'dob': {'date': '1985-06-02T07:57:07.966Z', 'age': 38}, 'registered': {'date': '2006-05-10T18:37:54.185Z', 'age': 17}, 'phone': '(064) 9389665', 'cell': '(06) 63314735', 'id': {'name': 'BSN', 'value': '77290064'}, 'picture': {'large': 'https://randomuser.me/api/portraits/women/71.jpg', 'medium': 'https://randomuser.me/api/portraits/med/women/71.jpg', 'thumbnail': 'https://randomuser.me/api/portraits/thumb/women/71.jpg'}, 'nat': 'NL'}</msg>
<arg>${json_data['results'][0]}</arg>
<doc>Logs the given message with the given level.</doc>
<status status="PASS" start="2024-04-21T11:11:12.247876" elapsed="0.000438"/>
</kw>
<kw name="Log" owner="BuiltIn">
<msg time="2024-04-21T11:11:12.248742" level="INFO">name</msg>
<arg>${key}</arg>
<doc>Logs the given message with the given level.</doc>
<status status="PASS" start="2024-04-21T11:11:12.248615" elapsed="0.000166"/>
</kw>
<var name="${key}">name</var>
<status status="PASS" start="2024-04-21T11:11:12.246996" elapsed="0.002003"/>
</iter>
<iter>
<kw name="Dictionary Should Contain Key" owner="Collections">
<msg time="2024-04-21T11:11:12.249680" level="INFO">False</msg>
<arg>${json_data['results'][0]}</arg>
<arg>${key}</arg>
<doc>Fails if ``key`` is not found from ``dictionary``.</doc>
<status status="PASS" start="2024-04-21T11:11:12.249295" elapsed="0.000423"/>
</kw>
<kw name="Log" owner="BuiltIn">
<msg time="2024-04-21T11:11:12.250388" level="INFO">{'gender': 'female', 'name': {'title': 'Ms', 'first': 'Suze', 'last': 'Roozen'}, 'location': {'street': {'number': 2603, 'name': 'Kooiersdijk'}, 'city': 'Wolphaartsdijk', 'state': 'Utrecht', 'country': 'Netherlands', 'postcode': '8160 IE', 'coordinates': {'latitude': '32.9653', 'longitude': '127.7909'}, 'timezone': {'offset': '+1:00', 'description': 'Brussels, Copenhagen, Madrid, Paris'}}, 'email': 'suze.roozen@example.com', 'login': {'uuid': 'e9a74ffd-a164-4930-981d-64b3ba7f4efa', 'username': 'ticklishkoala361', 'password': 'addict', 'salt': 'eyrKoaeG', 'md5': '0130e755a24968decdb7efcd8493dccb', 'sha1': '3a541756fc93c7d188c7cb99c98186b788aa40c8', 'sha256': '7b4ca9ee84f04c7fa14d94b9869305f654cd7a0c9f209b65a6dfe3b746d2d692'}, 'dob': {'date': '1985-06-02T07:57:07.966Z', 'age': 38}, 'registered': {'date': '2006-05-10T18:37:54.185Z', 'age': 17}, 'phone': '(064) 9389665', 'cell': '(06) 63314735', 'id': {'name': 'BSN', 'value': '77290064'}, 'picture': {'large': 'https://randomuser.me/api/portraits/women/71.jpg', 'medium': 'https://randomuser.me/api/portraits/med/women/71.jpg', 'thumbnail': 'https://randomuser.me/api/portraits/thumb/women/71.jpg'}, 'nat': 'NL'}</msg>
<arg>${json_data['results'][0]}</arg>
<doc>Logs the given message with the given level.</doc>
<status status="PASS" start="2024-04-21T11:11:12.250021" elapsed="0.000415"/>
</kw>
<kw name="Log" owner="BuiltIn">
<msg time="2024-04-21T11:11:12.250857" level="INFO">location</msg>
<arg>${key}</arg>
<doc>Logs the given message with the given level.</doc>
<status status="PASS" start="2024-04-21T11:11:12.250732" elapsed="0.000164"/>
</kw>
<var name="${key}">location</var>
<status status="PASS" start="2024-04-21T11:11:12.249181" elapsed="0.001936"/>
</iter>
<iter>
<kw name="Dictionary Should Contain Key" owner="Collections">
<msg time="2024-04-21T11:11:12.251790" level="INFO">False</msg>
<arg>${json_data['results'][0]}</arg>
<arg>${key}</arg>
<doc>Fails if ``key`` is not found from ``dictionary``.</doc>
<status status="PASS" start="2024-04-21T11:11:12.251400" elapsed="0.000436"/>
</kw>
<kw name="Log" owner="BuiltIn">
<msg time="2024-04-21T11:11:12.252543" level="INFO">{'gender': 'female', 'name': {'title': 'Ms', 'first': 'Suze', 'last': 'Roozen'}, 'location': {'street': {'number': 2603, 'name': 'Kooiersdijk'}, 'city': 'Wolphaartsdijk', 'state': 'Utrecht', 'country': 'Netherlands', 'postcode': '8160 IE', 'coordinates': {'latitude': '32.9653', 'longitude': '127.7909'}, 'timezone': {'offset': '+1:00', 'description': 'Brussels, Copenhagen, Madrid, Paris'}}, 'email': 'suze.roozen@example.com', 'login': {'uuid': 'e9a74ffd-a164-4930-981d-64b3ba7f4efa', 'username': 'ticklishkoala361', 'password': 'addict', 'salt': 'eyrKoaeG', 'md5': '0130e755a24968decdb7efcd8493dccb', 'sha1': '3a541756fc93c7d188c7cb99c98186b788aa40c8', 'sha256': '7b4ca9ee84f04c7fa14d94b9869305f654cd7a0c9f209b65a6dfe3b746d2d692'}, 'dob': {'date': '1985-06-02T07:57:07.966Z', 'age': 38}, 'registered': {'date': '2006-05-10T18:37:54.185Z', 'age': 17}, 'phone': '(064) 9389665', 'cell': '(06) 63314735', 'id': {'name': 'BSN', 'value': '77290064'}, 'picture': {'large': 'https://randomuser.me/api/portraits/women/71.jpg', 'medium': 'https://randomuser.me/api/portraits/med/women/71.jpg', 'thumbnail': 'https://randomuser.me/api/portraits/thumb/women/71.jpg'}, 'nat': 'NL'}</msg>
<arg>${json_data['results'][0]}</arg>
<doc>Logs the given message with the given level.</doc>
<status status="PASS" start="2024-04-21T11:11:12.252137" elapsed="0.000455"/>
</kw>
<kw name="Log" owner="BuiltIn">
<msg time="2024-04-21T11:11:12.253017" level="INFO">email</msg>
<arg>${key}</arg>
<doc>Logs the given message with the given level.</doc>
<status status="PASS" start="2024-04-21T11:11:12.252889" elapsed="0.000167"/>
</kw>
<var name="${key}">email</var>
<status status="PASS" start="2024-04-21T11:11:12.251289" elapsed="0.001983"/>
</iter>
<iter>
<kw name="Dictionary Should Contain Key" owner="Collections">
<msg time="2024-04-21T11:11:12.253937" level="INFO">False</msg>
<arg>${json_data['results'][0]}</arg>
<arg>${key}</arg>
<doc>Fails if ``key`` is not found from ``dictionary``.</doc>
<status status="PASS" start="2024-04-21T11:11:12.253554" elapsed="0.000421"/>
</kw>
<kw name="Log" owner="BuiltIn">
<msg time="2024-04-21T11:11:12.254633" level="INFO">{'gender': 'female', 'name': {'title': 'Ms', 'first': 'Suze', 'last': 'Roozen'}, 'location': {'street': {'number': 2603, 'name': 'Kooiersdijk'}, 'city': 'Wolphaartsdijk', 'state': 'Utrecht', 'country': 'Netherlands', 'postcode': '8160 IE', 'coordinates': {'latitude': '32.9653', 'longitude': '127.7909'}, 'timezone': {'offset': '+1:00', 'description': 'Brussels, Copenhagen, Madrid, Paris'}}, 'email': 'suze.roozen@example.com', 'login': {'uuid': 'e9a74ffd-a164-4930-981d-64b3ba7f4efa', 'username': 'ticklishkoala361', 'password': 'addict', 'salt': 'eyrKoaeG', 'md5': '0130e755a24968decdb7efcd8493dccb', 'sha1': '3a541756fc93c7d188c7cb99c98186b788aa40c8', 'sha256': '7b4ca9ee84f04c7fa14d94b9869305f654cd7a0c9f209b65a6dfe3b746d2d692'}, 'dob': {'date': '1985-06-02T07:57:07.966Z', 'age': 38}, 'registered': {'date': '2006-05-10T18:37:54.185Z', 'age': 17}, 'phone': '(064) 9389665', 'cell': '(06) 63314735', 'id': {'name': 'BSN', 'value': '77290064'}, 'picture': {'large': 'https://randomuser.me/api/portraits/women/71.jpg', 'medium': 'https://randomuser.me/api/portraits/med/women/71.jpg', 'thumbnail': 'https://randomuser.me/api/portraits/thumb/women/71.jpg'}, 'nat': 'NL'}</msg>
<arg>${json_data['results'][0]}</arg>
<doc>Logs the given message with the given level.</doc>
<status status="PASS" start="2024-04-21T11:11:12.254269" elapsed="0.000414"/>
</kw>
<kw name="Log" owner="BuiltIn">
<msg time="2024-04-21T11:11:12.255106" level="INFO">login</msg>
<arg>${key}</arg>
<doc>Logs the given message with the given level.</doc>
<status status="PASS" start="2024-04-21T11:11:12.254980" elapsed="0.000165"/>
</kw>
<var name="${key}">login</var>
<status status="PASS" start="2024-04-21T11:11:12.253444" elapsed="0.001941"/>
</iter>
<var>${key}</var>
<value>@{expected_keys}</value>
<status status="PASS" start="2024-04-21T11:11:12.244522" elapsed="0.010988"/>
</for>
<kw name="Create List" owner="BuiltIn">
<msg time="2024-04-21T11:11:12.255867" level="INFO">${expected_keysTwo} = ['username', 'password']</msg>
<var>${expected_keysTwo}</var>
<arg>username</arg>
<arg>password</arg>
<doc>Returns a list containing given items.</doc>
<status status="PASS" start="2024-04-21T11:11:12.255713" elapsed="0.000178"/>
</kw>
<for flavor="IN">
<iter>
<kw name="Dictionary Should Contain Key" owner="Collections">
<msg time="2024-04-21T11:11:12.256847" level="INFO">False</msg>
<arg>${json_data['results'][0]['login']}</arg>
<arg>${keyTwo}</arg>
<doc>Fails if ``key`` is not found from ``dictionary``.</doc>
<status status="PASS" start="2024-04-21T11:11:12.256444" elapsed="0.000441"/>
</kw>
<kw name="Dictionary Should Contain Key" owner="Collections">
<msg time="2024-04-21T11:11:12.257646" level="INFO">False</msg>
<arg>${json_data['results'][0]['login']}</arg>
<arg>${keyTwo}</arg>
<doc>Fails if ``key`` is not found from ``dictionary``.</doc>
<status status="PASS" start="2024-04-21T11:11:12.257185" elapsed="0.000502"/>
</kw>
<kw name="Log" owner="BuiltIn">
<msg time="2024-04-21T11:11:12.258124" level="INFO">username</msg>
<arg>${keyTwo}</arg>
<doc>Logs the given message with the given level.</doc>
<status status="PASS" start="2024-04-21T11:11:12.257992" elapsed="0.000176"/>
</kw>
<var name="${keyTwo}">username</var>
<status status="PASS" start="2024-04-21T11:11:12.256330" elapsed="0.002057"/>
</iter>
<iter>
<kw name="Dictionary Should Contain Key" owner="Collections">
<msg time="2024-04-21T11:11:12.259358" level="INFO">False</msg>
<arg>${json_data['results'][0]['login']}</arg>
<arg>${keyTwo}</arg>
<doc>Fails if ``key`` is not found from ``dictionary``.</doc>
<status status="PASS" start="2024-04-21T11:11:12.258792" elapsed="0.000614"/>
</kw>
<kw name="Dictionary Should Contain Key" owner="Collections">
<msg time="2024-04-21T11:11:12.260102" level="INFO">False</msg>
<arg>${json_data['results'][0]['login']}</arg>
<arg>${keyTwo}</arg>
<doc>Fails if ``key`` is not found from ``dictionary``.</doc>
<status status="PASS" start="2024-04-21T11:11:12.259719" elapsed="0.000421"/>
</kw>
<kw name="Log" owner="BuiltIn">
<msg time="2024-04-21T11:11:12.260619" level="INFO">password</msg>
<arg>${keyTwo}</arg>
<doc>Logs the given message with the given level.</doc>
<status status="PASS" start="2024-04-21T11:11:12.260491" elapsed="0.000167"/>
</kw>
<var name="${keyTwo}">password</var>
<status status="PASS" start="2024-04-21T11:11:12.258600" elapsed="0.002274"/>
</iter>
<var>${keyTwo}</var>
<value>@{expected_keysTwo}</value>
<status status="PASS" start="2024-04-21T11:11:12.256135" elapsed="0.004862"/>
</for>
<status status="PASS" start="2024-04-21T11:11:12.139725" elapsed="0.121428"/>
</kw>
<doc>Testa a estrutura da resposta da API.</doc>
<tag>testeEstruturaResposta</tag>
<status status="PASS" start="2024-04-21T11:11:12.139107" elapsed="0.122208"/>
</test>
<test id="s1-s1-t4" name="Validar tipos de dados" line="28">
<kw name="Teste de Tipos de Dados" owner="random-user-service">
<kw name="GET On Session" owner="RequestsLibrary">
<msg time="2024-04-21T11:11:12.351339" level="INFO">GET Request : url=https://randomuser.me/api 
 path_url=/api 
 headers={'User-Agent': 'python-requests/2.31.0', 'Accept-Encoding': 'gzip, deflate', 'Accept': '*/*', 'Connection': 'keep-alive'} 
 body=None 
 </msg>
<msg time="2024-04-21T11:11:12.351452" level="INFO">GET Response : url=https://randomuser.me/api 
 status=200, reason=OK 
 headers={'Date': 'Sun, 21 Apr 2024 11:11:12 GMT', 'Content-Type': 'application/json; charset=utf-8', 'Transfer-Encoding': 'chunked', 'Connection': 'keep-alive', 'X-Powered-By': 'Express', 'Access-Control-Allow-Origin': '*', 'Cache-Control': 'no-cache', 'ETag': 'W/"494-VurxBlDfdle09QQv6n/xhjq+WI8"', 'Vary': 'Accept-Encoding', 'Content-Encoding': 'gzip', 'CF-Cache-Status': 'DYNAMIC', 'Report-To': '{"endpoints":[{"url":"https:\\/\\/a.nel.cloudflare.com\\/report\\/v4?s=LoOAK8XU4fuc8f0XO0idOd8twp8j%2BKZLtf3t%2Fc8IonLI%2FOVTA9qAURY1SJjJBBjeQGMgieEK%2FwmBwXRfLL0NVVC7kBoqn3DITQljchP6gfRL%2BC2cihvPQ%2FoYPmZfGms%2F"}],"group":"cf-nel","max_age":604800}', 'NEL': '{"success_fraction":0,"report_to":"cf-nel","max_age":604800}', 'Server': 'cloudflare', 'CF-RAY': '877cee95adfb57ae-IAD', 'alt-svc': 'h3=":443"; ma=86400'} 
 body={"results":[{"gender":"female","name":{"title":"Miss","first":"Lorena","last":"Santos"},"location":{"street":{"number":5101,"name":"Calle de La Luna"},"city":"Valencia","state":"Aragón","country":"Spain","postcode":60532,"coordinates":{"latitude":"-32.9209","longitude":"70.3274"},"timezone":{"offset":"+8:00","description":"Beijing, Perth, Singapore, Hong Kong"}},"email":"lorena.santos@example.com","login":{"uuid":"8e2d88e1-87d8-4551-9e18-fadc69affd4e","username":"orangezebra698","password":"arthur","salt":"E2IwuhM5","md5":"0c86884b3a713e5f9097b7c12057e6af","sha1":"e567965d9d4122d094b49df9396576faefb58abc","sha256":"b8de7f3f804b185b71d3a6730a89d332bd88dd380a933d6397a5a05ae8c2203a"},"dob":{"date":"1994-01-26T13:13:16.788Z","age":30},"registered":{"date":"2018-05-22T11:11:17.567Z","age":5},"phone":"956-998-284","cell":"645-846-298","id":{"name":"DNI","value":"42167678-X"},"picture":{"large":"https://randomuser.me/api/portraits/women/37.jpg","medium":"https://randomuser.me/api/portraits/med/women/37.jpg","thumbnail":"https://randomuser.me/api/portraits/thumb/women/37.jpg"},"nat":"ES"}],"info":{"seed":"89ccfe9965c0454a","results":1,"page":1,"version":"1.4"}} 
 </msg>
<msg time="2024-04-21T11:11:12.351532" level="INFO">/opt/hostedtoolcache/Python/3.12.3/x64/lib/python3.12/site-packages/urllib3/connectionpool.py:1103: InsecureRequestWarning: Unverified HTTPS request is being made to host 'randomuser.me'. Adding certificate verification is strongly advised. See: https://urllib3.readthedocs.io/en/latest/advanced-usage.html#tls-warnings
  warnings.warn(</msg>
<msg time="2024-04-21T11:11:12.351671" level="INFO">${response} = &lt;Response [200]&gt;</msg>
<var>${response}</var>
<arg>consultarAPI</arg>
<arg>/api</arg>
<doc>Sends a GET request on a previously created HTTP Session.</doc>
<status status="PASS" start="2024-04-21T11:11:12.264009" elapsed="0.087708"/>
</kw>
<kw name="Set Variable" owner="BuiltIn">
<msg time="2024-04-21T11:11:12.353052" level="INFO">${json_data} = {'results': [{'gender': 'female', 'name': {'title': 'Miss', 'first': 'Lorena', 'last': 'Santos'}, 'location': {'street': {'number': 5101, 'name': 'Calle de La Luna'}, 'city': 'Valencia', 'state': 'Ara...</msg>
<var>${json_data}</var>
<arg>${response.json()}</arg>
<doc>Returns the given values which can then be assigned to a variables.</doc>
<status status="PASS" start="2024-04-21T11:11:12.352454" elapsed="0.000628"/>
</kw>
<kw name="Log" owner="BuiltIn">
<msg time="2024-04-21T11:11:12.353686" level="INFO">{'results': [{'gender': 'female', 'name': {'title': 'Miss', 'first': 'Lorena', 'last': 'Santos'}, 'location': {'street': {'number': 5101, 'name': 'Calle de La Luna'}, 'city': 'Valencia', 'state': 'Aragón', 'country': 'Spain', 'postcode': 60532, 'coordinates': {'latitude': '-32.9209', 'longitude': '70.3274'}, 'timezone': {'offset': '+8:00', 'description': 'Beijing, Perth, Singapore, Hong Kong'}}, 'email': 'lorena.santos@example.com', 'login': {'uuid': '8e2d88e1-87d8-4551-9e18-fadc69affd4e', 'username': 'orangezebra698', 'password': 'arthur', 'salt': 'E2IwuhM5', 'md5': '0c86884b3a713e5f9097b7c12057e6af', 'sha1': 'e567965d9d4122d094b49df9396576faefb58abc', 'sha256': 'b8de7f3f804b185b71d3a6730a89d332bd88dd380a933d6397a5a05ae8c2203a'}, 'dob': {'date': '1994-01-26T13:13:16.788Z', 'age': 30}, 'registered': {'date': '2018-05-22T11:11:17.567Z', 'age': 5}, 'phone': '956-998-284', 'cell': '645-846-298', 'id': {'name': 'DNI', 'value': '42167678-X'}, 'picture': {'large': 'https://randomuser.me/api/portraits/women/37.jpg', 'medium': 'https://randomuser.me/api/portraits/med/women/37.jpg', 'thumbnail': 'https://randomuser.me/api/portraits/thumb/women/37.jpg'}, 'nat': 'ES'}], 'info': {'seed': '89ccfe9965c0454a', 'results': 1, 'page': 1, 'version': '1.4'}}</msg>
<arg>${json_data}</arg>
<doc>Logs the given message with the given level.</doc>
<status status="PASS" start="2024-04-21T11:11:12.353495" elapsed="0.000285"/>
</kw>
<kw name="Should Be String" owner="String">
<arg>${json_data['results'][0]['gender']}</arg>
<doc>Fails if the given ``item`` is not a string.</doc>
<status status="PASS" start="2024-04-21T11:11:12.354139" elapsed="0.000406"/>
</kw>
<kw name="Should Match Regexp" owner="BuiltIn">
<arg>${json_data['results'][0]['email']}</arg>
<arg>^[a-zA-Z0-9._%+-]+@[a-zA-Z0-9.-]+\.[a-zA-Z]{2,}$</arg>
<doc>Fails if ``string`` does not match ``pattern`` as a regular expression.</doc>
<status status="PASS" start="2024-04-21T11:11:12.354763" elapsed="0.000564"/>
</kw>
<kw name="Should Match Regexp" owner="BuiltIn">
<arg>${json_data['results'][0]['dob']['date']}</arg>
<arg>\\d{4}-\\d{2}-\\d{2}T\\d{2}:\\d{2}:\\d{2}\\.\\d{3}Z</arg>
<doc>Fails if ``string`` does not match ``pattern`` as a regular expression.</doc>
<status status="PASS" start="2024-04-21T11:11:12.355543" elapsed="0.000542"/>
</kw>
<kw name="Should Match Regexp" owner="BuiltIn">
<arg>${json_data['results'][0]['registered']['date']}</arg>
<arg>\\d{4}-\\d{2}-\\d{2}T\\d{2}:\\d{2}:\\d{2}\\.\\d{3}Z</arg>
<doc>Fails if ``string`` does not match ``pattern`` as a regular expression.</doc>
<status status="PASS" start="2024-04-21T11:11:12.356351" elapsed="0.000404"/>
</kw>
<kw name="Should Match Regexp" owner="BuiltIn">
<arg>${json_data['results'][0]['picture']['large']}</arg>
<arg>^https?://.*\.(?:png|jpe?g|gif|bmp)$</arg>
<doc>Fails if ``string`` does not match ``pattern`` as a regular expression.</doc>
<status status="PASS" start="2024-04-21T11:11:12.356950" elapsed="0.000489"/>
</kw>
<kw name="Should Match Regexp" owner="BuiltIn">
<arg>${json_data['results'][0]['picture']['medium']}</arg>
<arg>^https?://.*\.(?:png|jpe?g|gif|bmp)$</arg>
<doc>Fails if ``string`` does not match ``pattern`` as a regular expression.</doc>
<status status="PASS" start="2024-04-21T11:11:12.357637" elapsed="0.000367"/>
</kw>
<kw name="Should Match Regexp" owner="BuiltIn">
<arg>${json_data['results'][0]['picture']['thumbnail']}</arg>
<arg>^https?://.*\.(?:png|jpe?g|gif|bmp)$</arg>
<doc>Fails if ``string`` does not match ``pattern`` as a regular expression.</doc>
<status status="PASS" start="2024-04-21T11:11:12.358198" elapsed="0.000360"/>
</kw>
<kw name="Log" owner="BuiltIn">
<msg time="2024-04-21T11:11:12.359088" level="INFO">{'large': 'https://randomuser.me/api/portraits/women/37.jpg', 'medium': 'https://randomuser.me/api/portraits/med/women/37.jpg', 'thumbnail': 'https://randomuser.me/api/portraits/thumb/women/37.jpg'}</msg>
<arg>${json_data['results'][0]['picture']}</arg>
<doc>Logs the given message with the given level.</doc>
<status status="PASS" start="2024-04-21T11:11:12.358739" elapsed="0.000393"/>
</kw>
<status status="PASS" start="2024-04-21T11:11:12.263743" elapsed="0.095687"/>
</kw>
<kw name="Teste de Tipos de Dados - Postcode" owner="random-user-service">
<kw name="GET On Session" owner="RequestsLibrary">
<msg time="2024-04-21T11:11:12.430367" level="INFO">GET Request : url=https://randomuser.me/api 
 path_url=/api 
 headers={'User-Agent': 'python-requests/2.31.0', 'Accept-Encoding': 'gzip, deflate', 'Accept': '*/*', 'Connection': 'keep-alive'} 
 body=None 
 </msg>
<msg time="2024-04-21T11:11:12.430480" level="INFO">GET Response : url=https://randomuser.me/api 
 status=200, reason=OK 
 headers={'Date': 'Sun, 21 Apr 2024 11:11:12 GMT', 'Content-Type': 'application/json; charset=utf-8', 'Transfer-Encoding': 'chunked', 'Connection': 'keep-alive', 'X-Powered-By': 'Express', 'Access-Control-Allow-Origin': '*', 'Cache-Control': 'no-cache', 'ETag': 'W/"4a3-av4hH/63rDdfRQORANAadW+dZHE"', 'Vary': 'Accept-Encoding', 'Content-Encoding': 'gzip', 'CF-Cache-Status': 'DYNAMIC', 'Report-To': '{"endpoints":[{"url":"https:\\/\\/a.nel.cloudflare.com\\/report\\/v4?s=o2AilyLH9RtQMneIBvwz4PWvHYyt86fcXuTBoTrZcltQuoGXZ8vV%2FlxhN40jPM2Gp7GMptdjtGOZySGuhjlzaUceegRkyTaf%2BMUg%2F3jK6A%2FutxH1mntxZfR8BvPyL2fR"}],"group":"cf-nel","max_age":604800}', 'NEL': '{"success_fraction":0,"report_to":"cf-nel","max_age":604800}', 'Server': 'cloudflare', 'CF-RAY': '877cee964e4f57ae-IAD', 'alt-svc': 'h3=":443"; ma=86400'} 
 body={"results":[{"gender":"female","name":{"title":"Ms","first":"Courtney","last":"Lawson"},"location":{"street":{"number":7085,"name":"Spring St"},"city":"Gainesville","state":"Nevada","country":"United States","postcode":34939,"coordinates":{"latitude":"86.2674","longitude":"52.1371"},"timezone":{"offset":"+9:00","description":"Tokyo, Seoul, Osaka, Sapporo, Yakutsk"}},"email":"courtney.lawson@example.com","login":{"uuid":"38debc58-413c-4e62-922c-8152d5913e8a","username":"silverleopard194","password":"blue22","salt":"hoU6AjYk","md5":"e0ac2a6df8e3e1942f4f422467311d97","sha1":"347dae8e96ebdeb7c0da131db48b8d0b95bf9fa8","sha256":"5979fbcf77b82ccff788e54a67bb257d4df9c6d0f6a95961d2f69a0af12faacb"},"dob":{"date":"1965-11-13T01:42:00.725Z","age":58},"registered":{"date":"2005-07-30T21:15:26.230Z","age":18},"phone":"(460) 385-6098","cell":"(839) 401-7058","id":{"name":"SSN","value":"282-23-5071"},"picture":{"large":"https://randomuser.me/api/portraits/women/80.jpg","medium":"https://randomuser.me/api/portraits/med/women/80.jpg","thumbnail":"https://randomuser.me/api/portraits/thumb/women/80.jpg"},"nat":"US"}],"info":{"seed":"abaefcd92af6ce2c","results":1,"page":1,"version":"1.4"}} 
 </msg>
<msg time="2024-04-21T11:11:12.430566" level="INFO">/opt/hostedtoolcache/Python/3.12.3/x64/lib/python3.12/site-packages/urllib3/connectionpool.py:1103: InsecureRequestWarning: Unverified HTTPS request is being made to host 'randomuser.me'. Adding certificate verification is strongly advised. See: https://urllib3.readthedocs.io/en/latest/advanced-usage.html#tls-warnings
  warnings.warn(</msg>
<msg time="2024-04-21T11:11:12.430740" level="INFO">${response} = &lt;Response [200]&gt;</msg>
<var>${response}</var>
<arg>consultarAPI</arg>
<arg>/api</arg>
<doc>Sends a GET request on a previously created HTTP Session.</doc>
<status status="PASS" start="2024-04-21T11:11:12.359918" elapsed="0.070861"/>
</kw>
<kw name="Set Variable" owner="BuiltIn">
<msg time="2024-04-21T11:11:12.431988" level="INFO">${json_data} = {'results': [{'gender': 'female', 'name': {'title': 'Ms', 'first': 'Courtney', 'last': 'Lawson'}, 'location': {'street': {'number': 7085, 'name': 'Spring St'}, 'city': 'Gainesville', 'state': 'Nevada'...</msg>
<var>${json_data}</var>
<arg>${response.json()}</arg>
<doc>Returns the given values which can then be assigned to a variables.</doc>
<status status="PASS" start="2024-04-21T11:11:12.431421" elapsed="0.000596"/>
</kw>
<kw name="Log" owner="BuiltIn">
<msg time="2024-04-21T11:11:12.432572" level="INFO">{'results': [{'gender': 'female', 'name': {'title': 'Ms', 'first': 'Courtney', 'last': 'Lawson'}, 'location': {'street': {'number': 7085, 'name': 'Spring St'}, 'city': 'Gainesville', 'state': 'Nevada', 'country': 'United States', 'postcode': 34939, 'coordinates': {'latitude': '86.2674', 'longitude': '52.1371'}, 'timezone': {'offset': '+9:00', 'description': 'Tokyo, Seoul, Osaka, Sapporo, Yakutsk'}}, 'email': 'courtney.lawson@example.com', 'login': {'uuid': '38debc58-413c-4e62-922c-8152d5913e8a', 'username': 'silverleopard194', 'password': 'blue22', 'salt': 'hoU6AjYk', 'md5': 'e0ac2a6df8e3e1942f4f422467311d97', 'sha1': '347dae8e96ebdeb7c0da131db48b8d0b95bf9fa8', 'sha256': '5979fbcf77b82ccff788e54a67bb257d4df9c6d0f6a95961d2f69a0af12faacb'}, 'dob': {'date': '1965-11-13T01:42:00.725Z', 'age': 58}, 'registered': {'date': '2005-07-30T21:15:26.230Z', 'age': 18}, 'phone': '(460) 385-6098', 'cell': '(839) 401-7058', 'id': {'name': 'SSN', 'value': '282-23-5071'}, 'picture': {'large': 'https://randomuser.me/api/portraits/women/80.jpg', 'medium': 'https://randomuser.me/api/portraits/med/women/80.jpg', 'thumbnail': 'https://randomuser.me/api/portraits/thumb/women/80.jpg'}, 'nat': 'US'}], 'info': {'seed': 'abaefcd92af6ce2c', 'results': 1, 'page': 1, 'version': '1.4'}}</msg>
<arg>${json_data}</arg>
<doc>Logs the given message with the given level.</doc>
<status status="PASS" start="2024-04-21T11:11:12.432407" elapsed="0.000255"/>
</kw>
<kw name="Should Be Equal As Numbers" owner="BuiltIn">
<arg>${json_data['results'][0]['location']['postcode']}</arg>
<arg>${json_data['results'][0]['location']['postcode']}</arg>
<doc>Fails if objects are unequal after converting them to real numbers.</doc>
<status status="PASS" start="2024-04-21T11:11:12.433180" elapsed="0.000648"/>
</kw>
<kw name="Log" owner="BuiltIn">
<msg time="2024-04-21T11:11:12.434362" level="INFO">34939</msg>
<arg>${json_data['results'][0]['location']['postcode']}</arg>
<doc>Logs the given message with the given level.</doc>
<status status="PASS" start="2024-04-21T11:11:12.434026" elapsed="0.000377"/>
</kw>
<status status="PASS" start="2024-04-21T11:11:12.359668" elapsed="0.074996"/>
</kw>
<doc>Testa se os tipos de dados na resposta da API estão corretos.</doc>
<tag>testeTiposDados</tag>
<status status="PASS" start="2024-04-21T11:11:12.263122" elapsed="0.171713"/>
</test>
<test id="s1-s1-t5" name="Validar conteudo" line="35">
<kw name="Teste de Tipos de Conteudo" owner="random-user-service">
<kw name="GET On Session" owner="RequestsLibrary">
<msg time="2024-04-21T11:11:12.529330" level="INFO">GET Request : url=https://randomuser.me/api 
 path_url=/api 
 headers={'User-Agent': 'python-requests/2.31.0', 'Accept-Encoding': 'gzip, deflate', 'Accept': '*/*', 'Connection': 'keep-alive'} 
 body=None 
 </msg>
<msg time="2024-04-21T11:11:12.529446" level="INFO">GET Response : url=https://randomuser.me/api 
 status=200, reason=OK 
 headers={'Date': 'Sun, 21 Apr 2024 11:11:12 GMT', 'Content-Type': 'application/json; charset=utf-8', 'Transfer-Encoding': 'chunked', 'Connection': 'keep-alive', 'X-Powered-By': 'Express', 'Access-Control-Allow-Origin': '*', 'Cache-Control': 'no-cache', 'ETag': 'W/"4ac-iTb1ZqAk8Qe1mmw28S/aKAIK+t0"', 'Vary': 'Accept-Encoding', 'Content-Encoding': 'gzip', 'CF-Cache-Status': 'DYNAMIC', 'Report-To': '{"endpoints":[{"url":"https:\\/\\/a.nel.cloudflare.com\\/report\\/v4?s=pbds%2FN%2FhPoJ7JntuXD9ydFZovedY%2B7QWfJOYNwVYRw0OOfIu5VQj6SZ%2BpXQxeQ0AiUUP%2FommGF07DPnbXXGN4kqpDfDMERYH7didSQDxQZy8NMCU%2BB44CJJ5ITpUvE1H"}],"group":"cf-nel","max_age":604800}', 'NEL': '{"success_fraction":0,"report_to":"cf-nel","max_age":604800}', 'Server': 'cloudflare', 'CF-RAY': '877cee96be8757ae-IAD', 'alt-svc': 'h3=":443"; ma=86400'} 
 body={"results":[{"gender":"female","name":{"title":"Madame","first":"Eline","last":"Dupuis"},"location":{"street":{"number":31,"name":"Rue André-Gide"},"city":"Rüeggisberg","state":"Nidwalden","country":"Switzerland","postcode":1800,"coordinates":{"latitude":"-61.7073","longitude":"93.8117"},"timezone":{"offset":"-5:00","description":"Eastern Time (US &amp; Canada), Bogota, Lima"}},"email":"eline.dupuis@example.com","login":{"uuid":"441305b8-0688-48b7-b19c-60793d10c5b0","username":"silvergorilla124","password":"misty","salt":"yHIGSDmf","md5":"fc632f77def40e39146720a4a97e5482","sha1":"eb83a876de50c8ce97bd6fdb3be95051896fab98","sha256":"96b55b3c5ec536e6409ba6c5c8328937afbe3ff93494160456e06cc22d0f7de4"},"dob":{"date":"1972-09-04T01:11:41.049Z","age":51},"registered":{"date":"2013-09-05T23:57:57.327Z","age":10},"phone":"075 736 08 33","cell":"076 117 12 64","id":{"name":"AVS","value":"756.0420.6322.39"},"picture":{"large":"https://randomuser.me/api/portraits/women/21.jpg","medium":"https://randomuser.me/api/portraits/med/women/21.jpg","thumbnail":"https://randomuser.me/api/portraits/thumb/women/21.jpg"},"nat":"CH"}],"info":{"seed":"fa8e5c041cc8b71d","results":1,"page":1,"version":"1.4"}} 
 </msg>
<msg time="2024-04-21T11:11:12.529537" level="INFO">/opt/hostedtoolcache/Python/3.12.3/x64/lib/python3.12/site-packages/urllib3/connectionpool.py:1103: InsecureRequestWarning: Unverified HTTPS request is being made to host 'randomuser.me'. Adding certificate verification is strongly advised. See: https://urllib3.readthedocs.io/en/latest/advanced-usage.html#tls-warnings
  warnings.warn(</msg>
<msg time="2024-04-21T11:11:12.529720" level="INFO">${response} = &lt;Response [200]&gt;</msg>
<var>${response}</var>
<arg>consultarAPI</arg>
<arg>/api</arg>
<doc>Sends a GET request on a previously created HTTP Session.</doc>
<status status="PASS" start="2024-04-21T11:11:12.437432" elapsed="0.092333"/>
</kw>
<kw name="Set Variable" owner="BuiltIn">
<msg time="2024-04-21T11:11:12.530836" level="INFO">${json_data} = {'results': [{'gender': 'female', 'name': {'title': 'Madame', 'first': 'Eline', 'last': 'Dupuis'}, 'location': {'street': {'number': 31, 'name': 'Rue André-Gide'}, 'city': 'Rüeggisberg', 'state': 'Nid...</msg>
<var>${json_data}</var>
<arg>${response.json()}</arg>
<doc>Returns the given values which can then be assigned to a variables.</doc>
<status status="PASS" start="2024-04-21T11:11:12.530298" elapsed="0.000569"/>
</kw>
<kw name="Set Variable" owner="BuiltIn">
<msg time="2024-04-21T11:11:12.531627" level="INFO">${name_title} = Madame</msg>
<var>${name_title}</var>
<arg>${json_data["results"][0]["name"]["title"]}</arg>
<doc>Returns the given values which can then be assigned to a variables.</doc>
<status status="PASS" start="2024-04-21T11:11:12.531217" elapsed="0.000437"/>
</kw>
<kw name="Create List" owner="BuiltIn">
<msg time="2024-04-21T11:11:12.532131" level="INFO">${allowed_titles} = ['Mr', 'Ms', 'Miss', 'Mrs', 'Madame', 'Monsieur']</msg>
<var>${allowed_titles}</var>
<arg>Mr</arg>
<arg>Ms</arg>
<arg>Miss</arg>
<arg>Mrs</arg>
<arg>Madame</arg>
<arg>Monsieur</arg>
<doc>Returns a list containing given items.</doc>
<status status="PASS" start="2024-04-21T11:11:12.531973" elapsed="0.000213"/>
</kw>
<kw name="List Should Contain Value" owner="Collections">
<msg time="2024-04-21T11:11:12.532711" level="INFO">False</msg>
<arg>${allowed_titles}</arg>
<arg>${name_title}</arg>
<doc>Fails if the ``value`` is not found from ``list``.</doc>
<status status="PASS" start="2024-04-21T11:11:12.532522" elapsed="0.000229"/>
</kw>
<kw name="Set Variable" owner="BuiltIn">
<msg time="2024-04-21T11:11:12.533467" level="INFO">${name_country} = CH</msg>
<var>${name_country}</var>
<arg>${json_data["results"][0]["nat"]}</arg>
<doc>Returns the given values which can then be assigned to a variables.</doc>
<status status="PASS" start="2024-04-21T11:11:12.533074" elapsed="0.000419"/>
</kw>
<kw name="Create List" owner="BuiltIn">
<msg time="2024-04-21T11:11:12.534388" level="INFO">${list_country} = ['AD', 'AE', 'AF', 'AG', 'AI', 'AL', 'AM', 'AO', 'AQ', 'AR', 'AS', 'AT', 'AU', 'AW', 'AX', 'AZ', 'BA', 'BB', 'BD', 'BE', 'BF', 'BG', 'BH', 'BI', 'BJ', 'BL', 'BM', 'BN', 'BO', 'BQ', 'BR', 'BS', 'BT', '...</msg>
<var>${list_country}</var>
<arg>AD</arg>
<arg>AE</arg>
<arg>AF</arg>
<arg>AG</arg>
<arg>AI</arg>
<arg>AL</arg>
<arg>AM</arg>
<arg>AO</arg>
<arg>AQ</arg>
<arg>AR</arg>
<arg>AS</arg>
<arg>AT</arg>
<arg>AU</arg>
<arg>AW</arg>
<arg>AX</arg>
<arg>AZ</arg>
<arg>BA</arg>
<arg>BB</arg>
<arg>BD</arg>
<arg>BE</arg>
<arg>BF</arg>
<arg>BG</arg>
<arg>BH</arg>
<arg>BI</arg>
<arg>BJ</arg>
<arg>BL</arg>
<arg>BM</arg>
<arg>BN</arg>
<arg>BO</arg>
<arg>BQ</arg>
<arg>BR</arg>
<arg>BS</arg>
<arg>BT</arg>
<arg>BV</arg>
<arg>BW</arg>
<arg>BY</arg>
<arg>BZ</arg>
<arg>CA</arg>
<arg>CC</arg>
<arg>CD</arg>
<arg>CF</arg>
<arg>CG</arg>
<arg>CH</arg>
<arg>CI</arg>
<arg>CK</arg>
<arg>CL</arg>
<arg>CM</arg>
<arg>CN</arg>
<arg>CO</arg>
<arg>CR</arg>
<arg>CU</arg>
<arg>CV</arg>
<arg>CW</arg>
<arg>CX</arg>
<arg>CY</arg>
<arg>CZ</arg>
<arg>DE</arg>
<arg>DJ</arg>
<arg>DK</arg>
<arg>DM</arg>
<arg>DO</arg>
<arg>DZ</arg>
<arg>EC</arg>
<arg>EE</arg>
<arg>EG</arg>
<arg>EH</arg>
<arg>ER</arg>
<arg>ES</arg>
<arg>ET</arg>
<arg>FI</arg>
<arg>FJ</arg>
<arg>FK</arg>
<arg>FM</arg>
<arg>FO</arg>
<arg>FR</arg>
<arg>GA</arg>
<arg>GB</arg>
<arg>GD</arg>
<arg>GE</arg>
<arg>GF</arg>
<arg>GG</arg>
<arg>GH</arg>
<arg>GI</arg>
<arg>GL</arg>
<arg>GM</arg>
<arg>GN</arg>
<arg>GP</arg>
<arg>GQ</arg>
<arg>GR</arg>
<arg>GS</arg>
<arg>GT</arg>
<arg>GU</arg>
<arg>GW</arg>
<arg>GY</arg>
<arg>HK</arg>
<arg>HM</arg>
<arg>HN</arg>
<arg>HR</arg>
<arg>HT</arg>
<arg>HU</arg>
<arg>ID</arg>
<arg>IE</arg>
<arg>IL</arg>
<arg>IM</arg>
<arg>IN</arg>
<arg>IO</arg>
<arg>IQ</arg>
<arg>IR</arg>
<arg>IS</arg>
<arg>IT</arg>
<arg>JE</arg>
<arg>JM</arg>
<arg>JO</arg>
<arg>JP</arg>
<arg>KE</arg>
<arg>KG</arg>
<arg>KH</arg>
<arg>KI</arg>
<arg>KM</arg>
<arg>KN</arg>
<arg>KP</arg>
<arg>KR</arg>
<arg>KW</arg>
<arg>KY</arg>
<arg>KZ</arg>
<arg>LA</arg>
<arg>LB</arg>
<arg>LC</arg>
<arg>LI</arg>
<arg>LK</arg>
<arg>LR</arg>
<arg>LS</arg>
<arg>LT</arg>
<arg>LU</arg>
<arg>LV</arg>
<arg>LY</arg>
<arg>MA</arg>
<arg>MC</arg>
<arg>MD</arg>
<arg>ME</arg>
<arg>MF</arg>
<arg>MG</arg>
<arg>MH</arg>
<arg>MK</arg>
<arg>ML</arg>
<arg>MM</arg>
<arg>MN</arg>
<arg>MO</arg>
<arg>MP</arg>
<arg>MQ</arg>
<arg>MR</arg>
<arg>MS</arg>
<arg>MT</arg>
<arg>MU</arg>
<arg>MV</arg>
<arg>MW</arg>
<arg>MX</arg>
<arg>MY</arg>
<arg>MZ</arg>
<arg>NA</arg>
<arg>NC</arg>
<arg>NE</arg>
<arg>NF</arg>
<arg>NG</arg>
<arg>NI</arg>
<arg>NL</arg>
<arg>NO</arg>
<arg>NP</arg>
<arg>NR</arg>
<arg>NU</arg>
<arg>NZ</arg>
<arg>OM</arg>
<arg>PA</arg>
<arg>PE</arg>
<arg>PF</arg>
<arg>PG</arg>
<arg>PH</arg>
<arg>PK</arg>
<arg>PL</arg>
<arg>PM</arg>
<arg>PN</arg>
<arg>PR</arg>
<arg>PS</arg>
<arg>PT</arg>
<arg>PW</arg>
<arg>PY</arg>
<arg>QA</arg>
<arg>RE</arg>
<arg>RO</arg>
<arg>RS</arg>
<arg>RU</arg>
<arg>RW</arg>
<arg>SA</arg>
<arg>SB</arg>
<arg>SC</arg>
<arg>SD</arg>
<arg>SE</arg>
<arg>SG</arg>
<arg>SH</arg>
<arg>SI</arg>
<arg>SJ</arg>
<arg>SK</arg>
<arg>SL</arg>
<arg>SM</arg>
<arg>SN</arg>
<arg>SO</arg>
<arg>SR</arg>
<arg>SS</arg>
<arg>ST</arg>
<arg>SV</arg>
<arg>SX</arg>
<arg>SY</arg>
<arg>SZ</arg>
<arg>TC</arg>
<arg>TD</arg>
<arg>TF</arg>
<arg>TG</arg>
<arg>TH</arg>
<arg>TJ</arg>
<arg>TK</arg>
<arg>TL</arg>
<arg>TM</arg>
<arg>TN</arg>
<arg>TO</arg>
<arg>TR</arg>
<arg>TT</arg>
<arg>TV</arg>
<arg>TW</arg>
<arg>TZ</arg>
<arg>UA</arg>
<arg>UG</arg>
<arg>UM</arg>
<arg>US</arg>
<arg>UY</arg>
<arg>UZ</arg>
<arg>VA</arg>
<arg>VC</arg>
<arg>VE</arg>
<arg>VG</arg>
<arg>VI</arg>
<arg>VN</arg>
<arg>VU</arg>
<arg>WF</arg>
<arg>WS</arg>
<arg>XK</arg>
<arg>YE</arg>
<arg>YT</arg>
<arg>ZA</arg>
<arg>ZM</arg>
<arg>ZW</arg>
<doc>Returns a list containing given items.</doc>
<status status="PASS" start="2024-04-21T11:11:12.533801" elapsed="0.000612"/>
</kw>
<kw name="List Should Contain Value" owner="Collections">
<msg time="2024-04-21T11:11:12.535423" level="INFO">False</msg>
<arg>${list_country}</arg>
<arg>${name_country}</arg>
<doc>Fails if the ``value`` is not found from ``list``.</doc>
<status status="PASS" start="2024-04-21T11:11:12.535212" elapsed="0.000250"/>
</kw>
<kw name="Run Keyword If" owner="BuiltIn">
<kw name="Should Be True" owner="BuiltIn">
<arg>${True}</arg>
<doc>Fails if the given condition is not true.</doc>
<status status="PASS" start="2024-04-21T11:11:12.536562" elapsed="0.000274"/>
</kw>
<arg>${json_data["results"][0]["location"]["coordinates"]["latitude"]} &gt;= -90 and ${json_data["results"][0]["location"]["coordinates"]["latitude"]} &lt;= 90</arg>
<arg>Should Be True</arg>
<arg>${True}</arg>
<doc>Runs the given keyword with the given arguments, if ``condition`` is true.</doc>
<status status="PASS" start="2024-04-21T11:11:12.535779" elapsed="0.001195"/>
</kw>
<kw name="Run Keyword If" owner="BuiltIn">
<kw name="Should Be True" owner="BuiltIn">
<arg>${True}</arg>
<doc>Fails if the given condition is not true.</doc>
<status status="PASS" start="2024-04-21T11:11:12.537901" elapsed="0.000140"/>
</kw>
<arg>${json_data["results"][0]["location"]["coordinates"]["longitude"]} &gt;= -180 and ${json_data["results"][0]["location"]["coordinates"]["longitude"]} &lt;= 180</arg>
<arg>Should Be True</arg>
<arg>${True}</arg>
<doc>Runs the given keyword with the given arguments, if ``condition`` is true.</doc>
<status status="PASS" start="2024-04-21T11:11:12.537179" elapsed="0.000987"/>
</kw>
<status status="PASS" start="2024-04-21T11:11:12.437178" elapsed="0.101122"/>
</kw>
<doc>Testa o conteúdo específico dos campos retornados pela API.</doc>
<tag>testeConteudo</tag>
<status status="PASS" start="2024-04-21T11:11:12.436645" elapsed="0.101811"/>
</test>
<status status="PASS" start="2024-04-21T11:11:11.749227" elapsed="0.791248"/>
</suite>
<status status="PASS" start="2024-04-21T11:11:11.735449" elapsed="0.810348"/>
</suite>
<statistics>
<total>
<stat pass="5" fail="0" skip="0">All Tests</stat>
</total>
<tag>
<stat pass="1" fail="0" skip="0">testeConteudo</stat>
<stat pass="1" fail="0" skip="0">testeEstruturaResposta</stat>
<stat pass="1" fail="0" skip="0">testeRequisicaoBasica</stat>
<stat pass="1" fail="0" skip="0">testeTiposDados</stat>
</tag>
<suite>
<stat pass="5" fail="0" skip="0" id="s1" name="Tests">Tests</stat>
<stat pass="5" fail="0" skip="0" id="s1-s1" name="Random-User-Test">Tests.Random-User-Test</stat>
</suite>
</statistics>
<errors>
</errors>
</robot>
