<?xml version="1.0" encoding="UTF-8"?>
<robot generator="Robot 7.0 (Python 3.12.3 on linux)" generated="2024-04-27T19:10:40.492755" rpa="false" schemaversion="5">
<suite id="s1" name="Tests" source="/home/runner/work/DesafioQAItauRogerioJordao/DesafioQAItauRogerioJordao/RamdonUser/tests">
<suite id="s1-s1" name="Random-User-Test" source="/home/runner/work/DesafioQAItauRogerioJordao/DesafioQAItauRogerioJordao/RamdonUser/tests/random-user-test.robot">
<test id="s1-s1-t1" name="Conectar" line="13">
<kw name="Conectar API" owner="random-user-service">
<kw name="Create Session" owner="RequestsLibrary">
<msg time="2024-04-27T19:10:40.874424" level="INFO">Creating Session using : alias=consultarAPI, url=https://randomuser.me/, headers={},                     cookies={}, auth=None, timeout=None, proxies=None, verify=False,                     debug=0 </msg>
<arg>consultarAPI</arg>
<arg>${URL}</arg>
<doc>Create Session: create a HTTP session to a server</doc>
<status status="PASS" start="2024-04-27T19:10:40.874234" elapsed="0.000352"/>
</kw>
<status status="PASS" start="2024-04-27T19:10:40.873289" elapsed="0.001639"/>
</kw>
<status status="PASS" start="2024-04-27T19:10:40.872600" elapsed="0.002520"/>
</test>
<test id="s1-s1-t2" name="Validar retorno 200 e JSON Válido" line="16">
<kw name="Teste de Requisicao Basica" owner="random-user-service">
<kw name="GET On Session" owner="RequestsLibrary">
<msg time="2024-04-27T19:10:40.960046" level="INFO">GET Request : url=https://randomuser.me/api 
 path_url=/api 
 headers={'User-Agent': 'python-requests/2.31.0', 'Accept-Encoding': 'gzip, deflate', 'Accept': '*/*', 'Connection': 'keep-alive'} 
 body=None 
 </msg>
<msg time="2024-04-27T19:10:40.960140" level="INFO">GET Response : url=https://randomuser.me/api 
 status=200, reason=OK 
 headers={'Date': 'Sat, 27 Apr 2024 19:10:40 GMT', 'Content-Type': 'application/json; charset=utf-8', 'Transfer-Encoding': 'chunked', 'Connection': 'keep-alive', 'X-Powered-By': 'Express', 'Access-Control-Allow-Origin': '*', 'Cache-Control': 'no-cache', 'ETag': 'W/"480-7zVZXLuOMR+rn0fpQ8gZ/FTr8RY"', 'Vary': 'Accept-Encoding', 'Content-Encoding': 'gzip', 'CF-Cache-Status': 'DYNAMIC', 'Report-To': '{"endpoints":[{"url":"https:\\/\\/a.nel.cloudflare.com\\/report\\/v4?s=XtmY1qm2%2BxSfRBmAvTMK%2BX%2B9XlXJBRQvsxN%2FQi%2B7PbAdEWV%2B8UBnWlML%2FxACNyWsOourU65Exo6mjYEwUwEjXFJ%2FyljZaudmipeOkw937Hwq6%2B%2BhjNSIbB5eoxm8Wh3Z"}],"group":"cf-nel","max_age":604800}', 'NEL': '{"success_fraction":0,"report_to":"cf-nel","max_age":604800}', 'Server': 'cloudflare', 'CF-RAY': '87b11d31bfaf6206-ORD', 'alt-svc': 'h3=":443"; ma=86400'} 
 body={"results":[{"gender":"male","name":{"title":"Mr","first":"Arthur","last":"King"},"location":{"street":{"number":6731,"name":"Mt Albert Road"},"city":"Hastings","state":"Manawatu-Wanganui","country":"New Zealand","postcode":72738,"coordinates":{"latitude":"50.0002","longitude":"-55.4506"},"timezone":{"offset":"+2:00","description":"Kaliningrad, South Africa"}},"email":"arthur.king@example.com","login":{"uuid":"168a845b-6976-4632-b4b8-22a8e8bad47b","username":"sadlion243","password":"delete","salt":"yLCxzni7","md5":"06b4e1dabde523e1ff2a298704383b73","sha1":"fa9b9f22b73aab681952ed67efc8d856856c42e7","sha256":"8047239c1d362b7a8d6d806174a54eb8524f15f385f996e079d0df4e1b9e97b9"},"dob":{"date":"1952-08-09T09:18:05.167Z","age":71},"registered":{"date":"2014-11-21T10:25:40.309Z","age":9},"phone":"(857)-682-4704","cell":"(927)-389-4210","id":{"name":"","value":null},"picture":{"large":"https://randomuser.me/api/portraits/men/51.jpg","medium":"https://randomuser.me/api/portraits/med/men/51.jpg","thumbnail":"https://randomuser.me/api/portraits/thumb/men/51.jpg"},"nat":"NZ"}],"info":{"seed":"98aabc78ac8bd0d4","results":1,"page":1,"version":"1.4"}} 
 </msg>
<msg time="2024-04-27T19:10:40.960205" level="INFO">/opt/hostedtoolcache/Python/3.12.3/x64/lib/python3.12/site-packages/urllib3/connectionpool.py:1103: InsecureRequestWarning: Unverified HTTPS request is being made to host 'randomuser.me'. Adding certificate verification is strongly advised. See: https://urllib3.readthedocs.io/en/latest/advanced-usage.html#tls-warnings
  warnings.warn(</msg>
<msg time="2024-04-27T19:10:40.960319" level="INFO">${response} = &lt;Response [200]&gt;</msg>
<var>${response}</var>
<arg>consultarAPI</arg>
<arg>/api</arg>
<doc>Sends a GET request on a previously created HTTP Session.</doc>
<status status="PASS" start="2024-04-27T19:10:40.877705" elapsed="0.082655"/>
</kw>
<kw name="Should Be Equal As Numbers" owner="BuiltIn">
<msg time="2024-04-27T19:10:40.961386" level="INFO">Argument types are:
&lt;class 'int'&gt;
&lt;class 'str'&gt;</msg>
<arg>${response.status_code}</arg>
<arg>200</arg>
<doc>Fails if objects are unequal after converting them to real numbers.</doc>
<status status="PASS" start="2024-04-27T19:10:40.960884" elapsed="0.000563"/>
</kw>
<kw name="Log" owner="BuiltIn">
<msg time="2024-04-27T19:10:40.962139" level="INFO">200</msg>
<arg>${response.status_code}</arg>
<doc>Logs the given message with the given level.</doc>
<status status="PASS" start="2024-04-27T19:10:40.961792" elapsed="0.000387"/>
</kw>
<kw name="Set Variable" owner="BuiltIn">
<msg time="2024-04-27T19:10:40.962895" level="INFO">${json_data} = {'results': [{'gender': 'male', 'name': {'title': 'Mr', 'first': 'Arthur', 'last': 'King'}, 'location': {'street': {'number': 6731, 'name': 'Mt Albert Road'}, 'city': 'Hastings', 'state': 'Manawatu-Wa...</msg>
<var>${json_data}</var>
<arg>${response.json()}</arg>
<doc>Returns the given values which can then be assigned to a variables.</doc>
<status status="PASS" start="2024-04-27T19:10:40.962475" elapsed="0.000446"/>
</kw>
<kw name="Dictionary Should Contain Key" owner="Collections">
<msg time="2024-04-27T19:10:40.963377" level="INFO">False</msg>
<arg>${json_data}</arg>
<arg>results</arg>
<doc>Fails if ``key`` is not found from ``dictionary``.</doc>
<status status="PASS" start="2024-04-27T19:10:40.963215" elapsed="0.000200"/>
</kw>
<status status="PASS" start="2024-04-27T19:10:40.877465" elapsed="0.086199"/>
</kw>
<doc>Testa se a API responde corretamente e retorna um objeto JSON válido.</doc>
<tag>testeRequisicaoBasica</tag>
<status status="PASS" start="2024-04-27T19:10:40.877013" elapsed="0.086813"/>
</test>
<test id="s1-s1-t3" name="Validar estrutura de resposta" line="22">
<kw name="Teste de Estrutura de Resposta" owner="random-user-service">
<kw name="GET On Session" owner="RequestsLibrary">
<msg time="2024-04-27T19:10:41.064983" level="INFO">GET Request : url=https://randomuser.me/api 
 path_url=/api 
 headers={'User-Agent': 'python-requests/2.31.0', 'Accept-Encoding': 'gzip, deflate', 'Accept': '*/*', 'Connection': 'keep-alive'} 
 body=None 
 </msg>
<msg time="2024-04-27T19:10:41.065069" level="INFO">GET Response : url=https://randomuser.me/api 
 status=200, reason=OK 
 headers={'Date': 'Sat, 27 Apr 2024 19:10:41 GMT', 'Content-Type': 'application/json; charset=utf-8', 'Transfer-Encoding': 'chunked', 'Connection': 'keep-alive', 'X-Powered-By': 'Express', 'Access-Control-Allow-Origin': '*', 'Cache-Control': 'no-cache', 'ETag': 'W/"488-x6CEfh1xnxRa5bVryV+X/0rlzfs"', 'Vary': 'Accept-Encoding', 'Content-Encoding': 'gzip', 'CF-Cache-Status': 'DYNAMIC', 'Report-To': '{"endpoints":[{"url":"https:\\/\\/a.nel.cloudflare.com\\/report\\/v4?s=Gr5VPUkG014Mstabqd2BRxK3hPrItTrtL2binVKVd2KiPhk4rm2xOiUQCz8E6AuI8945EWXRyf6YAcI1SMYapyqzomyyJlPKE3ZCIW4J6LSGgByQG5p0SFiNA5FhLKLQ"}],"group":"cf-nel","max_age":604800}', 'NEL': '{"success_fraction":0,"report_to":"cf-nel","max_age":604800}', 'Server': 'cloudflare', 'CF-RAY': '87b11d3208006206-ORD', 'alt-svc': 'h3=":443"; ma=86400'} 
 body={"results":[{"gender":"male","name":{"title":"Mr","first":"Carmelo","last":"Herrero"},"location":{"street":{"number":450,"name":"Calle de Ángel García"},"city":"Gijón","state":"Aragón","country":"Spain","postcode":48034,"coordinates":{"latitude":"-35.5500","longitude":"-111.4016"},"timezone":{"offset":"-1:00","description":"Azores, Cape Verde Islands"}},"email":"carmelo.herrero@example.com","login":{"uuid":"3660b516-b70a-4542-a523-0b196ab35eca","username":"blackduck115","password":"flash","salt":"UDbOvpi3","md5":"89a1d1a6b7473dff383a2a3827e9eca6","sha1":"ace310a1d153b119547f129666f61306c0322b60","sha256":"6c89151e55bdc04045f3d83893e877fa41a40b2ddf3da71da702d1e9a99f823e"},"dob":{"date":"1984-04-30T13:09:05.827Z","age":39},"registered":{"date":"2003-12-24T21:54:35.802Z","age":20},"phone":"946-723-976","cell":"663-450-213","id":{"name":"DNI","value":"19476233-M"},"picture":{"large":"https://randomuser.me/api/portraits/men/61.jpg","medium":"https://randomuser.me/api/portraits/med/men/61.jpg","thumbnail":"https://randomuser.me/api/portraits/thumb/men/61.jpg"},"nat":"ES"}],"info":{"seed":"faa76a4e39a46140","results":1,"page":1,"version":"1.4"}} 
 </msg>
<msg time="2024-04-27T19:10:41.065192" level="INFO">/opt/hostedtoolcache/Python/3.12.3/x64/lib/python3.12/site-packages/urllib3/connectionpool.py:1103: InsecureRequestWarning: Unverified HTTPS request is being made to host 'randomuser.me'. Adding certificate verification is strongly advised. See: https://urllib3.readthedocs.io/en/latest/advanced-usage.html#tls-warnings
  warnings.warn(</msg>
<msg time="2024-04-27T19:10:41.065297" level="INFO">${response} = &lt;Response [200]&gt;</msg>
<var>${response}</var>
<arg>consultarAPI</arg>
<arg>/api</arg>
<doc>Sends a GET request on a previously created HTTP Session.</doc>
<status status="PASS" start="2024-04-27T19:10:40.966320" elapsed="0.099017"/>
</kw>
<kw name="Set Variable" owner="BuiltIn">
<msg time="2024-04-27T19:10:41.066376" level="INFO">${json_data} = {'results': [{'gender': 'male', 'name': {'title': 'Mr', 'first': 'Carmelo', 'last': 'Herrero'}, 'location': {'street': {'number': 450, 'name': 'Calle de Ángel García'}, 'city': 'Gijón', 'state': 'Arag...</msg>
<var>${json_data}</var>
<arg>${response.json()}</arg>
<doc>Returns the given values which can then be assigned to a variables.</doc>
<status status="PASS" start="2024-04-27T19:10:41.065787" elapsed="0.000618"/>
</kw>
<kw name="Log" owner="BuiltIn">
<msg time="2024-04-27T19:10:41.066866" level="INFO">{'results': [{'gender': 'male', 'name': {'title': 'Mr', 'first': 'Carmelo', 'last': 'Herrero'}, 'location': {'street': {'number': 450, 'name': 'Calle de Ángel García'}, 'city': 'Gijón', 'state': 'Aragón', 'country': 'Spain', 'postcode': 48034, 'coordinates': {'latitude': '-35.5500', 'longitude': '-111.4016'}, 'timezone': {'offset': '-1:00', 'description': 'Azores, Cape Verde Islands'}}, 'email': 'carmelo.herrero@example.com', 'login': {'uuid': '3660b516-b70a-4542-a523-0b196ab35eca', 'username': 'blackduck115', 'password': 'flash', 'salt': 'UDbOvpi3', 'md5': '89a1d1a6b7473dff383a2a3827e9eca6', 'sha1': 'ace310a1d153b119547f129666f61306c0322b60', 'sha256': '6c89151e55bdc04045f3d83893e877fa41a40b2ddf3da71da702d1e9a99f823e'}, 'dob': {'date': '1984-04-30T13:09:05.827Z', 'age': 39}, 'registered': {'date': '2003-12-24T21:54:35.802Z', 'age': 20}, 'phone': '946-723-976', 'cell': '663-450-213', 'id': {'name': 'DNI', 'value': '19476233-M'}, 'picture': {'large': 'https://randomuser.me/api/portraits/men/61.jpg', 'medium': 'https://randomuser.me/api/portraits/med/men/61.jpg', 'thumbnail': 'https://randomuser.me/api/portraits/thumb/men/61.jpg'}, 'nat': 'ES'}], 'info': {'seed': 'faa76a4e39a46140', 'results': 1, 'page': 1, 'version': '1.4'}}</msg>
<arg>${json_data}</arg>
<doc>Logs the given message with the given level.</doc>
<status status="PASS" start="2024-04-27T19:10:41.066709" elapsed="0.000205"/>
</kw>
<kw name="Dictionary Should Contain Key" owner="Collections">
<msg time="2024-04-27T19:10:41.067357" level="INFO">False</msg>
<arg>${json_data}</arg>
<arg>results</arg>
<doc>Fails if ``key`` is not found from ``dictionary``.</doc>
<status status="PASS" start="2024-04-27T19:10:41.067207" elapsed="0.000186"/>
</kw>
<kw name="Should Not Be Empty" owner="BuiltIn">
<msg time="2024-04-27T19:10:41.067814" level="INFO">Length is 2.</msg>
<arg>${json_data}</arg>
<doc>Verifies that the given item is not empty.</doc>
<status status="PASS" start="2024-04-27T19:10:41.067678" elapsed="0.000288"/>
</kw>
<kw name="Create List" owner="BuiltIn">
<msg time="2024-04-27T19:10:41.068408" level="INFO">${expected_keys} = ['gender', 'name', 'location', 'email', 'login']</msg>
<var>${expected_keys}</var>
<arg>gender</arg>
<arg>name</arg>
<arg>location</arg>
<arg>email</arg>
<arg>login</arg>
<doc>Returns a list containing given items.</doc>
<status status="PASS" start="2024-04-27T19:10:41.068257" elapsed="0.000174"/>
</kw>
<for flavor="IN">
<iter>
<kw name="Dictionary Should Contain Key" owner="Collections">
<msg time="2024-04-27T19:10:41.069407" level="INFO">False</msg>
<arg>${json_data['results'][0]}</arg>
<arg>${key}</arg>
<doc>Fails if ``key`` is not found from ``dictionary``.</doc>
<status status="PASS" start="2024-04-27T19:10:41.069007" elapsed="0.000437"/>
</kw>
<kw name="Log" owner="BuiltIn">
<msg time="2024-04-27T19:10:41.070113" level="INFO">{'gender': 'male', 'name': {'title': 'Mr', 'first': 'Carmelo', 'last': 'Herrero'}, 'location': {'street': {'number': 450, 'name': 'Calle de Ángel García'}, 'city': 'Gijón', 'state': 'Aragón', 'country': 'Spain', 'postcode': 48034, 'coordinates': {'latitude': '-35.5500', 'longitude': '-111.4016'}, 'timezone': {'offset': '-1:00', 'description': 'Azores, Cape Verde Islands'}}, 'email': 'carmelo.herrero@example.com', 'login': {'uuid': '3660b516-b70a-4542-a523-0b196ab35eca', 'username': 'blackduck115', 'password': 'flash', 'salt': 'UDbOvpi3', 'md5': '89a1d1a6b7473dff383a2a3827e9eca6', 'sha1': 'ace310a1d153b119547f129666f61306c0322b60', 'sha256': '6c89151e55bdc04045f3d83893e877fa41a40b2ddf3da71da702d1e9a99f823e'}, 'dob': {'date': '1984-04-30T13:09:05.827Z', 'age': 39}, 'registered': {'date': '2003-12-24T21:54:35.802Z', 'age': 20}, 'phone': '946-723-976', 'cell': '663-450-213', 'id': {'name': 'DNI', 'value': '19476233-M'}, 'picture': {'large': 'https://randomuser.me/api/portraits/men/61.jpg', 'medium': 'https://randomuser.me/api/portraits/med/men/61.jpg', 'thumbnail': 'https://randomuser.me/api/portraits/thumb/men/61.jpg'}, 'nat': 'ES'}</msg>
<arg>${json_data['results'][0]}</arg>
<doc>Logs the given message with the given level.</doc>
<status status="PASS" start="2024-04-27T19:10:41.069744" elapsed="0.000417"/>
</kw>
<kw name="Log" owner="BuiltIn">
<msg time="2024-04-27T19:10:41.070576" level="INFO">gender</msg>
<arg>${key}</arg>
<doc>Logs the given message with the given level.</doc>
<status status="PASS" start="2024-04-27T19:10:41.070452" elapsed="0.000159"/>
</kw>
<var name="${key}">gender</var>
<status status="PASS" start="2024-04-27T19:10:41.068886" elapsed="0.001935"/>
</iter>
<iter>
<kw name="Dictionary Should Contain Key" owner="Collections">
<msg time="2024-04-27T19:10:41.071488" level="INFO">False</msg>
<arg>${json_data['results'][0]}</arg>
<arg>${key}</arg>
<doc>Fails if ``key`` is not found from ``dictionary``.</doc>
<status status="PASS" start="2024-04-27T19:10:41.071115" elapsed="0.000409"/>
</kw>
<kw name="Log" owner="BuiltIn">
<msg time="2024-04-27T19:10:41.072201" level="INFO">{'gender': 'male', 'name': {'title': 'Mr', 'first': 'Carmelo', 'last': 'Herrero'}, 'location': {'street': {'number': 450, 'name': 'Calle de Ángel García'}, 'city': 'Gijón', 'state': 'Aragón', 'country': 'Spain', 'postcode': 48034, 'coordinates': {'latitude': '-35.5500', 'longitude': '-111.4016'}, 'timezone': {'offset': '-1:00', 'description': 'Azores, Cape Verde Islands'}}, 'email': 'carmelo.herrero@example.com', 'login': {'uuid': '3660b516-b70a-4542-a523-0b196ab35eca', 'username': 'blackduck115', 'password': 'flash', 'salt': 'UDbOvpi3', 'md5': '89a1d1a6b7473dff383a2a3827e9eca6', 'sha1': 'ace310a1d153b119547f129666f61306c0322b60', 'sha256': '6c89151e55bdc04045f3d83893e877fa41a40b2ddf3da71da702d1e9a99f823e'}, 'dob': {'date': '1984-04-30T13:09:05.827Z', 'age': 39}, 'registered': {'date': '2003-12-24T21:54:35.802Z', 'age': 20}, 'phone': '946-723-976', 'cell': '663-450-213', 'id': {'name': 'DNI', 'value': '19476233-M'}, 'picture': {'large': 'https://randomuser.me/api/portraits/men/61.jpg', 'medium': 'https://randomuser.me/api/portraits/med/men/61.jpg', 'thumbnail': 'https://randomuser.me/api/portraits/thumb/men/61.jpg'}, 'nat': 'ES'}</msg>
<arg>${json_data['results'][0]}</arg>
<doc>Logs the given message with the given level.</doc>
<status status="PASS" start="2024-04-27T19:10:41.071838" elapsed="0.000411"/>
</kw>
<kw name="Log" owner="BuiltIn">
<msg time="2024-04-27T19:10:41.072683" level="INFO">name</msg>
<arg>${key}</arg>
<doc>Logs the given message with the given level.</doc>
<status status="PASS" start="2024-04-27T19:10:41.072540" elapsed="0.000182"/>
</kw>
<var name="${key}">name</var>
<status status="PASS" start="2024-04-27T19:10:41.071002" elapsed="0.001933"/>
</iter>
<iter>
<kw name="Dictionary Should Contain Key" owner="Collections">
<msg time="2024-04-27T19:10:41.073597" level="INFO">False</msg>
<arg>${json_data['results'][0]}</arg>
<arg>${key}</arg>
<doc>Fails if ``key`` is not found from ``dictionary``.</doc>
<status status="PASS" start="2024-04-27T19:10:41.073217" elapsed="0.000415"/>
</kw>
<kw name="Log" owner="BuiltIn">
<msg time="2024-04-27T19:10:41.074288" level="INFO">{'gender': 'male', 'name': {'title': 'Mr', 'first': 'Carmelo', 'last': 'Herrero'}, 'location': {'street': {'number': 450, 'name': 'Calle de Ángel García'}, 'city': 'Gijón', 'state': 'Aragón', 'country': 'Spain', 'postcode': 48034, 'coordinates': {'latitude': '-35.5500', 'longitude': '-111.4016'}, 'timezone': {'offset': '-1:00', 'description': 'Azores, Cape Verde Islands'}}, 'email': 'carmelo.herrero@example.com', 'login': {'uuid': '3660b516-b70a-4542-a523-0b196ab35eca', 'username': 'blackduck115', 'password': 'flash', 'salt': 'UDbOvpi3', 'md5': '89a1d1a6b7473dff383a2a3827e9eca6', 'sha1': 'ace310a1d153b119547f129666f61306c0322b60', 'sha256': '6c89151e55bdc04045f3d83893e877fa41a40b2ddf3da71da702d1e9a99f823e'}, 'dob': {'date': '1984-04-30T13:09:05.827Z', 'age': 39}, 'registered': {'date': '2003-12-24T21:54:35.802Z', 'age': 20}, 'phone': '946-723-976', 'cell': '663-450-213', 'id': {'name': 'DNI', 'value': '19476233-M'}, 'picture': {'large': 'https://randomuser.me/api/portraits/men/61.jpg', 'medium': 'https://randomuser.me/api/portraits/med/men/61.jpg', 'thumbnail': 'https://randomuser.me/api/portraits/thumb/men/61.jpg'}, 'nat': 'ES'}</msg>
<arg>${json_data['results'][0]}</arg>
<doc>Logs the given message with the given level.</doc>
<status status="PASS" start="2024-04-27T19:10:41.073929" elapsed="0.000405"/>
</kw>
<kw name="Log" owner="BuiltIn">
<msg time="2024-04-27T19:10:41.074749" level="INFO">location</msg>
<arg>${key}</arg>
<doc>Logs the given message with the given level.</doc>
<status status="PASS" start="2024-04-27T19:10:41.074627" elapsed="0.000157"/>
</kw>
<var name="${key}">location</var>
<status status="PASS" start="2024-04-27T19:10:41.073108" elapsed="0.001885"/>
</iter>
<iter>
<kw name="Dictionary Should Contain Key" owner="Collections">
<msg time="2024-04-27T19:10:41.075648" level="INFO">False</msg>
<arg>${json_data['results'][0]}</arg>
<arg>${key}</arg>
<doc>Fails if ``key`` is not found from ``dictionary``.</doc>
<status status="PASS" start="2024-04-27T19:10:41.075268" elapsed="0.000416"/>
</kw>
<kw name="Log" owner="BuiltIn">
<msg time="2024-04-27T19:10:41.076326" level="INFO">{'gender': 'male', 'name': {'title': 'Mr', 'first': 'Carmelo', 'last': 'Herrero'}, 'location': {'street': {'number': 450, 'name': 'Calle de Ángel García'}, 'city': 'Gijón', 'state': 'Aragón', 'country': 'Spain', 'postcode': 48034, 'coordinates': {'latitude': '-35.5500', 'longitude': '-111.4016'}, 'timezone': {'offset': '-1:00', 'description': 'Azores, Cape Verde Islands'}}, 'email': 'carmelo.herrero@example.com', 'login': {'uuid': '3660b516-b70a-4542-a523-0b196ab35eca', 'username': 'blackduck115', 'password': 'flash', 'salt': 'UDbOvpi3', 'md5': '89a1d1a6b7473dff383a2a3827e9eca6', 'sha1': 'ace310a1d153b119547f129666f61306c0322b60', 'sha256': '6c89151e55bdc04045f3d83893e877fa41a40b2ddf3da71da702d1e9a99f823e'}, 'dob': {'date': '1984-04-30T13:09:05.827Z', 'age': 39}, 'registered': {'date': '2003-12-24T21:54:35.802Z', 'age': 20}, 'phone': '946-723-976', 'cell': '663-450-213', 'id': {'name': 'DNI', 'value': '19476233-M'}, 'picture': {'large': 'https://randomuser.me/api/portraits/men/61.jpg', 'medium': 'https://randomuser.me/api/portraits/med/men/61.jpg', 'thumbnail': 'https://randomuser.me/api/portraits/thumb/men/61.jpg'}, 'nat': 'ES'}</msg>
<arg>${json_data['results'][0]}</arg>
<doc>Logs the given message with the given level.</doc>
<status status="PASS" start="2024-04-27T19:10:41.075972" elapsed="0.000401"/>
</kw>
<kw name="Log" owner="BuiltIn">
<msg time="2024-04-27T19:10:41.076804" level="INFO">email</msg>
<arg>${key}</arg>
<doc>Logs the given message with the given level.</doc>
<status status="PASS" start="2024-04-27T19:10:41.076677" elapsed="0.000165"/>
</kw>
<var name="${key}">email</var>
<status status="PASS" start="2024-04-27T19:10:41.075161" elapsed="0.001905"/>
</iter>
<iter>
<kw name="Dictionary Should Contain Key" owner="Collections">
<msg time="2024-04-27T19:10:41.077725" level="INFO">False</msg>
<arg>${json_data['results'][0]}</arg>
<arg>${key}</arg>
<doc>Fails if ``key`` is not found from ``dictionary``.</doc>
<status status="PASS" start="2024-04-27T19:10:41.077346" elapsed="0.000416"/>
</kw>
<kw name="Log" owner="BuiltIn">
<msg time="2024-04-27T19:10:41.078420" level="INFO">{'gender': 'male', 'name': {'title': 'Mr', 'first': 'Carmelo', 'last': 'Herrero'}, 'location': {'street': {'number': 450, 'name': 'Calle de Ángel García'}, 'city': 'Gijón', 'state': 'Aragón', 'country': 'Spain', 'postcode': 48034, 'coordinates': {'latitude': '-35.5500', 'longitude': '-111.4016'}, 'timezone': {'offset': '-1:00', 'description': 'Azores, Cape Verde Islands'}}, 'email': 'carmelo.herrero@example.com', 'login': {'uuid': '3660b516-b70a-4542-a523-0b196ab35eca', 'username': 'blackduck115', 'password': 'flash', 'salt': 'UDbOvpi3', 'md5': '89a1d1a6b7473dff383a2a3827e9eca6', 'sha1': 'ace310a1d153b119547f129666f61306c0322b60', 'sha256': '6c89151e55bdc04045f3d83893e877fa41a40b2ddf3da71da702d1e9a99f823e'}, 'dob': {'date': '1984-04-30T13:09:05.827Z', 'age': 39}, 'registered': {'date': '2003-12-24T21:54:35.802Z', 'age': 20}, 'phone': '946-723-976', 'cell': '663-450-213', 'id': {'name': 'DNI', 'value': '19476233-M'}, 'picture': {'large': 'https://randomuser.me/api/portraits/men/61.jpg', 'medium': 'https://randomuser.me/api/portraits/med/men/61.jpg', 'thumbnail': 'https://randomuser.me/api/portraits/thumb/men/61.jpg'}, 'nat': 'ES'}</msg>
<arg>${json_data['results'][0]}</arg>
<doc>Logs the given message with the given level.</doc>
<status status="PASS" start="2024-04-27T19:10:41.078052" elapsed="0.000415"/>
</kw>
<kw name="Log" owner="BuiltIn">
<msg time="2024-04-27T19:10:41.078883" level="INFO">login</msg>
<arg>${key}</arg>
<doc>Logs the given message with the given level.</doc>
<status status="PASS" start="2024-04-27T19:10:41.078759" elapsed="0.000161"/>
</kw>
<var name="${key}">login</var>
<status status="PASS" start="2024-04-27T19:10:41.077239" elapsed="0.001914"/>
</iter>
<var>${key}</var>
<value>@{expected_keys}</value>
<status status="PASS" start="2024-04-27T19:10:41.068706" elapsed="0.010569"/>
</for>
<kw name="Create List" owner="BuiltIn">
<msg time="2024-04-27T19:10:41.079590" level="INFO">${expected_keysTwo} = ['username', 'password']</msg>
<var>${expected_keysTwo}</var>
<arg>username</arg>
<arg>password</arg>
<doc>Returns a list containing given items.</doc>
<status status="PASS" start="2024-04-27T19:10:41.079458" elapsed="0.000154"/>
</kw>
<for flavor="IN">
<iter>
<kw name="Dictionary Should Contain Key" owner="Collections">
<msg time="2024-04-27T19:10:41.080485" level="INFO">False</msg>
<arg>${json_data['results'][0]['login']}</arg>
<arg>${keyTwo}</arg>
<doc>Fails if ``key`` is not found from ``dictionary``.</doc>
<status status="PASS" start="2024-04-27T19:10:41.080101" elapsed="0.000421"/>
</kw>
<kw name="Dictionary Should Contain Key" owner="Collections">
<msg time="2024-04-27T19:10:41.081216" level="INFO">False</msg>
<arg>${json_data['results'][0]['login']}</arg>
<arg>${keyTwo}</arg>
<doc>Fails if ``key`` is not found from ``dictionary``.</doc>
<status status="PASS" start="2024-04-27T19:10:41.080834" elapsed="0.000418"/>
</kw>
<kw name="Log" owner="BuiltIn">
<msg time="2024-04-27T19:10:41.081660" level="INFO">username</msg>
<arg>${keyTwo}</arg>
<doc>Logs the given message with the given level.</doc>
<status status="PASS" start="2024-04-27T19:10:41.081535" elapsed="0.000165"/>
</kw>
<var name="${keyTwo}">username</var>
<status status="PASS" start="2024-04-27T19:10:41.079995" elapsed="0.001918"/>
</iter>
<iter>
<kw name="Dictionary Should Contain Key" owner="Collections">
<msg time="2024-04-27T19:10:41.082648" level="INFO">False</msg>
<arg>${json_data['results'][0]['login']}</arg>
<arg>${keyTwo}</arg>
<doc>Fails if ``key`` is not found from ``dictionary``.</doc>
<status status="PASS" start="2024-04-27T19:10:41.082195" elapsed="0.000497"/>
</kw>
<kw name="Dictionary Should Contain Key" owner="Collections">
<msg time="2024-04-27T19:10:41.083360" level="INFO">False</msg>
<arg>${json_data['results'][0]['login']}</arg>
<arg>${keyTwo}</arg>
<doc>Fails if ``key`` is not found from ``dictionary``.</doc>
<status status="PASS" start="2024-04-27T19:10:41.082986" elapsed="0.000410"/>
</kw>
<kw name="Log" owner="BuiltIn">
<msg time="2024-04-27T19:10:41.083807" level="INFO">password</msg>
<arg>${keyTwo}</arg>
<doc>Logs the given message with the given level.</doc>
<status status="PASS" start="2024-04-27T19:10:41.083683" elapsed="0.000160"/>
</kw>
<var name="${keyTwo}">password</var>
<status status="PASS" start="2024-04-27T19:10:41.082081" elapsed="0.001972"/>
</iter>
<var>${keyTwo}</var>
<value>@{expected_keysTwo}</value>
<status status="PASS" start="2024-04-27T19:10:41.079845" elapsed="0.004325"/>
</for>
<status status="PASS" start="2024-04-27T19:10:40.966092" elapsed="0.118210"/>
</kw>
<doc>Testa a estrutura da resposta da API.</doc>
<tag>testeEstruturaResposta</tag>
<status status="PASS" start="2024-04-27T19:10:40.965640" elapsed="0.118803"/>
</test>
<test id="s1-s1-t4" name="Validar tipos de dados" line="28">
<kw name="Teste de Tipos de Dados" owner="random-user-service">
<kw name="GET On Session" owner="RequestsLibrary">
<msg time="2024-04-27T19:10:41.180909" level="INFO">GET Request : url=https://randomuser.me/api 
 path_url=/api 
 headers={'User-Agent': 'python-requests/2.31.0', 'Accept-Encoding': 'gzip, deflate', 'Accept': '*/*', 'Connection': 'keep-alive'} 
 body=None 
 </msg>
<msg time="2024-04-27T19:10:41.180994" level="INFO">GET Response : url=https://randomuser.me/api 
 status=200, reason=OK 
 headers={'Date': 'Sat, 27 Apr 2024 19:10:41 GMT', 'Content-Type': 'application/json; charset=utf-8', 'Transfer-Encoding': 'chunked', 'Connection': 'keep-alive', 'X-Powered-By': 'Express', 'Access-Control-Allow-Origin': '*', 'Cache-Control': 'no-cache', 'ETag': 'W/"488-fYg7qnIWTVkDOQy8GD1npmKf1fk"', 'Vary': 'Accept-Encoding', 'Content-Encoding': 'gzip', 'CF-Cache-Status': 'DYNAMIC', 'Report-To': '{"endpoints":[{"url":"https:\\/\\/a.nel.cloudflare.com\\/report\\/v4?s=XtrFYjIpnXuIhbMJTTPHRei6YIAZpI%2BUUqKTULLelgRxgOuvwAY1P6UzlguyCryN7cLD%2BMnSIxHEr3pAqQsDVBJT%2FOsDWkp6YEPca5JkEb2vaC%2F8%2FnXcZZI8G2dr69pu"}],"group":"cf-nel","max_age":604800}', 'NEL': '{"success_fraction":0,"report_to":"cf-nel","max_age":604800}', 'Server': 'cloudflare', 'CF-RAY': '87b11d32c8c86206-ORD', 'alt-svc': 'h3=":443"; ma=86400'} 
 body={"results":[{"gender":"female","name":{"title":"Mrs","first":"Aubree","last":"Young"},"location":{"street":{"number":6755,"name":"Frederick Ave"},"city":"Borden","state":"Saskatchewan","country":"Canada","postcode":"S2I 1R3","coordinates":{"latitude":"-70.9503","longitude":"47.4163"},"timezone":{"offset":"+7:00","description":"Bangkok, Hanoi, Jakarta"}},"email":"aubree.young@example.com","login":{"uuid":"2f9ca71e-0692-42c7-92d2-deb87b8ebded","username":"blackswan943","password":"susan","salt":"zJijVDuj","md5":"546cf5a046513a2d5595795bdd12c79f","sha1":"098ef828c3154496050640c3e8819a3275b799c7","sha256":"a59e77610283b13560cbe4e13ae3f85b4202e89433f17657ce8e669f8910671b"},"dob":{"date":"1985-05-06T16:57:43.971Z","age":38},"registered":{"date":"2012-12-11T20:57:35.706Z","age":11},"phone":"T59 T88-8707","cell":"T00 V71-2794","id":{"name":"SIN","value":"296903495"},"picture":{"large":"https://randomuser.me/api/portraits/women/43.jpg","medium":"https://randomuser.me/api/portraits/med/women/43.jpg","thumbnail":"https://randomuser.me/api/portraits/thumb/women/43.jpg"},"nat":"CA"}],"info":{"seed":"f2e50cf58bfd9437","results":1,"page":1,"version":"1.4"}} 
 </msg>
<msg time="2024-04-27T19:10:41.181070" level="INFO">/opt/hostedtoolcache/Python/3.12.3/x64/lib/python3.12/site-packages/urllib3/connectionpool.py:1103: InsecureRequestWarning: Unverified HTTPS request is being made to host 'randomuser.me'. Adding certificate verification is strongly advised. See: https://urllib3.readthedocs.io/en/latest/advanced-usage.html#tls-warnings
  warnings.warn(</msg>
<msg time="2024-04-27T19:10:41.181189" level="INFO">${response} = &lt;Response [200]&gt;</msg>
<var>${response}</var>
<arg>consultarAPI</arg>
<arg>/api</arg>
<doc>Sends a GET request on a previously created HTTP Session.</doc>
<status status="PASS" start="2024-04-27T19:10:41.086826" elapsed="0.094418"/>
</kw>
<kw name="Set Variable" owner="BuiltIn">
<msg time="2024-04-27T19:10:41.182351" level="INFO">${json_data} = {'results': [{'gender': 'female', 'name': {'title': 'Mrs', 'first': 'Aubree', 'last': 'Young'}, 'location': {'street': {'number': 6755, 'name': 'Frederick Ave'}, 'city': 'Borden', 'state': 'Saskatchew...</msg>
<var>${json_data}</var>
<arg>${response.json()}</arg>
<doc>Returns the given values which can then be assigned to a variables.</doc>
<status status="PASS" start="2024-04-27T19:10:41.181758" elapsed="0.000622"/>
</kw>
<kw name="Log" owner="BuiltIn">
<msg time="2024-04-27T19:10:41.182840" level="INFO">{'results': [{'gender': 'female', 'name': {'title': 'Mrs', 'first': 'Aubree', 'last': 'Young'}, 'location': {'street': {'number': 6755, 'name': 'Frederick Ave'}, 'city': 'Borden', 'state': 'Saskatchewan', 'country': 'Canada', 'postcode': 'S2I 1R3', 'coordinates': {'latitude': '-70.9503', 'longitude': '47.4163'}, 'timezone': {'offset': '+7:00', 'description': 'Bangkok, Hanoi, Jakarta'}}, 'email': 'aubree.young@example.com', 'login': {'uuid': '2f9ca71e-0692-42c7-92d2-deb87b8ebded', 'username': 'blackswan943', 'password': 'susan', 'salt': 'zJijVDuj', 'md5': '546cf5a046513a2d5595795bdd12c79f', 'sha1': '098ef828c3154496050640c3e8819a3275b799c7', 'sha256': 'a59e77610283b13560cbe4e13ae3f85b4202e89433f17657ce8e669f8910671b'}, 'dob': {'date': '1985-05-06T16:57:43.971Z', 'age': 38}, 'registered': {'date': '2012-12-11T20:57:35.706Z', 'age': 11}, 'phone': 'T59 T88-8707', 'cell': 'T00 V71-2794', 'id': {'name': 'SIN', 'value': '296903495'}, 'picture': {'large': 'https://randomuser.me/api/portraits/women/43.jpg', 'medium': 'https://randomuser.me/api/portraits/med/women/43.jpg', 'thumbnail': 'https://randomuser.me/api/portraits/thumb/women/43.jpg'}, 'nat': 'CA'}], 'info': {'seed': 'f2e50cf58bfd9437', 'results': 1, 'page': 1, 'version': '1.4'}}</msg>
<arg>${json_data}</arg>
<doc>Logs the given message with the given level.</doc>
<status status="PASS" start="2024-04-27T19:10:41.182687" elapsed="0.000231"/>
</kw>
<kw name="Should Be String" owner="String">
<arg>${json_data['results'][0]['gender']}</arg>
<doc>Fails if the given ``item`` is not a string.</doc>
<status status="PASS" start="2024-04-27T19:10:41.183217" elapsed="0.000360"/>
</kw>
<kw name="Should Match Regexp" owner="BuiltIn">
<arg>${json_data['results'][0]['email']}</arg>
<arg>^[a-zA-Z0-9._%+-]+@[a-zA-Z0-9.-]+\.[a-zA-Z]{2,}$</arg>
<doc>Fails if ``string`` does not match ``pattern`` as a regular expression.</doc>
<status status="PASS" start="2024-04-27T19:10:41.183767" elapsed="0.000502"/>
</kw>
<kw name="Should Match Regexp" owner="BuiltIn">
<arg>${json_data['results'][0]['dob']['date']}</arg>
<arg>\\d{4}-\\d{2}-\\d{2}T\\d{2}:\\d{2}:\\d{2}\\.\\d{3}Z</arg>
<doc>Fails if ``string`` does not match ``pattern`` as a regular expression.</doc>
<status status="PASS" start="2024-04-27T19:10:41.184462" elapsed="0.000527"/>
</kw>
<kw name="Should Match Regexp" owner="BuiltIn">
<arg>${json_data['results'][0]['registered']['date']}</arg>
<arg>\\d{4}-\\d{2}-\\d{2}T\\d{2}:\\d{2}:\\d{2}\\.\\d{3}Z</arg>
<doc>Fails if ``string`` does not match ``pattern`` as a regular expression.</doc>
<status status="PASS" start="2024-04-27T19:10:41.185182" elapsed="0.000365"/>
</kw>
<kw name="Should Match Regexp" owner="BuiltIn">
<arg>${json_data['results'][0]['picture']['large']}</arg>
<arg>^https?://.*\.(?:png|jpe?g|gif|bmp)$</arg>
<doc>Fails if ``string`` does not match ``pattern`` as a regular expression.</doc>
<status status="PASS" start="2024-04-27T19:10:41.185733" elapsed="0.000462"/>
</kw>
<kw name="Should Match Regexp" owner="BuiltIn">
<arg>${json_data['results'][0]['picture']['medium']}</arg>
<arg>^https?://.*\.(?:png|jpe?g|gif|bmp)$</arg>
<doc>Fails if ``string`` does not match ``pattern`` as a regular expression.</doc>
<status status="PASS" start="2024-04-27T19:10:41.186380" elapsed="0.000360"/>
</kw>
<kw name="Should Match Regexp" owner="BuiltIn">
<arg>${json_data['results'][0]['picture']['thumbnail']}</arg>
<arg>^https?://.*\.(?:png|jpe?g|gif|bmp)$</arg>
<doc>Fails if ``string`` does not match ``pattern`` as a regular expression.</doc>
<status status="PASS" start="2024-04-27T19:10:41.186927" elapsed="0.000347"/>
</kw>
<kw name="Log" owner="BuiltIn">
<msg time="2024-04-27T19:10:41.187766" level="INFO">{'large': 'https://randomuser.me/api/portraits/women/43.jpg', 'medium': 'https://randomuser.me/api/portraits/med/women/43.jpg', 'thumbnail': 'https://randomuser.me/api/portraits/thumb/women/43.jpg'}</msg>
<arg>${json_data['results'][0]['picture']}</arg>
<doc>Logs the given message with the given level.</doc>
<status status="PASS" start="2024-04-27T19:10:41.187448" elapsed="0.000357"/>
</kw>
<status status="PASS" start="2024-04-27T19:10:41.086610" elapsed="0.101442"/>
</kw>
<kw name="Teste de Tipos de Dados - Postcode" owner="random-user-service">
<kw name="GET On Session" owner="RequestsLibrary">
<msg time="2024-04-27T19:10:41.266590" level="INFO">GET Request : url=https://randomuser.me/api 
 path_url=/api 
 headers={'User-Agent': 'python-requests/2.31.0', 'Accept-Encoding': 'gzip, deflate', 'Accept': '*/*', 'Connection': 'keep-alive'} 
 body=None 
 </msg>
<msg time="2024-04-27T19:10:41.266652" level="INFO">GET Response : url=https://randomuser.me/api 
 status=200, reason=OK 
 headers={'Date': 'Sat, 27 Apr 2024 19:10:41 GMT', 'Content-Type': 'application/json; charset=utf-8', 'Transfer-Encoding': 'chunked', 'Connection': 'keep-alive', 'X-Powered-By': 'Express', 'Access-Control-Allow-Origin': '*', 'Cache-Control': 'no-cache', 'ETag': 'W/"490-98JkTiNjrDgQZZ/wWLNLxaYcsqY"', 'Vary': 'Accept-Encoding', 'Content-Encoding': 'gzip', 'CF-Cache-Status': 'DYNAMIC', 'Report-To': '{"endpoints":[{"url":"https:\\/\\/a.nel.cloudflare.com\\/report\\/v4?s=cE4cekTL0w0SfSIyHUmWr5WnusJf1NuURi4ZTdM1OYFSNzj8dXmjBw4n1994JZLZageZwpqs%2Bbd1%2FRHvxM3fSnJvUYUfhyIhYmmIrX%2FiqMNlgnKmTCqwHJAvzX9g36r3"}],"group":"cf-nel","max_age":604800}', 'NEL': '{"success_fraction":0,"report_to":"cf-nel","max_age":604800}', 'Server': 'cloudflare', 'CF-RAY': '87b11d3369816206-ORD', 'alt-svc': 'h3=":443"; ma=86400'} 
 body={"results":[{"gender":"male","name":{"title":"Mr","first":"Volelyub","last":"Bilozir"},"location":{"street":{"number":9174,"name":"Kuznevicha"},"city":"Uman","state":"Avtonomna Respublika Krim","country":"Ukraine","postcode":13479,"coordinates":{"latitude":"79.8908","longitude":"-107.9743"},"timezone":{"offset":"-3:00","description":"Brazil, Buenos Aires, Georgetown"}},"email":"volelyub.bilozir@example.com","login":{"uuid":"315e7e00-02f5-4970-b553-c2dc7d1d35ec","username":"goldenduck828","password":"fresh","salt":"bk0wKBb0","md5":"81e85655f42947f1ab1cb5c3d5d1ba89","sha1":"abdce443b1821b2582d050a6041f342f52ce5f47","sha256":"71d57d780e9606c1bffa6025b2da335850f47cf3572125500e8276592b7986b0"},"dob":{"date":"1954-02-01T20:04:12.849Z","age":70},"registered":{"date":"2019-08-26T21:53:32.280Z","age":4},"phone":"(096) V08-2397","cell":"(068) U39-8639","id":{"name":"","value":null},"picture":{"large":"https://randomuser.me/api/portraits/men/81.jpg","medium":"https://randomuser.me/api/portraits/med/men/81.jpg","thumbnail":"https://randomuser.me/api/portraits/thumb/men/81.jpg"},"nat":"UA"}],"info":{"seed":"4648c630685ad6dd","results":1,"page":1,"version":"1.4"}} 
 </msg>
<msg time="2024-04-27T19:10:41.266707" level="INFO">/opt/hostedtoolcache/Python/3.12.3/x64/lib/python3.12/site-packages/urllib3/connectionpool.py:1103: InsecureRequestWarning: Unverified HTTPS request is being made to host 'randomuser.me'. Adding certificate verification is strongly advised. See: https://urllib3.readthedocs.io/en/latest/advanced-usage.html#tls-warnings
  warnings.warn(</msg>
<msg time="2024-04-27T19:10:41.266791" level="INFO">${response} = &lt;Response [200]&gt;</msg>
<var>${response}</var>
<arg>consultarAPI</arg>
<arg>/api</arg>
<doc>Sends a GET request on a previously created HTTP Session.</doc>
<status status="PASS" start="2024-04-27T19:10:41.188481" elapsed="0.078349"/>
</kw>
<kw name="Set Variable" owner="BuiltIn">
<msg time="2024-04-27T19:10:41.267889" level="INFO">${json_data} = {'results': [{'gender': 'male', 'name': {'title': 'Mr', 'first': 'Volelyub', 'last': 'Bilozir'}, 'location': {'street': {'number': 9174, 'name': 'Kuznevicha'}, 'city': 'Uman', 'state': 'Avtonomna Resp...</msg>
<var>${json_data}</var>
<arg>${response.json()}</arg>
<doc>Returns the given values which can then be assigned to a variables.</doc>
<status status="PASS" start="2024-04-27T19:10:41.267290" elapsed="0.000627"/>
</kw>
<kw name="Log" owner="BuiltIn">
<msg time="2024-04-27T19:10:41.268374" level="INFO">{'results': [{'gender': 'male', 'name': {'title': 'Mr', 'first': 'Volelyub', 'last': 'Bilozir'}, 'location': {'street': {'number': 9174, 'name': 'Kuznevicha'}, 'city': 'Uman', 'state': 'Avtonomna Respublika Krim', 'country': 'Ukraine', 'postcode': 13479, 'coordinates': {'latitude': '79.8908', 'longitude': '-107.9743'}, 'timezone': {'offset': '-3:00', 'description': 'Brazil, Buenos Aires, Georgetown'}}, 'email': 'volelyub.bilozir@example.com', 'login': {'uuid': '315e7e00-02f5-4970-b553-c2dc7d1d35ec', 'username': 'goldenduck828', 'password': 'fresh', 'salt': 'bk0wKBb0', 'md5': '81e85655f42947f1ab1cb5c3d5d1ba89', 'sha1': 'abdce443b1821b2582d050a6041f342f52ce5f47', 'sha256': '71d57d780e9606c1bffa6025b2da335850f47cf3572125500e8276592b7986b0'}, 'dob': {'date': '1954-02-01T20:04:12.849Z', 'age': 70}, 'registered': {'date': '2019-08-26T21:53:32.280Z', 'age': 4}, 'phone': '(096) V08-2397', 'cell': '(068) U39-8639', 'id': {'name': '', 'value': None}, 'picture': {'large': 'https://randomuser.me/api/portraits/men/81.jpg', 'medium': 'https://randomuser.me/api/portraits/med/men/81.jpg', 'thumbnail': 'https://randomuser.me/api/portraits/thumb/men/81.jpg'}, 'nat': 'UA'}], 'info': {'seed': '4648c630685ad6dd', 'results': 1, 'page': 1, 'version': '1.4'}}</msg>
<arg>${json_data}</arg>
<doc>Logs the given message with the given level.</doc>
<status status="PASS" start="2024-04-27T19:10:41.268223" elapsed="0.000226"/>
</kw>
<kw name="Should Be Equal As Numbers" owner="BuiltIn">
<arg>${json_data['results'][0]['location']['postcode']}</arg>
<arg>${json_data['results'][0]['location']['postcode']}</arg>
<doc>Fails if objects are unequal after converting them to real numbers.</doc>
<status status="PASS" start="2024-04-27T19:10:41.268917" elapsed="0.000618"/>
</kw>
<kw name="Log" owner="BuiltIn">
<msg time="2024-04-27T19:10:41.270070" level="INFO">13479</msg>
<arg>${json_data['results'][0]['location']['postcode']}</arg>
<doc>Logs the given message with the given level.</doc>
<status status="PASS" start="2024-04-27T19:10:41.269733" elapsed="0.000377"/>
</kw>
<status status="PASS" start="2024-04-27T19:10:41.188260" elapsed="0.082100"/>
</kw>
<doc>Testa se os tipos de dados na resposta da API estão corretos.</doc>
<tag>testeTiposDados</tag>
<status status="PASS" start="2024-04-27T19:10:41.086200" elapsed="0.184315"/>
</test>
<test id="s1-s1-t5" name="Validar conteudo" line="35">
<kw name="Teste de Tipos de Conteudo" owner="random-user-service">
<kw name="GET On Session" owner="RequestsLibrary">
<msg time="2024-04-27T19:10:41.367306" level="INFO">GET Request : url=https://randomuser.me/api 
 path_url=/api 
 headers={'User-Agent': 'python-requests/2.31.0', 'Accept-Encoding': 'gzip, deflate', 'Accept': '*/*', 'Connection': 'keep-alive'} 
 body=None 
 </msg>
<msg time="2024-04-27T19:10:41.367390" level="INFO">GET Response : url=https://randomuser.me/api 
 status=200, reason=OK 
 headers={'Date': 'Sat, 27 Apr 2024 19:10:41 GMT', 'Content-Type': 'application/json; charset=utf-8', 'Transfer-Encoding': 'chunked', 'Connection': 'keep-alive', 'X-Powered-By': 'Express', 'Access-Control-Allow-Origin': '*', 'Cache-Control': 'no-cache', 'ETag': 'W/"48f-HRHQZH50yon5l3rj4ceY2oZzeTk"', 'Vary': 'Accept-Encoding', 'Content-Encoding': 'gzip', 'CF-Cache-Status': 'DYNAMIC', 'Report-To': '{"endpoints":[{"url":"https:\\/\\/a.nel.cloudflare.com\\/report\\/v4?s=SKTgo7rBlG7q1tYZO4d%2Ffc%2FU%2B7vcAXd1lVTaN8NL9y22je7J%2F3FDvsL2fYxjV0kqnPywhvvYOnI3AiZL2q9qyquhWx7KxRa%2FDHr3lEipMnqLNLvE%2BDwbGrzIv9YriZ5Z"}],"group":"cf-nel","max_age":604800}', 'NEL': '{"success_fraction":0,"report_to":"cf-nel","max_age":604800}', 'Server': 'cloudflare', 'CF-RAY': '87b11d33fa366206-ORD', 'alt-svc': 'h3=":443"; ma=86400'} 
 body={"results":[{"gender":"female","name":{"title":"Miss","first":"Victoria","last":"Poulsen"},"location":{"street":{"number":2953,"name":"Fynsgade"},"city":"Nr Åby","state":"Danmark","country":"Denmark","postcode":43697,"coordinates":{"latitude":"-43.7368","longitude":"157.0339"},"timezone":{"offset":"-3:00","description":"Brazil, Buenos Aires, Georgetown"}},"email":"victoria.poulsen@example.com","login":{"uuid":"fd454380-5c55-4319-8b2c-b32f4a251d02","username":"silverpeacock305","password":"bobafett","salt":"UvxpeMFT","md5":"a46c03b0ddba250e567606a5aa0599c6","sha1":"b2d4153a14b4a4f6e5d5919e9bd27d97add92226","sha256":"231814ff4f6e846306dd7f8169e700736df6b099e3e7a4640180ba1d9186c517"},"dob":{"date":"1952-05-28T02:45:56.316Z","age":71},"registered":{"date":"2021-05-08T12:12:29.965Z","age":2},"phone":"61308017","cell":"17482643","id":{"name":"CPR","value":"270552-2238"},"picture":{"large":"https://randomuser.me/api/portraits/women/29.jpg","medium":"https://randomuser.me/api/portraits/med/women/29.jpg","thumbnail":"https://randomuser.me/api/portraits/thumb/women/29.jpg"},"nat":"DK"}],"info":{"seed":"0771136d6bb99d08","results":1,"page":1,"version":"1.4"}} 
 </msg>
<msg time="2024-04-27T19:10:41.367465" level="INFO">/opt/hostedtoolcache/Python/3.12.3/x64/lib/python3.12/site-packages/urllib3/connectionpool.py:1103: InsecureRequestWarning: Unverified HTTPS request is being made to host 'randomuser.me'. Adding certificate verification is strongly advised. See: https://urllib3.readthedocs.io/en/latest/advanced-usage.html#tls-warnings
  warnings.warn(</msg>
<msg time="2024-04-27T19:10:41.367576" level="INFO">${response} = &lt;Response [200]&gt;</msg>
<var>${response}</var>
<arg>consultarAPI</arg>
<arg>/api</arg>
<doc>Sends a GET request on a previously created HTTP Session.</doc>
<status status="PASS" start="2024-04-27T19:10:41.273295" elapsed="0.094325"/>
</kw>
<kw name="Set Variable" owner="BuiltIn">
<msg time="2024-04-27T19:10:41.368708" level="INFO">${json_data} = {'results': [{'gender': 'female', 'name': {'title': 'Miss', 'first': 'Victoria', 'last': 'Poulsen'}, 'location': {'street': {'number': 2953, 'name': 'Fynsgade'}, 'city': 'Nr Åby', 'state': 'Danmark', ...</msg>
<var>${json_data}</var>
<arg>${response.json()}</arg>
<doc>Returns the given values which can then be assigned to a variables.</doc>
<status status="PASS" start="2024-04-27T19:10:41.368109" elapsed="0.000633"/>
</kw>
<kw name="Set Variable" owner="BuiltIn">
<msg time="2024-04-27T19:10:41.369438" level="INFO">${name_title} = Miss</msg>
<var>${name_title}</var>
<arg>${json_data["results"][0]["name"]["title"]}</arg>
<doc>Returns the given values which can then be assigned to a variables.</doc>
<status status="PASS" start="2024-04-27T19:10:41.369055" elapsed="0.000408"/>
</kw>
<kw name="Create List" owner="BuiltIn">
<msg time="2024-04-27T19:10:41.369902" level="INFO">${allowed_titles} = ['Mr', 'Ms', 'Miss', 'Mrs', 'Madame', 'Monsieur']</msg>
<var>${allowed_titles}</var>
<arg>Mr</arg>
<arg>Ms</arg>
<arg>Miss</arg>
<arg>Mrs</arg>
<arg>Madame</arg>
<arg>Monsieur</arg>
<doc>Returns a list containing given items.</doc>
<status status="PASS" start="2024-04-27T19:10:41.369758" elapsed="0.000167"/>
</kw>
<kw name="List Should Contain Value" owner="Collections">
<msg time="2024-04-27T19:10:41.370381" level="INFO">False</msg>
<arg>${allowed_titles}</arg>
<arg>${name_title}</arg>
<doc>Fails if the ``value`` is not found from ``list``.</doc>
<status status="PASS" start="2024-04-27T19:10:41.370217" elapsed="0.000199"/>
</kw>
<kw name="Set Variable" owner="BuiltIn">
<msg time="2024-04-27T19:10:41.371075" level="INFO">${name_country} = DK</msg>
<var>${name_country}</var>
<arg>${json_data["results"][0]["nat"]}</arg>
<doc>Returns the given values which can then be assigned to a variables.</doc>
<status status="PASS" start="2024-04-27T19:10:41.370702" elapsed="0.000398"/>
</kw>
<kw name="Create List" owner="BuiltIn">
<msg time="2024-04-27T19:10:41.371977" level="INFO">${list_country} = ['AD', 'AE', 'AF', 'AG', 'AI', 'AL', 'AM', 'AO', 'AQ', 'AR', 'AS', 'AT', 'AU', 'AW', 'AX', 'AZ', 'BA', 'BB', 'BD', 'BE', 'BF', 'BG', 'BH', 'BI', 'BJ', 'BL', 'BM', 'BN', 'BO', 'BQ', 'BR', 'BS', 'BT', '...</msg>
<var>${list_country}</var>
<arg>AD</arg>
<arg>AE</arg>
<arg>AF</arg>
<arg>AG</arg>
<arg>AI</arg>
<arg>AL</arg>
<arg>AM</arg>
<arg>AO</arg>
<arg>AQ</arg>
<arg>AR</arg>
<arg>AS</arg>
<arg>AT</arg>
<arg>AU</arg>
<arg>AW</arg>
<arg>AX</arg>
<arg>AZ</arg>
<arg>BA</arg>
<arg>BB</arg>
<arg>BD</arg>
<arg>BE</arg>
<arg>BF</arg>
<arg>BG</arg>
<arg>BH</arg>
<arg>BI</arg>
<arg>BJ</arg>
<arg>BL</arg>
<arg>BM</arg>
<arg>BN</arg>
<arg>BO</arg>
<arg>BQ</arg>
<arg>BR</arg>
<arg>BS</arg>
<arg>BT</arg>
<arg>BV</arg>
<arg>BW</arg>
<arg>BY</arg>
<arg>BZ</arg>
<arg>CA</arg>
<arg>CC</arg>
<arg>CD</arg>
<arg>CF</arg>
<arg>CG</arg>
<arg>CH</arg>
<arg>CI</arg>
<arg>CK</arg>
<arg>CL</arg>
<arg>CM</arg>
<arg>CN</arg>
<arg>CO</arg>
<arg>CR</arg>
<arg>CU</arg>
<arg>CV</arg>
<arg>CW</arg>
<arg>CX</arg>
<arg>CY</arg>
<arg>CZ</arg>
<arg>DE</arg>
<arg>DJ</arg>
<arg>DK</arg>
<arg>DM</arg>
<arg>DO</arg>
<arg>DZ</arg>
<arg>EC</arg>
<arg>EE</arg>
<arg>EG</arg>
<arg>EH</arg>
<arg>ER</arg>
<arg>ES</arg>
<arg>ET</arg>
<arg>FI</arg>
<arg>FJ</arg>
<arg>FK</arg>
<arg>FM</arg>
<arg>FO</arg>
<arg>FR</arg>
<arg>GA</arg>
<arg>GB</arg>
<arg>GD</arg>
<arg>GE</arg>
<arg>GF</arg>
<arg>GG</arg>
<arg>GH</arg>
<arg>GI</arg>
<arg>GL</arg>
<arg>GM</arg>
<arg>GN</arg>
<arg>GP</arg>
<arg>GQ</arg>
<arg>GR</arg>
<arg>GS</arg>
<arg>GT</arg>
<arg>GU</arg>
<arg>GW</arg>
<arg>GY</arg>
<arg>HK</arg>
<arg>HM</arg>
<arg>HN</arg>
<arg>HR</arg>
<arg>HT</arg>
<arg>HU</arg>
<arg>ID</arg>
<arg>IE</arg>
<arg>IL</arg>
<arg>IM</arg>
<arg>IN</arg>
<arg>IO</arg>
<arg>IQ</arg>
<arg>IR</arg>
<arg>IS</arg>
<arg>IT</arg>
<arg>JE</arg>
<arg>JM</arg>
<arg>JO</arg>
<arg>JP</arg>
<arg>KE</arg>
<arg>KG</arg>
<arg>KH</arg>
<arg>KI</arg>
<arg>KM</arg>
<arg>KN</arg>
<arg>KP</arg>
<arg>KR</arg>
<arg>KW</arg>
<arg>KY</arg>
<arg>KZ</arg>
<arg>LA</arg>
<arg>LB</arg>
<arg>LC</arg>
<arg>LI</arg>
<arg>LK</arg>
<arg>LR</arg>
<arg>LS</arg>
<arg>LT</arg>
<arg>LU</arg>
<arg>LV</arg>
<arg>LY</arg>
<arg>MA</arg>
<arg>MC</arg>
<arg>MD</arg>
<arg>ME</arg>
<arg>MF</arg>
<arg>MG</arg>
<arg>MH</arg>
<arg>MK</arg>
<arg>ML</arg>
<arg>MM</arg>
<arg>MN</arg>
<arg>MO</arg>
<arg>MP</arg>
<arg>MQ</arg>
<arg>MR</arg>
<arg>MS</arg>
<arg>MT</arg>
<arg>MU</arg>
<arg>MV</arg>
<arg>MW</arg>
<arg>MX</arg>
<arg>MY</arg>
<arg>MZ</arg>
<arg>NA</arg>
<arg>NC</arg>
<arg>NE</arg>
<arg>NF</arg>
<arg>NG</arg>
<arg>NI</arg>
<arg>NL</arg>
<arg>NO</arg>
<arg>NP</arg>
<arg>NR</arg>
<arg>NU</arg>
<arg>NZ</arg>
<arg>OM</arg>
<arg>PA</arg>
<arg>PE</arg>
<arg>PF</arg>
<arg>PG</arg>
<arg>PH</arg>
<arg>PK</arg>
<arg>PL</arg>
<arg>PM</arg>
<arg>PN</arg>
<arg>PR</arg>
<arg>PS</arg>
<arg>PT</arg>
<arg>PW</arg>
<arg>PY</arg>
<arg>QA</arg>
<arg>RE</arg>
<arg>RO</arg>
<arg>RS</arg>
<arg>RU</arg>
<arg>RW</arg>
<arg>SA</arg>
<arg>SB</arg>
<arg>SC</arg>
<arg>SD</arg>
<arg>SE</arg>
<arg>SG</arg>
<arg>SH</arg>
<arg>SI</arg>
<arg>SJ</arg>
<arg>SK</arg>
<arg>SL</arg>
<arg>SM</arg>
<arg>SN</arg>
<arg>SO</arg>
<arg>SR</arg>
<arg>SS</arg>
<arg>ST</arg>
<arg>SV</arg>
<arg>SX</arg>
<arg>SY</arg>
<arg>SZ</arg>
<arg>TC</arg>
<arg>TD</arg>
<arg>TF</arg>
<arg>TG</arg>
<arg>TH</arg>
<arg>TJ</arg>
<arg>TK</arg>
<arg>TL</arg>
<arg>TM</arg>
<arg>TN</arg>
<arg>TO</arg>
<arg>TR</arg>
<arg>TT</arg>
<arg>TV</arg>
<arg>TW</arg>
<arg>TZ</arg>
<arg>UA</arg>
<arg>UG</arg>
<arg>UM</arg>
<arg>US</arg>
<arg>UY</arg>
<arg>UZ</arg>
<arg>VA</arg>
<arg>VC</arg>
<arg>VE</arg>
<arg>VG</arg>
<arg>VI</arg>
<arg>VN</arg>
<arg>VU</arg>
<arg>WF</arg>
<arg>WS</arg>
<arg>XK</arg>
<arg>YE</arg>
<arg>YT</arg>
<arg>ZA</arg>
<arg>ZM</arg>
<arg>ZW</arg>
<doc>Returns a list containing given items.</doc>
<status status="PASS" start="2024-04-27T19:10:41.371394" elapsed="0.000607"/>
</kw>
<kw name="List Should Contain Value" owner="Collections">
<msg time="2024-04-27T19:10:41.373006" level="INFO">False</msg>
<arg>${list_country}</arg>
<arg>${name_country}</arg>
<doc>Fails if the ``value`` is not found from ``list``.</doc>
<status status="PASS" start="2024-04-27T19:10:41.372807" elapsed="0.000235"/>
</kw>
<kw name="Run Keyword If" owner="BuiltIn">
<kw name="Should Be True" owner="BuiltIn">
<arg>${True}</arg>
<doc>Fails if the given condition is not true.</doc>
<status status="PASS" start="2024-04-27T19:10:41.374091" elapsed="0.000239"/>
</kw>
<arg>${json_data["results"][0]["location"]["coordinates"]["latitude"]} &gt;= -90 and ${json_data["results"][0]["location"]["coordinates"]["latitude"]} &lt;= 90</arg>
<arg>Should Be True</arg>
<arg>${True}</arg>
<doc>Runs the given keyword with the given arguments, if ``condition`` is true.</doc>
<status status="PASS" start="2024-04-27T19:10:41.373347" elapsed="0.001114"/>
</kw>
<kw name="Run Keyword If" owner="BuiltIn">
<kw name="Should Be True" owner="BuiltIn">
<arg>${True}</arg>
<doc>Fails if the given condition is not true.</doc>
<status status="PASS" start="2024-04-27T19:10:41.375341" elapsed="0.000136"/>
</kw>
<arg>${json_data["results"][0]["location"]["coordinates"]["longitude"]} &gt;= -180 and ${json_data["results"][0]["location"]["coordinates"]["longitude"]} &lt;= 180</arg>
<arg>Should Be True</arg>
<arg>${True}</arg>
<doc>Runs the given keyword with the given arguments, if ``condition`` is true.</doc>
<status status="PASS" start="2024-04-27T19:10:41.374647" elapsed="0.000951"/>
</kw>
<status status="PASS" start="2024-04-27T19:10:41.272929" elapsed="0.102795"/>
</kw>
<doc>Testa o conteúdo específico dos campos retornados pela API.</doc>
<tag>testeConteudo</tag>
<status status="PASS" start="2024-04-27T19:10:41.272266" elapsed="0.103595"/>
</test>
<status status="PASS" start="2024-04-27T19:10:40.553699" elapsed="0.824071"/>
</suite>
<status status="PASS" start="2024-04-27T19:10:40.538643" elapsed="0.844244"/>
</suite>
<statistics>
<total>
<stat pass="5" fail="0" skip="0">All Tests</stat>
</total>
<tag>
<stat pass="1" fail="0" skip="0">testeConteudo</stat>
<stat pass="1" fail="0" skip="0">testeEstruturaResposta</stat>
<stat pass="1" fail="0" skip="0">testeRequisicaoBasica</stat>
<stat pass="1" fail="0" skip="0">testeTiposDados</stat>
</tag>
<suite>
<stat pass="5" fail="0" skip="0" id="s1" name="Tests">Tests</stat>
<stat pass="5" fail="0" skip="0" id="s1-s1" name="Random-User-Test">Tests.Random-User-Test</stat>
</suite>
</statistics>
<errors>
</errors>
</robot>
