<?xml version="1.0" encoding="UTF-8"?>
<robot generator="Robot 7.0 (Python 3.12.3 on linux)" generated="2024-06-02T11:12:18.923464" rpa="false" schemaversion="5">
<suite id="s1" name="Tests" source="/home/runner/work/ApiRandomUser/ApiRandomUser/RamdonUser/tests">
<suite id="s1-s1" name="Random-User-Test" source="/home/runner/work/ApiRandomUser/ApiRandomUser/RamdonUser/tests/random-user-test.robot">
<test id="s1-s1-t1" name="Conectar" line="13">
<kw name="Conectar API" owner="random-user-service">
<kw name="Create Session" owner="RequestsLibrary">
<msg time="2024-06-02T11:12:19.335449" level="INFO">Creating Session using : alias=consultarAPI, url=https://randomuser.me/, headers={},                     cookies={}, auth=None, timeout=None, proxies=None, verify=False,                     debug=0 </msg>
<arg>consultarAPI</arg>
<arg>${URL}</arg>
<doc>Create Session: create a HTTP session to a server</doc>
<status status="PASS" start="2024-06-02T11:12:19.335211" elapsed="0.000446"/>
</kw>
<status status="PASS" start="2024-06-02T11:12:19.334194" elapsed="0.001852"/>
</kw>
<status status="PASS" start="2024-06-02T11:12:19.333623" elapsed="0.002620"/>
</test>
<test id="s1-s1-t2" name="Validar retorno 200 e JSON Válido" line="16">
<kw name="Teste de Requisicao Basica" owner="random-user-service">
<kw name="GET On Session" owner="RequestsLibrary">
<msg time="2024-06-02T11:12:19.456285" level="INFO">GET Request : url=https://randomuser.me/api 
 path_url=/api 
 headers={'User-Agent': 'python-requests/2.32.3', 'Accept-Encoding': 'gzip, deflate', 'Accept': '*/*', 'Connection': 'keep-alive'} 
 body=None 
 </msg>
<msg time="2024-06-02T11:12:19.456455" level="INFO">GET Response : url=https://randomuser.me/api 
 status=200, reason=OK 
 headers={'Date': 'Sun, 02 Jun 2024 11:12:19 GMT', 'Content-Type': 'application/json; charset=utf-8', 'Transfer-Encoding': 'chunked', 'Connection': 'keep-alive', 'X-Powered-By': 'Express', 'Access-Control-Allow-Origin': '*', 'Cache-Control': 'no-cache', 'ETag': 'W/"49a-W8qDCt1NxPdiSf3mdoc5k1WsAbU"', 'Vary': 'Accept-Encoding', 'Content-Encoding': 'gzip', 'CF-Cache-Status': 'DYNAMIC', 'Report-To': '{"endpoints":[{"url":"https:\\/\\/a.nel.cloudflare.com\\/report\\/v4?s=jV2chv2q3GZhlOqwo7Ak%2F%2BH0XRPyMMJUyBhjyOs9LqwFyHyeQjAaBRiQD0453C4JuaLaKLj%2BQsP0F8CxEpciKeNE57SoNZGTjY8H84cqWwtHGZq6bzqkzk2i4iOQ2JSN"}],"group":"cf-nel","max_age":604800}', 'NEL': '{"success_fraction":0,"report_to":"cf-nel","max_age":604800}', 'Server': 'cloudflare', 'CF-RAY': '88d701f90e2e9670-SJC', 'alt-svc': 'h3=":443"; ma=86400'} 
 body={"results":[{"gender":"male","name":{"title":"Mr","first":"Mike","last":"Davidson"},"location":{"street":{"number":3262,"name":"Green Lane"},"city":"Leeds","state":"County Londonderry","country":"United Kingdom","postcode":"X2S 7AP","coordinates":{"latitude":"-8.4982","longitude":"-49.8963"},"timezone":{"offset":"+2:00","description":"Kaliningrad, South Africa"}},"email":"mike.davidson@example.com","login":{"uuid":"b3853638-87cd-43d5-94da-78949df814ac","username":"ticklishostrich511","password":"cyclops","salt":"ICV3o3vL","md5":"aa847be5d4a6b0f728608409af95424b","sha1":"e01c480ab1f94678ace1fef21a72d45090e56607","sha256":"46021102881e9d464d996feed999b7aa724aca11ca8088020de36e03bb1bb004"},"dob":{"date":"1974-07-17T10:29:11.280Z","age":49},"registered":{"date":"2013-08-18T02:00:16.323Z","age":10},"phone":"016973 05932","cell":"07170 197042","id":{"name":"NINO","value":"RN 23 98 73 F"},"picture":{"large":"https://randomuser.me/api/portraits/men/29.jpg","medium":"https://randomuser.me/api/portraits/med/men/29.jpg","thumbnail":"https://randomuser.me/api/portraits/thumb/men/29.jpg"},"nat":"GB"}],"info":{"seed":"f4c45c3350e6b777","results":1,"page":1,"version":"1.4"}} 
 </msg>
<msg time="2024-06-02T11:12:19.456552" level="INFO">/opt/hostedtoolcache/Python/3.12.3/x64/lib/python3.12/site-packages/urllib3/connectionpool.py:1103: InsecureRequestWarning: Unverified HTTPS request is being made to host 'randomuser.me'. Adding certificate verification is strongly advised. See: https://urllib3.readthedocs.io/en/latest/advanced-usage.html#tls-warnings
  warnings.warn(</msg>
<msg time="2024-06-02T11:12:19.456740" level="INFO">${response} = &lt;Response [200]&gt;</msg>
<var>${response}</var>
<arg>consultarAPI</arg>
<arg>/api</arg>
<doc>Sends a GET request on a previously created HTTP Session.</doc>
<status status="PASS" start="2024-06-02T11:12:19.338890" elapsed="0.117892"/>
</kw>
<kw name="Should Be Equal As Numbers" owner="BuiltIn">
<msg time="2024-06-02T11:12:19.457835" level="INFO">Argument types are:
&lt;class 'int'&gt;
&lt;class 'str'&gt;</msg>
<arg>${response.status_code}</arg>
<arg>200</arg>
<doc>Fails if objects are unequal after converting them to real numbers.</doc>
<status status="PASS" start="2024-06-02T11:12:19.457331" elapsed="0.000573"/>
</kw>
<kw name="Log" owner="BuiltIn">
<msg time="2024-06-02T11:12:19.458594" level="INFO">200</msg>
<arg>${response.status_code}</arg>
<doc>Logs the given message with the given level.</doc>
<status status="PASS" start="2024-06-02T11:12:19.458238" elapsed="0.000402"/>
</kw>
<kw name="Set Variable" owner="BuiltIn">
<msg time="2024-06-02T11:12:19.459379" level="INFO">${json_data} = {'results': [{'gender': 'male', 'name': {'title': 'Mr', 'first': 'Mike', 'last': 'Davidson'}, 'location': {'street': {'number': 3262, 'name': 'Green Lane'}, 'city': 'Leeds', 'state': 'County Londonder...</msg>
<var>${json_data}</var>
<arg>${response.json()}</arg>
<doc>Returns the given values which can then be assigned to a variables.</doc>
<status status="PASS" start="2024-06-02T11:12:19.458949" elapsed="0.000460"/>
</kw>
<kw name="Dictionary Should Contain Key" owner="Collections">
<msg time="2024-06-02T11:12:19.459879" level="INFO">False</msg>
<arg>${json_data}</arg>
<arg>results</arg>
<doc>Fails if ``key`` is not found from ``dictionary``.</doc>
<status status="PASS" start="2024-06-02T11:12:19.459710" elapsed="0.000207"/>
</kw>
<status status="PASS" start="2024-06-02T11:12:19.338638" elapsed="0.121541"/>
</kw>
<doc>Testa se a API responde corretamente e retorna um objeto JSON válido.</doc>
<tag>testeRequisicaoBasica</tag>
<status status="PASS" start="2024-06-02T11:12:19.338171" elapsed="0.122192"/>
</test>
<test id="s1-s1-t3" name="Validar estrutura de resposta" line="22">
<kw name="Teste de Estrutura de Resposta" owner="random-user-service">
<kw name="GET On Session" owner="RequestsLibrary">
<msg time="2024-06-02T11:12:19.560429" level="INFO">GET Request : url=https://randomuser.me/api 
 path_url=/api 
 headers={'User-Agent': 'python-requests/2.32.3', 'Accept-Encoding': 'gzip, deflate', 'Accept': '*/*', 'Connection': 'keep-alive'} 
 body=None 
 </msg>
<msg time="2024-06-02T11:12:19.560538" level="INFO">GET Response : url=https://randomuser.me/api 
 status=200, reason=OK 
 headers={'Date': 'Sun, 02 Jun 2024 11:12:19 GMT', 'Content-Type': 'application/json; charset=utf-8', 'Transfer-Encoding': 'chunked', 'Connection': 'keep-alive', 'X-Powered-By': 'Express', 'Access-Control-Allow-Origin': '*', 'Cache-Control': 'no-cache', 'ETag': 'W/"48e-wXvmPwSZIFqvqi14mDNnrI27MfQ"', 'Vary': 'Accept-Encoding', 'Content-Encoding': 'gzip', 'CF-Cache-Status': 'DYNAMIC', 'Report-To': '{"endpoints":[{"url":"https:\\/\\/a.nel.cloudflare.com\\/report\\/v4?s=HVob74ds%2BY%2FYTwM%2BS2cnRsDRq78fPKSgeSx7hZ6wLqgaiYMC97tA%2Bx8VvWpVAlmV%2Bv1qdBo6sNQWRv3nk%2FAGMn5AkzFqyxDvfTi4nHhNJ%2FJPKsKl%2F6rGLbD4Z%2BqKgqcg"}],"group":"cf-nel","max_age":604800}', 'NEL': '{"success_fraction":0,"report_to":"cf-nel","max_age":604800}', 'Server': 'cloudflare', 'CF-RAY': '88d701f9ae919670-SJC', 'alt-svc': 'h3=":443"; ma=86400'} 
 body={"results":[{"gender":"female","name":{"title":"Miss","first":"Katarina","last":"Hadžić"},"location":{"street":{"number":1376,"name":"Evgenija Dumče "},"city":"Rača","state":"Toplica","country":"Serbia","postcode":53549,"coordinates":{"latitude":"61.2315","longitude":"33.7263"},"timezone":{"offset":"-8:00","description":"Pacific Time (US &amp; Canada)"}},"email":"katarina.hadzic@example.com","login":{"uuid":"624223ae-7069-4dbf-81e0-a2398523920d","username":"angryostrich241","password":"tool","salt":"dxK2T9rg","md5":"cf66fd8055739a0d92d6e8a6337f9b1c","sha1":"e436f3f97606a23834d280552984505f46ec14f8","sha256":"6fd4fc56be9a889a2faf24c7b33d12e068124a52738a8bd326c7cb5e57d57b4c"},"dob":{"date":"1957-06-23T14:46:37.462Z","age":66},"registered":{"date":"2014-04-22T20:29:48.434Z","age":10},"phone":"011-2510-801","cell":"064-3644-557","id":{"name":"SID","value":"882118961"},"picture":{"large":"https://randomuser.me/api/portraits/women/51.jpg","medium":"https://randomuser.me/api/portraits/med/women/51.jpg","thumbnail":"https://randomuser.me/api/portraits/thumb/women/51.jpg"},"nat":"RS"}],"info":{"seed":"5272e755d4ff2e1d","results":1,"page":1,"version":"1.4"}} 
 </msg>
<msg time="2024-06-02T11:12:19.560685" level="INFO">/opt/hostedtoolcache/Python/3.12.3/x64/lib/python3.12/site-packages/urllib3/connectionpool.py:1103: InsecureRequestWarning: Unverified HTTPS request is being made to host 'randomuser.me'. Adding certificate verification is strongly advised. See: https://urllib3.readthedocs.io/en/latest/advanced-usage.html#tls-warnings
  warnings.warn(</msg>
<msg time="2024-06-02T11:12:19.560855" level="INFO">${response} = &lt;Response [200]&gt;</msg>
<var>${response}</var>
<arg>consultarAPI</arg>
<arg>/api</arg>
<doc>Sends a GET request on a previously created HTTP Session.</doc>
<status status="PASS" start="2024-06-02T11:12:19.463088" elapsed="0.097803"/>
</kw>
<kw name="Set Variable" owner="BuiltIn">
<msg time="2024-06-02T11:12:19.561945" level="INFO">${json_data} = {'results': [{'gender': 'female', 'name': {'title': 'Miss', 'first': 'Katarina', 'last': 'Hadžić'}, 'location': {'street': {'number': 1376, 'name': 'Evgenija Dumče '}, 'city': 'Rača', 'state': 'Toplic...</msg>
<var>${json_data}</var>
<arg>${response.json()}</arg>
<doc>Returns the given values which can then be assigned to a variables.</doc>
<status status="PASS" start="2024-06-02T11:12:19.561370" elapsed="0.000606"/>
</kw>
<kw name="Log" owner="BuiltIn">
<msg time="2024-06-02T11:12:19.562465" level="INFO">{'results': [{'gender': 'female', 'name': {'title': 'Miss', 'first': 'Katarina', 'last': 'Hadžić'}, 'location': {'street': {'number': 1376, 'name': 'Evgenija Dumče '}, 'city': 'Rača', 'state': 'Toplica', 'country': 'Serbia', 'postcode': 53549, 'coordinates': {'latitude': '61.2315', 'longitude': '33.7263'}, 'timezone': {'offset': '-8:00', 'description': 'Pacific Time (US &amp; Canada)'}}, 'email': 'katarina.hadzic@example.com', 'login': {'uuid': '624223ae-7069-4dbf-81e0-a2398523920d', 'username': 'angryostrich241', 'password': 'tool', 'salt': 'dxK2T9rg', 'md5': 'cf66fd8055739a0d92d6e8a6337f9b1c', 'sha1': 'e436f3f97606a23834d280552984505f46ec14f8', 'sha256': '6fd4fc56be9a889a2faf24c7b33d12e068124a52738a8bd326c7cb5e57d57b4c'}, 'dob': {'date': '1957-06-23T14:46:37.462Z', 'age': 66}, 'registered': {'date': '2014-04-22T20:29:48.434Z', 'age': 10}, 'phone': '011-2510-801', 'cell': '064-3644-557', 'id': {'name': 'SID', 'value': '882118961'}, 'picture': {'large': 'https://randomuser.me/api/portraits/women/51.jpg', 'medium': 'https://randomuser.me/api/portraits/med/women/51.jpg', 'thumbnail': 'https://randomuser.me/api/portraits/thumb/women/51.jpg'}, 'nat': 'RS'}], 'info': {'seed': '5272e755d4ff2e1d', 'results': 1, 'page': 1, 'version': '1.4'}}</msg>
<arg>${json_data}</arg>
<doc>Logs the given message with the given level.</doc>
<status status="PASS" start="2024-06-02T11:12:19.562301" elapsed="0.000224"/>
</kw>
<kw name="Dictionary Should Contain Key" owner="Collections">
<msg time="2024-06-02T11:12:19.562984" level="INFO">False</msg>
<arg>${json_data}</arg>
<arg>results</arg>
<doc>Fails if ``key`` is not found from ``dictionary``.</doc>
<status status="PASS" start="2024-06-02T11:12:19.562829" elapsed="0.000192"/>
</kw>
<kw name="Should Not Be Empty" owner="BuiltIn">
<msg time="2024-06-02T11:12:19.563453" level="INFO">Length is 2.</msg>
<arg>${json_data}</arg>
<doc>Verifies that the given item is not empty.</doc>
<status status="PASS" start="2024-06-02T11:12:19.563317" elapsed="0.000173"/>
</kw>
<kw name="Create List" owner="BuiltIn">
<msg time="2024-06-02T11:12:19.564090" level="INFO">${expected_keys} = ['gender', 'name', 'location', 'email', 'login']</msg>
<var>${expected_keys}</var>
<arg>gender</arg>
<arg>name</arg>
<arg>location</arg>
<arg>email</arg>
<arg>login</arg>
<doc>Returns a list containing given items.</doc>
<status status="PASS" start="2024-06-02T11:12:19.563779" elapsed="0.000335"/>
</kw>
<for flavor="IN">
<iter>
<kw name="Dictionary Should Contain Key" owner="Collections">
<msg time="2024-06-02T11:12:19.565102" level="INFO">False</msg>
<arg>${json_data['results'][0]}</arg>
<arg>${key}</arg>
<doc>Fails if ``key`` is not found from ``dictionary``.</doc>
<status status="PASS" start="2024-06-02T11:12:19.564706" elapsed="0.000434"/>
</kw>
<kw name="Log" owner="BuiltIn">
<msg time="2024-06-02T11:12:19.565848" level="INFO">{'gender': 'female', 'name': {'title': 'Miss', 'first': 'Katarina', 'last': 'Hadžić'}, 'location': {'street': {'number': 1376, 'name': 'Evgenija Dumče '}, 'city': 'Rača', 'state': 'Toplica', 'country': 'Serbia', 'postcode': 53549, 'coordinates': {'latitude': '61.2315', 'longitude': '33.7263'}, 'timezone': {'offset': '-8:00', 'description': 'Pacific Time (US &amp; Canada)'}}, 'email': 'katarina.hadzic@example.com', 'login': {'uuid': '624223ae-7069-4dbf-81e0-a2398523920d', 'username': 'angryostrich241', 'password': 'tool', 'salt': 'dxK2T9rg', 'md5': 'cf66fd8055739a0d92d6e8a6337f9b1c', 'sha1': 'e436f3f97606a23834d280552984505f46ec14f8', 'sha256': '6fd4fc56be9a889a2faf24c7b33d12e068124a52738a8bd326c7cb5e57d57b4c'}, 'dob': {'date': '1957-06-23T14:46:37.462Z', 'age': 66}, 'registered': {'date': '2014-04-22T20:29:48.434Z', 'age': 10}, 'phone': '011-2510-801', 'cell': '064-3644-557', 'id': {'name': 'SID', 'value': '882118961'}, 'picture': {'large': 'https://randomuser.me/api/portraits/women/51.jpg', 'medium': 'https://randomuser.me/api/portraits/med/women/51.jpg', 'thumbnail': 'https://randomuser.me/api/portraits/thumb/women/51.jpg'}, 'nat': 'RS'}</msg>
<arg>${json_data['results'][0]}</arg>
<doc>Logs the given message with the given level.</doc>
<status status="PASS" start="2024-06-02T11:12:19.565469" elapsed="0.000432"/>
</kw>
<kw name="Log" owner="BuiltIn">
<msg time="2024-06-02T11:12:19.566329" level="INFO">gender</msg>
<arg>${key}</arg>
<doc>Logs the given message with the given level.</doc>
<status status="PASS" start="2024-06-02T11:12:19.566198" elapsed="0.000168"/>
</kw>
<var name="${key}">gender</var>
<status status="PASS" start="2024-06-02T11:12:19.564577" elapsed="0.002005"/>
</iter>
<iter>
<kw name="Dictionary Should Contain Key" owner="Collections">
<msg time="2024-06-02T11:12:19.567261" level="INFO">False</msg>
<arg>${json_data['results'][0]}</arg>
<arg>${key}</arg>
<doc>Fails if ``key`` is not found from ``dictionary``.</doc>
<status status="PASS" start="2024-06-02T11:12:19.566882" elapsed="0.000416"/>
</kw>
<kw name="Log" owner="BuiltIn">
<msg time="2024-06-02T11:12:19.567978" level="INFO">{'gender': 'female', 'name': {'title': 'Miss', 'first': 'Katarina', 'last': 'Hadžić'}, 'location': {'street': {'number': 1376, 'name': 'Evgenija Dumče '}, 'city': 'Rača', 'state': 'Toplica', 'country': 'Serbia', 'postcode': 53549, 'coordinates': {'latitude': '61.2315', 'longitude': '33.7263'}, 'timezone': {'offset': '-8:00', 'description': 'Pacific Time (US &amp; Canada)'}}, 'email': 'katarina.hadzic@example.com', 'login': {'uuid': '624223ae-7069-4dbf-81e0-a2398523920d', 'username': 'angryostrich241', 'password': 'tool', 'salt': 'dxK2T9rg', 'md5': 'cf66fd8055739a0d92d6e8a6337f9b1c', 'sha1': 'e436f3f97606a23834d280552984505f46ec14f8', 'sha256': '6fd4fc56be9a889a2faf24c7b33d12e068124a52738a8bd326c7cb5e57d57b4c'}, 'dob': {'date': '1957-06-23T14:46:37.462Z', 'age': 66}, 'registered': {'date': '2014-04-22T20:29:48.434Z', 'age': 10}, 'phone': '011-2510-801', 'cell': '064-3644-557', 'id': {'name': 'SID', 'value': '882118961'}, 'picture': {'large': 'https://randomuser.me/api/portraits/women/51.jpg', 'medium': 'https://randomuser.me/api/portraits/med/women/51.jpg', 'thumbnail': 'https://randomuser.me/api/portraits/thumb/women/51.jpg'}, 'nat': 'RS'}</msg>
<arg>${json_data['results'][0]}</arg>
<doc>Logs the given message with the given level.</doc>
<status status="PASS" start="2024-06-02T11:12:19.567618" elapsed="0.000421"/>
</kw>
<kw name="Log" owner="BuiltIn">
<msg time="2024-06-02T11:12:19.568456" level="INFO">name</msg>
<arg>${key}</arg>
<doc>Logs the given message with the given level.</doc>
<status status="PASS" start="2024-06-02T11:12:19.568333" elapsed="0.000160"/>
</kw>
<var name="${key}">name</var>
<status status="PASS" start="2024-06-02T11:12:19.566767" elapsed="0.001939"/>
</iter>
<iter>
<kw name="Dictionary Should Contain Key" owner="Collections">
<msg time="2024-06-02T11:12:19.569367" level="INFO">False</msg>
<arg>${json_data['results'][0]}</arg>
<arg>${key}</arg>
<doc>Fails if ``key`` is not found from ``dictionary``.</doc>
<status status="PASS" start="2024-06-02T11:12:19.568994" elapsed="0.000442"/>
</kw>
<kw name="Log" owner="BuiltIn">
<msg time="2024-06-02T11:12:19.570097" level="INFO">{'gender': 'female', 'name': {'title': 'Miss', 'first': 'Katarina', 'last': 'Hadžić'}, 'location': {'street': {'number': 1376, 'name': 'Evgenija Dumče '}, 'city': 'Rača', 'state': 'Toplica', 'country': 'Serbia', 'postcode': 53549, 'coordinates': {'latitude': '61.2315', 'longitude': '33.7263'}, 'timezone': {'offset': '-8:00', 'description': 'Pacific Time (US &amp; Canada)'}}, 'email': 'katarina.hadzic@example.com', 'login': {'uuid': '624223ae-7069-4dbf-81e0-a2398523920d', 'username': 'angryostrich241', 'password': 'tool', 'salt': 'dxK2T9rg', 'md5': 'cf66fd8055739a0d92d6e8a6337f9b1c', 'sha1': 'e436f3f97606a23834d280552984505f46ec14f8', 'sha256': '6fd4fc56be9a889a2faf24c7b33d12e068124a52738a8bd326c7cb5e57d57b4c'}, 'dob': {'date': '1957-06-23T14:46:37.462Z', 'age': 66}, 'registered': {'date': '2014-04-22T20:29:48.434Z', 'age': 10}, 'phone': '011-2510-801', 'cell': '064-3644-557', 'id': {'name': 'SID', 'value': '882118961'}, 'picture': {'large': 'https://randomuser.me/api/portraits/women/51.jpg', 'medium': 'https://randomuser.me/api/portraits/med/women/51.jpg', 'thumbnail': 'https://randomuser.me/api/portraits/thumb/women/51.jpg'}, 'nat': 'RS'}</msg>
<arg>${json_data['results'][0]}</arg>
<doc>Logs the given message with the given level.</doc>
<status status="PASS" start="2024-06-02T11:12:19.569738" elapsed="0.000420"/>
</kw>
<kw name="Log" owner="BuiltIn">
<msg time="2024-06-02T11:12:19.570589" level="INFO">location</msg>
<arg>${key}</arg>
<doc>Logs the given message with the given level.</doc>
<status status="PASS" start="2024-06-02T11:12:19.570463" elapsed="0.000163"/>
</kw>
<var name="${key}">location</var>
<status status="PASS" start="2024-06-02T11:12:19.568883" elapsed="0.001962"/>
</iter>
<iter>
<kw name="Dictionary Should Contain Key" owner="Collections">
<msg time="2024-06-02T11:12:19.571519" level="INFO">False</msg>
<arg>${json_data['results'][0]}</arg>
<arg>${key}</arg>
<doc>Fails if ``key`` is not found from ``dictionary``.</doc>
<status status="PASS" start="2024-06-02T11:12:19.571135" elapsed="0.000421"/>
</kw>
<kw name="Log" owner="BuiltIn">
<msg time="2024-06-02T11:12:19.572205" level="INFO">{'gender': 'female', 'name': {'title': 'Miss', 'first': 'Katarina', 'last': 'Hadžić'}, 'location': {'street': {'number': 1376, 'name': 'Evgenija Dumče '}, 'city': 'Rača', 'state': 'Toplica', 'country': 'Serbia', 'postcode': 53549, 'coordinates': {'latitude': '61.2315', 'longitude': '33.7263'}, 'timezone': {'offset': '-8:00', 'description': 'Pacific Time (US &amp; Canada)'}}, 'email': 'katarina.hadzic@example.com', 'login': {'uuid': '624223ae-7069-4dbf-81e0-a2398523920d', 'username': 'angryostrich241', 'password': 'tool', 'salt': 'dxK2T9rg', 'md5': 'cf66fd8055739a0d92d6e8a6337f9b1c', 'sha1': 'e436f3f97606a23834d280552984505f46ec14f8', 'sha256': '6fd4fc56be9a889a2faf24c7b33d12e068124a52738a8bd326c7cb5e57d57b4c'}, 'dob': {'date': '1957-06-23T14:46:37.462Z', 'age': 66}, 'registered': {'date': '2014-04-22T20:29:48.434Z', 'age': 10}, 'phone': '011-2510-801', 'cell': '064-3644-557', 'id': {'name': 'SID', 'value': '882118961'}, 'picture': {'large': 'https://randomuser.me/api/portraits/women/51.jpg', 'medium': 'https://randomuser.me/api/portraits/med/women/51.jpg', 'thumbnail': 'https://randomuser.me/api/portraits/thumb/women/51.jpg'}, 'nat': 'RS'}</msg>
<arg>${json_data['results'][0]}</arg>
<doc>Logs the given message with the given level.</doc>
<status status="PASS" start="2024-06-02T11:12:19.571849" elapsed="0.000418"/>
</kw>
<kw name="Log" owner="BuiltIn">
<msg time="2024-06-02T11:12:19.572683" level="INFO">email</msg>
<arg>${key}</arg>
<doc>Logs the given message with the given level.</doc>
<status status="PASS" start="2024-06-02T11:12:19.572558" elapsed="0.000161"/>
</kw>
<var name="${key}">email</var>
<status status="PASS" start="2024-06-02T11:12:19.571020" elapsed="0.001907"/>
</iter>
<iter>
<kw name="Dictionary Should Contain Key" owner="Collections">
<msg time="2024-06-02T11:12:19.573632" level="INFO">False</msg>
<arg>${json_data['results'][0]}</arg>
<arg>${key}</arg>
<doc>Fails if ``key`` is not found from ``dictionary``.</doc>
<status status="PASS" start="2024-06-02T11:12:19.573205" elapsed="0.000463"/>
</kw>
<kw name="Log" owner="BuiltIn">
<msg time="2024-06-02T11:12:19.574331" level="INFO">{'gender': 'female', 'name': {'title': 'Miss', 'first': 'Katarina', 'last': 'Hadžić'}, 'location': {'street': {'number': 1376, 'name': 'Evgenija Dumče '}, 'city': 'Rača', 'state': 'Toplica', 'country': 'Serbia', 'postcode': 53549, 'coordinates': {'latitude': '61.2315', 'longitude': '33.7263'}, 'timezone': {'offset': '-8:00', 'description': 'Pacific Time (US &amp; Canada)'}}, 'email': 'katarina.hadzic@example.com', 'login': {'uuid': '624223ae-7069-4dbf-81e0-a2398523920d', 'username': 'angryostrich241', 'password': 'tool', 'salt': 'dxK2T9rg', 'md5': 'cf66fd8055739a0d92d6e8a6337f9b1c', 'sha1': 'e436f3f97606a23834d280552984505f46ec14f8', 'sha256': '6fd4fc56be9a889a2faf24c7b33d12e068124a52738a8bd326c7cb5e57d57b4c'}, 'dob': {'date': '1957-06-23T14:46:37.462Z', 'age': 66}, 'registered': {'date': '2014-04-22T20:29:48.434Z', 'age': 10}, 'phone': '011-2510-801', 'cell': '064-3644-557', 'id': {'name': 'SID', 'value': '882118961'}, 'picture': {'large': 'https://randomuser.me/api/portraits/women/51.jpg', 'medium': 'https://randomuser.me/api/portraits/med/women/51.jpg', 'thumbnail': 'https://randomuser.me/api/portraits/thumb/women/51.jpg'}, 'nat': 'RS'}</msg>
<arg>${json_data['results'][0]}</arg>
<doc>Logs the given message with the given level.</doc>
<status status="PASS" start="2024-06-02T11:12:19.573965" elapsed="0.000428"/>
</kw>
<kw name="Log" owner="BuiltIn">
<msg time="2024-06-02T11:12:19.574812" level="INFO">login</msg>
<arg>${key}</arg>
<doc>Logs the given message with the given level.</doc>
<status status="PASS" start="2024-06-02T11:12:19.574685" elapsed="0.000164"/>
</kw>
<var name="${key}">login</var>
<status status="PASS" start="2024-06-02T11:12:19.573095" elapsed="0.001990"/>
</iter>
<var>${key}</var>
<value>@{expected_keys}</value>
<status status="PASS" start="2024-06-02T11:12:19.564379" elapsed="0.010834"/>
</for>
<kw name="Create List" owner="BuiltIn">
<msg time="2024-06-02T11:12:19.575548" level="INFO">${expected_keysTwo} = ['username', 'password']</msg>
<var>${expected_keysTwo}</var>
<arg>username</arg>
<arg>password</arg>
<doc>Returns a list containing given items.</doc>
<status status="PASS" start="2024-06-02T11:12:19.575413" elapsed="0.000158"/>
</kw>
<for flavor="IN">
<iter>
<kw name="Dictionary Should Contain Key" owner="Collections">
<msg time="2024-06-02T11:12:19.576450" level="INFO">False</msg>
<arg>${json_data['results'][0]['login']}</arg>
<arg>${keyTwo}</arg>
<doc>Fails if ``key`` is not found from ``dictionary``.</doc>
<status status="PASS" start="2024-06-02T11:12:19.576065" elapsed="0.000425"/>
</kw>
<kw name="Dictionary Should Contain Key" owner="Collections">
<msg time="2024-06-02T11:12:19.577165" level="INFO">False</msg>
<arg>${json_data['results'][0]['login']}</arg>
<arg>${keyTwo}</arg>
<doc>Fails if ``key`` is not found from ``dictionary``.</doc>
<status status="PASS" start="2024-06-02T11:12:19.576780" elapsed="0.000422"/>
</kw>
<kw name="Log" owner="BuiltIn">
<msg time="2024-06-02T11:12:19.577658" level="INFO">username</msg>
<arg>${keyTwo}</arg>
<doc>Logs the given message with the given level.</doc>
<status status="PASS" start="2024-06-02T11:12:19.577529" elapsed="0.000166"/>
</kw>
<var name="${keyTwo}">username</var>
<status status="PASS" start="2024-06-02T11:12:19.575955" elapsed="0.001954"/>
</iter>
<iter>
<kw name="Dictionary Should Contain Key" owner="Collections">
<msg time="2024-06-02T11:12:19.578574" level="INFO">False</msg>
<arg>${json_data['results'][0]['login']}</arg>
<arg>${keyTwo}</arg>
<doc>Fails if ``key`` is not found from ``dictionary``.</doc>
<status status="PASS" start="2024-06-02T11:12:19.578196" elapsed="0.000414"/>
</kw>
<kw name="Dictionary Should Contain Key" owner="Collections">
<msg time="2024-06-02T11:12:19.579349" level="INFO">False</msg>
<arg>${json_data['results'][0]['login']}</arg>
<arg>${keyTwo}</arg>
<doc>Fails if ``key`` is not found from ``dictionary``.</doc>
<status status="PASS" start="2024-06-02T11:12:19.578899" elapsed="0.000489"/>
</kw>
<kw name="Log" owner="BuiltIn">
<msg time="2024-06-02T11:12:19.579805" level="INFO">password</msg>
<arg>${keyTwo}</arg>
<doc>Logs the given message with the given level.</doc>
<status status="PASS" start="2024-06-02T11:12:19.579679" elapsed="0.000162"/>
</kw>
<var name="${keyTwo}">password</var>
<status status="PASS" start="2024-06-02T11:12:19.578079" elapsed="0.001975"/>
</iter>
<var>${keyTwo}</var>
<value>@{expected_keysTwo}</value>
<status status="PASS" start="2024-06-02T11:12:19.575805" elapsed="0.004367"/>
</for>
<status status="PASS" start="2024-06-02T11:12:19.462849" elapsed="0.117463"/>
</kw>
<doc>Testa a estrutura da resposta da API.</doc>
<tag>testeEstruturaResposta</tag>
<status status="PASS" start="2024-06-02T11:12:19.462243" elapsed="0.118230"/>
</test>
<test id="s1-s1-t4" name="Validar tipos de dados" line="28">
<kw name="Teste de Tipos de Dados" owner="random-user-service">
<kw name="GET On Session" owner="RequestsLibrary">
<msg time="2024-06-02T11:12:19.676793" level="INFO">GET Request : url=https://randomuser.me/api 
 path_url=/api 
 headers={'User-Agent': 'python-requests/2.32.3', 'Accept-Encoding': 'gzip, deflate', 'Accept': '*/*', 'Connection': 'keep-alive'} 
 body=None 
 </msg>
<msg time="2024-06-02T11:12:19.676905" level="INFO">GET Response : url=https://randomuser.me/api 
 status=200, reason=OK 
 headers={'Date': 'Sun, 02 Jun 2024 11:12:19 GMT', 'Content-Type': 'application/json; charset=utf-8', 'Transfer-Encoding': 'chunked', 'Connection': 'keep-alive', 'X-Powered-By': 'Express', 'Access-Control-Allow-Origin': '*', 'Cache-Control': 'no-cache', 'ETag': 'W/"497-sUSV1DmTBtARphBoJtRLFrvr10U"', 'Vary': 'Accept-Encoding', 'Content-Encoding': 'gzip', 'CF-Cache-Status': 'DYNAMIC', 'Report-To': '{"endpoints":[{"url":"https:\\/\\/a.nel.cloudflare.com\\/report\\/v4?s=hHgtv6k0rJKkcj%2FXqnBbt4shkWJaqhtSSzlrgCVrEUTSbi4mG9bi%2BtY%2FIWmXBOeNLNL9YiKrccLae261HXYZ2LOSVyg%2F42Dc3FcOKss6QXXSW3%2BltAhHt%2FETqlVOFLpO"}],"group":"cf-nel","max_age":604800}', 'NEL': '{"success_fraction":0,"report_to":"cf-nel","max_age":604800}', 'Server': 'cloudflare', 'CF-RAY': '88d701fa6f009670-SJC', 'alt-svc': 'h3=":443"; ma=86400'} 
 body={"results":[{"gender":"female","name":{"title":"Ms","first":"Ana María","last":"Miranda"},"location":{"street":{"number":6798,"name":"Pasaje Tamaulipas"},"city":"Abasolo del Valle","state":"Estado de Mexico","country":"Mexico","postcode":61495,"coordinates":{"latitude":"25.8823","longitude":"59.8902"},"timezone":{"offset":"-10:00","description":"Hawaii"}},"email":"anamaria.miranda@example.com","login":{"uuid":"19e1aa05-9662-42d6-8442-6ebfd715c682","username":"biggoose942","password":"doors","salt":"AyiiYzGq","md5":"bed3e27a60d31cffa065200723b30a07","sha1":"427cc0bd46dcbf33993ca4f5fd079949dfdcdc45","sha256":"cbe9dc666d2eb074ab34b2726ef454f34d9cd9424f224f475637bb141a39c3f5"},"dob":{"date":"1984-04-07T03:28:06.944Z","age":40},"registered":{"date":"2022-01-06T03:46:16.272Z","age":2},"phone":"(641) 373 5107","cell":"(679) 454 9725","id":{"name":"NSS","value":"88 67 15 5539 9"},"picture":{"large":"https://randomuser.me/api/portraits/women/82.jpg","medium":"https://randomuser.me/api/portraits/med/women/82.jpg","thumbnail":"https://randomuser.me/api/portraits/thumb/women/82.jpg"},"nat":"MX"}],"info":{"seed":"82b0e9411b234f98","results":1,"page":1,"version":"1.4"}} 
 </msg>
<msg time="2024-06-02T11:12:19.676992" level="INFO">/opt/hostedtoolcache/Python/3.12.3/x64/lib/python3.12/site-packages/urllib3/connectionpool.py:1103: InsecureRequestWarning: Unverified HTTPS request is being made to host 'randomuser.me'. Adding certificate verification is strongly advised. See: https://urllib3.readthedocs.io/en/latest/advanced-usage.html#tls-warnings
  warnings.warn(</msg>
<msg time="2024-06-02T11:12:19.677153" level="INFO">${response} = &lt;Response [200]&gt;</msg>
<var>${response}</var>
<arg>consultarAPI</arg>
<arg>/api</arg>
<doc>Sends a GET request on a previously created HTTP Session.</doc>
<status status="PASS" start="2024-06-02T11:12:19.583077" elapsed="0.094120"/>
</kw>
<kw name="Set Variable" owner="BuiltIn">
<msg time="2024-06-02T11:12:19.678259" level="INFO">${json_data} = {'results': [{'gender': 'female', 'name': {'title': 'Ms', 'first': 'Ana María', 'last': 'Miranda'}, 'location': {'street': {'number': 6798, 'name': 'Pasaje Tamaulipas'}, 'city': 'Abasolo del Valle', '...</msg>
<var>${json_data}</var>
<arg>${response.json()}</arg>
<doc>Returns the given values which can then be assigned to a variables.</doc>
<status status="PASS" start="2024-06-02T11:12:19.677741" elapsed="0.000549"/>
</kw>
<kw name="Log" owner="BuiltIn">
<msg time="2024-06-02T11:12:19.678758" level="INFO">{'results': [{'gender': 'female', 'name': {'title': 'Ms', 'first': 'Ana María', 'last': 'Miranda'}, 'location': {'street': {'number': 6798, 'name': 'Pasaje Tamaulipas'}, 'city': 'Abasolo del Valle', 'state': 'Estado de Mexico', 'country': 'Mexico', 'postcode': 61495, 'coordinates': {'latitude': '25.8823', 'longitude': '59.8902'}, 'timezone': {'offset': '-10:00', 'description': 'Hawaii'}}, 'email': 'anamaria.miranda@example.com', 'login': {'uuid': '19e1aa05-9662-42d6-8442-6ebfd715c682', 'username': 'biggoose942', 'password': 'doors', 'salt': 'AyiiYzGq', 'md5': 'bed3e27a60d31cffa065200723b30a07', 'sha1': '427cc0bd46dcbf33993ca4f5fd079949dfdcdc45', 'sha256': 'cbe9dc666d2eb074ab34b2726ef454f34d9cd9424f224f475637bb141a39c3f5'}, 'dob': {'date': '1984-04-07T03:28:06.944Z', 'age': 40}, 'registered': {'date': '2022-01-06T03:46:16.272Z', 'age': 2}, 'phone': '(641) 373 5107', 'cell': '(679) 454 9725', 'id': {'name': 'NSS', 'value': '88 67 15 5539 9'}, 'picture': {'large': 'https://randomuser.me/api/portraits/women/82.jpg', 'medium': 'https://randomuser.me/api/portraits/med/women/82.jpg', 'thumbnail': 'https://randomuser.me/api/portraits/thumb/women/82.jpg'}, 'nat': 'MX'}], 'info': {'seed': '82b0e9411b234f98', 'results': 1, 'page': 1, 'version': '1.4'}}</msg>
<arg>${json_data}</arg>
<doc>Logs the given message with the given level.</doc>
<status status="PASS" start="2024-06-02T11:12:19.678601" elapsed="0.000246"/>
</kw>
<kw name="Should Be String" owner="String">
<arg>${json_data['results'][0]['gender']}</arg>
<doc>Fails if the given ``item`` is not a string.</doc>
<status status="PASS" start="2024-06-02T11:12:19.679145" elapsed="0.000363"/>
</kw>
<kw name="Should Match Regexp" owner="BuiltIn">
<arg>${json_data['results'][0]['email']}</arg>
<arg>^[a-zA-Z0-9._%+-]+@[a-zA-Z0-9.-]+\.[a-zA-Z]{2,}$</arg>
<doc>Fails if ``string`` does not match ``pattern`` as a regular expression.</doc>
<status status="PASS" start="2024-06-02T11:12:19.679702" elapsed="0.000521"/>
</kw>
<kw name="Should Match Regexp" owner="BuiltIn">
<arg>${json_data['results'][0]['dob']['date']}</arg>
<arg>\\d{4}-\\d{2}-\\d{2}T\\d{2}:\\d{2}:\\d{2}\\.\\d{3}Z</arg>
<doc>Fails if ``string`` does not match ``pattern`` as a regular expression.</doc>
<status status="PASS" start="2024-06-02T11:12:19.680419" elapsed="0.000485"/>
</kw>
<kw name="Should Match Regexp" owner="BuiltIn">
<arg>${json_data['results'][0]['registered']['date']}</arg>
<arg>\\d{4}-\\d{2}-\\d{2}T\\d{2}:\\d{2}:\\d{2}\\.\\d{3}Z</arg>
<doc>Fails if ``string`` does not match ``pattern`` as a regular expression.</doc>
<status status="PASS" start="2024-06-02T11:12:19.681097" elapsed="0.000417"/>
</kw>
<kw name="Should Match Regexp" owner="BuiltIn">
<arg>${json_data['results'][0]['picture']['large']}</arg>
<arg>^https?://.*\.(?:png|jpe?g|gif|bmp)$</arg>
<doc>Fails if ``string`` does not match ``pattern`` as a regular expression.</doc>
<status status="PASS" start="2024-06-02T11:12:19.681713" elapsed="0.000470"/>
</kw>
<kw name="Should Match Regexp" owner="BuiltIn">
<arg>${json_data['results'][0]['picture']['medium']}</arg>
<arg>^https?://.*\.(?:png|jpe?g|gif|bmp)$</arg>
<doc>Fails if ``string`` does not match ``pattern`` as a regular expression.</doc>
<status status="PASS" start="2024-06-02T11:12:19.682375" elapsed="0.000357"/>
</kw>
<kw name="Should Match Regexp" owner="BuiltIn">
<arg>${json_data['results'][0]['picture']['thumbnail']}</arg>
<arg>^https?://.*\.(?:png|jpe?g|gif|bmp)$</arg>
<doc>Fails if ``string`` does not match ``pattern`` as a regular expression.</doc>
<status status="PASS" start="2024-06-02T11:12:19.682918" elapsed="0.000348"/>
</kw>
<kw name="Log" owner="BuiltIn">
<msg time="2024-06-02T11:12:19.683789" level="INFO">{'large': 'https://randomuser.me/api/portraits/women/82.jpg', 'medium': 'https://randomuser.me/api/portraits/med/women/82.jpg', 'thumbnail': 'https://randomuser.me/api/portraits/thumb/women/82.jpg'}</msg>
<arg>${json_data['results'][0]['picture']}</arg>
<doc>Logs the given message with the given level.</doc>
<status status="PASS" start="2024-06-02T11:12:19.683463" elapsed="0.000367"/>
</kw>
<status status="PASS" start="2024-06-02T11:12:19.582842" elapsed="0.101245"/>
</kw>
<kw name="Teste de Tipos de Dados - Postcode" owner="random-user-service">
<kw name="GET On Session" owner="RequestsLibrary">
<msg time="2024-06-02T11:12:19.797928" level="INFO">GET Request : url=https://randomuser.me/api 
 path_url=/api 
 headers={'User-Agent': 'python-requests/2.32.3', 'Accept-Encoding': 'gzip, deflate', 'Accept': '*/*', 'Connection': 'keep-alive'} 
 body=None 
 </msg>
<msg time="2024-06-02T11:12:19.798030" level="INFO">GET Response : url=https://randomuser.me/api 
 status=200, reason=OK 
 headers={'Date': 'Sun, 02 Jun 2024 11:12:19 GMT', 'Content-Type': 'application/json; charset=utf-8', 'Transfer-Encoding': 'chunked', 'Connection': 'keep-alive', 'X-Powered-By': 'Express', 'Access-Control-Allow-Origin': '*', 'Cache-Control': 'no-cache', 'ETag': 'W/"471-D0sAtDs6gLmMfqArgUQ5PpuBFqY"', 'Vary': 'Accept-Encoding', 'Content-Encoding': 'gzip', 'CF-Cache-Status': 'DYNAMIC', 'Report-To': '{"endpoints":[{"url":"https:\\/\\/a.nel.cloudflare.com\\/report\\/v4?s=WUnh7sLDf3tFu8UG%2F7k2OoVta2l90EBlmISWu7CZ6CqkBc5y7NMRS9yDYwU3nMIGLkuu%2FquSWTSdg1pJFIa6hbQKHHLQDH2b2thXiv9v%2FXyZUiV6E1GNeh6uwU3NZXTc"}],"group":"cf-nel","max_age":604800}', 'NEL': '{"success_fraction":0,"report_to":"cf-nel","max_age":604800}', 'Server': 'cloudflare', 'CF-RAY': '88d701fb0f549670-SJC', 'alt-svc': 'h3=":443"; ma=86400'} 
 body={"results":[{"gender":"female","name":{"title":"Miss","first":"Johanne","last":"Larsen"},"location":{"street":{"number":124,"name":"Sportsvej"},"city":"Sundby","state":"Syddanmark","country":"Denmark","postcode":14895,"coordinates":{"latitude":"-40.4895","longitude":"73.3842"},"timezone":{"offset":"+5:45","description":"Kathmandu"}},"email":"johanne.larsen@example.com","login":{"uuid":"662c0cde-0852-4001-85c2-4f6726dcd1f9","username":"blackfrog988","password":"runaway","salt":"IuicdfVw","md5":"c347b3d8f07d54e57ce4139a199e224e","sha1":"e3264be33bb930c4e7de9f349c0b20df1c663270","sha256":"068c26da5f8a20ce152082496f0b89eb79e22a72c2e4b4053ddeb82527f1f8be"},"dob":{"date":"1967-01-06T08:05:21.063Z","age":57},"registered":{"date":"2011-04-16T21:59:15.457Z","age":13},"phone":"48881959","cell":"75418810","id":{"name":"CPR","value":"060167-7333"},"picture":{"large":"https://randomuser.me/api/portraits/women/12.jpg","medium":"https://randomuser.me/api/portraits/med/women/12.jpg","thumbnail":"https://randomuser.me/api/portraits/thumb/women/12.jpg"},"nat":"DK"}],"info":{"seed":"f1589cd6ac87855a","results":1,"page":1,"version":"1.4"}} 
 </msg>
<msg time="2024-06-02T11:12:19.798101" level="INFO">/opt/hostedtoolcache/Python/3.12.3/x64/lib/python3.12/site-packages/urllib3/connectionpool.py:1103: InsecureRequestWarning: Unverified HTTPS request is being made to host 'randomuser.me'. Adding certificate verification is strongly advised. See: https://urllib3.readthedocs.io/en/latest/advanced-usage.html#tls-warnings
  warnings.warn(</msg>
<msg time="2024-06-02T11:12:19.798245" level="INFO">${response} = &lt;Response [200]&gt;</msg>
<var>${response}</var>
<arg>consultarAPI</arg>
<arg>/api</arg>
<doc>Sends a GET request on a previously created HTTP Session.</doc>
<status status="PASS" start="2024-06-02T11:12:19.684551" elapsed="0.113732"/>
</kw>
<kw name="Set Variable" owner="BuiltIn">
<msg time="2024-06-02T11:12:19.799330" level="INFO">${json_data} = {'results': [{'gender': 'female', 'name': {'title': 'Miss', 'first': 'Johanne', 'last': 'Larsen'}, 'location': {'street': {'number': 124, 'name': 'Sportsvej'}, 'city': 'Sundby', 'state': 'Syddanmark',...</msg>
<var>${json_data}</var>
<arg>${response.json()}</arg>
<doc>Returns the given values which can then be assigned to a variables.</doc>
<status status="PASS" start="2024-06-02T11:12:19.798810" elapsed="0.000549"/>
</kw>
<kw name="Log" owner="BuiltIn">
<msg time="2024-06-02T11:12:19.799823" level="INFO">{'results': [{'gender': 'female', 'name': {'title': 'Miss', 'first': 'Johanne', 'last': 'Larsen'}, 'location': {'street': {'number': 124, 'name': 'Sportsvej'}, 'city': 'Sundby', 'state': 'Syddanmark', 'country': 'Denmark', 'postcode': 14895, 'coordinates': {'latitude': '-40.4895', 'longitude': '73.3842'}, 'timezone': {'offset': '+5:45', 'description': 'Kathmandu'}}, 'email': 'johanne.larsen@example.com', 'login': {'uuid': '662c0cde-0852-4001-85c2-4f6726dcd1f9', 'username': 'blackfrog988', 'password': 'runaway', 'salt': 'IuicdfVw', 'md5': 'c347b3d8f07d54e57ce4139a199e224e', 'sha1': 'e3264be33bb930c4e7de9f349c0b20df1c663270', 'sha256': '068c26da5f8a20ce152082496f0b89eb79e22a72c2e4b4053ddeb82527f1f8be'}, 'dob': {'date': '1967-01-06T08:05:21.063Z', 'age': 57}, 'registered': {'date': '2011-04-16T21:59:15.457Z', 'age': 13}, 'phone': '48881959', 'cell': '75418810', 'id': {'name': 'CPR', 'value': '060167-7333'}, 'picture': {'large': 'https://randomuser.me/api/portraits/women/12.jpg', 'medium': 'https://randomuser.me/api/portraits/med/women/12.jpg', 'thumbnail': 'https://randomuser.me/api/portraits/thumb/women/12.jpg'}, 'nat': 'DK'}], 'info': {'seed': 'f1589cd6ac87855a', 'results': 1, 'page': 1, 'version': '1.4'}}</msg>
<arg>${json_data}</arg>
<doc>Logs the given message with the given level.</doc>
<status status="PASS" start="2024-06-02T11:12:19.799666" elapsed="0.000238"/>
</kw>
<kw name="Should Be Equal As Numbers" owner="BuiltIn">
<arg>${json_data['results'][0]['location']['postcode']}</arg>
<arg>${json_data['results'][0]['location']['postcode']}</arg>
<doc>Fails if objects are unequal after converting them to real numbers.</doc>
<status status="PASS" start="2024-06-02T11:12:19.800208" elapsed="0.000788"/>
</kw>
<kw name="Log" owner="BuiltIn">
<msg time="2024-06-02T11:12:19.801568" level="INFO">14895</msg>
<arg>${json_data['results'][0]['location']['postcode']}</arg>
<doc>Logs the given message with the given level.</doc>
<status status="PASS" start="2024-06-02T11:12:19.801189" elapsed="0.000419"/>
</kw>
<status status="PASS" start="2024-06-02T11:12:19.684319" elapsed="0.117549"/>
</kw>
<doc>Testa se os tipos de dados na resposta da API estão corretos.</doc>
<tag>testeTiposDados</tag>
<status status="PASS" start="2024-06-02T11:12:19.582304" elapsed="0.219733"/>
</test>
<test id="s1-s1-t5" name="Validar conteudo" line="35">
<kw name="Teste de Tipos de Conteudo" owner="random-user-service">
<kw name="GET On Session" owner="RequestsLibrary">
<msg time="2024-06-02T11:12:19.892852" level="INFO">GET Request : url=https://randomuser.me/api 
 path_url=/api 
 headers={'User-Agent': 'python-requests/2.32.3', 'Accept-Encoding': 'gzip, deflate', 'Accept': '*/*', 'Connection': 'keep-alive'} 
 body=None 
 </msg>
<msg time="2024-06-02T11:12:19.892952" level="INFO">GET Response : url=https://randomuser.me/api 
 status=200, reason=OK 
 headers={'Date': 'Sun, 02 Jun 2024 11:12:19 GMT', 'Content-Type': 'application/json; charset=utf-8', 'Transfer-Encoding': 'chunked', 'Connection': 'keep-alive', 'X-Powered-By': 'Express', 'Access-Control-Allow-Origin': '*', 'Cache-Control': 'no-cache', 'ETag': 'W/"47e-a7p53lZD3r7FD+JPk7m6BQlzmg8"', 'Vary': 'Accept-Encoding', 'Content-Encoding': 'gzip', 'CF-Cache-Status': 'DYNAMIC', 'Report-To': '{"endpoints":[{"url":"https:\\/\\/a.nel.cloudflare.com\\/report\\/v4?s=1jEBC8v%2BmdjfezPrjtqAme%2FIQKeI7LXsnKTWDbnQEwp9VBJtLqzXjKaL8d8K5MD14eHqLaZfYvEYQCgqDj3HVwwQ6JBvb1W70H9mCIAzdSn0%2BBpvwrEP3GN0r2THmVyf"}],"group":"cf-nel","max_age":604800}', 'NEL': '{"success_fraction":0,"report_to":"cf-nel","max_age":604800}', 'Server': 'cloudflare', 'CF-RAY': '88d701fbcfa59670-SJC', 'alt-svc': 'h3=":443"; ma=86400'} 
 body={"results":[{"gender":"male","name":{"title":"Mr","first":"Milomir","last":"Jović"},"location":{"street":{"number":3625,"name":"Stevana Luburića"},"city":"Bačka Topola","state":"West Bačka","country":"Serbia","postcode":65789,"coordinates":{"latitude":"63.6958","longitude":"-14.7942"},"timezone":{"offset":"-10:00","description":"Hawaii"}},"email":"milomir.jovic@example.com","login":{"uuid":"7415d1e9-1c1b-43d2-86f8-4e3b47507464","username":"whiteleopard339","password":"godfathe","salt":"fXeRo2jq","md5":"7d07c0ab01ef2bfbf399fc93f4a0387e","sha1":"b2212db755547fc484e2de43b385408645aae15b","sha256":"f0fb5d773625e78eb94937e40fd9d9d76e22762fcf8840ec87ee860c21b47fe1"},"dob":{"date":"1994-05-30T20:18:23.473Z","age":30},"registered":{"date":"2007-01-18T20:02:58.407Z","age":17},"phone":"014-3043-427","cell":"064-3359-823","id":{"name":"SID","value":"467623682"},"picture":{"large":"https://randomuser.me/api/portraits/men/73.jpg","medium":"https://randomuser.me/api/portraits/med/men/73.jpg","thumbnail":"https://randomuser.me/api/portraits/thumb/men/73.jpg"},"nat":"RS"}],"info":{"seed":"c4fe78eea9de433f","results":1,"page":1,"version":"1.4"}} 
 </msg>
<msg time="2024-06-02T11:12:19.893025" level="INFO">/opt/hostedtoolcache/Python/3.12.3/x64/lib/python3.12/site-packages/urllib3/connectionpool.py:1103: InsecureRequestWarning: Unverified HTTPS request is being made to host 'randomuser.me'. Adding certificate verification is strongly advised. See: https://urllib3.readthedocs.io/en/latest/advanced-usage.html#tls-warnings
  warnings.warn(</msg>
<msg time="2024-06-02T11:12:19.893164" level="INFO">${response} = &lt;Response [200]&gt;</msg>
<var>${response}</var>
<arg>consultarAPI</arg>
<arg>/api</arg>
<doc>Sends a GET request on a previously created HTTP Session.</doc>
<status status="PASS" start="2024-06-02T11:12:19.804482" elapsed="0.088724"/>
</kw>
<kw name="Set Variable" owner="BuiltIn">
<msg time="2024-06-02T11:12:19.894249" level="INFO">${json_data} = {'results': [{'gender': 'male', 'name': {'title': 'Mr', 'first': 'Milomir', 'last': 'Jović'}, 'location': {'street': {'number': 3625, 'name': 'Stevana Luburića'}, 'city': 'Bačka Topola', 'state': 'Wes...</msg>
<var>${json_data}</var>
<arg>${response.json()}</arg>
<doc>Returns the given values which can then be assigned to a variables.</doc>
<status status="PASS" start="2024-06-02T11:12:19.893729" elapsed="0.000549"/>
</kw>
<kw name="Set Variable" owner="BuiltIn">
<msg time="2024-06-02T11:12:19.894964" level="INFO">${name_title} = Mr</msg>
<var>${name_title}</var>
<arg>${json_data["results"][0]["name"]["title"]}</arg>
<doc>Returns the given values which can then be assigned to a variables.</doc>
<status status="PASS" start="2024-06-02T11:12:19.894593" elapsed="0.000397"/>
</kw>
<kw name="Create List" owner="BuiltIn">
<msg time="2024-06-02T11:12:19.895432" level="INFO">${allowed_titles} = ['Mr', 'Ms', 'Miss', 'Mrs', 'Madame', 'Monsieur']</msg>
<var>${allowed_titles}</var>
<arg>Mr</arg>
<arg>Ms</arg>
<arg>Miss</arg>
<arg>Mrs</arg>
<arg>Madame</arg>
<arg>Monsieur</arg>
<doc>Returns a list containing given items.</doc>
<status status="PASS" start="2024-06-02T11:12:19.895286" elapsed="0.000169"/>
</kw>
<kw name="List Should Contain Value" owner="Collections">
<msg time="2024-06-02T11:12:19.895930" level="INFO">False</msg>
<arg>${allowed_titles}</arg>
<arg>${name_title}</arg>
<doc>Fails if the ``value`` is not found from ``list``.</doc>
<status status="PASS" start="2024-06-02T11:12:19.895753" elapsed="0.000213"/>
</kw>
<kw name="Set Variable" owner="BuiltIn">
<msg time="2024-06-02T11:12:19.896626" level="INFO">${name_country} = RS</msg>
<var>${name_country}</var>
<arg>${json_data["results"][0]["nat"]}</arg>
<doc>Returns the given values which can then be assigned to a variables.</doc>
<status status="PASS" start="2024-06-02T11:12:19.896254" elapsed="0.000397"/>
</kw>
<kw name="Create List" owner="BuiltIn">
<msg time="2024-06-02T11:12:19.897588" level="INFO">${list_country} = ['AD', 'AE', 'AF', 'AG', 'AI', 'AL', 'AM', 'AO', 'AQ', 'AR', 'AS', 'AT', 'AU', 'AW', 'AX', 'AZ', 'BA', 'BB', 'BD', 'BE', 'BF', 'BG', 'BH', 'BI', 'BJ', 'BL', 'BM', 'BN', 'BO', 'BQ', 'BR', 'BS', 'BT', '...</msg>
<var>${list_country}</var>
<arg>AD</arg>
<arg>AE</arg>
<arg>AF</arg>
<arg>AG</arg>
<arg>AI</arg>
<arg>AL</arg>
<arg>AM</arg>
<arg>AO</arg>
<arg>AQ</arg>
<arg>AR</arg>
<arg>AS</arg>
<arg>AT</arg>
<arg>AU</arg>
<arg>AW</arg>
<arg>AX</arg>
<arg>AZ</arg>
<arg>BA</arg>
<arg>BB</arg>
<arg>BD</arg>
<arg>BE</arg>
<arg>BF</arg>
<arg>BG</arg>
<arg>BH</arg>
<arg>BI</arg>
<arg>BJ</arg>
<arg>BL</arg>
<arg>BM</arg>
<arg>BN</arg>
<arg>BO</arg>
<arg>BQ</arg>
<arg>BR</arg>
<arg>BS</arg>
<arg>BT</arg>
<arg>BV</arg>
<arg>BW</arg>
<arg>BY</arg>
<arg>BZ</arg>
<arg>CA</arg>
<arg>CC</arg>
<arg>CD</arg>
<arg>CF</arg>
<arg>CG</arg>
<arg>CH</arg>
<arg>CI</arg>
<arg>CK</arg>
<arg>CL</arg>
<arg>CM</arg>
<arg>CN</arg>
<arg>CO</arg>
<arg>CR</arg>
<arg>CU</arg>
<arg>CV</arg>
<arg>CW</arg>
<arg>CX</arg>
<arg>CY</arg>
<arg>CZ</arg>
<arg>DE</arg>
<arg>DJ</arg>
<arg>DK</arg>
<arg>DM</arg>
<arg>DO</arg>
<arg>DZ</arg>
<arg>EC</arg>
<arg>EE</arg>
<arg>EG</arg>
<arg>EH</arg>
<arg>ER</arg>
<arg>ES</arg>
<arg>ET</arg>
<arg>FI</arg>
<arg>FJ</arg>
<arg>FK</arg>
<arg>FM</arg>
<arg>FO</arg>
<arg>FR</arg>
<arg>GA</arg>
<arg>GB</arg>
<arg>GD</arg>
<arg>GE</arg>
<arg>GF</arg>
<arg>GG</arg>
<arg>GH</arg>
<arg>GI</arg>
<arg>GL</arg>
<arg>GM</arg>
<arg>GN</arg>
<arg>GP</arg>
<arg>GQ</arg>
<arg>GR</arg>
<arg>GS</arg>
<arg>GT</arg>
<arg>GU</arg>
<arg>GW</arg>
<arg>GY</arg>
<arg>HK</arg>
<arg>HM</arg>
<arg>HN</arg>
<arg>HR</arg>
<arg>HT</arg>
<arg>HU</arg>
<arg>ID</arg>
<arg>IE</arg>
<arg>IL</arg>
<arg>IM</arg>
<arg>IN</arg>
<arg>IO</arg>
<arg>IQ</arg>
<arg>IR</arg>
<arg>IS</arg>
<arg>IT</arg>
<arg>JE</arg>
<arg>JM</arg>
<arg>JO</arg>
<arg>JP</arg>
<arg>KE</arg>
<arg>KG</arg>
<arg>KH</arg>
<arg>KI</arg>
<arg>KM</arg>
<arg>KN</arg>
<arg>KP</arg>
<arg>KR</arg>
<arg>KW</arg>
<arg>KY</arg>
<arg>KZ</arg>
<arg>LA</arg>
<arg>LB</arg>
<arg>LC</arg>
<arg>LI</arg>
<arg>LK</arg>
<arg>LR</arg>
<arg>LS</arg>
<arg>LT</arg>
<arg>LU</arg>
<arg>LV</arg>
<arg>LY</arg>
<arg>MA</arg>
<arg>MC</arg>
<arg>MD</arg>
<arg>ME</arg>
<arg>MF</arg>
<arg>MG</arg>
<arg>MH</arg>
<arg>MK</arg>
<arg>ML</arg>
<arg>MM</arg>
<arg>MN</arg>
<arg>MO</arg>
<arg>MP</arg>
<arg>MQ</arg>
<arg>MR</arg>
<arg>MS</arg>
<arg>MT</arg>
<arg>MU</arg>
<arg>MV</arg>
<arg>MW</arg>
<arg>MX</arg>
<arg>MY</arg>
<arg>MZ</arg>
<arg>NA</arg>
<arg>NC</arg>
<arg>NE</arg>
<arg>NF</arg>
<arg>NG</arg>
<arg>NI</arg>
<arg>NL</arg>
<arg>NO</arg>
<arg>NP</arg>
<arg>NR</arg>
<arg>NU</arg>
<arg>NZ</arg>
<arg>OM</arg>
<arg>PA</arg>
<arg>PE</arg>
<arg>PF</arg>
<arg>PG</arg>
<arg>PH</arg>
<arg>PK</arg>
<arg>PL</arg>
<arg>PM</arg>
<arg>PN</arg>
<arg>PR</arg>
<arg>PS</arg>
<arg>PT</arg>
<arg>PW</arg>
<arg>PY</arg>
<arg>QA</arg>
<arg>RE</arg>
<arg>RO</arg>
<arg>RS</arg>
<arg>RU</arg>
<arg>RW</arg>
<arg>SA</arg>
<arg>SB</arg>
<arg>SC</arg>
<arg>SD</arg>
<arg>SE</arg>
<arg>SG</arg>
<arg>SH</arg>
<arg>SI</arg>
<arg>SJ</arg>
<arg>SK</arg>
<arg>SL</arg>
<arg>SM</arg>
<arg>SN</arg>
<arg>SO</arg>
<arg>SR</arg>
<arg>SS</arg>
<arg>ST</arg>
<arg>SV</arg>
<arg>SX</arg>
<arg>SY</arg>
<arg>SZ</arg>
<arg>TC</arg>
<arg>TD</arg>
<arg>TF</arg>
<arg>TG</arg>
<arg>TH</arg>
<arg>TJ</arg>
<arg>TK</arg>
<arg>TL</arg>
<arg>TM</arg>
<arg>TN</arg>
<arg>TO</arg>
<arg>TR</arg>
<arg>TT</arg>
<arg>TV</arg>
<arg>TW</arg>
<arg>TZ</arg>
<arg>UA</arg>
<arg>UG</arg>
<arg>UM</arg>
<arg>US</arg>
<arg>UY</arg>
<arg>UZ</arg>
<arg>VA</arg>
<arg>VC</arg>
<arg>VE</arg>
<arg>VG</arg>
<arg>VI</arg>
<arg>VN</arg>
<arg>VU</arg>
<arg>WF</arg>
<arg>WS</arg>
<arg>XK</arg>
<arg>YE</arg>
<arg>YT</arg>
<arg>ZA</arg>
<arg>ZM</arg>
<arg>ZW</arg>
<doc>Returns a list containing given items.</doc>
<status status="PASS" start="2024-06-02T11:12:19.896950" elapsed="0.000665"/>
</kw>
<kw name="List Should Contain Value" owner="Collections">
<msg time="2024-06-02T11:12:19.898609" level="INFO">False</msg>
<arg>${list_country}</arg>
<arg>${name_country}</arg>
<doc>Fails if the ``value`` is not found from ``list``.</doc>
<status status="PASS" start="2024-06-02T11:12:19.898397" elapsed="0.000249"/>
</kw>
<kw name="Run Keyword If" owner="BuiltIn">
<kw name="Should Be True" owner="BuiltIn">
<arg>${True}</arg>
<doc>Fails if the given condition is not true.</doc>
<status status="PASS" start="2024-06-02T11:12:19.899703" elapsed="0.000140"/>
</kw>
<arg>${json_data["results"][0]["location"]["coordinates"]["latitude"]} &gt;= -90 and ${json_data["results"][0]["location"]["coordinates"]["latitude"]} &lt;= 90</arg>
<arg>Should Be True</arg>
<arg>${True}</arg>
<doc>Runs the given keyword with the given arguments, if ``condition`` is true.</doc>
<status status="PASS" start="2024-06-02T11:12:19.898958" elapsed="0.001011"/>
</kw>
<kw name="Run Keyword If" owner="BuiltIn">
<kw name="Should Be True" owner="BuiltIn">
<arg>${True}</arg>
<doc>Fails if the given condition is not true.</doc>
<status status="PASS" start="2024-06-02T11:12:19.900854" elapsed="0.000255"/>
</kw>
<arg>${json_data["results"][0]["location"]["coordinates"]["longitude"]} &gt;= -180 and ${json_data["results"][0]["location"]["coordinates"]["longitude"]} &lt;= 180</arg>
<arg>Should Be True</arg>
<arg>${True}</arg>
<doc>Runs the given keyword with the given arguments, if ``condition`` is true.</doc>
<status status="PASS" start="2024-06-02T11:12:19.900153" elapsed="0.001082"/>
</kw>
<status status="PASS" start="2024-06-02T11:12:19.804253" elapsed="0.097116"/>
</kw>
<doc>Testa o conteúdo específico dos campos retornados pela API.</doc>
<tag>testeConteudo</tag>
<status status="PASS" start="2024-06-02T11:12:19.803789" elapsed="0.097777"/>
</test>
<status status="PASS" start="2024-06-02T11:12:18.980770" elapsed="0.922706"/>
</suite>
<status status="PASS" start="2024-06-02T11:12:18.967212" elapsed="0.941483"/>
</suite>
<statistics>
<total>
<stat pass="5" fail="0" skip="0">All Tests</stat>
</total>
<tag>
<stat pass="1" fail="0" skip="0">testeConteudo</stat>
<stat pass="1" fail="0" skip="0">testeEstruturaResposta</stat>
<stat pass="1" fail="0" skip="0">testeRequisicaoBasica</stat>
<stat pass="1" fail="0" skip="0">testeTiposDados</stat>
</tag>
<suite>
<stat pass="5" fail="0" skip="0" id="s1" name="Tests">Tests</stat>
<stat pass="5" fail="0" skip="0" id="s1-s1" name="Random-User-Test">Tests.Random-User-Test</stat>
</suite>
</statistics>
<errors>
</errors>
</robot>
