<?xml version="1.0" encoding="UTF-8"?>
<robot generator="Robot 7.0.1 (Python 3.12.3 on linux)" generated="2024-06-15T20:15:42.718187" rpa="false" schemaversion="5">
<suite id="s1" name="Tests" source="/home/runner/work/ApiRandomUser/ApiRandomUser/RamdonUser/tests">
<suite id="s1-s1" name="Random-User-Test" source="/home/runner/work/ApiRandomUser/ApiRandomUser/RamdonUser/tests/random-user-test.robot">
<test id="s1-s1-t1" name="Conectar" line="13">
<kw name="Conectar API" owner="random-user-service">
<kw name="Create Session" owner="RequestsLibrary">
<msg time="2024-06-15T20:15:43.107216" level="INFO">Creating Session using : alias=consultarAPI, url=https://randomuser.me/, headers={},                     cookies={}, auth=None, timeout=None, proxies=None, verify=False,                     debug=0 </msg>
<arg>consultarAPI</arg>
<arg>${URL}</arg>
<doc>Create Session: create a HTTP session to a server</doc>
<status status="PASS" start="2024-06-15T20:15:43.107014" elapsed="0.000381"/>
</kw>
<status status="PASS" start="2024-06-15T20:15:43.105955" elapsed="0.001797"/>
</kw>
<status status="PASS" start="2024-06-15T20:15:43.105253" elapsed="0.002694"/>
</test>
<test id="s1-s1-t2" name="Validar retorno 200 e JSON Válido" line="16">
<kw name="Teste de Requisicao Basica" owner="random-user-service">
<kw name="GET On Session" owner="RequestsLibrary">
<msg time="2024-06-15T20:15:43.221846" level="INFO">GET Request : url=https://randomuser.me/api 
 path_url=/api 
 headers={'User-Agent': 'python-requests/2.32.3', 'Accept-Encoding': 'gzip, deflate', 'Accept': '*/*', 'Connection': 'keep-alive'} 
 body=None 
 </msg>
<msg time="2024-06-15T20:15:43.221963" level="INFO">GET Response : url=https://randomuser.me/api 
 status=200, reason=OK 
 headers={'Date': 'Sat, 15 Jun 2024 20:15:43 GMT', 'Content-Type': 'application/json; charset=utf-8', 'Transfer-Encoding': 'chunked', 'Connection': 'keep-alive', 'X-Powered-By': 'Express', 'Access-Control-Allow-Origin': '*', 'Cache-Control': 'no-cache', 'ETag': 'W/"487-GyR+gOixOQ7RKFd7O+y8wwDlSc8"', 'Vary': 'Accept-Encoding', 'Content-Encoding': 'gzip', 'CF-Cache-Status': 'DYNAMIC', 'Report-To': '{"endpoints":[{"url":"https:\\/\\/a.nel.cloudflare.com\\/report\\/v4?s=JigMKCFwjaCYzwRJYfkLtdGAL6RMddAsOG4Uhuiw5GK%2BX%2FcGT5206kukFUP8kYKP2fYm%2B472gPZpkdkJzubcMajJdf0TAI1CY0Ggojk%2BvOLWhc7kYcyjdqvkQTw5kBOz"}],"group":"cf-nel","max_age":604800}', 'NEL': '{"success_fraction":0,"report_to":"cf-nel","max_age":604800}', 'Server': 'cloudflare', 'CF-RAY': '89453bd69e3b67a3-SJC', 'alt-svc': 'h3=":443"; ma=86400'} 
 body={"results":[{"gender":"male","name":{"title":"Mr","first":"Aitor","last":"Bravo"},"location":{"street":{"number":5389,"name":"Calle del Barquillo"},"city":"Valladolid","state":"Galicia","country":"Spain","postcode":20903,"coordinates":{"latitude":"-32.8877","longitude":"-51.3939"},"timezone":{"offset":"+8:00","description":"Beijing, Perth, Singapore, Hong Kong"}},"email":"aitor.bravo@example.com","login":{"uuid":"01d8cea1-420c-4376-b9e3-d72090fa35ca","username":"tinyduck870","password":"mnbvcx","salt":"skcXoDx7","md5":"8851a068ddb9153b0aadb859d92536f5","sha1":"bb83a1f81ef4c341eb6aee6f2def38ad303d993d","sha256":"f61ec9594afa27c55c242a9004eb2387f19376992a4bd78bb6e3716f1d092ccb"},"dob":{"date":"1970-03-20T01:42:37.291Z","age":54},"registered":{"date":"2005-07-08T03:45:05.253Z","age":18},"phone":"950-962-376","cell":"626-712-924","id":{"name":"DNI","value":"57217188-V"},"picture":{"large":"https://randomuser.me/api/portraits/men/2.jpg","medium":"https://randomuser.me/api/portraits/med/men/2.jpg","thumbnail":"https://randomuser.me/api/portraits/thumb/men/2.jpg"},"nat":"ES"}],"info":{"seed":"cbe0f3137d69167c","results":1,"page":1,"version":"1.4"}} 
 </msg>
<msg time="2024-06-15T20:15:43.222037" level="INFO">/opt/hostedtoolcache/Python/3.12.3/x64/lib/python3.12/site-packages/urllib3/connectionpool.py:1103: InsecureRequestWarning: Unverified HTTPS request is being made to host 'randomuser.me'. Adding certificate verification is strongly advised. See: https://urllib3.readthedocs.io/en/latest/advanced-usage.html#tls-warnings
  warnings.warn(</msg>
<msg time="2024-06-15T20:15:43.222169" level="INFO">${response} = &lt;Response [200]&gt;</msg>
<var>${response}</var>
<arg>consultarAPI</arg>
<arg>/api</arg>
<doc>Sends a GET request on a previously created HTTP Session.</doc>
<status status="PASS" start="2024-06-15T20:15:43.110525" elapsed="0.111682"/>
</kw>
<kw name="Should Be Equal As Numbers" owner="BuiltIn">
<msg time="2024-06-15T20:15:43.223048" level="INFO">Argument types are:
&lt;class 'int'&gt;
&lt;class 'str'&gt;</msg>
<arg>${response.status_code}</arg>
<arg>200</arg>
<doc>Fails if objects are unequal after converting them to real numbers.</doc>
<status status="PASS" start="2024-06-15T20:15:43.222637" elapsed="0.000474"/>
</kw>
<kw name="Log" owner="BuiltIn">
<msg time="2024-06-15T20:15:43.223749" level="INFO">200</msg>
<arg>${response.status_code}</arg>
<doc>Logs the given message with the given level.</doc>
<status status="PASS" start="2024-06-15T20:15:43.223415" elapsed="0.000380"/>
</kw>
<kw name="Set Variable" owner="BuiltIn">
<msg time="2024-06-15T20:15:43.224511" level="INFO">${json_data} = {'results': [{'gender': 'male', 'name': {'title': 'Mr', 'first': 'Aitor', 'last': 'Bravo'}, 'location': {'street': {'number': 5389, 'name': 'Calle del Barquillo'}, 'city': 'Valladolid', 'state': 'Gali...</msg>
<var>${json_data}</var>
<arg>${response.json()}</arg>
<doc>Returns the given values which can then be assigned to a variables.</doc>
<status status="PASS" start="2024-06-15T20:15:43.224096" elapsed="0.000443"/>
</kw>
<kw name="Dictionary Should Contain Key" owner="Collections">
<arg>${json_data}</arg>
<arg>results</arg>
<doc>Fails if ``key`` is not found from ``dictionary``.</doc>
<status status="PASS" start="2024-06-15T20:15:43.224833" elapsed="0.000168"/>
</kw>
<status status="PASS" start="2024-06-15T20:15:43.110288" elapsed="0.114858"/>
</kw>
<doc>Testa se a API responde corretamente e retorna um objeto JSON válido.</doc>
<tag>testeRequisicaoBasica</tag>
<status status="PASS" start="2024-06-15T20:15:43.109839" elapsed="0.115467"/>
</test>
<test id="s1-s1-t3" name="Validar estrutura de resposta" line="22">
<kw name="Teste de Estrutura de Resposta" owner="random-user-service">
<kw name="GET On Session" owner="RequestsLibrary">
<msg time="2024-06-15T20:15:43.346754" level="INFO">GET Request : url=https://randomuser.me/api 
 path_url=/api 
 headers={'User-Agent': 'python-requests/2.32.3', 'Accept-Encoding': 'gzip, deflate', 'Accept': '*/*', 'Connection': 'keep-alive'} 
 body=None 
 </msg>
<msg time="2024-06-15T20:15:43.346834" level="INFO">GET Response : url=https://randomuser.me/api 
 status=200, reason=OK 
 headers={'Date': 'Sat, 15 Jun 2024 20:15:43 GMT', 'Content-Type': 'application/json; charset=utf-8', 'Transfer-Encoding': 'chunked', 'Connection': 'keep-alive', 'X-Powered-By': 'Express', 'Access-Control-Allow-Origin': '*', 'Cache-Control': 'no-cache', 'ETag': 'W/"497-DobEArmb/SM3p6SZ1OSfcJMrMls"', 'Vary': 'Accept-Encoding', 'Content-Encoding': 'gzip', 'CF-Cache-Status': 'DYNAMIC', 'Report-To': '{"endpoints":[{"url":"https:\\/\\/a.nel.cloudflare.com\\/report\\/v4?s=m0lN3fXDM8CGazVqRABL4SZsnuJaSpGJShKs2Eb7xSBLh8jTVKeiDJeeS3j7IqPjp3AwaPWfc4HocH4alUZ%2FeRuCfflTwka8rVQh7Q%2FHTS%2Bg%2FgG89pU3bP5gKGa6aujF"}],"group":"cf-nel","max_age":604800}', 'NEL': '{"success_fraction":0,"report_to":"cf-nel","max_age":604800}', 'Server': 'cloudflare', 'CF-RAY': '89453bd73ea567a3-SJC', 'alt-svc': 'h3=":443"; ma=86400'} 
 body={"results":[{"gender":"female","name":{"title":"Ms","first":"Glenda","last":"Hamilton"},"location":{"street":{"number":6436,"name":"Walnut Hill Ln"},"city":"Sunshine Coast","state":"Australian Capital Territory","country":"Australia","postcode":1782,"coordinates":{"latitude":"-84.3082","longitude":"94.9896"},"timezone":{"offset":"-9:00","description":"Alaska"}},"email":"glenda.hamilton@example.com","login":{"uuid":"55a2aec0-4a47-4e5d-a344-a49f30003eea","username":"goldenostrich353","password":"deaths","salt":"QsD5v1zp","md5":"f8e9ab14730bdd4ac87120aaaab1a705","sha1":"7a28d448dd1e252e2fdb5f5da934c6964fc0fca2","sha256":"b7f725fdeda46595814e45b7768486fa60e4556537b4a13b838c5a0c6df1eebe"},"dob":{"date":"1977-02-12T22:48:06.107Z","age":47},"registered":{"date":"2021-03-21T02:06:02.900Z","age":3},"phone":"00-0029-8690","cell":"0400-842-446","id":{"name":"TFN","value":"310339060"},"picture":{"large":"https://randomuser.me/api/portraits/women/20.jpg","medium":"https://randomuser.me/api/portraits/med/women/20.jpg","thumbnail":"https://randomuser.me/api/portraits/thumb/women/20.jpg"},"nat":"AU"}],"info":{"seed":"a8be81b6aafcd0b2","results":1,"page":1,"version":"1.4"}} 
 </msg>
<msg time="2024-06-15T20:15:43.346963" level="INFO">/opt/hostedtoolcache/Python/3.12.3/x64/lib/python3.12/site-packages/urllib3/connectionpool.py:1103: InsecureRequestWarning: Unverified HTTPS request is being made to host 'randomuser.me'. Adding certificate verification is strongly advised. See: https://urllib3.readthedocs.io/en/latest/advanced-usage.html#tls-warnings
  warnings.warn(</msg>
<msg time="2024-06-15T20:15:43.347104" level="INFO">${response} = &lt;Response [200]&gt;</msg>
<var>${response}</var>
<arg>consultarAPI</arg>
<arg>/api</arg>
<doc>Sends a GET request on a previously created HTTP Session.</doc>
<status status="PASS" start="2024-06-15T20:15:43.227947" elapsed="0.119200"/>
</kw>
<kw name="Set Variable" owner="BuiltIn">
<msg time="2024-06-15T20:15:43.347930" level="INFO">${json_data} = {'results': [{'gender': 'female', 'name': {'title': 'Ms', 'first': 'Glenda', 'last': 'Hamilton'}, 'location': {'street': {'number': 6436, 'name': 'Walnut Hill Ln'}, 'city': 'Sunshine Coast', 'state': ...</msg>
<var>${json_data}</var>
<arg>${response.json()}</arg>
<doc>Returns the given values which can then be assigned to a variables.</doc>
<status status="PASS" start="2024-06-15T20:15:43.347502" elapsed="0.000456"/>
</kw>
<kw name="Log" owner="BuiltIn">
<msg time="2024-06-15T20:15:43.348407" level="INFO">{'results': [{'gender': 'female', 'name': {'title': 'Ms', 'first': 'Glenda', 'last': 'Hamilton'}, 'location': {'street': {'number': 6436, 'name': 'Walnut Hill Ln'}, 'city': 'Sunshine Coast', 'state': 'Australian Capital Territory', 'country': 'Australia', 'postcode': 1782, 'coordinates': {'latitude': '-84.3082', 'longitude': '94.9896'}, 'timezone': {'offset': '-9:00', 'description': 'Alaska'}}, 'email': 'glenda.hamilton@example.com', 'login': {'uuid': '55a2aec0-4a47-4e5d-a344-a49f30003eea', 'username': 'goldenostrich353', 'password': 'deaths', 'salt': 'QsD5v1zp', 'md5': 'f8e9ab14730bdd4ac87120aaaab1a705', 'sha1': '7a28d448dd1e252e2fdb5f5da934c6964fc0fca2', 'sha256': 'b7f725fdeda46595814e45b7768486fa60e4556537b4a13b838c5a0c6df1eebe'}, 'dob': {'date': '1977-02-12T22:48:06.107Z', 'age': 47}, 'registered': {'date': '2021-03-21T02:06:02.900Z', 'age': 3}, 'phone': '00-0029-8690', 'cell': '0400-842-446', 'id': {'name': 'TFN', 'value': '310339060'}, 'picture': {'large': 'https://randomuser.me/api/portraits/women/20.jpg', 'medium': 'https://randomuser.me/api/portraits/med/women/20.jpg', 'thumbnail': 'https://randomuser.me/api/portraits/thumb/women/20.jpg'}, 'nat': 'AU'}], 'info': {'seed': 'a8be81b6aafcd0b2', 'results': 1, 'page': 1, 'version': '1.4'}}</msg>
<arg>${json_data}</arg>
<doc>Logs the given message with the given level.</doc>
<status status="PASS" start="2024-06-15T20:15:43.348257" elapsed="0.000196"/>
</kw>
<kw name="Dictionary Should Contain Key" owner="Collections">
<arg>${json_data}</arg>
<arg>results</arg>
<doc>Fails if ``key`` is not found from ``dictionary``.</doc>
<status status="PASS" start="2024-06-15T20:15:43.348738" elapsed="0.000152"/>
</kw>
<kw name="Should Not Be Empty" owner="BuiltIn">
<msg time="2024-06-15T20:15:43.349187" level="INFO">Length is 2.</msg>
<arg>${json_data}</arg>
<doc>Verifies that the given item is not empty.</doc>
<status status="PASS" start="2024-06-15T20:15:43.349069" elapsed="0.000155"/>
</kw>
<kw name="Create List" owner="BuiltIn">
<msg time="2024-06-15T20:15:43.349653" level="INFO">${expected_keys} = ['gender', 'name', 'location', 'email', 'login']</msg>
<var>${expected_keys}</var>
<arg>gender</arg>
<arg>name</arg>
<arg>location</arg>
<arg>email</arg>
<arg>login</arg>
<doc>Returns a list containing given items.</doc>
<status status="PASS" start="2024-06-15T20:15:43.349510" elapsed="0.000166"/>
</kw>
<for flavor="IN">
<iter>
<kw name="Dictionary Should Contain Key" owner="Collections">
<arg>${json_data['results'][0]}</arg>
<arg>${key}</arg>
<doc>Fails if ``key`` is not found from ``dictionary``.</doc>
<status status="PASS" start="2024-06-15T20:15:43.350277" elapsed="0.000396"/>
</kw>
<kw name="Log" owner="BuiltIn">
<msg time="2024-06-15T20:15:43.351210" level="INFO">{'gender': 'female', 'name': {'title': 'Ms', 'first': 'Glenda', 'last': 'Hamilton'}, 'location': {'street': {'number': 6436, 'name': 'Walnut Hill Ln'}, 'city': 'Sunshine Coast', 'state': 'Australian Capital Territory', 'country': 'Australia', 'postcode': 1782, 'coordinates': {'latitude': '-84.3082', 'longitude': '94.9896'}, 'timezone': {'offset': '-9:00', 'description': 'Alaska'}}, 'email': 'glenda.hamilton@example.com', 'login': {'uuid': '55a2aec0-4a47-4e5d-a344-a49f30003eea', 'username': 'goldenostrich353', 'password': 'deaths', 'salt': 'QsD5v1zp', 'md5': 'f8e9ab14730bdd4ac87120aaaab1a705', 'sha1': '7a28d448dd1e252e2fdb5f5da934c6964fc0fca2', 'sha256': 'b7f725fdeda46595814e45b7768486fa60e4556537b4a13b838c5a0c6df1eebe'}, 'dob': {'date': '1977-02-12T22:48:06.107Z', 'age': 47}, 'registered': {'date': '2021-03-21T02:06:02.900Z', 'age': 3}, 'phone': '00-0029-8690', 'cell': '0400-842-446', 'id': {'name': 'TFN', 'value': '310339060'}, 'picture': {'large': 'https://randomuser.me/api/portraits/women/20.jpg', 'medium': 'https://randomuser.me/api/portraits/med/women/20.jpg', 'thumbnail': 'https://randomuser.me/api/portraits/thumb/women/20.jpg'}, 'nat': 'AU'}</msg>
<arg>${json_data['results'][0]}</arg>
<doc>Logs the given message with the given level.</doc>
<status status="PASS" start="2024-06-15T20:15:43.350862" elapsed="0.000395"/>
</kw>
<kw name="Log" owner="BuiltIn">
<msg time="2024-06-15T20:15:43.351670" level="INFO">gender</msg>
<arg>${key}</arg>
<doc>Logs the given message with the given level.</doc>
<status status="PASS" start="2024-06-15T20:15:43.351547" elapsed="0.000161"/>
</kw>
<var name="${key}">gender</var>
<status status="PASS" start="2024-06-15T20:15:43.350154" elapsed="0.001774"/>
</iter>
<iter>
<kw name="Dictionary Should Contain Key" owner="Collections">
<arg>${json_data['results'][0]}</arg>
<arg>${key}</arg>
<doc>Fails if ``key`` is not found from ``dictionary``.</doc>
<status status="PASS" start="2024-06-15T20:15:43.352222" elapsed="0.000375"/>
</kw>
<kw name="Log" owner="BuiltIn">
<msg time="2024-06-15T20:15:43.353118" level="INFO">{'gender': 'female', 'name': {'title': 'Ms', 'first': 'Glenda', 'last': 'Hamilton'}, 'location': {'street': {'number': 6436, 'name': 'Walnut Hill Ln'}, 'city': 'Sunshine Coast', 'state': 'Australian Capital Territory', 'country': 'Australia', 'postcode': 1782, 'coordinates': {'latitude': '-84.3082', 'longitude': '94.9896'}, 'timezone': {'offset': '-9:00', 'description': 'Alaska'}}, 'email': 'glenda.hamilton@example.com', 'login': {'uuid': '55a2aec0-4a47-4e5d-a344-a49f30003eea', 'username': 'goldenostrich353', 'password': 'deaths', 'salt': 'QsD5v1zp', 'md5': 'f8e9ab14730bdd4ac87120aaaab1a705', 'sha1': '7a28d448dd1e252e2fdb5f5da934c6964fc0fca2', 'sha256': 'b7f725fdeda46595814e45b7768486fa60e4556537b4a13b838c5a0c6df1eebe'}, 'dob': {'date': '1977-02-12T22:48:06.107Z', 'age': 47}, 'registered': {'date': '2021-03-21T02:06:02.900Z', 'age': 3}, 'phone': '00-0029-8690', 'cell': '0400-842-446', 'id': {'name': 'TFN', 'value': '310339060'}, 'picture': {'large': 'https://randomuser.me/api/portraits/women/20.jpg', 'medium': 'https://randomuser.me/api/portraits/med/women/20.jpg', 'thumbnail': 'https://randomuser.me/api/portraits/thumb/women/20.jpg'}, 'nat': 'AU'}</msg>
<arg>${json_data['results'][0]}</arg>
<doc>Logs the given message with the given level.</doc>
<status status="PASS" start="2024-06-15T20:15:43.352775" elapsed="0.000422"/>
</kw>
<kw name="Log" owner="BuiltIn">
<msg time="2024-06-15T20:15:43.353620" level="INFO">name</msg>
<arg>${key}</arg>
<doc>Logs the given message with the given level.</doc>
<status status="PASS" start="2024-06-15T20:15:43.353491" elapsed="0.000168"/>
</kw>
<var name="${key}">name</var>
<status status="PASS" start="2024-06-15T20:15:43.352112" elapsed="0.001790"/>
</iter>
<iter>
<kw name="Dictionary Should Contain Key" owner="Collections">
<arg>${json_data['results'][0]}</arg>
<arg>${key}</arg>
<doc>Fails if ``key`` is not found from ``dictionary``.</doc>
<status status="PASS" start="2024-06-15T20:15:43.354194" elapsed="0.000375"/>
</kw>
<kw name="Log" owner="BuiltIn">
<msg time="2024-06-15T20:15:43.355091" level="INFO">{'gender': 'female', 'name': {'title': 'Ms', 'first': 'Glenda', 'last': 'Hamilton'}, 'location': {'street': {'number': 6436, 'name': 'Walnut Hill Ln'}, 'city': 'Sunshine Coast', 'state': 'Australian Capital Territory', 'country': 'Australia', 'postcode': 1782, 'coordinates': {'latitude': '-84.3082', 'longitude': '94.9896'}, 'timezone': {'offset': '-9:00', 'description': 'Alaska'}}, 'email': 'glenda.hamilton@example.com', 'login': {'uuid': '55a2aec0-4a47-4e5d-a344-a49f30003eea', 'username': 'goldenostrich353', 'password': 'deaths', 'salt': 'QsD5v1zp', 'md5': 'f8e9ab14730bdd4ac87120aaaab1a705', 'sha1': '7a28d448dd1e252e2fdb5f5da934c6964fc0fca2', 'sha256': 'b7f725fdeda46595814e45b7768486fa60e4556537b4a13b838c5a0c6df1eebe'}, 'dob': {'date': '1977-02-12T22:48:06.107Z', 'age': 47}, 'registered': {'date': '2021-03-21T02:06:02.900Z', 'age': 3}, 'phone': '00-0029-8690', 'cell': '0400-842-446', 'id': {'name': 'TFN', 'value': '310339060'}, 'picture': {'large': 'https://randomuser.me/api/portraits/women/20.jpg', 'medium': 'https://randomuser.me/api/portraits/med/women/20.jpg', 'thumbnail': 'https://randomuser.me/api/portraits/thumb/women/20.jpg'}, 'nat': 'AU'}</msg>
<arg>${json_data['results'][0]}</arg>
<doc>Logs the given message with the given level.</doc>
<status status="PASS" start="2024-06-15T20:15:43.354752" elapsed="0.000387"/>
</kw>
<kw name="Log" owner="BuiltIn">
<msg time="2024-06-15T20:15:43.355556" level="INFO">location</msg>
<arg>${key}</arg>
<doc>Logs the given message with the given level.</doc>
<status status="PASS" start="2024-06-15T20:15:43.355431" elapsed="0.000163"/>
</kw>
<var name="${key}">location</var>
<status status="PASS" start="2024-06-15T20:15:43.354082" elapsed="0.001731"/>
</iter>
<iter>
<kw name="Dictionary Should Contain Key" owner="Collections">
<arg>${json_data['results'][0]}</arg>
<arg>${key}</arg>
<doc>Fails if ``key`` is not found from ``dictionary``.</doc>
<status status="PASS" start="2024-06-15T20:15:43.356089" elapsed="0.000380"/>
</kw>
<kw name="Log" owner="BuiltIn">
<msg time="2024-06-15T20:15:43.356999" level="INFO">{'gender': 'female', 'name': {'title': 'Ms', 'first': 'Glenda', 'last': 'Hamilton'}, 'location': {'street': {'number': 6436, 'name': 'Walnut Hill Ln'}, 'city': 'Sunshine Coast', 'state': 'Australian Capital Territory', 'country': 'Australia', 'postcode': 1782, 'coordinates': {'latitude': '-84.3082', 'longitude': '94.9896'}, 'timezone': {'offset': '-9:00', 'description': 'Alaska'}}, 'email': 'glenda.hamilton@example.com', 'login': {'uuid': '55a2aec0-4a47-4e5d-a344-a49f30003eea', 'username': 'goldenostrich353', 'password': 'deaths', 'salt': 'QsD5v1zp', 'md5': 'f8e9ab14730bdd4ac87120aaaab1a705', 'sha1': '7a28d448dd1e252e2fdb5f5da934c6964fc0fca2', 'sha256': 'b7f725fdeda46595814e45b7768486fa60e4556537b4a13b838c5a0c6df1eebe'}, 'dob': {'date': '1977-02-12T22:48:06.107Z', 'age': 47}, 'registered': {'date': '2021-03-21T02:06:02.900Z', 'age': 3}, 'phone': '00-0029-8690', 'cell': '0400-842-446', 'id': {'name': 'TFN', 'value': '310339060'}, 'picture': {'large': 'https://randomuser.me/api/portraits/women/20.jpg', 'medium': 'https://randomuser.me/api/portraits/med/women/20.jpg', 'thumbnail': 'https://randomuser.me/api/portraits/thumb/women/20.jpg'}, 'nat': 'AU'}</msg>
<arg>${json_data['results'][0]}</arg>
<doc>Logs the given message with the given level.</doc>
<status status="PASS" start="2024-06-15T20:15:43.356648" elapsed="0.000398"/>
</kw>
<kw name="Log" owner="BuiltIn">
<msg time="2024-06-15T20:15:43.357462" level="INFO">email</msg>
<arg>${key}</arg>
<doc>Logs the given message with the given level.</doc>
<status status="PASS" start="2024-06-15T20:15:43.357336" elapsed="0.000163"/>
</kw>
<var name="${key}">email</var>
<status status="PASS" start="2024-06-15T20:15:43.355983" elapsed="0.001728"/>
</iter>
<iter>
<kw name="Dictionary Should Contain Key" owner="Collections">
<arg>${json_data['results'][0]}</arg>
<arg>${key}</arg>
<doc>Fails if ``key`` is not found from ``dictionary``.</doc>
<status status="PASS" start="2024-06-15T20:15:43.358027" elapsed="0.000379"/>
</kw>
<kw name="Log" owner="BuiltIn">
<msg time="2024-06-15T20:15:43.358951" level="INFO">{'gender': 'female', 'name': {'title': 'Ms', 'first': 'Glenda', 'last': 'Hamilton'}, 'location': {'street': {'number': 6436, 'name': 'Walnut Hill Ln'}, 'city': 'Sunshine Coast', 'state': 'Australian Capital Territory', 'country': 'Australia', 'postcode': 1782, 'coordinates': {'latitude': '-84.3082', 'longitude': '94.9896'}, 'timezone': {'offset': '-9:00', 'description': 'Alaska'}}, 'email': 'glenda.hamilton@example.com', 'login': {'uuid': '55a2aec0-4a47-4e5d-a344-a49f30003eea', 'username': 'goldenostrich353', 'password': 'deaths', 'salt': 'QsD5v1zp', 'md5': 'f8e9ab14730bdd4ac87120aaaab1a705', 'sha1': '7a28d448dd1e252e2fdb5f5da934c6964fc0fca2', 'sha256': 'b7f725fdeda46595814e45b7768486fa60e4556537b4a13b838c5a0c6df1eebe'}, 'dob': {'date': '1977-02-12T22:48:06.107Z', 'age': 47}, 'registered': {'date': '2021-03-21T02:06:02.900Z', 'age': 3}, 'phone': '00-0029-8690', 'cell': '0400-842-446', 'id': {'name': 'TFN', 'value': '310339060'}, 'picture': {'large': 'https://randomuser.me/api/portraits/women/20.jpg', 'medium': 'https://randomuser.me/api/portraits/med/women/20.jpg', 'thumbnail': 'https://randomuser.me/api/portraits/thumb/women/20.jpg'}, 'nat': 'AU'}</msg>
<arg>${json_data['results'][0]}</arg>
<doc>Logs the given message with the given level.</doc>
<status status="PASS" start="2024-06-15T20:15:43.358599" elapsed="0.000409"/>
</kw>
<kw name="Log" owner="BuiltIn">
<msg time="2024-06-15T20:15:43.359524" level="INFO">login</msg>
<arg>${key}</arg>
<doc>Logs the given message with the given level.</doc>
<status status="PASS" start="2024-06-15T20:15:43.359297" elapsed="0.000265"/>
</kw>
<var name="${key}">login</var>
<status status="PASS" start="2024-06-15T20:15:43.357918" elapsed="0.001858"/>
</iter>
<var>${key}</var>
<value>@{expected_keys}</value>
<status status="PASS" start="2024-06-15T20:15:43.349969" elapsed="0.009927"/>
</for>
<kw name="Create List" owner="BuiltIn">
<msg time="2024-06-15T20:15:43.360211" level="INFO">${expected_keysTwo} = ['username', 'password']</msg>
<var>${expected_keysTwo}</var>
<arg>username</arg>
<arg>password</arg>
<doc>Returns a list containing given items.</doc>
<status status="PASS" start="2024-06-15T20:15:43.360080" elapsed="0.000182"/>
</kw>
<for flavor="IN">
<iter>
<kw name="Dictionary Should Contain Key" owner="Collections">
<arg>${json_data['results'][0]['login']}</arg>
<arg>${keyTwo}</arg>
<doc>Fails if ``key`` is not found from ``dictionary``.</doc>
<status status="PASS" start="2024-06-15T20:15:43.360769" elapsed="0.000375"/>
</kw>
<kw name="Dictionary Should Contain Key" owner="Collections">
<arg>${json_data['results'][0]['login']}</arg>
<arg>${keyTwo}</arg>
<doc>Fails if ``key`` is not found from ``dictionary``.</doc>
<status status="PASS" start="2024-06-15T20:15:43.361323" elapsed="0.000372"/>
</kw>
<kw name="Log" owner="BuiltIn">
<msg time="2024-06-15T20:15:43.362019" level="INFO">username</msg>
<arg>${keyTwo}</arg>
<doc>Logs the given message with the given level.</doc>
<status status="PASS" start="2024-06-15T20:15:43.361900" elapsed="0.000156"/>
</kw>
<var name="${keyTwo}">username</var>
<status status="PASS" start="2024-06-15T20:15:43.360665" elapsed="0.001608"/>
</iter>
<iter>
<kw name="Dictionary Should Contain Key" owner="Collections">
<arg>${json_data['results'][0]['login']}</arg>
<arg>${keyTwo}</arg>
<doc>Fails if ``key`` is not found from ``dictionary``.</doc>
<status status="PASS" start="2024-06-15T20:15:43.362557" elapsed="0.000373"/>
</kw>
<kw name="Dictionary Should Contain Key" owner="Collections">
<arg>${json_data['results'][0]['login']}</arg>
<arg>${keyTwo}</arg>
<doc>Fails if ``key`` is not found from ``dictionary``.</doc>
<status status="PASS" start="2024-06-15T20:15:43.363106" elapsed="0.000363"/>
</kw>
<kw name="Log" owner="BuiltIn">
<msg time="2024-06-15T20:15:43.363763" level="INFO">password</msg>
<arg>${keyTwo}</arg>
<doc>Logs the given message with the given level.</doc>
<status status="PASS" start="2024-06-15T20:15:43.363647" elapsed="0.000152"/>
</kw>
<var name="${keyTwo}">password</var>
<status status="PASS" start="2024-06-15T20:15:43.362449" elapsed="0.001569"/>
</iter>
<var>${keyTwo}</var>
<value>@{expected_keysTwo}</value>
<status status="PASS" start="2024-06-15T20:15:43.360505" elapsed="0.003635"/>
</for>
<status status="PASS" start="2024-06-15T20:15:43.227720" elapsed="0.136565"/>
</kw>
<doc>Testa a estrutura da resposta da API.</doc>
<tag>testeEstruturaResposta</tag>
<status status="PASS" start="2024-06-15T20:15:43.227108" elapsed="0.137322"/>
</test>
<test id="s1-s1-t4" name="Validar tipos de dados" line="28">
<kw name="Teste de Tipos de Dados" owner="random-user-service">
<kw name="GET On Session" owner="RequestsLibrary">
<msg time="2024-06-15T20:15:43.454094" level="INFO">GET Request : url=https://randomuser.me/api 
 path_url=/api 
 headers={'User-Agent': 'python-requests/2.32.3', 'Accept-Encoding': 'gzip, deflate', 'Accept': '*/*', 'Connection': 'keep-alive'} 
 body=None 
 </msg>
<msg time="2024-06-15T20:15:43.454179" level="INFO">GET Response : url=https://randomuser.me/api 
 status=200, reason=OK 
 headers={'Date': 'Sat, 15 Jun 2024 20:15:43 GMT', 'Content-Type': 'application/json; charset=utf-8', 'Transfer-Encoding': 'chunked', 'Connection': 'keep-alive', 'X-Powered-By': 'Express', 'Access-Control-Allow-Origin': '*', 'Cache-Control': 'no-cache', 'ETag': 'W/"498-8yloniG/+XvX8gSW+Adk64yPiII"', 'Vary': 'Accept-Encoding', 'Content-Encoding': 'gzip', 'CF-Cache-Status': 'DYNAMIC', 'Report-To': '{"endpoints":[{"url":"https:\\/\\/a.nel.cloudflare.com\\/report\\/v4?s=hRziSOn49cNQffVFrk5FcRuOlV6M4YK9GratKigQjN7%2Bue4%2B9nDNWB%2B1LawWlKI95IGSbM1KPS2GLKwUtPYuWiovjoXo0vnq02hgHgWPtfee8EXsgvsBBACsmTYoJVdU"}],"group":"cf-nel","max_age":604800}', 'NEL': '{"success_fraction":0,"report_to":"cf-nel","max_age":604800}', 'Server': 'cloudflare', 'CF-RAY': '89453bd81f4867a3-SJC', 'alt-svc': 'h3=":443"; ma=86400'} 
 body={"results":[{"gender":"male","name":{"title":"Mr","first":"Jarle","last":"Bævre"},"location":{"street":{"number":43,"name":"Henrichsens gate"},"city":"Roverud","state":"Finnmark - Finnmárku","country":"Norway","postcode":"3111","coordinates":{"latitude":"42.3114","longitude":"-167.6829"},"timezone":{"offset":"-5:00","description":"Eastern Time (US &amp; Canada), Bogota, Lima"}},"email":"jarle.baevre@example.com","login":{"uuid":"61405a3a-e524-462b-a8a6-f24557bb390b","username":"purplegorilla985","password":"lithium","salt":"6wirzjSO","md5":"a4f3f2bf970d1049818d4154c52ea6b9","sha1":"6c1b24cc351b3f3fee23bb191f833f125727660a","sha256":"9fa972f6cc317d3d3810e4715953c06820d6bbd373ffd0ffc24b2c1c471cfae7"},"dob":{"date":"1952-07-03T09:21:43.025Z","age":71},"registered":{"date":"2008-04-02T20:53:47.704Z","age":16},"phone":"54771607","cell":"42407439","id":{"name":"FN","value":"03075219759"},"picture":{"large":"https://randomuser.me/api/portraits/men/34.jpg","medium":"https://randomuser.me/api/portraits/med/men/34.jpg","thumbnail":"https://randomuser.me/api/portraits/thumb/men/34.jpg"},"nat":"NO"}],"info":{"seed":"6d6a2f007f24dcfe","results":1,"page":1,"version":"1.4"}} 
 </msg>
<msg time="2024-06-15T20:15:43.454257" level="INFO">/opt/hostedtoolcache/Python/3.12.3/x64/lib/python3.12/site-packages/urllib3/connectionpool.py:1103: InsecureRequestWarning: Unverified HTTPS request is being made to host 'randomuser.me'. Adding certificate verification is strongly advised. See: https://urllib3.readthedocs.io/en/latest/advanced-usage.html#tls-warnings
  warnings.warn(</msg>
<msg time="2024-06-15T20:15:43.454364" level="INFO">${response} = &lt;Response [200]&gt;</msg>
<var>${response}</var>
<arg>consultarAPI</arg>
<arg>/api</arg>
<doc>Sends a GET request on a previously created HTTP Session.</doc>
<status status="PASS" start="2024-06-15T20:15:43.366931" elapsed="0.087475"/>
</kw>
<kw name="Set Variable" owner="BuiltIn">
<msg time="2024-06-15T20:15:43.455223" level="INFO">${json_data} = {'results': [{'gender': 'male', 'name': {'title': 'Mr', 'first': 'Jarle', 'last': 'Bævre'}, 'location': {'street': {'number': 43, 'name': 'Henrichsens gate'}, 'city': 'Roverud', 'state': 'Finnmark - F...</msg>
<var>${json_data}</var>
<arg>${response.json()}</arg>
<doc>Returns the given values which can then be assigned to a variables.</doc>
<status status="PASS" start="2024-06-15T20:15:43.454778" elapsed="0.000477"/>
</kw>
<kw name="Log" owner="BuiltIn">
<msg time="2024-06-15T20:15:43.455716" level="INFO">{'results': [{'gender': 'male', 'name': {'title': 'Mr', 'first': 'Jarle', 'last': 'Bævre'}, 'location': {'street': {'number': 43, 'name': 'Henrichsens gate'}, 'city': 'Roverud', 'state': 'Finnmark - Finnmárku', 'country': 'Norway', 'postcode': '3111', 'coordinates': {'latitude': '42.3114', 'longitude': '-167.6829'}, 'timezone': {'offset': '-5:00', 'description': 'Eastern Time (US &amp; Canada), Bogota, Lima'}}, 'email': 'jarle.baevre@example.com', 'login': {'uuid': '61405a3a-e524-462b-a8a6-f24557bb390b', 'username': 'purplegorilla985', 'password': 'lithium', 'salt': '6wirzjSO', 'md5': 'a4f3f2bf970d1049818d4154c52ea6b9', 'sha1': '6c1b24cc351b3f3fee23bb191f833f125727660a', 'sha256': '9fa972f6cc317d3d3810e4715953c06820d6bbd373ffd0ffc24b2c1c471cfae7'}, 'dob': {'date': '1952-07-03T09:21:43.025Z', 'age': 71}, 'registered': {'date': '2008-04-02T20:53:47.704Z', 'age': 16}, 'phone': '54771607', 'cell': '42407439', 'id': {'name': 'FN', 'value': '03075219759'}, 'picture': {'large': 'https://randomuser.me/api/portraits/men/34.jpg', 'medium': 'https://randomuser.me/api/portraits/med/men/34.jpg', 'thumbnail': 'https://randomuser.me/api/portraits/thumb/men/34.jpg'}, 'nat': 'NO'}], 'info': {'seed': '6d6a2f007f24dcfe', 'results': 1, 'page': 1, 'version': '1.4'}}</msg>
<arg>${json_data}</arg>
<doc>Logs the given message with the given level.</doc>
<status status="PASS" start="2024-06-15T20:15:43.455561" elapsed="0.000207"/>
</kw>
<kw name="Should Be String" owner="String">
<arg>${json_data['results'][0]['gender']}</arg>
<doc>Fails if the given ``item`` is not a string.</doc>
<status status="PASS" start="2024-06-15T20:15:43.456058" elapsed="0.000360"/>
</kw>
<kw name="Should Match Regexp" owner="BuiltIn">
<arg>${json_data['results'][0]['email']}</arg>
<arg>^[a-zA-Z0-9._%+-]+@[a-zA-Z0-9.-]+\.[a-zA-Z]{2,}$</arg>
<doc>Fails if ``string`` does not match ``pattern`` as a regular expression.</doc>
<status status="PASS" start="2024-06-15T20:15:43.456605" elapsed="0.000547"/>
</kw>
<kw name="Should Match Regexp" owner="BuiltIn">
<arg>${json_data['results'][0]['dob']['date']}</arg>
<arg>\\d{4}-\\d{2}-\\d{2}T\\d{2}:\\d{2}:\\d{2}\\.\\d{3}Z</arg>
<doc>Fails if ``string`` does not match ``pattern`` as a regular expression.</doc>
<status status="PASS" start="2024-06-15T20:15:43.457350" elapsed="0.000531"/>
</kw>
<kw name="Should Match Regexp" owner="BuiltIn">
<arg>${json_data['results'][0]['registered']['date']}</arg>
<arg>\\d{4}-\\d{2}-\\d{2}T\\d{2}:\\d{2}:\\d{2}\\.\\d{3}Z</arg>
<doc>Fails if ``string`` does not match ``pattern`` as a regular expression.</doc>
<status status="PASS" start="2024-06-15T20:15:43.458086" elapsed="0.000372"/>
</kw>
<kw name="Should Match Regexp" owner="BuiltIn">
<arg>${json_data['results'][0]['picture']['large']}</arg>
<arg>^https?://.*\.(?:png|jpe?g|gif|bmp)$</arg>
<doc>Fails if ``string`` does not match ``pattern`` as a regular expression.</doc>
<status status="PASS" start="2024-06-15T20:15:43.458643" elapsed="0.000462"/>
</kw>
<kw name="Should Match Regexp" owner="BuiltIn">
<arg>${json_data['results'][0]['picture']['medium']}</arg>
<arg>^https?://.*\.(?:png|jpe?g|gif|bmp)$</arg>
<doc>Fails if ``string`` does not match ``pattern`` as a regular expression.</doc>
<status status="PASS" start="2024-06-15T20:15:43.459299" elapsed="0.000358"/>
</kw>
<kw name="Should Match Regexp" owner="BuiltIn">
<arg>${json_data['results'][0]['picture']['thumbnail']}</arg>
<arg>^https?://.*\.(?:png|jpe?g|gif|bmp)$</arg>
<doc>Fails if ``string`` does not match ``pattern`` as a regular expression.</doc>
<status status="PASS" start="2024-06-15T20:15:43.459845" elapsed="0.000346"/>
</kw>
<kw name="Log" owner="BuiltIn">
<msg time="2024-06-15T20:15:43.460696" level="INFO">{'large': 'https://randomuser.me/api/portraits/men/34.jpg', 'medium': 'https://randomuser.me/api/portraits/med/men/34.jpg', 'thumbnail': 'https://randomuser.me/api/portraits/thumb/men/34.jpg'}</msg>
<arg>${json_data['results'][0]['picture']}</arg>
<doc>Logs the given message with the given level.</doc>
<status status="PASS" start="2024-06-15T20:15:43.460372" elapsed="0.000367"/>
</kw>
<status status="PASS" start="2024-06-15T20:15:43.366710" elapsed="0.094282"/>
</kw>
<kw name="Teste de Tipos de Dados - Postcode" owner="random-user-service">
<kw name="GET On Session" owner="RequestsLibrary">
<msg time="2024-06-15T20:15:43.596347" level="INFO">GET Request : url=https://randomuser.me/api 
 path_url=/api 
 headers={'User-Agent': 'python-requests/2.32.3', 'Accept-Encoding': 'gzip, deflate', 'Accept': '*/*', 'Connection': 'keep-alive'} 
 body=None 
 </msg>
<msg time="2024-06-15T20:15:43.596424" level="INFO">GET Response : url=https://randomuser.me/api 
 status=200, reason=OK 
 headers={'Date': 'Sat, 15 Jun 2024 20:15:43 GMT', 'Content-Type': 'application/json; charset=utf-8', 'Transfer-Encoding': 'chunked', 'Connection': 'keep-alive', 'X-Powered-By': 'Express', 'Access-Control-Allow-Origin': '*', 'Cache-Control': 'no-cache', 'ETag': 'W/"45d-eE/eNGpzAQvG8T/l/ysoZ/GnUZQ"', 'Vary': 'Accept-Encoding', 'Content-Encoding': 'gzip', 'CF-Cache-Status': 'DYNAMIC', 'Report-To': '{"endpoints":[{"url":"https:\\/\\/a.nel.cloudflare.com\\/report\\/v4?s=0nbDsawpVvJLH%2FlY%2B1ktrzQdHljg6IaHMx2%2Bte9Lte2%2FKucB2YBTklZKBUD5v9NjamDlCAcYLEdo7NYfPLRZYJttKUVfh%2Fd35%2BsWOI48wZnZb1z9%2BWpaCCs0SzoTYApM"}],"group":"cf-nel","max_age":604800}', 'NEL': '{"success_fraction":0,"report_to":"cf-nel","max_age":604800}', 'Server': 'cloudflare', 'CF-RAY': '89453bd8afbd67a3-SJC', 'alt-svc': 'h3=":443"; ma=86400'} 
 body={"results":[{"gender":"male","name":{"title":"Mr","first":"Noah","last":"George"},"location":{"street":{"number":574,"name":"Strand Road"},"city":"Tralee","state":"Louth","country":"Ireland","postcode":92714,"coordinates":{"latitude":"-3.6542","longitude":"-178.0277"},"timezone":{"offset":"+3:30","description":"Tehran"}},"email":"noah.george@example.com","login":{"uuid":"b590ce9e-a5b4-4e61-b21e-5ac80bea869f","username":"bigswan385","password":"becker","salt":"QuRq6xf0","md5":"2dfa351332f0820e5b3cb16115e9baf7","sha1":"a122b6788b1433cbdcd7b5003aadcc38a4c145a8","sha256":"65d04c9f5b3b5ed0c49c22cca7b1cee4dd1835b78c66c4a341b8d7d5ede0b9f5"},"dob":{"date":"1981-09-04T18:13:16.815Z","age":42},"registered":{"date":"2018-01-13T01:36:03.727Z","age":6},"phone":"011-796-5459","cell":"081-362-8670","id":{"name":"PPS","value":"9482300T"},"picture":{"large":"https://randomuser.me/api/portraits/men/53.jpg","medium":"https://randomuser.me/api/portraits/med/men/53.jpg","thumbnail":"https://randomuser.me/api/portraits/thumb/men/53.jpg"},"nat":"IE"}],"info":{"seed":"d2e3af49ba62de8d","results":1,"page":1,"version":"1.4"}} 
 </msg>
<msg time="2024-06-15T20:15:43.596504" level="INFO">/opt/hostedtoolcache/Python/3.12.3/x64/lib/python3.12/site-packages/urllib3/connectionpool.py:1103: InsecureRequestWarning: Unverified HTTPS request is being made to host 'randomuser.me'. Adding certificate verification is strongly advised. See: https://urllib3.readthedocs.io/en/latest/advanced-usage.html#tls-warnings
  warnings.warn(</msg>
<msg time="2024-06-15T20:15:43.596594" level="INFO">${response} = &lt;Response [200]&gt;</msg>
<var>${response}</var>
<arg>consultarAPI</arg>
<arg>/api</arg>
<doc>Sends a GET request on a previously created HTTP Session.</doc>
<status status="PASS" start="2024-06-15T20:15:43.461421" elapsed="0.135214"/>
</kw>
<kw name="Set Variable" owner="BuiltIn">
<msg time="2024-06-15T20:15:43.597662" level="INFO">${json_data} = {'results': [{'gender': 'male', 'name': {'title': 'Mr', 'first': 'Noah', 'last': 'George'}, 'location': {'street': {'number': 574, 'name': 'Strand Road'}, 'city': 'Tralee', 'state': 'Louth', 'country'...</msg>
<var>${json_data}</var>
<arg>${response.json()}</arg>
<doc>Returns the given values which can then be assigned to a variables.</doc>
<status status="PASS" start="2024-06-15T20:15:43.597098" elapsed="0.000593"/>
</kw>
<kw name="Log" owner="BuiltIn">
<msg time="2024-06-15T20:15:43.598206" level="INFO">{'results': [{'gender': 'male', 'name': {'title': 'Mr', 'first': 'Noah', 'last': 'George'}, 'location': {'street': {'number': 574, 'name': 'Strand Road'}, 'city': 'Tralee', 'state': 'Louth', 'country': 'Ireland', 'postcode': 92714, 'coordinates': {'latitude': '-3.6542', 'longitude': '-178.0277'}, 'timezone': {'offset': '+3:30', 'description': 'Tehran'}}, 'email': 'noah.george@example.com', 'login': {'uuid': 'b590ce9e-a5b4-4e61-b21e-5ac80bea869f', 'username': 'bigswan385', 'password': 'becker', 'salt': 'QuRq6xf0', 'md5': '2dfa351332f0820e5b3cb16115e9baf7', 'sha1': 'a122b6788b1433cbdcd7b5003aadcc38a4c145a8', 'sha256': '65d04c9f5b3b5ed0c49c22cca7b1cee4dd1835b78c66c4a341b8d7d5ede0b9f5'}, 'dob': {'date': '1981-09-04T18:13:16.815Z', 'age': 42}, 'registered': {'date': '2018-01-13T01:36:03.727Z', 'age': 6}, 'phone': '011-796-5459', 'cell': '081-362-8670', 'id': {'name': 'PPS', 'value': '9482300T'}, 'picture': {'large': 'https://randomuser.me/api/portraits/men/53.jpg', 'medium': 'https://randomuser.me/api/portraits/med/men/53.jpg', 'thumbnail': 'https://randomuser.me/api/portraits/thumb/men/53.jpg'}, 'nat': 'IE'}], 'info': {'seed': 'd2e3af49ba62de8d', 'results': 1, 'page': 1, 'version': '1.4'}}</msg>
<arg>${json_data}</arg>
<doc>Logs the given message with the given level.</doc>
<status status="PASS" start="2024-06-15T20:15:43.598055" elapsed="0.000198"/>
</kw>
<kw name="Should Be Equal As Numbers" owner="BuiltIn">
<arg>${json_data['results'][0]['location']['postcode']}</arg>
<arg>${json_data['results'][0]['location']['postcode']}</arg>
<doc>Fails if objects are unequal after converting them to real numbers.</doc>
<status status="PASS" start="2024-06-15T20:15:43.598546" elapsed="0.000611"/>
</kw>
<kw name="Log" owner="BuiltIn">
<msg time="2024-06-15T20:15:43.599683" level="INFO">92714</msg>
<arg>${json_data['results'][0]['location']['postcode']}</arg>
<doc>Logs the given message with the given level.</doc>
<status status="PASS" start="2024-06-15T20:15:43.599346" elapsed="0.000377"/>
</kw>
<status status="PASS" start="2024-06-15T20:15:43.461199" elapsed="0.138793"/>
</kw>
<doc>Testa se os tipos de dados na resposta da API estão corretos.</doc>
<tag>testeTiposDados</tag>
<status status="PASS" start="2024-06-15T20:15:43.366213" elapsed="0.233946"/>
</test>
<test id="s1-s1-t5" name="Validar conteudo" line="35">
<kw name="Teste de Tipos de Conteudo" owner="random-user-service">
<kw name="GET On Session" owner="RequestsLibrary">
<msg time="2024-06-15T20:15:43.700531" level="INFO">GET Request : url=https://randomuser.me/api 
 path_url=/api 
 headers={'User-Agent': 'python-requests/2.32.3', 'Accept-Encoding': 'gzip, deflate', 'Accept': '*/*', 'Connection': 'keep-alive'} 
 body=None 
 </msg>
<msg time="2024-06-15T20:15:43.700615" level="INFO">GET Response : url=https://randomuser.me/api 
 status=200, reason=OK 
 headers={'Date': 'Sat, 15 Jun 2024 20:15:43 GMT', 'Content-Type': 'application/json; charset=utf-8', 'Transfer-Encoding': 'chunked', 'Connection': 'keep-alive', 'X-Powered-By': 'Express', 'Access-Control-Allow-Origin': '*', 'Cache-Control': 'no-cache', 'ETag': 'W/"48b-/TY1rpsr4KZ05K54BHijC9vLYPQ"', 'Vary': 'Accept-Encoding', 'Content-Encoding': 'gzip', 'CF-Cache-Status': 'DYNAMIC', 'Report-To': '{"endpoints":[{"url":"https:\\/\\/a.nel.cloudflare.com\\/report\\/v4?s=soxsGA%2F95J3ow50NB3LtMV7RaLDdtnYjh3PYk9ur0ZraILTyWSskMU3J%2Bqwa5UvXSVNG33%2BXfbnGBaKoy8VjL0b%2BGfGnU0JKKdPMgd0c4gjHokSXUmBX%2F9enfuOTAUJT"}],"group":"cf-nel","max_age":604800}', 'NEL': '{"success_fraction":0,"report_to":"cf-nel","max_age":604800}', 'Server': 'cloudflare', 'CF-RAY': '89453bd9885e67a3-SJC', 'alt-svc': 'h3=":443"; ma=86400'} 
 body={"results":[{"gender":"female","name":{"title":"Miss","first":"Josefa","last":"Serrano"},"location":{"street":{"number":5828,"name":"Calle de Bravo Murillo"},"city":"Málaga","state":"Comunidad Valenciana","country":"Spain","postcode":93317,"coordinates":{"latitude":"-30.5198","longitude":"60.0401"},"timezone":{"offset":"+4:30","description":"Kabul"}},"email":"josefa.serrano@example.com","login":{"uuid":"7e5a9689-efa9-4207-8589-4e01f4d94065","username":"organicfish930","password":"kingpin","salt":"0QLicBWw","md5":"a61e17b21fff6fa49a4368b3be145835","sha1":"17de2eea085f4799f23f3bd6887e03c8be932ca2","sha256":"77883a8d57757eef7a250636e5235e5ef51eadffb226772f0e0390354e6a434f"},"dob":{"date":"1946-06-25T02:56:55.948Z","age":77},"registered":{"date":"2004-05-25T12:56:54.781Z","age":20},"phone":"928-520-332","cell":"662-796-275","id":{"name":"DNI","value":"09819695-T"},"picture":{"large":"https://randomuser.me/api/portraits/women/91.jpg","medium":"https://randomuser.me/api/portraits/med/women/91.jpg","thumbnail":"https://randomuser.me/api/portraits/thumb/women/91.jpg"},"nat":"ES"}],"info":{"seed":"95a04aad574514d4","results":1,"page":1,"version":"1.4"}} 
 </msg>
<msg time="2024-06-15T20:15:43.700692" level="INFO">/opt/hostedtoolcache/Python/3.12.3/x64/lib/python3.12/site-packages/urllib3/connectionpool.py:1103: InsecureRequestWarning: Unverified HTTPS request is being made to host 'randomuser.me'. Adding certificate verification is strongly advised. See: https://urllib3.readthedocs.io/en/latest/advanced-usage.html#tls-warnings
  warnings.warn(</msg>
<msg time="2024-06-15T20:15:43.700795" level="INFO">${response} = &lt;Response [200]&gt;</msg>
<var>${response}</var>
<arg>consultarAPI</arg>
<arg>/api</arg>
<doc>Sends a GET request on a previously created HTTP Session.</doc>
<status status="PASS" start="2024-06-15T20:15:43.602645" elapsed="0.098190"/>
</kw>
<kw name="Set Variable" owner="BuiltIn">
<msg time="2024-06-15T20:15:43.701927" level="INFO">${json_data} = {'results': [{'gender': 'female', 'name': {'title': 'Miss', 'first': 'Josefa', 'last': 'Serrano'}, 'location': {'street': {'number': 5828, 'name': 'Calle de Bravo Murillo'}, 'city': 'Málaga', 'state':...</msg>
<var>${json_data}</var>
<arg>${response.json()}</arg>
<doc>Returns the given values which can then be assigned to a variables.</doc>
<status status="PASS" start="2024-06-15T20:15:43.701302" elapsed="0.000654"/>
</kw>
<kw name="Set Variable" owner="BuiltIn">
<msg time="2024-06-15T20:15:43.702631" level="INFO">${name_title} = Miss</msg>
<var>${name_title}</var>
<arg>${json_data["results"][0]["name"]["title"]}</arg>
<doc>Returns the given values which can then be assigned to a variables.</doc>
<status status="PASS" start="2024-06-15T20:15:43.702256" elapsed="0.000401"/>
</kw>
<kw name="Create List" owner="BuiltIn">
<msg time="2024-06-15T20:15:43.703104" level="INFO">${allowed_titles} = ['Mr', 'Ms', 'Miss', 'Mrs', 'Madame', 'Monsieur']</msg>
<var>${allowed_titles}</var>
<arg>Mr</arg>
<arg>Ms</arg>
<arg>Miss</arg>
<arg>Mrs</arg>
<arg>Madame</arg>
<arg>Monsieur</arg>
<doc>Returns a list containing given items.</doc>
<status status="PASS" start="2024-06-15T20:15:43.702956" elapsed="0.000172"/>
</kw>
<kw name="List Should Contain Value" owner="Collections">
<arg>${allowed_titles}</arg>
<arg>${name_title}</arg>
<doc>Fails if the ``value`` is not found from ``list``.</doc>
<status status="PASS" start="2024-06-15T20:15:43.703420" elapsed="0.000170"/>
</kw>
<kw name="Set Variable" owner="BuiltIn">
<msg time="2024-06-15T20:15:43.704134" level="INFO">${name_country} = ES</msg>
<var>${name_country}</var>
<arg>${json_data["results"][0]["nat"]}</arg>
<doc>Returns the given values which can then be assigned to a variables.</doc>
<status status="PASS" start="2024-06-15T20:15:43.703773" elapsed="0.000386"/>
</kw>
<kw name="Create List" owner="BuiltIn">
<msg time="2024-06-15T20:15:43.705051" level="INFO">${list_country} = ['AD', 'AE', 'AF', 'AG', 'AI', 'AL', 'AM', 'AO', 'AQ', 'AR', 'AS', 'AT', 'AU', 'AW', 'AX', 'AZ', 'BA', 'BB', 'BD', 'BE', 'BF', 'BG', 'BH', 'BI', 'BJ', 'BL', 'BM', 'BN', 'BO', 'BQ', 'BR', 'BS', 'BT', '...</msg>
<var>${list_country}</var>
<arg>AD</arg>
<arg>AE</arg>
<arg>AF</arg>
<arg>AG</arg>
<arg>AI</arg>
<arg>AL</arg>
<arg>AM</arg>
<arg>AO</arg>
<arg>AQ</arg>
<arg>AR</arg>
<arg>AS</arg>
<arg>AT</arg>
<arg>AU</arg>
<arg>AW</arg>
<arg>AX</arg>
<arg>AZ</arg>
<arg>BA</arg>
<arg>BB</arg>
<arg>BD</arg>
<arg>BE</arg>
<arg>BF</arg>
<arg>BG</arg>
<arg>BH</arg>
<arg>BI</arg>
<arg>BJ</arg>
<arg>BL</arg>
<arg>BM</arg>
<arg>BN</arg>
<arg>BO</arg>
<arg>BQ</arg>
<arg>BR</arg>
<arg>BS</arg>
<arg>BT</arg>
<arg>BV</arg>
<arg>BW</arg>
<arg>BY</arg>
<arg>BZ</arg>
<arg>CA</arg>
<arg>CC</arg>
<arg>CD</arg>
<arg>CF</arg>
<arg>CG</arg>
<arg>CH</arg>
<arg>CI</arg>
<arg>CK</arg>
<arg>CL</arg>
<arg>CM</arg>
<arg>CN</arg>
<arg>CO</arg>
<arg>CR</arg>
<arg>CU</arg>
<arg>CV</arg>
<arg>CW</arg>
<arg>CX</arg>
<arg>CY</arg>
<arg>CZ</arg>
<arg>DE</arg>
<arg>DJ</arg>
<arg>DK</arg>
<arg>DM</arg>
<arg>DO</arg>
<arg>DZ</arg>
<arg>EC</arg>
<arg>EE</arg>
<arg>EG</arg>
<arg>EH</arg>
<arg>ER</arg>
<arg>ES</arg>
<arg>ET</arg>
<arg>FI</arg>
<arg>FJ</arg>
<arg>FK</arg>
<arg>FM</arg>
<arg>FO</arg>
<arg>FR</arg>
<arg>GA</arg>
<arg>GB</arg>
<arg>GD</arg>
<arg>GE</arg>
<arg>GF</arg>
<arg>GG</arg>
<arg>GH</arg>
<arg>GI</arg>
<arg>GL</arg>
<arg>GM</arg>
<arg>GN</arg>
<arg>GP</arg>
<arg>GQ</arg>
<arg>GR</arg>
<arg>GS</arg>
<arg>GT</arg>
<arg>GU</arg>
<arg>GW</arg>
<arg>GY</arg>
<arg>HK</arg>
<arg>HM</arg>
<arg>HN</arg>
<arg>HR</arg>
<arg>HT</arg>
<arg>HU</arg>
<arg>ID</arg>
<arg>IE</arg>
<arg>IL</arg>
<arg>IM</arg>
<arg>IN</arg>
<arg>IO</arg>
<arg>IQ</arg>
<arg>IR</arg>
<arg>IS</arg>
<arg>IT</arg>
<arg>JE</arg>
<arg>JM</arg>
<arg>JO</arg>
<arg>JP</arg>
<arg>KE</arg>
<arg>KG</arg>
<arg>KH</arg>
<arg>KI</arg>
<arg>KM</arg>
<arg>KN</arg>
<arg>KP</arg>
<arg>KR</arg>
<arg>KW</arg>
<arg>KY</arg>
<arg>KZ</arg>
<arg>LA</arg>
<arg>LB</arg>
<arg>LC</arg>
<arg>LI</arg>
<arg>LK</arg>
<arg>LR</arg>
<arg>LS</arg>
<arg>LT</arg>
<arg>LU</arg>
<arg>LV</arg>
<arg>LY</arg>
<arg>MA</arg>
<arg>MC</arg>
<arg>MD</arg>
<arg>ME</arg>
<arg>MF</arg>
<arg>MG</arg>
<arg>MH</arg>
<arg>MK</arg>
<arg>ML</arg>
<arg>MM</arg>
<arg>MN</arg>
<arg>MO</arg>
<arg>MP</arg>
<arg>MQ</arg>
<arg>MR</arg>
<arg>MS</arg>
<arg>MT</arg>
<arg>MU</arg>
<arg>MV</arg>
<arg>MW</arg>
<arg>MX</arg>
<arg>MY</arg>
<arg>MZ</arg>
<arg>NA</arg>
<arg>NC</arg>
<arg>NE</arg>
<arg>NF</arg>
<arg>NG</arg>
<arg>NI</arg>
<arg>NL</arg>
<arg>NO</arg>
<arg>NP</arg>
<arg>NR</arg>
<arg>NU</arg>
<arg>NZ</arg>
<arg>OM</arg>
<arg>PA</arg>
<arg>PE</arg>
<arg>PF</arg>
<arg>PG</arg>
<arg>PH</arg>
<arg>PK</arg>
<arg>PL</arg>
<arg>PM</arg>
<arg>PN</arg>
<arg>PR</arg>
<arg>PS</arg>
<arg>PT</arg>
<arg>PW</arg>
<arg>PY</arg>
<arg>QA</arg>
<arg>RE</arg>
<arg>RO</arg>
<arg>RS</arg>
<arg>RU</arg>
<arg>RW</arg>
<arg>SA</arg>
<arg>SB</arg>
<arg>SC</arg>
<arg>SD</arg>
<arg>SE</arg>
<arg>SG</arg>
<arg>SH</arg>
<arg>SI</arg>
<arg>SJ</arg>
<arg>SK</arg>
<arg>SL</arg>
<arg>SM</arg>
<arg>SN</arg>
<arg>SO</arg>
<arg>SR</arg>
<arg>SS</arg>
<arg>ST</arg>
<arg>SV</arg>
<arg>SX</arg>
<arg>SY</arg>
<arg>SZ</arg>
<arg>TC</arg>
<arg>TD</arg>
<arg>TF</arg>
<arg>TG</arg>
<arg>TH</arg>
<arg>TJ</arg>
<arg>TK</arg>
<arg>TL</arg>
<arg>TM</arg>
<arg>TN</arg>
<arg>TO</arg>
<arg>TR</arg>
<arg>TT</arg>
<arg>TV</arg>
<arg>TW</arg>
<arg>TZ</arg>
<arg>UA</arg>
<arg>UG</arg>
<arg>UM</arg>
<arg>US</arg>
<arg>UY</arg>
<arg>UZ</arg>
<arg>VA</arg>
<arg>VC</arg>
<arg>VE</arg>
<arg>VG</arg>
<arg>VI</arg>
<arg>VN</arg>
<arg>VU</arg>
<arg>WF</arg>
<arg>WS</arg>
<arg>XK</arg>
<arg>YE</arg>
<arg>YT</arg>
<arg>ZA</arg>
<arg>ZM</arg>
<arg>ZW</arg>
<doc>Returns a list containing given items.</doc>
<status status="PASS" start="2024-06-15T20:15:43.704461" elapsed="0.000616"/>
</kw>
<kw name="List Should Contain Value" owner="Collections">
<arg>${list_country}</arg>
<arg>${name_country}</arg>
<doc>Fails if the ``value`` is not found from ``list``.</doc>
<status status="PASS" start="2024-06-15T20:15:43.705881" elapsed="0.000202"/>
</kw>
<kw name="Run Keyword If" owner="BuiltIn">
<kw name="Should Be True" owner="BuiltIn">
<arg>${True}</arg>
<doc>Fails if the given condition is not true.</doc>
<status status="PASS" start="2024-06-15T20:15:43.707096" elapsed="0.000142"/>
</kw>
<arg>${json_data["results"][0]["location"]["coordinates"]["latitude"]} &gt;= -90 and ${json_data["results"][0]["location"]["coordinates"]["latitude"]} &lt;= 90</arg>
<arg>Should Be True</arg>
<arg>${True}</arg>
<doc>Runs the given keyword with the given arguments, if ``condition`` is true.</doc>
<status status="PASS" start="2024-06-15T20:15:43.706276" elapsed="0.001087"/>
</kw>
<kw name="Run Keyword If" owner="BuiltIn">
<kw name="Should Be True" owner="BuiltIn">
<arg>${True}</arg>
<doc>Fails if the given condition is not true.</doc>
<status status="PASS" start="2024-06-15T20:15:43.708231" elapsed="0.000135"/>
</kw>
<arg>${json_data["results"][0]["location"]["coordinates"]["longitude"]} &gt;= -180 and ${json_data["results"][0]["location"]["coordinates"]["longitude"]} &lt;= 180</arg>
<arg>Should Be True</arg>
<arg>${True}</arg>
<doc>Runs the given keyword with the given arguments, if ``condition`` is true.</doc>
<status status="PASS" start="2024-06-15T20:15:43.707551" elapsed="0.000935"/>
</kw>
<status status="PASS" start="2024-06-15T20:15:43.602428" elapsed="0.106183"/>
</kw>
<doc>Testa o conteúdo específico dos campos retornados pela API.</doc>
<tag>testeConteudo</tag>
<status status="PASS" start="2024-06-15T20:15:43.601928" elapsed="0.106822"/>
</test>
<status status="PASS" start="2024-06-15T20:15:42.775604" elapsed="0.935088"/>
</suite>
<status status="PASS" start="2024-06-15T20:15:42.762358" elapsed="0.953327"/>
</suite>
<statistics>
<total>
<stat pass="5" fail="0" skip="0">All Tests</stat>
</total>
<tag>
<stat pass="1" fail="0" skip="0">testeConteudo</stat>
<stat pass="1" fail="0" skip="0">testeEstruturaResposta</stat>
<stat pass="1" fail="0" skip="0">testeRequisicaoBasica</stat>
<stat pass="1" fail="0" skip="0">testeTiposDados</stat>
</tag>
<suite>
<stat pass="5" fail="0" skip="0" id="s1" name="Tests">Tests</stat>
<stat pass="5" fail="0" skip="0" id="s1-s1" name="Random-User-Test">Tests.Random-User-Test</stat>
</suite>
</statistics>
<errors>
</errors>
</robot>
