<?xml version="1.0" encoding="UTF-8"?>
<robot generator="Robot 7.0.1 (Python 3.12.3 on linux)" generated="2024-06-14T05:14:45.318681" rpa="false" schemaversion="5">
<suite id="s1" name="Tests" source="/home/runner/work/ApiRandomUser/ApiRandomUser/RamdonUser/tests">
<suite id="s1-s1" name="Random-User-Test" source="/home/runner/work/ApiRandomUser/ApiRandomUser/RamdonUser/tests/random-user-test.robot">
<test id="s1-s1-t1" name="Conectar" line="13">
<kw name="Conectar API" owner="random-user-service">
<kw name="Create Session" owner="RequestsLibrary">
<msg time="2024-06-14T05:14:45.733027" level="INFO">Creating Session using : alias=consultarAPI, url=https://randomuser.me/, headers={},                     cookies={}, auth=None, timeout=None, proxies=None, verify=False,                     debug=0 </msg>
<arg>consultarAPI</arg>
<arg>${URL}</arg>
<doc>Create Session: create a HTTP session to a server</doc>
<status status="PASS" start="2024-06-14T05:14:45.732809" elapsed="0.000417"/>
</kw>
<status status="PASS" start="2024-06-14T05:14:45.731737" elapsed="0.001865"/>
</kw>
<status status="PASS" start="2024-06-14T05:14:45.731153" elapsed="0.002644"/>
</test>
<test id="s1-s1-t2" name="Validar retorno 200 e JSON Válido" line="16">
<kw name="Teste de Requisicao Basica" owner="random-user-service">
<kw name="GET On Session" owner="RequestsLibrary">
<msg time="2024-06-14T05:14:45.980749" level="INFO">GET Request : url=https://randomuser.me/api 
 path_url=/api 
 headers={'User-Agent': 'python-requests/2.32.3', 'Accept-Encoding': 'gzip, deflate', 'Accept': '*/*', 'Connection': 'keep-alive'} 
 body=None 
 </msg>
<msg time="2024-06-14T05:14:45.980928" level="INFO">GET Response : url=https://randomuser.me/api 
 status=200, reason=OK 
 headers={'Date': 'Fri, 14 Jun 2024 05:14:45 GMT', 'Content-Type': 'application/json; charset=utf-8', 'Transfer-Encoding': 'chunked', 'Connection': 'keep-alive', 'X-Powered-By': 'Express', 'Access-Control-Allow-Origin': '*', 'Cache-Control': 'no-cache', 'ETag': 'W/"47d-RWga5+8J6Y2cp+F/fFgCLGpPGd0"', 'Vary': 'Accept-Encoding', 'Content-Encoding': 'gzip', 'CF-Cache-Status': 'DYNAMIC', 'Report-To': '{"endpoints":[{"url":"https:\\/\\/a.nel.cloudflare.com\\/report\\/v4?s=d7j0%2FTUQSNnL1u3zA3jmTieOAbxMXdCkVYIVjVZNRnPbJCNrCI490MZpGD6gYoe8X1Z8jXn2crI8uotLGxW8MM06%2B4VOHjkMAoNbmwfMUuMdgeeHU6dUgczH5egf8Vqe"}],"group":"cf-nel","max_age":604800}', 'NEL': '{"success_fraction":0,"report_to":"cf-nel","max_age":604800}', 'Server': 'cloudflare', 'CF-RAY': '8937d6b42a011754-SJC', 'alt-svc': 'h3=":443"; ma=86400'} 
 body={"results":[{"gender":"male","name":{"title":"Mr","first":"Traugott","last":"Joos"},"location":{"street":{"number":5796,"name":"Drosselweg"},"city":"Rödental","state":"Bremen","country":"Germany","postcode":61822,"coordinates":{"latitude":"-51.6250","longitude":"-61.3415"},"timezone":{"offset":"-12:00","description":"Eniwetok, Kwajalein"}},"email":"traugott.joos@example.com","login":{"uuid":"e6093b49-0c3f-4f68-883a-a3ca79636345","username":"bluemouse709","password":"legion","salt":"cUl80yFF","md5":"003db5df25698a61fff476875a0e5098","sha1":"a074bc0953a60426c7aa525bf7830181125680de","sha256":"55d28ecaa2894af2f7f2680609815cf577be852ee15e269697d6001c7dd07e6a"},"dob":{"date":"1958-02-13T16:20:40.118Z","age":66},"registered":{"date":"2018-03-19T06:27:15.784Z","age":6},"phone":"0464-2422383","cell":"0173-9287659","id":{"name":"SVNR","value":"42 130258 J 091"},"picture":{"large":"https://randomuser.me/api/portraits/men/65.jpg","medium":"https://randomuser.me/api/portraits/med/men/65.jpg","thumbnail":"https://randomuser.me/api/portraits/thumb/men/65.jpg"},"nat":"DE"}],"info":{"seed":"958e099f864549e4","results":1,"page":1,"version":"1.4"}} 
 </msg>
<msg time="2024-06-14T05:14:45.981019" level="INFO">/opt/hostedtoolcache/Python/3.12.3/x64/lib/python3.12/site-packages/urllib3/connectionpool.py:1103: InsecureRequestWarning: Unverified HTTPS request is being made to host 'randomuser.me'. Adding certificate verification is strongly advised. See: https://urllib3.readthedocs.io/en/latest/advanced-usage.html#tls-warnings
  warnings.warn(</msg>
<msg time="2024-06-14T05:14:45.981164" level="INFO">${response} = &lt;Response [200]&gt;</msg>
<var>${response}</var>
<arg>consultarAPI</arg>
<arg>/api</arg>
<doc>Sends a GET request on a previously created HTTP Session.</doc>
<status status="PASS" start="2024-06-14T05:14:45.736380" elapsed="0.244826"/>
</kw>
<kw name="Should Be Equal As Numbers" owner="BuiltIn">
<msg time="2024-06-14T05:14:45.982421" level="INFO">Argument types are:
&lt;class 'int'&gt;
&lt;class 'str'&gt;</msg>
<arg>${response.status_code}</arg>
<arg>200</arg>
<doc>Fails if objects are unequal after converting them to real numbers.</doc>
<status status="PASS" start="2024-06-14T05:14:45.981919" elapsed="0.000568"/>
</kw>
<kw name="Log" owner="BuiltIn">
<msg time="2024-06-14T05:14:45.983214" level="INFO">200</msg>
<arg>${response.status_code}</arg>
<doc>Logs the given message with the given level.</doc>
<status status="PASS" start="2024-06-14T05:14:45.982866" elapsed="0.000398"/>
</kw>
<kw name="Set Variable" owner="BuiltIn">
<msg time="2024-06-14T05:14:45.984021" level="INFO">${json_data} = {'results': [{'gender': 'male', 'name': {'title': 'Mr', 'first': 'Traugott', 'last': 'Joos'}, 'location': {'street': {'number': 5796, 'name': 'Drosselweg'}, 'city': 'Rödental', 'state': 'Bremen', 'cou...</msg>
<var>${json_data}</var>
<arg>${response.json()}</arg>
<doc>Returns the given values which can then be assigned to a variables.</doc>
<status status="PASS" start="2024-06-14T05:14:45.983569" elapsed="0.000482"/>
</kw>
<kw name="Dictionary Should Contain Key" owner="Collections">
<arg>${json_data}</arg>
<arg>results</arg>
<doc>Fails if ``key`` is not found from ``dictionary``.</doc>
<status status="PASS" start="2024-06-14T05:14:45.984352" elapsed="0.000173"/>
</kw>
<status status="PASS" start="2024-06-14T05:14:45.736140" elapsed="0.248538"/>
</kw>
<doc>Testa se a API responde corretamente e retorna um objeto JSON válido.</doc>
<tag>testeRequisicaoBasica</tag>
<status status="PASS" start="2024-06-14T05:14:45.735679" elapsed="0.249173"/>
</test>
<test id="s1-s1-t3" name="Validar estrutura de resposta" line="22">
<kw name="Teste de Estrutura de Resposta" owner="random-user-service">
<kw name="GET On Session" owner="RequestsLibrary">
<msg time="2024-06-14T05:14:46.086728" level="INFO">GET Request : url=https://randomuser.me/api 
 path_url=/api 
 headers={'User-Agent': 'python-requests/2.32.3', 'Accept-Encoding': 'gzip, deflate', 'Accept': '*/*', 'Connection': 'keep-alive'} 
 body=None 
 </msg>
<msg time="2024-06-14T05:14:46.086886" level="INFO">GET Response : url=https://randomuser.me/api 
 status=200, reason=OK 
 headers={'Date': 'Fri, 14 Jun 2024 05:14:46 GMT', 'Content-Type': 'application/json; charset=utf-8', 'Transfer-Encoding': 'chunked', 'Connection': 'keep-alive', 'X-Powered-By': 'Express', 'Access-Control-Allow-Origin': '*', 'Cache-Control': 'no-cache', 'ETag': 'W/"489-E8lgK2P72KHIhyMhidkxeLDJZjU"', 'Vary': 'Accept-Encoding', 'Content-Encoding': 'gzip', 'CF-Cache-Status': 'DYNAMIC', 'Report-To': '{"endpoints":[{"url":"https:\\/\\/a.nel.cloudflare.com\\/report\\/v4?s=de4P4o6jpmryK0%2F9lcqyAKCMx3C2VJChJOW6L7SOQpbV90e%2F5d20GaPx0zMERzi5%2BGwKlLES1%2FOj8hF774haOistYe4jeD9kyuDeNyeCcBqLPPxeWIxbUuyYAHkEGAg2"}],"group":"cf-nel","max_age":604800}', 'NEL': '{"success_fraction":0,"report_to":"cf-nel","max_age":604800}', 'Server': 'cloudflare', 'CF-RAY': '8937d6b57b5b1754-SJC', 'alt-svc': 'h3=":443"; ma=86400'} 
 body={"results":[{"gender":"male","name":{"title":"Mr","first":"Andreas","last":"Larsen"},"location":{"street":{"number":1755,"name":"Islandsvej"},"city":"Odense Sv","state":"Syddanmark","country":"Denmark","postcode":33386,"coordinates":{"latitude":"-43.5502","longitude":"-75.5938"},"timezone":{"offset":"+3:00","description":"Baghdad, Riyadh, Moscow, St. Petersburg"}},"email":"andreas.larsen@example.com","login":{"uuid":"178269f4-a24e-4497-831f-dc5ea4f91417","username":"bigzebra831","password":"cafc91","salt":"Oiq4qLCq","md5":"a7074414c36c69ce5c211b82136058b8","sha1":"fe613ab46a3ddaa0ff4e0a21bf0e73b7331ed544","sha256":"69725f0a24a079d41fd777387ad16fcda8807dbe1fef563442ac2a2e285ca1b8"},"dob":{"date":"1987-03-28T18:38:05.112Z","age":37},"registered":{"date":"2009-04-27T10:30:33.187Z","age":15},"phone":"62960204","cell":"79627495","id":{"name":"CPR","value":"280387-3190"},"picture":{"large":"https://randomuser.me/api/portraits/men/92.jpg","medium":"https://randomuser.me/api/portraits/med/men/92.jpg","thumbnail":"https://randomuser.me/api/portraits/thumb/men/92.jpg"},"nat":"DK"}],"info":{"seed":"1242cc98c83cac0a","results":1,"page":1,"version":"1.4"}} 
 </msg>
<msg time="2024-06-14T05:14:46.087067" level="INFO">/opt/hostedtoolcache/Python/3.12.3/x64/lib/python3.12/site-packages/urllib3/connectionpool.py:1103: InsecureRequestWarning: Unverified HTTPS request is being made to host 'randomuser.me'. Adding certificate verification is strongly advised. See: https://urllib3.readthedocs.io/en/latest/advanced-usage.html#tls-warnings
  warnings.warn(</msg>
<msg time="2024-06-14T05:14:46.087205" level="INFO">${response} = &lt;Response [200]&gt;</msg>
<var>${response}</var>
<arg>consultarAPI</arg>
<arg>/api</arg>
<doc>Sends a GET request on a previously created HTTP Session.</doc>
<status status="PASS" start="2024-06-14T05:14:45.988060" elapsed="0.099174"/>
</kw>
<kw name="Set Variable" owner="BuiltIn">
<msg time="2024-06-14T05:14:46.088272" level="INFO">${json_data} = {'results': [{'gender': 'male', 'name': {'title': 'Mr', 'first': 'Andreas', 'last': 'Larsen'}, 'location': {'street': {'number': 1755, 'name': 'Islandsvej'}, 'city': 'Odense Sv', 'state': 'Syddanmark'...</msg>
<var>${json_data}</var>
<arg>${response.json()}</arg>
<doc>Returns the given values which can then be assigned to a variables.</doc>
<status status="PASS" start="2024-06-14T05:14:46.087755" elapsed="0.000548"/>
</kw>
<kw name="Log" owner="BuiltIn">
<msg time="2024-06-14T05:14:46.088772" level="INFO">{'results': [{'gender': 'male', 'name': {'title': 'Mr', 'first': 'Andreas', 'last': 'Larsen'}, 'location': {'street': {'number': 1755, 'name': 'Islandsvej'}, 'city': 'Odense Sv', 'state': 'Syddanmark', 'country': 'Denmark', 'postcode': 33386, 'coordinates': {'latitude': '-43.5502', 'longitude': '-75.5938'}, 'timezone': {'offset': '+3:00', 'description': 'Baghdad, Riyadh, Moscow, St. Petersburg'}}, 'email': 'andreas.larsen@example.com', 'login': {'uuid': '178269f4-a24e-4497-831f-dc5ea4f91417', 'username': 'bigzebra831', 'password': 'cafc91', 'salt': 'Oiq4qLCq', 'md5': 'a7074414c36c69ce5c211b82136058b8', 'sha1': 'fe613ab46a3ddaa0ff4e0a21bf0e73b7331ed544', 'sha256': '69725f0a24a079d41fd777387ad16fcda8807dbe1fef563442ac2a2e285ca1b8'}, 'dob': {'date': '1987-03-28T18:38:05.112Z', 'age': 37}, 'registered': {'date': '2009-04-27T10:30:33.187Z', 'age': 15}, 'phone': '62960204', 'cell': '79627495', 'id': {'name': 'CPR', 'value': '280387-3190'}, 'picture': {'large': 'https://randomuser.me/api/portraits/men/92.jpg', 'medium': 'https://randomuser.me/api/portraits/med/men/92.jpg', 'thumbnail': 'https://randomuser.me/api/portraits/thumb/men/92.jpg'}, 'nat': 'DK'}], 'info': {'seed': '1242cc98c83cac0a', 'results': 1, 'page': 1, 'version': '1.4'}}</msg>
<arg>${json_data}</arg>
<doc>Logs the given message with the given level.</doc>
<status status="PASS" start="2024-06-14T05:14:46.088611" elapsed="0.000209"/>
</kw>
<kw name="Dictionary Should Contain Key" owner="Collections">
<arg>${json_data}</arg>
<arg>results</arg>
<doc>Fails if ``key`` is not found from ``dictionary``.</doc>
<status status="PASS" start="2024-06-14T05:14:46.089119" elapsed="0.000162"/>
</kw>
<kw name="Should Not Be Empty" owner="BuiltIn">
<msg time="2024-06-14T05:14:46.089589" level="INFO">Length is 2.</msg>
<arg>${json_data}</arg>
<doc>Verifies that the given item is not empty.</doc>
<status status="PASS" start="2024-06-14T05:14:46.089464" elapsed="0.000162"/>
</kw>
<kw name="Create List" owner="BuiltIn">
<msg time="2024-06-14T05:14:46.090056" level="INFO">${expected_keys} = ['gender', 'name', 'location', 'email', 'login']</msg>
<var>${expected_keys}</var>
<arg>gender</arg>
<arg>name</arg>
<arg>location</arg>
<arg>email</arg>
<arg>login</arg>
<doc>Returns a list containing given items.</doc>
<status status="PASS" start="2024-06-14T05:14:46.089910" elapsed="0.000169"/>
</kw>
<for flavor="IN">
<iter>
<kw name="Dictionary Should Contain Key" owner="Collections">
<arg>${json_data['results'][0]}</arg>
<arg>${key}</arg>
<doc>Fails if ``key`` is not found from ``dictionary``.</doc>
<status status="PASS" start="2024-06-14T05:14:46.090674" elapsed="0.000536"/>
</kw>
<kw name="Log" owner="BuiltIn">
<msg time="2024-06-14T05:14:46.091774" level="INFO">{'gender': 'male', 'name': {'title': 'Mr', 'first': 'Andreas', 'last': 'Larsen'}, 'location': {'street': {'number': 1755, 'name': 'Islandsvej'}, 'city': 'Odense Sv', 'state': 'Syddanmark', 'country': 'Denmark', 'postcode': 33386, 'coordinates': {'latitude': '-43.5502', 'longitude': '-75.5938'}, 'timezone': {'offset': '+3:00', 'description': 'Baghdad, Riyadh, Moscow, St. Petersburg'}}, 'email': 'andreas.larsen@example.com', 'login': {'uuid': '178269f4-a24e-4497-831f-dc5ea4f91417', 'username': 'bigzebra831', 'password': 'cafc91', 'salt': 'Oiq4qLCq', 'md5': 'a7074414c36c69ce5c211b82136058b8', 'sha1': 'fe613ab46a3ddaa0ff4e0a21bf0e73b7331ed544', 'sha256': '69725f0a24a079d41fd777387ad16fcda8807dbe1fef563442ac2a2e285ca1b8'}, 'dob': {'date': '1987-03-28T18:38:05.112Z', 'age': 37}, 'registered': {'date': '2009-04-27T10:30:33.187Z', 'age': 15}, 'phone': '62960204', 'cell': '79627495', 'id': {'name': 'CPR', 'value': '280387-3190'}, 'picture': {'large': 'https://randomuser.me/api/portraits/men/92.jpg', 'medium': 'https://randomuser.me/api/portraits/med/men/92.jpg', 'thumbnail': 'https://randomuser.me/api/portraits/thumb/men/92.jpg'}, 'nat': 'DK'}</msg>
<arg>${json_data['results'][0]}</arg>
<doc>Logs the given message with the given level.</doc>
<status status="PASS" start="2024-06-14T05:14:46.091409" elapsed="0.000413"/>
</kw>
<kw name="Log" owner="BuiltIn">
<msg time="2024-06-14T05:14:46.092250" level="INFO">gender</msg>
<arg>${key}</arg>
<doc>Logs the given message with the given level.</doc>
<status status="PASS" start="2024-06-14T05:14:46.092121" elapsed="0.000166"/>
</kw>
<var name="${key}">gender</var>
<status status="PASS" start="2024-06-14T05:14:46.090533" elapsed="0.001975"/>
</iter>
<iter>
<kw name="Dictionary Should Contain Key" owner="Collections">
<arg>${json_data['results'][0]}</arg>
<arg>${key}</arg>
<doc>Fails if ``key`` is not found from ``dictionary``.</doc>
<status status="PASS" start="2024-06-14T05:14:46.092855" elapsed="0.000446"/>
</kw>
<kw name="Log" owner="BuiltIn">
<msg time="2024-06-14T05:14:46.093837" level="INFO">{'gender': 'male', 'name': {'title': 'Mr', 'first': 'Andreas', 'last': 'Larsen'}, 'location': {'street': {'number': 1755, 'name': 'Islandsvej'}, 'city': 'Odense Sv', 'state': 'Syddanmark', 'country': 'Denmark', 'postcode': 33386, 'coordinates': {'latitude': '-43.5502', 'longitude': '-75.5938'}, 'timezone': {'offset': '+3:00', 'description': 'Baghdad, Riyadh, Moscow, St. Petersburg'}}, 'email': 'andreas.larsen@example.com', 'login': {'uuid': '178269f4-a24e-4497-831f-dc5ea4f91417', 'username': 'bigzebra831', 'password': 'cafc91', 'salt': 'Oiq4qLCq', 'md5': 'a7074414c36c69ce5c211b82136058b8', 'sha1': 'fe613ab46a3ddaa0ff4e0a21bf0e73b7331ed544', 'sha256': '69725f0a24a079d41fd777387ad16fcda8807dbe1fef563442ac2a2e285ca1b8'}, 'dob': {'date': '1987-03-28T18:38:05.112Z', 'age': 37}, 'registered': {'date': '2009-04-27T10:30:33.187Z', 'age': 15}, 'phone': '62960204', 'cell': '79627495', 'id': {'name': 'CPR', 'value': '280387-3190'}, 'picture': {'large': 'https://randomuser.me/api/portraits/men/92.jpg', 'medium': 'https://randomuser.me/api/portraits/med/men/92.jpg', 'thumbnail': 'https://randomuser.me/api/portraits/thumb/men/92.jpg'}, 'nat': 'DK'}</msg>
<arg>${json_data['results'][0]}</arg>
<doc>Logs the given message with the given level.</doc>
<status status="PASS" start="2024-06-14T05:14:46.093489" elapsed="0.000430"/>
</kw>
<kw name="Log" owner="BuiltIn">
<msg time="2024-06-14T05:14:46.094359" level="INFO">name</msg>
<arg>${key}</arg>
<doc>Logs the given message with the given level.</doc>
<status status="PASS" start="2024-06-14T05:14:46.094224" elapsed="0.000173"/>
</kw>
<var name="${key}">name</var>
<status status="PASS" start="2024-06-14T05:14:46.092703" elapsed="0.001913"/>
</iter>
<iter>
<kw name="Dictionary Should Contain Key" owner="Collections">
<arg>${json_data['results'][0]}</arg>
<arg>${key}</arg>
<doc>Fails if ``key`` is not found from ``dictionary``.</doc>
<status status="PASS" start="2024-06-14T05:14:46.094933" elapsed="0.000382"/>
</kw>
<kw name="Log" owner="BuiltIn">
<msg time="2024-06-14T05:14:46.095850" level="INFO">{'gender': 'male', 'name': {'title': 'Mr', 'first': 'Andreas', 'last': 'Larsen'}, 'location': {'street': {'number': 1755, 'name': 'Islandsvej'}, 'city': 'Odense Sv', 'state': 'Syddanmark', 'country': 'Denmark', 'postcode': 33386, 'coordinates': {'latitude': '-43.5502', 'longitude': '-75.5938'}, 'timezone': {'offset': '+3:00', 'description': 'Baghdad, Riyadh, Moscow, St. Petersburg'}}, 'email': 'andreas.larsen@example.com', 'login': {'uuid': '178269f4-a24e-4497-831f-dc5ea4f91417', 'username': 'bigzebra831', 'password': 'cafc91', 'salt': 'Oiq4qLCq', 'md5': 'a7074414c36c69ce5c211b82136058b8', 'sha1': 'fe613ab46a3ddaa0ff4e0a21bf0e73b7331ed544', 'sha256': '69725f0a24a079d41fd777387ad16fcda8807dbe1fef563442ac2a2e285ca1b8'}, 'dob': {'date': '1987-03-28T18:38:05.112Z', 'age': 37}, 'registered': {'date': '2009-04-27T10:30:33.187Z', 'age': 15}, 'phone': '62960204', 'cell': '79627495', 'id': {'name': 'CPR', 'value': '280387-3190'}, 'picture': {'large': 'https://randomuser.me/api/portraits/men/92.jpg', 'medium': 'https://randomuser.me/api/portraits/med/men/92.jpg', 'thumbnail': 'https://randomuser.me/api/portraits/thumb/men/92.jpg'}, 'nat': 'DK'}</msg>
<arg>${json_data['results'][0]}</arg>
<doc>Logs the given message with the given level.</doc>
<status status="PASS" start="2024-06-14T05:14:46.095503" elapsed="0.000394"/>
</kw>
<kw name="Log" owner="BuiltIn">
<msg time="2024-06-14T05:14:46.096317" level="INFO">location</msg>
<arg>${key}</arg>
<doc>Logs the given message with the given level.</doc>
<status status="PASS" start="2024-06-14T05:14:46.096191" elapsed="0.000163"/>
</kw>
<var name="${key}">location</var>
<status status="PASS" start="2024-06-14T05:14:46.094794" elapsed="0.001778"/>
</iter>
<iter>
<kw name="Dictionary Should Contain Key" owner="Collections">
<arg>${json_data['results'][0]}</arg>
<arg>${key}</arg>
<doc>Fails if ``key`` is not found from ``dictionary``.</doc>
<status status="PASS" start="2024-06-14T05:14:46.096852" elapsed="0.000375"/>
</kw>
<kw name="Log" owner="BuiltIn">
<msg time="2024-06-14T05:14:46.097759" level="INFO">{'gender': 'male', 'name': {'title': 'Mr', 'first': 'Andreas', 'last': 'Larsen'}, 'location': {'street': {'number': 1755, 'name': 'Islandsvej'}, 'city': 'Odense Sv', 'state': 'Syddanmark', 'country': 'Denmark', 'postcode': 33386, 'coordinates': {'latitude': '-43.5502', 'longitude': '-75.5938'}, 'timezone': {'offset': '+3:00', 'description': 'Baghdad, Riyadh, Moscow, St. Petersburg'}}, 'email': 'andreas.larsen@example.com', 'login': {'uuid': '178269f4-a24e-4497-831f-dc5ea4f91417', 'username': 'bigzebra831', 'password': 'cafc91', 'salt': 'Oiq4qLCq', 'md5': 'a7074414c36c69ce5c211b82136058b8', 'sha1': 'fe613ab46a3ddaa0ff4e0a21bf0e73b7331ed544', 'sha256': '69725f0a24a079d41fd777387ad16fcda8807dbe1fef563442ac2a2e285ca1b8'}, 'dob': {'date': '1987-03-28T18:38:05.112Z', 'age': 37}, 'registered': {'date': '2009-04-27T10:30:33.187Z', 'age': 15}, 'phone': '62960204', 'cell': '79627495', 'id': {'name': 'CPR', 'value': '280387-3190'}, 'picture': {'large': 'https://randomuser.me/api/portraits/men/92.jpg', 'medium': 'https://randomuser.me/api/portraits/med/men/92.jpg', 'thumbnail': 'https://randomuser.me/api/portraits/thumb/men/92.jpg'}, 'nat': 'DK'}</msg>
<arg>${json_data['results'][0]}</arg>
<doc>Logs the given message with the given level.</doc>
<status status="PASS" start="2024-06-14T05:14:46.097408" elapsed="0.000399"/>
</kw>
<kw name="Log" owner="BuiltIn">
<msg time="2024-06-14T05:14:46.098259" level="INFO">email</msg>
<arg>${key}</arg>
<doc>Logs the given message with the given level.</doc>
<status status="PASS" start="2024-06-14T05:14:46.098131" elapsed="0.000166"/>
</kw>
<var name="${key}">email</var>
<status status="PASS" start="2024-06-14T05:14:46.096742" elapsed="0.001770"/>
</iter>
<iter>
<kw name="Dictionary Should Contain Key" owner="Collections">
<arg>${json_data['results'][0]}</arg>
<arg>${key}</arg>
<doc>Fails if ``key`` is not found from ``dictionary``.</doc>
<status status="PASS" start="2024-06-14T05:14:46.098794" elapsed="0.000407"/>
</kw>
<kw name="Log" owner="BuiltIn">
<msg time="2024-06-14T05:14:46.099733" level="INFO">{'gender': 'male', 'name': {'title': 'Mr', 'first': 'Andreas', 'last': 'Larsen'}, 'location': {'street': {'number': 1755, 'name': 'Islandsvej'}, 'city': 'Odense Sv', 'state': 'Syddanmark', 'country': 'Denmark', 'postcode': 33386, 'coordinates': {'latitude': '-43.5502', 'longitude': '-75.5938'}, 'timezone': {'offset': '+3:00', 'description': 'Baghdad, Riyadh, Moscow, St. Petersburg'}}, 'email': 'andreas.larsen@example.com', 'login': {'uuid': '178269f4-a24e-4497-831f-dc5ea4f91417', 'username': 'bigzebra831', 'password': 'cafc91', 'salt': 'Oiq4qLCq', 'md5': 'a7074414c36c69ce5c211b82136058b8', 'sha1': 'fe613ab46a3ddaa0ff4e0a21bf0e73b7331ed544', 'sha256': '69725f0a24a079d41fd777387ad16fcda8807dbe1fef563442ac2a2e285ca1b8'}, 'dob': {'date': '1987-03-28T18:38:05.112Z', 'age': 37}, 'registered': {'date': '2009-04-27T10:30:33.187Z', 'age': 15}, 'phone': '62960204', 'cell': '79627495', 'id': {'name': 'CPR', 'value': '280387-3190'}, 'picture': {'large': 'https://randomuser.me/api/portraits/men/92.jpg', 'medium': 'https://randomuser.me/api/portraits/med/men/92.jpg', 'thumbnail': 'https://randomuser.me/api/portraits/thumb/men/92.jpg'}, 'nat': 'DK'}</msg>
<arg>${json_data['results'][0]}</arg>
<doc>Logs the given message with the given level.</doc>
<status status="PASS" start="2024-06-14T05:14:46.099387" elapsed="0.000394"/>
</kw>
<kw name="Log" owner="BuiltIn">
<msg time="2024-06-14T05:14:46.100332" level="INFO">login</msg>
<arg>${key}</arg>
<doc>Logs the given message with the given level.</doc>
<status status="PASS" start="2024-06-14T05:14:46.100075" elapsed="0.000295"/>
</kw>
<var name="${key}">login</var>
<status status="PASS" start="2024-06-14T05:14:46.098685" elapsed="0.001901"/>
</iter>
<var>${key}</var>
<value>@{expected_keys}</value>
<status status="PASS" start="2024-06-14T05:14:46.090343" elapsed="0.010362"/>
</for>
<kw name="Create List" owner="BuiltIn">
<msg time="2024-06-14T05:14:46.101037" level="INFO">${expected_keysTwo} = ['username', 'password']</msg>
<var>${expected_keysTwo}</var>
<arg>username</arg>
<arg>password</arg>
<doc>Returns a list containing given items.</doc>
<status status="PASS" start="2024-06-14T05:14:46.100899" elapsed="0.000161"/>
</kw>
<for flavor="IN">
<iter>
<kw name="Dictionary Should Contain Key" owner="Collections">
<arg>${json_data['results'][0]['login']}</arg>
<arg>${keyTwo}</arg>
<doc>Fails if ``key`` is not found from ``dictionary``.</doc>
<status status="PASS" start="2024-06-14T05:14:46.101593" elapsed="0.000377"/>
</kw>
<kw name="Dictionary Should Contain Key" owner="Collections">
<arg>${json_data['results'][0]['login']}</arg>
<arg>${keyTwo}</arg>
<doc>Fails if ``key`` is not found from ``dictionary``.</doc>
<status status="PASS" start="2024-06-14T05:14:46.102149" elapsed="0.000375"/>
</kw>
<kw name="Log" owner="BuiltIn">
<msg time="2024-06-14T05:14:46.102855" level="INFO">username</msg>
<arg>${keyTwo}</arg>
<doc>Logs the given message with the given level.</doc>
<status status="PASS" start="2024-06-14T05:14:46.102711" elapsed="0.000190"/>
</kw>
<var name="${keyTwo}">username</var>
<status status="PASS" start="2024-06-14T05:14:46.101485" elapsed="0.001638"/>
</iter>
<iter>
<kw name="Dictionary Should Contain Key" owner="Collections">
<arg>${json_data['results'][0]['login']}</arg>
<arg>${keyTwo}</arg>
<doc>Fails if ``key`` is not found from ``dictionary``.</doc>
<status status="PASS" start="2024-06-14T05:14:46.103408" elapsed="0.000369"/>
</kw>
<kw name="Dictionary Should Contain Key" owner="Collections">
<arg>${json_data['results'][0]['login']}</arg>
<arg>${keyTwo}</arg>
<doc>Fails if ``key`` is not found from ``dictionary``.</doc>
<status status="PASS" start="2024-06-14T05:14:46.103956" elapsed="0.000361"/>
</kw>
<kw name="Log" owner="BuiltIn">
<msg time="2024-06-14T05:14:46.104614" level="INFO">password</msg>
<arg>${keyTwo}</arg>
<doc>Logs the given message with the given level.</doc>
<status status="PASS" start="2024-06-14T05:14:46.104494" elapsed="0.000156"/>
</kw>
<var name="${keyTwo}">password</var>
<status status="PASS" start="2024-06-14T05:14:46.103299" elapsed="0.001570"/>
</iter>
<var>${keyTwo}</var>
<value>@{expected_keysTwo}</value>
<status status="PASS" start="2024-06-14T05:14:46.101328" elapsed="0.003660"/>
</for>
<status status="PASS" start="2024-06-14T05:14:45.987817" elapsed="0.117311"/>
</kw>
<doc>Testa a estrutura da resposta da API.</doc>
<tag>testeEstruturaResposta</tag>
<status status="PASS" start="2024-06-14T05:14:45.987113" elapsed="0.118173"/>
</test>
<test id="s1-s1-t4" name="Validar tipos de dados" line="28">
<kw name="Teste de Tipos de Dados" owner="random-user-service">
<kw name="GET On Session" owner="RequestsLibrary">
<msg time="2024-06-14T05:14:46.209432" level="INFO">GET Request : url=https://randomuser.me/api 
 path_url=/api 
 headers={'User-Agent': 'python-requests/2.32.3', 'Accept-Encoding': 'gzip, deflate', 'Accept': '*/*', 'Connection': 'keep-alive'} 
 body=None 
 </msg>
<msg time="2024-06-14T05:14:46.209530" level="INFO">GET Response : url=https://randomuser.me/api 
 status=200, reason=OK 
 headers={'Date': 'Fri, 14 Jun 2024 05:14:46 GMT', 'Content-Type': 'application/json; charset=utf-8', 'Transfer-Encoding': 'chunked', 'Connection': 'keep-alive', 'X-Powered-By': 'Express', 'Access-Control-Allow-Origin': '*', 'Cache-Control': 'no-cache', 'ETag': 'W/"492-mszE07edFdIYBxy8x6NYLpgNmU0"', 'Vary': 'Accept-Encoding', 'Content-Encoding': 'gzip', 'CF-Cache-Status': 'DYNAMIC', 'Report-To': '{"endpoints":[{"url":"https:\\/\\/a.nel.cloudflare.com\\/report\\/v4?s=W0eNU8HD1ZQSgtgCMxfmwc2lp%2BiA%2Fx%2BnEX%2FZ0gyLeVji%2Bt%2FgQRvM%2B4kWVFkSoh5BokrF8U2GjwvtH7EERt6WWHszbJm7cXVbtr%2Bk%2F7LS5Nsj1%2FkB8U4Agfhy09gGsAr1"}],"group":"cf-nel","max_age":604800}', 'NEL': '{"success_fraction":0,"report_to":"cf-nel","max_age":604800}', 'Server': 'cloudflare', 'CF-RAY': '8937d6b63c181754-SJC', 'alt-svc': 'h3=":443"; ma=86400'} 
 body={"results":[{"gender":"male","name":{"title":"Monsieur","first":"Hanspeter","last":"Giraud"},"location":{"street":{"number":3497,"name":"Place de L'Abbé-Basset"},"city":"Vinzel","state":"Schaffhausen","country":"Switzerland","postcode":6946,"coordinates":{"latitude":"-63.7866","longitude":"-60.5939"},"timezone":{"offset":"-9:00","description":"Alaska"}},"email":"hanspeter.giraud@example.com","login":{"uuid":"66153e91-c08d-4d04-b4e0-004aab62eb0e","username":"whitebird125","password":"darkman","salt":"XdI1YcrB","md5":"5331364a39e9a49bba85dcd2f6cd2a93","sha1":"c7d0365ac736860806db047d347d57b636213e7d","sha256":"c52a29c5901810b45b0fa7ed950bbbaeb7b3d288f59689ad9a312db94f1e8b42"},"dob":{"date":"1946-07-08T16:58:51.023Z","age":77},"registered":{"date":"2008-01-30T03:45:39.590Z","age":16},"phone":"078 419 70 91","cell":"076 440 99 77","id":{"name":"AVS","value":"756.0494.7051.87"},"picture":{"large":"https://randomuser.me/api/portraits/men/62.jpg","medium":"https://randomuser.me/api/portraits/med/men/62.jpg","thumbnail":"https://randomuser.me/api/portraits/thumb/men/62.jpg"},"nat":"CH"}],"info":{"seed":"a5029c383352056e","results":1,"page":1,"version":"1.4"}} 
 </msg>
<msg time="2024-06-14T05:14:46.209603" level="INFO">/opt/hostedtoolcache/Python/3.12.3/x64/lib/python3.12/site-packages/urllib3/connectionpool.py:1103: InsecureRequestWarning: Unverified HTTPS request is being made to host 'randomuser.me'. Adding certificate verification is strongly advised. See: https://urllib3.readthedocs.io/en/latest/advanced-usage.html#tls-warnings
  warnings.warn(</msg>
<msg time="2024-06-14T05:14:46.209722" level="INFO">${response} = &lt;Response [200]&gt;</msg>
<var>${response}</var>
<arg>consultarAPI</arg>
<arg>/api</arg>
<doc>Sends a GET request on a previously created HTTP Session.</doc>
<status status="PASS" start="2024-06-14T05:14:46.107810" elapsed="0.101952"/>
</kw>
<kw name="Set Variable" owner="BuiltIn">
<msg time="2024-06-14T05:14:46.210848" level="INFO">${json_data} = {'results': [{'gender': 'male', 'name': {'title': 'Monsieur', 'first': 'Hanspeter', 'last': 'Giraud'}, 'location': {'street': {'number': 3497, 'name': "Place de L'Abbé-Basset"}, 'city': 'Vinzel', 'sta...</msg>
<var>${json_data}</var>
<arg>${response.json()}</arg>
<doc>Returns the given values which can then be assigned to a variables.</doc>
<status status="PASS" start="2024-06-14T05:14:46.210297" elapsed="0.000585"/>
</kw>
<kw name="Log" owner="BuiltIn">
<msg time="2024-06-14T05:14:46.211364" level="INFO">{'results': [{'gender': 'male', 'name': {'title': 'Monsieur', 'first': 'Hanspeter', 'last': 'Giraud'}, 'location': {'street': {'number': 3497, 'name': "Place de L'Abbé-Basset"}, 'city': 'Vinzel', 'state': 'Schaffhausen', 'country': 'Switzerland', 'postcode': 6946, 'coordinates': {'latitude': '-63.7866', 'longitude': '-60.5939'}, 'timezone': {'offset': '-9:00', 'description': 'Alaska'}}, 'email': 'hanspeter.giraud@example.com', 'login': {'uuid': '66153e91-c08d-4d04-b4e0-004aab62eb0e', 'username': 'whitebird125', 'password': 'darkman', 'salt': 'XdI1YcrB', 'md5': '5331364a39e9a49bba85dcd2f6cd2a93', 'sha1': 'c7d0365ac736860806db047d347d57b636213e7d', 'sha256': 'c52a29c5901810b45b0fa7ed950bbbaeb7b3d288f59689ad9a312db94f1e8b42'}, 'dob': {'date': '1946-07-08T16:58:51.023Z', 'age': 77}, 'registered': {'date': '2008-01-30T03:45:39.590Z', 'age': 16}, 'phone': '078 419 70 91', 'cell': '076 440 99 77', 'id': {'name': 'AVS', 'value': '756.0494.7051.87'}, 'picture': {'large': 'https://randomuser.me/api/portraits/men/62.jpg', 'medium': 'https://randomuser.me/api/portraits/med/men/62.jpg', 'thumbnail': 'https://randomuser.me/api/portraits/thumb/men/62.jpg'}, 'nat': 'CH'}], 'info': {'seed': 'a5029c383352056e', 'results': 1, 'page': 1, 'version': '1.4'}}</msg>
<arg>${json_data}</arg>
<doc>Logs the given message with the given level.</doc>
<status status="PASS" start="2024-06-14T05:14:46.211201" elapsed="0.000213"/>
</kw>
<kw name="Should Be String" owner="String">
<arg>${json_data['results'][0]['gender']}</arg>
<doc>Fails if the given ``item`` is not a string.</doc>
<status status="PASS" start="2024-06-14T05:14:46.211710" elapsed="0.000371"/>
</kw>
<kw name="Should Match Regexp" owner="BuiltIn">
<arg>${json_data['results'][0]['email']}</arg>
<arg>^[a-zA-Z0-9._%+-]+@[a-zA-Z0-9.-]+\.[a-zA-Z]{2,}$</arg>
<doc>Fails if ``string`` does not match ``pattern`` as a regular expression.</doc>
<status status="PASS" start="2024-06-14T05:14:46.212273" elapsed="0.000513"/>
</kw>
<kw name="Should Match Regexp" owner="BuiltIn">
<arg>${json_data['results'][0]['dob']['date']}</arg>
<arg>\\d{4}-\\d{2}-\\d{2}T\\d{2}:\\d{2}:\\d{2}\\.\\d{3}Z</arg>
<doc>Fails if ``string`` does not match ``pattern`` as a regular expression.</doc>
<status status="PASS" start="2024-06-14T05:14:46.213023" elapsed="0.000494"/>
</kw>
<kw name="Should Match Regexp" owner="BuiltIn">
<arg>${json_data['results'][0]['registered']['date']}</arg>
<arg>\\d{4}-\\d{2}-\\d{2}T\\d{2}:\\d{2}:\\d{2}\\.\\d{3}Z</arg>
<doc>Fails if ``string`` does not match ``pattern`` as a regular expression.</doc>
<status status="PASS" start="2024-06-14T05:14:46.213710" elapsed="0.000369"/>
</kw>
<kw name="Should Match Regexp" owner="BuiltIn">
<arg>${json_data['results'][0]['picture']['large']}</arg>
<arg>^https?://.*\.(?:png|jpe?g|gif|bmp)$</arg>
<doc>Fails if ``string`` does not match ``pattern`` as a regular expression.</doc>
<status status="PASS" start="2024-06-14T05:14:46.214268" elapsed="0.000466"/>
</kw>
<kw name="Should Match Regexp" owner="BuiltIn">
<arg>${json_data['results'][0]['picture']['medium']}</arg>
<arg>^https?://.*\.(?:png|jpe?g|gif|bmp)$</arg>
<doc>Fails if ``string`` does not match ``pattern`` as a regular expression.</doc>
<status status="PASS" start="2024-06-14T05:14:46.214950" elapsed="0.000353"/>
</kw>
<kw name="Should Match Regexp" owner="BuiltIn">
<arg>${json_data['results'][0]['picture']['thumbnail']}</arg>
<arg>^https?://.*\.(?:png|jpe?g|gif|bmp)$</arg>
<doc>Fails if ``string`` does not match ``pattern`` as a regular expression.</doc>
<status status="PASS" start="2024-06-14T05:14:46.215491" elapsed="0.000346"/>
</kw>
<kw name="Log" owner="BuiltIn">
<msg time="2024-06-14T05:14:46.216353" level="INFO">{'large': 'https://randomuser.me/api/portraits/men/62.jpg', 'medium': 'https://randomuser.me/api/portraits/med/men/62.jpg', 'thumbnail': 'https://randomuser.me/api/portraits/thumb/men/62.jpg'}</msg>
<arg>${json_data['results'][0]['picture']}</arg>
<doc>Logs the given message with the given level.</doc>
<status status="PASS" start="2024-06-14T05:14:46.216020" elapsed="0.000375"/>
</kw>
<status status="PASS" start="2024-06-14T05:14:46.107575" elapsed="0.109078"/>
</kw>
<kw name="Teste de Tipos de Dados - Postcode" owner="random-user-service">
<kw name="GET On Session" owner="RequestsLibrary">
<msg time="2024-06-14T05:14:46.302219" level="INFO">GET Request : url=https://randomuser.me/api 
 path_url=/api 
 headers={'User-Agent': 'python-requests/2.32.3', 'Accept-Encoding': 'gzip, deflate', 'Accept': '*/*', 'Connection': 'keep-alive'} 
 body=None 
 </msg>
<msg time="2024-06-14T05:14:46.302332" level="INFO">GET Response : url=https://randomuser.me/api 
 status=200, reason=OK 
 headers={'Date': 'Fri, 14 Jun 2024 05:14:46 GMT', 'Content-Type': 'application/json; charset=utf-8', 'Transfer-Encoding': 'chunked', 'Connection': 'keep-alive', 'X-Powered-By': 'Express', 'Access-Control-Allow-Origin': '*', 'Cache-Control': 'no-cache', 'ETag': 'W/"495-a0QfjSIEF9KHef/au+ugHa8uI1w"', 'Vary': 'Accept-Encoding', 'Content-Encoding': 'gzip', 'CF-Cache-Status': 'DYNAMIC', 'Report-To': '{"endpoints":[{"url":"https:\\/\\/a.nel.cloudflare.com\\/report\\/v4?s=OXquPOGpmZbHU73vCuzVFdX31DC7J7r55uPRKAVw8bb7nbxw59ZlHpx3cXiuHp%2Fw8B1RMpoeVey6o34AuMxxL7z3sMQ0MDlqtgkh2y4uPy6MGl%2Bm6zjq4JGSYqc01lFc"}],"group":"cf-nel","max_age":604800}', 'NEL': '{"success_fraction":0,"report_to":"cf-nel","max_age":604800}', 'Server': 'cloudflare', 'CF-RAY': '8937d6b6dcc71754-SJC', 'alt-svc': 'h3=":443"; ma=86400'} 
 body={"results":[{"gender":"male","name":{"title":"Mr","first":"محمدپارسا","last":"نجاتی"},"location":{"street":{"number":1042,"name":"مالک اشتر"},"city":"ایلام","state":"گیلان","country":"Iran","postcode":42469,"coordinates":{"latitude":"18.2325","longitude":"-145.0137"},"timezone":{"offset":"+8:00","description":"Beijing, Perth, Singapore, Hong Kong"}},"email":"mhmdprs.njty@example.com","login":{"uuid":"dbd192f5-9649-43ea-85f0-6e839e6aa89c","username":"yellowbear482","password":"easy","salt":"KxqJn3PU","md5":"7ae9e0fa102129b7f0a843eb804cc2db","sha1":"465c198e99c4697808255507a4b95c6778585ae3","sha256":"91a14963721c97bdfd02f4d948bba4bee62e032c439c07d58467be4ecca03a87"},"dob":{"date":"1995-01-03T21:09:38.289Z","age":29},"registered":{"date":"2013-02-20T03:17:32.358Z","age":11},"phone":"058-46655736","cell":"0990-404-8941","id":{"name":"","value":null},"picture":{"large":"https://randomuser.me/api/portraits/men/19.jpg","medium":"https://randomuser.me/api/portraits/med/men/19.jpg","thumbnail":"https://randomuser.me/api/portraits/thumb/men/19.jpg"},"nat":"IR"}],"info":{"seed":"c593edb44a29d223","results":1,"page":1,"version":"1.4"}} 
 </msg>
<msg time="2024-06-14T05:14:46.302441" level="INFO">/opt/hostedtoolcache/Python/3.12.3/x64/lib/python3.12/site-packages/urllib3/connectionpool.py:1103: InsecureRequestWarning: Unverified HTTPS request is being made to host 'randomuser.me'. Adding certificate verification is strongly advised. See: https://urllib3.readthedocs.io/en/latest/advanced-usage.html#tls-warnings
  warnings.warn(</msg>
<msg time="2024-06-14T05:14:46.302578" level="INFO">${response} = &lt;Response [200]&gt;</msg>
<var>${response}</var>
<arg>consultarAPI</arg>
<arg>/api</arg>
<doc>Sends a GET request on a previously created HTTP Session.</doc>
<status status="PASS" start="2024-06-14T05:14:46.217125" elapsed="0.085485"/>
</kw>
<kw name="Set Variable" owner="BuiltIn">
<msg time="2024-06-14T05:14:46.303702" level="INFO">${json_data} = {'results': [{'gender': 'male', 'name': {'title': 'Mr', 'first': 'محمدپارسا', 'last': 'نجاتی'}, 'location': {'street': {'number': 1042, 'name': 'مالک اشتر'}, 'city': 'ایلام', 'state': 'گیلان', 'countr...</msg>
<var>${json_data}</var>
<arg>${response.json()}</arg>
<doc>Returns the given values which can then be assigned to a variables.</doc>
<status status="PASS" start="2024-06-14T05:14:46.303178" elapsed="0.000555"/>
</kw>
<kw name="Log" owner="BuiltIn">
<msg time="2024-06-14T05:14:46.304224" level="INFO">{'results': [{'gender': 'male', 'name': {'title': 'Mr', 'first': 'محمدپارسا', 'last': 'نجاتی'}, 'location': {'street': {'number': 1042, 'name': 'مالک اشتر'}, 'city': 'ایلام', 'state': 'گیلان', 'country': 'Iran', 'postcode': 42469, 'coordinates': {'latitude': '18.2325', 'longitude': '-145.0137'}, 'timezone': {'offset': '+8:00', 'description': 'Beijing, Perth, Singapore, Hong Kong'}}, 'email': 'mhmdprs.njty@example.com', 'login': {'uuid': 'dbd192f5-9649-43ea-85f0-6e839e6aa89c', 'username': 'yellowbear482', 'password': 'easy', 'salt': 'KxqJn3PU', 'md5': '7ae9e0fa102129b7f0a843eb804cc2db', 'sha1': '465c198e99c4697808255507a4b95c6778585ae3', 'sha256': '91a14963721c97bdfd02f4d948bba4bee62e032c439c07d58467be4ecca03a87'}, 'dob': {'date': '1995-01-03T21:09:38.289Z', 'age': 29}, 'registered': {'date': '2013-02-20T03:17:32.358Z', 'age': 11}, 'phone': '058-46655736', 'cell': '0990-404-8941', 'id': {'name': '', 'value': None}, 'picture': {'large': 'https://randomuser.me/api/portraits/men/19.jpg', 'medium': 'https://randomuser.me/api/portraits/med/men/19.jpg', 'thumbnail': 'https://randomuser.me/api/portraits/thumb/men/19.jpg'}, 'nat': 'IR'}], 'info': {'seed': 'c593edb44a29d223', 'results': 1, 'page': 1, 'version': '1.4'}}</msg>
<arg>${json_data}</arg>
<doc>Logs the given message with the given level.</doc>
<status status="PASS" start="2024-06-14T05:14:46.304060" elapsed="0.000219"/>
</kw>
<kw name="Should Be Equal As Numbers" owner="BuiltIn">
<arg>${json_data['results'][0]['location']['postcode']}</arg>
<arg>${json_data['results'][0]['location']['postcode']}</arg>
<doc>Fails if objects are unequal after converting them to real numbers.</doc>
<status status="PASS" start="2024-06-14T05:14:46.304579" elapsed="0.000643"/>
</kw>
<kw name="Log" owner="BuiltIn">
<msg time="2024-06-14T05:14:46.305745" level="INFO">42469</msg>
<arg>${json_data['results'][0]['location']['postcode']}</arg>
<doc>Logs the given message with the given level.</doc>
<status status="PASS" start="2024-06-14T05:14:46.305413" elapsed="0.000371"/>
</kw>
<status status="PASS" start="2024-06-14T05:14:46.216880" elapsed="0.089187"/>
</kw>
<doc>Testa se os tipos de dados na resposta da API estão corretos.</doc>
<tag>testeTiposDados</tag>
<status status="PASS" start="2024-06-14T05:14:46.107089" elapsed="0.199152"/>
</test>
<test id="s1-s1-t5" name="Validar conteudo" line="35">
<kw name="Teste de Tipos de Conteudo" owner="random-user-service">
<kw name="GET On Session" owner="RequestsLibrary">
<msg time="2024-06-14T05:14:46.402794" level="INFO">GET Request : url=https://randomuser.me/api 
 path_url=/api 
 headers={'User-Agent': 'python-requests/2.32.3', 'Accept-Encoding': 'gzip, deflate', 'Accept': '*/*', 'Connection': 'keep-alive'} 
 body=None 
 </msg>
<msg time="2024-06-14T05:14:46.402983" level="INFO">GET Response : url=https://randomuser.me/api 
 status=200, reason=OK 
 headers={'Date': 'Fri, 14 Jun 2024 05:14:46 GMT', 'Content-Type': 'application/json; charset=utf-8', 'Transfer-Encoding': 'chunked', 'Connection': 'keep-alive', 'X-Powered-By': 'Express', 'Access-Control-Allow-Origin': '*', 'Cache-Control': 'no-cache', 'ETag': 'W/"48d-FVBAdcYuLAiaZQ3UStxKGJQxUJM"', 'Vary': 'Accept-Encoding', 'Content-Encoding': 'gzip', 'CF-Cache-Status': 'DYNAMIC', 'Report-To': '{"endpoints":[{"url":"https:\\/\\/a.nel.cloudflare.com\\/report\\/v4?s=daYRxZD5roZcVvLTmytkNiQcDBpmGR4gHQBkoOH30Z%2Fd2OoRyq7mdFsD%2BUYTXP9o6YDkvmwELN82thIV%2BebjHt5CcDCTJTgyDso4pRZLWAUbJamFFTKLCQr3Aea%2BJaWq"}],"group":"cf-nel","max_age":604800}', 'NEL': '{"success_fraction":0,"report_to":"cf-nel","max_age":604800}', 'Server': 'cloudflare', 'CF-RAY': '8937d6b77d331754-SJC', 'alt-svc': 'h3=":443"; ma=86400'} 
 body={"results":[{"gender":"female","name":{"title":"Mrs","first":"Avery","last":"Jacobs"},"location":{"street":{"number":112,"name":"Parker Rd"},"city":"Bathurst","state":"Western Australia","country":"Australia","postcode":2838,"coordinates":{"latitude":"-83.1027","longitude":"57.0418"},"timezone":{"offset":"+2:00","description":"Kaliningrad, South Africa"}},"email":"avery.jacobs@example.com","login":{"uuid":"1768091e-47c8-4731-816e-db0d966d8ac0","username":"whitesnake746","password":"gonzales","salt":"CVHDmeFf","md5":"ad23150261d99eadbb1cba955b6520c0","sha1":"9f9f0bac595e1bf56bbbddebb2e8b0cea4024f22","sha256":"cc462c846ff083b9937581b1e8102479df19e742e4e43aa9ac987985435902fd"},"dob":{"date":"1947-10-17T18:28:11.229Z","age":76},"registered":{"date":"2019-01-13T06:01:52.136Z","age":5},"phone":"03-4856-7061","cell":"0449-322-987","id":{"name":"TFN","value":"185018555"},"picture":{"large":"https://randomuser.me/api/portraits/women/58.jpg","medium":"https://randomuser.me/api/portraits/med/women/58.jpg","thumbnail":"https://randomuser.me/api/portraits/thumb/women/58.jpg"},"nat":"AU"}],"info":{"seed":"ef85cc3c0d91cedd","results":1,"page":1,"version":"1.4"}} 
 </msg>
<msg time="2024-06-14T05:14:46.403086" level="INFO">/opt/hostedtoolcache/Python/3.12.3/x64/lib/python3.12/site-packages/urllib3/connectionpool.py:1103: InsecureRequestWarning: Unverified HTTPS request is being made to host 'randomuser.me'. Adding certificate verification is strongly advised. See: https://urllib3.readthedocs.io/en/latest/advanced-usage.html#tls-warnings
  warnings.warn(</msg>
<msg time="2024-06-14T05:14:46.403266" level="INFO">${response} = &lt;Response [200]&gt;</msg>
<var>${response}</var>
<arg>consultarAPI</arg>
<arg>/api</arg>
<doc>Sends a GET request on a previously created HTTP Session.</doc>
<status status="PASS" start="2024-06-14T05:14:46.308807" elapsed="0.094542"/>
</kw>
<kw name="Set Variable" owner="BuiltIn">
<msg time="2024-06-14T05:14:46.405098" level="INFO">${json_data} = {'results': [{'gender': 'female', 'name': {'title': 'Mrs', 'first': 'Avery', 'last': 'Jacobs'}, 'location': {'street': {'number': 112, 'name': 'Parker Rd'}, 'city': 'Bathurst', 'state': 'Western Austr...</msg>
<var>${json_data}</var>
<arg>${response.json()}</arg>
<doc>Returns the given values which can then be assigned to a variables.</doc>
<status status="PASS" start="2024-06-14T05:14:46.404202" elapsed="0.000943"/>
</kw>
<kw name="Set Variable" owner="BuiltIn">
<msg time="2024-06-14T05:14:46.406185" level="INFO">${name_title} = Mrs</msg>
<var>${name_title}</var>
<arg>${json_data["results"][0]["name"]["title"]}</arg>
<doc>Returns the given values which can then be assigned to a variables.</doc>
<status status="PASS" start="2024-06-14T05:14:46.405593" elapsed="0.000630"/>
</kw>
<kw name="Create List" owner="BuiltIn">
<msg time="2024-06-14T05:14:46.406935" level="INFO">${allowed_titles} = ['Mr', 'Ms', 'Miss', 'Mrs', 'Madame', 'Monsieur']</msg>
<var>${allowed_titles}</var>
<arg>Mr</arg>
<arg>Ms</arg>
<arg>Miss</arg>
<arg>Mrs</arg>
<arg>Madame</arg>
<arg>Monsieur</arg>
<doc>Returns a list containing given items.</doc>
<status status="PASS" start="2024-06-14T05:14:46.406654" elapsed="0.000327"/>
</kw>
<kw name="List Should Contain Value" owner="Collections">
<arg>${allowed_titles}</arg>
<arg>${name_title}</arg>
<doc>Fails if the ``value`` is not found from ``list``.</doc>
<status status="PASS" start="2024-06-14T05:14:46.407471" elapsed="0.000306"/>
</kw>
<kw name="Set Variable" owner="BuiltIn">
<msg time="2024-06-14T05:14:46.408682" level="INFO">${name_country} = AU</msg>
<var>${name_country}</var>
<arg>${json_data["results"][0]["nat"]}</arg>
<doc>Returns the given values which can then be assigned to a variables.</doc>
<status status="PASS" start="2024-06-14T05:14:46.408095" elapsed="0.000625"/>
</kw>
<kw name="Create List" owner="BuiltIn">
<msg time="2024-06-14T05:14:46.410320" level="INFO">${list_country} = ['AD', 'AE', 'AF', 'AG', 'AI', 'AL', 'AM', 'AO', 'AQ', 'AR', 'AS', 'AT', 'AU', 'AW', 'AX', 'AZ', 'BA', 'BB', 'BD', 'BE', 'BF', 'BG', 'BH', 'BI', 'BJ', 'BL', 'BM', 'BN', 'BO', 'BQ', 'BR', 'BS', 'BT', '...</msg>
<var>${list_country}</var>
<arg>AD</arg>
<arg>AE</arg>
<arg>AF</arg>
<arg>AG</arg>
<arg>AI</arg>
<arg>AL</arg>
<arg>AM</arg>
<arg>AO</arg>
<arg>AQ</arg>
<arg>AR</arg>
<arg>AS</arg>
<arg>AT</arg>
<arg>AU</arg>
<arg>AW</arg>
<arg>AX</arg>
<arg>AZ</arg>
<arg>BA</arg>
<arg>BB</arg>
<arg>BD</arg>
<arg>BE</arg>
<arg>BF</arg>
<arg>BG</arg>
<arg>BH</arg>
<arg>BI</arg>
<arg>BJ</arg>
<arg>BL</arg>
<arg>BM</arg>
<arg>BN</arg>
<arg>BO</arg>
<arg>BQ</arg>
<arg>BR</arg>
<arg>BS</arg>
<arg>BT</arg>
<arg>BV</arg>
<arg>BW</arg>
<arg>BY</arg>
<arg>BZ</arg>
<arg>CA</arg>
<arg>CC</arg>
<arg>CD</arg>
<arg>CF</arg>
<arg>CG</arg>
<arg>CH</arg>
<arg>CI</arg>
<arg>CK</arg>
<arg>CL</arg>
<arg>CM</arg>
<arg>CN</arg>
<arg>CO</arg>
<arg>CR</arg>
<arg>CU</arg>
<arg>CV</arg>
<arg>CW</arg>
<arg>CX</arg>
<arg>CY</arg>
<arg>CZ</arg>
<arg>DE</arg>
<arg>DJ</arg>
<arg>DK</arg>
<arg>DM</arg>
<arg>DO</arg>
<arg>DZ</arg>
<arg>EC</arg>
<arg>EE</arg>
<arg>EG</arg>
<arg>EH</arg>
<arg>ER</arg>
<arg>ES</arg>
<arg>ET</arg>
<arg>FI</arg>
<arg>FJ</arg>
<arg>FK</arg>
<arg>FM</arg>
<arg>FO</arg>
<arg>FR</arg>
<arg>GA</arg>
<arg>GB</arg>
<arg>GD</arg>
<arg>GE</arg>
<arg>GF</arg>
<arg>GG</arg>
<arg>GH</arg>
<arg>GI</arg>
<arg>GL</arg>
<arg>GM</arg>
<arg>GN</arg>
<arg>GP</arg>
<arg>GQ</arg>
<arg>GR</arg>
<arg>GS</arg>
<arg>GT</arg>
<arg>GU</arg>
<arg>GW</arg>
<arg>GY</arg>
<arg>HK</arg>
<arg>HM</arg>
<arg>HN</arg>
<arg>HR</arg>
<arg>HT</arg>
<arg>HU</arg>
<arg>ID</arg>
<arg>IE</arg>
<arg>IL</arg>
<arg>IM</arg>
<arg>IN</arg>
<arg>IO</arg>
<arg>IQ</arg>
<arg>IR</arg>
<arg>IS</arg>
<arg>IT</arg>
<arg>JE</arg>
<arg>JM</arg>
<arg>JO</arg>
<arg>JP</arg>
<arg>KE</arg>
<arg>KG</arg>
<arg>KH</arg>
<arg>KI</arg>
<arg>KM</arg>
<arg>KN</arg>
<arg>KP</arg>
<arg>KR</arg>
<arg>KW</arg>
<arg>KY</arg>
<arg>KZ</arg>
<arg>LA</arg>
<arg>LB</arg>
<arg>LC</arg>
<arg>LI</arg>
<arg>LK</arg>
<arg>LR</arg>
<arg>LS</arg>
<arg>LT</arg>
<arg>LU</arg>
<arg>LV</arg>
<arg>LY</arg>
<arg>MA</arg>
<arg>MC</arg>
<arg>MD</arg>
<arg>ME</arg>
<arg>MF</arg>
<arg>MG</arg>
<arg>MH</arg>
<arg>MK</arg>
<arg>ML</arg>
<arg>MM</arg>
<arg>MN</arg>
<arg>MO</arg>
<arg>MP</arg>
<arg>MQ</arg>
<arg>MR</arg>
<arg>MS</arg>
<arg>MT</arg>
<arg>MU</arg>
<arg>MV</arg>
<arg>MW</arg>
<arg>MX</arg>
<arg>MY</arg>
<arg>MZ</arg>
<arg>NA</arg>
<arg>NC</arg>
<arg>NE</arg>
<arg>NF</arg>
<arg>NG</arg>
<arg>NI</arg>
<arg>NL</arg>
<arg>NO</arg>
<arg>NP</arg>
<arg>NR</arg>
<arg>NU</arg>
<arg>NZ</arg>
<arg>OM</arg>
<arg>PA</arg>
<arg>PE</arg>
<arg>PF</arg>
<arg>PG</arg>
<arg>PH</arg>
<arg>PK</arg>
<arg>PL</arg>
<arg>PM</arg>
<arg>PN</arg>
<arg>PR</arg>
<arg>PS</arg>
<arg>PT</arg>
<arg>PW</arg>
<arg>PY</arg>
<arg>QA</arg>
<arg>RE</arg>
<arg>RO</arg>
<arg>RS</arg>
<arg>RU</arg>
<arg>RW</arg>
<arg>SA</arg>
<arg>SB</arg>
<arg>SC</arg>
<arg>SD</arg>
<arg>SE</arg>
<arg>SG</arg>
<arg>SH</arg>
<arg>SI</arg>
<arg>SJ</arg>
<arg>SK</arg>
<arg>SL</arg>
<arg>SM</arg>
<arg>SN</arg>
<arg>SO</arg>
<arg>SR</arg>
<arg>SS</arg>
<arg>ST</arg>
<arg>SV</arg>
<arg>SX</arg>
<arg>SY</arg>
<arg>SZ</arg>
<arg>TC</arg>
<arg>TD</arg>
<arg>TF</arg>
<arg>TG</arg>
<arg>TH</arg>
<arg>TJ</arg>
<arg>TK</arg>
<arg>TL</arg>
<arg>TM</arg>
<arg>TN</arg>
<arg>TO</arg>
<arg>TR</arg>
<arg>TT</arg>
<arg>TV</arg>
<arg>TW</arg>
<arg>TZ</arg>
<arg>UA</arg>
<arg>UG</arg>
<arg>UM</arg>
<arg>US</arg>
<arg>UY</arg>
<arg>UZ</arg>
<arg>VA</arg>
<arg>VC</arg>
<arg>VE</arg>
<arg>VG</arg>
<arg>VI</arg>
<arg>VN</arg>
<arg>VU</arg>
<arg>WF</arg>
<arg>WS</arg>
<arg>XK</arg>
<arg>YE</arg>
<arg>YT</arg>
<arg>ZA</arg>
<arg>ZM</arg>
<arg>ZW</arg>
<doc>Returns a list containing given items.</doc>
<status status="PASS" start="2024-06-14T05:14:46.409149" elapsed="0.001219"/>
</kw>
<kw name="List Should Contain Value" owner="Collections">
<arg>${list_country}</arg>
<arg>${name_country}</arg>
<doc>Fails if the ``value`` is not found from ``list``.</doc>
<status status="PASS" start="2024-06-14T05:14:46.411372" elapsed="0.000219"/>
</kw>
<kw name="Run Keyword If" owner="BuiltIn">
<kw name="Should Be True" owner="BuiltIn">
<arg>${True}</arg>
<doc>Fails if the given condition is not true.</doc>
<status status="PASS" start="2024-06-14T05:14:46.412707" elapsed="0.000147"/>
</kw>
<arg>${json_data["results"][0]["location"]["coordinates"]["latitude"]} &gt;= -90 and ${json_data["results"][0]["location"]["coordinates"]["latitude"]} &lt;= 90</arg>
<arg>Should Be True</arg>
<arg>${True}</arg>
<doc>Runs the given keyword with the given arguments, if ``condition`` is true.</doc>
<status status="PASS" start="2024-06-14T05:14:46.411801" elapsed="0.001182"/>
</kw>
<kw name="Run Keyword If" owner="BuiltIn">
<kw name="Should Be True" owner="BuiltIn">
<arg>${True}</arg>
<doc>Fails if the given condition is not true.</doc>
<status status="PASS" start="2024-06-14T05:14:46.413861" elapsed="0.000142"/>
</kw>
<arg>${json_data["results"][0]["location"]["coordinates"]["longitude"]} &gt;= -180 and ${json_data["results"][0]["location"]["coordinates"]["longitude"]} &lt;= 180</arg>
<arg>Should Be True</arg>
<arg>${True}</arg>
<doc>Runs the given keyword with the given arguments, if ``condition`` is true.</doc>
<status status="PASS" start="2024-06-14T05:14:46.413170" elapsed="0.000958"/>
</kw>
<status status="PASS" start="2024-06-14T05:14:46.308575" elapsed="0.105685"/>
</kw>
<doc>Testa o conteúdo específico dos campos retornados pela API.</doc>
<tag>testeConteudo</tag>
<status status="PASS" start="2024-06-14T05:14:46.308065" elapsed="0.106349"/>
</test>
<status status="PASS" start="2024-06-14T05:14:45.377670" elapsed="1.038718"/>
</suite>
<status status="PASS" start="2024-06-14T05:14:45.363920" elapsed="1.057530"/>
</suite>
<statistics>
<total>
<stat pass="5" fail="0" skip="0">All Tests</stat>
</total>
<tag>
<stat pass="1" fail="0" skip="0">testeConteudo</stat>
<stat pass="1" fail="0" skip="0">testeEstruturaResposta</stat>
<stat pass="1" fail="0" skip="0">testeRequisicaoBasica</stat>
<stat pass="1" fail="0" skip="0">testeTiposDados</stat>
</tag>
<suite>
<stat pass="5" fail="0" skip="0" id="s1" name="Tests">Tests</stat>
<stat pass="5" fail="0" skip="0" id="s1-s1" name="Random-User-Test">Tests.Random-User-Test</stat>
</suite>
</statistics>
<errors>
</errors>
</robot>
