<?xml version="1.0" encoding="UTF-8"?>
<robot generator="Robot 7.0 (Python 3.12.3 on linux)" generated="2024-06-01T05:15:29.792235" rpa="false" schemaversion="5">
<suite id="s1" name="Tests" source="/home/runner/work/ApiRandomUser/ApiRandomUser/RamdonUser/tests">
<suite id="s1-s1" name="Random-User-Test" source="/home/runner/work/ApiRandomUser/ApiRandomUser/RamdonUser/tests/random-user-test.robot">
<test id="s1-s1-t1" name="Conectar" line="13">
<kw name="Conectar API" owner="random-user-service">
<kw name="Create Session" owner="RequestsLibrary">
<msg time="2024-06-01T05:15:30.173872" level="INFO">Creating Session using : alias=consultarAPI, url=https://randomuser.me/, headers={},                     cookies={}, auth=None, timeout=None, proxies=None, verify=False,                     debug=0 </msg>
<arg>consultarAPI</arg>
<arg>${URL}</arg>
<doc>Create Session: create a HTTP session to a server</doc>
<status status="PASS" start="2024-06-01T05:15:30.173668" elapsed="0.000374"/>
</kw>
<status status="PASS" start="2024-06-01T05:15:30.172624" elapsed="0.001773"/>
</kw>
<status status="PASS" start="2024-06-01T05:15:30.172123" elapsed="0.002465"/>
</test>
<test id="s1-s1-t2" name="Validar retorno 200 e JSON Válido" line="16">
<kw name="Teste de Requisicao Basica" owner="random-user-service">
<kw name="GET On Session" owner="RequestsLibrary">
<msg time="2024-06-01T05:15:30.492791" level="INFO">GET Request : url=https://randomuser.me/api 
 path_url=/api 
 headers={'User-Agent': 'python-requests/2.32.3', 'Accept-Encoding': 'gzip, deflate', 'Accept': '*/*', 'Connection': 'keep-alive'} 
 body=None 
 </msg>
<msg time="2024-06-01T05:15:30.492914" level="INFO">GET Response : url=https://randomuser.me/api 
 status=200, reason=OK 
 headers={'Date': 'Sat, 01 Jun 2024 05:15:30 GMT', 'Content-Type': 'application/json; charset=utf-8', 'Transfer-Encoding': 'chunked', 'Connection': 'keep-alive', 'X-Powered-By': 'Express', 'Access-Control-Allow-Origin': '*', 'Cache-Control': 'no-cache', 'ETag': 'W/"4a1-HbMj6e5oDIfhwTaSByTiEeu34wI"', 'Vary': 'Accept-Encoding', 'Content-Encoding': 'gzip', 'CF-Cache-Status': 'DYNAMIC', 'Report-To': '{"endpoints":[{"url":"https:\\/\\/a.nel.cloudflare.com\\/report\\/v4?s=i5WUj5Z%2FBXIgf1AJWm2rKYlRs387DLAGj5EL8uj%2BX696Q%2BSLkKSQuI3pix%2FW6Y5g0iEffO4K23h%2Bliy2Prin2yCKdo2aaioIyb6%2FUNEVYth4v%2BqoeuUZ4gX9w9eRX8RE"}],"group":"cf-nel","max_age":604800}', 'NEL': '{"success_fraction":0,"report_to":"cf-nel","max_age":604800}', 'Server': 'cloudflare', 'CF-RAY': '88ccb9eafe3208c5-LAX', 'alt-svc': 'h3=":443"; ma=86400'} 
 body={"results":[{"gender":"female","name":{"title":"Ms","first":"Kerttu","last":"Lassila"},"location":{"street":{"number":5668,"name":"Aleksanterinkatu"},"city":"Mariehamn","state":"Northern Savonia","country":"Finland","postcode":31674,"coordinates":{"latitude":"-28.1224","longitude":"147.7468"},"timezone":{"offset":"+7:00","description":"Bangkok, Hanoi, Jakarta"}},"email":"kerttu.lassila@example.com","login":{"uuid":"77ec9077-3135-475b-85d3-15a2307d3d6d","username":"brownbutterfly425","password":"slayer","salt":"gotBvSpv","md5":"0637aa9e375c2930091ffbbd1f74aaa6","sha1":"3a2979a51a3bdd27d69a6b6d271b011206717103","sha256":"b0d5caea8af07cdc151b0813f37c09d67e7b102c680f952884b99fb216005b51"},"dob":{"date":"1983-08-24T12:35:40.840Z","age":40},"registered":{"date":"2005-05-03T09:35:30.972Z","age":19},"phone":"02-481-848","cell":"045-431-97-58","id":{"name":"HETU","value":"NaNNA810undefined"},"picture":{"large":"https://randomuser.me/api/portraits/women/21.jpg","medium":"https://randomuser.me/api/portraits/med/women/21.jpg","thumbnail":"https://randomuser.me/api/portraits/thumb/women/21.jpg"},"nat":"FI"}],"info":{"seed":"e82c6cd48bd313e5","results":1,"page":1,"version":"1.4"}} 
 </msg>
<msg time="2024-06-01T05:15:30.492984" level="INFO">/opt/hostedtoolcache/Python/3.12.3/x64/lib/python3.12/site-packages/urllib3/connectionpool.py:1103: InsecureRequestWarning: Unverified HTTPS request is being made to host 'randomuser.me'. Adding certificate verification is strongly advised. See: https://urllib3.readthedocs.io/en/latest/advanced-usage.html#tls-warnings
  warnings.warn(</msg>
<msg time="2024-06-01T05:15:30.493149" level="INFO">${response} = &lt;Response [200]&gt;</msg>
<var>${response}</var>
<arg>consultarAPI</arg>
<arg>/api</arg>
<doc>Sends a GET request on a previously created HTTP Session.</doc>
<status status="PASS" start="2024-06-01T05:15:30.177214" elapsed="0.315977"/>
</kw>
<kw name="Should Be Equal As Numbers" owner="BuiltIn">
<msg time="2024-06-01T05:15:30.494085" level="INFO">Argument types are:
&lt;class 'int'&gt;
&lt;class 'str'&gt;</msg>
<arg>${response.status_code}</arg>
<arg>200</arg>
<doc>Fails if objects are unequal after converting them to real numbers.</doc>
<status status="PASS" start="2024-06-01T05:15:30.493610" elapsed="0.000539"/>
</kw>
<kw name="Log" owner="BuiltIn">
<msg time="2024-06-01T05:15:30.494866" level="INFO">200</msg>
<arg>${response.status_code}</arg>
<doc>Logs the given message with the given level.</doc>
<status status="PASS" start="2024-06-01T05:15:30.494489" elapsed="0.000423"/>
</kw>
<kw name="Set Variable" owner="BuiltIn">
<msg time="2024-06-01T05:15:30.495645" level="INFO">${json_data} = {'results': [{'gender': 'female', 'name': {'title': 'Ms', 'first': 'Kerttu', 'last': 'Lassila'}, 'location': {'street': {'number': 5668, 'name': 'Aleksanterinkatu'}, 'city': 'Mariehamn', 'state': 'Nor...</msg>
<var>${json_data}</var>
<arg>${response.json()}</arg>
<doc>Returns the given values which can then be assigned to a variables.</doc>
<status status="PASS" start="2024-06-01T05:15:30.495214" elapsed="0.000460"/>
</kw>
<kw name="Dictionary Should Contain Key" owner="Collections">
<msg time="2024-06-01T05:15:30.496135" level="INFO">False</msg>
<arg>${json_data}</arg>
<arg>results</arg>
<doc>Fails if ``key`` is not found from ``dictionary``.</doc>
<status status="PASS" start="2024-06-01T05:15:30.495972" elapsed="0.000337"/>
</kw>
<status status="PASS" start="2024-06-01T05:15:30.176936" elapsed="0.319632"/>
</kw>
<doc>Testa se a API responde corretamente e retorna um objeto JSON válido.</doc>
<tag>testeRequisicaoBasica</tag>
<status status="PASS" start="2024-06-01T05:15:30.176414" elapsed="0.320324"/>
</test>
<test id="s1-s1-t3" name="Validar estrutura de resposta" line="22">
<kw name="Teste de Estrutura de Resposta" owner="random-user-service">
<kw name="GET On Session" owner="RequestsLibrary">
<msg time="2024-06-01T05:15:30.596373" level="INFO">GET Request : url=https://randomuser.me/api 
 path_url=/api 
 headers={'User-Agent': 'python-requests/2.32.3', 'Accept-Encoding': 'gzip, deflate', 'Accept': '*/*', 'Connection': 'keep-alive'} 
 body=None 
 </msg>
<msg time="2024-06-01T05:15:30.596473" level="INFO">GET Response : url=https://randomuser.me/api 
 status=200, reason=OK 
 headers={'Date': 'Sat, 01 Jun 2024 05:15:30 GMT', 'Content-Type': 'application/json; charset=utf-8', 'Transfer-Encoding': 'chunked', 'Connection': 'keep-alive', 'X-Powered-By': 'Express', 'Access-Control-Allow-Origin': '*', 'Cache-Control': 'no-cache', 'ETag': 'W/"479-yffb2s9XRh9KwoGQqX85CoEM54o"', 'Vary': 'Accept-Encoding', 'Content-Encoding': 'gzip', 'CF-Cache-Status': 'DYNAMIC', 'Report-To': '{"endpoints":[{"url":"https:\\/\\/a.nel.cloudflare.com\\/report\\/v4?s=quwGvDM%2FYyQ9jUq1tPE2eA0URMiFbprTBtk9DLbVhY0N%2FEz8LatKKmr%2BjLwapAaVY748suecb2vacFbdWd7wa0UiJYeLDwESrIhbQ11YrqYm%2FQkWqtBwXMNTbVR9jUAF"}],"group":"cf-nel","max_age":604800}', 'NEL': '{"success_fraction":0,"report_to":"cf-nel","max_age":604800}', 'Server': 'cloudflare', 'CF-RAY': '88ccb9ebaf0908c5-LAX', 'alt-svc': 'h3=":443"; ma=86400'} 
 body={"results":[{"gender":"female","name":{"title":"Ms","first":"Apoorva","last":"Shetty"},"location":{"street":{"number":7270,"name":"Ranganathan St"},"city":"Tenali","state":"Haryana","country":"India","postcode":61967,"coordinates":{"latitude":"9.9095","longitude":"96.3311"},"timezone":{"offset":"+9:30","description":"Adelaide, Darwin"}},"email":"apoorva.shetty@example.com","login":{"uuid":"1dbebbe5-9757-4d3f-92d3-79b900977a92","username":"brownladybug613","password":"sonja","salt":"BwD2p8Jj","md5":"a7c4bf90b891b5cd7d501bf04d74b9ab","sha1":"32b7ddb665a535265853d1a8e44aec4a65396896","sha256":"f2dbd4909a9f8c543b52cd88920ae9d200637f28d77b89cbbd6fed1b0a1b009d"},"dob":{"date":"1986-07-30T07:45:47.477Z","age":37},"registered":{"date":"2014-10-20T10:08:39.858Z","age":9},"phone":"7544651911","cell":"8337214612","id":{"name":"UIDAI","value":"470476011144"},"picture":{"large":"https://randomuser.me/api/portraits/women/5.jpg","medium":"https://randomuser.me/api/portraits/med/women/5.jpg","thumbnail":"https://randomuser.me/api/portraits/thumb/women/5.jpg"},"nat":"IN"}],"info":{"seed":"236168bf11cc80f0","results":1,"page":1,"version":"1.4"}} 
 </msg>
<msg time="2024-06-01T05:15:30.596598" level="INFO">/opt/hostedtoolcache/Python/3.12.3/x64/lib/python3.12/site-packages/urllib3/connectionpool.py:1103: InsecureRequestWarning: Unverified HTTPS request is being made to host 'randomuser.me'. Adding certificate verification is strongly advised. See: https://urllib3.readthedocs.io/en/latest/advanced-usage.html#tls-warnings
  warnings.warn(</msg>
<msg time="2024-06-01T05:15:30.596753" level="INFO">${response} = &lt;Response [200]&gt;</msg>
<var>${response}</var>
<arg>consultarAPI</arg>
<arg>/api</arg>
<doc>Sends a GET request on a previously created HTTP Session.</doc>
<status status="PASS" start="2024-06-01T05:15:30.499229" elapsed="0.097578"/>
</kw>
<kw name="Set Variable" owner="BuiltIn">
<msg time="2024-06-01T05:15:30.597733" level="INFO">${json_data} = {'results': [{'gender': 'female', 'name': {'title': 'Ms', 'first': 'Apoorva', 'last': 'Shetty'}, 'location': {'street': {'number': 7270, 'name': 'Ranganathan St'}, 'city': 'Tenali', 'state': 'Haryana'...</msg>
<var>${json_data}</var>
<arg>${response.json()}</arg>
<doc>Returns the given values which can then be assigned to a variables.</doc>
<status status="PASS" start="2024-06-01T05:15:30.597257" elapsed="0.000505"/>
</kw>
<kw name="Log" owner="BuiltIn">
<msg time="2024-06-01T05:15:30.598232" level="INFO">{'results': [{'gender': 'female', 'name': {'title': 'Ms', 'first': 'Apoorva', 'last': 'Shetty'}, 'location': {'street': {'number': 7270, 'name': 'Ranganathan St'}, 'city': 'Tenali', 'state': 'Haryana', 'country': 'India', 'postcode': 61967, 'coordinates': {'latitude': '9.9095', 'longitude': '96.3311'}, 'timezone': {'offset': '+9:30', 'description': 'Adelaide, Darwin'}}, 'email': 'apoorva.shetty@example.com', 'login': {'uuid': '1dbebbe5-9757-4d3f-92d3-79b900977a92', 'username': 'brownladybug613', 'password': 'sonja', 'salt': 'BwD2p8Jj', 'md5': 'a7c4bf90b891b5cd7d501bf04d74b9ab', 'sha1': '32b7ddb665a535265853d1a8e44aec4a65396896', 'sha256': 'f2dbd4909a9f8c543b52cd88920ae9d200637f28d77b89cbbd6fed1b0a1b009d'}, 'dob': {'date': '1986-07-30T07:45:47.477Z', 'age': 37}, 'registered': {'date': '2014-10-20T10:08:39.858Z', 'age': 9}, 'phone': '7544651911', 'cell': '8337214612', 'id': {'name': 'UIDAI', 'value': '470476011144'}, 'picture': {'large': 'https://randomuser.me/api/portraits/women/5.jpg', 'medium': 'https://randomuser.me/api/portraits/med/women/5.jpg', 'thumbnail': 'https://randomuser.me/api/portraits/thumb/women/5.jpg'}, 'nat': 'IN'}], 'info': {'seed': '236168bf11cc80f0', 'results': 1, 'page': 1, 'version': '1.4'}}</msg>
<arg>${json_data}</arg>
<doc>Logs the given message with the given level.</doc>
<status status="PASS" start="2024-06-01T05:15:30.598075" elapsed="0.000204"/>
</kw>
<kw name="Dictionary Should Contain Key" owner="Collections">
<msg time="2024-06-01T05:15:30.598739" level="INFO">False</msg>
<arg>${json_data}</arg>
<arg>results</arg>
<doc>Fails if ``key`` is not found from ``dictionary``.</doc>
<status status="PASS" start="2024-06-01T05:15:30.598579" elapsed="0.000197"/>
</kw>
<kw name="Should Not Be Empty" owner="BuiltIn">
<msg time="2024-06-01T05:15:30.599207" level="INFO">Length is 2.</msg>
<arg>${json_data}</arg>
<doc>Verifies that the given item is not empty.</doc>
<status status="PASS" start="2024-06-01T05:15:30.599075" elapsed="0.000170"/>
</kw>
<kw name="Create List" owner="BuiltIn">
<msg time="2024-06-01T05:15:30.599685" level="INFO">${expected_keys} = ['gender', 'name', 'location', 'email', 'login']</msg>
<var>${expected_keys}</var>
<arg>gender</arg>
<arg>name</arg>
<arg>location</arg>
<arg>email</arg>
<arg>login</arg>
<doc>Returns a list containing given items.</doc>
<status status="PASS" start="2024-06-01T05:15:30.599539" elapsed="0.000169"/>
</kw>
<for flavor="IN">
<iter>
<kw name="Dictionary Should Contain Key" owner="Collections">
<msg time="2024-06-01T05:15:30.600689" level="INFO">False</msg>
<arg>${json_data['results'][0]}</arg>
<arg>${key}</arg>
<doc>Fails if ``key`` is not found from ``dictionary``.</doc>
<status status="PASS" start="2024-06-01T05:15:30.600286" elapsed="0.000446"/>
</kw>
<kw name="Log" owner="BuiltIn">
<msg time="2024-06-01T05:15:30.601434" level="INFO">{'gender': 'female', 'name': {'title': 'Ms', 'first': 'Apoorva', 'last': 'Shetty'}, 'location': {'street': {'number': 7270, 'name': 'Ranganathan St'}, 'city': 'Tenali', 'state': 'Haryana', 'country': 'India', 'postcode': 61967, 'coordinates': {'latitude': '9.9095', 'longitude': '96.3311'}, 'timezone': {'offset': '+9:30', 'description': 'Adelaide, Darwin'}}, 'email': 'apoorva.shetty@example.com', 'login': {'uuid': '1dbebbe5-9757-4d3f-92d3-79b900977a92', 'username': 'brownladybug613', 'password': 'sonja', 'salt': 'BwD2p8Jj', 'md5': 'a7c4bf90b891b5cd7d501bf04d74b9ab', 'sha1': '32b7ddb665a535265853d1a8e44aec4a65396896', 'sha256': 'f2dbd4909a9f8c543b52cd88920ae9d200637f28d77b89cbbd6fed1b0a1b009d'}, 'dob': {'date': '1986-07-30T07:45:47.477Z', 'age': 37}, 'registered': {'date': '2014-10-20T10:08:39.858Z', 'age': 9}, 'phone': '7544651911', 'cell': '8337214612', 'id': {'name': 'UIDAI', 'value': '470476011144'}, 'picture': {'large': 'https://randomuser.me/api/portraits/women/5.jpg', 'medium': 'https://randomuser.me/api/portraits/med/women/5.jpg', 'thumbnail': 'https://randomuser.me/api/portraits/thumb/women/5.jpg'}, 'nat': 'IN'}</msg>
<arg>${json_data['results'][0]}</arg>
<doc>Logs the given message with the given level.</doc>
<status status="PASS" start="2024-06-01T05:15:30.601060" elapsed="0.000422"/>
</kw>
<kw name="Log" owner="BuiltIn">
<msg time="2024-06-01T05:15:30.601917" level="INFO">gender</msg>
<arg>${key}</arg>
<doc>Logs the given message with the given level.</doc>
<status status="PASS" start="2024-06-01T05:15:30.601787" elapsed="0.000167"/>
</kw>
<var name="${key}">gender</var>
<status status="PASS" start="2024-06-01T05:15:30.600153" elapsed="0.002017"/>
</iter>
<iter>
<kw name="Dictionary Should Contain Key" owner="Collections">
<msg time="2024-06-01T05:15:30.602877" level="INFO">False</msg>
<arg>${json_data['results'][0]}</arg>
<arg>${key}</arg>
<doc>Fails if ``key`` is not found from ``dictionary``.</doc>
<status status="PASS" start="2024-06-01T05:15:30.602472" elapsed="0.000442"/>
</kw>
<kw name="Log" owner="BuiltIn">
<msg time="2024-06-01T05:15:30.603600" level="INFO">{'gender': 'female', 'name': {'title': 'Ms', 'first': 'Apoorva', 'last': 'Shetty'}, 'location': {'street': {'number': 7270, 'name': 'Ranganathan St'}, 'city': 'Tenali', 'state': 'Haryana', 'country': 'India', 'postcode': 61967, 'coordinates': {'latitude': '9.9095', 'longitude': '96.3311'}, 'timezone': {'offset': '+9:30', 'description': 'Adelaide, Darwin'}}, 'email': 'apoorva.shetty@example.com', 'login': {'uuid': '1dbebbe5-9757-4d3f-92d3-79b900977a92', 'username': 'brownladybug613', 'password': 'sonja', 'salt': 'BwD2p8Jj', 'md5': 'a7c4bf90b891b5cd7d501bf04d74b9ab', 'sha1': '32b7ddb665a535265853d1a8e44aec4a65396896', 'sha256': 'f2dbd4909a9f8c543b52cd88920ae9d200637f28d77b89cbbd6fed1b0a1b009d'}, 'dob': {'date': '1986-07-30T07:45:47.477Z', 'age': 37}, 'registered': {'date': '2014-10-20T10:08:39.858Z', 'age': 9}, 'phone': '7544651911', 'cell': '8337214612', 'id': {'name': 'UIDAI', 'value': '470476011144'}, 'picture': {'large': 'https://randomuser.me/api/portraits/women/5.jpg', 'medium': 'https://randomuser.me/api/portraits/med/women/5.jpg', 'thumbnail': 'https://randomuser.me/api/portraits/thumb/women/5.jpg'}, 'nat': 'IN'}</msg>
<arg>${json_data['results'][0]}</arg>
<doc>Logs the given message with the given level.</doc>
<status status="PASS" start="2024-06-01T05:15:30.603239" elapsed="0.000409"/>
</kw>
<kw name="Log" owner="BuiltIn">
<msg time="2024-06-01T05:15:30.604079" level="INFO">name</msg>
<arg>${key}</arg>
<doc>Logs the given message with the given level.</doc>
<status status="PASS" start="2024-06-01T05:15:30.603945" elapsed="0.000172"/>
</kw>
<var name="${key}">name</var>
<status status="PASS" start="2024-06-01T05:15:30.602355" elapsed="0.001980"/>
</iter>
<iter>
<kw name="Dictionary Should Contain Key" owner="Collections">
<msg time="2024-06-01T05:15:30.605026" level="INFO">False</msg>
<arg>${json_data['results'][0]}</arg>
<arg>${key}</arg>
<doc>Fails if ``key`` is not found from ``dictionary``.</doc>
<status status="PASS" start="2024-06-01T05:15:30.604627" elapsed="0.000439"/>
</kw>
<kw name="Log" owner="BuiltIn">
<msg time="2024-06-01T05:15:30.605742" level="INFO">{'gender': 'female', 'name': {'title': 'Ms', 'first': 'Apoorva', 'last': 'Shetty'}, 'location': {'street': {'number': 7270, 'name': 'Ranganathan St'}, 'city': 'Tenali', 'state': 'Haryana', 'country': 'India', 'postcode': 61967, 'coordinates': {'latitude': '9.9095', 'longitude': '96.3311'}, 'timezone': {'offset': '+9:30', 'description': 'Adelaide, Darwin'}}, 'email': 'apoorva.shetty@example.com', 'login': {'uuid': '1dbebbe5-9757-4d3f-92d3-79b900977a92', 'username': 'brownladybug613', 'password': 'sonja', 'salt': 'BwD2p8Jj', 'md5': 'a7c4bf90b891b5cd7d501bf04d74b9ab', 'sha1': '32b7ddb665a535265853d1a8e44aec4a65396896', 'sha256': 'f2dbd4909a9f8c543b52cd88920ae9d200637f28d77b89cbbd6fed1b0a1b009d'}, 'dob': {'date': '1986-07-30T07:45:47.477Z', 'age': 37}, 'registered': {'date': '2014-10-20T10:08:39.858Z', 'age': 9}, 'phone': '7544651911', 'cell': '8337214612', 'id': {'name': 'UIDAI', 'value': '470476011144'}, 'picture': {'large': 'https://randomuser.me/api/portraits/women/5.jpg', 'medium': 'https://randomuser.me/api/portraits/med/women/5.jpg', 'thumbnail': 'https://randomuser.me/api/portraits/thumb/women/5.jpg'}, 'nat': 'IN'}</msg>
<arg>${json_data['results'][0]}</arg>
<doc>Logs the given message with the given level.</doc>
<status status="PASS" start="2024-06-01T05:15:30.605375" elapsed="0.000424"/>
</kw>
<kw name="Log" owner="BuiltIn">
<msg time="2024-06-01T05:15:30.606223" level="INFO">location</msg>
<arg>${key}</arg>
<doc>Logs the given message with the given level.</doc>
<status status="PASS" start="2024-06-01T05:15:30.606097" elapsed="0.000163"/>
</kw>
<var name="${key}">location</var>
<status status="PASS" start="2024-06-01T05:15:30.604512" elapsed="0.001962"/>
</iter>
<iter>
<kw name="Dictionary Should Contain Key" owner="Collections">
<msg time="2024-06-01T05:15:30.607237" level="INFO">False</msg>
<arg>${json_data['results'][0]}</arg>
<arg>${key}</arg>
<doc>Fails if ``key`` is not found from ``dictionary``.</doc>
<status status="PASS" start="2024-06-01T05:15:30.606758" elapsed="0.000523"/>
</kw>
<kw name="Log" owner="BuiltIn">
<msg time="2024-06-01T05:15:30.607940" level="INFO">{'gender': 'female', 'name': {'title': 'Ms', 'first': 'Apoorva', 'last': 'Shetty'}, 'location': {'street': {'number': 7270, 'name': 'Ranganathan St'}, 'city': 'Tenali', 'state': 'Haryana', 'country': 'India', 'postcode': 61967, 'coordinates': {'latitude': '9.9095', 'longitude': '96.3311'}, 'timezone': {'offset': '+9:30', 'description': 'Adelaide, Darwin'}}, 'email': 'apoorva.shetty@example.com', 'login': {'uuid': '1dbebbe5-9757-4d3f-92d3-79b900977a92', 'username': 'brownladybug613', 'password': 'sonja', 'salt': 'BwD2p8Jj', 'md5': 'a7c4bf90b891b5cd7d501bf04d74b9ab', 'sha1': '32b7ddb665a535265853d1a8e44aec4a65396896', 'sha256': 'f2dbd4909a9f8c543b52cd88920ae9d200637f28d77b89cbbd6fed1b0a1b009d'}, 'dob': {'date': '1986-07-30T07:45:47.477Z', 'age': 37}, 'registered': {'date': '2014-10-20T10:08:39.858Z', 'age': 9}, 'phone': '7544651911', 'cell': '8337214612', 'id': {'name': 'UIDAI', 'value': '470476011144'}, 'picture': {'large': 'https://randomuser.me/api/portraits/women/5.jpg', 'medium': 'https://randomuser.me/api/portraits/med/women/5.jpg', 'thumbnail': 'https://randomuser.me/api/portraits/thumb/women/5.jpg'}, 'nat': 'IN'}</msg>
<arg>${json_data['results'][0]}</arg>
<doc>Logs the given message with the given level.</doc>
<status status="PASS" start="2024-06-01T05:15:30.607583" elapsed="0.000404"/>
</kw>
<kw name="Log" owner="BuiltIn">
<msg time="2024-06-01T05:15:30.608408" level="INFO">email</msg>
<arg>${key}</arg>
<doc>Logs the given message with the given level.</doc>
<status status="PASS" start="2024-06-01T05:15:30.608281" elapsed="0.000163"/>
</kw>
<var name="${key}">email</var>
<status status="PASS" start="2024-06-01T05:15:30.606646" elapsed="0.002012"/>
</iter>
<iter>
<kw name="Dictionary Should Contain Key" owner="Collections">
<msg time="2024-06-01T05:15:30.609352" level="INFO">False</msg>
<arg>${json_data['results'][0]}</arg>
<arg>${key}</arg>
<doc>Fails if ``key`` is not found from ``dictionary``.</doc>
<status status="PASS" start="2024-06-01T05:15:30.608943" elapsed="0.000445"/>
</kw>
<kw name="Log" owner="BuiltIn">
<msg time="2024-06-01T05:15:30.610037" level="INFO">{'gender': 'female', 'name': {'title': 'Ms', 'first': 'Apoorva', 'last': 'Shetty'}, 'location': {'street': {'number': 7270, 'name': 'Ranganathan St'}, 'city': 'Tenali', 'state': 'Haryana', 'country': 'India', 'postcode': 61967, 'coordinates': {'latitude': '9.9095', 'longitude': '96.3311'}, 'timezone': {'offset': '+9:30', 'description': 'Adelaide, Darwin'}}, 'email': 'apoorva.shetty@example.com', 'login': {'uuid': '1dbebbe5-9757-4d3f-92d3-79b900977a92', 'username': 'brownladybug613', 'password': 'sonja', 'salt': 'BwD2p8Jj', 'md5': 'a7c4bf90b891b5cd7d501bf04d74b9ab', 'sha1': '32b7ddb665a535265853d1a8e44aec4a65396896', 'sha256': 'f2dbd4909a9f8c543b52cd88920ae9d200637f28d77b89cbbd6fed1b0a1b009d'}, 'dob': {'date': '1986-07-30T07:45:47.477Z', 'age': 37}, 'registered': {'date': '2014-10-20T10:08:39.858Z', 'age': 9}, 'phone': '7544651911', 'cell': '8337214612', 'id': {'name': 'UIDAI', 'value': '470476011144'}, 'picture': {'large': 'https://randomuser.me/api/portraits/women/5.jpg', 'medium': 'https://randomuser.me/api/portraits/med/women/5.jpg', 'thumbnail': 'https://randomuser.me/api/portraits/thumb/women/5.jpg'}, 'nat': 'IN'}</msg>
<arg>${json_data['results'][0]}</arg>
<doc>Logs the given message with the given level.</doc>
<status status="PASS" start="2024-06-01T05:15:30.609686" elapsed="0.000406"/>
</kw>
<kw name="Log" owner="BuiltIn">
<msg time="2024-06-01T05:15:30.610507" level="INFO">login</msg>
<arg>${key}</arg>
<doc>Logs the given message with the given level.</doc>
<status status="PASS" start="2024-06-01T05:15:30.610381" elapsed="0.000162"/>
</kw>
<var name="${key}">login</var>
<status status="PASS" start="2024-06-01T05:15:30.608831" elapsed="0.001926"/>
</iter>
<var>${key}</var>
<value>@{expected_keys}</value>
<status status="PASS" start="2024-06-01T05:15:30.599968" elapsed="0.010934"/>
</for>
<kw name="Create List" owner="BuiltIn">
<msg time="2024-06-01T05:15:30.611237" level="INFO">${expected_keysTwo} = ['username', 'password']</msg>
<var>${expected_keysTwo}</var>
<arg>username</arg>
<arg>password</arg>
<doc>Returns a list containing given items.</doc>
<status status="PASS" start="2024-06-01T05:15:30.611101" elapsed="0.000159"/>
</kw>
<for flavor="IN">
<iter>
<kw name="Dictionary Should Contain Key" owner="Collections">
<msg time="2024-06-01T05:15:30.612137" level="INFO">False</msg>
<arg>${json_data['results'][0]['login']}</arg>
<arg>${keyTwo}</arg>
<doc>Fails if ``key`` is not found from ``dictionary``.</doc>
<status status="PASS" start="2024-06-01T05:15:30.611753" elapsed="0.000420"/>
</kw>
<kw name="Dictionary Should Contain Key" owner="Collections">
<msg time="2024-06-01T05:15:30.612839" level="INFO">False</msg>
<arg>${json_data['results'][0]['login']}</arg>
<arg>${keyTwo}</arg>
<doc>Fails if ``key`` is not found from ``dictionary``.</doc>
<status status="PASS" start="2024-06-01T05:15:30.612467" elapsed="0.000408"/>
</kw>
<kw name="Log" owner="BuiltIn">
<msg time="2024-06-01T05:15:30.613322" level="INFO">username</msg>
<arg>${keyTwo}</arg>
<doc>Logs the given message with the given level.</doc>
<status status="PASS" start="2024-06-01T05:15:30.613193" elapsed="0.000166"/>
</kw>
<var name="${keyTwo}">username</var>
<status status="PASS" start="2024-06-01T05:15:30.611644" elapsed="0.001929"/>
</iter>
<iter>
<kw name="Dictionary Should Contain Key" owner="Collections">
<msg time="2024-06-01T05:15:30.614231" level="INFO">False</msg>
<arg>${json_data['results'][0]['login']}</arg>
<arg>${keyTwo}</arg>
<doc>Fails if ``key`` is not found from ``dictionary``.</doc>
<status status="PASS" start="2024-06-01T05:15:30.613857" elapsed="0.000410"/>
</kw>
<kw name="Dictionary Should Contain Key" owner="Collections">
<msg time="2024-06-01T05:15:30.614930" level="INFO">False</msg>
<arg>${json_data['results'][0]['login']}</arg>
<arg>${keyTwo}</arg>
<doc>Fails if ``key`` is not found from ``dictionary``.</doc>
<status status="PASS" start="2024-06-01T05:15:30.614556" elapsed="0.000411"/>
</kw>
<kw name="Log" owner="BuiltIn">
<msg time="2024-06-01T05:15:30.615380" level="INFO">password</msg>
<arg>${keyTwo}</arg>
<doc>Logs the given message with the given level.</doc>
<status status="PASS" start="2024-06-01T05:15:30.615255" elapsed="0.000161"/>
</kw>
<var name="${keyTwo}">password</var>
<status status="PASS" start="2024-06-01T05:15:30.613742" elapsed="0.001890"/>
</iter>
<var>${keyTwo}</var>
<value>@{expected_keysTwo}</value>
<status status="PASS" start="2024-06-01T05:15:30.611494" elapsed="0.004256"/>
</for>
<status status="PASS" start="2024-06-01T05:15:30.498993" elapsed="0.116894"/>
</kw>
<doc>Testa a estrutura da resposta da API.</doc>
<tag>testeEstruturaResposta</tag>
<status status="PASS" start="2024-06-01T05:15:30.498523" elapsed="0.117511"/>
</test>
<test id="s1-s1-t4" name="Validar tipos de dados" line="28">
<kw name="Teste de Tipos de Dados" owner="random-user-service">
<kw name="GET On Session" owner="RequestsLibrary">
<msg time="2024-06-01T05:15:30.919236" level="INFO">GET Request : url=https://randomuser.me/api 
 path_url=/api 
 headers={'User-Agent': 'python-requests/2.32.3', 'Accept-Encoding': 'gzip, deflate', 'Accept': '*/*', 'Connection': 'keep-alive'} 
 body=None 
 </msg>
<msg time="2024-06-01T05:15:30.919323" level="INFO">GET Response : url=https://randomuser.me/api 
 status=200, reason=OK 
 headers={'Date': 'Sat, 01 Jun 2024 05:15:30 GMT', 'Content-Type': 'application/json; charset=utf-8', 'Transfer-Encoding': 'chunked', 'Connection': 'keep-alive', 'X-Powered-By': 'Express', 'Access-Control-Allow-Origin': '*', 'Cache-Control': 'no-cache', 'ETag': 'W/"48b-fFn378C+MmXq9ejsGyATpR6xI94"', 'Vary': 'Accept-Encoding', 'Content-Encoding': 'gzip', 'CF-Cache-Status': 'DYNAMIC', 'Report-To': '{"endpoints":[{"url":"https:\\/\\/a.nel.cloudflare.com\\/report\\/v4?s=rbfzQWmitFkD10MROYjoIdm%2FEYx5v%2BEqx9qMBO13v%2FJ1LJ6SpnvDCX26oORCGUy3fPJPE2yrSTmcVaPhJC9nePcx60Pcl5dM239rY0AwfAxokc%2FxRS%2BW%2FxjT0%2FfmAWOA"}],"group":"cf-nel","max_age":604800}', 'NEL': '{"success_fraction":0,"report_to":"cf-nel","max_age":604800}', 'Server': 'cloudflare', 'CF-RAY': '88ccb9ec681a08c5-LAX', 'alt-svc': 'h3=":443"; ma=86400'} 
 body={"results":[{"gender":"male","name":{"title":"Mr","first":"Milivoje","last":"Aleksić"},"location":{"street":{"number":6288,"name":"Živana Ilića"},"city":"Bačka Palanka","state":"Kosovo","country":"Serbia","postcode":48483,"coordinates":{"latitude":"61.5924","longitude":"-106.9201"},"timezone":{"offset":"-8:00","description":"Pacific Time (US &amp; Canada)"}},"email":"milivoje.aleksic@example.com","login":{"uuid":"702af136-2494-49c0-9d8a-baef35216af5","username":"orangemouse752","password":"skip","salt":"jrKqKVdx","md5":"3032ca9875a48e41be0a13386ffdf3b8","sha1":"432ece6b9ee5050dddd1b8bfd1660d0510220d11","sha256":"201789977e7f65da454098451088da761fd7cb511b90d0b6abb33be02861617d"},"dob":{"date":"1981-03-24T22:10:50.096Z","age":43},"registered":{"date":"2020-11-24T03:13:56.811Z","age":3},"phone":"013-1036-939","cell":"065-0749-987","id":{"name":"SID","value":"298006675"},"picture":{"large":"https://randomuser.me/api/portraits/men/95.jpg","medium":"https://randomuser.me/api/portraits/med/men/95.jpg","thumbnail":"https://randomuser.me/api/portraits/thumb/men/95.jpg"},"nat":"RS"}],"info":{"seed":"5147cd859621cace","results":1,"page":1,"version":"1.4"}} 
 </msg>
<msg time="2024-06-01T05:15:30.919402" level="INFO">/opt/hostedtoolcache/Python/3.12.3/x64/lib/python3.12/site-packages/urllib3/connectionpool.py:1103: InsecureRequestWarning: Unverified HTTPS request is being made to host 'randomuser.me'. Adding certificate verification is strongly advised. See: https://urllib3.readthedocs.io/en/latest/advanced-usage.html#tls-warnings
  warnings.warn(</msg>
<msg time="2024-06-01T05:15:30.919544" level="INFO">${response} = &lt;Response [200]&gt;</msg>
<var>${response}</var>
<arg>consultarAPI</arg>
<arg>/api</arg>
<doc>Sends a GET request on a previously created HTTP Session.</doc>
<status status="PASS" start="2024-06-01T05:15:30.618507" elapsed="0.301093"/>
</kw>
<kw name="Set Variable" owner="BuiltIn">
<msg time="2024-06-01T05:15:30.920433" level="INFO">${json_data} = {'results': [{'gender': 'male', 'name': {'title': 'Mr', 'first': 'Milivoje', 'last': 'Aleksić'}, 'location': {'street': {'number': 6288, 'name': 'Živana Ilića'}, 'city': 'Bačka Palanka', 'state': 'Kos...</msg>
<var>${json_data}</var>
<arg>${response.json()}</arg>
<doc>Returns the given values which can then be assigned to a variables.</doc>
<status status="PASS" start="2024-06-01T05:15:30.919965" elapsed="0.000500"/>
</kw>
<kw name="Log" owner="BuiltIn">
<msg time="2024-06-01T05:15:30.920943" level="INFO">{'results': [{'gender': 'male', 'name': {'title': 'Mr', 'first': 'Milivoje', 'last': 'Aleksić'}, 'location': {'street': {'number': 6288, 'name': 'Živana Ilića'}, 'city': 'Bačka Palanka', 'state': 'Kosovo', 'country': 'Serbia', 'postcode': 48483, 'coordinates': {'latitude': '61.5924', 'longitude': '-106.9201'}, 'timezone': {'offset': '-8:00', 'description': 'Pacific Time (US &amp; Canada)'}}, 'email': 'milivoje.aleksic@example.com', 'login': {'uuid': '702af136-2494-49c0-9d8a-baef35216af5', 'username': 'orangemouse752', 'password': 'skip', 'salt': 'jrKqKVdx', 'md5': '3032ca9875a48e41be0a13386ffdf3b8', 'sha1': '432ece6b9ee5050dddd1b8bfd1660d0510220d11', 'sha256': '201789977e7f65da454098451088da761fd7cb511b90d0b6abb33be02861617d'}, 'dob': {'date': '1981-03-24T22:10:50.096Z', 'age': 43}, 'registered': {'date': '2020-11-24T03:13:56.811Z', 'age': 3}, 'phone': '013-1036-939', 'cell': '065-0749-987', 'id': {'name': 'SID', 'value': '298006675'}, 'picture': {'large': 'https://randomuser.me/api/portraits/men/95.jpg', 'medium': 'https://randomuser.me/api/portraits/med/men/95.jpg', 'thumbnail': 'https://randomuser.me/api/portraits/thumb/men/95.jpg'}, 'nat': 'RS'}], 'info': {'seed': '5147cd859621cace', 'results': 1, 'page': 1, 'version': '1.4'}}</msg>
<arg>${json_data}</arg>
<doc>Logs the given message with the given level.</doc>
<status status="PASS" start="2024-06-01T05:15:30.920781" elapsed="0.000298"/>
</kw>
<kw name="Should Be String" owner="String">
<arg>${json_data['results'][0]['gender']}</arg>
<doc>Fails if the given ``item`` is not a string.</doc>
<status status="PASS" start="2024-06-01T05:15:30.921404" elapsed="0.000376"/>
</kw>
<kw name="Should Match Regexp" owner="BuiltIn">
<arg>${json_data['results'][0]['email']}</arg>
<arg>^[a-zA-Z0-9._%+-]+@[a-zA-Z0-9.-]+\.[a-zA-Z]{2,}$</arg>
<doc>Fails if ``string`` does not match ``pattern`` as a regular expression.</doc>
<status status="PASS" start="2024-06-01T05:15:30.921984" elapsed="0.000628"/>
</kw>
<kw name="Should Match Regexp" owner="BuiltIn">
<arg>${json_data['results'][0]['dob']['date']}</arg>
<arg>\\d{4}-\\d{2}-\\d{2}T\\d{2}:\\d{2}:\\d{2}\\.\\d{3}Z</arg>
<doc>Fails if ``string`` does not match ``pattern`` as a regular expression.</doc>
<status status="PASS" start="2024-06-01T05:15:30.922818" elapsed="0.000488"/>
</kw>
<kw name="Should Match Regexp" owner="BuiltIn">
<arg>${json_data['results'][0]['registered']['date']}</arg>
<arg>\\d{4}-\\d{2}-\\d{2}T\\d{2}:\\d{2}:\\d{2}\\.\\d{3}Z</arg>
<doc>Fails if ``string`` does not match ``pattern`` as a regular expression.</doc>
<status status="PASS" start="2024-06-01T05:15:30.923502" elapsed="0.000365"/>
</kw>
<kw name="Should Match Regexp" owner="BuiltIn">
<arg>${json_data['results'][0]['picture']['large']}</arg>
<arg>^https?://.*\.(?:png|jpe?g|gif|bmp)$</arg>
<doc>Fails if ``string`` does not match ``pattern`` as a regular expression.</doc>
<status status="PASS" start="2024-06-01T05:15:30.924056" elapsed="0.000458"/>
</kw>
<kw name="Should Match Regexp" owner="BuiltIn">
<arg>${json_data['results'][0]['picture']['medium']}</arg>
<arg>^https?://.*\.(?:png|jpe?g|gif|bmp)$</arg>
<doc>Fails if ``string`` does not match ``pattern`` as a regular expression.</doc>
<status status="PASS" start="2024-06-01T05:15:30.924712" elapsed="0.000388"/>
</kw>
<kw name="Should Match Regexp" owner="BuiltIn">
<arg>${json_data['results'][0]['picture']['thumbnail']}</arg>
<arg>^https?://.*\.(?:png|jpe?g|gif|bmp)$</arg>
<doc>Fails if ``string`` does not match ``pattern`` as a regular expression.</doc>
<status status="PASS" start="2024-06-01T05:15:30.925291" elapsed="0.000351"/>
</kw>
<kw name="Log" owner="BuiltIn">
<msg time="2024-06-01T05:15:30.926154" level="INFO">{'large': 'https://randomuser.me/api/portraits/men/95.jpg', 'medium': 'https://randomuser.me/api/portraits/med/men/95.jpg', 'thumbnail': 'https://randomuser.me/api/portraits/thumb/men/95.jpg'}</msg>
<arg>${json_data['results'][0]['picture']}</arg>
<doc>Logs the given message with the given level.</doc>
<status status="PASS" start="2024-06-01T05:15:30.925824" elapsed="0.000371"/>
</kw>
<status status="PASS" start="2024-06-01T05:15:30.618261" elapsed="0.308185"/>
</kw>
<kw name="Teste de Tipos de Dados - Postcode" owner="random-user-service">
<kw name="GET On Session" owner="RequestsLibrary">
<msg time="2024-06-01T05:15:31.035319" level="INFO">GET Request : url=https://randomuser.me/api 
 path_url=/api 
 headers={'User-Agent': 'python-requests/2.32.3', 'Accept-Encoding': 'gzip, deflate', 'Accept': '*/*', 'Connection': 'keep-alive'} 
 body=None 
 </msg>
<msg time="2024-06-01T05:15:31.035403" level="INFO">GET Response : url=https://randomuser.me/api 
 status=200, reason=OK 
 headers={'Date': 'Sat, 01 Jun 2024 05:15:31 GMT', 'Content-Type': 'application/json; charset=utf-8', 'Transfer-Encoding': 'chunked', 'Connection': 'keep-alive', 'X-Powered-By': 'Express', 'Access-Control-Allow-Origin': '*', 'Cache-Control': 'no-cache', 'ETag': 'W/"49c-P02AZ71ADc4e4/h/XDxtdpABh/M"', 'Vary': 'Accept-Encoding', 'Content-Encoding': 'gzip', 'CF-Cache-Status': 'DYNAMIC', 'Report-To': '{"endpoints":[{"url":"https:\\/\\/a.nel.cloudflare.com\\/report\\/v4?s=eM2Wxuo8TorNgoKbsHg9%2FbcMA60tsxvbZ%2FndTXQTB0caMnghbgEPe5cgR2iB%2FUsi8WagSP3OCxLeVVcG9IfQ7PTa7FiO3bYcRWpxsOcjAV60NXTDDhEuHRcf%2Fp6SZOFS"}],"group":"cf-nel","max_age":604800}', 'NEL': '{"success_fraction":0,"report_to":"cf-nel","max_age":604800}', 'Server': 'cloudflare', 'CF-RAY': '88ccb9ee4abe08c5-LAX', 'alt-svc': 'h3=":443"; ma=86400'} 
 body={"results":[{"gender":"female","name":{"title":"Ms","first":"Oona","last":"Maunu"},"location":{"street":{"number":5788,"name":"Tahmelantie"},"city":"Evijärvi","state":"Finland Proper","country":"Finland","postcode":72597,"coordinates":{"latitude":"-23.7935","longitude":"7.7099"},"timezone":{"offset":"-6:00","description":"Central Time (US &amp; Canada), Mexico City"}},"email":"oona.maunu@example.com","login":{"uuid":"b9e39e02-b4f4-4531-8e81-f6dfa75f2b16","username":"beautifulwolf440","password":"kane","salt":"s0qtngs5","md5":"7cfb0c6db4f24357c0005a0e29b43aa2","sha1":"efac696388f0d79098fc532e4f7e4bd5617b6e69","sha256":"43900400f227d852ee599d80504f88fa51a5fb46ea9744dec2ac4a6588219376"},"dob":{"date":"1992-05-12T13:08:12.397Z","age":32},"registered":{"date":"2022-05-19T07:43:33.735Z","age":2},"phone":"05-391-704","cell":"040-069-93-50","id":{"name":"HETU","value":"NaNNA048undefined"},"picture":{"large":"https://randomuser.me/api/portraits/women/65.jpg","medium":"https://randomuser.me/api/portraits/med/women/65.jpg","thumbnail":"https://randomuser.me/api/portraits/thumb/women/65.jpg"},"nat":"FI"}],"info":{"seed":"7b9da0dc319cf3c3","results":1,"page":1,"version":"1.4"}} 
 </msg>
<msg time="2024-06-01T05:15:31.035478" level="INFO">/opt/hostedtoolcache/Python/3.12.3/x64/lib/python3.12/site-packages/urllib3/connectionpool.py:1103: InsecureRequestWarning: Unverified HTTPS request is being made to host 'randomuser.me'. Adding certificate verification is strongly advised. See: https://urllib3.readthedocs.io/en/latest/advanced-usage.html#tls-warnings
  warnings.warn(</msg>
<msg time="2024-06-01T05:15:31.035618" level="INFO">${response} = &lt;Response [200]&gt;</msg>
<var>${response}</var>
<arg>consultarAPI</arg>
<arg>/api</arg>
<doc>Sends a GET request on a previously created HTTP Session.</doc>
<status status="PASS" start="2024-06-01T05:15:30.926875" elapsed="0.108799"/>
</kw>
<kw name="Set Variable" owner="BuiltIn">
<msg time="2024-06-01T05:15:31.036522" level="INFO">${json_data} = {'results': [{'gender': 'female', 'name': {'title': 'Ms', 'first': 'Oona', 'last': 'Maunu'}, 'location': {'street': {'number': 5788, 'name': 'Tahmelantie'}, 'city': 'Evijärvi', 'state': 'Finland Prope...</msg>
<var>${json_data}</var>
<arg>${response.json()}</arg>
<doc>Returns the given values which can then be assigned to a variables.</doc>
<status status="PASS" start="2024-06-01T05:15:31.036069" elapsed="0.000484"/>
</kw>
<kw name="Log" owner="BuiltIn">
<msg time="2024-06-01T05:15:31.037068" level="INFO">{'results': [{'gender': 'female', 'name': {'title': 'Ms', 'first': 'Oona', 'last': 'Maunu'}, 'location': {'street': {'number': 5788, 'name': 'Tahmelantie'}, 'city': 'Evijärvi', 'state': 'Finland Proper', 'country': 'Finland', 'postcode': 72597, 'coordinates': {'latitude': '-23.7935', 'longitude': '7.7099'}, 'timezone': {'offset': '-6:00', 'description': 'Central Time (US &amp; Canada), Mexico City'}}, 'email': 'oona.maunu@example.com', 'login': {'uuid': 'b9e39e02-b4f4-4531-8e81-f6dfa75f2b16', 'username': 'beautifulwolf440', 'password': 'kane', 'salt': 's0qtngs5', 'md5': '7cfb0c6db4f24357c0005a0e29b43aa2', 'sha1': 'efac696388f0d79098fc532e4f7e4bd5617b6e69', 'sha256': '43900400f227d852ee599d80504f88fa51a5fb46ea9744dec2ac4a6588219376'}, 'dob': {'date': '1992-05-12T13:08:12.397Z', 'age': 32}, 'registered': {'date': '2022-05-19T07:43:33.735Z', 'age': 2}, 'phone': '05-391-704', 'cell': '040-069-93-50', 'id': {'name': 'HETU', 'value': 'NaNNA048undefined'}, 'picture': {'large': 'https://randomuser.me/api/portraits/women/65.jpg', 'medium': 'https://randomuser.me/api/portraits/med/women/65.jpg', 'thumbnail': 'https://randomuser.me/api/portraits/thumb/women/65.jpg'}, 'nat': 'FI'}], 'info': {'seed': '7b9da0dc319cf3c3', 'results': 1, 'page': 1, 'version': '1.4'}}</msg>
<arg>${json_data}</arg>
<doc>Logs the given message with the given level.</doc>
<status status="PASS" start="2024-06-01T05:15:31.036862" elapsed="0.000267"/>
</kw>
<kw name="Should Be Equal As Numbers" owner="BuiltIn">
<arg>${json_data['results'][0]['location']['postcode']}</arg>
<arg>${json_data['results'][0]['location']['postcode']}</arg>
<doc>Fails if objects are unequal after converting them to real numbers.</doc>
<status status="PASS" start="2024-06-01T05:15:31.037460" elapsed="0.000613"/>
</kw>
<kw name="Log" owner="BuiltIn">
<msg time="2024-06-01T05:15:31.038596" level="INFO">72597</msg>
<arg>${json_data['results'][0]['location']['postcode']}</arg>
<doc>Logs the given message with the given level.</doc>
<status status="PASS" start="2024-06-01T05:15:31.038266" elapsed="0.000370"/>
</kw>
<status status="PASS" start="2024-06-01T05:15:30.926657" elapsed="0.112231"/>
</kw>
<doc>Testa se os tipos de dados na resposta da API estão corretos.</doc>
<tag>testeTiposDados</tag>
<status status="PASS" start="2024-06-01T05:15:30.617805" elapsed="0.421237"/>
</test>
<test id="s1-s1-t5" name="Validar conteudo" line="35">
<kw name="Teste de Tipos de Conteudo" owner="random-user-service">
<kw name="GET On Session" owner="RequestsLibrary">
<msg time="2024-06-01T05:15:31.142348" level="INFO">GET Request : url=https://randomuser.me/api 
 path_url=/api 
 headers={'User-Agent': 'python-requests/2.32.3', 'Accept-Encoding': 'gzip, deflate', 'Accept': '*/*', 'Connection': 'keep-alive'} 
 body=None 
 </msg>
<msg time="2024-06-01T05:15:31.142432" level="INFO">GET Response : url=https://randomuser.me/api 
 status=200, reason=OK 
 headers={'Date': 'Sat, 01 Jun 2024 05:15:31 GMT', 'Content-Type': 'application/json; charset=utf-8', 'Transfer-Encoding': 'chunked', 'Connection': 'keep-alive', 'X-Powered-By': 'Express', 'Access-Control-Allow-Origin': '*', 'Cache-Control': 'no-cache', 'ETag': 'W/"49f-kblzjaMagk2pFrndmlv60uBA014"', 'Vary': 'Accept-Encoding', 'Content-Encoding': 'gzip', 'CF-Cache-Status': 'DYNAMIC', 'Report-To': '{"endpoints":[{"url":"https:\\/\\/a.nel.cloudflare.com\\/report\\/v4?s=WQz4QiejVLNB%2Fbc47OtWFFRXtEhRhSG22FSb1Fy6rWzQGRhr8d0X4g2ZXPYNC8iomd4PNeIokkzAQLGZHypQl1inay39blMWEajy23OCpVxPlAB5KgEk93BqjQN90jP1"}],"group":"cf-nel","max_age":604800}', 'NEL': '{"success_fraction":0,"report_to":"cf-nel","max_age":604800}', 'Server': 'cloudflare', 'CF-RAY': '88ccb9ef0bc408c5-LAX', 'alt-svc': 'h3=":443"; ma=86400'} 
 body={"results":[{"gender":"male","name":{"title":"Mr","first":"Elias","last":"Tanner"},"location":{"street":{"number":674,"name":"Bulevardi"},"city":"Heinävesi","state":"Southern Ostrobothnia","country":"Finland","postcode":84791,"coordinates":{"latitude":"-26.7398","longitude":"-55.4098"},"timezone":{"offset":"+11:00","description":"Magadan, Solomon Islands, New Caledonia"}},"email":"elias.tanner@example.com","login":{"uuid":"4ef101bd-2c60-4614-a18a-9de12604fa0d","username":"orangeostrich653","password":"aussie","salt":"hVzbzdr5","md5":"2acfef72639d1c6ce480cd15284e4266","sha1":"00de88edee17740c09e56237bc1d3d2df0df41ee","sha256":"e6b67334573b42c14861c87c97846e76852a9d23191421ee8d85bafe420a263e"},"dob":{"date":"1991-11-02T00:38:38.221Z","age":32},"registered":{"date":"2021-02-17T08:48:08.391Z","age":3},"phone":"03-302-960","cell":"048-145-04-83","id":{"name":"HETU","value":"NaNNA163undefined"},"picture":{"large":"https://randomuser.me/api/portraits/men/8.jpg","medium":"https://randomuser.me/api/portraits/med/men/8.jpg","thumbnail":"https://randomuser.me/api/portraits/thumb/men/8.jpg"},"nat":"FI"}],"info":{"seed":"5ca88c38d1f38298","results":1,"page":1,"version":"1.4"}} 
 </msg>
<msg time="2024-06-01T05:15:31.142505" level="INFO">/opt/hostedtoolcache/Python/3.12.3/x64/lib/python3.12/site-packages/urllib3/connectionpool.py:1103: InsecureRequestWarning: Unverified HTTPS request is being made to host 'randomuser.me'. Adding certificate verification is strongly advised. See: https://urllib3.readthedocs.io/en/latest/advanced-usage.html#tls-warnings
  warnings.warn(</msg>
<msg time="2024-06-01T05:15:31.142650" level="INFO">${response} = &lt;Response [200]&gt;</msg>
<var>${response}</var>
<arg>consultarAPI</arg>
<arg>/api</arg>
<doc>Sends a GET request on a previously created HTTP Session.</doc>
<status status="PASS" start="2024-06-01T05:15:31.041370" elapsed="0.101340"/>
</kw>
<kw name="Set Variable" owner="BuiltIn">
<msg time="2024-06-01T05:15:31.143592" level="INFO">${json_data} = {'results': [{'gender': 'male', 'name': {'title': 'Mr', 'first': 'Elias', 'last': 'Tanner'}, 'location': {'street': {'number': 674, 'name': 'Bulevardi'}, 'city': 'Heinävesi', 'state': 'Southern Ostrob...</msg>
<var>${json_data}</var>
<arg>${response.json()}</arg>
<doc>Returns the given values which can then be assigned to a variables.</doc>
<status status="PASS" start="2024-06-01T05:15:31.143148" elapsed="0.000473"/>
</kw>
<kw name="Set Variable" owner="BuiltIn">
<msg time="2024-06-01T05:15:31.144297" level="INFO">${name_title} = Mr</msg>
<var>${name_title}</var>
<arg>${json_data["results"][0]["name"]["title"]}</arg>
<doc>Returns the given values which can then be assigned to a variables.</doc>
<status status="PASS" start="2024-06-01T05:15:31.143921" elapsed="0.000401"/>
</kw>
<kw name="Create List" owner="BuiltIn">
<msg time="2024-06-01T05:15:31.144765" level="INFO">${allowed_titles} = ['Mr', 'Ms', 'Miss', 'Mrs', 'Madame', 'Monsieur']</msg>
<var>${allowed_titles}</var>
<arg>Mr</arg>
<arg>Ms</arg>
<arg>Miss</arg>
<arg>Mrs</arg>
<arg>Madame</arg>
<arg>Monsieur</arg>
<doc>Returns a list containing given items.</doc>
<status status="PASS" start="2024-06-01T05:15:31.144617" elapsed="0.000172"/>
</kw>
<kw name="List Should Contain Value" owner="Collections">
<msg time="2024-06-01T05:15:31.145319" level="INFO">False</msg>
<arg>${allowed_titles}</arg>
<arg>${name_title}</arg>
<doc>Fails if the ``value`` is not found from ``list``.</doc>
<status status="PASS" start="2024-06-01T05:15:31.145148" elapsed="0.000206"/>
</kw>
<kw name="Set Variable" owner="BuiltIn">
<msg time="2024-06-01T05:15:31.146150" level="INFO">${name_country} = FI</msg>
<var>${name_country}</var>
<arg>${json_data["results"][0]["nat"]}</arg>
<doc>Returns the given values which can then be assigned to a variables.</doc>
<status status="PASS" start="2024-06-01T05:15:31.145651" elapsed="0.000524"/>
</kw>
<kw name="Create List" owner="BuiltIn">
<msg time="2024-06-01T05:15:31.147073" level="INFO">${list_country} = ['AD', 'AE', 'AF', 'AG', 'AI', 'AL', 'AM', 'AO', 'AQ', 'AR', 'AS', 'AT', 'AU', 'AW', 'AX', 'AZ', 'BA', 'BB', 'BD', 'BE', 'BF', 'BG', 'BH', 'BI', 'BJ', 'BL', 'BM', 'BN', 'BO', 'BQ', 'BR', 'BS', 'BT', '...</msg>
<var>${list_country}</var>
<arg>AD</arg>
<arg>AE</arg>
<arg>AF</arg>
<arg>AG</arg>
<arg>AI</arg>
<arg>AL</arg>
<arg>AM</arg>
<arg>AO</arg>
<arg>AQ</arg>
<arg>AR</arg>
<arg>AS</arg>
<arg>AT</arg>
<arg>AU</arg>
<arg>AW</arg>
<arg>AX</arg>
<arg>AZ</arg>
<arg>BA</arg>
<arg>BB</arg>
<arg>BD</arg>
<arg>BE</arg>
<arg>BF</arg>
<arg>BG</arg>
<arg>BH</arg>
<arg>BI</arg>
<arg>BJ</arg>
<arg>BL</arg>
<arg>BM</arg>
<arg>BN</arg>
<arg>BO</arg>
<arg>BQ</arg>
<arg>BR</arg>
<arg>BS</arg>
<arg>BT</arg>
<arg>BV</arg>
<arg>BW</arg>
<arg>BY</arg>
<arg>BZ</arg>
<arg>CA</arg>
<arg>CC</arg>
<arg>CD</arg>
<arg>CF</arg>
<arg>CG</arg>
<arg>CH</arg>
<arg>CI</arg>
<arg>CK</arg>
<arg>CL</arg>
<arg>CM</arg>
<arg>CN</arg>
<arg>CO</arg>
<arg>CR</arg>
<arg>CU</arg>
<arg>CV</arg>
<arg>CW</arg>
<arg>CX</arg>
<arg>CY</arg>
<arg>CZ</arg>
<arg>DE</arg>
<arg>DJ</arg>
<arg>DK</arg>
<arg>DM</arg>
<arg>DO</arg>
<arg>DZ</arg>
<arg>EC</arg>
<arg>EE</arg>
<arg>EG</arg>
<arg>EH</arg>
<arg>ER</arg>
<arg>ES</arg>
<arg>ET</arg>
<arg>FI</arg>
<arg>FJ</arg>
<arg>FK</arg>
<arg>FM</arg>
<arg>FO</arg>
<arg>FR</arg>
<arg>GA</arg>
<arg>GB</arg>
<arg>GD</arg>
<arg>GE</arg>
<arg>GF</arg>
<arg>GG</arg>
<arg>GH</arg>
<arg>GI</arg>
<arg>GL</arg>
<arg>GM</arg>
<arg>GN</arg>
<arg>GP</arg>
<arg>GQ</arg>
<arg>GR</arg>
<arg>GS</arg>
<arg>GT</arg>
<arg>GU</arg>
<arg>GW</arg>
<arg>GY</arg>
<arg>HK</arg>
<arg>HM</arg>
<arg>HN</arg>
<arg>HR</arg>
<arg>HT</arg>
<arg>HU</arg>
<arg>ID</arg>
<arg>IE</arg>
<arg>IL</arg>
<arg>IM</arg>
<arg>IN</arg>
<arg>IO</arg>
<arg>IQ</arg>
<arg>IR</arg>
<arg>IS</arg>
<arg>IT</arg>
<arg>JE</arg>
<arg>JM</arg>
<arg>JO</arg>
<arg>JP</arg>
<arg>KE</arg>
<arg>KG</arg>
<arg>KH</arg>
<arg>KI</arg>
<arg>KM</arg>
<arg>KN</arg>
<arg>KP</arg>
<arg>KR</arg>
<arg>KW</arg>
<arg>KY</arg>
<arg>KZ</arg>
<arg>LA</arg>
<arg>LB</arg>
<arg>LC</arg>
<arg>LI</arg>
<arg>LK</arg>
<arg>LR</arg>
<arg>LS</arg>
<arg>LT</arg>
<arg>LU</arg>
<arg>LV</arg>
<arg>LY</arg>
<arg>MA</arg>
<arg>MC</arg>
<arg>MD</arg>
<arg>ME</arg>
<arg>MF</arg>
<arg>MG</arg>
<arg>MH</arg>
<arg>MK</arg>
<arg>ML</arg>
<arg>MM</arg>
<arg>MN</arg>
<arg>MO</arg>
<arg>MP</arg>
<arg>MQ</arg>
<arg>MR</arg>
<arg>MS</arg>
<arg>MT</arg>
<arg>MU</arg>
<arg>MV</arg>
<arg>MW</arg>
<arg>MX</arg>
<arg>MY</arg>
<arg>MZ</arg>
<arg>NA</arg>
<arg>NC</arg>
<arg>NE</arg>
<arg>NF</arg>
<arg>NG</arg>
<arg>NI</arg>
<arg>NL</arg>
<arg>NO</arg>
<arg>NP</arg>
<arg>NR</arg>
<arg>NU</arg>
<arg>NZ</arg>
<arg>OM</arg>
<arg>PA</arg>
<arg>PE</arg>
<arg>PF</arg>
<arg>PG</arg>
<arg>PH</arg>
<arg>PK</arg>
<arg>PL</arg>
<arg>PM</arg>
<arg>PN</arg>
<arg>PR</arg>
<arg>PS</arg>
<arg>PT</arg>
<arg>PW</arg>
<arg>PY</arg>
<arg>QA</arg>
<arg>RE</arg>
<arg>RO</arg>
<arg>RS</arg>
<arg>RU</arg>
<arg>RW</arg>
<arg>SA</arg>
<arg>SB</arg>
<arg>SC</arg>
<arg>SD</arg>
<arg>SE</arg>
<arg>SG</arg>
<arg>SH</arg>
<arg>SI</arg>
<arg>SJ</arg>
<arg>SK</arg>
<arg>SL</arg>
<arg>SM</arg>
<arg>SN</arg>
<arg>SO</arg>
<arg>SR</arg>
<arg>SS</arg>
<arg>ST</arg>
<arg>SV</arg>
<arg>SX</arg>
<arg>SY</arg>
<arg>SZ</arg>
<arg>TC</arg>
<arg>TD</arg>
<arg>TF</arg>
<arg>TG</arg>
<arg>TH</arg>
<arg>TJ</arg>
<arg>TK</arg>
<arg>TL</arg>
<arg>TM</arg>
<arg>TN</arg>
<arg>TO</arg>
<arg>TR</arg>
<arg>TT</arg>
<arg>TV</arg>
<arg>TW</arg>
<arg>TZ</arg>
<arg>UA</arg>
<arg>UG</arg>
<arg>UM</arg>
<arg>US</arg>
<arg>UY</arg>
<arg>UZ</arg>
<arg>VA</arg>
<arg>VC</arg>
<arg>VE</arg>
<arg>VG</arg>
<arg>VI</arg>
<arg>VN</arg>
<arg>VU</arg>
<arg>WF</arg>
<arg>WS</arg>
<arg>XK</arg>
<arg>YE</arg>
<arg>YT</arg>
<arg>ZA</arg>
<arg>ZM</arg>
<arg>ZW</arg>
<doc>Returns a list containing given items.</doc>
<status status="PASS" start="2024-06-01T05:15:31.146480" elapsed="0.000618"/>
</kw>
<kw name="List Should Contain Value" owner="Collections">
<msg time="2024-06-01T05:15:31.148068" level="INFO">False</msg>
<arg>${list_country}</arg>
<arg>${name_country}</arg>
<doc>Fails if the ``value`` is not found from ``list``.</doc>
<status status="PASS" start="2024-06-01T05:15:31.147870" elapsed="0.000233"/>
</kw>
<kw name="Run Keyword If" owner="BuiltIn">
<kw name="Should Be True" owner="BuiltIn">
<arg>${True}</arg>
<doc>Fails if the given condition is not true.</doc>
<status status="PASS" start="2024-06-01T05:15:31.149234" elapsed="0.000157"/>
</kw>
<arg>${json_data["results"][0]["location"]["coordinates"]["latitude"]} &gt;= -90 and ${json_data["results"][0]["location"]["coordinates"]["latitude"]} &lt;= 90</arg>
<arg>Should Be True</arg>
<arg>${True}</arg>
<doc>Runs the given keyword with the given arguments, if ``condition`` is true.</doc>
<status status="PASS" start="2024-06-01T05:15:31.148419" elapsed="0.001099"/>
</kw>
<kw name="Run Keyword If" owner="BuiltIn">
<kw name="Should Be True" owner="BuiltIn">
<arg>${True}</arg>
<doc>Fails if the given condition is not true.</doc>
<status status="PASS" start="2024-06-01T05:15:31.150423" elapsed="0.000138"/>
</kw>
<arg>${json_data["results"][0]["location"]["coordinates"]["longitude"]} &gt;= -180 and ${json_data["results"][0]["location"]["coordinates"]["longitude"]} &lt;= 180</arg>
<arg>Should Be True</arg>
<arg>${True}</arg>
<doc>Runs the given keyword with the given arguments, if ``condition`` is true.</doc>
<status status="PASS" start="2024-06-01T05:15:31.149711" elapsed="0.000972"/>
</kw>
<status status="PASS" start="2024-06-01T05:15:31.041147" elapsed="0.109660"/>
</kw>
<doc>Testa o conteúdo específico dos campos retornados pela API.</doc>
<tag>testeConteudo</tag>
<status status="PASS" start="2024-06-01T05:15:31.040716" elapsed="0.110226"/>
</test>
<status status="PASS" start="2024-06-01T05:15:29.851559" elapsed="1.301218"/>
</suite>
<status status="PASS" start="2024-06-01T05:15:29.838342" elapsed="1.319466"/>
</suite>
<statistics>
<total>
<stat pass="5" fail="0" skip="0">All Tests</stat>
</total>
<tag>
<stat pass="1" fail="0" skip="0">testeConteudo</stat>
<stat pass="1" fail="0" skip="0">testeEstruturaResposta</stat>
<stat pass="1" fail="0" skip="0">testeRequisicaoBasica</stat>
<stat pass="1" fail="0" skip="0">testeTiposDados</stat>
</tag>
<suite>
<stat pass="5" fail="0" skip="0" id="s1" name="Tests">Tests</stat>
<stat pass="5" fail="0" skip="0" id="s1-s1" name="Random-User-Test">Tests.Random-User-Test</stat>
</suite>
</statistics>
<errors>
</errors>
</robot>
