<?xml version="1.0" encoding="UTF-8"?>
<robot generator="Robot 7.0 (Python 3.12.3 on linux)" generated="2024-06-09T09:15:42.006958" rpa="false" schemaversion="5">
<suite id="s1" name="Tests" source="/home/runner/work/ApiRandomUser/ApiRandomUser/RamdonUser/tests">
<suite id="s1-s1" name="Random-User-Test" source="/home/runner/work/ApiRandomUser/ApiRandomUser/RamdonUser/tests/random-user-test.robot">
<test id="s1-s1-t1" name="Conectar" line="13">
<kw name="Conectar API" owner="random-user-service">
<kw name="Create Session" owner="RequestsLibrary">
<msg time="2024-06-09T09:15:42.399054" level="INFO">Creating Session using : alias=consultarAPI, url=https://randomuser.me/, headers={},                     cookies={}, auth=None, timeout=None, proxies=None, verify=False,                     debug=0 </msg>
<arg>consultarAPI</arg>
<arg>${URL}</arg>
<doc>Create Session: create a HTTP session to a server</doc>
<status status="PASS" start="2024-06-09T09:15:42.398838" elapsed="0.000394"/>
</kw>
<status status="PASS" start="2024-06-09T09:15:42.397767" elapsed="0.001836"/>
</kw>
<status status="PASS" start="2024-06-09T09:15:42.397202" elapsed="0.002599"/>
</test>
<test id="s1-s1-t2" name="Validar retorno 200 e JSON Válido" line="16">
<kw name="Teste de Requisicao Basica" owner="random-user-service">
<kw name="GET On Session" owner="RequestsLibrary">
<msg time="2024-06-09T09:15:42.464400" level="INFO">GET Request : url=https://randomuser.me/api 
 path_url=/api 
 headers={'User-Agent': 'python-requests/2.32.3', 'Accept-Encoding': 'gzip, deflate', 'Accept': '*/*', 'Connection': 'keep-alive'} 
 body=None 
 </msg>
<msg time="2024-06-09T09:15:42.464605" level="INFO">GET Response : url=https://randomuser.me/api 
 status=200, reason=OK 
 headers={'Date': 'Sun, 09 Jun 2024 09:15:42 GMT', 'Content-Type': 'application/json; charset=utf-8', 'Transfer-Encoding': 'chunked', 'Connection': 'keep-alive', 'X-Powered-By': 'Express', 'Access-Control-Allow-Origin': '*', 'Cache-Control': 'no-cache', 'ETag': 'W/"496-MJZCSv9nbjl4fXjmbR16VkXguKA"', 'Vary': 'Accept-Encoding', 'Content-Encoding': 'gzip', 'CF-Cache-Status': 'DYNAMIC', 'Report-To': '{"endpoints":[{"url":"https:\\/\\/a.nel.cloudflare.com\\/report\\/v4?s=6FuFQf6JMpbQyB3kFiuUT8ICvWb5rlbpagZ1u2FPMOw5SZI2%2BPXPaBCVVkTU1Q8N3ypu6tUjDqsR3ah1QKHZIiD2NL9nPLlcXgT7zf3%2FpVOP7mk8OFK6mRQZoC6nFD3%2F"}],"group":"cf-nel","max_age":604800}', 'NEL': '{"success_fraction":0,"report_to":"cf-nel","max_age":604800}', 'Server': 'cloudflare', 'CF-RAY': '891004c63a705a6f-IAD', 'alt-svc': 'h3=":443"; ma=86400'} 
 body={"results":[{"gender":"male","name":{"title":"Mr","first":"Darryl","last":"Lawrence"},"location":{"street":{"number":4119,"name":"Taylor St"},"city":"Geraldton","state":"Queensland","country":"Australia","postcode":6705,"coordinates":{"latitude":"-83.1475","longitude":"-49.6467"},"timezone":{"offset":"+11:00","description":"Magadan, Solomon Islands, New Caledonia"}},"email":"darryl.lawrence@example.com","login":{"uuid":"38f6d67d-f5a5-44ea-9a69-7715fc9ba734","username":"happymeercat521","password":"packer","salt":"8uNwq6Pg","md5":"ecf20328e387ed7f82685225c167e349","sha1":"15bede4698c52e5af7959ea98856502f7817f8c3","sha256":"6762211b1e5ca337ea08509008dad937cb83f3d2a332cde152bd9cea53ba0651"},"dob":{"date":"1972-04-16T02:38:59.350Z","age":52},"registered":{"date":"2003-07-16T07:20:37.024Z","age":20},"phone":"09-7676-4223","cell":"0490-298-318","id":{"name":"TFN","value":"600486122"},"picture":{"large":"https://randomuser.me/api/portraits/men/37.jpg","medium":"https://randomuser.me/api/portraits/med/men/37.jpg","thumbnail":"https://randomuser.me/api/portraits/thumb/men/37.jpg"},"nat":"AU"}],"info":{"seed":"37e076d4022f6a65","results":1,"page":1,"version":"1.4"}} 
 </msg>
<msg time="2024-06-09T09:15:42.464725" level="INFO">/opt/hostedtoolcache/Python/3.12.3/x64/lib/python3.12/site-packages/urllib3/connectionpool.py:1103: InsecureRequestWarning: Unverified HTTPS request is being made to host 'randomuser.me'. Adding certificate verification is strongly advised. See: https://urllib3.readthedocs.io/en/latest/advanced-usage.html#tls-warnings
  warnings.warn(</msg>
<msg time="2024-06-09T09:15:42.464903" level="INFO">${response} = &lt;Response [200]&gt;</msg>
<var>${response}</var>
<arg>consultarAPI</arg>
<arg>/api</arg>
<doc>Sends a GET request on a previously created HTTP Session.</doc>
<status status="PASS" start="2024-06-09T09:15:42.402408" elapsed="0.062538"/>
</kw>
<kw name="Should Be Equal As Numbers" owner="BuiltIn">
<msg time="2024-06-09T09:15:42.466345" level="INFO">Argument types are:
&lt;class 'int'&gt;
&lt;class 'str'&gt;</msg>
<arg>${response.status_code}</arg>
<arg>200</arg>
<doc>Fails if objects are unequal after converting them to real numbers.</doc>
<status status="PASS" start="2024-06-09T09:15:42.465637" elapsed="0.000812"/>
</kw>
<kw name="Log" owner="BuiltIn">
<msg time="2024-06-09T09:15:42.467612" level="INFO">200</msg>
<arg>${response.status_code}</arg>
<doc>Logs the given message with the given level.</doc>
<status status="PASS" start="2024-06-09T09:15:42.467025" elapsed="0.000667"/>
</kw>
<kw name="Set Variable" owner="BuiltIn">
<msg time="2024-06-09T09:15:42.468977" level="INFO">${json_data} = {'results': [{'gender': 'male', 'name': {'title': 'Mr', 'first': 'Darryl', 'last': 'Lawrence'}, 'location': {'street': {'number': 4119, 'name': 'Taylor St'}, 'city': 'Geraldton', 'state': 'Queensland'...</msg>
<var>${json_data}</var>
<arg>${response.json()}</arg>
<doc>Returns the given values which can then be assigned to a variables.</doc>
<status status="PASS" start="2024-06-09T09:15:42.468211" elapsed="0.000816"/>
</kw>
<kw name="Dictionary Should Contain Key" owner="Collections">
<msg time="2024-06-09T09:15:42.469811" level="INFO">False</msg>
<arg>${json_data}</arg>
<arg>results</arg>
<doc>Fails if ``key`` is not found from ``dictionary``.</doc>
<status status="PASS" start="2024-06-09T09:15:42.469536" elapsed="0.000575"/>
</kw>
<status status="PASS" start="2024-06-09T09:15:42.402159" elapsed="0.068398"/>
</kw>
<doc>Testa se a API responde corretamente e retorna um objeto JSON válido.</doc>
<tag>testeRequisicaoBasica</tag>
<status status="PASS" start="2024-06-09T09:15:42.401690" elapsed="0.069184"/>
</test>
<test id="s1-s1-t3" name="Validar estrutura de resposta" line="22">
<kw name="Teste de Estrutura de Resposta" owner="random-user-service">
<kw name="GET On Session" owner="RequestsLibrary">
<msg time="2024-06-09T09:15:42.572333" level="INFO">GET Request : url=https://randomuser.me/api 
 path_url=/api 
 headers={'User-Agent': 'python-requests/2.32.3', 'Accept-Encoding': 'gzip, deflate', 'Accept': '*/*', 'Connection': 'keep-alive'} 
 body=None 
 </msg>
<msg time="2024-06-09T09:15:42.572456" level="INFO">GET Response : url=https://randomuser.me/api 
 status=200, reason=OK 
 headers={'Date': 'Sun, 09 Jun 2024 09:15:42 GMT', 'Content-Type': 'application/json; charset=utf-8', 'Transfer-Encoding': 'chunked', 'Connection': 'keep-alive', 'X-Powered-By': 'Express', 'Access-Control-Allow-Origin': '*', 'Cache-Control': 'no-cache', 'ETag': 'W/"4af-MZDjzuly0F5UxDq88LSCDXyTTaA"', 'Vary': 'Accept-Encoding', 'Content-Encoding': 'gzip', 'CF-Cache-Status': 'DYNAMIC', 'Report-To': '{"endpoints":[{"url":"https:\\/\\/a.nel.cloudflare.com\\/report\\/v4?s=jJENCqXFppSXBUOX9EgvWOQziJXYCu3sPs1h97jkFL6Ju6VI2ScpQlGXkMvXAyH12W%2BDTh5dLTEa1XKv5KNI71IpKBc8bd4VoUJtofObVoBzLvNSIt00TkRyFUQnA9MC"}],"group":"cf-nel","max_age":604800}', 'NEL': '{"success_fraction":0,"report_to":"cf-nel","max_age":604800}', 'Server': 'cloudflare', 'CF-RAY': '891004c67a955a6f-IAD', 'alt-svc': 'h3=":443"; ma=86400'} 
 body={"results":[{"gender":"female","name":{"title":"Miss","first":"Isabel","last":"Méndez"},"location":{"street":{"number":5578,"name":"Calle de La Almudena"},"city":"Santiago de Compostela","state":"Aragón","country":"Spain","postcode":84600,"coordinates":{"latitude":"-31.8641","longitude":"144.3286"},"timezone":{"offset":"+5:00","description":"Ekaterinburg, Islamabad, Karachi, Tashkent"}},"email":"isabel.mendez@example.com","login":{"uuid":"783b87c1-d75b-405a-b291-ce033193adab","username":"bigpeacock916","password":"mankind","salt":"CtQduPpl","md5":"0578df217ddf547dbe09296c758259f7","sha1":"3d767cf70118f12013a88561076edf9f1ac8c964","sha256":"d46a7020e03c638e617cd5da80d4ad15a9f45f1d7f47693ad2043bb8c00254d9"},"dob":{"date":"1945-07-07T16:19:09.572Z","age":78},"registered":{"date":"2006-02-19T09:45:14.970Z","age":18},"phone":"915-168-677","cell":"649-898-940","id":{"name":"DNI","value":"49948376-E"},"picture":{"large":"https://randomuser.me/api/portraits/women/24.jpg","medium":"https://randomuser.me/api/portraits/med/women/24.jpg","thumbnail":"https://randomuser.me/api/portraits/thumb/women/24.jpg"},"nat":"ES"}],"info":{"seed":"8c662da28d719bfa","results":1,"page":1,"version":"1.4"}} 
 </msg>
<msg time="2024-06-09T09:15:42.572603" level="INFO">/opt/hostedtoolcache/Python/3.12.3/x64/lib/python3.12/site-packages/urllib3/connectionpool.py:1103: InsecureRequestWarning: Unverified HTTPS request is being made to host 'randomuser.me'. Adding certificate verification is strongly advised. See: https://urllib3.readthedocs.io/en/latest/advanced-usage.html#tls-warnings
  warnings.warn(</msg>
<msg time="2024-06-09T09:15:42.572730" level="INFO">${response} = &lt;Response [200]&gt;</msg>
<var>${response}</var>
<arg>consultarAPI</arg>
<arg>/api</arg>
<doc>Sends a GET request on a previously created HTTP Session.</doc>
<status status="PASS" start="2024-06-09T09:15:42.475093" elapsed="0.097678"/>
</kw>
<kw name="Set Variable" owner="BuiltIn">
<msg time="2024-06-09T09:15:42.573880" level="INFO">${json_data} = {'results': [{'gender': 'female', 'name': {'title': 'Miss', 'first': 'Isabel', 'last': 'Méndez'}, 'location': {'street': {'number': 5578, 'name': 'Calle de La Almudena'}, 'city': 'Santiago de Composte...</msg>
<var>${json_data}</var>
<arg>${response.json()}</arg>
<doc>Returns the given values which can then be assigned to a variables.</doc>
<status status="PASS" start="2024-06-09T09:15:42.573310" elapsed="0.000603"/>
</kw>
<kw name="Log" owner="BuiltIn">
<msg time="2024-06-09T09:15:42.574479" level="INFO">{'results': [{'gender': 'female', 'name': {'title': 'Miss', 'first': 'Isabel', 'last': 'Méndez'}, 'location': {'street': {'number': 5578, 'name': 'Calle de La Almudena'}, 'city': 'Santiago de Compostela', 'state': 'Aragón', 'country': 'Spain', 'postcode': 84600, 'coordinates': {'latitude': '-31.8641', 'longitude': '144.3286'}, 'timezone': {'offset': '+5:00', 'description': 'Ekaterinburg, Islamabad, Karachi, Tashkent'}}, 'email': 'isabel.mendez@example.com', 'login': {'uuid': '783b87c1-d75b-405a-b291-ce033193adab', 'username': 'bigpeacock916', 'password': 'mankind', 'salt': 'CtQduPpl', 'md5': '0578df217ddf547dbe09296c758259f7', 'sha1': '3d767cf70118f12013a88561076edf9f1ac8c964', 'sha256': 'd46a7020e03c638e617cd5da80d4ad15a9f45f1d7f47693ad2043bb8c00254d9'}, 'dob': {'date': '1945-07-07T16:19:09.572Z', 'age': 78}, 'registered': {'date': '2006-02-19T09:45:14.970Z', 'age': 18}, 'phone': '915-168-677', 'cell': '649-898-940', 'id': {'name': 'DNI', 'value': '49948376-E'}, 'picture': {'large': 'https://randomuser.me/api/portraits/women/24.jpg', 'medium': 'https://randomuser.me/api/portraits/med/women/24.jpg', 'thumbnail': 'https://randomuser.me/api/portraits/thumb/women/24.jpg'}, 'nat': 'ES'}], 'info': {'seed': '8c662da28d719bfa', 'results': 1, 'page': 1, 'version': '1.4'}}</msg>
<arg>${json_data}</arg>
<doc>Logs the given message with the given level.</doc>
<status status="PASS" start="2024-06-09T09:15:42.574294" elapsed="0.000250"/>
</kw>
<kw name="Dictionary Should Contain Key" owner="Collections">
<msg time="2024-06-09T09:15:42.575048" level="INFO">False</msg>
<arg>${json_data}</arg>
<arg>results</arg>
<doc>Fails if ``key`` is not found from ``dictionary``.</doc>
<status status="PASS" start="2024-06-09T09:15:42.574877" elapsed="0.000210"/>
</kw>
<kw name="Should Not Be Empty" owner="BuiltIn">
<msg time="2024-06-09T09:15:42.575535" level="INFO">Length is 2.</msg>
<arg>${json_data}</arg>
<doc>Verifies that the given item is not empty.</doc>
<status status="PASS" start="2024-06-09T09:15:42.575396" elapsed="0.000179"/>
</kw>
<kw name="Create List" owner="BuiltIn">
<msg time="2024-06-09T09:15:42.576032" level="INFO">${expected_keys} = ['gender', 'name', 'location', 'email', 'login']</msg>
<var>${expected_keys}</var>
<arg>gender</arg>
<arg>name</arg>
<arg>location</arg>
<arg>email</arg>
<arg>login</arg>
<doc>Returns a list containing given items.</doc>
<status status="PASS" start="2024-06-09T09:15:42.575877" elapsed="0.000180"/>
</kw>
<for flavor="IN">
<iter>
<kw name="Dictionary Should Contain Key" owner="Collections">
<msg time="2024-06-09T09:15:42.577124" level="INFO">False</msg>
<arg>${json_data['results'][0]}</arg>
<arg>${key}</arg>
<doc>Fails if ``key`` is not found from ``dictionary``.</doc>
<status status="PASS" start="2024-06-09T09:15:42.576698" elapsed="0.000470"/>
</kw>
<kw name="Log" owner="BuiltIn">
<msg time="2024-06-09T09:15:42.577847" level="INFO">{'gender': 'female', 'name': {'title': 'Miss', 'first': 'Isabel', 'last': 'Méndez'}, 'location': {'street': {'number': 5578, 'name': 'Calle de La Almudena'}, 'city': 'Santiago de Compostela', 'state': 'Aragón', 'country': 'Spain', 'postcode': 84600, 'coordinates': {'latitude': '-31.8641', 'longitude': '144.3286'}, 'timezone': {'offset': '+5:00', 'description': 'Ekaterinburg, Islamabad, Karachi, Tashkent'}}, 'email': 'isabel.mendez@example.com', 'login': {'uuid': '783b87c1-d75b-405a-b291-ce033193adab', 'username': 'bigpeacock916', 'password': 'mankind', 'salt': 'CtQduPpl', 'md5': '0578df217ddf547dbe09296c758259f7', 'sha1': '3d767cf70118f12013a88561076edf9f1ac8c964', 'sha256': 'd46a7020e03c638e617cd5da80d4ad15a9f45f1d7f47693ad2043bb8c00254d9'}, 'dob': {'date': '1945-07-07T16:19:09.572Z', 'age': 78}, 'registered': {'date': '2006-02-19T09:45:14.970Z', 'age': 18}, 'phone': '915-168-677', 'cell': '649-898-940', 'id': {'name': 'DNI', 'value': '49948376-E'}, 'picture': {'large': 'https://randomuser.me/api/portraits/women/24.jpg', 'medium': 'https://randomuser.me/api/portraits/med/women/24.jpg', 'thumbnail': 'https://randomuser.me/api/portraits/thumb/women/24.jpg'}, 'nat': 'ES'}</msg>
<arg>${json_data['results'][0]}</arg>
<doc>Logs the given message with the given level.</doc>
<status status="PASS" start="2024-06-09T09:15:42.577474" elapsed="0.000426"/>
</kw>
<kw name="Log" owner="BuiltIn">
<msg time="2024-06-09T09:15:42.578347" level="INFO">gender</msg>
<arg>${key}</arg>
<doc>Logs the given message with the given level.</doc>
<status status="PASS" start="2024-06-09T09:15:42.578209" elapsed="0.000176"/>
</kw>
<var name="${key}">gender</var>
<status status="PASS" start="2024-06-09T09:15:42.576569" elapsed="0.002042"/>
</iter>
<iter>
<kw name="Dictionary Should Contain Key" owner="Collections">
<msg time="2024-06-09T09:15:42.579325" level="INFO">False</msg>
<arg>${json_data['results'][0]}</arg>
<arg>${key}</arg>
<doc>Fails if ``key`` is not found from ``dictionary``.</doc>
<status status="PASS" start="2024-06-09T09:15:42.578931" elapsed="0.000465"/>
</kw>
<kw name="Log" owner="BuiltIn">
<msg time="2024-06-09T09:15:42.580070" level="INFO">{'gender': 'female', 'name': {'title': 'Miss', 'first': 'Isabel', 'last': 'Méndez'}, 'location': {'street': {'number': 5578, 'name': 'Calle de La Almudena'}, 'city': 'Santiago de Compostela', 'state': 'Aragón', 'country': 'Spain', 'postcode': 84600, 'coordinates': {'latitude': '-31.8641', 'longitude': '144.3286'}, 'timezone': {'offset': '+5:00', 'description': 'Ekaterinburg, Islamabad, Karachi, Tashkent'}}, 'email': 'isabel.mendez@example.com', 'login': {'uuid': '783b87c1-d75b-405a-b291-ce033193adab', 'username': 'bigpeacock916', 'password': 'mankind', 'salt': 'CtQduPpl', 'md5': '0578df217ddf547dbe09296c758259f7', 'sha1': '3d767cf70118f12013a88561076edf9f1ac8c964', 'sha256': 'd46a7020e03c638e617cd5da80d4ad15a9f45f1d7f47693ad2043bb8c00254d9'}, 'dob': {'date': '1945-07-07T16:19:09.572Z', 'age': 78}, 'registered': {'date': '2006-02-19T09:45:14.970Z', 'age': 18}, 'phone': '915-168-677', 'cell': '649-898-940', 'id': {'name': 'DNI', 'value': '49948376-E'}, 'picture': {'large': 'https://randomuser.me/api/portraits/women/24.jpg', 'medium': 'https://randomuser.me/api/portraits/med/women/24.jpg', 'thumbnail': 'https://randomuser.me/api/portraits/thumb/women/24.jpg'}, 'nat': 'ES'}</msg>
<arg>${json_data['results'][0]}</arg>
<doc>Logs the given message with the given level.</doc>
<status status="PASS" start="2024-06-09T09:15:42.579703" elapsed="0.000417"/>
</kw>
<kw name="Log" owner="BuiltIn">
<msg time="2024-06-09T09:15:42.580584" level="INFO">name</msg>
<arg>${key}</arg>
<doc>Logs the given message with the given level.</doc>
<status status="PASS" start="2024-06-09T09:15:42.580454" elapsed="0.000168"/>
</kw>
<var name="${key}">name</var>
<status status="PASS" start="2024-06-09T09:15:42.578812" elapsed="0.002039"/>
</iter>
<iter>
<kw name="Dictionary Should Contain Key" owner="Collections">
<msg time="2024-06-09T09:15:42.581533" level="INFO">False</msg>
<arg>${json_data['results'][0]}</arg>
<arg>${key}</arg>
<doc>Fails if ``key`` is not found from ``dictionary``.</doc>
<status status="PASS" start="2024-06-09T09:15:42.581151" elapsed="0.000420"/>
</kw>
<kw name="Log" owner="BuiltIn">
<msg time="2024-06-09T09:15:42.582242" level="INFO">{'gender': 'female', 'name': {'title': 'Miss', 'first': 'Isabel', 'last': 'Méndez'}, 'location': {'street': {'number': 5578, 'name': 'Calle de La Almudena'}, 'city': 'Santiago de Compostela', 'state': 'Aragón', 'country': 'Spain', 'postcode': 84600, 'coordinates': {'latitude': '-31.8641', 'longitude': '144.3286'}, 'timezone': {'offset': '+5:00', 'description': 'Ekaterinburg, Islamabad, Karachi, Tashkent'}}, 'email': 'isabel.mendez@example.com', 'login': {'uuid': '783b87c1-d75b-405a-b291-ce033193adab', 'username': 'bigpeacock916', 'password': 'mankind', 'salt': 'CtQduPpl', 'md5': '0578df217ddf547dbe09296c758259f7', 'sha1': '3d767cf70118f12013a88561076edf9f1ac8c964', 'sha256': 'd46a7020e03c638e617cd5da80d4ad15a9f45f1d7f47693ad2043bb8c00254d9'}, 'dob': {'date': '1945-07-07T16:19:09.572Z', 'age': 78}, 'registered': {'date': '2006-02-19T09:45:14.970Z', 'age': 18}, 'phone': '915-168-677', 'cell': '649-898-940', 'id': {'name': 'DNI', 'value': '49948376-E'}, 'picture': {'large': 'https://randomuser.me/api/portraits/women/24.jpg', 'medium': 'https://randomuser.me/api/portraits/med/women/24.jpg', 'thumbnail': 'https://randomuser.me/api/portraits/thumb/women/24.jpg'}, 'nat': 'ES'}</msg>
<arg>${json_data['results'][0]}</arg>
<doc>Logs the given message with the given level.</doc>
<status status="PASS" start="2024-06-09T09:15:42.581873" elapsed="0.000421"/>
</kw>
<kw name="Log" owner="BuiltIn">
<msg time="2024-06-09T09:15:42.582719" level="INFO">location</msg>
<arg>${key}</arg>
<doc>Logs the given message with the given level.</doc>
<status status="PASS" start="2024-06-09T09:15:42.582592" elapsed="0.000165"/>
</kw>
<var name="${key}">location</var>
<status status="PASS" start="2024-06-09T09:15:42.581037" elapsed="0.001944"/>
</iter>
<iter>
<kw name="Dictionary Should Contain Key" owner="Collections">
<msg time="2024-06-09T09:15:42.583767" level="INFO">False</msg>
<arg>${json_data['results'][0]}</arg>
<arg>${key}</arg>
<doc>Fails if ``key`` is not found from ``dictionary``.</doc>
<status status="PASS" start="2024-06-09T09:15:42.583269" elapsed="0.000538"/>
</kw>
<kw name="Log" owner="BuiltIn">
<msg time="2024-06-09T09:15:42.584509" level="INFO">{'gender': 'female', 'name': {'title': 'Miss', 'first': 'Isabel', 'last': 'Méndez'}, 'location': {'street': {'number': 5578, 'name': 'Calle de La Almudena'}, 'city': 'Santiago de Compostela', 'state': 'Aragón', 'country': 'Spain', 'postcode': 84600, 'coordinates': {'latitude': '-31.8641', 'longitude': '144.3286'}, 'timezone': {'offset': '+5:00', 'description': 'Ekaterinburg, Islamabad, Karachi, Tashkent'}}, 'email': 'isabel.mendez@example.com', 'login': {'uuid': '783b87c1-d75b-405a-b291-ce033193adab', 'username': 'bigpeacock916', 'password': 'mankind', 'salt': 'CtQduPpl', 'md5': '0578df217ddf547dbe09296c758259f7', 'sha1': '3d767cf70118f12013a88561076edf9f1ac8c964', 'sha256': 'd46a7020e03c638e617cd5da80d4ad15a9f45f1d7f47693ad2043bb8c00254d9'}, 'dob': {'date': '1945-07-07T16:19:09.572Z', 'age': 78}, 'registered': {'date': '2006-02-19T09:45:14.970Z', 'age': 18}, 'phone': '915-168-677', 'cell': '649-898-940', 'id': {'name': 'DNI', 'value': '49948376-E'}, 'picture': {'large': 'https://randomuser.me/api/portraits/women/24.jpg', 'medium': 'https://randomuser.me/api/portraits/med/women/24.jpg', 'thumbnail': 'https://randomuser.me/api/portraits/thumb/women/24.jpg'}, 'nat': 'ES'}</msg>
<arg>${json_data['results'][0]}</arg>
<doc>Logs the given message with the given level.</doc>
<status status="PASS" start="2024-06-09T09:15:42.584106" elapsed="0.000454"/>
</kw>
<kw name="Log" owner="BuiltIn">
<msg time="2024-06-09T09:15:42.584988" level="INFO">email</msg>
<arg>${key}</arg>
<doc>Logs the given message with the given level.</doc>
<status status="PASS" start="2024-06-09T09:15:42.584860" elapsed="0.000165"/>
</kw>
<var name="${key}">email</var>
<status status="PASS" start="2024-06-09T09:15:42.583157" elapsed="0.002086"/>
</iter>
<iter>
<kw name="Dictionary Should Contain Key" owner="Collections">
<msg time="2024-06-09T09:15:42.585915" level="INFO">False</msg>
<arg>${json_data['results'][0]}</arg>
<arg>${key}</arg>
<doc>Fails if ``key`` is not found from ``dictionary``.</doc>
<status status="PASS" start="2024-06-09T09:15:42.585534" elapsed="0.000418"/>
</kw>
<kw name="Log" owner="BuiltIn">
<msg time="2024-06-09T09:15:42.586607" level="INFO">{'gender': 'female', 'name': {'title': 'Miss', 'first': 'Isabel', 'last': 'Méndez'}, 'location': {'street': {'number': 5578, 'name': 'Calle de La Almudena'}, 'city': 'Santiago de Compostela', 'state': 'Aragón', 'country': 'Spain', 'postcode': 84600, 'coordinates': {'latitude': '-31.8641', 'longitude': '144.3286'}, 'timezone': {'offset': '+5:00', 'description': 'Ekaterinburg, Islamabad, Karachi, Tashkent'}}, 'email': 'isabel.mendez@example.com', 'login': {'uuid': '783b87c1-d75b-405a-b291-ce033193adab', 'username': 'bigpeacock916', 'password': 'mankind', 'salt': 'CtQduPpl', 'md5': '0578df217ddf547dbe09296c758259f7', 'sha1': '3d767cf70118f12013a88561076edf9f1ac8c964', 'sha256': 'd46a7020e03c638e617cd5da80d4ad15a9f45f1d7f47693ad2043bb8c00254d9'}, 'dob': {'date': '1945-07-07T16:19:09.572Z', 'age': 78}, 'registered': {'date': '2006-02-19T09:45:14.970Z', 'age': 18}, 'phone': '915-168-677', 'cell': '649-898-940', 'id': {'name': 'DNI', 'value': '49948376-E'}, 'picture': {'large': 'https://randomuser.me/api/portraits/women/24.jpg', 'medium': 'https://randomuser.me/api/portraits/med/women/24.jpg', 'thumbnail': 'https://randomuser.me/api/portraits/thumb/women/24.jpg'}, 'nat': 'ES'}</msg>
<arg>${json_data['results'][0]}</arg>
<doc>Logs the given message with the given level.</doc>
<status status="PASS" start="2024-06-09T09:15:42.586247" elapsed="0.000410"/>
</kw>
<kw name="Log" owner="BuiltIn">
<msg time="2024-06-09T09:15:42.587119" level="INFO">login</msg>
<arg>${key}</arg>
<doc>Logs the given message with the given level.</doc>
<status status="PASS" start="2024-06-09T09:15:42.586954" elapsed="0.000204"/>
</kw>
<var name="${key}">login</var>
<status status="PASS" start="2024-06-09T09:15:42.585421" elapsed="0.001960"/>
</iter>
<var>${key}</var>
<value>@{expected_keys}</value>
<status status="PASS" start="2024-06-09T09:15:42.576363" elapsed="0.011142"/>
</for>
<kw name="Create List" owner="BuiltIn">
<msg time="2024-06-09T09:15:42.587840" level="INFO">${expected_keysTwo} = ['username', 'password']</msg>
<var>${expected_keysTwo}</var>
<arg>username</arg>
<arg>password</arg>
<doc>Returns a list containing given items.</doc>
<status status="PASS" start="2024-06-09T09:15:42.587701" elapsed="0.000163"/>
</kw>
<for flavor="IN">
<iter>
<kw name="Dictionary Should Contain Key" owner="Collections">
<msg time="2024-06-09T09:15:42.588799" level="INFO">False</msg>
<arg>${json_data['results'][0]['login']}</arg>
<arg>${keyTwo}</arg>
<doc>Fails if ``key`` is not found from ``dictionary``.</doc>
<status status="PASS" start="2024-06-09T09:15:42.588415" elapsed="0.000422"/>
</kw>
<kw name="Dictionary Should Contain Key" owner="Collections">
<msg time="2024-06-09T09:15:42.589587" level="INFO">False</msg>
<arg>${json_data['results'][0]['login']}</arg>
<arg>${keyTwo}</arg>
<doc>Fails if ``key`` is not found from ``dictionary``.</doc>
<status status="PASS" start="2024-06-09T09:15:42.589135" elapsed="0.000506"/>
</kw>
<kw name="Log" owner="BuiltIn">
<msg time="2024-06-09T09:15:42.590302" level="INFO">username</msg>
<arg>${keyTwo}</arg>
<doc>Logs the given message with the given level.</doc>
<status status="PASS" start="2024-06-09T09:15:42.590098" elapsed="0.000267"/>
</kw>
<var name="${keyTwo}">username</var>
<status status="PASS" start="2024-06-09T09:15:42.588291" elapsed="0.002421"/>
</iter>
<iter>
<kw name="Dictionary Should Contain Key" owner="Collections">
<msg time="2024-06-09T09:15:42.591851" level="INFO">False</msg>
<arg>${json_data['results'][0]['login']}</arg>
<arg>${keyTwo}</arg>
<doc>Fails if ``key`` is not found from ``dictionary``.</doc>
<status status="PASS" start="2024-06-09T09:15:42.591199" elapsed="0.000719"/>
</kw>
<kw name="Dictionary Should Contain Key" owner="Collections">
<msg time="2024-06-09T09:15:42.593015" level="INFO">False</msg>
<arg>${json_data['results'][0]['login']}</arg>
<arg>${keyTwo}</arg>
<doc>Fails if ``key`` is not found from ``dictionary``.</doc>
<status status="PASS" start="2024-06-09T09:15:42.592395" elapsed="0.000679"/>
</kw>
<kw name="Log" owner="BuiltIn">
<msg time="2024-06-09T09:15:42.593709" level="INFO">password</msg>
<arg>${keyTwo}</arg>
<doc>Logs the given message with the given level.</doc>
<status status="PASS" start="2024-06-09T09:15:42.593505" elapsed="0.000268"/>
</kw>
<var name="${keyTwo}">password</var>
<status status="PASS" start="2024-06-09T09:15:42.591008" elapsed="0.003112"/>
</iter>
<var>${keyTwo}</var>
<value>@{expected_keysTwo}</value>
<status status="PASS" start="2024-06-09T09:15:42.588105" elapsed="0.006221"/>
</for>
<status status="PASS" start="2024-06-09T09:15:42.474743" elapsed="0.119836"/>
</kw>
<doc>Testa a estrutura da resposta da API.</doc>
<tag>testeEstruturaResposta</tag>
<status status="PASS" start="2024-06-09T09:15:42.474011" elapsed="0.120849"/>
</test>
<test id="s1-s1-t4" name="Validar tipos de dados" line="28">
<kw name="Teste de Tipos de Dados" owner="random-user-service">
<kw name="GET On Session" owner="RequestsLibrary">
<msg time="2024-06-09T09:15:42.682521" level="INFO">GET Request : url=https://randomuser.me/api 
 path_url=/api 
 headers={'User-Agent': 'python-requests/2.32.3', 'Accept-Encoding': 'gzip, deflate', 'Accept': '*/*', 'Connection': 'keep-alive'} 
 body=None 
 </msg>
<msg time="2024-06-09T09:15:42.682636" level="INFO">GET Response : url=https://randomuser.me/api 
 status=200, reason=OK 
 headers={'Date': 'Sun, 09 Jun 2024 09:15:42 GMT', 'Content-Type': 'application/json; charset=utf-8', 'Transfer-Encoding': 'chunked', 'Connection': 'keep-alive', 'X-Powered-By': 'Express', 'Access-Control-Allow-Origin': '*', 'Cache-Control': 'no-cache', 'ETag': 'W/"497-m928jTBheZnAD7R10pCtmWC7dxk"', 'Vary': 'Accept-Encoding', 'Content-Encoding': 'gzip', 'CF-Cache-Status': 'DYNAMIC', 'Report-To': '{"endpoints":[{"url":"https:\\/\\/a.nel.cloudflare.com\\/report\\/v4?s=WKhRm2tlhAELH6szG%2BJqfnE9AFg4AeuxlgtnPnBIfNY4hhuEMc6wSB8uQV1K1tFe0NRyQoydVJpafj6yjfEr6FSthITfOizk1uOFtOXlMFVebeog7t6XGrpvNKuMDEIw"}],"group":"cf-nel","max_age":604800}', 'NEL': '{"success_fraction":0,"report_to":"cf-nel","max_age":604800}', 'Server': 'cloudflare', 'CF-RAY': '891004c74b205a6f-IAD', 'alt-svc': 'h3=":443"; ma=86400'} 
 body={"results":[{"gender":"male","name":{"title":"Mr","first":"Radivoje","last":"Radivojević"},"location":{"street":{"number":6180,"name":"Porodice Ranković"},"city":"Šabac","state":"Nišava","country":"Serbia","postcode":75006,"coordinates":{"latitude":"57.9190","longitude":"-113.6820"},"timezone":{"offset":"+1:00","description":"Brussels, Copenhagen, Madrid, Paris"}},"email":"radivoje.radivojevic@example.com","login":{"uuid":"a979bb6b-4a4c-4e68-bb10-35cac7eaed79","username":"bigbear290","password":"racerx","salt":"sNqX6yFT","md5":"0c095357b387e3ec033b2ea9b3a62e57","sha1":"e1a88aa5b5283d4a7c00cfce5aa417672a1e695b","sha256":"1675e0be8395b1e78fb29c9036fd48f9673e3a427569c9fa54578a2a1ae6e41a"},"dob":{"date":"1963-01-14T16:04:47.640Z","age":61},"registered":{"date":"2018-07-20T15:27:47.374Z","age":5},"phone":"034-9688-455","cell":"063-3143-096","id":{"name":"SID","value":"365357640"},"picture":{"large":"https://randomuser.me/api/portraits/men/67.jpg","medium":"https://randomuser.me/api/portraits/med/men/67.jpg","thumbnail":"https://randomuser.me/api/portraits/thumb/men/67.jpg"},"nat":"RS"}],"info":{"seed":"8b9e2e2bb0e90c64","results":1,"page":1,"version":"1.4"}} 
 </msg>
<msg time="2024-06-09T09:15:42.682725" level="INFO">/opt/hostedtoolcache/Python/3.12.3/x64/lib/python3.12/site-packages/urllib3/connectionpool.py:1103: InsecureRequestWarning: Unverified HTTPS request is being made to host 'randomuser.me'. Adding certificate verification is strongly advised. See: https://urllib3.readthedocs.io/en/latest/advanced-usage.html#tls-warnings
  warnings.warn(</msg>
<msg time="2024-06-09T09:15:42.682845" level="INFO">${response} = &lt;Response [200]&gt;</msg>
<var>${response}</var>
<arg>consultarAPI</arg>
<arg>/api</arg>
<doc>Sends a GET request on a previously created HTTP Session.</doc>
<status status="PASS" start="2024-06-09T09:15:42.598614" elapsed="0.084265"/>
</kw>
<kw name="Set Variable" owner="BuiltIn">
<msg time="2024-06-09T09:15:42.684007" level="INFO">${json_data} = {'results': [{'gender': 'male', 'name': {'title': 'Mr', 'first': 'Radivoje', 'last': 'Radivojević'}, 'location': {'street': {'number': 6180, 'name': 'Porodice Ranković'}, 'city': 'Šabac', 'state': 'Ni...</msg>
<var>${json_data}</var>
<arg>${response.json()}</arg>
<doc>Returns the given values which can then be assigned to a variables.</doc>
<status status="PASS" start="2024-06-09T09:15:42.683455" elapsed="0.000583"/>
</kw>
<kw name="Log" owner="BuiltIn">
<msg time="2024-06-09T09:15:42.684646" level="INFO">{'results': [{'gender': 'male', 'name': {'title': 'Mr', 'first': 'Radivoje', 'last': 'Radivojević'}, 'location': {'street': {'number': 6180, 'name': 'Porodice Ranković'}, 'city': 'Šabac', 'state': 'Nišava', 'country': 'Serbia', 'postcode': 75006, 'coordinates': {'latitude': '57.9190', 'longitude': '-113.6820'}, 'timezone': {'offset': '+1:00', 'description': 'Brussels, Copenhagen, Madrid, Paris'}}, 'email': 'radivoje.radivojevic@example.com', 'login': {'uuid': 'a979bb6b-4a4c-4e68-bb10-35cac7eaed79', 'username': 'bigbear290', 'password': 'racerx', 'salt': 'sNqX6yFT', 'md5': '0c095357b387e3ec033b2ea9b3a62e57', 'sha1': 'e1a88aa5b5283d4a7c00cfce5aa417672a1e695b', 'sha256': '1675e0be8395b1e78fb29c9036fd48f9673e3a427569c9fa54578a2a1ae6e41a'}, 'dob': {'date': '1963-01-14T16:04:47.640Z', 'age': 61}, 'registered': {'date': '2018-07-20T15:27:47.374Z', 'age': 5}, 'phone': '034-9688-455', 'cell': '063-3143-096', 'id': {'name': 'SID', 'value': '365357640'}, 'picture': {'large': 'https://randomuser.me/api/portraits/men/67.jpg', 'medium': 'https://randomuser.me/api/portraits/med/men/67.jpg', 'thumbnail': 'https://randomuser.me/api/portraits/thumb/men/67.jpg'}, 'nat': 'RS'}], 'info': {'seed': '8b9e2e2bb0e90c64', 'results': 1, 'page': 1, 'version': '1.4'}}</msg>
<arg>${json_data}</arg>
<doc>Logs the given message with the given level.</doc>
<status status="PASS" start="2024-06-09T09:15:42.684458" elapsed="0.000279"/>
</kw>
<kw name="Should Be String" owner="String">
<arg>${json_data['results'][0]['gender']}</arg>
<doc>Fails if the given ``item`` is not a string.</doc>
<status status="PASS" start="2024-06-09T09:15:42.685073" elapsed="0.000389"/>
</kw>
<kw name="Should Match Regexp" owner="BuiltIn">
<arg>${json_data['results'][0]['email']}</arg>
<arg>^[a-zA-Z0-9._%+-]+@[a-zA-Z0-9.-]+\.[a-zA-Z]{2,}$</arg>
<doc>Fails if ``string`` does not match ``pattern`` as a regular expression.</doc>
<status status="PASS" start="2024-06-09T09:15:42.685663" elapsed="0.000693"/>
</kw>
<kw name="Should Match Regexp" owner="BuiltIn">
<arg>${json_data['results'][0]['dob']['date']}</arg>
<arg>\\d{4}-\\d{2}-\\d{2}T\\d{2}:\\d{2}:\\d{2}\\.\\d{3}Z</arg>
<doc>Fails if ``string`` does not match ``pattern`` as a regular expression.</doc>
<status status="PASS" start="2024-06-09T09:15:42.686561" elapsed="0.000502"/>
</kw>
<kw name="Should Match Regexp" owner="BuiltIn">
<arg>${json_data['results'][0]['registered']['date']}</arg>
<arg>\\d{4}-\\d{2}-\\d{2}T\\d{2}:\\d{2}:\\d{2}\\.\\d{3}Z</arg>
<doc>Fails if ``string`` does not match ``pattern`` as a regular expression.</doc>
<status status="PASS" start="2024-06-09T09:15:42.687260" elapsed="0.000370"/>
</kw>
<kw name="Should Match Regexp" owner="BuiltIn">
<arg>${json_data['results'][0]['picture']['large']}</arg>
<arg>^https?://.*\.(?:png|jpe?g|gif|bmp)$</arg>
<doc>Fails if ``string`` does not match ``pattern`` as a regular expression.</doc>
<status status="PASS" start="2024-06-09T09:15:42.687823" elapsed="0.000491"/>
</kw>
<kw name="Should Match Regexp" owner="BuiltIn">
<arg>${json_data['results'][0]['picture']['medium']}</arg>
<arg>^https?://.*\.(?:png|jpe?g|gif|bmp)$</arg>
<doc>Fails if ``string`` does not match ``pattern`` as a regular expression.</doc>
<status status="PASS" start="2024-06-09T09:15:42.688514" elapsed="0.000364"/>
</kw>
<kw name="Should Match Regexp" owner="BuiltIn">
<arg>${json_data['results'][0]['picture']['thumbnail']}</arg>
<arg>^https?://.*\.(?:png|jpe?g|gif|bmp)$</arg>
<doc>Fails if ``string`` does not match ``pattern`` as a regular expression.</doc>
<status status="PASS" start="2024-06-09T09:15:42.689073" elapsed="0.000355"/>
</kw>
<kw name="Log" owner="BuiltIn">
<msg time="2024-06-09T09:15:42.689951" level="INFO">{'large': 'https://randomuser.me/api/portraits/men/67.jpg', 'medium': 'https://randomuser.me/api/portraits/med/men/67.jpg', 'thumbnail': 'https://randomuser.me/api/portraits/thumb/men/67.jpg'}</msg>
<arg>${json_data['results'][0]['picture']}</arg>
<doc>Logs the given message with the given level.</doc>
<status status="PASS" start="2024-06-09T09:15:42.689614" elapsed="0.000378"/>
</kw>
<status status="PASS" start="2024-06-09T09:15:42.598365" elapsed="0.091899"/>
</kw>
<kw name="Teste de Tipos de Dados - Postcode" owner="random-user-service">
<kw name="GET On Session" owner="RequestsLibrary">
<msg time="2024-06-09T09:15:42.782239" level="INFO">GET Request : url=https://randomuser.me/api 
 path_url=/api 
 headers={'User-Agent': 'python-requests/2.32.3', 'Accept-Encoding': 'gzip, deflate', 'Accept': '*/*', 'Connection': 'keep-alive'} 
 body=None 
 </msg>
<msg time="2024-06-09T09:15:42.782358" level="INFO">GET Response : url=https://randomuser.me/api 
 status=200, reason=OK 
 headers={'Date': 'Sun, 09 Jun 2024 09:15:42 GMT', 'Content-Type': 'application/json; charset=utf-8', 'Transfer-Encoding': 'chunked', 'Connection': 'keep-alive', 'X-Powered-By': 'Express', 'Access-Control-Allow-Origin': '*', 'Cache-Control': 'no-cache', 'ETag': 'W/"49d-3vjU9SZ879vV/H69bcUyljTuiyA"', 'Vary': 'Accept-Encoding', 'Content-Encoding': 'gzip', 'CF-Cache-Status': 'DYNAMIC', 'Report-To': '{"endpoints":[{"url":"https:\\/\\/a.nel.cloudflare.com\\/report\\/v4?s=RNsL%2FhdGAYf1lj6jXV3FahWPtt%2BcIWV%2Fymw0G4Yir0iYoijR5AWuQO5H%2FpUdxkdc2wYQKaK%2FR0nENdC06ilg2T1bROXgZ%2BJMD5Wqn0V52gpifc%2B52TkYwBsfAid%2BPxVB"}],"group":"cf-nel","max_age":604800}', 'NEL': '{"success_fraction":0,"report_to":"cf-nel","max_age":604800}', 'Server': 'cloudflare', 'CF-RAY': '891004c7db7d5a6f-IAD', 'alt-svc': 'h3=":443"; ma=86400'} 
 body={"results":[{"gender":"male","name":{"title":"Mr","first":"Erwan","last":"Roussel"},"location":{"street":{"number":5173,"name":"Rue des Ecrivains"},"city":"Colombes","state":"Dordogne","country":"France","postcode":71840,"coordinates":{"latitude":"-17.2373","longitude":"-130.5479"},"timezone":{"offset":"+4:00","description":"Abu Dhabi, Muscat, Baku, Tbilisi"}},"email":"erwan.roussel@example.com","login":{"uuid":"4e98b43a-0667-4c33-85df-c03e414231b5","username":"ticklishwolf811","password":"frederic","salt":"dzyEWmmt","md5":"d8657ff0ea08dbe4c32860a88ef54be1","sha1":"cac665b5bb49a96c3fe588c9da92194c6e20a824","sha256":"7d1e268ce0a859ac2e3d17dd1a3b48f0090724e62e2d02fc82e27f7dbbde35d2"},"dob":{"date":"1948-01-12T18:33:40.492Z","age":76},"registered":{"date":"2006-04-23T00:39:30.535Z","age":18},"phone":"02-02-12-07-30","cell":"06-50-42-76-31","id":{"name":"INSEE","value":"1480029422551 94"},"picture":{"large":"https://randomuser.me/api/portraits/men/89.jpg","medium":"https://randomuser.me/api/portraits/med/men/89.jpg","thumbnail":"https://randomuser.me/api/portraits/thumb/men/89.jpg"},"nat":"FR"}],"info":{"seed":"51367d64dd740cac","results":1,"page":1,"version":"1.4"}} 
 </msg>
<msg time="2024-06-09T09:15:42.782445" level="INFO">/opt/hostedtoolcache/Python/3.12.3/x64/lib/python3.12/site-packages/urllib3/connectionpool.py:1103: InsecureRequestWarning: Unverified HTTPS request is being made to host 'randomuser.me'. Adding certificate verification is strongly advised. See: https://urllib3.readthedocs.io/en/latest/advanced-usage.html#tls-warnings
  warnings.warn(</msg>
<msg time="2024-06-09T09:15:42.782591" level="INFO">${response} = &lt;Response [200]&gt;</msg>
<var>${response}</var>
<arg>consultarAPI</arg>
<arg>/api</arg>
<doc>Sends a GET request on a previously created HTTP Session.</doc>
<status status="PASS" start="2024-06-09T09:15:42.690737" elapsed="0.091907"/>
</kw>
<kw name="Set Variable" owner="BuiltIn">
<msg time="2024-06-09T09:15:42.783776" level="INFO">${json_data} = {'results': [{'gender': 'male', 'name': {'title': 'Mr', 'first': 'Erwan', 'last': 'Roussel'}, 'location': {'street': {'number': 5173, 'name': 'Rue des Ecrivains'}, 'city': 'Colombes', 'state': 'Dordog...</msg>
<var>${json_data}</var>
<arg>${response.json()}</arg>
<doc>Returns the given values which can then be assigned to a variables.</doc>
<status status="PASS" start="2024-06-09T09:15:42.783221" elapsed="0.000587"/>
</kw>
<kw name="Log" owner="BuiltIn">
<msg time="2024-06-09T09:15:42.784387" level="INFO">{'results': [{'gender': 'male', 'name': {'title': 'Mr', 'first': 'Erwan', 'last': 'Roussel'}, 'location': {'street': {'number': 5173, 'name': 'Rue des Ecrivains'}, 'city': 'Colombes', 'state': 'Dordogne', 'country': 'France', 'postcode': 71840, 'coordinates': {'latitude': '-17.2373', 'longitude': '-130.5479'}, 'timezone': {'offset': '+4:00', 'description': 'Abu Dhabi, Muscat, Baku, Tbilisi'}}, 'email': 'erwan.roussel@example.com', 'login': {'uuid': '4e98b43a-0667-4c33-85df-c03e414231b5', 'username': 'ticklishwolf811', 'password': 'frederic', 'salt': 'dzyEWmmt', 'md5': 'd8657ff0ea08dbe4c32860a88ef54be1', 'sha1': 'cac665b5bb49a96c3fe588c9da92194c6e20a824', 'sha256': '7d1e268ce0a859ac2e3d17dd1a3b48f0090724e62e2d02fc82e27f7dbbde35d2'}, 'dob': {'date': '1948-01-12T18:33:40.492Z', 'age': 76}, 'registered': {'date': '2006-04-23T00:39:30.535Z', 'age': 18}, 'phone': '02-02-12-07-30', 'cell': '06-50-42-76-31', 'id': {'name': 'INSEE', 'value': '1480029422551 94'}, 'picture': {'large': 'https://randomuser.me/api/portraits/men/89.jpg', 'medium': 'https://randomuser.me/api/portraits/med/men/89.jpg', 'thumbnail': 'https://randomuser.me/api/portraits/thumb/men/89.jpg'}, 'nat': 'FR'}], 'info': {'seed': '51367d64dd740cac', 'results': 1, 'page': 1, 'version': '1.4'}}</msg>
<arg>${json_data}</arg>
<doc>Logs the given message with the given level.</doc>
<status status="PASS" start="2024-06-09T09:15:42.784179" elapsed="0.000302"/>
</kw>
<kw name="Should Be Equal As Numbers" owner="BuiltIn">
<arg>${json_data['results'][0]['location']['postcode']}</arg>
<arg>${json_data['results'][0]['location']['postcode']}</arg>
<doc>Fails if objects are unequal after converting them to real numbers.</doc>
<status status="PASS" start="2024-06-09T09:15:42.784815" elapsed="0.000670"/>
</kw>
<kw name="Log" owner="BuiltIn">
<msg time="2024-06-09T09:15:42.786041" level="INFO">71840</msg>
<arg>${json_data['results'][0]['location']['postcode']}</arg>
<doc>Logs the given message with the given level.</doc>
<status status="PASS" start="2024-06-09T09:15:42.785689" elapsed="0.000394"/>
</kw>
<status status="PASS" start="2024-06-09T09:15:42.690495" elapsed="0.095855"/>
</kw>
<doc>Testa se os tipos de dados na resposta da API estão corretos.</doc>
<tag>testeTiposDados</tag>
<status status="PASS" start="2024-06-09T09:15:42.597822" elapsed="0.188702"/>
</test>
<test id="s1-s1-t5" name="Validar conteudo" line="35">
<kw name="Teste de Tipos de Conteudo" owner="random-user-service">
<kw name="GET On Session" owner="RequestsLibrary">
<msg time="2024-06-09T09:15:42.869713" level="INFO">GET Request : url=https://randomuser.me/api 
 path_url=/api 
 headers={'User-Agent': 'python-requests/2.32.3', 'Accept-Encoding': 'gzip, deflate', 'Accept': '*/*', 'Connection': 'keep-alive'} 
 body=None 
 </msg>
<msg time="2024-06-09T09:15:42.869805" level="INFO">GET Response : url=https://randomuser.me/api 
 status=200, reason=OK 
 headers={'Date': 'Sun, 09 Jun 2024 09:15:42 GMT', 'Content-Type': 'application/json; charset=utf-8', 'Transfer-Encoding': 'chunked', 'Connection': 'keep-alive', 'X-Powered-By': 'Express', 'Access-Control-Allow-Origin': '*', 'Cache-Control': 'no-cache', 'ETag': 'W/"46e-vFEVq3gmSNgBiVbHu1xZ1g4dqsk"', 'Vary': 'Accept-Encoding', 'Content-Encoding': 'gzip', 'CF-Cache-Status': 'DYNAMIC', 'Report-To': '{"endpoints":[{"url":"https:\\/\\/a.nel.cloudflare.com\\/report\\/v4?s=xI1Wo7zzyW9Qbe5vbhe2FrqOb64eGafFqRqsnWWSBZ2M4MmKx1NIyXNTZ2kDWuIqSR0%2FhdL9vdSE2Cmhm39CfSc%2BvmBsRd44dVATMgN%2FBiWu8ercpB7DVSyCt2BOek8N"}],"group":"cf-nel","max_age":604800}', 'NEL': '{"success_fraction":0,"report_to":"cf-nel","max_age":604800}', 'Server': 'cloudflare', 'CF-RAY': '891004c87c555a6f-IAD', 'alt-svc': 'h3=":443"; ma=86400'} 
 body={"results":[{"gender":"female","name":{"title":"Miss","first":"Anusha","last":"Shah"},"location":{"street":{"number":2340,"name":"Altamount Rd"},"city":"Korba","state":"Chandigarh","country":"India","postcode":49846,"coordinates":{"latitude":"7.1804","longitude":"26.8842"},"timezone":{"offset":"-10:00","description":"Hawaii"}},"email":"anusha.shah@example.com","login":{"uuid":"1d513082-7818-4b08-90bb-f4df61b7c517","username":"sadzebra337","password":"pingpong","salt":"FfHTaFea","md5":"9fa2acd3109c313043870f4fc595d8b5","sha1":"3de040221041e5f2c5c8ac7cbe40505f373d9606","sha256":"5525f43777297b5624900e07c91fb7089c4135f8119fff84f4a3976856730470"},"dob":{"date":"1991-04-02T20:01:01.473Z","age":33},"registered":{"date":"2022-04-17T22:17:34.539Z","age":2},"phone":"7747314357","cell":"8452569060","id":{"name":"UIDAI","value":"928952502447"},"picture":{"large":"https://randomuser.me/api/portraits/women/42.jpg","medium":"https://randomuser.me/api/portraits/med/women/42.jpg","thumbnail":"https://randomuser.me/api/portraits/thumb/women/42.jpg"},"nat":"IN"}],"info":{"seed":"a8e490a258c1313c","results":1,"page":1,"version":"1.4"}} 
 </msg>
<msg time="2024-06-09T09:15:42.869873" level="INFO">/opt/hostedtoolcache/Python/3.12.3/x64/lib/python3.12/site-packages/urllib3/connectionpool.py:1103: InsecureRequestWarning: Unverified HTTPS request is being made to host 'randomuser.me'. Adding certificate verification is strongly advised. See: https://urllib3.readthedocs.io/en/latest/advanced-usage.html#tls-warnings
  warnings.warn(</msg>
<msg time="2024-06-09T09:15:42.869993" level="INFO">${response} = &lt;Response [200]&gt;</msg>
<var>${response}</var>
<arg>consultarAPI</arg>
<arg>/api</arg>
<doc>Sends a GET request on a previously created HTTP Session.</doc>
<status status="PASS" start="2024-06-09T09:15:42.789086" elapsed="0.080948"/>
</kw>
<kw name="Set Variable" owner="BuiltIn">
<msg time="2024-06-09T09:15:42.871015" level="INFO">${json_data} = {'results': [{'gender': 'female', 'name': {'title': 'Miss', 'first': 'Anusha', 'last': 'Shah'}, 'location': {'street': {'number': 2340, 'name': 'Altamount Rd'}, 'city': 'Korba', 'state': 'Chandigarh',...</msg>
<var>${json_data}</var>
<arg>${response.json()}</arg>
<doc>Returns the given values which can then be assigned to a variables.</doc>
<status status="PASS" start="2024-06-09T09:15:42.870504" elapsed="0.000542"/>
</kw>
<kw name="Set Variable" owner="BuiltIn">
<msg time="2024-06-09T09:15:42.871799" level="INFO">${name_title} = Miss</msg>
<var>${name_title}</var>
<arg>${json_data["results"][0]["name"]["title"]}</arg>
<doc>Returns the given values which can then be assigned to a variables.</doc>
<status status="PASS" start="2024-06-09T09:15:42.871389" elapsed="0.000437"/>
</kw>
<kw name="Create List" owner="BuiltIn">
<msg time="2024-06-09T09:15:42.872339" level="INFO">${allowed_titles} = ['Mr', 'Ms', 'Miss', 'Mrs', 'Madame', 'Monsieur']</msg>
<var>${allowed_titles}</var>
<arg>Mr</arg>
<arg>Ms</arg>
<arg>Miss</arg>
<arg>Mrs</arg>
<arg>Madame</arg>
<arg>Monsieur</arg>
<doc>Returns a list containing given items.</doc>
<status status="PASS" start="2024-06-09T09:15:42.872142" elapsed="0.000224"/>
</kw>
<kw name="List Should Contain Value" owner="Collections">
<msg time="2024-06-09T09:15:42.872870" level="INFO">False</msg>
<arg>${allowed_titles}</arg>
<arg>${name_title}</arg>
<doc>Fails if the ``value`` is not found from ``list``.</doc>
<status status="PASS" start="2024-06-09T09:15:42.872690" elapsed="0.000218"/>
</kw>
<kw name="Set Variable" owner="BuiltIn">
<msg time="2024-06-09T09:15:42.873792" level="INFO">${name_country} = IN</msg>
<var>${name_country}</var>
<arg>${json_data["results"][0]["nat"]}</arg>
<doc>Returns the given values which can then be assigned to a variables.</doc>
<status status="PASS" start="2024-06-09T09:15:42.873214" elapsed="0.000604"/>
</kw>
<kw name="Create List" owner="BuiltIn">
<msg time="2024-06-09T09:15:42.874738" level="INFO">${list_country} = ['AD', 'AE', 'AF', 'AG', 'AI', 'AL', 'AM', 'AO', 'AQ', 'AR', 'AS', 'AT', 'AU', 'AW', 'AX', 'AZ', 'BA', 'BB', 'BD', 'BE', 'BF', 'BG', 'BH', 'BI', 'BJ', 'BL', 'BM', 'BN', 'BO', 'BQ', 'BR', 'BS', 'BT', '...</msg>
<var>${list_country}</var>
<arg>AD</arg>
<arg>AE</arg>
<arg>AF</arg>
<arg>AG</arg>
<arg>AI</arg>
<arg>AL</arg>
<arg>AM</arg>
<arg>AO</arg>
<arg>AQ</arg>
<arg>AR</arg>
<arg>AS</arg>
<arg>AT</arg>
<arg>AU</arg>
<arg>AW</arg>
<arg>AX</arg>
<arg>AZ</arg>
<arg>BA</arg>
<arg>BB</arg>
<arg>BD</arg>
<arg>BE</arg>
<arg>BF</arg>
<arg>BG</arg>
<arg>BH</arg>
<arg>BI</arg>
<arg>BJ</arg>
<arg>BL</arg>
<arg>BM</arg>
<arg>BN</arg>
<arg>BO</arg>
<arg>BQ</arg>
<arg>BR</arg>
<arg>BS</arg>
<arg>BT</arg>
<arg>BV</arg>
<arg>BW</arg>
<arg>BY</arg>
<arg>BZ</arg>
<arg>CA</arg>
<arg>CC</arg>
<arg>CD</arg>
<arg>CF</arg>
<arg>CG</arg>
<arg>CH</arg>
<arg>CI</arg>
<arg>CK</arg>
<arg>CL</arg>
<arg>CM</arg>
<arg>CN</arg>
<arg>CO</arg>
<arg>CR</arg>
<arg>CU</arg>
<arg>CV</arg>
<arg>CW</arg>
<arg>CX</arg>
<arg>CY</arg>
<arg>CZ</arg>
<arg>DE</arg>
<arg>DJ</arg>
<arg>DK</arg>
<arg>DM</arg>
<arg>DO</arg>
<arg>DZ</arg>
<arg>EC</arg>
<arg>EE</arg>
<arg>EG</arg>
<arg>EH</arg>
<arg>ER</arg>
<arg>ES</arg>
<arg>ET</arg>
<arg>FI</arg>
<arg>FJ</arg>
<arg>FK</arg>
<arg>FM</arg>
<arg>FO</arg>
<arg>FR</arg>
<arg>GA</arg>
<arg>GB</arg>
<arg>GD</arg>
<arg>GE</arg>
<arg>GF</arg>
<arg>GG</arg>
<arg>GH</arg>
<arg>GI</arg>
<arg>GL</arg>
<arg>GM</arg>
<arg>GN</arg>
<arg>GP</arg>
<arg>GQ</arg>
<arg>GR</arg>
<arg>GS</arg>
<arg>GT</arg>
<arg>GU</arg>
<arg>GW</arg>
<arg>GY</arg>
<arg>HK</arg>
<arg>HM</arg>
<arg>HN</arg>
<arg>HR</arg>
<arg>HT</arg>
<arg>HU</arg>
<arg>ID</arg>
<arg>IE</arg>
<arg>IL</arg>
<arg>IM</arg>
<arg>IN</arg>
<arg>IO</arg>
<arg>IQ</arg>
<arg>IR</arg>
<arg>IS</arg>
<arg>IT</arg>
<arg>JE</arg>
<arg>JM</arg>
<arg>JO</arg>
<arg>JP</arg>
<arg>KE</arg>
<arg>KG</arg>
<arg>KH</arg>
<arg>KI</arg>
<arg>KM</arg>
<arg>KN</arg>
<arg>KP</arg>
<arg>KR</arg>
<arg>KW</arg>
<arg>KY</arg>
<arg>KZ</arg>
<arg>LA</arg>
<arg>LB</arg>
<arg>LC</arg>
<arg>LI</arg>
<arg>LK</arg>
<arg>LR</arg>
<arg>LS</arg>
<arg>LT</arg>
<arg>LU</arg>
<arg>LV</arg>
<arg>LY</arg>
<arg>MA</arg>
<arg>MC</arg>
<arg>MD</arg>
<arg>ME</arg>
<arg>MF</arg>
<arg>MG</arg>
<arg>MH</arg>
<arg>MK</arg>
<arg>ML</arg>
<arg>MM</arg>
<arg>MN</arg>
<arg>MO</arg>
<arg>MP</arg>
<arg>MQ</arg>
<arg>MR</arg>
<arg>MS</arg>
<arg>MT</arg>
<arg>MU</arg>
<arg>MV</arg>
<arg>MW</arg>
<arg>MX</arg>
<arg>MY</arg>
<arg>MZ</arg>
<arg>NA</arg>
<arg>NC</arg>
<arg>NE</arg>
<arg>NF</arg>
<arg>NG</arg>
<arg>NI</arg>
<arg>NL</arg>
<arg>NO</arg>
<arg>NP</arg>
<arg>NR</arg>
<arg>NU</arg>
<arg>NZ</arg>
<arg>OM</arg>
<arg>PA</arg>
<arg>PE</arg>
<arg>PF</arg>
<arg>PG</arg>
<arg>PH</arg>
<arg>PK</arg>
<arg>PL</arg>
<arg>PM</arg>
<arg>PN</arg>
<arg>PR</arg>
<arg>PS</arg>
<arg>PT</arg>
<arg>PW</arg>
<arg>PY</arg>
<arg>QA</arg>
<arg>RE</arg>
<arg>RO</arg>
<arg>RS</arg>
<arg>RU</arg>
<arg>RW</arg>
<arg>SA</arg>
<arg>SB</arg>
<arg>SC</arg>
<arg>SD</arg>
<arg>SE</arg>
<arg>SG</arg>
<arg>SH</arg>
<arg>SI</arg>
<arg>SJ</arg>
<arg>SK</arg>
<arg>SL</arg>
<arg>SM</arg>
<arg>SN</arg>
<arg>SO</arg>
<arg>SR</arg>
<arg>SS</arg>
<arg>ST</arg>
<arg>SV</arg>
<arg>SX</arg>
<arg>SY</arg>
<arg>SZ</arg>
<arg>TC</arg>
<arg>TD</arg>
<arg>TF</arg>
<arg>TG</arg>
<arg>TH</arg>
<arg>TJ</arg>
<arg>TK</arg>
<arg>TL</arg>
<arg>TM</arg>
<arg>TN</arg>
<arg>TO</arg>
<arg>TR</arg>
<arg>TT</arg>
<arg>TV</arg>
<arg>TW</arg>
<arg>TZ</arg>
<arg>UA</arg>
<arg>UG</arg>
<arg>UM</arg>
<arg>US</arg>
<arg>UY</arg>
<arg>UZ</arg>
<arg>VA</arg>
<arg>VC</arg>
<arg>VE</arg>
<arg>VG</arg>
<arg>VI</arg>
<arg>VN</arg>
<arg>VU</arg>
<arg>WF</arg>
<arg>WS</arg>
<arg>XK</arg>
<arg>YE</arg>
<arg>YT</arg>
<arg>ZA</arg>
<arg>ZM</arg>
<arg>ZW</arg>
<doc>Returns a list containing given items.</doc>
<status status="PASS" start="2024-06-09T09:15:42.874138" elapsed="0.000626"/>
</kw>
<kw name="List Should Contain Value" owner="Collections">
<msg time="2024-06-09T09:15:42.875767" level="INFO">False</msg>
<arg>${list_country}</arg>
<arg>${name_country}</arg>
<doc>Fails if the ``value`` is not found from ``list``.</doc>
<status status="PASS" start="2024-06-09T09:15:42.875557" elapsed="0.000248"/>
</kw>
<kw name="Run Keyword If" owner="BuiltIn">
<kw name="Should Be True" owner="BuiltIn">
<arg>${True}</arg>
<doc>Fails if the given condition is not true.</doc>
<status status="PASS" start="2024-06-09T09:15:42.876922" elapsed="0.000146"/>
</kw>
<arg>${json_data["results"][0]["location"]["coordinates"]["latitude"]} &gt;= -90 and ${json_data["results"][0]["location"]["coordinates"]["latitude"]} &lt;= 90</arg>
<arg>Should Be True</arg>
<arg>${True}</arg>
<doc>Runs the given keyword with the given arguments, if ``condition`` is true.</doc>
<status status="PASS" start="2024-06-09T09:15:42.876124" elapsed="0.001072"/>
</kw>
<kw name="Run Keyword If" owner="BuiltIn">
<kw name="Should Be True" owner="BuiltIn">
<arg>${True}</arg>
<doc>Fails if the given condition is not true.</doc>
<status status="PASS" start="2024-06-09T09:15:42.878096" elapsed="0.000137"/>
</kw>
<arg>${json_data["results"][0]["location"]["coordinates"]["longitude"]} &gt;= -180 and ${json_data["results"][0]["location"]["coordinates"]["longitude"]} &lt;= 180</arg>
<arg>Should Be True</arg>
<arg>${True}</arg>
<doc>Runs the given keyword with the given arguments, if ``condition`` is true.</doc>
<status status="PASS" start="2024-06-09T09:15:42.877393" elapsed="0.000963"/>
</kw>
<status status="PASS" start="2024-06-09T09:15:42.788844" elapsed="0.089648"/>
</kw>
<doc>Testa o conteúdo específico dos campos retornados pela API.</doc>
<tag>testeConteudo</tag>
<status status="PASS" start="2024-06-09T09:15:42.788343" elapsed="0.090301"/>
</test>
<status status="PASS" start="2024-06-09T09:15:42.074908" elapsed="0.805677"/>
</suite>
<status status="PASS" start="2024-06-09T09:15:42.061710" elapsed="0.824067"/>
</suite>
<statistics>
<total>
<stat pass="5" fail="0" skip="0">All Tests</stat>
</total>
<tag>
<stat pass="1" fail="0" skip="0">testeConteudo</stat>
<stat pass="1" fail="0" skip="0">testeEstruturaResposta</stat>
<stat pass="1" fail="0" skip="0">testeRequisicaoBasica</stat>
<stat pass="1" fail="0" skip="0">testeTiposDados</stat>
</tag>
<suite>
<stat pass="5" fail="0" skip="0" id="s1" name="Tests">Tests</stat>
<stat pass="5" fail="0" skip="0" id="s1-s1" name="Random-User-Test">Tests.Random-User-Test</stat>
</suite>
</statistics>
<errors>
</errors>
</robot>
