<?xml version="1.0" encoding="UTF-8"?>
<robot generator="Robot 7.0 (Python 3.12.3 on linux)" generated="2024-06-04T16:19:14.038388" rpa="false" schemaversion="5">
<suite id="s1" name="Tests" source="/home/runner/work/ApiRandomUser/ApiRandomUser/RamdonUser/tests">
<suite id="s1-s1" name="Random-User-Test" source="/home/runner/work/ApiRandomUser/ApiRandomUser/RamdonUser/tests/random-user-test.robot">
<test id="s1-s1-t1" name="Conectar" line="13">
<kw name="Conectar API" owner="random-user-service">
<kw name="Create Session" owner="RequestsLibrary">
<msg time="2024-06-04T16:19:14.418630" level="INFO">Creating Session using : alias=consultarAPI, url=https://randomuser.me/, headers={},                     cookies={}, auth=None, timeout=None, proxies=None, verify=False,                     debug=0 </msg>
<arg>consultarAPI</arg>
<arg>${URL}</arg>
<doc>Create Session: create a HTTP session to a server</doc>
<status status="PASS" start="2024-06-04T16:19:14.418430" elapsed="0.000368"/>
</kw>
<status status="PASS" start="2024-06-04T16:19:14.417491" elapsed="0.001662"/>
</kw>
<status status="PASS" start="2024-06-04T16:19:14.416915" elapsed="0.002485"/>
</test>
<test id="s1-s1-t2" name="Validar retorno 200 e JSON Válido" line="16">
<kw name="Teste de Requisicao Basica" owner="random-user-service">
<kw name="GET On Session" owner="RequestsLibrary">
<msg time="2024-06-04T16:19:14.539021" level="INFO">GET Request : url=https://randomuser.me/api 
 path_url=/api 
 headers={'User-Agent': 'python-requests/2.32.3', 'Accept-Encoding': 'gzip, deflate', 'Accept': '*/*', 'Connection': 'keep-alive'} 
 body=None 
 </msg>
<msg time="2024-06-04T16:19:14.539130" level="INFO">GET Response : url=https://randomuser.me/api 
 status=200, reason=OK 
 headers={'Date': 'Tue, 04 Jun 2024 16:19:14 GMT', 'Content-Type': 'application/json; charset=utf-8', 'Transfer-Encoding': 'chunked', 'Connection': 'keep-alive', 'X-Powered-By': 'Express', 'Access-Control-Allow-Origin': '*', 'Cache-Control': 'no-cache', 'ETag': 'W/"495-lQt+rRbMMaKMUoguEdp8E1Mtc9A"', 'Vary': 'Accept-Encoding', 'Content-Encoding': 'gzip', 'CF-Cache-Status': 'DYNAMIC', 'Report-To': '{"endpoints":[{"url":"https:\\/\\/a.nel.cloudflare.com\\/report\\/v4?s=gQwDDqA0d7fRhOPoMzsbbPXdf8ic4%2FbT8Wc5bafLwpspZtPByxSdAT5XmDr%2Bskx%2BHnfWigLOMp4H6Eg2X8YveZwOnHq2usDwGzTmR%2FU73o4hH0WrExrs1OWH%2F3XY7Dwk"}],"group":"cf-nel","max_age":604800}', 'NEL': '{"success_fraction":0,"report_to":"cf-nel","max_age":604800}', 'Server': 'cloudflare', 'CF-RAY': '88e93e4f7f5c6076-ORD', 'alt-svc': 'h3=":443"; ma=86400'} 
 body={"results":[{"gender":"male","name":{"title":"Mr","first":"Claude","last":"Meyer"},"location":{"street":{"number":7482,"name":"Green Rd"},"city":"Salt Lake City","state":"New Hampshire","country":"United States","postcode":71306,"coordinates":{"latitude":"86.9680","longitude":"-169.7616"},"timezone":{"offset":"-7:00","description":"Mountain Time (US &amp; Canada)"}},"email":"claude.meyer@example.com","login":{"uuid":"292b5c9a-d0e2-4e3e-9ff8-cae8f375833b","username":"whiteleopard780","password":"vibrate","salt":"Yc4k4l6w","md5":"d88ad68b2868d04ee98c7b99b4b70a9a","sha1":"f4192a30dac2431779dceb5624822e4d5183bc74","sha256":"b52ea241a856effca32d10b39fd76726b7b6b70493292cbb337bf86b0500d640"},"dob":{"date":"1982-11-25T05:09:18.769Z","age":41},"registered":{"date":"2020-02-29T01:31:44.585Z","age":4},"phone":"(924) 452-2772","cell":"(832) 872-2376","id":{"name":"SSN","value":"541-26-1141"},"picture":{"large":"https://randomuser.me/api/portraits/men/54.jpg","medium":"https://randomuser.me/api/portraits/med/men/54.jpg","thumbnail":"https://randomuser.me/api/portraits/thumb/men/54.jpg"},"nat":"US"}],"info":{"seed":"db4cfe75c7f6d8d3","results":1,"page":1,"version":"1.4"}} 
 </msg>
<msg time="2024-06-04T16:19:14.539206" level="INFO">/opt/hostedtoolcache/Python/3.12.3/x64/lib/python3.12/site-packages/urllib3/connectionpool.py:1103: InsecureRequestWarning: Unverified HTTPS request is being made to host 'randomuser.me'. Adding certificate verification is strongly advised. See: https://urllib3.readthedocs.io/en/latest/advanced-usage.html#tls-warnings
  warnings.warn(</msg>
<msg time="2024-06-04T16:19:14.539343" level="INFO">${response} = &lt;Response [200]&gt;</msg>
<var>${response}</var>
<arg>consultarAPI</arg>
<arg>/api</arg>
<doc>Sends a GET request on a previously created HTTP Session.</doc>
<status status="PASS" start="2024-06-04T16:19:14.422019" elapsed="0.117371"/>
</kw>
<kw name="Should Be Equal As Numbers" owner="BuiltIn">
<msg time="2024-06-04T16:19:14.540544" level="INFO">Argument types are:
&lt;class 'int'&gt;
&lt;class 'str'&gt;</msg>
<arg>${response.status_code}</arg>
<arg>200</arg>
<doc>Fails if objects are unequal after converting them to real numbers.</doc>
<status status="PASS" start="2024-06-04T16:19:14.539942" elapsed="0.000694"/>
</kw>
<kw name="Log" owner="BuiltIn">
<msg time="2024-06-04T16:19:14.541443" level="INFO">200</msg>
<arg>${response.status_code}</arg>
<doc>Logs the given message with the given level.</doc>
<status status="PASS" start="2024-06-04T16:19:14.541080" elapsed="0.000413"/>
</kw>
<kw name="Set Variable" owner="BuiltIn">
<msg time="2024-06-04T16:19:14.542241" level="INFO">${json_data} = {'results': [{'gender': 'male', 'name': {'title': 'Mr', 'first': 'Claude', 'last': 'Meyer'}, 'location': {'street': {'number': 7482, 'name': 'Green Rd'}, 'city': 'Salt Lake City', 'state': 'New Hampsh...</msg>
<var>${json_data}</var>
<arg>${response.json()}</arg>
<doc>Returns the given values which can then be assigned to a variables.</doc>
<status status="PASS" start="2024-06-04T16:19:14.541809" elapsed="0.000461"/>
</kw>
<kw name="Dictionary Should Contain Key" owner="Collections">
<msg time="2024-06-04T16:19:14.542742" level="INFO">False</msg>
<arg>${json_data}</arg>
<arg>results</arg>
<doc>Fails if ``key`` is not found from ``dictionary``.</doc>
<status status="PASS" start="2024-06-04T16:19:14.542576" elapsed="0.000206"/>
</kw>
<status status="PASS" start="2024-06-04T16:19:14.421779" elapsed="0.121266"/>
</kw>
<doc>Testa se a API responde corretamente e retorna um objeto JSON válido.</doc>
<tag>testeRequisicaoBasica</tag>
<status status="PASS" start="2024-06-04T16:19:14.421265" elapsed="0.121952"/>
</test>
<test id="s1-s1-t3" name="Validar estrutura de resposta" line="22">
<kw name="Teste de Estrutura de Resposta" owner="random-user-service">
<kw name="GET On Session" owner="RequestsLibrary">
<msg time="2024-06-04T16:19:14.642394" level="INFO">GET Request : url=https://randomuser.me/api 
 path_url=/api 
 headers={'User-Agent': 'python-requests/2.32.3', 'Accept-Encoding': 'gzip, deflate', 'Accept': '*/*', 'Connection': 'keep-alive'} 
 body=None 
 </msg>
<msg time="2024-06-04T16:19:14.642486" level="INFO">GET Response : url=https://randomuser.me/api 
 status=200, reason=OK 
 headers={'Date': 'Tue, 04 Jun 2024 16:19:14 GMT', 'Content-Type': 'application/json; charset=utf-8', 'Transfer-Encoding': 'chunked', 'Connection': 'keep-alive', 'X-Powered-By': 'Express', 'Access-Control-Allow-Origin': '*', 'Cache-Control': 'no-cache', 'ETag': 'W/"48a-FEysxAkEB52Ny8BsJKmFmo5FxdU"', 'Vary': 'Accept-Encoding', 'Content-Encoding': 'gzip', 'CF-Cache-Status': 'DYNAMIC', 'Report-To': '{"endpoints":[{"url":"https:\\/\\/a.nel.cloudflare.com\\/report\\/v4?s=hmWMGFbmIMBYyRBTQYb%2Fgh%2BpGp6HzbrqDeB74RqrLcCGjIDEa3OQ%2FG0WiKyOmLFHOaxg0xy2M8iv1csjH6EZosPSbllpG2Tr848soBQjsSOfTtkgdufSj%2FzQjCAC4sTE"}],"group":"cf-nel","max_age":604800}', 'NEL': '{"success_fraction":0,"report_to":"cf-nel","max_age":604800}', 'Server': 'cloudflare', 'CF-RAY': '88e93e4fe80f6076-ORD', 'alt-svc': 'h3=":443"; ma=86400'} 
 body={"results":[{"gender":"female","name":{"title":"Ms","first":"Elenara","last":"Moura"},"location":{"street":{"number":6655,"name":"Rua Rio de Janeiro "},"city":"Sapucaia do Sul","state":"Paraná","country":"Brazil","postcode":12599,"coordinates":{"latitude":"-79.0453","longitude":"35.7130"},"timezone":{"offset":"-10:00","description":"Hawaii"}},"email":"elenara.moura@example.com","login":{"uuid":"4ab1a9c7-06eb-406e-877e-f3762ca74eb5","username":"whitewolf271","password":"jupiter","salt":"z3Sdy5aD","md5":"9d6ca0ca136aef9dde3fe618d1979d82","sha1":"bf600b93436ab70304a316dada8e95b6dc8f3181","sha256":"206cc7a36468e3d59c2305a3f4735e22ee75ff6f5c71d90994ac72dc465cda12"},"dob":{"date":"1969-12-18T07:20:24.241Z","age":54},"registered":{"date":"2010-02-13T00:43:17.283Z","age":14},"phone":"(76) 4297-3746","cell":"(33) 9290-2266","id":{"name":"CPF","value":"730.490.888-73"},"picture":{"large":"https://randomuser.me/api/portraits/women/15.jpg","medium":"https://randomuser.me/api/portraits/med/women/15.jpg","thumbnail":"https://randomuser.me/api/portraits/thumb/women/15.jpg"},"nat":"BR"}],"info":{"seed":"7c6b7c80be3144a5","results":1,"page":1,"version":"1.4"}} 
 </msg>
<msg time="2024-06-04T16:19:14.642617" level="INFO">/opt/hostedtoolcache/Python/3.12.3/x64/lib/python3.12/site-packages/urllib3/connectionpool.py:1103: InsecureRequestWarning: Unverified HTTPS request is being made to host 'randomuser.me'. Adding certificate verification is strongly advised. See: https://urllib3.readthedocs.io/en/latest/advanced-usage.html#tls-warnings
  warnings.warn(</msg>
<msg time="2024-06-04T16:19:14.642748" level="INFO">${response} = &lt;Response [200]&gt;</msg>
<var>${response}</var>
<arg>consultarAPI</arg>
<arg>/api</arg>
<doc>Sends a GET request on a previously created HTTP Session.</doc>
<status status="PASS" start="2024-06-04T16:19:14.545871" elapsed="0.096929"/>
</kw>
<kw name="Set Variable" owner="BuiltIn">
<msg time="2024-06-04T16:19:14.643804" level="INFO">${json_data} = {'results': [{'gender': 'female', 'name': {'title': 'Ms', 'first': 'Elenara', 'last': 'Moura'}, 'location': {'street': {'number': 6655, 'name': 'Rua Rio de Janeiro '}, 'city': 'Sapucaia do Sul', 'stat...</msg>
<var>${json_data}</var>
<arg>${response.json()}</arg>
<doc>Returns the given values which can then be assigned to a variables.</doc>
<status status="PASS" start="2024-06-04T16:19:14.643279" elapsed="0.000555"/>
</kw>
<kw name="Log" owner="BuiltIn">
<msg time="2024-06-04T16:19:14.644312" level="INFO">{'results': [{'gender': 'female', 'name': {'title': 'Ms', 'first': 'Elenara', 'last': 'Moura'}, 'location': {'street': {'number': 6655, 'name': 'Rua Rio de Janeiro '}, 'city': 'Sapucaia do Sul', 'state': 'Paraná', 'country': 'Brazil', 'postcode': 12599, 'coordinates': {'latitude': '-79.0453', 'longitude': '35.7130'}, 'timezone': {'offset': '-10:00', 'description': 'Hawaii'}}, 'email': 'elenara.moura@example.com', 'login': {'uuid': '4ab1a9c7-06eb-406e-877e-f3762ca74eb5', 'username': 'whitewolf271', 'password': 'jupiter', 'salt': 'z3Sdy5aD', 'md5': '9d6ca0ca136aef9dde3fe618d1979d82', 'sha1': 'bf600b93436ab70304a316dada8e95b6dc8f3181', 'sha256': '206cc7a36468e3d59c2305a3f4735e22ee75ff6f5c71d90994ac72dc465cda12'}, 'dob': {'date': '1969-12-18T07:20:24.241Z', 'age': 54}, 'registered': {'date': '2010-02-13T00:43:17.283Z', 'age': 14}, 'phone': '(76) 4297-3746', 'cell': '(33) 9290-2266', 'id': {'name': 'CPF', 'value': '730.490.888-73'}, 'picture': {'large': 'https://randomuser.me/api/portraits/women/15.jpg', 'medium': 'https://randomuser.me/api/portraits/med/women/15.jpg', 'thumbnail': 'https://randomuser.me/api/portraits/thumb/women/15.jpg'}, 'nat': 'BR'}], 'info': {'seed': '7c6b7c80be3144a5', 'results': 1, 'page': 1, 'version': '1.4'}}</msg>
<arg>${json_data}</arg>
<doc>Logs the given message with the given level.</doc>
<status status="PASS" start="2024-06-04T16:19:14.644150" elapsed="0.000218"/>
</kw>
<kw name="Dictionary Should Contain Key" owner="Collections">
<msg time="2024-06-04T16:19:14.644824" level="INFO">False</msg>
<arg>${json_data}</arg>
<arg>results</arg>
<doc>Fails if ``key`` is not found from ``dictionary``.</doc>
<status status="PASS" start="2024-06-04T16:19:14.644671" elapsed="0.000192"/>
</kw>
<kw name="Should Not Be Empty" owner="BuiltIn">
<msg time="2024-06-04T16:19:14.645298" level="INFO">Length is 2.</msg>
<arg>${json_data}</arg>
<doc>Verifies that the given item is not empty.</doc>
<status status="PASS" start="2024-06-04T16:19:14.645165" elapsed="0.000173"/>
</kw>
<kw name="Create List" owner="BuiltIn">
<msg time="2024-06-04T16:19:14.645921" level="INFO">${expected_keys} = ['gender', 'name', 'location', 'email', 'login']</msg>
<var>${expected_keys}</var>
<arg>gender</arg>
<arg>name</arg>
<arg>location</arg>
<arg>email</arg>
<arg>login</arg>
<doc>Returns a list containing given items.</doc>
<status status="PASS" start="2024-06-04T16:19:14.645633" elapsed="0.000314"/>
</kw>
<for flavor="IN">
<iter>
<kw name="Dictionary Should Contain Key" owner="Collections">
<msg time="2024-06-04T16:19:14.646944" level="INFO">False</msg>
<arg>${json_data['results'][0]}</arg>
<arg>${key}</arg>
<doc>Fails if ``key`` is not found from ``dictionary``.</doc>
<status status="PASS" start="2024-06-04T16:19:14.646536" elapsed="0.000447"/>
</kw>
<kw name="Log" owner="BuiltIn">
<msg time="2024-06-04T16:19:14.647695" level="INFO">{'gender': 'female', 'name': {'title': 'Ms', 'first': 'Elenara', 'last': 'Moura'}, 'location': {'street': {'number': 6655, 'name': 'Rua Rio de Janeiro '}, 'city': 'Sapucaia do Sul', 'state': 'Paraná', 'country': 'Brazil', 'postcode': 12599, 'coordinates': {'latitude': '-79.0453', 'longitude': '35.7130'}, 'timezone': {'offset': '-10:00', 'description': 'Hawaii'}}, 'email': 'elenara.moura@example.com', 'login': {'uuid': '4ab1a9c7-06eb-406e-877e-f3762ca74eb5', 'username': 'whitewolf271', 'password': 'jupiter', 'salt': 'z3Sdy5aD', 'md5': '9d6ca0ca136aef9dde3fe618d1979d82', 'sha1': 'bf600b93436ab70304a316dada8e95b6dc8f3181', 'sha256': '206cc7a36468e3d59c2305a3f4735e22ee75ff6f5c71d90994ac72dc465cda12'}, 'dob': {'date': '1969-12-18T07:20:24.241Z', 'age': 54}, 'registered': {'date': '2010-02-13T00:43:17.283Z', 'age': 14}, 'phone': '(76) 4297-3746', 'cell': '(33) 9290-2266', 'id': {'name': 'CPF', 'value': '730.490.888-73'}, 'picture': {'large': 'https://randomuser.me/api/portraits/women/15.jpg', 'medium': 'https://randomuser.me/api/portraits/med/women/15.jpg', 'thumbnail': 'https://randomuser.me/api/portraits/thumb/women/15.jpg'}, 'nat': 'BR'}</msg>
<arg>${json_data['results'][0]}</arg>
<doc>Logs the given message with the given level.</doc>
<status status="PASS" start="2024-06-04T16:19:14.647285" elapsed="0.000463"/>
</kw>
<kw name="Log" owner="BuiltIn">
<msg time="2024-06-04T16:19:14.648181" level="INFO">gender</msg>
<arg>${key}</arg>
<doc>Logs the given message with the given level.</doc>
<status status="PASS" start="2024-06-04T16:19:14.648050" elapsed="0.000169"/>
</kw>
<var name="${key}">gender</var>
<status status="PASS" start="2024-06-04T16:19:14.646406" elapsed="0.002034"/>
</iter>
<iter>
<kw name="Dictionary Should Contain Key" owner="Collections">
<msg time="2024-06-04T16:19:14.649130" level="INFO">False</msg>
<arg>${json_data['results'][0]}</arg>
<arg>${key}</arg>
<doc>Fails if ``key`` is not found from ``dictionary``.</doc>
<status status="PASS" start="2024-06-04T16:19:14.648743" elapsed="0.000424"/>
</kw>
<kw name="Log" owner="BuiltIn">
<msg time="2024-06-04T16:19:14.649864" level="INFO">{'gender': 'female', 'name': {'title': 'Ms', 'first': 'Elenara', 'last': 'Moura'}, 'location': {'street': {'number': 6655, 'name': 'Rua Rio de Janeiro '}, 'city': 'Sapucaia do Sul', 'state': 'Paraná', 'country': 'Brazil', 'postcode': 12599, 'coordinates': {'latitude': '-79.0453', 'longitude': '35.7130'}, 'timezone': {'offset': '-10:00', 'description': 'Hawaii'}}, 'email': 'elenara.moura@example.com', 'login': {'uuid': '4ab1a9c7-06eb-406e-877e-f3762ca74eb5', 'username': 'whitewolf271', 'password': 'jupiter', 'salt': 'z3Sdy5aD', 'md5': '9d6ca0ca136aef9dde3fe618d1979d82', 'sha1': 'bf600b93436ab70304a316dada8e95b6dc8f3181', 'sha256': '206cc7a36468e3d59c2305a3f4735e22ee75ff6f5c71d90994ac72dc465cda12'}, 'dob': {'date': '1969-12-18T07:20:24.241Z', 'age': 54}, 'registered': {'date': '2010-02-13T00:43:17.283Z', 'age': 14}, 'phone': '(76) 4297-3746', 'cell': '(33) 9290-2266', 'id': {'name': 'CPF', 'value': '730.490.888-73'}, 'picture': {'large': 'https://randomuser.me/api/portraits/women/15.jpg', 'medium': 'https://randomuser.me/api/portraits/med/women/15.jpg', 'thumbnail': 'https://randomuser.me/api/portraits/thumb/women/15.jpg'}, 'nat': 'BR'}</msg>
<arg>${json_data['results'][0]}</arg>
<doc>Logs the given message with the given level.</doc>
<status status="PASS" start="2024-06-04T16:19:14.649492" elapsed="0.000431"/>
</kw>
<kw name="Log" owner="BuiltIn">
<msg time="2024-06-04T16:19:14.650352" level="INFO">name</msg>
<arg>${key}</arg>
<doc>Logs the given message with the given level.</doc>
<status status="PASS" start="2024-06-04T16:19:14.650225" elapsed="0.000165"/>
</kw>
<var name="${key}">name</var>
<status status="PASS" start="2024-06-04T16:19:14.648627" elapsed="0.001994"/>
</iter>
<iter>
<kw name="Dictionary Should Contain Key" owner="Collections">
<msg time="2024-06-04T16:19:14.651289" level="INFO">False</msg>
<arg>${json_data['results'][0]}</arg>
<arg>${key}</arg>
<doc>Fails if ``key`` is not found from ``dictionary``.</doc>
<status status="PASS" start="2024-06-04T16:19:14.650911" elapsed="0.000437"/>
</kw>
<kw name="Log" owner="BuiltIn">
<msg time="2024-06-04T16:19:14.652014" level="INFO">{'gender': 'female', 'name': {'title': 'Ms', 'first': 'Elenara', 'last': 'Moura'}, 'location': {'street': {'number': 6655, 'name': 'Rua Rio de Janeiro '}, 'city': 'Sapucaia do Sul', 'state': 'Paraná', 'country': 'Brazil', 'postcode': 12599, 'coordinates': {'latitude': '-79.0453', 'longitude': '35.7130'}, 'timezone': {'offset': '-10:00', 'description': 'Hawaii'}}, 'email': 'elenara.moura@example.com', 'login': {'uuid': '4ab1a9c7-06eb-406e-877e-f3762ca74eb5', 'username': 'whitewolf271', 'password': 'jupiter', 'salt': 'z3Sdy5aD', 'md5': '9d6ca0ca136aef9dde3fe618d1979d82', 'sha1': 'bf600b93436ab70304a316dada8e95b6dc8f3181', 'sha256': '206cc7a36468e3d59c2305a3f4735e22ee75ff6f5c71d90994ac72dc465cda12'}, 'dob': {'date': '1969-12-18T07:20:24.241Z', 'age': 54}, 'registered': {'date': '2010-02-13T00:43:17.283Z', 'age': 14}, 'phone': '(76) 4297-3746', 'cell': '(33) 9290-2266', 'id': {'name': 'CPF', 'value': '730.490.888-73'}, 'picture': {'large': 'https://randomuser.me/api/portraits/women/15.jpg', 'medium': 'https://randomuser.me/api/portraits/med/women/15.jpg', 'thumbnail': 'https://randomuser.me/api/portraits/thumb/women/15.jpg'}, 'nat': 'BR'}</msg>
<arg>${json_data['results'][0]}</arg>
<doc>Logs the given message with the given level.</doc>
<status status="PASS" start="2024-06-04T16:19:14.651655" elapsed="0.000410"/>
</kw>
<kw name="Log" owner="BuiltIn">
<msg time="2024-06-04T16:19:14.652495" level="INFO">location</msg>
<arg>${key}</arg>
<doc>Logs the given message with the given level.</doc>
<status status="PASS" start="2024-06-04T16:19:14.652368" elapsed="0.000166"/>
</kw>
<var name="${key}">location</var>
<status status="PASS" start="2024-06-04T16:19:14.650799" elapsed="0.001951"/>
</iter>
<iter>
<kw name="Dictionary Should Contain Key" owner="Collections">
<msg time="2024-06-04T16:19:14.653419" level="INFO">False</msg>
<arg>${json_data['results'][0]}</arg>
<arg>${key}</arg>
<doc>Fails if ``key`` is not found from ``dictionary``.</doc>
<status status="PASS" start="2024-06-04T16:19:14.653038" elapsed="0.000419"/>
</kw>
<kw name="Log" owner="BuiltIn">
<msg time="2024-06-04T16:19:14.654112" level="INFO">{'gender': 'female', 'name': {'title': 'Ms', 'first': 'Elenara', 'last': 'Moura'}, 'location': {'street': {'number': 6655, 'name': 'Rua Rio de Janeiro '}, 'city': 'Sapucaia do Sul', 'state': 'Paraná', 'country': 'Brazil', 'postcode': 12599, 'coordinates': {'latitude': '-79.0453', 'longitude': '35.7130'}, 'timezone': {'offset': '-10:00', 'description': 'Hawaii'}}, 'email': 'elenara.moura@example.com', 'login': {'uuid': '4ab1a9c7-06eb-406e-877e-f3762ca74eb5', 'username': 'whitewolf271', 'password': 'jupiter', 'salt': 'z3Sdy5aD', 'md5': '9d6ca0ca136aef9dde3fe618d1979d82', 'sha1': 'bf600b93436ab70304a316dada8e95b6dc8f3181', 'sha256': '206cc7a36468e3d59c2305a3f4735e22ee75ff6f5c71d90994ac72dc465cda12'}, 'dob': {'date': '1969-12-18T07:20:24.241Z', 'age': 54}, 'registered': {'date': '2010-02-13T00:43:17.283Z', 'age': 14}, 'phone': '(76) 4297-3746', 'cell': '(33) 9290-2266', 'id': {'name': 'CPF', 'value': '730.490.888-73'}, 'picture': {'large': 'https://randomuser.me/api/portraits/women/15.jpg', 'medium': 'https://randomuser.me/api/portraits/med/women/15.jpg', 'thumbnail': 'https://randomuser.me/api/portraits/thumb/women/15.jpg'}, 'nat': 'BR'}</msg>
<arg>${json_data['results'][0]}</arg>
<doc>Logs the given message with the given level.</doc>
<status status="PASS" start="2024-06-04T16:19:14.653754" elapsed="0.000418"/>
</kw>
<kw name="Log" owner="BuiltIn">
<msg time="2024-06-04T16:19:14.654595" level="INFO">email</msg>
<arg>${key}</arg>
<doc>Logs the given message with the given level.</doc>
<status status="PASS" start="2024-06-04T16:19:14.654467" elapsed="0.000172"/>
</kw>
<var name="${key}">email</var>
<status status="PASS" start="2024-06-04T16:19:14.652922" elapsed="0.001933"/>
</iter>
<iter>
<kw name="Dictionary Should Contain Key" owner="Collections">
<msg time="2024-06-04T16:19:14.655548" level="INFO">False</msg>
<arg>${json_data['results'][0]}</arg>
<arg>${key}</arg>
<doc>Fails if ``key`` is not found from ``dictionary``.</doc>
<status status="PASS" start="2024-06-04T16:19:14.655138" elapsed="0.000448"/>
</kw>
<kw name="Log" owner="BuiltIn">
<msg time="2024-06-04T16:19:14.656249" level="INFO">{'gender': 'female', 'name': {'title': 'Ms', 'first': 'Elenara', 'last': 'Moura'}, 'location': {'street': {'number': 6655, 'name': 'Rua Rio de Janeiro '}, 'city': 'Sapucaia do Sul', 'state': 'Paraná', 'country': 'Brazil', 'postcode': 12599, 'coordinates': {'latitude': '-79.0453', 'longitude': '35.7130'}, 'timezone': {'offset': '-10:00', 'description': 'Hawaii'}}, 'email': 'elenara.moura@example.com', 'login': {'uuid': '4ab1a9c7-06eb-406e-877e-f3762ca74eb5', 'username': 'whitewolf271', 'password': 'jupiter', 'salt': 'z3Sdy5aD', 'md5': '9d6ca0ca136aef9dde3fe618d1979d82', 'sha1': 'bf600b93436ab70304a316dada8e95b6dc8f3181', 'sha256': '206cc7a36468e3d59c2305a3f4735e22ee75ff6f5c71d90994ac72dc465cda12'}, 'dob': {'date': '1969-12-18T07:20:24.241Z', 'age': 54}, 'registered': {'date': '2010-02-13T00:43:17.283Z', 'age': 14}, 'phone': '(76) 4297-3746', 'cell': '(33) 9290-2266', 'id': {'name': 'CPF', 'value': '730.490.888-73'}, 'picture': {'large': 'https://randomuser.me/api/portraits/women/15.jpg', 'medium': 'https://randomuser.me/api/portraits/med/women/15.jpg', 'thumbnail': 'https://randomuser.me/api/portraits/thumb/women/15.jpg'}, 'nat': 'BR'}</msg>
<arg>${json_data['results'][0]}</arg>
<doc>Logs the given message with the given level.</doc>
<status status="PASS" start="2024-06-04T16:19:14.655880" elapsed="0.000421"/>
</kw>
<kw name="Log" owner="BuiltIn">
<msg time="2024-06-04T16:19:14.656721" level="INFO">login</msg>
<arg>${key}</arg>
<doc>Logs the given message with the given level.</doc>
<status status="PASS" start="2024-06-04T16:19:14.656594" elapsed="0.000165"/>
</kw>
<var name="${key}">login</var>
<status status="PASS" start="2024-06-04T16:19:14.655026" elapsed="0.001970"/>
</iter>
<var>${key}</var>
<value>@{expected_keys}</value>
<status status="PASS" start="2024-06-04T16:19:14.646214" elapsed="0.010908"/>
</for>
<kw name="Create List" owner="BuiltIn">
<msg time="2024-06-04T16:19:14.657455" level="INFO">${expected_keysTwo} = ['username', 'password']</msg>
<var>${expected_keysTwo}</var>
<arg>username</arg>
<arg>password</arg>
<doc>Returns a list containing given items.</doc>
<status status="PASS" start="2024-06-04T16:19:14.657317" elapsed="0.000162"/>
</kw>
<for flavor="IN">
<iter>
<kw name="Dictionary Should Contain Key" owner="Collections">
<msg time="2024-06-04T16:19:14.658352" level="INFO">False</msg>
<arg>${json_data['results'][0]['login']}</arg>
<arg>${keyTwo}</arg>
<doc>Fails if ``key`` is not found from ``dictionary``.</doc>
<status status="PASS" start="2024-06-04T16:19:14.657975" elapsed="0.000414"/>
</kw>
<kw name="Dictionary Should Contain Key" owner="Collections">
<msg time="2024-06-04T16:19:14.659070" level="INFO">False</msg>
<arg>${json_data['results'][0]['login']}</arg>
<arg>${keyTwo}</arg>
<doc>Fails if ``key`` is not found from ``dictionary``.</doc>
<status status="PASS" start="2024-06-04T16:19:14.658682" elapsed="0.000477"/>
</kw>
<kw name="Log" owner="BuiltIn">
<msg time="2024-06-04T16:19:14.659629" level="INFO">username</msg>
<arg>${keyTwo}</arg>
<doc>Logs the given message with the given level.</doc>
<status status="PASS" start="2024-06-04T16:19:14.659497" elapsed="0.000171"/>
</kw>
<var name="${keyTwo}">username</var>
<status status="PASS" start="2024-06-04T16:19:14.657866" elapsed="0.002019"/>
</iter>
<iter>
<kw name="Dictionary Should Contain Key" owner="Collections">
<msg time="2024-06-04T16:19:14.660544" level="INFO">False</msg>
<arg>${json_data['results'][0]['login']}</arg>
<arg>${keyTwo}</arg>
<doc>Fails if ``key`` is not found from ``dictionary``.</doc>
<status status="PASS" start="2024-06-04T16:19:14.660172" elapsed="0.000417"/>
</kw>
<kw name="Dictionary Should Contain Key" owner="Collections">
<msg time="2024-06-04T16:19:14.661337" level="INFO">False</msg>
<arg>${json_data['results'][0]['login']}</arg>
<arg>${keyTwo}</arg>
<doc>Fails if ``key`` is not found from ``dictionary``.</doc>
<status status="PASS" start="2024-06-04T16:19:14.660882" elapsed="0.000494"/>
</kw>
<kw name="Log" owner="BuiltIn">
<msg time="2024-06-04T16:19:14.661802" level="INFO">password</msg>
<arg>${keyTwo}</arg>
<doc>Logs the given message with the given level.</doc>
<status status="PASS" start="2024-06-04T16:19:14.661676" elapsed="0.000163"/>
</kw>
<var name="${keyTwo}">password</var>
<status status="PASS" start="2024-06-04T16:19:14.660057" elapsed="0.001996"/>
</iter>
<var>${keyTwo}</var>
<value>@{expected_keysTwo}</value>
<status status="PASS" start="2024-06-04T16:19:14.657716" elapsed="0.004458"/>
</for>
<status status="PASS" start="2024-06-04T16:19:14.545636" elapsed="0.116688"/>
</kw>
<doc>Testa a estrutura da resposta da API.</doc>
<tag>testeEstruturaResposta</tag>
<status status="PASS" start="2024-06-04T16:19:14.545155" elapsed="0.117317"/>
</test>
<test id="s1-s1-t4" name="Validar tipos de dados" line="28">
<kw name="Teste de Tipos de Dados" owner="random-user-service">
<kw name="GET On Session" owner="RequestsLibrary">
<msg time="2024-06-04T16:19:14.764435" level="INFO">GET Request : url=https://randomuser.me/api 
 path_url=/api 
 headers={'User-Agent': 'python-requests/2.32.3', 'Accept-Encoding': 'gzip, deflate', 'Accept': '*/*', 'Connection': 'keep-alive'} 
 body=None 
 </msg>
<msg time="2024-06-04T16:19:14.764497" level="INFO">GET Response : url=https://randomuser.me/api 
 status=200, reason=OK 
 headers={'Date': 'Tue, 04 Jun 2024 16:19:14 GMT', 'Content-Type': 'application/json; charset=utf-8', 'Transfer-Encoding': 'chunked', 'Connection': 'keep-alive', 'X-Powered-By': 'Express', 'Access-Control-Allow-Origin': '*', 'Cache-Control': 'no-cache', 'ETag': 'W/"46d-yW+WHD0LinFp3jpZIuDgc2zae9U"', 'Vary': 'Accept-Encoding', 'Content-Encoding': 'gzip', 'CF-Cache-Status': 'DYNAMIC', 'Report-To': '{"endpoints":[{"url":"https:\\/\\/a.nel.cloudflare.com\\/report\\/v4?s=DkuUfnEs%2BHmvK%2FYvBWTqMvKvZ1lhYJbG%2BbuPsYdCqqh40ZS%2FIxNc98ozC%2Ffp9tAKitD5%2BhJWwJslvVPSA9wScafwJ%2B3QWaSUNJFSyVIYBiW%2BAFlBDhKZMD4hzyfXWHkp"}],"group":"cf-nel","max_age":604800}', 'NEL': '{"success_fraction":0,"report_to":"cf-nel","max_age":604800}', 'Server': 'cloudflare', 'CF-RAY': '88e93e50a9066076-ORD', 'alt-svc': 'h3=":443"; ma=86400'} 
 body={"results":[{"gender":"male","name":{"title":"Mr","first":"Thorvald","last":"Dale"},"location":{"street":{"number":1645,"name":"Munkerudbakken"},"city":"Tønsberg","state":"Nord-Trøndelag","country":"Norway","postcode":"2403","coordinates":{"latitude":"38.9123","longitude":"-26.5346"},"timezone":{"offset":"-9:00","description":"Alaska"}},"email":"thorvald.dale@example.com","login":{"uuid":"e2229e7e-dbd5-4076-b558-a35165b1bc75","username":"greenleopard687","password":"funny","salt":"YT2tdByD","md5":"59113aebadcb85c658f5502de5273e9a","sha1":"6952fd8a13f3218446a8cc421478c5959ad11a79","sha256":"b265b147793b56b2fdde8a14923259927102d2731746f83e7df32a9e18a191b2"},"dob":{"date":"1956-08-23T02:00:18.455Z","age":67},"registered":{"date":"2009-06-27T20:41:45.006Z","age":14},"phone":"53707743","cell":"97593464","id":{"name":"FN","value":"23085624911"},"picture":{"large":"https://randomuser.me/api/portraits/men/6.jpg","medium":"https://randomuser.me/api/portraits/med/men/6.jpg","thumbnail":"https://randomuser.me/api/portraits/thumb/men/6.jpg"},"nat":"NO"}],"info":{"seed":"e78ec46064608c25","results":1,"page":1,"version":"1.4"}} 
 </msg>
<msg time="2024-06-04T16:19:14.764553" level="INFO">/opt/hostedtoolcache/Python/3.12.3/x64/lib/python3.12/site-packages/urllib3/connectionpool.py:1103: InsecureRequestWarning: Unverified HTTPS request is being made to host 'randomuser.me'. Adding certificate verification is strongly advised. See: https://urllib3.readthedocs.io/en/latest/advanced-usage.html#tls-warnings
  warnings.warn(</msg>
<msg time="2024-06-04T16:19:14.764644" level="INFO">${response} = &lt;Response [200]&gt;</msg>
<var>${response}</var>
<arg>consultarAPI</arg>
<arg>/api</arg>
<doc>Sends a GET request on a previously created HTTP Session.</doc>
<status status="PASS" start="2024-06-04T16:19:14.664983" elapsed="0.099698"/>
</kw>
<kw name="Set Variable" owner="BuiltIn">
<msg time="2024-06-04T16:19:14.765483" level="INFO">${json_data} = {'results': [{'gender': 'male', 'name': {'title': 'Mr', 'first': 'Thorvald', 'last': 'Dale'}, 'location': {'street': {'number': 1645, 'name': 'Munkerudbakken'}, 'city': 'Tønsberg', 'state': 'Nord-Trøn...</msg>
<var>${json_data}</var>
<arg>${response.json()}</arg>
<doc>Returns the given values which can then be assigned to a variables.</doc>
<status status="PASS" start="2024-06-04T16:19:14.765044" elapsed="0.000471"/>
</kw>
<kw name="Log" owner="BuiltIn">
<msg time="2024-06-04T16:19:14.765971" level="INFO">{'results': [{'gender': 'male', 'name': {'title': 'Mr', 'first': 'Thorvald', 'last': 'Dale'}, 'location': {'street': {'number': 1645, 'name': 'Munkerudbakken'}, 'city': 'Tønsberg', 'state': 'Nord-Trøndelag', 'country': 'Norway', 'postcode': '2403', 'coordinates': {'latitude': '38.9123', 'longitude': '-26.5346'}, 'timezone': {'offset': '-9:00', 'description': 'Alaska'}}, 'email': 'thorvald.dale@example.com', 'login': {'uuid': 'e2229e7e-dbd5-4076-b558-a35165b1bc75', 'username': 'greenleopard687', 'password': 'funny', 'salt': 'YT2tdByD', 'md5': '59113aebadcb85c658f5502de5273e9a', 'sha1': '6952fd8a13f3218446a8cc421478c5959ad11a79', 'sha256': 'b265b147793b56b2fdde8a14923259927102d2731746f83e7df32a9e18a191b2'}, 'dob': {'date': '1956-08-23T02:00:18.455Z', 'age': 67}, 'registered': {'date': '2009-06-27T20:41:45.006Z', 'age': 14}, 'phone': '53707743', 'cell': '97593464', 'id': {'name': 'FN', 'value': '23085624911'}, 'picture': {'large': 'https://randomuser.me/api/portraits/men/6.jpg', 'medium': 'https://randomuser.me/api/portraits/med/men/6.jpg', 'thumbnail': 'https://randomuser.me/api/portraits/thumb/men/6.jpg'}, 'nat': 'NO'}], 'info': {'seed': 'e78ec46064608c25', 'results': 1, 'page': 1, 'version': '1.4'}}</msg>
<arg>${json_data}</arg>
<doc>Logs the given message with the given level.</doc>
<status status="PASS" start="2024-06-04T16:19:14.765818" elapsed="0.000232"/>
</kw>
<kw name="Should Be String" owner="String">
<arg>${json_data['results'][0]['gender']}</arg>
<doc>Fails if the given ``item`` is not a string.</doc>
<status status="PASS" start="2024-06-04T16:19:14.766350" elapsed="0.000350"/>
</kw>
<kw name="Should Match Regexp" owner="BuiltIn">
<arg>${json_data['results'][0]['email']}</arg>
<arg>^[a-zA-Z0-9._%+-]+@[a-zA-Z0-9.-]+\.[a-zA-Z]{2,}$</arg>
<doc>Fails if ``string`` does not match ``pattern`` as a regular expression.</doc>
<status status="PASS" start="2024-06-04T16:19:14.766891" elapsed="0.000538"/>
</kw>
<kw name="Should Match Regexp" owner="BuiltIn">
<arg>${json_data['results'][0]['dob']['date']}</arg>
<arg>\\d{4}-\\d{2}-\\d{2}T\\d{2}:\\d{2}:\\d{2}\\.\\d{3}Z</arg>
<doc>Fails if ``string`` does not match ``pattern`` as a regular expression.</doc>
<status status="PASS" start="2024-06-04T16:19:14.767627" elapsed="0.000483"/>
</kw>
<kw name="Should Match Regexp" owner="BuiltIn">
<arg>${json_data['results'][0]['registered']['date']}</arg>
<arg>\\d{4}-\\d{2}-\\d{2}T\\d{2}:\\d{2}:\\d{2}\\.\\d{3}Z</arg>
<doc>Fails if ``string`` does not match ``pattern`` as a regular expression.</doc>
<status status="PASS" start="2024-06-04T16:19:14.768300" elapsed="0.000357"/>
</kw>
<kw name="Should Match Regexp" owner="BuiltIn">
<arg>${json_data['results'][0]['picture']['large']}</arg>
<arg>^https?://.*\.(?:png|jpe?g|gif|bmp)$</arg>
<doc>Fails if ``string`` does not match ``pattern`` as a regular expression.</doc>
<status status="PASS" start="2024-06-04T16:19:14.768844" elapsed="0.000455"/>
</kw>
<kw name="Should Match Regexp" owner="BuiltIn">
<arg>${json_data['results'][0]['picture']['medium']}</arg>
<arg>^https?://.*\.(?:png|jpe?g|gif|bmp)$</arg>
<doc>Fails if ``string`` does not match ``pattern`` as a regular expression.</doc>
<status status="PASS" start="2024-06-04T16:19:14.769485" elapsed="0.000343"/>
</kw>
<kw name="Should Match Regexp" owner="BuiltIn">
<arg>${json_data['results'][0]['picture']['thumbnail']}</arg>
<arg>^https?://.*\.(?:png|jpe?g|gif|bmp)$</arg>
<doc>Fails if ``string`` does not match ``pattern`` as a regular expression.</doc>
<status status="PASS" start="2024-06-04T16:19:14.770011" elapsed="0.000346"/>
</kw>
<kw name="Log" owner="BuiltIn">
<msg time="2024-06-04T16:19:14.770862" level="INFO">{'large': 'https://randomuser.me/api/portraits/men/6.jpg', 'medium': 'https://randomuser.me/api/portraits/med/men/6.jpg', 'thumbnail': 'https://randomuser.me/api/portraits/thumb/men/6.jpg'}</msg>
<arg>${json_data['results'][0]['picture']}</arg>
<doc>Logs the given message with the given level.</doc>
<status status="PASS" start="2024-06-04T16:19:14.770545" elapsed="0.000359"/>
</kw>
<status status="PASS" start="2024-06-04T16:19:14.664752" elapsed="0.106399"/>
</kw>
<kw name="Teste de Tipos de Dados - Postcode" owner="random-user-service">
<kw name="GET On Session" owner="RequestsLibrary">
<msg time="2024-06-04T16:19:14.853960" level="INFO">GET Request : url=https://randomuser.me/api 
 path_url=/api 
 headers={'User-Agent': 'python-requests/2.32.3', 'Accept-Encoding': 'gzip, deflate', 'Accept': '*/*', 'Connection': 'keep-alive'} 
 body=None 
 </msg>
<msg time="2024-06-04T16:19:14.854035" level="INFO">GET Response : url=https://randomuser.me/api 
 status=200, reason=OK 
 headers={'Date': 'Tue, 04 Jun 2024 16:19:14 GMT', 'Content-Type': 'application/json; charset=utf-8', 'Transfer-Encoding': 'chunked', 'Connection': 'keep-alive', 'X-Powered-By': 'Express', 'Access-Control-Allow-Origin': '*', 'Cache-Control': 'no-cache', 'ETag': 'W/"485-TQlre/XS1iXbnTiP1QO9FAtNKXM"', 'Vary': 'Accept-Encoding', 'Content-Encoding': 'gzip', 'CF-Cache-Status': 'DYNAMIC', 'Report-To': '{"endpoints":[{"url":"https:\\/\\/a.nel.cloudflare.com\\/report\\/v4?s=gEsH0qg%2FwEY4tHnxfk7m2vfEK%2FndoAx0II3E7QGUbb09%2BYLNQlmRIO5nXJMCPoODEpZRMtfPC6ersTa9MLK8m4CUjIZD%2BwIyLwpzHtneEVSNFKZFCbJfM6bG01in9Jyh"}],"group":"cf-nel","max_age":604800}', 'NEL': '{"success_fraction":0,"report_to":"cf-nel","max_age":604800}', 'Server': 'cloudflare', 'CF-RAY': '88e93e5159b96076-ORD', 'alt-svc': 'h3=":443"; ma=86400'} 
 body={"results":[{"gender":"female","name":{"title":"Miss","first":"Aldalgisa","last":"da Rosa"},"location":{"street":{"number":4084,"name":"Rua Das Flores "},"city":"Umuarama","state":"Alagoas","country":"Brazil","postcode":60370,"coordinates":{"latitude":"-76.4997","longitude":"19.3844"},"timezone":{"offset":"+4:30","description":"Kabul"}},"email":"aldalgisa.darosa@example.com","login":{"uuid":"055a63f1-839e-4e46-b5a2-8e47c2db8a2b","username":"blacklion920","password":"parola","salt":"nM35ry7w","md5":"3560c5c64b808f5bb4b3b88067ad3f15","sha1":"87caa251a85e86291d257435794b7d793c3bba01","sha256":"83951490af755f56b8a5f6abe56c8f9cbc17590e141c245c3ab1902a9aab41f1"},"dob":{"date":"1961-01-30T20:21:49.099Z","age":63},"registered":{"date":"2012-02-04T00:01:10.371Z","age":12},"phone":"(18) 7561-7147","cell":"(79) 2558-1117","id":{"name":"CPF","value":"886.763.973-15"},"picture":{"large":"https://randomuser.me/api/portraits/women/75.jpg","medium":"https://randomuser.me/api/portraits/med/women/75.jpg","thumbnail":"https://randomuser.me/api/portraits/thumb/women/75.jpg"},"nat":"BR"}],"info":{"seed":"971a328be185624c","results":1,"page":1,"version":"1.4"}} 
 </msg>
<msg time="2024-06-04T16:19:14.854100" level="INFO">/opt/hostedtoolcache/Python/3.12.3/x64/lib/python3.12/site-packages/urllib3/connectionpool.py:1103: InsecureRequestWarning: Unverified HTTPS request is being made to host 'randomuser.me'. Adding certificate verification is strongly advised. See: https://urllib3.readthedocs.io/en/latest/advanced-usage.html#tls-warnings
  warnings.warn(</msg>
<msg time="2024-06-04T16:19:14.854203" level="INFO">${response} = &lt;Response [200]&gt;</msg>
<var>${response}</var>
<arg>consultarAPI</arg>
<arg>/api</arg>
<doc>Sends a GET request on a previously created HTTP Session.</doc>
<status status="PASS" start="2024-06-04T16:19:14.771594" elapsed="0.082646"/>
</kw>
<kw name="Set Variable" owner="BuiltIn">
<msg time="2024-06-04T16:19:14.855083" level="INFO">${json_data} = {'results': [{'gender': 'female', 'name': {'title': 'Miss', 'first': 'Aldalgisa', 'last': 'da Rosa'}, 'location': {'street': {'number': 4084, 'name': 'Rua Das Flores '}, 'city': 'Umuarama', 'state': '...</msg>
<var>${json_data}</var>
<arg>${response.json()}</arg>
<doc>Returns the given values which can then be assigned to a variables.</doc>
<status status="PASS" start="2024-06-04T16:19:14.854643" elapsed="0.000470"/>
</kw>
<kw name="Log" owner="BuiltIn">
<msg time="2024-06-04T16:19:14.855598" level="INFO">{'results': [{'gender': 'female', 'name': {'title': 'Miss', 'first': 'Aldalgisa', 'last': 'da Rosa'}, 'location': {'street': {'number': 4084, 'name': 'Rua Das Flores '}, 'city': 'Umuarama', 'state': 'Alagoas', 'country': 'Brazil', 'postcode': 60370, 'coordinates': {'latitude': '-76.4997', 'longitude': '19.3844'}, 'timezone': {'offset': '+4:30', 'description': 'Kabul'}}, 'email': 'aldalgisa.darosa@example.com', 'login': {'uuid': '055a63f1-839e-4e46-b5a2-8e47c2db8a2b', 'username': 'blacklion920', 'password': 'parola', 'salt': 'nM35ry7w', 'md5': '3560c5c64b808f5bb4b3b88067ad3f15', 'sha1': '87caa251a85e86291d257435794b7d793c3bba01', 'sha256': '83951490af755f56b8a5f6abe56c8f9cbc17590e141c245c3ab1902a9aab41f1'}, 'dob': {'date': '1961-01-30T20:21:49.099Z', 'age': 63}, 'registered': {'date': '2012-02-04T00:01:10.371Z', 'age': 12}, 'phone': '(18) 7561-7147', 'cell': '(79) 2558-1117', 'id': {'name': 'CPF', 'value': '886.763.973-15'}, 'picture': {'large': 'https://randomuser.me/api/portraits/women/75.jpg', 'medium': 'https://randomuser.me/api/portraits/med/women/75.jpg', 'thumbnail': 'https://randomuser.me/api/portraits/thumb/women/75.jpg'}, 'nat': 'BR'}], 'info': {'seed': '971a328be185624c', 'results': 1, 'page': 1, 'version': '1.4'}}</msg>
<arg>${json_data}</arg>
<doc>Logs the given message with the given level.</doc>
<status status="PASS" start="2024-06-04T16:19:14.855442" elapsed="0.000233"/>
</kw>
<kw name="Should Be Equal As Numbers" owner="BuiltIn">
<arg>${json_data['results'][0]['location']['postcode']}</arg>
<arg>${json_data['results'][0]['location']['postcode']}</arg>
<doc>Fails if objects are unequal after converting them to real numbers.</doc>
<status status="PASS" start="2024-06-04T16:19:14.855972" elapsed="0.000737"/>
</kw>
<kw name="Log" owner="BuiltIn">
<msg time="2024-06-04T16:19:14.857231" level="INFO">60370</msg>
<arg>${json_data['results'][0]['location']['postcode']}</arg>
<doc>Logs the given message with the given level.</doc>
<status status="PASS" start="2024-06-04T16:19:14.856898" elapsed="0.000373"/>
</kw>
<status status="PASS" start="2024-06-04T16:19:14.771377" elapsed="0.086145"/>
</kw>
<doc>Testa se os tipos de dados na resposta da API estão corretos.</doc>
<tag>testeTiposDados</tag>
<status status="PASS" start="2024-06-04T16:19:14.664312" elapsed="0.193366"/>
</test>
<test id="s1-s1-t5" name="Validar conteudo" line="35">
<kw name="Teste de Tipos de Conteudo" owner="random-user-service">
<kw name="GET On Session" owner="RequestsLibrary">
<msg time="2024-06-04T16:19:14.921698" level="INFO">GET Request : url=https://randomuser.me/api 
 path_url=/api 
 headers={'User-Agent': 'python-requests/2.32.3', 'Accept-Encoding': 'gzip, deflate', 'Accept': '*/*', 'Connection': 'keep-alive'} 
 body=None 
 </msg>
<msg time="2024-06-04T16:19:14.921760" level="INFO">GET Response : url=https://randomuser.me/api 
 status=200, reason=OK 
 headers={'Date': 'Tue, 04 Jun 2024 16:19:14 GMT', 'Content-Type': 'application/json; charset=utf-8', 'Transfer-Encoding': 'chunked', 'Connection': 'keep-alive', 'X-Powered-By': 'Express', 'Access-Control-Allow-Origin': '*', 'Cache-Control': 'no-cache', 'ETag': 'W/"45f-8wQE8mnnHDRvT0Rc/idvgW3Z8gs"', 'Vary': 'Accept-Encoding', 'Content-Encoding': 'gzip', 'CF-Cache-Status': 'DYNAMIC', 'Report-To': '{"endpoints":[{"url":"https:\\/\\/a.nel.cloudflare.com\\/report\\/v4?s=rQhPY55A3pHO6n8S8R79NQ29Lrezt3Lc6RTpgrOrmdHuJdO10GHW8U%2BrLtL5VP9fmsglw9WpR2rqXshLaBiWtB5Yb3PeWBI96ebMUKm0pal10VMgCzkRUcvkbTpTd7y6"}],"group":"cf-nel","max_age":604800}', 'NEL': '{"success_fraction":0,"report_to":"cf-nel","max_age":604800}', 'Server': 'cloudflare', 'CF-RAY': '88e93e51ea4d6076-ORD', 'alt-svc': 'h3=":443"; ma=86400'} 
 body={"results":[{"gender":"male","name":{"title":"Mr","first":"Arin","last":"Raval"},"location":{"street":{"number":9865,"name":"Rasta Peth"},"city":"Dhanbad","state":"Goa","country":"India","postcode":37336,"coordinates":{"latitude":"10.7959","longitude":"-68.8179"},"timezone":{"offset":"-2:00","description":"Mid-Atlantic"}},"email":"arin.raval@example.com","login":{"uuid":"2c6fb444-dde9-4f94-b9f3-37d9edeb601b","username":"whiteduck299","password":"moon","salt":"226J0Jrn","md5":"761bb3b6e1459e2a99b69f97e5a1de8d","sha1":"eeddd5f759d727246c4a0d0766720af36d6e28e6","sha256":"3442f47d1e6e25fc2446960b062bdbd1b41c745a1e15d2078fb7182489ce48e0"},"dob":{"date":"1972-08-10T11:24:29.726Z","age":51},"registered":{"date":"2019-08-02T21:01:00.168Z","age":4},"phone":"9887400669","cell":"9280379287","id":{"name":"UIDAI","value":"260565000214"},"picture":{"large":"https://randomuser.me/api/portraits/men/60.jpg","medium":"https://randomuser.me/api/portraits/med/men/60.jpg","thumbnail":"https://randomuser.me/api/portraits/thumb/men/60.jpg"},"nat":"IN"}],"info":{"seed":"a138cc8c945c56d6","results":1,"page":1,"version":"1.4"}} 
 </msg>
<msg time="2024-06-04T16:19:14.921814" level="INFO">/opt/hostedtoolcache/Python/3.12.3/x64/lib/python3.12/site-packages/urllib3/connectionpool.py:1103: InsecureRequestWarning: Unverified HTTPS request is being made to host 'randomuser.me'. Adding certificate verification is strongly advised. See: https://urllib3.readthedocs.io/en/latest/advanced-usage.html#tls-warnings
  warnings.warn(</msg>
<msg time="2024-06-04T16:19:14.921898" level="INFO">${response} = &lt;Response [200]&gt;</msg>
<var>${response}</var>
<arg>consultarAPI</arg>
<arg>/api</arg>
<doc>Sends a GET request on a previously created HTTP Session.</doc>
<status status="PASS" start="2024-06-04T16:19:14.859997" elapsed="0.061931"/>
</kw>
<kw name="Set Variable" owner="BuiltIn">
<msg time="2024-06-04T16:19:14.922718" level="INFO">${json_data} = {'results': [{'gender': 'male', 'name': {'title': 'Mr', 'first': 'Arin', 'last': 'Raval'}, 'location': {'street': {'number': 9865, 'name': 'Rasta Peth'}, 'city': 'Dhanbad', 'state': 'Goa', 'country': ...</msg>
<var>${json_data}</var>
<arg>${response.json()}</arg>
<doc>Returns the given values which can then be assigned to a variables.</doc>
<status status="PASS" start="2024-06-04T16:19:14.922292" elapsed="0.000454"/>
</kw>
<kw name="Set Variable" owner="BuiltIn">
<msg time="2024-06-04T16:19:14.923455" level="INFO">${name_title} = Mr</msg>
<var>${name_title}</var>
<arg>${json_data["results"][0]["name"]["title"]}</arg>
<doc>Returns the given values which can then be assigned to a variables.</doc>
<status status="PASS" start="2024-06-04T16:19:14.923043" elapsed="0.000441"/>
</kw>
<kw name="Create List" owner="BuiltIn">
<msg time="2024-06-04T16:19:14.923929" level="INFO">${allowed_titles} = ['Mr', 'Ms', 'Miss', 'Mrs', 'Madame', 'Monsieur']</msg>
<var>${allowed_titles}</var>
<arg>Mr</arg>
<arg>Ms</arg>
<arg>Miss</arg>
<arg>Mrs</arg>
<arg>Madame</arg>
<arg>Monsieur</arg>
<doc>Returns a list containing given items.</doc>
<status status="PASS" start="2024-06-04T16:19:14.923782" elapsed="0.000172"/>
</kw>
<kw name="List Should Contain Value" owner="Collections">
<msg time="2024-06-04T16:19:14.924429" level="INFO">False</msg>
<arg>${allowed_titles}</arg>
<arg>${name_title}</arg>
<doc>Fails if the ``value`` is not found from ``list``.</doc>
<status status="PASS" start="2024-06-04T16:19:14.924255" elapsed="0.000210"/>
</kw>
<kw name="Set Variable" owner="BuiltIn">
<msg time="2024-06-04T16:19:14.925132" level="INFO">${name_country} = IN</msg>
<var>${name_country}</var>
<arg>${json_data["results"][0]["nat"]}</arg>
<doc>Returns the given values which can then be assigned to a variables.</doc>
<status status="PASS" start="2024-06-04T16:19:14.924759" elapsed="0.000398"/>
</kw>
<kw name="Create List" owner="BuiltIn">
<msg time="2024-06-04T16:19:14.926044" level="INFO">${list_country} = ['AD', 'AE', 'AF', 'AG', 'AI', 'AL', 'AM', 'AO', 'AQ', 'AR', 'AS', 'AT', 'AU', 'AW', 'AX', 'AZ', 'BA', 'BB', 'BD', 'BE', 'BF', 'BG', 'BH', 'BI', 'BJ', 'BL', 'BM', 'BN', 'BO', 'BQ', 'BR', 'BS', 'BT', '...</msg>
<var>${list_country}</var>
<arg>AD</arg>
<arg>AE</arg>
<arg>AF</arg>
<arg>AG</arg>
<arg>AI</arg>
<arg>AL</arg>
<arg>AM</arg>
<arg>AO</arg>
<arg>AQ</arg>
<arg>AR</arg>
<arg>AS</arg>
<arg>AT</arg>
<arg>AU</arg>
<arg>AW</arg>
<arg>AX</arg>
<arg>AZ</arg>
<arg>BA</arg>
<arg>BB</arg>
<arg>BD</arg>
<arg>BE</arg>
<arg>BF</arg>
<arg>BG</arg>
<arg>BH</arg>
<arg>BI</arg>
<arg>BJ</arg>
<arg>BL</arg>
<arg>BM</arg>
<arg>BN</arg>
<arg>BO</arg>
<arg>BQ</arg>
<arg>BR</arg>
<arg>BS</arg>
<arg>BT</arg>
<arg>BV</arg>
<arg>BW</arg>
<arg>BY</arg>
<arg>BZ</arg>
<arg>CA</arg>
<arg>CC</arg>
<arg>CD</arg>
<arg>CF</arg>
<arg>CG</arg>
<arg>CH</arg>
<arg>CI</arg>
<arg>CK</arg>
<arg>CL</arg>
<arg>CM</arg>
<arg>CN</arg>
<arg>CO</arg>
<arg>CR</arg>
<arg>CU</arg>
<arg>CV</arg>
<arg>CW</arg>
<arg>CX</arg>
<arg>CY</arg>
<arg>CZ</arg>
<arg>DE</arg>
<arg>DJ</arg>
<arg>DK</arg>
<arg>DM</arg>
<arg>DO</arg>
<arg>DZ</arg>
<arg>EC</arg>
<arg>EE</arg>
<arg>EG</arg>
<arg>EH</arg>
<arg>ER</arg>
<arg>ES</arg>
<arg>ET</arg>
<arg>FI</arg>
<arg>FJ</arg>
<arg>FK</arg>
<arg>FM</arg>
<arg>FO</arg>
<arg>FR</arg>
<arg>GA</arg>
<arg>GB</arg>
<arg>GD</arg>
<arg>GE</arg>
<arg>GF</arg>
<arg>GG</arg>
<arg>GH</arg>
<arg>GI</arg>
<arg>GL</arg>
<arg>GM</arg>
<arg>GN</arg>
<arg>GP</arg>
<arg>GQ</arg>
<arg>GR</arg>
<arg>GS</arg>
<arg>GT</arg>
<arg>GU</arg>
<arg>GW</arg>
<arg>GY</arg>
<arg>HK</arg>
<arg>HM</arg>
<arg>HN</arg>
<arg>HR</arg>
<arg>HT</arg>
<arg>HU</arg>
<arg>ID</arg>
<arg>IE</arg>
<arg>IL</arg>
<arg>IM</arg>
<arg>IN</arg>
<arg>IO</arg>
<arg>IQ</arg>
<arg>IR</arg>
<arg>IS</arg>
<arg>IT</arg>
<arg>JE</arg>
<arg>JM</arg>
<arg>JO</arg>
<arg>JP</arg>
<arg>KE</arg>
<arg>KG</arg>
<arg>KH</arg>
<arg>KI</arg>
<arg>KM</arg>
<arg>KN</arg>
<arg>KP</arg>
<arg>KR</arg>
<arg>KW</arg>
<arg>KY</arg>
<arg>KZ</arg>
<arg>LA</arg>
<arg>LB</arg>
<arg>LC</arg>
<arg>LI</arg>
<arg>LK</arg>
<arg>LR</arg>
<arg>LS</arg>
<arg>LT</arg>
<arg>LU</arg>
<arg>LV</arg>
<arg>LY</arg>
<arg>MA</arg>
<arg>MC</arg>
<arg>MD</arg>
<arg>ME</arg>
<arg>MF</arg>
<arg>MG</arg>
<arg>MH</arg>
<arg>MK</arg>
<arg>ML</arg>
<arg>MM</arg>
<arg>MN</arg>
<arg>MO</arg>
<arg>MP</arg>
<arg>MQ</arg>
<arg>MR</arg>
<arg>MS</arg>
<arg>MT</arg>
<arg>MU</arg>
<arg>MV</arg>
<arg>MW</arg>
<arg>MX</arg>
<arg>MY</arg>
<arg>MZ</arg>
<arg>NA</arg>
<arg>NC</arg>
<arg>NE</arg>
<arg>NF</arg>
<arg>NG</arg>
<arg>NI</arg>
<arg>NL</arg>
<arg>NO</arg>
<arg>NP</arg>
<arg>NR</arg>
<arg>NU</arg>
<arg>NZ</arg>
<arg>OM</arg>
<arg>PA</arg>
<arg>PE</arg>
<arg>PF</arg>
<arg>PG</arg>
<arg>PH</arg>
<arg>PK</arg>
<arg>PL</arg>
<arg>PM</arg>
<arg>PN</arg>
<arg>PR</arg>
<arg>PS</arg>
<arg>PT</arg>
<arg>PW</arg>
<arg>PY</arg>
<arg>QA</arg>
<arg>RE</arg>
<arg>RO</arg>
<arg>RS</arg>
<arg>RU</arg>
<arg>RW</arg>
<arg>SA</arg>
<arg>SB</arg>
<arg>SC</arg>
<arg>SD</arg>
<arg>SE</arg>
<arg>SG</arg>
<arg>SH</arg>
<arg>SI</arg>
<arg>SJ</arg>
<arg>SK</arg>
<arg>SL</arg>
<arg>SM</arg>
<arg>SN</arg>
<arg>SO</arg>
<arg>SR</arg>
<arg>SS</arg>
<arg>ST</arg>
<arg>SV</arg>
<arg>SX</arg>
<arg>SY</arg>
<arg>SZ</arg>
<arg>TC</arg>
<arg>TD</arg>
<arg>TF</arg>
<arg>TG</arg>
<arg>TH</arg>
<arg>TJ</arg>
<arg>TK</arg>
<arg>TL</arg>
<arg>TM</arg>
<arg>TN</arg>
<arg>TO</arg>
<arg>TR</arg>
<arg>TT</arg>
<arg>TV</arg>
<arg>TW</arg>
<arg>TZ</arg>
<arg>UA</arg>
<arg>UG</arg>
<arg>UM</arg>
<arg>US</arg>
<arg>UY</arg>
<arg>UZ</arg>
<arg>VA</arg>
<arg>VC</arg>
<arg>VE</arg>
<arg>VG</arg>
<arg>VI</arg>
<arg>VN</arg>
<arg>VU</arg>
<arg>WF</arg>
<arg>WS</arg>
<arg>XK</arg>
<arg>YE</arg>
<arg>YT</arg>
<arg>ZA</arg>
<arg>ZM</arg>
<arg>ZW</arg>
<doc>Returns a list containing given items.</doc>
<status status="PASS" start="2024-06-04T16:19:14.925454" elapsed="0.000615"/>
</kw>
<kw name="List Should Contain Value" owner="Collections">
<msg time="2024-06-04T16:19:14.927047" level="INFO">False</msg>
<arg>${list_country}</arg>
<arg>${name_country}</arg>
<doc>Fails if the ``value`` is not found from ``list``.</doc>
<status status="PASS" start="2024-06-04T16:19:14.926844" elapsed="0.000245"/>
</kw>
<kw name="Run Keyword If" owner="BuiltIn">
<kw name="Should Be True" owner="BuiltIn">
<arg>${True}</arg>
<doc>Fails if the given condition is not true.</doc>
<status status="PASS" start="2024-06-04T16:19:14.928149" elapsed="0.000141"/>
</kw>
<arg>${json_data["results"][0]["location"]["coordinates"]["latitude"]} &gt;= -90 and ${json_data["results"][0]["location"]["coordinates"]["latitude"]} &lt;= 90</arg>
<arg>Should Be True</arg>
<arg>${True}</arg>
<doc>Runs the given keyword with the given arguments, if ``condition`` is true.</doc>
<status status="PASS" start="2024-06-04T16:19:14.927419" elapsed="0.000995"/>
</kw>
<kw name="Run Keyword If" owner="BuiltIn">
<kw name="Should Be True" owner="BuiltIn">
<arg>${True}</arg>
<doc>Fails if the given condition is not true.</doc>
<status status="PASS" start="2024-06-04T16:19:14.929300" elapsed="0.000240"/>
</kw>
<arg>${json_data["results"][0]["location"]["coordinates"]["longitude"]} &gt;= -180 and ${json_data["results"][0]["location"]["coordinates"]["longitude"]} &lt;= 180</arg>
<arg>Should Be True</arg>
<arg>${True}</arg>
<doc>Runs the given keyword with the given arguments, if ``condition`` is true.</doc>
<status status="PASS" start="2024-06-04T16:19:14.928612" elapsed="0.001052"/>
</kw>
<status status="PASS" start="2024-06-04T16:19:14.859782" elapsed="0.070008"/>
</kw>
<doc>Testa o conteúdo específico dos campos retornados pela API.</doc>
<tag>testeConteudo</tag>
<status status="PASS" start="2024-06-04T16:19:14.859361" elapsed="0.070567"/>
</test>
<status status="PASS" start="2024-06-04T16:19:14.095041" elapsed="0.836781"/>
</suite>
<status status="PASS" start="2024-06-04T16:19:14.081695" elapsed="0.855092"/>
</suite>
<statistics>
<total>
<stat pass="5" fail="0" skip="0">All Tests</stat>
</total>
<tag>
<stat pass="1" fail="0" skip="0">testeConteudo</stat>
<stat pass="1" fail="0" skip="0">testeEstruturaResposta</stat>
<stat pass="1" fail="0" skip="0">testeRequisicaoBasica</stat>
<stat pass="1" fail="0" skip="0">testeTiposDados</stat>
</tag>
<suite>
<stat pass="5" fail="0" skip="0" id="s1" name="Tests">Tests</stat>
<stat pass="5" fail="0" skip="0" id="s1-s1" name="Random-User-Test">Tests.Random-User-Test</stat>
</suite>
</statistics>
<errors>
</errors>
</robot>
