<?xml version="1.0" encoding="UTF-8"?>
<robot generator="Robot 7.0 (Python 3.12.3 on linux)" generated="2024-06-07T23:16:04.793556" rpa="false" schemaversion="5">
<suite id="s1" name="Tests" source="/home/runner/work/ApiRandomUser/ApiRandomUser/RamdonUser/tests">
<suite id="s1-s1" name="Random-User-Test" source="/home/runner/work/ApiRandomUser/ApiRandomUser/RamdonUser/tests/random-user-test.robot">
<test id="s1-s1-t1" name="Conectar" line="13">
<kw name="Conectar API" owner="random-user-service">
<kw name="Create Session" owner="RequestsLibrary">
<msg time="2024-06-07T23:16:05.204879" level="INFO">Creating Session using : alias=consultarAPI, url=https://randomuser.me/, headers={},                     cookies={}, auth=None, timeout=None, proxies=None, verify=False,                     debug=0 </msg>
<arg>consultarAPI</arg>
<arg>${URL}</arg>
<doc>Create Session: create a HTTP session to a server</doc>
<status status="PASS" start="2024-06-07T23:16:05.204677" elapsed="0.000379"/>
</kw>
<status status="PASS" start="2024-06-07T23:16:05.203696" elapsed="0.001727"/>
</kw>
<status status="PASS" start="2024-06-07T23:16:05.203082" elapsed="0.002538"/>
</test>
<test id="s1-s1-t2" name="Validar retorno 200 e JSON Válido" line="16">
<kw name="Teste de Requisicao Basica" owner="random-user-service">
<kw name="GET On Session" owner="RequestsLibrary">
<msg time="2024-06-07T23:16:05.320214" level="INFO">GET Request : url=https://randomuser.me/api 
 path_url=/api 
 headers={'User-Agent': 'python-requests/2.32.3', 'Accept-Encoding': 'gzip, deflate', 'Accept': '*/*', 'Connection': 'keep-alive'} 
 body=None 
 </msg>
<msg time="2024-06-07T23:16:05.320354" level="INFO">GET Response : url=https://randomuser.me/api 
 status=200, reason=OK 
 headers={'Date': 'Fri, 07 Jun 2024 23:16:05 GMT', 'Content-Type': 'application/json; charset=utf-8', 'Transfer-Encoding': 'chunked', 'Connection': 'keep-alive', 'X-Powered-By': 'Express', 'Access-Control-Allow-Origin': '*', 'Cache-Control': 'no-cache', 'ETag': 'W/"475-fWXm6BjNormHCnnLvIY1/5x4gOI"', 'Vary': 'Accept-Encoding', 'Content-Encoding': 'gzip', 'CF-Cache-Status': 'DYNAMIC', 'Report-To': '{"endpoints":[{"url":"https:\\/\\/a.nel.cloudflare.com\\/report\\/v4?s=JewJPlX2swHTU01FVIqMhh4pY1M1QJtvOKuUeiEc5rrZg1G0YP6zlg0MDLON31FbmR46mXE80mMYYiIBrN5Mzg7uRxfeHHN%2FEL5E%2BrCCkib%2BghwkoCDbgNvrTZE6bXpn"}],"group":"cf-nel","max_age":604800}', 'NEL': '{"success_fraction":0,"report_to":"cf-nel","max_age":604800}', 'Server': 'cloudflare', 'CF-RAY': '8904590cbe73169e-SJC', 'alt-svc': 'h3=":443"; ma=86400'} 
 body={"results":[{"gender":"female","name":{"title":"Miss","first":"Asha","last":"Shayana"},"location":{"street":{"number":3006,"name":"Lamington Rd"},"city":"Kanpur","state":"Nagaland","country":"India","postcode":84036,"coordinates":{"latitude":"7.8872","longitude":"141.4521"},"timezone":{"offset":"+3:30","description":"Tehran"}},"email":"asha.shayana@example.com","login":{"uuid":"2d29467b-db59-407a-a019-60309ef42eba","username":"purplegorilla107","password":"andersen","salt":"RvLdEPxd","md5":"461b9ece6cabd5767ffe073bf7ca7701","sha1":"2c1ae009510f88bc549afddf31a877ee37694f49","sha256":"7d0f7c9999878492d55c351665151afc6cb4a8132d778f500128b99bf4499173"},"dob":{"date":"1957-04-15T11:03:48.557Z","age":67},"registered":{"date":"2002-12-26T01:04:42.259Z","age":21},"phone":"9921876063","cell":"9389141504","id":{"name":"UIDAI","value":"319701506416"},"picture":{"large":"https://randomuser.me/api/portraits/women/55.jpg","medium":"https://randomuser.me/api/portraits/med/women/55.jpg","thumbnail":"https://randomuser.me/api/portraits/thumb/women/55.jpg"},"nat":"IN"}],"info":{"seed":"e4bd9be699f5c4d7","results":1,"page":1,"version":"1.4"}} 
 </msg>
<msg time="2024-06-07T23:16:05.320433" level="INFO">/opt/hostedtoolcache/Python/3.12.3/x64/lib/python3.12/site-packages/urllib3/connectionpool.py:1103: InsecureRequestWarning: Unverified HTTPS request is being made to host 'randomuser.me'. Adding certificate verification is strongly advised. See: https://urllib3.readthedocs.io/en/latest/advanced-usage.html#tls-warnings
  warnings.warn(</msg>
<msg time="2024-06-07T23:16:05.320561" level="INFO">${response} = &lt;Response [200]&gt;</msg>
<var>${response}</var>
<arg>consultarAPI</arg>
<arg>/api</arg>
<doc>Sends a GET request on a previously created HTTP Session.</doc>
<status status="PASS" start="2024-06-07T23:16:05.208257" elapsed="0.112345"/>
</kw>
<kw name="Should Be Equal As Numbers" owner="BuiltIn">
<msg time="2024-06-07T23:16:05.321531" level="INFO">Argument types are:
&lt;class 'int'&gt;
&lt;class 'str'&gt;</msg>
<arg>${response.status_code}</arg>
<arg>200</arg>
<doc>Fails if objects are unequal after converting them to real numbers.</doc>
<status status="PASS" start="2024-06-07T23:16:05.321094" elapsed="0.000509"/>
</kw>
<kw name="Log" owner="BuiltIn">
<msg time="2024-06-07T23:16:05.322322" level="INFO">200</msg>
<arg>${response.status_code}</arg>
<doc>Logs the given message with the given level.</doc>
<status status="PASS" start="2024-06-07T23:16:05.321969" elapsed="0.000400"/>
</kw>
<kw name="Set Variable" owner="BuiltIn">
<msg time="2024-06-07T23:16:05.323114" level="INFO">${json_data} = {'results': [{'gender': 'female', 'name': {'title': 'Miss', 'first': 'Asha', 'last': 'Shayana'}, 'location': {'street': {'number': 3006, 'name': 'Lamington Rd'}, 'city': 'Kanpur', 'state': 'Nagaland',...</msg>
<var>${json_data}</var>
<arg>${response.json()}</arg>
<doc>Returns the given values which can then be assigned to a variables.</doc>
<status status="PASS" start="2024-06-07T23:16:05.322682" elapsed="0.000461"/>
</kw>
<kw name="Dictionary Should Contain Key" owner="Collections">
<msg time="2024-06-07T23:16:05.323672" level="INFO">False</msg>
<arg>${json_data}</arg>
<arg>results</arg>
<doc>Fails if ``key`` is not found from ``dictionary``.</doc>
<status status="PASS" start="2024-06-07T23:16:05.323490" elapsed="0.000220"/>
</kw>
<status status="PASS" start="2024-06-07T23:16:05.208012" elapsed="0.115956"/>
</kw>
<doc>Testa se a API responde corretamente e retorna um objeto JSON válido.</doc>
<tag>testeRequisicaoBasica</tag>
<status status="PASS" start="2024-06-07T23:16:05.207538" elapsed="0.116611"/>
</test>
<test id="s1-s1-t3" name="Validar estrutura de resposta" line="22">
<kw name="Teste de Estrutura de Resposta" owner="random-user-service">
<kw name="GET On Session" owner="RequestsLibrary">
<msg time="2024-06-07T23:16:05.422812" level="INFO">GET Request : url=https://randomuser.me/api 
 path_url=/api 
 headers={'User-Agent': 'python-requests/2.32.3', 'Accept-Encoding': 'gzip, deflate', 'Accept': '*/*', 'Connection': 'keep-alive'} 
 body=None 
 </msg>
<msg time="2024-06-07T23:16:05.422900" level="INFO">GET Response : url=https://randomuser.me/api 
 status=200, reason=OK 
 headers={'Date': 'Fri, 07 Jun 2024 23:16:05 GMT', 'Content-Type': 'application/json; charset=utf-8', 'Transfer-Encoding': 'chunked', 'Connection': 'keep-alive', 'X-Powered-By': 'Express', 'Access-Control-Allow-Origin': '*', 'Cache-Control': 'no-cache', 'ETag': 'W/"477-MsRISNzaHnk6CsNIqFYjh4XtsXQ"', 'Vary': 'Accept-Encoding', 'Content-Encoding': 'gzip', 'CF-Cache-Status': 'DYNAMIC', 'Report-To': '{"endpoints":[{"url":"https:\\/\\/a.nel.cloudflare.com\\/report\\/v4?s=k%2Fn0vD1kNHxTCo4fCwxj6c%2B9eqR3g4lCHDRV%2BuLzhoEZmtJ34FRsWX4xrmhYNP0sN7YClklYmzzLmY6oK8JfmAxGktwEDb9zi06RTz1Uun%2FUVT%2FlS9%2FskZWbFbj9JAfY"}],"group":"cf-nel","max_age":604800}', 'NEL': '{"success_fraction":0,"report_to":"cf-nel","max_age":604800}', 'Server': 'cloudflare', 'CF-RAY': '8904590d4ed5169e-SJC', 'alt-svc': 'h3=":443"; ma=86400'} 
 body={"results":[{"gender":"male","name":{"title":"Mr","first":"Väinö","last":"Elo"},"location":{"street":{"number":92,"name":"Pispalan Valtatie"},"city":"Raisio","state":"Tavastia Proper","country":"Finland","postcode":77611,"coordinates":{"latitude":"-22.0956","longitude":"-82.5632"},"timezone":{"offset":"+3:30","description":"Tehran"}},"email":"vaino.elo@example.com","login":{"uuid":"f0909bec-c895-44b0-adfc-05386ca069b3","username":"whitepeacock149","password":"suan","salt":"WIKusSa4","md5":"394b26d4a0a68cf2627d1d568e59a810","sha1":"9a6bd906027567d72d4a84db33b99bb044f3397a","sha256":"28ab0f204f9c4383dd799943904eb4dcbc32ba19b41bc37b66e44af434d5b817"},"dob":{"date":"1964-03-13T21:50:07.711Z","age":60},"registered":{"date":"2007-02-28T17:02:42.341Z","age":17},"phone":"05-860-357","cell":"042-546-95-98","id":{"name":"HETU","value":"NaNNA179undefined"},"picture":{"large":"https://randomuser.me/api/portraits/men/53.jpg","medium":"https://randomuser.me/api/portraits/med/men/53.jpg","thumbnail":"https://randomuser.me/api/portraits/thumb/men/53.jpg"},"nat":"FI"}],"info":{"seed":"ef807116ecd5bcc1","results":1,"page":1,"version":"1.4"}} 
 </msg>
<msg time="2024-06-07T23:16:05.423038" level="INFO">/opt/hostedtoolcache/Python/3.12.3/x64/lib/python3.12/site-packages/urllib3/connectionpool.py:1103: InsecureRequestWarning: Unverified HTTPS request is being made to host 'randomuser.me'. Adding certificate verification is strongly advised. See: https://urllib3.readthedocs.io/en/latest/advanced-usage.html#tls-warnings
  warnings.warn(</msg>
<msg time="2024-06-07T23:16:05.423137" level="INFO">${response} = &lt;Response [200]&gt;</msg>
<var>${response}</var>
<arg>consultarAPI</arg>
<arg>/api</arg>
<doc>Sends a GET request on a previously created HTTP Session.</doc>
<status status="PASS" start="2024-06-07T23:16:05.326746" elapsed="0.096418"/>
</kw>
<kw name="Set Variable" owner="BuiltIn">
<msg time="2024-06-07T23:16:05.424066" level="INFO">${json_data} = {'results': [{'gender': 'male', 'name': {'title': 'Mr', 'first': 'Väinö', 'last': 'Elo'}, 'location': {'street': {'number': 92, 'name': 'Pispalan Valtatie'}, 'city': 'Raisio', 'state': 'Tavastia Prope...</msg>
<var>${json_data}</var>
<arg>${response.json()}</arg>
<doc>Returns the given values which can then be assigned to a variables.</doc>
<status status="PASS" start="2024-06-07T23:16:05.423593" elapsed="0.000503"/>
</kw>
<kw name="Log" owner="BuiltIn">
<msg time="2024-06-07T23:16:05.424566" level="INFO">{'results': [{'gender': 'male', 'name': {'title': 'Mr', 'first': 'Väinö', 'last': 'Elo'}, 'location': {'street': {'number': 92, 'name': 'Pispalan Valtatie'}, 'city': 'Raisio', 'state': 'Tavastia Proper', 'country': 'Finland', 'postcode': 77611, 'coordinates': {'latitude': '-22.0956', 'longitude': '-82.5632'}, 'timezone': {'offset': '+3:30', 'description': 'Tehran'}}, 'email': 'vaino.elo@example.com', 'login': {'uuid': 'f0909bec-c895-44b0-adfc-05386ca069b3', 'username': 'whitepeacock149', 'password': 'suan', 'salt': 'WIKusSa4', 'md5': '394b26d4a0a68cf2627d1d568e59a810', 'sha1': '9a6bd906027567d72d4a84db33b99bb044f3397a', 'sha256': '28ab0f204f9c4383dd799943904eb4dcbc32ba19b41bc37b66e44af434d5b817'}, 'dob': {'date': '1964-03-13T21:50:07.711Z', 'age': 60}, 'registered': {'date': '2007-02-28T17:02:42.341Z', 'age': 17}, 'phone': '05-860-357', 'cell': '042-546-95-98', 'id': {'name': 'HETU', 'value': 'NaNNA179undefined'}, 'picture': {'large': 'https://randomuser.me/api/portraits/men/53.jpg', 'medium': 'https://randomuser.me/api/portraits/med/men/53.jpg', 'thumbnail': 'https://randomuser.me/api/portraits/thumb/men/53.jpg'}, 'nat': 'FI'}], 'info': {'seed': 'ef807116ecd5bcc1', 'results': 1, 'page': 1, 'version': '1.4'}}</msg>
<arg>${json_data}</arg>
<doc>Logs the given message with the given level.</doc>
<status status="PASS" start="2024-06-07T23:16:05.424407" elapsed="0.000214"/>
</kw>
<kw name="Dictionary Should Contain Key" owner="Collections">
<msg time="2024-06-07T23:16:05.425077" level="INFO">False</msg>
<arg>${json_data}</arg>
<arg>results</arg>
<doc>Fails if ``key`` is not found from ``dictionary``.</doc>
<status status="PASS" start="2024-06-07T23:16:05.424923" elapsed="0.000191"/>
</kw>
<kw name="Should Not Be Empty" owner="BuiltIn">
<msg time="2024-06-07T23:16:05.425549" level="INFO">Length is 2.</msg>
<arg>${json_data}</arg>
<doc>Verifies that the given item is not empty.</doc>
<status status="PASS" start="2024-06-07T23:16:05.425410" elapsed="0.000179"/>
</kw>
<kw name="Create List" owner="BuiltIn">
<msg time="2024-06-07T23:16:05.426172" level="INFO">${expected_keys} = ['gender', 'name', 'location', 'email', 'login']</msg>
<var>${expected_keys}</var>
<arg>gender</arg>
<arg>name</arg>
<arg>location</arg>
<arg>email</arg>
<arg>login</arg>
<doc>Returns a list containing given items.</doc>
<status status="PASS" start="2024-06-07T23:16:05.425884" elapsed="0.000313"/>
</kw>
<for flavor="IN">
<iter>
<kw name="Dictionary Should Contain Key" owner="Collections">
<msg time="2024-06-07T23:16:05.427175" level="INFO">False</msg>
<arg>${json_data['results'][0]}</arg>
<arg>${key}</arg>
<doc>Fails if ``key`` is not found from ``dictionary``.</doc>
<status status="PASS" start="2024-06-07T23:16:05.426786" elapsed="0.000426"/>
</kw>
<kw name="Log" owner="BuiltIn">
<msg time="2024-06-07T23:16:05.427926" level="INFO">{'gender': 'male', 'name': {'title': 'Mr', 'first': 'Väinö', 'last': 'Elo'}, 'location': {'street': {'number': 92, 'name': 'Pispalan Valtatie'}, 'city': 'Raisio', 'state': 'Tavastia Proper', 'country': 'Finland', 'postcode': 77611, 'coordinates': {'latitude': '-22.0956', 'longitude': '-82.5632'}, 'timezone': {'offset': '+3:30', 'description': 'Tehran'}}, 'email': 'vaino.elo@example.com', 'login': {'uuid': 'f0909bec-c895-44b0-adfc-05386ca069b3', 'username': 'whitepeacock149', 'password': 'suan', 'salt': 'WIKusSa4', 'md5': '394b26d4a0a68cf2627d1d568e59a810', 'sha1': '9a6bd906027567d72d4a84db33b99bb044f3397a', 'sha256': '28ab0f204f9c4383dd799943904eb4dcbc32ba19b41bc37b66e44af434d5b817'}, 'dob': {'date': '1964-03-13T21:50:07.711Z', 'age': 60}, 'registered': {'date': '2007-02-28T17:02:42.341Z', 'age': 17}, 'phone': '05-860-357', 'cell': '042-546-95-98', 'id': {'name': 'HETU', 'value': 'NaNNA179undefined'}, 'picture': {'large': 'https://randomuser.me/api/portraits/men/53.jpg', 'medium': 'https://randomuser.me/api/portraits/med/men/53.jpg', 'thumbnail': 'https://randomuser.me/api/portraits/thumb/men/53.jpg'}, 'nat': 'FI'}</msg>
<arg>${json_data['results'][0]}</arg>
<doc>Logs the given message with the given level.</doc>
<status status="PASS" start="2024-06-07T23:16:05.427544" elapsed="0.000435"/>
</kw>
<kw name="Log" owner="BuiltIn">
<msg time="2024-06-07T23:16:05.428407" level="INFO">gender</msg>
<arg>${key}</arg>
<doc>Logs the given message with the given level.</doc>
<status status="PASS" start="2024-06-07T23:16:05.428280" elapsed="0.000164"/>
</kw>
<var name="${key}">gender</var>
<status status="PASS" start="2024-06-07T23:16:05.426657" elapsed="0.002003"/>
</iter>
<iter>
<kw name="Dictionary Should Contain Key" owner="Collections">
<msg time="2024-06-07T23:16:05.429358" level="INFO">False</msg>
<arg>${json_data['results'][0]}</arg>
<arg>${key}</arg>
<doc>Fails if ``key`` is not found from ``dictionary``.</doc>
<status status="PASS" start="2024-06-07T23:16:05.428968" elapsed="0.000428"/>
</kw>
<kw name="Log" owner="BuiltIn">
<msg time="2024-06-07T23:16:05.430083" level="INFO">{'gender': 'male', 'name': {'title': 'Mr', 'first': 'Väinö', 'last': 'Elo'}, 'location': {'street': {'number': 92, 'name': 'Pispalan Valtatie'}, 'city': 'Raisio', 'state': 'Tavastia Proper', 'country': 'Finland', 'postcode': 77611, 'coordinates': {'latitude': '-22.0956', 'longitude': '-82.5632'}, 'timezone': {'offset': '+3:30', 'description': 'Tehran'}}, 'email': 'vaino.elo@example.com', 'login': {'uuid': 'f0909bec-c895-44b0-adfc-05386ca069b3', 'username': 'whitepeacock149', 'password': 'suan', 'salt': 'WIKusSa4', 'md5': '394b26d4a0a68cf2627d1d568e59a810', 'sha1': '9a6bd906027567d72d4a84db33b99bb044f3397a', 'sha256': '28ab0f204f9c4383dd799943904eb4dcbc32ba19b41bc37b66e44af434d5b817'}, 'dob': {'date': '1964-03-13T21:50:07.711Z', 'age': 60}, 'registered': {'date': '2007-02-28T17:02:42.341Z', 'age': 17}, 'phone': '05-860-357', 'cell': '042-546-95-98', 'id': {'name': 'HETU', 'value': 'NaNNA179undefined'}, 'picture': {'large': 'https://randomuser.me/api/portraits/men/53.jpg', 'medium': 'https://randomuser.me/api/portraits/med/men/53.jpg', 'thumbnail': 'https://randomuser.me/api/portraits/thumb/men/53.jpg'}, 'nat': 'FI'}</msg>
<arg>${json_data['results'][0]}</arg>
<doc>Logs the given message with the given level.</doc>
<status status="PASS" start="2024-06-07T23:16:05.429722" elapsed="0.000411"/>
</kw>
<kw name="Log" owner="BuiltIn">
<msg time="2024-06-07T23:16:05.430554" level="INFO">name</msg>
<arg>${key}</arg>
<doc>Logs the given message with the given level.</doc>
<status status="PASS" start="2024-06-07T23:16:05.430429" elapsed="0.000163"/>
</kw>
<var name="${key}">name</var>
<status status="PASS" start="2024-06-07T23:16:05.428851" elapsed="0.001955"/>
</iter>
<iter>
<kw name="Dictionary Should Contain Key" owner="Collections">
<msg time="2024-06-07T23:16:05.431496" level="INFO">False</msg>
<arg>${json_data['results'][0]}</arg>
<arg>${key}</arg>
<doc>Fails if ``key`` is not found from ``dictionary``.</doc>
<status status="PASS" start="2024-06-07T23:16:05.431102" elapsed="0.000441"/>
</kw>
<kw name="Log" owner="BuiltIn">
<msg time="2024-06-07T23:16:05.432197" level="INFO">{'gender': 'male', 'name': {'title': 'Mr', 'first': 'Väinö', 'last': 'Elo'}, 'location': {'street': {'number': 92, 'name': 'Pispalan Valtatie'}, 'city': 'Raisio', 'state': 'Tavastia Proper', 'country': 'Finland', 'postcode': 77611, 'coordinates': {'latitude': '-22.0956', 'longitude': '-82.5632'}, 'timezone': {'offset': '+3:30', 'description': 'Tehran'}}, 'email': 'vaino.elo@example.com', 'login': {'uuid': 'f0909bec-c895-44b0-adfc-05386ca069b3', 'username': 'whitepeacock149', 'password': 'suan', 'salt': 'WIKusSa4', 'md5': '394b26d4a0a68cf2627d1d568e59a810', 'sha1': '9a6bd906027567d72d4a84db33b99bb044f3397a', 'sha256': '28ab0f204f9c4383dd799943904eb4dcbc32ba19b41bc37b66e44af434d5b817'}, 'dob': {'date': '1964-03-13T21:50:07.711Z', 'age': 60}, 'registered': {'date': '2007-02-28T17:02:42.341Z', 'age': 17}, 'phone': '05-860-357', 'cell': '042-546-95-98', 'id': {'name': 'HETU', 'value': 'NaNNA179undefined'}, 'picture': {'large': 'https://randomuser.me/api/portraits/men/53.jpg', 'medium': 'https://randomuser.me/api/portraits/med/men/53.jpg', 'thumbnail': 'https://randomuser.me/api/portraits/thumb/men/53.jpg'}, 'nat': 'FI'}</msg>
<arg>${json_data['results'][0]}</arg>
<doc>Logs the given message with the given level.</doc>
<status status="PASS" start="2024-06-07T23:16:05.431838" elapsed="0.000410"/>
</kw>
<kw name="Log" owner="BuiltIn">
<msg time="2024-06-07T23:16:05.432681" level="INFO">location</msg>
<arg>${key}</arg>
<doc>Logs the given message with the given level.</doc>
<status status="PASS" start="2024-06-07T23:16:05.432554" elapsed="0.000166"/>
</kw>
<var name="${key}">location</var>
<status status="PASS" start="2024-06-07T23:16:05.430989" elapsed="0.001946"/>
</iter>
<iter>
<kw name="Dictionary Should Contain Key" owner="Collections">
<msg time="2024-06-07T23:16:05.433616" level="INFO">False</msg>
<arg>${json_data['results'][0]}</arg>
<arg>${key}</arg>
<doc>Fails if ``key`` is not found from ``dictionary``.</doc>
<status status="PASS" start="2024-06-07T23:16:05.433229" elapsed="0.000425"/>
</kw>
<kw name="Log" owner="BuiltIn">
<msg time="2024-06-07T23:16:05.434312" level="INFO">{'gender': 'male', 'name': {'title': 'Mr', 'first': 'Väinö', 'last': 'Elo'}, 'location': {'street': {'number': 92, 'name': 'Pispalan Valtatie'}, 'city': 'Raisio', 'state': 'Tavastia Proper', 'country': 'Finland', 'postcode': 77611, 'coordinates': {'latitude': '-22.0956', 'longitude': '-82.5632'}, 'timezone': {'offset': '+3:30', 'description': 'Tehran'}}, 'email': 'vaino.elo@example.com', 'login': {'uuid': 'f0909bec-c895-44b0-adfc-05386ca069b3', 'username': 'whitepeacock149', 'password': 'suan', 'salt': 'WIKusSa4', 'md5': '394b26d4a0a68cf2627d1d568e59a810', 'sha1': '9a6bd906027567d72d4a84db33b99bb044f3397a', 'sha256': '28ab0f204f9c4383dd799943904eb4dcbc32ba19b41bc37b66e44af434d5b817'}, 'dob': {'date': '1964-03-13T21:50:07.711Z', 'age': 60}, 'registered': {'date': '2007-02-28T17:02:42.341Z', 'age': 17}, 'phone': '05-860-357', 'cell': '042-546-95-98', 'id': {'name': 'HETU', 'value': 'NaNNA179undefined'}, 'picture': {'large': 'https://randomuser.me/api/portraits/men/53.jpg', 'medium': 'https://randomuser.me/api/portraits/med/men/53.jpg', 'thumbnail': 'https://randomuser.me/api/portraits/thumb/men/53.jpg'}, 'nat': 'FI'}</msg>
<arg>${json_data['results'][0]}</arg>
<doc>Logs the given message with the given level.</doc>
<status status="PASS" start="2024-06-07T23:16:05.433952" elapsed="0.000412"/>
</kw>
<kw name="Log" owner="BuiltIn">
<msg time="2024-06-07T23:16:05.434793" level="INFO">email</msg>
<arg>${key}</arg>
<doc>Logs the given message with the given level.</doc>
<status status="PASS" start="2024-06-07T23:16:05.434666" elapsed="0.000165"/>
</kw>
<var name="${key}">email</var>
<status status="PASS" start="2024-06-07T23:16:05.433111" elapsed="0.001936"/>
</iter>
<iter>
<kw name="Dictionary Should Contain Key" owner="Collections">
<msg time="2024-06-07T23:16:05.435755" level="INFO">False</msg>
<arg>${json_data['results'][0]}</arg>
<arg>${key}</arg>
<doc>Fails if ``key`` is not found from ``dictionary``.</doc>
<status status="PASS" start="2024-06-07T23:16:05.435338" elapsed="0.000454"/>
</kw>
<kw name="Log" owner="BuiltIn">
<msg time="2024-06-07T23:16:05.436453" level="INFO">{'gender': 'male', 'name': {'title': 'Mr', 'first': 'Väinö', 'last': 'Elo'}, 'location': {'street': {'number': 92, 'name': 'Pispalan Valtatie'}, 'city': 'Raisio', 'state': 'Tavastia Proper', 'country': 'Finland', 'postcode': 77611, 'coordinates': {'latitude': '-22.0956', 'longitude': '-82.5632'}, 'timezone': {'offset': '+3:30', 'description': 'Tehran'}}, 'email': 'vaino.elo@example.com', 'login': {'uuid': 'f0909bec-c895-44b0-adfc-05386ca069b3', 'username': 'whitepeacock149', 'password': 'suan', 'salt': 'WIKusSa4', 'md5': '394b26d4a0a68cf2627d1d568e59a810', 'sha1': '9a6bd906027567d72d4a84db33b99bb044f3397a', 'sha256': '28ab0f204f9c4383dd799943904eb4dcbc32ba19b41bc37b66e44af434d5b817'}, 'dob': {'date': '1964-03-13T21:50:07.711Z', 'age': 60}, 'registered': {'date': '2007-02-28T17:02:42.341Z', 'age': 17}, 'phone': '05-860-357', 'cell': '042-546-95-98', 'id': {'name': 'HETU', 'value': 'NaNNA179undefined'}, 'picture': {'large': 'https://randomuser.me/api/portraits/men/53.jpg', 'medium': 'https://randomuser.me/api/portraits/med/men/53.jpg', 'thumbnail': 'https://randomuser.me/api/portraits/thumb/men/53.jpg'}, 'nat': 'FI'}</msg>
<arg>${json_data['results'][0]}</arg>
<doc>Logs the given message with the given level.</doc>
<status status="PASS" start="2024-06-07T23:16:05.436091" elapsed="0.000413"/>
</kw>
<kw name="Log" owner="BuiltIn">
<msg time="2024-06-07T23:16:05.436922" level="INFO">login</msg>
<arg>${key}</arg>
<doc>Logs the given message with the given level.</doc>
<status status="PASS" start="2024-06-07T23:16:05.436796" elapsed="0.000165"/>
</kw>
<var name="${key}">login</var>
<status status="PASS" start="2024-06-07T23:16:05.435224" elapsed="0.001953"/>
</iter>
<var>${key}</var>
<value>@{expected_keys}</value>
<status status="PASS" start="2024-06-07T23:16:05.426459" elapsed="0.010840"/>
</for>
<kw name="Create List" owner="BuiltIn">
<msg time="2024-06-07T23:16:05.437668" level="INFO">${expected_keysTwo} = ['username', 'password']</msg>
<var>${expected_keysTwo}</var>
<arg>username</arg>
<arg>password</arg>
<doc>Returns a list containing given items.</doc>
<status status="PASS" start="2024-06-07T23:16:05.437526" elapsed="0.000166"/>
</kw>
<for flavor="IN">
<iter>
<kw name="Dictionary Should Contain Key" owner="Collections">
<msg time="2024-06-07T23:16:05.438591" level="INFO">False</msg>
<arg>${json_data['results'][0]['login']}</arg>
<arg>${keyTwo}</arg>
<doc>Fails if ``key`` is not found from ``dictionary``.</doc>
<status status="PASS" start="2024-06-07T23:16:05.438204" elapsed="0.000424"/>
</kw>
<kw name="Dictionary Should Contain Key" owner="Collections">
<msg time="2024-06-07T23:16:05.439319" level="INFO">False</msg>
<arg>${json_data['results'][0]['login']}</arg>
<arg>${keyTwo}</arg>
<doc>Fails if ``key`` is not found from ``dictionary``.</doc>
<status status="PASS" start="2024-06-07T23:16:05.438926" elapsed="0.000430"/>
</kw>
<kw name="Log" owner="BuiltIn">
<msg time="2024-06-07T23:16:05.439809" level="INFO">username</msg>
<arg>${keyTwo}</arg>
<doc>Logs the given message with the given level.</doc>
<status status="PASS" start="2024-06-07T23:16:05.439682" elapsed="0.000165"/>
</kw>
<var name="${keyTwo}">username</var>
<status status="PASS" start="2024-06-07T23:16:05.438092" elapsed="0.001971"/>
</iter>
<iter>
<kw name="Dictionary Should Contain Key" owner="Collections">
<msg time="2024-06-07T23:16:05.440738" level="INFO">False</msg>
<arg>${json_data['results'][0]['login']}</arg>
<arg>${keyTwo}</arg>
<doc>Fails if ``key`` is not found from ``dictionary``.</doc>
<status status="PASS" start="2024-06-07T23:16:05.440359" elapsed="0.000417"/>
</kw>
<kw name="Dictionary Should Contain Key" owner="Collections">
<msg time="2024-06-07T23:16:05.441530" level="INFO">False</msg>
<arg>${json_data['results'][0]['login']}</arg>
<arg>${keyTwo}</arg>
<doc>Fails if ``key`` is not found from ``dictionary``.</doc>
<status status="PASS" start="2024-06-07T23:16:05.441071" elapsed="0.000499"/>
</kw>
<kw name="Log" owner="BuiltIn">
<msg time="2024-06-07T23:16:05.441998" level="INFO">password</msg>
<arg>${keyTwo}</arg>
<doc>Logs the given message with the given level.</doc>
<status status="PASS" start="2024-06-07T23:16:05.441869" elapsed="0.000167"/>
</kw>
<var name="${keyTwo}">password</var>
<status status="PASS" start="2024-06-07T23:16:05.440238" elapsed="0.002016"/>
</iter>
<var>${keyTwo}</var>
<value>@{expected_keysTwo}</value>
<status status="PASS" start="2024-06-07T23:16:05.437938" elapsed="0.004440"/>
</for>
<status status="PASS" start="2024-06-07T23:16:05.326508" elapsed="0.116008"/>
</kw>
<doc>Testa a estrutura da resposta da API.</doc>
<tag>testeEstruturaResposta</tag>
<status status="PASS" start="2024-06-07T23:16:05.325982" elapsed="0.116684"/>
</test>
<test id="s1-s1-t4" name="Validar tipos de dados" line="28">
<kw name="Teste de Tipos de Dados" owner="random-user-service">
<kw name="GET On Session" owner="RequestsLibrary">
<msg time="2024-06-07T23:16:05.528640" level="INFO">GET Request : url=https://randomuser.me/api 
 path_url=/api 
 headers={'User-Agent': 'python-requests/2.32.3', 'Accept-Encoding': 'gzip, deflate', 'Accept': '*/*', 'Connection': 'keep-alive'} 
 body=None 
 </msg>
<msg time="2024-06-07T23:16:05.528730" level="INFO">GET Response : url=https://randomuser.me/api 
 status=200, reason=OK 
 headers={'Date': 'Fri, 07 Jun 2024 23:16:05 GMT', 'Content-Type': 'application/json; charset=utf-8', 'Transfer-Encoding': 'chunked', 'Connection': 'keep-alive', 'X-Powered-By': 'Express', 'Access-Control-Allow-Origin': '*', 'Cache-Control': 'no-cache', 'ETag': 'W/"4c7-tAJ10cyrtVlNQFOk/pELhVQdxsE"', 'Vary': 'Accept-Encoding', 'Content-Encoding': 'gzip', 'CF-Cache-Status': 'DYNAMIC', 'Report-To': '{"endpoints":[{"url":"https:\\/\\/a.nel.cloudflare.com\\/report\\/v4?s=lG6Q5YsCDubbaJy052DUG%2FXZmy%2BzEX9EUl%2FSDWOZZ2%2BVIGLRgtGP83Ia%2Bu%2BzCdBY0zVi%2FtDiFfZQbSZ3IHxLUI%2F%2FflMkXYScFwdEK%2FJWpVw%2BlEEBafE%2B%2BFC0GRtNZJWB"}],"group":"cf-nel","max_age":604800}', 'NEL': '{"success_fraction":0,"report_to":"cf-nel","max_age":604800}', 'Server': 'cloudflare', 'CF-RAY': '8904590e0f90169e-SJC', 'alt-svc': 'h3=":443"; ma=86400'} 
 body={"results":[{"gender":"female","name":{"title":"Miss","first":"Verónica","last":"Rodríguez"},"location":{"street":{"number":2596,"name":"Avenida de América"},"city":"San Sebastián de Los Reyes","state":"Comunidad Valenciana","country":"Spain","postcode":26253,"coordinates":{"latitude":"-37.1358","longitude":"10.0981"},"timezone":{"offset":"-6:00","description":"Central Time (US &amp; Canada), Mexico City"}},"email":"veronica.rodriguez@example.com","login":{"uuid":"fc0340b8-251e-484d-9beb-67a941865b46","username":"redgorilla513","password":"teddybea","salt":"vh3HpZuT","md5":"0c146813919d9d2e637fcf98d14bcb4d","sha1":"999f3227840d7bc694720c4cc274942a4f5e2829","sha256":"bae52919608e521ec2d4abfb5f007ca9892d572516926df2072f8eaeb8eb5ec3"},"dob":{"date":"1983-04-08T07:44:34.225Z","age":41},"registered":{"date":"2014-08-30T18:27:21.091Z","age":9},"phone":"915-437-230","cell":"685-210-579","id":{"name":"DNI","value":"66458644-X"},"picture":{"large":"https://randomuser.me/api/portraits/women/29.jpg","medium":"https://randomuser.me/api/portraits/med/women/29.jpg","thumbnail":"https://randomuser.me/api/portraits/thumb/women/29.jpg"},"nat":"ES"}],"info":{"seed":"e00c2f6e24416199","results":1,"page":1,"version":"1.4"}} 
 </msg>
<msg time="2024-06-07T23:16:05.528821" level="INFO">/opt/hostedtoolcache/Python/3.12.3/x64/lib/python3.12/site-packages/urllib3/connectionpool.py:1103: InsecureRequestWarning: Unverified HTTPS request is being made to host 'randomuser.me'. Adding certificate verification is strongly advised. See: https://urllib3.readthedocs.io/en/latest/advanced-usage.html#tls-warnings
  warnings.warn(</msg>
<msg time="2024-06-07T23:16:05.528943" level="INFO">${response} = &lt;Response [200]&gt;</msg>
<var>${response}</var>
<arg>consultarAPI</arg>
<arg>/api</arg>
<doc>Sends a GET request on a previously created HTTP Session.</doc>
<status status="PASS" start="2024-06-07T23:16:05.445129" elapsed="0.083870"/>
</kw>
<kw name="Set Variable" owner="BuiltIn">
<msg time="2024-06-07T23:16:05.530127" level="INFO">${json_data} = {'results': [{'gender': 'female', 'name': {'title': 'Miss', 'first': 'Verónica', 'last': 'Rodríguez'}, 'location': {'street': {'number': 2596, 'name': 'Avenida de América'}, 'city': 'San Sebastián de ...</msg>
<var>${json_data}</var>
<arg>${response.json()}</arg>
<doc>Returns the given values which can then be assigned to a variables.</doc>
<status status="PASS" start="2024-06-07T23:16:05.529560" elapsed="0.000597"/>
</kw>
<kw name="Log" owner="BuiltIn">
<msg time="2024-06-07T23:16:05.530627" level="INFO">{'results': [{'gender': 'female', 'name': {'title': 'Miss', 'first': 'Verónica', 'last': 'Rodríguez'}, 'location': {'street': {'number': 2596, 'name': 'Avenida de América'}, 'city': 'San Sebastián de Los Reyes', 'state': 'Comunidad Valenciana', 'country': 'Spain', 'postcode': 26253, 'coordinates': {'latitude': '-37.1358', 'longitude': '10.0981'}, 'timezone': {'offset': '-6:00', 'description': 'Central Time (US &amp; Canada), Mexico City'}}, 'email': 'veronica.rodriguez@example.com', 'login': {'uuid': 'fc0340b8-251e-484d-9beb-67a941865b46', 'username': 'redgorilla513', 'password': 'teddybea', 'salt': 'vh3HpZuT', 'md5': '0c146813919d9d2e637fcf98d14bcb4d', 'sha1': '999f3227840d7bc694720c4cc274942a4f5e2829', 'sha256': 'bae52919608e521ec2d4abfb5f007ca9892d572516926df2072f8eaeb8eb5ec3'}, 'dob': {'date': '1983-04-08T07:44:34.225Z', 'age': 41}, 'registered': {'date': '2014-08-30T18:27:21.091Z', 'age': 9}, 'phone': '915-437-230', 'cell': '685-210-579', 'id': {'name': 'DNI', 'value': '66458644-X'}, 'picture': {'large': 'https://randomuser.me/api/portraits/women/29.jpg', 'medium': 'https://randomuser.me/api/portraits/med/women/29.jpg', 'thumbnail': 'https://randomuser.me/api/portraits/thumb/women/29.jpg'}, 'nat': 'ES'}], 'info': {'seed': 'e00c2f6e24416199', 'results': 1, 'page': 1, 'version': '1.4'}}</msg>
<arg>${json_data}</arg>
<doc>Logs the given message with the given level.</doc>
<status status="PASS" start="2024-06-07T23:16:05.530469" elapsed="0.000243"/>
</kw>
<kw name="Should Be String" owner="String">
<arg>${json_data['results'][0]['gender']}</arg>
<doc>Fails if the given ``item`` is not a string.</doc>
<status status="PASS" start="2024-06-07T23:16:05.531014" elapsed="0.000361"/>
</kw>
<kw name="Should Match Regexp" owner="BuiltIn">
<arg>${json_data['results'][0]['email']}</arg>
<arg>^[a-zA-Z0-9._%+-]+@[a-zA-Z0-9.-]+\.[a-zA-Z]{2,}$</arg>
<doc>Fails if ``string`` does not match ``pattern`` as a regular expression.</doc>
<status status="PASS" start="2024-06-07T23:16:05.531642" elapsed="0.000524"/>
</kw>
<kw name="Should Match Regexp" owner="BuiltIn">
<arg>${json_data['results'][0]['dob']['date']}</arg>
<arg>\\d{4}-\\d{2}-\\d{2}T\\d{2}:\\d{2}:\\d{2}\\.\\d{3}Z</arg>
<doc>Fails if ``string`` does not match ``pattern`` as a regular expression.</doc>
<status status="PASS" start="2024-06-07T23:16:05.532366" elapsed="0.000490"/>
</kw>
<kw name="Should Match Regexp" owner="BuiltIn">
<arg>${json_data['results'][0]['registered']['date']}</arg>
<arg>\\d{4}-\\d{2}-\\d{2}T\\d{2}:\\d{2}:\\d{2}\\.\\d{3}Z</arg>
<doc>Fails if ``string`` does not match ``pattern`` as a regular expression.</doc>
<status status="PASS" start="2024-06-07T23:16:05.533050" elapsed="0.000367"/>
</kw>
<kw name="Should Match Regexp" owner="BuiltIn">
<arg>${json_data['results'][0]['picture']['large']}</arg>
<arg>^https?://.*\.(?:png|jpe?g|gif|bmp)$</arg>
<doc>Fails if ``string`` does not match ``pattern`` as a regular expression.</doc>
<status status="PASS" start="2024-06-07T23:16:05.533605" elapsed="0.000456"/>
</kw>
<kw name="Should Match Regexp" owner="BuiltIn">
<arg>${json_data['results'][0]['picture']['medium']}</arg>
<arg>^https?://.*\.(?:png|jpe?g|gif|bmp)$</arg>
<doc>Fails if ``string`` does not match ``pattern`` as a regular expression.</doc>
<status status="PASS" start="2024-06-07T23:16:05.534248" elapsed="0.000355"/>
</kw>
<kw name="Should Match Regexp" owner="BuiltIn">
<arg>${json_data['results'][0]['picture']['thumbnail']}</arg>
<arg>^https?://.*\.(?:png|jpe?g|gif|bmp)$</arg>
<doc>Fails if ``string`` does not match ``pattern`` as a regular expression.</doc>
<status status="PASS" start="2024-06-07T23:16:05.534793" elapsed="0.000347"/>
</kw>
<kw name="Log" owner="BuiltIn">
<msg time="2024-06-07T23:16:05.535699" level="INFO">{'large': 'https://randomuser.me/api/portraits/women/29.jpg', 'medium': 'https://randomuser.me/api/portraits/med/women/29.jpg', 'thumbnail': 'https://randomuser.me/api/portraits/thumb/women/29.jpg'}</msg>
<arg>${json_data['results'][0]['picture']}</arg>
<doc>Logs the given message with the given level.</doc>
<status status="PASS" start="2024-06-07T23:16:05.535334" elapsed="0.000410"/>
</kw>
<status status="PASS" start="2024-06-07T23:16:05.444898" elapsed="0.091102"/>
</kw>
<kw name="Teste de Tipos de Dados - Postcode" owner="random-user-service">
<kw name="GET On Session" owner="RequestsLibrary">
<msg time="2024-06-07T23:16:05.645608" level="INFO">GET Request : url=https://randomuser.me/api 
 path_url=/api 
 headers={'User-Agent': 'python-requests/2.32.3', 'Accept-Encoding': 'gzip, deflate', 'Accept': '*/*', 'Connection': 'keep-alive'} 
 body=None 
 </msg>
<msg time="2024-06-07T23:16:05.645681" level="INFO">GET Response : url=https://randomuser.me/api 
 status=200, reason=OK 
 headers={'Date': 'Fri, 07 Jun 2024 23:16:05 GMT', 'Content-Type': 'application/json; charset=utf-8', 'Transfer-Encoding': 'chunked', 'Connection': 'keep-alive', 'X-Powered-By': 'Express', 'Access-Control-Allow-Origin': '*', 'Cache-Control': 'no-cache', 'ETag': 'W/"490-fyX/03EIeEC+TdHyL7VQ2YYHQQs"', 'Vary': 'Accept-Encoding', 'Content-Encoding': 'gzip', 'CF-Cache-Status': 'DYNAMIC', 'Report-To': '{"endpoints":[{"url":"https:\\/\\/a.nel.cloudflare.com\\/report\\/v4?s=9OEzOzvh8dg7pjhPWH4WBP3FMcLaW8bcNXzyfZPPwV1ix1UOX%2BEHliAiZfJBmxYrrKXKbK%2B4w%2Fr%2BvOfBvGjWCifqy2GuU%2Fu6zNUlcknNSLeCEYe%2BYfUxwbJgodmTXia%2F"}],"group":"cf-nel","max_age":604800}', 'NEL': '{"success_fraction":0,"report_to":"cf-nel","max_age":604800}', 'Server': 'cloudflare', 'CF-RAY': '8904590e9829169e-SJC', 'alt-svc': 'h3=":443"; ma=86400'} 
 body={"results":[{"gender":"female","name":{"title":"Mrs","first":"تارا","last":"یاسمی"},"location":{"street":{"number":8783,"name":"آیت‌الله سعیدی"},"city":"زنجان","state":"گیلان","country":"Iran","postcode":86967,"coordinates":{"latitude":"13.3457","longitude":"41.7467"},"timezone":{"offset":"+2:00","description":"Kaliningrad, South Africa"}},"email":"tr.ysmy@example.com","login":{"uuid":"4fa8e17f-d952-4946-9e7f-dbe5e6e93108","username":"whitesnake758","password":"hopeful","salt":"LwkLqAv5","md5":"b8d1e1f1a5a1bb0851b89a2a54ad0099","sha1":"d8c10000005d4db33934d3d8a6caeeea256ab27f","sha256":"db46fb842fcea766da2535bf369cdac32ec0391f7f3831b62ea8990a7deeadfa"},"dob":{"date":"1995-05-28T19:07:46.229Z","age":29},"registered":{"date":"2009-09-10T13:59:41.249Z","age":14},"phone":"049-62105218","cell":"0931-819-4411","id":{"name":"","value":null},"picture":{"large":"https://randomuser.me/api/portraits/women/85.jpg","medium":"https://randomuser.me/api/portraits/med/women/85.jpg","thumbnail":"https://randomuser.me/api/portraits/thumb/women/85.jpg"},"nat":"IR"}],"info":{"seed":"6c8d6b8f2b8fdb03","results":1,"page":1,"version":"1.4"}} 
 </msg>
<msg time="2024-06-07T23:16:05.645744" level="INFO">/opt/hostedtoolcache/Python/3.12.3/x64/lib/python3.12/site-packages/urllib3/connectionpool.py:1103: InsecureRequestWarning: Unverified HTTPS request is being made to host 'randomuser.me'. Adding certificate verification is strongly advised. See: https://urllib3.readthedocs.io/en/latest/advanced-usage.html#tls-warnings
  warnings.warn(</msg>
<msg time="2024-06-07T23:16:05.645841" level="INFO">${response} = &lt;Response [200]&gt;</msg>
<var>${response}</var>
<arg>consultarAPI</arg>
<arg>/api</arg>
<doc>Sends a GET request on a previously created HTTP Session.</doc>
<status status="PASS" start="2024-06-07T23:16:05.536442" elapsed="0.109439"/>
</kw>
<kw name="Set Variable" owner="BuiltIn">
<msg time="2024-06-07T23:16:05.646970" level="INFO">${json_data} = {'results': [{'gender': 'female', 'name': {'title': 'Mrs', 'first': 'تارا', 'last': 'یاسمی'}, 'location': {'street': {'number': 8783, 'name': 'آیت\u200cالله سعیدی'}, 'city': 'زنجان', 'state': 'گیلان',...</msg>
<var>${json_data}</var>
<arg>${response.json()}</arg>
<doc>Returns the given values which can then be assigned to a variables.</doc>
<status status="PASS" start="2024-06-07T23:16:05.646395" elapsed="0.000606"/>
</kw>
<kw name="Log" owner="BuiltIn">
<msg time="2024-06-07T23:16:05.647524" level="INFO">{'results': [{'gender': 'female', 'name': {'title': 'Mrs', 'first': 'تارا', 'last': 'یاسمی'}, 'location': {'street': {'number': 8783, 'name': 'آیت\u200cالله سعیدی'}, 'city': 'زنجان', 'state': 'گیلان', 'country': 'Iran', 'postcode': 86967, 'coordinates': {'latitude': '13.3457', 'longitude': '41.7467'}, 'timezone': {'offset': '+2:00', 'description': 'Kaliningrad, South Africa'}}, 'email': 'tr.ysmy@example.com', 'login': {'uuid': '4fa8e17f-d952-4946-9e7f-dbe5e6e93108', 'username': 'whitesnake758', 'password': 'hopeful', 'salt': 'LwkLqAv5', 'md5': 'b8d1e1f1a5a1bb0851b89a2a54ad0099', 'sha1': 'd8c10000005d4db33934d3d8a6caeeea256ab27f', 'sha256': 'db46fb842fcea766da2535bf369cdac32ec0391f7f3831b62ea8990a7deeadfa'}, 'dob': {'date': '1995-05-28T19:07:46.229Z', 'age': 29}, 'registered': {'date': '2009-09-10T13:59:41.249Z', 'age': 14}, 'phone': '049-62105218', 'cell': '0931-819-4411', 'id': {'name': '', 'value': None}, 'picture': {'large': 'https://randomuser.me/api/portraits/women/85.jpg', 'medium': 'https://randomuser.me/api/portraits/med/women/85.jpg', 'thumbnail': 'https://randomuser.me/api/portraits/thumb/women/85.jpg'}, 'nat': 'IR'}], 'info': {'seed': '6c8d6b8f2b8fdb03', 'results': 1, 'page': 1, 'version': '1.4'}}</msg>
<arg>${json_data}</arg>
<doc>Logs the given message with the given level.</doc>
<status status="PASS" start="2024-06-07T23:16:05.647324" elapsed="0.000293"/>
</kw>
<kw name="Should Be Equal As Numbers" owner="BuiltIn">
<arg>${json_data['results'][0]['location']['postcode']}</arg>
<arg>${json_data['results'][0]['location']['postcode']}</arg>
<doc>Fails if objects are unequal after converting them to real numbers.</doc>
<status status="PASS" start="2024-06-07T23:16:05.647947" elapsed="0.000776"/>
</kw>
<kw name="Log" owner="BuiltIn">
<msg time="2024-06-07T23:16:05.649258" level="INFO">86967</msg>
<arg>${json_data['results'][0]['location']['postcode']}</arg>
<doc>Logs the given message with the given level.</doc>
<status status="PASS" start="2024-06-07T23:16:05.648919" elapsed="0.000382"/>
</kw>
<status status="PASS" start="2024-06-07T23:16:05.536219" elapsed="0.113339"/>
</kw>
<doc>Testa se os tipos de dados na resposta da API estão corretos.</doc>
<tag>testeTiposDados</tag>
<status status="PASS" start="2024-06-07T23:16:05.444450" elapsed="0.205275"/>
</test>
<test id="s1-s1-t5" name="Validar conteudo" line="35">
<kw name="Teste de Tipos de Conteudo" owner="random-user-service">
<kw name="GET On Session" owner="RequestsLibrary">
<msg time="2024-06-07T23:16:05.742223" level="INFO">GET Request : url=https://randomuser.me/api 
 path_url=/api 
 headers={'User-Agent': 'python-requests/2.32.3', 'Accept-Encoding': 'gzip, deflate', 'Accept': '*/*', 'Connection': 'keep-alive'} 
 body=None 
 </msg>
<msg time="2024-06-07T23:16:05.742304" level="INFO">GET Response : url=https://randomuser.me/api 
 status=200, reason=OK 
 headers={'Date': 'Fri, 07 Jun 2024 23:16:05 GMT', 'Content-Type': 'application/json; charset=utf-8', 'Transfer-Encoding': 'chunked', 'Connection': 'keep-alive', 'X-Powered-By': 'Express', 'Access-Control-Allow-Origin': '*', 'Cache-Control': 'no-cache', 'ETag': 'W/"4ae-eCo0+zKonzFLyPS2OOLPNpZOegk"', 'Vary': 'Accept-Encoding', 'Content-Encoding': 'gzip', 'CF-Cache-Status': 'DYNAMIC', 'Report-To': '{"endpoints":[{"url":"https:\\/\\/a.nel.cloudflare.com\\/report\\/v4?s=mIZBFBZ3SJyq0nsXxAoDkOVZMqS1kfSB0Wl3FstthpNf%2BX%2FomWYSVa6q5gvtT9%2BNLNqcotOJw1lc1SoYjTmd1tEBlOL29hhuobKmEDG9GghaVmJpSfpe3C9Z6%2F4W7OkM"}],"group":"cf-nel","max_age":604800}', 'NEL': '{"success_fraction":0,"report_to":"cf-nel","max_age":604800}', 'Server': 'cloudflare', 'CF-RAY': '8904590f5939169e-SJC', 'alt-svc': 'h3=":443"; ma=86400'} 
 body={"results":[{"gender":"female","name":{"title":"Miss","first":"Claire","last":"Roussel"},"location":{"street":{"number":2267,"name":"Montée Saint-Barthélémy"},"city":"Roubaix","state":"Pas-de-Calais","country":"France","postcode":38991,"coordinates":{"latitude":"-16.8305","longitude":"147.6449"},"timezone":{"offset":"-1:00","description":"Azores, Cape Verde Islands"}},"email":"claire.roussel@example.com","login":{"uuid":"3e2633cc-53b9-4c92-a3c7-7880a50697eb","username":"lazyladybug587","password":"roadster","salt":"pTJXLj4o","md5":"63a05de97c17d818525daaf78e28295d","sha1":"7dc0f1e1d786622902f3d1bf5936f4e2526223bc","sha256":"51a1d33aefb3c6a54fd5e680b9e85d357691dd61245f55f5c31446febc16aeaf"},"dob":{"date":"1973-09-23T07:37:34.022Z","age":50},"registered":{"date":"2002-08-06T00:56:08.616Z","age":21},"phone":"02-03-54-97-49","cell":"06-80-96-27-62","id":{"name":"INSEE","value":"2730867664756 59"},"picture":{"large":"https://randomuser.me/api/portraits/women/64.jpg","medium":"https://randomuser.me/api/portraits/med/women/64.jpg","thumbnail":"https://randomuser.me/api/portraits/thumb/women/64.jpg"},"nat":"FR"}],"info":{"seed":"e3e43464036e2c2e","results":1,"page":1,"version":"1.4"}} 
 </msg>
<msg time="2024-06-07T23:16:05.742374" level="INFO">/opt/hostedtoolcache/Python/3.12.3/x64/lib/python3.12/site-packages/urllib3/connectionpool.py:1103: InsecureRequestWarning: Unverified HTTPS request is being made to host 'randomuser.me'. Adding certificate verification is strongly advised. See: https://urllib3.readthedocs.io/en/latest/advanced-usage.html#tls-warnings
  warnings.warn(</msg>
<msg time="2024-06-07T23:16:05.742485" level="INFO">${response} = &lt;Response [200]&gt;</msg>
<var>${response}</var>
<arg>consultarAPI</arg>
<arg>/api</arg>
<doc>Sends a GET request on a previously created HTTP Session.</doc>
<status status="PASS" start="2024-06-07T23:16:05.652188" elapsed="0.090348"/>
</kw>
<kw name="Set Variable" owner="BuiltIn">
<msg time="2024-06-07T23:16:05.743654" level="INFO">${json_data} = {'results': [{'gender': 'female', 'name': {'title': 'Miss', 'first': 'Claire', 'last': 'Roussel'}, 'location': {'street': {'number': 2267, 'name': 'Montée Saint-Barthélémy'}, 'city': 'Roubaix', 'state...</msg>
<var>${json_data}</var>
<arg>${response.json()}</arg>
<doc>Returns the given values which can then be assigned to a variables.</doc>
<status status="PASS" start="2024-06-07T23:16:05.743041" elapsed="0.000643"/>
</kw>
<kw name="Set Variable" owner="BuiltIn">
<msg time="2024-06-07T23:16:05.744369" level="INFO">${name_title} = Miss</msg>
<var>${name_title}</var>
<arg>${json_data["results"][0]["name"]["title"]}</arg>
<doc>Returns the given values which can then be assigned to a variables.</doc>
<status status="PASS" start="2024-06-07T23:16:05.743991" elapsed="0.000404"/>
</kw>
<kw name="Create List" owner="BuiltIn">
<msg time="2024-06-07T23:16:05.744842" level="INFO">${allowed_titles} = ['Mr', 'Ms', 'Miss', 'Mrs', 'Madame', 'Monsieur']</msg>
<var>${allowed_titles}</var>
<arg>Mr</arg>
<arg>Ms</arg>
<arg>Miss</arg>
<arg>Mrs</arg>
<arg>Madame</arg>
<arg>Monsieur</arg>
<doc>Returns a list containing given items.</doc>
<status status="PASS" start="2024-06-07T23:16:05.744695" elapsed="0.000171"/>
</kw>
<kw name="List Should Contain Value" owner="Collections">
<msg time="2024-06-07T23:16:05.745342" level="INFO">False</msg>
<arg>${allowed_titles}</arg>
<arg>${name_title}</arg>
<doc>Fails if the ``value`` is not found from ``list``.</doc>
<status status="PASS" start="2024-06-07T23:16:05.745168" elapsed="0.000210"/>
</kw>
<kw name="Set Variable" owner="BuiltIn">
<msg time="2024-06-07T23:16:05.746050" level="INFO">${name_country} = FR</msg>
<var>${name_country}</var>
<arg>${json_data["results"][0]["nat"]}</arg>
<doc>Returns the given values which can then be assigned to a variables.</doc>
<status status="PASS" start="2024-06-07T23:16:05.745675" elapsed="0.000401"/>
</kw>
<kw name="Create List" owner="BuiltIn">
<msg time="2024-06-07T23:16:05.746973" level="INFO">${list_country} = ['AD', 'AE', 'AF', 'AG', 'AI', 'AL', 'AM', 'AO', 'AQ', 'AR', 'AS', 'AT', 'AU', 'AW', 'AX', 'AZ', 'BA', 'BB', 'BD', 'BE', 'BF', 'BG', 'BH', 'BI', 'BJ', 'BL', 'BM', 'BN', 'BO', 'BQ', 'BR', 'BS', 'BT', '...</msg>
<var>${list_country}</var>
<arg>AD</arg>
<arg>AE</arg>
<arg>AF</arg>
<arg>AG</arg>
<arg>AI</arg>
<arg>AL</arg>
<arg>AM</arg>
<arg>AO</arg>
<arg>AQ</arg>
<arg>AR</arg>
<arg>AS</arg>
<arg>AT</arg>
<arg>AU</arg>
<arg>AW</arg>
<arg>AX</arg>
<arg>AZ</arg>
<arg>BA</arg>
<arg>BB</arg>
<arg>BD</arg>
<arg>BE</arg>
<arg>BF</arg>
<arg>BG</arg>
<arg>BH</arg>
<arg>BI</arg>
<arg>BJ</arg>
<arg>BL</arg>
<arg>BM</arg>
<arg>BN</arg>
<arg>BO</arg>
<arg>BQ</arg>
<arg>BR</arg>
<arg>BS</arg>
<arg>BT</arg>
<arg>BV</arg>
<arg>BW</arg>
<arg>BY</arg>
<arg>BZ</arg>
<arg>CA</arg>
<arg>CC</arg>
<arg>CD</arg>
<arg>CF</arg>
<arg>CG</arg>
<arg>CH</arg>
<arg>CI</arg>
<arg>CK</arg>
<arg>CL</arg>
<arg>CM</arg>
<arg>CN</arg>
<arg>CO</arg>
<arg>CR</arg>
<arg>CU</arg>
<arg>CV</arg>
<arg>CW</arg>
<arg>CX</arg>
<arg>CY</arg>
<arg>CZ</arg>
<arg>DE</arg>
<arg>DJ</arg>
<arg>DK</arg>
<arg>DM</arg>
<arg>DO</arg>
<arg>DZ</arg>
<arg>EC</arg>
<arg>EE</arg>
<arg>EG</arg>
<arg>EH</arg>
<arg>ER</arg>
<arg>ES</arg>
<arg>ET</arg>
<arg>FI</arg>
<arg>FJ</arg>
<arg>FK</arg>
<arg>FM</arg>
<arg>FO</arg>
<arg>FR</arg>
<arg>GA</arg>
<arg>GB</arg>
<arg>GD</arg>
<arg>GE</arg>
<arg>GF</arg>
<arg>GG</arg>
<arg>GH</arg>
<arg>GI</arg>
<arg>GL</arg>
<arg>GM</arg>
<arg>GN</arg>
<arg>GP</arg>
<arg>GQ</arg>
<arg>GR</arg>
<arg>GS</arg>
<arg>GT</arg>
<arg>GU</arg>
<arg>GW</arg>
<arg>GY</arg>
<arg>HK</arg>
<arg>HM</arg>
<arg>HN</arg>
<arg>HR</arg>
<arg>HT</arg>
<arg>HU</arg>
<arg>ID</arg>
<arg>IE</arg>
<arg>IL</arg>
<arg>IM</arg>
<arg>IN</arg>
<arg>IO</arg>
<arg>IQ</arg>
<arg>IR</arg>
<arg>IS</arg>
<arg>IT</arg>
<arg>JE</arg>
<arg>JM</arg>
<arg>JO</arg>
<arg>JP</arg>
<arg>KE</arg>
<arg>KG</arg>
<arg>KH</arg>
<arg>KI</arg>
<arg>KM</arg>
<arg>KN</arg>
<arg>KP</arg>
<arg>KR</arg>
<arg>KW</arg>
<arg>KY</arg>
<arg>KZ</arg>
<arg>LA</arg>
<arg>LB</arg>
<arg>LC</arg>
<arg>LI</arg>
<arg>LK</arg>
<arg>LR</arg>
<arg>LS</arg>
<arg>LT</arg>
<arg>LU</arg>
<arg>LV</arg>
<arg>LY</arg>
<arg>MA</arg>
<arg>MC</arg>
<arg>MD</arg>
<arg>ME</arg>
<arg>MF</arg>
<arg>MG</arg>
<arg>MH</arg>
<arg>MK</arg>
<arg>ML</arg>
<arg>MM</arg>
<arg>MN</arg>
<arg>MO</arg>
<arg>MP</arg>
<arg>MQ</arg>
<arg>MR</arg>
<arg>MS</arg>
<arg>MT</arg>
<arg>MU</arg>
<arg>MV</arg>
<arg>MW</arg>
<arg>MX</arg>
<arg>MY</arg>
<arg>MZ</arg>
<arg>NA</arg>
<arg>NC</arg>
<arg>NE</arg>
<arg>NF</arg>
<arg>NG</arg>
<arg>NI</arg>
<arg>NL</arg>
<arg>NO</arg>
<arg>NP</arg>
<arg>NR</arg>
<arg>NU</arg>
<arg>NZ</arg>
<arg>OM</arg>
<arg>PA</arg>
<arg>PE</arg>
<arg>PF</arg>
<arg>PG</arg>
<arg>PH</arg>
<arg>PK</arg>
<arg>PL</arg>
<arg>PM</arg>
<arg>PN</arg>
<arg>PR</arg>
<arg>PS</arg>
<arg>PT</arg>
<arg>PW</arg>
<arg>PY</arg>
<arg>QA</arg>
<arg>RE</arg>
<arg>RO</arg>
<arg>RS</arg>
<arg>RU</arg>
<arg>RW</arg>
<arg>SA</arg>
<arg>SB</arg>
<arg>SC</arg>
<arg>SD</arg>
<arg>SE</arg>
<arg>SG</arg>
<arg>SH</arg>
<arg>SI</arg>
<arg>SJ</arg>
<arg>SK</arg>
<arg>SL</arg>
<arg>SM</arg>
<arg>SN</arg>
<arg>SO</arg>
<arg>SR</arg>
<arg>SS</arg>
<arg>ST</arg>
<arg>SV</arg>
<arg>SX</arg>
<arg>SY</arg>
<arg>SZ</arg>
<arg>TC</arg>
<arg>TD</arg>
<arg>TF</arg>
<arg>TG</arg>
<arg>TH</arg>
<arg>TJ</arg>
<arg>TK</arg>
<arg>TL</arg>
<arg>TM</arg>
<arg>TN</arg>
<arg>TO</arg>
<arg>TR</arg>
<arg>TT</arg>
<arg>TV</arg>
<arg>TW</arg>
<arg>TZ</arg>
<arg>UA</arg>
<arg>UG</arg>
<arg>UM</arg>
<arg>US</arg>
<arg>UY</arg>
<arg>UZ</arg>
<arg>VA</arg>
<arg>VC</arg>
<arg>VE</arg>
<arg>VG</arg>
<arg>VI</arg>
<arg>VN</arg>
<arg>VU</arg>
<arg>WF</arg>
<arg>WS</arg>
<arg>XK</arg>
<arg>YE</arg>
<arg>YT</arg>
<arg>ZA</arg>
<arg>ZM</arg>
<arg>ZW</arg>
<doc>Returns a list containing given items.</doc>
<status status="PASS" start="2024-06-07T23:16:05.746376" elapsed="0.000622"/>
</kw>
<kw name="List Should Contain Value" owner="Collections">
<msg time="2024-06-07T23:16:05.748017" level="INFO">False</msg>
<arg>${list_country}</arg>
<arg>${name_country}</arg>
<doc>Fails if the ``value`` is not found from ``list``.</doc>
<status status="PASS" start="2024-06-07T23:16:05.747810" elapsed="0.000248"/>
</kw>
<kw name="Run Keyword If" owner="BuiltIn">
<kw name="Should Be True" owner="BuiltIn">
<arg>${True}</arg>
<doc>Fails if the given condition is not true.</doc>
<status status="PASS" start="2024-06-07T23:16:05.749117" elapsed="0.000145"/>
</kw>
<arg>${json_data["results"][0]["location"]["coordinates"]["latitude"]} &gt;= -90 and ${json_data["results"][0]["location"]["coordinates"]["latitude"]} &lt;= 90</arg>
<arg>Should Be True</arg>
<arg>${True}</arg>
<doc>Runs the given keyword with the given arguments, if ``condition`` is true.</doc>
<status status="PASS" start="2024-06-07T23:16:05.748371" elapsed="0.001019"/>
</kw>
<kw name="Run Keyword If" owner="BuiltIn">
<kw name="Should Be True" owner="BuiltIn">
<arg>${True}</arg>
<doc>Fails if the given condition is not true.</doc>
<status status="PASS" start="2024-06-07T23:16:05.750275" elapsed="0.000245"/>
</kw>
<arg>${json_data["results"][0]["location"]["coordinates"]["longitude"]} &gt;= -180 and ${json_data["results"][0]["location"]["coordinates"]["longitude"]} &lt;= 180</arg>
<arg>Should Be True</arg>
<arg>${True}</arg>
<doc>Runs the given keyword with the given arguments, if ``condition`` is true.</doc>
<status status="PASS" start="2024-06-07T23:16:05.749578" elapsed="0.001067"/>
</kw>
<status status="PASS" start="2024-06-07T23:16:05.651961" elapsed="0.098811"/>
</kw>
<doc>Testa o conteúdo específico dos campos retornados pela API.</doc>
<tag>testeConteudo</tag>
<status status="PASS" start="2024-06-07T23:16:05.651517" elapsed="0.099402"/>
</test>
<status status="PASS" start="2024-06-07T23:16:04.851620" elapsed="0.901283"/>
</suite>
<status status="PASS" start="2024-06-07T23:16:04.838058" elapsed="0.920144"/>
</suite>
<statistics>
<total>
<stat pass="5" fail="0" skip="0">All Tests</stat>
</total>
<tag>
<stat pass="1" fail="0" skip="0">testeConteudo</stat>
<stat pass="1" fail="0" skip="0">testeEstruturaResposta</stat>
<stat pass="1" fail="0" skip="0">testeRequisicaoBasica</stat>
<stat pass="1" fail="0" skip="0">testeTiposDados</stat>
</tag>
<suite>
<stat pass="5" fail="0" skip="0" id="s1" name="Tests">Tests</stat>
<stat pass="5" fail="0" skip="0" id="s1-s1" name="Random-User-Test">Tests.Random-User-Test</stat>
</suite>
</statistics>
<errors>
</errors>
</robot>
