<?xml version="1.0" encoding="UTF-8"?>
<robot generator="Robot 7.0 (Python 3.12.3 on linux)" generated="2024-05-07T01:01:39.510675" rpa="false" schemaversion="5">
<suite id="s1" name="Tests" source="/home/runner/work/DesafioQAItauRogerioJordao/DesafioQAItauRogerioJordao/RamdonUser/tests">
<suite id="s1-s1" name="Random-User-Test" source="/home/runner/work/DesafioQAItauRogerioJordao/DesafioQAItauRogerioJordao/RamdonUser/tests/random-user-test.robot">
<test id="s1-s1-t1" name="Conectar" line="13">
<kw name="Conectar API" owner="random-user-service">
<kw name="Create Session" owner="RequestsLibrary">
<msg time="2024-05-07T01:01:39.896300" level="INFO">Creating Session using : alias=consultarAPI, url=https://randomuser.me/, headers={},                     cookies={}, auth=None, timeout=None, proxies=None, verify=False,                     debug=0 </msg>
<arg>consultarAPI</arg>
<arg>${URL}</arg>
<doc>Create Session: create a HTTP session to a server</doc>
<status status="PASS" start="2024-05-07T01:01:39.896093" elapsed="0.000394"/>
</kw>
<status status="PASS" start="2024-05-07T01:01:39.895056" elapsed="0.001804"/>
</kw>
<status status="PASS" start="2024-05-07T01:01:39.894381" elapsed="0.002674"/>
</test>
<test id="s1-s1-t2" name="Validar retorno 200 e JSON Válido" line="16">
<kw name="Teste de Requisicao Basica" owner="random-user-service">
<kw name="GET On Session" owner="RequestsLibrary">
<msg time="2024-05-07T01:01:40.136603" level="INFO">GET Request : url=https://randomuser.me/api 
 path_url=/api 
 headers={'User-Agent': 'python-requests/2.31.0', 'Accept-Encoding': 'gzip, deflate', 'Accept': '*/*', 'Connection': 'keep-alive'} 
 body=None 
 </msg>
<msg time="2024-05-07T01:01:40.136755" level="INFO">GET Response : url=https://randomuser.me/api 
 status=200, reason=OK 
 headers={'Date': 'Tue, 07 May 2024 01:01:40 GMT', 'Content-Type': 'application/json; charset=utf-8', 'Transfer-Encoding': 'chunked', 'Connection': 'keep-alive', 'X-Powered-By': 'Express', 'Access-Control-Allow-Origin': '*', 'Cache-Control': 'no-cache', 'ETag': 'W/"49e-3AH22N3AtFHMDAXpy2s77UOOoxc"', 'Vary': 'Accept-Encoding', 'Content-Encoding': 'gzip', 'CF-Cache-Status': 'DYNAMIC', 'Report-To': '{"endpoints":[{"url":"https:\\/\\/a.nel.cloudflare.com\\/report\\/v4?s=5ZutQqFQo6qfM9%2BeYt7hokUiwxQHrvUFHhuctAajmdq8xe7f7NhwwYns7lBSfxPQ5joYL41qFncNjgrxmuUTRgI51HsxIWiOcgoeYQ2NHbhYNyfBgSXmyEkNj6PrtRHW"}],"group":"cf-nel","max_age":604800}', 'NEL': '{"success_fraction":0,"report_to":"cf-nel","max_age":604800}', 'Server': 'cloudflare', 'CF-RAY': '87fd47b59b242d05-IAD', 'alt-svc': 'h3=":443"; ma=86400'} 
 body={"results":[{"gender":"male","name":{"title":"Mr","first":"Theodore","last":"Webb"},"location":{"street":{"number":649,"name":"Westheimer Rd"},"city":"Boulder","state":"Maryland","country":"United States","postcode":25938,"coordinates":{"latitude":"89.4371","longitude":"-43.0486"},"timezone":{"offset":"0:00","description":"Western Europe Time, London, Lisbon, Casablanca"}},"email":"theodore.webb@example.com","login":{"uuid":"ef71f162-9521-4d71-8eae-12b367854ad4","username":"purplewolf168","password":"tyler1","salt":"Kxig1Bes","md5":"3207ebfa28ddb065756c526c7693ae90","sha1":"0bee536b6c03eccf55f3746ea3a8f79b60d41d6b","sha256":"535ff0067676db16527731cabe64d6140778ceed55ac2c81a3478d72e3c13c98"},"dob":{"date":"1953-09-02T17:31:19.851Z","age":70},"registered":{"date":"2016-03-12T23:44:58.051Z","age":8},"phone":"(545) 436-8216","cell":"(700) 576-6162","id":{"name":"SSN","value":"385-90-5757"},"picture":{"large":"https://randomuser.me/api/portraits/men/23.jpg","medium":"https://randomuser.me/api/portraits/med/men/23.jpg","thumbnail":"https://randomuser.me/api/portraits/thumb/men/23.jpg"},"nat":"US"}],"info":{"seed":"906ae0e04935a240","results":1,"page":1,"version":"1.4"}} 
 </msg>
<msg time="2024-05-07T01:01:40.136839" level="INFO">/opt/hostedtoolcache/Python/3.12.3/x64/lib/python3.12/site-packages/urllib3/connectionpool.py:1103: InsecureRequestWarning: Unverified HTTPS request is being made to host 'randomuser.me'. Adding certificate verification is strongly advised. See: https://urllib3.readthedocs.io/en/latest/advanced-usage.html#tls-warnings
  warnings.warn(</msg>
<msg time="2024-05-07T01:01:40.136985" level="INFO">${response} = &lt;Response [200]&gt;</msg>
<var>${response}</var>
<arg>consultarAPI</arg>
<arg>/api</arg>
<doc>Sends a GET request on a previously created HTTP Session.</doc>
<status status="PASS" start="2024-05-07T01:01:39.899789" elapsed="0.237240"/>
</kw>
<kw name="Should Be Equal As Numbers" owner="BuiltIn">
<msg time="2024-05-07T01:01:40.138259" level="INFO">Argument types are:
&lt;class 'int'&gt;
&lt;class 'str'&gt;</msg>
<arg>${response.status_code}</arg>
<arg>200</arg>
<doc>Fails if objects are unequal after converting them to real numbers.</doc>
<status status="PASS" start="2024-05-07T01:01:40.137710" elapsed="0.000618"/>
</kw>
<kw name="Log" owner="BuiltIn">
<msg time="2024-05-07T01:01:40.139110" level="INFO">200</msg>
<arg>${response.status_code}</arg>
<doc>Logs the given message with the given level.</doc>
<status status="PASS" start="2024-05-07T01:01:40.138735" elapsed="0.000419"/>
</kw>
<kw name="Set Variable" owner="BuiltIn">
<msg time="2024-05-07T01:01:40.139963" level="INFO">${json_data} = {'results': [{'gender': 'male', 'name': {'title': 'Mr', 'first': 'Theodore', 'last': 'Webb'}, 'location': {'street': {'number': 649, 'name': 'Westheimer Rd'}, 'city': 'Boulder', 'state': 'Maryland', '...</msg>
<var>${json_data}</var>
<arg>${response.json()}</arg>
<doc>Returns the given values which can then be assigned to a variables.</doc>
<status status="PASS" start="2024-05-07T01:01:40.139481" elapsed="0.000516"/>
</kw>
<kw name="Dictionary Should Contain Key" owner="Collections">
<msg time="2024-05-07T01:01:40.140498" level="INFO">False</msg>
<arg>${json_data}</arg>
<arg>results</arg>
<doc>Fails if ``key`` is not found from ``dictionary``.</doc>
<status status="PASS" start="2024-05-07T01:01:40.140321" elapsed="0.000219"/>
</kw>
<status status="PASS" start="2024-05-07T01:01:39.899541" elapsed="0.241259"/>
</kw>
<doc>Testa se a API responde corretamente e retorna um objeto JSON válido.</doc>
<tag>testeRequisicaoBasica</tag>
<status status="PASS" start="2024-05-07T01:01:39.898973" elapsed="0.242020"/>
</test>
<test id="s1-s1-t3" name="Validar estrutura de resposta" line="22">
<kw name="Teste de Estrutura de Resposta" owner="random-user-service">
<kw name="GET On Session" owner="RequestsLibrary">
<msg time="2024-05-07T01:01:40.256000" level="INFO">GET Request : url=https://randomuser.me/api 
 path_url=/api 
 headers={'User-Agent': 'python-requests/2.31.0', 'Accept-Encoding': 'gzip, deflate', 'Accept': '*/*', 'Connection': 'keep-alive'} 
 body=None 
 </msg>
<msg time="2024-05-07T01:01:40.256114" level="INFO">GET Response : url=https://randomuser.me/api 
 status=200, reason=OK 
 headers={'Date': 'Tue, 07 May 2024 01:01:40 GMT', 'Content-Type': 'application/json; charset=utf-8', 'Transfer-Encoding': 'chunked', 'Connection': 'keep-alive', 'X-Powered-By': 'Express', 'Access-Control-Allow-Origin': '*', 'Cache-Control': 'no-cache', 'ETag': 'W/"492-8pSbVyufyRoRK3XiMhMFlu05TAQ"', 'Vary': 'Accept-Encoding', 'Content-Encoding': 'gzip', 'CF-Cache-Status': 'DYNAMIC', 'Report-To': '{"endpoints":[{"url":"https:\\/\\/a.nel.cloudflare.com\\/report\\/v4?s=Ds2SPwZanquaMXts%2Bl30XmB6X8f2YwcjZ9n98ZauI1mL50ie%2BEPU14niCCRqzDznCZtFLoNLTXr8v9bZfESlVoDeH5Yb5S%2FbjoW8vOo4whkP5tTj7ShLHIrt68%2FsPK2w"}],"group":"cf-nel","max_age":604800}', 'NEL': '{"success_fraction":0,"report_to":"cf-nel","max_age":604800}', 'Server': 'cloudflare', 'CF-RAY': '87fd47b5eb942d05-IAD', 'alt-svc': 'h3=":443"; ma=86400'} 
 body={"results":[{"gender":"female","name":{"title":"Miss","first":"Miriam","last":"Ruiz"},"location":{"street":{"number":9128,"name":"Calle de Alcalá"},"city":"Móstoles","state":"Región de Murcia","country":"Spain","postcode":17694,"coordinates":{"latitude":"-35.7685","longitude":"39.3175"},"timezone":{"offset":"-8:00","description":"Pacific Time (US &amp; Canada)"}},"email":"miriam.ruiz@example.com","login":{"uuid":"ad02e49f-1243-4728-96d6-c0fc863a0130","username":"greenpeacock116","password":"sultan","salt":"kqoDkIYA","md5":"096cc4170c49d0ca7650062ebced001d","sha1":"97dad0534e29cb0c095ebebc3007ea8a77c8a9f9","sha256":"16b9bc22ac13d1778631d908e8fbe68e576b08e2dcc04a07c34e79c70e69da91"},"dob":{"date":"1998-01-03T15:29:01.090Z","age":26},"registered":{"date":"2017-11-12T16:38:27.175Z","age":6},"phone":"942-600-200","cell":"604-826-452","id":{"name":"DNI","value":"88812960-M"},"picture":{"large":"https://randomuser.me/api/portraits/women/53.jpg","medium":"https://randomuser.me/api/portraits/med/women/53.jpg","thumbnail":"https://randomuser.me/api/portraits/thumb/women/53.jpg"},"nat":"ES"}],"info":{"seed":"a436283aa2976b87","results":1,"page":1,"version":"1.4"}} 
 </msg>
<msg time="2024-05-07T01:01:40.256256" level="INFO">/opt/hostedtoolcache/Python/3.12.3/x64/lib/python3.12/site-packages/urllib3/connectionpool.py:1103: InsecureRequestWarning: Unverified HTTPS request is being made to host 'randomuser.me'. Adding certificate verification is strongly advised. See: https://urllib3.readthedocs.io/en/latest/advanced-usage.html#tls-warnings
  warnings.warn(</msg>
<msg time="2024-05-07T01:01:40.256407" level="INFO">${response} = &lt;Response [200]&gt;</msg>
<var>${response}</var>
<arg>consultarAPI</arg>
<arg>/api</arg>
<doc>Sends a GET request on a previously created HTTP Session.</doc>
<status status="PASS" start="2024-05-07T01:01:40.143772" elapsed="0.112676"/>
</kw>
<kw name="Set Variable" owner="BuiltIn">
<msg time="2024-05-07T01:01:40.257626" level="INFO">${json_data} = {'results': [{'gender': 'female', 'name': {'title': 'Miss', 'first': 'Miriam', 'last': 'Ruiz'}, 'location': {'street': {'number': 9128, 'name': 'Calle de Alcalá'}, 'city': 'Móstoles', 'state': 'Región...</msg>
<var>${json_data}</var>
<arg>${response.json()}</arg>
<doc>Returns the given values which can then be assigned to a variables.</doc>
<status status="PASS" start="2024-05-07T01:01:40.257032" elapsed="0.000624"/>
</kw>
<kw name="Log" owner="BuiltIn">
<msg time="2024-05-07T01:01:40.258137" level="INFO">{'results': [{'gender': 'female', 'name': {'title': 'Miss', 'first': 'Miriam', 'last': 'Ruiz'}, 'location': {'street': {'number': 9128, 'name': 'Calle de Alcalá'}, 'city': 'Móstoles', 'state': 'Región de Murcia', 'country': 'Spain', 'postcode': 17694, 'coordinates': {'latitude': '-35.7685', 'longitude': '39.3175'}, 'timezone': {'offset': '-8:00', 'description': 'Pacific Time (US &amp; Canada)'}}, 'email': 'miriam.ruiz@example.com', 'login': {'uuid': 'ad02e49f-1243-4728-96d6-c0fc863a0130', 'username': 'greenpeacock116', 'password': 'sultan', 'salt': 'kqoDkIYA', 'md5': '096cc4170c49d0ca7650062ebced001d', 'sha1': '97dad0534e29cb0c095ebebc3007ea8a77c8a9f9', 'sha256': '16b9bc22ac13d1778631d908e8fbe68e576b08e2dcc04a07c34e79c70e69da91'}, 'dob': {'date': '1998-01-03T15:29:01.090Z', 'age': 26}, 'registered': {'date': '2017-11-12T16:38:27.175Z', 'age': 6}, 'phone': '942-600-200', 'cell': '604-826-452', 'id': {'name': 'DNI', 'value': '88812960-M'}, 'picture': {'large': 'https://randomuser.me/api/portraits/women/53.jpg', 'medium': 'https://randomuser.me/api/portraits/med/women/53.jpg', 'thumbnail': 'https://randomuser.me/api/portraits/thumb/women/53.jpg'}, 'nat': 'ES'}], 'info': {'seed': 'a436283aa2976b87', 'results': 1, 'page': 1, 'version': '1.4'}}</msg>
<arg>${json_data}</arg>
<doc>Logs the given message with the given level.</doc>
<status status="PASS" start="2024-05-07T01:01:40.257976" elapsed="0.000211"/>
</kw>
<kw name="Dictionary Should Contain Key" owner="Collections">
<msg time="2024-05-07T01:01:40.258641" level="INFO">False</msg>
<arg>${json_data}</arg>
<arg>results</arg>
<doc>Fails if ``key`` is not found from ``dictionary``.</doc>
<status status="PASS" start="2024-05-07T01:01:40.258481" elapsed="0.000197"/>
</kw>
<kw name="Should Not Be Empty" owner="BuiltIn">
<msg time="2024-05-07T01:01:40.259107" level="INFO">Length is 2.</msg>
<arg>${json_data}</arg>
<doc>Verifies that the given item is not empty.</doc>
<status status="PASS" start="2024-05-07T01:01:40.258970" elapsed="0.000335"/>
</kw>
<kw name="Create List" owner="BuiltIn">
<msg time="2024-05-07T01:01:40.259749" level="INFO">${expected_keys} = ['gender', 'name', 'location', 'email', 'login']</msg>
<var>${expected_keys}</var>
<arg>gender</arg>
<arg>name</arg>
<arg>location</arg>
<arg>email</arg>
<arg>login</arg>
<doc>Returns a list containing given items.</doc>
<status status="PASS" start="2024-05-07T01:01:40.259596" elapsed="0.000177"/>
</kw>
<for flavor="IN">
<iter>
<kw name="Dictionary Should Contain Key" owner="Collections">
<msg time="2024-05-07T01:01:40.260790" level="INFO">False</msg>
<arg>${json_data['results'][0]}</arg>
<arg>${key}</arg>
<doc>Fails if ``key`` is not found from ``dictionary``.</doc>
<status status="PASS" start="2024-05-07T01:01:40.260388" elapsed="0.000439"/>
</kw>
<kw name="Log" owner="BuiltIn">
<msg time="2024-05-07T01:01:40.261491" level="INFO">{'gender': 'female', 'name': {'title': 'Miss', 'first': 'Miriam', 'last': 'Ruiz'}, 'location': {'street': {'number': 9128, 'name': 'Calle de Alcalá'}, 'city': 'Móstoles', 'state': 'Región de Murcia', 'country': 'Spain', 'postcode': 17694, 'coordinates': {'latitude': '-35.7685', 'longitude': '39.3175'}, 'timezone': {'offset': '-8:00', 'description': 'Pacific Time (US &amp; Canada)'}}, 'email': 'miriam.ruiz@example.com', 'login': {'uuid': 'ad02e49f-1243-4728-96d6-c0fc863a0130', 'username': 'greenpeacock116', 'password': 'sultan', 'salt': 'kqoDkIYA', 'md5': '096cc4170c49d0ca7650062ebced001d', 'sha1': '97dad0534e29cb0c095ebebc3007ea8a77c8a9f9', 'sha256': '16b9bc22ac13d1778631d908e8fbe68e576b08e2dcc04a07c34e79c70e69da91'}, 'dob': {'date': '1998-01-03T15:29:01.090Z', 'age': 26}, 'registered': {'date': '2017-11-12T16:38:27.175Z', 'age': 6}, 'phone': '942-600-200', 'cell': '604-826-452', 'id': {'name': 'DNI', 'value': '88812960-M'}, 'picture': {'large': 'https://randomuser.me/api/portraits/women/53.jpg', 'medium': 'https://randomuser.me/api/portraits/med/women/53.jpg', 'thumbnail': 'https://randomuser.me/api/portraits/thumb/women/53.jpg'}, 'nat': 'ES'}</msg>
<arg>${json_data['results'][0]}</arg>
<doc>Logs the given message with the given level.</doc>
<status status="PASS" start="2024-05-07T01:01:40.261125" elapsed="0.000416"/>
</kw>
<kw name="Log" owner="BuiltIn">
<msg time="2024-05-07T01:01:40.261965" level="INFO">gender</msg>
<arg>${key}</arg>
<doc>Logs the given message with the given level.</doc>
<status status="PASS" start="2024-05-07T01:01:40.261841" elapsed="0.000160"/>
</kw>
<var name="${key}">gender</var>
<status status="PASS" start="2024-05-07T01:01:40.260263" elapsed="0.001947"/>
</iter>
<iter>
<kw name="Dictionary Should Contain Key" owner="Collections">
<msg time="2024-05-07T01:01:40.262881" level="INFO">False</msg>
<arg>${json_data['results'][0]}</arg>
<arg>${key}</arg>
<doc>Fails if ``key`` is not found from ``dictionary``.</doc>
<status status="PASS" start="2024-05-07T01:01:40.262509" elapsed="0.000409"/>
</kw>
<kw name="Log" owner="BuiltIn">
<msg time="2024-05-07T01:01:40.263600" level="INFO">{'gender': 'female', 'name': {'title': 'Miss', 'first': 'Miriam', 'last': 'Ruiz'}, 'location': {'street': {'number': 9128, 'name': 'Calle de Alcalá'}, 'city': 'Móstoles', 'state': 'Región de Murcia', 'country': 'Spain', 'postcode': 17694, 'coordinates': {'latitude': '-35.7685', 'longitude': '39.3175'}, 'timezone': {'offset': '-8:00', 'description': 'Pacific Time (US &amp; Canada)'}}, 'email': 'miriam.ruiz@example.com', 'login': {'uuid': 'ad02e49f-1243-4728-96d6-c0fc863a0130', 'username': 'greenpeacock116', 'password': 'sultan', 'salt': 'kqoDkIYA', 'md5': '096cc4170c49d0ca7650062ebced001d', 'sha1': '97dad0534e29cb0c095ebebc3007ea8a77c8a9f9', 'sha256': '16b9bc22ac13d1778631d908e8fbe68e576b08e2dcc04a07c34e79c70e69da91'}, 'dob': {'date': '1998-01-03T15:29:01.090Z', 'age': 26}, 'registered': {'date': '2017-11-12T16:38:27.175Z', 'age': 6}, 'phone': '942-600-200', 'cell': '604-826-452', 'id': {'name': 'DNI', 'value': '88812960-M'}, 'picture': {'large': 'https://randomuser.me/api/portraits/women/53.jpg', 'medium': 'https://randomuser.me/api/portraits/med/women/53.jpg', 'thumbnail': 'https://randomuser.me/api/portraits/thumb/women/53.jpg'}, 'nat': 'ES'}</msg>
<arg>${json_data['results'][0]}</arg>
<doc>Logs the given message with the given level.</doc>
<status status="PASS" start="2024-05-07T01:01:40.263236" elapsed="0.000414"/>
</kw>
<kw name="Log" owner="BuiltIn">
<msg time="2024-05-07T01:01:40.264099" level="INFO">name</msg>
<arg>${key}</arg>
<doc>Logs the given message with the given level.</doc>
<status status="PASS" start="2024-05-07T01:01:40.263969" elapsed="0.000167"/>
</kw>
<var name="${key}">name</var>
<status status="PASS" start="2024-05-07T01:01:40.262395" elapsed="0.001958"/>
</iter>
<iter>
<kw name="Dictionary Should Contain Key" owner="Collections">
<msg time="2024-05-07T01:01:40.265015" level="INFO">False</msg>
<arg>${json_data['results'][0]}</arg>
<arg>${key}</arg>
<doc>Fails if ``key`` is not found from ``dictionary``.</doc>
<status status="PASS" start="2024-05-07T01:01:40.264638" elapsed="0.000413"/>
</kw>
<kw name="Log" owner="BuiltIn">
<msg time="2024-05-07T01:01:40.265699" level="INFO">{'gender': 'female', 'name': {'title': 'Miss', 'first': 'Miriam', 'last': 'Ruiz'}, 'location': {'street': {'number': 9128, 'name': 'Calle de Alcalá'}, 'city': 'Móstoles', 'state': 'Región de Murcia', 'country': 'Spain', 'postcode': 17694, 'coordinates': {'latitude': '-35.7685', 'longitude': '39.3175'}, 'timezone': {'offset': '-8:00', 'description': 'Pacific Time (US &amp; Canada)'}}, 'email': 'miriam.ruiz@example.com', 'login': {'uuid': 'ad02e49f-1243-4728-96d6-c0fc863a0130', 'username': 'greenpeacock116', 'password': 'sultan', 'salt': 'kqoDkIYA', 'md5': '096cc4170c49d0ca7650062ebced001d', 'sha1': '97dad0534e29cb0c095ebebc3007ea8a77c8a9f9', 'sha256': '16b9bc22ac13d1778631d908e8fbe68e576b08e2dcc04a07c34e79c70e69da91'}, 'dob': {'date': '1998-01-03T15:29:01.090Z', 'age': 26}, 'registered': {'date': '2017-11-12T16:38:27.175Z', 'age': 6}, 'phone': '942-600-200', 'cell': '604-826-452', 'id': {'name': 'DNI', 'value': '88812960-M'}, 'picture': {'large': 'https://randomuser.me/api/portraits/women/53.jpg', 'medium': 'https://randomuser.me/api/portraits/med/women/53.jpg', 'thumbnail': 'https://randomuser.me/api/portraits/thumb/women/53.jpg'}, 'nat': 'ES'}</msg>
<arg>${json_data['results'][0]}</arg>
<doc>Logs the given message with the given level.</doc>
<status status="PASS" start="2024-05-07T01:01:40.265344" elapsed="0.000403"/>
</kw>
<kw name="Log" owner="BuiltIn">
<msg time="2024-05-07T01:01:40.266158" level="INFO">location</msg>
<arg>${key}</arg>
<doc>Logs the given message with the given level.</doc>
<status status="PASS" start="2024-05-07T01:01:40.266035" elapsed="0.000159"/>
</kw>
<var name="${key}">location</var>
<status status="PASS" start="2024-05-07T01:01:40.264527" elapsed="0.001874"/>
</iter>
<iter>
<kw name="Dictionary Should Contain Key" owner="Collections">
<msg time="2024-05-07T01:01:40.267057" level="INFO">False</msg>
<arg>${json_data['results'][0]}</arg>
<arg>${key}</arg>
<doc>Fails if ``key`` is not found from ``dictionary``.</doc>
<status status="PASS" start="2024-05-07T01:01:40.266677" elapsed="0.000416"/>
</kw>
<kw name="Log" owner="BuiltIn">
<msg time="2024-05-07T01:01:40.267744" level="INFO">{'gender': 'female', 'name': {'title': 'Miss', 'first': 'Miriam', 'last': 'Ruiz'}, 'location': {'street': {'number': 9128, 'name': 'Calle de Alcalá'}, 'city': 'Móstoles', 'state': 'Región de Murcia', 'country': 'Spain', 'postcode': 17694, 'coordinates': {'latitude': '-35.7685', 'longitude': '39.3175'}, 'timezone': {'offset': '-8:00', 'description': 'Pacific Time (US &amp; Canada)'}}, 'email': 'miriam.ruiz@example.com', 'login': {'uuid': 'ad02e49f-1243-4728-96d6-c0fc863a0130', 'username': 'greenpeacock116', 'password': 'sultan', 'salt': 'kqoDkIYA', 'md5': '096cc4170c49d0ca7650062ebced001d', 'sha1': '97dad0534e29cb0c095ebebc3007ea8a77c8a9f9', 'sha256': '16b9bc22ac13d1778631d908e8fbe68e576b08e2dcc04a07c34e79c70e69da91'}, 'dob': {'date': '1998-01-03T15:29:01.090Z', 'age': 26}, 'registered': {'date': '2017-11-12T16:38:27.175Z', 'age': 6}, 'phone': '942-600-200', 'cell': '604-826-452', 'id': {'name': 'DNI', 'value': '88812960-M'}, 'picture': {'large': 'https://randomuser.me/api/portraits/women/53.jpg', 'medium': 'https://randomuser.me/api/portraits/med/women/53.jpg', 'thumbnail': 'https://randomuser.me/api/portraits/thumb/women/53.jpg'}, 'nat': 'ES'}</msg>
<arg>${json_data['results'][0]}</arg>
<doc>Logs the given message with the given level.</doc>
<status status="PASS" start="2024-05-07T01:01:40.267385" elapsed="0.000409"/>
</kw>
<kw name="Log" owner="BuiltIn">
<msg time="2024-05-07T01:01:40.268241" level="INFO">email</msg>
<arg>${key}</arg>
<doc>Logs the given message with the given level.</doc>
<status status="PASS" start="2024-05-07T01:01:40.268115" elapsed="0.000162"/>
</kw>
<var name="${key}">email</var>
<status status="PASS" start="2024-05-07T01:01:40.266569" elapsed="0.001919"/>
</iter>
<iter>
<kw name="Dictionary Should Contain Key" owner="Collections">
<msg time="2024-05-07T01:01:40.269148" level="INFO">False</msg>
<arg>${json_data['results'][0]}</arg>
<arg>${key}</arg>
<doc>Fails if ``key`` is not found from ``dictionary``.</doc>
<status status="PASS" start="2024-05-07T01:01:40.268760" elapsed="0.000424"/>
</kw>
<kw name="Log" owner="BuiltIn">
<msg time="2024-05-07T01:01:40.269843" level="INFO">{'gender': 'female', 'name': {'title': 'Miss', 'first': 'Miriam', 'last': 'Ruiz'}, 'location': {'street': {'number': 9128, 'name': 'Calle de Alcalá'}, 'city': 'Móstoles', 'state': 'Región de Murcia', 'country': 'Spain', 'postcode': 17694, 'coordinates': {'latitude': '-35.7685', 'longitude': '39.3175'}, 'timezone': {'offset': '-8:00', 'description': 'Pacific Time (US &amp; Canada)'}}, 'email': 'miriam.ruiz@example.com', 'login': {'uuid': 'ad02e49f-1243-4728-96d6-c0fc863a0130', 'username': 'greenpeacock116', 'password': 'sultan', 'salt': 'kqoDkIYA', 'md5': '096cc4170c49d0ca7650062ebced001d', 'sha1': '97dad0534e29cb0c095ebebc3007ea8a77c8a9f9', 'sha256': '16b9bc22ac13d1778631d908e8fbe68e576b08e2dcc04a07c34e79c70e69da91'}, 'dob': {'date': '1998-01-03T15:29:01.090Z', 'age': 26}, 'registered': {'date': '2017-11-12T16:38:27.175Z', 'age': 6}, 'phone': '942-600-200', 'cell': '604-826-452', 'id': {'name': 'DNI', 'value': '88812960-M'}, 'picture': {'large': 'https://randomuser.me/api/portraits/women/53.jpg', 'medium': 'https://randomuser.me/api/portraits/med/women/53.jpg', 'thumbnail': 'https://randomuser.me/api/portraits/thumb/women/53.jpg'}, 'nat': 'ES'}</msg>
<arg>${json_data['results'][0]}</arg>
<doc>Logs the given message with the given level.</doc>
<status status="PASS" start="2024-05-07T01:01:40.269476" elapsed="0.000416"/>
</kw>
<kw name="Log" owner="BuiltIn">
<msg time="2024-05-07T01:01:40.270309" level="INFO">login</msg>
<arg>${key}</arg>
<doc>Logs the given message with the given level.</doc>
<status status="PASS" start="2024-05-07T01:01:40.270185" elapsed="0.000160"/>
</kw>
<var name="${key}">login</var>
<status status="PASS" start="2024-05-07T01:01:40.268653" elapsed="0.001942"/>
</iter>
<var>${key}</var>
<value>@{expected_keys}</value>
<status status="PASS" start="2024-05-07T01:01:40.260070" elapsed="0.010647"/>
</for>
<kw name="Create List" owner="BuiltIn">
<msg time="2024-05-07T01:01:40.271038" level="INFO">${expected_keysTwo} = ['username', 'password']</msg>
<var>${expected_keysTwo}</var>
<arg>username</arg>
<arg>password</arg>
<doc>Returns a list containing given items.</doc>
<status status="PASS" start="2024-05-07T01:01:40.270905" elapsed="0.000156"/>
</kw>
<for flavor="IN">
<iter>
<kw name="Dictionary Should Contain Key" owner="Collections">
<msg time="2024-05-07T01:01:40.271958" level="INFO">False</msg>
<arg>${json_data['results'][0]['login']}</arg>
<arg>${keyTwo}</arg>
<doc>Fails if ``key`` is not found from ``dictionary``.</doc>
<status status="PASS" start="2024-05-07T01:01:40.271551" elapsed="0.000454"/>
</kw>
<kw name="Dictionary Should Contain Key" owner="Collections">
<msg time="2024-05-07T01:01:40.272689" level="INFO">False</msg>
<arg>${json_data['results'][0]['login']}</arg>
<arg>${keyTwo}</arg>
<doc>Fails if ``key`` is not found from ``dictionary``.</doc>
<status status="PASS" start="2024-05-07T01:01:40.272305" elapsed="0.000421"/>
</kw>
<kw name="Log" owner="BuiltIn">
<msg time="2024-05-07T01:01:40.273140" level="INFO">username</msg>
<arg>${keyTwo}</arg>
<doc>Logs the given message with the given level.</doc>
<status status="PASS" start="2024-05-07T01:01:40.273015" elapsed="0.000167"/>
</kw>
<var name="${keyTwo}">username</var>
<status status="PASS" start="2024-05-07T01:01:40.271442" elapsed="0.001957"/>
</iter>
<iter>
<kw name="Dictionary Should Contain Key" owner="Collections">
<msg time="2024-05-07T01:01:40.274148" level="INFO">False</msg>
<arg>${json_data['results'][0]['login']}</arg>
<arg>${keyTwo}</arg>
<doc>Fails if ``key`` is not found from ``dictionary``.</doc>
<status status="PASS" start="2024-05-07T01:01:40.273690" elapsed="0.000499"/>
</kw>
<kw name="Dictionary Should Contain Key" owner="Collections">
<msg time="2024-05-07T01:01:40.274852" level="INFO">False</msg>
<arg>${json_data['results'][0]['login']}</arg>
<arg>${keyTwo}</arg>
<doc>Fails if ``key`` is not found from ``dictionary``.</doc>
<status status="PASS" start="2024-05-07T01:01:40.274479" elapsed="0.000409"/>
</kw>
<kw name="Log" owner="BuiltIn">
<msg time="2024-05-07T01:01:40.275315" level="INFO">password</msg>
<arg>${keyTwo}</arg>
<doc>Logs the given message with the given level.</doc>
<status status="PASS" start="2024-05-07T01:01:40.275184" elapsed="0.000167"/>
</kw>
<var name="${keyTwo}">password</var>
<status status="PASS" start="2024-05-07T01:01:40.273582" elapsed="0.001984"/>
</iter>
<var>${keyTwo}</var>
<value>@{expected_keysTwo}</value>
<status status="PASS" start="2024-05-07T01:01:40.271294" elapsed="0.004391"/>
</for>
<status status="PASS" start="2024-05-07T01:01:40.143525" elapsed="0.132300"/>
</kw>
<doc>Testa a estrutura da resposta da API.</doc>
<tag>testeEstruturaResposta</tag>
<status status="PASS" start="2024-05-07T01:01:40.142882" elapsed="0.133136"/>
</test>
<test id="s1-s1-t4" name="Validar tipos de dados" line="28">
<kw name="Teste de Tipos de Dados" owner="random-user-service">
<kw name="GET On Session" owner="RequestsLibrary">
<msg time="2024-05-07T01:01:40.336270" level="INFO">GET Request : url=https://randomuser.me/api 
 path_url=/api 
 headers={'User-Agent': 'python-requests/2.31.0', 'Accept-Encoding': 'gzip, deflate', 'Accept': '*/*', 'Connection': 'keep-alive'} 
 body=None 
 </msg>
<msg time="2024-05-07T01:01:40.336348" level="INFO">GET Response : url=https://randomuser.me/api 
 status=200, reason=OK 
 headers={'Date': 'Tue, 07 May 2024 01:01:40 GMT', 'Content-Type': 'application/json; charset=utf-8', 'Transfer-Encoding': 'chunked', 'Connection': 'keep-alive', 'X-Powered-By': 'Express', 'Access-Control-Allow-Origin': '*', 'Cache-Control': 'no-cache', 'ETag': 'W/"487-MPq9G/ckBwclv300WiAKD4OXRPM"', 'Vary': 'Accept-Encoding', 'Content-Encoding': 'gzip', 'CF-Cache-Status': 'DYNAMIC', 'Report-To': '{"endpoints":[{"url":"https:\\/\\/a.nel.cloudflare.com\\/report\\/v4?s=aR0Z4IyT01sHHoSEwvvGloEpILUo%2BIU%2Buj7umCYLwcuesIIp9lTZ3TaRzFD4to45M4lJqsVd%2FZRJxbNTMR9st3Gc68nrfJ5iWpbsSFsfK2YIZPc%2FicW8OBCdTQqtuptv"}],"group":"cf-nel","max_age":604800}', 'NEL': '{"success_fraction":0,"report_to":"cf-nel","max_age":604800}', 'Server': 'cloudflare', 'CF-RAY': '87fd47b6ccdf2d05-IAD', 'alt-svc': 'h3=":443"; ma=86400'} 
 body={"results":[{"gender":"male","name":{"title":"Mr","first":"Ivo","last":"De Ligt"},"location":{"street":{"number":6004,"name":"Azuurweg"},"city":"Ellecom","state":"Groningen","country":"Netherlands","postcode":"8448 IM","coordinates":{"latitude":"30.8518","longitude":"-100.2938"},"timezone":{"offset":"+5:30","description":"Bombay, Calcutta, Madras, New Delhi"}},"email":"ivo.deligt@example.com","login":{"uuid":"62b9136b-9640-4ecf-b23a-91d68ede9c1d","username":"bluemouse607","password":"block","salt":"KAsb5X77","md5":"4d326969c8a6f22ee68584fb21af149e","sha1":"31cfee8f1b7603485b82bf2a811a6cb080e58011","sha256":"ad4be8621fa5a1f85230dc498ba4297f5ac465a99803736023fbaf8b2db994f1"},"dob":{"date":"1948-11-02T16:24:56.388Z","age":75},"registered":{"date":"2019-01-31T14:18:09.089Z","age":5},"phone":"(0278) 625300","cell":"(06) 73139431","id":{"name":"BSN","value":"72512562"},"picture":{"large":"https://randomuser.me/api/portraits/men/38.jpg","medium":"https://randomuser.me/api/portraits/med/men/38.jpg","thumbnail":"https://randomuser.me/api/portraits/thumb/men/38.jpg"},"nat":"NL"}],"info":{"seed":"e83a73c99caf7bc6","results":1,"page":1,"version":"1.4"}} 
 </msg>
<msg time="2024-05-07T01:01:40.336418" level="INFO">/opt/hostedtoolcache/Python/3.12.3/x64/lib/python3.12/site-packages/urllib3/connectionpool.py:1103: InsecureRequestWarning: Unverified HTTPS request is being made to host 'randomuser.me'. Adding certificate verification is strongly advised. See: https://urllib3.readthedocs.io/en/latest/advanced-usage.html#tls-warnings
  warnings.warn(</msg>
<msg time="2024-05-07T01:01:40.336525" level="INFO">${response} = &lt;Response [200]&gt;</msg>
<var>${response}</var>
<arg>consultarAPI</arg>
<arg>/api</arg>
<doc>Sends a GET request on a previously created HTTP Session.</doc>
<status status="PASS" start="2024-05-07T01:01:40.278568" elapsed="0.058008"/>
</kw>
<kw name="Set Variable" owner="BuiltIn">
<msg time="2024-05-07T01:01:40.337723" level="INFO">${json_data} = {'results': [{'gender': 'male', 'name': {'title': 'Mr', 'first': 'Ivo', 'last': 'De Ligt'}, 'location': {'street': {'number': 6004, 'name': 'Azuurweg'}, 'city': 'Ellecom', 'state': 'Groningen', 'count...</msg>
<var>${json_data}</var>
<arg>${response.json()}</arg>
<doc>Returns the given values which can then be assigned to a variables.</doc>
<status status="PASS" start="2024-05-07T01:01:40.337151" elapsed="0.000601"/>
</kw>
<kw name="Log" owner="BuiltIn">
<msg time="2024-05-07T01:01:40.338214" level="INFO">{'results': [{'gender': 'male', 'name': {'title': 'Mr', 'first': 'Ivo', 'last': 'De Ligt'}, 'location': {'street': {'number': 6004, 'name': 'Azuurweg'}, 'city': 'Ellecom', 'state': 'Groningen', 'country': 'Netherlands', 'postcode': '8448 IM', 'coordinates': {'latitude': '30.8518', 'longitude': '-100.2938'}, 'timezone': {'offset': '+5:30', 'description': 'Bombay, Calcutta, Madras, New Delhi'}}, 'email': 'ivo.deligt@example.com', 'login': {'uuid': '62b9136b-9640-4ecf-b23a-91d68ede9c1d', 'username': 'bluemouse607', 'password': 'block', 'salt': 'KAsb5X77', 'md5': '4d326969c8a6f22ee68584fb21af149e', 'sha1': '31cfee8f1b7603485b82bf2a811a6cb080e58011', 'sha256': 'ad4be8621fa5a1f85230dc498ba4297f5ac465a99803736023fbaf8b2db994f1'}, 'dob': {'date': '1948-11-02T16:24:56.388Z', 'age': 75}, 'registered': {'date': '2019-01-31T14:18:09.089Z', 'age': 5}, 'phone': '(0278) 625300', 'cell': '(06) 73139431', 'id': {'name': 'BSN', 'value': '72512562'}, 'picture': {'large': 'https://randomuser.me/api/portraits/men/38.jpg', 'medium': 'https://randomuser.me/api/portraits/med/men/38.jpg', 'thumbnail': 'https://randomuser.me/api/portraits/thumb/men/38.jpg'}, 'nat': 'NL'}], 'info': {'seed': 'e83a73c99caf7bc6', 'results': 1, 'page': 1, 'version': '1.4'}}</msg>
<arg>${json_data}</arg>
<doc>Logs the given message with the given level.</doc>
<status status="PASS" start="2024-05-07T01:01:40.338062" elapsed="0.000232"/>
</kw>
<kw name="Should Be String" owner="String">
<arg>${json_data['results'][0]['gender']}</arg>
<doc>Fails if the given ``item`` is not a string.</doc>
<status status="PASS" start="2024-05-07T01:01:40.338591" elapsed="0.000361"/>
</kw>
<kw name="Should Match Regexp" owner="BuiltIn">
<arg>${json_data['results'][0]['email']}</arg>
<arg>^[a-zA-Z0-9._%+-]+@[a-zA-Z0-9.-]+\.[a-zA-Z]{2,}$</arg>
<doc>Fails if ``string`` does not match ``pattern`` as a regular expression.</doc>
<status status="PASS" start="2024-05-07T01:01:40.339144" elapsed="0.000533"/>
</kw>
<kw name="Should Match Regexp" owner="BuiltIn">
<arg>${json_data['results'][0]['dob']['date']}</arg>
<arg>\\d{4}-\\d{2}-\\d{2}T\\d{2}:\\d{2}:\\d{2}\\.\\d{3}Z</arg>
<doc>Fails if ``string`` does not match ``pattern`` as a regular expression.</doc>
<status status="PASS" start="2024-05-07T01:01:40.339870" elapsed="0.000535"/>
</kw>
<kw name="Should Match Regexp" owner="BuiltIn">
<arg>${json_data['results'][0]['registered']['date']}</arg>
<arg>\\d{4}-\\d{2}-\\d{2}T\\d{2}:\\d{2}:\\d{2}\\.\\d{3}Z</arg>
<doc>Fails if ``string`` does not match ``pattern`` as a regular expression.</doc>
<status status="PASS" start="2024-05-07T01:01:40.340599" elapsed="0.000371"/>
</kw>
<kw name="Should Match Regexp" owner="BuiltIn">
<arg>${json_data['results'][0]['picture']['large']}</arg>
<arg>^https?://.*\.(?:png|jpe?g|gif|bmp)$</arg>
<doc>Fails if ``string`` does not match ``pattern`` as a regular expression.</doc>
<status status="PASS" start="2024-05-07T01:01:40.341160" elapsed="0.000460"/>
</kw>
<kw name="Should Match Regexp" owner="BuiltIn">
<arg>${json_data['results'][0]['picture']['medium']}</arg>
<arg>^https?://.*\.(?:png|jpe?g|gif|bmp)$</arg>
<doc>Fails if ``string`` does not match ``pattern`` as a regular expression.</doc>
<status status="PASS" start="2024-05-07T01:01:40.341806" elapsed="0.000353"/>
</kw>
<kw name="Should Match Regexp" owner="BuiltIn">
<arg>${json_data['results'][0]['picture']['thumbnail']}</arg>
<arg>^https?://.*\.(?:png|jpe?g|gif|bmp)$</arg>
<doc>Fails if ``string`` does not match ``pattern`` as a regular expression.</doc>
<status status="PASS" start="2024-05-07T01:01:40.342357" elapsed="0.000350"/>
</kw>
<kw name="Log" owner="BuiltIn">
<msg time="2024-05-07T01:01:40.343205" level="INFO">{'large': 'https://randomuser.me/api/portraits/men/38.jpg', 'medium': 'https://randomuser.me/api/portraits/med/men/38.jpg', 'thumbnail': 'https://randomuser.me/api/portraits/thumb/men/38.jpg'}</msg>
<arg>${json_data['results'][0]['picture']}</arg>
<doc>Logs the given message with the given level.</doc>
<status status="PASS" start="2024-05-07T01:01:40.342885" elapsed="0.000360"/>
</kw>
<status status="PASS" start="2024-05-07T01:01:40.278340" elapsed="0.065159"/>
</kw>
<kw name="Teste de Tipos de Dados - Postcode" owner="random-user-service">
<kw name="GET On Session" owner="RequestsLibrary">
<msg time="2024-05-07T01:01:40.438444" level="INFO">GET Request : url=https://randomuser.me/api 
 path_url=/api 
 headers={'User-Agent': 'python-requests/2.31.0', 'Accept-Encoding': 'gzip, deflate', 'Accept': '*/*', 'Connection': 'keep-alive'} 
 body=None 
 </msg>
<msg time="2024-05-07T01:01:40.438555" level="INFO">GET Response : url=https://randomuser.me/api 
 status=200, reason=OK 
 headers={'Date': 'Tue, 07 May 2024 01:01:40 GMT', 'Content-Type': 'application/json; charset=utf-8', 'Transfer-Encoding': 'chunked', 'Connection': 'keep-alive', 'X-Powered-By': 'Express', 'Access-Control-Allow-Origin': '*', 'Cache-Control': 'no-cache', 'ETag': 'W/"499-P4+x0NiIJ9Pxm0poubkgEbFIUGE"', 'Vary': 'Accept-Encoding', 'Content-Encoding': 'gzip', 'CF-Cache-Status': 'DYNAMIC', 'Report-To': '{"endpoints":[{"url":"https:\\/\\/a.nel.cloudflare.com\\/report\\/v4?s=dXnhgO58oWtnO6AWs5HqpoZFWb3dDjt52qkw76JdcujL1vGcQT0Z3xF%2F8jbhN%2BJiqdGsutJrWR%2FoaXK0k6Z7iVkCX61UI9b1r%2BL%2F38yQP%2By%2FDP6BkPeW7p9ob9pWu%2FvO"}],"group":"cf-nel","max_age":604800}', 'NEL': '{"success_fraction":0,"report_to":"cf-nel","max_age":604800}', 'Server': 'cloudflare', 'CF-RAY': '87fd47b72d852d05-IAD', 'alt-svc': 'h3=":443"; ma=86400'} 
 body={"results":[{"gender":"male","name":{"title":"Mr","first":"Elias","last":"Fajardo"},"location":{"street":{"number":6606,"name":"Cerrada Sur Valverde"},"city":"Uruachi","state":"Zacatecas","country":"Mexico","postcode":74144,"coordinates":{"latitude":"23.5093","longitude":"-99.2727"},"timezone":{"offset":"+1:00","description":"Brussels, Copenhagen, Madrid, Paris"}},"email":"elias.fajardo@example.com","login":{"uuid":"357a5efb-795e-468e-8c54-9c7752b27a45","username":"greenfish637","password":"santos","salt":"DJx5xF4F","md5":"cb292332f2095788b7a402384ca3d367","sha1":"d41041e2740553c5e4a48615b09d035345008872","sha256":"03211a7d2af7ea0a23eee3b00d1a0a8ec079d3acbb733fefac38f9ef67739e68"},"dob":{"date":"1988-02-24T09:44:29.324Z","age":36},"registered":{"date":"2011-07-24T11:44:37.378Z","age":12},"phone":"(631) 714 6231","cell":"(622) 331 8950","id":{"name":"NSS","value":"49 99 97 9210 5"},"picture":{"large":"https://randomuser.me/api/portraits/men/49.jpg","medium":"https://randomuser.me/api/portraits/med/men/49.jpg","thumbnail":"https://randomuser.me/api/portraits/thumb/men/49.jpg"},"nat":"MX"}],"info":{"seed":"0fc62fcf143a0d68","results":1,"page":1,"version":"1.4"}} 
 </msg>
<msg time="2024-05-07T01:01:40.438640" level="INFO">/opt/hostedtoolcache/Python/3.12.3/x64/lib/python3.12/site-packages/urllib3/connectionpool.py:1103: InsecureRequestWarning: Unverified HTTPS request is being made to host 'randomuser.me'. Adding certificate verification is strongly advised. See: https://urllib3.readthedocs.io/en/latest/advanced-usage.html#tls-warnings
  warnings.warn(</msg>
<msg time="2024-05-07T01:01:40.438767" level="INFO">${response} = &lt;Response [200]&gt;</msg>
<var>${response}</var>
<arg>consultarAPI</arg>
<arg>/api</arg>
<doc>Sends a GET request on a previously created HTTP Session.</doc>
<status status="PASS" start="2024-05-07T01:01:40.343963" elapsed="0.094845"/>
</kw>
<kw name="Set Variable" owner="BuiltIn">
<msg time="2024-05-07T01:01:40.439881" level="INFO">${json_data} = {'results': [{'gender': 'male', 'name': {'title': 'Mr', 'first': 'Elias', 'last': 'Fajardo'}, 'location': {'street': {'number': 6606, 'name': 'Cerrada Sur Valverde'}, 'city': 'Uruachi', 'state': 'Zaca...</msg>
<var>${json_data}</var>
<arg>${response.json()}</arg>
<doc>Returns the given values which can then be assigned to a variables.</doc>
<status status="PASS" start="2024-05-07T01:01:40.439330" elapsed="0.000579"/>
</kw>
<kw name="Log" owner="BuiltIn">
<msg time="2024-05-07T01:01:40.440496" level="INFO">{'results': [{'gender': 'male', 'name': {'title': 'Mr', 'first': 'Elias', 'last': 'Fajardo'}, 'location': {'street': {'number': 6606, 'name': 'Cerrada Sur Valverde'}, 'city': 'Uruachi', 'state': 'Zacatecas', 'country': 'Mexico', 'postcode': 74144, 'coordinates': {'latitude': '23.5093', 'longitude': '-99.2727'}, 'timezone': {'offset': '+1:00', 'description': 'Brussels, Copenhagen, Madrid, Paris'}}, 'email': 'elias.fajardo@example.com', 'login': {'uuid': '357a5efb-795e-468e-8c54-9c7752b27a45', 'username': 'greenfish637', 'password': 'santos', 'salt': 'DJx5xF4F', 'md5': 'cb292332f2095788b7a402384ca3d367', 'sha1': 'd41041e2740553c5e4a48615b09d035345008872', 'sha256': '03211a7d2af7ea0a23eee3b00d1a0a8ec079d3acbb733fefac38f9ef67739e68'}, 'dob': {'date': '1988-02-24T09:44:29.324Z', 'age': 36}, 'registered': {'date': '2011-07-24T11:44:37.378Z', 'age': 12}, 'phone': '(631) 714 6231', 'cell': '(622) 331 8950', 'id': {'name': 'NSS', 'value': '49 99 97 9210 5'}, 'picture': {'large': 'https://randomuser.me/api/portraits/men/49.jpg', 'medium': 'https://randomuser.me/api/portraits/med/men/49.jpg', 'thumbnail': 'https://randomuser.me/api/portraits/thumb/men/49.jpg'}, 'nat': 'MX'}], 'info': {'seed': '0fc62fcf143a0d68', 'results': 1, 'page': 1, 'version': '1.4'}}</msg>
<arg>${json_data}</arg>
<doc>Logs the given message with the given level.</doc>
<status status="PASS" start="2024-05-07T01:01:40.440329" elapsed="0.000252"/>
</kw>
<kw name="Should Be Equal As Numbers" owner="BuiltIn">
<arg>${json_data['results'][0]['location']['postcode']}</arg>
<arg>${json_data['results'][0]['location']['postcode']}</arg>
<doc>Fails if objects are unequal after converting them to real numbers.</doc>
<status status="PASS" start="2024-05-07T01:01:40.441080" elapsed="0.000641"/>
</kw>
<kw name="Log" owner="BuiltIn">
<msg time="2024-05-07T01:01:40.442256" level="INFO">74144</msg>
<arg>${json_data['results'][0]['location']['postcode']}</arg>
<doc>Logs the given message with the given level.</doc>
<status status="PASS" start="2024-05-07T01:01:40.441917" elapsed="0.000379"/>
</kw>
<status status="PASS" start="2024-05-07T01:01:40.343717" elapsed="0.098841"/>
</kw>
<doc>Testa se os tipos de dados na resposta da API estão corretos.</doc>
<tag>testeTiposDados</tag>
<status status="PASS" start="2024-05-07T01:01:40.277800" elapsed="0.164926"/>
</test>
<test id="s1-s1-t5" name="Validar conteudo" line="35">
<kw name="Teste de Tipos de Conteudo" owner="random-user-service">
<kw name="GET On Session" owner="RequestsLibrary">
<msg time="2024-05-07T01:01:40.538031" level="INFO">GET Request : url=https://randomuser.me/api 
 path_url=/api 
 headers={'User-Agent': 'python-requests/2.31.0', 'Accept-Encoding': 'gzip, deflate', 'Accept': '*/*', 'Connection': 'keep-alive'} 
 body=None 
 </msg>
<msg time="2024-05-07T01:01:40.538142" level="INFO">GET Response : url=https://randomuser.me/api 
 status=200, reason=OK 
 headers={'Date': 'Tue, 07 May 2024 01:01:40 GMT', 'Content-Type': 'application/json; charset=utf-8', 'Transfer-Encoding': 'chunked', 'Connection': 'keep-alive', 'X-Powered-By': 'Express', 'Access-Control-Allow-Origin': '*', 'Cache-Control': 'no-cache', 'ETag': 'W/"49d-DcWPXqzUUPvi1uipj8DEuX6nkZI"', 'Vary': 'Accept-Encoding', 'Content-Encoding': 'gzip', 'CF-Cache-Status': 'DYNAMIC', 'Report-To': '{"endpoints":[{"url":"https:\\/\\/a.nel.cloudflare.com\\/report\\/v4?s=1AjErMpSdnHKhINfDtq1sHJourON7iWxM4cETSQyIdRupPmflr2X5XxqFuaN7NEE%2Fsg%2BMsBc4Y9LGQjGJMi6HhoUylYLpfKI5YK8JriPJEmIbBpX2E9Ma6z8vZgsOn39"}],"group":"cf-nel","max_age":604800}', 'NEL': '{"success_fraction":0,"report_to":"cf-nel","max_age":604800}', 'Server': 'cloudflare', 'CF-RAY': '87fd47b7ce6f2d05-IAD', 'alt-svc': 'h3=":443"; ma=86400'} 
 body={"results":[{"gender":"male","name":{"title":"Mr","first":"Oliver","last":"Makinen"},"location":{"street":{"number":3275,"name":"Korkeavuorenkatu"},"city":"Kuusamo","state":"Kymenlaakso","country":"Finland","postcode":80596,"coordinates":{"latitude":"-25.9807","longitude":"-19.1287"},"timezone":{"offset":"+3:00","description":"Baghdad, Riyadh, Moscow, St. Petersburg"}},"email":"oliver.makinen@example.com","login":{"uuid":"b885564c-69f5-44f9-885d-3a18c9007311","username":"greenswan298","password":"lololo","salt":"AL7xr0Lb","md5":"fe09055f7a85f8df0683c87f29ba72fc","sha1":"4402f18c64fa7ff2631026dd42c1e6e7e745b769","sha256":"c495623afda00b647f9bdf87fd3dc77789c4f85d950d15d27a7179f2a6aa5e53"},"dob":{"date":"1980-08-13T14:52:28.506Z","age":43},"registered":{"date":"2003-06-27T01:52:33.446Z","age":20},"phone":"08-500-410","cell":"041-328-10-75","id":{"name":"HETU","value":"NaNNA187undefined"},"picture":{"large":"https://randomuser.me/api/portraits/men/50.jpg","medium":"https://randomuser.me/api/portraits/med/men/50.jpg","thumbnail":"https://randomuser.me/api/portraits/thumb/men/50.jpg"},"nat":"FI"}],"info":{"seed":"b37bdc8f19573d3d","results":1,"page":1,"version":"1.4"}} 
 </msg>
<msg time="2024-05-07T01:01:40.538210" level="INFO">/opt/hostedtoolcache/Python/3.12.3/x64/lib/python3.12/site-packages/urllib3/connectionpool.py:1103: InsecureRequestWarning: Unverified HTTPS request is being made to host 'randomuser.me'. Adding certificate verification is strongly advised. See: https://urllib3.readthedocs.io/en/latest/advanced-usage.html#tls-warnings
  warnings.warn(</msg>
<msg time="2024-05-07T01:01:40.538329" level="INFO">${response} = &lt;Response [200]&gt;</msg>
<var>${response}</var>
<arg>consultarAPI</arg>
<arg>/api</arg>
<doc>Sends a GET request on a previously created HTTP Session.</doc>
<status status="PASS" start="2024-05-07T01:01:40.445223" elapsed="0.093138"/>
</kw>
<kw name="Set Variable" owner="BuiltIn">
<msg time="2024-05-07T01:01:40.539428" level="INFO">${json_data} = {'results': [{'gender': 'male', 'name': {'title': 'Mr', 'first': 'Oliver', 'last': 'Makinen'}, 'location': {'street': {'number': 3275, 'name': 'Korkeavuorenkatu'}, 'city': 'Kuusamo', 'state': 'Kymenla...</msg>
<var>${json_data}</var>
<arg>${response.json()}</arg>
<doc>Returns the given values which can then be assigned to a variables.</doc>
<status status="PASS" start="2024-05-07T01:01:40.538910" elapsed="0.000546"/>
</kw>
<kw name="Set Variable" owner="BuiltIn">
<msg time="2024-05-07T01:01:40.540217" level="INFO">${name_title} = Mr</msg>
<var>${name_title}</var>
<arg>${json_data["results"][0]["name"]["title"]}</arg>
<doc>Returns the given values which can then be assigned to a variables.</doc>
<status status="PASS" start="2024-05-07T01:01:40.539786" elapsed="0.000457"/>
</kw>
<kw name="Create List" owner="BuiltIn">
<msg time="2024-05-07T01:01:40.540720" level="INFO">${allowed_titles} = ['Mr', 'Ms', 'Miss', 'Mrs', 'Madame', 'Monsieur']</msg>
<var>${allowed_titles}</var>
<arg>Mr</arg>
<arg>Ms</arg>
<arg>Miss</arg>
<arg>Mrs</arg>
<arg>Madame</arg>
<arg>Monsieur</arg>
<doc>Returns a list containing given items.</doc>
<status status="PASS" start="2024-05-07T01:01:40.540572" elapsed="0.000171"/>
</kw>
<kw name="List Should Contain Value" owner="Collections">
<msg time="2024-05-07T01:01:40.541216" level="INFO">False</msg>
<arg>${allowed_titles}</arg>
<arg>${name_title}</arg>
<doc>Fails if the ``value`` is not found from ``list``.</doc>
<status status="PASS" start="2024-05-07T01:01:40.541041" elapsed="0.000212"/>
</kw>
<kw name="Set Variable" owner="BuiltIn">
<msg time="2024-05-07T01:01:40.541954" level="INFO">${name_country} = FI</msg>
<var>${name_country}</var>
<arg>${json_data["results"][0]["nat"]}</arg>
<doc>Returns the given values which can then be assigned to a variables.</doc>
<status status="PASS" start="2024-05-07T01:01:40.541563" elapsed="0.000416"/>
</kw>
<kw name="Create List" owner="BuiltIn">
<msg time="2024-05-07T01:01:40.542903" level="INFO">${list_country} = ['AD', 'AE', 'AF', 'AG', 'AI', 'AL', 'AM', 'AO', 'AQ', 'AR', 'AS', 'AT', 'AU', 'AW', 'AX', 'AZ', 'BA', 'BB', 'BD', 'BE', 'BF', 'BG', 'BH', 'BI', 'BJ', 'BL', 'BM', 'BN', 'BO', 'BQ', 'BR', 'BS', 'BT', '...</msg>
<var>${list_country}</var>
<arg>AD</arg>
<arg>AE</arg>
<arg>AF</arg>
<arg>AG</arg>
<arg>AI</arg>
<arg>AL</arg>
<arg>AM</arg>
<arg>AO</arg>
<arg>AQ</arg>
<arg>AR</arg>
<arg>AS</arg>
<arg>AT</arg>
<arg>AU</arg>
<arg>AW</arg>
<arg>AX</arg>
<arg>AZ</arg>
<arg>BA</arg>
<arg>BB</arg>
<arg>BD</arg>
<arg>BE</arg>
<arg>BF</arg>
<arg>BG</arg>
<arg>BH</arg>
<arg>BI</arg>
<arg>BJ</arg>
<arg>BL</arg>
<arg>BM</arg>
<arg>BN</arg>
<arg>BO</arg>
<arg>BQ</arg>
<arg>BR</arg>
<arg>BS</arg>
<arg>BT</arg>
<arg>BV</arg>
<arg>BW</arg>
<arg>BY</arg>
<arg>BZ</arg>
<arg>CA</arg>
<arg>CC</arg>
<arg>CD</arg>
<arg>CF</arg>
<arg>CG</arg>
<arg>CH</arg>
<arg>CI</arg>
<arg>CK</arg>
<arg>CL</arg>
<arg>CM</arg>
<arg>CN</arg>
<arg>CO</arg>
<arg>CR</arg>
<arg>CU</arg>
<arg>CV</arg>
<arg>CW</arg>
<arg>CX</arg>
<arg>CY</arg>
<arg>CZ</arg>
<arg>DE</arg>
<arg>DJ</arg>
<arg>DK</arg>
<arg>DM</arg>
<arg>DO</arg>
<arg>DZ</arg>
<arg>EC</arg>
<arg>EE</arg>
<arg>EG</arg>
<arg>EH</arg>
<arg>ER</arg>
<arg>ES</arg>
<arg>ET</arg>
<arg>FI</arg>
<arg>FJ</arg>
<arg>FK</arg>
<arg>FM</arg>
<arg>FO</arg>
<arg>FR</arg>
<arg>GA</arg>
<arg>GB</arg>
<arg>GD</arg>
<arg>GE</arg>
<arg>GF</arg>
<arg>GG</arg>
<arg>GH</arg>
<arg>GI</arg>
<arg>GL</arg>
<arg>GM</arg>
<arg>GN</arg>
<arg>GP</arg>
<arg>GQ</arg>
<arg>GR</arg>
<arg>GS</arg>
<arg>GT</arg>
<arg>GU</arg>
<arg>GW</arg>
<arg>GY</arg>
<arg>HK</arg>
<arg>HM</arg>
<arg>HN</arg>
<arg>HR</arg>
<arg>HT</arg>
<arg>HU</arg>
<arg>ID</arg>
<arg>IE</arg>
<arg>IL</arg>
<arg>IM</arg>
<arg>IN</arg>
<arg>IO</arg>
<arg>IQ</arg>
<arg>IR</arg>
<arg>IS</arg>
<arg>IT</arg>
<arg>JE</arg>
<arg>JM</arg>
<arg>JO</arg>
<arg>JP</arg>
<arg>KE</arg>
<arg>KG</arg>
<arg>KH</arg>
<arg>KI</arg>
<arg>KM</arg>
<arg>KN</arg>
<arg>KP</arg>
<arg>KR</arg>
<arg>KW</arg>
<arg>KY</arg>
<arg>KZ</arg>
<arg>LA</arg>
<arg>LB</arg>
<arg>LC</arg>
<arg>LI</arg>
<arg>LK</arg>
<arg>LR</arg>
<arg>LS</arg>
<arg>LT</arg>
<arg>LU</arg>
<arg>LV</arg>
<arg>LY</arg>
<arg>MA</arg>
<arg>MC</arg>
<arg>MD</arg>
<arg>ME</arg>
<arg>MF</arg>
<arg>MG</arg>
<arg>MH</arg>
<arg>MK</arg>
<arg>ML</arg>
<arg>MM</arg>
<arg>MN</arg>
<arg>MO</arg>
<arg>MP</arg>
<arg>MQ</arg>
<arg>MR</arg>
<arg>MS</arg>
<arg>MT</arg>
<arg>MU</arg>
<arg>MV</arg>
<arg>MW</arg>
<arg>MX</arg>
<arg>MY</arg>
<arg>MZ</arg>
<arg>NA</arg>
<arg>NC</arg>
<arg>NE</arg>
<arg>NF</arg>
<arg>NG</arg>
<arg>NI</arg>
<arg>NL</arg>
<arg>NO</arg>
<arg>NP</arg>
<arg>NR</arg>
<arg>NU</arg>
<arg>NZ</arg>
<arg>OM</arg>
<arg>PA</arg>
<arg>PE</arg>
<arg>PF</arg>
<arg>PG</arg>
<arg>PH</arg>
<arg>PK</arg>
<arg>PL</arg>
<arg>PM</arg>
<arg>PN</arg>
<arg>PR</arg>
<arg>PS</arg>
<arg>PT</arg>
<arg>PW</arg>
<arg>PY</arg>
<arg>QA</arg>
<arg>RE</arg>
<arg>RO</arg>
<arg>RS</arg>
<arg>RU</arg>
<arg>RW</arg>
<arg>SA</arg>
<arg>SB</arg>
<arg>SC</arg>
<arg>SD</arg>
<arg>SE</arg>
<arg>SG</arg>
<arg>SH</arg>
<arg>SI</arg>
<arg>SJ</arg>
<arg>SK</arg>
<arg>SL</arg>
<arg>SM</arg>
<arg>SN</arg>
<arg>SO</arg>
<arg>SR</arg>
<arg>SS</arg>
<arg>ST</arg>
<arg>SV</arg>
<arg>SX</arg>
<arg>SY</arg>
<arg>SZ</arg>
<arg>TC</arg>
<arg>TD</arg>
<arg>TF</arg>
<arg>TG</arg>
<arg>TH</arg>
<arg>TJ</arg>
<arg>TK</arg>
<arg>TL</arg>
<arg>TM</arg>
<arg>TN</arg>
<arg>TO</arg>
<arg>TR</arg>
<arg>TT</arg>
<arg>TV</arg>
<arg>TW</arg>
<arg>TZ</arg>
<arg>UA</arg>
<arg>UG</arg>
<arg>UM</arg>
<arg>US</arg>
<arg>UY</arg>
<arg>UZ</arg>
<arg>VA</arg>
<arg>VC</arg>
<arg>VE</arg>
<arg>VG</arg>
<arg>VI</arg>
<arg>VN</arg>
<arg>VU</arg>
<arg>WF</arg>
<arg>WS</arg>
<arg>XK</arg>
<arg>YE</arg>
<arg>YT</arg>
<arg>ZA</arg>
<arg>ZM</arg>
<arg>ZW</arg>
<doc>Returns a list containing given items.</doc>
<status status="PASS" start="2024-05-07T01:01:40.542319" elapsed="0.000617"/>
</kw>
<kw name="List Should Contain Value" owner="Collections">
<msg time="2024-05-07T01:01:40.543919" level="INFO">False</msg>
<arg>${list_country}</arg>
<arg>${name_country}</arg>
<doc>Fails if the ``value`` is not found from ``list``.</doc>
<status status="PASS" start="2024-05-07T01:01:40.543722" elapsed="0.000260"/>
</kw>
<kw name="Run Keyword If" owner="BuiltIn">
<kw name="Should Be True" owner="BuiltIn">
<arg>${True}</arg>
<doc>Fails if the given condition is not true.</doc>
<status status="PASS" start="2024-05-07T01:01:40.545058" elapsed="0.000265"/>
</kw>
<arg>${json_data["results"][0]["location"]["coordinates"]["latitude"]} &gt;= -90 and ${json_data["results"][0]["location"]["coordinates"]["latitude"]} &lt;= 90</arg>
<arg>Should Be True</arg>
<arg>${True}</arg>
<doc>Runs the given keyword with the given arguments, if ``condition`` is true.</doc>
<status status="PASS" start="2024-05-07T01:01:40.544301" elapsed="0.001153"/>
</kw>
<kw name="Run Keyword If" owner="BuiltIn">
<kw name="Should Be True" owner="BuiltIn">
<arg>${True}</arg>
<doc>Fails if the given condition is not true.</doc>
<status status="PASS" start="2024-05-07T01:01:40.546342" elapsed="0.000137"/>
</kw>
<arg>${json_data["results"][0]["location"]["coordinates"]["longitude"]} &gt;= -180 and ${json_data["results"][0]["location"]["coordinates"]["longitude"]} &lt;= 180</arg>
<arg>Should Be True</arg>
<arg>${True}</arg>
<doc>Runs the given keyword with the given arguments, if ``condition`` is true.</doc>
<status status="PASS" start="2024-05-07T01:01:40.545640" elapsed="0.000961"/>
</kw>
<status status="PASS" start="2024-05-07T01:01:40.444990" elapsed="0.101741"/>
</kw>
<doc>Testa o conteúdo específico dos campos retornados pela API.</doc>
<tag>testeConteudo</tag>
<status status="PASS" start="2024-05-07T01:01:40.444527" elapsed="0.102353"/>
</test>
<status status="PASS" start="2024-05-07T01:01:39.569819" elapsed="0.979071"/>
</suite>
<status status="PASS" start="2024-05-07T01:01:39.556174" elapsed="0.997843"/>
</suite>
<statistics>
<total>
<stat pass="5" fail="0" skip="0">All Tests</stat>
</total>
<tag>
<stat pass="1" fail="0" skip="0">testeConteudo</stat>
<stat pass="1" fail="0" skip="0">testeEstruturaResposta</stat>
<stat pass="1" fail="0" skip="0">testeRequisicaoBasica</stat>
<stat pass="1" fail="0" skip="0">testeTiposDados</stat>
</tag>
<suite>
<stat pass="5" fail="0" skip="0" id="s1" name="Tests">Tests</stat>
<stat pass="5" fail="0" skip="0" id="s1-s1" name="Random-User-Test">Tests.Random-User-Test</stat>
</suite>
</statistics>
<errors>
</errors>
</robot>
