<?xml version="1.0" encoding="UTF-8"?>
<robot generator="Robot 7.0.1 (Python 3.12.4 on linux)" generated="2024-06-23T20:15:13.176324" rpa="false" schemaversion="5">
<suite id="s1" name="Tests" source="/home/runner/work/ApiRandomUser/ApiRandomUser/RamdonUser/tests">
<suite id="s1-s1" name="Random-User-Test" source="/home/runner/work/ApiRandomUser/ApiRandomUser/RamdonUser/tests/random-user-test.robot">
<test id="s1-s1-t1" name="Conectar" line="13">
<kw name="Conectar API" owner="random-user-service">
<kw name="Create Session" owner="RequestsLibrary">
<msg time="2024-06-23T20:15:13.606948" level="INFO">Creating Session using : alias=consultarAPI, url=https://randomuser.me/, headers={},                     cookies={}, auth=None, timeout=None, proxies=None, verify=False,                     debug=0 </msg>
<arg>consultarAPI</arg>
<arg>${URL}</arg>
<doc>Create Session: create a HTTP session to a server</doc>
<status status="PASS" start="2024-06-23T20:15:13.606741" elapsed="0.000380"/>
</kw>
<status status="PASS" start="2024-06-23T20:15:13.605722" elapsed="0.001757"/>
</kw>
<status status="PASS" start="2024-06-23T20:15:13.605086" elapsed="0.002582"/>
</test>
<test id="s1-s1-t2" name="Validar retorno 200 e JSON Válido" line="16">
<kw name="Teste de Requisicao Basica" owner="random-user-service">
<kw name="GET On Session" owner="RequestsLibrary">
<msg time="2024-06-23T20:15:13.876832" level="INFO">GET Request : url=https://randomuser.me/api 
 path_url=/api 
 headers={'User-Agent': 'python-requests/2.32.3', 'Accept-Encoding': 'gzip, deflate', 'Accept': '*/*', 'Connection': 'keep-alive'} 
 body=None 
 </msg>
<msg time="2024-06-23T20:15:13.877003" level="INFO">GET Response : url=https://randomuser.me/api 
 status=200, reason=OK 
 headers={'Date': 'Sun, 23 Jun 2024 20:15:13 GMT', 'Content-Type': 'application/json; charset=utf-8', 'Transfer-Encoding': 'chunked', 'Connection': 'keep-alive', 'X-Powered-By': 'Express', 'Access-Control-Allow-Origin': '*', 'Cache-Control': 'no-cache', 'ETag': 'W/"498-ANY4+4YXF+eJYg+825blFmTqTQM"', 'Vary': 'Accept-Encoding', 'Content-Encoding': 'gzip', 'CF-Cache-Status': 'DYNAMIC', 'Report-To': '{"endpoints":[{"url":"https:\\/\\/a.nel.cloudflare.com\\/report\\/v4?s=V6w9SUC9yubtszllfzipbMRLZJoFtr3WuZiANMNLHFUOksCqDWcGP698KZws%2BtR28wD7M%2FU7qjDhcXNPG4mFJGu9pOBl0kbCDgYNKfv2Ty%2FEGqc6USjiUUHQy2PRZRwH"}],"group":"cf-nel","max_age":604800}', 'NEL': '{"success_fraction":0,"report_to":"cf-nel","max_age":604800}', 'Server': 'cloudflare', 'CF-RAY': '8987261f2f87fa2e-SJC', 'alt-svc': 'h3=":443"; ma=86400'} 
 body={"results":[{"gender":"female","name":{"title":"Ms","first":"Leta","last":"Campbell"},"location":{"street":{"number":7360,"name":"Northaven Rd"},"city":"Midland","state":"Montana","country":"United States","postcode":67374,"coordinates":{"latitude":"88.8174","longitude":"23.0325"},"timezone":{"offset":"+8:00","description":"Beijing, Perth, Singapore, Hong Kong"}},"email":"leta.campbell@example.com","login":{"uuid":"91fdb888-a802-40d2-9073-8082454fbe40","username":"brownlion105","password":"jojo","salt":"Gcjd2jJa","md5":"3abbe84aeb0f8392e1d5c2e66e43bdec","sha1":"d6cab05582228f50c631e7658b07b915fd056e16","sha256":"b423814de2db4faf5742ea246fdab1ee5033f51393f7756c96f829d320b2a6f0"},"dob":{"date":"1975-08-02T16:28:44.415Z","age":48},"registered":{"date":"2005-08-21T18:34:58.084Z","age":18},"phone":"(429) 792-0635","cell":"(737) 344-5419","id":{"name":"SSN","value":"340-59-6923"},"picture":{"large":"https://randomuser.me/api/portraits/women/27.jpg","medium":"https://randomuser.me/api/portraits/med/women/27.jpg","thumbnail":"https://randomuser.me/api/portraits/thumb/women/27.jpg"},"nat":"US"}],"info":{"seed":"ef7e8a90d61c30c3","results":1,"page":1,"version":"1.4"}} 
 </msg>
<msg time="2024-06-23T20:15:13.877087" level="INFO">/opt/hostedtoolcache/Python/3.12.4/x64/lib/python3.12/site-packages/urllib3/connectionpool.py:1099: InsecureRequestWarning: Unverified HTTPS request is being made to host 'randomuser.me'. Adding certificate verification is strongly advised. See: https://urllib3.readthedocs.io/en/latest/advanced-usage.html#tls-warnings
  warnings.warn(</msg>
<msg time="2024-06-23T20:15:13.877246" level="INFO">${response} = &lt;Response [200]&gt;</msg>
<var>${response}</var>
<arg>consultarAPI</arg>
<arg>/api</arg>
<doc>Sends a GET request on a previously created HTTP Session.</doc>
<status status="PASS" start="2024-06-23T20:15:13.610372" elapsed="0.266917"/>
</kw>
<kw name="Should Be Equal As Numbers" owner="BuiltIn">
<msg time="2024-06-23T20:15:13.878339" level="INFO">Argument types are:
&lt;class 'int'&gt;
&lt;class 'str'&gt;</msg>
<arg>${response.status_code}</arg>
<arg>200</arg>
<doc>Fails if objects are unequal after converting them to real numbers.</doc>
<status status="PASS" start="2024-06-23T20:15:13.877836" elapsed="0.000570"/>
</kw>
<kw name="Log" owner="BuiltIn">
<msg time="2024-06-23T20:15:13.879069" level="INFO">200</msg>
<arg>${response.status_code}</arg>
<doc>Logs the given message with the given level.</doc>
<status status="PASS" start="2024-06-23T20:15:13.878724" elapsed="0.000388"/>
</kw>
<kw name="Set Variable" owner="BuiltIn">
<msg time="2024-06-23T20:15:13.879863" level="INFO">${json_data} = {'results': [{'gender': 'female', 'name': {'title': 'Ms', 'first': 'Leta', 'last': 'Campbell'}, 'location': {'street': {'number': 7360, 'name': 'Northaven Rd'}, 'city': 'Midland', 'state': 'Montana', ...</msg>
<var>${json_data}</var>
<arg>${response.json()}</arg>
<doc>Returns the given values which can then be assigned to a variables.</doc>
<status status="PASS" start="2024-06-23T20:15:13.879423" elapsed="0.000470"/>
</kw>
<kw name="Dictionary Should Contain Key" owner="Collections">
<arg>${json_data}</arg>
<arg>results</arg>
<doc>Fails if ``key`` is not found from ``dictionary``.</doc>
<status status="PASS" start="2024-06-23T20:15:13.880217" elapsed="0.000169"/>
</kw>
<status status="PASS" start="2024-06-23T20:15:13.610125" elapsed="0.270411"/>
</kw>
<doc>Testa se a API responde corretamente e retorna um objeto JSON válido.</doc>
<tag>testeRequisicaoBasica</tag>
<status status="PASS" start="2024-06-23T20:15:13.609547" elapsed="0.271166"/>
</test>
<test id="s1-s1-t3" name="Validar estrutura de resposta" line="22">
<kw name="Teste de Estrutura de Resposta" owner="random-user-service">
<kw name="GET On Session" owner="RequestsLibrary">
<msg time="2024-06-23T20:15:13.980229" level="INFO">GET Request : url=https://randomuser.me/api 
 path_url=/api 
 headers={'User-Agent': 'python-requests/2.32.3', 'Accept-Encoding': 'gzip, deflate', 'Accept': '*/*', 'Connection': 'keep-alive'} 
 body=None 
 </msg>
<msg time="2024-06-23T20:15:13.980331" level="INFO">GET Response : url=https://randomuser.me/api 
 status=200, reason=OK 
 headers={'Date': 'Sun, 23 Jun 2024 20:15:13 GMT', 'Content-Type': 'application/json; charset=utf-8', 'Transfer-Encoding': 'chunked', 'Connection': 'keep-alive', 'X-Powered-By': 'Express', 'Access-Control-Allow-Origin': '*', 'Cache-Control': 'no-cache', 'ETag': 'W/"46c-GWVg1e7Qh5uDgSbDnOgxfB3TjbA"', 'Vary': 'Accept-Encoding', 'Content-Encoding': 'gzip', 'CF-Cache-Status': 'DYNAMIC', 'Report-To': '{"endpoints":[{"url":"https:\\/\\/a.nel.cloudflare.com\\/report\\/v4?s=tdHfT7impzvBwbJj2Z7VZM7E8s%2Biif615ft12DfmADYKjuHtfY4h3Bo%2FEEiqQUQk6HHQrjgvu00V8aYsAnwbDz9HcF6IcoGW8SFkHWgSNGe38zU7pRX%2BDs4YZPedkrxX"}],"group":"cf-nel","max_age":604800}', 'NEL': '{"success_fraction":0,"report_to":"cf-nel","max_age":604800}', 'Server': 'cloudflare', 'CF-RAY': '8987261fc824fa2e-SJC', 'alt-svc': 'h3=":443"; ma=86400'} 
 body={"results":[{"gender":"female","name":{"title":"Mrs","first":"Louisa","last":"Lamo"},"location":{"street":{"number":5063,"name":"Villaveien"},"city":"Sørumsand","state":"Vestfold","country":"Norway","postcode":"6260","coordinates":{"latitude":"43.6524","longitude":"133.5992"},"timezone":{"offset":"+4:30","description":"Kabul"}},"email":"louisa.lamo@example.com","login":{"uuid":"978a8fdf-5cc8-4936-84bd-a6ffaf33fc62","username":"ticklishostrich480","password":"rasta","salt":"WVFMoxrt","md5":"161113d89201ca95717399919b887f90","sha1":"c588d4c3a56e455da4d795d0ff6b6d6c75bfc618","sha256":"e1d14920c7a1b218774bcb2ce742c15f86c6c826e5e1520f26eddd4ab8f2da2d"},"dob":{"date":"1998-10-15T06:35:51.833Z","age":25},"registered":{"date":"2021-08-19T11:15:54.713Z","age":2},"phone":"81297415","cell":"94924504","id":{"name":"FN","value":"15109807084"},"picture":{"large":"https://randomuser.me/api/portraits/women/64.jpg","medium":"https://randomuser.me/api/portraits/med/women/64.jpg","thumbnail":"https://randomuser.me/api/portraits/thumb/women/64.jpg"},"nat":"NO"}],"info":{"seed":"762574692a5d10e4","results":1,"page":1,"version":"1.4"}} 
 </msg>
<msg time="2024-06-23T20:15:13.980462" level="INFO">/opt/hostedtoolcache/Python/3.12.4/x64/lib/python3.12/site-packages/urllib3/connectionpool.py:1099: InsecureRequestWarning: Unverified HTTPS request is being made to host 'randomuser.me'. Adding certificate verification is strongly advised. See: https://urllib3.readthedocs.io/en/latest/advanced-usage.html#tls-warnings
  warnings.warn(</msg>
<msg time="2024-06-23T20:15:13.980605" level="INFO">${response} = &lt;Response [200]&gt;</msg>
<var>${response}</var>
<arg>consultarAPI</arg>
<arg>/api</arg>
<doc>Sends a GET request on a previously created HTTP Session.</doc>
<status status="PASS" start="2024-06-23T20:15:13.883411" elapsed="0.097238"/>
</kw>
<kw name="Set Variable" owner="BuiltIn">
<msg time="2024-06-23T20:15:13.981738" level="INFO">${json_data} = {'results': [{'gender': 'female', 'name': {'title': 'Mrs', 'first': 'Louisa', 'last': 'Lamo'}, 'location': {'street': {'number': 5063, 'name': 'Villaveien'}, 'city': 'Sørumsand', 'state': 'Vestfold', ...</msg>
<var>${json_data}</var>
<arg>${response.json()}</arg>
<doc>Returns the given values which can then be assigned to a variables.</doc>
<status status="PASS" start="2024-06-23T20:15:13.981209" elapsed="0.000559"/>
</kw>
<kw name="Log" owner="BuiltIn">
<msg time="2024-06-23T20:15:13.982293" level="INFO">{'results': [{'gender': 'female', 'name': {'title': 'Mrs', 'first': 'Louisa', 'last': 'Lamo'}, 'location': {'street': {'number': 5063, 'name': 'Villaveien'}, 'city': 'Sørumsand', 'state': 'Vestfold', 'country': 'Norway', 'postcode': '6260', 'coordinates': {'latitude': '43.6524', 'longitude': '133.5992'}, 'timezone': {'offset': '+4:30', 'description': 'Kabul'}}, 'email': 'louisa.lamo@example.com', 'login': {'uuid': '978a8fdf-5cc8-4936-84bd-a6ffaf33fc62', 'username': 'ticklishostrich480', 'password': 'rasta', 'salt': 'WVFMoxrt', 'md5': '161113d89201ca95717399919b887f90', 'sha1': 'c588d4c3a56e455da4d795d0ff6b6d6c75bfc618', 'sha256': 'e1d14920c7a1b218774bcb2ce742c15f86c6c826e5e1520f26eddd4ab8f2da2d'}, 'dob': {'date': '1998-10-15T06:35:51.833Z', 'age': 25}, 'registered': {'date': '2021-08-19T11:15:54.713Z', 'age': 2}, 'phone': '81297415', 'cell': '94924504', 'id': {'name': 'FN', 'value': '15109807084'}, 'picture': {'large': 'https://randomuser.me/api/portraits/women/64.jpg', 'medium': 'https://randomuser.me/api/portraits/med/women/64.jpg', 'thumbnail': 'https://randomuser.me/api/portraits/thumb/women/64.jpg'}, 'nat': 'NO'}], 'info': {'seed': '762574692a5d10e4', 'results': 1, 'page': 1, 'version': '1.4'}}</msg>
<arg>${json_data}</arg>
<doc>Logs the given message with the given level.</doc>
<status status="PASS" start="2024-06-23T20:15:13.982129" elapsed="0.000213"/>
</kw>
<kw name="Dictionary Should Contain Key" owner="Collections">
<arg>${json_data}</arg>
<arg>results</arg>
<doc>Fails if ``key`` is not found from ``dictionary``.</doc>
<status status="PASS" start="2024-06-23T20:15:13.982640" elapsed="0.000159"/>
</kw>
<kw name="Should Not Be Empty" owner="BuiltIn">
<msg time="2024-06-23T20:15:13.983107" level="INFO">Length is 2.</msg>
<arg>${json_data}</arg>
<doc>Verifies that the given item is not empty.</doc>
<status status="PASS" start="2024-06-23T20:15:13.982982" elapsed="0.000168"/>
</kw>
<kw name="Create List" owner="BuiltIn">
<msg time="2024-06-23T20:15:13.983584" level="INFO">${expected_keys} = ['gender', 'name', 'location', 'email', 'login']</msg>
<var>${expected_keys}</var>
<arg>gender</arg>
<arg>name</arg>
<arg>location</arg>
<arg>email</arg>
<arg>login</arg>
<doc>Returns a list containing given items.</doc>
<status status="PASS" start="2024-06-23T20:15:13.983439" elapsed="0.000169"/>
</kw>
<for flavor="IN">
<iter>
<kw name="Dictionary Should Contain Key" owner="Collections">
<arg>${json_data['results'][0]}</arg>
<arg>${key}</arg>
<doc>Fails if ``key`` is not found from ``dictionary``.</doc>
<status status="PASS" start="2024-06-23T20:15:13.984352" elapsed="0.000399"/>
</kw>
<kw name="Log" owner="BuiltIn">
<msg time="2024-06-23T20:15:13.985296" level="INFO">{'gender': 'female', 'name': {'title': 'Mrs', 'first': 'Louisa', 'last': 'Lamo'}, 'location': {'street': {'number': 5063, 'name': 'Villaveien'}, 'city': 'Sørumsand', 'state': 'Vestfold', 'country': 'Norway', 'postcode': '6260', 'coordinates': {'latitude': '43.6524', 'longitude': '133.5992'}, 'timezone': {'offset': '+4:30', 'description': 'Kabul'}}, 'email': 'louisa.lamo@example.com', 'login': {'uuid': '978a8fdf-5cc8-4936-84bd-a6ffaf33fc62', 'username': 'ticklishostrich480', 'password': 'rasta', 'salt': 'WVFMoxrt', 'md5': '161113d89201ca95717399919b887f90', 'sha1': 'c588d4c3a56e455da4d795d0ff6b6d6c75bfc618', 'sha256': 'e1d14920c7a1b218774bcb2ce742c15f86c6c826e5e1520f26eddd4ab8f2da2d'}, 'dob': {'date': '1998-10-15T06:35:51.833Z', 'age': 25}, 'registered': {'date': '2021-08-19T11:15:54.713Z', 'age': 2}, 'phone': '81297415', 'cell': '94924504', 'id': {'name': 'FN', 'value': '15109807084'}, 'picture': {'large': 'https://randomuser.me/api/portraits/women/64.jpg', 'medium': 'https://randomuser.me/api/portraits/med/women/64.jpg', 'thumbnail': 'https://randomuser.me/api/portraits/thumb/women/64.jpg'}, 'nat': 'NO'}</msg>
<arg>${json_data['results'][0]}</arg>
<doc>Logs the given message with the given level.</doc>
<status status="PASS" start="2024-06-23T20:15:13.984936" elapsed="0.000409"/>
</kw>
<kw name="Log" owner="BuiltIn">
<msg time="2024-06-23T20:15:13.985771" level="INFO">gender</msg>
<arg>${key}</arg>
<doc>Logs the given message with the given level.</doc>
<status status="PASS" start="2024-06-23T20:15:13.985644" elapsed="0.000165"/>
</kw>
<var name="${key}">gender</var>
<status status="PASS" start="2024-06-23T20:15:13.984221" elapsed="0.001835"/>
</iter>
<iter>
<kw name="Dictionary Should Contain Key" owner="Collections">
<arg>${json_data['results'][0]}</arg>
<arg>${key}</arg>
<doc>Fails if ``key`` is not found from ``dictionary``.</doc>
<status status="PASS" start="2024-06-23T20:15:13.986352" elapsed="0.000387"/>
</kw>
<kw name="Log" owner="BuiltIn">
<msg time="2024-06-23T20:15:13.987274" level="INFO">{'gender': 'female', 'name': {'title': 'Mrs', 'first': 'Louisa', 'last': 'Lamo'}, 'location': {'street': {'number': 5063, 'name': 'Villaveien'}, 'city': 'Sørumsand', 'state': 'Vestfold', 'country': 'Norway', 'postcode': '6260', 'coordinates': {'latitude': '43.6524', 'longitude': '133.5992'}, 'timezone': {'offset': '+4:30', 'description': 'Kabul'}}, 'email': 'louisa.lamo@example.com', 'login': {'uuid': '978a8fdf-5cc8-4936-84bd-a6ffaf33fc62', 'username': 'ticklishostrich480', 'password': 'rasta', 'salt': 'WVFMoxrt', 'md5': '161113d89201ca95717399919b887f90', 'sha1': 'c588d4c3a56e455da4d795d0ff6b6d6c75bfc618', 'sha256': 'e1d14920c7a1b218774bcb2ce742c15f86c6c826e5e1520f26eddd4ab8f2da2d'}, 'dob': {'date': '1998-10-15T06:35:51.833Z', 'age': 25}, 'registered': {'date': '2021-08-19T11:15:54.713Z', 'age': 2}, 'phone': '81297415', 'cell': '94924504', 'id': {'name': 'FN', 'value': '15109807084'}, 'picture': {'large': 'https://randomuser.me/api/portraits/women/64.jpg', 'medium': 'https://randomuser.me/api/portraits/med/women/64.jpg', 'thumbnail': 'https://randomuser.me/api/portraits/thumb/women/64.jpg'}, 'nat': 'NO'}</msg>
<arg>${json_data['results'][0]}</arg>
<doc>Logs the given message with the given level.</doc>
<status status="PASS" start="2024-06-23T20:15:13.986922" elapsed="0.000435"/>
</kw>
<kw name="Log" owner="BuiltIn">
<msg time="2024-06-23T20:15:13.987780" level="INFO">name</msg>
<arg>${key}</arg>
<doc>Logs the given message with the given level.</doc>
<status status="PASS" start="2024-06-23T20:15:13.987652" elapsed="0.000164"/>
</kw>
<var name="${key}">name</var>
<status status="PASS" start="2024-06-23T20:15:13.986240" elapsed="0.001790"/>
</iter>
<iter>
<kw name="Dictionary Should Contain Key" owner="Collections">
<arg>${json_data['results'][0]}</arg>
<arg>${key}</arg>
<doc>Fails if ``key`` is not found from ``dictionary``.</doc>
<status status="PASS" start="2024-06-23T20:15:13.988312" elapsed="0.000380"/>
</kw>
<kw name="Log" owner="BuiltIn">
<msg time="2024-06-23T20:15:13.989224" level="INFO">{'gender': 'female', 'name': {'title': 'Mrs', 'first': 'Louisa', 'last': 'Lamo'}, 'location': {'street': {'number': 5063, 'name': 'Villaveien'}, 'city': 'Sørumsand', 'state': 'Vestfold', 'country': 'Norway', 'postcode': '6260', 'coordinates': {'latitude': '43.6524', 'longitude': '133.5992'}, 'timezone': {'offset': '+4:30', 'description': 'Kabul'}}, 'email': 'louisa.lamo@example.com', 'login': {'uuid': '978a8fdf-5cc8-4936-84bd-a6ffaf33fc62', 'username': 'ticklishostrich480', 'password': 'rasta', 'salt': 'WVFMoxrt', 'md5': '161113d89201ca95717399919b887f90', 'sha1': 'c588d4c3a56e455da4d795d0ff6b6d6c75bfc618', 'sha256': 'e1d14920c7a1b218774bcb2ce742c15f86c6c826e5e1520f26eddd4ab8f2da2d'}, 'dob': {'date': '1998-10-15T06:35:51.833Z', 'age': 25}, 'registered': {'date': '2021-08-19T11:15:54.713Z', 'age': 2}, 'phone': '81297415', 'cell': '94924504', 'id': {'name': 'FN', 'value': '15109807084'}, 'picture': {'large': 'https://randomuser.me/api/portraits/women/64.jpg', 'medium': 'https://randomuser.me/api/portraits/med/women/64.jpg', 'thumbnail': 'https://randomuser.me/api/portraits/thumb/women/64.jpg'}, 'nat': 'NO'}</msg>
<arg>${json_data['results'][0]}</arg>
<doc>Logs the given message with the given level.</doc>
<status status="PASS" start="2024-06-23T20:15:13.988872" elapsed="0.000401"/>
</kw>
<kw name="Log" owner="BuiltIn">
<msg time="2024-06-23T20:15:13.989689" level="INFO">location</msg>
<arg>${key}</arg>
<doc>Logs the given message with the given level.</doc>
<status status="PASS" start="2024-06-23T20:15:13.989563" elapsed="0.000162"/>
</kw>
<var name="${key}">location</var>
<status status="PASS" start="2024-06-23T20:15:13.988205" elapsed="0.001779"/>
</iter>
<iter>
<kw name="Dictionary Should Contain Key" owner="Collections">
<arg>${json_data['results'][0]}</arg>
<arg>${key}</arg>
<doc>Fails if ``key`` is not found from ``dictionary``.</doc>
<status status="PASS" start="2024-06-23T20:15:13.990271" elapsed="0.000377"/>
</kw>
<kw name="Log" owner="BuiltIn">
<msg time="2024-06-23T20:15:13.991196" level="INFO">{'gender': 'female', 'name': {'title': 'Mrs', 'first': 'Louisa', 'last': 'Lamo'}, 'location': {'street': {'number': 5063, 'name': 'Villaveien'}, 'city': 'Sørumsand', 'state': 'Vestfold', 'country': 'Norway', 'postcode': '6260', 'coordinates': {'latitude': '43.6524', 'longitude': '133.5992'}, 'timezone': {'offset': '+4:30', 'description': 'Kabul'}}, 'email': 'louisa.lamo@example.com', 'login': {'uuid': '978a8fdf-5cc8-4936-84bd-a6ffaf33fc62', 'username': 'ticklishostrich480', 'password': 'rasta', 'salt': 'WVFMoxrt', 'md5': '161113d89201ca95717399919b887f90', 'sha1': 'c588d4c3a56e455da4d795d0ff6b6d6c75bfc618', 'sha256': 'e1d14920c7a1b218774bcb2ce742c15f86c6c826e5e1520f26eddd4ab8f2da2d'}, 'dob': {'date': '1998-10-15T06:35:51.833Z', 'age': 25}, 'registered': {'date': '2021-08-19T11:15:54.713Z', 'age': 2}, 'phone': '81297415', 'cell': '94924504', 'id': {'name': 'FN', 'value': '15109807084'}, 'picture': {'large': 'https://randomuser.me/api/portraits/women/64.jpg', 'medium': 'https://randomuser.me/api/portraits/med/women/64.jpg', 'thumbnail': 'https://randomuser.me/api/portraits/thumb/women/64.jpg'}, 'nat': 'NO'}</msg>
<arg>${json_data['results'][0]}</arg>
<doc>Logs the given message with the given level.</doc>
<status status="PASS" start="2024-06-23T20:15:13.990835" elapsed="0.000411"/>
</kw>
<kw name="Log" owner="BuiltIn">
<msg time="2024-06-23T20:15:13.991663" level="INFO">email</msg>
<arg>${key}</arg>
<doc>Logs the given message with the given level.</doc>
<status status="PASS" start="2024-06-23T20:15:13.991538" elapsed="0.000162"/>
</kw>
<var name="${key}">email</var>
<status status="PASS" start="2024-06-23T20:15:13.990161" elapsed="0.001751"/>
</iter>
<iter>
<kw name="Dictionary Should Contain Key" owner="Collections">
<arg>${json_data['results'][0]}</arg>
<arg>${key}</arg>
<doc>Fails if ``key`` is not found from ``dictionary``.</doc>
<status status="PASS" start="2024-06-23T20:15:13.992186" elapsed="0.000380"/>
</kw>
<kw name="Log" owner="BuiltIn">
<msg time="2024-06-23T20:15:13.993116" level="INFO">{'gender': 'female', 'name': {'title': 'Mrs', 'first': 'Louisa', 'last': 'Lamo'}, 'location': {'street': {'number': 5063, 'name': 'Villaveien'}, 'city': 'Sørumsand', 'state': 'Vestfold', 'country': 'Norway', 'postcode': '6260', 'coordinates': {'latitude': '43.6524', 'longitude': '133.5992'}, 'timezone': {'offset': '+4:30', 'description': 'Kabul'}}, 'email': 'louisa.lamo@example.com', 'login': {'uuid': '978a8fdf-5cc8-4936-84bd-a6ffaf33fc62', 'username': 'ticklishostrich480', 'password': 'rasta', 'salt': 'WVFMoxrt', 'md5': '161113d89201ca95717399919b887f90', 'sha1': 'c588d4c3a56e455da4d795d0ff6b6d6c75bfc618', 'sha256': 'e1d14920c7a1b218774bcb2ce742c15f86c6c826e5e1520f26eddd4ab8f2da2d'}, 'dob': {'date': '1998-10-15T06:35:51.833Z', 'age': 25}, 'registered': {'date': '2021-08-19T11:15:54.713Z', 'age': 2}, 'phone': '81297415', 'cell': '94924504', 'id': {'name': 'FN', 'value': '15109807084'}, 'picture': {'large': 'https://randomuser.me/api/portraits/women/64.jpg', 'medium': 'https://randomuser.me/api/portraits/med/women/64.jpg', 'thumbnail': 'https://randomuser.me/api/portraits/thumb/women/64.jpg'}, 'nat': 'NO'}</msg>
<arg>${json_data['results'][0]}</arg>
<doc>Logs the given message with the given level.</doc>
<status status="PASS" start="2024-06-23T20:15:13.992754" elapsed="0.000409"/>
</kw>
<kw name="Log" owner="BuiltIn">
<msg time="2024-06-23T20:15:13.993586" level="INFO">login</msg>
<arg>${key}</arg>
<doc>Logs the given message with the given level.</doc>
<status status="PASS" start="2024-06-23T20:15:13.993457" elapsed="0.000166"/>
</kw>
<var name="${key}">login</var>
<status status="PASS" start="2024-06-23T20:15:13.992080" elapsed="0.001755"/>
</iter>
<var>${key}</var>
<value>@{expected_keys}</value>
<status status="PASS" start="2024-06-23T20:15:13.984023" elapsed="0.009955"/>
</for>
<kw name="Create List" owner="BuiltIn">
<msg time="2024-06-23T20:15:13.994311" level="INFO">${expected_keysTwo} = ['username', 'password']</msg>
<var>${expected_keysTwo}</var>
<arg>username</arg>
<arg>password</arg>
<doc>Returns a list containing given items.</doc>
<status status="PASS" start="2024-06-23T20:15:13.994177" elapsed="0.000158"/>
</kw>
<for flavor="IN">
<iter>
<kw name="Dictionary Should Contain Key" owner="Collections">
<arg>${json_data['results'][0]['login']}</arg>
<arg>${keyTwo}</arg>
<doc>Fails if ``key`` is not found from ``dictionary``.</doc>
<status status="PASS" start="2024-06-23T20:15:13.994859" elapsed="0.000389"/>
</kw>
<kw name="Dictionary Should Contain Key" owner="Collections">
<arg>${json_data['results'][0]['login']}</arg>
<arg>${keyTwo}</arg>
<doc>Fails if ``key`` is not found from ``dictionary``.</doc>
<status status="PASS" start="2024-06-23T20:15:13.995426" elapsed="0.000372"/>
</kw>
<kw name="Log" owner="BuiltIn">
<msg time="2024-06-23T20:15:13.996093" level="INFO">username</msg>
<arg>${keyTwo}</arg>
<doc>Logs the given message with the given level.</doc>
<status status="PASS" start="2024-06-23T20:15:13.995975" elapsed="0.000155"/>
</kw>
<var name="${keyTwo}">username</var>
<status status="PASS" start="2024-06-23T20:15:13.994750" elapsed="0.001596"/>
</iter>
<iter>
<kw name="Dictionary Should Contain Key" owner="Collections">
<arg>${json_data['results'][0]['login']}</arg>
<arg>${keyTwo}</arg>
<doc>Fails if ``key`` is not found from ``dictionary``.</doc>
<status status="PASS" start="2024-06-23T20:15:13.996620" elapsed="0.000377"/>
</kw>
<kw name="Dictionary Should Contain Key" owner="Collections">
<arg>${json_data['results'][0]['login']}</arg>
<arg>${keyTwo}</arg>
<doc>Fails if ``key`` is not found from ``dictionary``.</doc>
<status status="PASS" start="2024-06-23T20:15:13.997174" elapsed="0.000373"/>
</kw>
<kw name="Log" owner="BuiltIn">
<msg time="2024-06-23T20:15:13.997847" level="INFO">password</msg>
<arg>${keyTwo}</arg>
<doc>Logs the given message with the given level.</doc>
<status status="PASS" start="2024-06-23T20:15:13.997727" elapsed="0.000189"/>
</kw>
<var name="${keyTwo}">password</var>
<status status="PASS" start="2024-06-23T20:15:13.996515" elapsed="0.001628"/>
</iter>
<var>${keyTwo}</var>
<value>@{expected_keysTwo}</value>
<status status="PASS" start="2024-06-23T20:15:13.994595" elapsed="0.003665"/>
</for>
<status status="PASS" start="2024-06-23T20:15:13.883178" elapsed="0.115220"/>
</kw>
<doc>Testa a estrutura da resposta da API.</doc>
<tag>testeEstruturaResposta</tag>
<status status="PASS" start="2024-06-23T20:15:13.882582" elapsed="0.115969"/>
</test>
<test id="s1-s1-t4" name="Validar tipos de dados" line="28">
<kw name="Teste de Tipos de Dados" owner="random-user-service">
<kw name="GET On Session" owner="RequestsLibrary">
<msg time="2024-06-23T20:15:14.119895" level="INFO">GET Request : url=https://randomuser.me/api 
 path_url=/api 
 headers={'User-Agent': 'python-requests/2.32.3', 'Accept-Encoding': 'gzip, deflate', 'Accept': '*/*', 'Connection': 'keep-alive'} 
 body=None 
 </msg>
<msg time="2024-06-23T20:15:14.119998" level="INFO">GET Response : url=https://randomuser.me/api 
 status=200, reason=OK 
 headers={'Date': 'Sun, 23 Jun 2024 20:15:14 GMT', 'Content-Type': 'application/json; charset=utf-8', 'Transfer-Encoding': 'chunked', 'Connection': 'keep-alive', 'X-Powered-By': 'Express', 'Access-Control-Allow-Origin': '*', 'Cache-Control': 'no-cache', 'ETag': 'W/"47a-wZ3knz40voHgceN+x725BAFf6+o"', 'Vary': 'Accept-Encoding', 'Content-Encoding': 'gzip', 'CF-Cache-Status': 'DYNAMIC', 'Report-To': '{"endpoints":[{"url":"https:\\/\\/a.nel.cloudflare.com\\/report\\/v4?s=eDv%2BzfLlBUz2blMW9f6vgYNI%2FucTBjQLFAupPWTh%2BB5k24c7P95oKrV2QreqaaDX08BqatWtVMecyUVeCJsVU%2BkXnLspHsMvkrNNImh9%2BjOSrh4AZKtqPkm4iZluMunW"}],"group":"cf-nel","max_age":604800}', 'NEL': '{"success_fraction":0,"report_to":"cf-nel","max_age":604800}', 'Server': 'cloudflare', 'CF-RAY': '8987262088bdfa2e-SJC', 'alt-svc': 'h3=":443"; ma=86400'} 
 body={"results":[{"gender":"female","name":{"title":"Miss","first":"Milla","last":"Kauppi"},"location":{"street":{"number":4303,"name":"Pyynikintie"},"city":"Tarvasjoki","state":"Kainuu","country":"Finland","postcode":46867,"coordinates":{"latitude":"-24.0310","longitude":"60.5919"},"timezone":{"offset":"+4:30","description":"Kabul"}},"email":"milla.kauppi@example.com","login":{"uuid":"940a69d2-6c19-4bda-a9a1-6ec8c69c71d1","username":"biggoose939","password":"patience","salt":"VdJS3PkM","md5":"548a874adee4829d6b13cb245eda3fc0","sha1":"3af968bd9825323457b02f7c6b8e8239f582c2a0","sha256":"991789f825e13bcc883d4b39d7febe108df29fecff40c1c8ab55b85b6986dddb"},"dob":{"date":"1988-02-25T02:09:59.037Z","age":36},"registered":{"date":"2012-06-15T23:34:37.295Z","age":12},"phone":"05-584-080","cell":"043-248-09-70","id":{"name":"HETU","value":"NaNNA010undefined"},"picture":{"large":"https://randomuser.me/api/portraits/women/77.jpg","medium":"https://randomuser.me/api/portraits/med/women/77.jpg","thumbnail":"https://randomuser.me/api/portraits/thumb/women/77.jpg"},"nat":"FI"}],"info":{"seed":"43b59ef2679be88d","results":1,"page":1,"version":"1.4"}} 
 </msg>
<msg time="2024-06-23T20:15:14.120080" level="INFO">/opt/hostedtoolcache/Python/3.12.4/x64/lib/python3.12/site-packages/urllib3/connectionpool.py:1099: InsecureRequestWarning: Unverified HTTPS request is being made to host 'randomuser.me'. Adding certificate verification is strongly advised. See: https://urllib3.readthedocs.io/en/latest/advanced-usage.html#tls-warnings
  warnings.warn(</msg>
<msg time="2024-06-23T20:15:14.120243" level="INFO">${response} = &lt;Response [200]&gt;</msg>
<var>${response}</var>
<arg>consultarAPI</arg>
<arg>/api</arg>
<doc>Sends a GET request on a previously created HTTP Session.</doc>
<status status="PASS" start="2024-06-23T20:15:14.001059" elapsed="0.119239"/>
</kw>
<kw name="Set Variable" owner="BuiltIn">
<msg time="2024-06-23T20:15:14.121345" level="INFO">${json_data} = {'results': [{'gender': 'female', 'name': {'title': 'Miss', 'first': 'Milla', 'last': 'Kauppi'}, 'location': {'street': {'number': 4303, 'name': 'Pyynikintie'}, 'city': 'Tarvasjoki', 'state': 'Kainuu'...</msg>
<var>${json_data}</var>
<arg>${response.json()}</arg>
<doc>Returns the given values which can then be assigned to a variables.</doc>
<status status="PASS" start="2024-06-23T20:15:14.120836" elapsed="0.000537"/>
</kw>
<kw name="Log" owner="BuiltIn">
<msg time="2024-06-23T20:15:14.121836" level="INFO">{'results': [{'gender': 'female', 'name': {'title': 'Miss', 'first': 'Milla', 'last': 'Kauppi'}, 'location': {'street': {'number': 4303, 'name': 'Pyynikintie'}, 'city': 'Tarvasjoki', 'state': 'Kainuu', 'country': 'Finland', 'postcode': 46867, 'coordinates': {'latitude': '-24.0310', 'longitude': '60.5919'}, 'timezone': {'offset': '+4:30', 'description': 'Kabul'}}, 'email': 'milla.kauppi@example.com', 'login': {'uuid': '940a69d2-6c19-4bda-a9a1-6ec8c69c71d1', 'username': 'biggoose939', 'password': 'patience', 'salt': 'VdJS3PkM', 'md5': '548a874adee4829d6b13cb245eda3fc0', 'sha1': '3af968bd9825323457b02f7c6b8e8239f582c2a0', 'sha256': '991789f825e13bcc883d4b39d7febe108df29fecff40c1c8ab55b85b6986dddb'}, 'dob': {'date': '1988-02-25T02:09:59.037Z', 'age': 36}, 'registered': {'date': '2012-06-15T23:34:37.295Z', 'age': 12}, 'phone': '05-584-080', 'cell': '043-248-09-70', 'id': {'name': 'HETU', 'value': 'NaNNA010undefined'}, 'picture': {'large': 'https://randomuser.me/api/portraits/women/77.jpg', 'medium': 'https://randomuser.me/api/portraits/med/women/77.jpg', 'thumbnail': 'https://randomuser.me/api/portraits/thumb/women/77.jpg'}, 'nat': 'FI'}], 'info': {'seed': '43b59ef2679be88d', 'results': 1, 'page': 1, 'version': '1.4'}}</msg>
<arg>${json_data}</arg>
<doc>Logs the given message with the given level.</doc>
<status status="PASS" start="2024-06-23T20:15:14.121680" elapsed="0.000248"/>
</kw>
<kw name="Should Be String" owner="String">
<arg>${json_data['results'][0]['gender']}</arg>
<doc>Fails if the given ``item`` is not a string.</doc>
<status status="PASS" start="2024-06-23T20:15:14.122237" elapsed="0.000377"/>
</kw>
<kw name="Should Match Regexp" owner="BuiltIn">
<arg>${json_data['results'][0]['email']}</arg>
<arg>^[a-zA-Z0-9._%+-]+@[a-zA-Z0-9.-]+\.[a-zA-Z]{2,}$</arg>
<doc>Fails if ``string`` does not match ``pattern`` as a regular expression.</doc>
<status status="PASS" start="2024-06-23T20:15:14.122816" elapsed="0.000526"/>
</kw>
<kw name="Should Match Regexp" owner="BuiltIn">
<arg>${json_data['results'][0]['dob']['date']}</arg>
<arg>\\d{4}-\\d{2}-\\d{2}T\\d{2}:\\d{2}:\\d{2}\\.\\d{3}Z</arg>
<doc>Fails if ``string`` does not match ``pattern`` as a regular expression.</doc>
<status status="PASS" start="2024-06-23T20:15:14.123571" elapsed="0.000495"/>
</kw>
<kw name="Should Match Regexp" owner="BuiltIn">
<arg>${json_data['results'][0]['registered']['date']}</arg>
<arg>\\d{4}-\\d{2}-\\d{2}T\\d{2}:\\d{2}:\\d{2}\\.\\d{3}Z</arg>
<doc>Fails if ``string`` does not match ``pattern`` as a regular expression.</doc>
<status status="PASS" start="2024-06-23T20:15:14.124255" elapsed="0.000367"/>
</kw>
<kw name="Should Match Regexp" owner="BuiltIn">
<arg>${json_data['results'][0]['picture']['large']}</arg>
<arg>^https?://.*\.(?:png|jpe?g|gif|bmp)$</arg>
<doc>Fails if ``string`` does not match ``pattern`` as a regular expression.</doc>
<status status="PASS" start="2024-06-23T20:15:14.124828" elapsed="0.000468"/>
</kw>
<kw name="Should Match Regexp" owner="BuiltIn">
<arg>${json_data['results'][0]['picture']['medium']}</arg>
<arg>^https?://.*\.(?:png|jpe?g|gif|bmp)$</arg>
<doc>Fails if ``string`` does not match ``pattern`` as a regular expression.</doc>
<status status="PASS" start="2024-06-23T20:15:14.125482" elapsed="0.000351"/>
</kw>
<kw name="Should Match Regexp" owner="BuiltIn">
<arg>${json_data['results'][0]['picture']['thumbnail']}</arg>
<arg>^https?://.*\.(?:png|jpe?g|gif|bmp)$</arg>
<doc>Fails if ``string`` does not match ``pattern`` as a regular expression.</doc>
<status status="PASS" start="2024-06-23T20:15:14.126040" elapsed="0.000352"/>
</kw>
<kw name="Log" owner="BuiltIn">
<msg time="2024-06-23T20:15:14.126892" level="INFO">{'large': 'https://randomuser.me/api/portraits/women/77.jpg', 'medium': 'https://randomuser.me/api/portraits/med/women/77.jpg', 'thumbnail': 'https://randomuser.me/api/portraits/thumb/women/77.jpg'}</msg>
<arg>${json_data['results'][0]['picture']}</arg>
<doc>Logs the given message with the given level.</doc>
<status status="PASS" start="2024-06-23T20:15:14.126570" elapsed="0.000363"/>
</kw>
<status status="PASS" start="2024-06-23T20:15:14.000838" elapsed="0.126351"/>
</kw>
<kw name="Teste de Tipos de Dados - Postcode" owner="random-user-service">
<kw name="GET On Session" owner="RequestsLibrary">
<msg time="2024-06-23T20:15:14.220553" level="INFO">GET Request : url=https://randomuser.me/api 
 path_url=/api 
 headers={'User-Agent': 'python-requests/2.32.3', 'Accept-Encoding': 'gzip, deflate', 'Accept': '*/*', 'Connection': 'keep-alive'} 
 body=None 
 </msg>
<msg time="2024-06-23T20:15:14.220668" level="INFO">GET Response : url=https://randomuser.me/api 
 status=200, reason=OK 
 headers={'Date': 'Sun, 23 Jun 2024 20:15:14 GMT', 'Content-Type': 'application/json; charset=utf-8', 'Transfer-Encoding': 'chunked', 'Connection': 'keep-alive', 'X-Powered-By': 'Express', 'Access-Control-Allow-Origin': '*', 'Cache-Control': 'no-cache', 'ETag': 'W/"494-iywFtqx06X8eONgVfkExSg6RYUY"', 'Vary': 'Accept-Encoding', 'Content-Encoding': 'gzip', 'CF-Cache-Status': 'DYNAMIC', 'Report-To': '{"endpoints":[{"url":"https:\\/\\/a.nel.cloudflare.com\\/report\\/v4?s=FnynGH4RVK4HRtqX7%2FO77sX1vfjFc%2BwLbHF4LdsT8xR9PnmO052fcYYCqFyKJBo9aAou5deIDzqsQjRvavwSl2TDEuPdlNI5Np%2BXLpQUBGOsaD0tyPrBRnn6rC0Ve34y"}],"group":"cf-nel","max_age":604800}', 'NEL': '{"success_fraction":0,"report_to":"cf-nel","max_age":604800}', 'Server': 'cloudflare', 'CF-RAY': '898726215967fa2e-SJC', 'alt-svc': 'h3=":443"; ma=86400'} 
 body={"results":[{"gender":"male","name":{"title":"Mr","first":"Zvezdan","last":"Šotra"},"location":{"street":{"number":7852,"name":"Ranka Živanovića"},"city":"Surdulica","state":"Kolubara","country":"Serbia","postcode":67893,"coordinates":{"latitude":"56.4497","longitude":"-94.4151"},"timezone":{"offset":"+1:00","description":"Brussels, Copenhagen, Madrid, Paris"}},"email":"zvezdan.sotra@example.com","login":{"uuid":"fb7cbc2a-ee5c-4a4b-931d-f46a61498b3e","username":"beautifulswan952","password":"catch22","salt":"53uXPqTh","md5":"30270d20dcc5461dbcfafff91561904b","sha1":"1697c996a35957950f2c86f2ff770354f0847fea","sha256":"659d63dd93b022daf2e807ebfbd95e3238c819a73e15931b92d9098552740848"},"dob":{"date":"1961-06-15T16:11:30.841Z","age":63},"registered":{"date":"2010-05-23T02:28:22.430Z","age":14},"phone":"021-2557-298","cell":"066-5532-774","id":{"name":"SID","value":"851813064"},"picture":{"large":"https://randomuser.me/api/portraits/men/67.jpg","medium":"https://randomuser.me/api/portraits/med/men/67.jpg","thumbnail":"https://randomuser.me/api/portraits/thumb/men/67.jpg"},"nat":"RS"}],"info":{"seed":"096aef0ee30396ae","results":1,"page":1,"version":"1.4"}} 
 </msg>
<msg time="2024-06-23T20:15:14.220739" level="INFO">/opt/hostedtoolcache/Python/3.12.4/x64/lib/python3.12/site-packages/urllib3/connectionpool.py:1099: InsecureRequestWarning: Unverified HTTPS request is being made to host 'randomuser.me'. Adding certificate verification is strongly advised. See: https://urllib3.readthedocs.io/en/latest/advanced-usage.html#tls-warnings
  warnings.warn(</msg>
<msg time="2024-06-23T20:15:14.220878" level="INFO">${response} = &lt;Response [200]&gt;</msg>
<var>${response}</var>
<arg>consultarAPI</arg>
<arg>/api</arg>
<doc>Sends a GET request on a previously created HTTP Session.</doc>
<status status="PASS" start="2024-06-23T20:15:14.127659" elapsed="0.093268"/>
</kw>
<kw name="Set Variable" owner="BuiltIn">
<msg time="2024-06-23T20:15:14.221995" level="INFO">${json_data} = {'results': [{'gender': 'male', 'name': {'title': 'Mr', 'first': 'Zvezdan', 'last': 'Šotra'}, 'location': {'street': {'number': 7852, 'name': 'Ranka Živanovića'}, 'city': 'Surdulica', 'state': 'Koluba...</msg>
<var>${json_data}</var>
<arg>${response.json()}</arg>
<doc>Returns the given values which can then be assigned to a variables.</doc>
<status status="PASS" start="2024-06-23T20:15:14.221443" elapsed="0.000583"/>
</kw>
<kw name="Log" owner="BuiltIn">
<msg time="2024-06-23T20:15:14.222489" level="INFO">{'results': [{'gender': 'male', 'name': {'title': 'Mr', 'first': 'Zvezdan', 'last': 'Šotra'}, 'location': {'street': {'number': 7852, 'name': 'Ranka Živanovića'}, 'city': 'Surdulica', 'state': 'Kolubara', 'country': 'Serbia', 'postcode': 67893, 'coordinates': {'latitude': '56.4497', 'longitude': '-94.4151'}, 'timezone': {'offset': '+1:00', 'description': 'Brussels, Copenhagen, Madrid, Paris'}}, 'email': 'zvezdan.sotra@example.com', 'login': {'uuid': 'fb7cbc2a-ee5c-4a4b-931d-f46a61498b3e', 'username': 'beautifulswan952', 'password': 'catch22', 'salt': '53uXPqTh', 'md5': '30270d20dcc5461dbcfafff91561904b', 'sha1': '1697c996a35957950f2c86f2ff770354f0847fea', 'sha256': '659d63dd93b022daf2e807ebfbd95e3238c819a73e15931b92d9098552740848'}, 'dob': {'date': '1961-06-15T16:11:30.841Z', 'age': 63}, 'registered': {'date': '2010-05-23T02:28:22.430Z', 'age': 14}, 'phone': '021-2557-298', 'cell': '066-5532-774', 'id': {'name': 'SID', 'value': '851813064'}, 'picture': {'large': 'https://randomuser.me/api/portraits/men/67.jpg', 'medium': 'https://randomuser.me/api/portraits/med/men/67.jpg', 'thumbnail': 'https://randomuser.me/api/portraits/thumb/men/67.jpg'}, 'nat': 'RS'}], 'info': {'seed': '096aef0ee30396ae', 'results': 1, 'page': 1, 'version': '1.4'}}</msg>
<arg>${json_data}</arg>
<doc>Logs the given message with the given level.</doc>
<status status="PASS" start="2024-06-23T20:15:14.222331" elapsed="0.000207"/>
</kw>
<kw name="Should Be Equal As Numbers" owner="BuiltIn">
<arg>${json_data['results'][0]['location']['postcode']}</arg>
<arg>${json_data['results'][0]['location']['postcode']}</arg>
<doc>Fails if objects are unequal after converting them to real numbers.</doc>
<status status="PASS" start="2024-06-23T20:15:14.222836" elapsed="0.000621"/>
</kw>
<kw name="Log" owner="BuiltIn">
<msg time="2024-06-23T20:15:14.223983" level="INFO">67893</msg>
<arg>${json_data['results'][0]['location']['postcode']}</arg>
<doc>Logs the given message with the given level.</doc>
<status status="PASS" start="2024-06-23T20:15:14.223650" elapsed="0.000372"/>
</kw>
<status status="PASS" start="2024-06-23T20:15:14.127426" elapsed="0.096876"/>
</kw>
<doc>Testa se os tipos de dados na resposta da API estão corretos.</doc>
<tag>testeTiposDados</tag>
<status status="PASS" start="2024-06-23T20:15:14.000269" elapsed="0.224200"/>
</test>
<test id="s1-s1-t5" name="Validar conteudo" line="35">
<kw name="Teste de Tipos de Conteudo" owner="random-user-service">
<kw name="GET On Session" owner="RequestsLibrary">
<msg time="2024-06-23T20:15:14.320708" level="INFO">GET Request : url=https://randomuser.me/api 
 path_url=/api 
 headers={'User-Agent': 'python-requests/2.32.3', 'Accept-Encoding': 'gzip, deflate', 'Accept': '*/*', 'Connection': 'keep-alive'} 
 body=None 
 </msg>
<msg time="2024-06-23T20:15:14.320812" level="INFO">GET Response : url=https://randomuser.me/api 
 status=200, reason=OK 
 headers={'Date': 'Sun, 23 Jun 2024 20:15:14 GMT', 'Content-Type': 'application/json; charset=utf-8', 'Transfer-Encoding': 'chunked', 'Connection': 'keep-alive', 'X-Powered-By': 'Express', 'Access-Control-Allow-Origin': '*', 'Cache-Control': 'no-cache', 'ETag': 'W/"46e-Gzx3Tz9M/pUh5qFKWc/n7y0f6u4"', 'Vary': 'Accept-Encoding', 'Content-Encoding': 'gzip', 'CF-Cache-Status': 'DYNAMIC', 'Report-To': '{"endpoints":[{"url":"https:\\/\\/a.nel.cloudflare.com\\/report\\/v4?s=kQsLE6XPteOR%2FJATs6cQwMI64zpwxQ33bBhbA5NoXaQxRckv2LWfkRy0SwE%2FYTowaTtlntvZk49xMoO6nbEXoponu0MoZC9t2uyQOQAOXgdYwF%2BTxdoN%2B%2Fe2W2svWlsW"}],"group":"cf-nel","max_age":604800}', 'NEL': '{"success_fraction":0,"report_to":"cf-nel","max_age":604800}', 'Server': 'cloudflare', 'CF-RAY': '89872621e9e5fa2e-SJC', 'alt-svc': 'h3=":443"; ma=86400'} 
 body={"results":[{"gender":"male","name":{"title":"Mr","first":"Andreas","last":"Thomsen"},"location":{"street":{"number":9548,"name":"Holmevej"},"city":"Randers Nø","state":"Syddanmark","country":"Denmark","postcode":95363,"coordinates":{"latitude":"-44.9076","longitude":"-37.7958"},"timezone":{"offset":"-10:00","description":"Hawaii"}},"email":"andreas.thomsen@example.com","login":{"uuid":"1f1f5aff-fa0d-4f1f-ab94-a68372320fce","username":"purplefish662","password":"private","salt":"9Mc28h7y","md5":"ba316fdd8cb69d9e8462b79819b0ad3e","sha1":"76e2a54a60a680eee821173459f0fca49deaece1","sha256":"b829d355cd24acd3bd879ba8f4e996a50074edf009d43a5957cb6478715b2ce9"},"dob":{"date":"1967-11-18T18:23:04.843Z","age":56},"registered":{"date":"2013-04-29T22:09:43.964Z","age":11},"phone":"41210978","cell":"31638584","id":{"name":"CPR","value":"181167-8140"},"picture":{"large":"https://randomuser.me/api/portraits/men/19.jpg","medium":"https://randomuser.me/api/portraits/med/men/19.jpg","thumbnail":"https://randomuser.me/api/portraits/thumb/men/19.jpg"},"nat":"DK"}],"info":{"seed":"d472e36a6927c2bc","results":1,"page":1,"version":"1.4"}} 
 </msg>
<msg time="2024-06-23T20:15:14.320914" level="INFO">/opt/hostedtoolcache/Python/3.12.4/x64/lib/python3.12/site-packages/urllib3/connectionpool.py:1099: InsecureRequestWarning: Unverified HTTPS request is being made to host 'randomuser.me'. Adding certificate verification is strongly advised. See: https://urllib3.readthedocs.io/en/latest/advanced-usage.html#tls-warnings
  warnings.warn(</msg>
<msg time="2024-06-23T20:15:14.321052" level="INFO">${response} = &lt;Response [200]&gt;</msg>
<var>${response}</var>
<arg>consultarAPI</arg>
<arg>/api</arg>
<doc>Sends a GET request on a previously created HTTP Session.</doc>
<status status="PASS" start="2024-06-23T20:15:14.227055" elapsed="0.094041"/>
</kw>
<kw name="Set Variable" owner="BuiltIn">
<msg time="2024-06-23T20:15:14.322152" level="INFO">${json_data} = {'results': [{'gender': 'male', 'name': {'title': 'Mr', 'first': 'Andreas', 'last': 'Thomsen'}, 'location': {'street': {'number': 9548, 'name': 'Holmevej'}, 'city': 'Randers Nø', 'state': 'Syddanmark'...</msg>
<var>${json_data}</var>
<arg>${response.json()}</arg>
<doc>Returns the given values which can then be assigned to a variables.</doc>
<status status="PASS" start="2024-06-23T20:15:14.321597" elapsed="0.000586"/>
</kw>
<kw name="Set Variable" owner="BuiltIn">
<msg time="2024-06-23T20:15:14.322881" level="INFO">${name_title} = Mr</msg>
<var>${name_title}</var>
<arg>${json_data["results"][0]["name"]["title"]}</arg>
<doc>Returns the given values which can then be assigned to a variables.</doc>
<status status="PASS" start="2024-06-23T20:15:14.322496" elapsed="0.000411"/>
</kw>
<kw name="Create List" owner="BuiltIn">
<msg time="2024-06-23T20:15:14.323354" level="INFO">${allowed_titles} = ['Mr', 'Ms', 'Miss', 'Mrs', 'Madame', 'Monsieur']</msg>
<var>${allowed_titles}</var>
<arg>Mr</arg>
<arg>Ms</arg>
<arg>Miss</arg>
<arg>Mrs</arg>
<arg>Madame</arg>
<arg>Monsieur</arg>
<doc>Returns a list containing given items.</doc>
<status status="PASS" start="2024-06-23T20:15:14.323203" elapsed="0.000176"/>
</kw>
<kw name="List Should Contain Value" owner="Collections">
<arg>${allowed_titles}</arg>
<arg>${name_title}</arg>
<doc>Fails if the ``value`` is not found from ``list``.</doc>
<status status="PASS" start="2024-06-23T20:15:14.323672" elapsed="0.000175"/>
</kw>
<kw name="Set Variable" owner="BuiltIn">
<msg time="2024-06-23T20:15:14.324378" level="INFO">${name_country} = DK</msg>
<var>${name_country}</var>
<arg>${json_data["results"][0]["nat"]}</arg>
<doc>Returns the given values which can then be assigned to a variables.</doc>
<status status="PASS" start="2024-06-23T20:15:14.324019" elapsed="0.000383"/>
</kw>
<kw name="Create List" owner="BuiltIn">
<msg time="2024-06-23T20:15:14.325290" level="INFO">${list_country} = ['AD', 'AE', 'AF', 'AG', 'AI', 'AL', 'AM', 'AO', 'AQ', 'AR', 'AS', 'AT', 'AU', 'AW', 'AX', 'AZ', 'BA', 'BB', 'BD', 'BE', 'BF', 'BG', 'BH', 'BI', 'BJ', 'BL', 'BM', 'BN', 'BO', 'BQ', 'BR', 'BS', 'BT', '...</msg>
<var>${list_country}</var>
<arg>AD</arg>
<arg>AE</arg>
<arg>AF</arg>
<arg>AG</arg>
<arg>AI</arg>
<arg>AL</arg>
<arg>AM</arg>
<arg>AO</arg>
<arg>AQ</arg>
<arg>AR</arg>
<arg>AS</arg>
<arg>AT</arg>
<arg>AU</arg>
<arg>AW</arg>
<arg>AX</arg>
<arg>AZ</arg>
<arg>BA</arg>
<arg>BB</arg>
<arg>BD</arg>
<arg>BE</arg>
<arg>BF</arg>
<arg>BG</arg>
<arg>BH</arg>
<arg>BI</arg>
<arg>BJ</arg>
<arg>BL</arg>
<arg>BM</arg>
<arg>BN</arg>
<arg>BO</arg>
<arg>BQ</arg>
<arg>BR</arg>
<arg>BS</arg>
<arg>BT</arg>
<arg>BV</arg>
<arg>BW</arg>
<arg>BY</arg>
<arg>BZ</arg>
<arg>CA</arg>
<arg>CC</arg>
<arg>CD</arg>
<arg>CF</arg>
<arg>CG</arg>
<arg>CH</arg>
<arg>CI</arg>
<arg>CK</arg>
<arg>CL</arg>
<arg>CM</arg>
<arg>CN</arg>
<arg>CO</arg>
<arg>CR</arg>
<arg>CU</arg>
<arg>CV</arg>
<arg>CW</arg>
<arg>CX</arg>
<arg>CY</arg>
<arg>CZ</arg>
<arg>DE</arg>
<arg>DJ</arg>
<arg>DK</arg>
<arg>DM</arg>
<arg>DO</arg>
<arg>DZ</arg>
<arg>EC</arg>
<arg>EE</arg>
<arg>EG</arg>
<arg>EH</arg>
<arg>ER</arg>
<arg>ES</arg>
<arg>ET</arg>
<arg>FI</arg>
<arg>FJ</arg>
<arg>FK</arg>
<arg>FM</arg>
<arg>FO</arg>
<arg>FR</arg>
<arg>GA</arg>
<arg>GB</arg>
<arg>GD</arg>
<arg>GE</arg>
<arg>GF</arg>
<arg>GG</arg>
<arg>GH</arg>
<arg>GI</arg>
<arg>GL</arg>
<arg>GM</arg>
<arg>GN</arg>
<arg>GP</arg>
<arg>GQ</arg>
<arg>GR</arg>
<arg>GS</arg>
<arg>GT</arg>
<arg>GU</arg>
<arg>GW</arg>
<arg>GY</arg>
<arg>HK</arg>
<arg>HM</arg>
<arg>HN</arg>
<arg>HR</arg>
<arg>HT</arg>
<arg>HU</arg>
<arg>ID</arg>
<arg>IE</arg>
<arg>IL</arg>
<arg>IM</arg>
<arg>IN</arg>
<arg>IO</arg>
<arg>IQ</arg>
<arg>IR</arg>
<arg>IS</arg>
<arg>IT</arg>
<arg>JE</arg>
<arg>JM</arg>
<arg>JO</arg>
<arg>JP</arg>
<arg>KE</arg>
<arg>KG</arg>
<arg>KH</arg>
<arg>KI</arg>
<arg>KM</arg>
<arg>KN</arg>
<arg>KP</arg>
<arg>KR</arg>
<arg>KW</arg>
<arg>KY</arg>
<arg>KZ</arg>
<arg>LA</arg>
<arg>LB</arg>
<arg>LC</arg>
<arg>LI</arg>
<arg>LK</arg>
<arg>LR</arg>
<arg>LS</arg>
<arg>LT</arg>
<arg>LU</arg>
<arg>LV</arg>
<arg>LY</arg>
<arg>MA</arg>
<arg>MC</arg>
<arg>MD</arg>
<arg>ME</arg>
<arg>MF</arg>
<arg>MG</arg>
<arg>MH</arg>
<arg>MK</arg>
<arg>ML</arg>
<arg>MM</arg>
<arg>MN</arg>
<arg>MO</arg>
<arg>MP</arg>
<arg>MQ</arg>
<arg>MR</arg>
<arg>MS</arg>
<arg>MT</arg>
<arg>MU</arg>
<arg>MV</arg>
<arg>MW</arg>
<arg>MX</arg>
<arg>MY</arg>
<arg>MZ</arg>
<arg>NA</arg>
<arg>NC</arg>
<arg>NE</arg>
<arg>NF</arg>
<arg>NG</arg>
<arg>NI</arg>
<arg>NL</arg>
<arg>NO</arg>
<arg>NP</arg>
<arg>NR</arg>
<arg>NU</arg>
<arg>NZ</arg>
<arg>OM</arg>
<arg>PA</arg>
<arg>PE</arg>
<arg>PF</arg>
<arg>PG</arg>
<arg>PH</arg>
<arg>PK</arg>
<arg>PL</arg>
<arg>PM</arg>
<arg>PN</arg>
<arg>PR</arg>
<arg>PS</arg>
<arg>PT</arg>
<arg>PW</arg>
<arg>PY</arg>
<arg>QA</arg>
<arg>RE</arg>
<arg>RO</arg>
<arg>RS</arg>
<arg>RU</arg>
<arg>RW</arg>
<arg>SA</arg>
<arg>SB</arg>
<arg>SC</arg>
<arg>SD</arg>
<arg>SE</arg>
<arg>SG</arg>
<arg>SH</arg>
<arg>SI</arg>
<arg>SJ</arg>
<arg>SK</arg>
<arg>SL</arg>
<arg>SM</arg>
<arg>SN</arg>
<arg>SO</arg>
<arg>SR</arg>
<arg>SS</arg>
<arg>ST</arg>
<arg>SV</arg>
<arg>SX</arg>
<arg>SY</arg>
<arg>SZ</arg>
<arg>TC</arg>
<arg>TD</arg>
<arg>TF</arg>
<arg>TG</arg>
<arg>TH</arg>
<arg>TJ</arg>
<arg>TK</arg>
<arg>TL</arg>
<arg>TM</arg>
<arg>TN</arg>
<arg>TO</arg>
<arg>TR</arg>
<arg>TT</arg>
<arg>TV</arg>
<arg>TW</arg>
<arg>TZ</arg>
<arg>UA</arg>
<arg>UG</arg>
<arg>UM</arg>
<arg>US</arg>
<arg>UY</arg>
<arg>UZ</arg>
<arg>VA</arg>
<arg>VC</arg>
<arg>VE</arg>
<arg>VG</arg>
<arg>VI</arg>
<arg>VN</arg>
<arg>VU</arg>
<arg>WF</arg>
<arg>WS</arg>
<arg>XK</arg>
<arg>YE</arg>
<arg>YT</arg>
<arg>ZA</arg>
<arg>ZM</arg>
<arg>ZW</arg>
<doc>Returns a list containing given items.</doc>
<status status="PASS" start="2024-06-23T20:15:14.324697" elapsed="0.000618"/>
</kw>
<kw name="List Should Contain Value" owner="Collections">
<arg>${list_country}</arg>
<arg>${name_country}</arg>
<doc>Fails if the ``value`` is not found from ``list``.</doc>
<status status="PASS" start="2024-06-23T20:15:14.326126" elapsed="0.000202"/>
</kw>
<kw name="Run Keyword If" owner="BuiltIn">
<kw name="Should Be True" owner="BuiltIn">
<arg>${True}</arg>
<doc>Fails if the given condition is not true.</doc>
<status status="PASS" start="2024-06-23T20:15:14.327256" elapsed="0.000140"/>
</kw>
<arg>${json_data["results"][0]["location"]["coordinates"]["latitude"]} &gt;= -90 and ${json_data["results"][0]["location"]["coordinates"]["latitude"]} &lt;= 90</arg>
<arg>Should Be True</arg>
<arg>${True}</arg>
<doc>Runs the given keyword with the given arguments, if ``condition`` is true.</doc>
<status status="PASS" start="2024-06-23T20:15:14.326523" elapsed="0.000997"/>
</kw>
<kw name="Run Keyword If" owner="BuiltIn">
<kw name="Should Be True" owner="BuiltIn">
<arg>${True}</arg>
<doc>Fails if the given condition is not true.</doc>
<status status="PASS" start="2024-06-23T20:15:14.328381" elapsed="0.000133"/>
</kw>
<arg>${json_data["results"][0]["location"]["coordinates"]["longitude"]} &gt;= -180 and ${json_data["results"][0]["location"]["coordinates"]["longitude"]} &lt;= 180</arg>
<arg>Should Be True</arg>
<arg>${True}</arg>
<doc>Runs the given keyword with the given arguments, if ``condition`` is true.</doc>
<status status="PASS" start="2024-06-23T20:15:14.327698" elapsed="0.000936"/>
</kw>
<status status="PASS" start="2024-06-23T20:15:14.226671" elapsed="0.102100"/>
</kw>
<doc>Testa o conteúdo específico dos campos retornados pela API.</doc>
<tag>testeConteudo</tag>
<status status="PASS" start="2024-06-23T20:15:14.226241" elapsed="0.102680"/>
</test>
<status status="PASS" start="2024-06-23T20:15:13.236944" elapsed="1.093921"/>
</suite>
<status status="PASS" start="2024-06-23T20:15:13.222445" elapsed="1.113523"/>
</suite>
<statistics>
<total>
<stat pass="5" fail="0" skip="0">All Tests</stat>
</total>
<tag>
<stat pass="1" fail="0" skip="0">testeConteudo</stat>
<stat pass="1" fail="0" skip="0">testeEstruturaResposta</stat>
<stat pass="1" fail="0" skip="0">testeRequisicaoBasica</stat>
<stat pass="1" fail="0" skip="0">testeTiposDados</stat>
</tag>
<suite>
<stat pass="5" fail="0" skip="0" id="s1" name="Tests">Tests</stat>
<stat pass="5" fail="0" skip="0" id="s1-s1" name="Random-User-Test">Tests.Random-User-Test</stat>
</suite>
</statistics>
<errors>
</errors>
</robot>
