<?xml version="1.0" encoding="UTF-8"?>
<robot generator="Robot 7.0.1 (Python 3.12.4 on linux)" generated="2024-07-06T12:26:14.410842" rpa="false" schemaversion="5">
<suite id="s1" name="Tests" source="/home/runner/work/ApiRandomUser/ApiRandomUser/RamdonUser/tests">
<suite id="s1-s1" name="Random-User-Test" source="/home/runner/work/ApiRandomUser/ApiRandomUser/RamdonUser/tests/random-user-test.robot">
<test id="s1-s1-t1" name="Conectar" line="13">
<kw name="Conectar API" owner="random-user-service">
<kw name="Create Session" owner="RequestsLibrary">
<msg time="2024-07-06T12:26:14.836597" level="INFO">Creating Session using : alias=consultarAPI, url=https://randomuser.me/, headers={},                     cookies={}, auth=None, timeout=None, proxies=None, verify=False,                     debug=0 </msg>
<arg>consultarAPI</arg>
<arg>${URL}</arg>
<doc>Create Session: create a HTTP session to a server</doc>
<status status="PASS" start="2024-07-06T12:26:14.836345" elapsed="0.000459"/>
</kw>
<status status="PASS" start="2024-07-06T12:26:14.835343" elapsed="0.001832"/>
</kw>
<status status="PASS" start="2024-07-06T12:26:14.834661" elapsed="0.002783"/>
</test>
<test id="s1-s1-t2" name="Validar retorno 200 e JSON Válido" line="16">
<kw name="Teste de Requisicao Basica" owner="random-user-service">
<kw name="GET On Session" owner="RequestsLibrary">
<msg time="2024-07-06T12:26:15.068120" level="INFO">GET Request : url=https://randomuser.me/api 
 path_url=/api 
 headers={'User-Agent': 'python-requests/2.32.3', 'Accept-Encoding': 'gzip, deflate', 'Accept': '*/*', 'Connection': 'keep-alive'} 
 body=None 
 </msg>
<msg time="2024-07-06T12:26:15.068277" level="INFO">GET Response : url=https://randomuser.me/api 
 status=200, reason=OK 
 headers={'Date': 'Sat, 06 Jul 2024 12:26:15 GMT', 'Content-Type': 'application/json; charset=utf-8', 'Transfer-Encoding': 'chunked', 'Connection': 'keep-alive', 'X-Powered-By': 'Express', 'Access-Control-Allow-Origin': '*', 'Cache-Control': 'no-cache', 'ETag': 'W/"499-ca7MeScsX+GZb5WiBO0jrhj8bJ8"', 'Vary': 'Accept-Encoding', 'Content-Encoding': 'gzip', 'CF-Cache-Status': 'DYNAMIC', 'Report-To': '{"endpoints":[{"url":"https:\\/\\/a.nel.cloudflare.com\\/report\\/v4?s=7600tqAUrLVzH9MGZZORAPlFeiE80kpK471DwpANsuhF1B2OIxHH%2BieD9QnVPyOkYvm%2FAC5zIS12uvFpdVfifNFcBrG3mj7QkrQi%2BWLziwsO%2B3Lma7PhImLSoHA6Ymps"}],"group":"cf-nel","max_age":604800}', 'NEL': '{"success_fraction":0,"report_to":"cf-nel","max_age":604800}', 'Server': 'cloudflare', 'CF-RAY': '89ef9503ed889c37-IAD', 'alt-svc': 'h3=":443"; ma=86400'} 
 body={"results":[{"gender":"female","name":{"title":"Miss","first":"Reema","last":"Pai"},"location":{"street":{"number":473,"name":"Bandstand Promenade"},"city":"Dibrugarh","state":"Daman and Diu","country":"India","postcode":37771,"coordinates":{"latitude":"10.3688","longitude":"130.8870"},"timezone":{"offset":"+3:00","description":"Baghdad, Riyadh, Moscow, St. Petersburg"}},"email":"reema.pai@example.com","login":{"uuid":"9a280044-4515-4bae-b2f8-21d57bdef5d2","username":"orangecat200","password":"wayne1","salt":"ufxRN4Sk","md5":"937d0c005b68da0b74f1b454dd5309e2","sha1":"d278235430c5d258c9079874a90b73bcba829bba","sha256":"deab23d369143b881392558e03db3cc39ffe7d7b7d832cb14aa7b4e926cc4258"},"dob":{"date":"1994-04-05T08:54:50.379Z","age":30},"registered":{"date":"2009-08-04T01:32:08.392Z","age":14},"phone":"9899381737","cell":"7369739879","id":{"name":"UIDAI","value":"037312600603"},"picture":{"large":"https://randomuser.me/api/portraits/women/48.jpg","medium":"https://randomuser.me/api/portraits/med/women/48.jpg","thumbnail":"https://randomuser.me/api/portraits/thumb/women/48.jpg"},"nat":"IN"}],"info":{"seed":"cbbe5937aea122f1","results":1,"page":1,"version":"1.4"}} 
 </msg>
<msg time="2024-07-06T12:26:15.068369" level="INFO">/opt/hostedtoolcache/Python/3.12.4/x64/lib/python3.12/site-packages/urllib3/connectionpool.py:1099: InsecureRequestWarning: Unverified HTTPS request is being made to host 'randomuser.me'. Adding certificate verification is strongly advised. See: https://urllib3.readthedocs.io/en/latest/advanced-usage.html#tls-warnings
  warnings.warn(</msg>
<msg time="2024-07-06T12:26:15.068561" level="INFO">${response} = &lt;Response [200]&gt;</msg>
<var>${response}</var>
<arg>consultarAPI</arg>
<arg>/api</arg>
<doc>Sends a GET request on a previously created HTTP Session.</doc>
<status status="PASS" start="2024-07-06T12:26:14.840389" elapsed="0.228221"/>
</kw>
<kw name="Should Be Equal As Numbers" owner="BuiltIn">
<msg time="2024-07-06T12:26:15.069669" level="INFO">Argument types are:
&lt;class 'int'&gt;
&lt;class 'str'&gt;</msg>
<arg>${response.status_code}</arg>
<arg>200</arg>
<doc>Fails if objects are unequal after converting them to real numbers.</doc>
<status status="PASS" start="2024-07-06T12:26:15.069174" elapsed="0.000561"/>
</kw>
<kw name="Log" owner="BuiltIn">
<msg time="2024-07-06T12:26:15.070406" level="INFO">200</msg>
<arg>${response.status_code}</arg>
<doc>Logs the given message with the given level.</doc>
<status status="PASS" start="2024-07-06T12:26:15.070055" elapsed="0.000394"/>
</kw>
<kw name="Set Variable" owner="BuiltIn">
<msg time="2024-07-06T12:26:15.071194" level="INFO">${json_data} = {'results': [{'gender': 'female', 'name': {'title': 'Miss', 'first': 'Reema', 'last': 'Pai'}, 'location': {'street': {'number': 473, 'name': 'Bandstand Promenade'}, 'city': 'Dibrugarh', 'state': 'Dama...</msg>
<var>${json_data}</var>
<arg>${response.json()}</arg>
<doc>Returns the given values which can then be assigned to a variables.</doc>
<status status="PASS" start="2024-07-06T12:26:15.070752" elapsed="0.000471"/>
</kw>
<kw name="Dictionary Should Contain Key" owner="Collections">
<arg>${json_data}</arg>
<arg>results</arg>
<doc>Fails if ``key`` is not found from ``dictionary``.</doc>
<status status="PASS" start="2024-07-06T12:26:15.071523" elapsed="0.000166"/>
</kw>
<status status="PASS" start="2024-07-06T12:26:14.840139" elapsed="0.231706"/>
</kw>
<doc>Testa se a API responde corretamente e retorna um objeto JSON válido.</doc>
<tag>testeRequisicaoBasica</tag>
<status status="PASS" start="2024-07-06T12:26:14.839621" elapsed="0.232410"/>
</test>
<test id="s1-s1-t3" name="Validar estrutura de resposta" line="22">
<kw name="Teste de Estrutura de Resposta" owner="random-user-service">
<kw name="GET On Session" owner="RequestsLibrary">
<msg time="2024-07-06T12:26:15.159526" level="INFO">GET Request : url=https://randomuser.me/api 
 path_url=/api 
 headers={'User-Agent': 'python-requests/2.32.3', 'Accept-Encoding': 'gzip, deflate', 'Accept': '*/*', 'Connection': 'keep-alive'} 
 body=None 
 </msg>
<msg time="2024-07-06T12:26:15.159643" level="INFO">GET Response : url=https://randomuser.me/api 
 status=200, reason=OK 
 headers={'Date': 'Sat, 06 Jul 2024 12:26:15 GMT', 'Content-Type': 'application/json; charset=utf-8', 'Transfer-Encoding': 'chunked', 'Connection': 'keep-alive', 'X-Powered-By': 'Express', 'Access-Control-Allow-Origin': '*', 'Cache-Control': 'no-cache', 'ETag': 'W/"49b-nGL7+P6WmARYUyxy6XgB4OmbzBE"', 'Vary': 'Accept-Encoding', 'Content-Encoding': 'gzip', 'CF-Cache-Status': 'DYNAMIC', 'Report-To': '{"endpoints":[{"url":"https:\\/\\/a.nel.cloudflare.com\\/report\\/v4?s=roq43UL3A7KSAN3%2FNb9MVetcLDPHFOMfSHWG5msXljURRUURPbH94NJyI0SMsVWQpm%2B33ai6fNGx9by%2FraFGZYGZVnRObH8tSwOEH1Po5tiuHVc4tH6cnCxS7VHNwFqc"}],"group":"cf-nel","max_age":604800}', 'NEL': '{"success_fraction":0,"report_to":"cf-nel","max_age":604800}', 'Server': 'cloudflare', 'CF-RAY': '89ef95043dc49c37-IAD', 'alt-svc': 'h3=":443"; ma=86400'} 
 body={"results":[{"gender":"male","name":{"title":"Mr","first":"Paulo","last":"da Mata"},"location":{"street":{"number":4204,"name":"Rua Carlos Gomes"},"city":"Marituba","state":"Santa Catarina","country":"Brazil","postcode":51215,"coordinates":{"latitude":"-78.8271","longitude":"-39.4367"},"timezone":{"offset":"+10:00","description":"Eastern Australia, Guam, Vladivostok"}},"email":"paulo.damata@example.com","login":{"uuid":"c4f628d7-d208-4da1-b3e8-13db7561ddad","username":"whitelion210","password":"carpet","salt":"ZkcFZNhT","md5":"ee960426e99510f3af81b9ac9d62536b","sha1":"aadf56e018cc9196462b5fc32eb23ad331c6eb8b","sha256":"fd3016809f7ec06ed816419b3d4c98c321c4692eda6d7dbb561dc3d6f261603c"},"dob":{"date":"1956-12-15T23:35:13.553Z","age":67},"registered":{"date":"2019-03-14T23:56:07.601Z","age":5},"phone":"(43) 4088-6844","cell":"(78) 1932-0118","id":{"name":"CPF","value":"937.220.222-70"},"picture":{"large":"https://randomuser.me/api/portraits/men/74.jpg","medium":"https://randomuser.me/api/portraits/med/men/74.jpg","thumbnail":"https://randomuser.me/api/portraits/thumb/men/74.jpg"},"nat":"BR"}],"info":{"seed":"083c6a0554772fb5","results":1,"page":1,"version":"1.4"}} 
 </msg>
<msg time="2024-07-06T12:26:15.159799" level="INFO">/opt/hostedtoolcache/Python/3.12.4/x64/lib/python3.12/site-packages/urllib3/connectionpool.py:1099: InsecureRequestWarning: Unverified HTTPS request is being made to host 'randomuser.me'. Adding certificate verification is strongly advised. See: https://urllib3.readthedocs.io/en/latest/advanced-usage.html#tls-warnings
  warnings.warn(</msg>
<msg time="2024-07-06T12:26:15.159973" level="INFO">${response} = &lt;Response [200]&gt;</msg>
<var>${response}</var>
<arg>consultarAPI</arg>
<arg>/api</arg>
<doc>Sends a GET request on a previously created HTTP Session.</doc>
<status status="PASS" start="2024-07-06T12:26:15.074729" elapsed="0.085289"/>
</kw>
<kw name="Set Variable" owner="BuiltIn">
<msg time="2024-07-06T12:26:15.161116" level="INFO">${json_data} = {'results': [{'gender': 'male', 'name': {'title': 'Mr', 'first': 'Paulo', 'last': 'da Mata'}, 'location': {'street': {'number': 4204, 'name': 'Rua Carlos Gomes'}, 'city': 'Marituba', 'state': 'Santa C...</msg>
<var>${json_data}</var>
<arg>${response.json()}</arg>
<doc>Returns the given values which can then be assigned to a variables.</doc>
<status status="PASS" start="2024-07-06T12:26:15.160583" elapsed="0.000563"/>
</kw>
<kw name="Log" owner="BuiltIn">
<msg time="2024-07-06T12:26:15.161619" level="INFO">{'results': [{'gender': 'male', 'name': {'title': 'Mr', 'first': 'Paulo', 'last': 'da Mata'}, 'location': {'street': {'number': 4204, 'name': 'Rua Carlos Gomes'}, 'city': 'Marituba', 'state': 'Santa Catarina', 'country': 'Brazil', 'postcode': 51215, 'coordinates': {'latitude': '-78.8271', 'longitude': '-39.4367'}, 'timezone': {'offset': '+10:00', 'description': 'Eastern Australia, Guam, Vladivostok'}}, 'email': 'paulo.damata@example.com', 'login': {'uuid': 'c4f628d7-d208-4da1-b3e8-13db7561ddad', 'username': 'whitelion210', 'password': 'carpet', 'salt': 'ZkcFZNhT', 'md5': 'ee960426e99510f3af81b9ac9d62536b', 'sha1': 'aadf56e018cc9196462b5fc32eb23ad331c6eb8b', 'sha256': 'fd3016809f7ec06ed816419b3d4c98c321c4692eda6d7dbb561dc3d6f261603c'}, 'dob': {'date': '1956-12-15T23:35:13.553Z', 'age': 67}, 'registered': {'date': '2019-03-14T23:56:07.601Z', 'age': 5}, 'phone': '(43) 4088-6844', 'cell': '(78) 1932-0118', 'id': {'name': 'CPF', 'value': '937.220.222-70'}, 'picture': {'large': 'https://randomuser.me/api/portraits/men/74.jpg', 'medium': 'https://randomuser.me/api/portraits/med/men/74.jpg', 'thumbnail': 'https://randomuser.me/api/portraits/thumb/men/74.jpg'}, 'nat': 'BR'}], 'info': {'seed': '083c6a0554772fb5', 'results': 1, 'page': 1, 'version': '1.4'}}</msg>
<arg>${json_data}</arg>
<doc>Logs the given message with the given level.</doc>
<status status="PASS" start="2024-07-06T12:26:15.161459" elapsed="0.000212"/>
</kw>
<kw name="Dictionary Should Contain Key" owner="Collections">
<arg>${json_data}</arg>
<arg>results</arg>
<doc>Fails if ``key`` is not found from ``dictionary``.</doc>
<status status="PASS" start="2024-07-06T12:26:15.161966" elapsed="0.000162"/>
</kw>
<kw name="Should Not Be Empty" owner="BuiltIn">
<msg time="2024-07-06T12:26:15.162458" level="INFO">Length is 2.</msg>
<arg>${json_data}</arg>
<doc>Verifies that the given item is not empty.</doc>
<status status="PASS" start="2024-07-06T12:26:15.162313" elapsed="0.000186"/>
</kw>
<kw name="Create List" owner="BuiltIn">
<msg time="2024-07-06T12:26:15.163119" level="INFO">${expected_keys} = ['gender', 'name', 'location', 'email', 'login']</msg>
<var>${expected_keys}</var>
<arg>gender</arg>
<arg>name</arg>
<arg>location</arg>
<arg>email</arg>
<arg>login</arg>
<doc>Returns a list containing given items.</doc>
<status status="PASS" start="2024-07-06T12:26:15.162797" elapsed="0.000348"/>
</kw>
<for flavor="IN">
<iter>
<kw name="Dictionary Should Contain Key" owner="Collections">
<arg>${json_data['results'][0]}</arg>
<arg>${key}</arg>
<doc>Fails if ``key`` is not found from ``dictionary``.</doc>
<status status="PASS" start="2024-07-06T12:26:15.163739" elapsed="0.000408"/>
</kw>
<kw name="Log" owner="BuiltIn">
<msg time="2024-07-06T12:26:15.164759" level="INFO">{'gender': 'male', 'name': {'title': 'Mr', 'first': 'Paulo', 'last': 'da Mata'}, 'location': {'street': {'number': 4204, 'name': 'Rua Carlos Gomes'}, 'city': 'Marituba', 'state': 'Santa Catarina', 'country': 'Brazil', 'postcode': 51215, 'coordinates': {'latitude': '-78.8271', 'longitude': '-39.4367'}, 'timezone': {'offset': '+10:00', 'description': 'Eastern Australia, Guam, Vladivostok'}}, 'email': 'paulo.damata@example.com', 'login': {'uuid': 'c4f628d7-d208-4da1-b3e8-13db7561ddad', 'username': 'whitelion210', 'password': 'carpet', 'salt': 'ZkcFZNhT', 'md5': 'ee960426e99510f3af81b9ac9d62536b', 'sha1': 'aadf56e018cc9196462b5fc32eb23ad331c6eb8b', 'sha256': 'fd3016809f7ec06ed816419b3d4c98c321c4692eda6d7dbb561dc3d6f261603c'}, 'dob': {'date': '1956-12-15T23:35:13.553Z', 'age': 67}, 'registered': {'date': '2019-03-14T23:56:07.601Z', 'age': 5}, 'phone': '(43) 4088-6844', 'cell': '(78) 1932-0118', 'id': {'name': 'CPF', 'value': '937.220.222-70'}, 'picture': {'large': 'https://randomuser.me/api/portraits/men/74.jpg', 'medium': 'https://randomuser.me/api/portraits/med/men/74.jpg', 'thumbnail': 'https://randomuser.me/api/portraits/thumb/men/74.jpg'}, 'nat': 'BR'}</msg>
<arg>${json_data['results'][0]}</arg>
<doc>Logs the given message with the given level.</doc>
<status status="PASS" start="2024-07-06T12:26:15.164337" elapsed="0.000473"/>
</kw>
<kw name="Log" owner="BuiltIn">
<msg time="2024-07-06T12:26:15.165241" level="INFO">gender</msg>
<arg>${key}</arg>
<doc>Logs the given message with the given level.</doc>
<status status="PASS" start="2024-07-06T12:26:15.165111" elapsed="0.000170"/>
</kw>
<var name="${key}">gender</var>
<status status="PASS" start="2024-07-06T12:26:15.163613" elapsed="0.001886"/>
</iter>
<iter>
<kw name="Dictionary Should Contain Key" owner="Collections">
<arg>${json_data['results'][0]}</arg>
<arg>${key}</arg>
<doc>Fails if ``key`` is not found from ``dictionary``.</doc>
<status status="PASS" start="2024-07-06T12:26:15.165807" elapsed="0.000397"/>
</kw>
<kw name="Log" owner="BuiltIn">
<msg time="2024-07-06T12:26:15.166742" level="INFO">{'gender': 'male', 'name': {'title': 'Mr', 'first': 'Paulo', 'last': 'da Mata'}, 'location': {'street': {'number': 4204, 'name': 'Rua Carlos Gomes'}, 'city': 'Marituba', 'state': 'Santa Catarina', 'country': 'Brazil', 'postcode': 51215, 'coordinates': {'latitude': '-78.8271', 'longitude': '-39.4367'}, 'timezone': {'offset': '+10:00', 'description': 'Eastern Australia, Guam, Vladivostok'}}, 'email': 'paulo.damata@example.com', 'login': {'uuid': 'c4f628d7-d208-4da1-b3e8-13db7561ddad', 'username': 'whitelion210', 'password': 'carpet', 'salt': 'ZkcFZNhT', 'md5': 'ee960426e99510f3af81b9ac9d62536b', 'sha1': 'aadf56e018cc9196462b5fc32eb23ad331c6eb8b', 'sha256': 'fd3016809f7ec06ed816419b3d4c98c321c4692eda6d7dbb561dc3d6f261603c'}, 'dob': {'date': '1956-12-15T23:35:13.553Z', 'age': 67}, 'registered': {'date': '2019-03-14T23:56:07.601Z', 'age': 5}, 'phone': '(43) 4088-6844', 'cell': '(78) 1932-0118', 'id': {'name': 'CPF', 'value': '937.220.222-70'}, 'picture': {'large': 'https://randomuser.me/api/portraits/men/74.jpg', 'medium': 'https://randomuser.me/api/portraits/med/men/74.jpg', 'thumbnail': 'https://randomuser.me/api/portraits/thumb/men/74.jpg'}, 'nat': 'BR'}</msg>
<arg>${json_data['results'][0]}</arg>
<doc>Logs the given message with the given level.</doc>
<status status="PASS" start="2024-07-06T12:26:15.166390" elapsed="0.000439"/>
</kw>
<kw name="Log" owner="BuiltIn">
<msg time="2024-07-06T12:26:15.167270" level="INFO">name</msg>
<arg>${key}</arg>
<doc>Logs the given message with the given level.</doc>
<status status="PASS" start="2024-07-06T12:26:15.167139" elapsed="0.000170"/>
</kw>
<var name="${key}">name</var>
<status status="PASS" start="2024-07-06T12:26:15.165688" elapsed="0.001840"/>
</iter>
<iter>
<kw name="Dictionary Should Contain Key" owner="Collections">
<arg>${json_data['results'][0]}</arg>
<arg>${key}</arg>
<doc>Fails if ``key`` is not found from ``dictionary``.</doc>
<status status="PASS" start="2024-07-06T12:26:15.167818" elapsed="0.000382"/>
</kw>
<kw name="Log" owner="BuiltIn">
<msg time="2024-07-06T12:26:15.168760" level="INFO">{'gender': 'male', 'name': {'title': 'Mr', 'first': 'Paulo', 'last': 'da Mata'}, 'location': {'street': {'number': 4204, 'name': 'Rua Carlos Gomes'}, 'city': 'Marituba', 'state': 'Santa Catarina', 'country': 'Brazil', 'postcode': 51215, 'coordinates': {'latitude': '-78.8271', 'longitude': '-39.4367'}, 'timezone': {'offset': '+10:00', 'description': 'Eastern Australia, Guam, Vladivostok'}}, 'email': 'paulo.damata@example.com', 'login': {'uuid': 'c4f628d7-d208-4da1-b3e8-13db7561ddad', 'username': 'whitelion210', 'password': 'carpet', 'salt': 'ZkcFZNhT', 'md5': 'ee960426e99510f3af81b9ac9d62536b', 'sha1': 'aadf56e018cc9196462b5fc32eb23ad331c6eb8b', 'sha256': 'fd3016809f7ec06ed816419b3d4c98c321c4692eda6d7dbb561dc3d6f261603c'}, 'dob': {'date': '1956-12-15T23:35:13.553Z', 'age': 67}, 'registered': {'date': '2019-03-14T23:56:07.601Z', 'age': 5}, 'phone': '(43) 4088-6844', 'cell': '(78) 1932-0118', 'id': {'name': 'CPF', 'value': '937.220.222-70'}, 'picture': {'large': 'https://randomuser.me/api/portraits/men/74.jpg', 'medium': 'https://randomuser.me/api/portraits/med/men/74.jpg', 'thumbnail': 'https://randomuser.me/api/portraits/thumb/men/74.jpg'}, 'nat': 'BR'}</msg>
<arg>${json_data['results'][0]}</arg>
<doc>Logs the given message with the given level.</doc>
<status status="PASS" start="2024-07-06T12:26:15.168382" elapsed="0.000428"/>
</kw>
<kw name="Log" owner="BuiltIn">
<msg time="2024-07-06T12:26:15.169238" level="INFO">location</msg>
<arg>${key}</arg>
<doc>Logs the given message with the given level.</doc>
<status status="PASS" start="2024-07-06T12:26:15.169110" elapsed="0.000166"/>
</kw>
<var name="${key}">location</var>
<status status="PASS" start="2024-07-06T12:26:15.167708" elapsed="0.001785"/>
</iter>
<iter>
<kw name="Dictionary Should Contain Key" owner="Collections">
<arg>${json_data['results'][0]}</arg>
<arg>${key}</arg>
<doc>Fails if ``key`` is not found from ``dictionary``.</doc>
<status status="PASS" start="2024-07-06T12:26:15.169770" elapsed="0.000392"/>
</kw>
<kw name="Log" owner="BuiltIn">
<msg time="2024-07-06T12:26:15.170699" level="INFO">{'gender': 'male', 'name': {'title': 'Mr', 'first': 'Paulo', 'last': 'da Mata'}, 'location': {'street': {'number': 4204, 'name': 'Rua Carlos Gomes'}, 'city': 'Marituba', 'state': 'Santa Catarina', 'country': 'Brazil', 'postcode': 51215, 'coordinates': {'latitude': '-78.8271', 'longitude': '-39.4367'}, 'timezone': {'offset': '+10:00', 'description': 'Eastern Australia, Guam, Vladivostok'}}, 'email': 'paulo.damata@example.com', 'login': {'uuid': 'c4f628d7-d208-4da1-b3e8-13db7561ddad', 'username': 'whitelion210', 'password': 'carpet', 'salt': 'ZkcFZNhT', 'md5': 'ee960426e99510f3af81b9ac9d62536b', 'sha1': 'aadf56e018cc9196462b5fc32eb23ad331c6eb8b', 'sha256': 'fd3016809f7ec06ed816419b3d4c98c321c4692eda6d7dbb561dc3d6f261603c'}, 'dob': {'date': '1956-12-15T23:35:13.553Z', 'age': 67}, 'registered': {'date': '2019-03-14T23:56:07.601Z', 'age': 5}, 'phone': '(43) 4088-6844', 'cell': '(78) 1932-0118', 'id': {'name': 'CPF', 'value': '937.220.222-70'}, 'picture': {'large': 'https://randomuser.me/api/portraits/men/74.jpg', 'medium': 'https://randomuser.me/api/portraits/med/men/74.jpg', 'thumbnail': 'https://randomuser.me/api/portraits/thumb/men/74.jpg'}, 'nat': 'BR'}</msg>
<arg>${json_data['results'][0]}</arg>
<doc>Logs the given message with the given level.</doc>
<status status="PASS" start="2024-07-06T12:26:15.170347" elapsed="0.000403"/>
</kw>
<kw name="Log" owner="BuiltIn">
<msg time="2024-07-06T12:26:15.171174" level="INFO">email</msg>
<arg>${key}</arg>
<doc>Logs the given message with the given level.</doc>
<status status="PASS" start="2024-07-06T12:26:15.171047" elapsed="0.000166"/>
</kw>
<var name="${key}">email</var>
<status status="PASS" start="2024-07-06T12:26:15.169663" elapsed="0.001770"/>
</iter>
<iter>
<kw name="Dictionary Should Contain Key" owner="Collections">
<arg>${json_data['results'][0]}</arg>
<arg>${key}</arg>
<doc>Fails if ``key`` is not found from ``dictionary``.</doc>
<status status="PASS" start="2024-07-06T12:26:15.171721" elapsed="0.000394"/>
</kw>
<kw name="Log" owner="BuiltIn">
<msg time="2024-07-06T12:26:15.172677" level="INFO">{'gender': 'male', 'name': {'title': 'Mr', 'first': 'Paulo', 'last': 'da Mata'}, 'location': {'street': {'number': 4204, 'name': 'Rua Carlos Gomes'}, 'city': 'Marituba', 'state': 'Santa Catarina', 'country': 'Brazil', 'postcode': 51215, 'coordinates': {'latitude': '-78.8271', 'longitude': '-39.4367'}, 'timezone': {'offset': '+10:00', 'description': 'Eastern Australia, Guam, Vladivostok'}}, 'email': 'paulo.damata@example.com', 'login': {'uuid': 'c4f628d7-d208-4da1-b3e8-13db7561ddad', 'username': 'whitelion210', 'password': 'carpet', 'salt': 'ZkcFZNhT', 'md5': 'ee960426e99510f3af81b9ac9d62536b', 'sha1': 'aadf56e018cc9196462b5fc32eb23ad331c6eb8b', 'sha256': 'fd3016809f7ec06ed816419b3d4c98c321c4692eda6d7dbb561dc3d6f261603c'}, 'dob': {'date': '1956-12-15T23:35:13.553Z', 'age': 67}, 'registered': {'date': '2019-03-14T23:56:07.601Z', 'age': 5}, 'phone': '(43) 4088-6844', 'cell': '(78) 1932-0118', 'id': {'name': 'CPF', 'value': '937.220.222-70'}, 'picture': {'large': 'https://randomuser.me/api/portraits/men/74.jpg', 'medium': 'https://randomuser.me/api/portraits/med/men/74.jpg', 'thumbnail': 'https://randomuser.me/api/portraits/thumb/men/74.jpg'}, 'nat': 'BR'}</msg>
<arg>${json_data['results'][0]}</arg>
<doc>Logs the given message with the given level.</doc>
<status status="PASS" start="2024-07-06T12:26:15.172298" elapsed="0.000429"/>
</kw>
<kw name="Log" owner="BuiltIn">
<msg time="2024-07-06T12:26:15.173175" level="INFO">login</msg>
<arg>${key}</arg>
<doc>Logs the given message with the given level.</doc>
<status status="PASS" start="2024-07-06T12:26:15.173039" elapsed="0.000174"/>
</kw>
<var name="${key}">login</var>
<status status="PASS" start="2024-07-06T12:26:15.171607" elapsed="0.001823"/>
</iter>
<var>${key}</var>
<value>@{expected_keys}</value>
<status status="PASS" start="2024-07-06T12:26:15.163414" elapsed="0.010138"/>
</for>
<kw name="Create List" owner="BuiltIn">
<msg time="2024-07-06T12:26:15.173917" level="INFO">${expected_keysTwo} = ['username', 'password']</msg>
<var>${expected_keysTwo}</var>
<arg>username</arg>
<arg>password</arg>
<doc>Returns a list containing given items.</doc>
<status status="PASS" start="2024-07-06T12:26:15.173742" elapsed="0.000201"/>
</kw>
<for flavor="IN">
<iter>
<kw name="Dictionary Should Contain Key" owner="Collections">
<arg>${json_data['results'][0]['login']}</arg>
<arg>${keyTwo}</arg>
<doc>Fails if ``key`` is not found from ``dictionary``.</doc>
<status status="PASS" start="2024-07-06T12:26:15.174453" elapsed="0.000391"/>
</kw>
<kw name="Dictionary Should Contain Key" owner="Collections">
<arg>${json_data['results'][0]['login']}</arg>
<arg>${keyTwo}</arg>
<doc>Fails if ``key`` is not found from ``dictionary``.</doc>
<status status="PASS" start="2024-07-06T12:26:15.175028" elapsed="0.000380"/>
</kw>
<kw name="Log" owner="BuiltIn">
<msg time="2024-07-06T12:26:15.175717" level="INFO">username</msg>
<arg>${keyTwo}</arg>
<doc>Logs the given message with the given level.</doc>
<status status="PASS" start="2024-07-06T12:26:15.175595" elapsed="0.000160"/>
</kw>
<var name="${keyTwo}">username</var>
<status status="PASS" start="2024-07-06T12:26:15.174337" elapsed="0.001645"/>
</iter>
<iter>
<kw name="Dictionary Should Contain Key" owner="Collections">
<arg>${json_data['results'][0]['login']}</arg>
<arg>${keyTwo}</arg>
<doc>Fails if ``key`` is not found from ``dictionary``.</doc>
<status status="PASS" start="2024-07-06T12:26:15.176263" elapsed="0.000416"/>
</kw>
<kw name="Dictionary Should Contain Key" owner="Collections">
<arg>${json_data['results'][0]['login']}</arg>
<arg>${keyTwo}</arg>
<doc>Fails if ``key`` is not found from ``dictionary``.</doc>
<status status="PASS" start="2024-07-06T12:26:15.176861" elapsed="0.000374"/>
</kw>
<kw name="Log" owner="BuiltIn">
<msg time="2024-07-06T12:26:15.177534" level="INFO">password</msg>
<arg>${keyTwo}</arg>
<doc>Logs the given message with the given level.</doc>
<status status="PASS" start="2024-07-06T12:26:15.177413" elapsed="0.000164"/>
</kw>
<var name="${keyTwo}">password</var>
<status status="PASS" start="2024-07-06T12:26:15.176154" elapsed="0.001746"/>
</iter>
<var>${keyTwo}</var>
<value>@{expected_keysTwo}</value>
<status status="PASS" start="2024-07-06T12:26:15.174183" elapsed="0.003841"/>
</for>
<status status="PASS" start="2024-07-06T12:26:15.074493" elapsed="0.103675"/>
</kw>
<doc>Testa a estrutura da resposta da API.</doc>
<tag>testeEstruturaResposta</tag>
<status status="PASS" start="2024-07-06T12:26:15.073953" elapsed="0.104376"/>
</test>
<test id="s1-s1-t4" name="Validar tipos de dados" line="28">
<kw name="Teste de Tipos de Dados" owner="random-user-service">
<kw name="GET On Session" owner="RequestsLibrary">
<msg time="2024-07-06T12:26:15.269762" level="INFO">GET Request : url=https://randomuser.me/api 
 path_url=/api 
 headers={'User-Agent': 'python-requests/2.32.3', 'Accept-Encoding': 'gzip, deflate', 'Accept': '*/*', 'Connection': 'keep-alive'} 
 body=None 
 </msg>
<msg time="2024-07-06T12:26:15.269846" level="INFO">GET Response : url=https://randomuser.me/api 
 status=200, reason=OK 
 headers={'Date': 'Sat, 06 Jul 2024 12:26:15 GMT', 'Content-Type': 'application/json; charset=utf-8', 'Transfer-Encoding': 'chunked', 'Connection': 'keep-alive', 'X-Powered-By': 'Express', 'Access-Control-Allow-Origin': '*', 'Cache-Control': 'no-cache', 'ETag': 'W/"471-qHBGJauxmIkB3YtnQyRqslihgq8"', 'Vary': 'Accept-Encoding', 'Content-Encoding': 'gzip', 'CF-Cache-Status': 'DYNAMIC', 'Report-To': '{"endpoints":[{"url":"https:\\/\\/a.nel.cloudflare.com\\/report\\/v4?s=YvMTF23A6kPo92AYRv%2BzlmCrySNG0KNWtrf0WmvVRpnjNSsKoZgyPMCaHuvbLvOafDNR47WvjF28cpRAsyk38wjnGy9UGJSC3H5rlT573lPGFtLChCL3NSwWT6yKE%2Fws"}],"group":"cf-nel","max_age":604800}', 'NEL': '{"success_fraction":0,"report_to":"cf-nel","max_age":604800}', 'Server': 'cloudflare', 'CF-RAY': '89ef9504ee589c37-IAD', 'alt-svc': 'h3=":443"; ma=86400'} 
 body={"results":[{"gender":"male","name":{"title":"Mr","first":"Eric","last":"Andrews"},"location":{"street":{"number":4036,"name":"Blossom Hill Rd"},"city":"Bundaberg","state":"Victoria","country":"Australia","postcode":7088,"coordinates":{"latitude":"-89.7172","longitude":"-39.4613"},"timezone":{"offset":"+3:30","description":"Tehran"}},"email":"eric.andrews@example.com","login":{"uuid":"509603d3-7aba-4cf2-8fba-efb9acb7464c","username":"sadostrich932","password":"zzzzzzzz","salt":"DMRPY8jq","md5":"defc50971a1b95ea734552ccec5a20dc","sha1":"ba191c6ac41131ae9b26be8a164b1ce027d6e099","sha256":"a41afba98ccce3364ade880be43f4eb75fa3fe57dd3f13aaeca6c9bed1d452c5"},"dob":{"date":"1997-12-07T12:38:41.347Z","age":26},"registered":{"date":"2016-05-29T20:40:00.574Z","age":8},"phone":"06-8742-4277","cell":"0423-794-531","id":{"name":"TFN","value":"360339487"},"picture":{"large":"https://randomuser.me/api/portraits/men/61.jpg","medium":"https://randomuser.me/api/portraits/med/men/61.jpg","thumbnail":"https://randomuser.me/api/portraits/thumb/men/61.jpg"},"nat":"AU"}],"info":{"seed":"6232c584d6583808","results":1,"page":1,"version":"1.4"}} 
 </msg>
<msg time="2024-07-06T12:26:15.269920" level="INFO">/opt/hostedtoolcache/Python/3.12.4/x64/lib/python3.12/site-packages/urllib3/connectionpool.py:1099: InsecureRequestWarning: Unverified HTTPS request is being made to host 'randomuser.me'. Adding certificate verification is strongly advised. See: https://urllib3.readthedocs.io/en/latest/advanced-usage.html#tls-warnings
  warnings.warn(</msg>
<msg time="2024-07-06T12:26:15.270053" level="INFO">${response} = &lt;Response [200]&gt;</msg>
<var>${response}</var>
<arg>consultarAPI</arg>
<arg>/api</arg>
<doc>Sends a GET request on a previously created HTTP Session.</doc>
<status status="PASS" start="2024-07-06T12:26:15.180945" elapsed="0.089161"/>
</kw>
<kw name="Set Variable" owner="BuiltIn">
<msg time="2024-07-06T12:26:15.270954" level="INFO">${json_data} = {'results': [{'gender': 'male', 'name': {'title': 'Mr', 'first': 'Eric', 'last': 'Andrews'}, 'location': {'street': {'number': 4036, 'name': 'Blossom Hill Rd'}, 'city': 'Bundaberg', 'state': 'Victoria...</msg>
<var>${json_data}</var>
<arg>${response.json()}</arg>
<doc>Returns the given values which can then be assigned to a variables.</doc>
<status status="PASS" start="2024-07-06T12:26:15.270483" elapsed="0.000500"/>
</kw>
<kw name="Log" owner="BuiltIn">
<msg time="2024-07-06T12:26:15.271450" level="INFO">{'results': [{'gender': 'male', 'name': {'title': 'Mr', 'first': 'Eric', 'last': 'Andrews'}, 'location': {'street': {'number': 4036, 'name': 'Blossom Hill Rd'}, 'city': 'Bundaberg', 'state': 'Victoria', 'country': 'Australia', 'postcode': 7088, 'coordinates': {'latitude': '-89.7172', 'longitude': '-39.4613'}, 'timezone': {'offset': '+3:30', 'description': 'Tehran'}}, 'email': 'eric.andrews@example.com', 'login': {'uuid': '509603d3-7aba-4cf2-8fba-efb9acb7464c', 'username': 'sadostrich932', 'password': 'zzzzzzzz', 'salt': 'DMRPY8jq', 'md5': 'defc50971a1b95ea734552ccec5a20dc', 'sha1': 'ba191c6ac41131ae9b26be8a164b1ce027d6e099', 'sha256': 'a41afba98ccce3364ade880be43f4eb75fa3fe57dd3f13aaeca6c9bed1d452c5'}, 'dob': {'date': '1997-12-07T12:38:41.347Z', 'age': 26}, 'registered': {'date': '2016-05-29T20:40:00.574Z', 'age': 8}, 'phone': '06-8742-4277', 'cell': '0423-794-531', 'id': {'name': 'TFN', 'value': '360339487'}, 'picture': {'large': 'https://randomuser.me/api/portraits/men/61.jpg', 'medium': 'https://randomuser.me/api/portraits/med/men/61.jpg', 'thumbnail': 'https://randomuser.me/api/portraits/thumb/men/61.jpg'}, 'nat': 'AU'}], 'info': {'seed': '6232c584d6583808', 'results': 1, 'page': 1, 'version': '1.4'}}</msg>
<arg>${json_data}</arg>
<doc>Logs the given message with the given level.</doc>
<status status="PASS" start="2024-07-06T12:26:15.271295" elapsed="0.000203"/>
</kw>
<kw name="Should Be String" owner="String">
<arg>${json_data['results'][0]['gender']}</arg>
<doc>Fails if the given ``item`` is not a string.</doc>
<status status="PASS" start="2024-07-06T12:26:15.271799" elapsed="0.000371"/>
</kw>
<kw name="Should Match Regexp" owner="BuiltIn">
<arg>${json_data['results'][0]['email']}</arg>
<arg>^[a-zA-Z0-9._%+-]+@[a-zA-Z0-9.-]+\.[a-zA-Z]{2,}$</arg>
<doc>Fails if ``string`` does not match ``pattern`` as a regular expression.</doc>
<status status="PASS" start="2024-07-06T12:26:15.272359" elapsed="0.000562"/>
</kw>
<kw name="Should Match Regexp" owner="BuiltIn">
<arg>${json_data['results'][0]['dob']['date']}</arg>
<arg>\\d{4}-\\d{2}-\\d{2}T\\d{2}:\\d{2}:\\d{2}\\.\\d{3}Z</arg>
<doc>Fails if ``string`` does not match ``pattern`` as a regular expression.</doc>
<status status="PASS" start="2024-07-06T12:26:15.273156" elapsed="0.000498"/>
</kw>
<kw name="Should Match Regexp" owner="BuiltIn">
<arg>${json_data['results'][0]['registered']['date']}</arg>
<arg>\\d{4}-\\d{2}-\\d{2}T\\d{2}:\\d{2}:\\d{2}\\.\\d{3}Z</arg>
<doc>Fails if ``string`` does not match ``pattern`` as a regular expression.</doc>
<status status="PASS" start="2024-07-06T12:26:15.273846" elapsed="0.000365"/>
</kw>
<kw name="Should Match Regexp" owner="BuiltIn">
<arg>${json_data['results'][0]['picture']['large']}</arg>
<arg>^https?://.*\.(?:png|jpe?g|gif|bmp)$</arg>
<doc>Fails if ``string`` does not match ``pattern`` as a regular expression.</doc>
<status status="PASS" start="2024-07-06T12:26:15.274396" elapsed="0.000456"/>
</kw>
<kw name="Should Match Regexp" owner="BuiltIn">
<arg>${json_data['results'][0]['picture']['medium']}</arg>
<arg>^https?://.*\.(?:png|jpe?g|gif|bmp)$</arg>
<doc>Fails if ``string`` does not match ``pattern`` as a regular expression.</doc>
<status status="PASS" start="2024-07-06T12:26:15.275039" elapsed="0.000353"/>
</kw>
<kw name="Should Match Regexp" owner="BuiltIn">
<arg>${json_data['results'][0]['picture']['thumbnail']}</arg>
<arg>^https?://.*\.(?:png|jpe?g|gif|bmp)$</arg>
<doc>Fails if ``string`` does not match ``pattern`` as a regular expression.</doc>
<status status="PASS" start="2024-07-06T12:26:15.275576" elapsed="0.000349"/>
</kw>
<kw name="Log" owner="BuiltIn">
<msg time="2024-07-06T12:26:15.276441" level="INFO">{'large': 'https://randomuser.me/api/portraits/men/61.jpg', 'medium': 'https://randomuser.me/api/portraits/med/men/61.jpg', 'thumbnail': 'https://randomuser.me/api/portraits/thumb/men/61.jpg'}</msg>
<arg>${json_data['results'][0]['picture']}</arg>
<doc>Logs the given message with the given level.</doc>
<status status="PASS" start="2024-07-06T12:26:15.276108" elapsed="0.000400"/>
</kw>
<status status="PASS" start="2024-07-06T12:26:15.180716" elapsed="0.096052"/>
</kw>
<kw name="Teste de Tipos de Dados - Postcode" owner="random-user-service">
<kw name="GET On Session" owner="RequestsLibrary">
<msg time="2024-07-06T12:26:15.383305" level="INFO">GET Request : url=https://randomuser.me/api 
 path_url=/api 
 headers={'User-Agent': 'python-requests/2.32.3', 'Accept-Encoding': 'gzip, deflate', 'Accept': '*/*', 'Connection': 'keep-alive'} 
 body=None 
 </msg>
<msg time="2024-07-06T12:26:15.383396" level="INFO">GET Response : url=https://randomuser.me/api 
 status=200, reason=OK 
 headers={'Date': 'Sat, 06 Jul 2024 12:26:15 GMT', 'Content-Type': 'application/json; charset=utf-8', 'Transfer-Encoding': 'chunked', 'Connection': 'keep-alive', 'X-Powered-By': 'Express', 'Access-Control-Allow-Origin': '*', 'Cache-Control': 'no-cache', 'ETag': 'W/"4a4-iL+x1RPfdpzrnehH5e3HTsF1oz8"', 'Vary': 'Accept-Encoding', 'Content-Encoding': 'gzip', 'CF-Cache-Status': 'DYNAMIC', 'Report-To': '{"endpoints":[{"url":"https:\\/\\/a.nel.cloudflare.com\\/report\\/v4?s=yvi2dUa7l%2BkBjpjEyyHcfkAvgtiSFmnLbOJ2HyXlrKhAD24ZW2sNWeRzwZUKfvHdTIGxs4OWCLG8Xe8fLCr6P44AdgGRUOnidgIWuHMtuD2T82Go%2BS12MvqJO290PEGb"}],"group":"cf-nel","max_age":604800}', 'NEL': '{"success_fraction":0,"report_to":"cf-nel","max_age":604800}', 'Server': 'cloudflare', 'CF-RAY': '89ef95057ee19c37-IAD', 'alt-svc': 'h3=":443"; ma=86400'} 
 body={"results":[{"gender":"male","name":{"title":"Mr","first":"Cândido","last":"de Souza"},"location":{"street":{"number":6466,"name":"Rua São Sebastiao "},"city":"Parnaíba","state":"Mato Grosso","country":"Brazil","postcode":56816,"coordinates":{"latitude":"-81.0715","longitude":"-164.5536"},"timezone":{"offset":"+8:00","description":"Beijing, Perth, Singapore, Hong Kong"}},"email":"candido.desouza@example.com","login":{"uuid":"35dada58-d694-40c0-b183-9aca6db7b202","username":"lazyduck659","password":"asdfghjk","salt":"3ALtbXbo","md5":"6bfe455c73acd9c91d1a626cb781c77a","sha1":"e86e8ffe82a72b72c90bb182ba91f305c8fe75f0","sha256":"a75fe8eea84c298701f854ea1e79e8df4d2c465c0c81f77076805cf62a8407b7"},"dob":{"date":"1981-01-09T07:30:03.140Z","age":43},"registered":{"date":"2017-09-04T13:54:20.109Z","age":6},"phone":"(48) 7471-0118","cell":"(50) 9951-1020","id":{"name":"CPF","value":"223.019.581-87"},"picture":{"large":"https://randomuser.me/api/portraits/men/67.jpg","medium":"https://randomuser.me/api/portraits/med/men/67.jpg","thumbnail":"https://randomuser.me/api/portraits/thumb/men/67.jpg"},"nat":"BR"}],"info":{"seed":"8dfe2cf5fff76fcd","results":1,"page":1,"version":"1.4"}} 
 </msg>
<msg time="2024-07-06T12:26:15.383465" level="INFO">/opt/hostedtoolcache/Python/3.12.4/x64/lib/python3.12/site-packages/urllib3/connectionpool.py:1099: InsecureRequestWarning: Unverified HTTPS request is being made to host 'randomuser.me'. Adding certificate verification is strongly advised. See: https://urllib3.readthedocs.io/en/latest/advanced-usage.html#tls-warnings
  warnings.warn(</msg>
<msg time="2024-07-06T12:26:15.383591" level="INFO">${response} = &lt;Response [200]&gt;</msg>
<var>${response}</var>
<arg>consultarAPI</arg>
<arg>/api</arg>
<doc>Sends a GET request on a previously created HTTP Session.</doc>
<status status="PASS" start="2024-07-06T12:26:15.277225" elapsed="0.106410"/>
</kw>
<kw name="Set Variable" owner="BuiltIn">
<msg time="2024-07-06T12:26:15.384613" level="INFO">${json_data} = {'results': [{'gender': 'male', 'name': {'title': 'Mr', 'first': 'Cândido', 'last': 'de Souza'}, 'location': {'street': {'number': 6466, 'name': 'Rua São Sebastiao '}, 'city': 'Parnaíba', 'state': 'Ma...</msg>
<var>${json_data}</var>
<arg>${response.json()}</arg>
<doc>Returns the given values which can then be assigned to a variables.</doc>
<status status="PASS" start="2024-07-06T12:26:15.384070" elapsed="0.000573"/>
</kw>
<kw name="Log" owner="BuiltIn">
<msg time="2024-07-06T12:26:15.385113" level="INFO">{'results': [{'gender': 'male', 'name': {'title': 'Mr', 'first': 'Cândido', 'last': 'de Souza'}, 'location': {'street': {'number': 6466, 'name': 'Rua São Sebastiao '}, 'city': 'Parnaíba', 'state': 'Mato Grosso', 'country': 'Brazil', 'postcode': 56816, 'coordinates': {'latitude': '-81.0715', 'longitude': '-164.5536'}, 'timezone': {'offset': '+8:00', 'description': 'Beijing, Perth, Singapore, Hong Kong'}}, 'email': 'candido.desouza@example.com', 'login': {'uuid': '35dada58-d694-40c0-b183-9aca6db7b202', 'username': 'lazyduck659', 'password': 'asdfghjk', 'salt': '3ALtbXbo', 'md5': '6bfe455c73acd9c91d1a626cb781c77a', 'sha1': 'e86e8ffe82a72b72c90bb182ba91f305c8fe75f0', 'sha256': 'a75fe8eea84c298701f854ea1e79e8df4d2c465c0c81f77076805cf62a8407b7'}, 'dob': {'date': '1981-01-09T07:30:03.140Z', 'age': 43}, 'registered': {'date': '2017-09-04T13:54:20.109Z', 'age': 6}, 'phone': '(48) 7471-0118', 'cell': '(50) 9951-1020', 'id': {'name': 'CPF', 'value': '223.019.581-87'}, 'picture': {'large': 'https://randomuser.me/api/portraits/men/67.jpg', 'medium': 'https://randomuser.me/api/portraits/med/men/67.jpg', 'thumbnail': 'https://randomuser.me/api/portraits/thumb/men/67.jpg'}, 'nat': 'BR'}], 'info': {'seed': '8dfe2cf5fff76fcd', 'results': 1, 'page': 1, 'version': '1.4'}}</msg>
<arg>${json_data}</arg>
<doc>Logs the given message with the given level.</doc>
<status status="PASS" start="2024-07-06T12:26:15.384953" elapsed="0.000222"/>
</kw>
<kw name="Should Be Equal As Numbers" owner="BuiltIn">
<arg>${json_data['results'][0]['location']['postcode']}</arg>
<arg>${json_data['results'][0]['location']['postcode']}</arg>
<doc>Fails if objects are unequal after converting them to real numbers.</doc>
<status status="PASS" start="2024-07-06T12:26:15.385470" elapsed="0.000639"/>
</kw>
<kw name="Log" owner="BuiltIn">
<msg time="2024-07-06T12:26:15.386818" level="INFO">56816</msg>
<arg>${json_data['results'][0]['location']['postcode']}</arg>
<doc>Logs the given message with the given level.</doc>
<status status="PASS" start="2024-07-06T12:26:15.386319" elapsed="0.000575"/>
</kw>
<status status="PASS" start="2024-07-06T12:26:15.276998" elapsed="0.110167"/>
</kw>
<doc>Testa se os tipos de dados na resposta da API estão corretos.</doc>
<tag>testeTiposDados</tag>
<status status="PASS" start="2024-07-06T12:26:15.180153" elapsed="0.207178"/>
</test>
<test id="s1-s1-t5" name="Validar conteudo" line="35">
<kw name="Teste de Tipos de Conteudo" owner="random-user-service">
<kw name="GET On Session" owner="RequestsLibrary">
<msg time="2024-07-06T12:26:15.462483" level="INFO">GET Request : url=https://randomuser.me/api 
 path_url=/api 
 headers={'User-Agent': 'python-requests/2.32.3', 'Accept-Encoding': 'gzip, deflate', 'Accept': '*/*', 'Connection': 'keep-alive'} 
 body=None 
 </msg>
<msg time="2024-07-06T12:26:15.462568" level="INFO">GET Response : url=https://randomuser.me/api 
 status=200, reason=OK 
 headers={'Date': 'Sat, 06 Jul 2024 12:26:15 GMT', 'Content-Type': 'application/json; charset=utf-8', 'Transfer-Encoding': 'chunked', 'Connection': 'keep-alive', 'X-Powered-By': 'Express', 'Access-Control-Allow-Origin': '*', 'Cache-Control': 'no-cache', 'ETag': 'W/"4a0-zXPjnNLBgIsmNtvuZB66HlePL6E"', 'Vary': 'Accept-Encoding', 'Content-Encoding': 'gzip', 'CF-Cache-Status': 'DYNAMIC', 'Report-To': '{"endpoints":[{"url":"https:\\/\\/a.nel.cloudflare.com\\/report\\/v4?s=3TWBT1FAbXB2PwWNBp1MPCAwdjvR2Y2xwJkp3EQIjcMYZxM8EYdCTPL9kgTKysmjeEZNTGwPENFNEcjbbxRDwb57LumifAE%2F2A4OXFOxPAas93YJOg8M9TEN%2FYQL6nGb"}],"group":"cf-nel","max_age":604800}', 'NEL': '{"success_fraction":0,"report_to":"cf-nel","max_age":604800}', 'Server': 'cloudflare', 'CF-RAY': '89ef95063f799c37-IAD', 'alt-svc': 'h3=":443"; ma=86400'} 
 body={"results":[{"gender":"male","name":{"title":"Mr","first":"Devansh","last":"Rai"},"location":{"street":{"number":7138,"name":"Carter Rd Promenade"},"city":"Kolkata","state":"Andaman and Nicobar Islands","country":"India","postcode":64668,"coordinates":{"latitude":"6.5387","longitude":"-80.0348"},"timezone":{"offset":"+9:00","description":"Tokyo, Seoul, Osaka, Sapporo, Yakutsk"}},"email":"devansh.rai@example.com","login":{"uuid":"4bdb2809-2760-4737-8d6e-7913e0fa75d0","username":"greentiger548","password":"superior","salt":"iDxdDmCW","md5":"50cf1a0efe9f4084e73b839afa4a6b3f","sha1":"124e041695216d012154b998c8eb9b016d17c5b1","sha256":"1edda7a119068305b36ecf3c9962d38a937890cf8267636593e65ffe231c2eb8"},"dob":{"date":"1978-11-13T14:17:28.012Z","age":45},"registered":{"date":"2003-09-17T10:50:34.976Z","age":20},"phone":"9096438089","cell":"7664432756","id":{"name":"UIDAI","value":"688241255848"},"picture":{"large":"https://randomuser.me/api/portraits/men/19.jpg","medium":"https://randomuser.me/api/portraits/med/men/19.jpg","thumbnail":"https://randomuser.me/api/portraits/thumb/men/19.jpg"},"nat":"IN"}],"info":{"seed":"6e629e73b283c4a8","results":1,"page":1,"version":"1.4"}} 
 </msg>
<msg time="2024-07-06T12:26:15.462633" level="INFO">/opt/hostedtoolcache/Python/3.12.4/x64/lib/python3.12/site-packages/urllib3/connectionpool.py:1099: InsecureRequestWarning: Unverified HTTPS request is being made to host 'randomuser.me'. Adding certificate verification is strongly advised. See: https://urllib3.readthedocs.io/en/latest/advanced-usage.html#tls-warnings
  warnings.warn(</msg>
<msg time="2024-07-06T12:26:15.462761" level="INFO">${response} = &lt;Response [200]&gt;</msg>
<var>${response}</var>
<arg>consultarAPI</arg>
<arg>/api</arg>
<doc>Sends a GET request on a previously created HTTP Session.</doc>
<status status="PASS" start="2024-07-06T12:26:15.389912" elapsed="0.072888"/>
</kw>
<kw name="Set Variable" owner="BuiltIn">
<msg time="2024-07-06T12:26:15.463722" level="INFO">${json_data} = {'results': [{'gender': 'male', 'name': {'title': 'Mr', 'first': 'Devansh', 'last': 'Rai'}, 'location': {'street': {'number': 7138, 'name': 'Carter Rd Promenade'}, 'city': 'Kolkata', 'state': 'Andaman...</msg>
<var>${json_data}</var>
<arg>${response.json()}</arg>
<doc>Returns the given values which can then be assigned to a variables.</doc>
<status status="PASS" start="2024-07-06T12:26:15.463245" elapsed="0.000506"/>
</kw>
<kw name="Set Variable" owner="BuiltIn">
<msg time="2024-07-06T12:26:15.464437" level="INFO">${name_title} = Mr</msg>
<var>${name_title}</var>
<arg>${json_data["results"][0]["name"]["title"]}</arg>
<doc>Returns the given values which can then be assigned to a variables.</doc>
<status status="PASS" start="2024-07-06T12:26:15.464052" elapsed="0.000440"/>
</kw>
<kw name="Create List" owner="BuiltIn">
<msg time="2024-07-06T12:26:15.464955" level="INFO">${allowed_titles} = ['Mr', 'Ms', 'Miss', 'Mrs', 'Madame', 'Monsieur']</msg>
<var>${allowed_titles}</var>
<arg>Mr</arg>
<arg>Ms</arg>
<arg>Miss</arg>
<arg>Mrs</arg>
<arg>Madame</arg>
<arg>Monsieur</arg>
<doc>Returns a list containing given items.</doc>
<status status="PASS" start="2024-07-06T12:26:15.464807" elapsed="0.000173"/>
</kw>
<kw name="List Should Contain Value" owner="Collections">
<arg>${allowed_titles}</arg>
<arg>${name_title}</arg>
<doc>Fails if the ``value`` is not found from ``list``.</doc>
<status status="PASS" start="2024-07-06T12:26:15.465279" elapsed="0.000183"/>
</kw>
<kw name="Set Variable" owner="BuiltIn">
<msg time="2024-07-06T12:26:15.465999" level="INFO">${name_country} = IN</msg>
<var>${name_country}</var>
<arg>${json_data["results"][0]["nat"]}</arg>
<doc>Returns the given values which can then be assigned to a variables.</doc>
<status status="PASS" start="2024-07-06T12:26:15.465639" elapsed="0.000385"/>
</kw>
<kw name="Create List" owner="BuiltIn">
<msg time="2024-07-06T12:26:15.466906" level="INFO">${list_country} = ['AD', 'AE', 'AF', 'AG', 'AI', 'AL', 'AM', 'AO', 'AQ', 'AR', 'AS', 'AT', 'AU', 'AW', 'AX', 'AZ', 'BA', 'BB', 'BD', 'BE', 'BF', 'BG', 'BH', 'BI', 'BJ', 'BL', 'BM', 'BN', 'BO', 'BQ', 'BR', 'BS', 'BT', '...</msg>
<var>${list_country}</var>
<arg>AD</arg>
<arg>AE</arg>
<arg>AF</arg>
<arg>AG</arg>
<arg>AI</arg>
<arg>AL</arg>
<arg>AM</arg>
<arg>AO</arg>
<arg>AQ</arg>
<arg>AR</arg>
<arg>AS</arg>
<arg>AT</arg>
<arg>AU</arg>
<arg>AW</arg>
<arg>AX</arg>
<arg>AZ</arg>
<arg>BA</arg>
<arg>BB</arg>
<arg>BD</arg>
<arg>BE</arg>
<arg>BF</arg>
<arg>BG</arg>
<arg>BH</arg>
<arg>BI</arg>
<arg>BJ</arg>
<arg>BL</arg>
<arg>BM</arg>
<arg>BN</arg>
<arg>BO</arg>
<arg>BQ</arg>
<arg>BR</arg>
<arg>BS</arg>
<arg>BT</arg>
<arg>BV</arg>
<arg>BW</arg>
<arg>BY</arg>
<arg>BZ</arg>
<arg>CA</arg>
<arg>CC</arg>
<arg>CD</arg>
<arg>CF</arg>
<arg>CG</arg>
<arg>CH</arg>
<arg>CI</arg>
<arg>CK</arg>
<arg>CL</arg>
<arg>CM</arg>
<arg>CN</arg>
<arg>CO</arg>
<arg>CR</arg>
<arg>CU</arg>
<arg>CV</arg>
<arg>CW</arg>
<arg>CX</arg>
<arg>CY</arg>
<arg>CZ</arg>
<arg>DE</arg>
<arg>DJ</arg>
<arg>DK</arg>
<arg>DM</arg>
<arg>DO</arg>
<arg>DZ</arg>
<arg>EC</arg>
<arg>EE</arg>
<arg>EG</arg>
<arg>EH</arg>
<arg>ER</arg>
<arg>ES</arg>
<arg>ET</arg>
<arg>FI</arg>
<arg>FJ</arg>
<arg>FK</arg>
<arg>FM</arg>
<arg>FO</arg>
<arg>FR</arg>
<arg>GA</arg>
<arg>GB</arg>
<arg>GD</arg>
<arg>GE</arg>
<arg>GF</arg>
<arg>GG</arg>
<arg>GH</arg>
<arg>GI</arg>
<arg>GL</arg>
<arg>GM</arg>
<arg>GN</arg>
<arg>GP</arg>
<arg>GQ</arg>
<arg>GR</arg>
<arg>GS</arg>
<arg>GT</arg>
<arg>GU</arg>
<arg>GW</arg>
<arg>GY</arg>
<arg>HK</arg>
<arg>HM</arg>
<arg>HN</arg>
<arg>HR</arg>
<arg>HT</arg>
<arg>HU</arg>
<arg>ID</arg>
<arg>IE</arg>
<arg>IL</arg>
<arg>IM</arg>
<arg>IN</arg>
<arg>IO</arg>
<arg>IQ</arg>
<arg>IR</arg>
<arg>IS</arg>
<arg>IT</arg>
<arg>JE</arg>
<arg>JM</arg>
<arg>JO</arg>
<arg>JP</arg>
<arg>KE</arg>
<arg>KG</arg>
<arg>KH</arg>
<arg>KI</arg>
<arg>KM</arg>
<arg>KN</arg>
<arg>KP</arg>
<arg>KR</arg>
<arg>KW</arg>
<arg>KY</arg>
<arg>KZ</arg>
<arg>LA</arg>
<arg>LB</arg>
<arg>LC</arg>
<arg>LI</arg>
<arg>LK</arg>
<arg>LR</arg>
<arg>LS</arg>
<arg>LT</arg>
<arg>LU</arg>
<arg>LV</arg>
<arg>LY</arg>
<arg>MA</arg>
<arg>MC</arg>
<arg>MD</arg>
<arg>ME</arg>
<arg>MF</arg>
<arg>MG</arg>
<arg>MH</arg>
<arg>MK</arg>
<arg>ML</arg>
<arg>MM</arg>
<arg>MN</arg>
<arg>MO</arg>
<arg>MP</arg>
<arg>MQ</arg>
<arg>MR</arg>
<arg>MS</arg>
<arg>MT</arg>
<arg>MU</arg>
<arg>MV</arg>
<arg>MW</arg>
<arg>MX</arg>
<arg>MY</arg>
<arg>MZ</arg>
<arg>NA</arg>
<arg>NC</arg>
<arg>NE</arg>
<arg>NF</arg>
<arg>NG</arg>
<arg>NI</arg>
<arg>NL</arg>
<arg>NO</arg>
<arg>NP</arg>
<arg>NR</arg>
<arg>NU</arg>
<arg>NZ</arg>
<arg>OM</arg>
<arg>PA</arg>
<arg>PE</arg>
<arg>PF</arg>
<arg>PG</arg>
<arg>PH</arg>
<arg>PK</arg>
<arg>PL</arg>
<arg>PM</arg>
<arg>PN</arg>
<arg>PR</arg>
<arg>PS</arg>
<arg>PT</arg>
<arg>PW</arg>
<arg>PY</arg>
<arg>QA</arg>
<arg>RE</arg>
<arg>RO</arg>
<arg>RS</arg>
<arg>RU</arg>
<arg>RW</arg>
<arg>SA</arg>
<arg>SB</arg>
<arg>SC</arg>
<arg>SD</arg>
<arg>SE</arg>
<arg>SG</arg>
<arg>SH</arg>
<arg>SI</arg>
<arg>SJ</arg>
<arg>SK</arg>
<arg>SL</arg>
<arg>SM</arg>
<arg>SN</arg>
<arg>SO</arg>
<arg>SR</arg>
<arg>SS</arg>
<arg>ST</arg>
<arg>SV</arg>
<arg>SX</arg>
<arg>SY</arg>
<arg>SZ</arg>
<arg>TC</arg>
<arg>TD</arg>
<arg>TF</arg>
<arg>TG</arg>
<arg>TH</arg>
<arg>TJ</arg>
<arg>TK</arg>
<arg>TL</arg>
<arg>TM</arg>
<arg>TN</arg>
<arg>TO</arg>
<arg>TR</arg>
<arg>TT</arg>
<arg>TV</arg>
<arg>TW</arg>
<arg>TZ</arg>
<arg>UA</arg>
<arg>UG</arg>
<arg>UM</arg>
<arg>US</arg>
<arg>UY</arg>
<arg>UZ</arg>
<arg>VA</arg>
<arg>VC</arg>
<arg>VE</arg>
<arg>VG</arg>
<arg>VI</arg>
<arg>VN</arg>
<arg>VU</arg>
<arg>WF</arg>
<arg>WS</arg>
<arg>XK</arg>
<arg>YE</arg>
<arg>YT</arg>
<arg>ZA</arg>
<arg>ZM</arg>
<arg>ZW</arg>
<doc>Returns a list containing given items.</doc>
<status status="PASS" start="2024-07-06T12:26:15.466316" elapsed="0.000616"/>
</kw>
<kw name="List Should Contain Value" owner="Collections">
<arg>${list_country}</arg>
<arg>${name_country}</arg>
<doc>Fails if the ``value`` is not found from ``list``.</doc>
<status status="PASS" start="2024-07-06T12:26:15.467715" elapsed="0.000199"/>
</kw>
<kw name="Run Keyword If" owner="BuiltIn">
<kw name="Should Be True" owner="BuiltIn">
<arg>${True}</arg>
<doc>Fails if the given condition is not true.</doc>
<status status="PASS" start="2024-07-06T12:26:15.468868" elapsed="0.000141"/>
</kw>
<arg>${json_data["results"][0]["location"]["coordinates"]["latitude"]} &gt;= -90 and ${json_data["results"][0]["location"]["coordinates"]["latitude"]} &lt;= 90</arg>
<arg>Should Be True</arg>
<arg>${True}</arg>
<doc>Runs the given keyword with the given arguments, if ``condition`` is true.</doc>
<status status="PASS" start="2024-07-06T12:26:15.468108" elapsed="0.001025"/>
</kw>
<kw name="Run Keyword If" owner="BuiltIn">
<kw name="Should Be True" owner="BuiltIn">
<arg>${True}</arg>
<doc>Fails if the given condition is not true.</doc>
<status status="PASS" start="2024-07-06T12:26:15.470001" elapsed="0.000245"/>
</kw>
<arg>${json_data["results"][0]["location"]["coordinates"]["longitude"]} &gt;= -180 and ${json_data["results"][0]["location"]["coordinates"]["longitude"]} &lt;= 180</arg>
<arg>Should Be True</arg>
<arg>${True}</arg>
<doc>Runs the given keyword with the given arguments, if ``condition`` is true.</doc>
<status status="PASS" start="2024-07-06T12:26:15.469312" elapsed="0.001065"/>
</kw>
<status status="PASS" start="2024-07-06T12:26:15.389690" elapsed="0.080823"/>
</kw>
<doc>Testa o conteúdo específico dos campos retornados pela API.</doc>
<tag>testeConteudo</tag>
<status status="PASS" start="2024-07-06T12:26:15.389158" elapsed="0.081509"/>
</test>
<status status="PASS" start="2024-07-06T12:26:14.471464" elapsed="1.001208"/>
</suite>
<status status="PASS" start="2024-07-06T12:26:14.455815" elapsed="1.021859"/>
</suite>
<statistics>
<total>
<stat pass="5" fail="0" skip="0">All Tests</stat>
</total>
<tag>
<stat pass="1" fail="0" skip="0">testeConteudo</stat>
<stat pass="1" fail="0" skip="0">testeEstruturaResposta</stat>
<stat pass="1" fail="0" skip="0">testeRequisicaoBasica</stat>
<stat pass="1" fail="0" skip="0">testeTiposDados</stat>
</tag>
<suite>
<stat pass="5" fail="0" skip="0" id="s1" name="Tests">Tests</stat>
<stat pass="5" fail="0" skip="0" id="s1-s1" name="Random-User-Test">Tests.Random-User-Test</stat>
</suite>
</statistics>
<errors>
</errors>
</robot>
