<?xml version="1.0" encoding="UTF-8"?>
<robot generator="Robot 7.0 (Python 3.12.3 on linux)" generated="2024-05-16T06:16:37.494759" rpa="false" schemaversion="5">
<suite id="s1" name="Tests" source="/home/runner/work/DesafioQAItauRogerioJordao/DesafioQAItauRogerioJordao/RamdonUser/tests">
<suite id="s1-s1" name="Random-User-Test" source="/home/runner/work/DesafioQAItauRogerioJordao/DesafioQAItauRogerioJordao/RamdonUser/tests/random-user-test.robot">
<test id="s1-s1-t1" name="Conectar" line="13">
<kw name="Conectar API" owner="random-user-service">
<kw name="Create Session" owner="RequestsLibrary">
<msg time="2024-05-16T06:16:37.887742" level="INFO">Creating Session using : alias=consultarAPI, url=https://randomuser.me/, headers={},                     cookies={}, auth=None, timeout=None, proxies=None, verify=False,                     debug=0 </msg>
<arg>consultarAPI</arg>
<arg>${URL}</arg>
<doc>Create Session: create a HTTP session to a server</doc>
<status status="PASS" start="2024-05-16T06:16:37.887547" elapsed="0.000367"/>
</kw>
<status status="PASS" start="2024-05-16T06:16:37.886610" elapsed="0.001650"/>
</kw>
<status status="PASS" start="2024-05-16T06:16:37.886009" elapsed="0.002486"/>
</test>
<test id="s1-s1-t2" name="Validar retorno 200 e JSON Válido" line="16">
<kw name="Teste de Requisicao Basica" owner="random-user-service">
<kw name="GET On Session" owner="RequestsLibrary">
<msg time="2024-05-16T06:16:37.960658" level="INFO">GET Request : url=https://randomuser.me/api 
 path_url=/api 
 headers={'User-Agent': 'python-requests/2.31.0', 'Accept-Encoding': 'gzip, deflate', 'Accept': '*/*', 'Connection': 'keep-alive'} 
 body=None 
 </msg>
<msg time="2024-05-16T06:16:37.960782" level="INFO">GET Response : url=https://randomuser.me/api 
 status=200, reason=OK 
 headers={'Date': 'Thu, 16 May 2024 06:16:37 GMT', 'Content-Type': 'application/json; charset=utf-8', 'Transfer-Encoding': 'chunked', 'Connection': 'keep-alive', 'X-Powered-By': 'Express', 'Access-Control-Allow-Origin': '*', 'Cache-Control': 'no-cache', 'ETag': 'W/"488-sKYsSiEjv6HHo/WPblLmBktbbM8"', 'Vary': 'Accept-Encoding', 'Content-Encoding': 'gzip', 'CF-Cache-Status': 'DYNAMIC', 'Report-To': '{"endpoints":[{"url":"https:\\/\\/a.nel.cloudflare.com\\/report\\/v4?s=F6HKChF5vKkaFaVpu0BD7054McxwB1kJ4T8G8nHYS6jyXC7ACimEfhfmKqazj%2BM8d24KnaGtF7wEnj1k%2F2X5pEIgOGx7VC9fMKFb4EbktqySYUlWQZ8qUSio%2FXMWrVM2"}],"group":"cf-nel","max_age":604800}', 'NEL': '{"success_fraction":0,"report_to":"cf-nel","max_age":604800}', 'Server': 'cloudflare', 'CF-RAY': '88493d75090782a4-IAD', 'alt-svc': 'h3=":443"; ma=86400'} 
 body={"results":[{"gender":"female","name":{"title":"Mrs","first":"Yolanda","last":"Rodriquez"},"location":{"street":{"number":7905,"name":"Pockrus Page Rd"},"city":"Salem","state":"Michigan","country":"United States","postcode":24954,"coordinates":{"latitude":"87.4567","longitude":"93.1563"},"timezone":{"offset":"+4:30","description":"Kabul"}},"email":"yolanda.rodriquez@example.com","login":{"uuid":"fc8acac6-2587-486e-b6f7-b20656b01f31","username":"heavypeacock267","password":"viper","salt":"uGDIB3nA","md5":"4635af91e8b0a60cbca9e3e2d4f6aaad","sha1":"e4e097eb6f8aa50fb3e2119e5fdad4701141c457","sha256":"296c04869cf28496159d7c5ae9f71d397552297ccea4aba918bb0f4fc93198fd"},"dob":{"date":"1945-02-09T21:36:38.917Z","age":79},"registered":{"date":"2009-12-02T19:50:37.051Z","age":14},"phone":"(570) 292-0971","cell":"(672) 340-3279","id":{"name":"SSN","value":"537-15-5982"},"picture":{"large":"https://randomuser.me/api/portraits/women/33.jpg","medium":"https://randomuser.me/api/portraits/med/women/33.jpg","thumbnail":"https://randomuser.me/api/portraits/thumb/women/33.jpg"},"nat":"US"}],"info":{"seed":"dcbc3d2ce5d6b2bc","results":1,"page":1,"version":"1.4"}} 
 </msg>
<msg time="2024-05-16T06:16:37.960867" level="INFO">/opt/hostedtoolcache/Python/3.12.3/x64/lib/python3.12/site-packages/urllib3/connectionpool.py:1103: InsecureRequestWarning: Unverified HTTPS request is being made to host 'randomuser.me'. Adding certificate verification is strongly advised. See: https://urllib3.readthedocs.io/en/latest/advanced-usage.html#tls-warnings
  warnings.warn(</msg>
<msg time="2024-05-16T06:16:37.960999" level="INFO">${response} = &lt;Response [200]&gt;</msg>
<var>${response}</var>
<arg>consultarAPI</arg>
<arg>/api</arg>
<doc>Sends a GET request on a previously created HTTP Session.</doc>
<status status="PASS" start="2024-05-16T06:16:37.891138" elapsed="0.069904"/>
</kw>
<kw name="Should Be Equal As Numbers" owner="BuiltIn">
<msg time="2024-05-16T06:16:37.962113" level="INFO">Argument types are:
&lt;class 'int'&gt;
&lt;class 'str'&gt;</msg>
<arg>${response.status_code}</arg>
<arg>200</arg>
<doc>Fails if objects are unequal after converting them to real numbers.</doc>
<status status="PASS" start="2024-05-16T06:16:37.961564" elapsed="0.000613"/>
</kw>
<kw name="Log" owner="BuiltIn">
<msg time="2024-05-16T06:16:37.962875" level="INFO">200</msg>
<arg>${response.status_code}</arg>
<doc>Logs the given message with the given level.</doc>
<status status="PASS" start="2024-05-16T06:16:37.962518" elapsed="0.000401"/>
</kw>
<kw name="Set Variable" owner="BuiltIn">
<msg time="2024-05-16T06:16:37.963656" level="INFO">${json_data} = {'results': [{'gender': 'female', 'name': {'title': 'Mrs', 'first': 'Yolanda', 'last': 'Rodriquez'}, 'location': {'street': {'number': 7905, 'name': 'Pockrus Page Rd'}, 'city': 'Salem', 'state': 'Mich...</msg>
<var>${json_data}</var>
<arg>${response.json()}</arg>
<doc>Returns the given values which can then be assigned to a variables.</doc>
<status status="PASS" start="2024-05-16T06:16:37.963225" elapsed="0.000459"/>
</kw>
<kw name="Dictionary Should Contain Key" owner="Collections">
<msg time="2024-05-16T06:16:37.964162" level="INFO">False</msg>
<arg>${json_data}</arg>
<arg>results</arg>
<doc>Fails if ``key`` is not found from ``dictionary``.</doc>
<status status="PASS" start="2024-05-16T06:16:37.963989" elapsed="0.000225"/>
</kw>
<status status="PASS" start="2024-05-16T06:16:37.890890" elapsed="0.073621"/>
</kw>
<doc>Testa se a API responde corretamente e retorna um objeto JSON válido.</doc>
<tag>testeRequisicaoBasica</tag>
<status status="PASS" start="2024-05-16T06:16:37.890363" elapsed="0.074323"/>
</test>
<test id="s1-s1-t3" name="Validar estrutura de resposta" line="22">
<kw name="Teste de Estrutura de Resposta" owner="random-user-service">
<kw name="GET On Session" owner="RequestsLibrary">
<msg time="2024-05-16T06:16:38.066183" level="INFO">GET Request : url=https://randomuser.me/api 
 path_url=/api 
 headers={'User-Agent': 'python-requests/2.31.0', 'Accept-Encoding': 'gzip, deflate', 'Accept': '*/*', 'Connection': 'keep-alive'} 
 body=None 
 </msg>
<msg time="2024-05-16T06:16:38.066281" level="INFO">GET Response : url=https://randomuser.me/api 
 status=200, reason=OK 
 headers={'Date': 'Thu, 16 May 2024 06:16:38 GMT', 'Content-Type': 'application/json; charset=utf-8', 'Transfer-Encoding': 'chunked', 'Connection': 'keep-alive', 'X-Powered-By': 'Express', 'Access-Control-Allow-Origin': '*', 'Cache-Control': 'no-cache', 'ETag': 'W/"493-fEbsIodbY59HyDzmivTxC2aKgPo"', 'Vary': 'Accept-Encoding', 'Content-Encoding': 'gzip', 'CF-Cache-Status': 'DYNAMIC', 'Report-To': '{"endpoints":[{"url":"https:\\/\\/a.nel.cloudflare.com\\/report\\/v4?s=vquzaehcImpDNHyzCvUyWT1YgA0%2BnJS1b%2F3IgbFo9SNRoSGbvBiAtEHkJG8jClFiYXOfGTCtWtm9Tk6AigrfA2dzMsSN42yNloW8GARMlL%2FQ%2BvumlWRzSi7kw2cw9NdI"}],"group":"cf-nel","max_age":604800}', 'NEL': '{"success_fraction":0,"report_to":"cf-nel","max_age":604800}', 'Server': 'cloudflare', 'CF-RAY': '88493d75593e82a4-IAD', 'alt-svc': 'h3=":443"; ma=86400'} 
 body={"results":[{"gender":"female","name":{"title":"Ms","first":"Peggy","last":"Steward"},"location":{"street":{"number":2173,"name":"Pecan Acres Ln"},"city":"Springfield","state":"California","country":"United States","postcode":60089,"coordinates":{"latitude":"86.3562","longitude":"0.6406"},"timezone":{"offset":"-12:00","description":"Eniwetok, Kwajalein"}},"email":"peggy.steward@example.com","login":{"uuid":"cdd039d1-8c3f-4781-ae3a-2bd72d3fa8d0","username":"purpledog750","password":"clayton","salt":"Vo9CIel4","md5":"3a0e6796604edace1c9008de8e467b0c","sha1":"d742563a2f30df146832931ffa43f1f5ff14342d","sha256":"7eb6d02b5839c3b37d463a75548d61f3e43c810a7286d131e7933fca62309403"},"dob":{"date":"1993-12-02T04:14:13.545Z","age":30},"registered":{"date":"2011-09-21T05:16:25.200Z","age":12},"phone":"(829) 758-0498","cell":"(668) 352-0664","id":{"name":"SSN","value":"698-56-4972"},"picture":{"large":"https://randomuser.me/api/portraits/women/15.jpg","medium":"https://randomuser.me/api/portraits/med/women/15.jpg","thumbnail":"https://randomuser.me/api/portraits/thumb/women/15.jpg"},"nat":"US"}],"info":{"seed":"e2319c509eb4460a","results":1,"page":1,"version":"1.4"}} 
 </msg>
<msg time="2024-05-16T06:16:38.066416" level="INFO">/opt/hostedtoolcache/Python/3.12.3/x64/lib/python3.12/site-packages/urllib3/connectionpool.py:1103: InsecureRequestWarning: Unverified HTTPS request is being made to host 'randomuser.me'. Adding certificate verification is strongly advised. See: https://urllib3.readthedocs.io/en/latest/advanced-usage.html#tls-warnings
  warnings.warn(</msg>
<msg time="2024-05-16T06:16:38.066553" level="INFO">${response} = &lt;Response [200]&gt;</msg>
<var>${response}</var>
<arg>consultarAPI</arg>
<arg>/api</arg>
<doc>Sends a GET request on a previously created HTTP Session.</doc>
<status status="PASS" start="2024-05-16T06:16:37.967323" elapsed="0.099282"/>
</kw>
<kw name="Set Variable" owner="BuiltIn">
<msg time="2024-05-16T06:16:38.067834" level="INFO">${json_data} = {'results': [{'gender': 'female', 'name': {'title': 'Ms', 'first': 'Peggy', 'last': 'Steward'}, 'location': {'street': {'number': 2173, 'name': 'Pecan Acres Ln'}, 'city': 'Springfield', 'state': 'Cali...</msg>
<var>${json_data}</var>
<arg>${response.json()}</arg>
<doc>Returns the given values which can then be assigned to a variables.</doc>
<status status="PASS" start="2024-05-16T06:16:38.067213" elapsed="0.000650"/>
</kw>
<kw name="Log" owner="BuiltIn">
<msg time="2024-05-16T06:16:38.068350" level="INFO">{'results': [{'gender': 'female', 'name': {'title': 'Ms', 'first': 'Peggy', 'last': 'Steward'}, 'location': {'street': {'number': 2173, 'name': 'Pecan Acres Ln'}, 'city': 'Springfield', 'state': 'California', 'country': 'United States', 'postcode': 60089, 'coordinates': {'latitude': '86.3562', 'longitude': '0.6406'}, 'timezone': {'offset': '-12:00', 'description': 'Eniwetok, Kwajalein'}}, 'email': 'peggy.steward@example.com', 'login': {'uuid': 'cdd039d1-8c3f-4781-ae3a-2bd72d3fa8d0', 'username': 'purpledog750', 'password': 'clayton', 'salt': 'Vo9CIel4', 'md5': '3a0e6796604edace1c9008de8e467b0c', 'sha1': 'd742563a2f30df146832931ffa43f1f5ff14342d', 'sha256': '7eb6d02b5839c3b37d463a75548d61f3e43c810a7286d131e7933fca62309403'}, 'dob': {'date': '1993-12-02T04:14:13.545Z', 'age': 30}, 'registered': {'date': '2011-09-21T05:16:25.200Z', 'age': 12}, 'phone': '(829) 758-0498', 'cell': '(668) 352-0664', 'id': {'name': 'SSN', 'value': '698-56-4972'}, 'picture': {'large': 'https://randomuser.me/api/portraits/women/15.jpg', 'medium': 'https://randomuser.me/api/portraits/med/women/15.jpg', 'thumbnail': 'https://randomuser.me/api/portraits/thumb/women/15.jpg'}, 'nat': 'US'}], 'info': {'seed': 'e2319c509eb4460a', 'results': 1, 'page': 1, 'version': '1.4'}}</msg>
<arg>${json_data}</arg>
<doc>Logs the given message with the given level.</doc>
<status status="PASS" start="2024-05-16T06:16:38.068186" elapsed="0.000258"/>
</kw>
<kw name="Dictionary Should Contain Key" owner="Collections">
<msg time="2024-05-16T06:16:38.068931" level="INFO">False</msg>
<arg>${json_data}</arg>
<arg>results</arg>
<doc>Fails if ``key`` is not found from ``dictionary``.</doc>
<status status="PASS" start="2024-05-16T06:16:38.068769" elapsed="0.000201"/>
</kw>
<kw name="Should Not Be Empty" owner="BuiltIn">
<msg time="2024-05-16T06:16:38.069398" level="INFO">Length is 2.</msg>
<arg>${json_data}</arg>
<doc>Verifies that the given item is not empty.</doc>
<status status="PASS" start="2024-05-16T06:16:38.069267" elapsed="0.000322"/>
</kw>
<kw name="Create List" owner="BuiltIn">
<msg time="2024-05-16T06:16:38.070050" level="INFO">${expected_keys} = ['gender', 'name', 'location', 'email', 'login']</msg>
<var>${expected_keys}</var>
<arg>gender</arg>
<arg>name</arg>
<arg>location</arg>
<arg>email</arg>
<arg>login</arg>
<doc>Returns a list containing given items.</doc>
<status status="PASS" start="2024-05-16T06:16:38.069898" elapsed="0.000178"/>
</kw>
<for flavor="IN">
<iter>
<kw name="Dictionary Should Contain Key" owner="Collections">
<msg time="2024-05-16T06:16:38.071072" level="INFO">False</msg>
<arg>${json_data['results'][0]}</arg>
<arg>${key}</arg>
<doc>Fails if ``key`` is not found from ``dictionary``.</doc>
<status status="PASS" start="2024-05-16T06:16:38.070667" elapsed="0.000445"/>
</kw>
<kw name="Log" owner="BuiltIn">
<msg time="2024-05-16T06:16:38.071779" level="INFO">{'gender': 'female', 'name': {'title': 'Ms', 'first': 'Peggy', 'last': 'Steward'}, 'location': {'street': {'number': 2173, 'name': 'Pecan Acres Ln'}, 'city': 'Springfield', 'state': 'California', 'country': 'United States', 'postcode': 60089, 'coordinates': {'latitude': '86.3562', 'longitude': '0.6406'}, 'timezone': {'offset': '-12:00', 'description': 'Eniwetok, Kwajalein'}}, 'email': 'peggy.steward@example.com', 'login': {'uuid': 'cdd039d1-8c3f-4781-ae3a-2bd72d3fa8d0', 'username': 'purpledog750', 'password': 'clayton', 'salt': 'Vo9CIel4', 'md5': '3a0e6796604edace1c9008de8e467b0c', 'sha1': 'd742563a2f30df146832931ffa43f1f5ff14342d', 'sha256': '7eb6d02b5839c3b37d463a75548d61f3e43c810a7286d131e7933fca62309403'}, 'dob': {'date': '1993-12-02T04:14:13.545Z', 'age': 30}, 'registered': {'date': '2011-09-21T05:16:25.200Z', 'age': 12}, 'phone': '(829) 758-0498', 'cell': '(668) 352-0664', 'id': {'name': 'SSN', 'value': '698-56-4972'}, 'picture': {'large': 'https://randomuser.me/api/portraits/women/15.jpg', 'medium': 'https://randomuser.me/api/portraits/med/women/15.jpg', 'thumbnail': 'https://randomuser.me/api/portraits/thumb/women/15.jpg'}, 'nat': 'US'}</msg>
<arg>${json_data['results'][0]}</arg>
<doc>Logs the given message with the given level.</doc>
<status status="PASS" start="2024-05-16T06:16:38.071418" elapsed="0.000410"/>
</kw>
<kw name="Log" owner="BuiltIn">
<msg time="2024-05-16T06:16:38.072251" level="INFO">gender</msg>
<arg>${key}</arg>
<doc>Logs the given message with the given level.</doc>
<status status="PASS" start="2024-05-16T06:16:38.072125" elapsed="0.000163"/>
</kw>
<var name="${key}">gender</var>
<status status="PASS" start="2024-05-16T06:16:38.070534" elapsed="0.002004"/>
</iter>
<iter>
<kw name="Dictionary Should Contain Key" owner="Collections">
<msg time="2024-05-16T06:16:38.073238" level="INFO">False</msg>
<arg>${json_data['results'][0]}</arg>
<arg>${key}</arg>
<doc>Fails if ``key`` is not found from ``dictionary``.</doc>
<status status="PASS" start="2024-05-16T06:16:38.072845" elapsed="0.000432"/>
</kw>
<kw name="Log" owner="BuiltIn">
<msg time="2024-05-16T06:16:38.073965" level="INFO">{'gender': 'female', 'name': {'title': 'Ms', 'first': 'Peggy', 'last': 'Steward'}, 'location': {'street': {'number': 2173, 'name': 'Pecan Acres Ln'}, 'city': 'Springfield', 'state': 'California', 'country': 'United States', 'postcode': 60089, 'coordinates': {'latitude': '86.3562', 'longitude': '0.6406'}, 'timezone': {'offset': '-12:00', 'description': 'Eniwetok, Kwajalein'}}, 'email': 'peggy.steward@example.com', 'login': {'uuid': 'cdd039d1-8c3f-4781-ae3a-2bd72d3fa8d0', 'username': 'purpledog750', 'password': 'clayton', 'salt': 'Vo9CIel4', 'md5': '3a0e6796604edace1c9008de8e467b0c', 'sha1': 'd742563a2f30df146832931ffa43f1f5ff14342d', 'sha256': '7eb6d02b5839c3b37d463a75548d61f3e43c810a7286d131e7933fca62309403'}, 'dob': {'date': '1993-12-02T04:14:13.545Z', 'age': 30}, 'registered': {'date': '2011-09-21T05:16:25.200Z', 'age': 12}, 'phone': '(829) 758-0498', 'cell': '(668) 352-0664', 'id': {'name': 'SSN', 'value': '698-56-4972'}, 'picture': {'large': 'https://randomuser.me/api/portraits/women/15.jpg', 'medium': 'https://randomuser.me/api/portraits/med/women/15.jpg', 'thumbnail': 'https://randomuser.me/api/portraits/thumb/women/15.jpg'}, 'nat': 'US'}</msg>
<arg>${json_data['results'][0]}</arg>
<doc>Logs the given message with the given level.</doc>
<status status="PASS" start="2024-05-16T06:16:38.073603" elapsed="0.000412"/>
</kw>
<kw name="Log" owner="BuiltIn">
<msg time="2024-05-16T06:16:38.074439" level="INFO">name</msg>
<arg>${key}</arg>
<doc>Logs the given message with the given level.</doc>
<status status="PASS" start="2024-05-16T06:16:38.074312" elapsed="0.000165"/>
</kw>
<var name="${key}">name</var>
<status status="PASS" start="2024-05-16T06:16:38.072729" elapsed="0.001968"/>
</iter>
<iter>
<kw name="Dictionary Should Contain Key" owner="Collections">
<msg time="2024-05-16T06:16:38.075374" level="INFO">False</msg>
<arg>${json_data['results'][0]}</arg>
<arg>${key}</arg>
<doc>Fails if ``key`` is not found from ``dictionary``.</doc>
<status status="PASS" start="2024-05-16T06:16:38.074995" elapsed="0.000416"/>
</kw>
<kw name="Log" owner="BuiltIn">
<msg time="2024-05-16T06:16:38.076063" level="INFO">{'gender': 'female', 'name': {'title': 'Ms', 'first': 'Peggy', 'last': 'Steward'}, 'location': {'street': {'number': 2173, 'name': 'Pecan Acres Ln'}, 'city': 'Springfield', 'state': 'California', 'country': 'United States', 'postcode': 60089, 'coordinates': {'latitude': '86.3562', 'longitude': '0.6406'}, 'timezone': {'offset': '-12:00', 'description': 'Eniwetok, Kwajalein'}}, 'email': 'peggy.steward@example.com', 'login': {'uuid': 'cdd039d1-8c3f-4781-ae3a-2bd72d3fa8d0', 'username': 'purpledog750', 'password': 'clayton', 'salt': 'Vo9CIel4', 'md5': '3a0e6796604edace1c9008de8e467b0c', 'sha1': 'd742563a2f30df146832931ffa43f1f5ff14342d', 'sha256': '7eb6d02b5839c3b37d463a75548d61f3e43c810a7286d131e7933fca62309403'}, 'dob': {'date': '1993-12-02T04:14:13.545Z', 'age': 30}, 'registered': {'date': '2011-09-21T05:16:25.200Z', 'age': 12}, 'phone': '(829) 758-0498', 'cell': '(668) 352-0664', 'id': {'name': 'SSN', 'value': '698-56-4972'}, 'picture': {'large': 'https://randomuser.me/api/portraits/women/15.jpg', 'medium': 'https://randomuser.me/api/portraits/med/women/15.jpg', 'thumbnail': 'https://randomuser.me/api/portraits/thumb/women/15.jpg'}, 'nat': 'US'}</msg>
<arg>${json_data['results'][0]}</arg>
<doc>Logs the given message with the given level.</doc>
<status status="PASS" start="2024-05-16T06:16:38.075708" elapsed="0.000404"/>
</kw>
<kw name="Log" owner="BuiltIn">
<msg time="2024-05-16T06:16:38.076572" level="INFO">location</msg>
<arg>${key}</arg>
<doc>Logs the given message with the given level.</doc>
<status status="PASS" start="2024-05-16T06:16:38.076438" elapsed="0.000172"/>
</kw>
<var name="${key}">location</var>
<status status="PASS" start="2024-05-16T06:16:38.074883" elapsed="0.001944"/>
</iter>
<iter>
<kw name="Dictionary Should Contain Key" owner="Collections">
<msg time="2024-05-16T06:16:38.077497" level="INFO">False</msg>
<arg>${json_data['results'][0]}</arg>
<arg>${key}</arg>
<doc>Fails if ``key`` is not found from ``dictionary``.</doc>
<status status="PASS" start="2024-05-16T06:16:38.077115" elapsed="0.000420"/>
</kw>
<kw name="Log" owner="BuiltIn">
<msg time="2024-05-16T06:16:38.078187" level="INFO">{'gender': 'female', 'name': {'title': 'Ms', 'first': 'Peggy', 'last': 'Steward'}, 'location': {'street': {'number': 2173, 'name': 'Pecan Acres Ln'}, 'city': 'Springfield', 'state': 'California', 'country': 'United States', 'postcode': 60089, 'coordinates': {'latitude': '86.3562', 'longitude': '0.6406'}, 'timezone': {'offset': '-12:00', 'description': 'Eniwetok, Kwajalein'}}, 'email': 'peggy.steward@example.com', 'login': {'uuid': 'cdd039d1-8c3f-4781-ae3a-2bd72d3fa8d0', 'username': 'purpledog750', 'password': 'clayton', 'salt': 'Vo9CIel4', 'md5': '3a0e6796604edace1c9008de8e467b0c', 'sha1': 'd742563a2f30df146832931ffa43f1f5ff14342d', 'sha256': '7eb6d02b5839c3b37d463a75548d61f3e43c810a7286d131e7933fca62309403'}, 'dob': {'date': '1993-12-02T04:14:13.545Z', 'age': 30}, 'registered': {'date': '2011-09-21T05:16:25.200Z', 'age': 12}, 'phone': '(829) 758-0498', 'cell': '(668) 352-0664', 'id': {'name': 'SSN', 'value': '698-56-4972'}, 'picture': {'large': 'https://randomuser.me/api/portraits/women/15.jpg', 'medium': 'https://randomuser.me/api/portraits/med/women/15.jpg', 'thumbnail': 'https://randomuser.me/api/portraits/thumb/women/15.jpg'}, 'nat': 'US'}</msg>
<arg>${json_data['results'][0]}</arg>
<doc>Logs the given message with the given level.</doc>
<status status="PASS" start="2024-05-16T06:16:38.077832" elapsed="0.000405"/>
</kw>
<kw name="Log" owner="BuiltIn">
<msg time="2024-05-16T06:16:38.078654" level="INFO">email</msg>
<arg>${key}</arg>
<doc>Logs the given message with the given level.</doc>
<status status="PASS" start="2024-05-16T06:16:38.078529" elapsed="0.000163"/>
</kw>
<var name="${key}">email</var>
<status status="PASS" start="2024-05-16T06:16:38.077004" elapsed="0.001902"/>
</iter>
<iter>
<kw name="Dictionary Should Contain Key" owner="Collections">
<msg time="2024-05-16T06:16:38.079582" level="INFO">False</msg>
<arg>${json_data['results'][0]}</arg>
<arg>${key}</arg>
<doc>Fails if ``key`` is not found from ``dictionary``.</doc>
<status status="PASS" start="2024-05-16T06:16:38.079196" elapsed="0.000424"/>
</kw>
<kw name="Log" owner="BuiltIn">
<msg time="2024-05-16T06:16:38.080292" level="INFO">{'gender': 'female', 'name': {'title': 'Ms', 'first': 'Peggy', 'last': 'Steward'}, 'location': {'street': {'number': 2173, 'name': 'Pecan Acres Ln'}, 'city': 'Springfield', 'state': 'California', 'country': 'United States', 'postcode': 60089, 'coordinates': {'latitude': '86.3562', 'longitude': '0.6406'}, 'timezone': {'offset': '-12:00', 'description': 'Eniwetok, Kwajalein'}}, 'email': 'peggy.steward@example.com', 'login': {'uuid': 'cdd039d1-8c3f-4781-ae3a-2bd72d3fa8d0', 'username': 'purpledog750', 'password': 'clayton', 'salt': 'Vo9CIel4', 'md5': '3a0e6796604edace1c9008de8e467b0c', 'sha1': 'd742563a2f30df146832931ffa43f1f5ff14342d', 'sha256': '7eb6d02b5839c3b37d463a75548d61f3e43c810a7286d131e7933fca62309403'}, 'dob': {'date': '1993-12-02T04:14:13.545Z', 'age': 30}, 'registered': {'date': '2011-09-21T05:16:25.200Z', 'age': 12}, 'phone': '(829) 758-0498', 'cell': '(668) 352-0664', 'id': {'name': 'SSN', 'value': '698-56-4972'}, 'picture': {'large': 'https://randomuser.me/api/portraits/women/15.jpg', 'medium': 'https://randomuser.me/api/portraits/med/women/15.jpg', 'thumbnail': 'https://randomuser.me/api/portraits/thumb/women/15.jpg'}, 'nat': 'US'}</msg>
<arg>${json_data['results'][0]}</arg>
<doc>Logs the given message with the given level.</doc>
<status status="PASS" start="2024-05-16T06:16:38.079922" elapsed="0.000417"/>
</kw>
<kw name="Log" owner="BuiltIn">
<msg time="2024-05-16T06:16:38.080800" level="INFO">login</msg>
<arg>${key}</arg>
<doc>Logs the given message with the given level.</doc>
<status status="PASS" start="2024-05-16T06:16:38.080672" elapsed="0.000167"/>
</kw>
<var name="${key}">login</var>
<status status="PASS" start="2024-05-16T06:16:38.079085" elapsed="0.002000"/>
</iter>
<var>${key}</var>
<value>@{expected_keys}</value>
<status status="PASS" start="2024-05-16T06:16:38.070344" elapsed="0.010869"/>
</for>
<kw name="Create List" owner="BuiltIn">
<msg time="2024-05-16T06:16:38.081545" level="INFO">${expected_keysTwo} = ['username', 'password']</msg>
<var>${expected_keysTwo}</var>
<arg>username</arg>
<arg>password</arg>
<doc>Returns a list containing given items.</doc>
<status status="PASS" start="2024-05-16T06:16:38.081409" elapsed="0.000159"/>
</kw>
<for flavor="IN">
<iter>
<kw name="Dictionary Should Contain Key" owner="Collections">
<msg time="2024-05-16T06:16:38.082452" level="INFO">False</msg>
<arg>${json_data['results'][0]['login']}</arg>
<arg>${keyTwo}</arg>
<doc>Fails if ``key`` is not found from ``dictionary``.</doc>
<status status="PASS" start="2024-05-16T06:16:38.082067" elapsed="0.000421"/>
</kw>
<kw name="Dictionary Should Contain Key" owner="Collections">
<msg time="2024-05-16T06:16:38.083162" level="INFO">False</msg>
<arg>${json_data['results'][0]['login']}</arg>
<arg>${keyTwo}</arg>
<doc>Fails if ``key`` is not found from ``dictionary``.</doc>
<status status="PASS" start="2024-05-16T06:16:38.082780" elapsed="0.000419"/>
</kw>
<kw name="Log" owner="BuiltIn">
<msg time="2024-05-16T06:16:38.083616" level="INFO">username</msg>
<arg>${keyTwo}</arg>
<doc>Logs the given message with the given level.</doc>
<status status="PASS" start="2024-05-16T06:16:38.083489" elapsed="0.000164"/>
</kw>
<var name="${keyTwo}">username</var>
<status status="PASS" start="2024-05-16T06:16:38.081957" elapsed="0.001910"/>
</iter>
<iter>
<kw name="Dictionary Should Contain Key" owner="Collections">
<msg time="2024-05-16T06:16:38.084654" level="INFO">False</msg>
<arg>${json_data['results'][0]['login']}</arg>
<arg>${keyTwo}</arg>
<doc>Fails if ``key`` is not found from ``dictionary``.</doc>
<status status="PASS" start="2024-05-16T06:16:38.084149" elapsed="0.000546"/>
</kw>
<kw name="Dictionary Should Contain Key" owner="Collections">
<msg time="2024-05-16T06:16:38.085372" level="INFO">False</msg>
<arg>${json_data['results'][0]['login']}</arg>
<arg>${keyTwo}</arg>
<doc>Fails if ``key`` is not found from ``dictionary``.</doc>
<status status="PASS" start="2024-05-16T06:16:38.084997" elapsed="0.000412"/>
</kw>
<kw name="Log" owner="BuiltIn">
<msg time="2024-05-16T06:16:38.085829" level="INFO">password</msg>
<arg>${keyTwo}</arg>
<doc>Logs the given message with the given level.</doc>
<status status="PASS" start="2024-05-16T06:16:38.085702" elapsed="0.000165"/>
</kw>
<var name="${keyTwo}">password</var>
<status status="PASS" start="2024-05-16T06:16:38.084040" elapsed="0.002044"/>
</iter>
<var>${keyTwo}</var>
<value>@{expected_keysTwo}</value>
<status status="PASS" start="2024-05-16T06:16:38.081807" elapsed="0.004399"/>
</for>
<status status="PASS" start="2024-05-16T06:16:37.967094" elapsed="0.119255"/>
</kw>
<doc>Testa a estrutura da resposta da API.</doc>
<tag>testeEstruturaResposta</tag>
<status status="PASS" start="2024-05-16T06:16:37.966520" elapsed="0.119985"/>
</test>
<test id="s1-s1-t4" name="Validar tipos de dados" line="28">
<kw name="Teste de Tipos de Dados" owner="random-user-service">
<kw name="GET On Session" owner="RequestsLibrary">
<msg time="2024-05-16T06:16:38.168552" level="INFO">GET Request : url=https://randomuser.me/api 
 path_url=/api 
 headers={'User-Agent': 'python-requests/2.31.0', 'Accept-Encoding': 'gzip, deflate', 'Accept': '*/*', 'Connection': 'keep-alive'} 
 body=None 
 </msg>
<msg time="2024-05-16T06:16:38.168635" level="INFO">GET Response : url=https://randomuser.me/api 
 status=200, reason=OK 
 headers={'Date': 'Thu, 16 May 2024 06:16:38 GMT', 'Content-Type': 'application/json; charset=utf-8', 'Transfer-Encoding': 'chunked', 'Connection': 'keep-alive', 'X-Powered-By': 'Express', 'Access-Control-Allow-Origin': '*', 'Cache-Control': 'no-cache', 'ETag': 'W/"491-A5ZX/vbxI8C3wCdNeStVIxvJhtU"', 'Vary': 'Accept-Encoding', 'Content-Encoding': 'gzip', 'CF-Cache-Status': 'DYNAMIC', 'Report-To': '{"endpoints":[{"url":"https:\\/\\/a.nel.cloudflare.com\\/report\\/v4?s=wa9ZWT3I6a%2F23jZyNivHp%2Fy4yEOxvtXkB1renz8Adwou2UmWlLFx6%2Fp6%2F2p8QtADY%2FmM0bVk2%2Bgt%2F%2FWXMzZToUjAxTLuAQ8pIolbYlrbK%2BqntWZEjUdG%2FfpwNSDkVgSd"}],"group":"cf-nel","max_age":604800}', 'NEL': '{"success_fraction":0,"report_to":"cf-nel","max_age":604800}', 'Server': 'cloudflare', 'CF-RAY': '88493d7619fa82a4-IAD', 'alt-svc': 'h3=":443"; ma=86400'} 
 body={"results":[{"gender":"female","name":{"title":"Miss","first":"Annabelle","last":"Taylor"},"location":{"street":{"number":5021,"name":"Trafalgar Street"},"city":"Greymouth","state":"Nelson","country":"New Zealand","postcode":20760,"coordinates":{"latitude":"52.1190","longitude":"12.5729"},"timezone":{"offset":"+7:00","description":"Bangkok, Hanoi, Jakarta"}},"email":"annabelle.taylor@example.com","login":{"uuid":"1a4d8e37-1f81-4f0d-9596-43a632cf2692","username":"greenelephant316","password":"monique","salt":"0Ge8dY2u","md5":"48b547dc2fd4cb297c8d1bb261bf0c8c","sha1":"595486c931446b9ad4fc9620cd327fb99230862d","sha256":"a5af882a64b1c7c8c00d6e26bdaf9f702e1eb19ab6d81aa07d4779f3cab26670"},"dob":{"date":"1980-04-14T14:00:39.310Z","age":44},"registered":{"date":"2010-05-06T10:54:10.796Z","age":14},"phone":"(179)-136-1127","cell":"(844)-521-6871","id":{"name":"","value":null},"picture":{"large":"https://randomuser.me/api/portraits/women/22.jpg","medium":"https://randomuser.me/api/portraits/med/women/22.jpg","thumbnail":"https://randomuser.me/api/portraits/thumb/women/22.jpg"},"nat":"NZ"}],"info":{"seed":"15271c8838b91218","results":1,"page":1,"version":"1.4"}} 
 </msg>
<msg time="2024-05-16T06:16:38.168711" level="INFO">/opt/hostedtoolcache/Python/3.12.3/x64/lib/python3.12/site-packages/urllib3/connectionpool.py:1103: InsecureRequestWarning: Unverified HTTPS request is being made to host 'randomuser.me'. Adding certificate verification is strongly advised. See: https://urllib3.readthedocs.io/en/latest/advanced-usage.html#tls-warnings
  warnings.warn(</msg>
<msg time="2024-05-16T06:16:38.168821" level="INFO">${response} = &lt;Response [200]&gt;</msg>
<var>${response}</var>
<arg>consultarAPI</arg>
<arg>/api</arg>
<doc>Sends a GET request on a previously created HTTP Session.</doc>
<status status="PASS" start="2024-05-16T06:16:38.089097" elapsed="0.079774"/>
</kw>
<kw name="Set Variable" owner="BuiltIn">
<msg time="2024-05-16T06:16:38.170162" level="INFO">${json_data} = {'results': [{'gender': 'female', 'name': {'title': 'Miss', 'first': 'Annabelle', 'last': 'Taylor'}, 'location': {'street': {'number': 5021, 'name': 'Trafalgar Street'}, 'city': 'Greymouth', 'state': ...</msg>
<var>${json_data}</var>
<arg>${response.json()}</arg>
<doc>Returns the given values which can then be assigned to a variables.</doc>
<status status="PASS" start="2024-05-16T06:16:38.169471" elapsed="0.000722"/>
</kw>
<kw name="Log" owner="BuiltIn">
<msg time="2024-05-16T06:16:38.170664" level="INFO">{'results': [{'gender': 'female', 'name': {'title': 'Miss', 'first': 'Annabelle', 'last': 'Taylor'}, 'location': {'street': {'number': 5021, 'name': 'Trafalgar Street'}, 'city': 'Greymouth', 'state': 'Nelson', 'country': 'New Zealand', 'postcode': 20760, 'coordinates': {'latitude': '52.1190', 'longitude': '12.5729'}, 'timezone': {'offset': '+7:00', 'description': 'Bangkok, Hanoi, Jakarta'}}, 'email': 'annabelle.taylor@example.com', 'login': {'uuid': '1a4d8e37-1f81-4f0d-9596-43a632cf2692', 'username': 'greenelephant316', 'password': 'monique', 'salt': '0Ge8dY2u', 'md5': '48b547dc2fd4cb297c8d1bb261bf0c8c', 'sha1': '595486c931446b9ad4fc9620cd327fb99230862d', 'sha256': 'a5af882a64b1c7c8c00d6e26bdaf9f702e1eb19ab6d81aa07d4779f3cab26670'}, 'dob': {'date': '1980-04-14T14:00:39.310Z', 'age': 44}, 'registered': {'date': '2010-05-06T10:54:10.796Z', 'age': 14}, 'phone': '(179)-136-1127', 'cell': '(844)-521-6871', 'id': {'name': '', 'value': None}, 'picture': {'large': 'https://randomuser.me/api/portraits/women/22.jpg', 'medium': 'https://randomuser.me/api/portraits/med/women/22.jpg', 'thumbnail': 'https://randomuser.me/api/portraits/thumb/women/22.jpg'}, 'nat': 'NZ'}], 'info': {'seed': '15271c8838b91218', 'results': 1, 'page': 1, 'version': '1.4'}}</msg>
<arg>${json_data}</arg>
<doc>Logs the given message with the given level.</doc>
<status status="PASS" start="2024-05-16T06:16:38.170510" elapsed="0.000235"/>
</kw>
<kw name="Should Be String" owner="String">
<arg>${json_data['results'][0]['gender']}</arg>
<doc>Fails if the given ``item`` is not a string.</doc>
<status status="PASS" start="2024-05-16T06:16:38.171062" elapsed="0.000376"/>
</kw>
<kw name="Should Match Regexp" owner="BuiltIn">
<arg>${json_data['results'][0]['email']}</arg>
<arg>^[a-zA-Z0-9._%+-]+@[a-zA-Z0-9.-]+\.[a-zA-Z]{2,}$</arg>
<doc>Fails if ``string`` does not match ``pattern`` as a regular expression.</doc>
<status status="PASS" start="2024-05-16T06:16:38.171643" elapsed="0.000513"/>
</kw>
<kw name="Should Match Regexp" owner="BuiltIn">
<arg>${json_data['results'][0]['dob']['date']}</arg>
<arg>\\d{4}-\\d{2}-\\d{2}T\\d{2}:\\d{2}:\\d{2}\\.\\d{3}Z</arg>
<doc>Fails if ``string`` does not match ``pattern`` as a regular expression.</doc>
<status status="PASS" start="2024-05-16T06:16:38.172353" elapsed="0.000555"/>
</kw>
<kw name="Should Match Regexp" owner="BuiltIn">
<arg>${json_data['results'][0]['registered']['date']}</arg>
<arg>\\d{4}-\\d{2}-\\d{2}T\\d{2}:\\d{2}:\\d{2}\\.\\d{3}Z</arg>
<doc>Fails if ``string`` does not match ``pattern`` as a regular expression.</doc>
<status status="PASS" start="2024-05-16T06:16:38.173106" elapsed="0.000368"/>
</kw>
<kw name="Should Match Regexp" owner="BuiltIn">
<arg>${json_data['results'][0]['picture']['large']}</arg>
<arg>^https?://.*\.(?:png|jpe?g|gif|bmp)$</arg>
<doc>Fails if ``string`` does not match ``pattern`` as a regular expression.</doc>
<status status="PASS" start="2024-05-16T06:16:38.173665" elapsed="0.000465"/>
</kw>
<kw name="Should Match Regexp" owner="BuiltIn">
<arg>${json_data['results'][0]['picture']['medium']}</arg>
<arg>^https?://.*\.(?:png|jpe?g|gif|bmp)$</arg>
<doc>Fails if ``string`` does not match ``pattern`` as a regular expression.</doc>
<status status="PASS" start="2024-05-16T06:16:38.174321" elapsed="0.000366"/>
</kw>
<kw name="Should Match Regexp" owner="BuiltIn">
<arg>${json_data['results'][0]['picture']['thumbnail']}</arg>
<arg>^https?://.*\.(?:png|jpe?g|gif|bmp)$</arg>
<doc>Fails if ``string`` does not match ``pattern`` as a regular expression.</doc>
<status status="PASS" start="2024-05-16T06:16:38.174881" elapsed="0.000356"/>
</kw>
<kw name="Log" owner="BuiltIn">
<msg time="2024-05-16T06:16:38.175746" level="INFO">{'large': 'https://randomuser.me/api/portraits/women/22.jpg', 'medium': 'https://randomuser.me/api/portraits/med/women/22.jpg', 'thumbnail': 'https://randomuser.me/api/portraits/thumb/women/22.jpg'}</msg>
<arg>${json_data['results'][0]['picture']}</arg>
<doc>Logs the given message with the given level.</doc>
<status status="PASS" start="2024-05-16T06:16:38.175427" elapsed="0.000362"/>
</kw>
<status status="PASS" start="2024-05-16T06:16:38.088873" elapsed="0.087168"/>
</kw>
<kw name="Teste de Tipos de Dados - Postcode" owner="random-user-service">
<kw name="GET On Session" owner="RequestsLibrary">
<msg time="2024-05-16T06:16:38.270459" level="INFO">GET Request : url=https://randomuser.me/api 
 path_url=/api 
 headers={'User-Agent': 'python-requests/2.31.0', 'Accept-Encoding': 'gzip, deflate', 'Accept': '*/*', 'Connection': 'keep-alive'} 
 body=None 
 </msg>
<msg time="2024-05-16T06:16:38.270552" level="INFO">GET Response : url=https://randomuser.me/api 
 status=200, reason=OK 
 headers={'Date': 'Thu, 16 May 2024 06:16:38 GMT', 'Content-Type': 'application/json; charset=utf-8', 'Transfer-Encoding': 'chunked', 'Connection': 'keep-alive', 'X-Powered-By': 'Express', 'Access-Control-Allow-Origin': '*', 'Cache-Control': 'no-cache', 'ETag': 'W/"489-qL30npf8LxBvqcEEtjJqGiBSzl0"', 'Vary': 'Accept-Encoding', 'Content-Encoding': 'gzip', 'CF-Cache-Status': 'DYNAMIC', 'Report-To': '{"endpoints":[{"url":"https:\\/\\/a.nel.cloudflare.com\\/report\\/v4?s=kEnbPfQiZcsTDKI2OEQW4NMadbJic8RKUi1PY23Ut6bNXD2587lTxE9mWH0G6SpZ1hdJr%2FaxP2IyPJK0fuGbvBKyiX1vqS4%2FfDa36Zhk%2FBZeqEL2DrLNO%2FDnx68b7PhG"}],"group":"cf-nel","max_age":604800}', 'NEL': '{"success_fraction":0,"report_to":"cf-nel","max_age":604800}', 'Server': 'cloudflare', 'CF-RAY': '88493d769a8d82a4-IAD', 'alt-svc': 'h3=":443"; ma=86400'} 
 body={"results":[{"gender":"male","name":{"title":"Mr","first":"Udarsh","last":"Mardhekar"},"location":{"street":{"number":1758,"name":"Dadabhai Naoroji Rd"},"city":"Ambala","state":"Sikkim","country":"India","postcode":43737,"coordinates":{"latitude":"12.3228","longitude":"-168.3301"},"timezone":{"offset":"-8:00","description":"Pacific Time (US &amp; Canada)"}},"email":"udarsh.mardhekar@example.com","login":{"uuid":"e82240d5-7059-4ae3-985b-ab78708f8c8e","username":"greenpanda709","password":"leelee","salt":"DcuMQ3n2","md5":"bb3bda80e6a1723331cc0eae3fb17df7","sha1":"31d50ba628c110c3078db8f8e386be014eaff22a","sha256":"7bbc847f721ffce40f777007437e954e62c7ed24ad61ebcd66d653056d7d2b38"},"dob":{"date":"1985-07-18T08:18:51.062Z","age":38},"registered":{"date":"2012-03-26T14:38:17.407Z","age":12},"phone":"8059575892","cell":"9813520386","id":{"name":"UIDAI","value":"607979477448"},"picture":{"large":"https://randomuser.me/api/portraits/men/54.jpg","medium":"https://randomuser.me/api/portraits/med/men/54.jpg","thumbnail":"https://randomuser.me/api/portraits/thumb/men/54.jpg"},"nat":"IN"}],"info":{"seed":"424eca38dfa32d65","results":1,"page":1,"version":"1.4"}} 
 </msg>
<msg time="2024-05-16T06:16:38.270624" level="INFO">/opt/hostedtoolcache/Python/3.12.3/x64/lib/python3.12/site-packages/urllib3/connectionpool.py:1103: InsecureRequestWarning: Unverified HTTPS request is being made to host 'randomuser.me'. Adding certificate verification is strongly advised. See: https://urllib3.readthedocs.io/en/latest/advanced-usage.html#tls-warnings
  warnings.warn(</msg>
<msg time="2024-05-16T06:16:38.270740" level="INFO">${response} = &lt;Response [200]&gt;</msg>
<var>${response}</var>
<arg>consultarAPI</arg>
<arg>/api</arg>
<doc>Sends a GET request on a previously created HTTP Session.</doc>
<status status="PASS" start="2024-05-16T06:16:38.176543" elapsed="0.094238"/>
</kw>
<kw name="Set Variable" owner="BuiltIn">
<msg time="2024-05-16T06:16:38.271801" level="INFO">${json_data} = {'results': [{'gender': 'male', 'name': {'title': 'Mr', 'first': 'Udarsh', 'last': 'Mardhekar'}, 'location': {'street': {'number': 1758, 'name': 'Dadabhai Naoroji Rd'}, 'city': 'Ambala', 'state': 'Sik...</msg>
<var>${json_data}</var>
<arg>${response.json()}</arg>
<doc>Returns the given values which can then be assigned to a variables.</doc>
<status status="PASS" start="2024-05-16T06:16:38.271274" elapsed="0.000555"/>
</kw>
<kw name="Log" owner="BuiltIn">
<msg time="2024-05-16T06:16:38.272286" level="INFO">{'results': [{'gender': 'male', 'name': {'title': 'Mr', 'first': 'Udarsh', 'last': 'Mardhekar'}, 'location': {'street': {'number': 1758, 'name': 'Dadabhai Naoroji Rd'}, 'city': 'Ambala', 'state': 'Sikkim', 'country': 'India', 'postcode': 43737, 'coordinates': {'latitude': '12.3228', 'longitude': '-168.3301'}, 'timezone': {'offset': '-8:00', 'description': 'Pacific Time (US &amp; Canada)'}}, 'email': 'udarsh.mardhekar@example.com', 'login': {'uuid': 'e82240d5-7059-4ae3-985b-ab78708f8c8e', 'username': 'greenpanda709', 'password': 'leelee', 'salt': 'DcuMQ3n2', 'md5': 'bb3bda80e6a1723331cc0eae3fb17df7', 'sha1': '31d50ba628c110c3078db8f8e386be014eaff22a', 'sha256': '7bbc847f721ffce40f777007437e954e62c7ed24ad61ebcd66d653056d7d2b38'}, 'dob': {'date': '1985-07-18T08:18:51.062Z', 'age': 38}, 'registered': {'date': '2012-03-26T14:38:17.407Z', 'age': 12}, 'phone': '8059575892', 'cell': '9813520386', 'id': {'name': 'UIDAI', 'value': '607979477448'}, 'picture': {'large': 'https://randomuser.me/api/portraits/men/54.jpg', 'medium': 'https://randomuser.me/api/portraits/med/men/54.jpg', 'thumbnail': 'https://randomuser.me/api/portraits/thumb/men/54.jpg'}, 'nat': 'IN'}], 'info': {'seed': '424eca38dfa32d65', 'results': 1, 'page': 1, 'version': '1.4'}}</msg>
<arg>${json_data}</arg>
<doc>Logs the given message with the given level.</doc>
<status status="PASS" start="2024-05-16T06:16:38.272133" elapsed="0.000236"/>
</kw>
<kw name="Should Be Equal As Numbers" owner="BuiltIn">
<arg>${json_data['results'][0]['location']['postcode']}</arg>
<arg>${json_data['results'][0]['location']['postcode']}</arg>
<doc>Fails if objects are unequal after converting them to real numbers.</doc>
<status status="PASS" start="2024-05-16T06:16:38.272907" elapsed="0.000634"/>
</kw>
<kw name="Log" owner="BuiltIn">
<msg time="2024-05-16T06:16:38.274080" level="INFO">43737</msg>
<arg>${json_data['results'][0]['location']['postcode']}</arg>
<doc>Logs the given message with the given level.</doc>
<status status="PASS" start="2024-05-16T06:16:38.273737" elapsed="0.000385"/>
</kw>
<status status="PASS" start="2024-05-16T06:16:38.176282" elapsed="0.098094"/>
</kw>
<doc>Testa se os tipos de dados na resposta da API estão corretos.</doc>
<tag>testeTiposDados</tag>
<status status="PASS" start="2024-05-16T06:16:38.088283" elapsed="0.186265"/>
</test>
<test id="s1-s1-t5" name="Validar conteudo" line="35">
<kw name="Teste de Tipos de Conteudo" owner="random-user-service">
<kw name="GET On Session" owner="RequestsLibrary">
<msg time="2024-05-16T06:16:38.375771" level="INFO">GET Request : url=https://randomuser.me/api 
 path_url=/api 
 headers={'User-Agent': 'python-requests/2.31.0', 'Accept-Encoding': 'gzip, deflate', 'Accept': '*/*', 'Connection': 'keep-alive'} 
 body=None 
 </msg>
<msg time="2024-05-16T06:16:38.375845" level="INFO">GET Response : url=https://randomuser.me/api 
 status=200, reason=OK 
 headers={'Date': 'Thu, 16 May 2024 06:16:38 GMT', 'Content-Type': 'application/json; charset=utf-8', 'Transfer-Encoding': 'chunked', 'Connection': 'keep-alive', 'X-Powered-By': 'Express', 'Access-Control-Allow-Origin': '*', 'Cache-Control': 'no-cache', 'ETag': 'W/"474-vH8db5atQTc/3SwbMeMixiXmDBo"', 'Vary': 'Accept-Encoding', 'Content-Encoding': 'gzip', 'CF-Cache-Status': 'DYNAMIC', 'Report-To': '{"endpoints":[{"url":"https:\\/\\/a.nel.cloudflare.com\\/report\\/v4?s=5d1jskMHFDqORXG4s0ARNMUPZ%2BFr2zCaQjlI67OrSObvbyPkUW%2BtoT0QbOvG1v0pBPJAGbbMRLaMNy86GxSZW0iaTwK2YyVW7voZrcXitifTQvb8uPkSxRNQv3BbyoyP"}],"group":"cf-nel","max_age":604800}', 'NEL': '{"success_fraction":0,"report_to":"cf-nel","max_age":604800}', 'Server': 'cloudflare', 'CF-RAY': '88493d773b3982a4-IAD', 'alt-svc': 'h3=":443"; ma=86400'} 
 body={"results":[{"gender":"male","name":{"title":"Mr","first":"Edward","last":"Bjordal"},"location":{"street":{"number":7132,"name":"Kleiva"},"city":"Sokna","state":"Finnmark - Finnmárku","country":"Norway","postcode":"7463","coordinates":{"latitude":"44.1879","longitude":"-131.7733"},"timezone":{"offset":"-2:00","description":"Mid-Atlantic"}},"email":"edward.bjordal@example.com","login":{"uuid":"316b7c43-f845-4b2e-8f5e-e027989578e1","username":"greentiger914","password":"woodstoc","salt":"0IstSl5G","md5":"895a0cb124249e14c97d8b82e173e6ab","sha1":"b6ba8d04810ed6c71db8a7e509d76c08a8d196cf","sha256":"cd66c81e7579bca5d3a78034d756a8ab5a2c3ed606fd42b9794f23eb6d559ef9"},"dob":{"date":"1946-12-15T02:51:10.373Z","age":77},"registered":{"date":"2005-04-04T16:31:35.770Z","age":19},"phone":"65634580","cell":"96106233","id":{"name":"FN","value":"15124631995"},"picture":{"large":"https://randomuser.me/api/portraits/men/49.jpg","medium":"https://randomuser.me/api/portraits/med/men/49.jpg","thumbnail":"https://randomuser.me/api/portraits/thumb/men/49.jpg"},"nat":"NO"}],"info":{"seed":"4a0f70fe0db59ab6","results":1,"page":1,"version":"1.4"}} 
 </msg>
<msg time="2024-05-16T06:16:38.375909" level="INFO">/opt/hostedtoolcache/Python/3.12.3/x64/lib/python3.12/site-packages/urllib3/connectionpool.py:1103: InsecureRequestWarning: Unverified HTTPS request is being made to host 'randomuser.me'. Adding certificate verification is strongly advised. See: https://urllib3.readthedocs.io/en/latest/advanced-usage.html#tls-warnings
  warnings.warn(</msg>
<msg time="2024-05-16T06:16:38.376006" level="INFO">${response} = &lt;Response [200]&gt;</msg>
<var>${response}</var>
<arg>consultarAPI</arg>
<arg>/api</arg>
<doc>Sends a GET request on a previously created HTTP Session.</doc>
<status status="PASS" start="2024-05-16T06:16:38.277035" elapsed="0.099003"/>
</kw>
<kw name="Set Variable" owner="BuiltIn">
<msg time="2024-05-16T06:16:38.377011" level="INFO">${json_data} = {'results': [{'gender': 'male', 'name': {'title': 'Mr', 'first': 'Edward', 'last': 'Bjordal'}, 'location': {'street': {'number': 7132, 'name': 'Kleiva'}, 'city': 'Sokna', 'state': 'Finnmark - Finnmárk...</msg>
<var>${json_data}</var>
<arg>${response.json()}</arg>
<doc>Returns the given values which can then be assigned to a variables.</doc>
<status status="PASS" start="2024-05-16T06:16:38.376509" elapsed="0.000531"/>
</kw>
<kw name="Set Variable" owner="BuiltIn">
<msg time="2024-05-16T06:16:38.377759" level="INFO">${name_title} = Mr</msg>
<var>${name_title}</var>
<arg>${json_data["results"][0]["name"]["title"]}</arg>
<doc>Returns the given values which can then be assigned to a variables.</doc>
<status status="PASS" start="2024-05-16T06:16:38.377354" elapsed="0.000432"/>
</kw>
<kw name="Create List" owner="BuiltIn">
<msg time="2024-05-16T06:16:38.378245" level="INFO">${allowed_titles} = ['Mr', 'Ms', 'Miss', 'Mrs', 'Madame', 'Monsieur']</msg>
<var>${allowed_titles}</var>
<arg>Mr</arg>
<arg>Ms</arg>
<arg>Miss</arg>
<arg>Mrs</arg>
<arg>Madame</arg>
<arg>Monsieur</arg>
<doc>Returns a list containing given items.</doc>
<status status="PASS" start="2024-05-16T06:16:38.378095" elapsed="0.000174"/>
</kw>
<kw name="List Should Contain Value" owner="Collections">
<msg time="2024-05-16T06:16:38.378748" level="INFO">False</msg>
<arg>${allowed_titles}</arg>
<arg>${name_title}</arg>
<doc>Fails if the ``value`` is not found from ``list``.</doc>
<status status="PASS" start="2024-05-16T06:16:38.378574" elapsed="0.000211"/>
</kw>
<kw name="Set Variable" owner="BuiltIn">
<msg time="2024-05-16T06:16:38.379462" level="INFO">${name_country} = NO</msg>
<var>${name_country}</var>
<arg>${json_data["results"][0]["nat"]}</arg>
<doc>Returns the given values which can then be assigned to a variables.</doc>
<status status="PASS" start="2024-05-16T06:16:38.379082" elapsed="0.000405"/>
</kw>
<kw name="Create List" owner="BuiltIn">
<msg time="2024-05-16T06:16:38.380384" level="INFO">${list_country} = ['AD', 'AE', 'AF', 'AG', 'AI', 'AL', 'AM', 'AO', 'AQ', 'AR', 'AS', 'AT', 'AU', 'AW', 'AX', 'AZ', 'BA', 'BB', 'BD', 'BE', 'BF', 'BG', 'BH', 'BI', 'BJ', 'BL', 'BM', 'BN', 'BO', 'BQ', 'BR', 'BS', 'BT', '...</msg>
<var>${list_country}</var>
<arg>AD</arg>
<arg>AE</arg>
<arg>AF</arg>
<arg>AG</arg>
<arg>AI</arg>
<arg>AL</arg>
<arg>AM</arg>
<arg>AO</arg>
<arg>AQ</arg>
<arg>AR</arg>
<arg>AS</arg>
<arg>AT</arg>
<arg>AU</arg>
<arg>AW</arg>
<arg>AX</arg>
<arg>AZ</arg>
<arg>BA</arg>
<arg>BB</arg>
<arg>BD</arg>
<arg>BE</arg>
<arg>BF</arg>
<arg>BG</arg>
<arg>BH</arg>
<arg>BI</arg>
<arg>BJ</arg>
<arg>BL</arg>
<arg>BM</arg>
<arg>BN</arg>
<arg>BO</arg>
<arg>BQ</arg>
<arg>BR</arg>
<arg>BS</arg>
<arg>BT</arg>
<arg>BV</arg>
<arg>BW</arg>
<arg>BY</arg>
<arg>BZ</arg>
<arg>CA</arg>
<arg>CC</arg>
<arg>CD</arg>
<arg>CF</arg>
<arg>CG</arg>
<arg>CH</arg>
<arg>CI</arg>
<arg>CK</arg>
<arg>CL</arg>
<arg>CM</arg>
<arg>CN</arg>
<arg>CO</arg>
<arg>CR</arg>
<arg>CU</arg>
<arg>CV</arg>
<arg>CW</arg>
<arg>CX</arg>
<arg>CY</arg>
<arg>CZ</arg>
<arg>DE</arg>
<arg>DJ</arg>
<arg>DK</arg>
<arg>DM</arg>
<arg>DO</arg>
<arg>DZ</arg>
<arg>EC</arg>
<arg>EE</arg>
<arg>EG</arg>
<arg>EH</arg>
<arg>ER</arg>
<arg>ES</arg>
<arg>ET</arg>
<arg>FI</arg>
<arg>FJ</arg>
<arg>FK</arg>
<arg>FM</arg>
<arg>FO</arg>
<arg>FR</arg>
<arg>GA</arg>
<arg>GB</arg>
<arg>GD</arg>
<arg>GE</arg>
<arg>GF</arg>
<arg>GG</arg>
<arg>GH</arg>
<arg>GI</arg>
<arg>GL</arg>
<arg>GM</arg>
<arg>GN</arg>
<arg>GP</arg>
<arg>GQ</arg>
<arg>GR</arg>
<arg>GS</arg>
<arg>GT</arg>
<arg>GU</arg>
<arg>GW</arg>
<arg>GY</arg>
<arg>HK</arg>
<arg>HM</arg>
<arg>HN</arg>
<arg>HR</arg>
<arg>HT</arg>
<arg>HU</arg>
<arg>ID</arg>
<arg>IE</arg>
<arg>IL</arg>
<arg>IM</arg>
<arg>IN</arg>
<arg>IO</arg>
<arg>IQ</arg>
<arg>IR</arg>
<arg>IS</arg>
<arg>IT</arg>
<arg>JE</arg>
<arg>JM</arg>
<arg>JO</arg>
<arg>JP</arg>
<arg>KE</arg>
<arg>KG</arg>
<arg>KH</arg>
<arg>KI</arg>
<arg>KM</arg>
<arg>KN</arg>
<arg>KP</arg>
<arg>KR</arg>
<arg>KW</arg>
<arg>KY</arg>
<arg>KZ</arg>
<arg>LA</arg>
<arg>LB</arg>
<arg>LC</arg>
<arg>LI</arg>
<arg>LK</arg>
<arg>LR</arg>
<arg>LS</arg>
<arg>LT</arg>
<arg>LU</arg>
<arg>LV</arg>
<arg>LY</arg>
<arg>MA</arg>
<arg>MC</arg>
<arg>MD</arg>
<arg>ME</arg>
<arg>MF</arg>
<arg>MG</arg>
<arg>MH</arg>
<arg>MK</arg>
<arg>ML</arg>
<arg>MM</arg>
<arg>MN</arg>
<arg>MO</arg>
<arg>MP</arg>
<arg>MQ</arg>
<arg>MR</arg>
<arg>MS</arg>
<arg>MT</arg>
<arg>MU</arg>
<arg>MV</arg>
<arg>MW</arg>
<arg>MX</arg>
<arg>MY</arg>
<arg>MZ</arg>
<arg>NA</arg>
<arg>NC</arg>
<arg>NE</arg>
<arg>NF</arg>
<arg>NG</arg>
<arg>NI</arg>
<arg>NL</arg>
<arg>NO</arg>
<arg>NP</arg>
<arg>NR</arg>
<arg>NU</arg>
<arg>NZ</arg>
<arg>OM</arg>
<arg>PA</arg>
<arg>PE</arg>
<arg>PF</arg>
<arg>PG</arg>
<arg>PH</arg>
<arg>PK</arg>
<arg>PL</arg>
<arg>PM</arg>
<arg>PN</arg>
<arg>PR</arg>
<arg>PS</arg>
<arg>PT</arg>
<arg>PW</arg>
<arg>PY</arg>
<arg>QA</arg>
<arg>RE</arg>
<arg>RO</arg>
<arg>RS</arg>
<arg>RU</arg>
<arg>RW</arg>
<arg>SA</arg>
<arg>SB</arg>
<arg>SC</arg>
<arg>SD</arg>
<arg>SE</arg>
<arg>SG</arg>
<arg>SH</arg>
<arg>SI</arg>
<arg>SJ</arg>
<arg>SK</arg>
<arg>SL</arg>
<arg>SM</arg>
<arg>SN</arg>
<arg>SO</arg>
<arg>SR</arg>
<arg>SS</arg>
<arg>ST</arg>
<arg>SV</arg>
<arg>SX</arg>
<arg>SY</arg>
<arg>SZ</arg>
<arg>TC</arg>
<arg>TD</arg>
<arg>TF</arg>
<arg>TG</arg>
<arg>TH</arg>
<arg>TJ</arg>
<arg>TK</arg>
<arg>TL</arg>
<arg>TM</arg>
<arg>TN</arg>
<arg>TO</arg>
<arg>TR</arg>
<arg>TT</arg>
<arg>TV</arg>
<arg>TW</arg>
<arg>TZ</arg>
<arg>UA</arg>
<arg>UG</arg>
<arg>UM</arg>
<arg>US</arg>
<arg>UY</arg>
<arg>UZ</arg>
<arg>VA</arg>
<arg>VC</arg>
<arg>VE</arg>
<arg>VG</arg>
<arg>VI</arg>
<arg>VN</arg>
<arg>VU</arg>
<arg>WF</arg>
<arg>WS</arg>
<arg>XK</arg>
<arg>YE</arg>
<arg>YT</arg>
<arg>ZA</arg>
<arg>ZM</arg>
<arg>ZW</arg>
<doc>Returns a list containing given items.</doc>
<status status="PASS" start="2024-05-16T06:16:38.379790" elapsed="0.000652"/>
</kw>
<kw name="List Should Contain Value" owner="Collections">
<msg time="2024-05-16T06:16:38.381440" level="INFO">False</msg>
<arg>${list_country}</arg>
<arg>${name_country}</arg>
<doc>Fails if the ``value`` is not found from ``list``.</doc>
<status status="PASS" start="2024-05-16T06:16:38.381234" elapsed="0.000243"/>
</kw>
<kw name="Run Keyword If" owner="BuiltIn">
<kw name="Should Be True" owner="BuiltIn">
<arg>${True}</arg>
<doc>Fails if the given condition is not true.</doc>
<status status="PASS" start="2024-05-16T06:16:38.382552" elapsed="0.000269"/>
</kw>
<arg>${json_data["results"][0]["location"]["coordinates"]["latitude"]} &gt;= -90 and ${json_data["results"][0]["location"]["coordinates"]["latitude"]} &lt;= 90</arg>
<arg>Should Be True</arg>
<arg>${True}</arg>
<doc>Runs the given keyword with the given arguments, if ``condition`` is true.</doc>
<status status="PASS" start="2024-05-16T06:16:38.381792" elapsed="0.001164"/>
</kw>
<kw name="Run Keyword If" owner="BuiltIn">
<kw name="Should Be True" owner="BuiltIn">
<arg>${True}</arg>
<doc>Fails if the given condition is not true.</doc>
<status status="PASS" start="2024-05-16T06:16:38.383867" elapsed="0.000141"/>
</kw>
<arg>${json_data["results"][0]["location"]["coordinates"]["longitude"]} &gt;= -180 and ${json_data["results"][0]["location"]["coordinates"]["longitude"]} &lt;= 180</arg>
<arg>Should Be True</arg>
<arg>${True}</arg>
<doc>Runs the given keyword with the given arguments, if ``condition`` is true.</doc>
<status status="PASS" start="2024-05-16T06:16:38.383147" elapsed="0.000987"/>
</kw>
<status status="PASS" start="2024-05-16T06:16:38.276804" elapsed="0.107462"/>
</kw>
<doc>Testa o conteúdo específico dos campos retornados pela API.</doc>
<tag>testeConteudo</tag>
<status status="PASS" start="2024-05-16T06:16:38.276292" elapsed="0.108176"/>
</test>
<status status="PASS" start="2024-05-16T06:16:37.552020" elapsed="0.834423"/>
</suite>
<status status="PASS" start="2024-05-16T06:16:37.538494" elapsed="0.853117"/>
</suite>
<statistics>
<total>
<stat pass="5" fail="0" skip="0">All Tests</stat>
</total>
<tag>
<stat pass="1" fail="0" skip="0">testeConteudo</stat>
<stat pass="1" fail="0" skip="0">testeEstruturaResposta</stat>
<stat pass="1" fail="0" skip="0">testeRequisicaoBasica</stat>
<stat pass="1" fail="0" skip="0">testeTiposDados</stat>
</tag>
<suite>
<stat pass="5" fail="0" skip="0" id="s1" name="Tests">Tests</stat>
<stat pass="5" fail="0" skip="0" id="s1-s1" name="Random-User-Test">Tests.Random-User-Test</stat>
</suite>
</statistics>
<errors>
</errors>
</robot>
