<?xml version="1.0" encoding="UTF-8"?>
<robot generator="Robot 7.0.1 (Python 3.12.4 on linux)" generated="2024-06-20T19:12:27.082151" rpa="false" schemaversion="5">
<suite id="s1" name="Tests" source="/home/runner/work/ApiRandomUser/ApiRandomUser/RamdonUser/tests">
<suite id="s1-s1" name="Random-User-Test" source="/home/runner/work/ApiRandomUser/ApiRandomUser/RamdonUser/tests/random-user-test.robot">
<test id="s1-s1-t1" name="Conectar" line="13">
<kw name="Conectar API" owner="random-user-service">
<kw name="Create Session" owner="RequestsLibrary">
<msg time="2024-06-20T19:12:27.508196" level="INFO">Creating Session using : alias=consultarAPI, url=https://randomuser.me/, headers={},                     cookies={}, auth=None, timeout=None, proxies=None, verify=False,                     debug=0 </msg>
<arg>consultarAPI</arg>
<arg>${URL}</arg>
<doc>Create Session: create a HTTP session to a server</doc>
<status status="PASS" start="2024-06-20T19:12:27.507993" elapsed="0.000363"/>
</kw>
<status status="PASS" start="2024-06-20T19:12:27.507022" elapsed="0.001674"/>
</kw>
<status status="PASS" start="2024-06-20T19:12:27.506515" elapsed="0.002368"/>
</test>
<test id="s1-s1-t2" name="Validar retorno 200 e JSON Válido" line="16">
<kw name="Teste de Requisicao Basica" owner="random-user-service">
<kw name="GET On Session" owner="RequestsLibrary">
<msg time="2024-06-20T19:12:27.773285" level="INFO">GET Request : url=https://randomuser.me/api 
 path_url=/api 
 headers={'User-Agent': 'python-requests/2.32.3', 'Accept-Encoding': 'gzip, deflate', 'Accept': '*/*', 'Connection': 'keep-alive'} 
 body=None 
 </msg>
<msg time="2024-06-20T19:12:27.773413" level="INFO">GET Response : url=https://randomuser.me/api 
 status=200, reason=OK 
 headers={'Date': 'Thu, 20 Jun 2024 19:12:27 GMT', 'Content-Type': 'application/json; charset=utf-8', 'Transfer-Encoding': 'chunked', 'Connection': 'keep-alive', 'X-Powered-By': 'Express', 'Access-Control-Allow-Origin': '*', 'Cache-Control': 'no-cache', 'ETag': 'W/"48c-k46y0xPTDb/gj/YhIguXCc8TsUk"', 'Vary': 'Accept-Encoding', 'Content-Encoding': 'gzip', 'CF-Cache-Status': 'DYNAMIC', 'Report-To': '{"endpoints":[{"url":"https:\\/\\/a.nel.cloudflare.com\\/report\\/v4?s=zqQvsPZ8ichLTJNz3OTm%2BVQ%2FUO8jgYeTt9OXLn%2BDBgQxbkjsb%2FSvQIAmTPR1e6%2F8k7X7YEavbS6kaslUpPFnb3wFnijpie3N%2BGoz0oEteB%2FwKpWKluQV0hW26ai6COA5"}],"group":"cf-nel","max_age":604800}', 'NEL': '{"success_fraction":0,"report_to":"cf-nel","max_age":604800}', 'Server': 'cloudflare', 'CF-RAY': '896e120d088a15d4-SJC', 'alt-svc': 'h3=":443"; ma=86400'} 
 body={"results":[{"gender":"male","name":{"title":"Mr","first":"Ryder","last":"Chu"},"location":{"street":{"number":5519,"name":"Concession Road 6"},"city":"Inwood","state":"Manitoba","country":"Canada","postcode":"B8Q 2W0","coordinates":{"latitude":"-64.8186","longitude":"-73.6707"},"timezone":{"offset":"-6:00","description":"Central Time (US &amp; Canada), Mexico City"}},"email":"ryder.chu@example.com","login":{"uuid":"d338573a-711c-4390-b5a9-03ce1c6db3e3","username":"purplemeercat125","password":"edge","salt":"BfeXoKaE","md5":"d8a634126ede4914455ab01dde1a1c40","sha1":"4fa83770b62ef2b73f3a31855201ed2fd11431b1","sha256":"b8ce2a60a587c6f4e5b70e71270416d2ce96bd02f3a43b406855b2494b5c603a"},"dob":{"date":"1957-01-09T17:50:41.856Z","age":67},"registered":{"date":"2017-11-08T19:04:48.235Z","age":6},"phone":"C84 V72-8272","cell":"K53 Y86-9487","id":{"name":"SIN","value":"621574490"},"picture":{"large":"https://randomuser.me/api/portraits/men/87.jpg","medium":"https://randomuser.me/api/portraits/med/men/87.jpg","thumbnail":"https://randomuser.me/api/portraits/thumb/men/87.jpg"},"nat":"CA"}],"info":{"seed":"0fbf7d1e1468db9a","results":1,"page":1,"version":"1.4"}} 
 </msg>
<msg time="2024-06-20T19:12:27.773500" level="INFO">/opt/hostedtoolcache/Python/3.12.4/x64/lib/python3.12/site-packages/urllib3/connectionpool.py:1099: InsecureRequestWarning: Unverified HTTPS request is being made to host 'randomuser.me'. Adding certificate verification is strongly advised. See: https://urllib3.readthedocs.io/en/latest/advanced-usage.html#tls-warnings
  warnings.warn(</msg>
<msg time="2024-06-20T19:12:27.773654" level="INFO">${response} = &lt;Response [200]&gt;</msg>
<var>${response}</var>
<arg>consultarAPI</arg>
<arg>/api</arg>
<doc>Sends a GET request on a previously created HTTP Session.</doc>
<status status="PASS" start="2024-06-20T19:12:27.511395" elapsed="0.262313"/>
</kw>
<kw name="Should Be Equal As Numbers" owner="BuiltIn">
<msg time="2024-06-20T19:12:27.774582" level="INFO">Argument types are:
&lt;class 'int'&gt;
&lt;class 'str'&gt;</msg>
<arg>${response.status_code}</arg>
<arg>200</arg>
<doc>Fails if objects are unequal after converting them to real numbers.</doc>
<status status="PASS" start="2024-06-20T19:12:27.774179" elapsed="0.000466"/>
</kw>
<kw name="Log" owner="BuiltIn">
<msg time="2024-06-20T19:12:27.775292" level="INFO">200</msg>
<arg>${response.status_code}</arg>
<doc>Logs the given message with the given level.</doc>
<status status="PASS" start="2024-06-20T19:12:27.774951" elapsed="0.000381"/>
</kw>
<kw name="Set Variable" owner="BuiltIn">
<msg time="2024-06-20T19:12:27.776093" level="INFO">${json_data} = {'results': [{'gender': 'male', 'name': {'title': 'Mr', 'first': 'Ryder', 'last': 'Chu'}, 'location': {'street': {'number': 5519, 'name': 'Concession Road 6'}, 'city': 'Inwood', 'state': 'Manitoba', '...</msg>
<var>${json_data}</var>
<arg>${response.json()}</arg>
<doc>Returns the given values which can then be assigned to a variables.</doc>
<status status="PASS" start="2024-06-20T19:12:27.775663" elapsed="0.000458"/>
</kw>
<kw name="Dictionary Should Contain Key" owner="Collections">
<arg>${json_data}</arg>
<arg>results</arg>
<doc>Fails if ``key`` is not found from ``dictionary``.</doc>
<status status="PASS" start="2024-06-20T19:12:27.776412" elapsed="0.000171"/>
</kw>
<status status="PASS" start="2024-06-20T19:12:27.511155" elapsed="0.265569"/>
</kw>
<doc>Testa se a API responde corretamente e retorna um objeto JSON válido.</doc>
<tag>testeRequisicaoBasica</tag>
<status status="PASS" start="2024-06-20T19:12:27.510716" elapsed="0.266163"/>
</test>
<test id="s1-s1-t3" name="Validar estrutura de resposta" line="22">
<kw name="Teste de Estrutura de Resposta" owner="random-user-service">
<kw name="GET On Session" owner="RequestsLibrary">
<msg time="2024-06-20T19:12:27.888314" level="INFO">GET Request : url=https://randomuser.me/api 
 path_url=/api 
 headers={'User-Agent': 'python-requests/2.32.3', 'Accept-Encoding': 'gzip, deflate', 'Accept': '*/*', 'Connection': 'keep-alive'} 
 body=None 
 </msg>
<msg time="2024-06-20T19:12:27.888392" level="INFO">GET Response : url=https://randomuser.me/api 
 status=200, reason=OK 
 headers={'Date': 'Thu, 20 Jun 2024 19:12:27 GMT', 'Content-Type': 'application/json; charset=utf-8', 'Transfer-Encoding': 'chunked', 'Connection': 'keep-alive', 'X-Powered-By': 'Express', 'Access-Control-Allow-Origin': '*', 'Cache-Control': 'no-cache', 'ETag': 'W/"49d-CyurjkbMpv5nzkuB9p7nxYw5j/s"', 'Vary': 'Accept-Encoding', 'Content-Encoding': 'gzip', 'CF-Cache-Status': 'DYNAMIC', 'Report-To': '{"endpoints":[{"url":"https:\\/\\/a.nel.cloudflare.com\\/report\\/v4?s=1sjsss3X67eKGjHZY5q21xLGajDH6zzUjY5zVHDznpMY6ImO7yA%2Bmx1wIqJhK8Q0Z%2BrKToiDelgHAeAMkv58WhCn%2FfuB6uG4c3fFo53wL91v6BeqhoDx%2F9bx64X3DojS"}],"group":"cf-nel","max_age":604800}', 'NEL': '{"success_fraction":0,"report_to":"cf-nel","max_age":604800}', 'Server': 'cloudflare', 'CF-RAY': '896e120da8e115d4-SJC', 'alt-svc': 'h3=":443"; ma=86400'} 
 body={"results":[{"gender":"male","name":{"title":"Mr","first":"Carsten","last":"Göller"},"location":{"street":{"number":1376,"name":"Feldstraße"},"city":"Remagen","state":"Niedersachsen","country":"Germany","postcode":22739,"coordinates":{"latitude":"-51.8016","longitude":"-44.7264"},"timezone":{"offset":"+5:00","description":"Ekaterinburg, Islamabad, Karachi, Tashkent"}},"email":"carsten.goller@example.com","login":{"uuid":"24a24b82-bb43-4dc1-8ecd-80aab7e51544","username":"silverswan554","password":"tarzan","salt":"SRroYYhb","md5":"d17beb9403bc529d6482556ca9e9e87d","sha1":"c647281d2ad73eef2b001cdb96219feadc43c13e","sha256":"d957b0c97b7c807e91af2709243e1ab66d7074e9c02c95795cbd986d11d256a5"},"dob":{"date":"1945-05-05T16:10:43.989Z","age":79},"registered":{"date":"2015-09-30T22:17:03.730Z","age":8},"phone":"0748-3033308","cell":"0175-9854121","id":{"name":"SVNR","value":"15 050545 G 487"},"picture":{"large":"https://randomuser.me/api/portraits/men/66.jpg","medium":"https://randomuser.me/api/portraits/med/men/66.jpg","thumbnail":"https://randomuser.me/api/portraits/thumb/men/66.jpg"},"nat":"DE"}],"info":{"seed":"b86753807ea6d4df","results":1,"page":1,"version":"1.4"}} 
 </msg>
<msg time="2024-06-20T19:12:27.888506" level="INFO">/opt/hostedtoolcache/Python/3.12.4/x64/lib/python3.12/site-packages/urllib3/connectionpool.py:1099: InsecureRequestWarning: Unverified HTTPS request is being made to host 'randomuser.me'. Adding certificate verification is strongly advised. See: https://urllib3.readthedocs.io/en/latest/advanced-usage.html#tls-warnings
  warnings.warn(</msg>
<msg time="2024-06-20T19:12:27.888643" level="INFO">${response} = &lt;Response [200]&gt;</msg>
<var>${response}</var>
<arg>consultarAPI</arg>
<arg>/api</arg>
<doc>Sends a GET request on a previously created HTTP Session.</doc>
<status status="PASS" start="2024-06-20T19:12:27.779415" elapsed="0.109281"/>
</kw>
<kw name="Set Variable" owner="BuiltIn">
<msg time="2024-06-20T19:12:27.889600" level="INFO">${json_data} = {'results': [{'gender': 'male', 'name': {'title': 'Mr', 'first': 'Carsten', 'last': 'Göller'}, 'location': {'street': {'number': 1376, 'name': 'Feldstraße'}, 'city': 'Remagen', 'state': 'Niedersachsen...</msg>
<var>${json_data}</var>
<arg>${response.json()}</arg>
<doc>Returns the given values which can then be assigned to a variables.</doc>
<status status="PASS" start="2024-06-20T19:12:27.889127" elapsed="0.000503"/>
</kw>
<kw name="Log" owner="BuiltIn">
<msg time="2024-06-20T19:12:27.890095" level="INFO">{'results': [{'gender': 'male', 'name': {'title': 'Mr', 'first': 'Carsten', 'last': 'Göller'}, 'location': {'street': {'number': 1376, 'name': 'Feldstraße'}, 'city': 'Remagen', 'state': 'Niedersachsen', 'country': 'Germany', 'postcode': 22739, 'coordinates': {'latitude': '-51.8016', 'longitude': '-44.7264'}, 'timezone': {'offset': '+5:00', 'description': 'Ekaterinburg, Islamabad, Karachi, Tashkent'}}, 'email': 'carsten.goller@example.com', 'login': {'uuid': '24a24b82-bb43-4dc1-8ecd-80aab7e51544', 'username': 'silverswan554', 'password': 'tarzan', 'salt': 'SRroYYhb', 'md5': 'd17beb9403bc529d6482556ca9e9e87d', 'sha1': 'c647281d2ad73eef2b001cdb96219feadc43c13e', 'sha256': 'd957b0c97b7c807e91af2709243e1ab66d7074e9c02c95795cbd986d11d256a5'}, 'dob': {'date': '1945-05-05T16:10:43.989Z', 'age': 79}, 'registered': {'date': '2015-09-30T22:17:03.730Z', 'age': 8}, 'phone': '0748-3033308', 'cell': '0175-9854121', 'id': {'name': 'SVNR', 'value': '15 050545 G 487'}, 'picture': {'large': 'https://randomuser.me/api/portraits/men/66.jpg', 'medium': 'https://randomuser.me/api/portraits/med/men/66.jpg', 'thumbnail': 'https://randomuser.me/api/portraits/thumb/men/66.jpg'}, 'nat': 'DE'}], 'info': {'seed': 'b86753807ea6d4df', 'results': 1, 'page': 1, 'version': '1.4'}}</msg>
<arg>${json_data}</arg>
<doc>Logs the given message with the given level.</doc>
<status status="PASS" start="2024-06-20T19:12:27.889932" elapsed="0.000222"/>
</kw>
<kw name="Dictionary Should Contain Key" owner="Collections">
<arg>${json_data}</arg>
<arg>results</arg>
<doc>Fails if ``key`` is not found from ``dictionary``.</doc>
<status status="PASS" start="2024-06-20T19:12:27.890442" elapsed="0.000155"/>
</kw>
<kw name="Should Not Be Empty" owner="BuiltIn">
<msg time="2024-06-20T19:12:27.890897" level="INFO">Length is 2.</msg>
<arg>${json_data}</arg>
<doc>Verifies that the given item is not empty.</doc>
<status status="PASS" start="2024-06-20T19:12:27.890775" elapsed="0.000164"/>
</kw>
<kw name="Create List" owner="BuiltIn">
<msg time="2024-06-20T19:12:27.891366" level="INFO">${expected_keys} = ['gender', 'name', 'location', 'email', 'login']</msg>
<var>${expected_keys}</var>
<arg>gender</arg>
<arg>name</arg>
<arg>location</arg>
<arg>email</arg>
<arg>login</arg>
<doc>Returns a list containing given items.</doc>
<status status="PASS" start="2024-06-20T19:12:27.891223" elapsed="0.000166"/>
</kw>
<for flavor="IN">
<iter>
<kw name="Dictionary Should Contain Key" owner="Collections">
<arg>${json_data['results'][0]}</arg>
<arg>${key}</arg>
<doc>Fails if ``key`` is not found from ``dictionary``.</doc>
<status status="PASS" start="2024-06-20T19:12:27.892122" elapsed="0.000400"/>
</kw>
<kw name="Log" owner="BuiltIn">
<msg time="2024-06-20T19:12:27.893062" level="INFO">{'gender': 'male', 'name': {'title': 'Mr', 'first': 'Carsten', 'last': 'Göller'}, 'location': {'street': {'number': 1376, 'name': 'Feldstraße'}, 'city': 'Remagen', 'state': 'Niedersachsen', 'country': 'Germany', 'postcode': 22739, 'coordinates': {'latitude': '-51.8016', 'longitude': '-44.7264'}, 'timezone': {'offset': '+5:00', 'description': 'Ekaterinburg, Islamabad, Karachi, Tashkent'}}, 'email': 'carsten.goller@example.com', 'login': {'uuid': '24a24b82-bb43-4dc1-8ecd-80aab7e51544', 'username': 'silverswan554', 'password': 'tarzan', 'salt': 'SRroYYhb', 'md5': 'd17beb9403bc529d6482556ca9e9e87d', 'sha1': 'c647281d2ad73eef2b001cdb96219feadc43c13e', 'sha256': 'd957b0c97b7c807e91af2709243e1ab66d7074e9c02c95795cbd986d11d256a5'}, 'dob': {'date': '1945-05-05T16:10:43.989Z', 'age': 79}, 'registered': {'date': '2015-09-30T22:17:03.730Z', 'age': 8}, 'phone': '0748-3033308', 'cell': '0175-9854121', 'id': {'name': 'SVNR', 'value': '15 050545 G 487'}, 'picture': {'large': 'https://randomuser.me/api/portraits/men/66.jpg', 'medium': 'https://randomuser.me/api/portraits/med/men/66.jpg', 'thumbnail': 'https://randomuser.me/api/portraits/thumb/men/66.jpg'}, 'nat': 'DE'}</msg>
<arg>${json_data['results'][0]}</arg>
<doc>Logs the given message with the given level.</doc>
<status status="PASS" start="2024-06-20T19:12:27.892706" elapsed="0.000415"/>
</kw>
<kw name="Log" owner="BuiltIn">
<msg time="2024-06-20T19:12:27.893543" level="INFO">gender</msg>
<arg>${key}</arg>
<doc>Logs the given message with the given level.</doc>
<status status="PASS" start="2024-06-20T19:12:27.893416" elapsed="0.000164"/>
</kw>
<var name="${key}">gender</var>
<status status="PASS" start="2024-06-20T19:12:27.891995" elapsed="0.001798"/>
</iter>
<iter>
<kw name="Dictionary Should Contain Key" owner="Collections">
<arg>${json_data['results'][0]}</arg>
<arg>${key}</arg>
<doc>Fails if ``key`` is not found from ``dictionary``.</doc>
<status status="PASS" start="2024-06-20T19:12:27.894080" elapsed="0.000373"/>
</kw>
<kw name="Log" owner="BuiltIn">
<msg time="2024-06-20T19:12:27.895024" level="INFO">{'gender': 'male', 'name': {'title': 'Mr', 'first': 'Carsten', 'last': 'Göller'}, 'location': {'street': {'number': 1376, 'name': 'Feldstraße'}, 'city': 'Remagen', 'state': 'Niedersachsen', 'country': 'Germany', 'postcode': 22739, 'coordinates': {'latitude': '-51.8016', 'longitude': '-44.7264'}, 'timezone': {'offset': '+5:00', 'description': 'Ekaterinburg, Islamabad, Karachi, Tashkent'}}, 'email': 'carsten.goller@example.com', 'login': {'uuid': '24a24b82-bb43-4dc1-8ecd-80aab7e51544', 'username': 'silverswan554', 'password': 'tarzan', 'salt': 'SRroYYhb', 'md5': 'd17beb9403bc529d6482556ca9e9e87d', 'sha1': 'c647281d2ad73eef2b001cdb96219feadc43c13e', 'sha256': 'd957b0c97b7c807e91af2709243e1ab66d7074e9c02c95795cbd986d11d256a5'}, 'dob': {'date': '1945-05-05T16:10:43.989Z', 'age': 79}, 'registered': {'date': '2015-09-30T22:17:03.730Z', 'age': 8}, 'phone': '0748-3033308', 'cell': '0175-9854121', 'id': {'name': 'SVNR', 'value': '15 050545 G 487'}, 'picture': {'large': 'https://randomuser.me/api/portraits/men/66.jpg', 'medium': 'https://randomuser.me/api/portraits/med/men/66.jpg', 'thumbnail': 'https://randomuser.me/api/portraits/thumb/men/66.jpg'}, 'nat': 'DE'}</msg>
<arg>${json_data['results'][0]}</arg>
<doc>Logs the given message with the given level.</doc>
<status status="PASS" start="2024-06-20T19:12:27.894635" elapsed="0.000438"/>
</kw>
<kw name="Log" owner="BuiltIn">
<msg time="2024-06-20T19:12:27.895491" level="INFO">name</msg>
<arg>${key}</arg>
<doc>Logs the given message with the given level.</doc>
<status status="PASS" start="2024-06-20T19:12:27.895365" elapsed="0.000162"/>
</kw>
<var name="${key}">name</var>
<status status="PASS" start="2024-06-20T19:12:27.893971" elapsed="0.001811"/>
</iter>
<iter>
<kw name="Dictionary Should Contain Key" owner="Collections">
<arg>${json_data['results'][0]}</arg>
<arg>${key}</arg>
<doc>Fails if ``key`` is not found from ``dictionary``.</doc>
<status status="PASS" start="2024-06-20T19:12:27.896064" elapsed="0.000384"/>
</kw>
<kw name="Log" owner="BuiltIn">
<msg time="2024-06-20T19:12:27.896979" level="INFO">{'gender': 'male', 'name': {'title': 'Mr', 'first': 'Carsten', 'last': 'Göller'}, 'location': {'street': {'number': 1376, 'name': 'Feldstraße'}, 'city': 'Remagen', 'state': 'Niedersachsen', 'country': 'Germany', 'postcode': 22739, 'coordinates': {'latitude': '-51.8016', 'longitude': '-44.7264'}, 'timezone': {'offset': '+5:00', 'description': 'Ekaterinburg, Islamabad, Karachi, Tashkent'}}, 'email': 'carsten.goller@example.com', 'login': {'uuid': '24a24b82-bb43-4dc1-8ecd-80aab7e51544', 'username': 'silverswan554', 'password': 'tarzan', 'salt': 'SRroYYhb', 'md5': 'd17beb9403bc529d6482556ca9e9e87d', 'sha1': 'c647281d2ad73eef2b001cdb96219feadc43c13e', 'sha256': 'd957b0c97b7c807e91af2709243e1ab66d7074e9c02c95795cbd986d11d256a5'}, 'dob': {'date': '1945-05-05T16:10:43.989Z', 'age': 79}, 'registered': {'date': '2015-09-30T22:17:03.730Z', 'age': 8}, 'phone': '0748-3033308', 'cell': '0175-9854121', 'id': {'name': 'SVNR', 'value': '15 050545 G 487'}, 'picture': {'large': 'https://randomuser.me/api/portraits/men/66.jpg', 'medium': 'https://randomuser.me/api/portraits/med/men/66.jpg', 'thumbnail': 'https://randomuser.me/api/portraits/thumb/men/66.jpg'}, 'nat': 'DE'}</msg>
<arg>${json_data['results'][0]}</arg>
<doc>Logs the given message with the given level.</doc>
<status status="PASS" start="2024-06-20T19:12:27.896627" elapsed="0.000401"/>
</kw>
<kw name="Log" owner="BuiltIn">
<msg time="2024-06-20T19:12:27.897444" level="INFO">location</msg>
<arg>${key}</arg>
<doc>Logs the given message with the given level.</doc>
<status status="PASS" start="2024-06-20T19:12:27.897317" elapsed="0.000164"/>
</kw>
<var name="${key}">location</var>
<status status="PASS" start="2024-06-20T19:12:27.895958" elapsed="0.001735"/>
</iter>
<iter>
<kw name="Dictionary Should Contain Key" owner="Collections">
<arg>${json_data['results'][0]}</arg>
<arg>${key}</arg>
<doc>Fails if ``key`` is not found from ``dictionary``.</doc>
<status status="PASS" start="2024-06-20T19:12:27.897964" elapsed="0.000408"/>
</kw>
<kw name="Log" owner="BuiltIn">
<msg time="2024-06-20T19:12:27.898940" level="INFO">{'gender': 'male', 'name': {'title': 'Mr', 'first': 'Carsten', 'last': 'Göller'}, 'location': {'street': {'number': 1376, 'name': 'Feldstraße'}, 'city': 'Remagen', 'state': 'Niedersachsen', 'country': 'Germany', 'postcode': 22739, 'coordinates': {'latitude': '-51.8016', 'longitude': '-44.7264'}, 'timezone': {'offset': '+5:00', 'description': 'Ekaterinburg, Islamabad, Karachi, Tashkent'}}, 'email': 'carsten.goller@example.com', 'login': {'uuid': '24a24b82-bb43-4dc1-8ecd-80aab7e51544', 'username': 'silverswan554', 'password': 'tarzan', 'salt': 'SRroYYhb', 'md5': 'd17beb9403bc529d6482556ca9e9e87d', 'sha1': 'c647281d2ad73eef2b001cdb96219feadc43c13e', 'sha256': 'd957b0c97b7c807e91af2709243e1ab66d7074e9c02c95795cbd986d11d256a5'}, 'dob': {'date': '1945-05-05T16:10:43.989Z', 'age': 79}, 'registered': {'date': '2015-09-30T22:17:03.730Z', 'age': 8}, 'phone': '0748-3033308', 'cell': '0175-9854121', 'id': {'name': 'SVNR', 'value': '15 050545 G 487'}, 'picture': {'large': 'https://randomuser.me/api/portraits/men/66.jpg', 'medium': 'https://randomuser.me/api/portraits/med/men/66.jpg', 'thumbnail': 'https://randomuser.me/api/portraits/thumb/men/66.jpg'}, 'nat': 'DE'}</msg>
<arg>${json_data['results'][0]}</arg>
<doc>Logs the given message with the given level.</doc>
<status status="PASS" start="2024-06-20T19:12:27.898569" elapsed="0.000421"/>
</kw>
<kw name="Log" owner="BuiltIn">
<msg time="2024-06-20T19:12:27.899431" level="INFO">email</msg>
<arg>${key}</arg>
<doc>Logs the given message with the given level.</doc>
<status status="PASS" start="2024-06-20T19:12:27.899303" elapsed="0.000165"/>
</kw>
<var name="${key}">email</var>
<status status="PASS" start="2024-06-20T19:12:27.897860" elapsed="0.001850"/>
</iter>
<iter>
<kw name="Dictionary Should Contain Key" owner="Collections">
<arg>${json_data['results'][0]}</arg>
<arg>${key}</arg>
<doc>Fails if ``key`` is not found from ``dictionary``.</doc>
<status status="PASS" start="2024-06-20T19:12:27.899990" elapsed="0.000395"/>
</kw>
<kw name="Log" owner="BuiltIn">
<msg time="2024-06-20T19:12:27.900914" level="INFO">{'gender': 'male', 'name': {'title': 'Mr', 'first': 'Carsten', 'last': 'Göller'}, 'location': {'street': {'number': 1376, 'name': 'Feldstraße'}, 'city': 'Remagen', 'state': 'Niedersachsen', 'country': 'Germany', 'postcode': 22739, 'coordinates': {'latitude': '-51.8016', 'longitude': '-44.7264'}, 'timezone': {'offset': '+5:00', 'description': 'Ekaterinburg, Islamabad, Karachi, Tashkent'}}, 'email': 'carsten.goller@example.com', 'login': {'uuid': '24a24b82-bb43-4dc1-8ecd-80aab7e51544', 'username': 'silverswan554', 'password': 'tarzan', 'salt': 'SRroYYhb', 'md5': 'd17beb9403bc529d6482556ca9e9e87d', 'sha1': 'c647281d2ad73eef2b001cdb96219feadc43c13e', 'sha256': 'd957b0c97b7c807e91af2709243e1ab66d7074e9c02c95795cbd986d11d256a5'}, 'dob': {'date': '1945-05-05T16:10:43.989Z', 'age': 79}, 'registered': {'date': '2015-09-30T22:17:03.730Z', 'age': 8}, 'phone': '0748-3033308', 'cell': '0175-9854121', 'id': {'name': 'SVNR', 'value': '15 050545 G 487'}, 'picture': {'large': 'https://randomuser.me/api/portraits/men/66.jpg', 'medium': 'https://randomuser.me/api/portraits/med/men/66.jpg', 'thumbnail': 'https://randomuser.me/api/portraits/thumb/men/66.jpg'}, 'nat': 'DE'}</msg>
<arg>${json_data['results'][0]}</arg>
<doc>Logs the given message with the given level.</doc>
<status status="PASS" start="2024-06-20T19:12:27.900565" elapsed="0.000398"/>
</kw>
<kw name="Log" owner="BuiltIn">
<msg time="2024-06-20T19:12:27.901390" level="INFO">login</msg>
<arg>${key}</arg>
<doc>Logs the given message with the given level.</doc>
<status status="PASS" start="2024-06-20T19:12:27.901258" elapsed="0.000169"/>
</kw>
<var name="${key}">login</var>
<status status="PASS" start="2024-06-20T19:12:27.899882" elapsed="0.001758"/>
</iter>
<var>${key}</var>
<value>@{expected_keys}</value>
<status status="PASS" start="2024-06-20T19:12:27.891810" elapsed="0.009947"/>
</for>
<kw name="Create List" owner="BuiltIn">
<msg time="2024-06-20T19:12:27.902105" level="INFO">${expected_keysTwo} = ['username', 'password']</msg>
<var>${expected_keysTwo}</var>
<arg>username</arg>
<arg>password</arg>
<doc>Returns a list containing given items.</doc>
<status status="PASS" start="2024-06-20T19:12:27.901969" elapsed="0.000161"/>
</kw>
<for flavor="IN">
<iter>
<kw name="Dictionary Should Contain Key" owner="Collections">
<arg>${json_data['results'][0]['login']}</arg>
<arg>${keyTwo}</arg>
<doc>Fails if ``key`` is not found from ``dictionary``.</doc>
<status status="PASS" start="2024-06-20T19:12:27.902619" elapsed="0.000390"/>
</kw>
<kw name="Dictionary Should Contain Key" owner="Collections">
<arg>${json_data['results'][0]['login']}</arg>
<arg>${keyTwo}</arg>
<doc>Fails if ``key`` is not found from ``dictionary``.</doc>
<status status="PASS" start="2024-06-20T19:12:27.903190" elapsed="0.000372"/>
</kw>
<kw name="Log" owner="BuiltIn">
<msg time="2024-06-20T19:12:27.903906" level="INFO">username</msg>
<arg>${keyTwo}</arg>
<doc>Logs the given message with the given level.</doc>
<status status="PASS" start="2024-06-20T19:12:27.903783" elapsed="0.000160"/>
</kw>
<var name="${keyTwo}">username</var>
<status status="PASS" start="2024-06-20T19:12:27.902513" elapsed="0.001646"/>
</iter>
<iter>
<kw name="Dictionary Should Contain Key" owner="Collections">
<arg>${json_data['results'][0]['login']}</arg>
<arg>${keyTwo}</arg>
<doc>Fails if ``key`` is not found from ``dictionary``.</doc>
<status status="PASS" start="2024-06-20T19:12:27.904433" elapsed="0.000397"/>
</kw>
<kw name="Dictionary Should Contain Key" owner="Collections">
<arg>${json_data['results'][0]['login']}</arg>
<arg>${keyTwo}</arg>
<doc>Fails if ``key`` is not found from ``dictionary``.</doc>
<status status="PASS" start="2024-06-20T19:12:27.905011" elapsed="0.000372"/>
</kw>
<kw name="Log" owner="BuiltIn">
<msg time="2024-06-20T19:12:27.905675" level="INFO">password</msg>
<arg>${keyTwo}</arg>
<doc>Logs the given message with the given level.</doc>
<status status="PASS" start="2024-06-20T19:12:27.905558" elapsed="0.000152"/>
</kw>
<var name="${keyTwo}">password</var>
<status status="PASS" start="2024-06-20T19:12:27.904328" elapsed="0.001599"/>
</iter>
<var>${keyTwo}</var>
<value>@{expected_keysTwo}</value>
<status status="PASS" start="2024-06-20T19:12:27.902363" elapsed="0.003681"/>
</for>
<status status="PASS" start="2024-06-20T19:12:27.779189" elapsed="0.126991"/>
</kw>
<doc>Testa a estrutura da resposta da API.</doc>
<tag>testeEstruturaResposta</tag>
<status status="PASS" start="2024-06-20T19:12:27.778632" elapsed="0.127691"/>
</test>
<test id="s1-s1-t4" name="Validar tipos de dados" line="28">
<kw name="Teste de Tipos de Dados" owner="random-user-service">
<kw name="GET On Session" owner="RequestsLibrary">
<msg time="2024-06-20T19:12:28.194480" level="INFO">GET Request : url=https://randomuser.me/api 
 path_url=/api 
 headers={'User-Agent': 'python-requests/2.32.3', 'Accept-Encoding': 'gzip, deflate', 'Accept': '*/*', 'Connection': 'keep-alive'} 
 body=None 
 </msg>
<msg time="2024-06-20T19:12:28.194565" level="INFO">GET Response : url=https://randomuser.me/api 
 status=200, reason=OK 
 headers={'Date': 'Thu, 20 Jun 2024 19:12:28 GMT', 'Content-Type': 'application/json; charset=utf-8', 'Transfer-Encoding': 'chunked', 'Connection': 'keep-alive', 'X-Powered-By': 'Express', 'Access-Control-Allow-Origin': '*', 'Cache-Control': 'no-cache', 'ETag': 'W/"4b3-M0w4ye3NmZXhE0pz/hZr0NKxnn8"', 'Vary': 'Accept-Encoding', 'Content-Encoding': 'gzip', 'CF-Cache-Status': 'DYNAMIC', 'Report-To': '{"endpoints":[{"url":"https:\\/\\/a.nel.cloudflare.com\\/report\\/v4?s=hkk05zefwstd2sFU7xw2HNpcKLsVCyX74JPwShKe%2BHZQBxddkxswAroH9dKjnals7YF%2Fqt5G1yavAaMbJIRzFeHMQ9iIkUpSQ0yzw10E%2FVbA9Gf84Xm6vK0pDfRok0em"}],"group":"cf-nel","max_age":604800}', 'NEL': '{"success_fraction":0,"report_to":"cf-nel","max_age":604800}', 'Server': 'cloudflare', 'CF-RAY': '896e120e794c15d4-SJC', 'alt-svc': 'h3=":443"; ma=86400'} 
 body={"results":[{"gender":"female","name":{"title":"Madame","first":"Marie-Thérèse","last":"Laurent"},"location":{"street":{"number":3222,"name":"Rue Principale"},"city":"Les Brenets","state":"Schwyz","country":"Switzerland","postcode":1822,"coordinates":{"latitude":"-63.6556","longitude":"7.3769"},"timezone":{"offset":"+4:00","description":"Abu Dhabi, Muscat, Baku, Tbilisi"}},"email":"marie-therese.laurent@example.com","login":{"uuid":"a7b95f79-e344-492a-8021-08447c12bed8","username":"beautifulbird569","password":"beta","salt":"nqpLhNqa","md5":"697bb01b6052d58ff9f3b98def62d578","sha1":"af51086e97cece4a885ad5f0264acbc10868d593","sha256":"1e8d64185477e8c198ec455c767275bd80e1914a40cb1d720c93c80baad83926"},"dob":{"date":"1961-01-14T21:01:00.762Z","age":63},"registered":{"date":"2007-11-30T09:39:48.912Z","age":16},"phone":"075 788 56 20","cell":"077 749 26 23","id":{"name":"AVS","value":"756.1294.6060.53"},"picture":{"large":"https://randomuser.me/api/portraits/women/43.jpg","medium":"https://randomuser.me/api/portraits/med/women/43.jpg","thumbnail":"https://randomuser.me/api/portraits/thumb/women/43.jpg"},"nat":"CH"}],"info":{"seed":"d969002fc68260a9","results":1,"page":1,"version":"1.4"}} 
 </msg>
<msg time="2024-06-20T19:12:28.194640" level="INFO">/opt/hostedtoolcache/Python/3.12.4/x64/lib/python3.12/site-packages/urllib3/connectionpool.py:1099: InsecureRequestWarning: Unverified HTTPS request is being made to host 'randomuser.me'. Adding certificate verification is strongly advised. See: https://urllib3.readthedocs.io/en/latest/advanced-usage.html#tls-warnings
  warnings.warn(</msg>
<msg time="2024-06-20T19:12:28.194773" level="INFO">${response} = &lt;Response [200]&gt;</msg>
<var>${response}</var>
<arg>consultarAPI</arg>
<arg>/api</arg>
<doc>Sends a GET request on a previously created HTTP Session.</doc>
<status status="PASS" start="2024-06-20T19:12:27.908936" elapsed="0.285876"/>
</kw>
<kw name="Set Variable" owner="BuiltIn">
<msg time="2024-06-20T19:12:28.195616" level="INFO">${json_data} = {'results': [{'gender': 'female', 'name': {'title': 'Madame', 'first': 'Marie-Thérèse', 'last': 'Laurent'}, 'location': {'street': {'number': 3222, 'name': 'Rue Principale'}, 'city': 'Les Brenets', 's...</msg>
<var>${json_data}</var>
<arg>${response.json()}</arg>
<doc>Returns the given values which can then be assigned to a variables.</doc>
<status status="PASS" start="2024-06-20T19:12:28.195177" elapsed="0.000503"/>
</kw>
<kw name="Log" owner="BuiltIn">
<msg time="2024-06-20T19:12:28.196145" level="INFO">{'results': [{'gender': 'female', 'name': {'title': 'Madame', 'first': 'Marie-Thérèse', 'last': 'Laurent'}, 'location': {'street': {'number': 3222, 'name': 'Rue Principale'}, 'city': 'Les Brenets', 'state': 'Schwyz', 'country': 'Switzerland', 'postcode': 1822, 'coordinates': {'latitude': '-63.6556', 'longitude': '7.3769'}, 'timezone': {'offset': '+4:00', 'description': 'Abu Dhabi, Muscat, Baku, Tbilisi'}}, 'email': 'marie-therese.laurent@example.com', 'login': {'uuid': 'a7b95f79-e344-492a-8021-08447c12bed8', 'username': 'beautifulbird569', 'password': 'beta', 'salt': 'nqpLhNqa', 'md5': '697bb01b6052d58ff9f3b98def62d578', 'sha1': 'af51086e97cece4a885ad5f0264acbc10868d593', 'sha256': '1e8d64185477e8c198ec455c767275bd80e1914a40cb1d720c93c80baad83926'}, 'dob': {'date': '1961-01-14T21:01:00.762Z', 'age': 63}, 'registered': {'date': '2007-11-30T09:39:48.912Z', 'age': 16}, 'phone': '075 788 56 20', 'cell': '077 749 26 23', 'id': {'name': 'AVS', 'value': '756.1294.6060.53'}, 'picture': {'large': 'https://randomuser.me/api/portraits/women/43.jpg', 'medium': 'https://randomuser.me/api/portraits/med/women/43.jpg', 'thumbnail': 'https://randomuser.me/api/portraits/thumb/women/43.jpg'}, 'nat': 'CH'}], 'info': {'seed': 'd969002fc68260a9', 'results': 1, 'page': 1, 'version': '1.4'}}</msg>
<arg>${json_data}</arg>
<doc>Logs the given message with the given level.</doc>
<status status="PASS" start="2024-06-20T19:12:28.195994" elapsed="0.000199"/>
</kw>
<kw name="Should Be String" owner="String">
<arg>${json_data['results'][0]['gender']}</arg>
<doc>Fails if the given ``item`` is not a string.</doc>
<status status="PASS" start="2024-06-20T19:12:28.196478" elapsed="0.000358"/>
</kw>
<kw name="Should Match Regexp" owner="BuiltIn">
<arg>${json_data['results'][0]['email']}</arg>
<arg>^[a-zA-Z0-9._%+-]+@[a-zA-Z0-9.-]+\.[a-zA-Z]{2,}$</arg>
<doc>Fails if ``string`` does not match ``pattern`` as a regular expression.</doc>
<status status="PASS" start="2024-06-20T19:12:28.197052" elapsed="0.000499"/>
</kw>
<kw name="Should Match Regexp" owner="BuiltIn">
<arg>${json_data['results'][0]['dob']['date']}</arg>
<arg>\\d{4}-\\d{2}-\\d{2}T\\d{2}:\\d{2}:\\d{2}\\.\\d{3}Z</arg>
<doc>Fails if ``string`` does not match ``pattern`` as a regular expression.</doc>
<status status="PASS" start="2024-06-20T19:12:28.197739" elapsed="0.000483"/>
</kw>
<kw name="Should Match Regexp" owner="BuiltIn">
<arg>${json_data['results'][0]['registered']['date']}</arg>
<arg>\\d{4}-\\d{2}-\\d{2}T\\d{2}:\\d{2}:\\d{2}\\.\\d{3}Z</arg>
<doc>Fails if ``string`` does not match ``pattern`` as a regular expression.</doc>
<status status="PASS" start="2024-06-20T19:12:28.198412" elapsed="0.000360"/>
</kw>
<kw name="Should Match Regexp" owner="BuiltIn">
<arg>${json_data['results'][0]['picture']['large']}</arg>
<arg>^https?://.*\.(?:png|jpe?g|gif|bmp)$</arg>
<doc>Fails if ``string`` does not match ``pattern`` as a regular expression.</doc>
<status status="PASS" start="2024-06-20T19:12:28.198968" elapsed="0.000460"/>
</kw>
<kw name="Should Match Regexp" owner="BuiltIn">
<arg>${json_data['results'][0]['picture']['medium']}</arg>
<arg>^https?://.*\.(?:png|jpe?g|gif|bmp)$</arg>
<doc>Fails if ``string`` does not match ``pattern`` as a regular expression.</doc>
<status status="PASS" start="2024-06-20T19:12:28.199612" elapsed="0.000376"/>
</kw>
<kw name="Should Match Regexp" owner="BuiltIn">
<arg>${json_data['results'][0]['picture']['thumbnail']}</arg>
<arg>^https?://.*\.(?:png|jpe?g|gif|bmp)$</arg>
<doc>Fails if ``string`` does not match ``pattern`` as a regular expression.</doc>
<status status="PASS" start="2024-06-20T19:12:28.200168" elapsed="0.000348"/>
</kw>
<kw name="Log" owner="BuiltIn">
<msg time="2024-06-20T19:12:28.201009" level="INFO">{'large': 'https://randomuser.me/api/portraits/women/43.jpg', 'medium': 'https://randomuser.me/api/portraits/med/women/43.jpg', 'thumbnail': 'https://randomuser.me/api/portraits/thumb/women/43.jpg'}</msg>
<arg>${json_data['results'][0]['picture']}</arg>
<doc>Logs the given message with the given level.</doc>
<status status="PASS" start="2024-06-20T19:12:28.200692" elapsed="0.000360"/>
</kw>
<status status="PASS" start="2024-06-20T19:12:27.908703" elapsed="0.292594"/>
</kw>
<kw name="Teste de Tipos de Dados - Postcode" owner="random-user-service">
<kw name="GET On Session" owner="RequestsLibrary">
<msg time="2024-06-20T19:12:28.295311" level="INFO">GET Request : url=https://randomuser.me/api 
 path_url=/api 
 headers={'User-Agent': 'python-requests/2.32.3', 'Accept-Encoding': 'gzip, deflate', 'Accept': '*/*', 'Connection': 'keep-alive'} 
 body=None 
 </msg>
<msg time="2024-06-20T19:12:28.295391" level="INFO">GET Response : url=https://randomuser.me/api 
 status=200, reason=OK 
 headers={'Date': 'Thu, 20 Jun 2024 19:12:28 GMT', 'Content-Type': 'application/json; charset=utf-8', 'Transfer-Encoding': 'chunked', 'Connection': 'keep-alive', 'X-Powered-By': 'Express', 'Access-Control-Allow-Origin': '*', 'Cache-Control': 'no-cache', 'ETag': 'W/"498-wupEnLoi3AIjmhre48Fxg9T9C4E"', 'Vary': 'Accept-Encoding', 'Content-Encoding': 'gzip', 'CF-Cache-Status': 'DYNAMIC', 'Report-To': '{"endpoints":[{"url":"https:\\/\\/a.nel.cloudflare.com\\/report\\/v4?s=rwGN1DkzVyC171hBn0EUO9FEbFkMcHc76mxJBPuLiMXo5zsLeyxZyVmYT90xNqDowfykmAiChraq8YgGQ%2F4yN0kc4z71eumOmeD%2BCXYOv4qJ6%2F9JTuLvOfERPrWOL7cn"}],"group":"cf-nel","max_age":604800}', 'NEL': '{"success_fraction":0,"report_to":"cf-nel","max_age":604800}', 'Server': 'cloudflare', 'CF-RAY': '896e12104a1d15d4-SJC', 'alt-svc': 'h3=":443"; ma=86400'} 
 body={"results":[{"gender":"male","name":{"title":"Monsieur","first":"Naser","last":"Perez"},"location":{"street":{"number":9753,"name":"Rue Docteur-Bonhomme"},"city":"Wildhaus-Alt St. Johann","state":"Schwyz","country":"Switzerland","postcode":5458,"coordinates":{"latitude":"-59.8537","longitude":"-32.2502"},"timezone":{"offset":"+9:30","description":"Adelaide, Darwin"}},"email":"naser.perez@example.com","login":{"uuid":"bcefcfa5-1d4f-406d-b6ad-53cb7eaf89b8","username":"purplesnake410","password":"golf","salt":"gZp7aA1E","md5":"47ba7209c695f834bdc20e498211e0a3","sha1":"f82a97832f334c43b63d021b0ce3dfabb7e21417","sha256":"9c539b2d4d55b3a40753526a6140bceee62bc087d248cfcc32b08564a065203f"},"dob":{"date":"1956-09-27T03:37:15.880Z","age":67},"registered":{"date":"2018-06-16T17:45:30.844Z","age":6},"phone":"079 695 57 55","cell":"078 208 70 13","id":{"name":"AVS","value":"756.0838.5953.38"},"picture":{"large":"https://randomuser.me/api/portraits/men/69.jpg","medium":"https://randomuser.me/api/portraits/med/men/69.jpg","thumbnail":"https://randomuser.me/api/portraits/thumb/men/69.jpg"},"nat":"CH"}],"info":{"seed":"542d706c4593b38e","results":1,"page":1,"version":"1.4"}} 
 </msg>
<msg time="2024-06-20T19:12:28.295463" level="INFO">/opt/hostedtoolcache/Python/3.12.4/x64/lib/python3.12/site-packages/urllib3/connectionpool.py:1099: InsecureRequestWarning: Unverified HTTPS request is being made to host 'randomuser.me'. Adding certificate verification is strongly advised. See: https://urllib3.readthedocs.io/en/latest/advanced-usage.html#tls-warnings
  warnings.warn(</msg>
<msg time="2024-06-20T19:12:28.295573" level="INFO">${response} = &lt;Response [200]&gt;</msg>
<var>${response}</var>
<arg>consultarAPI</arg>
<arg>/api</arg>
<doc>Sends a GET request on a previously created HTTP Session.</doc>
<status status="PASS" start="2024-06-20T19:12:28.201706" elapsed="0.093898"/>
</kw>
<kw name="Set Variable" owner="BuiltIn">
<msg time="2024-06-20T19:12:28.296516" level="INFO">${json_data} = {'results': [{'gender': 'male', 'name': {'title': 'Monsieur', 'first': 'Naser', 'last': 'Perez'}, 'location': {'street': {'number': 9753, 'name': 'Rue Docteur-Bonhomme'}, 'city': 'Wildhaus-Alt St. Joh...</msg>
<var>${json_data}</var>
<arg>${response.json()}</arg>
<doc>Returns the given values which can then be assigned to a variables.</doc>
<status status="PASS" start="2024-06-20T19:12:28.296079" elapsed="0.000466"/>
</kw>
<kw name="Log" owner="BuiltIn">
<msg time="2024-06-20T19:12:28.296989" level="INFO">{'results': [{'gender': 'male', 'name': {'title': 'Monsieur', 'first': 'Naser', 'last': 'Perez'}, 'location': {'street': {'number': 9753, 'name': 'Rue Docteur-Bonhomme'}, 'city': 'Wildhaus-Alt St. Johann', 'state': 'Schwyz', 'country': 'Switzerland', 'postcode': 5458, 'coordinates': {'latitude': '-59.8537', 'longitude': '-32.2502'}, 'timezone': {'offset': '+9:30', 'description': 'Adelaide, Darwin'}}, 'email': 'naser.perez@example.com', 'login': {'uuid': 'bcefcfa5-1d4f-406d-b6ad-53cb7eaf89b8', 'username': 'purplesnake410', 'password': 'golf', 'salt': 'gZp7aA1E', 'md5': '47ba7209c695f834bdc20e498211e0a3', 'sha1': 'f82a97832f334c43b63d021b0ce3dfabb7e21417', 'sha256': '9c539b2d4d55b3a40753526a6140bceee62bc087d248cfcc32b08564a065203f'}, 'dob': {'date': '1956-09-27T03:37:15.880Z', 'age': 67}, 'registered': {'date': '2018-06-16T17:45:30.844Z', 'age': 6}, 'phone': '079 695 57 55', 'cell': '078 208 70 13', 'id': {'name': 'AVS', 'value': '756.0838.5953.38'}, 'picture': {'large': 'https://randomuser.me/api/portraits/men/69.jpg', 'medium': 'https://randomuser.me/api/portraits/med/men/69.jpg', 'thumbnail': 'https://randomuser.me/api/portraits/thumb/men/69.jpg'}, 'nat': 'CH'}], 'info': {'seed': '542d706c4593b38e', 'results': 1, 'page': 1, 'version': '1.4'}}</msg>
<arg>${json_data}</arg>
<doc>Logs the given message with the given level.</doc>
<status status="PASS" start="2024-06-20T19:12:28.296841" elapsed="0.000195"/>
</kw>
<kw name="Should Be Equal As Numbers" owner="BuiltIn">
<arg>${json_data['results'][0]['location']['postcode']}</arg>
<arg>${json_data['results'][0]['location']['postcode']}</arg>
<doc>Fails if objects are unequal after converting them to real numbers.</doc>
<status status="PASS" start="2024-06-20T19:12:28.297320" elapsed="0.000608"/>
</kw>
<kw name="Log" owner="BuiltIn">
<msg time="2024-06-20T19:12:28.298477" level="INFO">5458</msg>
<arg>${json_data['results'][0]['location']['postcode']}</arg>
<doc>Logs the given message with the given level.</doc>
<status status="PASS" start="2024-06-20T19:12:28.298143" elapsed="0.000374"/>
</kw>
<status status="PASS" start="2024-06-20T19:12:28.201498" elapsed="0.097282"/>
</kw>
<doc>Testa se os tipos de dados na resposta da API estão corretos.</doc>
<tag>testeTiposDados</tag>
<status status="PASS" start="2024-06-20T19:12:27.908091" elapsed="0.390842"/>
</test>
<test id="s1-s1-t5" name="Validar conteudo" line="35">
<kw name="Teste de Tipos de Conteudo" owner="random-user-service">
<kw name="GET On Session" owner="RequestsLibrary">
<msg time="2024-06-20T19:12:28.399694" level="INFO">GET Request : url=https://randomuser.me/api 
 path_url=/api 
 headers={'User-Agent': 'python-requests/2.32.3', 'Accept-Encoding': 'gzip, deflate', 'Accept': '*/*', 'Connection': 'keep-alive'} 
 body=None 
 </msg>
<msg time="2024-06-20T19:12:28.399777" level="INFO">GET Response : url=https://randomuser.me/api 
 status=200, reason=OK 
 headers={'Date': 'Thu, 20 Jun 2024 19:12:28 GMT', 'Content-Type': 'application/json; charset=utf-8', 'Transfer-Encoding': 'chunked', 'Connection': 'keep-alive', 'X-Powered-By': 'Express', 'Access-Control-Allow-Origin': '*', 'Cache-Control': 'no-cache', 'ETag': 'W/"4aa-VWBOT/CdwZe9ZWgQsNXoMmTF/bE"', 'Vary': 'Accept-Encoding', 'Content-Encoding': 'gzip', 'CF-Cache-Status': 'DYNAMIC', 'Report-To': '{"endpoints":[{"url":"https:\\/\\/a.nel.cloudflare.com\\/report\\/v4?s=7FGEuLk8zowLGOZEMFMYQEtu8O35BIjak1J39WA1DJ31Fc4U5ducTZVZ01tE8vCmbM75pTavdnnZHDvykEqaFm8PV8uwP2OnVbq%2BU%2B%2Bve6%2FG4Ss2fMNp7IjK%2B1TK9vuT"}],"group":"cf-nel","max_age":604800}', 'NEL': '{"success_fraction":0,"report_to":"cf-nel","max_age":604800}', 'Server': 'cloudflare', 'CF-RAY': '896e1210ea6515d4-SJC', 'alt-svc': 'h3=":443"; ma=86400'} 
 body={"results":[{"gender":"male","name":{"title":"Mr","first":"Louis","last":"White"},"location":{"street":{"number":9343,"name":"Stanley Road"},"city":"Londonderry","state":"South Glamorgan","country":"United Kingdom","postcode":"IN2 8WT","coordinates":{"latitude":"-4.5341","longitude":"-45.9182"},"timezone":{"offset":"0:00","description":"Western Europe Time, London, Lisbon, Casablanca"}},"email":"louis.white@example.com","login":{"uuid":"af7ec8cb-7244-408c-b1b1-5b9354c7b9c1","username":"sadbutterfly395","password":"axio","salt":"CltsbHWl","md5":"7cbb404a2563fc13b9530944474ed107","sha1":"04a7a9ccc5d6b88abbe99a491c6d449a9e0900cd","sha256":"d0512d4a2db5c2fd39a80d63d38a044009d05922519d95a0121eb40ece5ef8f4"},"dob":{"date":"1984-07-09T14:54:25.755Z","age":39},"registered":{"date":"2014-05-08T04:38:05.844Z","age":10},"phone":"015242 03594","cell":"07247 600400","id":{"name":"NINO","value":"KL 36 37 87 B"},"picture":{"large":"https://randomuser.me/api/portraits/men/20.jpg","medium":"https://randomuser.me/api/portraits/med/men/20.jpg","thumbnail":"https://randomuser.me/api/portraits/thumb/men/20.jpg"},"nat":"GB"}],"info":{"seed":"953df7d896269df7","results":1,"page":1,"version":"1.4"}} 
 </msg>
<msg time="2024-06-20T19:12:28.399863" level="INFO">/opt/hostedtoolcache/Python/3.12.4/x64/lib/python3.12/site-packages/urllib3/connectionpool.py:1099: InsecureRequestWarning: Unverified HTTPS request is being made to host 'randomuser.me'. Adding certificate verification is strongly advised. See: https://urllib3.readthedocs.io/en/latest/advanced-usage.html#tls-warnings
  warnings.warn(</msg>
<msg time="2024-06-20T19:12:28.399975" level="INFO">${response} = &lt;Response [200]&gt;</msg>
<var>${response}</var>
<arg>consultarAPI</arg>
<arg>/api</arg>
<doc>Sends a GET request on a previously created HTTP Session.</doc>
<status status="PASS" start="2024-06-20T19:12:28.302358" elapsed="0.097653"/>
</kw>
<kw name="Set Variable" owner="BuiltIn">
<msg time="2024-06-20T19:12:28.400839" level="INFO">${json_data} = {'results': [{'gender': 'male', 'name': {'title': 'Mr', 'first': 'Louis', 'last': 'White'}, 'location': {'street': {'number': 9343, 'name': 'Stanley Road'}, 'city': 'Londonderry', 'state': 'South Glam...</msg>
<var>${json_data}</var>
<arg>${response.json()}</arg>
<doc>Returns the given values which can then be assigned to a variables.</doc>
<status status="PASS" start="2024-06-20T19:12:28.400414" elapsed="0.000454"/>
</kw>
<kw name="Set Variable" owner="BuiltIn">
<msg time="2024-06-20T19:12:28.401532" level="INFO">${name_title} = Mr</msg>
<var>${name_title}</var>
<arg>${json_data["results"][0]["name"]["title"]}</arg>
<doc>Returns the given values which can then be assigned to a variables.</doc>
<status status="PASS" start="2024-06-20T19:12:28.401161" elapsed="0.000396"/>
</kw>
<kw name="Create List" owner="BuiltIn">
<msg time="2024-06-20T19:12:28.401992" level="INFO">${allowed_titles} = ['Mr', 'Ms', 'Miss', 'Mrs', 'Madame', 'Monsieur']</msg>
<var>${allowed_titles}</var>
<arg>Mr</arg>
<arg>Ms</arg>
<arg>Miss</arg>
<arg>Mrs</arg>
<arg>Madame</arg>
<arg>Monsieur</arg>
<doc>Returns a list containing given items.</doc>
<status status="PASS" start="2024-06-20T19:12:28.401847" elapsed="0.000170"/>
</kw>
<kw name="List Should Contain Value" owner="Collections">
<arg>${allowed_titles}</arg>
<arg>${name_title}</arg>
<doc>Fails if the ``value`` is not found from ``list``.</doc>
<status status="PASS" start="2024-06-20T19:12:28.402306" elapsed="0.000170"/>
</kw>
<kw name="Set Variable" owner="BuiltIn">
<msg time="2024-06-20T19:12:28.403007" level="INFO">${name_country} = GB</msg>
<var>${name_country}</var>
<arg>${json_data["results"][0]["nat"]}</arg>
<doc>Returns the given values which can then be assigned to a variables.</doc>
<status status="PASS" start="2024-06-20T19:12:28.402650" elapsed="0.000382"/>
</kw>
<kw name="Create List" owner="BuiltIn">
<msg time="2024-06-20T19:12:28.403939" level="INFO">${list_country} = ['AD', 'AE', 'AF', 'AG', 'AI', 'AL', 'AM', 'AO', 'AQ', 'AR', 'AS', 'AT', 'AU', 'AW', 'AX', 'AZ', 'BA', 'BB', 'BD', 'BE', 'BF', 'BG', 'BH', 'BI', 'BJ', 'BL', 'BM', 'BN', 'BO', 'BQ', 'BR', 'BS', 'BT', '...</msg>
<var>${list_country}</var>
<arg>AD</arg>
<arg>AE</arg>
<arg>AF</arg>
<arg>AG</arg>
<arg>AI</arg>
<arg>AL</arg>
<arg>AM</arg>
<arg>AO</arg>
<arg>AQ</arg>
<arg>AR</arg>
<arg>AS</arg>
<arg>AT</arg>
<arg>AU</arg>
<arg>AW</arg>
<arg>AX</arg>
<arg>AZ</arg>
<arg>BA</arg>
<arg>BB</arg>
<arg>BD</arg>
<arg>BE</arg>
<arg>BF</arg>
<arg>BG</arg>
<arg>BH</arg>
<arg>BI</arg>
<arg>BJ</arg>
<arg>BL</arg>
<arg>BM</arg>
<arg>BN</arg>
<arg>BO</arg>
<arg>BQ</arg>
<arg>BR</arg>
<arg>BS</arg>
<arg>BT</arg>
<arg>BV</arg>
<arg>BW</arg>
<arg>BY</arg>
<arg>BZ</arg>
<arg>CA</arg>
<arg>CC</arg>
<arg>CD</arg>
<arg>CF</arg>
<arg>CG</arg>
<arg>CH</arg>
<arg>CI</arg>
<arg>CK</arg>
<arg>CL</arg>
<arg>CM</arg>
<arg>CN</arg>
<arg>CO</arg>
<arg>CR</arg>
<arg>CU</arg>
<arg>CV</arg>
<arg>CW</arg>
<arg>CX</arg>
<arg>CY</arg>
<arg>CZ</arg>
<arg>DE</arg>
<arg>DJ</arg>
<arg>DK</arg>
<arg>DM</arg>
<arg>DO</arg>
<arg>DZ</arg>
<arg>EC</arg>
<arg>EE</arg>
<arg>EG</arg>
<arg>EH</arg>
<arg>ER</arg>
<arg>ES</arg>
<arg>ET</arg>
<arg>FI</arg>
<arg>FJ</arg>
<arg>FK</arg>
<arg>FM</arg>
<arg>FO</arg>
<arg>FR</arg>
<arg>GA</arg>
<arg>GB</arg>
<arg>GD</arg>
<arg>GE</arg>
<arg>GF</arg>
<arg>GG</arg>
<arg>GH</arg>
<arg>GI</arg>
<arg>GL</arg>
<arg>GM</arg>
<arg>GN</arg>
<arg>GP</arg>
<arg>GQ</arg>
<arg>GR</arg>
<arg>GS</arg>
<arg>GT</arg>
<arg>GU</arg>
<arg>GW</arg>
<arg>GY</arg>
<arg>HK</arg>
<arg>HM</arg>
<arg>HN</arg>
<arg>HR</arg>
<arg>HT</arg>
<arg>HU</arg>
<arg>ID</arg>
<arg>IE</arg>
<arg>IL</arg>
<arg>IM</arg>
<arg>IN</arg>
<arg>IO</arg>
<arg>IQ</arg>
<arg>IR</arg>
<arg>IS</arg>
<arg>IT</arg>
<arg>JE</arg>
<arg>JM</arg>
<arg>JO</arg>
<arg>JP</arg>
<arg>KE</arg>
<arg>KG</arg>
<arg>KH</arg>
<arg>KI</arg>
<arg>KM</arg>
<arg>KN</arg>
<arg>KP</arg>
<arg>KR</arg>
<arg>KW</arg>
<arg>KY</arg>
<arg>KZ</arg>
<arg>LA</arg>
<arg>LB</arg>
<arg>LC</arg>
<arg>LI</arg>
<arg>LK</arg>
<arg>LR</arg>
<arg>LS</arg>
<arg>LT</arg>
<arg>LU</arg>
<arg>LV</arg>
<arg>LY</arg>
<arg>MA</arg>
<arg>MC</arg>
<arg>MD</arg>
<arg>ME</arg>
<arg>MF</arg>
<arg>MG</arg>
<arg>MH</arg>
<arg>MK</arg>
<arg>ML</arg>
<arg>MM</arg>
<arg>MN</arg>
<arg>MO</arg>
<arg>MP</arg>
<arg>MQ</arg>
<arg>MR</arg>
<arg>MS</arg>
<arg>MT</arg>
<arg>MU</arg>
<arg>MV</arg>
<arg>MW</arg>
<arg>MX</arg>
<arg>MY</arg>
<arg>MZ</arg>
<arg>NA</arg>
<arg>NC</arg>
<arg>NE</arg>
<arg>NF</arg>
<arg>NG</arg>
<arg>NI</arg>
<arg>NL</arg>
<arg>NO</arg>
<arg>NP</arg>
<arg>NR</arg>
<arg>NU</arg>
<arg>NZ</arg>
<arg>OM</arg>
<arg>PA</arg>
<arg>PE</arg>
<arg>PF</arg>
<arg>PG</arg>
<arg>PH</arg>
<arg>PK</arg>
<arg>PL</arg>
<arg>PM</arg>
<arg>PN</arg>
<arg>PR</arg>
<arg>PS</arg>
<arg>PT</arg>
<arg>PW</arg>
<arg>PY</arg>
<arg>QA</arg>
<arg>RE</arg>
<arg>RO</arg>
<arg>RS</arg>
<arg>RU</arg>
<arg>RW</arg>
<arg>SA</arg>
<arg>SB</arg>
<arg>SC</arg>
<arg>SD</arg>
<arg>SE</arg>
<arg>SG</arg>
<arg>SH</arg>
<arg>SI</arg>
<arg>SJ</arg>
<arg>SK</arg>
<arg>SL</arg>
<arg>SM</arg>
<arg>SN</arg>
<arg>SO</arg>
<arg>SR</arg>
<arg>SS</arg>
<arg>ST</arg>
<arg>SV</arg>
<arg>SX</arg>
<arg>SY</arg>
<arg>SZ</arg>
<arg>TC</arg>
<arg>TD</arg>
<arg>TF</arg>
<arg>TG</arg>
<arg>TH</arg>
<arg>TJ</arg>
<arg>TK</arg>
<arg>TL</arg>
<arg>TM</arg>
<arg>TN</arg>
<arg>TO</arg>
<arg>TR</arg>
<arg>TT</arg>
<arg>TV</arg>
<arg>TW</arg>
<arg>TZ</arg>
<arg>UA</arg>
<arg>UG</arg>
<arg>UM</arg>
<arg>US</arg>
<arg>UY</arg>
<arg>UZ</arg>
<arg>VA</arg>
<arg>VC</arg>
<arg>VE</arg>
<arg>VG</arg>
<arg>VI</arg>
<arg>VN</arg>
<arg>VU</arg>
<arg>WF</arg>
<arg>WS</arg>
<arg>XK</arg>
<arg>YE</arg>
<arg>YT</arg>
<arg>ZA</arg>
<arg>ZM</arg>
<arg>ZW</arg>
<doc>Returns a list containing given items.</doc>
<status status="PASS" start="2024-06-20T19:12:28.403316" elapsed="0.000648"/>
</kw>
<kw name="List Should Contain Value" owner="Collections">
<arg>${list_country}</arg>
<arg>${name_country}</arg>
<doc>Fails if the ``value`` is not found from ``list``.</doc>
<status status="PASS" start="2024-06-20T19:12:28.404764" elapsed="0.000204"/>
</kw>
<kw name="Run Keyword If" owner="BuiltIn">
<kw name="Should Be True" owner="BuiltIn">
<arg>${True}</arg>
<doc>Fails if the given condition is not true.</doc>
<status status="PASS" start="2024-06-20T19:12:28.405892" elapsed="0.000139"/>
</kw>
<arg>${json_data["results"][0]["location"]["coordinates"]["latitude"]} &gt;= -90 and ${json_data["results"][0]["location"]["coordinates"]["latitude"]} &lt;= 90</arg>
<arg>Should Be True</arg>
<arg>${True}</arg>
<doc>Runs the given keyword with the given arguments, if ``condition`` is true.</doc>
<status status="PASS" start="2024-06-20T19:12:28.405159" elapsed="0.000995"/>
</kw>
<kw name="Run Keyword If" owner="BuiltIn">
<kw name="Should Be True" owner="BuiltIn">
<arg>${True}</arg>
<doc>Fails if the given condition is not true.</doc>
<status status="PASS" start="2024-06-20T19:12:28.407023" elapsed="0.000134"/>
</kw>
<arg>${json_data["results"][0]["location"]["coordinates"]["longitude"]} &gt;= -180 and ${json_data["results"][0]["location"]["coordinates"]["longitude"]} &lt;= 180</arg>
<arg>Should Be True</arg>
<arg>${True}</arg>
<doc>Runs the given keyword with the given arguments, if ``condition`` is true.</doc>
<status status="PASS" start="2024-06-20T19:12:28.406331" elapsed="0.000947"/>
</kw>
<status status="PASS" start="2024-06-20T19:12:28.301809" elapsed="0.105593"/>
</kw>
<doc>Testa o conteúdo específico dos campos retornados pela API.</doc>
<tag>testeConteudo</tag>
<status status="PASS" start="2024-06-20T19:12:28.301160" elapsed="0.106381"/>
</test>
<status status="PASS" start="2024-06-20T19:12:27.149268" elapsed="1.260123"/>
</suite>
<status status="PASS" start="2024-06-20T19:12:27.132400" elapsed="1.282092"/>
</suite>
<statistics>
<total>
<stat pass="5" fail="0" skip="0">All Tests</stat>
</total>
<tag>
<stat pass="1" fail="0" skip="0">testeConteudo</stat>
<stat pass="1" fail="0" skip="0">testeEstruturaResposta</stat>
<stat pass="1" fail="0" skip="0">testeRequisicaoBasica</stat>
<stat pass="1" fail="0" skip="0">testeTiposDados</stat>
</tag>
<suite>
<stat pass="5" fail="0" skip="0" id="s1" name="Tests">Tests</stat>
<stat pass="5" fail="0" skip="0" id="s1-s1" name="Random-User-Test">Tests.Random-User-Test</stat>
</suite>
</statistics>
<errors>
</errors>
</robot>
