<?xml version="1.0" encoding="UTF-8"?>
<robot generator="Robot 7.0.1 (Python 3.12.4 on linux)" generated="2024-06-26T11:13:35.384912" rpa="false" schemaversion="5">
<suite id="s1" name="Tests" source="/home/runner/work/ApiRandomUser/ApiRandomUser/RamdonUser/tests">
<suite id="s1-s1" name="Random-User-Test" source="/home/runner/work/ApiRandomUser/ApiRandomUser/RamdonUser/tests/random-user-test.robot">
<test id="s1-s1-t1" name="Conectar" line="13">
<kw name="Conectar API" owner="random-user-service">
<kw name="Create Session" owner="RequestsLibrary">
<msg time="2024-06-26T11:13:35.775541" level="INFO">Creating Session using : alias=consultarAPI, url=https://randomuser.me/, headers={},                     cookies={}, auth=None, timeout=None, proxies=None, verify=False,                     debug=0 </msg>
<arg>consultarAPI</arg>
<arg>${URL}</arg>
<doc>Create Session: create a HTTP session to a server</doc>
<status status="PASS" start="2024-06-26T11:13:35.775346" elapsed="0.000393"/>
</kw>
<status status="PASS" start="2024-06-26T11:13:35.774400" elapsed="0.001694"/>
</kw>
<status status="PASS" start="2024-06-26T11:13:35.773883" elapsed="0.002405"/>
</test>
<test id="s1-s1-t2" name="Validar retorno 200 e JSON Válido" line="16">
<kw name="Teste de Requisicao Basica" owner="random-user-service">
<kw name="GET On Session" owner="RequestsLibrary">
<msg time="2024-06-26T11:13:35.854180" level="INFO">GET Request : url=https://randomuser.me/api 
 path_url=/api 
 headers={'User-Agent': 'python-requests/2.32.3', 'Accept-Encoding': 'gzip, deflate', 'Accept': '*/*', 'Connection': 'keep-alive'} 
 body=None 
 </msg>
<msg time="2024-06-26T11:13:35.854335" level="INFO">GET Response : url=https://randomuser.me/api 
 status=200, reason=OK 
 headers={'Date': 'Wed, 26 Jun 2024 11:13:35 GMT', 'Content-Type': 'application/json; charset=utf-8', 'Transfer-Encoding': 'chunked', 'Connection': 'keep-alive', 'X-Powered-By': 'Express', 'Access-Control-Allow-Origin': '*', 'Cache-Control': 'no-cache', 'ETag': 'W/"499-n4RvIbNiMiG40MRMkOI6mYXcocg"', 'Vary': 'Accept-Encoding', 'Content-Encoding': 'gzip', 'CF-Cache-Status': 'DYNAMIC', 'Report-To': '{"endpoints":[{"url":"https:\\/\\/a.nel.cloudflare.com\\/report\\/v4?s=w5OCfDHy7prbCPErecDp0W9T5mn9oFLQi9BGzgLqdUDa2jrKy0IyHYgPHrxjZAGQ2jMYLB0QWV%2F5UyhnezMVG3vmLoNC8MsyC6TOf0Gor28uL5RKiJISaWVMu1p7%2BrEM"}],"group":"cf-nel","max_age":604800}', 'NEL': '{"success_fraction":0,"report_to":"cf-nel","max_age":604800}', 'Server': 'cloudflare', 'CF-RAY': '899cc4d6d8617fa6-IAD', 'alt-svc': 'h3=":443"; ma=86400'} 
 body={"results":[{"gender":"female","name":{"title":"Mrs","first":"Ana","last":"Schröter"},"location":{"street":{"number":4329,"name":"Am Sportplatz"},"city":"Schwetzingen","state":"Bremen","country":"Germany","postcode":33779,"coordinates":{"latitude":"-47.2201","longitude":"19.7004"},"timezone":{"offset":"-6:00","description":"Central Time (US &amp; Canada), Mexico City"}},"email":"ana.schroter@example.com","login":{"uuid":"0ca360c4-412e-43a0-bb3b-721e0e72cc1e","username":"sadkoala220","password":"chichi","salt":"ej6nOb9Q","md5":"f0fe81e713ea4d61a75b77221fe5dc02","sha1":"6fc1218b31501d707a2bdb060bf971f4920ee2ba","sha256":"0eda6e0633bc7e30dc8016cd93f7b602915d0cd86b7da557efb0461a8bb1a912"},"dob":{"date":"1950-12-31T05:37:20.465Z","age":73},"registered":{"date":"2021-01-31T14:49:08.823Z","age":3},"phone":"0941-7719999","cell":"0170-4428113","id":{"name":"SVNR","value":"38 301250 S 849"},"picture":{"large":"https://randomuser.me/api/portraits/women/1.jpg","medium":"https://randomuser.me/api/portraits/med/women/1.jpg","thumbnail":"https://randomuser.me/api/portraits/thumb/women/1.jpg"},"nat":"DE"}],"info":{"seed":"c83098462f8848df","results":1,"page":1,"version":"1.4"}} 
 </msg>
<msg time="2024-06-26T11:13:35.854444" level="INFO">/opt/hostedtoolcache/Python/3.12.4/x64/lib/python3.12/site-packages/urllib3/connectionpool.py:1099: InsecureRequestWarning: Unverified HTTPS request is being made to host 'randomuser.me'. Adding certificate verification is strongly advised. See: https://urllib3.readthedocs.io/en/latest/advanced-usage.html#tls-warnings
  warnings.warn(</msg>
<msg time="2024-06-26T11:13:35.854598" level="INFO">${response} = &lt;Response [200]&gt;</msg>
<var>${response}</var>
<arg>consultarAPI</arg>
<arg>/api</arg>
<doc>Sends a GET request on a previously created HTTP Session.</doc>
<status status="PASS" start="2024-06-26T11:13:35.778851" elapsed="0.075787"/>
</kw>
<kw name="Should Be Equal As Numbers" owner="BuiltIn">
<msg time="2024-06-26T11:13:35.855818" level="INFO">Argument types are:
&lt;class 'int'&gt;
&lt;class 'str'&gt;</msg>
<arg>${response.status_code}</arg>
<arg>200</arg>
<doc>Fails if objects are unequal after converting them to real numbers.</doc>
<status status="PASS" start="2024-06-26T11:13:35.855183" elapsed="0.000719"/>
</kw>
<kw name="Log" owner="BuiltIn">
<msg time="2024-06-26T11:13:35.856863" level="INFO">200</msg>
<arg>${response.status_code}</arg>
<doc>Logs the given message with the given level.</doc>
<status status="PASS" start="2024-06-26T11:13:35.856330" elapsed="0.000593"/>
</kw>
<kw name="Set Variable" owner="BuiltIn">
<msg time="2024-06-26T11:13:35.858040" level="INFO">${json_data} = {'results': [{'gender': 'female', 'name': {'title': 'Mrs', 'first': 'Ana', 'last': 'Schröter'}, 'location': {'street': {'number': 4329, 'name': 'Am Sportplatz'}, 'city': 'Schwetzingen', 'state': 'Brem...</msg>
<var>${json_data}</var>
<arg>${response.json()}</arg>
<doc>Returns the given values which can then be assigned to a variables.</doc>
<status status="PASS" start="2024-06-26T11:13:35.857355" elapsed="0.000735"/>
</kw>
<kw name="Dictionary Should Contain Key" owner="Collections">
<arg>${json_data}</arg>
<arg>results</arg>
<doc>Fails if ``key`` is not found from ``dictionary``.</doc>
<status status="PASS" start="2024-06-26T11:13:35.858580" elapsed="0.000268"/>
</kw>
<status status="PASS" start="2024-06-26T11:13:35.778606" elapsed="0.080499"/>
</kw>
<doc>Testa se a API responde corretamente e retorna um objeto JSON válido.</doc>
<tag>testeRequisicaoBasica</tag>
<status status="PASS" start="2024-06-26T11:13:35.778158" elapsed="0.081242"/>
</test>
<test id="s1-s1-t3" name="Validar estrutura de resposta" line="22">
<kw name="Teste de Estrutura de Resposta" owner="random-user-service">
<kw name="GET On Session" owner="RequestsLibrary">
<msg time="2024-06-26T11:13:35.951271" level="INFO">GET Request : url=https://randomuser.me/api 
 path_url=/api 
 headers={'User-Agent': 'python-requests/2.32.3', 'Accept-Encoding': 'gzip, deflate', 'Accept': '*/*', 'Connection': 'keep-alive'} 
 body=None 
 </msg>
<msg time="2024-06-26T11:13:35.951365" level="INFO">GET Response : url=https://randomuser.me/api 
 status=200, reason=OK 
 headers={'Date': 'Wed, 26 Jun 2024 11:13:35 GMT', 'Content-Type': 'application/json; charset=utf-8', 'Transfer-Encoding': 'chunked', 'Connection': 'keep-alive', 'X-Powered-By': 'Express', 'Access-Control-Allow-Origin': '*', 'Cache-Control': 'no-cache', 'ETag': 'W/"4b0-5hqyBZpkPTPLHbzReskm+h3z3kE"', 'Vary': 'Accept-Encoding', 'Content-Encoding': 'gzip', 'CF-Cache-Status': 'DYNAMIC', 'Report-To': '{"endpoints":[{"url":"https:\\/\\/a.nel.cloudflare.com\\/report\\/v4?s=czq97wJHCqfMywXZkeQ2jLTuec7oLAJGR7Hp6WviQU4aK71Fc90Gx2YDept1bGe9d2%2FRu7B4elcg3lTMwVsDsEpmTKei6KFnIRwOhT0B9dTwoQP8avbC4MePqu5TIP3a"}],"group":"cf-nel","max_age":604800}', 'NEL': '{"success_fraction":0,"report_to":"cf-nel","max_age":604800}', 'Server': 'cloudflare', 'CF-RAY': '899cc4d728a37fa6-IAD', 'alt-svc': 'h3=":443"; ma=86400'} 
 body={"results":[{"gender":"female","name":{"title":"Mrs","first":"Eva","last":"Fonseca"},"location":{"street":{"number":7536,"name":"Privada Oquendo"},"city":"La Caridad (Fracción G)","state":"Estado de Mexico","country":"Mexico","postcode":38013,"coordinates":{"latitude":"26.4026","longitude":"141.3859"},"timezone":{"offset":"+4:00","description":"Abu Dhabi, Muscat, Baku, Tbilisi"}},"email":"eva.fonseca@example.com","login":{"uuid":"6559cd65-433f-4b40-9cd4-7eff28ff1bb1","username":"crazyladybug925","password":"sister","salt":"nm7SqaYW","md5":"ce39160ecc0ddc3c8e9985335d455daf","sha1":"b55669579a516e3d6f68e1cdf05a10205241124f","sha256":"b31582e232c8b0387e5df3079077496460ab5403563d77f591f167ad4421f93a"},"dob":{"date":"1999-12-04T17:00:30.195Z","age":24},"registered":{"date":"2022-02-12T13:15:08.181Z","age":2},"phone":"(659) 917 7191","cell":"(623) 836 7242","id":{"name":"NSS","value":"84 41 67 2095 5"},"picture":{"large":"https://randomuser.me/api/portraits/women/16.jpg","medium":"https://randomuser.me/api/portraits/med/women/16.jpg","thumbnail":"https://randomuser.me/api/portraits/thumb/women/16.jpg"},"nat":"MX"}],"info":{"seed":"68c23efd4cacb4f8","results":1,"page":1,"version":"1.4"}} 
 </msg>
<msg time="2024-06-26T11:13:35.951516" level="INFO">/opt/hostedtoolcache/Python/3.12.4/x64/lib/python3.12/site-packages/urllib3/connectionpool.py:1099: InsecureRequestWarning: Unverified HTTPS request is being made to host 'randomuser.me'. Adding certificate verification is strongly advised. See: https://urllib3.readthedocs.io/en/latest/advanced-usage.html#tls-warnings
  warnings.warn(</msg>
<msg time="2024-06-26T11:13:35.951692" level="INFO">${response} = &lt;Response [200]&gt;</msg>
<var>${response}</var>
<arg>consultarAPI</arg>
<arg>/api</arg>
<doc>Sends a GET request on a previously created HTTP Session.</doc>
<status status="PASS" start="2024-06-26T11:13:35.863682" elapsed="0.088066"/>
</kw>
<kw name="Set Variable" owner="BuiltIn">
<msg time="2024-06-26T11:13:35.952658" level="INFO">${json_data} = {'results': [{'gender': 'female', 'name': {'title': 'Mrs', 'first': 'Eva', 'last': 'Fonseca'}, 'location': {'street': {'number': 7536, 'name': 'Privada Oquendo'}, 'city': 'La Caridad (Fracción G)', 's...</msg>
<var>${json_data}</var>
<arg>${response.json()}</arg>
<doc>Returns the given values which can then be assigned to a variables.</doc>
<status status="PASS" start="2024-06-26T11:13:35.952194" elapsed="0.000493"/>
</kw>
<kw name="Log" owner="BuiltIn">
<msg time="2024-06-26T11:13:35.953170" level="INFO">{'results': [{'gender': 'female', 'name': {'title': 'Mrs', 'first': 'Eva', 'last': 'Fonseca'}, 'location': {'street': {'number': 7536, 'name': 'Privada Oquendo'}, 'city': 'La Caridad (Fracción G)', 'state': 'Estado de Mexico', 'country': 'Mexico', 'postcode': 38013, 'coordinates': {'latitude': '26.4026', 'longitude': '141.3859'}, 'timezone': {'offset': '+4:00', 'description': 'Abu Dhabi, Muscat, Baku, Tbilisi'}}, 'email': 'eva.fonseca@example.com', 'login': {'uuid': '6559cd65-433f-4b40-9cd4-7eff28ff1bb1', 'username': 'crazyladybug925', 'password': 'sister', 'salt': 'nm7SqaYW', 'md5': 'ce39160ecc0ddc3c8e9985335d455daf', 'sha1': 'b55669579a516e3d6f68e1cdf05a10205241124f', 'sha256': 'b31582e232c8b0387e5df3079077496460ab5403563d77f591f167ad4421f93a'}, 'dob': {'date': '1999-12-04T17:00:30.195Z', 'age': 24}, 'registered': {'date': '2022-02-12T13:15:08.181Z', 'age': 2}, 'phone': '(659) 917 7191', 'cell': '(623) 836 7242', 'id': {'name': 'NSS', 'value': '84 41 67 2095 5'}, 'picture': {'large': 'https://randomuser.me/api/portraits/women/16.jpg', 'medium': 'https://randomuser.me/api/portraits/med/women/16.jpg', 'thumbnail': 'https://randomuser.me/api/portraits/thumb/women/16.jpg'}, 'nat': 'MX'}], 'info': {'seed': '68c23efd4cacb4f8', 'results': 1, 'page': 1, 'version': '1.4'}}</msg>
<arg>${json_data}</arg>
<doc>Logs the given message with the given level.</doc>
<status status="PASS" start="2024-06-26T11:13:35.953006" elapsed="0.000214"/>
</kw>
<kw name="Dictionary Should Contain Key" owner="Collections">
<arg>${json_data}</arg>
<arg>results</arg>
<doc>Fails if ``key`` is not found from ``dictionary``.</doc>
<status status="PASS" start="2024-06-26T11:13:35.953521" elapsed="0.000155"/>
</kw>
<kw name="Should Not Be Empty" owner="BuiltIn">
<msg time="2024-06-26T11:13:35.953990" level="INFO">Length is 2.</msg>
<arg>${json_data}</arg>
<doc>Verifies that the given item is not empty.</doc>
<status status="PASS" start="2024-06-26T11:13:35.953865" elapsed="0.000169"/>
</kw>
<kw name="Create List" owner="BuiltIn">
<msg time="2024-06-26T11:13:35.954619" level="INFO">${expected_keys} = ['gender', 'name', 'location', 'email', 'login']</msg>
<var>${expected_keys}</var>
<arg>gender</arg>
<arg>name</arg>
<arg>location</arg>
<arg>email</arg>
<arg>login</arg>
<doc>Returns a list containing given items.</doc>
<status status="PASS" start="2024-06-26T11:13:35.954336" elapsed="0.000307"/>
</kw>
<for flavor="IN">
<iter>
<kw name="Dictionary Should Contain Key" owner="Collections">
<arg>${json_data['results'][0]}</arg>
<arg>${key}</arg>
<doc>Fails if ``key`` is not found from ``dictionary``.</doc>
<status status="PASS" start="2024-06-26T11:13:35.955228" elapsed="0.000418"/>
</kw>
<kw name="Log" owner="BuiltIn">
<msg time="2024-06-26T11:13:35.956203" level="INFO">{'gender': 'female', 'name': {'title': 'Mrs', 'first': 'Eva', 'last': 'Fonseca'}, 'location': {'street': {'number': 7536, 'name': 'Privada Oquendo'}, 'city': 'La Caridad (Fracción G)', 'state': 'Estado de Mexico', 'country': 'Mexico', 'postcode': 38013, 'coordinates': {'latitude': '26.4026', 'longitude': '141.3859'}, 'timezone': {'offset': '+4:00', 'description': 'Abu Dhabi, Muscat, Baku, Tbilisi'}}, 'email': 'eva.fonseca@example.com', 'login': {'uuid': '6559cd65-433f-4b40-9cd4-7eff28ff1bb1', 'username': 'crazyladybug925', 'password': 'sister', 'salt': 'nm7SqaYW', 'md5': 'ce39160ecc0ddc3c8e9985335d455daf', 'sha1': 'b55669579a516e3d6f68e1cdf05a10205241124f', 'sha256': 'b31582e232c8b0387e5df3079077496460ab5403563d77f591f167ad4421f93a'}, 'dob': {'date': '1999-12-04T17:00:30.195Z', 'age': 24}, 'registered': {'date': '2022-02-12T13:15:08.181Z', 'age': 2}, 'phone': '(659) 917 7191', 'cell': '(623) 836 7242', 'id': {'name': 'NSS', 'value': '84 41 67 2095 5'}, 'picture': {'large': 'https://randomuser.me/api/portraits/women/16.jpg', 'medium': 'https://randomuser.me/api/portraits/med/women/16.jpg', 'thumbnail': 'https://randomuser.me/api/portraits/thumb/women/16.jpg'}, 'nat': 'MX'}</msg>
<arg>${json_data['results'][0]}</arg>
<doc>Logs the given message with the given level.</doc>
<status status="PASS" start="2024-06-26T11:13:35.955840" elapsed="0.000413"/>
</kw>
<kw name="Log" owner="BuiltIn">
<msg time="2024-06-26T11:13:35.956676" level="INFO">gender</msg>
<arg>${key}</arg>
<doc>Logs the given message with the given level.</doc>
<status status="PASS" start="2024-06-26T11:13:35.956549" elapsed="0.000166"/>
</kw>
<var name="${key}">gender</var>
<status status="PASS" start="2024-06-26T11:13:35.955105" elapsed="0.001827"/>
</iter>
<iter>
<kw name="Dictionary Should Contain Key" owner="Collections">
<arg>${json_data['results'][0]}</arg>
<arg>${key}</arg>
<doc>Fails if ``key`` is not found from ``dictionary``.</doc>
<status status="PASS" start="2024-06-26T11:13:35.957229" elapsed="0.000394"/>
</kw>
<kw name="Log" owner="BuiltIn">
<msg time="2024-06-26T11:13:35.958300" level="INFO">{'gender': 'female', 'name': {'title': 'Mrs', 'first': 'Eva', 'last': 'Fonseca'}, 'location': {'street': {'number': 7536, 'name': 'Privada Oquendo'}, 'city': 'La Caridad (Fracción G)', 'state': 'Estado de Mexico', 'country': 'Mexico', 'postcode': 38013, 'coordinates': {'latitude': '26.4026', 'longitude': '141.3859'}, 'timezone': {'offset': '+4:00', 'description': 'Abu Dhabi, Muscat, Baku, Tbilisi'}}, 'email': 'eva.fonseca@example.com', 'login': {'uuid': '6559cd65-433f-4b40-9cd4-7eff28ff1bb1', 'username': 'crazyladybug925', 'password': 'sister', 'salt': 'nm7SqaYW', 'md5': 'ce39160ecc0ddc3c8e9985335d455daf', 'sha1': 'b55669579a516e3d6f68e1cdf05a10205241124f', 'sha256': 'b31582e232c8b0387e5df3079077496460ab5403563d77f591f167ad4421f93a'}, 'dob': {'date': '1999-12-04T17:00:30.195Z', 'age': 24}, 'registered': {'date': '2022-02-12T13:15:08.181Z', 'age': 2}, 'phone': '(659) 917 7191', 'cell': '(623) 836 7242', 'id': {'name': 'NSS', 'value': '84 41 67 2095 5'}, 'picture': {'large': 'https://randomuser.me/api/portraits/women/16.jpg', 'medium': 'https://randomuser.me/api/portraits/med/women/16.jpg', 'thumbnail': 'https://randomuser.me/api/portraits/thumb/women/16.jpg'}, 'nat': 'MX'}</msg>
<arg>${json_data['results'][0]}</arg>
<doc>Logs the given message with the given level.</doc>
<status status="PASS" start="2024-06-26T11:13:35.957838" elapsed="0.000530"/>
</kw>
<kw name="Log" owner="BuiltIn">
<msg time="2024-06-26T11:13:35.958810" level="INFO">name</msg>
<arg>${key}</arg>
<doc>Logs the given message with the given level.</doc>
<status status="PASS" start="2024-06-26T11:13:35.958674" elapsed="0.000174"/>
</kw>
<var name="${key}">name</var>
<status status="PASS" start="2024-06-26T11:13:35.957117" elapsed="0.001949"/>
</iter>
<iter>
<kw name="Dictionary Should Contain Key" owner="Collections">
<arg>${json_data['results'][0]}</arg>
<arg>${key}</arg>
<doc>Fails if ``key`` is not found from ``dictionary``.</doc>
<status status="PASS" start="2024-06-26T11:13:35.959351" elapsed="0.000423"/>
</kw>
<kw name="Log" owner="BuiltIn">
<msg time="2024-06-26T11:13:35.960315" level="INFO">{'gender': 'female', 'name': {'title': 'Mrs', 'first': 'Eva', 'last': 'Fonseca'}, 'location': {'street': {'number': 7536, 'name': 'Privada Oquendo'}, 'city': 'La Caridad (Fracción G)', 'state': 'Estado de Mexico', 'country': 'Mexico', 'postcode': 38013, 'coordinates': {'latitude': '26.4026', 'longitude': '141.3859'}, 'timezone': {'offset': '+4:00', 'description': 'Abu Dhabi, Muscat, Baku, Tbilisi'}}, 'email': 'eva.fonseca@example.com', 'login': {'uuid': '6559cd65-433f-4b40-9cd4-7eff28ff1bb1', 'username': 'crazyladybug925', 'password': 'sister', 'salt': 'nm7SqaYW', 'md5': 'ce39160ecc0ddc3c8e9985335d455daf', 'sha1': 'b55669579a516e3d6f68e1cdf05a10205241124f', 'sha256': 'b31582e232c8b0387e5df3079077496460ab5403563d77f591f167ad4421f93a'}, 'dob': {'date': '1999-12-04T17:00:30.195Z', 'age': 24}, 'registered': {'date': '2022-02-12T13:15:08.181Z', 'age': 2}, 'phone': '(659) 917 7191', 'cell': '(623) 836 7242', 'id': {'name': 'NSS', 'value': '84 41 67 2095 5'}, 'picture': {'large': 'https://randomuser.me/api/portraits/women/16.jpg', 'medium': 'https://randomuser.me/api/portraits/med/women/16.jpg', 'thumbnail': 'https://randomuser.me/api/portraits/thumb/women/16.jpg'}, 'nat': 'MX'}</msg>
<arg>${json_data['results'][0]}</arg>
<doc>Logs the given message with the given level.</doc>
<status status="PASS" start="2024-06-26T11:13:35.959959" elapsed="0.000415"/>
</kw>
<kw name="Log" owner="BuiltIn">
<msg time="2024-06-26T11:13:35.960798" level="INFO">location</msg>
<arg>${key}</arg>
<doc>Logs the given message with the given level.</doc>
<status status="PASS" start="2024-06-26T11:13:35.960671" elapsed="0.000164"/>
</kw>
<var name="${key}">location</var>
<status status="PASS" start="2024-06-26T11:13:35.959244" elapsed="0.001807"/>
</iter>
<iter>
<kw name="Dictionary Should Contain Key" owner="Collections">
<arg>${json_data['results'][0]}</arg>
<arg>${key}</arg>
<doc>Fails if ``key`` is not found from ``dictionary``.</doc>
<status status="PASS" start="2024-06-26T11:13:35.961333" elapsed="0.000384"/>
</kw>
<kw name="Log" owner="BuiltIn">
<msg time="2024-06-26T11:13:35.962259" level="INFO">{'gender': 'female', 'name': {'title': 'Mrs', 'first': 'Eva', 'last': 'Fonseca'}, 'location': {'street': {'number': 7536, 'name': 'Privada Oquendo'}, 'city': 'La Caridad (Fracción G)', 'state': 'Estado de Mexico', 'country': 'Mexico', 'postcode': 38013, 'coordinates': {'latitude': '26.4026', 'longitude': '141.3859'}, 'timezone': {'offset': '+4:00', 'description': 'Abu Dhabi, Muscat, Baku, Tbilisi'}}, 'email': 'eva.fonseca@example.com', 'login': {'uuid': '6559cd65-433f-4b40-9cd4-7eff28ff1bb1', 'username': 'crazyladybug925', 'password': 'sister', 'salt': 'nm7SqaYW', 'md5': 'ce39160ecc0ddc3c8e9985335d455daf', 'sha1': 'b55669579a516e3d6f68e1cdf05a10205241124f', 'sha256': 'b31582e232c8b0387e5df3079077496460ab5403563d77f591f167ad4421f93a'}, 'dob': {'date': '1999-12-04T17:00:30.195Z', 'age': 24}, 'registered': {'date': '2022-02-12T13:15:08.181Z', 'age': 2}, 'phone': '(659) 917 7191', 'cell': '(623) 836 7242', 'id': {'name': 'NSS', 'value': '84 41 67 2095 5'}, 'picture': {'large': 'https://randomuser.me/api/portraits/women/16.jpg', 'medium': 'https://randomuser.me/api/portraits/med/women/16.jpg', 'thumbnail': 'https://randomuser.me/api/portraits/thumb/women/16.jpg'}, 'nat': 'MX'}</msg>
<arg>${json_data['results'][0]}</arg>
<doc>Logs the given message with the given level.</doc>
<status status="PASS" start="2024-06-26T11:13:35.961902" elapsed="0.000406"/>
</kw>
<kw name="Log" owner="BuiltIn">
<msg time="2024-06-26T11:13:35.962725" level="INFO">email</msg>
<arg>${key}</arg>
<doc>Logs the given message with the given level.</doc>
<status status="PASS" start="2024-06-26T11:13:35.962600" elapsed="0.000163"/>
</kw>
<var name="${key}">email</var>
<status status="PASS" start="2024-06-26T11:13:35.961226" elapsed="0.001751"/>
</iter>
<iter>
<kw name="Dictionary Should Contain Key" owner="Collections">
<arg>${json_data['results'][0]}</arg>
<arg>${key}</arg>
<doc>Fails if ``key`` is not found from ``dictionary``.</doc>
<status status="PASS" start="2024-06-26T11:13:35.963254" elapsed="0.000426"/>
</kw>
<kw name="Log" owner="BuiltIn">
<msg time="2024-06-26T11:13:35.964218" level="INFO">{'gender': 'female', 'name': {'title': 'Mrs', 'first': 'Eva', 'last': 'Fonseca'}, 'location': {'street': {'number': 7536, 'name': 'Privada Oquendo'}, 'city': 'La Caridad (Fracción G)', 'state': 'Estado de Mexico', 'country': 'Mexico', 'postcode': 38013, 'coordinates': {'latitude': '26.4026', 'longitude': '141.3859'}, 'timezone': {'offset': '+4:00', 'description': 'Abu Dhabi, Muscat, Baku, Tbilisi'}}, 'email': 'eva.fonseca@example.com', 'login': {'uuid': '6559cd65-433f-4b40-9cd4-7eff28ff1bb1', 'username': 'crazyladybug925', 'password': 'sister', 'salt': 'nm7SqaYW', 'md5': 'ce39160ecc0ddc3c8e9985335d455daf', 'sha1': 'b55669579a516e3d6f68e1cdf05a10205241124f', 'sha256': 'b31582e232c8b0387e5df3079077496460ab5403563d77f591f167ad4421f93a'}, 'dob': {'date': '1999-12-04T17:00:30.195Z', 'age': 24}, 'registered': {'date': '2022-02-12T13:15:08.181Z', 'age': 2}, 'phone': '(659) 917 7191', 'cell': '(623) 836 7242', 'id': {'name': 'NSS', 'value': '84 41 67 2095 5'}, 'picture': {'large': 'https://randomuser.me/api/portraits/women/16.jpg', 'medium': 'https://randomuser.me/api/portraits/med/women/16.jpg', 'thumbnail': 'https://randomuser.me/api/portraits/thumb/women/16.jpg'}, 'nat': 'MX'}</msg>
<arg>${json_data['results'][0]}</arg>
<doc>Logs the given message with the given level.</doc>
<status status="PASS" start="2024-06-26T11:13:35.963862" elapsed="0.000407"/>
</kw>
<kw name="Log" owner="BuiltIn">
<msg time="2024-06-26T11:13:35.964687" level="INFO">login</msg>
<arg>${key}</arg>
<doc>Logs the given message with the given level.</doc>
<status status="PASS" start="2024-06-26T11:13:35.964561" elapsed="0.000163"/>
</kw>
<var name="${key}">login</var>
<status status="PASS" start="2024-06-26T11:13:35.963148" elapsed="0.001795"/>
</iter>
<var>${key}</var>
<value>@{expected_keys}</value>
<status status="PASS" start="2024-06-26T11:13:35.954907" elapsed="0.010186"/>
</for>
<kw name="Create List" owner="BuiltIn">
<msg time="2024-06-26T11:13:35.965423" level="INFO">${expected_keysTwo} = ['username', 'password']</msg>
<var>${expected_keysTwo}</var>
<arg>username</arg>
<arg>password</arg>
<doc>Returns a list containing given items.</doc>
<status status="PASS" start="2024-06-26T11:13:35.965289" elapsed="0.000157"/>
</kw>
<for flavor="IN">
<iter>
<kw name="Dictionary Should Contain Key" owner="Collections">
<arg>${json_data['results'][0]['login']}</arg>
<arg>${keyTwo}</arg>
<doc>Fails if ``key`` is not found from ``dictionary``.</doc>
<status status="PASS" start="2024-06-26T11:13:35.965953" elapsed="0.000383"/>
</kw>
<kw name="Dictionary Should Contain Key" owner="Collections">
<arg>${json_data['results'][0]['login']}</arg>
<arg>${keyTwo}</arg>
<doc>Fails if ``key`` is not found from ``dictionary``.</doc>
<status status="PASS" start="2024-06-26T11:13:35.966516" elapsed="0.000367"/>
</kw>
<kw name="Log" owner="BuiltIn">
<msg time="2024-06-26T11:13:35.967185" level="INFO">username</msg>
<arg>${keyTwo}</arg>
<doc>Logs the given message with the given level.</doc>
<status status="PASS" start="2024-06-26T11:13:35.967063" elapsed="0.000159"/>
</kw>
<var name="${keyTwo}">username</var>
<status status="PASS" start="2024-06-26T11:13:35.965846" elapsed="0.001597"/>
</iter>
<iter>
<kw name="Dictionary Should Contain Key" owner="Collections">
<arg>${json_data['results'][0]['login']}</arg>
<arg>${keyTwo}</arg>
<doc>Fails if ``key`` is not found from ``dictionary``.</doc>
<status status="PASS" start="2024-06-26T11:13:35.967771" elapsed="0.000385"/>
</kw>
<kw name="Dictionary Should Contain Key" owner="Collections">
<arg>${json_data['results'][0]['login']}</arg>
<arg>${keyTwo}</arg>
<doc>Fails if ``key`` is not found from ``dictionary``.</doc>
<status status="PASS" start="2024-06-26T11:13:35.968334" elapsed="0.000365"/>
</kw>
<kw name="Log" owner="BuiltIn">
<msg time="2024-06-26T11:13:35.969002" level="INFO">password</msg>
<arg>${keyTwo}</arg>
<doc>Logs the given message with the given level.</doc>
<status status="PASS" start="2024-06-26T11:13:35.968883" elapsed="0.000156"/>
</kw>
<var name="${keyTwo}">password</var>
<status status="PASS" start="2024-06-26T11:13:35.967654" elapsed="0.001700"/>
</iter>
<var>${keyTwo}</var>
<value>@{expected_keysTwo}</value>
<status status="PASS" start="2024-06-26T11:13:35.965681" elapsed="0.003797"/>
</for>
<status status="PASS" start="2024-06-26T11:13:35.863318" elapsed="0.106296"/>
</kw>
<doc>Testa a estrutura da resposta da API.</doc>
<tag>testeEstruturaResposta</tag>
<status status="PASS" start="2024-06-26T11:13:35.862637" elapsed="0.107123"/>
</test>
<test id="s1-s1-t4" name="Validar tipos de dados" line="28">
<kw name="Teste de Tipos de Dados" owner="random-user-service">
<kw name="GET On Session" owner="RequestsLibrary">
<msg time="2024-06-26T11:13:36.050152" level="INFO">GET Request : url=https://randomuser.me/api 
 path_url=/api 
 headers={'User-Agent': 'python-requests/2.32.3', 'Accept-Encoding': 'gzip, deflate', 'Accept': '*/*', 'Connection': 'keep-alive'} 
 body=None 
 </msg>
<msg time="2024-06-26T11:13:36.050216" level="INFO">GET Response : url=https://randomuser.me/api 
 status=200, reason=OK 
 headers={'Date': 'Wed, 26 Jun 2024 11:13:36 GMT', 'Content-Type': 'application/json; charset=utf-8', 'Transfer-Encoding': 'chunked', 'Connection': 'keep-alive', 'X-Powered-By': 'Express', 'Access-Control-Allow-Origin': '*', 'Cache-Control': 'no-cache', 'ETag': 'W/"48c-dJDmYKkWq6HjdgUixE53wQXD4TM"', 'Vary': 'Accept-Encoding', 'Content-Encoding': 'gzip', 'CF-Cache-Status': 'DYNAMIC', 'Report-To': '{"endpoints":[{"url":"https:\\/\\/a.nel.cloudflare.com\\/report\\/v4?s=g2hRGgX3%2Bc72iHg0vo55uV07WD7Zv6%2FdxLYsBliwQE1tUh5miNPtb4K0LIXytE5wi8zxnmCOdtEaGHuFwid5bpV6PXR0cAW3ckyCLvnrcwTXc6Y6NJNfmwqLFhoVU0kK"}],"group":"cf-nel","max_age":604800}', 'NEL': '{"success_fraction":0,"report_to":"cf-nel","max_age":604800}', 'Server': 'cloudflare', 'CF-RAY': '899cc4d7d94c7fa6-IAD', 'alt-svc': 'h3=":443"; ma=86400'} 
 body={"results":[{"gender":"male","name":{"title":"Mr","first":"Soham","last":"Nguyen"},"location":{"street":{"number":3083,"name":"Miller Ave"},"city":"Melbourne","state":"South Australia","country":"Australia","postcode":3706,"coordinates":{"latitude":"-89.4992","longitude":"-92.4055"},"timezone":{"offset":"+5:30","description":"Bombay, Calcutta, Madras, New Delhi"}},"email":"soham.nguyen@example.com","login":{"uuid":"eab48986-fa26-4529-810f-06404590275e","username":"angryzebra112","password":"andres","salt":"0OkAwhJr","md5":"4c48ed5162f13c2130806ca47fc86229","sha1":"a00916040005a56888d291f850424778b010ecde","sha256":"9f302b3b3eb2f658b311f524fd16948085f53de52065f30000fa1815e44a53ff"},"dob":{"date":"1967-10-25T03:02:32.104Z","age":56},"registered":{"date":"2007-05-22T21:59:30.952Z","age":17},"phone":"02-3501-4389","cell":"0469-585-979","id":{"name":"TFN","value":"765711788"},"picture":{"large":"https://randomuser.me/api/portraits/men/1.jpg","medium":"https://randomuser.me/api/portraits/med/men/1.jpg","thumbnail":"https://randomuser.me/api/portraits/thumb/men/1.jpg"},"nat":"AU"}],"info":{"seed":"58e3dd4c215a824d","results":1,"page":1,"version":"1.4"}} 
 </msg>
<msg time="2024-06-26T11:13:36.050272" level="INFO">/opt/hostedtoolcache/Python/3.12.4/x64/lib/python3.12/site-packages/urllib3/connectionpool.py:1099: InsecureRequestWarning: Unverified HTTPS request is being made to host 'randomuser.me'. Adding certificate verification is strongly advised. See: https://urllib3.readthedocs.io/en/latest/advanced-usage.html#tls-warnings
  warnings.warn(</msg>
<msg time="2024-06-26T11:13:36.050362" level="INFO">${response} = &lt;Response [200]&gt;</msg>
<var>${response}</var>
<arg>consultarAPI</arg>
<arg>/api</arg>
<doc>Sends a GET request on a previously created HTTP Session.</doc>
<status status="PASS" start="2024-06-26T11:13:35.972111" elapsed="0.078292"/>
</kw>
<kw name="Set Variable" owner="BuiltIn">
<msg time="2024-06-26T11:13:36.051207" level="INFO">${json_data} = {'results': [{'gender': 'male', 'name': {'title': 'Mr', 'first': 'Soham', 'last': 'Nguyen'}, 'location': {'street': {'number': 3083, 'name': 'Miller Ave'}, 'city': 'Melbourne', 'state': 'South Austral...</msg>
<var>${json_data}</var>
<arg>${response.json()}</arg>
<doc>Returns the given values which can then be assigned to a variables.</doc>
<status status="PASS" start="2024-06-26T11:13:36.050766" elapsed="0.000469"/>
</kw>
<kw name="Log" owner="BuiltIn">
<msg time="2024-06-26T11:13:36.051733" level="INFO">{'results': [{'gender': 'male', 'name': {'title': 'Mr', 'first': 'Soham', 'last': 'Nguyen'}, 'location': {'street': {'number': 3083, 'name': 'Miller Ave'}, 'city': 'Melbourne', 'state': 'South Australia', 'country': 'Australia', 'postcode': 3706, 'coordinates': {'latitude': '-89.4992', 'longitude': '-92.4055'}, 'timezone': {'offset': '+5:30', 'description': 'Bombay, Calcutta, Madras, New Delhi'}}, 'email': 'soham.nguyen@example.com', 'login': {'uuid': 'eab48986-fa26-4529-810f-06404590275e', 'username': 'angryzebra112', 'password': 'andres', 'salt': '0OkAwhJr', 'md5': '4c48ed5162f13c2130806ca47fc86229', 'sha1': 'a00916040005a56888d291f850424778b010ecde', 'sha256': '9f302b3b3eb2f658b311f524fd16948085f53de52065f30000fa1815e44a53ff'}, 'dob': {'date': '1967-10-25T03:02:32.104Z', 'age': 56}, 'registered': {'date': '2007-05-22T21:59:30.952Z', 'age': 17}, 'phone': '02-3501-4389', 'cell': '0469-585-979', 'id': {'name': 'TFN', 'value': '765711788'}, 'picture': {'large': 'https://randomuser.me/api/portraits/men/1.jpg', 'medium': 'https://randomuser.me/api/portraits/med/men/1.jpg', 'thumbnail': 'https://randomuser.me/api/portraits/thumb/men/1.jpg'}, 'nat': 'AU'}], 'info': {'seed': '58e3dd4c215a824d', 'results': 1, 'page': 1, 'version': '1.4'}}</msg>
<arg>${json_data}</arg>
<doc>Logs the given message with the given level.</doc>
<status status="PASS" start="2024-06-26T11:13:36.051543" elapsed="0.000237"/>
</kw>
<kw name="Should Be String" owner="String">
<arg>${json_data['results'][0]['gender']}</arg>
<doc>Fails if the given ``item`` is not a string.</doc>
<status status="PASS" start="2024-06-26T11:13:36.052076" elapsed="0.000396"/>
</kw>
<kw name="Should Match Regexp" owner="BuiltIn">
<arg>${json_data['results'][0]['email']}</arg>
<arg>^[a-zA-Z0-9._%+-]+@[a-zA-Z0-9.-]+\.[a-zA-Z]{2,}$</arg>
<doc>Fails if ``string`` does not match ``pattern`` as a regular expression.</doc>
<status status="PASS" start="2024-06-26T11:13:36.052662" elapsed="0.000515"/>
</kw>
<kw name="Should Match Regexp" owner="BuiltIn">
<arg>${json_data['results'][0]['dob']['date']}</arg>
<arg>\\d{4}-\\d{2}-\\d{2}T\\d{2}:\\d{2}:\\d{2}\\.\\d{3}Z</arg>
<doc>Fails if ``string`` does not match ``pattern`` as a regular expression.</doc>
<status status="PASS" start="2024-06-26T11:13:36.053409" elapsed="0.000539"/>
</kw>
<kw name="Should Match Regexp" owner="BuiltIn">
<arg>${json_data['results'][0]['registered']['date']}</arg>
<arg>\\d{4}-\\d{2}-\\d{2}T\\d{2}:\\d{2}:\\d{2}\\.\\d{3}Z</arg>
<doc>Fails if ``string`` does not match ``pattern`` as a regular expression.</doc>
<status status="PASS" start="2024-06-26T11:13:36.054139" elapsed="0.000363"/>
</kw>
<kw name="Should Match Regexp" owner="BuiltIn">
<arg>${json_data['results'][0]['picture']['large']}</arg>
<arg>^https?://.*\.(?:png|jpe?g|gif|bmp)$</arg>
<doc>Fails if ``string`` does not match ``pattern`` as a regular expression.</doc>
<status status="PASS" start="2024-06-26T11:13:36.054687" elapsed="0.000465"/>
</kw>
<kw name="Should Match Regexp" owner="BuiltIn">
<arg>${json_data['results'][0]['picture']['medium']}</arg>
<arg>^https?://.*\.(?:png|jpe?g|gif|bmp)$</arg>
<doc>Fails if ``string`` does not match ``pattern`` as a regular expression.</doc>
<status status="PASS" start="2024-06-26T11:13:36.055340" elapsed="0.000389"/>
</kw>
<kw name="Should Match Regexp" owner="BuiltIn">
<arg>${json_data['results'][0]['picture']['thumbnail']}</arg>
<arg>^https?://.*\.(?:png|jpe?g|gif|bmp)$</arg>
<doc>Fails if ``string`` does not match ``pattern`` as a regular expression.</doc>
<status status="PASS" start="2024-06-26T11:13:36.055918" elapsed="0.000348"/>
</kw>
<kw name="Log" owner="BuiltIn">
<msg time="2024-06-26T11:13:36.056780" level="INFO">{'large': 'https://randomuser.me/api/portraits/men/1.jpg', 'medium': 'https://randomuser.me/api/portraits/med/men/1.jpg', 'thumbnail': 'https://randomuser.me/api/portraits/thumb/men/1.jpg'}</msg>
<arg>${json_data['results'][0]['picture']}</arg>
<doc>Logs the given message with the given level.</doc>
<status status="PASS" start="2024-06-26T11:13:36.056449" elapsed="0.000373"/>
</kw>
<status status="PASS" start="2024-06-26T11:13:35.971899" elapsed="0.085180"/>
</kw>
<kw name="Teste de Tipos de Dados - Postcode" owner="random-user-service">
<kw name="GET On Session" owner="RequestsLibrary">
<msg time="2024-06-26T11:13:36.154410" level="INFO">GET Request : url=https://randomuser.me/api 
 path_url=/api 
 headers={'User-Agent': 'python-requests/2.32.3', 'Accept-Encoding': 'gzip, deflate', 'Accept': '*/*', 'Connection': 'keep-alive'} 
 body=None 
 </msg>
<msg time="2024-06-26T11:13:36.154502" level="INFO">GET Response : url=https://randomuser.me/api 
 status=200, reason=OK 
 headers={'Date': 'Wed, 26 Jun 2024 11:13:36 GMT', 'Content-Type': 'application/json; charset=utf-8', 'Transfer-Encoding': 'chunked', 'Connection': 'keep-alive', 'X-Powered-By': 'Express', 'Access-Control-Allow-Origin': '*', 'Cache-Control': 'no-cache', 'ETag': 'W/"486-4HMEBiP+b01ET0ZodGDJxZnyC9I"', 'Vary': 'Accept-Encoding', 'Content-Encoding': 'gzip', 'CF-Cache-Status': 'DYNAMIC', 'Report-To': '{"endpoints":[{"url":"https:\\/\\/a.nel.cloudflare.com\\/report\\/v4?s=hbmO4zygRbqQ18c0C5ksxzwHKmDE0f9E5nRHGRG0rl8qiALk7Po%2F%2FV0auHhJcG2v5EPyeC1VZ5%2BR0cn7VDNJzT%2Fv%2BBG51WMqCynXd1KGB7P1BPiZMbP0oM0clEBTqPSn"}],"group":"cf-nel","max_age":604800}', 'NEL': '{"success_fraction":0,"report_to":"cf-nel","max_age":604800}', 'Server': 'cloudflare', 'CF-RAY': '899cc4d869d97fa6-IAD', 'alt-svc': 'h3=":443"; ma=86400'} 
 body={"results":[{"gender":"male","name":{"title":"Mr","first":"Christoffer","last":"Olsen"},"location":{"street":{"number":4876,"name":"Byvænget"},"city":"Oure","state":"Danmark","country":"Denmark","postcode":87316,"coordinates":{"latitude":"-42.7235","longitude":"-75.3241"},"timezone":{"offset":"+11:00","description":"Magadan, Solomon Islands, New Caledonia"}},"email":"christoffer.olsen@example.com","login":{"uuid":"3af7190d-55ee-46e4-aa6f-42c07f30dc78","username":"happyzebra375","password":"orgasms","salt":"wu55A6sP","md5":"777147d715c82a7e4bd9d740ec80a7d2","sha1":"243f1462dab199634cfcd8387f069ed7b0047c29","sha256":"60eafcab68efe5df970f62dfcd66ff535d4d319dd8da3fc57f2838bc4b2ac3a1"},"dob":{"date":"1954-05-28T15:38:44.657Z","age":70},"registered":{"date":"2017-08-23T11:55:35.990Z","age":6},"phone":"49108745","cell":"31805359","id":{"name":"CPR","value":"280554-7258"},"picture":{"large":"https://randomuser.me/api/portraits/men/0.jpg","medium":"https://randomuser.me/api/portraits/med/men/0.jpg","thumbnail":"https://randomuser.me/api/portraits/thumb/men/0.jpg"},"nat":"DK"}],"info":{"seed":"aba3a27094aa7bd3","results":1,"page":1,"version":"1.4"}} 
 </msg>
<msg time="2024-06-26T11:13:36.154578" level="INFO">/opt/hostedtoolcache/Python/3.12.4/x64/lib/python3.12/site-packages/urllib3/connectionpool.py:1099: InsecureRequestWarning: Unverified HTTPS request is being made to host 'randomuser.me'. Adding certificate verification is strongly advised. See: https://urllib3.readthedocs.io/en/latest/advanced-usage.html#tls-warnings
  warnings.warn(</msg>
<msg time="2024-06-26T11:13:36.154705" level="INFO">${response} = &lt;Response [200]&gt;</msg>
<var>${response}</var>
<arg>consultarAPI</arg>
<arg>/api</arg>
<doc>Sends a GET request on a previously created HTTP Session.</doc>
<status status="PASS" start="2024-06-26T11:13:36.057510" elapsed="0.097244"/>
</kw>
<kw name="Set Variable" owner="BuiltIn">
<msg time="2024-06-26T11:13:36.155941" level="INFO">${json_data} = {'results': [{'gender': 'male', 'name': {'title': 'Mr', 'first': 'Christoffer', 'last': 'Olsen'}, 'location': {'street': {'number': 4876, 'name': 'Byvænget'}, 'city': 'Oure', 'state': 'Danmark', 'coun...</msg>
<var>${json_data}</var>
<arg>${response.json()}</arg>
<doc>Returns the given values which can then be assigned to a variables.</doc>
<status status="PASS" start="2024-06-26T11:13:36.155348" elapsed="0.000622"/>
</kw>
<kw name="Log" owner="BuiltIn">
<msg time="2024-06-26T11:13:36.156443" level="INFO">{'results': [{'gender': 'male', 'name': {'title': 'Mr', 'first': 'Christoffer', 'last': 'Olsen'}, 'location': {'street': {'number': 4876, 'name': 'Byvænget'}, 'city': 'Oure', 'state': 'Danmark', 'country': 'Denmark', 'postcode': 87316, 'coordinates': {'latitude': '-42.7235', 'longitude': '-75.3241'}, 'timezone': {'offset': '+11:00', 'description': 'Magadan, Solomon Islands, New Caledonia'}}, 'email': 'christoffer.olsen@example.com', 'login': {'uuid': '3af7190d-55ee-46e4-aa6f-42c07f30dc78', 'username': 'happyzebra375', 'password': 'orgasms', 'salt': 'wu55A6sP', 'md5': '777147d715c82a7e4bd9d740ec80a7d2', 'sha1': '243f1462dab199634cfcd8387f069ed7b0047c29', 'sha256': '60eafcab68efe5df970f62dfcd66ff535d4d319dd8da3fc57f2838bc4b2ac3a1'}, 'dob': {'date': '1954-05-28T15:38:44.657Z', 'age': 70}, 'registered': {'date': '2017-08-23T11:55:35.990Z', 'age': 6}, 'phone': '49108745', 'cell': '31805359', 'id': {'name': 'CPR', 'value': '280554-7258'}, 'picture': {'large': 'https://randomuser.me/api/portraits/men/0.jpg', 'medium': 'https://randomuser.me/api/portraits/med/men/0.jpg', 'thumbnail': 'https://randomuser.me/api/portraits/thumb/men/0.jpg'}, 'nat': 'DK'}], 'info': {'seed': 'aba3a27094aa7bd3', 'results': 1, 'page': 1, 'version': '1.4'}}</msg>
<arg>${json_data}</arg>
<doc>Logs the given message with the given level.</doc>
<status status="PASS" start="2024-06-26T11:13:36.156283" elapsed="0.000209"/>
</kw>
<kw name="Should Be Equal As Numbers" owner="BuiltIn">
<arg>${json_data['results'][0]['location']['postcode']}</arg>
<arg>${json_data['results'][0]['location']['postcode']}</arg>
<doc>Fails if objects are unequal after converting them to real numbers.</doc>
<status status="PASS" start="2024-06-26T11:13:36.156786" elapsed="0.000625"/>
</kw>
<kw name="Log" owner="BuiltIn">
<msg time="2024-06-26T11:13:36.158114" level="INFO">87316</msg>
<arg>${json_data['results'][0]['location']['postcode']}</arg>
<doc>Logs the given message with the given level.</doc>
<status status="PASS" start="2024-06-26T11:13:36.157634" elapsed="0.000532"/>
</kw>
<status status="PASS" start="2024-06-26T11:13:36.057291" elapsed="0.101132"/>
</kw>
<doc>Testa se os tipos de dados na resposta da API estão corretos.</doc>
<tag>testeTiposDados</tag>
<status status="PASS" start="2024-06-26T11:13:35.971475" elapsed="0.187112"/>
</test>
<test id="s1-s1-t5" name="Validar conteudo" line="35">
<kw name="Teste de Tipos de Conteudo" owner="random-user-service">
<kw name="GET On Session" owner="RequestsLibrary">
<msg time="2024-06-26T11:13:36.261143" level="INFO">GET Request : url=https://randomuser.me/api 
 path_url=/api 
 headers={'User-Agent': 'python-requests/2.32.3', 'Accept-Encoding': 'gzip, deflate', 'Accept': '*/*', 'Connection': 'keep-alive'} 
 body=None 
 </msg>
<msg time="2024-06-26T11:13:36.261242" level="INFO">GET Response : url=https://randomuser.me/api 
 status=200, reason=OK 
 headers={'Date': 'Wed, 26 Jun 2024 11:13:36 GMT', 'Content-Type': 'application/json; charset=utf-8', 'Transfer-Encoding': 'chunked', 'Connection': 'keep-alive', 'X-Powered-By': 'Express', 'Access-Control-Allow-Origin': '*', 'Cache-Control': 'no-cache', 'ETag': 'W/"482-Zk3knvAEPlNAvtlm3kLgKdL3dfs"', 'Vary': 'Accept-Encoding', 'Content-Encoding': 'gzip', 'CF-Cache-Status': 'DYNAMIC', 'Report-To': '{"endpoints":[{"url":"https:\\/\\/a.nel.cloudflare.com\\/report\\/v4?s=3zo9EisLkdWUY6am%2BA2q5pJFv9Nsvavf38rJNmBooS%2BTUeTEBwAVlShU859Kgg7jg65BSoRTl9RGXkHoNjSqc9af%2BJNfXn9l14Q02IKpnnY%2FIua6gRY2RwZ6gTEGhTQt"}],"group":"cf-nel","max_age":604800}', 'NEL': '{"success_fraction":0,"report_to":"cf-nel","max_age":604800}', 'Server': 'cloudflare', 'CF-RAY': '899cc4d90abe7fa6-IAD', 'alt-svc': 'h3=":443"; ma=86400'} 
 body={"results":[{"gender":"male","name":{"title":"Mr","first":"Louis","last":"Lee"},"location":{"street":{"number":5456,"name":"Customs Street"},"city":"New Plymouth","state":"Nelson","country":"New Zealand","postcode":57433,"coordinates":{"latitude":"47.8889","longitude":"-95.5334"},"timezone":{"offset":"+5:30","description":"Bombay, Calcutta, Madras, New Delhi"}},"email":"louis.lee@example.com","login":{"uuid":"a6b82878-32a4-4c3e-a12d-3d4bf67315c6","username":"blackswan269","password":"azerty","salt":"ojQsXn5z","md5":"51b6409ae35e39f5b74ff24412f27a41","sha1":"8a7e512254c320c114805627c7d303d4ddbfd731","sha256":"64f4f2ce4b5444ec7bf0844e87e287e52b52adc9fa1009ea04adde61c3e7b97e"},"dob":{"date":"1994-03-25T08:40:58.092Z","age":30},"registered":{"date":"2007-10-04T16:27:40.043Z","age":16},"phone":"(934)-103-7461","cell":"(271)-385-9625","id":{"name":"","value":null},"picture":{"large":"https://randomuser.me/api/portraits/men/71.jpg","medium":"https://randomuser.me/api/portraits/med/men/71.jpg","thumbnail":"https://randomuser.me/api/portraits/thumb/men/71.jpg"},"nat":"NZ"}],"info":{"seed":"f634cf3167a22bf1","results":1,"page":1,"version":"1.4"}} 
 </msg>
<msg time="2024-06-26T11:13:36.261335" level="INFO">/opt/hostedtoolcache/Python/3.12.4/x64/lib/python3.12/site-packages/urllib3/connectionpool.py:1099: InsecureRequestWarning: Unverified HTTPS request is being made to host 'randomuser.me'. Adding certificate verification is strongly advised. See: https://urllib3.readthedocs.io/en/latest/advanced-usage.html#tls-warnings
  warnings.warn(</msg>
<msg time="2024-06-26T11:13:36.261462" level="INFO">${response} = &lt;Response [200]&gt;</msg>
<var>${response}</var>
<arg>consultarAPI</arg>
<arg>/api</arg>
<doc>Sends a GET request on a previously created HTTP Session.</doc>
<status status="PASS" start="2024-06-26T11:13:36.161148" elapsed="0.100354"/>
</kw>
<kw name="Set Variable" owner="BuiltIn">
<msg time="2024-06-26T11:13:36.262686" level="INFO">${json_data} = {'results': [{'gender': 'male', 'name': {'title': 'Mr', 'first': 'Louis', 'last': 'Lee'}, 'location': {'street': {'number': 5456, 'name': 'Customs Street'}, 'city': 'New Plymouth', 'state': 'Nelson', ...</msg>
<var>${json_data}</var>
<arg>${response.json()}</arg>
<doc>Returns the given values which can then be assigned to a variables.</doc>
<status status="PASS" start="2024-06-26T11:13:36.261999" elapsed="0.000720"/>
</kw>
<kw name="Set Variable" owner="BuiltIn">
<msg time="2024-06-26T11:13:36.263424" level="INFO">${name_title} = Mr</msg>
<var>${name_title}</var>
<arg>${json_data["results"][0]["name"]["title"]}</arg>
<doc>Returns the given values which can then be assigned to a variables.</doc>
<status status="PASS" start="2024-06-26T11:13:36.263036" elapsed="0.000415"/>
</kw>
<kw name="Create List" owner="BuiltIn">
<msg time="2024-06-26T11:13:36.263949" level="INFO">${allowed_titles} = ['Mr', 'Ms', 'Miss', 'Mrs', 'Madame', 'Monsieur']</msg>
<var>${allowed_titles}</var>
<arg>Mr</arg>
<arg>Ms</arg>
<arg>Miss</arg>
<arg>Mrs</arg>
<arg>Madame</arg>
<arg>Monsieur</arg>
<doc>Returns a list containing given items.</doc>
<status status="PASS" start="2024-06-26T11:13:36.263790" elapsed="0.000184"/>
</kw>
<kw name="List Should Contain Value" owner="Collections">
<arg>${allowed_titles}</arg>
<arg>${name_title}</arg>
<doc>Fails if the ``value`` is not found from ``list``.</doc>
<status status="PASS" start="2024-06-26T11:13:36.264278" elapsed="0.000189"/>
</kw>
<kw name="Set Variable" owner="BuiltIn">
<msg time="2024-06-26T11:13:36.265029" level="INFO">${name_country} = NZ</msg>
<var>${name_country}</var>
<arg>${json_data["results"][0]["nat"]}</arg>
<doc>Returns the given values which can then be assigned to a variables.</doc>
<status status="PASS" start="2024-06-26T11:13:36.264655" elapsed="0.000399"/>
</kw>
<kw name="Create List" owner="BuiltIn">
<msg time="2024-06-26T11:13:36.265940" level="INFO">${list_country} = ['AD', 'AE', 'AF', 'AG', 'AI', 'AL', 'AM', 'AO', 'AQ', 'AR', 'AS', 'AT', 'AU', 'AW', 'AX', 'AZ', 'BA', 'BB', 'BD', 'BE', 'BF', 'BG', 'BH', 'BI', 'BJ', 'BL', 'BM', 'BN', 'BO', 'BQ', 'BR', 'BS', 'BT', '...</msg>
<var>${list_country}</var>
<arg>AD</arg>
<arg>AE</arg>
<arg>AF</arg>
<arg>AG</arg>
<arg>AI</arg>
<arg>AL</arg>
<arg>AM</arg>
<arg>AO</arg>
<arg>AQ</arg>
<arg>AR</arg>
<arg>AS</arg>
<arg>AT</arg>
<arg>AU</arg>
<arg>AW</arg>
<arg>AX</arg>
<arg>AZ</arg>
<arg>BA</arg>
<arg>BB</arg>
<arg>BD</arg>
<arg>BE</arg>
<arg>BF</arg>
<arg>BG</arg>
<arg>BH</arg>
<arg>BI</arg>
<arg>BJ</arg>
<arg>BL</arg>
<arg>BM</arg>
<arg>BN</arg>
<arg>BO</arg>
<arg>BQ</arg>
<arg>BR</arg>
<arg>BS</arg>
<arg>BT</arg>
<arg>BV</arg>
<arg>BW</arg>
<arg>BY</arg>
<arg>BZ</arg>
<arg>CA</arg>
<arg>CC</arg>
<arg>CD</arg>
<arg>CF</arg>
<arg>CG</arg>
<arg>CH</arg>
<arg>CI</arg>
<arg>CK</arg>
<arg>CL</arg>
<arg>CM</arg>
<arg>CN</arg>
<arg>CO</arg>
<arg>CR</arg>
<arg>CU</arg>
<arg>CV</arg>
<arg>CW</arg>
<arg>CX</arg>
<arg>CY</arg>
<arg>CZ</arg>
<arg>DE</arg>
<arg>DJ</arg>
<arg>DK</arg>
<arg>DM</arg>
<arg>DO</arg>
<arg>DZ</arg>
<arg>EC</arg>
<arg>EE</arg>
<arg>EG</arg>
<arg>EH</arg>
<arg>ER</arg>
<arg>ES</arg>
<arg>ET</arg>
<arg>FI</arg>
<arg>FJ</arg>
<arg>FK</arg>
<arg>FM</arg>
<arg>FO</arg>
<arg>FR</arg>
<arg>GA</arg>
<arg>GB</arg>
<arg>GD</arg>
<arg>GE</arg>
<arg>GF</arg>
<arg>GG</arg>
<arg>GH</arg>
<arg>GI</arg>
<arg>GL</arg>
<arg>GM</arg>
<arg>GN</arg>
<arg>GP</arg>
<arg>GQ</arg>
<arg>GR</arg>
<arg>GS</arg>
<arg>GT</arg>
<arg>GU</arg>
<arg>GW</arg>
<arg>GY</arg>
<arg>HK</arg>
<arg>HM</arg>
<arg>HN</arg>
<arg>HR</arg>
<arg>HT</arg>
<arg>HU</arg>
<arg>ID</arg>
<arg>IE</arg>
<arg>IL</arg>
<arg>IM</arg>
<arg>IN</arg>
<arg>IO</arg>
<arg>IQ</arg>
<arg>IR</arg>
<arg>IS</arg>
<arg>IT</arg>
<arg>JE</arg>
<arg>JM</arg>
<arg>JO</arg>
<arg>JP</arg>
<arg>KE</arg>
<arg>KG</arg>
<arg>KH</arg>
<arg>KI</arg>
<arg>KM</arg>
<arg>KN</arg>
<arg>KP</arg>
<arg>KR</arg>
<arg>KW</arg>
<arg>KY</arg>
<arg>KZ</arg>
<arg>LA</arg>
<arg>LB</arg>
<arg>LC</arg>
<arg>LI</arg>
<arg>LK</arg>
<arg>LR</arg>
<arg>LS</arg>
<arg>LT</arg>
<arg>LU</arg>
<arg>LV</arg>
<arg>LY</arg>
<arg>MA</arg>
<arg>MC</arg>
<arg>MD</arg>
<arg>ME</arg>
<arg>MF</arg>
<arg>MG</arg>
<arg>MH</arg>
<arg>MK</arg>
<arg>ML</arg>
<arg>MM</arg>
<arg>MN</arg>
<arg>MO</arg>
<arg>MP</arg>
<arg>MQ</arg>
<arg>MR</arg>
<arg>MS</arg>
<arg>MT</arg>
<arg>MU</arg>
<arg>MV</arg>
<arg>MW</arg>
<arg>MX</arg>
<arg>MY</arg>
<arg>MZ</arg>
<arg>NA</arg>
<arg>NC</arg>
<arg>NE</arg>
<arg>NF</arg>
<arg>NG</arg>
<arg>NI</arg>
<arg>NL</arg>
<arg>NO</arg>
<arg>NP</arg>
<arg>NR</arg>
<arg>NU</arg>
<arg>NZ</arg>
<arg>OM</arg>
<arg>PA</arg>
<arg>PE</arg>
<arg>PF</arg>
<arg>PG</arg>
<arg>PH</arg>
<arg>PK</arg>
<arg>PL</arg>
<arg>PM</arg>
<arg>PN</arg>
<arg>PR</arg>
<arg>PS</arg>
<arg>PT</arg>
<arg>PW</arg>
<arg>PY</arg>
<arg>QA</arg>
<arg>RE</arg>
<arg>RO</arg>
<arg>RS</arg>
<arg>RU</arg>
<arg>RW</arg>
<arg>SA</arg>
<arg>SB</arg>
<arg>SC</arg>
<arg>SD</arg>
<arg>SE</arg>
<arg>SG</arg>
<arg>SH</arg>
<arg>SI</arg>
<arg>SJ</arg>
<arg>SK</arg>
<arg>SL</arg>
<arg>SM</arg>
<arg>SN</arg>
<arg>SO</arg>
<arg>SR</arg>
<arg>SS</arg>
<arg>ST</arg>
<arg>SV</arg>
<arg>SX</arg>
<arg>SY</arg>
<arg>SZ</arg>
<arg>TC</arg>
<arg>TD</arg>
<arg>TF</arg>
<arg>TG</arg>
<arg>TH</arg>
<arg>TJ</arg>
<arg>TK</arg>
<arg>TL</arg>
<arg>TM</arg>
<arg>TN</arg>
<arg>TO</arg>
<arg>TR</arg>
<arg>TT</arg>
<arg>TV</arg>
<arg>TW</arg>
<arg>TZ</arg>
<arg>UA</arg>
<arg>UG</arg>
<arg>UM</arg>
<arg>US</arg>
<arg>UY</arg>
<arg>UZ</arg>
<arg>VA</arg>
<arg>VC</arg>
<arg>VE</arg>
<arg>VG</arg>
<arg>VI</arg>
<arg>VN</arg>
<arg>VU</arg>
<arg>WF</arg>
<arg>WS</arg>
<arg>XK</arg>
<arg>YE</arg>
<arg>YT</arg>
<arg>ZA</arg>
<arg>ZM</arg>
<arg>ZW</arg>
<doc>Returns a list containing given items.</doc>
<status status="PASS" start="2024-06-26T11:13:36.265346" elapsed="0.000620"/>
</kw>
<kw name="List Should Contain Value" owner="Collections">
<arg>${list_country}</arg>
<arg>${name_country}</arg>
<doc>Fails if the ``value`` is not found from ``list``.</doc>
<status status="PASS" start="2024-06-26T11:13:36.266777" elapsed="0.000203"/>
</kw>
<kw name="Run Keyword If" owner="BuiltIn">
<kw name="Should Be True" owner="BuiltIn">
<arg>${True}</arg>
<doc>Fails if the given condition is not true.</doc>
<status status="PASS" start="2024-06-26T11:13:36.267969" elapsed="0.000143"/>
</kw>
<arg>${json_data["results"][0]["location"]["coordinates"]["latitude"]} &gt;= -90 and ${json_data["results"][0]["location"]["coordinates"]["latitude"]} &lt;= 90</arg>
<arg>Should Be True</arg>
<arg>${True}</arg>
<doc>Runs the given keyword with the given arguments, if ``condition`` is true.</doc>
<status status="PASS" start="2024-06-26T11:13:36.267179" elapsed="0.001059"/>
</kw>
<kw name="Run Keyword If" owner="BuiltIn">
<kw name="Should Be True" owner="BuiltIn">
<arg>${True}</arg>
<doc>Fails if the given condition is not true.</doc>
<status status="PASS" start="2024-06-26T11:13:36.269124" elapsed="0.000232"/>
</kw>
<arg>${json_data["results"][0]["location"]["coordinates"]["longitude"]} &gt;= -180 and ${json_data["results"][0]["location"]["coordinates"]["longitude"]} &lt;= 180</arg>
<arg>Should Be True</arg>
<arg>${True}</arg>
<doc>Runs the given keyword with the given arguments, if ``condition`` is true.</doc>
<status status="PASS" start="2024-06-26T11:13:36.268421" elapsed="0.001064"/>
</kw>
<status status="PASS" start="2024-06-26T11:13:36.160929" elapsed="0.108689"/>
</kw>
<doc>Testa o conteúdo específico dos campos retornados pela API.</doc>
<tag>testeConteudo</tag>
<status status="PASS" start="2024-06-26T11:13:36.160399" elapsed="0.109365"/>
</test>
<status status="PASS" start="2024-06-26T11:13:35.444038" elapsed="0.827718"/>
</suite>
<status status="PASS" start="2024-06-26T11:13:35.429516" elapsed="0.847306"/>
</suite>
<statistics>
<total>
<stat pass="5" fail="0" skip="0">All Tests</stat>
</total>
<tag>
<stat pass="1" fail="0" skip="0">testeConteudo</stat>
<stat pass="1" fail="0" skip="0">testeEstruturaResposta</stat>
<stat pass="1" fail="0" skip="0">testeRequisicaoBasica</stat>
<stat pass="1" fail="0" skip="0">testeTiposDados</stat>
</tag>
<suite>
<stat pass="5" fail="0" skip="0" id="s1" name="Tests">Tests</stat>
<stat pass="5" fail="0" skip="0" id="s1-s1" name="Random-User-Test">Tests.Random-User-Test</stat>
</suite>
</statistics>
<errors>
</errors>
</robot>
