<?xml version="1.0" encoding="UTF-8"?>
<robot generator="Robot 7.0 (Python 3.12.3 on linux)" generated="2024-05-03T21:12:14.861305" rpa="false" schemaversion="5">
<suite id="s1" name="Tests" source="/home/runner/work/DesafioQAItauRogerioJordao/DesafioQAItauRogerioJordao/RamdonUser/tests">
<suite id="s1-s1" name="Random-User-Test" source="/home/runner/work/DesafioQAItauRogerioJordao/DesafioQAItauRogerioJordao/RamdonUser/tests/random-user-test.robot">
<test id="s1-s1-t1" name="Conectar" line="13">
<kw name="Conectar API" owner="random-user-service">
<kw name="Create Session" owner="RequestsLibrary">
<msg time="2024-05-03T21:12:15.222209" level="INFO">Creating Session using : alias=consultarAPI, url=https://randomuser.me/, headers={},                     cookies={}, auth=None, timeout=None, proxies=None, verify=False,                     debug=0 </msg>
<arg>consultarAPI</arg>
<arg>${URL}</arg>
<doc>Create Session: create a HTTP session to a server</doc>
<status status="PASS" start="2024-05-03T21:12:15.222000" elapsed="0.000389"/>
</kw>
<status status="PASS" start="2024-05-03T21:12:15.221006" elapsed="0.001742"/>
</kw>
<status status="PASS" start="2024-05-03T21:12:15.220430" elapsed="0.002508"/>
</test>
<test id="s1-s1-t2" name="Validar retorno 200 e JSON Válido" line="16">
<kw name="Teste de Requisicao Basica" owner="random-user-service">
<kw name="GET On Session" owner="RequestsLibrary">
<msg time="2024-05-03T21:12:15.307757" level="INFO">GET Request : url=https://randomuser.me/api 
 path_url=/api 
 headers={'User-Agent': 'python-requests/2.31.0', 'Accept-Encoding': 'gzip, deflate', 'Accept': '*/*', 'Connection': 'keep-alive'} 
 body=None 
 </msg>
<msg time="2024-05-03T21:12:15.307916" level="INFO">GET Response : url=https://randomuser.me/api 
 status=200, reason=OK 
 headers={'Date': 'Fri, 03 May 2024 21:12:15 GMT', 'Content-Type': 'application/json; charset=utf-8', 'Transfer-Encoding': 'chunked', 'Connection': 'keep-alive', 'X-Powered-By': 'Express', 'Access-Control-Allow-Origin': '*', 'Cache-Control': 'no-cache', 'ETag': 'W/"4b0-wqTDpXHDeVUBfPG5GF3y/SCZ39I"', 'Vary': 'Accept-Encoding', 'Content-Encoding': 'gzip', 'CF-Cache-Status': 'DYNAMIC', 'Report-To': '{"endpoints":[{"url":"https:\\/\\/a.nel.cloudflare.com\\/report\\/v4?s=QupPtFCh0d5JZZijaSk3bONVcJuUDgu41KUHd6KEER1TdiQcncNF2TSZz2YspUQKSMTPKvgWil0XxhIuMjtOTodCXvvNKAQjH5g3FRa%2BmIWPCL8ft6Hzq89iKdeipMhI"}],"group":"cf-nel","max_age":604800}', 'NEL': '{"success_fraction":0,"report_to":"cf-nel","max_age":604800}', 'Server': 'cloudflare', 'CF-RAY': '87e33f876ecc615b-ORD', 'alt-svc': 'h3=":443"; ma=86400'} 
 body={"results":[{"gender":"female","name":{"title":"Mrs","first":"Melânia","last":"Pereira"},"location":{"street":{"number":9719,"name":"Rua São João "},"city":"Sapucaia do Sul","state":"Goiás","country":"Brazil","postcode":77795,"coordinates":{"latitude":"-79.3825","longitude":"149.4895"},"timezone":{"offset":"0:00","description":"Western Europe Time, London, Lisbon, Casablanca"}},"email":"melania.pereira@example.com","login":{"uuid":"ac97fcc4-ca75-48cf-aab7-8782a2825e7f","username":"lazylion528","password":"ppppp","salt":"PBvGU73M","md5":"58d1a41a7279e59dfc04e9c414f60d91","sha1":"d2dc201ade697836c379b61580d375e323f32082","sha256":"49114b18a90aa17a26bb9d30f5baa70106bbf4a7c525ca275e8bc7e19595b008"},"dob":{"date":"1976-05-17T01:26:46.063Z","age":47},"registered":{"date":"2005-05-01T00:45:03.816Z","age":19},"phone":"(15) 1394-9287","cell":"(04) 5968-7216","id":{"name":"CPF","value":"397.310.902-92"},"picture":{"large":"https://randomuser.me/api/portraits/women/66.jpg","medium":"https://randomuser.me/api/portraits/med/women/66.jpg","thumbnail":"https://randomuser.me/api/portraits/thumb/women/66.jpg"},"nat":"BR"}],"info":{"seed":"d484a8dbd1011e15","results":1,"page":1,"version":"1.4"}} 
 </msg>
<msg time="2024-05-03T21:12:15.308011" level="INFO">/opt/hostedtoolcache/Python/3.12.3/x64/lib/python3.12/site-packages/urllib3/connectionpool.py:1103: InsecureRequestWarning: Unverified HTTPS request is being made to host 'randomuser.me'. Adding certificate verification is strongly advised. See: https://urllib3.readthedocs.io/en/latest/advanced-usage.html#tls-warnings
  warnings.warn(</msg>
<msg time="2024-05-03T21:12:15.308173" level="INFO">${response} = &lt;Response [200]&gt;</msg>
<var>${response}</var>
<arg>consultarAPI</arg>
<arg>/api</arg>
<doc>Sends a GET request on a previously created HTTP Session.</doc>
<status status="PASS" start="2024-05-03T21:12:15.225595" elapsed="0.082633"/>
</kw>
<kw name="Should Be Equal As Numbers" owner="BuiltIn">
<msg time="2024-05-03T21:12:15.309250" level="INFO">Argument types are:
&lt;class 'int'&gt;
&lt;class 'str'&gt;</msg>
<arg>${response.status_code}</arg>
<arg>200</arg>
<doc>Fails if objects are unequal after converting them to real numbers.</doc>
<status status="PASS" start="2024-05-03T21:12:15.308793" elapsed="0.000521"/>
</kw>
<kw name="Log" owner="BuiltIn">
<msg time="2024-05-03T21:12:15.310022" level="INFO">200</msg>
<arg>${response.status_code}</arg>
<doc>Logs the given message with the given level.</doc>
<status status="PASS" start="2024-05-03T21:12:15.309665" elapsed="0.000399"/>
</kw>
<kw name="Set Variable" owner="BuiltIn">
<msg time="2024-05-03T21:12:15.310839" level="INFO">${json_data} = {'results': [{'gender': 'female', 'name': {'title': 'Mrs', 'first': 'Melânia', 'last': 'Pereira'}, 'location': {'street': {'number': 9719, 'name': 'Rua São João '}, 'city': 'Sapucaia do Sul', 'state':...</msg>
<var>${json_data}</var>
<arg>${response.json()}</arg>
<doc>Returns the given values which can then be assigned to a variables.</doc>
<status status="PASS" start="2024-05-03T21:12:15.310368" elapsed="0.000501"/>
</kw>
<kw name="Dictionary Should Contain Key" owner="Collections">
<msg time="2024-05-03T21:12:15.311366" level="INFO">False</msg>
<arg>${json_data}</arg>
<arg>results</arg>
<doc>Fails if ``key`` is not found from ``dictionary``.</doc>
<status status="PASS" start="2024-05-03T21:12:15.311194" elapsed="0.000212"/>
</kw>
<status status="PASS" start="2024-05-03T21:12:15.225351" elapsed="0.086308"/>
</kw>
<doc>Testa se a API responde corretamente e retorna um objeto JSON válido.</doc>
<tag>testeRequisicaoBasica</tag>
<status status="PASS" start="2024-05-03T21:12:15.224871" elapsed="0.086974"/>
</test>
<test id="s1-s1-t3" name="Validar estrutura de resposta" line="22">
<kw name="Teste de Estrutura de Resposta" owner="random-user-service">
<kw name="GET On Session" owner="RequestsLibrary">
<msg time="2024-05-03T21:12:15.415816" level="INFO">GET Request : url=https://randomuser.me/api 
 path_url=/api 
 headers={'User-Agent': 'python-requests/2.31.0', 'Accept-Encoding': 'gzip, deflate', 'Accept': '*/*', 'Connection': 'keep-alive'} 
 body=None 
 </msg>
<msg time="2024-05-03T21:12:15.415929" level="INFO">GET Response : url=https://randomuser.me/api 
 status=200, reason=OK 
 headers={'Date': 'Fri, 03 May 2024 21:12:15 GMT', 'Content-Type': 'application/json; charset=utf-8', 'Transfer-Encoding': 'chunked', 'Connection': 'keep-alive', 'X-Powered-By': 'Express', 'Access-Control-Allow-Origin': '*', 'Cache-Control': 'no-cache', 'ETag': 'W/"49d-H3Y/Z3F56B0QfcU3APtdUjn/21I"', 'Vary': 'Accept-Encoding', 'Content-Encoding': 'gzip', 'CF-Cache-Status': 'DYNAMIC', 'Report-To': '{"endpoints":[{"url":"https:\\/\\/a.nel.cloudflare.com\\/report\\/v4?s=yN%2FuxQzvuJEDRge26NP1yxJoRXxFZsyGCqG2%2BvUiSBiDlaihDCRAPpbXtgZrSIKZcNXZINVGHw2o%2BVQKkS%2FHlNGTqOXMXGLcxT1LwVtcpZahkc0F45iBEWTNb023Y3jL"}],"group":"cf-nel","max_age":604800}', 'NEL': '{"success_fraction":0,"report_to":"cf-nel","max_age":604800}', 'Server': 'cloudflare', 'CF-RAY': '87e33f87bf16615b-ORD', 'alt-svc': 'h3=":443"; ma=86400'} 
 body={"results":[{"gender":"male","name":{"title":"Mr","first":"مهراد","last":"کریمی"},"location":{"street":{"number":4985,"name":"آیت الله مدرس"},"city":"نجف‌آباد","state":"لرستان","country":"Iran","postcode":76642,"coordinates":{"latitude":"18.0761","longitude":"-166.2554"},"timezone":{"offset":"+4:00","description":"Abu Dhabi, Muscat, Baku, Tbilisi"}},"email":"mhrd.khrymy@example.com","login":{"uuid":"ed970c9b-d530-4c7d-b7f1-f070229ed520","username":"yellowbutterfly958","password":"hotlips","salt":"2wlcWC1T","md5":"7bc58e4f1b90c4574c98b3015a07fe56","sha1":"718fbec39dd040fb0bae48d9b2e827955b451583","sha256":"d792ef1eff14f4d5acda31dc7dd874cd5a314e558c951abc6d13b5e2f98efe1b"},"dob":{"date":"1944-11-10T16:46:44.270Z","age":79},"registered":{"date":"2011-07-04T10:04:00.914Z","age":12},"phone":"011-68831063","cell":"0906-142-1679","id":{"name":"","value":null},"picture":{"large":"https://randomuser.me/api/portraits/men/0.jpg","medium":"https://randomuser.me/api/portraits/med/men/0.jpg","thumbnail":"https://randomuser.me/api/portraits/thumb/men/0.jpg"},"nat":"IR"}],"info":{"seed":"2159d8376543b533","results":1,"page":1,"version":"1.4"}} 
 </msg>
<msg time="2024-05-03T21:12:15.416079" level="INFO">/opt/hostedtoolcache/Python/3.12.3/x64/lib/python3.12/site-packages/urllib3/connectionpool.py:1103: InsecureRequestWarning: Unverified HTTPS request is being made to host 'randomuser.me'. Adding certificate verification is strongly advised. See: https://urllib3.readthedocs.io/en/latest/advanced-usage.html#tls-warnings
  warnings.warn(</msg>
<msg time="2024-05-03T21:12:15.416227" level="INFO">${response} = &lt;Response [200]&gt;</msg>
<var>${response}</var>
<arg>consultarAPI</arg>
<arg>/api</arg>
<doc>Sends a GET request on a previously created HTTP Session.</doc>
<status status="PASS" start="2024-05-03T21:12:15.314610" elapsed="0.101660"/>
</kw>
<kw name="Set Variable" owner="BuiltIn">
<msg time="2024-05-03T21:12:15.417331" level="INFO">${json_data} = {'results': [{'gender': 'male', 'name': {'title': 'Mr', 'first': 'مهراد', 'last': 'کریمی'}, 'location': {'street': {'number': 4985, 'name': 'آیت الله مدرس'}, 'city': 'نجف\u200cآباد', 'state': 'لرستان'...</msg>
<var>${json_data}</var>
<arg>${response.json()}</arg>
<doc>Returns the given values which can then be assigned to a variables.</doc>
<status status="PASS" start="2024-05-03T21:12:15.416788" elapsed="0.000575"/>
</kw>
<kw name="Log" owner="BuiltIn">
<msg time="2024-05-03T21:12:15.417840" level="INFO">{'results': [{'gender': 'male', 'name': {'title': 'Mr', 'first': 'مهراد', 'last': 'کریمی'}, 'location': {'street': {'number': 4985, 'name': 'آیت الله مدرس'}, 'city': 'نجف\u200cآباد', 'state': 'لرستان', 'country': 'Iran', 'postcode': 76642, 'coordinates': {'latitude': '18.0761', 'longitude': '-166.2554'}, 'timezone': {'offset': '+4:00', 'description': 'Abu Dhabi, Muscat, Baku, Tbilisi'}}, 'email': 'mhrd.khrymy@example.com', 'login': {'uuid': 'ed970c9b-d530-4c7d-b7f1-f070229ed520', 'username': 'yellowbutterfly958', 'password': 'hotlips', 'salt': '2wlcWC1T', 'md5': '7bc58e4f1b90c4574c98b3015a07fe56', 'sha1': '718fbec39dd040fb0bae48d9b2e827955b451583', 'sha256': 'd792ef1eff14f4d5acda31dc7dd874cd5a314e558c951abc6d13b5e2f98efe1b'}, 'dob': {'date': '1944-11-10T16:46:44.270Z', 'age': 79}, 'registered': {'date': '2011-07-04T10:04:00.914Z', 'age': 12}, 'phone': '011-68831063', 'cell': '0906-142-1679', 'id': {'name': '', 'value': None}, 'picture': {'large': 'https://randomuser.me/api/portraits/men/0.jpg', 'medium': 'https://randomuser.me/api/portraits/med/men/0.jpg', 'thumbnail': 'https://randomuser.me/api/portraits/thumb/men/0.jpg'}, 'nat': 'IR'}], 'info': {'seed': '2159d8376543b533', 'results': 1, 'page': 1, 'version': '1.4'}}</msg>
<arg>${json_data}</arg>
<doc>Logs the given message with the given level.</doc>
<status status="PASS" start="2024-05-03T21:12:15.417675" elapsed="0.000214"/>
</kw>
<kw name="Dictionary Should Contain Key" owner="Collections">
<msg time="2024-05-03T21:12:15.418348" level="INFO">False</msg>
<arg>${json_data}</arg>
<arg>results</arg>
<doc>Fails if ``key`` is not found from ``dictionary``.</doc>
<status status="PASS" start="2024-05-03T21:12:15.418188" elapsed="0.000198"/>
</kw>
<kw name="Should Not Be Empty" owner="BuiltIn">
<msg time="2024-05-03T21:12:15.418813" level="INFO">Length is 2.</msg>
<arg>${json_data}</arg>
<doc>Verifies that the given item is not empty.</doc>
<status status="PASS" start="2024-05-03T21:12:15.418675" elapsed="0.000342"/>
</kw>
<kw name="Create List" owner="BuiltIn">
<msg time="2024-05-03T21:12:15.419467" level="INFO">${expected_keys} = ['gender', 'name', 'location', 'email', 'login']</msg>
<var>${expected_keys}</var>
<arg>gender</arg>
<arg>name</arg>
<arg>location</arg>
<arg>email</arg>
<arg>login</arg>
<doc>Returns a list containing given items.</doc>
<status status="PASS" start="2024-05-03T21:12:15.419313" elapsed="0.000178"/>
</kw>
<for flavor="IN">
<iter>
<kw name="Dictionary Should Contain Key" owner="Collections">
<msg time="2024-05-03T21:12:15.420514" level="INFO">False</msg>
<arg>${json_data['results'][0]}</arg>
<arg>${key}</arg>
<doc>Fails if ``key`` is not found from ``dictionary``.</doc>
<status status="PASS" start="2024-05-03T21:12:15.420065" elapsed="0.000488"/>
</kw>
<kw name="Log" owner="BuiltIn">
<msg time="2024-05-03T21:12:15.421224" level="INFO">{'gender': 'male', 'name': {'title': 'Mr', 'first': 'مهراد', 'last': 'کریمی'}, 'location': {'street': {'number': 4985, 'name': 'آیت الله مدرس'}, 'city': 'نجف\u200cآباد', 'state': 'لرستان', 'country': 'Iran', 'postcode': 76642, 'coordinates': {'latitude': '18.0761', 'longitude': '-166.2554'}, 'timezone': {'offset': '+4:00', 'description': 'Abu Dhabi, Muscat, Baku, Tbilisi'}}, 'email': 'mhrd.khrymy@example.com', 'login': {'uuid': 'ed970c9b-d530-4c7d-b7f1-f070229ed520', 'username': 'yellowbutterfly958', 'password': 'hotlips', 'salt': '2wlcWC1T', 'md5': '7bc58e4f1b90c4574c98b3015a07fe56', 'sha1': '718fbec39dd040fb0bae48d9b2e827955b451583', 'sha256': 'd792ef1eff14f4d5acda31dc7dd874cd5a314e558c951abc6d13b5e2f98efe1b'}, 'dob': {'date': '1944-11-10T16:46:44.270Z', 'age': 79}, 'registered': {'date': '2011-07-04T10:04:00.914Z', 'age': 12}, 'phone': '011-68831063', 'cell': '0906-142-1679', 'id': {'name': '', 'value': None}, 'picture': {'large': 'https://randomuser.me/api/portraits/men/0.jpg', 'medium': 'https://randomuser.me/api/portraits/med/men/0.jpg', 'thumbnail': 'https://randomuser.me/api/portraits/thumb/men/0.jpg'}, 'nat': 'IR'}</msg>
<arg>${json_data['results'][0]}</arg>
<doc>Logs the given message with the given level.</doc>
<status status="PASS" start="2024-05-03T21:12:15.420851" elapsed="0.000423"/>
</kw>
<kw name="Log" owner="BuiltIn">
<msg time="2024-05-03T21:12:15.421695" level="INFO">gender</msg>
<arg>${key}</arg>
<doc>Logs the given message with the given level.</doc>
<status status="PASS" start="2024-05-03T21:12:15.421566" elapsed="0.000167"/>
</kw>
<var name="${key}">gender</var>
<status status="PASS" start="2024-05-03T21:12:15.419939" elapsed="0.002005"/>
</iter>
<iter>
<kw name="Dictionary Should Contain Key" owner="Collections">
<msg time="2024-05-03T21:12:15.422638" level="INFO">False</msg>
<arg>${json_data['results'][0]}</arg>
<arg>${key}</arg>
<doc>Fails if ``key`` is not found from ``dictionary``.</doc>
<status status="PASS" start="2024-05-03T21:12:15.422251" elapsed="0.000457"/>
</kw>
<kw name="Log" owner="BuiltIn">
<msg time="2024-05-03T21:12:15.423371" level="INFO">{'gender': 'male', 'name': {'title': 'Mr', 'first': 'مهراد', 'last': 'کریمی'}, 'location': {'street': {'number': 4985, 'name': 'آیت الله مدرس'}, 'city': 'نجف\u200cآباد', 'state': 'لرستان', 'country': 'Iran', 'postcode': 76642, 'coordinates': {'latitude': '18.0761', 'longitude': '-166.2554'}, 'timezone': {'offset': '+4:00', 'description': 'Abu Dhabi, Muscat, Baku, Tbilisi'}}, 'email': 'mhrd.khrymy@example.com', 'login': {'uuid': 'ed970c9b-d530-4c7d-b7f1-f070229ed520', 'username': 'yellowbutterfly958', 'password': 'hotlips', 'salt': '2wlcWC1T', 'md5': '7bc58e4f1b90c4574c98b3015a07fe56', 'sha1': '718fbec39dd040fb0bae48d9b2e827955b451583', 'sha256': 'd792ef1eff14f4d5acda31dc7dd874cd5a314e558c951abc6d13b5e2f98efe1b'}, 'dob': {'date': '1944-11-10T16:46:44.270Z', 'age': 79}, 'registered': {'date': '2011-07-04T10:04:00.914Z', 'age': 12}, 'phone': '011-68831063', 'cell': '0906-142-1679', 'id': {'name': '', 'value': None}, 'picture': {'large': 'https://randomuser.me/api/portraits/men/0.jpg', 'medium': 'https://randomuser.me/api/portraits/med/men/0.jpg', 'thumbnail': 'https://randomuser.me/api/portraits/thumb/men/0.jpg'}, 'nat': 'IR'}</msg>
<arg>${json_data['results'][0]}</arg>
<doc>Logs the given message with the given level.</doc>
<status status="PASS" start="2024-05-03T21:12:15.423008" elapsed="0.000413"/>
</kw>
<kw name="Log" owner="BuiltIn">
<msg time="2024-05-03T21:12:15.423842" level="INFO">name</msg>
<arg>${key}</arg>
<doc>Logs the given message with the given level.</doc>
<status status="PASS" start="2024-05-03T21:12:15.423715" elapsed="0.000163"/>
</kw>
<var name="${key}">name</var>
<status status="PASS" start="2024-05-03T21:12:15.422135" elapsed="0.001955"/>
</iter>
<iter>
<kw name="Dictionary Should Contain Key" owner="Collections">
<msg time="2024-05-03T21:12:15.424800" level="INFO">False</msg>
<arg>${json_data['results'][0]}</arg>
<arg>${key}</arg>
<doc>Fails if ``key`` is not found from ``dictionary``.</doc>
<status status="PASS" start="2024-05-03T21:12:15.424411" elapsed="0.000426"/>
</kw>
<kw name="Log" owner="BuiltIn">
<msg time="2024-05-03T21:12:15.425517" level="INFO">{'gender': 'male', 'name': {'title': 'Mr', 'first': 'مهراد', 'last': 'کریمی'}, 'location': {'street': {'number': 4985, 'name': 'آیت الله مدرس'}, 'city': 'نجف\u200cآباد', 'state': 'لرستان', 'country': 'Iran', 'postcode': 76642, 'coordinates': {'latitude': '18.0761', 'longitude': '-166.2554'}, 'timezone': {'offset': '+4:00', 'description': 'Abu Dhabi, Muscat, Baku, Tbilisi'}}, 'email': 'mhrd.khrymy@example.com', 'login': {'uuid': 'ed970c9b-d530-4c7d-b7f1-f070229ed520', 'username': 'yellowbutterfly958', 'password': 'hotlips', 'salt': '2wlcWC1T', 'md5': '7bc58e4f1b90c4574c98b3015a07fe56', 'sha1': '718fbec39dd040fb0bae48d9b2e827955b451583', 'sha256': 'd792ef1eff14f4d5acda31dc7dd874cd5a314e558c951abc6d13b5e2f98efe1b'}, 'dob': {'date': '1944-11-10T16:46:44.270Z', 'age': 79}, 'registered': {'date': '2011-07-04T10:04:00.914Z', 'age': 12}, 'phone': '011-68831063', 'cell': '0906-142-1679', 'id': {'name': '', 'value': None}, 'picture': {'large': 'https://randomuser.me/api/portraits/men/0.jpg', 'medium': 'https://randomuser.me/api/portraits/med/men/0.jpg', 'thumbnail': 'https://randomuser.me/api/portraits/thumb/men/0.jpg'}, 'nat': 'IR'}</msg>
<arg>${json_data['results'][0]}</arg>
<doc>Logs the given message with the given level.</doc>
<status status="PASS" start="2024-05-03T21:12:15.425138" elapsed="0.000429"/>
</kw>
<kw name="Log" owner="BuiltIn">
<msg time="2024-05-03T21:12:15.425985" level="INFO">location</msg>
<arg>${key}</arg>
<doc>Logs the given message with the given level.</doc>
<status status="PASS" start="2024-05-03T21:12:15.425860" elapsed="0.000163"/>
</kw>
<var name="${key}">location</var>
<status status="PASS" start="2024-05-03T21:12:15.424267" elapsed="0.001967"/>
</iter>
<iter>
<kw name="Dictionary Should Contain Key" owner="Collections">
<msg time="2024-05-03T21:12:15.426903" level="INFO">False</msg>
<arg>${json_data['results'][0]}</arg>
<arg>${key}</arg>
<doc>Fails if ``key`` is not found from ``dictionary``.</doc>
<status status="PASS" start="2024-05-03T21:12:15.426519" elapsed="0.000422"/>
</kw>
<kw name="Log" owner="BuiltIn">
<msg time="2024-05-03T21:12:15.427595" level="INFO">{'gender': 'male', 'name': {'title': 'Mr', 'first': 'مهراد', 'last': 'کریمی'}, 'location': {'street': {'number': 4985, 'name': 'آیت الله مدرس'}, 'city': 'نجف\u200cآباد', 'state': 'لرستان', 'country': 'Iran', 'postcode': 76642, 'coordinates': {'latitude': '18.0761', 'longitude': '-166.2554'}, 'timezone': {'offset': '+4:00', 'description': 'Abu Dhabi, Muscat, Baku, Tbilisi'}}, 'email': 'mhrd.khrymy@example.com', 'login': {'uuid': 'ed970c9b-d530-4c7d-b7f1-f070229ed520', 'username': 'yellowbutterfly958', 'password': 'hotlips', 'salt': '2wlcWC1T', 'md5': '7bc58e4f1b90c4574c98b3015a07fe56', 'sha1': '718fbec39dd040fb0bae48d9b2e827955b451583', 'sha256': 'd792ef1eff14f4d5acda31dc7dd874cd5a314e558c951abc6d13b5e2f98efe1b'}, 'dob': {'date': '1944-11-10T16:46:44.270Z', 'age': 79}, 'registered': {'date': '2011-07-04T10:04:00.914Z', 'age': 12}, 'phone': '011-68831063', 'cell': '0906-142-1679', 'id': {'name': '', 'value': None}, 'picture': {'large': 'https://randomuser.me/api/portraits/men/0.jpg', 'medium': 'https://randomuser.me/api/portraits/med/men/0.jpg', 'thumbnail': 'https://randomuser.me/api/portraits/thumb/men/0.jpg'}, 'nat': 'IR'}</msg>
<arg>${json_data['results'][0]}</arg>
<doc>Logs the given message with the given level.</doc>
<status status="PASS" start="2024-05-03T21:12:15.427235" elapsed="0.000410"/>
</kw>
<kw name="Log" owner="BuiltIn">
<msg time="2024-05-03T21:12:15.428061" level="INFO">email</msg>
<arg>${key}</arg>
<doc>Logs the given message with the given level.</doc>
<status status="PASS" start="2024-05-03T21:12:15.427936" elapsed="0.000163"/>
</kw>
<var name="${key}">email</var>
<status status="PASS" start="2024-05-03T21:12:15.426408" elapsed="0.001927"/>
</iter>
<iter>
<kw name="Dictionary Should Contain Key" owner="Collections">
<msg time="2024-05-03T21:12:15.429028" level="INFO">False</msg>
<arg>${json_data['results'][0]}</arg>
<arg>${key}</arg>
<doc>Fails if ``key`` is not found from ``dictionary``.</doc>
<status status="PASS" start="2024-05-03T21:12:15.428630" elapsed="0.000436"/>
</kw>
<kw name="Log" owner="BuiltIn">
<msg time="2024-05-03T21:12:15.429730" level="INFO">{'gender': 'male', 'name': {'title': 'Mr', 'first': 'مهراد', 'last': 'کریمی'}, 'location': {'street': {'number': 4985, 'name': 'آیت الله مدرس'}, 'city': 'نجف\u200cآباد', 'state': 'لرستان', 'country': 'Iran', 'postcode': 76642, 'coordinates': {'latitude': '18.0761', 'longitude': '-166.2554'}, 'timezone': {'offset': '+4:00', 'description': 'Abu Dhabi, Muscat, Baku, Tbilisi'}}, 'email': 'mhrd.khrymy@example.com', 'login': {'uuid': 'ed970c9b-d530-4c7d-b7f1-f070229ed520', 'username': 'yellowbutterfly958', 'password': 'hotlips', 'salt': '2wlcWC1T', 'md5': '7bc58e4f1b90c4574c98b3015a07fe56', 'sha1': '718fbec39dd040fb0bae48d9b2e827955b451583', 'sha256': 'd792ef1eff14f4d5acda31dc7dd874cd5a314e558c951abc6d13b5e2f98efe1b'}, 'dob': {'date': '1944-11-10T16:46:44.270Z', 'age': 79}, 'registered': {'date': '2011-07-04T10:04:00.914Z', 'age': 12}, 'phone': '011-68831063', 'cell': '0906-142-1679', 'id': {'name': '', 'value': None}, 'picture': {'large': 'https://randomuser.me/api/portraits/men/0.jpg', 'medium': 'https://randomuser.me/api/portraits/med/men/0.jpg', 'thumbnail': 'https://randomuser.me/api/portraits/thumb/men/0.jpg'}, 'nat': 'IR'}</msg>
<arg>${json_data['results'][0]}</arg>
<doc>Logs the given message with the given level.</doc>
<status status="PASS" start="2024-05-03T21:12:15.429362" elapsed="0.000419"/>
</kw>
<kw name="Log" owner="BuiltIn">
<msg time="2024-05-03T21:12:15.430200" level="INFO">login</msg>
<arg>${key}</arg>
<doc>Logs the given message with the given level.</doc>
<status status="PASS" start="2024-05-03T21:12:15.430073" elapsed="0.000198"/>
</kw>
<var name="${key}">login</var>
<status status="PASS" start="2024-05-03T21:12:15.428520" elapsed="0.001967"/>
</iter>
<var>${key}</var>
<value>@{expected_keys}</value>
<status status="PASS" start="2024-05-03T21:12:15.419749" elapsed="0.010858"/>
</for>
<kw name="Create List" owner="BuiltIn">
<msg time="2024-05-03T21:12:15.430935" level="INFO">${expected_keysTwo} = ['username', 'password']</msg>
<var>${expected_keysTwo}</var>
<arg>username</arg>
<arg>password</arg>
<doc>Returns a list containing given items.</doc>
<status status="PASS" start="2024-05-03T21:12:15.430799" elapsed="0.000160"/>
</kw>
<for flavor="IN">
<iter>
<kw name="Dictionary Should Contain Key" owner="Collections">
<msg time="2024-05-03T21:12:15.431847" level="INFO">False</msg>
<arg>${json_data['results'][0]['login']}</arg>
<arg>${keyTwo}</arg>
<doc>Fails if ``key`` is not found from ``dictionary``.</doc>
<status status="PASS" start="2024-05-03T21:12:15.431458" elapsed="0.000427"/>
</kw>
<kw name="Dictionary Should Contain Key" owner="Collections">
<msg time="2024-05-03T21:12:15.432604" level="INFO">False</msg>
<arg>${json_data['results'][0]['login']}</arg>
<arg>${keyTwo}</arg>
<doc>Fails if ``key`` is not found from ``dictionary``.</doc>
<status status="PASS" start="2024-05-03T21:12:15.432176" elapsed="0.000466"/>
</kw>
<kw name="Log" owner="BuiltIn">
<msg time="2024-05-03T21:12:15.433063" level="INFO">username</msg>
<arg>${keyTwo}</arg>
<doc>Logs the given message with the given level.</doc>
<status status="PASS" start="2024-05-03T21:12:15.432935" elapsed="0.000171"/>
</kw>
<var name="${keyTwo}">username</var>
<status status="PASS" start="2024-05-03T21:12:15.431348" elapsed="0.001971"/>
</iter>
<iter>
<kw name="Dictionary Should Contain Key" owner="Collections">
<msg time="2024-05-03T21:12:15.434057" level="INFO">False</msg>
<arg>${json_data['results'][0]['login']}</arg>
<arg>${keyTwo}</arg>
<doc>Fails if ``key`` is not found from ``dictionary``.</doc>
<status status="PASS" start="2024-05-03T21:12:15.433598" elapsed="0.000500"/>
</kw>
<kw name="Dictionary Should Contain Key" owner="Collections">
<msg time="2024-05-03T21:12:15.434773" level="INFO">False</msg>
<arg>${json_data['results'][0]['login']}</arg>
<arg>${keyTwo}</arg>
<doc>Fails if ``key`` is not found from ``dictionary``.</doc>
<status status="PASS" start="2024-05-03T21:12:15.434393" elapsed="0.000417"/>
</kw>
<kw name="Log" owner="BuiltIn">
<msg time="2024-05-03T21:12:15.435226" level="INFO">password</msg>
<arg>${keyTwo}</arg>
<doc>Logs the given message with the given level.</doc>
<status status="PASS" start="2024-05-03T21:12:15.435101" elapsed="0.000162"/>
</kw>
<var name="${keyTwo}">password</var>
<status status="PASS" start="2024-05-03T21:12:15.433489" elapsed="0.001984"/>
</iter>
<var>${keyTwo}</var>
<value>@{expected_keysTwo}</value>
<status status="PASS" start="2024-05-03T21:12:15.431194" elapsed="0.004404"/>
</for>
<status status="PASS" start="2024-05-03T21:12:15.314344" elapsed="0.121397"/>
</kw>
<doc>Testa a estrutura da resposta da API.</doc>
<tag>testeEstruturaResposta</tag>
<status status="PASS" start="2024-05-03T21:12:15.313807" elapsed="0.122095"/>
</test>
<test id="s1-s1-t4" name="Validar tipos de dados" line="28">
<kw name="Teste de Tipos de Dados" owner="random-user-service">
<kw name="GET On Session" owner="RequestsLibrary">
<msg time="2024-05-03T21:12:15.516773" level="INFO">GET Request : url=https://randomuser.me/api 
 path_url=/api 
 headers={'User-Agent': 'python-requests/2.31.0', 'Accept-Encoding': 'gzip, deflate', 'Accept': '*/*', 'Connection': 'keep-alive'} 
 body=None 
 </msg>
<msg time="2024-05-03T21:12:15.516886" level="INFO">GET Response : url=https://randomuser.me/api 
 status=200, reason=OK 
 headers={'Date': 'Fri, 03 May 2024 21:12:15 GMT', 'Content-Type': 'application/json; charset=utf-8', 'Transfer-Encoding': 'chunked', 'Connection': 'keep-alive', 'X-Powered-By': 'Express', 'Access-Control-Allow-Origin': '*', 'Cache-Control': 'no-cache', 'ETag': 'W/"470-8/qSw9LhF4KRSAucgOXU+bI30mk"', 'Vary': 'Accept-Encoding', 'Content-Encoding': 'gzip', 'CF-Cache-Status': 'DYNAMIC', 'Report-To': '{"endpoints":[{"url":"https:\\/\\/a.nel.cloudflare.com\\/report\\/v4?s=T1SUPtrYbEbk9BBKkjQP3fN1SmzE13m9q7OS8LAkU2EwvU3QIltsskgZ5K8ZGFD14XHdLHks3crEnM8glzgp3XyAwWtls6qdmWip9877qwuUMoDQ7l3av7TwIVoZlJra"}],"group":"cf-nel","max_age":604800}', 'NEL': '{"success_fraction":0,"report_to":"cf-nel","max_age":604800}', 'Server': 'cloudflare', 'CF-RAY': '87e33f887816615b-ORD', 'alt-svc': 'h3=":443"; ma=86400'} 
 body={"results":[{"gender":"female","name":{"title":"Ms","first":"Esther","last":"Vargas"},"location":{"street":{"number":2492,"name":"Calle de Segovia"},"city":"Logroño","state":"Ceuta","country":"Spain","postcode":28339,"coordinates":{"latitude":"-35.8537","longitude":"160.7883"},"timezone":{"offset":"+4:30","description":"Kabul"}},"email":"esther.vargas@example.com","login":{"uuid":"5fca3977-354d-48a5-96de-3afac7a048cc","username":"whiteduck692","password":"stream","salt":"wsZFNw1y","md5":"2c851f7c1e82d8bb8933deb30b29f102","sha1":"361bcf91b8e5ac422d0f38d5d9a0cf5736646066","sha256":"baf8dff180a44e7a34981312efa389fbc7f356a55f7eff81fe60acfa86845b17"},"dob":{"date":"1998-04-28T18:09:32.150Z","age":26},"registered":{"date":"2015-09-22T04:16:39.005Z","age":8},"phone":"946-025-783","cell":"642-569-565","id":{"name":"DNI","value":"45145951-E"},"picture":{"large":"https://randomuser.me/api/portraits/women/75.jpg","medium":"https://randomuser.me/api/portraits/med/women/75.jpg","thumbnail":"https://randomuser.me/api/portraits/thumb/women/75.jpg"},"nat":"ES"}],"info":{"seed":"4b182a64fe9a7723","results":1,"page":1,"version":"1.4"}} 
 </msg>
<msg time="2024-05-03T21:12:15.516978" level="INFO">/opt/hostedtoolcache/Python/3.12.3/x64/lib/python3.12/site-packages/urllib3/connectionpool.py:1103: InsecureRequestWarning: Unverified HTTPS request is being made to host 'randomuser.me'. Adding certificate verification is strongly advised. See: https://urllib3.readthedocs.io/en/latest/advanced-usage.html#tls-warnings
  warnings.warn(</msg>
<msg time="2024-05-03T21:12:15.517139" level="INFO">${response} = &lt;Response [200]&gt;</msg>
<var>${response}</var>
<arg>consultarAPI</arg>
<arg>/api</arg>
<doc>Sends a GET request on a previously created HTTP Session.</doc>
<status status="PASS" start="2024-05-03T21:12:15.438430" elapsed="0.078759"/>
</kw>
<kw name="Set Variable" owner="BuiltIn">
<msg time="2024-05-03T21:12:15.518261" level="INFO">${json_data} = {'results': [{'gender': 'female', 'name': {'title': 'Ms', 'first': 'Esther', 'last': 'Vargas'}, 'location': {'street': {'number': 2492, 'name': 'Calle de Segovia'}, 'city': 'Logroño', 'state': 'Ceuta'...</msg>
<var>${json_data}</var>
<arg>${response.json()}</arg>
<doc>Returns the given values which can then be assigned to a variables.</doc>
<status status="PASS" start="2024-05-03T21:12:15.517700" elapsed="0.000591"/>
</kw>
<kw name="Log" owner="BuiltIn">
<msg time="2024-05-03T21:12:15.518806" level="INFO">{'results': [{'gender': 'female', 'name': {'title': 'Ms', 'first': 'Esther', 'last': 'Vargas'}, 'location': {'street': {'number': 2492, 'name': 'Calle de Segovia'}, 'city': 'Logroño', 'state': 'Ceuta', 'country': 'Spain', 'postcode': 28339, 'coordinates': {'latitude': '-35.8537', 'longitude': '160.7883'}, 'timezone': {'offset': '+4:30', 'description': 'Kabul'}}, 'email': 'esther.vargas@example.com', 'login': {'uuid': '5fca3977-354d-48a5-96de-3afac7a048cc', 'username': 'whiteduck692', 'password': 'stream', 'salt': 'wsZFNw1y', 'md5': '2c851f7c1e82d8bb8933deb30b29f102', 'sha1': '361bcf91b8e5ac422d0f38d5d9a0cf5736646066', 'sha256': 'baf8dff180a44e7a34981312efa389fbc7f356a55f7eff81fe60acfa86845b17'}, 'dob': {'date': '1998-04-28T18:09:32.150Z', 'age': 26}, 'registered': {'date': '2015-09-22T04:16:39.005Z', 'age': 8}, 'phone': '946-025-783', 'cell': '642-569-565', 'id': {'name': 'DNI', 'value': '45145951-E'}, 'picture': {'large': 'https://randomuser.me/api/portraits/women/75.jpg', 'medium': 'https://randomuser.me/api/portraits/med/women/75.jpg', 'thumbnail': 'https://randomuser.me/api/portraits/thumb/women/75.jpg'}, 'nat': 'ES'}], 'info': {'seed': '4b182a64fe9a7723', 'results': 1, 'page': 1, 'version': '1.4'}}</msg>
<arg>${json_data}</arg>
<doc>Logs the given message with the given level.</doc>
<status status="PASS" start="2024-05-03T21:12:15.518636" elapsed="0.000259"/>
</kw>
<kw name="Should Be String" owner="String">
<arg>${json_data['results'][0]['gender']}</arg>
<doc>Fails if the given ``item`` is not a string.</doc>
<status status="PASS" start="2024-05-03T21:12:15.519205" elapsed="0.000385"/>
</kw>
<kw name="Should Match Regexp" owner="BuiltIn">
<arg>${json_data['results'][0]['email']}</arg>
<arg>^[a-zA-Z0-9._%+-]+@[a-zA-Z0-9.-]+\.[a-zA-Z]{2,}$</arg>
<doc>Fails if ``string`` does not match ``pattern`` as a regular expression.</doc>
<status status="PASS" start="2024-05-03T21:12:15.519794" elapsed="0.000548"/>
</kw>
<kw name="Should Match Regexp" owner="BuiltIn">
<arg>${json_data['results'][0]['dob']['date']}</arg>
<arg>\\d{4}-\\d{2}-\\d{2}T\\d{2}:\\d{2}:\\d{2}\\.\\d{3}Z</arg>
<doc>Fails if ``string`` does not match ``pattern`` as a regular expression.</doc>
<status status="PASS" start="2024-05-03T21:12:15.520543" elapsed="0.000498"/>
</kw>
<kw name="Should Match Regexp" owner="BuiltIn">
<arg>${json_data['results'][0]['registered']['date']}</arg>
<arg>\\d{4}-\\d{2}-\\d{2}T\\d{2}:\\d{2}:\\d{2}\\.\\d{3}Z</arg>
<doc>Fails if ``string`` does not match ``pattern`` as a regular expression.</doc>
<status status="PASS" start="2024-05-03T21:12:15.521234" elapsed="0.000367"/>
</kw>
<kw name="Should Match Regexp" owner="BuiltIn">
<arg>${json_data['results'][0]['picture']['large']}</arg>
<arg>^https?://.*\.(?:png|jpe?g|gif|bmp)$</arg>
<doc>Fails if ``string`` does not match ``pattern`` as a regular expression.</doc>
<status status="PASS" start="2024-05-03T21:12:15.521790" elapsed="0.000473"/>
</kw>
<kw name="Should Match Regexp" owner="BuiltIn">
<arg>${json_data['results'][0]['picture']['medium']}</arg>
<arg>^https?://.*\.(?:png|jpe?g|gif|bmp)$</arg>
<doc>Fails if ``string`` does not match ``pattern`` as a regular expression.</doc>
<status status="PASS" start="2024-05-03T21:12:15.522450" elapsed="0.000351"/>
</kw>
<kw name="Should Match Regexp" owner="BuiltIn">
<arg>${json_data['results'][0]['picture']['thumbnail']}</arg>
<arg>^https?://.*\.(?:png|jpe?g|gif|bmp)$</arg>
<doc>Fails if ``string`` does not match ``pattern`` as a regular expression.</doc>
<status status="PASS" start="2024-05-03T21:12:15.522988" elapsed="0.000350"/>
</kw>
<kw name="Log" owner="BuiltIn">
<msg time="2024-05-03T21:12:15.523833" level="INFO">{'large': 'https://randomuser.me/api/portraits/women/75.jpg', 'medium': 'https://randomuser.me/api/portraits/med/women/75.jpg', 'thumbnail': 'https://randomuser.me/api/portraits/thumb/women/75.jpg'}</msg>
<arg>${json_data['results'][0]['picture']}</arg>
<doc>Logs the given message with the given level.</doc>
<status status="PASS" start="2024-05-03T21:12:15.523515" elapsed="0.000359"/>
</kw>
<status status="PASS" start="2024-05-03T21:12:15.438201" elapsed="0.085932"/>
</kw>
<kw name="Teste de Tipos de Dados - Postcode" owner="random-user-service">
<kw name="GET On Session" owner="RequestsLibrary">
<msg time="2024-05-03T21:12:15.611008" level="INFO">GET Request : url=https://randomuser.me/api 
 path_url=/api 
 headers={'User-Agent': 'python-requests/2.31.0', 'Accept-Encoding': 'gzip, deflate', 'Accept': '*/*', 'Connection': 'keep-alive'} 
 body=None 
 </msg>
<msg time="2024-05-03T21:12:15.611123" level="INFO">GET Response : url=https://randomuser.me/api 
 status=200, reason=OK 
 headers={'Date': 'Fri, 03 May 2024 21:12:15 GMT', 'Content-Type': 'application/json; charset=utf-8', 'Transfer-Encoding': 'chunked', 'Connection': 'keep-alive', 'X-Powered-By': 'Express', 'Access-Control-Allow-Origin': '*', 'Cache-Control': 'no-cache', 'ETag': 'W/"474-u8BVwBTykqk5ZCdHosQE2xAkwQw"', 'Vary': 'Accept-Encoding', 'Content-Encoding': 'gzip', 'CF-Cache-Status': 'DYNAMIC', 'Report-To': '{"endpoints":[{"url":"https:\\/\\/a.nel.cloudflare.com\\/report\\/v4?s=fS%2Ba%2FEvlAAFIoCCXt3vQqGfAUxl3g3Uf7o5YCUFkIA6fTe7DjprF7G3uxbTz6OjpHgl0QiTa2TUfyWYCB%2BO5ljusvBHMtM1WV5iW2AzZAPusO6gxHWYwqNDNhtoVK81l"}],"group":"cf-nel","max_age":604800}', 'NEL': '{"success_fraction":0,"report_to":"cf-nel","max_age":604800}', 'Server': 'cloudflare', 'CF-RAY': '87e33f8908c6615b-ORD', 'alt-svc': 'h3=":443"; ma=86400'} 
 body={"results":[{"gender":"male","name":{"title":"Mr","first":"Murat","last":"Örge"},"location":{"street":{"number":708,"name":"Kushimoto Sk"},"city":"Bitlis","state":"Kars","country":"Turkey","postcode":76322,"coordinates":{"latitude":"71.3325","longitude":"-151.2017"},"timezone":{"offset":"+4:00","description":"Abu Dhabi, Muscat, Baku, Tbilisi"}},"email":"murat.orge@example.com","login":{"uuid":"bf91327b-3083-4d22-8dd4-19efbdd8a695","username":"ticklishfish196","password":"store","salt":"obFpZhjI","md5":"4659eacfff8a0127d2691fda1babf070","sha1":"27c722fe8b5386b1cd9839d502b5321c12f271b8","sha256":"d37fb85449d1b3b123999271f35069130ba15b1d6644c5a4b9c468a32475f26c"},"dob":{"date":"1977-12-10T00:15:35.501Z","age":46},"registered":{"date":"2020-03-29T03:20:42.998Z","age":4},"phone":"(788)-564-6352","cell":"(384)-610-9832","id":{"name":"","value":null},"picture":{"large":"https://randomuser.me/api/portraits/men/96.jpg","medium":"https://randomuser.me/api/portraits/med/men/96.jpg","thumbnail":"https://randomuser.me/api/portraits/thumb/men/96.jpg"},"nat":"TR"}],"info":{"seed":"caa741d1b03ead7f","results":1,"page":1,"version":"1.4"}} 
 </msg>
<msg time="2024-05-03T21:12:15.611217" level="INFO">/opt/hostedtoolcache/Python/3.12.3/x64/lib/python3.12/site-packages/urllib3/connectionpool.py:1103: InsecureRequestWarning: Unverified HTTPS request is being made to host 'randomuser.me'. Adding certificate verification is strongly advised. See: https://urllib3.readthedocs.io/en/latest/advanced-usage.html#tls-warnings
  warnings.warn(</msg>
<msg time="2024-05-03T21:12:15.611381" level="INFO">${response} = &lt;Response [200]&gt;</msg>
<var>${response}</var>
<arg>consultarAPI</arg>
<arg>/api</arg>
<doc>Sends a GET request on a previously created HTTP Session.</doc>
<status status="PASS" start="2024-05-03T21:12:15.524627" elapsed="0.086807"/>
</kw>
<kw name="Set Variable" owner="BuiltIn">
<msg time="2024-05-03T21:12:15.612516" level="INFO">${json_data} = {'results': [{'gender': 'male', 'name': {'title': 'Mr', 'first': 'Murat', 'last': 'Örge'}, 'location': {'street': {'number': 708, 'name': 'Kushimoto Sk'}, 'city': 'Bitlis', 'state': 'Kars', 'country':...</msg>
<var>${json_data}</var>
<arg>${response.json()}</arg>
<doc>Returns the given values which can then be assigned to a variables.</doc>
<status status="PASS" start="2024-05-03T21:12:15.611922" elapsed="0.000624"/>
</kw>
<kw name="Log" owner="BuiltIn">
<msg time="2024-05-03T21:12:15.613061" level="INFO">{'results': [{'gender': 'male', 'name': {'title': 'Mr', 'first': 'Murat', 'last': 'Örge'}, 'location': {'street': {'number': 708, 'name': 'Kushimoto Sk'}, 'city': 'Bitlis', 'state': 'Kars', 'country': 'Turkey', 'postcode': 76322, 'coordinates': {'latitude': '71.3325', 'longitude': '-151.2017'}, 'timezone': {'offset': '+4:00', 'description': 'Abu Dhabi, Muscat, Baku, Tbilisi'}}, 'email': 'murat.orge@example.com', 'login': {'uuid': 'bf91327b-3083-4d22-8dd4-19efbdd8a695', 'username': 'ticklishfish196', 'password': 'store', 'salt': 'obFpZhjI', 'md5': '4659eacfff8a0127d2691fda1babf070', 'sha1': '27c722fe8b5386b1cd9839d502b5321c12f271b8', 'sha256': 'd37fb85449d1b3b123999271f35069130ba15b1d6644c5a4b9c468a32475f26c'}, 'dob': {'date': '1977-12-10T00:15:35.501Z', 'age': 46}, 'registered': {'date': '2020-03-29T03:20:42.998Z', 'age': 4}, 'phone': '(788)-564-6352', 'cell': '(384)-610-9832', 'id': {'name': '', 'value': None}, 'picture': {'large': 'https://randomuser.me/api/portraits/men/96.jpg', 'medium': 'https://randomuser.me/api/portraits/med/men/96.jpg', 'thumbnail': 'https://randomuser.me/api/portraits/thumb/men/96.jpg'}, 'nat': 'TR'}], 'info': {'seed': 'caa741d1b03ead7f', 'results': 1, 'page': 1, 'version': '1.4'}}</msg>
<arg>${json_data}</arg>
<doc>Logs the given message with the given level.</doc>
<status status="PASS" start="2024-05-03T21:12:15.612892" elapsed="0.000253"/>
</kw>
<kw name="Should Be Equal As Numbers" owner="BuiltIn">
<arg>${json_data['results'][0]['location']['postcode']}</arg>
<arg>${json_data['results'][0]['location']['postcode']}</arg>
<doc>Fails if objects are unequal after converting them to real numbers.</doc>
<status status="PASS" start="2024-05-03T21:12:15.613637" elapsed="0.000653"/>
</kw>
<kw name="Log" owner="BuiltIn">
<msg time="2024-05-03T21:12:15.614831" level="INFO">76322</msg>
<arg>${json_data['results'][0]['location']['postcode']}</arg>
<doc>Logs the given message with the given level.</doc>
<status status="PASS" start="2024-05-03T21:12:15.614487" elapsed="0.000384"/>
</kw>
<status status="PASS" start="2024-05-03T21:12:15.524390" elapsed="0.090737"/>
</kw>
<doc>Testa se os tipos de dados na resposta da API estão corretos.</doc>
<tag>testeTiposDados</tag>
<status status="PASS" start="2024-05-03T21:12:15.437737" elapsed="0.177563"/>
</test>
<test id="s1-s1-t5" name="Validar conteudo" line="35">
<kw name="Teste de Tipos de Conteudo" owner="random-user-service">
<kw name="GET On Session" owner="RequestsLibrary">
<msg time="2024-05-03T21:12:15.710301" level="INFO">GET Request : url=https://randomuser.me/api 
 path_url=/api 
 headers={'User-Agent': 'python-requests/2.31.0', 'Accept-Encoding': 'gzip, deflate', 'Accept': '*/*', 'Connection': 'keep-alive'} 
 body=None 
 </msg>
<msg time="2024-05-03T21:12:15.710405" level="INFO">GET Response : url=https://randomuser.me/api 
 status=200, reason=OK 
 headers={'Date': 'Fri, 03 May 2024 21:12:15 GMT', 'Content-Type': 'application/json; charset=utf-8', 'Transfer-Encoding': 'chunked', 'Connection': 'keep-alive', 'X-Powered-By': 'Express', 'Access-Control-Allow-Origin': '*', 'Cache-Control': 'no-cache', 'ETag': 'W/"471-DTTuP9P/X0cIXd0tbyEVaHgT54c"', 'Vary': 'Accept-Encoding', 'Content-Encoding': 'gzip', 'CF-Cache-Status': 'DYNAMIC', 'Report-To': '{"endpoints":[{"url":"https:\\/\\/a.nel.cloudflare.com\\/report\\/v4?s=0DAeNqJAaj99XcCHn8qhI0N0RXoPOf%2FdRJgMy5P3JRoEs6dubguK6PL1PRw0o%2BrTJgWlazRnojTAQmhXK5OPY7EnKMfRtB8qNRk7g1zURUIrWw9JUwJ1LDkTiUx0T9On"}],"group":"cf-nel","max_age":604800}', 'NEL': '{"success_fraction":0,"report_to":"cf-nel","max_age":604800}', 'Server': 'cloudflare', 'CF-RAY': '87e33f89996e615b-ORD', 'alt-svc': 'h3=":443"; ma=86400'} 
 body={"results":[{"gender":"male","name":{"title":"Mr","first":"Jack","last":"Jensen"},"location":{"street":{"number":7899,"name":"Royal Ln"},"city":"Rockhampton","state":"South Australia","country":"Australia","postcode":9905,"coordinates":{"latitude":"-83.0571","longitude":"-114.6461"},"timezone":{"offset":"+3:30","description":"Tehran"}},"email":"jack.jensen@example.com","login":{"uuid":"779cbb98-358d-4fc2-ab4b-7ddd7e1345f0","username":"crazypanda546","password":"project","salt":"nuIZ8XjA","md5":"75034a71f4514899a87ba5f202ce3df1","sha1":"0c5e0f71647b166fa4be766008d3e0065456e1d9","sha256":"3e06f50edc5a8c9262665f57b8ff25913d515a192e3a72fdadc002317bd108d5"},"dob":{"date":"1991-02-28T01:49:25.785Z","age":33},"registered":{"date":"2019-08-29T12:54:46.980Z","age":4},"phone":"04-9113-3902","cell":"0453-301-421","id":{"name":"TFN","value":"474625531"},"picture":{"large":"https://randomuser.me/api/portraits/men/86.jpg","medium":"https://randomuser.me/api/portraits/med/men/86.jpg","thumbnail":"https://randomuser.me/api/portraits/thumb/men/86.jpg"},"nat":"AU"}],"info":{"seed":"8c935c05c30787fc","results":1,"page":1,"version":"1.4"}} 
 </msg>
<msg time="2024-05-03T21:12:15.710488" level="INFO">/opt/hostedtoolcache/Python/3.12.3/x64/lib/python3.12/site-packages/urllib3/connectionpool.py:1103: InsecureRequestWarning: Unverified HTTPS request is being made to host 'randomuser.me'. Adding certificate verification is strongly advised. See: https://urllib3.readthedocs.io/en/latest/advanced-usage.html#tls-warnings
  warnings.warn(</msg>
<msg time="2024-05-03T21:12:15.710637" level="INFO">${response} = &lt;Response [200]&gt;</msg>
<var>${response}</var>
<arg>consultarAPI</arg>
<arg>/api</arg>
<doc>Sends a GET request on a previously created HTTP Session.</doc>
<status status="PASS" start="2024-05-03T21:12:15.617830" elapsed="0.092846"/>
</kw>
<kw name="Set Variable" owner="BuiltIn">
<msg time="2024-05-03T21:12:15.711628" level="INFO">${json_data} = {'results': [{'gender': 'male', 'name': {'title': 'Mr', 'first': 'Jack', 'last': 'Jensen'}, 'location': {'street': {'number': 7899, 'name': 'Royal Ln'}, 'city': 'Rockhampton', 'state': 'South Australi...</msg>
<var>${json_data}</var>
<arg>${response.json()}</arg>
<doc>Returns the given values which can then be assigned to a variables.</doc>
<status status="PASS" start="2024-05-03T21:12:15.711132" elapsed="0.000524"/>
</kw>
<kw name="Set Variable" owner="BuiltIn">
<msg time="2024-05-03T21:12:15.712363" level="INFO">${name_title} = Mr</msg>
<var>${name_title}</var>
<arg>${json_data["results"][0]["name"]["title"]}</arg>
<doc>Returns the given values which can then be assigned to a variables.</doc>
<status status="PASS" start="2024-05-03T21:12:15.711953" elapsed="0.000436"/>
</kw>
<kw name="Create List" owner="BuiltIn">
<msg time="2024-05-03T21:12:15.712832" level="INFO">${allowed_titles} = ['Mr', 'Ms', 'Miss', 'Mrs', 'Madame', 'Monsieur']</msg>
<var>${allowed_titles}</var>
<arg>Mr</arg>
<arg>Ms</arg>
<arg>Miss</arg>
<arg>Mrs</arg>
<arg>Madame</arg>
<arg>Monsieur</arg>
<doc>Returns a list containing given items.</doc>
<status status="PASS" start="2024-05-03T21:12:15.712685" elapsed="0.000170"/>
</kw>
<kw name="List Should Contain Value" owner="Collections">
<msg time="2024-05-03T21:12:15.713323" level="INFO">False</msg>
<arg>${allowed_titles}</arg>
<arg>${name_title}</arg>
<doc>Fails if the ``value`` is not found from ``list``.</doc>
<status status="PASS" start="2024-05-03T21:12:15.713150" elapsed="0.000209"/>
</kw>
<kw name="Set Variable" owner="BuiltIn">
<msg time="2024-05-03T21:12:15.714030" level="INFO">${name_country} = AU</msg>
<var>${name_country}</var>
<arg>${json_data["results"][0]["nat"]}</arg>
<doc>Returns the given values which can then be assigned to a variables.</doc>
<status status="PASS" start="2024-05-03T21:12:15.713650" elapsed="0.000405"/>
</kw>
<kw name="Create List" owner="BuiltIn">
<msg time="2024-05-03T21:12:15.714948" level="INFO">${list_country} = ['AD', 'AE', 'AF', 'AG', 'AI', 'AL', 'AM', 'AO', 'AQ', 'AR', 'AS', 'AT', 'AU', 'AW', 'AX', 'AZ', 'BA', 'BB', 'BD', 'BE', 'BF', 'BG', 'BH', 'BI', 'BJ', 'BL', 'BM', 'BN', 'BO', 'BQ', 'BR', 'BS', 'BT', '...</msg>
<var>${list_country}</var>
<arg>AD</arg>
<arg>AE</arg>
<arg>AF</arg>
<arg>AG</arg>
<arg>AI</arg>
<arg>AL</arg>
<arg>AM</arg>
<arg>AO</arg>
<arg>AQ</arg>
<arg>AR</arg>
<arg>AS</arg>
<arg>AT</arg>
<arg>AU</arg>
<arg>AW</arg>
<arg>AX</arg>
<arg>AZ</arg>
<arg>BA</arg>
<arg>BB</arg>
<arg>BD</arg>
<arg>BE</arg>
<arg>BF</arg>
<arg>BG</arg>
<arg>BH</arg>
<arg>BI</arg>
<arg>BJ</arg>
<arg>BL</arg>
<arg>BM</arg>
<arg>BN</arg>
<arg>BO</arg>
<arg>BQ</arg>
<arg>BR</arg>
<arg>BS</arg>
<arg>BT</arg>
<arg>BV</arg>
<arg>BW</arg>
<arg>BY</arg>
<arg>BZ</arg>
<arg>CA</arg>
<arg>CC</arg>
<arg>CD</arg>
<arg>CF</arg>
<arg>CG</arg>
<arg>CH</arg>
<arg>CI</arg>
<arg>CK</arg>
<arg>CL</arg>
<arg>CM</arg>
<arg>CN</arg>
<arg>CO</arg>
<arg>CR</arg>
<arg>CU</arg>
<arg>CV</arg>
<arg>CW</arg>
<arg>CX</arg>
<arg>CY</arg>
<arg>CZ</arg>
<arg>DE</arg>
<arg>DJ</arg>
<arg>DK</arg>
<arg>DM</arg>
<arg>DO</arg>
<arg>DZ</arg>
<arg>EC</arg>
<arg>EE</arg>
<arg>EG</arg>
<arg>EH</arg>
<arg>ER</arg>
<arg>ES</arg>
<arg>ET</arg>
<arg>FI</arg>
<arg>FJ</arg>
<arg>FK</arg>
<arg>FM</arg>
<arg>FO</arg>
<arg>FR</arg>
<arg>GA</arg>
<arg>GB</arg>
<arg>GD</arg>
<arg>GE</arg>
<arg>GF</arg>
<arg>GG</arg>
<arg>GH</arg>
<arg>GI</arg>
<arg>GL</arg>
<arg>GM</arg>
<arg>GN</arg>
<arg>GP</arg>
<arg>GQ</arg>
<arg>GR</arg>
<arg>GS</arg>
<arg>GT</arg>
<arg>GU</arg>
<arg>GW</arg>
<arg>GY</arg>
<arg>HK</arg>
<arg>HM</arg>
<arg>HN</arg>
<arg>HR</arg>
<arg>HT</arg>
<arg>HU</arg>
<arg>ID</arg>
<arg>IE</arg>
<arg>IL</arg>
<arg>IM</arg>
<arg>IN</arg>
<arg>IO</arg>
<arg>IQ</arg>
<arg>IR</arg>
<arg>IS</arg>
<arg>IT</arg>
<arg>JE</arg>
<arg>JM</arg>
<arg>JO</arg>
<arg>JP</arg>
<arg>KE</arg>
<arg>KG</arg>
<arg>KH</arg>
<arg>KI</arg>
<arg>KM</arg>
<arg>KN</arg>
<arg>KP</arg>
<arg>KR</arg>
<arg>KW</arg>
<arg>KY</arg>
<arg>KZ</arg>
<arg>LA</arg>
<arg>LB</arg>
<arg>LC</arg>
<arg>LI</arg>
<arg>LK</arg>
<arg>LR</arg>
<arg>LS</arg>
<arg>LT</arg>
<arg>LU</arg>
<arg>LV</arg>
<arg>LY</arg>
<arg>MA</arg>
<arg>MC</arg>
<arg>MD</arg>
<arg>ME</arg>
<arg>MF</arg>
<arg>MG</arg>
<arg>MH</arg>
<arg>MK</arg>
<arg>ML</arg>
<arg>MM</arg>
<arg>MN</arg>
<arg>MO</arg>
<arg>MP</arg>
<arg>MQ</arg>
<arg>MR</arg>
<arg>MS</arg>
<arg>MT</arg>
<arg>MU</arg>
<arg>MV</arg>
<arg>MW</arg>
<arg>MX</arg>
<arg>MY</arg>
<arg>MZ</arg>
<arg>NA</arg>
<arg>NC</arg>
<arg>NE</arg>
<arg>NF</arg>
<arg>NG</arg>
<arg>NI</arg>
<arg>NL</arg>
<arg>NO</arg>
<arg>NP</arg>
<arg>NR</arg>
<arg>NU</arg>
<arg>NZ</arg>
<arg>OM</arg>
<arg>PA</arg>
<arg>PE</arg>
<arg>PF</arg>
<arg>PG</arg>
<arg>PH</arg>
<arg>PK</arg>
<arg>PL</arg>
<arg>PM</arg>
<arg>PN</arg>
<arg>PR</arg>
<arg>PS</arg>
<arg>PT</arg>
<arg>PW</arg>
<arg>PY</arg>
<arg>QA</arg>
<arg>RE</arg>
<arg>RO</arg>
<arg>RS</arg>
<arg>RU</arg>
<arg>RW</arg>
<arg>SA</arg>
<arg>SB</arg>
<arg>SC</arg>
<arg>SD</arg>
<arg>SE</arg>
<arg>SG</arg>
<arg>SH</arg>
<arg>SI</arg>
<arg>SJ</arg>
<arg>SK</arg>
<arg>SL</arg>
<arg>SM</arg>
<arg>SN</arg>
<arg>SO</arg>
<arg>SR</arg>
<arg>SS</arg>
<arg>ST</arg>
<arg>SV</arg>
<arg>SX</arg>
<arg>SY</arg>
<arg>SZ</arg>
<arg>TC</arg>
<arg>TD</arg>
<arg>TF</arg>
<arg>TG</arg>
<arg>TH</arg>
<arg>TJ</arg>
<arg>TK</arg>
<arg>TL</arg>
<arg>TM</arg>
<arg>TN</arg>
<arg>TO</arg>
<arg>TR</arg>
<arg>TT</arg>
<arg>TV</arg>
<arg>TW</arg>
<arg>TZ</arg>
<arg>UA</arg>
<arg>UG</arg>
<arg>UM</arg>
<arg>US</arg>
<arg>UY</arg>
<arg>UZ</arg>
<arg>VA</arg>
<arg>VC</arg>
<arg>VE</arg>
<arg>VG</arg>
<arg>VI</arg>
<arg>VN</arg>
<arg>VU</arg>
<arg>WF</arg>
<arg>WS</arg>
<arg>XK</arg>
<arg>YE</arg>
<arg>YT</arg>
<arg>ZA</arg>
<arg>ZM</arg>
<arg>ZW</arg>
<doc>Returns a list containing given items.</doc>
<status status="PASS" start="2024-05-03T21:12:15.714355" elapsed="0.000618"/>
</kw>
<kw name="List Should Contain Value" owner="Collections">
<msg time="2024-05-03T21:12:15.715955" level="INFO">False</msg>
<arg>${list_country}</arg>
<arg>${name_country}</arg>
<doc>Fails if the ``value`` is not found from ``list``.</doc>
<status status="PASS" start="2024-05-03T21:12:15.715757" elapsed="0.000234"/>
</kw>
<kw name="Run Keyword If" owner="BuiltIn">
<kw name="Should Be True" owner="BuiltIn">
<arg>${True}</arg>
<doc>Fails if the given condition is not true.</doc>
<status status="PASS" start="2024-05-03T21:12:15.717089" elapsed="0.000254"/>
</kw>
<arg>${json_data["results"][0]["location"]["coordinates"]["latitude"]} &gt;= -90 and ${json_data["results"][0]["location"]["coordinates"]["latitude"]} &lt;= 90</arg>
<arg>Should Be True</arg>
<arg>${True}</arg>
<doc>Runs the given keyword with the given arguments, if ``condition`` is true.</doc>
<status status="PASS" start="2024-05-03T21:12:15.716298" elapsed="0.001175"/>
</kw>
<kw name="Run Keyword If" owner="BuiltIn">
<kw name="Should Be True" owner="BuiltIn">
<arg>${True}</arg>
<doc>Fails if the given condition is not true.</doc>
<status status="PASS" start="2024-05-03T21:12:15.718351" elapsed="0.000136"/>
</kw>
<arg>${json_data["results"][0]["location"]["coordinates"]["longitude"]} &gt;= -180 and ${json_data["results"][0]["location"]["coordinates"]["longitude"]} &lt;= 180</arg>
<arg>Should Be True</arg>
<arg>${True}</arg>
<doc>Runs the given keyword with the given arguments, if ``condition`` is true.</doc>
<status status="PASS" start="2024-05-03T21:12:15.717656" elapsed="0.000953"/>
</kw>
<status status="PASS" start="2024-05-03T21:12:15.617596" elapsed="0.101143"/>
</kw>
<doc>Testa o conteúdo específico dos campos retornados pela API.</doc>
<tag>testeConteudo</tag>
<status status="PASS" start="2024-05-03T21:12:15.617123" elapsed="0.101762"/>
</test>
<status status="PASS" start="2024-05-03T21:12:14.919007" elapsed="0.801829"/>
</suite>
<status status="PASS" start="2024-05-03T21:12:14.905603" elapsed="0.820312"/>
</suite>
<statistics>
<total>
<stat pass="5" fail="0" skip="0">All Tests</stat>
</total>
<tag>
<stat pass="1" fail="0" skip="0">testeConteudo</stat>
<stat pass="1" fail="0" skip="0">testeEstruturaResposta</stat>
<stat pass="1" fail="0" skip="0">testeRequisicaoBasica</stat>
<stat pass="1" fail="0" skip="0">testeTiposDados</stat>
</tag>
<suite>
<stat pass="5" fail="0" skip="0" id="s1" name="Tests">Tests</stat>
<stat pass="5" fail="0" skip="0" id="s1-s1" name="Random-User-Test">Tests.Random-User-Test</stat>
</suite>
</statistics>
<errors>
</errors>
</robot>
