<?xml version="1.0" encoding="UTF-8"?>
<robot generator="Robot 7.0 (Python 3.12.3 on linux)" generated="2024-04-17T15:17:01.063497" rpa="false" schemaversion="5">
<suite id="s1" name="Tests" source="/home/runner/work/DesafioQAItauRogerioJordao/DesafioQAItauRogerioJordao/RamdonUser/tests">
<suite id="s1-s1" name="Random-User-Test" source="/home/runner/work/DesafioQAItauRogerioJordao/DesafioQAItauRogerioJordao/RamdonUser/tests/random-user-test.robot">
<test id="s1-s1-t1" name="Conectar" line="13">
<kw name="Conectar API" owner="random-user-service">
<kw name="Create Session" owner="RequestsLibrary">
<msg time="2024-04-17T15:17:01.435661" level="INFO">Creating Session using : alias=consultarAPI, url=https://randomuser.me/, headers={},                     cookies={}, auth=None, timeout=None, proxies=None, verify=False,                     debug=0 </msg>
<arg>consultarAPI</arg>
<arg>${URL}</arg>
<doc>Create Session: create a HTTP session to a server</doc>
<status status="PASS" start="2024-04-17T15:17:01.435469" elapsed="0.000358"/>
</kw>
<status status="PASS" start="2024-04-17T15:17:01.434563" elapsed="0.001633"/>
</kw>
<status status="PASS" start="2024-04-17T15:17:01.433966" elapsed="0.002423"/>
</test>
<test id="s1-s1-t2" name="Validar retorno 200 e JSON Válido" line="16">
<kw name="Teste de Requisicao Basica" owner="random-user-service">
<kw name="GET On Session" owner="RequestsLibrary">
<msg time="2024-04-17T15:17:01.794395" level="INFO">GET Request : url=https://randomuser.me/api 
 path_url=/api 
 headers={'User-Agent': 'python-requests/2.31.0', 'Accept-Encoding': 'gzip, deflate', 'Accept': '*/*', 'Connection': 'keep-alive'} 
 body=None 
 </msg>
<msg time="2024-04-17T15:17:01.794542" level="INFO">GET Response : url=https://randomuser.me/api 
 status=200, reason=OK 
 headers={'Date': 'Wed, 17 Apr 2024 15:17:01 GMT', 'Content-Type': 'application/json; charset=utf-8', 'Transfer-Encoding': 'chunked', 'Connection': 'keep-alive', 'X-Powered-By': 'Express', 'Access-Control-Allow-Origin': '*', 'Cache-Control': 'no-cache', 'ETag': 'W/"494-G0hZSA2r1DYQ6Bucc4Tld/KFFZE"', 'Vary': 'Accept-Encoding', 'Content-Encoding': 'gzip', 'CF-Cache-Status': 'DYNAMIC', 'Report-To': '{"endpoints":[{"url":"https:\\/\\/a.nel.cloudflare.com\\/report\\/v4?s=5Phjao%2FOC36Ljv5wTnwbijEEo8YBhpg6LLRQwdI8tZKey7efTfIt%2BwT7mXnpCNr8OIBFxrwl7kXmNn6gYuh4rcrdz0Nng7TrHcHUFIfA8B9ZJDD7ZXTiY7%2BF%2FGTi6wPr"}],"group":"cf-nel","max_age":604800}', 'NEL': '{"success_fraction":0,"report_to":"cf-nel","max_age":604800}', 'Server': 'cloudflare', 'CF-RAY': '875d612cdce3387c-IAD', 'alt-svc': 'h3=":443"; ma=86400'} 
 body={"results":[{"gender":"male","name":{"title":"Mr","first":"Vasilije","last":"Lazović"},"location":{"street":{"number":4369,"name":"Živana Ilića"},"city":"Leskovac","state":"Rasina","country":"Serbia","postcode":71637,"coordinates":{"latitude":"55.7339","longitude":"-28.8497"},"timezone":{"offset":"-6:00","description":"Central Time (US &amp; Canada), Mexico City"}},"email":"vasilije.lazovic@example.com","login":{"uuid":"d536f6ba-55c3-4a2e-9ec8-24fa76bc7d34","username":"silverlion222","password":"titleist","salt":"uwWmNl6h","md5":"781227c82df810c90fe545139b9fd278","sha1":"33184477cb420aa05fe98a874a4d33d34c98ffc5","sha256":"b80aed784d95de88f67caf278b7ba4b8bf28f3161c9f2e64135028fc4ebc1d34"},"dob":{"date":"1959-02-28T10:44:35.451Z","age":65},"registered":{"date":"2021-07-05T10:35:32.573Z","age":2},"phone":"024-7748-232","cell":"065-4963-266","id":{"name":"SID","value":"124288035"},"picture":{"large":"https://randomuser.me/api/portraits/men/67.jpg","medium":"https://randomuser.me/api/portraits/med/men/67.jpg","thumbnail":"https://randomuser.me/api/portraits/thumb/men/67.jpg"},"nat":"RS"}],"info":{"seed":"5f475f36f9586868","results":1,"page":1,"version":"1.4"}} 
 </msg>
<msg time="2024-04-17T15:17:01.794626" level="INFO">/opt/hostedtoolcache/Python/3.12.3/x64/lib/python3.12/site-packages/urllib3/connectionpool.py:1103: InsecureRequestWarning: Unverified HTTPS request is being made to host 'randomuser.me'. Adding certificate verification is strongly advised. See: https://urllib3.readthedocs.io/en/latest/advanced-usage.html#tls-warnings
  warnings.warn(</msg>
<msg time="2024-04-17T15:17:01.794785" level="INFO">${response} = &lt;Response [200]&gt;</msg>
<var>${response}</var>
<arg>consultarAPI</arg>
<arg>/api</arg>
<doc>Sends a GET request on a previously created HTTP Session.</doc>
<status status="PASS" start="2024-04-17T15:17:01.439053" elapsed="0.355776"/>
</kw>
<kw name="Should Be Equal As Numbers" owner="BuiltIn">
<msg time="2024-04-17T15:17:01.795842" level="INFO">Argument types are:
&lt;class 'int'&gt;
&lt;class 'str'&gt;</msg>
<arg>${response.status_code}</arg>
<arg>200</arg>
<doc>Fails if objects are unequal after converting them to real numbers.</doc>
<status status="PASS" start="2024-04-17T15:17:01.795386" elapsed="0.000519"/>
</kw>
<kw name="Log" owner="BuiltIn">
<msg time="2024-04-17T15:17:01.796650" level="INFO">200</msg>
<arg>${response.status_code}</arg>
<doc>Logs the given message with the given level.</doc>
<status status="PASS" start="2024-04-17T15:17:01.796298" elapsed="0.000392"/>
</kw>
<kw name="Set Variable" owner="BuiltIn">
<msg time="2024-04-17T15:17:01.797493" level="INFO">${json_data} = {'results': [{'gender': 'male', 'name': {'title': 'Mr', 'first': 'Vasilije', 'last': 'Lazović'}, 'location': {'street': {'number': 4369, 'name': 'Živana Ilića'}, 'city': 'Leskovac', 'state': 'Rasina',...</msg>
<var>${json_data}</var>
<arg>${response.json()}</arg>
<doc>Returns the given values which can then be assigned to a variables.</doc>
<status status="PASS" start="2024-04-17T15:17:01.796999" elapsed="0.000525"/>
</kw>
<kw name="Dictionary Should Contain Key" owner="Collections">
<msg time="2024-04-17T15:17:01.797995" level="INFO">False</msg>
<arg>${json_data}</arg>
<arg>results</arg>
<doc>Fails if ``key`` is not found from ``dictionary``.</doc>
<status status="PASS" start="2024-04-17T15:17:01.797831" elapsed="0.000202"/>
</kw>
<status status="PASS" start="2024-04-17T15:17:01.438807" elapsed="0.359480"/>
</kw>
<doc>Testa se a API responde corretamente e retorna um objeto JSON válido.</doc>
<tag>testeRequisicaoBasica</tag>
<status status="PASS" start="2024-04-17T15:17:01.438256" elapsed="0.360210"/>
</test>
<test id="s1-s1-t3" name="Validar estrutura de resposta" line="22">
<kw name="Teste de Estrutura de Resposta" owner="random-user-service">
<kw name="GET On Session" owner="RequestsLibrary">
<msg time="2024-04-17T15:17:01.877414" level="INFO">GET Request : url=https://randomuser.me/api 
 path_url=/api 
 headers={'User-Agent': 'python-requests/2.31.0', 'Accept-Encoding': 'gzip, deflate', 'Accept': '*/*', 'Connection': 'keep-alive'} 
 body=None 
 </msg>
<msg time="2024-04-17T15:17:01.877481" level="INFO">GET Response : url=https://randomuser.me/api 
 status=200, reason=OK 
 headers={'Date': 'Wed, 17 Apr 2024 15:17:01 GMT', 'Content-Type': 'application/json; charset=utf-8', 'Transfer-Encoding': 'chunked', 'Connection': 'keep-alive', 'X-Powered-By': 'Express', 'Access-Control-Allow-Origin': '*', 'Cache-Control': 'no-cache', 'ETag': 'W/"493-uCy8aFOgBHYDD7ia2wp5DJUZLLc"', 'Vary': 'Accept-Encoding', 'Content-Encoding': 'gzip', 'CF-Cache-Status': 'DYNAMIC', 'Report-To': '{"endpoints":[{"url":"https:\\/\\/a.nel.cloudflare.com\\/report\\/v4?s=DMOXPy8pQ5Wo0QTNUpedZ4sWWNAbpzeLBOBLSMvOvt9Eh4BZIuU7AsZPcmg8W1JNM3tO2rCTTzDiEizOlGcZ9PNs5x3XI8DADr5WdZ%2BI1zMsAfm8IR0tVULEEhbYQ3f0"}],"group":"cf-nel","max_age":604800}', 'NEL': '{"success_fraction":0,"report_to":"cf-nel","max_age":604800}', 'Server': 'cloudflare', 'CF-RAY': '875d612e4efa387c-IAD', 'alt-svc': 'h3=":443"; ma=86400'} 
 body={"results":[{"gender":"male","name":{"title":"Mr","first":"Davut","last":"Barbarosoğlu"},"location":{"street":{"number":5183,"name":"Talak Göktepe Cd"},"city":"Yalova","state":"Uşak","country":"Turkey","postcode":95828,"coordinates":{"latitude":"70.7368","longitude":"-167.3977"},"timezone":{"offset":"+10:00","description":"Eastern Australia, Guam, Vladivostok"}},"email":"davut.barbarosoglu@example.com","login":{"uuid":"43f84fcf-908c-4085-b9bc-8f0496ff5083","username":"silverrabbit572","password":"montana","salt":"JdFUaGwS","md5":"e12c0fcdcdc7f1d1af6dcab71e69931d","sha1":"e09f8f82e69fc923005c6bf6b95e0b175c9c93c8","sha256":"235fc9ef5468fd673284a7363f6c4def1be6dac29db75423148a97cc3d43a959"},"dob":{"date":"1999-05-05T23:46:00.279Z","age":24},"registered":{"date":"2003-04-21T05:59:17.430Z","age":20},"phone":"(639)-930-5256","cell":"(493)-871-2591","id":{"name":"","value":null},"picture":{"large":"https://randomuser.me/api/portraits/men/28.jpg","medium":"https://randomuser.me/api/portraits/med/men/28.jpg","thumbnail":"https://randomuser.me/api/portraits/thumb/men/28.jpg"},"nat":"TR"}],"info":{"seed":"1452c7e13f877426","results":1,"page":1,"version":"1.4"}} 
 </msg>
<msg time="2024-04-17T15:17:01.877579" level="INFO">/opt/hostedtoolcache/Python/3.12.3/x64/lib/python3.12/site-packages/urllib3/connectionpool.py:1103: InsecureRequestWarning: Unverified HTTPS request is being made to host 'randomuser.me'. Adding certificate verification is strongly advised. See: https://urllib3.readthedocs.io/en/latest/advanced-usage.html#tls-warnings
  warnings.warn(</msg>
<msg time="2024-04-17T15:17:01.877691" level="INFO">${response} = &lt;Response [200]&gt;</msg>
<var>${response}</var>
<arg>consultarAPI</arg>
<arg>/api</arg>
<doc>Sends a GET request on a previously created HTTP Session.</doc>
<status status="PASS" start="2024-04-17T15:17:01.801043" elapsed="0.076689"/>
</kw>
<kw name="Set Variable" owner="BuiltIn">
<msg time="2024-04-17T15:17:01.878627" level="INFO">${json_data} = {'results': [{'gender': 'male', 'name': {'title': 'Mr', 'first': 'Davut', 'last': 'Barbarosoğlu'}, 'location': {'street': {'number': 5183, 'name': 'Talak Göktepe Cd'}, 'city': 'Yalova', 'state': 'Uşak...</msg>
<var>${json_data}</var>
<arg>${response.json()}</arg>
<doc>Returns the given values which can then be assigned to a variables.</doc>
<status status="PASS" start="2024-04-17T15:17:01.878161" elapsed="0.000496"/>
</kw>
<kw name="Log" owner="BuiltIn">
<msg time="2024-04-17T15:17:01.879121" level="INFO">{'results': [{'gender': 'male', 'name': {'title': 'Mr', 'first': 'Davut', 'last': 'Barbarosoğlu'}, 'location': {'street': {'number': 5183, 'name': 'Talak Göktepe Cd'}, 'city': 'Yalova', 'state': 'Uşak', 'country': 'Turkey', 'postcode': 95828, 'coordinates': {'latitude': '70.7368', 'longitude': '-167.3977'}, 'timezone': {'offset': '+10:00', 'description': 'Eastern Australia, Guam, Vladivostok'}}, 'email': 'davut.barbarosoglu@example.com', 'login': {'uuid': '43f84fcf-908c-4085-b9bc-8f0496ff5083', 'username': 'silverrabbit572', 'password': 'montana', 'salt': 'JdFUaGwS', 'md5': 'e12c0fcdcdc7f1d1af6dcab71e69931d', 'sha1': 'e09f8f82e69fc923005c6bf6b95e0b175c9c93c8', 'sha256': '235fc9ef5468fd673284a7363f6c4def1be6dac29db75423148a97cc3d43a959'}, 'dob': {'date': '1999-05-05T23:46:00.279Z', 'age': 24}, 'registered': {'date': '2003-04-21T05:59:17.430Z', 'age': 20}, 'phone': '(639)-930-5256', 'cell': '(493)-871-2591', 'id': {'name': '', 'value': None}, 'picture': {'large': 'https://randomuser.me/api/portraits/men/28.jpg', 'medium': 'https://randomuser.me/api/portraits/med/men/28.jpg', 'thumbnail': 'https://randomuser.me/api/portraits/thumb/men/28.jpg'}, 'nat': 'TR'}], 'info': {'seed': '1452c7e13f877426', 'results': 1, 'page': 1, 'version': '1.4'}}</msg>
<arg>${json_data}</arg>
<doc>Logs the given message with the given level.</doc>
<status status="PASS" start="2024-04-17T15:17:01.878961" elapsed="0.000209"/>
</kw>
<kw name="Dictionary Should Contain Key" owner="Collections">
<msg time="2024-04-17T15:17:01.879614" level="INFO">False</msg>
<arg>${json_data}</arg>
<arg>results</arg>
<doc>Fails if ``key`` is not found from ``dictionary``.</doc>
<status status="PASS" start="2024-04-17T15:17:01.879464" elapsed="0.000186"/>
</kw>
<kw name="Should Not Be Empty" owner="BuiltIn">
<msg time="2024-04-17T15:17:01.880063" level="INFO">Length is 2.</msg>
<arg>${json_data}</arg>
<doc>Verifies that the given item is not empty.</doc>
<status status="PASS" start="2024-04-17T15:17:01.879935" elapsed="0.000205"/>
</kw>
<kw name="Create List" owner="BuiltIn">
<msg time="2024-04-17T15:17:01.880741" level="INFO">${expected_keys} = ['gender', 'name', 'location', 'email', 'login']</msg>
<var>${expected_keys}</var>
<arg>gender</arg>
<arg>name</arg>
<arg>location</arg>
<arg>email</arg>
<arg>login</arg>
<doc>Returns a list containing given items.</doc>
<status status="PASS" start="2024-04-17T15:17:01.880454" elapsed="0.000311"/>
</kw>
<for flavor="IN">
<iter>
<kw name="Dictionary Should Contain Key" owner="Collections">
<msg time="2024-04-17T15:17:01.881726" level="INFO">False</msg>
<arg>${json_data['results'][0]}</arg>
<arg>${key}</arg>
<doc>Fails if ``key`` is not found from ``dictionary``.</doc>
<status status="PASS" start="2024-04-17T15:17:01.881327" elapsed="0.000443"/>
</kw>
<kw name="Log" owner="BuiltIn">
<msg time="2024-04-17T15:17:01.882427" level="INFO">{'gender': 'male', 'name': {'title': 'Mr', 'first': 'Davut', 'last': 'Barbarosoğlu'}, 'location': {'street': {'number': 5183, 'name': 'Talak Göktepe Cd'}, 'city': 'Yalova', 'state': 'Uşak', 'country': 'Turkey', 'postcode': 95828, 'coordinates': {'latitude': '70.7368', 'longitude': '-167.3977'}, 'timezone': {'offset': '+10:00', 'description': 'Eastern Australia, Guam, Vladivostok'}}, 'email': 'davut.barbarosoglu@example.com', 'login': {'uuid': '43f84fcf-908c-4085-b9bc-8f0496ff5083', 'username': 'silverrabbit572', 'password': 'montana', 'salt': 'JdFUaGwS', 'md5': 'e12c0fcdcdc7f1d1af6dcab71e69931d', 'sha1': 'e09f8f82e69fc923005c6bf6b95e0b175c9c93c8', 'sha256': '235fc9ef5468fd673284a7363f6c4def1be6dac29db75423148a97cc3d43a959'}, 'dob': {'date': '1999-05-05T23:46:00.279Z', 'age': 24}, 'registered': {'date': '2003-04-21T05:59:17.430Z', 'age': 20}, 'phone': '(639)-930-5256', 'cell': '(493)-871-2591', 'id': {'name': '', 'value': None}, 'picture': {'large': 'https://randomuser.me/api/portraits/men/28.jpg', 'medium': 'https://randomuser.me/api/portraits/med/men/28.jpg', 'thumbnail': 'https://randomuser.me/api/portraits/thumb/men/28.jpg'}, 'nat': 'TR'}</msg>
<arg>${json_data['results'][0]}</arg>
<doc>Logs the given message with the given level.</doc>
<status status="PASS" start="2024-04-17T15:17:01.882063" elapsed="0.000415"/>
</kw>
<kw name="Log" owner="BuiltIn">
<msg time="2024-04-17T15:17:01.882893" level="INFO">gender</msg>
<arg>${key}</arg>
<doc>Logs the given message with the given level.</doc>
<status status="PASS" start="2024-04-17T15:17:01.882767" elapsed="0.000163"/>
</kw>
<var name="${key}">gender</var>
<status status="PASS" start="2024-04-17T15:17:01.881204" elapsed="0.001935"/>
</iter>
<iter>
<kw name="Dictionary Should Contain Key" owner="Collections">
<msg time="2024-04-17T15:17:01.883814" level="INFO">False</msg>
<arg>${json_data['results'][0]}</arg>
<arg>${key}</arg>
<doc>Fails if ``key`` is not found from ``dictionary``.</doc>
<status status="PASS" start="2024-04-17T15:17:01.883433" elapsed="0.000418"/>
</kw>
<kw name="Log" owner="BuiltIn">
<msg time="2024-04-17T15:17:01.884577" level="INFO">{'gender': 'male', 'name': {'title': 'Mr', 'first': 'Davut', 'last': 'Barbarosoğlu'}, 'location': {'street': {'number': 5183, 'name': 'Talak Göktepe Cd'}, 'city': 'Yalova', 'state': 'Uşak', 'country': 'Turkey', 'postcode': 95828, 'coordinates': {'latitude': '70.7368', 'longitude': '-167.3977'}, 'timezone': {'offset': '+10:00', 'description': 'Eastern Australia, Guam, Vladivostok'}}, 'email': 'davut.barbarosoglu@example.com', 'login': {'uuid': '43f84fcf-908c-4085-b9bc-8f0496ff5083', 'username': 'silverrabbit572', 'password': 'montana', 'salt': 'JdFUaGwS', 'md5': 'e12c0fcdcdc7f1d1af6dcab71e69931d', 'sha1': 'e09f8f82e69fc923005c6bf6b95e0b175c9c93c8', 'sha256': '235fc9ef5468fd673284a7363f6c4def1be6dac29db75423148a97cc3d43a959'}, 'dob': {'date': '1999-05-05T23:46:00.279Z', 'age': 24}, 'registered': {'date': '2003-04-21T05:59:17.430Z', 'age': 20}, 'phone': '(639)-930-5256', 'cell': '(493)-871-2591', 'id': {'name': '', 'value': None}, 'picture': {'large': 'https://randomuser.me/api/portraits/men/28.jpg', 'medium': 'https://randomuser.me/api/portraits/med/men/28.jpg', 'thumbnail': 'https://randomuser.me/api/portraits/thumb/men/28.jpg'}, 'nat': 'TR'}</msg>
<arg>${json_data['results'][0]}</arg>
<doc>Logs the given message with the given level.</doc>
<status status="PASS" start="2024-04-17T15:17:01.884208" elapsed="0.000419"/>
</kw>
<kw name="Log" owner="BuiltIn">
<msg time="2024-04-17T15:17:01.885046" level="INFO">name</msg>
<arg>${key}</arg>
<doc>Logs the given message with the given level.</doc>
<status status="PASS" start="2024-04-17T15:17:01.884919" elapsed="0.000163"/>
</kw>
<var name="${key}">name</var>
<status status="PASS" start="2024-04-17T15:17:01.883322" elapsed="0.001970"/>
</iter>
<iter>
<kw name="Dictionary Should Contain Key" owner="Collections">
<msg time="2024-04-17T15:17:01.885991" level="INFO">False</msg>
<arg>${json_data['results'][0]}</arg>
<arg>${key}</arg>
<doc>Fails if ``key`` is not found from ``dictionary``.</doc>
<status status="PASS" start="2024-04-17T15:17:01.885584" elapsed="0.000444"/>
</kw>
<kw name="Log" owner="BuiltIn">
<msg time="2024-04-17T15:17:01.886699" level="INFO">{'gender': 'male', 'name': {'title': 'Mr', 'first': 'Davut', 'last': 'Barbarosoğlu'}, 'location': {'street': {'number': 5183, 'name': 'Talak Göktepe Cd'}, 'city': 'Yalova', 'state': 'Uşak', 'country': 'Turkey', 'postcode': 95828, 'coordinates': {'latitude': '70.7368', 'longitude': '-167.3977'}, 'timezone': {'offset': '+10:00', 'description': 'Eastern Australia, Guam, Vladivostok'}}, 'email': 'davut.barbarosoglu@example.com', 'login': {'uuid': '43f84fcf-908c-4085-b9bc-8f0496ff5083', 'username': 'silverrabbit572', 'password': 'montana', 'salt': 'JdFUaGwS', 'md5': 'e12c0fcdcdc7f1d1af6dcab71e69931d', 'sha1': 'e09f8f82e69fc923005c6bf6b95e0b175c9c93c8', 'sha256': '235fc9ef5468fd673284a7363f6c4def1be6dac29db75423148a97cc3d43a959'}, 'dob': {'date': '1999-05-05T23:46:00.279Z', 'age': 24}, 'registered': {'date': '2003-04-21T05:59:17.430Z', 'age': 20}, 'phone': '(639)-930-5256', 'cell': '(493)-871-2591', 'id': {'name': '', 'value': None}, 'picture': {'large': 'https://randomuser.me/api/portraits/men/28.jpg', 'medium': 'https://randomuser.me/api/portraits/med/men/28.jpg', 'thumbnail': 'https://randomuser.me/api/portraits/thumb/men/28.jpg'}, 'nat': 'TR'}</msg>
<arg>${json_data['results'][0]}</arg>
<doc>Logs the given message with the given level.</doc>
<status status="PASS" start="2024-04-17T15:17:01.886330" elapsed="0.000419"/>
</kw>
<kw name="Log" owner="BuiltIn">
<msg time="2024-04-17T15:17:01.887330" level="INFO">location</msg>
<arg>${key}</arg>
<doc>Logs the given message with the given level.</doc>
<status status="PASS" start="2024-04-17T15:17:01.887145" elapsed="0.000234"/>
</kw>
<var name="${key}">location</var>
<status status="PASS" start="2024-04-17T15:17:01.885468" elapsed="0.002173"/>
</iter>
<iter>
<kw name="Dictionary Should Contain Key" owner="Collections">
<msg time="2024-04-17T15:17:01.888547" level="INFO">False</msg>
<arg>${json_data['results'][0]}</arg>
<arg>${key}</arg>
<doc>Fails if ``key`` is not found from ``dictionary``.</doc>
<status status="PASS" start="2024-04-17T15:17:01.887990" elapsed="0.000606"/>
</kw>
<kw name="Log" owner="BuiltIn">
<msg time="2024-04-17T15:17:01.889462" level="INFO">{'gender': 'male', 'name': {'title': 'Mr', 'first': 'Davut', 'last': 'Barbarosoğlu'}, 'location': {'street': {'number': 5183, 'name': 'Talak Göktepe Cd'}, 'city': 'Yalova', 'state': 'Uşak', 'country': 'Turkey', 'postcode': 95828, 'coordinates': {'latitude': '70.7368', 'longitude': '-167.3977'}, 'timezone': {'offset': '+10:00', 'description': 'Eastern Australia, Guam, Vladivostok'}}, 'email': 'davut.barbarosoglu@example.com', 'login': {'uuid': '43f84fcf-908c-4085-b9bc-8f0496ff5083', 'username': 'silverrabbit572', 'password': 'montana', 'salt': 'JdFUaGwS', 'md5': 'e12c0fcdcdc7f1d1af6dcab71e69931d', 'sha1': 'e09f8f82e69fc923005c6bf6b95e0b175c9c93c8', 'sha256': '235fc9ef5468fd673284a7363f6c4def1be6dac29db75423148a97cc3d43a959'}, 'dob': {'date': '1999-05-05T23:46:00.279Z', 'age': 24}, 'registered': {'date': '2003-04-21T05:59:17.430Z', 'age': 20}, 'phone': '(639)-930-5256', 'cell': '(493)-871-2591', 'id': {'name': '', 'value': None}, 'picture': {'large': 'https://randomuser.me/api/portraits/men/28.jpg', 'medium': 'https://randomuser.me/api/portraits/med/men/28.jpg', 'thumbnail': 'https://randomuser.me/api/portraits/thumb/men/28.jpg'}, 'nat': 'TR'}</msg>
<arg>${json_data['results'][0]}</arg>
<doc>Logs the given message with the given level.</doc>
<status status="PASS" start="2024-04-17T15:17:01.888965" elapsed="0.000563"/>
</kw>
<kw name="Log" owner="BuiltIn">
<msg time="2024-04-17T15:17:01.890034" level="INFO">email</msg>
<arg>${key}</arg>
<doc>Logs the given message with the given level.</doc>
<status status="PASS" start="2024-04-17T15:17:01.889899" elapsed="0.000174"/>
</kw>
<var name="${key}">email</var>
<status status="PASS" start="2024-04-17T15:17:01.887852" elapsed="0.002443"/>
</iter>
<iter>
<kw name="Dictionary Should Contain Key" owner="Collections">
<msg time="2024-04-17T15:17:01.890970" level="INFO">False</msg>
<arg>${json_data['results'][0]}</arg>
<arg>${key}</arg>
<doc>Fails if ``key`` is not found from ``dictionary``.</doc>
<status status="PASS" start="2024-04-17T15:17:01.890576" elapsed="0.000431"/>
</kw>
<kw name="Log" owner="BuiltIn">
<msg time="2024-04-17T15:17:01.891669" level="INFO">{'gender': 'male', 'name': {'title': 'Mr', 'first': 'Davut', 'last': 'Barbarosoğlu'}, 'location': {'street': {'number': 5183, 'name': 'Talak Göktepe Cd'}, 'city': 'Yalova', 'state': 'Uşak', 'country': 'Turkey', 'postcode': 95828, 'coordinates': {'latitude': '70.7368', 'longitude': '-167.3977'}, 'timezone': {'offset': '+10:00', 'description': 'Eastern Australia, Guam, Vladivostok'}}, 'email': 'davut.barbarosoglu@example.com', 'login': {'uuid': '43f84fcf-908c-4085-b9bc-8f0496ff5083', 'username': 'silverrabbit572', 'password': 'montana', 'salt': 'JdFUaGwS', 'md5': 'e12c0fcdcdc7f1d1af6dcab71e69931d', 'sha1': 'e09f8f82e69fc923005c6bf6b95e0b175c9c93c8', 'sha256': '235fc9ef5468fd673284a7363f6c4def1be6dac29db75423148a97cc3d43a959'}, 'dob': {'date': '1999-05-05T23:46:00.279Z', 'age': 24}, 'registered': {'date': '2003-04-21T05:59:17.430Z', 'age': 20}, 'phone': '(639)-930-5256', 'cell': '(493)-871-2591', 'id': {'name': '', 'value': None}, 'picture': {'large': 'https://randomuser.me/api/portraits/men/28.jpg', 'medium': 'https://randomuser.me/api/portraits/med/men/28.jpg', 'thumbnail': 'https://randomuser.me/api/portraits/thumb/men/28.jpg'}, 'nat': 'TR'}</msg>
<arg>${json_data['results'][0]}</arg>
<doc>Logs the given message with the given level.</doc>
<status status="PASS" start="2024-04-17T15:17:01.891299" elapsed="0.000421"/>
</kw>
<kw name="Log" owner="BuiltIn">
<msg time="2024-04-17T15:17:01.892174" level="INFO">login</msg>
<arg>${key}</arg>
<doc>Logs the given message with the given level.</doc>
<status status="PASS" start="2024-04-17T15:17:01.892019" elapsed="0.000195"/>
</kw>
<var name="${key}">login</var>
<status status="PASS" start="2024-04-17T15:17:01.890465" elapsed="0.001989"/>
</iter>
<var>${key}</var>
<value>@{expected_keys}</value>
<status status="PASS" start="2024-04-17T15:17:01.881021" elapsed="0.011558"/>
</for>
<kw name="Create List" owner="BuiltIn">
<msg time="2024-04-17T15:17:01.892905" level="INFO">${expected_keysTwo} = ['username', 'password']</msg>
<var>${expected_keysTwo}</var>
<arg>username</arg>
<arg>password</arg>
<doc>Returns a list containing given items.</doc>
<status status="PASS" start="2024-04-17T15:17:01.892769" elapsed="0.000159"/>
</kw>
<for flavor="IN">
<iter>
<kw name="Dictionary Should Contain Key" owner="Collections">
<msg time="2024-04-17T15:17:01.893813" level="INFO">False</msg>
<arg>${json_data['results'][0]['login']}</arg>
<arg>${keyTwo}</arg>
<doc>Fails if ``key`` is not found from ``dictionary``.</doc>
<status status="PASS" start="2024-04-17T15:17:01.893420" elapsed="0.000431"/>
</kw>
<kw name="Dictionary Should Contain Key" owner="Collections">
<msg time="2024-04-17T15:17:01.894515" level="INFO">False</msg>
<arg>${json_data['results'][0]['login']}</arg>
<arg>${keyTwo}</arg>
<doc>Fails if ``key`` is not found from ``dictionary``.</doc>
<status status="PASS" start="2024-04-17T15:17:01.894137" elapsed="0.000414"/>
</kw>
<kw name="Log" owner="BuiltIn">
<msg time="2024-04-17T15:17:01.894965" level="INFO">username</msg>
<arg>${keyTwo}</arg>
<doc>Logs the given message with the given level.</doc>
<status status="PASS" start="2024-04-17T15:17:01.894840" elapsed="0.000167"/>
</kw>
<var name="${keyTwo}">username</var>
<status status="PASS" start="2024-04-17T15:17:01.893313" elapsed="0.001910"/>
</iter>
<iter>
<kw name="Dictionary Should Contain Key" owner="Collections">
<msg time="2024-04-17T15:17:01.895880" level="INFO">False</msg>
<arg>${json_data['results'][0]['login']}</arg>
<arg>${keyTwo}</arg>
<doc>Fails if ``key`` is not found from ``dictionary``.</doc>
<status status="PASS" start="2024-04-17T15:17:01.895499" elapsed="0.000418"/>
</kw>
<kw name="Dictionary Should Contain Key" owner="Collections">
<msg time="2024-04-17T15:17:01.896698" level="INFO">False</msg>
<arg>${json_data['results'][0]['login']}</arg>
<arg>${keyTwo}</arg>
<doc>Fails if ``key`` is not found from ``dictionary``.</doc>
<status status="PASS" start="2024-04-17T15:17:01.896235" elapsed="0.000502"/>
</kw>
<kw name="Log" owner="BuiltIn">
<msg time="2024-04-17T15:17:01.897156" level="INFO">password</msg>
<arg>${keyTwo}</arg>
<doc>Logs the given message with the given level.</doc>
<status status="PASS" start="2024-04-17T15:17:01.897029" elapsed="0.000165"/>
</kw>
<var name="${keyTwo}">password</var>
<status status="PASS" start="2024-04-17T15:17:01.895392" elapsed="0.002017"/>
</iter>
<var>${keyTwo}</var>
<value>@{expected_keysTwo}</value>
<status status="PASS" start="2024-04-17T15:17:01.893161" elapsed="0.004366"/>
</for>
<status status="PASS" start="2024-04-17T15:17:01.800785" elapsed="0.096878"/>
</kw>
<doc>Testa a estrutura da resposta da API.</doc>
<tag>testeEstruturaResposta</tag>
<status status="PASS" start="2024-04-17T15:17:01.800297" elapsed="0.097511"/>
</test>
<test id="s1-s1-t4" name="Validar tipos de dados" line="28">
<kw name="Teste de Tipos de Dados" owner="random-user-service">
<kw name="GET On Session" owner="RequestsLibrary">
<msg time="2024-04-17T15:17:02.109945" level="INFO">GET Request : url=https://randomuser.me/api 
 path_url=/api 
 headers={'User-Agent': 'python-requests/2.31.0', 'Accept-Encoding': 'gzip, deflate', 'Accept': '*/*', 'Connection': 'keep-alive'} 
 body=None 
 </msg>
<msg time="2024-04-17T15:17:02.110047" level="INFO">GET Response : url=https://randomuser.me/api 
 status=200, reason=OK 
 headers={'Date': 'Wed, 17 Apr 2024 15:17:02 GMT', 'Content-Type': 'application/json; charset=utf-8', 'Transfer-Encoding': 'chunked', 'Connection': 'keep-alive', 'X-Powered-By': 'Express', 'Access-Control-Allow-Origin': '*', 'Cache-Control': 'no-cache', 'ETag': 'W/"492-3+Oi2T2uRSxRXV+XdTo3sVJHM8M"', 'Vary': 'Accept-Encoding', 'Content-Encoding': 'gzip', 'CF-Cache-Status': 'DYNAMIC', 'Report-To': '{"endpoints":[{"url":"https:\\/\\/a.nel.cloudflare.com\\/report\\/v4?s=GfLPF5%2F0KW73EufO9lXdjPqWdj0jq5jgivumxPGaXineQPF7GJAUZBJBd4uVywZwvXeR9BFOdkPkGLE%2FmQBYsAlDojRmxZbSlAFIUujbAzruB71FBVn7qZSTXOg1EIhk"}],"group":"cf-nel","max_age":604800}', 'NEL': '{"success_fraction":0,"report_to":"cf-nel","max_age":604800}', 'Server': 'cloudflare', 'CF-RAY': '875d612edfde387c-IAD', 'alt-svc': 'h3=":443"; ma=86400'} 
 body={"results":[{"gender":"male","name":{"title":"Mr","first":"Arsenije","last":"RatkovićRistić"},"location":{"street":{"number":5010,"name":"Lokvička"},"city":"Velika Plana","state":"Raška","country":"Serbia","postcode":70188,"coordinates":{"latitude":"64.0690","longitude":"-138.9574"},"timezone":{"offset":"+2:00","description":"Kaliningrad, South Africa"}},"email":"arsenije.ratkovicristic@example.com","login":{"uuid":"09887eba-8411-47cc-b81c-efad90832f34","username":"bigsnake941","password":"lucille","salt":"HqfgBWX0","md5":"4c9c8d4aa654f4c9cc694f2d1cc6e8b2","sha1":"1a750f047c6e09b86a8340873b48599bf7473b2c","sha256":"26ee289adb680995840e18ba4f431886a89ade75a10b5fd0838a1ab23e61e276"},"dob":{"date":"1999-07-14T23:51:58.069Z","age":24},"registered":{"date":"2015-07-20T07:14:00.618Z","age":8},"phone":"020-5219-228","cell":"069-1468-420","id":{"name":"SID","value":"131170068"},"picture":{"large":"https://randomuser.me/api/portraits/men/86.jpg","medium":"https://randomuser.me/api/portraits/med/men/86.jpg","thumbnail":"https://randomuser.me/api/portraits/thumb/men/86.jpg"},"nat":"RS"}],"info":{"seed":"a70af01c1c75001f","results":1,"page":1,"version":"1.4"}} 
 </msg>
<msg time="2024-04-17T15:17:02.110135" level="INFO">/opt/hostedtoolcache/Python/3.12.3/x64/lib/python3.12/site-packages/urllib3/connectionpool.py:1103: InsecureRequestWarning: Unverified HTTPS request is being made to host 'randomuser.me'. Adding certificate verification is strongly advised. See: https://urllib3.readthedocs.io/en/latest/advanced-usage.html#tls-warnings
  warnings.warn(</msg>
<msg time="2024-04-17T15:17:02.110291" level="INFO">${response} = &lt;Response [200]&gt;</msg>
<var>${response}</var>
<arg>consultarAPI</arg>
<arg>/api</arg>
<doc>Sends a GET request on a previously created HTTP Session.</doc>
<status status="PASS" start="2024-04-17T15:17:01.900339" elapsed="0.210010"/>
</kw>
<kw name="Set Variable" owner="BuiltIn">
<msg time="2024-04-17T15:17:02.111415" level="INFO">${json_data} = {'results': [{'gender': 'male', 'name': {'title': 'Mr', 'first': 'Arsenije', 'last': 'RatkovićRistić'}, 'location': {'street': {'number': 5010, 'name': 'Lokvička'}, 'city': 'Velika Plana', 'state': 'R...</msg>
<var>${json_data}</var>
<arg>${response.json()}</arg>
<doc>Returns the given values which can then be assigned to a variables.</doc>
<status status="PASS" start="2024-04-17T15:17:02.110916" elapsed="0.000529"/>
</kw>
<kw name="Log" owner="BuiltIn">
<msg time="2024-04-17T15:17:02.111901" level="INFO">{'results': [{'gender': 'male', 'name': {'title': 'Mr', 'first': 'Arsenije', 'last': 'RatkovićRistić'}, 'location': {'street': {'number': 5010, 'name': 'Lokvička'}, 'city': 'Velika Plana', 'state': 'Raška', 'country': 'Serbia', 'postcode': 70188, 'coordinates': {'latitude': '64.0690', 'longitude': '-138.9574'}, 'timezone': {'offset': '+2:00', 'description': 'Kaliningrad, South Africa'}}, 'email': 'arsenije.ratkovicristic@example.com', 'login': {'uuid': '09887eba-8411-47cc-b81c-efad90832f34', 'username': 'bigsnake941', 'password': 'lucille', 'salt': 'HqfgBWX0', 'md5': '4c9c8d4aa654f4c9cc694f2d1cc6e8b2', 'sha1': '1a750f047c6e09b86a8340873b48599bf7473b2c', 'sha256': '26ee289adb680995840e18ba4f431886a89ade75a10b5fd0838a1ab23e61e276'}, 'dob': {'date': '1999-07-14T23:51:58.069Z', 'age': 24}, 'registered': {'date': '2015-07-20T07:14:00.618Z', 'age': 8}, 'phone': '020-5219-228', 'cell': '069-1468-420', 'id': {'name': 'SID', 'value': '131170068'}, 'picture': {'large': 'https://randomuser.me/api/portraits/men/86.jpg', 'medium': 'https://randomuser.me/api/portraits/med/men/86.jpg', 'thumbnail': 'https://randomuser.me/api/portraits/thumb/men/86.jpg'}, 'nat': 'RS'}], 'info': {'seed': 'a70af01c1c75001f', 'results': 1, 'page': 1, 'version': '1.4'}}</msg>
<arg>${json_data}</arg>
<doc>Logs the given message with the given level.</doc>
<status status="PASS" start="2024-04-17T15:17:02.111745" elapsed="0.000242"/>
</kw>
<kw name="Should Be String" owner="String">
<arg>${json_data['results'][0]['gender']}</arg>
<doc>Fails if the given ``item`` is not a string.</doc>
<status status="PASS" start="2024-04-17T15:17:02.112332" elapsed="0.000359"/>
</kw>
<kw name="Should Match Regexp" owner="BuiltIn">
<arg>${json_data['results'][0]['email']}</arg>
<arg>^[a-zA-Z0-9._%+-]+@[a-zA-Z0-9.-]+\.[a-zA-Z]{2,}$</arg>
<doc>Fails if ``string`` does not match ``pattern`` as a regular expression.</doc>
<status status="PASS" start="2024-04-17T15:17:02.112880" elapsed="0.000508"/>
</kw>
<kw name="Should Match Regexp" owner="BuiltIn">
<arg>${json_data['results'][0]['dob']['date']}</arg>
<arg>\\d{4}-\\d{2}-\\d{2}T\\d{2}:\\d{2}:\\d{2}\\.\\d{3}Z</arg>
<doc>Fails if ``string`` does not match ``pattern`` as a regular expression.</doc>
<status status="PASS" start="2024-04-17T15:17:02.113578" elapsed="0.000474"/>
</kw>
<kw name="Should Match Regexp" owner="BuiltIn">
<arg>${json_data['results'][0]['registered']['date']}</arg>
<arg>\\d{4}-\\d{2}-\\d{2}T\\d{2}:\\d{2}:\\d{2}\\.\\d{3}Z</arg>
<doc>Fails if ``string`` does not match ``pattern`` as a regular expression.</doc>
<status status="PASS" start="2024-04-17T15:17:02.114239" elapsed="0.000365"/>
</kw>
<kw name="Should Match Regexp" owner="BuiltIn">
<arg>${json_data['results'][0]['picture']['large']}</arg>
<arg>^https?://.*\.(?:png|jpe?g|gif|bmp)$</arg>
<doc>Fails if ``string`` does not match ``pattern`` as a regular expression.</doc>
<status status="PASS" start="2024-04-17T15:17:02.114786" elapsed="0.000451"/>
</kw>
<kw name="Should Match Regexp" owner="BuiltIn">
<arg>${json_data['results'][0]['picture']['medium']}</arg>
<arg>^https?://.*\.(?:png|jpe?g|gif|bmp)$</arg>
<doc>Fails if ``string`` does not match ``pattern`` as a regular expression.</doc>
<status status="PASS" start="2024-04-17T15:17:02.115418" elapsed="0.000345"/>
</kw>
<kw name="Should Match Regexp" owner="BuiltIn">
<arg>${json_data['results'][0]['picture']['thumbnail']}</arg>
<arg>^https?://.*\.(?:png|jpe?g|gif|bmp)$</arg>
<doc>Fails if ``string`` does not match ``pattern`` as a regular expression.</doc>
<status status="PASS" start="2024-04-17T15:17:02.115946" elapsed="0.000374"/>
</kw>
<kw name="Log" owner="BuiltIn">
<msg time="2024-04-17T15:17:02.116820" level="INFO">{'large': 'https://randomuser.me/api/portraits/men/86.jpg', 'medium': 'https://randomuser.me/api/portraits/med/men/86.jpg', 'thumbnail': 'https://randomuser.me/api/portraits/thumb/men/86.jpg'}</msg>
<arg>${json_data['results'][0]['picture']}</arg>
<doc>Logs the given message with the given level.</doc>
<status status="PASS" start="2024-04-17T15:17:02.116496" elapsed="0.000363"/>
</kw>
<status status="PASS" start="2024-04-17T15:17:01.900109" elapsed="0.216998"/>
</kw>
<kw name="Teste de Tipos de Dados - Postcode" owner="random-user-service">
<kw name="GET On Session" owner="RequestsLibrary">
<msg time="2024-04-17T15:17:02.249160" level="INFO">GET Request : url=https://randomuser.me/api 
 path_url=/api 
 headers={'User-Agent': 'python-requests/2.31.0', 'Accept-Encoding': 'gzip, deflate', 'Accept': '*/*', 'Connection': 'keep-alive'} 
 body=None 
 </msg>
<msg time="2024-04-17T15:17:02.249244" level="INFO">GET Response : url=https://randomuser.me/api 
 status=200, reason=OK 
 headers={'Date': 'Wed, 17 Apr 2024 15:17:02 GMT', 'Content-Type': 'application/json; charset=utf-8', 'Transfer-Encoding': 'chunked', 'Connection': 'keep-alive', 'X-Powered-By': 'Express', 'Access-Control-Allow-Origin': '*', 'Cache-Control': 'no-cache', 'ETag': 'W/"47c-Lqc3x/EW+r26BQt/pMRbkLprphk"', 'Vary': 'Accept-Encoding', 'Content-Encoding': 'gzip', 'CF-Cache-Status': 'DYNAMIC', 'Report-To': '{"endpoints":[{"url":"https:\\/\\/a.nel.cloudflare.com\\/report\\/v4?s=9LA1AseB6og094ZYVqav4%2BCaJZW%2B4TmNxRp%2FpmAQ%2F2J6e%2F4CvoIGD%2FT0m%2Bj6vY0CywAhbHi%2FfcTDiCqa4LB7B1QU1R%2BsbOlrrVJBDa4KW0T2Rqqvz4znK2%2BVl9996RtZ"}],"group":"cf-nel","max_age":604800}', 'NEL': '{"success_fraction":0,"report_to":"cf-nel","max_age":604800}', 'Server': 'cloudflare', 'CF-RAY': '875d613039cd387c-IAD', 'alt-svc': 'h3=":443"; ma=86400'} 
 body={"results":[{"gender":"male","name":{"title":"Mr","first":"كيان","last":"سالاری"},"location":{"street":{"number":7849,"name":"ایران"},"city":"ملارد","state":"یزد","country":"Iran","postcode":45767,"coordinates":{"latitude":"17.7314","longitude":"-61.1638"},"timezone":{"offset":"+8:00","description":"Beijing, Perth, Singapore, Hong Kong"}},"email":"kyn.slry@example.com","login":{"uuid":"a4dc2cf6-c702-407c-a773-12ac003c0878","username":"lazyduck194","password":"jeter2","salt":"XBdidCVO","md5":"db8319827e725cffd697823c297f7cb5","sha1":"0221f4cbe2a67f467f4c79ae40627ef17eb0b144","sha256":"67b8e403c920518761681766c500bfec9a1a73c02493347c2c3194f181c42ca0"},"dob":{"date":"1952-07-28T05:40:55.122Z","age":71},"registered":{"date":"2015-12-21T03:53:49.359Z","age":8},"phone":"000-27054534","cell":"0966-884-0195","id":{"name":"","value":null},"picture":{"large":"https://randomuser.me/api/portraits/men/76.jpg","medium":"https://randomuser.me/api/portraits/med/men/76.jpg","thumbnail":"https://randomuser.me/api/portraits/thumb/men/76.jpg"},"nat":"IR"}],"info":{"seed":"6cb546733490b001","results":1,"page":1,"version":"1.4"}} 
 </msg>
<msg time="2024-04-17T15:17:02.249322" level="INFO">/opt/hostedtoolcache/Python/3.12.3/x64/lib/python3.12/site-packages/urllib3/connectionpool.py:1103: InsecureRequestWarning: Unverified HTTPS request is being made to host 'randomuser.me'. Adding certificate verification is strongly advised. See: https://urllib3.readthedocs.io/en/latest/advanced-usage.html#tls-warnings
  warnings.warn(</msg>
<msg time="2024-04-17T15:17:02.249440" level="INFO">${response} = &lt;Response [200]&gt;</msg>
<var>${response}</var>
<arg>consultarAPI</arg>
<arg>/api</arg>
<doc>Sends a GET request on a previously created HTTP Session.</doc>
<status status="PASS" start="2024-04-17T15:17:02.117549" elapsed="0.131932"/>
</kw>
<kw name="Set Variable" owner="BuiltIn">
<msg time="2024-04-17T15:17:02.250401" level="INFO">${json_data} = {'results': [{'gender': 'male', 'name': {'title': 'Mr', 'first': 'كيان', 'last': 'سالاری'}, 'location': {'street': {'number': 7849, 'name': 'ایران'}, 'city': 'ملارد', 'state': 'یزد', 'country': 'Iran'...</msg>
<var>${json_data}</var>
<arg>${response.json()}</arg>
<doc>Returns the given values which can then be assigned to a variables.</doc>
<status status="PASS" start="2024-04-17T15:17:02.249954" elapsed="0.000476"/>
</kw>
<kw name="Log" owner="BuiltIn">
<msg time="2024-04-17T15:17:02.250893" level="INFO">{'results': [{'gender': 'male', 'name': {'title': 'Mr', 'first': 'كيان', 'last': 'سالاری'}, 'location': {'street': {'number': 7849, 'name': 'ایران'}, 'city': 'ملارد', 'state': 'یزد', 'country': 'Iran', 'postcode': 45767, 'coordinates': {'latitude': '17.7314', 'longitude': '-61.1638'}, 'timezone': {'offset': '+8:00', 'description': 'Beijing, Perth, Singapore, Hong Kong'}}, 'email': 'kyn.slry@example.com', 'login': {'uuid': 'a4dc2cf6-c702-407c-a773-12ac003c0878', 'username': 'lazyduck194', 'password': 'jeter2', 'salt': 'XBdidCVO', 'md5': 'db8319827e725cffd697823c297f7cb5', 'sha1': '0221f4cbe2a67f467f4c79ae40627ef17eb0b144', 'sha256': '67b8e403c920518761681766c500bfec9a1a73c02493347c2c3194f181c42ca0'}, 'dob': {'date': '1952-07-28T05:40:55.122Z', 'age': 71}, 'registered': {'date': '2015-12-21T03:53:49.359Z', 'age': 8}, 'phone': '000-27054534', 'cell': '0966-884-0195', 'id': {'name': '', 'value': None}, 'picture': {'large': 'https://randomuser.me/api/portraits/men/76.jpg', 'medium': 'https://randomuser.me/api/portraits/med/men/76.jpg', 'thumbnail': 'https://randomuser.me/api/portraits/thumb/men/76.jpg'}, 'nat': 'IR'}], 'info': {'seed': '6cb546733490b001', 'results': 1, 'page': 1, 'version': '1.4'}}</msg>
<arg>${json_data}</arg>
<doc>Logs the given message with the given level.</doc>
<status status="PASS" start="2024-04-17T15:17:02.250739" elapsed="0.000234"/>
</kw>
<kw name="Should Be Equal As Numbers" owner="BuiltIn">
<arg>${json_data['results'][0]['location']['postcode']}</arg>
<arg>${json_data['results'][0]['location']['postcode']}</arg>
<doc>Fails if objects are unequal after converting them to real numbers.</doc>
<status status="PASS" start="2024-04-17T15:17:02.251271" elapsed="0.000750"/>
</kw>
<kw name="Log" owner="BuiltIn">
<msg time="2024-04-17T15:17:02.252599" level="INFO">45767</msg>
<arg>${json_data['results'][0]['location']['postcode']}</arg>
<doc>Logs the given message with the given level.</doc>
<status status="PASS" start="2024-04-17T15:17:02.252262" elapsed="0.000377"/>
</kw>
<status status="PASS" start="2024-04-17T15:17:02.117322" elapsed="0.135565"/>
</kw>
<doc>Testa se os tipos de dados na resposta da API estão corretos.</doc>
<tag>testeTiposDados</tag>
<status status="PASS" start="2024-04-17T15:17:01.899566" elapsed="0.353486"/>
</test>
<test id="s1-s1-t5" name="Validar conteudo" line="35">
<kw name="Teste de Tipos de Conteudo" owner="random-user-service">
<kw name="GET On Session" owner="RequestsLibrary">
<msg time="2024-04-17T15:17:02.301813" level="INFO">GET Request : url=https://randomuser.me/api 
 path_url=/api 
 headers={'User-Agent': 'python-requests/2.31.0', 'Accept-Encoding': 'gzip, deflate', 'Accept': '*/*', 'Connection': 'keep-alive'} 
 body=None 
 </msg>
<msg time="2024-04-17T15:17:02.301888" level="INFO">GET Response : url=https://randomuser.me/api 
 status=200, reason=OK 
 headers={'Date': 'Wed, 17 Apr 2024 15:17:02 GMT', 'Content-Type': 'application/json; charset=utf-8', 'Transfer-Encoding': 'chunked', 'Connection': 'keep-alive', 'X-Powered-By': 'Express', 'Access-Control-Allow-Origin': '*', 'Cache-Control': 'no-cache', 'ETag': 'W/"496-vnbbpRj8i/c12qJEZuZ/5qBO+WQ"', 'Vary': 'Accept-Encoding', 'Content-Encoding': 'gzip', 'CF-Cache-Status': 'DYNAMIC', 'Report-To': '{"endpoints":[{"url":"https:\\/\\/a.nel.cloudflare.com\\/report\\/v4?s=3mtFcTXraHLr2HSK%2Br6uo%2FPMZRZTb%2FIl9FbJqhwR7LjLkVu1WH8Yq8JnsxHC1gZpDs%2FO8owRgQFqaTLDS2%2FDVsDdnoP24dyEM%2BEdaZrJQaND0FFRhfTDwAlON8pLQSqi"}],"group":"cf-nel","max_age":604800}', 'NEL': '{"success_fraction":0,"report_to":"cf-nel","max_age":604800}', 'Server': 'cloudflare', 'CF-RAY': '875d61311af8387c-IAD', 'alt-svc': 'h3=":443"; ma=86400'} 
 body={"results":[{"gender":"male","name":{"title":"Mr","first":"Michael","last":"Rogers"},"location":{"street":{"number":5186,"name":"Bollinger Rd"},"city":"Toowoomba","state":"Victoria","country":"Australia","postcode":4938,"coordinates":{"latitude":"-87.2416","longitude":"-118.2799"},"timezone":{"offset":"-5:00","description":"Eastern Time (US &amp; Canada), Bogota, Lima"}},"email":"michael.rogers@example.com","login":{"uuid":"bc480dc0-2015-4308-815b-590bc143b37f","username":"goldenpeacock400","password":"baura","salt":"ldgwmcHr","md5":"32afb1fd6dda094bf6259158b897ddde","sha1":"0f2c19e84a76e6eb122b79b52d93cc6a19ed4b14","sha256":"9bb766424e405dcd517e1208baf0c56e9c305d730bb4f90e2dc4111658211f0e"},"dob":{"date":"1978-03-08T05:10:29.402Z","age":46},"registered":{"date":"2003-01-26T17:31:10.557Z","age":21},"phone":"08-0327-2493","cell":"0456-428-730","id":{"name":"TFN","value":"036067896"},"picture":{"large":"https://randomuser.me/api/portraits/men/72.jpg","medium":"https://randomuser.me/api/portraits/med/men/72.jpg","thumbnail":"https://randomuser.me/api/portraits/thumb/men/72.jpg"},"nat":"AU"}],"info":{"seed":"73de6424f6e9ab07","results":1,"page":1,"version":"1.4"}} 
 </msg>
<msg time="2024-04-17T15:17:02.301959" level="INFO">/opt/hostedtoolcache/Python/3.12.3/x64/lib/python3.12/site-packages/urllib3/connectionpool.py:1103: InsecureRequestWarning: Unverified HTTPS request is being made to host 'randomuser.me'. Adding certificate verification is strongly advised. See: https://urllib3.readthedocs.io/en/latest/advanced-usage.html#tls-warnings
  warnings.warn(</msg>
<msg time="2024-04-17T15:17:02.302060" level="INFO">${response} = &lt;Response [200]&gt;</msg>
<var>${response}</var>
<arg>consultarAPI</arg>
<arg>/api</arg>
<doc>Sends a GET request on a previously created HTTP Session.</doc>
<status status="PASS" start="2024-04-17T15:17:02.255609" elapsed="0.046487"/>
</kw>
<kw name="Set Variable" owner="BuiltIn">
<msg time="2024-04-17T15:17:02.302979" level="INFO">${json_data} = {'results': [{'gender': 'male', 'name': {'title': 'Mr', 'first': 'Michael', 'last': 'Rogers'}, 'location': {'street': {'number': 5186, 'name': 'Bollinger Rd'}, 'city': 'Toowoomba', 'state': 'Victoria'...</msg>
<var>${json_data}</var>
<arg>${response.json()}</arg>
<doc>Returns the given values which can then be assigned to a variables.</doc>
<status status="PASS" start="2024-04-17T15:17:02.302548" elapsed="0.000458"/>
</kw>
<kw name="Set Variable" owner="BuiltIn">
<msg time="2024-04-17T15:17:02.303678" level="INFO">${name_title} = Mr</msg>
<var>${name_title}</var>
<arg>${json_data["results"][0]["name"]["title"]}</arg>
<doc>Returns the given values which can then be assigned to a variables.</doc>
<status status="PASS" start="2024-04-17T15:17:02.303307" elapsed="0.000397"/>
</kw>
<kw name="Create List" owner="BuiltIn">
<msg time="2024-04-17T15:17:02.304173" level="INFO">${allowed_titles} = ['Mr', 'Ms', 'Miss', 'Mrs', 'Madame', 'Monsieur']</msg>
<var>${allowed_titles}</var>
<arg>Mr</arg>
<arg>Ms</arg>
<arg>Miss</arg>
<arg>Mrs</arg>
<arg>Madame</arg>
<arg>Monsieur</arg>
<doc>Returns a list containing given items.</doc>
<status status="PASS" start="2024-04-17T15:17:02.303990" elapsed="0.000213"/>
</kw>
<kw name="List Should Contain Value" owner="Collections">
<msg time="2024-04-17T15:17:02.304668" level="INFO">False</msg>
<arg>${allowed_titles}</arg>
<arg>${name_title}</arg>
<doc>Fails if the ``value`` is not found from ``list``.</doc>
<status status="PASS" start="2024-04-17T15:17:02.304500" elapsed="0.000203"/>
</kw>
<kw name="Set Variable" owner="BuiltIn">
<msg time="2024-04-17T15:17:02.305362" level="INFO">${name_country} = AU</msg>
<var>${name_country}</var>
<arg>${json_data["results"][0]["nat"]}</arg>
<doc>Returns the given values which can then be assigned to a variables.</doc>
<status status="PASS" start="2024-04-17T15:17:02.304984" elapsed="0.000402"/>
</kw>
<kw name="Create List" owner="BuiltIn">
<msg time="2024-04-17T15:17:02.306263" level="INFO">${list_country} = ['AD', 'AE', 'AF', 'AG', 'AI', 'AL', 'AM', 'AO', 'AQ', 'AR', 'AS', 'AT', 'AU', 'AW', 'AX', 'AZ', 'BA', 'BB', 'BD', 'BE', 'BF', 'BG', 'BH', 'BI', 'BJ', 'BL', 'BM', 'BN', 'BO', 'BQ', 'BR', 'BS', 'BT', '...</msg>
<var>${list_country}</var>
<arg>AD</arg>
<arg>AE</arg>
<arg>AF</arg>
<arg>AG</arg>
<arg>AI</arg>
<arg>AL</arg>
<arg>AM</arg>
<arg>AO</arg>
<arg>AQ</arg>
<arg>AR</arg>
<arg>AS</arg>
<arg>AT</arg>
<arg>AU</arg>
<arg>AW</arg>
<arg>AX</arg>
<arg>AZ</arg>
<arg>BA</arg>
<arg>BB</arg>
<arg>BD</arg>
<arg>BE</arg>
<arg>BF</arg>
<arg>BG</arg>
<arg>BH</arg>
<arg>BI</arg>
<arg>BJ</arg>
<arg>BL</arg>
<arg>BM</arg>
<arg>BN</arg>
<arg>BO</arg>
<arg>BQ</arg>
<arg>BR</arg>
<arg>BS</arg>
<arg>BT</arg>
<arg>BV</arg>
<arg>BW</arg>
<arg>BY</arg>
<arg>BZ</arg>
<arg>CA</arg>
<arg>CC</arg>
<arg>CD</arg>
<arg>CF</arg>
<arg>CG</arg>
<arg>CH</arg>
<arg>CI</arg>
<arg>CK</arg>
<arg>CL</arg>
<arg>CM</arg>
<arg>CN</arg>
<arg>CO</arg>
<arg>CR</arg>
<arg>CU</arg>
<arg>CV</arg>
<arg>CW</arg>
<arg>CX</arg>
<arg>CY</arg>
<arg>CZ</arg>
<arg>DE</arg>
<arg>DJ</arg>
<arg>DK</arg>
<arg>DM</arg>
<arg>DO</arg>
<arg>DZ</arg>
<arg>EC</arg>
<arg>EE</arg>
<arg>EG</arg>
<arg>EH</arg>
<arg>ER</arg>
<arg>ES</arg>
<arg>ET</arg>
<arg>FI</arg>
<arg>FJ</arg>
<arg>FK</arg>
<arg>FM</arg>
<arg>FO</arg>
<arg>FR</arg>
<arg>GA</arg>
<arg>GB</arg>
<arg>GD</arg>
<arg>GE</arg>
<arg>GF</arg>
<arg>GG</arg>
<arg>GH</arg>
<arg>GI</arg>
<arg>GL</arg>
<arg>GM</arg>
<arg>GN</arg>
<arg>GP</arg>
<arg>GQ</arg>
<arg>GR</arg>
<arg>GS</arg>
<arg>GT</arg>
<arg>GU</arg>
<arg>GW</arg>
<arg>GY</arg>
<arg>HK</arg>
<arg>HM</arg>
<arg>HN</arg>
<arg>HR</arg>
<arg>HT</arg>
<arg>HU</arg>
<arg>ID</arg>
<arg>IE</arg>
<arg>IL</arg>
<arg>IM</arg>
<arg>IN</arg>
<arg>IO</arg>
<arg>IQ</arg>
<arg>IR</arg>
<arg>IS</arg>
<arg>IT</arg>
<arg>JE</arg>
<arg>JM</arg>
<arg>JO</arg>
<arg>JP</arg>
<arg>KE</arg>
<arg>KG</arg>
<arg>KH</arg>
<arg>KI</arg>
<arg>KM</arg>
<arg>KN</arg>
<arg>KP</arg>
<arg>KR</arg>
<arg>KW</arg>
<arg>KY</arg>
<arg>KZ</arg>
<arg>LA</arg>
<arg>LB</arg>
<arg>LC</arg>
<arg>LI</arg>
<arg>LK</arg>
<arg>LR</arg>
<arg>LS</arg>
<arg>LT</arg>
<arg>LU</arg>
<arg>LV</arg>
<arg>LY</arg>
<arg>MA</arg>
<arg>MC</arg>
<arg>MD</arg>
<arg>ME</arg>
<arg>MF</arg>
<arg>MG</arg>
<arg>MH</arg>
<arg>MK</arg>
<arg>ML</arg>
<arg>MM</arg>
<arg>MN</arg>
<arg>MO</arg>
<arg>MP</arg>
<arg>MQ</arg>
<arg>MR</arg>
<arg>MS</arg>
<arg>MT</arg>
<arg>MU</arg>
<arg>MV</arg>
<arg>MW</arg>
<arg>MX</arg>
<arg>MY</arg>
<arg>MZ</arg>
<arg>NA</arg>
<arg>NC</arg>
<arg>NE</arg>
<arg>NF</arg>
<arg>NG</arg>
<arg>NI</arg>
<arg>NL</arg>
<arg>NO</arg>
<arg>NP</arg>
<arg>NR</arg>
<arg>NU</arg>
<arg>NZ</arg>
<arg>OM</arg>
<arg>PA</arg>
<arg>PE</arg>
<arg>PF</arg>
<arg>PG</arg>
<arg>PH</arg>
<arg>PK</arg>
<arg>PL</arg>
<arg>PM</arg>
<arg>PN</arg>
<arg>PR</arg>
<arg>PS</arg>
<arg>PT</arg>
<arg>PW</arg>
<arg>PY</arg>
<arg>QA</arg>
<arg>RE</arg>
<arg>RO</arg>
<arg>RS</arg>
<arg>RU</arg>
<arg>RW</arg>
<arg>SA</arg>
<arg>SB</arg>
<arg>SC</arg>
<arg>SD</arg>
<arg>SE</arg>
<arg>SG</arg>
<arg>SH</arg>
<arg>SI</arg>
<arg>SJ</arg>
<arg>SK</arg>
<arg>SL</arg>
<arg>SM</arg>
<arg>SN</arg>
<arg>SO</arg>
<arg>SR</arg>
<arg>SS</arg>
<arg>ST</arg>
<arg>SV</arg>
<arg>SX</arg>
<arg>SY</arg>
<arg>SZ</arg>
<arg>TC</arg>
<arg>TD</arg>
<arg>TF</arg>
<arg>TG</arg>
<arg>TH</arg>
<arg>TJ</arg>
<arg>TK</arg>
<arg>TL</arg>
<arg>TM</arg>
<arg>TN</arg>
<arg>TO</arg>
<arg>TR</arg>
<arg>TT</arg>
<arg>TV</arg>
<arg>TW</arg>
<arg>TZ</arg>
<arg>UA</arg>
<arg>UG</arg>
<arg>UM</arg>
<arg>US</arg>
<arg>UY</arg>
<arg>UZ</arg>
<arg>VA</arg>
<arg>VC</arg>
<arg>VE</arg>
<arg>VG</arg>
<arg>VI</arg>
<arg>VN</arg>
<arg>VU</arg>
<arg>WF</arg>
<arg>WS</arg>
<arg>XK</arg>
<arg>YE</arg>
<arg>YT</arg>
<arg>ZA</arg>
<arg>ZM</arg>
<arg>ZW</arg>
<doc>Returns a list containing given items.</doc>
<status status="PASS" start="2024-04-17T15:17:02.305691" elapsed="0.000597"/>
</kw>
<kw name="List Should Contain Value" owner="Collections">
<msg time="2024-04-17T15:17:02.307266" level="INFO">False</msg>
<arg>${list_country}</arg>
<arg>${name_country}</arg>
<doc>Fails if the ``value`` is not found from ``list``.</doc>
<status status="PASS" start="2024-04-17T15:17:02.307074" elapsed="0.000228"/>
</kw>
<kw name="Run Keyword If" owner="BuiltIn">
<kw name="Should Be True" owner="BuiltIn">
<arg>${True}</arg>
<doc>Fails if the given condition is not true.</doc>
<status status="PASS" start="2024-04-17T15:17:02.308368" elapsed="0.000141"/>
</kw>
<arg>${json_data["results"][0]["location"]["coordinates"]["latitude"]} &gt;= -90 and ${json_data["results"][0]["location"]["coordinates"]["latitude"]} &lt;= 90</arg>
<arg>Should Be True</arg>
<arg>${True}</arg>
<doc>Runs the given keyword with the given arguments, if ``condition`` is true.</doc>
<status status="PASS" start="2024-04-17T15:17:02.307602" elapsed="0.001031"/>
</kw>
<kw name="Run Keyword If" owner="BuiltIn">
<kw name="Should Be True" owner="BuiltIn">
<arg>${True}</arg>
<doc>Fails if the given condition is not true.</doc>
<status status="PASS" start="2024-04-17T15:17:02.309512" elapsed="0.000241"/>
</kw>
<arg>${json_data["results"][0]["location"]["coordinates"]["longitude"]} &gt;= -180 and ${json_data["results"][0]["location"]["coordinates"]["longitude"]} &lt;= 180</arg>
<arg>Should Be True</arg>
<arg>${True}</arg>
<doc>Runs the given keyword with the given arguments, if ``condition`` is true.</doc>
<status status="PASS" start="2024-04-17T15:17:02.308817" elapsed="0.001061"/>
</kw>
<status status="PASS" start="2024-04-17T15:17:02.255373" elapsed="0.054631"/>
</kw>
<doc>Testa o conteúdo específico dos campos retornados pela API.</doc>
<tag>testeConteudo</tag>
<status status="PASS" start="2024-04-17T15:17:02.254862" elapsed="0.055282"/>
</test>
<status status="PASS" start="2024-04-17T15:17:01.120811" elapsed="1.191211"/>
</suite>
<status status="PASS" start="2024-04-17T15:17:01.107330" elapsed="1.209862"/>
</suite>
<statistics>
<total>
<stat pass="5" fail="0" skip="0">All Tests</stat>
</total>
<tag>
<stat pass="1" fail="0" skip="0">testeConteudo</stat>
<stat pass="1" fail="0" skip="0">testeEstruturaResposta</stat>
<stat pass="1" fail="0" skip="0">testeRequisicaoBasica</stat>
<stat pass="1" fail="0" skip="0">testeTiposDados</stat>
</tag>
<suite>
<stat pass="5" fail="0" skip="0" id="s1" name="Tests">Tests</stat>
<stat pass="5" fail="0" skip="0" id="s1-s1" name="Random-User-Test">Tests.Random-User-Test</stat>
</suite>
</statistics>
<errors>
</errors>
</robot>
