<?xml version="1.0" encoding="UTF-8"?>
<robot generator="Robot 7.0.1 (Python 3.12.4 on linux)" generated="2024-08-03T02:32:21.997682" rpa="false" schemaversion="5">
<suite id="s1" name="Tests" source="/home/runner/work/ApiRandomUser/ApiRandomUser/RamdonUser/tests">
<suite id="s1-s1" name="Random-User-Test" source="/home/runner/work/ApiRandomUser/ApiRandomUser/RamdonUser/tests/random-user-test.robot">
<test id="s1-s1-t1" name="Conectar" line="13">
<kw name="Conectar API" owner="random-user-service">
<kw name="Create Session" owner="RequestsLibrary">
<msg time="2024-08-03T02:32:22.405087" level="INFO">Creating Session using : alias=consultarAPI, url=https://randomuser.me/, headers={},                     cookies={}, auth=None, timeout=None, proxies=None, verify=False,                     debug=0 </msg>
<arg>consultarAPI</arg>
<arg>${URL}</arg>
<doc>Create Session: create a HTTP session to a server</doc>
<status status="PASS" start="2024-08-03T02:32:22.404887" elapsed="0.000387"/>
</kw>
<status status="PASS" start="2024-08-03T02:32:22.403828" elapsed="0.001812"/>
</kw>
<status status="PASS" start="2024-08-03T02:32:22.403170" elapsed="0.002663"/>
</test>
<test id="s1-s1-t2" name="Validar retorno 200 e JSON Válido" line="16">
<kw name="Teste de Requisicao Basica" owner="random-user-service">
<kw name="GET On Session" owner="RequestsLibrary">
<msg time="2024-08-03T02:32:22.663660" level="INFO">GET Request : url=https://randomuser.me/api 
 path_url=/api 
 headers={'User-Agent': 'python-requests/2.32.3', 'Accept-Encoding': 'gzip, deflate', 'Accept': '*/*', 'Connection': 'keep-alive'} 
 body=None 
 </msg>
<msg time="2024-08-03T02:32:22.663819" level="INFO">GET Response : url=https://randomuser.me/api 
 status=200, reason=OK 
 headers={'Date': 'Sat, 03 Aug 2024 02:32:22 GMT', 'Content-Type': 'application/json; charset=utf-8', 'Transfer-Encoding': 'chunked', 'Connection': 'keep-alive', 'X-Powered-By': 'Express', 'Access-Control-Allow-Origin': '*', 'Cache-Control': 'no-cache', 'ETag': 'W/"46b-ksTWv2Y7uUmYIuu2ZjJG/L53QVM"', 'Vary': 'Accept-Encoding', 'Content-Encoding': 'gzip', 'CF-Cache-Status': 'DYNAMIC', 'Report-To': '{"endpoints":[{"url":"https:\\/\\/a.nel.cloudflare.com\\/report\\/v4?s=1XPGwEZN0WjcDdemdWGDCiZPGuEbCY0m5jUOpaZlUkIC7GtrxSKD87eRmRUMSws8pBYNqSLHuQod9mzBljdofjlYuAvutGE3D8zhybd%2Fte5Xe7MuWXsKb03wlV6qCkUJ"}],"group":"cf-nel","max_age":604800}', 'NEL': '{"success_fraction":0,"report_to":"cf-nel","max_age":604800}', 'Server': 'cloudflare', 'CF-RAY': '8ad2e5953b1f617c-ORD', 'alt-svc': 'h3=":443"; ma=86400'} 
 body={"results":[{"gender":"female","name":{"title":"Mrs","first":"Hala","last":"Wu"},"location":{"street":{"number":8693,"name":"Myrerdraget"},"city":"Valestrandfossen","state":"Troms - Romsa","country":"Norway","postcode":"3666","coordinates":{"latitude":"46.8312","longitude":"37.9711"},"timezone":{"offset":"-9:00","description":"Alaska"}},"email":"hala.wu@example.com","login":{"uuid":"5f82d9ed-5a45-4f8e-a092-3e0d14baa41f","username":"blackduck913","password":"mohawk","salt":"Pru9G4Qc","md5":"a1f7e840dfd735512cfed005a07fa66e","sha1":"83e1e556d601b5e63f35eecb4b147a8fbd8cd2fd","sha256":"0ce598a57104395dc69937f29e034fc605327e4dd21dbea037d744d2c9aaace9"},"dob":{"date":"1944-11-21T06:10:30.988Z","age":79},"registered":{"date":"2019-04-12T06:52:43.287Z","age":5},"phone":"37663094","cell":"49987223","id":{"name":"FN","value":"21114443457"},"picture":{"large":"https://randomuser.me/api/portraits/women/10.jpg","medium":"https://randomuser.me/api/portraits/med/women/10.jpg","thumbnail":"https://randomuser.me/api/portraits/thumb/women/10.jpg"},"nat":"NO"}],"info":{"seed":"f9585e1fda40e88f","results":1,"page":1,"version":"1.4"}} 
 </msg>
<msg time="2024-08-03T02:32:22.663904" level="INFO">/opt/hostedtoolcache/Python/3.12.4/x64/lib/python3.12/site-packages/urllib3/connectionpool.py:1099: InsecureRequestWarning: Unverified HTTPS request is being made to host 'randomuser.me'. Adding certificate verification is strongly advised. See: https://urllib3.readthedocs.io/en/latest/advanced-usage.html#tls-warnings
  warnings.warn(</msg>
<msg time="2024-08-03T02:32:22.664068" level="INFO">${response} = &lt;Response [200]&gt;</msg>
<var>${response}</var>
<arg>consultarAPI</arg>
<arg>/api</arg>
<doc>Sends a GET request on a previously created HTTP Session.</doc>
<status status="PASS" start="2024-08-03T02:32:22.408628" elapsed="0.255484"/>
</kw>
<kw name="Should Be Equal As Numbers" owner="BuiltIn">
<msg time="2024-08-03T02:32:22.665281" level="INFO">Argument types are:
&lt;class 'int'&gt;
&lt;class 'str'&gt;</msg>
<arg>${response.status_code}</arg>
<arg>200</arg>
<doc>Fails if objects are unequal after converting them to real numbers.</doc>
<status status="PASS" start="2024-08-03T02:32:22.664771" elapsed="0.000576"/>
</kw>
<kw name="Log" owner="BuiltIn">
<msg time="2024-08-03T02:32:22.666039" level="INFO">200</msg>
<arg>${response.status_code}</arg>
<doc>Logs the given message with the given level.</doc>
<status status="PASS" start="2024-08-03T02:32:22.665672" elapsed="0.000409"/>
</kw>
<kw name="Set Variable" owner="BuiltIn">
<msg time="2024-08-03T02:32:22.666848" level="INFO">${json_data} = {'results': [{'gender': 'female', 'name': {'title': 'Mrs', 'first': 'Hala', 'last': 'Wu'}, 'location': {'street': {'number': 8693, 'name': 'Myrerdraget'}, 'city': 'Valestrandfossen', 'state': 'Troms -...</msg>
<var>${json_data}</var>
<arg>${response.json()}</arg>
<doc>Returns the given values which can then be assigned to a variables.</doc>
<status status="PASS" start="2024-08-03T02:32:22.666385" elapsed="0.000495"/>
</kw>
<kw name="Dictionary Should Contain Key" owner="Collections">
<arg>${json_data}</arg>
<arg>results</arg>
<doc>Fails if ``key`` is not found from ``dictionary``.</doc>
<status status="PASS" start="2024-08-03T02:32:22.667189" elapsed="0.000322"/>
</kw>
<status status="PASS" start="2024-08-03T02:32:22.408342" elapsed="0.259327"/>
</kw>
<doc>Testa se a API responde corretamente e retorna um objeto JSON válido.</doc>
<tag>testeRequisicaoBasica</tag>
<status status="PASS" start="2024-08-03T02:32:22.407741" elapsed="0.260103"/>
</test>
<test id="s1-s1-t3" name="Validar estrutura de resposta" line="22">
<kw name="Teste de Estrutura de Resposta" owner="random-user-service">
<kw name="GET On Session" owner="RequestsLibrary">
<msg time="2024-08-03T02:32:22.760109" level="INFO">GET Request : url=https://randomuser.me/api 
 path_url=/api 
 headers={'User-Agent': 'python-requests/2.32.3', 'Accept-Encoding': 'gzip, deflate', 'Accept': '*/*', 'Connection': 'keep-alive'} 
 body=None 
 </msg>
<msg time="2024-08-03T02:32:22.760213" level="INFO">GET Response : url=https://randomuser.me/api 
 status=200, reason=OK 
 headers={'Date': 'Sat, 03 Aug 2024 02:32:22 GMT', 'Content-Type': 'application/json; charset=utf-8', 'Transfer-Encoding': 'chunked', 'Connection': 'keep-alive', 'X-Powered-By': 'Express', 'Access-Control-Allow-Origin': '*', 'Cache-Control': 'no-cache', 'ETag': 'W/"478-BrSW0ApFS86chfIQZTZG+KgeGC0"', 'Vary': 'Accept-Encoding', 'Content-Encoding': 'gzip', 'CF-Cache-Status': 'DYNAMIC', 'Report-To': '{"endpoints":[{"url":"https:\\/\\/a.nel.cloudflare.com\\/report\\/v4?s=083aYLyBcZSLrNiYmFsnzS1o1TCtg%2BXnL2YyUpu92n3xdmOESr1j%2F9%2FEU6GRwMcTMUwb3CR2SWPKrRb7GX9XGwkhNDVy1RKUic2Z%2FZO7bprtURJGp1tYM5eJQFRXa8Ae"}],"group":"cf-nel","max_age":604800}', 'NEL': '{"success_fraction":0,"report_to":"cf-nel","max_age":604800}', 'Server': 'cloudflare', 'CF-RAY': '8ad2e595bba4617c-ORD', 'alt-svc': 'h3=":443"; ma=86400'} 
 body={"results":[{"gender":"female","name":{"title":"Miss","first":"زهرا","last":"سلطانی نژاد"},"location":{"street":{"number":83,"name":"فاطمی"},"city":"خوی","state":"فارس","country":"Iran","postcode":52145,"coordinates":{"latitude":"17.4663","longitude":"67.7451"},"timezone":{"offset":"-3:30","description":"Newfoundland"}},"email":"zhr.sltnynjd@example.com","login":{"uuid":"75340868-7c0e-49f5-b843-b8d6fc9b35d6","username":"bluepanda590","password":"danny1","salt":"Va3M0v9H","md5":"459e5626ef7678efcd13f6ede9a78b11","sha1":"0c8a3ff21bd493b32341edea3a58616be523b59e","sha256":"c640faa4a5d26bff7aba6f78f70225040cd7c3c69e74e6c58995bf71c2ebe355"},"dob":{"date":"1993-05-19T21:48:44.056Z","age":31},"registered":{"date":"2009-11-28T14:58:55.220Z","age":14},"phone":"085-72384736","cell":"0968-920-0481","id":{"name":"","value":null},"picture":{"large":"https://randomuser.me/api/portraits/women/92.jpg","medium":"https://randomuser.me/api/portraits/med/women/92.jpg","thumbnail":"https://randomuser.me/api/portraits/thumb/women/92.jpg"},"nat":"IR"}],"info":{"seed":"59d6e74193f0a987","results":1,"page":1,"version":"1.4"}} 
 </msg>
<msg time="2024-08-03T02:32:22.760351" level="INFO">/opt/hostedtoolcache/Python/3.12.4/x64/lib/python3.12/site-packages/urllib3/connectionpool.py:1099: InsecureRequestWarning: Unverified HTTPS request is being made to host 'randomuser.me'. Adding certificate verification is strongly advised. See: https://urllib3.readthedocs.io/en/latest/advanced-usage.html#tls-warnings
  warnings.warn(</msg>
<msg time="2024-08-03T02:32:22.760505" level="INFO">${response} = &lt;Response [200]&gt;</msg>
<var>${response}</var>
<arg>consultarAPI</arg>
<arg>/api</arg>
<doc>Sends a GET request on a previously created HTTP Session.</doc>
<status status="PASS" start="2024-08-03T02:32:22.670368" elapsed="0.090180"/>
</kw>
<kw name="Set Variable" owner="BuiltIn">
<msg time="2024-08-03T02:32:22.761617" level="INFO">${json_data} = {'results': [{'gender': 'female', 'name': {'title': 'Miss', 'first': 'زهرا', 'last': 'سلطانی نژاد'}, 'location': {'street': {'number': 83, 'name': 'فاطمی'}, 'city': 'خوی', 'state': 'فارس', 'country': ...</msg>
<var>${json_data}</var>
<arg>${response.json()}</arg>
<doc>Returns the given values which can then be assigned to a variables.</doc>
<status status="PASS" start="2024-08-03T02:32:22.761083" elapsed="0.000565"/>
</kw>
<kw name="Log" owner="BuiltIn">
<msg time="2024-08-03T02:32:22.762147" level="INFO">{'results': [{'gender': 'female', 'name': {'title': 'Miss', 'first': 'زهرا', 'last': 'سلطانی نژاد'}, 'location': {'street': {'number': 83, 'name': 'فاطمی'}, 'city': 'خوی', 'state': 'فارس', 'country': 'Iran', 'postcode': 52145, 'coordinates': {'latitude': '17.4663', 'longitude': '67.7451'}, 'timezone': {'offset': '-3:30', 'description': 'Newfoundland'}}, 'email': 'zhr.sltnynjd@example.com', 'login': {'uuid': '75340868-7c0e-49f5-b843-b8d6fc9b35d6', 'username': 'bluepanda590', 'password': 'danny1', 'salt': 'Va3M0v9H', 'md5': '459e5626ef7678efcd13f6ede9a78b11', 'sha1': '0c8a3ff21bd493b32341edea3a58616be523b59e', 'sha256': 'c640faa4a5d26bff7aba6f78f70225040cd7c3c69e74e6c58995bf71c2ebe355'}, 'dob': {'date': '1993-05-19T21:48:44.056Z', 'age': 31}, 'registered': {'date': '2009-11-28T14:58:55.220Z', 'age': 14}, 'phone': '085-72384736', 'cell': '0968-920-0481', 'id': {'name': '', 'value': None}, 'picture': {'large': 'https://randomuser.me/api/portraits/women/92.jpg', 'medium': 'https://randomuser.me/api/portraits/med/women/92.jpg', 'thumbnail': 'https://randomuser.me/api/portraits/thumb/women/92.jpg'}, 'nat': 'IR'}], 'info': {'seed': '59d6e74193f0a987', 'results': 1, 'page': 1, 'version': '1.4'}}</msg>
<arg>${json_data}</arg>
<doc>Logs the given message with the given level.</doc>
<status status="PASS" start="2024-08-03T02:32:22.761973" elapsed="0.000230"/>
</kw>
<kw name="Dictionary Should Contain Key" owner="Collections">
<arg>${json_data}</arg>
<arg>results</arg>
<doc>Fails if ``key`` is not found from ``dictionary``.</doc>
<status status="PASS" start="2024-08-03T02:32:22.762502" elapsed="0.000166"/>
</kw>
<kw name="Should Not Be Empty" owner="BuiltIn">
<msg time="2024-08-03T02:32:22.763041" level="INFO">Length is 2.</msg>
<arg>${json_data}</arg>
<doc>Verifies that the given item is not empty.</doc>
<status status="PASS" start="2024-08-03T02:32:22.762899" elapsed="0.000179"/>
</kw>
<kw name="Create List" owner="BuiltIn">
<msg time="2024-08-03T02:32:22.763536" level="INFO">${expected_keys} = ['gender', 'name', 'location', 'email', 'login']</msg>
<var>${expected_keys}</var>
<arg>gender</arg>
<arg>name</arg>
<arg>location</arg>
<arg>email</arg>
<arg>login</arg>
<doc>Returns a list containing given items.</doc>
<status status="PASS" start="2024-08-03T02:32:22.763383" elapsed="0.000177"/>
</kw>
<for flavor="IN">
<iter>
<kw name="Dictionary Should Contain Key" owner="Collections">
<arg>${json_data['results'][0]}</arg>
<arg>${key}</arg>
<doc>Fails if ``key`` is not found from ``dictionary``.</doc>
<status status="PASS" start="2024-08-03T02:32:22.764148" elapsed="0.000415"/>
</kw>
<kw name="Log" owner="BuiltIn">
<msg time="2024-08-03T02:32:22.765111" level="INFO">{'gender': 'female', 'name': {'title': 'Miss', 'first': 'زهرا', 'last': 'سلطانی نژاد'}, 'location': {'street': {'number': 83, 'name': 'فاطمی'}, 'city': 'خوی', 'state': 'فارس', 'country': 'Iran', 'postcode': 52145, 'coordinates': {'latitude': '17.4663', 'longitude': '67.7451'}, 'timezone': {'offset': '-3:30', 'description': 'Newfoundland'}}, 'email': 'zhr.sltnynjd@example.com', 'login': {'uuid': '75340868-7c0e-49f5-b843-b8d6fc9b35d6', 'username': 'bluepanda590', 'password': 'danny1', 'salt': 'Va3M0v9H', 'md5': '459e5626ef7678efcd13f6ede9a78b11', 'sha1': '0c8a3ff21bd493b32341edea3a58616be523b59e', 'sha256': 'c640faa4a5d26bff7aba6f78f70225040cd7c3c69e74e6c58995bf71c2ebe355'}, 'dob': {'date': '1993-05-19T21:48:44.056Z', 'age': 31}, 'registered': {'date': '2009-11-28T14:58:55.220Z', 'age': 14}, 'phone': '085-72384736', 'cell': '0968-920-0481', 'id': {'name': '', 'value': None}, 'picture': {'large': 'https://randomuser.me/api/portraits/women/92.jpg', 'medium': 'https://randomuser.me/api/portraits/med/women/92.jpg', 'thumbnail': 'https://randomuser.me/api/portraits/thumb/women/92.jpg'}, 'nat': 'IR'}</msg>
<arg>${json_data['results'][0]}</arg>
<doc>Logs the given message with the given level.</doc>
<status status="PASS" start="2024-08-03T02:32:22.764754" elapsed="0.000407"/>
</kw>
<kw name="Log" owner="BuiltIn">
<msg time="2024-08-03T02:32:22.765586" level="INFO">gender</msg>
<arg>${key}</arg>
<doc>Logs the given message with the given level.</doc>
<status status="PASS" start="2024-08-03T02:32:22.765458" elapsed="0.000166"/>
</kw>
<var name="${key}">gender</var>
<status status="PASS" start="2024-08-03T02:32:22.764021" elapsed="0.001820"/>
</iter>
<iter>
<kw name="Dictionary Should Contain Key" owner="Collections">
<arg>${json_data['results'][0]}</arg>
<arg>${key}</arg>
<doc>Fails if ``key`` is not found from ``dictionary``.</doc>
<status status="PASS" start="2024-08-03T02:32:22.766134" elapsed="0.000385"/>
</kw>
<kw name="Log" owner="BuiltIn">
<msg time="2024-08-03T02:32:22.767098" level="INFO">{'gender': 'female', 'name': {'title': 'Miss', 'first': 'زهرا', 'last': 'سلطانی نژاد'}, 'location': {'street': {'number': 83, 'name': 'فاطمی'}, 'city': 'خوی', 'state': 'فارس', 'country': 'Iran', 'postcode': 52145, 'coordinates': {'latitude': '17.4663', 'longitude': '67.7451'}, 'timezone': {'offset': '-3:30', 'description': 'Newfoundland'}}, 'email': 'zhr.sltnynjd@example.com', 'login': {'uuid': '75340868-7c0e-49f5-b843-b8d6fc9b35d6', 'username': 'bluepanda590', 'password': 'danny1', 'salt': 'Va3M0v9H', 'md5': '459e5626ef7678efcd13f6ede9a78b11', 'sha1': '0c8a3ff21bd493b32341edea3a58616be523b59e', 'sha256': 'c640faa4a5d26bff7aba6f78f70225040cd7c3c69e74e6c58995bf71c2ebe355'}, 'dob': {'date': '1993-05-19T21:48:44.056Z', 'age': 31}, 'registered': {'date': '2009-11-28T14:58:55.220Z', 'age': 14}, 'phone': '085-72384736', 'cell': '0968-920-0481', 'id': {'name': '', 'value': None}, 'picture': {'large': 'https://randomuser.me/api/portraits/women/92.jpg', 'medium': 'https://randomuser.me/api/portraits/med/women/92.jpg', 'thumbnail': 'https://randomuser.me/api/portraits/thumb/women/92.jpg'}, 'nat': 'IR'}</msg>
<arg>${json_data['results'][0]}</arg>
<doc>Logs the given message with the given level.</doc>
<status status="PASS" start="2024-08-03T02:32:22.766700" elapsed="0.000481"/>
</kw>
<kw name="Log" owner="BuiltIn">
<msg time="2024-08-03T02:32:22.767610" level="INFO">name</msg>
<arg>${key}</arg>
<doc>Logs the given message with the given level.</doc>
<status status="PASS" start="2024-08-03T02:32:22.767481" elapsed="0.000167"/>
</kw>
<var name="${key}">name</var>
<status status="PASS" start="2024-08-03T02:32:22.766023" elapsed="0.001838"/>
</iter>
<iter>
<kw name="Dictionary Should Contain Key" owner="Collections">
<arg>${json_data['results'][0]}</arg>
<arg>${key}</arg>
<doc>Fails if ``key`` is not found from ``dictionary``.</doc>
<status status="PASS" start="2024-08-03T02:32:22.768141" elapsed="0.000378"/>
</kw>
<kw name="Log" owner="BuiltIn">
<msg time="2024-08-03T02:32:22.769058" level="INFO">{'gender': 'female', 'name': {'title': 'Miss', 'first': 'زهرا', 'last': 'سلطانی نژاد'}, 'location': {'street': {'number': 83, 'name': 'فاطمی'}, 'city': 'خوی', 'state': 'فارس', 'country': 'Iran', 'postcode': 52145, 'coordinates': {'latitude': '17.4663', 'longitude': '67.7451'}, 'timezone': {'offset': '-3:30', 'description': 'Newfoundland'}}, 'email': 'zhr.sltnynjd@example.com', 'login': {'uuid': '75340868-7c0e-49f5-b843-b8d6fc9b35d6', 'username': 'bluepanda590', 'password': 'danny1', 'salt': 'Va3M0v9H', 'md5': '459e5626ef7678efcd13f6ede9a78b11', 'sha1': '0c8a3ff21bd493b32341edea3a58616be523b59e', 'sha256': 'c640faa4a5d26bff7aba6f78f70225040cd7c3c69e74e6c58995bf71c2ebe355'}, 'dob': {'date': '1993-05-19T21:48:44.056Z', 'age': 31}, 'registered': {'date': '2009-11-28T14:58:55.220Z', 'age': 14}, 'phone': '085-72384736', 'cell': '0968-920-0481', 'id': {'name': '', 'value': None}, 'picture': {'large': 'https://randomuser.me/api/portraits/women/92.jpg', 'medium': 'https://randomuser.me/api/portraits/med/women/92.jpg', 'thumbnail': 'https://randomuser.me/api/portraits/thumb/women/92.jpg'}, 'nat': 'IR'}</msg>
<arg>${json_data['results'][0]}</arg>
<doc>Logs the given message with the given level.</doc>
<status status="PASS" start="2024-08-03T02:32:22.768705" elapsed="0.000403"/>
</kw>
<kw name="Log" owner="BuiltIn">
<msg time="2024-08-03T02:32:22.769530" level="INFO">location</msg>
<arg>${key}</arg>
<doc>Logs the given message with the given level.</doc>
<status status="PASS" start="2024-08-03T02:32:22.769403" elapsed="0.000164"/>
</kw>
<var name="${key}">location</var>
<status status="PASS" start="2024-08-03T02:32:22.768035" elapsed="0.001751"/>
</iter>
<iter>
<kw name="Dictionary Should Contain Key" owner="Collections">
<arg>${json_data['results'][0]}</arg>
<arg>${key}</arg>
<doc>Fails if ``key`` is not found from ``dictionary``.</doc>
<status status="PASS" start="2024-08-03T02:32:22.770061" elapsed="0.000381"/>
</kw>
<kw name="Log" owner="BuiltIn">
<msg time="2024-08-03T02:32:22.771157" level="INFO">{'gender': 'female', 'name': {'title': 'Miss', 'first': 'زهرا', 'last': 'سلطانی نژاد'}, 'location': {'street': {'number': 83, 'name': 'فاطمی'}, 'city': 'خوی', 'state': 'فارس', 'country': 'Iran', 'postcode': 52145, 'coordinates': {'latitude': '17.4663', 'longitude': '67.7451'}, 'timezone': {'offset': '-3:30', 'description': 'Newfoundland'}}, 'email': 'zhr.sltnynjd@example.com', 'login': {'uuid': '75340868-7c0e-49f5-b843-b8d6fc9b35d6', 'username': 'bluepanda590', 'password': 'danny1', 'salt': 'Va3M0v9H', 'md5': '459e5626ef7678efcd13f6ede9a78b11', 'sha1': '0c8a3ff21bd493b32341edea3a58616be523b59e', 'sha256': 'c640faa4a5d26bff7aba6f78f70225040cd7c3c69e74e6c58995bf71c2ebe355'}, 'dob': {'date': '1993-05-19T21:48:44.056Z', 'age': 31}, 'registered': {'date': '2009-11-28T14:58:55.220Z', 'age': 14}, 'phone': '085-72384736', 'cell': '0968-920-0481', 'id': {'name': '', 'value': None}, 'picture': {'large': 'https://randomuser.me/api/portraits/women/92.jpg', 'medium': 'https://randomuser.me/api/portraits/med/women/92.jpg', 'thumbnail': 'https://randomuser.me/api/portraits/thumb/women/92.jpg'}, 'nat': 'IR'}</msg>
<arg>${json_data['results'][0]}</arg>
<doc>Logs the given message with the given level.</doc>
<status status="PASS" start="2024-08-03T02:32:22.770749" elapsed="0.000459"/>
</kw>
<kw name="Log" owner="BuiltIn">
<msg time="2024-08-03T02:32:22.771641" level="INFO">email</msg>
<arg>${key}</arg>
<doc>Logs the given message with the given level.</doc>
<status status="PASS" start="2024-08-03T02:32:22.771512" elapsed="0.000167"/>
</kw>
<var name="${key}">email</var>
<status status="PASS" start="2024-08-03T02:32:22.769955" elapsed="0.001940"/>
</iter>
<iter>
<kw name="Dictionary Should Contain Key" owner="Collections">
<arg>${json_data['results'][0]}</arg>
<arg>${key}</arg>
<doc>Fails if ``key`` is not found from ``dictionary``.</doc>
<status status="PASS" start="2024-08-03T02:32:22.772174" elapsed="0.000383"/>
</kw>
<kw name="Log" owner="BuiltIn">
<msg time="2024-08-03T02:32:22.773094" level="INFO">{'gender': 'female', 'name': {'title': 'Miss', 'first': 'زهرا', 'last': 'سلطانی نژاد'}, 'location': {'street': {'number': 83, 'name': 'فاطمی'}, 'city': 'خوی', 'state': 'فارس', 'country': 'Iran', 'postcode': 52145, 'coordinates': {'latitude': '17.4663', 'longitude': '67.7451'}, 'timezone': {'offset': '-3:30', 'description': 'Newfoundland'}}, 'email': 'zhr.sltnynjd@example.com', 'login': {'uuid': '75340868-7c0e-49f5-b843-b8d6fc9b35d6', 'username': 'bluepanda590', 'password': 'danny1', 'salt': 'Va3M0v9H', 'md5': '459e5626ef7678efcd13f6ede9a78b11', 'sha1': '0c8a3ff21bd493b32341edea3a58616be523b59e', 'sha256': 'c640faa4a5d26bff7aba6f78f70225040cd7c3c69e74e6c58995bf71c2ebe355'}, 'dob': {'date': '1993-05-19T21:48:44.056Z', 'age': 31}, 'registered': {'date': '2009-11-28T14:58:55.220Z', 'age': 14}, 'phone': '085-72384736', 'cell': '0968-920-0481', 'id': {'name': '', 'value': None}, 'picture': {'large': 'https://randomuser.me/api/portraits/women/92.jpg', 'medium': 'https://randomuser.me/api/portraits/med/women/92.jpg', 'thumbnail': 'https://randomuser.me/api/portraits/thumb/women/92.jpg'}, 'nat': 'IR'}</msg>
<arg>${json_data['results'][0]}</arg>
<doc>Logs the given message with the given level.</doc>
<status status="PASS" start="2024-08-03T02:32:22.772736" elapsed="0.000408"/>
</kw>
<kw name="Log" owner="BuiltIn">
<msg time="2024-08-03T02:32:22.773560" level="INFO">login</msg>
<arg>${key}</arg>
<doc>Logs the given message with the given level.</doc>
<status status="PASS" start="2024-08-03T02:32:22.773433" elapsed="0.000163"/>
</kw>
<var name="${key}">login</var>
<status status="PASS" start="2024-08-03T02:32:22.772068" elapsed="0.001742"/>
</iter>
<var>${key}</var>
<value>@{expected_keys}</value>
<status status="PASS" start="2024-08-03T02:32:22.763821" elapsed="0.010108"/>
</for>
<kw name="Create List" owner="BuiltIn">
<msg time="2024-08-03T02:32:22.774252" level="INFO">${expected_keysTwo} = ['username', 'password']</msg>
<var>${expected_keysTwo}</var>
<arg>username</arg>
<arg>password</arg>
<doc>Returns a list containing given items.</doc>
<status status="PASS" start="2024-08-03T02:32:22.774114" elapsed="0.000162"/>
</kw>
<for flavor="IN">
<iter>
<kw name="Dictionary Should Contain Key" owner="Collections">
<arg>${json_data['results'][0]['login']}</arg>
<arg>${keyTwo}</arg>
<doc>Fails if ``key`` is not found from ``dictionary``.</doc>
<status status="PASS" start="2024-08-03T02:32:22.774825" elapsed="0.000401"/>
</kw>
<kw name="Dictionary Should Contain Key" owner="Collections">
<arg>${json_data['results'][0]['login']}</arg>
<arg>${keyTwo}</arg>
<doc>Fails if ``key`` is not found from ``dictionary``.</doc>
<status status="PASS" start="2024-08-03T02:32:22.775407" elapsed="0.000370"/>
</kw>
<kw name="Log" owner="BuiltIn">
<msg time="2024-08-03T02:32:22.776074" level="INFO">username</msg>
<arg>${keyTwo}</arg>
<doc>Logs the given message with the given level.</doc>
<status status="PASS" start="2024-08-03T02:32:22.775955" elapsed="0.000156"/>
</kw>
<var name="${keyTwo}">username</var>
<status status="PASS" start="2024-08-03T02:32:22.774689" elapsed="0.001641"/>
</iter>
<iter>
<kw name="Dictionary Should Contain Key" owner="Collections">
<arg>${json_data['results'][0]['login']}</arg>
<arg>${keyTwo}</arg>
<doc>Fails if ``key`` is not found from ``dictionary``.</doc>
<status status="PASS" start="2024-08-03T02:32:22.776610" elapsed="0.000380"/>
</kw>
<kw name="Dictionary Should Contain Key" owner="Collections">
<arg>${json_data['results'][0]['login']}</arg>
<arg>${keyTwo}</arg>
<doc>Fails if ``key`` is not found from ``dictionary``.</doc>
<status status="PASS" start="2024-08-03T02:32:22.777164" elapsed="0.000370"/>
</kw>
<kw name="Log" owner="BuiltIn">
<msg time="2024-08-03T02:32:22.777831" level="INFO">password</msg>
<arg>${keyTwo}</arg>
<doc>Logs the given message with the given level.</doc>
<status status="PASS" start="2024-08-03T02:32:22.777709" elapsed="0.000160"/>
</kw>
<var name="${keyTwo}">password</var>
<status status="PASS" start="2024-08-03T02:32:22.776500" elapsed="0.001588"/>
</iter>
<var>${keyTwo}</var>
<value>@{expected_keysTwo}</value>
<status status="PASS" start="2024-08-03T02:32:22.774537" elapsed="0.003671"/>
</for>
<status status="PASS" start="2024-08-03T02:32:22.670134" elapsed="0.108221"/>
</kw>
<doc>Testa a estrutura da resposta da API.</doc>
<tag>testeEstruturaResposta</tag>
<status status="PASS" start="2024-08-03T02:32:22.669641" elapsed="0.108872"/>
</test>
<test id="s1-s1-t4" name="Validar tipos de dados" line="28">
<kw name="Teste de Tipos de Dados" owner="random-user-service">
<kw name="GET On Session" owner="RequestsLibrary">
<msg time="2024-08-03T02:32:22.846741" level="INFO">GET Request : url=https://randomuser.me/api 
 path_url=/api 
 headers={'User-Agent': 'python-requests/2.32.3', 'Accept-Encoding': 'gzip, deflate', 'Accept': '*/*', 'Connection': 'keep-alive'} 
 body=None 
 </msg>
<msg time="2024-08-03T02:32:22.846880" level="INFO">GET Response : url=https://randomuser.me/api 
 status=200, reason=OK 
 headers={'Date': 'Sat, 03 Aug 2024 02:32:22 GMT', 'Content-Type': 'application/json; charset=utf-8', 'Transfer-Encoding': 'chunked', 'Connection': 'keep-alive', 'X-Powered-By': 'Express', 'Access-Control-Allow-Origin': '*', 'Cache-Control': 'no-cache', 'ETag': 'W/"4bb-oOWex6t1QrUD3hn+BCu48Y62P/s"', 'Vary': 'Accept-Encoding', 'Content-Encoding': 'gzip', 'CF-Cache-Status': 'DYNAMIC', 'Report-To': '{"endpoints":[{"url":"https:\\/\\/a.nel.cloudflare.com\\/report\\/v4?s=iKw6cXyTReWOwdDRV9Azz06fDANR%2F3VwQywl4xzSHgev832QdjNXO4ieJwW%2FnY29bsXpulMIhZM6ZAVX3TZwaId5uGQhGqrvLsZuFgd3m1gEnf%2BgaO2FJdhn0fcHxLYK"}],"group":"cf-nel","max_age":604800}', 'NEL': '{"success_fraction":0,"report_to":"cf-nel","max_age":604800}', 'Server': 'cloudflare', 'CF-RAY': '8ad2e5966cd3617c-ORD', 'alt-svc': 'h3=":443"; ma=86400'} 
 body={"results":[{"gender":"male","name":{"title":"Mr","first":"اميرعلي","last":"کامروا"},"location":{"street":{"number":4407,"name":"آیت الله کاشانی"},"city":"خمینی‌شهر","state":"کهگیلویه و بویراحمد","country":"Iran","postcode":42330,"coordinates":{"latitude":"17.4127","longitude":"-135.7438"},"timezone":{"offset":"-7:00","description":"Mountain Time (US &amp; Canada)"}},"email":"myraaly.khmrw@example.com","login":{"uuid":"3d2715e5-6822-4a56-a2d2-7cd77505cf35","username":"ticklishcat518","password":"boozer","salt":"xGjiNvzj","md5":"c7aebb8fb103e2c51e87d0ed0197513e","sha1":"ef2699d1986f9d1ea64b29f2245f4512f3b4085a","sha256":"06d565750d153f02cea2027e15a41d6681b17a1ae911886cda22bbad98ec72cf"},"dob":{"date":"1990-09-19T00:48:57.907Z","age":33},"registered":{"date":"2018-08-19T05:17:51.579Z","age":5},"phone":"043-03791373","cell":"0990-578-7529","id":{"name":"","value":null},"picture":{"large":"https://randomuser.me/api/portraits/men/48.jpg","medium":"https://randomuser.me/api/portraits/med/men/48.jpg","thumbnail":"https://randomuser.me/api/portraits/thumb/men/48.jpg"},"nat":"IR"}],"info":{"seed":"acc5107d96b258b3","results":1,"page":1,"version":"1.4"}} 
 </msg>
<msg time="2024-08-03T02:32:22.846965" level="INFO">/opt/hostedtoolcache/Python/3.12.4/x64/lib/python3.12/site-packages/urllib3/connectionpool.py:1099: InsecureRequestWarning: Unverified HTTPS request is being made to host 'randomuser.me'. Adding certificate verification is strongly advised. See: https://urllib3.readthedocs.io/en/latest/advanced-usage.html#tls-warnings
  warnings.warn(</msg>
<msg time="2024-08-03T02:32:22.847114" level="INFO">${response} = &lt;Response [200]&gt;</msg>
<var>${response}</var>
<arg>consultarAPI</arg>
<arg>/api</arg>
<doc>Sends a GET request on a previously created HTTP Session.</doc>
<status status="PASS" start="2024-08-03T02:32:22.781160" elapsed="0.066006"/>
</kw>
<kw name="Set Variable" owner="BuiltIn">
<msg time="2024-08-03T02:32:22.848246" level="INFO">${json_data} = {'results': [{'gender': 'male', 'name': {'title': 'Mr', 'first': 'اميرعلي', 'last': 'کامروا'}, 'location': {'street': {'number': 4407, 'name': 'آیت الله کاشانی'}, 'city': 'خمینی\u200cشهر', 'state': 'ک...</msg>
<var>${json_data}</var>
<arg>${response.json()}</arg>
<doc>Returns the given values which can then be assigned to a variables.</doc>
<status status="PASS" start="2024-08-03T02:32:22.847714" elapsed="0.000563"/>
</kw>
<kw name="Log" owner="BuiltIn">
<msg time="2024-08-03T02:32:22.848747" level="INFO">{'results': [{'gender': 'male', 'name': {'title': 'Mr', 'first': 'اميرعلي', 'last': 'کامروا'}, 'location': {'street': {'number': 4407, 'name': 'آیت الله کاشانی'}, 'city': 'خمینی\u200cشهر', 'state': 'کهگیلویه و بویراحمد', 'country': 'Iran', 'postcode': 42330, 'coordinates': {'latitude': '17.4127', 'longitude': '-135.7438'}, 'timezone': {'offset': '-7:00', 'description': 'Mountain Time (US &amp; Canada)'}}, 'email': 'myraaly.khmrw@example.com', 'login': {'uuid': '3d2715e5-6822-4a56-a2d2-7cd77505cf35', 'username': 'ticklishcat518', 'password': 'boozer', 'salt': 'xGjiNvzj', 'md5': 'c7aebb8fb103e2c51e87d0ed0197513e', 'sha1': 'ef2699d1986f9d1ea64b29f2245f4512f3b4085a', 'sha256': '06d565750d153f02cea2027e15a41d6681b17a1ae911886cda22bbad98ec72cf'}, 'dob': {'date': '1990-09-19T00:48:57.907Z', 'age': 33}, 'registered': {'date': '2018-08-19T05:17:51.579Z', 'age': 5}, 'phone': '043-03791373', 'cell': '0990-578-7529', 'id': {'name': '', 'value': None}, 'picture': {'large': 'https://randomuser.me/api/portraits/men/48.jpg', 'medium': 'https://randomuser.me/api/portraits/med/men/48.jpg', 'thumbnail': 'https://randomuser.me/api/portraits/thumb/men/48.jpg'}, 'nat': 'IR'}], 'info': {'seed': 'acc5107d96b258b3', 'results': 1, 'page': 1, 'version': '1.4'}}</msg>
<arg>${json_data}</arg>
<doc>Logs the given message with the given level.</doc>
<status status="PASS" start="2024-08-03T02:32:22.848585" elapsed="0.000216"/>
</kw>
<kw name="Should Be String" owner="String">
<arg>${json_data['results'][0]['gender']}</arg>
<doc>Fails if the given ``item`` is not a string.</doc>
<status status="PASS" start="2024-08-03T02:32:22.849097" elapsed="0.000371"/>
</kw>
<kw name="Should Match Regexp" owner="BuiltIn">
<arg>${json_data['results'][0]['email']}</arg>
<arg>^[a-zA-Z0-9._%+-]+@[a-zA-Z0-9.-]+\.[a-zA-Z]{2,}$</arg>
<doc>Fails if ``string`` does not match ``pattern`` as a regular expression.</doc>
<status status="PASS" start="2024-08-03T02:32:22.849655" elapsed="0.000511"/>
</kw>
<kw name="Should Match Regexp" owner="BuiltIn">
<arg>${json_data['results'][0]['dob']['date']}</arg>
<arg>\\d{4}-\\d{2}-\\d{2}T\\d{2}:\\d{2}:\\d{2}\\.\\d{3}Z</arg>
<doc>Fails if ``string`` does not match ``pattern`` as a regular expression.</doc>
<status status="PASS" start="2024-08-03T02:32:22.850401" elapsed="0.000691"/>
</kw>
<kw name="Should Match Regexp" owner="BuiltIn">
<arg>${json_data['results'][0]['registered']['date']}</arg>
<arg>\\d{4}-\\d{2}-\\d{2}T\\d{2}:\\d{2}:\\d{2}\\.\\d{3}Z</arg>
<doc>Fails if ``string`` does not match ``pattern`` as a regular expression.</doc>
<status status="PASS" start="2024-08-03T02:32:22.851293" elapsed="0.000378"/>
</kw>
<kw name="Should Match Regexp" owner="BuiltIn">
<arg>${json_data['results'][0]['picture']['large']}</arg>
<arg>^https?://.*\.(?:png|jpe?g|gif|bmp)$</arg>
<doc>Fails if ``string`` does not match ``pattern`` as a regular expression.</doc>
<status status="PASS" start="2024-08-03T02:32:22.851858" elapsed="0.000464"/>
</kw>
<kw name="Should Match Regexp" owner="BuiltIn">
<arg>${json_data['results'][0]['picture']['medium']}</arg>
<arg>^https?://.*\.(?:png|jpe?g|gif|bmp)$</arg>
<doc>Fails if ``string`` does not match ``pattern`` as a regular expression.</doc>
<status status="PASS" start="2024-08-03T02:32:22.852509" elapsed="0.000358"/>
</kw>
<kw name="Should Match Regexp" owner="BuiltIn">
<arg>${json_data['results'][0]['picture']['thumbnail']}</arg>
<arg>^https?://.*\.(?:png|jpe?g|gif|bmp)$</arg>
<doc>Fails if ``string`` does not match ``pattern`` as a regular expression.</doc>
<status status="PASS" start="2024-08-03T02:32:22.853050" elapsed="0.000346"/>
</kw>
<kw name="Log" owner="BuiltIn">
<msg time="2024-08-03T02:32:22.853894" level="INFO">{'large': 'https://randomuser.me/api/portraits/men/48.jpg', 'medium': 'https://randomuser.me/api/portraits/med/men/48.jpg', 'thumbnail': 'https://randomuser.me/api/portraits/thumb/men/48.jpg'}</msg>
<arg>${json_data['results'][0]['picture']}</arg>
<doc>Logs the given message with the given level.</doc>
<status status="PASS" start="2024-08-03T02:32:22.853575" elapsed="0.000361"/>
</kw>
<status status="PASS" start="2024-08-03T02:32:22.780930" elapsed="0.073265"/>
</kw>
<kw name="Teste de Tipos de Dados - Postcode" owner="random-user-service">
<kw name="GET On Session" owner="RequestsLibrary">
<msg time="2024-08-03T02:32:22.945891" level="INFO">GET Request : url=https://randomuser.me/api 
 path_url=/api 
 headers={'User-Agent': 'python-requests/2.32.3', 'Accept-Encoding': 'gzip, deflate', 'Accept': '*/*', 'Connection': 'keep-alive'} 
 body=None 
 </msg>
<msg time="2024-08-03T02:32:22.946000" level="INFO">GET Response : url=https://randomuser.me/api 
 status=200, reason=OK 
 headers={'Date': 'Sat, 03 Aug 2024 02:32:22 GMT', 'Content-Type': 'application/json; charset=utf-8', 'Transfer-Encoding': 'chunked', 'Connection': 'keep-alive', 'X-Powered-By': 'Express', 'Access-Control-Allow-Origin': '*', 'Cache-Control': 'no-cache', 'ETag': 'W/"47b-krSMdrx4PYbCk0VSUtlHflQFUXA"', 'Vary': 'Accept-Encoding', 'Content-Encoding': 'gzip', 'CF-Cache-Status': 'DYNAMIC', 'Report-To': '{"endpoints":[{"url":"https:\\/\\/a.nel.cloudflare.com\\/report\\/v4?s=ReqJp%2BGd07ZkQmZm%2FFI0GRgAFGXKIvo5UgXIL5s%2F5XmOEtuDgOVWrtqFZSCw3VONHQMFnSnUT2RYd6JhoUoVjEFYsWJkhSYo5vwilKCGbtGPpdQv8xZlj8MlJIpGwLyn"}],"group":"cf-nel","max_age":604800}', 'NEL': '{"success_fraction":0,"report_to":"cf-nel","max_age":604800}', 'Server': 'cloudflare', 'CF-RAY': '8ad2e596dd63617c-ORD', 'alt-svc': 'h3=":443"; ma=86400'} 
 body={"results":[{"gender":"male","name":{"title":"Mr","first":"Rick","last":"Howell"},"location":{"street":{"number":3689,"name":"W 6th St"},"city":"Warragul","state":"Australian Capital Territory","country":"Australia","postcode":8933,"coordinates":{"latitude":"-82.5803","longitude":"-32.6739"},"timezone":{"offset":"+5:45","description":"Kathmandu"}},"email":"rick.howell@example.com","login":{"uuid":"c6b5df0e-1cb7-4979-8922-d073b71c9ff3","username":"blackdog833","password":"monty1","salt":"gXSDKELG","md5":"de017ed341618754b309c282225a0036","sha1":"1706bcd03b7feeaa031c467906a3f2d0c4e00f5d","sha256":"6d22dcd5e7197c603057077a2d29036c23a3ee5cfe8f13fc80f95783436ac9e8"},"dob":{"date":"1946-03-27T14:45:26.589Z","age":78},"registered":{"date":"2011-03-28T12:19:38.503Z","age":13},"phone":"07-4185-9924","cell":"0490-205-193","id":{"name":"TFN","value":"388308156"},"picture":{"large":"https://randomuser.me/api/portraits/men/20.jpg","medium":"https://randomuser.me/api/portraits/med/men/20.jpg","thumbnail":"https://randomuser.me/api/portraits/thumb/men/20.jpg"},"nat":"AU"}],"info":{"seed":"f7ed25c3a7d6eb35","results":1,"page":1,"version":"1.4"}} 
 </msg>
<msg time="2024-08-03T02:32:22.946069" level="INFO">/opt/hostedtoolcache/Python/3.12.4/x64/lib/python3.12/site-packages/urllib3/connectionpool.py:1099: InsecureRequestWarning: Unverified HTTPS request is being made to host 'randomuser.me'. Adding certificate verification is strongly advised. See: https://urllib3.readthedocs.io/en/latest/advanced-usage.html#tls-warnings
  warnings.warn(</msg>
<msg time="2024-08-03T02:32:22.946211" level="INFO">${response} = &lt;Response [200]&gt;</msg>
<var>${response}</var>
<arg>consultarAPI</arg>
<arg>/api</arg>
<doc>Sends a GET request on a previously created HTTP Session.</doc>
<status status="PASS" start="2024-08-03T02:32:22.854657" elapsed="0.091598"/>
</kw>
<kw name="Set Variable" owner="BuiltIn">
<msg time="2024-08-03T02:32:22.947333" level="INFO">${json_data} = {'results': [{'gender': 'male', 'name': {'title': 'Mr', 'first': 'Rick', 'last': 'Howell'}, 'location': {'street': {'number': 3689, 'name': 'W 6th St'}, 'city': 'Warragul', 'state': 'Australian Capita...</msg>
<var>${json_data}</var>
<arg>${response.json()}</arg>
<doc>Returns the given values which can then be assigned to a variables.</doc>
<status status="PASS" start="2024-08-03T02:32:22.946771" elapsed="0.000591"/>
</kw>
<kw name="Log" owner="BuiltIn">
<msg time="2024-08-03T02:32:22.947835" level="INFO">{'results': [{'gender': 'male', 'name': {'title': 'Mr', 'first': 'Rick', 'last': 'Howell'}, 'location': {'street': {'number': 3689, 'name': 'W 6th St'}, 'city': 'Warragul', 'state': 'Australian Capital Territory', 'country': 'Australia', 'postcode': 8933, 'coordinates': {'latitude': '-82.5803', 'longitude': '-32.6739'}, 'timezone': {'offset': '+5:45', 'description': 'Kathmandu'}}, 'email': 'rick.howell@example.com', 'login': {'uuid': 'c6b5df0e-1cb7-4979-8922-d073b71c9ff3', 'username': 'blackdog833', 'password': 'monty1', 'salt': 'gXSDKELG', 'md5': 'de017ed341618754b309c282225a0036', 'sha1': '1706bcd03b7feeaa031c467906a3f2d0c4e00f5d', 'sha256': '6d22dcd5e7197c603057077a2d29036c23a3ee5cfe8f13fc80f95783436ac9e8'}, 'dob': {'date': '1946-03-27T14:45:26.589Z', 'age': 78}, 'registered': {'date': '2011-03-28T12:19:38.503Z', 'age': 13}, 'phone': '07-4185-9924', 'cell': '0490-205-193', 'id': {'name': 'TFN', 'value': '388308156'}, 'picture': {'large': 'https://randomuser.me/api/portraits/men/20.jpg', 'medium': 'https://randomuser.me/api/portraits/med/men/20.jpg', 'thumbnail': 'https://randomuser.me/api/portraits/thumb/men/20.jpg'}, 'nat': 'AU'}], 'info': {'seed': 'f7ed25c3a7d6eb35', 'results': 1, 'page': 1, 'version': '1.4'}}</msg>
<arg>${json_data}</arg>
<doc>Logs the given message with the given level.</doc>
<status status="PASS" start="2024-08-03T02:32:22.947678" elapsed="0.000207"/>
</kw>
<kw name="Should Be Equal As Numbers" owner="BuiltIn">
<arg>${json_data['results'][0]['location']['postcode']}</arg>
<arg>${json_data['results'][0]['location']['postcode']}</arg>
<doc>Fails if objects are unequal after converting them to real numbers.</doc>
<status status="PASS" start="2024-08-03T02:32:22.948178" elapsed="0.000636"/>
</kw>
<kw name="Log" owner="BuiltIn">
<msg time="2024-08-03T02:32:22.949340" level="INFO">8933</msg>
<arg>${json_data['results'][0]['location']['postcode']}</arg>
<doc>Logs the given message with the given level.</doc>
<status status="PASS" start="2024-08-03T02:32:22.949007" elapsed="0.000374"/>
</kw>
<status status="PASS" start="2024-08-03T02:32:22.854423" elapsed="0.095246"/>
</kw>
<doc>Testa se os tipos de dados na resposta da API estão corretos.</doc>
<tag>testeTiposDados</tag>
<status status="PASS" start="2024-08-03T02:32:22.780339" elapsed="0.169510"/>
</test>
<test id="s1-s1-t5" name="Validar conteudo" line="35">
<kw name="Teste de Tipos de Conteudo" owner="random-user-service">
<kw name="GET On Session" owner="RequestsLibrary">
<msg time="2024-08-03T02:32:23.050396" level="INFO">GET Request : url=https://randomuser.me/api 
 path_url=/api 
 headers={'User-Agent': 'python-requests/2.32.3', 'Accept-Encoding': 'gzip, deflate', 'Accept': '*/*', 'Connection': 'keep-alive'} 
 body=None 
 </msg>
<msg time="2024-08-03T02:32:23.050500" level="INFO">GET Response : url=https://randomuser.me/api 
 status=200, reason=OK 
 headers={'Date': 'Sat, 03 Aug 2024 02:32:23 GMT', 'Content-Type': 'application/json; charset=utf-8', 'Transfer-Encoding': 'chunked', 'Connection': 'keep-alive', 'X-Powered-By': 'Express', 'Access-Control-Allow-Origin': '*', 'Cache-Control': 'no-cache', 'ETag': 'W/"47a-J6/vaTpizl3iP5nvL5xNUwXcRtM"', 'Vary': 'Accept-Encoding', 'Content-Encoding': 'gzip', 'CF-Cache-Status': 'DYNAMIC', 'Report-To': '{"endpoints":[{"url":"https:\\/\\/a.nel.cloudflare.com\\/report\\/v4?s=MpmuE5GNGzm6k9EajmIPz0wYLXt2t%2FiyHTSjSk%2BbP%2BIeBKGQdLwhUwhZIIRqK7ee0MOjQGPlYOcZwBo9jzt6od78nSAaSyReUqf5%2B3TpztK2hL1BE1MDWzX%2Bh45nsgCu"}],"group":"cf-nel","max_age":604800}', 'NEL': '{"success_fraction":0,"report_to":"cf-nel","max_age":604800}', 'Server': 'cloudflare', 'CF-RAY': '8ad2e5977e25617c-ORD', 'alt-svc': 'h3=":443"; ma=86400'} 
 body={"results":[{"gender":"female","name":{"title":"Miss","first":"Sarah","last":"Carter"},"location":{"street":{"number":6956,"name":"Mill Lane"},"city":"Newry","state":"Surrey","country":"United Kingdom","postcode":"VC4 9UQ","coordinates":{"latitude":"-7.0082","longitude":"179.0727"},"timezone":{"offset":"+4:30","description":"Kabul"}},"email":"sarah.carter@example.com","login":{"uuid":"d20ab79d-85b4-4b61-ba00-43c3730225a4","username":"angryfish271","password":"852456","salt":"vTsQAdDM","md5":"d12bb1f0fe71c21ca2faf726ce521319","sha1":"dd7e0ccefc8dd75bfd596d7798ee667769db881f","sha256":"6bf04c2cfce1d22568129de6a494ae7610c9deb359f576189a2489f34548bf89"},"dob":{"date":"1988-12-31T08:17:16.829Z","age":35},"registered":{"date":"2007-02-16T06:55:47.833Z","age":17},"phone":"017687 67756","cell":"07450 868914","id":{"name":"NINO","value":"LM 06 47 14 E"},"picture":{"large":"https://randomuser.me/api/portraits/women/46.jpg","medium":"https://randomuser.me/api/portraits/med/women/46.jpg","thumbnail":"https://randomuser.me/api/portraits/thumb/women/46.jpg"},"nat":"GB"}],"info":{"seed":"61416e603d10c108","results":1,"page":1,"version":"1.4"}} 
 </msg>
<msg time="2024-08-03T02:32:23.050574" level="INFO">/opt/hostedtoolcache/Python/3.12.4/x64/lib/python3.12/site-packages/urllib3/connectionpool.py:1099: InsecureRequestWarning: Unverified HTTPS request is being made to host 'randomuser.me'. Adding certificate verification is strongly advised. See: https://urllib3.readthedocs.io/en/latest/advanced-usage.html#tls-warnings
  warnings.warn(</msg>
<msg time="2024-08-03T02:32:23.050715" level="INFO">${response} = &lt;Response [200]&gt;</msg>
<var>${response}</var>
<arg>consultarAPI</arg>
<arg>/api</arg>
<doc>Sends a GET request on a previously created HTTP Session.</doc>
<status status="PASS" start="2024-08-03T02:32:22.952480" elapsed="0.098276"/>
</kw>
<kw name="Set Variable" owner="BuiltIn">
<msg time="2024-08-03T02:32:23.051925" level="INFO">${json_data} = {'results': [{'gender': 'female', 'name': {'title': 'Miss', 'first': 'Sarah', 'last': 'Carter'}, 'location': {'street': {'number': 6956, 'name': 'Mill Lane'}, 'city': 'Newry', 'state': 'Surrey', 'coun...</msg>
<var>${json_data}</var>
<arg>${response.json()}</arg>
<doc>Returns the given values which can then be assigned to a variables.</doc>
<status status="PASS" start="2024-08-03T02:32:23.051383" elapsed="0.000572"/>
</kw>
<kw name="Set Variable" owner="BuiltIn">
<msg time="2024-08-03T02:32:23.052654" level="INFO">${name_title} = Miss</msg>
<var>${name_title}</var>
<arg>${json_data["results"][0]["name"]["title"]}</arg>
<doc>Returns the given values which can then be assigned to a variables.</doc>
<status status="PASS" start="2024-08-03T02:32:23.052271" elapsed="0.000407"/>
</kw>
<kw name="Create List" owner="BuiltIn">
<msg time="2024-08-03T02:32:23.053119" level="INFO">${allowed_titles} = ['Mr', 'Ms', 'Miss', 'Mrs', 'Madame', 'Monsieur']</msg>
<var>${allowed_titles}</var>
<arg>Mr</arg>
<arg>Ms</arg>
<arg>Miss</arg>
<arg>Mrs</arg>
<arg>Madame</arg>
<arg>Monsieur</arg>
<doc>Returns a list containing given items.</doc>
<status status="PASS" start="2024-08-03T02:32:23.052970" elapsed="0.000174"/>
</kw>
<kw name="List Should Contain Value" owner="Collections">
<arg>${allowed_titles}</arg>
<arg>${name_title}</arg>
<doc>Fails if the ``value`` is not found from ``list``.</doc>
<status status="PASS" start="2024-08-03T02:32:23.053444" elapsed="0.000176"/>
</kw>
<kw name="Set Variable" owner="BuiltIn">
<msg time="2024-08-03T02:32:23.054170" level="INFO">${name_country} = GB</msg>
<var>${name_country}</var>
<arg>${json_data["results"][0]["nat"]}</arg>
<doc>Returns the given values which can then be assigned to a variables.</doc>
<status status="PASS" start="2024-08-03T02:32:23.053801" elapsed="0.000394"/>
</kw>
<kw name="Create List" owner="BuiltIn">
<msg time="2024-08-03T02:32:23.055146" level="INFO">${list_country} = ['AD', 'AE', 'AF', 'AG', 'AI', 'AL', 'AM', 'AO', 'AQ', 'AR', 'AS', 'AT', 'AU', 'AW', 'AX', 'AZ', 'BA', 'BB', 'BD', 'BE', 'BF', 'BG', 'BH', 'BI', 'BJ', 'BL', 'BM', 'BN', 'BO', 'BQ', 'BR', 'BS', 'BT', '...</msg>
<var>${list_country}</var>
<arg>AD</arg>
<arg>AE</arg>
<arg>AF</arg>
<arg>AG</arg>
<arg>AI</arg>
<arg>AL</arg>
<arg>AM</arg>
<arg>AO</arg>
<arg>AQ</arg>
<arg>AR</arg>
<arg>AS</arg>
<arg>AT</arg>
<arg>AU</arg>
<arg>AW</arg>
<arg>AX</arg>
<arg>AZ</arg>
<arg>BA</arg>
<arg>BB</arg>
<arg>BD</arg>
<arg>BE</arg>
<arg>BF</arg>
<arg>BG</arg>
<arg>BH</arg>
<arg>BI</arg>
<arg>BJ</arg>
<arg>BL</arg>
<arg>BM</arg>
<arg>BN</arg>
<arg>BO</arg>
<arg>BQ</arg>
<arg>BR</arg>
<arg>BS</arg>
<arg>BT</arg>
<arg>BV</arg>
<arg>BW</arg>
<arg>BY</arg>
<arg>BZ</arg>
<arg>CA</arg>
<arg>CC</arg>
<arg>CD</arg>
<arg>CF</arg>
<arg>CG</arg>
<arg>CH</arg>
<arg>CI</arg>
<arg>CK</arg>
<arg>CL</arg>
<arg>CM</arg>
<arg>CN</arg>
<arg>CO</arg>
<arg>CR</arg>
<arg>CU</arg>
<arg>CV</arg>
<arg>CW</arg>
<arg>CX</arg>
<arg>CY</arg>
<arg>CZ</arg>
<arg>DE</arg>
<arg>DJ</arg>
<arg>DK</arg>
<arg>DM</arg>
<arg>DO</arg>
<arg>DZ</arg>
<arg>EC</arg>
<arg>EE</arg>
<arg>EG</arg>
<arg>EH</arg>
<arg>ER</arg>
<arg>ES</arg>
<arg>ET</arg>
<arg>FI</arg>
<arg>FJ</arg>
<arg>FK</arg>
<arg>FM</arg>
<arg>FO</arg>
<arg>FR</arg>
<arg>GA</arg>
<arg>GB</arg>
<arg>GD</arg>
<arg>GE</arg>
<arg>GF</arg>
<arg>GG</arg>
<arg>GH</arg>
<arg>GI</arg>
<arg>GL</arg>
<arg>GM</arg>
<arg>GN</arg>
<arg>GP</arg>
<arg>GQ</arg>
<arg>GR</arg>
<arg>GS</arg>
<arg>GT</arg>
<arg>GU</arg>
<arg>GW</arg>
<arg>GY</arg>
<arg>HK</arg>
<arg>HM</arg>
<arg>HN</arg>
<arg>HR</arg>
<arg>HT</arg>
<arg>HU</arg>
<arg>ID</arg>
<arg>IE</arg>
<arg>IL</arg>
<arg>IM</arg>
<arg>IN</arg>
<arg>IO</arg>
<arg>IQ</arg>
<arg>IR</arg>
<arg>IS</arg>
<arg>IT</arg>
<arg>JE</arg>
<arg>JM</arg>
<arg>JO</arg>
<arg>JP</arg>
<arg>KE</arg>
<arg>KG</arg>
<arg>KH</arg>
<arg>KI</arg>
<arg>KM</arg>
<arg>KN</arg>
<arg>KP</arg>
<arg>KR</arg>
<arg>KW</arg>
<arg>KY</arg>
<arg>KZ</arg>
<arg>LA</arg>
<arg>LB</arg>
<arg>LC</arg>
<arg>LI</arg>
<arg>LK</arg>
<arg>LR</arg>
<arg>LS</arg>
<arg>LT</arg>
<arg>LU</arg>
<arg>LV</arg>
<arg>LY</arg>
<arg>MA</arg>
<arg>MC</arg>
<arg>MD</arg>
<arg>ME</arg>
<arg>MF</arg>
<arg>MG</arg>
<arg>MH</arg>
<arg>MK</arg>
<arg>ML</arg>
<arg>MM</arg>
<arg>MN</arg>
<arg>MO</arg>
<arg>MP</arg>
<arg>MQ</arg>
<arg>MR</arg>
<arg>MS</arg>
<arg>MT</arg>
<arg>MU</arg>
<arg>MV</arg>
<arg>MW</arg>
<arg>MX</arg>
<arg>MY</arg>
<arg>MZ</arg>
<arg>NA</arg>
<arg>NC</arg>
<arg>NE</arg>
<arg>NF</arg>
<arg>NG</arg>
<arg>NI</arg>
<arg>NL</arg>
<arg>NO</arg>
<arg>NP</arg>
<arg>NR</arg>
<arg>NU</arg>
<arg>NZ</arg>
<arg>OM</arg>
<arg>PA</arg>
<arg>PE</arg>
<arg>PF</arg>
<arg>PG</arg>
<arg>PH</arg>
<arg>PK</arg>
<arg>PL</arg>
<arg>PM</arg>
<arg>PN</arg>
<arg>PR</arg>
<arg>PS</arg>
<arg>PT</arg>
<arg>PW</arg>
<arg>PY</arg>
<arg>QA</arg>
<arg>RE</arg>
<arg>RO</arg>
<arg>RS</arg>
<arg>RU</arg>
<arg>RW</arg>
<arg>SA</arg>
<arg>SB</arg>
<arg>SC</arg>
<arg>SD</arg>
<arg>SE</arg>
<arg>SG</arg>
<arg>SH</arg>
<arg>SI</arg>
<arg>SJ</arg>
<arg>SK</arg>
<arg>SL</arg>
<arg>SM</arg>
<arg>SN</arg>
<arg>SO</arg>
<arg>SR</arg>
<arg>SS</arg>
<arg>ST</arg>
<arg>SV</arg>
<arg>SX</arg>
<arg>SY</arg>
<arg>SZ</arg>
<arg>TC</arg>
<arg>TD</arg>
<arg>TF</arg>
<arg>TG</arg>
<arg>TH</arg>
<arg>TJ</arg>
<arg>TK</arg>
<arg>TL</arg>
<arg>TM</arg>
<arg>TN</arg>
<arg>TO</arg>
<arg>TR</arg>
<arg>TT</arg>
<arg>TV</arg>
<arg>TW</arg>
<arg>TZ</arg>
<arg>UA</arg>
<arg>UG</arg>
<arg>UM</arg>
<arg>US</arg>
<arg>UY</arg>
<arg>UZ</arg>
<arg>VA</arg>
<arg>VC</arg>
<arg>VE</arg>
<arg>VG</arg>
<arg>VI</arg>
<arg>VN</arg>
<arg>VU</arg>
<arg>WF</arg>
<arg>WS</arg>
<arg>XK</arg>
<arg>YE</arg>
<arg>YT</arg>
<arg>ZA</arg>
<arg>ZM</arg>
<arg>ZW</arg>
<doc>Returns a list containing given items.</doc>
<status status="PASS" start="2024-08-03T02:32:23.054483" elapsed="0.000690"/>
</kw>
<kw name="List Should Contain Value" owner="Collections">
<arg>${list_country}</arg>
<arg>${name_country}</arg>
<doc>Fails if the ``value`` is not found from ``list``.</doc>
<status status="PASS" start="2024-08-03T02:32:23.056163" elapsed="0.000208"/>
</kw>
<kw name="Run Keyword If" owner="BuiltIn">
<kw name="Should Be True" owner="BuiltIn">
<arg>${True}</arg>
<doc>Fails if the given condition is not true.</doc>
<status status="PASS" start="2024-08-03T02:32:23.057325" elapsed="0.000142"/>
</kw>
<arg>${json_data["results"][0]["location"]["coordinates"]["latitude"]} &gt;= -90 and ${json_data["results"][0]["location"]["coordinates"]["latitude"]} &lt;= 90</arg>
<arg>Should Be True</arg>
<arg>${True}</arg>
<doc>Runs the given keyword with the given arguments, if ``condition`` is true.</doc>
<status status="PASS" start="2024-08-03T02:32:23.056569" elapsed="0.001021"/>
</kw>
<kw name="Run Keyword If" owner="BuiltIn">
<kw name="Should Be True" owner="BuiltIn">
<arg>${True}</arg>
<doc>Fails if the given condition is not true.</doc>
<status status="PASS" start="2024-08-03T02:32:23.058456" elapsed="0.000138"/>
</kw>
<arg>${json_data["results"][0]["location"]["coordinates"]["longitude"]} &gt;= -180 and ${json_data["results"][0]["location"]["coordinates"]["longitude"]} &lt;= 180</arg>
<arg>Should Be True</arg>
<arg>${True}</arg>
<doc>Runs the given keyword with the given arguments, if ``condition`` is true.</doc>
<status status="PASS" start="2024-08-03T02:32:23.057769" elapsed="0.000948"/>
</kw>
<status status="PASS" start="2024-08-03T02:32:22.952248" elapsed="0.106652"/>
</kw>
<doc>Testa o conteúdo específico dos campos retornados pela API.</doc>
<tag>testeConteudo</tag>
<status status="PASS" start="2024-08-03T02:32:22.951670" elapsed="0.107393"/>
</test>
<status status="PASS" start="2024-08-03T02:32:22.057744" elapsed="1.003238"/>
</suite>
<status status="PASS" start="2024-08-03T02:32:22.043116" elapsed="1.022980"/>
</suite>
<statistics>
<total>
<stat pass="5" fail="0" skip="0">All Tests</stat>
</total>
<tag>
<stat pass="1" fail="0" skip="0">testeConteudo</stat>
<stat pass="1" fail="0" skip="0">testeEstruturaResposta</stat>
<stat pass="1" fail="0" skip="0">testeRequisicaoBasica</stat>
<stat pass="1" fail="0" skip="0">testeTiposDados</stat>
</tag>
<suite>
<stat pass="5" fail="0" skip="0" id="s1" name="Tests">Tests</stat>
<stat pass="5" fail="0" skip="0" id="s1-s1" name="Random-User-Test">Tests.Random-User-Test</stat>
</suite>
</statistics>
<errors>
</errors>
</robot>
