<?xml version="1.0" encoding="UTF-8"?>
<robot generator="Robot 7.0 (Python 3.12.3 on linux)" generated="2024-04-23T10:14:30.716818" rpa="false" schemaversion="5">
<suite id="s1" name="Tests" source="/home/runner/work/DesafioQAItauRogerioJordao/DesafioQAItauRogerioJordao/RamdonUser/tests">
<suite id="s1-s1" name="Random-User-Test" source="/home/runner/work/DesafioQAItauRogerioJordao/DesafioQAItauRogerioJordao/RamdonUser/tests/random-user-test.robot">
<test id="s1-s1-t1" name="Conectar" line="13">
<kw name="Conectar API" owner="random-user-service">
<kw name="Create Session" owner="RequestsLibrary">
<msg time="2024-04-23T10:14:31.086781" level="INFO">Creating Session using : alias=consultarAPI, url=https://randomuser.me/, headers={},                     cookies={}, auth=None, timeout=None, proxies=None, verify=False,                     debug=0 </msg>
<arg>consultarAPI</arg>
<arg>${URL}</arg>
<doc>Create Session: create a HTTP session to a server</doc>
<status status="PASS" start="2024-04-23T10:14:31.086580" elapsed="0.000377"/>
</kw>
<status status="PASS" start="2024-04-23T10:14:31.085611" elapsed="0.001704"/>
</kw>
<status status="PASS" start="2024-04-23T10:14:31.085011" elapsed="0.002499"/>
</test>
<test id="s1-s1-t2" name="Validar retorno 200 e JSON Válido" line="16">
<kw name="Teste de Requisicao Basica" owner="random-user-service">
<kw name="GET On Session" owner="RequestsLibrary">
<msg time="2024-04-23T10:14:31.203696" level="INFO">GET Request : url=https://randomuser.me/api 
 path_url=/api 
 headers={'User-Agent': 'python-requests/2.31.0', 'Accept-Encoding': 'gzip, deflate', 'Accept': '*/*', 'Connection': 'keep-alive'} 
 body=None 
 </msg>
<msg time="2024-04-23T10:14:31.203866" level="INFO">GET Response : url=https://randomuser.me/api 
 status=200, reason=OK 
 headers={'Date': 'Tue, 23 Apr 2024 10:14:31 GMT', 'Content-Type': 'application/json; charset=utf-8', 'Transfer-Encoding': 'chunked', 'Connection': 'keep-alive', 'X-Powered-By': 'Express', 'Access-Control-Allow-Origin': '*', 'Cache-Control': 'no-cache', 'ETag': 'W/"4af-2FV4I/u9GfMCcZSnUSqkH6moaSE"', 'Vary': 'Accept-Encoding', 'Content-Encoding': 'gzip', 'CF-Cache-Status': 'DYNAMIC', 'Report-To': '{"endpoints":[{"url":"https:\\/\\/a.nel.cloudflare.com\\/report\\/v4?s=snNQgRCw1QvFZzkslQBK41xrqb8n7pXk6MP2HPfnxHj4I4rsGazXsguhlbo2L%2FKwObZ9npTbgbeagg38hVzT2ZtyrRoH804ltWwLQpVqLt7Eltefuq4pa%2BgWqSnJ6m6F"}],"group":"cf-nel","max_age":604800}', 'NEL': '{"success_fraction":0,"report_to":"cf-nel","max_age":604800}', 'Server': 'cloudflare', 'CF-RAY': '878d164c8c9d7e2b-SJC', 'alt-svc': 'h3=":443"; ma=86400'} 
 body={"results":[{"gender":"male","name":{"title":"Monsieur","first":"Hansjörg","last":"Blanchard"},"location":{"street":{"number":8114,"name":"Rue des Ecrivains"},"city":"Jaberg","state":"Jura","country":"Switzerland","postcode":6784,"coordinates":{"latitude":"-62.3755","longitude":"-102.7728"},"timezone":{"offset":"-4:00","description":"Atlantic Time (Canada), Caracas, La Paz"}},"email":"hansjorg.blanchard@example.com","login":{"uuid":"614cb66d-6537-44c1-89fb-e92daa416265","username":"yellowpeacock921","password":"malcolm","salt":"yuoBsVeF","md5":"52a2f4089ad6252cfc4f9006196fd54a","sha1":"323efa5d33e301b17559c02b0d3ba221add74d33","sha256":"b03b22580509b1e30cd3ca960eb1faa66161ecc74033989db0407b3e6a557a36"},"dob":{"date":"1977-02-26T07:32:45.460Z","age":47},"registered":{"date":"2004-10-20T20:45:24.086Z","age":19},"phone":"078 214 13 33","cell":"079 340 72 26","id":{"name":"AVS","value":"756.7549.5717.89"},"picture":{"large":"https://randomuser.me/api/portraits/men/82.jpg","medium":"https://randomuser.me/api/portraits/med/men/82.jpg","thumbnail":"https://randomuser.me/api/portraits/thumb/men/82.jpg"},"nat":"CH"}],"info":{"seed":"1ba2d8b2484a72fc","results":1,"page":1,"version":"1.4"}} 
 </msg>
<msg time="2024-04-23T10:14:31.203960" level="INFO">/opt/hostedtoolcache/Python/3.12.3/x64/lib/python3.12/site-packages/urllib3/connectionpool.py:1103: InsecureRequestWarning: Unverified HTTPS request is being made to host 'randomuser.me'. Adding certificate verification is strongly advised. See: https://urllib3.readthedocs.io/en/latest/advanced-usage.html#tls-warnings
  warnings.warn(</msg>
<msg time="2024-04-23T10:14:31.204105" level="INFO">${response} = &lt;Response [200]&gt;</msg>
<var>${response}</var>
<arg>consultarAPI</arg>
<arg>/api</arg>
<doc>Sends a GET request on a previously created HTTP Session.</doc>
<status status="PASS" start="2024-04-23T10:14:31.090482" elapsed="0.113666"/>
</kw>
<kw name="Should Be Equal As Numbers" owner="BuiltIn">
<msg time="2024-04-23T10:14:31.205087" level="INFO">Argument types are:
&lt;class 'int'&gt;
&lt;class 'str'&gt;</msg>
<arg>${response.status_code}</arg>
<arg>200</arg>
<doc>Fails if objects are unequal after converting them to real numbers.</doc>
<status status="PASS" start="2024-04-23T10:14:31.204638" elapsed="0.000514"/>
</kw>
<kw name="Log" owner="BuiltIn">
<msg time="2024-04-23T10:14:31.205866" level="INFO">200</msg>
<arg>${response.status_code}</arg>
<doc>Logs the given message with the given level.</doc>
<status status="PASS" start="2024-04-23T10:14:31.205504" elapsed="0.000406"/>
</kw>
<kw name="Set Variable" owner="BuiltIn">
<msg time="2024-04-23T10:14:31.206674" level="INFO">${json_data} = {'results': [{'gender': 'male', 'name': {'title': 'Monsieur', 'first': 'Hansjörg', 'last': 'Blanchard'}, 'location': {'street': {'number': 8114, 'name': 'Rue des Ecrivains'}, 'city': 'Jaberg', 'state'...</msg>
<var>${json_data}</var>
<arg>${response.json()}</arg>
<doc>Returns the given values which can then be assigned to a variables.</doc>
<status status="PASS" start="2024-04-23T10:14:31.206220" elapsed="0.000483"/>
</kw>
<kw name="Dictionary Should Contain Key" owner="Collections">
<msg time="2024-04-23T10:14:31.207192" level="INFO">False</msg>
<arg>${json_data}</arg>
<arg>results</arg>
<doc>Fails if ``key`` is not found from ``dictionary``.</doc>
<status status="PASS" start="2024-04-23T10:14:31.207015" elapsed="0.000218"/>
</kw>
<status status="PASS" start="2024-04-23T10:14:31.090226" elapsed="0.117268"/>
</kw>
<doc>Testa se a API responde corretamente e retorna um objeto JSON válido.</doc>
<tag>testeRequisicaoBasica</tag>
<status status="PASS" start="2024-04-23T10:14:31.089579" elapsed="0.118144"/>
</test>
<test id="s1-s1-t3" name="Validar estrutura de resposta" line="22">
<kw name="Teste de Estrutura de Resposta" owner="random-user-service">
<kw name="GET On Session" owner="RequestsLibrary">
<msg time="2024-04-23T10:14:31.303815" level="INFO">GET Request : url=https://randomuser.me/api 
 path_url=/api 
 headers={'User-Agent': 'python-requests/2.31.0', 'Accept-Encoding': 'gzip, deflate', 'Accept': '*/*', 'Connection': 'keep-alive'} 
 body=None 
 </msg>
<msg time="2024-04-23T10:14:31.303910" level="INFO">GET Response : url=https://randomuser.me/api 
 status=200, reason=OK 
 headers={'Date': 'Tue, 23 Apr 2024 10:14:31 GMT', 'Content-Type': 'application/json; charset=utf-8', 'Transfer-Encoding': 'chunked', 'Connection': 'keep-alive', 'X-Powered-By': 'Express', 'Access-Control-Allow-Origin': '*', 'Cache-Control': 'no-cache', 'ETag': 'W/"495-hHUtzjI7dp16HzJW3gXPx2N+JME"', 'Vary': 'Accept-Encoding', 'Content-Encoding': 'gzip', 'CF-Cache-Status': 'DYNAMIC', 'Report-To': '{"endpoints":[{"url":"https:\\/\\/a.nel.cloudflare.com\\/report\\/v4?s=pcX6lOWFoA01L5JYc%2FWz74VkqRFfDih60uC%2F6SZuxw%2FqVQm%2B1hMixRXUFjx5CJ4gDH0%2FgPVSJIH8OGCYCxW6xg9MM3RU%2BHDou9J9r3G3r7MbOJrtFc9%2BZOknvJbH4twl"}],"group":"cf-nel","max_age":604800}', 'NEL': '{"success_fraction":0,"report_to":"cf-nel","max_age":604800}', 'Server': 'cloudflare', 'CF-RAY': '878d164d1ced7e2b-SJC', 'alt-svc': 'h3=":443"; ma=86400'} 
 body={"results":[{"gender":"female","name":{"title":"Miss","first":"Nelya","last":"G'onta"},"location":{"street":{"number":114,"name":"Ochakivskiy provulok"},"city":"Rava-Ruska","state":"Zaporizka","country":"Ukraine","postcode":13511,"coordinates":{"latitude":"79.8417","longitude":"165.5323"},"timezone":{"offset":"-6:00","description":"Central Time (US &amp; Canada), Mexico City"}},"email":"nelya.g'onta@example.com","login":{"uuid":"93230ab4-0d09-42cc-ba0a-2a52f36c2486","username":"reddog697","password":"494949","salt":"2dMiYWlN","md5":"621943821ea213db0f6ecd6a529ad4f5","sha1":"ed02fc806d3ca8b6ea3912281c0b2a282476e593","sha256":"c69959d8a5733d457e0124801f246f9e565b365b55e5ccf53a768b3a9d251c7c"},"dob":{"date":"1964-04-07T09:48:16.820Z","age":60},"registered":{"date":"2004-10-03T22:43:14.539Z","age":19},"phone":"(067) L71-2538","cell":"(067) J31-8519","id":{"name":"","value":null},"picture":{"large":"https://randomuser.me/api/portraits/women/95.jpg","medium":"https://randomuser.me/api/portraits/med/women/95.jpg","thumbnail":"https://randomuser.me/api/portraits/thumb/women/95.jpg"},"nat":"UA"}],"info":{"seed":"fb413ecf4c16ccb9","results":1,"page":1,"version":"1.4"}} 
 </msg>
<msg time="2024-04-23T10:14:31.304043" level="INFO">/opt/hostedtoolcache/Python/3.12.3/x64/lib/python3.12/site-packages/urllib3/connectionpool.py:1103: InsecureRequestWarning: Unverified HTTPS request is being made to host 'randomuser.me'. Adding certificate verification is strongly advised. See: https://urllib3.readthedocs.io/en/latest/advanced-usage.html#tls-warnings
  warnings.warn(</msg>
<msg time="2024-04-23T10:14:31.304167" level="INFO">${response} = &lt;Response [200]&gt;</msg>
<var>${response}</var>
<arg>consultarAPI</arg>
<arg>/api</arg>
<doc>Sends a GET request on a previously created HTTP Session.</doc>
<status status="PASS" start="2024-04-23T10:14:31.210446" elapsed="0.093767"/>
</kw>
<kw name="Set Variable" owner="BuiltIn">
<msg time="2024-04-23T10:14:31.305136" level="INFO">${json_data} = {'results': [{'gender': 'female', 'name': {'title': 'Miss', 'first': 'Nelya', 'last': "G'onta"}, 'location': {'street': {'number': 114, 'name': 'Ochakivskiy provulok'}, 'city': 'Rava-Ruska', 'state': ...</msg>
<var>${json_data}</var>
<arg>${response.json()}</arg>
<doc>Returns the given values which can then be assigned to a variables.</doc>
<status status="PASS" start="2024-04-23T10:14:31.304647" elapsed="0.000526"/>
</kw>
<kw name="Log" owner="BuiltIn">
<msg time="2024-04-23T10:14:31.305648" level="INFO">{'results': [{'gender': 'female', 'name': {'title': 'Miss', 'first': 'Nelya', 'last': "G'onta"}, 'location': {'street': {'number': 114, 'name': 'Ochakivskiy provulok'}, 'city': 'Rava-Ruska', 'state': 'Zaporizka', 'country': 'Ukraine', 'postcode': 13511, 'coordinates': {'latitude': '79.8417', 'longitude': '165.5323'}, 'timezone': {'offset': '-6:00', 'description': 'Central Time (US &amp; Canada), Mexico City'}}, 'email': "nelya.g'onta@example.com", 'login': {'uuid': '93230ab4-0d09-42cc-ba0a-2a52f36c2486', 'username': 'reddog697', 'password': '494949', 'salt': '2dMiYWlN', 'md5': '621943821ea213db0f6ecd6a529ad4f5', 'sha1': 'ed02fc806d3ca8b6ea3912281c0b2a282476e593', 'sha256': 'c69959d8a5733d457e0124801f246f9e565b365b55e5ccf53a768b3a9d251c7c'}, 'dob': {'date': '1964-04-07T09:48:16.820Z', 'age': 60}, 'registered': {'date': '2004-10-03T22:43:14.539Z', 'age': 19}, 'phone': '(067) L71-2538', 'cell': '(067) J31-8519', 'id': {'name': '', 'value': None}, 'picture': {'large': 'https://randomuser.me/api/portraits/women/95.jpg', 'medium': 'https://randomuser.me/api/portraits/med/women/95.jpg', 'thumbnail': 'https://randomuser.me/api/portraits/thumb/women/95.jpg'}, 'nat': 'UA'}], 'info': {'seed': 'fb413ecf4c16ccb9', 'results': 1, 'page': 1, 'version': '1.4'}}</msg>
<arg>${json_data}</arg>
<doc>Logs the given message with the given level.</doc>
<status status="PASS" start="2024-04-23T10:14:31.305484" elapsed="0.000215"/>
</kw>
<kw name="Dictionary Should Contain Key" owner="Collections">
<msg time="2024-04-23T10:14:31.306161" level="INFO">False</msg>
<arg>${json_data}</arg>
<arg>results</arg>
<doc>Fails if ``key`` is not found from ``dictionary``.</doc>
<status status="PASS" start="2024-04-23T10:14:31.306000" elapsed="0.000198"/>
</kw>
<kw name="Should Not Be Empty" owner="BuiltIn">
<msg time="2024-04-23T10:14:31.306635" level="INFO">Length is 2.</msg>
<arg>${json_data}</arg>
<doc>Verifies that the given item is not empty.</doc>
<status status="PASS" start="2024-04-23T10:14:31.306496" elapsed="0.000333"/>
</kw>
<kw name="Create List" owner="BuiltIn">
<msg time="2024-04-23T10:14:31.307282" level="INFO">${expected_keys} = ['gender', 'name', 'location', 'email', 'login']</msg>
<var>${expected_keys}</var>
<arg>gender</arg>
<arg>name</arg>
<arg>location</arg>
<arg>email</arg>
<arg>login</arg>
<doc>Returns a list containing given items.</doc>
<status status="PASS" start="2024-04-23T10:14:31.307126" elapsed="0.000181"/>
</kw>
<for flavor="IN">
<iter>
<kw name="Dictionary Should Contain Key" owner="Collections">
<msg time="2024-04-23T10:14:31.308352" level="INFO">False</msg>
<arg>${json_data['results'][0]}</arg>
<arg>${key}</arg>
<doc>Fails if ``key`` is not found from ``dictionary``.</doc>
<status status="PASS" start="2024-04-23T10:14:31.307941" elapsed="0.000450"/>
</kw>
<kw name="Log" owner="BuiltIn">
<msg time="2024-04-23T10:14:31.309072" level="INFO">{'gender': 'female', 'name': {'title': 'Miss', 'first': 'Nelya', 'last': "G'onta"}, 'location': {'street': {'number': 114, 'name': 'Ochakivskiy provulok'}, 'city': 'Rava-Ruska', 'state': 'Zaporizka', 'country': 'Ukraine', 'postcode': 13511, 'coordinates': {'latitude': '79.8417', 'longitude': '165.5323'}, 'timezone': {'offset': '-6:00', 'description': 'Central Time (US &amp; Canada), Mexico City'}}, 'email': "nelya.g'onta@example.com", 'login': {'uuid': '93230ab4-0d09-42cc-ba0a-2a52f36c2486', 'username': 'reddog697', 'password': '494949', 'salt': '2dMiYWlN', 'md5': '621943821ea213db0f6ecd6a529ad4f5', 'sha1': 'ed02fc806d3ca8b6ea3912281c0b2a282476e593', 'sha256': 'c69959d8a5733d457e0124801f246f9e565b365b55e5ccf53a768b3a9d251c7c'}, 'dob': {'date': '1964-04-07T09:48:16.820Z', 'age': 60}, 'registered': {'date': '2004-10-03T22:43:14.539Z', 'age': 19}, 'phone': '(067) L71-2538', 'cell': '(067) J31-8519', 'id': {'name': '', 'value': None}, 'picture': {'large': 'https://randomuser.me/api/portraits/women/95.jpg', 'medium': 'https://randomuser.me/api/portraits/med/women/95.jpg', 'thumbnail': 'https://randomuser.me/api/portraits/thumb/women/95.jpg'}, 'nat': 'UA'}</msg>
<arg>${json_data['results'][0]}</arg>
<doc>Logs the given message with the given level.</doc>
<status status="PASS" start="2024-04-23T10:14:31.308704" elapsed="0.000417"/>
</kw>
<kw name="Log" owner="BuiltIn">
<msg time="2024-04-23T10:14:31.309565" level="INFO">gender</msg>
<arg>${key}</arg>
<doc>Logs the given message with the given level.</doc>
<status status="PASS" start="2024-04-23T10:14:31.309426" elapsed="0.000176"/>
</kw>
<var name="${key}">gender</var>
<status status="PASS" start="2024-04-23T10:14:31.307809" elapsed="0.002005"/>
</iter>
<iter>
<kw name="Dictionary Should Contain Key" owner="Collections">
<msg time="2024-04-23T10:14:31.310509" level="INFO">False</msg>
<arg>${json_data['results'][0]}</arg>
<arg>${key}</arg>
<doc>Fails if ``key`` is not found from ``dictionary``.</doc>
<status status="PASS" start="2024-04-23T10:14:31.310127" elapsed="0.000419"/>
</kw>
<kw name="Log" owner="BuiltIn">
<msg time="2024-04-23T10:14:31.311243" level="INFO">{'gender': 'female', 'name': {'title': 'Miss', 'first': 'Nelya', 'last': "G'onta"}, 'location': {'street': {'number': 114, 'name': 'Ochakivskiy provulok'}, 'city': 'Rava-Ruska', 'state': 'Zaporizka', 'country': 'Ukraine', 'postcode': 13511, 'coordinates': {'latitude': '79.8417', 'longitude': '165.5323'}, 'timezone': {'offset': '-6:00', 'description': 'Central Time (US &amp; Canada), Mexico City'}}, 'email': "nelya.g'onta@example.com", 'login': {'uuid': '93230ab4-0d09-42cc-ba0a-2a52f36c2486', 'username': 'reddog697', 'password': '494949', 'salt': '2dMiYWlN', 'md5': '621943821ea213db0f6ecd6a529ad4f5', 'sha1': 'ed02fc806d3ca8b6ea3912281c0b2a282476e593', 'sha256': 'c69959d8a5733d457e0124801f246f9e565b365b55e5ccf53a768b3a9d251c7c'}, 'dob': {'date': '1964-04-07T09:48:16.820Z', 'age': 60}, 'registered': {'date': '2004-10-03T22:43:14.539Z', 'age': 19}, 'phone': '(067) L71-2538', 'cell': '(067) J31-8519', 'id': {'name': '', 'value': None}, 'picture': {'large': 'https://randomuser.me/api/portraits/women/95.jpg', 'medium': 'https://randomuser.me/api/portraits/med/women/95.jpg', 'thumbnail': 'https://randomuser.me/api/portraits/thumb/women/95.jpg'}, 'nat': 'UA'}</msg>
<arg>${json_data['results'][0]}</arg>
<doc>Logs the given message with the given level.</doc>
<status status="PASS" start="2024-04-23T10:14:31.310870" elapsed="0.000423"/>
</kw>
<kw name="Log" owner="BuiltIn">
<msg time="2024-04-23T10:14:31.311742" level="INFO">name</msg>
<arg>${key}</arg>
<doc>Logs the given message with the given level.</doc>
<status status="PASS" start="2024-04-23T10:14:31.311591" elapsed="0.000197"/>
</kw>
<var name="${key}">name</var>
<status status="PASS" start="2024-04-23T10:14:31.310005" elapsed="0.002002"/>
</iter>
<iter>
<kw name="Dictionary Should Contain Key" owner="Collections">
<msg time="2024-04-23T10:14:31.312709" level="INFO">False</msg>
<arg>${json_data['results'][0]}</arg>
<arg>${key}</arg>
<doc>Fails if ``key`` is not found from ``dictionary``.</doc>
<status status="PASS" start="2024-04-23T10:14:31.312302" elapsed="0.000444"/>
</kw>
<kw name="Log" owner="BuiltIn">
<msg time="2024-04-23T10:14:31.313415" level="INFO">{'gender': 'female', 'name': {'title': 'Miss', 'first': 'Nelya', 'last': "G'onta"}, 'location': {'street': {'number': 114, 'name': 'Ochakivskiy provulok'}, 'city': 'Rava-Ruska', 'state': 'Zaporizka', 'country': 'Ukraine', 'postcode': 13511, 'coordinates': {'latitude': '79.8417', 'longitude': '165.5323'}, 'timezone': {'offset': '-6:00', 'description': 'Central Time (US &amp; Canada), Mexico City'}}, 'email': "nelya.g'onta@example.com", 'login': {'uuid': '93230ab4-0d09-42cc-ba0a-2a52f36c2486', 'username': 'reddog697', 'password': '494949', 'salt': '2dMiYWlN', 'md5': '621943821ea213db0f6ecd6a529ad4f5', 'sha1': 'ed02fc806d3ca8b6ea3912281c0b2a282476e593', 'sha256': 'c69959d8a5733d457e0124801f246f9e565b365b55e5ccf53a768b3a9d251c7c'}, 'dob': {'date': '1964-04-07T09:48:16.820Z', 'age': 60}, 'registered': {'date': '2004-10-03T22:43:14.539Z', 'age': 19}, 'phone': '(067) L71-2538', 'cell': '(067) J31-8519', 'id': {'name': '', 'value': None}, 'picture': {'large': 'https://randomuser.me/api/portraits/women/95.jpg', 'medium': 'https://randomuser.me/api/portraits/med/women/95.jpg', 'thumbnail': 'https://randomuser.me/api/portraits/thumb/women/95.jpg'}, 'nat': 'UA'}</msg>
<arg>${json_data['results'][0]}</arg>
<doc>Logs the given message with the given level.</doc>
<status status="PASS" start="2024-04-23T10:14:31.313049" elapsed="0.000416"/>
</kw>
<kw name="Log" owner="BuiltIn">
<msg time="2024-04-23T10:14:31.313886" level="INFO">location</msg>
<arg>${key}</arg>
<doc>Logs the given message with the given level.</doc>
<status status="PASS" start="2024-04-23T10:14:31.313759" elapsed="0.000165"/>
</kw>
<var name="${key}">location</var>
<status status="PASS" start="2024-04-23T10:14:31.312188" elapsed="0.001949"/>
</iter>
<iter>
<kw name="Dictionary Should Contain Key" owner="Collections">
<msg time="2024-04-23T10:14:31.314819" level="INFO">False</msg>
<arg>${json_data['results'][0]}</arg>
<arg>${key}</arg>
<doc>Fails if ``key`` is not found from ``dictionary``.</doc>
<status status="PASS" start="2024-04-23T10:14:31.314421" elapsed="0.000436"/>
</kw>
<kw name="Log" owner="BuiltIn">
<msg time="2024-04-23T10:14:31.315518" level="INFO">{'gender': 'female', 'name': {'title': 'Miss', 'first': 'Nelya', 'last': "G'onta"}, 'location': {'street': {'number': 114, 'name': 'Ochakivskiy provulok'}, 'city': 'Rava-Ruska', 'state': 'Zaporizka', 'country': 'Ukraine', 'postcode': 13511, 'coordinates': {'latitude': '79.8417', 'longitude': '165.5323'}, 'timezone': {'offset': '-6:00', 'description': 'Central Time (US &amp; Canada), Mexico City'}}, 'email': "nelya.g'onta@example.com", 'login': {'uuid': '93230ab4-0d09-42cc-ba0a-2a52f36c2486', 'username': 'reddog697', 'password': '494949', 'salt': '2dMiYWlN', 'md5': '621943821ea213db0f6ecd6a529ad4f5', 'sha1': 'ed02fc806d3ca8b6ea3912281c0b2a282476e593', 'sha256': 'c69959d8a5733d457e0124801f246f9e565b365b55e5ccf53a768b3a9d251c7c'}, 'dob': {'date': '1964-04-07T09:48:16.820Z', 'age': 60}, 'registered': {'date': '2004-10-03T22:43:14.539Z', 'age': 19}, 'phone': '(067) L71-2538', 'cell': '(067) J31-8519', 'id': {'name': '', 'value': None}, 'picture': {'large': 'https://randomuser.me/api/portraits/women/95.jpg', 'medium': 'https://randomuser.me/api/portraits/med/women/95.jpg', 'thumbnail': 'https://randomuser.me/api/portraits/thumb/women/95.jpg'}, 'nat': 'UA'}</msg>
<arg>${json_data['results'][0]}</arg>
<doc>Logs the given message with the given level.</doc>
<status status="PASS" start="2024-04-23T10:14:31.315154" elapsed="0.000415"/>
</kw>
<kw name="Log" owner="BuiltIn">
<msg time="2024-04-23T10:14:31.316058" level="INFO">email</msg>
<arg>${key}</arg>
<doc>Logs the given message with the given level.</doc>
<status status="PASS" start="2024-04-23T10:14:31.315929" elapsed="0.000166"/>
</kw>
<var name="${key}">email</var>
<status status="PASS" start="2024-04-23T10:14:31.314311" elapsed="0.002000"/>
</iter>
<iter>
<kw name="Dictionary Should Contain Key" owner="Collections">
<msg time="2024-04-23T10:14:31.316984" level="INFO">False</msg>
<arg>${json_data['results'][0]}</arg>
<arg>${key}</arg>
<doc>Fails if ``key`` is not found from ``dictionary``.</doc>
<status status="PASS" start="2024-04-23T10:14:31.316597" elapsed="0.000425"/>
</kw>
<kw name="Log" owner="BuiltIn">
<msg time="2024-04-23T10:14:31.317690" level="INFO">{'gender': 'female', 'name': {'title': 'Miss', 'first': 'Nelya', 'last': "G'onta"}, 'location': {'street': {'number': 114, 'name': 'Ochakivskiy provulok'}, 'city': 'Rava-Ruska', 'state': 'Zaporizka', 'country': 'Ukraine', 'postcode': 13511, 'coordinates': {'latitude': '79.8417', 'longitude': '165.5323'}, 'timezone': {'offset': '-6:00', 'description': 'Central Time (US &amp; Canada), Mexico City'}}, 'email': "nelya.g'onta@example.com", 'login': {'uuid': '93230ab4-0d09-42cc-ba0a-2a52f36c2486', 'username': 'reddog697', 'password': '494949', 'salt': '2dMiYWlN', 'md5': '621943821ea213db0f6ecd6a529ad4f5', 'sha1': 'ed02fc806d3ca8b6ea3912281c0b2a282476e593', 'sha256': 'c69959d8a5733d457e0124801f246f9e565b365b55e5ccf53a768b3a9d251c7c'}, 'dob': {'date': '1964-04-07T09:48:16.820Z', 'age': 60}, 'registered': {'date': '2004-10-03T22:43:14.539Z', 'age': 19}, 'phone': '(067) L71-2538', 'cell': '(067) J31-8519', 'id': {'name': '', 'value': None}, 'picture': {'large': 'https://randomuser.me/api/portraits/women/95.jpg', 'medium': 'https://randomuser.me/api/portraits/med/women/95.jpg', 'thumbnail': 'https://randomuser.me/api/portraits/thumb/women/95.jpg'}, 'nat': 'UA'}</msg>
<arg>${json_data['results'][0]}</arg>
<doc>Logs the given message with the given level.</doc>
<status status="PASS" start="2024-04-23T10:14:31.317333" elapsed="0.000406"/>
</kw>
<kw name="Log" owner="BuiltIn">
<msg time="2024-04-23T10:14:31.318163" level="INFO">login</msg>
<arg>${key}</arg>
<doc>Logs the given message with the given level.</doc>
<status status="PASS" start="2024-04-23T10:14:31.318037" elapsed="0.000164"/>
</kw>
<var name="${key}">login</var>
<status status="PASS" start="2024-04-23T10:14:31.316486" elapsed="0.001954"/>
</iter>
<var>${key}</var>
<value>@{expected_keys}</value>
<status status="PASS" start="2024-04-23T10:14:31.307568" elapsed="0.011006"/>
</for>
<kw name="Create List" owner="BuiltIn">
<msg time="2024-04-23T10:14:31.318905" level="INFO">${expected_keysTwo} = ['username', 'password']</msg>
<var>${expected_keysTwo}</var>
<arg>username</arg>
<arg>password</arg>
<doc>Returns a list containing given items.</doc>
<status status="PASS" start="2024-04-23T10:14:31.318767" elapsed="0.000162"/>
</kw>
<for flavor="IN">
<iter>
<kw name="Dictionary Should Contain Key" owner="Collections">
<msg time="2024-04-23T10:14:31.319853" level="INFO">False</msg>
<arg>${json_data['results'][0]['login']}</arg>
<arg>${keyTwo}</arg>
<doc>Fails if ``key`` is not found from ``dictionary``.</doc>
<status status="PASS" start="2024-04-23T10:14:31.319430" elapsed="0.000462"/>
</kw>
<kw name="Dictionary Should Contain Key" owner="Collections">
<msg time="2024-04-23T10:14:31.320570" level="INFO">False</msg>
<arg>${json_data['results'][0]['login']}</arg>
<arg>${keyTwo}</arg>
<doc>Fails if ``key`` is not found from ``dictionary``.</doc>
<status status="PASS" start="2024-04-23T10:14:31.320189" elapsed="0.000419"/>
</kw>
<kw name="Log" owner="BuiltIn">
<msg time="2024-04-23T10:14:31.321031" level="INFO">username</msg>
<arg>${keyTwo}</arg>
<doc>Logs the given message with the given level.</doc>
<status status="PASS" start="2024-04-23T10:14:31.320899" elapsed="0.000176"/>
</kw>
<var name="${keyTwo}">username</var>
<status status="PASS" start="2024-04-23T10:14:31.319320" elapsed="0.001971"/>
</iter>
<iter>
<kw name="Dictionary Should Contain Key" owner="Collections">
<msg time="2024-04-23T10:14:31.322067" level="INFO">False</msg>
<arg>${json_data['results'][0]['login']}</arg>
<arg>${keyTwo}</arg>
<doc>Fails if ``key`` is not found from ``dictionary``.</doc>
<status status="PASS" start="2024-04-23T10:14:31.321572" elapsed="0.000540"/>
</kw>
<kw name="Dictionary Should Contain Key" owner="Collections">
<msg time="2024-04-23T10:14:31.322792" level="INFO">False</msg>
<arg>${json_data['results'][0]['login']}</arg>
<arg>${keyTwo}</arg>
<doc>Fails if ``key`` is not found from ``dictionary``.</doc>
<status status="PASS" start="2024-04-23T10:14:31.322411" elapsed="0.000418"/>
</kw>
<kw name="Log" owner="BuiltIn">
<msg time="2024-04-23T10:14:31.323251" level="INFO">password</msg>
<arg>${keyTwo}</arg>
<doc>Logs the given message with the given level.</doc>
<status status="PASS" start="2024-04-23T10:14:31.323125" elapsed="0.000163"/>
</kw>
<var name="${keyTwo}">password</var>
<status status="PASS" start="2024-04-23T10:14:31.321462" elapsed="0.002040"/>
</iter>
<var>${keyTwo}</var>
<value>@{expected_keysTwo}</value>
<status status="PASS" start="2024-04-23T10:14:31.319165" elapsed="0.004456"/>
</for>
<status status="PASS" start="2024-04-23T10:14:31.210196" elapsed="0.113612"/>
</kw>
<doc>Testa a estrutura da resposta da API.</doc>
<tag>testeEstruturaResposta</tag>
<status status="PASS" start="2024-04-23T10:14:31.209576" elapsed="0.114389"/>
</test>
<test id="s1-s1-t4" name="Validar tipos de dados" line="28">
<kw name="Teste de Tipos de Dados" owner="random-user-service">
<kw name="GET On Session" owner="RequestsLibrary">
<msg time="2024-04-23T10:14:31.411030" level="INFO">GET Request : url=https://randomuser.me/api 
 path_url=/api 
 headers={'User-Agent': 'python-requests/2.31.0', 'Accept-Encoding': 'gzip, deflate', 'Accept': '*/*', 'Connection': 'keep-alive'} 
 body=None 
 </msg>
<msg time="2024-04-23T10:14:31.411111" level="INFO">GET Response : url=https://randomuser.me/api 
 status=200, reason=OK 
 headers={'Date': 'Tue, 23 Apr 2024 10:14:31 GMT', 'Content-Type': 'application/json; charset=utf-8', 'Transfer-Encoding': 'chunked', 'Connection': 'keep-alive', 'X-Powered-By': 'Express', 'Access-Control-Allow-Origin': '*', 'Cache-Control': 'no-cache', 'ETag': 'W/"491-zU+2NXfN73Vz8TeXWu3Z36VuLgA"', 'Vary': 'Accept-Encoding', 'Content-Encoding': 'gzip', 'CF-Cache-Status': 'DYNAMIC', 'Report-To': '{"endpoints":[{"url":"https:\\/\\/a.nel.cloudflare.com\\/report\\/v4?s=Ic8GcfKZfetHV4aI6zYdgSv9lqlZTHpjAqZfSHBd%2BTUnWD5Rt3Nm1BF7%2FYmc0CrVcVkQbYnucqFK3u0Pu91yLEA3cypdHOlm43698PHgRjnvdyDelmc0rKiWjveTPOcx"}],"group":"cf-nel","max_age":604800}', 'NEL': '{"success_fraction":0,"report_to":"cf-nel","max_age":604800}', 'Server': 'cloudflare', 'CF-RAY': '878d164ddd517e2b-SJC', 'alt-svc': 'h3=":443"; ma=86400'} 
 body={"results":[{"gender":"female","name":{"title":"Ms","first":"Hailey","last":"Macdonald"},"location":{"street":{"number":8484,"name":"College Ave"},"city":"Vanier","state":"Prince Edward Island","country":"Canada","postcode":"C8M 4Y3","coordinates":{"latitude":"-67.5900","longitude":"35.3010"},"timezone":{"offset":"-11:00","description":"Midway Island, Samoa"}},"email":"hailey.macdonald@example.com","login":{"uuid":"79a0d4ec-717e-40bc-a20e-413353a9dd79","username":"tinyfish189","password":"1016","salt":"eE6bRX5l","md5":"f7430c92f9a90f8871334e8c36be1133","sha1":"eaee1f900423f28dddb9dda18bbc1569f1e9602d","sha256":"5a6e8115ddefcd8715206eb7b6bfe7bf60018a87bc4c1f99a99cbafb8d0106be"},"dob":{"date":"1957-10-05T02:40:20.581Z","age":66},"registered":{"date":"2006-02-16T08:54:38.259Z","age":18},"phone":"E65 W84-6157","cell":"X43 P55-6953","id":{"name":"SIN","value":"773099213"},"picture":{"large":"https://randomuser.me/api/portraits/women/32.jpg","medium":"https://randomuser.me/api/portraits/med/women/32.jpg","thumbnail":"https://randomuser.me/api/portraits/thumb/women/32.jpg"},"nat":"CA"}],"info":{"seed":"50179fc0c63aa422","results":1,"page":1,"version":"1.4"}} 
 </msg>
<msg time="2024-04-23T10:14:31.411186" level="INFO">/opt/hostedtoolcache/Python/3.12.3/x64/lib/python3.12/site-packages/urllib3/connectionpool.py:1103: InsecureRequestWarning: Unverified HTTPS request is being made to host 'randomuser.me'. Adding certificate verification is strongly advised. See: https://urllib3.readthedocs.io/en/latest/advanced-usage.html#tls-warnings
  warnings.warn(</msg>
<msg time="2024-04-23T10:14:31.411298" level="INFO">${response} = &lt;Response [200]&gt;</msg>
<var>${response}</var>
<arg>consultarAPI</arg>
<arg>/api</arg>
<doc>Sends a GET request on a previously created HTTP Session.</doc>
<status status="PASS" start="2024-04-23T10:14:31.326545" elapsed="0.084804"/>
</kw>
<kw name="Set Variable" owner="BuiltIn">
<msg time="2024-04-23T10:14:31.412331" level="INFO">${json_data} = {'results': [{'gender': 'female', 'name': {'title': 'Ms', 'first': 'Hailey', 'last': 'Macdonald'}, 'location': {'street': {'number': 8484, 'name': 'College Ave'}, 'city': 'Vanier', 'state': 'Prince Ed...</msg>
<var>${json_data}</var>
<arg>${response.json()}</arg>
<doc>Returns the given values which can then be assigned to a variables.</doc>
<status status="PASS" start="2024-04-23T10:14:31.411851" elapsed="0.000509"/>
</kw>
<kw name="Log" owner="BuiltIn">
<msg time="2024-04-23T10:14:31.412822" level="INFO">{'results': [{'gender': 'female', 'name': {'title': 'Ms', 'first': 'Hailey', 'last': 'Macdonald'}, 'location': {'street': {'number': 8484, 'name': 'College Ave'}, 'city': 'Vanier', 'state': 'Prince Edward Island', 'country': 'Canada', 'postcode': 'C8M 4Y3', 'coordinates': {'latitude': '-67.5900', 'longitude': '35.3010'}, 'timezone': {'offset': '-11:00', 'description': 'Midway Island, Samoa'}}, 'email': 'hailey.macdonald@example.com', 'login': {'uuid': '79a0d4ec-717e-40bc-a20e-413353a9dd79', 'username': 'tinyfish189', 'password': '1016', 'salt': 'eE6bRX5l', 'md5': 'f7430c92f9a90f8871334e8c36be1133', 'sha1': 'eaee1f900423f28dddb9dda18bbc1569f1e9602d', 'sha256': '5a6e8115ddefcd8715206eb7b6bfe7bf60018a87bc4c1f99a99cbafb8d0106be'}, 'dob': {'date': '1957-10-05T02:40:20.581Z', 'age': 66}, 'registered': {'date': '2006-02-16T08:54:38.259Z', 'age': 18}, 'phone': 'E65 W84-6157', 'cell': 'X43 P55-6953', 'id': {'name': 'SIN', 'value': '773099213'}, 'picture': {'large': 'https://randomuser.me/api/portraits/women/32.jpg', 'medium': 'https://randomuser.me/api/portraits/med/women/32.jpg', 'thumbnail': 'https://randomuser.me/api/portraits/thumb/women/32.jpg'}, 'nat': 'CA'}], 'info': {'seed': '50179fc0c63aa422', 'results': 1, 'page': 1, 'version': '1.4'}}</msg>
<arg>${json_data}</arg>
<doc>Logs the given message with the given level.</doc>
<status status="PASS" start="2024-04-23T10:14:31.412668" elapsed="0.000234"/>
</kw>
<kw name="Should Be String" owner="String">
<arg>${json_data['results'][0]['gender']}</arg>
<doc>Fails if the given ``item`` is not a string.</doc>
<status status="PASS" start="2024-04-23T10:14:31.413206" elapsed="0.000367"/>
</kw>
<kw name="Should Match Regexp" owner="BuiltIn">
<arg>${json_data['results'][0]['email']}</arg>
<arg>^[a-zA-Z0-9._%+-]+@[a-zA-Z0-9.-]+\.[a-zA-Z]{2,}$</arg>
<doc>Fails if ``string`` does not match ``pattern`` as a regular expression.</doc>
<status status="PASS" start="2024-04-23T10:14:31.413765" elapsed="0.000513"/>
</kw>
<kw name="Should Match Regexp" owner="BuiltIn">
<arg>${json_data['results'][0]['dob']['date']}</arg>
<arg>\\d{4}-\\d{2}-\\d{2}T\\d{2}:\\d{2}:\\d{2}\\.\\d{3}Z</arg>
<doc>Fails if ``string`` does not match ``pattern`` as a regular expression.</doc>
<status status="PASS" start="2024-04-23T10:14:31.414473" elapsed="0.000497"/>
</kw>
<kw name="Should Match Regexp" owner="BuiltIn">
<arg>${json_data['results'][0]['registered']['date']}</arg>
<arg>\\d{4}-\\d{2}-\\d{2}T\\d{2}:\\d{2}:\\d{2}\\.\\d{3}Z</arg>
<doc>Fails if ``string`` does not match ``pattern`` as a regular expression.</doc>
<status status="PASS" start="2024-04-23T10:14:31.415171" elapsed="0.000367"/>
</kw>
<kw name="Should Match Regexp" owner="BuiltIn">
<arg>${json_data['results'][0]['picture']['large']}</arg>
<arg>^https?://.*\.(?:png|jpe?g|gif|bmp)$</arg>
<doc>Fails if ``string`` does not match ``pattern`` as a regular expression.</doc>
<status status="PASS" start="2024-04-23T10:14:31.415758" elapsed="0.000481"/>
</kw>
<kw name="Should Match Regexp" owner="BuiltIn">
<arg>${json_data['results'][0]['picture']['medium']}</arg>
<arg>^https?://.*\.(?:png|jpe?g|gif|bmp)$</arg>
<doc>Fails if ``string`` does not match ``pattern`` as a regular expression.</doc>
<status status="PASS" start="2024-04-23T10:14:31.416430" elapsed="0.000365"/>
</kw>
<kw name="Should Match Regexp" owner="BuiltIn">
<arg>${json_data['results'][0]['picture']['thumbnail']}</arg>
<arg>^https?://.*\.(?:png|jpe?g|gif|bmp)$</arg>
<doc>Fails if ``string`` does not match ``pattern`` as a regular expression.</doc>
<status status="PASS" start="2024-04-23T10:14:31.416985" elapsed="0.000356"/>
</kw>
<kw name="Log" owner="BuiltIn">
<msg time="2024-04-23T10:14:31.417853" level="INFO">{'large': 'https://randomuser.me/api/portraits/women/32.jpg', 'medium': 'https://randomuser.me/api/portraits/med/women/32.jpg', 'thumbnail': 'https://randomuser.me/api/portraits/thumb/women/32.jpg'}</msg>
<arg>${json_data['results'][0]['picture']}</arg>
<doc>Logs the given message with the given level.</doc>
<status status="PASS" start="2024-04-23T10:14:31.417522" elapsed="0.000373"/>
</kw>
<status status="PASS" start="2024-04-23T10:14:31.326314" elapsed="0.091835"/>
</kw>
<kw name="Teste de Tipos de Dados - Postcode" owner="random-user-service">
<kw name="GET On Session" owner="RequestsLibrary">
<msg time="2024-04-23T10:14:31.508701" level="INFO">GET Request : url=https://randomuser.me/api 
 path_url=/api 
 headers={'User-Agent': 'python-requests/2.31.0', 'Accept-Encoding': 'gzip, deflate', 'Accept': '*/*', 'Connection': 'keep-alive'} 
 body=None 
 </msg>
<msg time="2024-04-23T10:14:31.508780" level="INFO">GET Response : url=https://randomuser.me/api 
 status=200, reason=OK 
 headers={'Date': 'Tue, 23 Apr 2024 10:14:31 GMT', 'Content-Type': 'application/json; charset=utf-8', 'Transfer-Encoding': 'chunked', 'Connection': 'keep-alive', 'X-Powered-By': 'Express', 'Access-Control-Allow-Origin': '*', 'Cache-Control': 'no-cache', 'ETag': 'W/"4a9-ldw6Xk+ew6iT6iKYJTVDZ6h6lyk"', 'Vary': 'Accept-Encoding', 'Content-Encoding': 'gzip', 'CF-Cache-Status': 'DYNAMIC', 'Report-To': '{"endpoints":[{"url":"https:\\/\\/a.nel.cloudflare.com\\/report\\/v4?s=2O0TAeuL%2B79HLLIF%2BC7bTqt1AKIrDxRR7VJP5kiq4Qo%2BfhCJXEqOrOpTAxt%2BtzT9Qyr4Ke82SlreMXPOQky1krt5yrSTlCzuh4RjRdju%2BxYpzvAUIrWdUi2gGAA%2FZqQ6"}],"group":"cf-nel","max_age":604800}', 'NEL': '{"success_fraction":0,"report_to":"cf-nel","max_age":604800}', 'Server': 'cloudflare', 'CF-RAY': '878d164e6db07e2b-SJC', 'alt-svc': 'h3=":443"; ma=86400'} 
 body={"results":[{"gender":"female","name":{"title":"Miss","first":"Eloisa","last":"Hidalgo"},"location":{"street":{"number":7051,"name":"Circuito Rwanda"},"city":"Bucerías","state":"Michoacan","country":"Mexico","postcode":77785,"coordinates":{"latitude":"28.2587","longitude":"134.5050"},"timezone":{"offset":"-4:00","description":"Atlantic Time (Canada), Caracas, La Paz"}},"email":"eloisa.hidalgo@example.com","login":{"uuid":"5604b617-cd05-4569-b44f-945fda275814","username":"yellowmouse341","password":"diamond1","salt":"1auwzL8s","md5":"601526c82427a89e7cf283d7bd61386f","sha1":"e10a92d7f66cd82a7098f9961ccc46dc7508242b","sha256":"4ce52456e2a6d5e54f280c2f50ebcdc7aadc2f44d1307f0570eb7305fc9b7a29"},"dob":{"date":"1964-04-14T13:50:52.326Z","age":60},"registered":{"date":"2021-11-29T22:56:41.062Z","age":2},"phone":"(661) 435 1230","cell":"(622) 531 2765","id":{"name":"NSS","value":"60 02 85 3548 8"},"picture":{"large":"https://randomuser.me/api/portraits/women/81.jpg","medium":"https://randomuser.me/api/portraits/med/women/81.jpg","thumbnail":"https://randomuser.me/api/portraits/thumb/women/81.jpg"},"nat":"MX"}],"info":{"seed":"c186dbc209262f31","results":1,"page":1,"version":"1.4"}} 
 </msg>
<msg time="2024-04-23T10:14:31.508844" level="INFO">/opt/hostedtoolcache/Python/3.12.3/x64/lib/python3.12/site-packages/urllib3/connectionpool.py:1103: InsecureRequestWarning: Unverified HTTPS request is being made to host 'randomuser.me'. Adding certificate verification is strongly advised. See: https://urllib3.readthedocs.io/en/latest/advanced-usage.html#tls-warnings
  warnings.warn(</msg>
<msg time="2024-04-23T10:14:31.508952" level="INFO">${response} = &lt;Response [200]&gt;</msg>
<var>${response}</var>
<arg>consultarAPI</arg>
<arg>/api</arg>
<doc>Sends a GET request on a previously created HTTP Session.</doc>
<status status="PASS" start="2024-04-23T10:14:31.418594" elapsed="0.090399"/>
</kw>
<kw name="Set Variable" owner="BuiltIn">
<msg time="2024-04-23T10:14:31.510074" level="INFO">${json_data} = {'results': [{'gender': 'female', 'name': {'title': 'Miss', 'first': 'Eloisa', 'last': 'Hidalgo'}, 'location': {'street': {'number': 7051, 'name': 'Circuito Rwanda'}, 'city': 'Bucerías', 'state': 'Mic...</msg>
<var>${json_data}</var>
<arg>${response.json()}</arg>
<doc>Returns the given values which can then be assigned to a variables.</doc>
<status status="PASS" start="2024-04-23T10:14:31.509510" elapsed="0.000596"/>
</kw>
<kw name="Log" owner="BuiltIn">
<msg time="2024-04-23T10:14:31.510593" level="INFO">{'results': [{'gender': 'female', 'name': {'title': 'Miss', 'first': 'Eloisa', 'last': 'Hidalgo'}, 'location': {'street': {'number': 7051, 'name': 'Circuito Rwanda'}, 'city': 'Bucerías', 'state': 'Michoacan', 'country': 'Mexico', 'postcode': 77785, 'coordinates': {'latitude': '28.2587', 'longitude': '134.5050'}, 'timezone': {'offset': '-4:00', 'description': 'Atlantic Time (Canada), Caracas, La Paz'}}, 'email': 'eloisa.hidalgo@example.com', 'login': {'uuid': '5604b617-cd05-4569-b44f-945fda275814', 'username': 'yellowmouse341', 'password': 'diamond1', 'salt': '1auwzL8s', 'md5': '601526c82427a89e7cf283d7bd61386f', 'sha1': 'e10a92d7f66cd82a7098f9961ccc46dc7508242b', 'sha256': '4ce52456e2a6d5e54f280c2f50ebcdc7aadc2f44d1307f0570eb7305fc9b7a29'}, 'dob': {'date': '1964-04-14T13:50:52.326Z', 'age': 60}, 'registered': {'date': '2021-11-29T22:56:41.062Z', 'age': 2}, 'phone': '(661) 435 1230', 'cell': '(622) 531 2765', 'id': {'name': 'NSS', 'value': '60 02 85 3548 8'}, 'picture': {'large': 'https://randomuser.me/api/portraits/women/81.jpg', 'medium': 'https://randomuser.me/api/portraits/med/women/81.jpg', 'thumbnail': 'https://randomuser.me/api/portraits/thumb/women/81.jpg'}, 'nat': 'MX'}], 'info': {'seed': 'c186dbc209262f31', 'results': 1, 'page': 1, 'version': '1.4'}}</msg>
<arg>${json_data}</arg>
<doc>Logs the given message with the given level.</doc>
<status status="PASS" start="2024-04-23T10:14:31.510429" elapsed="0.000248"/>
</kw>
<kw name="Should Be Equal As Numbers" owner="BuiltIn">
<arg>${json_data['results'][0]['location']['postcode']}</arg>
<arg>${json_data['results'][0]['location']['postcode']}</arg>
<doc>Fails if objects are unequal after converting them to real numbers.</doc>
<status status="PASS" start="2024-04-23T10:14:31.511146" elapsed="0.000668"/>
</kw>
<kw name="Log" owner="BuiltIn">
<msg time="2024-04-23T10:14:31.512357" level="INFO">77785</msg>
<arg>${json_data['results'][0]['location']['postcode']}</arg>
<doc>Logs the given message with the given level.</doc>
<status status="PASS" start="2024-04-23T10:14:31.512011" elapsed="0.000387"/>
</kw>
<status status="PASS" start="2024-04-23T10:14:31.418365" elapsed="0.094292"/>
</kw>
<doc>Testa se os tipos de dados na resposta da API estão corretos.</doc>
<tag>testeTiposDados</tag>
<status status="PASS" start="2024-04-23T10:14:31.325747" elapsed="0.187079"/>
</test>
<test id="s1-s1-t5" name="Validar conteudo" line="35">
<kw name="Teste de Tipos de Conteudo" owner="random-user-service">
<kw name="GET On Session" owner="RequestsLibrary">
<msg time="2024-04-23T10:14:31.609633" level="INFO">GET Request : url=https://randomuser.me/api 
 path_url=/api 
 headers={'User-Agent': 'python-requests/2.31.0', 'Accept-Encoding': 'gzip, deflate', 'Accept': '*/*', 'Connection': 'keep-alive'} 
 body=None 
 </msg>
<msg time="2024-04-23T10:14:31.609711" level="INFO">GET Response : url=https://randomuser.me/api 
 status=200, reason=OK 
 headers={'Date': 'Tue, 23 Apr 2024 10:14:31 GMT', 'Content-Type': 'application/json; charset=utf-8', 'Transfer-Encoding': 'chunked', 'Connection': 'keep-alive', 'X-Powered-By': 'Express', 'Access-Control-Allow-Origin': '*', 'Cache-Control': 'no-cache', 'ETag': 'W/"48e-xv6HhiITSRrdiCzeZHGXN0IMtzM"', 'Vary': 'Accept-Encoding', 'Content-Encoding': 'gzip', 'CF-Cache-Status': 'DYNAMIC', 'Report-To': '{"endpoints":[{"url":"https:\\/\\/a.nel.cloudflare.com\\/report\\/v4?s=vup6DwkN5XkfE8glRZ%2FRKGbxtART8oZFJJ5B5J%2BNPLQK1uxxIejsjueWdZnXRgdpw56LzCtm0pCvPEqv%2BDNvy54IEtNWCn3a09A9mnesU%2BKQEJy6XOpWHS6hxrSEae%2BU"}],"group":"cf-nel","max_age":604800}', 'NEL': '{"success_fraction":0,"report_to":"cf-nel","max_age":604800}', 'Server': 'cloudflare', 'CF-RAY': '878d164efe157e2b-SJC', 'alt-svc': 'h3=":443"; ma=86400'} 
 body={"results":[{"gender":"male","name":{"title":"Mr","first":"Frederikke","last":"Møller"},"location":{"street":{"number":364,"name":"Strandvænget"},"city":"Amager","state":"Syddanmark","country":"Denmark","postcode":40068,"coordinates":{"latitude":"-40.1440","longitude":"-1.7390"},"timezone":{"offset":"+9:00","description":"Tokyo, Seoul, Osaka, Sapporo, Yakutsk"}},"email":"frederikke.moller@example.com","login":{"uuid":"59e0c1d5-261c-4aeb-8d02-d47f1b21a174","username":"angrycat869","password":"sporting","salt":"jAfXO5Rs","md5":"37d51c632b41ae6c8610792100503733","sha1":"fe0c1112006a1da80b4279138e1982851c0f49d2","sha256":"ca109d9b59b51c1d927ad9eddda0ff5df7cb0cce9e19730a24436e8420d6e57e"},"dob":{"date":"1962-04-07T16:46:21.641Z","age":62},"registered":{"date":"2012-01-09T12:29:40.814Z","age":12},"phone":"16116042","cell":"82463338","id":{"name":"CPR","value":"070462-3054"},"picture":{"large":"https://randomuser.me/api/portraits/men/97.jpg","medium":"https://randomuser.me/api/portraits/med/men/97.jpg","thumbnail":"https://randomuser.me/api/portraits/thumb/men/97.jpg"},"nat":"DK"}],"info":{"seed":"426812ebbc601083","results":1,"page":1,"version":"1.4"}} 
 </msg>
<msg time="2024-04-23T10:14:31.609784" level="INFO">/opt/hostedtoolcache/Python/3.12.3/x64/lib/python3.12/site-packages/urllib3/connectionpool.py:1103: InsecureRequestWarning: Unverified HTTPS request is being made to host 'randomuser.me'. Adding certificate verification is strongly advised. See: https://urllib3.readthedocs.io/en/latest/advanced-usage.html#tls-warnings
  warnings.warn(</msg>
<msg time="2024-04-23T10:14:31.609900" level="INFO">${response} = &lt;Response [200]&gt;</msg>
<var>${response}</var>
<arg>consultarAPI</arg>
<arg>/api</arg>
<doc>Sends a GET request on a previously created HTTP Session.</doc>
<status status="PASS" start="2024-04-23T10:14:31.515406" elapsed="0.094551"/>
</kw>
<kw name="Set Variable" owner="BuiltIn">
<msg time="2024-04-23T10:14:31.611066" level="INFO">${json_data} = {'results': [{'gender': 'male', 'name': {'title': 'Mr', 'first': 'Frederikke', 'last': 'Møller'}, 'location': {'street': {'number': 364, 'name': 'Strandvænget'}, 'city': 'Amager', 'state': 'Syddanmark...</msg>
<var>${json_data}</var>
<arg>${response.json()}</arg>
<doc>Returns the given values which can then be assigned to a variables.</doc>
<status status="PASS" start="2024-04-23T10:14:31.610503" elapsed="0.000593"/>
</kw>
<kw name="Set Variable" owner="BuiltIn">
<msg time="2024-04-23T10:14:31.611872" level="INFO">${name_title} = Mr</msg>
<var>${name_title}</var>
<arg>${json_data["results"][0]["name"]["title"]}</arg>
<doc>Returns the given values which can then be assigned to a variables.</doc>
<status status="PASS" start="2024-04-23T10:14:31.611415" elapsed="0.000485"/>
</kw>
<kw name="Create List" owner="BuiltIn">
<msg time="2024-04-23T10:14:31.612366" level="INFO">${allowed_titles} = ['Mr', 'Ms', 'Miss', 'Mrs', 'Madame', 'Monsieur']</msg>
<var>${allowed_titles}</var>
<arg>Mr</arg>
<arg>Ms</arg>
<arg>Miss</arg>
<arg>Mrs</arg>
<arg>Madame</arg>
<arg>Monsieur</arg>
<doc>Returns a list containing given items.</doc>
<status status="PASS" start="2024-04-23T10:14:31.612211" elapsed="0.000180"/>
</kw>
<kw name="List Should Contain Value" owner="Collections">
<msg time="2024-04-23T10:14:31.612885" level="INFO">False</msg>
<arg>${allowed_titles}</arg>
<arg>${name_title}</arg>
<doc>Fails if the ``value`` is not found from ``list``.</doc>
<status status="PASS" start="2024-04-23T10:14:31.612698" elapsed="0.000225"/>
</kw>
<kw name="Set Variable" owner="BuiltIn">
<msg time="2024-04-23T10:14:31.613616" level="INFO">${name_country} = DK</msg>
<var>${name_country}</var>
<arg>${json_data["results"][0]["nat"]}</arg>
<doc>Returns the given values which can then be assigned to a variables.</doc>
<status status="PASS" start="2024-04-23T10:14:31.613216" elapsed="0.000427"/>
</kw>
<kw name="Create List" owner="BuiltIn">
<msg time="2024-04-23T10:14:31.614558" level="INFO">${list_country} = ['AD', 'AE', 'AF', 'AG', 'AI', 'AL', 'AM', 'AO', 'AQ', 'AR', 'AS', 'AT', 'AU', 'AW', 'AX', 'AZ', 'BA', 'BB', 'BD', 'BE', 'BF', 'BG', 'BH', 'BI', 'BJ', 'BL', 'BM', 'BN', 'BO', 'BQ', 'BR', 'BS', 'BT', '...</msg>
<var>${list_country}</var>
<arg>AD</arg>
<arg>AE</arg>
<arg>AF</arg>
<arg>AG</arg>
<arg>AI</arg>
<arg>AL</arg>
<arg>AM</arg>
<arg>AO</arg>
<arg>AQ</arg>
<arg>AR</arg>
<arg>AS</arg>
<arg>AT</arg>
<arg>AU</arg>
<arg>AW</arg>
<arg>AX</arg>
<arg>AZ</arg>
<arg>BA</arg>
<arg>BB</arg>
<arg>BD</arg>
<arg>BE</arg>
<arg>BF</arg>
<arg>BG</arg>
<arg>BH</arg>
<arg>BI</arg>
<arg>BJ</arg>
<arg>BL</arg>
<arg>BM</arg>
<arg>BN</arg>
<arg>BO</arg>
<arg>BQ</arg>
<arg>BR</arg>
<arg>BS</arg>
<arg>BT</arg>
<arg>BV</arg>
<arg>BW</arg>
<arg>BY</arg>
<arg>BZ</arg>
<arg>CA</arg>
<arg>CC</arg>
<arg>CD</arg>
<arg>CF</arg>
<arg>CG</arg>
<arg>CH</arg>
<arg>CI</arg>
<arg>CK</arg>
<arg>CL</arg>
<arg>CM</arg>
<arg>CN</arg>
<arg>CO</arg>
<arg>CR</arg>
<arg>CU</arg>
<arg>CV</arg>
<arg>CW</arg>
<arg>CX</arg>
<arg>CY</arg>
<arg>CZ</arg>
<arg>DE</arg>
<arg>DJ</arg>
<arg>DK</arg>
<arg>DM</arg>
<arg>DO</arg>
<arg>DZ</arg>
<arg>EC</arg>
<arg>EE</arg>
<arg>EG</arg>
<arg>EH</arg>
<arg>ER</arg>
<arg>ES</arg>
<arg>ET</arg>
<arg>FI</arg>
<arg>FJ</arg>
<arg>FK</arg>
<arg>FM</arg>
<arg>FO</arg>
<arg>FR</arg>
<arg>GA</arg>
<arg>GB</arg>
<arg>GD</arg>
<arg>GE</arg>
<arg>GF</arg>
<arg>GG</arg>
<arg>GH</arg>
<arg>GI</arg>
<arg>GL</arg>
<arg>GM</arg>
<arg>GN</arg>
<arg>GP</arg>
<arg>GQ</arg>
<arg>GR</arg>
<arg>GS</arg>
<arg>GT</arg>
<arg>GU</arg>
<arg>GW</arg>
<arg>GY</arg>
<arg>HK</arg>
<arg>HM</arg>
<arg>HN</arg>
<arg>HR</arg>
<arg>HT</arg>
<arg>HU</arg>
<arg>ID</arg>
<arg>IE</arg>
<arg>IL</arg>
<arg>IM</arg>
<arg>IN</arg>
<arg>IO</arg>
<arg>IQ</arg>
<arg>IR</arg>
<arg>IS</arg>
<arg>IT</arg>
<arg>JE</arg>
<arg>JM</arg>
<arg>JO</arg>
<arg>JP</arg>
<arg>KE</arg>
<arg>KG</arg>
<arg>KH</arg>
<arg>KI</arg>
<arg>KM</arg>
<arg>KN</arg>
<arg>KP</arg>
<arg>KR</arg>
<arg>KW</arg>
<arg>KY</arg>
<arg>KZ</arg>
<arg>LA</arg>
<arg>LB</arg>
<arg>LC</arg>
<arg>LI</arg>
<arg>LK</arg>
<arg>LR</arg>
<arg>LS</arg>
<arg>LT</arg>
<arg>LU</arg>
<arg>LV</arg>
<arg>LY</arg>
<arg>MA</arg>
<arg>MC</arg>
<arg>MD</arg>
<arg>ME</arg>
<arg>MF</arg>
<arg>MG</arg>
<arg>MH</arg>
<arg>MK</arg>
<arg>ML</arg>
<arg>MM</arg>
<arg>MN</arg>
<arg>MO</arg>
<arg>MP</arg>
<arg>MQ</arg>
<arg>MR</arg>
<arg>MS</arg>
<arg>MT</arg>
<arg>MU</arg>
<arg>MV</arg>
<arg>MW</arg>
<arg>MX</arg>
<arg>MY</arg>
<arg>MZ</arg>
<arg>NA</arg>
<arg>NC</arg>
<arg>NE</arg>
<arg>NF</arg>
<arg>NG</arg>
<arg>NI</arg>
<arg>NL</arg>
<arg>NO</arg>
<arg>NP</arg>
<arg>NR</arg>
<arg>NU</arg>
<arg>NZ</arg>
<arg>OM</arg>
<arg>PA</arg>
<arg>PE</arg>
<arg>PF</arg>
<arg>PG</arg>
<arg>PH</arg>
<arg>PK</arg>
<arg>PL</arg>
<arg>PM</arg>
<arg>PN</arg>
<arg>PR</arg>
<arg>PS</arg>
<arg>PT</arg>
<arg>PW</arg>
<arg>PY</arg>
<arg>QA</arg>
<arg>RE</arg>
<arg>RO</arg>
<arg>RS</arg>
<arg>RU</arg>
<arg>RW</arg>
<arg>SA</arg>
<arg>SB</arg>
<arg>SC</arg>
<arg>SD</arg>
<arg>SE</arg>
<arg>SG</arg>
<arg>SH</arg>
<arg>SI</arg>
<arg>SJ</arg>
<arg>SK</arg>
<arg>SL</arg>
<arg>SM</arg>
<arg>SN</arg>
<arg>SO</arg>
<arg>SR</arg>
<arg>SS</arg>
<arg>ST</arg>
<arg>SV</arg>
<arg>SX</arg>
<arg>SY</arg>
<arg>SZ</arg>
<arg>TC</arg>
<arg>TD</arg>
<arg>TF</arg>
<arg>TG</arg>
<arg>TH</arg>
<arg>TJ</arg>
<arg>TK</arg>
<arg>TL</arg>
<arg>TM</arg>
<arg>TN</arg>
<arg>TO</arg>
<arg>TR</arg>
<arg>TT</arg>
<arg>TV</arg>
<arg>TW</arg>
<arg>TZ</arg>
<arg>UA</arg>
<arg>UG</arg>
<arg>UM</arg>
<arg>US</arg>
<arg>UY</arg>
<arg>UZ</arg>
<arg>VA</arg>
<arg>VC</arg>
<arg>VE</arg>
<arg>VG</arg>
<arg>VI</arg>
<arg>VN</arg>
<arg>VU</arg>
<arg>WF</arg>
<arg>WS</arg>
<arg>XK</arg>
<arg>YE</arg>
<arg>YT</arg>
<arg>ZA</arg>
<arg>ZM</arg>
<arg>ZW</arg>
<doc>Returns a list containing given items.</doc>
<status status="PASS" start="2024-04-23T10:14:31.613972" elapsed="0.000612"/>
</kw>
<kw name="List Should Contain Value" owner="Collections">
<msg time="2024-04-23T10:14:31.615585" level="INFO">False</msg>
<arg>${list_country}</arg>
<arg>${name_country}</arg>
<doc>Fails if the ``value`` is not found from ``list``.</doc>
<status status="PASS" start="2024-04-23T10:14:31.615385" elapsed="0.000238"/>
</kw>
<kw name="Run Keyword If" owner="BuiltIn">
<kw name="Should Be True" owner="BuiltIn">
<arg>${True}</arg>
<doc>Fails if the given condition is not true.</doc>
<status status="PASS" start="2024-04-23T10:14:31.616739" elapsed="0.000252"/>
</kw>
<arg>${json_data["results"][0]["location"]["coordinates"]["latitude"]} &gt;= -90 and ${json_data["results"][0]["location"]["coordinates"]["latitude"]} &lt;= 90</arg>
<arg>Should Be True</arg>
<arg>${True}</arg>
<doc>Runs the given keyword with the given arguments, if ``condition`` is true.</doc>
<status status="PASS" start="2024-04-23T10:14:31.615978" elapsed="0.001148"/>
</kw>
<kw name="Run Keyword If" owner="BuiltIn">
<kw name="Should Be True" owner="BuiltIn">
<arg>${True}</arg>
<doc>Fails if the given condition is not true.</doc>
<status status="PASS" start="2024-04-23T10:14:31.618034" elapsed="0.000137"/>
</kw>
<arg>${json_data["results"][0]["location"]["coordinates"]["longitude"]} &gt;= -180 and ${json_data["results"][0]["location"]["coordinates"]["longitude"]} &lt;= 180</arg>
<arg>Should Be True</arg>
<arg>${True}</arg>
<doc>Runs the given keyword with the given arguments, if ``condition`` is true.</doc>
<status status="PASS" start="2024-04-23T10:14:31.617318" elapsed="0.000979"/>
</kw>
<status status="PASS" start="2024-04-23T10:14:31.515177" elapsed="0.103255"/>
</kw>
<doc>Testa o conteúdo específico dos campos retornados pela API.</doc>
<tag>testeConteudo</tag>
<status status="PASS" start="2024-04-23T10:14:31.514637" elapsed="0.103959"/>
</test>
<status status="PASS" start="2024-04-23T10:14:30.774527" elapsed="0.846173"/>
</suite>
<status status="PASS" start="2024-04-23T10:14:30.760929" elapsed="0.865006"/>
</suite>
<statistics>
<total>
<stat pass="5" fail="0" skip="0">All Tests</stat>
</total>
<tag>
<stat pass="1" fail="0" skip="0">testeConteudo</stat>
<stat pass="1" fail="0" skip="0">testeEstruturaResposta</stat>
<stat pass="1" fail="0" skip="0">testeRequisicaoBasica</stat>
<stat pass="1" fail="0" skip="0">testeTiposDados</stat>
</tag>
<suite>
<stat pass="5" fail="0" skip="0" id="s1" name="Tests">Tests</stat>
<stat pass="5" fail="0" skip="0" id="s1-s1" name="Random-User-Test">Tests.Random-User-Test</stat>
</suite>
</statistics>
<errors>
</errors>
</robot>
