<?xml version="1.0" encoding="UTF-8"?>
<robot generator="Robot 7.0.1 (Python 3.12.4 on linux)" generated="2024-08-07T04:19:31.863248" rpa="false" schemaversion="5">
<suite id="s1" name="Tests" source="/home/runner/work/ApiRandomUser/ApiRandomUser/RamdonUser/tests">
<suite id="s1-s1" name="Random-User-Test" source="/home/runner/work/ApiRandomUser/ApiRandomUser/RamdonUser/tests/random-user-test.robot">
<test id="s1-s1-t1" name="Conectar" line="13">
<kw name="Conectar API" owner="random-user-service">
<kw name="Create Session" owner="RequestsLibrary">
<msg time="2024-08-07T04:19:32.260096" level="INFO">Creating Session using : alias=consultarAPI, url=https://randomuser.me/, headers={},                     cookies={}, auth=None, timeout=None, proxies=None, verify=False,                     debug=0 </msg>
<arg>consultarAPI</arg>
<arg>${URL}</arg>
<doc>Create Session: create a HTTP session to a server</doc>
<status status="PASS" start="2024-08-07T04:19:32.259896" elapsed="0.000374"/>
</kw>
<status status="PASS" start="2024-08-07T04:19:32.258826" elapsed="0.001799"/>
</kw>
<status status="PASS" start="2024-08-07T04:19:32.258277" elapsed="0.002539"/>
</test>
<test id="s1-s1-t2" name="Validar retorno 200 e JSON Válido" line="16">
<kw name="Teste de Requisicao Basica" owner="random-user-service">
<kw name="GET On Session" owner="RequestsLibrary">
<msg time="2024-08-07T04:19:32.385142" level="INFO">GET Request : url=https://randomuser.me/api 
 path_url=/api 
 headers={'User-Agent': 'python-requests/2.32.3', 'Accept-Encoding': 'gzip, deflate', 'Accept': '*/*', 'Connection': 'keep-alive'} 
 body=None 
 </msg>
<msg time="2024-08-07T04:19:32.385301" level="INFO">GET Response : url=https://randomuser.me/api 
 status=200, reason=OK 
 headers={'Date': 'Wed, 07 Aug 2024 04:19:32 GMT', 'Content-Type': 'application/json; charset=utf-8', 'Transfer-Encoding': 'chunked', 'Connection': 'keep-alive', 'X-Powered-By': 'Express', 'Access-Control-Allow-Origin': '*', 'Cache-Control': 'no-cache', 'ETag': 'W/"4aa-8wJM8hM9fkKkCpo0d6FemBYklp0"', 'Vary': 'Accept-Encoding', 'Content-Encoding': 'gzip', 'CF-Cache-Status': 'DYNAMIC', 'Report-To': '{"endpoints":[{"url":"https:\\/\\/a.nel.cloudflare.com\\/report\\/v4?s=xNOilkxbm2E7VjVVuvgc7g1friKkjlQ2VycI3Jwz3fnaMAhK6AD03WPnbW2nicOk%2Fy7NNmzbuGKk8zDKdDSsdPvCnBwMsuYiJWYz97Ht2UAP9dVghjv1%2BdAMI4oW3qiA"}],"group":"cf-nel","max_age":604800}', 'NEL': '{"success_fraction":0,"report_to":"cf-nel","max_age":604800}', 'Server': 'cloudflare', 'CF-RAY': '8af4780edb02ceaf-SJC', 'alt-svc': 'h3=":443"; ma=86400'} 
 body={"results":[{"gender":"female","name":{"title":"Mademoiselle","first":"Edona","last":"Leclerc"},"location":{"street":{"number":1276,"name":"Rue de L'Abbé-Gillet"},"city":"Rümikon","state":"Ticino","country":"Switzerland","postcode":4410,"coordinates":{"latitude":"-58.2944","longitude":"86.7079"},"timezone":{"offset":"-1:00","description":"Azores, Cape Verde Islands"}},"email":"edona.leclerc@example.com","login":{"uuid":"483628bc-d9d1-40d2-91a9-31604163a70a","username":"organicelephant165","password":"nymets","salt":"MZfd1igf","md5":"dc82411005be742eb83c2b18fda1af92","sha1":"36c3c5df301747b12500ac1267cfd4d0deee6d72","sha256":"a50ba61d69623e3ddcd423e3b59f46433581bd2a1fbd90fa71564ce6a62eee79"},"dob":{"date":"1965-12-20T06:48:42.819Z","age":58},"registered":{"date":"2002-11-01T19:14:59.986Z","age":21},"phone":"075 640 65 58","cell":"076 215 91 29","id":{"name":"AVS","value":"756.9287.8891.61"},"picture":{"large":"https://randomuser.me/api/portraits/women/30.jpg","medium":"https://randomuser.me/api/portraits/med/women/30.jpg","thumbnail":"https://randomuser.me/api/portraits/thumb/women/30.jpg"},"nat":"CH"}],"info":{"seed":"b2203cef28e720b6","results":1,"page":1,"version":"1.4"}} 
 </msg>
<msg time="2024-08-07T04:19:32.385380" level="INFO">/opt/hostedtoolcache/Python/3.12.4/x64/lib/python3.12/site-packages/urllib3/connectionpool.py:1099: InsecureRequestWarning: Unverified HTTPS request is being made to host 'randomuser.me'. Adding certificate verification is strongly advised. See: https://urllib3.readthedocs.io/en/latest/advanced-usage.html#tls-warnings
  warnings.warn(</msg>
<msg time="2024-08-07T04:19:32.385509" level="INFO">${response} = &lt;Response [200]&gt;</msg>
<var>${response}</var>
<arg>consultarAPI</arg>
<arg>/api</arg>
<doc>Sends a GET request on a previously created HTTP Session.</doc>
<status status="PASS" start="2024-08-07T04:19:32.263361" elapsed="0.122189"/>
</kw>
<kw name="Should Be Equal As Numbers" owner="BuiltIn">
<msg time="2024-08-07T04:19:32.386732" level="INFO">Argument types are:
&lt;class 'int'&gt;
&lt;class 'str'&gt;</msg>
<arg>${response.status_code}</arg>
<arg>200</arg>
<doc>Fails if objects are unequal after converting them to real numbers.</doc>
<status status="PASS" start="2024-08-07T04:19:32.386126" elapsed="0.000687"/>
</kw>
<kw name="Log" owner="BuiltIn">
<msg time="2024-08-07T04:19:32.387600" level="INFO">200</msg>
<arg>${response.status_code}</arg>
<doc>Logs the given message with the given level.</doc>
<status status="PASS" start="2024-08-07T04:19:32.387238" elapsed="0.000404"/>
</kw>
<kw name="Set Variable" owner="BuiltIn">
<msg time="2024-08-07T04:19:32.388390" level="INFO">${json_data} = {'results': [{'gender': 'female', 'name': {'title': 'Mademoiselle', 'first': 'Edona', 'last': 'Leclerc'}, 'location': {'street': {'number': 1276, 'name': "Rue de L'Abbé-Gillet"}, 'city': 'Rümikon', 's...</msg>
<var>${json_data}</var>
<arg>${response.json()}</arg>
<doc>Returns the given values which can then be assigned to a variables.</doc>
<status status="PASS" start="2024-08-07T04:19:32.387950" elapsed="0.000469"/>
</kw>
<kw name="Dictionary Should Contain Key" owner="Collections">
<arg>${json_data}</arg>
<arg>results</arg>
<doc>Fails if ``key`` is not found from ``dictionary``.</doc>
<status status="PASS" start="2024-08-07T04:19:32.388728" elapsed="0.000319"/>
</kw>
<status status="PASS" start="2024-08-07T04:19:32.263086" elapsed="0.126117"/>
</kw>
<doc>Testa se a API responde corretamente e retorna um objeto JSON válido.</doc>
<tag>testeRequisicaoBasica</tag>
<status status="PASS" start="2024-08-07T04:19:32.262643" elapsed="0.126737"/>
</test>
<test id="s1-s1-t3" name="Validar estrutura de resposta" line="22">
<kw name="Teste de Estrutura de Resposta" owner="random-user-service">
<kw name="GET On Session" owner="RequestsLibrary">
<msg time="2024-08-07T04:19:32.508673" level="INFO">GET Request : url=https://randomuser.me/api 
 path_url=/api 
 headers={'User-Agent': 'python-requests/2.32.3', 'Accept-Encoding': 'gzip, deflate', 'Accept': '*/*', 'Connection': 'keep-alive'} 
 body=None 
 </msg>
<msg time="2024-08-07T04:19:32.508747" level="INFO">GET Response : url=https://randomuser.me/api 
 status=200, reason=OK 
 headers={'Date': 'Wed, 07 Aug 2024 04:19:32 GMT', 'Content-Type': 'application/json; charset=utf-8', 'Transfer-Encoding': 'chunked', 'Connection': 'keep-alive', 'X-Powered-By': 'Express', 'Access-Control-Allow-Origin': '*', 'Cache-Control': 'no-cache', 'ETag': 'W/"46a-jOIMbCTZGUV99UYX1j4hGpY3VRw"', 'Vary': 'Accept-Encoding', 'Content-Encoding': 'gzip', 'CF-Cache-Status': 'DYNAMIC', 'Report-To': '{"endpoints":[{"url":"https:\\/\\/a.nel.cloudflare.com\\/report\\/v4?s=RTYVoUVcY1dudWUxFVsK%2FzTnOB8l%2FjaV7uVficJqH%2FZhM0nrfaYiqcMvnLxuHz%2FyqtLLjc9R117WciH9OvKeFg9fcPkTW9qWpXXtsIUkJ%2F50Eb7oiQC2oofjc6GNJO4P"}],"group":"cf-nel","max_age":604800}', 'NEL': '{"success_fraction":0,"report_to":"cf-nel","max_age":604800}', 'Server': 'cloudflare', 'CF-RAY': '8af4780f7b85ceaf-SJC', 'alt-svc': 'h3=":443"; ma=86400'} 
 body={"results":[{"gender":"male","name":{"title":"Mr","first":"Kaya","last":"Ertürk"},"location":{"street":{"number":5684,"name":"Anafartalar Cd"},"city":"Şanlıurfa","state":"Isparta","country":"Turkey","postcode":81520,"coordinates":{"latitude":"67.7818","longitude":"-153.2761"},"timezone":{"offset":"-3:30","description":"Newfoundland"}},"email":"kaya.erturk@example.com","login":{"uuid":"96591c6c-cb6c-4941-8e23-43107ac6ba8f","username":"blackduck375","password":"twisted","salt":"USxWMqfW","md5":"541a83b4c7e4c13bcd74afb7a83af7e2","sha1":"4845b7e83bf2d36a57a87e1c4ec0e4921da9b2a1","sha256":"ceac94ae339763e55a99dcc6fa68a4a0c096459009939abdaeaabb1454a7e121"},"dob":{"date":"1956-07-10T10:19:20.431Z","age":68},"registered":{"date":"2004-07-08T15:02:27.001Z","age":20},"phone":"(468)-476-5906","cell":"(492)-959-3747","id":{"name":"","value":null},"picture":{"large":"https://randomuser.me/api/portraits/men/0.jpg","medium":"https://randomuser.me/api/portraits/med/men/0.jpg","thumbnail":"https://randomuser.me/api/portraits/thumb/men/0.jpg"},"nat":"TR"}],"info":{"seed":"ab7a60cbfe780c4e","results":1,"page":1,"version":"1.4"}} 
 </msg>
<msg time="2024-08-07T04:19:32.508856" level="INFO">/opt/hostedtoolcache/Python/3.12.4/x64/lib/python3.12/site-packages/urllib3/connectionpool.py:1099: InsecureRequestWarning: Unverified HTTPS request is being made to host 'randomuser.me'. Adding certificate verification is strongly advised. See: https://urllib3.readthedocs.io/en/latest/advanced-usage.html#tls-warnings
  warnings.warn(</msg>
<msg time="2024-08-07T04:19:32.508962" level="INFO">${response} = &lt;Response [200]&gt;</msg>
<var>${response}</var>
<arg>consultarAPI</arg>
<arg>/api</arg>
<doc>Sends a GET request on a previously created HTTP Session.</doc>
<status status="PASS" start="2024-08-07T04:19:32.392079" elapsed="0.116925"/>
</kw>
<kw name="Set Variable" owner="BuiltIn">
<msg time="2024-08-07T04:19:32.510092" level="INFO">${json_data} = {'results': [{'gender': 'male', 'name': {'title': 'Mr', 'first': 'Kaya', 'last': 'Ertürk'}, 'location': {'street': {'number': 5684, 'name': 'Anafartalar Cd'}, 'city': 'Şanlıurfa', 'state': 'Isparta', ...</msg>
<var>${json_data}</var>
<arg>${response.json()}</arg>
<doc>Returns the given values which can then be assigned to a variables.</doc>
<status status="PASS" start="2024-08-07T04:19:32.509501" elapsed="0.000621"/>
</kw>
<kw name="Log" owner="BuiltIn">
<msg time="2024-08-07T04:19:32.510589" level="INFO">{'results': [{'gender': 'male', 'name': {'title': 'Mr', 'first': 'Kaya', 'last': 'Ertürk'}, 'location': {'street': {'number': 5684, 'name': 'Anafartalar Cd'}, 'city': 'Şanlıurfa', 'state': 'Isparta', 'country': 'Turkey', 'postcode': 81520, 'coordinates': {'latitude': '67.7818', 'longitude': '-153.2761'}, 'timezone': {'offset': '-3:30', 'description': 'Newfoundland'}}, 'email': 'kaya.erturk@example.com', 'login': {'uuid': '96591c6c-cb6c-4941-8e23-43107ac6ba8f', 'username': 'blackduck375', 'password': 'twisted', 'salt': 'USxWMqfW', 'md5': '541a83b4c7e4c13bcd74afb7a83af7e2', 'sha1': '4845b7e83bf2d36a57a87e1c4ec0e4921da9b2a1', 'sha256': 'ceac94ae339763e55a99dcc6fa68a4a0c096459009939abdaeaabb1454a7e121'}, 'dob': {'date': '1956-07-10T10:19:20.431Z', 'age': 68}, 'registered': {'date': '2004-07-08T15:02:27.001Z', 'age': 20}, 'phone': '(468)-476-5906', 'cell': '(492)-959-3747', 'id': {'name': '', 'value': None}, 'picture': {'large': 'https://randomuser.me/api/portraits/men/0.jpg', 'medium': 'https://randomuser.me/api/portraits/med/men/0.jpg', 'thumbnail': 'https://randomuser.me/api/portraits/thumb/men/0.jpg'}, 'nat': 'TR'}], 'info': {'seed': 'ab7a60cbfe780c4e', 'results': 1, 'page': 1, 'version': '1.4'}}</msg>
<arg>${json_data}</arg>
<doc>Logs the given message with the given level.</doc>
<status status="PASS" start="2024-08-07T04:19:32.510428" elapsed="0.000212"/>
</kw>
<kw name="Dictionary Should Contain Key" owner="Collections">
<arg>${json_data}</arg>
<arg>results</arg>
<doc>Fails if ``key`` is not found from ``dictionary``.</doc>
<status status="PASS" start="2024-08-07T04:19:32.510965" elapsed="0.000257"/>
</kw>
<kw name="Should Not Be Empty" owner="BuiltIn">
<msg time="2024-08-07T04:19:32.511576" level="INFO">Length is 2.</msg>
<arg>${json_data}</arg>
<doc>Verifies that the given item is not empty.</doc>
<status status="PASS" start="2024-08-07T04:19:32.511446" elapsed="0.000169"/>
</kw>
<kw name="Create List" owner="BuiltIn">
<msg time="2024-08-07T04:19:32.512066" level="INFO">${expected_keys} = ['gender', 'name', 'location', 'email', 'login']</msg>
<var>${expected_keys}</var>
<arg>gender</arg>
<arg>name</arg>
<arg>location</arg>
<arg>email</arg>
<arg>login</arg>
<doc>Returns a list containing given items.</doc>
<status status="PASS" start="2024-08-07T04:19:32.511913" elapsed="0.000177"/>
</kw>
<for flavor="IN">
<iter>
<kw name="Dictionary Should Contain Key" owner="Collections">
<arg>${json_data['results'][0]}</arg>
<arg>${key}</arg>
<doc>Fails if ``key`` is not found from ``dictionary``.</doc>
<status status="PASS" start="2024-08-07T04:19:32.512660" elapsed="0.000408"/>
</kw>
<kw name="Log" owner="BuiltIn">
<msg time="2024-08-07T04:19:32.513614" level="INFO">{'gender': 'male', 'name': {'title': 'Mr', 'first': 'Kaya', 'last': 'Ertürk'}, 'location': {'street': {'number': 5684, 'name': 'Anafartalar Cd'}, 'city': 'Şanlıurfa', 'state': 'Isparta', 'country': 'Turkey', 'postcode': 81520, 'coordinates': {'latitude': '67.7818', 'longitude': '-153.2761'}, 'timezone': {'offset': '-3:30', 'description': 'Newfoundland'}}, 'email': 'kaya.erturk@example.com', 'login': {'uuid': '96591c6c-cb6c-4941-8e23-43107ac6ba8f', 'username': 'blackduck375', 'password': 'twisted', 'salt': 'USxWMqfW', 'md5': '541a83b4c7e4c13bcd74afb7a83af7e2', 'sha1': '4845b7e83bf2d36a57a87e1c4ec0e4921da9b2a1', 'sha256': 'ceac94ae339763e55a99dcc6fa68a4a0c096459009939abdaeaabb1454a7e121'}, 'dob': {'date': '1956-07-10T10:19:20.431Z', 'age': 68}, 'registered': {'date': '2004-07-08T15:02:27.001Z', 'age': 20}, 'phone': '(468)-476-5906', 'cell': '(492)-959-3747', 'id': {'name': '', 'value': None}, 'picture': {'large': 'https://randomuser.me/api/portraits/men/0.jpg', 'medium': 'https://randomuser.me/api/portraits/med/men/0.jpg', 'thumbnail': 'https://randomuser.me/api/portraits/thumb/men/0.jpg'}, 'nat': 'TR'}</msg>
<arg>${json_data['results'][0]}</arg>
<doc>Logs the given message with the given level.</doc>
<status status="PASS" start="2024-08-07T04:19:32.513255" elapsed="0.000409"/>
</kw>
<kw name="Log" owner="BuiltIn">
<msg time="2024-08-07T04:19:32.514092" level="INFO">gender</msg>
<arg>${key}</arg>
<doc>Logs the given message with the given level.</doc>
<status status="PASS" start="2024-08-07T04:19:32.513964" elapsed="0.000190"/>
</kw>
<var name="${key}">gender</var>
<status status="PASS" start="2024-08-07T04:19:32.512536" elapsed="0.001859"/>
</iter>
<iter>
<kw name="Dictionary Should Contain Key" owner="Collections">
<arg>${json_data['results'][0]}</arg>
<arg>${key}</arg>
<doc>Fails if ``key`` is not found from ``dictionary``.</doc>
<status status="PASS" start="2024-08-07T04:19:32.514705" elapsed="0.000392"/>
</kw>
<kw name="Log" owner="BuiltIn">
<msg time="2024-08-07T04:19:32.515672" level="INFO">{'gender': 'male', 'name': {'title': 'Mr', 'first': 'Kaya', 'last': 'Ertürk'}, 'location': {'street': {'number': 5684, 'name': 'Anafartalar Cd'}, 'city': 'Şanlıurfa', 'state': 'Isparta', 'country': 'Turkey', 'postcode': 81520, 'coordinates': {'latitude': '67.7818', 'longitude': '-153.2761'}, 'timezone': {'offset': '-3:30', 'description': 'Newfoundland'}}, 'email': 'kaya.erturk@example.com', 'login': {'uuid': '96591c6c-cb6c-4941-8e23-43107ac6ba8f', 'username': 'blackduck375', 'password': 'twisted', 'salt': 'USxWMqfW', 'md5': '541a83b4c7e4c13bcd74afb7a83af7e2', 'sha1': '4845b7e83bf2d36a57a87e1c4ec0e4921da9b2a1', 'sha256': 'ceac94ae339763e55a99dcc6fa68a4a0c096459009939abdaeaabb1454a7e121'}, 'dob': {'date': '1956-07-10T10:19:20.431Z', 'age': 68}, 'registered': {'date': '2004-07-08T15:02:27.001Z', 'age': 20}, 'phone': '(468)-476-5906', 'cell': '(492)-959-3747', 'id': {'name': '', 'value': None}, 'picture': {'large': 'https://randomuser.me/api/portraits/men/0.jpg', 'medium': 'https://randomuser.me/api/portraits/med/men/0.jpg', 'thumbnail': 'https://randomuser.me/api/portraits/thumb/men/0.jpg'}, 'nat': 'TR'}</msg>
<arg>${json_data['results'][0]}</arg>
<doc>Logs the given message with the given level.</doc>
<status status="PASS" start="2024-08-07T04:19:32.515314" elapsed="0.000442"/>
</kw>
<kw name="Log" owner="BuiltIn">
<msg time="2024-08-07T04:19:32.516183" level="INFO">name</msg>
<arg>${key}</arg>
<doc>Logs the given message with the given level.</doc>
<status status="PASS" start="2024-08-07T04:19:32.516056" elapsed="0.000166"/>
</kw>
<var name="${key}">name</var>
<status status="PASS" start="2024-08-07T04:19:32.514585" elapsed="0.001855"/>
</iter>
<iter>
<kw name="Dictionary Should Contain Key" owner="Collections">
<arg>${json_data['results'][0]}</arg>
<arg>${key}</arg>
<doc>Fails if ``key`` is not found from ``dictionary``.</doc>
<status status="PASS" start="2024-08-07T04:19:32.516733" elapsed="0.000405"/>
</kw>
<kw name="Log" owner="BuiltIn">
<msg time="2024-08-07T04:19:32.517673" level="INFO">{'gender': 'male', 'name': {'title': 'Mr', 'first': 'Kaya', 'last': 'Ertürk'}, 'location': {'street': {'number': 5684, 'name': 'Anafartalar Cd'}, 'city': 'Şanlıurfa', 'state': 'Isparta', 'country': 'Turkey', 'postcode': 81520, 'coordinates': {'latitude': '67.7818', 'longitude': '-153.2761'}, 'timezone': {'offset': '-3:30', 'description': 'Newfoundland'}}, 'email': 'kaya.erturk@example.com', 'login': {'uuid': '96591c6c-cb6c-4941-8e23-43107ac6ba8f', 'username': 'blackduck375', 'password': 'twisted', 'salt': 'USxWMqfW', 'md5': '541a83b4c7e4c13bcd74afb7a83af7e2', 'sha1': '4845b7e83bf2d36a57a87e1c4ec0e4921da9b2a1', 'sha256': 'ceac94ae339763e55a99dcc6fa68a4a0c096459009939abdaeaabb1454a7e121'}, 'dob': {'date': '1956-07-10T10:19:20.431Z', 'age': 68}, 'registered': {'date': '2004-07-08T15:02:27.001Z', 'age': 20}, 'phone': '(468)-476-5906', 'cell': '(492)-959-3747', 'id': {'name': '', 'value': None}, 'picture': {'large': 'https://randomuser.me/api/portraits/men/0.jpg', 'medium': 'https://randomuser.me/api/portraits/med/men/0.jpg', 'thumbnail': 'https://randomuser.me/api/portraits/thumb/men/0.jpg'}, 'nat': 'TR'}</msg>
<arg>${json_data['results'][0]}</arg>
<doc>Logs the given message with the given level.</doc>
<status status="PASS" start="2024-08-07T04:19:32.517322" elapsed="0.000410"/>
</kw>
<kw name="Log" owner="BuiltIn">
<msg time="2024-08-07T04:19:32.518217" level="INFO">location</msg>
<arg>${key}</arg>
<doc>Logs the given message with the given level.</doc>
<status status="PASS" start="2024-08-07T04:19:32.518065" elapsed="0.000200"/>
</kw>
<var name="${key}">location</var>
<status status="PASS" start="2024-08-07T04:19:32.516619" elapsed="0.001866"/>
</iter>
<iter>
<kw name="Dictionary Should Contain Key" owner="Collections">
<arg>${json_data['results'][0]}</arg>
<arg>${key}</arg>
<doc>Fails if ``key`` is not found from ``dictionary``.</doc>
<status status="PASS" start="2024-08-07T04:19:32.518763" elapsed="0.000412"/>
</kw>
<kw name="Log" owner="BuiltIn">
<msg time="2024-08-07T04:19:32.519837" level="INFO">{'gender': 'male', 'name': {'title': 'Mr', 'first': 'Kaya', 'last': 'Ertürk'}, 'location': {'street': {'number': 5684, 'name': 'Anafartalar Cd'}, 'city': 'Şanlıurfa', 'state': 'Isparta', 'country': 'Turkey', 'postcode': 81520, 'coordinates': {'latitude': '67.7818', 'longitude': '-153.2761'}, 'timezone': {'offset': '-3:30', 'description': 'Newfoundland'}}, 'email': 'kaya.erturk@example.com', 'login': {'uuid': '96591c6c-cb6c-4941-8e23-43107ac6ba8f', 'username': 'blackduck375', 'password': 'twisted', 'salt': 'USxWMqfW', 'md5': '541a83b4c7e4c13bcd74afb7a83af7e2', 'sha1': '4845b7e83bf2d36a57a87e1c4ec0e4921da9b2a1', 'sha256': 'ceac94ae339763e55a99dcc6fa68a4a0c096459009939abdaeaabb1454a7e121'}, 'dob': {'date': '1956-07-10T10:19:20.431Z', 'age': 68}, 'registered': {'date': '2004-07-08T15:02:27.001Z', 'age': 20}, 'phone': '(468)-476-5906', 'cell': '(492)-959-3747', 'id': {'name': '', 'value': None}, 'picture': {'large': 'https://randomuser.me/api/portraits/men/0.jpg', 'medium': 'https://randomuser.me/api/portraits/med/men/0.jpg', 'thumbnail': 'https://randomuser.me/api/portraits/thumb/men/0.jpg'}, 'nat': 'TR'}</msg>
<arg>${json_data['results'][0]}</arg>
<doc>Logs the given message with the given level.</doc>
<status status="PASS" start="2024-08-07T04:19:32.519480" elapsed="0.000409"/>
</kw>
<kw name="Log" owner="BuiltIn">
<msg time="2024-08-07T04:19:32.520319" level="INFO">email</msg>
<arg>${key}</arg>
<doc>Logs the given message with the given level.</doc>
<status status="PASS" start="2024-08-07T04:19:32.520188" elapsed="0.000170"/>
</kw>
<var name="${key}">email</var>
<status status="PASS" start="2024-08-07T04:19:32.518656" elapsed="0.001922"/>
</iter>
<iter>
<kw name="Dictionary Should Contain Key" owner="Collections">
<arg>${json_data['results'][0]}</arg>
<arg>${key}</arg>
<doc>Fails if ``key`` is not found from ``dictionary``.</doc>
<status status="PASS" start="2024-08-07T04:19:32.520862" elapsed="0.000381"/>
</kw>
<kw name="Log" owner="BuiltIn">
<msg time="2024-08-07T04:19:32.521777" level="INFO">{'gender': 'male', 'name': {'title': 'Mr', 'first': 'Kaya', 'last': 'Ertürk'}, 'location': {'street': {'number': 5684, 'name': 'Anafartalar Cd'}, 'city': 'Şanlıurfa', 'state': 'Isparta', 'country': 'Turkey', 'postcode': 81520, 'coordinates': {'latitude': '67.7818', 'longitude': '-153.2761'}, 'timezone': {'offset': '-3:30', 'description': 'Newfoundland'}}, 'email': 'kaya.erturk@example.com', 'login': {'uuid': '96591c6c-cb6c-4941-8e23-43107ac6ba8f', 'username': 'blackduck375', 'password': 'twisted', 'salt': 'USxWMqfW', 'md5': '541a83b4c7e4c13bcd74afb7a83af7e2', 'sha1': '4845b7e83bf2d36a57a87e1c4ec0e4921da9b2a1', 'sha256': 'ceac94ae339763e55a99dcc6fa68a4a0c096459009939abdaeaabb1454a7e121'}, 'dob': {'date': '1956-07-10T10:19:20.431Z', 'age': 68}, 'registered': {'date': '2004-07-08T15:02:27.001Z', 'age': 20}, 'phone': '(468)-476-5906', 'cell': '(492)-959-3747', 'id': {'name': '', 'value': None}, 'picture': {'large': 'https://randomuser.me/api/portraits/men/0.jpg', 'medium': 'https://randomuser.me/api/portraits/med/men/0.jpg', 'thumbnail': 'https://randomuser.me/api/portraits/thumb/men/0.jpg'}, 'nat': 'TR'}</msg>
<arg>${json_data['results'][0]}</arg>
<doc>Logs the given message with the given level.</doc>
<status status="PASS" start="2024-08-07T04:19:32.521425" elapsed="0.000401"/>
</kw>
<kw name="Log" owner="BuiltIn">
<msg time="2024-08-07T04:19:32.522256" level="INFO">login</msg>
<arg>${key}</arg>
<doc>Logs the given message with the given level.</doc>
<status status="PASS" start="2024-08-07T04:19:32.522129" elapsed="0.000164"/>
</kw>
<var name="${key}">login</var>
<status status="PASS" start="2024-08-07T04:19:32.520754" elapsed="0.001755"/>
</iter>
<var>${key}</var>
<value>@{expected_keys}</value>
<status status="PASS" start="2024-08-07T04:19:32.512350" elapsed="0.010280"/>
</for>
<kw name="Create List" owner="BuiltIn">
<msg time="2024-08-07T04:19:32.522952" level="INFO">${expected_keysTwo} = ['username', 'password']</msg>
<var>${expected_keysTwo}</var>
<arg>username</arg>
<arg>password</arg>
<doc>Returns a list containing given items.</doc>
<status status="PASS" start="2024-08-07T04:19:32.522818" elapsed="0.000157"/>
</kw>
<for flavor="IN">
<iter>
<kw name="Dictionary Should Contain Key" owner="Collections">
<arg>${json_data['results'][0]['login']}</arg>
<arg>${keyTwo}</arg>
<doc>Fails if ``key`` is not found from ``dictionary``.</doc>
<status status="PASS" start="2024-08-07T04:19:32.523549" elapsed="0.000399"/>
</kw>
<kw name="Dictionary Should Contain Key" owner="Collections">
<arg>${json_data['results'][0]['login']}</arg>
<arg>${keyTwo}</arg>
<doc>Fails if ``key`` is not found from ``dictionary``.</doc>
<status status="PASS" start="2024-08-07T04:19:32.524131" elapsed="0.000365"/>
</kw>
<kw name="Log" owner="BuiltIn">
<msg time="2024-08-07T04:19:32.524791" level="INFO">username</msg>
<arg>${keyTwo}</arg>
<doc>Logs the given message with the given level.</doc>
<status status="PASS" start="2024-08-07T04:19:32.524674" elapsed="0.000155"/>
</kw>
<var name="${keyTwo}">username</var>
<status status="PASS" start="2024-08-07T04:19:32.523441" elapsed="0.001605"/>
</iter>
<iter>
<kw name="Dictionary Should Contain Key" owner="Collections">
<arg>${json_data['results'][0]['login']}</arg>
<arg>${keyTwo}</arg>
<doc>Fails if ``key`` is not found from ``dictionary``.</doc>
<status status="PASS" start="2024-08-07T04:19:32.525324" elapsed="0.000385"/>
</kw>
<kw name="Dictionary Should Contain Key" owner="Collections">
<arg>${json_data['results'][0]['login']}</arg>
<arg>${keyTwo}</arg>
<doc>Fails if ``key`` is not found from ``dictionary``.</doc>
<status status="PASS" start="2024-08-07T04:19:32.525886" elapsed="0.000360"/>
</kw>
<kw name="Log" owner="BuiltIn">
<msg time="2024-08-07T04:19:32.526532" level="INFO">password</msg>
<arg>${keyTwo}</arg>
<doc>Logs the given message with the given level.</doc>
<status status="PASS" start="2024-08-07T04:19:32.526416" elapsed="0.000153"/>
</kw>
<var name="${keyTwo}">password</var>
<status status="PASS" start="2024-08-07T04:19:32.525219" elapsed="0.001575"/>
</iter>
<var>${keyTwo}</var>
<value>@{expected_keysTwo}</value>
<status status="PASS" start="2024-08-07T04:19:32.523284" elapsed="0.003631"/>
</for>
<status status="PASS" start="2024-08-07T04:19:32.391846" elapsed="0.135208"/>
</kw>
<doc>Testa a estrutura da resposta da API.</doc>
<tag>testeEstruturaResposta</tag>
<status status="PASS" start="2024-08-07T04:19:32.391245" elapsed="0.136004"/>
</test>
<test id="s1-s1-t4" name="Validar tipos de dados" line="28">
<kw name="Teste de Tipos de Dados" owner="random-user-service">
<kw name="GET On Session" owner="RequestsLibrary">
<msg time="2024-08-07T04:19:32.612772" level="INFO">GET Request : url=https://randomuser.me/api 
 path_url=/api 
 headers={'User-Agent': 'python-requests/2.32.3', 'Accept-Encoding': 'gzip, deflate', 'Accept': '*/*', 'Connection': 'keep-alive'} 
 body=None 
 </msg>
<msg time="2024-08-07T04:19:32.612871" level="INFO">GET Response : url=https://randomuser.me/api 
 status=200, reason=OK 
 headers={'Date': 'Wed, 07 Aug 2024 04:19:32 GMT', 'Content-Type': 'application/json; charset=utf-8', 'Transfer-Encoding': 'chunked', 'Connection': 'keep-alive', 'X-Powered-By': 'Express', 'Access-Control-Allow-Origin': '*', 'Cache-Control': 'no-cache', 'ETag': 'W/"488-rc0DPQx8QgVrofwgQRP4qQhObSo"', 'Vary': 'Accept-Encoding', 'Content-Encoding': 'gzip', 'CF-Cache-Status': 'DYNAMIC', 'Report-To': '{"endpoints":[{"url":"https:\\/\\/a.nel.cloudflare.com\\/report\\/v4?s=61gX3%2Fk7wyCpJYmNqLwj8411t8nVq1lxA39LtLiILfHNa57zJuMWXYKnbsnJJ%2BD%2BbkCt1drS227Jq245ch6ylTPHVp38YBIjd4HLRuKfkzUqiJMamN8yI6fU1gFisLy8"}],"group":"cf-nel","max_age":604800}', 'NEL': '{"success_fraction":0,"report_to":"cf-nel","max_age":604800}', 'Server': 'cloudflare', 'CF-RAY': '8af478105c20ceaf-SJC', 'alt-svc': 'h3=":443"; ma=86400'} 
 body={"results":[{"gender":"female","name":{"title":"Miss","first":"Izzie","last":"Lawson"},"location":{"street":{"number":4080,"name":"Mill Road"},"city":"Dundalk","state":"Cavan","country":"Ireland","postcode":90854,"coordinates":{"latitude":"-0.0400","longitude":"155.2346"},"timezone":{"offset":"+9:00","description":"Tokyo, Seoul, Osaka, Sapporo, Yakutsk"}},"email":"izzie.lawson@example.com","login":{"uuid":"780e6650-eac9-4525-8fd8-f4688f1261db","username":"lazyzebra358","password":"soul","salt":"NWKwkvd9","md5":"b40ed9d9a132c9e9ee415ac533e42ec9","sha1":"008974981c3e231aa587107bf8dbb62781cd2b37","sha256":"33965d804ee816092abbc6be962c74e6f98d94b0ed94d9dce26206d2925337a2"},"dob":{"date":"1968-11-17T20:45:52.037Z","age":55},"registered":{"date":"2012-05-20T07:20:27.857Z","age":12},"phone":"071-014-0870","cell":"081-095-8292","id":{"name":"PPS","value":"0211350T"},"picture":{"large":"https://randomuser.me/api/portraits/women/51.jpg","medium":"https://randomuser.me/api/portraits/med/women/51.jpg","thumbnail":"https://randomuser.me/api/portraits/thumb/women/51.jpg"},"nat":"IE"}],"info":{"seed":"9fb7ee9d49673a05","results":1,"page":1,"version":"1.4"}} 
 </msg>
<msg time="2024-08-07T04:19:32.612937" level="INFO">/opt/hostedtoolcache/Python/3.12.4/x64/lib/python3.12/site-packages/urllib3/connectionpool.py:1099: InsecureRequestWarning: Unverified HTTPS request is being made to host 'randomuser.me'. Adding certificate verification is strongly advised. See: https://urllib3.readthedocs.io/en/latest/advanced-usage.html#tls-warnings
  warnings.warn(</msg>
<msg time="2024-08-07T04:19:32.613038" level="INFO">${response} = &lt;Response [200]&gt;</msg>
<var>${response}</var>
<arg>consultarAPI</arg>
<arg>/api</arg>
<doc>Sends a GET request on a previously created HTTP Session.</doc>
<status status="PASS" start="2024-08-07T04:19:32.529690" elapsed="0.083384"/>
</kw>
<kw name="Set Variable" owner="BuiltIn">
<msg time="2024-08-07T04:19:32.614032" level="INFO">${json_data} = {'results': [{'gender': 'female', 'name': {'title': 'Miss', 'first': 'Izzie', 'last': 'Lawson'}, 'location': {'street': {'number': 4080, 'name': 'Mill Road'}, 'city': 'Dundalk', 'state': 'Cavan', 'cou...</msg>
<var>${json_data}</var>
<arg>${response.json()}</arg>
<doc>Returns the given values which can then be assigned to a variables.</doc>
<status status="PASS" start="2024-08-07T04:19:32.613539" elapsed="0.000521"/>
</kw>
<kw name="Log" owner="BuiltIn">
<msg time="2024-08-07T04:19:32.614511" level="INFO">{'results': [{'gender': 'female', 'name': {'title': 'Miss', 'first': 'Izzie', 'last': 'Lawson'}, 'location': {'street': {'number': 4080, 'name': 'Mill Road'}, 'city': 'Dundalk', 'state': 'Cavan', 'country': 'Ireland', 'postcode': 90854, 'coordinates': {'latitude': '-0.0400', 'longitude': '155.2346'}, 'timezone': {'offset': '+9:00', 'description': 'Tokyo, Seoul, Osaka, Sapporo, Yakutsk'}}, 'email': 'izzie.lawson@example.com', 'login': {'uuid': '780e6650-eac9-4525-8fd8-f4688f1261db', 'username': 'lazyzebra358', 'password': 'soul', 'salt': 'NWKwkvd9', 'md5': 'b40ed9d9a132c9e9ee415ac533e42ec9', 'sha1': '008974981c3e231aa587107bf8dbb62781cd2b37', 'sha256': '33965d804ee816092abbc6be962c74e6f98d94b0ed94d9dce26206d2925337a2'}, 'dob': {'date': '1968-11-17T20:45:52.037Z', 'age': 55}, 'registered': {'date': '2012-05-20T07:20:27.857Z', 'age': 12}, 'phone': '071-014-0870', 'cell': '081-095-8292', 'id': {'name': 'PPS', 'value': '0211350T'}, 'picture': {'large': 'https://randomuser.me/api/portraits/women/51.jpg', 'medium': 'https://randomuser.me/api/portraits/med/women/51.jpg', 'thumbnail': 'https://randomuser.me/api/portraits/thumb/women/51.jpg'}, 'nat': 'IE'}], 'info': {'seed': '9fb7ee9d49673a05', 'results': 1, 'page': 1, 'version': '1.4'}}</msg>
<arg>${json_data}</arg>
<doc>Logs the given message with the given level.</doc>
<status status="PASS" start="2024-08-07T04:19:32.614357" elapsed="0.000201"/>
</kw>
<kw name="Should Be String" owner="String">
<arg>${json_data['results'][0]['gender']}</arg>
<doc>Fails if the given ``item`` is not a string.</doc>
<status status="PASS" start="2024-08-07T04:19:32.614845" elapsed="0.000407"/>
</kw>
<kw name="Should Match Regexp" owner="BuiltIn">
<arg>${json_data['results'][0]['email']}</arg>
<arg>^[a-zA-Z0-9._%+-]+@[a-zA-Z0-9.-]+\.[a-zA-Z]{2,}$</arg>
<doc>Fails if ``string`` does not match ``pattern`` as a regular expression.</doc>
<status status="PASS" start="2024-08-07T04:19:32.615455" elapsed="0.000516"/>
</kw>
<kw name="Should Match Regexp" owner="BuiltIn">
<arg>${json_data['results'][0]['dob']['date']}</arg>
<arg>\\d{4}-\\d{2}-\\d{2}T\\d{2}:\\d{2}:\\d{2}\\.\\d{3}Z</arg>
<doc>Fails if ``string`` does not match ``pattern`` as a regular expression.</doc>
<status status="PASS" start="2024-08-07T04:19:32.616201" elapsed="0.000631"/>
</kw>
<kw name="Should Match Regexp" owner="BuiltIn">
<arg>${json_data['results'][0]['registered']['date']}</arg>
<arg>\\d{4}-\\d{2}-\\d{2}T\\d{2}:\\d{2}:\\d{2}\\.\\d{3}Z</arg>
<doc>Fails if ``string`` does not match ``pattern`` as a regular expression.</doc>
<status status="PASS" start="2024-08-07T04:19:32.617025" elapsed="0.000365"/>
</kw>
<kw name="Should Match Regexp" owner="BuiltIn">
<arg>${json_data['results'][0]['picture']['large']}</arg>
<arg>^https?://.*\.(?:png|jpe?g|gif|bmp)$</arg>
<doc>Fails if ``string`` does not match ``pattern`` as a regular expression.</doc>
<status status="PASS" start="2024-08-07T04:19:32.617576" elapsed="0.000462"/>
</kw>
<kw name="Should Match Regexp" owner="BuiltIn">
<arg>${json_data['results'][0]['picture']['medium']}</arg>
<arg>^https?://.*\.(?:png|jpe?g|gif|bmp)$</arg>
<doc>Fails if ``string`` does not match ``pattern`` as a regular expression.</doc>
<status status="PASS" start="2024-08-07T04:19:32.618228" elapsed="0.000354"/>
</kw>
<kw name="Should Match Regexp" owner="BuiltIn">
<arg>${json_data['results'][0]['picture']['thumbnail']}</arg>
<arg>^https?://.*\.(?:png|jpe?g|gif|bmp)$</arg>
<doc>Fails if ``string`` does not match ``pattern`` as a regular expression.</doc>
<status status="PASS" start="2024-08-07T04:19:32.618764" elapsed="0.000346"/>
</kw>
<kw name="Log" owner="BuiltIn">
<msg time="2024-08-07T04:19:32.619630" level="INFO">{'large': 'https://randomuser.me/api/portraits/women/51.jpg', 'medium': 'https://randomuser.me/api/portraits/med/women/51.jpg', 'thumbnail': 'https://randomuser.me/api/portraits/thumb/women/51.jpg'}</msg>
<arg>${json_data['results'][0]['picture']}</arg>
<doc>Logs the given message with the given level.</doc>
<status status="PASS" start="2024-08-07T04:19:32.619310" elapsed="0.000361"/>
</kw>
<status status="PASS" start="2024-08-07T04:19:32.529468" elapsed="0.090461"/>
</kw>
<kw name="Teste de Tipos de Dados - Postcode" owner="random-user-service">
<kw name="GET On Session" owner="RequestsLibrary">
<msg time="2024-08-07T04:19:32.716739" level="INFO">GET Request : url=https://randomuser.me/api 
 path_url=/api 
 headers={'User-Agent': 'python-requests/2.32.3', 'Accept-Encoding': 'gzip, deflate', 'Accept': '*/*', 'Connection': 'keep-alive'} 
 body=None 
 </msg>
<msg time="2024-08-07T04:19:32.716840" level="INFO">GET Response : url=https://randomuser.me/api 
 status=200, reason=OK 
 headers={'Date': 'Wed, 07 Aug 2024 04:19:32 GMT', 'Content-Type': 'application/json; charset=utf-8', 'Transfer-Encoding': 'chunked', 'Connection': 'keep-alive', 'X-Powered-By': 'Express', 'Access-Control-Allow-Origin': '*', 'Cache-Control': 'no-cache', 'ETag': 'W/"4ab-5hojZmgx1uZtTM2zJCrc0QsxS+s"', 'Vary': 'Accept-Encoding', 'Content-Encoding': 'gzip', 'CF-Cache-Status': 'DYNAMIC', 'Report-To': '{"endpoints":[{"url":"https:\\/\\/a.nel.cloudflare.com\\/report\\/v4?s=dq8IEG9eEnJnmOUsT8vsyW6AOKHv%2FTnmcEL%2BhwBPr9lQmIo6huulGRSzWnQl6yK1qqUel%2B4EQknhVVwGsUuIUrj14J7zSGvY7LgAaM3q%2BIwaWGNRxK0bJPk1TFtV%2FCOg"}],"group":"cf-nel","max_age":604800}', 'NEL': '{"success_fraction":0,"report_to":"cf-nel","max_age":604800}', 'Server': 'cloudflare', 'CF-RAY': '8af47810ec94ceaf-SJC', 'alt-svc': 'h3=":443"; ma=86400'} 
 body={"results":[{"gender":"female","name":{"title":"Mademoiselle","first":"Élise","last":"Deschamps"},"location":{"street":{"number":6700,"name":"Rue André-Gide"},"city":"Känerkinden","state":"Zürich","country":"Switzerland","postcode":1561,"coordinates":{"latitude":"-60.8644","longitude":"162.9485"},"timezone":{"offset":"-7:00","description":"Mountain Time (US &amp; Canada)"}},"email":"elise.deschamps@example.com","login":{"uuid":"43c3a66f-318e-479d-9e64-f291740a7233","username":"crazyzebra265","password":"hearts","salt":"hG5CMZK4","md5":"cddc7965e49cd21231772c0694e366a9","sha1":"b55c951cde84bd3b68f801975130c320db77c7db","sha256":"d339daa39184f44953739d5581a29d370ad1f25d209f6cc3da1ffe3a5cc381c7"},"dob":{"date":"1977-10-19T18:15:51.462Z","age":46},"registered":{"date":"2004-08-19T12:43:29.937Z","age":19},"phone":"078 411 25 35","cell":"078 027 19 12","id":{"name":"AVS","value":"756.2403.8679.90"},"picture":{"large":"https://randomuser.me/api/portraits/women/47.jpg","medium":"https://randomuser.me/api/portraits/med/women/47.jpg","thumbnail":"https://randomuser.me/api/portraits/thumb/women/47.jpg"},"nat":"CH"}],"info":{"seed":"7702071f4cf6aa8c","results":1,"page":1,"version":"1.4"}} 
 </msg>
<msg time="2024-08-07T04:19:32.716924" level="INFO">/opt/hostedtoolcache/Python/3.12.4/x64/lib/python3.12/site-packages/urllib3/connectionpool.py:1099: InsecureRequestWarning: Unverified HTTPS request is being made to host 'randomuser.me'. Adding certificate verification is strongly advised. See: https://urllib3.readthedocs.io/en/latest/advanced-usage.html#tls-warnings
  warnings.warn(</msg>
<msg time="2024-08-07T04:19:32.717045" level="INFO">${response} = &lt;Response [200]&gt;</msg>
<var>${response}</var>
<arg>consultarAPI</arg>
<arg>/api</arg>
<doc>Sends a GET request on a previously created HTTP Session.</doc>
<status status="PASS" start="2024-08-07T04:19:32.620379" elapsed="0.096708"/>
</kw>
<kw name="Set Variable" owner="BuiltIn">
<msg time="2024-08-07T04:19:32.718084" level="INFO">${json_data} = {'results': [{'gender': 'female', 'name': {'title': 'Mademoiselle', 'first': 'Élise', 'last': 'Deschamps'}, 'location': {'street': {'number': 6700, 'name': 'Rue André-Gide'}, 'city': 'Känerkinden', 's...</msg>
<var>${json_data}</var>
<arg>${response.json()}</arg>
<doc>Returns the given values which can then be assigned to a variables.</doc>
<status status="PASS" start="2024-08-07T04:19:32.717567" elapsed="0.000548"/>
</kw>
<kw name="Log" owner="BuiltIn">
<msg time="2024-08-07T04:19:32.718575" level="INFO">{'results': [{'gender': 'female', 'name': {'title': 'Mademoiselle', 'first': 'Élise', 'last': 'Deschamps'}, 'location': {'street': {'number': 6700, 'name': 'Rue André-Gide'}, 'city': 'Känerkinden', 'state': 'Zürich', 'country': 'Switzerland', 'postcode': 1561, 'coordinates': {'latitude': '-60.8644', 'longitude': '162.9485'}, 'timezone': {'offset': '-7:00', 'description': 'Mountain Time (US &amp; Canada)'}}, 'email': 'elise.deschamps@example.com', 'login': {'uuid': '43c3a66f-318e-479d-9e64-f291740a7233', 'username': 'crazyzebra265', 'password': 'hearts', 'salt': 'hG5CMZK4', 'md5': 'cddc7965e49cd21231772c0694e366a9', 'sha1': 'b55c951cde84bd3b68f801975130c320db77c7db', 'sha256': 'd339daa39184f44953739d5581a29d370ad1f25d209f6cc3da1ffe3a5cc381c7'}, 'dob': {'date': '1977-10-19T18:15:51.462Z', 'age': 46}, 'registered': {'date': '2004-08-19T12:43:29.937Z', 'age': 19}, 'phone': '078 411 25 35', 'cell': '078 027 19 12', 'id': {'name': 'AVS', 'value': '756.2403.8679.90'}, 'picture': {'large': 'https://randomuser.me/api/portraits/women/47.jpg', 'medium': 'https://randomuser.me/api/portraits/med/women/47.jpg', 'thumbnail': 'https://randomuser.me/api/portraits/thumb/women/47.jpg'}, 'nat': 'CH'}], 'info': {'seed': '7702071f4cf6aa8c', 'results': 1, 'page': 1, 'version': '1.4'}}</msg>
<arg>${json_data}</arg>
<doc>Logs the given message with the given level.</doc>
<status status="PASS" start="2024-08-07T04:19:32.718419" elapsed="0.000208"/>
</kw>
<kw name="Should Be Equal As Numbers" owner="BuiltIn">
<arg>${json_data['results'][0]['location']['postcode']}</arg>
<arg>${json_data['results'][0]['location']['postcode']}</arg>
<doc>Fails if objects are unequal after converting them to real numbers.</doc>
<status status="PASS" start="2024-08-07T04:19:32.718921" elapsed="0.000667"/>
</kw>
<kw name="Log" owner="BuiltIn">
<msg time="2024-08-07T04:19:32.720117" level="INFO">1561</msg>
<arg>${json_data['results'][0]['location']['postcode']}</arg>
<doc>Logs the given message with the given level.</doc>
<status status="PASS" start="2024-08-07T04:19:32.719777" elapsed="0.000380"/>
</kw>
<status status="PASS" start="2024-08-07T04:19:32.620153" elapsed="0.100288"/>
</kw>
<doc>Testa se os tipos de dados na resposta da API estão corretos.</doc>
<tag>testeTiposDados</tag>
<status status="PASS" start="2024-08-07T04:19:32.529036" elapsed="0.191579"/>
</test>
<test id="s1-s1-t5" name="Validar conteudo" line="35">
<kw name="Teste de Tipos de Conteudo" owner="random-user-service">
<kw name="GET On Session" owner="RequestsLibrary">
<msg time="2024-08-07T04:19:32.825088" level="INFO">GET Request : url=https://randomuser.me/api 
 path_url=/api 
 headers={'User-Agent': 'python-requests/2.32.3', 'Accept-Encoding': 'gzip, deflate', 'Accept': '*/*', 'Connection': 'keep-alive'} 
 body=None 
 </msg>
<msg time="2024-08-07T04:19:32.825182" level="INFO">GET Response : url=https://randomuser.me/api 
 status=200, reason=OK 
 headers={'Date': 'Wed, 07 Aug 2024 04:19:32 GMT', 'Content-Type': 'application/json; charset=utf-8', 'Transfer-Encoding': 'chunked', 'Connection': 'keep-alive', 'X-Powered-By': 'Express', 'Access-Control-Allow-Origin': '*', 'Cache-Control': 'no-cache', 'ETag': 'W/"4a4-61kkF8/dM+WniNVNPG0TLakmq6k"', 'Vary': 'Accept-Encoding', 'Content-Encoding': 'gzip', 'CF-Cache-Status': 'DYNAMIC', 'Report-To': '{"endpoints":[{"url":"https:\\/\\/a.nel.cloudflare.com\\/report\\/v4?s=Kfj32l7YxfkC7bwJupUkb29O00oNtBNd0w%2FtBon3UkMdJqJ4vF6oajlNIwLxZddGHA7jB7FSbfzR0raUCgPUssRPu6BpwNK9SZ2Xc5JvUirnBbb%2F1hQIPn7D8lFIN1CF"}],"group":"cf-nel","max_age":604800}', 'NEL': '{"success_fraction":0,"report_to":"cf-nel","max_age":604800}', 'Server': 'cloudflare', 'CF-RAY': '8af478118d21ceaf-SJC', 'alt-svc': 'h3=":443"; ma=86400'} 
 body={"results":[{"gender":"male","name":{"title":"Mr","first":"Louison","last":"Carpentier"},"location":{"street":{"number":4340,"name":"Rue Louis-Garrand"},"city":"Courbevoie","state":"Loir-et-Cher","country":"France","postcode":44964,"coordinates":{"latitude":"-14.9814","longitude":"-136.4395"},"timezone":{"offset":"-1:00","description":"Azores, Cape Verde Islands"}},"email":"louison.carpentier@example.com","login":{"uuid":"8266e486-f7cc-4b0e-b66d-04cbc35f87b5","username":"happysnake119","password":"goldstar","salt":"0BXWTa48","md5":"ae2466730e1ff1ba7469438873f38f33","sha1":"256830f5209e77cdd5e7c1b1e0bb82a143a9c542","sha256":"29debc1c72dda7cf50c40f330d5fb60a8ba93d04caf144a531045396fcbfb894"},"dob":{"date":"1960-05-20T19:06:43.243Z","age":64},"registered":{"date":"2018-07-23T05:48:28.682Z","age":6},"phone":"04-23-95-46-39","cell":"06-93-64-84-83","id":{"name":"INSEE","value":"1600476945287 44"},"picture":{"large":"https://randomuser.me/api/portraits/men/70.jpg","medium":"https://randomuser.me/api/portraits/med/men/70.jpg","thumbnail":"https://randomuser.me/api/portraits/thumb/men/70.jpg"},"nat":"FR"}],"info":{"seed":"a4d08e2d391b8fd7","results":1,"page":1,"version":"1.4"}} 
 </msg>
<msg time="2024-08-07T04:19:32.825253" level="INFO">/opt/hostedtoolcache/Python/3.12.4/x64/lib/python3.12/site-packages/urllib3/connectionpool.py:1099: InsecureRequestWarning: Unverified HTTPS request is being made to host 'randomuser.me'. Adding certificate verification is strongly advised. See: https://urllib3.readthedocs.io/en/latest/advanced-usage.html#tls-warnings
  warnings.warn(</msg>
<msg time="2024-08-07T04:19:32.825367" level="INFO">${response} = &lt;Response [200]&gt;</msg>
<var>${response}</var>
<arg>consultarAPI</arg>
<arg>/api</arg>
<doc>Sends a GET request on a previously created HTTP Session.</doc>
<status status="PASS" start="2024-08-07T04:19:32.723457" elapsed="0.101936"/>
</kw>
<kw name="Set Variable" owner="BuiltIn">
<msg time="2024-08-07T04:19:32.826456" level="INFO">${json_data} = {'results': [{'gender': 'male', 'name': {'title': 'Mr', 'first': 'Louison', 'last': 'Carpentier'}, 'location': {'street': {'number': 4340, 'name': 'Rue Louis-Garrand'}, 'city': 'Courbevoie', 'state': ...</msg>
<var>${json_data}</var>
<arg>${response.json()}</arg>
<doc>Returns the given values which can then be assigned to a variables.</doc>
<status status="PASS" start="2024-08-07T04:19:32.825935" elapsed="0.000549"/>
</kw>
<kw name="Set Variable" owner="BuiltIn">
<msg time="2024-08-07T04:19:32.827211" level="INFO">${name_title} = Mr</msg>
<var>${name_title}</var>
<arg>${json_data["results"][0]["name"]["title"]}</arg>
<doc>Returns the given values which can then be assigned to a variables.</doc>
<status status="PASS" start="2024-08-07T04:19:32.826785" elapsed="0.000453"/>
</kw>
<kw name="Create List" owner="BuiltIn">
<msg time="2024-08-07T04:19:32.827733" level="INFO">${allowed_titles} = ['Mr', 'Ms', 'Miss', 'Mrs', 'Madame', 'Monsieur']</msg>
<var>${allowed_titles}</var>
<arg>Mr</arg>
<arg>Ms</arg>
<arg>Miss</arg>
<arg>Mrs</arg>
<arg>Madame</arg>
<arg>Monsieur</arg>
<doc>Returns a list containing given items.</doc>
<status status="PASS" start="2024-08-07T04:19:32.827547" elapsed="0.000212"/>
</kw>
<kw name="List Should Contain Value" owner="Collections">
<arg>${allowed_titles}</arg>
<arg>${name_title}</arg>
<doc>Fails if the ``value`` is not found from ``list``.</doc>
<status status="PASS" start="2024-08-07T04:19:32.828083" elapsed="0.000180"/>
</kw>
<kw name="Set Variable" owner="BuiltIn">
<msg time="2024-08-07T04:19:32.828823" level="INFO">${name_country} = FR</msg>
<var>${name_country}</var>
<arg>${json_data["results"][0]["nat"]}</arg>
<doc>Returns the given values which can then be assigned to a variables.</doc>
<status status="PASS" start="2024-08-07T04:19:32.828448" elapsed="0.000400"/>
</kw>
<kw name="Create List" owner="BuiltIn">
<msg time="2024-08-07T04:19:32.829730" level="INFO">${list_country} = ['AD', 'AE', 'AF', 'AG', 'AI', 'AL', 'AM', 'AO', 'AQ', 'AR', 'AS', 'AT', 'AU', 'AW', 'AX', 'AZ', 'BA', 'BB', 'BD', 'BE', 'BF', 'BG', 'BH', 'BI', 'BJ', 'BL', 'BM', 'BN', 'BO', 'BQ', 'BR', 'BS', 'BT', '...</msg>
<var>${list_country}</var>
<arg>AD</arg>
<arg>AE</arg>
<arg>AF</arg>
<arg>AG</arg>
<arg>AI</arg>
<arg>AL</arg>
<arg>AM</arg>
<arg>AO</arg>
<arg>AQ</arg>
<arg>AR</arg>
<arg>AS</arg>
<arg>AT</arg>
<arg>AU</arg>
<arg>AW</arg>
<arg>AX</arg>
<arg>AZ</arg>
<arg>BA</arg>
<arg>BB</arg>
<arg>BD</arg>
<arg>BE</arg>
<arg>BF</arg>
<arg>BG</arg>
<arg>BH</arg>
<arg>BI</arg>
<arg>BJ</arg>
<arg>BL</arg>
<arg>BM</arg>
<arg>BN</arg>
<arg>BO</arg>
<arg>BQ</arg>
<arg>BR</arg>
<arg>BS</arg>
<arg>BT</arg>
<arg>BV</arg>
<arg>BW</arg>
<arg>BY</arg>
<arg>BZ</arg>
<arg>CA</arg>
<arg>CC</arg>
<arg>CD</arg>
<arg>CF</arg>
<arg>CG</arg>
<arg>CH</arg>
<arg>CI</arg>
<arg>CK</arg>
<arg>CL</arg>
<arg>CM</arg>
<arg>CN</arg>
<arg>CO</arg>
<arg>CR</arg>
<arg>CU</arg>
<arg>CV</arg>
<arg>CW</arg>
<arg>CX</arg>
<arg>CY</arg>
<arg>CZ</arg>
<arg>DE</arg>
<arg>DJ</arg>
<arg>DK</arg>
<arg>DM</arg>
<arg>DO</arg>
<arg>DZ</arg>
<arg>EC</arg>
<arg>EE</arg>
<arg>EG</arg>
<arg>EH</arg>
<arg>ER</arg>
<arg>ES</arg>
<arg>ET</arg>
<arg>FI</arg>
<arg>FJ</arg>
<arg>FK</arg>
<arg>FM</arg>
<arg>FO</arg>
<arg>FR</arg>
<arg>GA</arg>
<arg>GB</arg>
<arg>GD</arg>
<arg>GE</arg>
<arg>GF</arg>
<arg>GG</arg>
<arg>GH</arg>
<arg>GI</arg>
<arg>GL</arg>
<arg>GM</arg>
<arg>GN</arg>
<arg>GP</arg>
<arg>GQ</arg>
<arg>GR</arg>
<arg>GS</arg>
<arg>GT</arg>
<arg>GU</arg>
<arg>GW</arg>
<arg>GY</arg>
<arg>HK</arg>
<arg>HM</arg>
<arg>HN</arg>
<arg>HR</arg>
<arg>HT</arg>
<arg>HU</arg>
<arg>ID</arg>
<arg>IE</arg>
<arg>IL</arg>
<arg>IM</arg>
<arg>IN</arg>
<arg>IO</arg>
<arg>IQ</arg>
<arg>IR</arg>
<arg>IS</arg>
<arg>IT</arg>
<arg>JE</arg>
<arg>JM</arg>
<arg>JO</arg>
<arg>JP</arg>
<arg>KE</arg>
<arg>KG</arg>
<arg>KH</arg>
<arg>KI</arg>
<arg>KM</arg>
<arg>KN</arg>
<arg>KP</arg>
<arg>KR</arg>
<arg>KW</arg>
<arg>KY</arg>
<arg>KZ</arg>
<arg>LA</arg>
<arg>LB</arg>
<arg>LC</arg>
<arg>LI</arg>
<arg>LK</arg>
<arg>LR</arg>
<arg>LS</arg>
<arg>LT</arg>
<arg>LU</arg>
<arg>LV</arg>
<arg>LY</arg>
<arg>MA</arg>
<arg>MC</arg>
<arg>MD</arg>
<arg>ME</arg>
<arg>MF</arg>
<arg>MG</arg>
<arg>MH</arg>
<arg>MK</arg>
<arg>ML</arg>
<arg>MM</arg>
<arg>MN</arg>
<arg>MO</arg>
<arg>MP</arg>
<arg>MQ</arg>
<arg>MR</arg>
<arg>MS</arg>
<arg>MT</arg>
<arg>MU</arg>
<arg>MV</arg>
<arg>MW</arg>
<arg>MX</arg>
<arg>MY</arg>
<arg>MZ</arg>
<arg>NA</arg>
<arg>NC</arg>
<arg>NE</arg>
<arg>NF</arg>
<arg>NG</arg>
<arg>NI</arg>
<arg>NL</arg>
<arg>NO</arg>
<arg>NP</arg>
<arg>NR</arg>
<arg>NU</arg>
<arg>NZ</arg>
<arg>OM</arg>
<arg>PA</arg>
<arg>PE</arg>
<arg>PF</arg>
<arg>PG</arg>
<arg>PH</arg>
<arg>PK</arg>
<arg>PL</arg>
<arg>PM</arg>
<arg>PN</arg>
<arg>PR</arg>
<arg>PS</arg>
<arg>PT</arg>
<arg>PW</arg>
<arg>PY</arg>
<arg>QA</arg>
<arg>RE</arg>
<arg>RO</arg>
<arg>RS</arg>
<arg>RU</arg>
<arg>RW</arg>
<arg>SA</arg>
<arg>SB</arg>
<arg>SC</arg>
<arg>SD</arg>
<arg>SE</arg>
<arg>SG</arg>
<arg>SH</arg>
<arg>SI</arg>
<arg>SJ</arg>
<arg>SK</arg>
<arg>SL</arg>
<arg>SM</arg>
<arg>SN</arg>
<arg>SO</arg>
<arg>SR</arg>
<arg>SS</arg>
<arg>ST</arg>
<arg>SV</arg>
<arg>SX</arg>
<arg>SY</arg>
<arg>SZ</arg>
<arg>TC</arg>
<arg>TD</arg>
<arg>TF</arg>
<arg>TG</arg>
<arg>TH</arg>
<arg>TJ</arg>
<arg>TK</arg>
<arg>TL</arg>
<arg>TM</arg>
<arg>TN</arg>
<arg>TO</arg>
<arg>TR</arg>
<arg>TT</arg>
<arg>TV</arg>
<arg>TW</arg>
<arg>TZ</arg>
<arg>UA</arg>
<arg>UG</arg>
<arg>UM</arg>
<arg>US</arg>
<arg>UY</arg>
<arg>UZ</arg>
<arg>VA</arg>
<arg>VC</arg>
<arg>VE</arg>
<arg>VG</arg>
<arg>VI</arg>
<arg>VN</arg>
<arg>VU</arg>
<arg>WF</arg>
<arg>WS</arg>
<arg>XK</arg>
<arg>YE</arg>
<arg>YT</arg>
<arg>ZA</arg>
<arg>ZM</arg>
<arg>ZW</arg>
<doc>Returns a list containing given items.</doc>
<status status="PASS" start="2024-08-07T04:19:32.829136" elapsed="0.000620"/>
</kw>
<kw name="List Should Contain Value" owner="Collections">
<arg>${list_country}</arg>
<arg>${name_country}</arg>
<doc>Fails if the ``value`` is not found from ``list``.</doc>
<status status="PASS" start="2024-08-07T04:19:32.830765" elapsed="0.000208"/>
</kw>
<kw name="Run Keyword If" owner="BuiltIn">
<kw name="Should Be True" owner="BuiltIn">
<arg>${True}</arg>
<doc>Fails if the given condition is not true.</doc>
<status status="PASS" start="2024-08-07T04:19:32.832001" elapsed="0.000144"/>
</kw>
<arg>${json_data["results"][0]["location"]["coordinates"]["latitude"]} &gt;= -90 and ${json_data["results"][0]["location"]["coordinates"]["latitude"]} &lt;= 90</arg>
<arg>Should Be True</arg>
<arg>${True}</arg>
<doc>Runs the given keyword with the given arguments, if ``condition`` is true.</doc>
<status status="PASS" start="2024-08-07T04:19:32.831212" elapsed="0.001059"/>
</kw>
<kw name="Run Keyword If" owner="BuiltIn">
<kw name="Should Be True" owner="BuiltIn">
<arg>${True}</arg>
<doc>Fails if the given condition is not true.</doc>
<status status="PASS" start="2024-08-07T04:19:32.833127" elapsed="0.000135"/>
</kw>
<arg>${json_data["results"][0]["location"]["coordinates"]["longitude"]} &gt;= -180 and ${json_data["results"][0]["location"]["coordinates"]["longitude"]} &lt;= 180</arg>
<arg>Should Be True</arg>
<arg>${True}</arg>
<doc>Runs the given keyword with the given arguments, if ``condition`` is true.</doc>
<status status="PASS" start="2024-08-07T04:19:32.832449" elapsed="0.000935"/>
</kw>
<status status="PASS" start="2024-08-07T04:19:32.723058" elapsed="0.110455"/>
</kw>
<doc>Testa o conteúdo específico dos campos retornados pela API.</doc>
<tag>testeConteudo</tag>
<status status="PASS" start="2024-08-07T04:19:32.722370" elapsed="0.111295"/>
</test>
<status status="PASS" start="2024-08-07T04:19:31.922449" elapsed="0.913197"/>
</suite>
<status status="PASS" start="2024-08-07T04:19:31.907977" elapsed="0.932842"/>
</suite>
<statistics>
<total>
<stat pass="5" fail="0" skip="0">All Tests</stat>
</total>
<tag>
<stat pass="1" fail="0" skip="0">testeConteudo</stat>
<stat pass="1" fail="0" skip="0">testeEstruturaResposta</stat>
<stat pass="1" fail="0" skip="0">testeRequisicaoBasica</stat>
<stat pass="1" fail="0" skip="0">testeTiposDados</stat>
</tag>
<suite>
<stat pass="5" fail="0" skip="0" id="s1" name="Tests">Tests</stat>
<stat pass="5" fail="0" skip="0" id="s1-s1" name="Random-User-Test">Tests.Random-User-Test</stat>
</suite>
</statistics>
<errors>
</errors>
</robot>
