<?xml version="1.0" encoding="UTF-8"?>
<robot generator="Robot 7.0.1 (Python 3.12.3 on linux)" generated="2024-06-18T20:16:33.714483" rpa="false" schemaversion="5">
<suite id="s1" name="Tests" source="/home/runner/work/ApiRandomUser/ApiRandomUser/RamdonUser/tests">
<suite id="s1-s1" name="Random-User-Test" source="/home/runner/work/ApiRandomUser/ApiRandomUser/RamdonUser/tests/random-user-test.robot">
<test id="s1-s1-t1" name="Conectar" line="13">
<kw name="Conectar API" owner="random-user-service">
<kw name="Create Session" owner="RequestsLibrary">
<msg time="2024-06-18T20:16:34.140558" level="INFO">Creating Session using : alias=consultarAPI, url=https://randomuser.me/, headers={},                     cookies={}, auth=None, timeout=None, proxies=None, verify=False,                     debug=0 </msg>
<arg>consultarAPI</arg>
<arg>${URL}</arg>
<doc>Create Session: create a HTTP session to a server</doc>
<status status="PASS" start="2024-06-18T20:16:34.140352" elapsed="0.000409"/>
</kw>
<status status="PASS" start="2024-06-18T20:16:34.139231" elapsed="0.001897"/>
</kw>
<status status="PASS" start="2024-06-18T20:16:34.138593" elapsed="0.002733"/>
</test>
<test id="s1-s1-t2" name="Validar retorno 200 e JSON Válido" line="16">
<kw name="Teste de Requisicao Basica" owner="random-user-service">
<kw name="GET On Session" owner="RequestsLibrary">
<msg time="2024-06-18T20:16:34.266175" level="INFO">GET Request : url=https://randomuser.me/api 
 path_url=/api 
 headers={'User-Agent': 'python-requests/2.32.3', 'Accept-Encoding': 'gzip, deflate', 'Accept': '*/*', 'Connection': 'keep-alive'} 
 body=None 
 </msg>
<msg time="2024-06-18T20:16:34.266332" level="INFO">GET Response : url=https://randomuser.me/api 
 status=200, reason=OK 
 headers={'Date': 'Tue, 18 Jun 2024 20:16:34 GMT', 'Content-Type': 'application/json; charset=utf-8', 'Transfer-Encoding': 'chunked', 'Connection': 'keep-alive', 'X-Powered-By': 'Express', 'Access-Control-Allow-Origin': '*', 'Cache-Control': 'no-cache', 'ETag': 'W/"496-35iFPCjXCdfg3yAUf/gqc/w+UwU"', 'Vary': 'Accept-Encoding', 'Content-Encoding': 'gzip', 'CF-Cache-Status': 'DYNAMIC', 'Report-To': '{"endpoints":[{"url":"https:\\/\\/a.nel.cloudflare.com\\/report\\/v4?s=hJPRXdYczHHEspGkPnq07NHSmdNJ1tyIhL4ZdTiaX2kYkNsf4AXIiXNMB%2BTGt8%2FWvi4VlOWUseerjN5crmmqo04rGM6Hd2uuwfxrxLjGFkkGO1almCSIok3WJbqipd1C"}],"group":"cf-nel","max_age":604800}', 'NEL': '{"success_fraction":0,"report_to":"cf-nel","max_age":604800}', 'Server': 'cloudflare', 'CF-RAY': '895df5359a7c1142-ORD', 'alt-svc': 'h3=":443"; ma=86400'} 
 body={"results":[{"gender":"male","name":{"title":"Mr","first":"Jaime","last":"Bravo"},"location":{"street":{"number":288,"name":"Paseo de Extremadura"},"city":"Gijón","state":"La Rioja","country":"Spain","postcode":25934,"coordinates":{"latitude":"-34.1316","longitude":"-150.1490"},"timezone":{"offset":"0:00","description":"Western Europe Time, London, Lisbon, Casablanca"}},"email":"jaime.bravo@example.com","login":{"uuid":"8070e5c2-d1a1-4399-b6a6-c5b923192990","username":"purplegorilla787","password":"gonzo1","salt":"YfNeoKM0","md5":"4973aebbc91f8d37bea4e9eb060b6c38","sha1":"f4a973e98e20f60f4527ac62654f296075b0ffd6","sha256":"1d0cc51fef35de1d935e36aebc28b59f6aea4c5d790c800e7454ab51fe7689cb"},"dob":{"date":"1962-11-22T16:58:30.216Z","age":61},"registered":{"date":"2017-02-21T06:19:46.175Z","age":7},"phone":"912-161-560","cell":"689-734-102","id":{"name":"DNI","value":"69806901-O"},"picture":{"large":"https://randomuser.me/api/portraits/men/61.jpg","medium":"https://randomuser.me/api/portraits/med/men/61.jpg","thumbnail":"https://randomuser.me/api/portraits/thumb/men/61.jpg"},"nat":"ES"}],"info":{"seed":"511baffc9727b4b1","results":1,"page":1,"version":"1.4"}} 
 </msg>
<msg time="2024-06-18T20:16:34.266418" level="INFO">/opt/hostedtoolcache/Python/3.12.3/x64/lib/python3.12/site-packages/urllib3/connectionpool.py:1099: InsecureRequestWarning: Unverified HTTPS request is being made to host 'randomuser.me'. Adding certificate verification is strongly advised. See: https://urllib3.readthedocs.io/en/latest/advanced-usage.html#tls-warnings
  warnings.warn(</msg>
<msg time="2024-06-18T20:16:34.266583" level="INFO">${response} = &lt;Response [200]&gt;</msg>
<var>${response}</var>
<arg>consultarAPI</arg>
<arg>/api</arg>
<doc>Sends a GET request on a previously created HTTP Session.</doc>
<status status="PASS" start="2024-06-18T20:16:34.144021" elapsed="0.122605"/>
</kw>
<kw name="Should Be Equal As Numbers" owner="BuiltIn">
<msg time="2024-06-18T20:16:34.267809" level="INFO">Argument types are:
&lt;class 'int'&gt;
&lt;class 'str'&gt;</msg>
<arg>${response.status_code}</arg>
<arg>200</arg>
<doc>Fails if objects are unequal after converting them to real numbers.</doc>
<status status="PASS" start="2024-06-18T20:16:34.267263" elapsed="0.000615"/>
</kw>
<kw name="Log" owner="BuiltIn">
<msg time="2024-06-18T20:16:34.268610" level="INFO">200</msg>
<arg>${response.status_code}</arg>
<doc>Logs the given message with the given level.</doc>
<status status="PASS" start="2024-06-18T20:16:34.268251" elapsed="0.000403"/>
</kw>
<kw name="Set Variable" owner="BuiltIn">
<msg time="2024-06-18T20:16:34.269414" level="INFO">${json_data} = {'results': [{'gender': 'male', 'name': {'title': 'Mr', 'first': 'Jaime', 'last': 'Bravo'}, 'location': {'street': {'number': 288, 'name': 'Paseo de Extremadura'}, 'city': 'Gijón', 'state': 'La Rioja'...</msg>
<var>${json_data}</var>
<arg>${response.json()}</arg>
<doc>Returns the given values which can then be assigned to a variables.</doc>
<status status="PASS" start="2024-06-18T20:16:34.268969" elapsed="0.000476"/>
</kw>
<kw name="Dictionary Should Contain Key" owner="Collections">
<arg>${json_data}</arg>
<arg>results</arg>
<doc>Fails if ``key`` is not found from ``dictionary``.</doc>
<status status="PASS" start="2024-06-18T20:16:34.269761" elapsed="0.000179"/>
</kw>
<status status="PASS" start="2024-06-18T20:16:34.143777" elapsed="0.126327"/>
</kw>
<doc>Testa se a API responde corretamente e retorna um objeto JSON válido.</doc>
<tag>testeRequisicaoBasica</tag>
<status status="PASS" start="2024-06-18T20:16:34.143224" elapsed="0.127067"/>
</test>
<test id="s1-s1-t3" name="Validar estrutura de resposta" line="22">
<kw name="Teste de Estrutura de Resposta" owner="random-user-service">
<kw name="GET On Session" owner="RequestsLibrary">
<msg time="2024-06-18T20:16:34.340064" level="INFO">GET Request : url=https://randomuser.me/api 
 path_url=/api 
 headers={'User-Agent': 'python-requests/2.32.3', 'Accept-Encoding': 'gzip, deflate', 'Accept': '*/*', 'Connection': 'keep-alive'} 
 body=None 
 </msg>
<msg time="2024-06-18T20:16:34.340180" level="INFO">GET Response : url=https://randomuser.me/api 
 status=200, reason=OK 
 headers={'Date': 'Tue, 18 Jun 2024 20:16:34 GMT', 'Content-Type': 'application/json; charset=utf-8', 'Transfer-Encoding': 'chunked', 'Connection': 'keep-alive', 'X-Powered-By': 'Express', 'Access-Control-Allow-Origin': '*', 'Cache-Control': 'no-cache', 'ETag': 'W/"48e-hRCQmRZ9UaTEHWqy/e11ICcofmw"', 'Vary': 'Accept-Encoding', 'Content-Encoding': 'gzip', 'CF-Cache-Status': 'DYNAMIC', 'Report-To': '{"endpoints":[{"url":"https:\\/\\/a.nel.cloudflare.com\\/report\\/v4?s=yCH%2BL0xH55fQcRRxXNcPEPGPRzUSiytwjUXIHe5KEmnIbk6OPqx85vy56unNP0LWfbIDmBaQNSdu%2Bx1u094lc93xcdXiWVD3OsmWLdRypNZfb1DOFVEG%2Bg5k59cbNOT%2F"}],"group":"cf-nel","max_age":604800}', 'NEL': '{"success_fraction":0,"report_to":"cf-nel","max_age":604800}', 'Server': 'cloudflare', 'CF-RAY': '895df5363b851142-ORD', 'alt-svc': 'h3=":443"; ma=86400'} 
 body={"results":[{"gender":"male","name":{"title":"Mr","first":"Felix","last":"Rodriguez"},"location":{"street":{"number":3247,"name":"W Belt Line Rd"},"city":"Darwin","state":"Australian Capital Territory","country":"Australia","postcode":4072,"coordinates":{"latitude":"-88.0146","longitude":"-173.8943"},"timezone":{"offset":"-2:00","description":"Mid-Atlantic"}},"email":"felix.rodriguez@example.com","login":{"uuid":"5c55d504-6464-4450-8a14-2d29bbda12d9","username":"bigelephant223","password":"padres","salt":"zqxrrvaa","md5":"65143e6534eda92bf6867a5a02db7c4d","sha1":"f2bcea6161a02ab0ec8acd20e0919c7b15b35be5","sha256":"6aca5d17cdecb445b7060e1840d69850e897e09d13af420442dc8ab972eb5fb2"},"dob":{"date":"1994-02-26T20:49:01.549Z","age":30},"registered":{"date":"2005-12-10T03:52:27.296Z","age":18},"phone":"07-7861-1854","cell":"0491-437-054","id":{"name":"TFN","value":"439975084"},"picture":{"large":"https://randomuser.me/api/portraits/men/57.jpg","medium":"https://randomuser.me/api/portraits/med/men/57.jpg","thumbnail":"https://randomuser.me/api/portraits/thumb/men/57.jpg"},"nat":"AU"}],"info":{"seed":"b5c55e5031dadda6","results":1,"page":1,"version":"1.4"}} 
 </msg>
<msg time="2024-06-18T20:16:34.340348" level="INFO">/opt/hostedtoolcache/Python/3.12.3/x64/lib/python3.12/site-packages/urllib3/connectionpool.py:1099: InsecureRequestWarning: Unverified HTTPS request is being made to host 'randomuser.me'. Adding certificate verification is strongly advised. See: https://urllib3.readthedocs.io/en/latest/advanced-usage.html#tls-warnings
  warnings.warn(</msg>
<msg time="2024-06-18T20:16:34.340504" level="INFO">${response} = &lt;Response [200]&gt;</msg>
<var>${response}</var>
<arg>consultarAPI</arg>
<arg>/api</arg>
<doc>Sends a GET request on a previously created HTTP Session.</doc>
<status status="PASS" start="2024-06-18T20:16:34.273266" elapsed="0.067290"/>
</kw>
<kw name="Set Variable" owner="BuiltIn">
<msg time="2024-06-18T20:16:34.341894" level="INFO">${json_data} = {'results': [{'gender': 'male', 'name': {'title': 'Mr', 'first': 'Felix', 'last': 'Rodriguez'}, 'location': {'street': {'number': 3247, 'name': 'W Belt Line Rd'}, 'city': 'Darwin', 'state': 'Australia...</msg>
<var>${json_data}</var>
<arg>${response.json()}</arg>
<doc>Returns the given values which can then be assigned to a variables.</doc>
<status status="PASS" start="2024-06-18T20:16:34.341258" elapsed="0.000667"/>
</kw>
<kw name="Log" owner="BuiltIn">
<msg time="2024-06-18T20:16:34.342440" level="INFO">{'results': [{'gender': 'male', 'name': {'title': 'Mr', 'first': 'Felix', 'last': 'Rodriguez'}, 'location': {'street': {'number': 3247, 'name': 'W Belt Line Rd'}, 'city': 'Darwin', 'state': 'Australian Capital Territory', 'country': 'Australia', 'postcode': 4072, 'coordinates': {'latitude': '-88.0146', 'longitude': '-173.8943'}, 'timezone': {'offset': '-2:00', 'description': 'Mid-Atlantic'}}, 'email': 'felix.rodriguez@example.com', 'login': {'uuid': '5c55d504-6464-4450-8a14-2d29bbda12d9', 'username': 'bigelephant223', 'password': 'padres', 'salt': 'zqxrrvaa', 'md5': '65143e6534eda92bf6867a5a02db7c4d', 'sha1': 'f2bcea6161a02ab0ec8acd20e0919c7b15b35be5', 'sha256': '6aca5d17cdecb445b7060e1840d69850e897e09d13af420442dc8ab972eb5fb2'}, 'dob': {'date': '1994-02-26T20:49:01.549Z', 'age': 30}, 'registered': {'date': '2005-12-10T03:52:27.296Z', 'age': 18}, 'phone': '07-7861-1854', 'cell': '0491-437-054', 'id': {'name': 'TFN', 'value': '439975084'}, 'picture': {'large': 'https://randomuser.me/api/portraits/men/57.jpg', 'medium': 'https://randomuser.me/api/portraits/med/men/57.jpg', 'thumbnail': 'https://randomuser.me/api/portraits/thumb/men/57.jpg'}, 'nat': 'AU'}], 'info': {'seed': 'b5c55e5031dadda6', 'results': 1, 'page': 1, 'version': '1.4'}}</msg>
<arg>${json_data}</arg>
<doc>Logs the given message with the given level.</doc>
<status status="PASS" start="2024-06-18T20:16:34.342272" elapsed="0.000219"/>
</kw>
<kw name="Dictionary Should Contain Key" owner="Collections">
<arg>${json_data}</arg>
<arg>results</arg>
<doc>Fails if ``key`` is not found from ``dictionary``.</doc>
<status status="PASS" start="2024-06-18T20:16:34.342787" elapsed="0.000162"/>
</kw>
<kw name="Should Not Be Empty" owner="BuiltIn">
<msg time="2024-06-18T20:16:34.343261" level="INFO">Length is 2.</msg>
<arg>${json_data}</arg>
<doc>Verifies that the given item is not empty.</doc>
<status status="PASS" start="2024-06-18T20:16:34.343135" elapsed="0.000164"/>
</kw>
<kw name="Create List" owner="BuiltIn">
<msg time="2024-06-18T20:16:34.343811" level="INFO">${expected_keys} = ['gender', 'name', 'location', 'email', 'login']</msg>
<var>${expected_keys}</var>
<arg>gender</arg>
<arg>name</arg>
<arg>location</arg>
<arg>email</arg>
<arg>login</arg>
<doc>Returns a list containing given items.</doc>
<status status="PASS" start="2024-06-18T20:16:34.343659" elapsed="0.000176"/>
</kw>
<for flavor="IN">
<iter>
<kw name="Dictionary Should Contain Key" owner="Collections">
<arg>${json_data['results'][0]}</arg>
<arg>${key}</arg>
<doc>Fails if ``key`` is not found from ``dictionary``.</doc>
<status status="PASS" start="2024-06-18T20:16:34.344433" elapsed="0.000425"/>
</kw>
<kw name="Log" owner="BuiltIn">
<msg time="2024-06-18T20:16:34.345421" level="INFO">{'gender': 'male', 'name': {'title': 'Mr', 'first': 'Felix', 'last': 'Rodriguez'}, 'location': {'street': {'number': 3247, 'name': 'W Belt Line Rd'}, 'city': 'Darwin', 'state': 'Australian Capital Territory', 'country': 'Australia', 'postcode': 4072, 'coordinates': {'latitude': '-88.0146', 'longitude': '-173.8943'}, 'timezone': {'offset': '-2:00', 'description': 'Mid-Atlantic'}}, 'email': 'felix.rodriguez@example.com', 'login': {'uuid': '5c55d504-6464-4450-8a14-2d29bbda12d9', 'username': 'bigelephant223', 'password': 'padres', 'salt': 'zqxrrvaa', 'md5': '65143e6534eda92bf6867a5a02db7c4d', 'sha1': 'f2bcea6161a02ab0ec8acd20e0919c7b15b35be5', 'sha256': '6aca5d17cdecb445b7060e1840d69850e897e09d13af420442dc8ab972eb5fb2'}, 'dob': {'date': '1994-02-26T20:49:01.549Z', 'age': 30}, 'registered': {'date': '2005-12-10T03:52:27.296Z', 'age': 18}, 'phone': '07-7861-1854', 'cell': '0491-437-054', 'id': {'name': 'TFN', 'value': '439975084'}, 'picture': {'large': 'https://randomuser.me/api/portraits/men/57.jpg', 'medium': 'https://randomuser.me/api/portraits/med/men/57.jpg', 'thumbnail': 'https://randomuser.me/api/portraits/thumb/men/57.jpg'}, 'nat': 'AU'}</msg>
<arg>${json_data['results'][0]}</arg>
<doc>Logs the given message with the given level.</doc>
<status status="PASS" start="2024-06-18T20:16:34.345057" elapsed="0.000414"/>
</kw>
<kw name="Log" owner="BuiltIn">
<msg time="2024-06-18T20:16:34.345908" level="INFO">gender</msg>
<arg>${key}</arg>
<doc>Logs the given message with the given level.</doc>
<status status="PASS" start="2024-06-18T20:16:34.345776" elapsed="0.000172"/>
</kw>
<var name="${key}">gender</var>
<status status="PASS" start="2024-06-18T20:16:34.344304" elapsed="0.001869"/>
</iter>
<iter>
<kw name="Dictionary Should Contain Key" owner="Collections">
<arg>${json_data['results'][0]}</arg>
<arg>${key}</arg>
<doc>Fails if ``key`` is not found from ``dictionary``.</doc>
<status status="PASS" start="2024-06-18T20:16:34.346492" elapsed="0.000403"/>
</kw>
<kw name="Log" owner="BuiltIn">
<msg time="2024-06-18T20:16:34.347498" level="INFO">{'gender': 'male', 'name': {'title': 'Mr', 'first': 'Felix', 'last': 'Rodriguez'}, 'location': {'street': {'number': 3247, 'name': 'W Belt Line Rd'}, 'city': 'Darwin', 'state': 'Australian Capital Territory', 'country': 'Australia', 'postcode': 4072, 'coordinates': {'latitude': '-88.0146', 'longitude': '-173.8943'}, 'timezone': {'offset': '-2:00', 'description': 'Mid-Atlantic'}}, 'email': 'felix.rodriguez@example.com', 'login': {'uuid': '5c55d504-6464-4450-8a14-2d29bbda12d9', 'username': 'bigelephant223', 'password': 'padres', 'salt': 'zqxrrvaa', 'md5': '65143e6534eda92bf6867a5a02db7c4d', 'sha1': 'f2bcea6161a02ab0ec8acd20e0919c7b15b35be5', 'sha256': '6aca5d17cdecb445b7060e1840d69850e897e09d13af420442dc8ab972eb5fb2'}, 'dob': {'date': '1994-02-26T20:49:01.549Z', 'age': 30}, 'registered': {'date': '2005-12-10T03:52:27.296Z', 'age': 18}, 'phone': '07-7861-1854', 'cell': '0491-437-054', 'id': {'name': 'TFN', 'value': '439975084'}, 'picture': {'large': 'https://randomuser.me/api/portraits/men/57.jpg', 'medium': 'https://randomuser.me/api/portraits/med/men/57.jpg', 'thumbnail': 'https://randomuser.me/api/portraits/thumb/men/57.jpg'}, 'nat': 'AU'}</msg>
<arg>${json_data['results'][0]}</arg>
<doc>Logs the given message with the given level.</doc>
<status status="PASS" start="2024-06-18T20:16:34.347084" elapsed="0.000506"/>
</kw>
<kw name="Log" owner="BuiltIn">
<msg time="2024-06-18T20:16:34.348045" level="INFO">name</msg>
<arg>${key}</arg>
<doc>Logs the given message with the given level.</doc>
<status status="PASS" start="2024-06-18T20:16:34.347905" elapsed="0.000179"/>
</kw>
<var name="${key}">name</var>
<status status="PASS" start="2024-06-18T20:16:34.346369" elapsed="0.001956"/>
</iter>
<iter>
<kw name="Dictionary Should Contain Key" owner="Collections">
<arg>${json_data['results'][0]}</arg>
<arg>${key}</arg>
<doc>Fails if ``key`` is not found from ``dictionary``.</doc>
<status status="PASS" start="2024-06-18T20:16:34.348629" elapsed="0.000405"/>
</kw>
<kw name="Log" owner="BuiltIn">
<msg time="2024-06-18T20:16:34.349648" level="INFO">{'gender': 'male', 'name': {'title': 'Mr', 'first': 'Felix', 'last': 'Rodriguez'}, 'location': {'street': {'number': 3247, 'name': 'W Belt Line Rd'}, 'city': 'Darwin', 'state': 'Australian Capital Territory', 'country': 'Australia', 'postcode': 4072, 'coordinates': {'latitude': '-88.0146', 'longitude': '-173.8943'}, 'timezone': {'offset': '-2:00', 'description': 'Mid-Atlantic'}}, 'email': 'felix.rodriguez@example.com', 'login': {'uuid': '5c55d504-6464-4450-8a14-2d29bbda12d9', 'username': 'bigelephant223', 'password': 'padres', 'salt': 'zqxrrvaa', 'md5': '65143e6534eda92bf6867a5a02db7c4d', 'sha1': 'f2bcea6161a02ab0ec8acd20e0919c7b15b35be5', 'sha256': '6aca5d17cdecb445b7060e1840d69850e897e09d13af420442dc8ab972eb5fb2'}, 'dob': {'date': '1994-02-26T20:49:01.549Z', 'age': 30}, 'registered': {'date': '2005-12-10T03:52:27.296Z', 'age': 18}, 'phone': '07-7861-1854', 'cell': '0491-437-054', 'id': {'name': 'TFN', 'value': '439975084'}, 'picture': {'large': 'https://randomuser.me/api/portraits/men/57.jpg', 'medium': 'https://randomuser.me/api/portraits/med/men/57.jpg', 'thumbnail': 'https://randomuser.me/api/portraits/thumb/men/57.jpg'}, 'nat': 'AU'}</msg>
<arg>${json_data['results'][0]}</arg>
<doc>Logs the given message with the given level.</doc>
<status status="PASS" start="2024-06-18T20:16:34.349251" elapsed="0.000455"/>
</kw>
<kw name="Log" owner="BuiltIn">
<msg time="2024-06-18T20:16:34.350220" level="INFO">location</msg>
<arg>${key}</arg>
<doc>Logs the given message with the given level.</doc>
<status status="PASS" start="2024-06-18T20:16:34.350073" elapsed="0.000185"/>
</kw>
<var name="${key}">location</var>
<status status="PASS" start="2024-06-18T20:16:34.348514" elapsed="0.001978"/>
</iter>
<iter>
<kw name="Dictionary Should Contain Key" owner="Collections">
<arg>${json_data['results'][0]}</arg>
<arg>${key}</arg>
<doc>Fails if ``key`` is not found from ``dictionary``.</doc>
<status status="PASS" start="2024-06-18T20:16:34.350808" elapsed="0.000437"/>
</kw>
<kw name="Log" owner="BuiltIn">
<msg time="2024-06-18T20:16:34.351903" level="INFO">{'gender': 'male', 'name': {'title': 'Mr', 'first': 'Felix', 'last': 'Rodriguez'}, 'location': {'street': {'number': 3247, 'name': 'W Belt Line Rd'}, 'city': 'Darwin', 'state': 'Australian Capital Territory', 'country': 'Australia', 'postcode': 4072, 'coordinates': {'latitude': '-88.0146', 'longitude': '-173.8943'}, 'timezone': {'offset': '-2:00', 'description': 'Mid-Atlantic'}}, 'email': 'felix.rodriguez@example.com', 'login': {'uuid': '5c55d504-6464-4450-8a14-2d29bbda12d9', 'username': 'bigelephant223', 'password': 'padres', 'salt': 'zqxrrvaa', 'md5': '65143e6534eda92bf6867a5a02db7c4d', 'sha1': 'f2bcea6161a02ab0ec8acd20e0919c7b15b35be5', 'sha256': '6aca5d17cdecb445b7060e1840d69850e897e09d13af420442dc8ab972eb5fb2'}, 'dob': {'date': '1994-02-26T20:49:01.549Z', 'age': 30}, 'registered': {'date': '2005-12-10T03:52:27.296Z', 'age': 18}, 'phone': '07-7861-1854', 'cell': '0491-437-054', 'id': {'name': 'TFN', 'value': '439975084'}, 'picture': {'large': 'https://randomuser.me/api/portraits/men/57.jpg', 'medium': 'https://randomuser.me/api/portraits/med/men/57.jpg', 'thumbnail': 'https://randomuser.me/api/portraits/thumb/men/57.jpg'}, 'nat': 'AU'}</msg>
<arg>${json_data['results'][0]}</arg>
<doc>Logs the given message with the given level.</doc>
<status status="PASS" start="2024-06-18T20:16:34.351514" elapsed="0.000440"/>
</kw>
<kw name="Log" owner="BuiltIn">
<msg time="2024-06-18T20:16:34.352450" level="INFO">email</msg>
<arg>${key}</arg>
<doc>Logs the given message with the given level.</doc>
<status status="PASS" start="2024-06-18T20:16:34.352312" elapsed="0.000182"/>
</kw>
<var name="${key}">email</var>
<status status="PASS" start="2024-06-18T20:16:34.350690" elapsed="0.002032"/>
</iter>
<iter>
<kw name="Dictionary Should Contain Key" owner="Collections">
<arg>${json_data['results'][0]}</arg>
<arg>${key}</arg>
<doc>Fails if ``key`` is not found from ``dictionary``.</doc>
<status status="PASS" start="2024-06-18T20:16:34.353030" elapsed="0.000393"/>
</kw>
<kw name="Log" owner="BuiltIn">
<msg time="2024-06-18T20:16:34.353976" level="INFO">{'gender': 'male', 'name': {'title': 'Mr', 'first': 'Felix', 'last': 'Rodriguez'}, 'location': {'street': {'number': 3247, 'name': 'W Belt Line Rd'}, 'city': 'Darwin', 'state': 'Australian Capital Territory', 'country': 'Australia', 'postcode': 4072, 'coordinates': {'latitude': '-88.0146', 'longitude': '-173.8943'}, 'timezone': {'offset': '-2:00', 'description': 'Mid-Atlantic'}}, 'email': 'felix.rodriguez@example.com', 'login': {'uuid': '5c55d504-6464-4450-8a14-2d29bbda12d9', 'username': 'bigelephant223', 'password': 'padres', 'salt': 'zqxrrvaa', 'md5': '65143e6534eda92bf6867a5a02db7c4d', 'sha1': 'f2bcea6161a02ab0ec8acd20e0919c7b15b35be5', 'sha256': '6aca5d17cdecb445b7060e1840d69850e897e09d13af420442dc8ab972eb5fb2'}, 'dob': {'date': '1994-02-26T20:49:01.549Z', 'age': 30}, 'registered': {'date': '2005-12-10T03:52:27.296Z', 'age': 18}, 'phone': '07-7861-1854', 'cell': '0491-437-054', 'id': {'name': 'TFN', 'value': '439975084'}, 'picture': {'large': 'https://randomuser.me/api/portraits/men/57.jpg', 'medium': 'https://randomuser.me/api/portraits/med/men/57.jpg', 'thumbnail': 'https://randomuser.me/api/portraits/thumb/men/57.jpg'}, 'nat': 'AU'}</msg>
<arg>${json_data['results'][0]}</arg>
<doc>Logs the given message with the given level.</doc>
<status status="PASS" start="2024-06-18T20:16:34.353607" elapsed="0.000418"/>
</kw>
<kw name="Log" owner="BuiltIn">
<msg time="2024-06-18T20:16:34.354623" level="INFO">login</msg>
<arg>${key}</arg>
<doc>Logs the given message with the given level.</doc>
<status status="PASS" start="2024-06-18T20:16:34.354327" elapsed="0.000335"/>
</kw>
<var name="${key}">login</var>
<status status="PASS" start="2024-06-18T20:16:34.352918" elapsed="0.001972"/>
</iter>
<var>${key}</var>
<value>@{expected_keys}</value>
<status status="PASS" start="2024-06-18T20:16:34.344102" elapsed="0.010914"/>
</for>
<kw name="Create List" owner="BuiltIn">
<msg time="2024-06-18T20:16:34.355406" level="INFO">${expected_keysTwo} = ['username', 'password']</msg>
<var>${expected_keysTwo}</var>
<arg>username</arg>
<arg>password</arg>
<doc>Returns a list containing given items.</doc>
<status status="PASS" start="2024-06-18T20:16:34.355224" elapsed="0.000247"/>
</kw>
<for flavor="IN">
<iter>
<kw name="Dictionary Should Contain Key" owner="Collections">
<arg>${json_data['results'][0]['login']}</arg>
<arg>${keyTwo}</arg>
<doc>Fails if ``key`` is not found from ``dictionary``.</doc>
<status status="PASS" start="2024-06-18T20:16:34.356012" elapsed="0.000395"/>
</kw>
<kw name="Dictionary Should Contain Key" owner="Collections">
<arg>${json_data['results'][0]['login']}</arg>
<arg>${keyTwo}</arg>
<doc>Fails if ``key`` is not found from ``dictionary``.</doc>
<status status="PASS" start="2024-06-18T20:16:34.356593" elapsed="0.000387"/>
</kw>
<kw name="Log" owner="BuiltIn">
<msg time="2024-06-18T20:16:34.357290" level="INFO">username</msg>
<arg>${keyTwo}</arg>
<doc>Logs the given message with the given level.</doc>
<status status="PASS" start="2024-06-18T20:16:34.357164" elapsed="0.000164"/>
</kw>
<var name="${keyTwo}">username</var>
<status status="PASS" start="2024-06-18T20:16:34.355902" elapsed="0.001651"/>
</iter>
<iter>
<kw name="Dictionary Should Contain Key" owner="Collections">
<arg>${json_data['results'][0]['login']}</arg>
<arg>${keyTwo}</arg>
<doc>Fails if ``key`` is not found from ``dictionary``.</doc>
<status status="PASS" start="2024-06-18T20:16:34.357841" elapsed="0.000381"/>
</kw>
<kw name="Dictionary Should Contain Key" owner="Collections">
<arg>${json_data['results'][0]['login']}</arg>
<arg>${keyTwo}</arg>
<doc>Fails if ``key`` is not found from ``dictionary``.</doc>
<status status="PASS" start="2024-06-18T20:16:34.358403" elapsed="0.000372"/>
</kw>
<kw name="Log" owner="BuiltIn">
<msg time="2024-06-18T20:16:34.359080" level="INFO">password</msg>
<arg>${keyTwo}</arg>
<doc>Logs the given message with the given level.</doc>
<status status="PASS" start="2024-06-18T20:16:34.358955" elapsed="0.000162"/>
</kw>
<var name="${keyTwo}">password</var>
<status status="PASS" start="2024-06-18T20:16:34.357733" elapsed="0.001611"/>
</iter>
<var>${keyTwo}</var>
<value>@{expected_keysTwo}</value>
<status status="PASS" start="2024-06-18T20:16:34.355731" elapsed="0.003792"/>
</for>
<status status="PASS" start="2024-06-18T20:16:34.273021" elapsed="0.086655"/>
</kw>
<doc>Testa a estrutura da resposta da API.</doc>
<tag>testeEstruturaResposta</tag>
<status status="PASS" start="2024-06-18T20:16:34.272210" elapsed="0.087633"/>
</test>
<test id="s1-s1-t4" name="Validar tipos de dados" line="28">
<kw name="Teste de Tipos de Dados" owner="random-user-service">
<kw name="GET On Session" owner="RequestsLibrary">
<msg time="2024-06-18T20:16:34.430824" level="INFO">GET Request : url=https://randomuser.me/api 
 path_url=/api 
 headers={'User-Agent': 'python-requests/2.32.3', 'Accept-Encoding': 'gzip, deflate', 'Accept': '*/*', 'Connection': 'keep-alive'} 
 body=None 
 </msg>
<msg time="2024-06-18T20:16:34.430937" level="INFO">GET Response : url=https://randomuser.me/api 
 status=200, reason=OK 
 headers={'Date': 'Tue, 18 Jun 2024 20:16:34 GMT', 'Content-Type': 'application/json; charset=utf-8', 'Transfer-Encoding': 'chunked', 'Connection': 'keep-alive', 'X-Powered-By': 'Express', 'Access-Control-Allow-Origin': '*', 'Cache-Control': 'no-cache', 'ETag': 'W/"499-YnIZyM7o3o/AOxuKd8zIy8YRGLI"', 'Vary': 'Accept-Encoding', 'Content-Encoding': 'gzip', 'CF-Cache-Status': 'DYNAMIC', 'Report-To': '{"endpoints":[{"url":"https:\\/\\/a.nel.cloudflare.com\\/report\\/v4?s=ooyHNehbdf%2F854F9ppemkelums23FwTafacaRvgqYEsmWISxRzqDdg%2B1dNu7yrGwXCURKvzy8DuS8wHblXkov2i6jWbA8QpuMj8t7H0GlqMkcQ9lF2r3JDWe6VjcrFtB"}],"group":"cf-nel","max_age":604800}', 'NEL': '{"success_fraction":0,"report_to":"cf-nel","max_age":604800}', 'Server': 'cloudflare', 'CF-RAY': '895df536cc321142-ORD', 'alt-svc': 'h3=":443"; ma=86400'} 
 body={"results":[{"gender":"male","name":{"title":"Mr","first":"Frederikke","last":"Johansen"},"location":{"street":{"number":6826,"name":"Elmelunden"},"city":"Beder","state":"Hovedstaden","country":"Denmark","postcode":76986,"coordinates":{"latitude":"-44.8923","longitude":"-63.3059"},"timezone":{"offset":"+11:00","description":"Magadan, Solomon Islands, New Caledonia"}},"email":"frederikke.johansen@example.com","login":{"uuid":"54fa223b-ce7a-4dcf-b291-118772f9ab95","username":"organicbutterfly176","password":"bigbig","salt":"W5CO2W8o","md5":"90e29b46c0a9b17777ee453b37ed2d76","sha1":"e6cf7385f4b6d80172a2ae5162bda013848f8b7b","sha256":"870dfc08d4b0bc8ab08a2afa7c8adfc273143c51e2e8d8cfd480cd72ac17876e"},"dob":{"date":"1948-06-21T09:18:34.642Z","age":75},"registered":{"date":"2012-10-04T16:43:08.900Z","age":11},"phone":"41966753","cell":"71138863","id":{"name":"CPR","value":"210648-4873"},"picture":{"large":"https://randomuser.me/api/portraits/men/44.jpg","medium":"https://randomuser.me/api/portraits/med/men/44.jpg","thumbnail":"https://randomuser.me/api/portraits/thumb/men/44.jpg"},"nat":"DK"}],"info":{"seed":"2ea1401a8d371133","results":1,"page":1,"version":"1.4"}} 
 </msg>
<msg time="2024-06-18T20:16:34.431022" level="INFO">/opt/hostedtoolcache/Python/3.12.3/x64/lib/python3.12/site-packages/urllib3/connectionpool.py:1099: InsecureRequestWarning: Unverified HTTPS request is being made to host 'randomuser.me'. Adding certificate verification is strongly advised. See: https://urllib3.readthedocs.io/en/latest/advanced-usage.html#tls-warnings
  warnings.warn(</msg>
<msg time="2024-06-18T20:16:34.431161" level="INFO">${response} = &lt;Response [200]&gt;</msg>
<var>${response}</var>
<arg>consultarAPI</arg>
<arg>/api</arg>
<doc>Sends a GET request on a previously created HTTP Session.</doc>
<status status="PASS" start="2024-06-18T20:16:34.362448" elapsed="0.068761"/>
</kw>
<kw name="Set Variable" owner="BuiltIn">
<msg time="2024-06-18T20:16:34.432538" level="INFO">${json_data} = {'results': [{'gender': 'male', 'name': {'title': 'Mr', 'first': 'Frederikke', 'last': 'Johansen'}, 'location': {'street': {'number': 6826, 'name': 'Elmelunden'}, 'city': 'Beder', 'state': 'Hovedstade...</msg>
<var>${json_data}</var>
<arg>${response.json()}</arg>
<doc>Returns the given values which can then be assigned to a variables.</doc>
<status status="PASS" start="2024-06-18T20:16:34.431916" elapsed="0.000651"/>
</kw>
<kw name="Log" owner="BuiltIn">
<msg time="2024-06-18T20:16:34.433038" level="INFO">{'results': [{'gender': 'male', 'name': {'title': 'Mr', 'first': 'Frederikke', 'last': 'Johansen'}, 'location': {'street': {'number': 6826, 'name': 'Elmelunden'}, 'city': 'Beder', 'state': 'Hovedstaden', 'country': 'Denmark', 'postcode': 76986, 'coordinates': {'latitude': '-44.8923', 'longitude': '-63.3059'}, 'timezone': {'offset': '+11:00', 'description': 'Magadan, Solomon Islands, New Caledonia'}}, 'email': 'frederikke.johansen@example.com', 'login': {'uuid': '54fa223b-ce7a-4dcf-b291-118772f9ab95', 'username': 'organicbutterfly176', 'password': 'bigbig', 'salt': 'W5CO2W8o', 'md5': '90e29b46c0a9b17777ee453b37ed2d76', 'sha1': 'e6cf7385f4b6d80172a2ae5162bda013848f8b7b', 'sha256': '870dfc08d4b0bc8ab08a2afa7c8adfc273143c51e2e8d8cfd480cd72ac17876e'}, 'dob': {'date': '1948-06-21T09:18:34.642Z', 'age': 75}, 'registered': {'date': '2012-10-04T16:43:08.900Z', 'age': 11}, 'phone': '41966753', 'cell': '71138863', 'id': {'name': 'CPR', 'value': '210648-4873'}, 'picture': {'large': 'https://randomuser.me/api/portraits/men/44.jpg', 'medium': 'https://randomuser.me/api/portraits/med/men/44.jpg', 'thumbnail': 'https://randomuser.me/api/portraits/thumb/men/44.jpg'}, 'nat': 'DK'}], 'info': {'seed': '2ea1401a8d371133', 'results': 1, 'page': 1, 'version': '1.4'}}</msg>
<arg>${json_data}</arg>
<doc>Logs the given message with the given level.</doc>
<status status="PASS" start="2024-06-18T20:16:34.432880" elapsed="0.000206"/>
</kw>
<kw name="Should Be String" owner="String">
<arg>${json_data['results'][0]['gender']}</arg>
<doc>Fails if the given ``item`` is not a string.</doc>
<status status="PASS" start="2024-06-18T20:16:34.433377" elapsed="0.000372"/>
</kw>
<kw name="Should Match Regexp" owner="BuiltIn">
<arg>${json_data['results'][0]['email']}</arg>
<arg>^[a-zA-Z0-9._%+-]+@[a-zA-Z0-9.-]+\.[a-zA-Z]{2,}$</arg>
<doc>Fails if ``string`` does not match ``pattern`` as a regular expression.</doc>
<status status="PASS" start="2024-06-18T20:16:34.433939" elapsed="0.000570"/>
</kw>
<kw name="Should Match Regexp" owner="BuiltIn">
<arg>${json_data['results'][0]['dob']['date']}</arg>
<arg>\\d{4}-\\d{2}-\\d{2}T\\d{2}:\\d{2}:\\d{2}\\.\\d{3}Z</arg>
<doc>Fails if ``string`` does not match ``pattern`` as a regular expression.</doc>
<status status="PASS" start="2024-06-18T20:16:34.434704" elapsed="0.000483"/>
</kw>
<kw name="Should Match Regexp" owner="BuiltIn">
<arg>${json_data['results'][0]['registered']['date']}</arg>
<arg>\\d{4}-\\d{2}-\\d{2}T\\d{2}:\\d{2}:\\d{2}\\.\\d{3}Z</arg>
<doc>Fails if ``string`` does not match ``pattern`` as a regular expression.</doc>
<status status="PASS" start="2024-06-18T20:16:34.435410" elapsed="0.000373"/>
</kw>
<kw name="Should Match Regexp" owner="BuiltIn">
<arg>${json_data['results'][0]['picture']['large']}</arg>
<arg>^https?://.*\.(?:png|jpe?g|gif|bmp)$</arg>
<doc>Fails if ``string`` does not match ``pattern`` as a regular expression.</doc>
<status status="PASS" start="2024-06-18T20:16:34.435966" elapsed="0.000464"/>
</kw>
<kw name="Should Match Regexp" owner="BuiltIn">
<arg>${json_data['results'][0]['picture']['medium']}</arg>
<arg>^https?://.*\.(?:png|jpe?g|gif|bmp)$</arg>
<doc>Fails if ``string`` does not match ``pattern`` as a regular expression.</doc>
<status status="PASS" start="2024-06-18T20:16:34.436616" elapsed="0.000364"/>
</kw>
<kw name="Should Match Regexp" owner="BuiltIn">
<arg>${json_data['results'][0]['picture']['thumbnail']}</arg>
<arg>^https?://.*\.(?:png|jpe?g|gif|bmp)$</arg>
<doc>Fails if ``string`` does not match ``pattern`` as a regular expression.</doc>
<status status="PASS" start="2024-06-18T20:16:34.437162" elapsed="0.000342"/>
</kw>
<kw name="Log" owner="BuiltIn">
<msg time="2024-06-18T20:16:34.438006" level="INFO">{'large': 'https://randomuser.me/api/portraits/men/44.jpg', 'medium': 'https://randomuser.me/api/portraits/med/men/44.jpg', 'thumbnail': 'https://randomuser.me/api/portraits/thumb/men/44.jpg'}</msg>
<arg>${json_data['results'][0]['picture']}</arg>
<doc>Logs the given message with the given level.</doc>
<status status="PASS" start="2024-06-18T20:16:34.437681" elapsed="0.000367"/>
</kw>
<status status="PASS" start="2024-06-18T20:16:34.362205" elapsed="0.076102"/>
</kw>
<kw name="Teste de Tipos de Dados - Postcode" owner="random-user-service">
<kw name="GET On Session" owner="RequestsLibrary">
<msg time="2024-06-18T20:16:34.546981" level="INFO">GET Request : url=https://randomuser.me/api 
 path_url=/api 
 headers={'User-Agent': 'python-requests/2.32.3', 'Accept-Encoding': 'gzip, deflate', 'Accept': '*/*', 'Connection': 'keep-alive'} 
 body=None 
 </msg>
<msg time="2024-06-18T20:16:34.547094" level="INFO">GET Response : url=https://randomuser.me/api 
 status=200, reason=OK 
 headers={'Date': 'Tue, 18 Jun 2024 20:16:34 GMT', 'Content-Type': 'application/json; charset=utf-8', 'Transfer-Encoding': 'chunked', 'Connection': 'keep-alive', 'X-Powered-By': 'Express', 'Access-Control-Allow-Origin': '*', 'Cache-Control': 'no-cache', 'ETag': 'W/"481-KWmN85gTsQCHEuLnd5ISsbTg+8I"', 'Vary': 'Accept-Encoding', 'Content-Encoding': 'gzip', 'CF-Cache-Status': 'DYNAMIC', 'Report-To': '{"endpoints":[{"url":"https:\\/\\/a.nel.cloudflare.com\\/report\\/v4?s=PC439%2BGbuKgXsTyV0mtkTiA93uAEA54j%2BPKaGN3yhrf9DYN3zQqCDODCQGv6eAi12ZrZqC2e70rvvSf8HHvQdSGqddV93tAL9TdJG704fx%2F8IZeBaaXZF8pRq1tEAp5V"}],"group":"cf-nel","max_age":604800}', 'NEL': '{"success_fraction":0,"report_to":"cf-nel","max_age":604800}', 'Server': 'cloudflare', 'CF-RAY': '895df5373cc21142-ORD', 'alt-svc': 'h3=":443"; ma=86400'} 
 body={"results":[{"gender":"male","name":{"title":"Mr","first":"Mathys","last":"Dumas"},"location":{"street":{"number":752,"name":"Avenue du Château"},"city":"Saint-Denis","state":"Eure","country":"France","postcode":46423,"coordinates":{"latitude":"-20.6745","longitude":"-120.1562"},"timezone":{"offset":"+5:45","description":"Kathmandu"}},"email":"mathys.dumas@example.com","login":{"uuid":"a3b11d46-d986-4b1f-a6f9-7bd47428f4c5","username":"yellowmouse512","password":"handball","salt":"1KFAUe7Q","md5":"cd4bf79583b5f818429b30f533f9186b","sha1":"2338c83d159b89d92318b3de2564f02e2173f6e6","sha256":"fa6692d4d172e145223b647b22263cef7b806b18fa34a17d2ff158af7cb4e2bc"},"dob":{"date":"1984-04-12T00:57:10.098Z","age":40},"registered":{"date":"2018-12-03T19:01:16.919Z","age":5},"phone":"03-21-59-28-31","cell":"06-33-81-48-91","id":{"name":"INSEE","value":"1840331419217 09"},"picture":{"large":"https://randomuser.me/api/portraits/men/25.jpg","medium":"https://randomuser.me/api/portraits/med/men/25.jpg","thumbnail":"https://randomuser.me/api/portraits/thumb/men/25.jpg"},"nat":"FR"}],"info":{"seed":"cabad438edfafe54","results":1,"page":1,"version":"1.4"}} 
 </msg>
<msg time="2024-06-18T20:16:34.547200" level="INFO">/opt/hostedtoolcache/Python/3.12.3/x64/lib/python3.12/site-packages/urllib3/connectionpool.py:1099: InsecureRequestWarning: Unverified HTTPS request is being made to host 'randomuser.me'. Adding certificate verification is strongly advised. See: https://urllib3.readthedocs.io/en/latest/advanced-usage.html#tls-warnings
  warnings.warn(</msg>
<msg time="2024-06-18T20:16:34.547334" level="INFO">${response} = &lt;Response [200]&gt;</msg>
<var>${response}</var>
<arg>consultarAPI</arg>
<arg>/api</arg>
<doc>Sends a GET request on a previously created HTTP Session.</doc>
<status status="PASS" start="2024-06-18T20:16:34.438781" elapsed="0.108615"/>
</kw>
<kw name="Set Variable" owner="BuiltIn">
<msg time="2024-06-18T20:16:34.548695" level="INFO">${json_data} = {'results': [{'gender': 'male', 'name': {'title': 'Mr', 'first': 'Mathys', 'last': 'Dumas'}, 'location': {'street': {'number': 752, 'name': 'Avenue du Château'}, 'city': 'Saint-Denis', 'state': 'Eure'...</msg>
<var>${json_data}</var>
<arg>${response.json()}</arg>
<doc>Returns the given values which can then be assigned to a variables.</doc>
<status status="PASS" start="2024-06-18T20:16:34.548064" elapsed="0.000661"/>
</kw>
<kw name="Log" owner="BuiltIn">
<msg time="2024-06-18T20:16:34.549201" level="INFO">{'results': [{'gender': 'male', 'name': {'title': 'Mr', 'first': 'Mathys', 'last': 'Dumas'}, 'location': {'street': {'number': 752, 'name': 'Avenue du Château'}, 'city': 'Saint-Denis', 'state': 'Eure', 'country': 'France', 'postcode': 46423, 'coordinates': {'latitude': '-20.6745', 'longitude': '-120.1562'}, 'timezone': {'offset': '+5:45', 'description': 'Kathmandu'}}, 'email': 'mathys.dumas@example.com', 'login': {'uuid': 'a3b11d46-d986-4b1f-a6f9-7bd47428f4c5', 'username': 'yellowmouse512', 'password': 'handball', 'salt': '1KFAUe7Q', 'md5': 'cd4bf79583b5f818429b30f533f9186b', 'sha1': '2338c83d159b89d92318b3de2564f02e2173f6e6', 'sha256': 'fa6692d4d172e145223b647b22263cef7b806b18fa34a17d2ff158af7cb4e2bc'}, 'dob': {'date': '1984-04-12T00:57:10.098Z', 'age': 40}, 'registered': {'date': '2018-12-03T19:01:16.919Z', 'age': 5}, 'phone': '03-21-59-28-31', 'cell': '06-33-81-48-91', 'id': {'name': 'INSEE', 'value': '1840331419217 09'}, 'picture': {'large': 'https://randomuser.me/api/portraits/men/25.jpg', 'medium': 'https://randomuser.me/api/portraits/med/men/25.jpg', 'thumbnail': 'https://randomuser.me/api/portraits/thumb/men/25.jpg'}, 'nat': 'FR'}], 'info': {'seed': 'cabad438edfafe54', 'results': 1, 'page': 1, 'version': '1.4'}}</msg>
<arg>${json_data}</arg>
<doc>Logs the given message with the given level.</doc>
<status status="PASS" start="2024-06-18T20:16:34.549039" elapsed="0.000213"/>
</kw>
<kw name="Should Be Equal As Numbers" owner="BuiltIn">
<arg>${json_data['results'][0]['location']['postcode']}</arg>
<arg>${json_data['results'][0]['location']['postcode']}</arg>
<doc>Fails if objects are unequal after converting them to real numbers.</doc>
<status status="PASS" start="2024-06-18T20:16:34.549549" elapsed="0.000620"/>
</kw>
<kw name="Log" owner="BuiltIn">
<msg time="2024-06-18T20:16:34.550691" level="INFO">46423</msg>
<arg>${json_data['results'][0]['location']['postcode']}</arg>
<doc>Logs the given message with the given level.</doc>
<status status="PASS" start="2024-06-18T20:16:34.550360" elapsed="0.000370"/>
</kw>
<status status="PASS" start="2024-06-18T20:16:34.438540" elapsed="0.112473"/>
</kw>
<doc>Testa se os tipos de dados na resposta da API estão corretos.</doc>
<tag>testeTiposDados</tag>
<status status="PASS" start="2024-06-18T20:16:34.361633" elapsed="0.189550"/>
</test>
<test id="s1-s1-t5" name="Validar conteudo" line="35">
<kw name="Teste de Tipos de Conteudo" owner="random-user-service">
<kw name="GET On Session" owner="RequestsLibrary">
<msg time="2024-06-18T20:16:34.633483" level="INFO">GET Request : url=https://randomuser.me/api 
 path_url=/api 
 headers={'User-Agent': 'python-requests/2.32.3', 'Accept-Encoding': 'gzip, deflate', 'Accept': '*/*', 'Connection': 'keep-alive'} 
 body=None 
 </msg>
<msg time="2024-06-18T20:16:34.633583" level="INFO">GET Response : url=https://randomuser.me/api 
 status=200, reason=OK 
 headers={'Date': 'Tue, 18 Jun 2024 20:16:34 GMT', 'Content-Type': 'application/json; charset=utf-8', 'Transfer-Encoding': 'chunked', 'Connection': 'keep-alive', 'X-Powered-By': 'Express', 'Access-Control-Allow-Origin': '*', 'Cache-Control': 'no-cache', 'ETag': 'W/"4a7-a9mCTpk5I2sI/GJNGlyw76hAEz8"', 'Vary': 'Accept-Encoding', 'Content-Encoding': 'gzip', 'CF-Cache-Status': 'DYNAMIC', 'Report-To': '{"endpoints":[{"url":"https:\\/\\/a.nel.cloudflare.com\\/report\\/v4?s=%2Bwxdt86ISHGU11aN17H2Y9N%2F3dyvJwJ1LvHgE2xnVmXOIKJt67i0KZS%2FQq5cu4l8YB7pbKLtFNJIkw1ET9RLnudOLG2G6nP96Z%2Fku7pPOJL4HF%2FPFFm0yGEN7jm3UYTK"}],"group":"cf-nel","max_age":604800}', 'NEL': '{"success_fraction":0,"report_to":"cf-nel","max_age":604800}', 'Server': 'cloudflare', 'CF-RAY': '895df537fdce1142-ORD', 'alt-svc': 'h3=":443"; ma=86400'} 
 body={"results":[{"gender":"male","name":{"title":"Mr","first":"Sylvester","last":"Schardt"},"location":{"street":{"number":7440,"name":"Römerstraße"},"city":"Gebesee","state":"Baden-Württemberg","country":"Germany","postcode":22983,"coordinates":{"latitude":"-51.3027","longitude":"-158.4188"},"timezone":{"offset":"+9:00","description":"Tokyo, Seoul, Osaka, Sapporo, Yakutsk"}},"email":"sylvester.schardt@example.com","login":{"uuid":"ecebd402-76f0-49d2-a791-aba26185dde4","username":"organicbird693","password":"indiana","salt":"Ex7dIYix","md5":"93e76922c1b3575f1f16c09a746d9f59","sha1":"a2b33b2ba1e5a18aeb1a7efe9273c2866c95191d","sha256":"1d84a0feec06d93ad92fd09647f65f241d201bde41cdade1d755a983e9d1cff8"},"dob":{"date":"1986-11-08T23:55:52.554Z","age":37},"registered":{"date":"2015-12-25T01:24:30.865Z","age":8},"phone":"0405-3889330","cell":"0177-3412710","id":{"name":"SVNR","value":"12 081186 S 302"},"picture":{"large":"https://randomuser.me/api/portraits/men/13.jpg","medium":"https://randomuser.me/api/portraits/med/men/13.jpg","thumbnail":"https://randomuser.me/api/portraits/thumb/men/13.jpg"},"nat":"DE"}],"info":{"seed":"c7c039325fb9bb76","results":1,"page":1,"version":"1.4"}} 
 </msg>
<msg time="2024-06-18T20:16:34.633657" level="INFO">/opt/hostedtoolcache/Python/3.12.3/x64/lib/python3.12/site-packages/urllib3/connectionpool.py:1099: InsecureRequestWarning: Unverified HTTPS request is being made to host 'randomuser.me'. Adding certificate verification is strongly advised. See: https://urllib3.readthedocs.io/en/latest/advanced-usage.html#tls-warnings
  warnings.warn(</msg>
<msg time="2024-06-18T20:16:34.633777" level="INFO">${response} = &lt;Response [200]&gt;</msg>
<var>${response}</var>
<arg>consultarAPI</arg>
<arg>/api</arg>
<doc>Sends a GET request on a previously created HTTP Session.</doc>
<status status="PASS" start="2024-06-18T20:16:34.553775" elapsed="0.080041"/>
</kw>
<kw name="Set Variable" owner="BuiltIn">
<msg time="2024-06-18T20:16:34.635091" level="INFO">${json_data} = {'results': [{'gender': 'male', 'name': {'title': 'Mr', 'first': 'Sylvester', 'last': 'Schardt'}, 'location': {'street': {'number': 7440, 'name': 'Römerstraße'}, 'city': 'Gebesee', 'state': 'Baden-Wür...</msg>
<var>${json_data}</var>
<arg>${response.json()}</arg>
<doc>Returns the given values which can then be assigned to a variables.</doc>
<status status="PASS" start="2024-06-18T20:16:34.634476" elapsed="0.000644"/>
</kw>
<kw name="Set Variable" owner="BuiltIn">
<msg time="2024-06-18T20:16:34.635869" level="INFO">${name_title} = Mr</msg>
<var>${name_title}</var>
<arg>${json_data["results"][0]["name"]["title"]}</arg>
<doc>Returns the given values which can then be assigned to a variables.</doc>
<status status="PASS" start="2024-06-18T20:16:34.635475" elapsed="0.000420"/>
</kw>
<kw name="Create List" owner="BuiltIn">
<msg time="2024-06-18T20:16:34.636344" level="INFO">${allowed_titles} = ['Mr', 'Ms', 'Miss', 'Mrs', 'Madame', 'Monsieur']</msg>
<var>${allowed_titles}</var>
<arg>Mr</arg>
<arg>Ms</arg>
<arg>Miss</arg>
<arg>Mrs</arg>
<arg>Madame</arg>
<arg>Monsieur</arg>
<doc>Returns a list containing given items.</doc>
<status status="PASS" start="2024-06-18T20:16:34.636195" elapsed="0.000173"/>
</kw>
<kw name="List Should Contain Value" owner="Collections">
<arg>${allowed_titles}</arg>
<arg>${name_title}</arg>
<doc>Fails if the ``value`` is not found from ``list``.</doc>
<status status="PASS" start="2024-06-18T20:16:34.636669" elapsed="0.000177"/>
</kw>
<kw name="Set Variable" owner="BuiltIn">
<msg time="2024-06-18T20:16:34.637399" level="INFO">${name_country} = DE</msg>
<var>${name_country}</var>
<arg>${json_data["results"][0]["nat"]}</arg>
<doc>Returns the given values which can then be assigned to a variables.</doc>
<status status="PASS" start="2024-06-18T20:16:34.637030" elapsed="0.000394"/>
</kw>
<kw name="Create List" owner="BuiltIn">
<msg time="2024-06-18T20:16:34.638303" level="INFO">${list_country} = ['AD', 'AE', 'AF', 'AG', 'AI', 'AL', 'AM', 'AO', 'AQ', 'AR', 'AS', 'AT', 'AU', 'AW', 'AX', 'AZ', 'BA', 'BB', 'BD', 'BE', 'BF', 'BG', 'BH', 'BI', 'BJ', 'BL', 'BM', 'BN', 'BO', 'BQ', 'BR', 'BS', 'BT', '...</msg>
<var>${list_country}</var>
<arg>AD</arg>
<arg>AE</arg>
<arg>AF</arg>
<arg>AG</arg>
<arg>AI</arg>
<arg>AL</arg>
<arg>AM</arg>
<arg>AO</arg>
<arg>AQ</arg>
<arg>AR</arg>
<arg>AS</arg>
<arg>AT</arg>
<arg>AU</arg>
<arg>AW</arg>
<arg>AX</arg>
<arg>AZ</arg>
<arg>BA</arg>
<arg>BB</arg>
<arg>BD</arg>
<arg>BE</arg>
<arg>BF</arg>
<arg>BG</arg>
<arg>BH</arg>
<arg>BI</arg>
<arg>BJ</arg>
<arg>BL</arg>
<arg>BM</arg>
<arg>BN</arg>
<arg>BO</arg>
<arg>BQ</arg>
<arg>BR</arg>
<arg>BS</arg>
<arg>BT</arg>
<arg>BV</arg>
<arg>BW</arg>
<arg>BY</arg>
<arg>BZ</arg>
<arg>CA</arg>
<arg>CC</arg>
<arg>CD</arg>
<arg>CF</arg>
<arg>CG</arg>
<arg>CH</arg>
<arg>CI</arg>
<arg>CK</arg>
<arg>CL</arg>
<arg>CM</arg>
<arg>CN</arg>
<arg>CO</arg>
<arg>CR</arg>
<arg>CU</arg>
<arg>CV</arg>
<arg>CW</arg>
<arg>CX</arg>
<arg>CY</arg>
<arg>CZ</arg>
<arg>DE</arg>
<arg>DJ</arg>
<arg>DK</arg>
<arg>DM</arg>
<arg>DO</arg>
<arg>DZ</arg>
<arg>EC</arg>
<arg>EE</arg>
<arg>EG</arg>
<arg>EH</arg>
<arg>ER</arg>
<arg>ES</arg>
<arg>ET</arg>
<arg>FI</arg>
<arg>FJ</arg>
<arg>FK</arg>
<arg>FM</arg>
<arg>FO</arg>
<arg>FR</arg>
<arg>GA</arg>
<arg>GB</arg>
<arg>GD</arg>
<arg>GE</arg>
<arg>GF</arg>
<arg>GG</arg>
<arg>GH</arg>
<arg>GI</arg>
<arg>GL</arg>
<arg>GM</arg>
<arg>GN</arg>
<arg>GP</arg>
<arg>GQ</arg>
<arg>GR</arg>
<arg>GS</arg>
<arg>GT</arg>
<arg>GU</arg>
<arg>GW</arg>
<arg>GY</arg>
<arg>HK</arg>
<arg>HM</arg>
<arg>HN</arg>
<arg>HR</arg>
<arg>HT</arg>
<arg>HU</arg>
<arg>ID</arg>
<arg>IE</arg>
<arg>IL</arg>
<arg>IM</arg>
<arg>IN</arg>
<arg>IO</arg>
<arg>IQ</arg>
<arg>IR</arg>
<arg>IS</arg>
<arg>IT</arg>
<arg>JE</arg>
<arg>JM</arg>
<arg>JO</arg>
<arg>JP</arg>
<arg>KE</arg>
<arg>KG</arg>
<arg>KH</arg>
<arg>KI</arg>
<arg>KM</arg>
<arg>KN</arg>
<arg>KP</arg>
<arg>KR</arg>
<arg>KW</arg>
<arg>KY</arg>
<arg>KZ</arg>
<arg>LA</arg>
<arg>LB</arg>
<arg>LC</arg>
<arg>LI</arg>
<arg>LK</arg>
<arg>LR</arg>
<arg>LS</arg>
<arg>LT</arg>
<arg>LU</arg>
<arg>LV</arg>
<arg>LY</arg>
<arg>MA</arg>
<arg>MC</arg>
<arg>MD</arg>
<arg>ME</arg>
<arg>MF</arg>
<arg>MG</arg>
<arg>MH</arg>
<arg>MK</arg>
<arg>ML</arg>
<arg>MM</arg>
<arg>MN</arg>
<arg>MO</arg>
<arg>MP</arg>
<arg>MQ</arg>
<arg>MR</arg>
<arg>MS</arg>
<arg>MT</arg>
<arg>MU</arg>
<arg>MV</arg>
<arg>MW</arg>
<arg>MX</arg>
<arg>MY</arg>
<arg>MZ</arg>
<arg>NA</arg>
<arg>NC</arg>
<arg>NE</arg>
<arg>NF</arg>
<arg>NG</arg>
<arg>NI</arg>
<arg>NL</arg>
<arg>NO</arg>
<arg>NP</arg>
<arg>NR</arg>
<arg>NU</arg>
<arg>NZ</arg>
<arg>OM</arg>
<arg>PA</arg>
<arg>PE</arg>
<arg>PF</arg>
<arg>PG</arg>
<arg>PH</arg>
<arg>PK</arg>
<arg>PL</arg>
<arg>PM</arg>
<arg>PN</arg>
<arg>PR</arg>
<arg>PS</arg>
<arg>PT</arg>
<arg>PW</arg>
<arg>PY</arg>
<arg>QA</arg>
<arg>RE</arg>
<arg>RO</arg>
<arg>RS</arg>
<arg>RU</arg>
<arg>RW</arg>
<arg>SA</arg>
<arg>SB</arg>
<arg>SC</arg>
<arg>SD</arg>
<arg>SE</arg>
<arg>SG</arg>
<arg>SH</arg>
<arg>SI</arg>
<arg>SJ</arg>
<arg>SK</arg>
<arg>SL</arg>
<arg>SM</arg>
<arg>SN</arg>
<arg>SO</arg>
<arg>SR</arg>
<arg>SS</arg>
<arg>ST</arg>
<arg>SV</arg>
<arg>SX</arg>
<arg>SY</arg>
<arg>SZ</arg>
<arg>TC</arg>
<arg>TD</arg>
<arg>TF</arg>
<arg>TG</arg>
<arg>TH</arg>
<arg>TJ</arg>
<arg>TK</arg>
<arg>TL</arg>
<arg>TM</arg>
<arg>TN</arg>
<arg>TO</arg>
<arg>TR</arg>
<arg>TT</arg>
<arg>TV</arg>
<arg>TW</arg>
<arg>TZ</arg>
<arg>UA</arg>
<arg>UG</arg>
<arg>UM</arg>
<arg>US</arg>
<arg>UY</arg>
<arg>UZ</arg>
<arg>VA</arg>
<arg>VC</arg>
<arg>VE</arg>
<arg>VG</arg>
<arg>VI</arg>
<arg>VN</arg>
<arg>VU</arg>
<arg>WF</arg>
<arg>WS</arg>
<arg>XK</arg>
<arg>YE</arg>
<arg>YT</arg>
<arg>ZA</arg>
<arg>ZM</arg>
<arg>ZW</arg>
<doc>Returns a list containing given items.</doc>
<status status="PASS" start="2024-06-18T20:16:34.637715" elapsed="0.000614"/>
</kw>
<kw name="List Should Contain Value" owner="Collections">
<arg>${list_country}</arg>
<arg>${name_country}</arg>
<doc>Fails if the ``value`` is not found from ``list``.</doc>
<status status="PASS" start="2024-06-18T20:16:34.639116" elapsed="0.000206"/>
</kw>
<kw name="Run Keyword If" owner="BuiltIn">
<kw name="Should Be True" owner="BuiltIn">
<arg>${True}</arg>
<doc>Fails if the given condition is not true.</doc>
<status status="PASS" start="2024-06-18T20:16:34.640460" elapsed="0.000143"/>
</kw>
<arg>${json_data["results"][0]["location"]["coordinates"]["latitude"]} &gt;= -90 and ${json_data["results"][0]["location"]["coordinates"]["latitude"]} &lt;= 90</arg>
<arg>Should Be True</arg>
<arg>${True}</arg>
<doc>Runs the given keyword with the given arguments, if ``condition`` is true.</doc>
<status status="PASS" start="2024-06-18T20:16:34.639559" elapsed="0.001169"/>
</kw>
<kw name="Run Keyword If" owner="BuiltIn">
<kw name="Should Be True" owner="BuiltIn">
<arg>${True}</arg>
<doc>Fails if the given condition is not true.</doc>
<status status="PASS" start="2024-06-18T20:16:34.641599" elapsed="0.000138"/>
</kw>
<arg>${json_data["results"][0]["location"]["coordinates"]["longitude"]} &gt;= -180 and ${json_data["results"][0]["location"]["coordinates"]["longitude"]} &lt;= 180</arg>
<arg>Should Be True</arg>
<arg>${True}</arg>
<doc>Runs the given keyword with the given arguments, if ``condition`` is true.</doc>
<status status="PASS" start="2024-06-18T20:16:34.640913" elapsed="0.000946"/>
</kw>
<status status="PASS" start="2024-06-18T20:16:34.553544" elapsed="0.088446"/>
</kw>
<doc>Testa o conteúdo específico dos campos retornados pela API.</doc>
<tag>testeConteudo</tag>
<status status="PASS" start="2024-06-18T20:16:34.552996" elapsed="0.089146"/>
</test>
<status status="PASS" start="2024-06-18T20:16:33.774303" elapsed="0.869865"/>
</suite>
<status status="PASS" start="2024-06-18T20:16:33.760288" elapsed="0.888978"/>
</suite>
<statistics>
<total>
<stat pass="5" fail="0" skip="0">All Tests</stat>
</total>
<tag>
<stat pass="1" fail="0" skip="0">testeConteudo</stat>
<stat pass="1" fail="0" skip="0">testeEstruturaResposta</stat>
<stat pass="1" fail="0" skip="0">testeRequisicaoBasica</stat>
<stat pass="1" fail="0" skip="0">testeTiposDados</stat>
</tag>
<suite>
<stat pass="5" fail="0" skip="0" id="s1" name="Tests">Tests</stat>
<stat pass="5" fail="0" skip="0" id="s1-s1" name="Random-User-Test">Tests.Random-User-Test</stat>
</suite>
</statistics>
<errors>
</errors>
</robot>
