<?xml version="1.0" encoding="UTF-8"?>
<robot generator="Robot 7.0.1 (Python 3.12.4 on linux)" generated="2024-08-09T10:16:38.773542" rpa="false" schemaversion="5">
<suite id="s1" name="Tests" source="/home/runner/work/ApiRandomUser/ApiRandomUser/RamdonUser/tests">
<suite id="s1-s1" name="Random-User-Test" source="/home/runner/work/ApiRandomUser/ApiRandomUser/RamdonUser/tests/random-user-test.robot">
<test id="s1-s1-t1" name="Conectar" line="13">
<kw name="Conectar API" owner="random-user-service">
<kw name="Create Session" owner="RequestsLibrary">
<msg time="2024-08-09T10:16:39.208194" level="INFO">Creating Session using : alias=consultarAPI, url=https://randomuser.me/, headers={},                     cookies={}, auth=None, timeout=None, proxies=None, verify=False,                     debug=0 </msg>
<arg>consultarAPI</arg>
<arg>${URL}</arg>
<doc>Create Session: create a HTTP session to a server</doc>
<status status="PASS" start="2024-08-09T10:16:39.207997" elapsed="0.000373"/>
</kw>
<status status="PASS" start="2024-08-09T10:16:39.206954" elapsed="0.001774"/>
</kw>
<status status="PASS" start="2024-08-09T10:16:39.206406" elapsed="0.002548"/>
</test>
<test id="s1-s1-t2" name="Validar retorno 200 e JSON Válido" line="16">
<kw name="Teste de Requisicao Basica" owner="random-user-service">
<kw name="GET On Session" owner="RequestsLibrary">
<msg time="2024-08-09T10:16:39.397184" level="INFO">GET Request : url=https://randomuser.me/api 
 path_url=/api 
 headers={'User-Agent': 'python-requests/2.32.3', 'Accept-Encoding': 'gzip, deflate', 'Accept': '*/*', 'Connection': 'keep-alive'} 
 body=None 
 </msg>
<msg time="2024-08-09T10:16:39.397331" level="INFO">GET Response : url=https://randomuser.me/api 
 status=200, reason=OK 
 headers={'Date': 'Fri, 09 Aug 2024 10:16:39 GMT', 'Content-Type': 'application/json; charset=utf-8', 'Transfer-Encoding': 'chunked', 'Connection': 'keep-alive', 'X-Powered-By': 'Express', 'Access-Control-Allow-Origin': '*', 'Cache-Control': 'no-cache', 'ETag': 'W/"468-Fxy3pCTRXj41bBZTjO2rPUyS6fU"', 'Vary': 'Accept-Encoding', 'Content-Encoding': 'gzip', 'cf-cache-status': 'DYNAMIC', 'Report-To': '{"endpoints":[{"url":"https:\\/\\/a.nel.cloudflare.com\\/report\\/v4?s=%2F4bqKYLzjidErgBEJGh8WaklVJRv6KphF%2BgLxMp7vuOmYW0yvZo%2FXgxqVAb7%2B%2Fbm4%2B1IbaGHbLmKy2Eu06SSz87mmGVMf13zusezSHMZtnibhi9lxlfQ7%2BrxYC8ZMK%2BM"}],"group":"cf-nel","max_age":604800}', 'NEL': '{"success_fraction":0,"report_to":"cf-nel","max_age":604800}', 'Server': 'cloudflare', 'CF-RAY': '8b06fdedfd902c0b-ORD', 'alt-svc': 'h3=":443"; ma=86400'} 
 body={"results":[{"gender":"male","name":{"title":"Mr","first":"Yuvraj","last":"Pujari"},"location":{"street":{"number":5290,"name":"Rasta Peth"},"city":"Shimoga","state":"Jharkhand","country":"India","postcode":67725,"coordinates":{"latitude":"6.0667","longitude":"-136.7172"},"timezone":{"offset":"-10:00","description":"Hawaii"}},"email":"yuvraj.pujari@example.com","login":{"uuid":"fb18bd7a-71c4-4d35-8f3e-5f3480fb1661","username":"bluewolf403","password":"warren","salt":"CfUp2mtb","md5":"6bae518d38f54d4082832379fdf1b89e","sha1":"d811f88257189fe765d7e3fe3d36612543e8ee3e","sha256":"2204cf88d0a11bec62d43ac3d1ed1fe02d6315b413bf48522f26b0ac019fb551"},"dob":{"date":"1999-07-19T10:35:52.156Z","age":25},"registered":{"date":"2007-04-01T06:57:33.286Z","age":17},"phone":"8096144162","cell":"8059021828","id":{"name":"UIDAI","value":"100736620115"},"picture":{"large":"https://randomuser.me/api/portraits/men/25.jpg","medium":"https://randomuser.me/api/portraits/med/men/25.jpg","thumbnail":"https://randomuser.me/api/portraits/thumb/men/25.jpg"},"nat":"IN"}],"info":{"seed":"4ea3f1c52a30691e","results":1,"page":1,"version":"1.4"}} 
 </msg>
<msg time="2024-08-09T10:16:39.397407" level="INFO">/opt/hostedtoolcache/Python/3.12.4/x64/lib/python3.12/site-packages/urllib3/connectionpool.py:1099: InsecureRequestWarning: Unverified HTTPS request is being made to host 'randomuser.me'. Adding certificate verification is strongly advised. See: https://urllib3.readthedocs.io/en/latest/advanced-usage.html#tls-warnings
  warnings.warn(</msg>
<msg time="2024-08-09T10:16:39.397563" level="INFO">${response} = &lt;Response [200]&gt;</msg>
<var>${response}</var>
<arg>consultarAPI</arg>
<arg>/api</arg>
<doc>Sends a GET request on a previously created HTTP Session.</doc>
<status status="PASS" start="2024-08-09T10:16:39.211502" elapsed="0.186105"/>
</kw>
<kw name="Should Be Equal As Numbers" owner="BuiltIn">
<msg time="2024-08-09T10:16:39.398565" level="INFO">Argument types are:
&lt;class 'int'&gt;
&lt;class 'str'&gt;</msg>
<arg>${response.status_code}</arg>
<arg>200</arg>
<doc>Fails if objects are unequal after converting them to real numbers.</doc>
<status status="PASS" start="2024-08-09T10:16:39.398118" elapsed="0.000510"/>
</kw>
<kw name="Log" owner="BuiltIn">
<msg time="2024-08-09T10:16:39.399284" level="INFO">200</msg>
<arg>${response.status_code}</arg>
<doc>Logs the given message with the given level.</doc>
<status status="PASS" start="2024-08-09T10:16:39.398936" elapsed="0.000390"/>
</kw>
<kw name="Set Variable" owner="BuiltIn">
<msg time="2024-08-09T10:16:39.400058" level="INFO">${json_data} = {'results': [{'gender': 'male', 'name': {'title': 'Mr', 'first': 'Yuvraj', 'last': 'Pujari'}, 'location': {'street': {'number': 5290, 'name': 'Rasta Peth'}, 'city': 'Shimoga', 'state': 'Jharkhand', 'c...</msg>
<var>${json_data}</var>
<arg>${response.json()}</arg>
<doc>Returns the given values which can then be assigned to a variables.</doc>
<status status="PASS" start="2024-08-09T10:16:39.399629" elapsed="0.000458"/>
</kw>
<kw name="Dictionary Should Contain Key" owner="Collections">
<arg>${json_data}</arg>
<arg>results</arg>
<doc>Fails if ``key`` is not found from ``dictionary``.</doc>
<status status="PASS" start="2024-08-09T10:16:39.400388" elapsed="0.000325"/>
</kw>
<status status="PASS" start="2024-08-09T10:16:39.211258" elapsed="0.189640"/>
</kw>
<doc>Testa se a API responde corretamente e retorna um objeto JSON válido.</doc>
<tag>testeRequisicaoBasica</tag>
<status status="PASS" start="2024-08-09T10:16:39.210806" elapsed="0.190267"/>
</test>
<test id="s1-s1-t3" name="Validar estrutura de resposta" line="22">
<kw name="Teste de Estrutura de Resposta" owner="random-user-service">
<kw name="GET On Session" owner="RequestsLibrary">
<msg time="2024-08-09T10:16:39.492483" level="INFO">GET Request : url=https://randomuser.me/api 
 path_url=/api 
 headers={'User-Agent': 'python-requests/2.32.3', 'Accept-Encoding': 'gzip, deflate', 'Accept': '*/*', 'Connection': 'keep-alive'} 
 body=None 
 </msg>
<msg time="2024-08-09T10:16:39.492571" level="INFO">GET Response : url=https://randomuser.me/api 
 status=200, reason=OK 
 headers={'Date': 'Fri, 09 Aug 2024 10:16:39 GMT', 'Content-Type': 'application/json; charset=utf-8', 'Transfer-Encoding': 'chunked', 'Connection': 'keep-alive', 'X-Powered-By': 'Express', 'Access-Control-Allow-Origin': '*', 'Cache-Control': 'no-cache', 'ETag': 'W/"498-NYch3WGfnHdPyHI5nbWR1t3TIQ0"', 'Vary': 'Accept-Encoding', 'Content-Encoding': 'gzip', 'CF-Cache-Status': 'DYNAMIC', 'Report-To': '{"endpoints":[{"url":"https:\\/\\/a.nel.cloudflare.com\\/report\\/v4?s=tcaxNYyxIE7VK3BqbfWfea3%2F%2F3hhqNQeQ2X6hQLRIIr4%2BrnAQwqEPylbHrWTIfJHpThwULWbO77pjiL2f73eu%2B7q38cgTJcVm0ZA37H%2BQJMnTtdh8fkQqZ9FhrltII5s"}],"group":"cf-nel","max_age":604800}', 'NEL': '{"success_fraction":0,"report_to":"cf-nel","max_age":604800}', 'Server': 'cloudflare', 'CF-RAY': '8b06fdee4db82c0b-ORD', 'alt-svc': 'h3=":443"; ma=86400'} 
 body={"results":[{"gender":"male","name":{"title":"Mr","first":"Samuel","last":"Justi"},"location":{"street":{"number":2462,"name":"Bulevardi"},"city":"Hämeenkyrö","state":"Åland","country":"Finland","postcode":95041,"coordinates":{"latitude":"-26.1028","longitude":"-145.9040"},"timezone":{"offset":"-6:00","description":"Central Time (US &amp; Canada), Mexico City"}},"email":"samuel.justi@example.com","login":{"uuid":"d33312ff-b85f-4eb5-9d16-daa37d8a1494","username":"beautifulkoala841","password":"sixpack","salt":"TIw95Qtd","md5":"115ee443b6cfaa73fa11e7de3b10e0b2","sha1":"dcc118daf5fed5d288034c96420f0a706afd6206","sha256":"405b6b6f9a4950f71360128c58e8295c65e877b688ea7682397312a2b47fecb5"},"dob":{"date":"1982-09-26T08:28:58.103Z","age":41},"registered":{"date":"2015-06-04T14:42:11.296Z","age":9},"phone":"05-856-035","cell":"042-614-94-07","id":{"name":"HETU","value":"NaNNA197undefined"},"picture":{"large":"https://randomuser.me/api/portraits/men/18.jpg","medium":"https://randomuser.me/api/portraits/med/men/18.jpg","thumbnail":"https://randomuser.me/api/portraits/thumb/men/18.jpg"},"nat":"FI"}],"info":{"seed":"7b81b62916bdfa8f","results":1,"page":1,"version":"1.4"}} 
 </msg>
<msg time="2024-08-09T10:16:39.492697" level="INFO">/opt/hostedtoolcache/Python/3.12.4/x64/lib/python3.12/site-packages/urllib3/connectionpool.py:1099: InsecureRequestWarning: Unverified HTTPS request is being made to host 'randomuser.me'. Adding certificate verification is strongly advised. See: https://urllib3.readthedocs.io/en/latest/advanced-usage.html#tls-warnings
  warnings.warn(</msg>
<msg time="2024-08-09T10:16:39.492864" level="INFO">${response} = &lt;Response [200]&gt;</msg>
<var>${response}</var>
<arg>consultarAPI</arg>
<arg>/api</arg>
<doc>Sends a GET request on a previously created HTTP Session.</doc>
<status status="PASS" start="2024-08-09T10:16:39.404022" elapsed="0.088904"/>
</kw>
<kw name="Set Variable" owner="BuiltIn">
<msg time="2024-08-09T10:16:39.493802" level="INFO">${json_data} = {'results': [{'gender': 'male', 'name': {'title': 'Mr', 'first': 'Samuel', 'last': 'Justi'}, 'location': {'street': {'number': 2462, 'name': 'Bulevardi'}, 'city': 'Hämeenkyrö', 'state': 'Åland', 'coun...</msg>
<var>${json_data}</var>
<arg>${response.json()}</arg>
<doc>Returns the given values which can then be assigned to a variables.</doc>
<status status="PASS" start="2024-08-09T10:16:39.493338" elapsed="0.000494"/>
</kw>
<kw name="Log" owner="BuiltIn">
<msg time="2024-08-09T10:16:39.494305" level="INFO">{'results': [{'gender': 'male', 'name': {'title': 'Mr', 'first': 'Samuel', 'last': 'Justi'}, 'location': {'street': {'number': 2462, 'name': 'Bulevardi'}, 'city': 'Hämeenkyrö', 'state': 'Åland', 'country': 'Finland', 'postcode': 95041, 'coordinates': {'latitude': '-26.1028', 'longitude': '-145.9040'}, 'timezone': {'offset': '-6:00', 'description': 'Central Time (US &amp; Canada), Mexico City'}}, 'email': 'samuel.justi@example.com', 'login': {'uuid': 'd33312ff-b85f-4eb5-9d16-daa37d8a1494', 'username': 'beautifulkoala841', 'password': 'sixpack', 'salt': 'TIw95Qtd', 'md5': '115ee443b6cfaa73fa11e7de3b10e0b2', 'sha1': 'dcc118daf5fed5d288034c96420f0a706afd6206', 'sha256': '405b6b6f9a4950f71360128c58e8295c65e877b688ea7682397312a2b47fecb5'}, 'dob': {'date': '1982-09-26T08:28:58.103Z', 'age': 41}, 'registered': {'date': '2015-06-04T14:42:11.296Z', 'age': 9}, 'phone': '05-856-035', 'cell': '042-614-94-07', 'id': {'name': 'HETU', 'value': 'NaNNA197undefined'}, 'picture': {'large': 'https://randomuser.me/api/portraits/men/18.jpg', 'medium': 'https://randomuser.me/api/portraits/med/men/18.jpg', 'thumbnail': 'https://randomuser.me/api/portraits/thumb/men/18.jpg'}, 'nat': 'FI'}], 'info': {'seed': '7b81b62916bdfa8f', 'results': 1, 'page': 1, 'version': '1.4'}}</msg>
<arg>${json_data}</arg>
<doc>Logs the given message with the given level.</doc>
<status status="PASS" start="2024-08-09T10:16:39.494145" elapsed="0.000209"/>
</kw>
<kw name="Dictionary Should Contain Key" owner="Collections">
<arg>${json_data}</arg>
<arg>results</arg>
<doc>Fails if ``key`` is not found from ``dictionary``.</doc>
<status status="PASS" start="2024-08-09T10:16:39.494645" elapsed="0.000159"/>
</kw>
<kw name="Should Not Be Empty" owner="BuiltIn">
<msg time="2024-08-09T10:16:39.495107" level="INFO">Length is 2.</msg>
<arg>${json_data}</arg>
<doc>Verifies that the given item is not empty.</doc>
<status status="PASS" start="2024-08-09T10:16:39.494984" elapsed="0.000159"/>
</kw>
<kw name="Create List" owner="BuiltIn">
<msg time="2024-08-09T10:16:39.495582" level="INFO">${expected_keys} = ['gender', 'name', 'location', 'email', 'login']</msg>
<var>${expected_keys}</var>
<arg>gender</arg>
<arg>name</arg>
<arg>location</arg>
<arg>email</arg>
<arg>login</arg>
<doc>Returns a list containing given items.</doc>
<status status="PASS" start="2024-08-09T10:16:39.495429" elapsed="0.000177"/>
</kw>
<for flavor="IN">
<iter>
<kw name="Dictionary Should Contain Key" owner="Collections">
<arg>${json_data['results'][0]}</arg>
<arg>${key}</arg>
<doc>Fails if ``key`` is not found from ``dictionary``.</doc>
<status status="PASS" start="2024-08-09T10:16:39.496180" elapsed="0.000414"/>
</kw>
<kw name="Log" owner="BuiltIn">
<msg time="2024-08-09T10:16:39.497197" level="INFO">{'gender': 'male', 'name': {'title': 'Mr', 'first': 'Samuel', 'last': 'Justi'}, 'location': {'street': {'number': 2462, 'name': 'Bulevardi'}, 'city': 'Hämeenkyrö', 'state': 'Åland', 'country': 'Finland', 'postcode': 95041, 'coordinates': {'latitude': '-26.1028', 'longitude': '-145.9040'}, 'timezone': {'offset': '-6:00', 'description': 'Central Time (US &amp; Canada), Mexico City'}}, 'email': 'samuel.justi@example.com', 'login': {'uuid': 'd33312ff-b85f-4eb5-9d16-daa37d8a1494', 'username': 'beautifulkoala841', 'password': 'sixpack', 'salt': 'TIw95Qtd', 'md5': '115ee443b6cfaa73fa11e7de3b10e0b2', 'sha1': 'dcc118daf5fed5d288034c96420f0a706afd6206', 'sha256': '405b6b6f9a4950f71360128c58e8295c65e877b688ea7682397312a2b47fecb5'}, 'dob': {'date': '1982-09-26T08:28:58.103Z', 'age': 41}, 'registered': {'date': '2015-06-04T14:42:11.296Z', 'age': 9}, 'phone': '05-856-035', 'cell': '042-614-94-07', 'id': {'name': 'HETU', 'value': 'NaNNA197undefined'}, 'picture': {'large': 'https://randomuser.me/api/portraits/men/18.jpg', 'medium': 'https://randomuser.me/api/portraits/med/men/18.jpg', 'thumbnail': 'https://randomuser.me/api/portraits/thumb/men/18.jpg'}, 'nat': 'FI'}</msg>
<arg>${json_data['results'][0]}</arg>
<doc>Logs the given message with the given level.</doc>
<status status="PASS" start="2024-08-09T10:16:39.496820" elapsed="0.000430"/>
</kw>
<kw name="Log" owner="BuiltIn">
<msg time="2024-08-09T10:16:39.497699" level="INFO">gender</msg>
<arg>${key}</arg>
<doc>Logs the given message with the given level.</doc>
<status status="PASS" start="2024-08-09T10:16:39.497550" elapsed="0.000206"/>
</kw>
<var name="${key}">gender</var>
<status status="PASS" start="2024-08-09T10:16:39.496055" elapsed="0.001942"/>
</iter>
<iter>
<kw name="Dictionary Should Contain Key" owner="Collections">
<arg>${json_data['results'][0]}</arg>
<arg>${key}</arg>
<doc>Fails if ``key`` is not found from ``dictionary``.</doc>
<status status="PASS" start="2024-08-09T10:16:39.498302" elapsed="0.000387"/>
</kw>
<kw name="Log" owner="BuiltIn">
<msg time="2024-08-09T10:16:39.499264" level="INFO">{'gender': 'male', 'name': {'title': 'Mr', 'first': 'Samuel', 'last': 'Justi'}, 'location': {'street': {'number': 2462, 'name': 'Bulevardi'}, 'city': 'Hämeenkyrö', 'state': 'Åland', 'country': 'Finland', 'postcode': 95041, 'coordinates': {'latitude': '-26.1028', 'longitude': '-145.9040'}, 'timezone': {'offset': '-6:00', 'description': 'Central Time (US &amp; Canada), Mexico City'}}, 'email': 'samuel.justi@example.com', 'login': {'uuid': 'd33312ff-b85f-4eb5-9d16-daa37d8a1494', 'username': 'beautifulkoala841', 'password': 'sixpack', 'salt': 'TIw95Qtd', 'md5': '115ee443b6cfaa73fa11e7de3b10e0b2', 'sha1': 'dcc118daf5fed5d288034c96420f0a706afd6206', 'sha256': '405b6b6f9a4950f71360128c58e8295c65e877b688ea7682397312a2b47fecb5'}, 'dob': {'date': '1982-09-26T08:28:58.103Z', 'age': 41}, 'registered': {'date': '2015-06-04T14:42:11.296Z', 'age': 9}, 'phone': '05-856-035', 'cell': '042-614-94-07', 'id': {'name': 'HETU', 'value': 'NaNNA197undefined'}, 'picture': {'large': 'https://randomuser.me/api/portraits/men/18.jpg', 'medium': 'https://randomuser.me/api/portraits/med/men/18.jpg', 'thumbnail': 'https://randomuser.me/api/portraits/thumb/men/18.jpg'}, 'nat': 'FI'}</msg>
<arg>${json_data['results'][0]}</arg>
<doc>Logs the given message with the given level.</doc>
<status status="PASS" start="2024-08-09T10:16:39.498872" elapsed="0.000447"/>
</kw>
<kw name="Log" owner="BuiltIn">
<msg time="2024-08-09T10:16:39.499750" level="INFO">name</msg>
<arg>${key}</arg>
<doc>Logs the given message with the given level.</doc>
<status status="PASS" start="2024-08-09T10:16:39.499620" elapsed="0.000168"/>
</kw>
<var name="${key}">name</var>
<status status="PASS" start="2024-08-09T10:16:39.498181" elapsed="0.001824"/>
</iter>
<iter>
<kw name="Dictionary Should Contain Key" owner="Collections">
<arg>${json_data['results'][0]}</arg>
<arg>${key}</arg>
<doc>Fails if ``key`` is not found from ``dictionary``.</doc>
<status status="PASS" start="2024-08-09T10:16:39.500290" elapsed="0.000381"/>
</kw>
<kw name="Log" owner="BuiltIn">
<msg time="2024-08-09T10:16:39.501225" level="INFO">{'gender': 'male', 'name': {'title': 'Mr', 'first': 'Samuel', 'last': 'Justi'}, 'location': {'street': {'number': 2462, 'name': 'Bulevardi'}, 'city': 'Hämeenkyrö', 'state': 'Åland', 'country': 'Finland', 'postcode': 95041, 'coordinates': {'latitude': '-26.1028', 'longitude': '-145.9040'}, 'timezone': {'offset': '-6:00', 'description': 'Central Time (US &amp; Canada), Mexico City'}}, 'email': 'samuel.justi@example.com', 'login': {'uuid': 'd33312ff-b85f-4eb5-9d16-daa37d8a1494', 'username': 'beautifulkoala841', 'password': 'sixpack', 'salt': 'TIw95Qtd', 'md5': '115ee443b6cfaa73fa11e7de3b10e0b2', 'sha1': 'dcc118daf5fed5d288034c96420f0a706afd6206', 'sha256': '405b6b6f9a4950f71360128c58e8295c65e877b688ea7682397312a2b47fecb5'}, 'dob': {'date': '1982-09-26T08:28:58.103Z', 'age': 41}, 'registered': {'date': '2015-06-04T14:42:11.296Z', 'age': 9}, 'phone': '05-856-035', 'cell': '042-614-94-07', 'id': {'name': 'HETU', 'value': 'NaNNA197undefined'}, 'picture': {'large': 'https://randomuser.me/api/portraits/men/18.jpg', 'medium': 'https://randomuser.me/api/portraits/med/men/18.jpg', 'thumbnail': 'https://randomuser.me/api/portraits/thumb/men/18.jpg'}, 'nat': 'FI'}</msg>
<arg>${json_data['results'][0]}</arg>
<doc>Logs the given message with the given level.</doc>
<status status="PASS" start="2024-08-09T10:16:39.500878" elapsed="0.000396"/>
</kw>
<kw name="Log" owner="BuiltIn">
<msg time="2024-08-09T10:16:39.501702" level="INFO">location</msg>
<arg>${key}</arg>
<doc>Logs the given message with the given level.</doc>
<status status="PASS" start="2024-08-09T10:16:39.501575" elapsed="0.000164"/>
</kw>
<var name="${key}">location</var>
<status status="PASS" start="2024-08-09T10:16:39.500181" elapsed="0.001781"/>
</iter>
<iter>
<kw name="Dictionary Should Contain Key" owner="Collections">
<arg>${json_data['results'][0]}</arg>
<arg>${key}</arg>
<doc>Fails if ``key`` is not found from ``dictionary``.</doc>
<status status="PASS" start="2024-08-09T10:16:39.502238" elapsed="0.000377"/>
</kw>
<kw name="Log" owner="BuiltIn">
<msg time="2024-08-09T10:16:39.503257" level="INFO">{'gender': 'male', 'name': {'title': 'Mr', 'first': 'Samuel', 'last': 'Justi'}, 'location': {'street': {'number': 2462, 'name': 'Bulevardi'}, 'city': 'Hämeenkyrö', 'state': 'Åland', 'country': 'Finland', 'postcode': 95041, 'coordinates': {'latitude': '-26.1028', 'longitude': '-145.9040'}, 'timezone': {'offset': '-6:00', 'description': 'Central Time (US &amp; Canada), Mexico City'}}, 'email': 'samuel.justi@example.com', 'login': {'uuid': 'd33312ff-b85f-4eb5-9d16-daa37d8a1494', 'username': 'beautifulkoala841', 'password': 'sixpack', 'salt': 'TIw95Qtd', 'md5': '115ee443b6cfaa73fa11e7de3b10e0b2', 'sha1': 'dcc118daf5fed5d288034c96420f0a706afd6206', 'sha256': '405b6b6f9a4950f71360128c58e8295c65e877b688ea7682397312a2b47fecb5'}, 'dob': {'date': '1982-09-26T08:28:58.103Z', 'age': 41}, 'registered': {'date': '2015-06-04T14:42:11.296Z', 'age': 9}, 'phone': '05-856-035', 'cell': '042-614-94-07', 'id': {'name': 'HETU', 'value': 'NaNNA197undefined'}, 'picture': {'large': 'https://randomuser.me/api/portraits/men/18.jpg', 'medium': 'https://randomuser.me/api/portraits/med/men/18.jpg', 'thumbnail': 'https://randomuser.me/api/portraits/thumb/men/18.jpg'}, 'nat': 'FI'}</msg>
<arg>${json_data['results'][0]}</arg>
<doc>Logs the given message with the given level.</doc>
<status status="PASS" start="2024-08-09T10:16:39.502905" elapsed="0.000401"/>
</kw>
<kw name="Log" owner="BuiltIn">
<msg time="2024-08-09T10:16:39.503734" level="INFO">email</msg>
<arg>${key}</arg>
<doc>Logs the given message with the given level.</doc>
<status status="PASS" start="2024-08-09T10:16:39.503604" elapsed="0.000167"/>
</kw>
<var name="${key}">email</var>
<status status="PASS" start="2024-08-09T10:16:39.502132" elapsed="0.001857"/>
</iter>
<iter>
<kw name="Dictionary Should Contain Key" owner="Collections">
<arg>${json_data['results'][0]}</arg>
<arg>${key}</arg>
<doc>Fails if ``key`` is not found from ``dictionary``.</doc>
<status status="PASS" start="2024-08-09T10:16:39.504271" elapsed="0.000373"/>
</kw>
<kw name="Log" owner="BuiltIn">
<msg time="2024-08-09T10:16:39.505200" level="INFO">{'gender': 'male', 'name': {'title': 'Mr', 'first': 'Samuel', 'last': 'Justi'}, 'location': {'street': {'number': 2462, 'name': 'Bulevardi'}, 'city': 'Hämeenkyrö', 'state': 'Åland', 'country': 'Finland', 'postcode': 95041, 'coordinates': {'latitude': '-26.1028', 'longitude': '-145.9040'}, 'timezone': {'offset': '-6:00', 'description': 'Central Time (US &amp; Canada), Mexico City'}}, 'email': 'samuel.justi@example.com', 'login': {'uuid': 'd33312ff-b85f-4eb5-9d16-daa37d8a1494', 'username': 'beautifulkoala841', 'password': 'sixpack', 'salt': 'TIw95Qtd', 'md5': '115ee443b6cfaa73fa11e7de3b10e0b2', 'sha1': 'dcc118daf5fed5d288034c96420f0a706afd6206', 'sha256': '405b6b6f9a4950f71360128c58e8295c65e877b688ea7682397312a2b47fecb5'}, 'dob': {'date': '1982-09-26T08:28:58.103Z', 'age': 41}, 'registered': {'date': '2015-06-04T14:42:11.296Z', 'age': 9}, 'phone': '05-856-035', 'cell': '042-614-94-07', 'id': {'name': 'HETU', 'value': 'NaNNA197undefined'}, 'picture': {'large': 'https://randomuser.me/api/portraits/men/18.jpg', 'medium': 'https://randomuser.me/api/portraits/med/men/18.jpg', 'thumbnail': 'https://randomuser.me/api/portraits/thumb/men/18.jpg'}, 'nat': 'FI'}</msg>
<arg>${json_data['results'][0]}</arg>
<doc>Logs the given message with the given level.</doc>
<status status="PASS" start="2024-08-09T10:16:39.504844" elapsed="0.000404"/>
</kw>
<kw name="Log" owner="BuiltIn">
<msg time="2024-08-09T10:16:39.505668" level="INFO">login</msg>
<arg>${key}</arg>
<doc>Logs the given message with the given level.</doc>
<status status="PASS" start="2024-08-09T10:16:39.505540" elapsed="0.000164"/>
</kw>
<var name="${key}">login</var>
<status status="PASS" start="2024-08-09T10:16:39.504162" elapsed="0.001764"/>
</iter>
<var>${key}</var>
<value>@{expected_keys}</value>
<status status="PASS" start="2024-08-09T10:16:39.495866" elapsed="0.010180"/>
</for>
<kw name="Create List" owner="BuiltIn">
<msg time="2024-08-09T10:16:39.506407" level="INFO">${expected_keysTwo} = ['username', 'password']</msg>
<var>${expected_keysTwo}</var>
<arg>username</arg>
<arg>password</arg>
<doc>Returns a list containing given items.</doc>
<status status="PASS" start="2024-08-09T10:16:39.506268" elapsed="0.000162"/>
</kw>
<for flavor="IN">
<iter>
<kw name="Dictionary Should Contain Key" owner="Collections">
<arg>${json_data['results'][0]['login']}</arg>
<arg>${keyTwo}</arg>
<doc>Fails if ``key`` is not found from ``dictionary``.</doc>
<status status="PASS" start="2024-08-09T10:16:39.506929" elapsed="0.000390"/>
</kw>
<kw name="Dictionary Should Contain Key" owner="Collections">
<arg>${json_data['results'][0]['login']}</arg>
<arg>${keyTwo}</arg>
<doc>Fails if ``key`` is not found from ``dictionary``.</doc>
<status status="PASS" start="2024-08-09T10:16:39.507498" elapsed="0.000375"/>
</kw>
<kw name="Log" owner="BuiltIn">
<msg time="2024-08-09T10:16:39.508174" level="INFO">username</msg>
<arg>${keyTwo}</arg>
<doc>Logs the given message with the given level.</doc>
<status status="PASS" start="2024-08-09T10:16:39.508052" elapsed="0.000159"/>
</kw>
<var name="${keyTwo}">username</var>
<status status="PASS" start="2024-08-09T10:16:39.506821" elapsed="0.001611"/>
</iter>
<iter>
<kw name="Dictionary Should Contain Key" owner="Collections">
<arg>${json_data['results'][0]['login']}</arg>
<arg>${keyTwo}</arg>
<doc>Fails if ``key`` is not found from ``dictionary``.</doc>
<status status="PASS" start="2024-08-09T10:16:39.508706" elapsed="0.000407"/>
</kw>
<kw name="Dictionary Should Contain Key" owner="Collections">
<arg>${json_data['results'][0]['login']}</arg>
<arg>${keyTwo}</arg>
<doc>Fails if ``key`` is not found from ``dictionary``.</doc>
<status status="PASS" start="2024-08-09T10:16:39.509290" elapsed="0.000370"/>
</kw>
<kw name="Log" owner="BuiltIn">
<msg time="2024-08-09T10:16:39.509960" level="INFO">password</msg>
<arg>${keyTwo}</arg>
<doc>Logs the given message with the given level.</doc>
<status status="PASS" start="2024-08-09T10:16:39.509833" elapsed="0.000163"/>
</kw>
<var name="${keyTwo}">password</var>
<status status="PASS" start="2024-08-09T10:16:39.508600" elapsed="0.001617"/>
</iter>
<var>${keyTwo}</var>
<value>@{expected_keysTwo}</value>
<status status="PASS" start="2024-08-09T10:16:39.506673" elapsed="0.003662"/>
</for>
<status status="PASS" start="2024-08-09T10:16:39.403695" elapsed="0.106779"/>
</kw>
<doc>Testa a estrutura da resposta da API.</doc>
<tag>testeEstruturaResposta</tag>
<status status="PASS" start="2024-08-09T10:16:39.402894" elapsed="0.107733"/>
</test>
<test id="s1-s1-t4" name="Validar tipos de dados" line="28">
<kw name="Teste de Tipos de Dados" owner="random-user-service">
<kw name="GET On Session" owner="RequestsLibrary">
<msg time="2024-08-09T10:16:39.593667" level="INFO">GET Request : url=https://randomuser.me/api 
 path_url=/api 
 headers={'User-Agent': 'python-requests/2.32.3', 'Accept-Encoding': 'gzip, deflate', 'Accept': '*/*', 'Connection': 'keep-alive'} 
 body=None 
 </msg>
<msg time="2024-08-09T10:16:39.593745" level="INFO">GET Response : url=https://randomuser.me/api 
 status=200, reason=OK 
 headers={'Date': 'Fri, 09 Aug 2024 10:16:39 GMT', 'Content-Type': 'application/json; charset=utf-8', 'Transfer-Encoding': 'chunked', 'Connection': 'keep-alive', 'X-Powered-By': 'Express', 'Access-Control-Allow-Origin': '*', 'Cache-Control': 'no-cache', 'ETag': 'W/"46b-TL4ycGfnKRIf761rmK5btnwN8YM"', 'Vary': 'Accept-Encoding', 'Content-Encoding': 'gzip', 'CF-Cache-Status': 'DYNAMIC', 'Report-To': '{"endpoints":[{"url":"https:\\/\\/a.nel.cloudflare.com\\/report\\/v4?s=Aaf3EFRwJBCYV1GWtebklam9Y7wEcaHw%2BcKTafXjgbrNomB%2F98XUkz5r2poRUc0WbMIn7nw0j%2BIN7aqx%2B7sr8nJUBC9tgDyI5tY7u8VHXOAvZ8vGppOC7tlZ1rpdXHhr"}],"group":"cf-nel","max_age":604800}', 'NEL': '{"success_fraction":0,"report_to":"cf-nel","max_age":604800}', 'Server': 'cloudflare', 'CF-RAY': '8b06fdeefe032c0b-ORD', 'alt-svc': 'h3=":443"; ma=86400'} 
 body={"results":[{"gender":"male","name":{"title":"Mr","first":"Sofus","last":"Sekkingstad"},"location":{"street":{"number":7359,"name":"Brugata"},"city":"Karlestrand","state":"Trøndelag","country":"Norway","postcode":"1921","coordinates":{"latitude":"44.7074","longitude":"-11.4135"},"timezone":{"offset":"+4:30","description":"Kabul"}},"email":"sofus.sekkingstad@example.com","login":{"uuid":"dbab15e1-0e32-4059-b25f-d0cee1eb94e8","username":"goldenwolf868","password":"benito","salt":"b4lkbtJB","md5":"618d4e31ba00232736a888b17f40a34f","sha1":"c78b6c978d17e5050a8775744e111213b44040c7","sha256":"9d2109e82f88783b96f8a9810820b0f24676a534625931f901113a4e9d06de68"},"dob":{"date":"1945-07-01T07:31:11.550Z","age":79},"registered":{"date":"2018-05-18T17:44:47.852Z","age":6},"phone":"80975295","cell":"48212803","id":{"name":"FN","value":"01074518326"},"picture":{"large":"https://randomuser.me/api/portraits/men/91.jpg","medium":"https://randomuser.me/api/portraits/med/men/91.jpg","thumbnail":"https://randomuser.me/api/portraits/thumb/men/91.jpg"},"nat":"NO"}],"info":{"seed":"a1c83a0680d92b98","results":1,"page":1,"version":"1.4"}} 
 </msg>
<msg time="2024-08-09T10:16:39.593813" level="INFO">/opt/hostedtoolcache/Python/3.12.4/x64/lib/python3.12/site-packages/urllib3/connectionpool.py:1099: InsecureRequestWarning: Unverified HTTPS request is being made to host 'randomuser.me'. Adding certificate verification is strongly advised. See: https://urllib3.readthedocs.io/en/latest/advanced-usage.html#tls-warnings
  warnings.warn(</msg>
<msg time="2024-08-09T10:16:39.593942" level="INFO">${response} = &lt;Response [200]&gt;</msg>
<var>${response}</var>
<arg>consultarAPI</arg>
<arg>/api</arg>
<doc>Sends a GET request on a previously created HTTP Session.</doc>
<status status="PASS" start="2024-08-09T10:16:39.513067" elapsed="0.080927"/>
</kw>
<kw name="Set Variable" owner="BuiltIn">
<msg time="2024-08-09T10:16:39.594876" level="INFO">${json_data} = {'results': [{'gender': 'male', 'name': {'title': 'Mr', 'first': 'Sofus', 'last': 'Sekkingstad'}, 'location': {'street': {'number': 7359, 'name': 'Brugata'}, 'city': 'Karlestrand', 'state': 'Trøndelag...</msg>
<var>${json_data}</var>
<arg>${response.json()}</arg>
<doc>Returns the given values which can then be assigned to a variables.</doc>
<status status="PASS" start="2024-08-09T10:16:39.594425" elapsed="0.000479"/>
</kw>
<kw name="Log" owner="BuiltIn">
<msg time="2024-08-09T10:16:39.595357" level="INFO">{'results': [{'gender': 'male', 'name': {'title': 'Mr', 'first': 'Sofus', 'last': 'Sekkingstad'}, 'location': {'street': {'number': 7359, 'name': 'Brugata'}, 'city': 'Karlestrand', 'state': 'Trøndelag', 'country': 'Norway', 'postcode': '1921', 'coordinates': {'latitude': '44.7074', 'longitude': '-11.4135'}, 'timezone': {'offset': '+4:30', 'description': 'Kabul'}}, 'email': 'sofus.sekkingstad@example.com', 'login': {'uuid': 'dbab15e1-0e32-4059-b25f-d0cee1eb94e8', 'username': 'goldenwolf868', 'password': 'benito', 'salt': 'b4lkbtJB', 'md5': '618d4e31ba00232736a888b17f40a34f', 'sha1': 'c78b6c978d17e5050a8775744e111213b44040c7', 'sha256': '9d2109e82f88783b96f8a9810820b0f24676a534625931f901113a4e9d06de68'}, 'dob': {'date': '1945-07-01T07:31:11.550Z', 'age': 79}, 'registered': {'date': '2018-05-18T17:44:47.852Z', 'age': 6}, 'phone': '80975295', 'cell': '48212803', 'id': {'name': 'FN', 'value': '01074518326'}, 'picture': {'large': 'https://randomuser.me/api/portraits/men/91.jpg', 'medium': 'https://randomuser.me/api/portraits/med/men/91.jpg', 'thumbnail': 'https://randomuser.me/api/portraits/thumb/men/91.jpg'}, 'nat': 'NO'}], 'info': {'seed': 'a1c83a0680d92b98', 'results': 1, 'page': 1, 'version': '1.4'}}</msg>
<arg>${json_data}</arg>
<doc>Logs the given message with the given level.</doc>
<status status="PASS" start="2024-08-09T10:16:39.595204" elapsed="0.000200"/>
</kw>
<kw name="Should Be String" owner="String">
<arg>${json_data['results'][0]['gender']}</arg>
<doc>Fails if the given ``item`` is not a string.</doc>
<status status="PASS" start="2024-08-09T10:16:39.595700" elapsed="0.000359"/>
</kw>
<kw name="Should Match Regexp" owner="BuiltIn">
<arg>${json_data['results'][0]['email']}</arg>
<arg>^[a-zA-Z0-9._%+-]+@[a-zA-Z0-9.-]+\.[a-zA-Z]{2,}$</arg>
<doc>Fails if ``string`` does not match ``pattern`` as a regular expression.</doc>
<status status="PASS" start="2024-08-09T10:16:39.596250" elapsed="0.000514"/>
</kw>
<kw name="Should Match Regexp" owner="BuiltIn">
<arg>${json_data['results'][0]['dob']['date']}</arg>
<arg>\\d{4}-\\d{2}-\\d{2}T\\d{2}:\\d{2}:\\d{2}\\.\\d{3}Z</arg>
<doc>Fails if ``string`` does not match ``pattern`` as a regular expression.</doc>
<status status="PASS" start="2024-08-09T10:16:39.597034" elapsed="0.000605"/>
</kw>
<kw name="Should Match Regexp" owner="BuiltIn">
<arg>${json_data['results'][0]['registered']['date']}</arg>
<arg>\\d{4}-\\d{2}-\\d{2}T\\d{2}:\\d{2}:\\d{2}\\.\\d{3}Z</arg>
<doc>Fails if ``string`` does not match ``pattern`` as a regular expression.</doc>
<status status="PASS" start="2024-08-09T10:16:39.597828" elapsed="0.000366"/>
</kw>
<kw name="Should Match Regexp" owner="BuiltIn">
<arg>${json_data['results'][0]['picture']['large']}</arg>
<arg>^https?://.*\.(?:png|jpe?g|gif|bmp)$</arg>
<doc>Fails if ``string`` does not match ``pattern`` as a regular expression.</doc>
<status status="PASS" start="2024-08-09T10:16:39.598376" elapsed="0.000477"/>
</kw>
<kw name="Should Match Regexp" owner="BuiltIn">
<arg>${json_data['results'][0]['picture']['medium']}</arg>
<arg>^https?://.*\.(?:png|jpe?g|gif|bmp)$</arg>
<doc>Fails if ``string`` does not match ``pattern`` as a regular expression.</doc>
<status status="PASS" start="2024-08-09T10:16:39.599043" elapsed="0.000354"/>
</kw>
<kw name="Should Match Regexp" owner="BuiltIn">
<arg>${json_data['results'][0]['picture']['thumbnail']}</arg>
<arg>^https?://.*\.(?:png|jpe?g|gif|bmp)$</arg>
<doc>Fails if ``string`` does not match ``pattern`` as a regular expression.</doc>
<status status="PASS" start="2024-08-09T10:16:39.599579" elapsed="0.000345"/>
</kw>
<kw name="Log" owner="BuiltIn">
<msg time="2024-08-09T10:16:39.600424" level="INFO">{'large': 'https://randomuser.me/api/portraits/men/91.jpg', 'medium': 'https://randomuser.me/api/portraits/med/men/91.jpg', 'thumbnail': 'https://randomuser.me/api/portraits/thumb/men/91.jpg'}</msg>
<arg>${json_data['results'][0]['picture']}</arg>
<doc>Logs the given message with the given level.</doc>
<status status="PASS" start="2024-08-09T10:16:39.600104" elapsed="0.000363"/>
</kw>
<status status="PASS" start="2024-08-09T10:16:39.512834" elapsed="0.087886"/>
</kw>
<kw name="Teste de Tipos de Dados - Postcode" owner="random-user-service">
<kw name="GET On Session" owner="RequestsLibrary">
<msg time="2024-08-09T10:16:39.700694" level="INFO">GET Request : url=https://randomuser.me/api 
 path_url=/api 
 headers={'User-Agent': 'python-requests/2.32.3', 'Accept-Encoding': 'gzip, deflate', 'Accept': '*/*', 'Connection': 'keep-alive'} 
 body=None 
 </msg>
<msg time="2024-08-09T10:16:39.700820" level="INFO">GET Response : url=https://randomuser.me/api 
 status=200, reason=OK 
 headers={'Date': 'Fri, 09 Aug 2024 10:16:39 GMT', 'Content-Type': 'application/json; charset=utf-8', 'Transfer-Encoding': 'chunked', 'Connection': 'keep-alive', 'X-Powered-By': 'Express', 'Access-Control-Allow-Origin': '*', 'Cache-Control': 'no-cache', 'ETag': 'W/"48d-F2uDcnkxZrOjJEv9xfD2xs9lPn0"', 'Vary': 'Accept-Encoding', 'Content-Encoding': 'gzip', 'CF-Cache-Status': 'DYNAMIC', 'Report-To': '{"endpoints":[{"url":"https:\\/\\/a.nel.cloudflare.com\\/report\\/v4?s=PbvHNp8Mq7WmTg5NiiZNv6OZjP%2BmHPoRya%2FkHKQhiSAh%2FSt4AoFbJOiBX6DpuA1w0qdTMjiD13ujiIxkDTUWWmM1xNKgNzo1e9d2z%2BGx5XHhGHLlLRJ06%2BbWr2v7PvnW"}],"group":"cf-nel","max_age":604800}', 'NEL': '{"success_fraction":0,"report_to":"cf-nel","max_age":604800}', 'Server': 'cloudflare', 'CF-RAY': '8b06fdef8e512c0b-ORD', 'alt-svc': 'h3=":443"; ma=86400'} 
 body={"results":[{"gender":"male","name":{"title":"Mr","first":"Isauro","last":"Costa"},"location":{"street":{"number":928,"name":"Rua Um"},"city":"Araçatuba","state":"Rondônia","country":"Brazil","postcode":10229,"coordinates":{"latitude":"-76.4563","longitude":"-63.0688"},"timezone":{"offset":"+9:00","description":"Tokyo, Seoul, Osaka, Sapporo, Yakutsk"}},"email":"isauro.costa@example.com","login":{"uuid":"83e1e1c0-6fd4-49aa-9c65-557ce4cc18b5","username":"heavyfrog412","password":"sidney","salt":"x01qJOOL","md5":"002739ac7381545514de0a281532751f","sha1":"42207246e9ea25963a9bc2272510561e8b3b53cd","sha256":"504843996394db230350599c1defecaa278bd8228807d65c8163a42ea5c10e1d"},"dob":{"date":"1963-01-11T01:21:36.715Z","age":61},"registered":{"date":"2012-03-07T22:26:55.550Z","age":12},"phone":"(93) 7705-7333","cell":"(62) 2069-7463","id":{"name":"CPF","value":"761.080.759-08"},"picture":{"large":"https://randomuser.me/api/portraits/men/80.jpg","medium":"https://randomuser.me/api/portraits/med/men/80.jpg","thumbnail":"https://randomuser.me/api/portraits/thumb/men/80.jpg"},"nat":"BR"}],"info":{"seed":"77293ae2249ed9b1","results":1,"page":1,"version":"1.4"}} 
 </msg>
<msg time="2024-08-09T10:16:39.700893" level="INFO">/opt/hostedtoolcache/Python/3.12.4/x64/lib/python3.12/site-packages/urllib3/connectionpool.py:1099: InsecureRequestWarning: Unverified HTTPS request is being made to host 'randomuser.me'. Adding certificate verification is strongly advised. See: https://urllib3.readthedocs.io/en/latest/advanced-usage.html#tls-warnings
  warnings.warn(</msg>
<msg time="2024-08-09T10:16:39.701030" level="INFO">${response} = &lt;Response [200]&gt;</msg>
<var>${response}</var>
<arg>consultarAPI</arg>
<arg>/api</arg>
<doc>Sends a GET request on a previously created HTTP Session.</doc>
<status status="PASS" start="2024-08-09T10:16:39.601188" elapsed="0.099888"/>
</kw>
<kw name="Set Variable" owner="BuiltIn">
<msg time="2024-08-09T10:16:39.702095" level="INFO">${json_data} = {'results': [{'gender': 'male', 'name': {'title': 'Mr', 'first': 'Isauro', 'last': 'Costa'}, 'location': {'street': {'number': 928, 'name': 'Rua Um'}, 'city': 'Araçatuba', 'state': 'Rondônia', 'countr...</msg>
<var>${json_data}</var>
<arg>${response.json()}</arg>
<doc>Returns the given values which can then be assigned to a variables.</doc>
<status status="PASS" start="2024-08-09T10:16:39.701586" elapsed="0.000540"/>
</kw>
<kw name="Log" owner="BuiltIn">
<msg time="2024-08-09T10:16:39.702594" level="INFO">{'results': [{'gender': 'male', 'name': {'title': 'Mr', 'first': 'Isauro', 'last': 'Costa'}, 'location': {'street': {'number': 928, 'name': 'Rua Um'}, 'city': 'Araçatuba', 'state': 'Rondônia', 'country': 'Brazil', 'postcode': 10229, 'coordinates': {'latitude': '-76.4563', 'longitude': '-63.0688'}, 'timezone': {'offset': '+9:00', 'description': 'Tokyo, Seoul, Osaka, Sapporo, Yakutsk'}}, 'email': 'isauro.costa@example.com', 'login': {'uuid': '83e1e1c0-6fd4-49aa-9c65-557ce4cc18b5', 'username': 'heavyfrog412', 'password': 'sidney', 'salt': 'x01qJOOL', 'md5': '002739ac7381545514de0a281532751f', 'sha1': '42207246e9ea25963a9bc2272510561e8b3b53cd', 'sha256': '504843996394db230350599c1defecaa278bd8228807d65c8163a42ea5c10e1d'}, 'dob': {'date': '1963-01-11T01:21:36.715Z', 'age': 61}, 'registered': {'date': '2012-03-07T22:26:55.550Z', 'age': 12}, 'phone': '(93) 7705-7333', 'cell': '(62) 2069-7463', 'id': {'name': 'CPF', 'value': '761.080.759-08'}, 'picture': {'large': 'https://randomuser.me/api/portraits/men/80.jpg', 'medium': 'https://randomuser.me/api/portraits/med/men/80.jpg', 'thumbnail': 'https://randomuser.me/api/portraits/thumb/men/80.jpg'}, 'nat': 'BR'}], 'info': {'seed': '77293ae2249ed9b1', 'results': 1, 'page': 1, 'version': '1.4'}}</msg>
<arg>${json_data}</arg>
<doc>Logs the given message with the given level.</doc>
<status status="PASS" start="2024-08-09T10:16:39.702436" elapsed="0.000216"/>
</kw>
<kw name="Should Be Equal As Numbers" owner="BuiltIn">
<arg>${json_data['results'][0]['location']['postcode']}</arg>
<arg>${json_data['results'][0]['location']['postcode']}</arg>
<doc>Fails if objects are unequal after converting them to real numbers.</doc>
<status status="PASS" start="2024-08-09T10:16:39.702947" elapsed="0.000626"/>
</kw>
<kw name="Log" owner="BuiltIn">
<msg time="2024-08-09T10:16:39.704093" level="INFO">10229</msg>
<arg>${json_data['results'][0]['location']['postcode']}</arg>
<doc>Logs the given message with the given level.</doc>
<status status="PASS" start="2024-08-09T10:16:39.703758" elapsed="0.000375"/>
</kw>
<status status="PASS" start="2024-08-09T10:16:39.600971" elapsed="0.103454"/>
</kw>
<doc>Testa se os tipos de dados na resposta da API estão corretos.</doc>
<tag>testeTiposDados</tag>
<status status="PASS" start="2024-08-09T10:16:39.512363" elapsed="0.192231"/>
</test>
<test id="s1-s1-t5" name="Validar conteudo" line="35">
<kw name="Teste de Tipos de Conteudo" owner="random-user-service">
<kw name="GET On Session" owner="RequestsLibrary">
<msg time="2024-08-09T10:16:39.799920" level="INFO">GET Request : url=https://randomuser.me/api 
 path_url=/api 
 headers={'User-Agent': 'python-requests/2.32.3', 'Accept-Encoding': 'gzip, deflate', 'Accept': '*/*', 'Connection': 'keep-alive'} 
 body=None 
 </msg>
<msg time="2024-08-09T10:16:39.800002" level="INFO">GET Response : url=https://randomuser.me/api 
 status=200, reason=OK 
 headers={'Date': 'Fri, 09 Aug 2024 10:16:39 GMT', 'Content-Type': 'application/json; charset=utf-8', 'Transfer-Encoding': 'chunked', 'Connection': 'keep-alive', 'X-Powered-By': 'Express', 'Access-Control-Allow-Origin': '*', 'Cache-Control': 'no-cache', 'ETag': 'W/"4a2-6W+ZQKFWu+2sapBtv/vEbhfdcDs"', 'Vary': 'Accept-Encoding', 'Content-Encoding': 'gzip', 'CF-Cache-Status': 'DYNAMIC', 'Report-To': '{"endpoints":[{"url":"https:\\/\\/a.nel.cloudflare.com\\/report\\/v4?s=bsdVKMKKAK5fG%2FeQcNKYqwJ%2Fbn8ti4%2BrlnAsNl8JWfSkdFU935Fe%2FjChnWTKqA%2FcWbLfGNn3vT5Ie36t%2BQrgVu21UXkn%2FXddDjwf3JFqMc6VqG2dDxndTN3DC4oJX%2F5k"}],"group":"cf-nel","max_age":604800}', 'NEL': '{"success_fraction":0,"report_to":"cf-nel","max_age":604800}', 'Server': 'cloudflare', 'CF-RAY': '8b06fdf02ea52c0b-ORD', 'alt-svc': 'h3=":443"; ma=86400'} 
 body={"results":[{"gender":"male","name":{"title":"Mr","first":"Lawrence","last":"Rodriquez"},"location":{"street":{"number":1786,"name":"Victoria Road"},"city":"Exeter","state":"Greater Manchester","country":"United Kingdom","postcode":"G19 7FA","coordinates":{"latitude":"-4.9624","longitude":"-108.4484"},"timezone":{"offset":"+2:00","description":"Kaliningrad, South Africa"}},"email":"lawrence.rodriquez@example.com","login":{"uuid":"9c82e564-8284-4a15-8a33-f5670beb842b","username":"brownduck951","password":"osiris","salt":"FkGrQfwb","md5":"0266cd15e4d79d7e8e22a87dacb74fe2","sha1":"e0ff06f3312bd0fdc023dbf18bd0a19a68fe5344","sha256":"798d10e56b38957c7066af94d19bbdd9f4d1100e271682a31bee97086570c963"},"dob":{"date":"1964-02-08T22:45:51.719Z","age":60},"registered":{"date":"2010-06-18T20:12:18.802Z","age":14},"phone":"019467 64896","cell":"07112 160060","id":{"name":"NINO","value":"PY 45 40 88 I"},"picture":{"large":"https://randomuser.me/api/portraits/men/49.jpg","medium":"https://randomuser.me/api/portraits/med/men/49.jpg","thumbnail":"https://randomuser.me/api/portraits/thumb/men/49.jpg"},"nat":"GB"}],"info":{"seed":"498c9116ac253023","results":1,"page":1,"version":"1.4"}} 
 </msg>
<msg time="2024-08-09T10:16:39.800071" level="INFO">/opt/hostedtoolcache/Python/3.12.4/x64/lib/python3.12/site-packages/urllib3/connectionpool.py:1099: InsecureRequestWarning: Unverified HTTPS request is being made to host 'randomuser.me'. Adding certificate verification is strongly advised. See: https://urllib3.readthedocs.io/en/latest/advanced-usage.html#tls-warnings
  warnings.warn(</msg>
<msg time="2024-08-09T10:16:39.800179" level="INFO">${response} = &lt;Response [200]&gt;</msg>
<var>${response}</var>
<arg>consultarAPI</arg>
<arg>/api</arg>
<doc>Sends a GET request on a previously created HTTP Session.</doc>
<status status="PASS" start="2024-08-09T10:16:39.707077" elapsed="0.093144"/>
</kw>
<kw name="Set Variable" owner="BuiltIn">
<msg time="2024-08-09T10:16:39.801192" level="INFO">${json_data} = {'results': [{'gender': 'male', 'name': {'title': 'Mr', 'first': 'Lawrence', 'last': 'Rodriquez'}, 'location': {'street': {'number': 1786, 'name': 'Victoria Road'}, 'city': 'Exeter', 'state': 'Greater...</msg>
<var>${json_data}</var>
<arg>${response.json()}</arg>
<doc>Returns the given values which can then be assigned to a variables.</doc>
<status status="PASS" start="2024-08-09T10:16:39.800694" elapsed="0.000526"/>
</kw>
<kw name="Set Variable" owner="BuiltIn">
<msg time="2024-08-09T10:16:39.801907" level="INFO">${name_title} = Mr</msg>
<var>${name_title}</var>
<arg>${json_data["results"][0]["name"]["title"]}</arg>
<doc>Returns the given values which can then be assigned to a variables.</doc>
<status status="PASS" start="2024-08-09T10:16:39.801525" elapsed="0.000408"/>
</kw>
<kw name="Create List" owner="BuiltIn">
<msg time="2024-08-09T10:16:39.802382" level="INFO">${allowed_titles} = ['Mr', 'Ms', 'Miss', 'Mrs', 'Madame', 'Monsieur']</msg>
<var>${allowed_titles}</var>
<arg>Mr</arg>
<arg>Ms</arg>
<arg>Miss</arg>
<arg>Mrs</arg>
<arg>Madame</arg>
<arg>Monsieur</arg>
<doc>Returns a list containing given items.</doc>
<status status="PASS" start="2024-08-09T10:16:39.802233" elapsed="0.000173"/>
</kw>
<kw name="List Should Contain Value" owner="Collections">
<arg>${allowed_titles}</arg>
<arg>${name_title}</arg>
<doc>Fails if the ``value`` is not found from ``list``.</doc>
<status status="PASS" start="2024-08-09T10:16:39.802704" elapsed="0.000175"/>
</kw>
<kw name="Set Variable" owner="BuiltIn">
<msg time="2024-08-09T10:16:39.803440" level="INFO">${name_country} = GB</msg>
<var>${name_country}</var>
<arg>${json_data["results"][0]["nat"]}</arg>
<doc>Returns the given values which can then be assigned to a variables.</doc>
<status status="PASS" start="2024-08-09T10:16:39.803068" elapsed="0.000399"/>
</kw>
<kw name="Create List" owner="BuiltIn">
<msg time="2024-08-09T10:16:39.804353" level="INFO">${list_country} = ['AD', 'AE', 'AF', 'AG', 'AI', 'AL', 'AM', 'AO', 'AQ', 'AR', 'AS', 'AT', 'AU', 'AW', 'AX', 'AZ', 'BA', 'BB', 'BD', 'BE', 'BF', 'BG', 'BH', 'BI', 'BJ', 'BL', 'BM', 'BN', 'BO', 'BQ', 'BR', 'BS', 'BT', '...</msg>
<var>${list_country}</var>
<arg>AD</arg>
<arg>AE</arg>
<arg>AF</arg>
<arg>AG</arg>
<arg>AI</arg>
<arg>AL</arg>
<arg>AM</arg>
<arg>AO</arg>
<arg>AQ</arg>
<arg>AR</arg>
<arg>AS</arg>
<arg>AT</arg>
<arg>AU</arg>
<arg>AW</arg>
<arg>AX</arg>
<arg>AZ</arg>
<arg>BA</arg>
<arg>BB</arg>
<arg>BD</arg>
<arg>BE</arg>
<arg>BF</arg>
<arg>BG</arg>
<arg>BH</arg>
<arg>BI</arg>
<arg>BJ</arg>
<arg>BL</arg>
<arg>BM</arg>
<arg>BN</arg>
<arg>BO</arg>
<arg>BQ</arg>
<arg>BR</arg>
<arg>BS</arg>
<arg>BT</arg>
<arg>BV</arg>
<arg>BW</arg>
<arg>BY</arg>
<arg>BZ</arg>
<arg>CA</arg>
<arg>CC</arg>
<arg>CD</arg>
<arg>CF</arg>
<arg>CG</arg>
<arg>CH</arg>
<arg>CI</arg>
<arg>CK</arg>
<arg>CL</arg>
<arg>CM</arg>
<arg>CN</arg>
<arg>CO</arg>
<arg>CR</arg>
<arg>CU</arg>
<arg>CV</arg>
<arg>CW</arg>
<arg>CX</arg>
<arg>CY</arg>
<arg>CZ</arg>
<arg>DE</arg>
<arg>DJ</arg>
<arg>DK</arg>
<arg>DM</arg>
<arg>DO</arg>
<arg>DZ</arg>
<arg>EC</arg>
<arg>EE</arg>
<arg>EG</arg>
<arg>EH</arg>
<arg>ER</arg>
<arg>ES</arg>
<arg>ET</arg>
<arg>FI</arg>
<arg>FJ</arg>
<arg>FK</arg>
<arg>FM</arg>
<arg>FO</arg>
<arg>FR</arg>
<arg>GA</arg>
<arg>GB</arg>
<arg>GD</arg>
<arg>GE</arg>
<arg>GF</arg>
<arg>GG</arg>
<arg>GH</arg>
<arg>GI</arg>
<arg>GL</arg>
<arg>GM</arg>
<arg>GN</arg>
<arg>GP</arg>
<arg>GQ</arg>
<arg>GR</arg>
<arg>GS</arg>
<arg>GT</arg>
<arg>GU</arg>
<arg>GW</arg>
<arg>GY</arg>
<arg>HK</arg>
<arg>HM</arg>
<arg>HN</arg>
<arg>HR</arg>
<arg>HT</arg>
<arg>HU</arg>
<arg>ID</arg>
<arg>IE</arg>
<arg>IL</arg>
<arg>IM</arg>
<arg>IN</arg>
<arg>IO</arg>
<arg>IQ</arg>
<arg>IR</arg>
<arg>IS</arg>
<arg>IT</arg>
<arg>JE</arg>
<arg>JM</arg>
<arg>JO</arg>
<arg>JP</arg>
<arg>KE</arg>
<arg>KG</arg>
<arg>KH</arg>
<arg>KI</arg>
<arg>KM</arg>
<arg>KN</arg>
<arg>KP</arg>
<arg>KR</arg>
<arg>KW</arg>
<arg>KY</arg>
<arg>KZ</arg>
<arg>LA</arg>
<arg>LB</arg>
<arg>LC</arg>
<arg>LI</arg>
<arg>LK</arg>
<arg>LR</arg>
<arg>LS</arg>
<arg>LT</arg>
<arg>LU</arg>
<arg>LV</arg>
<arg>LY</arg>
<arg>MA</arg>
<arg>MC</arg>
<arg>MD</arg>
<arg>ME</arg>
<arg>MF</arg>
<arg>MG</arg>
<arg>MH</arg>
<arg>MK</arg>
<arg>ML</arg>
<arg>MM</arg>
<arg>MN</arg>
<arg>MO</arg>
<arg>MP</arg>
<arg>MQ</arg>
<arg>MR</arg>
<arg>MS</arg>
<arg>MT</arg>
<arg>MU</arg>
<arg>MV</arg>
<arg>MW</arg>
<arg>MX</arg>
<arg>MY</arg>
<arg>MZ</arg>
<arg>NA</arg>
<arg>NC</arg>
<arg>NE</arg>
<arg>NF</arg>
<arg>NG</arg>
<arg>NI</arg>
<arg>NL</arg>
<arg>NO</arg>
<arg>NP</arg>
<arg>NR</arg>
<arg>NU</arg>
<arg>NZ</arg>
<arg>OM</arg>
<arg>PA</arg>
<arg>PE</arg>
<arg>PF</arg>
<arg>PG</arg>
<arg>PH</arg>
<arg>PK</arg>
<arg>PL</arg>
<arg>PM</arg>
<arg>PN</arg>
<arg>PR</arg>
<arg>PS</arg>
<arg>PT</arg>
<arg>PW</arg>
<arg>PY</arg>
<arg>QA</arg>
<arg>RE</arg>
<arg>RO</arg>
<arg>RS</arg>
<arg>RU</arg>
<arg>RW</arg>
<arg>SA</arg>
<arg>SB</arg>
<arg>SC</arg>
<arg>SD</arg>
<arg>SE</arg>
<arg>SG</arg>
<arg>SH</arg>
<arg>SI</arg>
<arg>SJ</arg>
<arg>SK</arg>
<arg>SL</arg>
<arg>SM</arg>
<arg>SN</arg>
<arg>SO</arg>
<arg>SR</arg>
<arg>SS</arg>
<arg>ST</arg>
<arg>SV</arg>
<arg>SX</arg>
<arg>SY</arg>
<arg>SZ</arg>
<arg>TC</arg>
<arg>TD</arg>
<arg>TF</arg>
<arg>TG</arg>
<arg>TH</arg>
<arg>TJ</arg>
<arg>TK</arg>
<arg>TL</arg>
<arg>TM</arg>
<arg>TN</arg>
<arg>TO</arg>
<arg>TR</arg>
<arg>TT</arg>
<arg>TV</arg>
<arg>TW</arg>
<arg>TZ</arg>
<arg>UA</arg>
<arg>UG</arg>
<arg>UM</arg>
<arg>US</arg>
<arg>UY</arg>
<arg>UZ</arg>
<arg>VA</arg>
<arg>VC</arg>
<arg>VE</arg>
<arg>VG</arg>
<arg>VI</arg>
<arg>VN</arg>
<arg>VU</arg>
<arg>WF</arg>
<arg>WS</arg>
<arg>XK</arg>
<arg>YE</arg>
<arg>YT</arg>
<arg>ZA</arg>
<arg>ZM</arg>
<arg>ZW</arg>
<doc>Returns a list containing given items.</doc>
<status status="PASS" start="2024-08-09T10:16:39.803759" elapsed="0.000620"/>
</kw>
<kw name="List Should Contain Value" owner="Collections">
<arg>${list_country}</arg>
<arg>${name_country}</arg>
<doc>Fails if the ``value`` is not found from ``list``.</doc>
<status status="PASS" start="2024-08-09T10:16:39.805364" elapsed="0.000211"/>
</kw>
<kw name="Run Keyword If" owner="BuiltIn">
<kw name="Should Be True" owner="BuiltIn">
<arg>${True}</arg>
<doc>Fails if the given condition is not true.</doc>
<status status="PASS" start="2024-08-09T10:16:39.806512" elapsed="0.000141"/>
</kw>
<arg>${json_data["results"][0]["location"]["coordinates"]["latitude"]} &gt;= -90 and ${json_data["results"][0]["location"]["coordinates"]["latitude"]} &lt;= 90</arg>
<arg>Should Be True</arg>
<arg>${True}</arg>
<doc>Runs the given keyword with the given arguments, if ``condition`` is true.</doc>
<status status="PASS" start="2024-08-09T10:16:39.805773" elapsed="0.001003"/>
</kw>
<kw name="Run Keyword If" owner="BuiltIn">
<kw name="Should Be True" owner="BuiltIn">
<arg>${True}</arg>
<doc>Fails if the given condition is not true.</doc>
<status status="PASS" start="2024-08-09T10:16:39.807640" elapsed="0.000137"/>
</kw>
<arg>${json_data["results"][0]["location"]["coordinates"]["longitude"]} &gt;= -180 and ${json_data["results"][0]["location"]["coordinates"]["longitude"]} &lt;= 180</arg>
<arg>Should Be True</arg>
<arg>${True}</arg>
<doc>Runs the given keyword with the given arguments, if ``condition`` is true.</doc>
<status status="PASS" start="2024-08-09T10:16:39.806956" elapsed="0.000942"/>
</kw>
<status status="PASS" start="2024-08-09T10:16:39.706855" elapsed="0.101168"/>
</kw>
<doc>Testa o conteúdo específico dos campos retornados pela API.</doc>
<tag>testeConteudo</tag>
<status status="PASS" start="2024-08-09T10:16:39.706389" elapsed="0.101779"/>
</test>
<status status="PASS" start="2024-08-09T10:16:38.831823" elapsed="0.978313"/>
</suite>
<status status="PASS" start="2024-08-09T10:16:38.817655" elapsed="0.997528"/>
</suite>
<statistics>
<total>
<stat pass="5" fail="0" skip="0">All Tests</stat>
</total>
<tag>
<stat pass="1" fail="0" skip="0">testeConteudo</stat>
<stat pass="1" fail="0" skip="0">testeEstruturaResposta</stat>
<stat pass="1" fail="0" skip="0">testeRequisicaoBasica</stat>
<stat pass="1" fail="0" skip="0">testeTiposDados</stat>
</tag>
<suite>
<stat pass="5" fail="0" skip="0" id="s1" name="Tests">Tests</stat>
<stat pass="5" fail="0" skip="0" id="s1-s1" name="Random-User-Test">Tests.Random-User-Test</stat>
</suite>
</statistics>
<errors>
</errors>
</robot>
