<?xml version="1.0" encoding="UTF-8"?>
<robot generator="Robot 7.0.1 (Python 3.12.4 on linux)" generated="2024-07-23T05:15:56.167038" rpa="false" schemaversion="5">
<suite id="s1" name="Tests" source="/home/runner/work/ApiRandomUser/ApiRandomUser/RamdonUser/tests">
<suite id="s1-s1" name="Random-User-Test" source="/home/runner/work/ApiRandomUser/ApiRandomUser/RamdonUser/tests/random-user-test.robot">
<test id="s1-s1-t1" name="Conectar" line="13">
<kw name="Conectar API" owner="random-user-service">
<kw name="Create Session" owner="RequestsLibrary">
<msg time="2024-07-23T05:15:56.587324" level="INFO">Creating Session using : alias=consultarAPI, url=https://randomuser.me/, headers={},                     cookies={}, auth=None, timeout=None, proxies=None, verify=False,                     debug=0 </msg>
<arg>consultarAPI</arg>
<arg>${URL}</arg>
<doc>Create Session: create a HTTP session to a server</doc>
<status status="PASS" start="2024-07-23T05:15:56.587120" elapsed="0.000393"/>
</kw>
<status status="PASS" start="2024-07-23T05:15:56.586059" elapsed="0.001813"/>
</kw>
<status status="PASS" start="2024-07-23T05:15:56.585423" elapsed="0.002643"/>
</test>
<test id="s1-s1-t2" name="Validar retorno 200 e JSON Válido" line="16">
<kw name="Teste de Requisicao Basica" owner="random-user-service">
<kw name="GET On Session" owner="RequestsLibrary">
<msg time="2024-07-23T05:15:56.665284" level="INFO">GET Request : url=https://randomuser.me/api 
 path_url=/api 
 headers={'User-Agent': 'python-requests/2.32.3', 'Accept-Encoding': 'gzip, deflate', 'Accept': '*/*', 'Connection': 'keep-alive'} 
 body=None 
 </msg>
<msg time="2024-07-23T05:15:56.665441" level="INFO">GET Response : url=https://randomuser.me/api 
 status=200, reason=OK 
 headers={'Date': 'Tue, 23 Jul 2024 05:15:56 GMT', 'Content-Type': 'application/json; charset=utf-8', 'Transfer-Encoding': 'chunked', 'Connection': 'keep-alive', 'X-Powered-By': 'Express', 'Access-Control-Allow-Origin': '*', 'Cache-Control': 'no-cache', 'ETag': 'W/"49f-8cXG3UbzkvpIKD0peNfauJ06OQY"', 'Vary': 'Accept-Encoding', 'Content-Encoding': 'gzip', 'CF-Cache-Status': 'DYNAMIC', 'Report-To': '{"endpoints":[{"url":"https:\\/\\/a.nel.cloudflare.com\\/report\\/v4?s=jjCcuP6vaa9lVhQemuypwYEXFXDfDr1K4TUfC%2BVCfjfdZ8oVOrx7MuIO%2FtKiWx2ZqXnpRfYzW%2BEefEhVNKujKEvsHdXj%2BahFQ%2FfuKmOstRSFlAEH%2Fat2JAbX84o74Wm7"}],"group":"cf-nel","max_age":604800}', 'NEL': '{"success_fraction":0,"report_to":"cf-nel","max_age":604800}', 'Server': 'cloudflare', 'CF-RAY': '8a79320eed1e5b1c-IAD', 'alt-svc': 'h3=":443"; ma=86400'} 
 body={"results":[{"gender":"female","name":{"title":"Ms","first":"Lolita","last":"Vishenskiy"},"location":{"street":{"number":6039,"name":"Maksima Zaliznyaka"},"city":"Bolgrad","state":"Hmelnicka","country":"Ukraine","postcode":46129,"coordinates":{"latitude":"77.8592","longitude":"164.3792"},"timezone":{"offset":"+5:00","description":"Ekaterinburg, Islamabad, Karachi, Tashkent"}},"email":"lolita.vishenskiy@example.com","login":{"uuid":"72ca951e-6bcc-478c-9eac-456470b691ac","username":"smallfish422","password":"nissan","salt":"RUVBGX35","md5":"c8051504fb0f1495cc07d9e8c02eaeee","sha1":"b7c1ca4d899fe5e2f965a0d03d7af887923e00d5","sha256":"95edcbc973618239d852c9013cc574d0ad0f85a46d5a613aab925a8bff1b1533"},"dob":{"date":"1966-04-23T07:17:26.007Z","age":58},"registered":{"date":"2008-05-25T03:40:22.837Z","age":16},"phone":"(066) T46-0677","cell":"(097) T66-1700","id":{"name":"","value":null},"picture":{"large":"https://randomuser.me/api/portraits/women/46.jpg","medium":"https://randomuser.me/api/portraits/med/women/46.jpg","thumbnail":"https://randomuser.me/api/portraits/thumb/women/46.jpg"},"nat":"UA"}],"info":{"seed":"f3a100fbac7f08da","results":1,"page":1,"version":"1.4"}} 
 </msg>
<msg time="2024-07-23T05:15:56.665527" level="INFO">/opt/hostedtoolcache/Python/3.12.4/x64/lib/python3.12/site-packages/urllib3/connectionpool.py:1099: InsecureRequestWarning: Unverified HTTPS request is being made to host 'randomuser.me'. Adding certificate verification is strongly advised. See: https://urllib3.readthedocs.io/en/latest/advanced-usage.html#tls-warnings
  warnings.warn(</msg>
<msg time="2024-07-23T05:15:56.665671" level="INFO">${response} = &lt;Response [200]&gt;</msg>
<var>${response}</var>
<arg>consultarAPI</arg>
<arg>/api</arg>
<doc>Sends a GET request on a previously created HTTP Session.</doc>
<status status="PASS" start="2024-07-23T05:15:56.590794" elapsed="0.074924"/>
</kw>
<kw name="Should Be Equal As Numbers" owner="BuiltIn">
<msg time="2024-07-23T05:15:56.666793" level="INFO">Argument types are:
&lt;class 'int'&gt;
&lt;class 'str'&gt;</msg>
<arg>${response.status_code}</arg>
<arg>200</arg>
<doc>Fails if objects are unequal after converting them to real numbers.</doc>
<status status="PASS" start="2024-07-23T05:15:56.666303" elapsed="0.000557"/>
</kw>
<kw name="Log" owner="BuiltIn">
<msg time="2024-07-23T05:15:56.667551" level="INFO">200</msg>
<arg>${response.status_code}</arg>
<doc>Logs the given message with the given level.</doc>
<status status="PASS" start="2024-07-23T05:15:56.667197" elapsed="0.000407"/>
</kw>
<kw name="Set Variable" owner="BuiltIn">
<msg time="2024-07-23T05:15:56.668396" level="INFO">${json_data} = {'results': [{'gender': 'female', 'name': {'title': 'Ms', 'first': 'Lolita', 'last': 'Vishenskiy'}, 'location': {'street': {'number': 6039, 'name': 'Maksima Zaliznyaka'}, 'city': 'Bolgrad', 'state': '...</msg>
<var>${json_data}</var>
<arg>${response.json()}</arg>
<doc>Returns the given values which can then be assigned to a variables.</doc>
<status status="PASS" start="2024-07-23T05:15:56.667912" elapsed="0.000513"/>
</kw>
<kw name="Dictionary Should Contain Key" owner="Collections">
<arg>${json_data}</arg>
<arg>results</arg>
<doc>Fails if ``key`` is not found from ``dictionary``.</doc>
<status status="PASS" start="2024-07-23T05:15:56.668740" elapsed="0.000373"/>
</kw>
<status status="PASS" start="2024-07-23T05:15:56.590549" elapsed="0.078726"/>
</kw>
<doc>Testa se a API responde corretamente e retorna um objeto JSON válido.</doc>
<tag>testeRequisicaoBasica</tag>
<status status="PASS" start="2024-07-23T05:15:56.590027" elapsed="0.079424"/>
</test>
<test id="s1-s1-t3" name="Validar estrutura de resposta" line="22">
<kw name="Teste de Estrutura de Resposta" owner="random-user-service">
<kw name="GET On Session" owner="RequestsLibrary">
<msg time="2024-07-23T05:15:56.755183" level="INFO">GET Request : url=https://randomuser.me/api 
 path_url=/api 
 headers={'User-Agent': 'python-requests/2.32.3', 'Accept-Encoding': 'gzip, deflate', 'Accept': '*/*', 'Connection': 'keep-alive'} 
 body=None 
 </msg>
<msg time="2024-07-23T05:15:56.755298" level="INFO">GET Response : url=https://randomuser.me/api 
 status=200, reason=OK 
 headers={'Date': 'Tue, 23 Jul 2024 05:15:56 GMT', 'Content-Type': 'application/json; charset=utf-8', 'Transfer-Encoding': 'chunked', 'Connection': 'keep-alive', 'X-Powered-By': 'Express', 'Access-Control-Allow-Origin': '*', 'Cache-Control': 'no-cache', 'ETag': 'W/"49a-xVAl3h3RJgUC96znyzS+S8QuBXA"', 'Vary': 'Accept-Encoding', 'Content-Encoding': 'gzip', 'CF-Cache-Status': 'DYNAMIC', 'Report-To': '{"endpoints":[{"url":"https:\\/\\/a.nel.cloudflare.com\\/report\\/v4?s=FuDUt6d3gRomQvAHd8K5hyuLH77skjFQoOeUh5XvVf25kV70RpJ7XTMKlhgWvnK8RB3Et3Vs66sZXej78fEa1pZw8mWB20TR63ZGpYUIIKJ08DExusGJ36ItlQ2G4qmP"}],"group":"cf-nel","max_age":604800}', 'NEL': '{"success_fraction":0,"report_to":"cf-nel","max_age":604800}', 'Server': 'cloudflare', 'CF-RAY': '8a79320f3d435b1c-IAD', 'alt-svc': 'h3=":443"; ma=86400'} 
 body={"results":[{"gender":"female","name":{"title":"Miss","first":"Nevaeh","last":"Smith"},"location":{"street":{"number":6206,"name":"Hereford Street"},"city":"Christchurch","state":"West Coast","country":"New Zealand","postcode":91159,"coordinates":{"latitude":"52.1770","longitude":"163.8288"},"timezone":{"offset":"+10:00","description":"Eastern Australia, Guam, Vladivostok"}},"email":"nevaeh.smith@example.com","login":{"uuid":"ba0e951f-e01f-462d-addb-81cb1a6ed713","username":"sadleopard176","password":"spinner","salt":"cf0AkZ61","md5":"a15932feb4ea92bd232a5048be00a4a4","sha1":"3ae7dce5d9ddabb12bfe42957f6de31c9f252e50","sha256":"a926c1f6b1e3206003c5d612e721a23b6b3cddf44b45d858523c907f743c66fc"},"dob":{"date":"1988-08-03T06:10:07.889Z","age":35},"registered":{"date":"2017-04-29T22:59:05.858Z","age":7},"phone":"(639)-840-2281","cell":"(369)-605-6990","id":{"name":"","value":null},"picture":{"large":"https://randomuser.me/api/portraits/women/12.jpg","medium":"https://randomuser.me/api/portraits/med/women/12.jpg","thumbnail":"https://randomuser.me/api/portraits/thumb/women/12.jpg"},"nat":"NZ"}],"info":{"seed":"24311bbb860ce2c4","results":1,"page":1,"version":"1.4"}} 
 </msg>
<msg time="2024-07-23T05:15:56.755445" level="INFO">/opt/hostedtoolcache/Python/3.12.4/x64/lib/python3.12/site-packages/urllib3/connectionpool.py:1099: InsecureRequestWarning: Unverified HTTPS request is being made to host 'randomuser.me'. Adding certificate verification is strongly advised. See: https://urllib3.readthedocs.io/en/latest/advanced-usage.html#tls-warnings
  warnings.warn(</msg>
<msg time="2024-07-23T05:15:56.755598" level="INFO">${response} = &lt;Response [200]&gt;</msg>
<var>${response}</var>
<arg>consultarAPI</arg>
<arg>/api</arg>
<doc>Sends a GET request on a previously created HTTP Session.</doc>
<status status="PASS" start="2024-07-23T05:15:56.672180" elapsed="0.083473"/>
</kw>
<kw name="Set Variable" owner="BuiltIn">
<msg time="2024-07-23T05:15:56.756787" level="INFO">${json_data} = {'results': [{'gender': 'female', 'name': {'title': 'Miss', 'first': 'Nevaeh', 'last': 'Smith'}, 'location': {'street': {'number': 6206, 'name': 'Hereford Street'}, 'city': 'Christchurch', 'state': 'W...</msg>
<var>${json_data}</var>
<arg>${response.json()}</arg>
<doc>Returns the given values which can then be assigned to a variables.</doc>
<status status="PASS" start="2024-07-23T05:15:56.756258" elapsed="0.000560"/>
</kw>
<kw name="Log" owner="BuiltIn">
<msg time="2024-07-23T05:15:56.757303" level="INFO">{'results': [{'gender': 'female', 'name': {'title': 'Miss', 'first': 'Nevaeh', 'last': 'Smith'}, 'location': {'street': {'number': 6206, 'name': 'Hereford Street'}, 'city': 'Christchurch', 'state': 'West Coast', 'country': 'New Zealand', 'postcode': 91159, 'coordinates': {'latitude': '52.1770', 'longitude': '163.8288'}, 'timezone': {'offset': '+10:00', 'description': 'Eastern Australia, Guam, Vladivostok'}}, 'email': 'nevaeh.smith@example.com', 'login': {'uuid': 'ba0e951f-e01f-462d-addb-81cb1a6ed713', 'username': 'sadleopard176', 'password': 'spinner', 'salt': 'cf0AkZ61', 'md5': 'a15932feb4ea92bd232a5048be00a4a4', 'sha1': '3ae7dce5d9ddabb12bfe42957f6de31c9f252e50', 'sha256': 'a926c1f6b1e3206003c5d612e721a23b6b3cddf44b45d858523c907f743c66fc'}, 'dob': {'date': '1988-08-03T06:10:07.889Z', 'age': 35}, 'registered': {'date': '2017-04-29T22:59:05.858Z', 'age': 7}, 'phone': '(639)-840-2281', 'cell': '(369)-605-6990', 'id': {'name': '', 'value': None}, 'picture': {'large': 'https://randomuser.me/api/portraits/women/12.jpg', 'medium': 'https://randomuser.me/api/portraits/med/women/12.jpg', 'thumbnail': 'https://randomuser.me/api/portraits/thumb/women/12.jpg'}, 'nat': 'NZ'}], 'info': {'seed': '24311bbb860ce2c4', 'results': 1, 'page': 1, 'version': '1.4'}}</msg>
<arg>${json_data}</arg>
<doc>Logs the given message with the given level.</doc>
<status status="PASS" start="2024-07-23T05:15:56.757133" elapsed="0.000221"/>
</kw>
<kw name="Dictionary Should Contain Key" owner="Collections">
<arg>${json_data}</arg>
<arg>results</arg>
<doc>Fails if ``key`` is not found from ``dictionary``.</doc>
<status status="PASS" start="2024-07-23T05:15:56.757663" elapsed="0.000167"/>
</kw>
<kw name="Should Not Be Empty" owner="BuiltIn">
<msg time="2024-07-23T05:15:56.758149" level="INFO">Length is 2.</msg>
<arg>${json_data}</arg>
<doc>Verifies that the given item is not empty.</doc>
<status status="PASS" start="2024-07-23T05:15:56.758021" elapsed="0.000167"/>
</kw>
<kw name="Create List" owner="BuiltIn">
<msg time="2024-07-23T05:15:56.758637" level="INFO">${expected_keys} = ['gender', 'name', 'location', 'email', 'login']</msg>
<var>${expected_keys}</var>
<arg>gender</arg>
<arg>name</arg>
<arg>location</arg>
<arg>email</arg>
<arg>login</arg>
<doc>Returns a list containing given items.</doc>
<status status="PASS" start="2024-07-23T05:15:56.758479" elapsed="0.000183"/>
</kw>
<for flavor="IN">
<iter>
<kw name="Dictionary Should Contain Key" owner="Collections">
<arg>${json_data['results'][0]}</arg>
<arg>${key}</arg>
<doc>Fails if ``key`` is not found from ``dictionary``.</doc>
<status status="PASS" start="2024-07-23T05:15:56.759262" elapsed="0.000412"/>
</kw>
<kw name="Log" owner="BuiltIn">
<msg time="2024-07-23T05:15:56.760279" level="INFO">{'gender': 'female', 'name': {'title': 'Miss', 'first': 'Nevaeh', 'last': 'Smith'}, 'location': {'street': {'number': 6206, 'name': 'Hereford Street'}, 'city': 'Christchurch', 'state': 'West Coast', 'country': 'New Zealand', 'postcode': 91159, 'coordinates': {'latitude': '52.1770', 'longitude': '163.8288'}, 'timezone': {'offset': '+10:00', 'description': 'Eastern Australia, Guam, Vladivostok'}}, 'email': 'nevaeh.smith@example.com', 'login': {'uuid': 'ba0e951f-e01f-462d-addb-81cb1a6ed713', 'username': 'sadleopard176', 'password': 'spinner', 'salt': 'cf0AkZ61', 'md5': 'a15932feb4ea92bd232a5048be00a4a4', 'sha1': '3ae7dce5d9ddabb12bfe42957f6de31c9f252e50', 'sha256': 'a926c1f6b1e3206003c5d612e721a23b6b3cddf44b45d858523c907f743c66fc'}, 'dob': {'date': '1988-08-03T06:10:07.889Z', 'age': 35}, 'registered': {'date': '2017-04-29T22:59:05.858Z', 'age': 7}, 'phone': '(639)-840-2281', 'cell': '(369)-605-6990', 'id': {'name': '', 'value': None}, 'picture': {'large': 'https://randomuser.me/api/portraits/women/12.jpg', 'medium': 'https://randomuser.me/api/portraits/med/women/12.jpg', 'thumbnail': 'https://randomuser.me/api/portraits/thumb/women/12.jpg'}, 'nat': 'NZ'}</msg>
<arg>${json_data['results'][0]}</arg>
<doc>Logs the given message with the given level.</doc>
<status status="PASS" start="2024-07-23T05:15:56.759870" elapsed="0.000464"/>
</kw>
<kw name="Log" owner="BuiltIn">
<msg time="2024-07-23T05:15:56.760772" level="INFO">gender</msg>
<arg>${key}</arg>
<doc>Logs the given message with the given level.</doc>
<status status="PASS" start="2024-07-23T05:15:56.760640" elapsed="0.000172"/>
</kw>
<var name="${key}">gender</var>
<status status="PASS" start="2024-07-23T05:15:56.759130" elapsed="0.001901"/>
</iter>
<iter>
<kw name="Dictionary Should Contain Key" owner="Collections">
<arg>${json_data['results'][0]}</arg>
<arg>${key}</arg>
<doc>Fails if ``key`` is not found from ``dictionary``.</doc>
<status status="PASS" start="2024-07-23T05:15:56.761348" elapsed="0.000394"/>
</kw>
<kw name="Log" owner="BuiltIn">
<msg time="2024-07-23T05:15:56.762293" level="INFO">{'gender': 'female', 'name': {'title': 'Miss', 'first': 'Nevaeh', 'last': 'Smith'}, 'location': {'street': {'number': 6206, 'name': 'Hereford Street'}, 'city': 'Christchurch', 'state': 'West Coast', 'country': 'New Zealand', 'postcode': 91159, 'coordinates': {'latitude': '52.1770', 'longitude': '163.8288'}, 'timezone': {'offset': '+10:00', 'description': 'Eastern Australia, Guam, Vladivostok'}}, 'email': 'nevaeh.smith@example.com', 'login': {'uuid': 'ba0e951f-e01f-462d-addb-81cb1a6ed713', 'username': 'sadleopard176', 'password': 'spinner', 'salt': 'cf0AkZ61', 'md5': 'a15932feb4ea92bd232a5048be00a4a4', 'sha1': '3ae7dce5d9ddabb12bfe42957f6de31c9f252e50', 'sha256': 'a926c1f6b1e3206003c5d612e721a23b6b3cddf44b45d858523c907f743c66fc'}, 'dob': {'date': '1988-08-03T06:10:07.889Z', 'age': 35}, 'registered': {'date': '2017-04-29T22:59:05.858Z', 'age': 7}, 'phone': '(639)-840-2281', 'cell': '(369)-605-6990', 'id': {'name': '', 'value': None}, 'picture': {'large': 'https://randomuser.me/api/portraits/women/12.jpg', 'medium': 'https://randomuser.me/api/portraits/med/women/12.jpg', 'thumbnail': 'https://randomuser.me/api/portraits/thumb/women/12.jpg'}, 'nat': 'NZ'}</msg>
<arg>${json_data['results'][0]}</arg>
<doc>Logs the given message with the given level.</doc>
<status status="PASS" start="2024-07-23T05:15:56.761926" elapsed="0.000451"/>
</kw>
<kw name="Log" owner="BuiltIn">
<msg time="2024-07-23T05:15:56.762823" level="INFO">name</msg>
<arg>${key}</arg>
<doc>Logs the given message with the given level.</doc>
<status status="PASS" start="2024-07-23T05:15:56.762681" elapsed="0.000180"/>
</kw>
<var name="${key}">name</var>
<status status="PASS" start="2024-07-23T05:15:56.761223" elapsed="0.001856"/>
</iter>
<iter>
<kw name="Dictionary Should Contain Key" owner="Collections">
<arg>${json_data['results'][0]}</arg>
<arg>${key}</arg>
<doc>Fails if ``key`` is not found from ``dictionary``.</doc>
<status status="PASS" start="2024-07-23T05:15:56.763363" elapsed="0.000391"/>
</kw>
<kw name="Log" owner="BuiltIn">
<msg time="2024-07-23T05:15:56.764329" level="INFO">{'gender': 'female', 'name': {'title': 'Miss', 'first': 'Nevaeh', 'last': 'Smith'}, 'location': {'street': {'number': 6206, 'name': 'Hereford Street'}, 'city': 'Christchurch', 'state': 'West Coast', 'country': 'New Zealand', 'postcode': 91159, 'coordinates': {'latitude': '52.1770', 'longitude': '163.8288'}, 'timezone': {'offset': '+10:00', 'description': 'Eastern Australia, Guam, Vladivostok'}}, 'email': 'nevaeh.smith@example.com', 'login': {'uuid': 'ba0e951f-e01f-462d-addb-81cb1a6ed713', 'username': 'sadleopard176', 'password': 'spinner', 'salt': 'cf0AkZ61', 'md5': 'a15932feb4ea92bd232a5048be00a4a4', 'sha1': '3ae7dce5d9ddabb12bfe42957f6de31c9f252e50', 'sha256': 'a926c1f6b1e3206003c5d612e721a23b6b3cddf44b45d858523c907f743c66fc'}, 'dob': {'date': '1988-08-03T06:10:07.889Z', 'age': 35}, 'registered': {'date': '2017-04-29T22:59:05.858Z', 'age': 7}, 'phone': '(639)-840-2281', 'cell': '(369)-605-6990', 'id': {'name': '', 'value': None}, 'picture': {'large': 'https://randomuser.me/api/portraits/women/12.jpg', 'medium': 'https://randomuser.me/api/portraits/med/women/12.jpg', 'thumbnail': 'https://randomuser.me/api/portraits/thumb/women/12.jpg'}, 'nat': 'NZ'}</msg>
<arg>${json_data['results'][0]}</arg>
<doc>Logs the given message with the given level.</doc>
<status status="PASS" start="2024-07-23T05:15:56.763946" elapsed="0.000434"/>
</kw>
<kw name="Log" owner="BuiltIn">
<msg time="2024-07-23T05:15:56.764807" level="INFO">location</msg>
<arg>${key}</arg>
<doc>Logs the given message with the given level.</doc>
<status status="PASS" start="2024-07-23T05:15:56.764679" elapsed="0.000166"/>
</kw>
<var name="${key}">location</var>
<status status="PASS" start="2024-07-23T05:15:56.763255" elapsed="0.001808"/>
</iter>
<iter>
<kw name="Dictionary Should Contain Key" owner="Collections">
<arg>${json_data['results'][0]}</arg>
<arg>${key}</arg>
<doc>Fails if ``key`` is not found from ``dictionary``.</doc>
<status status="PASS" start="2024-07-23T05:15:56.765344" elapsed="0.000393"/>
</kw>
<kw name="Log" owner="BuiltIn">
<msg time="2024-07-23T05:15:56.766422" level="INFO">{'gender': 'female', 'name': {'title': 'Miss', 'first': 'Nevaeh', 'last': 'Smith'}, 'location': {'street': {'number': 6206, 'name': 'Hereford Street'}, 'city': 'Christchurch', 'state': 'West Coast', 'country': 'New Zealand', 'postcode': 91159, 'coordinates': {'latitude': '52.1770', 'longitude': '163.8288'}, 'timezone': {'offset': '+10:00', 'description': 'Eastern Australia, Guam, Vladivostok'}}, 'email': 'nevaeh.smith@example.com', 'login': {'uuid': 'ba0e951f-e01f-462d-addb-81cb1a6ed713', 'username': 'sadleopard176', 'password': 'spinner', 'salt': 'cf0AkZ61', 'md5': 'a15932feb4ea92bd232a5048be00a4a4', 'sha1': '3ae7dce5d9ddabb12bfe42957f6de31c9f252e50', 'sha256': 'a926c1f6b1e3206003c5d612e721a23b6b3cddf44b45d858523c907f743c66fc'}, 'dob': {'date': '1988-08-03T06:10:07.889Z', 'age': 35}, 'registered': {'date': '2017-04-29T22:59:05.858Z', 'age': 7}, 'phone': '(639)-840-2281', 'cell': '(369)-605-6990', 'id': {'name': '', 'value': None}, 'picture': {'large': 'https://randomuser.me/api/portraits/women/12.jpg', 'medium': 'https://randomuser.me/api/portraits/med/women/12.jpg', 'thumbnail': 'https://randomuser.me/api/portraits/thumb/women/12.jpg'}, 'nat': 'NZ'}</msg>
<arg>${json_data['results'][0]}</arg>
<doc>Logs the given message with the given level.</doc>
<status status="PASS" start="2024-07-23T05:15:56.766048" elapsed="0.000424"/>
</kw>
<kw name="Log" owner="BuiltIn">
<msg time="2024-07-23T05:15:56.766900" level="INFO">email</msg>
<arg>${key}</arg>
<doc>Logs the given message with the given level.</doc>
<status status="PASS" start="2024-07-23T05:15:56.766770" elapsed="0.000170"/>
</kw>
<var name="${key}">email</var>
<status status="PASS" start="2024-07-23T05:15:56.765236" elapsed="0.001922"/>
</iter>
<iter>
<kw name="Dictionary Should Contain Key" owner="Collections">
<arg>${json_data['results'][0]}</arg>
<arg>${key}</arg>
<doc>Fails if ``key`` is not found from ``dictionary``.</doc>
<status status="PASS" start="2024-07-23T05:15:56.767444" elapsed="0.000377"/>
</kw>
<kw name="Log" owner="BuiltIn">
<msg time="2024-07-23T05:15:56.768383" level="INFO">{'gender': 'female', 'name': {'title': 'Miss', 'first': 'Nevaeh', 'last': 'Smith'}, 'location': {'street': {'number': 6206, 'name': 'Hereford Street'}, 'city': 'Christchurch', 'state': 'West Coast', 'country': 'New Zealand', 'postcode': 91159, 'coordinates': {'latitude': '52.1770', 'longitude': '163.8288'}, 'timezone': {'offset': '+10:00', 'description': 'Eastern Australia, Guam, Vladivostok'}}, 'email': 'nevaeh.smith@example.com', 'login': {'uuid': 'ba0e951f-e01f-462d-addb-81cb1a6ed713', 'username': 'sadleopard176', 'password': 'spinner', 'salt': 'cf0AkZ61', 'md5': 'a15932feb4ea92bd232a5048be00a4a4', 'sha1': '3ae7dce5d9ddabb12bfe42957f6de31c9f252e50', 'sha256': 'a926c1f6b1e3206003c5d612e721a23b6b3cddf44b45d858523c907f743c66fc'}, 'dob': {'date': '1988-08-03T06:10:07.889Z', 'age': 35}, 'registered': {'date': '2017-04-29T22:59:05.858Z', 'age': 7}, 'phone': '(639)-840-2281', 'cell': '(369)-605-6990', 'id': {'name': '', 'value': None}, 'picture': {'large': 'https://randomuser.me/api/portraits/women/12.jpg', 'medium': 'https://randomuser.me/api/portraits/med/women/12.jpg', 'thumbnail': 'https://randomuser.me/api/portraits/thumb/women/12.jpg'}, 'nat': 'NZ'}</msg>
<arg>${json_data['results'][0]}</arg>
<doc>Logs the given message with the given level.</doc>
<status status="PASS" start="2024-07-23T05:15:56.768003" elapsed="0.000429"/>
</kw>
<kw name="Log" owner="BuiltIn">
<msg time="2024-07-23T05:15:56.768853" level="INFO">login</msg>
<arg>${key}</arg>
<doc>Logs the given message with the given level.</doc>
<status status="PASS" start="2024-07-23T05:15:56.768727" elapsed="0.000164"/>
</kw>
<var name="${key}">login</var>
<status status="PASS" start="2024-07-23T05:15:56.767334" elapsed="0.001781"/>
</iter>
<var>${key}</var>
<value>@{expected_keys}</value>
<status status="PASS" start="2024-07-23T05:15:56.758932" elapsed="0.010303"/>
</for>
<kw name="Create List" owner="BuiltIn">
<msg time="2024-07-23T05:15:56.769596" level="INFO">${expected_keysTwo} = ['username', 'password']</msg>
<var>${expected_keysTwo}</var>
<arg>username</arg>
<arg>password</arg>
<doc>Returns a list containing given items.</doc>
<status status="PASS" start="2024-07-23T05:15:56.769424" elapsed="0.000197"/>
</kw>
<for flavor="IN">
<iter>
<kw name="Dictionary Should Contain Key" owner="Collections">
<arg>${json_data['results'][0]['login']}</arg>
<arg>${keyTwo}</arg>
<doc>Fails if ``key`` is not found from ``dictionary``.</doc>
<status status="PASS" start="2024-07-23T05:15:56.770133" elapsed="0.000384"/>
</kw>
<kw name="Dictionary Should Contain Key" owner="Collections">
<arg>${json_data['results'][0]['login']}</arg>
<arg>${keyTwo}</arg>
<doc>Fails if ``key`` is not found from ``dictionary``.</doc>
<status status="PASS" start="2024-07-23T05:15:56.770702" elapsed="0.000380"/>
</kw>
<kw name="Log" owner="BuiltIn">
<msg time="2024-07-23T05:15:56.771392" level="INFO">username</msg>
<arg>${keyTwo}</arg>
<doc>Logs the given message with the given level.</doc>
<status status="PASS" start="2024-07-23T05:15:56.771263" elapsed="0.000168"/>
</kw>
<var name="${keyTwo}">username</var>
<status status="PASS" start="2024-07-23T05:15:56.770024" elapsed="0.001628"/>
</iter>
<iter>
<kw name="Dictionary Should Contain Key" owner="Collections">
<arg>${json_data['results'][0]['login']}</arg>
<arg>${keyTwo}</arg>
<doc>Fails if ``key`` is not found from ``dictionary``.</doc>
<status status="PASS" start="2024-07-23T05:15:56.771941" elapsed="0.000418"/>
</kw>
<kw name="Dictionary Should Contain Key" owner="Collections">
<arg>${json_data['results'][0]['login']}</arg>
<arg>${keyTwo}</arg>
<doc>Fails if ``key`` is not found from ``dictionary``.</doc>
<status status="PASS" start="2024-07-23T05:15:56.772541" elapsed="0.000378"/>
</kw>
<kw name="Log" owner="BuiltIn">
<msg time="2024-07-23T05:15:56.773222" level="INFO">password</msg>
<arg>${keyTwo}</arg>
<doc>Logs the given message with the given level.</doc>
<status status="PASS" start="2024-07-23T05:15:56.773096" elapsed="0.000164"/>
</kw>
<var name="${keyTwo}">password</var>
<status status="PASS" start="2024-07-23T05:15:56.771827" elapsed="0.001654"/>
</iter>
<var>${keyTwo}</var>
<value>@{expected_keysTwo}</value>
<status status="PASS" start="2024-07-23T05:15:56.769861" elapsed="0.003742"/>
</for>
<status status="PASS" start="2024-07-23T05:15:56.671916" elapsed="0.101831"/>
</kw>
<doc>Testa a estrutura da resposta da API.</doc>
<tag>testeEstruturaResposta</tag>
<status status="PASS" start="2024-07-23T05:15:56.671310" elapsed="0.102595"/>
</test>
<test id="s1-s1-t4" name="Validar tipos de dados" line="28">
<kw name="Teste de Tipos de Dados" owner="random-user-service">
<kw name="GET On Session" owner="RequestsLibrary">
<msg time="2024-07-23T05:15:56.864354" level="INFO">GET Request : url=https://randomuser.me/api 
 path_url=/api 
 headers={'User-Agent': 'python-requests/2.32.3', 'Accept-Encoding': 'gzip, deflate', 'Accept': '*/*', 'Connection': 'keep-alive'} 
 body=None 
 </msg>
<msg time="2024-07-23T05:15:56.864446" level="INFO">GET Response : url=https://randomuser.me/api 
 status=200, reason=OK 
 headers={'Date': 'Tue, 23 Jul 2024 05:15:56 GMT', 'Content-Type': 'application/json; charset=utf-8', 'Transfer-Encoding': 'chunked', 'Connection': 'keep-alive', 'X-Powered-By': 'Express', 'Access-Control-Allow-Origin': '*', 'Cache-Control': 'no-cache', 'ETag': 'W/"495-uDiqWyLpPnuO9sozZjwZEY1OKx0"', 'Vary': 'Accept-Encoding', 'Content-Encoding': 'gzip', 'CF-Cache-Status': 'DYNAMIC', 'Report-To': '{"endpoints":[{"url":"https:\\/\\/a.nel.cloudflare.com\\/report\\/v4?s=lOYwAQLqMjsCVPRzMVntBA0A84nUX6vpDCDr5bcR9fvgGe40BW5HY0keGzHlkA4zW%2FONfXJsiFYhvHGy7rmMCuzHmg0Fs2bHHP4imDSqcYR1nC74ndBfQ1fUjQjJG0N0"}],"group":"cf-nel","max_age":604800}', 'NEL': '{"success_fraction":0,"report_to":"cf-nel","max_age":604800}', 'Server': 'cloudflare', 'CF-RAY': '8a79320fed915b1c-IAD', 'alt-svc': 'h3=":443"; ma=86400'} 
 body={"results":[{"gender":"male","name":{"title":"Mr","first":"Lucas Or Luke","last":"Grant"},"location":{"street":{"number":3627,"name":"Main Road"},"city":"Winchester","state":"Warwickshire","country":"United Kingdom","postcode":"BA2 0UW","coordinates":{"latitude":"-5.4380","longitude":"-32.2342"},"timezone":{"offset":"+9:30","description":"Adelaide, Darwin"}},"email":"lucasorluke.grant@example.com","login":{"uuid":"a5e55fec-3ea2-465b-ab92-02d53ddfc4d5","username":"organiccat144","password":"ragnarok","salt":"o3QjywQP","md5":"5413703548f738bee89eb29d3d9ed103","sha1":"5910e8ee48147fc99d12ef3246c0e7ad96687834","sha256":"f62b3e2df402854b6dc5d745158495fa8b66f979376bb34a0d519e8b2e6c7c25"},"dob":{"date":"1951-12-24T01:46:04.634Z","age":72},"registered":{"date":"2019-07-03T17:11:56.938Z","age":5},"phone":"0101 767 3880","cell":"07149 706730","id":{"name":"NINO","value":"GY 77 90 69 K"},"picture":{"large":"https://randomuser.me/api/portraits/men/35.jpg","medium":"https://randomuser.me/api/portraits/med/men/35.jpg","thumbnail":"https://randomuser.me/api/portraits/thumb/men/35.jpg"},"nat":"GB"}],"info":{"seed":"337a2f02ffc7d11b","results":1,"page":1,"version":"1.4"}} 
 </msg>
<msg time="2024-07-23T05:15:56.864519" level="INFO">/opt/hostedtoolcache/Python/3.12.4/x64/lib/python3.12/site-packages/urllib3/connectionpool.py:1099: InsecureRequestWarning: Unverified HTTPS request is being made to host 'randomuser.me'. Adding certificate verification is strongly advised. See: https://urllib3.readthedocs.io/en/latest/advanced-usage.html#tls-warnings
  warnings.warn(</msg>
<msg time="2024-07-23T05:15:56.864645" level="INFO">${response} = &lt;Response [200]&gt;</msg>
<var>${response}</var>
<arg>consultarAPI</arg>
<arg>/api</arg>
<doc>Sends a GET request on a previously created HTTP Session.</doc>
<status status="PASS" start="2024-07-23T05:15:56.776479" elapsed="0.088227"/>
</kw>
<kw name="Set Variable" owner="BuiltIn">
<msg time="2024-07-23T05:15:56.865812" level="INFO">${json_data} = {'results': [{'gender': 'male', 'name': {'title': 'Mr', 'first': 'Lucas Or Luke', 'last': 'Grant'}, 'location': {'street': {'number': 3627, 'name': 'Main Road'}, 'city': 'Winchester', 'state': 'Warwic...</msg>
<var>${json_data}</var>
<arg>${response.json()}</arg>
<doc>Returns the given values which can then be assigned to a variables.</doc>
<status status="PASS" start="2024-07-23T05:15:56.865251" elapsed="0.000591"/>
</kw>
<kw name="Log" owner="BuiltIn">
<msg time="2024-07-23T05:15:56.866314" level="INFO">{'results': [{'gender': 'male', 'name': {'title': 'Mr', 'first': 'Lucas Or Luke', 'last': 'Grant'}, 'location': {'street': {'number': 3627, 'name': 'Main Road'}, 'city': 'Winchester', 'state': 'Warwickshire', 'country': 'United Kingdom', 'postcode': 'BA2 0UW', 'coordinates': {'latitude': '-5.4380', 'longitude': '-32.2342'}, 'timezone': {'offset': '+9:30', 'description': 'Adelaide, Darwin'}}, 'email': 'lucasorluke.grant@example.com', 'login': {'uuid': 'a5e55fec-3ea2-465b-ab92-02d53ddfc4d5', 'username': 'organiccat144', 'password': 'ragnarok', 'salt': 'o3QjywQP', 'md5': '5413703548f738bee89eb29d3d9ed103', 'sha1': '5910e8ee48147fc99d12ef3246c0e7ad96687834', 'sha256': 'f62b3e2df402854b6dc5d745158495fa8b66f979376bb34a0d519e8b2e6c7c25'}, 'dob': {'date': '1951-12-24T01:46:04.634Z', 'age': 72}, 'registered': {'date': '2019-07-03T17:11:56.938Z', 'age': 5}, 'phone': '0101 767 3880', 'cell': '07149 706730', 'id': {'name': 'NINO', 'value': 'GY 77 90 69 K'}, 'picture': {'large': 'https://randomuser.me/api/portraits/men/35.jpg', 'medium': 'https://randomuser.me/api/portraits/med/men/35.jpg', 'thumbnail': 'https://randomuser.me/api/portraits/thumb/men/35.jpg'}, 'nat': 'GB'}], 'info': {'seed': '337a2f02ffc7d11b', 'results': 1, 'page': 1, 'version': '1.4'}}</msg>
<arg>${json_data}</arg>
<doc>Logs the given message with the given level.</doc>
<status status="PASS" start="2024-07-23T05:15:56.866151" elapsed="0.000212"/>
</kw>
<kw name="Should Be String" owner="String">
<arg>${json_data['results'][0]['gender']}</arg>
<doc>Fails if the given ``item`` is not a string.</doc>
<status status="PASS" start="2024-07-23T05:15:56.866671" elapsed="0.000372"/>
</kw>
<kw name="Should Match Regexp" owner="BuiltIn">
<arg>${json_data['results'][0]['email']}</arg>
<arg>^[a-zA-Z0-9._%+-]+@[a-zA-Z0-9.-]+\.[a-zA-Z]{2,}$</arg>
<doc>Fails if ``string`` does not match ``pattern`` as a regular expression.</doc>
<status status="PASS" start="2024-07-23T05:15:56.867271" elapsed="0.000521"/>
</kw>
<kw name="Should Match Regexp" owner="BuiltIn">
<arg>${json_data['results'][0]['dob']['date']}</arg>
<arg>\\d{4}-\\d{2}-\\d{2}T\\d{2}:\\d{2}:\\d{2}\\.\\d{3}Z</arg>
<doc>Fails if ``string`` does not match ``pattern`` as a regular expression.</doc>
<status status="PASS" start="2024-07-23T05:15:56.867986" elapsed="0.000666"/>
</kw>
<kw name="Should Match Regexp" owner="BuiltIn">
<arg>${json_data['results'][0]['registered']['date']}</arg>
<arg>\\d{4}-\\d{2}-\\d{2}T\\d{2}:\\d{2}:\\d{2}\\.\\d{3}Z</arg>
<doc>Fails if ``string`` does not match ``pattern`` as a regular expression.</doc>
<status status="PASS" start="2024-07-23T05:15:56.868847" elapsed="0.000376"/>
</kw>
<kw name="Should Match Regexp" owner="BuiltIn">
<arg>${json_data['results'][0]['picture']['large']}</arg>
<arg>^https?://.*\.(?:png|jpe?g|gif|bmp)$</arg>
<doc>Fails if ``string`` does not match ``pattern`` as a regular expression.</doc>
<status status="PASS" start="2024-07-23T05:15:56.869411" elapsed="0.000462"/>
</kw>
<kw name="Should Match Regexp" owner="BuiltIn">
<arg>${json_data['results'][0]['picture']['medium']}</arg>
<arg>^https?://.*\.(?:png|jpe?g|gif|bmp)$</arg>
<doc>Fails if ``string`` does not match ``pattern`` as a regular expression.</doc>
<status status="PASS" start="2024-07-23T05:15:56.870062" elapsed="0.000356"/>
</kw>
<kw name="Should Match Regexp" owner="BuiltIn">
<arg>${json_data['results'][0]['picture']['thumbnail']}</arg>
<arg>^https?://.*\.(?:png|jpe?g|gif|bmp)$</arg>
<doc>Fails if ``string`` does not match ``pattern`` as a regular expression.</doc>
<status status="PASS" start="2024-07-23T05:15:56.870602" elapsed="0.000353"/>
</kw>
<kw name="Log" owner="BuiltIn">
<msg time="2024-07-23T05:15:56.871470" level="INFO">{'large': 'https://randomuser.me/api/portraits/men/35.jpg', 'medium': 'https://randomuser.me/api/portraits/med/men/35.jpg', 'thumbnail': 'https://randomuser.me/api/portraits/thumb/men/35.jpg'}</msg>
<arg>${json_data['results'][0]['picture']}</arg>
<doc>Logs the given message with the given level.</doc>
<status status="PASS" start="2024-07-23T05:15:56.871140" elapsed="0.000373"/>
</kw>
<status status="PASS" start="2024-07-23T05:15:56.776249" elapsed="0.095524"/>
</kw>
<kw name="Teste de Tipos de Dados - Postcode" owner="random-user-service">
<kw name="GET On Session" owner="RequestsLibrary">
<msg time="2024-07-23T05:15:56.957868" level="INFO">GET Request : url=https://randomuser.me/api 
 path_url=/api 
 headers={'User-Agent': 'python-requests/2.32.3', 'Accept-Encoding': 'gzip, deflate', 'Accept': '*/*', 'Connection': 'keep-alive'} 
 body=None 
 </msg>
<msg time="2024-07-23T05:15:56.957974" level="INFO">GET Response : url=https://randomuser.me/api 
 status=200, reason=OK 
 headers={'Date': 'Tue, 23 Jul 2024 05:15:56 GMT', 'Content-Type': 'application/json; charset=utf-8', 'Transfer-Encoding': 'chunked', 'Connection': 'keep-alive', 'X-Powered-By': 'Express', 'Access-Control-Allow-Origin': '*', 'Cache-Control': 'no-cache', 'ETag': 'W/"487-MtXTFvTKRE/0lJp69pr+9BSAdhk"', 'Vary': 'Accept-Encoding', 'Content-Encoding': 'gzip', 'CF-Cache-Status': 'DYNAMIC', 'Report-To': '{"endpoints":[{"url":"https:\\/\\/a.nel.cloudflare.com\\/report\\/v4?s=A8BvSc7H2gXS63Q30YblL6P%2F%2F5M2Lf3fRblAISReKoLuVN08VkuEd12LAkT8ME5N%2FJdWhuac4sZJyItPoHAgh0vW%2BpcReQIzQp1X84lJPAjyKxjX9232GzJpqJjJtAM%2F"}],"group":"cf-nel","max_age":604800}', 'NEL': '{"success_fraction":0,"report_to":"cf-nel","max_age":604800}', 'Server': 'cloudflare', 'CF-RAY': '8a7932107de85b1c-IAD', 'alt-svc': 'h3=":443"; ma=86400'} 
 body={"results":[{"gender":"female","name":{"title":"Mrs","first":"Lilou","last":"Dupont"},"location":{"street":{"number":7474,"name":"Place du 22 Novembre 1943"},"city":"Perpignan","state":"Marne","country":"France","postcode":67308,"coordinates":{"latitude":"-13.0642","longitude":"48.2810"},"timezone":{"offset":"+4:30","description":"Kabul"}},"email":"lilou.dupont@example.com","login":{"uuid":"839ab4ba-ac55-4c2f-8e5a-4b476145f6d1","username":"redfish760","password":"eagles1","salt":"UwtUh9F6","md5":"18c711e3c348fd130a20ef07afc87006","sha1":"48d215f50fb3b250e7197ded98e196b9c16e2f75","sha256":"73602b1ee6c26e84d04d0aaf9f5f05e9b9c0f06af83e9a367902e8d244ebbec0"},"dob":{"date":"1961-10-10T22:20:21.498Z","age":62},"registered":{"date":"2011-09-09T04:13:58.125Z","age":12},"phone":"01-23-94-81-20","cell":"06-91-17-94-25","id":{"name":"INSEE","value":"2610976665927 25"},"picture":{"large":"https://randomuser.me/api/portraits/women/42.jpg","medium":"https://randomuser.me/api/portraits/med/women/42.jpg","thumbnail":"https://randomuser.me/api/portraits/thumb/women/42.jpg"},"nat":"FR"}],"info":{"seed":"087428917912cb3b","results":1,"page":1,"version":"1.4"}} 
 </msg>
<msg time="2024-07-23T05:15:56.958061" level="INFO">/opt/hostedtoolcache/Python/3.12.4/x64/lib/python3.12/site-packages/urllib3/connectionpool.py:1099: InsecureRequestWarning: Unverified HTTPS request is being made to host 'randomuser.me'. Adding certificate verification is strongly advised. See: https://urllib3.readthedocs.io/en/latest/advanced-usage.html#tls-warnings
  warnings.warn(</msg>
<msg time="2024-07-23T05:15:56.958193" level="INFO">${response} = &lt;Response [200]&gt;</msg>
<var>${response}</var>
<arg>consultarAPI</arg>
<arg>/api</arg>
<doc>Sends a GET request on a previously created HTTP Session.</doc>
<status status="PASS" start="2024-07-23T05:15:56.872255" elapsed="0.085980"/>
</kw>
<kw name="Set Variable" owner="BuiltIn">
<msg time="2024-07-23T05:15:56.959393" level="INFO">${json_data} = {'results': [{'gender': 'female', 'name': {'title': 'Mrs', 'first': 'Lilou', 'last': 'Dupont'}, 'location': {'street': {'number': 7474, 'name': 'Place du 22 Novembre 1943'}, 'city': 'Perpignan', 'stat...</msg>
<var>${json_data}</var>
<arg>${response.json()}</arg>
<doc>Returns the given values which can then be assigned to a variables.</doc>
<status status="PASS" start="2024-07-23T05:15:56.958822" elapsed="0.000600"/>
</kw>
<kw name="Log" owner="BuiltIn">
<msg time="2024-07-23T05:15:56.959896" level="INFO">{'results': [{'gender': 'female', 'name': {'title': 'Mrs', 'first': 'Lilou', 'last': 'Dupont'}, 'location': {'street': {'number': 7474, 'name': 'Place du 22 Novembre 1943'}, 'city': 'Perpignan', 'state': 'Marne', 'country': 'France', 'postcode': 67308, 'coordinates': {'latitude': '-13.0642', 'longitude': '48.2810'}, 'timezone': {'offset': '+4:30', 'description': 'Kabul'}}, 'email': 'lilou.dupont@example.com', 'login': {'uuid': '839ab4ba-ac55-4c2f-8e5a-4b476145f6d1', 'username': 'redfish760', 'password': 'eagles1', 'salt': 'UwtUh9F6', 'md5': '18c711e3c348fd130a20ef07afc87006', 'sha1': '48d215f50fb3b250e7197ded98e196b9c16e2f75', 'sha256': '73602b1ee6c26e84d04d0aaf9f5f05e9b9c0f06af83e9a367902e8d244ebbec0'}, 'dob': {'date': '1961-10-10T22:20:21.498Z', 'age': 62}, 'registered': {'date': '2011-09-09T04:13:58.125Z', 'age': 12}, 'phone': '01-23-94-81-20', 'cell': '06-91-17-94-25', 'id': {'name': 'INSEE', 'value': '2610976665927 25'}, 'picture': {'large': 'https://randomuser.me/api/portraits/women/42.jpg', 'medium': 'https://randomuser.me/api/portraits/med/women/42.jpg', 'thumbnail': 'https://randomuser.me/api/portraits/thumb/women/42.jpg'}, 'nat': 'FR'}], 'info': {'seed': '087428917912cb3b', 'results': 1, 'page': 1, 'version': '1.4'}}</msg>
<arg>${json_data}</arg>
<doc>Logs the given message with the given level.</doc>
<status status="PASS" start="2024-07-23T05:15:56.959734" elapsed="0.000211"/>
</kw>
<kw name="Should Be Equal As Numbers" owner="BuiltIn">
<arg>${json_data['results'][0]['location']['postcode']}</arg>
<arg>${json_data['results'][0]['location']['postcode']}</arg>
<doc>Fails if objects are unequal after converting them to real numbers.</doc>
<status status="PASS" start="2024-07-23T05:15:56.960268" elapsed="0.000641"/>
</kw>
<kw name="Log" owner="BuiltIn">
<msg time="2024-07-23T05:15:56.961438" level="INFO">67308</msg>
<arg>${json_data['results'][0]['location']['postcode']}</arg>
<doc>Logs the given message with the given level.</doc>
<status status="PASS" start="2024-07-23T05:15:56.961103" elapsed="0.000424"/>
</kw>
<status status="PASS" start="2024-07-23T05:15:56.871993" elapsed="0.089795"/>
</kw>
<doc>Testa se os tipos de dados na resposta da API estão corretos.</doc>
<tag>testeTiposDados</tag>
<status status="PASS" start="2024-07-23T05:15:56.775666" elapsed="0.186294"/>
</test>
<test id="s1-s1-t5" name="Validar conteudo" line="35">
<kw name="Teste de Tipos de Conteudo" owner="random-user-service">
<kw name="GET On Session" owner="RequestsLibrary">
<msg time="2024-07-23T05:15:57.054784" level="INFO">GET Request : url=https://randomuser.me/api 
 path_url=/api 
 headers={'User-Agent': 'python-requests/2.32.3', 'Accept-Encoding': 'gzip, deflate', 'Accept': '*/*', 'Connection': 'keep-alive'} 
 body=None 
 </msg>
<msg time="2024-07-23T05:15:57.054891" level="INFO">GET Response : url=https://randomuser.me/api 
 status=200, reason=OK 
 headers={'Date': 'Tue, 23 Jul 2024 05:15:57 GMT', 'Content-Type': 'application/json; charset=utf-8', 'Transfer-Encoding': 'chunked', 'Connection': 'keep-alive', 'X-Powered-By': 'Express', 'Access-Control-Allow-Origin': '*', 'Cache-Control': 'no-cache', 'ETag': 'W/"483-/vt3xZPSXCTqMKogIbfmdxII5YM"', 'Vary': 'Accept-Encoding', 'Content-Encoding': 'gzip', 'CF-Cache-Status': 'DYNAMIC', 'Report-To': '{"endpoints":[{"url":"https:\\/\\/a.nel.cloudflare.com\\/report\\/v4?s=RigvTpHt7bYKz%2BZAx6htnZclp0SJayF%2BZrZdsiVCME6H4lIvn6Q9vzMCC1q9Z3atVK0NG9vvgktAwDUVwIPxDs7REw5CKBbrlnyF0u%2FH9v%2FF9d3OX5G8DJA17mw3LxB6"}],"group":"cf-nel","max_age":604800}', 'NEL': '{"success_fraction":0,"report_to":"cf-nel","max_age":604800}', 'Server': 'cloudflare', 'CF-RAY': '8a7932110e2e5b1c-IAD', 'alt-svc': 'h3=":443"; ma=86400'} 
 body={"results":[{"gender":"female","name":{"title":"Miss","first":"Lola","last":"Zvarich"},"location":{"street":{"number":4493,"name":"Sholom-Aleyhema"},"city":"Karlivka","state":"Chernivecka","country":"Ukraine","postcode":57092,"coordinates":{"latitude":"79.1200","longitude":"63.6593"},"timezone":{"offset":"+2:00","description":"Kaliningrad, South Africa"}},"email":"lola.zvarich@example.com","login":{"uuid":"75287f6f-86ff-4230-b512-a0fb1ea20a63","username":"blackmouse150","password":"alucard","salt":"y88kmc7t","md5":"bcb690f777d4ee3350ed28d20238a959","sha1":"70bd9d78b23e2dcd9c30eaef2e416cb2109ad0c0","sha256":"e91ac00346418e43cd6136d572f4e71d849ef54cc8894fdbce0f888fd34596f2"},"dob":{"date":"1999-04-01T07:01:34.943Z","age":25},"registered":{"date":"2017-02-14T09:47:48.897Z","age":7},"phone":"(099) Q10-6329","cell":"(066) H63-9851","id":{"name":"","value":null},"picture":{"large":"https://randomuser.me/api/portraits/women/7.jpg","medium":"https://randomuser.me/api/portraits/med/women/7.jpg","thumbnail":"https://randomuser.me/api/portraits/thumb/women/7.jpg"},"nat":"UA"}],"info":{"seed":"846a08cc1a9d446a","results":1,"page":1,"version":"1.4"}} 
 </msg>
<msg time="2024-07-23T05:15:57.054970" level="INFO">/opt/hostedtoolcache/Python/3.12.4/x64/lib/python3.12/site-packages/urllib3/connectionpool.py:1099: InsecureRequestWarning: Unverified HTTPS request is being made to host 'randomuser.me'. Adding certificate verification is strongly advised. See: https://urllib3.readthedocs.io/en/latest/advanced-usage.html#tls-warnings
  warnings.warn(</msg>
<msg time="2024-07-23T05:15:57.055113" level="INFO">${response} = &lt;Response [200]&gt;</msg>
<var>${response}</var>
<arg>consultarAPI</arg>
<arg>/api</arg>
<doc>Sends a GET request on a previously created HTTP Session.</doc>
<status status="PASS" start="2024-07-23T05:15:56.964590" elapsed="0.090574"/>
</kw>
<kw name="Set Variable" owner="BuiltIn">
<msg time="2024-07-23T05:15:57.056235" level="INFO">${json_data} = {'results': [{'gender': 'female', 'name': {'title': 'Miss', 'first': 'Lola', 'last': 'Zvarich'}, 'location': {'street': {'number': 4493, 'name': 'Sholom-Aleyhema'}, 'city': 'Karlivka', 'state': 'Chern...</msg>
<var>${json_data}</var>
<arg>${response.json()}</arg>
<doc>Returns the given values which can then be assigned to a variables.</doc>
<status status="PASS" start="2024-07-23T05:15:57.055692" elapsed="0.000576"/>
</kw>
<kw name="Set Variable" owner="BuiltIn">
<msg time="2024-07-23T05:15:57.056959" level="INFO">${name_title} = Miss</msg>
<var>${name_title}</var>
<arg>${json_data["results"][0]["name"]["title"]}</arg>
<doc>Returns the given values which can then be assigned to a variables.</doc>
<status status="PASS" start="2024-07-23T05:15:57.056578" elapsed="0.000406"/>
</kw>
<kw name="Create List" owner="BuiltIn">
<msg time="2024-07-23T05:15:57.057436" level="INFO">${allowed_titles} = ['Mr', 'Ms', 'Miss', 'Mrs', 'Madame', 'Monsieur']</msg>
<var>${allowed_titles}</var>
<arg>Mr</arg>
<arg>Ms</arg>
<arg>Miss</arg>
<arg>Mrs</arg>
<arg>Madame</arg>
<arg>Monsieur</arg>
<doc>Returns a list containing given items.</doc>
<status status="PASS" start="2024-07-23T05:15:57.057285" elapsed="0.000176"/>
</kw>
<kw name="List Should Contain Value" owner="Collections">
<arg>${allowed_titles}</arg>
<arg>${name_title}</arg>
<doc>Fails if the ``value`` is not found from ``list``.</doc>
<status status="PASS" start="2024-07-23T05:15:57.057757" elapsed="0.000189"/>
</kw>
<kw name="Set Variable" owner="BuiltIn">
<msg time="2024-07-23T05:15:57.058505" level="INFO">${name_country} = UA</msg>
<var>${name_country}</var>
<arg>${json_data["results"][0]["nat"]}</arg>
<doc>Returns the given values which can then be assigned to a variables.</doc>
<status status="PASS" start="2024-07-23T05:15:57.058126" elapsed="0.000404"/>
</kw>
<kw name="Create List" owner="BuiltIn">
<msg time="2024-07-23T05:15:57.059418" level="INFO">${list_country} = ['AD', 'AE', 'AF', 'AG', 'AI', 'AL', 'AM', 'AO', 'AQ', 'AR', 'AS', 'AT', 'AU', 'AW', 'AX', 'AZ', 'BA', 'BB', 'BD', 'BE', 'BF', 'BG', 'BH', 'BI', 'BJ', 'BL', 'BM', 'BN', 'BO', 'BQ', 'BR', 'BS', 'BT', '...</msg>
<var>${list_country}</var>
<arg>AD</arg>
<arg>AE</arg>
<arg>AF</arg>
<arg>AG</arg>
<arg>AI</arg>
<arg>AL</arg>
<arg>AM</arg>
<arg>AO</arg>
<arg>AQ</arg>
<arg>AR</arg>
<arg>AS</arg>
<arg>AT</arg>
<arg>AU</arg>
<arg>AW</arg>
<arg>AX</arg>
<arg>AZ</arg>
<arg>BA</arg>
<arg>BB</arg>
<arg>BD</arg>
<arg>BE</arg>
<arg>BF</arg>
<arg>BG</arg>
<arg>BH</arg>
<arg>BI</arg>
<arg>BJ</arg>
<arg>BL</arg>
<arg>BM</arg>
<arg>BN</arg>
<arg>BO</arg>
<arg>BQ</arg>
<arg>BR</arg>
<arg>BS</arg>
<arg>BT</arg>
<arg>BV</arg>
<arg>BW</arg>
<arg>BY</arg>
<arg>BZ</arg>
<arg>CA</arg>
<arg>CC</arg>
<arg>CD</arg>
<arg>CF</arg>
<arg>CG</arg>
<arg>CH</arg>
<arg>CI</arg>
<arg>CK</arg>
<arg>CL</arg>
<arg>CM</arg>
<arg>CN</arg>
<arg>CO</arg>
<arg>CR</arg>
<arg>CU</arg>
<arg>CV</arg>
<arg>CW</arg>
<arg>CX</arg>
<arg>CY</arg>
<arg>CZ</arg>
<arg>DE</arg>
<arg>DJ</arg>
<arg>DK</arg>
<arg>DM</arg>
<arg>DO</arg>
<arg>DZ</arg>
<arg>EC</arg>
<arg>EE</arg>
<arg>EG</arg>
<arg>EH</arg>
<arg>ER</arg>
<arg>ES</arg>
<arg>ET</arg>
<arg>FI</arg>
<arg>FJ</arg>
<arg>FK</arg>
<arg>FM</arg>
<arg>FO</arg>
<arg>FR</arg>
<arg>GA</arg>
<arg>GB</arg>
<arg>GD</arg>
<arg>GE</arg>
<arg>GF</arg>
<arg>GG</arg>
<arg>GH</arg>
<arg>GI</arg>
<arg>GL</arg>
<arg>GM</arg>
<arg>GN</arg>
<arg>GP</arg>
<arg>GQ</arg>
<arg>GR</arg>
<arg>GS</arg>
<arg>GT</arg>
<arg>GU</arg>
<arg>GW</arg>
<arg>GY</arg>
<arg>HK</arg>
<arg>HM</arg>
<arg>HN</arg>
<arg>HR</arg>
<arg>HT</arg>
<arg>HU</arg>
<arg>ID</arg>
<arg>IE</arg>
<arg>IL</arg>
<arg>IM</arg>
<arg>IN</arg>
<arg>IO</arg>
<arg>IQ</arg>
<arg>IR</arg>
<arg>IS</arg>
<arg>IT</arg>
<arg>JE</arg>
<arg>JM</arg>
<arg>JO</arg>
<arg>JP</arg>
<arg>KE</arg>
<arg>KG</arg>
<arg>KH</arg>
<arg>KI</arg>
<arg>KM</arg>
<arg>KN</arg>
<arg>KP</arg>
<arg>KR</arg>
<arg>KW</arg>
<arg>KY</arg>
<arg>KZ</arg>
<arg>LA</arg>
<arg>LB</arg>
<arg>LC</arg>
<arg>LI</arg>
<arg>LK</arg>
<arg>LR</arg>
<arg>LS</arg>
<arg>LT</arg>
<arg>LU</arg>
<arg>LV</arg>
<arg>LY</arg>
<arg>MA</arg>
<arg>MC</arg>
<arg>MD</arg>
<arg>ME</arg>
<arg>MF</arg>
<arg>MG</arg>
<arg>MH</arg>
<arg>MK</arg>
<arg>ML</arg>
<arg>MM</arg>
<arg>MN</arg>
<arg>MO</arg>
<arg>MP</arg>
<arg>MQ</arg>
<arg>MR</arg>
<arg>MS</arg>
<arg>MT</arg>
<arg>MU</arg>
<arg>MV</arg>
<arg>MW</arg>
<arg>MX</arg>
<arg>MY</arg>
<arg>MZ</arg>
<arg>NA</arg>
<arg>NC</arg>
<arg>NE</arg>
<arg>NF</arg>
<arg>NG</arg>
<arg>NI</arg>
<arg>NL</arg>
<arg>NO</arg>
<arg>NP</arg>
<arg>NR</arg>
<arg>NU</arg>
<arg>NZ</arg>
<arg>OM</arg>
<arg>PA</arg>
<arg>PE</arg>
<arg>PF</arg>
<arg>PG</arg>
<arg>PH</arg>
<arg>PK</arg>
<arg>PL</arg>
<arg>PM</arg>
<arg>PN</arg>
<arg>PR</arg>
<arg>PS</arg>
<arg>PT</arg>
<arg>PW</arg>
<arg>PY</arg>
<arg>QA</arg>
<arg>RE</arg>
<arg>RO</arg>
<arg>RS</arg>
<arg>RU</arg>
<arg>RW</arg>
<arg>SA</arg>
<arg>SB</arg>
<arg>SC</arg>
<arg>SD</arg>
<arg>SE</arg>
<arg>SG</arg>
<arg>SH</arg>
<arg>SI</arg>
<arg>SJ</arg>
<arg>SK</arg>
<arg>SL</arg>
<arg>SM</arg>
<arg>SN</arg>
<arg>SO</arg>
<arg>SR</arg>
<arg>SS</arg>
<arg>ST</arg>
<arg>SV</arg>
<arg>SX</arg>
<arg>SY</arg>
<arg>SZ</arg>
<arg>TC</arg>
<arg>TD</arg>
<arg>TF</arg>
<arg>TG</arg>
<arg>TH</arg>
<arg>TJ</arg>
<arg>TK</arg>
<arg>TL</arg>
<arg>TM</arg>
<arg>TN</arg>
<arg>TO</arg>
<arg>TR</arg>
<arg>TT</arg>
<arg>TV</arg>
<arg>TW</arg>
<arg>TZ</arg>
<arg>UA</arg>
<arg>UG</arg>
<arg>UM</arg>
<arg>US</arg>
<arg>UY</arg>
<arg>UZ</arg>
<arg>VA</arg>
<arg>VC</arg>
<arg>VE</arg>
<arg>VG</arg>
<arg>VI</arg>
<arg>VN</arg>
<arg>VU</arg>
<arg>WF</arg>
<arg>WS</arg>
<arg>XK</arg>
<arg>YE</arg>
<arg>YT</arg>
<arg>ZA</arg>
<arg>ZM</arg>
<arg>ZW</arg>
<doc>Returns a list containing given items.</doc>
<status status="PASS" start="2024-07-23T05:15:57.058821" elapsed="0.000624"/>
</kw>
<kw name="List Should Contain Value" owner="Collections">
<arg>${list_country}</arg>
<arg>${name_country}</arg>
<doc>Fails if the ``value`` is not found from ``list``.</doc>
<status status="PASS" start="2024-07-23T05:15:57.060450" elapsed="0.000212"/>
</kw>
<kw name="Run Keyword If" owner="BuiltIn">
<kw name="Should Be True" owner="BuiltIn">
<arg>${True}</arg>
<doc>Fails if the given condition is not true.</doc>
<status status="PASS" start="2024-07-23T05:15:57.061612" elapsed="0.000145"/>
</kw>
<arg>${json_data["results"][0]["location"]["coordinates"]["latitude"]} &gt;= -90 and ${json_data["results"][0]["location"]["coordinates"]["latitude"]} &lt;= 90</arg>
<arg>Should Be True</arg>
<arg>${True}</arg>
<doc>Runs the given keyword with the given arguments, if ``condition`` is true.</doc>
<status status="PASS" start="2024-07-23T05:15:57.060862" elapsed="0.001023"/>
</kw>
<kw name="Run Keyword If" owner="BuiltIn">
<kw name="Should Be True" owner="BuiltIn">
<arg>${True}</arg>
<doc>Fails if the given condition is not true.</doc>
<status status="PASS" start="2024-07-23T05:15:57.062762" elapsed="0.000139"/>
</kw>
<arg>${json_data["results"][0]["location"]["coordinates"]["longitude"]} &gt;= -180 and ${json_data["results"][0]["location"]["coordinates"]["longitude"]} &lt;= 180</arg>
<arg>Should Be True</arg>
<arg>${True}</arg>
<doc>Runs the given keyword with the given arguments, if ``condition`` is true.</doc>
<status status="PASS" start="2024-07-23T05:15:57.062069" elapsed="0.000956"/>
</kw>
<status status="PASS" start="2024-07-23T05:15:56.964353" elapsed="0.098805"/>
</kw>
<doc>Testa o conteúdo específico dos campos retornados pela API.</doc>
<tag>testeConteudo</tag>
<status status="PASS" start="2024-07-23T05:15:56.963777" elapsed="0.099533"/>
</test>
<status status="PASS" start="2024-07-23T05:15:56.234330" elapsed="0.831020"/>
</suite>
<status status="PASS" start="2024-07-23T05:15:56.219826" elapsed="0.850658"/>
</suite>
<statistics>
<total>
<stat pass="5" fail="0" skip="0">All Tests</stat>
</total>
<tag>
<stat pass="1" fail="0" skip="0">testeConteudo</stat>
<stat pass="1" fail="0" skip="0">testeEstruturaResposta</stat>
<stat pass="1" fail="0" skip="0">testeRequisicaoBasica</stat>
<stat pass="1" fail="0" skip="0">testeTiposDados</stat>
</tag>
<suite>
<stat pass="5" fail="0" skip="0" id="s1" name="Tests">Tests</stat>
<stat pass="5" fail="0" skip="0" id="s1-s1" name="Random-User-Test">Tests.Random-User-Test</stat>
</suite>
</statistics>
<errors>
</errors>
</robot>
