<?xml version="1.0" encoding="UTF-8"?>
<robot generator="Robot 7.0 (Python 3.12.2 on linux)" generated="2024-04-07T18:16:04.735032" rpa="false" schemaversion="5">
<suite id="s1" name="Tests" source="/home/runner/work/DesafioQAItauRogerioJordao/DesafioQAItauRogerioJordao/RamdonUser/tests">
<suite id="s1-s1" name="Random-User-Test" source="/home/runner/work/DesafioQAItauRogerioJordao/DesafioQAItauRogerioJordao/RamdonUser/tests/random-user-test.robot">
<test id="s1-s1-t1" name="Conectar" line="13">
<kw name="Conectar API" owner="random-user-service">
<kw name="Create Session" owner="RequestsLibrary">
<msg time="2024-04-07T18:16:05.095942" level="INFO">Creating Session using : alias=consultarAPI, url=https://randomuser.me/, headers={},                     cookies={}, auth=None, timeout=None, proxies=None, verify=False,                     debug=0 </msg>
<arg>consultarAPI</arg>
<arg>${URL}</arg>
<doc>Create Session: create a HTTP session to a server</doc>
<status status="PASS" start="2024-04-07T18:16:05.095747" elapsed="0.000389"/>
</kw>
<status status="PASS" start="2024-04-07T18:16:05.094765" elapsed="0.001725"/>
</kw>
<status status="PASS" start="2024-04-07T18:16:05.094157" elapsed="0.002538"/>
</test>
<test id="s1-s1-t2" name="Validar retorno 200 e JSON Válido" line="16">
<kw name="Teste de Requisicao Basica" owner="random-user-service">
<kw name="GET On Session" owner="RequestsLibrary">
<msg time="2024-04-07T18:16:05.172549" level="INFO">GET Request : url=https://randomuser.me/api 
 path_url=/api 
 headers={'User-Agent': 'python-requests/2.31.0', 'Accept-Encoding': 'gzip, deflate', 'Accept': '*/*', 'Connection': 'keep-alive'} 
 body=None 
 </msg>
<msg time="2024-04-07T18:16:05.172679" level="INFO">GET Response : url=https://randomuser.me/api 
 status=200, reason=OK 
 headers={'Date': 'Sun, 07 Apr 2024 18:16:05 GMT', 'Content-Type': 'application/json; charset=utf-8', 'Transfer-Encoding': 'chunked', 'Connection': 'keep-alive', 'X-Powered-By': 'Express', 'Access-Control-Allow-Origin': '*', 'Cache-Control': 'no-cache', 'ETag': 'W/"465-+dSI7LdDLyikmby6lz49LnjLI8o"', 'Vary': 'Accept-Encoding', 'Content-Encoding': 'gzip', 'CF-Cache-Status': 'DYNAMIC', 'Report-To': '{"endpoints":[{"url":"https:\\/\\/a.nel.cloudflare.com\\/report\\/v4?s=gMd8F1Z8Ub9FcKC1vtgdY1mfJxHUOtT7cHSpkd9fjgFYvIyw1eDh%2Bt1ZnJC1Pl2T9PN5dNy3sTOR5a0V7dz2eAAsVajKybmN4X6Si7bY79QXpjGpOSlJsveFZ7cZFaeg"}],"group":"cf-nel","max_age":604800}', 'NEL': '{"success_fraction":0,"report_to":"cf-nel","max_age":604800}', 'Server': 'cloudflare', 'CF-RAY': '870c01b81cd5828c-IAD', 'alt-svc': 'h3=":443"; ma=86400'} 
 body={"results":[{"gender":"female","name":{"title":"Ms","first":"Lada","last":"Gricak"},"location":{"street":{"number":9215,"name":"Zonalna"},"city":"Zdolbuniv","state":"Sumska","country":"Ukraine","postcode":90300,"coordinates":{"latitude":"77.9119","longitude":"133.2433"},"timezone":{"offset":"-9:00","description":"Alaska"}},"email":"lada.gricak@example.com","login":{"uuid":"63f1e55b-e0c1-46fd-b4c2-4a18412c8db6","username":"blackelephant691","password":"rudy","salt":"dVfz028r","md5":"18fde2c8866cf5d6b51a927f23ccc6ab","sha1":"1241c8981cdba858b07eb5f692513e4970ee7b93","sha256":"9a82c3270f59242c7e4b6c0745d599e2277f8a28cb151baa5045d427b161d889"},"dob":{"date":"1948-05-01T02:02:01.695Z","age":75},"registered":{"date":"2012-09-26T13:44:36.767Z","age":11},"phone":"(066) E75-8733","cell":"(099) K26-4364","id":{"name":"","value":null},"picture":{"large":"https://randomuser.me/api/portraits/women/29.jpg","medium":"https://randomuser.me/api/portraits/med/women/29.jpg","thumbnail":"https://randomuser.me/api/portraits/thumb/women/29.jpg"},"nat":"UA"}],"info":{"seed":"5144fff1c8764d98","results":1,"page":1,"version":"1.4"}} 
 </msg>
<msg time="2024-04-07T18:16:05.172798" level="INFO">/opt/hostedtoolcache/Python/3.12.2/x64/lib/python3.12/site-packages/urllib3/connectionpool.py:1103: InsecureRequestWarning: Unverified HTTPS request is being made to host 'randomuser.me'. Adding certificate verification is strongly advised. See: https://urllib3.readthedocs.io/en/latest/advanced-usage.html#tls-warnings
  warnings.warn(</msg>
<msg time="2024-04-07T18:16:05.172935" level="INFO">${response} = &lt;Response [200]&gt;</msg>
<var>${response}</var>
<arg>consultarAPI</arg>
<arg>/api</arg>
<doc>Sends a GET request on a previously created HTTP Session.</doc>
<status status="PASS" start="2024-04-07T18:16:05.099324" elapsed="0.073653"/>
</kw>
<kw name="Should Be Equal As Numbers" owner="BuiltIn">
<msg time="2024-04-07T18:16:05.173809" level="INFO">Argument types are:
&lt;class 'int'&gt;
&lt;class 'str'&gt;</msg>
<arg>${response.status_code}</arg>
<arg>200</arg>
<doc>Fails if objects are unequal after converting them to real numbers.</doc>
<status status="PASS" start="2024-04-07T18:16:05.173378" elapsed="0.000501"/>
</kw>
<kw name="Log" owner="BuiltIn">
<msg time="2024-04-07T18:16:05.174556" level="INFO">200</msg>
<arg>${response.status_code}</arg>
<doc>Logs the given message with the given level.</doc>
<status status="PASS" start="2024-04-07T18:16:05.174197" elapsed="0.000403"/>
</kw>
<kw name="Set Variable" owner="BuiltIn">
<msg time="2024-04-07T18:16:05.175377" level="INFO">${json_data} = {'results': [{'gender': 'female', 'name': {'title': 'Ms', 'first': 'Lada', 'last': 'Gricak'}, 'location': {'street': {'number': 9215, 'name': 'Zonalna'}, 'city': 'Zdolbuniv', 'state': 'Sumska', 'count...</msg>
<var>${json_data}</var>
<arg>${response.json()}</arg>
<doc>Returns the given values which can then be assigned to a variables.</doc>
<status status="PASS" start="2024-04-07T18:16:05.174942" elapsed="0.000464"/>
</kw>
<kw name="Dictionary Should Contain Key" owner="Collections">
<msg time="2024-04-07T18:16:05.175873" level="INFO">False</msg>
<arg>${json_data}</arg>
<arg>results</arg>
<doc>Fails if ``key`` is not found from ``dictionary``.</doc>
<status status="PASS" start="2024-04-07T18:16:05.175709" elapsed="0.000204"/>
</kw>
<status status="PASS" start="2024-04-07T18:16:05.099075" elapsed="0.077128"/>
</kw>
<doc>Testa se a API responde corretamente e retorna um objeto JSON válido.</doc>
<tag>testeRequisicaoBasica</tag>
<status status="PASS" start="2024-04-07T18:16:05.098542" elapsed="0.077842"/>
</test>
<test id="s1-s1-t3" name="Validar estrutura de resposta" line="22">
<kw name="Teste de Estrutura de Resposta" owner="random-user-service">
<kw name="GET On Session" owner="RequestsLibrary">
<msg time="2024-04-07T18:16:05.277480" level="INFO">GET Request : url=https://randomuser.me/api 
 path_url=/api 
 headers={'User-Agent': 'python-requests/2.31.0', 'Accept-Encoding': 'gzip, deflate', 'Accept': '*/*', 'Connection': 'keep-alive'} 
 body=None 
 </msg>
<msg time="2024-04-07T18:16:05.277565" level="INFO">GET Response : url=https://randomuser.me/api 
 status=200, reason=OK 
 headers={'Date': 'Sun, 07 Apr 2024 18:16:05 GMT', 'Content-Type': 'application/json; charset=utf-8', 'Transfer-Encoding': 'chunked', 'Connection': 'keep-alive', 'X-Powered-By': 'Express', 'Access-Control-Allow-Origin': '*', 'Cache-Control': 'no-cache', 'ETag': 'W/"492-CEOoofD8WTCJnkvNcwnGtIR7n/0"', 'Vary': 'Accept-Encoding', 'Content-Encoding': 'gzip', 'CF-Cache-Status': 'DYNAMIC', 'Report-To': '{"endpoints":[{"url":"https:\\/\\/a.nel.cloudflare.com\\/report\\/v4?s=VarvNphZSx%2BzTxciXx7VVtPrs8NHtMO0ECr6XgbFQ67bRzKQzR7jT9NWzpEJyFbNIV3PAxYKSpuSNOc1SQRdZbqcWJf8LVcscRtZehs3Lwvn7xNm3F8zytwBLd9sDSQb"}],"group":"cf-nel","max_age":604800}', 'NEL': '{"success_fraction":0,"report_to":"cf-nel","max_age":604800}', 'Server': 'cloudflare', 'CF-RAY': '870c01b86d1d828c-IAD', 'alt-svc': 'h3=":443"; ma=86400'} 
 body={"results":[{"gender":"female","name":{"title":"Miss","first":"Romane","last":"Meyer"},"location":{"street":{"number":1544,"name":"Rue des Jardins"},"city":"Reims","state":"Charente","country":"France","postcode":44342,"coordinates":{"latitude":"-13.6022","longitude":"119.2413"},"timezone":{"offset":"-7:00","description":"Mountain Time (US &amp; Canada)"}},"email":"romane.meyer@example.com","login":{"uuid":"eb222bb2-6560-4be2-943b-14eec12d0fc5","username":"sadbird344","password":"carbon","salt":"wycR5kMs","md5":"c324b3a48afbf29501136273d98c328a","sha1":"e6b8998262899add7a42a7a5e0b3c332245d7a01","sha256":"366b7106d9bef09c4795e08b8d637c6ab5dfec3dccdc36a8d637f814bec99449"},"dob":{"date":"1997-06-24T06:42:43.772Z","age":26},"registered":{"date":"2020-03-19T07:07:40.285Z","age":4},"phone":"01-18-09-83-20","cell":"06-92-64-65-27","id":{"name":"INSEE","value":"2970503938428 43"},"picture":{"large":"https://randomuser.me/api/portraits/women/78.jpg","medium":"https://randomuser.me/api/portraits/med/women/78.jpg","thumbnail":"https://randomuser.me/api/portraits/thumb/women/78.jpg"},"nat":"FR"}],"info":{"seed":"915166e2c5b571a9","results":1,"page":1,"version":"1.4"}} 
 </msg>
<msg time="2024-04-07T18:16:05.277703" level="INFO">/opt/hostedtoolcache/Python/3.12.2/x64/lib/python3.12/site-packages/urllib3/connectionpool.py:1103: InsecureRequestWarning: Unverified HTTPS request is being made to host 'randomuser.me'. Adding certificate verification is strongly advised. See: https://urllib3.readthedocs.io/en/latest/advanced-usage.html#tls-warnings
  warnings.warn(</msg>
<msg time="2024-04-07T18:16:05.277830" level="INFO">${response} = &lt;Response [200]&gt;</msg>
<var>${response}</var>
<arg>consultarAPI</arg>
<arg>/api</arg>
<doc>Sends a GET request on a previously created HTTP Session.</doc>
<status status="PASS" start="2024-04-07T18:16:05.179037" elapsed="0.098846"/>
</kw>
<kw name="Set Variable" owner="BuiltIn">
<msg time="2024-04-07T18:16:05.279224" level="INFO">${json_data} = {'results': [{'gender': 'female', 'name': {'title': 'Miss', 'first': 'Romane', 'last': 'Meyer'}, 'location': {'street': {'number': 1544, 'name': 'Rue des Jardins'}, 'city': 'Reims', 'state': 'Charente...</msg>
<var>${json_data}</var>
<arg>${response.json()}</arg>
<doc>Returns the given values which can then be assigned to a variables.</doc>
<status status="PASS" start="2024-04-07T18:16:05.278480" elapsed="0.000773"/>
</kw>
<kw name="Log" owner="BuiltIn">
<msg time="2024-04-07T18:16:05.279728" level="INFO">{'results': [{'gender': 'female', 'name': {'title': 'Miss', 'first': 'Romane', 'last': 'Meyer'}, 'location': {'street': {'number': 1544, 'name': 'Rue des Jardins'}, 'city': 'Reims', 'state': 'Charente', 'country': 'France', 'postcode': 44342, 'coordinates': {'latitude': '-13.6022', 'longitude': '119.2413'}, 'timezone': {'offset': '-7:00', 'description': 'Mountain Time (US &amp; Canada)'}}, 'email': 'romane.meyer@example.com', 'login': {'uuid': 'eb222bb2-6560-4be2-943b-14eec12d0fc5', 'username': 'sadbird344', 'password': 'carbon', 'salt': 'wycR5kMs', 'md5': 'c324b3a48afbf29501136273d98c328a', 'sha1': 'e6b8998262899add7a42a7a5e0b3c332245d7a01', 'sha256': '366b7106d9bef09c4795e08b8d637c6ab5dfec3dccdc36a8d637f814bec99449'}, 'dob': {'date': '1997-06-24T06:42:43.772Z', 'age': 26}, 'registered': {'date': '2020-03-19T07:07:40.285Z', 'age': 4}, 'phone': '01-18-09-83-20', 'cell': '06-92-64-65-27', 'id': {'name': 'INSEE', 'value': '2970503938428 43'}, 'picture': {'large': 'https://randomuser.me/api/portraits/women/78.jpg', 'medium': 'https://randomuser.me/api/portraits/med/women/78.jpg', 'thumbnail': 'https://randomuser.me/api/portraits/thumb/women/78.jpg'}, 'nat': 'FR'}], 'info': {'seed': '915166e2c5b571a9', 'results': 1, 'page': 1, 'version': '1.4'}}</msg>
<arg>${json_data}</arg>
<doc>Logs the given message with the given level.</doc>
<status status="PASS" start="2024-04-07T18:16:05.279569" elapsed="0.000209"/>
</kw>
<kw name="Dictionary Should Contain Key" owner="Collections">
<msg time="2024-04-07T18:16:05.280270" level="INFO">False</msg>
<arg>${json_data}</arg>
<arg>results</arg>
<doc>Fails if ``key`` is not found from ``dictionary``.</doc>
<status status="PASS" start="2024-04-07T18:16:05.280104" elapsed="0.000204"/>
</kw>
<kw name="Should Not Be Empty" owner="BuiltIn">
<msg time="2024-04-07T18:16:05.280745" level="INFO">Length is 2.</msg>
<arg>${json_data}</arg>
<doc>Verifies that the given item is not empty.</doc>
<status status="PASS" start="2024-04-07T18:16:05.280610" elapsed="0.000175"/>
</kw>
<kw name="Create List" owner="BuiltIn">
<msg time="2024-04-07T18:16:05.281227" level="INFO">${expected_keys} = ['gender', 'name', 'location', 'email', 'login']</msg>
<var>${expected_keys}</var>
<arg>gender</arg>
<arg>name</arg>
<arg>location</arg>
<arg>email</arg>
<arg>login</arg>
<doc>Returns a list containing given items.</doc>
<status status="PASS" start="2024-04-07T18:16:05.281077" elapsed="0.000174"/>
</kw>
<for flavor="IN">
<iter>
<kw name="Dictionary Should Contain Key" owner="Collections">
<msg time="2024-04-07T18:16:05.282231" level="INFO">False</msg>
<arg>${json_data['results'][0]}</arg>
<arg>${key}</arg>
<doc>Fails if ``key`` is not found from ``dictionary``.</doc>
<status status="PASS" start="2024-04-07T18:16:05.281825" elapsed="0.000448"/>
</kw>
<kw name="Log" owner="BuiltIn">
<msg time="2024-04-07T18:16:05.282960" level="INFO">{'gender': 'female', 'name': {'title': 'Miss', 'first': 'Romane', 'last': 'Meyer'}, 'location': {'street': {'number': 1544, 'name': 'Rue des Jardins'}, 'city': 'Reims', 'state': 'Charente', 'country': 'France', 'postcode': 44342, 'coordinates': {'latitude': '-13.6022', 'longitude': '119.2413'}, 'timezone': {'offset': '-7:00', 'description': 'Mountain Time (US &amp; Canada)'}}, 'email': 'romane.meyer@example.com', 'login': {'uuid': 'eb222bb2-6560-4be2-943b-14eec12d0fc5', 'username': 'sadbird344', 'password': 'carbon', 'salt': 'wycR5kMs', 'md5': 'c324b3a48afbf29501136273d98c328a', 'sha1': 'e6b8998262899add7a42a7a5e0b3c332245d7a01', 'sha256': '366b7106d9bef09c4795e08b8d637c6ab5dfec3dccdc36a8d637f814bec99449'}, 'dob': {'date': '1997-06-24T06:42:43.772Z', 'age': 26}, 'registered': {'date': '2020-03-19T07:07:40.285Z', 'age': 4}, 'phone': '01-18-09-83-20', 'cell': '06-92-64-65-27', 'id': {'name': 'INSEE', 'value': '2970503938428 43'}, 'picture': {'large': 'https://randomuser.me/api/portraits/women/78.jpg', 'medium': 'https://randomuser.me/api/portraits/med/women/78.jpg', 'thumbnail': 'https://randomuser.me/api/portraits/thumb/women/78.jpg'}, 'nat': 'FR'}</msg>
<arg>${json_data['results'][0]}</arg>
<doc>Logs the given message with the given level.</doc>
<status status="PASS" start="2024-04-07T18:16:05.282589" elapsed="0.000421"/>
</kw>
<kw name="Log" owner="BuiltIn">
<msg time="2024-04-07T18:16:05.283448" level="INFO">gender</msg>
<arg>${key}</arg>
<doc>Logs the given message with the given level.</doc>
<status status="PASS" start="2024-04-07T18:16:05.283311" elapsed="0.000175"/>
</kw>
<var name="${key}">gender</var>
<status status="PASS" start="2024-04-07T18:16:05.281699" elapsed="0.002013"/>
</iter>
<iter>
<kw name="Dictionary Should Contain Key" owner="Collections">
<msg time="2024-04-07T18:16:05.284448" level="INFO">False</msg>
<arg>${json_data['results'][0]}</arg>
<arg>${key}</arg>
<doc>Fails if ``key`` is not found from ``dictionary``.</doc>
<status status="PASS" start="2024-04-07T18:16:05.284017" elapsed="0.000470"/>
</kw>
<kw name="Log" owner="BuiltIn">
<msg time="2024-04-07T18:16:05.285199" level="INFO">{'gender': 'female', 'name': {'title': 'Miss', 'first': 'Romane', 'last': 'Meyer'}, 'location': {'street': {'number': 1544, 'name': 'Rue des Jardins'}, 'city': 'Reims', 'state': 'Charente', 'country': 'France', 'postcode': 44342, 'coordinates': {'latitude': '-13.6022', 'longitude': '119.2413'}, 'timezone': {'offset': '-7:00', 'description': 'Mountain Time (US &amp; Canada)'}}, 'email': 'romane.meyer@example.com', 'login': {'uuid': 'eb222bb2-6560-4be2-943b-14eec12d0fc5', 'username': 'sadbird344', 'password': 'carbon', 'salt': 'wycR5kMs', 'md5': 'c324b3a48afbf29501136273d98c328a', 'sha1': 'e6b8998262899add7a42a7a5e0b3c332245d7a01', 'sha256': '366b7106d9bef09c4795e08b8d637c6ab5dfec3dccdc36a8d637f814bec99449'}, 'dob': {'date': '1997-06-24T06:42:43.772Z', 'age': 26}, 'registered': {'date': '2020-03-19T07:07:40.285Z', 'age': 4}, 'phone': '01-18-09-83-20', 'cell': '06-92-64-65-27', 'id': {'name': 'INSEE', 'value': '2970503938428 43'}, 'picture': {'large': 'https://randomuser.me/api/portraits/women/78.jpg', 'medium': 'https://randomuser.me/api/portraits/med/women/78.jpg', 'thumbnail': 'https://randomuser.me/api/portraits/thumb/women/78.jpg'}, 'nat': 'FR'}</msg>
<arg>${json_data['results'][0]}</arg>
<doc>Logs the given message with the given level.</doc>
<status status="PASS" start="2024-04-07T18:16:05.284829" elapsed="0.000420"/>
</kw>
<kw name="Log" owner="BuiltIn">
<msg time="2024-04-07T18:16:05.285676" level="INFO">name</msg>
<arg>${key}</arg>
<doc>Logs the given message with the given level.</doc>
<status status="PASS" start="2024-04-07T18:16:05.285549" elapsed="0.000166"/>
</kw>
<var name="${key}">name</var>
<status status="PASS" start="2024-04-07T18:16:05.283901" elapsed="0.002044"/>
</iter>
<iter>
<kw name="Dictionary Should Contain Key" owner="Collections">
<msg time="2024-04-07T18:16:05.286614" level="INFO">False</msg>
<arg>${json_data['results'][0]}</arg>
<arg>${key}</arg>
<doc>Fails if ``key`` is not found from ``dictionary``.</doc>
<status status="PASS" start="2024-04-07T18:16:05.286239" elapsed="0.000413"/>
</kw>
<kw name="Log" owner="BuiltIn">
<msg time="2024-04-07T18:16:05.287313" level="INFO">{'gender': 'female', 'name': {'title': 'Miss', 'first': 'Romane', 'last': 'Meyer'}, 'location': {'street': {'number': 1544, 'name': 'Rue des Jardins'}, 'city': 'Reims', 'state': 'Charente', 'country': 'France', 'postcode': 44342, 'coordinates': {'latitude': '-13.6022', 'longitude': '119.2413'}, 'timezone': {'offset': '-7:00', 'description': 'Mountain Time (US &amp; Canada)'}}, 'email': 'romane.meyer@example.com', 'login': {'uuid': 'eb222bb2-6560-4be2-943b-14eec12d0fc5', 'username': 'sadbird344', 'password': 'carbon', 'salt': 'wycR5kMs', 'md5': 'c324b3a48afbf29501136273d98c328a', 'sha1': 'e6b8998262899add7a42a7a5e0b3c332245d7a01', 'sha256': '366b7106d9bef09c4795e08b8d637c6ab5dfec3dccdc36a8d637f814bec99449'}, 'dob': {'date': '1997-06-24T06:42:43.772Z', 'age': 26}, 'registered': {'date': '2020-03-19T07:07:40.285Z', 'age': 4}, 'phone': '01-18-09-83-20', 'cell': '06-92-64-65-27', 'id': {'name': 'INSEE', 'value': '2970503938428 43'}, 'picture': {'large': 'https://randomuser.me/api/portraits/women/78.jpg', 'medium': 'https://randomuser.me/api/portraits/med/women/78.jpg', 'thumbnail': 'https://randomuser.me/api/portraits/thumb/women/78.jpg'}, 'nat': 'FR'}</msg>
<arg>${json_data['results'][0]}</arg>
<doc>Logs the given message with the given level.</doc>
<status status="PASS" start="2024-04-07T18:16:05.286955" elapsed="0.000414"/>
</kw>
<kw name="Log" owner="BuiltIn">
<msg time="2024-04-07T18:16:05.287792" level="INFO">location</msg>
<arg>${key}</arg>
<doc>Logs the given message with the given level.</doc>
<status status="PASS" start="2024-04-07T18:16:05.287664" elapsed="0.000166"/>
</kw>
<var name="${key}">location</var>
<status status="PASS" start="2024-04-07T18:16:05.286127" elapsed="0.001917"/>
</iter>
<iter>
<kw name="Dictionary Should Contain Key" owner="Collections">
<msg time="2024-04-07T18:16:05.288753" level="INFO">False</msg>
<arg>${json_data['results'][0]}</arg>
<arg>${key}</arg>
<doc>Fails if ``key`` is not found from ``dictionary``.</doc>
<status status="PASS" start="2024-04-07T18:16:05.288364" elapsed="0.000426"/>
</kw>
<kw name="Log" owner="BuiltIn">
<msg time="2024-04-07T18:16:05.289445" level="INFO">{'gender': 'female', 'name': {'title': 'Miss', 'first': 'Romane', 'last': 'Meyer'}, 'location': {'street': {'number': 1544, 'name': 'Rue des Jardins'}, 'city': 'Reims', 'state': 'Charente', 'country': 'France', 'postcode': 44342, 'coordinates': {'latitude': '-13.6022', 'longitude': '119.2413'}, 'timezone': {'offset': '-7:00', 'description': 'Mountain Time (US &amp; Canada)'}}, 'email': 'romane.meyer@example.com', 'login': {'uuid': 'eb222bb2-6560-4be2-943b-14eec12d0fc5', 'username': 'sadbird344', 'password': 'carbon', 'salt': 'wycR5kMs', 'md5': 'c324b3a48afbf29501136273d98c328a', 'sha1': 'e6b8998262899add7a42a7a5e0b3c332245d7a01', 'sha256': '366b7106d9bef09c4795e08b8d637c6ab5dfec3dccdc36a8d637f814bec99449'}, 'dob': {'date': '1997-06-24T06:42:43.772Z', 'age': 26}, 'registered': {'date': '2020-03-19T07:07:40.285Z', 'age': 4}, 'phone': '01-18-09-83-20', 'cell': '06-92-64-65-27', 'id': {'name': 'INSEE', 'value': '2970503938428 43'}, 'picture': {'large': 'https://randomuser.me/api/portraits/women/78.jpg', 'medium': 'https://randomuser.me/api/portraits/med/women/78.jpg', 'thumbnail': 'https://randomuser.me/api/portraits/thumb/women/78.jpg'}, 'nat': 'FR'}</msg>
<arg>${json_data['results'][0]}</arg>
<doc>Logs the given message with the given level.</doc>
<status status="PASS" start="2024-04-07T18:16:05.289091" elapsed="0.000403"/>
</kw>
<kw name="Log" owner="BuiltIn">
<msg time="2024-04-07T18:16:05.289911" level="INFO">email</msg>
<arg>${key}</arg>
<doc>Logs the given message with the given level.</doc>
<status status="PASS" start="2024-04-07T18:16:05.289785" elapsed="0.000163"/>
</kw>
<var name="${key}">email</var>
<status status="PASS" start="2024-04-07T18:16:05.288252" elapsed="0.001912"/>
</iter>
<iter>
<kw name="Dictionary Should Contain Key" owner="Collections">
<msg time="2024-04-07T18:16:05.290835" level="INFO">False</msg>
<arg>${json_data['results'][0]}</arg>
<arg>${key}</arg>
<doc>Fails if ``key`` is not found from ``dictionary``.</doc>
<status status="PASS" start="2024-04-07T18:16:05.290459" elapsed="0.000413"/>
</kw>
<kw name="Log" owner="BuiltIn">
<msg time="2024-04-07T18:16:05.291539" level="INFO">{'gender': 'female', 'name': {'title': 'Miss', 'first': 'Romane', 'last': 'Meyer'}, 'location': {'street': {'number': 1544, 'name': 'Rue des Jardins'}, 'city': 'Reims', 'state': 'Charente', 'country': 'France', 'postcode': 44342, 'coordinates': {'latitude': '-13.6022', 'longitude': '119.2413'}, 'timezone': {'offset': '-7:00', 'description': 'Mountain Time (US &amp; Canada)'}}, 'email': 'romane.meyer@example.com', 'login': {'uuid': 'eb222bb2-6560-4be2-943b-14eec12d0fc5', 'username': 'sadbird344', 'password': 'carbon', 'salt': 'wycR5kMs', 'md5': 'c324b3a48afbf29501136273d98c328a', 'sha1': 'e6b8998262899add7a42a7a5e0b3c332245d7a01', 'sha256': '366b7106d9bef09c4795e08b8d637c6ab5dfec3dccdc36a8d637f814bec99449'}, 'dob': {'date': '1997-06-24T06:42:43.772Z', 'age': 26}, 'registered': {'date': '2020-03-19T07:07:40.285Z', 'age': 4}, 'phone': '01-18-09-83-20', 'cell': '06-92-64-65-27', 'id': {'name': 'INSEE', 'value': '2970503938428 43'}, 'picture': {'large': 'https://randomuser.me/api/portraits/women/78.jpg', 'medium': 'https://randomuser.me/api/portraits/med/women/78.jpg', 'thumbnail': 'https://randomuser.me/api/portraits/thumb/women/78.jpg'}, 'nat': 'FR'}</msg>
<arg>${json_data['results'][0]}</arg>
<doc>Logs the given message with the given level.</doc>
<status status="PASS" start="2024-04-07T18:16:05.291172" elapsed="0.000415"/>
</kw>
<kw name="Log" owner="BuiltIn">
<msg time="2024-04-07T18:16:05.292010" level="INFO">login</msg>
<arg>${key}</arg>
<doc>Logs the given message with the given level.</doc>
<status status="PASS" start="2024-04-07T18:16:05.291884" elapsed="0.000312"/>
</kw>
<var name="${key}">login</var>
<status status="PASS" start="2024-04-07T18:16:05.290339" elapsed="0.002116"/>
</iter>
<var>${key}</var>
<value>@{expected_keys}</value>
<status status="PASS" start="2024-04-07T18:16:05.281512" elapsed="0.011098"/>
</for>
<kw name="Create List" owner="BuiltIn">
<msg time="2024-04-07T18:16:05.292950" level="INFO">${expected_keysTwo} = ['username', 'password']</msg>
<var>${expected_keysTwo}</var>
<arg>username</arg>
<arg>password</arg>
<doc>Returns a list containing given items.</doc>
<status status="PASS" start="2024-04-07T18:16:05.292810" elapsed="0.000164"/>
</kw>
<for flavor="IN">
<iter>
<kw name="Dictionary Should Contain Key" owner="Collections">
<msg time="2024-04-07T18:16:05.293865" level="INFO">False</msg>
<arg>${json_data['results'][0]['login']}</arg>
<arg>${keyTwo}</arg>
<doc>Fails if ``key`` is not found from ``dictionary``.</doc>
<status status="PASS" start="2024-04-07T18:16:05.293483" elapsed="0.000420"/>
</kw>
<kw name="Dictionary Should Contain Key" owner="Collections">
<msg time="2024-04-07T18:16:05.294584" level="INFO">False</msg>
<arg>${json_data['results'][0]['login']}</arg>
<arg>${keyTwo}</arg>
<doc>Fails if ``key`` is not found from ``dictionary``.</doc>
<status status="PASS" start="2024-04-07T18:16:05.294199" elapsed="0.000422"/>
</kw>
<kw name="Log" owner="BuiltIn">
<msg time="2024-04-07T18:16:05.295046" level="INFO">username</msg>
<arg>${keyTwo}</arg>
<doc>Logs the given message with the given level.</doc>
<status status="PASS" start="2024-04-07T18:16:05.294916" elapsed="0.000168"/>
</kw>
<var name="${keyTwo}">username</var>
<status status="PASS" start="2024-04-07T18:16:05.293371" elapsed="0.001929"/>
</iter>
<iter>
<kw name="Dictionary Should Contain Key" owner="Collections">
<msg time="2024-04-07T18:16:05.295966" level="INFO">False</msg>
<arg>${json_data['results'][0]['login']}</arg>
<arg>${keyTwo}</arg>
<doc>Fails if ``key`` is not found from ``dictionary``.</doc>
<status status="PASS" start="2024-04-07T18:16:05.295585" elapsed="0.000420"/>
</kw>
<kw name="Dictionary Should Contain Key" owner="Collections">
<msg time="2024-04-07T18:16:05.296721" level="INFO">False</msg>
<arg>${json_data['results'][0]['login']}</arg>
<arg>${keyTwo}</arg>
<doc>Fails if ``key`` is not found from ``dictionary``.</doc>
<status status="PASS" start="2024-04-07T18:16:05.296338" elapsed="0.000420"/>
</kw>
<kw name="Log" owner="BuiltIn">
<msg time="2024-04-07T18:16:05.297181" level="INFO">password</msg>
<arg>${keyTwo}</arg>
<doc>Logs the given message with the given level.</doc>
<status status="PASS" start="2024-04-07T18:16:05.297052" elapsed="0.000168"/>
</kw>
<var name="${keyTwo}">password</var>
<status status="PASS" start="2024-04-07T18:16:05.295474" elapsed="0.001966"/>
</iter>
<var>${keyTwo}</var>
<value>@{expected_keysTwo}</value>
<status status="PASS" start="2024-04-07T18:16:05.293214" elapsed="0.004347"/>
</for>
<status status="PASS" start="2024-04-07T18:16:05.178807" elapsed="0.118894"/>
</kw>
<doc>Testa a estrutura da resposta da API.</doc>
<tag>testeEstruturaResposta</tag>
<status status="PASS" start="2024-04-07T18:16:05.178219" elapsed="0.119638"/>
</test>
<test id="s1-s1-t4" name="Validar tipos de dados" line="28">
<kw name="Teste de Tipos de Dados" owner="random-user-service">
<kw name="GET On Session" owner="RequestsLibrary">
<msg time="2024-04-07T18:16:05.369736" level="INFO">GET Request : url=https://randomuser.me/api 
 path_url=/api 
 headers={'User-Agent': 'python-requests/2.31.0', 'Accept-Encoding': 'gzip, deflate', 'Accept': '*/*', 'Connection': 'keep-alive'} 
 body=None 
 </msg>
<msg time="2024-04-07T18:16:05.369828" level="INFO">GET Response : url=https://randomuser.me/api 
 status=200, reason=OK 
 headers={'Date': 'Sun, 07 Apr 2024 18:16:05 GMT', 'Content-Type': 'application/json; charset=utf-8', 'Transfer-Encoding': 'chunked', 'Connection': 'keep-alive', 'X-Powered-By': 'Express', 'Access-Control-Allow-Origin': '*', 'Cache-Control': 'no-cache', 'ETag': 'W/"493-RceDzN2/r3DSHsIEWRcqqxrNKwk"', 'Vary': 'Accept-Encoding', 'Content-Encoding': 'gzip', 'CF-Cache-Status': 'DYNAMIC', 'Report-To': '{"endpoints":[{"url":"https:\\/\\/a.nel.cloudflare.com\\/report\\/v4?s=rQKDa3itF6HWDJBO3XaQvpiHujVWdFy8A7tpgkUC2BTPpD7zoep%2Fr6HNwIpWFltM85V04islILR4tLFyBzWg3vA2KMStW%2BGKJS2gWw1T4fPAS025dbVHees02KVfSSDG"}],"group":"cf-nel","max_age":604800}', 'NEL': '{"success_fraction":0,"report_to":"cf-nel","max_age":604800}', 'Server': 'cloudflare', 'CF-RAY': '870c01b92df2828c-IAD', 'alt-svc': 'h3=":443"; ma=86400'} 
 body={"results":[{"gender":"male","name":{"title":"Mr","first":"Benjamin","last":"Denis"},"location":{"street":{"number":3577,"name":"Rue de la Mairie"},"city":"Limoges","state":"Orne","country":"France","postcode":89547,"coordinates":{"latitude":"-15.3780","longitude":"-17.8784"},"timezone":{"offset":"+4:00","description":"Abu Dhabi, Muscat, Baku, Tbilisi"}},"email":"benjamin.denis@example.com","login":{"uuid":"2395a7ce-44a4-4243-acf5-d43697ba863e","username":"yellowfrog872","password":"shang","salt":"qqQslqm6","md5":"3e3030a22ebd7a4d3cf1eba57cbf1044","sha1":"9b954777e81f50e046d0ef3bffa85db6995f542b","sha256":"5dd352b903df8b048191499482563081d0c938e25cf4c4b0f43b3a0b182ce91c"},"dob":{"date":"1961-12-16T19:13:07.211Z","age":62},"registered":{"date":"2007-01-23T13:11:49.990Z","age":17},"phone":"03-47-65-42-99","cell":"06-81-58-37-00","id":{"name":"INSEE","value":"1611152004370 93"},"picture":{"large":"https://randomuser.me/api/portraits/men/40.jpg","medium":"https://randomuser.me/api/portraits/med/men/40.jpg","thumbnail":"https://randomuser.me/api/portraits/thumb/men/40.jpg"},"nat":"FR"}],"info":{"seed":"57960419adf9a08a","results":1,"page":1,"version":"1.4"}} 
 </msg>
<msg time="2024-04-07T18:16:05.369911" level="INFO">/opt/hostedtoolcache/Python/3.12.2/x64/lib/python3.12/site-packages/urllib3/connectionpool.py:1103: InsecureRequestWarning: Unverified HTTPS request is being made to host 'randomuser.me'. Adding certificate verification is strongly advised. See: https://urllib3.readthedocs.io/en/latest/advanced-usage.html#tls-warnings
  warnings.warn(</msg>
<msg time="2024-04-07T18:16:05.370031" level="INFO">${response} = &lt;Response [200]&gt;</msg>
<var>${response}</var>
<arg>consultarAPI</arg>
<arg>/api</arg>
<doc>Sends a GET request on a previously created HTTP Session.</doc>
<status status="PASS" start="2024-04-07T18:16:05.300396" elapsed="0.069682"/>
</kw>
<kw name="Set Variable" owner="BuiltIn">
<msg time="2024-04-07T18:16:05.371081" level="INFO">${json_data} = {'results': [{'gender': 'male', 'name': {'title': 'Mr', 'first': 'Benjamin', 'last': 'Denis'}, 'location': {'street': {'number': 3577, 'name': 'Rue de la Mairie'}, 'city': 'Limoges', 'state': 'Orne', ...</msg>
<var>${json_data}</var>
<arg>${response.json()}</arg>
<doc>Returns the given values which can then be assigned to a variables.</doc>
<status status="PASS" start="2024-04-07T18:16:05.370583" elapsed="0.000529"/>
</kw>
<kw name="Log" owner="BuiltIn">
<msg time="2024-04-07T18:16:05.371588" level="INFO">{'results': [{'gender': 'male', 'name': {'title': 'Mr', 'first': 'Benjamin', 'last': 'Denis'}, 'location': {'street': {'number': 3577, 'name': 'Rue de la Mairie'}, 'city': 'Limoges', 'state': 'Orne', 'country': 'France', 'postcode': 89547, 'coordinates': {'latitude': '-15.3780', 'longitude': '-17.8784'}, 'timezone': {'offset': '+4:00', 'description': 'Abu Dhabi, Muscat, Baku, Tbilisi'}}, 'email': 'benjamin.denis@example.com', 'login': {'uuid': '2395a7ce-44a4-4243-acf5-d43697ba863e', 'username': 'yellowfrog872', 'password': 'shang', 'salt': 'qqQslqm6', 'md5': '3e3030a22ebd7a4d3cf1eba57cbf1044', 'sha1': '9b954777e81f50e046d0ef3bffa85db6995f542b', 'sha256': '5dd352b903df8b048191499482563081d0c938e25cf4c4b0f43b3a0b182ce91c'}, 'dob': {'date': '1961-12-16T19:13:07.211Z', 'age': 62}, 'registered': {'date': '2007-01-23T13:11:49.990Z', 'age': 17}, 'phone': '03-47-65-42-99', 'cell': '06-81-58-37-00', 'id': {'name': 'INSEE', 'value': '1611152004370 93'}, 'picture': {'large': 'https://randomuser.me/api/portraits/men/40.jpg', 'medium': 'https://randomuser.me/api/portraits/med/men/40.jpg', 'thumbnail': 'https://randomuser.me/api/portraits/thumb/men/40.jpg'}, 'nat': 'FR'}], 'info': {'seed': '57960419adf9a08a', 'results': 1, 'page': 1, 'version': '1.4'}}</msg>
<arg>${json_data}</arg>
<doc>Logs the given message with the given level.</doc>
<status status="PASS" start="2024-04-07T18:16:05.371433" elapsed="0.000238"/>
</kw>
<kw name="Should Be String" owner="String">
<arg>${json_data['results'][0]['gender']}</arg>
<doc>Fails if the given ``item`` is not a string.</doc>
<status status="PASS" start="2024-04-07T18:16:05.371980" elapsed="0.000401"/>
</kw>
<kw name="Should Match Regexp" owner="BuiltIn">
<arg>${json_data['results'][0]['email']}</arg>
<arg>^[a-zA-Z0-9._%+-]+@[a-zA-Z0-9.-]+\.[a-zA-Z]{2,}$</arg>
<doc>Fails if ``string`` does not match ``pattern`` as a regular expression.</doc>
<status status="PASS" start="2024-04-07T18:16:05.372578" elapsed="0.000517"/>
</kw>
<kw name="Should Match Regexp" owner="BuiltIn">
<arg>${json_data['results'][0]['dob']['date']}</arg>
<arg>\\d{4}-\\d{2}-\\d{2}T\\d{2}:\\d{2}:\\d{2}\\.\\d{3}Z</arg>
<doc>Fails if ``string`` does not match ``pattern`` as a regular expression.</doc>
<status status="PASS" start="2024-04-07T18:16:05.373294" elapsed="0.000507"/>
</kw>
<kw name="Should Match Regexp" owner="BuiltIn">
<arg>${json_data['results'][0]['registered']['date']}</arg>
<arg>\\d{4}-\\d{2}-\\d{2}T\\d{2}:\\d{2}:\\d{2}\\.\\d{3}Z</arg>
<doc>Fails if ``string`` does not match ``pattern`` as a regular expression.</doc>
<status status="PASS" start="2024-04-07T18:16:05.373998" elapsed="0.000434"/>
</kw>
<kw name="Should Match Regexp" owner="BuiltIn">
<arg>${json_data['results'][0]['picture']['large']}</arg>
<arg>^https?://.*\.(?:png|jpe?g|gif|bmp)$</arg>
<doc>Fails if ``string`` does not match ``pattern`` as a regular expression.</doc>
<status status="PASS" start="2024-04-07T18:16:05.374624" elapsed="0.000458"/>
</kw>
<kw name="Should Match Regexp" owner="BuiltIn">
<arg>${json_data['results'][0]['picture']['medium']}</arg>
<arg>^https?://.*\.(?:png|jpe?g|gif|bmp)$</arg>
<doc>Fails if ``string`` does not match ``pattern`` as a regular expression.</doc>
<status status="PASS" start="2024-04-07T18:16:05.375280" elapsed="0.000359"/>
</kw>
<kw name="Should Match Regexp" owner="BuiltIn">
<arg>${json_data['results'][0]['picture']['thumbnail']}</arg>
<arg>^https?://.*\.(?:png|jpe?g|gif|bmp)$</arg>
<doc>Fails if ``string`` does not match ``pattern`` as a regular expression.</doc>
<status status="PASS" start="2024-04-07T18:16:05.375825" elapsed="0.000379"/>
</kw>
<kw name="Log" owner="BuiltIn">
<msg time="2024-04-07T18:16:05.376708" level="INFO">{'large': 'https://randomuser.me/api/portraits/men/40.jpg', 'medium': 'https://randomuser.me/api/portraits/med/men/40.jpg', 'thumbnail': 'https://randomuser.me/api/portraits/thumb/men/40.jpg'}</msg>
<arg>${json_data['results'][0]['picture']}</arg>
<doc>Logs the given message with the given level.</doc>
<status status="PASS" start="2024-04-07T18:16:05.376387" elapsed="0.000365"/>
</kw>
<status status="PASS" start="2024-04-07T18:16:05.300171" elapsed="0.076839"/>
</kw>
<kw name="Teste de Tipos de Dados - Postcode" owner="random-user-service">
<kw name="GET On Session" owner="RequestsLibrary">
<msg time="2024-04-07T18:16:05.470049" level="INFO">GET Request : url=https://randomuser.me/api 
 path_url=/api 
 headers={'User-Agent': 'python-requests/2.31.0', 'Accept-Encoding': 'gzip, deflate', 'Accept': '*/*', 'Connection': 'keep-alive'} 
 body=None 
 </msg>
<msg time="2024-04-07T18:16:05.470118" level="INFO">GET Response : url=https://randomuser.me/api 
 status=200, reason=OK 
 headers={'Date': 'Sun, 07 Apr 2024 18:16:05 GMT', 'Content-Type': 'application/json; charset=utf-8', 'Transfer-Encoding': 'chunked', 'Connection': 'keep-alive', 'X-Powered-By': 'Express', 'Access-Control-Allow-Origin': '*', 'Cache-Control': 'no-cache', 'ETag': 'W/"49a-te+tz6ADuxxhXtEfEFWIJqks/3c"', 'Vary': 'Accept-Encoding', 'Content-Encoding': 'gzip', 'CF-Cache-Status': 'DYNAMIC', 'Report-To': '{"endpoints":[{"url":"https:\\/\\/a.nel.cloudflare.com\\/report\\/v4?s=k%2Fio%2BleFRU4nkbGSlcxsQn1BrOqmaBFQS7V8R%2FnI5TwGceFq8%2BxWuBWkZi%2FY0qwbdxuxWdUp61SiSo%2FFvEpySpL5jctXglY%2BhUoGN6XLOm7U7ej52%2FGMvqzqinV2aE%2FN"}],"group":"cf-nel","max_age":604800}', 'NEL': '{"success_fraction":0,"report_to":"cf-nel","max_age":604800}', 'Server': 'cloudflare', 'CF-RAY': '870c01b9ae94828c-IAD', 'alt-svc': 'h3=":443"; ma=86400'} 
 body={"results":[{"gender":"male","name":{"title":"Mr","first":"Theodore","last":"Richardsen"},"location":{"street":{"number":3332,"name":"Harald Hårfagres gate"},"city":"Stordal","state":"Oppland","country":"Norway","postcode":"1961","coordinates":{"latitude":"39.0931","longitude":"-63.3137"},"timezone":{"offset":"+5:00","description":"Ekaterinburg, Islamabad, Karachi, Tashkent"}},"email":"theodore.richardsen@example.com","login":{"uuid":"eaa55c94-6aaa-494a-8b52-37c8632ee25b","username":"goldendog276","password":"razor","salt":"yMPMKrPa","md5":"120201a05b3b295e4f49dae36ed7ca37","sha1":"667644916055c4138a5129e0b63b976a9ccb9bbb","sha256":"46ac8f8af4176147f8f6cf685b2c6cbee2d0f2ba53489b4700358df60e23eda7"},"dob":{"date":"1970-09-03T05:42:55.984Z","age":53},"registered":{"date":"2018-06-16T07:34:51.362Z","age":5},"phone":"52188137","cell":"92952856","id":{"name":"FN","value":"03097011396"},"picture":{"large":"https://randomuser.me/api/portraits/men/53.jpg","medium":"https://randomuser.me/api/portraits/med/men/53.jpg","thumbnail":"https://randomuser.me/api/portraits/thumb/men/53.jpg"},"nat":"NO"}],"info":{"seed":"d2b0f9536e1c172f","results":1,"page":1,"version":"1.4"}} 
 </msg>
<msg time="2024-04-07T18:16:05.470193" level="INFO">/opt/hostedtoolcache/Python/3.12.2/x64/lib/python3.12/site-packages/urllib3/connectionpool.py:1103: InsecureRequestWarning: Unverified HTTPS request is being made to host 'randomuser.me'. Adding certificate verification is strongly advised. See: https://urllib3.readthedocs.io/en/latest/advanced-usage.html#tls-warnings
  warnings.warn(</msg>
<msg time="2024-04-07T18:16:05.470292" level="INFO">${response} = &lt;Response [200]&gt;</msg>
<var>${response}</var>
<arg>consultarAPI</arg>
<arg>/api</arg>
<doc>Sends a GET request on a previously created HTTP Session.</doc>
<status status="PASS" start="2024-04-07T18:16:05.377571" elapsed="0.092763"/>
</kw>
<kw name="Set Variable" owner="BuiltIn">
<msg time="2024-04-07T18:16:05.471177" level="INFO">${json_data} = {'results': [{'gender': 'male', 'name': {'title': 'Mr', 'first': 'Theodore', 'last': 'Richardsen'}, 'location': {'street': {'number': 3332, 'name': 'Harald Hårfagres gate'}, 'city': 'Stordal', 'state'...</msg>
<var>${json_data}</var>
<arg>${response.json()}</arg>
<doc>Returns the given values which can then be assigned to a variables.</doc>
<status status="PASS" start="2024-04-07T18:16:05.470696" elapsed="0.000511"/>
</kw>
<kw name="Log" owner="BuiltIn">
<msg time="2024-04-07T18:16:05.471677" level="INFO">{'results': [{'gender': 'male', 'name': {'title': 'Mr', 'first': 'Theodore', 'last': 'Richardsen'}, 'location': {'street': {'number': 3332, 'name': 'Harald Hårfagres gate'}, 'city': 'Stordal', 'state': 'Oppland', 'country': 'Norway', 'postcode': '1961', 'coordinates': {'latitude': '39.0931', 'longitude': '-63.3137'}, 'timezone': {'offset': '+5:00', 'description': 'Ekaterinburg, Islamabad, Karachi, Tashkent'}}, 'email': 'theodore.richardsen@example.com', 'login': {'uuid': 'eaa55c94-6aaa-494a-8b52-37c8632ee25b', 'username': 'goldendog276', 'password': 'razor', 'salt': 'yMPMKrPa', 'md5': '120201a05b3b295e4f49dae36ed7ca37', 'sha1': '667644916055c4138a5129e0b63b976a9ccb9bbb', 'sha256': '46ac8f8af4176147f8f6cf685b2c6cbee2d0f2ba53489b4700358df60e23eda7'}, 'dob': {'date': '1970-09-03T05:42:55.984Z', 'age': 53}, 'registered': {'date': '2018-06-16T07:34:51.362Z', 'age': 5}, 'phone': '52188137', 'cell': '92952856', 'id': {'name': 'FN', 'value': '03097011396'}, 'picture': {'large': 'https://randomuser.me/api/portraits/men/53.jpg', 'medium': 'https://randomuser.me/api/portraits/med/men/53.jpg', 'thumbnail': 'https://randomuser.me/api/portraits/thumb/men/53.jpg'}, 'nat': 'NO'}], 'info': {'seed': 'd2b0f9536e1c172f', 'results': 1, 'page': 1, 'version': '1.4'}}</msg>
<arg>${json_data}</arg>
<doc>Logs the given message with the given level.</doc>
<status status="PASS" start="2024-04-07T18:16:05.471520" elapsed="0.000236"/>
</kw>
<kw name="Should Be Equal As Numbers" owner="BuiltIn">
<arg>${json_data['results'][0]['location']['postcode']}</arg>
<arg>${json_data['results'][0]['location']['postcode']}</arg>
<doc>Fails if objects are unequal after converting them to real numbers.</doc>
<status status="PASS" start="2024-04-07T18:16:05.472066" elapsed="0.000693"/>
</kw>
<kw name="Log" owner="BuiltIn">
<msg time="2024-04-07T18:16:05.473283" level="INFO">1961</msg>
<arg>${json_data['results'][0]['location']['postcode']}</arg>
<doc>Logs the given message with the given level.</doc>
<status status="PASS" start="2024-04-07T18:16:05.472953" elapsed="0.000371"/>
</kw>
<status status="PASS" start="2024-04-07T18:16:05.377231" elapsed="0.096360"/>
</kw>
<doc>Testa se os tipos de dados na resposta da API estão corretos.</doc>
<tag>testeTiposDados</tag>
<status status="PASS" start="2024-04-07T18:16:05.299622" elapsed="0.174137"/>
</test>
<test id="s1-s1-t5" name="Validar conteudo" line="35">
<kw name="Teste de Tipos de Conteudo" owner="random-user-service">
<kw name="GET On Session" owner="RequestsLibrary">
<msg time="2024-04-07T18:16:05.574555" level="INFO">GET Request : url=https://randomuser.me/api 
 path_url=/api 
 headers={'User-Agent': 'python-requests/2.31.0', 'Accept-Encoding': 'gzip, deflate', 'Accept': '*/*', 'Connection': 'keep-alive'} 
 body=None 
 </msg>
<msg time="2024-04-07T18:16:05.574634" level="INFO">GET Response : url=https://randomuser.me/api 
 status=200, reason=OK 
 headers={'Date': 'Sun, 07 Apr 2024 18:16:05 GMT', 'Content-Type': 'application/json; charset=utf-8', 'Transfer-Encoding': 'chunked', 'Connection': 'keep-alive', 'X-Powered-By': 'Express', 'Access-Control-Allow-Origin': '*', 'Cache-Control': 'no-cache', 'ETag': 'W/"49a-Mw50ToZMc6yeZ2AoApr502vkCOk"', 'Vary': 'Accept-Encoding', 'Content-Encoding': 'gzip', 'CF-Cache-Status': 'DYNAMIC', 'Report-To': '{"endpoints":[{"url":"https:\\/\\/a.nel.cloudflare.com\\/report\\/v4?s=u4Zg9GCyINV9lJYlW25Ep%2FPp938sN%2FE1s8981ri0zafZFqcEq3dIEw0XjXWYf1aC%2BkVu%2B50uNyLCExL9BqEKzHonwKnlAg%2FtuLjYxtujBO57COuU6yD0PS%2BCyCCcMylx"}],"group":"cf-nel","max_age":604800}', 'NEL': '{"success_fraction":0,"report_to":"cf-nel","max_age":604800}', 'Server': 'cloudflare', 'CF-RAY': '870c01ba4f5e828c-IAD', 'alt-svc': 'h3=":443"; ma=86400'} 
 body={"results":[{"gender":"female","name":{"title":"Mrs","first":"Oleksandra","last":"Kolesnik"},"location":{"street":{"number":4760,"name":"Bolgarska"},"city":"Miusinsk","state":"Zhitomirska","country":"Ukraine","postcode":59704,"coordinates":{"latitude":"73.9444","longitude":"162.0520"},"timezone":{"offset":"+8:00","description":"Beijing, Perth, Singapore, Hong Kong"}},"email":"oleksandra.kolesnik@example.com","login":{"uuid":"966d7083-8b63-43b5-9e3f-63031e24e1cf","username":"yellowgorilla311","password":"chester","salt":"SAmlRvh5","md5":"e6fb6e09d39182ebdd8ffdc4c6fc0f1f","sha1":"fc3a8a1671e84b961612a68f4d331baa081e0734","sha256":"d7b4c1d3046dcfae44ae6d8d2b7a3ce56e4ce2442ff01ccb830f9e13ba5d3872"},"dob":{"date":"1945-03-11T18:01:56.323Z","age":79},"registered":{"date":"2006-12-19T00:47:56.573Z","age":17},"phone":"(099) D28-1797","cell":"(099) O10-8376","id":{"name":"","value":null},"picture":{"large":"https://randomuser.me/api/portraits/women/9.jpg","medium":"https://randomuser.me/api/portraits/med/women/9.jpg","thumbnail":"https://randomuser.me/api/portraits/thumb/women/9.jpg"},"nat":"UA"}],"info":{"seed":"4d981829db91ec59","results":1,"page":1,"version":"1.4"}} 
 </msg>
<msg time="2024-04-07T18:16:05.574697" level="INFO">/opt/hostedtoolcache/Python/3.12.2/x64/lib/python3.12/site-packages/urllib3/connectionpool.py:1103: InsecureRequestWarning: Unverified HTTPS request is being made to host 'randomuser.me'. Adding certificate verification is strongly advised. See: https://urllib3.readthedocs.io/en/latest/advanced-usage.html#tls-warnings
  warnings.warn(</msg>
<msg time="2024-04-07T18:16:05.574788" level="INFO">${response} = &lt;Response [200]&gt;</msg>
<var>${response}</var>
<arg>consultarAPI</arg>
<arg>/api</arg>
<doc>Sends a GET request on a previously created HTTP Session.</doc>
<status status="PASS" start="2024-04-07T18:16:05.476162" elapsed="0.098654"/>
</kw>
<kw name="Set Variable" owner="BuiltIn">
<msg time="2024-04-07T18:16:05.575725" level="INFO">${json_data} = {'results': [{'gender': 'female', 'name': {'title': 'Mrs', 'first': 'Oleksandra', 'last': 'Kolesnik'}, 'location': {'street': {'number': 4760, 'name': 'Bolgarska'}, 'city': 'Miusinsk', 'state': 'Zhito...</msg>
<var>${json_data}</var>
<arg>${response.json()}</arg>
<doc>Returns the given values which can then be assigned to a variables.</doc>
<status status="PASS" start="2024-04-07T18:16:05.575232" elapsed="0.000522"/>
</kw>
<kw name="Set Variable" owner="BuiltIn">
<msg time="2024-04-07T18:16:05.576572" level="INFO">${name_title} = Mrs</msg>
<var>${name_title}</var>
<arg>${json_data["results"][0]["name"]["title"]}</arg>
<doc>Returns the given values which can then be assigned to a variables.</doc>
<status status="PASS" start="2024-04-07T18:16:05.576151" elapsed="0.000447"/>
</kw>
<kw name="Create List" owner="BuiltIn">
<msg time="2024-04-07T18:16:05.577063" level="INFO">${allowed_titles} = ['Mr', 'Ms', 'Miss', 'Mrs', 'Madame', 'Monsieur']</msg>
<var>${allowed_titles}</var>
<arg>Mr</arg>
<arg>Ms</arg>
<arg>Miss</arg>
<arg>Mrs</arg>
<arg>Madame</arg>
<arg>Monsieur</arg>
<doc>Returns a list containing given items.</doc>
<status status="PASS" start="2024-04-07T18:16:05.576909" elapsed="0.000179"/>
</kw>
<kw name="List Should Contain Value" owner="Collections">
<msg time="2024-04-07T18:16:05.577577" level="INFO">False</msg>
<arg>${allowed_titles}</arg>
<arg>${name_title}</arg>
<doc>Fails if the ``value`` is not found from ``list``.</doc>
<status status="PASS" start="2024-04-07T18:16:05.577399" elapsed="0.000218"/>
</kw>
<kw name="Set Variable" owner="BuiltIn">
<msg time="2024-04-07T18:16:05.578303" level="INFO">${name_country} = UA</msg>
<var>${name_country}</var>
<arg>${json_data["results"][0]["nat"]}</arg>
<doc>Returns the given values which can then be assigned to a variables.</doc>
<status status="PASS" start="2024-04-07T18:16:05.577912" elapsed="0.000417"/>
</kw>
<kw name="Create List" owner="BuiltIn">
<msg time="2024-04-07T18:16:05.579241" level="INFO">${list_country} = ['AD', 'AE', 'AF', 'AG', 'AI', 'AL', 'AM', 'AO', 'AQ', 'AR', 'AS', 'AT', 'AU', 'AW', 'AX', 'AZ', 'BA', 'BB', 'BD', 'BE', 'BF', 'BG', 'BH', 'BI', 'BJ', 'BL', 'BM', 'BN', 'BO', 'BQ', 'BR', 'BS', 'BT', '...</msg>
<var>${list_country}</var>
<arg>AD</arg>
<arg>AE</arg>
<arg>AF</arg>
<arg>AG</arg>
<arg>AI</arg>
<arg>AL</arg>
<arg>AM</arg>
<arg>AO</arg>
<arg>AQ</arg>
<arg>AR</arg>
<arg>AS</arg>
<arg>AT</arg>
<arg>AU</arg>
<arg>AW</arg>
<arg>AX</arg>
<arg>AZ</arg>
<arg>BA</arg>
<arg>BB</arg>
<arg>BD</arg>
<arg>BE</arg>
<arg>BF</arg>
<arg>BG</arg>
<arg>BH</arg>
<arg>BI</arg>
<arg>BJ</arg>
<arg>BL</arg>
<arg>BM</arg>
<arg>BN</arg>
<arg>BO</arg>
<arg>BQ</arg>
<arg>BR</arg>
<arg>BS</arg>
<arg>BT</arg>
<arg>BV</arg>
<arg>BW</arg>
<arg>BY</arg>
<arg>BZ</arg>
<arg>CA</arg>
<arg>CC</arg>
<arg>CD</arg>
<arg>CF</arg>
<arg>CG</arg>
<arg>CH</arg>
<arg>CI</arg>
<arg>CK</arg>
<arg>CL</arg>
<arg>CM</arg>
<arg>CN</arg>
<arg>CO</arg>
<arg>CR</arg>
<arg>CU</arg>
<arg>CV</arg>
<arg>CW</arg>
<arg>CX</arg>
<arg>CY</arg>
<arg>CZ</arg>
<arg>DE</arg>
<arg>DJ</arg>
<arg>DK</arg>
<arg>DM</arg>
<arg>DO</arg>
<arg>DZ</arg>
<arg>EC</arg>
<arg>EE</arg>
<arg>EG</arg>
<arg>EH</arg>
<arg>ER</arg>
<arg>ES</arg>
<arg>ET</arg>
<arg>FI</arg>
<arg>FJ</arg>
<arg>FK</arg>
<arg>FM</arg>
<arg>FO</arg>
<arg>FR</arg>
<arg>GA</arg>
<arg>GB</arg>
<arg>GD</arg>
<arg>GE</arg>
<arg>GF</arg>
<arg>GG</arg>
<arg>GH</arg>
<arg>GI</arg>
<arg>GL</arg>
<arg>GM</arg>
<arg>GN</arg>
<arg>GP</arg>
<arg>GQ</arg>
<arg>GR</arg>
<arg>GS</arg>
<arg>GT</arg>
<arg>GU</arg>
<arg>GW</arg>
<arg>GY</arg>
<arg>HK</arg>
<arg>HM</arg>
<arg>HN</arg>
<arg>HR</arg>
<arg>HT</arg>
<arg>HU</arg>
<arg>ID</arg>
<arg>IE</arg>
<arg>IL</arg>
<arg>IM</arg>
<arg>IN</arg>
<arg>IO</arg>
<arg>IQ</arg>
<arg>IR</arg>
<arg>IS</arg>
<arg>IT</arg>
<arg>JE</arg>
<arg>JM</arg>
<arg>JO</arg>
<arg>JP</arg>
<arg>KE</arg>
<arg>KG</arg>
<arg>KH</arg>
<arg>KI</arg>
<arg>KM</arg>
<arg>KN</arg>
<arg>KP</arg>
<arg>KR</arg>
<arg>KW</arg>
<arg>KY</arg>
<arg>KZ</arg>
<arg>LA</arg>
<arg>LB</arg>
<arg>LC</arg>
<arg>LI</arg>
<arg>LK</arg>
<arg>LR</arg>
<arg>LS</arg>
<arg>LT</arg>
<arg>LU</arg>
<arg>LV</arg>
<arg>LY</arg>
<arg>MA</arg>
<arg>MC</arg>
<arg>MD</arg>
<arg>ME</arg>
<arg>MF</arg>
<arg>MG</arg>
<arg>MH</arg>
<arg>MK</arg>
<arg>ML</arg>
<arg>MM</arg>
<arg>MN</arg>
<arg>MO</arg>
<arg>MP</arg>
<arg>MQ</arg>
<arg>MR</arg>
<arg>MS</arg>
<arg>MT</arg>
<arg>MU</arg>
<arg>MV</arg>
<arg>MW</arg>
<arg>MX</arg>
<arg>MY</arg>
<arg>MZ</arg>
<arg>NA</arg>
<arg>NC</arg>
<arg>NE</arg>
<arg>NF</arg>
<arg>NG</arg>
<arg>NI</arg>
<arg>NL</arg>
<arg>NO</arg>
<arg>NP</arg>
<arg>NR</arg>
<arg>NU</arg>
<arg>NZ</arg>
<arg>OM</arg>
<arg>PA</arg>
<arg>PE</arg>
<arg>PF</arg>
<arg>PG</arg>
<arg>PH</arg>
<arg>PK</arg>
<arg>PL</arg>
<arg>PM</arg>
<arg>PN</arg>
<arg>PR</arg>
<arg>PS</arg>
<arg>PT</arg>
<arg>PW</arg>
<arg>PY</arg>
<arg>QA</arg>
<arg>RE</arg>
<arg>RO</arg>
<arg>RS</arg>
<arg>RU</arg>
<arg>RW</arg>
<arg>SA</arg>
<arg>SB</arg>
<arg>SC</arg>
<arg>SD</arg>
<arg>SE</arg>
<arg>SG</arg>
<arg>SH</arg>
<arg>SI</arg>
<arg>SJ</arg>
<arg>SK</arg>
<arg>SL</arg>
<arg>SM</arg>
<arg>SN</arg>
<arg>SO</arg>
<arg>SR</arg>
<arg>SS</arg>
<arg>ST</arg>
<arg>SV</arg>
<arg>SX</arg>
<arg>SY</arg>
<arg>SZ</arg>
<arg>TC</arg>
<arg>TD</arg>
<arg>TF</arg>
<arg>TG</arg>
<arg>TH</arg>
<arg>TJ</arg>
<arg>TK</arg>
<arg>TL</arg>
<arg>TM</arg>
<arg>TN</arg>
<arg>TO</arg>
<arg>TR</arg>
<arg>TT</arg>
<arg>TV</arg>
<arg>TW</arg>
<arg>TZ</arg>
<arg>UA</arg>
<arg>UG</arg>
<arg>UM</arg>
<arg>US</arg>
<arg>UY</arg>
<arg>UZ</arg>
<arg>VA</arg>
<arg>VC</arg>
<arg>VE</arg>
<arg>VG</arg>
<arg>VI</arg>
<arg>VN</arg>
<arg>VU</arg>
<arg>WF</arg>
<arg>WS</arg>
<arg>XK</arg>
<arg>YE</arg>
<arg>YT</arg>
<arg>ZA</arg>
<arg>ZM</arg>
<arg>ZW</arg>
<doc>Returns a list containing given items.</doc>
<status status="PASS" start="2024-04-07T18:16:05.578643" elapsed="0.000625"/>
</kw>
<kw name="List Should Contain Value" owner="Collections">
<msg time="2024-04-07T18:16:05.580412" level="INFO">False</msg>
<arg>${list_country}</arg>
<arg>${name_country}</arg>
<doc>Fails if the ``value`` is not found from ``list``.</doc>
<status status="PASS" start="2024-04-07T18:16:05.580192" elapsed="0.000258"/>
</kw>
<kw name="Run Keyword If" owner="BuiltIn">
<kw name="Should Be True" owner="BuiltIn">
<arg>${True}</arg>
<doc>Fails if the given condition is not true.</doc>
<status status="PASS" start="2024-04-07T18:16:05.581561" elapsed="0.000147"/>
</kw>
<arg>${json_data["results"][0]["location"]["coordinates"]["latitude"]} &gt;= -90 and ${json_data["results"][0]["location"]["coordinates"]["latitude"]} &lt;= 90</arg>
<arg>Should Be True</arg>
<arg>${True}</arg>
<doc>Runs the given keyword with the given arguments, if ``condition`` is true.</doc>
<status status="PASS" start="2024-04-07T18:16:05.580779" elapsed="0.001059"/>
</kw>
<kw name="Run Keyword If" owner="BuiltIn">
<kw name="Should Be True" owner="BuiltIn">
<arg>${True}</arg>
<doc>Fails if the given condition is not true.</doc>
<status status="PASS" start="2024-04-07T18:16:05.582747" elapsed="0.000153"/>
</kw>
<arg>${json_data["results"][0]["location"]["coordinates"]["longitude"]} &gt;= -180 and ${json_data["results"][0]["location"]["coordinates"]["longitude"]} &lt;= 180</arg>
<arg>Should Be True</arg>
<arg>${True}</arg>
<doc>Runs the given keyword with the given arguments, if ``condition`` is true.</doc>
<status status="PASS" start="2024-04-07T18:16:05.582024" elapsed="0.001003"/>
</kw>
<status status="PASS" start="2024-04-07T18:16:05.475924" elapsed="0.107233"/>
</kw>
<doc>Testa o conteúdo específico dos campos retornados pela API.</doc>
<tag>testeConteudo</tag>
<status status="PASS" start="2024-04-07T18:16:05.475509" elapsed="0.107799"/>
</test>
<status status="PASS" start="2024-04-07T18:16:04.787011" elapsed="0.798257"/>
</suite>
<status status="PASS" start="2024-04-07T18:16:04.773400" elapsed="0.817140"/>
</suite>
<statistics>
<total>
<stat pass="5" fail="0" skip="0">All Tests</stat>
</total>
<tag>
<stat pass="1" fail="0" skip="0">testeConteudo</stat>
<stat pass="1" fail="0" skip="0">testeEstruturaResposta</stat>
<stat pass="1" fail="0" skip="0">testeRequisicaoBasica</stat>
<stat pass="1" fail="0" skip="0">testeTiposDados</stat>
</tag>
<suite>
<stat pass="5" fail="0" skip="0" id="s1" name="Tests">Tests</stat>
<stat pass="5" fail="0" skip="0" id="s1-s1" name="Random-User-Test">Tests.Random-User-Test</stat>
</suite>
</statistics>
<errors>
</errors>
</robot>
