<?xml version="1.0" encoding="UTF-8"?>
<robot generator="Robot 7.0.1 (Python 3.12.3 on linux)" generated="2024-06-15T13:15:22.548704" rpa="false" schemaversion="5">
<suite id="s1" name="Tests" source="/home/runner/work/ApiRandomUser/ApiRandomUser/RamdonUser/tests">
<suite id="s1-s1" name="Random-User-Test" source="/home/runner/work/ApiRandomUser/ApiRandomUser/RamdonUser/tests/random-user-test.robot">
<test id="s1-s1-t1" name="Conectar" line="13">
<kw name="Conectar API" owner="random-user-service">
<kw name="Create Session" owner="RequestsLibrary">
<msg time="2024-06-15T13:15:22.930877" level="INFO">Creating Session using : alias=consultarAPI, url=https://randomuser.me/, headers={},                     cookies={}, auth=None, timeout=None, proxies=None, verify=False,                     debug=0 </msg>
<arg>consultarAPI</arg>
<arg>${URL}</arg>
<doc>Create Session: create a HTTP session to a server</doc>
<status status="PASS" start="2024-06-15T13:15:22.930686" elapsed="0.000356"/>
</kw>
<status status="PASS" start="2024-06-15T13:15:22.929728" elapsed="0.001653"/>
</kw>
<status status="PASS" start="2024-06-15T13:15:22.929209" elapsed="0.002383"/>
</test>
<test id="s1-s1-t2" name="Validar retorno 200 e JSON Válido" line="16">
<kw name="Teste de Requisicao Basica" owner="random-user-service">
<kw name="GET On Session" owner="RequestsLibrary">
<msg time="2024-06-15T13:15:23.052782" level="INFO">GET Request : url=https://randomuser.me/api 
 path_url=/api 
 headers={'User-Agent': 'python-requests/2.32.3', 'Accept-Encoding': 'gzip, deflate', 'Accept': '*/*', 'Connection': 'keep-alive'} 
 body=None 
 </msg>
<msg time="2024-06-15T13:15:23.052890" level="INFO">GET Response : url=https://randomuser.me/api 
 status=200, reason=OK 
 headers={'Date': 'Sat, 15 Jun 2024 13:15:23 GMT', 'Content-Type': 'application/json; charset=utf-8', 'Transfer-Encoding': 'chunked', 'Connection': 'keep-alive', 'X-Powered-By': 'Express', 'Access-Control-Allow-Origin': '*', 'Cache-Control': 'no-cache', 'ETag': 'W/"47e-CQK0vqlcQDvE2YckNd4bW754Z4Y"', 'Vary': 'Accept-Encoding', 'Content-Encoding': 'gzip', 'CF-Cache-Status': 'DYNAMIC', 'Report-To': '{"endpoints":[{"url":"https:\\/\\/a.nel.cloudflare.com\\/report\\/v4?s=kBR6ZrreI8P7T5EFyEYanP7Kc5k7ttexwvaEJ1FRwvvH4rcqTQnH25hbx%2FlmO0FqTJ6%2FgjmLIe%2FytaGHuiVYcFpVLrB9kEdyFvxTgBYn81CFSKc2YEyQR2EwWNiVMBPL"}],"group":"cf-nel","max_age":604800}', 'NEL': '{"success_fraction":0,"report_to":"cf-nel","max_age":604800}', 'Server': 'cloudflare', 'CF-RAY': '8942d41c7c261592-SJC', 'alt-svc': 'h3=":443"; ma=86400'} 
 body={"results":[{"gender":"male","name":{"title":"Mr","first":"مهراد","last":"سهيلي راد"},"location":{"street":{"number":1666,"name":"دکتر فاطمی"},"city":"اهواز","state":"مرکزی","country":"Iran","postcode":72518,"coordinates":{"latitude":"18.5421","longitude":"-14.8984"},"timezone":{"offset":"-2:00","description":"Mid-Atlantic"}},"email":"mhrd.shylyrd@example.com","login":{"uuid":"d66242ab-c369-4e2d-878f-bac87fb27b1c","username":"orangewolf740","password":"jaguar","salt":"UnyK5jYW","md5":"56971445f2f7e00d5ecba9f42daa46bf","sha1":"5a707682c1594a1f4fbc6b22ea5a10b8cfa1b7fc","sha256":"0d82e8fba04e1196557b787fcc7305aa12feedddd39a305bc07f0f7a16628cbc"},"dob":{"date":"1981-05-17T04:12:49.917Z","age":43},"registered":{"date":"2018-01-31T19:41:41.506Z","age":6},"phone":"049-71460835","cell":"0908-932-8498","id":{"name":"","value":null},"picture":{"large":"https://randomuser.me/api/portraits/men/51.jpg","medium":"https://randomuser.me/api/portraits/med/men/51.jpg","thumbnail":"https://randomuser.me/api/portraits/thumb/men/51.jpg"},"nat":"IR"}],"info":{"seed":"8eb796b4fada506c","results":1,"page":1,"version":"1.4"}} 
 </msg>
<msg time="2024-06-15T13:15:23.052960" level="INFO">/opt/hostedtoolcache/Python/3.12.3/x64/lib/python3.12/site-packages/urllib3/connectionpool.py:1103: InsecureRequestWarning: Unverified HTTPS request is being made to host 'randomuser.me'. Adding certificate verification is strongly advised. See: https://urllib3.readthedocs.io/en/latest/advanced-usage.html#tls-warnings
  warnings.warn(</msg>
<msg time="2024-06-15T13:15:23.053065" level="INFO">${response} = &lt;Response [200]&gt;</msg>
<var>${response}</var>
<arg>consultarAPI</arg>
<arg>/api</arg>
<doc>Sends a GET request on a previously created HTTP Session.</doc>
<status status="PASS" start="2024-06-15T13:15:22.934133" elapsed="0.118973"/>
</kw>
<kw name="Should Be Equal As Numbers" owner="BuiltIn">
<msg time="2024-06-15T13:15:23.053926" level="INFO">Argument types are:
&lt;class 'int'&gt;
&lt;class 'str'&gt;</msg>
<arg>${response.status_code}</arg>
<arg>200</arg>
<doc>Fails if objects are unequal after converting them to real numbers.</doc>
<status status="PASS" start="2024-06-15T13:15:23.053519" elapsed="0.000471"/>
</kw>
<kw name="Log" owner="BuiltIn">
<msg time="2024-06-15T13:15:23.054686" level="INFO">200</msg>
<arg>${response.status_code}</arg>
<doc>Logs the given message with the given level.</doc>
<status status="PASS" start="2024-06-15T13:15:23.054338" elapsed="0.000397"/>
</kw>
<kw name="Set Variable" owner="BuiltIn">
<msg time="2024-06-15T13:15:23.055502" level="INFO">${json_data} = {'results': [{'gender': 'male', 'name': {'title': 'Mr', 'first': 'مهراد', 'last': 'سهيلي راد'}, 'location': {'street': {'number': 1666, 'name': 'دکتر فاطمی'}, 'city': 'اهواز', 'state': 'مرکزی', 'count...</msg>
<var>${json_data}</var>
<arg>${response.json()}</arg>
<doc>Returns the given values which can then be assigned to a variables.</doc>
<status status="PASS" start="2024-06-15T13:15:23.055044" elapsed="0.000491"/>
</kw>
<kw name="Dictionary Should Contain Key" owner="Collections">
<arg>${json_data}</arg>
<arg>results</arg>
<doc>Fails if ``key`` is not found from ``dictionary``.</doc>
<status status="PASS" start="2024-06-15T13:15:23.055901" elapsed="0.000208"/>
</kw>
<status status="PASS" start="2024-06-15T13:15:22.933902" elapsed="0.122389"/>
</kw>
<doc>Testa se a API responde corretamente e retorna um objeto JSON válido.</doc>
<tag>testeRequisicaoBasica</tag>
<status status="PASS" start="2024-06-15T13:15:22.933445" elapsed="0.123008"/>
</test>
<test id="s1-s1-t3" name="Validar estrutura de resposta" line="22">
<kw name="Teste de Estrutura de Resposta" owner="random-user-service">
<kw name="GET On Session" owner="RequestsLibrary">
<msg time="2024-06-15T13:15:23.153816" level="INFO">GET Request : url=https://randomuser.me/api 
 path_url=/api 
 headers={'User-Agent': 'python-requests/2.32.3', 'Accept-Encoding': 'gzip, deflate', 'Accept': '*/*', 'Connection': 'keep-alive'} 
 body=None 
 </msg>
<msg time="2024-06-15T13:15:23.153904" level="INFO">GET Response : url=https://randomuser.me/api 
 status=200, reason=OK 
 headers={'Date': 'Sat, 15 Jun 2024 13:15:23 GMT', 'Content-Type': 'application/json; charset=utf-8', 'Transfer-Encoding': 'chunked', 'Connection': 'keep-alive', 'X-Powered-By': 'Express', 'Access-Control-Allow-Origin': '*', 'Cache-Control': 'no-cache', 'ETag': 'W/"485-NJmvwWTkhijo8olg+q4C7/5VKR8"', 'Vary': 'Accept-Encoding', 'Content-Encoding': 'gzip', 'CF-Cache-Status': 'DYNAMIC', 'Report-To': '{"endpoints":[{"url":"https:\\/\\/a.nel.cloudflare.com\\/report\\/v4?s=uGmdLyYUXOiRCTDwEo2jTM%2BoXhwG6zsgTxxtR00GiV9vDVYHKq114lgSSh91%2F63%2Fb8pFzTLVNshlEvCR%2FbFXlMBbv4V5HKBuCT4QhR5OIiUCmloqSKVsXtQjRZZI2Lth"}],"group":"cf-nel","max_age":604800}', 'NEL': '{"success_fraction":0,"report_to":"cf-nel","max_age":604800}', 'Server': 'cloudflare', 'CF-RAY': '8942d41d2c7f1592-SJC', 'alt-svc': 'h3=":443"; ma=86400'} 
 body={"results":[{"gender":"male","name":{"title":"Mr","first":"Cory","last":"Herrera"},"location":{"street":{"number":1165,"name":"Manor Road"},"city":"Lichfield","state":"Worcestershire","country":"United Kingdom","postcode":"II5 9DQ","coordinates":{"latitude":"-5.0645","longitude":"-161.0529"},"timezone":{"offset":"+3:30","description":"Tehran"}},"email":"cory.herrera@example.com","login":{"uuid":"369167f5-aa24-4da4-9200-9387c6c5d56e","username":"beautifulbear642","password":"bedford","salt":"PQip2Oqh","md5":"2bc10fb486ffef5559d58a3438097482","sha1":"7616879c40fe1d9a0b403a358ebc44a433104da0","sha256":"626cff1c0d063bd6ba73376b23d3dfd9e69053d28f3eebfa7056eb4d06c4d5ed"},"dob":{"date":"1955-07-22T23:55:47.362Z","age":68},"registered":{"date":"2012-10-30T02:39:00.507Z","age":11},"phone":"022 4094 2495","cell":"07805 493960","id":{"name":"NINO","value":"HY 02 89 68 A"},"picture":{"large":"https://randomuser.me/api/portraits/men/48.jpg","medium":"https://randomuser.me/api/portraits/med/men/48.jpg","thumbnail":"https://randomuser.me/api/portraits/thumb/men/48.jpg"},"nat":"GB"}],"info":{"seed":"e4b953ce351e5b15","results":1,"page":1,"version":"1.4"}} 
 </msg>
<msg time="2024-06-15T13:15:23.154049" level="INFO">/opt/hostedtoolcache/Python/3.12.3/x64/lib/python3.12/site-packages/urllib3/connectionpool.py:1103: InsecureRequestWarning: Unverified HTTPS request is being made to host 'randomuser.me'. Adding certificate verification is strongly advised. See: https://urllib3.readthedocs.io/en/latest/advanced-usage.html#tls-warnings
  warnings.warn(</msg>
<msg time="2024-06-15T13:15:23.154176" level="INFO">${response} = &lt;Response [200]&gt;</msg>
<var>${response}</var>
<arg>consultarAPI</arg>
<arg>/api</arg>
<doc>Sends a GET request on a previously created HTTP Session.</doc>
<status status="PASS" start="2024-06-15T13:15:23.059471" elapsed="0.094897"/>
</kw>
<kw name="Set Variable" owner="BuiltIn">
<msg time="2024-06-15T13:15:23.155238" level="INFO">${json_data} = {'results': [{'gender': 'male', 'name': {'title': 'Mr', 'first': 'Cory', 'last': 'Herrera'}, 'location': {'street': {'number': 1165, 'name': 'Manor Road'}, 'city': 'Lichfield', 'state': 'Worcestershir...</msg>
<var>${json_data}</var>
<arg>${response.json()}</arg>
<doc>Returns the given values which can then be assigned to a variables.</doc>
<status status="PASS" start="2024-06-15T13:15:23.154791" elapsed="0.000475"/>
</kw>
<kw name="Log" owner="BuiltIn">
<msg time="2024-06-15T13:15:23.155780" level="INFO">{'results': [{'gender': 'male', 'name': {'title': 'Mr', 'first': 'Cory', 'last': 'Herrera'}, 'location': {'street': {'number': 1165, 'name': 'Manor Road'}, 'city': 'Lichfield', 'state': 'Worcestershire', 'country': 'United Kingdom', 'postcode': 'II5 9DQ', 'coordinates': {'latitude': '-5.0645', 'longitude': '-161.0529'}, 'timezone': {'offset': '+3:30', 'description': 'Tehran'}}, 'email': 'cory.herrera@example.com', 'login': {'uuid': '369167f5-aa24-4da4-9200-9387c6c5d56e', 'username': 'beautifulbear642', 'password': 'bedford', 'salt': 'PQip2Oqh', 'md5': '2bc10fb486ffef5559d58a3438097482', 'sha1': '7616879c40fe1d9a0b403a358ebc44a433104da0', 'sha256': '626cff1c0d063bd6ba73376b23d3dfd9e69053d28f3eebfa7056eb4d06c4d5ed'}, 'dob': {'date': '1955-07-22T23:55:47.362Z', 'age': 68}, 'registered': {'date': '2012-10-30T02:39:00.507Z', 'age': 11}, 'phone': '022 4094 2495', 'cell': '07805 493960', 'id': {'name': 'NINO', 'value': 'HY 02 89 68 A'}, 'picture': {'large': 'https://randomuser.me/api/portraits/men/48.jpg', 'medium': 'https://randomuser.me/api/portraits/med/men/48.jpg', 'thumbnail': 'https://randomuser.me/api/portraits/thumb/men/48.jpg'}, 'nat': 'GB'}], 'info': {'seed': 'e4b953ce351e5b15', 'results': 1, 'page': 1, 'version': '1.4'}}</msg>
<arg>${json_data}</arg>
<doc>Logs the given message with the given level.</doc>
<status status="PASS" start="2024-06-15T13:15:23.155612" elapsed="0.000215"/>
</kw>
<kw name="Dictionary Should Contain Key" owner="Collections">
<arg>${json_data}</arg>
<arg>results</arg>
<doc>Fails if ``key`` is not found from ``dictionary``.</doc>
<status status="PASS" start="2024-06-15T13:15:23.156120" elapsed="0.000151"/>
</kw>
<kw name="Should Not Be Empty" owner="BuiltIn">
<msg time="2024-06-15T13:15:23.156580" level="INFO">Length is 2.</msg>
<arg>${json_data}</arg>
<doc>Verifies that the given item is not empty.</doc>
<status status="PASS" start="2024-06-15T13:15:23.156456" elapsed="0.000164"/>
</kw>
<kw name="Create List" owner="BuiltIn">
<msg time="2024-06-15T13:15:23.157057" level="INFO">${expected_keys} = ['gender', 'name', 'location', 'email', 'login']</msg>
<var>${expected_keys}</var>
<arg>gender</arg>
<arg>name</arg>
<arg>location</arg>
<arg>email</arg>
<arg>login</arg>
<doc>Returns a list containing given items.</doc>
<status status="PASS" start="2024-06-15T13:15:23.156910" elapsed="0.000171"/>
</kw>
<for flavor="IN">
<iter>
<kw name="Dictionary Should Contain Key" owner="Collections">
<arg>${json_data['results'][0]}</arg>
<arg>${key}</arg>
<doc>Fails if ``key`` is not found from ``dictionary``.</doc>
<status status="PASS" start="2024-06-15T13:15:23.157642" elapsed="0.000402"/>
</kw>
<kw name="Log" owner="BuiltIn">
<msg time="2024-06-15T13:15:23.158595" level="INFO">{'gender': 'male', 'name': {'title': 'Mr', 'first': 'Cory', 'last': 'Herrera'}, 'location': {'street': {'number': 1165, 'name': 'Manor Road'}, 'city': 'Lichfield', 'state': 'Worcestershire', 'country': 'United Kingdom', 'postcode': 'II5 9DQ', 'coordinates': {'latitude': '-5.0645', 'longitude': '-161.0529'}, 'timezone': {'offset': '+3:30', 'description': 'Tehran'}}, 'email': 'cory.herrera@example.com', 'login': {'uuid': '369167f5-aa24-4da4-9200-9387c6c5d56e', 'username': 'beautifulbear642', 'password': 'bedford', 'salt': 'PQip2Oqh', 'md5': '2bc10fb486ffef5559d58a3438097482', 'sha1': '7616879c40fe1d9a0b403a358ebc44a433104da0', 'sha256': '626cff1c0d063bd6ba73376b23d3dfd9e69053d28f3eebfa7056eb4d06c4d5ed'}, 'dob': {'date': '1955-07-22T23:55:47.362Z', 'age': 68}, 'registered': {'date': '2012-10-30T02:39:00.507Z', 'age': 11}, 'phone': '022 4094 2495', 'cell': '07805 493960', 'id': {'name': 'NINO', 'value': 'HY 02 89 68 A'}, 'picture': {'large': 'https://randomuser.me/api/portraits/men/48.jpg', 'medium': 'https://randomuser.me/api/portraits/med/men/48.jpg', 'thumbnail': 'https://randomuser.me/api/portraits/thumb/men/48.jpg'}, 'nat': 'GB'}</msg>
<arg>${json_data['results'][0]}</arg>
<doc>Logs the given message with the given level.</doc>
<status status="PASS" start="2024-06-15T13:15:23.158237" elapsed="0.000408"/>
</kw>
<kw name="Log" owner="BuiltIn">
<msg time="2024-06-15T13:15:23.159070" level="INFO">gender</msg>
<arg>${key}</arg>
<doc>Logs the given message with the given level.</doc>
<status status="PASS" start="2024-06-15T13:15:23.158942" elapsed="0.000167"/>
</kw>
<var name="${key}">gender</var>
<status status="PASS" start="2024-06-15T13:15:23.157520" elapsed="0.001817"/>
</iter>
<iter>
<kw name="Dictionary Should Contain Key" owner="Collections">
<arg>${json_data['results'][0]}</arg>
<arg>${key}</arg>
<doc>Fails if ``key`` is not found from ``dictionary``.</doc>
<status status="PASS" start="2024-06-15T13:15:23.159679" elapsed="0.000394"/>
</kw>
<kw name="Log" owner="BuiltIn">
<msg time="2024-06-15T13:15:23.160603" level="INFO">{'gender': 'male', 'name': {'title': 'Mr', 'first': 'Cory', 'last': 'Herrera'}, 'location': {'street': {'number': 1165, 'name': 'Manor Road'}, 'city': 'Lichfield', 'state': 'Worcestershire', 'country': 'United Kingdom', 'postcode': 'II5 9DQ', 'coordinates': {'latitude': '-5.0645', 'longitude': '-161.0529'}, 'timezone': {'offset': '+3:30', 'description': 'Tehran'}}, 'email': 'cory.herrera@example.com', 'login': {'uuid': '369167f5-aa24-4da4-9200-9387c6c5d56e', 'username': 'beautifulbear642', 'password': 'bedford', 'salt': 'PQip2Oqh', 'md5': '2bc10fb486ffef5559d58a3438097482', 'sha1': '7616879c40fe1d9a0b403a358ebc44a433104da0', 'sha256': '626cff1c0d063bd6ba73376b23d3dfd9e69053d28f3eebfa7056eb4d06c4d5ed'}, 'dob': {'date': '1955-07-22T23:55:47.362Z', 'age': 68}, 'registered': {'date': '2012-10-30T02:39:00.507Z', 'age': 11}, 'phone': '022 4094 2495', 'cell': '07805 493960', 'id': {'name': 'NINO', 'value': 'HY 02 89 68 A'}, 'picture': {'large': 'https://randomuser.me/api/portraits/men/48.jpg', 'medium': 'https://randomuser.me/api/portraits/med/men/48.jpg', 'thumbnail': 'https://randomuser.me/api/portraits/thumb/men/48.jpg'}, 'nat': 'GB'}</msg>
<arg>${json_data['results'][0]}</arg>
<doc>Logs the given message with the given level.</doc>
<status status="PASS" start="2024-06-15T13:15:23.160257" elapsed="0.000428"/>
</kw>
<kw name="Log" owner="BuiltIn">
<msg time="2024-06-15T13:15:23.161117" level="INFO">name</msg>
<arg>${key}</arg>
<doc>Logs the given message with the given level.</doc>
<status status="PASS" start="2024-06-15T13:15:23.160984" elapsed="0.000172"/>
</kw>
<var name="${key}">name</var>
<status status="PASS" start="2024-06-15T13:15:23.159523" elapsed="0.001851"/>
</iter>
<iter>
<kw name="Dictionary Should Contain Key" owner="Collections">
<arg>${json_data['results'][0]}</arg>
<arg>${key}</arg>
<doc>Fails if ``key`` is not found from ``dictionary``.</doc>
<status status="PASS" start="2024-06-15T13:15:23.161661" elapsed="0.000375"/>
</kw>
<kw name="Log" owner="BuiltIn">
<msg time="2024-06-15T13:15:23.162570" level="INFO">{'gender': 'male', 'name': {'title': 'Mr', 'first': 'Cory', 'last': 'Herrera'}, 'location': {'street': {'number': 1165, 'name': 'Manor Road'}, 'city': 'Lichfield', 'state': 'Worcestershire', 'country': 'United Kingdom', 'postcode': 'II5 9DQ', 'coordinates': {'latitude': '-5.0645', 'longitude': '-161.0529'}, 'timezone': {'offset': '+3:30', 'description': 'Tehran'}}, 'email': 'cory.herrera@example.com', 'login': {'uuid': '369167f5-aa24-4da4-9200-9387c6c5d56e', 'username': 'beautifulbear642', 'password': 'bedford', 'salt': 'PQip2Oqh', 'md5': '2bc10fb486ffef5559d58a3438097482', 'sha1': '7616879c40fe1d9a0b403a358ebc44a433104da0', 'sha256': '626cff1c0d063bd6ba73376b23d3dfd9e69053d28f3eebfa7056eb4d06c4d5ed'}, 'dob': {'date': '1955-07-22T23:55:47.362Z', 'age': 68}, 'registered': {'date': '2012-10-30T02:39:00.507Z', 'age': 11}, 'phone': '022 4094 2495', 'cell': '07805 493960', 'id': {'name': 'NINO', 'value': 'HY 02 89 68 A'}, 'picture': {'large': 'https://randomuser.me/api/portraits/men/48.jpg', 'medium': 'https://randomuser.me/api/portraits/med/men/48.jpg', 'thumbnail': 'https://randomuser.me/api/portraits/thumb/men/48.jpg'}, 'nat': 'GB'}</msg>
<arg>${json_data['results'][0]}</arg>
<doc>Logs the given message with the given level.</doc>
<status status="PASS" start="2024-06-15T13:15:23.162222" elapsed="0.000397"/>
</kw>
<kw name="Log" owner="BuiltIn">
<msg time="2024-06-15T13:15:23.163044" level="INFO">location</msg>
<arg>${key}</arg>
<doc>Logs the given message with the given level.</doc>
<status status="PASS" start="2024-06-15T13:15:23.162917" elapsed="0.000164"/>
</kw>
<var name="${key}">location</var>
<status status="PASS" start="2024-06-15T13:15:23.161553" elapsed="0.001749"/>
</iter>
<iter>
<kw name="Dictionary Should Contain Key" owner="Collections">
<arg>${json_data['results'][0]}</arg>
<arg>${key}</arg>
<doc>Fails if ``key`` is not found from ``dictionary``.</doc>
<status status="PASS" start="2024-06-15T13:15:23.163616" elapsed="0.000398"/>
</kw>
<kw name="Log" owner="BuiltIn">
<msg time="2024-06-15T13:15:23.164547" level="INFO">{'gender': 'male', 'name': {'title': 'Mr', 'first': 'Cory', 'last': 'Herrera'}, 'location': {'street': {'number': 1165, 'name': 'Manor Road'}, 'city': 'Lichfield', 'state': 'Worcestershire', 'country': 'United Kingdom', 'postcode': 'II5 9DQ', 'coordinates': {'latitude': '-5.0645', 'longitude': '-161.0529'}, 'timezone': {'offset': '+3:30', 'description': 'Tehran'}}, 'email': 'cory.herrera@example.com', 'login': {'uuid': '369167f5-aa24-4da4-9200-9387c6c5d56e', 'username': 'beautifulbear642', 'password': 'bedford', 'salt': 'PQip2Oqh', 'md5': '2bc10fb486ffef5559d58a3438097482', 'sha1': '7616879c40fe1d9a0b403a358ebc44a433104da0', 'sha256': '626cff1c0d063bd6ba73376b23d3dfd9e69053d28f3eebfa7056eb4d06c4d5ed'}, 'dob': {'date': '1955-07-22T23:55:47.362Z', 'age': 68}, 'registered': {'date': '2012-10-30T02:39:00.507Z', 'age': 11}, 'phone': '022 4094 2495', 'cell': '07805 493960', 'id': {'name': 'NINO', 'value': 'HY 02 89 68 A'}, 'picture': {'large': 'https://randomuser.me/api/portraits/men/48.jpg', 'medium': 'https://randomuser.me/api/portraits/med/men/48.jpg', 'thumbnail': 'https://randomuser.me/api/portraits/thumb/men/48.jpg'}, 'nat': 'GB'}</msg>
<arg>${json_data['results'][0]}</arg>
<doc>Logs the given message with the given level.</doc>
<status status="PASS" start="2024-06-15T13:15:23.164197" elapsed="0.000399"/>
</kw>
<kw name="Log" owner="BuiltIn">
<msg time="2024-06-15T13:15:23.165019" level="INFO">email</msg>
<arg>${key}</arg>
<doc>Logs the given message with the given level.</doc>
<status status="PASS" start="2024-06-15T13:15:23.164892" elapsed="0.000166"/>
</kw>
<var name="${key}">email</var>
<status status="PASS" start="2024-06-15T13:15:23.163474" elapsed="0.001798"/>
</iter>
<iter>
<kw name="Dictionary Should Contain Key" owner="Collections">
<arg>${json_data['results'][0]}</arg>
<arg>${key}</arg>
<doc>Fails if ``key`` is not found from ``dictionary``.</doc>
<status status="PASS" start="2024-06-15T13:15:23.165550" elapsed="0.000379"/>
</kw>
<kw name="Log" owner="BuiltIn">
<msg time="2024-06-15T13:15:23.166461" level="INFO">{'gender': 'male', 'name': {'title': 'Mr', 'first': 'Cory', 'last': 'Herrera'}, 'location': {'street': {'number': 1165, 'name': 'Manor Road'}, 'city': 'Lichfield', 'state': 'Worcestershire', 'country': 'United Kingdom', 'postcode': 'II5 9DQ', 'coordinates': {'latitude': '-5.0645', 'longitude': '-161.0529'}, 'timezone': {'offset': '+3:30', 'description': 'Tehran'}}, 'email': 'cory.herrera@example.com', 'login': {'uuid': '369167f5-aa24-4da4-9200-9387c6c5d56e', 'username': 'beautifulbear642', 'password': 'bedford', 'salt': 'PQip2Oqh', 'md5': '2bc10fb486ffef5559d58a3438097482', 'sha1': '7616879c40fe1d9a0b403a358ebc44a433104da0', 'sha256': '626cff1c0d063bd6ba73376b23d3dfd9e69053d28f3eebfa7056eb4d06c4d5ed'}, 'dob': {'date': '1955-07-22T23:55:47.362Z', 'age': 68}, 'registered': {'date': '2012-10-30T02:39:00.507Z', 'age': 11}, 'phone': '022 4094 2495', 'cell': '07805 493960', 'id': {'name': 'NINO', 'value': 'HY 02 89 68 A'}, 'picture': {'large': 'https://randomuser.me/api/portraits/men/48.jpg', 'medium': 'https://randomuser.me/api/portraits/med/men/48.jpg', 'thumbnail': 'https://randomuser.me/api/portraits/thumb/men/48.jpg'}, 'nat': 'GB'}</msg>
<arg>${json_data['results'][0]}</arg>
<doc>Logs the given message with the given level.</doc>
<status status="PASS" start="2024-06-15T13:15:23.166115" elapsed="0.000403"/>
</kw>
<kw name="Log" owner="BuiltIn">
<msg time="2024-06-15T13:15:23.167041" level="INFO">login</msg>
<arg>${key}</arg>
<doc>Logs the given message with the given level.</doc>
<status status="PASS" start="2024-06-15T13:15:23.166810" elapsed="0.000269"/>
</kw>
<var name="${key}">login</var>
<status status="PASS" start="2024-06-15T13:15:23.165443" elapsed="0.001853"/>
</iter>
<var>${key}</var>
<value>@{expected_keys}</value>
<status status="PASS" start="2024-06-15T13:15:23.157336" elapsed="0.010081"/>
</for>
<kw name="Create List" owner="BuiltIn">
<msg time="2024-06-15T13:15:23.167787" level="INFO">${expected_keysTwo} = ['username', 'password']</msg>
<var>${expected_keysTwo}</var>
<arg>username</arg>
<arg>password</arg>
<doc>Returns a list containing given items.</doc>
<status status="PASS" start="2024-06-15T13:15:23.167648" elapsed="0.000163"/>
</kw>
<for flavor="IN">
<iter>
<kw name="Dictionary Should Contain Key" owner="Collections">
<arg>${json_data['results'][0]['login']}</arg>
<arg>${keyTwo}</arg>
<doc>Fails if ``key`` is not found from ``dictionary``.</doc>
<status status="PASS" start="2024-06-15T13:15:23.168331" elapsed="0.000375"/>
</kw>
<kw name="Dictionary Should Contain Key" owner="Collections">
<arg>${json_data['results'][0]['login']}</arg>
<arg>${keyTwo}</arg>
<doc>Fails if ``key`` is not found from ``dictionary``.</doc>
<status status="PASS" start="2024-06-15T13:15:23.168886" elapsed="0.000362"/>
</kw>
<kw name="Log" owner="BuiltIn">
<msg time="2024-06-15T13:15:23.169543" level="INFO">username</msg>
<arg>${keyTwo}</arg>
<doc>Logs the given message with the given level.</doc>
<status status="PASS" start="2024-06-15T13:15:23.169425" elapsed="0.000155"/>
</kw>
<var name="${keyTwo}">username</var>
<status status="PASS" start="2024-06-15T13:15:23.168224" elapsed="0.001575"/>
</iter>
<iter>
<kw name="Dictionary Should Contain Key" owner="Collections">
<arg>${json_data['results'][0]['login']}</arg>
<arg>${keyTwo}</arg>
<doc>Fails if ``key`` is not found from ``dictionary``.</doc>
<status status="PASS" start="2024-06-15T13:15:23.170088" elapsed="0.000374"/>
</kw>
<kw name="Dictionary Should Contain Key" owner="Collections">
<arg>${json_data['results'][0]['login']}</arg>
<arg>${keyTwo}</arg>
<doc>Fails if ``key`` is not found from ``dictionary``.</doc>
<status status="PASS" start="2024-06-15T13:15:23.170640" elapsed="0.000361"/>
</kw>
<kw name="Log" owner="BuiltIn">
<msg time="2024-06-15T13:15:23.171297" level="INFO">password</msg>
<arg>${keyTwo}</arg>
<doc>Logs the given message with the given level.</doc>
<status status="PASS" start="2024-06-15T13:15:23.171177" elapsed="0.000156"/>
</kw>
<var name="${keyTwo}">password</var>
<status status="PASS" start="2024-06-15T13:15:23.169979" elapsed="0.001605"/>
</iter>
<var>${keyTwo}</var>
<value>@{expected_keysTwo}</value>
<status status="PASS" start="2024-06-15T13:15:23.168075" elapsed="0.003657"/>
</for>
<status status="PASS" start="2024-06-15T13:15:23.059135" elapsed="0.112737"/>
</kw>
<doc>Testa a estrutura da resposta da API.</doc>
<tag>testeEstruturaResposta</tag>
<status status="PASS" start="2024-06-15T13:15:23.058213" elapsed="0.113806"/>
</test>
<test id="s1-s1-t4" name="Validar tipos de dados" line="28">
<kw name="Teste de Tipos de Dados" owner="random-user-service">
<kw name="GET On Session" owner="RequestsLibrary">
<msg time="2024-06-15T13:15:23.256198" level="INFO">GET Request : url=https://randomuser.me/api 
 path_url=/api 
 headers={'User-Agent': 'python-requests/2.32.3', 'Accept-Encoding': 'gzip, deflate', 'Accept': '*/*', 'Connection': 'keep-alive'} 
 body=None 
 </msg>
<msg time="2024-06-15T13:15:23.256292" level="INFO">GET Response : url=https://randomuser.me/api 
 status=200, reason=OK 
 headers={'Date': 'Sat, 15 Jun 2024 13:15:23 GMT', 'Content-Type': 'application/json; charset=utf-8', 'Transfer-Encoding': 'chunked', 'Connection': 'keep-alive', 'X-Powered-By': 'Express', 'Access-Control-Allow-Origin': '*', 'Cache-Control': 'no-cache', 'ETag': 'W/"49c-MUcZDO/ZNsKukOIe1rMpTYnNOCo"', 'Vary': 'Accept-Encoding', 'Content-Encoding': 'gzip', 'CF-Cache-Status': 'DYNAMIC', 'Report-To': '{"endpoints":[{"url":"https:\\/\\/a.nel.cloudflare.com\\/report\\/v4?s=5ONT%2F4ABz%2B2pe3Q5IRDtI0i%2FCHgwBsM2qL2NC6ZN0Z2KffeuW%2B5gFXLepfBWWeDZ6B5LnFgpuqUmLLRktfjDkVyV7NciSHOAG5j8AWxc90Ewvl%2B%2F0HAFnmXf1JyTOOiw"}],"group":"cf-nel","max_age":604800}', 'NEL': '{"success_fraction":0,"report_to":"cf-nel","max_age":604800}', 'Server': 'cloudflare', 'CF-RAY': '8942d41ddcf01592-SJC', 'alt-svc': 'h3=":443"; ma=86400'} 
 body={"results":[{"gender":"female","name":{"title":"Miss","first":"Noémie","last":"Kwast"},"location":{"street":{"number":1849,"name":"Gijminkplein"},"city":"Minnertsga","state":"Drenthe","country":"Netherlands","postcode":"2430 AX","coordinates":{"latitude":"32.7293","longitude":"96.7257"},"timezone":{"offset":"+8:00","description":"Beijing, Perth, Singapore, Hong Kong"}},"email":"noemie.kwast@example.com","login":{"uuid":"b62d2981-b5c4-46a7-88b9-c2727b4dcc2a","username":"organicsnake250","password":"race","salt":"wVpzQEbF","md5":"a18b6c4bc56c940d4272c6c734039d65","sha1":"d4f21e84ed4f2c95ed10354575660885c095eb1d","sha256":"f3797697cbcd14d78364bec7abc77ef9c8afb355153ee7eafb4a8c4089c0d4cd"},"dob":{"date":"1973-01-08T16:03:32.559Z","age":51},"registered":{"date":"2005-06-07T17:53:17.273Z","age":19},"phone":"(0872) 144651","cell":"(06) 78268996","id":{"name":"BSN","value":"14973688"},"picture":{"large":"https://randomuser.me/api/portraits/women/47.jpg","medium":"https://randomuser.me/api/portraits/med/women/47.jpg","thumbnail":"https://randomuser.me/api/portraits/thumb/women/47.jpg"},"nat":"NL"}],"info":{"seed":"20327e8504601671","results":1,"page":1,"version":"1.4"}} 
 </msg>
<msg time="2024-06-15T13:15:23.256362" level="INFO">/opt/hostedtoolcache/Python/3.12.3/x64/lib/python3.12/site-packages/urllib3/connectionpool.py:1103: InsecureRequestWarning: Unverified HTTPS request is being made to host 'randomuser.me'. Adding certificate verification is strongly advised. See: https://urllib3.readthedocs.io/en/latest/advanced-usage.html#tls-warnings
  warnings.warn(</msg>
<msg time="2024-06-15T13:15:23.256601" level="INFO">${response} = &lt;Response [200]&gt;</msg>
<var>${response}</var>
<arg>consultarAPI</arg>
<arg>/api</arg>
<doc>Sends a GET request on a previously created HTTP Session.</doc>
<status status="PASS" start="2024-06-15T13:15:23.174586" elapsed="0.082056"/>
</kw>
<kw name="Set Variable" owner="BuiltIn">
<msg time="2024-06-15T13:15:23.257449" level="INFO">${json_data} = {'results': [{'gender': 'female', 'name': {'title': 'Miss', 'first': 'Noémie', 'last': 'Kwast'}, 'location': {'street': {'number': 1849, 'name': 'Gijminkplein'}, 'city': 'Minnertsga', 'state': 'Drenth...</msg>
<var>${json_data}</var>
<arg>${response.json()}</arg>
<doc>Returns the given values which can then be assigned to a variables.</doc>
<status status="PASS" start="2024-06-15T13:15:23.257016" elapsed="0.000463"/>
</kw>
<kw name="Log" owner="BuiltIn">
<msg time="2024-06-15T13:15:23.257933" level="INFO">{'results': [{'gender': 'female', 'name': {'title': 'Miss', 'first': 'Noémie', 'last': 'Kwast'}, 'location': {'street': {'number': 1849, 'name': 'Gijminkplein'}, 'city': 'Minnertsga', 'state': 'Drenthe', 'country': 'Netherlands', 'postcode': '2430 AX', 'coordinates': {'latitude': '32.7293', 'longitude': '96.7257'}, 'timezone': {'offset': '+8:00', 'description': 'Beijing, Perth, Singapore, Hong Kong'}}, 'email': 'noemie.kwast@example.com', 'login': {'uuid': 'b62d2981-b5c4-46a7-88b9-c2727b4dcc2a', 'username': 'organicsnake250', 'password': 'race', 'salt': 'wVpzQEbF', 'md5': 'a18b6c4bc56c940d4272c6c734039d65', 'sha1': 'd4f21e84ed4f2c95ed10354575660885c095eb1d', 'sha256': 'f3797697cbcd14d78364bec7abc77ef9c8afb355153ee7eafb4a8c4089c0d4cd'}, 'dob': {'date': '1973-01-08T16:03:32.559Z', 'age': 51}, 'registered': {'date': '2005-06-07T17:53:17.273Z', 'age': 19}, 'phone': '(0872) 144651', 'cell': '(06) 78268996', 'id': {'name': 'BSN', 'value': '14973688'}, 'picture': {'large': 'https://randomuser.me/api/portraits/women/47.jpg', 'medium': 'https://randomuser.me/api/portraits/med/women/47.jpg', 'thumbnail': 'https://randomuser.me/api/portraits/thumb/women/47.jpg'}, 'nat': 'NL'}], 'info': {'seed': '20327e8504601671', 'results': 1, 'page': 1, 'version': '1.4'}}</msg>
<arg>${json_data}</arg>
<doc>Logs the given message with the given level.</doc>
<status status="PASS" start="2024-06-15T13:15:23.257780" elapsed="0.000200"/>
</kw>
<kw name="Should Be String" owner="String">
<arg>${json_data['results'][0]['gender']}</arg>
<doc>Fails if the given ``item`` is not a string.</doc>
<status status="PASS" start="2024-06-15T13:15:23.258275" elapsed="0.000355"/>
</kw>
<kw name="Should Match Regexp" owner="BuiltIn">
<arg>${json_data['results'][0]['email']}</arg>
<arg>^[a-zA-Z0-9._%+-]+@[a-zA-Z0-9.-]+\.[a-zA-Z]{2,}$</arg>
<doc>Fails if ``string`` does not match ``pattern`` as a regular expression.</doc>
<status status="PASS" start="2024-06-15T13:15:23.258819" elapsed="0.000485"/>
</kw>
<kw name="Should Match Regexp" owner="BuiltIn">
<arg>${json_data['results'][0]['dob']['date']}</arg>
<arg>\\d{4}-\\d{2}-\\d{2}T\\d{2}:\\d{2}:\\d{2}\\.\\d{3}Z</arg>
<doc>Fails if ``string`` does not match ``pattern`` as a regular expression.</doc>
<status status="PASS" start="2024-06-15T13:15:23.259537" elapsed="0.000530"/>
</kw>
<kw name="Should Match Regexp" owner="BuiltIn">
<arg>${json_data['results'][0]['registered']['date']}</arg>
<arg>\\d{4}-\\d{2}-\\d{2}T\\d{2}:\\d{2}:\\d{2}\\.\\d{3}Z</arg>
<doc>Fails if ``string`` does not match ``pattern`` as a regular expression.</doc>
<status status="PASS" start="2024-06-15T13:15:23.260258" elapsed="0.000360"/>
</kw>
<kw name="Should Match Regexp" owner="BuiltIn">
<arg>${json_data['results'][0]['picture']['large']}</arg>
<arg>^https?://.*\.(?:png|jpe?g|gif|bmp)$</arg>
<doc>Fails if ``string`` does not match ``pattern`` as a regular expression.</doc>
<status status="PASS" start="2024-06-15T13:15:23.260806" elapsed="0.000449"/>
</kw>
<kw name="Should Match Regexp" owner="BuiltIn">
<arg>${json_data['results'][0]['picture']['medium']}</arg>
<arg>^https?://.*\.(?:png|jpe?g|gif|bmp)$</arg>
<doc>Fails if ``string`` does not match ``pattern`` as a regular expression.</doc>
<status status="PASS" start="2024-06-15T13:15:23.261448" elapsed="0.000347"/>
</kw>
<kw name="Should Match Regexp" owner="BuiltIn">
<arg>${json_data['results'][0]['picture']['thumbnail']}</arg>
<arg>^https?://.*\.(?:png|jpe?g|gif|bmp)$</arg>
<doc>Fails if ``string`` does not match ``pattern`` as a regular expression.</doc>
<status status="PASS" start="2024-06-15T13:15:23.261988" elapsed="0.000347"/>
</kw>
<kw name="Log" owner="BuiltIn">
<msg time="2024-06-15T13:15:23.262849" level="INFO">{'large': 'https://randomuser.me/api/portraits/women/47.jpg', 'medium': 'https://randomuser.me/api/portraits/med/women/47.jpg', 'thumbnail': 'https://randomuser.me/api/portraits/thumb/women/47.jpg'}</msg>
<arg>${json_data['results'][0]['picture']}</arg>
<doc>Logs the given message with the given level.</doc>
<status status="PASS" start="2024-06-15T13:15:23.262517" elapsed="0.000376"/>
</kw>
<status status="PASS" start="2024-06-15T13:15:23.174354" elapsed="0.088794"/>
</kw>
<kw name="Teste de Tipos de Dados - Postcode" owner="random-user-service">
<kw name="GET On Session" owner="RequestsLibrary">
<msg time="2024-06-15T13:15:23.380596" level="INFO">GET Request : url=https://randomuser.me/api 
 path_url=/api 
 headers={'User-Agent': 'python-requests/2.32.3', 'Accept-Encoding': 'gzip, deflate', 'Accept': '*/*', 'Connection': 'keep-alive'} 
 body=None 
 </msg>
<msg time="2024-06-15T13:15:23.380672" level="INFO">GET Response : url=https://randomuser.me/api 
 status=200, reason=OK 
 headers={'Date': 'Sat, 15 Jun 2024 13:15:23 GMT', 'Content-Type': 'application/json; charset=utf-8', 'Transfer-Encoding': 'chunked', 'Connection': 'keep-alive', 'X-Powered-By': 'Express', 'Access-Control-Allow-Origin': '*', 'Cache-Control': 'no-cache', 'ETag': 'W/"481-SSTY5T+eFYcp2+ld8LSsg/T36hw"', 'Vary': 'Accept-Encoding', 'Content-Encoding': 'gzip', 'CF-Cache-Status': 'DYNAMIC', 'Report-To': '{"endpoints":[{"url":"https:\\/\\/a.nel.cloudflare.com\\/report\\/v4?s=5qteHFjZKvK2Qzo42BYX6JbeHU6zlGqQKm9KqTCZ9WnAl9Yi0%2FENF8z3GwnjjqnxuVyCsB0GD5zhIvcTE6sPJtXx4YIn1udTV8zYsi7b727CSUGXpjIZE%2BNo7ezB6VPe"}],"group":"cf-nel","max_age":604800}', 'NEL': '{"success_fraction":0,"report_to":"cf-nel","max_age":604800}', 'Server': 'cloudflare', 'CF-RAY': '8942d41e6d4d1592-SJC', 'alt-svc': 'h3=":443"; ma=86400'} 
 body={"results":[{"gender":"female","name":{"title":"Mrs","first":"Bobbie","last":"Rodriquez"},"location":{"street":{"number":2661,"name":"Poplar Dr"},"city":"Coffs Harbour","state":"Queensland","country":"Australia","postcode":3183,"coordinates":{"latitude":"-83.9283","longitude":"3.8868"},"timezone":{"offset":"+4:30","description":"Kabul"}},"email":"bobbie.rodriquez@example.com","login":{"uuid":"1c6a4a46-e522-40a6-911b-b8f99dabb778","username":"silverpeacock586","password":"amazon","salt":"vjidOzfg","md5":"f2126051ae5fead5083e61bb448facb7","sha1":"d98ffea57d1af5bf0251cefb9e67e74362bbdca7","sha256":"a9e4b80f7a31d50d251cf456c69735c1b70083940d17ecb357ec37ac8b682470"},"dob":{"date":"1998-08-12T16:38:39.090Z","age":25},"registered":{"date":"2014-03-04T09:12:55.144Z","age":10},"phone":"08-6764-4537","cell":"0482-276-048","id":{"name":"TFN","value":"507541667"},"picture":{"large":"https://randomuser.me/api/portraits/women/55.jpg","medium":"https://randomuser.me/api/portraits/med/women/55.jpg","thumbnail":"https://randomuser.me/api/portraits/thumb/women/55.jpg"},"nat":"AU"}],"info":{"seed":"a30697caa91a7fc7","results":1,"page":1,"version":"1.4"}} 
 </msg>
<msg time="2024-06-15T13:15:23.380748" level="INFO">/opt/hostedtoolcache/Python/3.12.3/x64/lib/python3.12/site-packages/urllib3/connectionpool.py:1103: InsecureRequestWarning: Unverified HTTPS request is being made to host 'randomuser.me'. Adding certificate verification is strongly advised. See: https://urllib3.readthedocs.io/en/latest/advanced-usage.html#tls-warnings
  warnings.warn(</msg>
<msg time="2024-06-15T13:15:23.380850" level="INFO">${response} = &lt;Response [200]&gt;</msg>
<var>${response}</var>
<arg>consultarAPI</arg>
<arg>/api</arg>
<doc>Sends a GET request on a previously created HTTP Session.</doc>
<status status="PASS" start="2024-06-15T13:15:23.263601" elapsed="0.117297"/>
</kw>
<kw name="Set Variable" owner="BuiltIn">
<msg time="2024-06-15T13:15:23.381792" level="INFO">${json_data} = {'results': [{'gender': 'female', 'name': {'title': 'Mrs', 'first': 'Bobbie', 'last': 'Rodriquez'}, 'location': {'street': {'number': 2661, 'name': 'Poplar Dr'}, 'city': 'Coffs Harbour', 'state': 'Que...</msg>
<var>${json_data}</var>
<arg>${response.json()}</arg>
<doc>Returns the given values which can then be assigned to a variables.</doc>
<status status="PASS" start="2024-06-15T13:15:23.381358" elapsed="0.000464"/>
</kw>
<kw name="Log" owner="BuiltIn">
<msg time="2024-06-15T13:15:23.382286" level="INFO">{'results': [{'gender': 'female', 'name': {'title': 'Mrs', 'first': 'Bobbie', 'last': 'Rodriquez'}, 'location': {'street': {'number': 2661, 'name': 'Poplar Dr'}, 'city': 'Coffs Harbour', 'state': 'Queensland', 'country': 'Australia', 'postcode': 3183, 'coordinates': {'latitude': '-83.9283', 'longitude': '3.8868'}, 'timezone': {'offset': '+4:30', 'description': 'Kabul'}}, 'email': 'bobbie.rodriquez@example.com', 'login': {'uuid': '1c6a4a46-e522-40a6-911b-b8f99dabb778', 'username': 'silverpeacock586', 'password': 'amazon', 'salt': 'vjidOzfg', 'md5': 'f2126051ae5fead5083e61bb448facb7', 'sha1': 'd98ffea57d1af5bf0251cefb9e67e74362bbdca7', 'sha256': 'a9e4b80f7a31d50d251cf456c69735c1b70083940d17ecb357ec37ac8b682470'}, 'dob': {'date': '1998-08-12T16:38:39.090Z', 'age': 25}, 'registered': {'date': '2014-03-04T09:12:55.144Z', 'age': 10}, 'phone': '08-6764-4537', 'cell': '0482-276-048', 'id': {'name': 'TFN', 'value': '507541667'}, 'picture': {'large': 'https://randomuser.me/api/portraits/women/55.jpg', 'medium': 'https://randomuser.me/api/portraits/med/women/55.jpg', 'thumbnail': 'https://randomuser.me/api/portraits/thumb/women/55.jpg'}, 'nat': 'AU'}], 'info': {'seed': 'a30697caa91a7fc7', 'results': 1, 'page': 1, 'version': '1.4'}}</msg>
<arg>${json_data}</arg>
<doc>Logs the given message with the given level.</doc>
<status status="PASS" start="2024-06-15T13:15:23.382119" elapsed="0.000213"/>
</kw>
<kw name="Should Be Equal As Numbers" owner="BuiltIn">
<arg>${json_data['results'][0]['location']['postcode']}</arg>
<arg>${json_data['results'][0]['location']['postcode']}</arg>
<doc>Fails if objects are unequal after converting them to real numbers.</doc>
<status status="PASS" start="2024-06-15T13:15:23.382634" elapsed="0.000593"/>
</kw>
<kw name="Log" owner="BuiltIn">
<msg time="2024-06-15T13:15:23.383785" level="INFO">3183</msg>
<arg>${json_data['results'][0]['location']['postcode']}</arg>
<doc>Logs the given message with the given level.</doc>
<status status="PASS" start="2024-06-15T13:15:23.383413" elapsed="0.000412"/>
</kw>
<status status="PASS" start="2024-06-15T13:15:23.263356" elapsed="0.120745"/>
</kw>
<doc>Testa se os tipos de dados na resposta da API estão corretos.</doc>
<tag>testeTiposDados</tag>
<status status="PASS" start="2024-06-15T13:15:23.173852" elapsed="0.210404"/>
</test>
<test id="s1-s1-t5" name="Validar conteudo" line="35">
<kw name="Teste de Tipos de Conteudo" owner="random-user-service">
<kw name="GET On Session" owner="RequestsLibrary">
<msg time="2024-06-15T13:15:23.665940" level="INFO">GET Request : url=https://randomuser.me/api 
 path_url=/api 
 headers={'User-Agent': 'python-requests/2.32.3', 'Accept-Encoding': 'gzip, deflate', 'Accept': '*/*', 'Connection': 'keep-alive'} 
 body=None 
 </msg>
<msg time="2024-06-15T13:15:23.666023" level="INFO">GET Response : url=https://randomuser.me/api 
 status=200, reason=OK 
 headers={'Date': 'Sat, 15 Jun 2024 13:15:23 GMT', 'Content-Type': 'application/json; charset=utf-8', 'Transfer-Encoding': 'chunked', 'Connection': 'keep-alive', 'X-Powered-By': 'Express', 'Access-Control-Allow-Origin': '*', 'Cache-Control': 'no-cache', 'ETag': 'W/"47b-Hft2XBAKcRzV39S/UMXsP2uKQfI"', 'Vary': 'Accept-Encoding', 'Content-Encoding': 'gzip', 'CF-Cache-Status': 'DYNAMIC', 'Report-To': '{"endpoints":[{"url":"https:\\/\\/a.nel.cloudflare.com\\/report\\/v4?s=pTVgcID1Ztm%2BgKgrr0KxCNvH6%2BDbVPIQQb46ABvgDGQE36H6kOzM6VYvM4uIeSTv4z4C5h3esfhDKxssvnzTXjPn6wC6Bcxaq0D0%2BZ6iQAYNZATSLuoLo5ZK%2Bskw5omP"}],"group":"cf-nel","max_age":604800}', 'NEL': '{"success_fraction":0,"report_to":"cf-nel","max_age":604800}', 'Server': 'cloudflare', 'CF-RAY': '8942d41f2dcb1592-SJC', 'alt-svc': 'h3=":443"; ma=86400'} 
 body={"results":[{"gender":"female","name":{"title":"Ms","first":"Phileine","last":"Vliek"},"location":{"street":{"number":480,"name":"Brugpas"},"city":"Wildervank","state":"Noord-Brabant","country":"Netherlands","postcode":"5137 XU","coordinates":{"latitude":"32.6893","longitude":"178.6158"},"timezone":{"offset":"+4:30","description":"Kabul"}},"email":"phileine.vliek@example.com","login":{"uuid":"beba03f8-905e-43b0-8a51-c19001cf5eaf","username":"bigrabbit174","password":"eating","salt":"cv5oQbrO","md5":"c17a6b3ded210d97b55b8f0816cb719b","sha1":"c77df56b642fe31c8a047625cf52abc218f65e6b","sha256":"8991d93b9348a33415c4331c97e0ef41209a6d1e24c38d146df34b5bc6314af6"},"dob":{"date":"1976-10-19T08:29:32.122Z","age":47},"registered":{"date":"2002-03-21T14:56:20.225Z","age":22},"phone":"(0518) 446259","cell":"(06) 60617695","id":{"name":"BSN","value":"13245409"},"picture":{"large":"https://randomuser.me/api/portraits/women/5.jpg","medium":"https://randomuser.me/api/portraits/med/women/5.jpg","thumbnail":"https://randomuser.me/api/portraits/thumb/women/5.jpg"},"nat":"NL"}],"info":{"seed":"03d61607f28531b6","results":1,"page":1,"version":"1.4"}} 
 </msg>
<msg time="2024-06-15T13:15:23.666094" level="INFO">/opt/hostedtoolcache/Python/3.12.3/x64/lib/python3.12/site-packages/urllib3/connectionpool.py:1103: InsecureRequestWarning: Unverified HTTPS request is being made to host 'randomuser.me'. Adding certificate verification is strongly advised. See: https://urllib3.readthedocs.io/en/latest/advanced-usage.html#tls-warnings
  warnings.warn(</msg>
<msg time="2024-06-15T13:15:23.666210" level="INFO">${response} = &lt;Response [200]&gt;</msg>
<var>${response}</var>
<arg>consultarAPI</arg>
<arg>/api</arg>
<doc>Sends a GET request on a previously created HTTP Session.</doc>
<status status="PASS" start="2024-06-15T13:15:23.386615" elapsed="0.279650"/>
</kw>
<kw name="Set Variable" owner="BuiltIn">
<msg time="2024-06-15T13:15:23.667337" level="INFO">${json_data} = {'results': [{'gender': 'female', 'name': {'title': 'Ms', 'first': 'Phileine', 'last': 'Vliek'}, 'location': {'street': {'number': 480, 'name': 'Brugpas'}, 'city': 'Wildervank', 'state': 'Noord-Braban...</msg>
<var>${json_data}</var>
<arg>${response.json()}</arg>
<doc>Returns the given values which can then be assigned to a variables.</doc>
<status status="PASS" start="2024-06-15T13:15:23.666797" elapsed="0.000570"/>
</kw>
<kw name="Set Variable" owner="BuiltIn">
<msg time="2024-06-15T13:15:23.668097" level="INFO">${name_title} = Ms</msg>
<var>${name_title}</var>
<arg>${json_data["results"][0]["name"]["title"]}</arg>
<doc>Returns the given values which can then be assigned to a variables.</doc>
<status status="PASS" start="2024-06-15T13:15:23.667712" elapsed="0.000411"/>
</kw>
<kw name="Create List" owner="BuiltIn">
<msg time="2024-06-15T13:15:23.668575" level="INFO">${allowed_titles} = ['Mr', 'Ms', 'Miss', 'Mrs', 'Madame', 'Monsieur']</msg>
<var>${allowed_titles}</var>
<arg>Mr</arg>
<arg>Ms</arg>
<arg>Miss</arg>
<arg>Mrs</arg>
<arg>Madame</arg>
<arg>Monsieur</arg>
<doc>Returns a list containing given items.</doc>
<status status="PASS" start="2024-06-15T13:15:23.668426" elapsed="0.000173"/>
</kw>
<kw name="List Should Contain Value" owner="Collections">
<arg>${allowed_titles}</arg>
<arg>${name_title}</arg>
<doc>Fails if the ``value`` is not found from ``list``.</doc>
<status status="PASS" start="2024-06-15T13:15:23.668892" elapsed="0.000170"/>
</kw>
<kw name="Set Variable" owner="BuiltIn">
<msg time="2024-06-15T13:15:23.669604" level="INFO">${name_country} = NL</msg>
<var>${name_country}</var>
<arg>${json_data["results"][0]["nat"]}</arg>
<doc>Returns the given values which can then be assigned to a variables.</doc>
<status status="PASS" start="2024-06-15T13:15:23.669236" elapsed="0.000393"/>
</kw>
<kw name="Create List" owner="BuiltIn">
<msg time="2024-06-15T13:15:23.670513" level="INFO">${list_country} = ['AD', 'AE', 'AF', 'AG', 'AI', 'AL', 'AM', 'AO', 'AQ', 'AR', 'AS', 'AT', 'AU', 'AW', 'AX', 'AZ', 'BA', 'BB', 'BD', 'BE', 'BF', 'BG', 'BH', 'BI', 'BJ', 'BL', 'BM', 'BN', 'BO', 'BQ', 'BR', 'BS', 'BT', '...</msg>
<var>${list_country}</var>
<arg>AD</arg>
<arg>AE</arg>
<arg>AF</arg>
<arg>AG</arg>
<arg>AI</arg>
<arg>AL</arg>
<arg>AM</arg>
<arg>AO</arg>
<arg>AQ</arg>
<arg>AR</arg>
<arg>AS</arg>
<arg>AT</arg>
<arg>AU</arg>
<arg>AW</arg>
<arg>AX</arg>
<arg>AZ</arg>
<arg>BA</arg>
<arg>BB</arg>
<arg>BD</arg>
<arg>BE</arg>
<arg>BF</arg>
<arg>BG</arg>
<arg>BH</arg>
<arg>BI</arg>
<arg>BJ</arg>
<arg>BL</arg>
<arg>BM</arg>
<arg>BN</arg>
<arg>BO</arg>
<arg>BQ</arg>
<arg>BR</arg>
<arg>BS</arg>
<arg>BT</arg>
<arg>BV</arg>
<arg>BW</arg>
<arg>BY</arg>
<arg>BZ</arg>
<arg>CA</arg>
<arg>CC</arg>
<arg>CD</arg>
<arg>CF</arg>
<arg>CG</arg>
<arg>CH</arg>
<arg>CI</arg>
<arg>CK</arg>
<arg>CL</arg>
<arg>CM</arg>
<arg>CN</arg>
<arg>CO</arg>
<arg>CR</arg>
<arg>CU</arg>
<arg>CV</arg>
<arg>CW</arg>
<arg>CX</arg>
<arg>CY</arg>
<arg>CZ</arg>
<arg>DE</arg>
<arg>DJ</arg>
<arg>DK</arg>
<arg>DM</arg>
<arg>DO</arg>
<arg>DZ</arg>
<arg>EC</arg>
<arg>EE</arg>
<arg>EG</arg>
<arg>EH</arg>
<arg>ER</arg>
<arg>ES</arg>
<arg>ET</arg>
<arg>FI</arg>
<arg>FJ</arg>
<arg>FK</arg>
<arg>FM</arg>
<arg>FO</arg>
<arg>FR</arg>
<arg>GA</arg>
<arg>GB</arg>
<arg>GD</arg>
<arg>GE</arg>
<arg>GF</arg>
<arg>GG</arg>
<arg>GH</arg>
<arg>GI</arg>
<arg>GL</arg>
<arg>GM</arg>
<arg>GN</arg>
<arg>GP</arg>
<arg>GQ</arg>
<arg>GR</arg>
<arg>GS</arg>
<arg>GT</arg>
<arg>GU</arg>
<arg>GW</arg>
<arg>GY</arg>
<arg>HK</arg>
<arg>HM</arg>
<arg>HN</arg>
<arg>HR</arg>
<arg>HT</arg>
<arg>HU</arg>
<arg>ID</arg>
<arg>IE</arg>
<arg>IL</arg>
<arg>IM</arg>
<arg>IN</arg>
<arg>IO</arg>
<arg>IQ</arg>
<arg>IR</arg>
<arg>IS</arg>
<arg>IT</arg>
<arg>JE</arg>
<arg>JM</arg>
<arg>JO</arg>
<arg>JP</arg>
<arg>KE</arg>
<arg>KG</arg>
<arg>KH</arg>
<arg>KI</arg>
<arg>KM</arg>
<arg>KN</arg>
<arg>KP</arg>
<arg>KR</arg>
<arg>KW</arg>
<arg>KY</arg>
<arg>KZ</arg>
<arg>LA</arg>
<arg>LB</arg>
<arg>LC</arg>
<arg>LI</arg>
<arg>LK</arg>
<arg>LR</arg>
<arg>LS</arg>
<arg>LT</arg>
<arg>LU</arg>
<arg>LV</arg>
<arg>LY</arg>
<arg>MA</arg>
<arg>MC</arg>
<arg>MD</arg>
<arg>ME</arg>
<arg>MF</arg>
<arg>MG</arg>
<arg>MH</arg>
<arg>MK</arg>
<arg>ML</arg>
<arg>MM</arg>
<arg>MN</arg>
<arg>MO</arg>
<arg>MP</arg>
<arg>MQ</arg>
<arg>MR</arg>
<arg>MS</arg>
<arg>MT</arg>
<arg>MU</arg>
<arg>MV</arg>
<arg>MW</arg>
<arg>MX</arg>
<arg>MY</arg>
<arg>MZ</arg>
<arg>NA</arg>
<arg>NC</arg>
<arg>NE</arg>
<arg>NF</arg>
<arg>NG</arg>
<arg>NI</arg>
<arg>NL</arg>
<arg>NO</arg>
<arg>NP</arg>
<arg>NR</arg>
<arg>NU</arg>
<arg>NZ</arg>
<arg>OM</arg>
<arg>PA</arg>
<arg>PE</arg>
<arg>PF</arg>
<arg>PG</arg>
<arg>PH</arg>
<arg>PK</arg>
<arg>PL</arg>
<arg>PM</arg>
<arg>PN</arg>
<arg>PR</arg>
<arg>PS</arg>
<arg>PT</arg>
<arg>PW</arg>
<arg>PY</arg>
<arg>QA</arg>
<arg>RE</arg>
<arg>RO</arg>
<arg>RS</arg>
<arg>RU</arg>
<arg>RW</arg>
<arg>SA</arg>
<arg>SB</arg>
<arg>SC</arg>
<arg>SD</arg>
<arg>SE</arg>
<arg>SG</arg>
<arg>SH</arg>
<arg>SI</arg>
<arg>SJ</arg>
<arg>SK</arg>
<arg>SL</arg>
<arg>SM</arg>
<arg>SN</arg>
<arg>SO</arg>
<arg>SR</arg>
<arg>SS</arg>
<arg>ST</arg>
<arg>SV</arg>
<arg>SX</arg>
<arg>SY</arg>
<arg>SZ</arg>
<arg>TC</arg>
<arg>TD</arg>
<arg>TF</arg>
<arg>TG</arg>
<arg>TH</arg>
<arg>TJ</arg>
<arg>TK</arg>
<arg>TL</arg>
<arg>TM</arg>
<arg>TN</arg>
<arg>TO</arg>
<arg>TR</arg>
<arg>TT</arg>
<arg>TV</arg>
<arg>TW</arg>
<arg>TZ</arg>
<arg>UA</arg>
<arg>UG</arg>
<arg>UM</arg>
<arg>US</arg>
<arg>UY</arg>
<arg>UZ</arg>
<arg>VA</arg>
<arg>VC</arg>
<arg>VE</arg>
<arg>VG</arg>
<arg>VI</arg>
<arg>VN</arg>
<arg>VU</arg>
<arg>WF</arg>
<arg>WS</arg>
<arg>XK</arg>
<arg>YE</arg>
<arg>YT</arg>
<arg>ZA</arg>
<arg>ZM</arg>
<arg>ZW</arg>
<doc>Returns a list containing given items.</doc>
<status status="PASS" start="2024-06-15T13:15:23.669919" elapsed="0.000619"/>
</kw>
<kw name="List Should Contain Value" owner="Collections">
<arg>${list_country}</arg>
<arg>${name_country}</arg>
<doc>Fails if the ``value`` is not found from ``list``.</doc>
<status status="PASS" start="2024-06-15T13:15:23.671323" elapsed="0.000201"/>
</kw>
<kw name="Run Keyword If" owner="BuiltIn">
<kw name="Should Be True" owner="BuiltIn">
<arg>${True}</arg>
<doc>Fails if the given condition is not true.</doc>
<status status="PASS" start="2024-06-15T13:15:23.672579" elapsed="0.000139"/>
</kw>
<arg>${json_data["results"][0]["location"]["coordinates"]["latitude"]} &gt;= -90 and ${json_data["results"][0]["location"]["coordinates"]["latitude"]} &lt;= 90</arg>
<arg>Should Be True</arg>
<arg>${True}</arg>
<doc>Runs the given keyword with the given arguments, if ``condition`` is true.</doc>
<status status="PASS" start="2024-06-15T13:15:23.671750" elapsed="0.001093"/>
</kw>
<kw name="Run Keyword If" owner="BuiltIn">
<kw name="Should Be True" owner="BuiltIn">
<arg>${True}</arg>
<doc>Fails if the given condition is not true.</doc>
<status status="PASS" start="2024-06-15T13:15:23.673700" elapsed="0.000134"/>
</kw>
<arg>${json_data["results"][0]["location"]["coordinates"]["longitude"]} &gt;= -180 and ${json_data["results"][0]["location"]["coordinates"]["longitude"]} &lt;= 180</arg>
<arg>Should Be True</arg>
<arg>${True}</arg>
<doc>Runs the given keyword with the given arguments, if ``condition`` is true.</doc>
<status status="PASS" start="2024-06-15T13:15:23.673024" elapsed="0.000930"/>
</kw>
<status status="PASS" start="2024-06-15T13:15:23.386403" elapsed="0.287676"/>
</kw>
<doc>Testa o conteúdo específico dos campos retornados pela API.</doc>
<tag>testeConteudo</tag>
<status status="PASS" start="2024-06-15T13:15:23.385928" elapsed="0.288290"/>
</test>
<status status="PASS" start="2024-06-15T13:15:22.606245" elapsed="1.069900"/>
</suite>
<status status="PASS" start="2024-06-15T13:15:22.592087" elapsed="1.089040"/>
</suite>
<statistics>
<total>
<stat pass="5" fail="0" skip="0">All Tests</stat>
</total>
<tag>
<stat pass="1" fail="0" skip="0">testeConteudo</stat>
<stat pass="1" fail="0" skip="0">testeEstruturaResposta</stat>
<stat pass="1" fail="0" skip="0">testeRequisicaoBasica</stat>
<stat pass="1" fail="0" skip="0">testeTiposDados</stat>
</tag>
<suite>
<stat pass="5" fail="0" skip="0" id="s1" name="Tests">Tests</stat>
<stat pass="5" fail="0" skip="0" id="s1-s1" name="Random-User-Test">Tests.Random-User-Test</stat>
</suite>
</statistics>
<errors>
</errors>
</robot>
