<?xml version="1.0" encoding="UTF-8"?>
<robot generator="Robot 7.0 (Python 3.12.3 on linux)" generated="2024-05-03T04:17:59.446206" rpa="false" schemaversion="5">
<suite id="s1" name="Tests" source="/home/runner/work/DesafioQAItauRogerioJordao/DesafioQAItauRogerioJordao/RamdonUser/tests">
<suite id="s1-s1" name="Random-User-Test" source="/home/runner/work/DesafioQAItauRogerioJordao/DesafioQAItauRogerioJordao/RamdonUser/tests/random-user-test.robot">
<test id="s1-s1-t1" name="Conectar" line="13">
<kw name="Conectar API" owner="random-user-service">
<kw name="Create Session" owner="RequestsLibrary">
<msg time="2024-05-03T04:17:59.794739" level="INFO">Creating Session using : alias=consultarAPI, url=https://randomuser.me/, headers={},                     cookies={}, auth=None, timeout=None, proxies=None, verify=False,                     debug=0 </msg>
<arg>consultarAPI</arg>
<arg>${URL}</arg>
<doc>Create Session: create a HTTP session to a server</doc>
<status status="PASS" start="2024-05-03T04:17:59.794547" elapsed="0.000360"/>
</kw>
<status status="PASS" start="2024-05-03T04:17:59.793600" elapsed="0.001646"/>
</kw>
<status status="PASS" start="2024-05-03T04:17:59.793022" elapsed="0.002416"/>
</test>
<test id="s1-s1-t2" name="Validar retorno 200 e JSON Válido" line="16">
<kw name="Teste de Requisicao Basica" owner="random-user-service">
<kw name="GET On Session" owner="RequestsLibrary">
<msg time="2024-05-03T04:18:00.091561" level="INFO">GET Request : url=https://randomuser.me/api 
 path_url=/api 
 headers={'User-Agent': 'python-requests/2.31.0', 'Accept-Encoding': 'gzip, deflate', 'Accept': '*/*', 'Connection': 'keep-alive'} 
 body=None 
 </msg>
<msg time="2024-05-03T04:18:00.091694" level="INFO">GET Response : url=https://randomuser.me/api 
 status=200, reason=OK 
 headers={'Date': 'Fri, 03 May 2024 04:18:00 GMT', 'Content-Type': 'application/json; charset=utf-8', 'Transfer-Encoding': 'chunked', 'Connection': 'keep-alive', 'X-Powered-By': 'Express', 'Access-Control-Allow-Origin': '*', 'Cache-Control': 'no-cache', 'ETag': 'W/"49e-WusVZMqx7622UyRho0MV7S3wqe4"', 'Vary': 'Accept-Encoding', 'Content-Encoding': 'gzip', 'CF-Cache-Status': 'DYNAMIC', 'Report-To': '{"endpoints":[{"url":"https:\\/\\/a.nel.cloudflare.com\\/report\\/v4?s=8Ctv9eE%2FpfmC6G1O7t57lYTfuGW4PFXLOrxkSGJRUiLRBpfxdxS%2Bmoq3g8ap63HFZofwOIRh7VLmknvLyhfplpJ1NuKsQERYZ5gSNWUj20qZzT3tlCeFbDPB63t1AAH3"}],"group":"cf-nel","max_age":604800}', 'NEL': '{"success_fraction":0,"report_to":"cf-nel","max_age":604800}', 'Server': 'cloudflare', 'CF-RAY': '87dd71cda9be1781-IAD', 'alt-svc': 'h3=":443"; ma=86400'} 
 body={"results":[{"gender":"female","name":{"title":"Mrs","first":"Bridget","last":"Moura"},"location":{"street":{"number":4916,"name":"Rua São Luiz "},"city":"Castanhal","state":"Rondônia","country":"Brazil","postcode":45043,"coordinates":{"latitude":"-80.9241","longitude":"144.8554"},"timezone":{"offset":"+4:00","description":"Abu Dhabi, Muscat, Baku, Tbilisi"}},"email":"bridget.moura@example.com","login":{"uuid":"1a797c3c-6b56-4a8a-806a-6b51f4e24a80","username":"redgorilla755","password":"goldwing","salt":"TuANGPIb","md5":"8e6ed2d0af4cd4c56bb0221dd70ded61","sha1":"0aa57e2ff281c1249340601b2a4d4bb1e63553b6","sha256":"1b13a9dc0e738c698faa0aa98d1f54ebb18d7ead97bf6371e51c525881e22a12"},"dob":{"date":"1964-12-08T12:48:48.040Z","age":59},"registered":{"date":"2003-10-16T08:01:32.437Z","age":20},"phone":"(39) 1365-0035","cell":"(37) 6913-5736","id":{"name":"CPF","value":"917.072.533-29"},"picture":{"large":"https://randomuser.me/api/portraits/women/95.jpg","medium":"https://randomuser.me/api/portraits/med/women/95.jpg","thumbnail":"https://randomuser.me/api/portraits/thumb/women/95.jpg"},"nat":"BR"}],"info":{"seed":"bdaf869bb1900be3","results":1,"page":1,"version":"1.4"}} 
 </msg>
<msg time="2024-05-03T04:18:00.091785" level="INFO">/opt/hostedtoolcache/Python/3.12.3/x64/lib/python3.12/site-packages/urllib3/connectionpool.py:1103: InsecureRequestWarning: Unverified HTTPS request is being made to host 'randomuser.me'. Adding certificate verification is strongly advised. See: https://urllib3.readthedocs.io/en/latest/advanced-usage.html#tls-warnings
  warnings.warn(</msg>
<msg time="2024-05-03T04:18:00.091901" level="INFO">${response} = &lt;Response [200]&gt;</msg>
<var>${response}</var>
<arg>consultarAPI</arg>
<arg>/api</arg>
<doc>Sends a GET request on a previously created HTTP Session.</doc>
<status status="PASS" start="2024-05-03T04:17:59.798071" elapsed="0.293871"/>
</kw>
<kw name="Should Be Equal As Numbers" owner="BuiltIn">
<msg time="2024-05-03T04:18:00.092825" level="INFO">Argument types are:
&lt;class 'int'&gt;
&lt;class 'str'&gt;</msg>
<arg>${response.status_code}</arg>
<arg>200</arg>
<doc>Fails if objects are unequal after converting them to real numbers.</doc>
<status status="PASS" start="2024-05-03T04:18:00.092421" elapsed="0.000465"/>
</kw>
<kw name="Log" owner="BuiltIn">
<msg time="2024-05-03T04:18:00.093550" level="INFO">200</msg>
<arg>${response.status_code}</arg>
<doc>Logs the given message with the given level.</doc>
<status status="PASS" start="2024-05-03T04:18:00.093200" elapsed="0.000391"/>
</kw>
<kw name="Set Variable" owner="BuiltIn">
<msg time="2024-05-03T04:18:00.094347" level="INFO">${json_data} = {'results': [{'gender': 'female', 'name': {'title': 'Mrs', 'first': 'Bridget', 'last': 'Moura'}, 'location': {'street': {'number': 4916, 'name': 'Rua São Luiz '}, 'city': 'Castanhal', 'state': 'Rondôn...</msg>
<var>${json_data}</var>
<arg>${response.json()}</arg>
<doc>Returns the given values which can then be assigned to a variables.</doc>
<status status="PASS" start="2024-05-03T04:18:00.093887" elapsed="0.000497"/>
</kw>
<kw name="Dictionary Should Contain Key" owner="Collections">
<msg time="2024-05-03T04:18:00.094849" level="INFO">False</msg>
<arg>${json_data}</arg>
<arg>results</arg>
<doc>Fails if ``key`` is not found from ``dictionary``.</doc>
<status status="PASS" start="2024-05-03T04:18:00.094686" elapsed="0.000206"/>
</kw>
<status status="PASS" start="2024-05-03T04:17:59.797826" elapsed="0.297314"/>
</kw>
<doc>Testa se a API responde corretamente e retorna um objeto JSON válido.</doc>
<tag>testeRequisicaoBasica</tag>
<status status="PASS" start="2024-05-03T04:17:59.797328" elapsed="0.297978"/>
</test>
<test id="s1-s1-t3" name="Validar estrutura de resposta" line="22">
<kw name="Teste de Estrutura de Resposta" owner="random-user-service">
<kw name="GET On Session" owner="RequestsLibrary">
<msg time="2024-05-03T04:18:00.146758" level="INFO">GET Request : url=https://randomuser.me/api 
 path_url=/api 
 headers={'User-Agent': 'python-requests/2.31.0', 'Accept-Encoding': 'gzip, deflate', 'Accept': '*/*', 'Connection': 'keep-alive'} 
 body=None 
 </msg>
<msg time="2024-05-03T04:18:00.146834" level="INFO">GET Response : url=https://randomuser.me/api 
 status=200, reason=OK 
 headers={'Date': 'Fri, 03 May 2024 04:18:00 GMT', 'Content-Type': 'application/json; charset=utf-8', 'Transfer-Encoding': 'chunked', 'Connection': 'keep-alive', 'X-Powered-By': 'Express', 'Access-Control-Allow-Origin': '*', 'Cache-Control': 'no-cache', 'ETag': 'W/"482-RzbCRH47IT/5HgfNZBoynj2MTqU"', 'Vary': 'Accept-Encoding', 'Content-Encoding': 'gzip', 'CF-Cache-Status': 'DYNAMIC', 'Report-To': '{"endpoints":[{"url":"https:\\/\\/a.nel.cloudflare.com\\/report\\/v4?s=oGX6b5bquvpQBlhCl8pBlRhu9iDBXt%2FWCy8PI7xeHTV57huTcJgGQd21U%2BOxkpeqUUEi8RNA%2Bu8V207maDjFhni2JyoGfL4mhkP4wKZepgkpy1g%2FabZgYUguhZzEgVWx"}],"group":"cf-nel","max_age":604800}', 'NEL': '{"success_fraction":0,"report_to":"cf-nel","max_age":604800}', 'Server': 'cloudflare', 'CF-RAY': '87dd71ceaa971781-IAD', 'alt-svc': 'h3=":443"; ma=86400'} 
 body={"results":[{"gender":"female","name":{"title":"Ms","first":"Penny","last":"Payne"},"location":{"street":{"number":5518,"name":"W Sherman Dr"},"city":"Costa Mesa","state":"Washington","country":"United States","postcode":24103,"coordinates":{"latitude":"85.1757","longitude":"7.9374"},"timezone":{"offset":"+5:45","description":"Kathmandu"}},"email":"penny.payne@example.com","login":{"uuid":"caec8e3e-2ca0-4842-bca1-73acbe5b0c18","username":"bigladybug311","password":"operator","salt":"XQcFskDY","md5":"9dd22d097b504c1fe26aa0484affbf44","sha1":"12f0459c1bd23620bd61b81e9cad5e71e1a14699","sha256":"b4dc11994820df7a1b3b169b3f8972152f6fe4b5ed0cb735cb7a94ea43d28846"},"dob":{"date":"1980-08-07T14:56:53.816Z","age":43},"registered":{"date":"2017-05-23T17:11:57.731Z","age":6},"phone":"(937) 271-5124","cell":"(463) 349-0675","id":{"name":"SSN","value":"667-44-6154"},"picture":{"large":"https://randomuser.me/api/portraits/women/72.jpg","medium":"https://randomuser.me/api/portraits/med/women/72.jpg","thumbnail":"https://randomuser.me/api/portraits/thumb/women/72.jpg"},"nat":"US"}],"info":{"seed":"0d58cb90a4edee37","results":1,"page":1,"version":"1.4"}} 
 </msg>
<msg time="2024-05-03T04:18:00.146926" level="INFO">/opt/hostedtoolcache/Python/3.12.3/x64/lib/python3.12/site-packages/urllib3/connectionpool.py:1103: InsecureRequestWarning: Unverified HTTPS request is being made to host 'randomuser.me'. Adding certificate verification is strongly advised. See: https://urllib3.readthedocs.io/en/latest/advanced-usage.html#tls-warnings
  warnings.warn(</msg>
<msg time="2024-05-03T04:18:00.147018" level="INFO">${response} = &lt;Response [200]&gt;</msg>
<var>${response}</var>
<arg>consultarAPI</arg>
<arg>/api</arg>
<doc>Sends a GET request on a previously created HTTP Session.</doc>
<status status="PASS" start="2024-05-03T04:18:00.097898" elapsed="0.049161"/>
</kw>
<kw name="Set Variable" owner="BuiltIn">
<msg time="2024-05-03T04:18:00.148050" level="INFO">${json_data} = {'results': [{'gender': 'female', 'name': {'title': 'Ms', 'first': 'Penny', 'last': 'Payne'}, 'location': {'street': {'number': 5518, 'name': 'W Sherman Dr'}, 'city': 'Costa Mesa', 'state': 'Washingto...</msg>
<var>${json_data}</var>
<arg>${response.json()}</arg>
<doc>Returns the given values which can then be assigned to a variables.</doc>
<status status="PASS" start="2024-05-03T04:18:00.147498" elapsed="0.000580"/>
</kw>
<kw name="Log" owner="BuiltIn">
<msg time="2024-05-03T04:18:00.148544" level="INFO">{'results': [{'gender': 'female', 'name': {'title': 'Ms', 'first': 'Penny', 'last': 'Payne'}, 'location': {'street': {'number': 5518, 'name': 'W Sherman Dr'}, 'city': 'Costa Mesa', 'state': 'Washington', 'country': 'United States', 'postcode': 24103, 'coordinates': {'latitude': '85.1757', 'longitude': '7.9374'}, 'timezone': {'offset': '+5:45', 'description': 'Kathmandu'}}, 'email': 'penny.payne@example.com', 'login': {'uuid': 'caec8e3e-2ca0-4842-bca1-73acbe5b0c18', 'username': 'bigladybug311', 'password': 'operator', 'salt': 'XQcFskDY', 'md5': '9dd22d097b504c1fe26aa0484affbf44', 'sha1': '12f0459c1bd23620bd61b81e9cad5e71e1a14699', 'sha256': 'b4dc11994820df7a1b3b169b3f8972152f6fe4b5ed0cb735cb7a94ea43d28846'}, 'dob': {'date': '1980-08-07T14:56:53.816Z', 'age': 43}, 'registered': {'date': '2017-05-23T17:11:57.731Z', 'age': 6}, 'phone': '(937) 271-5124', 'cell': '(463) 349-0675', 'id': {'name': 'SSN', 'value': '667-44-6154'}, 'picture': {'large': 'https://randomuser.me/api/portraits/women/72.jpg', 'medium': 'https://randomuser.me/api/portraits/med/women/72.jpg', 'thumbnail': 'https://randomuser.me/api/portraits/thumb/women/72.jpg'}, 'nat': 'US'}], 'info': {'seed': '0d58cb90a4edee37', 'results': 1, 'page': 1, 'version': '1.4'}}</msg>
<arg>${json_data}</arg>
<doc>Logs the given message with the given level.</doc>
<status status="PASS" start="2024-05-03T04:18:00.148383" elapsed="0.000209"/>
</kw>
<kw name="Dictionary Should Contain Key" owner="Collections">
<msg time="2024-05-03T04:18:00.149034" level="INFO">False</msg>
<arg>${json_data}</arg>
<arg>results</arg>
<doc>Fails if ``key`` is not found from ``dictionary``.</doc>
<status status="PASS" start="2024-05-03T04:18:00.148882" elapsed="0.000188"/>
</kw>
<kw name="Should Not Be Empty" owner="BuiltIn">
<msg time="2024-05-03T04:18:00.149487" level="INFO">Length is 2.</msg>
<arg>${json_data}</arg>
<doc>Verifies that the given item is not empty.</doc>
<status status="PASS" start="2024-05-03T04:18:00.149358" elapsed="0.000287"/>
</kw>
<kw name="Create List" owner="BuiltIn">
<msg time="2024-05-03T04:18:00.150085" level="INFO">${expected_keys} = ['gender', 'name', 'location', 'email', 'login']</msg>
<var>${expected_keys}</var>
<arg>gender</arg>
<arg>name</arg>
<arg>location</arg>
<arg>email</arg>
<arg>login</arg>
<doc>Returns a list containing given items.</doc>
<status status="PASS" start="2024-05-03T04:18:00.149940" elapsed="0.000169"/>
</kw>
<for flavor="IN">
<iter>
<kw name="Dictionary Should Contain Key" owner="Collections">
<msg time="2024-05-03T04:18:00.151119" level="INFO">False</msg>
<arg>${json_data['results'][0]}</arg>
<arg>${key}</arg>
<doc>Fails if ``key`` is not found from ``dictionary``.</doc>
<status status="PASS" start="2024-05-03T04:18:00.150726" elapsed="0.000430"/>
</kw>
<kw name="Log" owner="BuiltIn">
<msg time="2024-05-03T04:18:00.151824" level="INFO">{'gender': 'female', 'name': {'title': 'Ms', 'first': 'Penny', 'last': 'Payne'}, 'location': {'street': {'number': 5518, 'name': 'W Sherman Dr'}, 'city': 'Costa Mesa', 'state': 'Washington', 'country': 'United States', 'postcode': 24103, 'coordinates': {'latitude': '85.1757', 'longitude': '7.9374'}, 'timezone': {'offset': '+5:45', 'description': 'Kathmandu'}}, 'email': 'penny.payne@example.com', 'login': {'uuid': 'caec8e3e-2ca0-4842-bca1-73acbe5b0c18', 'username': 'bigladybug311', 'password': 'operator', 'salt': 'XQcFskDY', 'md5': '9dd22d097b504c1fe26aa0484affbf44', 'sha1': '12f0459c1bd23620bd61b81e9cad5e71e1a14699', 'sha256': 'b4dc11994820df7a1b3b169b3f8972152f6fe4b5ed0cb735cb7a94ea43d28846'}, 'dob': {'date': '1980-08-07T14:56:53.816Z', 'age': 43}, 'registered': {'date': '2017-05-23T17:11:57.731Z', 'age': 6}, 'phone': '(937) 271-5124', 'cell': '(463) 349-0675', 'id': {'name': 'SSN', 'value': '667-44-6154'}, 'picture': {'large': 'https://randomuser.me/api/portraits/women/72.jpg', 'medium': 'https://randomuser.me/api/portraits/med/women/72.jpg', 'thumbnail': 'https://randomuser.me/api/portraits/thumb/women/72.jpg'}, 'nat': 'US'}</msg>
<arg>${json_data['results'][0]}</arg>
<doc>Logs the given message with the given level.</doc>
<status status="PASS" start="2024-05-03T04:18:00.151458" elapsed="0.000414"/>
</kw>
<kw name="Log" owner="BuiltIn">
<msg time="2024-05-03T04:18:00.152297" level="INFO">gender</msg>
<arg>${key}</arg>
<doc>Logs the given message with the given level.</doc>
<status status="PASS" start="2024-05-03T04:18:00.152169" elapsed="0.000164"/>
</kw>
<var name="${key}">gender</var>
<status status="PASS" start="2024-05-03T04:18:00.150602" elapsed="0.001943"/>
</iter>
<iter>
<kw name="Dictionary Should Contain Key" owner="Collections">
<msg time="2024-05-03T04:18:00.153227" level="INFO">False</msg>
<arg>${json_data['results'][0]}</arg>
<arg>${key}</arg>
<doc>Fails if ``key`` is not found from ``dictionary``.</doc>
<status status="PASS" start="2024-05-03T04:18:00.152843" elapsed="0.000420"/>
</kw>
<kw name="Log" owner="BuiltIn">
<msg time="2024-05-03T04:18:00.153947" level="INFO">{'gender': 'female', 'name': {'title': 'Ms', 'first': 'Penny', 'last': 'Payne'}, 'location': {'street': {'number': 5518, 'name': 'W Sherman Dr'}, 'city': 'Costa Mesa', 'state': 'Washington', 'country': 'United States', 'postcode': 24103, 'coordinates': {'latitude': '85.1757', 'longitude': '7.9374'}, 'timezone': {'offset': '+5:45', 'description': 'Kathmandu'}}, 'email': 'penny.payne@example.com', 'login': {'uuid': 'caec8e3e-2ca0-4842-bca1-73acbe5b0c18', 'username': 'bigladybug311', 'password': 'operator', 'salt': 'XQcFskDY', 'md5': '9dd22d097b504c1fe26aa0484affbf44', 'sha1': '12f0459c1bd23620bd61b81e9cad5e71e1a14699', 'sha256': 'b4dc11994820df7a1b3b169b3f8972152f6fe4b5ed0cb735cb7a94ea43d28846'}, 'dob': {'date': '1980-08-07T14:56:53.816Z', 'age': 43}, 'registered': {'date': '2017-05-23T17:11:57.731Z', 'age': 6}, 'phone': '(937) 271-5124', 'cell': '(463) 349-0675', 'id': {'name': 'SSN', 'value': '667-44-6154'}, 'picture': {'large': 'https://randomuser.me/api/portraits/women/72.jpg', 'medium': 'https://randomuser.me/api/portraits/med/women/72.jpg', 'thumbnail': 'https://randomuser.me/api/portraits/thumb/women/72.jpg'}, 'nat': 'US'}</msg>
<arg>${json_data['results'][0]}</arg>
<doc>Logs the given message with the given level.</doc>
<status status="PASS" start="2024-05-03T04:18:00.153586" elapsed="0.000407"/>
</kw>
<kw name="Log" owner="BuiltIn">
<msg time="2024-05-03T04:18:00.154446" level="INFO">name</msg>
<arg>${key}</arg>
<doc>Logs the given message with the given level.</doc>
<status status="PASS" start="2024-05-03T04:18:00.154313" elapsed="0.000170"/>
</kw>
<var name="${key}">name</var>
<status status="PASS" start="2024-05-03T04:18:00.152726" elapsed="0.001973"/>
</iter>
<iter>
<kw name="Dictionary Should Contain Key" owner="Collections">
<msg time="2024-05-03T04:18:00.155371" level="INFO">False</msg>
<arg>${json_data['results'][0]}</arg>
<arg>${key}</arg>
<doc>Fails if ``key`` is not found from ``dictionary``.</doc>
<status status="PASS" start="2024-05-03T04:18:00.154989" elapsed="0.000418"/>
</kw>
<kw name="Log" owner="BuiltIn">
<msg time="2024-05-03T04:18:00.156065" level="INFO">{'gender': 'female', 'name': {'title': 'Ms', 'first': 'Penny', 'last': 'Payne'}, 'location': {'street': {'number': 5518, 'name': 'W Sherman Dr'}, 'city': 'Costa Mesa', 'state': 'Washington', 'country': 'United States', 'postcode': 24103, 'coordinates': {'latitude': '85.1757', 'longitude': '7.9374'}, 'timezone': {'offset': '+5:45', 'description': 'Kathmandu'}}, 'email': 'penny.payne@example.com', 'login': {'uuid': 'caec8e3e-2ca0-4842-bca1-73acbe5b0c18', 'username': 'bigladybug311', 'password': 'operator', 'salt': 'XQcFskDY', 'md5': '9dd22d097b504c1fe26aa0484affbf44', 'sha1': '12f0459c1bd23620bd61b81e9cad5e71e1a14699', 'sha256': 'b4dc11994820df7a1b3b169b3f8972152f6fe4b5ed0cb735cb7a94ea43d28846'}, 'dob': {'date': '1980-08-07T14:56:53.816Z', 'age': 43}, 'registered': {'date': '2017-05-23T17:11:57.731Z', 'age': 6}, 'phone': '(937) 271-5124', 'cell': '(463) 349-0675', 'id': {'name': 'SSN', 'value': '667-44-6154'}, 'picture': {'large': 'https://randomuser.me/api/portraits/women/72.jpg', 'medium': 'https://randomuser.me/api/portraits/med/women/72.jpg', 'thumbnail': 'https://randomuser.me/api/portraits/thumb/women/72.jpg'}, 'nat': 'US'}</msg>
<arg>${json_data['results'][0]}</arg>
<doc>Logs the given message with the given level.</doc>
<status status="PASS" start="2024-05-03T04:18:00.155702" elapsed="0.000410"/>
</kw>
<kw name="Log" owner="BuiltIn">
<msg time="2024-05-03T04:18:00.156528" level="INFO">location</msg>
<arg>${key}</arg>
<doc>Logs the given message with the given level.</doc>
<status status="PASS" start="2024-05-03T04:18:00.156403" elapsed="0.000162"/>
</kw>
<var name="${key}">location</var>
<status status="PASS" start="2024-05-03T04:18:00.154877" elapsed="0.001899"/>
</iter>
<iter>
<kw name="Dictionary Should Contain Key" owner="Collections">
<msg time="2024-05-03T04:18:00.157434" level="INFO">False</msg>
<arg>${json_data['results'][0]}</arg>
<arg>${key}</arg>
<doc>Fails if ``key`` is not found from ``dictionary``.</doc>
<status status="PASS" start="2024-05-03T04:18:00.157053" elapsed="0.000417"/>
</kw>
<kw name="Log" owner="BuiltIn">
<msg time="2024-05-03T04:18:00.158121" level="INFO">{'gender': 'female', 'name': {'title': 'Ms', 'first': 'Penny', 'last': 'Payne'}, 'location': {'street': {'number': 5518, 'name': 'W Sherman Dr'}, 'city': 'Costa Mesa', 'state': 'Washington', 'country': 'United States', 'postcode': 24103, 'coordinates': {'latitude': '85.1757', 'longitude': '7.9374'}, 'timezone': {'offset': '+5:45', 'description': 'Kathmandu'}}, 'email': 'penny.payne@example.com', 'login': {'uuid': 'caec8e3e-2ca0-4842-bca1-73acbe5b0c18', 'username': 'bigladybug311', 'password': 'operator', 'salt': 'XQcFskDY', 'md5': '9dd22d097b504c1fe26aa0484affbf44', 'sha1': '12f0459c1bd23620bd61b81e9cad5e71e1a14699', 'sha256': 'b4dc11994820df7a1b3b169b3f8972152f6fe4b5ed0cb735cb7a94ea43d28846'}, 'dob': {'date': '1980-08-07T14:56:53.816Z', 'age': 43}, 'registered': {'date': '2017-05-23T17:11:57.731Z', 'age': 6}, 'phone': '(937) 271-5124', 'cell': '(463) 349-0675', 'id': {'name': 'SSN', 'value': '667-44-6154'}, 'picture': {'large': 'https://randomuser.me/api/portraits/women/72.jpg', 'medium': 'https://randomuser.me/api/portraits/med/women/72.jpg', 'thumbnail': 'https://randomuser.me/api/portraits/thumb/women/72.jpg'}, 'nat': 'US'}</msg>
<arg>${json_data['results'][0]}</arg>
<doc>Logs the given message with the given level.</doc>
<status status="PASS" start="2024-05-03T04:18:00.157766" elapsed="0.000402"/>
</kw>
<kw name="Log" owner="BuiltIn">
<msg time="2024-05-03T04:18:00.158625" level="INFO">email</msg>
<arg>${key}</arg>
<doc>Logs the given message with the given level.</doc>
<status status="PASS" start="2024-05-03T04:18:00.158496" elapsed="0.000166"/>
</kw>
<var name="${key}">email</var>
<status status="PASS" start="2024-05-03T04:18:00.156945" elapsed="0.001931"/>
</iter>
<iter>
<kw name="Dictionary Should Contain Key" owner="Collections">
<msg time="2024-05-03T04:18:00.159542" level="INFO">False</msg>
<arg>${json_data['results'][0]}</arg>
<arg>${key}</arg>
<doc>Fails if ``key`` is not found from ``dictionary``.</doc>
<status status="PASS" start="2024-05-03T04:18:00.159158" elapsed="0.000420"/>
</kw>
<kw name="Log" owner="BuiltIn">
<msg time="2024-05-03T04:18:00.160225" level="INFO">{'gender': 'female', 'name': {'title': 'Ms', 'first': 'Penny', 'last': 'Payne'}, 'location': {'street': {'number': 5518, 'name': 'W Sherman Dr'}, 'city': 'Costa Mesa', 'state': 'Washington', 'country': 'United States', 'postcode': 24103, 'coordinates': {'latitude': '85.1757', 'longitude': '7.9374'}, 'timezone': {'offset': '+5:45', 'description': 'Kathmandu'}}, 'email': 'penny.payne@example.com', 'login': {'uuid': 'caec8e3e-2ca0-4842-bca1-73acbe5b0c18', 'username': 'bigladybug311', 'password': 'operator', 'salt': 'XQcFskDY', 'md5': '9dd22d097b504c1fe26aa0484affbf44', 'sha1': '12f0459c1bd23620bd61b81e9cad5e71e1a14699', 'sha256': 'b4dc11994820df7a1b3b169b3f8972152f6fe4b5ed0cb735cb7a94ea43d28846'}, 'dob': {'date': '1980-08-07T14:56:53.816Z', 'age': 43}, 'registered': {'date': '2017-05-23T17:11:57.731Z', 'age': 6}, 'phone': '(937) 271-5124', 'cell': '(463) 349-0675', 'id': {'name': 'SSN', 'value': '667-44-6154'}, 'picture': {'large': 'https://randomuser.me/api/portraits/women/72.jpg', 'medium': 'https://randomuser.me/api/portraits/med/women/72.jpg', 'thumbnail': 'https://randomuser.me/api/portraits/thumb/women/72.jpg'}, 'nat': 'US'}</msg>
<arg>${json_data['results'][0]}</arg>
<doc>Logs the given message with the given level.</doc>
<status status="PASS" start="2024-05-03T04:18:00.159869" elapsed="0.000402"/>
</kw>
<kw name="Log" owner="BuiltIn">
<msg time="2024-05-03T04:18:00.160686" level="INFO">login</msg>
<arg>${key}</arg>
<doc>Logs the given message with the given level.</doc>
<status status="PASS" start="2024-05-03T04:18:00.160562" elapsed="0.000161"/>
</kw>
<var name="${key}">login</var>
<status status="PASS" start="2024-05-03T04:18:00.159046" elapsed="0.001891"/>
</iter>
<var>${key}</var>
<value>@{expected_keys}</value>
<status status="PASS" start="2024-05-03T04:18:00.150419" elapsed="0.010660"/>
</for>
<kw name="Create List" owner="BuiltIn">
<msg time="2024-05-03T04:18:00.161411" level="INFO">${expected_keysTwo} = ['username', 'password']</msg>
<var>${expected_keysTwo}</var>
<arg>username</arg>
<arg>password</arg>
<doc>Returns a list containing given items.</doc>
<status status="PASS" start="2024-05-03T04:18:00.161277" elapsed="0.000157"/>
</kw>
<for flavor="IN">
<iter>
<kw name="Dictionary Should Contain Key" owner="Collections">
<msg time="2024-05-03T04:18:00.162346" level="INFO">False</msg>
<arg>${json_data['results'][0]['login']}</arg>
<arg>${keyTwo}</arg>
<doc>Fails if ``key`` is not found from ``dictionary``.</doc>
<status status="PASS" start="2024-05-03T04:18:00.161931" elapsed="0.000456"/>
</kw>
<kw name="Dictionary Should Contain Key" owner="Collections">
<msg time="2024-05-03T04:18:00.163075" level="INFO">False</msg>
<arg>${json_data['results'][0]['login']}</arg>
<arg>${keyTwo}</arg>
<doc>Fails if ``key`` is not found from ``dictionary``.</doc>
<status status="PASS" start="2024-05-03T04:18:00.162691" elapsed="0.000422"/>
</kw>
<kw name="Log" owner="BuiltIn">
<msg time="2024-05-03T04:18:00.163527" level="INFO">username</msg>
<arg>${keyTwo}</arg>
<doc>Logs the given message with the given level.</doc>
<status status="PASS" start="2024-05-03T04:18:00.163401" elapsed="0.000163"/>
</kw>
<var name="${keyTwo}">username</var>
<status status="PASS" start="2024-05-03T04:18:00.161815" elapsed="0.001958"/>
</iter>
<iter>
<kw name="Dictionary Should Contain Key" owner="Collections">
<msg time="2024-05-03T04:18:00.164514" level="INFO">False</msg>
<arg>${json_data['results'][0]['login']}</arg>
<arg>${keyTwo}</arg>
<doc>Fails if ``key`` is not found from ``dictionary``.</doc>
<status status="PASS" start="2024-05-03T04:18:00.164050" elapsed="0.000504"/>
</kw>
<kw name="Dictionary Should Contain Key" owner="Collections">
<msg time="2024-05-03T04:18:00.165226" level="INFO">False</msg>
<arg>${json_data['results'][0]['login']}</arg>
<arg>${keyTwo}</arg>
<doc>Fails if ``key`` is not found from ``dictionary``.</doc>
<status status="PASS" start="2024-05-03T04:18:00.164849" elapsed="0.000413"/>
</kw>
<kw name="Log" owner="BuiltIn">
<msg time="2024-05-03T04:18:00.165680" level="INFO">password</msg>
<arg>${keyTwo}</arg>
<doc>Logs the given message with the given level.</doc>
<status status="PASS" start="2024-05-03T04:18:00.165555" elapsed="0.000161"/>
</kw>
<var name="${keyTwo}">password</var>
<status status="PASS" start="2024-05-03T04:18:00.163941" elapsed="0.001986"/>
</iter>
<var>${keyTwo}</var>
<value>@{expected_keysTwo}</value>
<status status="PASS" start="2024-05-03T04:18:00.161665" elapsed="0.004390"/>
</for>
<status status="PASS" start="2024-05-03T04:18:00.097664" elapsed="0.068529"/>
</kw>
<doc>Testa a estrutura da resposta da API.</doc>
<tag>testeEstruturaResposta</tag>
<status status="PASS" start="2024-05-03T04:18:00.097115" elapsed="0.069259"/>
</test>
<test id="s1-s1-t4" name="Validar tipos de dados" line="28">
<kw name="Teste de Tipos de Dados" owner="random-user-service">
<kw name="GET On Session" owner="RequestsLibrary">
<msg time="2024-05-03T04:18:00.288609" level="INFO">GET Request : url=https://randomuser.me/api 
 path_url=/api 
 headers={'User-Agent': 'python-requests/2.31.0', 'Accept-Encoding': 'gzip, deflate', 'Accept': '*/*', 'Connection': 'keep-alive'} 
 body=None 
 </msg>
<msg time="2024-05-03T04:18:00.288692" level="INFO">GET Response : url=https://randomuser.me/api 
 status=200, reason=OK 
 headers={'Date': 'Fri, 03 May 2024 04:18:00 GMT', 'Content-Type': 'application/json; charset=utf-8', 'Transfer-Encoding': 'chunked', 'Connection': 'keep-alive', 'X-Powered-By': 'Express', 'Access-Control-Allow-Origin': '*', 'Cache-Control': 'no-cache', 'ETag': 'W/"48d-KFUykUO03LlwRizxa5lzqe0SEZg"', 'Vary': 'Accept-Encoding', 'Content-Encoding': 'gzip', 'CF-Cache-Status': 'DYNAMIC', 'Report-To': '{"endpoints":[{"url":"https:\\/\\/a.nel.cloudflare.com\\/report\\/v4?s=%2BGnxsbBNMZuhLgdTSH%2B2moZK8xfUu3Wj2rcarKTkLPul15L%2FOXgnKR4oaG3orcvFV4gfrVdobOpDe52qBO6StJ7kyokfdwnVU3YVqfG16aLKgygruBMHBaFu43r7RseM"}],"group":"cf-nel","max_age":604800}', 'NEL': '{"success_fraction":0,"report_to":"cf-nel","max_age":604800}', 'Server': 'cloudflare', 'CF-RAY': '87dd71cf1ae31781-IAD', 'alt-svc': 'h3=":443"; ma=86400'} 
 body={"results":[{"gender":"male","name":{"title":"Mr","first":"Pedro","last":"Griego"},"location":{"street":{"number":3340,"name":"Boulevard Ramírez"},"city":"Ixtlahuaca","state":"Tabasco","country":"Mexico","postcode":56339,"coordinates":{"latitude":"23.7586","longitude":"-137.8901"},"timezone":{"offset":"-1:00","description":"Azores, Cape Verde Islands"}},"email":"pedro.griego@example.com","login":{"uuid":"c66526d8-85b5-49b7-9462-5556c2af1fd6","username":"happycat392","password":"dennis","salt":"FvRvKRB2","md5":"819dac55b0195d02e33de5f16d199c08","sha1":"d49acee77c0a5be9e424b0a71619aa95abee60db","sha256":"004d14f2e6190211ca917cbda373455e7b8b3ec07e8d35ef5dddda592e03797e"},"dob":{"date":"1965-02-26T15:58:56.447Z","age":59},"registered":{"date":"2008-07-27T16:16:02.189Z","age":15},"phone":"(671) 690 9843","cell":"(603) 311 4253","id":{"name":"NSS","value":"18 84 65 1281 6"},"picture":{"large":"https://randomuser.me/api/portraits/men/41.jpg","medium":"https://randomuser.me/api/portraits/med/men/41.jpg","thumbnail":"https://randomuser.me/api/portraits/thumb/men/41.jpg"},"nat":"MX"}],"info":{"seed":"13fcd0e798062343","results":1,"page":1,"version":"1.4"}} 
 </msg>
<msg time="2024-05-03T04:18:00.288766" level="INFO">/opt/hostedtoolcache/Python/3.12.3/x64/lib/python3.12/site-packages/urllib3/connectionpool.py:1103: InsecureRequestWarning: Unverified HTTPS request is being made to host 'randomuser.me'. Adding certificate verification is strongly advised. See: https://urllib3.readthedocs.io/en/latest/advanced-usage.html#tls-warnings
  warnings.warn(</msg>
<msg time="2024-05-03T04:18:00.288882" level="INFO">${response} = &lt;Response [200]&gt;</msg>
<var>${response}</var>
<arg>consultarAPI</arg>
<arg>/api</arg>
<doc>Sends a GET request on a previously created HTTP Session.</doc>
<status status="PASS" start="2024-05-03T04:18:00.168859" elapsed="0.120077"/>
</kw>
<kw name="Set Variable" owner="BuiltIn">
<msg time="2024-05-03T04:18:00.289954" level="INFO">${json_data} = {'results': [{'gender': 'male', 'name': {'title': 'Mr', 'first': 'Pedro', 'last': 'Griego'}, 'location': {'street': {'number': 3340, 'name': 'Boulevard Ramírez'}, 'city': 'Ixtlahuaca', 'state': 'Tabas...</msg>
<var>${json_data}</var>
<arg>${response.json()}</arg>
<doc>Returns the given values which can then be assigned to a variables.</doc>
<status status="PASS" start="2024-05-03T04:18:00.289398" elapsed="0.000585"/>
</kw>
<kw name="Log" owner="BuiltIn">
<msg time="2024-05-03T04:18:00.290486" level="INFO">{'results': [{'gender': 'male', 'name': {'title': 'Mr', 'first': 'Pedro', 'last': 'Griego'}, 'location': {'street': {'number': 3340, 'name': 'Boulevard Ramírez'}, 'city': 'Ixtlahuaca', 'state': 'Tabasco', 'country': 'Mexico', 'postcode': 56339, 'coordinates': {'latitude': '23.7586', 'longitude': '-137.8901'}, 'timezone': {'offset': '-1:00', 'description': 'Azores, Cape Verde Islands'}}, 'email': 'pedro.griego@example.com', 'login': {'uuid': 'c66526d8-85b5-49b7-9462-5556c2af1fd6', 'username': 'happycat392', 'password': 'dennis', 'salt': 'FvRvKRB2', 'md5': '819dac55b0195d02e33de5f16d199c08', 'sha1': 'd49acee77c0a5be9e424b0a71619aa95abee60db', 'sha256': '004d14f2e6190211ca917cbda373455e7b8b3ec07e8d35ef5dddda592e03797e'}, 'dob': {'date': '1965-02-26T15:58:56.447Z', 'age': 59}, 'registered': {'date': '2008-07-27T16:16:02.189Z', 'age': 15}, 'phone': '(671) 690 9843', 'cell': '(603) 311 4253', 'id': {'name': 'NSS', 'value': '18 84 65 1281 6'}, 'picture': {'large': 'https://randomuser.me/api/portraits/men/41.jpg', 'medium': 'https://randomuser.me/api/portraits/med/men/41.jpg', 'thumbnail': 'https://randomuser.me/api/portraits/thumb/men/41.jpg'}, 'nat': 'MX'}], 'info': {'seed': '13fcd0e798062343', 'results': 1, 'page': 1, 'version': '1.4'}}</msg>
<arg>${json_data}</arg>
<doc>Logs the given message with the given level.</doc>
<status status="PASS" start="2024-05-03T04:18:00.290315" elapsed="0.000252"/>
</kw>
<kw name="Should Be String" owner="String">
<arg>${json_data['results'][0]['gender']}</arg>
<doc>Fails if the given ``item`` is not a string.</doc>
<status status="PASS" start="2024-05-03T04:18:00.290866" elapsed="0.000361"/>
</kw>
<kw name="Should Match Regexp" owner="BuiltIn">
<arg>${json_data['results'][0]['email']}</arg>
<arg>^[a-zA-Z0-9._%+-]+@[a-zA-Z0-9.-]+\.[a-zA-Z]{2,}$</arg>
<doc>Fails if ``string`` does not match ``pattern`` as a regular expression.</doc>
<status status="PASS" start="2024-05-03T04:18:00.291417" elapsed="0.000495"/>
</kw>
<kw name="Should Match Regexp" owner="BuiltIn">
<arg>${json_data['results'][0]['dob']['date']}</arg>
<arg>\\d{4}-\\d{2}-\\d{2}T\\d{2}:\\d{2}:\\d{2}\\.\\d{3}Z</arg>
<doc>Fails if ``string`` does not match ``pattern`` as a regular expression.</doc>
<status status="PASS" start="2024-05-03T04:18:00.292108" elapsed="0.000483"/>
</kw>
<kw name="Should Match Regexp" owner="BuiltIn">
<arg>${json_data['results'][0]['registered']['date']}</arg>
<arg>\\d{4}-\\d{2}-\\d{2}T\\d{2}:\\d{2}:\\d{2}\\.\\d{3}Z</arg>
<doc>Fails if ``string`` does not match ``pattern`` as a regular expression.</doc>
<status status="PASS" start="2024-05-03T04:18:00.292782" elapsed="0.000371"/>
</kw>
<kw name="Should Match Regexp" owner="BuiltIn">
<arg>${json_data['results'][0]['picture']['large']}</arg>
<arg>^https?://.*\.(?:png|jpe?g|gif|bmp)$</arg>
<doc>Fails if ``string`` does not match ``pattern`` as a regular expression.</doc>
<status status="PASS" start="2024-05-03T04:18:00.293339" elapsed="0.000459"/>
</kw>
<kw name="Should Match Regexp" owner="BuiltIn">
<arg>${json_data['results'][0]['picture']['medium']}</arg>
<arg>^https?://.*\.(?:png|jpe?g|gif|bmp)$</arg>
<doc>Fails if ``string`` does not match ``pattern`` as a regular expression.</doc>
<status status="PASS" start="2024-05-03T04:18:00.293991" elapsed="0.000385"/>
</kw>
<kw name="Should Match Regexp" owner="BuiltIn">
<arg>${json_data['results'][0]['picture']['thumbnail']}</arg>
<arg>^https?://.*\.(?:png|jpe?g|gif|bmp)$</arg>
<doc>Fails if ``string`` does not match ``pattern`` as a regular expression.</doc>
<status status="PASS" start="2024-05-03T04:18:00.294568" elapsed="0.000349"/>
</kw>
<kw name="Log" owner="BuiltIn">
<msg time="2024-05-03T04:18:00.295424" level="INFO">{'large': 'https://randomuser.me/api/portraits/men/41.jpg', 'medium': 'https://randomuser.me/api/portraits/med/men/41.jpg', 'thumbnail': 'https://randomuser.me/api/portraits/thumb/men/41.jpg'}</msg>
<arg>${json_data['results'][0]['picture']}</arg>
<doc>Logs the given message with the given level.</doc>
<status status="PASS" start="2024-05-03T04:18:00.295097" elapsed="0.000367"/>
</kw>
<status status="PASS" start="2024-05-03T04:18:00.168640" elapsed="0.127071"/>
</kw>
<kw name="Teste de Tipos de Dados - Postcode" owner="random-user-service">
<kw name="GET On Session" owner="RequestsLibrary">
<msg time="2024-05-03T04:18:00.350763" level="INFO">GET Request : url=https://randomuser.me/api 
 path_url=/api 
 headers={'User-Agent': 'python-requests/2.31.0', 'Accept-Encoding': 'gzip, deflate', 'Accept': '*/*', 'Connection': 'keep-alive'} 
 body=None 
 </msg>
<msg time="2024-05-03T04:18:00.350827" level="INFO">GET Response : url=https://randomuser.me/api 
 status=200, reason=OK 
 headers={'Date': 'Fri, 03 May 2024 04:18:00 GMT', 'Content-Type': 'application/json; charset=utf-8', 'Transfer-Encoding': 'chunked', 'Connection': 'keep-alive', 'X-Powered-By': 'Express', 'Access-Control-Allow-Origin': '*', 'Cache-Control': 'no-cache', 'ETag': 'W/"478-mHpz90o2PxRPo5ZGHHGRfwA4hnY"', 'Vary': 'Accept-Encoding', 'Content-Encoding': 'gzip', 'CF-Cache-Status': 'DYNAMIC', 'Report-To': '{"endpoints":[{"url":"https:\\/\\/a.nel.cloudflare.com\\/report\\/v4?s=3z5oYVx%2BElJmMKl3xxAMxdDRcplFb%2Fle5bLJrzfruo7GCVmjbF2sv3st0R6pwOMew3xVuhMVYcscWyeLkZ1R9h64U0wR%2BMO8n6Y6TLscgar2MPQroq4HqmPSQkbDUZN8"}],"group":"cf-nel","max_age":604800}', 'NEL': '{"success_fraction":0,"report_to":"cf-nel","max_age":604800}', 'Server': 'cloudflare', 'CF-RAY': '87dd71cfdbad1781-IAD', 'alt-svc': 'h3=":443"; ma=86400'} 
 body={"results":[{"gender":"male","name":{"title":"Mr","first":"میلاد","last":"کوتی"},"location":{"street":{"number":7158,"name":"موحد دانش"},"city":"همدان","state":"گیلان","country":"Iran","postcode":93570,"coordinates":{"latitude":"17.6885","longitude":"-3.1502"},"timezone":{"offset":"+6:00","description":"Almaty, Dhaka, Colombo"}},"email":"myld.khwty@example.com","login":{"uuid":"eecbacfe-d6f3-4cd4-9434-86a878ba1e15","username":"brownfish594","password":"cwoui","salt":"2z8mV1rK","md5":"a5341128fcb292ef5d5f1211de1e4d99","sha1":"b362277d6a2b218fefb1fcd2de9fd0ed0a038e59","sha256":"592d6cb075340271f9e138b1b1c091894e03d45e4c45cd87829e9b0061e10d2c"},"dob":{"date":"1969-04-29T17:48:18.558Z","age":55},"registered":{"date":"2015-08-22T04:00:37.801Z","age":8},"phone":"045-76190363","cell":"0953-839-8740","id":{"name":"","value":null},"picture":{"large":"https://randomuser.me/api/portraits/men/54.jpg","medium":"https://randomuser.me/api/portraits/med/men/54.jpg","thumbnail":"https://randomuser.me/api/portraits/thumb/men/54.jpg"},"nat":"IR"}],"info":{"seed":"29407b7b966b22ac","results":1,"page":1,"version":"1.4"}} 
 </msg>
<msg time="2024-05-03T04:18:00.350887" level="INFO">/opt/hostedtoolcache/Python/3.12.3/x64/lib/python3.12/site-packages/urllib3/connectionpool.py:1103: InsecureRequestWarning: Unverified HTTPS request is being made to host 'randomuser.me'. Adding certificate verification is strongly advised. See: https://urllib3.readthedocs.io/en/latest/advanced-usage.html#tls-warnings
  warnings.warn(</msg>
<msg time="2024-05-03T04:18:00.350974" level="INFO">${response} = &lt;Response [200]&gt;</msg>
<var>${response}</var>
<arg>consultarAPI</arg>
<arg>/api</arg>
<doc>Sends a GET request on a previously created HTTP Session.</doc>
<status status="PASS" start="2024-05-03T04:18:00.296133" elapsed="0.054881"/>
</kw>
<kw name="Set Variable" owner="BuiltIn">
<msg time="2024-05-03T04:18:00.352024" level="INFO">${json_data} = {'results': [{'gender': 'male', 'name': {'title': 'Mr', 'first': 'میلاد', 'last': 'کوتی'}, 'location': {'street': {'number': 7158, 'name': 'موحد دانش'}, 'city': 'همدان', 'state': 'گیلان', 'country': '...</msg>
<var>${json_data}</var>
<arg>${response.json()}</arg>
<doc>Returns the given values which can then be assigned to a variables.</doc>
<status status="PASS" start="2024-05-03T04:18:00.351457" elapsed="0.000597"/>
</kw>
<kw name="Log" owner="BuiltIn">
<msg time="2024-05-03T04:18:00.352517" level="INFO">{'results': [{'gender': 'male', 'name': {'title': 'Mr', 'first': 'میلاد', 'last': 'کوتی'}, 'location': {'street': {'number': 7158, 'name': 'موحد دانش'}, 'city': 'همدان', 'state': 'گیلان', 'country': 'Iran', 'postcode': 93570, 'coordinates': {'latitude': '17.6885', 'longitude': '-3.1502'}, 'timezone': {'offset': '+6:00', 'description': 'Almaty, Dhaka, Colombo'}}, 'email': 'myld.khwty@example.com', 'login': {'uuid': 'eecbacfe-d6f3-4cd4-9434-86a878ba1e15', 'username': 'brownfish594', 'password': 'cwoui', 'salt': '2z8mV1rK', 'md5': 'a5341128fcb292ef5d5f1211de1e4d99', 'sha1': 'b362277d6a2b218fefb1fcd2de9fd0ed0a038e59', 'sha256': '592d6cb075340271f9e138b1b1c091894e03d45e4c45cd87829e9b0061e10d2c'}, 'dob': {'date': '1969-04-29T17:48:18.558Z', 'age': 55}, 'registered': {'date': '2015-08-22T04:00:37.801Z', 'age': 8}, 'phone': '045-76190363', 'cell': '0953-839-8740', 'id': {'name': '', 'value': None}, 'picture': {'large': 'https://randomuser.me/api/portraits/men/54.jpg', 'medium': 'https://randomuser.me/api/portraits/med/men/54.jpg', 'thumbnail': 'https://randomuser.me/api/portraits/thumb/men/54.jpg'}, 'nat': 'IR'}], 'info': {'seed': '29407b7b966b22ac', 'results': 1, 'page': 1, 'version': '1.4'}}</msg>
<arg>${json_data}</arg>
<doc>Logs the given message with the given level.</doc>
<status status="PASS" start="2024-05-03T04:18:00.352361" elapsed="0.000234"/>
</kw>
<kw name="Should Be Equal As Numbers" owner="BuiltIn">
<arg>${json_data['results'][0]['location']['postcode']}</arg>
<arg>${json_data['results'][0]['location']['postcode']}</arg>
<doc>Fails if objects are unequal after converting them to real numbers.</doc>
<status status="PASS" start="2024-05-03T04:18:00.353017" elapsed="0.000620"/>
</kw>
<kw name="Log" owner="BuiltIn">
<msg time="2024-05-03T04:18:00.354164" level="INFO">93570</msg>
<arg>${json_data['results'][0]['location']['postcode']}</arg>
<doc>Logs the given message with the given level.</doc>
<status status="PASS" start="2024-05-03T04:18:00.353830" elapsed="0.000373"/>
</kw>
<status status="PASS" start="2024-05-03T04:18:00.295919" elapsed="0.058587"/>
</kw>
<doc>Testa se os tipos de dados na resposta da API estão corretos.</doc>
<tag>testeTiposDados</tag>
<status status="PASS" start="2024-05-03T04:18:00.168110" elapsed="0.186552"/>
</test>
<test id="s1-s1-t5" name="Validar conteudo" line="35">
<kw name="Teste de Tipos de Conteudo" owner="random-user-service">
<kw name="GET On Session" owner="RequestsLibrary">
<msg time="2024-05-03T04:18:00.439158" level="INFO">GET Request : url=https://randomuser.me/api 
 path_url=/api 
 headers={'User-Agent': 'python-requests/2.31.0', 'Accept-Encoding': 'gzip, deflate', 'Accept': '*/*', 'Connection': 'keep-alive'} 
 body=None 
 </msg>
<msg time="2024-05-03T04:18:00.439242" level="INFO">GET Response : url=https://randomuser.me/api 
 status=200, reason=OK 
 headers={'Date': 'Fri, 03 May 2024 04:18:00 GMT', 'Content-Type': 'application/json; charset=utf-8', 'Transfer-Encoding': 'chunked', 'Connection': 'keep-alive', 'X-Powered-By': 'Express', 'Access-Control-Allow-Origin': '*', 'Cache-Control': 'no-cache', 'ETag': 'W/"473-X0YWf/eON1RAnfpO9BLzH+8DaFM"', 'Vary': 'Accept-Encoding', 'Content-Encoding': 'gzip', 'CF-Cache-Status': 'DYNAMIC', 'Report-To': '{"endpoints":[{"url":"https:\\/\\/a.nel.cloudflare.com\\/report\\/v4?s=jIkKotjgFUwh%2FXgEV%2F4j14%2FUfnTTxOmSduvHnMCh%2F0Zd6mNDKUVPHlqC90l%2Bkgd62u%2BhCn%2FIe6hCbJWOEAMT2TQ94RrbxvH7LlRBK7wJzA4a090nJQSXjXmwixwu%2FCqT"}],"group":"cf-nel","max_age":604800}', 'NEL': '{"success_fraction":0,"report_to":"cf-nel","max_age":604800}', 'Server': 'cloudflare', 'CF-RAY': '87dd71d03c021781-IAD', 'alt-svc': 'h3=":443"; ma=86400'} 
 body={"results":[{"gender":"female","name":{"title":"Mrs","first":"Phoebe","last":"Flores"},"location":{"street":{"number":8733,"name":"Grove Road"},"city":"Kildare","state":"Limerick","country":"Ireland","postcode":72013,"coordinates":{"latitude":"4.0397","longitude":"109.2978"},"timezone":{"offset":"-3:30","description":"Newfoundland"}},"email":"phoebe.flores@example.com","login":{"uuid":"c475d478-b287-4dae-848a-b3651c43752e","username":"redpeacock286","password":"kaiser","salt":"jHE1P3dr","md5":"c6c9c4d270a07e36e1d67503bd352670","sha1":"9b15912c49ef78772f4c2bd09a33b9c954af5b72","sha256":"0cd37cbd0eb5dac9e1c72b5568286822b4c024ce63f9d05cdca4e244ff994de9"},"dob":{"date":"1968-10-23T02:32:28.924Z","age":55},"registered":{"date":"2008-09-26T19:46:55.376Z","age":15},"phone":"061-224-3190","cell":"081-582-4233","id":{"name":"PPS","value":"0473952T"},"picture":{"large":"https://randomuser.me/api/portraits/women/8.jpg","medium":"https://randomuser.me/api/portraits/med/women/8.jpg","thumbnail":"https://randomuser.me/api/portraits/thumb/women/8.jpg"},"nat":"IE"}],"info":{"seed":"1cfe253be8cb441a","results":1,"page":1,"version":"1.4"}} 
 </msg>
<msg time="2024-05-03T04:18:00.439310" level="INFO">/opt/hostedtoolcache/Python/3.12.3/x64/lib/python3.12/site-packages/urllib3/connectionpool.py:1103: InsecureRequestWarning: Unverified HTTPS request is being made to host 'randomuser.me'. Adding certificate verification is strongly advised. See: https://urllib3.readthedocs.io/en/latest/advanced-usage.html#tls-warnings
  warnings.warn(</msg>
<msg time="2024-05-03T04:18:00.439392" level="INFO">${response} = &lt;Response [200]&gt;</msg>
<var>${response}</var>
<arg>consultarAPI</arg>
<arg>/api</arg>
<doc>Sends a GET request on a previously created HTTP Session.</doc>
<status status="PASS" start="2024-05-03T04:18:00.357114" elapsed="0.082316"/>
</kw>
<kw name="Set Variable" owner="BuiltIn">
<msg time="2024-05-03T04:18:00.440416" level="INFO">${json_data} = {'results': [{'gender': 'female', 'name': {'title': 'Mrs', 'first': 'Phoebe', 'last': 'Flores'}, 'location': {'street': {'number': 8733, 'name': 'Grove Road'}, 'city': 'Kildare', 'state': 'Limerick', ...</msg>
<var>${json_data}</var>
<arg>${response.json()}</arg>
<doc>Returns the given values which can then be assigned to a variables.</doc>
<status status="PASS" start="2024-05-03T04:18:00.439871" elapsed="0.000573"/>
</kw>
<kw name="Set Variable" owner="BuiltIn">
<msg time="2024-05-03T04:18:00.441131" level="INFO">${name_title} = Mrs</msg>
<var>${name_title}</var>
<arg>${json_data["results"][0]["name"]["title"]}</arg>
<doc>Returns the given values which can then be assigned to a variables.</doc>
<status status="PASS" start="2024-05-03T04:18:00.440749" elapsed="0.000406"/>
</kw>
<kw name="Create List" owner="BuiltIn">
<msg time="2024-05-03T04:18:00.441594" level="INFO">${allowed_titles} = ['Mr', 'Ms', 'Miss', 'Mrs', 'Madame', 'Monsieur']</msg>
<var>${allowed_titles}</var>
<arg>Mr</arg>
<arg>Ms</arg>
<arg>Miss</arg>
<arg>Mrs</arg>
<arg>Madame</arg>
<arg>Monsieur</arg>
<doc>Returns a list containing given items.</doc>
<status status="PASS" start="2024-05-03T04:18:00.441449" elapsed="0.000169"/>
</kw>
<kw name="List Should Contain Value" owner="Collections">
<msg time="2024-05-03T04:18:00.442077" level="INFO">False</msg>
<arg>${allowed_titles}</arg>
<arg>${name_title}</arg>
<doc>Fails if the ``value`` is not found from ``list``.</doc>
<status status="PASS" start="2024-05-03T04:18:00.441913" elapsed="0.000201"/>
</kw>
<kw name="Set Variable" owner="BuiltIn">
<msg time="2024-05-03T04:18:00.442823" level="INFO">${name_country} = IE</msg>
<var>${name_country}</var>
<arg>${json_data["results"][0]["nat"]}</arg>
<doc>Returns the given values which can then be assigned to a variables.</doc>
<status status="PASS" start="2024-05-03T04:18:00.442442" elapsed="0.000405"/>
</kw>
<kw name="Create List" owner="BuiltIn">
<msg time="2024-05-03T04:18:00.443732" level="INFO">${list_country} = ['AD', 'AE', 'AF', 'AG', 'AI', 'AL', 'AM', 'AO', 'AQ', 'AR', 'AS', 'AT', 'AU', 'AW', 'AX', 'AZ', 'BA', 'BB', 'BD', 'BE', 'BF', 'BG', 'BH', 'BI', 'BJ', 'BL', 'BM', 'BN', 'BO', 'BQ', 'BR', 'BS', 'BT', '...</msg>
<var>${list_country}</var>
<arg>AD</arg>
<arg>AE</arg>
<arg>AF</arg>
<arg>AG</arg>
<arg>AI</arg>
<arg>AL</arg>
<arg>AM</arg>
<arg>AO</arg>
<arg>AQ</arg>
<arg>AR</arg>
<arg>AS</arg>
<arg>AT</arg>
<arg>AU</arg>
<arg>AW</arg>
<arg>AX</arg>
<arg>AZ</arg>
<arg>BA</arg>
<arg>BB</arg>
<arg>BD</arg>
<arg>BE</arg>
<arg>BF</arg>
<arg>BG</arg>
<arg>BH</arg>
<arg>BI</arg>
<arg>BJ</arg>
<arg>BL</arg>
<arg>BM</arg>
<arg>BN</arg>
<arg>BO</arg>
<arg>BQ</arg>
<arg>BR</arg>
<arg>BS</arg>
<arg>BT</arg>
<arg>BV</arg>
<arg>BW</arg>
<arg>BY</arg>
<arg>BZ</arg>
<arg>CA</arg>
<arg>CC</arg>
<arg>CD</arg>
<arg>CF</arg>
<arg>CG</arg>
<arg>CH</arg>
<arg>CI</arg>
<arg>CK</arg>
<arg>CL</arg>
<arg>CM</arg>
<arg>CN</arg>
<arg>CO</arg>
<arg>CR</arg>
<arg>CU</arg>
<arg>CV</arg>
<arg>CW</arg>
<arg>CX</arg>
<arg>CY</arg>
<arg>CZ</arg>
<arg>DE</arg>
<arg>DJ</arg>
<arg>DK</arg>
<arg>DM</arg>
<arg>DO</arg>
<arg>DZ</arg>
<arg>EC</arg>
<arg>EE</arg>
<arg>EG</arg>
<arg>EH</arg>
<arg>ER</arg>
<arg>ES</arg>
<arg>ET</arg>
<arg>FI</arg>
<arg>FJ</arg>
<arg>FK</arg>
<arg>FM</arg>
<arg>FO</arg>
<arg>FR</arg>
<arg>GA</arg>
<arg>GB</arg>
<arg>GD</arg>
<arg>GE</arg>
<arg>GF</arg>
<arg>GG</arg>
<arg>GH</arg>
<arg>GI</arg>
<arg>GL</arg>
<arg>GM</arg>
<arg>GN</arg>
<arg>GP</arg>
<arg>GQ</arg>
<arg>GR</arg>
<arg>GS</arg>
<arg>GT</arg>
<arg>GU</arg>
<arg>GW</arg>
<arg>GY</arg>
<arg>HK</arg>
<arg>HM</arg>
<arg>HN</arg>
<arg>HR</arg>
<arg>HT</arg>
<arg>HU</arg>
<arg>ID</arg>
<arg>IE</arg>
<arg>IL</arg>
<arg>IM</arg>
<arg>IN</arg>
<arg>IO</arg>
<arg>IQ</arg>
<arg>IR</arg>
<arg>IS</arg>
<arg>IT</arg>
<arg>JE</arg>
<arg>JM</arg>
<arg>JO</arg>
<arg>JP</arg>
<arg>KE</arg>
<arg>KG</arg>
<arg>KH</arg>
<arg>KI</arg>
<arg>KM</arg>
<arg>KN</arg>
<arg>KP</arg>
<arg>KR</arg>
<arg>KW</arg>
<arg>KY</arg>
<arg>KZ</arg>
<arg>LA</arg>
<arg>LB</arg>
<arg>LC</arg>
<arg>LI</arg>
<arg>LK</arg>
<arg>LR</arg>
<arg>LS</arg>
<arg>LT</arg>
<arg>LU</arg>
<arg>LV</arg>
<arg>LY</arg>
<arg>MA</arg>
<arg>MC</arg>
<arg>MD</arg>
<arg>ME</arg>
<arg>MF</arg>
<arg>MG</arg>
<arg>MH</arg>
<arg>MK</arg>
<arg>ML</arg>
<arg>MM</arg>
<arg>MN</arg>
<arg>MO</arg>
<arg>MP</arg>
<arg>MQ</arg>
<arg>MR</arg>
<arg>MS</arg>
<arg>MT</arg>
<arg>MU</arg>
<arg>MV</arg>
<arg>MW</arg>
<arg>MX</arg>
<arg>MY</arg>
<arg>MZ</arg>
<arg>NA</arg>
<arg>NC</arg>
<arg>NE</arg>
<arg>NF</arg>
<arg>NG</arg>
<arg>NI</arg>
<arg>NL</arg>
<arg>NO</arg>
<arg>NP</arg>
<arg>NR</arg>
<arg>NU</arg>
<arg>NZ</arg>
<arg>OM</arg>
<arg>PA</arg>
<arg>PE</arg>
<arg>PF</arg>
<arg>PG</arg>
<arg>PH</arg>
<arg>PK</arg>
<arg>PL</arg>
<arg>PM</arg>
<arg>PN</arg>
<arg>PR</arg>
<arg>PS</arg>
<arg>PT</arg>
<arg>PW</arg>
<arg>PY</arg>
<arg>QA</arg>
<arg>RE</arg>
<arg>RO</arg>
<arg>RS</arg>
<arg>RU</arg>
<arg>RW</arg>
<arg>SA</arg>
<arg>SB</arg>
<arg>SC</arg>
<arg>SD</arg>
<arg>SE</arg>
<arg>SG</arg>
<arg>SH</arg>
<arg>SI</arg>
<arg>SJ</arg>
<arg>SK</arg>
<arg>SL</arg>
<arg>SM</arg>
<arg>SN</arg>
<arg>SO</arg>
<arg>SR</arg>
<arg>SS</arg>
<arg>ST</arg>
<arg>SV</arg>
<arg>SX</arg>
<arg>SY</arg>
<arg>SZ</arg>
<arg>TC</arg>
<arg>TD</arg>
<arg>TF</arg>
<arg>TG</arg>
<arg>TH</arg>
<arg>TJ</arg>
<arg>TK</arg>
<arg>TL</arg>
<arg>TM</arg>
<arg>TN</arg>
<arg>TO</arg>
<arg>TR</arg>
<arg>TT</arg>
<arg>TV</arg>
<arg>TW</arg>
<arg>TZ</arg>
<arg>UA</arg>
<arg>UG</arg>
<arg>UM</arg>
<arg>US</arg>
<arg>UY</arg>
<arg>UZ</arg>
<arg>VA</arg>
<arg>VC</arg>
<arg>VE</arg>
<arg>VG</arg>
<arg>VI</arg>
<arg>VN</arg>
<arg>VU</arg>
<arg>WF</arg>
<arg>WS</arg>
<arg>XK</arg>
<arg>YE</arg>
<arg>YT</arg>
<arg>ZA</arg>
<arg>ZM</arg>
<arg>ZW</arg>
<doc>Returns a list containing given items.</doc>
<status status="PASS" start="2024-05-03T04:18:00.443145" elapsed="0.000612"/>
</kw>
<kw name="List Should Contain Value" owner="Collections">
<msg time="2024-05-03T04:18:00.444743" level="INFO">False</msg>
<arg>${list_country}</arg>
<arg>${name_country}</arg>
<doc>Fails if the ``value`` is not found from ``list``.</doc>
<status status="PASS" start="2024-05-03T04:18:00.444546" elapsed="0.000233"/>
</kw>
<kw name="Run Keyword If" owner="BuiltIn">
<kw name="Should Be True" owner="BuiltIn">
<arg>${True}</arg>
<doc>Fails if the given condition is not true.</doc>
<status status="PASS" start="2024-05-03T04:18:00.445833" elapsed="0.000240"/>
</kw>
<arg>${json_data["results"][0]["location"]["coordinates"]["latitude"]} &gt;= -90 and ${json_data["results"][0]["location"]["coordinates"]["latitude"]} &lt;= 90</arg>
<arg>Should Be True</arg>
<arg>${True}</arg>
<doc>Runs the given keyword with the given arguments, if ``condition`` is true.</doc>
<status status="PASS" start="2024-05-03T04:18:00.445082" elapsed="0.001121"/>
</kw>
<kw name="Run Keyword If" owner="BuiltIn">
<kw name="Should Be True" owner="BuiltIn">
<arg>${True}</arg>
<doc>Fails if the given condition is not true.</doc>
<status status="PASS" start="2024-05-03T04:18:00.447118" elapsed="0.000138"/>
</kw>
<arg>${json_data["results"][0]["location"]["coordinates"]["longitude"]} &gt;= -180 and ${json_data["results"][0]["location"]["coordinates"]["longitude"]} &lt;= 180</arg>
<arg>Should Be True</arg>
<arg>${True}</arg>
<doc>Runs the given keyword with the given arguments, if ``condition`` is true.</doc>
<status status="PASS" start="2024-05-03T04:18:00.446414" elapsed="0.000967"/>
</kw>
<status status="PASS" start="2024-05-03T04:18:00.356893" elapsed="0.090617"/>
</kw>
<doc>Testa o conteúdo específico dos campos retornados pela API.</doc>
<tag>testeConteudo</tag>
<status status="PASS" start="2024-05-03T04:18:00.356366" elapsed="0.091291"/>
</test>
<status status="PASS" start="2024-05-03T04:17:59.503243" elapsed="0.946347"/>
</suite>
<status status="PASS" start="2024-05-03T04:17:59.489714" elapsed="0.964990"/>
</suite>
<statistics>
<total>
<stat pass="5" fail="0" skip="0">All Tests</stat>
</total>
<tag>
<stat pass="1" fail="0" skip="0">testeConteudo</stat>
<stat pass="1" fail="0" skip="0">testeEstruturaResposta</stat>
<stat pass="1" fail="0" skip="0">testeRequisicaoBasica</stat>
<stat pass="1" fail="0" skip="0">testeTiposDados</stat>
</tag>
<suite>
<stat pass="5" fail="0" skip="0" id="s1" name="Tests">Tests</stat>
<stat pass="5" fail="0" skip="0" id="s1-s1" name="Random-User-Test">Tests.Random-User-Test</stat>
</suite>
</statistics>
<errors>
</errors>
</robot>
