<?xml version="1.0" encoding="UTF-8"?>
<robot generator="Robot 7.0.1 (Python 3.12.4 on linux)" generated="2024-06-20T04:17:02.196655" rpa="false" schemaversion="5">
<suite id="s1" name="Tests" source="/home/runner/work/ApiRandomUser/ApiRandomUser/RamdonUser/tests">
<suite id="s1-s1" name="Random-User-Test" source="/home/runner/work/ApiRandomUser/ApiRandomUser/RamdonUser/tests/random-user-test.robot">
<test id="s1-s1-t1" name="Conectar" line="13">
<kw name="Conectar API" owner="random-user-service">
<kw name="Create Session" owner="RequestsLibrary">
<msg time="2024-06-20T04:17:02.597639" level="INFO">Creating Session using : alias=consultarAPI, url=https://randomuser.me/, headers={},                     cookies={}, auth=None, timeout=None, proxies=None, verify=False,                     debug=0 </msg>
<arg>consultarAPI</arg>
<arg>${URL}</arg>
<doc>Create Session: create a HTTP session to a server</doc>
<status status="PASS" start="2024-06-20T04:17:02.597368" elapsed="0.000494"/>
</kw>
<status status="PASS" start="2024-06-20T04:17:02.595982" elapsed="0.002446"/>
</kw>
<status status="PASS" start="2024-06-20T04:17:02.595250" elapsed="0.003472"/>
</test>
<test id="s1-s1-t2" name="Validar retorno 200 e JSON Válido" line="16">
<kw name="Teste de Requisicao Basica" owner="random-user-service">
<kw name="GET On Session" owner="RequestsLibrary">
<msg time="2024-06-20T04:17:03.227311" level="INFO">GET Request : url=https://randomuser.me/api 
 path_url=/api 
 headers={'User-Agent': 'python-requests/2.32.3', 'Accept-Encoding': 'gzip, deflate', 'Accept': '*/*', 'Connection': 'keep-alive'} 
 body=None 
 </msg>
<msg time="2024-06-20T04:17:03.227473" level="INFO">GET Response : url=https://randomuser.me/api 
 status=200, reason=OK 
 headers={'Date': 'Thu, 20 Jun 2024 04:17:03 GMT', 'Content-Type': 'application/json; charset=utf-8', 'Transfer-Encoding': 'chunked', 'Connection': 'keep-alive', 'X-Powered-By': 'Express', 'Access-Control-Allow-Origin': '*', 'Cache-Control': 'no-cache', 'ETag': 'W/"492-SYTvOTxHywjivjVEdLTOU1PPUfc"', 'Vary': 'Accept-Encoding', 'Content-Encoding': 'gzip', 'CF-Cache-Status': 'DYNAMIC', 'Report-To': '{"endpoints":[{"url":"https:\\/\\/a.nel.cloudflare.com\\/report\\/v4?s=gYhZ1dQ66LRWIoe3A5O06lv%2BBEH7XEtsBeqXVEQHSelYj2HeMLUVV7bkKn8v36dnzskaJ9pCU9KdU4t0%2FGID9ur4GizICWWVHqmMjZc2XiisE4XmMDotDr9dpe3yBJa6"}],"group":"cf-nel","max_age":604800}', 'NEL': '{"success_fraction":0,"report_to":"cf-nel","max_age":604800}', 'Server': 'cloudflare', 'CF-RAY': '8968f2682f0186d2-ORD', 'alt-svc': 'h3=":443"; ma=86400'} 
 body={"results":[{"gender":"male","name":{"title":"Mr","first":"Julius","last":"Polon"},"location":{"street":{"number":3639,"name":"Tahmelantie"},"city":"Ingå","state":"Finland Proper","country":"Finland","postcode":34114,"coordinates":{"latitude":"-23.6715","longitude":"-87.7048"},"timezone":{"offset":"+5:30","description":"Bombay, Calcutta, Madras, New Delhi"}},"email":"julius.polon@example.com","login":{"uuid":"6bb5e224-a759-4c39-a465-da9d149a98a4","username":"happyfrog872","password":"critter","salt":"OCxJXpMy","md5":"abef2c27c6c2847909d62741a2a72d65","sha1":"d10b946b889113bef4a220cd20e71dc72376c75f","sha256":"2054d97b7fa10c5d47a29787c7f25dc2775c0b5d00cd7e70194f2f55b24e34aa"},"dob":{"date":"1980-07-13T08:40:29.674Z","age":43},"registered":{"date":"2014-01-01T00:32:30.044Z","age":10},"phone":"02-266-556","cell":"042-905-69-15","id":{"name":"HETU","value":"NaNNA625undefined"},"picture":{"large":"https://randomuser.me/api/portraits/men/83.jpg","medium":"https://randomuser.me/api/portraits/med/men/83.jpg","thumbnail":"https://randomuser.me/api/portraits/thumb/men/83.jpg"},"nat":"FI"}],"info":{"seed":"f9f58fe9aec0123c","results":1,"page":1,"version":"1.4"}} 
 </msg>
<msg time="2024-06-20T04:17:03.227554" level="INFO">/opt/hostedtoolcache/Python/3.12.4/x64/lib/python3.12/site-packages/urllib3/connectionpool.py:1099: InsecureRequestWarning: Unverified HTTPS request is being made to host 'randomuser.me'. Adding certificate verification is strongly advised. See: https://urllib3.readthedocs.io/en/latest/advanced-usage.html#tls-warnings
  warnings.warn(</msg>
<msg time="2024-06-20T04:17:03.227715" level="INFO">${response} = &lt;Response [200]&gt;</msg>
<var>${response}</var>
<arg>consultarAPI</arg>
<arg>/api</arg>
<doc>Sends a GET request on a previously created HTTP Session.</doc>
<status status="PASS" start="2024-06-20T04:17:02.602392" elapsed="0.625370"/>
</kw>
<kw name="Should Be Equal As Numbers" owner="BuiltIn">
<msg time="2024-06-20T04:17:03.228728" level="INFO">Argument types are:
&lt;class 'int'&gt;
&lt;class 'str'&gt;</msg>
<arg>${response.status_code}</arg>
<arg>200</arg>
<doc>Fails if objects are unequal after converting them to real numbers.</doc>
<status status="PASS" start="2024-06-20T04:17:03.228267" elapsed="0.000525"/>
</kw>
<kw name="Log" owner="BuiltIn">
<msg time="2024-06-20T04:17:03.229435" level="INFO">200</msg>
<arg>${response.status_code}</arg>
<doc>Logs the given message with the given level.</doc>
<status status="PASS" start="2024-06-20T04:17:03.229099" elapsed="0.000377"/>
</kw>
<kw name="Set Variable" owner="BuiltIn">
<msg time="2024-06-20T04:17:03.230228" level="INFO">${json_data} = {'results': [{'gender': 'male', 'name': {'title': 'Mr', 'first': 'Julius', 'last': 'Polon'}, 'location': {'street': {'number': 3639, 'name': 'Tahmelantie'}, 'city': 'Ingå', 'state': 'Finland Proper', ...</msg>
<var>${json_data}</var>
<arg>${response.json()}</arg>
<doc>Returns the given values which can then be assigned to a variables.</doc>
<status status="PASS" start="2024-06-20T04:17:03.229786" elapsed="0.000470"/>
</kw>
<kw name="Dictionary Should Contain Key" owner="Collections">
<arg>${json_data}</arg>
<arg>results</arg>
<doc>Fails if ``key`` is not found from ``dictionary``.</doc>
<status status="PASS" start="2024-06-20T04:17:03.230591" elapsed="0.000167"/>
</kw>
<status status="PASS" start="2024-06-20T04:17:02.602036" elapsed="0.628873"/>
</kw>
<doc>Testa se a API responde corretamente e retorna um objeto JSON válido.</doc>
<tag>testeRequisicaoBasica</tag>
<status status="PASS" start="2024-06-20T04:17:02.601384" elapsed="0.629698"/>
</test>
<test id="s1-s1-t3" name="Validar estrutura de resposta" line="22">
<kw name="Teste de Estrutura de Resposta" owner="random-user-service">
<kw name="GET On Session" owner="RequestsLibrary">
<msg time="2024-06-20T04:17:03.683871" level="INFO">GET Request : url=https://randomuser.me/api 
 path_url=/api 
 headers={'User-Agent': 'python-requests/2.32.3', 'Accept-Encoding': 'gzip, deflate', 'Accept': '*/*', 'Connection': 'keep-alive'} 
 body=None 
 </msg>
<msg time="2024-06-20T04:17:03.683967" level="INFO">GET Response : url=https://randomuser.me/api 
 status=200, reason=OK 
 headers={'Date': 'Thu, 20 Jun 2024 04:17:03 GMT', 'Content-Type': 'application/json; charset=utf-8', 'Transfer-Encoding': 'chunked', 'Connection': 'keep-alive', 'X-Powered-By': 'Express', 'Access-Control-Allow-Origin': '*', 'Cache-Control': 'no-cache', 'ETag': 'W/"4a0-0oe2Cpcl5r4Anhwke3lzu7YW6no"', 'Vary': 'Accept-Encoding', 'Content-Encoding': 'gzip', 'CF-Cache-Status': 'DYNAMIC', 'Report-To': '{"endpoints":[{"url":"https:\\/\\/a.nel.cloudflare.com\\/report\\/v4?s=%2Bf51loU%2BrKB%2B2j5eFRBiWbxvKXkqCjdfV5iJjk21gdL8AReEYUi%2F272XUARBab7mDZ1nRH8fyX1PMfEj%2FIC53tBdRbdqNNER9DmG7DyJd1v%2BH7Wl83cfXlitX5IAdidb"}],"group":"cf-nel","max_age":604800}', 'NEL': '{"success_fraction":0,"report_to":"cf-nel","max_age":604800}', 'Server': 'cloudflare', 'CF-RAY': '8968f26b3ad886d2-ORD', 'alt-svc': 'h3=":443"; ma=86400'} 
 body={"results":[{"gender":"female","name":{"title":"Ms","first":"Erica","last":"Reynolds"},"location":{"street":{"number":3309,"name":"Ranchview Dr"},"city":"Newark","state":"California","country":"United States","postcode":19227,"coordinates":{"latitude":"87.8408","longitude":"134.0163"},"timezone":{"offset":"+8:00","description":"Beijing, Perth, Singapore, Hong Kong"}},"email":"erica.reynolds@example.com","login":{"uuid":"4bcd5b91-18b7-40e2-b8f9-5f335fdd8af2","username":"purplefrog963","password":"worthy","salt":"FRDb3iTF","md5":"2d717d216d01e75b1c96abe7f8579b43","sha1":"4e238db9b8853e05fdf64a20f282d19133028ab0","sha256":"337041e2cffd91514c8db61e30da37766b090d37b98a3188ff2ea88184117438"},"dob":{"date":"1956-11-07T06:25:49.363Z","age":67},"registered":{"date":"2006-07-11T22:13:44.089Z","age":17},"phone":"(988) 669-1225","cell":"(300) 415-1699","id":{"name":"SSN","value":"557-49-7503"},"picture":{"large":"https://randomuser.me/api/portraits/women/35.jpg","medium":"https://randomuser.me/api/portraits/med/women/35.jpg","thumbnail":"https://randomuser.me/api/portraits/thumb/women/35.jpg"},"nat":"US"}],"info":{"seed":"6b4dca1966ba2915","results":1,"page":1,"version":"1.4"}} 
 </msg>
<msg time="2024-06-20T04:17:03.684092" level="INFO">/opt/hostedtoolcache/Python/3.12.4/x64/lib/python3.12/site-packages/urllib3/connectionpool.py:1099: InsecureRequestWarning: Unverified HTTPS request is being made to host 'randomuser.me'. Adding certificate verification is strongly advised. See: https://urllib3.readthedocs.io/en/latest/advanced-usage.html#tls-warnings
  warnings.warn(</msg>
<msg time="2024-06-20T04:17:03.684240" level="INFO">${response} = &lt;Response [200]&gt;</msg>
<var>${response}</var>
<arg>consultarAPI</arg>
<arg>/api</arg>
<doc>Sends a GET request on a previously created HTTP Session.</doc>
<status status="PASS" start="2024-06-20T04:17:03.233642" elapsed="0.450640"/>
</kw>
<kw name="Set Variable" owner="BuiltIn">
<msg time="2024-06-20T04:17:03.685270" level="INFO">${json_data} = {'results': [{'gender': 'female', 'name': {'title': 'Ms', 'first': 'Erica', 'last': 'Reynolds'}, 'location': {'street': {'number': 3309, 'name': 'Ranchview Dr'}, 'city': 'Newark', 'state': 'California...</msg>
<var>${json_data}</var>
<arg>${response.json()}</arg>
<doc>Returns the given values which can then be assigned to a variables.</doc>
<status status="PASS" start="2024-06-20T04:17:03.684760" elapsed="0.000541"/>
</kw>
<kw name="Log" owner="BuiltIn">
<msg time="2024-06-20T04:17:03.685765" level="INFO">{'results': [{'gender': 'female', 'name': {'title': 'Ms', 'first': 'Erica', 'last': 'Reynolds'}, 'location': {'street': {'number': 3309, 'name': 'Ranchview Dr'}, 'city': 'Newark', 'state': 'California', 'country': 'United States', 'postcode': 19227, 'coordinates': {'latitude': '87.8408', 'longitude': '134.0163'}, 'timezone': {'offset': '+8:00', 'description': 'Beijing, Perth, Singapore, Hong Kong'}}, 'email': 'erica.reynolds@example.com', 'login': {'uuid': '4bcd5b91-18b7-40e2-b8f9-5f335fdd8af2', 'username': 'purplefrog963', 'password': 'worthy', 'salt': 'FRDb3iTF', 'md5': '2d717d216d01e75b1c96abe7f8579b43', 'sha1': '4e238db9b8853e05fdf64a20f282d19133028ab0', 'sha256': '337041e2cffd91514c8db61e30da37766b090d37b98a3188ff2ea88184117438'}, 'dob': {'date': '1956-11-07T06:25:49.363Z', 'age': 67}, 'registered': {'date': '2006-07-11T22:13:44.089Z', 'age': 17}, 'phone': '(988) 669-1225', 'cell': '(300) 415-1699', 'id': {'name': 'SSN', 'value': '557-49-7503'}, 'picture': {'large': 'https://randomuser.me/api/portraits/women/35.jpg', 'medium': 'https://randomuser.me/api/portraits/med/women/35.jpg', 'thumbnail': 'https://randomuser.me/api/portraits/thumb/women/35.jpg'}, 'nat': 'US'}], 'info': {'seed': '6b4dca1966ba2915', 'results': 1, 'page': 1, 'version': '1.4'}}</msg>
<arg>${json_data}</arg>
<doc>Logs the given message with the given level.</doc>
<status status="PASS" start="2024-06-20T04:17:03.685605" elapsed="0.000210"/>
</kw>
<kw name="Dictionary Should Contain Key" owner="Collections">
<arg>${json_data}</arg>
<arg>results</arg>
<doc>Fails if ``key`` is not found from ``dictionary``.</doc>
<status status="PASS" start="2024-06-20T04:17:03.686103" elapsed="0.000162"/>
</kw>
<kw name="Should Not Be Empty" owner="BuiltIn">
<msg time="2024-06-20T04:17:03.686617" level="INFO">Length is 2.</msg>
<arg>${json_data}</arg>
<doc>Verifies that the given item is not empty.</doc>
<status status="PASS" start="2024-06-20T04:17:03.686447" elapsed="0.000220"/>
</kw>
<kw name="Create List" owner="BuiltIn">
<msg time="2024-06-20T04:17:03.687107" level="INFO">${expected_keys} = ['gender', 'name', 'location', 'email', 'login']</msg>
<var>${expected_keys}</var>
<arg>gender</arg>
<arg>name</arg>
<arg>location</arg>
<arg>email</arg>
<arg>login</arg>
<doc>Returns a list containing given items.</doc>
<status status="PASS" start="2024-06-20T04:17:03.686960" elapsed="0.000170"/>
</kw>
<for flavor="IN">
<iter>
<kw name="Dictionary Should Contain Key" owner="Collections">
<arg>${json_data['results'][0]}</arg>
<arg>${key}</arg>
<doc>Fails if ``key`` is not found from ``dictionary``.</doc>
<status status="PASS" start="2024-06-20T04:17:03.687870" elapsed="0.000396"/>
</kw>
<kw name="Log" owner="BuiltIn">
<msg time="2024-06-20T04:17:03.688805" level="INFO">{'gender': 'female', 'name': {'title': 'Ms', 'first': 'Erica', 'last': 'Reynolds'}, 'location': {'street': {'number': 3309, 'name': 'Ranchview Dr'}, 'city': 'Newark', 'state': 'California', 'country': 'United States', 'postcode': 19227, 'coordinates': {'latitude': '87.8408', 'longitude': '134.0163'}, 'timezone': {'offset': '+8:00', 'description': 'Beijing, Perth, Singapore, Hong Kong'}}, 'email': 'erica.reynolds@example.com', 'login': {'uuid': '4bcd5b91-18b7-40e2-b8f9-5f335fdd8af2', 'username': 'purplefrog963', 'password': 'worthy', 'salt': 'FRDb3iTF', 'md5': '2d717d216d01e75b1c96abe7f8579b43', 'sha1': '4e238db9b8853e05fdf64a20f282d19133028ab0', 'sha256': '337041e2cffd91514c8db61e30da37766b090d37b98a3188ff2ea88184117438'}, 'dob': {'date': '1956-11-07T06:25:49.363Z', 'age': 67}, 'registered': {'date': '2006-07-11T22:13:44.089Z', 'age': 17}, 'phone': '(988) 669-1225', 'cell': '(300) 415-1699', 'id': {'name': 'SSN', 'value': '557-49-7503'}, 'picture': {'large': 'https://randomuser.me/api/portraits/women/35.jpg', 'medium': 'https://randomuser.me/api/portraits/med/women/35.jpg', 'thumbnail': 'https://randomuser.me/api/portraits/thumb/women/35.jpg'}, 'nat': 'US'}</msg>
<arg>${json_data['results'][0]}</arg>
<doc>Logs the given message with the given level.</doc>
<status status="PASS" start="2024-06-20T04:17:03.688448" elapsed="0.000405"/>
</kw>
<kw name="Log" owner="BuiltIn">
<msg time="2024-06-20T04:17:03.689273" level="INFO">gender</msg>
<arg>${key}</arg>
<doc>Logs the given message with the given level.</doc>
<status status="PASS" start="2024-06-20T04:17:03.689146" elapsed="0.000164"/>
</kw>
<var name="${key}">gender</var>
<status status="PASS" start="2024-06-20T04:17:03.687741" elapsed="0.001780"/>
</iter>
<iter>
<kw name="Dictionary Should Contain Key" owner="Collections">
<arg>${json_data['results'][0]}</arg>
<arg>${key}</arg>
<doc>Fails if ``key`` is not found from ``dictionary``.</doc>
<status status="PASS" start="2024-06-20T04:17:03.689812" elapsed="0.000372"/>
</kw>
<kw name="Log" owner="BuiltIn">
<msg time="2024-06-20T04:17:03.690805" level="INFO">{'gender': 'female', 'name': {'title': 'Ms', 'first': 'Erica', 'last': 'Reynolds'}, 'location': {'street': {'number': 3309, 'name': 'Ranchview Dr'}, 'city': 'Newark', 'state': 'California', 'country': 'United States', 'postcode': 19227, 'coordinates': {'latitude': '87.8408', 'longitude': '134.0163'}, 'timezone': {'offset': '+8:00', 'description': 'Beijing, Perth, Singapore, Hong Kong'}}, 'email': 'erica.reynolds@example.com', 'login': {'uuid': '4bcd5b91-18b7-40e2-b8f9-5f335fdd8af2', 'username': 'purplefrog963', 'password': 'worthy', 'salt': 'FRDb3iTF', 'md5': '2d717d216d01e75b1c96abe7f8579b43', 'sha1': '4e238db9b8853e05fdf64a20f282d19133028ab0', 'sha256': '337041e2cffd91514c8db61e30da37766b090d37b98a3188ff2ea88184117438'}, 'dob': {'date': '1956-11-07T06:25:49.363Z', 'age': 67}, 'registered': {'date': '2006-07-11T22:13:44.089Z', 'age': 17}, 'phone': '(988) 669-1225', 'cell': '(300) 415-1699', 'id': {'name': 'SSN', 'value': '557-49-7503'}, 'picture': {'large': 'https://randomuser.me/api/portraits/women/35.jpg', 'medium': 'https://randomuser.me/api/portraits/med/women/35.jpg', 'thumbnail': 'https://randomuser.me/api/portraits/thumb/women/35.jpg'}, 'nat': 'US'}</msg>
<arg>${json_data['results'][0]}</arg>
<doc>Logs the given message with the given level.</doc>
<status status="PASS" start="2024-06-20T04:17:03.690368" elapsed="0.000485"/>
</kw>
<kw name="Log" owner="BuiltIn">
<msg time="2024-06-20T04:17:03.691277" level="INFO">name</msg>
<arg>${key}</arg>
<doc>Logs the given message with the given level.</doc>
<status status="PASS" start="2024-06-20T04:17:03.691150" elapsed="0.000164"/>
</kw>
<var name="${key}">name</var>
<status status="PASS" start="2024-06-20T04:17:03.689702" elapsed="0.001834"/>
</iter>
<iter>
<kw name="Dictionary Should Contain Key" owner="Collections">
<arg>${json_data['results'][0]}</arg>
<arg>${key}</arg>
<doc>Fails if ``key`` is not found from ``dictionary``.</doc>
<status status="PASS" start="2024-06-20T04:17:03.691816" elapsed="0.000383"/>
</kw>
<kw name="Log" owner="BuiltIn">
<msg time="2024-06-20T04:17:03.692727" level="INFO">{'gender': 'female', 'name': {'title': 'Ms', 'first': 'Erica', 'last': 'Reynolds'}, 'location': {'street': {'number': 3309, 'name': 'Ranchview Dr'}, 'city': 'Newark', 'state': 'California', 'country': 'United States', 'postcode': 19227, 'coordinates': {'latitude': '87.8408', 'longitude': '134.0163'}, 'timezone': {'offset': '+8:00', 'description': 'Beijing, Perth, Singapore, Hong Kong'}}, 'email': 'erica.reynolds@example.com', 'login': {'uuid': '4bcd5b91-18b7-40e2-b8f9-5f335fdd8af2', 'username': 'purplefrog963', 'password': 'worthy', 'salt': 'FRDb3iTF', 'md5': '2d717d216d01e75b1c96abe7f8579b43', 'sha1': '4e238db9b8853e05fdf64a20f282d19133028ab0', 'sha256': '337041e2cffd91514c8db61e30da37766b090d37b98a3188ff2ea88184117438'}, 'dob': {'date': '1956-11-07T06:25:49.363Z', 'age': 67}, 'registered': {'date': '2006-07-11T22:13:44.089Z', 'age': 17}, 'phone': '(988) 669-1225', 'cell': '(300) 415-1699', 'id': {'name': 'SSN', 'value': '557-49-7503'}, 'picture': {'large': 'https://randomuser.me/api/portraits/women/35.jpg', 'medium': 'https://randomuser.me/api/portraits/med/women/35.jpg', 'thumbnail': 'https://randomuser.me/api/portraits/thumb/women/35.jpg'}, 'nat': 'US'}</msg>
<arg>${json_data['results'][0]}</arg>
<doc>Logs the given message with the given level.</doc>
<status status="PASS" start="2024-06-20T04:17:03.692377" elapsed="0.000397"/>
</kw>
<kw name="Log" owner="BuiltIn">
<msg time="2024-06-20T04:17:03.693183" level="INFO">location</msg>
<arg>${key}</arg>
<doc>Logs the given message with the given level.</doc>
<status status="PASS" start="2024-06-20T04:17:03.693061" elapsed="0.000158"/>
</kw>
<var name="${key}">location</var>
<status status="PASS" start="2024-06-20T04:17:03.691709" elapsed="0.001716"/>
</iter>
<iter>
<kw name="Dictionary Should Contain Key" owner="Collections">
<arg>${json_data['results'][0]}</arg>
<arg>${key}</arg>
<doc>Fails if ``key`` is not found from ``dictionary``.</doc>
<status status="PASS" start="2024-06-20T04:17:03.693735" elapsed="0.000372"/>
</kw>
<kw name="Log" owner="BuiltIn">
<msg time="2024-06-20T04:17:03.694723" level="INFO">{'gender': 'female', 'name': {'title': 'Ms', 'first': 'Erica', 'last': 'Reynolds'}, 'location': {'street': {'number': 3309, 'name': 'Ranchview Dr'}, 'city': 'Newark', 'state': 'California', 'country': 'United States', 'postcode': 19227, 'coordinates': {'latitude': '87.8408', 'longitude': '134.0163'}, 'timezone': {'offset': '+8:00', 'description': 'Beijing, Perth, Singapore, Hong Kong'}}, 'email': 'erica.reynolds@example.com', 'login': {'uuid': '4bcd5b91-18b7-40e2-b8f9-5f335fdd8af2', 'username': 'purplefrog963', 'password': 'worthy', 'salt': 'FRDb3iTF', 'md5': '2d717d216d01e75b1c96abe7f8579b43', 'sha1': '4e238db9b8853e05fdf64a20f282d19133028ab0', 'sha256': '337041e2cffd91514c8db61e30da37766b090d37b98a3188ff2ea88184117438'}, 'dob': {'date': '1956-11-07T06:25:49.363Z', 'age': 67}, 'registered': {'date': '2006-07-11T22:13:44.089Z', 'age': 17}, 'phone': '(988) 669-1225', 'cell': '(300) 415-1699', 'id': {'name': 'SSN', 'value': '557-49-7503'}, 'picture': {'large': 'https://randomuser.me/api/portraits/women/35.jpg', 'medium': 'https://randomuser.me/api/portraits/med/women/35.jpg', 'thumbnail': 'https://randomuser.me/api/portraits/thumb/women/35.jpg'}, 'nat': 'US'}</msg>
<arg>${json_data['results'][0]}</arg>
<doc>Logs the given message with the given level.</doc>
<status status="PASS" start="2024-06-20T04:17:03.694299" elapsed="0.000472"/>
</kw>
<kw name="Log" owner="BuiltIn">
<msg time="2024-06-20T04:17:03.695189" level="INFO">email</msg>
<arg>${key}</arg>
<doc>Logs the given message with the given level.</doc>
<status status="PASS" start="2024-06-20T04:17:03.695063" elapsed="0.000163"/>
</kw>
<var name="${key}">email</var>
<status status="PASS" start="2024-06-20T04:17:03.693629" elapsed="0.001808"/>
</iter>
<iter>
<kw name="Dictionary Should Contain Key" owner="Collections">
<arg>${json_data['results'][0]}</arg>
<arg>${key}</arg>
<doc>Fails if ``key`` is not found from ``dictionary``.</doc>
<status status="PASS" start="2024-06-20T04:17:03.695712" elapsed="0.000380"/>
</kw>
<kw name="Log" owner="BuiltIn">
<msg time="2024-06-20T04:17:03.696613" level="INFO">{'gender': 'female', 'name': {'title': 'Ms', 'first': 'Erica', 'last': 'Reynolds'}, 'location': {'street': {'number': 3309, 'name': 'Ranchview Dr'}, 'city': 'Newark', 'state': 'California', 'country': 'United States', 'postcode': 19227, 'coordinates': {'latitude': '87.8408', 'longitude': '134.0163'}, 'timezone': {'offset': '+8:00', 'description': 'Beijing, Perth, Singapore, Hong Kong'}}, 'email': 'erica.reynolds@example.com', 'login': {'uuid': '4bcd5b91-18b7-40e2-b8f9-5f335fdd8af2', 'username': 'purplefrog963', 'password': 'worthy', 'salt': 'FRDb3iTF', 'md5': '2d717d216d01e75b1c96abe7f8579b43', 'sha1': '4e238db9b8853e05fdf64a20f282d19133028ab0', 'sha256': '337041e2cffd91514c8db61e30da37766b090d37b98a3188ff2ea88184117438'}, 'dob': {'date': '1956-11-07T06:25:49.363Z', 'age': 67}, 'registered': {'date': '2006-07-11T22:13:44.089Z', 'age': 17}, 'phone': '(988) 669-1225', 'cell': '(300) 415-1699', 'id': {'name': 'SSN', 'value': '557-49-7503'}, 'picture': {'large': 'https://randomuser.me/api/portraits/women/35.jpg', 'medium': 'https://randomuser.me/api/portraits/med/women/35.jpg', 'thumbnail': 'https://randomuser.me/api/portraits/thumb/women/35.jpg'}, 'nat': 'US'}</msg>
<arg>${json_data['results'][0]}</arg>
<doc>Logs the given message with the given level.</doc>
<status status="PASS" start="2024-06-20T04:17:03.696271" elapsed="0.000395"/>
</kw>
<kw name="Log" owner="BuiltIn">
<msg time="2024-06-20T04:17:03.697089" level="INFO">login</msg>
<arg>${key}</arg>
<doc>Logs the given message with the given level.</doc>
<status status="PASS" start="2024-06-20T04:17:03.696960" elapsed="0.000166"/>
</kw>
<var name="${key}">login</var>
<status status="PASS" start="2024-06-20T04:17:03.695605" elapsed="0.001732"/>
</iter>
<var>${key}</var>
<value>@{expected_keys}</value>
<status status="PASS" start="2024-06-20T04:17:03.687546" elapsed="0.009908"/>
</for>
<kw name="Create List" owner="BuiltIn">
<msg time="2024-06-20T04:17:03.697800" level="INFO">${expected_keysTwo} = ['username', 'password']</msg>
<var>${expected_keysTwo}</var>
<arg>username</arg>
<arg>password</arg>
<doc>Returns a list containing given items.</doc>
<status status="PASS" start="2024-06-20T04:17:03.697664" elapsed="0.000159"/>
</kw>
<for flavor="IN">
<iter>
<kw name="Dictionary Should Contain Key" owner="Collections">
<arg>${json_data['results'][0]['login']}</arg>
<arg>${keyTwo}</arg>
<doc>Fails if ``key`` is not found from ``dictionary``.</doc>
<status status="PASS" start="2024-06-20T04:17:03.698310" elapsed="0.000434"/>
</kw>
<kw name="Dictionary Should Contain Key" owner="Collections">
<arg>${json_data['results'][0]['login']}</arg>
<arg>${keyTwo}</arg>
<doc>Fails if ``key`` is not found from ``dictionary``.</doc>
<status status="PASS" start="2024-06-20T04:17:03.698925" elapsed="0.000373"/>
</kw>
<kw name="Log" owner="BuiltIn">
<msg time="2024-06-20T04:17:03.699588" level="INFO">username</msg>
<arg>${keyTwo}</arg>
<doc>Logs the given message with the given level.</doc>
<status status="PASS" start="2024-06-20T04:17:03.699472" elapsed="0.000152"/>
</kw>
<var name="${keyTwo}">username</var>
<status status="PASS" start="2024-06-20T04:17:03.698204" elapsed="0.001633"/>
</iter>
<iter>
<kw name="Dictionary Should Contain Key" owner="Collections">
<arg>${json_data['results'][0]['login']}</arg>
<arg>${keyTwo}</arg>
<doc>Fails if ``key`` is not found from ``dictionary``.</doc>
<status status="PASS" start="2024-06-20T04:17:03.700112" elapsed="0.000376"/>
</kw>
<kw name="Dictionary Should Contain Key" owner="Collections">
<arg>${json_data['results'][0]['login']}</arg>
<arg>${keyTwo}</arg>
<doc>Fails if ``key`` is not found from ``dictionary``.</doc>
<status status="PASS" start="2024-06-20T04:17:03.700663" elapsed="0.000372"/>
</kw>
<kw name="Log" owner="BuiltIn">
<msg time="2024-06-20T04:17:03.701329" level="INFO">password</msg>
<arg>${keyTwo}</arg>
<doc>Logs the given message with the given level.</doc>
<status status="PASS" start="2024-06-20T04:17:03.701211" elapsed="0.000153"/>
</kw>
<var name="${keyTwo}">password</var>
<status status="PASS" start="2024-06-20T04:17:03.700008" elapsed="0.001573"/>
</iter>
<var>${keyTwo}</var>
<value>@{expected_keysTwo}</value>
<status status="PASS" start="2024-06-20T04:17:03.698053" elapsed="0.003645"/>
</for>
<status status="PASS" start="2024-06-20T04:17:03.233416" elapsed="0.468420"/>
</kw>
<doc>Testa a estrutura da resposta da API.</doc>
<tag>testeEstruturaResposta</tag>
<status status="PASS" start="2024-06-20T04:17:03.232899" elapsed="0.469091"/>
</test>
<test id="s1-s1-t4" name="Validar tipos de dados" line="28">
<kw name="Teste de Tipos de Dados" owner="random-user-service">
<kw name="GET On Session" owner="RequestsLibrary">
<msg time="2024-06-20T04:17:04.153884" level="INFO">GET Request : url=https://randomuser.me/api 
 path_url=/api 
 headers={'User-Agent': 'python-requests/2.32.3', 'Accept-Encoding': 'gzip, deflate', 'Accept': '*/*', 'Connection': 'keep-alive'} 
 body=None 
 </msg>
<msg time="2024-06-20T04:17:04.153985" level="INFO">GET Response : url=https://randomuser.me/api 
 status=200, reason=OK 
 headers={'Date': 'Thu, 20 Jun 2024 04:17:04 GMT', 'Content-Type': 'application/json; charset=utf-8', 'Transfer-Encoding': 'chunked', 'Connection': 'keep-alive', 'X-Powered-By': 'Express', 'Access-Control-Allow-Origin': '*', 'Cache-Control': 'no-cache', 'ETag': 'W/"4ab-6AJfuIl+1aQIiKrwZgHTTLI9m5U"', 'Vary': 'Accept-Encoding', 'Content-Encoding': 'gzip', 'CF-Cache-Status': 'DYNAMIC', 'Report-To': '{"endpoints":[{"url":"https:\\/\\/a.nel.cloudflare.com\\/report\\/v4?s=bU1h4zuKy%2BCyyR2aEQRDqU50gYOh72a1FVbwEjr3aQmVU3p7ZQ9%2F1WpRmzAssgbnJ%2FVW11zwSUszi3Jn4A%2FYgg%2FTuD%2Bd0LwctgS5nXONIqx81uF1cuvzsH6O1%2FEnqdN7"}],"group":"cf-nel","max_age":604800}', 'NEL': '{"success_fraction":0,"report_to":"cf-nel","max_age":604800}', 'Server': 'cloudflare', 'CF-RAY': '8968f26e2e8286d2-ORD', 'alt-svc': 'h3=":443"; ma=86400'} 
 body={"results":[{"gender":"female","name":{"title":"Mademoiselle","first":"Carmela","last":"Michel"},"location":{"street":{"number":3472,"name":"Avenue des Ternes"},"city":"Unterentfelden","state":"Thurgau","country":"Switzerland","postcode":4166,"coordinates":{"latitude":"-62.8805","longitude":"4.7462"},"timezone":{"offset":"-3:00","description":"Brazil, Buenos Aires, Georgetown"}},"email":"carmela.michel@example.com","login":{"uuid":"2b6550eb-c5b4-496a-a248-13ebf4563c1c","username":"orangecat288","password":"dome","salt":"wRqMzM6k","md5":"c864dc061b4deade04a3cf42447f4d02","sha1":"02adf331c5b0db4897a9c08c360348aeccfe4a4f","sha256":"fd07f45aa87ecbff2f889a0a23aed5468d263fac3648c5bcc6a84eefc05f4e6e"},"dob":{"date":"1997-08-02T03:03:03.090Z","age":26},"registered":{"date":"2016-06-26T05:43:27.624Z","age":7},"phone":"077 181 78 21","cell":"079 169 15 13","id":{"name":"AVS","value":"756.3173.4748.63"},"picture":{"large":"https://randomuser.me/api/portraits/women/93.jpg","medium":"https://randomuser.me/api/portraits/med/women/93.jpg","thumbnail":"https://randomuser.me/api/portraits/thumb/women/93.jpg"},"nat":"CH"}],"info":{"seed":"07ef090042d25a32","results":1,"page":1,"version":"1.4"}} 
 </msg>
<msg time="2024-06-20T04:17:04.154058" level="INFO">/opt/hostedtoolcache/Python/3.12.4/x64/lib/python3.12/site-packages/urllib3/connectionpool.py:1099: InsecureRequestWarning: Unverified HTTPS request is being made to host 'randomuser.me'. Adding certificate verification is strongly advised. See: https://urllib3.readthedocs.io/en/latest/advanced-usage.html#tls-warnings
  warnings.warn(</msg>
<msg time="2024-06-20T04:17:04.154200" level="INFO">${response} = &lt;Response [200]&gt;</msg>
<var>${response}</var>
<arg>consultarAPI</arg>
<arg>/api</arg>
<doc>Sends a GET request on a previously created HTTP Session.</doc>
<status status="PASS" start="2024-06-20T04:17:03.704603" elapsed="0.449637"/>
</kw>
<kw name="Set Variable" owner="BuiltIn">
<msg time="2024-06-20T04:17:04.155323" level="INFO">${json_data} = {'results': [{'gender': 'female', 'name': {'title': 'Mademoiselle', 'first': 'Carmela', 'last': 'Michel'}, 'location': {'street': {'number': 3472, 'name': 'Avenue des Ternes'}, 'city': 'Unterentfelden...</msg>
<var>${json_data}</var>
<arg>${response.json()}</arg>
<doc>Returns the given values which can then be assigned to a variables.</doc>
<status status="PASS" start="2024-06-20T04:17:04.154793" elapsed="0.000560"/>
</kw>
<kw name="Log" owner="BuiltIn">
<msg time="2024-06-20T04:17:04.155820" level="INFO">{'results': [{'gender': 'female', 'name': {'title': 'Mademoiselle', 'first': 'Carmela', 'last': 'Michel'}, 'location': {'street': {'number': 3472, 'name': 'Avenue des Ternes'}, 'city': 'Unterentfelden', 'state': 'Thurgau', 'country': 'Switzerland', 'postcode': 4166, 'coordinates': {'latitude': '-62.8805', 'longitude': '4.7462'}, 'timezone': {'offset': '-3:00', 'description': 'Brazil, Buenos Aires, Georgetown'}}, 'email': 'carmela.michel@example.com', 'login': {'uuid': '2b6550eb-c5b4-496a-a248-13ebf4563c1c', 'username': 'orangecat288', 'password': 'dome', 'salt': 'wRqMzM6k', 'md5': 'c864dc061b4deade04a3cf42447f4d02', 'sha1': '02adf331c5b0db4897a9c08c360348aeccfe4a4f', 'sha256': 'fd07f45aa87ecbff2f889a0a23aed5468d263fac3648c5bcc6a84eefc05f4e6e'}, 'dob': {'date': '1997-08-02T03:03:03.090Z', 'age': 26}, 'registered': {'date': '2016-06-26T05:43:27.624Z', 'age': 7}, 'phone': '077 181 78 21', 'cell': '079 169 15 13', 'id': {'name': 'AVS', 'value': '756.3173.4748.63'}, 'picture': {'large': 'https://randomuser.me/api/portraits/women/93.jpg', 'medium': 'https://randomuser.me/api/portraits/med/women/93.jpg', 'thumbnail': 'https://randomuser.me/api/portraits/thumb/women/93.jpg'}, 'nat': 'CH'}], 'info': {'seed': '07ef090042d25a32', 'results': 1, 'page': 1, 'version': '1.4'}}</msg>
<arg>${json_data}</arg>
<doc>Logs the given message with the given level.</doc>
<status status="PASS" start="2024-06-20T04:17:04.155663" elapsed="0.000204"/>
</kw>
<kw name="Should Be String" owner="String">
<arg>${json_data['results'][0]['gender']}</arg>
<doc>Fails if the given ``item`` is not a string.</doc>
<status status="PASS" start="2024-06-20T04:17:04.156160" elapsed="0.000406"/>
</kw>
<kw name="Should Match Regexp" owner="BuiltIn">
<arg>${json_data['results'][0]['email']}</arg>
<arg>^[a-zA-Z0-9._%+-]+@[a-zA-Z0-9.-]+\.[a-zA-Z]{2,}$</arg>
<doc>Fails if ``string`` does not match ``pattern`` as a regular expression.</doc>
<status status="PASS" start="2024-06-20T04:17:04.156808" elapsed="0.000535"/>
</kw>
<kw name="Should Match Regexp" owner="BuiltIn">
<arg>${json_data['results'][0]['dob']['date']}</arg>
<arg>\\d{4}-\\d{2}-\\d{2}T\\d{2}:\\d{2}:\\d{2}\\.\\d{3}Z</arg>
<doc>Fails if ``string`` does not match ``pattern`` as a regular expression.</doc>
<status status="PASS" start="2024-06-20T04:17:04.157539" elapsed="0.000495"/>
</kw>
<kw name="Should Match Regexp" owner="BuiltIn">
<arg>${json_data['results'][0]['registered']['date']}</arg>
<arg>\\d{4}-\\d{2}-\\d{2}T\\d{2}:\\d{2}:\\d{2}\\.\\d{3}Z</arg>
<doc>Fails if ``string`` does not match ``pattern`` as a regular expression.</doc>
<status status="PASS" start="2024-06-20T04:17:04.158224" elapsed="0.000417"/>
</kw>
<kw name="Should Match Regexp" owner="BuiltIn">
<arg>${json_data['results'][0]['picture']['large']}</arg>
<arg>^https?://.*\.(?:png|jpe?g|gif|bmp)$</arg>
<doc>Fails if ``string`` does not match ``pattern`` as a regular expression.</doc>
<status status="PASS" start="2024-06-20T04:17:04.158832" elapsed="0.000480"/>
</kw>
<kw name="Should Match Regexp" owner="BuiltIn">
<arg>${json_data['results'][0]['picture']['medium']}</arg>
<arg>^https?://.*\.(?:png|jpe?g|gif|bmp)$</arg>
<doc>Fails if ``string`` does not match ``pattern`` as a regular expression.</doc>
<status status="PASS" start="2024-06-20T04:17:04.159501" elapsed="0.000372"/>
</kw>
<kw name="Should Match Regexp" owner="BuiltIn">
<arg>${json_data['results'][0]['picture']['thumbnail']}</arg>
<arg>^https?://.*\.(?:png|jpe?g|gif|bmp)$</arg>
<doc>Fails if ``string`` does not match ``pattern`` as a regular expression.</doc>
<status status="PASS" start="2024-06-20T04:17:04.160057" elapsed="0.000353"/>
</kw>
<kw name="Log" owner="BuiltIn">
<msg time="2024-06-20T04:17:04.160909" level="INFO">{'large': 'https://randomuser.me/api/portraits/women/93.jpg', 'medium': 'https://randomuser.me/api/portraits/med/women/93.jpg', 'thumbnail': 'https://randomuser.me/api/portraits/thumb/women/93.jpg'}</msg>
<arg>${json_data['results'][0]['picture']}</arg>
<doc>Logs the given message with the given level.</doc>
<status status="PASS" start="2024-06-20T04:17:04.160590" elapsed="0.000360"/>
</kw>
<status status="PASS" start="2024-06-20T04:17:03.704378" elapsed="0.456835"/>
</kw>
<kw name="Teste de Tipos de Dados - Postcode" owner="random-user-service">
<kw name="GET On Session" owner="RequestsLibrary">
<msg time="2024-06-20T04:17:04.599860" level="INFO">GET Request : url=https://randomuser.me/api 
 path_url=/api 
 headers={'User-Agent': 'python-requests/2.32.3', 'Accept-Encoding': 'gzip, deflate', 'Accept': '*/*', 'Connection': 'keep-alive'} 
 body=None 
 </msg>
<msg time="2024-06-20T04:17:04.599972" level="INFO">GET Response : url=https://randomuser.me/api 
 status=200, reason=OK 
 headers={'Date': 'Thu, 20 Jun 2024 04:17:04 GMT', 'Content-Type': 'application/json; charset=utf-8', 'Transfer-Encoding': 'chunked', 'Connection': 'keep-alive', 'X-Powered-By': 'Express', 'Access-Control-Allow-Origin': '*', 'Cache-Control': 'no-cache', 'ETag': 'W/"46c-em4AAesj7LWgGkRD+0nS2T3kUug"', 'Vary': 'Accept-Encoding', 'Content-Encoding': 'gzip', 'CF-Cache-Status': 'DYNAMIC', 'Report-To': '{"endpoints":[{"url":"https:\\/\\/a.nel.cloudflare.com\\/report\\/v4?s=qt1e177zy1C2eq%2FTraXCxbb%2BPsS%2FV518N4USegM2NyWLw9EfBqLc143QScqa946XHR0PlLJ6DbJblLxbhrew%2FSPPV3jBVxYVQDN16EyzHfbKK0FPdRY%2FVENx2I4H1y7c"}],"group":"cf-nel","max_age":604800}', 'NEL': '{"success_fraction":0,"report_to":"cf-nel","max_age":604800}', 'Server': 'cloudflare', 'CF-RAY': '8968f2710ad986d2-ORD', 'alt-svc': 'h3=":443"; ma=86400'} 
 body={"results":[{"gender":"female","name":{"title":"Miss","first":"Ülkü","last":"Bayındır"},"location":{"street":{"number":1163,"name":"Atatürk Sk"},"city":"Van","state":"Burdur","country":"Turkey","postcode":89276,"coordinates":{"latitude":"67.2100","longitude":"92.4860"},"timezone":{"offset":"+4:30","description":"Kabul"}},"email":"ulku.bayindir@example.com","login":{"uuid":"e32a10c2-e6b3-4381-8b2d-36918fbf1778","username":"ticklishduck467","password":"bigmike","salt":"xSnmIfHS","md5":"6868bd7bca24f5620ee48fc156368245","sha1":"23cd3b1fe358bd8b57184c498346be4432147d23","sha256":"258a5ff3f4fdb2280deab32648c7f012f2ce9382e62203173070d33ddae3e86d"},"dob":{"date":"1977-08-04T07:44:18.601Z","age":46},"registered":{"date":"2003-12-23T08:38:50.455Z","age":20},"phone":"(979)-044-5373","cell":"(567)-079-1529","id":{"name":"","value":null},"picture":{"large":"https://randomuser.me/api/portraits/women/48.jpg","medium":"https://randomuser.me/api/portraits/med/women/48.jpg","thumbnail":"https://randomuser.me/api/portraits/thumb/women/48.jpg"},"nat":"TR"}],"info":{"seed":"c749bce2d02e822a","results":1,"page":1,"version":"1.4"}} 
 </msg>
<msg time="2024-06-20T04:17:04.600054" level="INFO">/opt/hostedtoolcache/Python/3.12.4/x64/lib/python3.12/site-packages/urllib3/connectionpool.py:1099: InsecureRequestWarning: Unverified HTTPS request is being made to host 'randomuser.me'. Adding certificate verification is strongly advised. See: https://urllib3.readthedocs.io/en/latest/advanced-usage.html#tls-warnings
  warnings.warn(</msg>
<msg time="2024-06-20T04:17:04.600212" level="INFO">${response} = &lt;Response [200]&gt;</msg>
<var>${response}</var>
<arg>consultarAPI</arg>
<arg>/api</arg>
<doc>Sends a GET request on a previously created HTTP Session.</doc>
<status status="PASS" start="2024-06-20T04:17:04.161672" elapsed="0.438594"/>
</kw>
<kw name="Set Variable" owner="BuiltIn">
<msg time="2024-06-20T04:17:04.601326" level="INFO">${json_data} = {'results': [{'gender': 'female', 'name': {'title': 'Miss', 'first': 'Ülkü', 'last': 'Bayındır'}, 'location': {'street': {'number': 1163, 'name': 'Atatürk Sk'}, 'city': 'Van', 'state': 'Burdur', 'coun...</msg>
<var>${json_data}</var>
<arg>${response.json()}</arg>
<doc>Returns the given values which can then be assigned to a variables.</doc>
<status status="PASS" start="2024-06-20T04:17:04.600798" elapsed="0.000558"/>
</kw>
<kw name="Log" owner="BuiltIn">
<msg time="2024-06-20T04:17:04.601825" level="INFO">{'results': [{'gender': 'female', 'name': {'title': 'Miss', 'first': 'Ülkü', 'last': 'Bayındır'}, 'location': {'street': {'number': 1163, 'name': 'Atatürk Sk'}, 'city': 'Van', 'state': 'Burdur', 'country': 'Turkey', 'postcode': 89276, 'coordinates': {'latitude': '67.2100', 'longitude': '92.4860'}, 'timezone': {'offset': '+4:30', 'description': 'Kabul'}}, 'email': 'ulku.bayindir@example.com', 'login': {'uuid': 'e32a10c2-e6b3-4381-8b2d-36918fbf1778', 'username': 'ticklishduck467', 'password': 'bigmike', 'salt': 'xSnmIfHS', 'md5': '6868bd7bca24f5620ee48fc156368245', 'sha1': '23cd3b1fe358bd8b57184c498346be4432147d23', 'sha256': '258a5ff3f4fdb2280deab32648c7f012f2ce9382e62203173070d33ddae3e86d'}, 'dob': {'date': '1977-08-04T07:44:18.601Z', 'age': 46}, 'registered': {'date': '2003-12-23T08:38:50.455Z', 'age': 20}, 'phone': '(979)-044-5373', 'cell': '(567)-079-1529', 'id': {'name': '', 'value': None}, 'picture': {'large': 'https://randomuser.me/api/portraits/women/48.jpg', 'medium': 'https://randomuser.me/api/portraits/med/women/48.jpg', 'thumbnail': 'https://randomuser.me/api/portraits/thumb/women/48.jpg'}, 'nat': 'TR'}], 'info': {'seed': 'c749bce2d02e822a', 'results': 1, 'page': 1, 'version': '1.4'}}</msg>
<arg>${json_data}</arg>
<doc>Logs the given message with the given level.</doc>
<status status="PASS" start="2024-06-20T04:17:04.601660" elapsed="0.000214"/>
</kw>
<kw name="Should Be Equal As Numbers" owner="BuiltIn">
<arg>${json_data['results'][0]['location']['postcode']}</arg>
<arg>${json_data['results'][0]['location']['postcode']}</arg>
<doc>Fails if objects are unequal after converting them to real numbers.</doc>
<status status="PASS" start="2024-06-20T04:17:04.602174" elapsed="0.000691"/>
</kw>
<kw name="Log" owner="BuiltIn">
<msg time="2024-06-20T04:17:04.603422" level="INFO">89276</msg>
<arg>${json_data['results'][0]['location']['postcode']}</arg>
<doc>Logs the given message with the given level.</doc>
<status status="PASS" start="2024-06-20T04:17:04.603086" elapsed="0.000377"/>
</kw>
<status status="PASS" start="2024-06-20T04:17:04.161445" elapsed="0.442273"/>
</kw>
<doc>Testa se os tipos de dados na resposta da API estão corretos.</doc>
<tag>testeTiposDados</tag>
<status status="PASS" start="2024-06-20T04:17:03.703821" elapsed="0.900066"/>
</test>
<test id="s1-s1-t5" name="Validar conteudo" line="35">
<kw name="Teste de Tipos de Conteudo" owner="random-user-service">
<kw name="GET On Session" owner="RequestsLibrary">
<msg time="2024-06-20T04:17:05.111061" level="INFO">GET Request : url=https://randomuser.me/api 
 path_url=/api 
 headers={'User-Agent': 'python-requests/2.32.3', 'Accept-Encoding': 'gzip, deflate', 'Accept': '*/*', 'Connection': 'keep-alive'} 
 body=None 
 </msg>
<msg time="2024-06-20T04:17:05.111171" level="INFO">GET Response : url=https://randomuser.me/api 
 status=200, reason=OK 
 headers={'Date': 'Thu, 20 Jun 2024 04:17:05 GMT', 'Content-Type': 'application/json; charset=utf-8', 'Transfer-Encoding': 'chunked', 'Connection': 'keep-alive', 'X-Powered-By': 'Express', 'Access-Control-Allow-Origin': '*', 'Cache-Control': 'no-cache', 'ETag': 'W/"48b-vlx1z37lG9IxGcLSjW5F9Wa+urU"', 'Vary': 'Accept-Encoding', 'Content-Encoding': 'gzip', 'CF-Cache-Status': 'DYNAMIC', 'Report-To': '{"endpoints":[{"url":"https:\\/\\/a.nel.cloudflare.com\\/report\\/v4?s=Oq89fS2SsFFUWDo0tgDNAVm4pPJmMJ8Snx1Nnqf7ipHwoD46lVousWKZCD7ULgY8PK0R1MjExwpdAqMPnc4s9mHY4oJ1T%2FDWQi94IWE8B2geJ%2F7tiVmFPxToZmbhlE4E"}],"group":"cf-nel","max_age":604800}', 'NEL': '{"success_fraction":0,"report_to":"cf-nel","max_age":604800}', 'Server': 'cloudflare', 'CF-RAY': '8968f273cecb86d2-ORD', 'alt-svc': 'h3=":443"; ma=86400'} 
 body={"results":[{"gender":"male","name":{"title":"Mr","first":"Lothar","last":"Diederich"},"location":{"street":{"number":4508,"name":"Fasanenweg"},"city":"Bad Elster","state":"Bremen","country":"Germany","postcode":41910,"coordinates":{"latitude":"-47.4388","longitude":"-175.9466"},"timezone":{"offset":"-11:00","description":"Midway Island, Samoa"}},"email":"lothar.diederich@example.com","login":{"uuid":"a2074045-13c4-4ab0-88fa-e443a62966da","username":"yellowmouse908","password":"lalalala","salt":"hpWsQTaq","md5":"b730553053f24a4af2c057823262baca","sha1":"ee3a25374287edd2a821edec3796584489b552b6","sha256":"0bad2226fc434471b0eb416079f3c6beaee0d80af94f807f49ee02d4d5bd10ae"},"dob":{"date":"1959-11-23T00:12:20.073Z","age":64},"registered":{"date":"2007-06-14T00:34:46.089Z","age":17},"phone":"0641-5448672","cell":"0172-4639652","id":{"name":"SVNR","value":"80 221159 D 154"},"picture":{"large":"https://randomuser.me/api/portraits/men/21.jpg","medium":"https://randomuser.me/api/portraits/med/men/21.jpg","thumbnail":"https://randomuser.me/api/portraits/thumb/men/21.jpg"},"nat":"DE"}],"info":{"seed":"f856a36c337c4aed","results":1,"page":1,"version":"1.4"}} 
 </msg>
<msg time="2024-06-20T04:17:05.111269" level="INFO">/opt/hostedtoolcache/Python/3.12.4/x64/lib/python3.12/site-packages/urllib3/connectionpool.py:1099: InsecureRequestWarning: Unverified HTTPS request is being made to host 'randomuser.me'. Adding certificate verification is strongly advised. See: https://urllib3.readthedocs.io/en/latest/advanced-usage.html#tls-warnings
  warnings.warn(</msg>
<msg time="2024-06-20T04:17:05.111434" level="INFO">${response} = &lt;Response [200]&gt;</msg>
<var>${response}</var>
<arg>consultarAPI</arg>
<arg>/api</arg>
<doc>Sends a GET request on a previously created HTTP Session.</doc>
<status status="PASS" start="2024-06-20T04:17:04.607019" elapsed="0.504464"/>
</kw>
<kw name="Set Variable" owner="BuiltIn">
<msg time="2024-06-20T04:17:05.112488" level="INFO">${json_data} = {'results': [{'gender': 'male', 'name': {'title': 'Mr', 'first': 'Lothar', 'last': 'Diederich'}, 'location': {'street': {'number': 4508, 'name': 'Fasanenweg'}, 'city': 'Bad Elster', 'state': 'Bremen',...</msg>
<var>${json_data}</var>
<arg>${response.json()}</arg>
<doc>Returns the given values which can then be assigned to a variables.</doc>
<status status="PASS" start="2024-06-20T04:17:05.111988" elapsed="0.000530"/>
</kw>
<kw name="Set Variable" owner="BuiltIn">
<msg time="2024-06-20T04:17:05.113191" level="INFO">${name_title} = Mr</msg>
<var>${name_title}</var>
<arg>${json_data["results"][0]["name"]["title"]}</arg>
<doc>Returns the given values which can then be assigned to a variables.</doc>
<status status="PASS" start="2024-06-20T04:17:05.112815" elapsed="0.000401"/>
</kw>
<kw name="Create List" owner="BuiltIn">
<msg time="2024-06-20T04:17:05.113656" level="INFO">${allowed_titles} = ['Mr', 'Ms', 'Miss', 'Mrs', 'Madame', 'Monsieur']</msg>
<var>${allowed_titles}</var>
<arg>Mr</arg>
<arg>Ms</arg>
<arg>Miss</arg>
<arg>Mrs</arg>
<arg>Madame</arg>
<arg>Monsieur</arg>
<doc>Returns a list containing given items.</doc>
<status status="PASS" start="2024-06-20T04:17:05.113509" elapsed="0.000171"/>
</kw>
<kw name="List Should Contain Value" owner="Collections">
<arg>${allowed_titles}</arg>
<arg>${name_title}</arg>
<doc>Fails if the ``value`` is not found from ``list``.</doc>
<status status="PASS" start="2024-06-20T04:17:05.113973" elapsed="0.000174"/>
</kw>
<kw name="Set Variable" owner="BuiltIn">
<msg time="2024-06-20T04:17:05.114714" level="INFO">${name_country} = DE</msg>
<var>${name_country}</var>
<arg>${json_data["results"][0]["nat"]}</arg>
<doc>Returns the given values which can then be assigned to a variables.</doc>
<status status="PASS" start="2024-06-20T04:17:05.114321" elapsed="0.000418"/>
</kw>
<kw name="Create List" owner="BuiltIn">
<msg time="2024-06-20T04:17:05.115621" level="INFO">${list_country} = ['AD', 'AE', 'AF', 'AG', 'AI', 'AL', 'AM', 'AO', 'AQ', 'AR', 'AS', 'AT', 'AU', 'AW', 'AX', 'AZ', 'BA', 'BB', 'BD', 'BE', 'BF', 'BG', 'BH', 'BI', 'BJ', 'BL', 'BM', 'BN', 'BO', 'BQ', 'BR', 'BS', 'BT', '...</msg>
<var>${list_country}</var>
<arg>AD</arg>
<arg>AE</arg>
<arg>AF</arg>
<arg>AG</arg>
<arg>AI</arg>
<arg>AL</arg>
<arg>AM</arg>
<arg>AO</arg>
<arg>AQ</arg>
<arg>AR</arg>
<arg>AS</arg>
<arg>AT</arg>
<arg>AU</arg>
<arg>AW</arg>
<arg>AX</arg>
<arg>AZ</arg>
<arg>BA</arg>
<arg>BB</arg>
<arg>BD</arg>
<arg>BE</arg>
<arg>BF</arg>
<arg>BG</arg>
<arg>BH</arg>
<arg>BI</arg>
<arg>BJ</arg>
<arg>BL</arg>
<arg>BM</arg>
<arg>BN</arg>
<arg>BO</arg>
<arg>BQ</arg>
<arg>BR</arg>
<arg>BS</arg>
<arg>BT</arg>
<arg>BV</arg>
<arg>BW</arg>
<arg>BY</arg>
<arg>BZ</arg>
<arg>CA</arg>
<arg>CC</arg>
<arg>CD</arg>
<arg>CF</arg>
<arg>CG</arg>
<arg>CH</arg>
<arg>CI</arg>
<arg>CK</arg>
<arg>CL</arg>
<arg>CM</arg>
<arg>CN</arg>
<arg>CO</arg>
<arg>CR</arg>
<arg>CU</arg>
<arg>CV</arg>
<arg>CW</arg>
<arg>CX</arg>
<arg>CY</arg>
<arg>CZ</arg>
<arg>DE</arg>
<arg>DJ</arg>
<arg>DK</arg>
<arg>DM</arg>
<arg>DO</arg>
<arg>DZ</arg>
<arg>EC</arg>
<arg>EE</arg>
<arg>EG</arg>
<arg>EH</arg>
<arg>ER</arg>
<arg>ES</arg>
<arg>ET</arg>
<arg>FI</arg>
<arg>FJ</arg>
<arg>FK</arg>
<arg>FM</arg>
<arg>FO</arg>
<arg>FR</arg>
<arg>GA</arg>
<arg>GB</arg>
<arg>GD</arg>
<arg>GE</arg>
<arg>GF</arg>
<arg>GG</arg>
<arg>GH</arg>
<arg>GI</arg>
<arg>GL</arg>
<arg>GM</arg>
<arg>GN</arg>
<arg>GP</arg>
<arg>GQ</arg>
<arg>GR</arg>
<arg>GS</arg>
<arg>GT</arg>
<arg>GU</arg>
<arg>GW</arg>
<arg>GY</arg>
<arg>HK</arg>
<arg>HM</arg>
<arg>HN</arg>
<arg>HR</arg>
<arg>HT</arg>
<arg>HU</arg>
<arg>ID</arg>
<arg>IE</arg>
<arg>IL</arg>
<arg>IM</arg>
<arg>IN</arg>
<arg>IO</arg>
<arg>IQ</arg>
<arg>IR</arg>
<arg>IS</arg>
<arg>IT</arg>
<arg>JE</arg>
<arg>JM</arg>
<arg>JO</arg>
<arg>JP</arg>
<arg>KE</arg>
<arg>KG</arg>
<arg>KH</arg>
<arg>KI</arg>
<arg>KM</arg>
<arg>KN</arg>
<arg>KP</arg>
<arg>KR</arg>
<arg>KW</arg>
<arg>KY</arg>
<arg>KZ</arg>
<arg>LA</arg>
<arg>LB</arg>
<arg>LC</arg>
<arg>LI</arg>
<arg>LK</arg>
<arg>LR</arg>
<arg>LS</arg>
<arg>LT</arg>
<arg>LU</arg>
<arg>LV</arg>
<arg>LY</arg>
<arg>MA</arg>
<arg>MC</arg>
<arg>MD</arg>
<arg>ME</arg>
<arg>MF</arg>
<arg>MG</arg>
<arg>MH</arg>
<arg>MK</arg>
<arg>ML</arg>
<arg>MM</arg>
<arg>MN</arg>
<arg>MO</arg>
<arg>MP</arg>
<arg>MQ</arg>
<arg>MR</arg>
<arg>MS</arg>
<arg>MT</arg>
<arg>MU</arg>
<arg>MV</arg>
<arg>MW</arg>
<arg>MX</arg>
<arg>MY</arg>
<arg>MZ</arg>
<arg>NA</arg>
<arg>NC</arg>
<arg>NE</arg>
<arg>NF</arg>
<arg>NG</arg>
<arg>NI</arg>
<arg>NL</arg>
<arg>NO</arg>
<arg>NP</arg>
<arg>NR</arg>
<arg>NU</arg>
<arg>NZ</arg>
<arg>OM</arg>
<arg>PA</arg>
<arg>PE</arg>
<arg>PF</arg>
<arg>PG</arg>
<arg>PH</arg>
<arg>PK</arg>
<arg>PL</arg>
<arg>PM</arg>
<arg>PN</arg>
<arg>PR</arg>
<arg>PS</arg>
<arg>PT</arg>
<arg>PW</arg>
<arg>PY</arg>
<arg>QA</arg>
<arg>RE</arg>
<arg>RO</arg>
<arg>RS</arg>
<arg>RU</arg>
<arg>RW</arg>
<arg>SA</arg>
<arg>SB</arg>
<arg>SC</arg>
<arg>SD</arg>
<arg>SE</arg>
<arg>SG</arg>
<arg>SH</arg>
<arg>SI</arg>
<arg>SJ</arg>
<arg>SK</arg>
<arg>SL</arg>
<arg>SM</arg>
<arg>SN</arg>
<arg>SO</arg>
<arg>SR</arg>
<arg>SS</arg>
<arg>ST</arg>
<arg>SV</arg>
<arg>SX</arg>
<arg>SY</arg>
<arg>SZ</arg>
<arg>TC</arg>
<arg>TD</arg>
<arg>TF</arg>
<arg>TG</arg>
<arg>TH</arg>
<arg>TJ</arg>
<arg>TK</arg>
<arg>TL</arg>
<arg>TM</arg>
<arg>TN</arg>
<arg>TO</arg>
<arg>TR</arg>
<arg>TT</arg>
<arg>TV</arg>
<arg>TW</arg>
<arg>TZ</arg>
<arg>UA</arg>
<arg>UG</arg>
<arg>UM</arg>
<arg>US</arg>
<arg>UY</arg>
<arg>UZ</arg>
<arg>VA</arg>
<arg>VC</arg>
<arg>VE</arg>
<arg>VG</arg>
<arg>VI</arg>
<arg>VN</arg>
<arg>VU</arg>
<arg>WF</arg>
<arg>WS</arg>
<arg>XK</arg>
<arg>YE</arg>
<arg>YT</arg>
<arg>ZA</arg>
<arg>ZM</arg>
<arg>ZW</arg>
<doc>Returns a list containing given items.</doc>
<status status="PASS" start="2024-06-20T04:17:05.115022" elapsed="0.000624"/>
</kw>
<kw name="List Should Contain Value" owner="Collections">
<arg>${list_country}</arg>
<arg>${name_country}</arg>
<doc>Fails if the ``value`` is not found from ``list``.</doc>
<status status="PASS" start="2024-06-20T04:17:05.116432" elapsed="0.000200"/>
</kw>
<kw name="Run Keyword If" owner="BuiltIn">
<kw name="Should Be True" owner="BuiltIn">
<arg>${True}</arg>
<doc>Fails if the given condition is not true.</doc>
<status status="PASS" start="2024-06-20T04:17:05.117552" elapsed="0.000140"/>
</kw>
<arg>${json_data["results"][0]["location"]["coordinates"]["latitude"]} &gt;= -90 and ${json_data["results"][0]["location"]["coordinates"]["latitude"]} &lt;= 90</arg>
<arg>Should Be True</arg>
<arg>${True}</arg>
<doc>Runs the given keyword with the given arguments, if ``condition`` is true.</doc>
<status status="PASS" start="2024-06-20T04:17:05.116825" elapsed="0.000992"/>
</kw>
<kw name="Run Keyword If" owner="BuiltIn">
<kw name="Should Be True" owner="BuiltIn">
<arg>${True}</arg>
<doc>Fails if the given condition is not true.</doc>
<status status="PASS" start="2024-06-20T04:17:05.118716" elapsed="0.000137"/>
</kw>
<arg>${json_data["results"][0]["location"]["coordinates"]["longitude"]} &gt;= -180 and ${json_data["results"][0]["location"]["coordinates"]["longitude"]} &lt;= 180</arg>
<arg>Should Be True</arg>
<arg>${True}</arg>
<doc>Runs the given keyword with the given arguments, if ``condition`` is true.</doc>
<status status="PASS" start="2024-06-20T04:17:05.117994" elapsed="0.000979"/>
</kw>
<status status="PASS" start="2024-06-20T04:17:04.606363" elapsed="0.512740"/>
</kw>
<doc>Testa o conteúdo específico dos campos retornados pela API.</doc>
<tag>testeConteudo</tag>
<status status="PASS" start="2024-06-20T04:17:04.605679" elapsed="0.513577"/>
</test>
<status status="PASS" start="2024-06-20T04:17:02.260586" elapsed="2.860591"/>
</suite>
<status status="PASS" start="2024-06-20T04:17:02.246190" elapsed="2.880170"/>
</suite>
<statistics>
<total>
<stat pass="5" fail="0" skip="0">All Tests</stat>
</total>
<tag>
<stat pass="1" fail="0" skip="0">testeConteudo</stat>
<stat pass="1" fail="0" skip="0">testeEstruturaResposta</stat>
<stat pass="1" fail="0" skip="0">testeRequisicaoBasica</stat>
<stat pass="1" fail="0" skip="0">testeTiposDados</stat>
</tag>
<suite>
<stat pass="5" fail="0" skip="0" id="s1" name="Tests">Tests</stat>
<stat pass="5" fail="0" skip="0" id="s1-s1" name="Random-User-Test">Tests.Random-User-Test</stat>
</suite>
</statistics>
<errors>
</errors>
</robot>
