<?xml version="1.0" encoding="UTF-8"?>
<robot generator="Robot 7.0 (Python 3.12.3 on linux)" generated="2024-05-28T15:14:42.818759" rpa="false" schemaversion="5">
<suite id="s1" name="Tests" source="/home/runner/work/ApiRandomUser/ApiRandomUser/RamdonUser/tests">
<suite id="s1-s1" name="Random-User-Test" source="/home/runner/work/ApiRandomUser/ApiRandomUser/RamdonUser/tests/random-user-test.robot">
<test id="s1-s1-t1" name="Conectar" line="13">
<kw name="Conectar API" owner="random-user-service">
<kw name="Create Session" owner="RequestsLibrary">
<msg time="2024-05-28T15:14:43.203163" level="INFO">Creating Session using : alias=consultarAPI, url=https://randomuser.me/, headers={},                     cookies={}, auth=None, timeout=None, proxies=None, verify=False,                     debug=0 </msg>
<arg>consultarAPI</arg>
<arg>${URL}</arg>
<doc>Create Session: create a HTTP session to a server</doc>
<status status="PASS" start="2024-05-28T15:14:43.202958" elapsed="0.000383"/>
</kw>
<status status="PASS" start="2024-05-28T15:14:43.201916" elapsed="0.001789"/>
</kw>
<status status="PASS" start="2024-05-28T15:14:43.201376" elapsed="0.002524"/>
</test>
<test id="s1-s1-t2" name="Validar retorno 200 e JSON Válido" line="16">
<kw name="Teste de Requisicao Basica" owner="random-user-service">
<kw name="GET On Session" owner="RequestsLibrary">
<msg time="2024-05-28T15:14:43.438882" level="INFO">GET Request : url=https://randomuser.me/api 
 path_url=/api 
 headers={'User-Agent': 'python-requests/2.32.2', 'Accept-Encoding': 'gzip, deflate', 'Accept': '*/*', 'Connection': 'keep-alive'} 
 body=None 
 </msg>
<msg time="2024-05-28T15:14:43.439033" level="INFO">GET Response : url=https://randomuser.me/api 
 status=200, reason=OK 
 headers={'Date': 'Tue, 28 May 2024 15:14:43 GMT', 'Content-Type': 'application/json; charset=utf-8', 'Transfer-Encoding': 'chunked', 'Connection': 'keep-alive', 'X-Powered-By': 'Express', 'Access-Control-Allow-Origin': '*', 'Cache-Control': 'no-cache', 'ETag': 'W/"49c-9vzkcNpaywIoDDutFlf8u1dghnI"', 'Vary': 'Accept-Encoding', 'Content-Encoding': 'gzip', 'CF-Cache-Status': 'DYNAMIC', 'Report-To': '{"endpoints":[{"url":"https:\\/\\/a.nel.cloudflare.com\\/report\\/v4?s=kAe0KgnoiA%2Ft3PTQFGylnflY%2FLF%2BsqFTsnQhSpSKh2vOS3qECoGpaZe5dj5nIvUUrEHvGjYSREMW5CtBhdPxc8eMPUEvcwaIxbuHWqOeKIYrds8iU%2F7QkqsisTwWAwvg"}],"group":"cf-nel","max_age":604800}', 'NEL': '{"success_fraction":0,"report_to":"cf-nel","max_age":604800}', 'Server': 'cloudflare', 'CF-RAY': '88af322d0b9a3b3c-IAD', 'alt-svc': 'h3=":443"; ma=86400'} 
 body={"results":[{"gender":"male","name":{"title":"Mr","first":"Roger","last":"Rose"},"location":{"street":{"number":8465,"name":"Dogwood Ave"},"city":"Warrnambool","state":"South Australia","country":"Australia","postcode":9911,"coordinates":{"latitude":"-85.0318","longitude":"-72.3504"},"timezone":{"offset":"0:00","description":"Western Europe Time, London, Lisbon, Casablanca"}},"email":"roger.rose@example.com","login":{"uuid":"dc7d2f8c-9251-4bd2-ac67-164e4e0a9426","username":"happyladybug207","password":"shooter","salt":"LiugSYlx","md5":"2eb56b34468bf9a776c43fdcf6968650","sha1":"9baf22c620a6e39dd9683469b37d04117e217a94","sha256":"f08cf83e385ad8e273b284b1508435576276dfb05a56c9e48d8cca39491b7566"},"dob":{"date":"1968-12-09T13:30:58.912Z","age":55},"registered":{"date":"2007-06-11T00:01:39.460Z","age":16},"phone":"03-9066-2144","cell":"0490-048-339","id":{"name":"TFN","value":"246531779"},"picture":{"large":"https://randomuser.me/api/portraits/men/93.jpg","medium":"https://randomuser.me/api/portraits/med/men/93.jpg","thumbnail":"https://randomuser.me/api/portraits/thumb/men/93.jpg"},"nat":"AU"}],"info":{"seed":"f1cef7aebf2c39a7","results":1,"page":1,"version":"1.4"}} 
 </msg>
<msg time="2024-05-28T15:14:43.439137" level="INFO">/opt/hostedtoolcache/Python/3.12.3/x64/lib/python3.12/site-packages/urllib3/connectionpool.py:1103: InsecureRequestWarning: Unverified HTTPS request is being made to host 'randomuser.me'. Adding certificate verification is strongly advised. See: https://urllib3.readthedocs.io/en/latest/advanced-usage.html#tls-warnings
  warnings.warn(</msg>
<msg time="2024-05-28T15:14:43.439279" level="INFO">${response} = &lt;Response [200]&gt;</msg>
<var>${response}</var>
<arg>consultarAPI</arg>
<arg>/api</arg>
<doc>Sends a GET request on a previously created HTTP Session.</doc>
<status status="PASS" start="2024-05-28T15:14:43.206513" elapsed="0.232811"/>
</kw>
<kw name="Should Be Equal As Numbers" owner="BuiltIn">
<msg time="2024-05-28T15:14:43.440223" level="INFO">Argument types are:
&lt;class 'int'&gt;
&lt;class 'str'&gt;</msg>
<arg>${response.status_code}</arg>
<arg>200</arg>
<doc>Fails if objects are unequal after converting them to real numbers.</doc>
<status status="PASS" start="2024-05-28T15:14:43.439774" elapsed="0.000514"/>
</kw>
<kw name="Log" owner="BuiltIn">
<msg time="2024-05-28T15:14:43.441049" level="INFO">200</msg>
<arg>${response.status_code}</arg>
<doc>Logs the given message with the given level.</doc>
<status status="PASS" start="2024-05-28T15:14:43.440643" elapsed="0.000455"/>
</kw>
<kw name="Set Variable" owner="BuiltIn">
<msg time="2024-05-28T15:14:43.441853" level="INFO">${json_data} = {'results': [{'gender': 'male', 'name': {'title': 'Mr', 'first': 'Roger', 'last': 'Rose'}, 'location': {'street': {'number': 8465, 'name': 'Dogwood Ave'}, 'city': 'Warrnambool', 'state': 'South Austra...</msg>
<var>${json_data}</var>
<arg>${response.json()}</arg>
<doc>Returns the given values which can then be assigned to a variables.</doc>
<status status="PASS" start="2024-05-28T15:14:43.441410" elapsed="0.000470"/>
</kw>
<kw name="Dictionary Should Contain Key" owner="Collections">
<msg time="2024-05-28T15:14:43.442360" level="INFO">False</msg>
<arg>${json_data}</arg>
<arg>results</arg>
<doc>Fails if ``key`` is not found from ``dictionary``.</doc>
<status status="PASS" start="2024-05-28T15:14:43.442187" elapsed="0.000343"/>
</kw>
<status status="PASS" start="2024-05-28T15:14:43.206268" elapsed="0.236525"/>
</kw>
<doc>Testa se a API responde corretamente e retorna um objeto JSON válido.</doc>
<tag>testeRequisicaoBasica</tag>
<status status="PASS" start="2024-05-28T15:14:43.205837" elapsed="0.237131"/>
</test>
<test id="s1-s1-t3" name="Validar estrutura de resposta" line="22">
<kw name="Teste de Estrutura de Resposta" owner="random-user-service">
<kw name="GET On Session" owner="RequestsLibrary">
<msg time="2024-05-28T15:14:43.561409" level="INFO">GET Request : url=https://randomuser.me/api 
 path_url=/api 
 headers={'User-Agent': 'python-requests/2.32.2', 'Accept-Encoding': 'gzip, deflate', 'Accept': '*/*', 'Connection': 'keep-alive'} 
 body=None 
 </msg>
<msg time="2024-05-28T15:14:43.561498" level="INFO">GET Response : url=https://randomuser.me/api 
 status=200, reason=OK 
 headers={'Date': 'Tue, 28 May 2024 15:14:43 GMT', 'Content-Type': 'application/json; charset=utf-8', 'Transfer-Encoding': 'chunked', 'Connection': 'keep-alive', 'X-Powered-By': 'Express', 'Access-Control-Allow-Origin': '*', 'Cache-Control': 'no-cache', 'ETag': 'W/"486-CO/PmySj96/0KoAy4fgBlZipu/Q"', 'Vary': 'Accept-Encoding', 'Content-Encoding': 'gzip', 'CF-Cache-Status': 'DYNAMIC', 'Report-To': '{"endpoints":[{"url":"https:\\/\\/a.nel.cloudflare.com\\/report\\/v4?s=T%2FIXC1nOa4E4b%2FL1dEupODi4hNzaTpT5UD8uv3s%2BbsBzhC4Hx%2FmEB61YNY%2BYgFE%2F09%2FmZM%2BoG8A4g5PVZ2abJglYj4hCoA0ji2sEnAWTz16uY1Zj%2F5r4AFEq7VVfy4Ty"}],"group":"cf-nel","max_age":604800}', 'NEL': '{"success_fraction":0,"report_to":"cf-nel","max_age":604800}', 'Server': 'cloudflare', 'CF-RAY': '88af322d9c653b3c-IAD', 'alt-svc': 'h3=":443"; ma=86400'} 
 body={"results":[{"gender":"male","name":{"title":"Mr","first":"Ryan","last":"Brar"},"location":{"street":{"number":6071,"name":"Duke St"},"city":"Summerside","state":"Prince Edward Island","country":"Canada","postcode":"W3K 2Q2","coordinates":{"latitude":"-69.3259","longitude":"-150.0288"},"timezone":{"offset":"-1:00","description":"Azores, Cape Verde Islands"}},"email":"ryan.brar@example.com","login":{"uuid":"c1696db1-1632-4e13-a36e-c0a9c6347ae2","username":"happytiger813","password":"chessie","salt":"fznk5hlk","md5":"cc6c78a1d24e3904f9f93d3b321d802c","sha1":"e7d11ce94a71e920431e4ca453829d4e59730f06","sha256":"5e3a839db0fab4829b292b509dc1ed9ba23b8ffc3a3ef53da9d2d560d5d6024f"},"dob":{"date":"1947-03-11T08:50:41.061Z","age":77},"registered":{"date":"2015-09-03T08:41:52.388Z","age":8},"phone":"T42 H46-8107","cell":"U51 X92-5166","id":{"name":"SIN","value":"198077869"},"picture":{"large":"https://randomuser.me/api/portraits/men/60.jpg","medium":"https://randomuser.me/api/portraits/med/men/60.jpg","thumbnail":"https://randomuser.me/api/portraits/thumb/men/60.jpg"},"nat":"CA"}],"info":{"seed":"b7fc14a07b6514e9","results":1,"page":1,"version":"1.4"}} 
 </msg>
<msg time="2024-05-28T15:14:43.561604" level="INFO">/opt/hostedtoolcache/Python/3.12.3/x64/lib/python3.12/site-packages/urllib3/connectionpool.py:1103: InsecureRequestWarning: Unverified HTTPS request is being made to host 'randomuser.me'. Adding certificate verification is strongly advised. See: https://urllib3.readthedocs.io/en/latest/advanced-usage.html#tls-warnings
  warnings.warn(</msg>
<msg time="2024-05-28T15:14:43.561702" level="INFO">${response} = &lt;Response [200]&gt;</msg>
<var>${response}</var>
<arg>consultarAPI</arg>
<arg>/api</arg>
<doc>Sends a GET request on a previously created HTTP Session.</doc>
<status status="PASS" start="2024-05-28T15:14:43.446505" elapsed="0.115240"/>
</kw>
<kw name="Set Variable" owner="BuiltIn">
<msg time="2024-05-28T15:14:43.562784" level="INFO">${json_data} = {'results': [{'gender': 'male', 'name': {'title': 'Mr', 'first': 'Ryan', 'last': 'Brar'}, 'location': {'street': {'number': 6071, 'name': 'Duke St'}, 'city': 'Summerside', 'state': 'Prince Edward Isla...</msg>
<var>${json_data}</var>
<arg>${response.json()}</arg>
<doc>Returns the given values which can then be assigned to a variables.</doc>
<status status="PASS" start="2024-05-28T15:14:43.562211" elapsed="0.000602"/>
</kw>
<kw name="Log" owner="BuiltIn">
<msg time="2024-05-28T15:14:43.563294" level="INFO">{'results': [{'gender': 'male', 'name': {'title': 'Mr', 'first': 'Ryan', 'last': 'Brar'}, 'location': {'street': {'number': 6071, 'name': 'Duke St'}, 'city': 'Summerside', 'state': 'Prince Edward Island', 'country': 'Canada', 'postcode': 'W3K 2Q2', 'coordinates': {'latitude': '-69.3259', 'longitude': '-150.0288'}, 'timezone': {'offset': '-1:00', 'description': 'Azores, Cape Verde Islands'}}, 'email': 'ryan.brar@example.com', 'login': {'uuid': 'c1696db1-1632-4e13-a36e-c0a9c6347ae2', 'username': 'happytiger813', 'password': 'chessie', 'salt': 'fznk5hlk', 'md5': 'cc6c78a1d24e3904f9f93d3b321d802c', 'sha1': 'e7d11ce94a71e920431e4ca453829d4e59730f06', 'sha256': '5e3a839db0fab4829b292b509dc1ed9ba23b8ffc3a3ef53da9d2d560d5d6024f'}, 'dob': {'date': '1947-03-11T08:50:41.061Z', 'age': 77}, 'registered': {'date': '2015-09-03T08:41:52.388Z', 'age': 8}, 'phone': 'T42 H46-8107', 'cell': 'U51 X92-5166', 'id': {'name': 'SIN', 'value': '198077869'}, 'picture': {'large': 'https://randomuser.me/api/portraits/men/60.jpg', 'medium': 'https://randomuser.me/api/portraits/med/men/60.jpg', 'thumbnail': 'https://randomuser.me/api/portraits/thumb/men/60.jpg'}, 'nat': 'CA'}], 'info': {'seed': 'b7fc14a07b6514e9', 'results': 1, 'page': 1, 'version': '1.4'}}</msg>
<arg>${json_data}</arg>
<doc>Logs the given message with the given level.</doc>
<status status="PASS" start="2024-05-28T15:14:43.563137" elapsed="0.000204"/>
</kw>
<kw name="Dictionary Should Contain Key" owner="Collections">
<msg time="2024-05-28T15:14:43.563793" level="INFO">False</msg>
<arg>${json_data}</arg>
<arg>results</arg>
<doc>Fails if ``key`` is not found from ``dictionary``.</doc>
<status status="PASS" start="2024-05-28T15:14:43.563641" elapsed="0.000189"/>
</kw>
<kw name="Should Not Be Empty" owner="BuiltIn">
<msg time="2024-05-28T15:14:43.564270" level="INFO">Length is 2.</msg>
<arg>${json_data}</arg>
<doc>Verifies that the given item is not empty.</doc>
<status status="PASS" start="2024-05-28T15:14:43.564131" elapsed="0.000178"/>
</kw>
<kw name="Create List" owner="BuiltIn">
<msg time="2024-05-28T15:14:43.564754" level="INFO">${expected_keys} = ['gender', 'name', 'location', 'email', 'login']</msg>
<var>${expected_keys}</var>
<arg>gender</arg>
<arg>name</arg>
<arg>location</arg>
<arg>email</arg>
<arg>login</arg>
<doc>Returns a list containing given items.</doc>
<status status="PASS" start="2024-05-28T15:14:43.564605" elapsed="0.000173"/>
</kw>
<for flavor="IN">
<iter>
<kw name="Dictionary Should Contain Key" owner="Collections">
<msg time="2024-05-28T15:14:43.565825" level="INFO">False</msg>
<arg>${json_data['results'][0]}</arg>
<arg>${key}</arg>
<doc>Fails if ``key`` is not found from ``dictionary``.</doc>
<status status="PASS" start="2024-05-28T15:14:43.565415" elapsed="0.000449"/>
</kw>
<kw name="Log" owner="BuiltIn">
<msg time="2024-05-28T15:14:43.566539" level="INFO">{'gender': 'male', 'name': {'title': 'Mr', 'first': 'Ryan', 'last': 'Brar'}, 'location': {'street': {'number': 6071, 'name': 'Duke St'}, 'city': 'Summerside', 'state': 'Prince Edward Island', 'country': 'Canada', 'postcode': 'W3K 2Q2', 'coordinates': {'latitude': '-69.3259', 'longitude': '-150.0288'}, 'timezone': {'offset': '-1:00', 'description': 'Azores, Cape Verde Islands'}}, 'email': 'ryan.brar@example.com', 'login': {'uuid': 'c1696db1-1632-4e13-a36e-c0a9c6347ae2', 'username': 'happytiger813', 'password': 'chessie', 'salt': 'fznk5hlk', 'md5': 'cc6c78a1d24e3904f9f93d3b321d802c', 'sha1': 'e7d11ce94a71e920431e4ca453829d4e59730f06', 'sha256': '5e3a839db0fab4829b292b509dc1ed9ba23b8ffc3a3ef53da9d2d560d5d6024f'}, 'dob': {'date': '1947-03-11T08:50:41.061Z', 'age': 77}, 'registered': {'date': '2015-09-03T08:41:52.388Z', 'age': 8}, 'phone': 'T42 H46-8107', 'cell': 'U51 X92-5166', 'id': {'name': 'SIN', 'value': '198077869'}, 'picture': {'large': 'https://randomuser.me/api/portraits/men/60.jpg', 'medium': 'https://randomuser.me/api/portraits/med/men/60.jpg', 'thumbnail': 'https://randomuser.me/api/portraits/thumb/men/60.jpg'}, 'nat': 'CA'}</msg>
<arg>${json_data['results'][0]}</arg>
<doc>Logs the given message with the given level.</doc>
<status status="PASS" start="2024-05-28T15:14:43.566167" elapsed="0.000421"/>
</kw>
<kw name="Log" owner="BuiltIn">
<msg time="2024-05-28T15:14:43.567034" level="INFO">gender</msg>
<arg>${key}</arg>
<doc>Logs the given message with the given level.</doc>
<status status="PASS" start="2024-05-28T15:14:43.566903" elapsed="0.000168"/>
</kw>
<var name="${key}">gender</var>
<status status="PASS" start="2024-05-28T15:14:43.565287" elapsed="0.002000"/>
</iter>
<iter>
<kw name="Dictionary Should Contain Key" owner="Collections">
<msg time="2024-05-28T15:14:43.567974" level="INFO">False</msg>
<arg>${json_data['results'][0]}</arg>
<arg>${key}</arg>
<doc>Fails if ``key`` is not found from ``dictionary``.</doc>
<status status="PASS" start="2024-05-28T15:14:43.567592" elapsed="0.000419"/>
</kw>
<kw name="Log" owner="BuiltIn">
<msg time="2024-05-28T15:14:43.568704" level="INFO">{'gender': 'male', 'name': {'title': 'Mr', 'first': 'Ryan', 'last': 'Brar'}, 'location': {'street': {'number': 6071, 'name': 'Duke St'}, 'city': 'Summerside', 'state': 'Prince Edward Island', 'country': 'Canada', 'postcode': 'W3K 2Q2', 'coordinates': {'latitude': '-69.3259', 'longitude': '-150.0288'}, 'timezone': {'offset': '-1:00', 'description': 'Azores, Cape Verde Islands'}}, 'email': 'ryan.brar@example.com', 'login': {'uuid': 'c1696db1-1632-4e13-a36e-c0a9c6347ae2', 'username': 'happytiger813', 'password': 'chessie', 'salt': 'fznk5hlk', 'md5': 'cc6c78a1d24e3904f9f93d3b321d802c', 'sha1': 'e7d11ce94a71e920431e4ca453829d4e59730f06', 'sha256': '5e3a839db0fab4829b292b509dc1ed9ba23b8ffc3a3ef53da9d2d560d5d6024f'}, 'dob': {'date': '1947-03-11T08:50:41.061Z', 'age': 77}, 'registered': {'date': '2015-09-03T08:41:52.388Z', 'age': 8}, 'phone': 'T42 H46-8107', 'cell': 'U51 X92-5166', 'id': {'name': 'SIN', 'value': '198077869'}, 'picture': {'large': 'https://randomuser.me/api/portraits/men/60.jpg', 'medium': 'https://randomuser.me/api/portraits/med/men/60.jpg', 'thumbnail': 'https://randomuser.me/api/portraits/thumb/men/60.jpg'}, 'nat': 'CA'}</msg>
<arg>${json_data['results'][0]}</arg>
<doc>Logs the given message with the given level.</doc>
<status status="PASS" start="2024-05-28T15:14:43.568336" elapsed="0.000415"/>
</kw>
<kw name="Log" owner="BuiltIn">
<msg time="2024-05-28T15:14:43.569237" level="INFO">name</msg>
<arg>${key}</arg>
<doc>Logs the given message with the given level.</doc>
<status status="PASS" start="2024-05-28T15:14:43.569080" elapsed="0.000210"/>
</kw>
<var name="${key}">name</var>
<status status="PASS" start="2024-05-28T15:14:43.567475" elapsed="0.002061"/>
</iter>
<iter>
<kw name="Dictionary Should Contain Key" owner="Collections">
<msg time="2024-05-28T15:14:43.570206" level="INFO">False</msg>
<arg>${json_data['results'][0]}</arg>
<arg>${key}</arg>
<doc>Fails if ``key`` is not found from ``dictionary``.</doc>
<status status="PASS" start="2024-05-28T15:14:43.569824" elapsed="0.000427"/>
</kw>
<kw name="Log" owner="BuiltIn">
<msg time="2024-05-28T15:14:43.570925" level="INFO">{'gender': 'male', 'name': {'title': 'Mr', 'first': 'Ryan', 'last': 'Brar'}, 'location': {'street': {'number': 6071, 'name': 'Duke St'}, 'city': 'Summerside', 'state': 'Prince Edward Island', 'country': 'Canada', 'postcode': 'W3K 2Q2', 'coordinates': {'latitude': '-69.3259', 'longitude': '-150.0288'}, 'timezone': {'offset': '-1:00', 'description': 'Azores, Cape Verde Islands'}}, 'email': 'ryan.brar@example.com', 'login': {'uuid': 'c1696db1-1632-4e13-a36e-c0a9c6347ae2', 'username': 'happytiger813', 'password': 'chessie', 'salt': 'fznk5hlk', 'md5': 'cc6c78a1d24e3904f9f93d3b321d802c', 'sha1': 'e7d11ce94a71e920431e4ca453829d4e59730f06', 'sha256': '5e3a839db0fab4829b292b509dc1ed9ba23b8ffc3a3ef53da9d2d560d5d6024f'}, 'dob': {'date': '1947-03-11T08:50:41.061Z', 'age': 77}, 'registered': {'date': '2015-09-03T08:41:52.388Z', 'age': 8}, 'phone': 'T42 H46-8107', 'cell': 'U51 X92-5166', 'id': {'name': 'SIN', 'value': '198077869'}, 'picture': {'large': 'https://randomuser.me/api/portraits/men/60.jpg', 'medium': 'https://randomuser.me/api/portraits/med/men/60.jpg', 'thumbnail': 'https://randomuser.me/api/portraits/thumb/men/60.jpg'}, 'nat': 'CA'}</msg>
<arg>${json_data['results'][0]}</arg>
<doc>Logs the given message with the given level.</doc>
<status status="PASS" start="2024-05-28T15:14:43.570561" elapsed="0.000413"/>
</kw>
<kw name="Log" owner="BuiltIn">
<msg time="2024-05-28T15:14:43.571418" level="INFO">location</msg>
<arg>${key}</arg>
<doc>Logs the given message with the given level.</doc>
<status status="PASS" start="2024-05-28T15:14:43.571282" elapsed="0.000173"/>
</kw>
<var name="${key}">location</var>
<status status="PASS" start="2024-05-28T15:14:43.569711" elapsed="0.001960"/>
</iter>
<iter>
<kw name="Dictionary Should Contain Key" owner="Collections">
<msg time="2024-05-28T15:14:43.572435" level="INFO">False</msg>
<arg>${json_data['results'][0]}</arg>
<arg>${key}</arg>
<doc>Fails if ``key`` is not found from ``dictionary``.</doc>
<status status="PASS" start="2024-05-28T15:14:43.571953" elapsed="0.000519"/>
</kw>
<kw name="Log" owner="BuiltIn">
<msg time="2024-05-28T15:14:43.573168" level="INFO">{'gender': 'male', 'name': {'title': 'Mr', 'first': 'Ryan', 'last': 'Brar'}, 'location': {'street': {'number': 6071, 'name': 'Duke St'}, 'city': 'Summerside', 'state': 'Prince Edward Island', 'country': 'Canada', 'postcode': 'W3K 2Q2', 'coordinates': {'latitude': '-69.3259', 'longitude': '-150.0288'}, 'timezone': {'offset': '-1:00', 'description': 'Azores, Cape Verde Islands'}}, 'email': 'ryan.brar@example.com', 'login': {'uuid': 'c1696db1-1632-4e13-a36e-c0a9c6347ae2', 'username': 'happytiger813', 'password': 'chessie', 'salt': 'fznk5hlk', 'md5': 'cc6c78a1d24e3904f9f93d3b321d802c', 'sha1': 'e7d11ce94a71e920431e4ca453829d4e59730f06', 'sha256': '5e3a839db0fab4829b292b509dc1ed9ba23b8ffc3a3ef53da9d2d560d5d6024f'}, 'dob': {'date': '1947-03-11T08:50:41.061Z', 'age': 77}, 'registered': {'date': '2015-09-03T08:41:52.388Z', 'age': 8}, 'phone': 'T42 H46-8107', 'cell': 'U51 X92-5166', 'id': {'name': 'SIN', 'value': '198077869'}, 'picture': {'large': 'https://randomuser.me/api/portraits/men/60.jpg', 'medium': 'https://randomuser.me/api/portraits/med/men/60.jpg', 'thumbnail': 'https://randomuser.me/api/portraits/thumb/men/60.jpg'}, 'nat': 'CA'}</msg>
<arg>${json_data['results'][0]}</arg>
<doc>Logs the given message with the given level.</doc>
<status status="PASS" start="2024-05-28T15:14:43.572770" elapsed="0.000452"/>
</kw>
<kw name="Log" owner="BuiltIn">
<msg time="2024-05-28T15:14:43.573704" level="INFO">email</msg>
<arg>${key}</arg>
<doc>Logs the given message with the given level.</doc>
<status status="PASS" start="2024-05-28T15:14:43.573571" elapsed="0.000168"/>
</kw>
<var name="${key}">email</var>
<status status="PASS" start="2024-05-28T15:14:43.571841" elapsed="0.002116"/>
</iter>
<iter>
<kw name="Dictionary Should Contain Key" owner="Collections">
<msg time="2024-05-28T15:14:43.574627" level="INFO">False</msg>
<arg>${json_data['results'][0]}</arg>
<arg>${key}</arg>
<doc>Fails if ``key`` is not found from ``dictionary``.</doc>
<status status="PASS" start="2024-05-28T15:14:43.574244" elapsed="0.000420"/>
</kw>
<kw name="Log" owner="BuiltIn">
<msg time="2024-05-28T15:14:43.575328" level="INFO">{'gender': 'male', 'name': {'title': 'Mr', 'first': 'Ryan', 'last': 'Brar'}, 'location': {'street': {'number': 6071, 'name': 'Duke St'}, 'city': 'Summerside', 'state': 'Prince Edward Island', 'country': 'Canada', 'postcode': 'W3K 2Q2', 'coordinates': {'latitude': '-69.3259', 'longitude': '-150.0288'}, 'timezone': {'offset': '-1:00', 'description': 'Azores, Cape Verde Islands'}}, 'email': 'ryan.brar@example.com', 'login': {'uuid': 'c1696db1-1632-4e13-a36e-c0a9c6347ae2', 'username': 'happytiger813', 'password': 'chessie', 'salt': 'fznk5hlk', 'md5': 'cc6c78a1d24e3904f9f93d3b321d802c', 'sha1': 'e7d11ce94a71e920431e4ca453829d4e59730f06', 'sha256': '5e3a839db0fab4829b292b509dc1ed9ba23b8ffc3a3ef53da9d2d560d5d6024f'}, 'dob': {'date': '1947-03-11T08:50:41.061Z', 'age': 77}, 'registered': {'date': '2015-09-03T08:41:52.388Z', 'age': 8}, 'phone': 'T42 H46-8107', 'cell': 'U51 X92-5166', 'id': {'name': 'SIN', 'value': '198077869'}, 'picture': {'large': 'https://randomuser.me/api/portraits/men/60.jpg', 'medium': 'https://randomuser.me/api/portraits/med/men/60.jpg', 'thumbnail': 'https://randomuser.me/api/portraits/thumb/men/60.jpg'}, 'nat': 'CA'}</msg>
<arg>${json_data['results'][0]}</arg>
<doc>Logs the given message with the given level.</doc>
<status status="PASS" start="2024-05-28T15:14:43.574964" elapsed="0.000412"/>
</kw>
<kw name="Log" owner="BuiltIn">
<msg time="2024-05-28T15:14:43.575803" level="INFO">login</msg>
<arg>${key}</arg>
<doc>Logs the given message with the given level.</doc>
<status status="PASS" start="2024-05-28T15:14:43.575674" elapsed="0.000168"/>
</kw>
<var name="${key}">login</var>
<status status="PASS" start="2024-05-28T15:14:43.574130" elapsed="0.001931"/>
</iter>
<var>${key}</var>
<value>@{expected_keys}</value>
<status status="PASS" start="2024-05-28T15:14:43.565086" elapsed="0.011127"/>
</for>
<kw name="Create List" owner="BuiltIn">
<msg time="2024-05-28T15:14:43.576551" level="INFO">${expected_keysTwo} = ['username', 'password']</msg>
<var>${expected_keysTwo}</var>
<arg>username</arg>
<arg>password</arg>
<doc>Returns a list containing given items.</doc>
<status status="PASS" start="2024-05-28T15:14:43.576414" elapsed="0.000161"/>
</kw>
<for flavor="IN">
<iter>
<kw name="Dictionary Should Contain Key" owner="Collections">
<msg time="2024-05-28T15:14:43.577498" level="INFO">False</msg>
<arg>${json_data['results'][0]['login']}</arg>
<arg>${keyTwo}</arg>
<doc>Fails if ``key`` is not found from ``dictionary``.</doc>
<status status="PASS" start="2024-05-28T15:14:43.577117" elapsed="0.000417"/>
</kw>
<kw name="Dictionary Should Contain Key" owner="Collections">
<msg time="2024-05-28T15:14:43.578220" level="INFO">False</msg>
<arg>${json_data['results'][0]['login']}</arg>
<arg>${keyTwo}</arg>
<doc>Fails if ``key`` is not found from ``dictionary``.</doc>
<status status="PASS" start="2024-05-28T15:14:43.577834" elapsed="0.000422"/>
</kw>
<kw name="Log" owner="BuiltIn">
<msg time="2024-05-28T15:14:43.578685" level="INFO">username</msg>
<arg>${keyTwo}</arg>
<doc>Logs the given message with the given level.</doc>
<status status="PASS" start="2024-05-28T15:14:43.578555" elapsed="0.000165"/>
</kw>
<var name="${keyTwo}">username</var>
<status status="PASS" start="2024-05-28T15:14:43.577002" elapsed="0.001932"/>
</iter>
<iter>
<kw name="Dictionary Should Contain Key" owner="Collections">
<msg time="2024-05-28T15:14:43.579593" level="INFO">False</msg>
<arg>${json_data['results'][0]['login']}</arg>
<arg>${keyTwo}</arg>
<doc>Fails if ``key`` is not found from ``dictionary``.</doc>
<status status="PASS" start="2024-05-28T15:14:43.579214" elapsed="0.000415"/>
</kw>
<kw name="Dictionary Should Contain Key" owner="Collections">
<msg time="2024-05-28T15:14:43.580304" level="INFO">False</msg>
<arg>${json_data['results'][0]['login']}</arg>
<arg>${keyTwo}</arg>
<doc>Fails if ``key`` is not found from ``dictionary``.</doc>
<status status="PASS" start="2024-05-28T15:14:43.579933" elapsed="0.000407"/>
</kw>
<kw name="Log" owner="BuiltIn">
<msg time="2024-05-28T15:14:43.580756" level="INFO">password</msg>
<arg>${keyTwo}</arg>
<doc>Logs the given message with the given level.</doc>
<status status="PASS" start="2024-05-28T15:14:43.580630" elapsed="0.000162"/>
</kw>
<var name="${keyTwo}">password</var>
<status status="PASS" start="2024-05-28T15:14:43.579104" elapsed="0.001946"/>
</iter>
<var>${keyTwo}</var>
<value>@{expected_keysTwo}</value>
<status status="PASS" start="2024-05-28T15:14:43.576821" elapsed="0.004347"/>
</for>
<status status="PASS" start="2024-05-28T15:14:43.446125" elapsed="0.135178"/>
</kw>
<doc>Testa a estrutura da resposta da API.</doc>
<tag>testeEstruturaResposta</tag>
<status status="PASS" start="2024-05-28T15:14:43.445416" elapsed="0.136033"/>
</test>
<test id="s1-s1-t4" name="Validar tipos de dados" line="28">
<kw name="Teste de Tipos de Dados" owner="random-user-service">
<kw name="GET On Session" owner="RequestsLibrary">
<msg time="2024-05-28T15:14:43.658354" level="INFO">GET Request : url=https://randomuser.me/api 
 path_url=/api 
 headers={'User-Agent': 'python-requests/2.32.2', 'Accept-Encoding': 'gzip, deflate', 'Accept': '*/*', 'Connection': 'keep-alive'} 
 body=None 
 </msg>
<msg time="2024-05-28T15:14:43.658428" level="INFO">GET Response : url=https://randomuser.me/api 
 status=200, reason=OK 
 headers={'Date': 'Tue, 28 May 2024 15:14:43 GMT', 'Content-Type': 'application/json; charset=utf-8', 'Transfer-Encoding': 'chunked', 'Connection': 'keep-alive', 'X-Powered-By': 'Express', 'Access-Control-Allow-Origin': '*', 'Cache-Control': 'no-cache', 'ETag': 'W/"47c-NmYWGlolNlGBgfyWZKcqYfOf7oM"', 'Vary': 'Accept-Encoding', 'Content-Encoding': 'gzip', 'CF-Cache-Status': 'DYNAMIC', 'Report-To': '{"endpoints":[{"url":"https:\\/\\/a.nel.cloudflare.com\\/report\\/v4?s=CVheyPc7l%2BTiPwaj8hvUQGrfOT2LiugAJlugyj1ZtB2i4whUqwz0Ms94goprkAg%2Bvc31tZIcns9crGW76euTtQp70k1PkMX2CBHIDhnP3uc98%2BNh3QI82Lo7Dy7XVTia"}],"group":"cf-nel","max_age":604800}', 'NEL': '{"success_fraction":0,"report_to":"cf-nel","max_age":604800}', 'Server': 'cloudflare', 'CF-RAY': '88af322e7d8a3b3c-IAD', 'alt-svc': 'h3=":443"; ma=86400'} 
 body={"results":[{"gender":"female","name":{"title":"Ms","first":"Ece","last":"Yetkiner"},"location":{"street":{"number":2741,"name":"Filistin Cd"},"city":"Erzincan","state":"Kilis","country":"Turkey","postcode":74504,"coordinates":{"latitude":"64.5146","longitude":"179.7837"},"timezone":{"offset":"-8:00","description":"Pacific Time (US &amp; Canada)"}},"email":"ece.yetkiner@example.com","login":{"uuid":"6de2494f-bcda-45e7-ac7f-14744d279f53","username":"whitebird352","password":"hotmail1","salt":"V1Pv4CAX","md5":"7cdc39bacc5a15689b2f511c612627b1","sha1":"708e4329cba389877ed70dfc9c583d1c41793828","sha256":"5a5733cfce89a004ad0d9f3bf667b9011413c6bd33a3ac796d74ff19bb94f7e8"},"dob":{"date":"1969-10-10T07:17:49.456Z","age":54},"registered":{"date":"2008-02-07T09:48:48.727Z","age":16},"phone":"(814)-693-2403","cell":"(517)-405-3218","id":{"name":"","value":null},"picture":{"large":"https://randomuser.me/api/portraits/women/26.jpg","medium":"https://randomuser.me/api/portraits/med/women/26.jpg","thumbnail":"https://randomuser.me/api/portraits/thumb/women/26.jpg"},"nat":"TR"}],"info":{"seed":"9e588526a689d679","results":1,"page":1,"version":"1.4"}} 
 </msg>
<msg time="2024-05-28T15:14:43.658496" level="INFO">/opt/hostedtoolcache/Python/3.12.3/x64/lib/python3.12/site-packages/urllib3/connectionpool.py:1103: InsecureRequestWarning: Unverified HTTPS request is being made to host 'randomuser.me'. Adding certificate verification is strongly advised. See: https://urllib3.readthedocs.io/en/latest/advanced-usage.html#tls-warnings
  warnings.warn(</msg>
<msg time="2024-05-28T15:14:43.658602" level="INFO">${response} = &lt;Response [200]&gt;</msg>
<var>${response}</var>
<arg>consultarAPI</arg>
<arg>/api</arg>
<doc>Sends a GET request on a previously created HTTP Session.</doc>
<status status="PASS" start="2024-05-28T15:14:43.583928" elapsed="0.074724"/>
</kw>
<kw name="Set Variable" owner="BuiltIn">
<msg time="2024-05-28T15:14:43.659712" level="INFO">${json_data} = {'results': [{'gender': 'female', 'name': {'title': 'Ms', 'first': 'Ece', 'last': 'Yetkiner'}, 'location': {'street': {'number': 2741, 'name': 'Filistin Cd'}, 'city': 'Erzincan', 'state': 'Kilis', 'co...</msg>
<var>${json_data}</var>
<arg>${response.json()}</arg>
<doc>Returns the given values which can then be assigned to a variables.</doc>
<status status="PASS" start="2024-05-28T15:14:43.659122" elapsed="0.000618"/>
</kw>
<kw name="Log" owner="BuiltIn">
<msg time="2024-05-28T15:14:43.660211" level="INFO">{'results': [{'gender': 'female', 'name': {'title': 'Ms', 'first': 'Ece', 'last': 'Yetkiner'}, 'location': {'street': {'number': 2741, 'name': 'Filistin Cd'}, 'city': 'Erzincan', 'state': 'Kilis', 'country': 'Turkey', 'postcode': 74504, 'coordinates': {'latitude': '64.5146', 'longitude': '179.7837'}, 'timezone': {'offset': '-8:00', 'description': 'Pacific Time (US &amp; Canada)'}}, 'email': 'ece.yetkiner@example.com', 'login': {'uuid': '6de2494f-bcda-45e7-ac7f-14744d279f53', 'username': 'whitebird352', 'password': 'hotmail1', 'salt': 'V1Pv4CAX', 'md5': '7cdc39bacc5a15689b2f511c612627b1', 'sha1': '708e4329cba389877ed70dfc9c583d1c41793828', 'sha256': '5a5733cfce89a004ad0d9f3bf667b9011413c6bd33a3ac796d74ff19bb94f7e8'}, 'dob': {'date': '1969-10-10T07:17:49.456Z', 'age': 54}, 'registered': {'date': '2008-02-07T09:48:48.727Z', 'age': 16}, 'phone': '(814)-693-2403', 'cell': '(517)-405-3218', 'id': {'name': '', 'value': None}, 'picture': {'large': 'https://randomuser.me/api/portraits/women/26.jpg', 'medium': 'https://randomuser.me/api/portraits/med/women/26.jpg', 'thumbnail': 'https://randomuser.me/api/portraits/thumb/women/26.jpg'}, 'nat': 'TR'}], 'info': {'seed': '9e588526a689d679', 'results': 1, 'page': 1, 'version': '1.4'}}</msg>
<arg>${json_data}</arg>
<doc>Logs the given message with the given level.</doc>
<status status="PASS" start="2024-05-28T15:14:43.660056" elapsed="0.000239"/>
</kw>
<kw name="Should Be String" owner="String">
<arg>${json_data['results'][0]['gender']}</arg>
<doc>Fails if the given ``item`` is not a string.</doc>
<status status="PASS" start="2024-05-28T15:14:43.660597" elapsed="0.000413"/>
</kw>
<kw name="Should Match Regexp" owner="BuiltIn">
<arg>${json_data['results'][0]['email']}</arg>
<arg>^[a-zA-Z0-9._%+-]+@[a-zA-Z0-9.-]+\.[a-zA-Z]{2,}$</arg>
<doc>Fails if ``string`` does not match ``pattern`` as a regular expression.</doc>
<status status="PASS" start="2024-05-28T15:14:43.661216" elapsed="0.000730"/>
</kw>
<kw name="Should Match Regexp" owner="BuiltIn">
<arg>${json_data['results'][0]['dob']['date']}</arg>
<arg>\\d{4}-\\d{2}-\\d{2}T\\d{2}:\\d{2}:\\d{2}\\.\\d{3}Z</arg>
<doc>Fails if ``string`` does not match ``pattern`` as a regular expression.</doc>
<status status="PASS" start="2024-05-28T15:14:43.662182" elapsed="0.000494"/>
</kw>
<kw name="Should Match Regexp" owner="BuiltIn">
<arg>${json_data['results'][0]['registered']['date']}</arg>
<arg>\\d{4}-\\d{2}-\\d{2}T\\d{2}:\\d{2}:\\d{2}\\.\\d{3}Z</arg>
<doc>Fails if ``string`` does not match ``pattern`` as a regular expression.</doc>
<status status="PASS" start="2024-05-28T15:14:43.662883" elapsed="0.000367"/>
</kw>
<kw name="Should Match Regexp" owner="BuiltIn">
<arg>${json_data['results'][0]['picture']['large']}</arg>
<arg>^https?://.*\.(?:png|jpe?g|gif|bmp)$</arg>
<doc>Fails if ``string`` does not match ``pattern`` as a regular expression.</doc>
<status status="PASS" start="2024-05-28T15:14:43.663442" elapsed="0.000463"/>
</kw>
<kw name="Should Match Regexp" owner="BuiltIn">
<arg>${json_data['results'][0]['picture']['medium']}</arg>
<arg>^https?://.*\.(?:png|jpe?g|gif|bmp)$</arg>
<doc>Fails if ``string`` does not match ``pattern`` as a regular expression.</doc>
<status status="PASS" start="2024-05-28T15:14:43.664097" elapsed="0.000362"/>
</kw>
<kw name="Should Match Regexp" owner="BuiltIn">
<arg>${json_data['results'][0]['picture']['thumbnail']}</arg>
<arg>^https?://.*\.(?:png|jpe?g|gif|bmp)$</arg>
<doc>Fails if ``string`` does not match ``pattern`` as a regular expression.</doc>
<status status="PASS" start="2024-05-28T15:14:43.664659" elapsed="0.000391"/>
</kw>
<kw name="Log" owner="BuiltIn">
<msg time="2024-05-28T15:14:43.665579" level="INFO">{'large': 'https://randomuser.me/api/portraits/women/26.jpg', 'medium': 'https://randomuser.me/api/portraits/med/women/26.jpg', 'thumbnail': 'https://randomuser.me/api/portraits/thumb/women/26.jpg'}</msg>
<arg>${json_data['results'][0]['picture']}</arg>
<doc>Logs the given message with the given level.</doc>
<status status="PASS" start="2024-05-28T15:14:43.665245" elapsed="0.000376"/>
</kw>
<status status="PASS" start="2024-05-28T15:14:43.583698" elapsed="0.082214"/>
</kw>
<kw name="Teste de Tipos de Dados - Postcode" owner="random-user-service">
<kw name="GET On Session" owner="RequestsLibrary">
<msg time="2024-05-28T15:14:43.741108" level="INFO">GET Request : url=https://randomuser.me/api 
 path_url=/api 
 headers={'User-Agent': 'python-requests/2.32.2', 'Accept-Encoding': 'gzip, deflate', 'Accept': '*/*', 'Connection': 'keep-alive'} 
 body=None 
 </msg>
<msg time="2024-05-28T15:14:43.741193" level="INFO">GET Response : url=https://randomuser.me/api 
 status=200, reason=OK 
 headers={'Date': 'Tue, 28 May 2024 15:14:43 GMT', 'Content-Type': 'application/json; charset=utf-8', 'Transfer-Encoding': 'chunked', 'Connection': 'keep-alive', 'X-Powered-By': 'Express', 'Access-Control-Allow-Origin': '*', 'Cache-Control': 'no-cache', 'ETag': 'W/"49f-LBcKa/05Y9+4jIurZ0D8L810D24"', 'Vary': 'Accept-Encoding', 'Content-Encoding': 'gzip', 'CF-Cache-Status': 'DYNAMIC', 'Report-To': '{"endpoints":[{"url":"https:\\/\\/a.nel.cloudflare.com\\/report\\/v4?s=ab8ym1QIDZr0jdpk4hDvE32QR%2B%2FPJ06iyqqSZ%2FAAEloe%2FxBh7T2RjW6BlB5yvH23hNHQmTM5IJOYggMtj0pHHnD3x7dr1vx8ofNZdu6v6VGhbi%2FwOSoP8Lo05DS0m9Td"}],"group":"cf-nel","max_age":604800}', 'NEL': '{"success_fraction":0,"report_to":"cf-nel","max_age":604800}', 'Server': 'cloudflare', 'CF-RAY': '88af322efe5f3b3c-IAD', 'alt-svc': 'h3=":443"; ma=86400'} 
 body={"results":[{"gender":"male","name":{"title":"Mr","first":"بردیا","last":"رضاییان"},"location":{"street":{"number":2262,"name":"سبلان جنوبی"},"city":"یزد","state":"خراسان رضوی","country":"Iran","postcode":64950,"coordinates":{"latitude":"20.6299","longitude":"-124.1054"},"timezone":{"offset":"-5:00","description":"Eastern Time (US &amp; Canada), Bogota, Lima"}},"email":"brdy.rdyyn@example.com","login":{"uuid":"43335f49-65c3-4ab8-bc91-991cc5d943f7","username":"purplebird619","password":"ridge","salt":"AwUmNSFT","md5":"51865f1e2d6e286f2a2d8842e1d24fdd","sha1":"c17523c7971baf817f87fe4e4ddfb24a9cd61ec2","sha256":"6a0a8d6bf1d9f393d37d27ecb03b8ca0c905edfc2cb905bbe760f594e720f2dc"},"dob":{"date":"1976-08-21T07:43:18.865Z","age":47},"registered":{"date":"2004-08-05T09:40:22.662Z","age":19},"phone":"073-85329425","cell":"0971-272-1777","id":{"name":"","value":null},"picture":{"large":"https://randomuser.me/api/portraits/men/78.jpg","medium":"https://randomuser.me/api/portraits/med/men/78.jpg","thumbnail":"https://randomuser.me/api/portraits/thumb/men/78.jpg"},"nat":"IR"}],"info":{"seed":"1c4a84053c8c182f","results":1,"page":1,"version":"1.4"}} 
 </msg>
<msg time="2024-05-28T15:14:43.741273" level="INFO">/opt/hostedtoolcache/Python/3.12.3/x64/lib/python3.12/site-packages/urllib3/connectionpool.py:1103: InsecureRequestWarning: Unverified HTTPS request is being made to host 'randomuser.me'. Adding certificate verification is strongly advised. See: https://urllib3.readthedocs.io/en/latest/advanced-usage.html#tls-warnings
  warnings.warn(</msg>
<msg time="2024-05-28T15:14:43.741390" level="INFO">${response} = &lt;Response [200]&gt;</msg>
<var>${response}</var>
<arg>consultarAPI</arg>
<arg>/api</arg>
<doc>Sends a GET request on a previously created HTTP Session.</doc>
<status status="PASS" start="2024-05-28T15:14:43.666350" elapsed="0.075093"/>
</kw>
<kw name="Set Variable" owner="BuiltIn">
<msg time="2024-05-28T15:14:43.742632" level="INFO">${json_data} = {'results': [{'gender': 'male', 'name': {'title': 'Mr', 'first': 'بردیا', 'last': 'رضاییان'}, 'location': {'street': {'number': 2262, 'name': 'سبلان جنوبی'}, 'city': 'یزد', 'state': 'خراسان رضوی', 'co...</msg>
<var>${json_data}</var>
<arg>${response.json()}</arg>
<doc>Returns the given values which can then be assigned to a variables.</doc>
<status status="PASS" start="2024-05-28T15:14:43.742019" elapsed="0.000643"/>
</kw>
<kw name="Log" owner="BuiltIn">
<msg time="2024-05-28T15:14:43.743138" level="INFO">{'results': [{'gender': 'male', 'name': {'title': 'Mr', 'first': 'بردیا', 'last': 'رضاییان'}, 'location': {'street': {'number': 2262, 'name': 'سبلان جنوبی'}, 'city': 'یزد', 'state': 'خراسان رضوی', 'country': 'Iran', 'postcode': 64950, 'coordinates': {'latitude': '20.6299', 'longitude': '-124.1054'}, 'timezone': {'offset': '-5:00', 'description': 'Eastern Time (US &amp; Canada), Bogota, Lima'}}, 'email': 'brdy.rdyyn@example.com', 'login': {'uuid': '43335f49-65c3-4ab8-bc91-991cc5d943f7', 'username': 'purplebird619', 'password': 'ridge', 'salt': 'AwUmNSFT', 'md5': '51865f1e2d6e286f2a2d8842e1d24fdd', 'sha1': 'c17523c7971baf817f87fe4e4ddfb24a9cd61ec2', 'sha256': '6a0a8d6bf1d9f393d37d27ecb03b8ca0c905edfc2cb905bbe760f594e720f2dc'}, 'dob': {'date': '1976-08-21T07:43:18.865Z', 'age': 47}, 'registered': {'date': '2004-08-05T09:40:22.662Z', 'age': 19}, 'phone': '073-85329425', 'cell': '0971-272-1777', 'id': {'name': '', 'value': None}, 'picture': {'large': 'https://randomuser.me/api/portraits/men/78.jpg', 'medium': 'https://randomuser.me/api/portraits/med/men/78.jpg', 'thumbnail': 'https://randomuser.me/api/portraits/thumb/men/78.jpg'}, 'nat': 'IR'}], 'info': {'seed': '1c4a84053c8c182f', 'results': 1, 'page': 1, 'version': '1.4'}}</msg>
<arg>${json_data}</arg>
<doc>Logs the given message with the given level.</doc>
<status status="PASS" start="2024-05-28T15:14:43.742980" elapsed="0.000240"/>
</kw>
<kw name="Should Be Equal As Numbers" owner="BuiltIn">
<arg>${json_data['results'][0]['location']['postcode']}</arg>
<arg>${json_data['results'][0]['location']['postcode']}</arg>
<doc>Fails if objects are unequal after converting them to real numbers.</doc>
<status status="PASS" start="2024-05-28T15:14:43.743528" elapsed="0.000623"/>
</kw>
<kw name="Log" owner="BuiltIn">
<msg time="2024-05-28T15:14:43.744689" level="INFO">64950</msg>
<arg>${json_data['results'][0]['location']['postcode']}</arg>
<doc>Logs the given message with the given level.</doc>
<status status="PASS" start="2024-05-28T15:14:43.744349" elapsed="0.000381"/>
</kw>
<status status="PASS" start="2024-05-28T15:14:43.666125" elapsed="0.078899"/>
</kw>
<doc>Testa se os tipos de dados na resposta da API estão corretos.</doc>
<tag>testeTiposDados</tag>
<status status="PASS" start="2024-05-28T15:14:43.583157" elapsed="0.162027"/>
</test>
<test id="s1-s1-t5" name="Validar conteudo" line="35">
<kw name="Teste de Tipos de Conteudo" owner="random-user-service">
<kw name="GET On Session" owner="RequestsLibrary">
<msg time="2024-05-28T15:14:43.836719" level="INFO">GET Request : url=https://randomuser.me/api 
 path_url=/api 
 headers={'User-Agent': 'python-requests/2.32.2', 'Accept-Encoding': 'gzip, deflate', 'Accept': '*/*', 'Connection': 'keep-alive'} 
 body=None 
 </msg>
<msg time="2024-05-28T15:14:43.836800" level="INFO">GET Response : url=https://randomuser.me/api 
 status=200, reason=OK 
 headers={'Date': 'Tue, 28 May 2024 15:14:43 GMT', 'Content-Type': 'application/json; charset=utf-8', 'Transfer-Encoding': 'chunked', 'Connection': 'keep-alive', 'X-Powered-By': 'Express', 'Access-Control-Allow-Origin': '*', 'Cache-Control': 'no-cache', 'ETag': 'W/"48e-v9MA8db0Lw9Tn+eyHuHSdtlClYw"', 'Vary': 'Accept-Encoding', 'Content-Encoding': 'gzip', 'CF-Cache-Status': 'DYNAMIC', 'Report-To': '{"endpoints":[{"url":"https:\\/\\/a.nel.cloudflare.com\\/report\\/v4?s=XM78%2FIzy3WujR6NTxidk1zIDF0AWvROielfRYVd9cZLhaNEpPTN%2F1jqXWfeslTGJudrJuTwMTSngKp0KhA0b8iwvFFY40Acvr1r95jaEyT5Ie7wrRxOurB%2BT8AnvdAZ1"}],"group":"cf-nel","max_age":604800}', 'NEL': '{"success_fraction":0,"report_to":"cf-nel","max_age":604800}', 'Server': 'cloudflare', 'CF-RAY': '88af322f7f2e3b3c-IAD', 'alt-svc': 'h3=":443"; ma=86400'} 
 body={"results":[{"gender":"female","name":{"title":"Mrs","first":"Benedicte","last":"Aure"},"location":{"street":{"number":8691,"name":"Karenslyst allé"},"city":"Røldal","state":"Sør-Trøndelag","country":"Norway","postcode":"3560","coordinates":{"latitude":"40.0224","longitude":"142.9216"},"timezone":{"offset":"-7:00","description":"Mountain Time (US &amp; Canada)"}},"email":"benedicte.aure@example.com","login":{"uuid":"2062d6ab-12a7-4671-bbc9-21e6ff78bb43","username":"purpledog199","password":"ronald","salt":"kQBzDfBT","md5":"8c7607c8237df2dd38692e9c53bcc9b6","sha1":"3cce995bbca278fa52498511a2b2f55494d21c74","sha256":"493c717fe50f91deec62502152750c2840b36407673d4e481b0960f458765957"},"dob":{"date":"1995-05-13T20:23:18.408Z","age":29},"registered":{"date":"2010-07-15T19:52:39.113Z","age":13},"phone":"84577324","cell":"95173185","id":{"name":"FN","value":"13059527414"},"picture":{"large":"https://randomuser.me/api/portraits/women/93.jpg","medium":"https://randomuser.me/api/portraits/med/women/93.jpg","thumbnail":"https://randomuser.me/api/portraits/thumb/women/93.jpg"},"nat":"NO"}],"info":{"seed":"63c74ed22b9fee49","results":1,"page":1,"version":"1.4"}} 
 </msg>
<msg time="2024-05-28T15:14:43.836910" level="INFO">/opt/hostedtoolcache/Python/3.12.3/x64/lib/python3.12/site-packages/urllib3/connectionpool.py:1103: InsecureRequestWarning: Unverified HTTPS request is being made to host 'randomuser.me'. Adding certificate verification is strongly advised. See: https://urllib3.readthedocs.io/en/latest/advanced-usage.html#tls-warnings
  warnings.warn(</msg>
<msg time="2024-05-28T15:14:43.837015" level="INFO">${response} = &lt;Response [200]&gt;</msg>
<var>${response}</var>
<arg>consultarAPI</arg>
<arg>/api</arg>
<doc>Sends a GET request on a previously created HTTP Session.</doc>
<status status="PASS" start="2024-05-28T15:14:43.747612" elapsed="0.089441"/>
</kw>
<kw name="Set Variable" owner="BuiltIn">
<msg time="2024-05-28T15:14:43.838253" level="INFO">${json_data} = {'results': [{'gender': 'female', 'name': {'title': 'Mrs', 'first': 'Benedicte', 'last': 'Aure'}, 'location': {'street': {'number': 8691, 'name': 'Karenslyst allé'}, 'city': 'Røldal', 'state': 'Sør-Tr...</msg>
<var>${json_data}</var>
<arg>${response.json()}</arg>
<doc>Returns the given values which can then be assigned to a variables.</doc>
<status status="PASS" start="2024-05-28T15:14:43.837570" elapsed="0.000714"/>
</kw>
<kw name="Set Variable" owner="BuiltIn">
<msg time="2024-05-28T15:14:43.838964" level="INFO">${name_title} = Mrs</msg>
<var>${name_title}</var>
<arg>${json_data["results"][0]["name"]["title"]}</arg>
<doc>Returns the given values which can then be assigned to a variables.</doc>
<status status="PASS" start="2024-05-28T15:14:43.838590" elapsed="0.000399"/>
</kw>
<kw name="Create List" owner="BuiltIn">
<msg time="2024-05-28T15:14:43.839429" level="INFO">${allowed_titles} = ['Mr', 'Ms', 'Miss', 'Mrs', 'Madame', 'Monsieur']</msg>
<var>${allowed_titles}</var>
<arg>Mr</arg>
<arg>Ms</arg>
<arg>Miss</arg>
<arg>Mrs</arg>
<arg>Madame</arg>
<arg>Monsieur</arg>
<doc>Returns a list containing given items.</doc>
<status status="PASS" start="2024-05-28T15:14:43.839284" elapsed="0.000168"/>
</kw>
<kw name="List Should Contain Value" owner="Collections">
<msg time="2024-05-28T15:14:43.839924" level="INFO">False</msg>
<arg>${allowed_titles}</arg>
<arg>${name_title}</arg>
<doc>Fails if the ``value`` is not found from ``list``.</doc>
<status status="PASS" start="2024-05-28T15:14:43.839754" elapsed="0.000205"/>
</kw>
<kw name="Set Variable" owner="BuiltIn">
<msg time="2024-05-28T15:14:43.840770" level="INFO">${name_country} = NO</msg>
<var>${name_country}</var>
<arg>${json_data["results"][0]["nat"]}</arg>
<doc>Returns the given values which can then be assigned to a variables.</doc>
<status status="PASS" start="2024-05-28T15:14:43.840263" elapsed="0.000533"/>
</kw>
<kw name="Create List" owner="BuiltIn">
<msg time="2024-05-28T15:14:43.841747" level="INFO">${list_country} = ['AD', 'AE', 'AF', 'AG', 'AI', 'AL', 'AM', 'AO', 'AQ', 'AR', 'AS', 'AT', 'AU', 'AW', 'AX', 'AZ', 'BA', 'BB', 'BD', 'BE', 'BF', 'BG', 'BH', 'BI', 'BJ', 'BL', 'BM', 'BN', 'BO', 'BQ', 'BR', 'BS', 'BT', '...</msg>
<var>${list_country}</var>
<arg>AD</arg>
<arg>AE</arg>
<arg>AF</arg>
<arg>AG</arg>
<arg>AI</arg>
<arg>AL</arg>
<arg>AM</arg>
<arg>AO</arg>
<arg>AQ</arg>
<arg>AR</arg>
<arg>AS</arg>
<arg>AT</arg>
<arg>AU</arg>
<arg>AW</arg>
<arg>AX</arg>
<arg>AZ</arg>
<arg>BA</arg>
<arg>BB</arg>
<arg>BD</arg>
<arg>BE</arg>
<arg>BF</arg>
<arg>BG</arg>
<arg>BH</arg>
<arg>BI</arg>
<arg>BJ</arg>
<arg>BL</arg>
<arg>BM</arg>
<arg>BN</arg>
<arg>BO</arg>
<arg>BQ</arg>
<arg>BR</arg>
<arg>BS</arg>
<arg>BT</arg>
<arg>BV</arg>
<arg>BW</arg>
<arg>BY</arg>
<arg>BZ</arg>
<arg>CA</arg>
<arg>CC</arg>
<arg>CD</arg>
<arg>CF</arg>
<arg>CG</arg>
<arg>CH</arg>
<arg>CI</arg>
<arg>CK</arg>
<arg>CL</arg>
<arg>CM</arg>
<arg>CN</arg>
<arg>CO</arg>
<arg>CR</arg>
<arg>CU</arg>
<arg>CV</arg>
<arg>CW</arg>
<arg>CX</arg>
<arg>CY</arg>
<arg>CZ</arg>
<arg>DE</arg>
<arg>DJ</arg>
<arg>DK</arg>
<arg>DM</arg>
<arg>DO</arg>
<arg>DZ</arg>
<arg>EC</arg>
<arg>EE</arg>
<arg>EG</arg>
<arg>EH</arg>
<arg>ER</arg>
<arg>ES</arg>
<arg>ET</arg>
<arg>FI</arg>
<arg>FJ</arg>
<arg>FK</arg>
<arg>FM</arg>
<arg>FO</arg>
<arg>FR</arg>
<arg>GA</arg>
<arg>GB</arg>
<arg>GD</arg>
<arg>GE</arg>
<arg>GF</arg>
<arg>GG</arg>
<arg>GH</arg>
<arg>GI</arg>
<arg>GL</arg>
<arg>GM</arg>
<arg>GN</arg>
<arg>GP</arg>
<arg>GQ</arg>
<arg>GR</arg>
<arg>GS</arg>
<arg>GT</arg>
<arg>GU</arg>
<arg>GW</arg>
<arg>GY</arg>
<arg>HK</arg>
<arg>HM</arg>
<arg>HN</arg>
<arg>HR</arg>
<arg>HT</arg>
<arg>HU</arg>
<arg>ID</arg>
<arg>IE</arg>
<arg>IL</arg>
<arg>IM</arg>
<arg>IN</arg>
<arg>IO</arg>
<arg>IQ</arg>
<arg>IR</arg>
<arg>IS</arg>
<arg>IT</arg>
<arg>JE</arg>
<arg>JM</arg>
<arg>JO</arg>
<arg>JP</arg>
<arg>KE</arg>
<arg>KG</arg>
<arg>KH</arg>
<arg>KI</arg>
<arg>KM</arg>
<arg>KN</arg>
<arg>KP</arg>
<arg>KR</arg>
<arg>KW</arg>
<arg>KY</arg>
<arg>KZ</arg>
<arg>LA</arg>
<arg>LB</arg>
<arg>LC</arg>
<arg>LI</arg>
<arg>LK</arg>
<arg>LR</arg>
<arg>LS</arg>
<arg>LT</arg>
<arg>LU</arg>
<arg>LV</arg>
<arg>LY</arg>
<arg>MA</arg>
<arg>MC</arg>
<arg>MD</arg>
<arg>ME</arg>
<arg>MF</arg>
<arg>MG</arg>
<arg>MH</arg>
<arg>MK</arg>
<arg>ML</arg>
<arg>MM</arg>
<arg>MN</arg>
<arg>MO</arg>
<arg>MP</arg>
<arg>MQ</arg>
<arg>MR</arg>
<arg>MS</arg>
<arg>MT</arg>
<arg>MU</arg>
<arg>MV</arg>
<arg>MW</arg>
<arg>MX</arg>
<arg>MY</arg>
<arg>MZ</arg>
<arg>NA</arg>
<arg>NC</arg>
<arg>NE</arg>
<arg>NF</arg>
<arg>NG</arg>
<arg>NI</arg>
<arg>NL</arg>
<arg>NO</arg>
<arg>NP</arg>
<arg>NR</arg>
<arg>NU</arg>
<arg>NZ</arg>
<arg>OM</arg>
<arg>PA</arg>
<arg>PE</arg>
<arg>PF</arg>
<arg>PG</arg>
<arg>PH</arg>
<arg>PK</arg>
<arg>PL</arg>
<arg>PM</arg>
<arg>PN</arg>
<arg>PR</arg>
<arg>PS</arg>
<arg>PT</arg>
<arg>PW</arg>
<arg>PY</arg>
<arg>QA</arg>
<arg>RE</arg>
<arg>RO</arg>
<arg>RS</arg>
<arg>RU</arg>
<arg>RW</arg>
<arg>SA</arg>
<arg>SB</arg>
<arg>SC</arg>
<arg>SD</arg>
<arg>SE</arg>
<arg>SG</arg>
<arg>SH</arg>
<arg>SI</arg>
<arg>SJ</arg>
<arg>SK</arg>
<arg>SL</arg>
<arg>SM</arg>
<arg>SN</arg>
<arg>SO</arg>
<arg>SR</arg>
<arg>SS</arg>
<arg>ST</arg>
<arg>SV</arg>
<arg>SX</arg>
<arg>SY</arg>
<arg>SZ</arg>
<arg>TC</arg>
<arg>TD</arg>
<arg>TF</arg>
<arg>TG</arg>
<arg>TH</arg>
<arg>TJ</arg>
<arg>TK</arg>
<arg>TL</arg>
<arg>TM</arg>
<arg>TN</arg>
<arg>TO</arg>
<arg>TR</arg>
<arg>TT</arg>
<arg>TV</arg>
<arg>TW</arg>
<arg>TZ</arg>
<arg>UA</arg>
<arg>UG</arg>
<arg>UM</arg>
<arg>US</arg>
<arg>UY</arg>
<arg>UZ</arg>
<arg>VA</arg>
<arg>VC</arg>
<arg>VE</arg>
<arg>VG</arg>
<arg>VI</arg>
<arg>VN</arg>
<arg>VU</arg>
<arg>WF</arg>
<arg>WS</arg>
<arg>XK</arg>
<arg>YE</arg>
<arg>YT</arg>
<arg>ZA</arg>
<arg>ZM</arg>
<arg>ZW</arg>
<doc>Returns a list containing given items.</doc>
<status status="PASS" start="2024-05-28T15:14:43.841156" elapsed="0.000616"/>
</kw>
<kw name="List Should Contain Value" owner="Collections">
<msg time="2024-05-28T15:14:43.842754" level="INFO">False</msg>
<arg>${list_country}</arg>
<arg>${name_country}</arg>
<doc>Fails if the ``value`` is not found from ``list``.</doc>
<status status="PASS" start="2024-05-28T15:14:43.842553" elapsed="0.000237"/>
</kw>
<kw name="Run Keyword If" owner="BuiltIn">
<kw name="Should Be True" owner="BuiltIn">
<arg>${True}</arg>
<doc>Fails if the given condition is not true.</doc>
<status status="PASS" start="2024-05-28T15:14:43.843849" elapsed="0.000143"/>
</kw>
<arg>${json_data["results"][0]["location"]["coordinates"]["latitude"]} &gt;= -90 and ${json_data["results"][0]["location"]["coordinates"]["latitude"]} &lt;= 90</arg>
<arg>Should Be True</arg>
<arg>${True}</arg>
<doc>Runs the given keyword with the given arguments, if ``condition`` is true.</doc>
<status status="PASS" start="2024-05-28T15:14:43.843100" elapsed="0.001027"/>
</kw>
<kw name="Run Keyword If" owner="BuiltIn">
<kw name="Should Be True" owner="BuiltIn">
<arg>${True}</arg>
<doc>Fails if the given condition is not true.</doc>
<status status="PASS" start="2024-05-28T15:14:43.845035" elapsed="0.000140"/>
</kw>
<arg>${json_data["results"][0]["location"]["coordinates"]["longitude"]} &gt;= -180 and ${json_data["results"][0]["location"]["coordinates"]["longitude"]} &lt;= 180</arg>
<arg>Should Be True</arg>
<arg>${True}</arg>
<doc>Runs the given keyword with the given arguments, if ``condition`` is true.</doc>
<status status="PASS" start="2024-05-28T15:14:43.844313" elapsed="0.000986"/>
</kw>
<status status="PASS" start="2024-05-28T15:14:43.747389" elapsed="0.098035"/>
</kw>
<doc>Testa o conteúdo específico dos campos retornados pela API.</doc>
<tag>testeConteudo</tag>
<status status="PASS" start="2024-05-28T15:14:43.746885" elapsed="0.098680"/>
</test>
<status status="PASS" start="2024-05-28T15:14:42.876432" elapsed="0.971047"/>
</suite>
<status status="PASS" start="2024-05-28T15:14:42.862305" elapsed="0.990372"/>
</suite>
<statistics>
<total>
<stat pass="5" fail="0" skip="0">All Tests</stat>
</total>
<tag>
<stat pass="1" fail="0" skip="0">testeConteudo</stat>
<stat pass="1" fail="0" skip="0">testeEstruturaResposta</stat>
<stat pass="1" fail="0" skip="0">testeRequisicaoBasica</stat>
<stat pass="1" fail="0" skip="0">testeTiposDados</stat>
</tag>
<suite>
<stat pass="5" fail="0" skip="0" id="s1" name="Tests">Tests</stat>
<stat pass="5" fail="0" skip="0" id="s1-s1" name="Random-User-Test">Tests.Random-User-Test</stat>
</suite>
</statistics>
<errors>
</errors>
</robot>
