<?xml version="1.0" encoding="UTF-8"?>
<robot generator="Robot 7.0 (Python 3.12.3 on linux)" generated="2024-05-02T08:18:03.592466" rpa="false" schemaversion="5">
<suite id="s1" name="Tests" source="/home/runner/work/DesafioQAItauRogerioJordao/DesafioQAItauRogerioJordao/RamdonUser/tests">
<suite id="s1-s1" name="Random-User-Test" source="/home/runner/work/DesafioQAItauRogerioJordao/DesafioQAItauRogerioJordao/RamdonUser/tests/random-user-test.robot">
<test id="s1-s1-t1" name="Conectar" line="13">
<kw name="Conectar API" owner="random-user-service">
<kw name="Create Session" owner="RequestsLibrary">
<msg time="2024-05-02T08:18:03.992052" level="INFO">Creating Session using : alias=consultarAPI, url=https://randomuser.me/, headers={},                     cookies={}, auth=None, timeout=None, proxies=None, verify=False,                     debug=0 </msg>
<arg>consultarAPI</arg>
<arg>${URL}</arg>
<doc>Create Session: create a HTTP session to a server</doc>
<status status="PASS" start="2024-05-02T08:18:03.991851" elapsed="0.000388"/>
</kw>
<status status="PASS" start="2024-05-02T08:18:03.990854" elapsed="0.001744"/>
</kw>
<status status="PASS" start="2024-05-02T08:18:03.990214" elapsed="0.002578"/>
</test>
<test id="s1-s1-t2" name="Validar retorno 200 e JSON Válido" line="16">
<kw name="Teste de Requisicao Basica" owner="random-user-service">
<kw name="GET On Session" owner="RequestsLibrary">
<msg time="2024-05-02T08:18:04.265422" level="INFO">GET Request : url=https://randomuser.me/api 
 path_url=/api 
 headers={'User-Agent': 'python-requests/2.31.0', 'Accept-Encoding': 'gzip, deflate', 'Accept': '*/*', 'Connection': 'keep-alive'} 
 body=None 
 </msg>
<msg time="2024-05-02T08:18:04.265599" level="INFO">GET Response : url=https://randomuser.me/api 
 status=200, reason=OK 
 headers={'Date': 'Thu, 02 May 2024 08:18:04 GMT', 'Content-Type': 'application/json; charset=utf-8', 'Transfer-Encoding': 'chunked', 'Connection': 'keep-alive', 'X-Powered-By': 'Express', 'Access-Control-Allow-Origin': '*', 'Cache-Control': 'no-cache', 'ETag': 'W/"4a1-U6n+ZN374QkgVNVWIG4bANkbWtk"', 'Vary': 'Accept-Encoding', 'Content-Encoding': 'gzip', 'CF-Cache-Status': 'DYNAMIC', 'Report-To': '{"endpoints":[{"url":"https:\\/\\/a.nel.cloudflare.com\\/report\\/v4?s=%2F57UHNpo7uE7d31rjcxDGIM3ssANc0lXBEGUrH5SFz4ze3fqb1sKYvqxMXNdxqSh9Or8Eb7Rvy4B3S7MLfZRB6VmoTYPURRLVqLZp%2B0Rxu%2Fe6MJ0Q%2BCFsZTZ7G1b%2F7e5"}],"group":"cf-nel","max_age":604800}', 'NEL': '{"success_fraction":0,"report_to":"cf-nel","max_age":604800}', 'Server': 'cloudflare', 'CF-RAY': '87d694181cb4faaa-SJC', 'alt-svc': 'h3=":443"; ma=86400'} 
 body={"results":[{"gender":"female","name":{"title":"Ms","first":"Capucine","last":"Henry"},"location":{"street":{"number":7010,"name":"Route de Genas"},"city":"Nantes","state":"Nord","country":"France","postcode":83044,"coordinates":{"latitude":"-15.0345","longitude":"28.9932"},"timezone":{"offset":"+5:00","description":"Ekaterinburg, Islamabad, Karachi, Tashkent"}},"email":"capucine.henry@example.com","login":{"uuid":"27ebb59b-cf21-4439-94fe-0d7d471a49a5","username":"whitebird869","password":"wildone","salt":"0jhsnKZr","md5":"21e6863bb51c0eb0a28c2e21eb981dd7","sha1":"e32a264b90c7acbe3476561521001b07019eec98","sha256":"32f039a752c98326fe1d3233f3c0653ec606af5a430ff468ddb7c01db7ab72eb"},"dob":{"date":"1970-05-27T13:34:48.256Z","age":53},"registered":{"date":"2019-07-28T19:07:48.807Z","age":4},"phone":"03-16-26-63-25","cell":"06-12-79-31-52","id":{"name":"INSEE","value":"2700433799551 28"},"picture":{"large":"https://randomuser.me/api/portraits/women/26.jpg","medium":"https://randomuser.me/api/portraits/med/women/26.jpg","thumbnail":"https://randomuser.me/api/portraits/thumb/women/26.jpg"},"nat":"FR"}],"info":{"seed":"3d2e50ed74763c49","results":1,"page":1,"version":"1.4"}} 
 </msg>
<msg time="2024-05-02T08:18:04.265732" level="INFO">/opt/hostedtoolcache/Python/3.12.3/x64/lib/python3.12/site-packages/urllib3/connectionpool.py:1103: InsecureRequestWarning: Unverified HTTPS request is being made to host 'randomuser.me'. Adding certificate verification is strongly advised. See: https://urllib3.readthedocs.io/en/latest/advanced-usage.html#tls-warnings
  warnings.warn(</msg>
<msg time="2024-05-02T08:18:04.265900" level="INFO">${response} = &lt;Response [200]&gt;</msg>
<var>${response}</var>
<arg>consultarAPI</arg>
<arg>/api</arg>
<doc>Sends a GET request on a previously created HTTP Session.</doc>
<status status="PASS" start="2024-05-02T08:18:03.995528" elapsed="0.270415"/>
</kw>
<kw name="Should Be Equal As Numbers" owner="BuiltIn">
<msg time="2024-05-02T08:18:04.266974" level="INFO">Argument types are:
&lt;class 'int'&gt;
&lt;class 'str'&gt;</msg>
<arg>${response.status_code}</arg>
<arg>200</arg>
<doc>Fails if objects are unequal after converting them to real numbers.</doc>
<status status="PASS" start="2024-05-02T08:18:04.266515" elapsed="0.000525"/>
</kw>
<kw name="Log" owner="BuiltIn">
<msg time="2024-05-02T08:18:04.267710" level="INFO">200</msg>
<arg>${response.status_code}</arg>
<doc>Logs the given message with the given level.</doc>
<status status="PASS" start="2024-05-02T08:18:04.267368" elapsed="0.000383"/>
</kw>
<kw name="Set Variable" owner="BuiltIn">
<msg time="2024-05-02T08:18:04.268478" level="INFO">${json_data} = {'results': [{'gender': 'female', 'name': {'title': 'Ms', 'first': 'Capucine', 'last': 'Henry'}, 'location': {'street': {'number': 7010, 'name': 'Route de Genas'}, 'city': 'Nantes', 'state': 'Nord', '...</msg>
<var>${json_data}</var>
<arg>${response.json()}</arg>
<doc>Returns the given values which can then be assigned to a variables.</doc>
<status status="PASS" start="2024-05-02T08:18:04.268047" elapsed="0.000459"/>
</kw>
<kw name="Dictionary Should Contain Key" owner="Collections">
<msg time="2024-05-02T08:18:04.268976" level="INFO">False</msg>
<arg>${json_data}</arg>
<arg>results</arg>
<doc>Fails if ``key`` is not found from ``dictionary``.</doc>
<status status="PASS" start="2024-05-02T08:18:04.268805" elapsed="0.000211"/>
</kw>
<status status="PASS" start="2024-05-02T08:18:03.995286" elapsed="0.273984"/>
</kw>
<doc>Testa se a API responde corretamente e retorna um objeto JSON válido.</doc>
<tag>testeRequisicaoBasica</tag>
<status status="PASS" start="2024-05-02T08:18:03.994753" elapsed="0.274704"/>
</test>
<test id="s1-s1-t3" name="Validar estrutura de resposta" line="22">
<kw name="Teste de Estrutura de Resposta" owner="random-user-service">
<kw name="GET On Session" owner="RequestsLibrary">
<msg time="2024-05-02T08:18:04.362434" level="INFO">GET Request : url=https://randomuser.me/api 
 path_url=/api 
 headers={'User-Agent': 'python-requests/2.31.0', 'Accept-Encoding': 'gzip, deflate', 'Accept': '*/*', 'Connection': 'keep-alive'} 
 body=None 
 </msg>
<msg time="2024-05-02T08:18:04.362531" level="INFO">GET Response : url=https://randomuser.me/api 
 status=200, reason=OK 
 headers={'Date': 'Thu, 02 May 2024 08:18:04 GMT', 'Content-Type': 'application/json; charset=utf-8', 'Transfer-Encoding': 'chunked', 'Connection': 'keep-alive', 'X-Powered-By': 'Express', 'Access-Control-Allow-Origin': '*', 'Cache-Control': 'no-cache', 'ETag': 'W/"48a-CA0TezRaed6DPmEIlYg1Hvu3qio"', 'Vary': 'Accept-Encoding', 'Content-Encoding': 'gzip', 'CF-Cache-Status': 'DYNAMIC', 'Report-To': '{"endpoints":[{"url":"https:\\/\\/a.nel.cloudflare.com\\/report\\/v4?s=Cs88ZrcFT%2BBpxEIYpQGVUcvOGhsXKFGZcQRODKp%2Bs0s61ya7c6MQdakAXqN1M5rRndV7W2axvZd64UIVNs7DP8N%2BdnmQRhkNcWQih3VE8nl6XjUpy9Ce%2BejtdsGOzkWr"}],"group":"cf-nel","max_age":604800}', 'NEL': '{"success_fraction":0,"report_to":"cf-nel","max_age":604800}', 'Server': 'cloudflare', 'CF-RAY': '87d69418bd0efaaa-SJC', 'alt-svc': 'h3=":443"; ma=86400'} 
 body={"results":[{"gender":"male","name":{"title":"Mr","first":"Mstibog","last":"Kopitko"},"location":{"street":{"number":1836,"name":"Pavlivska"},"city":"Hotin","state":"Mikolayivska","country":"Ukraine","postcode":33866,"coordinates":{"latitude":"75.5108","longitude":"-132.2224"},"timezone":{"offset":"+5:00","description":"Ekaterinburg, Islamabad, Karachi, Tashkent"}},"email":"mstibog.kopitko@example.com","login":{"uuid":"96a2ae94-e4b0-4af0-8680-0e7470b60258","username":"lazybear130","password":"ggggg","salt":"4rSbO0bW","md5":"7beefc5609ad3c9dfdbb1296da897c3f","sha1":"27cdd2696ca9dd1e80c2a9015cb02448226c719e","sha256":"89cb5823769da30de6558e4bdb44bf079773c4813ff58762bf56de93159009fc"},"dob":{"date":"1997-09-11T00:10:11.789Z","age":26},"registered":{"date":"2011-10-02T18:51:18.746Z","age":12},"phone":"(096) A74-0135","cell":"(097) K07-7916","id":{"name":"","value":null},"picture":{"large":"https://randomuser.me/api/portraits/men/29.jpg","medium":"https://randomuser.me/api/portraits/med/men/29.jpg","thumbnail":"https://randomuser.me/api/portraits/thumb/men/29.jpg"},"nat":"UA"}],"info":{"seed":"782a55c3abc3d19b","results":1,"page":1,"version":"1.4"}} 
 </msg>
<msg time="2024-05-02T08:18:04.362661" level="INFO">/opt/hostedtoolcache/Python/3.12.3/x64/lib/python3.12/site-packages/urllib3/connectionpool.py:1103: InsecureRequestWarning: Unverified HTTPS request is being made to host 'randomuser.me'. Adding certificate verification is strongly advised. See: https://urllib3.readthedocs.io/en/latest/advanced-usage.html#tls-warnings
  warnings.warn(</msg>
<msg time="2024-05-02T08:18:04.362813" level="INFO">${response} = &lt;Response [200]&gt;</msg>
<var>${response}</var>
<arg>consultarAPI</arg>
<arg>/api</arg>
<doc>Sends a GET request on a previously created HTTP Session.</doc>
<status status="PASS" start="2024-05-02T08:18:04.272023" elapsed="0.090857"/>
</kw>
<kw name="Set Variable" owner="BuiltIn">
<msg time="2024-05-02T08:18:04.363803" level="INFO">${json_data} = {'results': [{'gender': 'male', 'name': {'title': 'Mr', 'first': 'Mstibog', 'last': 'Kopitko'}, 'location': {'street': {'number': 1836, 'name': 'Pavlivska'}, 'city': 'Hotin', 'state': 'Mikolayivska', ...</msg>
<var>${json_data}</var>
<arg>${response.json()}</arg>
<doc>Returns the given values which can then be assigned to a variables.</doc>
<status status="PASS" start="2024-05-02T08:18:04.363315" elapsed="0.000515"/>
</kw>
<kw name="Log" owner="BuiltIn">
<msg time="2024-05-02T08:18:04.364286" level="INFO">{'results': [{'gender': 'male', 'name': {'title': 'Mr', 'first': 'Mstibog', 'last': 'Kopitko'}, 'location': {'street': {'number': 1836, 'name': 'Pavlivska'}, 'city': 'Hotin', 'state': 'Mikolayivska', 'country': 'Ukraine', 'postcode': 33866, 'coordinates': {'latitude': '75.5108', 'longitude': '-132.2224'}, 'timezone': {'offset': '+5:00', 'description': 'Ekaterinburg, Islamabad, Karachi, Tashkent'}}, 'email': 'mstibog.kopitko@example.com', 'login': {'uuid': '96a2ae94-e4b0-4af0-8680-0e7470b60258', 'username': 'lazybear130', 'password': 'ggggg', 'salt': '4rSbO0bW', 'md5': '7beefc5609ad3c9dfdbb1296da897c3f', 'sha1': '27cdd2696ca9dd1e80c2a9015cb02448226c719e', 'sha256': '89cb5823769da30de6558e4bdb44bf079773c4813ff58762bf56de93159009fc'}, 'dob': {'date': '1997-09-11T00:10:11.789Z', 'age': 26}, 'registered': {'date': '2011-10-02T18:51:18.746Z', 'age': 12}, 'phone': '(096) A74-0135', 'cell': '(097) K07-7916', 'id': {'name': '', 'value': None}, 'picture': {'large': 'https://randomuser.me/api/portraits/men/29.jpg', 'medium': 'https://randomuser.me/api/portraits/med/men/29.jpg', 'thumbnail': 'https://randomuser.me/api/portraits/thumb/men/29.jpg'}, 'nat': 'UA'}], 'info': {'seed': '782a55c3abc3d19b', 'results': 1, 'page': 1, 'version': '1.4'}}</msg>
<arg>${json_data}</arg>
<doc>Logs the given message with the given level.</doc>
<status status="PASS" start="2024-05-02T08:18:04.364130" elapsed="0.000202"/>
</kw>
<kw name="Dictionary Should Contain Key" owner="Collections">
<msg time="2024-05-02T08:18:04.364784" level="INFO">False</msg>
<arg>${json_data}</arg>
<arg>results</arg>
<doc>Fails if ``key`` is not found from ``dictionary``.</doc>
<status status="PASS" start="2024-05-02T08:18:04.364624" elapsed="0.000196"/>
</kw>
<kw name="Should Not Be Empty" owner="BuiltIn">
<msg time="2024-05-02T08:18:04.365232" level="INFO">Length is 2.</msg>
<arg>${json_data}</arg>
<doc>Verifies that the given item is not empty.</doc>
<status status="PASS" start="2024-05-02T08:18:04.365102" elapsed="0.000321"/>
</kw>
<kw name="Create List" owner="BuiltIn">
<msg time="2024-05-02T08:18:04.365924" level="INFO">${expected_keys} = ['gender', 'name', 'location', 'email', 'login']</msg>
<var>${expected_keys}</var>
<arg>gender</arg>
<arg>name</arg>
<arg>location</arg>
<arg>email</arg>
<arg>login</arg>
<doc>Returns a list containing given items.</doc>
<status status="PASS" start="2024-05-02T08:18:04.365765" elapsed="0.000184"/>
</kw>
<for flavor="IN">
<iter>
<kw name="Dictionary Should Contain Key" owner="Collections">
<msg time="2024-05-02T08:18:04.366931" level="INFO">False</msg>
<arg>${json_data['results'][0]}</arg>
<arg>${key}</arg>
<doc>Fails if ``key`` is not found from ``dictionary``.</doc>
<status status="PASS" start="2024-05-02T08:18:04.366531" elapsed="0.000438"/>
</kw>
<kw name="Log" owner="BuiltIn">
<msg time="2024-05-02T08:18:04.367636" level="INFO">{'gender': 'male', 'name': {'title': 'Mr', 'first': 'Mstibog', 'last': 'Kopitko'}, 'location': {'street': {'number': 1836, 'name': 'Pavlivska'}, 'city': 'Hotin', 'state': 'Mikolayivska', 'country': 'Ukraine', 'postcode': 33866, 'coordinates': {'latitude': '75.5108', 'longitude': '-132.2224'}, 'timezone': {'offset': '+5:00', 'description': 'Ekaterinburg, Islamabad, Karachi, Tashkent'}}, 'email': 'mstibog.kopitko@example.com', 'login': {'uuid': '96a2ae94-e4b0-4af0-8680-0e7470b60258', 'username': 'lazybear130', 'password': 'ggggg', 'salt': '4rSbO0bW', 'md5': '7beefc5609ad3c9dfdbb1296da897c3f', 'sha1': '27cdd2696ca9dd1e80c2a9015cb02448226c719e', 'sha256': '89cb5823769da30de6558e4bdb44bf079773c4813ff58762bf56de93159009fc'}, 'dob': {'date': '1997-09-11T00:10:11.789Z', 'age': 26}, 'registered': {'date': '2011-10-02T18:51:18.746Z', 'age': 12}, 'phone': '(096) A74-0135', 'cell': '(097) K07-7916', 'id': {'name': '', 'value': None}, 'picture': {'large': 'https://randomuser.me/api/portraits/men/29.jpg', 'medium': 'https://randomuser.me/api/portraits/med/men/29.jpg', 'thumbnail': 'https://randomuser.me/api/portraits/thumb/men/29.jpg'}, 'nat': 'UA'}</msg>
<arg>${json_data['results'][0]}</arg>
<doc>Logs the given message with the given level.</doc>
<status status="PASS" start="2024-05-02T08:18:04.367273" elapsed="0.000409"/>
</kw>
<kw name="Log" owner="BuiltIn">
<msg time="2024-05-02T08:18:04.368092" level="INFO">gender</msg>
<arg>${key}</arg>
<doc>Logs the given message with the given level.</doc>
<status status="PASS" start="2024-05-02T08:18:04.367969" elapsed="0.000159"/>
</kw>
<var name="${key}">gender</var>
<status status="PASS" start="2024-05-02T08:18:04.366402" elapsed="0.001932"/>
</iter>
<iter>
<kw name="Dictionary Should Contain Key" owner="Collections">
<msg time="2024-05-02T08:18:04.369001" level="INFO">False</msg>
<arg>${json_data['results'][0]}</arg>
<arg>${key}</arg>
<doc>Fails if ``key`` is not found from ``dictionary``.</doc>
<status status="PASS" start="2024-05-02T08:18:04.368627" elapsed="0.000410"/>
</kw>
<kw name="Log" owner="BuiltIn">
<msg time="2024-05-02T08:18:04.369739" level="INFO">{'gender': 'male', 'name': {'title': 'Mr', 'first': 'Mstibog', 'last': 'Kopitko'}, 'location': {'street': {'number': 1836, 'name': 'Pavlivska'}, 'city': 'Hotin', 'state': 'Mikolayivska', 'country': 'Ukraine', 'postcode': 33866, 'coordinates': {'latitude': '75.5108', 'longitude': '-132.2224'}, 'timezone': {'offset': '+5:00', 'description': 'Ekaterinburg, Islamabad, Karachi, Tashkent'}}, 'email': 'mstibog.kopitko@example.com', 'login': {'uuid': '96a2ae94-e4b0-4af0-8680-0e7470b60258', 'username': 'lazybear130', 'password': 'ggggg', 'salt': '4rSbO0bW', 'md5': '7beefc5609ad3c9dfdbb1296da897c3f', 'sha1': '27cdd2696ca9dd1e80c2a9015cb02448226c719e', 'sha256': '89cb5823769da30de6558e4bdb44bf079773c4813ff58762bf56de93159009fc'}, 'dob': {'date': '1997-09-11T00:10:11.789Z', 'age': 26}, 'registered': {'date': '2011-10-02T18:51:18.746Z', 'age': 12}, 'phone': '(096) A74-0135', 'cell': '(097) K07-7916', 'id': {'name': '', 'value': None}, 'picture': {'large': 'https://randomuser.me/api/portraits/men/29.jpg', 'medium': 'https://randomuser.me/api/portraits/med/men/29.jpg', 'thumbnail': 'https://randomuser.me/api/portraits/thumb/men/29.jpg'}, 'nat': 'UA'}</msg>
<arg>${json_data['results'][0]}</arg>
<doc>Logs the given message with the given level.</doc>
<status status="PASS" start="2024-05-02T08:18:04.369356" elapsed="0.000438"/>
</kw>
<kw name="Log" owner="BuiltIn">
<msg time="2024-05-02T08:18:04.370208" level="INFO">name</msg>
<arg>${key}</arg>
<doc>Logs the given message with the given level.</doc>
<status status="PASS" start="2024-05-02T08:18:04.370085" elapsed="0.000160"/>
</kw>
<var name="${key}">name</var>
<status status="PASS" start="2024-05-02T08:18:04.368516" elapsed="0.001939"/>
</iter>
<iter>
<kw name="Dictionary Should Contain Key" owner="Collections">
<msg time="2024-05-02T08:18:04.371114" level="INFO">False</msg>
<arg>${json_data['results'][0]}</arg>
<arg>${key}</arg>
<doc>Fails if ``key`` is not found from ``dictionary``.</doc>
<status status="PASS" start="2024-05-02T08:18:04.370738" elapsed="0.000412"/>
</kw>
<kw name="Log" owner="BuiltIn">
<msg time="2024-05-02T08:18:04.371787" level="INFO">{'gender': 'male', 'name': {'title': 'Mr', 'first': 'Mstibog', 'last': 'Kopitko'}, 'location': {'street': {'number': 1836, 'name': 'Pavlivska'}, 'city': 'Hotin', 'state': 'Mikolayivska', 'country': 'Ukraine', 'postcode': 33866, 'coordinates': {'latitude': '75.5108', 'longitude': '-132.2224'}, 'timezone': {'offset': '+5:00', 'description': 'Ekaterinburg, Islamabad, Karachi, Tashkent'}}, 'email': 'mstibog.kopitko@example.com', 'login': {'uuid': '96a2ae94-e4b0-4af0-8680-0e7470b60258', 'username': 'lazybear130', 'password': 'ggggg', 'salt': '4rSbO0bW', 'md5': '7beefc5609ad3c9dfdbb1296da897c3f', 'sha1': '27cdd2696ca9dd1e80c2a9015cb02448226c719e', 'sha256': '89cb5823769da30de6558e4bdb44bf079773c4813ff58762bf56de93159009fc'}, 'dob': {'date': '1997-09-11T00:10:11.789Z', 'age': 26}, 'registered': {'date': '2011-10-02T18:51:18.746Z', 'age': 12}, 'phone': '(096) A74-0135', 'cell': '(097) K07-7916', 'id': {'name': '', 'value': None}, 'picture': {'large': 'https://randomuser.me/api/portraits/men/29.jpg', 'medium': 'https://randomuser.me/api/portraits/med/men/29.jpg', 'thumbnail': 'https://randomuser.me/api/portraits/thumb/men/29.jpg'}, 'nat': 'UA'}</msg>
<arg>${json_data['results'][0]}</arg>
<doc>Logs the given message with the given level.</doc>
<status status="PASS" start="2024-05-02T08:18:04.371439" elapsed="0.000393"/>
</kw>
<kw name="Log" owner="BuiltIn">
<msg time="2024-05-02T08:18:04.372239" level="INFO">location</msg>
<arg>${key}</arg>
<doc>Logs the given message with the given level.</doc>
<status status="PASS" start="2024-05-02T08:18:04.372118" elapsed="0.000158"/>
</kw>
<var name="${key}">location</var>
<status status="PASS" start="2024-05-02T08:18:04.370629" elapsed="0.001857"/>
</iter>
<iter>
<kw name="Dictionary Should Contain Key" owner="Collections">
<msg time="2024-05-02T08:18:04.373134" level="INFO">False</msg>
<arg>${json_data['results'][0]}</arg>
<arg>${key}</arg>
<doc>Fails if ``key`` is not found from ``dictionary``.</doc>
<status status="PASS" start="2024-05-02T08:18:04.372762" elapsed="0.000407"/>
</kw>
<kw name="Log" owner="BuiltIn">
<msg time="2024-05-02T08:18:04.373864" level="INFO">{'gender': 'male', 'name': {'title': 'Mr', 'first': 'Mstibog', 'last': 'Kopitko'}, 'location': {'street': {'number': 1836, 'name': 'Pavlivska'}, 'city': 'Hotin', 'state': 'Mikolayivska', 'country': 'Ukraine', 'postcode': 33866, 'coordinates': {'latitude': '75.5108', 'longitude': '-132.2224'}, 'timezone': {'offset': '+5:00', 'description': 'Ekaterinburg, Islamabad, Karachi, Tashkent'}}, 'email': 'mstibog.kopitko@example.com', 'login': {'uuid': '96a2ae94-e4b0-4af0-8680-0e7470b60258', 'username': 'lazybear130', 'password': 'ggggg', 'salt': '4rSbO0bW', 'md5': '7beefc5609ad3c9dfdbb1296da897c3f', 'sha1': '27cdd2696ca9dd1e80c2a9015cb02448226c719e', 'sha256': '89cb5823769da30de6558e4bdb44bf079773c4813ff58762bf56de93159009fc'}, 'dob': {'date': '1997-09-11T00:10:11.789Z', 'age': 26}, 'registered': {'date': '2011-10-02T18:51:18.746Z', 'age': 12}, 'phone': '(096) A74-0135', 'cell': '(097) K07-7916', 'id': {'name': '', 'value': None}, 'picture': {'large': 'https://randomuser.me/api/portraits/men/29.jpg', 'medium': 'https://randomuser.me/api/portraits/med/men/29.jpg', 'thumbnail': 'https://randomuser.me/api/portraits/thumb/men/29.jpg'}, 'nat': 'UA'}</msg>
<arg>${json_data['results'][0]}</arg>
<doc>Logs the given message with the given level.</doc>
<status status="PASS" start="2024-05-02T08:18:04.373456" elapsed="0.000455"/>
</kw>
<kw name="Log" owner="BuiltIn">
<msg time="2024-05-02T08:18:04.374325" level="INFO">email</msg>
<arg>${key}</arg>
<doc>Logs the given message with the given level.</doc>
<status status="PASS" start="2024-05-02T08:18:04.374199" elapsed="0.000162"/>
</kw>
<var name="${key}">email</var>
<status status="PASS" start="2024-05-02T08:18:04.372654" elapsed="0.001915"/>
</iter>
<iter>
<kw name="Dictionary Should Contain Key" owner="Collections">
<msg time="2024-05-02T08:18:04.375228" level="INFO">False</msg>
<arg>${json_data['results'][0]}</arg>
<arg>${key}</arg>
<doc>Fails if ``key`` is not found from ``dictionary``.</doc>
<status status="PASS" start="2024-05-02T08:18:04.374844" elapsed="0.000420"/>
</kw>
<kw name="Log" owner="BuiltIn">
<msg time="2024-05-02T08:18:04.375913" level="INFO">{'gender': 'male', 'name': {'title': 'Mr', 'first': 'Mstibog', 'last': 'Kopitko'}, 'location': {'street': {'number': 1836, 'name': 'Pavlivska'}, 'city': 'Hotin', 'state': 'Mikolayivska', 'country': 'Ukraine', 'postcode': 33866, 'coordinates': {'latitude': '75.5108', 'longitude': '-132.2224'}, 'timezone': {'offset': '+5:00', 'description': 'Ekaterinburg, Islamabad, Karachi, Tashkent'}}, 'email': 'mstibog.kopitko@example.com', 'login': {'uuid': '96a2ae94-e4b0-4af0-8680-0e7470b60258', 'username': 'lazybear130', 'password': 'ggggg', 'salt': '4rSbO0bW', 'md5': '7beefc5609ad3c9dfdbb1296da897c3f', 'sha1': '27cdd2696ca9dd1e80c2a9015cb02448226c719e', 'sha256': '89cb5823769da30de6558e4bdb44bf079773c4813ff58762bf56de93159009fc'}, 'dob': {'date': '1997-09-11T00:10:11.789Z', 'age': 26}, 'registered': {'date': '2011-10-02T18:51:18.746Z', 'age': 12}, 'phone': '(096) A74-0135', 'cell': '(097) K07-7916', 'id': {'name': '', 'value': None}, 'picture': {'large': 'https://randomuser.me/api/portraits/men/29.jpg', 'medium': 'https://randomuser.me/api/portraits/med/men/29.jpg', 'thumbnail': 'https://randomuser.me/api/portraits/thumb/men/29.jpg'}, 'nat': 'UA'}</msg>
<arg>${json_data['results'][0]}</arg>
<doc>Logs the given message with the given level.</doc>
<status status="PASS" start="2024-05-02T08:18:04.375554" elapsed="0.000405"/>
</kw>
<kw name="Log" owner="BuiltIn">
<msg time="2024-05-02T08:18:04.376370" level="INFO">login</msg>
<arg>${key}</arg>
<doc>Logs the given message with the given level.</doc>
<status status="PASS" start="2024-05-02T08:18:04.376244" elapsed="0.000163"/>
</kw>
<var name="${key}">login</var>
<status status="PASS" start="2024-05-02T08:18:04.374736" elapsed="0.001909"/>
</iter>
<var>${key}</var>
<value>@{expected_keys}</value>
<status status="PASS" start="2024-05-02T08:18:04.366210" elapsed="0.010557"/>
</for>
<kw name="Create List" owner="BuiltIn">
<msg time="2024-05-02T08:18:04.377087" level="INFO">${expected_keysTwo} = ['username', 'password']</msg>
<var>${expected_keysTwo}</var>
<arg>username</arg>
<arg>password</arg>
<doc>Returns a list containing given items.</doc>
<status status="PASS" start="2024-05-02T08:18:04.376953" elapsed="0.000156"/>
</kw>
<for flavor="IN">
<iter>
<kw name="Dictionary Should Contain Key" owner="Collections">
<msg time="2024-05-02T08:18:04.378014" level="INFO">False</msg>
<arg>${json_data['results'][0]['login']}</arg>
<arg>${keyTwo}</arg>
<doc>Fails if ``key`` is not found from ``dictionary``.</doc>
<status status="PASS" start="2024-05-02T08:18:04.377604" elapsed="0.000446"/>
</kw>
<kw name="Dictionary Should Contain Key" owner="Collections">
<msg time="2024-05-02T08:18:04.378711" level="INFO">False</msg>
<arg>${json_data['results'][0]['login']}</arg>
<arg>${keyTwo}</arg>
<doc>Fails if ``key`` is not found from ``dictionary``.</doc>
<status status="PASS" start="2024-05-02T08:18:04.378338" elapsed="0.000409"/>
</kw>
<kw name="Log" owner="BuiltIn">
<msg time="2024-05-02T08:18:04.379156" level="INFO">username</msg>
<arg>${keyTwo}</arg>
<doc>Logs the given message with the given level.</doc>
<status status="PASS" start="2024-05-02T08:18:04.379033" elapsed="0.000163"/>
</kw>
<var name="${keyTwo}">username</var>
<status status="PASS" start="2024-05-02T08:18:04.377496" elapsed="0.001907"/>
</iter>
<iter>
<kw name="Dictionary Should Contain Key" owner="Collections">
<msg time="2024-05-02T08:18:04.380134" level="INFO">False</msg>
<arg>${json_data['results'][0]['login']}</arg>
<arg>${keyTwo}</arg>
<doc>Fails if ``key`` is not found from ``dictionary``.</doc>
<status status="PASS" start="2024-05-02T08:18:04.379675" elapsed="0.000499"/>
</kw>
<kw name="Dictionary Should Contain Key" owner="Collections">
<msg time="2024-05-02T08:18:04.380833" level="INFO">False</msg>
<arg>${json_data['results'][0]['login']}</arg>
<arg>${keyTwo}</arg>
<doc>Fails if ``key`` is not found from ``dictionary``.</doc>
<status status="PASS" start="2024-05-02T08:18:04.380462" elapsed="0.000406"/>
</kw>
<kw name="Log" owner="BuiltIn">
<msg time="2024-05-02T08:18:04.381277" level="INFO">password</msg>
<arg>${keyTwo}</arg>
<doc>Logs the given message with the given level.</doc>
<status status="PASS" start="2024-05-02T08:18:04.381155" elapsed="0.000158"/>
</kw>
<var name="${keyTwo}">password</var>
<status status="PASS" start="2024-05-02T08:18:04.379569" elapsed="0.001955"/>
</iter>
<var>${keyTwo}</var>
<value>@{expected_keysTwo}</value>
<status status="PASS" start="2024-05-02T08:18:04.377346" elapsed="0.004297"/>
</for>
<status status="PASS" start="2024-05-02T08:18:04.271792" elapsed="0.110034"/>
</kw>
<doc>Testa a estrutura da resposta da API.</doc>
<tag>testeEstruturaResposta</tag>
<status status="PASS" start="2024-05-02T08:18:04.271286" elapsed="0.110698"/>
</test>
<test id="s1-s1-t4" name="Validar tipos de dados" line="28">
<kw name="Teste de Tipos de Dados" owner="random-user-service">
<kw name="GET On Session" owner="RequestsLibrary">
<msg time="2024-05-02T08:18:04.468158" level="INFO">GET Request : url=https://randomuser.me/api 
 path_url=/api 
 headers={'User-Agent': 'python-requests/2.31.0', 'Accept-Encoding': 'gzip, deflate', 'Accept': '*/*', 'Connection': 'keep-alive'} 
 body=None 
 </msg>
<msg time="2024-05-02T08:18:04.468247" level="INFO">GET Response : url=https://randomuser.me/api 
 status=200, reason=OK 
 headers={'Date': 'Thu, 02 May 2024 08:18:04 GMT', 'Content-Type': 'application/json; charset=utf-8', 'Transfer-Encoding': 'chunked', 'Connection': 'keep-alive', 'X-Powered-By': 'Express', 'Access-Control-Allow-Origin': '*', 'Cache-Control': 'no-cache', 'ETag': 'W/"47e-D/L7zheEPujwEuNEBJGEiKpYAJ0"', 'Vary': 'Accept-Encoding', 'Content-Encoding': 'gzip', 'CF-Cache-Status': 'DYNAMIC', 'Report-To': '{"endpoints":[{"url":"https:\\/\\/a.nel.cloudflare.com\\/report\\/v4?s=3VClkH9%2BJG7cMLUlDwOwRwWSvFFVUxGTKQciBqj9aOh%2B%2B5KI6bKFjjzEOyM8nhjljkWn%2BW7JKazg2W3rlK4kj91wGMdpHS0Mzqd7D5ioTY8SOQJPFafvWuLcl8nZdCC5"}],"group":"cf-nel","max_age":604800}', 'NEL': '{"success_fraction":0,"report_to":"cf-nel","max_age":604800}', 'Server': 'cloudflare', 'CF-RAY': '87d694196d8ffaaa-SJC', 'alt-svc': 'h3=":443"; ma=86400'} 
 body={"results":[{"gender":"female","name":{"title":"Mrs","first":"Ljiljana","last":"Drljača"},"location":{"street":{"number":8060,"name":"Moše Pijade"},"city":"Merošina","state":"Peć","country":"Serbia","postcode":39229,"coordinates":{"latitude":"62.8943","longitude":"111.2969"},"timezone":{"offset":"-3:30","description":"Newfoundland"}},"email":"ljiljana.drljaca@example.com","login":{"uuid":"6295c977-54bb-4248-8d8a-ea4c67eb36d4","username":"purpletiger691","password":"kaylee","salt":"rUSiqIdZ","md5":"dbb7af98f9d21b62e9d6f8a77a5fbbee","sha1":"ac80bd20c04a245b4b6b3e7da532731490daa4c2","sha256":"834356765b1653914d32afe837b317c08020bd0ef28e36369bd0cb8ce929322d"},"dob":{"date":"1961-03-12T06:59:08.177Z","age":63},"registered":{"date":"2018-01-16T13:13:27.828Z","age":6},"phone":"028-7248-200","cell":"068-4005-742","id":{"name":"SID","value":"910654024"},"picture":{"large":"https://randomuser.me/api/portraits/women/39.jpg","medium":"https://randomuser.me/api/portraits/med/women/39.jpg","thumbnail":"https://randomuser.me/api/portraits/thumb/women/39.jpg"},"nat":"RS"}],"info":{"seed":"89c97fc9ca213733","results":1,"page":1,"version":"1.4"}} 
 </msg>
<msg time="2024-05-02T08:18:04.468319" level="INFO">/opt/hostedtoolcache/Python/3.12.3/x64/lib/python3.12/site-packages/urllib3/connectionpool.py:1103: InsecureRequestWarning: Unverified HTTPS request is being made to host 'randomuser.me'. Adding certificate verification is strongly advised. See: https://urllib3.readthedocs.io/en/latest/advanced-usage.html#tls-warnings
  warnings.warn(</msg>
<msg time="2024-05-02T08:18:04.468428" level="INFO">${response} = &lt;Response [200]&gt;</msg>
<var>${response}</var>
<arg>consultarAPI</arg>
<arg>/api</arg>
<doc>Sends a GET request on a previously created HTTP Session.</doc>
<status status="PASS" start="2024-05-02T08:18:04.384401" elapsed="0.084052"/>
</kw>
<kw name="Set Variable" owner="BuiltIn">
<msg time="2024-05-02T08:18:04.469548" level="INFO">${json_data} = {'results': [{'gender': 'female', 'name': {'title': 'Mrs', 'first': 'Ljiljana', 'last': 'Drljača'}, 'location': {'street': {'number': 8060, 'name': 'Moše Pijade'}, 'city': 'Merošina', 'state': 'Peć', ...</msg>
<var>${json_data}</var>
<arg>${response.json()}</arg>
<doc>Returns the given values which can then be assigned to a variables.</doc>
<status status="PASS" start="2024-05-02T08:18:04.469025" elapsed="0.000553"/>
</kw>
<kw name="Log" owner="BuiltIn">
<msg time="2024-05-02T08:18:04.470095" level="INFO">{'results': [{'gender': 'female', 'name': {'title': 'Mrs', 'first': 'Ljiljana', 'last': 'Drljača'}, 'location': {'street': {'number': 8060, 'name': 'Moše Pijade'}, 'city': 'Merošina', 'state': 'Peć', 'country': 'Serbia', 'postcode': 39229, 'coordinates': {'latitude': '62.8943', 'longitude': '111.2969'}, 'timezone': {'offset': '-3:30', 'description': 'Newfoundland'}}, 'email': 'ljiljana.drljaca@example.com', 'login': {'uuid': '6295c977-54bb-4248-8d8a-ea4c67eb36d4', 'username': 'purpletiger691', 'password': 'kaylee', 'salt': 'rUSiqIdZ', 'md5': 'dbb7af98f9d21b62e9d6f8a77a5fbbee', 'sha1': 'ac80bd20c04a245b4b6b3e7da532731490daa4c2', 'sha256': '834356765b1653914d32afe837b317c08020bd0ef28e36369bd0cb8ce929322d'}, 'dob': {'date': '1961-03-12T06:59:08.177Z', 'age': 63}, 'registered': {'date': '2018-01-16T13:13:27.828Z', 'age': 6}, 'phone': '028-7248-200', 'cell': '068-4005-742', 'id': {'name': 'SID', 'value': '910654024'}, 'picture': {'large': 'https://randomuser.me/api/portraits/women/39.jpg', 'medium': 'https://randomuser.me/api/portraits/med/women/39.jpg', 'thumbnail': 'https://randomuser.me/api/portraits/thumb/women/39.jpg'}, 'nat': 'RS'}], 'info': {'seed': '89c97fc9ca213733', 'results': 1, 'page': 1, 'version': '1.4'}}</msg>
<arg>${json_data}</arg>
<doc>Logs the given message with the given level.</doc>
<status status="PASS" start="2024-05-02T08:18:04.469935" elapsed="0.000247"/>
</kw>
<kw name="Should Be String" owner="String">
<arg>${json_data['results'][0]['gender']}</arg>
<doc>Fails if the given ``item`` is not a string.</doc>
<status status="PASS" start="2024-05-02T08:18:04.470484" elapsed="0.000365"/>
</kw>
<kw name="Should Match Regexp" owner="BuiltIn">
<arg>${json_data['results'][0]['email']}</arg>
<arg>^[a-zA-Z0-9._%+-]+@[a-zA-Z0-9.-]+\.[a-zA-Z]{2,}$</arg>
<doc>Fails if ``string`` does not match ``pattern`` as a regular expression.</doc>
<status status="PASS" start="2024-05-02T08:18:04.471042" elapsed="0.000517"/>
</kw>
<kw name="Should Match Regexp" owner="BuiltIn">
<arg>${json_data['results'][0]['dob']['date']}</arg>
<arg>\\d{4}-\\d{2}-\\d{2}T\\d{2}:\\d{2}:\\d{2}\\.\\d{3}Z</arg>
<doc>Fails if ``string`` does not match ``pattern`` as a regular expression.</doc>
<status status="PASS" start="2024-05-02T08:18:04.471755" elapsed="0.000492"/>
</kw>
<kw name="Should Match Regexp" owner="BuiltIn">
<arg>${json_data['results'][0]['registered']['date']}</arg>
<arg>\\d{4}-\\d{2}-\\d{2}T\\d{2}:\\d{2}:\\d{2}\\.\\d{3}Z</arg>
<doc>Fails if ``string`` does not match ``pattern`` as a regular expression.</doc>
<status status="PASS" start="2024-05-02T08:18:04.472439" elapsed="0.000362"/>
</kw>
<kw name="Should Match Regexp" owner="BuiltIn">
<arg>${json_data['results'][0]['picture']['large']}</arg>
<arg>^https?://.*\.(?:png|jpe?g|gif|bmp)$</arg>
<doc>Fails if ``string`` does not match ``pattern`` as a regular expression.</doc>
<status status="PASS" start="2024-05-02T08:18:04.472991" elapsed="0.000453"/>
</kw>
<kw name="Should Match Regexp" owner="BuiltIn">
<arg>${json_data['results'][0]['picture']['medium']}</arg>
<arg>^https?://.*\.(?:png|jpe?g|gif|bmp)$</arg>
<doc>Fails if ``string`` does not match ``pattern`` as a regular expression.</doc>
<status status="PASS" start="2024-05-02T08:18:04.473631" elapsed="0.000379"/>
</kw>
<kw name="Should Match Regexp" owner="BuiltIn">
<arg>${json_data['results'][0]['picture']['thumbnail']}</arg>
<arg>^https?://.*\.(?:png|jpe?g|gif|bmp)$</arg>
<doc>Fails if ``string`` does not match ``pattern`` as a regular expression.</doc>
<status status="PASS" start="2024-05-02T08:18:04.474198" elapsed="0.000349"/>
</kw>
<kw name="Log" owner="BuiltIn">
<msg time="2024-05-02T08:18:04.475048" level="INFO">{'large': 'https://randomuser.me/api/portraits/women/39.jpg', 'medium': 'https://randomuser.me/api/portraits/med/women/39.jpg', 'thumbnail': 'https://randomuser.me/api/portraits/thumb/women/39.jpg'}</msg>
<arg>${json_data['results'][0]['picture']}</arg>
<doc>Logs the given message with the given level.</doc>
<status status="PASS" start="2024-05-02T08:18:04.474726" elapsed="0.000364"/>
</kw>
<status status="PASS" start="2024-05-02T08:18:04.384177" elapsed="0.091168"/>
</kw>
<kw name="Teste de Tipos de Dados - Postcode" owner="random-user-service">
<kw name="GET On Session" owner="RequestsLibrary">
<msg time="2024-05-02T08:18:04.569405" level="INFO">GET Request : url=https://randomuser.me/api 
 path_url=/api 
 headers={'User-Agent': 'python-requests/2.31.0', 'Accept-Encoding': 'gzip, deflate', 'Accept': '*/*', 'Connection': 'keep-alive'} 
 body=None 
 </msg>
<msg time="2024-05-02T08:18:04.569492" level="INFO">GET Response : url=https://randomuser.me/api 
 status=200, reason=OK 
 headers={'Date': 'Thu, 02 May 2024 08:18:04 GMT', 'Content-Type': 'application/json; charset=utf-8', 'Transfer-Encoding': 'chunked', 'Connection': 'keep-alive', 'X-Powered-By': 'Express', 'Access-Control-Allow-Origin': '*', 'Cache-Control': 'no-cache', 'ETag': 'W/"4aa-v+oR6WQajhKJHwyqWSHsezXJbaQ"', 'Vary': 'Accept-Encoding', 'Content-Encoding': 'gzip', 'CF-Cache-Status': 'DYNAMIC', 'Report-To': '{"endpoints":[{"url":"https:\\/\\/a.nel.cloudflare.com\\/report\\/v4?s=IRQG4q%2FHWmNS6ERW2ic7xQCkmwM2atlMY%2F%2B60U4KMlpmieFpHllRgxVOHjHw0Cs1Yi7aK8mtau3iujNDfgzy9NJWM5Xb1WR%2FvacXYG%2BCR%2BzRaQVVbXW9JHnnebBQRvcY"}],"group":"cf-nel","max_age":604800}', 'NEL': '{"success_fraction":0,"report_to":"cf-nel","max_age":604800}', 'Server': 'cloudflare', 'CF-RAY': '87d69419fe0cfaaa-SJC', 'alt-svc': 'h3=":443"; ma=86400'} 
 body={"results":[{"gender":"female","name":{"title":"Mademoiselle","first":"Maëlle","last":"Deschamps"},"location":{"street":{"number":8294,"name":"Rue de Cuire"},"city":"Endingen","state":"Schaffhausen","country":"Switzerland","postcode":4110,"coordinates":{"latitude":"-62.6682","longitude":"125.5920"},"timezone":{"offset":"+7:00","description":"Bangkok, Hanoi, Jakarta"}},"email":"maelle.deschamps@example.com","login":{"uuid":"938cd749-f47b-4ec3-8fd4-80f765580ac0","username":"goldenlion125","password":"squerting","salt":"rBU6Woa8","md5":"9d7f658e44a9a8788e9e228bbbeff7e8","sha1":"61abc474bd78a8207b5cea68dcc715665eb395ab","sha256":"d3b1ef55dbc5c76d9a31a24f2467794632f4c112b816e7689ad421630c7e73b4"},"dob":{"date":"1999-05-06T05:41:55.884Z","age":24},"registered":{"date":"2012-02-02T08:10:11.399Z","age":12},"phone":"077 067 06 95","cell":"076 561 80 91","id":{"name":"AVS","value":"756.2895.0174.86"},"picture":{"large":"https://randomuser.me/api/portraits/women/39.jpg","medium":"https://randomuser.me/api/portraits/med/women/39.jpg","thumbnail":"https://randomuser.me/api/portraits/thumb/women/39.jpg"},"nat":"CH"}],"info":{"seed":"c19786b89e916ec5","results":1,"page":1,"version":"1.4"}} 
 </msg>
<msg time="2024-05-02T08:18:04.569570" level="INFO">/opt/hostedtoolcache/Python/3.12.3/x64/lib/python3.12/site-packages/urllib3/connectionpool.py:1103: InsecureRequestWarning: Unverified HTTPS request is being made to host 'randomuser.me'. Adding certificate verification is strongly advised. See: https://urllib3.readthedocs.io/en/latest/advanced-usage.html#tls-warnings
  warnings.warn(</msg>
<msg time="2024-05-02T08:18:04.569721" level="INFO">${response} = &lt;Response [200]&gt;</msg>
<var>${response}</var>
<arg>consultarAPI</arg>
<arg>/api</arg>
<doc>Sends a GET request on a previously created HTTP Session.</doc>
<status status="PASS" start="2024-05-02T08:18:04.475811" elapsed="0.093962"/>
</kw>
<kw name="Set Variable" owner="BuiltIn">
<msg time="2024-05-02T08:18:04.570797" level="INFO">${json_data} = {'results': [{'gender': 'female', 'name': {'title': 'Mademoiselle', 'first': 'Maëlle', 'last': 'Deschamps'}, 'location': {'street': {'number': 8294, 'name': 'Rue de Cuire'}, 'city': 'Endingen', 'state...</msg>
<var>${json_data}</var>
<arg>${response.json()}</arg>
<doc>Returns the given values which can then be assigned to a variables.</doc>
<status status="PASS" start="2024-05-02T08:18:04.570318" elapsed="0.000506"/>
</kw>
<kw name="Log" owner="BuiltIn">
<msg time="2024-05-02T08:18:04.571290" level="INFO">{'results': [{'gender': 'female', 'name': {'title': 'Mademoiselle', 'first': 'Maëlle', 'last': 'Deschamps'}, 'location': {'street': {'number': 8294, 'name': 'Rue de Cuire'}, 'city': 'Endingen', 'state': 'Schaffhausen', 'country': 'Switzerland', 'postcode': 4110, 'coordinates': {'latitude': '-62.6682', 'longitude': '125.5920'}, 'timezone': {'offset': '+7:00', 'description': 'Bangkok, Hanoi, Jakarta'}}, 'email': 'maelle.deschamps@example.com', 'login': {'uuid': '938cd749-f47b-4ec3-8fd4-80f765580ac0', 'username': 'goldenlion125', 'password': 'squerting', 'salt': 'rBU6Woa8', 'md5': '9d7f658e44a9a8788e9e228bbbeff7e8', 'sha1': '61abc474bd78a8207b5cea68dcc715665eb395ab', 'sha256': 'd3b1ef55dbc5c76d9a31a24f2467794632f4c112b816e7689ad421630c7e73b4'}, 'dob': {'date': '1999-05-06T05:41:55.884Z', 'age': 24}, 'registered': {'date': '2012-02-02T08:10:11.399Z', 'age': 12}, 'phone': '077 067 06 95', 'cell': '076 561 80 91', 'id': {'name': 'AVS', 'value': '756.2895.0174.86'}, 'picture': {'large': 'https://randomuser.me/api/portraits/women/39.jpg', 'medium': 'https://randomuser.me/api/portraits/med/women/39.jpg', 'thumbnail': 'https://randomuser.me/api/portraits/thumb/women/39.jpg'}, 'nat': 'CH'}], 'info': {'seed': 'c19786b89e916ec5', 'results': 1, 'page': 1, 'version': '1.4'}}</msg>
<arg>${json_data}</arg>
<doc>Logs the given message with the given level.</doc>
<status status="PASS" start="2024-05-02T08:18:04.571135" elapsed="0.000235"/>
</kw>
<kw name="Should Be Equal As Numbers" owner="BuiltIn">
<arg>${json_data['results'][0]['location']['postcode']}</arg>
<arg>${json_data['results'][0]['location']['postcode']}</arg>
<doc>Fails if objects are unequal after converting them to real numbers.</doc>
<status status="PASS" start="2024-05-02T08:18:04.571820" elapsed="0.000620"/>
</kw>
<kw name="Log" owner="BuiltIn">
<msg time="2024-05-02T08:18:04.572962" level="INFO">4110</msg>
<arg>${json_data['results'][0]['location']['postcode']}</arg>
<doc>Logs the given message with the given level.</doc>
<status status="PASS" start="2024-05-02T08:18:04.572630" elapsed="0.000371"/>
</kw>
<status status="PASS" start="2024-05-02T08:18:04.475578" elapsed="0.097671"/>
</kw>
<doc>Testa se os tipos de dados na resposta da API estão corretos.</doc>
<tag>testeTiposDados</tag>
<status status="PASS" start="2024-05-02T08:18:04.383714" elapsed="0.189703"/>
</test>
<test id="s1-s1-t5" name="Validar conteudo" line="35">
<kw name="Teste de Tipos de Conteudo" owner="random-user-service">
<kw name="GET On Session" owner="RequestsLibrary">
<msg time="2024-05-02T08:18:04.673301" level="INFO">GET Request : url=https://randomuser.me/api 
 path_url=/api 
 headers={'User-Agent': 'python-requests/2.31.0', 'Accept-Encoding': 'gzip, deflate', 'Accept': '*/*', 'Connection': 'keep-alive'} 
 body=None 
 </msg>
<msg time="2024-05-02T08:18:04.673382" level="INFO">GET Response : url=https://randomuser.me/api 
 status=200, reason=OK 
 headers={'Date': 'Thu, 02 May 2024 08:18:04 GMT', 'Content-Type': 'application/json; charset=utf-8', 'Transfer-Encoding': 'chunked', 'Connection': 'keep-alive', 'X-Powered-By': 'Express', 'Access-Control-Allow-Origin': '*', 'Cache-Control': 'no-cache', 'ETag': 'W/"489-qeSjUTGpZnnIwmIN5lpqQwDsfe0"', 'Vary': 'Accept-Encoding', 'Content-Encoding': 'gzip', 'CF-Cache-Status': 'DYNAMIC', 'Report-To': '{"endpoints":[{"url":"https:\\/\\/a.nel.cloudflare.com\\/report\\/v4?s=7EBx8utO1zxb8WNr7jK1LpoprQMy1iNiPCP9ZTwwH7PYtClCMp4QlI7k5CHstIxOICjS3VlhH48knGxSPI6LbHIi%2FabOYW9kGrONWqugt2HeC5Dj9hP6SPIsDsuuDy1N"}],"group":"cf-nel","max_age":604800}', 'NEL': '{"success_fraction":0,"report_to":"cf-nel","max_age":604800}', 'Server': 'cloudflare', 'CF-RAY': '87d6941a9e92faaa-SJC', 'alt-svc': 'h3=":443"; ma=86400'} 
 body={"results":[{"gender":"female","name":{"title":"Miss","first":"Debbie","last":"Fleming"},"location":{"street":{"number":3954,"name":"School Lane"},"city":"Armagh","state":"Cornwall","country":"United Kingdom","postcode":"OF02 8ZR","coordinates":{"latitude":"-10.1426","longitude":"45.4563"},"timezone":{"offset":"-2:00","description":"Mid-Atlantic"}},"email":"debbie.fleming@example.com","login":{"uuid":"44566b02-5960-4a41-beba-3b555ab76b8f","username":"redduck773","password":"player","salt":"JAcOqgQ3","md5":"c6b80597842bf49f04a94c9b2b82d3d5","sha1":"5fd7bd8925ce40ddc2dc69de5f8e453fb1a9be4e","sha256":"b4e33d58b8db1d7449573ded1aa6791247f62b72a545350e20280919870d42c7"},"dob":{"date":"1965-03-20T14:28:04.571Z","age":59},"registered":{"date":"2008-10-16T00:12:17.542Z","age":15},"phone":"015394 73960","cell":"07787 870459","id":{"name":"NINO","value":"AC 22 43 75 R"},"picture":{"large":"https://randomuser.me/api/portraits/women/32.jpg","medium":"https://randomuser.me/api/portraits/med/women/32.jpg","thumbnail":"https://randomuser.me/api/portraits/thumb/women/32.jpg"},"nat":"GB"}],"info":{"seed":"f7892b4d0bdc0fb3","results":1,"page":1,"version":"1.4"}} 
 </msg>
<msg time="2024-05-02T08:18:04.673441" level="INFO">/opt/hostedtoolcache/Python/3.12.3/x64/lib/python3.12/site-packages/urllib3/connectionpool.py:1103: InsecureRequestWarning: Unverified HTTPS request is being made to host 'randomuser.me'. Adding certificate verification is strongly advised. See: https://urllib3.readthedocs.io/en/latest/advanced-usage.html#tls-warnings
  warnings.warn(</msg>
<msg time="2024-05-02T08:18:04.673530" level="INFO">${response} = &lt;Response [200]&gt;</msg>
<var>${response}</var>
<arg>consultarAPI</arg>
<arg>/api</arg>
<doc>Sends a GET request on a previously created HTTP Session.</doc>
<status status="PASS" start="2024-05-02T08:18:04.575930" elapsed="0.097625"/>
</kw>
<kw name="Set Variable" owner="BuiltIn">
<msg time="2024-05-02T08:18:04.674416" level="INFO">${json_data} = {'results': [{'gender': 'female', 'name': {'title': 'Miss', 'first': 'Debbie', 'last': 'Fleming'}, 'location': {'street': {'number': 3954, 'name': 'School Lane'}, 'city': 'Armagh', 'state': 'Cornwall'...</msg>
<var>${json_data}</var>
<arg>${response.json()}</arg>
<doc>Returns the given values which can then be assigned to a variables.</doc>
<status status="PASS" start="2024-05-02T08:18:04.673970" elapsed="0.000475"/>
</kw>
<kw name="Set Variable" owner="BuiltIn">
<msg time="2024-05-02T08:18:04.675141" level="INFO">${name_title} = Miss</msg>
<var>${name_title}</var>
<arg>${json_data["results"][0]["name"]["title"]}</arg>
<doc>Returns the given values which can then be assigned to a variables.</doc>
<status status="PASS" start="2024-05-02T08:18:04.674750" elapsed="0.000416"/>
</kw>
<kw name="Create List" owner="BuiltIn">
<msg time="2024-05-02T08:18:04.675619" level="INFO">${allowed_titles} = ['Mr', 'Ms', 'Miss', 'Mrs', 'Madame', 'Monsieur']</msg>
<var>${allowed_titles}</var>
<arg>Mr</arg>
<arg>Ms</arg>
<arg>Miss</arg>
<arg>Mrs</arg>
<arg>Madame</arg>
<arg>Monsieur</arg>
<doc>Returns a list containing given items.</doc>
<status status="PASS" start="2024-05-02T08:18:04.675465" elapsed="0.000179"/>
</kw>
<kw name="List Should Contain Value" owner="Collections">
<msg time="2024-05-02T08:18:04.676126" level="INFO">False</msg>
<arg>${allowed_titles}</arg>
<arg>${name_title}</arg>
<doc>Fails if the ``value`` is not found from ``list``.</doc>
<status status="PASS" start="2024-05-02T08:18:04.675950" elapsed="0.000212"/>
</kw>
<kw name="Set Variable" owner="BuiltIn">
<msg time="2024-05-02T08:18:04.676836" level="INFO">${name_country} = GB</msg>
<var>${name_country}</var>
<arg>${json_data["results"][0]["nat"]}</arg>
<doc>Returns the given values which can then be assigned to a variables.</doc>
<status status="PASS" start="2024-05-02T08:18:04.676458" elapsed="0.000403"/>
</kw>
<kw name="Create List" owner="BuiltIn">
<msg time="2024-05-02T08:18:04.677786" level="INFO">${list_country} = ['AD', 'AE', 'AF', 'AG', 'AI', 'AL', 'AM', 'AO', 'AQ', 'AR', 'AS', 'AT', 'AU', 'AW', 'AX', 'AZ', 'BA', 'BB', 'BD', 'BE', 'BF', 'BG', 'BH', 'BI', 'BJ', 'BL', 'BM', 'BN', 'BO', 'BQ', 'BR', 'BS', 'BT', '...</msg>
<var>${list_country}</var>
<arg>AD</arg>
<arg>AE</arg>
<arg>AF</arg>
<arg>AG</arg>
<arg>AI</arg>
<arg>AL</arg>
<arg>AM</arg>
<arg>AO</arg>
<arg>AQ</arg>
<arg>AR</arg>
<arg>AS</arg>
<arg>AT</arg>
<arg>AU</arg>
<arg>AW</arg>
<arg>AX</arg>
<arg>AZ</arg>
<arg>BA</arg>
<arg>BB</arg>
<arg>BD</arg>
<arg>BE</arg>
<arg>BF</arg>
<arg>BG</arg>
<arg>BH</arg>
<arg>BI</arg>
<arg>BJ</arg>
<arg>BL</arg>
<arg>BM</arg>
<arg>BN</arg>
<arg>BO</arg>
<arg>BQ</arg>
<arg>BR</arg>
<arg>BS</arg>
<arg>BT</arg>
<arg>BV</arg>
<arg>BW</arg>
<arg>BY</arg>
<arg>BZ</arg>
<arg>CA</arg>
<arg>CC</arg>
<arg>CD</arg>
<arg>CF</arg>
<arg>CG</arg>
<arg>CH</arg>
<arg>CI</arg>
<arg>CK</arg>
<arg>CL</arg>
<arg>CM</arg>
<arg>CN</arg>
<arg>CO</arg>
<arg>CR</arg>
<arg>CU</arg>
<arg>CV</arg>
<arg>CW</arg>
<arg>CX</arg>
<arg>CY</arg>
<arg>CZ</arg>
<arg>DE</arg>
<arg>DJ</arg>
<arg>DK</arg>
<arg>DM</arg>
<arg>DO</arg>
<arg>DZ</arg>
<arg>EC</arg>
<arg>EE</arg>
<arg>EG</arg>
<arg>EH</arg>
<arg>ER</arg>
<arg>ES</arg>
<arg>ET</arg>
<arg>FI</arg>
<arg>FJ</arg>
<arg>FK</arg>
<arg>FM</arg>
<arg>FO</arg>
<arg>FR</arg>
<arg>GA</arg>
<arg>GB</arg>
<arg>GD</arg>
<arg>GE</arg>
<arg>GF</arg>
<arg>GG</arg>
<arg>GH</arg>
<arg>GI</arg>
<arg>GL</arg>
<arg>GM</arg>
<arg>GN</arg>
<arg>GP</arg>
<arg>GQ</arg>
<arg>GR</arg>
<arg>GS</arg>
<arg>GT</arg>
<arg>GU</arg>
<arg>GW</arg>
<arg>GY</arg>
<arg>HK</arg>
<arg>HM</arg>
<arg>HN</arg>
<arg>HR</arg>
<arg>HT</arg>
<arg>HU</arg>
<arg>ID</arg>
<arg>IE</arg>
<arg>IL</arg>
<arg>IM</arg>
<arg>IN</arg>
<arg>IO</arg>
<arg>IQ</arg>
<arg>IR</arg>
<arg>IS</arg>
<arg>IT</arg>
<arg>JE</arg>
<arg>JM</arg>
<arg>JO</arg>
<arg>JP</arg>
<arg>KE</arg>
<arg>KG</arg>
<arg>KH</arg>
<arg>KI</arg>
<arg>KM</arg>
<arg>KN</arg>
<arg>KP</arg>
<arg>KR</arg>
<arg>KW</arg>
<arg>KY</arg>
<arg>KZ</arg>
<arg>LA</arg>
<arg>LB</arg>
<arg>LC</arg>
<arg>LI</arg>
<arg>LK</arg>
<arg>LR</arg>
<arg>LS</arg>
<arg>LT</arg>
<arg>LU</arg>
<arg>LV</arg>
<arg>LY</arg>
<arg>MA</arg>
<arg>MC</arg>
<arg>MD</arg>
<arg>ME</arg>
<arg>MF</arg>
<arg>MG</arg>
<arg>MH</arg>
<arg>MK</arg>
<arg>ML</arg>
<arg>MM</arg>
<arg>MN</arg>
<arg>MO</arg>
<arg>MP</arg>
<arg>MQ</arg>
<arg>MR</arg>
<arg>MS</arg>
<arg>MT</arg>
<arg>MU</arg>
<arg>MV</arg>
<arg>MW</arg>
<arg>MX</arg>
<arg>MY</arg>
<arg>MZ</arg>
<arg>NA</arg>
<arg>NC</arg>
<arg>NE</arg>
<arg>NF</arg>
<arg>NG</arg>
<arg>NI</arg>
<arg>NL</arg>
<arg>NO</arg>
<arg>NP</arg>
<arg>NR</arg>
<arg>NU</arg>
<arg>NZ</arg>
<arg>OM</arg>
<arg>PA</arg>
<arg>PE</arg>
<arg>PF</arg>
<arg>PG</arg>
<arg>PH</arg>
<arg>PK</arg>
<arg>PL</arg>
<arg>PM</arg>
<arg>PN</arg>
<arg>PR</arg>
<arg>PS</arg>
<arg>PT</arg>
<arg>PW</arg>
<arg>PY</arg>
<arg>QA</arg>
<arg>RE</arg>
<arg>RO</arg>
<arg>RS</arg>
<arg>RU</arg>
<arg>RW</arg>
<arg>SA</arg>
<arg>SB</arg>
<arg>SC</arg>
<arg>SD</arg>
<arg>SE</arg>
<arg>SG</arg>
<arg>SH</arg>
<arg>SI</arg>
<arg>SJ</arg>
<arg>SK</arg>
<arg>SL</arg>
<arg>SM</arg>
<arg>SN</arg>
<arg>SO</arg>
<arg>SR</arg>
<arg>SS</arg>
<arg>ST</arg>
<arg>SV</arg>
<arg>SX</arg>
<arg>SY</arg>
<arg>SZ</arg>
<arg>TC</arg>
<arg>TD</arg>
<arg>TF</arg>
<arg>TG</arg>
<arg>TH</arg>
<arg>TJ</arg>
<arg>TK</arg>
<arg>TL</arg>
<arg>TM</arg>
<arg>TN</arg>
<arg>TO</arg>
<arg>TR</arg>
<arg>TT</arg>
<arg>TV</arg>
<arg>TW</arg>
<arg>TZ</arg>
<arg>UA</arg>
<arg>UG</arg>
<arg>UM</arg>
<arg>US</arg>
<arg>UY</arg>
<arg>UZ</arg>
<arg>VA</arg>
<arg>VC</arg>
<arg>VE</arg>
<arg>VG</arg>
<arg>VI</arg>
<arg>VN</arg>
<arg>VU</arg>
<arg>WF</arg>
<arg>WS</arg>
<arg>XK</arg>
<arg>YE</arg>
<arg>YT</arg>
<arg>ZA</arg>
<arg>ZM</arg>
<arg>ZW</arg>
<doc>Returns a list containing given items.</doc>
<status status="PASS" start="2024-05-02T08:18:04.677161" elapsed="0.000652"/>
</kw>
<kw name="List Should Contain Value" owner="Collections">
<msg time="2024-05-02T08:18:04.678811" level="INFO">False</msg>
<arg>${list_country}</arg>
<arg>${name_country}</arg>
<doc>Fails if the ``value`` is not found from ``list``.</doc>
<status status="PASS" start="2024-05-02T08:18:04.678613" elapsed="0.000234"/>
</kw>
<kw name="Run Keyword If" owner="BuiltIn">
<kw name="Should Be True" owner="BuiltIn">
<arg>${True}</arg>
<doc>Fails if the given condition is not true.</doc>
<status status="PASS" start="2024-05-02T08:18:04.679974" elapsed="0.000247"/>
</kw>
<arg>${json_data["results"][0]["location"]["coordinates"]["latitude"]} &gt;= -90 and ${json_data["results"][0]["location"]["coordinates"]["latitude"]} &lt;= 90</arg>
<arg>Should Be True</arg>
<arg>${True}</arg>
<doc>Runs the given keyword with the given arguments, if ``condition`` is true.</doc>
<status status="PASS" start="2024-05-02T08:18:04.679205" elapsed="0.001150"/>
</kw>
<kw name="Run Keyword If" owner="BuiltIn">
<kw name="Should Be True" owner="BuiltIn">
<arg>${True}</arg>
<doc>Fails if the given condition is not true.</doc>
<status status="PASS" start="2024-05-02T08:18:04.681277" elapsed="0.000138"/>
</kw>
<arg>${json_data["results"][0]["location"]["coordinates"]["longitude"]} &gt;= -180 and ${json_data["results"][0]["location"]["coordinates"]["longitude"]} &lt;= 180</arg>
<arg>Should Be True</arg>
<arg>${True}</arg>
<doc>Runs the given keyword with the given arguments, if ``condition`` is true.</doc>
<status status="PASS" start="2024-05-02T08:18:04.680554" elapsed="0.000985"/>
</kw>
<status status="PASS" start="2024-05-02T08:18:04.575707" elapsed="0.105993"/>
</kw>
<doc>Testa o conteúdo específico dos campos retornados pela API.</doc>
<tag>testeConteudo</tag>
<status status="PASS" start="2024-05-02T08:18:04.575179" elapsed="0.106683"/>
</test>
<status status="PASS" start="2024-05-02T08:18:03.650567" elapsed="1.033259"/>
</suite>
<status status="PASS" start="2024-05-02T08:18:03.636652" elapsed="1.052328"/>
</suite>
<statistics>
<total>
<stat pass="5" fail="0" skip="0">All Tests</stat>
</total>
<tag>
<stat pass="1" fail="0" skip="0">testeConteudo</stat>
<stat pass="1" fail="0" skip="0">testeEstruturaResposta</stat>
<stat pass="1" fail="0" skip="0">testeRequisicaoBasica</stat>
<stat pass="1" fail="0" skip="0">testeTiposDados</stat>
</tag>
<suite>
<stat pass="5" fail="0" skip="0" id="s1" name="Tests">Tests</stat>
<stat pass="5" fail="0" skip="0" id="s1-s1" name="Random-User-Test">Tests.Random-User-Test</stat>
</suite>
</statistics>
<errors>
</errors>
</robot>
