<?xml version="1.0" encoding="UTF-8"?>
<robot generator="Robot 7.0 (Python 3.12.2 on linux)" generated="2024-04-06T19:10:51.370274" rpa="false" schemaversion="5">
<suite id="s1" name="Tests" source="/home/runner/work/DesafioQAItauRogerioJordao/DesafioQAItauRogerioJordao/RamdonUser/tests">
<suite id="s1-s1" name="Random-User-Test" source="/home/runner/work/DesafioQAItauRogerioJordao/DesafioQAItauRogerioJordao/RamdonUser/tests/random-user-test.robot">
<test id="s1-s1-t1" name="Conectar" line="13">
<kw name="Conectar API" owner="random-user-service">
<kw name="Create Session" owner="RequestsLibrary">
<msg time="2024-04-06T19:10:51.742253" level="INFO">Creating Session using : alias=consultarAPI, url=https://randomuser.me/, headers={},                     cookies={}, auth=None, timeout=None, proxies=None, verify=False,                     debug=0 </msg>
<arg>consultarAPI</arg>
<arg>${URL}</arg>
<doc>Create Session: create a HTTP session to a server</doc>
<status status="PASS" start="2024-04-06T19:10:51.742060" elapsed="0.000359"/>
</kw>
<status status="PASS" start="2024-04-06T19:10:51.741072" elapsed="0.001723"/>
</kw>
<status status="PASS" start="2024-04-06T19:10:51.740565" elapsed="0.002436"/>
</test>
<test id="s1-s1-t2" name="Validar retorno 200 e JSON Válido" line="16">
<kw name="Teste de Requisicao Basica" owner="random-user-service">
<kw name="GET On Session" owner="RequestsLibrary">
<msg time="2024-04-06T19:10:51.824658" level="INFO">GET Request : url=https://randomuser.me/api 
 path_url=/api 
 headers={'User-Agent': 'python-requests/2.31.0', 'Accept-Encoding': 'gzip, deflate', 'Accept': '*/*', 'Connection': 'keep-alive'} 
 body=None 
 </msg>
<msg time="2024-04-06T19:10:51.824762" level="INFO">GET Response : url=https://randomuser.me/api 
 status=200, reason=OK 
 headers={'Date': 'Sat, 06 Apr 2024 19:10:51 GMT', 'Content-Type': 'application/json; charset=utf-8', 'Transfer-Encoding': 'chunked', 'Connection': 'keep-alive', 'X-Powered-By': 'Express', 'Access-Control-Allow-Origin': '*', 'Cache-Control': 'no-cache', 'ETag': 'W/"4c4-nnBviLhbXk9YmqH6r5gZgE+W2Bg"', 'Vary': 'Accept-Encoding', 'Content-Encoding': 'gzip', 'CF-Cache-Status': 'DYNAMIC', 'Report-To': '{"endpoints":[{"url":"https:\\/\\/a.nel.cloudflare.com\\/report\\/v4?s=X7RbCfOZ%2B%2FlnxGxbR1uZ8GI9XnZGdbbOZggpX8iFvuKMETbO5e8kkmFbHHgZ9Nf9pncf3DHGIXEh9U1qZlfzsm%2FkUWIamwNzEcr2L4TwhwJ9iUCp1TECy12iJ7faOKIq"}],"group":"cf-nel","max_age":604800}', 'NEL': '{"success_fraction":0,"report_to":"cf-nel","max_age":604800}', 'Server': 'cloudflare', 'CF-RAY': '87041495a99b81cf-IAD', 'alt-svc': 'h3=":443"; ma=86400'} 
 body={"results":[{"gender":"female","name":{"title":"Mrs","first":"Cynthia","last":"Rosado"},"location":{"street":{"number":2187,"name":"Peatonal Tlaxcala"},"city":"Venustiano Carranza (Cualata)","state":"Estado de Mexico","country":"Mexico","postcode":83056,"coordinates":{"latitude":"21.5274","longitude":"158.5188"},"timezone":{"offset":"-4:00","description":"Atlantic Time (Canada), Caracas, La Paz"}},"email":"cynthia.rosado@example.com","login":{"uuid":"4c643cf5-c957-46cd-9baf-28978414b542","username":"yellowdog596","password":"nicholas","salt":"LwBzY3eT","md5":"a21e873a449601fe9c40f6fb4804bbba","sha1":"5ef958618fb563607f6219e90c3727b098f41ac3","sha256":"afabb3679a3194d20250e43c3bbf26b02a0a28efacf5784a3084b583b3e303c5"},"dob":{"date":"1977-03-09T23:27:46.454Z","age":47},"registered":{"date":"2012-01-13T01:17:20.068Z","age":12},"phone":"(621) 273 2193","cell":"(667) 235 3056","id":{"name":"NSS","value":"90 55 44 6055 1"},"picture":{"large":"https://randomuser.me/api/portraits/women/48.jpg","medium":"https://randomuser.me/api/portraits/med/women/48.jpg","thumbnail":"https://randomuser.me/api/portraits/thumb/women/48.jpg"},"nat":"MX"}],"info":{"seed":"dc1b47869affc1d5","results":1,"page":1,"version":"1.4"}} 
 </msg>
<msg time="2024-04-06T19:10:51.824853" level="INFO">/opt/hostedtoolcache/Python/3.12.2/x64/lib/python3.12/site-packages/urllib3/connectionpool.py:1103: InsecureRequestWarning: Unverified HTTPS request is being made to host 'randomuser.me'. Adding certificate verification is strongly advised. See: https://urllib3.readthedocs.io/en/latest/advanced-usage.html#tls-warnings
  warnings.warn(</msg>
<msg time="2024-04-06T19:10:51.824983" level="INFO">${response} = &lt;Response [200]&gt;</msg>
<var>${response}</var>
<arg>consultarAPI</arg>
<arg>/api</arg>
<doc>Sends a GET request on a previously created HTTP Session.</doc>
<status status="PASS" start="2024-04-06T19:10:51.745545" elapsed="0.079481"/>
</kw>
<kw name="Should Be Equal As Numbers" owner="BuiltIn">
<msg time="2024-04-06T19:10:51.825838" level="INFO">Argument types are:
&lt;class 'int'&gt;
&lt;class 'str'&gt;</msg>
<arg>${response.status_code}</arg>
<arg>200</arg>
<doc>Fails if objects are unequal after converting them to real numbers.</doc>
<status status="PASS" start="2024-04-06T19:10:51.825420" elapsed="0.000488"/>
</kw>
<kw name="Log" owner="BuiltIn">
<msg time="2024-04-06T19:10:51.826591" level="INFO">200</msg>
<arg>${response.status_code}</arg>
<doc>Logs the given message with the given level.</doc>
<status status="PASS" start="2024-04-06T19:10:51.826232" elapsed="0.000434"/>
</kw>
<kw name="Set Variable" owner="BuiltIn">
<msg time="2024-04-06T19:10:51.827455" level="INFO">${json_data} = {'results': [{'gender': 'female', 'name': {'title': 'Mrs', 'first': 'Cynthia', 'last': 'Rosado'}, 'location': {'street': {'number': 2187, 'name': 'Peatonal Tlaxcala'}, 'city': 'Venustiano Carranza (Cu...</msg>
<var>${json_data}</var>
<arg>${response.json()}</arg>
<doc>Returns the given values which can then be assigned to a variables.</doc>
<status status="PASS" start="2024-04-06T19:10:51.827009" elapsed="0.000474"/>
</kw>
<kw name="Dictionary Should Contain Key" owner="Collections">
<msg time="2024-04-06T19:10:51.827956" level="INFO">False</msg>
<arg>${json_data}</arg>
<arg>results</arg>
<doc>Fails if ``key`` is not found from ``dictionary``.</doc>
<status status="PASS" start="2024-04-06T19:10:51.827788" elapsed="0.000214"/>
</kw>
<status status="PASS" start="2024-04-06T19:10:51.745292" elapsed="0.082969"/>
</kw>
<doc>Testa se a API responde corretamente e retorna um objeto JSON válido.</doc>
<tag>testeRequisicaoBasica</tag>
<status status="PASS" start="2024-04-06T19:10:51.744842" elapsed="0.083594"/>
</test>
<test id="s1-s1-t3" name="Validar estrutura de resposta" line="22">
<kw name="Teste de Estrutura de Resposta" owner="random-user-service">
<kw name="GET On Session" owner="RequestsLibrary">
<msg time="2024-04-06T19:10:51.927980" level="INFO">GET Request : url=https://randomuser.me/api 
 path_url=/api 
 headers={'User-Agent': 'python-requests/2.31.0', 'Accept-Encoding': 'gzip, deflate', 'Accept': '*/*', 'Connection': 'keep-alive'} 
 body=None 
 </msg>
<msg time="2024-04-06T19:10:51.928071" level="INFO">GET Response : url=https://randomuser.me/api 
 status=200, reason=OK 
 headers={'Date': 'Sat, 06 Apr 2024 19:10:51 GMT', 'Content-Type': 'application/json; charset=utf-8', 'Transfer-Encoding': 'chunked', 'Connection': 'keep-alive', 'X-Powered-By': 'Express', 'Access-Control-Allow-Origin': '*', 'Cache-Control': 'no-cache', 'ETag': 'W/"499-tt7XxgV+T528EtRDgtPJz6P16+w"', 'Vary': 'Accept-Encoding', 'Content-Encoding': 'gzip', 'CF-Cache-Status': 'DYNAMIC', 'Report-To': '{"endpoints":[{"url":"https:\\/\\/a.nel.cloudflare.com\\/report\\/v4?s=eLhWuM6UzTCD8X6AAL79HpDgkO8Fa9lMfAUXaETzFazljVIJzJw%2Fa2BVwGtwOp268EgSf6OJ%2BLignL%2FRlSqjKSGbf%2BU0HcZmZHB5kKaWUSwC%2FDj4vWeHknv9N5zeKItm"}],"group":"cf-nel","max_age":604800}', 'NEL': '{"success_fraction":0,"report_to":"cf-nel","max_age":604800}', 'Server': 'cloudflare', 'CF-RAY': '87041495f9d781cf-IAD', 'alt-svc': 'h3=":443"; ma=86400'} 
 body={"results":[{"gender":"female","name":{"title":"Ms","first":"Gonca","last":"Babacan"},"location":{"street":{"number":8688,"name":"Maçka Cd"},"city":"Kahramanmaraş","state":"Denizli","country":"Turkey","postcode":47561,"coordinates":{"latitude":"71.3622","longitude":"117.8405"},"timezone":{"offset":"0:00","description":"Western Europe Time, London, Lisbon, Casablanca"}},"email":"gonca.babacan@example.com","login":{"uuid":"72c7db93-6259-418b-9f57-a08ef772044e","username":"heavyostrich141","password":"flower2","salt":"iwKeGSM7","md5":"265de555ec91a238d2882e0582114abe","sha1":"6ec5440f0e0953a8084f604bdde58f1ad5b96901","sha256":"4ea8356e74216f6ae615fc1f4a670ad958741140aeafb08f4bc366da26e8ee0b"},"dob":{"date":"1976-03-18T17:56:38.093Z","age":48},"registered":{"date":"2020-12-12T08:08:44.033Z","age":3},"phone":"(441)-032-9876","cell":"(502)-427-1897","id":{"name":"","value":null},"picture":{"large":"https://randomuser.me/api/portraits/women/91.jpg","medium":"https://randomuser.me/api/portraits/med/women/91.jpg","thumbnail":"https://randomuser.me/api/portraits/thumb/women/91.jpg"},"nat":"TR"}],"info":{"seed":"9d1c983fa9b303a0","results":1,"page":1,"version":"1.4"}} 
 </msg>
<msg time="2024-04-06T19:10:51.928213" level="INFO">/opt/hostedtoolcache/Python/3.12.2/x64/lib/python3.12/site-packages/urllib3/connectionpool.py:1103: InsecureRequestWarning: Unverified HTTPS request is being made to host 'randomuser.me'. Adding certificate verification is strongly advised. See: https://urllib3.readthedocs.io/en/latest/advanced-usage.html#tls-warnings
  warnings.warn(</msg>
<msg time="2024-04-06T19:10:51.928366" level="INFO">${response} = &lt;Response [200]&gt;</msg>
<var>${response}</var>
<arg>consultarAPI</arg>
<arg>/api</arg>
<doc>Sends a GET request on a previously created HTTP Session.</doc>
<status status="PASS" start="2024-04-06T19:10:51.831242" elapsed="0.097177"/>
</kw>
<kw name="Set Variable" owner="BuiltIn">
<msg time="2024-04-06T19:10:51.929319" level="INFO">${json_data} = {'results': [{'gender': 'female', 'name': {'title': 'Ms', 'first': 'Gonca', 'last': 'Babacan'}, 'location': {'street': {'number': 8688, 'name': 'Maçka Cd'}, 'city': 'Kahramanmaraş', 'state': 'Denizli'...</msg>
<var>${json_data}</var>
<arg>${response.json()}</arg>
<doc>Returns the given values which can then be assigned to a variables.</doc>
<status status="PASS" start="2024-04-06T19:10:51.928855" elapsed="0.000496"/>
</kw>
<kw name="Log" owner="BuiltIn">
<msg time="2024-04-06T19:10:51.929824" level="INFO">{'results': [{'gender': 'female', 'name': {'title': 'Ms', 'first': 'Gonca', 'last': 'Babacan'}, 'location': {'street': {'number': 8688, 'name': 'Maçka Cd'}, 'city': 'Kahramanmaraş', 'state': 'Denizli', 'country': 'Turkey', 'postcode': 47561, 'coordinates': {'latitude': '71.3622', 'longitude': '117.8405'}, 'timezone': {'offset': '0:00', 'description': 'Western Europe Time, London, Lisbon, Casablanca'}}, 'email': 'gonca.babacan@example.com', 'login': {'uuid': '72c7db93-6259-418b-9f57-a08ef772044e', 'username': 'heavyostrich141', 'password': 'flower2', 'salt': 'iwKeGSM7', 'md5': '265de555ec91a238d2882e0582114abe', 'sha1': '6ec5440f0e0953a8084f604bdde58f1ad5b96901', 'sha256': '4ea8356e74216f6ae615fc1f4a670ad958741140aeafb08f4bc366da26e8ee0b'}, 'dob': {'date': '1976-03-18T17:56:38.093Z', 'age': 48}, 'registered': {'date': '2020-12-12T08:08:44.033Z', 'age': 3}, 'phone': '(441)-032-9876', 'cell': '(502)-427-1897', 'id': {'name': '', 'value': None}, 'picture': {'large': 'https://randomuser.me/api/portraits/women/91.jpg', 'medium': 'https://randomuser.me/api/portraits/med/women/91.jpg', 'thumbnail': 'https://randomuser.me/api/portraits/thumb/women/91.jpg'}, 'nat': 'TR'}], 'info': {'seed': '9d1c983fa9b303a0', 'results': 1, 'page': 1, 'version': '1.4'}}</msg>
<arg>${json_data}</arg>
<doc>Logs the given message with the given level.</doc>
<status status="PASS" start="2024-04-06T19:10:51.929663" elapsed="0.000212"/>
</kw>
<kw name="Dictionary Should Contain Key" owner="Collections">
<msg time="2024-04-06T19:10:51.930327" level="INFO">False</msg>
<arg>${json_data}</arg>
<arg>results</arg>
<doc>Fails if ``key`` is not found from ``dictionary``.</doc>
<status status="PASS" start="2024-04-06T19:10:51.930173" elapsed="0.000191"/>
</kw>
<kw name="Should Not Be Empty" owner="BuiltIn">
<msg time="2024-04-06T19:10:51.930833" level="INFO">Length is 2.</msg>
<arg>${json_data}</arg>
<doc>Verifies that the given item is not empty.</doc>
<status status="PASS" start="2024-04-06T19:10:51.930686" elapsed="0.000187"/>
</kw>
<kw name="Create List" owner="BuiltIn">
<msg time="2024-04-06T19:10:51.931313" level="INFO">${expected_keys} = ['gender', 'name', 'location', 'email', 'login']</msg>
<var>${expected_keys}</var>
<arg>gender</arg>
<arg>name</arg>
<arg>location</arg>
<arg>email</arg>
<arg>login</arg>
<doc>Returns a list containing given items.</doc>
<status status="PASS" start="2024-04-06T19:10:51.931164" elapsed="0.000173"/>
</kw>
<for flavor="IN">
<iter>
<kw name="Dictionary Should Contain Key" owner="Collections">
<msg time="2024-04-06T19:10:51.932309" level="INFO">False</msg>
<arg>${json_data['results'][0]}</arg>
<arg>${key}</arg>
<doc>Fails if ``key`` is not found from ``dictionary``.</doc>
<status status="PASS" start="2024-04-06T19:10:51.931896" elapsed="0.000452"/>
</kw>
<kw name="Log" owner="BuiltIn">
<msg time="2024-04-06T19:10:51.933035" level="INFO">{'gender': 'female', 'name': {'title': 'Ms', 'first': 'Gonca', 'last': 'Babacan'}, 'location': {'street': {'number': 8688, 'name': 'Maçka Cd'}, 'city': 'Kahramanmaraş', 'state': 'Denizli', 'country': 'Turkey', 'postcode': 47561, 'coordinates': {'latitude': '71.3622', 'longitude': '117.8405'}, 'timezone': {'offset': '0:00', 'description': 'Western Europe Time, London, Lisbon, Casablanca'}}, 'email': 'gonca.babacan@example.com', 'login': {'uuid': '72c7db93-6259-418b-9f57-a08ef772044e', 'username': 'heavyostrich141', 'password': 'flower2', 'salt': 'iwKeGSM7', 'md5': '265de555ec91a238d2882e0582114abe', 'sha1': '6ec5440f0e0953a8084f604bdde58f1ad5b96901', 'sha256': '4ea8356e74216f6ae615fc1f4a670ad958741140aeafb08f4bc366da26e8ee0b'}, 'dob': {'date': '1976-03-18T17:56:38.093Z', 'age': 48}, 'registered': {'date': '2020-12-12T08:08:44.033Z', 'age': 3}, 'phone': '(441)-032-9876', 'cell': '(502)-427-1897', 'id': {'name': '', 'value': None}, 'picture': {'large': 'https://randomuser.me/api/portraits/women/91.jpg', 'medium': 'https://randomuser.me/api/portraits/med/women/91.jpg', 'thumbnail': 'https://randomuser.me/api/portraits/thumb/women/91.jpg'}, 'nat': 'TR'}</msg>
<arg>${json_data['results'][0]}</arg>
<doc>Logs the given message with the given level.</doc>
<status status="PASS" start="2024-04-06T19:10:51.932657" elapsed="0.000428"/>
</kw>
<kw name="Log" owner="BuiltIn">
<msg time="2024-04-06T19:10:51.933521" level="INFO">gender</msg>
<arg>${key}</arg>
<doc>Logs the given message with the given level.</doc>
<status status="PASS" start="2024-04-06T19:10:51.933390" elapsed="0.000170"/>
</kw>
<var name="${key}">gender</var>
<status status="PASS" start="2024-04-06T19:10:51.931773" elapsed="0.002015"/>
</iter>
<iter>
<kw name="Dictionary Should Contain Key" owner="Collections">
<msg time="2024-04-06T19:10:51.934475" level="INFO">False</msg>
<arg>${json_data['results'][0]}</arg>
<arg>${key}</arg>
<doc>Fails if ``key`` is not found from ``dictionary``.</doc>
<status status="PASS" start="2024-04-06T19:10:51.934089" elapsed="0.000424"/>
</kw>
<kw name="Log" owner="BuiltIn">
<msg time="2024-04-06T19:10:51.935259" level="INFO">{'gender': 'female', 'name': {'title': 'Ms', 'first': 'Gonca', 'last': 'Babacan'}, 'location': {'street': {'number': 8688, 'name': 'Maçka Cd'}, 'city': 'Kahramanmaraş', 'state': 'Denizli', 'country': 'Turkey', 'postcode': 47561, 'coordinates': {'latitude': '71.3622', 'longitude': '117.8405'}, 'timezone': {'offset': '0:00', 'description': 'Western Europe Time, London, Lisbon, Casablanca'}}, 'email': 'gonca.babacan@example.com', 'login': {'uuid': '72c7db93-6259-418b-9f57-a08ef772044e', 'username': 'heavyostrich141', 'password': 'flower2', 'salt': 'iwKeGSM7', 'md5': '265de555ec91a238d2882e0582114abe', 'sha1': '6ec5440f0e0953a8084f604bdde58f1ad5b96901', 'sha256': '4ea8356e74216f6ae615fc1f4a670ad958741140aeafb08f4bc366da26e8ee0b'}, 'dob': {'date': '1976-03-18T17:56:38.093Z', 'age': 48}, 'registered': {'date': '2020-12-12T08:08:44.033Z', 'age': 3}, 'phone': '(441)-032-9876', 'cell': '(502)-427-1897', 'id': {'name': '', 'value': None}, 'picture': {'large': 'https://randomuser.me/api/portraits/women/91.jpg', 'medium': 'https://randomuser.me/api/portraits/med/women/91.jpg', 'thumbnail': 'https://randomuser.me/api/portraits/thumb/women/91.jpg'}, 'nat': 'TR'}</msg>
<arg>${json_data['results'][0]}</arg>
<doc>Logs the given message with the given level.</doc>
<status status="PASS" start="2024-04-06T19:10:51.934884" elapsed="0.000426"/>
</kw>
<kw name="Log" owner="BuiltIn">
<msg time="2024-04-06T19:10:51.935742" level="INFO">name</msg>
<arg>${key}</arg>
<doc>Logs the given message with the given level.</doc>
<status status="PASS" start="2024-04-06T19:10:51.935611" elapsed="0.000170"/>
</kw>
<var name="${key}">name</var>
<status status="PASS" start="2024-04-06T19:10:51.933977" elapsed="0.002023"/>
</iter>
<iter>
<kw name="Dictionary Should Contain Key" owner="Collections">
<msg time="2024-04-06T19:10:51.936672" level="INFO">False</msg>
<arg>${json_data['results'][0]}</arg>
<arg>${key}</arg>
<doc>Fails if ``key`` is not found from ``dictionary``.</doc>
<status status="PASS" start="2024-04-06T19:10:51.936294" elapsed="0.000417"/>
</kw>
<kw name="Log" owner="BuiltIn">
<msg time="2024-04-06T19:10:51.937377" level="INFO">{'gender': 'female', 'name': {'title': 'Ms', 'first': 'Gonca', 'last': 'Babacan'}, 'location': {'street': {'number': 8688, 'name': 'Maçka Cd'}, 'city': 'Kahramanmaraş', 'state': 'Denizli', 'country': 'Turkey', 'postcode': 47561, 'coordinates': {'latitude': '71.3622', 'longitude': '117.8405'}, 'timezone': {'offset': '0:00', 'description': 'Western Europe Time, London, Lisbon, Casablanca'}}, 'email': 'gonca.babacan@example.com', 'login': {'uuid': '72c7db93-6259-418b-9f57-a08ef772044e', 'username': 'heavyostrich141', 'password': 'flower2', 'salt': 'iwKeGSM7', 'md5': '265de555ec91a238d2882e0582114abe', 'sha1': '6ec5440f0e0953a8084f604bdde58f1ad5b96901', 'sha256': '4ea8356e74216f6ae615fc1f4a670ad958741140aeafb08f4bc366da26e8ee0b'}, 'dob': {'date': '1976-03-18T17:56:38.093Z', 'age': 48}, 'registered': {'date': '2020-12-12T08:08:44.033Z', 'age': 3}, 'phone': '(441)-032-9876', 'cell': '(502)-427-1897', 'id': {'name': '', 'value': None}, 'picture': {'large': 'https://randomuser.me/api/portraits/women/91.jpg', 'medium': 'https://randomuser.me/api/portraits/med/women/91.jpg', 'thumbnail': 'https://randomuser.me/api/portraits/thumb/women/91.jpg'}, 'nat': 'TR'}</msg>
<arg>${json_data['results'][0]}</arg>
<doc>Logs the given message with the given level.</doc>
<status status="PASS" start="2024-04-06T19:10:51.937013" elapsed="0.000420"/>
</kw>
<kw name="Log" owner="BuiltIn">
<msg time="2024-04-06T19:10:51.937859" level="INFO">location</msg>
<arg>${key}</arg>
<doc>Logs the given message with the given level.</doc>
<status status="PASS" start="2024-04-06T19:10:51.937730" elapsed="0.000167"/>
</kw>
<var name="${key}">location</var>
<status status="PASS" start="2024-04-06T19:10:51.936182" elapsed="0.001931"/>
</iter>
<iter>
<kw name="Dictionary Should Contain Key" owner="Collections">
<msg time="2024-04-06T19:10:51.938819" level="INFO">False</msg>
<arg>${json_data['results'][0]}</arg>
<arg>${key}</arg>
<doc>Fails if ``key`` is not found from ``dictionary``.</doc>
<status status="PASS" start="2024-04-06T19:10:51.938399" elapsed="0.000460"/>
</kw>
<kw name="Log" owner="BuiltIn">
<msg time="2024-04-06T19:10:51.939528" level="INFO">{'gender': 'female', 'name': {'title': 'Ms', 'first': 'Gonca', 'last': 'Babacan'}, 'location': {'street': {'number': 8688, 'name': 'Maçka Cd'}, 'city': 'Kahramanmaraş', 'state': 'Denizli', 'country': 'Turkey', 'postcode': 47561, 'coordinates': {'latitude': '71.3622', 'longitude': '117.8405'}, 'timezone': {'offset': '0:00', 'description': 'Western Europe Time, London, Lisbon, Casablanca'}}, 'email': 'gonca.babacan@example.com', 'login': {'uuid': '72c7db93-6259-418b-9f57-a08ef772044e', 'username': 'heavyostrich141', 'password': 'flower2', 'salt': 'iwKeGSM7', 'md5': '265de555ec91a238d2882e0582114abe', 'sha1': '6ec5440f0e0953a8084f604bdde58f1ad5b96901', 'sha256': '4ea8356e74216f6ae615fc1f4a670ad958741140aeafb08f4bc366da26e8ee0b'}, 'dob': {'date': '1976-03-18T17:56:38.093Z', 'age': 48}, 'registered': {'date': '2020-12-12T08:08:44.033Z', 'age': 3}, 'phone': '(441)-032-9876', 'cell': '(502)-427-1897', 'id': {'name': '', 'value': None}, 'picture': {'large': 'https://randomuser.me/api/portraits/women/91.jpg', 'medium': 'https://randomuser.me/api/portraits/med/women/91.jpg', 'thumbnail': 'https://randomuser.me/api/portraits/thumb/women/91.jpg'}, 'nat': 'TR'}</msg>
<arg>${json_data['results'][0]}</arg>
<doc>Logs the given message with the given level.</doc>
<status status="PASS" start="2024-04-06T19:10:51.939160" elapsed="0.000418"/>
</kw>
<kw name="Log" owner="BuiltIn">
<msg time="2024-04-06T19:10:51.940002" level="INFO">email</msg>
<arg>${key}</arg>
<doc>Logs the given message with the given level.</doc>
<status status="PASS" start="2024-04-06T19:10:51.939874" elapsed="0.000167"/>
</kw>
<var name="${key}">email</var>
<status status="PASS" start="2024-04-06T19:10:51.938289" elapsed="0.001969"/>
</iter>
<iter>
<kw name="Dictionary Should Contain Key" owner="Collections">
<msg time="2024-04-06T19:10:51.940922" level="INFO">False</msg>
<arg>${json_data['results'][0]}</arg>
<arg>${key}</arg>
<doc>Fails if ``key`` is not found from ``dictionary``.</doc>
<status status="PASS" start="2024-04-06T19:10:51.940547" elapsed="0.000412"/>
</kw>
<kw name="Log" owner="BuiltIn">
<msg time="2024-04-06T19:10:51.941628" level="INFO">{'gender': 'female', 'name': {'title': 'Ms', 'first': 'Gonca', 'last': 'Babacan'}, 'location': {'street': {'number': 8688, 'name': 'Maçka Cd'}, 'city': 'Kahramanmaraş', 'state': 'Denizli', 'country': 'Turkey', 'postcode': 47561, 'coordinates': {'latitude': '71.3622', 'longitude': '117.8405'}, 'timezone': {'offset': '0:00', 'description': 'Western Europe Time, London, Lisbon, Casablanca'}}, 'email': 'gonca.babacan@example.com', 'login': {'uuid': '72c7db93-6259-418b-9f57-a08ef772044e', 'username': 'heavyostrich141', 'password': 'flower2', 'salt': 'iwKeGSM7', 'md5': '265de555ec91a238d2882e0582114abe', 'sha1': '6ec5440f0e0953a8084f604bdde58f1ad5b96901', 'sha256': '4ea8356e74216f6ae615fc1f4a670ad958741140aeafb08f4bc366da26e8ee0b'}, 'dob': {'date': '1976-03-18T17:56:38.093Z', 'age': 48}, 'registered': {'date': '2020-12-12T08:08:44.033Z', 'age': 3}, 'phone': '(441)-032-9876', 'cell': '(502)-427-1897', 'id': {'name': '', 'value': None}, 'picture': {'large': 'https://randomuser.me/api/portraits/women/91.jpg', 'medium': 'https://randomuser.me/api/portraits/med/women/91.jpg', 'thumbnail': 'https://randomuser.me/api/portraits/thumb/women/91.jpg'}, 'nat': 'TR'}</msg>
<arg>${json_data['results'][0]}</arg>
<doc>Logs the given message with the given level.</doc>
<status status="PASS" start="2024-04-06T19:10:51.941253" elapsed="0.000424"/>
</kw>
<kw name="Log" owner="BuiltIn">
<msg time="2024-04-06T19:10:51.942103" level="INFO">login</msg>
<arg>${key}</arg>
<doc>Logs the given message with the given level.</doc>
<status status="PASS" start="2024-04-06T19:10:51.941977" elapsed="0.000266"/>
</kw>
<var name="${key}">login</var>
<status status="PASS" start="2024-04-06T19:10:51.940431" elapsed="0.002072"/>
</iter>
<var>${key}</var>
<value>@{expected_keys}</value>
<status status="PASS" start="2024-04-06T19:10:51.931591" elapsed="0.011064"/>
</for>
<kw name="Create List" owner="BuiltIn">
<msg time="2024-04-06T19:10:51.942996" level="INFO">${expected_keysTwo} = ['username', 'password']</msg>
<var>${expected_keysTwo}</var>
<arg>username</arg>
<arg>password</arg>
<doc>Returns a list containing given items.</doc>
<status status="PASS" start="2024-04-06T19:10:51.942857" elapsed="0.000163"/>
</kw>
<for flavor="IN">
<iter>
<kw name="Dictionary Should Contain Key" owner="Collections">
<msg time="2024-04-06T19:10:51.943900" level="INFO">False</msg>
<arg>${json_data['results'][0]['login']}</arg>
<arg>${keyTwo}</arg>
<doc>Fails if ``key`` is not found from ``dictionary``.</doc>
<status status="PASS" start="2024-04-06T19:10:51.943524" elapsed="0.000412"/>
</kw>
<kw name="Dictionary Should Contain Key" owner="Collections">
<msg time="2024-04-06T19:10:51.944622" level="INFO">False</msg>
<arg>${json_data['results'][0]['login']}</arg>
<arg>${keyTwo}</arg>
<doc>Fails if ``key`` is not found from ``dictionary``.</doc>
<status status="PASS" start="2024-04-06T19:10:51.944232" elapsed="0.000427"/>
</kw>
<kw name="Log" owner="BuiltIn">
<msg time="2024-04-06T19:10:51.945080" level="INFO">username</msg>
<arg>${keyTwo}</arg>
<doc>Logs the given message with the given level.</doc>
<status status="PASS" start="2024-04-06T19:10:51.944952" elapsed="0.000166"/>
</kw>
<var name="${keyTwo}">username</var>
<status status="PASS" start="2024-04-06T19:10:51.943414" elapsed="0.001916"/>
</iter>
<iter>
<kw name="Dictionary Should Contain Key" owner="Collections">
<msg time="2024-04-06T19:10:51.945996" level="INFO">False</msg>
<arg>${json_data['results'][0]['login']}</arg>
<arg>${keyTwo}</arg>
<doc>Fails if ``key`` is not found from ``dictionary``.</doc>
<status status="PASS" start="2024-04-06T19:10:51.945615" elapsed="0.000419"/>
</kw>
<kw name="Dictionary Should Contain Key" owner="Collections">
<msg time="2024-04-06T19:10:51.946739" level="INFO">False</msg>
<arg>${json_data['results'][0]['login']}</arg>
<arg>${keyTwo}</arg>
<doc>Fails if ``key`` is not found from ``dictionary``.</doc>
<status status="PASS" start="2024-04-06T19:10:51.946328" elapsed="0.000449"/>
</kw>
<kw name="Log" owner="BuiltIn">
<msg time="2024-04-06T19:10:51.947201" level="INFO">password</msg>
<arg>${keyTwo}</arg>
<doc>Logs the given message with the given level.</doc>
<status status="PASS" start="2024-04-06T19:10:51.947071" elapsed="0.000168"/>
</kw>
<var name="${keyTwo}">password</var>
<status status="PASS" start="2024-04-06T19:10:51.945505" elapsed="0.001950"/>
</iter>
<var>${keyTwo}</var>
<value>@{expected_keysTwo}</value>
<status status="PASS" start="2024-04-06T19:10:51.943260" elapsed="0.004319"/>
</for>
<status status="PASS" start="2024-04-06T19:10:51.831007" elapsed="0.116713"/>
</kw>
<doc>Testa a estrutura da resposta da API.</doc>
<tag>testeEstruturaResposta</tag>
<status status="PASS" start="2024-04-06T19:10:51.830304" elapsed="0.117571"/>
</test>
<test id="s1-s1-t4" name="Validar tipos de dados" line="28">
<kw name="Teste de Tipos de Dados" owner="random-user-service">
<kw name="GET On Session" owner="RequestsLibrary">
<msg time="2024-04-06T19:10:52.029387" level="INFO">GET Request : url=https://randomuser.me/api 
 path_url=/api 
 headers={'User-Agent': 'python-requests/2.31.0', 'Accept-Encoding': 'gzip, deflate', 'Accept': '*/*', 'Connection': 'keep-alive'} 
 body=None 
 </msg>
<msg time="2024-04-06T19:10:52.029471" level="INFO">GET Response : url=https://randomuser.me/api 
 status=200, reason=OK 
 headers={'Date': 'Sat, 06 Apr 2024 19:10:52 GMT', 'Content-Type': 'application/json; charset=utf-8', 'Transfer-Encoding': 'chunked', 'Connection': 'keep-alive', 'X-Powered-By': 'Express', 'Access-Control-Allow-Origin': '*', 'Cache-Control': 'no-cache', 'ETag': 'W/"49b-MH/M9kYJWD6IXVxnXZPAoccmnUA"', 'Vary': 'Accept-Encoding', 'Content-Encoding': 'gzip', 'CF-Cache-Status': 'DYNAMIC', 'Report-To': '{"endpoints":[{"url":"https:\\/\\/a.nel.cloudflare.com\\/report\\/v4?s=1FeqIN6OwIObnxlgPnvw2HLikDnBMQ6zxQZ29eT2NSAQL50bhkfgAOA%2BOxh9aR2Bd1RAgn1Gx78yBDoma1zslX7J01vpOmJ%2BEaJBNh1jae2otCrTCXHsm9KGHEipvsb7"}],"group":"cf-nel","max_age":604800}', 'NEL': '{"success_fraction":0,"report_to":"cf-nel","max_age":604800}', 'Server': 'cloudflare', 'CF-RAY': '87041496ba8b81cf-IAD', 'alt-svc': 'h3=":443"; ma=86400'} 
 body={"results":[{"gender":"female","name":{"title":"Miss","first":"Ranjani","last":"Kavser"},"location":{"street":{"number":5916,"name":"Ratha Bheedi"},"city":"Tiruchirappalli","state":"Tamil Nadu","country":"India","postcode":82671,"coordinates":{"latitude":"9.0219","longitude":"148.9048"},"timezone":{"offset":"-4:00","description":"Atlantic Time (Canada), Caracas, La Paz"}},"email":"ranjani.kavser@example.com","login":{"uuid":"96449cfd-ca18-4446-82f0-2c5cf6968d54","username":"angrycat779","password":"zack","salt":"NeHrrxGi","md5":"da8b4e93d5acd445b44818fa659fef78","sha1":"925b6dd21c67c75d9ee92d3f55d0ba43eb1879e0","sha256":"f54aec2f564d6ea982b8ea4517d48ab6926a994fb21f6363276e4bc75aa6c2b5"},"dob":{"date":"1962-12-08T16:32:29.640Z","age":61},"registered":{"date":"2018-01-30T07:41:43.205Z","age":6},"phone":"8545832358","cell":"8506005958","id":{"name":"UIDAI","value":"644471763241"},"picture":{"large":"https://randomuser.me/api/portraits/women/95.jpg","medium":"https://randomuser.me/api/portraits/med/women/95.jpg","thumbnail":"https://randomuser.me/api/portraits/thumb/women/95.jpg"},"nat":"IN"}],"info":{"seed":"5a802b5faef67e2a","results":1,"page":1,"version":"1.4"}} 
 </msg>
<msg time="2024-04-06T19:10:52.029541" level="INFO">/opt/hostedtoolcache/Python/3.12.2/x64/lib/python3.12/site-packages/urllib3/connectionpool.py:1103: InsecureRequestWarning: Unverified HTTPS request is being made to host 'randomuser.me'. Adding certificate verification is strongly advised. See: https://urllib3.readthedocs.io/en/latest/advanced-usage.html#tls-warnings
  warnings.warn(</msg>
<msg time="2024-04-06T19:10:52.029659" level="INFO">${response} = &lt;Response [200]&gt;</msg>
<var>${response}</var>
<arg>consultarAPI</arg>
<arg>/api</arg>
<doc>Sends a GET request on a previously created HTTP Session.</doc>
<status status="PASS" start="2024-04-06T19:10:51.950408" elapsed="0.079305"/>
</kw>
<kw name="Set Variable" owner="BuiltIn">
<msg time="2024-04-06T19:10:52.030784" level="INFO">${json_data} = {'results': [{'gender': 'female', 'name': {'title': 'Miss', 'first': 'Ranjani', 'last': 'Kavser'}, 'location': {'street': {'number': 5916, 'name': 'Ratha Bheedi'}, 'city': 'Tiruchirappalli', 'state': ...</msg>
<var>${json_data}</var>
<arg>${response.json()}</arg>
<doc>Returns the given values which can then be assigned to a variables.</doc>
<status status="PASS" start="2024-04-06T19:10:52.030205" elapsed="0.000608"/>
</kw>
<kw name="Log" owner="BuiltIn">
<msg time="2024-04-06T19:10:52.031280" level="INFO">{'results': [{'gender': 'female', 'name': {'title': 'Miss', 'first': 'Ranjani', 'last': 'Kavser'}, 'location': {'street': {'number': 5916, 'name': 'Ratha Bheedi'}, 'city': 'Tiruchirappalli', 'state': 'Tamil Nadu', 'country': 'India', 'postcode': 82671, 'coordinates': {'latitude': '9.0219', 'longitude': '148.9048'}, 'timezone': {'offset': '-4:00', 'description': 'Atlantic Time (Canada), Caracas, La Paz'}}, 'email': 'ranjani.kavser@example.com', 'login': {'uuid': '96449cfd-ca18-4446-82f0-2c5cf6968d54', 'username': 'angrycat779', 'password': 'zack', 'salt': 'NeHrrxGi', 'md5': 'da8b4e93d5acd445b44818fa659fef78', 'sha1': '925b6dd21c67c75d9ee92d3f55d0ba43eb1879e0', 'sha256': 'f54aec2f564d6ea982b8ea4517d48ab6926a994fb21f6363276e4bc75aa6c2b5'}, 'dob': {'date': '1962-12-08T16:32:29.640Z', 'age': 61}, 'registered': {'date': '2018-01-30T07:41:43.205Z', 'age': 6}, 'phone': '8545832358', 'cell': '8506005958', 'id': {'name': 'UIDAI', 'value': '644471763241'}, 'picture': {'large': 'https://randomuser.me/api/portraits/women/95.jpg', 'medium': 'https://randomuser.me/api/portraits/med/women/95.jpg', 'thumbnail': 'https://randomuser.me/api/portraits/thumb/women/95.jpg'}, 'nat': 'IN'}], 'info': {'seed': '5a802b5faef67e2a', 'results': 1, 'page': 1, 'version': '1.4'}}</msg>
<arg>${json_data}</arg>
<doc>Logs the given message with the given level.</doc>
<status status="PASS" start="2024-04-06T19:10:52.031128" elapsed="0.000231"/>
</kw>
<kw name="Should Be String" owner="String">
<arg>${json_data['results'][0]['gender']}</arg>
<doc>Fails if the given ``item`` is not a string.</doc>
<status status="PASS" start="2024-04-06T19:10:52.031661" elapsed="0.000361"/>
</kw>
<kw name="Should Match Regexp" owner="BuiltIn">
<arg>${json_data['results'][0]['email']}</arg>
<arg>^[a-zA-Z0-9._%+-]+@[a-zA-Z0-9.-]+\.[a-zA-Z]{2,}$</arg>
<doc>Fails if ``string`` does not match ``pattern`` as a regular expression.</doc>
<status status="PASS" start="2024-04-06T19:10:52.032214" elapsed="0.000505"/>
</kw>
<kw name="Should Match Regexp" owner="BuiltIn">
<arg>${json_data['results'][0]['dob']['date']}</arg>
<arg>\\d{4}-\\d{2}-\\d{2}T\\d{2}:\\d{2}:\\d{2}\\.\\d{3}Z</arg>
<doc>Fails if ``string`` does not match ``pattern`` as a regular expression.</doc>
<status status="PASS" start="2024-04-06T19:10:52.032920" elapsed="0.000488"/>
</kw>
<kw name="Should Match Regexp" owner="BuiltIn">
<arg>${json_data['results'][0]['registered']['date']}</arg>
<arg>\\d{4}-\\d{2}-\\d{2}T\\d{2}:\\d{2}:\\d{2}\\.\\d{3}Z</arg>
<doc>Fails if ``string`` does not match ``pattern`` as a regular expression.</doc>
<status status="PASS" start="2024-04-06T19:10:52.033599" elapsed="0.000366"/>
</kw>
<kw name="Should Match Regexp" owner="BuiltIn">
<arg>${json_data['results'][0]['picture']['large']}</arg>
<arg>^https?://.*\.(?:png|jpe?g|gif|bmp)$</arg>
<doc>Fails if ``string`` does not match ``pattern`` as a regular expression.</doc>
<status status="PASS" start="2024-04-06T19:10:52.034152" elapsed="0.000453"/>
</kw>
<kw name="Should Match Regexp" owner="BuiltIn">
<arg>${json_data['results'][0]['picture']['medium']}</arg>
<arg>^https?://.*\.(?:png|jpe?g|gif|bmp)$</arg>
<doc>Fails if ``string`` does not match ``pattern`` as a regular expression.</doc>
<status status="PASS" start="2024-04-06T19:10:52.034843" elapsed="0.000359"/>
</kw>
<kw name="Should Match Regexp" owner="BuiltIn">
<arg>${json_data['results'][0]['picture']['thumbnail']}</arg>
<arg>^https?://.*\.(?:png|jpe?g|gif|bmp)$</arg>
<doc>Fails if ``string`` does not match ``pattern`` as a regular expression.</doc>
<status status="PASS" start="2024-04-06T19:10:52.035390" elapsed="0.000354"/>
</kw>
<kw name="Log" owner="BuiltIn">
<msg time="2024-04-06T19:10:52.036251" level="INFO">{'large': 'https://randomuser.me/api/portraits/women/95.jpg', 'medium': 'https://randomuser.me/api/portraits/med/women/95.jpg', 'thumbnail': 'https://randomuser.me/api/portraits/thumb/women/95.jpg'}</msg>
<arg>${json_data['results'][0]['picture']}</arg>
<doc>Logs the given message with the given level.</doc>
<status status="PASS" start="2024-04-06T19:10:52.035924" elapsed="0.000370"/>
</kw>
<status status="PASS" start="2024-04-06T19:10:51.950184" elapsed="0.086363"/>
</kw>
<kw name="Teste de Tipos de Dados - Postcode" owner="random-user-service">
<kw name="GET On Session" owner="RequestsLibrary">
<msg time="2024-04-06T19:10:52.122857" level="INFO">GET Request : url=https://randomuser.me/api 
 path_url=/api 
 headers={'User-Agent': 'python-requests/2.31.0', 'Accept-Encoding': 'gzip, deflate', 'Accept': '*/*', 'Connection': 'keep-alive'} 
 body=None 
 </msg>
<msg time="2024-04-06T19:10:52.122935" level="INFO">GET Response : url=https://randomuser.me/api 
 status=200, reason=OK 
 headers={'Date': 'Sat, 06 Apr 2024 19:10:52 GMT', 'Content-Type': 'application/json; charset=utf-8', 'Transfer-Encoding': 'chunked', 'Connection': 'keep-alive', 'X-Powered-By': 'Express', 'Access-Control-Allow-Origin': '*', 'Cache-Control': 'no-cache', 'ETag': 'W/"486-4GyiXBgub32kluquQAqr1Wq4LMA"', 'Vary': 'Accept-Encoding', 'Content-Encoding': 'gzip', 'CF-Cache-Status': 'DYNAMIC', 'Report-To': '{"endpoints":[{"url":"https:\\/\\/a.nel.cloudflare.com\\/report\\/v4?s=ykN9ziHjfK3HkgX%2BElsGc2ZnHns9DXgUG9HVgtllIwhyuXD5CtIaIP32f7ydRU1hspIs4ynWnjDrbwWPBQzQ6ITPkkXNhMva6pOLusI1mO%2BQSdJ7LMsK%2FQn2vN1ZHhS1"}],"group":"cf-nel","max_age":604800}', 'NEL': '{"success_fraction":0,"report_to":"cf-nel","max_age":604800}', 'Server': 'cloudflare', 'CF-RAY': '870414973b2381cf-IAD', 'alt-svc': 'h3=":443"; ma=86400'} 
 body={"results":[{"gender":"male","name":{"title":"Mr","first":"Mostafa","last":"Nyberg"},"location":{"street":{"number":7455,"name":"Underhaugsveien"},"city":"Hjørungavåg","state":"Sogn og Fjordane","country":"Norway","postcode":"3804","coordinates":{"latitude":"42.0242","longitude":"-172.1694"},"timezone":{"offset":"+9:30","description":"Adelaide, Darwin"}},"email":"mostafa.nyberg@example.com","login":{"uuid":"a9ebe4b1-4556-4cf3-9ff7-5a92cf92d429","username":"whiteladybug401","password":"william1","salt":"suvyW7lI","md5":"5592eab22f62d75a50bf07c85162082f","sha1":"8a05263640c2105c6cd325403d7dd96f381a1233","sha256":"b6b11ac41ab8f3b6de3050edf807d7240ccf2305d3ca25a7b42ab1280d31af3d"},"dob":{"date":"1983-06-12T09:58:41.035Z","age":40},"registered":{"date":"2014-03-20T01:53:31.327Z","age":10},"phone":"79518215","cell":"98194433","id":{"name":"FN","value":"12068300582"},"picture":{"large":"https://randomuser.me/api/portraits/men/13.jpg","medium":"https://randomuser.me/api/portraits/med/men/13.jpg","thumbnail":"https://randomuser.me/api/portraits/thumb/men/13.jpg"},"nat":"NO"}],"info":{"seed":"7390d98e06b95d31","results":1,"page":1,"version":"1.4"}} 
 </msg>
<msg time="2024-04-06T19:10:52.123017" level="INFO">/opt/hostedtoolcache/Python/3.12.2/x64/lib/python3.12/site-packages/urllib3/connectionpool.py:1103: InsecureRequestWarning: Unverified HTTPS request is being made to host 'randomuser.me'. Adding certificate verification is strongly advised. See: https://urllib3.readthedocs.io/en/latest/advanced-usage.html#tls-warnings
  warnings.warn(</msg>
<msg time="2024-04-06T19:10:52.123113" level="INFO">${response} = &lt;Response [200]&gt;</msg>
<var>${response}</var>
<arg>consultarAPI</arg>
<arg>/api</arg>
<doc>Sends a GET request on a previously created HTTP Session.</doc>
<status status="PASS" start="2024-04-06T19:10:52.037103" elapsed="0.086052"/>
</kw>
<kw name="Set Variable" owner="BuiltIn">
<msg time="2024-04-06T19:10:52.124141" level="INFO">${json_data} = {'results': [{'gender': 'male', 'name': {'title': 'Mr', 'first': 'Mostafa', 'last': 'Nyberg'}, 'location': {'street': {'number': 7455, 'name': 'Underhaugsveien'}, 'city': 'Hjørungavåg', 'state': 'Sogn...</msg>
<var>${json_data}</var>
<arg>${response.json()}</arg>
<doc>Returns the given values which can then be assigned to a variables.</doc>
<status status="PASS" start="2024-04-06T19:10:52.123600" elapsed="0.000570"/>
</kw>
<kw name="Log" owner="BuiltIn">
<msg time="2024-04-06T19:10:52.124634" level="INFO">{'results': [{'gender': 'male', 'name': {'title': 'Mr', 'first': 'Mostafa', 'last': 'Nyberg'}, 'location': {'street': {'number': 7455, 'name': 'Underhaugsveien'}, 'city': 'Hjørungavåg', 'state': 'Sogn og Fjordane', 'country': 'Norway', 'postcode': '3804', 'coordinates': {'latitude': '42.0242', 'longitude': '-172.1694'}, 'timezone': {'offset': '+9:30', 'description': 'Adelaide, Darwin'}}, 'email': 'mostafa.nyberg@example.com', 'login': {'uuid': 'a9ebe4b1-4556-4cf3-9ff7-5a92cf92d429', 'username': 'whiteladybug401', 'password': 'william1', 'salt': 'suvyW7lI', 'md5': '5592eab22f62d75a50bf07c85162082f', 'sha1': '8a05263640c2105c6cd325403d7dd96f381a1233', 'sha256': 'b6b11ac41ab8f3b6de3050edf807d7240ccf2305d3ca25a7b42ab1280d31af3d'}, 'dob': {'date': '1983-06-12T09:58:41.035Z', 'age': 40}, 'registered': {'date': '2014-03-20T01:53:31.327Z', 'age': 10}, 'phone': '79518215', 'cell': '98194433', 'id': {'name': 'FN', 'value': '12068300582'}, 'picture': {'large': 'https://randomuser.me/api/portraits/men/13.jpg', 'medium': 'https://randomuser.me/api/portraits/med/men/13.jpg', 'thumbnail': 'https://randomuser.me/api/portraits/thumb/men/13.jpg'}, 'nat': 'NO'}], 'info': {'seed': '7390d98e06b95d31', 'results': 1, 'page': 1, 'version': '1.4'}}</msg>
<arg>${json_data}</arg>
<doc>Logs the given message with the given level.</doc>
<status status="PASS" start="2024-04-06T19:10:52.124478" elapsed="0.000236"/>
</kw>
<kw name="Should Be Equal As Numbers" owner="BuiltIn">
<arg>${json_data['results'][0]['location']['postcode']}</arg>
<arg>${json_data['results'][0]['location']['postcode']}</arg>
<doc>Fails if objects are unequal after converting them to real numbers.</doc>
<status status="PASS" start="2024-04-06T19:10:52.125022" elapsed="0.000627"/>
</kw>
<kw name="Log" owner="BuiltIn">
<msg time="2024-04-06T19:10:52.126179" level="INFO">3804</msg>
<arg>${json_data['results'][0]['location']['postcode']}</arg>
<doc>Logs the given message with the given level.</doc>
<status status="PASS" start="2024-04-06T19:10:52.125843" elapsed="0.000377"/>
</kw>
<status status="PASS" start="2024-04-06T19:10:52.036759" elapsed="0.089712"/>
</kw>
<doc>Testa se os tipos de dados na resposta da API estão corretos.</doc>
<tag>testeTiposDados</tag>
<status status="PASS" start="2024-04-06T19:10:51.949636" elapsed="0.177028"/>
</test>
<test id="s1-s1-t5" name="Validar conteudo" line="35">
<kw name="Teste de Tipos de Conteudo" owner="random-user-service">
<kw name="GET On Session" owner="RequestsLibrary">
<msg time="2024-04-06T19:10:52.462830" level="INFO">GET Request : url=https://randomuser.me/api 
 path_url=/api 
 headers={'User-Agent': 'python-requests/2.31.0', 'Accept-Encoding': 'gzip, deflate', 'Accept': '*/*', 'Connection': 'keep-alive'} 
 body=None 
 </msg>
<msg time="2024-04-06T19:10:52.462909" level="INFO">GET Response : url=https://randomuser.me/api 
 status=200, reason=OK 
 headers={'Date': 'Sat, 06 Apr 2024 19:10:52 GMT', 'Content-Type': 'application/json; charset=utf-8', 'Transfer-Encoding': 'chunked', 'Connection': 'keep-alive', 'X-Powered-By': 'Express', 'Access-Control-Allow-Origin': '*', 'Cache-Control': 'no-cache', 'ETag': 'W/"48a-gL+SO99apQ3QkVIxSaUXbotjDhQ"', 'Vary': 'Accept-Encoding', 'Content-Encoding': 'gzip', 'CF-Cache-Status': 'DYNAMIC', 'Report-To': '{"endpoints":[{"url":"https:\\/\\/a.nel.cloudflare.com\\/report\\/v4?s=1nQH%2FaO%2FmrU03eZHyLFjy%2FxWx%2F7d3Z8u9iTkeoyj%2BCojCxahre3VOR7XWs74brlO6JZvsnKafotop5ufH1WJXOevCGijOmPwm6D0t7%2FD%2BLAncNT%2BanvUl8D3AGJ0ejYy"}],"group":"cf-nel","max_age":604800}', 'NEL': '{"success_fraction":0,"report_to":"cf-nel","max_age":604800}', 'Server': 'cloudflare', 'CF-RAY': '87041497db9e81cf-IAD', 'alt-svc': 'h3=":443"; ma=86400'} 
 body={"results":[{"gender":"male","name":{"title":"Monsieur","first":"Ali","last":"Henry"},"location":{"street":{"number":274,"name":"Rue Courbet"},"city":"Le Pâquier (Fr)","state":"Appenzell Innerrhoden","country":"Switzerland","postcode":1901,"coordinates":{"latitude":"-57.8594","longitude":"-113.7165"},"timezone":{"offset":"+3:30","description":"Tehran"}},"email":"ali.henry@example.com","login":{"uuid":"0690771f-5545-4ce0-989f-1cac104dc08a","username":"organiczebra187","password":"live","salt":"vxsuX7bh","md5":"5cd0fd3fb3079c02d14e516c08e74a13","sha1":"66c72bd0312fab657c50d99730d7aeee9335362e","sha256":"b5b607ee28f55bc857178d837e321a0a15f12b08e1143c00d10d21a2a4de6cdc"},"dob":{"date":"1988-05-03T09:55:14.941Z","age":35},"registered":{"date":"2015-05-24T16:57:48.307Z","age":8},"phone":"075 287 05 68","cell":"078 708 82 81","id":{"name":"AVS","value":"756.1661.5966.74"},"picture":{"large":"https://randomuser.me/api/portraits/men/80.jpg","medium":"https://randomuser.me/api/portraits/med/men/80.jpg","thumbnail":"https://randomuser.me/api/portraits/thumb/men/80.jpg"},"nat":"CH"}],"info":{"seed":"6924e69321a22f19","results":1,"page":1,"version":"1.4"}} 
 </msg>
<msg time="2024-04-06T19:10:52.462969" level="INFO">/opt/hostedtoolcache/Python/3.12.2/x64/lib/python3.12/site-packages/urllib3/connectionpool.py:1103: InsecureRequestWarning: Unverified HTTPS request is being made to host 'randomuser.me'. Adding certificate verification is strongly advised. See: https://urllib3.readthedocs.io/en/latest/advanced-usage.html#tls-warnings
  warnings.warn(</msg>
<msg time="2024-04-06T19:10:52.463072" level="INFO">${response} = &lt;Response [200]&gt;</msg>
<var>${response}</var>
<arg>consultarAPI</arg>
<arg>/api</arg>
<doc>Sends a GET request on a previously created HTTP Session.</doc>
<status status="PASS" start="2024-04-06T19:10:52.129124" elapsed="0.333989"/>
</kw>
<kw name="Set Variable" owner="BuiltIn">
<msg time="2024-04-06T19:10:52.464180" level="INFO">${json_data} = {'results': [{'gender': 'male', 'name': {'title': 'Monsieur', 'first': 'Ali', 'last': 'Henry'}, 'location': {'street': {'number': 274, 'name': 'Rue Courbet'}, 'city': 'Le Pâquier (Fr)', 'state': 'Appe...</msg>
<var>${json_data}</var>
<arg>${response.json()}</arg>
<doc>Returns the given values which can then be assigned to a variables.</doc>
<status status="PASS" start="2024-04-06T19:10:52.463640" elapsed="0.000570"/>
</kw>
<kw name="Set Variable" owner="BuiltIn">
<msg time="2024-04-06T19:10:52.464897" level="INFO">${name_title} = Monsieur</msg>
<var>${name_title}</var>
<arg>${json_data["results"][0]["name"]["title"]}</arg>
<doc>Returns the given values which can then be assigned to a variables.</doc>
<status status="PASS" start="2024-04-06T19:10:52.464519" elapsed="0.000404"/>
</kw>
<kw name="Create List" owner="BuiltIn">
<msg time="2024-04-06T19:10:52.465378" level="INFO">${allowed_titles} = ['Mr', 'Ms', 'Miss', 'Mrs', 'Madame', 'Monsieur']</msg>
<var>${allowed_titles}</var>
<arg>Mr</arg>
<arg>Ms</arg>
<arg>Miss</arg>
<arg>Mrs</arg>
<arg>Madame</arg>
<arg>Monsieur</arg>
<doc>Returns a list containing given items.</doc>
<status status="PASS" start="2024-04-06T19:10:52.465229" elapsed="0.000173"/>
</kw>
<kw name="List Should Contain Value" owner="Collections">
<msg time="2024-04-06T19:10:52.465878" level="INFO">False</msg>
<arg>${allowed_titles}</arg>
<arg>${name_title}</arg>
<doc>Fails if the ``value`` is not found from ``list``.</doc>
<status status="PASS" start="2024-04-06T19:10:52.465706" elapsed="0.000209"/>
</kw>
<kw name="Set Variable" owner="BuiltIn">
<msg time="2024-04-06T19:10:52.466587" level="INFO">${name_country} = CH</msg>
<var>${name_country}</var>
<arg>${json_data["results"][0]["nat"]}</arg>
<doc>Returns the given values which can then be assigned to a variables.</doc>
<status status="PASS" start="2024-04-06T19:10:52.466209" elapsed="0.000403"/>
</kw>
<kw name="Create List" owner="BuiltIn">
<msg time="2024-04-06T19:10:52.467548" level="INFO">${list_country} = ['AD', 'AE', 'AF', 'AG', 'AI', 'AL', 'AM', 'AO', 'AQ', 'AR', 'AS', 'AT', 'AU', 'AW', 'AX', 'AZ', 'BA', 'BB', 'BD', 'BE', 'BF', 'BG', 'BH', 'BI', 'BJ', 'BL', 'BM', 'BN', 'BO', 'BQ', 'BR', 'BS', 'BT', '...</msg>
<var>${list_country}</var>
<arg>AD</arg>
<arg>AE</arg>
<arg>AF</arg>
<arg>AG</arg>
<arg>AI</arg>
<arg>AL</arg>
<arg>AM</arg>
<arg>AO</arg>
<arg>AQ</arg>
<arg>AR</arg>
<arg>AS</arg>
<arg>AT</arg>
<arg>AU</arg>
<arg>AW</arg>
<arg>AX</arg>
<arg>AZ</arg>
<arg>BA</arg>
<arg>BB</arg>
<arg>BD</arg>
<arg>BE</arg>
<arg>BF</arg>
<arg>BG</arg>
<arg>BH</arg>
<arg>BI</arg>
<arg>BJ</arg>
<arg>BL</arg>
<arg>BM</arg>
<arg>BN</arg>
<arg>BO</arg>
<arg>BQ</arg>
<arg>BR</arg>
<arg>BS</arg>
<arg>BT</arg>
<arg>BV</arg>
<arg>BW</arg>
<arg>BY</arg>
<arg>BZ</arg>
<arg>CA</arg>
<arg>CC</arg>
<arg>CD</arg>
<arg>CF</arg>
<arg>CG</arg>
<arg>CH</arg>
<arg>CI</arg>
<arg>CK</arg>
<arg>CL</arg>
<arg>CM</arg>
<arg>CN</arg>
<arg>CO</arg>
<arg>CR</arg>
<arg>CU</arg>
<arg>CV</arg>
<arg>CW</arg>
<arg>CX</arg>
<arg>CY</arg>
<arg>CZ</arg>
<arg>DE</arg>
<arg>DJ</arg>
<arg>DK</arg>
<arg>DM</arg>
<arg>DO</arg>
<arg>DZ</arg>
<arg>EC</arg>
<arg>EE</arg>
<arg>EG</arg>
<arg>EH</arg>
<arg>ER</arg>
<arg>ES</arg>
<arg>ET</arg>
<arg>FI</arg>
<arg>FJ</arg>
<arg>FK</arg>
<arg>FM</arg>
<arg>FO</arg>
<arg>FR</arg>
<arg>GA</arg>
<arg>GB</arg>
<arg>GD</arg>
<arg>GE</arg>
<arg>GF</arg>
<arg>GG</arg>
<arg>GH</arg>
<arg>GI</arg>
<arg>GL</arg>
<arg>GM</arg>
<arg>GN</arg>
<arg>GP</arg>
<arg>GQ</arg>
<arg>GR</arg>
<arg>GS</arg>
<arg>GT</arg>
<arg>GU</arg>
<arg>GW</arg>
<arg>GY</arg>
<arg>HK</arg>
<arg>HM</arg>
<arg>HN</arg>
<arg>HR</arg>
<arg>HT</arg>
<arg>HU</arg>
<arg>ID</arg>
<arg>IE</arg>
<arg>IL</arg>
<arg>IM</arg>
<arg>IN</arg>
<arg>IO</arg>
<arg>IQ</arg>
<arg>IR</arg>
<arg>IS</arg>
<arg>IT</arg>
<arg>JE</arg>
<arg>JM</arg>
<arg>JO</arg>
<arg>JP</arg>
<arg>KE</arg>
<arg>KG</arg>
<arg>KH</arg>
<arg>KI</arg>
<arg>KM</arg>
<arg>KN</arg>
<arg>KP</arg>
<arg>KR</arg>
<arg>KW</arg>
<arg>KY</arg>
<arg>KZ</arg>
<arg>LA</arg>
<arg>LB</arg>
<arg>LC</arg>
<arg>LI</arg>
<arg>LK</arg>
<arg>LR</arg>
<arg>LS</arg>
<arg>LT</arg>
<arg>LU</arg>
<arg>LV</arg>
<arg>LY</arg>
<arg>MA</arg>
<arg>MC</arg>
<arg>MD</arg>
<arg>ME</arg>
<arg>MF</arg>
<arg>MG</arg>
<arg>MH</arg>
<arg>MK</arg>
<arg>ML</arg>
<arg>MM</arg>
<arg>MN</arg>
<arg>MO</arg>
<arg>MP</arg>
<arg>MQ</arg>
<arg>MR</arg>
<arg>MS</arg>
<arg>MT</arg>
<arg>MU</arg>
<arg>MV</arg>
<arg>MW</arg>
<arg>MX</arg>
<arg>MY</arg>
<arg>MZ</arg>
<arg>NA</arg>
<arg>NC</arg>
<arg>NE</arg>
<arg>NF</arg>
<arg>NG</arg>
<arg>NI</arg>
<arg>NL</arg>
<arg>NO</arg>
<arg>NP</arg>
<arg>NR</arg>
<arg>NU</arg>
<arg>NZ</arg>
<arg>OM</arg>
<arg>PA</arg>
<arg>PE</arg>
<arg>PF</arg>
<arg>PG</arg>
<arg>PH</arg>
<arg>PK</arg>
<arg>PL</arg>
<arg>PM</arg>
<arg>PN</arg>
<arg>PR</arg>
<arg>PS</arg>
<arg>PT</arg>
<arg>PW</arg>
<arg>PY</arg>
<arg>QA</arg>
<arg>RE</arg>
<arg>RO</arg>
<arg>RS</arg>
<arg>RU</arg>
<arg>RW</arg>
<arg>SA</arg>
<arg>SB</arg>
<arg>SC</arg>
<arg>SD</arg>
<arg>SE</arg>
<arg>SG</arg>
<arg>SH</arg>
<arg>SI</arg>
<arg>SJ</arg>
<arg>SK</arg>
<arg>SL</arg>
<arg>SM</arg>
<arg>SN</arg>
<arg>SO</arg>
<arg>SR</arg>
<arg>SS</arg>
<arg>ST</arg>
<arg>SV</arg>
<arg>SX</arg>
<arg>SY</arg>
<arg>SZ</arg>
<arg>TC</arg>
<arg>TD</arg>
<arg>TF</arg>
<arg>TG</arg>
<arg>TH</arg>
<arg>TJ</arg>
<arg>TK</arg>
<arg>TL</arg>
<arg>TM</arg>
<arg>TN</arg>
<arg>TO</arg>
<arg>TR</arg>
<arg>TT</arg>
<arg>TV</arg>
<arg>TW</arg>
<arg>TZ</arg>
<arg>UA</arg>
<arg>UG</arg>
<arg>UM</arg>
<arg>US</arg>
<arg>UY</arg>
<arg>UZ</arg>
<arg>VA</arg>
<arg>VC</arg>
<arg>VE</arg>
<arg>VG</arg>
<arg>VI</arg>
<arg>VN</arg>
<arg>VU</arg>
<arg>WF</arg>
<arg>WS</arg>
<arg>XK</arg>
<arg>YE</arg>
<arg>YT</arg>
<arg>ZA</arg>
<arg>ZM</arg>
<arg>ZW</arg>
<doc>Returns a list containing given items.</doc>
<status status="PASS" start="2024-04-06T19:10:52.466950" elapsed="0.000623"/>
</kw>
<kw name="List Should Contain Value" owner="Collections">
<msg time="2024-04-06T19:10:52.468669" level="INFO">False</msg>
<arg>${list_country}</arg>
<arg>${name_country}</arg>
<doc>Fails if the ``value`` is not found from ``list``.</doc>
<status status="PASS" start="2024-04-06T19:10:52.468468" elapsed="0.000239"/>
</kw>
<kw name="Run Keyword If" owner="BuiltIn">
<kw name="Should Be True" owner="BuiltIn">
<arg>${True}</arg>
<doc>Fails if the given condition is not true.</doc>
<status status="PASS" start="2024-04-06T19:10:52.469763" elapsed="0.000144"/>
</kw>
<arg>${json_data["results"][0]["location"]["coordinates"]["latitude"]} &gt;= -90 and ${json_data["results"][0]["location"]["coordinates"]["latitude"]} &lt;= 90</arg>
<arg>Should Be True</arg>
<arg>${True}</arg>
<doc>Runs the given keyword with the given arguments, if ``condition`` is true.</doc>
<status status="PASS" start="2024-04-06T19:10:52.469018" elapsed="0.001017"/>
</kw>
<kw name="Run Keyword If" owner="BuiltIn">
<kw name="Should Be True" owner="BuiltIn">
<arg>${True}</arg>
<doc>Fails if the given condition is not true.</doc>
<status status="PASS" start="2024-04-06T19:10:52.470945" elapsed="0.000140"/>
</kw>
<arg>${json_data["results"][0]["location"]["coordinates"]["longitude"]} &gt;= -180 and ${json_data["results"][0]["location"]["coordinates"]["longitude"]} &lt;= 180</arg>
<arg>Should Be True</arg>
<arg>${True}</arg>
<doc>Runs the given keyword with the given arguments, if ``condition`` is true.</doc>
<status status="PASS" start="2024-04-06T19:10:52.470222" elapsed="0.000988"/>
</kw>
<status status="PASS" start="2024-04-06T19:10:52.128903" elapsed="0.342443"/>
</kw>
<doc>Testa o conteúdo específico dos campos retornados pela API.</doc>
<tag>testeConteudo</tag>
<status status="PASS" start="2024-04-06T19:10:52.128410" elapsed="0.343085"/>
</test>
<status status="PASS" start="2024-04-06T19:10:51.422159" elapsed="1.051274"/>
</suite>
<status status="PASS" start="2024-04-06T19:10:51.408691" elapsed="1.070171"/>
</suite>
<statistics>
<total>
<stat pass="5" fail="0" skip="0">All Tests</stat>
</total>
<tag>
<stat pass="1" fail="0" skip="0">testeConteudo</stat>
<stat pass="1" fail="0" skip="0">testeEstruturaResposta</stat>
<stat pass="1" fail="0" skip="0">testeRequisicaoBasica</stat>
<stat pass="1" fail="0" skip="0">testeTiposDados</stat>
</tag>
<suite>
<stat pass="5" fail="0" skip="0" id="s1" name="Tests">Tests</stat>
<stat pass="5" fail="0" skip="0" id="s1-s1" name="Random-User-Test">Tests.Random-User-Test</stat>
</suite>
</statistics>
<errors>
</errors>
</robot>
