<?xml version="1.0" encoding="UTF-8"?>
<robot generator="Robot 7.0.1 (Python 3.12.4 on linux)" generated="2024-07-16T12:29:19.579851" rpa="false" schemaversion="5">
<suite id="s1" name="Tests" source="/home/runner/work/ApiRandomUser/ApiRandomUser/RamdonUser/tests">
<suite id="s1-s1" name="Random-User-Test" source="/home/runner/work/ApiRandomUser/ApiRandomUser/RamdonUser/tests/random-user-test.robot">
<test id="s1-s1-t1" name="Conectar" line="13">
<kw name="Conectar API" owner="random-user-service">
<kw name="Create Session" owner="RequestsLibrary">
<msg time="2024-07-16T12:29:19.961329" level="INFO">Creating Session using : alias=consultarAPI, url=https://randomuser.me/, headers={},                     cookies={}, auth=None, timeout=None, proxies=None, verify=False,                     debug=0 </msg>
<arg>consultarAPI</arg>
<arg>${URL}</arg>
<doc>Create Session: create a HTTP session to a server</doc>
<status status="PASS" start="2024-07-16T12:29:19.961126" elapsed="0.000373"/>
</kw>
<status status="PASS" start="2024-07-16T12:29:19.960143" elapsed="0.001706"/>
</kw>
<status status="PASS" start="2024-07-16T12:29:19.959496" elapsed="0.002544"/>
</test>
<test id="s1-s1-t2" name="Validar retorno 200 e JSON Válido" line="16">
<kw name="Teste de Requisicao Basica" owner="random-user-service">
<kw name="GET On Session" owner="RequestsLibrary">
<msg time="2024-07-16T12:29:20.103151" level="INFO">GET Request : url=https://randomuser.me/api 
 path_url=/api 
 headers={'User-Agent': 'python-requests/2.32.3', 'Accept-Encoding': 'gzip, deflate', 'Accept': '*/*', 'Connection': 'keep-alive'} 
 body=None 
 </msg>
<msg time="2024-07-16T12:29:20.103292" level="INFO">GET Response : url=https://randomuser.me/api 
 status=200, reason=OK 
 headers={'Date': 'Tue, 16 Jul 2024 12:29:20 GMT', 'Content-Type': 'application/json; charset=utf-8', 'Transfer-Encoding': 'chunked', 'Connection': 'keep-alive', 'X-Powered-By': 'Express', 'Access-Control-Allow-Origin': '*', 'Cache-Control': 'no-cache', 'ETag': 'W/"4a1-5VshOQBKVZ2BwuogfWxacB1IgpQ"', 'Vary': 'Accept-Encoding', 'Content-Encoding': 'gzip', 'CF-Cache-Status': 'DYNAMIC', 'Report-To': '{"endpoints":[{"url":"https:\\/\\/a.nel.cloudflare.com\\/report\\/v4?s=9V0R44qtry%2FBIqvYjSCFhc%2F9mfrVVmJsalH8bAjjkfm0FBO4rD6uGmoZM2DZwBIg39euL2NLzLH3orXa4oKrbRaobj0SMPJFyxZCXLel7SmtF9G0GTQODxsecRx8cDeR"}],"group":"cf-nel","max_age":604800}', 'NEL': '{"success_fraction":0,"report_to":"cf-nel","max_age":604800}', 'Server': 'cloudflare', 'CF-RAY': '8a41ff47ff3d9432-SJC', 'alt-svc': 'h3=":443"; ma=86400'} 
 body={"results":[{"gender":"female","name":{"title":"Ms","first":"Florence","last":"Li"},"location":{"street":{"number":3526,"name":"Wairakei Road"},"city":"Christchurch","state":"Manawatu-Wanganui","country":"New Zealand","postcode":25172,"coordinates":{"latitude":"51.1496","longitude":"123.6126"},"timezone":{"offset":"+5:00","description":"Ekaterinburg, Islamabad, Karachi, Tashkent"}},"email":"florence.li@example.com","login":{"uuid":"47ea5f15-2d2f-4f44-bae4-bd0ab98fd57f","username":"brownpeacock854","password":"toejam","salt":"1l80rqRO","md5":"78169648158f9a036c2c3c9d894eacc9","sha1":"a7ea96f758f1fe75017e058d0b7ce01788046075","sha256":"53ddfc33aff8264a614da319d3b65f1e1aef7880c1c68a3556b83705c010c4fc"},"dob":{"date":"1946-04-17T15:11:44.506Z","age":78},"registered":{"date":"2015-06-10T06:31:28.545Z","age":9},"phone":"(559)-834-9505","cell":"(607)-314-9414","id":{"name":"","value":null},"picture":{"large":"https://randomuser.me/api/portraits/women/68.jpg","medium":"https://randomuser.me/api/portraits/med/women/68.jpg","thumbnail":"https://randomuser.me/api/portraits/thumb/women/68.jpg"},"nat":"NZ"}],"info":{"seed":"ffef439bdaccceaf","results":1,"page":1,"version":"1.4"}} 
 </msg>
<msg time="2024-07-16T12:29:20.103366" level="INFO">/opt/hostedtoolcache/Python/3.12.4/x64/lib/python3.12/site-packages/urllib3/connectionpool.py:1099: InsecureRequestWarning: Unverified HTTPS request is being made to host 'randomuser.me'. Adding certificate verification is strongly advised. See: https://urllib3.readthedocs.io/en/latest/advanced-usage.html#tls-warnings
  warnings.warn(</msg>
<msg time="2024-07-16T12:29:20.103493" level="INFO">${response} = &lt;Response [200]&gt;</msg>
<var>${response}</var>
<arg>consultarAPI</arg>
<arg>/api</arg>
<doc>Sends a GET request on a previously created HTTP Session.</doc>
<status status="PASS" start="2024-07-16T12:29:19.964729" elapsed="0.138807"/>
</kw>
<kw name="Should Be Equal As Numbers" owner="BuiltIn">
<msg time="2024-07-16T12:29:20.104427" level="INFO">Argument types are:
&lt;class 'int'&gt;
&lt;class 'str'&gt;</msg>
<arg>${response.status_code}</arg>
<arg>200</arg>
<doc>Fails if objects are unequal after converting them to real numbers.</doc>
<status status="PASS" start="2024-07-16T12:29:20.103994" elapsed="0.000519"/>
</kw>
<kw name="Log" owner="BuiltIn">
<msg time="2024-07-16T12:29:20.105187" level="INFO">200</msg>
<arg>${response.status_code}</arg>
<doc>Logs the given message with the given level.</doc>
<status status="PASS" start="2024-07-16T12:29:20.104836" elapsed="0.000394"/>
</kw>
<kw name="Set Variable" owner="BuiltIn">
<msg time="2024-07-16T12:29:20.105965" level="INFO">${json_data} = {'results': [{'gender': 'female', 'name': {'title': 'Ms', 'first': 'Florence', 'last': 'Li'}, 'location': {'street': {'number': 3526, 'name': 'Wairakei Road'}, 'city': 'Christchurch', 'state': 'Manawa...</msg>
<var>${json_data}</var>
<arg>${response.json()}</arg>
<doc>Returns the given values which can then be assigned to a variables.</doc>
<status status="PASS" start="2024-07-16T12:29:20.105532" elapsed="0.000461"/>
</kw>
<kw name="Dictionary Should Contain Key" owner="Collections">
<arg>${json_data}</arg>
<arg>results</arg>
<doc>Fails if ``key`` is not found from ``dictionary``.</doc>
<status status="PASS" start="2024-07-16T12:29:20.106287" elapsed="0.000167"/>
</kw>
<status status="PASS" start="2024-07-16T12:29:19.964447" elapsed="0.142158"/>
</kw>
<doc>Testa se a API responde corretamente e retorna um objeto JSON válido.</doc>
<tag>testeRequisicaoBasica</tag>
<status status="PASS" start="2024-07-16T12:29:19.963915" elapsed="0.142863"/>
</test>
<test id="s1-s1-t3" name="Validar estrutura de resposta" line="22">
<kw name="Teste de Estrutura de Resposta" owner="random-user-service">
<kw name="GET On Session" owner="RequestsLibrary">
<msg time="2024-07-16T12:29:20.213861" level="INFO">GET Request : url=https://randomuser.me/api 
 path_url=/api 
 headers={'User-Agent': 'python-requests/2.32.3', 'Accept-Encoding': 'gzip, deflate', 'Accept': '*/*', 'Connection': 'keep-alive'} 
 body=None 
 </msg>
<msg time="2024-07-16T12:29:20.213943" level="INFO">GET Response : url=https://randomuser.me/api 
 status=200, reason=OK 
 headers={'Date': 'Tue, 16 Jul 2024 12:29:20 GMT', 'Content-Type': 'application/json; charset=utf-8', 'Transfer-Encoding': 'chunked', 'Connection': 'keep-alive', 'X-Powered-By': 'Express', 'Access-Control-Allow-Origin': '*', 'Cache-Control': 'no-cache', 'ETag': 'W/"486-gA2CTEkEL5M09/xeNInw0g9PegQ"', 'Vary': 'Accept-Encoding', 'Content-Encoding': 'gzip', 'CF-Cache-Status': 'DYNAMIC', 'Report-To': '{"endpoints":[{"url":"https:\\/\\/a.nel.cloudflare.com\\/report\\/v4?s=0G1adFYOraCqvTAsj0PDeSvHNZ9OptbFDoir0%2FV3rPfVlJlzDyzatomnj06BXYLFj%2FDN2tiwYxpAh1qRozVdviBIjoEQmud8BjcXOWr9tgElYObm%2Bn1Xx9VOLnUky1uG"}],"group":"cf-nel","max_age":604800}', 'NEL': '{"success_fraction":0,"report_to":"cf-nel","max_age":604800}', 'Server': 'cloudflare', 'CF-RAY': '8a41ff48bfb89432-SJC', 'alt-svc': 'h3=":443"; ma=86400'} 
 body={"results":[{"gender":"female","name":{"title":"Mrs","first":"Madison","last":"Anderson"},"location":{"street":{"number":537,"name":"Pierre Ave"},"city":"Windsor","state":"Québec","country":"Canada","postcode":"W0F 3G1","coordinates":{"latitude":"-69.7438","longitude":"97.9366"},"timezone":{"offset":"-11:00","description":"Midway Island, Samoa"}},"email":"madison.anderson@example.com","login":{"uuid":"b0900bfd-9174-4c7d-826a-d7ed70dae57d","username":"redswan540","password":"gabriela","salt":"eDrWEZbh","md5":"c038234143eef17a61f9093074963f0e","sha1":"45a4decdac39af1c018f5953fab3f7e1f75e4562","sha256":"c33738b079966b289f3afc764e43331f558916443e022bd043cc28a307a76b1a"},"dob":{"date":"1995-05-05T09:48:41.378Z","age":29},"registered":{"date":"2019-05-24T00:00:24.393Z","age":5},"phone":"B86 X34-8154","cell":"Z54 T10-1254","id":{"name":"SIN","value":"812934271"},"picture":{"large":"https://randomuser.me/api/portraits/women/47.jpg","medium":"https://randomuser.me/api/portraits/med/women/47.jpg","thumbnail":"https://randomuser.me/api/portraits/thumb/women/47.jpg"},"nat":"CA"}],"info":{"seed":"9ab4f454e8e4a325","results":1,"page":1,"version":"1.4"}} 
 </msg>
<msg time="2024-07-16T12:29:20.214069" level="INFO">/opt/hostedtoolcache/Python/3.12.4/x64/lib/python3.12/site-packages/urllib3/connectionpool.py:1099: InsecureRequestWarning: Unverified HTTPS request is being made to host 'randomuser.me'. Adding certificate verification is strongly advised. See: https://urllib3.readthedocs.io/en/latest/advanced-usage.html#tls-warnings
  warnings.warn(</msg>
<msg time="2024-07-16T12:29:20.214190" level="INFO">${response} = &lt;Response [200]&gt;</msg>
<var>${response}</var>
<arg>consultarAPI</arg>
<arg>/api</arg>
<doc>Sends a GET request on a previously created HTTP Session.</doc>
<status status="PASS" start="2024-07-16T12:29:20.109325" elapsed="0.104916"/>
</kw>
<kw name="Set Variable" owner="BuiltIn">
<msg time="2024-07-16T12:29:20.215047" level="INFO">${json_data} = {'results': [{'gender': 'female', 'name': {'title': 'Mrs', 'first': 'Madison', 'last': 'Anderson'}, 'location': {'street': {'number': 537, 'name': 'Pierre Ave'}, 'city': 'Windsor', 'state': 'Québec', ...</msg>
<var>${json_data}</var>
<arg>${response.json()}</arg>
<doc>Returns the given values which can then be assigned to a variables.</doc>
<status status="PASS" start="2024-07-16T12:29:20.214612" elapsed="0.000464"/>
</kw>
<kw name="Log" owner="BuiltIn">
<msg time="2024-07-16T12:29:20.215539" level="INFO">{'results': [{'gender': 'female', 'name': {'title': 'Mrs', 'first': 'Madison', 'last': 'Anderson'}, 'location': {'street': {'number': 537, 'name': 'Pierre Ave'}, 'city': 'Windsor', 'state': 'Québec', 'country': 'Canada', 'postcode': 'W0F 3G1', 'coordinates': {'latitude': '-69.7438', 'longitude': '97.9366'}, 'timezone': {'offset': '-11:00', 'description': 'Midway Island, Samoa'}}, 'email': 'madison.anderson@example.com', 'login': {'uuid': 'b0900bfd-9174-4c7d-826a-d7ed70dae57d', 'username': 'redswan540', 'password': 'gabriela', 'salt': 'eDrWEZbh', 'md5': 'c038234143eef17a61f9093074963f0e', 'sha1': '45a4decdac39af1c018f5953fab3f7e1f75e4562', 'sha256': 'c33738b079966b289f3afc764e43331f558916443e022bd043cc28a307a76b1a'}, 'dob': {'date': '1995-05-05T09:48:41.378Z', 'age': 29}, 'registered': {'date': '2019-05-24T00:00:24.393Z', 'age': 5}, 'phone': 'B86 X34-8154', 'cell': 'Z54 T10-1254', 'id': {'name': 'SIN', 'value': '812934271'}, 'picture': {'large': 'https://randomuser.me/api/portraits/women/47.jpg', 'medium': 'https://randomuser.me/api/portraits/med/women/47.jpg', 'thumbnail': 'https://randomuser.me/api/portraits/thumb/women/47.jpg'}, 'nat': 'CA'}], 'info': {'seed': '9ab4f454e8e4a325', 'results': 1, 'page': 1, 'version': '1.4'}}</msg>
<arg>${json_data}</arg>
<doc>Logs the given message with the given level.</doc>
<status status="PASS" start="2024-07-16T12:29:20.215384" elapsed="0.000205"/>
</kw>
<kw name="Dictionary Should Contain Key" owner="Collections">
<arg>${json_data}</arg>
<arg>results</arg>
<doc>Fails if ``key`` is not found from ``dictionary``.</doc>
<status status="PASS" start="2024-07-16T12:29:20.215879" elapsed="0.000153"/>
</kw>
<kw name="Should Not Be Empty" owner="BuiltIn">
<msg time="2024-07-16T12:29:20.216348" level="INFO">Length is 2.</msg>
<arg>${json_data}</arg>
<doc>Verifies that the given item is not empty.</doc>
<status status="PASS" start="2024-07-16T12:29:20.216215" elapsed="0.000172"/>
</kw>
<kw name="Create List" owner="BuiltIn">
<msg time="2024-07-16T12:29:20.216984" level="INFO">${expected_keys} = ['gender', 'name', 'location', 'email', 'login']</msg>
<var>${expected_keys}</var>
<arg>gender</arg>
<arg>name</arg>
<arg>location</arg>
<arg>email</arg>
<arg>login</arg>
<doc>Returns a list containing given items.</doc>
<status status="PASS" start="2024-07-16T12:29:20.216708" elapsed="0.000301"/>
</kw>
<for flavor="IN">
<iter>
<kw name="Dictionary Should Contain Key" owner="Collections">
<arg>${json_data['results'][0]}</arg>
<arg>${key}</arg>
<doc>Fails if ``key`` is not found from ``dictionary``.</doc>
<status status="PASS" start="2024-07-16T12:29:20.217569" elapsed="0.000390"/>
</kw>
<kw name="Log" owner="BuiltIn">
<msg time="2024-07-16T12:29:20.218505" level="INFO">{'gender': 'female', 'name': {'title': 'Mrs', 'first': 'Madison', 'last': 'Anderson'}, 'location': {'street': {'number': 537, 'name': 'Pierre Ave'}, 'city': 'Windsor', 'state': 'Québec', 'country': 'Canada', 'postcode': 'W0F 3G1', 'coordinates': {'latitude': '-69.7438', 'longitude': '97.9366'}, 'timezone': {'offset': '-11:00', 'description': 'Midway Island, Samoa'}}, 'email': 'madison.anderson@example.com', 'login': {'uuid': 'b0900bfd-9174-4c7d-826a-d7ed70dae57d', 'username': 'redswan540', 'password': 'gabriela', 'salt': 'eDrWEZbh', 'md5': 'c038234143eef17a61f9093074963f0e', 'sha1': '45a4decdac39af1c018f5953fab3f7e1f75e4562', 'sha256': 'c33738b079966b289f3afc764e43331f558916443e022bd043cc28a307a76b1a'}, 'dob': {'date': '1995-05-05T09:48:41.378Z', 'age': 29}, 'registered': {'date': '2019-05-24T00:00:24.393Z', 'age': 5}, 'phone': 'B86 X34-8154', 'cell': 'Z54 T10-1254', 'id': {'name': 'SIN', 'value': '812934271'}, 'picture': {'large': 'https://randomuser.me/api/portraits/women/47.jpg', 'medium': 'https://randomuser.me/api/portraits/med/women/47.jpg', 'thumbnail': 'https://randomuser.me/api/portraits/thumb/women/47.jpg'}, 'nat': 'CA'}</msg>
<arg>${json_data['results'][0]}</arg>
<doc>Logs the given message with the given level.</doc>
<status status="PASS" start="2024-07-16T12:29:20.218142" elapsed="0.000414"/>
</kw>
<kw name="Log" owner="BuiltIn">
<msg time="2024-07-16T12:29:20.218988" level="INFO">gender</msg>
<arg>${key}</arg>
<doc>Logs the given message with the given level.</doc>
<status status="PASS" start="2024-07-16T12:29:20.218861" elapsed="0.000165"/>
</kw>
<var name="${key}">gender</var>
<status status="PASS" start="2024-07-16T12:29:20.217449" elapsed="0.001796"/>
</iter>
<iter>
<kw name="Dictionary Should Contain Key" owner="Collections">
<arg>${json_data['results'][0]}</arg>
<arg>${key}</arg>
<doc>Fails if ``key`` is not found from ``dictionary``.</doc>
<status status="PASS" start="2024-07-16T12:29:20.219536" elapsed="0.000384"/>
</kw>
<kw name="Log" owner="BuiltIn">
<msg time="2024-07-16T12:29:20.220446" level="INFO">{'gender': 'female', 'name': {'title': 'Mrs', 'first': 'Madison', 'last': 'Anderson'}, 'location': {'street': {'number': 537, 'name': 'Pierre Ave'}, 'city': 'Windsor', 'state': 'Québec', 'country': 'Canada', 'postcode': 'W0F 3G1', 'coordinates': {'latitude': '-69.7438', 'longitude': '97.9366'}, 'timezone': {'offset': '-11:00', 'description': 'Midway Island, Samoa'}}, 'email': 'madison.anderson@example.com', 'login': {'uuid': 'b0900bfd-9174-4c7d-826a-d7ed70dae57d', 'username': 'redswan540', 'password': 'gabriela', 'salt': 'eDrWEZbh', 'md5': 'c038234143eef17a61f9093074963f0e', 'sha1': '45a4decdac39af1c018f5953fab3f7e1f75e4562', 'sha256': 'c33738b079966b289f3afc764e43331f558916443e022bd043cc28a307a76b1a'}, 'dob': {'date': '1995-05-05T09:48:41.378Z', 'age': 29}, 'registered': {'date': '2019-05-24T00:00:24.393Z', 'age': 5}, 'phone': 'B86 X34-8154', 'cell': 'Z54 T10-1254', 'id': {'name': 'SIN', 'value': '812934271'}, 'picture': {'large': 'https://randomuser.me/api/portraits/women/47.jpg', 'medium': 'https://randomuser.me/api/portraits/med/women/47.jpg', 'thumbnail': 'https://randomuser.me/api/portraits/thumb/women/47.jpg'}, 'nat': 'CA'}</msg>
<arg>${json_data['results'][0]}</arg>
<doc>Logs the given message with the given level.</doc>
<status status="PASS" start="2024-07-16T12:29:20.220101" elapsed="0.000455"/>
</kw>
<kw name="Log" owner="BuiltIn">
<msg time="2024-07-16T12:29:20.220989" level="INFO">name</msg>
<arg>${key}</arg>
<doc>Logs the given message with the given level.</doc>
<status status="PASS" start="2024-07-16T12:29:20.220862" elapsed="0.000163"/>
</kw>
<var name="${key}">name</var>
<status status="PASS" start="2024-07-16T12:29:20.219427" elapsed="0.001813"/>
</iter>
<iter>
<kw name="Dictionary Should Contain Key" owner="Collections">
<arg>${json_data['results'][0]}</arg>
<arg>${key}</arg>
<doc>Fails if ``key`` is not found from ``dictionary``.</doc>
<status status="PASS" start="2024-07-16T12:29:20.221523" elapsed="0.000378"/>
</kw>
<kw name="Log" owner="BuiltIn">
<msg time="2024-07-16T12:29:20.222432" level="INFO">{'gender': 'female', 'name': {'title': 'Mrs', 'first': 'Madison', 'last': 'Anderson'}, 'location': {'street': {'number': 537, 'name': 'Pierre Ave'}, 'city': 'Windsor', 'state': 'Québec', 'country': 'Canada', 'postcode': 'W0F 3G1', 'coordinates': {'latitude': '-69.7438', 'longitude': '97.9366'}, 'timezone': {'offset': '-11:00', 'description': 'Midway Island, Samoa'}}, 'email': 'madison.anderson@example.com', 'login': {'uuid': 'b0900bfd-9174-4c7d-826a-d7ed70dae57d', 'username': 'redswan540', 'password': 'gabriela', 'salt': 'eDrWEZbh', 'md5': 'c038234143eef17a61f9093074963f0e', 'sha1': '45a4decdac39af1c018f5953fab3f7e1f75e4562', 'sha256': 'c33738b079966b289f3afc764e43331f558916443e022bd043cc28a307a76b1a'}, 'dob': {'date': '1995-05-05T09:48:41.378Z', 'age': 29}, 'registered': {'date': '2019-05-24T00:00:24.393Z', 'age': 5}, 'phone': 'B86 X34-8154', 'cell': 'Z54 T10-1254', 'id': {'name': 'SIN', 'value': '812934271'}, 'picture': {'large': 'https://randomuser.me/api/portraits/women/47.jpg', 'medium': 'https://randomuser.me/api/portraits/med/women/47.jpg', 'thumbnail': 'https://randomuser.me/api/portraits/thumb/women/47.jpg'}, 'nat': 'CA'}</msg>
<arg>${json_data['results'][0]}</arg>
<doc>Logs the given message with the given level.</doc>
<status status="PASS" start="2024-07-16T12:29:20.222083" elapsed="0.000400"/>
</kw>
<kw name="Log" owner="BuiltIn">
<msg time="2024-07-16T12:29:20.222902" level="INFO">location</msg>
<arg>${key}</arg>
<doc>Logs the given message with the given level.</doc>
<status status="PASS" start="2024-07-16T12:29:20.222777" elapsed="0.000161"/>
</kw>
<var name="${key}">location</var>
<status status="PASS" start="2024-07-16T12:29:20.221417" elapsed="0.001736"/>
</iter>
<iter>
<kw name="Dictionary Should Contain Key" owner="Collections">
<arg>${json_data['results'][0]}</arg>
<arg>${key}</arg>
<doc>Fails if ``key`` is not found from ``dictionary``.</doc>
<status status="PASS" start="2024-07-16T12:29:20.223431" elapsed="0.000379"/>
</kw>
<kw name="Log" owner="BuiltIn">
<msg time="2024-07-16T12:29:20.224346" level="INFO">{'gender': 'female', 'name': {'title': 'Mrs', 'first': 'Madison', 'last': 'Anderson'}, 'location': {'street': {'number': 537, 'name': 'Pierre Ave'}, 'city': 'Windsor', 'state': 'Québec', 'country': 'Canada', 'postcode': 'W0F 3G1', 'coordinates': {'latitude': '-69.7438', 'longitude': '97.9366'}, 'timezone': {'offset': '-11:00', 'description': 'Midway Island, Samoa'}}, 'email': 'madison.anderson@example.com', 'login': {'uuid': 'b0900bfd-9174-4c7d-826a-d7ed70dae57d', 'username': 'redswan540', 'password': 'gabriela', 'salt': 'eDrWEZbh', 'md5': 'c038234143eef17a61f9093074963f0e', 'sha1': '45a4decdac39af1c018f5953fab3f7e1f75e4562', 'sha256': 'c33738b079966b289f3afc764e43331f558916443e022bd043cc28a307a76b1a'}, 'dob': {'date': '1995-05-05T09:48:41.378Z', 'age': 29}, 'registered': {'date': '2019-05-24T00:00:24.393Z', 'age': 5}, 'phone': 'B86 X34-8154', 'cell': 'Z54 T10-1254', 'id': {'name': 'SIN', 'value': '812934271'}, 'picture': {'large': 'https://randomuser.me/api/portraits/women/47.jpg', 'medium': 'https://randomuser.me/api/portraits/med/women/47.jpg', 'thumbnail': 'https://randomuser.me/api/portraits/thumb/women/47.jpg'}, 'nat': 'CA'}</msg>
<arg>${json_data['results'][0]}</arg>
<doc>Logs the given message with the given level.</doc>
<status status="PASS" start="2024-07-16T12:29:20.223996" elapsed="0.000409"/>
</kw>
<kw name="Log" owner="BuiltIn">
<msg time="2024-07-16T12:29:20.224845" level="INFO">email</msg>
<arg>${key}</arg>
<doc>Logs the given message with the given level.</doc>
<status status="PASS" start="2024-07-16T12:29:20.224716" elapsed="0.000167"/>
</kw>
<var name="${key}">email</var>
<status status="PASS" start="2024-07-16T12:29:20.223320" elapsed="0.001772"/>
</iter>
<iter>
<kw name="Dictionary Should Contain Key" owner="Collections">
<arg>${json_data['results'][0]}</arg>
<arg>${key}</arg>
<doc>Fails if ``key`` is not found from ``dictionary``.</doc>
<status status="PASS" start="2024-07-16T12:29:20.225371" elapsed="0.000379"/>
</kw>
<kw name="Log" owner="BuiltIn">
<msg time="2024-07-16T12:29:20.226276" level="INFO">{'gender': 'female', 'name': {'title': 'Mrs', 'first': 'Madison', 'last': 'Anderson'}, 'location': {'street': {'number': 537, 'name': 'Pierre Ave'}, 'city': 'Windsor', 'state': 'Québec', 'country': 'Canada', 'postcode': 'W0F 3G1', 'coordinates': {'latitude': '-69.7438', 'longitude': '97.9366'}, 'timezone': {'offset': '-11:00', 'description': 'Midway Island, Samoa'}}, 'email': 'madison.anderson@example.com', 'login': {'uuid': 'b0900bfd-9174-4c7d-826a-d7ed70dae57d', 'username': 'redswan540', 'password': 'gabriela', 'salt': 'eDrWEZbh', 'md5': 'c038234143eef17a61f9093074963f0e', 'sha1': '45a4decdac39af1c018f5953fab3f7e1f75e4562', 'sha256': 'c33738b079966b289f3afc764e43331f558916443e022bd043cc28a307a76b1a'}, 'dob': {'date': '1995-05-05T09:48:41.378Z', 'age': 29}, 'registered': {'date': '2019-05-24T00:00:24.393Z', 'age': 5}, 'phone': 'B86 X34-8154', 'cell': 'Z54 T10-1254', 'id': {'name': 'SIN', 'value': '812934271'}, 'picture': {'large': 'https://randomuser.me/api/portraits/women/47.jpg', 'medium': 'https://randomuser.me/api/portraits/med/women/47.jpg', 'thumbnail': 'https://randomuser.me/api/portraits/thumb/women/47.jpg'}, 'nat': 'CA'}</msg>
<arg>${json_data['results'][0]}</arg>
<doc>Logs the given message with the given level.</doc>
<status status="PASS" start="2024-07-16T12:29:20.225931" elapsed="0.000394"/>
</kw>
<kw name="Log" owner="BuiltIn">
<msg time="2024-07-16T12:29:20.226747" level="INFO">login</msg>
<arg>${key}</arg>
<doc>Logs the given message with the given level.</doc>
<status status="PASS" start="2024-07-16T12:29:20.226624" elapsed="0.000159"/>
</kw>
<var name="${key}">login</var>
<status status="PASS" start="2024-07-16T12:29:20.225261" elapsed="0.001730"/>
</iter>
<var>${key}</var>
<value>@{expected_keys}</value>
<status status="PASS" start="2024-07-16T12:29:20.217266" elapsed="0.009844"/>
</for>
<kw name="Create List" owner="BuiltIn">
<msg time="2024-07-16T12:29:20.227434" level="INFO">${expected_keysTwo} = ['username', 'password']</msg>
<var>${expected_keysTwo}</var>
<arg>username</arg>
<arg>password</arg>
<doc>Returns a list containing given items.</doc>
<status status="PASS" start="2024-07-16T12:29:20.227296" elapsed="0.000162"/>
</kw>
<for flavor="IN">
<iter>
<kw name="Dictionary Should Contain Key" owner="Collections">
<arg>${json_data['results'][0]['login']}</arg>
<arg>${keyTwo}</arg>
<doc>Fails if ``key`` is not found from ``dictionary``.</doc>
<status status="PASS" start="2024-07-16T12:29:20.227970" elapsed="0.000387"/>
</kw>
<kw name="Dictionary Should Contain Key" owner="Collections">
<arg>${json_data['results'][0]['login']}</arg>
<arg>${keyTwo}</arg>
<doc>Fails if ``key`` is not found from ``dictionary``.</doc>
<status status="PASS" start="2024-07-16T12:29:20.228559" elapsed="0.000374"/>
</kw>
<kw name="Log" owner="BuiltIn">
<msg time="2024-07-16T12:29:20.229233" level="INFO">username</msg>
<arg>${keyTwo}</arg>
<doc>Logs the given message with the given level.</doc>
<status status="PASS" start="2024-07-16T12:29:20.229114" elapsed="0.000162"/>
</kw>
<var name="${keyTwo}">username</var>
<status status="PASS" start="2024-07-16T12:29:20.227867" elapsed="0.001627"/>
</iter>
<iter>
<kw name="Dictionary Should Contain Key" owner="Collections">
<arg>${json_data['results'][0]['login']}</arg>
<arg>${keyTwo}</arg>
<doc>Fails if ``key`` is not found from ``dictionary``.</doc>
<status status="PASS" start="2024-07-16T12:29:20.229777" elapsed="0.000386"/>
</kw>
<kw name="Dictionary Should Contain Key" owner="Collections">
<arg>${json_data['results'][0]['login']}</arg>
<arg>${keyTwo}</arg>
<doc>Fails if ``key`` is not found from ``dictionary``.</doc>
<status status="PASS" start="2024-07-16T12:29:20.230341" elapsed="0.000365"/>
</kw>
<kw name="Log" owner="BuiltIn">
<msg time="2024-07-16T12:29:20.230998" level="INFO">password</msg>
<arg>${keyTwo}</arg>
<doc>Logs the given message with the given level.</doc>
<status status="PASS" start="2024-07-16T12:29:20.230882" elapsed="0.000157"/>
</kw>
<var name="${keyTwo}">password</var>
<status status="PASS" start="2024-07-16T12:29:20.229663" elapsed="0.001685"/>
</iter>
<var>${keyTwo}</var>
<value>@{expected_keysTwo}</value>
<status status="PASS" start="2024-07-16T12:29:20.227718" elapsed="0.003749"/>
</for>
<status status="PASS" start="2024-07-16T12:29:20.109096" elapsed="0.122506"/>
</kw>
<doc>Testa a estrutura da resposta da API.</doc>
<tag>testeEstruturaResposta</tag>
<status status="PASS" start="2024-07-16T12:29:20.108619" elapsed="0.123125"/>
</test>
<test id="s1-s1-t4" name="Validar tipos de dados" line="28">
<kw name="Teste de Tipos de Dados" owner="random-user-service">
<kw name="GET On Session" owner="RequestsLibrary">
<msg time="2024-07-16T12:29:20.325246" level="INFO">GET Request : url=https://randomuser.me/api 
 path_url=/api 
 headers={'User-Agent': 'python-requests/2.32.3', 'Accept-Encoding': 'gzip, deflate', 'Accept': '*/*', 'Connection': 'keep-alive'} 
 body=None 
 </msg>
<msg time="2024-07-16T12:29:20.325323" level="INFO">GET Response : url=https://randomuser.me/api 
 status=200, reason=OK 
 headers={'Date': 'Tue, 16 Jul 2024 12:29:20 GMT', 'Content-Type': 'application/json; charset=utf-8', 'Transfer-Encoding': 'chunked', 'Connection': 'keep-alive', 'X-Powered-By': 'Express', 'Access-Control-Allow-Origin': '*', 'Cache-Control': 'no-cache', 'ETag': 'W/"48c-jIvUMn6/vaguhQtb266d9Dio7qk"', 'Vary': 'Accept-Encoding', 'Content-Encoding': 'gzip', 'CF-Cache-Status': 'DYNAMIC', 'Report-To': '{"endpoints":[{"url":"https:\\/\\/a.nel.cloudflare.com\\/report\\/v4?s=TtsXieZUMFNQwZC9QgwytrLcE3zVqXIRvkR8DgJExLTh9n3Fe7dJu1guyqGRBBM8hgZo1fbYX7YTIy3Q6x5OKqdmmL3AP%2BBCfqLfuSlV%2FNv3e9LFYgwd8xTMTOzFMfy9"}],"group":"cf-nel","max_age":604800}', 'NEL': '{"success_fraction":0,"report_to":"cf-nel","max_age":604800}', 'Server': 'cloudflare', 'CF-RAY': '8a41ff4978439432-SJC', 'alt-svc': 'h3=":443"; ma=86400'} 
 body={"results":[{"gender":"female","name":{"title":"Ms","first":"Jasmin","last":"Felber"},"location":{"street":{"number":8046,"name":"Ahornweg"},"city":"Wanfried","state":"Sachsen-Anhalt","country":"Germany","postcode":94277,"coordinates":{"latitude":"-48.9160","longitude":"72.0031"},"timezone":{"offset":"+7:00","description":"Bangkok, Hanoi, Jakarta"}},"email":"jasmin.felber@example.com","login":{"uuid":"73fdc0ed-ea60-48b9-a7df-6adf0246ded1","username":"yellowkoala684","password":"snapple","salt":"OAaISLNC","md5":"f13fdd38b9da27eedf85c396c00ad181","sha1":"d1bc07eec4a5841b02c39399c526796f24b005d1","sha256":"7f6ccd1654eeab34152674b889ddfc66543a3ae9fa7d1f1b33225e09ca06590d"},"dob":{"date":"1991-04-19T13:36:00.051Z","age":33},"registered":{"date":"2021-11-20T21:37:26.013Z","age":2},"phone":"0124-8981106","cell":"0174-3409310","id":{"name":"SVNR","value":"51 190491 F 689"},"picture":{"large":"https://randomuser.me/api/portraits/women/0.jpg","medium":"https://randomuser.me/api/portraits/med/women/0.jpg","thumbnail":"https://randomuser.me/api/portraits/thumb/women/0.jpg"},"nat":"DE"}],"info":{"seed":"e93bdb37124a75e9","results":1,"page":1,"version":"1.4"}} 
 </msg>
<msg time="2024-07-16T12:29:20.325391" level="INFO">/opt/hostedtoolcache/Python/3.12.4/x64/lib/python3.12/site-packages/urllib3/connectionpool.py:1099: InsecureRequestWarning: Unverified HTTPS request is being made to host 'randomuser.me'. Adding certificate verification is strongly advised. See: https://urllib3.readthedocs.io/en/latest/advanced-usage.html#tls-warnings
  warnings.warn(</msg>
<msg time="2024-07-16T12:29:20.325495" level="INFO">${response} = &lt;Response [200]&gt;</msg>
<var>${response}</var>
<arg>consultarAPI</arg>
<arg>/api</arg>
<doc>Sends a GET request on a previously created HTTP Session.</doc>
<status status="PASS" start="2024-07-16T12:29:20.234217" elapsed="0.091320"/>
</kw>
<kw name="Set Variable" owner="BuiltIn">
<msg time="2024-07-16T12:29:20.326412" level="INFO">${json_data} = {'results': [{'gender': 'female', 'name': {'title': 'Ms', 'first': 'Jasmin', 'last': 'Felber'}, 'location': {'street': {'number': 8046, 'name': 'Ahornweg'}, 'city': 'Wanfried', 'state': 'Sachsen-Anhal...</msg>
<var>${json_data}</var>
<arg>${response.json()}</arg>
<doc>Returns the given values which can then be assigned to a variables.</doc>
<status status="PASS" start="2024-07-16T12:29:20.325938" elapsed="0.000504"/>
</kw>
<kw name="Log" owner="BuiltIn">
<msg time="2024-07-16T12:29:20.326906" level="INFO">{'results': [{'gender': 'female', 'name': {'title': 'Ms', 'first': 'Jasmin', 'last': 'Felber'}, 'location': {'street': {'number': 8046, 'name': 'Ahornweg'}, 'city': 'Wanfried', 'state': 'Sachsen-Anhalt', 'country': 'Germany', 'postcode': 94277, 'coordinates': {'latitude': '-48.9160', 'longitude': '72.0031'}, 'timezone': {'offset': '+7:00', 'description': 'Bangkok, Hanoi, Jakarta'}}, 'email': 'jasmin.felber@example.com', 'login': {'uuid': '73fdc0ed-ea60-48b9-a7df-6adf0246ded1', 'username': 'yellowkoala684', 'password': 'snapple', 'salt': 'OAaISLNC', 'md5': 'f13fdd38b9da27eedf85c396c00ad181', 'sha1': 'd1bc07eec4a5841b02c39399c526796f24b005d1', 'sha256': '7f6ccd1654eeab34152674b889ddfc66543a3ae9fa7d1f1b33225e09ca06590d'}, 'dob': {'date': '1991-04-19T13:36:00.051Z', 'age': 33}, 'registered': {'date': '2021-11-20T21:37:26.013Z', 'age': 2}, 'phone': '0124-8981106', 'cell': '0174-3409310', 'id': {'name': 'SVNR', 'value': '51 190491 F 689'}, 'picture': {'large': 'https://randomuser.me/api/portraits/women/0.jpg', 'medium': 'https://randomuser.me/api/portraits/med/women/0.jpg', 'thumbnail': 'https://randomuser.me/api/portraits/thumb/women/0.jpg'}, 'nat': 'DE'}], 'info': {'seed': 'e93bdb37124a75e9', 'results': 1, 'page': 1, 'version': '1.4'}}</msg>
<arg>${json_data}</arg>
<doc>Logs the given message with the given level.</doc>
<status status="PASS" start="2024-07-16T12:29:20.326753" elapsed="0.000211"/>
</kw>
<kw name="Should Be String" owner="String">
<arg>${json_data['results'][0]['gender']}</arg>
<doc>Fails if the given ``item`` is not a string.</doc>
<status status="PASS" start="2024-07-16T12:29:20.327280" elapsed="0.000383"/>
</kw>
<kw name="Should Match Regexp" owner="BuiltIn">
<arg>${json_data['results'][0]['email']}</arg>
<arg>^[a-zA-Z0-9._%+-]+@[a-zA-Z0-9.-]+\.[a-zA-Z]{2,}$</arg>
<doc>Fails if ``string`` does not match ``pattern`` as a regular expression.</doc>
<status status="PASS" start="2024-07-16T12:29:20.327854" elapsed="0.000506"/>
</kw>
<kw name="Should Match Regexp" owner="BuiltIn">
<arg>${json_data['results'][0]['dob']['date']}</arg>
<arg>\\d{4}-\\d{2}-\\d{2}T\\d{2}:\\d{2}:\\d{2}\\.\\d{3}Z</arg>
<doc>Fails if ``string`` does not match ``pattern`` as a regular expression.</doc>
<status status="PASS" start="2024-07-16T12:29:20.328626" elapsed="0.000502"/>
</kw>
<kw name="Should Match Regexp" owner="BuiltIn">
<arg>${json_data['results'][0]['registered']['date']}</arg>
<arg>\\d{4}-\\d{2}-\\d{2}T\\d{2}:\\d{2}:\\d{2}\\.\\d{3}Z</arg>
<doc>Fails if ``string`` does not match ``pattern`` as a regular expression.</doc>
<status status="PASS" start="2024-07-16T12:29:20.329320" elapsed="0.000368"/>
</kw>
<kw name="Should Match Regexp" owner="BuiltIn">
<arg>${json_data['results'][0]['picture']['large']}</arg>
<arg>^https?://.*\.(?:png|jpe?g|gif|bmp)$</arg>
<doc>Fails if ``string`` does not match ``pattern`` as a regular expression.</doc>
<status status="PASS" start="2024-07-16T12:29:20.329878" elapsed="0.000452"/>
</kw>
<kw name="Should Match Regexp" owner="BuiltIn">
<arg>${json_data['results'][0]['picture']['medium']}</arg>
<arg>^https?://.*\.(?:png|jpe?g|gif|bmp)$</arg>
<doc>Fails if ``string`` does not match ``pattern`` as a regular expression.</doc>
<status status="PASS" start="2024-07-16T12:29:20.330515" elapsed="0.000347"/>
</kw>
<kw name="Should Match Regexp" owner="BuiltIn">
<arg>${json_data['results'][0]['picture']['thumbnail']}</arg>
<arg>^https?://.*\.(?:png|jpe?g|gif|bmp)$</arg>
<doc>Fails if ``string`` does not match ``pattern`` as a regular expression.</doc>
<status status="PASS" start="2024-07-16T12:29:20.331043" elapsed="0.000341"/>
</kw>
<kw name="Log" owner="BuiltIn">
<msg time="2024-07-16T12:29:20.331890" level="INFO">{'large': 'https://randomuser.me/api/portraits/women/0.jpg', 'medium': 'https://randomuser.me/api/portraits/med/women/0.jpg', 'thumbnail': 'https://randomuser.me/api/portraits/thumb/women/0.jpg'}</msg>
<arg>${json_data['results'][0]['picture']}</arg>
<doc>Logs the given message with the given level.</doc>
<status status="PASS" start="2024-07-16T12:29:20.331565" elapsed="0.000366"/>
</kw>
<status status="PASS" start="2024-07-16T12:29:20.233984" elapsed="0.098209"/>
</kw>
<kw name="Teste de Tipos de Dados - Postcode" owner="random-user-service">
<kw name="GET On Session" owner="RequestsLibrary">
<msg time="2024-07-16T12:29:20.612188" level="INFO">GET Request : url=https://randomuser.me/api 
 path_url=/api 
 headers={'User-Agent': 'python-requests/2.32.3', 'Accept-Encoding': 'gzip, deflate', 'Accept': '*/*', 'Connection': 'keep-alive'} 
 body=None 
 </msg>
<msg time="2024-07-16T12:29:20.612283" level="INFO">GET Response : url=https://randomuser.me/api 
 status=200, reason=OK 
 headers={'Date': 'Tue, 16 Jul 2024 12:29:20 GMT', 'Content-Type': 'application/json; charset=utf-8', 'Transfer-Encoding': 'chunked', 'Connection': 'keep-alive', 'X-Powered-By': 'Express', 'Access-Control-Allow-Origin': '*', 'Cache-Control': 'no-cache', 'ETag': 'W/"4a4-go3W13zRi535icQUjpUEufzhvGU"', 'Vary': 'Accept-Encoding', 'Content-Encoding': 'gzip', 'CF-Cache-Status': 'DYNAMIC', 'Report-To': '{"endpoints":[{"url":"https:\\/\\/a.nel.cloudflare.com\\/report\\/v4?s=%2FabzzprTPiyPqXxVWSpaAVZvdsiA5rIVEmnYHmF1%2Fmvnq9qkNi2iCrEasPnSgH1uWdaQI4qlwM6D%2BG%2BXZh7R56N%2FPmohBSB6Hyw9SkXOkWKo9dxZgv1%2Bbf%2FyK9OleBU8"}],"group":"cf-nel","max_age":604800}', 'NEL': '{"success_fraction":0,"report_to":"cf-nel","max_age":604800}', 'Server': 'cloudflare', 'CF-RAY': '8a41ff4a188f9432-SJC', 'alt-svc': 'h3=":443"; ma=86400'} 
 body={"results":[{"gender":"female","name":{"title":"Miss","first":"Rosario","last":"Cruz"},"location":{"street":{"number":4745,"name":"Calle de La Almudena"},"city":"Vigo","state":"Comunidad de Madrid","country":"Spain","postcode":98095,"coordinates":{"latitude":"-31.3655","longitude":"143.4643"},"timezone":{"offset":"+11:00","description":"Magadan, Solomon Islands, New Caledonia"}},"email":"rosario.cruz@example.com","login":{"uuid":"d20f77f7-f0d3-410f-990d-2d41a13426a3","username":"ticklishdog864","password":"373737","salt":"b2nfa7JJ","md5":"d10349a812d8a04198046ebe5acb55a7","sha1":"864c3c767ed0d652a51f9644f356e0166ce11a47","sha256":"41f65da4bc0b2536308102f5abaa7c9472cee708880fe3bf75ef854fb6653b68"},"dob":{"date":"1959-11-10T09:03:04.406Z","age":64},"registered":{"date":"2003-12-19T04:45:07.504Z","age":20},"phone":"902-214-626","cell":"612-171-682","id":{"name":"DNI","value":"42597538-R"},"picture":{"large":"https://randomuser.me/api/portraits/women/60.jpg","medium":"https://randomuser.me/api/portraits/med/women/60.jpg","thumbnail":"https://randomuser.me/api/portraits/thumb/women/60.jpg"},"nat":"ES"}],"info":{"seed":"06f8d538cfc28335","results":1,"page":1,"version":"1.4"}} 
 </msg>
<msg time="2024-07-16T12:29:20.612345" level="INFO">/opt/hostedtoolcache/Python/3.12.4/x64/lib/python3.12/site-packages/urllib3/connectionpool.py:1099: InsecureRequestWarning: Unverified HTTPS request is being made to host 'randomuser.me'. Adding certificate verification is strongly advised. See: https://urllib3.readthedocs.io/en/latest/advanced-usage.html#tls-warnings
  warnings.warn(</msg>
<msg time="2024-07-16T12:29:20.612454" level="INFO">${response} = &lt;Response [200]&gt;</msg>
<var>${response}</var>
<arg>consultarAPI</arg>
<arg>/api</arg>
<doc>Sends a GET request on a previously created HTTP Session.</doc>
<status status="PASS" start="2024-07-16T12:29:20.332663" elapsed="0.279839"/>
</kw>
<kw name="Set Variable" owner="BuiltIn">
<msg time="2024-07-16T12:29:20.613512" level="INFO">${json_data} = {'results': [{'gender': 'female', 'name': {'title': 'Miss', 'first': 'Rosario', 'last': 'Cruz'}, 'location': {'street': {'number': 4745, 'name': 'Calle de La Almudena'}, 'city': 'Vigo', 'state': 'Comu...</msg>
<var>${json_data}</var>
<arg>${response.json()}</arg>
<doc>Returns the given values which can then be assigned to a variables.</doc>
<status status="PASS" start="2024-07-16T12:29:20.613018" elapsed="0.000524"/>
</kw>
<kw name="Log" owner="BuiltIn">
<msg time="2024-07-16T12:29:20.613999" level="INFO">{'results': [{'gender': 'female', 'name': {'title': 'Miss', 'first': 'Rosario', 'last': 'Cruz'}, 'location': {'street': {'number': 4745, 'name': 'Calle de La Almudena'}, 'city': 'Vigo', 'state': 'Comunidad de Madrid', 'country': 'Spain', 'postcode': 98095, 'coordinates': {'latitude': '-31.3655', 'longitude': '143.4643'}, 'timezone': {'offset': '+11:00', 'description': 'Magadan, Solomon Islands, New Caledonia'}}, 'email': 'rosario.cruz@example.com', 'login': {'uuid': 'd20f77f7-f0d3-410f-990d-2d41a13426a3', 'username': 'ticklishdog864', 'password': '373737', 'salt': 'b2nfa7JJ', 'md5': 'd10349a812d8a04198046ebe5acb55a7', 'sha1': '864c3c767ed0d652a51f9644f356e0166ce11a47', 'sha256': '41f65da4bc0b2536308102f5abaa7c9472cee708880fe3bf75ef854fb6653b68'}, 'dob': {'date': '1959-11-10T09:03:04.406Z', 'age': 64}, 'registered': {'date': '2003-12-19T04:45:07.504Z', 'age': 20}, 'phone': '902-214-626', 'cell': '612-171-682', 'id': {'name': 'DNI', 'value': '42597538-R'}, 'picture': {'large': 'https://randomuser.me/api/portraits/women/60.jpg', 'medium': 'https://randomuser.me/api/portraits/med/women/60.jpg', 'thumbnail': 'https://randomuser.me/api/portraits/thumb/women/60.jpg'}, 'nat': 'ES'}], 'info': {'seed': '06f8d538cfc28335', 'results': 1, 'page': 1, 'version': '1.4'}}</msg>
<arg>${json_data}</arg>
<doc>Logs the given message with the given level.</doc>
<status status="PASS" start="2024-07-16T12:29:20.613841" elapsed="0.000204"/>
</kw>
<kw name="Should Be Equal As Numbers" owner="BuiltIn">
<arg>${json_data['results'][0]['location']['postcode']}</arg>
<arg>${json_data['results'][0]['location']['postcode']}</arg>
<doc>Fails if objects are unequal after converting them to real numbers.</doc>
<status status="PASS" start="2024-07-16T12:29:20.614329" elapsed="0.000611"/>
</kw>
<kw name="Log" owner="BuiltIn">
<msg time="2024-07-16T12:29:20.615613" level="INFO">98095</msg>
<arg>${json_data['results'][0]['location']['postcode']}</arg>
<doc>Logs the given message with the given level.</doc>
<status status="PASS" start="2024-07-16T12:29:20.615125" elapsed="0.000527"/>
</kw>
<status status="PASS" start="2024-07-16T12:29:20.332417" elapsed="0.283513"/>
</kw>
<doc>Testa se os tipos de dados na resposta da API estão corretos.</doc>
<tag>testeTiposDados</tag>
<status status="PASS" start="2024-07-16T12:29:20.233529" elapsed="0.382562"/>
</test>
<test id="s1-s1-t5" name="Validar conteudo" line="35">
<kw name="Teste de Tipos de Conteudo" owner="random-user-service">
<kw name="GET On Session" owner="RequestsLibrary">
<msg time="2024-07-16T12:29:20.713628" level="INFO">GET Request : url=https://randomuser.me/api 
 path_url=/api 
 headers={'User-Agent': 'python-requests/2.32.3', 'Accept-Encoding': 'gzip, deflate', 'Accept': '*/*', 'Connection': 'keep-alive'} 
 body=None 
 </msg>
<msg time="2024-07-16T12:29:20.713718" level="INFO">GET Response : url=https://randomuser.me/api 
 status=200, reason=OK 
 headers={'Date': 'Tue, 16 Jul 2024 12:29:20 GMT', 'Content-Type': 'application/json; charset=utf-8', 'Transfer-Encoding': 'chunked', 'Connection': 'keep-alive', 'X-Powered-By': 'Express', 'Access-Control-Allow-Origin': '*', 'Cache-Control': 'no-cache', 'ETag': 'W/"480-j+gkr6odrREw8qoW5hrPrsjXclM"', 'Vary': 'Accept-Encoding', 'Content-Encoding': 'gzip', 'CF-Cache-Status': 'DYNAMIC', 'Report-To': '{"endpoints":[{"url":"https:\\/\\/a.nel.cloudflare.com\\/report\\/v4?s=cevNbOAN6lOsNW9rFVTgv5GtjoLfKa7oMSjzFvA%2Fhs5PbhE2NQTbzPB8V%2BAOKxo%2FFFcvV16DXtY8u8zKhPIR1Vg7l4o4j1CaixaLhuf40G4Mu%2B3nR6ZHrdJH7ioKeTPu"}],"group":"cf-nel","max_age":604800}', 'NEL': '{"success_fraction":0,"report_to":"cf-nel","max_age":604800}', 'Server': 'cloudflare', 'CF-RAY': '8a41ff4be96b9432-SJC', 'alt-svc': 'h3=":443"; ma=86400'} 
 body={"results":[{"gender":"female","name":{"title":"Mrs","first":"Nadežda","last":"Dinčić"},"location":{"street":{"number":4545,"name":"Ser Tomasa Liptona"},"city":"Srbobran","state":"Zaječar","country":"Serbia","postcode":46715,"coordinates":{"latitude":"64.0833","longitude":"104.8770"},"timezone":{"offset":"-9:00","description":"Alaska"}},"email":"nadezda.dincic@example.com","login":{"uuid":"91517ccf-60e7-43e2-bd44-9c0bedced5e4","username":"brownmeercat798","password":"credit","salt":"d6Dm7kCZ","md5":"c9e51dec22054f8aee036746dff5702b","sha1":"95a2f5770c382ad41e7ef3f3907a92f0f46ec439","sha256":"feb594ade1765898f75be70750e2ccd004f1ea2e69c7880321d242540441d4f2"},"dob":{"date":"1946-06-11T17:50:20.897Z","age":78},"registered":{"date":"2017-04-26T10:46:45.002Z","age":7},"phone":"037-8838-243","cell":"064-0456-227","id":{"name":"SID","value":"509412324"},"picture":{"large":"https://randomuser.me/api/portraits/women/87.jpg","medium":"https://randomuser.me/api/portraits/med/women/87.jpg","thumbnail":"https://randomuser.me/api/portraits/thumb/women/87.jpg"},"nat":"RS"}],"info":{"seed":"1a8b16129990a63a","results":1,"page":1,"version":"1.4"}} 
 </msg>
<msg time="2024-07-16T12:29:20.713784" level="INFO">/opt/hostedtoolcache/Python/3.12.4/x64/lib/python3.12/site-packages/urllib3/connectionpool.py:1099: InsecureRequestWarning: Unverified HTTPS request is being made to host 'randomuser.me'. Adding certificate verification is strongly advised. See: https://urllib3.readthedocs.io/en/latest/advanced-usage.html#tls-warnings
  warnings.warn(</msg>
<msg time="2024-07-16T12:29:20.713890" level="INFO">${response} = &lt;Response [200]&gt;</msg>
<var>${response}</var>
<arg>consultarAPI</arg>
<arg>/api</arg>
<doc>Sends a GET request on a previously created HTTP Session.</doc>
<status status="PASS" start="2024-07-16T12:29:20.619021" elapsed="0.094899"/>
</kw>
<kw name="Set Variable" owner="BuiltIn">
<msg time="2024-07-16T12:29:20.714884" level="INFO">${json_data} = {'results': [{'gender': 'female', 'name': {'title': 'Mrs', 'first': 'Nadežda', 'last': 'Dinčić'}, 'location': {'street': {'number': 4545, 'name': 'Ser Tomasa Liptona'}, 'city': 'Srbobran', 'state': 'Z...</msg>
<var>${json_data}</var>
<arg>${response.json()}</arg>
<doc>Returns the given values which can then be assigned to a variables.</doc>
<status status="PASS" start="2024-07-16T12:29:20.714391" elapsed="0.000523"/>
</kw>
<kw name="Set Variable" owner="BuiltIn">
<msg time="2024-07-16T12:29:20.715593" level="INFO">${name_title} = Mrs</msg>
<var>${name_title}</var>
<arg>${json_data["results"][0]["name"]["title"]}</arg>
<doc>Returns the given values which can then be assigned to a variables.</doc>
<status status="PASS" start="2024-07-16T12:29:20.715212" elapsed="0.000406"/>
</kw>
<kw name="Create List" owner="BuiltIn">
<msg time="2024-07-16T12:29:20.716056" level="INFO">${allowed_titles} = ['Mr', 'Ms', 'Miss', 'Mrs', 'Madame', 'Monsieur']</msg>
<var>${allowed_titles}</var>
<arg>Mr</arg>
<arg>Ms</arg>
<arg>Miss</arg>
<arg>Mrs</arg>
<arg>Madame</arg>
<arg>Monsieur</arg>
<doc>Returns a list containing given items.</doc>
<status status="PASS" start="2024-07-16T12:29:20.715911" elapsed="0.000168"/>
</kw>
<kw name="List Should Contain Value" owner="Collections">
<arg>${allowed_titles}</arg>
<arg>${name_title}</arg>
<doc>Fails if the ``value`` is not found from ``list``.</doc>
<status status="PASS" start="2024-07-16T12:29:20.716372" elapsed="0.000224"/>
</kw>
<kw name="Set Variable" owner="BuiltIn">
<msg time="2024-07-16T12:29:20.717158" level="INFO">${name_country} = RS</msg>
<var>${name_country}</var>
<arg>${json_data["results"][0]["nat"]}</arg>
<doc>Returns the given values which can then be assigned to a variables.</doc>
<status status="PASS" start="2024-07-16T12:29:20.716780" elapsed="0.000404"/>
</kw>
<kw name="Create List" owner="BuiltIn">
<msg time="2024-07-16T12:29:20.718074" level="INFO">${list_country} = ['AD', 'AE', 'AF', 'AG', 'AI', 'AL', 'AM', 'AO', 'AQ', 'AR', 'AS', 'AT', 'AU', 'AW', 'AX', 'AZ', 'BA', 'BB', 'BD', 'BE', 'BF', 'BG', 'BH', 'BI', 'BJ', 'BL', 'BM', 'BN', 'BO', 'BQ', 'BR', 'BS', 'BT', '...</msg>
<var>${list_country}</var>
<arg>AD</arg>
<arg>AE</arg>
<arg>AF</arg>
<arg>AG</arg>
<arg>AI</arg>
<arg>AL</arg>
<arg>AM</arg>
<arg>AO</arg>
<arg>AQ</arg>
<arg>AR</arg>
<arg>AS</arg>
<arg>AT</arg>
<arg>AU</arg>
<arg>AW</arg>
<arg>AX</arg>
<arg>AZ</arg>
<arg>BA</arg>
<arg>BB</arg>
<arg>BD</arg>
<arg>BE</arg>
<arg>BF</arg>
<arg>BG</arg>
<arg>BH</arg>
<arg>BI</arg>
<arg>BJ</arg>
<arg>BL</arg>
<arg>BM</arg>
<arg>BN</arg>
<arg>BO</arg>
<arg>BQ</arg>
<arg>BR</arg>
<arg>BS</arg>
<arg>BT</arg>
<arg>BV</arg>
<arg>BW</arg>
<arg>BY</arg>
<arg>BZ</arg>
<arg>CA</arg>
<arg>CC</arg>
<arg>CD</arg>
<arg>CF</arg>
<arg>CG</arg>
<arg>CH</arg>
<arg>CI</arg>
<arg>CK</arg>
<arg>CL</arg>
<arg>CM</arg>
<arg>CN</arg>
<arg>CO</arg>
<arg>CR</arg>
<arg>CU</arg>
<arg>CV</arg>
<arg>CW</arg>
<arg>CX</arg>
<arg>CY</arg>
<arg>CZ</arg>
<arg>DE</arg>
<arg>DJ</arg>
<arg>DK</arg>
<arg>DM</arg>
<arg>DO</arg>
<arg>DZ</arg>
<arg>EC</arg>
<arg>EE</arg>
<arg>EG</arg>
<arg>EH</arg>
<arg>ER</arg>
<arg>ES</arg>
<arg>ET</arg>
<arg>FI</arg>
<arg>FJ</arg>
<arg>FK</arg>
<arg>FM</arg>
<arg>FO</arg>
<arg>FR</arg>
<arg>GA</arg>
<arg>GB</arg>
<arg>GD</arg>
<arg>GE</arg>
<arg>GF</arg>
<arg>GG</arg>
<arg>GH</arg>
<arg>GI</arg>
<arg>GL</arg>
<arg>GM</arg>
<arg>GN</arg>
<arg>GP</arg>
<arg>GQ</arg>
<arg>GR</arg>
<arg>GS</arg>
<arg>GT</arg>
<arg>GU</arg>
<arg>GW</arg>
<arg>GY</arg>
<arg>HK</arg>
<arg>HM</arg>
<arg>HN</arg>
<arg>HR</arg>
<arg>HT</arg>
<arg>HU</arg>
<arg>ID</arg>
<arg>IE</arg>
<arg>IL</arg>
<arg>IM</arg>
<arg>IN</arg>
<arg>IO</arg>
<arg>IQ</arg>
<arg>IR</arg>
<arg>IS</arg>
<arg>IT</arg>
<arg>JE</arg>
<arg>JM</arg>
<arg>JO</arg>
<arg>JP</arg>
<arg>KE</arg>
<arg>KG</arg>
<arg>KH</arg>
<arg>KI</arg>
<arg>KM</arg>
<arg>KN</arg>
<arg>KP</arg>
<arg>KR</arg>
<arg>KW</arg>
<arg>KY</arg>
<arg>KZ</arg>
<arg>LA</arg>
<arg>LB</arg>
<arg>LC</arg>
<arg>LI</arg>
<arg>LK</arg>
<arg>LR</arg>
<arg>LS</arg>
<arg>LT</arg>
<arg>LU</arg>
<arg>LV</arg>
<arg>LY</arg>
<arg>MA</arg>
<arg>MC</arg>
<arg>MD</arg>
<arg>ME</arg>
<arg>MF</arg>
<arg>MG</arg>
<arg>MH</arg>
<arg>MK</arg>
<arg>ML</arg>
<arg>MM</arg>
<arg>MN</arg>
<arg>MO</arg>
<arg>MP</arg>
<arg>MQ</arg>
<arg>MR</arg>
<arg>MS</arg>
<arg>MT</arg>
<arg>MU</arg>
<arg>MV</arg>
<arg>MW</arg>
<arg>MX</arg>
<arg>MY</arg>
<arg>MZ</arg>
<arg>NA</arg>
<arg>NC</arg>
<arg>NE</arg>
<arg>NF</arg>
<arg>NG</arg>
<arg>NI</arg>
<arg>NL</arg>
<arg>NO</arg>
<arg>NP</arg>
<arg>NR</arg>
<arg>NU</arg>
<arg>NZ</arg>
<arg>OM</arg>
<arg>PA</arg>
<arg>PE</arg>
<arg>PF</arg>
<arg>PG</arg>
<arg>PH</arg>
<arg>PK</arg>
<arg>PL</arg>
<arg>PM</arg>
<arg>PN</arg>
<arg>PR</arg>
<arg>PS</arg>
<arg>PT</arg>
<arg>PW</arg>
<arg>PY</arg>
<arg>QA</arg>
<arg>RE</arg>
<arg>RO</arg>
<arg>RS</arg>
<arg>RU</arg>
<arg>RW</arg>
<arg>SA</arg>
<arg>SB</arg>
<arg>SC</arg>
<arg>SD</arg>
<arg>SE</arg>
<arg>SG</arg>
<arg>SH</arg>
<arg>SI</arg>
<arg>SJ</arg>
<arg>SK</arg>
<arg>SL</arg>
<arg>SM</arg>
<arg>SN</arg>
<arg>SO</arg>
<arg>SR</arg>
<arg>SS</arg>
<arg>ST</arg>
<arg>SV</arg>
<arg>SX</arg>
<arg>SY</arg>
<arg>SZ</arg>
<arg>TC</arg>
<arg>TD</arg>
<arg>TF</arg>
<arg>TG</arg>
<arg>TH</arg>
<arg>TJ</arg>
<arg>TK</arg>
<arg>TL</arg>
<arg>TM</arg>
<arg>TN</arg>
<arg>TO</arg>
<arg>TR</arg>
<arg>TT</arg>
<arg>TV</arg>
<arg>TW</arg>
<arg>TZ</arg>
<arg>UA</arg>
<arg>UG</arg>
<arg>UM</arg>
<arg>US</arg>
<arg>UY</arg>
<arg>UZ</arg>
<arg>VA</arg>
<arg>VC</arg>
<arg>VE</arg>
<arg>VG</arg>
<arg>VI</arg>
<arg>VN</arg>
<arg>VU</arg>
<arg>WF</arg>
<arg>WS</arg>
<arg>XK</arg>
<arg>YE</arg>
<arg>YT</arg>
<arg>ZA</arg>
<arg>ZM</arg>
<arg>ZW</arg>
<doc>Returns a list containing given items.</doc>
<status status="PASS" start="2024-07-16T12:29:20.717486" elapsed="0.000613"/>
</kw>
<kw name="List Should Contain Value" owner="Collections">
<arg>${list_country}</arg>
<arg>${name_country}</arg>
<doc>Fails if the ``value`` is not found from ``list``.</doc>
<status status="PASS" start="2024-07-16T12:29:20.718885" elapsed="0.000200"/>
</kw>
<kw name="Run Keyword If" owner="BuiltIn">
<kw name="Should Be True" owner="BuiltIn">
<arg>${True}</arg>
<doc>Fails if the given condition is not true.</doc>
<status status="PASS" start="2024-07-16T12:29:20.720003" elapsed="0.000138"/>
</kw>
<arg>${json_data["results"][0]["location"]["coordinates"]["latitude"]} &gt;= -90 and ${json_data["results"][0]["location"]["coordinates"]["latitude"]} &lt;= 90</arg>
<arg>Should Be True</arg>
<arg>${True}</arg>
<doc>Runs the given keyword with the given arguments, if ``condition`` is true.</doc>
<status status="PASS" start="2024-07-16T12:29:20.719276" elapsed="0.000986"/>
</kw>
<kw name="Run Keyword If" owner="BuiltIn">
<kw name="Should Be True" owner="BuiltIn">
<arg>${True}</arg>
<doc>Fails if the given condition is not true.</doc>
<status status="PASS" start="2024-07-16T12:29:20.721144" elapsed="0.000234"/>
</kw>
<arg>${json_data["results"][0]["location"]["coordinates"]["longitude"]} &gt;= -180 and ${json_data["results"][0]["location"]["coordinates"]["longitude"]} &lt;= 180</arg>
<arg>Should Be True</arg>
<arg>${True}</arg>
<doc>Runs the given keyword with the given arguments, if ``condition`` is true.</doc>
<status status="PASS" start="2024-07-16T12:29:20.720438" elapsed="0.001066"/>
</kw>
<status status="PASS" start="2024-07-16T12:29:20.618660" elapsed="0.102974"/>
</kw>
<doc>Testa o conteúdo específico dos campos retornados pela API.</doc>
<tag>testeConteudo</tag>
<status status="PASS" start="2024-07-16T12:29:20.617980" elapsed="0.103801"/>
</test>
<status status="PASS" start="2024-07-16T12:29:19.637759" elapsed="1.085911"/>
</suite>
<status status="PASS" start="2024-07-16T12:29:19.623512" elapsed="1.105103"/>
</suite>
<statistics>
<total>
<stat pass="5" fail="0" skip="0">All Tests</stat>
</total>
<tag>
<stat pass="1" fail="0" skip="0">testeConteudo</stat>
<stat pass="1" fail="0" skip="0">testeEstruturaResposta</stat>
<stat pass="1" fail="0" skip="0">testeRequisicaoBasica</stat>
<stat pass="1" fail="0" skip="0">testeTiposDados</stat>
</tag>
<suite>
<stat pass="5" fail="0" skip="0" id="s1" name="Tests">Tests</stat>
<stat pass="5" fail="0" skip="0" id="s1-s1" name="Random-User-Test">Tests.Random-User-Test</stat>
</suite>
</statistics>
<errors>
</errors>
</robot>
