<?xml version="1.0" encoding="UTF-8"?>
<robot generator="Robot 7.0.1 (Python 3.12.4 on linux)" generated="2024-07-09T07:14:27.624662" rpa="false" schemaversion="5">
<suite id="s1" name="Tests" source="/home/runner/work/ApiRandomUser/ApiRandomUser/RamdonUser/tests">
<suite id="s1-s1" name="Random-User-Test" source="/home/runner/work/ApiRandomUser/ApiRandomUser/RamdonUser/tests/random-user-test.robot">
<test id="s1-s1-t1" name="Conectar" line="13">
<kw name="Conectar API" owner="random-user-service">
<kw name="Create Session" owner="RequestsLibrary">
<msg time="2024-07-09T07:14:28.046236" level="INFO">Creating Session using : alias=consultarAPI, url=https://randomuser.me/, headers={},                     cookies={}, auth=None, timeout=None, proxies=None, verify=False,                     debug=0 </msg>
<arg>consultarAPI</arg>
<arg>${URL}</arg>
<doc>Create Session: create a HTTP session to a server</doc>
<status status="PASS" start="2024-07-09T07:14:28.046022" elapsed="0.000424"/>
</kw>
<status status="PASS" start="2024-07-09T07:14:28.045003" elapsed="0.001827"/>
</kw>
<status status="PASS" start="2024-07-09T07:14:28.044336" elapsed="0.002690"/>
</test>
<test id="s1-s1-t2" name="Validar retorno 200 e JSON Válido" line="16">
<kw name="Teste de Requisicao Basica" owner="random-user-service">
<kw name="GET On Session" owner="RequestsLibrary">
<msg time="2024-07-09T07:14:28.260374" level="INFO">GET Request : url=https://randomuser.me/api 
 path_url=/api 
 headers={'User-Agent': 'python-requests/2.32.3', 'Accept-Encoding': 'gzip, deflate', 'Accept': '*/*', 'Connection': 'keep-alive'} 
 body=None 
 </msg>
<msg time="2024-07-09T07:14:28.260543" level="INFO">GET Response : url=https://randomuser.me/api 
 status=200, reason=OK 
 headers={'Date': 'Tue, 09 Jul 2024 07:14:28 GMT', 'Content-Type': 'application/json; charset=utf-8', 'Transfer-Encoding': 'chunked', 'Connection': 'keep-alive', 'X-Powered-By': 'Express', 'Access-Control-Allow-Origin': '*', 'Cache-Control': 'no-cache', 'ETag': 'W/"488-096E+okPRF8nvuYWQaCR2qP4a1A"', 'Vary': 'Accept-Encoding', 'Content-Encoding': 'gzip', 'CF-Cache-Status': 'DYNAMIC', 'Report-To': '{"endpoints":[{"url":"https:\\/\\/a.nel.cloudflare.com\\/report\\/v4?s=MQbl5aS66jdWG84Q4ROkT26HNd5m%2FU1%2BHkkLvGZbJjdKdd6uaa8Wno5kpmbB8poZ88204ha%2BAPWJxh49AhBeD2sfVLH1w28An7p%2Bx8N0xsD4uz2yLBGGVnVYE5tMsOJL"}],"group":"cf-nel","max_age":604800}', 'NEL': '{"success_fraction":0,"report_to":"cf-nel","max_age":604800}', 'Server': 'cloudflare', 'CF-RAY': '8a06846d7f269658-SJC', 'alt-svc': 'h3=":443"; ma=86400'} 
 body={"results":[{"gender":"male","name":{"title":"Mr","first":"Ethan","last":"Smith"},"location":{"street":{"number":3717,"name":"West Quay"},"city":"Tauranga","state":"Bay of Plenty","country":"New Zealand","postcode":55374,"coordinates":{"latitude":"50.9823","longitude":"-123.0310"},"timezone":{"offset":"-3:00","description":"Brazil, Buenos Aires, Georgetown"}},"email":"ethan.smith@example.com","login":{"uuid":"5a55fc18-0a8b-4fd6-8b07-52e535cb7c76","username":"beautifulladybug393","password":"rebelz","salt":"cPFT71AG","md5":"e1f2a440cfb1af4e21022237591bff95","sha1":"7d56ac1f8a21593b04e2271ac4e925c1cf42deb6","sha256":"17d79b04052ab4f0ef9ead31822a91f67d30196141848637eb73e03e20cd84c0"},"dob":{"date":"1952-02-05T11:54:14.479Z","age":72},"registered":{"date":"2020-05-13T13:53:44.595Z","age":4},"phone":"(137)-748-4430","cell":"(526)-299-1205","id":{"name":"","value":null},"picture":{"large":"https://randomuser.me/api/portraits/men/36.jpg","medium":"https://randomuser.me/api/portraits/med/men/36.jpg","thumbnail":"https://randomuser.me/api/portraits/thumb/men/36.jpg"},"nat":"NZ"}],"info":{"seed":"3c04a11b4fd68839","results":1,"page":1,"version":"1.4"}} 
 </msg>
<msg time="2024-07-09T07:14:28.260634" level="INFO">/opt/hostedtoolcache/Python/3.12.4/x64/lib/python3.12/site-packages/urllib3/connectionpool.py:1099: InsecureRequestWarning: Unverified HTTPS request is being made to host 'randomuser.me'. Adding certificate verification is strongly advised. See: https://urllib3.readthedocs.io/en/latest/advanced-usage.html#tls-warnings
  warnings.warn(</msg>
<msg time="2024-07-09T07:14:28.260798" level="INFO">${response} = &lt;Response [200]&gt;</msg>
<var>${response}</var>
<arg>consultarAPI</arg>
<arg>/api</arg>
<doc>Sends a GET request on a previously created HTTP Session.</doc>
<status status="PASS" start="2024-07-09T07:14:28.049805" elapsed="0.211038"/>
</kw>
<kw name="Should Be Equal As Numbers" owner="BuiltIn">
<msg time="2024-07-09T07:14:28.262088" level="INFO">Argument types are:
&lt;class 'int'&gt;
&lt;class 'str'&gt;</msg>
<arg>${response.status_code}</arg>
<arg>200</arg>
<doc>Fails if objects are unequal after converting them to real numbers.</doc>
<status status="PASS" start="2024-07-09T07:14:28.261579" elapsed="0.000579"/>
</kw>
<kw name="Log" owner="BuiltIn">
<msg time="2024-07-09T07:14:28.262850" level="INFO">200</msg>
<arg>${response.status_code}</arg>
<doc>Logs the given message with the given level.</doc>
<status status="PASS" start="2024-07-09T07:14:28.262491" elapsed="0.000403"/>
</kw>
<kw name="Set Variable" owner="BuiltIn">
<msg time="2024-07-09T07:14:28.263709" level="INFO">${json_data} = {'results': [{'gender': 'male', 'name': {'title': 'Mr', 'first': 'Ethan', 'last': 'Smith'}, 'location': {'street': {'number': 3717, 'name': 'West Quay'}, 'city': 'Tauranga', 'state': 'Bay of Plenty', ...</msg>
<var>${json_data}</var>
<arg>${response.json()}</arg>
<doc>Returns the given values which can then be assigned to a variables.</doc>
<status status="PASS" start="2024-07-09T07:14:28.263216" elapsed="0.000523"/>
</kw>
<kw name="Dictionary Should Contain Key" owner="Collections">
<arg>${json_data}</arg>
<arg>results</arg>
<doc>Fails if ``key`` is not found from ``dictionary``.</doc>
<status status="PASS" start="2024-07-09T07:14:28.264044" elapsed="0.000187"/>
</kw>
<status status="PASS" start="2024-07-09T07:14:28.049543" elapsed="0.214848"/>
</kw>
<doc>Testa se a API responde corretamente e retorna um objeto JSON válido.</doc>
<tag>testeRequisicaoBasica</tag>
<status status="PASS" start="2024-07-09T07:14:28.048973" elapsed="0.215600"/>
</test>
<test id="s1-s1-t3" name="Validar estrutura de resposta" line="22">
<kw name="Teste de Estrutura de Resposta" owner="random-user-service">
<kw name="GET On Session" owner="RequestsLibrary">
<msg time="2024-07-09T07:14:28.365437" level="INFO">GET Request : url=https://randomuser.me/api 
 path_url=/api 
 headers={'User-Agent': 'python-requests/2.32.3', 'Accept-Encoding': 'gzip, deflate', 'Accept': '*/*', 'Connection': 'keep-alive'} 
 body=None 
 </msg>
<msg time="2024-07-09T07:14:28.365836" level="INFO">GET Response : url=https://randomuser.me/api 
 status=200, reason=OK 
 headers={'Date': 'Tue, 09 Jul 2024 07:14:28 GMT', 'Content-Type': 'application/json; charset=utf-8', 'Transfer-Encoding': 'chunked', 'Connection': 'keep-alive', 'X-Powered-By': 'Express', 'Access-Control-Allow-Origin': '*', 'Cache-Control': 'no-cache', 'ETag': 'W/"489-wXLZ8pkSlrVIIs0H/9CHZqVmyQY"', 'Vary': 'Accept-Encoding', 'Content-Encoding': 'gzip', 'CF-Cache-Status': 'DYNAMIC', 'Report-To': '{"endpoints":[{"url":"https:\\/\\/a.nel.cloudflare.com\\/report\\/v4?s=rMkn5Uu84qHcBKctF1rfK%2F%2FSBxYj6U8lKF421TxqdyDUH3hXbpwUSvfOmGsMpx0Lno2tXExEq247EvtcGTgsswunQR2KoEAKSUi%2F6bsTXNHSAHC2o3jsBgtWbGEytw0%2F"}],"group":"cf-nel","max_age":604800}', 'NEL': '{"success_fraction":0,"report_to":"cf-nel","max_age":604800}', 'Server': 'cloudflare', 'CF-RAY': '8a06846ebfd69658-SJC', 'alt-svc': 'h3=":443"; ma=86400'} 
 body={"results":[{"gender":"male","name":{"title":"Mr","first":"Kerim","last":"Erginsoy"},"location":{"street":{"number":9995,"name":"Doktorlar Cd"},"city":"Kocaeli","state":"İstanbul","country":"Turkey","postcode":56797,"coordinates":{"latitude":"68.7714","longitude":"-144.3541"},"timezone":{"offset":"+5:30","description":"Bombay, Calcutta, Madras, New Delhi"}},"email":"kerim.erginsoy@example.com","login":{"uuid":"85bf2868-beac-446f-afcb-b29a3710ea6c","username":"silverpeacock728","password":"yyyyyyy","salt":"T5NXsz8O","md5":"773cf6a1093755dc0ba8fcd9dac99b0a","sha1":"dab8aeef8d1e8753585fda88e7b2a15b1603a058","sha256":"909e65f7400bdce752e76cf2ba512ad973f9bd4055f2425e27aa67f96d846044"},"dob":{"date":"1952-06-03T04:11:35.589Z","age":72},"registered":{"date":"2013-08-21T18:59:35.920Z","age":10},"phone":"(240)-096-4745","cell":"(336)-283-1162","id":{"name":"","value":null},"picture":{"large":"https://randomuser.me/api/portraits/men/63.jpg","medium":"https://randomuser.me/api/portraits/med/men/63.jpg","thumbnail":"https://randomuser.me/api/portraits/thumb/men/63.jpg"},"nat":"TR"}],"info":{"seed":"ddae7b249f1bde0b","results":1,"page":1,"version":"1.4"}} 
 </msg>
<msg time="2024-07-09T07:14:28.366288" level="INFO">/opt/hostedtoolcache/Python/3.12.4/x64/lib/python3.12/site-packages/urllib3/connectionpool.py:1099: InsecureRequestWarning: Unverified HTTPS request is being made to host 'randomuser.me'. Adding certificate verification is strongly advised. See: https://urllib3.readthedocs.io/en/latest/advanced-usage.html#tls-warnings
  warnings.warn(</msg>
<msg time="2024-07-09T07:14:28.366727" level="INFO">${response} = &lt;Response [200]&gt;</msg>
<var>${response}</var>
<arg>consultarAPI</arg>
<arg>/api</arg>
<doc>Sends a GET request on a previously created HTTP Session.</doc>
<status status="PASS" start="2024-07-09T07:14:28.267336" elapsed="0.099509"/>
</kw>
<kw name="Set Variable" owner="BuiltIn">
<msg time="2024-07-09T07:14:28.369886" level="INFO">${json_data} = {'results': [{'gender': 'male', 'name': {'title': 'Mr', 'first': 'Kerim', 'last': 'Erginsoy'}, 'location': {'street': {'number': 9995, 'name': 'Doktorlar Cd'}, 'city': 'Kocaeli', 'state': 'İstanbul', ...</msg>
<var>${json_data}</var>
<arg>${response.json()}</arg>
<doc>Returns the given values which can then be assigned to a variables.</doc>
<status status="PASS" start="2024-07-09T07:14:28.368703" elapsed="0.001229"/>
</kw>
<kw name="Log" owner="BuiltIn">
<msg time="2024-07-09T07:14:28.371457" level="INFO">{'results': [{'gender': 'male', 'name': {'title': 'Mr', 'first': 'Kerim', 'last': 'Erginsoy'}, 'location': {'street': {'number': 9995, 'name': 'Doktorlar Cd'}, 'city': 'Kocaeli', 'state': 'İstanbul', 'country': 'Turkey', 'postcode': 56797, 'coordinates': {'latitude': '68.7714', 'longitude': '-144.3541'}, 'timezone': {'offset': '+5:30', 'description': 'Bombay, Calcutta, Madras, New Delhi'}}, 'email': 'kerim.erginsoy@example.com', 'login': {'uuid': '85bf2868-beac-446f-afcb-b29a3710ea6c', 'username': 'silverpeacock728', 'password': 'yyyyyyy', 'salt': 'T5NXsz8O', 'md5': '773cf6a1093755dc0ba8fcd9dac99b0a', 'sha1': 'dab8aeef8d1e8753585fda88e7b2a15b1603a058', 'sha256': '909e65f7400bdce752e76cf2ba512ad973f9bd4055f2425e27aa67f96d846044'}, 'dob': {'date': '1952-06-03T04:11:35.589Z', 'age': 72}, 'registered': {'date': '2013-08-21T18:59:35.920Z', 'age': 10}, 'phone': '(240)-096-4745', 'cell': '(336)-283-1162', 'id': {'name': '', 'value': None}, 'picture': {'large': 'https://randomuser.me/api/portraits/men/63.jpg', 'medium': 'https://randomuser.me/api/portraits/med/men/63.jpg', 'thumbnail': 'https://randomuser.me/api/portraits/thumb/men/63.jpg'}, 'nat': 'TR'}], 'info': {'seed': 'ddae7b249f1bde0b', 'results': 1, 'page': 1, 'version': '1.4'}}</msg>
<arg>${json_data}</arg>
<doc>Logs the given message with the given level.</doc>
<status status="PASS" start="2024-07-09T07:14:28.370980" elapsed="0.000666"/>
</kw>
<kw name="Dictionary Should Contain Key" owner="Collections">
<arg>${json_data}</arg>
<arg>results</arg>
<doc>Fails if ``key`` is not found from ``dictionary``.</doc>
<status status="PASS" start="2024-07-09T07:14:28.372372" elapsed="0.000197"/>
</kw>
<kw name="Should Not Be Empty" owner="BuiltIn">
<msg time="2024-07-09T07:14:28.372889" level="INFO">Length is 2.</msg>
<arg>${json_data}</arg>
<doc>Verifies that the given item is not empty.</doc>
<status status="PASS" start="2024-07-09T07:14:28.372759" elapsed="0.000171"/>
</kw>
<kw name="Create List" owner="BuiltIn">
<msg time="2024-07-09T07:14:28.373580" level="INFO">${expected_keys} = ['gender', 'name', 'location', 'email', 'login']</msg>
<var>${expected_keys}</var>
<arg>gender</arg>
<arg>name</arg>
<arg>location</arg>
<arg>email</arg>
<arg>login</arg>
<doc>Returns a list containing given items.</doc>
<status status="PASS" start="2024-07-09T07:14:28.373233" elapsed="0.000374"/>
</kw>
<for flavor="IN">
<iter>
<kw name="Dictionary Should Contain Key" owner="Collections">
<arg>${json_data['results'][0]}</arg>
<arg>${key}</arg>
<doc>Fails if ``key`` is not found from ``dictionary``.</doc>
<status status="PASS" start="2024-07-09T07:14:28.374217" elapsed="0.000432"/>
</kw>
<kw name="Log" owner="BuiltIn">
<msg time="2024-07-09T07:14:28.375201" level="INFO">{'gender': 'male', 'name': {'title': 'Mr', 'first': 'Kerim', 'last': 'Erginsoy'}, 'location': {'street': {'number': 9995, 'name': 'Doktorlar Cd'}, 'city': 'Kocaeli', 'state': 'İstanbul', 'country': 'Turkey', 'postcode': 56797, 'coordinates': {'latitude': '68.7714', 'longitude': '-144.3541'}, 'timezone': {'offset': '+5:30', 'description': 'Bombay, Calcutta, Madras, New Delhi'}}, 'email': 'kerim.erginsoy@example.com', 'login': {'uuid': '85bf2868-beac-446f-afcb-b29a3710ea6c', 'username': 'silverpeacock728', 'password': 'yyyyyyy', 'salt': 'T5NXsz8O', 'md5': '773cf6a1093755dc0ba8fcd9dac99b0a', 'sha1': 'dab8aeef8d1e8753585fda88e7b2a15b1603a058', 'sha256': '909e65f7400bdce752e76cf2ba512ad973f9bd4055f2425e27aa67f96d846044'}, 'dob': {'date': '1952-06-03T04:11:35.589Z', 'age': 72}, 'registered': {'date': '2013-08-21T18:59:35.920Z', 'age': 10}, 'phone': '(240)-096-4745', 'cell': '(336)-283-1162', 'id': {'name': '', 'value': None}, 'picture': {'large': 'https://randomuser.me/api/portraits/men/63.jpg', 'medium': 'https://randomuser.me/api/portraits/med/men/63.jpg', 'thumbnail': 'https://randomuser.me/api/portraits/thumb/men/63.jpg'}, 'nat': 'TR'}</msg>
<arg>${json_data['results'][0]}</arg>
<doc>Logs the given message with the given level.</doc>
<status status="PASS" start="2024-07-09T07:14:28.374835" elapsed="0.000419"/>
</kw>
<kw name="Log" owner="BuiltIn">
<msg time="2024-07-09T07:14:28.375739" level="INFO">gender</msg>
<arg>${key}</arg>
<doc>Logs the given message with the given level.</doc>
<status status="PASS" start="2024-07-09T07:14:28.375601" elapsed="0.000178"/>
</kw>
<var name="${key}">gender</var>
<status status="PASS" start="2024-07-09T07:14:28.374085" elapsed="0.001914"/>
</iter>
<iter>
<kw name="Dictionary Should Contain Key" owner="Collections">
<arg>${json_data['results'][0]}</arg>
<arg>${key}</arg>
<doc>Fails if ``key`` is not found from ``dictionary``.</doc>
<status status="PASS" start="2024-07-09T07:14:28.376302" elapsed="0.000400"/>
</kw>
<kw name="Log" owner="BuiltIn">
<msg time="2024-07-09T07:14:28.377244" level="INFO">{'gender': 'male', 'name': {'title': 'Mr', 'first': 'Kerim', 'last': 'Erginsoy'}, 'location': {'street': {'number': 9995, 'name': 'Doktorlar Cd'}, 'city': 'Kocaeli', 'state': 'İstanbul', 'country': 'Turkey', 'postcode': 56797, 'coordinates': {'latitude': '68.7714', 'longitude': '-144.3541'}, 'timezone': {'offset': '+5:30', 'description': 'Bombay, Calcutta, Madras, New Delhi'}}, 'email': 'kerim.erginsoy@example.com', 'login': {'uuid': '85bf2868-beac-446f-afcb-b29a3710ea6c', 'username': 'silverpeacock728', 'password': 'yyyyyyy', 'salt': 'T5NXsz8O', 'md5': '773cf6a1093755dc0ba8fcd9dac99b0a', 'sha1': 'dab8aeef8d1e8753585fda88e7b2a15b1603a058', 'sha256': '909e65f7400bdce752e76cf2ba512ad973f9bd4055f2425e27aa67f96d846044'}, 'dob': {'date': '1952-06-03T04:11:35.589Z', 'age': 72}, 'registered': {'date': '2013-08-21T18:59:35.920Z', 'age': 10}, 'phone': '(240)-096-4745', 'cell': '(336)-283-1162', 'id': {'name': '', 'value': None}, 'picture': {'large': 'https://randomuser.me/api/portraits/men/63.jpg', 'medium': 'https://randomuser.me/api/portraits/med/men/63.jpg', 'thumbnail': 'https://randomuser.me/api/portraits/thumb/men/63.jpg'}, 'nat': 'TR'}</msg>
<arg>${json_data['results'][0]}</arg>
<doc>Logs the given message with the given level.</doc>
<status status="PASS" start="2024-07-09T07:14:28.376886" elapsed="0.000447"/>
</kw>
<kw name="Log" owner="BuiltIn">
<msg time="2024-07-09T07:14:28.377765" level="INFO">name</msg>
<arg>${key}</arg>
<doc>Logs the given message with the given level.</doc>
<status status="PASS" start="2024-07-09T07:14:28.377635" elapsed="0.000169"/>
</kw>
<var name="${key}">name</var>
<status status="PASS" start="2024-07-09T07:14:28.376190" elapsed="0.001830"/>
</iter>
<iter>
<kw name="Dictionary Should Contain Key" owner="Collections">
<arg>${json_data['results'][0]}</arg>
<arg>${key}</arg>
<doc>Fails if ``key`` is not found from ``dictionary``.</doc>
<status status="PASS" start="2024-07-09T07:14:28.378306" elapsed="0.000386"/>
</kw>
<kw name="Log" owner="BuiltIn">
<msg time="2024-07-09T07:14:28.379228" level="INFO">{'gender': 'male', 'name': {'title': 'Mr', 'first': 'Kerim', 'last': 'Erginsoy'}, 'location': {'street': {'number': 9995, 'name': 'Doktorlar Cd'}, 'city': 'Kocaeli', 'state': 'İstanbul', 'country': 'Turkey', 'postcode': 56797, 'coordinates': {'latitude': '68.7714', 'longitude': '-144.3541'}, 'timezone': {'offset': '+5:30', 'description': 'Bombay, Calcutta, Madras, New Delhi'}}, 'email': 'kerim.erginsoy@example.com', 'login': {'uuid': '85bf2868-beac-446f-afcb-b29a3710ea6c', 'username': 'silverpeacock728', 'password': 'yyyyyyy', 'salt': 'T5NXsz8O', 'md5': '773cf6a1093755dc0ba8fcd9dac99b0a', 'sha1': 'dab8aeef8d1e8753585fda88e7b2a15b1603a058', 'sha256': '909e65f7400bdce752e76cf2ba512ad973f9bd4055f2425e27aa67f96d846044'}, 'dob': {'date': '1952-06-03T04:11:35.589Z', 'age': 72}, 'registered': {'date': '2013-08-21T18:59:35.920Z', 'age': 10}, 'phone': '(240)-096-4745', 'cell': '(336)-283-1162', 'id': {'name': '', 'value': None}, 'picture': {'large': 'https://randomuser.me/api/portraits/men/63.jpg', 'medium': 'https://randomuser.me/api/portraits/med/men/63.jpg', 'thumbnail': 'https://randomuser.me/api/portraits/thumb/men/63.jpg'}, 'nat': 'TR'}</msg>
<arg>${json_data['results'][0]}</arg>
<doc>Logs the given message with the given level.</doc>
<status status="PASS" start="2024-07-09T07:14:28.378875" elapsed="0.000405"/>
</kw>
<kw name="Log" owner="BuiltIn">
<msg time="2024-07-09T07:14:28.379746" level="INFO">location</msg>
<arg>${key}</arg>
<doc>Logs the given message with the given level.</doc>
<status status="PASS" start="2024-07-09T07:14:28.379612" elapsed="0.000172"/>
</kw>
<var name="${key}">location</var>
<status status="PASS" start="2024-07-09T07:14:28.378197" elapsed="0.001806"/>
</iter>
<iter>
<kw name="Dictionary Should Contain Key" owner="Collections">
<arg>${json_data['results'][0]}</arg>
<arg>${key}</arg>
<doc>Fails if ``key`` is not found from ``dictionary``.</doc>
<status status="PASS" start="2024-07-09T07:14:28.380281" elapsed="0.000400"/>
</kw>
<kw name="Log" owner="BuiltIn">
<msg time="2024-07-09T07:14:28.381220" level="INFO">{'gender': 'male', 'name': {'title': 'Mr', 'first': 'Kerim', 'last': 'Erginsoy'}, 'location': {'street': {'number': 9995, 'name': 'Doktorlar Cd'}, 'city': 'Kocaeli', 'state': 'İstanbul', 'country': 'Turkey', 'postcode': 56797, 'coordinates': {'latitude': '68.7714', 'longitude': '-144.3541'}, 'timezone': {'offset': '+5:30', 'description': 'Bombay, Calcutta, Madras, New Delhi'}}, 'email': 'kerim.erginsoy@example.com', 'login': {'uuid': '85bf2868-beac-446f-afcb-b29a3710ea6c', 'username': 'silverpeacock728', 'password': 'yyyyyyy', 'salt': 'T5NXsz8O', 'md5': '773cf6a1093755dc0ba8fcd9dac99b0a', 'sha1': 'dab8aeef8d1e8753585fda88e7b2a15b1603a058', 'sha256': '909e65f7400bdce752e76cf2ba512ad973f9bd4055f2425e27aa67f96d846044'}, 'dob': {'date': '1952-06-03T04:11:35.589Z', 'age': 72}, 'registered': {'date': '2013-08-21T18:59:35.920Z', 'age': 10}, 'phone': '(240)-096-4745', 'cell': '(336)-283-1162', 'id': {'name': '', 'value': None}, 'picture': {'large': 'https://randomuser.me/api/portraits/men/63.jpg', 'medium': 'https://randomuser.me/api/portraits/med/men/63.jpg', 'thumbnail': 'https://randomuser.me/api/portraits/thumb/men/63.jpg'}, 'nat': 'TR'}</msg>
<arg>${json_data['results'][0]}</arg>
<doc>Logs the given message with the given level.</doc>
<status status="PASS" start="2024-07-09T07:14:28.380863" elapsed="0.000411"/>
</kw>
<kw name="Log" owner="BuiltIn">
<msg time="2024-07-09T07:14:28.381705" level="INFO">email</msg>
<arg>${key}</arg>
<doc>Logs the given message with the given level.</doc>
<status status="PASS" start="2024-07-09T07:14:28.381577" elapsed="0.000168"/>
</kw>
<var name="${key}">email</var>
<status status="PASS" start="2024-07-09T07:14:28.380174" elapsed="0.001786"/>
</iter>
<iter>
<kw name="Dictionary Should Contain Key" owner="Collections">
<arg>${json_data['results'][0]}</arg>
<arg>${key}</arg>
<doc>Fails if ``key`` is not found from ``dictionary``.</doc>
<status status="PASS" start="2024-07-09T07:14:28.382246" elapsed="0.000390"/>
</kw>
<kw name="Log" owner="BuiltIn">
<msg time="2024-07-09T07:14:28.383167" level="INFO">{'gender': 'male', 'name': {'title': 'Mr', 'first': 'Kerim', 'last': 'Erginsoy'}, 'location': {'street': {'number': 9995, 'name': 'Doktorlar Cd'}, 'city': 'Kocaeli', 'state': 'İstanbul', 'country': 'Turkey', 'postcode': 56797, 'coordinates': {'latitude': '68.7714', 'longitude': '-144.3541'}, 'timezone': {'offset': '+5:30', 'description': 'Bombay, Calcutta, Madras, New Delhi'}}, 'email': 'kerim.erginsoy@example.com', 'login': {'uuid': '85bf2868-beac-446f-afcb-b29a3710ea6c', 'username': 'silverpeacock728', 'password': 'yyyyyyy', 'salt': 'T5NXsz8O', 'md5': '773cf6a1093755dc0ba8fcd9dac99b0a', 'sha1': 'dab8aeef8d1e8753585fda88e7b2a15b1603a058', 'sha256': '909e65f7400bdce752e76cf2ba512ad973f9bd4055f2425e27aa67f96d846044'}, 'dob': {'date': '1952-06-03T04:11:35.589Z', 'age': 72}, 'registered': {'date': '2013-08-21T18:59:35.920Z', 'age': 10}, 'phone': '(240)-096-4745', 'cell': '(336)-283-1162', 'id': {'name': '', 'value': None}, 'picture': {'large': 'https://randomuser.me/api/portraits/men/63.jpg', 'medium': 'https://randomuser.me/api/portraits/med/men/63.jpg', 'thumbnail': 'https://randomuser.me/api/portraits/thumb/men/63.jpg'}, 'nat': 'TR'}</msg>
<arg>${json_data['results'][0]}</arg>
<doc>Logs the given message with the given level.</doc>
<status status="PASS" start="2024-07-09T07:14:28.382816" elapsed="0.000403"/>
</kw>
<kw name="Log" owner="BuiltIn">
<msg time="2024-07-09T07:14:28.383678" level="INFO">login</msg>
<arg>${key}</arg>
<doc>Logs the given message with the given level.</doc>
<status status="PASS" start="2024-07-09T07:14:28.383515" elapsed="0.000203"/>
</kw>
<var name="${key}">login</var>
<status status="PASS" start="2024-07-09T07:14:28.382130" elapsed="0.001806"/>
</iter>
<var>${key}</var>
<value>@{expected_keys}</value>
<status status="PASS" start="2024-07-09T07:14:28.373880" elapsed="0.010176"/>
</for>
<kw name="Create List" owner="BuiltIn">
<msg time="2024-07-09T07:14:28.384392" level="INFO">${expected_keysTwo} = ['username', 'password']</msg>
<var>${expected_keysTwo}</var>
<arg>username</arg>
<arg>password</arg>
<doc>Returns a list containing given items.</doc>
<status status="PASS" start="2024-07-09T07:14:28.384249" elapsed="0.000168"/>
</kw>
<for flavor="IN">
<iter>
<kw name="Dictionary Should Contain Key" owner="Collections">
<arg>${json_data['results'][0]['login']}</arg>
<arg>${keyTwo}</arg>
<doc>Fails if ``key`` is not found from ``dictionary``.</doc>
<status status="PASS" start="2024-07-09T07:14:28.384947" elapsed="0.000382"/>
</kw>
<kw name="Dictionary Should Contain Key" owner="Collections">
<arg>${json_data['results'][0]['login']}</arg>
<arg>${keyTwo}</arg>
<doc>Fails if ``key`` is not found from ``dictionary``.</doc>
<status status="PASS" start="2024-07-09T07:14:28.385508" elapsed="0.000384"/>
</kw>
<kw name="Log" owner="BuiltIn">
<msg time="2024-07-09T07:14:28.386199" level="INFO">username</msg>
<arg>${keyTwo}</arg>
<doc>Logs the given message with the given level.</doc>
<status status="PASS" start="2024-07-09T07:14:28.386077" elapsed="0.000161"/>
</kw>
<var name="${keyTwo}">username</var>
<status status="PASS" start="2024-07-09T07:14:28.384839" elapsed="0.001619"/>
</iter>
<iter>
<kw name="Dictionary Should Contain Key" owner="Collections">
<arg>${json_data['results'][0]['login']}</arg>
<arg>${keyTwo}</arg>
<doc>Fails if ``key`` is not found from ``dictionary``.</doc>
<status status="PASS" start="2024-07-09T07:14:28.386735" elapsed="0.000390"/>
</kw>
<kw name="Dictionary Should Contain Key" owner="Collections">
<arg>${json_data['results'][0]['login']}</arg>
<arg>${keyTwo}</arg>
<doc>Fails if ``key`` is not found from ``dictionary``.</doc>
<status status="PASS" start="2024-07-09T07:14:28.387305" elapsed="0.000413"/>
</kw>
<kw name="Log" owner="BuiltIn">
<msg time="2024-07-09T07:14:28.388019" level="INFO">password</msg>
<arg>${keyTwo}</arg>
<doc>Logs the given message with the given level.</doc>
<status status="PASS" start="2024-07-09T07:14:28.387896" elapsed="0.000171"/>
</kw>
<var name="${keyTwo}">password</var>
<status status="PASS" start="2024-07-09T07:14:28.386629" elapsed="0.001757"/>
</iter>
<var>${keyTwo}</var>
<value>@{expected_keysTwo}</value>
<status status="PASS" start="2024-07-09T07:14:28.384683" elapsed="0.003824"/>
</for>
<status status="PASS" start="2024-07-09T07:14:28.267095" elapsed="0.121556"/>
</kw>
<doc>Testa a estrutura da resposta da API.</doc>
<tag>testeEstruturaResposta</tag>
<status status="PASS" start="2024-07-09T07:14:28.266474" elapsed="0.122335"/>
</test>
<test id="s1-s1-t4" name="Validar tipos de dados" line="28">
<kw name="Teste de Tipos de Dados" owner="random-user-service">
<kw name="GET On Session" owner="RequestsLibrary">
<msg time="2024-07-09T07:14:28.474788" level="INFO">GET Request : url=https://randomuser.me/api 
 path_url=/api 
 headers={'User-Agent': 'python-requests/2.32.3', 'Accept-Encoding': 'gzip, deflate', 'Accept': '*/*', 'Connection': 'keep-alive'} 
 body=None 
 </msg>
<msg time="2024-07-09T07:14:28.474892" level="INFO">GET Response : url=https://randomuser.me/api 
 status=200, reason=OK 
 headers={'Date': 'Tue, 09 Jul 2024 07:14:28 GMT', 'Content-Type': 'application/json; charset=utf-8', 'Transfer-Encoding': 'chunked', 'Connection': 'keep-alive', 'X-Powered-By': 'Express', 'Access-Control-Allow-Origin': '*', 'Cache-Control': 'no-cache', 'ETag': 'W/"49a-aO+zM2XnL/SleWcnY+ljJWPFjZk"', 'Vary': 'Accept-Encoding', 'Content-Encoding': 'gzip', 'CF-Cache-Status': 'DYNAMIC', 'Report-To': '{"endpoints":[{"url":"https:\\/\\/a.nel.cloudflare.com\\/report\\/v4?s=HAYPgbHxth6fKRoUOq9Bis3FZMVhGgHULHPq3jioIPjwN3F4w9qtII1BwwB%2BHIn3twp%2FlRPhe3J7cWtYK3Rl%2BUioAdW%2FtfxOkpWucqR7aj%2FheygtMwEABDw4w%2FF2v2wf"}],"group":"cf-nel","max_age":604800}', 'NEL': '{"success_fraction":0,"report_to":"cf-nel","max_age":604800}', 'Server': 'cloudflare', 'CF-RAY': '8a06846f786c9658-SJC', 'alt-svc': 'h3=":443"; ma=86400'} 
 body={"results":[{"gender":"female","name":{"title":"Madame","first":"Leticia","last":"Riviere"},"location":{"street":{"number":8568,"name":"Rue des Ecrivains"},"city":"Aeschi (So)","state":"Valais","country":"Switzerland","postcode":2637,"coordinates":{"latitude":"-60.1838","longitude":"31.1183"},"timezone":{"offset":"-3:30","description":"Newfoundland"}},"email":"leticia.riviere@example.com","login":{"uuid":"8dc5db0d-10fe-4861-8275-1c24ee2d7752","username":"goldenbutterfly797","password":"holein1","salt":"b96Hyhsk","md5":"e8533032de224f39fad98aa3dec0d244","sha1":"bfa7b53f674eb154104cdad74b206a0bb7a72d1d","sha256":"5e53bff7134961849a373b0032696e0744de188d9eae2fe3e30634884ea149fe"},"dob":{"date":"1953-09-08T21:07:59.955Z","age":70},"registered":{"date":"2007-12-12T12:30:32.890Z","age":16},"phone":"079 443 19 47","cell":"075 971 24 78","id":{"name":"AVS","value":"756.4431.2990.50"},"picture":{"large":"https://randomuser.me/api/portraits/women/86.jpg","medium":"https://randomuser.me/api/portraits/med/women/86.jpg","thumbnail":"https://randomuser.me/api/portraits/thumb/women/86.jpg"},"nat":"CH"}],"info":{"seed":"eeb733e34709500c","results":1,"page":1,"version":"1.4"}} 
 </msg>
<msg time="2024-07-09T07:14:28.474967" level="INFO">/opt/hostedtoolcache/Python/3.12.4/x64/lib/python3.12/site-packages/urllib3/connectionpool.py:1099: InsecureRequestWarning: Unverified HTTPS request is being made to host 'randomuser.me'. Adding certificate verification is strongly advised. See: https://urllib3.readthedocs.io/en/latest/advanced-usage.html#tls-warnings
  warnings.warn(</msg>
<msg time="2024-07-09T07:14:28.475108" level="INFO">${response} = &lt;Response [200]&gt;</msg>
<var>${response}</var>
<arg>consultarAPI</arg>
<arg>/api</arg>
<doc>Sends a GET request on a previously created HTTP Session.</doc>
<status status="PASS" start="2024-07-09T07:14:28.391440" elapsed="0.083822"/>
</kw>
<kw name="Set Variable" owner="BuiltIn">
<msg time="2024-07-09T07:14:28.476515" level="INFO">${json_data} = {'results': [{'gender': 'female', 'name': {'title': 'Madame', 'first': 'Leticia', 'last': 'Riviere'}, 'location': {'street': {'number': 8568, 'name': 'Rue des Ecrivains'}, 'city': 'Aeschi (So)', 'stat...</msg>
<var>${json_data}</var>
<arg>${response.json()}</arg>
<doc>Returns the given values which can then be assigned to a variables.</doc>
<status status="PASS" start="2024-07-09T07:14:28.475965" elapsed="0.000583"/>
</kw>
<kw name="Log" owner="BuiltIn">
<msg time="2024-07-09T07:14:28.477035" level="INFO">{'results': [{'gender': 'female', 'name': {'title': 'Madame', 'first': 'Leticia', 'last': 'Riviere'}, 'location': {'street': {'number': 8568, 'name': 'Rue des Ecrivains'}, 'city': 'Aeschi (So)', 'state': 'Valais', 'country': 'Switzerland', 'postcode': 2637, 'coordinates': {'latitude': '-60.1838', 'longitude': '31.1183'}, 'timezone': {'offset': '-3:30', 'description': 'Newfoundland'}}, 'email': 'leticia.riviere@example.com', 'login': {'uuid': '8dc5db0d-10fe-4861-8275-1c24ee2d7752', 'username': 'goldenbutterfly797', 'password': 'holein1', 'salt': 'b96Hyhsk', 'md5': 'e8533032de224f39fad98aa3dec0d244', 'sha1': 'bfa7b53f674eb154104cdad74b206a0bb7a72d1d', 'sha256': '5e53bff7134961849a373b0032696e0744de188d9eae2fe3e30634884ea149fe'}, 'dob': {'date': '1953-09-08T21:07:59.955Z', 'age': 70}, 'registered': {'date': '2007-12-12T12:30:32.890Z', 'age': 16}, 'phone': '079 443 19 47', 'cell': '075 971 24 78', 'id': {'name': 'AVS', 'value': '756.4431.2990.50'}, 'picture': {'large': 'https://randomuser.me/api/portraits/women/86.jpg', 'medium': 'https://randomuser.me/api/portraits/med/women/86.jpg', 'thumbnail': 'https://randomuser.me/api/portraits/thumb/women/86.jpg'}, 'nat': 'CH'}], 'info': {'seed': 'eeb733e34709500c', 'results': 1, 'page': 1, 'version': '1.4'}}</msg>
<arg>${json_data}</arg>
<doc>Logs the given message with the given level.</doc>
<status status="PASS" start="2024-07-09T07:14:28.476871" elapsed="0.000215"/>
</kw>
<kw name="Should Be String" owner="String">
<arg>${json_data['results'][0]['gender']}</arg>
<doc>Fails if the given ``item`` is not a string.</doc>
<status status="PASS" start="2024-07-09T07:14:28.477388" elapsed="0.000365"/>
</kw>
<kw name="Should Match Regexp" owner="BuiltIn">
<arg>${json_data['results'][0]['email']}</arg>
<arg>^[a-zA-Z0-9._%+-]+@[a-zA-Z0-9.-]+\.[a-zA-Z]{2,}$</arg>
<doc>Fails if ``string`` does not match ``pattern`` as a regular expression.</doc>
<status status="PASS" start="2024-07-09T07:14:28.477943" elapsed="0.000525"/>
</kw>
<kw name="Should Match Regexp" owner="BuiltIn">
<arg>${json_data['results'][0]['dob']['date']}</arg>
<arg>\\d{4}-\\d{2}-\\d{2}T\\d{2}:\\d{2}:\\d{2}\\.\\d{3}Z</arg>
<doc>Fails if ``string`` does not match ``pattern`` as a regular expression.</doc>
<status status="PASS" start="2024-07-09T07:14:28.478703" elapsed="0.000491"/>
</kw>
<kw name="Should Match Regexp" owner="BuiltIn">
<arg>${json_data['results'][0]['registered']['date']}</arg>
<arg>\\d{4}-\\d{2}-\\d{2}T\\d{2}:\\d{2}:\\d{2}\\.\\d{3}Z</arg>
<doc>Fails if ``string`` does not match ``pattern`` as a regular expression.</doc>
<status status="PASS" start="2024-07-09T07:14:28.479384" elapsed="0.000414"/>
</kw>
<kw name="Should Match Regexp" owner="BuiltIn">
<arg>${json_data['results'][0]['picture']['large']}</arg>
<arg>^https?://.*\.(?:png|jpe?g|gif|bmp)$</arg>
<doc>Fails if ``string`` does not match ``pattern`` as a regular expression.</doc>
<status status="PASS" start="2024-07-09T07:14:28.479995" elapsed="0.000464"/>
</kw>
<kw name="Should Match Regexp" owner="BuiltIn">
<arg>${json_data['results'][0]['picture']['medium']}</arg>
<arg>^https?://.*\.(?:png|jpe?g|gif|bmp)$</arg>
<doc>Fails if ``string`` does not match ``pattern`` as a regular expression.</doc>
<status status="PASS" start="2024-07-09T07:14:28.480650" elapsed="0.000365"/>
</kw>
<kw name="Should Match Regexp" owner="BuiltIn">
<arg>${json_data['results'][0]['picture']['thumbnail']}</arg>
<arg>^https?://.*\.(?:png|jpe?g|gif|bmp)$</arg>
<doc>Fails if ``string`` does not match ``pattern`` as a regular expression.</doc>
<status status="PASS" start="2024-07-09T07:14:28.481198" elapsed="0.000367"/>
</kw>
<kw name="Log" owner="BuiltIn">
<msg time="2024-07-09T07:14:28.482089" level="INFO">{'large': 'https://randomuser.me/api/portraits/women/86.jpg', 'medium': 'https://randomuser.me/api/portraits/med/women/86.jpg', 'thumbnail': 'https://randomuser.me/api/portraits/thumb/women/86.jpg'}</msg>
<arg>${json_data['results'][0]['picture']}</arg>
<doc>Logs the given message with the given level.</doc>
<status status="PASS" start="2024-07-09T07:14:28.481750" elapsed="0.000384"/>
</kw>
<status status="PASS" start="2024-07-09T07:14:28.391210" elapsed="0.091195"/>
</kw>
<kw name="Teste de Tipos de Dados - Postcode" owner="random-user-service">
<kw name="GET On Session" owner="RequestsLibrary">
<msg time="2024-07-09T07:14:28.578320" level="INFO">GET Request : url=https://randomuser.me/api 
 path_url=/api 
 headers={'User-Agent': 'python-requests/2.32.3', 'Accept-Encoding': 'gzip, deflate', 'Accept': '*/*', 'Connection': 'keep-alive'} 
 body=None 
 </msg>
<msg time="2024-07-09T07:14:28.578442" level="INFO">GET Response : url=https://randomuser.me/api 
 status=200, reason=OK 
 headers={'Date': 'Tue, 09 Jul 2024 07:14:28 GMT', 'Content-Type': 'application/json; charset=utf-8', 'Transfer-Encoding': 'chunked', 'Connection': 'keep-alive', 'X-Powered-By': 'Express', 'Access-Control-Allow-Origin': '*', 'Cache-Control': 'no-cache', 'ETag': 'W/"47a-8FXDaKAEod2sj8PzBoYiQzYo1uU"', 'Vary': 'Accept-Encoding', 'Content-Encoding': 'gzip', 'CF-Cache-Status': 'DYNAMIC', 'Report-To': '{"endpoints":[{"url":"https:\\/\\/a.nel.cloudflare.com\\/report\\/v4?s=VOxT7X1IcWQHkGu%2Fp8EPEmxwLGJ3V5pUfs4EIhRYy4V1Sj7zrGoncF3%2FlCM0mghM0qOu4RZRrKXpb7T9tAkPY32v7E8S25p0jdB3D6j%2B6NJ3QTdxALtA%2F54nVc8SEZlW"}],"group":"cf-nel","max_age":604800}', 'NEL': '{"success_fraction":0,"report_to":"cf-nel","max_age":604800}', 'Server': 'cloudflare', 'CF-RAY': '8a06847008dd9658-SJC', 'alt-svc': 'h3=":443"; ma=86400'} 
 body={"results":[{"gender":"male","name":{"title":"Mr","first":"Amor","last":"Farias"},"location":{"street":{"number":9566,"name":"Avenida da Legalidade"},"city":"Jequié","state":"Minas Gerais","country":"Brazil","postcode":25359,"coordinates":{"latitude":"-81.1064","longitude":"-105.2068"},"timezone":{"offset":"+4:30","description":"Kabul"}},"email":"amor.farias@example.com","login":{"uuid":"16af0772-1d76-437b-8888-b1ff401b33ec","username":"orangelion741","password":"kang","salt":"eYDznCQI","md5":"9f632f9645b17bb2421405ce6daa42b9","sha1":"11dc6060e8525b0b7ed4990d890f533373843dcb","sha256":"04056b0885df25caeb2c83c5df5bea347f7540e1b400edf8def323fe1cb94468"},"dob":{"date":"1950-04-23T03:43:33.224Z","age":74},"registered":{"date":"2021-07-31T17:38:21.750Z","age":2},"phone":"(20) 0721-9740","cell":"(02) 2780-8355","id":{"name":"CPF","value":"617.899.928-95"},"picture":{"large":"https://randomuser.me/api/portraits/men/94.jpg","medium":"https://randomuser.me/api/portraits/med/men/94.jpg","thumbnail":"https://randomuser.me/api/portraits/thumb/men/94.jpg"},"nat":"BR"}],"info":{"seed":"78c440155af6c347","results":1,"page":1,"version":"1.4"}} 
 </msg>
<msg time="2024-07-09T07:14:28.578531" level="INFO">/opt/hostedtoolcache/Python/3.12.4/x64/lib/python3.12/site-packages/urllib3/connectionpool.py:1099: InsecureRequestWarning: Unverified HTTPS request is being made to host 'randomuser.me'. Adding certificate verification is strongly advised. See: https://urllib3.readthedocs.io/en/latest/advanced-usage.html#tls-warnings
  warnings.warn(</msg>
<msg time="2024-07-09T07:14:28.578683" level="INFO">${response} = &lt;Response [200]&gt;</msg>
<var>${response}</var>
<arg>consultarAPI</arg>
<arg>/api</arg>
<doc>Sends a GET request on a previously created HTTP Session.</doc>
<status status="PASS" start="2024-07-09T07:14:28.482876" elapsed="0.095855"/>
</kw>
<kw name="Set Variable" owner="BuiltIn">
<msg time="2024-07-09T07:14:28.579910" level="INFO">${json_data} = {'results': [{'gender': 'male', 'name': {'title': 'Mr', 'first': 'Amor', 'last': 'Farias'}, 'location': {'street': {'number': 9566, 'name': 'Avenida da Legalidade'}, 'city': 'Jequié', 'state': 'Minas ...</msg>
<var>${json_data}</var>
<arg>${response.json()}</arg>
<doc>Returns the given values which can then be assigned to a variables.</doc>
<status status="PASS" start="2024-07-09T07:14:28.579326" elapsed="0.000613"/>
</kw>
<kw name="Log" owner="BuiltIn">
<msg time="2024-07-09T07:14:28.580412" level="INFO">{'results': [{'gender': 'male', 'name': {'title': 'Mr', 'first': 'Amor', 'last': 'Farias'}, 'location': {'street': {'number': 9566, 'name': 'Avenida da Legalidade'}, 'city': 'Jequié', 'state': 'Minas Gerais', 'country': 'Brazil', 'postcode': 25359, 'coordinates': {'latitude': '-81.1064', 'longitude': '-105.2068'}, 'timezone': {'offset': '+4:30', 'description': 'Kabul'}}, 'email': 'amor.farias@example.com', 'login': {'uuid': '16af0772-1d76-437b-8888-b1ff401b33ec', 'username': 'orangelion741', 'password': 'kang', 'salt': 'eYDznCQI', 'md5': '9f632f9645b17bb2421405ce6daa42b9', 'sha1': '11dc6060e8525b0b7ed4990d890f533373843dcb', 'sha256': '04056b0885df25caeb2c83c5df5bea347f7540e1b400edf8def323fe1cb94468'}, 'dob': {'date': '1950-04-23T03:43:33.224Z', 'age': 74}, 'registered': {'date': '2021-07-31T17:38:21.750Z', 'age': 2}, 'phone': '(20) 0721-9740', 'cell': '(02) 2780-8355', 'id': {'name': 'CPF', 'value': '617.899.928-95'}, 'picture': {'large': 'https://randomuser.me/api/portraits/men/94.jpg', 'medium': 'https://randomuser.me/api/portraits/med/men/94.jpg', 'thumbnail': 'https://randomuser.me/api/portraits/thumb/men/94.jpg'}, 'nat': 'BR'}], 'info': {'seed': '78c440155af6c347', 'results': 1, 'page': 1, 'version': '1.4'}}</msg>
<arg>${json_data}</arg>
<doc>Logs the given message with the given level.</doc>
<status status="PASS" start="2024-07-09T07:14:28.580249" elapsed="0.000213"/>
</kw>
<kw name="Should Be Equal As Numbers" owner="BuiltIn">
<arg>${json_data['results'][0]['location']['postcode']}</arg>
<arg>${json_data['results'][0]['location']['postcode']}</arg>
<doc>Fails if objects are unequal after converting them to real numbers.</doc>
<status status="PASS" start="2024-07-09T07:14:28.580761" elapsed="0.000632"/>
</kw>
<kw name="Log" owner="BuiltIn">
<msg time="2024-07-09T07:14:28.582115" level="INFO">25359</msg>
<arg>${json_data['results'][0]['location']['postcode']}</arg>
<doc>Logs the given message with the given level.</doc>
<status status="PASS" start="2024-07-09T07:14:28.581585" elapsed="0.000572"/>
</kw>
<status status="PASS" start="2024-07-09T07:14:28.482642" elapsed="0.099803"/>
</kw>
<doc>Testa se os tipos de dados na resposta da API estão corretos.</doc>
<tag>testeTiposDados</tag>
<status status="PASS" start="2024-07-09T07:14:28.390613" elapsed="0.192006"/>
</test>
<test id="s1-s1-t5" name="Validar conteudo" line="35">
<kw name="Teste de Tipos de Conteudo" owner="random-user-service">
<kw name="GET On Session" owner="RequestsLibrary">
<msg time="2024-07-09T07:14:28.685953" level="INFO">GET Request : url=https://randomuser.me/api 
 path_url=/api 
 headers={'User-Agent': 'python-requests/2.32.3', 'Accept-Encoding': 'gzip, deflate', 'Accept': '*/*', 'Connection': 'keep-alive'} 
 body=None 
 </msg>
<msg time="2024-07-09T07:14:28.686057" level="INFO">GET Response : url=https://randomuser.me/api 
 status=200, reason=OK 
 headers={'Date': 'Tue, 09 Jul 2024 07:14:28 GMT', 'Content-Type': 'application/json; charset=utf-8', 'Transfer-Encoding': 'chunked', 'Connection': 'keep-alive', 'X-Powered-By': 'Express', 'Access-Control-Allow-Origin': '*', 'Cache-Control': 'no-cache', 'ETag': 'W/"4a3-Wq8KH9ifnq17kYuSNIqrxEvWkKw"', 'Vary': 'Accept-Encoding', 'Content-Encoding': 'gzip', 'CF-Cache-Status': 'DYNAMIC', 'Report-To': '{"endpoints":[{"url":"https:\\/\\/a.nel.cloudflare.com\\/report\\/v4?s=2WCKLiVHhk2s9i49KjSwAD9s6%2FjMOb0o1%2F0ZwaUKNmwQVyUk%2FYxnKqPohZKYnlexEaRuKUWbVymfF1GtPC9Zei2RzAcyVQpd%2BS6fOujiO1LnXCM46sJ6%2FN7IOjfibmSz"}],"group":"cf-nel","max_age":604800}', 'NEL': '{"success_fraction":0,"report_to":"cf-nel","max_age":604800}', 'Server': 'cloudflare', 'CF-RAY': '8a068470a9519658-SJC', 'alt-svc': 'h3=":443"; ma=86400'} 
 body={"results":[{"gender":"female","name":{"title":"Ms","first":"Reina","last":"Alcaraz"},"location":{"street":{"number":5907,"name":"Continuación Sur Peralta"},"city":"San Marcos Contla","state":"Michoacan","country":"Mexico","postcode":27773,"coordinates":{"latitude":"23.4116","longitude":"83.6759"},"timezone":{"offset":"-11:00","description":"Midway Island, Samoa"}},"email":"reina.alcaraz@example.com","login":{"uuid":"d0c097b7-37f9-45eb-88b5-ebb96d402c1c","username":"greentiger741","password":"pineappl","salt":"D9Ku6TGF","md5":"43a077ac9d7f3c3f155ad1431d839444","sha1":"6f8075edf3b4f7c2415b6874bdf15be4eb20153c","sha256":"2891176c8dae646a22bea0fc7d9a6a71cf872b62fae4c832f1805d7d7bf5cde0"},"dob":{"date":"1986-10-14T05:10:37.820Z","age":37},"registered":{"date":"2014-07-10T21:54:04.302Z","age":9},"phone":"(682) 017 0748","cell":"(625) 444 8253","id":{"name":"NSS","value":"64 35 76 0055 2"},"picture":{"large":"https://randomuser.me/api/portraits/women/38.jpg","medium":"https://randomuser.me/api/portraits/med/women/38.jpg","thumbnail":"https://randomuser.me/api/portraits/thumb/women/38.jpg"},"nat":"MX"}],"info":{"seed":"fc8bd7867f29084d","results":1,"page":1,"version":"1.4"}} 
 </msg>
<msg time="2024-07-09T07:14:28.686133" level="INFO">/opt/hostedtoolcache/Python/3.12.4/x64/lib/python3.12/site-packages/urllib3/connectionpool.py:1099: InsecureRequestWarning: Unverified HTTPS request is being made to host 'randomuser.me'. Adding certificate verification is strongly advised. See: https://urllib3.readthedocs.io/en/latest/advanced-usage.html#tls-warnings
  warnings.warn(</msg>
<msg time="2024-07-09T07:14:28.686275" level="INFO">${response} = &lt;Response [200]&gt;</msg>
<var>${response}</var>
<arg>consultarAPI</arg>
<arg>/api</arg>
<doc>Sends a GET request on a previously created HTTP Session.</doc>
<status status="PASS" start="2024-07-09T07:14:28.585244" elapsed="0.101077"/>
</kw>
<kw name="Set Variable" owner="BuiltIn">
<msg time="2024-07-09T07:14:28.687414" level="INFO">${json_data} = {'results': [{'gender': 'female', 'name': {'title': 'Ms', 'first': 'Reina', 'last': 'Alcaraz'}, 'location': {'street': {'number': 5907, 'name': 'Continuación Sur Peralta'}, 'city': 'San Marcos Contla'...</msg>
<var>${json_data}</var>
<arg>${response.json()}</arg>
<doc>Returns the given values which can then be assigned to a variables.</doc>
<status status="PASS" start="2024-07-09T07:14:28.686878" elapsed="0.000567"/>
</kw>
<kw name="Set Variable" owner="BuiltIn">
<msg time="2024-07-09T07:14:28.688198" level="INFO">${name_title} = Ms</msg>
<var>${name_title}</var>
<arg>${json_data["results"][0]["name"]["title"]}</arg>
<doc>Returns the given values which can then be assigned to a variables.</doc>
<status status="PASS" start="2024-07-09T07:14:28.687806" elapsed="0.000419"/>
</kw>
<kw name="Create List" owner="BuiltIn">
<msg time="2024-07-09T07:14:28.688684" level="INFO">${allowed_titles} = ['Mr', 'Ms', 'Miss', 'Mrs', 'Madame', 'Monsieur']</msg>
<var>${allowed_titles}</var>
<arg>Mr</arg>
<arg>Ms</arg>
<arg>Miss</arg>
<arg>Mrs</arg>
<arg>Madame</arg>
<arg>Monsieur</arg>
<doc>Returns a list containing given items.</doc>
<status status="PASS" start="2024-07-09T07:14:28.688530" elapsed="0.000181"/>
</kw>
<kw name="List Should Contain Value" owner="Collections">
<arg>${allowed_titles}</arg>
<arg>${name_title}</arg>
<doc>Fails if the ``value`` is not found from ``list``.</doc>
<status status="PASS" start="2024-07-09T07:14:28.689028" elapsed="0.000191"/>
</kw>
<kw name="Set Variable" owner="BuiltIn">
<msg time="2024-07-09T07:14:28.689770" level="INFO">${name_country} = MX</msg>
<var>${name_country}</var>
<arg>${json_data["results"][0]["nat"]}</arg>
<doc>Returns the given values which can then be assigned to a variables.</doc>
<status status="PASS" start="2024-07-09T07:14:28.689396" elapsed="0.000399"/>
</kw>
<kw name="Create List" owner="BuiltIn">
<msg time="2024-07-09T07:14:28.690713" level="INFO">${list_country} = ['AD', 'AE', 'AF', 'AG', 'AI', 'AL', 'AM', 'AO', 'AQ', 'AR', 'AS', 'AT', 'AU', 'AW', 'AX', 'AZ', 'BA', 'BB', 'BD', 'BE', 'BF', 'BG', 'BH', 'BI', 'BJ', 'BL', 'BM', 'BN', 'BO', 'BQ', 'BR', 'BS', 'BT', '...</msg>
<var>${list_country}</var>
<arg>AD</arg>
<arg>AE</arg>
<arg>AF</arg>
<arg>AG</arg>
<arg>AI</arg>
<arg>AL</arg>
<arg>AM</arg>
<arg>AO</arg>
<arg>AQ</arg>
<arg>AR</arg>
<arg>AS</arg>
<arg>AT</arg>
<arg>AU</arg>
<arg>AW</arg>
<arg>AX</arg>
<arg>AZ</arg>
<arg>BA</arg>
<arg>BB</arg>
<arg>BD</arg>
<arg>BE</arg>
<arg>BF</arg>
<arg>BG</arg>
<arg>BH</arg>
<arg>BI</arg>
<arg>BJ</arg>
<arg>BL</arg>
<arg>BM</arg>
<arg>BN</arg>
<arg>BO</arg>
<arg>BQ</arg>
<arg>BR</arg>
<arg>BS</arg>
<arg>BT</arg>
<arg>BV</arg>
<arg>BW</arg>
<arg>BY</arg>
<arg>BZ</arg>
<arg>CA</arg>
<arg>CC</arg>
<arg>CD</arg>
<arg>CF</arg>
<arg>CG</arg>
<arg>CH</arg>
<arg>CI</arg>
<arg>CK</arg>
<arg>CL</arg>
<arg>CM</arg>
<arg>CN</arg>
<arg>CO</arg>
<arg>CR</arg>
<arg>CU</arg>
<arg>CV</arg>
<arg>CW</arg>
<arg>CX</arg>
<arg>CY</arg>
<arg>CZ</arg>
<arg>DE</arg>
<arg>DJ</arg>
<arg>DK</arg>
<arg>DM</arg>
<arg>DO</arg>
<arg>DZ</arg>
<arg>EC</arg>
<arg>EE</arg>
<arg>EG</arg>
<arg>EH</arg>
<arg>ER</arg>
<arg>ES</arg>
<arg>ET</arg>
<arg>FI</arg>
<arg>FJ</arg>
<arg>FK</arg>
<arg>FM</arg>
<arg>FO</arg>
<arg>FR</arg>
<arg>GA</arg>
<arg>GB</arg>
<arg>GD</arg>
<arg>GE</arg>
<arg>GF</arg>
<arg>GG</arg>
<arg>GH</arg>
<arg>GI</arg>
<arg>GL</arg>
<arg>GM</arg>
<arg>GN</arg>
<arg>GP</arg>
<arg>GQ</arg>
<arg>GR</arg>
<arg>GS</arg>
<arg>GT</arg>
<arg>GU</arg>
<arg>GW</arg>
<arg>GY</arg>
<arg>HK</arg>
<arg>HM</arg>
<arg>HN</arg>
<arg>HR</arg>
<arg>HT</arg>
<arg>HU</arg>
<arg>ID</arg>
<arg>IE</arg>
<arg>IL</arg>
<arg>IM</arg>
<arg>IN</arg>
<arg>IO</arg>
<arg>IQ</arg>
<arg>IR</arg>
<arg>IS</arg>
<arg>IT</arg>
<arg>JE</arg>
<arg>JM</arg>
<arg>JO</arg>
<arg>JP</arg>
<arg>KE</arg>
<arg>KG</arg>
<arg>KH</arg>
<arg>KI</arg>
<arg>KM</arg>
<arg>KN</arg>
<arg>KP</arg>
<arg>KR</arg>
<arg>KW</arg>
<arg>KY</arg>
<arg>KZ</arg>
<arg>LA</arg>
<arg>LB</arg>
<arg>LC</arg>
<arg>LI</arg>
<arg>LK</arg>
<arg>LR</arg>
<arg>LS</arg>
<arg>LT</arg>
<arg>LU</arg>
<arg>LV</arg>
<arg>LY</arg>
<arg>MA</arg>
<arg>MC</arg>
<arg>MD</arg>
<arg>ME</arg>
<arg>MF</arg>
<arg>MG</arg>
<arg>MH</arg>
<arg>MK</arg>
<arg>ML</arg>
<arg>MM</arg>
<arg>MN</arg>
<arg>MO</arg>
<arg>MP</arg>
<arg>MQ</arg>
<arg>MR</arg>
<arg>MS</arg>
<arg>MT</arg>
<arg>MU</arg>
<arg>MV</arg>
<arg>MW</arg>
<arg>MX</arg>
<arg>MY</arg>
<arg>MZ</arg>
<arg>NA</arg>
<arg>NC</arg>
<arg>NE</arg>
<arg>NF</arg>
<arg>NG</arg>
<arg>NI</arg>
<arg>NL</arg>
<arg>NO</arg>
<arg>NP</arg>
<arg>NR</arg>
<arg>NU</arg>
<arg>NZ</arg>
<arg>OM</arg>
<arg>PA</arg>
<arg>PE</arg>
<arg>PF</arg>
<arg>PG</arg>
<arg>PH</arg>
<arg>PK</arg>
<arg>PL</arg>
<arg>PM</arg>
<arg>PN</arg>
<arg>PR</arg>
<arg>PS</arg>
<arg>PT</arg>
<arg>PW</arg>
<arg>PY</arg>
<arg>QA</arg>
<arg>RE</arg>
<arg>RO</arg>
<arg>RS</arg>
<arg>RU</arg>
<arg>RW</arg>
<arg>SA</arg>
<arg>SB</arg>
<arg>SC</arg>
<arg>SD</arg>
<arg>SE</arg>
<arg>SG</arg>
<arg>SH</arg>
<arg>SI</arg>
<arg>SJ</arg>
<arg>SK</arg>
<arg>SL</arg>
<arg>SM</arg>
<arg>SN</arg>
<arg>SO</arg>
<arg>SR</arg>
<arg>SS</arg>
<arg>ST</arg>
<arg>SV</arg>
<arg>SX</arg>
<arg>SY</arg>
<arg>SZ</arg>
<arg>TC</arg>
<arg>TD</arg>
<arg>TF</arg>
<arg>TG</arg>
<arg>TH</arg>
<arg>TJ</arg>
<arg>TK</arg>
<arg>TL</arg>
<arg>TM</arg>
<arg>TN</arg>
<arg>TO</arg>
<arg>TR</arg>
<arg>TT</arg>
<arg>TV</arg>
<arg>TW</arg>
<arg>TZ</arg>
<arg>UA</arg>
<arg>UG</arg>
<arg>UM</arg>
<arg>US</arg>
<arg>UY</arg>
<arg>UZ</arg>
<arg>VA</arg>
<arg>VC</arg>
<arg>VE</arg>
<arg>VG</arg>
<arg>VI</arg>
<arg>VN</arg>
<arg>VU</arg>
<arg>WF</arg>
<arg>WS</arg>
<arg>XK</arg>
<arg>YE</arg>
<arg>YT</arg>
<arg>ZA</arg>
<arg>ZM</arg>
<arg>ZW</arg>
<doc>Returns a list containing given items.</doc>
<status status="PASS" start="2024-07-09T07:14:28.690101" elapsed="0.000638"/>
</kw>
<kw name="List Should Contain Value" owner="Collections">
<arg>${list_country}</arg>
<arg>${name_country}</arg>
<doc>Fails if the ``value`` is not found from ``list``.</doc>
<status status="PASS" start="2024-07-09T07:14:28.691563" elapsed="0.000219"/>
</kw>
<kw name="Run Keyword If" owner="BuiltIn">
<kw name="Should Be True" owner="BuiltIn">
<arg>${True}</arg>
<doc>Fails if the given condition is not true.</doc>
<status status="PASS" start="2024-07-09T07:14:28.692740" elapsed="0.000143"/>
</kw>
<arg>${json_data["results"][0]["location"]["coordinates"]["latitude"]} &gt;= -90 and ${json_data["results"][0]["location"]["coordinates"]["latitude"]} &lt;= 90</arg>
<arg>Should Be True</arg>
<arg>${True}</arg>
<doc>Runs the given keyword with the given arguments, if ``condition`` is true.</doc>
<status status="PASS" start="2024-07-09T07:14:28.691993" elapsed="0.001014"/>
</kw>
<kw name="Run Keyword If" owner="BuiltIn">
<kw name="Should Be True" owner="BuiltIn">
<arg>${True}</arg>
<doc>Fails if the given condition is not true.</doc>
<status status="PASS" start="2024-07-09T07:14:28.693873" elapsed="0.000251"/>
</kw>
<arg>${json_data["results"][0]["location"]["coordinates"]["longitude"]} &gt;= -180 and ${json_data["results"][0]["location"]["coordinates"]["longitude"]} &lt;= 180</arg>
<arg>Should Be True</arg>
<arg>${True}</arg>
<doc>Runs the given keyword with the given arguments, if ``condition`` is true.</doc>
<status status="PASS" start="2024-07-09T07:14:28.693182" elapsed="0.001071"/>
</kw>
<status status="PASS" start="2024-07-09T07:14:28.585017" elapsed="0.109371"/>
</kw>
<doc>Testa o conteúdo específico dos campos retornados pela API.</doc>
<tag>testeConteudo</tag>
<status status="PASS" start="2024-07-09T07:14:28.584463" elapsed="0.110078"/>
</test>
<status status="PASS" start="2024-07-09T07:14:27.688136" elapsed="1.008454"/>
</suite>
<status status="PASS" start="2024-07-09T07:14:27.672913" elapsed="1.028836"/>
</suite>
<statistics>
<total>
<stat pass="5" fail="0" skip="0">All Tests</stat>
</total>
<tag>
<stat pass="1" fail="0" skip="0">testeConteudo</stat>
<stat pass="1" fail="0" skip="0">testeEstruturaResposta</stat>
<stat pass="1" fail="0" skip="0">testeRequisicaoBasica</stat>
<stat pass="1" fail="0" skip="0">testeTiposDados</stat>
</tag>
<suite>
<stat pass="5" fail="0" skip="0" id="s1" name="Tests">Tests</stat>
<stat pass="5" fail="0" skip="0" id="s1-s1" name="Random-User-Test">Tests.Random-User-Test</stat>
</suite>
</statistics>
<errors>
</errors>
</robot>
