<?xml version="1.0" encoding="UTF-8"?>
<robot generator="Robot 7.0 (Python 3.12.2 on linux)" generated="2024-03-27T19:11:30.609035" rpa="false" schemaversion="5">
<suite id="s1" name="Tests" source="/home/runner/work/DesafioQAItauRogerioJordao/DesafioQAItauRogerioJordao/RamdonUser/tests">
<suite id="s1-s1" name="Random-User-Test" source="/home/runner/work/DesafioQAItauRogerioJordao/DesafioQAItauRogerioJordao/RamdonUser/tests/random-user-test.robot">
<test id="s1-s1-t1" name="Conectar" line="13">
<kw name="Conectar API" owner="random-user-service">
<kw name="Create Session" owner="RequestsLibrary">
<msg time="2024-03-27T19:11:30.963950" level="INFO">Creating Session using : alias=consultarAPI, url=https://randomuser.me/, headers={},                     cookies={}, auth=None, timeout=None, proxies=None, verify=False,                     debug=0 </msg>
<arg>consultarAPI</arg>
<arg>${URL}</arg>
<doc>Create Session: create a HTTP session to a server</doc>
<status status="PASS" start="2024-03-27T19:11:30.963754" elapsed="0.000362"/>
</kw>
<status status="PASS" start="2024-03-27T19:11:30.962737" elapsed="0.001736"/>
</kw>
<status status="PASS" start="2024-03-27T19:11:30.962213" elapsed="0.002467"/>
</test>
<test id="s1-s1-t2" name="Validar retorno 200 e JSON Válido" line="16">
<kw name="Teste de Requisicao Basica" owner="random-user-service">
<kw name="GET On Session" owner="RequestsLibrary">
<msg time="2024-03-27T19:11:33.222951" level="INFO">GET Request : url=https://randomuser.me/api 
 path_url=/api 
 headers={'User-Agent': 'python-requests/2.31.0', 'Accept-Encoding': 'gzip, deflate', 'Accept': '*/*', 'Connection': 'keep-alive'} 
 body=None 
 </msg>
<msg time="2024-03-27T19:11:33.223101" level="INFO">GET Response : url=https://randomuser.me/api 
 status=200, reason=OK 
 headers={'Date': 'Wed, 27 Mar 2024 19:11:33 GMT', 'Content-Type': 'application/json; charset=utf-8', 'Transfer-Encoding': 'chunked', 'Connection': 'keep-alive', 'X-Powered-By': 'Express', 'Access-Control-Allow-Origin': '*', 'Cache-Control': 'no-cache', 'ETag': 'W/"48a-31Z1wCH7i+iZc8im71PPB1nR3SI"', 'Vary': 'Accept-Encoding', 'Content-Encoding': 'gzip', 'CF-Cache-Status': 'DYNAMIC', 'Report-To': '{"endpoints":[{"url":"https:\\/\\/a.nel.cloudflare.com\\/report\\/v4?s=TZ6xstqJagaqVgxFwVi4yGZfwnQiOE1d08h%2F1tnuU4kY2vDAtgVUihxzUAl8p4nwhUuwLw8KWsaCO9hXwWOUdpIgEiK4H6%2BJnK%2BE4wt9zELIPhBfIG2qt3MbUM3xx5Yo"}],"group":"cf-nel","max_age":604800}', 'NEL': '{"success_fraction":0,"report_to":"cf-nel","max_age":604800}', 'Server': 'cloudflare', 'CF-RAY': '86b1afcacb8d616f-ORD', 'alt-svc': 'h3=":443"; ma=86400'} 
 body={"results":[{"gender":"male","name":{"title":"Mr","first":"Eetu","last":"Kalas"},"location":{"street":{"number":9978,"name":"Visiokatu"},"city":"Liperi","state":"Central Finland","country":"Finland","postcode":15710,"coordinates":{"latitude":"-25.4339","longitude":"-94.4074"},"timezone":{"offset":"-7:00","description":"Mountain Time (US &amp; Canada)"}},"email":"eetu.kalas@example.com","login":{"uuid":"332ff701-4e73-4abe-93dd-4a564156bbb7","username":"ticklishswan356","password":"capricor","salt":"p5CpQU5v","md5":"013c95f860f2c3cb3b29ac4d036431dd","sha1":"db75544e4fd45ff1e9436cfee0bac3d1fc23d912","sha256":"bf15bd1d2be4c718b89bddbcc7dfd0d5a5dfdbaa38d319df6f0d694187d28017"},"dob":{"date":"1982-11-05T10:37:51.735Z","age":41},"registered":{"date":"2009-09-02T12:14:29.115Z","age":14},"phone":"04-033-776","cell":"044-590-86-32","id":{"name":"HETU","value":"NaNNA039undefined"},"picture":{"large":"https://randomuser.me/api/portraits/men/40.jpg","medium":"https://randomuser.me/api/portraits/med/men/40.jpg","thumbnail":"https://randomuser.me/api/portraits/thumb/men/40.jpg"},"nat":"FI"}],"info":{"seed":"2427136b5e5a5ff1","results":1,"page":1,"version":"1.4"}} 
 </msg>
<msg time="2024-03-27T19:11:33.223206" level="INFO">/opt/hostedtoolcache/Python/3.12.2/x64/lib/python3.12/site-packages/urllib3/connectionpool.py:1103: InsecureRequestWarning: Unverified HTTPS request is being made to host 'randomuser.me'. Adding certificate verification is strongly advised. See: https://urllib3.readthedocs.io/en/latest/advanced-usage.html#tls-warnings
  warnings.warn(</msg>
<msg time="2024-03-27T19:11:33.223385" level="INFO">${response} = &lt;Response [200]&gt;</msg>
<var>${response}</var>
<arg>consultarAPI</arg>
<arg>/api</arg>
<doc>Sends a GET request on a previously created HTTP Session.</doc>
<status status="PASS" start="2024-03-27T19:11:30.967314" elapsed="2.256111"/>
</kw>
<kw name="Should Be Equal As Numbers" owner="BuiltIn">
<msg time="2024-03-27T19:11:33.224606" level="INFO">Argument types are:
&lt;class 'int'&gt;
&lt;class 'str'&gt;</msg>
<arg>${response.status_code}</arg>
<arg>200</arg>
<doc>Fails if objects are unequal after converting them to real numbers.</doc>
<status status="PASS" start="2024-03-27T19:11:33.224118" elapsed="0.000552"/>
</kw>
<kw name="Log" owner="BuiltIn">
<msg time="2024-03-27T19:11:33.225342" level="INFO">200</msg>
<arg>${response.status_code}</arg>
<doc>Logs the given message with the given level.</doc>
<status status="PASS" start="2024-03-27T19:11:33.224993" elapsed="0.000391"/>
</kw>
<kw name="Set Variable" owner="BuiltIn">
<msg time="2024-03-27T19:11:33.226143" level="INFO">${json_data} = {'results': [{'gender': 'male', 'name': {'title': 'Mr', 'first': 'Eetu', 'last': 'Kalas'}, 'location': {'street': {'number': 9978, 'name': 'Visiokatu'}, 'city': 'Liperi', 'state': 'Central Finland', '...</msg>
<var>${json_data}</var>
<arg>${response.json()}</arg>
<doc>Returns the given values which can then be assigned to a variables.</doc>
<status status="PASS" start="2024-03-27T19:11:33.225709" elapsed="0.000461"/>
</kw>
<kw name="Dictionary Should Contain Key" owner="Collections">
<msg time="2024-03-27T19:11:33.226637" level="INFO">False</msg>
<arg>${json_data}</arg>
<arg>results</arg>
<doc>Fails if ``key`` is not found from ``dictionary``.</doc>
<status status="PASS" start="2024-03-27T19:11:33.226471" elapsed="0.000204"/>
</kw>
<status status="PASS" start="2024-03-27T19:11:30.967011" elapsed="2.259918"/>
</kw>
<doc>Testa se a API responde corretamente e retorna um objeto JSON válido.</doc>
<tag>testeRequisicaoBasica</tag>
<status status="PASS" start="2024-03-27T19:11:30.966535" elapsed="2.260580"/>
</test>
<test id="s1-s1-t3" name="Validar estrutura de resposta" line="22">
<kw name="Teste de Estrutura de Resposta" owner="random-user-service">
<kw name="GET On Session" owner="RequestsLibrary">
<msg time="2024-03-27T19:11:33.677124" level="INFO">GET Request : url=https://randomuser.me/api 
 path_url=/api 
 headers={'User-Agent': 'python-requests/2.31.0', 'Accept-Encoding': 'gzip, deflate', 'Accept': '*/*', 'Connection': 'keep-alive'} 
 body=None 
 </msg>
<msg time="2024-03-27T19:11:33.677238" level="INFO">GET Response : url=https://randomuser.me/api 
 status=200, reason=OK 
 headers={'Date': 'Wed, 27 Mar 2024 19:11:33 GMT', 'Content-Type': 'application/json; charset=utf-8', 'Transfer-Encoding': 'chunked', 'Connection': 'keep-alive', 'X-Powered-By': 'Express', 'Access-Control-Allow-Origin': '*', 'Cache-Control': 'no-cache', 'ETag': 'W/"4a0-caYbRpL5+TKEqhDbJtFojZw4ASY"', 'Vary': 'Accept-Encoding', 'Content-Encoding': 'gzip', 'CF-Cache-Status': 'DYNAMIC', 'Report-To': '{"endpoints":[{"url":"https:\\/\\/a.nel.cloudflare.com\\/report\\/v4?s=Ly%2BkkXwIDu%2FWJnCSJewOtNLX4G4oBMVcqhLdjFvOgLwT4kQapxaT8msahtXoTipwpZqr%2BcX0gQCVqA12J0Dz%2BlySCwx10E%2BcYh8fb1PrQYpcYnK30o6gLXpPUqwtVBl7"}],"group":"cf-nel","max_age":604800}', 'NEL': '{"success_fraction":0,"report_to":"cf-nel","max_age":604800}', 'Server': 'cloudflare', 'CF-RAY': '86b1afd8abab616f-ORD', 'alt-svc': 'h3=":443"; ma=86400'} 
 body={"results":[{"gender":"female","name":{"title":"Mrs","first":"Eleutéria","last":"Melo"},"location":{"street":{"number":2988,"name":"Rua da Saudade"},"city":"Resende","state":"Paraná","country":"Brazil","postcode":42550,"coordinates":{"latitude":"-73.0267","longitude":"27.5752"},"timezone":{"offset":"+9:00","description":"Tokyo, Seoul, Osaka, Sapporo, Yakutsk"}},"email":"eleuteria.melo@example.com","login":{"uuid":"497e43b7-5fdc-4051-ac72-35b9cf51688f","username":"blackduck381","password":"james007","salt":"02Vdue5V","md5":"9e35fff425a951f7c243133eddff35ae","sha1":"b6ec5e268ed625f94b00d193a96f219b97875bf8","sha256":"f1931c9cc39f3ef06b098c07f20f5038dbdf88b0c8bf59c763bec8b8f59b3de0"},"dob":{"date":"1986-12-12T01:31:04.640Z","age":37},"registered":{"date":"2013-08-15T11:09:39.617Z","age":10},"phone":"(93) 1355-9686","cell":"(29) 7356-8561","id":{"name":"CPF","value":"305.773.604-74"},"picture":{"large":"https://randomuser.me/api/portraits/women/74.jpg","medium":"https://randomuser.me/api/portraits/med/women/74.jpg","thumbnail":"https://randomuser.me/api/portraits/thumb/women/74.jpg"},"nat":"BR"}],"info":{"seed":"9b88e335a182444f","results":1,"page":1,"version":"1.4"}} 
 </msg>
<msg time="2024-03-27T19:11:33.677410" level="INFO">/opt/hostedtoolcache/Python/3.12.2/x64/lib/python3.12/site-packages/urllib3/connectionpool.py:1103: InsecureRequestWarning: Unverified HTTPS request is being made to host 'randomuser.me'. Adding certificate verification is strongly advised. See: https://urllib3.readthedocs.io/en/latest/advanced-usage.html#tls-warnings
  warnings.warn(</msg>
<msg time="2024-03-27T19:11:33.677559" level="INFO">${response} = &lt;Response [200]&gt;</msg>
<var>${response}</var>
<arg>consultarAPI</arg>
<arg>/api</arg>
<doc>Sends a GET request on a previously created HTTP Session.</doc>
<status status="PASS" start="2024-03-27T19:11:33.229865" elapsed="0.447735"/>
</kw>
<kw name="Set Variable" owner="BuiltIn">
<msg time="2024-03-27T19:11:33.678793" level="INFO">${json_data} = {'results': [{'gender': 'female', 'name': {'title': 'Mrs', 'first': 'Eleutéria', 'last': 'Melo'}, 'location': {'street': {'number': 2988, 'name': 'Rua da Saudade'}, 'city': 'Resende', 'state': 'Paraná...</msg>
<var>${json_data}</var>
<arg>${response.json()}</arg>
<doc>Returns the given values which can then be assigned to a variables.</doc>
<status status="PASS" start="2024-03-27T19:11:33.678226" elapsed="0.000596"/>
</kw>
<kw name="Log" owner="BuiltIn">
<msg time="2024-03-27T19:11:33.679338" level="INFO">{'results': [{'gender': 'female', 'name': {'title': 'Mrs', 'first': 'Eleutéria', 'last': 'Melo'}, 'location': {'street': {'number': 2988, 'name': 'Rua da Saudade'}, 'city': 'Resende', 'state': 'Paraná', 'country': 'Brazil', 'postcode': 42550, 'coordinates': {'latitude': '-73.0267', 'longitude': '27.5752'}, 'timezone': {'offset': '+9:00', 'description': 'Tokyo, Seoul, Osaka, Sapporo, Yakutsk'}}, 'email': 'eleuteria.melo@example.com', 'login': {'uuid': '497e43b7-5fdc-4051-ac72-35b9cf51688f', 'username': 'blackduck381', 'password': 'james007', 'salt': '02Vdue5V', 'md5': '9e35fff425a951f7c243133eddff35ae', 'sha1': 'b6ec5e268ed625f94b00d193a96f219b97875bf8', 'sha256': 'f1931c9cc39f3ef06b098c07f20f5038dbdf88b0c8bf59c763bec8b8f59b3de0'}, 'dob': {'date': '1986-12-12T01:31:04.640Z', 'age': 37}, 'registered': {'date': '2013-08-15T11:09:39.617Z', 'age': 10}, 'phone': '(93) 1355-9686', 'cell': '(29) 7356-8561', 'id': {'name': 'CPF', 'value': '305.773.604-74'}, 'picture': {'large': 'https://randomuser.me/api/portraits/women/74.jpg', 'medium': 'https://randomuser.me/api/portraits/med/women/74.jpg', 'thumbnail': 'https://randomuser.me/api/portraits/thumb/women/74.jpg'}, 'nat': 'BR'}], 'info': {'seed': '9b88e335a182444f', 'results': 1, 'page': 1, 'version': '1.4'}}</msg>
<arg>${json_data}</arg>
<doc>Logs the given message with the given level.</doc>
<status status="PASS" start="2024-03-27T19:11:33.679135" elapsed="0.000258"/>
</kw>
<kw name="Dictionary Should Contain Key" owner="Collections">
<msg time="2024-03-27T19:11:33.679846" level="INFO">False</msg>
<arg>${json_data}</arg>
<arg>results</arg>
<doc>Fails if ``key`` is not found from ``dictionary``.</doc>
<status status="PASS" start="2024-03-27T19:11:33.679692" elapsed="0.000192"/>
</kw>
<kw name="Should Not Be Empty" owner="BuiltIn">
<msg time="2024-03-27T19:11:33.680308" level="INFO">Length is 2.</msg>
<arg>${json_data}</arg>
<doc>Verifies that the given item is not empty.</doc>
<status status="PASS" start="2024-03-27T19:11:33.680177" elapsed="0.000169"/>
</kw>
<kw name="Create List" owner="BuiltIn">
<msg time="2024-03-27T19:11:33.680788" level="INFO">${expected_keys} = ['gender', 'name', 'location', 'email', 'login']</msg>
<var>${expected_keys}</var>
<arg>gender</arg>
<arg>name</arg>
<arg>location</arg>
<arg>email</arg>
<arg>login</arg>
<doc>Returns a list containing given items.</doc>
<status status="PASS" start="2024-03-27T19:11:33.680634" elapsed="0.000178"/>
</kw>
<for flavor="IN">
<iter>
<kw name="Dictionary Should Contain Key" owner="Collections">
<msg time="2024-03-27T19:11:33.681796" level="INFO">False</msg>
<arg>${json_data['results'][0]}</arg>
<arg>${key}</arg>
<doc>Fails if ``key`` is not found from ``dictionary``.</doc>
<status status="PASS" start="2024-03-27T19:11:33.681387" elapsed="0.000451"/>
</kw>
<kw name="Log" owner="BuiltIn">
<msg time="2024-03-27T19:11:33.682516" level="INFO">{'gender': 'female', 'name': {'title': 'Mrs', 'first': 'Eleutéria', 'last': 'Melo'}, 'location': {'street': {'number': 2988, 'name': 'Rua da Saudade'}, 'city': 'Resende', 'state': 'Paraná', 'country': 'Brazil', 'postcode': 42550, 'coordinates': {'latitude': '-73.0267', 'longitude': '27.5752'}, 'timezone': {'offset': '+9:00', 'description': 'Tokyo, Seoul, Osaka, Sapporo, Yakutsk'}}, 'email': 'eleuteria.melo@example.com', 'login': {'uuid': '497e43b7-5fdc-4051-ac72-35b9cf51688f', 'username': 'blackduck381', 'password': 'james007', 'salt': '02Vdue5V', 'md5': '9e35fff425a951f7c243133eddff35ae', 'sha1': 'b6ec5e268ed625f94b00d193a96f219b97875bf8', 'sha256': 'f1931c9cc39f3ef06b098c07f20f5038dbdf88b0c8bf59c763bec8b8f59b3de0'}, 'dob': {'date': '1986-12-12T01:31:04.640Z', 'age': 37}, 'registered': {'date': '2013-08-15T11:09:39.617Z', 'age': 10}, 'phone': '(93) 1355-9686', 'cell': '(29) 7356-8561', 'id': {'name': 'CPF', 'value': '305.773.604-74'}, 'picture': {'large': 'https://randomuser.me/api/portraits/women/74.jpg', 'medium': 'https://randomuser.me/api/portraits/med/women/74.jpg', 'thumbnail': 'https://randomuser.me/api/portraits/thumb/women/74.jpg'}, 'nat': 'BR'}</msg>
<arg>${json_data['results'][0]}</arg>
<doc>Logs the given message with the given level.</doc>
<status status="PASS" start="2024-03-27T19:11:33.682149" elapsed="0.000422"/>
</kw>
<kw name="Log" owner="BuiltIn">
<msg time="2024-03-27T19:11:33.683002" level="INFO">gender</msg>
<arg>${key}</arg>
<doc>Logs the given message with the given level.</doc>
<status status="PASS" start="2024-03-27T19:11:33.682871" elapsed="0.000169"/>
</kw>
<var name="${key}">gender</var>
<status status="PASS" start="2024-03-27T19:11:33.681264" elapsed="0.002017"/>
</iter>
<iter>
<kw name="Dictionary Should Contain Key" owner="Collections">
<msg time="2024-03-27T19:11:33.683956" level="INFO">False</msg>
<arg>${json_data['results'][0]}</arg>
<arg>${key}</arg>
<doc>Fails if ``key`` is not found from ``dictionary``.</doc>
<status status="PASS" start="2024-03-27T19:11:33.683582" elapsed="0.000412"/>
</kw>
<kw name="Log" owner="BuiltIn">
<msg time="2024-03-27T19:11:33.684702" level="INFO">{'gender': 'female', 'name': {'title': 'Mrs', 'first': 'Eleutéria', 'last': 'Melo'}, 'location': {'street': {'number': 2988, 'name': 'Rua da Saudade'}, 'city': 'Resende', 'state': 'Paraná', 'country': 'Brazil', 'postcode': 42550, 'coordinates': {'latitude': '-73.0267', 'longitude': '27.5752'}, 'timezone': {'offset': '+9:00', 'description': 'Tokyo, Seoul, Osaka, Sapporo, Yakutsk'}}, 'email': 'eleuteria.melo@example.com', 'login': {'uuid': '497e43b7-5fdc-4051-ac72-35b9cf51688f', 'username': 'blackduck381', 'password': 'james007', 'salt': '02Vdue5V', 'md5': '9e35fff425a951f7c243133eddff35ae', 'sha1': 'b6ec5e268ed625f94b00d193a96f219b97875bf8', 'sha256': 'f1931c9cc39f3ef06b098c07f20f5038dbdf88b0c8bf59c763bec8b8f59b3de0'}, 'dob': {'date': '1986-12-12T01:31:04.640Z', 'age': 37}, 'registered': {'date': '2013-08-15T11:09:39.617Z', 'age': 10}, 'phone': '(93) 1355-9686', 'cell': '(29) 7356-8561', 'id': {'name': 'CPF', 'value': '305.773.604-74'}, 'picture': {'large': 'https://randomuser.me/api/portraits/women/74.jpg', 'medium': 'https://randomuser.me/api/portraits/med/women/74.jpg', 'thumbnail': 'https://randomuser.me/api/portraits/thumb/women/74.jpg'}, 'nat': 'BR'}</msg>
<arg>${json_data['results'][0]}</arg>
<doc>Logs the given message with the given level.</doc>
<status status="PASS" start="2024-03-27T19:11:33.684335" elapsed="0.000417"/>
</kw>
<kw name="Log" owner="BuiltIn">
<msg time="2024-03-27T19:11:33.685181" level="INFO">name</msg>
<arg>${key}</arg>
<doc>Logs the given message with the given level.</doc>
<status status="PASS" start="2024-03-27T19:11:33.685053" elapsed="0.000166"/>
</kw>
<var name="${key}">name</var>
<status status="PASS" start="2024-03-27T19:11:33.683468" elapsed="0.001969"/>
</iter>
<iter>
<kw name="Dictionary Should Contain Key" owner="Collections">
<msg time="2024-03-27T19:11:33.686096" level="INFO">False</msg>
<arg>${json_data['results'][0]}</arg>
<arg>${key}</arg>
<doc>Fails if ``key`` is not found from ``dictionary``.</doc>
<status status="PASS" start="2024-03-27T19:11:33.685724" elapsed="0.000410"/>
</kw>
<kw name="Log" owner="BuiltIn">
<msg time="2024-03-27T19:11:33.686801" level="INFO">{'gender': 'female', 'name': {'title': 'Mrs', 'first': 'Eleutéria', 'last': 'Melo'}, 'location': {'street': {'number': 2988, 'name': 'Rua da Saudade'}, 'city': 'Resende', 'state': 'Paraná', 'country': 'Brazil', 'postcode': 42550, 'coordinates': {'latitude': '-73.0267', 'longitude': '27.5752'}, 'timezone': {'offset': '+9:00', 'description': 'Tokyo, Seoul, Osaka, Sapporo, Yakutsk'}}, 'email': 'eleuteria.melo@example.com', 'login': {'uuid': '497e43b7-5fdc-4051-ac72-35b9cf51688f', 'username': 'blackduck381', 'password': 'james007', 'salt': '02Vdue5V', 'md5': '9e35fff425a951f7c243133eddff35ae', 'sha1': 'b6ec5e268ed625f94b00d193a96f219b97875bf8', 'sha256': 'f1931c9cc39f3ef06b098c07f20f5038dbdf88b0c8bf59c763bec8b8f59b3de0'}, 'dob': {'date': '1986-12-12T01:31:04.640Z', 'age': 37}, 'registered': {'date': '2013-08-15T11:09:39.617Z', 'age': 10}, 'phone': '(93) 1355-9686', 'cell': '(29) 7356-8561', 'id': {'name': 'CPF', 'value': '305.773.604-74'}, 'picture': {'large': 'https://randomuser.me/api/portraits/women/74.jpg', 'medium': 'https://randomuser.me/api/portraits/med/women/74.jpg', 'thumbnail': 'https://randomuser.me/api/portraits/thumb/women/74.jpg'}, 'nat': 'BR'}</msg>
<arg>${json_data['results'][0]}</arg>
<doc>Logs the given message with the given level.</doc>
<status status="PASS" start="2024-03-27T19:11:33.686434" elapsed="0.000421"/>
</kw>
<kw name="Log" owner="BuiltIn">
<msg time="2024-03-27T19:11:33.687305" level="INFO">location</msg>
<arg>${key}</arg>
<doc>Logs the given message with the given level.</doc>
<status status="PASS" start="2024-03-27T19:11:33.687152" elapsed="0.000201"/>
</kw>
<var name="${key}">location</var>
<status status="PASS" start="2024-03-27T19:11:33.685614" elapsed="0.001959"/>
</iter>
<iter>
<kw name="Dictionary Should Contain Key" owner="Collections">
<msg time="2024-03-27T19:11:33.688246" level="INFO">False</msg>
<arg>${json_data['results'][0]}</arg>
<arg>${key}</arg>
<doc>Fails if ``key`` is not found from ``dictionary``.</doc>
<status status="PASS" start="2024-03-27T19:11:33.687860" elapsed="0.000423"/>
</kw>
<kw name="Log" owner="BuiltIn">
<msg time="2024-03-27T19:11:33.688943" level="INFO">{'gender': 'female', 'name': {'title': 'Mrs', 'first': 'Eleutéria', 'last': 'Melo'}, 'location': {'street': {'number': 2988, 'name': 'Rua da Saudade'}, 'city': 'Resende', 'state': 'Paraná', 'country': 'Brazil', 'postcode': 42550, 'coordinates': {'latitude': '-73.0267', 'longitude': '27.5752'}, 'timezone': {'offset': '+9:00', 'description': 'Tokyo, Seoul, Osaka, Sapporo, Yakutsk'}}, 'email': 'eleuteria.melo@example.com', 'login': {'uuid': '497e43b7-5fdc-4051-ac72-35b9cf51688f', 'username': 'blackduck381', 'password': 'james007', 'salt': '02Vdue5V', 'md5': '9e35fff425a951f7c243133eddff35ae', 'sha1': 'b6ec5e268ed625f94b00d193a96f219b97875bf8', 'sha256': 'f1931c9cc39f3ef06b098c07f20f5038dbdf88b0c8bf59c763bec8b8f59b3de0'}, 'dob': {'date': '1986-12-12T01:31:04.640Z', 'age': 37}, 'registered': {'date': '2013-08-15T11:09:39.617Z', 'age': 10}, 'phone': '(93) 1355-9686', 'cell': '(29) 7356-8561', 'id': {'name': 'CPF', 'value': '305.773.604-74'}, 'picture': {'large': 'https://randomuser.me/api/portraits/women/74.jpg', 'medium': 'https://randomuser.me/api/portraits/med/women/74.jpg', 'thumbnail': 'https://randomuser.me/api/portraits/thumb/women/74.jpg'}, 'nat': 'BR'}</msg>
<arg>${json_data['results'][0]}</arg>
<doc>Logs the given message with the given level.</doc>
<status status="PASS" start="2024-03-27T19:11:33.688584" elapsed="0.000408"/>
</kw>
<kw name="Log" owner="BuiltIn">
<msg time="2024-03-27T19:11:33.689415" level="INFO">email</msg>
<arg>${key}</arg>
<doc>Logs the given message with the given level.</doc>
<status status="PASS" start="2024-03-27T19:11:33.689288" elapsed="0.000163"/>
</kw>
<var name="${key}">email</var>
<status status="PASS" start="2024-03-27T19:11:33.687748" elapsed="0.001921"/>
</iter>
<iter>
<kw name="Dictionary Should Contain Key" owner="Collections">
<msg time="2024-03-27T19:11:33.690333" level="INFO">False</msg>
<arg>${json_data['results'][0]}</arg>
<arg>${key}</arg>
<doc>Fails if ``key`` is not found from ``dictionary``.</doc>
<status status="PASS" start="2024-03-27T19:11:33.689957" elapsed="0.000414"/>
</kw>
<kw name="Log" owner="BuiltIn">
<msg time="2024-03-27T19:11:33.691021" level="INFO">{'gender': 'female', 'name': {'title': 'Mrs', 'first': 'Eleutéria', 'last': 'Melo'}, 'location': {'street': {'number': 2988, 'name': 'Rua da Saudade'}, 'city': 'Resende', 'state': 'Paraná', 'country': 'Brazil', 'postcode': 42550, 'coordinates': {'latitude': '-73.0267', 'longitude': '27.5752'}, 'timezone': {'offset': '+9:00', 'description': 'Tokyo, Seoul, Osaka, Sapporo, Yakutsk'}}, 'email': 'eleuteria.melo@example.com', 'login': {'uuid': '497e43b7-5fdc-4051-ac72-35b9cf51688f', 'username': 'blackduck381', 'password': 'james007', 'salt': '02Vdue5V', 'md5': '9e35fff425a951f7c243133eddff35ae', 'sha1': 'b6ec5e268ed625f94b00d193a96f219b97875bf8', 'sha256': 'f1931c9cc39f3ef06b098c07f20f5038dbdf88b0c8bf59c763bec8b8f59b3de0'}, 'dob': {'date': '1986-12-12T01:31:04.640Z', 'age': 37}, 'registered': {'date': '2013-08-15T11:09:39.617Z', 'age': 10}, 'phone': '(93) 1355-9686', 'cell': '(29) 7356-8561', 'id': {'name': 'CPF', 'value': '305.773.604-74'}, 'picture': {'large': 'https://randomuser.me/api/portraits/women/74.jpg', 'medium': 'https://randomuser.me/api/portraits/med/women/74.jpg', 'thumbnail': 'https://randomuser.me/api/portraits/thumb/women/74.jpg'}, 'nat': 'BR'}</msg>
<arg>${json_data['results'][0]}</arg>
<doc>Logs the given message with the given level.</doc>
<status status="PASS" start="2024-03-27T19:11:33.690661" elapsed="0.000408"/>
</kw>
<kw name="Log" owner="BuiltIn">
<msg time="2024-03-27T19:11:33.691513" level="INFO">login</msg>
<arg>${key}</arg>
<doc>Logs the given message with the given level.</doc>
<status status="PASS" start="2024-03-27T19:11:33.691386" elapsed="0.000271"/>
</kw>
<var name="${key}">login</var>
<status status="PASS" start="2024-03-27T19:11:33.689839" elapsed="0.002069"/>
</iter>
<var>${key}</var>
<value>@{expected_keys}</value>
<status status="PASS" start="2024-03-27T19:11:33.681072" elapsed="0.010961"/>
</for>
<kw name="Create List" owner="BuiltIn">
<msg time="2024-03-27T19:11:33.692366" level="INFO">${expected_keysTwo} = ['username', 'password']</msg>
<var>${expected_keysTwo}</var>
<arg>username</arg>
<arg>password</arg>
<doc>Returns a list containing given items.</doc>
<status status="PASS" start="2024-03-27T19:11:33.692228" elapsed="0.000161"/>
</kw>
<for flavor="IN">
<iter>
<kw name="Dictionary Should Contain Key" owner="Collections">
<msg time="2024-03-27T19:11:33.693270" level="INFO">False</msg>
<arg>${json_data['results'][0]['login']}</arg>
<arg>${keyTwo}</arg>
<doc>Fails if ``key`` is not found from ``dictionary``.</doc>
<status status="PASS" start="2024-03-27T19:11:33.692887" elapsed="0.000420"/>
</kw>
<kw name="Dictionary Should Contain Key" owner="Collections">
<msg time="2024-03-27T19:11:33.693990" level="INFO">False</msg>
<arg>${json_data['results'][0]['login']}</arg>
<arg>${keyTwo}</arg>
<doc>Fails if ``key`` is not found from ``dictionary``.</doc>
<status status="PASS" start="2024-03-27T19:11:33.693606" elapsed="0.000421"/>
</kw>
<kw name="Log" owner="BuiltIn">
<msg time="2024-03-27T19:11:33.694446" level="INFO">username</msg>
<arg>${keyTwo}</arg>
<doc>Logs the given message with the given level.</doc>
<status status="PASS" start="2024-03-27T19:11:33.694318" elapsed="0.000164"/>
</kw>
<var name="${keyTwo}">username</var>
<status status="PASS" start="2024-03-27T19:11:33.692776" elapsed="0.001919"/>
</iter>
<iter>
<kw name="Dictionary Should Contain Key" owner="Collections">
<msg time="2024-03-27T19:11:33.695376" level="INFO">False</msg>
<arg>${json_data['results'][0]['login']}</arg>
<arg>${keyTwo}</arg>
<doc>Fails if ``key`` is not found from ``dictionary``.</doc>
<status status="PASS" start="2024-03-27T19:11:33.694975" elapsed="0.000437"/>
</kw>
<kw name="Dictionary Should Contain Key" owner="Collections">
<msg time="2024-03-27T19:11:33.696085" level="INFO">False</msg>
<arg>${json_data['results'][0]['login']}</arg>
<arg>${keyTwo}</arg>
<doc>Fails if ``key`` is not found from ``dictionary``.</doc>
<status status="PASS" start="2024-03-27T19:11:33.695704" elapsed="0.000418"/>
</kw>
<kw name="Log" owner="BuiltIn">
<msg time="2024-03-27T19:11:33.696551" level="INFO">password</msg>
<arg>${keyTwo}</arg>
<doc>Logs the given message with the given level.</doc>
<status status="PASS" start="2024-03-27T19:11:33.696425" elapsed="0.000163"/>
</kw>
<var name="${keyTwo}">password</var>
<status status="PASS" start="2024-03-27T19:11:33.694868" elapsed="0.001935"/>
</iter>
<var>${keyTwo}</var>
<value>@{expected_keysTwo}</value>
<status status="PASS" start="2024-03-27T19:11:33.692625" elapsed="0.004299"/>
</for>
<status status="PASS" start="2024-03-27T19:11:33.229629" elapsed="0.467438"/>
</kw>
<doc>Testa a estrutura da resposta da API.</doc>
<tag>testeEstruturaResposta</tag>
<status status="PASS" start="2024-03-27T19:11:33.228977" elapsed="0.468256"/>
</test>
<test id="s1-s1-t4" name="Validar tipos de dados" line="28">
<kw name="Teste de Tipos de Dados" owner="random-user-service">
<kw name="GET On Session" owner="RequestsLibrary">
<msg time="2024-03-27T19:11:33.905547" level="INFO">GET Request : url=https://randomuser.me/api 
 path_url=/api 
 headers={'User-Agent': 'python-requests/2.31.0', 'Accept-Encoding': 'gzip, deflate', 'Accept': '*/*', 'Connection': 'keep-alive'} 
 body=None 
 </msg>
<msg time="2024-03-27T19:11:33.905612" level="INFO">GET Response : url=https://randomuser.me/api 
 status=200, reason=OK 
 headers={'Date': 'Wed, 27 Mar 2024 19:11:33 GMT', 'Content-Type': 'application/json; charset=utf-8', 'Transfer-Encoding': 'chunked', 'Connection': 'keep-alive', 'X-Powered-By': 'Express', 'Access-Control-Allow-Origin': '*', 'Cache-Control': 'no-cache', 'ETag': 'W/"4bc-tuIHC1unzLAtm0UEaUX47Oa7tnY"', 'Vary': 'Accept-Encoding', 'Content-Encoding': 'gzip', 'CF-Cache-Status': 'DYNAMIC', 'Report-To': '{"endpoints":[{"url":"https:\\/\\/a.nel.cloudflare.com\\/report\\/v4?s=7HpAWO4KU6QqEeBSNB94R3i7xt5pXBapy79TyYYaPv6I0RabC5d%2B2aJ5fN76jebX5YuihNE09k0WVhVqFztRgxyqsmZPvgRP9v434xp4xTkCvxAp0cDbj4QtIz9Iqg2M"}],"group":"cf-nel","max_age":604800}', 'NEL': '{"success_fraction":0,"report_to":"cf-nel","max_age":604800}', 'Server': 'cloudflare', 'CF-RAY': '86b1afdb993c616f-ORD', 'alt-svc': 'h3=":443"; ma=86400'} 
 body={"results":[{"gender":"male","name":{"title":"Mr","first":"Maximino","last":"Alcaraz"},"location":{"street":{"number":4135,"name":"Prolongación Norte Arce"},"city":"Estación Chontalpa","state":"Nuevo Leon","country":"Mexico","postcode":64970,"coordinates":{"latitude":"26.4845","longitude":"-170.4493"},"timezone":{"offset":"+5:00","description":"Ekaterinburg, Islamabad, Karachi, Tashkent"}},"email":"maximino.alcaraz@example.com","login":{"uuid":"a0b6e499-da69-4f2e-89b4-386eef4a12d4","username":"sadelephant286","password":"magician","salt":"1NzM9j5F","md5":"805e247c8249d4c81fddf8790540c609","sha1":"232f621611b655374480b8395528a63543b18a39","sha256":"e4472d24f0388d7b36592efba8b8d6ba1611d1060b99bd34efe1057f3dfba6f3"},"dob":{"date":"1975-09-23T19:16:33.191Z","age":48},"registered":{"date":"2009-11-30T06:57:58.173Z","age":14},"phone":"(689) 260 1825","cell":"(654) 587 8652","id":{"name":"NSS","value":"84 98 50 9204 6"},"picture":{"large":"https://randomuser.me/api/portraits/men/92.jpg","medium":"https://randomuser.me/api/portraits/med/men/92.jpg","thumbnail":"https://randomuser.me/api/portraits/thumb/men/92.jpg"},"nat":"MX"}],"info":{"seed":"6a0258a992769e89","results":1,"page":1,"version":"1.4"}} 
 </msg>
<msg time="2024-03-27T19:11:33.905670" level="INFO">/opt/hostedtoolcache/Python/3.12.2/x64/lib/python3.12/site-packages/urllib3/connectionpool.py:1103: InsecureRequestWarning: Unverified HTTPS request is being made to host 'randomuser.me'. Adding certificate verification is strongly advised. See: https://urllib3.readthedocs.io/en/latest/advanced-usage.html#tls-warnings
  warnings.warn(</msg>
<msg time="2024-03-27T19:11:33.905775" level="INFO">${response} = &lt;Response [200]&gt;</msg>
<var>${response}</var>
<arg>consultarAPI</arg>
<arg>/api</arg>
<doc>Sends a GET request on a previously created HTTP Session.</doc>
<status status="PASS" start="2024-03-27T19:11:33.699770" elapsed="0.206045"/>
</kw>
<kw name="Set Variable" owner="BuiltIn">
<msg time="2024-03-27T19:11:33.906639" level="INFO">${json_data} = {'results': [{'gender': 'male', 'name': {'title': 'Mr', 'first': 'Maximino', 'last': 'Alcaraz'}, 'location': {'street': {'number': 4135, 'name': 'Prolongación Norte Arce'}, 'city': 'Estación Chontalpa...</msg>
<var>${json_data}</var>
<arg>${response.json()}</arg>
<doc>Returns the given values which can then be assigned to a variables.</doc>
<status status="PASS" start="2024-03-27T19:11:33.906181" elapsed="0.000487"/>
</kw>
<kw name="Log" owner="BuiltIn">
<msg time="2024-03-27T19:11:33.907130" level="INFO">{'results': [{'gender': 'male', 'name': {'title': 'Mr', 'first': 'Maximino', 'last': 'Alcaraz'}, 'location': {'street': {'number': 4135, 'name': 'Prolongación Norte Arce'}, 'city': 'Estación Chontalpa', 'state': 'Nuevo Leon', 'country': 'Mexico', 'postcode': 64970, 'coordinates': {'latitude': '26.4845', 'longitude': '-170.4493'}, 'timezone': {'offset': '+5:00', 'description': 'Ekaterinburg, Islamabad, Karachi, Tashkent'}}, 'email': 'maximino.alcaraz@example.com', 'login': {'uuid': 'a0b6e499-da69-4f2e-89b4-386eef4a12d4', 'username': 'sadelephant286', 'password': 'magician', 'salt': '1NzM9j5F', 'md5': '805e247c8249d4c81fddf8790540c609', 'sha1': '232f621611b655374480b8395528a63543b18a39', 'sha256': 'e4472d24f0388d7b36592efba8b8d6ba1611d1060b99bd34efe1057f3dfba6f3'}, 'dob': {'date': '1975-09-23T19:16:33.191Z', 'age': 48}, 'registered': {'date': '2009-11-30T06:57:58.173Z', 'age': 14}, 'phone': '(689) 260 1825', 'cell': '(654) 587 8652', 'id': {'name': 'NSS', 'value': '84 98 50 9204 6'}, 'picture': {'large': 'https://randomuser.me/api/portraits/men/92.jpg', 'medium': 'https://randomuser.me/api/portraits/med/men/92.jpg', 'thumbnail': 'https://randomuser.me/api/portraits/thumb/men/92.jpg'}, 'nat': 'MX'}], 'info': {'seed': '6a0258a992769e89', 'results': 1, 'page': 1, 'version': '1.4'}}</msg>
<arg>${json_data}</arg>
<doc>Logs the given message with the given level.</doc>
<status status="PASS" start="2024-03-27T19:11:33.906974" elapsed="0.000236"/>
</kw>
<kw name="Should Be String" owner="String">
<arg>${json_data['results'][0]['gender']}</arg>
<doc>Fails if the given ``item`` is not a string.</doc>
<status status="PASS" start="2024-03-27T19:11:33.907566" elapsed="0.000361"/>
</kw>
<kw name="Should Match Regexp" owner="BuiltIn">
<arg>${json_data['results'][0]['email']}</arg>
<arg>^[a-zA-Z0-9._%+-]+@[a-zA-Z0-9.-]+\.[a-zA-Z]{2,}$</arg>
<doc>Fails if ``string`` does not match ``pattern`` as a regular expression.</doc>
<status status="PASS" start="2024-03-27T19:11:33.908119" elapsed="0.000510"/>
</kw>
<kw name="Should Match Regexp" owner="BuiltIn">
<arg>${json_data['results'][0]['dob']['date']}</arg>
<arg>\\d{4}-\\d{2}-\\d{2}T\\d{2}:\\d{2}:\\d{2}\\.\\d{3}Z</arg>
<doc>Fails if ``string`` does not match ``pattern`` as a regular expression.</doc>
<status status="PASS" start="2024-03-27T19:11:33.908831" elapsed="0.000486"/>
</kw>
<kw name="Should Match Regexp" owner="BuiltIn">
<arg>${json_data['results'][0]['registered']['date']}</arg>
<arg>\\d{4}-\\d{2}-\\d{2}T\\d{2}:\\d{2}:\\d{2}\\.\\d{3}Z</arg>
<doc>Fails if ``string`` does not match ``pattern`` as a regular expression.</doc>
<status status="PASS" start="2024-03-27T19:11:33.909509" elapsed="0.000363"/>
</kw>
<kw name="Should Match Regexp" owner="BuiltIn">
<arg>${json_data['results'][0]['picture']['large']}</arg>
<arg>^https?://.*\.(?:png|jpe?g|gif|bmp)$</arg>
<doc>Fails if ``string`` does not match ``pattern`` as a regular expression.</doc>
<status status="PASS" start="2024-03-27T19:11:33.910056" elapsed="0.000452"/>
</kw>
<kw name="Should Match Regexp" owner="BuiltIn">
<arg>${json_data['results'][0]['picture']['medium']}</arg>
<arg>^https?://.*\.(?:png|jpe?g|gif|bmp)$</arg>
<doc>Fails if ``string`` does not match ``pattern`` as a regular expression.</doc>
<status status="PASS" start="2024-03-27T19:11:33.910697" elapsed="0.000357"/>
</kw>
<kw name="Should Match Regexp" owner="BuiltIn">
<arg>${json_data['results'][0]['picture']['thumbnail']}</arg>
<arg>^https?://.*\.(?:png|jpe?g|gif|bmp)$</arg>
<doc>Fails if ``string`` does not match ``pattern`` as a regular expression.</doc>
<status status="PASS" start="2024-03-27T19:11:33.911268" elapsed="0.000365"/>
</kw>
<kw name="Log" owner="BuiltIn">
<msg time="2024-03-27T19:11:33.912142" level="INFO">{'large': 'https://randomuser.me/api/portraits/men/92.jpg', 'medium': 'https://randomuser.me/api/portraits/med/men/92.jpg', 'thumbnail': 'https://randomuser.me/api/portraits/thumb/men/92.jpg'}</msg>
<arg>${json_data['results'][0]['picture']}</arg>
<doc>Logs the given message with the given level.</doc>
<status status="PASS" start="2024-03-27T19:11:33.911814" elapsed="0.000373"/>
</kw>
<status status="PASS" start="2024-03-27T19:11:33.699542" elapsed="0.212900"/>
</kw>
<kw name="Teste de Tipos de Dados - Postcode" owner="random-user-service">
<kw name="GET On Session" owner="RequestsLibrary">
<msg time="2024-03-27T19:11:34.052056" level="INFO">GET Request : url=https://randomuser.me/api 
 path_url=/api 
 headers={'User-Agent': 'python-requests/2.31.0', 'Accept-Encoding': 'gzip, deflate', 'Accept': '*/*', 'Connection': 'keep-alive'} 
 body=None 
 </msg>
<msg time="2024-03-27T19:11:34.052165" level="INFO">GET Response : url=https://randomuser.me/api 
 status=200, reason=OK 
 headers={'Date': 'Wed, 27 Mar 2024 19:11:34 GMT', 'Content-Type': 'application/json; charset=utf-8', 'Transfer-Encoding': 'chunked', 'Connection': 'keep-alive', 'X-Powered-By': 'Express', 'Access-Control-Allow-Origin': '*', 'Cache-Control': 'no-cache', 'ETag': 'W/"492-iN4F4C/5cDiie4o86UAIwb6li9Y"', 'Vary': 'Accept-Encoding', 'Content-Encoding': 'gzip', 'CF-Cache-Status': 'DYNAMIC', 'Report-To': '{"endpoints":[{"url":"https:\\/\\/a.nel.cloudflare.com\\/report\\/v4?s=ytVRh8cqE1pbXg1l9E7%2FV5p%2ByHCWVBHVOtSTWxKqyD5o3Lr06SujnLwf7aHuk3NGRW7U%2BekG9qeux7NZ0Fcm45lFpd9TDa2bG%2F%2FERVdtLvNoxT3sTbEFGQlFEnC1va6i"}],"group":"cf-nel","max_age":604800}', 'NEL': '{"success_fraction":0,"report_to":"cf-nel","max_age":604800}', 'Server': 'cloudflare', 'CF-RAY': '86b1afdcfb3f616f-ORD', 'alt-svc': 'h3=":443"; ma=86400'} 
 body={"results":[{"gender":"male","name":{"title":"Mr","first":"Lawrence","last":"Morales"},"location":{"street":{"number":7694,"name":"Wheeler Ridge Dr"},"city":"Syracuse","state":"Florida","country":"United States","postcode":84389,"coordinates":{"latitude":"86.9415","longitude":"-175.4547"},"timezone":{"offset":"-11:00","description":"Midway Island, Samoa"}},"email":"lawrence.morales@example.com","login":{"uuid":"990cfe2d-882d-4e06-83eb-998a7ca567d4","username":"whitepanda656","password":"cassidy","salt":"HHl15azF","md5":"b2499c727aa7b099f7dcc0fdc7da9e47","sha1":"50dfa34e794a0882bfc0d92a4313f722e8e2b165","sha256":"fb6f119706e5529c615b5e72c0940c0b3966471fd886ac2b249437136f38f8c1"},"dob":{"date":"1979-01-20T16:08:55.085Z","age":45},"registered":{"date":"2013-05-30T18:52:58.605Z","age":10},"phone":"(586) 434-8252","cell":"(503) 786-7131","id":{"name":"SSN","value":"884-58-0941"},"picture":{"large":"https://randomuser.me/api/portraits/men/67.jpg","medium":"https://randomuser.me/api/portraits/med/men/67.jpg","thumbnail":"https://randomuser.me/api/portraits/thumb/men/67.jpg"},"nat":"US"}],"info":{"seed":"e3bacec8e26a0e90","results":1,"page":1,"version":"1.4"}} 
 </msg>
<msg time="2024-03-27T19:11:34.052252" level="INFO">/opt/hostedtoolcache/Python/3.12.2/x64/lib/python3.12/site-packages/urllib3/connectionpool.py:1103: InsecureRequestWarning: Unverified HTTPS request is being made to host 'randomuser.me'. Adding certificate verification is strongly advised. See: https://urllib3.readthedocs.io/en/latest/advanced-usage.html#tls-warnings
  warnings.warn(</msg>
<msg time="2024-03-27T19:11:34.052395" level="INFO">${response} = &lt;Response [200]&gt;</msg>
<var>${response}</var>
<arg>consultarAPI</arg>
<arg>/api</arg>
<doc>Sends a GET request on a previously created HTTP Session.</doc>
<status status="PASS" start="2024-03-27T19:11:33.912992" elapsed="0.139446"/>
</kw>
<kw name="Set Variable" owner="BuiltIn">
<msg time="2024-03-27T19:11:34.053481" level="INFO">${json_data} = {'results': [{'gender': 'male', 'name': {'title': 'Mr', 'first': 'Lawrence', 'last': 'Morales'}, 'location': {'street': {'number': 7694, 'name': 'Wheeler Ridge Dr'}, 'city': 'Syracuse', 'state': 'Flor...</msg>
<var>${json_data}</var>
<arg>${response.json()}</arg>
<doc>Returns the given values which can then be assigned to a variables.</doc>
<status status="PASS" start="2024-03-27T19:11:34.052956" elapsed="0.000554"/>
</kw>
<kw name="Log" owner="BuiltIn">
<msg time="2024-03-27T19:11:34.054023" level="INFO">{'results': [{'gender': 'male', 'name': {'title': 'Mr', 'first': 'Lawrence', 'last': 'Morales'}, 'location': {'street': {'number': 7694, 'name': 'Wheeler Ridge Dr'}, 'city': 'Syracuse', 'state': 'Florida', 'country': 'United States', 'postcode': 84389, 'coordinates': {'latitude': '86.9415', 'longitude': '-175.4547'}, 'timezone': {'offset': '-11:00', 'description': 'Midway Island, Samoa'}}, 'email': 'lawrence.morales@example.com', 'login': {'uuid': '990cfe2d-882d-4e06-83eb-998a7ca567d4', 'username': 'whitepanda656', 'password': 'cassidy', 'salt': 'HHl15azF', 'md5': 'b2499c727aa7b099f7dcc0fdc7da9e47', 'sha1': '50dfa34e794a0882bfc0d92a4313f722e8e2b165', 'sha256': 'fb6f119706e5529c615b5e72c0940c0b3966471fd886ac2b249437136f38f8c1'}, 'dob': {'date': '1979-01-20T16:08:55.085Z', 'age': 45}, 'registered': {'date': '2013-05-30T18:52:58.605Z', 'age': 10}, 'phone': '(586) 434-8252', 'cell': '(503) 786-7131', 'id': {'name': 'SSN', 'value': '884-58-0941'}, 'picture': {'large': 'https://randomuser.me/api/portraits/men/67.jpg', 'medium': 'https://randomuser.me/api/portraits/med/men/67.jpg', 'thumbnail': 'https://randomuser.me/api/portraits/thumb/men/67.jpg'}, 'nat': 'US'}], 'info': {'seed': 'e3bacec8e26a0e90', 'results': 1, 'page': 1, 'version': '1.4'}}</msg>
<arg>${json_data}</arg>
<doc>Logs the given message with the given level.</doc>
<status status="PASS" start="2024-03-27T19:11:34.053853" elapsed="0.000253"/>
</kw>
<kw name="Should Be Equal As Numbers" owner="BuiltIn">
<arg>${json_data['results'][0]['location']['postcode']}</arg>
<arg>${json_data['results'][0]['location']['postcode']}</arg>
<doc>Fails if objects are unequal after converting them to real numbers.</doc>
<status status="PASS" start="2024-03-27T19:11:34.054426" elapsed="0.000675"/>
</kw>
<kw name="Log" owner="BuiltIn">
<msg time="2024-03-27T19:11:34.055729" level="INFO">84389</msg>
<arg>${json_data['results'][0]['location']['postcode']}</arg>
<doc>Logs the given message with the given level.</doc>
<status status="PASS" start="2024-03-27T19:11:34.055361" elapsed="0.000409"/>
</kw>
<status status="PASS" start="2024-03-27T19:11:33.912653" elapsed="0.143398"/>
</kw>
<doc>Testa se os tipos de dados na resposta da API estão corretos.</doc>
<tag>testeTiposDados</tag>
<status status="PASS" start="2024-03-27T19:11:33.699026" elapsed="0.357205"/>
</test>
<test id="s1-s1-t5" name="Validar conteudo" line="35">
<kw name="Teste de Tipos de Conteudo" owner="random-user-service">
<kw name="GET On Session" owner="RequestsLibrary">
<msg time="2024-03-27T19:11:34.116247" level="INFO">GET Request : url=https://randomuser.me/api 
 path_url=/api 
 headers={'User-Agent': 'python-requests/2.31.0', 'Accept-Encoding': 'gzip, deflate', 'Accept': '*/*', 'Connection': 'keep-alive'} 
 body=None 
 </msg>
<msg time="2024-03-27T19:11:34.116321" level="INFO">GET Response : url=https://randomuser.me/api 
 status=200, reason=OK 
 headers={'Date': 'Wed, 27 Mar 2024 19:11:34 GMT', 'Content-Type': 'application/json; charset=utf-8', 'Transfer-Encoding': 'chunked', 'Connection': 'keep-alive', 'X-Powered-By': 'Express', 'Access-Control-Allow-Origin': '*', 'Cache-Control': 'no-cache', 'ETag': 'W/"488-RG/BO4Rszq5H+/DrriUKVrf3xWw"', 'Vary': 'Accept-Encoding', 'Content-Encoding': 'gzip', 'CF-Cache-Status': 'DYNAMIC', 'Report-To': '{"endpoints":[{"url":"https:\\/\\/a.nel.cloudflare.com\\/report\\/v4?s=t34EwPvDHI7EWgj16pn8kvyIL9bk1tNti%2F8VlRE478c0uOWvjd6Bb5T5LfFqvdjza9FLhWG89Dq7a4Buk5AA5AP7dNUUKLfkMsnKgthDtu%2Bh5n3y67lMKAygjJGfgocu"}],"group":"cf-nel","max_age":604800}', 'NEL': '{"success_fraction":0,"report_to":"cf-nel","max_age":604800}', 'Server': 'cloudflare', 'CF-RAY': '86b1afdddc81616f-ORD', 'alt-svc': 'h3=":443"; ma=86400'} 
 body={"results":[{"gender":"male","name":{"title":"Mr","first":"Bob","last":"Moore"},"location":{"street":{"number":4945,"name":"Alexander Road"},"city":"Brighton and Hove","state":"Grampian","country":"United Kingdom","postcode":"P9Y 3JU","coordinates":{"latitude":"-4.4060","longitude":"-100.0705"},"timezone":{"offset":"+4:30","description":"Kabul"}},"email":"bob.moore@example.com","login":{"uuid":"19a70168-a6c3-44a2-9ea1-ccafcc18d6f9","username":"purplebutterfly827","password":"termite","salt":"NxVpqPhu","md5":"9cda466c64935c6319e912b7cffbe60b","sha1":"72c0798ff3118497c80be9b3571fa7381ce5abcc","sha256":"318f8b81063964004d3f2ff61c40130b9fd84ed12fad27d9d32b334cb14ac84f"},"dob":{"date":"1988-10-14T02:17:36.715Z","age":35},"registered":{"date":"2015-01-10T21:21:50.620Z","age":9},"phone":"0113918 940 8466","cell":"07035 765174","id":{"name":"NINO","value":"CX 16 13 53 E"},"picture":{"large":"https://randomuser.me/api/portraits/men/94.jpg","medium":"https://randomuser.me/api/portraits/med/men/94.jpg","thumbnail":"https://randomuser.me/api/portraits/thumb/men/94.jpg"},"nat":"GB"}],"info":{"seed":"b9a4fd802348a5d3","results":1,"page":1,"version":"1.4"}} 
 </msg>
<msg time="2024-03-27T19:11:34.116378" level="INFO">/opt/hostedtoolcache/Python/3.12.2/x64/lib/python3.12/site-packages/urllib3/connectionpool.py:1103: InsecureRequestWarning: Unverified HTTPS request is being made to host 'randomuser.me'. Adding certificate verification is strongly advised. See: https://urllib3.readthedocs.io/en/latest/advanced-usage.html#tls-warnings
  warnings.warn(</msg>
<msg time="2024-03-27T19:11:34.116486" level="INFO">${response} = &lt;Response [200]&gt;</msg>
<var>${response}</var>
<arg>consultarAPI</arg>
<arg>/api</arg>
<doc>Sends a GET request on a previously created HTTP Session.</doc>
<status status="PASS" start="2024-03-27T19:11:34.058789" elapsed="0.057739"/>
</kw>
<kw name="Set Variable" owner="BuiltIn">
<msg time="2024-03-27T19:11:34.117417" level="INFO">${json_data} = {'results': [{'gender': 'male', 'name': {'title': 'Mr', 'first': 'Bob', 'last': 'Moore'}, 'location': {'street': {'number': 4945, 'name': 'Alexander Road'}, 'city': 'Brighton and Hove', 'state': 'Gram...</msg>
<var>${json_data}</var>
<arg>${response.json()}</arg>
<doc>Returns the given values which can then be assigned to a variables.</doc>
<status status="PASS" start="2024-03-27T19:11:34.116965" elapsed="0.000480"/>
</kw>
<kw name="Set Variable" owner="BuiltIn">
<msg time="2024-03-27T19:11:34.118125" level="INFO">${name_title} = Mr</msg>
<var>${name_title}</var>
<arg>${json_data["results"][0]["name"]["title"]}</arg>
<doc>Returns the given values which can then be assigned to a variables.</doc>
<status status="PASS" start="2024-03-27T19:11:34.117749" elapsed="0.000401"/>
</kw>
<kw name="Create List" owner="BuiltIn">
<msg time="2024-03-27T19:11:34.118603" level="INFO">${allowed_titles} = ['Mr', 'Ms', 'Miss', 'Mrs', 'Madame', 'Monsieur']</msg>
<var>${allowed_titles}</var>
<arg>Mr</arg>
<arg>Ms</arg>
<arg>Miss</arg>
<arg>Mrs</arg>
<arg>Madame</arg>
<arg>Monsieur</arg>
<doc>Returns a list containing given items.</doc>
<status status="PASS" start="2024-03-27T19:11:34.118448" elapsed="0.000179"/>
</kw>
<kw name="List Should Contain Value" owner="Collections">
<msg time="2024-03-27T19:11:34.119106" level="INFO">False</msg>
<arg>${allowed_titles}</arg>
<arg>${name_title}</arg>
<doc>Fails if the ``value`` is not found from ``list``.</doc>
<status status="PASS" start="2024-03-27T19:11:34.118928" elapsed="0.000216"/>
</kw>
<kw name="Set Variable" owner="BuiltIn">
<msg time="2024-03-27T19:11:34.119870" level="INFO">${name_country} = GB</msg>
<var>${name_country}</var>
<arg>${json_data["results"][0]["nat"]}</arg>
<doc>Returns the given values which can then be assigned to a variables.</doc>
<status status="PASS" start="2024-03-27T19:11:34.119483" elapsed="0.000412"/>
</kw>
<kw name="Create List" owner="BuiltIn">
<msg time="2024-03-27T19:11:34.120813" level="INFO">${list_country} = ['AD', 'AE', 'AF', 'AG', 'AI', 'AL', 'AM', 'AO', 'AQ', 'AR', 'AS', 'AT', 'AU', 'AW', 'AX', 'AZ', 'BA', 'BB', 'BD', 'BE', 'BF', 'BG', 'BH', 'BI', 'BJ', 'BL', 'BM', 'BN', 'BO', 'BQ', 'BR', 'BS', 'BT', '...</msg>
<var>${list_country}</var>
<arg>AD</arg>
<arg>AE</arg>
<arg>AF</arg>
<arg>AG</arg>
<arg>AI</arg>
<arg>AL</arg>
<arg>AM</arg>
<arg>AO</arg>
<arg>AQ</arg>
<arg>AR</arg>
<arg>AS</arg>
<arg>AT</arg>
<arg>AU</arg>
<arg>AW</arg>
<arg>AX</arg>
<arg>AZ</arg>
<arg>BA</arg>
<arg>BB</arg>
<arg>BD</arg>
<arg>BE</arg>
<arg>BF</arg>
<arg>BG</arg>
<arg>BH</arg>
<arg>BI</arg>
<arg>BJ</arg>
<arg>BL</arg>
<arg>BM</arg>
<arg>BN</arg>
<arg>BO</arg>
<arg>BQ</arg>
<arg>BR</arg>
<arg>BS</arg>
<arg>BT</arg>
<arg>BV</arg>
<arg>BW</arg>
<arg>BY</arg>
<arg>BZ</arg>
<arg>CA</arg>
<arg>CC</arg>
<arg>CD</arg>
<arg>CF</arg>
<arg>CG</arg>
<arg>CH</arg>
<arg>CI</arg>
<arg>CK</arg>
<arg>CL</arg>
<arg>CM</arg>
<arg>CN</arg>
<arg>CO</arg>
<arg>CR</arg>
<arg>CU</arg>
<arg>CV</arg>
<arg>CW</arg>
<arg>CX</arg>
<arg>CY</arg>
<arg>CZ</arg>
<arg>DE</arg>
<arg>DJ</arg>
<arg>DK</arg>
<arg>DM</arg>
<arg>DO</arg>
<arg>DZ</arg>
<arg>EC</arg>
<arg>EE</arg>
<arg>EG</arg>
<arg>EH</arg>
<arg>ER</arg>
<arg>ES</arg>
<arg>ET</arg>
<arg>FI</arg>
<arg>FJ</arg>
<arg>FK</arg>
<arg>FM</arg>
<arg>FO</arg>
<arg>FR</arg>
<arg>GA</arg>
<arg>GB</arg>
<arg>GD</arg>
<arg>GE</arg>
<arg>GF</arg>
<arg>GG</arg>
<arg>GH</arg>
<arg>GI</arg>
<arg>GL</arg>
<arg>GM</arg>
<arg>GN</arg>
<arg>GP</arg>
<arg>GQ</arg>
<arg>GR</arg>
<arg>GS</arg>
<arg>GT</arg>
<arg>GU</arg>
<arg>GW</arg>
<arg>GY</arg>
<arg>HK</arg>
<arg>HM</arg>
<arg>HN</arg>
<arg>HR</arg>
<arg>HT</arg>
<arg>HU</arg>
<arg>ID</arg>
<arg>IE</arg>
<arg>IL</arg>
<arg>IM</arg>
<arg>IN</arg>
<arg>IO</arg>
<arg>IQ</arg>
<arg>IR</arg>
<arg>IS</arg>
<arg>IT</arg>
<arg>JE</arg>
<arg>JM</arg>
<arg>JO</arg>
<arg>JP</arg>
<arg>KE</arg>
<arg>KG</arg>
<arg>KH</arg>
<arg>KI</arg>
<arg>KM</arg>
<arg>KN</arg>
<arg>KP</arg>
<arg>KR</arg>
<arg>KW</arg>
<arg>KY</arg>
<arg>KZ</arg>
<arg>LA</arg>
<arg>LB</arg>
<arg>LC</arg>
<arg>LI</arg>
<arg>LK</arg>
<arg>LR</arg>
<arg>LS</arg>
<arg>LT</arg>
<arg>LU</arg>
<arg>LV</arg>
<arg>LY</arg>
<arg>MA</arg>
<arg>MC</arg>
<arg>MD</arg>
<arg>ME</arg>
<arg>MF</arg>
<arg>MG</arg>
<arg>MH</arg>
<arg>MK</arg>
<arg>ML</arg>
<arg>MM</arg>
<arg>MN</arg>
<arg>MO</arg>
<arg>MP</arg>
<arg>MQ</arg>
<arg>MR</arg>
<arg>MS</arg>
<arg>MT</arg>
<arg>MU</arg>
<arg>MV</arg>
<arg>MW</arg>
<arg>MX</arg>
<arg>MY</arg>
<arg>MZ</arg>
<arg>NA</arg>
<arg>NC</arg>
<arg>NE</arg>
<arg>NF</arg>
<arg>NG</arg>
<arg>NI</arg>
<arg>NL</arg>
<arg>NO</arg>
<arg>NP</arg>
<arg>NR</arg>
<arg>NU</arg>
<arg>NZ</arg>
<arg>OM</arg>
<arg>PA</arg>
<arg>PE</arg>
<arg>PF</arg>
<arg>PG</arg>
<arg>PH</arg>
<arg>PK</arg>
<arg>PL</arg>
<arg>PM</arg>
<arg>PN</arg>
<arg>PR</arg>
<arg>PS</arg>
<arg>PT</arg>
<arg>PW</arg>
<arg>PY</arg>
<arg>QA</arg>
<arg>RE</arg>
<arg>RO</arg>
<arg>RS</arg>
<arg>RU</arg>
<arg>RW</arg>
<arg>SA</arg>
<arg>SB</arg>
<arg>SC</arg>
<arg>SD</arg>
<arg>SE</arg>
<arg>SG</arg>
<arg>SH</arg>
<arg>SI</arg>
<arg>SJ</arg>
<arg>SK</arg>
<arg>SL</arg>
<arg>SM</arg>
<arg>SN</arg>
<arg>SO</arg>
<arg>SR</arg>
<arg>SS</arg>
<arg>ST</arg>
<arg>SV</arg>
<arg>SX</arg>
<arg>SY</arg>
<arg>SZ</arg>
<arg>TC</arg>
<arg>TD</arg>
<arg>TF</arg>
<arg>TG</arg>
<arg>TH</arg>
<arg>TJ</arg>
<arg>TK</arg>
<arg>TL</arg>
<arg>TM</arg>
<arg>TN</arg>
<arg>TO</arg>
<arg>TR</arg>
<arg>TT</arg>
<arg>TV</arg>
<arg>TW</arg>
<arg>TZ</arg>
<arg>UA</arg>
<arg>UG</arg>
<arg>UM</arg>
<arg>US</arg>
<arg>UY</arg>
<arg>UZ</arg>
<arg>VA</arg>
<arg>VC</arg>
<arg>VE</arg>
<arg>VG</arg>
<arg>VI</arg>
<arg>VN</arg>
<arg>VU</arg>
<arg>WF</arg>
<arg>WS</arg>
<arg>XK</arg>
<arg>YE</arg>
<arg>YT</arg>
<arg>ZA</arg>
<arg>ZM</arg>
<arg>ZW</arg>
<doc>Returns a list containing given items.</doc>
<status status="PASS" start="2024-03-27T19:11:34.120213" elapsed="0.000626"/>
</kw>
<kw name="List Should Contain Value" owner="Collections">
<msg time="2024-03-27T19:11:34.121952" level="INFO">False</msg>
<arg>${list_country}</arg>
<arg>${name_country}</arg>
<doc>Fails if the ``value`` is not found from ``list``.</doc>
<status status="PASS" start="2024-03-27T19:11:34.121746" elapsed="0.000243"/>
</kw>
<kw name="Run Keyword If" owner="BuiltIn">
<kw name="Should Be True" owner="BuiltIn">
<arg>${True}</arg>
<doc>Fails if the given condition is not true.</doc>
<status status="PASS" start="2024-03-27T19:11:34.123064" elapsed="0.000146"/>
</kw>
<arg>${json_data["results"][0]["location"]["coordinates"]["latitude"]} &gt;= -90 and ${json_data["results"][0]["location"]["coordinates"]["latitude"]} &lt;= 90</arg>
<arg>Should Be True</arg>
<arg>${True}</arg>
<doc>Runs the given keyword with the given arguments, if ``condition`` is true.</doc>
<status status="PASS" start="2024-03-27T19:11:34.122303" elapsed="0.001060"/>
</kw>
<kw name="Run Keyword If" owner="BuiltIn">
<kw name="Should Be True" owner="BuiltIn">
<arg>${True}</arg>
<doc>Fails if the given condition is not true.</doc>
<status status="PASS" start="2024-03-27T19:11:34.124249" elapsed="0.000140"/>
</kw>
<arg>${json_data["results"][0]["location"]["coordinates"]["longitude"]} &gt;= -180 and ${json_data["results"][0]["location"]["coordinates"]["longitude"]} &lt;= 180</arg>
<arg>Should Be True</arg>
<arg>${True}</arg>
<doc>Runs the given keyword with the given arguments, if ``condition`` is true.</doc>
<status status="PASS" start="2024-03-27T19:11:34.123551" elapsed="0.000962"/>
</kw>
<status status="PASS" start="2024-03-27T19:11:34.058553" elapsed="0.066089"/>
</kw>
<doc>Testa o conteúdo específico dos campos retornados pela API.</doc>
<tag>testeConteudo</tag>
<status status="PASS" start="2024-03-27T19:11:34.057979" elapsed="0.066808"/>
</test>
<status status="PASS" start="2024-03-27T19:11:30.662155" elapsed="3.464523"/>
</suite>
<status status="PASS" start="2024-03-27T19:11:30.648402" elapsed="3.483595"/>
</suite>
<statistics>
<total>
<stat pass="5" fail="0" skip="0">All Tests</stat>
</total>
<tag>
<stat pass="1" fail="0" skip="0">testeConteudo</stat>
<stat pass="1" fail="0" skip="0">testeEstruturaResposta</stat>
<stat pass="1" fail="0" skip="0">testeRequisicaoBasica</stat>
<stat pass="1" fail="0" skip="0">testeTiposDados</stat>
</tag>
<suite>
<stat pass="5" fail="0" skip="0" id="s1" name="Tests">Tests</stat>
<stat pass="5" fail="0" skip="0" id="s1-s1" name="Random-User-Test">Tests.Random-User-Test</stat>
</suite>
</statistics>
<errors>
</errors>
</robot>
