<?xml version="1.0" encoding="UTF-8"?>
<robot generator="Robot 7.0 (Python 3.12.3 on linux)" generated="2024-05-23T19:13:46.990081" rpa="false" schemaversion="5">
<suite id="s1" name="Tests" source="/home/runner/work/DesafioQAItauRogerioJordao/DesafioQAItauRogerioJordao/RamdonUser/tests">
<suite id="s1-s1" name="Random-User-Test" source="/home/runner/work/DesafioQAItauRogerioJordao/DesafioQAItauRogerioJordao/RamdonUser/tests/random-user-test.robot">
<test id="s1-s1-t1" name="Conectar" line="13">
<kw name="Conectar API" owner="random-user-service">
<kw name="Create Session" owner="RequestsLibrary">
<msg time="2024-05-23T19:13:47.368816" level="INFO">Creating Session using : alias=consultarAPI, url=https://randomuser.me/, headers={},                     cookies={}, auth=None, timeout=None, proxies=None, verify=False,                     debug=0 </msg>
<arg>consultarAPI</arg>
<arg>${URL}</arg>
<doc>Create Session: create a HTTP session to a server</doc>
<status status="PASS" start="2024-05-23T19:13:47.368584" elapsed="0.000395"/>
</kw>
<status status="PASS" start="2024-05-23T19:13:47.367598" elapsed="0.001712"/>
</kw>
<status status="PASS" start="2024-05-23T19:13:47.367091" elapsed="0.002410"/>
</test>
<test id="s1-s1-t2" name="Validar retorno 200 e JSON Válido" line="16">
<kw name="Teste de Requisicao Basica" owner="random-user-service">
<kw name="GET On Session" owner="RequestsLibrary">
<msg time="2024-05-23T19:13:47.753027" level="INFO">GET Request : url=https://randomuser.me/api 
 path_url=/api 
 headers={'User-Agent': 'python-requests/2.32.2', 'Accept-Encoding': 'gzip, deflate', 'Accept': '*/*', 'Connection': 'keep-alive'} 
 body=None 
 </msg>
<msg time="2024-05-23T19:13:47.753178" level="INFO">GET Response : url=https://randomuser.me/api 
 status=200, reason=OK 
 headers={'Date': 'Thu, 23 May 2024 19:13:47 GMT', 'Content-Type': 'application/json; charset=utf-8', 'Transfer-Encoding': 'chunked', 'Connection': 'keep-alive', 'X-Powered-By': 'Express', 'Access-Control-Allow-Origin': '*', 'Cache-Control': 'no-cache', 'ETag': 'W/"49d-qbMZJfPYz68SeWnAgn8h4la3y9o"', 'Vary': 'Accept-Encoding', 'Content-Encoding': 'gzip', 'CF-Cache-Status': 'DYNAMIC', 'Report-To': '{"endpoints":[{"url":"https:\\/\\/a.nel.cloudflare.com\\/report\\/v4?s=%2B7VQurlB%2BQEwjucOd5WZ9%2Faw%2BYMRR79UKpvixbKPCpGO7u1Lpf3HG1TlCPNmOXGJHeOV%2BgAHDzSsaniqyMdG4f%2BuPdIk9xIcqOVkuDJcyn4776Zsnw9V9y7Mv%2F%2BXKF03"}],"group":"cf-nel","max_age":604800}', 'NEL': '{"success_fraction":0,"report_to":"cf-nel","max_age":604800}', 'Server': 'cloudflare', 'CF-RAY': '88875d7f784661d1-ORD', 'alt-svc': 'h3=":443"; ma=86400'} 
 body={"results":[{"gender":"female","name":{"title":"Mrs","first":"Lauren","last":"Perez"},"location":{"street":{"number":2388,"name":"Station Road"},"city":"Salford","state":"Clwyd","country":"United Kingdom","postcode":"EH9T 6JD","coordinates":{"latitude":"-11.9865","longitude":"172.2767"},"timezone":{"offset":"+4:00","description":"Abu Dhabi, Muscat, Baku, Tbilisi"}},"email":"lauren.perez@example.com","login":{"uuid":"9b793cb2-1998-405f-b18b-d85fc7a4f8d5","username":"silversnake580","password":"lexingky","salt":"JKGcw08f","md5":"96ce21af9848ae9b3c29c61dd8a46382","sha1":"63edd8033e98cbd69e06bc582a32466b19d0523b","sha256":"1ac25174c1b4e22ad01e85f8fb0557be1b170cc60c3f1f1fa6964566ea41c3c3"},"dob":{"date":"1963-09-19T09:18:55.865Z","age":60},"registered":{"date":"2021-08-15T05:17:06.430Z","age":2},"phone":"015396 01057","cell":"07035 275686","id":{"name":"NINO","value":"JL 31 69 20 R"},"picture":{"large":"https://randomuser.me/api/portraits/women/77.jpg","medium":"https://randomuser.me/api/portraits/med/women/77.jpg","thumbnail":"https://randomuser.me/api/portraits/thumb/women/77.jpg"},"nat":"GB"}],"info":{"seed":"60507a01dfdf22d1","results":1,"page":1,"version":"1.4"}} 
 </msg>
<msg time="2024-05-23T19:13:47.753269" level="INFO">/opt/hostedtoolcache/Python/3.12.3/x64/lib/python3.12/site-packages/urllib3/connectionpool.py:1103: InsecureRequestWarning: Unverified HTTPS request is being made to host 'randomuser.me'. Adding certificate verification is strongly advised. See: https://urllib3.readthedocs.io/en/latest/advanced-usage.html#tls-warnings
  warnings.warn(</msg>
<msg time="2024-05-23T19:13:47.753414" level="INFO">${response} = &lt;Response [200]&gt;</msg>
<var>${response}</var>
<arg>consultarAPI</arg>
<arg>/api</arg>
<doc>Sends a GET request on a previously created HTTP Session.</doc>
<status status="PASS" start="2024-05-23T19:13:47.372107" elapsed="0.381363"/>
</kw>
<kw name="Should Be Equal As Numbers" owner="BuiltIn">
<msg time="2024-05-23T19:13:47.754351" level="INFO">Argument types are:
&lt;class 'int'&gt;
&lt;class 'str'&gt;</msg>
<arg>${response.status_code}</arg>
<arg>200</arg>
<doc>Fails if objects are unequal after converting them to real numbers.</doc>
<status status="PASS" start="2024-05-23T19:13:47.753924" elapsed="0.000493"/>
</kw>
<kw name="Log" owner="BuiltIn">
<msg time="2024-05-23T19:13:47.755123" level="INFO">200</msg>
<arg>${response.status_code}</arg>
<doc>Logs the given message with the given level.</doc>
<status status="PASS" start="2024-05-23T19:13:47.754768" elapsed="0.000402"/>
</kw>
<kw name="Set Variable" owner="BuiltIn">
<msg time="2024-05-23T19:13:47.755917" level="INFO">${json_data} = {'results': [{'gender': 'female', 'name': {'title': 'Mrs', 'first': 'Lauren', 'last': 'Perez'}, 'location': {'street': {'number': 2388, 'name': 'Station Road'}, 'city': 'Salford', 'state': 'Clwyd', 'c...</msg>
<var>${json_data}</var>
<arg>${response.json()}</arg>
<doc>Returns the given values which can then be assigned to a variables.</doc>
<status status="PASS" start="2024-05-23T19:13:47.755483" elapsed="0.000462"/>
</kw>
<kw name="Dictionary Should Contain Key" owner="Collections">
<msg time="2024-05-23T19:13:47.756433" level="INFO">False</msg>
<arg>${json_data}</arg>
<arg>results</arg>
<doc>Fails if ``key`` is not found from ``dictionary``.</doc>
<status status="PASS" start="2024-05-23T19:13:47.756255" elapsed="0.000356"/>
</kw>
<status status="PASS" start="2024-05-23T19:13:47.371862" elapsed="0.385049"/>
</kw>
<doc>Testa se a API responde corretamente e retorna um objeto JSON válido.</doc>
<tag>testeRequisicaoBasica</tag>
<status status="PASS" start="2024-05-23T19:13:47.371379" elapsed="0.385711"/>
</test>
<test id="s1-s1-t3" name="Validar estrutura de resposta" line="22">
<kw name="Teste de Estrutura de Resposta" owner="random-user-service">
<kw name="GET On Session" owner="RequestsLibrary">
<msg time="2024-05-23T19:13:47.849048" level="INFO">GET Request : url=https://randomuser.me/api 
 path_url=/api 
 headers={'User-Agent': 'python-requests/2.32.2', 'Accept-Encoding': 'gzip, deflate', 'Accept': '*/*', 'Connection': 'keep-alive'} 
 body=None 
 </msg>
<msg time="2024-05-23T19:13:47.849113" level="INFO">GET Response : url=https://randomuser.me/api 
 status=200, reason=OK 
 headers={'Date': 'Thu, 23 May 2024 19:13:47 GMT', 'Content-Type': 'application/json; charset=utf-8', 'Transfer-Encoding': 'chunked', 'Connection': 'keep-alive', 'X-Powered-By': 'Express', 'Access-Control-Allow-Origin': '*', 'Cache-Control': 'no-cache', 'ETag': 'W/"4a4-BEqfiwr1ywszCo8xZasqDArniE0"', 'Vary': 'Accept-Encoding', 'Content-Encoding': 'gzip', 'CF-Cache-Status': 'DYNAMIC', 'Report-To': '{"endpoints":[{"url":"https:\\/\\/a.nel.cloudflare.com\\/report\\/v4?s=girU1KtHCI6R7fr50RJVO9mThMcDqWs3ao7dnRzSiBmKLPBzzd%2Bq9pOeuLIwUj%2F5nQ4n%2BYPfhVw4fuUPidwPKkszUrjyXbhoiwtSW6ufBedsf7R5YykL5A1zaENclelK"}],"group":"cf-nel","max_age":604800}', 'NEL': '{"success_fraction":0,"report_to":"cf-nel","max_age":604800}', 'Server': 'cloudflare', 'CF-RAY': '88875d818acd61d1-ORD', 'alt-svc': 'h3=":443"; ma=86400'} 
 body={"results":[{"gender":"female","name":{"title":"Madame","first":"Vesna","last":"Lacroix"},"location":{"street":{"number":2693,"name":"Rue Chazière"},"city":"Bargen (Be)","state":"Graubünden","country":"Switzerland","postcode":3566,"coordinates":{"latitude":"-58.2519","longitude":"86.7166"},"timezone":{"offset":"+4:00","description":"Abu Dhabi, Muscat, Baku, Tbilisi"}},"email":"vesna.lacroix@example.com","login":{"uuid":"f79a4706-c862-4522-8f03-f57cdb44b8aa","username":"brownzebra412","password":"444444","salt":"Ixitjlc9","md5":"c38cf3f046a579bdeec0938aec1a49fa","sha1":"e4063872adca526fb98c9c0fd4218e5584da72a7","sha256":"d43c903fb8769c85864560094b6a748db1c45bf17c3fb68d1895c551ca605c04"},"dob":{"date":"1969-09-22T23:52:19.047Z","age":54},"registered":{"date":"2018-05-11T02:16:29.488Z","age":6},"phone":"076 756 66 16","cell":"078 157 24 63","id":{"name":"AVS","value":"756.6412.7208.42"},"picture":{"large":"https://randomuser.me/api/portraits/women/81.jpg","medium":"https://randomuser.me/api/portraits/med/women/81.jpg","thumbnail":"https://randomuser.me/api/portraits/thumb/women/81.jpg"},"nat":"CH"}],"info":{"seed":"03ddad6925664ea1","results":1,"page":1,"version":"1.4"}} 
 </msg>
<msg time="2024-05-23T19:13:47.849205" level="INFO">/opt/hostedtoolcache/Python/3.12.3/x64/lib/python3.12/site-packages/urllib3/connectionpool.py:1103: InsecureRequestWarning: Unverified HTTPS request is being made to host 'randomuser.me'. Adding certificate verification is strongly advised. See: https://urllib3.readthedocs.io/en/latest/advanced-usage.html#tls-warnings
  warnings.warn(</msg>
<msg time="2024-05-23T19:13:47.849315" level="INFO">${response} = &lt;Response [200]&gt;</msg>
<var>${response}</var>
<arg>consultarAPI</arg>
<arg>/api</arg>
<doc>Sends a GET request on a previously created HTTP Session.</doc>
<status status="PASS" start="2024-05-23T19:13:47.759659" elapsed="0.089695"/>
</kw>
<kw name="Set Variable" owner="BuiltIn">
<msg time="2024-05-23T19:13:47.850201" level="INFO">${json_data} = {'results': [{'gender': 'female', 'name': {'title': 'Madame', 'first': 'Vesna', 'last': 'Lacroix'}, 'location': {'street': {'number': 2693, 'name': 'Rue Chazière'}, 'city': 'Bargen (Be)', 'state': 'Gr...</msg>
<var>${json_data}</var>
<arg>${response.json()}</arg>
<doc>Returns the given values which can then be assigned to a variables.</doc>
<status status="PASS" start="2024-05-23T19:13:47.849743" elapsed="0.000488"/>
</kw>
<kw name="Log" owner="BuiltIn">
<msg time="2024-05-23T19:13:47.850698" level="INFO">{'results': [{'gender': 'female', 'name': {'title': 'Madame', 'first': 'Vesna', 'last': 'Lacroix'}, 'location': {'street': {'number': 2693, 'name': 'Rue Chazière'}, 'city': 'Bargen (Be)', 'state': 'Graubünden', 'country': 'Switzerland', 'postcode': 3566, 'coordinates': {'latitude': '-58.2519', 'longitude': '86.7166'}, 'timezone': {'offset': '+4:00', 'description': 'Abu Dhabi, Muscat, Baku, Tbilisi'}}, 'email': 'vesna.lacroix@example.com', 'login': {'uuid': 'f79a4706-c862-4522-8f03-f57cdb44b8aa', 'username': 'brownzebra412', 'password': '444444', 'salt': 'Ixitjlc9', 'md5': 'c38cf3f046a579bdeec0938aec1a49fa', 'sha1': 'e4063872adca526fb98c9c0fd4218e5584da72a7', 'sha256': 'd43c903fb8769c85864560094b6a748db1c45bf17c3fb68d1895c551ca605c04'}, 'dob': {'date': '1969-09-22T23:52:19.047Z', 'age': 54}, 'registered': {'date': '2018-05-11T02:16:29.488Z', 'age': 6}, 'phone': '076 756 66 16', 'cell': '078 157 24 63', 'id': {'name': 'AVS', 'value': '756.6412.7208.42'}, 'picture': {'large': 'https://randomuser.me/api/portraits/women/81.jpg', 'medium': 'https://randomuser.me/api/portraits/med/women/81.jpg', 'thumbnail': 'https://randomuser.me/api/portraits/thumb/women/81.jpg'}, 'nat': 'CH'}], 'info': {'seed': '03ddad6925664ea1', 'results': 1, 'page': 1, 'version': '1.4'}}</msg>
<arg>${json_data}</arg>
<doc>Logs the given message with the given level.</doc>
<status status="PASS" start="2024-05-23T19:13:47.850537" elapsed="0.000222"/>
</kw>
<kw name="Dictionary Should Contain Key" owner="Collections">
<msg time="2024-05-23T19:13:47.851199" level="INFO">False</msg>
<arg>${json_data}</arg>
<arg>results</arg>
<doc>Fails if ``key`` is not found from ``dictionary``.</doc>
<status status="PASS" start="2024-05-23T19:13:47.851050" elapsed="0.000185"/>
</kw>
<kw name="Should Not Be Empty" owner="BuiltIn">
<msg time="2024-05-23T19:13:47.851658" level="INFO">Length is 2.</msg>
<arg>${json_data}</arg>
<doc>Verifies that the given item is not empty.</doc>
<status status="PASS" start="2024-05-23T19:13:47.851529" elapsed="0.000166"/>
</kw>
<kw name="Create List" owner="BuiltIn">
<msg time="2024-05-23T19:13:47.852144" level="INFO">${expected_keys} = ['gender', 'name', 'location', 'email', 'login']</msg>
<var>${expected_keys}</var>
<arg>gender</arg>
<arg>name</arg>
<arg>location</arg>
<arg>email</arg>
<arg>login</arg>
<doc>Returns a list containing given items.</doc>
<status status="PASS" start="2024-05-23T19:13:47.851990" elapsed="0.000179"/>
</kw>
<for flavor="IN">
<iter>
<kw name="Dictionary Should Contain Key" owner="Collections">
<msg time="2024-05-23T19:13:47.853167" level="INFO">False</msg>
<arg>${json_data['results'][0]}</arg>
<arg>${key}</arg>
<doc>Fails if ``key`` is not found from ``dictionary``.</doc>
<status status="PASS" start="2024-05-23T19:13:47.852759" elapsed="0.000451"/>
</kw>
<kw name="Log" owner="BuiltIn">
<msg time="2024-05-23T19:13:47.853885" level="INFO">{'gender': 'female', 'name': {'title': 'Madame', 'first': 'Vesna', 'last': 'Lacroix'}, 'location': {'street': {'number': 2693, 'name': 'Rue Chazière'}, 'city': 'Bargen (Be)', 'state': 'Graubünden', 'country': 'Switzerland', 'postcode': 3566, 'coordinates': {'latitude': '-58.2519', 'longitude': '86.7166'}, 'timezone': {'offset': '+4:00', 'description': 'Abu Dhabi, Muscat, Baku, Tbilisi'}}, 'email': 'vesna.lacroix@example.com', 'login': {'uuid': 'f79a4706-c862-4522-8f03-f57cdb44b8aa', 'username': 'brownzebra412', 'password': '444444', 'salt': 'Ixitjlc9', 'md5': 'c38cf3f046a579bdeec0938aec1a49fa', 'sha1': 'e4063872adca526fb98c9c0fd4218e5584da72a7', 'sha256': 'd43c903fb8769c85864560094b6a748db1c45bf17c3fb68d1895c551ca605c04'}, 'dob': {'date': '1969-09-22T23:52:19.047Z', 'age': 54}, 'registered': {'date': '2018-05-11T02:16:29.488Z', 'age': 6}, 'phone': '076 756 66 16', 'cell': '078 157 24 63', 'id': {'name': 'AVS', 'value': '756.6412.7208.42'}, 'picture': {'large': 'https://randomuser.me/api/portraits/women/81.jpg', 'medium': 'https://randomuser.me/api/portraits/med/women/81.jpg', 'thumbnail': 'https://randomuser.me/api/portraits/thumb/women/81.jpg'}, 'nat': 'CH'}</msg>
<arg>${json_data['results'][0]}</arg>
<doc>Logs the given message with the given level.</doc>
<status status="PASS" start="2024-05-23T19:13:47.853511" elapsed="0.000424"/>
</kw>
<kw name="Log" owner="BuiltIn">
<msg time="2024-05-23T19:13:47.854359" level="INFO">gender</msg>
<arg>${key}</arg>
<doc>Logs the given message with the given level.</doc>
<status status="PASS" start="2024-05-23T19:13:47.854231" elapsed="0.000166"/>
</kw>
<var name="${key}">gender</var>
<status status="PASS" start="2024-05-23T19:13:47.852600" elapsed="0.002014"/>
</iter>
<iter>
<kw name="Dictionary Should Contain Key" owner="Collections">
<msg time="2024-05-23T19:13:47.855299" level="INFO">False</msg>
<arg>${json_data['results'][0]}</arg>
<arg>${key}</arg>
<doc>Fails if ``key`` is not found from ``dictionary``.</doc>
<status status="PASS" start="2024-05-23T19:13:47.854915" elapsed="0.000421"/>
</kw>
<kw name="Log" owner="BuiltIn">
<msg time="2024-05-23T19:13:47.856023" level="INFO">{'gender': 'female', 'name': {'title': 'Madame', 'first': 'Vesna', 'last': 'Lacroix'}, 'location': {'street': {'number': 2693, 'name': 'Rue Chazière'}, 'city': 'Bargen (Be)', 'state': 'Graubünden', 'country': 'Switzerland', 'postcode': 3566, 'coordinates': {'latitude': '-58.2519', 'longitude': '86.7166'}, 'timezone': {'offset': '+4:00', 'description': 'Abu Dhabi, Muscat, Baku, Tbilisi'}}, 'email': 'vesna.lacroix@example.com', 'login': {'uuid': 'f79a4706-c862-4522-8f03-f57cdb44b8aa', 'username': 'brownzebra412', 'password': '444444', 'salt': 'Ixitjlc9', 'md5': 'c38cf3f046a579bdeec0938aec1a49fa', 'sha1': 'e4063872adca526fb98c9c0fd4218e5584da72a7', 'sha256': 'd43c903fb8769c85864560094b6a748db1c45bf17c3fb68d1895c551ca605c04'}, 'dob': {'date': '1969-09-22T23:52:19.047Z', 'age': 54}, 'registered': {'date': '2018-05-11T02:16:29.488Z', 'age': 6}, 'phone': '076 756 66 16', 'cell': '078 157 24 63', 'id': {'name': 'AVS', 'value': '756.6412.7208.42'}, 'picture': {'large': 'https://randomuser.me/api/portraits/women/81.jpg', 'medium': 'https://randomuser.me/api/portraits/med/women/81.jpg', 'thumbnail': 'https://randomuser.me/api/portraits/thumb/women/81.jpg'}, 'nat': 'CH'}</msg>
<arg>${json_data['results'][0]}</arg>
<doc>Logs the given message with the given level.</doc>
<status status="PASS" start="2024-05-23T19:13:47.855660" elapsed="0.000422"/>
</kw>
<kw name="Log" owner="BuiltIn">
<msg time="2024-05-23T19:13:47.856509" level="INFO">name</msg>
<arg>${key}</arg>
<doc>Logs the given message with the given level.</doc>
<status status="PASS" start="2024-05-23T19:13:47.856383" elapsed="0.000163"/>
</kw>
<var name="${key}">name</var>
<status status="PASS" start="2024-05-23T19:13:47.854800" elapsed="0.001997"/>
</iter>
<iter>
<kw name="Dictionary Should Contain Key" owner="Collections">
<msg time="2024-05-23T19:13:47.857467" level="INFO">False</msg>
<arg>${json_data['results'][0]}</arg>
<arg>${key}</arg>
<doc>Fails if ``key`` is not found from ``dictionary``.</doc>
<status status="PASS" start="2024-05-23T19:13:47.857086" elapsed="0.000419"/>
</kw>
<kw name="Log" owner="BuiltIn">
<msg time="2024-05-23T19:13:47.858166" level="INFO">{'gender': 'female', 'name': {'title': 'Madame', 'first': 'Vesna', 'last': 'Lacroix'}, 'location': {'street': {'number': 2693, 'name': 'Rue Chazière'}, 'city': 'Bargen (Be)', 'state': 'Graubünden', 'country': 'Switzerland', 'postcode': 3566, 'coordinates': {'latitude': '-58.2519', 'longitude': '86.7166'}, 'timezone': {'offset': '+4:00', 'description': 'Abu Dhabi, Muscat, Baku, Tbilisi'}}, 'email': 'vesna.lacroix@example.com', 'login': {'uuid': 'f79a4706-c862-4522-8f03-f57cdb44b8aa', 'username': 'brownzebra412', 'password': '444444', 'salt': 'Ixitjlc9', 'md5': 'c38cf3f046a579bdeec0938aec1a49fa', 'sha1': 'e4063872adca526fb98c9c0fd4218e5584da72a7', 'sha256': 'd43c903fb8769c85864560094b6a748db1c45bf17c3fb68d1895c551ca605c04'}, 'dob': {'date': '1969-09-22T23:52:19.047Z', 'age': 54}, 'registered': {'date': '2018-05-11T02:16:29.488Z', 'age': 6}, 'phone': '076 756 66 16', 'cell': '078 157 24 63', 'id': {'name': 'AVS', 'value': '756.6412.7208.42'}, 'picture': {'large': 'https://randomuser.me/api/portraits/women/81.jpg', 'medium': 'https://randomuser.me/api/portraits/med/women/81.jpg', 'thumbnail': 'https://randomuser.me/api/portraits/thumb/women/81.jpg'}, 'nat': 'CH'}</msg>
<arg>${json_data['results'][0]}</arg>
<doc>Logs the given message with the given level.</doc>
<status status="PASS" start="2024-05-23T19:13:47.857798" elapsed="0.000427"/>
</kw>
<kw name="Log" owner="BuiltIn">
<msg time="2024-05-23T19:13:47.858647" level="INFO">location</msg>
<arg>${key}</arg>
<doc>Logs the given message with the given level.</doc>
<status status="PASS" start="2024-05-23T19:13:47.858522" elapsed="0.000162"/>
</kw>
<var name="${key}">location</var>
<status status="PASS" start="2024-05-23T19:13:47.856972" elapsed="0.001930"/>
</iter>
<iter>
<kw name="Dictionary Should Contain Key" owner="Collections">
<msg time="2024-05-23T19:13:47.859675" level="INFO">False</msg>
<arg>${json_data['results'][0]}</arg>
<arg>${key}</arg>
<doc>Fails if ``key`` is not found from ``dictionary``.</doc>
<status status="PASS" start="2024-05-23T19:13:47.859184" elapsed="0.000532"/>
</kw>
<kw name="Log" owner="BuiltIn">
<msg time="2024-05-23T19:13:47.860380" level="INFO">{'gender': 'female', 'name': {'title': 'Madame', 'first': 'Vesna', 'last': 'Lacroix'}, 'location': {'street': {'number': 2693, 'name': 'Rue Chazière'}, 'city': 'Bargen (Be)', 'state': 'Graubünden', 'country': 'Switzerland', 'postcode': 3566, 'coordinates': {'latitude': '-58.2519', 'longitude': '86.7166'}, 'timezone': {'offset': '+4:00', 'description': 'Abu Dhabi, Muscat, Baku, Tbilisi'}}, 'email': 'vesna.lacroix@example.com', 'login': {'uuid': 'f79a4706-c862-4522-8f03-f57cdb44b8aa', 'username': 'brownzebra412', 'password': '444444', 'salt': 'Ixitjlc9', 'md5': 'c38cf3f046a579bdeec0938aec1a49fa', 'sha1': 'e4063872adca526fb98c9c0fd4218e5584da72a7', 'sha256': 'd43c903fb8769c85864560094b6a748db1c45bf17c3fb68d1895c551ca605c04'}, 'dob': {'date': '1969-09-22T23:52:19.047Z', 'age': 54}, 'registered': {'date': '2018-05-11T02:16:29.488Z', 'age': 6}, 'phone': '076 756 66 16', 'cell': '078 157 24 63', 'id': {'name': 'AVS', 'value': '756.6412.7208.42'}, 'picture': {'large': 'https://randomuser.me/api/portraits/women/81.jpg', 'medium': 'https://randomuser.me/api/portraits/med/women/81.jpg', 'thumbnail': 'https://randomuser.me/api/portraits/thumb/women/81.jpg'}, 'nat': 'CH'}</msg>
<arg>${json_data['results'][0]}</arg>
<doc>Logs the given message with the given level.</doc>
<status status="PASS" start="2024-05-23T19:13:47.860017" elapsed="0.000412"/>
</kw>
<kw name="Log" owner="BuiltIn">
<msg time="2024-05-23T19:13:47.860885" level="INFO">email</msg>
<arg>${key}</arg>
<doc>Logs the given message with the given level.</doc>
<status status="PASS" start="2024-05-23T19:13:47.860754" elapsed="0.000169"/>
</kw>
<var name="${key}">email</var>
<status status="PASS" start="2024-05-23T19:13:47.859072" elapsed="0.002067"/>
</iter>
<iter>
<kw name="Dictionary Should Contain Key" owner="Collections">
<msg time="2024-05-23T19:13:47.861798" level="INFO">False</msg>
<arg>${json_data['results'][0]}</arg>
<arg>${key}</arg>
<doc>Fails if ``key`` is not found from ``dictionary``.</doc>
<status status="PASS" start="2024-05-23T19:13:47.861420" elapsed="0.000415"/>
</kw>
<kw name="Log" owner="BuiltIn">
<msg time="2024-05-23T19:13:47.862504" level="INFO">{'gender': 'female', 'name': {'title': 'Madame', 'first': 'Vesna', 'last': 'Lacroix'}, 'location': {'street': {'number': 2693, 'name': 'Rue Chazière'}, 'city': 'Bargen (Be)', 'state': 'Graubünden', 'country': 'Switzerland', 'postcode': 3566, 'coordinates': {'latitude': '-58.2519', 'longitude': '86.7166'}, 'timezone': {'offset': '+4:00', 'description': 'Abu Dhabi, Muscat, Baku, Tbilisi'}}, 'email': 'vesna.lacroix@example.com', 'login': {'uuid': 'f79a4706-c862-4522-8f03-f57cdb44b8aa', 'username': 'brownzebra412', 'password': '444444', 'salt': 'Ixitjlc9', 'md5': 'c38cf3f046a579bdeec0938aec1a49fa', 'sha1': 'e4063872adca526fb98c9c0fd4218e5584da72a7', 'sha256': 'd43c903fb8769c85864560094b6a748db1c45bf17c3fb68d1895c551ca605c04'}, 'dob': {'date': '1969-09-22T23:52:19.047Z', 'age': 54}, 'registered': {'date': '2018-05-11T02:16:29.488Z', 'age': 6}, 'phone': '076 756 66 16', 'cell': '078 157 24 63', 'id': {'name': 'AVS', 'value': '756.6412.7208.42'}, 'picture': {'large': 'https://randomuser.me/api/portraits/women/81.jpg', 'medium': 'https://randomuser.me/api/portraits/med/women/81.jpg', 'thumbnail': 'https://randomuser.me/api/portraits/thumb/women/81.jpg'}, 'nat': 'CH'}</msg>
<arg>${json_data['results'][0]}</arg>
<doc>Logs the given message with the given level.</doc>
<status status="PASS" start="2024-05-23T19:13:47.862134" elapsed="0.000429"/>
</kw>
<kw name="Log" owner="BuiltIn">
<msg time="2024-05-23T19:13:47.862984" level="INFO">login</msg>
<arg>${key}</arg>
<doc>Logs the given message with the given level.</doc>
<status status="PASS" start="2024-05-23T19:13:47.862858" elapsed="0.000195"/>
</kw>
<var name="${key}">login</var>
<status status="PASS" start="2024-05-23T19:13:47.861310" elapsed="0.001962"/>
</iter>
<var>${key}</var>
<value>@{expected_keys}</value>
<status status="PASS" start="2024-05-23T19:13:47.852422" elapsed="0.010972"/>
</for>
<kw name="Create List" owner="BuiltIn">
<msg time="2024-05-23T19:13:47.863723" level="INFO">${expected_keysTwo} = ['username', 'password']</msg>
<var>${expected_keysTwo}</var>
<arg>username</arg>
<arg>password</arg>
<doc>Returns a list containing given items.</doc>
<status status="PASS" start="2024-05-23T19:13:47.863587" elapsed="0.000159"/>
</kw>
<for flavor="IN">
<iter>
<kw name="Dictionary Should Contain Key" owner="Collections">
<msg time="2024-05-23T19:13:47.864665" level="INFO">False</msg>
<arg>${json_data['results'][0]['login']}</arg>
<arg>${keyTwo}</arg>
<doc>Fails if ``key`` is not found from ``dictionary``.</doc>
<status status="PASS" start="2024-05-23T19:13:47.864242" elapsed="0.000470"/>
</kw>
<kw name="Dictionary Should Contain Key" owner="Collections">
<msg time="2024-05-23T19:13:47.865395" level="INFO">False</msg>
<arg>${json_data['results'][0]['login']}</arg>
<arg>${keyTwo}</arg>
<doc>Fails if ``key`` is not found from ``dictionary``.</doc>
<status status="PASS" start="2024-05-23T19:13:47.865014" elapsed="0.000419"/>
</kw>
<kw name="Log" owner="BuiltIn">
<msg time="2024-05-23T19:13:47.865860" level="INFO">username</msg>
<arg>${keyTwo}</arg>
<doc>Logs the given message with the given level.</doc>
<status status="PASS" start="2024-05-23T19:13:47.865730" elapsed="0.000167"/>
</kw>
<var name="${keyTwo}">username</var>
<status status="PASS" start="2024-05-23T19:13:47.864133" elapsed="0.001980"/>
</iter>
<iter>
<kw name="Dictionary Should Contain Key" owner="Collections">
<msg time="2024-05-23T19:13:47.866782" level="INFO">False</msg>
<arg>${json_data['results'][0]['login']}</arg>
<arg>${keyTwo}</arg>
<doc>Fails if ``key`` is not found from ``dictionary``.</doc>
<status status="PASS" start="2024-05-23T19:13:47.866394" elapsed="0.000425"/>
</kw>
<kw name="Dictionary Should Contain Key" owner="Collections">
<msg time="2024-05-23T19:13:47.867486" level="INFO">False</msg>
<arg>${json_data['results'][0]['login']}</arg>
<arg>${keyTwo}</arg>
<doc>Fails if ``key`` is not found from ``dictionary``.</doc>
<status status="PASS" start="2024-05-23T19:13:47.867112" elapsed="0.000411"/>
</kw>
<kw name="Log" owner="BuiltIn">
<msg time="2024-05-23T19:13:47.867940" level="INFO">password</msg>
<arg>${keyTwo}</arg>
<doc>Logs the given message with the given level.</doc>
<status status="PASS" start="2024-05-23T19:13:47.867813" elapsed="0.000164"/>
</kw>
<var name="${keyTwo}">password</var>
<status status="PASS" start="2024-05-23T19:13:47.866284" elapsed="0.001909"/>
</iter>
<var>${keyTwo}</var>
<value>@{expected_keysTwo}</value>
<status status="PASS" start="2024-05-23T19:13:47.863981" elapsed="0.004333"/>
</for>
<status status="PASS" start="2024-05-23T19:13:47.759417" elapsed="0.109034"/>
</kw>
<doc>Testa a estrutura da resposta da API.</doc>
<tag>testeEstruturaResposta</tag>
<status status="PASS" start="2024-05-23T19:13:47.758908" elapsed="0.109688"/>
</test>
<test id="s1-s1-t4" name="Validar tipos de dados" line="28">
<kw name="Teste de Tipos de Dados" owner="random-user-service">
<kw name="GET On Session" owner="RequestsLibrary">
<msg time="2024-05-23T19:13:47.919648" level="INFO">GET Request : url=https://randomuser.me/api 
 path_url=/api 
 headers={'User-Agent': 'python-requests/2.32.2', 'Accept-Encoding': 'gzip, deflate', 'Accept': '*/*', 'Connection': 'keep-alive'} 
 body=None 
 </msg>
<msg time="2024-05-23T19:13:47.919732" level="INFO">GET Response : url=https://randomuser.me/api 
 status=200, reason=OK 
 headers={'Date': 'Thu, 23 May 2024 19:13:47 GMT', 'Content-Type': 'application/json; charset=utf-8', 'Transfer-Encoding': 'chunked', 'Connection': 'keep-alive', 'X-Powered-By': 'Express', 'Access-Control-Allow-Origin': '*', 'Cache-Control': 'no-cache', 'ETag': 'W/"486-sRmTcJMcGYiNVEx5W9j6gLx8zuY"', 'Vary': 'Accept-Encoding', 'Content-Encoding': 'gzip', 'CF-Cache-Status': 'DYNAMIC', 'Report-To': '{"endpoints":[{"url":"https:\\/\\/a.nel.cloudflare.com\\/report\\/v4?s=fQlOlNaaf3KfU6Z1jHIXDjO3SUbaMODG%2Fv2NYbk5T841JzgeIo6MTt%2BVLX%2BogS5N5VCFblRz9WjEG5K82JVyeR5RCl1XmGLLrjrkU54X5i74%2B%2BOwzgEJYr%2FdiD0ajFIf"}],"group":"cf-nel","max_age":604800}', 'NEL': '{"success_fraction":0,"report_to":"cf-nel","max_age":604800}', 'Server': 'cloudflare', 'CF-RAY': '88875d823bac61d1-ORD', 'alt-svc': 'h3=":443"; ma=86400'} 
 body={"results":[{"gender":"male","name":{"title":"Mr","first":"Enis","last":"Kager"},"location":{"street":{"number":3769,"name":"Dijk"},"city":"Nunhem","state":"Friesland","country":"Netherlands","postcode":"9952 TI","coordinates":{"latitude":"38.4323","longitude":"-135.8061"},"timezone":{"offset":"+8:00","description":"Beijing, Perth, Singapore, Hong Kong"}},"email":"enis.kager@example.com","login":{"uuid":"45d66939-639f-4283-96f2-b27e29668ee6","username":"yellowcat744","password":"hellyeah","salt":"yoJ8iFn1","md5":"137235986d9887fec68beceaa170e154","sha1":"23565d10b17777f15e2308fff6be7b84d9aaf668","sha256":"8fec7e7eacd75b654ad787e9455cb30c70f434c09be4ccadd516c1f2f0dfb7e8"},"dob":{"date":"1955-01-10T00:24:51.293Z","age":69},"registered":{"date":"2011-06-06T01:32:29.821Z","age":12},"phone":"(0702) 011430","cell":"(06) 25876693","id":{"name":"BSN","value":"91260008"},"picture":{"large":"https://randomuser.me/api/portraits/men/89.jpg","medium":"https://randomuser.me/api/portraits/med/men/89.jpg","thumbnail":"https://randomuser.me/api/portraits/thumb/men/89.jpg"},"nat":"NL"}],"info":{"seed":"0c0d75773980bc3c","results":1,"page":1,"version":"1.4"}} 
 </msg>
<msg time="2024-05-23T19:13:47.919804" level="INFO">/opt/hostedtoolcache/Python/3.12.3/x64/lib/python3.12/site-packages/urllib3/connectionpool.py:1103: InsecureRequestWarning: Unverified HTTPS request is being made to host 'randomuser.me'. Adding certificate verification is strongly advised. See: https://urllib3.readthedocs.io/en/latest/advanced-usage.html#tls-warnings
  warnings.warn(</msg>
<msg time="2024-05-23T19:13:47.919925" level="INFO">${response} = &lt;Response [200]&gt;</msg>
<var>${response}</var>
<arg>consultarAPI</arg>
<arg>/api</arg>
<doc>Sends a GET request on a previously created HTTP Session.</doc>
<status status="PASS" start="2024-05-23T19:13:47.871050" elapsed="0.048913"/>
</kw>
<kw name="Set Variable" owner="BuiltIn">
<msg time="2024-05-23T19:13:47.920809" level="INFO">${json_data} = {'results': [{'gender': 'male', 'name': {'title': 'Mr', 'first': 'Enis', 'last': 'Kager'}, 'location': {'street': {'number': 3769, 'name': 'Dijk'}, 'city': 'Nunhem', 'state': 'Friesland', 'country': '...</msg>
<var>${json_data}</var>
<arg>${response.json()}</arg>
<doc>Returns the given values which can then be assigned to a variables.</doc>
<status status="PASS" start="2024-05-23T19:13:47.920334" elapsed="0.000503"/>
</kw>
<kw name="Log" owner="BuiltIn">
<msg time="2024-05-23T19:13:47.921306" level="INFO">{'results': [{'gender': 'male', 'name': {'title': 'Mr', 'first': 'Enis', 'last': 'Kager'}, 'location': {'street': {'number': 3769, 'name': 'Dijk'}, 'city': 'Nunhem', 'state': 'Friesland', 'country': 'Netherlands', 'postcode': '9952 TI', 'coordinates': {'latitude': '38.4323', 'longitude': '-135.8061'}, 'timezone': {'offset': '+8:00', 'description': 'Beijing, Perth, Singapore, Hong Kong'}}, 'email': 'enis.kager@example.com', 'login': {'uuid': '45d66939-639f-4283-96f2-b27e29668ee6', 'username': 'yellowcat744', 'password': 'hellyeah', 'salt': 'yoJ8iFn1', 'md5': '137235986d9887fec68beceaa170e154', 'sha1': '23565d10b17777f15e2308fff6be7b84d9aaf668', 'sha256': '8fec7e7eacd75b654ad787e9455cb30c70f434c09be4ccadd516c1f2f0dfb7e8'}, 'dob': {'date': '1955-01-10T00:24:51.293Z', 'age': 69}, 'registered': {'date': '2011-06-06T01:32:29.821Z', 'age': 12}, 'phone': '(0702) 011430', 'cell': '(06) 25876693', 'id': {'name': 'BSN', 'value': '91260008'}, 'picture': {'large': 'https://randomuser.me/api/portraits/men/89.jpg', 'medium': 'https://randomuser.me/api/portraits/med/men/89.jpg', 'thumbnail': 'https://randomuser.me/api/portraits/thumb/men/89.jpg'}, 'nat': 'NL'}], 'info': {'seed': '0c0d75773980bc3c', 'results': 1, 'page': 1, 'version': '1.4'}}</msg>
<arg>${json_data}</arg>
<doc>Logs the given message with the given level.</doc>
<status status="PASS" start="2024-05-23T19:13:47.921149" elapsed="0.000238"/>
</kw>
<kw name="Should Be String" owner="String">
<arg>${json_data['results'][0]['gender']}</arg>
<doc>Fails if the given ``item`` is not a string.</doc>
<status status="PASS" start="2024-05-23T19:13:47.921692" elapsed="0.000372"/>
</kw>
<kw name="Should Match Regexp" owner="BuiltIn">
<arg>${json_data['results'][0]['email']}</arg>
<arg>^[a-zA-Z0-9._%+-]+@[a-zA-Z0-9.-]+\.[a-zA-Z]{2,}$</arg>
<doc>Fails if ``string`` does not match ``pattern`` as a regular expression.</doc>
<status status="PASS" start="2024-05-23T19:13:47.922259" elapsed="0.000629"/>
</kw>
<kw name="Should Match Regexp" owner="BuiltIn">
<arg>${json_data['results'][0]['dob']['date']}</arg>
<arg>\\d{4}-\\d{2}-\\d{2}T\\d{2}:\\d{2}:\\d{2}\\.\\d{3}Z</arg>
<doc>Fails if ``string`` does not match ``pattern`` as a regular expression.</doc>
<status status="PASS" start="2024-05-23T19:13:47.923092" elapsed="0.000492"/>
</kw>
<kw name="Should Match Regexp" owner="BuiltIn">
<arg>${json_data['results'][0]['registered']['date']}</arg>
<arg>\\d{4}-\\d{2}-\\d{2}T\\d{2}:\\d{2}:\\d{2}\\.\\d{3}Z</arg>
<doc>Fails if ``string`` does not match ``pattern`` as a regular expression.</doc>
<status status="PASS" start="2024-05-23T19:13:47.923780" elapsed="0.000379"/>
</kw>
<kw name="Should Match Regexp" owner="BuiltIn">
<arg>${json_data['results'][0]['picture']['large']}</arg>
<arg>^https?://.*\.(?:png|jpe?g|gif|bmp)$</arg>
<doc>Fails if ``string`` does not match ``pattern`` as a regular expression.</doc>
<status status="PASS" start="2024-05-23T19:13:47.924351" elapsed="0.000505"/>
</kw>
<kw name="Should Match Regexp" owner="BuiltIn">
<arg>${json_data['results'][0]['picture']['medium']}</arg>
<arg>^https?://.*\.(?:png|jpe?g|gif|bmp)$</arg>
<doc>Fails if ``string`` does not match ``pattern`` as a regular expression.</doc>
<status status="PASS" start="2024-05-23T19:13:47.925055" elapsed="0.000365"/>
</kw>
<kw name="Should Match Regexp" owner="BuiltIn">
<arg>${json_data['results'][0]['picture']['thumbnail']}</arg>
<arg>^https?://.*\.(?:png|jpe?g|gif|bmp)$</arg>
<doc>Fails if ``string`` does not match ``pattern`` as a regular expression.</doc>
<status status="PASS" start="2024-05-23T19:13:47.925612" elapsed="0.000353"/>
</kw>
<kw name="Log" owner="BuiltIn">
<msg time="2024-05-23T19:13:47.926475" level="INFO">{'large': 'https://randomuser.me/api/portraits/men/89.jpg', 'medium': 'https://randomuser.me/api/portraits/med/men/89.jpg', 'thumbnail': 'https://randomuser.me/api/portraits/thumb/men/89.jpg'}</msg>
<arg>${json_data['results'][0]['picture']}</arg>
<doc>Logs the given message with the given level.</doc>
<status status="PASS" start="2024-05-23T19:13:47.926150" elapsed="0.000366"/>
</kw>
<status status="PASS" start="2024-05-23T19:13:47.870820" elapsed="0.055951"/>
</kw>
<kw name="Teste de Tipos de Dados - Postcode" owner="random-user-service">
<kw name="GET On Session" owner="RequestsLibrary">
<msg time="2024-05-23T19:13:48.013196" level="INFO">GET Request : url=https://randomuser.me/api 
 path_url=/api 
 headers={'User-Agent': 'python-requests/2.32.2', 'Accept-Encoding': 'gzip, deflate', 'Accept': '*/*', 'Connection': 'keep-alive'} 
 body=None 
 </msg>
<msg time="2024-05-23T19:13:48.013279" level="INFO">GET Response : url=https://randomuser.me/api 
 status=200, reason=OK 
 headers={'Date': 'Thu, 23 May 2024 19:13:48 GMT', 'Content-Type': 'application/json; charset=utf-8', 'Transfer-Encoding': 'chunked', 'Connection': 'keep-alive', 'X-Powered-By': 'Express', 'Access-Control-Allow-Origin': '*', 'Cache-Control': 'no-cache', 'ETag': 'W/"492-dBk9eYQNJV+onIHhjjvC2bFDJAk"', 'Vary': 'Accept-Encoding', 'Content-Encoding': 'gzip', 'CF-Cache-Status': 'DYNAMIC', 'Report-To': '{"endpoints":[{"url":"https:\\/\\/a.nel.cloudflare.com\\/report\\/v4?s=%2FvCbmLAMvfhQuaz%2BfURuF96ppAhXTzzi6xUa0fPm1BJiUSiJ8m2JVzCUTgx%2BBEoJ7NP%2FYk1JXxHv1gbdqFGDq9wstQCnWvLorLkoAg%2FmGZ%2FBhsKAzgQD8i7FCPiqmbvF"}],"group":"cf-nel","max_age":604800}', 'NEL': '{"success_fraction":0,"report_to":"cf-nel","max_age":604800}', 'Server': 'cloudflare', 'CF-RAY': '88875d829c2261d1-ORD', 'alt-svc': 'h3=":443"; ma=86400'} 
 body={"results":[{"gender":"male","name":{"title":"Monsieur","first":"Sandro","last":"Faure"},"location":{"street":{"number":3986,"name":"Rue de la Baleine"},"city":"Sumiswald","state":"Luzern","country":"Switzerland","postcode":4083,"coordinates":{"latitude":"-57.3629","longitude":"-140.8049"},"timezone":{"offset":"+7:00","description":"Bangkok, Hanoi, Jakarta"}},"email":"sandro.faure@example.com","login":{"uuid":"d4d69d7c-d5d6-412c-afb7-a4395b2a1560","username":"sadladybug698","password":"white","salt":"1w3yekX4","md5":"f6e120166c995a8d4612b968fe8b8418","sha1":"837a4e73775c4aa8066a0dd6794c5a34e21cdc6d","sha256":"99e3b82ce61f046c673d2f2cd1c2cacefbbb93bf3fc8a279ed8f09ebe7fd100b"},"dob":{"date":"1960-09-28T14:13:58.661Z","age":63},"registered":{"date":"2006-05-24T09:39:34.322Z","age":17},"phone":"078 161 33 03","cell":"078 135 65 50","id":{"name":"AVS","value":"756.6142.9379.67"},"picture":{"large":"https://randomuser.me/api/portraits/men/60.jpg","medium":"https://randomuser.me/api/portraits/med/men/60.jpg","thumbnail":"https://randomuser.me/api/portraits/thumb/men/60.jpg"},"nat":"CH"}],"info":{"seed":"3c54b36db229fbac","results":1,"page":1,"version":"1.4"}} 
 </msg>
<msg time="2024-05-23T19:13:48.013349" level="INFO">/opt/hostedtoolcache/Python/3.12.3/x64/lib/python3.12/site-packages/urllib3/connectionpool.py:1103: InsecureRequestWarning: Unverified HTTPS request is being made to host 'randomuser.me'. Adding certificate verification is strongly advised. See: https://urllib3.readthedocs.io/en/latest/advanced-usage.html#tls-warnings
  warnings.warn(</msg>
<msg time="2024-05-23T19:13:48.013487" level="INFO">${response} = &lt;Response [200]&gt;</msg>
<var>${response}</var>
<arg>consultarAPI</arg>
<arg>/api</arg>
<doc>Sends a GET request on a previously created HTTP Session.</doc>
<status status="PASS" start="2024-05-23T19:13:47.927201" elapsed="0.086340"/>
</kw>
<kw name="Set Variable" owner="BuiltIn">
<msg time="2024-05-23T19:13:48.014465" level="INFO">${json_data} = {'results': [{'gender': 'male', 'name': {'title': 'Monsieur', 'first': 'Sandro', 'last': 'Faure'}, 'location': {'street': {'number': 3986, 'name': 'Rue de la Baleine'}, 'city': 'Sumiswald', 'state': '...</msg>
<var>${json_data}</var>
<arg>${response.json()}</arg>
<doc>Returns the given values which can then be assigned to a variables.</doc>
<status status="PASS" start="2024-05-23T19:13:48.014025" elapsed="0.000467"/>
</kw>
<kw name="Log" owner="BuiltIn">
<msg time="2024-05-23T19:13:48.014954" level="INFO">{'results': [{'gender': 'male', 'name': {'title': 'Monsieur', 'first': 'Sandro', 'last': 'Faure'}, 'location': {'street': {'number': 3986, 'name': 'Rue de la Baleine'}, 'city': 'Sumiswald', 'state': 'Luzern', 'country': 'Switzerland', 'postcode': 4083, 'coordinates': {'latitude': '-57.3629', 'longitude': '-140.8049'}, 'timezone': {'offset': '+7:00', 'description': 'Bangkok, Hanoi, Jakarta'}}, 'email': 'sandro.faure@example.com', 'login': {'uuid': 'd4d69d7c-d5d6-412c-afb7-a4395b2a1560', 'username': 'sadladybug698', 'password': 'white', 'salt': '1w3yekX4', 'md5': 'f6e120166c995a8d4612b968fe8b8418', 'sha1': '837a4e73775c4aa8066a0dd6794c5a34e21cdc6d', 'sha256': '99e3b82ce61f046c673d2f2cd1c2cacefbbb93bf3fc8a279ed8f09ebe7fd100b'}, 'dob': {'date': '1960-09-28T14:13:58.661Z', 'age': 63}, 'registered': {'date': '2006-05-24T09:39:34.322Z', 'age': 17}, 'phone': '078 161 33 03', 'cell': '078 135 65 50', 'id': {'name': 'AVS', 'value': '756.6142.9379.67'}, 'picture': {'large': 'https://randomuser.me/api/portraits/men/60.jpg', 'medium': 'https://randomuser.me/api/portraits/med/men/60.jpg', 'thumbnail': 'https://randomuser.me/api/portraits/thumb/men/60.jpg'}, 'nat': 'CH'}], 'info': {'seed': '3c54b36db229fbac', 'results': 1, 'page': 1, 'version': '1.4'}}</msg>
<arg>${json_data}</arg>
<doc>Logs the given message with the given level.</doc>
<status status="PASS" start="2024-05-23T19:13:48.014800" elapsed="0.000232"/>
</kw>
<kw name="Should Be Equal As Numbers" owner="BuiltIn">
<arg>${json_data['results'][0]['location']['postcode']}</arg>
<arg>${json_data['results'][0]['location']['postcode']}</arg>
<doc>Fails if objects are unequal after converting them to real numbers.</doc>
<status status="PASS" start="2024-05-23T19:13:48.015330" elapsed="0.000627"/>
</kw>
<kw name="Log" owner="BuiltIn">
<msg time="2024-05-23T19:13:48.016495" level="INFO">4083</msg>
<arg>${json_data['results'][0]['location']['postcode']}</arg>
<doc>Logs the given message with the given level.</doc>
<status status="PASS" start="2024-05-23T19:13:48.016151" elapsed="0.000384"/>
</kw>
<status status="PASS" start="2024-05-23T19:13:47.926983" elapsed="0.089840"/>
</kw>
<doc>Testa se os tipos de dados na resposta da API estão corretos.</doc>
<tag>testeTiposDados</tag>
<status status="PASS" start="2024-05-23T19:13:47.870397" elapsed="0.146584"/>
</test>
<test id="s1-s1-t5" name="Validar conteudo" line="35">
<kw name="Teste de Tipos de Conteudo" owner="random-user-service">
<kw name="GET On Session" owner="RequestsLibrary">
<msg time="2024-05-23T19:13:48.138921" level="INFO">GET Request : url=https://randomuser.me/api 
 path_url=/api 
 headers={'User-Agent': 'python-requests/2.32.2', 'Accept-Encoding': 'gzip, deflate', 'Accept': '*/*', 'Connection': 'keep-alive'} 
 body=None 
 </msg>
<msg time="2024-05-23T19:13:48.139005" level="INFO">GET Response : url=https://randomuser.me/api 
 status=200, reason=OK 
 headers={'Date': 'Thu, 23 May 2024 19:13:48 GMT', 'Content-Type': 'application/json; charset=utf-8', 'Transfer-Encoding': 'chunked', 'Connection': 'keep-alive', 'X-Powered-By': 'Express', 'Access-Control-Allow-Origin': '*', 'Cache-Control': 'no-cache', 'ETag': 'W/"484-TE3Jb+nba2g2e98+jAdwaBTT1kQ"', 'Vary': 'Accept-Encoding', 'Content-Encoding': 'gzip', 'CF-Cache-Status': 'DYNAMIC', 'Report-To': '{"endpoints":[{"url":"https:\\/\\/a.nel.cloudflare.com\\/report\\/v4?s=di2tJ%2Bki7Sfpq21CiUm9W7yQUcOdPbLe9L4yfN4%2BxC%2B7qnK028wlItBFPoaVwukEd1X3MZEQTPETzTz98LE4ub06zZF29AFNeVfsvh9DAhep8OzhFLuP21nx4TgUHbx%2B"}],"group":"cf-nel","max_age":604800}', 'NEL': '{"success_fraction":0,"report_to":"cf-nel","max_age":604800}', 'Server': 'cloudflare', 'CF-RAY': '88875d832cf761d1-ORD', 'alt-svc': 'h3=":443"; ma=86400'} 
 body={"results":[{"gender":"male","name":{"title":"Mr","first":"Narsélio","last":"Oliveira"},"location":{"street":{"number":1432,"name":"Rua Minas Gerais "},"city":"Sabará","state":"Santa Catarina","country":"Brazil","postcode":24438,"coordinates":{"latitude":"-80.8612","longitude":"-14.7850"},"timezone":{"offset":"+3:30","description":"Tehran"}},"email":"narselio.oliveira@example.com","login":{"uuid":"bb926cd2-36e3-4e7c-9cb7-84bbf10624c6","username":"sadkoala596","password":"rocks","salt":"oz5m6CXK","md5":"ae30fe34487219390f9f7adf6aa98e7d","sha1":"76d38698aec6f9fc752ccd44772bc09b27d0d4e5","sha256":"d4399e6ae08f1e4ce330e095d494eb609c6bcd57fa0492e7caf1696a7430e184"},"dob":{"date":"1961-10-21T21:44:49.188Z","age":62},"registered":{"date":"2016-02-28T22:10:07.984Z","age":8},"phone":"(90) 0412-8387","cell":"(51) 0316-7484","id":{"name":"CPF","value":"366.870.306-71"},"picture":{"large":"https://randomuser.me/api/portraits/men/72.jpg","medium":"https://randomuser.me/api/portraits/med/men/72.jpg","thumbnail":"https://randomuser.me/api/portraits/thumb/men/72.jpg"},"nat":"BR"}],"info":{"seed":"39f099b83b007d3c","results":1,"page":1,"version":"1.4"}} 
 </msg>
<msg time="2024-05-23T19:13:48.139078" level="INFO">/opt/hostedtoolcache/Python/3.12.3/x64/lib/python3.12/site-packages/urllib3/connectionpool.py:1103: InsecureRequestWarning: Unverified HTTPS request is being made to host 'randomuser.me'. Adding certificate verification is strongly advised. See: https://urllib3.readthedocs.io/en/latest/advanced-usage.html#tls-warnings
  warnings.warn(</msg>
<msg time="2024-05-23T19:13:48.139199" level="INFO">${response} = &lt;Response [200]&gt;</msg>
<var>${response}</var>
<arg>consultarAPI</arg>
<arg>/api</arg>
<doc>Sends a GET request on a previously created HTTP Session.</doc>
<status status="PASS" start="2024-05-23T19:13:48.019827" elapsed="0.119428"/>
</kw>
<kw name="Set Variable" owner="BuiltIn">
<msg time="2024-05-23T19:13:48.140291" level="INFO">${json_data} = {'results': [{'gender': 'male', 'name': {'title': 'Mr', 'first': 'Narsélio', 'last': 'Oliveira'}, 'location': {'street': {'number': 1432, 'name': 'Rua Minas Gerais '}, 'city': 'Sabará', 'state': 'Sant...</msg>
<var>${json_data}</var>
<arg>${response.json()}</arg>
<doc>Returns the given values which can then be assigned to a variables.</doc>
<status status="PASS" start="2024-05-23T19:13:48.139719" elapsed="0.000601"/>
</kw>
<kw name="Set Variable" owner="BuiltIn">
<msg time="2024-05-23T19:13:48.141062" level="INFO">${name_title} = Mr</msg>
<var>${name_title}</var>
<arg>${json_data["results"][0]["name"]["title"]}</arg>
<doc>Returns the given values which can then be assigned to a variables.</doc>
<status status="PASS" start="2024-05-23T19:13:48.140664" elapsed="0.000423"/>
</kw>
<kw name="Create List" owner="BuiltIn">
<msg time="2024-05-23T19:13:48.141540" level="INFO">${allowed_titles} = ['Mr', 'Ms', 'Miss', 'Mrs', 'Madame', 'Monsieur']</msg>
<var>${allowed_titles}</var>
<arg>Mr</arg>
<arg>Ms</arg>
<arg>Miss</arg>
<arg>Mrs</arg>
<arg>Madame</arg>
<arg>Monsieur</arg>
<doc>Returns a list containing given items.</doc>
<status status="PASS" start="2024-05-23T19:13:48.141391" elapsed="0.000174"/>
</kw>
<kw name="List Should Contain Value" owner="Collections">
<msg time="2024-05-23T19:13:48.142035" level="INFO">False</msg>
<arg>${allowed_titles}</arg>
<arg>${name_title}</arg>
<doc>Fails if the ``value`` is not found from ``list``.</doc>
<status status="PASS" start="2024-05-23T19:13:48.141863" elapsed="0.000208"/>
</kw>
<kw name="Set Variable" owner="BuiltIn">
<msg time="2024-05-23T19:13:48.142865" level="INFO">${name_country} = BR</msg>
<var>${name_country}</var>
<arg>${json_data["results"][0]["nat"]}</arg>
<doc>Returns the given values which can then be assigned to a variables.</doc>
<status status="PASS" start="2024-05-23T19:13:48.142359" elapsed="0.000531"/>
</kw>
<kw name="Create List" owner="BuiltIn">
<msg time="2024-05-23T19:13:48.143809" level="INFO">${list_country} = ['AD', 'AE', 'AF', 'AG', 'AI', 'AL', 'AM', 'AO', 'AQ', 'AR', 'AS', 'AT', 'AU', 'AW', 'AX', 'AZ', 'BA', 'BB', 'BD', 'BE', 'BF', 'BG', 'BH', 'BI', 'BJ', 'BL', 'BM', 'BN', 'BO', 'BQ', 'BR', 'BS', 'BT', '...</msg>
<var>${list_country}</var>
<arg>AD</arg>
<arg>AE</arg>
<arg>AF</arg>
<arg>AG</arg>
<arg>AI</arg>
<arg>AL</arg>
<arg>AM</arg>
<arg>AO</arg>
<arg>AQ</arg>
<arg>AR</arg>
<arg>AS</arg>
<arg>AT</arg>
<arg>AU</arg>
<arg>AW</arg>
<arg>AX</arg>
<arg>AZ</arg>
<arg>BA</arg>
<arg>BB</arg>
<arg>BD</arg>
<arg>BE</arg>
<arg>BF</arg>
<arg>BG</arg>
<arg>BH</arg>
<arg>BI</arg>
<arg>BJ</arg>
<arg>BL</arg>
<arg>BM</arg>
<arg>BN</arg>
<arg>BO</arg>
<arg>BQ</arg>
<arg>BR</arg>
<arg>BS</arg>
<arg>BT</arg>
<arg>BV</arg>
<arg>BW</arg>
<arg>BY</arg>
<arg>BZ</arg>
<arg>CA</arg>
<arg>CC</arg>
<arg>CD</arg>
<arg>CF</arg>
<arg>CG</arg>
<arg>CH</arg>
<arg>CI</arg>
<arg>CK</arg>
<arg>CL</arg>
<arg>CM</arg>
<arg>CN</arg>
<arg>CO</arg>
<arg>CR</arg>
<arg>CU</arg>
<arg>CV</arg>
<arg>CW</arg>
<arg>CX</arg>
<arg>CY</arg>
<arg>CZ</arg>
<arg>DE</arg>
<arg>DJ</arg>
<arg>DK</arg>
<arg>DM</arg>
<arg>DO</arg>
<arg>DZ</arg>
<arg>EC</arg>
<arg>EE</arg>
<arg>EG</arg>
<arg>EH</arg>
<arg>ER</arg>
<arg>ES</arg>
<arg>ET</arg>
<arg>FI</arg>
<arg>FJ</arg>
<arg>FK</arg>
<arg>FM</arg>
<arg>FO</arg>
<arg>FR</arg>
<arg>GA</arg>
<arg>GB</arg>
<arg>GD</arg>
<arg>GE</arg>
<arg>GF</arg>
<arg>GG</arg>
<arg>GH</arg>
<arg>GI</arg>
<arg>GL</arg>
<arg>GM</arg>
<arg>GN</arg>
<arg>GP</arg>
<arg>GQ</arg>
<arg>GR</arg>
<arg>GS</arg>
<arg>GT</arg>
<arg>GU</arg>
<arg>GW</arg>
<arg>GY</arg>
<arg>HK</arg>
<arg>HM</arg>
<arg>HN</arg>
<arg>HR</arg>
<arg>HT</arg>
<arg>HU</arg>
<arg>ID</arg>
<arg>IE</arg>
<arg>IL</arg>
<arg>IM</arg>
<arg>IN</arg>
<arg>IO</arg>
<arg>IQ</arg>
<arg>IR</arg>
<arg>IS</arg>
<arg>IT</arg>
<arg>JE</arg>
<arg>JM</arg>
<arg>JO</arg>
<arg>JP</arg>
<arg>KE</arg>
<arg>KG</arg>
<arg>KH</arg>
<arg>KI</arg>
<arg>KM</arg>
<arg>KN</arg>
<arg>KP</arg>
<arg>KR</arg>
<arg>KW</arg>
<arg>KY</arg>
<arg>KZ</arg>
<arg>LA</arg>
<arg>LB</arg>
<arg>LC</arg>
<arg>LI</arg>
<arg>LK</arg>
<arg>LR</arg>
<arg>LS</arg>
<arg>LT</arg>
<arg>LU</arg>
<arg>LV</arg>
<arg>LY</arg>
<arg>MA</arg>
<arg>MC</arg>
<arg>MD</arg>
<arg>ME</arg>
<arg>MF</arg>
<arg>MG</arg>
<arg>MH</arg>
<arg>MK</arg>
<arg>ML</arg>
<arg>MM</arg>
<arg>MN</arg>
<arg>MO</arg>
<arg>MP</arg>
<arg>MQ</arg>
<arg>MR</arg>
<arg>MS</arg>
<arg>MT</arg>
<arg>MU</arg>
<arg>MV</arg>
<arg>MW</arg>
<arg>MX</arg>
<arg>MY</arg>
<arg>MZ</arg>
<arg>NA</arg>
<arg>NC</arg>
<arg>NE</arg>
<arg>NF</arg>
<arg>NG</arg>
<arg>NI</arg>
<arg>NL</arg>
<arg>NO</arg>
<arg>NP</arg>
<arg>NR</arg>
<arg>NU</arg>
<arg>NZ</arg>
<arg>OM</arg>
<arg>PA</arg>
<arg>PE</arg>
<arg>PF</arg>
<arg>PG</arg>
<arg>PH</arg>
<arg>PK</arg>
<arg>PL</arg>
<arg>PM</arg>
<arg>PN</arg>
<arg>PR</arg>
<arg>PS</arg>
<arg>PT</arg>
<arg>PW</arg>
<arg>PY</arg>
<arg>QA</arg>
<arg>RE</arg>
<arg>RO</arg>
<arg>RS</arg>
<arg>RU</arg>
<arg>RW</arg>
<arg>SA</arg>
<arg>SB</arg>
<arg>SC</arg>
<arg>SD</arg>
<arg>SE</arg>
<arg>SG</arg>
<arg>SH</arg>
<arg>SI</arg>
<arg>SJ</arg>
<arg>SK</arg>
<arg>SL</arg>
<arg>SM</arg>
<arg>SN</arg>
<arg>SO</arg>
<arg>SR</arg>
<arg>SS</arg>
<arg>ST</arg>
<arg>SV</arg>
<arg>SX</arg>
<arg>SY</arg>
<arg>SZ</arg>
<arg>TC</arg>
<arg>TD</arg>
<arg>TF</arg>
<arg>TG</arg>
<arg>TH</arg>
<arg>TJ</arg>
<arg>TK</arg>
<arg>TL</arg>
<arg>TM</arg>
<arg>TN</arg>
<arg>TO</arg>
<arg>TR</arg>
<arg>TT</arg>
<arg>TV</arg>
<arg>TW</arg>
<arg>TZ</arg>
<arg>UA</arg>
<arg>UG</arg>
<arg>UM</arg>
<arg>US</arg>
<arg>UY</arg>
<arg>UZ</arg>
<arg>VA</arg>
<arg>VC</arg>
<arg>VE</arg>
<arg>VG</arg>
<arg>VI</arg>
<arg>VN</arg>
<arg>VU</arg>
<arg>WF</arg>
<arg>WS</arg>
<arg>XK</arg>
<arg>YE</arg>
<arg>YT</arg>
<arg>ZA</arg>
<arg>ZM</arg>
<arg>ZW</arg>
<doc>Returns a list containing given items.</doc>
<status status="PASS" start="2024-05-23T19:13:48.143198" elapsed="0.000637"/>
</kw>
<kw name="List Should Contain Value" owner="Collections">
<msg time="2024-05-23T19:13:48.144862" level="INFO">False</msg>
<arg>${list_country}</arg>
<arg>${name_country}</arg>
<doc>Fails if the ``value`` is not found from ``list``.</doc>
<status status="PASS" start="2024-05-23T19:13:48.144622" elapsed="0.000277"/>
</kw>
<kw name="Run Keyword If" owner="BuiltIn">
<kw name="Should Be True" owner="BuiltIn">
<arg>${True}</arg>
<doc>Fails if the given condition is not true.</doc>
<status status="PASS" start="2024-05-23T19:13:48.145960" elapsed="0.000142"/>
</kw>
<arg>${json_data["results"][0]["location"]["coordinates"]["latitude"]} &gt;= -90 and ${json_data["results"][0]["location"]["coordinates"]["latitude"]} &lt;= 90</arg>
<arg>Should Be True</arg>
<arg>${True}</arg>
<doc>Runs the given keyword with the given arguments, if ``condition`` is true.</doc>
<status status="PASS" start="2024-05-23T19:13:48.145208" elapsed="0.001020"/>
</kw>
<kw name="Run Keyword If" owner="BuiltIn">
<kw name="Should Be True" owner="BuiltIn">
<arg>${True}</arg>
<doc>Fails if the given condition is not true.</doc>
<status status="PASS" start="2024-05-23T19:13:48.147108" elapsed="0.000137"/>
</kw>
<arg>${json_data["results"][0]["location"]["coordinates"]["longitude"]} &gt;= -180 and ${json_data["results"][0]["location"]["coordinates"]["longitude"]} &lt;= 180</arg>
<arg>Should Be True</arg>
<arg>${True}</arg>
<doc>Runs the given keyword with the given arguments, if ``condition`` is true.</doc>
<status status="PASS" start="2024-05-23T19:13:48.146414" elapsed="0.000953"/>
</kw>
<status status="PASS" start="2024-05-23T19:13:48.019459" elapsed="0.128033"/>
</kw>
<doc>Testa o conteúdo específico dos campos retornados pela API.</doc>
<tag>testeConteudo</tag>
<status status="PASS" start="2024-05-23T19:13:48.018800" elapsed="0.128833"/>
</test>
<status status="PASS" start="2024-05-23T19:13:47.048564" elapsed="1.101034"/>
</suite>
<status status="PASS" start="2024-05-23T19:13:47.035203" elapsed="1.119523"/>
</suite>
<statistics>
<total>
<stat pass="5" fail="0" skip="0">All Tests</stat>
</total>
<tag>
<stat pass="1" fail="0" skip="0">testeConteudo</stat>
<stat pass="1" fail="0" skip="0">testeEstruturaResposta</stat>
<stat pass="1" fail="0" skip="0">testeRequisicaoBasica</stat>
<stat pass="1" fail="0" skip="0">testeTiposDados</stat>
</tag>
<suite>
<stat pass="5" fail="0" skip="0" id="s1" name="Tests">Tests</stat>
<stat pass="5" fail="0" skip="0" id="s1-s1" name="Random-User-Test">Tests.Random-User-Test</stat>
</suite>
</statistics>
<errors>
</errors>
</robot>
