<?xml version="1.0" encoding="UTF-8"?>
<robot generator="Robot 7.0.1 (Python 3.12.4 on linux)" generated="2024-07-02T20:17:12.894094" rpa="false" schemaversion="5">
<suite id="s1" name="Tests" source="/home/runner/work/ApiRandomUser/ApiRandomUser/RamdonUser/tests">
<suite id="s1-s1" name="Random-User-Test" source="/home/runner/work/ApiRandomUser/ApiRandomUser/RamdonUser/tests/random-user-test.robot">
<test id="s1-s1-t1" name="Conectar" line="13">
<kw name="Conectar API" owner="random-user-service">
<kw name="Create Session" owner="RequestsLibrary">
<msg time="2024-07-02T20:17:13.311422" level="INFO">Creating Session using : alias=consultarAPI, url=https://randomuser.me/, headers={},                     cookies={}, auth=None, timeout=None, proxies=None, verify=False,                     debug=0 </msg>
<arg>consultarAPI</arg>
<arg>${URL}</arg>
<doc>Create Session: create a HTTP session to a server</doc>
<status status="PASS" start="2024-07-02T20:17:13.311212" elapsed="0.000384"/>
</kw>
<status status="PASS" start="2024-07-02T20:17:13.310193" elapsed="0.001761"/>
</kw>
<status status="PASS" start="2024-07-02T20:17:13.309555" elapsed="0.002598"/>
</test>
<test id="s1-s1-t2" name="Validar retorno 200 e JSON Válido" line="16">
<kw name="Teste de Requisicao Basica" owner="random-user-service">
<kw name="GET On Session" owner="RequestsLibrary">
<msg time="2024-07-02T20:17:13.560312" level="INFO">GET Request : url=https://randomuser.me/api 
 path_url=/api 
 headers={'User-Agent': 'python-requests/2.32.3', 'Accept-Encoding': 'gzip, deflate', 'Accept': '*/*', 'Connection': 'keep-alive'} 
 body=None 
 </msg>
<msg time="2024-07-02T20:17:13.560447" level="INFO">GET Response : url=https://randomuser.me/api 
 status=200, reason=OK 
 headers={'Date': 'Tue, 02 Jul 2024 20:17:13 GMT', 'Content-Type': 'application/json; charset=utf-8', 'Transfer-Encoding': 'chunked', 'Connection': 'keep-alive', 'X-Powered-By': 'Express', 'Access-Control-Allow-Origin': '*', 'Cache-Control': 'no-cache', 'ETag': 'W/"49e-oiOCqy0M73tThbLNHadOt0aHI2E"', 'Vary': 'Accept-Encoding', 'Content-Encoding': 'gzip', 'CF-Cache-Status': 'DYNAMIC', 'Report-To': '{"endpoints":[{"url":"https:\\/\\/a.nel.cloudflare.com\\/report\\/v4?s=UuKCX%2Fmx8EyAMgr5zuoHRiZK3vNcJvvBrLOTqr7QOUVrods%2B5R434mqEc4hyejkfysGOzSI7z7JtbRtRriAnubBlw91QNU057TbU2OzG5vf%2BQb09Pz4GsSgy3g6PAPKE"}],"group":"cf-nel","max_age":604800}', 'NEL': '{"success_fraction":0,"report_to":"cf-nel","max_age":604800}', 'Server': 'cloudflare', 'CF-RAY': '89d1516b1f6057b5-IAD', 'alt-svc': 'h3=":443"; ma=86400'} 
 body={"results":[{"gender":"female","name":{"title":"Mrs","first":"Manolya","last":"Sijtsma"},"location":{"street":{"number":8260,"name":"Brediusstraat"},"city":"Warffum","state":"Groningen","country":"Netherlands","postcode":"5279 EV","coordinates":{"latitude":"36.3944","longitude":"55.5103"},"timezone":{"offset":"+1:00","description":"Brussels, Copenhagen, Madrid, Paris"}},"email":"manolya.sijtsma@example.com","login":{"uuid":"9a97d3e5-ac33-4b33-b604-c25c32014b89","username":"crazypeacock237","password":"1235","salt":"WpmSmony","md5":"c60bc06989f27407480cf6fface78f25","sha1":"cf78ba60f110163fa3de890451f223df9220331c","sha256":"3f0377577d6b73277c2e02a429a57b9a5800e4850a7da8d629d263411c258414"},"dob":{"date":"1965-03-04T02:08:32.872Z","age":59},"registered":{"date":"2017-08-14T16:27:46.783Z","age":6},"phone":"(0147) 836915","cell":"(06) 99441952","id":{"name":"BSN","value":"09884427"},"picture":{"large":"https://randomuser.me/api/portraits/women/21.jpg","medium":"https://randomuser.me/api/portraits/med/women/21.jpg","thumbnail":"https://randomuser.me/api/portraits/thumb/women/21.jpg"},"nat":"NL"}],"info":{"seed":"dadd740a7347b818","results":1,"page":1,"version":"1.4"}} 
 </msg>
<msg time="2024-07-02T20:17:13.560522" level="INFO">/opt/hostedtoolcache/Python/3.12.4/x64/lib/python3.12/site-packages/urllib3/connectionpool.py:1099: InsecureRequestWarning: Unverified HTTPS request is being made to host 'randomuser.me'. Adding certificate verification is strongly advised. See: https://urllib3.readthedocs.io/en/latest/advanced-usage.html#tls-warnings
  warnings.warn(</msg>
<msg time="2024-07-02T20:17:13.560660" level="INFO">${response} = &lt;Response [200]&gt;</msg>
<var>${response}</var>
<arg>consultarAPI</arg>
<arg>/api</arg>
<doc>Sends a GET request on a previously created HTTP Session.</doc>
<status status="PASS" start="2024-07-02T20:17:13.314882" elapsed="0.245820"/>
</kw>
<kw name="Should Be Equal As Numbers" owner="BuiltIn">
<msg time="2024-07-02T20:17:13.561676" level="INFO">Argument types are:
&lt;class 'int'&gt;
&lt;class 'str'&gt;</msg>
<arg>${response.status_code}</arg>
<arg>200</arg>
<doc>Fails if objects are unequal after converting them to real numbers.</doc>
<status status="PASS" start="2024-07-02T20:17:13.561235" elapsed="0.000504"/>
</kw>
<kw name="Log" owner="BuiltIn">
<msg time="2024-07-02T20:17:13.562429" level="INFO">200</msg>
<arg>${response.status_code}</arg>
<doc>Logs the given message with the given level.</doc>
<status status="PASS" start="2024-07-02T20:17:13.562049" elapsed="0.000423"/>
</kw>
<kw name="Set Variable" owner="BuiltIn">
<msg time="2024-07-02T20:17:13.563200" level="INFO">${json_data} = {'results': [{'gender': 'female', 'name': {'title': 'Mrs', 'first': 'Manolya', 'last': 'Sijtsma'}, 'location': {'street': {'number': 8260, 'name': 'Brediusstraat'}, 'city': 'Warffum', 'state': 'Gronin...</msg>
<var>${json_data}</var>
<arg>${response.json()}</arg>
<doc>Returns the given values which can then be assigned to a variables.</doc>
<status status="PASS" start="2024-07-02T20:17:13.562775" elapsed="0.000453"/>
</kw>
<kw name="Dictionary Should Contain Key" owner="Collections">
<arg>${json_data}</arg>
<arg>results</arg>
<doc>Fails if ``key`` is not found from ``dictionary``.</doc>
<status status="PASS" start="2024-07-02T20:17:13.563520" elapsed="0.000176"/>
</kw>
<status status="PASS" start="2024-07-02T20:17:13.314627" elapsed="0.249219"/>
</kw>
<doc>Testa se a API responde corretamente e retorna um objeto JSON válido.</doc>
<tag>testeRequisicaoBasica</tag>
<status status="PASS" start="2024-07-02T20:17:13.314012" elapsed="0.250004"/>
</test>
<test id="s1-s1-t3" name="Validar estrutura de resposta" line="22">
<kw name="Teste de Estrutura de Resposta" owner="random-user-service">
<kw name="GET On Session" owner="RequestsLibrary">
<msg time="2024-07-02T20:17:13.793692" level="INFO">GET Request : url=https://randomuser.me/api 
 path_url=/api 
 headers={'User-Agent': 'python-requests/2.32.3', 'Accept-Encoding': 'gzip, deflate', 'Accept': '*/*', 'Connection': 'keep-alive'} 
 body=None 
 </msg>
<msg time="2024-07-02T20:17:13.793816" level="INFO">GET Response : url=https://randomuser.me/api 
 status=200, reason=OK 
 headers={'Date': 'Tue, 02 Jul 2024 20:17:13 GMT', 'Content-Type': 'application/json; charset=utf-8', 'Transfer-Encoding': 'chunked', 'Connection': 'keep-alive', 'X-Powered-By': 'Express', 'Access-Control-Allow-Origin': '*', 'Cache-Control': 'no-cache', 'ETag': 'W/"478-u9fSE6g4xw6F1Ve9A9sXD5RA5jc"', 'Vary': 'Accept-Encoding', 'Content-Encoding': 'gzip', 'CF-Cache-Status': 'DYNAMIC', 'Report-To': '{"endpoints":[{"url":"https:\\/\\/a.nel.cloudflare.com\\/report\\/v4?s=MYyNFMqxpRPfY%2B8SEk4vkZ7kaO00VomWa%2BLLvdxUMl9%2FnnyVNGByHQmX5Ipp2Iyj9f36IQ1jKtY3%2F8w0QzRqDDmRHYuzbynIUhSCJUMw%2BprstyOgXcOO9%2Fyv5rHS4INo"}],"group":"cf-nel","max_age":604800}', 'NEL': '{"success_fraction":0,"report_to":"cf-nel","max_age":604800}', 'Server': 'cloudflare', 'CF-RAY': '89d1516bcff957b5-IAD', 'alt-svc': 'h3=":443"; ma=86400'} 
 body={"results":[{"gender":"female","name":{"title":"Miss","first":"Anita","last":"Bailey"},"location":{"street":{"number":5920,"name":"Lone Wolf Trail"},"city":"Cairns","state":"Victoria","country":"Australia","postcode":1409,"coordinates":{"latitude":"-81.8026","longitude":"38.0742"},"timezone":{"offset":"+5:45","description":"Kathmandu"}},"email":"anita.bailey@example.com","login":{"uuid":"003c974d-3caa-414e-bcd2-1c7e237c5dc6","username":"bigbutterfly785","password":"star","salt":"VNOep48Y","md5":"4b23cb356513949b2dde9a18a2558f60","sha1":"c344551c19fdd95cfec1c991dd0a87d2a60e933a","sha256":"dd63819d5e3d389445c850b680338a4e18e963b49a96d9f263e77f34d9acad63"},"dob":{"date":"1970-01-11T03:51:29.526Z","age":54},"registered":{"date":"2020-08-25T21:03:15.170Z","age":3},"phone":"02-4838-7467","cell":"0420-605-000","id":{"name":"TFN","value":"979014083"},"picture":{"large":"https://randomuser.me/api/portraits/women/14.jpg","medium":"https://randomuser.me/api/portraits/med/women/14.jpg","thumbnail":"https://randomuser.me/api/portraits/thumb/women/14.jpg"},"nat":"AU"}],"info":{"seed":"bb93ad86ed48a58b","results":1,"page":1,"version":"1.4"}} 
 </msg>
<msg time="2024-07-02T20:17:13.793960" level="INFO">/opt/hostedtoolcache/Python/3.12.4/x64/lib/python3.12/site-packages/urllib3/connectionpool.py:1099: InsecureRequestWarning: Unverified HTTPS request is being made to host 'randomuser.me'. Adding certificate verification is strongly advised. See: https://urllib3.readthedocs.io/en/latest/advanced-usage.html#tls-warnings
  warnings.warn(</msg>
<msg time="2024-07-02T20:17:13.794082" level="INFO">${response} = &lt;Response [200]&gt;</msg>
<var>${response}</var>
<arg>consultarAPI</arg>
<arg>/api</arg>
<doc>Sends a GET request on a previously created HTTP Session.</doc>
<status status="PASS" start="2024-07-02T20:17:13.566547" elapsed="0.227579"/>
</kw>
<kw name="Set Variable" owner="BuiltIn">
<msg time="2024-07-02T20:17:13.795184" level="INFO">${json_data} = {'results': [{'gender': 'female', 'name': {'title': 'Miss', 'first': 'Anita', 'last': 'Bailey'}, 'location': {'street': {'number': 5920, 'name': 'Lone Wolf Trail'}, 'city': 'Cairns', 'state': 'Victori...</msg>
<var>${json_data}</var>
<arg>${response.json()}</arg>
<doc>Returns the given values which can then be assigned to a variables.</doc>
<status status="PASS" start="2024-07-02T20:17:13.794666" elapsed="0.000546"/>
</kw>
<kw name="Log" owner="BuiltIn">
<msg time="2024-07-02T20:17:13.795674" level="INFO">{'results': [{'gender': 'female', 'name': {'title': 'Miss', 'first': 'Anita', 'last': 'Bailey'}, 'location': {'street': {'number': 5920, 'name': 'Lone Wolf Trail'}, 'city': 'Cairns', 'state': 'Victoria', 'country': 'Australia', 'postcode': 1409, 'coordinates': {'latitude': '-81.8026', 'longitude': '38.0742'}, 'timezone': {'offset': '+5:45', 'description': 'Kathmandu'}}, 'email': 'anita.bailey@example.com', 'login': {'uuid': '003c974d-3caa-414e-bcd2-1c7e237c5dc6', 'username': 'bigbutterfly785', 'password': 'star', 'salt': 'VNOep48Y', 'md5': '4b23cb356513949b2dde9a18a2558f60', 'sha1': 'c344551c19fdd95cfec1c991dd0a87d2a60e933a', 'sha256': 'dd63819d5e3d389445c850b680338a4e18e963b49a96d9f263e77f34d9acad63'}, 'dob': {'date': '1970-01-11T03:51:29.526Z', 'age': 54}, 'registered': {'date': '2020-08-25T21:03:15.170Z', 'age': 3}, 'phone': '02-4838-7467', 'cell': '0420-605-000', 'id': {'name': 'TFN', 'value': '979014083'}, 'picture': {'large': 'https://randomuser.me/api/portraits/women/14.jpg', 'medium': 'https://randomuser.me/api/portraits/med/women/14.jpg', 'thumbnail': 'https://randomuser.me/api/portraits/thumb/women/14.jpg'}, 'nat': 'AU'}], 'info': {'seed': 'bb93ad86ed48a58b', 'results': 1, 'page': 1, 'version': '1.4'}}</msg>
<arg>${json_data}</arg>
<doc>Logs the given message with the given level.</doc>
<status status="PASS" start="2024-07-02T20:17:13.795517" elapsed="0.000203"/>
</kw>
<kw name="Dictionary Should Contain Key" owner="Collections">
<arg>${json_data}</arg>
<arg>results</arg>
<doc>Fails if ``key`` is not found from ``dictionary``.</doc>
<status status="PASS" start="2024-07-02T20:17:13.796008" elapsed="0.000174"/>
</kw>
<kw name="Should Not Be Empty" owner="BuiltIn">
<msg time="2024-07-02T20:17:13.796504" level="INFO">Length is 2.</msg>
<arg>${json_data}</arg>
<doc>Verifies that the given item is not empty.</doc>
<status status="PASS" start="2024-07-02T20:17:13.796370" elapsed="0.000173"/>
</kw>
<kw name="Create List" owner="BuiltIn">
<msg time="2024-07-02T20:17:13.796979" level="INFO">${expected_keys} = ['gender', 'name', 'location', 'email', 'login']</msg>
<var>${expected_keys}</var>
<arg>gender</arg>
<arg>name</arg>
<arg>location</arg>
<arg>email</arg>
<arg>login</arg>
<doc>Returns a list containing given items.</doc>
<status status="PASS" start="2024-07-02T20:17:13.796835" elapsed="0.000167"/>
</kw>
<for flavor="IN">
<iter>
<kw name="Dictionary Should Contain Key" owner="Collections">
<arg>${json_data['results'][0]}</arg>
<arg>${key}</arg>
<doc>Fails if ``key`` is not found from ``dictionary``.</doc>
<status status="PASS" start="2024-07-02T20:17:13.797747" elapsed="0.000397"/>
</kw>
<kw name="Log" owner="BuiltIn">
<msg time="2024-07-02T20:17:13.798753" level="INFO">{'gender': 'female', 'name': {'title': 'Miss', 'first': 'Anita', 'last': 'Bailey'}, 'location': {'street': {'number': 5920, 'name': 'Lone Wolf Trail'}, 'city': 'Cairns', 'state': 'Victoria', 'country': 'Australia', 'postcode': 1409, 'coordinates': {'latitude': '-81.8026', 'longitude': '38.0742'}, 'timezone': {'offset': '+5:45', 'description': 'Kathmandu'}}, 'email': 'anita.bailey@example.com', 'login': {'uuid': '003c974d-3caa-414e-bcd2-1c7e237c5dc6', 'username': 'bigbutterfly785', 'password': 'star', 'salt': 'VNOep48Y', 'md5': '4b23cb356513949b2dde9a18a2558f60', 'sha1': 'c344551c19fdd95cfec1c991dd0a87d2a60e933a', 'sha256': 'dd63819d5e3d389445c850b680338a4e18e963b49a96d9f263e77f34d9acad63'}, 'dob': {'date': '1970-01-11T03:51:29.526Z', 'age': 54}, 'registered': {'date': '2020-08-25T21:03:15.170Z', 'age': 3}, 'phone': '02-4838-7467', 'cell': '0420-605-000', 'id': {'name': 'TFN', 'value': '979014083'}, 'picture': {'large': 'https://randomuser.me/api/portraits/women/14.jpg', 'medium': 'https://randomuser.me/api/portraits/med/women/14.jpg', 'thumbnail': 'https://randomuser.me/api/portraits/thumb/women/14.jpg'}, 'nat': 'AU'}</msg>
<arg>${json_data['results'][0]}</arg>
<doc>Logs the given message with the given level.</doc>
<status status="PASS" start="2024-07-02T20:17:13.798370" elapsed="0.000432"/>
</kw>
<kw name="Log" owner="BuiltIn">
<msg time="2024-07-02T20:17:13.799227" level="INFO">gender</msg>
<arg>${key}</arg>
<doc>Logs the given message with the given level.</doc>
<status status="PASS" start="2024-07-02T20:17:13.799101" elapsed="0.000163"/>
</kw>
<var name="${key}">gender</var>
<status status="PASS" start="2024-07-02T20:17:13.797622" elapsed="0.001858"/>
</iter>
<iter>
<kw name="Dictionary Should Contain Key" owner="Collections">
<arg>${json_data['results'][0]}</arg>
<arg>${key}</arg>
<doc>Fails if ``key`` is not found from ``dictionary``.</doc>
<status status="PASS" start="2024-07-02T20:17:13.799780" elapsed="0.000380"/>
</kw>
<kw name="Log" owner="BuiltIn">
<msg time="2024-07-02T20:17:13.800701" level="INFO">{'gender': 'female', 'name': {'title': 'Miss', 'first': 'Anita', 'last': 'Bailey'}, 'location': {'street': {'number': 5920, 'name': 'Lone Wolf Trail'}, 'city': 'Cairns', 'state': 'Victoria', 'country': 'Australia', 'postcode': 1409, 'coordinates': {'latitude': '-81.8026', 'longitude': '38.0742'}, 'timezone': {'offset': '+5:45', 'description': 'Kathmandu'}}, 'email': 'anita.bailey@example.com', 'login': {'uuid': '003c974d-3caa-414e-bcd2-1c7e237c5dc6', 'username': 'bigbutterfly785', 'password': 'star', 'salt': 'VNOep48Y', 'md5': '4b23cb356513949b2dde9a18a2558f60', 'sha1': 'c344551c19fdd95cfec1c991dd0a87d2a60e933a', 'sha256': 'dd63819d5e3d389445c850b680338a4e18e963b49a96d9f263e77f34d9acad63'}, 'dob': {'date': '1970-01-11T03:51:29.526Z', 'age': 54}, 'registered': {'date': '2020-08-25T21:03:15.170Z', 'age': 3}, 'phone': '02-4838-7467', 'cell': '0420-605-000', 'id': {'name': 'TFN', 'value': '979014083'}, 'picture': {'large': 'https://randomuser.me/api/portraits/women/14.jpg', 'medium': 'https://randomuser.me/api/portraits/med/women/14.jpg', 'thumbnail': 'https://randomuser.me/api/portraits/thumb/women/14.jpg'}, 'nat': 'AU'}</msg>
<arg>${json_data['results'][0]}</arg>
<doc>Logs the given message with the given level.</doc>
<status status="PASS" start="2024-07-02T20:17:13.800351" elapsed="0.000429"/>
</kw>
<kw name="Log" owner="BuiltIn">
<msg time="2024-07-02T20:17:13.801200" level="INFO">name</msg>
<arg>${key}</arg>
<doc>Logs the given message with the given level.</doc>
<status status="PASS" start="2024-07-02T20:17:13.801073" elapsed="0.000164"/>
</kw>
<var name="${key}">name</var>
<status status="PASS" start="2024-07-02T20:17:13.799664" elapsed="0.001786"/>
</iter>
<iter>
<kw name="Dictionary Should Contain Key" owner="Collections">
<arg>${json_data['results'][0]}</arg>
<arg>${key}</arg>
<doc>Fails if ``key`` is not found from ``dictionary``.</doc>
<status status="PASS" start="2024-07-02T20:17:13.801729" elapsed="0.000372"/>
</kw>
<kw name="Log" owner="BuiltIn">
<msg time="2024-07-02T20:17:13.802650" level="INFO">{'gender': 'female', 'name': {'title': 'Miss', 'first': 'Anita', 'last': 'Bailey'}, 'location': {'street': {'number': 5920, 'name': 'Lone Wolf Trail'}, 'city': 'Cairns', 'state': 'Victoria', 'country': 'Australia', 'postcode': 1409, 'coordinates': {'latitude': '-81.8026', 'longitude': '38.0742'}, 'timezone': {'offset': '+5:45', 'description': 'Kathmandu'}}, 'email': 'anita.bailey@example.com', 'login': {'uuid': '003c974d-3caa-414e-bcd2-1c7e237c5dc6', 'username': 'bigbutterfly785', 'password': 'star', 'salt': 'VNOep48Y', 'md5': '4b23cb356513949b2dde9a18a2558f60', 'sha1': 'c344551c19fdd95cfec1c991dd0a87d2a60e933a', 'sha256': 'dd63819d5e3d389445c850b680338a4e18e963b49a96d9f263e77f34d9acad63'}, 'dob': {'date': '1970-01-11T03:51:29.526Z', 'age': 54}, 'registered': {'date': '2020-08-25T21:03:15.170Z', 'age': 3}, 'phone': '02-4838-7467', 'cell': '0420-605-000', 'id': {'name': 'TFN', 'value': '979014083'}, 'picture': {'large': 'https://randomuser.me/api/portraits/women/14.jpg', 'medium': 'https://randomuser.me/api/portraits/med/women/14.jpg', 'thumbnail': 'https://randomuser.me/api/portraits/thumb/women/14.jpg'}, 'nat': 'AU'}</msg>
<arg>${json_data['results'][0]}</arg>
<doc>Logs the given message with the given level.</doc>
<status status="PASS" start="2024-07-02T20:17:13.802279" elapsed="0.000418"/>
</kw>
<kw name="Log" owner="BuiltIn">
<msg time="2024-07-02T20:17:13.803115" level="INFO">location</msg>
<arg>${key}</arg>
<doc>Logs the given message with the given level.</doc>
<status status="PASS" start="2024-07-02T20:17:13.802989" elapsed="0.000162"/>
</kw>
<var name="${key}">location</var>
<status status="PASS" start="2024-07-02T20:17:13.801623" elapsed="0.001744"/>
</iter>
<iter>
<kw name="Dictionary Should Contain Key" owner="Collections">
<arg>${json_data['results'][0]}</arg>
<arg>${key}</arg>
<doc>Fails if ``key`` is not found from ``dictionary``.</doc>
<status status="PASS" start="2024-07-02T20:17:13.803638" elapsed="0.000383"/>
</kw>
<kw name="Log" owner="BuiltIn">
<msg time="2024-07-02T20:17:13.804543" level="INFO">{'gender': 'female', 'name': {'title': 'Miss', 'first': 'Anita', 'last': 'Bailey'}, 'location': {'street': {'number': 5920, 'name': 'Lone Wolf Trail'}, 'city': 'Cairns', 'state': 'Victoria', 'country': 'Australia', 'postcode': 1409, 'coordinates': {'latitude': '-81.8026', 'longitude': '38.0742'}, 'timezone': {'offset': '+5:45', 'description': 'Kathmandu'}}, 'email': 'anita.bailey@example.com', 'login': {'uuid': '003c974d-3caa-414e-bcd2-1c7e237c5dc6', 'username': 'bigbutterfly785', 'password': 'star', 'salt': 'VNOep48Y', 'md5': '4b23cb356513949b2dde9a18a2558f60', 'sha1': 'c344551c19fdd95cfec1c991dd0a87d2a60e933a', 'sha256': 'dd63819d5e3d389445c850b680338a4e18e963b49a96d9f263e77f34d9acad63'}, 'dob': {'date': '1970-01-11T03:51:29.526Z', 'age': 54}, 'registered': {'date': '2020-08-25T21:03:15.170Z', 'age': 3}, 'phone': '02-4838-7467', 'cell': '0420-605-000', 'id': {'name': 'TFN', 'value': '979014083'}, 'picture': {'large': 'https://randomuser.me/api/portraits/women/14.jpg', 'medium': 'https://randomuser.me/api/portraits/med/women/14.jpg', 'thumbnail': 'https://randomuser.me/api/portraits/thumb/women/14.jpg'}, 'nat': 'AU'}</msg>
<arg>${json_data['results'][0]}</arg>
<doc>Logs the given message with the given level.</doc>
<status status="PASS" start="2024-07-02T20:17:13.804199" elapsed="0.000391"/>
</kw>
<kw name="Log" owner="BuiltIn">
<msg time="2024-07-02T20:17:13.804999" level="INFO">email</msg>
<arg>${key}</arg>
<doc>Logs the given message with the given level.</doc>
<status status="PASS" start="2024-07-02T20:17:13.804876" elapsed="0.000161"/>
</kw>
<var name="${key}">email</var>
<status status="PASS" start="2024-07-02T20:17:13.803532" elapsed="0.001722"/>
</iter>
<iter>
<kw name="Dictionary Should Contain Key" owner="Collections">
<arg>${json_data['results'][0]}</arg>
<arg>${key}</arg>
<doc>Fails if ``key`` is not found from ``dictionary``.</doc>
<status status="PASS" start="2024-07-02T20:17:13.805527" elapsed="0.000384"/>
</kw>
<kw name="Log" owner="BuiltIn">
<msg time="2024-07-02T20:17:13.806506" level="INFO">{'gender': 'female', 'name': {'title': 'Miss', 'first': 'Anita', 'last': 'Bailey'}, 'location': {'street': {'number': 5920, 'name': 'Lone Wolf Trail'}, 'city': 'Cairns', 'state': 'Victoria', 'country': 'Australia', 'postcode': 1409, 'coordinates': {'latitude': '-81.8026', 'longitude': '38.0742'}, 'timezone': {'offset': '+5:45', 'description': 'Kathmandu'}}, 'email': 'anita.bailey@example.com', 'login': {'uuid': '003c974d-3caa-414e-bcd2-1c7e237c5dc6', 'username': 'bigbutterfly785', 'password': 'star', 'salt': 'VNOep48Y', 'md5': '4b23cb356513949b2dde9a18a2558f60', 'sha1': 'c344551c19fdd95cfec1c991dd0a87d2a60e933a', 'sha256': 'dd63819d5e3d389445c850b680338a4e18e963b49a96d9f263e77f34d9acad63'}, 'dob': {'date': '1970-01-11T03:51:29.526Z', 'age': 54}, 'registered': {'date': '2020-08-25T21:03:15.170Z', 'age': 3}, 'phone': '02-4838-7467', 'cell': '0420-605-000', 'id': {'name': 'TFN', 'value': '979014083'}, 'picture': {'large': 'https://randomuser.me/api/portraits/women/14.jpg', 'medium': 'https://randomuser.me/api/portraits/med/women/14.jpg', 'thumbnail': 'https://randomuser.me/api/portraits/thumb/women/14.jpg'}, 'nat': 'AU'}</msg>
<arg>${json_data['results'][0]}</arg>
<doc>Logs the given message with the given level.</doc>
<status status="PASS" start="2024-07-02T20:17:13.806090" elapsed="0.000465"/>
</kw>
<kw name="Log" owner="BuiltIn">
<msg time="2024-07-02T20:17:13.806983" level="INFO">login</msg>
<arg>${key}</arg>
<doc>Logs the given message with the given level.</doc>
<status status="PASS" start="2024-07-02T20:17:13.806853" elapsed="0.000167"/>
</kw>
<var name="${key}">login</var>
<status status="PASS" start="2024-07-02T20:17:13.805421" elapsed="0.001825"/>
</iter>
<var>${key}</var>
<value>@{expected_keys}</value>
<status status="PASS" start="2024-07-02T20:17:13.797426" elapsed="0.009941"/>
</for>
<kw name="Create List" owner="BuiltIn">
<msg time="2024-07-02T20:17:13.807692" level="INFO">${expected_keysTwo} = ['username', 'password']</msg>
<var>${expected_keysTwo}</var>
<arg>username</arg>
<arg>password</arg>
<doc>Returns a list containing given items.</doc>
<status status="PASS" start="2024-07-02T20:17:13.807557" elapsed="0.000158"/>
</kw>
<for flavor="IN">
<iter>
<kw name="Dictionary Should Contain Key" owner="Collections">
<arg>${json_data['results'][0]['login']}</arg>
<arg>${keyTwo}</arg>
<doc>Fails if ``key`` is not found from ``dictionary``.</doc>
<status status="PASS" start="2024-07-02T20:17:13.808239" elapsed="0.000374"/>
</kw>
<kw name="Dictionary Should Contain Key" owner="Collections">
<arg>${json_data['results'][0]['login']}</arg>
<arg>${keyTwo}</arg>
<doc>Fails if ``key`` is not found from ``dictionary``.</doc>
<status status="PASS" start="2024-07-02T20:17:13.808793" elapsed="0.000367"/>
</kw>
<kw name="Log" owner="BuiltIn">
<msg time="2024-07-02T20:17:13.809469" level="INFO">username</msg>
<arg>${keyTwo}</arg>
<doc>Logs the given message with the given level.</doc>
<status status="PASS" start="2024-07-02T20:17:13.809344" elapsed="0.000165"/>
</kw>
<var name="${keyTwo}">username</var>
<status status="PASS" start="2024-07-02T20:17:13.808129" elapsed="0.001602"/>
</iter>
<iter>
<kw name="Dictionary Should Contain Key" owner="Collections">
<arg>${json_data['results'][0]['login']}</arg>
<arg>${keyTwo}</arg>
<doc>Fails if ``key`` is not found from ``dictionary``.</doc>
<status status="PASS" start="2024-07-02T20:17:13.810009" elapsed="0.000403"/>
</kw>
<kw name="Dictionary Should Contain Key" owner="Collections">
<arg>${json_data['results'][0]['login']}</arg>
<arg>${keyTwo}</arg>
<doc>Fails if ``key`` is not found from ``dictionary``.</doc>
<status status="PASS" start="2024-07-02T20:17:13.810599" elapsed="0.000364"/>
</kw>
<kw name="Log" owner="BuiltIn">
<msg time="2024-07-02T20:17:13.811256" level="INFO">password</msg>
<arg>${keyTwo}</arg>
<doc>Logs the given message with the given level.</doc>
<status status="PASS" start="2024-07-02T20:17:13.811139" elapsed="0.000158"/>
</kw>
<var name="${keyTwo}">password</var>
<status status="PASS" start="2024-07-02T20:17:13.809903" elapsed="0.001614"/>
</iter>
<var>${keyTwo}</var>
<value>@{expected_keysTwo}</value>
<status status="PASS" start="2024-07-02T20:17:13.807977" elapsed="0.003659"/>
</for>
<status status="PASS" start="2024-07-02T20:17:13.566304" elapsed="0.245473"/>
</kw>
<doc>Testa a estrutura da resposta da API.</doc>
<tag>testeEstruturaResposta</tag>
<status status="PASS" start="2024-07-02T20:17:13.565824" elapsed="0.246111"/>
</test>
<test id="s1-s1-t4" name="Validar tipos de dados" line="28">
<kw name="Teste de Tipos de Dados" owner="random-user-service">
<kw name="GET On Session" owner="RequestsLibrary">
<msg time="2024-07-02T20:17:13.880909" level="INFO">GET Request : url=https://randomuser.me/api 
 path_url=/api 
 headers={'User-Agent': 'python-requests/2.32.3', 'Accept-Encoding': 'gzip, deflate', 'Accept': '*/*', 'Connection': 'keep-alive'} 
 body=None 
 </msg>
<msg time="2024-07-02T20:17:13.881008" level="INFO">GET Response : url=https://randomuser.me/api 
 status=200, reason=OK 
 headers={'Date': 'Tue, 02 Jul 2024 20:17:13 GMT', 'Content-Type': 'application/json; charset=utf-8', 'Transfer-Encoding': 'chunked', 'Connection': 'keep-alive', 'X-Powered-By': 'Express', 'Access-Control-Allow-Origin': '*', 'Cache-Control': 'no-cache', 'ETag': 'W/"48e-tArWvUwU0e6sjaPt4c75i+B6thQ"', 'Vary': 'Accept-Encoding', 'Content-Encoding': 'gzip', 'CF-Cache-Status': 'DYNAMIC', 'Report-To': '{"endpoints":[{"url":"https:\\/\\/a.nel.cloudflare.com\\/report\\/v4?s=flIV5XAt7uvVUHhd92e%2FrJxzxdku8uBGh%2FXMmG%2F%2Fvu%2FOnTJmHs48Xfu14fdfLzyFi2EfezsLdg106aBcOOaj3KEJA5heGMd8L4xE2%2BjEeDhgDZKXdoaOnB%2By6Gz64%2F15"}],"group":"cf-nel","max_age":604800}', 'NEL': '{"success_fraction":0,"report_to":"cf-nel","max_age":604800}', 'Server': 'cloudflare', 'CF-RAY': '89d1516d595157b5-IAD', 'alt-svc': 'h3=":443"; ma=86400'} 
 body={"results":[{"gender":"male","name":{"title":"Mr","first":"Mijo","last":"Führer"},"location":{"street":{"number":6552,"name":"Blumenstraße"},"city":"Trochtelfingen","state":"Brandenburg","country":"Germany","postcode":85551,"coordinates":{"latitude":"-50.0742","longitude":"-146.5492"},"timezone":{"offset":"-7:00","description":"Mountain Time (US &amp; Canada)"}},"email":"mijo.fuhrer@example.com","login":{"uuid":"b32a2e3d-0549-444e-87c4-eeaab2060e71","username":"smallfish924","password":"jolly","salt":"avqMrs6G","md5":"ec47d136bfff9d2e05dadfa1b7c94845","sha1":"210aab66515556e2133fdf479428a5b02bd35bf4","sha256":"94c49d72a92441af3a8b028b163a5a797cf7e623b5a8bc443ea12a0ab2bee171"},"dob":{"date":"1997-03-08T10:54:34.353Z","age":27},"registered":{"date":"2015-04-06T12:49:32.946Z","age":9},"phone":"0710-4084095","cell":"0178-1352490","id":{"name":"SVNR","value":"02 080397 F 353"},"picture":{"large":"https://randomuser.me/api/portraits/men/65.jpg","medium":"https://randomuser.me/api/portraits/med/men/65.jpg","thumbnail":"https://randomuser.me/api/portraits/thumb/men/65.jpg"},"nat":"DE"}],"info":{"seed":"22d844721f813592","results":1,"page":1,"version":"1.4"}} 
 </msg>
<msg time="2024-07-02T20:17:13.881090" level="INFO">/opt/hostedtoolcache/Python/3.12.4/x64/lib/python3.12/site-packages/urllib3/connectionpool.py:1099: InsecureRequestWarning: Unverified HTTPS request is being made to host 'randomuser.me'. Adding certificate verification is strongly advised. See: https://urllib3.readthedocs.io/en/latest/advanced-usage.html#tls-warnings
  warnings.warn(</msg>
<msg time="2024-07-02T20:17:13.881207" level="INFO">${response} = &lt;Response [200]&gt;</msg>
<var>${response}</var>
<arg>consultarAPI</arg>
<arg>/api</arg>
<doc>Sends a GET request on a previously created HTTP Session.</doc>
<status status="PASS" start="2024-07-02T20:17:13.814485" elapsed="0.066757"/>
</kw>
<kw name="Set Variable" owner="BuiltIn">
<msg time="2024-07-02T20:17:13.882215" level="INFO">${json_data} = {'results': [{'gender': 'male', 'name': {'title': 'Mr', 'first': 'Mijo', 'last': 'Führer'}, 'location': {'street': {'number': 6552, 'name': 'Blumenstraße'}, 'city': 'Trochtelfingen', 'state': 'Branden...</msg>
<var>${json_data}</var>
<arg>${response.json()}</arg>
<doc>Returns the given values which can then be assigned to a variables.</doc>
<status status="PASS" start="2024-07-02T20:17:13.881715" elapsed="0.000529"/>
</kw>
<kw name="Log" owner="BuiltIn">
<msg time="2024-07-02T20:17:13.882771" level="INFO">{'results': [{'gender': 'male', 'name': {'title': 'Mr', 'first': 'Mijo', 'last': 'Führer'}, 'location': {'street': {'number': 6552, 'name': 'Blumenstraße'}, 'city': 'Trochtelfingen', 'state': 'Brandenburg', 'country': 'Germany', 'postcode': 85551, 'coordinates': {'latitude': '-50.0742', 'longitude': '-146.5492'}, 'timezone': {'offset': '-7:00', 'description': 'Mountain Time (US &amp; Canada)'}}, 'email': 'mijo.fuhrer@example.com', 'login': {'uuid': 'b32a2e3d-0549-444e-87c4-eeaab2060e71', 'username': 'smallfish924', 'password': 'jolly', 'salt': 'avqMrs6G', 'md5': 'ec47d136bfff9d2e05dadfa1b7c94845', 'sha1': '210aab66515556e2133fdf479428a5b02bd35bf4', 'sha256': '94c49d72a92441af3a8b028b163a5a797cf7e623b5a8bc443ea12a0ab2bee171'}, 'dob': {'date': '1997-03-08T10:54:34.353Z', 'age': 27}, 'registered': {'date': '2015-04-06T12:49:32.946Z', 'age': 9}, 'phone': '0710-4084095', 'cell': '0178-1352490', 'id': {'name': 'SVNR', 'value': '02 080397 F 353'}, 'picture': {'large': 'https://randomuser.me/api/portraits/men/65.jpg', 'medium': 'https://randomuser.me/api/portraits/med/men/65.jpg', 'thumbnail': 'https://randomuser.me/api/portraits/thumb/men/65.jpg'}, 'nat': 'DE'}], 'info': {'seed': '22d844721f813592', 'results': 1, 'page': 1, 'version': '1.4'}}</msg>
<arg>${json_data}</arg>
<doc>Logs the given message with the given level.</doc>
<status status="PASS" start="2024-07-02T20:17:13.882612" elapsed="0.000210"/>
</kw>
<kw name="Should Be String" owner="String">
<arg>${json_data['results'][0]['gender']}</arg>
<doc>Fails if the given ``item`` is not a string.</doc>
<status status="PASS" start="2024-07-02T20:17:13.883120" elapsed="0.000365"/>
</kw>
<kw name="Should Match Regexp" owner="BuiltIn">
<arg>${json_data['results'][0]['email']}</arg>
<arg>^[a-zA-Z0-9._%+-]+@[a-zA-Z0-9.-]+\.[a-zA-Z]{2,}$</arg>
<doc>Fails if ``string`` does not match ``pattern`` as a regular expression.</doc>
<status status="PASS" start="2024-07-02T20:17:13.883673" elapsed="0.000514"/>
</kw>
<kw name="Should Match Regexp" owner="BuiltIn">
<arg>${json_data['results'][0]['dob']['date']}</arg>
<arg>\\d{4}-\\d{2}-\\d{2}T\\d{2}:\\d{2}:\\d{2}\\.\\d{3}Z</arg>
<doc>Fails if ``string`` does not match ``pattern`` as a regular expression.</doc>
<status status="PASS" start="2024-07-02T20:17:13.884417" elapsed="0.000497"/>
</kw>
<kw name="Should Match Regexp" owner="BuiltIn">
<arg>${json_data['results'][0]['registered']['date']}</arg>
<arg>\\d{4}-\\d{2}-\\d{2}T\\d{2}:\\d{2}:\\d{2}\\.\\d{3}Z</arg>
<doc>Fails if ``string`` does not match ``pattern`` as a regular expression.</doc>
<status status="PASS" start="2024-07-02T20:17:13.885107" elapsed="0.000363"/>
</kw>
<kw name="Should Match Regexp" owner="BuiltIn">
<arg>${json_data['results'][0]['picture']['large']}</arg>
<arg>^https?://.*\.(?:png|jpe?g|gif|bmp)$</arg>
<doc>Fails if ``string`` does not match ``pattern`` as a regular expression.</doc>
<status status="PASS" start="2024-07-02T20:17:13.885656" elapsed="0.000454"/>
</kw>
<kw name="Should Match Regexp" owner="BuiltIn">
<arg>${json_data['results'][0]['picture']['medium']}</arg>
<arg>^https?://.*\.(?:png|jpe?g|gif|bmp)$</arg>
<doc>Fails if ``string`` does not match ``pattern`` as a regular expression.</doc>
<status status="PASS" start="2024-07-02T20:17:13.886297" elapsed="0.000376"/>
</kw>
<kw name="Should Match Regexp" owner="BuiltIn">
<arg>${json_data['results'][0]['picture']['thumbnail']}</arg>
<arg>^https?://.*\.(?:png|jpe?g|gif|bmp)$</arg>
<doc>Fails if ``string`` does not match ``pattern`` as a regular expression.</doc>
<status status="PASS" start="2024-07-02T20:17:13.886857" elapsed="0.000348"/>
</kw>
<kw name="Log" owner="BuiltIn">
<msg time="2024-07-02T20:17:13.887730" level="INFO">{'large': 'https://randomuser.me/api/portraits/men/65.jpg', 'medium': 'https://randomuser.me/api/portraits/med/men/65.jpg', 'thumbnail': 'https://randomuser.me/api/portraits/thumb/men/65.jpg'}</msg>
<arg>${json_data['results'][0]['picture']}</arg>
<doc>Logs the given message with the given level.</doc>
<status status="PASS" start="2024-07-02T20:17:13.887399" elapsed="0.000372"/>
</kw>
<status status="PASS" start="2024-07-02T20:17:13.814219" elapsed="0.073810"/>
</kw>
<kw name="Teste de Tipos de Dados - Postcode" owner="random-user-service">
<kw name="GET On Session" owner="RequestsLibrary">
<msg time="2024-07-02T20:17:13.956216" level="INFO">GET Request : url=https://randomuser.me/api 
 path_url=/api 
 headers={'User-Agent': 'python-requests/2.32.3', 'Accept-Encoding': 'gzip, deflate', 'Accept': '*/*', 'Connection': 'keep-alive'} 
 body=None 
 </msg>
<msg time="2024-07-02T20:17:13.956302" level="INFO">GET Response : url=https://randomuser.me/api 
 status=200, reason=OK 
 headers={'Date': 'Tue, 02 Jul 2024 20:17:13 GMT', 'Content-Type': 'application/json; charset=utf-8', 'Transfer-Encoding': 'chunked', 'Connection': 'keep-alive', 'X-Powered-By': 'Express', 'Access-Control-Allow-Origin': '*', 'Cache-Control': 'no-cache', 'ETag': 'W/"487-tN9ORAUYp8S0pVU/WVrQcqSlW4A"', 'Vary': 'Accept-Encoding', 'Content-Encoding': 'gzip', 'CF-Cache-Status': 'DYNAMIC', 'Report-To': '{"endpoints":[{"url":"https:\\/\\/a.nel.cloudflare.com\\/report\\/v4?s=3onsRA%2FPwmDpUabqyFt5vZ8WWjsmFEU4LhuMfJ4FqZZS2NyQelNPlTRuQOVp2mLUDBSsHk1V5gKL3mfEtSaP286RDfHu%2FL0RjAXB%2BQt5rRYDqLT3W2w%2FMAV5hCHrjO3a"}],"group":"cf-nel","max_age":604800}', 'NEL': '{"success_fraction":0,"report_to":"cf-nel","max_age":604800}', 'Server': 'cloudflare', 'CF-RAY': '89d1516dc9c657b5-IAD', 'alt-svc': 'h3=":443"; ma=86400'} 
 body={"results":[{"gender":"male","name":{"title":"Mr","first":"میلاد","last":"کریمی"},"location":{"street":{"number":6386,"name":"شهید کشواد"},"city":"دزفول","state":"اردبیل","country":"Iran","postcode":29798,"coordinates":{"latitude":"14.6909","longitude":"-138.5374"},"timezone":{"offset":"+6:00","description":"Almaty, Dhaka, Colombo"}},"email":"myld.khrymy@example.com","login":{"uuid":"edca8613-8030-4632-bb0e-77929ba0f236","username":"beautifultiger494","password":"ralph","salt":"HdodAml8","md5":"c6bfa3e9fbd575dfeb4652ce90904462","sha1":"5291c4623bdeeea04ee0597f5f6e7e0681fc9079","sha256":"cad0263c4c3788e86036550993dde6c26f3ae0ee041f93b0b632a4a940275857"},"dob":{"date":"1971-10-30T11:41:07.709Z","age":52},"registered":{"date":"2014-06-10T12:27:13.771Z","age":10},"phone":"067-60912423","cell":"0912-675-5446","id":{"name":"","value":null},"picture":{"large":"https://randomuser.me/api/portraits/men/16.jpg","medium":"https://randomuser.me/api/portraits/med/men/16.jpg","thumbnail":"https://randomuser.me/api/portraits/thumb/men/16.jpg"},"nat":"IR"}],"info":{"seed":"42b224911de997bb","results":1,"page":1,"version":"1.4"}} 
 </msg>
<msg time="2024-07-02T20:17:13.956367" level="INFO">/opt/hostedtoolcache/Python/3.12.4/x64/lib/python3.12/site-packages/urllib3/connectionpool.py:1099: InsecureRequestWarning: Unverified HTTPS request is being made to host 'randomuser.me'. Adding certificate verification is strongly advised. See: https://urllib3.readthedocs.io/en/latest/advanced-usage.html#tls-warnings
  warnings.warn(</msg>
<msg time="2024-07-02T20:17:13.956459" level="INFO">${response} = &lt;Response [200]&gt;</msg>
<var>${response}</var>
<arg>consultarAPI</arg>
<arg>/api</arg>
<doc>Sends a GET request on a previously created HTTP Session.</doc>
<status status="PASS" start="2024-07-02T20:17:13.888476" elapsed="0.068015"/>
</kw>
<kw name="Set Variable" owner="BuiltIn">
<msg time="2024-07-02T20:17:13.957373" level="INFO">${json_data} = {'results': [{'gender': 'male', 'name': {'title': 'Mr', 'first': 'میلاد', 'last': 'کریمی'}, 'location': {'street': {'number': 6386, 'name': 'شهید کشواد'}, 'city': 'دزفول', 'state': 'اردبیل', 'country'...</msg>
<var>${json_data}</var>
<arg>${response.json()}</arg>
<doc>Returns the given values which can then be assigned to a variables.</doc>
<status status="PASS" start="2024-07-02T20:17:13.956903" elapsed="0.000500"/>
</kw>
<kw name="Log" owner="BuiltIn">
<msg time="2024-07-02T20:17:13.957867" level="INFO">{'results': [{'gender': 'male', 'name': {'title': 'Mr', 'first': 'میلاد', 'last': 'کریمی'}, 'location': {'street': {'number': 6386, 'name': 'شهید کشواد'}, 'city': 'دزفول', 'state': 'اردبیل', 'country': 'Iran', 'postcode': 29798, 'coordinates': {'latitude': '14.6909', 'longitude': '-138.5374'}, 'timezone': {'offset': '+6:00', 'description': 'Almaty, Dhaka, Colombo'}}, 'email': 'myld.khrymy@example.com', 'login': {'uuid': 'edca8613-8030-4632-bb0e-77929ba0f236', 'username': 'beautifultiger494', 'password': 'ralph', 'salt': 'HdodAml8', 'md5': 'c6bfa3e9fbd575dfeb4652ce90904462', 'sha1': '5291c4623bdeeea04ee0597f5f6e7e0681fc9079', 'sha256': 'cad0263c4c3788e86036550993dde6c26f3ae0ee041f93b0b632a4a940275857'}, 'dob': {'date': '1971-10-30T11:41:07.709Z', 'age': 52}, 'registered': {'date': '2014-06-10T12:27:13.771Z', 'age': 10}, 'phone': '067-60912423', 'cell': '0912-675-5446', 'id': {'name': '', 'value': None}, 'picture': {'large': 'https://randomuser.me/api/portraits/men/16.jpg', 'medium': 'https://randomuser.me/api/portraits/med/men/16.jpg', 'thumbnail': 'https://randomuser.me/api/portraits/thumb/men/16.jpg'}, 'nat': 'IR'}], 'info': {'seed': '42b224911de997bb', 'results': 1, 'page': 1, 'version': '1.4'}}</msg>
<arg>${json_data}</arg>
<doc>Logs the given message with the given level.</doc>
<status status="PASS" start="2024-07-02T20:17:13.957708" elapsed="0.000217"/>
</kw>
<kw name="Should Be Equal As Numbers" owner="BuiltIn">
<arg>${json_data['results'][0]['location']['postcode']}</arg>
<arg>${json_data['results'][0]['location']['postcode']}</arg>
<doc>Fails if objects are unequal after converting them to real numbers.</doc>
<status status="PASS" start="2024-07-02T20:17:13.958214" elapsed="0.000679"/>
</kw>
<kw name="Log" owner="BuiltIn">
<msg time="2024-07-02T20:17:13.959410" level="INFO">29798</msg>
<arg>${json_data['results'][0]['location']['postcode']}</arg>
<doc>Logs the given message with the given level.</doc>
<status status="PASS" start="2024-07-02T20:17:13.959079" elapsed="0.000371"/>
</kw>
<status status="PASS" start="2024-07-02T20:17:13.888251" elapsed="0.071477"/>
</kw>
<doc>Testa se os tipos de dados na resposta da API estão corretos.</doc>
<tag>testeTiposDados</tag>
<status status="PASS" start="2024-07-02T20:17:13.813669" elapsed="0.146235"/>
</test>
<test id="s1-s1-t5" name="Validar conteudo" line="35">
<kw name="Teste de Tipos de Conteudo" owner="random-user-service">
<kw name="GET On Session" owner="RequestsLibrary">
<msg time="2024-07-02T20:17:14.053978" level="INFO">GET Request : url=https://randomuser.me/api 
 path_url=/api 
 headers={'User-Agent': 'python-requests/2.32.3', 'Accept-Encoding': 'gzip, deflate', 'Accept': '*/*', 'Connection': 'keep-alive'} 
 body=None 
 </msg>
<msg time="2024-07-02T20:17:14.054076" level="INFO">GET Response : url=https://randomuser.me/api 
 status=200, reason=OK 
 headers={'Date': 'Tue, 02 Jul 2024 20:17:14 GMT', 'Content-Type': 'application/json; charset=utf-8', 'Transfer-Encoding': 'chunked', 'Connection': 'keep-alive', 'X-Powered-By': 'Express', 'Access-Control-Allow-Origin': '*', 'Cache-Control': 'no-cache', 'ETag': 'W/"488-RhOxEFpvIn0nJGMb8h5vpEdVWB4"', 'Vary': 'Accept-Encoding', 'Content-Encoding': 'gzip', 'CF-Cache-Status': 'DYNAMIC', 'Report-To': '{"endpoints":[{"url":"https:\\/\\/a.nel.cloudflare.com\\/report\\/v4?s=T5OPiBJOHzUnehn0C2btQkXdvundRp6WskWELZbvqemmCklbyWhmeN29%2BsqDd5VNOvo9V5EGrJVfojEn0drS2%2FqCWQf1W1zVBI0eJ4T0Wm45eXvO6VPc6YWjh2SsIdCU"}],"group":"cf-nel","max_age":604800}', 'NEL': '{"success_fraction":0,"report_to":"cf-nel","max_age":604800}', 'Server': 'cloudflare', 'CF-RAY': '89d1516e4a3e57b5-IAD', 'alt-svc': 'h3=":443"; ma=86400'} 
 body={"results":[{"gender":"male","name":{"title":"Mr","first":"Alfred","last":"Edwards"},"location":{"street":{"number":7818,"name":"E Little York Rd"},"city":"Devonport","state":"Australian Capital Territory","country":"Australia","postcode":7297,"coordinates":{"latitude":"-86.8500","longitude":"-178.3854"},"timezone":{"offset":"-9:00","description":"Alaska"}},"email":"alfred.edwards@example.com","login":{"uuid":"032c351b-c4e3-4bcf-a62b-b3b048a7f3d2","username":"blackpeacock739","password":"hellas","salt":"Vp4mRW0A","md5":"ece838de1de4983ee2ca8cc84d62c8c1","sha1":"399abbaff144ed48cae0cf74b877707ed1a74fa8","sha256":"51bc0fd3de9d14d76c5c86966988059a73e1db7272a02b9d5e5022e212aa571d"},"dob":{"date":"1956-12-08T02:34:51.692Z","age":67},"registered":{"date":"2016-10-18T19:47:05.439Z","age":7},"phone":"03-5649-1819","cell":"0462-827-646","id":{"name":"TFN","value":"748778447"},"picture":{"large":"https://randomuser.me/api/portraits/men/1.jpg","medium":"https://randomuser.me/api/portraits/med/men/1.jpg","thumbnail":"https://randomuser.me/api/portraits/thumb/men/1.jpg"},"nat":"AU"}],"info":{"seed":"24d503c1869710e7","results":1,"page":1,"version":"1.4"}} 
 </msg>
<msg time="2024-07-02T20:17:14.054161" level="INFO">/opt/hostedtoolcache/Python/3.12.4/x64/lib/python3.12/site-packages/urllib3/connectionpool.py:1099: InsecureRequestWarning: Unverified HTTPS request is being made to host 'randomuser.me'. Adding certificate verification is strongly advised. See: https://urllib3.readthedocs.io/en/latest/advanced-usage.html#tls-warnings
  warnings.warn(</msg>
<msg time="2024-07-02T20:17:14.054275" level="INFO">${response} = &lt;Response [200]&gt;</msg>
<var>${response}</var>
<arg>consultarAPI</arg>
<arg>/api</arg>
<doc>Sends a GET request on a previously created HTTP Session.</doc>
<status status="PASS" start="2024-07-02T20:17:13.962532" elapsed="0.091769"/>
</kw>
<kw name="Set Variable" owner="BuiltIn">
<msg time="2024-07-02T20:17:14.055358" level="INFO">${json_data} = {'results': [{'gender': 'male', 'name': {'title': 'Mr', 'first': 'Alfred', 'last': 'Edwards'}, 'location': {'street': {'number': 7818, 'name': 'E Little York Rd'}, 'city': 'Devonport', 'state': 'Austr...</msg>
<var>${json_data}</var>
<arg>${response.json()}</arg>
<doc>Returns the given values which can then be assigned to a variables.</doc>
<status status="PASS" start="2024-07-02T20:17:14.054858" elapsed="0.000530"/>
</kw>
<kw name="Set Variable" owner="BuiltIn">
<msg time="2024-07-02T20:17:14.056067" level="INFO">${name_title} = Mr</msg>
<var>${name_title}</var>
<arg>${json_data["results"][0]["name"]["title"]}</arg>
<doc>Returns the given values which can then be assigned to a variables.</doc>
<status status="PASS" start="2024-07-02T20:17:14.055693" elapsed="0.000399"/>
</kw>
<kw name="Create List" owner="BuiltIn">
<msg time="2024-07-02T20:17:14.056536" level="INFO">${allowed_titles} = ['Mr', 'Ms', 'Miss', 'Mrs', 'Madame', 'Monsieur']</msg>
<var>${allowed_titles}</var>
<arg>Mr</arg>
<arg>Ms</arg>
<arg>Miss</arg>
<arg>Mrs</arg>
<arg>Madame</arg>
<arg>Monsieur</arg>
<doc>Returns a list containing given items.</doc>
<status status="PASS" start="2024-07-02T20:17:14.056387" elapsed="0.000173"/>
</kw>
<kw name="List Should Contain Value" owner="Collections">
<arg>${allowed_titles}</arg>
<arg>${name_title}</arg>
<doc>Fails if the ``value`` is not found from ``list``.</doc>
<status status="PASS" start="2024-07-02T20:17:14.056859" elapsed="0.000176"/>
</kw>
<kw name="Set Variable" owner="BuiltIn">
<msg time="2024-07-02T20:17:14.057574" level="INFO">${name_country} = AU</msg>
<var>${name_country}</var>
<arg>${json_data["results"][0]["nat"]}</arg>
<doc>Returns the given values which can then be assigned to a variables.</doc>
<status status="PASS" start="2024-07-02T20:17:14.057212" elapsed="0.000387"/>
</kw>
<kw name="Create List" owner="BuiltIn">
<msg time="2024-07-02T20:17:14.058530" level="INFO">${list_country} = ['AD', 'AE', 'AF', 'AG', 'AI', 'AL', 'AM', 'AO', 'AQ', 'AR', 'AS', 'AT', 'AU', 'AW', 'AX', 'AZ', 'BA', 'BB', 'BD', 'BE', 'BF', 'BG', 'BH', 'BI', 'BJ', 'BL', 'BM', 'BN', 'BO', 'BQ', 'BR', 'BS', 'BT', '...</msg>
<var>${list_country}</var>
<arg>AD</arg>
<arg>AE</arg>
<arg>AF</arg>
<arg>AG</arg>
<arg>AI</arg>
<arg>AL</arg>
<arg>AM</arg>
<arg>AO</arg>
<arg>AQ</arg>
<arg>AR</arg>
<arg>AS</arg>
<arg>AT</arg>
<arg>AU</arg>
<arg>AW</arg>
<arg>AX</arg>
<arg>AZ</arg>
<arg>BA</arg>
<arg>BB</arg>
<arg>BD</arg>
<arg>BE</arg>
<arg>BF</arg>
<arg>BG</arg>
<arg>BH</arg>
<arg>BI</arg>
<arg>BJ</arg>
<arg>BL</arg>
<arg>BM</arg>
<arg>BN</arg>
<arg>BO</arg>
<arg>BQ</arg>
<arg>BR</arg>
<arg>BS</arg>
<arg>BT</arg>
<arg>BV</arg>
<arg>BW</arg>
<arg>BY</arg>
<arg>BZ</arg>
<arg>CA</arg>
<arg>CC</arg>
<arg>CD</arg>
<arg>CF</arg>
<arg>CG</arg>
<arg>CH</arg>
<arg>CI</arg>
<arg>CK</arg>
<arg>CL</arg>
<arg>CM</arg>
<arg>CN</arg>
<arg>CO</arg>
<arg>CR</arg>
<arg>CU</arg>
<arg>CV</arg>
<arg>CW</arg>
<arg>CX</arg>
<arg>CY</arg>
<arg>CZ</arg>
<arg>DE</arg>
<arg>DJ</arg>
<arg>DK</arg>
<arg>DM</arg>
<arg>DO</arg>
<arg>DZ</arg>
<arg>EC</arg>
<arg>EE</arg>
<arg>EG</arg>
<arg>EH</arg>
<arg>ER</arg>
<arg>ES</arg>
<arg>ET</arg>
<arg>FI</arg>
<arg>FJ</arg>
<arg>FK</arg>
<arg>FM</arg>
<arg>FO</arg>
<arg>FR</arg>
<arg>GA</arg>
<arg>GB</arg>
<arg>GD</arg>
<arg>GE</arg>
<arg>GF</arg>
<arg>GG</arg>
<arg>GH</arg>
<arg>GI</arg>
<arg>GL</arg>
<arg>GM</arg>
<arg>GN</arg>
<arg>GP</arg>
<arg>GQ</arg>
<arg>GR</arg>
<arg>GS</arg>
<arg>GT</arg>
<arg>GU</arg>
<arg>GW</arg>
<arg>GY</arg>
<arg>HK</arg>
<arg>HM</arg>
<arg>HN</arg>
<arg>HR</arg>
<arg>HT</arg>
<arg>HU</arg>
<arg>ID</arg>
<arg>IE</arg>
<arg>IL</arg>
<arg>IM</arg>
<arg>IN</arg>
<arg>IO</arg>
<arg>IQ</arg>
<arg>IR</arg>
<arg>IS</arg>
<arg>IT</arg>
<arg>JE</arg>
<arg>JM</arg>
<arg>JO</arg>
<arg>JP</arg>
<arg>KE</arg>
<arg>KG</arg>
<arg>KH</arg>
<arg>KI</arg>
<arg>KM</arg>
<arg>KN</arg>
<arg>KP</arg>
<arg>KR</arg>
<arg>KW</arg>
<arg>KY</arg>
<arg>KZ</arg>
<arg>LA</arg>
<arg>LB</arg>
<arg>LC</arg>
<arg>LI</arg>
<arg>LK</arg>
<arg>LR</arg>
<arg>LS</arg>
<arg>LT</arg>
<arg>LU</arg>
<arg>LV</arg>
<arg>LY</arg>
<arg>MA</arg>
<arg>MC</arg>
<arg>MD</arg>
<arg>ME</arg>
<arg>MF</arg>
<arg>MG</arg>
<arg>MH</arg>
<arg>MK</arg>
<arg>ML</arg>
<arg>MM</arg>
<arg>MN</arg>
<arg>MO</arg>
<arg>MP</arg>
<arg>MQ</arg>
<arg>MR</arg>
<arg>MS</arg>
<arg>MT</arg>
<arg>MU</arg>
<arg>MV</arg>
<arg>MW</arg>
<arg>MX</arg>
<arg>MY</arg>
<arg>MZ</arg>
<arg>NA</arg>
<arg>NC</arg>
<arg>NE</arg>
<arg>NF</arg>
<arg>NG</arg>
<arg>NI</arg>
<arg>NL</arg>
<arg>NO</arg>
<arg>NP</arg>
<arg>NR</arg>
<arg>NU</arg>
<arg>NZ</arg>
<arg>OM</arg>
<arg>PA</arg>
<arg>PE</arg>
<arg>PF</arg>
<arg>PG</arg>
<arg>PH</arg>
<arg>PK</arg>
<arg>PL</arg>
<arg>PM</arg>
<arg>PN</arg>
<arg>PR</arg>
<arg>PS</arg>
<arg>PT</arg>
<arg>PW</arg>
<arg>PY</arg>
<arg>QA</arg>
<arg>RE</arg>
<arg>RO</arg>
<arg>RS</arg>
<arg>RU</arg>
<arg>RW</arg>
<arg>SA</arg>
<arg>SB</arg>
<arg>SC</arg>
<arg>SD</arg>
<arg>SE</arg>
<arg>SG</arg>
<arg>SH</arg>
<arg>SI</arg>
<arg>SJ</arg>
<arg>SK</arg>
<arg>SL</arg>
<arg>SM</arg>
<arg>SN</arg>
<arg>SO</arg>
<arg>SR</arg>
<arg>SS</arg>
<arg>ST</arg>
<arg>SV</arg>
<arg>SX</arg>
<arg>SY</arg>
<arg>SZ</arg>
<arg>TC</arg>
<arg>TD</arg>
<arg>TF</arg>
<arg>TG</arg>
<arg>TH</arg>
<arg>TJ</arg>
<arg>TK</arg>
<arg>TL</arg>
<arg>TM</arg>
<arg>TN</arg>
<arg>TO</arg>
<arg>TR</arg>
<arg>TT</arg>
<arg>TV</arg>
<arg>TW</arg>
<arg>TZ</arg>
<arg>UA</arg>
<arg>UG</arg>
<arg>UM</arg>
<arg>US</arg>
<arg>UY</arg>
<arg>UZ</arg>
<arg>VA</arg>
<arg>VC</arg>
<arg>VE</arg>
<arg>VG</arg>
<arg>VI</arg>
<arg>VN</arg>
<arg>VU</arg>
<arg>WF</arg>
<arg>WS</arg>
<arg>XK</arg>
<arg>YE</arg>
<arg>YT</arg>
<arg>ZA</arg>
<arg>ZM</arg>
<arg>ZW</arg>
<doc>Returns a list containing given items.</doc>
<status status="PASS" start="2024-07-02T20:17:14.057889" elapsed="0.000667"/>
</kw>
<kw name="List Should Contain Value" owner="Collections">
<arg>${list_country}</arg>
<arg>${name_country}</arg>
<doc>Fails if the ``value`` is not found from ``list``.</doc>
<status status="PASS" start="2024-07-02T20:17:14.059351" elapsed="0.000200"/>
</kw>
<kw name="Run Keyword If" owner="BuiltIn">
<kw name="Should Be True" owner="BuiltIn">
<arg>${True}</arg>
<doc>Fails if the given condition is not true.</doc>
<status status="PASS" start="2024-07-02T20:17:14.060493" elapsed="0.000140"/>
</kw>
<arg>${json_data["results"][0]["location"]["coordinates"]["latitude"]} &gt;= -90 and ${json_data["results"][0]["location"]["coordinates"]["latitude"]} &lt;= 90</arg>
<arg>Should Be True</arg>
<arg>${True}</arg>
<doc>Runs the given keyword with the given arguments, if ``condition`` is true.</doc>
<status status="PASS" start="2024-07-02T20:17:14.059759" elapsed="0.000998"/>
</kw>
<kw name="Run Keyword If" owner="BuiltIn">
<kw name="Should Be True" owner="BuiltIn">
<arg>${True}</arg>
<doc>Fails if the given condition is not true.</doc>
<status status="PASS" start="2024-07-02T20:17:14.061622" elapsed="0.000134"/>
</kw>
<arg>${json_data["results"][0]["location"]["coordinates"]["longitude"]} &gt;= -180 and ${json_data["results"][0]["location"]["coordinates"]["longitude"]} &lt;= 180</arg>
<arg>Should Be True</arg>
<arg>${True}</arg>
<doc>Runs the given keyword with the given arguments, if ``condition`` is true.</doc>
<status status="PASS" start="2024-07-02T20:17:14.060937" elapsed="0.000939"/>
</kw>
<status status="PASS" start="2024-07-02T20:17:13.962145" elapsed="0.099862"/>
</kw>
<doc>Testa o conteúdo específico dos campos retornados pela API.</doc>
<tag>testeConteudo</tag>
<status status="PASS" start="2024-07-02T20:17:13.961714" elapsed="0.100449"/>
</test>
<status status="PASS" start="2024-07-02T20:17:12.952046" elapsed="1.112064"/>
</suite>
<status status="PASS" start="2024-07-02T20:17:12.937813" elapsed="1.131379"/>
</suite>
<statistics>
<total>
<stat pass="5" fail="0" skip="0">All Tests</stat>
</total>
<tag>
<stat pass="1" fail="0" skip="0">testeConteudo</stat>
<stat pass="1" fail="0" skip="0">testeEstruturaResposta</stat>
<stat pass="1" fail="0" skip="0">testeRequisicaoBasica</stat>
<stat pass="1" fail="0" skip="0">testeTiposDados</stat>
</tag>
<suite>
<stat pass="5" fail="0" skip="0" id="s1" name="Tests">Tests</stat>
<stat pass="5" fail="0" skip="0" id="s1-s1" name="Random-User-Test">Tests.Random-User-Test</stat>
</suite>
</statistics>
<errors>
</errors>
</robot>
