<?xml version="1.0" encoding="UTF-8"?>
<robot generator="Robot 7.0 (Python 3.12.3 on linux)" generated="2024-05-29T15:16:27.833581" rpa="false" schemaversion="5">
<suite id="s1" name="Tests" source="/home/runner/work/ApiRandomUser/ApiRandomUser/RamdonUser/tests">
<suite id="s1-s1" name="Random-User-Test" source="/home/runner/work/ApiRandomUser/ApiRandomUser/RamdonUser/tests/random-user-test.robot">
<test id="s1-s1-t1" name="Conectar" line="13">
<kw name="Conectar API" owner="random-user-service">
<kw name="Create Session" owner="RequestsLibrary">
<msg time="2024-05-29T15:16:28.214931" level="INFO">Creating Session using : alias=consultarAPI, url=https://randomuser.me/, headers={},                     cookies={}, auth=None, timeout=None, proxies=None, verify=False,                     debug=0 </msg>
<arg>consultarAPI</arg>
<arg>${URL}</arg>
<doc>Create Session: create a HTTP session to a server</doc>
<status status="PASS" start="2024-05-29T15:16:28.214732" elapsed="0.000380"/>
</kw>
<status status="PASS" start="2024-05-29T15:16:28.213696" elapsed="0.001769"/>
</kw>
<status status="PASS" start="2024-05-29T15:16:28.213082" elapsed="0.002575"/>
</test>
<test id="s1-s1-t2" name="Validar retorno 200 e JSON Válido" line="16">
<kw name="Teste de Requisicao Basica" owner="random-user-service">
<kw name="GET On Session" owner="RequestsLibrary">
<msg time="2024-05-29T15:16:28.400087" level="INFO">GET Request : url=https://randomuser.me/api 
 path_url=/api 
 headers={'User-Agent': 'python-requests/2.32.2', 'Accept-Encoding': 'gzip, deflate', 'Accept': '*/*', 'Connection': 'keep-alive'} 
 body=None 
 </msg>
<msg time="2024-05-29T15:16:28.400238" level="INFO">GET Response : url=https://randomuser.me/api 
 status=200, reason=OK 
 headers={'Date': 'Wed, 29 May 2024 15:16:28 GMT', 'Content-Type': 'application/json; charset=utf-8', 'Transfer-Encoding': 'chunked', 'Connection': 'keep-alive', 'X-Powered-By': 'Express', 'Access-Control-Allow-Origin': '*', 'Cache-Control': 'no-cache', 'ETag': 'W/"492-FCQwcmXE2f+ApKlMlGOaPxNcHvs"', 'Vary': 'Accept-Encoding', 'Content-Encoding': 'gzip', 'CF-Cache-Status': 'DYNAMIC', 'Report-To': '{"endpoints":[{"url":"https:\\/\\/a.nel.cloudflare.com\\/report\\/v4?s=zY%2B5t8oad%2FeqI1JBu1Z5huuTKyWG4yNSzrIDYRPpKPV%2F5AQ%2Fn%2BBNOO%2FAzAhN%2BGYCDBhOMUG2PDYJR0oRJQd6S3TD%2BU4bmAMpk0PqW47Dil%2Bk0OjCb5QUlwsnO%2BnDRszg"}],"group":"cf-nel","max_age":604800}', 'NEL': '{"success_fraction":0,"report_to":"cf-nel","max_age":604800}', 'Server': 'cloudflare', 'CF-RAY': '88b7721d4dae380b-IAD', 'alt-svc': 'h3=":443"; ma=86400'} 
 body={"results":[{"gender":"female","name":{"title":"Ms","first":"Eve","last":"Giraud"},"location":{"street":{"number":1997,"name":"Rue Abel"},"city":"Brest","state":"Ardennes","country":"France","postcode":63986,"coordinates":{"latitude":"-19.9991","longitude":"127.2536"},"timezone":{"offset":"+10:00","description":"Eastern Australia, Guam, Vladivostok"}},"email":"eve.giraud@example.com","login":{"uuid":"66ef3530-9f2d-4cb3-bf13-334b745211fe","username":"blueduck301","password":"ashleigh","salt":"8i2XSn87","md5":"1039d5cfd053e70ded3376ac2e076958","sha1":"58dd5a68fba9816abb721ea7167ffdd6bd9fb019","sha256":"3a74fbc219e287dc7cff9cdb8792ac1c22464b517a8ad5c9ce4c6a574d2fa824"},"dob":{"date":"1961-06-30T13:35:47.917Z","age":62},"registered":{"date":"2017-01-05T03:20:06.901Z","age":7},"phone":"02-31-01-99-64","cell":"06-71-99-68-21","id":{"name":"INSEE","value":"2610516882921 24"},"picture":{"large":"https://randomuser.me/api/portraits/women/43.jpg","medium":"https://randomuser.me/api/portraits/med/women/43.jpg","thumbnail":"https://randomuser.me/api/portraits/thumb/women/43.jpg"},"nat":"FR"}],"info":{"seed":"12a62d37010d10a2","results":1,"page":1,"version":"1.4"}} 
 </msg>
<msg time="2024-05-29T15:16:28.400319" level="INFO">/opt/hostedtoolcache/Python/3.12.3/x64/lib/python3.12/site-packages/urllib3/connectionpool.py:1103: InsecureRequestWarning: Unverified HTTPS request is being made to host 'randomuser.me'. Adding certificate verification is strongly advised. See: https://urllib3.readthedocs.io/en/latest/advanced-usage.html#tls-warnings
  warnings.warn(</msg>
<msg time="2024-05-29T15:16:28.400452" level="INFO">${response} = &lt;Response [200]&gt;</msg>
<var>${response}</var>
<arg>consultarAPI</arg>
<arg>/api</arg>
<doc>Sends a GET request on a previously created HTTP Session.</doc>
<status status="PASS" start="2024-05-29T15:16:28.218315" elapsed="0.182191"/>
</kw>
<kw name="Should Be Equal As Numbers" owner="BuiltIn">
<msg time="2024-05-29T15:16:28.401493" level="INFO">Argument types are:
&lt;class 'int'&gt;
&lt;class 'str'&gt;</msg>
<arg>${response.status_code}</arg>
<arg>200</arg>
<doc>Fails if objects are unequal after converting them to real numbers.</doc>
<status status="PASS" start="2024-05-29T15:16:28.401030" elapsed="0.000532"/>
</kw>
<kw name="Log" owner="BuiltIn">
<msg time="2024-05-29T15:16:28.402273" level="INFO">200</msg>
<arg>${response.status_code}</arg>
<doc>Logs the given message with the given level.</doc>
<status status="PASS" start="2024-05-29T15:16:28.401924" elapsed="0.000398"/>
</kw>
<kw name="Set Variable" owner="BuiltIn">
<msg time="2024-05-29T15:16:28.403068" level="INFO">${json_data} = {'results': [{'gender': 'female', 'name': {'title': 'Ms', 'first': 'Eve', 'last': 'Giraud'}, 'location': {'street': {'number': 1997, 'name': 'Rue Abel'}, 'city': 'Brest', 'state': 'Ardennes', 'country...</msg>
<var>${json_data}</var>
<arg>${response.json()}</arg>
<doc>Returns the given values which can then be assigned to a variables.</doc>
<status status="PASS" start="2024-05-29T15:16:28.402630" elapsed="0.000469"/>
</kw>
<kw name="Dictionary Should Contain Key" owner="Collections">
<msg time="2024-05-29T15:16:28.403590" level="INFO">False</msg>
<arg>${json_data}</arg>
<arg>results</arg>
<doc>Fails if ``key`` is not found from ``dictionary``.</doc>
<status status="PASS" start="2024-05-29T15:16:28.403416" elapsed="0.000369"/>
</kw>
<status status="PASS" start="2024-05-29T15:16:28.218071" elapsed="0.186017"/>
</kw>
<doc>Testa se a API responde corretamente e retorna um objeto JSON válido.</doc>
<tag>testeRequisicaoBasica</tag>
<status status="PASS" start="2024-05-29T15:16:28.217561" elapsed="0.186724"/>
</test>
<test id="s1-s1-t3" name="Validar estrutura de resposta" line="22">
<kw name="Teste de Estrutura de Resposta" owner="random-user-service">
<kw name="GET On Session" owner="RequestsLibrary">
<msg time="2024-05-29T15:16:28.504806" level="INFO">GET Request : url=https://randomuser.me/api 
 path_url=/api 
 headers={'User-Agent': 'python-requests/2.32.2', 'Accept-Encoding': 'gzip, deflate', 'Accept': '*/*', 'Connection': 'keep-alive'} 
 body=None 
 </msg>
<msg time="2024-05-29T15:16:28.504909" level="INFO">GET Response : url=https://randomuser.me/api 
 status=200, reason=OK 
 headers={'Date': 'Wed, 29 May 2024 15:16:28 GMT', 'Content-Type': 'application/json; charset=utf-8', 'Transfer-Encoding': 'chunked', 'Connection': 'keep-alive', 'X-Powered-By': 'Express', 'Access-Control-Allow-Origin': '*', 'Cache-Control': 'no-cache', 'ETag': 'W/"49b-a8ZldD6l1nwMbE+OkXsqnIT49WE"', 'Vary': 'Accept-Encoding', 'Content-Encoding': 'gzip', 'CF-Cache-Status': 'DYNAMIC', 'Report-To': '{"endpoints":[{"url":"https:\\/\\/a.nel.cloudflare.com\\/report\\/v4?s=6d3IUiuw5LnxVdmYMdGr50EfGSn9N5OHF77h77SmRQ3a7hzvXbwvM3cf3JBab5H8BLrQD11LaGQZVIhWxOjT2mkI6SFqax6%2BWGPFNBR22rCd0eZxn9YE7qh%2Fa4sKP0BW"}],"group":"cf-nel","max_age":604800}', 'NEL': '{"success_fraction":0,"report_to":"cf-nel","max_age":604800}', 'Server': 'cloudflare', 'CF-RAY': '88b7721d9de5380b-IAD', 'alt-svc': 'h3=":443"; ma=86400'} 
 body={"results":[{"gender":"female","name":{"title":"Ms","first":"Ariane","last":"Bergeron"},"location":{"street":{"number":7601,"name":"Grand Marais Ave"},"city":"Field","state":"Ontario","country":"Canada","postcode":"M2D 0Z0","coordinates":{"latitude":"-65.9309","longitude":"135.0179"},"timezone":{"offset":"+9:00","description":"Tokyo, Seoul, Osaka, Sapporo, Yakutsk"}},"email":"ariane.bergeron@example.com","login":{"uuid":"21cec85a-e7d5-4679-ab8f-3546a60644b7","username":"yellowduck404","password":"lowell","salt":"B1uyELkS","md5":"9a724899b294dff518a460cbf5de91b1","sha1":"4977b38348693ff038b401a747e82027b6c1c0c1","sha256":"25a1850b566dd55f8f723c15c178021c7fe9e69efa70a1d223bb551ba1dd7445"},"dob":{"date":"1959-09-22T16:44:29.887Z","age":64},"registered":{"date":"2010-04-06T16:00:27.128Z","age":14},"phone":"L04 H27-4675","cell":"L99 C76-8078","id":{"name":"SIN","value":"356494765"},"picture":{"large":"https://randomuser.me/api/portraits/women/64.jpg","medium":"https://randomuser.me/api/portraits/med/women/64.jpg","thumbnail":"https://randomuser.me/api/portraits/thumb/women/64.jpg"},"nat":"CA"}],"info":{"seed":"d6de49ded5bea6a6","results":1,"page":1,"version":"1.4"}} 
 </msg>
<msg time="2024-05-29T15:16:28.505037" level="INFO">/opt/hostedtoolcache/Python/3.12.3/x64/lib/python3.12/site-packages/urllib3/connectionpool.py:1103: InsecureRequestWarning: Unverified HTTPS request is being made to host 'randomuser.me'. Adding certificate verification is strongly advised. See: https://urllib3.readthedocs.io/en/latest/advanced-usage.html#tls-warnings
  warnings.warn(</msg>
<msg time="2024-05-29T15:16:28.505159" level="INFO">${response} = &lt;Response [200]&gt;</msg>
<var>${response}</var>
<arg>consultarAPI</arg>
<arg>/api</arg>
<doc>Sends a GET request on a previously created HTTP Session.</doc>
<status status="PASS" start="2024-05-29T15:16:28.406853" elapsed="0.098366"/>
</kw>
<kw name="Set Variable" owner="BuiltIn">
<msg time="2024-05-29T15:16:28.506299" level="INFO">${json_data} = {'results': [{'gender': 'female', 'name': {'title': 'Ms', 'first': 'Ariane', 'last': 'Bergeron'}, 'location': {'street': {'number': 7601, 'name': 'Grand Marais Ave'}, 'city': 'Field', 'state': 'Ontari...</msg>
<var>${json_data}</var>
<arg>${response.json()}</arg>
<doc>Returns the given values which can then be assigned to a variables.</doc>
<status status="PASS" start="2024-05-29T15:16:28.505768" elapsed="0.000561"/>
</kw>
<kw name="Log" owner="BuiltIn">
<msg time="2024-05-29T15:16:28.506800" level="INFO">{'results': [{'gender': 'female', 'name': {'title': 'Ms', 'first': 'Ariane', 'last': 'Bergeron'}, 'location': {'street': {'number': 7601, 'name': 'Grand Marais Ave'}, 'city': 'Field', 'state': 'Ontario', 'country': 'Canada', 'postcode': 'M2D 0Z0', 'coordinates': {'latitude': '-65.9309', 'longitude': '135.0179'}, 'timezone': {'offset': '+9:00', 'description': 'Tokyo, Seoul, Osaka, Sapporo, Yakutsk'}}, 'email': 'ariane.bergeron@example.com', 'login': {'uuid': '21cec85a-e7d5-4679-ab8f-3546a60644b7', 'username': 'yellowduck404', 'password': 'lowell', 'salt': 'B1uyELkS', 'md5': '9a724899b294dff518a460cbf5de91b1', 'sha1': '4977b38348693ff038b401a747e82027b6c1c0c1', 'sha256': '25a1850b566dd55f8f723c15c178021c7fe9e69efa70a1d223bb551ba1dd7445'}, 'dob': {'date': '1959-09-22T16:44:29.887Z', 'age': 64}, 'registered': {'date': '2010-04-06T16:00:27.128Z', 'age': 14}, 'phone': 'L04 H27-4675', 'cell': 'L99 C76-8078', 'id': {'name': 'SIN', 'value': '356494765'}, 'picture': {'large': 'https://randomuser.me/api/portraits/women/64.jpg', 'medium': 'https://randomuser.me/api/portraits/med/women/64.jpg', 'thumbnail': 'https://randomuser.me/api/portraits/thumb/women/64.jpg'}, 'nat': 'CA'}], 'info': {'seed': 'd6de49ded5bea6a6', 'results': 1, 'page': 1, 'version': '1.4'}}</msg>
<arg>${json_data}</arg>
<doc>Logs the given message with the given level.</doc>
<status status="PASS" start="2024-05-29T15:16:28.506640" elapsed="0.000209"/>
</kw>
<kw name="Dictionary Should Contain Key" owner="Collections">
<msg time="2024-05-29T15:16:28.507299" level="INFO">False</msg>
<arg>${json_data}</arg>
<arg>results</arg>
<doc>Fails if ``key`` is not found from ``dictionary``.</doc>
<status status="PASS" start="2024-05-29T15:16:28.507143" elapsed="0.000192"/>
</kw>
<kw name="Should Not Be Empty" owner="BuiltIn">
<msg time="2024-05-29T15:16:28.507764" level="INFO">Length is 2.</msg>
<arg>${json_data}</arg>
<doc>Verifies that the given item is not empty.</doc>
<status status="PASS" start="2024-05-29T15:16:28.507632" elapsed="0.000171"/>
</kw>
<kw name="Create List" owner="BuiltIn">
<msg time="2024-05-29T15:16:28.508289" level="INFO">${expected_keys} = ['gender', 'name', 'location', 'email', 'login']</msg>
<var>${expected_keys}</var>
<arg>gender</arg>
<arg>name</arg>
<arg>location</arg>
<arg>email</arg>
<arg>login</arg>
<doc>Returns a list containing given items.</doc>
<status status="PASS" start="2024-05-29T15:16:28.508125" elapsed="0.000189"/>
</kw>
<for flavor="IN">
<iter>
<kw name="Dictionary Should Contain Key" owner="Collections">
<msg time="2024-05-29T15:16:28.509301" level="INFO">False</msg>
<arg>${json_data['results'][0]}</arg>
<arg>${key}</arg>
<doc>Fails if ``key`` is not found from ``dictionary``.</doc>
<status status="PASS" start="2024-05-29T15:16:28.508899" elapsed="0.000443"/>
</kw>
<kw name="Log" owner="BuiltIn">
<msg time="2024-05-29T15:16:28.510014" level="INFO">{'gender': 'female', 'name': {'title': 'Ms', 'first': 'Ariane', 'last': 'Bergeron'}, 'location': {'street': {'number': 7601, 'name': 'Grand Marais Ave'}, 'city': 'Field', 'state': 'Ontario', 'country': 'Canada', 'postcode': 'M2D 0Z0', 'coordinates': {'latitude': '-65.9309', 'longitude': '135.0179'}, 'timezone': {'offset': '+9:00', 'description': 'Tokyo, Seoul, Osaka, Sapporo, Yakutsk'}}, 'email': 'ariane.bergeron@example.com', 'login': {'uuid': '21cec85a-e7d5-4679-ab8f-3546a60644b7', 'username': 'yellowduck404', 'password': 'lowell', 'salt': 'B1uyELkS', 'md5': '9a724899b294dff518a460cbf5de91b1', 'sha1': '4977b38348693ff038b401a747e82027b6c1c0c1', 'sha256': '25a1850b566dd55f8f723c15c178021c7fe9e69efa70a1d223bb551ba1dd7445'}, 'dob': {'date': '1959-09-22T16:44:29.887Z', 'age': 64}, 'registered': {'date': '2010-04-06T16:00:27.128Z', 'age': 14}, 'phone': 'L04 H27-4675', 'cell': 'L99 C76-8078', 'id': {'name': 'SIN', 'value': '356494765'}, 'picture': {'large': 'https://randomuser.me/api/portraits/women/64.jpg', 'medium': 'https://randomuser.me/api/portraits/med/women/64.jpg', 'thumbnail': 'https://randomuser.me/api/portraits/thumb/women/64.jpg'}, 'nat': 'CA'}</msg>
<arg>${json_data['results'][0]}</arg>
<doc>Logs the given message with the given level.</doc>
<status status="PASS" start="2024-05-29T15:16:28.509644" elapsed="0.000421"/>
</kw>
<kw name="Log" owner="BuiltIn">
<msg time="2024-05-29T15:16:28.510500" level="INFO">gender</msg>
<arg>${key}</arg>
<doc>Logs the given message with the given level.</doc>
<status status="PASS" start="2024-05-29T15:16:28.510370" elapsed="0.000167"/>
</kw>
<var name="${key}">gender</var>
<status status="PASS" start="2024-05-29T15:16:28.508772" elapsed="0.001978"/>
</iter>
<iter>
<kw name="Dictionary Should Contain Key" owner="Collections">
<msg time="2024-05-29T15:16:28.511444" level="INFO">False</msg>
<arg>${json_data['results'][0]}</arg>
<arg>${key}</arg>
<doc>Fails if ``key`` is not found from ``dictionary``.</doc>
<status status="PASS" start="2024-05-29T15:16:28.511064" elapsed="0.000418"/>
</kw>
<kw name="Log" owner="BuiltIn">
<msg time="2024-05-29T15:16:28.512219" level="INFO">{'gender': 'female', 'name': {'title': 'Ms', 'first': 'Ariane', 'last': 'Bergeron'}, 'location': {'street': {'number': 7601, 'name': 'Grand Marais Ave'}, 'city': 'Field', 'state': 'Ontario', 'country': 'Canada', 'postcode': 'M2D 0Z0', 'coordinates': {'latitude': '-65.9309', 'longitude': '135.0179'}, 'timezone': {'offset': '+9:00', 'description': 'Tokyo, Seoul, Osaka, Sapporo, Yakutsk'}}, 'email': 'ariane.bergeron@example.com', 'login': {'uuid': '21cec85a-e7d5-4679-ab8f-3546a60644b7', 'username': 'yellowduck404', 'password': 'lowell', 'salt': 'B1uyELkS', 'md5': '9a724899b294dff518a460cbf5de91b1', 'sha1': '4977b38348693ff038b401a747e82027b6c1c0c1', 'sha256': '25a1850b566dd55f8f723c15c178021c7fe9e69efa70a1d223bb551ba1dd7445'}, 'dob': {'date': '1959-09-22T16:44:29.887Z', 'age': 64}, 'registered': {'date': '2010-04-06T16:00:27.128Z', 'age': 14}, 'phone': 'L04 H27-4675', 'cell': 'L99 C76-8078', 'id': {'name': 'SIN', 'value': '356494765'}, 'picture': {'large': 'https://randomuser.me/api/portraits/women/64.jpg', 'medium': 'https://randomuser.me/api/portraits/med/women/64.jpg', 'thumbnail': 'https://randomuser.me/api/portraits/thumb/women/64.jpg'}, 'nat': 'CA'}</msg>
<arg>${json_data['results'][0]}</arg>
<doc>Logs the given message with the given level.</doc>
<status status="PASS" start="2024-05-29T15:16:28.511806" elapsed="0.000462"/>
</kw>
<kw name="Log" owner="BuiltIn">
<msg time="2024-05-29T15:16:28.512695" level="INFO">name</msg>
<arg>${key}</arg>
<doc>Logs the given message with the given level.</doc>
<status status="PASS" start="2024-05-29T15:16:28.512567" elapsed="0.000165"/>
</kw>
<var name="${key}">name</var>
<status status="PASS" start="2024-05-29T15:16:28.510938" elapsed="0.002012"/>
</iter>
<iter>
<kw name="Dictionary Should Contain Key" owner="Collections">
<msg time="2024-05-29T15:16:28.513609" level="INFO">False</msg>
<arg>${json_data['results'][0]}</arg>
<arg>${key}</arg>
<doc>Fails if ``key`` is not found from ``dictionary``.</doc>
<status status="PASS" start="2024-05-29T15:16:28.513239" elapsed="0.000407"/>
</kw>
<kw name="Log" owner="BuiltIn">
<msg time="2024-05-29T15:16:28.514310" level="INFO">{'gender': 'female', 'name': {'title': 'Ms', 'first': 'Ariane', 'last': 'Bergeron'}, 'location': {'street': {'number': 7601, 'name': 'Grand Marais Ave'}, 'city': 'Field', 'state': 'Ontario', 'country': 'Canada', 'postcode': 'M2D 0Z0', 'coordinates': {'latitude': '-65.9309', 'longitude': '135.0179'}, 'timezone': {'offset': '+9:00', 'description': 'Tokyo, Seoul, Osaka, Sapporo, Yakutsk'}}, 'email': 'ariane.bergeron@example.com', 'login': {'uuid': '21cec85a-e7d5-4679-ab8f-3546a60644b7', 'username': 'yellowduck404', 'password': 'lowell', 'salt': 'B1uyELkS', 'md5': '9a724899b294dff518a460cbf5de91b1', 'sha1': '4977b38348693ff038b401a747e82027b6c1c0c1', 'sha256': '25a1850b566dd55f8f723c15c178021c7fe9e69efa70a1d223bb551ba1dd7445'}, 'dob': {'date': '1959-09-22T16:44:29.887Z', 'age': 64}, 'registered': {'date': '2010-04-06T16:00:27.128Z', 'age': 14}, 'phone': 'L04 H27-4675', 'cell': 'L99 C76-8078', 'id': {'name': 'SIN', 'value': '356494765'}, 'picture': {'large': 'https://randomuser.me/api/portraits/women/64.jpg', 'medium': 'https://randomuser.me/api/portraits/med/women/64.jpg', 'thumbnail': 'https://randomuser.me/api/portraits/thumb/women/64.jpg'}, 'nat': 'CA'}</msg>
<arg>${json_data['results'][0]}</arg>
<doc>Logs the given message with the given level.</doc>
<status status="PASS" start="2024-05-29T15:16:28.513951" elapsed="0.000409"/>
</kw>
<kw name="Log" owner="BuiltIn">
<msg time="2024-05-29T15:16:28.514786" level="INFO">location</msg>
<arg>${key}</arg>
<doc>Logs the given message with the given level.</doc>
<status status="PASS" start="2024-05-29T15:16:28.514659" elapsed="0.000165"/>
</kw>
<var name="${key}">location</var>
<status status="PASS" start="2024-05-29T15:16:28.513127" elapsed="0.001911"/>
</iter>
<iter>
<kw name="Dictionary Should Contain Key" owner="Collections">
<msg time="2024-05-29T15:16:28.515806" level="INFO">False</msg>
<arg>${json_data['results'][0]}</arg>
<arg>${key}</arg>
<doc>Fails if ``key`` is not found from ``dictionary``.</doc>
<status status="PASS" start="2024-05-29T15:16:28.515320" elapsed="0.000526"/>
</kw>
<kw name="Log" owner="BuiltIn">
<msg time="2024-05-29T15:16:28.516530" level="INFO">{'gender': 'female', 'name': {'title': 'Ms', 'first': 'Ariane', 'last': 'Bergeron'}, 'location': {'street': {'number': 7601, 'name': 'Grand Marais Ave'}, 'city': 'Field', 'state': 'Ontario', 'country': 'Canada', 'postcode': 'M2D 0Z0', 'coordinates': {'latitude': '-65.9309', 'longitude': '135.0179'}, 'timezone': {'offset': '+9:00', 'description': 'Tokyo, Seoul, Osaka, Sapporo, Yakutsk'}}, 'email': 'ariane.bergeron@example.com', 'login': {'uuid': '21cec85a-e7d5-4679-ab8f-3546a60644b7', 'username': 'yellowduck404', 'password': 'lowell', 'salt': 'B1uyELkS', 'md5': '9a724899b294dff518a460cbf5de91b1', 'sha1': '4977b38348693ff038b401a747e82027b6c1c0c1', 'sha256': '25a1850b566dd55f8f723c15c178021c7fe9e69efa70a1d223bb551ba1dd7445'}, 'dob': {'date': '1959-09-22T16:44:29.887Z', 'age': 64}, 'registered': {'date': '2010-04-06T16:00:27.128Z', 'age': 14}, 'phone': 'L04 H27-4675', 'cell': 'L99 C76-8078', 'id': {'name': 'SIN', 'value': '356494765'}, 'picture': {'large': 'https://randomuser.me/api/portraits/women/64.jpg', 'medium': 'https://randomuser.me/api/portraits/med/women/64.jpg', 'thumbnail': 'https://randomuser.me/api/portraits/thumb/women/64.jpg'}, 'nat': 'CA'}</msg>
<arg>${json_data['results'][0]}</arg>
<doc>Logs the given message with the given level.</doc>
<status status="PASS" start="2024-05-29T15:16:28.516169" elapsed="0.000409"/>
</kw>
<kw name="Log" owner="BuiltIn">
<msg time="2024-05-29T15:16:28.517002" level="INFO">email</msg>
<arg>${key}</arg>
<doc>Logs the given message with the given level.</doc>
<status status="PASS" start="2024-05-29T15:16:28.516873" elapsed="0.000166"/>
</kw>
<var name="${key}">email</var>
<status status="PASS" start="2024-05-29T15:16:28.515209" elapsed="0.002040"/>
</iter>
<iter>
<kw name="Dictionary Should Contain Key" owner="Collections">
<msg time="2024-05-29T15:16:28.517911" level="INFO">False</msg>
<arg>${json_data['results'][0]}</arg>
<arg>${key}</arg>
<doc>Fails if ``key`` is not found from ``dictionary``.</doc>
<status status="PASS" start="2024-05-29T15:16:28.517535" elapsed="0.000413"/>
</kw>
<kw name="Log" owner="BuiltIn">
<msg time="2024-05-29T15:16:28.518589" level="INFO">{'gender': 'female', 'name': {'title': 'Ms', 'first': 'Ariane', 'last': 'Bergeron'}, 'location': {'street': {'number': 7601, 'name': 'Grand Marais Ave'}, 'city': 'Field', 'state': 'Ontario', 'country': 'Canada', 'postcode': 'M2D 0Z0', 'coordinates': {'latitude': '-65.9309', 'longitude': '135.0179'}, 'timezone': {'offset': '+9:00', 'description': 'Tokyo, Seoul, Osaka, Sapporo, Yakutsk'}}, 'email': 'ariane.bergeron@example.com', 'login': {'uuid': '21cec85a-e7d5-4679-ab8f-3546a60644b7', 'username': 'yellowduck404', 'password': 'lowell', 'salt': 'B1uyELkS', 'md5': '9a724899b294dff518a460cbf5de91b1', 'sha1': '4977b38348693ff038b401a747e82027b6c1c0c1', 'sha256': '25a1850b566dd55f8f723c15c178021c7fe9e69efa70a1d223bb551ba1dd7445'}, 'dob': {'date': '1959-09-22T16:44:29.887Z', 'age': 64}, 'registered': {'date': '2010-04-06T16:00:27.128Z', 'age': 14}, 'phone': 'L04 H27-4675', 'cell': 'L99 C76-8078', 'id': {'name': 'SIN', 'value': '356494765'}, 'picture': {'large': 'https://randomuser.me/api/portraits/women/64.jpg', 'medium': 'https://randomuser.me/api/portraits/med/women/64.jpg', 'thumbnail': 'https://randomuser.me/api/portraits/thumb/women/64.jpg'}, 'nat': 'CA'}</msg>
<arg>${json_data['results'][0]}</arg>
<doc>Logs the given message with the given level.</doc>
<status status="PASS" start="2024-05-29T15:16:28.518238" elapsed="0.000399"/>
</kw>
<kw name="Log" owner="BuiltIn">
<msg time="2024-05-29T15:16:28.519050" level="INFO">login</msg>
<arg>${key}</arg>
<doc>Logs the given message with the given level.</doc>
<status status="PASS" start="2024-05-29T15:16:28.518924" elapsed="0.000162"/>
</kw>
<var name="${key}">login</var>
<status status="PASS" start="2024-05-29T15:16:28.517422" elapsed="0.001900"/>
</iter>
<var>${key}</var>
<value>@{expected_keys}</value>
<status status="PASS" start="2024-05-29T15:16:28.508578" elapsed="0.010867"/>
</for>
<kw name="Create List" owner="BuiltIn">
<msg time="2024-05-29T15:16:28.519771" level="INFO">${expected_keysTwo} = ['username', 'password']</msg>
<var>${expected_keysTwo}</var>
<arg>username</arg>
<arg>password</arg>
<doc>Returns a list containing given items.</doc>
<status status="PASS" start="2024-05-29T15:16:28.519635" elapsed="0.000160"/>
</kw>
<for flavor="IN">
<iter>
<kw name="Dictionary Should Contain Key" owner="Collections">
<msg time="2024-05-29T15:16:28.520718" level="INFO">False</msg>
<arg>${json_data['results'][0]['login']}</arg>
<arg>${keyTwo}</arg>
<doc>Fails if ``key`` is not found from ``dictionary``.</doc>
<status status="PASS" start="2024-05-29T15:16:28.520337" elapsed="0.000418"/>
</kw>
<kw name="Dictionary Should Contain Key" owner="Collections">
<msg time="2024-05-29T15:16:28.521419" level="INFO">False</msg>
<arg>${json_data['results'][0]['login']}</arg>
<arg>${keyTwo}</arg>
<doc>Fails if ``key`` is not found from ``dictionary``.</doc>
<status status="PASS" start="2024-05-29T15:16:28.521045" elapsed="0.000411"/>
</kw>
<kw name="Log" owner="BuiltIn">
<msg time="2024-05-29T15:16:28.521870" level="INFO">username</msg>
<arg>${keyTwo}</arg>
<doc>Logs the given message with the given level.</doc>
<status status="PASS" start="2024-05-29T15:16:28.521740" elapsed="0.000167"/>
</kw>
<var name="${keyTwo}">username</var>
<status status="PASS" start="2024-05-29T15:16:28.520228" elapsed="0.001890"/>
</iter>
<iter>
<kw name="Dictionary Should Contain Key" owner="Collections">
<msg time="2024-05-29T15:16:28.522768" level="INFO">False</msg>
<arg>${json_data['results'][0]['login']}</arg>
<arg>${keyTwo}</arg>
<doc>Fails if ``key`` is not found from ``dictionary``.</doc>
<status status="PASS" start="2024-05-29T15:16:28.522395" elapsed="0.000410"/>
</kw>
<kw name="Dictionary Should Contain Key" owner="Collections">
<msg time="2024-05-29T15:16:28.523465" level="INFO">False</msg>
<arg>${json_data['results'][0]['login']}</arg>
<arg>${keyTwo}</arg>
<doc>Fails if ``key`` is not found from ``dictionary``.</doc>
<status status="PASS" start="2024-05-29T15:16:28.523095" elapsed="0.000406"/>
</kw>
<kw name="Log" owner="BuiltIn">
<msg time="2024-05-29T15:16:28.523914" level="INFO">password</msg>
<arg>${keyTwo}</arg>
<doc>Logs the given message with the given level.</doc>
<status status="PASS" start="2024-05-29T15:16:28.523788" elapsed="0.000162"/>
</kw>
<var name="${keyTwo}">password</var>
<status status="PASS" start="2024-05-29T15:16:28.522285" elapsed="0.001923"/>
</iter>
<var>${keyTwo}</var>
<value>@{expected_keysTwo}</value>
<status status="PASS" start="2024-05-29T15:16:28.520073" elapsed="0.004255"/>
</for>
<status status="PASS" start="2024-05-29T15:16:28.406613" elapsed="0.117852"/>
</kw>
<doc>Testa a estrutura da resposta da API.</doc>
<tag>testeEstruturaResposta</tag>
<status status="PASS" start="2024-05-29T15:16:28.406107" elapsed="0.118515"/>
</test>
<test id="s1-s1-t4" name="Validar tipos de dados" line="28">
<kw name="Teste de Tipos de Dados" owner="random-user-service">
<kw name="GET On Session" owner="RequestsLibrary">
<msg time="2024-05-29T15:16:28.608814" level="INFO">GET Request : url=https://randomuser.me/api 
 path_url=/api 
 headers={'User-Agent': 'python-requests/2.32.2', 'Accept-Encoding': 'gzip, deflate', 'Accept': '*/*', 'Connection': 'keep-alive'} 
 body=None 
 </msg>
<msg time="2024-05-29T15:16:28.608955" level="INFO">GET Response : url=https://randomuser.me/api 
 status=200, reason=OK 
 headers={'Date': 'Wed, 29 May 2024 15:16:28 GMT', 'Content-Type': 'application/json; charset=utf-8', 'Transfer-Encoding': 'chunked', 'Connection': 'keep-alive', 'X-Powered-By': 'Express', 'Access-Control-Allow-Origin': '*', 'Cache-Control': 'no-cache', 'ETag': 'W/"481-ctZIta7N1gzoo+eHZMpw1iZChZA"', 'Vary': 'Accept-Encoding', 'Content-Encoding': 'gzip', 'CF-Cache-Status': 'DYNAMIC', 'Report-To': '{"endpoints":[{"url":"https:\\/\\/a.nel.cloudflare.com\\/report\\/v4?s=CZEwYtFgEkSvWMfrRhNXWnegRPlxuqA8pJd3cJw0hTaMywO0oQrGRuj7C%2BAatnf%2BebBYXCxjLiu4OJMMtiLBvTO9U%2B7CCISDl3qLBMpM8SIlFP9Mq7r2lNjB%2F7h4jMIA"}],"group":"cf-nel","max_age":604800}', 'NEL': '{"success_fraction":0,"report_to":"cf-nel","max_age":604800}', 'Server': 'cloudflare', 'CF-RAY': '88b7721e5e49380b-IAD', 'alt-svc': 'h3=":443"; ma=86400'} 
 body={"results":[{"gender":"male","name":{"title":"Mr","first":"Volya","last":"Dyadyura"},"location":{"street":{"number":3372,"name":"Petrivska"},"city":"Rivne","state":"Kirovogradska","country":"Ukraine","postcode":76236,"coordinates":{"latitude":"76.6570","longitude":"-30.6806"},"timezone":{"offset":"+1:00","description":"Brussels, Copenhagen, Madrid, Paris"}},"email":"volya.dyadyura@example.com","login":{"uuid":"3475ab6b-bab4-4b5a-b88f-49ea77a477cd","username":"orangewolf330","password":"kuai","salt":"SPQqSwQR","md5":"bbf2ad9f1d68f1a48cbc996f3052addb","sha1":"86f27d00d787bb829da7f0d6b2a848624da1dfc1","sha256":"3a8ef6c98941460406d01b447c9c993723073345735478b260f87be077a2c094"},"dob":{"date":"1979-03-21T16:59:40.990Z","age":45},"registered":{"date":"2020-05-22T13:17:15.523Z","age":4},"phone":"(096) M62-4478","cell":"(067) S97-9136","id":{"name":"","value":null},"picture":{"large":"https://randomuser.me/api/portraits/men/64.jpg","medium":"https://randomuser.me/api/portraits/med/men/64.jpg","thumbnail":"https://randomuser.me/api/portraits/thumb/men/64.jpg"},"nat":"UA"}],"info":{"seed":"0dac076fb99a2ef8","results":1,"page":1,"version":"1.4"}} 
 </msg>
<msg time="2024-05-29T15:16:28.609067" level="INFO">/opt/hostedtoolcache/Python/3.12.3/x64/lib/python3.12/site-packages/urllib3/connectionpool.py:1103: InsecureRequestWarning: Unverified HTTPS request is being made to host 'randomuser.me'. Adding certificate verification is strongly advised. See: https://urllib3.readthedocs.io/en/latest/advanced-usage.html#tls-warnings
  warnings.warn(</msg>
<msg time="2024-05-29T15:16:28.609235" level="INFO">${response} = &lt;Response [200]&gt;</msg>
<var>${response}</var>
<arg>consultarAPI</arg>
<arg>/api</arg>
<doc>Sends a GET request on a previously created HTTP Session.</doc>
<status status="PASS" start="2024-05-29T15:16:28.527147" elapsed="0.082131"/>
</kw>
<kw name="Set Variable" owner="BuiltIn">
<msg time="2024-05-29T15:16:28.610755" level="INFO">${json_data} = {'results': [{'gender': 'male', 'name': {'title': 'Mr', 'first': 'Volya', 'last': 'Dyadyura'}, 'location': {'street': {'number': 3372, 'name': 'Petrivska'}, 'city': 'Rivne', 'state': 'Kirovogradska', ...</msg>
<var>${json_data}</var>
<arg>${response.json()}</arg>
<doc>Returns the given values which can then be assigned to a variables.</doc>
<status status="PASS" start="2024-05-29T15:16:28.609953" elapsed="0.000846"/>
</kw>
<kw name="Log" owner="BuiltIn">
<msg time="2024-05-29T15:16:28.611509" level="INFO">{'results': [{'gender': 'male', 'name': {'title': 'Mr', 'first': 'Volya', 'last': 'Dyadyura'}, 'location': {'street': {'number': 3372, 'name': 'Petrivska'}, 'city': 'Rivne', 'state': 'Kirovogradska', 'country': 'Ukraine', 'postcode': 76236, 'coordinates': {'latitude': '76.6570', 'longitude': '-30.6806'}, 'timezone': {'offset': '+1:00', 'description': 'Brussels, Copenhagen, Madrid, Paris'}}, 'email': 'volya.dyadyura@example.com', 'login': {'uuid': '3475ab6b-bab4-4b5a-b88f-49ea77a477cd', 'username': 'orangewolf330', 'password': 'kuai', 'salt': 'SPQqSwQR', 'md5': 'bbf2ad9f1d68f1a48cbc996f3052addb', 'sha1': '86f27d00d787bb829da7f0d6b2a848624da1dfc1', 'sha256': '3a8ef6c98941460406d01b447c9c993723073345735478b260f87be077a2c094'}, 'dob': {'date': '1979-03-21T16:59:40.990Z', 'age': 45}, 'registered': {'date': '2020-05-22T13:17:15.523Z', 'age': 4}, 'phone': '(096) M62-4478', 'cell': '(067) S97-9136', 'id': {'name': '', 'value': None}, 'picture': {'large': 'https://randomuser.me/api/portraits/men/64.jpg', 'medium': 'https://randomuser.me/api/portraits/med/men/64.jpg', 'thumbnail': 'https://randomuser.me/api/portraits/thumb/men/64.jpg'}, 'nat': 'UA'}], 'info': {'seed': '0dac076fb99a2ef8', 'results': 1, 'page': 1, 'version': '1.4'}}</msg>
<arg>${json_data}</arg>
<doc>Logs the given message with the given level.</doc>
<status status="PASS" start="2024-05-29T15:16:28.611268" elapsed="0.000381"/>
</kw>
<kw name="Should Be String" owner="String">
<arg>${json_data['results'][0]['gender']}</arg>
<doc>Fails if the given ``item`` is not a string.</doc>
<status status="PASS" start="2024-05-29T15:16:28.612161" elapsed="0.000605"/>
</kw>
<kw name="Should Match Regexp" owner="BuiltIn">
<arg>${json_data['results'][0]['email']}</arg>
<arg>^[a-zA-Z0-9._%+-]+@[a-zA-Z0-9.-]+\.[a-zA-Z]{2,}$</arg>
<doc>Fails if ``string`` does not match ``pattern`` as a regular expression.</doc>
<status status="PASS" start="2024-05-29T15:16:28.613059" elapsed="0.001027"/>
</kw>
<kw name="Should Match Regexp" owner="BuiltIn">
<arg>${json_data['results'][0]['dob']['date']}</arg>
<arg>\\d{4}-\\d{2}-\\d{2}T\\d{2}:\\d{2}:\\d{2}\\.\\d{3}Z</arg>
<doc>Fails if ``string`` does not match ``pattern`` as a regular expression.</doc>
<status status="PASS" start="2024-05-29T15:16:28.614402" elapsed="0.000770"/>
</kw>
<kw name="Should Match Regexp" owner="BuiltIn">
<arg>${json_data['results'][0]['registered']['date']}</arg>
<arg>\\d{4}-\\d{2}-\\d{2}T\\d{2}:\\d{2}:\\d{2}\\.\\d{3}Z</arg>
<doc>Fails if ``string`` does not match ``pattern`` as a regular expression.</doc>
<status status="PASS" start="2024-05-29T15:16:28.615510" elapsed="0.000640"/>
</kw>
<kw name="Should Match Regexp" owner="BuiltIn">
<arg>${json_data['results'][0]['picture']['large']}</arg>
<arg>^https?://.*\.(?:png|jpe?g|gif|bmp)$</arg>
<doc>Fails if ``string`` does not match ``pattern`` as a regular expression.</doc>
<status status="PASS" start="2024-05-29T15:16:28.616448" elapsed="0.000759"/>
</kw>
<kw name="Should Match Regexp" owner="BuiltIn">
<arg>${json_data['results'][0]['picture']['medium']}</arg>
<arg>^https?://.*\.(?:png|jpe?g|gif|bmp)$</arg>
<doc>Fails if ``string`` does not match ``pattern`` as a regular expression.</doc>
<status status="PASS" start="2024-05-29T15:16:28.617509" elapsed="0.000581"/>
</kw>
<kw name="Should Match Regexp" owner="BuiltIn">
<arg>${json_data['results'][0]['picture']['thumbnail']}</arg>
<arg>^https?://.*\.(?:png|jpe?g|gif|bmp)$</arg>
<doc>Fails if ``string`` does not match ``pattern`` as a regular expression.</doc>
<status status="PASS" start="2024-05-29T15:16:28.618416" elapsed="0.000570"/>
</kw>
<kw name="Log" owner="BuiltIn">
<msg time="2024-05-29T15:16:28.619859" level="INFO">{'large': 'https://randomuser.me/api/portraits/men/64.jpg', 'medium': 'https://randomuser.me/api/portraits/med/men/64.jpg', 'thumbnail': 'https://randomuser.me/api/portraits/thumb/men/64.jpg'}</msg>
<arg>${json_data['results'][0]['picture']}</arg>
<doc>Logs the given message with the given level.</doc>
<status status="PASS" start="2024-05-29T15:16:28.619283" elapsed="0.000641"/>
</kw>
<status status="PASS" start="2024-05-29T15:16:28.526914" elapsed="0.093346"/>
</kw>
<kw name="Teste de Tipos de Dados - Postcode" owner="random-user-service">
<kw name="GET On Session" owner="RequestsLibrary">
<msg time="2024-05-29T15:16:28.703418" level="INFO">GET Request : url=https://randomuser.me/api 
 path_url=/api 
 headers={'User-Agent': 'python-requests/2.32.2', 'Accept-Encoding': 'gzip, deflate', 'Accept': '*/*', 'Connection': 'keep-alive'} 
 body=None 
 </msg>
<msg time="2024-05-29T15:16:28.703489" level="INFO">GET Response : url=https://randomuser.me/api 
 status=200, reason=OK 
 headers={'Date': 'Wed, 29 May 2024 15:16:28 GMT', 'Content-Type': 'application/json; charset=utf-8', 'Transfer-Encoding': 'chunked', 'Connection': 'keep-alive', 'X-Powered-By': 'Express', 'Access-Control-Allow-Origin': '*', 'Cache-Control': 'no-cache', 'ETag': 'W/"4a8-LFUG/QYyUKhmA9Y20ycPNebJyZo"', 'Vary': 'Accept-Encoding', 'Content-Encoding': 'gzip', 'CF-Cache-Status': 'DYNAMIC', 'Report-To': '{"endpoints":[{"url":"https:\\/\\/a.nel.cloudflare.com\\/report\\/v4?s=7AZnC2OY1eY0ehQdb4bXWoZyKAA5H4jiFfOv4LRjM78Pc7KY6BrPCgPIlqBiU%2F3Aq2Sp%2BRWiz4HAztnuGLKIWkpghrgPxHmHOYZ9ARXHfnvW7unfV8k4PdVPfrR9nCF5"}],"group":"cf-nel","max_age":604800}', 'NEL': '{"success_fraction":0,"report_to":"cf-nel","max_age":604800}', 'Server': 'cloudflare', 'CF-RAY': '88b7721eeebb380b-IAD', 'alt-svc': 'h3=":443"; ma=86400'} 
 body={"results":[{"gender":"female","name":{"title":"Mrs","first":"Chloe","last":"Lambert"},"location":{"street":{"number":2953,"name":"Wheeler Ridge Dr"},"city":"Port Macquarie","state":"Australian Capital Territory","country":"Australia","postcode":483,"coordinates":{"latitude":"-85.2899","longitude":"68.4441"},"timezone":{"offset":"+7:00","description":"Bangkok, Hanoi, Jakarta"}},"email":"chloe.lambert@example.com","login":{"uuid":"386c4fa1-90c4-4ddf-a841-e57669d0250a","username":"beautifulwolf426","password":"dancing","salt":"aWqZ20iF","md5":"8490c417c3c9556c6224b21dae452862","sha1":"1a466975a48eb825a4a1e2876765a289fb565a40","sha256":"a9fe1b9924c0403dd8317cdf5c48555c7d7c157cbdb850c4293127ddacb20b11"},"dob":{"date":"1970-09-26T21:53:22.177Z","age":53},"registered":{"date":"2010-07-23T22:52:14.986Z","age":13},"phone":"05-8013-0642","cell":"0408-687-726","id":{"name":"TFN","value":"586639023"},"picture":{"large":"https://randomuser.me/api/portraits/women/37.jpg","medium":"https://randomuser.me/api/portraits/med/women/37.jpg","thumbnail":"https://randomuser.me/api/portraits/thumb/women/37.jpg"},"nat":"AU"}],"info":{"seed":"75eccaa73e856319","results":1,"page":1,"version":"1.4"}} 
 </msg>
<msg time="2024-05-29T15:16:28.703548" level="INFO">/opt/hostedtoolcache/Python/3.12.3/x64/lib/python3.12/site-packages/urllib3/connectionpool.py:1103: InsecureRequestWarning: Unverified HTTPS request is being made to host 'randomuser.me'. Adding certificate verification is strongly advised. See: https://urllib3.readthedocs.io/en/latest/advanced-usage.html#tls-warnings
  warnings.warn(</msg>
<msg time="2024-05-29T15:16:28.703641" level="INFO">${response} = &lt;Response [200]&gt;</msg>
<var>${response}</var>
<arg>consultarAPI</arg>
<arg>/api</arg>
<doc>Sends a GET request on a previously created HTTP Session.</doc>
<status status="PASS" start="2024-05-29T15:16:28.620732" elapsed="0.082933"/>
</kw>
<kw name="Set Variable" owner="BuiltIn">
<msg time="2024-05-29T15:16:28.704579" level="INFO">${json_data} = {'results': [{'gender': 'female', 'name': {'title': 'Mrs', 'first': 'Chloe', 'last': 'Lambert'}, 'location': {'street': {'number': 2953, 'name': 'Wheeler Ridge Dr'}, 'city': 'Port Macquarie', 'state':...</msg>
<var>${json_data}</var>
<arg>${response.json()}</arg>
<doc>Returns the given values which can then be assigned to a variables.</doc>
<status status="PASS" start="2024-05-29T15:16:28.704104" elapsed="0.000504"/>
</kw>
<kw name="Log" owner="BuiltIn">
<msg time="2024-05-29T15:16:28.705064" level="INFO">{'results': [{'gender': 'female', 'name': {'title': 'Mrs', 'first': 'Chloe', 'last': 'Lambert'}, 'location': {'street': {'number': 2953, 'name': 'Wheeler Ridge Dr'}, 'city': 'Port Macquarie', 'state': 'Australian Capital Territory', 'country': 'Australia', 'postcode': 483, 'coordinates': {'latitude': '-85.2899', 'longitude': '68.4441'}, 'timezone': {'offset': '+7:00', 'description': 'Bangkok, Hanoi, Jakarta'}}, 'email': 'chloe.lambert@example.com', 'login': {'uuid': '386c4fa1-90c4-4ddf-a841-e57669d0250a', 'username': 'beautifulwolf426', 'password': 'dancing', 'salt': 'aWqZ20iF', 'md5': '8490c417c3c9556c6224b21dae452862', 'sha1': '1a466975a48eb825a4a1e2876765a289fb565a40', 'sha256': 'a9fe1b9924c0403dd8317cdf5c48555c7d7c157cbdb850c4293127ddacb20b11'}, 'dob': {'date': '1970-09-26T21:53:22.177Z', 'age': 53}, 'registered': {'date': '2010-07-23T22:52:14.986Z', 'age': 13}, 'phone': '05-8013-0642', 'cell': '0408-687-726', 'id': {'name': 'TFN', 'value': '586639023'}, 'picture': {'large': 'https://randomuser.me/api/portraits/women/37.jpg', 'medium': 'https://randomuser.me/api/portraits/med/women/37.jpg', 'thumbnail': 'https://randomuser.me/api/portraits/thumb/women/37.jpg'}, 'nat': 'AU'}], 'info': {'seed': '75eccaa73e856319', 'results': 1, 'page': 1, 'version': '1.4'}}</msg>
<arg>${json_data}</arg>
<doc>Logs the given message with the given level.</doc>
<status status="PASS" start="2024-05-29T15:16:28.704912" elapsed="0.000232"/>
</kw>
<kw name="Should Be Equal As Numbers" owner="BuiltIn">
<arg>${json_data['results'][0]['location']['postcode']}</arg>
<arg>${json_data['results'][0]['location']['postcode']}</arg>
<doc>Fails if objects are unequal after converting them to real numbers.</doc>
<status status="PASS" start="2024-05-29T15:16:28.705454" elapsed="0.000618"/>
</kw>
<kw name="Log" owner="BuiltIn">
<msg time="2024-05-29T15:16:28.706610" level="INFO">483</msg>
<arg>${json_data['results'][0]['location']['postcode']}</arg>
<doc>Logs the given message with the given level.</doc>
<status status="PASS" start="2024-05-29T15:16:28.706270" elapsed="0.000380"/>
</kw>
<status status="PASS" start="2024-05-29T15:16:28.620487" elapsed="0.086415"/>
</kw>
<doc>Testa se os tipos de dados na resposta da API estão corretos.</doc>
<tag>testeTiposDados</tag>
<status status="PASS" start="2024-05-29T15:16:28.526353" elapsed="0.180717"/>
</test>
<test id="s1-s1-t5" name="Validar conteudo" line="35">
<kw name="Teste de Tipos de Conteudo" owner="random-user-service">
<kw name="GET On Session" owner="RequestsLibrary">
<msg time="2024-05-29T15:16:28.813073" level="INFO">GET Request : url=https://randomuser.me/api 
 path_url=/api 
 headers={'User-Agent': 'python-requests/2.32.2', 'Accept-Encoding': 'gzip, deflate', 'Accept': '*/*', 'Connection': 'keep-alive'} 
 body=None 
 </msg>
<msg time="2024-05-29T15:16:28.813159" level="INFO">GET Response : url=https://randomuser.me/api 
 status=200, reason=OK 
 headers={'Date': 'Wed, 29 May 2024 15:16:28 GMT', 'Content-Type': 'application/json; charset=utf-8', 'Transfer-Encoding': 'chunked', 'Connection': 'keep-alive', 'X-Powered-By': 'Express', 'Access-Control-Allow-Origin': '*', 'Cache-Control': 'no-cache', 'ETag': 'W/"487-enWyrIDbJVPHVq2j0Ka56GzskXQ"', 'Vary': 'Accept-Encoding', 'Content-Encoding': 'gzip', 'CF-Cache-Status': 'DYNAMIC', 'Report-To': '{"endpoints":[{"url":"https:\\/\\/a.nel.cloudflare.com\\/report\\/v4?s=VR8LeerqJ7HT5c4nfbbfDioQo9npErrX3VN47xfmuWktqKC6u5Fs8aMCPWpji2YVpjpiX8Zmoq0G4jjR41UVhO5D3i34uMK97uSpyh5k2kJklCjb8ZuHbM4U5DqUW0wQ"}],"group":"cf-nel","max_age":604800}', 'NEL': '{"success_fraction":0,"report_to":"cf-nel","max_age":604800}', 'Server': 'cloudflare', 'CF-RAY': '88b7721f7f2f380b-IAD', 'alt-svc': 'h3=":443"; ma=86400'} 
 body={"results":[{"gender":"female","name":{"title":"Ms","first":"Grace","last":"Mendoza"},"location":{"street":{"number":5062,"name":"South Street"},"city":"Cashel","state":"Longford","country":"Ireland","postcode":62943,"coordinates":{"latitude":"1.0318","longitude":"20.3629"},"timezone":{"offset":"+4:00","description":"Abu Dhabi, Muscat, Baku, Tbilisi"}},"email":"grace.mendoza@example.com","login":{"uuid":"69aa8c38-912d-49ee-8476-dbfab3983bd7","username":"greenswan730","password":"hooper","salt":"ei1M44Is","md5":"a5b702f1a2ab6a39ede1a7681245c1f9","sha1":"030230c97c229a901a143c808066118456491d58","sha256":"08214eb0baa0f0c340e23b3e3d9d545917a2a173480198311dd924fbdde9ebd7"},"dob":{"date":"2001-03-20T22:41:18.943Z","age":23},"registered":{"date":"2015-05-09T04:47:38.298Z","age":9},"phone":"021-652-7840","cell":"081-479-5763","id":{"name":"PPS","value":"0513080T"},"picture":{"large":"https://randomuser.me/api/portraits/women/71.jpg","medium":"https://randomuser.me/api/portraits/med/women/71.jpg","thumbnail":"https://randomuser.me/api/portraits/thumb/women/71.jpg"},"nat":"IE"}],"info":{"seed":"0f7c54fa2b113b6d","results":1,"page":1,"version":"1.4"}} 
 </msg>
<msg time="2024-05-29T15:16:28.813230" level="INFO">/opt/hostedtoolcache/Python/3.12.3/x64/lib/python3.12/site-packages/urllib3/connectionpool.py:1103: InsecureRequestWarning: Unverified HTTPS request is being made to host 'randomuser.me'. Adding certificate verification is strongly advised. See: https://urllib3.readthedocs.io/en/latest/advanced-usage.html#tls-warnings
  warnings.warn(</msg>
<msg time="2024-05-29T15:16:28.813343" level="INFO">${response} = &lt;Response [200]&gt;</msg>
<var>${response}</var>
<arg>consultarAPI</arg>
<arg>/api</arg>
<doc>Sends a GET request on a previously created HTTP Session.</doc>
<status status="PASS" start="2024-05-29T15:16:28.709627" elapsed="0.103766"/>
</kw>
<kw name="Set Variable" owner="BuiltIn">
<msg time="2024-05-29T15:16:28.814496" level="INFO">${json_data} = {'results': [{'gender': 'female', 'name': {'title': 'Ms', 'first': 'Grace', 'last': 'Mendoza'}, 'location': {'street': {'number': 5062, 'name': 'South Street'}, 'city': 'Cashel', 'state': 'Longford', ...</msg>
<var>${json_data}</var>
<arg>${response.json()}</arg>
<doc>Returns the given values which can then be assigned to a variables.</doc>
<status status="PASS" start="2024-05-29T15:16:28.813914" elapsed="0.000611"/>
</kw>
<kw name="Set Variable" owner="BuiltIn">
<msg time="2024-05-29T15:16:28.815221" level="INFO">${name_title} = Ms</msg>
<var>${name_title}</var>
<arg>${json_data["results"][0]["name"]["title"]}</arg>
<doc>Returns the given values which can then be assigned to a variables.</doc>
<status status="PASS" start="2024-05-29T15:16:28.814829" elapsed="0.000417"/>
</kw>
<kw name="Create List" owner="BuiltIn">
<msg time="2024-05-29T15:16:28.815700" level="INFO">${allowed_titles} = ['Mr', 'Ms', 'Miss', 'Mrs', 'Madame', 'Monsieur']</msg>
<var>${allowed_titles}</var>
<arg>Mr</arg>
<arg>Ms</arg>
<arg>Miss</arg>
<arg>Mrs</arg>
<arg>Madame</arg>
<arg>Monsieur</arg>
<doc>Returns a list containing given items.</doc>
<status status="PASS" start="2024-05-29T15:16:28.815552" elapsed="0.000173"/>
</kw>
<kw name="List Should Contain Value" owner="Collections">
<msg time="2024-05-29T15:16:28.816252" level="INFO">False</msg>
<arg>${allowed_titles}</arg>
<arg>${name_title}</arg>
<doc>Fails if the ``value`` is not found from ``list``.</doc>
<status status="PASS" start="2024-05-29T15:16:28.816060" elapsed="0.000230"/>
</kw>
<kw name="Set Variable" owner="BuiltIn">
<msg time="2024-05-29T15:16:28.817122" level="INFO">${name_country} = IE</msg>
<var>${name_country}</var>
<arg>${json_data["results"][0]["nat"]}</arg>
<doc>Returns the given values which can then be assigned to a variables.</doc>
<status status="PASS" start="2024-05-29T15:16:28.816586" elapsed="0.000561"/>
</kw>
<kw name="Create List" owner="BuiltIn">
<msg time="2024-05-29T15:16:28.818062" level="INFO">${list_country} = ['AD', 'AE', 'AF', 'AG', 'AI', 'AL', 'AM', 'AO', 'AQ', 'AR', 'AS', 'AT', 'AU', 'AW', 'AX', 'AZ', 'BA', 'BB', 'BD', 'BE', 'BF', 'BG', 'BH', 'BI', 'BJ', 'BL', 'BM', 'BN', 'BO', 'BQ', 'BR', 'BS', 'BT', '...</msg>
<var>${list_country}</var>
<arg>AD</arg>
<arg>AE</arg>
<arg>AF</arg>
<arg>AG</arg>
<arg>AI</arg>
<arg>AL</arg>
<arg>AM</arg>
<arg>AO</arg>
<arg>AQ</arg>
<arg>AR</arg>
<arg>AS</arg>
<arg>AT</arg>
<arg>AU</arg>
<arg>AW</arg>
<arg>AX</arg>
<arg>AZ</arg>
<arg>BA</arg>
<arg>BB</arg>
<arg>BD</arg>
<arg>BE</arg>
<arg>BF</arg>
<arg>BG</arg>
<arg>BH</arg>
<arg>BI</arg>
<arg>BJ</arg>
<arg>BL</arg>
<arg>BM</arg>
<arg>BN</arg>
<arg>BO</arg>
<arg>BQ</arg>
<arg>BR</arg>
<arg>BS</arg>
<arg>BT</arg>
<arg>BV</arg>
<arg>BW</arg>
<arg>BY</arg>
<arg>BZ</arg>
<arg>CA</arg>
<arg>CC</arg>
<arg>CD</arg>
<arg>CF</arg>
<arg>CG</arg>
<arg>CH</arg>
<arg>CI</arg>
<arg>CK</arg>
<arg>CL</arg>
<arg>CM</arg>
<arg>CN</arg>
<arg>CO</arg>
<arg>CR</arg>
<arg>CU</arg>
<arg>CV</arg>
<arg>CW</arg>
<arg>CX</arg>
<arg>CY</arg>
<arg>CZ</arg>
<arg>DE</arg>
<arg>DJ</arg>
<arg>DK</arg>
<arg>DM</arg>
<arg>DO</arg>
<arg>DZ</arg>
<arg>EC</arg>
<arg>EE</arg>
<arg>EG</arg>
<arg>EH</arg>
<arg>ER</arg>
<arg>ES</arg>
<arg>ET</arg>
<arg>FI</arg>
<arg>FJ</arg>
<arg>FK</arg>
<arg>FM</arg>
<arg>FO</arg>
<arg>FR</arg>
<arg>GA</arg>
<arg>GB</arg>
<arg>GD</arg>
<arg>GE</arg>
<arg>GF</arg>
<arg>GG</arg>
<arg>GH</arg>
<arg>GI</arg>
<arg>GL</arg>
<arg>GM</arg>
<arg>GN</arg>
<arg>GP</arg>
<arg>GQ</arg>
<arg>GR</arg>
<arg>GS</arg>
<arg>GT</arg>
<arg>GU</arg>
<arg>GW</arg>
<arg>GY</arg>
<arg>HK</arg>
<arg>HM</arg>
<arg>HN</arg>
<arg>HR</arg>
<arg>HT</arg>
<arg>HU</arg>
<arg>ID</arg>
<arg>IE</arg>
<arg>IL</arg>
<arg>IM</arg>
<arg>IN</arg>
<arg>IO</arg>
<arg>IQ</arg>
<arg>IR</arg>
<arg>IS</arg>
<arg>IT</arg>
<arg>JE</arg>
<arg>JM</arg>
<arg>JO</arg>
<arg>JP</arg>
<arg>KE</arg>
<arg>KG</arg>
<arg>KH</arg>
<arg>KI</arg>
<arg>KM</arg>
<arg>KN</arg>
<arg>KP</arg>
<arg>KR</arg>
<arg>KW</arg>
<arg>KY</arg>
<arg>KZ</arg>
<arg>LA</arg>
<arg>LB</arg>
<arg>LC</arg>
<arg>LI</arg>
<arg>LK</arg>
<arg>LR</arg>
<arg>LS</arg>
<arg>LT</arg>
<arg>LU</arg>
<arg>LV</arg>
<arg>LY</arg>
<arg>MA</arg>
<arg>MC</arg>
<arg>MD</arg>
<arg>ME</arg>
<arg>MF</arg>
<arg>MG</arg>
<arg>MH</arg>
<arg>MK</arg>
<arg>ML</arg>
<arg>MM</arg>
<arg>MN</arg>
<arg>MO</arg>
<arg>MP</arg>
<arg>MQ</arg>
<arg>MR</arg>
<arg>MS</arg>
<arg>MT</arg>
<arg>MU</arg>
<arg>MV</arg>
<arg>MW</arg>
<arg>MX</arg>
<arg>MY</arg>
<arg>MZ</arg>
<arg>NA</arg>
<arg>NC</arg>
<arg>NE</arg>
<arg>NF</arg>
<arg>NG</arg>
<arg>NI</arg>
<arg>NL</arg>
<arg>NO</arg>
<arg>NP</arg>
<arg>NR</arg>
<arg>NU</arg>
<arg>NZ</arg>
<arg>OM</arg>
<arg>PA</arg>
<arg>PE</arg>
<arg>PF</arg>
<arg>PG</arg>
<arg>PH</arg>
<arg>PK</arg>
<arg>PL</arg>
<arg>PM</arg>
<arg>PN</arg>
<arg>PR</arg>
<arg>PS</arg>
<arg>PT</arg>
<arg>PW</arg>
<arg>PY</arg>
<arg>QA</arg>
<arg>RE</arg>
<arg>RO</arg>
<arg>RS</arg>
<arg>RU</arg>
<arg>RW</arg>
<arg>SA</arg>
<arg>SB</arg>
<arg>SC</arg>
<arg>SD</arg>
<arg>SE</arg>
<arg>SG</arg>
<arg>SH</arg>
<arg>SI</arg>
<arg>SJ</arg>
<arg>SK</arg>
<arg>SL</arg>
<arg>SM</arg>
<arg>SN</arg>
<arg>SO</arg>
<arg>SR</arg>
<arg>SS</arg>
<arg>ST</arg>
<arg>SV</arg>
<arg>SX</arg>
<arg>SY</arg>
<arg>SZ</arg>
<arg>TC</arg>
<arg>TD</arg>
<arg>TF</arg>
<arg>TG</arg>
<arg>TH</arg>
<arg>TJ</arg>
<arg>TK</arg>
<arg>TL</arg>
<arg>TM</arg>
<arg>TN</arg>
<arg>TO</arg>
<arg>TR</arg>
<arg>TT</arg>
<arg>TV</arg>
<arg>TW</arg>
<arg>TZ</arg>
<arg>UA</arg>
<arg>UG</arg>
<arg>UM</arg>
<arg>US</arg>
<arg>UY</arg>
<arg>UZ</arg>
<arg>VA</arg>
<arg>VC</arg>
<arg>VE</arg>
<arg>VG</arg>
<arg>VI</arg>
<arg>VN</arg>
<arg>VU</arg>
<arg>WF</arg>
<arg>WS</arg>
<arg>XK</arg>
<arg>YE</arg>
<arg>YT</arg>
<arg>ZA</arg>
<arg>ZM</arg>
<arg>ZW</arg>
<doc>Returns a list containing given items.</doc>
<status status="PASS" start="2024-05-29T15:16:28.817463" elapsed="0.000625"/>
</kw>
<kw name="List Should Contain Value" owner="Collections">
<msg time="2024-05-29T15:16:28.819066" level="INFO">False</msg>
<arg>${list_country}</arg>
<arg>${name_country}</arg>
<doc>Fails if the ``value`` is not found from ``list``.</doc>
<status status="PASS" start="2024-05-29T15:16:28.818862" elapsed="0.000241"/>
</kw>
<kw name="Run Keyword If" owner="BuiltIn">
<kw name="Should Be True" owner="BuiltIn">
<arg>${True}</arg>
<doc>Fails if the given condition is not true.</doc>
<status status="PASS" start="2024-05-29T15:16:28.820221" elapsed="0.000145"/>
</kw>
<arg>${json_data["results"][0]["location"]["coordinates"]["latitude"]} &gt;= -90 and ${json_data["results"][0]["location"]["coordinates"]["latitude"]} &lt;= 90</arg>
<arg>Should Be True</arg>
<arg>${True}</arg>
<doc>Runs the given keyword with the given arguments, if ``condition`` is true.</doc>
<status status="PASS" start="2024-05-29T15:16:28.819415" elapsed="0.001079"/>
</kw>
<kw name="Run Keyword If" owner="BuiltIn">
<kw name="Should Be True" owner="BuiltIn">
<arg>${True}</arg>
<doc>Fails if the given condition is not true.</doc>
<status status="PASS" start="2024-05-29T15:16:28.821369" elapsed="0.000136"/>
</kw>
<arg>${json_data["results"][0]["location"]["coordinates"]["longitude"]} &gt;= -180 and ${json_data["results"][0]["location"]["coordinates"]["longitude"]} &lt;= 180</arg>
<arg>Should Be True</arg>
<arg>${True}</arg>
<doc>Runs the given keyword with the given arguments, if ``condition`` is true.</doc>
<status status="PASS" start="2024-05-29T15:16:28.820681" elapsed="0.000946"/>
</kw>
<status status="PASS" start="2024-05-29T15:16:28.709400" elapsed="0.112354"/>
</kw>
<doc>Testa o conteúdo específico dos campos retornados pela API.</doc>
<tag>testeConteudo</tag>
<status status="PASS" start="2024-05-29T15:16:28.708864" elapsed="0.113034"/>
</test>
<status status="PASS" start="2024-05-29T15:16:27.890625" elapsed="0.933217"/>
</suite>
<status status="PASS" start="2024-05-29T15:16:27.877047" elapsed="0.952027"/>
</suite>
<statistics>
<total>
<stat pass="5" fail="0" skip="0">All Tests</stat>
</total>
<tag>
<stat pass="1" fail="0" skip="0">testeConteudo</stat>
<stat pass="1" fail="0" skip="0">testeEstruturaResposta</stat>
<stat pass="1" fail="0" skip="0">testeRequisicaoBasica</stat>
<stat pass="1" fail="0" skip="0">testeTiposDados</stat>
</tag>
<suite>
<stat pass="5" fail="0" skip="0" id="s1" name="Tests">Tests</stat>
<stat pass="5" fail="0" skip="0" id="s1-s1" name="Random-User-Test">Tests.Random-User-Test</stat>
</suite>
</statistics>
<errors>
</errors>
</robot>
