<?xml version="1.0" encoding="UTF-8"?>
<robot generator="Robot 7.0 (Python 3.12.2 on linux)" generated="2024-03-31T10:13:39.680801" rpa="false" schemaversion="5">
<suite id="s1" name="Tests" source="/home/runner/work/DesafioQAItauRogerioJordao/DesafioQAItauRogerioJordao/RamdonUser/tests">
<suite id="s1-s1" name="Random-User-Test" source="/home/runner/work/DesafioQAItauRogerioJordao/DesafioQAItauRogerioJordao/RamdonUser/tests/random-user-test.robot">
<test id="s1-s1-t1" name="Conectar" line="13">
<kw name="Conectar API" owner="random-user-service">
<kw name="Create Session" owner="RequestsLibrary">
<msg time="2024-03-31T10:13:40.038592" level="INFO">Creating Session using : alias=consultarAPI, url=https://randomuser.me/, headers={},                     cookies={}, auth=None, timeout=None, proxies=None, verify=False,                     debug=0 </msg>
<arg>consultarAPI</arg>
<arg>${URL}</arg>
<doc>Create Session: create a HTTP session to a server</doc>
<status status="PASS" start="2024-03-31T10:13:40.038385" elapsed="0.000390"/>
</kw>
<status status="PASS" start="2024-03-31T10:13:40.037317" elapsed="0.001834"/>
</kw>
<status status="PASS" start="2024-03-31T10:13:40.036654" elapsed="0.002715"/>
</test>
<test id="s1-s1-t2" name="Validar retorno 200 e JSON Válido" line="16">
<kw name="Teste de Requisicao Basica" owner="random-user-service">
<kw name="GET On Session" owner="RequestsLibrary">
<msg time="2024-03-31T10:13:40.109094" level="INFO">GET Request : url=https://randomuser.me/api 
 path_url=/api 
 headers={'User-Agent': 'python-requests/2.31.0', 'Accept-Encoding': 'gzip, deflate', 'Accept': '*/*', 'Connection': 'keep-alive'} 
 body=None 
 </msg>
<msg time="2024-03-31T10:13:40.109275" level="INFO">GET Response : url=https://randomuser.me/api 
 status=200, reason=OK 
 headers={'Date': 'Sun, 31 Mar 2024 10:13:40 GMT', 'Content-Type': 'application/json; charset=utf-8', 'Transfer-Encoding': 'chunked', 'Connection': 'keep-alive', 'X-Powered-By': 'Express', 'Access-Control-Allow-Origin': '*', 'Cache-Control': 'no-cache', 'ETag': 'W/"494-yawHXJxlAtsFpIPkSmLF7eI8JEg"', 'Vary': 'Accept-Encoding', 'Content-Encoding': 'gzip', 'CF-Cache-Status': 'DYNAMIC', 'Report-To': '{"endpoints":[{"url":"https:\\/\\/a.nel.cloudflare.com\\/report\\/v4?s=0Q7aWqVhtBB5FEwZBl9hv12ztdQoWjNYnc4O9mVI8EyF%2B%2BxhRIIqzHXNBbfDeWbjAGWKlxKmp3m1n0meomKH4wiFpjO5ZKZtWETfdcTk0PPM6A2m227NDR2cFOFMdPb0"}],"group":"cf-nel","max_age":604800}', 'NEL': '{"success_fraction":0,"report_to":"cf-nel","max_age":604800}', 'Server': 'cloudflare', 'CF-RAY': '86cf916d69c959f2-IAD', 'alt-svc': 'h3=":443"; ma=86400'} 
 body={"results":[{"gender":"female","name":{"title":"Ms","first":"Elsa","last":"Latt"},"location":{"street":{"number":5725,"name":"Esplanadi"},"city":"Nousiainen","state":"Lapland","country":"Finland","postcode":93864,"coordinates":{"latitude":"-24.3950","longitude":"166.2055"},"timezone":{"offset":"+5:30","description":"Bombay, Calcutta, Madras, New Delhi"}},"email":"elsa.latt@example.com","login":{"uuid":"37bb9194-e907-4ccb-af86-1b22954afb45","username":"happybutterfly735","password":"karate","salt":"LaBWXTx9","md5":"d62cb62f37b21ffc5965b6760aa5210a","sha1":"4ed4c15849ad8ab00fa164d7fbd08ba9297016c0","sha256":"10a471c38c610b6d8b069802d756e5205775ff5ca1f4da008e93b13d2a31b201"},"dob":{"date":"1952-11-19T18:29:45.544Z","age":71},"registered":{"date":"2005-09-08T00:51:49.502Z","age":18},"phone":"04-269-723","cell":"045-440-86-19","id":{"name":"HETU","value":"NaNNA868undefined"},"picture":{"large":"https://randomuser.me/api/portraits/women/54.jpg","medium":"https://randomuser.me/api/portraits/med/women/54.jpg","thumbnail":"https://randomuser.me/api/portraits/thumb/women/54.jpg"},"nat":"FI"}],"info":{"seed":"d2f56aea0495e090","results":1,"page":1,"version":"1.4"}} 
 </msg>
<msg time="2024-03-31T10:13:40.109398" level="INFO">/opt/hostedtoolcache/Python/3.12.2/x64/lib/python3.12/site-packages/urllib3/connectionpool.py:1103: InsecureRequestWarning: Unverified HTTPS request is being made to host 'randomuser.me'. Adding certificate verification is strongly advised. See: https://urllib3.readthedocs.io/en/latest/advanced-usage.html#tls-warnings
  warnings.warn(</msg>
<msg time="2024-03-31T10:13:40.109567" level="INFO">${response} = &lt;Response [200]&gt;</msg>
<var>${response}</var>
<arg>consultarAPI</arg>
<arg>/api</arg>
<doc>Sends a GET request on a previously created HTTP Session.</doc>
<status status="PASS" start="2024-03-31T10:13:40.042001" elapsed="0.067613"/>
</kw>
<kw name="Should Be Equal As Numbers" owner="BuiltIn">
<msg time="2024-03-31T10:13:40.110555" level="INFO">Argument types are:
&lt;class 'int'&gt;
&lt;class 'str'&gt;</msg>
<arg>${response.status_code}</arg>
<arg>200</arg>
<doc>Fails if objects are unequal after converting them to real numbers.</doc>
<status status="PASS" start="2024-03-31T10:13:40.110105" elapsed="0.000516"/>
</kw>
<kw name="Log" owner="BuiltIn">
<msg time="2024-03-31T10:13:40.111306" level="INFO">200</msg>
<arg>${response.status_code}</arg>
<doc>Logs the given message with the given level.</doc>
<status status="PASS" start="2024-03-31T10:13:40.110946" elapsed="0.000405"/>
</kw>
<kw name="Set Variable" owner="BuiltIn">
<msg time="2024-03-31T10:13:40.112099" level="INFO">${json_data} = {'results': [{'gender': 'female', 'name': {'title': 'Ms', 'first': 'Elsa', 'last': 'Latt'}, 'location': {'street': {'number': 5725, 'name': 'Esplanadi'}, 'city': 'Nousiainen', 'state': 'Lapland', 'cou...</msg>
<var>${json_data}</var>
<arg>${response.json()}</arg>
<doc>Returns the given values which can then be assigned to a variables.</doc>
<status status="PASS" start="2024-03-31T10:13:40.111656" elapsed="0.000472"/>
</kw>
<kw name="Dictionary Should Contain Key" owner="Collections">
<msg time="2024-03-31T10:13:40.112607" level="INFO">False</msg>
<arg>${json_data}</arg>
<arg>results</arg>
<doc>Fails if ``key`` is not found from ``dictionary``.</doc>
<status status="PASS" start="2024-03-31T10:13:40.112436" elapsed="0.000212"/>
</kw>
<status status="PASS" start="2024-03-31T10:13:40.041751" elapsed="0.071159"/>
</kw>
<doc>Testa se a API responde corretamente e retorna um objeto JSON válido.</doc>
<tag>testeRequisicaoBasica</tag>
<status status="PASS" start="2024-03-31T10:13:40.041202" elapsed="0.071896"/>
</test>
<test id="s1-s1-t3" name="Validar estrutura de resposta" line="22">
<kw name="Teste de Estrutura de Resposta" owner="random-user-service">
<kw name="GET On Session" owner="RequestsLibrary">
<msg time="2024-03-31T10:13:40.209282" level="INFO">GET Request : url=https://randomuser.me/api 
 path_url=/api 
 headers={'User-Agent': 'python-requests/2.31.0', 'Accept-Encoding': 'gzip, deflate', 'Accept': '*/*', 'Connection': 'keep-alive'} 
 body=None 
 </msg>
<msg time="2024-03-31T10:13:40.209388" level="INFO">GET Response : url=https://randomuser.me/api 
 status=200, reason=OK 
 headers={'Date': 'Sun, 31 Mar 2024 10:13:40 GMT', 'Content-Type': 'application/json; charset=utf-8', 'Transfer-Encoding': 'chunked', 'Connection': 'keep-alive', 'X-Powered-By': 'Express', 'Access-Control-Allow-Origin': '*', 'Cache-Control': 'no-cache', 'ETag': 'W/"48b-IXp348QnitZu5ayPvLFcEmW4xO0"', 'Vary': 'Accept-Encoding', 'Content-Encoding': 'gzip', 'CF-Cache-Status': 'DYNAMIC', 'Report-To': '{"endpoints":[{"url":"https:\\/\\/a.nel.cloudflare.com\\/report\\/v4?s=8M13N2%2BUEn45x5Q3YhiMwg%2FeraYUzMyQCMrzN52Naqq0yfcGmI9j0I1UBi3iFFnYD%2BKhLnNQS4rFBzaJmw5IZaobymLRrR4v%2BGQzHt%2FY00rS9OWkuuJ9eyC6u32w7HFS"}],"group":"cf-nel","max_age":604800}', 'NEL': '{"success_fraction":0,"report_to":"cf-nel","max_age":604800}', 'Server': 'cloudflare', 'CF-RAY': '86cf916da9ec59f2-IAD', 'alt-svc': 'h3=":443"; ma=86400'} 
 body={"results":[{"gender":"female","name":{"title":"Ms","first":"Judith","last":"Shaw"},"location":{"street":{"number":4164,"name":"Grafton Street"},"city":"New Ross","state":"Mayo","country":"Ireland","postcode":79777,"coordinates":{"latitude":"3.8622","longitude":"126.7872"},"timezone":{"offset":"+1:00","description":"Brussels, Copenhagen, Madrid, Paris"}},"email":"judith.shaw@example.com","login":{"uuid":"7df763b9-c30e-4655-9e33-0da361bc240d","username":"brownbear882","password":"catherine","salt":"ma3ywuK4","md5":"f1a5915dcefeb981c579c8655de04b98","sha1":"3064036d429eca368f86e0494f800e387d4cd520","sha256":"b6bf5e035b8e545dff3679b397bd7ca9f93f43dc13476d3c0cc452760a4cffe2"},"dob":{"date":"1982-12-14T18:18:56.516Z","age":41},"registered":{"date":"2006-12-30T12:12:53.510Z","age":17},"phone":"011-781-2088","cell":"081-218-1811","id":{"name":"PPS","value":"1671559T"},"picture":{"large":"https://randomuser.me/api/portraits/women/41.jpg","medium":"https://randomuser.me/api/portraits/med/women/41.jpg","thumbnail":"https://randomuser.me/api/portraits/thumb/women/41.jpg"},"nat":"IE"}],"info":{"seed":"e9ac7dfd21a8e1e5","results":1,"page":1,"version":"1.4"}} 
 </msg>
<msg time="2024-03-31T10:13:40.209545" level="INFO">/opt/hostedtoolcache/Python/3.12.2/x64/lib/python3.12/site-packages/urllib3/connectionpool.py:1103: InsecureRequestWarning: Unverified HTTPS request is being made to host 'randomuser.me'. Adding certificate verification is strongly advised. See: https://urllib3.readthedocs.io/en/latest/advanced-usage.html#tls-warnings
  warnings.warn(</msg>
<msg time="2024-03-31T10:13:40.209706" level="INFO">${response} = &lt;Response [200]&gt;</msg>
<var>${response}</var>
<arg>consultarAPI</arg>
<arg>/api</arg>
<doc>Sends a GET request on a previously created HTTP Session.</doc>
<status status="PASS" start="2024-03-31T10:13:40.115939" elapsed="0.093825"/>
</kw>
<kw name="Set Variable" owner="BuiltIn">
<msg time="2024-03-31T10:13:40.210760" level="INFO">${json_data} = {'results': [{'gender': 'female', 'name': {'title': 'Ms', 'first': 'Judith', 'last': 'Shaw'}, 'location': {'street': {'number': 4164, 'name': 'Grafton Street'}, 'city': 'New Ross', 'state': 'Mayo', 'c...</msg>
<var>${json_data}</var>
<arg>${response.json()}</arg>
<doc>Returns the given values which can then be assigned to a variables.</doc>
<status status="PASS" start="2024-03-31T10:13:40.210259" elapsed="0.000530"/>
</kw>
<kw name="Log" owner="BuiltIn">
<msg time="2024-03-31T10:13:40.211272" level="INFO">{'results': [{'gender': 'female', 'name': {'title': 'Ms', 'first': 'Judith', 'last': 'Shaw'}, 'location': {'street': {'number': 4164, 'name': 'Grafton Street'}, 'city': 'New Ross', 'state': 'Mayo', 'country': 'Ireland', 'postcode': 79777, 'coordinates': {'latitude': '3.8622', 'longitude': '126.7872'}, 'timezone': {'offset': '+1:00', 'description': 'Brussels, Copenhagen, Madrid, Paris'}}, 'email': 'judith.shaw@example.com', 'login': {'uuid': '7df763b9-c30e-4655-9e33-0da361bc240d', 'username': 'brownbear882', 'password': 'catherine', 'salt': 'ma3ywuK4', 'md5': 'f1a5915dcefeb981c579c8655de04b98', 'sha1': '3064036d429eca368f86e0494f800e387d4cd520', 'sha256': 'b6bf5e035b8e545dff3679b397bd7ca9f93f43dc13476d3c0cc452760a4cffe2'}, 'dob': {'date': '1982-12-14T18:18:56.516Z', 'age': 41}, 'registered': {'date': '2006-12-30T12:12:53.510Z', 'age': 17}, 'phone': '011-781-2088', 'cell': '081-218-1811', 'id': {'name': 'PPS', 'value': '1671559T'}, 'picture': {'large': 'https://randomuser.me/api/portraits/women/41.jpg', 'medium': 'https://randomuser.me/api/portraits/med/women/41.jpg', 'thumbnail': 'https://randomuser.me/api/portraits/thumb/women/41.jpg'}, 'nat': 'IE'}], 'info': {'seed': 'e9ac7dfd21a8e1e5', 'results': 1, 'page': 1, 'version': '1.4'}}</msg>
<arg>${json_data}</arg>
<doc>Logs the given message with the given level.</doc>
<status status="PASS" start="2024-03-31T10:13:40.211103" elapsed="0.000218"/>
</kw>
<kw name="Dictionary Should Contain Key" owner="Collections">
<msg time="2024-03-31T10:13:40.211777" level="INFO">False</msg>
<arg>${json_data}</arg>
<arg>results</arg>
<doc>Fails if ``key`` is not found from ``dictionary``.</doc>
<status status="PASS" start="2024-03-31T10:13:40.211619" elapsed="0.000196"/>
</kw>
<kw name="Should Not Be Empty" owner="BuiltIn">
<msg time="2024-03-31T10:13:40.212246" level="INFO">Length is 2.</msg>
<arg>${json_data}</arg>
<doc>Verifies that the given item is not empty.</doc>
<status status="PASS" start="2024-03-31T10:13:40.212111" elapsed="0.000173"/>
</kw>
<kw name="Create List" owner="BuiltIn">
<msg time="2024-03-31T10:13:40.212737" level="INFO">${expected_keys} = ['gender', 'name', 'location', 'email', 'login']</msg>
<var>${expected_keys}</var>
<arg>gender</arg>
<arg>name</arg>
<arg>location</arg>
<arg>email</arg>
<arg>login</arg>
<doc>Returns a list containing given items.</doc>
<status status="PASS" start="2024-03-31T10:13:40.212580" elapsed="0.000182"/>
</kw>
<for flavor="IN">
<iter>
<kw name="Dictionary Should Contain Key" owner="Collections">
<msg time="2024-03-31T10:13:40.213796" level="INFO">False</msg>
<arg>${json_data['results'][0]}</arg>
<arg>${key}</arg>
<doc>Fails if ``key`` is not found from ``dictionary``.</doc>
<status status="PASS" start="2024-03-31T10:13:40.213384" elapsed="0.000452"/>
</kw>
<kw name="Log" owner="BuiltIn">
<msg time="2024-03-31T10:13:40.214518" level="INFO">{'gender': 'female', 'name': {'title': 'Ms', 'first': 'Judith', 'last': 'Shaw'}, 'location': {'street': {'number': 4164, 'name': 'Grafton Street'}, 'city': 'New Ross', 'state': 'Mayo', 'country': 'Ireland', 'postcode': 79777, 'coordinates': {'latitude': '3.8622', 'longitude': '126.7872'}, 'timezone': {'offset': '+1:00', 'description': 'Brussels, Copenhagen, Madrid, Paris'}}, 'email': 'judith.shaw@example.com', 'login': {'uuid': '7df763b9-c30e-4655-9e33-0da361bc240d', 'username': 'brownbear882', 'password': 'catherine', 'salt': 'ma3ywuK4', 'md5': 'f1a5915dcefeb981c579c8655de04b98', 'sha1': '3064036d429eca368f86e0494f800e387d4cd520', 'sha256': 'b6bf5e035b8e545dff3679b397bd7ca9f93f43dc13476d3c0cc452760a4cffe2'}, 'dob': {'date': '1982-12-14T18:18:56.516Z', 'age': 41}, 'registered': {'date': '2006-12-30T12:12:53.510Z', 'age': 17}, 'phone': '011-781-2088', 'cell': '081-218-1811', 'id': {'name': 'PPS', 'value': '1671559T'}, 'picture': {'large': 'https://randomuser.me/api/portraits/women/41.jpg', 'medium': 'https://randomuser.me/api/portraits/med/women/41.jpg', 'thumbnail': 'https://randomuser.me/api/portraits/thumb/women/41.jpg'}, 'nat': 'IE'}</msg>
<arg>${json_data['results'][0]}</arg>
<doc>Logs the given message with the given level.</doc>
<status status="PASS" start="2024-03-31T10:13:40.214145" elapsed="0.000427"/>
</kw>
<kw name="Log" owner="BuiltIn">
<msg time="2024-03-31T10:13:40.215016" level="INFO">gender</msg>
<arg>${key}</arg>
<doc>Logs the given message with the given level.</doc>
<status status="PASS" start="2024-03-31T10:13:40.214882" elapsed="0.000172"/>
</kw>
<var name="${key}">gender</var>
<status status="PASS" start="2024-03-31T10:13:40.213250" elapsed="0.002030"/>
</iter>
<iter>
<kw name="Dictionary Should Contain Key" owner="Collections">
<msg time="2024-03-31T10:13:40.215974" level="INFO">False</msg>
<arg>${json_data['results'][0]}</arg>
<arg>${key}</arg>
<doc>Fails if ``key`` is not found from ``dictionary``.</doc>
<status status="PASS" start="2024-03-31T10:13:40.215586" elapsed="0.000426"/>
</kw>
<kw name="Log" owner="BuiltIn">
<msg time="2024-03-31T10:13:40.216707" level="INFO">{'gender': 'female', 'name': {'title': 'Ms', 'first': 'Judith', 'last': 'Shaw'}, 'location': {'street': {'number': 4164, 'name': 'Grafton Street'}, 'city': 'New Ross', 'state': 'Mayo', 'country': 'Ireland', 'postcode': 79777, 'coordinates': {'latitude': '3.8622', 'longitude': '126.7872'}, 'timezone': {'offset': '+1:00', 'description': 'Brussels, Copenhagen, Madrid, Paris'}}, 'email': 'judith.shaw@example.com', 'login': {'uuid': '7df763b9-c30e-4655-9e33-0da361bc240d', 'username': 'brownbear882', 'password': 'catherine', 'salt': 'ma3ywuK4', 'md5': 'f1a5915dcefeb981c579c8655de04b98', 'sha1': '3064036d429eca368f86e0494f800e387d4cd520', 'sha256': 'b6bf5e035b8e545dff3679b397bd7ca9f93f43dc13476d3c0cc452760a4cffe2'}, 'dob': {'date': '1982-12-14T18:18:56.516Z', 'age': 41}, 'registered': {'date': '2006-12-30T12:12:53.510Z', 'age': 17}, 'phone': '011-781-2088', 'cell': '081-218-1811', 'id': {'name': 'PPS', 'value': '1671559T'}, 'picture': {'large': 'https://randomuser.me/api/portraits/women/41.jpg', 'medium': 'https://randomuser.me/api/portraits/med/women/41.jpg', 'thumbnail': 'https://randomuser.me/api/portraits/thumb/women/41.jpg'}, 'nat': 'IE'}</msg>
<arg>${json_data['results'][0]}</arg>
<doc>Logs the given message with the given level.</doc>
<status status="PASS" start="2024-03-31T10:13:40.216345" elapsed="0.000410"/>
</kw>
<kw name="Log" owner="BuiltIn">
<msg time="2024-03-31T10:13:40.217185" level="INFO">name</msg>
<arg>${key}</arg>
<doc>Logs the given message with the given level.</doc>
<status status="PASS" start="2024-03-31T10:13:40.217056" elapsed="0.000167"/>
</kw>
<var name="${key}">name</var>
<status status="PASS" start="2024-03-31T10:13:40.215470" elapsed="0.001997"/>
</iter>
<iter>
<kw name="Dictionary Should Contain Key" owner="Collections">
<msg time="2024-03-31T10:13:40.218147" level="INFO">False</msg>
<arg>${json_data['results'][0]}</arg>
<arg>${key}</arg>
<doc>Fails if ``key`` is not found from ``dictionary``.</doc>
<status status="PASS" start="2024-03-31T10:13:40.217764" elapsed="0.000422"/>
</kw>
<kw name="Log" owner="BuiltIn">
<msg time="2024-03-31T10:13:40.218846" level="INFO">{'gender': 'female', 'name': {'title': 'Ms', 'first': 'Judith', 'last': 'Shaw'}, 'location': {'street': {'number': 4164, 'name': 'Grafton Street'}, 'city': 'New Ross', 'state': 'Mayo', 'country': 'Ireland', 'postcode': 79777, 'coordinates': {'latitude': '3.8622', 'longitude': '126.7872'}, 'timezone': {'offset': '+1:00', 'description': 'Brussels, Copenhagen, Madrid, Paris'}}, 'email': 'judith.shaw@example.com', 'login': {'uuid': '7df763b9-c30e-4655-9e33-0da361bc240d', 'username': 'brownbear882', 'password': 'catherine', 'salt': 'ma3ywuK4', 'md5': 'f1a5915dcefeb981c579c8655de04b98', 'sha1': '3064036d429eca368f86e0494f800e387d4cd520', 'sha256': 'b6bf5e035b8e545dff3679b397bd7ca9f93f43dc13476d3c0cc452760a4cffe2'}, 'dob': {'date': '1982-12-14T18:18:56.516Z', 'age': 41}, 'registered': {'date': '2006-12-30T12:12:53.510Z', 'age': 17}, 'phone': '011-781-2088', 'cell': '081-218-1811', 'id': {'name': 'PPS', 'value': '1671559T'}, 'picture': {'large': 'https://randomuser.me/api/portraits/women/41.jpg', 'medium': 'https://randomuser.me/api/portraits/med/women/41.jpg', 'thumbnail': 'https://randomuser.me/api/portraits/thumb/women/41.jpg'}, 'nat': 'IE'}</msg>
<arg>${json_data['results'][0]}</arg>
<doc>Logs the given message with the given level.</doc>
<status status="PASS" start="2024-03-31T10:13:40.218487" elapsed="0.000418"/>
</kw>
<kw name="Log" owner="BuiltIn">
<msg time="2024-03-31T10:13:40.219329" level="INFO">location</msg>
<arg>${key}</arg>
<doc>Logs the given message with the given level.</doc>
<status status="PASS" start="2024-03-31T10:13:40.219200" elapsed="0.000167"/>
</kw>
<var name="${key}">location</var>
<status status="PASS" start="2024-03-31T10:13:40.217650" elapsed="0.001932"/>
</iter>
<iter>
<kw name="Dictionary Should Contain Key" owner="Collections">
<msg time="2024-03-31T10:13:40.220248" level="INFO">False</msg>
<arg>${json_data['results'][0]}</arg>
<arg>${key}</arg>
<doc>Fails if ``key`` is not found from ``dictionary``.</doc>
<status status="PASS" start="2024-03-31T10:13:40.219872" elapsed="0.000414"/>
</kw>
<kw name="Log" owner="BuiltIn">
<msg time="2024-03-31T10:13:40.220963" level="INFO">{'gender': 'female', 'name': {'title': 'Ms', 'first': 'Judith', 'last': 'Shaw'}, 'location': {'street': {'number': 4164, 'name': 'Grafton Street'}, 'city': 'New Ross', 'state': 'Mayo', 'country': 'Ireland', 'postcode': 79777, 'coordinates': {'latitude': '3.8622', 'longitude': '126.7872'}, 'timezone': {'offset': '+1:00', 'description': 'Brussels, Copenhagen, Madrid, Paris'}}, 'email': 'judith.shaw@example.com', 'login': {'uuid': '7df763b9-c30e-4655-9e33-0da361bc240d', 'username': 'brownbear882', 'password': 'catherine', 'salt': 'ma3ywuK4', 'md5': 'f1a5915dcefeb981c579c8655de04b98', 'sha1': '3064036d429eca368f86e0494f800e387d4cd520', 'sha256': 'b6bf5e035b8e545dff3679b397bd7ca9f93f43dc13476d3c0cc452760a4cffe2'}, 'dob': {'date': '1982-12-14T18:18:56.516Z', 'age': 41}, 'registered': {'date': '2006-12-30T12:12:53.510Z', 'age': 17}, 'phone': '011-781-2088', 'cell': '081-218-1811', 'id': {'name': 'PPS', 'value': '1671559T'}, 'picture': {'large': 'https://randomuser.me/api/portraits/women/41.jpg', 'medium': 'https://randomuser.me/api/portraits/med/women/41.jpg', 'thumbnail': 'https://randomuser.me/api/portraits/thumb/women/41.jpg'}, 'nat': 'IE'}</msg>
<arg>${json_data['results'][0]}</arg>
<doc>Logs the given message with the given level.</doc>
<status status="PASS" start="2024-03-31T10:13:40.220584" elapsed="0.000426"/>
</kw>
<kw name="Log" owner="BuiltIn">
<msg time="2024-03-31T10:13:40.221457" level="INFO">email</msg>
<arg>${key}</arg>
<doc>Logs the given message with the given level.</doc>
<status status="PASS" start="2024-03-31T10:13:40.221328" elapsed="0.000166"/>
</kw>
<var name="${key}">email</var>
<status status="PASS" start="2024-03-31T10:13:40.219761" elapsed="0.001949"/>
</iter>
<iter>
<kw name="Dictionary Should Contain Key" owner="Collections">
<msg time="2024-03-31T10:13:40.222371" level="INFO">False</msg>
<arg>${json_data['results'][0]}</arg>
<arg>${key}</arg>
<doc>Fails if ``key`` is not found from ``dictionary``.</doc>
<status status="PASS" start="2024-03-31T10:13:40.221993" elapsed="0.000414"/>
</kw>
<kw name="Log" owner="BuiltIn">
<msg time="2024-03-31T10:13:40.223124" level="INFO">{'gender': 'female', 'name': {'title': 'Ms', 'first': 'Judith', 'last': 'Shaw'}, 'location': {'street': {'number': 4164, 'name': 'Grafton Street'}, 'city': 'New Ross', 'state': 'Mayo', 'country': 'Ireland', 'postcode': 79777, 'coordinates': {'latitude': '3.8622', 'longitude': '126.7872'}, 'timezone': {'offset': '+1:00', 'description': 'Brussels, Copenhagen, Madrid, Paris'}}, 'email': 'judith.shaw@example.com', 'login': {'uuid': '7df763b9-c30e-4655-9e33-0da361bc240d', 'username': 'brownbear882', 'password': 'catherine', 'salt': 'ma3ywuK4', 'md5': 'f1a5915dcefeb981c579c8655de04b98', 'sha1': '3064036d429eca368f86e0494f800e387d4cd520', 'sha256': 'b6bf5e035b8e545dff3679b397bd7ca9f93f43dc13476d3c0cc452760a4cffe2'}, 'dob': {'date': '1982-12-14T18:18:56.516Z', 'age': 41}, 'registered': {'date': '2006-12-30T12:12:53.510Z', 'age': 17}, 'phone': '011-781-2088', 'cell': '081-218-1811', 'id': {'name': 'PPS', 'value': '1671559T'}, 'picture': {'large': 'https://randomuser.me/api/portraits/women/41.jpg', 'medium': 'https://randomuser.me/api/portraits/med/women/41.jpg', 'thumbnail': 'https://randomuser.me/api/portraits/thumb/women/41.jpg'}, 'nat': 'IE'}</msg>
<arg>${json_data['results'][0]}</arg>
<doc>Logs the given message with the given level.</doc>
<status status="PASS" start="2024-03-31T10:13:40.222701" elapsed="0.000469"/>
</kw>
<kw name="Log" owner="BuiltIn">
<msg time="2024-03-31T10:13:40.223593" level="INFO">login</msg>
<arg>${key}</arg>
<doc>Logs the given message with the given level.</doc>
<status status="PASS" start="2024-03-31T10:13:40.223465" elapsed="0.000279"/>
</kw>
<var name="${key}">login</var>
<status status="PASS" start="2024-03-31T10:13:40.221882" elapsed="0.002111"/>
</iter>
<var>${key}</var>
<value>@{expected_keys}</value>
<status status="PASS" start="2024-03-31T10:13:40.213032" elapsed="0.011088"/>
</for>
<kw name="Create List" owner="BuiltIn">
<msg time="2024-03-31T10:13:40.224451" level="INFO">${expected_keysTwo} = ['username', 'password']</msg>
<var>${expected_keysTwo}</var>
<arg>username</arg>
<arg>password</arg>
<doc>Returns a list containing given items.</doc>
<status status="PASS" start="2024-03-31T10:13:40.224316" elapsed="0.000159"/>
</kw>
<for flavor="IN">
<iter>
<kw name="Dictionary Should Contain Key" owner="Collections">
<msg time="2024-03-31T10:13:40.225401" level="INFO">False</msg>
<arg>${json_data['results'][0]['login']}</arg>
<arg>${keyTwo}</arg>
<doc>Fails if ``key`` is not found from ``dictionary``.</doc>
<status status="PASS" start="2024-03-31T10:13:40.224970" elapsed="0.000468"/>
</kw>
<kw name="Dictionary Should Contain Key" owner="Collections">
<msg time="2024-03-31T10:13:40.226111" level="INFO">False</msg>
<arg>${json_data['results'][0]['login']}</arg>
<arg>${keyTwo}</arg>
<doc>Fails if ``key`` is not found from ``dictionary``.</doc>
<status status="PASS" start="2024-03-31T10:13:40.225733" elapsed="0.000415"/>
</kw>
<kw name="Log" owner="BuiltIn">
<msg time="2024-03-31T10:13:40.226570" level="INFO">username</msg>
<arg>${keyTwo}</arg>
<doc>Logs the given message with the given level.</doc>
<status status="PASS" start="2024-03-31T10:13:40.226441" elapsed="0.000166"/>
</kw>
<var name="${keyTwo}">username</var>
<status status="PASS" start="2024-03-31T10:13:40.224860" elapsed="0.001971"/>
</iter>
<iter>
<kw name="Dictionary Should Contain Key" owner="Collections">
<msg time="2024-03-31T10:13:40.227720" level="INFO">False</msg>
<arg>${json_data['results'][0]['login']}</arg>
<arg>${keyTwo}</arg>
<doc>Fails if ``key`` is not found from ``dictionary``.</doc>
<status status="PASS" start="2024-03-31T10:13:40.227144" elapsed="0.000616"/>
</kw>
<kw name="Dictionary Should Contain Key" owner="Collections">
<msg time="2024-03-31T10:13:40.228451" level="INFO">False</msg>
<arg>${json_data['results'][0]['login']}</arg>
<arg>${keyTwo}</arg>
<doc>Fails if ``key`` is not found from ``dictionary``.</doc>
<status status="PASS" start="2024-03-31T10:13:40.228065" elapsed="0.000424"/>
</kw>
<kw name="Log" owner="BuiltIn">
<msg time="2024-03-31T10:13:40.228910" level="INFO">password</msg>
<arg>${keyTwo}</arg>
<doc>Logs the given message with the given level.</doc>
<status status="PASS" start="2024-03-31T10:13:40.228782" elapsed="0.000166"/>
</kw>
<var name="${keyTwo}">password</var>
<status status="PASS" start="2024-03-31T10:13:40.227005" elapsed="0.002160"/>
</iter>
<var>${keyTwo}</var>
<value>@{expected_keysTwo}</value>
<status status="PASS" start="2024-03-31T10:13:40.224709" elapsed="0.004603"/>
</for>
<status status="PASS" start="2024-03-31T10:13:40.115703" elapsed="0.113754"/>
</kw>
<doc>Testa a estrutura da resposta da API.</doc>
<tag>testeEstruturaResposta</tag>
<status status="PASS" start="2024-03-31T10:13:40.114955" elapsed="0.114667"/>
</test>
<test id="s1-s1-t4" name="Validar tipos de dados" line="28">
<kw name="Teste de Tipos de Dados" owner="random-user-service">
<kw name="GET On Session" owner="RequestsLibrary">
<msg time="2024-03-31T10:13:40.310356" level="INFO">GET Request : url=https://randomuser.me/api 
 path_url=/api 
 headers={'User-Agent': 'python-requests/2.31.0', 'Accept-Encoding': 'gzip, deflate', 'Accept': '*/*', 'Connection': 'keep-alive'} 
 body=None 
 </msg>
<msg time="2024-03-31T10:13:40.310462" level="INFO">GET Response : url=https://randomuser.me/api 
 status=200, reason=OK 
 headers={'Date': 'Sun, 31 Mar 2024 10:13:40 GMT', 'Content-Type': 'application/json; charset=utf-8', 'Transfer-Encoding': 'chunked', 'Connection': 'keep-alive', 'X-Powered-By': 'Express', 'Access-Control-Allow-Origin': '*', 'Cache-Control': 'no-cache', 'ETag': 'W/"48a-yeLRxhWoIM71m2dppKuO1+pDnpo"', 'Vary': 'Accept-Encoding', 'Content-Encoding': 'gzip', 'CF-Cache-Status': 'DYNAMIC', 'Report-To': '{"endpoints":[{"url":"https:\\/\\/a.nel.cloudflare.com\\/report\\/v4?s=vRhzUq5RXRPFCt%2BoFuy3TFcgSHwD8GThSC5w%2FGlGWZGOvZEBV4IyyN0mczkRJrvYUWTDpOTG5iY5RcPGgXfT7HcZ%2FkL4Qb%2BpdPn499jXnts%2F7v6TDBJG4%2FtXgVp87ye5"}],"group":"cf-nel","max_age":604800}', 'NEL': '{"success_fraction":0,"report_to":"cf-nel","max_age":604800}', 'Server': 'cloudflare', 'CF-RAY': '86cf916e6a3c59f2-IAD', 'alt-svc': 'h3=":443"; ma=86400'} 
 body={"results":[{"gender":"male","name":{"title":"Mr","first":"Hans Jürgen","last":"Böttner"},"location":{"street":{"number":8161,"name":"Lindenweg"},"city":"Telgte","state":"Nordrhein-Westfalen","country":"Germany","postcode":12426,"coordinates":{"latitude":"-55.2734","longitude":"-130.6581"},"timezone":{"offset":"+3:30","description":"Tehran"}},"email":"hansjurgen.bottner@example.com","login":{"uuid":"519d9d90-f81e-4170-ba36-2a87014e0198","username":"bluegorilla251","password":"pass123","salt":"9Hf5dDcE","md5":"d5af21049c8c0fe8a17af0dfbe779b67","sha1":"cc30caa53d041cd86aeb6ab8c2a9d384546ca7d8","sha256":"006c21e7bd57695a5ddf5fa3469f6974d124851893b356b06844c4f831095ab1"},"dob":{"date":"1980-03-25T04:17:04.211Z","age":44},"registered":{"date":"2012-07-02T08:26:07.401Z","age":11},"phone":"0012-9006558","cell":"0172-9408404","id":{"name":"SVNR","value":"73 240380 B 028"},"picture":{"large":"https://randomuser.me/api/portraits/men/46.jpg","medium":"https://randomuser.me/api/portraits/med/men/46.jpg","thumbnail":"https://randomuser.me/api/portraits/thumb/men/46.jpg"},"nat":"DE"}],"info":{"seed":"16afa50fa1e233f7","results":1,"page":1,"version":"1.4"}} 
 </msg>
<msg time="2024-03-31T10:13:40.310538" level="INFO">/opt/hostedtoolcache/Python/3.12.2/x64/lib/python3.12/site-packages/urllib3/connectionpool.py:1103: InsecureRequestWarning: Unverified HTTPS request is being made to host 'randomuser.me'. Adding certificate verification is strongly advised. See: https://urllib3.readthedocs.io/en/latest/advanced-usage.html#tls-warnings
  warnings.warn(</msg>
<msg time="2024-03-31T10:13:40.310688" level="INFO">${response} = &lt;Response [200]&gt;</msg>
<var>${response}</var>
<arg>consultarAPI</arg>
<arg>/api</arg>
<doc>Sends a GET request on a previously created HTTP Session.</doc>
<status status="PASS" start="2024-03-31T10:13:40.232179" elapsed="0.078563"/>
</kw>
<kw name="Set Variable" owner="BuiltIn">
<msg time="2024-03-31T10:13:40.311785" level="INFO">${json_data} = {'results': [{'gender': 'male', 'name': {'title': 'Mr', 'first': 'Hans Jürgen', 'last': 'Böttner'}, 'location': {'street': {'number': 8161, 'name': 'Lindenweg'}, 'city': 'Telgte', 'state': 'Nordrhein-...</msg>
<var>${json_data}</var>
<arg>${response.json()}</arg>
<doc>Returns the given values which can then be assigned to a variables.</doc>
<status status="PASS" start="2024-03-31T10:13:40.311277" elapsed="0.000536"/>
</kw>
<kw name="Log" owner="BuiltIn">
<msg time="2024-03-31T10:13:40.312287" level="INFO">{'results': [{'gender': 'male', 'name': {'title': 'Mr', 'first': 'Hans Jürgen', 'last': 'Böttner'}, 'location': {'street': {'number': 8161, 'name': 'Lindenweg'}, 'city': 'Telgte', 'state': 'Nordrhein-Westfalen', 'country': 'Germany', 'postcode': 12426, 'coordinates': {'latitude': '-55.2734', 'longitude': '-130.6581'}, 'timezone': {'offset': '+3:30', 'description': 'Tehran'}}, 'email': 'hansjurgen.bottner@example.com', 'login': {'uuid': '519d9d90-f81e-4170-ba36-2a87014e0198', 'username': 'bluegorilla251', 'password': 'pass123', 'salt': '9Hf5dDcE', 'md5': 'd5af21049c8c0fe8a17af0dfbe779b67', 'sha1': 'cc30caa53d041cd86aeb6ab8c2a9d384546ca7d8', 'sha256': '006c21e7bd57695a5ddf5fa3469f6974d124851893b356b06844c4f831095ab1'}, 'dob': {'date': '1980-03-25T04:17:04.211Z', 'age': 44}, 'registered': {'date': '2012-07-02T08:26:07.401Z', 'age': 11}, 'phone': '0012-9006558', 'cell': '0172-9408404', 'id': {'name': 'SVNR', 'value': '73 240380 B 028'}, 'picture': {'large': 'https://randomuser.me/api/portraits/men/46.jpg', 'medium': 'https://randomuser.me/api/portraits/med/men/46.jpg', 'thumbnail': 'https://randomuser.me/api/portraits/thumb/men/46.jpg'}, 'nat': 'DE'}], 'info': {'seed': '16afa50fa1e233f7', 'results': 1, 'page': 1, 'version': '1.4'}}</msg>
<arg>${json_data}</arg>
<doc>Logs the given message with the given level.</doc>
<status status="PASS" start="2024-03-31T10:13:40.312128" elapsed="0.000251"/>
</kw>
<kw name="Should Be String" owner="String">
<arg>${json_data['results'][0]['gender']}</arg>
<doc>Fails if the given ``item`` is not a string.</doc>
<status status="PASS" start="2024-03-31T10:13:40.312683" elapsed="0.000359"/>
</kw>
<kw name="Should Match Regexp" owner="BuiltIn">
<arg>${json_data['results'][0]['email']}</arg>
<arg>^[a-zA-Z0-9._%+-]+@[a-zA-Z0-9.-]+\.[a-zA-Z]{2,}$</arg>
<doc>Fails if ``string`` does not match ``pattern`` as a regular expression.</doc>
<status status="PASS" start="2024-03-31T10:13:40.313264" elapsed="0.000541"/>
</kw>
<kw name="Should Match Regexp" owner="BuiltIn">
<arg>${json_data['results'][0]['dob']['date']}</arg>
<arg>\\d{4}-\\d{2}-\\d{2}T\\d{2}:\\d{2}:\\d{2}\\.\\d{3}Z</arg>
<doc>Fails if ``string`` does not match ``pattern`` as a regular expression.</doc>
<status status="PASS" start="2024-03-31T10:13:40.314002" elapsed="0.000480"/>
</kw>
<kw name="Should Match Regexp" owner="BuiltIn">
<arg>${json_data['results'][0]['registered']['date']}</arg>
<arg>\\d{4}-\\d{2}-\\d{2}T\\d{2}:\\d{2}:\\d{2}\\.\\d{3}Z</arg>
<doc>Fails if ``string`` does not match ``pattern`` as a regular expression.</doc>
<status status="PASS" start="2024-03-31T10:13:40.314674" elapsed="0.000363"/>
</kw>
<kw name="Should Match Regexp" owner="BuiltIn">
<arg>${json_data['results'][0]['picture']['large']}</arg>
<arg>^https?://.*\.(?:png|jpe?g|gif|bmp)$</arg>
<doc>Fails if ``string`` does not match ``pattern`` as a regular expression.</doc>
<status status="PASS" start="2024-03-31T10:13:40.315223" elapsed="0.000464"/>
</kw>
<kw name="Should Match Regexp" owner="BuiltIn">
<arg>${json_data['results'][0]['picture']['medium']}</arg>
<arg>^https?://.*\.(?:png|jpe?g|gif|bmp)$</arg>
<doc>Fails if ``string`` does not match ``pattern`` as a regular expression.</doc>
<status status="PASS" start="2024-03-31T10:13:40.315876" elapsed="0.000356"/>
</kw>
<kw name="Should Match Regexp" owner="BuiltIn">
<arg>${json_data['results'][0]['picture']['thumbnail']}</arg>
<arg>^https?://.*\.(?:png|jpe?g|gif|bmp)$</arg>
<doc>Fails if ``string`` does not match ``pattern`` as a regular expression.</doc>
<status status="PASS" start="2024-03-31T10:13:40.316425" elapsed="0.000345"/>
</kw>
<kw name="Log" owner="BuiltIn">
<msg time="2024-03-31T10:13:40.317311" level="INFO">{'large': 'https://randomuser.me/api/portraits/men/46.jpg', 'medium': 'https://randomuser.me/api/portraits/med/men/46.jpg', 'thumbnail': 'https://randomuser.me/api/portraits/thumb/men/46.jpg'}</msg>
<arg>${json_data['results'][0]['picture']}</arg>
<doc>Logs the given message with the given level.</doc>
<status status="PASS" start="2024-03-31T10:13:40.316947" elapsed="0.000411"/>
</kw>
<status status="PASS" start="2024-03-31T10:13:40.231945" elapsed="0.085675"/>
</kw>
<kw name="Teste de Tipos de Dados - Postcode" owner="random-user-service">
<kw name="GET On Session" owner="RequestsLibrary">
<msg time="2024-03-31T10:13:40.415530" level="INFO">GET Request : url=https://randomuser.me/api 
 path_url=/api 
 headers={'User-Agent': 'python-requests/2.31.0', 'Accept-Encoding': 'gzip, deflate', 'Accept': '*/*', 'Connection': 'keep-alive'} 
 body=None 
 </msg>
<msg time="2024-03-31T10:13:40.415632" level="INFO">GET Response : url=https://randomuser.me/api 
 status=200, reason=OK 
 headers={'Date': 'Sun, 31 Mar 2024 10:13:40 GMT', 'Content-Type': 'application/json; charset=utf-8', 'Transfer-Encoding': 'chunked', 'Connection': 'keep-alive', 'X-Powered-By': 'Express', 'Access-Control-Allow-Origin': '*', 'Cache-Control': 'no-cache', 'ETag': 'W/"497-fB8o9grfx84+++qeIww/SN07rQI"', 'Vary': 'Accept-Encoding', 'Content-Encoding': 'gzip', 'CF-Cache-Status': 'DYNAMIC', 'Report-To': '{"endpoints":[{"url":"https:\\/\\/a.nel.cloudflare.com\\/report\\/v4?s=mIYrBmwvpkVlIq5Ga6xqdkctmyO1oYTBgOHaFJhFMEYDevnjh7VhMakYdJezyrLtAtpO43CDHT0e8WbX5kKrxMRqcyWAJlLgNSg4p%2FnyRZOx5dW3LoLJGG1y%2Bj1y4%2B0v"}],"group":"cf-nel","max_age":604800}', 'NEL': '{"success_fraction":0,"report_to":"cf-nel","max_age":604800}', 'Server': 'cloudflare', 'CF-RAY': '86cf916efa6a59f2-IAD', 'alt-svc': 'h3=":443"; ma=86400'} 
 body={"results":[{"gender":"female","name":{"title":"Mrs","first":"Varvara","last":"Samiylenko"},"location":{"street":{"number":2274,"name":"Kobrinskoyi"},"city":"Novoselicya","state":"Dnipropetrovska","country":"Ukraine","postcode":94402,"coordinates":{"latitude":"74.3107","longitude":"66.9948"},"timezone":{"offset":"-8:00","description":"Pacific Time (US &amp; Canada)"}},"email":"varvara.samiylenko@example.com","login":{"uuid":"2c823692-f17c-4d82-8f69-681a994d56f3","username":"purplegorilla588","password":"ghetto","salt":"eEX1FiH0","md5":"475151e3d0bc8f7701fe67e44c180d81","sha1":"d8f969e5f5bd246aef54809bad1a07dc656f202d","sha256":"3996f0014fe33e97ddab474d1d2e8456cbd2c24c58aeaecb69bd78e9a69c5d00"},"dob":{"date":"1950-09-06T19:57:47.256Z","age":73},"registered":{"date":"2015-10-19T15:22:19.436Z","age":8},"phone":"(097) H83-3912","cell":"(067) L16-9445","id":{"name":"","value":null},"picture":{"large":"https://randomuser.me/api/portraits/women/58.jpg","medium":"https://randomuser.me/api/portraits/med/women/58.jpg","thumbnail":"https://randomuser.me/api/portraits/thumb/women/58.jpg"},"nat":"UA"}],"info":{"seed":"d405b7724671c1c5","results":1,"page":1,"version":"1.4"}} 
 </msg>
<msg time="2024-03-31T10:13:40.415729" level="INFO">/opt/hostedtoolcache/Python/3.12.2/x64/lib/python3.12/site-packages/urllib3/connectionpool.py:1103: InsecureRequestWarning: Unverified HTTPS request is being made to host 'randomuser.me'. Adding certificate verification is strongly advised. See: https://urllib3.readthedocs.io/en/latest/advanced-usage.html#tls-warnings
  warnings.warn(</msg>
<msg time="2024-03-31T10:13:40.415885" level="INFO">${response} = &lt;Response [200]&gt;</msg>
<var>${response}</var>
<arg>consultarAPI</arg>
<arg>/api</arg>
<doc>Sends a GET request on a previously created HTTP Session.</doc>
<status status="PASS" start="2024-03-31T10:13:40.318220" elapsed="0.097718"/>
</kw>
<kw name="Set Variable" owner="BuiltIn">
<msg time="2024-03-31T10:13:40.416970" level="INFO">${json_data} = {'results': [{'gender': 'female', 'name': {'title': 'Mrs', 'first': 'Varvara', 'last': 'Samiylenko'}, 'location': {'street': {'number': 2274, 'name': 'Kobrinskoyi'}, 'city': 'Novoselicya', 'state': 'D...</msg>
<var>${json_data}</var>
<arg>${response.json()}</arg>
<doc>Returns the given values which can then be assigned to a variables.</doc>
<status status="PASS" start="2024-03-31T10:13:40.416475" elapsed="0.000523"/>
</kw>
<kw name="Log" owner="BuiltIn">
<msg time="2024-03-31T10:13:40.417502" level="INFO">{'results': [{'gender': 'female', 'name': {'title': 'Mrs', 'first': 'Varvara', 'last': 'Samiylenko'}, 'location': {'street': {'number': 2274, 'name': 'Kobrinskoyi'}, 'city': 'Novoselicya', 'state': 'Dnipropetrovska', 'country': 'Ukraine', 'postcode': 94402, 'coordinates': {'latitude': '74.3107', 'longitude': '66.9948'}, 'timezone': {'offset': '-8:00', 'description': 'Pacific Time (US &amp; Canada)'}}, 'email': 'varvara.samiylenko@example.com', 'login': {'uuid': '2c823692-f17c-4d82-8f69-681a994d56f3', 'username': 'purplegorilla588', 'password': 'ghetto', 'salt': 'eEX1FiH0', 'md5': '475151e3d0bc8f7701fe67e44c180d81', 'sha1': 'd8f969e5f5bd246aef54809bad1a07dc656f202d', 'sha256': '3996f0014fe33e97ddab474d1d2e8456cbd2c24c58aeaecb69bd78e9a69c5d00'}, 'dob': {'date': '1950-09-06T19:57:47.256Z', 'age': 73}, 'registered': {'date': '2015-10-19T15:22:19.436Z', 'age': 8}, 'phone': '(097) H83-3912', 'cell': '(067) L16-9445', 'id': {'name': '', 'value': None}, 'picture': {'large': 'https://randomuser.me/api/portraits/women/58.jpg', 'medium': 'https://randomuser.me/api/portraits/med/women/58.jpg', 'thumbnail': 'https://randomuser.me/api/portraits/thumb/women/58.jpg'}, 'nat': 'UA'}], 'info': {'seed': 'd405b7724671c1c5', 'results': 1, 'page': 1, 'version': '1.4'}}</msg>
<arg>${json_data}</arg>
<doc>Logs the given message with the given level.</doc>
<status status="PASS" start="2024-03-31T10:13:40.417337" elapsed="0.000248"/>
</kw>
<kw name="Should Be Equal As Numbers" owner="BuiltIn">
<arg>${json_data['results'][0]['location']['postcode']}</arg>
<arg>${json_data['results'][0]['location']['postcode']}</arg>
<doc>Fails if objects are unequal after converting them to real numbers.</doc>
<status status="PASS" start="2024-03-31T10:13:40.417891" elapsed="0.000632"/>
</kw>
<kw name="Log" owner="BuiltIn">
<msg time="2024-03-31T10:13:40.419047" level="INFO">94402</msg>
<arg>${json_data['results'][0]['location']['postcode']}</arg>
<doc>Logs the given message with the given level.</doc>
<status status="PASS" start="2024-03-31T10:13:40.418715" elapsed="0.000373"/>
</kw>
<status status="PASS" start="2024-03-31T10:13:40.317851" elapsed="0.101496"/>
</kw>
<doc>Testa se os tipos de dados na resposta da API estão corretos.</doc>
<tag>testeTiposDados</tag>
<status status="PASS" start="2024-03-31T10:13:40.231403" elapsed="0.188116"/>
</test>
<test id="s1-s1-t5" name="Validar conteudo" line="35">
<kw name="Teste de Tipos de Conteudo" owner="random-user-service">
<kw name="GET On Session" owner="RequestsLibrary">
<msg time="2024-03-31T10:13:40.525739" level="INFO">GET Request : url=https://randomuser.me/api 
 path_url=/api 
 headers={'User-Agent': 'python-requests/2.31.0', 'Accept-Encoding': 'gzip, deflate', 'Accept': '*/*', 'Connection': 'keep-alive'} 
 body=None 
 </msg>
<msg time="2024-03-31T10:13:40.525838" level="INFO">GET Response : url=https://randomuser.me/api 
 status=200, reason=OK 
 headers={'Date': 'Sun, 31 Mar 2024 10:13:40 GMT', 'Content-Type': 'application/json; charset=utf-8', 'Transfer-Encoding': 'chunked', 'Connection': 'keep-alive', 'X-Powered-By': 'Express', 'Access-Control-Allow-Origin': '*', 'Cache-Control': 'no-cache', 'ETag': 'W/"482-FiHbH5qHW25FHa1wQCSYi6DDagQ"', 'Vary': 'Accept-Encoding', 'Content-Encoding': 'gzip', 'CF-Cache-Status': 'DYNAMIC', 'Report-To': '{"endpoints":[{"url":"https:\\/\\/a.nel.cloudflare.com\\/report\\/v4?s=4uaDNxdaT1LXbV63UI4QY3cI%2FvVJ7%2BHDwL5i6%2BQb8aqTIKOoSzat4raZohe6VA1nAV4uCcX0yCBTMlhLOb9omaGEWllL0aXrH0edMnfcSGuixgzEW8CFz2C71GN9TzY%2B"}],"group":"cf-nel","max_age":604800}', 'NEL': '{"success_fraction":0,"report_to":"cf-nel","max_age":604800}', 'Server': 'cloudflare', 'CF-RAY': '86cf916f9ab359f2-IAD', 'alt-svc': 'h3=":443"; ma=86400'} 
 body={"results":[{"gender":"female","name":{"title":"Ms","first":"Nalan","last":"Tütüncü"},"location":{"street":{"number":3626,"name":"Bağdat Cd"},"city":"Karaman","state":"Zonguldak","country":"Turkey","postcode":23707,"coordinates":{"latitude":"65.7698","longitude":"96.0882"},"timezone":{"offset":"-1:00","description":"Azores, Cape Verde Islands"}},"email":"nalan.tutuncu@example.com","login":{"uuid":"bde65ddd-23d7-47ac-8718-b215ead66d11","username":"orangepanda242","password":"barton","salt":"oZEDNVcB","md5":"e772808d5240133c400718e657fd9e7a","sha1":"92bfc0a8959e0676e7fadfe1d36f6f7e38c5502c","sha256":"d08c8461d1c8deba5ba300ffb1bdfa232db45b93512c65519d92cc2f658ec6e7"},"dob":{"date":"1951-02-20T13:15:14.081Z","age":73},"registered":{"date":"2009-08-05T03:01:54.094Z","age":14},"phone":"(684)-380-0724","cell":"(684)-474-9843","id":{"name":"","value":null},"picture":{"large":"https://randomuser.me/api/portraits/women/89.jpg","medium":"https://randomuser.me/api/portraits/med/women/89.jpg","thumbnail":"https://randomuser.me/api/portraits/thumb/women/89.jpg"},"nat":"TR"}],"info":{"seed":"797499f76da9c5cb","results":1,"page":1,"version":"1.4"}} 
 </msg>
<msg time="2024-03-31T10:13:40.525908" level="INFO">/opt/hostedtoolcache/Python/3.12.2/x64/lib/python3.12/site-packages/urllib3/connectionpool.py:1103: InsecureRequestWarning: Unverified HTTPS request is being made to host 'randomuser.me'. Adding certificate verification is strongly advised. See: https://urllib3.readthedocs.io/en/latest/advanced-usage.html#tls-warnings
  warnings.warn(</msg>
<msg time="2024-03-31T10:13:40.526048" level="INFO">${response} = &lt;Response [200]&gt;</msg>
<var>${response}</var>
<arg>consultarAPI</arg>
<arg>/api</arg>
<doc>Sends a GET request on a previously created HTTP Session.</doc>
<status status="PASS" start="2024-03-31T10:13:40.421959" elapsed="0.104130"/>
</kw>
<kw name="Set Variable" owner="BuiltIn">
<msg time="2024-03-31T10:13:40.527124" level="INFO">${json_data} = {'results': [{'gender': 'female', 'name': {'title': 'Ms', 'first': 'Nalan', 'last': 'Tütüncü'}, 'location': {'street': {'number': 3626, 'name': 'Bağdat Cd'}, 'city': 'Karaman', 'state': 'Zonguldak', '...</msg>
<var>${json_data}</var>
<arg>${response.json()}</arg>
<doc>Returns the given values which can then be assigned to a variables.</doc>
<status status="PASS" start="2024-03-31T10:13:40.526604" elapsed="0.000551"/>
</kw>
<kw name="Set Variable" owner="BuiltIn">
<msg time="2024-03-31T10:13:40.527842" level="INFO">${name_title} = Ms</msg>
<var>${name_title}</var>
<arg>${json_data["results"][0]["name"]["title"]}</arg>
<doc>Returns the given values which can then be assigned to a variables.</doc>
<status status="PASS" start="2024-03-31T10:13:40.527467" elapsed="0.000400"/>
</kw>
<kw name="Create List" owner="BuiltIn">
<msg time="2024-03-31T10:13:40.528311" level="INFO">${allowed_titles} = ['Mr', 'Ms', 'Miss', 'Mrs', 'Madame', 'Monsieur']</msg>
<var>${allowed_titles}</var>
<arg>Mr</arg>
<arg>Ms</arg>
<arg>Miss</arg>
<arg>Mrs</arg>
<arg>Madame</arg>
<arg>Monsieur</arg>
<doc>Returns a list containing given items.</doc>
<status status="PASS" start="2024-03-31T10:13:40.528164" elapsed="0.000171"/>
</kw>
<kw name="List Should Contain Value" owner="Collections">
<msg time="2024-03-31T10:13:40.528816" level="INFO">False</msg>
<arg>${allowed_titles}</arg>
<arg>${name_title}</arg>
<doc>Fails if the ``value`` is not found from ``list``.</doc>
<status status="PASS" start="2024-03-31T10:13:40.528642" elapsed="0.000210"/>
</kw>
<kw name="Set Variable" owner="BuiltIn">
<msg time="2024-03-31T10:13:40.529535" level="INFO">${name_country} = TR</msg>
<var>${name_country}</var>
<arg>${json_data["results"][0]["nat"]}</arg>
<doc>Returns the given values which can then be assigned to a variables.</doc>
<status status="PASS" start="2024-03-31T10:13:40.529134" elapsed="0.000426"/>
</kw>
<kw name="Create List" owner="BuiltIn">
<msg time="2024-03-31T10:13:40.530461" level="INFO">${list_country} = ['AD', 'AE', 'AF', 'AG', 'AI', 'AL', 'AM', 'AO', 'AQ', 'AR', 'AS', 'AT', 'AU', 'AW', 'AX', 'AZ', 'BA', 'BB', 'BD', 'BE', 'BF', 'BG', 'BH', 'BI', 'BJ', 'BL', 'BM', 'BN', 'BO', 'BQ', 'BR', 'BS', 'BT', '...</msg>
<var>${list_country}</var>
<arg>AD</arg>
<arg>AE</arg>
<arg>AF</arg>
<arg>AG</arg>
<arg>AI</arg>
<arg>AL</arg>
<arg>AM</arg>
<arg>AO</arg>
<arg>AQ</arg>
<arg>AR</arg>
<arg>AS</arg>
<arg>AT</arg>
<arg>AU</arg>
<arg>AW</arg>
<arg>AX</arg>
<arg>AZ</arg>
<arg>BA</arg>
<arg>BB</arg>
<arg>BD</arg>
<arg>BE</arg>
<arg>BF</arg>
<arg>BG</arg>
<arg>BH</arg>
<arg>BI</arg>
<arg>BJ</arg>
<arg>BL</arg>
<arg>BM</arg>
<arg>BN</arg>
<arg>BO</arg>
<arg>BQ</arg>
<arg>BR</arg>
<arg>BS</arg>
<arg>BT</arg>
<arg>BV</arg>
<arg>BW</arg>
<arg>BY</arg>
<arg>BZ</arg>
<arg>CA</arg>
<arg>CC</arg>
<arg>CD</arg>
<arg>CF</arg>
<arg>CG</arg>
<arg>CH</arg>
<arg>CI</arg>
<arg>CK</arg>
<arg>CL</arg>
<arg>CM</arg>
<arg>CN</arg>
<arg>CO</arg>
<arg>CR</arg>
<arg>CU</arg>
<arg>CV</arg>
<arg>CW</arg>
<arg>CX</arg>
<arg>CY</arg>
<arg>CZ</arg>
<arg>DE</arg>
<arg>DJ</arg>
<arg>DK</arg>
<arg>DM</arg>
<arg>DO</arg>
<arg>DZ</arg>
<arg>EC</arg>
<arg>EE</arg>
<arg>EG</arg>
<arg>EH</arg>
<arg>ER</arg>
<arg>ES</arg>
<arg>ET</arg>
<arg>FI</arg>
<arg>FJ</arg>
<arg>FK</arg>
<arg>FM</arg>
<arg>FO</arg>
<arg>FR</arg>
<arg>GA</arg>
<arg>GB</arg>
<arg>GD</arg>
<arg>GE</arg>
<arg>GF</arg>
<arg>GG</arg>
<arg>GH</arg>
<arg>GI</arg>
<arg>GL</arg>
<arg>GM</arg>
<arg>GN</arg>
<arg>GP</arg>
<arg>GQ</arg>
<arg>GR</arg>
<arg>GS</arg>
<arg>GT</arg>
<arg>GU</arg>
<arg>GW</arg>
<arg>GY</arg>
<arg>HK</arg>
<arg>HM</arg>
<arg>HN</arg>
<arg>HR</arg>
<arg>HT</arg>
<arg>HU</arg>
<arg>ID</arg>
<arg>IE</arg>
<arg>IL</arg>
<arg>IM</arg>
<arg>IN</arg>
<arg>IO</arg>
<arg>IQ</arg>
<arg>IR</arg>
<arg>IS</arg>
<arg>IT</arg>
<arg>JE</arg>
<arg>JM</arg>
<arg>JO</arg>
<arg>JP</arg>
<arg>KE</arg>
<arg>KG</arg>
<arg>KH</arg>
<arg>KI</arg>
<arg>KM</arg>
<arg>KN</arg>
<arg>KP</arg>
<arg>KR</arg>
<arg>KW</arg>
<arg>KY</arg>
<arg>KZ</arg>
<arg>LA</arg>
<arg>LB</arg>
<arg>LC</arg>
<arg>LI</arg>
<arg>LK</arg>
<arg>LR</arg>
<arg>LS</arg>
<arg>LT</arg>
<arg>LU</arg>
<arg>LV</arg>
<arg>LY</arg>
<arg>MA</arg>
<arg>MC</arg>
<arg>MD</arg>
<arg>ME</arg>
<arg>MF</arg>
<arg>MG</arg>
<arg>MH</arg>
<arg>MK</arg>
<arg>ML</arg>
<arg>MM</arg>
<arg>MN</arg>
<arg>MO</arg>
<arg>MP</arg>
<arg>MQ</arg>
<arg>MR</arg>
<arg>MS</arg>
<arg>MT</arg>
<arg>MU</arg>
<arg>MV</arg>
<arg>MW</arg>
<arg>MX</arg>
<arg>MY</arg>
<arg>MZ</arg>
<arg>NA</arg>
<arg>NC</arg>
<arg>NE</arg>
<arg>NF</arg>
<arg>NG</arg>
<arg>NI</arg>
<arg>NL</arg>
<arg>NO</arg>
<arg>NP</arg>
<arg>NR</arg>
<arg>NU</arg>
<arg>NZ</arg>
<arg>OM</arg>
<arg>PA</arg>
<arg>PE</arg>
<arg>PF</arg>
<arg>PG</arg>
<arg>PH</arg>
<arg>PK</arg>
<arg>PL</arg>
<arg>PM</arg>
<arg>PN</arg>
<arg>PR</arg>
<arg>PS</arg>
<arg>PT</arg>
<arg>PW</arg>
<arg>PY</arg>
<arg>QA</arg>
<arg>RE</arg>
<arg>RO</arg>
<arg>RS</arg>
<arg>RU</arg>
<arg>RW</arg>
<arg>SA</arg>
<arg>SB</arg>
<arg>SC</arg>
<arg>SD</arg>
<arg>SE</arg>
<arg>SG</arg>
<arg>SH</arg>
<arg>SI</arg>
<arg>SJ</arg>
<arg>SK</arg>
<arg>SL</arg>
<arg>SM</arg>
<arg>SN</arg>
<arg>SO</arg>
<arg>SR</arg>
<arg>SS</arg>
<arg>ST</arg>
<arg>SV</arg>
<arg>SX</arg>
<arg>SY</arg>
<arg>SZ</arg>
<arg>TC</arg>
<arg>TD</arg>
<arg>TF</arg>
<arg>TG</arg>
<arg>TH</arg>
<arg>TJ</arg>
<arg>TK</arg>
<arg>TL</arg>
<arg>TM</arg>
<arg>TN</arg>
<arg>TO</arg>
<arg>TR</arg>
<arg>TT</arg>
<arg>TV</arg>
<arg>TW</arg>
<arg>TZ</arg>
<arg>UA</arg>
<arg>UG</arg>
<arg>UM</arg>
<arg>US</arg>
<arg>UY</arg>
<arg>UZ</arg>
<arg>VA</arg>
<arg>VC</arg>
<arg>VE</arg>
<arg>VG</arg>
<arg>VI</arg>
<arg>VN</arg>
<arg>VU</arg>
<arg>WF</arg>
<arg>WS</arg>
<arg>XK</arg>
<arg>YE</arg>
<arg>YT</arg>
<arg>ZA</arg>
<arg>ZM</arg>
<arg>ZW</arg>
<doc>Returns a list containing given items.</doc>
<status status="PASS" start="2024-03-31T10:13:40.529865" elapsed="0.000622"/>
</kw>
<kw name="List Should Contain Value" owner="Collections">
<msg time="2024-03-31T10:13:40.531606" level="INFO">False</msg>
<arg>${list_country}</arg>
<arg>${name_country}</arg>
<doc>Fails if the ``value`` is not found from ``list``.</doc>
<status status="PASS" start="2024-03-31T10:13:40.531403" elapsed="0.000246"/>
</kw>
<kw name="Run Keyword If" owner="BuiltIn">
<kw name="Should Be True" owner="BuiltIn">
<arg>${True}</arg>
<doc>Fails if the given condition is not true.</doc>
<status status="PASS" start="2024-03-31T10:13:40.532718" elapsed="0.000146"/>
</kw>
<arg>${json_data["results"][0]["location"]["coordinates"]["latitude"]} &gt;= -90 and ${json_data["results"][0]["location"]["coordinates"]["latitude"]} &lt;= 90</arg>
<arg>Should Be True</arg>
<arg>${True}</arg>
<doc>Runs the given keyword with the given arguments, if ``condition`` is true.</doc>
<status status="PASS" start="2024-03-31T10:13:40.531959" elapsed="0.001033"/>
</kw>
<kw name="Run Keyword If" owner="BuiltIn">
<kw name="Should Be True" owner="BuiltIn">
<arg>${True}</arg>
<doc>Fails if the given condition is not true.</doc>
<status status="PASS" start="2024-03-31T10:13:40.533893" elapsed="0.000138"/>
</kw>
<arg>${json_data["results"][0]["location"]["coordinates"]["longitude"]} &gt;= -180 and ${json_data["results"][0]["location"]["coordinates"]["longitude"]} &lt;= 180</arg>
<arg>Should Be True</arg>
<arg>${True}</arg>
<doc>Runs the given keyword with the given arguments, if ``condition`` is true.</doc>
<status status="PASS" start="2024-03-31T10:13:40.533172" elapsed="0.000984"/>
</kw>
<status status="PASS" start="2024-03-31T10:13:40.421732" elapsed="0.112556"/>
</kw>
<doc>Testa o conteúdo específico dos campos retornados pela API.</doc>
<tag>testeConteudo</tag>
<status status="PASS" start="2024-03-31T10:13:40.421271" elapsed="0.113173"/>
</test>
<status status="PASS" start="2024-03-31T10:13:39.736079" elapsed="0.800261"/>
</suite>
<status status="PASS" start="2024-03-31T10:13:39.722073" elapsed="0.819610"/>
</suite>
<statistics>
<total>
<stat pass="5" fail="0" skip="0">All Tests</stat>
</total>
<tag>
<stat pass="1" fail="0" skip="0">testeConteudo</stat>
<stat pass="1" fail="0" skip="0">testeEstruturaResposta</stat>
<stat pass="1" fail="0" skip="0">testeRequisicaoBasica</stat>
<stat pass="1" fail="0" skip="0">testeTiposDados</stat>
</tag>
<suite>
<stat pass="5" fail="0" skip="0" id="s1" name="Tests">Tests</stat>
<stat pass="5" fail="0" skip="0" id="s1-s1" name="Random-User-Test">Tests.Random-User-Test</stat>
</suite>
</statistics>
<errors>
</errors>
</robot>
