<?xml version="1.0" encoding="UTF-8"?>
<robot generator="Robot 7.0.1 (Python 3.12.4 on linux)" generated="2024-08-04T01:13:37.657137" rpa="false" schemaversion="5">
<suite id="s1" name="Tests" source="/home/runner/work/ApiRandomUser/ApiRandomUser/RamdonUser/tests">
<suite id="s1-s1" name="Random-User-Test" source="/home/runner/work/ApiRandomUser/ApiRandomUser/RamdonUser/tests/random-user-test.robot">
<test id="s1-s1-t1" name="Conectar" line="13">
<kw name="Conectar API" owner="random-user-service">
<kw name="Create Session" owner="RequestsLibrary">
<msg time="2024-08-04T01:13:38.100515" level="INFO">Creating Session using : alias=consultarAPI, url=https://randomuser.me/, headers={},                     cookies={}, auth=None, timeout=None, proxies=None, verify=False,                     debug=0 </msg>
<arg>consultarAPI</arg>
<arg>${URL}</arg>
<doc>Create Session: create a HTTP session to a server</doc>
<status status="PASS" start="2024-08-04T01:13:38.100309" elapsed="0.000403"/>
</kw>
<status status="PASS" start="2024-08-04T01:13:38.099232" elapsed="0.001886"/>
</kw>
<status status="PASS" start="2024-08-04T01:13:38.098647" elapsed="0.002673"/>
</test>
<test id="s1-s1-t2" name="Validar retorno 200 e JSON Válido" line="16">
<kw name="Teste de Requisicao Basica" owner="random-user-service">
<kw name="GET On Session" owner="RequestsLibrary">
<msg time="2024-08-04T01:13:38.272595" level="INFO">GET Request : url=https://randomuser.me/api 
 path_url=/api 
 headers={'User-Agent': 'python-requests/2.32.3', 'Accept-Encoding': 'gzip, deflate', 'Accept': '*/*', 'Connection': 'keep-alive'} 
 body=None 
 </msg>
<msg time="2024-08-04T01:13:38.272759" level="INFO">GET Response : url=https://randomuser.me/api 
 status=200, reason=OK 
 headers={'Date': 'Sun, 04 Aug 2024 01:13:38 GMT', 'Content-Type': 'application/json; charset=utf-8', 'Transfer-Encoding': 'chunked', 'Connection': 'keep-alive', 'X-Powered-By': 'Express', 'Access-Control-Allow-Origin': '*', 'Cache-Control': 'no-cache', 'ETag': 'W/"49d-7vaM2ojlgBy3ADk0f2A1BKJBHQQ"', 'Vary': 'Accept-Encoding', 'Content-Encoding': 'gzip', 'CF-Cache-Status': 'DYNAMIC', 'Report-To': '{"endpoints":[{"url":"https:\\/\\/a.nel.cloudflare.com\\/report\\/v4?s=AaVRy18R3eQPv8z3ryx2kG7qFF%2BjQHrlnXQnZ2rOk4waEyNMtLkVQd62B4AZOKgA1d38ZywQTs22KA82%2FZvm11bve%2BakZvmkZ%2BG7BwJLamZ0d7hnoCUCkqhO91w0oX3j"}],"group":"cf-nel","max_age":604800}', 'NEL': '{"success_fraction":0,"report_to":"cf-nel","max_age":604800}', 'Server': 'cloudflare', 'CF-RAY': '8adaaf9df8840816-IAD', 'alt-svc': 'h3=":443"; ma=86400'} 
 body={"results":[{"gender":"female","name":{"title":"Mrs","first":"Florence","last":"Ambrose"},"location":{"street":{"number":2916,"name":"Peel St"},"city":"Beaumont","state":"Nunavut","country":"Canada","postcode":"N4S 6X2","coordinates":{"latitude":"-68.8407","longitude":"15.4547"},"timezone":{"offset":"+5:00","description":"Ekaterinburg, Islamabad, Karachi, Tashkent"}},"email":"florence.ambrose@example.com","login":{"uuid":"70ab4b08-6bbd-4ccb-aecc-e9d337fd143c","username":"silvertiger641","password":"serena","salt":"UQ2YVSB6","md5":"5de01fc0ca98234dd1d8d3cda8340c15","sha1":"175ca7f30b68d295ffa6dd2ef46bde9c27a534ce","sha256":"7682009374a0d6231c0dbcc10944a83cc99fc432d8221145e9ff01d1657e6858"},"dob":{"date":"1992-07-04T22:05:06.949Z","age":32},"registered":{"date":"2007-02-25T17:55:02.497Z","age":17},"phone":"M98 C22-8031","cell":"J98 Y01-5925","id":{"name":"SIN","value":"983242363"},"picture":{"large":"https://randomuser.me/api/portraits/women/21.jpg","medium":"https://randomuser.me/api/portraits/med/women/21.jpg","thumbnail":"https://randomuser.me/api/portraits/thumb/women/21.jpg"},"nat":"CA"}],"info":{"seed":"898105e644bfd4d5","results":1,"page":1,"version":"1.4"}} 
 </msg>
<msg time="2024-08-04T01:13:38.272845" level="INFO">/opt/hostedtoolcache/Python/3.12.4/x64/lib/python3.12/site-packages/urllib3/connectionpool.py:1099: InsecureRequestWarning: Unverified HTTPS request is being made to host 'randomuser.me'. Adding certificate verification is strongly advised. See: https://urllib3.readthedocs.io/en/latest/advanced-usage.html#tls-warnings
  warnings.warn(</msg>
<msg time="2024-08-04T01:13:38.273033" level="INFO">${response} = &lt;Response [200]&gt;</msg>
<var>${response}</var>
<arg>consultarAPI</arg>
<arg>/api</arg>
<doc>Sends a GET request on a previously created HTTP Session.</doc>
<status status="PASS" start="2024-08-04T01:13:38.103922" elapsed="0.169176"/>
</kw>
<kw name="Should Be Equal As Numbers" owner="BuiltIn">
<msg time="2024-08-04T01:13:38.274123" level="INFO">Argument types are:
&lt;class 'int'&gt;
&lt;class 'str'&gt;</msg>
<arg>${response.status_code}</arg>
<arg>200</arg>
<doc>Fails if objects are unequal after converting them to real numbers.</doc>
<status status="PASS" start="2024-08-04T01:13:38.273648" elapsed="0.000541"/>
</kw>
<kw name="Log" owner="BuiltIn">
<msg time="2024-08-04T01:13:38.274868" level="INFO">200</msg>
<arg>${response.status_code}</arg>
<doc>Logs the given message with the given level.</doc>
<status status="PASS" start="2024-08-04T01:13:38.274515" elapsed="0.000396"/>
</kw>
<kw name="Set Variable" owner="BuiltIn">
<msg time="2024-08-04T01:13:38.275666" level="INFO">${json_data} = {'results': [{'gender': 'female', 'name': {'title': 'Mrs', 'first': 'Florence', 'last': 'Ambrose'}, 'location': {'street': {'number': 2916, 'name': 'Peel St'}, 'city': 'Beaumont', 'state': 'Nunavut', ...</msg>
<var>${json_data}</var>
<arg>${response.json()}</arg>
<doc>Returns the given values which can then be assigned to a variables.</doc>
<status status="PASS" start="2024-08-04T01:13:38.275224" elapsed="0.000471"/>
</kw>
<kw name="Dictionary Should Contain Key" owner="Collections">
<arg>${json_data}</arg>
<arg>results</arg>
<doc>Fails if ``key`` is not found from ``dictionary``.</doc>
<status status="PASS" start="2024-08-04T01:13:38.275996" elapsed="0.000351"/>
</kw>
<status status="PASS" start="2024-08-04T01:13:38.103663" elapsed="0.172837"/>
</kw>
<doc>Testa se a API responde corretamente e retorna um objeto JSON válido.</doc>
<tag>testeRequisicaoBasica</tag>
<status status="PASS" start="2024-08-04T01:13:38.103168" elapsed="0.173507"/>
</test>
<test id="s1-s1-t3" name="Validar estrutura de resposta" line="22">
<kw name="Teste de Estrutura de Resposta" owner="random-user-service">
<kw name="GET On Session" owner="RequestsLibrary">
<msg time="2024-08-04T01:13:38.403043" level="INFO">GET Request : url=https://randomuser.me/api 
 path_url=/api 
 headers={'User-Agent': 'python-requests/2.32.3', 'Accept-Encoding': 'gzip, deflate', 'Accept': '*/*', 'Connection': 'keep-alive'} 
 body=None 
 </msg>
<msg time="2024-08-04T01:13:38.403166" level="INFO">GET Response : url=https://randomuser.me/api 
 status=200, reason=OK 
 headers={'Date': 'Sun, 04 Aug 2024 01:13:38 GMT', 'Content-Type': 'application/json; charset=utf-8', 'Transfer-Encoding': 'chunked', 'Connection': 'keep-alive', 'X-Powered-By': 'Express', 'Access-Control-Allow-Origin': '*', 'Cache-Control': 'no-cache', 'ETag': 'W/"492-2LDZnORVZpBMctqAF3mFymw7ROI"', 'Vary': 'Accept-Encoding', 'Content-Encoding': 'gzip', 'CF-Cache-Status': 'DYNAMIC', 'Report-To': '{"endpoints":[{"url":"https:\\/\\/a.nel.cloudflare.com\\/report\\/v4?s=MEvq5HhAiBD2z0PGPy8hFAYj9rY595Cq%2BqtcA%2BfriLevJHs7C5EzsYHO2BE5mVWigVfcTZXYOt%2FeAv4%2F11j7L5TRcAtAec%2FCmAt5jWGOFRIjsYhM3076kEiGnIyj1a2z"}],"group":"cf-nel","max_age":604800}', 'NEL': '{"success_fraction":0,"report_to":"cf-nel","max_age":604800}', 'Server': 'cloudflare', 'CF-RAY': '8adaaf9e48b90816-IAD', 'alt-svc': 'h3=":443"; ma=86400'} 
 body={"results":[{"gender":"female","name":{"title":"Miss","first":"Milla","last":"Jokinen"},"location":{"street":{"number":4673,"name":"Tehtaankatu"},"city":"Orimattila","state":"Åland","country":"Finland","postcode":60739,"coordinates":{"latitude":"-22.3595","longitude":"39.8386"},"timezone":{"offset":"-8:00","description":"Pacific Time (US &amp; Canada)"}},"email":"milla.jokinen@example.com","login":{"uuid":"93027e9f-9e43-48cc-9dc9-3b812f4f8123","username":"organicduck741","password":"shower","salt":"6pnFWWuZ","md5":"71ecf464dfcb175608224ee95c21638e","sha1":"e1ce23b67cbf093ec0fdd988e00b8f28f4404fbd","sha256":"a2eb2c5bc7957b737cbd0f5562afcb638fd68dde4f60b05eb17cb69d146e9c3c"},"dob":{"date":"1973-11-05T02:23:34.459Z","age":50},"registered":{"date":"2003-07-11T16:32:33.683Z","age":21},"phone":"09-295-012","cell":"045-298-01-20","id":{"name":"HETU","value":"NaNNA152undefined"},"picture":{"large":"https://randomuser.me/api/portraits/women/13.jpg","medium":"https://randomuser.me/api/portraits/med/women/13.jpg","thumbnail":"https://randomuser.me/api/portraits/thumb/women/13.jpg"},"nat":"FI"}],"info":{"seed":"88736285fd80c1cd","results":1,"page":1,"version":"1.4"}} 
 </msg>
<msg time="2024-08-04T01:13:38.403328" level="INFO">/opt/hostedtoolcache/Python/3.12.4/x64/lib/python3.12/site-packages/urllib3/connectionpool.py:1099: InsecureRequestWarning: Unverified HTTPS request is being made to host 'randomuser.me'. Adding certificate verification is strongly advised. See: https://urllib3.readthedocs.io/en/latest/advanced-usage.html#tls-warnings
  warnings.warn(</msg>
<msg time="2024-08-04T01:13:38.403471" level="INFO">${response} = &lt;Response [200]&gt;</msg>
<var>${response}</var>
<arg>consultarAPI</arg>
<arg>/api</arg>
<doc>Sends a GET request on a previously created HTTP Session.</doc>
<status status="PASS" start="2024-08-04T01:13:38.279332" elapsed="0.124182"/>
</kw>
<kw name="Set Variable" owner="BuiltIn">
<msg time="2024-08-04T01:13:38.404762" level="INFO">${json_data} = {'results': [{'gender': 'female', 'name': {'title': 'Miss', 'first': 'Milla', 'last': 'Jokinen'}, 'location': {'street': {'number': 4673, 'name': 'Tehtaankatu'}, 'city': 'Orimattila', 'state': 'Åland'...</msg>
<var>${json_data}</var>
<arg>${response.json()}</arg>
<doc>Returns the given values which can then be assigned to a variables.</doc>
<status status="PASS" start="2024-08-04T01:13:38.404160" elapsed="0.000633"/>
</kw>
<kw name="Log" owner="BuiltIn">
<msg time="2024-08-04T01:13:38.405342" level="INFO">{'results': [{'gender': 'female', 'name': {'title': 'Miss', 'first': 'Milla', 'last': 'Jokinen'}, 'location': {'street': {'number': 4673, 'name': 'Tehtaankatu'}, 'city': 'Orimattila', 'state': 'Åland', 'country': 'Finland', 'postcode': 60739, 'coordinates': {'latitude': '-22.3595', 'longitude': '39.8386'}, 'timezone': {'offset': '-8:00', 'description': 'Pacific Time (US &amp; Canada)'}}, 'email': 'milla.jokinen@example.com', 'login': {'uuid': '93027e9f-9e43-48cc-9dc9-3b812f4f8123', 'username': 'organicduck741', 'password': 'shower', 'salt': '6pnFWWuZ', 'md5': '71ecf464dfcb175608224ee95c21638e', 'sha1': 'e1ce23b67cbf093ec0fdd988e00b8f28f4404fbd', 'sha256': 'a2eb2c5bc7957b737cbd0f5562afcb638fd68dde4f60b05eb17cb69d146e9c3c'}, 'dob': {'date': '1973-11-05T02:23:34.459Z', 'age': 50}, 'registered': {'date': '2003-07-11T16:32:33.683Z', 'age': 21}, 'phone': '09-295-012', 'cell': '045-298-01-20', 'id': {'name': 'HETU', 'value': 'NaNNA152undefined'}, 'picture': {'large': 'https://randomuser.me/api/portraits/women/13.jpg', 'medium': 'https://randomuser.me/api/portraits/med/women/13.jpg', 'thumbnail': 'https://randomuser.me/api/portraits/thumb/women/13.jpg'}, 'nat': 'FI'}], 'info': {'seed': '88736285fd80c1cd', 'results': 1, 'page': 1, 'version': '1.4'}}</msg>
<arg>${json_data}</arg>
<doc>Logs the given message with the given level.</doc>
<status status="PASS" start="2024-08-04T01:13:38.405164" elapsed="0.000232"/>
</kw>
<kw name="Dictionary Should Contain Key" owner="Collections">
<arg>${json_data}</arg>
<arg>results</arg>
<doc>Fails if ``key`` is not found from ``dictionary``.</doc>
<status status="PASS" start="2024-08-04T01:13:38.405700" elapsed="0.000169"/>
</kw>
<kw name="Should Not Be Empty" owner="BuiltIn">
<msg time="2024-08-04T01:13:38.406190" level="INFO">Length is 2.</msg>
<arg>${json_data}</arg>
<doc>Verifies that the given item is not empty.</doc>
<status status="PASS" start="2024-08-04T01:13:38.406063" elapsed="0.000166"/>
</kw>
<kw name="Create List" owner="BuiltIn">
<msg time="2024-08-04T01:13:38.406669" level="INFO">${expected_keys} = ['gender', 'name', 'location', 'email', 'login']</msg>
<var>${expected_keys}</var>
<arg>gender</arg>
<arg>name</arg>
<arg>location</arg>
<arg>email</arg>
<arg>login</arg>
<doc>Returns a list containing given items.</doc>
<status status="PASS" start="2024-08-04T01:13:38.406519" elapsed="0.000174"/>
</kw>
<for flavor="IN">
<iter>
<kw name="Dictionary Should Contain Key" owner="Collections">
<arg>${json_data['results'][0]}</arg>
<arg>${key}</arg>
<doc>Fails if ``key`` is not found from ``dictionary``.</doc>
<status status="PASS" start="2024-08-04T01:13:38.407300" elapsed="0.000414"/>
</kw>
<kw name="Log" owner="BuiltIn">
<msg time="2024-08-04T01:13:38.408270" level="INFO">{'gender': 'female', 'name': {'title': 'Miss', 'first': 'Milla', 'last': 'Jokinen'}, 'location': {'street': {'number': 4673, 'name': 'Tehtaankatu'}, 'city': 'Orimattila', 'state': 'Åland', 'country': 'Finland', 'postcode': 60739, 'coordinates': {'latitude': '-22.3595', 'longitude': '39.8386'}, 'timezone': {'offset': '-8:00', 'description': 'Pacific Time (US &amp; Canada)'}}, 'email': 'milla.jokinen@example.com', 'login': {'uuid': '93027e9f-9e43-48cc-9dc9-3b812f4f8123', 'username': 'organicduck741', 'password': 'shower', 'salt': '6pnFWWuZ', 'md5': '71ecf464dfcb175608224ee95c21638e', 'sha1': 'e1ce23b67cbf093ec0fdd988e00b8f28f4404fbd', 'sha256': 'a2eb2c5bc7957b737cbd0f5562afcb638fd68dde4f60b05eb17cb69d146e9c3c'}, 'dob': {'date': '1973-11-05T02:23:34.459Z', 'age': 50}, 'registered': {'date': '2003-07-11T16:32:33.683Z', 'age': 21}, 'phone': '09-295-012', 'cell': '045-298-01-20', 'id': {'name': 'HETU', 'value': 'NaNNA152undefined'}, 'picture': {'large': 'https://randomuser.me/api/portraits/women/13.jpg', 'medium': 'https://randomuser.me/api/portraits/med/women/13.jpg', 'thumbnail': 'https://randomuser.me/api/portraits/thumb/women/13.jpg'}, 'nat': 'FI'}</msg>
<arg>${json_data['results'][0]}</arg>
<doc>Logs the given message with the given level.</doc>
<status status="PASS" start="2024-08-04T01:13:38.407907" elapsed="0.000416"/>
</kw>
<kw name="Log" owner="BuiltIn">
<msg time="2024-08-04T01:13:38.408757" level="INFO">gender</msg>
<arg>${key}</arg>
<doc>Logs the given message with the given level.</doc>
<status status="PASS" start="2024-08-04T01:13:38.408627" elapsed="0.000171"/>
</kw>
<var name="${key}">gender</var>
<status status="PASS" start="2024-08-04T01:13:38.407172" elapsed="0.001874"/>
</iter>
<iter>
<kw name="Dictionary Should Contain Key" owner="Collections">
<arg>${json_data['results'][0]}</arg>
<arg>${key}</arg>
<doc>Fails if ``key`` is not found from ``dictionary``.</doc>
<status status="PASS" start="2024-08-04T01:13:38.409355" elapsed="0.000399"/>
</kw>
<kw name="Log" owner="BuiltIn">
<msg time="2024-08-04T01:13:38.410295" level="INFO">{'gender': 'female', 'name': {'title': 'Miss', 'first': 'Milla', 'last': 'Jokinen'}, 'location': {'street': {'number': 4673, 'name': 'Tehtaankatu'}, 'city': 'Orimattila', 'state': 'Åland', 'country': 'Finland', 'postcode': 60739, 'coordinates': {'latitude': '-22.3595', 'longitude': '39.8386'}, 'timezone': {'offset': '-8:00', 'description': 'Pacific Time (US &amp; Canada)'}}, 'email': 'milla.jokinen@example.com', 'login': {'uuid': '93027e9f-9e43-48cc-9dc9-3b812f4f8123', 'username': 'organicduck741', 'password': 'shower', 'salt': '6pnFWWuZ', 'md5': '71ecf464dfcb175608224ee95c21638e', 'sha1': 'e1ce23b67cbf093ec0fdd988e00b8f28f4404fbd', 'sha256': 'a2eb2c5bc7957b737cbd0f5562afcb638fd68dde4f60b05eb17cb69d146e9c3c'}, 'dob': {'date': '1973-11-05T02:23:34.459Z', 'age': 50}, 'registered': {'date': '2003-07-11T16:32:33.683Z', 'age': 21}, 'phone': '09-295-012', 'cell': '045-298-01-20', 'id': {'name': 'HETU', 'value': 'NaNNA152undefined'}, 'picture': {'large': 'https://randomuser.me/api/portraits/women/13.jpg', 'medium': 'https://randomuser.me/api/portraits/med/women/13.jpg', 'thumbnail': 'https://randomuser.me/api/portraits/thumb/women/13.jpg'}, 'nat': 'FI'}</msg>
<arg>${json_data['results'][0]}</arg>
<doc>Logs the given message with the given level.</doc>
<status status="PASS" start="2024-08-04T01:13:38.409939" elapsed="0.000453"/>
</kw>
<kw name="Log" owner="BuiltIn">
<msg time="2024-08-04T01:13:38.410827" level="INFO">name</msg>
<arg>${key}</arg>
<doc>Logs the given message with the given level.</doc>
<status status="PASS" start="2024-08-04T01:13:38.410697" elapsed="0.000169"/>
</kw>
<var name="${key}">name</var>
<status status="PASS" start="2024-08-04T01:13:38.409242" elapsed="0.001845"/>
</iter>
<iter>
<kw name="Dictionary Should Contain Key" owner="Collections">
<arg>${json_data['results'][0]}</arg>
<arg>${key}</arg>
<doc>Fails if ``key`` is not found from ``dictionary``.</doc>
<status status="PASS" start="2024-08-04T01:13:38.411376" elapsed="0.000383"/>
</kw>
<kw name="Log" owner="BuiltIn">
<msg time="2024-08-04T01:13:38.412300" level="INFO">{'gender': 'female', 'name': {'title': 'Miss', 'first': 'Milla', 'last': 'Jokinen'}, 'location': {'street': {'number': 4673, 'name': 'Tehtaankatu'}, 'city': 'Orimattila', 'state': 'Åland', 'country': 'Finland', 'postcode': 60739, 'coordinates': {'latitude': '-22.3595', 'longitude': '39.8386'}, 'timezone': {'offset': '-8:00', 'description': 'Pacific Time (US &amp; Canada)'}}, 'email': 'milla.jokinen@example.com', 'login': {'uuid': '93027e9f-9e43-48cc-9dc9-3b812f4f8123', 'username': 'organicduck741', 'password': 'shower', 'salt': '6pnFWWuZ', 'md5': '71ecf464dfcb175608224ee95c21638e', 'sha1': 'e1ce23b67cbf093ec0fdd988e00b8f28f4404fbd', 'sha256': 'a2eb2c5bc7957b737cbd0f5562afcb638fd68dde4f60b05eb17cb69d146e9c3c'}, 'dob': {'date': '1973-11-05T02:23:34.459Z', 'age': 50}, 'registered': {'date': '2003-07-11T16:32:33.683Z', 'age': 21}, 'phone': '09-295-012', 'cell': '045-298-01-20', 'id': {'name': 'HETU', 'value': 'NaNNA152undefined'}, 'picture': {'large': 'https://randomuser.me/api/portraits/women/13.jpg', 'medium': 'https://randomuser.me/api/portraits/med/women/13.jpg', 'thumbnail': 'https://randomuser.me/api/portraits/thumb/women/13.jpg'}, 'nat': 'FI'}</msg>
<arg>${json_data['results'][0]}</arg>
<doc>Logs the given message with the given level.</doc>
<status status="PASS" start="2024-08-04T01:13:38.411945" elapsed="0.000407"/>
</kw>
<kw name="Log" owner="BuiltIn">
<msg time="2024-08-04T01:13:38.412789" level="INFO">location</msg>
<arg>${key}</arg>
<doc>Logs the given message with the given level.</doc>
<status status="PASS" start="2024-08-04T01:13:38.412660" elapsed="0.000176"/>
</kw>
<var name="${key}">location</var>
<status status="PASS" start="2024-08-04T01:13:38.411265" elapsed="0.001830"/>
</iter>
<iter>
<kw name="Dictionary Should Contain Key" owner="Collections">
<arg>${json_data['results'][0]}</arg>
<arg>${key}</arg>
<doc>Fails if ``key`` is not found from ``dictionary``.</doc>
<status status="PASS" start="2024-08-04T01:13:38.413398" elapsed="0.000397"/>
</kw>
<kw name="Log" owner="BuiltIn">
<msg time="2024-08-04T01:13:38.414471" level="INFO">{'gender': 'female', 'name': {'title': 'Miss', 'first': 'Milla', 'last': 'Jokinen'}, 'location': {'street': {'number': 4673, 'name': 'Tehtaankatu'}, 'city': 'Orimattila', 'state': 'Åland', 'country': 'Finland', 'postcode': 60739, 'coordinates': {'latitude': '-22.3595', 'longitude': '39.8386'}, 'timezone': {'offset': '-8:00', 'description': 'Pacific Time (US &amp; Canada)'}}, 'email': 'milla.jokinen@example.com', 'login': {'uuid': '93027e9f-9e43-48cc-9dc9-3b812f4f8123', 'username': 'organicduck741', 'password': 'shower', 'salt': '6pnFWWuZ', 'md5': '71ecf464dfcb175608224ee95c21638e', 'sha1': 'e1ce23b67cbf093ec0fdd988e00b8f28f4404fbd', 'sha256': 'a2eb2c5bc7957b737cbd0f5562afcb638fd68dde4f60b05eb17cb69d146e9c3c'}, 'dob': {'date': '1973-11-05T02:23:34.459Z', 'age': 50}, 'registered': {'date': '2003-07-11T16:32:33.683Z', 'age': 21}, 'phone': '09-295-012', 'cell': '045-298-01-20', 'id': {'name': 'HETU', 'value': 'NaNNA152undefined'}, 'picture': {'large': 'https://randomuser.me/api/portraits/women/13.jpg', 'medium': 'https://randomuser.me/api/portraits/med/women/13.jpg', 'thumbnail': 'https://randomuser.me/api/portraits/thumb/women/13.jpg'}, 'nat': 'FI'}</msg>
<arg>${json_data['results'][0]}</arg>
<doc>Logs the given message with the given level.</doc>
<status status="PASS" start="2024-08-04T01:13:38.414110" elapsed="0.000414"/>
</kw>
<kw name="Log" owner="BuiltIn">
<msg time="2024-08-04T01:13:38.414958" level="INFO">email</msg>
<arg>${key}</arg>
<doc>Logs the given message with the given level.</doc>
<status status="PASS" start="2024-08-04T01:13:38.414826" elapsed="0.000172"/>
</kw>
<var name="${key}">email</var>
<status status="PASS" start="2024-08-04T01:13:38.413287" elapsed="0.001931"/>
</iter>
<iter>
<kw name="Dictionary Should Contain Key" owner="Collections">
<arg>${json_data['results'][0]}</arg>
<arg>${key}</arg>
<doc>Fails if ``key`` is not found from ``dictionary``.</doc>
<status status="PASS" start="2024-08-04T01:13:38.415506" elapsed="0.000385"/>
</kw>
<kw name="Log" owner="BuiltIn">
<msg time="2024-08-04T01:13:38.416431" level="INFO">{'gender': 'female', 'name': {'title': 'Miss', 'first': 'Milla', 'last': 'Jokinen'}, 'location': {'street': {'number': 4673, 'name': 'Tehtaankatu'}, 'city': 'Orimattila', 'state': 'Åland', 'country': 'Finland', 'postcode': 60739, 'coordinates': {'latitude': '-22.3595', 'longitude': '39.8386'}, 'timezone': {'offset': '-8:00', 'description': 'Pacific Time (US &amp; Canada)'}}, 'email': 'milla.jokinen@example.com', 'login': {'uuid': '93027e9f-9e43-48cc-9dc9-3b812f4f8123', 'username': 'organicduck741', 'password': 'shower', 'salt': '6pnFWWuZ', 'md5': '71ecf464dfcb175608224ee95c21638e', 'sha1': 'e1ce23b67cbf093ec0fdd988e00b8f28f4404fbd', 'sha256': 'a2eb2c5bc7957b737cbd0f5562afcb638fd68dde4f60b05eb17cb69d146e9c3c'}, 'dob': {'date': '1973-11-05T02:23:34.459Z', 'age': 50}, 'registered': {'date': '2003-07-11T16:32:33.683Z', 'age': 21}, 'phone': '09-295-012', 'cell': '045-298-01-20', 'id': {'name': 'HETU', 'value': 'NaNNA152undefined'}, 'picture': {'large': 'https://randomuser.me/api/portraits/women/13.jpg', 'medium': 'https://randomuser.me/api/portraits/med/women/13.jpg', 'thumbnail': 'https://randomuser.me/api/portraits/thumb/women/13.jpg'}, 'nat': 'FI'}</msg>
<arg>${json_data['results'][0]}</arg>
<doc>Logs the given message with the given level.</doc>
<status status="PASS" start="2024-08-04T01:13:38.416083" elapsed="0.000400"/>
</kw>
<kw name="Log" owner="BuiltIn">
<msg time="2024-08-04T01:13:38.416911" level="INFO">login</msg>
<arg>${key}</arg>
<doc>Logs the given message with the given level.</doc>
<status status="PASS" start="2024-08-04T01:13:38.416783" elapsed="0.000167"/>
</kw>
<var name="${key}">login</var>
<status status="PASS" start="2024-08-04T01:13:38.415395" elapsed="0.001811"/>
</iter>
<var>${key}</var>
<value>@{expected_keys}</value>
<status status="PASS" start="2024-08-04T01:13:38.406954" elapsed="0.010375"/>
</for>
<kw name="Create List" owner="BuiltIn">
<msg time="2024-08-04T01:13:38.417660" level="INFO">${expected_keysTwo} = ['username', 'password']</msg>
<var>${expected_keysTwo}</var>
<arg>username</arg>
<arg>password</arg>
<doc>Returns a list containing given items.</doc>
<status status="PASS" start="2024-08-04T01:13:38.417523" elapsed="0.000191"/>
</kw>
<for flavor="IN">
<iter>
<kw name="Dictionary Should Contain Key" owner="Collections">
<arg>${json_data['results'][0]['login']}</arg>
<arg>${keyTwo}</arg>
<doc>Fails if ``key`` is not found from ``dictionary``.</doc>
<status status="PASS" start="2024-08-04T01:13:38.418235" elapsed="0.000392"/>
</kw>
<kw name="Dictionary Should Contain Key" owner="Collections">
<arg>${json_data['results'][0]['login']}</arg>
<arg>${keyTwo}</arg>
<doc>Fails if ``key`` is not found from ``dictionary``.</doc>
<status status="PASS" start="2024-08-04T01:13:38.418810" elapsed="0.000400"/>
</kw>
<kw name="Log" owner="BuiltIn">
<msg time="2024-08-04T01:13:38.419511" level="INFO">username</msg>
<arg>${keyTwo}</arg>
<doc>Logs the given message with the given level.</doc>
<status status="PASS" start="2024-08-04T01:13:38.419390" elapsed="0.000161"/>
</kw>
<var name="${keyTwo}">username</var>
<status status="PASS" start="2024-08-04T01:13:38.418126" elapsed="0.001650"/>
</iter>
<iter>
<kw name="Dictionary Should Contain Key" owner="Collections">
<arg>${json_data['results'][0]['login']}</arg>
<arg>${keyTwo}</arg>
<doc>Fails if ``key`` is not found from ``dictionary``.</doc>
<status status="PASS" start="2024-08-04T01:13:38.420079" elapsed="0.000397"/>
</kw>
<kw name="Dictionary Should Contain Key" owner="Collections">
<arg>${json_data['results'][0]['login']}</arg>
<arg>${keyTwo}</arg>
<doc>Fails if ``key`` is not found from ``dictionary``.</doc>
<status status="PASS" start="2024-08-04T01:13:38.420659" elapsed="0.000401"/>
</kw>
<kw name="Log" owner="BuiltIn">
<msg time="2024-08-04T01:13:38.421365" level="INFO">password</msg>
<arg>${keyTwo}</arg>
<doc>Logs the given message with the given level.</doc>
<status status="PASS" start="2024-08-04T01:13:38.421242" elapsed="0.000161"/>
</kw>
<var name="${keyTwo}">password</var>
<status status="PASS" start="2024-08-04T01:13:38.419953" elapsed="0.001672"/>
</iter>
<var>${keyTwo}</var>
<value>@{expected_keysTwo}</value>
<status status="PASS" start="2024-08-04T01:13:38.417969" elapsed="0.003780"/>
</for>
<status status="PASS" start="2024-08-04T01:13:38.279093" elapsed="0.142801"/>
</kw>
<doc>Testa a estrutura da resposta da API.</doc>
<tag>testeEstruturaResposta</tag>
<status status="PASS" start="2024-08-04T01:13:38.278558" elapsed="0.143497"/>
</test>
<test id="s1-s1-t4" name="Validar tipos de dados" line="28">
<kw name="Teste de Tipos de Dados" owner="random-user-service">
<kw name="GET On Session" owner="RequestsLibrary">
<msg time="2024-08-04T01:13:38.472077" level="INFO">GET Request : url=https://randomuser.me/api 
 path_url=/api 
 headers={'User-Agent': 'python-requests/2.32.3', 'Accept-Encoding': 'gzip, deflate', 'Accept': '*/*', 'Connection': 'keep-alive'} 
 body=None 
 </msg>
<msg time="2024-08-04T01:13:38.472185" level="INFO">GET Response : url=https://randomuser.me/api 
 status=200, reason=OK 
 headers={'Date': 'Sun, 04 Aug 2024 01:13:38 GMT', 'Content-Type': 'application/json; charset=utf-8', 'Transfer-Encoding': 'chunked', 'Connection': 'keep-alive', 'X-Powered-By': 'Express', 'Access-Control-Allow-Origin': '*', 'Cache-Control': 'no-cache', 'ETag': 'W/"493-/FK8S2ZIPY15ftva7TGVBwpooNk"', 'Vary': 'Accept-Encoding', 'Content-Encoding': 'gzip', 'CF-Cache-Status': 'DYNAMIC', 'Report-To': '{"endpoints":[{"url":"https:\\/\\/a.nel.cloudflare.com\\/report\\/v4?s=VWqE7%2FpyhHT36tQzUxMJQYfd24ZUqov85sbd8aTjDcgpuX2W0C%2BY3qrLGsGBAxEYXRYvn48TAYMw3JBbbywO9kPHTI5DuXaW48SnyjeE32QdEoewbISVsDxPAzi1VOif"}],"group":"cf-nel","max_age":604800}', 'NEL': '{"success_fraction":0,"report_to":"cf-nel","max_age":604800}', 'Server': 'cloudflare', 'CF-RAY': '8adaaf9f29a40816-IAD', 'alt-svc': 'h3=":443"; ma=86400'} 
 body={"results":[{"gender":"female","name":{"title":"Ms","first":"Emily","last":"Rose"},"location":{"street":{"number":3310,"name":"Church Lane"},"city":"Newcastle upon Tyne","state":"Fife","country":"United Kingdom","postcode":"AQ2H 8WE","coordinates":{"latitude":"-7.8098","longitude":"1.4475"},"timezone":{"offset":"+6:00","description":"Almaty, Dhaka, Colombo"}},"email":"emily.rose@example.com","login":{"uuid":"5cec5186-d79b-4d36-9ad5-3caa638b1652","username":"greenduck796","password":"starstar","salt":"CJS3ozuO","md5":"f6251897ef7fd583fca87b57e0867876","sha1":"5673c4220ab7b29877dd4c6753905ca0695cec60","sha256":"074ec537331d706170603e2b3f90e76dce4a2cbdf917f3312d727620d574e308"},"dob":{"date":"1982-06-23T21:16:09.229Z","age":42},"registered":{"date":"2015-04-19T02:07:51.210Z","age":9},"phone":"015242 09582","cell":"07417 436590","id":{"name":"NINO","value":"YE 30 60 36 A"},"picture":{"large":"https://randomuser.me/api/portraits/women/41.jpg","medium":"https://randomuser.me/api/portraits/med/women/41.jpg","thumbnail":"https://randomuser.me/api/portraits/thumb/women/41.jpg"},"nat":"GB"}],"info":{"seed":"854894e004e907ad","results":1,"page":1,"version":"1.4"}} 
 </msg>
<msg time="2024-08-04T01:13:38.472264" level="INFO">/opt/hostedtoolcache/Python/3.12.4/x64/lib/python3.12/site-packages/urllib3/connectionpool.py:1099: InsecureRequestWarning: Unverified HTTPS request is being made to host 'randomuser.me'. Adding certificate verification is strongly advised. See: https://urllib3.readthedocs.io/en/latest/advanced-usage.html#tls-warnings
  warnings.warn(</msg>
<msg time="2024-08-04T01:13:38.472412" level="INFO">${response} = &lt;Response [200]&gt;</msg>
<var>${response}</var>
<arg>consultarAPI</arg>
<arg>/api</arg>
<doc>Sends a GET request on a previously created HTTP Session.</doc>
<status status="PASS" start="2024-08-04T01:13:38.424509" elapsed="0.047951"/>
</kw>
<kw name="Set Variable" owner="BuiltIn">
<msg time="2024-08-04T01:13:38.473697" level="INFO">${json_data} = {'results': [{'gender': 'female', 'name': {'title': 'Ms', 'first': 'Emily', 'last': 'Rose'}, 'location': {'street': {'number': 3310, 'name': 'Church Lane'}, 'city': 'Newcastle upon Tyne', 'state': 'Fi...</msg>
<var>${json_data}</var>
<arg>${response.json()}</arg>
<doc>Returns the given values which can then be assigned to a variables.</doc>
<status status="PASS" start="2024-08-04T01:13:38.473129" elapsed="0.000599"/>
</kw>
<kw name="Log" owner="BuiltIn">
<msg time="2024-08-04T01:13:38.474200" level="INFO">{'results': [{'gender': 'female', 'name': {'title': 'Ms', 'first': 'Emily', 'last': 'Rose'}, 'location': {'street': {'number': 3310, 'name': 'Church Lane'}, 'city': 'Newcastle upon Tyne', 'state': 'Fife', 'country': 'United Kingdom', 'postcode': 'AQ2H 8WE', 'coordinates': {'latitude': '-7.8098', 'longitude': '1.4475'}, 'timezone': {'offset': '+6:00', 'description': 'Almaty, Dhaka, Colombo'}}, 'email': 'emily.rose@example.com', 'login': {'uuid': '5cec5186-d79b-4d36-9ad5-3caa638b1652', 'username': 'greenduck796', 'password': 'starstar', 'salt': 'CJS3ozuO', 'md5': 'f6251897ef7fd583fca87b57e0867876', 'sha1': '5673c4220ab7b29877dd4c6753905ca0695cec60', 'sha256': '074ec537331d706170603e2b3f90e76dce4a2cbdf917f3312d727620d574e308'}, 'dob': {'date': '1982-06-23T21:16:09.229Z', 'age': 42}, 'registered': {'date': '2015-04-19T02:07:51.210Z', 'age': 9}, 'phone': '015242 09582', 'cell': '07417 436590', 'id': {'name': 'NINO', 'value': 'YE 30 60 36 A'}, 'picture': {'large': 'https://randomuser.me/api/portraits/women/41.jpg', 'medium': 'https://randomuser.me/api/portraits/med/women/41.jpg', 'thumbnail': 'https://randomuser.me/api/portraits/thumb/women/41.jpg'}, 'nat': 'GB'}], 'info': {'seed': '854894e004e907ad', 'results': 1, 'page': 1, 'version': '1.4'}}</msg>
<arg>${json_data}</arg>
<doc>Logs the given message with the given level.</doc>
<status status="PASS" start="2024-08-04T01:13:38.474036" elapsed="0.000212"/>
</kw>
<kw name="Should Be String" owner="String">
<arg>${json_data['results'][0]['gender']}</arg>
<doc>Fails if the given ``item`` is not a string.</doc>
<status status="PASS" start="2024-08-04T01:13:38.474542" elapsed="0.000364"/>
</kw>
<kw name="Should Match Regexp" owner="BuiltIn">
<arg>${json_data['results'][0]['email']}</arg>
<arg>^[a-zA-Z0-9._%+-]+@[a-zA-Z0-9.-]+\.[a-zA-Z]{2,}$</arg>
<doc>Fails if ``string`` does not match ``pattern`` as a regular expression.</doc>
<status status="PASS" start="2024-08-04T01:13:38.475101" elapsed="0.000563"/>
</kw>
<kw name="Should Match Regexp" owner="BuiltIn">
<arg>${json_data['results'][0]['dob']['date']}</arg>
<arg>\\d{4}-\\d{2}-\\d{2}T\\d{2}:\\d{2}:\\d{2}\\.\\d{3}Z</arg>
<doc>Fails if ``string`` does not match ``pattern`` as a regular expression.</doc>
<status status="PASS" start="2024-08-04T01:13:38.475862" elapsed="0.000647"/>
</kw>
<kw name="Should Match Regexp" owner="BuiltIn">
<arg>${json_data['results'][0]['registered']['date']}</arg>
<arg>\\d{4}-\\d{2}-\\d{2}T\\d{2}:\\d{2}:\\d{2}\\.\\d{3}Z</arg>
<doc>Fails if ``string`` does not match ``pattern`` as a regular expression.</doc>
<status status="PASS" start="2024-08-04T01:13:38.476704" elapsed="0.000411"/>
</kw>
<kw name="Should Match Regexp" owner="BuiltIn">
<arg>${json_data['results'][0]['picture']['large']}</arg>
<arg>^https?://.*\.(?:png|jpe?g|gif|bmp)$</arg>
<doc>Fails if ``string`` does not match ``pattern`` as a regular expression.</doc>
<status status="PASS" start="2024-08-04T01:13:38.477303" elapsed="0.000464"/>
</kw>
<kw name="Should Match Regexp" owner="BuiltIn">
<arg>${json_data['results'][0]['picture']['medium']}</arg>
<arg>^https?://.*\.(?:png|jpe?g|gif|bmp)$</arg>
<doc>Fails if ``string`` does not match ``pattern`` as a regular expression.</doc>
<status status="PASS" start="2024-08-04T01:13:38.477955" elapsed="0.000360"/>
</kw>
<kw name="Should Match Regexp" owner="BuiltIn">
<arg>${json_data['results'][0]['picture']['thumbnail']}</arg>
<arg>^https?://.*\.(?:png|jpe?g|gif|bmp)$</arg>
<doc>Fails if ``string`` does not match ``pattern`` as a regular expression.</doc>
<status status="PASS" start="2024-08-04T01:13:38.478503" elapsed="0.000350"/>
</kw>
<kw name="Log" owner="BuiltIn">
<msg time="2024-08-04T01:13:38.479353" level="INFO">{'large': 'https://randomuser.me/api/portraits/women/41.jpg', 'medium': 'https://randomuser.me/api/portraits/med/women/41.jpg', 'thumbnail': 'https://randomuser.me/api/portraits/thumb/women/41.jpg'}</msg>
<arg>${json_data['results'][0]['picture']}</arg>
<doc>Logs the given message with the given level.</doc>
<status status="PASS" start="2024-08-04T01:13:38.479032" elapsed="0.000364"/>
</kw>
<status status="PASS" start="2024-08-04T01:13:38.424275" elapsed="0.055380"/>
</kw>
<kw name="Teste de Tipos de Dados - Postcode" owner="random-user-service">
<kw name="GET On Session" owner="RequestsLibrary">
<msg time="2024-08-04T01:13:38.570931" level="INFO">GET Request : url=https://randomuser.me/api 
 path_url=/api 
 headers={'User-Agent': 'python-requests/2.32.3', 'Accept-Encoding': 'gzip, deflate', 'Accept': '*/*', 'Connection': 'keep-alive'} 
 body=None 
 </msg>
<msg time="2024-08-04T01:13:38.571032" level="INFO">GET Response : url=https://randomuser.me/api 
 status=200, reason=OK 
 headers={'Date': 'Sun, 04 Aug 2024 01:13:38 GMT', 'Content-Type': 'application/json; charset=utf-8', 'Transfer-Encoding': 'chunked', 'Connection': 'keep-alive', 'X-Powered-By': 'Express', 'Access-Control-Allow-Origin': '*', 'Cache-Control': 'no-cache', 'ETag': 'W/"489-NPz1VujCM0W7KGRhrrAJ6aszZMU"', 'Vary': 'Accept-Encoding', 'Content-Encoding': 'gzip', 'CF-Cache-Status': 'DYNAMIC', 'Report-To': '{"endpoints":[{"url":"https:\\/\\/a.nel.cloudflare.com\\/report\\/v4?s=25xWHSb3HXQ57sEjcRQDg68ylcOUQShfcbiZJ7yl65xZXe3vmuIfGrZqA3c0HejOv07uqgdb0DAvKABefHGZB4EzWPPzC4pT%2FvmrD7kezA05XJ603uCns2vtcQZJizqz"}],"group":"cf-nel","max_age":604800}', 'NEL': '{"success_fraction":0,"report_to":"cf-nel","max_age":604800}', 'Server': 'cloudflare', 'CF-RAY': '8adaaf9f89f70816-IAD', 'alt-svc': 'h3=":443"; ma=86400'} 
 body={"results":[{"gender":"male","name":{"title":"Mr","first":"Sander","last":"Christensen"},"location":{"street":{"number":2285,"name":"Rådyrvej"},"city":"Ryslinge","state":"Danmark","country":"Denmark","postcode":37938,"coordinates":{"latitude":"-42.8701","longitude":"-98.7011"},"timezone":{"offset":"+10:00","description":"Eastern Australia, Guam, Vladivostok"}},"email":"sander.christensen@example.com","login":{"uuid":"c0f3aa04-ff57-4345-a4a8-41142ce6ff38","username":"redlion378","password":"donald","salt":"99tCnrtk","md5":"787fa54a2d6df7b2971752b4fff28544","sha1":"3080331e07a19c348d85342d7c0b3613ce9ae2e1","sha256":"36920e10daf73bd9bbe9bfeca11f0dfb5a3c6951d2dadba62791aaa38f0c4968"},"dob":{"date":"1949-01-27T01:04:27.800Z","age":75},"registered":{"date":"2004-03-18T13:30:52.839Z","age":20},"phone":"17849915","cell":"88001193","id":{"name":"CPR","value":"260149-7978"},"picture":{"large":"https://randomuser.me/api/portraits/men/26.jpg","medium":"https://randomuser.me/api/portraits/med/men/26.jpg","thumbnail":"https://randomuser.me/api/portraits/thumb/men/26.jpg"},"nat":"DK"}],"info":{"seed":"b9f7e6cae7c637af","results":1,"page":1,"version":"1.4"}} 
 </msg>
<msg time="2024-08-04T01:13:38.571105" level="INFO">/opt/hostedtoolcache/Python/3.12.4/x64/lib/python3.12/site-packages/urllib3/connectionpool.py:1099: InsecureRequestWarning: Unverified HTTPS request is being made to host 'randomuser.me'. Adding certificate verification is strongly advised. See: https://urllib3.readthedocs.io/en/latest/advanced-usage.html#tls-warnings
  warnings.warn(</msg>
<msg time="2024-08-04T01:13:38.571233" level="INFO">${response} = &lt;Response [200]&gt;</msg>
<var>${response}</var>
<arg>consultarAPI</arg>
<arg>/api</arg>
<doc>Sends a GET request on a previously created HTTP Session.</doc>
<status status="PASS" start="2024-08-04T01:13:38.480115" elapsed="0.091161"/>
</kw>
<kw name="Set Variable" owner="BuiltIn">
<msg time="2024-08-04T01:13:38.572519" level="INFO">${json_data} = {'results': [{'gender': 'male', 'name': {'title': 'Mr', 'first': 'Sander', 'last': 'Christensen'}, 'location': {'street': {'number': 2285, 'name': 'Rådyrvej'}, 'city': 'Ryslinge', 'state': 'Danmark', ...</msg>
<var>${json_data}</var>
<arg>${response.json()}</arg>
<doc>Returns the given values which can then be assigned to a variables.</doc>
<status status="PASS" start="2024-08-04T01:13:38.571929" elapsed="0.000620"/>
</kw>
<kw name="Log" owner="BuiltIn">
<msg time="2024-08-04T01:13:38.573091" level="INFO">{'results': [{'gender': 'male', 'name': {'title': 'Mr', 'first': 'Sander', 'last': 'Christensen'}, 'location': {'street': {'number': 2285, 'name': 'Rådyrvej'}, 'city': 'Ryslinge', 'state': 'Danmark', 'country': 'Denmark', 'postcode': 37938, 'coordinates': {'latitude': '-42.8701', 'longitude': '-98.7011'}, 'timezone': {'offset': '+10:00', 'description': 'Eastern Australia, Guam, Vladivostok'}}, 'email': 'sander.christensen@example.com', 'login': {'uuid': 'c0f3aa04-ff57-4345-a4a8-41142ce6ff38', 'username': 'redlion378', 'password': 'donald', 'salt': '99tCnrtk', 'md5': '787fa54a2d6df7b2971752b4fff28544', 'sha1': '3080331e07a19c348d85342d7c0b3613ce9ae2e1', 'sha256': '36920e10daf73bd9bbe9bfeca11f0dfb5a3c6951d2dadba62791aaa38f0c4968'}, 'dob': {'date': '1949-01-27T01:04:27.800Z', 'age': 75}, 'registered': {'date': '2004-03-18T13:30:52.839Z', 'age': 20}, 'phone': '17849915', 'cell': '88001193', 'id': {'name': 'CPR', 'value': '260149-7978'}, 'picture': {'large': 'https://randomuser.me/api/portraits/men/26.jpg', 'medium': 'https://randomuser.me/api/portraits/med/men/26.jpg', 'thumbnail': 'https://randomuser.me/api/portraits/thumb/men/26.jpg'}, 'nat': 'DK'}], 'info': {'seed': 'b9f7e6cae7c637af', 'results': 1, 'page': 1, 'version': '1.4'}}</msg>
<arg>${json_data}</arg>
<doc>Logs the given message with the given level.</doc>
<status status="PASS" start="2024-08-04T01:13:38.572882" elapsed="0.000260"/>
</kw>
<kw name="Should Be Equal As Numbers" owner="BuiltIn">
<arg>${json_data['results'][0]['location']['postcode']}</arg>
<arg>${json_data['results'][0]['location']['postcode']}</arg>
<doc>Fails if objects are unequal after converting them to real numbers.</doc>
<status status="PASS" start="2024-08-04T01:13:38.573449" elapsed="0.000622"/>
</kw>
<kw name="Log" owner="BuiltIn">
<msg time="2024-08-04T01:13:38.574595" level="INFO">37938</msg>
<arg>${json_data['results'][0]['location']['postcode']}</arg>
<doc>Logs the given message with the given level.</doc>
<status status="PASS" start="2024-08-04T01:13:38.574259" elapsed="0.000415"/>
</kw>
<status status="PASS" start="2024-08-04T01:13:38.479886" elapsed="0.095053"/>
</kw>
<doc>Testa se os tipos de dados na resposta da API estão corretos.</doc>
<tag>testeTiposDados</tag>
<status status="PASS" start="2024-08-04T01:13:38.423815" elapsed="0.151301"/>
</test>
<test id="s1-s1-t5" name="Validar conteudo" line="35">
<kw name="Teste de Tipos de Conteudo" owner="random-user-service">
<kw name="GET On Session" owner="RequestsLibrary">
<msg time="2024-08-04T01:13:38.674904" level="INFO">GET Request : url=https://randomuser.me/api 
 path_url=/api 
 headers={'User-Agent': 'python-requests/2.32.3', 'Accept-Encoding': 'gzip, deflate', 'Accept': '*/*', 'Connection': 'keep-alive'} 
 body=None 
 </msg>
<msg time="2024-08-04T01:13:38.675004" level="INFO">GET Response : url=https://randomuser.me/api 
 status=200, reason=OK 
 headers={'Date': 'Sun, 04 Aug 2024 01:13:38 GMT', 'Content-Type': 'application/json; charset=utf-8', 'Transfer-Encoding': 'chunked', 'Connection': 'keep-alive', 'X-Powered-By': 'Express', 'Access-Control-Allow-Origin': '*', 'Cache-Control': 'no-cache', 'ETag': 'W/"479-8XUJBZrG7DfbtK+2mWv+IdUJJoY"', 'Vary': 'Accept-Encoding', 'Content-Encoding': 'gzip', 'CF-Cache-Status': 'DYNAMIC', 'Report-To': '{"endpoints":[{"url":"https:\\/\\/a.nel.cloudflare.com\\/report\\/v4?s=f7H4FpU%2BV7UrccZhO3R768f5QBfJkyxMWkp2PqLQmfr2SIrnn0j5wXDvWnRlCR18C1pa2zGaivHkeTYM8w4Z2gd4FicpNcmEUyh%2BD6GzVRDRuR7D3LuRiQObBVXdi4it"}],"group":"cf-nel","max_age":604800}', 'NEL': '{"success_fraction":0,"report_to":"cf-nel","max_age":604800}', 'Server': 'cloudflare', 'CF-RAY': '8adaafa02aa20816-IAD', 'alt-svc': 'h3=":443"; ma=86400'} 
 body={"results":[{"gender":"male","name":{"title":"Mr","first":"Jason","last":"Warren"},"location":{"street":{"number":5834,"name":"N Stelling Rd"},"city":"Charleston","state":"New York","country":"United States","postcode":25931,"coordinates":{"latitude":"83.6492","longitude":"-53.8507"},"timezone":{"offset":"+4:30","description":"Kabul"}},"email":"jason.warren@example.com","login":{"uuid":"7ea98292-b280-44a0-a4fe-3d3ea4a35f1e","username":"yellowtiger322","password":"damien","salt":"ShIcrNbz","md5":"ef83713ee3433b1d2a7e1c12428e8898","sha1":"cd0706ac4a65aa9c399ea1a10b074aa32fbaa3fd","sha256":"e735793a171c22116902e977886d5dc1a38213d9e3e063a0aad7c2456f85ed3b"},"dob":{"date":"1994-04-19T20:06:49.642Z","age":30},"registered":{"date":"2007-03-17T14:54:47.393Z","age":17},"phone":"(726) 339-0895","cell":"(599) 404-3363","id":{"name":"SSN","value":"686-89-6764"},"picture":{"large":"https://randomuser.me/api/portraits/men/91.jpg","medium":"https://randomuser.me/api/portraits/med/men/91.jpg","thumbnail":"https://randomuser.me/api/portraits/thumb/men/91.jpg"},"nat":"US"}],"info":{"seed":"38e3adb7346e8402","results":1,"page":1,"version":"1.4"}} 
 </msg>
<msg time="2024-08-04T01:13:38.675075" level="INFO">/opt/hostedtoolcache/Python/3.12.4/x64/lib/python3.12/site-packages/urllib3/connectionpool.py:1099: InsecureRequestWarning: Unverified HTTPS request is being made to host 'randomuser.me'. Adding certificate verification is strongly advised. See: https://urllib3.readthedocs.io/en/latest/advanced-usage.html#tls-warnings
  warnings.warn(</msg>
<msg time="2024-08-04T01:13:38.675194" level="INFO">${response} = &lt;Response [200]&gt;</msg>
<var>${response}</var>
<arg>consultarAPI</arg>
<arg>/api</arg>
<doc>Sends a GET request on a previously created HTTP Session.</doc>
<status status="PASS" start="2024-08-04T01:13:38.578052" elapsed="0.097183"/>
</kw>
<kw name="Set Variable" owner="BuiltIn">
<msg time="2024-08-04T01:13:38.676446" level="INFO">${json_data} = {'results': [{'gender': 'male', 'name': {'title': 'Mr', 'first': 'Jason', 'last': 'Warren'}, 'location': {'street': {'number': 5834, 'name': 'N Stelling Rd'}, 'city': 'Charleston', 'state': 'New York'...</msg>
<var>${json_data}</var>
<arg>${response.json()}</arg>
<doc>Returns the given values which can then be assigned to a variables.</doc>
<status status="PASS" start="2024-08-04T01:13:38.675858" elapsed="0.000617"/>
</kw>
<kw name="Set Variable" owner="BuiltIn">
<msg time="2024-08-04T01:13:38.677209" level="INFO">${name_title} = Mr</msg>
<var>${name_title}</var>
<arg>${json_data["results"][0]["name"]["title"]}</arg>
<doc>Returns the given values which can then be assigned to a variables.</doc>
<status status="PASS" start="2024-08-04T01:13:38.676782" elapsed="0.000452"/>
</kw>
<kw name="Create List" owner="BuiltIn">
<msg time="2024-08-04T01:13:38.677682" level="INFO">${allowed_titles} = ['Mr', 'Ms', 'Miss', 'Mrs', 'Madame', 'Monsieur']</msg>
<var>${allowed_titles}</var>
<arg>Mr</arg>
<arg>Ms</arg>
<arg>Miss</arg>
<arg>Mrs</arg>
<arg>Madame</arg>
<arg>Monsieur</arg>
<doc>Returns a list containing given items.</doc>
<status status="PASS" start="2024-08-04T01:13:38.677532" elapsed="0.000174"/>
</kw>
<kw name="List Should Contain Value" owner="Collections">
<arg>${allowed_titles}</arg>
<arg>${name_title}</arg>
<doc>Fails if the ``value`` is not found from ``list``.</doc>
<status status="PASS" start="2024-08-04T01:13:38.678010" elapsed="0.000189"/>
</kw>
<kw name="Set Variable" owner="BuiltIn">
<msg time="2024-08-04T01:13:38.678748" level="INFO">${name_country} = US</msg>
<var>${name_country}</var>
<arg>${json_data["results"][0]["nat"]}</arg>
<doc>Returns the given values which can then be assigned to a variables.</doc>
<status status="PASS" start="2024-08-04T01:13:38.678377" elapsed="0.000396"/>
</kw>
<kw name="Create List" owner="BuiltIn">
<msg time="2024-08-04T01:13:38.679656" level="INFO">${list_country} = ['AD', 'AE', 'AF', 'AG', 'AI', 'AL', 'AM', 'AO', 'AQ', 'AR', 'AS', 'AT', 'AU', 'AW', 'AX', 'AZ', 'BA', 'BB', 'BD', 'BE', 'BF', 'BG', 'BH', 'BI', 'BJ', 'BL', 'BM', 'BN', 'BO', 'BQ', 'BR', 'BS', 'BT', '...</msg>
<var>${list_country}</var>
<arg>AD</arg>
<arg>AE</arg>
<arg>AF</arg>
<arg>AG</arg>
<arg>AI</arg>
<arg>AL</arg>
<arg>AM</arg>
<arg>AO</arg>
<arg>AQ</arg>
<arg>AR</arg>
<arg>AS</arg>
<arg>AT</arg>
<arg>AU</arg>
<arg>AW</arg>
<arg>AX</arg>
<arg>AZ</arg>
<arg>BA</arg>
<arg>BB</arg>
<arg>BD</arg>
<arg>BE</arg>
<arg>BF</arg>
<arg>BG</arg>
<arg>BH</arg>
<arg>BI</arg>
<arg>BJ</arg>
<arg>BL</arg>
<arg>BM</arg>
<arg>BN</arg>
<arg>BO</arg>
<arg>BQ</arg>
<arg>BR</arg>
<arg>BS</arg>
<arg>BT</arg>
<arg>BV</arg>
<arg>BW</arg>
<arg>BY</arg>
<arg>BZ</arg>
<arg>CA</arg>
<arg>CC</arg>
<arg>CD</arg>
<arg>CF</arg>
<arg>CG</arg>
<arg>CH</arg>
<arg>CI</arg>
<arg>CK</arg>
<arg>CL</arg>
<arg>CM</arg>
<arg>CN</arg>
<arg>CO</arg>
<arg>CR</arg>
<arg>CU</arg>
<arg>CV</arg>
<arg>CW</arg>
<arg>CX</arg>
<arg>CY</arg>
<arg>CZ</arg>
<arg>DE</arg>
<arg>DJ</arg>
<arg>DK</arg>
<arg>DM</arg>
<arg>DO</arg>
<arg>DZ</arg>
<arg>EC</arg>
<arg>EE</arg>
<arg>EG</arg>
<arg>EH</arg>
<arg>ER</arg>
<arg>ES</arg>
<arg>ET</arg>
<arg>FI</arg>
<arg>FJ</arg>
<arg>FK</arg>
<arg>FM</arg>
<arg>FO</arg>
<arg>FR</arg>
<arg>GA</arg>
<arg>GB</arg>
<arg>GD</arg>
<arg>GE</arg>
<arg>GF</arg>
<arg>GG</arg>
<arg>GH</arg>
<arg>GI</arg>
<arg>GL</arg>
<arg>GM</arg>
<arg>GN</arg>
<arg>GP</arg>
<arg>GQ</arg>
<arg>GR</arg>
<arg>GS</arg>
<arg>GT</arg>
<arg>GU</arg>
<arg>GW</arg>
<arg>GY</arg>
<arg>HK</arg>
<arg>HM</arg>
<arg>HN</arg>
<arg>HR</arg>
<arg>HT</arg>
<arg>HU</arg>
<arg>ID</arg>
<arg>IE</arg>
<arg>IL</arg>
<arg>IM</arg>
<arg>IN</arg>
<arg>IO</arg>
<arg>IQ</arg>
<arg>IR</arg>
<arg>IS</arg>
<arg>IT</arg>
<arg>JE</arg>
<arg>JM</arg>
<arg>JO</arg>
<arg>JP</arg>
<arg>KE</arg>
<arg>KG</arg>
<arg>KH</arg>
<arg>KI</arg>
<arg>KM</arg>
<arg>KN</arg>
<arg>KP</arg>
<arg>KR</arg>
<arg>KW</arg>
<arg>KY</arg>
<arg>KZ</arg>
<arg>LA</arg>
<arg>LB</arg>
<arg>LC</arg>
<arg>LI</arg>
<arg>LK</arg>
<arg>LR</arg>
<arg>LS</arg>
<arg>LT</arg>
<arg>LU</arg>
<arg>LV</arg>
<arg>LY</arg>
<arg>MA</arg>
<arg>MC</arg>
<arg>MD</arg>
<arg>ME</arg>
<arg>MF</arg>
<arg>MG</arg>
<arg>MH</arg>
<arg>MK</arg>
<arg>ML</arg>
<arg>MM</arg>
<arg>MN</arg>
<arg>MO</arg>
<arg>MP</arg>
<arg>MQ</arg>
<arg>MR</arg>
<arg>MS</arg>
<arg>MT</arg>
<arg>MU</arg>
<arg>MV</arg>
<arg>MW</arg>
<arg>MX</arg>
<arg>MY</arg>
<arg>MZ</arg>
<arg>NA</arg>
<arg>NC</arg>
<arg>NE</arg>
<arg>NF</arg>
<arg>NG</arg>
<arg>NI</arg>
<arg>NL</arg>
<arg>NO</arg>
<arg>NP</arg>
<arg>NR</arg>
<arg>NU</arg>
<arg>NZ</arg>
<arg>OM</arg>
<arg>PA</arg>
<arg>PE</arg>
<arg>PF</arg>
<arg>PG</arg>
<arg>PH</arg>
<arg>PK</arg>
<arg>PL</arg>
<arg>PM</arg>
<arg>PN</arg>
<arg>PR</arg>
<arg>PS</arg>
<arg>PT</arg>
<arg>PW</arg>
<arg>PY</arg>
<arg>QA</arg>
<arg>RE</arg>
<arg>RO</arg>
<arg>RS</arg>
<arg>RU</arg>
<arg>RW</arg>
<arg>SA</arg>
<arg>SB</arg>
<arg>SC</arg>
<arg>SD</arg>
<arg>SE</arg>
<arg>SG</arg>
<arg>SH</arg>
<arg>SI</arg>
<arg>SJ</arg>
<arg>SK</arg>
<arg>SL</arg>
<arg>SM</arg>
<arg>SN</arg>
<arg>SO</arg>
<arg>SR</arg>
<arg>SS</arg>
<arg>ST</arg>
<arg>SV</arg>
<arg>SX</arg>
<arg>SY</arg>
<arg>SZ</arg>
<arg>TC</arg>
<arg>TD</arg>
<arg>TF</arg>
<arg>TG</arg>
<arg>TH</arg>
<arg>TJ</arg>
<arg>TK</arg>
<arg>TL</arg>
<arg>TM</arg>
<arg>TN</arg>
<arg>TO</arg>
<arg>TR</arg>
<arg>TT</arg>
<arg>TV</arg>
<arg>TW</arg>
<arg>TZ</arg>
<arg>UA</arg>
<arg>UG</arg>
<arg>UM</arg>
<arg>US</arg>
<arg>UY</arg>
<arg>UZ</arg>
<arg>VA</arg>
<arg>VC</arg>
<arg>VE</arg>
<arg>VG</arg>
<arg>VI</arg>
<arg>VN</arg>
<arg>VU</arg>
<arg>WF</arg>
<arg>WS</arg>
<arg>XK</arg>
<arg>YE</arg>
<arg>YT</arg>
<arg>ZA</arg>
<arg>ZM</arg>
<arg>ZW</arg>
<doc>Returns a list containing given items.</doc>
<status status="PASS" start="2024-08-04T01:13:38.679062" elapsed="0.000620"/>
</kw>
<kw name="List Should Contain Value" owner="Collections">
<arg>${list_country}</arg>
<arg>${name_country}</arg>
<doc>Fails if the ``value`` is not found from ``list``.</doc>
<status status="PASS" start="2024-08-04T01:13:38.680657" elapsed="0.000286"/>
</kw>
<kw name="Run Keyword If" owner="BuiltIn">
<kw name="Should Be True" owner="BuiltIn">
<arg>${True}</arg>
<doc>Fails if the given condition is not true.</doc>
<status status="PASS" start="2024-08-04T01:13:38.681936" elapsed="0.000144"/>
</kw>
<arg>${json_data["results"][0]["location"]["coordinates"]["latitude"]} &gt;= -90 and ${json_data["results"][0]["location"]["coordinates"]["latitude"]} &lt;= 90</arg>
<arg>Should Be True</arg>
<arg>${True}</arg>
<doc>Runs the given keyword with the given arguments, if ``condition`` is true.</doc>
<status status="PASS" start="2024-08-04T01:13:38.681182" elapsed="0.001024"/>
</kw>
<kw name="Run Keyword If" owner="BuiltIn">
<kw name="Should Be True" owner="BuiltIn">
<arg>${True}</arg>
<doc>Fails if the given condition is not true.</doc>
<status status="PASS" start="2024-08-04T01:13:38.683082" elapsed="0.000138"/>
</kw>
<arg>${json_data["results"][0]["location"]["coordinates"]["longitude"]} &gt;= -180 and ${json_data["results"][0]["location"]["coordinates"]["longitude"]} &lt;= 180</arg>
<arg>Should Be True</arg>
<arg>${True}</arg>
<doc>Runs the given keyword with the given arguments, if ``condition`` is true.</doc>
<status status="PASS" start="2024-08-04T01:13:38.682388" elapsed="0.000963"/>
</kw>
<status status="PASS" start="2024-08-04T01:13:38.577674" elapsed="0.105812"/>
</kw>
<doc>Testa o conteúdo específico dos campos retornados pela API.</doc>
<tag>testeConteudo</tag>
<status status="PASS" start="2024-08-04T01:13:38.576919" elapsed="0.106721"/>
</test>
<status status="PASS" start="2024-08-04T01:13:37.717161" elapsed="0.968442"/>
</suite>
<status status="PASS" start="2024-08-04T01:13:37.702378" elapsed="0.988343"/>
</suite>
<statistics>
<total>
<stat pass="5" fail="0" skip="0">All Tests</stat>
</total>
<tag>
<stat pass="1" fail="0" skip="0">testeConteudo</stat>
<stat pass="1" fail="0" skip="0">testeEstruturaResposta</stat>
<stat pass="1" fail="0" skip="0">testeRequisicaoBasica</stat>
<stat pass="1" fail="0" skip="0">testeTiposDados</stat>
</tag>
<suite>
<stat pass="5" fail="0" skip="0" id="s1" name="Tests">Tests</stat>
<stat pass="5" fail="0" skip="0" id="s1-s1" name="Random-User-Test">Tests.Random-User-Test</stat>
</suite>
</statistics>
<errors>
</errors>
</robot>
