<?xml version="1.0" encoding="UTF-8"?>
<robot generator="Robot 7.0.1 (Python 3.12.4 on linux)" generated="2024-08-03T03:16:26.013472" rpa="false" schemaversion="5">
<suite id="s1" name="Tests" source="/home/runner/work/ApiRandomUser/ApiRandomUser/RamdonUser/tests">
<suite id="s1-s1" name="Random-User-Test" source="/home/runner/work/ApiRandomUser/ApiRandomUser/RamdonUser/tests/random-user-test.robot">
<test id="s1-s1-t1" name="Conectar" line="13">
<kw name="Conectar API" owner="random-user-service">
<kw name="Create Session" owner="RequestsLibrary">
<msg time="2024-08-03T03:16:26.413129" level="INFO">Creating Session using : alias=consultarAPI, url=https://randomuser.me/, headers={},                     cookies={}, auth=None, timeout=None, proxies=None, verify=False,                     debug=0 </msg>
<arg>consultarAPI</arg>
<arg>${URL}</arg>
<doc>Create Session: create a HTTP session to a server</doc>
<status status="PASS" start="2024-08-03T03:16:26.412940" elapsed="0.000352"/>
</kw>
<status status="PASS" start="2024-08-03T03:16:26.411991" elapsed="0.001655"/>
</kw>
<status status="PASS" start="2024-08-03T03:16:26.411487" elapsed="0.002362"/>
</test>
<test id="s1-s1-t2" name="Validar retorno 200 e JSON Válido" line="16">
<kw name="Teste de Requisicao Basica" owner="random-user-service">
<kw name="GET On Session" owner="RequestsLibrary">
<msg time="2024-08-03T03:16:28.829691" level="INFO">GET Request : url=https://randomuser.me/api 
 path_url=/api 
 headers={'User-Agent': 'python-requests/2.32.3', 'Accept-Encoding': 'gzip, deflate', 'Accept': '*/*', 'Connection': 'keep-alive'} 
 body=None 
 </msg>
<msg time="2024-08-03T03:16:28.829848" level="INFO">GET Response : url=https://randomuser.me/api 
 status=200, reason=OK 
 headers={'Date': 'Sat, 03 Aug 2024 03:16:28 GMT', 'Content-Type': 'application/json; charset=utf-8', 'Transfer-Encoding': 'chunked', 'Connection': 'keep-alive', 'X-Powered-By': 'Express', 'Access-Control-Allow-Origin': '*', 'Cache-Control': 'no-cache', 'ETag': 'W/"4a5-xMhuHrrfcJS2+1FSaL50J3mKsAw"', 'Vary': 'Accept-Encoding', 'Content-Encoding': 'gzip', 'CF-Cache-Status': 'DYNAMIC', 'Report-To': '{"endpoints":[{"url":"https:\\/\\/a.nel.cloudflare.com\\/report\\/v4?s=PvL6r1VbiFMIJeigwljSbRAoWgP7KlOxT%2FG0qGyLSO5pm4vQ2W%2BnBamEi7NZhGhIsnVcV4Etr6eNGSR7wdaDWPPX6LwOWsykLz1TmCnnNzBw4JOkJ3QvDYj2lN4twNDz"}],"group":"cf-nel","max_age":604800}', 'NEL': '{"success_fraction":0,"report_to":"cf-nel","max_age":604800}', 'Server': 'cloudflare', 'CF-RAY': '8ad326226ae80774-IAD', 'alt-svc': 'h3=":443"; ma=86400'} 
 body={"results":[{"gender":"male","name":{"title":"Mr","first":"Ryder","last":"Andersen"},"location":{"street":{"number":6889,"name":"Charles St"},"city":"St. Antoine","state":"Newfoundland and Labrador","country":"Canada","postcode":"Z9G 6Q8","coordinates":{"latitude":"-70.2212","longitude":"-159.4473"},"timezone":{"offset":"+3:00","description":"Baghdad, Riyadh, Moscow, St. Petersburg"}},"email":"ryder.andersen@example.com","login":{"uuid":"d08b4d5c-4319-441a-ab0e-900b07b4cfa3","username":"angryswan644","password":"poppop","salt":"qneMreOP","md5":"f07ca593b884e9d1f50962018a1f4017","sha1":"ca796d1bc683dd3f912b67061e9d38d7f0f0a568","sha256":"e6b1af9a9929f282328dd0ab892588896411ef13dc997bfce7b7847256f9c4ef"},"dob":{"date":"1947-04-07T13:59:22.008Z","age":77},"registered":{"date":"2003-03-25T14:31:04.681Z","age":21},"phone":"A47 G79-6269","cell":"S61 D25-0869","id":{"name":"SIN","value":"351379532"},"picture":{"large":"https://randomuser.me/api/portraits/men/68.jpg","medium":"https://randomuser.me/api/portraits/med/men/68.jpg","thumbnail":"https://randomuser.me/api/portraits/thumb/men/68.jpg"},"nat":"CA"}],"info":{"seed":"4cfe32cc688236cc","results":1,"page":1,"version":"1.4"}} 
 </msg>
<msg time="2024-08-03T03:16:28.829927" level="INFO">/opt/hostedtoolcache/Python/3.12.4/x64/lib/python3.12/site-packages/urllib3/connectionpool.py:1099: InsecureRequestWarning: Unverified HTTPS request is being made to host 'randomuser.me'. Adding certificate verification is strongly advised. See: https://urllib3.readthedocs.io/en/latest/advanced-usage.html#tls-warnings
  warnings.warn(</msg>
<msg time="2024-08-03T03:16:28.830069" level="INFO">${response} = &lt;Response [200]&gt;</msg>
<var>${response}</var>
<arg>consultarAPI</arg>
<arg>/api</arg>
<doc>Sends a GET request on a previously created HTTP Session.</doc>
<status status="PASS" start="2024-08-03T03:16:26.416402" elapsed="2.413708"/>
</kw>
<kw name="Should Be Equal As Numbers" owner="BuiltIn">
<msg time="2024-08-03T03:16:28.831079" level="INFO">Argument types are:
&lt;class 'int'&gt;
&lt;class 'str'&gt;</msg>
<arg>${response.status_code}</arg>
<arg>200</arg>
<doc>Fails if objects are unequal after converting them to real numbers.</doc>
<status status="PASS" start="2024-08-03T03:16:28.830619" elapsed="0.000524"/>
</kw>
<kw name="Log" owner="BuiltIn">
<msg time="2024-08-03T03:16:28.831811" level="INFO">200</msg>
<arg>${response.status_code}</arg>
<doc>Logs the given message with the given level.</doc>
<status status="PASS" start="2024-08-03T03:16:28.831455" elapsed="0.000398"/>
</kw>
<kw name="Set Variable" owner="BuiltIn">
<msg time="2024-08-03T03:16:28.832580" level="INFO">${json_data} = {'results': [{'gender': 'male', 'name': {'title': 'Mr', 'first': 'Ryder', 'last': 'Andersen'}, 'location': {'street': {'number': 6889, 'name': 'Charles St'}, 'city': 'St. Antoine', 'state': 'Newfoundl...</msg>
<var>${json_data}</var>
<arg>${response.json()}</arg>
<doc>Returns the given values which can then be assigned to a variables.</doc>
<status status="PASS" start="2024-08-03T03:16:28.832152" elapsed="0.000457"/>
</kw>
<kw name="Dictionary Should Contain Key" owner="Collections">
<arg>${json_data}</arg>
<arg>results</arg>
<doc>Fails if ``key`` is not found from ``dictionary``.</doc>
<status status="PASS" start="2024-08-03T03:16:28.832911" elapsed="0.000323"/>
</kw>
<status status="PASS" start="2024-08-03T03:16:26.416159" elapsed="2.417232"/>
</kw>
<doc>Testa se a API responde corretamente e retorna um objeto JSON válido.</doc>
<tag>testeRequisicaoBasica</tag>
<status status="PASS" start="2024-08-03T03:16:26.415696" elapsed="2.417867"/>
</test>
<test id="s1-s1-t3" name="Validar estrutura de resposta" line="22">
<kw name="Teste de Estrutura de Resposta" owner="random-user-service">
<kw name="GET On Session" owner="RequestsLibrary">
<msg time="2024-08-03T03:16:29.420156" level="INFO">GET Request : url=https://randomuser.me/api 
 path_url=/api 
 headers={'User-Agent': 'python-requests/2.32.3', 'Accept-Encoding': 'gzip, deflate', 'Accept': '*/*', 'Connection': 'keep-alive'} 
 body=None 
 </msg>
<msg time="2024-08-03T03:16:29.420258" level="INFO">GET Response : url=https://randomuser.me/api 
 status=200, reason=OK 
 headers={'Date': 'Sat, 03 Aug 2024 03:16:29 GMT', 'Content-Type': 'application/json; charset=utf-8', 'Transfer-Encoding': 'chunked', 'Connection': 'keep-alive', 'X-Powered-By': 'Express', 'Access-Control-Allow-Origin': '*', 'Cache-Control': 'no-cache', 'ETag': 'W/"4a5-5jPufFyJnFdnOVOQ83SPwpznCGo"', 'Vary': 'Accept-Encoding', 'Content-Encoding': 'gzip', 'CF-Cache-Status': 'DYNAMIC', 'Report-To': '{"endpoints":[{"url":"https:\\/\\/a.nel.cloudflare.com\\/report\\/v4?s=vnb9Qc5jUfxG2tWiiF4PUCLTZGq0xBE8J2PCDgs66m6F204X8e31dRrKLMSMkFeD%2FGJGGuKbnEwGz5LLn4tyMIb%2BqnaFRZeRCze%2FlMvOhi6sOoM6WK9yA2BFlqKxbkKV"}],"group":"cf-nel","max_age":604800}', 'NEL': '{"success_fraction":0,"report_to":"cf-nel","max_age":604800}', 'Server': 'cloudflare', 'CF-RAY': '8ad326304fff0774-IAD', 'alt-svc': 'h3=":443"; ma=86400'} 
 body={"results":[{"gender":"female","name":{"title":"Mrs","first":"Montserrat","last":"Herrera"},"location":{"street":{"number":5226,"name":"Calle Nebrija"},"city":"Alcobendas","state":"Melilla","country":"Spain","postcode":64182,"coordinates":{"latitude":"-30.6806","longitude":"121.9005"},"timezone":{"offset":"0:00","description":"Western Europe Time, London, Lisbon, Casablanca"}},"email":"montserrat.herrera@example.com","login":{"uuid":"b6a78e0c-998f-41c4-b2bf-04e128a6c4c2","username":"yellowbear370","password":"quan","salt":"LH9dWsnk","md5":"0e7376c8660d6a214168ed97af69b4ff","sha1":"cc256ffbc7e0729e9cf49361b46745cc7bb91f32","sha256":"37c9ba0b383fc72c19afa64c33f8d287b01b0d494c2159c5900eefbfd0b2bfa7"},"dob":{"date":"1996-05-30T11:32:46.098Z","age":28},"registered":{"date":"2004-03-01T17:38:16.333Z","age":20},"phone":"956-372-718","cell":"683-985-135","id":{"name":"DNI","value":"93564942-G"},"picture":{"large":"https://randomuser.me/api/portraits/women/17.jpg","medium":"https://randomuser.me/api/portraits/med/women/17.jpg","thumbnail":"https://randomuser.me/api/portraits/thumb/women/17.jpg"},"nat":"ES"}],"info":{"seed":"3beb5f920e68be06","results":1,"page":1,"version":"1.4"}} 
 </msg>
<msg time="2024-08-03T03:16:29.420397" level="INFO">/opt/hostedtoolcache/Python/3.12.4/x64/lib/python3.12/site-packages/urllib3/connectionpool.py:1099: InsecureRequestWarning: Unverified HTTPS request is being made to host 'randomuser.me'. Adding certificate verification is strongly advised. See: https://urllib3.readthedocs.io/en/latest/advanced-usage.html#tls-warnings
  warnings.warn(</msg>
<msg time="2024-08-03T03:16:29.420513" level="INFO">${response} = &lt;Response [200]&gt;</msg>
<var>${response}</var>
<arg>consultarAPI</arg>
<arg>/api</arg>
<doc>Sends a GET request on a previously created HTTP Session.</doc>
<status status="PASS" start="2024-08-03T03:16:28.836168" elapsed="0.584386"/>
</kw>
<kw name="Set Variable" owner="BuiltIn">
<msg time="2024-08-03T03:16:29.421474" level="INFO">${json_data} = {'results': [{'gender': 'female', 'name': {'title': 'Mrs', 'first': 'Montserrat', 'last': 'Herrera'}, 'location': {'street': {'number': 5226, 'name': 'Calle Nebrija'}, 'city': 'Alcobendas', 'state': '...</msg>
<var>${json_data}</var>
<arg>${response.json()}</arg>
<doc>Returns the given values which can then be assigned to a variables.</doc>
<status status="PASS" start="2024-08-03T03:16:29.420988" elapsed="0.000515"/>
</kw>
<kw name="Log" owner="BuiltIn">
<msg time="2024-08-03T03:16:29.422020" level="INFO">{'results': [{'gender': 'female', 'name': {'title': 'Mrs', 'first': 'Montserrat', 'last': 'Herrera'}, 'location': {'street': {'number': 5226, 'name': 'Calle Nebrija'}, 'city': 'Alcobendas', 'state': 'Melilla', 'country': 'Spain', 'postcode': 64182, 'coordinates': {'latitude': '-30.6806', 'longitude': '121.9005'}, 'timezone': {'offset': '0:00', 'description': 'Western Europe Time, London, Lisbon, Casablanca'}}, 'email': 'montserrat.herrera@example.com', 'login': {'uuid': 'b6a78e0c-998f-41c4-b2bf-04e128a6c4c2', 'username': 'yellowbear370', 'password': 'quan', 'salt': 'LH9dWsnk', 'md5': '0e7376c8660d6a214168ed97af69b4ff', 'sha1': 'cc256ffbc7e0729e9cf49361b46745cc7bb91f32', 'sha256': '37c9ba0b383fc72c19afa64c33f8d287b01b0d494c2159c5900eefbfd0b2bfa7'}, 'dob': {'date': '1996-05-30T11:32:46.098Z', 'age': 28}, 'registered': {'date': '2004-03-01T17:38:16.333Z', 'age': 20}, 'phone': '956-372-718', 'cell': '683-985-135', 'id': {'name': 'DNI', 'value': '93564942-G'}, 'picture': {'large': 'https://randomuser.me/api/portraits/women/17.jpg', 'medium': 'https://randomuser.me/api/portraits/med/women/17.jpg', 'thumbnail': 'https://randomuser.me/api/portraits/thumb/women/17.jpg'}, 'nat': 'ES'}], 'info': {'seed': '3beb5f920e68be06', 'results': 1, 'page': 1, 'version': '1.4'}}</msg>
<arg>${json_data}</arg>
<doc>Logs the given message with the given level.</doc>
<status status="PASS" start="2024-08-03T03:16:29.421855" elapsed="0.000213"/>
</kw>
<kw name="Dictionary Should Contain Key" owner="Collections">
<arg>${json_data}</arg>
<arg>results</arg>
<doc>Fails if ``key`` is not found from ``dictionary``.</doc>
<status status="PASS" start="2024-08-03T03:16:29.422360" elapsed="0.000162"/>
</kw>
<kw name="Should Not Be Empty" owner="BuiltIn">
<msg time="2024-08-03T03:16:29.422837" level="INFO">Length is 2.</msg>
<arg>${json_data}</arg>
<doc>Verifies that the given item is not empty.</doc>
<status status="PASS" start="2024-08-03T03:16:29.422704" elapsed="0.000171"/>
</kw>
<kw name="Create List" owner="BuiltIn">
<msg time="2024-08-03T03:16:29.423316" level="INFO">${expected_keys} = ['gender', 'name', 'location', 'email', 'login']</msg>
<var>${expected_keys}</var>
<arg>gender</arg>
<arg>name</arg>
<arg>location</arg>
<arg>email</arg>
<arg>login</arg>
<doc>Returns a list containing given items.</doc>
<status status="PASS" start="2024-08-03T03:16:29.423164" elapsed="0.000175"/>
</kw>
<for flavor="IN">
<iter>
<kw name="Dictionary Should Contain Key" owner="Collections">
<arg>${json_data['results'][0]}</arg>
<arg>${key}</arg>
<doc>Fails if ``key`` is not found from ``dictionary``.</doc>
<status status="PASS" start="2024-08-03T03:16:29.423903" elapsed="0.000406"/>
</kw>
<kw name="Log" owner="BuiltIn">
<msg time="2024-08-03T03:16:29.424842" level="INFO">{'gender': 'female', 'name': {'title': 'Mrs', 'first': 'Montserrat', 'last': 'Herrera'}, 'location': {'street': {'number': 5226, 'name': 'Calle Nebrija'}, 'city': 'Alcobendas', 'state': 'Melilla', 'country': 'Spain', 'postcode': 64182, 'coordinates': {'latitude': '-30.6806', 'longitude': '121.9005'}, 'timezone': {'offset': '0:00', 'description': 'Western Europe Time, London, Lisbon, Casablanca'}}, 'email': 'montserrat.herrera@example.com', 'login': {'uuid': 'b6a78e0c-998f-41c4-b2bf-04e128a6c4c2', 'username': 'yellowbear370', 'password': 'quan', 'salt': 'LH9dWsnk', 'md5': '0e7376c8660d6a214168ed97af69b4ff', 'sha1': 'cc256ffbc7e0729e9cf49361b46745cc7bb91f32', 'sha256': '37c9ba0b383fc72c19afa64c33f8d287b01b0d494c2159c5900eefbfd0b2bfa7'}, 'dob': {'date': '1996-05-30T11:32:46.098Z', 'age': 28}, 'registered': {'date': '2004-03-01T17:38:16.333Z', 'age': 20}, 'phone': '956-372-718', 'cell': '683-985-135', 'id': {'name': 'DNI', 'value': '93564942-G'}, 'picture': {'large': 'https://randomuser.me/api/portraits/women/17.jpg', 'medium': 'https://randomuser.me/api/portraits/med/women/17.jpg', 'thumbnail': 'https://randomuser.me/api/portraits/thumb/women/17.jpg'}, 'nat': 'ES'}</msg>
<arg>${json_data['results'][0]}</arg>
<doc>Logs the given message with the given level.</doc>
<status status="PASS" start="2024-08-03T03:16:29.424492" elapsed="0.000399"/>
</kw>
<kw name="Log" owner="BuiltIn">
<msg time="2024-08-03T03:16:29.425317" level="INFO">gender</msg>
<arg>${key}</arg>
<doc>Logs the given message with the given level.</doc>
<status status="PASS" start="2024-08-03T03:16:29.425185" elapsed="0.000170"/>
</kw>
<var name="${key}">gender</var>
<status status="PASS" start="2024-08-03T03:16:29.423779" elapsed="0.001793"/>
</iter>
<iter>
<kw name="Dictionary Should Contain Key" owner="Collections">
<arg>${json_data['results'][0]}</arg>
<arg>${key}</arg>
<doc>Fails if ``key`` is not found from ``dictionary``.</doc>
<status status="PASS" start="2024-08-03T03:16:29.425896" elapsed="0.000390"/>
</kw>
<kw name="Log" owner="BuiltIn">
<msg time="2024-08-03T03:16:29.426862" level="INFO">{'gender': 'female', 'name': {'title': 'Mrs', 'first': 'Montserrat', 'last': 'Herrera'}, 'location': {'street': {'number': 5226, 'name': 'Calle Nebrija'}, 'city': 'Alcobendas', 'state': 'Melilla', 'country': 'Spain', 'postcode': 64182, 'coordinates': {'latitude': '-30.6806', 'longitude': '121.9005'}, 'timezone': {'offset': '0:00', 'description': 'Western Europe Time, London, Lisbon, Casablanca'}}, 'email': 'montserrat.herrera@example.com', 'login': {'uuid': 'b6a78e0c-998f-41c4-b2bf-04e128a6c4c2', 'username': 'yellowbear370', 'password': 'quan', 'salt': 'LH9dWsnk', 'md5': '0e7376c8660d6a214168ed97af69b4ff', 'sha1': 'cc256ffbc7e0729e9cf49361b46745cc7bb91f32', 'sha256': '37c9ba0b383fc72c19afa64c33f8d287b01b0d494c2159c5900eefbfd0b2bfa7'}, 'dob': {'date': '1996-05-30T11:32:46.098Z', 'age': 28}, 'registered': {'date': '2004-03-01T17:38:16.333Z', 'age': 20}, 'phone': '956-372-718', 'cell': '683-985-135', 'id': {'name': 'DNI', 'value': '93564942-G'}, 'picture': {'large': 'https://randomuser.me/api/portraits/women/17.jpg', 'medium': 'https://randomuser.me/api/portraits/med/women/17.jpg', 'thumbnail': 'https://randomuser.me/api/portraits/thumb/women/17.jpg'}, 'nat': 'ES'}</msg>
<arg>${json_data['results'][0]}</arg>
<doc>Logs the given message with the given level.</doc>
<status status="PASS" start="2024-08-03T03:16:29.426468" elapsed="0.000443"/>
</kw>
<kw name="Log" owner="BuiltIn">
<msg time="2024-08-03T03:16:29.427336" level="INFO">name</msg>
<arg>${key}</arg>
<doc>Logs the given message with the given level.</doc>
<status status="PASS" start="2024-08-03T03:16:29.427206" elapsed="0.000168"/>
</kw>
<var name="${key}">name</var>
<status status="PASS" start="2024-08-03T03:16:29.425783" elapsed="0.001808"/>
</iter>
<iter>
<kw name="Dictionary Should Contain Key" owner="Collections">
<arg>${json_data['results'][0]}</arg>
<arg>${key}</arg>
<doc>Fails if ``key`` is not found from ``dictionary``.</doc>
<status status="PASS" start="2024-08-03T03:16:29.427873" elapsed="0.000380"/>
</kw>
<kw name="Log" owner="BuiltIn">
<msg time="2024-08-03T03:16:29.428791" level="INFO">{'gender': 'female', 'name': {'title': 'Mrs', 'first': 'Montserrat', 'last': 'Herrera'}, 'location': {'street': {'number': 5226, 'name': 'Calle Nebrija'}, 'city': 'Alcobendas', 'state': 'Melilla', 'country': 'Spain', 'postcode': 64182, 'coordinates': {'latitude': '-30.6806', 'longitude': '121.9005'}, 'timezone': {'offset': '0:00', 'description': 'Western Europe Time, London, Lisbon, Casablanca'}}, 'email': 'montserrat.herrera@example.com', 'login': {'uuid': 'b6a78e0c-998f-41c4-b2bf-04e128a6c4c2', 'username': 'yellowbear370', 'password': 'quan', 'salt': 'LH9dWsnk', 'md5': '0e7376c8660d6a214168ed97af69b4ff', 'sha1': 'cc256ffbc7e0729e9cf49361b46745cc7bb91f32', 'sha256': '37c9ba0b383fc72c19afa64c33f8d287b01b0d494c2159c5900eefbfd0b2bfa7'}, 'dob': {'date': '1996-05-30T11:32:46.098Z', 'age': 28}, 'registered': {'date': '2004-03-01T17:38:16.333Z', 'age': 20}, 'phone': '956-372-718', 'cell': '683-985-135', 'id': {'name': 'DNI', 'value': '93564942-G'}, 'picture': {'large': 'https://randomuser.me/api/portraits/women/17.jpg', 'medium': 'https://randomuser.me/api/portraits/med/women/17.jpg', 'thumbnail': 'https://randomuser.me/api/portraits/thumb/women/17.jpg'}, 'nat': 'ES'}</msg>
<arg>${json_data['results'][0]}</arg>
<doc>Logs the given message with the given level.</doc>
<status status="PASS" start="2024-08-03T03:16:29.428441" elapsed="0.000397"/>
</kw>
<kw name="Log" owner="BuiltIn">
<msg time="2024-08-03T03:16:29.429263" level="INFO">location</msg>
<arg>${key}</arg>
<doc>Logs the given message with the given level.</doc>
<status status="PASS" start="2024-08-03T03:16:29.429132" elapsed="0.000168"/>
</kw>
<var name="${key}">location</var>
<status status="PASS" start="2024-08-03T03:16:29.427766" elapsed="0.001753"/>
</iter>
<iter>
<kw name="Dictionary Should Contain Key" owner="Collections">
<arg>${json_data['results'][0]}</arg>
<arg>${key}</arg>
<doc>Fails if ``key`` is not found from ``dictionary``.</doc>
<status status="PASS" start="2024-08-03T03:16:29.429858" elapsed="0.000389"/>
</kw>
<kw name="Log" owner="BuiltIn">
<msg time="2024-08-03T03:16:29.430902" level="INFO">{'gender': 'female', 'name': {'title': 'Mrs', 'first': 'Montserrat', 'last': 'Herrera'}, 'location': {'street': {'number': 5226, 'name': 'Calle Nebrija'}, 'city': 'Alcobendas', 'state': 'Melilla', 'country': 'Spain', 'postcode': 64182, 'coordinates': {'latitude': '-30.6806', 'longitude': '121.9005'}, 'timezone': {'offset': '0:00', 'description': 'Western Europe Time, London, Lisbon, Casablanca'}}, 'email': 'montserrat.herrera@example.com', 'login': {'uuid': 'b6a78e0c-998f-41c4-b2bf-04e128a6c4c2', 'username': 'yellowbear370', 'password': 'quan', 'salt': 'LH9dWsnk', 'md5': '0e7376c8660d6a214168ed97af69b4ff', 'sha1': 'cc256ffbc7e0729e9cf49361b46745cc7bb91f32', 'sha256': '37c9ba0b383fc72c19afa64c33f8d287b01b0d494c2159c5900eefbfd0b2bfa7'}, 'dob': {'date': '1996-05-30T11:32:46.098Z', 'age': 28}, 'registered': {'date': '2004-03-01T17:38:16.333Z', 'age': 20}, 'phone': '956-372-718', 'cell': '683-985-135', 'id': {'name': 'DNI', 'value': '93564942-G'}, 'picture': {'large': 'https://randomuser.me/api/portraits/women/17.jpg', 'medium': 'https://randomuser.me/api/portraits/med/women/17.jpg', 'thumbnail': 'https://randomuser.me/api/portraits/thumb/women/17.jpg'}, 'nat': 'ES'}</msg>
<arg>${json_data['results'][0]}</arg>
<doc>Logs the given message with the given level.</doc>
<status status="PASS" start="2024-08-03T03:16:29.430548" elapsed="0.000403"/>
</kw>
<kw name="Log" owner="BuiltIn">
<msg time="2024-08-03T03:16:29.431378" level="INFO">email</msg>
<arg>${key}</arg>
<doc>Logs the given message with the given level.</doc>
<status status="PASS" start="2024-08-03T03:16:29.431245" elapsed="0.000172"/>
</kw>
<var name="${key}">email</var>
<status status="PASS" start="2024-08-03T03:16:29.429746" elapsed="0.001887"/>
</iter>
<iter>
<kw name="Dictionary Should Contain Key" owner="Collections">
<arg>${json_data['results'][0]}</arg>
<arg>${key}</arg>
<doc>Fails if ``key`` is not found from ``dictionary``.</doc>
<status status="PASS" start="2024-08-03T03:16:29.431916" elapsed="0.000382"/>
</kw>
<kw name="Log" owner="BuiltIn">
<msg time="2024-08-03T03:16:29.432831" level="INFO">{'gender': 'female', 'name': {'title': 'Mrs', 'first': 'Montserrat', 'last': 'Herrera'}, 'location': {'street': {'number': 5226, 'name': 'Calle Nebrija'}, 'city': 'Alcobendas', 'state': 'Melilla', 'country': 'Spain', 'postcode': 64182, 'coordinates': {'latitude': '-30.6806', 'longitude': '121.9005'}, 'timezone': {'offset': '0:00', 'description': 'Western Europe Time, London, Lisbon, Casablanca'}}, 'email': 'montserrat.herrera@example.com', 'login': {'uuid': 'b6a78e0c-998f-41c4-b2bf-04e128a6c4c2', 'username': 'yellowbear370', 'password': 'quan', 'salt': 'LH9dWsnk', 'md5': '0e7376c8660d6a214168ed97af69b4ff', 'sha1': 'cc256ffbc7e0729e9cf49361b46745cc7bb91f32', 'sha256': '37c9ba0b383fc72c19afa64c33f8d287b01b0d494c2159c5900eefbfd0b2bfa7'}, 'dob': {'date': '1996-05-30T11:32:46.098Z', 'age': 28}, 'registered': {'date': '2004-03-01T17:38:16.333Z', 'age': 20}, 'phone': '956-372-718', 'cell': '683-985-135', 'id': {'name': 'DNI', 'value': '93564942-G'}, 'picture': {'large': 'https://randomuser.me/api/portraits/women/17.jpg', 'medium': 'https://randomuser.me/api/portraits/med/women/17.jpg', 'thumbnail': 'https://randomuser.me/api/portraits/thumb/women/17.jpg'}, 'nat': 'ES'}</msg>
<arg>${json_data['results'][0]}</arg>
<doc>Logs the given message with the given level.</doc>
<status status="PASS" start="2024-08-03T03:16:29.432483" elapsed="0.000397"/>
</kw>
<kw name="Log" owner="BuiltIn">
<msg time="2024-08-03T03:16:29.433301" level="INFO">login</msg>
<arg>${key}</arg>
<doc>Logs the given message with the given level.</doc>
<status status="PASS" start="2024-08-03T03:16:29.433171" elapsed="0.000168"/>
</kw>
<var name="${key}">login</var>
<status status="PASS" start="2024-08-03T03:16:29.431806" elapsed="0.001749"/>
</iter>
<var>${key}</var>
<value>@{expected_keys}</value>
<status status="PASS" start="2024-08-03T03:16:29.423594" elapsed="0.010107"/>
</for>
<kw name="Create List" owner="BuiltIn">
<msg time="2024-08-03T03:16:29.434069" level="INFO">${expected_keysTwo} = ['username', 'password']</msg>
<var>${expected_keysTwo}</var>
<arg>username</arg>
<arg>password</arg>
<doc>Returns a list containing given items.</doc>
<status status="PASS" start="2024-08-03T03:16:29.433927" elapsed="0.000166"/>
</kw>
<for flavor="IN">
<iter>
<kw name="Dictionary Should Contain Key" owner="Collections">
<arg>${json_data['results'][0]['login']}</arg>
<arg>${keyTwo}</arg>
<doc>Fails if ``key`` is not found from ``dictionary``.</doc>
<status status="PASS" start="2024-08-03T03:16:29.434588" elapsed="0.000384"/>
</kw>
<kw name="Dictionary Should Contain Key" owner="Collections">
<arg>${json_data['results'][0]['login']}</arg>
<arg>${keyTwo}</arg>
<doc>Fails if ``key`` is not found from ``dictionary``.</doc>
<status status="PASS" start="2024-08-03T03:16:29.435152" elapsed="0.000380"/>
</kw>
<kw name="Log" owner="BuiltIn">
<msg time="2024-08-03T03:16:29.435834" level="INFO">username</msg>
<arg>${keyTwo}</arg>
<doc>Logs the given message with the given level.</doc>
<status status="PASS" start="2024-08-03T03:16:29.435713" elapsed="0.000159"/>
</kw>
<var name="${keyTwo}">username</var>
<status status="PASS" start="2024-08-03T03:16:29.434480" elapsed="0.001608"/>
</iter>
<iter>
<kw name="Dictionary Should Contain Key" owner="Collections">
<arg>${json_data['results'][0]['login']}</arg>
<arg>${keyTwo}</arg>
<doc>Fails if ``key`` is not found from ``dictionary``.</doc>
<status status="PASS" start="2024-08-03T03:16:29.436365" elapsed="0.000376"/>
</kw>
<kw name="Dictionary Should Contain Key" owner="Collections">
<arg>${json_data['results'][0]['login']}</arg>
<arg>${keyTwo}</arg>
<doc>Fails if ``key`` is not found from ``dictionary``.</doc>
<status status="PASS" start="2024-08-03T03:16:29.436917" elapsed="0.000373"/>
</kw>
<kw name="Log" owner="BuiltIn">
<msg time="2024-08-03T03:16:29.437589" level="INFO">password</msg>
<arg>${keyTwo}</arg>
<doc>Logs the given message with the given level.</doc>
<status status="PASS" start="2024-08-03T03:16:29.437465" elapsed="0.000202"/>
</kw>
<var name="${keyTwo}">password</var>
<status status="PASS" start="2024-08-03T03:16:29.436259" elapsed="0.001639"/>
</iter>
<var>${keyTwo}</var>
<value>@{expected_keysTwo}</value>
<status status="PASS" start="2024-08-03T03:16:29.434328" elapsed="0.003690"/>
</for>
<status status="PASS" start="2024-08-03T03:16:28.835932" elapsed="0.602225"/>
</kw>
<doc>Testa a estrutura da resposta da API.</doc>
<tag>testeEstruturaResposta</tag>
<status status="PASS" start="2024-08-03T03:16:28.835445" elapsed="0.602869"/>
</test>
<test id="s1-s1-t4" name="Validar tipos de dados" line="28">
<kw name="Teste de Tipos de Dados" owner="random-user-service">
<kw name="GET On Session" owner="RequestsLibrary">
<msg time="2024-08-03T03:16:29.736133" level="INFO">GET Request : url=https://randomuser.me/api 
 path_url=/api 
 headers={'User-Agent': 'python-requests/2.32.3', 'Accept-Encoding': 'gzip, deflate', 'Accept': '*/*', 'Connection': 'keep-alive'} 
 body=None 
 </msg>
<msg time="2024-08-03T03:16:29.736200" level="INFO">GET Response : url=https://randomuser.me/api 
 status=200, reason=OK 
 headers={'Date': 'Sat, 03 Aug 2024 03:16:29 GMT', 'Content-Type': 'application/json; charset=utf-8', 'Transfer-Encoding': 'chunked', 'Connection': 'keep-alive', 'X-Powered-By': 'Express', 'Access-Control-Allow-Origin': '*', 'Cache-Control': 'no-cache', 'ETag': 'W/"4b1-Lf23dt5HIvV83hvNTfYLMX4wxfc"', 'Vary': 'Accept-Encoding', 'Content-Encoding': 'gzip', 'CF-Cache-Status': 'DYNAMIC', 'Report-To': '{"endpoints":[{"url":"https:\\/\\/a.nel.cloudflare.com\\/report\\/v4?s=I2OxPQFBuwdcaAI8mjaYx%2FXLii3%2F2lJ7hA9Nmlkh9ispX2ZJ0jXN0AvxtoloBhZaDx3dRTm1C5Jd54uoAl8i2pITMbpTF%2FxOYRLVXT%2B6rEaztRnFE2eAfEvk4UDwDPbW"}],"group":"cf-nel","max_age":604800}', 'NEL': '{"success_fraction":0,"report_to":"cf-nel","max_age":604800}', 'Server': 'cloudflare', 'CF-RAY': '8ad326340b590774-IAD', 'alt-svc': 'h3=":443"; ma=86400'} 
 body={"results":[{"gender":"female","name":{"title":"Ms","first":"Amy","last":"Armstrong"},"location":{"street":{"number":7192,"name":"School Lane"},"city":"Plymouth","state":"County Londonderry","country":"United Kingdom","postcode":"Y3 6SW","coordinates":{"latitude":"-12.6189","longitude":"81.5917"},"timezone":{"offset":"-4:00","description":"Atlantic Time (Canada), Caracas, La Paz"}},"email":"amy.armstrong@example.com","login":{"uuid":"10d4bba3-7386-4725-a811-5f4740892b3b","username":"beautifulgoose956","password":"babies","salt":"oGyBiwQF","md5":"0731f53ec77a630206528d5ed0a49bb3","sha1":"eba14a32f9d092aacfdc88d94777736bd66710b6","sha256":"94667b33e443e4e74fccadf0afc70df6b94058cec032921cf1383c2a811cb5e1"},"dob":{"date":"1960-05-19T04:20:01.973Z","age":64},"registered":{"date":"2012-01-04T14:41:28.086Z","age":12},"phone":"016974 25169","cell":"07413 334162","id":{"name":"NINO","value":"JM 83 25 20 J"},"picture":{"large":"https://randomuser.me/api/portraits/women/25.jpg","medium":"https://randomuser.me/api/portraits/med/women/25.jpg","thumbnail":"https://randomuser.me/api/portraits/thumb/women/25.jpg"},"nat":"GB"}],"info":{"seed":"d1a4c5a5b1002b6c","results":1,"page":1,"version":"1.4"}} 
 </msg>
<msg time="2024-08-03T03:16:29.736258" level="INFO">/opt/hostedtoolcache/Python/3.12.4/x64/lib/python3.12/site-packages/urllib3/connectionpool.py:1099: InsecureRequestWarning: Unverified HTTPS request is being made to host 'randomuser.me'. Adding certificate verification is strongly advised. See: https://urllib3.readthedocs.io/en/latest/advanced-usage.html#tls-warnings
  warnings.warn(</msg>
<msg time="2024-08-03T03:16:29.736349" level="INFO">${response} = &lt;Response [200]&gt;</msg>
<var>${response}</var>
<arg>consultarAPI</arg>
<arg>/api</arg>
<doc>Sends a GET request on a previously created HTTP Session.</doc>
<status status="PASS" start="2024-08-03T03:16:29.440756" elapsed="0.295618"/>
</kw>
<kw name="Set Variable" owner="BuiltIn">
<msg time="2024-08-03T03:16:29.737233" level="INFO">${json_data} = {'results': [{'gender': 'female', 'name': {'title': 'Ms', 'first': 'Amy', 'last': 'Armstrong'}, 'location': {'street': {'number': 7192, 'name': 'School Lane'}, 'city': 'Plymouth', 'state': 'County Lon...</msg>
<var>${json_data}</var>
<arg>${response.json()}</arg>
<doc>Returns the given values which can then be assigned to a variables.</doc>
<status status="PASS" start="2024-08-03T03:16:29.736767" elapsed="0.000494"/>
</kw>
<kw name="Log" owner="BuiltIn">
<msg time="2024-08-03T03:16:29.737750" level="INFO">{'results': [{'gender': 'female', 'name': {'title': 'Ms', 'first': 'Amy', 'last': 'Armstrong'}, 'location': {'street': {'number': 7192, 'name': 'School Lane'}, 'city': 'Plymouth', 'state': 'County Londonderry', 'country': 'United Kingdom', 'postcode': 'Y3 6SW', 'coordinates': {'latitude': '-12.6189', 'longitude': '81.5917'}, 'timezone': {'offset': '-4:00', 'description': 'Atlantic Time (Canada), Caracas, La Paz'}}, 'email': 'amy.armstrong@example.com', 'login': {'uuid': '10d4bba3-7386-4725-a811-5f4740892b3b', 'username': 'beautifulgoose956', 'password': 'babies', 'salt': 'oGyBiwQF', 'md5': '0731f53ec77a630206528d5ed0a49bb3', 'sha1': 'eba14a32f9d092aacfdc88d94777736bd66710b6', 'sha256': '94667b33e443e4e74fccadf0afc70df6b94058cec032921cf1383c2a811cb5e1'}, 'dob': {'date': '1960-05-19T04:20:01.973Z', 'age': 64}, 'registered': {'date': '2012-01-04T14:41:28.086Z', 'age': 12}, 'phone': '016974 25169', 'cell': '07413 334162', 'id': {'name': 'NINO', 'value': 'JM 83 25 20 J'}, 'picture': {'large': 'https://randomuser.me/api/portraits/women/25.jpg', 'medium': 'https://randomuser.me/api/portraits/med/women/25.jpg', 'thumbnail': 'https://randomuser.me/api/portraits/thumb/women/25.jpg'}, 'nat': 'GB'}], 'info': {'seed': 'd1a4c5a5b1002b6c', 'results': 1, 'page': 1, 'version': '1.4'}}</msg>
<arg>${json_data}</arg>
<doc>Logs the given message with the given level.</doc>
<status status="PASS" start="2024-08-03T03:16:29.737560" elapsed="0.000237"/>
</kw>
<kw name="Should Be String" owner="String">
<arg>${json_data['results'][0]['gender']}</arg>
<doc>Fails if the given ``item`` is not a string.</doc>
<status status="PASS" start="2024-08-03T03:16:29.738089" elapsed="0.000377"/>
</kw>
<kw name="Should Match Regexp" owner="BuiltIn">
<arg>${json_data['results'][0]['email']}</arg>
<arg>^[a-zA-Z0-9._%+-]+@[a-zA-Z0-9.-]+\.[a-zA-Z]{2,}$</arg>
<doc>Fails if ``string`` does not match ``pattern`` as a regular expression.</doc>
<status status="PASS" start="2024-08-03T03:16:29.738690" elapsed="0.000520"/>
</kw>
<kw name="Should Match Regexp" owner="BuiltIn">
<arg>${json_data['results'][0]['dob']['date']}</arg>
<arg>\\d{4}-\\d{2}-\\d{2}T\\d{2}:\\d{2}:\\d{2}\\.\\d{3}Z</arg>
<doc>Fails if ``string`` does not match ``pattern`` as a regular expression.</doc>
<status status="PASS" start="2024-08-03T03:16:29.739413" elapsed="0.000617"/>
</kw>
<kw name="Should Match Regexp" owner="BuiltIn">
<arg>${json_data['results'][0]['registered']['date']}</arg>
<arg>\\d{4}-\\d{2}-\\d{2}T\\d{2}:\\d{2}:\\d{2}\\.\\d{3}Z</arg>
<doc>Fails if ``string`` does not match ``pattern`` as a regular expression.</doc>
<status status="PASS" start="2024-08-03T03:16:29.740224" elapsed="0.000373"/>
</kw>
<kw name="Should Match Regexp" owner="BuiltIn">
<arg>${json_data['results'][0]['picture']['large']}</arg>
<arg>^https?://.*\.(?:png|jpe?g|gif|bmp)$</arg>
<doc>Fails if ``string`` does not match ``pattern`` as a regular expression.</doc>
<status status="PASS" start="2024-08-03T03:16:29.740781" elapsed="0.000458"/>
</kw>
<kw name="Should Match Regexp" owner="BuiltIn">
<arg>${json_data['results'][0]['picture']['medium']}</arg>
<arg>^https?://.*\.(?:png|jpe?g|gif|bmp)$</arg>
<doc>Fails if ``string`` does not match ``pattern`` as a regular expression.</doc>
<status status="PASS" start="2024-08-03T03:16:29.741426" elapsed="0.000388"/>
</kw>
<kw name="Should Match Regexp" owner="BuiltIn">
<arg>${json_data['results'][0]['picture']['thumbnail']}</arg>
<arg>^https?://.*\.(?:png|jpe?g|gif|bmp)$</arg>
<doc>Fails if ``string`` does not match ``pattern`` as a regular expression.</doc>
<status status="PASS" start="2024-08-03T03:16:29.741998" elapsed="0.000354"/>
</kw>
<kw name="Log" owner="BuiltIn">
<msg time="2024-08-03T03:16:29.742857" level="INFO">{'large': 'https://randomuser.me/api/portraits/women/25.jpg', 'medium': 'https://randomuser.me/api/portraits/med/women/25.jpg', 'thumbnail': 'https://randomuser.me/api/portraits/thumb/women/25.jpg'}</msg>
<arg>${json_data['results'][0]['picture']}</arg>
<doc>Logs the given message with the given level.</doc>
<status status="PASS" start="2024-08-03T03:16:29.742533" elapsed="0.000366"/>
</kw>
<status status="PASS" start="2024-08-03T03:16:29.440532" elapsed="0.302620"/>
</kw>
<kw name="Teste de Tipos de Dados - Postcode" owner="random-user-service">
<kw name="GET On Session" owner="RequestsLibrary">
<msg time="2024-08-03T03:16:29.910369" level="INFO">GET Request : url=https://randomuser.me/api 
 path_url=/api 
 headers={'User-Agent': 'python-requests/2.32.3', 'Accept-Encoding': 'gzip, deflate', 'Accept': '*/*', 'Connection': 'keep-alive'} 
 body=None 
 </msg>
<msg time="2024-08-03T03:16:29.910454" level="INFO">GET Response : url=https://randomuser.me/api 
 status=200, reason=OK 
 headers={'Date': 'Sat, 03 Aug 2024 03:16:29 GMT', 'Content-Type': 'application/json; charset=utf-8', 'Transfer-Encoding': 'chunked', 'Connection': 'keep-alive', 'X-Powered-By': 'Express', 'Access-Control-Allow-Origin': '*', 'Cache-Control': 'no-cache', 'ETag': 'W/"48f-7M513TtWCI7vAUKtkHPlHs93sLk"', 'Vary': 'Accept-Encoding', 'Content-Encoding': 'gzip', 'CF-Cache-Status': 'DYNAMIC', 'Report-To': '{"endpoints":[{"url":"https:\\/\\/a.nel.cloudflare.com\\/report\\/v4?s=xKITBGH5mqgKliOoGgT51YoX8A3CPQ1M5KLMaeBmwDIMDGDceRqux0ECs2vstsHsRMSBsYjEY3UciR9u0hxaKDtVFqQL3C37gl6VvCZPLIUSg9Bmt0BM7zXu3GcZw3xN"}],"group":"cf-nel","max_age":604800}', 'NEL': '{"success_fraction":0,"report_to":"cf-nel","max_age":604800}', 'Server': 'cloudflare', 'CF-RAY': '8ad32635ecfd0774-IAD', 'alt-svc': 'h3=":443"; ma=86400'} 
 body={"results":[{"gender":"female","name":{"title":"Mrs","first":"Carolyn","last":"Sims"},"location":{"street":{"number":1217,"name":"Tara Street"},"city":"Tullow","state":"Carlow","country":"Ireland","postcode":37998,"coordinates":{"latitude":"-1.8215","longitude":"109.0465"},"timezone":{"offset":"-4:00","description":"Atlantic Time (Canada), Caracas, La Paz"}},"email":"carolyn.sims@example.com","login":{"uuid":"3d841df0-46cd-4a77-84a5-00e1503973b6","username":"goldenbear148","password":"nathan1","salt":"yW1QEDrs","md5":"dbac131393348edb2590b9c2f7d2b133","sha1":"379c7d3f0235ae99485aa0a2e241498085f36a51","sha256":"8d8875c67a14bb1612dd7cd7dc681ab4bf67489a47e92cc126dd5e09a737cb56"},"dob":{"date":"1996-01-30T14:18:37.975Z","age":28},"registered":{"date":"2003-07-19T10:40:31.453Z","age":21},"phone":"011-254-2630","cell":"081-205-2744","id":{"name":"PPS","value":"7026404T"},"picture":{"large":"https://randomuser.me/api/portraits/women/32.jpg","medium":"https://randomuser.me/api/portraits/med/women/32.jpg","thumbnail":"https://randomuser.me/api/portraits/thumb/women/32.jpg"},"nat":"IE"}],"info":{"seed":"dafbe5ababfd5f80","results":1,"page":1,"version":"1.4"}} 
 </msg>
<msg time="2024-08-03T03:16:29.910526" level="INFO">/opt/hostedtoolcache/Python/3.12.4/x64/lib/python3.12/site-packages/urllib3/connectionpool.py:1099: InsecureRequestWarning: Unverified HTTPS request is being made to host 'randomuser.me'. Adding certificate verification is strongly advised. See: https://urllib3.readthedocs.io/en/latest/advanced-usage.html#tls-warnings
  warnings.warn(</msg>
<msg time="2024-08-03T03:16:29.910614" level="INFO">${response} = &lt;Response [200]&gt;</msg>
<var>${response}</var>
<arg>consultarAPI</arg>
<arg>/api</arg>
<doc>Sends a GET request on a previously created HTTP Session.</doc>
<status status="PASS" start="2024-08-03T03:16:29.743594" elapsed="0.167047"/>
</kw>
<kw name="Set Variable" owner="BuiltIn">
<msg time="2024-08-03T03:16:29.911456" level="INFO">${json_data} = {'results': [{'gender': 'female', 'name': {'title': 'Mrs', 'first': 'Carolyn', 'last': 'Sims'}, 'location': {'street': {'number': 1217, 'name': 'Tara Street'}, 'city': 'Tullow', 'state': 'Carlow', 'co...</msg>
<var>${json_data}</var>
<arg>${response.json()}</arg>
<doc>Returns the given values which can then be assigned to a variables.</doc>
<status status="PASS" start="2024-08-03T03:16:29.911020" elapsed="0.000465"/>
</kw>
<kw name="Log" owner="BuiltIn">
<msg time="2024-08-03T03:16:29.911948" level="INFO">{'results': [{'gender': 'female', 'name': {'title': 'Mrs', 'first': 'Carolyn', 'last': 'Sims'}, 'location': {'street': {'number': 1217, 'name': 'Tara Street'}, 'city': 'Tullow', 'state': 'Carlow', 'country': 'Ireland', 'postcode': 37998, 'coordinates': {'latitude': '-1.8215', 'longitude': '109.0465'}, 'timezone': {'offset': '-4:00', 'description': 'Atlantic Time (Canada), Caracas, La Paz'}}, 'email': 'carolyn.sims@example.com', 'login': {'uuid': '3d841df0-46cd-4a77-84a5-00e1503973b6', 'username': 'goldenbear148', 'password': 'nathan1', 'salt': 'yW1QEDrs', 'md5': 'dbac131393348edb2590b9c2f7d2b133', 'sha1': '379c7d3f0235ae99485aa0a2e241498085f36a51', 'sha256': '8d8875c67a14bb1612dd7cd7dc681ab4bf67489a47e92cc126dd5e09a737cb56'}, 'dob': {'date': '1996-01-30T14:18:37.975Z', 'age': 28}, 'registered': {'date': '2003-07-19T10:40:31.453Z', 'age': 21}, 'phone': '011-254-2630', 'cell': '081-205-2744', 'id': {'name': 'PPS', 'value': '7026404T'}, 'picture': {'large': 'https://randomuser.me/api/portraits/women/32.jpg', 'medium': 'https://randomuser.me/api/portraits/med/women/32.jpg', 'thumbnail': 'https://randomuser.me/api/portraits/thumb/women/32.jpg'}, 'nat': 'IE'}], 'info': {'seed': 'dafbe5ababfd5f80', 'results': 1, 'page': 1, 'version': '1.4'}}</msg>
<arg>${json_data}</arg>
<doc>Logs the given message with the given level.</doc>
<status status="PASS" start="2024-08-03T03:16:29.911788" elapsed="0.000208"/>
</kw>
<kw name="Should Be Equal As Numbers" owner="BuiltIn">
<arg>${json_data['results'][0]['location']['postcode']}</arg>
<arg>${json_data['results'][0]['location']['postcode']}</arg>
<doc>Fails if objects are unequal after converting them to real numbers.</doc>
<status status="PASS" start="2024-08-03T03:16:29.912288" elapsed="0.000624"/>
</kw>
<kw name="Log" owner="BuiltIn">
<msg time="2024-08-03T03:16:29.913476" level="INFO">37998</msg>
<arg>${json_data['results'][0]['location']['postcode']}</arg>
<doc>Logs the given message with the given level.</doc>
<status status="PASS" start="2024-08-03T03:16:29.913132" elapsed="0.000386"/>
</kw>
<status status="PASS" start="2024-08-03T03:16:29.743365" elapsed="0.170443"/>
</kw>
<doc>Testa se os tipos de dados na resposta da API estão corretos.</doc>
<tag>testeTiposDados</tag>
<status status="PASS" start="2024-08-03T03:16:29.440078" elapsed="0.473916"/>
</test>
<test id="s1-s1-t5" name="Validar conteudo" line="35">
<kw name="Teste de Tipos de Conteudo" owner="random-user-service">
<kw name="GET On Session" owner="RequestsLibrary">
<msg time="2024-08-03T03:16:30.025200" level="INFO">GET Request : url=https://randomuser.me/api 
 path_url=/api 
 headers={'User-Agent': 'python-requests/2.32.3', 'Accept-Encoding': 'gzip, deflate', 'Accept': '*/*', 'Connection': 'keep-alive'} 
 body=None 
 </msg>
<msg time="2024-08-03T03:16:30.025283" level="INFO">GET Response : url=https://randomuser.me/api 
 status=200, reason=OK 
 headers={'Date': 'Sat, 03 Aug 2024 03:16:30 GMT', 'Content-Type': 'application/json; charset=utf-8', 'Transfer-Encoding': 'chunked', 'Connection': 'keep-alive', 'X-Powered-By': 'Express', 'Access-Control-Allow-Origin': '*', 'Cache-Control': 'no-cache', 'ETag': 'W/"487-7baNeeXTzk6sO6cU6eS3SRVPtRA"', 'Vary': 'Accept-Encoding', 'Content-Encoding': 'gzip', 'CF-Cache-Status': 'DYNAMIC', 'Report-To': '{"endpoints":[{"url":"https:\\/\\/a.nel.cloudflare.com\\/report\\/v4?s=1XFSW%2BuoxMi89rynqWK8EGdqNcUsJx6uUMUSDFufXUQq9rtippr%2BfMog2uqfIvgVTCcNBhekyL%2B7I%2B4Dh1y65lY9lp57IqZVwinGxsH8Use2ABgcnWEROW5H13oRgm6l"}],"group":"cf-nel","max_age":604800}', 'NEL': '{"success_fraction":0,"report_to":"cf-nel","max_age":604800}', 'Server': 'cloudflare', 'CF-RAY': '8ad326370e040774-IAD', 'alt-svc': 'h3=":443"; ma=86400'} 
 body={"results":[{"gender":"female","name":{"title":"Miss","first":"Jeanne","last":"Ennis"},"location":{"street":{"number":1551,"name":"Brock Rd"},"city":"Lloydminster","state":"Nunavut","country":"Canada","postcode":"Y1U 5A8","coordinates":{"latitude":"-71.0309","longitude":"83.0912"},"timezone":{"offset":"-7:00","description":"Mountain Time (US &amp; Canada)"}},"email":"jeanne.ennis@example.com","login":{"uuid":"94132389-7f0c-486f-a41e-f20f66294158","username":"tinyzebra217","password":"bass","salt":"8cXIx9Ot","md5":"df72e65db5657930b85cf6fe62e9d7d8","sha1":"3f9da92fdca4400b22be8613fbe30b053691e9a2","sha256":"638eb0a4c637bba1b0905d3d2b055a85146463b50530aa21003e975be8c60f73"},"dob":{"date":"1945-07-17T09:34:16.892Z","age":79},"registered":{"date":"2021-09-28T05:32:32.649Z","age":2},"phone":"L15 H03-5473","cell":"N34 O00-5682","id":{"name":"SIN","value":"154022628"},"picture":{"large":"https://randomuser.me/api/portraits/women/40.jpg","medium":"https://randomuser.me/api/portraits/med/women/40.jpg","thumbnail":"https://randomuser.me/api/portraits/thumb/women/40.jpg"},"nat":"CA"}],"info":{"seed":"a069796145421bd4","results":1,"page":1,"version":"1.4"}} 
 </msg>
<msg time="2024-08-03T03:16:30.025359" level="INFO">/opt/hostedtoolcache/Python/3.12.4/x64/lib/python3.12/site-packages/urllib3/connectionpool.py:1099: InsecureRequestWarning: Unverified HTTPS request is being made to host 'randomuser.me'. Adding certificate verification is strongly advised. See: https://urllib3.readthedocs.io/en/latest/advanced-usage.html#tls-warnings
  warnings.warn(</msg>
<msg time="2024-08-03T03:16:30.025472" level="INFO">${response} = &lt;Response [200]&gt;</msg>
<var>${response}</var>
<arg>consultarAPI</arg>
<arg>/api</arg>
<doc>Sends a GET request on a previously created HTTP Session.</doc>
<status status="PASS" start="2024-08-03T03:16:29.916450" elapsed="0.109062"/>
</kw>
<kw name="Set Variable" owner="BuiltIn">
<msg time="2024-08-03T03:16:30.026363" level="INFO">${json_data} = {'results': [{'gender': 'female', 'name': {'title': 'Miss', 'first': 'Jeanne', 'last': 'Ennis'}, 'location': {'street': {'number': 1551, 'name': 'Brock Rd'}, 'city': 'Lloydminster', 'state': 'Nunavut'...</msg>
<var>${json_data}</var>
<arg>${response.json()}</arg>
<doc>Returns the given values which can then be assigned to a variables.</doc>
<status status="PASS" start="2024-08-03T03:16:30.025921" elapsed="0.000471"/>
</kw>
<kw name="Set Variable" owner="BuiltIn">
<msg time="2024-08-03T03:16:30.027080" level="INFO">${name_title} = Miss</msg>
<var>${name_title}</var>
<arg>${json_data["results"][0]["name"]["title"]}</arg>
<doc>Returns the given values which can then be assigned to a variables.</doc>
<status status="PASS" start="2024-08-03T03:16:30.026695" elapsed="0.000410"/>
</kw>
<kw name="Create List" owner="BuiltIn">
<msg time="2024-08-03T03:16:30.027545" level="INFO">${allowed_titles} = ['Mr', 'Ms', 'Miss', 'Mrs', 'Madame', 'Monsieur']</msg>
<var>${allowed_titles}</var>
<arg>Mr</arg>
<arg>Ms</arg>
<arg>Miss</arg>
<arg>Mrs</arg>
<arg>Madame</arg>
<arg>Monsieur</arg>
<doc>Returns a list containing given items.</doc>
<status status="PASS" start="2024-08-03T03:16:30.027396" elapsed="0.000175"/>
</kw>
<kw name="List Should Contain Value" owner="Collections">
<arg>${allowed_titles}</arg>
<arg>${name_title}</arg>
<doc>Fails if the ``value`` is not found from ``list``.</doc>
<status status="PASS" start="2024-08-03T03:16:30.027869" elapsed="0.000179"/>
</kw>
<kw name="Set Variable" owner="BuiltIn">
<msg time="2024-08-03T03:16:30.028601" level="INFO">${name_country} = CA</msg>
<var>${name_country}</var>
<arg>${json_data["results"][0]["nat"]}</arg>
<doc>Returns the given values which can then be assigned to a variables.</doc>
<status status="PASS" start="2024-08-03T03:16:30.028229" elapsed="0.000397"/>
</kw>
<kw name="Create List" owner="BuiltIn">
<msg time="2024-08-03T03:16:30.029525" level="INFO">${list_country} = ['AD', 'AE', 'AF', 'AG', 'AI', 'AL', 'AM', 'AO', 'AQ', 'AR', 'AS', 'AT', 'AU', 'AW', 'AX', 'AZ', 'BA', 'BB', 'BD', 'BE', 'BF', 'BG', 'BH', 'BI', 'BJ', 'BL', 'BM', 'BN', 'BO', 'BQ', 'BR', 'BS', 'BT', '...</msg>
<var>${list_country}</var>
<arg>AD</arg>
<arg>AE</arg>
<arg>AF</arg>
<arg>AG</arg>
<arg>AI</arg>
<arg>AL</arg>
<arg>AM</arg>
<arg>AO</arg>
<arg>AQ</arg>
<arg>AR</arg>
<arg>AS</arg>
<arg>AT</arg>
<arg>AU</arg>
<arg>AW</arg>
<arg>AX</arg>
<arg>AZ</arg>
<arg>BA</arg>
<arg>BB</arg>
<arg>BD</arg>
<arg>BE</arg>
<arg>BF</arg>
<arg>BG</arg>
<arg>BH</arg>
<arg>BI</arg>
<arg>BJ</arg>
<arg>BL</arg>
<arg>BM</arg>
<arg>BN</arg>
<arg>BO</arg>
<arg>BQ</arg>
<arg>BR</arg>
<arg>BS</arg>
<arg>BT</arg>
<arg>BV</arg>
<arg>BW</arg>
<arg>BY</arg>
<arg>BZ</arg>
<arg>CA</arg>
<arg>CC</arg>
<arg>CD</arg>
<arg>CF</arg>
<arg>CG</arg>
<arg>CH</arg>
<arg>CI</arg>
<arg>CK</arg>
<arg>CL</arg>
<arg>CM</arg>
<arg>CN</arg>
<arg>CO</arg>
<arg>CR</arg>
<arg>CU</arg>
<arg>CV</arg>
<arg>CW</arg>
<arg>CX</arg>
<arg>CY</arg>
<arg>CZ</arg>
<arg>DE</arg>
<arg>DJ</arg>
<arg>DK</arg>
<arg>DM</arg>
<arg>DO</arg>
<arg>DZ</arg>
<arg>EC</arg>
<arg>EE</arg>
<arg>EG</arg>
<arg>EH</arg>
<arg>ER</arg>
<arg>ES</arg>
<arg>ET</arg>
<arg>FI</arg>
<arg>FJ</arg>
<arg>FK</arg>
<arg>FM</arg>
<arg>FO</arg>
<arg>FR</arg>
<arg>GA</arg>
<arg>GB</arg>
<arg>GD</arg>
<arg>GE</arg>
<arg>GF</arg>
<arg>GG</arg>
<arg>GH</arg>
<arg>GI</arg>
<arg>GL</arg>
<arg>GM</arg>
<arg>GN</arg>
<arg>GP</arg>
<arg>GQ</arg>
<arg>GR</arg>
<arg>GS</arg>
<arg>GT</arg>
<arg>GU</arg>
<arg>GW</arg>
<arg>GY</arg>
<arg>HK</arg>
<arg>HM</arg>
<arg>HN</arg>
<arg>HR</arg>
<arg>HT</arg>
<arg>HU</arg>
<arg>ID</arg>
<arg>IE</arg>
<arg>IL</arg>
<arg>IM</arg>
<arg>IN</arg>
<arg>IO</arg>
<arg>IQ</arg>
<arg>IR</arg>
<arg>IS</arg>
<arg>IT</arg>
<arg>JE</arg>
<arg>JM</arg>
<arg>JO</arg>
<arg>JP</arg>
<arg>KE</arg>
<arg>KG</arg>
<arg>KH</arg>
<arg>KI</arg>
<arg>KM</arg>
<arg>KN</arg>
<arg>KP</arg>
<arg>KR</arg>
<arg>KW</arg>
<arg>KY</arg>
<arg>KZ</arg>
<arg>LA</arg>
<arg>LB</arg>
<arg>LC</arg>
<arg>LI</arg>
<arg>LK</arg>
<arg>LR</arg>
<arg>LS</arg>
<arg>LT</arg>
<arg>LU</arg>
<arg>LV</arg>
<arg>LY</arg>
<arg>MA</arg>
<arg>MC</arg>
<arg>MD</arg>
<arg>ME</arg>
<arg>MF</arg>
<arg>MG</arg>
<arg>MH</arg>
<arg>MK</arg>
<arg>ML</arg>
<arg>MM</arg>
<arg>MN</arg>
<arg>MO</arg>
<arg>MP</arg>
<arg>MQ</arg>
<arg>MR</arg>
<arg>MS</arg>
<arg>MT</arg>
<arg>MU</arg>
<arg>MV</arg>
<arg>MW</arg>
<arg>MX</arg>
<arg>MY</arg>
<arg>MZ</arg>
<arg>NA</arg>
<arg>NC</arg>
<arg>NE</arg>
<arg>NF</arg>
<arg>NG</arg>
<arg>NI</arg>
<arg>NL</arg>
<arg>NO</arg>
<arg>NP</arg>
<arg>NR</arg>
<arg>NU</arg>
<arg>NZ</arg>
<arg>OM</arg>
<arg>PA</arg>
<arg>PE</arg>
<arg>PF</arg>
<arg>PG</arg>
<arg>PH</arg>
<arg>PK</arg>
<arg>PL</arg>
<arg>PM</arg>
<arg>PN</arg>
<arg>PR</arg>
<arg>PS</arg>
<arg>PT</arg>
<arg>PW</arg>
<arg>PY</arg>
<arg>QA</arg>
<arg>RE</arg>
<arg>RO</arg>
<arg>RS</arg>
<arg>RU</arg>
<arg>RW</arg>
<arg>SA</arg>
<arg>SB</arg>
<arg>SC</arg>
<arg>SD</arg>
<arg>SE</arg>
<arg>SG</arg>
<arg>SH</arg>
<arg>SI</arg>
<arg>SJ</arg>
<arg>SK</arg>
<arg>SL</arg>
<arg>SM</arg>
<arg>SN</arg>
<arg>SO</arg>
<arg>SR</arg>
<arg>SS</arg>
<arg>ST</arg>
<arg>SV</arg>
<arg>SX</arg>
<arg>SY</arg>
<arg>SZ</arg>
<arg>TC</arg>
<arg>TD</arg>
<arg>TF</arg>
<arg>TG</arg>
<arg>TH</arg>
<arg>TJ</arg>
<arg>TK</arg>
<arg>TL</arg>
<arg>TM</arg>
<arg>TN</arg>
<arg>TO</arg>
<arg>TR</arg>
<arg>TT</arg>
<arg>TV</arg>
<arg>TW</arg>
<arg>TZ</arg>
<arg>UA</arg>
<arg>UG</arg>
<arg>UM</arg>
<arg>US</arg>
<arg>UY</arg>
<arg>UZ</arg>
<arg>VA</arg>
<arg>VC</arg>
<arg>VE</arg>
<arg>VG</arg>
<arg>VI</arg>
<arg>VN</arg>
<arg>VU</arg>
<arg>WF</arg>
<arg>WS</arg>
<arg>XK</arg>
<arg>YE</arg>
<arg>YT</arg>
<arg>ZA</arg>
<arg>ZM</arg>
<arg>ZW</arg>
<doc>Returns a list containing given items.</doc>
<status status="PASS" start="2024-08-03T03:16:30.028916" elapsed="0.000635"/>
</kw>
<kw name="List Should Contain Value" owner="Collections">
<arg>${list_country}</arg>
<arg>${name_country}</arg>
<doc>Fails if the ``value`` is not found from ``list``.</doc>
<status status="PASS" start="2024-08-03T03:16:30.030521" elapsed="0.000211"/>
</kw>
<kw name="Run Keyword If" owner="BuiltIn">
<kw name="Should Be True" owner="BuiltIn">
<arg>${True}</arg>
<doc>Fails if the given condition is not true.</doc>
<status status="PASS" start="2024-08-03T03:16:30.031685" elapsed="0.000146"/>
</kw>
<arg>${json_data["results"][0]["location"]["coordinates"]["latitude"]} &gt;= -90 and ${json_data["results"][0]["location"]["coordinates"]["latitude"]} &lt;= 90</arg>
<arg>Should Be True</arg>
<arg>${True}</arg>
<doc>Runs the given keyword with the given arguments, if ``condition`` is true.</doc>
<status status="PASS" start="2024-08-03T03:16:30.030932" elapsed="0.001025"/>
</kw>
<kw name="Run Keyword If" owner="BuiltIn">
<kw name="Should Be True" owner="BuiltIn">
<arg>${True}</arg>
<doc>Fails if the given condition is not true.</doc>
<status status="PASS" start="2024-08-03T03:16:30.032868" elapsed="0.000142"/>
</kw>
<arg>${json_data["results"][0]["location"]["coordinates"]["longitude"]} &gt;= -180 and ${json_data["results"][0]["location"]["coordinates"]["longitude"]} &lt;= 180</arg>
<arg>Should Be True</arg>
<arg>${True}</arg>
<doc>Runs the given keyword with the given arguments, if ``condition`` is true.</doc>
<status status="PASS" start="2024-08-03T03:16:30.032139" elapsed="0.000995"/>
</kw>
<status status="PASS" start="2024-08-03T03:16:29.916231" elapsed="0.117030"/>
</kw>
<doc>Testa o conteúdo específico dos campos retornados pela API.</doc>
<tag>testeConteudo</tag>
<status status="PASS" start="2024-08-03T03:16:29.915752" elapsed="0.117651"/>
</test>
<status status="PASS" start="2024-08-03T03:16:26.071236" elapsed="3.964213"/>
</suite>
<status status="PASS" start="2024-08-03T03:16:26.056884" elapsed="3.983548"/>
</suite>
<statistics>
<total>
<stat pass="5" fail="0" skip="0">All Tests</stat>
</total>
<tag>
<stat pass="1" fail="0" skip="0">testeConteudo</stat>
<stat pass="1" fail="0" skip="0">testeEstruturaResposta</stat>
<stat pass="1" fail="0" skip="0">testeRequisicaoBasica</stat>
<stat pass="1" fail="0" skip="0">testeTiposDados</stat>
</tag>
<suite>
<stat pass="5" fail="0" skip="0" id="s1" name="Tests">Tests</stat>
<stat pass="5" fail="0" skip="0" id="s1-s1" name="Random-User-Test">Tests.Random-User-Test</stat>
</suite>
</statistics>
<errors>
</errors>
</robot>
