<?xml version="1.0" encoding="UTF-8"?>
<robot generator="Robot 7.0.1 (Python 3.12.4 on linux)" generated="2024-07-06T22:14:22.367338" rpa="false" schemaversion="5">
<suite id="s1" name="Tests" source="/home/runner/work/ApiRandomUser/ApiRandomUser/RamdonUser/tests">
<suite id="s1-s1" name="Random-User-Test" source="/home/runner/work/ApiRandomUser/ApiRandomUser/RamdonUser/tests/random-user-test.robot">
<test id="s1-s1-t1" name="Conectar" line="13">
<kw name="Conectar API" owner="random-user-service">
<kw name="Create Session" owner="RequestsLibrary">
<msg time="2024-07-06T22:14:22.758064" level="INFO">Creating Session using : alias=consultarAPI, url=https://randomuser.me/, headers={},                     cookies={}, auth=None, timeout=None, proxies=None, verify=False,                     debug=0 </msg>
<arg>consultarAPI</arg>
<arg>${URL}</arg>
<doc>Create Session: create a HTTP session to a server</doc>
<status status="PASS" start="2024-07-06T22:14:22.757868" elapsed="0.000359"/>
</kw>
<status status="PASS" start="2024-07-06T22:14:22.756973" elapsed="0.001619"/>
</kw>
<status status="PASS" start="2024-07-06T22:14:22.756387" elapsed="0.002397"/>
</test>
<test id="s1-s1-t2" name="Validar retorno 200 e JSON Válido" line="16">
<kw name="Teste de Requisicao Basica" owner="random-user-service">
<kw name="GET On Session" owner="RequestsLibrary">
<msg time="2024-07-06T22:14:22.929677" level="INFO">GET Request : url=https://randomuser.me/api 
 path_url=/api 
 headers={'User-Agent': 'python-requests/2.32.3', 'Accept-Encoding': 'gzip, deflate', 'Accept': '*/*', 'Connection': 'keep-alive'} 
 body=None 
 </msg>
<msg time="2024-07-06T22:14:22.929778" level="INFO">GET Response : url=https://randomuser.me/api 
 status=200, reason=OK 
 headers={'Date': 'Sat, 06 Jul 2024 22:14:22 GMT', 'Content-Type': 'application/json; charset=utf-8', 'Transfer-Encoding': 'chunked', 'Connection': 'keep-alive', 'X-Powered-By': 'Express', 'Access-Control-Allow-Origin': '*', 'Cache-Control': 'no-cache', 'ETag': 'W/"48c-jVnv0amD09HhG2YKWjI5J93L1FE"', 'Vary': 'Accept-Encoding', 'Content-Encoding': 'gzip', 'CF-Cache-Status': 'DYNAMIC', 'Report-To': '{"endpoints":[{"url":"https:\\/\\/a.nel.cloudflare.com\\/report\\/v4?s=auCgYHXsEMZB%2FkONzXQ4Sxr0bXJKBeh5VEpcIDqnOUAOaH%2Fg3KuioEkqYyZnVcj2TiZu7qTGfhqmRlPtkiHph%2Fzphfi0qx8kTbyM2NVaFSEI4YHUF5%2Bf5GwNKko%2FjLbz"}],"group":"cf-nel","max_age":604800}', 'NEL': '{"success_fraction":0,"report_to":"cf-nel","max_age":604800}', 'Server': 'cloudflare', 'CF-RAY': '89f2f288cdf8e137-ORD', 'alt-svc': 'h3=":443"; ma=86400'} 
 body={"results":[{"gender":"female","name":{"title":"Ms","first":"Dörthe","last":"Demmer"},"location":{"street":{"number":4042,"name":"Mühlenstraße"},"city":"Kirchenlamitz","state":"Bremen","country":"Germany","postcode":50033,"coordinates":{"latitude":"-49.2456","longitude":"10.0628"},"timezone":{"offset":"-11:00","description":"Midway Island, Samoa"}},"email":"dorthe.demmer@example.com","login":{"uuid":"32f06b74-7b1a-4e0f-849b-27c36c0af916","username":"saddog509","password":"mason1","salt":"RfO5b8Ys","md5":"b5b59c43a73446542f3034b6f9dc2663","sha1":"47099a1d707d20dea669b5b62180cf678db6d042","sha256":"b2385cccd97f31f1436b4a58893ebd0a4d73116a6e8bfb4e7b6703e047752c2d"},"dob":{"date":"1990-03-31T18:26:41.910Z","age":34},"registered":{"date":"2007-03-17T00:05:17.597Z","age":17},"phone":"0806-9514540","cell":"0176-8645161","id":{"name":"SVNR","value":"54 310390 D 726"},"picture":{"large":"https://randomuser.me/api/portraits/women/41.jpg","medium":"https://randomuser.me/api/portraits/med/women/41.jpg","thumbnail":"https://randomuser.me/api/portraits/thumb/women/41.jpg"},"nat":"DE"}],"info":{"seed":"52ffe74cf53f6547","results":1,"page":1,"version":"1.4"}} 
 </msg>
<msg time="2024-07-06T22:14:22.929849" level="INFO">/opt/hostedtoolcache/Python/3.12.4/x64/lib/python3.12/site-packages/urllib3/connectionpool.py:1099: InsecureRequestWarning: Unverified HTTPS request is being made to host 'randomuser.me'. Adding certificate verification is strongly advised. See: https://urllib3.readthedocs.io/en/latest/advanced-usage.html#tls-warnings
  warnings.warn(</msg>
<msg time="2024-07-06T22:14:22.929950" level="INFO">${response} = &lt;Response [200]&gt;</msg>
<var>${response}</var>
<arg>consultarAPI</arg>
<arg>/api</arg>
<doc>Sends a GET request on a previously created HTTP Session.</doc>
<status status="PASS" start="2024-07-06T22:14:22.761477" elapsed="0.168514"/>
</kw>
<kw name="Should Be Equal As Numbers" owner="BuiltIn">
<msg time="2024-07-06T22:14:22.930833" level="INFO">Argument types are:
&lt;class 'int'&gt;
&lt;class 'str'&gt;</msg>
<arg>${response.status_code}</arg>
<arg>200</arg>
<doc>Fails if objects are unequal after converting them to real numbers.</doc>
<status status="PASS" start="2024-07-06T22:14:22.930390" elapsed="0.000506"/>
</kw>
<kw name="Log" owner="BuiltIn">
<msg time="2024-07-06T22:14:22.931582" level="INFO">200</msg>
<arg>${response.status_code}</arg>
<doc>Logs the given message with the given level.</doc>
<status status="PASS" start="2024-07-06T22:14:22.931212" elapsed="0.000427"/>
</kw>
<kw name="Set Variable" owner="BuiltIn">
<msg time="2024-07-06T22:14:22.932386" level="INFO">${json_data} = {'results': [{'gender': 'female', 'name': {'title': 'Ms', 'first': 'Dörthe', 'last': 'Demmer'}, 'location': {'street': {'number': 4042, 'name': 'Mühlenstraße'}, 'city': 'Kirchenlamitz', 'state': 'Brem...</msg>
<var>${json_data}</var>
<arg>${response.json()}</arg>
<doc>Returns the given values which can then be assigned to a variables.</doc>
<status status="PASS" start="2024-07-06T22:14:22.931947" elapsed="0.000468"/>
</kw>
<kw name="Dictionary Should Contain Key" owner="Collections">
<arg>${json_data}</arg>
<arg>results</arg>
<doc>Fails if ``key`` is not found from ``dictionary``.</doc>
<status status="PASS" start="2024-07-06T22:14:22.932711" elapsed="0.000162"/>
</kw>
<status status="PASS" start="2024-07-06T22:14:22.761226" elapsed="0.171798"/>
</kw>
<doc>Testa se a API responde corretamente e retorna um objeto JSON válido.</doc>
<tag>testeRequisicaoBasica</tag>
<status status="PASS" start="2024-07-06T22:14:22.760695" elapsed="0.172488"/>
</test>
<test id="s1-s1-t3" name="Validar estrutura de resposta" line="22">
<kw name="Teste de Estrutura de Resposta" owner="random-user-service">
<kw name="GET On Session" owner="RequestsLibrary">
<msg time="2024-07-06T22:14:23.012211" level="INFO">GET Request : url=https://randomuser.me/api 
 path_url=/api 
 headers={'User-Agent': 'python-requests/2.32.3', 'Accept-Encoding': 'gzip, deflate', 'Accept': '*/*', 'Connection': 'keep-alive'} 
 body=None 
 </msg>
<msg time="2024-07-06T22:14:23.012299" level="INFO">GET Response : url=https://randomuser.me/api 
 status=200, reason=OK 
 headers={'Date': 'Sat, 06 Jul 2024 22:14:22 GMT', 'Content-Type': 'application/json; charset=utf-8', 'Transfer-Encoding': 'chunked', 'Connection': 'keep-alive', 'X-Powered-By': 'Express', 'Access-Control-Allow-Origin': '*', 'Cache-Control': 'no-cache', 'ETag': 'W/"4ab-Tzlf/le7vnJx2YcRZjLixsaBlZs"', 'Vary': 'Accept-Encoding', 'Content-Encoding': 'gzip', 'CF-Cache-Status': 'DYNAMIC', 'Report-To': '{"endpoints":[{"url":"https:\\/\\/a.nel.cloudflare.com\\/report\\/v4?s=g%2FDbAkAvEjQ0kRvITj3daWu1Dvckru55LMqwgNasSFTcaK8HsxL0l6fphDJMJN5rq0WLHdMphYB%2Fer5TpUWrbgHpBwMoYovOr8yCVpPCEJ%2FdXeycPfOCo5BxT34JvYNu"}],"group":"cf-nel","max_age":604800}', 'NEL': '{"success_fraction":0,"report_to":"cf-nel","max_age":604800}', 'Server': 'cloudflare', 'CF-RAY': '89f2f2895e9ce137-ORD', 'alt-svc': 'h3=":443"; ma=86400'} 
 body={"results":[{"gender":"male","name":{"title":"Mr","first":"Primitivo","last":"Dias"},"location":{"street":{"number":1482,"name":"Rua Espirito Santo "},"city":"Foz do Iguaçu","state":"Minas Gerais","country":"Brazil","postcode":86404,"coordinates":{"latitude":"-73.0764","longitude":"-25.1151"},"timezone":{"offset":"-6:00","description":"Central Time (US &amp; Canada), Mexico City"}},"email":"primitivo.dias@example.com","login":{"uuid":"c632557d-a4c9-4db9-890b-d609887aee51","username":"angrypeacock844","password":"mature","salt":"OrVL2UKG","md5":"6e461d20d2b285e4468dbb3bd4404345","sha1":"b785ef43ee8934e0d89512c20eca25fc896bfe2c","sha256":"b8a7f20e007f7df5ee77a701ad1e22dd05f28329a3a55b3a492d463a39676ea3"},"dob":{"date":"1967-05-20T22:45:12.127Z","age":57},"registered":{"date":"2003-04-24T04:26:17.359Z","age":21},"phone":"(55) 4698-3094","cell":"(52) 6863-9459","id":{"name":"CPF","value":"052.608.384-26"},"picture":{"large":"https://randomuser.me/api/portraits/men/58.jpg","medium":"https://randomuser.me/api/portraits/med/men/58.jpg","thumbnail":"https://randomuser.me/api/portraits/thumb/men/58.jpg"},"nat":"BR"}],"info":{"seed":"19cf2562ba24c12d","results":1,"page":1,"version":"1.4"}} 
 </msg>
<msg time="2024-07-06T22:14:23.012429" level="INFO">/opt/hostedtoolcache/Python/3.12.4/x64/lib/python3.12/site-packages/urllib3/connectionpool.py:1099: InsecureRequestWarning: Unverified HTTPS request is being made to host 'randomuser.me'. Adding certificate verification is strongly advised. See: https://urllib3.readthedocs.io/en/latest/advanced-usage.html#tls-warnings
  warnings.warn(</msg>
<msg time="2024-07-06T22:14:23.012555" level="INFO">${response} = &lt;Response [200]&gt;</msg>
<var>${response}</var>
<arg>consultarAPI</arg>
<arg>/api</arg>
<doc>Sends a GET request on a previously created HTTP Session.</doc>
<status status="PASS" start="2024-07-06T22:14:22.935713" elapsed="0.076895"/>
</kw>
<kw name="Set Variable" owner="BuiltIn">
<msg time="2024-07-06T22:14:23.013540" level="INFO">${json_data} = {'results': [{'gender': 'male', 'name': {'title': 'Mr', 'first': 'Primitivo', 'last': 'Dias'}, 'location': {'street': {'number': 1482, 'name': 'Rua Espirito Santo '}, 'city': 'Foz do Iguaçu', 'state':...</msg>
<var>${json_data}</var>
<arg>${response.json()}</arg>
<doc>Returns the given values which can then be assigned to a variables.</doc>
<status status="PASS" start="2024-07-06T22:14:23.013096" elapsed="0.000473"/>
</kw>
<kw name="Log" owner="BuiltIn">
<msg time="2024-07-06T22:14:23.014029" level="INFO">{'results': [{'gender': 'male', 'name': {'title': 'Mr', 'first': 'Primitivo', 'last': 'Dias'}, 'location': {'street': {'number': 1482, 'name': 'Rua Espirito Santo '}, 'city': 'Foz do Iguaçu', 'state': 'Minas Gerais', 'country': 'Brazil', 'postcode': 86404, 'coordinates': {'latitude': '-73.0764', 'longitude': '-25.1151'}, 'timezone': {'offset': '-6:00', 'description': 'Central Time (US &amp; Canada), Mexico City'}}, 'email': 'primitivo.dias@example.com', 'login': {'uuid': 'c632557d-a4c9-4db9-890b-d609887aee51', 'username': 'angrypeacock844', 'password': 'mature', 'salt': 'OrVL2UKG', 'md5': '6e461d20d2b285e4468dbb3bd4404345', 'sha1': 'b785ef43ee8934e0d89512c20eca25fc896bfe2c', 'sha256': 'b8a7f20e007f7df5ee77a701ad1e22dd05f28329a3a55b3a492d463a39676ea3'}, 'dob': {'date': '1967-05-20T22:45:12.127Z', 'age': 57}, 'registered': {'date': '2003-04-24T04:26:17.359Z', 'age': 21}, 'phone': '(55) 4698-3094', 'cell': '(52) 6863-9459', 'id': {'name': 'CPF', 'value': '052.608.384-26'}, 'picture': {'large': 'https://randomuser.me/api/portraits/men/58.jpg', 'medium': 'https://randomuser.me/api/portraits/med/men/58.jpg', 'thumbnail': 'https://randomuser.me/api/portraits/thumb/men/58.jpg'}, 'nat': 'BR'}], 'info': {'seed': '19cf2562ba24c12d', 'results': 1, 'page': 1, 'version': '1.4'}}</msg>
<arg>${json_data}</arg>
<doc>Logs the given message with the given level.</doc>
<status status="PASS" start="2024-07-06T22:14:23.013872" elapsed="0.000209"/>
</kw>
<kw name="Dictionary Should Contain Key" owner="Collections">
<arg>${json_data}</arg>
<arg>results</arg>
<doc>Fails if ``key`` is not found from ``dictionary``.</doc>
<status status="PASS" start="2024-07-06T22:14:23.014370" elapsed="0.000183"/>
</kw>
<kw name="Should Not Be Empty" owner="BuiltIn">
<msg time="2024-07-06T22:14:23.014871" level="INFO">Length is 2.</msg>
<arg>${json_data}</arg>
<doc>Verifies that the given item is not empty.</doc>
<status status="PASS" start="2024-07-06T22:14:23.014741" elapsed="0.000167"/>
</kw>
<kw name="Create List" owner="BuiltIn">
<msg time="2024-07-06T22:14:23.015356" level="INFO">${expected_keys} = ['gender', 'name', 'location', 'email', 'login']</msg>
<var>${expected_keys}</var>
<arg>gender</arg>
<arg>name</arg>
<arg>location</arg>
<arg>email</arg>
<arg>login</arg>
<doc>Returns a list containing given items.</doc>
<status status="PASS" start="2024-07-06T22:14:23.015205" elapsed="0.000175"/>
</kw>
<for flavor="IN">
<iter>
<kw name="Dictionary Should Contain Key" owner="Collections">
<arg>${json_data['results'][0]}</arg>
<arg>${key}</arg>
<doc>Fails if ``key`` is not found from ``dictionary``.</doc>
<status status="PASS" start="2024-07-06T22:14:23.016061" elapsed="0.000395"/>
</kw>
<kw name="Log" owner="BuiltIn">
<msg time="2024-07-06T22:14:23.017006" level="INFO">{'gender': 'male', 'name': {'title': 'Mr', 'first': 'Primitivo', 'last': 'Dias'}, 'location': {'street': {'number': 1482, 'name': 'Rua Espirito Santo '}, 'city': 'Foz do Iguaçu', 'state': 'Minas Gerais', 'country': 'Brazil', 'postcode': 86404, 'coordinates': {'latitude': '-73.0764', 'longitude': '-25.1151'}, 'timezone': {'offset': '-6:00', 'description': 'Central Time (US &amp; Canada), Mexico City'}}, 'email': 'primitivo.dias@example.com', 'login': {'uuid': 'c632557d-a4c9-4db9-890b-d609887aee51', 'username': 'angrypeacock844', 'password': 'mature', 'salt': 'OrVL2UKG', 'md5': '6e461d20d2b285e4468dbb3bd4404345', 'sha1': 'b785ef43ee8934e0d89512c20eca25fc896bfe2c', 'sha256': 'b8a7f20e007f7df5ee77a701ad1e22dd05f28329a3a55b3a492d463a39676ea3'}, 'dob': {'date': '1967-05-20T22:45:12.127Z', 'age': 57}, 'registered': {'date': '2003-04-24T04:26:17.359Z', 'age': 21}, 'phone': '(55) 4698-3094', 'cell': '(52) 6863-9459', 'id': {'name': 'CPF', 'value': '052.608.384-26'}, 'picture': {'large': 'https://randomuser.me/api/portraits/men/58.jpg', 'medium': 'https://randomuser.me/api/portraits/med/men/58.jpg', 'thumbnail': 'https://randomuser.me/api/portraits/thumb/men/58.jpg'}, 'nat': 'BR'}</msg>
<arg>${json_data['results'][0]}</arg>
<doc>Logs the given message with the given level.</doc>
<status status="PASS" start="2024-07-06T22:14:23.016647" elapsed="0.000411"/>
</kw>
<kw name="Log" owner="BuiltIn">
<msg time="2024-07-06T22:14:23.017483" level="INFO">gender</msg>
<arg>${key}</arg>
<doc>Logs the given message with the given level.</doc>
<status status="PASS" start="2024-07-06T22:14:23.017354" elapsed="0.000166"/>
</kw>
<var name="${key}">gender</var>
<status status="PASS" start="2024-07-06T22:14:23.015940" elapsed="0.001795"/>
</iter>
<iter>
<kw name="Dictionary Should Contain Key" owner="Collections">
<arg>${json_data['results'][0]}</arg>
<arg>${key}</arg>
<doc>Fails if ``key`` is not found from ``dictionary``.</doc>
<status status="PASS" start="2024-07-06T22:14:23.018033" elapsed="0.000392"/>
</kw>
<kw name="Log" owner="BuiltIn">
<msg time="2024-07-06T22:14:23.019034" level="INFO">{'gender': 'male', 'name': {'title': 'Mr', 'first': 'Primitivo', 'last': 'Dias'}, 'location': {'street': {'number': 1482, 'name': 'Rua Espirito Santo '}, 'city': 'Foz do Iguaçu', 'state': 'Minas Gerais', 'country': 'Brazil', 'postcode': 86404, 'coordinates': {'latitude': '-73.0764', 'longitude': '-25.1151'}, 'timezone': {'offset': '-6:00', 'description': 'Central Time (US &amp; Canada), Mexico City'}}, 'email': 'primitivo.dias@example.com', 'login': {'uuid': 'c632557d-a4c9-4db9-890b-d609887aee51', 'username': 'angrypeacock844', 'password': 'mature', 'salt': 'OrVL2UKG', 'md5': '6e461d20d2b285e4468dbb3bd4404345', 'sha1': 'b785ef43ee8934e0d89512c20eca25fc896bfe2c', 'sha256': 'b8a7f20e007f7df5ee77a701ad1e22dd05f28329a3a55b3a492d463a39676ea3'}, 'dob': {'date': '1967-05-20T22:45:12.127Z', 'age': 57}, 'registered': {'date': '2003-04-24T04:26:17.359Z', 'age': 21}, 'phone': '(55) 4698-3094', 'cell': '(52) 6863-9459', 'id': {'name': 'CPF', 'value': '052.608.384-26'}, 'picture': {'large': 'https://randomuser.me/api/portraits/men/58.jpg', 'medium': 'https://randomuser.me/api/portraits/med/men/58.jpg', 'thumbnail': 'https://randomuser.me/api/portraits/thumb/men/58.jpg'}, 'nat': 'BR'}</msg>
<arg>${json_data['results'][0]}</arg>
<doc>Logs the given message with the given level.</doc>
<status status="PASS" start="2024-07-06T22:14:23.018669" elapsed="0.000417"/>
</kw>
<kw name="Log" owner="BuiltIn">
<msg time="2024-07-06T22:14:23.019512" level="INFO">name</msg>
<arg>${key}</arg>
<doc>Logs the given message with the given level.</doc>
<status status="PASS" start="2024-07-06T22:14:23.019383" elapsed="0.000166"/>
</kw>
<var name="${key}">name</var>
<status status="PASS" start="2024-07-06T22:14:23.017917" elapsed="0.001849"/>
</iter>
<iter>
<kw name="Dictionary Should Contain Key" owner="Collections">
<arg>${json_data['results'][0]}</arg>
<arg>${key}</arg>
<doc>Fails if ``key`` is not found from ``dictionary``.</doc>
<status status="PASS" start="2024-07-06T22:14:23.020048" elapsed="0.000376"/>
</kw>
<kw name="Log" owner="BuiltIn">
<msg time="2024-07-06T22:14:23.020954" level="INFO">{'gender': 'male', 'name': {'title': 'Mr', 'first': 'Primitivo', 'last': 'Dias'}, 'location': {'street': {'number': 1482, 'name': 'Rua Espirito Santo '}, 'city': 'Foz do Iguaçu', 'state': 'Minas Gerais', 'country': 'Brazil', 'postcode': 86404, 'coordinates': {'latitude': '-73.0764', 'longitude': '-25.1151'}, 'timezone': {'offset': '-6:00', 'description': 'Central Time (US &amp; Canada), Mexico City'}}, 'email': 'primitivo.dias@example.com', 'login': {'uuid': 'c632557d-a4c9-4db9-890b-d609887aee51', 'username': 'angrypeacock844', 'password': 'mature', 'salt': 'OrVL2UKG', 'md5': '6e461d20d2b285e4468dbb3bd4404345', 'sha1': 'b785ef43ee8934e0d89512c20eca25fc896bfe2c', 'sha256': 'b8a7f20e007f7df5ee77a701ad1e22dd05f28329a3a55b3a492d463a39676ea3'}, 'dob': {'date': '1967-05-20T22:45:12.127Z', 'age': 57}, 'registered': {'date': '2003-04-24T04:26:17.359Z', 'age': 21}, 'phone': '(55) 4698-3094', 'cell': '(52) 6863-9459', 'id': {'name': 'CPF', 'value': '052.608.384-26'}, 'picture': {'large': 'https://randomuser.me/api/portraits/men/58.jpg', 'medium': 'https://randomuser.me/api/portraits/med/men/58.jpg', 'thumbnail': 'https://randomuser.me/api/portraits/thumb/men/58.jpg'}, 'nat': 'BR'}</msg>
<arg>${json_data['results'][0]}</arg>
<doc>Logs the given message with the given level.</doc>
<status status="PASS" start="2024-07-06T22:14:23.020605" elapsed="0.000399"/>
</kw>
<kw name="Log" owner="BuiltIn">
<msg time="2024-07-06T22:14:23.021430" level="INFO">location</msg>
<arg>${key}</arg>
<doc>Logs the given message with the given level.</doc>
<status status="PASS" start="2024-07-06T22:14:23.021304" elapsed="0.000162"/>
</kw>
<var name="${key}">location</var>
<status status="PASS" start="2024-07-06T22:14:23.019941" elapsed="0.001738"/>
</iter>
<iter>
<kw name="Dictionary Should Contain Key" owner="Collections">
<arg>${json_data['results'][0]}</arg>
<arg>${key}</arg>
<doc>Fails if ``key`` is not found from ``dictionary``.</doc>
<status status="PASS" start="2024-07-06T22:14:23.021956" elapsed="0.000383"/>
</kw>
<kw name="Log" owner="BuiltIn">
<msg time="2024-07-06T22:14:23.022893" level="INFO">{'gender': 'male', 'name': {'title': 'Mr', 'first': 'Primitivo', 'last': 'Dias'}, 'location': {'street': {'number': 1482, 'name': 'Rua Espirito Santo '}, 'city': 'Foz do Iguaçu', 'state': 'Minas Gerais', 'country': 'Brazil', 'postcode': 86404, 'coordinates': {'latitude': '-73.0764', 'longitude': '-25.1151'}, 'timezone': {'offset': '-6:00', 'description': 'Central Time (US &amp; Canada), Mexico City'}}, 'email': 'primitivo.dias@example.com', 'login': {'uuid': 'c632557d-a4c9-4db9-890b-d609887aee51', 'username': 'angrypeacock844', 'password': 'mature', 'salt': 'OrVL2UKG', 'md5': '6e461d20d2b285e4468dbb3bd4404345', 'sha1': 'b785ef43ee8934e0d89512c20eca25fc896bfe2c', 'sha256': 'b8a7f20e007f7df5ee77a701ad1e22dd05f28329a3a55b3a492d463a39676ea3'}, 'dob': {'date': '1967-05-20T22:45:12.127Z', 'age': 57}, 'registered': {'date': '2003-04-24T04:26:17.359Z', 'age': 21}, 'phone': '(55) 4698-3094', 'cell': '(52) 6863-9459', 'id': {'name': 'CPF', 'value': '052.608.384-26'}, 'picture': {'large': 'https://randomuser.me/api/portraits/men/58.jpg', 'medium': 'https://randomuser.me/api/portraits/med/men/58.jpg', 'thumbnail': 'https://randomuser.me/api/portraits/thumb/men/58.jpg'}, 'nat': 'BR'}</msg>
<arg>${json_data['results'][0]}</arg>
<doc>Logs the given message with the given level.</doc>
<status status="PASS" start="2024-07-06T22:14:23.022539" elapsed="0.000404"/>
</kw>
<kw name="Log" owner="BuiltIn">
<msg time="2024-07-06T22:14:23.023367" level="INFO">email</msg>
<arg>${key}</arg>
<doc>Logs the given message with the given level.</doc>
<status status="PASS" start="2024-07-06T22:14:23.023241" elapsed="0.000163"/>
</kw>
<var name="${key}">email</var>
<status status="PASS" start="2024-07-06T22:14:23.021850" elapsed="0.001773"/>
</iter>
<iter>
<kw name="Dictionary Should Contain Key" owner="Collections">
<arg>${json_data['results'][0]}</arg>
<arg>${key}</arg>
<doc>Fails if ``key`` is not found from ``dictionary``.</doc>
<status status="PASS" start="2024-07-06T22:14:23.023904" elapsed="0.000389"/>
</kw>
<kw name="Log" owner="BuiltIn">
<msg time="2024-07-06T22:14:23.024831" level="INFO">{'gender': 'male', 'name': {'title': 'Mr', 'first': 'Primitivo', 'last': 'Dias'}, 'location': {'street': {'number': 1482, 'name': 'Rua Espirito Santo '}, 'city': 'Foz do Iguaçu', 'state': 'Minas Gerais', 'country': 'Brazil', 'postcode': 86404, 'coordinates': {'latitude': '-73.0764', 'longitude': '-25.1151'}, 'timezone': {'offset': '-6:00', 'description': 'Central Time (US &amp; Canada), Mexico City'}}, 'email': 'primitivo.dias@example.com', 'login': {'uuid': 'c632557d-a4c9-4db9-890b-d609887aee51', 'username': 'angrypeacock844', 'password': 'mature', 'salt': 'OrVL2UKG', 'md5': '6e461d20d2b285e4468dbb3bd4404345', 'sha1': 'b785ef43ee8934e0d89512c20eca25fc896bfe2c', 'sha256': 'b8a7f20e007f7df5ee77a701ad1e22dd05f28329a3a55b3a492d463a39676ea3'}, 'dob': {'date': '1967-05-20T22:45:12.127Z', 'age': 57}, 'registered': {'date': '2003-04-24T04:26:17.359Z', 'age': 21}, 'phone': '(55) 4698-3094', 'cell': '(52) 6863-9459', 'id': {'name': 'CPF', 'value': '052.608.384-26'}, 'picture': {'large': 'https://randomuser.me/api/portraits/men/58.jpg', 'medium': 'https://randomuser.me/api/portraits/med/men/58.jpg', 'thumbnail': 'https://randomuser.me/api/portraits/thumb/men/58.jpg'}, 'nat': 'BR'}</msg>
<arg>${json_data['results'][0]}</arg>
<doc>Logs the given message with the given level.</doc>
<status status="PASS" start="2024-07-06T22:14:23.024474" elapsed="0.000408"/>
</kw>
<kw name="Log" owner="BuiltIn">
<msg time="2024-07-06T22:14:23.025302" level="INFO">login</msg>
<arg>${key}</arg>
<doc>Logs the given message with the given level.</doc>
<status status="PASS" start="2024-07-06T22:14:23.025177" elapsed="0.000162"/>
</kw>
<var name="${key}">login</var>
<status status="PASS" start="2024-07-06T22:14:23.023791" elapsed="0.001768"/>
</iter>
<var>${key}</var>
<value>@{expected_keys}</value>
<status status="PASS" start="2024-07-06T22:14:23.015762" elapsed="0.009942"/>
</for>
<kw name="Create List" owner="BuiltIn">
<msg time="2024-07-06T22:14:23.026034" level="INFO">${expected_keysTwo} = ['username', 'password']</msg>
<var>${expected_keysTwo}</var>
<arg>username</arg>
<arg>password</arg>
<doc>Returns a list containing given items.</doc>
<status status="PASS" start="2024-07-06T22:14:23.025898" elapsed="0.000159"/>
</kw>
<for flavor="IN">
<iter>
<kw name="Dictionary Should Contain Key" owner="Collections">
<arg>${json_data['results'][0]['login']}</arg>
<arg>${keyTwo}</arg>
<doc>Fails if ``key`` is not found from ``dictionary``.</doc>
<status status="PASS" start="2024-07-06T22:14:23.026563" elapsed="0.000384"/>
</kw>
<kw name="Dictionary Should Contain Key" owner="Collections">
<arg>${json_data['results'][0]['login']}</arg>
<arg>${keyTwo}</arg>
<doc>Fails if ``key`` is not found from ``dictionary``.</doc>
<status status="PASS" start="2024-07-06T22:14:23.027127" elapsed="0.000373"/>
</kw>
<kw name="Log" owner="BuiltIn">
<msg time="2024-07-06T22:14:23.027805" level="INFO">username</msg>
<arg>${keyTwo}</arg>
<doc>Logs the given message with the given level.</doc>
<status status="PASS" start="2024-07-06T22:14:23.027681" elapsed="0.000162"/>
</kw>
<var name="${keyTwo}">username</var>
<status status="PASS" start="2024-07-06T22:14:23.026437" elapsed="0.001628"/>
</iter>
<iter>
<kw name="Dictionary Should Contain Key" owner="Collections">
<arg>${json_data['results'][0]['login']}</arg>
<arg>${keyTwo}</arg>
<doc>Fails if ``key`` is not found from ``dictionary``.</doc>
<status status="PASS" start="2024-07-06T22:14:23.028343" elapsed="0.000381"/>
</kw>
<kw name="Dictionary Should Contain Key" owner="Collections">
<arg>${json_data['results'][0]['login']}</arg>
<arg>${keyTwo}</arg>
<doc>Fails if ``key`` is not found from ``dictionary``.</doc>
<status status="PASS" start="2024-07-06T22:14:23.028906" elapsed="0.000361"/>
</kw>
<kw name="Log" owner="BuiltIn">
<msg time="2024-07-06T22:14:23.029558" level="INFO">password</msg>
<arg>${keyTwo}</arg>
<doc>Logs the given message with the given level.</doc>
<status status="PASS" start="2024-07-06T22:14:23.029441" elapsed="0.000157"/>
</kw>
<var name="${keyTwo}">password</var>
<status status="PASS" start="2024-07-06T22:14:23.028236" elapsed="0.001581"/>
</iter>
<var>${keyTwo}</var>
<value>@{expected_keysTwo}</value>
<status status="PASS" start="2024-07-06T22:14:23.026289" elapsed="0.003648"/>
</for>
<status status="PASS" start="2024-07-06T22:14:22.935492" elapsed="0.094583"/>
</kw>
<doc>Testa a estrutura da resposta da API.</doc>
<tag>testeEstruturaResposta</tag>
<status status="PASS" start="2024-07-06T22:14:22.935021" elapsed="0.095197"/>
</test>
<test id="s1-s1-t4" name="Validar tipos de dados" line="28">
<kw name="Teste de Tipos de Dados" owner="random-user-service">
<kw name="GET On Session" owner="RequestsLibrary">
<msg time="2024-07-06T22:14:23.112499" level="INFO">GET Request : url=https://randomuser.me/api 
 path_url=/api 
 headers={'User-Agent': 'python-requests/2.32.3', 'Accept-Encoding': 'gzip, deflate', 'Accept': '*/*', 'Connection': 'keep-alive'} 
 body=None 
 </msg>
<msg time="2024-07-06T22:14:23.112583" level="INFO">GET Response : url=https://randomuser.me/api 
 status=200, reason=OK 
 headers={'Date': 'Sat, 06 Jul 2024 22:14:23 GMT', 'Content-Type': 'application/json; charset=utf-8', 'Transfer-Encoding': 'chunked', 'Connection': 'keep-alive', 'X-Powered-By': 'Express', 'Access-Control-Allow-Origin': '*', 'Cache-Control': 'no-cache', 'ETag': 'W/"4b3-FlHGP2iShqixicPmG+VVDxFvVIA"', 'Vary': 'Accept-Encoding', 'Content-Encoding': 'gzip', 'CF-Cache-Status': 'DYNAMIC', 'Report-To': '{"endpoints":[{"url":"https:\\/\\/a.nel.cloudflare.com\\/report\\/v4?s=4H%2B%2Be6PPUIISEc%2F34Tv2b6jlZ4YV0TRH5xC5hjLnzdTfZmhByyj5hr%2BnAk0maWLw2pCZgfQhf8F%2FbYNKXpQUD%2BANUyHtNq7mSHaV155%2BAgipaYt279JMaX%2BWLicvb%2FOz"}],"group":"cf-nel","max_age":604800}', 'NEL': '{"success_fraction":0,"report_to":"cf-nel","max_age":604800}', 'Server': 'cloudflare', 'CF-RAY': '89f2f289ff30e137-ORD', 'alt-svc': 'h3=":443"; ma=86400'} 
 body={"results":[{"gender":"female","name":{"title":"Mrs","first":"Noemie","last":"Picard"},"location":{"street":{"number":907,"name":"Rue D'Abbeville"},"city":"Montreuil","state":"Charente-Maritime","country":"France","postcode":97446,"coordinates":{"latitude":"-17.3994","longitude":"179.7871"},"timezone":{"offset":"+5:00","description":"Ekaterinburg, Islamabad, Karachi, Tashkent"}},"email":"noemie.picard@example.com","login":{"uuid":"dc6a1782-f430-402d-992c-f98ad95bf0c6","username":"smallzebra638","password":"brighton","salt":"qmbbi2eJ","md5":"47601a5f1271bf1458d8e4892b66941e","sha1":"cb283d6ad5b38880864ed19dffb5be4e8ca4aae7","sha256":"b11f9799f7b0033936ca867bef6d3a9e81aebc995070ab4bc0ecfd8d64927b36"},"dob":{"date":"1975-08-22T15:56:58.629Z","age":48},"registered":{"date":"2014-11-16T09:55:55.665Z","age":9},"phone":"03-36-90-74-08","cell":"06-20-99-42-71","id":{"name":"INSEE","value":"2750734042692 63"},"picture":{"large":"https://randomuser.me/api/portraits/women/84.jpg","medium":"https://randomuser.me/api/portraits/med/women/84.jpg","thumbnail":"https://randomuser.me/api/portraits/thumb/women/84.jpg"},"nat":"FR"}],"info":{"seed":"8422655375782287","results":1,"page":1,"version":"1.4"}} 
 </msg>
<msg time="2024-07-06T22:14:23.112656" level="INFO">/opt/hostedtoolcache/Python/3.12.4/x64/lib/python3.12/site-packages/urllib3/connectionpool.py:1099: InsecureRequestWarning: Unverified HTTPS request is being made to host 'randomuser.me'. Adding certificate verification is strongly advised. See: https://urllib3.readthedocs.io/en/latest/advanced-usage.html#tls-warnings
  warnings.warn(</msg>
<msg time="2024-07-06T22:14:23.112775" level="INFO">${response} = &lt;Response [200]&gt;</msg>
<var>${response}</var>
<arg>consultarAPI</arg>
<arg>/api</arg>
<doc>Sends a GET request on a previously created HTTP Session.</doc>
<status status="PASS" start="2024-07-06T22:14:23.032664" elapsed="0.080160"/>
</kw>
<kw name="Set Variable" owner="BuiltIn">
<msg time="2024-07-06T22:14:23.113735" level="INFO">${json_data} = {'results': [{'gender': 'female', 'name': {'title': 'Mrs', 'first': 'Noemie', 'last': 'Picard'}, 'location': {'street': {'number': 907, 'name': "Rue D'Abbeville"}, 'city': 'Montreuil', 'state': 'Chare...</msg>
<var>${json_data}</var>
<arg>${response.json()}</arg>
<doc>Returns the given values which can then be assigned to a variables.</doc>
<status status="PASS" start="2024-07-06T22:14:23.113294" elapsed="0.000472"/>
</kw>
<kw name="Log" owner="BuiltIn">
<msg time="2024-07-06T22:14:23.114220" level="INFO">{'results': [{'gender': 'female', 'name': {'title': 'Mrs', 'first': 'Noemie', 'last': 'Picard'}, 'location': {'street': {'number': 907, 'name': "Rue D'Abbeville"}, 'city': 'Montreuil', 'state': 'Charente-Maritime', 'country': 'France', 'postcode': 97446, 'coordinates': {'latitude': '-17.3994', 'longitude': '179.7871'}, 'timezone': {'offset': '+5:00', 'description': 'Ekaterinburg, Islamabad, Karachi, Tashkent'}}, 'email': 'noemie.picard@example.com', 'login': {'uuid': 'dc6a1782-f430-402d-992c-f98ad95bf0c6', 'username': 'smallzebra638', 'password': 'brighton', 'salt': 'qmbbi2eJ', 'md5': '47601a5f1271bf1458d8e4892b66941e', 'sha1': 'cb283d6ad5b38880864ed19dffb5be4e8ca4aae7', 'sha256': 'b11f9799f7b0033936ca867bef6d3a9e81aebc995070ab4bc0ecfd8d64927b36'}, 'dob': {'date': '1975-08-22T15:56:58.629Z', 'age': 48}, 'registered': {'date': '2014-11-16T09:55:55.665Z', 'age': 9}, 'phone': '03-36-90-74-08', 'cell': '06-20-99-42-71', 'id': {'name': 'INSEE', 'value': '2750734042692 63'}, 'picture': {'large': 'https://randomuser.me/api/portraits/women/84.jpg', 'medium': 'https://randomuser.me/api/portraits/med/women/84.jpg', 'thumbnail': 'https://randomuser.me/api/portraits/thumb/women/84.jpg'}, 'nat': 'FR'}], 'info': {'seed': '8422655375782287', 'results': 1, 'page': 1, 'version': '1.4'}}</msg>
<arg>${json_data}</arg>
<doc>Logs the given message with the given level.</doc>
<status status="PASS" start="2024-07-06T22:14:23.114068" elapsed="0.000201"/>
</kw>
<kw name="Should Be String" owner="String">
<arg>${json_data['results'][0]['gender']}</arg>
<doc>Fails if the given ``item`` is not a string.</doc>
<status status="PASS" start="2024-07-06T22:14:23.114628" elapsed="0.000365"/>
</kw>
<kw name="Should Match Regexp" owner="BuiltIn">
<arg>${json_data['results'][0]['email']}</arg>
<arg>^[a-zA-Z0-9._%+-]+@[a-zA-Z0-9.-]+\.[a-zA-Z]{2,}$</arg>
<doc>Fails if ``string`` does not match ``pattern`` as a regular expression.</doc>
<status status="PASS" start="2024-07-06T22:14:23.115182" elapsed="0.000511"/>
</kw>
<kw name="Should Match Regexp" owner="BuiltIn">
<arg>${json_data['results'][0]['dob']['date']}</arg>
<arg>\\d{4}-\\d{2}-\\d{2}T\\d{2}:\\d{2}:\\d{2}\\.\\d{3}Z</arg>
<doc>Fails if ``string`` does not match ``pattern`` as a regular expression.</doc>
<status status="PASS" start="2024-07-06T22:14:23.115888" elapsed="0.000478"/>
</kw>
<kw name="Should Match Regexp" owner="BuiltIn">
<arg>${json_data['results'][0]['registered']['date']}</arg>
<arg>\\d{4}-\\d{2}-\\d{2}T\\d{2}:\\d{2}:\\d{2}\\.\\d{3}Z</arg>
<doc>Fails if ``string`` does not match ``pattern`` as a regular expression.</doc>
<status status="PASS" start="2024-07-06T22:14:23.116559" elapsed="0.000394"/>
</kw>
<kw name="Should Match Regexp" owner="BuiltIn">
<arg>${json_data['results'][0]['picture']['large']}</arg>
<arg>^https?://.*\.(?:png|jpe?g|gif|bmp)$</arg>
<doc>Fails if ``string`` does not match ``pattern`` as a regular expression.</doc>
<status status="PASS" start="2024-07-06T22:14:23.117137" elapsed="0.000463"/>
</kw>
<kw name="Should Match Regexp" owner="BuiltIn">
<arg>${json_data['results'][0]['picture']['medium']}</arg>
<arg>^https?://.*\.(?:png|jpe?g|gif|bmp)$</arg>
<doc>Fails if ``string`` does not match ``pattern`` as a regular expression.</doc>
<status status="PASS" start="2024-07-06T22:14:23.117787" elapsed="0.000348"/>
</kw>
<kw name="Should Match Regexp" owner="BuiltIn">
<arg>${json_data['results'][0]['picture']['thumbnail']}</arg>
<arg>^https?://.*\.(?:png|jpe?g|gif|bmp)$</arg>
<doc>Fails if ``string`` does not match ``pattern`` as a regular expression.</doc>
<status status="PASS" start="2024-07-06T22:14:23.118314" elapsed="0.000378"/>
</kw>
<kw name="Log" owner="BuiltIn">
<msg time="2024-07-06T22:14:23.119202" level="INFO">{'large': 'https://randomuser.me/api/portraits/women/84.jpg', 'medium': 'https://randomuser.me/api/portraits/med/women/84.jpg', 'thumbnail': 'https://randomuser.me/api/portraits/thumb/women/84.jpg'}</msg>
<arg>${json_data['results'][0]['picture']}</arg>
<doc>Logs the given message with the given level.</doc>
<status status="PASS" start="2024-07-06T22:14:23.118875" elapsed="0.000370"/>
</kw>
<status status="PASS" start="2024-07-06T22:14:23.032449" elapsed="0.087049"/>
</kw>
<kw name="Teste de Tipos de Dados - Postcode" owner="random-user-service">
<kw name="GET On Session" owner="RequestsLibrary">
<msg time="2024-07-06T22:14:23.222529" level="INFO">GET Request : url=https://randomuser.me/api 
 path_url=/api 
 headers={'User-Agent': 'python-requests/2.32.3', 'Accept-Encoding': 'gzip, deflate', 'Accept': '*/*', 'Connection': 'keep-alive'} 
 body=None 
 </msg>
<msg time="2024-07-06T22:14:23.222595" level="INFO">GET Response : url=https://randomuser.me/api 
 status=200, reason=OK 
 headers={'Date': 'Sat, 06 Jul 2024 22:14:23 GMT', 'Content-Type': 'application/json; charset=utf-8', 'Transfer-Encoding': 'chunked', 'Connection': 'keep-alive', 'X-Powered-By': 'Express', 'Access-Control-Allow-Origin': '*', 'Cache-Control': 'no-cache', 'ETag': 'W/"4a7-tXrQ0t26uDpF7xD6WE79KZzS/BE"', 'Vary': 'Accept-Encoding', 'Content-Encoding': 'gzip', 'CF-Cache-Status': 'DYNAMIC', 'Report-To': '{"endpoints":[{"url":"https:\\/\\/a.nel.cloudflare.com\\/report\\/v4?s=UraStflAe9cqGJRfqaNEt9UtytEmPBBcFBZkOqvf0bDdaWlqLlTmL%2B%2FGX87%2FjW1vyXvuMlcANaJ79xQCTg47tIvqg1ffAa0uXvxHgKTK0BkAzPhctmu97ljHawBRGO3k"}],"group":"cf-nel","max_age":604800}', 'NEL': '{"success_fraction":0,"report_to":"cf-nel","max_age":604800}', 'Server': 'cloudflare', 'CF-RAY': '89f2f28a8fd1e137-ORD', 'alt-svc': 'h3=":443"; ma=86400'} 
 body={"results":[{"gender":"female","name":{"title":"Madame","first":"Pamela","last":"Dupont"},"location":{"street":{"number":9630,"name":"Place Paul-Duquaire"},"city":"Rovray","state":"Genève","country":"Switzerland","postcode":4508,"coordinates":{"latitude":"-56.0450","longitude":"22.6329"},"timezone":{"offset":"-4:00","description":"Atlantic Time (Canada), Caracas, La Paz"}},"email":"pamela.dupont@example.com","login":{"uuid":"c344f4b4-fef4-443e-b99f-ee8d8d6f0250","username":"whitetiger900","password":"mandy","salt":"69sro3UK","md5":"444a7e18688daad2d4f049143a01c2bb","sha1":"67aec304c695f0fa211464847ecb9d80c3ea6b25","sha256":"1143c89da9b84b147058e9ef2cc005256724e7f1bef24033b89006b4d71e04cf"},"dob":{"date":"1975-02-14T02:45:27.902Z","age":49},"registered":{"date":"2018-12-23T21:01:21.755Z","age":5},"phone":"079 013 00 12","cell":"077 761 37 25","id":{"name":"AVS","value":"756.5059.9147.31"},"picture":{"large":"https://randomuser.me/api/portraits/women/50.jpg","medium":"https://randomuser.me/api/portraits/med/women/50.jpg","thumbnail":"https://randomuser.me/api/portraits/thumb/women/50.jpg"},"nat":"CH"}],"info":{"seed":"e16d7f8fc7f295bf","results":1,"page":1,"version":"1.4"}} 
 </msg>
<msg time="2024-07-06T22:14:23.222654" level="INFO">/opt/hostedtoolcache/Python/3.12.4/x64/lib/python3.12/site-packages/urllib3/connectionpool.py:1099: InsecureRequestWarning: Unverified HTTPS request is being made to host 'randomuser.me'. Adding certificate verification is strongly advised. See: https://urllib3.readthedocs.io/en/latest/advanced-usage.html#tls-warnings
  warnings.warn(</msg>
<msg time="2024-07-06T22:14:23.222737" level="INFO">${response} = &lt;Response [200]&gt;</msg>
<var>${response}</var>
<arg>consultarAPI</arg>
<arg>/api</arg>
<doc>Sends a GET request on a previously created HTTP Session.</doc>
<status status="PASS" start="2024-07-06T22:14:23.119915" elapsed="0.102850"/>
</kw>
<kw name="Set Variable" owner="BuiltIn">
<msg time="2024-07-06T22:14:23.223580" level="INFO">${json_data} = {'results': [{'gender': 'female', 'name': {'title': 'Madame', 'first': 'Pamela', 'last': 'Dupont'}, 'location': {'street': {'number': 9630, 'name': 'Place Paul-Duquaire'}, 'city': 'Rovray', 'state': '...</msg>
<var>${json_data}</var>
<arg>${response.json()}</arg>
<doc>Returns the given values which can then be assigned to a variables.</doc>
<status status="PASS" start="2024-07-06T22:14:23.223136" elapsed="0.000472"/>
</kw>
<kw name="Log" owner="BuiltIn">
<msg time="2024-07-06T22:14:23.224071" level="INFO">{'results': [{'gender': 'female', 'name': {'title': 'Madame', 'first': 'Pamela', 'last': 'Dupont'}, 'location': {'street': {'number': 9630, 'name': 'Place Paul-Duquaire'}, 'city': 'Rovray', 'state': 'Genève', 'country': 'Switzerland', 'postcode': 4508, 'coordinates': {'latitude': '-56.0450', 'longitude': '22.6329'}, 'timezone': {'offset': '-4:00', 'description': 'Atlantic Time (Canada), Caracas, La Paz'}}, 'email': 'pamela.dupont@example.com', 'login': {'uuid': 'c344f4b4-fef4-443e-b99f-ee8d8d6f0250', 'username': 'whitetiger900', 'password': 'mandy', 'salt': '69sro3UK', 'md5': '444a7e18688daad2d4f049143a01c2bb', 'sha1': '67aec304c695f0fa211464847ecb9d80c3ea6b25', 'sha256': '1143c89da9b84b147058e9ef2cc005256724e7f1bef24033b89006b4d71e04cf'}, 'dob': {'date': '1975-02-14T02:45:27.902Z', 'age': 49}, 'registered': {'date': '2018-12-23T21:01:21.755Z', 'age': 5}, 'phone': '079 013 00 12', 'cell': '077 761 37 25', 'id': {'name': 'AVS', 'value': '756.5059.9147.31'}, 'picture': {'large': 'https://randomuser.me/api/portraits/women/50.jpg', 'medium': 'https://randomuser.me/api/portraits/med/women/50.jpg', 'thumbnail': 'https://randomuser.me/api/portraits/thumb/women/50.jpg'}, 'nat': 'CH'}], 'info': {'seed': 'e16d7f8fc7f295bf', 'results': 1, 'page': 1, 'version': '1.4'}}</msg>
<arg>${json_data}</arg>
<doc>Logs the given message with the given level.</doc>
<status status="PASS" start="2024-07-06T22:14:23.223911" elapsed="0.000210"/>
</kw>
<kw name="Should Be Equal As Numbers" owner="BuiltIn">
<arg>${json_data['results'][0]['location']['postcode']}</arg>
<arg>${json_data['results'][0]['location']['postcode']}</arg>
<doc>Fails if objects are unequal after converting them to real numbers.</doc>
<status status="PASS" start="2024-07-06T22:14:23.224408" elapsed="0.000644"/>
</kw>
<kw name="Log" owner="BuiltIn">
<msg time="2024-07-06T22:14:23.225585" level="INFO">4508</msg>
<arg>${json_data['results'][0]['location']['postcode']}</arg>
<doc>Logs the given message with the given level.</doc>
<status status="PASS" start="2024-07-06T22:14:23.225241" elapsed="0.000384"/>
</kw>
<status status="PASS" start="2024-07-06T22:14:23.119700" elapsed="0.106177"/>
</kw>
<doc>Testa se os tipos de dados na resposta da API estão corretos.</doc>
<tag>testeTiposDados</tag>
<status status="PASS" start="2024-07-06T22:14:23.031956" elapsed="0.194076"/>
</test>
<test id="s1-s1-t5" name="Validar conteudo" line="35">
<kw name="Teste de Tipos de Conteudo" owner="random-user-service">
<kw name="GET On Session" owner="RequestsLibrary">
<msg time="2024-07-06T22:14:23.318326" level="INFO">GET Request : url=https://randomuser.me/api 
 path_url=/api 
 headers={'User-Agent': 'python-requests/2.32.3', 'Accept-Encoding': 'gzip, deflate', 'Accept': '*/*', 'Connection': 'keep-alive'} 
 body=None 
 </msg>
<msg time="2024-07-06T22:14:23.318410" level="INFO">GET Response : url=https://randomuser.me/api 
 status=200, reason=OK 
 headers={'Date': 'Sat, 06 Jul 2024 22:14:23 GMT', 'Content-Type': 'application/json; charset=utf-8', 'Transfer-Encoding': 'chunked', 'Connection': 'keep-alive', 'X-Powered-By': 'Express', 'Access-Control-Allow-Origin': '*', 'Cache-Control': 'no-cache', 'ETag': 'W/"491-vkUqPR6D00Ew7y/6vdak1HHBTCc"', 'Vary': 'Accept-Encoding', 'Content-Encoding': 'gzip', 'CF-Cache-Status': 'DYNAMIC', 'Report-To': '{"endpoints":[{"url":"https:\\/\\/a.nel.cloudflare.com\\/report\\/v4?s=%2FcramxppIcn1tb6o3%2BACX2jh%2B2yUHWFLqFVbe0b8e3ZSwrvkWSVIyBs5O9ddtLK9eUl8jSfUVTh5%2BXtkUXTbh4QwbSWNMD5l6nFgp2Dbj39s2K9nHBGou79TF0QowVLb"}],"group":"cf-nel","max_age":604800}', 'NEL': '{"success_fraction":0,"report_to":"cf-nel","max_age":604800}', 'Server': 'cloudflare', 'CF-RAY': '89f2f28b2881e137-ORD', 'alt-svc': 'h3=":443"; ma=86400'} 
 body={"results":[{"gender":"male","name":{"title":"Mr","first":"Vicente","last":"Domínguez"},"location":{"street":{"number":4277,"name":"Calle de La Almudena"},"city":"Madrid","state":"Aragón","country":"Spain","postcode":12840,"coordinates":{"latitude":"-31.3761","longitude":"-96.4923"},"timezone":{"offset":"+8:00","description":"Beijing, Perth, Singapore, Hong Kong"}},"email":"vicente.dominguez@example.com","login":{"uuid":"f3d67810-68d2-4013-ac72-9bc697603294","username":"lazycat648","password":"rodeo","salt":"zFYidgo5","md5":"e8acb2162d18671f8f6cc191a5a5f0e7","sha1":"01a6a1962ef9919db9985ff6fcded34f3be47d86","sha256":"f962c57a9c06cac452bf931a8b3646f7bc14a197396ec21a8f232247a94b0db0"},"dob":{"date":"1984-11-03T03:42:58.494Z","age":39},"registered":{"date":"2017-12-22T15:53:22.018Z","age":6},"phone":"954-302-152","cell":"646-463-724","id":{"name":"DNI","value":"56758246-I"},"picture":{"large":"https://randomuser.me/api/portraits/men/42.jpg","medium":"https://randomuser.me/api/portraits/med/men/42.jpg","thumbnail":"https://randomuser.me/api/portraits/thumb/men/42.jpg"},"nat":"ES"}],"info":{"seed":"4baf87e00ec8b7b2","results":1,"page":1,"version":"1.4"}} 
 </msg>
<msg time="2024-07-06T22:14:23.318527" level="INFO">/opt/hostedtoolcache/Python/3.12.4/x64/lib/python3.12/site-packages/urllib3/connectionpool.py:1099: InsecureRequestWarning: Unverified HTTPS request is being made to host 'randomuser.me'. Adding certificate verification is strongly advised. See: https://urllib3.readthedocs.io/en/latest/advanced-usage.html#tls-warnings
  warnings.warn(</msg>
<msg time="2024-07-06T22:14:23.318662" level="INFO">${response} = &lt;Response [200]&gt;</msg>
<var>${response}</var>
<arg>consultarAPI</arg>
<arg>/api</arg>
<doc>Sends a GET request on a previously created HTTP Session.</doc>
<status status="PASS" start="2024-07-06T22:14:23.228609" elapsed="0.090099"/>
</kw>
<kw name="Set Variable" owner="BuiltIn">
<msg time="2024-07-06T22:14:23.319672" level="INFO">${json_data} = {'results': [{'gender': 'male', 'name': {'title': 'Mr', 'first': 'Vicente', 'last': 'Domínguez'}, 'location': {'street': {'number': 4277, 'name': 'Calle de La Almudena'}, 'city': 'Madrid', 'state': 'A...</msg>
<var>${json_data}</var>
<arg>${response.json()}</arg>
<doc>Returns the given values which can then be assigned to a variables.</doc>
<status status="PASS" start="2024-07-06T22:14:23.319134" elapsed="0.000567"/>
</kw>
<kw name="Set Variable" owner="BuiltIn">
<msg time="2024-07-06T22:14:23.320376" level="INFO">${name_title} = Mr</msg>
<var>${name_title}</var>
<arg>${json_data["results"][0]["name"]["title"]}</arg>
<doc>Returns the given values which can then be assigned to a variables.</doc>
<status status="PASS" start="2024-07-06T22:14:23.320004" elapsed="0.000397"/>
</kw>
<kw name="Create List" owner="BuiltIn">
<msg time="2024-07-06T22:14:23.320844" level="INFO">${allowed_titles} = ['Mr', 'Ms', 'Miss', 'Mrs', 'Madame', 'Monsieur']</msg>
<var>${allowed_titles}</var>
<arg>Mr</arg>
<arg>Ms</arg>
<arg>Miss</arg>
<arg>Mrs</arg>
<arg>Madame</arg>
<arg>Monsieur</arg>
<doc>Returns a list containing given items.</doc>
<status status="PASS" start="2024-07-06T22:14:23.320697" elapsed="0.000172"/>
</kw>
<kw name="List Should Contain Value" owner="Collections">
<arg>${allowed_titles}</arg>
<arg>${name_title}</arg>
<doc>Fails if the ``value`` is not found from ``list``.</doc>
<status status="PASS" start="2024-07-06T22:14:23.321167" elapsed="0.000171"/>
</kw>
<kw name="Set Variable" owner="BuiltIn">
<msg time="2024-07-06T22:14:23.321872" level="INFO">${name_country} = ES</msg>
<var>${name_country}</var>
<arg>${json_data["results"][0]["nat"]}</arg>
<doc>Returns the given values which can then be assigned to a variables.</doc>
<status status="PASS" start="2024-07-06T22:14:23.321513" elapsed="0.000385"/>
</kw>
<kw name="Create List" owner="BuiltIn">
<msg time="2024-07-06T22:14:23.322817" level="INFO">${list_country} = ['AD', 'AE', 'AF', 'AG', 'AI', 'AL', 'AM', 'AO', 'AQ', 'AR', 'AS', 'AT', 'AU', 'AW', 'AX', 'AZ', 'BA', 'BB', 'BD', 'BE', 'BF', 'BG', 'BH', 'BI', 'BJ', 'BL', 'BM', 'BN', 'BO', 'BQ', 'BR', 'BS', 'BT', '...</msg>
<var>${list_country}</var>
<arg>AD</arg>
<arg>AE</arg>
<arg>AF</arg>
<arg>AG</arg>
<arg>AI</arg>
<arg>AL</arg>
<arg>AM</arg>
<arg>AO</arg>
<arg>AQ</arg>
<arg>AR</arg>
<arg>AS</arg>
<arg>AT</arg>
<arg>AU</arg>
<arg>AW</arg>
<arg>AX</arg>
<arg>AZ</arg>
<arg>BA</arg>
<arg>BB</arg>
<arg>BD</arg>
<arg>BE</arg>
<arg>BF</arg>
<arg>BG</arg>
<arg>BH</arg>
<arg>BI</arg>
<arg>BJ</arg>
<arg>BL</arg>
<arg>BM</arg>
<arg>BN</arg>
<arg>BO</arg>
<arg>BQ</arg>
<arg>BR</arg>
<arg>BS</arg>
<arg>BT</arg>
<arg>BV</arg>
<arg>BW</arg>
<arg>BY</arg>
<arg>BZ</arg>
<arg>CA</arg>
<arg>CC</arg>
<arg>CD</arg>
<arg>CF</arg>
<arg>CG</arg>
<arg>CH</arg>
<arg>CI</arg>
<arg>CK</arg>
<arg>CL</arg>
<arg>CM</arg>
<arg>CN</arg>
<arg>CO</arg>
<arg>CR</arg>
<arg>CU</arg>
<arg>CV</arg>
<arg>CW</arg>
<arg>CX</arg>
<arg>CY</arg>
<arg>CZ</arg>
<arg>DE</arg>
<arg>DJ</arg>
<arg>DK</arg>
<arg>DM</arg>
<arg>DO</arg>
<arg>DZ</arg>
<arg>EC</arg>
<arg>EE</arg>
<arg>EG</arg>
<arg>EH</arg>
<arg>ER</arg>
<arg>ES</arg>
<arg>ET</arg>
<arg>FI</arg>
<arg>FJ</arg>
<arg>FK</arg>
<arg>FM</arg>
<arg>FO</arg>
<arg>FR</arg>
<arg>GA</arg>
<arg>GB</arg>
<arg>GD</arg>
<arg>GE</arg>
<arg>GF</arg>
<arg>GG</arg>
<arg>GH</arg>
<arg>GI</arg>
<arg>GL</arg>
<arg>GM</arg>
<arg>GN</arg>
<arg>GP</arg>
<arg>GQ</arg>
<arg>GR</arg>
<arg>GS</arg>
<arg>GT</arg>
<arg>GU</arg>
<arg>GW</arg>
<arg>GY</arg>
<arg>HK</arg>
<arg>HM</arg>
<arg>HN</arg>
<arg>HR</arg>
<arg>HT</arg>
<arg>HU</arg>
<arg>ID</arg>
<arg>IE</arg>
<arg>IL</arg>
<arg>IM</arg>
<arg>IN</arg>
<arg>IO</arg>
<arg>IQ</arg>
<arg>IR</arg>
<arg>IS</arg>
<arg>IT</arg>
<arg>JE</arg>
<arg>JM</arg>
<arg>JO</arg>
<arg>JP</arg>
<arg>KE</arg>
<arg>KG</arg>
<arg>KH</arg>
<arg>KI</arg>
<arg>KM</arg>
<arg>KN</arg>
<arg>KP</arg>
<arg>KR</arg>
<arg>KW</arg>
<arg>KY</arg>
<arg>KZ</arg>
<arg>LA</arg>
<arg>LB</arg>
<arg>LC</arg>
<arg>LI</arg>
<arg>LK</arg>
<arg>LR</arg>
<arg>LS</arg>
<arg>LT</arg>
<arg>LU</arg>
<arg>LV</arg>
<arg>LY</arg>
<arg>MA</arg>
<arg>MC</arg>
<arg>MD</arg>
<arg>ME</arg>
<arg>MF</arg>
<arg>MG</arg>
<arg>MH</arg>
<arg>MK</arg>
<arg>ML</arg>
<arg>MM</arg>
<arg>MN</arg>
<arg>MO</arg>
<arg>MP</arg>
<arg>MQ</arg>
<arg>MR</arg>
<arg>MS</arg>
<arg>MT</arg>
<arg>MU</arg>
<arg>MV</arg>
<arg>MW</arg>
<arg>MX</arg>
<arg>MY</arg>
<arg>MZ</arg>
<arg>NA</arg>
<arg>NC</arg>
<arg>NE</arg>
<arg>NF</arg>
<arg>NG</arg>
<arg>NI</arg>
<arg>NL</arg>
<arg>NO</arg>
<arg>NP</arg>
<arg>NR</arg>
<arg>NU</arg>
<arg>NZ</arg>
<arg>OM</arg>
<arg>PA</arg>
<arg>PE</arg>
<arg>PF</arg>
<arg>PG</arg>
<arg>PH</arg>
<arg>PK</arg>
<arg>PL</arg>
<arg>PM</arg>
<arg>PN</arg>
<arg>PR</arg>
<arg>PS</arg>
<arg>PT</arg>
<arg>PW</arg>
<arg>PY</arg>
<arg>QA</arg>
<arg>RE</arg>
<arg>RO</arg>
<arg>RS</arg>
<arg>RU</arg>
<arg>RW</arg>
<arg>SA</arg>
<arg>SB</arg>
<arg>SC</arg>
<arg>SD</arg>
<arg>SE</arg>
<arg>SG</arg>
<arg>SH</arg>
<arg>SI</arg>
<arg>SJ</arg>
<arg>SK</arg>
<arg>SL</arg>
<arg>SM</arg>
<arg>SN</arg>
<arg>SO</arg>
<arg>SR</arg>
<arg>SS</arg>
<arg>ST</arg>
<arg>SV</arg>
<arg>SX</arg>
<arg>SY</arg>
<arg>SZ</arg>
<arg>TC</arg>
<arg>TD</arg>
<arg>TF</arg>
<arg>TG</arg>
<arg>TH</arg>
<arg>TJ</arg>
<arg>TK</arg>
<arg>TL</arg>
<arg>TM</arg>
<arg>TN</arg>
<arg>TO</arg>
<arg>TR</arg>
<arg>TT</arg>
<arg>TV</arg>
<arg>TW</arg>
<arg>TZ</arg>
<arg>UA</arg>
<arg>UG</arg>
<arg>UM</arg>
<arg>US</arg>
<arg>UY</arg>
<arg>UZ</arg>
<arg>VA</arg>
<arg>VC</arg>
<arg>VE</arg>
<arg>VG</arg>
<arg>VI</arg>
<arg>VN</arg>
<arg>VU</arg>
<arg>WF</arg>
<arg>WS</arg>
<arg>XK</arg>
<arg>YE</arg>
<arg>YT</arg>
<arg>ZA</arg>
<arg>ZM</arg>
<arg>ZW</arg>
<doc>Returns a list containing given items.</doc>
<status status="PASS" start="2024-07-06T22:14:23.322191" elapsed="0.000653"/>
</kw>
<kw name="List Should Contain Value" owner="Collections">
<arg>${list_country}</arg>
<arg>${name_country}</arg>
<doc>Fails if the ``value`` is not found from ``list``.</doc>
<status status="PASS" start="2024-07-06T22:14:23.323641" elapsed="0.000203"/>
</kw>
<kw name="Run Keyword If" owner="BuiltIn">
<kw name="Should Be True" owner="BuiltIn">
<arg>${True}</arg>
<doc>Fails if the given condition is not true.</doc>
<status status="PASS" start="2024-07-06T22:14:23.324754" elapsed="0.000138"/>
</kw>
<arg>${json_data["results"][0]["location"]["coordinates"]["latitude"]} &gt;= -90 and ${json_data["results"][0]["location"]["coordinates"]["latitude"]} &lt;= 90</arg>
<arg>Should Be True</arg>
<arg>${True}</arg>
<doc>Runs the given keyword with the given arguments, if ``condition`` is true.</doc>
<status status="PASS" start="2024-07-06T22:14:23.324035" elapsed="0.000980"/>
</kw>
<kw name="Run Keyword If" owner="BuiltIn">
<kw name="Should Be True" owner="BuiltIn">
<arg>${True}</arg>
<doc>Fails if the given condition is not true.</doc>
<status status="PASS" start="2024-07-06T22:14:23.325875" elapsed="0.000136"/>
</kw>
<arg>${json_data["results"][0]["location"]["coordinates"]["longitude"]} &gt;= -180 and ${json_data["results"][0]["location"]["coordinates"]["longitude"]} &lt;= 180</arg>
<arg>Should Be True</arg>
<arg>${True}</arg>
<doc>Runs the given keyword with the given arguments, if ``condition`` is true.</doc>
<status status="PASS" start="2024-07-06T22:14:23.325193" elapsed="0.000939"/>
</kw>
<status status="PASS" start="2024-07-06T22:14:23.228269" elapsed="0.097990"/>
</kw>
<doc>Testa o conteúdo específico dos campos retornados pela API.</doc>
<tag>testeConteudo</tag>
<status status="PASS" start="2024-07-06T22:14:23.227778" elapsed="0.098621"/>
</test>
<status status="PASS" start="2024-07-06T22:14:22.424553" elapsed="0.903748"/>
</suite>
<status status="PASS" start="2024-07-06T22:14:22.410531" elapsed="0.922806"/>
</suite>
<statistics>
<total>
<stat pass="5" fail="0" skip="0">All Tests</stat>
</total>
<tag>
<stat pass="1" fail="0" skip="0">testeConteudo</stat>
<stat pass="1" fail="0" skip="0">testeEstruturaResposta</stat>
<stat pass="1" fail="0" skip="0">testeRequisicaoBasica</stat>
<stat pass="1" fail="0" skip="0">testeTiposDados</stat>
</tag>
<suite>
<stat pass="5" fail="0" skip="0" id="s1" name="Tests">Tests</stat>
<stat pass="5" fail="0" skip="0" id="s1-s1" name="Random-User-Test">Tests.Random-User-Test</stat>
</suite>
</statistics>
<errors>
</errors>
</robot>
