<?xml version="1.0" encoding="UTF-8"?>
<robot generator="Robot 7.0.1 (Python 3.12.4 on linux)" generated="2024-08-05T15:16:25.910421" rpa="false" schemaversion="5">
<suite id="s1" name="Tests" source="/home/runner/work/ApiRandomUser/ApiRandomUser/RamdonUser/tests">
<suite id="s1-s1" name="Random-User-Test" source="/home/runner/work/ApiRandomUser/ApiRandomUser/RamdonUser/tests/random-user-test.robot">
<test id="s1-s1-t1" name="Conectar" line="13">
<kw name="Conectar API" owner="random-user-service">
<kw name="Create Session" owner="RequestsLibrary">
<msg time="2024-08-05T15:16:26.333300" level="INFO">Creating Session using : alias=consultarAPI, url=https://randomuser.me/, headers={},                     cookies={}, auth=None, timeout=None, proxies=None, verify=False,                     debug=0 </msg>
<arg>consultarAPI</arg>
<arg>${URL}</arg>
<doc>Create Session: create a HTTP session to a server</doc>
<status status="PASS" start="2024-08-05T15:16:26.333061" elapsed="0.000459"/>
</kw>
<status status="PASS" start="2024-08-05T15:16:26.331893" elapsed="0.002044"/>
</kw>
<status status="PASS" start="2024-08-05T15:16:26.331129" elapsed="0.003019"/>
</test>
<test id="s1-s1-t2" name="Validar retorno 200 e JSON Válido" line="16">
<kw name="Teste de Requisicao Basica" owner="random-user-service">
<kw name="GET On Session" owner="RequestsLibrary">
<msg time="2024-08-05T15:16:27.669033" level="INFO">GET Request : url=https://randomuser.me/api 
 path_url=/api 
 headers={'User-Agent': 'python-requests/2.32.3', 'Accept-Encoding': 'gzip, deflate', 'Accept': '*/*', 'Connection': 'keep-alive'} 
 body=None 
 </msg>
<msg time="2024-08-05T15:16:27.669198" level="INFO">GET Response : url=https://randomuser.me/api 
 status=200, reason=OK 
 headers={'Date': 'Mon, 05 Aug 2024 15:16:27 GMT', 'Content-Type': 'application/json; charset=utf-8', 'Transfer-Encoding': 'chunked', 'Connection': 'keep-alive', 'X-Powered-By': 'Express', 'Access-Control-Allow-Origin': '*', 'Cache-Control': 'no-cache', 'ETag': 'W/"493-FR9bo+Z4Xd8ch6KzDb8MRalChgc"', 'Vary': 'Accept-Encoding', 'Content-Encoding': 'gzip', 'CF-Cache-Status': 'DYNAMIC', 'Report-To': '{"endpoints":[{"url":"https:\\/\\/a.nel.cloudflare.com\\/report\\/v4?s=%2B2IXF6BmwrDQ2fEDO0oD0ZOyRvkyQ7MurDWfzaruKuoNXhTu4oPecgoKni4lft2HQH2DfUk1XSZvb10Cfm%2BhJ5EKpXKJX44PqXUjl6H6iOp3zh5mRwpPD5SP2BIezlnV"}],"group":"cf-nel","max_age":604800}', 'NEL': '{"success_fraction":0,"report_to":"cf-nel","max_age":604800}', 'Server': 'cloudflare', 'CF-RAY': '8ae7bf91cace0a11-IAD', 'alt-svc': 'h3=":443"; ma=86400'} 
 body={"results":[{"gender":"female","name":{"title":"Miss","first":"Julie","last":"Jensen"},"location":{"street":{"number":551,"name":"Fynsgade"},"city":"Haslev","state":"Hovedstaden","country":"Denmark","postcode":96971,"coordinates":{"latitude":"-40.9157","longitude":"141.9452"},"timezone":{"offset":"+5:00","description":"Ekaterinburg, Islamabad, Karachi, Tashkent"}},"email":"julie.jensen@example.com","login":{"uuid":"733a0342-ff20-4c76-a3d4-a6b0ab4e4fed","username":"crazyostrich486","password":"sniffing","salt":"7idWCxho","md5":"90630cf8cdc30b709a36172e45ecb559","sha1":"8b801ef8834cca14989c737e0d10c7e049167186","sha256":"51e71acdd201c5770c457902bb57cdedd2b8e1572da00e306dbe0491e3434a3a"},"dob":{"date":"1983-09-28T14:40:23.845Z","age":40},"registered":{"date":"2002-11-17T05:32:08.485Z","age":21},"phone":"62829888","cell":"76417799","id":{"name":"CPR","value":"280983-1208"},"picture":{"large":"https://randomuser.me/api/portraits/women/62.jpg","medium":"https://randomuser.me/api/portraits/med/women/62.jpg","thumbnail":"https://randomuser.me/api/portraits/thumb/women/62.jpg"},"nat":"DK"}],"info":{"seed":"6db017ecbb8bd4f6","results":1,"page":1,"version":"1.4"}} 
 </msg>
<msg time="2024-08-05T15:16:27.669276" level="INFO">/opt/hostedtoolcache/Python/3.12.4/x64/lib/python3.12/site-packages/urllib3/connectionpool.py:1099: InsecureRequestWarning: Unverified HTTPS request is being made to host 'randomuser.me'. Adding certificate verification is strongly advised. See: https://urllib3.readthedocs.io/en/latest/advanced-usage.html#tls-warnings
  warnings.warn(</msg>
<msg time="2024-08-05T15:16:27.669420" level="INFO">${response} = &lt;Response [200]&gt;</msg>
<var>${response}</var>
<arg>consultarAPI</arg>
<arg>/api</arg>
<doc>Sends a GET request on a previously created HTTP Session.</doc>
<status status="PASS" start="2024-08-05T15:16:26.337002" elapsed="1.332460"/>
</kw>
<kw name="Should Be Equal As Numbers" owner="BuiltIn">
<msg time="2024-08-05T15:16:27.670470" level="INFO">Argument types are:
&lt;class 'int'&gt;
&lt;class 'str'&gt;</msg>
<arg>${response.status_code}</arg>
<arg>200</arg>
<doc>Fails if objects are unequal after converting them to real numbers.</doc>
<status status="PASS" start="2024-08-05T15:16:27.670007" elapsed="0.000528"/>
</kw>
<kw name="Log" owner="BuiltIn">
<msg time="2024-08-05T15:16:27.671198" level="INFO">200</msg>
<arg>${response.status_code}</arg>
<doc>Logs the given message with the given level.</doc>
<status status="PASS" start="2024-08-05T15:16:27.670853" elapsed="0.000386"/>
</kw>
<kw name="Set Variable" owner="BuiltIn">
<msg time="2024-08-05T15:16:27.672034" level="INFO">${json_data} = {'results': [{'gender': 'female', 'name': {'title': 'Miss', 'first': 'Julie', 'last': 'Jensen'}, 'location': {'street': {'number': 551, 'name': 'Fynsgade'}, 'city': 'Haslev', 'state': 'Hovedstaden', '...</msg>
<var>${json_data}</var>
<arg>${response.json()}</arg>
<doc>Returns the given values which can then be assigned to a variables.</doc>
<status status="PASS" start="2024-08-05T15:16:27.671596" elapsed="0.000466"/>
</kw>
<kw name="Dictionary Should Contain Key" owner="Collections">
<arg>${json_data}</arg>
<arg>results</arg>
<doc>Fails if ``key`` is not found from ``dictionary``.</doc>
<status status="PASS" start="2024-08-05T15:16:27.672359" elapsed="0.000324"/>
</kw>
<status status="PASS" start="2024-08-05T15:16:26.336723" elapsed="1.336114"/>
</kw>
<doc>Testa se a API responde corretamente e retorna um objeto JSON válido.</doc>
<tag>testeRequisicaoBasica</tag>
<status status="PASS" start="2024-08-05T15:16:26.336229" elapsed="1.336779"/>
</test>
<test id="s1-s1-t3" name="Validar estrutura de resposta" line="22">
<kw name="Teste de Estrutura de Resposta" owner="random-user-service">
<kw name="GET On Session" owner="RequestsLibrary">
<msg time="2024-08-05T15:16:29.034593" level="INFO">GET Request : url=https://randomuser.me/api 
 path_url=/api 
 headers={'User-Agent': 'python-requests/2.32.3', 'Accept-Encoding': 'gzip, deflate', 'Accept': '*/*', 'Connection': 'keep-alive'} 
 body=None 
 </msg>
<msg time="2024-08-05T15:16:29.034697" level="INFO">GET Response : url=https://randomuser.me/api 
 status=200, reason=OK 
 headers={'Date': 'Mon, 05 Aug 2024 15:16:29 GMT', 'Content-Type': 'application/json; charset=utf-8', 'Transfer-Encoding': 'chunked', 'Connection': 'keep-alive', 'X-Powered-By': 'Express', 'Access-Control-Allow-Origin': '*', 'Cache-Control': 'no-cache', 'ETag': 'W/"499-4SQM0sdYsyIemgy2kxxZiHD+iYc"', 'Vary': 'Accept-Encoding', 'Content-Encoding': 'gzip', 'CF-Cache-Status': 'DYNAMIC', 'Report-To': '{"endpoints":[{"url":"https:\\/\\/a.nel.cloudflare.com\\/report\\/v4?s=McpNY%2BYozxG%2BMutTwbxUVBHf1ocYVS4m7sB6ml5axFWjj86BZcx%2FYN30y3xC9nE5b0XBgbVGE1s6sl41pFMJnO1W8ju5RngDIgsGNo79%2FMJaTrtBLMNkkvw8SoudI6WR"}],"group":"cf-nel","max_age":604800}', 'NEL': '{"success_fraction":0,"report_to":"cf-nel","max_age":604800}', 'Server': 'cloudflare', 'CF-RAY': '8ae7bf98f82e0a11-IAD', 'alt-svc': 'h3=":443"; ma=86400'} 
 body={"results":[{"gender":"male","name":{"title":"Mr","first":"Elias","last":"Asmus"},"location":{"street":{"number":4677,"name":"Mühlenweg"},"city":"Garbsen","state":"Mecklenburg-Vorpommern","country":"Germany","postcode":23629,"coordinates":{"latitude":"-55.6443","longitude":"-67.4009"},"timezone":{"offset":"-4:00","description":"Atlantic Time (Canada), Caracas, La Paz"}},"email":"elias.asmus@example.com","login":{"uuid":"3047b472-14fd-4560-a1d2-69a1f19c1aa8","username":"smallcat467","password":"alexis","salt":"er7ZvAdj","md5":"5e077973a00358a49b6cc13539f29c3a","sha1":"21c7c48b682d3a22a2da92b6b85935d32648b77e","sha256":"80164869a6514d2d5352ce4841164ee832a44bbcddd04766a3ec343b711eb9cc"},"dob":{"date":"1978-08-29T13:22:27.812Z","age":45},"registered":{"date":"2015-08-22T20:05:54.495Z","age":8},"phone":"0906-7066596","cell":"0175-9415629","id":{"name":"SVNR","value":"13 290878 A 319"},"picture":{"large":"https://randomuser.me/api/portraits/men/11.jpg","medium":"https://randomuser.me/api/portraits/med/men/11.jpg","thumbnail":"https://randomuser.me/api/portraits/thumb/men/11.jpg"},"nat":"DE"}],"info":{"seed":"fba609db2c3c9208","results":1,"page":1,"version":"1.4"}} 
 </msg>
<msg time="2024-08-05T15:16:29.034833" level="INFO">/opt/hostedtoolcache/Python/3.12.4/x64/lib/python3.12/site-packages/urllib3/connectionpool.py:1099: InsecureRequestWarning: Unverified HTTPS request is being made to host 'randomuser.me'. Adding certificate verification is strongly advised. See: https://urllib3.readthedocs.io/en/latest/advanced-usage.html#tls-warnings
  warnings.warn(</msg>
<msg time="2024-08-05T15:16:29.034962" level="INFO">${response} = &lt;Response [200]&gt;</msg>
<var>${response}</var>
<arg>consultarAPI</arg>
<arg>/api</arg>
<doc>Sends a GET request on a previously created HTTP Session.</doc>
<status status="PASS" start="2024-08-05T15:16:27.675582" elapsed="1.359412"/>
</kw>
<kw name="Set Variable" owner="BuiltIn">
<msg time="2024-08-05T15:16:29.036090" level="INFO">${json_data} = {'results': [{'gender': 'male', 'name': {'title': 'Mr', 'first': 'Elias', 'last': 'Asmus'}, 'location': {'street': {'number': 4677, 'name': 'Mühlenweg'}, 'city': 'Garbsen', 'state': 'Mecklenburg-Vorpo...</msg>
<var>${json_data}</var>
<arg>${response.json()}</arg>
<doc>Returns the given values which can then be assigned to a variables.</doc>
<status status="PASS" start="2024-08-05T15:16:29.035561" elapsed="0.000558"/>
</kw>
<kw name="Log" owner="BuiltIn">
<msg time="2024-08-05T15:16:29.036597" level="INFO">{'results': [{'gender': 'male', 'name': {'title': 'Mr', 'first': 'Elias', 'last': 'Asmus'}, 'location': {'street': {'number': 4677, 'name': 'Mühlenweg'}, 'city': 'Garbsen', 'state': 'Mecklenburg-Vorpommern', 'country': 'Germany', 'postcode': 23629, 'coordinates': {'latitude': '-55.6443', 'longitude': '-67.4009'}, 'timezone': {'offset': '-4:00', 'description': 'Atlantic Time (Canada), Caracas, La Paz'}}, 'email': 'elias.asmus@example.com', 'login': {'uuid': '3047b472-14fd-4560-a1d2-69a1f19c1aa8', 'username': 'smallcat467', 'password': 'alexis', 'salt': 'er7ZvAdj', 'md5': '5e077973a00358a49b6cc13539f29c3a', 'sha1': '21c7c48b682d3a22a2da92b6b85935d32648b77e', 'sha256': '80164869a6514d2d5352ce4841164ee832a44bbcddd04766a3ec343b711eb9cc'}, 'dob': {'date': '1978-08-29T13:22:27.812Z', 'age': 45}, 'registered': {'date': '2015-08-22T20:05:54.495Z', 'age': 8}, 'phone': '0906-7066596', 'cell': '0175-9415629', 'id': {'name': 'SVNR', 'value': '13 290878 A 319'}, 'picture': {'large': 'https://randomuser.me/api/portraits/men/11.jpg', 'medium': 'https://randomuser.me/api/portraits/med/men/11.jpg', 'thumbnail': 'https://randomuser.me/api/portraits/thumb/men/11.jpg'}, 'nat': 'DE'}], 'info': {'seed': 'fba609db2c3c9208', 'results': 1, 'page': 1, 'version': '1.4'}}</msg>
<arg>${json_data}</arg>
<doc>Logs the given message with the given level.</doc>
<status status="PASS" start="2024-08-05T15:16:29.036430" elapsed="0.000216"/>
</kw>
<kw name="Dictionary Should Contain Key" owner="Collections">
<arg>${json_data}</arg>
<arg>results</arg>
<doc>Fails if ``key`` is not found from ``dictionary``.</doc>
<status status="PASS" start="2024-08-05T15:16:29.036934" elapsed="0.000164"/>
</kw>
<kw name="Should Not Be Empty" owner="BuiltIn">
<msg time="2024-08-05T15:16:29.037400" level="INFO">Length is 2.</msg>
<arg>${json_data}</arg>
<doc>Verifies that the given item is not empty.</doc>
<status status="PASS" start="2024-08-05T15:16:29.037278" elapsed="0.000160"/>
</kw>
<kw name="Create List" owner="BuiltIn">
<msg time="2024-08-05T15:16:29.037863" level="INFO">${expected_keys} = ['gender', 'name', 'location', 'email', 'login']</msg>
<var>${expected_keys}</var>
<arg>gender</arg>
<arg>name</arg>
<arg>location</arg>
<arg>email</arg>
<arg>login</arg>
<doc>Returns a list containing given items.</doc>
<status status="PASS" start="2024-08-05T15:16:29.037720" elapsed="0.000166"/>
</kw>
<for flavor="IN">
<iter>
<kw name="Dictionary Should Contain Key" owner="Collections">
<arg>${json_data['results'][0]}</arg>
<arg>${key}</arg>
<doc>Fails if ``key`` is not found from ``dictionary``.</doc>
<status status="PASS" start="2024-08-05T15:16:29.038476" elapsed="0.000403"/>
</kw>
<kw name="Log" owner="BuiltIn">
<msg time="2024-08-05T15:16:29.039446" level="INFO">{'gender': 'male', 'name': {'title': 'Mr', 'first': 'Elias', 'last': 'Asmus'}, 'location': {'street': {'number': 4677, 'name': 'Mühlenweg'}, 'city': 'Garbsen', 'state': 'Mecklenburg-Vorpommern', 'country': 'Germany', 'postcode': 23629, 'coordinates': {'latitude': '-55.6443', 'longitude': '-67.4009'}, 'timezone': {'offset': '-4:00', 'description': 'Atlantic Time (Canada), Caracas, La Paz'}}, 'email': 'elias.asmus@example.com', 'login': {'uuid': '3047b472-14fd-4560-a1d2-69a1f19c1aa8', 'username': 'smallcat467', 'password': 'alexis', 'salt': 'er7ZvAdj', 'md5': '5e077973a00358a49b6cc13539f29c3a', 'sha1': '21c7c48b682d3a22a2da92b6b85935d32648b77e', 'sha256': '80164869a6514d2d5352ce4841164ee832a44bbcddd04766a3ec343b711eb9cc'}, 'dob': {'date': '1978-08-29T13:22:27.812Z', 'age': 45}, 'registered': {'date': '2015-08-22T20:05:54.495Z', 'age': 8}, 'phone': '0906-7066596', 'cell': '0175-9415629', 'id': {'name': 'SVNR', 'value': '13 290878 A 319'}, 'picture': {'large': 'https://randomuser.me/api/portraits/men/11.jpg', 'medium': 'https://randomuser.me/api/portraits/med/men/11.jpg', 'thumbnail': 'https://randomuser.me/api/portraits/thumb/men/11.jpg'}, 'nat': 'DE'}</msg>
<arg>${json_data['results'][0]}</arg>
<doc>Logs the given message with the given level.</doc>
<status status="PASS" start="2024-08-05T15:16:29.039067" elapsed="0.000438"/>
</kw>
<kw name="Log" owner="BuiltIn">
<msg time="2024-08-05T15:16:29.039934" level="INFO">gender</msg>
<arg>${key}</arg>
<doc>Logs the given message with the given level.</doc>
<status status="PASS" start="2024-08-05T15:16:29.039806" elapsed="0.000166"/>
</kw>
<var name="${key}">gender</var>
<status status="PASS" start="2024-08-05T15:16:29.038342" elapsed="0.001847"/>
</iter>
<iter>
<kw name="Dictionary Should Contain Key" owner="Collections">
<arg>${json_data['results'][0]}</arg>
<arg>${key}</arg>
<doc>Fails if ``key`` is not found from ``dictionary``.</doc>
<status status="PASS" start="2024-08-05T15:16:29.040485" elapsed="0.000391"/>
</kw>
<kw name="Log" owner="BuiltIn">
<msg time="2024-08-05T15:16:29.041407" level="INFO">{'gender': 'male', 'name': {'title': 'Mr', 'first': 'Elias', 'last': 'Asmus'}, 'location': {'street': {'number': 4677, 'name': 'Mühlenweg'}, 'city': 'Garbsen', 'state': 'Mecklenburg-Vorpommern', 'country': 'Germany', 'postcode': 23629, 'coordinates': {'latitude': '-55.6443', 'longitude': '-67.4009'}, 'timezone': {'offset': '-4:00', 'description': 'Atlantic Time (Canada), Caracas, La Paz'}}, 'email': 'elias.asmus@example.com', 'login': {'uuid': '3047b472-14fd-4560-a1d2-69a1f19c1aa8', 'username': 'smallcat467', 'password': 'alexis', 'salt': 'er7ZvAdj', 'md5': '5e077973a00358a49b6cc13539f29c3a', 'sha1': '21c7c48b682d3a22a2da92b6b85935d32648b77e', 'sha256': '80164869a6514d2d5352ce4841164ee832a44bbcddd04766a3ec343b711eb9cc'}, 'dob': {'date': '1978-08-29T13:22:27.812Z', 'age': 45}, 'registered': {'date': '2015-08-22T20:05:54.495Z', 'age': 8}, 'phone': '0906-7066596', 'cell': '0175-9415629', 'id': {'name': 'SVNR', 'value': '13 290878 A 319'}, 'picture': {'large': 'https://randomuser.me/api/portraits/men/11.jpg', 'medium': 'https://randomuser.me/api/portraits/med/men/11.jpg', 'thumbnail': 'https://randomuser.me/api/portraits/thumb/men/11.jpg'}, 'nat': 'DE'}</msg>
<arg>${json_data['results'][0]}</arg>
<doc>Logs the given message with the given level.</doc>
<status status="PASS" start="2024-08-05T15:16:29.041057" elapsed="0.000432"/>
</kw>
<kw name="Log" owner="BuiltIn">
<msg time="2024-08-05T15:16:29.041950" level="INFO">name</msg>
<arg>${key}</arg>
<doc>Logs the given message with the given level.</doc>
<status status="PASS" start="2024-08-05T15:16:29.041821" elapsed="0.000166"/>
</kw>
<var name="${key}">name</var>
<status status="PASS" start="2024-08-05T15:16:29.040374" elapsed="0.001828"/>
</iter>
<iter>
<kw name="Dictionary Should Contain Key" owner="Collections">
<arg>${json_data['results'][0]}</arg>
<arg>${key}</arg>
<doc>Fails if ``key`` is not found from ``dictionary``.</doc>
<status status="PASS" start="2024-08-05T15:16:29.042480" elapsed="0.000382"/>
</kw>
<kw name="Log" owner="BuiltIn">
<msg time="2024-08-05T15:16:29.043421" level="INFO">{'gender': 'male', 'name': {'title': 'Mr', 'first': 'Elias', 'last': 'Asmus'}, 'location': {'street': {'number': 4677, 'name': 'Mühlenweg'}, 'city': 'Garbsen', 'state': 'Mecklenburg-Vorpommern', 'country': 'Germany', 'postcode': 23629, 'coordinates': {'latitude': '-55.6443', 'longitude': '-67.4009'}, 'timezone': {'offset': '-4:00', 'description': 'Atlantic Time (Canada), Caracas, La Paz'}}, 'email': 'elias.asmus@example.com', 'login': {'uuid': '3047b472-14fd-4560-a1d2-69a1f19c1aa8', 'username': 'smallcat467', 'password': 'alexis', 'salt': 'er7ZvAdj', 'md5': '5e077973a00358a49b6cc13539f29c3a', 'sha1': '21c7c48b682d3a22a2da92b6b85935d32648b77e', 'sha256': '80164869a6514d2d5352ce4841164ee832a44bbcddd04766a3ec343b711eb9cc'}, 'dob': {'date': '1978-08-29T13:22:27.812Z', 'age': 45}, 'registered': {'date': '2015-08-22T20:05:54.495Z', 'age': 8}, 'phone': '0906-7066596', 'cell': '0175-9415629', 'id': {'name': 'SVNR', 'value': '13 290878 A 319'}, 'picture': {'large': 'https://randomuser.me/api/portraits/men/11.jpg', 'medium': 'https://randomuser.me/api/portraits/med/men/11.jpg', 'thumbnail': 'https://randomuser.me/api/portraits/thumb/men/11.jpg'}, 'nat': 'DE'}</msg>
<arg>${json_data['results'][0]}</arg>
<doc>Logs the given message with the given level.</doc>
<status status="PASS" start="2024-08-05T15:16:29.043044" elapsed="0.000431"/>
</kw>
<kw name="Log" owner="BuiltIn">
<msg time="2024-08-05T15:16:29.043918" level="INFO">location</msg>
<arg>${key}</arg>
<doc>Logs the given message with the given level.</doc>
<status status="PASS" start="2024-08-05T15:16:29.043786" elapsed="0.000169"/>
</kw>
<var name="${key}">location</var>
<status status="PASS" start="2024-08-05T15:16:29.042373" elapsed="0.001807"/>
</iter>
<iter>
<kw name="Dictionary Should Contain Key" owner="Collections">
<arg>${json_data['results'][0]}</arg>
<arg>${key}</arg>
<doc>Fails if ``key`` is not found from ``dictionary``.</doc>
<status status="PASS" start="2024-08-05T15:16:29.044470" elapsed="0.000384"/>
</kw>
<kw name="Log" owner="BuiltIn">
<msg time="2024-08-05T15:16:29.045508" level="INFO">{'gender': 'male', 'name': {'title': 'Mr', 'first': 'Elias', 'last': 'Asmus'}, 'location': {'street': {'number': 4677, 'name': 'Mühlenweg'}, 'city': 'Garbsen', 'state': 'Mecklenburg-Vorpommern', 'country': 'Germany', 'postcode': 23629, 'coordinates': {'latitude': '-55.6443', 'longitude': '-67.4009'}, 'timezone': {'offset': '-4:00', 'description': 'Atlantic Time (Canada), Caracas, La Paz'}}, 'email': 'elias.asmus@example.com', 'login': {'uuid': '3047b472-14fd-4560-a1d2-69a1f19c1aa8', 'username': 'smallcat467', 'password': 'alexis', 'salt': 'er7ZvAdj', 'md5': '5e077973a00358a49b6cc13539f29c3a', 'sha1': '21c7c48b682d3a22a2da92b6b85935d32648b77e', 'sha256': '80164869a6514d2d5352ce4841164ee832a44bbcddd04766a3ec343b711eb9cc'}, 'dob': {'date': '1978-08-29T13:22:27.812Z', 'age': 45}, 'registered': {'date': '2015-08-22T20:05:54.495Z', 'age': 8}, 'phone': '0906-7066596', 'cell': '0175-9415629', 'id': {'name': 'SVNR', 'value': '13 290878 A 319'}, 'picture': {'large': 'https://randomuser.me/api/portraits/men/11.jpg', 'medium': 'https://randomuser.me/api/portraits/med/men/11.jpg', 'thumbnail': 'https://randomuser.me/api/portraits/thumb/men/11.jpg'}, 'nat': 'DE'}</msg>
<arg>${json_data['results'][0]}</arg>
<doc>Logs the given message with the given level.</doc>
<status status="PASS" start="2024-08-05T15:16:29.045157" elapsed="0.000400"/>
</kw>
<kw name="Log" owner="BuiltIn">
<msg time="2024-08-05T15:16:29.045992" level="INFO">email</msg>
<arg>${key}</arg>
<doc>Logs the given message with the given level.</doc>
<status status="PASS" start="2024-08-05T15:16:29.045856" elapsed="0.000174"/>
</kw>
<var name="${key}">email</var>
<status status="PASS" start="2024-08-05T15:16:29.044361" elapsed="0.001883"/>
</iter>
<iter>
<kw name="Dictionary Should Contain Key" owner="Collections">
<arg>${json_data['results'][0]}</arg>
<arg>${key}</arg>
<doc>Fails if ``key`` is not found from ``dictionary``.</doc>
<status status="PASS" start="2024-08-05T15:16:29.046520" elapsed="0.000382"/>
</kw>
<kw name="Log" owner="BuiltIn">
<msg time="2024-08-05T15:16:29.047466" level="INFO">{'gender': 'male', 'name': {'title': 'Mr', 'first': 'Elias', 'last': 'Asmus'}, 'location': {'street': {'number': 4677, 'name': 'Mühlenweg'}, 'city': 'Garbsen', 'state': 'Mecklenburg-Vorpommern', 'country': 'Germany', 'postcode': 23629, 'coordinates': {'latitude': '-55.6443', 'longitude': '-67.4009'}, 'timezone': {'offset': '-4:00', 'description': 'Atlantic Time (Canada), Caracas, La Paz'}}, 'email': 'elias.asmus@example.com', 'login': {'uuid': '3047b472-14fd-4560-a1d2-69a1f19c1aa8', 'username': 'smallcat467', 'password': 'alexis', 'salt': 'er7ZvAdj', 'md5': '5e077973a00358a49b6cc13539f29c3a', 'sha1': '21c7c48b682d3a22a2da92b6b85935d32648b77e', 'sha256': '80164869a6514d2d5352ce4841164ee832a44bbcddd04766a3ec343b711eb9cc'}, 'dob': {'date': '1978-08-29T13:22:27.812Z', 'age': 45}, 'registered': {'date': '2015-08-22T20:05:54.495Z', 'age': 8}, 'phone': '0906-7066596', 'cell': '0175-9415629', 'id': {'name': 'SVNR', 'value': '13 290878 A 319'}, 'picture': {'large': 'https://randomuser.me/api/portraits/men/11.jpg', 'medium': 'https://randomuser.me/api/portraits/med/men/11.jpg', 'thumbnail': 'https://randomuser.me/api/portraits/thumb/men/11.jpg'}, 'nat': 'DE'}</msg>
<arg>${json_data['results'][0]}</arg>
<doc>Logs the given message with the given level.</doc>
<status status="PASS" start="2024-08-05T15:16:29.047081" elapsed="0.000443"/>
</kw>
<kw name="Log" owner="BuiltIn">
<msg time="2024-08-05T15:16:29.047948" level="INFO">login</msg>
<arg>${key}</arg>
<doc>Logs the given message with the given level.</doc>
<status status="PASS" start="2024-08-05T15:16:29.047820" elapsed="0.000165"/>
</kw>
<var name="${key}">login</var>
<status status="PASS" start="2024-08-05T15:16:29.046412" elapsed="0.001788"/>
</iter>
<var>${key}</var>
<value>@{expected_keys}</value>
<status status="PASS" start="2024-08-05T15:16:29.038140" elapsed="0.010178"/>
</for>
<kw name="Create List" owner="BuiltIn">
<msg time="2024-08-05T15:16:29.048684" level="INFO">${expected_keysTwo} = ['username', 'password']</msg>
<var>${expected_keysTwo}</var>
<arg>username</arg>
<arg>password</arg>
<doc>Returns a list containing given items.</doc>
<status status="PASS" start="2024-08-05T15:16:29.048512" elapsed="0.000196"/>
</kw>
<for flavor="IN">
<iter>
<kw name="Dictionary Should Contain Key" owner="Collections">
<arg>${json_data['results'][0]['login']}</arg>
<arg>${keyTwo}</arg>
<doc>Fails if ``key`` is not found from ``dictionary``.</doc>
<status status="PASS" start="2024-08-05T15:16:29.049210" elapsed="0.000380"/>
</kw>
<kw name="Dictionary Should Contain Key" owner="Collections">
<arg>${json_data['results'][0]['login']}</arg>
<arg>${keyTwo}</arg>
<doc>Fails if ``key`` is not found from ``dictionary``.</doc>
<status status="PASS" start="2024-08-05T15:16:29.049767" elapsed="0.000376"/>
</kw>
<kw name="Log" owner="BuiltIn">
<msg time="2024-08-05T15:16:29.050440" level="INFO">username</msg>
<arg>${keyTwo}</arg>
<doc>Logs the given message with the given level.</doc>
<status status="PASS" start="2024-08-05T15:16:29.050320" elapsed="0.000156"/>
</kw>
<var name="${keyTwo}">username</var>
<status status="PASS" start="2024-08-05T15:16:29.049103" elapsed="0.001590"/>
</iter>
<iter>
<kw name="Dictionary Should Contain Key" owner="Collections">
<arg>${json_data['results'][0]['login']}</arg>
<arg>${keyTwo}</arg>
<doc>Fails if ``key`` is not found from ``dictionary``.</doc>
<status status="PASS" start="2024-08-05T15:16:29.050971" elapsed="0.000384"/>
</kw>
<kw name="Dictionary Should Contain Key" owner="Collections">
<arg>${json_data['results'][0]['login']}</arg>
<arg>${keyTwo}</arg>
<doc>Fails if ``key`` is not found from ``dictionary``.</doc>
<status status="PASS" start="2024-08-05T15:16:29.051566" elapsed="0.000364"/>
</kw>
<kw name="Log" owner="BuiltIn">
<msg time="2024-08-05T15:16:29.052221" level="INFO">password</msg>
<arg>${keyTwo}</arg>
<doc>Logs the given message with the given level.</doc>
<status status="PASS" start="2024-08-05T15:16:29.052104" elapsed="0.000152"/>
</kw>
<var name="${keyTwo}">password</var>
<status status="PASS" start="2024-08-05T15:16:29.050864" elapsed="0.001609"/>
</iter>
<var>${keyTwo}</var>
<value>@{expected_keysTwo}</value>
<status status="PASS" start="2024-08-05T15:16:29.048948" elapsed="0.003646"/>
</for>
<status status="PASS" start="2024-08-05T15:16:27.675313" elapsed="1.377424"/>
</kw>
<doc>Testa a estrutura da resposta da API.</doc>
<tag>testeEstruturaResposta</tag>
<status status="PASS" start="2024-08-05T15:16:27.674806" elapsed="1.378089"/>
</test>
<test id="s1-s1-t4" name="Validar tipos de dados" line="28">
<kw name="Teste de Tipos de Dados" owner="random-user-service">
<kw name="GET On Session" owner="RequestsLibrary">
<msg time="2024-08-05T15:16:29.871103" level="INFO">GET Request : url=https://randomuser.me/api 
 path_url=/api 
 headers={'User-Agent': 'python-requests/2.32.3', 'Accept-Encoding': 'gzip, deflate', 'Accept': '*/*', 'Connection': 'keep-alive'} 
 body=None 
 </msg>
<msg time="2024-08-05T15:16:29.871201" level="INFO">GET Response : url=https://randomuser.me/api 
 status=200, reason=OK 
 headers={'Date': 'Mon, 05 Aug 2024 15:16:29 GMT', 'Content-Type': 'application/json; charset=utf-8', 'Transfer-Encoding': 'chunked', 'Connection': 'keep-alive', 'X-Powered-By': 'Express', 'Access-Control-Allow-Origin': '*', 'Cache-Control': 'no-cache', 'ETag': 'W/"497-i/gA/ZfwMP2NFpyHuXi3IRMFrZ4"', 'Vary': 'Accept-Encoding', 'Content-Encoding': 'gzip', 'CF-Cache-Status': 'DYNAMIC', 'Report-To': '{"endpoints":[{"url":"https:\\/\\/a.nel.cloudflare.com\\/report\\/v4?s=EvKFhYdTQGVzpjqM1J2Dh2Zm%2FPhnxdQNrIILysqbXdo3n6m29c%2FlRubVap0MhJQSk2F6W99m13wOF8%2BD0%2BaUkr2O36hbrCkOHrH3W3dsF7gB9zVcve0loUierPU7olAL"}],"group":"cf-nel","max_age":604800}', 'NEL': '{"success_fraction":0,"report_to":"cf-nel","max_age":604800}', 'Server': 'cloudflare', 'CF-RAY': '8ae7bfa19f090a11-IAD', 'alt-svc': 'h3=":443"; ma=86400'} 
 body={"results":[{"gender":"female","name":{"title":"Ms","first":"Beverly","last":"Anderson"},"location":{"street":{"number":6720,"name":"E Center St"},"city":"San Mateo","state":"Minnesota","country":"United States","postcode":17061,"coordinates":{"latitude":"88.1242","longitude":"104.5201"},"timezone":{"offset":"+6:00","description":"Almaty, Dhaka, Colombo"}},"email":"beverly.anderson@example.com","login":{"uuid":"10fca2c7-1c25-4cdb-9f32-b48acb14e4b5","username":"bluepeacock360","password":"calvin","salt":"XlvVYTL0","md5":"cbe4bd85bc9f90aa6ca086616be4a406","sha1":"ea199869761a5e8df79e7c31eb3df0e435714097","sha256":"c7665d066f70c0f0d27ff5fa6ff91e684e2f17ec22a12d561a2e11b782033425"},"dob":{"date":"1974-01-26T20:50:43.095Z","age":50},"registered":{"date":"2015-10-14T03:06:51.009Z","age":8},"phone":"(702) 927-3364","cell":"(712) 927-6920","id":{"name":"SSN","value":"224-01-7849"},"picture":{"large":"https://randomuser.me/api/portraits/women/76.jpg","medium":"https://randomuser.me/api/portraits/med/women/76.jpg","thumbnail":"https://randomuser.me/api/portraits/thumb/women/76.jpg"},"nat":"US"}],"info":{"seed":"f4e1c0241ba8e20d","results":1,"page":1,"version":"1.4"}} 
 </msg>
<msg time="2024-08-05T15:16:29.871270" level="INFO">/opt/hostedtoolcache/Python/3.12.4/x64/lib/python3.12/site-packages/urllib3/connectionpool.py:1099: InsecureRequestWarning: Unverified HTTPS request is being made to host 'randomuser.me'. Adding certificate verification is strongly advised. See: https://urllib3.readthedocs.io/en/latest/advanced-usage.html#tls-warnings
  warnings.warn(</msg>
<msg time="2024-08-05T15:16:29.871410" level="INFO">${response} = &lt;Response [200]&gt;</msg>
<var>${response}</var>
<arg>consultarAPI</arg>
<arg>/api</arg>
<doc>Sends a GET request on a previously created HTTP Session.</doc>
<status status="PASS" start="2024-08-05T15:16:29.055296" elapsed="0.816159"/>
</kw>
<kw name="Set Variable" owner="BuiltIn">
<msg time="2024-08-05T15:16:29.872650" level="INFO">${json_data} = {'results': [{'gender': 'female', 'name': {'title': 'Ms', 'first': 'Beverly', 'last': 'Anderson'}, 'location': {'street': {'number': 6720, 'name': 'E Center St'}, 'city': 'San Mateo', 'state': 'Minnes...</msg>
<var>${json_data}</var>
<arg>${response.json()}</arg>
<doc>Returns the given values which can then be assigned to a variables.</doc>
<status status="PASS" start="2024-08-05T15:16:29.872093" elapsed="0.000585"/>
</kw>
<kw name="Log" owner="BuiltIn">
<msg time="2024-08-05T15:16:29.873149" level="INFO">{'results': [{'gender': 'female', 'name': {'title': 'Ms', 'first': 'Beverly', 'last': 'Anderson'}, 'location': {'street': {'number': 6720, 'name': 'E Center St'}, 'city': 'San Mateo', 'state': 'Minnesota', 'country': 'United States', 'postcode': 17061, 'coordinates': {'latitude': '88.1242', 'longitude': '104.5201'}, 'timezone': {'offset': '+6:00', 'description': 'Almaty, Dhaka, Colombo'}}, 'email': 'beverly.anderson@example.com', 'login': {'uuid': '10fca2c7-1c25-4cdb-9f32-b48acb14e4b5', 'username': 'bluepeacock360', 'password': 'calvin', 'salt': 'XlvVYTL0', 'md5': 'cbe4bd85bc9f90aa6ca086616be4a406', 'sha1': 'ea199869761a5e8df79e7c31eb3df0e435714097', 'sha256': 'c7665d066f70c0f0d27ff5fa6ff91e684e2f17ec22a12d561a2e11b782033425'}, 'dob': {'date': '1974-01-26T20:50:43.095Z', 'age': 50}, 'registered': {'date': '2015-10-14T03:06:51.009Z', 'age': 8}, 'phone': '(702) 927-3364', 'cell': '(712) 927-6920', 'id': {'name': 'SSN', 'value': '224-01-7849'}, 'picture': {'large': 'https://randomuser.me/api/portraits/women/76.jpg', 'medium': 'https://randomuser.me/api/portraits/med/women/76.jpg', 'thumbnail': 'https://randomuser.me/api/portraits/thumb/women/76.jpg'}, 'nat': 'US'}], 'info': {'seed': 'f4e1c0241ba8e20d', 'results': 1, 'page': 1, 'version': '1.4'}}</msg>
<arg>${json_data}</arg>
<doc>Logs the given message with the given level.</doc>
<status status="PASS" start="2024-08-05T15:16:29.872990" elapsed="0.000206"/>
</kw>
<kw name="Should Be String" owner="String">
<arg>${json_data['results'][0]['gender']}</arg>
<doc>Fails if the given ``item`` is not a string.</doc>
<status status="PASS" start="2024-08-05T15:16:29.873492" elapsed="0.000360"/>
</kw>
<kw name="Should Match Regexp" owner="BuiltIn">
<arg>${json_data['results'][0]['email']}</arg>
<arg>^[a-zA-Z0-9._%+-]+@[a-zA-Z0-9.-]+\.[a-zA-Z]{2,}$</arg>
<doc>Fails if ``string`` does not match ``pattern`` as a regular expression.</doc>
<status status="PASS" start="2024-08-05T15:16:29.874046" elapsed="0.000554"/>
</kw>
<kw name="Should Match Regexp" owner="BuiltIn">
<arg>${json_data['results'][0]['dob']['date']}</arg>
<arg>\\d{4}-\\d{2}-\\d{2}T\\d{2}:\\d{2}:\\d{2}\\.\\d{3}Z</arg>
<doc>Fails if ``string`` does not match ``pattern`` as a regular expression.</doc>
<status status="PASS" start="2024-08-05T15:16:29.874792" elapsed="0.000662"/>
</kw>
<kw name="Should Match Regexp" owner="BuiltIn">
<arg>${json_data['results'][0]['registered']['date']}</arg>
<arg>\\d{4}-\\d{2}-\\d{2}T\\d{2}:\\d{2}:\\d{2}\\.\\d{3}Z</arg>
<doc>Fails if ``string`` does not match ``pattern`` as a regular expression.</doc>
<status status="PASS" start="2024-08-05T15:16:29.875648" elapsed="0.000370"/>
</kw>
<kw name="Should Match Regexp" owner="BuiltIn">
<arg>${json_data['results'][0]['picture']['large']}</arg>
<arg>^https?://.*\.(?:png|jpe?g|gif|bmp)$</arg>
<doc>Fails if ``string`` does not match ``pattern`` as a regular expression.</doc>
<status status="PASS" start="2024-08-05T15:16:29.876201" elapsed="0.000457"/>
</kw>
<kw name="Should Match Regexp" owner="BuiltIn">
<arg>${json_data['results'][0]['picture']['medium']}</arg>
<arg>^https?://.*\.(?:png|jpe?g|gif|bmp)$</arg>
<doc>Fails if ``string`` does not match ``pattern`` as a regular expression.</doc>
<status status="PASS" start="2024-08-05T15:16:29.876842" elapsed="0.000353"/>
</kw>
<kw name="Should Match Regexp" owner="BuiltIn">
<arg>${json_data['results'][0]['picture']['thumbnail']}</arg>
<arg>^https?://.*\.(?:png|jpe?g|gif|bmp)$</arg>
<doc>Fails if ``string`` does not match ``pattern`` as a regular expression.</doc>
<status status="PASS" start="2024-08-05T15:16:29.877375" elapsed="0.000345"/>
</kw>
<kw name="Log" owner="BuiltIn">
<msg time="2024-08-05T15:16:29.878214" level="INFO">{'large': 'https://randomuser.me/api/portraits/women/76.jpg', 'medium': 'https://randomuser.me/api/portraits/med/women/76.jpg', 'thumbnail': 'https://randomuser.me/api/portraits/thumb/women/76.jpg'}</msg>
<arg>${json_data['results'][0]['picture']}</arg>
<doc>Logs the given message with the given level.</doc>
<status status="PASS" start="2024-08-05T15:16:29.877898" elapsed="0.000359"/>
</kw>
<status status="PASS" start="2024-08-05T15:16:29.055064" elapsed="0.823449"/>
</kw>
<kw name="Teste de Tipos de Dados - Postcode" owner="random-user-service">
<kw name="GET On Session" owner="RequestsLibrary">
<msg time="2024-08-05T15:16:30.494659" level="INFO">GET Request : url=https://randomuser.me/api 
 path_url=/api 
 headers={'User-Agent': 'python-requests/2.32.3', 'Accept-Encoding': 'gzip, deflate', 'Accept': '*/*', 'Connection': 'keep-alive'} 
 body=None 
 </msg>
<msg time="2024-08-05T15:16:30.494773" level="INFO">GET Response : url=https://randomuser.me/api 
 status=200, reason=OK 
 headers={'Date': 'Mon, 05 Aug 2024 15:16:30 GMT', 'Content-Type': 'application/json; charset=utf-8', 'Transfer-Encoding': 'chunked', 'Connection': 'keep-alive', 'X-Powered-By': 'Express', 'Access-Control-Allow-Origin': '*', 'Cache-Control': 'no-cache', 'ETag': 'W/"494-Xag7wDVSiAD5Y3/c7Rhkcwlzluw"', 'Vary': 'Accept-Encoding', 'Content-Encoding': 'gzip', 'CF-Cache-Status': 'DYNAMIC', 'Report-To': '{"endpoints":[{"url":"https:\\/\\/a.nel.cloudflare.com\\/report\\/v4?s=nqOBgyOvi9%2FJaNanf56o4htH5TXqyGZQIRWn8uNSrzplf6VPVJxIEjcOw1J6dK0XiozB%2FzSze6q8LNvtx8F%2FA5dWkzpWmchGM2cgMOZt77a8qb8BlmKMt1MIsFdxs9ro"}],"group":"cf-nel","max_age":604800}', 'NEL': '{"success_fraction":0,"report_to":"cf-nel","max_age":604800}', 'Server': 'cloudflare', 'CF-RAY': '8ae7bfa6caed0a11-IAD', 'alt-svc': 'h3=":443"; ma=86400'} 
 body={"results":[{"gender":"female","name":{"title":"Miss","first":"Brooklyn","last":"Wood"},"location":{"street":{"number":256,"name":"Port Hills Road"},"city":"Nelson","state":"Hawke'S Bay","country":"New Zealand","postcode":94229,"coordinates":{"latitude":"49.5957","longitude":"23.2571"},"timezone":{"offset":"+3:00","description":"Baghdad, Riyadh, Moscow, St. Petersburg"}},"email":"brooklyn.wood@example.com","login":{"uuid":"2e180a84-e718-4e8c-bbf6-26e03d5bf0cf","username":"happydog470","password":"world","salt":"EhG4FXSS","md5":"22b9da337e5177fe23ea5004f065554d","sha1":"3f8b0d0fbf98609f5c29e807c6b4b6d0eda38ff4","sha256":"42b66d72f9ba05f071fed52e16346380078725a635fec31e3fb6d0ba0ec4fa5b"},"dob":{"date":"1994-05-10T16:49:32.853Z","age":30},"registered":{"date":"2003-01-24T02:36:45.424Z","age":21},"phone":"(837)-908-9880","cell":"(993)-844-9669","id":{"name":"","value":null},"picture":{"large":"https://randomuser.me/api/portraits/women/20.jpg","medium":"https://randomuser.me/api/portraits/med/women/20.jpg","thumbnail":"https://randomuser.me/api/portraits/thumb/women/20.jpg"},"nat":"NZ"}],"info":{"seed":"1d55551cc78fe507","results":1,"page":1,"version":"1.4"}} 
 </msg>
<msg time="2024-08-05T15:16:30.494855" level="INFO">/opt/hostedtoolcache/Python/3.12.4/x64/lib/python3.12/site-packages/urllib3/connectionpool.py:1099: InsecureRequestWarning: Unverified HTTPS request is being made to host 'randomuser.me'. Adding certificate verification is strongly advised. See: https://urllib3.readthedocs.io/en/latest/advanced-usage.html#tls-warnings
  warnings.warn(</msg>
<msg time="2024-08-05T15:16:30.494994" level="INFO">${response} = &lt;Response [200]&gt;</msg>
<var>${response}</var>
<arg>consultarAPI</arg>
<arg>/api</arg>
<doc>Sends a GET request on a previously created HTTP Session.</doc>
<status status="PASS" start="2024-08-05T15:16:29.878963" elapsed="0.616060"/>
</kw>
<kw name="Set Variable" owner="BuiltIn">
<msg time="2024-08-05T15:16:30.496146" level="INFO">${json_data} = {'results': [{'gender': 'female', 'name': {'title': 'Miss', 'first': 'Brooklyn', 'last': 'Wood'}, 'location': {'street': {'number': 256, 'name': 'Port Hills Road'}, 'city': 'Nelson', 'state': "Hawke'S...</msg>
<var>${json_data}</var>
<arg>${response.json()}</arg>
<doc>Returns the given values which can then be assigned to a variables.</doc>
<status status="PASS" start="2024-08-05T15:16:30.495617" elapsed="0.000558"/>
</kw>
<kw name="Log" owner="BuiltIn">
<msg time="2024-08-05T15:16:30.496645" level="INFO">{'results': [{'gender': 'female', 'name': {'title': 'Miss', 'first': 'Brooklyn', 'last': 'Wood'}, 'location': {'street': {'number': 256, 'name': 'Port Hills Road'}, 'city': 'Nelson', 'state': "Hawke'S Bay", 'country': 'New Zealand', 'postcode': 94229, 'coordinates': {'latitude': '49.5957', 'longitude': '23.2571'}, 'timezone': {'offset': '+3:00', 'description': 'Baghdad, Riyadh, Moscow, St. Petersburg'}}, 'email': 'brooklyn.wood@example.com', 'login': {'uuid': '2e180a84-e718-4e8c-bbf6-26e03d5bf0cf', 'username': 'happydog470', 'password': 'world', 'salt': 'EhG4FXSS', 'md5': '22b9da337e5177fe23ea5004f065554d', 'sha1': '3f8b0d0fbf98609f5c29e807c6b4b6d0eda38ff4', 'sha256': '42b66d72f9ba05f071fed52e16346380078725a635fec31e3fb6d0ba0ec4fa5b'}, 'dob': {'date': '1994-05-10T16:49:32.853Z', 'age': 30}, 'registered': {'date': '2003-01-24T02:36:45.424Z', 'age': 21}, 'phone': '(837)-908-9880', 'cell': '(993)-844-9669', 'id': {'name': '', 'value': None}, 'picture': {'large': 'https://randomuser.me/api/portraits/women/20.jpg', 'medium': 'https://randomuser.me/api/portraits/med/women/20.jpg', 'thumbnail': 'https://randomuser.me/api/portraits/thumb/women/20.jpg'}, 'nat': 'NZ'}], 'info': {'seed': '1d55551cc78fe507', 'results': 1, 'page': 1, 'version': '1.4'}}</msg>
<arg>${json_data}</arg>
<doc>Logs the given message with the given level.</doc>
<status status="PASS" start="2024-08-05T15:16:30.496487" elapsed="0.000205"/>
</kw>
<kw name="Should Be Equal As Numbers" owner="BuiltIn">
<arg>${json_data['results'][0]['location']['postcode']}</arg>
<arg>${json_data['results'][0]['location']['postcode']}</arg>
<doc>Fails if objects are unequal after converting them to real numbers.</doc>
<status status="PASS" start="2024-08-05T15:16:30.496986" elapsed="0.000619"/>
</kw>
<kw name="Log" owner="BuiltIn">
<msg time="2024-08-05T15:16:30.498131" level="INFO">94229</msg>
<arg>${json_data['results'][0]['location']['postcode']}</arg>
<doc>Logs the given message with the given level.</doc>
<status status="PASS" start="2024-08-05T15:16:30.497794" elapsed="0.000417"/>
</kw>
<status status="PASS" start="2024-08-05T15:16:29.878738" elapsed="0.619740"/>
</kw>
<doc>Testa se os tipos de dados na resposta da API estão corretos.</doc>
<tag>testeTiposDados</tag>
<status status="PASS" start="2024-08-05T15:16:29.054611" elapsed="1.444041"/>
</test>
<test id="s1-s1-t5" name="Validar conteudo" line="35">
<kw name="Teste de Tipos de Conteudo" owner="random-user-service">
<kw name="GET On Session" owner="RequestsLibrary">
<msg time="2024-08-05T15:16:31.059446" level="INFO">GET Request : url=https://randomuser.me/api 
 path_url=/api 
 headers={'User-Agent': 'python-requests/2.32.3', 'Accept-Encoding': 'gzip, deflate', 'Accept': '*/*', 'Connection': 'keep-alive'} 
 body=None 
 </msg>
<msg time="2024-08-05T15:16:31.059552" level="INFO">GET Response : url=https://randomuser.me/api 
 status=200, reason=OK 
 headers={'Date': 'Mon, 05 Aug 2024 15:16:31 GMT', 'Content-Type': 'application/json; charset=utf-8', 'Transfer-Encoding': 'chunked', 'Connection': 'keep-alive', 'X-Powered-By': 'Express', 'Access-Control-Allow-Origin': '*', 'Cache-Control': 'no-cache', 'ETag': 'W/"479-lsbffi9GdrbOQCETcOECrk2kkSk"', 'Vary': 'Accept-Encoding', 'Content-Encoding': 'gzip', 'CF-Cache-Status': 'DYNAMIC', 'Report-To': '{"endpoints":[{"url":"https:\\/\\/a.nel.cloudflare.com\\/report\\/v4?s=1vsUlqR8uf0HndpWrrH8hUboTJWd26Wcl346wbdcIp5Q8e1kT79G9a9v94dIYtAA7oxfQ0O4iy05RKMGNc3kijfMwhO%2BRUWrFGS1B3KZayU26NYir5jrXvuFMSPR1V9r"}],"group":"cf-nel","max_age":604800}', 'NEL': '{"success_fraction":0,"report_to":"cf-nel","max_age":604800}', 'Server': 'cloudflare', 'CF-RAY': '8ae7bfaaae080a11-IAD', 'alt-svc': 'h3=":443"; ma=86400'} 
 body={"results":[{"gender":"male","name":{"title":"Mr","first":"Jerry","last":"Wells"},"location":{"street":{"number":8018,"name":"White Oak Dr"},"city":"Darwin","state":"Queensland","country":"Australia","postcode":8089,"coordinates":{"latitude":"-84.0828","longitude":"-61.2819"},"timezone":{"offset":"-12:00","description":"Eniwetok, Kwajalein"}},"email":"jerry.wells@example.com","login":{"uuid":"7f0cf573-2a2d-4dec-8582-2a268465dce6","username":"orangedog246","password":"evolutio","salt":"kOl225UV","md5":"35372cde6b031cf749a1e7ef836f2be0","sha1":"47fa7b0a09f71aa301c642141eb00e7eb2c9ad63","sha256":"25792018e0810a613162a26e857688fed10e9f930c926c1ff278e3aed16a65bc"},"dob":{"date":"1983-03-12T11:28:07.435Z","age":41},"registered":{"date":"2004-11-26T21:21:10.138Z","age":19},"phone":"05-3438-7947","cell":"0408-848-183","id":{"name":"TFN","value":"968814001"},"picture":{"large":"https://randomuser.me/api/portraits/men/43.jpg","medium":"https://randomuser.me/api/portraits/med/men/43.jpg","thumbnail":"https://randomuser.me/api/portraits/thumb/men/43.jpg"},"nat":"AU"}],"info":{"seed":"998ffc12237316d8","results":1,"page":1,"version":"1.4"}} 
 </msg>
<msg time="2024-08-05T15:16:31.059624" level="INFO">/opt/hostedtoolcache/Python/3.12.4/x64/lib/python3.12/site-packages/urllib3/connectionpool.py:1099: InsecureRequestWarning: Unverified HTTPS request is being made to host 'randomuser.me'. Adding certificate verification is strongly advised. See: https://urllib3.readthedocs.io/en/latest/advanced-usage.html#tls-warnings
  warnings.warn(</msg>
<msg time="2024-08-05T15:16:31.059744" level="INFO">${response} = &lt;Response [200]&gt;</msg>
<var>${response}</var>
<arg>consultarAPI</arg>
<arg>/api</arg>
<doc>Sends a GET request on a previously created HTTP Session.</doc>
<status status="PASS" start="2024-08-05T15:16:30.501232" elapsed="0.558542"/>
</kw>
<kw name="Set Variable" owner="BuiltIn">
<msg time="2024-08-05T15:16:31.060862" level="INFO">${json_data} = {'results': [{'gender': 'male', 'name': {'title': 'Mr', 'first': 'Jerry', 'last': 'Wells'}, 'location': {'street': {'number': 8018, 'name': 'White Oak Dr'}, 'city': 'Darwin', 'state': 'Queensland', 'c...</msg>
<var>${json_data}</var>
<arg>${response.json()}</arg>
<doc>Returns the given values which can then be assigned to a variables.</doc>
<status status="PASS" start="2024-08-05T15:16:31.060330" elapsed="0.000561"/>
</kw>
<kw name="Set Variable" owner="BuiltIn">
<msg time="2024-08-05T15:16:31.061583" level="INFO">${name_title} = Mr</msg>
<var>${name_title}</var>
<arg>${json_data["results"][0]["name"]["title"]}</arg>
<doc>Returns the given values which can then be assigned to a variables.</doc>
<status status="PASS" start="2024-08-05T15:16:31.061203" elapsed="0.000405"/>
</kw>
<kw name="Create List" owner="BuiltIn">
<msg time="2024-08-05T15:16:31.062054" level="INFO">${allowed_titles} = ['Mr', 'Ms', 'Miss', 'Mrs', 'Madame', 'Monsieur']</msg>
<var>${allowed_titles}</var>
<arg>Mr</arg>
<arg>Ms</arg>
<arg>Miss</arg>
<arg>Mrs</arg>
<arg>Madame</arg>
<arg>Monsieur</arg>
<doc>Returns a list containing given items.</doc>
<status status="PASS" start="2024-08-05T15:16:31.061906" elapsed="0.000173"/>
</kw>
<kw name="List Should Contain Value" owner="Collections">
<arg>${allowed_titles}</arg>
<arg>${name_title}</arg>
<doc>Fails if the ``value`` is not found from ``list``.</doc>
<status status="PASS" start="2024-08-05T15:16:31.062382" elapsed="0.000187"/>
</kw>
<kw name="Set Variable" owner="BuiltIn">
<msg time="2024-08-05T15:16:31.063120" level="INFO">${name_country} = AU</msg>
<var>${name_country}</var>
<arg>${json_data["results"][0]["nat"]}</arg>
<doc>Returns the given values which can then be assigned to a variables.</doc>
<status status="PASS" start="2024-08-05T15:16:31.062748" elapsed="0.000397"/>
</kw>
<kw name="Create List" owner="BuiltIn">
<msg time="2024-08-05T15:16:31.064084" level="INFO">${list_country} = ['AD', 'AE', 'AF', 'AG', 'AI', 'AL', 'AM', 'AO', 'AQ', 'AR', 'AS', 'AT', 'AU', 'AW', 'AX', 'AZ', 'BA', 'BB', 'BD', 'BE', 'BF', 'BG', 'BH', 'BI', 'BJ', 'BL', 'BM', 'BN', 'BO', 'BQ', 'BR', 'BS', 'BT', '...</msg>
<var>${list_country}</var>
<arg>AD</arg>
<arg>AE</arg>
<arg>AF</arg>
<arg>AG</arg>
<arg>AI</arg>
<arg>AL</arg>
<arg>AM</arg>
<arg>AO</arg>
<arg>AQ</arg>
<arg>AR</arg>
<arg>AS</arg>
<arg>AT</arg>
<arg>AU</arg>
<arg>AW</arg>
<arg>AX</arg>
<arg>AZ</arg>
<arg>BA</arg>
<arg>BB</arg>
<arg>BD</arg>
<arg>BE</arg>
<arg>BF</arg>
<arg>BG</arg>
<arg>BH</arg>
<arg>BI</arg>
<arg>BJ</arg>
<arg>BL</arg>
<arg>BM</arg>
<arg>BN</arg>
<arg>BO</arg>
<arg>BQ</arg>
<arg>BR</arg>
<arg>BS</arg>
<arg>BT</arg>
<arg>BV</arg>
<arg>BW</arg>
<arg>BY</arg>
<arg>BZ</arg>
<arg>CA</arg>
<arg>CC</arg>
<arg>CD</arg>
<arg>CF</arg>
<arg>CG</arg>
<arg>CH</arg>
<arg>CI</arg>
<arg>CK</arg>
<arg>CL</arg>
<arg>CM</arg>
<arg>CN</arg>
<arg>CO</arg>
<arg>CR</arg>
<arg>CU</arg>
<arg>CV</arg>
<arg>CW</arg>
<arg>CX</arg>
<arg>CY</arg>
<arg>CZ</arg>
<arg>DE</arg>
<arg>DJ</arg>
<arg>DK</arg>
<arg>DM</arg>
<arg>DO</arg>
<arg>DZ</arg>
<arg>EC</arg>
<arg>EE</arg>
<arg>EG</arg>
<arg>EH</arg>
<arg>ER</arg>
<arg>ES</arg>
<arg>ET</arg>
<arg>FI</arg>
<arg>FJ</arg>
<arg>FK</arg>
<arg>FM</arg>
<arg>FO</arg>
<arg>FR</arg>
<arg>GA</arg>
<arg>GB</arg>
<arg>GD</arg>
<arg>GE</arg>
<arg>GF</arg>
<arg>GG</arg>
<arg>GH</arg>
<arg>GI</arg>
<arg>GL</arg>
<arg>GM</arg>
<arg>GN</arg>
<arg>GP</arg>
<arg>GQ</arg>
<arg>GR</arg>
<arg>GS</arg>
<arg>GT</arg>
<arg>GU</arg>
<arg>GW</arg>
<arg>GY</arg>
<arg>HK</arg>
<arg>HM</arg>
<arg>HN</arg>
<arg>HR</arg>
<arg>HT</arg>
<arg>HU</arg>
<arg>ID</arg>
<arg>IE</arg>
<arg>IL</arg>
<arg>IM</arg>
<arg>IN</arg>
<arg>IO</arg>
<arg>IQ</arg>
<arg>IR</arg>
<arg>IS</arg>
<arg>IT</arg>
<arg>JE</arg>
<arg>JM</arg>
<arg>JO</arg>
<arg>JP</arg>
<arg>KE</arg>
<arg>KG</arg>
<arg>KH</arg>
<arg>KI</arg>
<arg>KM</arg>
<arg>KN</arg>
<arg>KP</arg>
<arg>KR</arg>
<arg>KW</arg>
<arg>KY</arg>
<arg>KZ</arg>
<arg>LA</arg>
<arg>LB</arg>
<arg>LC</arg>
<arg>LI</arg>
<arg>LK</arg>
<arg>LR</arg>
<arg>LS</arg>
<arg>LT</arg>
<arg>LU</arg>
<arg>LV</arg>
<arg>LY</arg>
<arg>MA</arg>
<arg>MC</arg>
<arg>MD</arg>
<arg>ME</arg>
<arg>MF</arg>
<arg>MG</arg>
<arg>MH</arg>
<arg>MK</arg>
<arg>ML</arg>
<arg>MM</arg>
<arg>MN</arg>
<arg>MO</arg>
<arg>MP</arg>
<arg>MQ</arg>
<arg>MR</arg>
<arg>MS</arg>
<arg>MT</arg>
<arg>MU</arg>
<arg>MV</arg>
<arg>MW</arg>
<arg>MX</arg>
<arg>MY</arg>
<arg>MZ</arg>
<arg>NA</arg>
<arg>NC</arg>
<arg>NE</arg>
<arg>NF</arg>
<arg>NG</arg>
<arg>NI</arg>
<arg>NL</arg>
<arg>NO</arg>
<arg>NP</arg>
<arg>NR</arg>
<arg>NU</arg>
<arg>NZ</arg>
<arg>OM</arg>
<arg>PA</arg>
<arg>PE</arg>
<arg>PF</arg>
<arg>PG</arg>
<arg>PH</arg>
<arg>PK</arg>
<arg>PL</arg>
<arg>PM</arg>
<arg>PN</arg>
<arg>PR</arg>
<arg>PS</arg>
<arg>PT</arg>
<arg>PW</arg>
<arg>PY</arg>
<arg>QA</arg>
<arg>RE</arg>
<arg>RO</arg>
<arg>RS</arg>
<arg>RU</arg>
<arg>RW</arg>
<arg>SA</arg>
<arg>SB</arg>
<arg>SC</arg>
<arg>SD</arg>
<arg>SE</arg>
<arg>SG</arg>
<arg>SH</arg>
<arg>SI</arg>
<arg>SJ</arg>
<arg>SK</arg>
<arg>SL</arg>
<arg>SM</arg>
<arg>SN</arg>
<arg>SO</arg>
<arg>SR</arg>
<arg>SS</arg>
<arg>ST</arg>
<arg>SV</arg>
<arg>SX</arg>
<arg>SY</arg>
<arg>SZ</arg>
<arg>TC</arg>
<arg>TD</arg>
<arg>TF</arg>
<arg>TG</arg>
<arg>TH</arg>
<arg>TJ</arg>
<arg>TK</arg>
<arg>TL</arg>
<arg>TM</arg>
<arg>TN</arg>
<arg>TO</arg>
<arg>TR</arg>
<arg>TT</arg>
<arg>TV</arg>
<arg>TW</arg>
<arg>TZ</arg>
<arg>UA</arg>
<arg>UG</arg>
<arg>UM</arg>
<arg>US</arg>
<arg>UY</arg>
<arg>UZ</arg>
<arg>VA</arg>
<arg>VC</arg>
<arg>VE</arg>
<arg>VG</arg>
<arg>VI</arg>
<arg>VN</arg>
<arg>VU</arg>
<arg>WF</arg>
<arg>WS</arg>
<arg>XK</arg>
<arg>YE</arg>
<arg>YT</arg>
<arg>ZA</arg>
<arg>ZM</arg>
<arg>ZW</arg>
<doc>Returns a list containing given items.</doc>
<status status="PASS" start="2024-08-05T15:16:31.063481" elapsed="0.000628"/>
</kw>
<kw name="List Should Contain Value" owner="Collections">
<arg>${list_country}</arg>
<arg>${name_country}</arg>
<doc>Fails if the ``value`` is not found from ``list``.</doc>
<status status="PASS" start="2024-08-05T15:16:31.065117" elapsed="0.000212"/>
</kw>
<kw name="Run Keyword If" owner="BuiltIn">
<kw name="Should Be True" owner="BuiltIn">
<arg>${True}</arg>
<doc>Fails if the given condition is not true.</doc>
<status status="PASS" start="2024-08-05T15:16:31.066288" elapsed="0.000143"/>
</kw>
<arg>${json_data["results"][0]["location"]["coordinates"]["latitude"]} &gt;= -90 and ${json_data["results"][0]["location"]["coordinates"]["latitude"]} &lt;= 90</arg>
<arg>Should Be True</arg>
<arg>${True}</arg>
<doc>Runs the given keyword with the given arguments, if ``condition`` is true.</doc>
<status status="PASS" start="2024-08-05T15:16:31.065531" elapsed="0.001025"/>
</kw>
<kw name="Run Keyword If" owner="BuiltIn">
<kw name="Should Be True" owner="BuiltIn">
<arg>${True}</arg>
<doc>Fails if the given condition is not true.</doc>
<status status="PASS" start="2024-08-05T15:16:31.067461" elapsed="0.000145"/>
</kw>
<arg>${json_data["results"][0]["location"]["coordinates"]["longitude"]} &gt;= -180 and ${json_data["results"][0]["location"]["coordinates"]["longitude"]} &lt;= 180</arg>
<arg>Should Be True</arg>
<arg>${True}</arg>
<doc>Runs the given keyword with the given arguments, if ``condition`` is true.</doc>
<status status="PASS" start="2024-08-05T15:16:31.066735" elapsed="0.000995"/>
</kw>
<status status="PASS" start="2024-08-05T15:16:30.500967" elapsed="0.566896"/>
</kw>
<doc>Testa o conteúdo específico dos campos retornados pela API.</doc>
<tag>testeConteudo</tag>
<status status="PASS" start="2024-08-05T15:16:30.500468" elapsed="0.567548"/>
</test>
<status status="PASS" start="2024-08-05T15:16:25.970287" elapsed="5.099695"/>
</suite>
<status status="PASS" start="2024-08-05T15:16:25.955182" elapsed="5.120033"/>
</suite>
<statistics>
<total>
<stat pass="5" fail="0" skip="0">All Tests</stat>
</total>
<tag>
<stat pass="1" fail="0" skip="0">testeConteudo</stat>
<stat pass="1" fail="0" skip="0">testeEstruturaResposta</stat>
<stat pass="1" fail="0" skip="0">testeRequisicaoBasica</stat>
<stat pass="1" fail="0" skip="0">testeTiposDados</stat>
</tag>
<suite>
<stat pass="5" fail="0" skip="0" id="s1" name="Tests">Tests</stat>
<stat pass="5" fail="0" skip="0" id="s1-s1" name="Random-User-Test">Tests.Random-User-Test</stat>
</suite>
</statistics>
<errors>
</errors>
</robot>
