<?xml version="1.0" encoding="UTF-8"?>
<robot generator="Robot 7.0.1 (Python 3.12.4 on linux)" generated="2024-07-24T21:15:02.379052" rpa="false" schemaversion="5">
<suite id="s1" name="Tests" source="/home/runner/work/ApiRandomUser/ApiRandomUser/RamdonUser/tests">
<suite id="s1-s1" name="Random-User-Test" source="/home/runner/work/ApiRandomUser/ApiRandomUser/RamdonUser/tests/random-user-test.robot">
<test id="s1-s1-t1" name="Conectar" line="13">
<kw name="Conectar API" owner="random-user-service">
<kw name="Create Session" owner="RequestsLibrary">
<msg time="2024-07-24T21:15:02.778717" level="INFO">Creating Session using : alias=consultarAPI, url=https://randomuser.me/, headers={},                     cookies={}, auth=None, timeout=None, proxies=None, verify=False,                     debug=0 </msg>
<arg>consultarAPI</arg>
<arg>${URL}</arg>
<doc>Create Session: create a HTTP session to a server</doc>
<status status="PASS" start="2024-07-24T21:15:02.778490" elapsed="0.000431"/>
</kw>
<status status="PASS" start="2024-07-24T21:15:02.777425" elapsed="0.001867"/>
</kw>
<status status="PASS" start="2024-07-24T21:15:02.776791" elapsed="0.002737"/>
</test>
<test id="s1-s1-t2" name="Validar retorno 200 e JSON Válido" line="16">
<kw name="Teste de Requisicao Basica" owner="random-user-service">
<kw name="GET On Session" owner="RequestsLibrary">
<msg time="2024-07-24T21:15:02.987845" level="INFO">GET Request : url=https://randomuser.me/api 
 path_url=/api 
 headers={'User-Agent': 'python-requests/2.32.3', 'Accept-Encoding': 'gzip, deflate', 'Accept': '*/*', 'Connection': 'keep-alive'} 
 body=None 
 </msg>
<msg time="2024-07-24T21:15:02.988021" level="INFO">GET Response : url=https://randomuser.me/api 
 status=200, reason=OK 
 headers={'Date': 'Wed, 24 Jul 2024 21:15:02 GMT', 'Content-Type': 'application/json; charset=utf-8', 'Transfer-Encoding': 'chunked', 'Connection': 'keep-alive', 'X-Powered-By': 'Express', 'Access-Control-Allow-Origin': '*', 'Cache-Control': 'no-cache', 'ETag': 'W/"499-eVxE4Yn6VoWQ4F+PQn4iPrtf8nE"', 'Vary': 'Accept-Encoding', 'Content-Encoding': 'gzip', 'CF-Cache-Status': 'DYNAMIC', 'Report-To': '{"endpoints":[{"url":"https:\\/\\/a.nel.cloudflare.com\\/report\\/v4?s=jPuALTczzv6J56QRHJF6sCIG4SQZG8UPukkgGKS9XgU0MFO1sbKqMSbbUQ3k7HhSBOiO3R3TEHUMIhouH59XEskDhk6iluUCIVd52EbiANlPCeyvIwr1%2FKRIhY89Nnem"}],"group":"cf-nel","max_age":604800}', 'NEL': '{"success_fraction":0,"report_to":"cf-nel","max_age":604800}', 'Server': 'cloudflare', 'CF-RAY': '8a86ec5f6fd82d14-IAD', 'alt-svc': 'h3=":443"; ma=86400'} 
 body={"results":[{"gender":"female","name":{"title":"Mrs","first":"Vera","last":"Phillips"},"location":{"street":{"number":5226,"name":"Lovers Ln"},"city":"Brisbane","state":"New South Wales","country":"Australia","postcode":5972,"coordinates":{"latitude":"-82.1724","longitude":"102.0929"},"timezone":{"offset":"+8:00","description":"Beijing, Perth, Singapore, Hong Kong"}},"email":"vera.phillips@example.com","login":{"uuid":"fb8d8732-6738-4de3-af3e-a0aefa13f434","username":"tinyostrich143","password":"byebye","salt":"EoG15mA0","md5":"053400a61879a47de1dafcb69ee1dd89","sha1":"12754b1de7eb3c5e518858eb865f95b082ae95cc","sha256":"b59d44a8cedcca53a46916a760e06573105fa7e7b1e450233556eda45662ff8e"},"dob":{"date":"1983-03-19T01:07:55.719Z","age":41},"registered":{"date":"2020-05-06T04:58:29.207Z","age":4},"phone":"06-0192-2252","cell":"0457-921-255","id":{"name":"TFN","value":"069516126"},"picture":{"large":"https://randomuser.me/api/portraits/women/93.jpg","medium":"https://randomuser.me/api/portraits/med/women/93.jpg","thumbnail":"https://randomuser.me/api/portraits/thumb/women/93.jpg"},"nat":"AU"}],"info":{"seed":"be92dfa433af4488","results":1,"page":1,"version":"1.4"}} 
 </msg>
<msg time="2024-07-24T21:15:02.988115" level="INFO">/opt/hostedtoolcache/Python/3.12.4/x64/lib/python3.12/site-packages/urllib3/connectionpool.py:1099: InsecureRequestWarning: Unverified HTTPS request is being made to host 'randomuser.me'. Adding certificate verification is strongly advised. See: https://urllib3.readthedocs.io/en/latest/advanced-usage.html#tls-warnings
  warnings.warn(</msg>
<msg time="2024-07-24T21:15:02.988271" level="INFO">${response} = &lt;Response [200]&gt;</msg>
<var>${response}</var>
<arg>consultarAPI</arg>
<arg>/api</arg>
<doc>Sends a GET request on a previously created HTTP Session.</doc>
<status status="PASS" start="2024-07-24T21:15:02.782214" elapsed="0.206089"/>
</kw>
<kw name="Should Be Equal As Numbers" owner="BuiltIn">
<msg time="2024-07-24T21:15:02.989283" level="INFO">Argument types are:
&lt;class 'int'&gt;
&lt;class 'str'&gt;</msg>
<arg>${response.status_code}</arg>
<arg>200</arg>
<doc>Fails if objects are unequal after converting them to real numbers.</doc>
<status status="PASS" start="2024-07-24T21:15:02.988813" elapsed="0.000536"/>
</kw>
<kw name="Log" owner="BuiltIn">
<msg time="2024-07-24T21:15:02.990026" level="INFO">200</msg>
<arg>${response.status_code}</arg>
<doc>Logs the given message with the given level.</doc>
<status status="PASS" start="2024-07-24T21:15:02.989665" elapsed="0.000404"/>
</kw>
<kw name="Set Variable" owner="BuiltIn">
<msg time="2024-07-24T21:15:02.990821" level="INFO">${json_data} = {'results': [{'gender': 'female', 'name': {'title': 'Mrs', 'first': 'Vera', 'last': 'Phillips'}, 'location': {'street': {'number': 5226, 'name': 'Lovers Ln'}, 'city': 'Brisbane', 'state': 'New South W...</msg>
<var>${json_data}</var>
<arg>${response.json()}</arg>
<doc>Returns the given values which can then be assigned to a variables.</doc>
<status status="PASS" start="2024-07-24T21:15:02.990384" elapsed="0.000465"/>
</kw>
<kw name="Dictionary Should Contain Key" owner="Collections">
<arg>${json_data}</arg>
<arg>results</arg>
<doc>Fails if ``key`` is not found from ``dictionary``.</doc>
<status status="PASS" start="2024-07-24T21:15:02.991154" elapsed="0.000363"/>
</kw>
<status status="PASS" start="2024-07-24T21:15:02.781953" elapsed="0.209729"/>
</kw>
<doc>Testa se a API responde corretamente e retorna um objeto JSON válido.</doc>
<tag>testeRequisicaoBasica</tag>
<status status="PASS" start="2024-07-24T21:15:02.781423" elapsed="0.210437"/>
</test>
<test id="s1-s1-t3" name="Validar estrutura de resposta" line="22">
<kw name="Teste de Estrutura de Resposta" owner="random-user-service">
<kw name="GET On Session" owner="RequestsLibrary">
<msg time="2024-07-24T21:15:03.091390" level="INFO">GET Request : url=https://randomuser.me/api 
 path_url=/api 
 headers={'User-Agent': 'python-requests/2.32.3', 'Accept-Encoding': 'gzip, deflate', 'Accept': '*/*', 'Connection': 'keep-alive'} 
 body=None 
 </msg>
<msg time="2024-07-24T21:15:03.091519" level="INFO">GET Response : url=https://randomuser.me/api 
 status=200, reason=OK 
 headers={'Date': 'Wed, 24 Jul 2024 21:15:03 GMT', 'Content-Type': 'application/json; charset=utf-8', 'Transfer-Encoding': 'chunked', 'Connection': 'keep-alive', 'X-Powered-By': 'Express', 'Access-Control-Allow-Origin': '*', 'Cache-Control': 'no-cache', 'ETag': 'W/"4a0-izda93l2mXFTFcHTeE7m0K0Z3qM"', 'Vary': 'Accept-Encoding', 'Content-Encoding': 'gzip', 'CF-Cache-Status': 'DYNAMIC', 'Report-To': '{"endpoints":[{"url":"https:\\/\\/a.nel.cloudflare.com\\/report\\/v4?s=BP7n%2BoTXDz6s6ceKiN0OKFFVvHoIwB%2F8rT4spJoQR0D93B2DDP0Gq7Ej3Ib62dIqDkYdZvifxk2FDgHToOxmIbvmm1%2BuOVBjQm4f3eNouarpcChQM4zYmY%2FyM7rcw91u"}],"group":"cf-nel","max_age":604800}', 'NEL': '{"success_fraction":0,"report_to":"cf-nel","max_age":604800}', 'Server': 'cloudflare', 'CF-RAY': '8a86ec5fb81f2d14-IAD', 'alt-svc': 'h3=":443"; ma=86400'} 
 body={"results":[{"gender":"female","name":{"title":"Mrs","first":"Helmi","last":"Huotari"},"location":{"street":{"number":1267,"name":"Hämeenkatu"},"city":"Jakobstad","state":"Southern Savonia","country":"Finland","postcode":11711,"coordinates":{"latitude":"-22.1839","longitude":"45.9616"},"timezone":{"offset":"+8:00","description":"Beijing, Perth, Singapore, Hong Kong"}},"email":"helmi.huotari@example.com","login":{"uuid":"436d232d-02ae-4fbb-a543-4a2982757e54","username":"bluefish703","password":"coral","salt":"iN50STjt","md5":"b254af2b846393b49e3ae518e306aed5","sha1":"6f1b8db65950c0f94c712e80d9ba3f487f0ae77a","sha256":"ae9cd4ef4c18eaefdc129fad7e50da7de4679ac90efc4c3feb85f69ae61c54f1"},"dob":{"date":"1953-12-27T14:39:12.657Z","age":70},"registered":{"date":"2013-09-18T20:04:37.907Z","age":10},"phone":"03-434-932","cell":"048-356-52-29","id":{"name":"HETU","value":"NaNNA330undefined"},"picture":{"large":"https://randomuser.me/api/portraits/women/50.jpg","medium":"https://randomuser.me/api/portraits/med/women/50.jpg","thumbnail":"https://randomuser.me/api/portraits/thumb/women/50.jpg"},"nat":"FI"}],"info":{"seed":"655655560e3a35fb","results":1,"page":1,"version":"1.4"}} 
 </msg>
<msg time="2024-07-24T21:15:03.091670" level="INFO">/opt/hostedtoolcache/Python/3.12.4/x64/lib/python3.12/site-packages/urllib3/connectionpool.py:1099: InsecureRequestWarning: Unverified HTTPS request is being made to host 'randomuser.me'. Adding certificate verification is strongly advised. See: https://urllib3.readthedocs.io/en/latest/advanced-usage.html#tls-warnings
  warnings.warn(</msg>
<msg time="2024-07-24T21:15:03.091818" level="INFO">${response} = &lt;Response [200]&gt;</msg>
<var>${response}</var>
<arg>consultarAPI</arg>
<arg>/api</arg>
<doc>Sends a GET request on a previously created HTTP Session.</doc>
<status status="PASS" start="2024-07-24T21:15:02.994446" elapsed="0.097417"/>
</kw>
<kw name="Set Variable" owner="BuiltIn">
<msg time="2024-07-24T21:15:03.092914" level="INFO">${json_data} = {'results': [{'gender': 'female', 'name': {'title': 'Mrs', 'first': 'Helmi', 'last': 'Huotari'}, 'location': {'street': {'number': 1267, 'name': 'Hämeenkatu'}, 'city': 'Jakobstad', 'state': 'Southern ...</msg>
<var>${json_data}</var>
<arg>${response.json()}</arg>
<doc>Returns the given values which can then be assigned to a variables.</doc>
<status status="PASS" start="2024-07-24T21:15:03.092383" elapsed="0.000561"/>
</kw>
<kw name="Log" owner="BuiltIn">
<msg time="2024-07-24T21:15:03.093422" level="INFO">{'results': [{'gender': 'female', 'name': {'title': 'Mrs', 'first': 'Helmi', 'last': 'Huotari'}, 'location': {'street': {'number': 1267, 'name': 'Hämeenkatu'}, 'city': 'Jakobstad', 'state': 'Southern Savonia', 'country': 'Finland', 'postcode': 11711, 'coordinates': {'latitude': '-22.1839', 'longitude': '45.9616'}, 'timezone': {'offset': '+8:00', 'description': 'Beijing, Perth, Singapore, Hong Kong'}}, 'email': 'helmi.huotari@example.com', 'login': {'uuid': '436d232d-02ae-4fbb-a543-4a2982757e54', 'username': 'bluefish703', 'password': 'coral', 'salt': 'iN50STjt', 'md5': 'b254af2b846393b49e3ae518e306aed5', 'sha1': '6f1b8db65950c0f94c712e80d9ba3f487f0ae77a', 'sha256': 'ae9cd4ef4c18eaefdc129fad7e50da7de4679ac90efc4c3feb85f69ae61c54f1'}, 'dob': {'date': '1953-12-27T14:39:12.657Z', 'age': 70}, 'registered': {'date': '2013-09-18T20:04:37.907Z', 'age': 10}, 'phone': '03-434-932', 'cell': '048-356-52-29', 'id': {'name': 'HETU', 'value': 'NaNNA330undefined'}, 'picture': {'large': 'https://randomuser.me/api/portraits/women/50.jpg', 'medium': 'https://randomuser.me/api/portraits/med/women/50.jpg', 'thumbnail': 'https://randomuser.me/api/portraits/thumb/women/50.jpg'}, 'nat': 'FI'}], 'info': {'seed': '655655560e3a35fb', 'results': 1, 'page': 1, 'version': '1.4'}}</msg>
<arg>${json_data}</arg>
<doc>Logs the given message with the given level.</doc>
<status status="PASS" start="2024-07-24T21:15:03.093256" elapsed="0.000222"/>
</kw>
<kw name="Dictionary Should Contain Key" owner="Collections">
<arg>${json_data}</arg>
<arg>results</arg>
<doc>Fails if ``key`` is not found from ``dictionary``.</doc>
<status status="PASS" start="2024-07-24T21:15:03.093780" elapsed="0.000164"/>
</kw>
<kw name="Should Not Be Empty" owner="BuiltIn">
<msg time="2024-07-24T21:15:03.094267" level="INFO">Length is 2.</msg>
<arg>${json_data}</arg>
<doc>Verifies that the given item is not empty.</doc>
<status status="PASS" start="2024-07-24T21:15:03.094134" elapsed="0.000173"/>
</kw>
<kw name="Create List" owner="BuiltIn">
<msg time="2024-07-24T21:15:03.094769" level="INFO">${expected_keys} = ['gender', 'name', 'location', 'email', 'login']</msg>
<var>${expected_keys}</var>
<arg>gender</arg>
<arg>name</arg>
<arg>location</arg>
<arg>email</arg>
<arg>login</arg>
<doc>Returns a list containing given items.</doc>
<status status="PASS" start="2024-07-24T21:15:03.094605" elapsed="0.000189"/>
</kw>
<for flavor="IN">
<iter>
<kw name="Dictionary Should Contain Key" owner="Collections">
<arg>${json_data['results'][0]}</arg>
<arg>${key}</arg>
<doc>Fails if ``key`` is not found from ``dictionary``.</doc>
<status status="PASS" start="2024-07-24T21:15:03.095397" elapsed="0.000447"/>
</kw>
<kw name="Log" owner="BuiltIn">
<msg time="2024-07-24T21:15:03.096409" level="INFO">{'gender': 'female', 'name': {'title': 'Mrs', 'first': 'Helmi', 'last': 'Huotari'}, 'location': {'street': {'number': 1267, 'name': 'Hämeenkatu'}, 'city': 'Jakobstad', 'state': 'Southern Savonia', 'country': 'Finland', 'postcode': 11711, 'coordinates': {'latitude': '-22.1839', 'longitude': '45.9616'}, 'timezone': {'offset': '+8:00', 'description': 'Beijing, Perth, Singapore, Hong Kong'}}, 'email': 'helmi.huotari@example.com', 'login': {'uuid': '436d232d-02ae-4fbb-a543-4a2982757e54', 'username': 'bluefish703', 'password': 'coral', 'salt': 'iN50STjt', 'md5': 'b254af2b846393b49e3ae518e306aed5', 'sha1': '6f1b8db65950c0f94c712e80d9ba3f487f0ae77a', 'sha256': 'ae9cd4ef4c18eaefdc129fad7e50da7de4679ac90efc4c3feb85f69ae61c54f1'}, 'dob': {'date': '1953-12-27T14:39:12.657Z', 'age': 70}, 'registered': {'date': '2013-09-18T20:04:37.907Z', 'age': 10}, 'phone': '03-434-932', 'cell': '048-356-52-29', 'id': {'name': 'HETU', 'value': 'NaNNA330undefined'}, 'picture': {'large': 'https://randomuser.me/api/portraits/women/50.jpg', 'medium': 'https://randomuser.me/api/portraits/med/women/50.jpg', 'thumbnail': 'https://randomuser.me/api/portraits/thumb/women/50.jpg'}, 'nat': 'FI'}</msg>
<arg>${json_data['results'][0]}</arg>
<doc>Logs the given message with the given level.</doc>
<status status="PASS" start="2024-07-24T21:15:03.096035" elapsed="0.000424"/>
</kw>
<kw name="Log" owner="BuiltIn">
<msg time="2024-07-24T21:15:03.096903" level="INFO">gender</msg>
<arg>${key}</arg>
<doc>Logs the given message with the given level.</doc>
<status status="PASS" start="2024-07-24T21:15:03.096768" elapsed="0.000174"/>
</kw>
<var name="${key}">gender</var>
<status status="PASS" start="2024-07-24T21:15:03.095266" elapsed="0.001897"/>
</iter>
<iter>
<kw name="Dictionary Should Contain Key" owner="Collections">
<arg>${json_data['results'][0]}</arg>
<arg>${key}</arg>
<doc>Fails if ``key`` is not found from ``dictionary``.</doc>
<status status="PASS" start="2024-07-24T21:15:03.097462" elapsed="0.000392"/>
</kw>
<kw name="Log" owner="BuiltIn">
<msg time="2024-07-24T21:15:03.098441" level="INFO">{'gender': 'female', 'name': {'title': 'Mrs', 'first': 'Helmi', 'last': 'Huotari'}, 'location': {'street': {'number': 1267, 'name': 'Hämeenkatu'}, 'city': 'Jakobstad', 'state': 'Southern Savonia', 'country': 'Finland', 'postcode': 11711, 'coordinates': {'latitude': '-22.1839', 'longitude': '45.9616'}, 'timezone': {'offset': '+8:00', 'description': 'Beijing, Perth, Singapore, Hong Kong'}}, 'email': 'helmi.huotari@example.com', 'login': {'uuid': '436d232d-02ae-4fbb-a543-4a2982757e54', 'username': 'bluefish703', 'password': 'coral', 'salt': 'iN50STjt', 'md5': 'b254af2b846393b49e3ae518e306aed5', 'sha1': '6f1b8db65950c0f94c712e80d9ba3f487f0ae77a', 'sha256': 'ae9cd4ef4c18eaefdc129fad7e50da7de4679ac90efc4c3feb85f69ae61c54f1'}, 'dob': {'date': '1953-12-27T14:39:12.657Z', 'age': 70}, 'registered': {'date': '2013-09-18T20:04:37.907Z', 'age': 10}, 'phone': '03-434-932', 'cell': '048-356-52-29', 'id': {'name': 'HETU', 'value': 'NaNNA330undefined'}, 'picture': {'large': 'https://randomuser.me/api/portraits/women/50.jpg', 'medium': 'https://randomuser.me/api/portraits/med/women/50.jpg', 'thumbnail': 'https://randomuser.me/api/portraits/thumb/women/50.jpg'}, 'nat': 'FI'}</msg>
<arg>${json_data['results'][0]}</arg>
<doc>Logs the given message with the given level.</doc>
<status status="PASS" start="2024-07-24T21:15:03.098040" elapsed="0.000452"/>
</kw>
<kw name="Log" owner="BuiltIn">
<msg time="2024-07-24T21:15:03.098923" level="INFO">name</msg>
<arg>${key}</arg>
<doc>Logs the given message with the given level.</doc>
<status status="PASS" start="2024-07-24T21:15:03.098792" elapsed="0.000171"/>
</kw>
<var name="${key}">name</var>
<status status="PASS" start="2024-07-24T21:15:03.097350" elapsed="0.001832"/>
</iter>
<iter>
<kw name="Dictionary Should Contain Key" owner="Collections">
<arg>${json_data['results'][0]}</arg>
<arg>${key}</arg>
<doc>Fails if ``key`` is not found from ``dictionary``.</doc>
<status status="PASS" start="2024-07-24T21:15:03.099526" elapsed="0.000403"/>
</kw>
<kw name="Log" owner="BuiltIn">
<msg time="2024-07-24T21:15:03.100503" level="INFO">{'gender': 'female', 'name': {'title': 'Mrs', 'first': 'Helmi', 'last': 'Huotari'}, 'location': {'street': {'number': 1267, 'name': 'Hämeenkatu'}, 'city': 'Jakobstad', 'state': 'Southern Savonia', 'country': 'Finland', 'postcode': 11711, 'coordinates': {'latitude': '-22.1839', 'longitude': '45.9616'}, 'timezone': {'offset': '+8:00', 'description': 'Beijing, Perth, Singapore, Hong Kong'}}, 'email': 'helmi.huotari@example.com', 'login': {'uuid': '436d232d-02ae-4fbb-a543-4a2982757e54', 'username': 'bluefish703', 'password': 'coral', 'salt': 'iN50STjt', 'md5': 'b254af2b846393b49e3ae518e306aed5', 'sha1': '6f1b8db65950c0f94c712e80d9ba3f487f0ae77a', 'sha256': 'ae9cd4ef4c18eaefdc129fad7e50da7de4679ac90efc4c3feb85f69ae61c54f1'}, 'dob': {'date': '1953-12-27T14:39:12.657Z', 'age': 70}, 'registered': {'date': '2013-09-18T20:04:37.907Z', 'age': 10}, 'phone': '03-434-932', 'cell': '048-356-52-29', 'id': {'name': 'HETU', 'value': 'NaNNA330undefined'}, 'picture': {'large': 'https://randomuser.me/api/portraits/women/50.jpg', 'medium': 'https://randomuser.me/api/portraits/med/women/50.jpg', 'thumbnail': 'https://randomuser.me/api/portraits/thumb/women/50.jpg'}, 'nat': 'FI'}</msg>
<arg>${json_data['results'][0]}</arg>
<doc>Logs the given message with the given level.</doc>
<status status="PASS" start="2024-07-24T21:15:03.100129" elapsed="0.000425"/>
</kw>
<kw name="Log" owner="BuiltIn">
<msg time="2024-07-24T21:15:03.100990" level="INFO">location</msg>
<arg>${key}</arg>
<doc>Logs the given message with the given level.</doc>
<status status="PASS" start="2024-07-24T21:15:03.100859" elapsed="0.000170"/>
</kw>
<var name="${key}">location</var>
<status status="PASS" start="2024-07-24T21:15:03.099382" elapsed="0.001868"/>
</iter>
<iter>
<kw name="Dictionary Should Contain Key" owner="Collections">
<arg>${json_data['results'][0]}</arg>
<arg>${key}</arg>
<doc>Fails if ``key`` is not found from ``dictionary``.</doc>
<status status="PASS" start="2024-07-24T21:15:03.101534" elapsed="0.000393"/>
</kw>
<kw name="Log" owner="BuiltIn">
<msg time="2024-07-24T21:15:03.102605" level="INFO">{'gender': 'female', 'name': {'title': 'Mrs', 'first': 'Helmi', 'last': 'Huotari'}, 'location': {'street': {'number': 1267, 'name': 'Hämeenkatu'}, 'city': 'Jakobstad', 'state': 'Southern Savonia', 'country': 'Finland', 'postcode': 11711, 'coordinates': {'latitude': '-22.1839', 'longitude': '45.9616'}, 'timezone': {'offset': '+8:00', 'description': 'Beijing, Perth, Singapore, Hong Kong'}}, 'email': 'helmi.huotari@example.com', 'login': {'uuid': '436d232d-02ae-4fbb-a543-4a2982757e54', 'username': 'bluefish703', 'password': 'coral', 'salt': 'iN50STjt', 'md5': 'b254af2b846393b49e3ae518e306aed5', 'sha1': '6f1b8db65950c0f94c712e80d9ba3f487f0ae77a', 'sha256': 'ae9cd4ef4c18eaefdc129fad7e50da7de4679ac90efc4c3feb85f69ae61c54f1'}, 'dob': {'date': '1953-12-27T14:39:12.657Z', 'age': 70}, 'registered': {'date': '2013-09-18T20:04:37.907Z', 'age': 10}, 'phone': '03-434-932', 'cell': '048-356-52-29', 'id': {'name': 'HETU', 'value': 'NaNNA330undefined'}, 'picture': {'large': 'https://randomuser.me/api/portraits/women/50.jpg', 'medium': 'https://randomuser.me/api/portraits/med/women/50.jpg', 'thumbnail': 'https://randomuser.me/api/portraits/thumb/women/50.jpg'}, 'nat': 'FI'}</msg>
<arg>${json_data['results'][0]}</arg>
<doc>Logs the given message with the given level.</doc>
<status status="PASS" start="2024-07-24T21:15:03.102243" elapsed="0.000414"/>
</kw>
<kw name="Log" owner="BuiltIn">
<msg time="2024-07-24T21:15:03.103087" level="INFO">email</msg>
<arg>${key}</arg>
<doc>Logs the given message with the given level.</doc>
<status status="PASS" start="2024-07-24T21:15:03.102957" elapsed="0.000169"/>
</kw>
<var name="${key}">email</var>
<status status="PASS" start="2024-07-24T21:15:03.101426" elapsed="0.001916"/>
</iter>
<iter>
<kw name="Dictionary Should Contain Key" owner="Collections">
<arg>${json_data['results'][0]}</arg>
<arg>${key}</arg>
<doc>Fails if ``key`` is not found from ``dictionary``.</doc>
<status status="PASS" start="2024-07-24T21:15:03.103674" elapsed="0.000384"/>
</kw>
<kw name="Log" owner="BuiltIn">
<msg time="2024-07-24T21:15:03.104602" level="INFO">{'gender': 'female', 'name': {'title': 'Mrs', 'first': 'Helmi', 'last': 'Huotari'}, 'location': {'street': {'number': 1267, 'name': 'Hämeenkatu'}, 'city': 'Jakobstad', 'state': 'Southern Savonia', 'country': 'Finland', 'postcode': 11711, 'coordinates': {'latitude': '-22.1839', 'longitude': '45.9616'}, 'timezone': {'offset': '+8:00', 'description': 'Beijing, Perth, Singapore, Hong Kong'}}, 'email': 'helmi.huotari@example.com', 'login': {'uuid': '436d232d-02ae-4fbb-a543-4a2982757e54', 'username': 'bluefish703', 'password': 'coral', 'salt': 'iN50STjt', 'md5': 'b254af2b846393b49e3ae518e306aed5', 'sha1': '6f1b8db65950c0f94c712e80d9ba3f487f0ae77a', 'sha256': 'ae9cd4ef4c18eaefdc129fad7e50da7de4679ac90efc4c3feb85f69ae61c54f1'}, 'dob': {'date': '1953-12-27T14:39:12.657Z', 'age': 70}, 'registered': {'date': '2013-09-18T20:04:37.907Z', 'age': 10}, 'phone': '03-434-932', 'cell': '048-356-52-29', 'id': {'name': 'HETU', 'value': 'NaNNA330undefined'}, 'picture': {'large': 'https://randomuser.me/api/portraits/women/50.jpg', 'medium': 'https://randomuser.me/api/portraits/med/women/50.jpg', 'thumbnail': 'https://randomuser.me/api/portraits/thumb/women/50.jpg'}, 'nat': 'FI'}</msg>
<arg>${json_data['results'][0]}</arg>
<doc>Logs the given message with the given level.</doc>
<status status="PASS" start="2024-07-24T21:15:03.104243" elapsed="0.000408"/>
</kw>
<kw name="Log" owner="BuiltIn">
<msg time="2024-07-24T21:15:03.105084" level="INFO">login</msg>
<arg>${key}</arg>
<doc>Logs the given message with the given level.</doc>
<status status="PASS" start="2024-07-24T21:15:03.104955" elapsed="0.000167"/>
</kw>
<var name="${key}">login</var>
<status status="PASS" start="2024-07-24T21:15:03.103559" elapsed="0.001779"/>
</iter>
<var>${key}</var>
<value>@{expected_keys}</value>
<status status="PASS" start="2024-07-24T21:15:03.095066" elapsed="0.010393"/>
</for>
<kw name="Create List" owner="BuiltIn">
<msg time="2024-07-24T21:15:03.105819" level="INFO">${expected_keysTwo} = ['username', 'password']</msg>
<var>${expected_keysTwo}</var>
<arg>username</arg>
<arg>password</arg>
<doc>Returns a list containing given items.</doc>
<status status="PASS" start="2024-07-24T21:15:03.105680" elapsed="0.000164"/>
</kw>
<for flavor="IN">
<iter>
<kw name="Dictionary Should Contain Key" owner="Collections">
<arg>${json_data['results'][0]['login']}</arg>
<arg>${keyTwo}</arg>
<doc>Fails if ``key`` is not found from ``dictionary``.</doc>
<status status="PASS" start="2024-07-24T21:15:03.106346" elapsed="0.000385"/>
</kw>
<kw name="Dictionary Should Contain Key" owner="Collections">
<arg>${json_data['results'][0]['login']}</arg>
<arg>${keyTwo}</arg>
<doc>Fails if ``key`` is not found from ``dictionary``.</doc>
<status status="PASS" start="2024-07-24T21:15:03.106916" elapsed="0.000383"/>
</kw>
<kw name="Log" owner="BuiltIn">
<msg time="2024-07-24T21:15:03.107630" level="INFO">username</msg>
<arg>${keyTwo}</arg>
<doc>Logs the given message with the given level.</doc>
<status status="PASS" start="2024-07-24T21:15:03.107504" elapsed="0.000164"/>
</kw>
<var name="${keyTwo}">username</var>
<status status="PASS" start="2024-07-24T21:15:03.106236" elapsed="0.001656"/>
</iter>
<iter>
<kw name="Dictionary Should Contain Key" owner="Collections">
<arg>${json_data['results'][0]['login']}</arg>
<arg>${keyTwo}</arg>
<doc>Fails if ``key`` is not found from ``dictionary``.</doc>
<status status="PASS" start="2024-07-24T21:15:03.108179" elapsed="0.000383"/>
</kw>
<kw name="Dictionary Should Contain Key" owner="Collections">
<arg>${json_data['results'][0]['login']}</arg>
<arg>${keyTwo}</arg>
<doc>Fails if ``key`` is not found from ``dictionary``.</doc>
<status status="PASS" start="2024-07-24T21:15:03.108743" elapsed="0.000372"/>
</kw>
<kw name="Log" owner="BuiltIn">
<msg time="2024-07-24T21:15:03.109420" level="INFO">password</msg>
<arg>${keyTwo}</arg>
<doc>Logs the given message with the given level.</doc>
<status status="PASS" start="2024-07-24T21:15:03.109292" elapsed="0.000166"/>
</kw>
<var name="${keyTwo}">password</var>
<status status="PASS" start="2024-07-24T21:15:03.108066" elapsed="0.001614"/>
</iter>
<var>${keyTwo}</var>
<value>@{expected_keysTwo}</value>
<status status="PASS" start="2024-07-24T21:15:03.106082" elapsed="0.003719"/>
</for>
<status status="PASS" start="2024-07-24T21:15:02.994207" elapsed="0.115735"/>
</kw>
<doc>Testa a estrutura da resposta da API.</doc>
<tag>testeEstruturaResposta</tag>
<status status="PASS" start="2024-07-24T21:15:02.993707" elapsed="0.116397"/>
</test>
<test id="s1-s1-t4" name="Validar tipos de dados" line="28">
<kw name="Teste de Tipos de Dados" owner="random-user-service">
<kw name="GET On Session" owner="RequestsLibrary">
<msg time="2024-07-24T21:15:03.197621" level="INFO">GET Request : url=https://randomuser.me/api 
 path_url=/api 
 headers={'User-Agent': 'python-requests/2.32.3', 'Accept-Encoding': 'gzip, deflate', 'Accept': '*/*', 'Connection': 'keep-alive'} 
 body=None 
 </msg>
<msg time="2024-07-24T21:15:03.197721" level="INFO">GET Response : url=https://randomuser.me/api 
 status=200, reason=OK 
 headers={'Date': 'Wed, 24 Jul 2024 21:15:03 GMT', 'Content-Type': 'application/json; charset=utf-8', 'Transfer-Encoding': 'chunked', 'Connection': 'keep-alive', 'X-Powered-By': 'Express', 'Access-Control-Allow-Origin': '*', 'Cache-Control': 'no-cache', 'ETag': 'W/"4a4-ZqckLpCVHxGNSjEFK/2Tfg/dfvE"', 'Vary': 'Accept-Encoding', 'Content-Encoding': 'gzip', 'CF-Cache-Status': 'DYNAMIC', 'Report-To': '{"endpoints":[{"url":"https:\\/\\/a.nel.cloudflare.com\\/report\\/v4?s=9Q0UcKsyPonLgU38v4ckb9270VlvAp0Tmqf41sgDpDTElCPKsjwNVfqO3OP6IeaeMXl167SfiwBEjLJVZCDZnL8NfVMt1lnM5itzErWMMmEaFzNj5WC5GWMAq1X4V04t"}],"group":"cf-nel","max_age":604800}', 'NEL': '{"success_fraction":0,"report_to":"cf-nel","max_age":604800}', 'Server': 'cloudflare', 'CF-RAY': '8a86ec6078e22d14-IAD', 'alt-svc': 'h3=":443"; ma=86400'} 
 body={"results":[{"gender":"female","name":{"title":"Ms","first":"Jessica","last":"Bryant"},"location":{"street":{"number":8395,"name":"Rectory Lane"},"city":"Winchester","state":"Oxfordshire","country":"United Kingdom","postcode":"MY4 7BZ","coordinates":{"latitude":"-12.5707","longitude":"104.9212"},"timezone":{"offset":"-1:00","description":"Azores, Cape Verde Islands"}},"email":"jessica.bryant@example.com","login":{"uuid":"71c6dbfb-efe5-4ed4-9ef0-b007104f7fc0","username":"angrypeacock108","password":"watford","salt":"74u51s34","md5":"8530fd8ef28dabffec11cc0017b9689f","sha1":"5a53e31962d63ce9fa7e4307efefe500a090baff","sha256":"d52c2295be0a6aa7b9bc4a7f6ca1917a8479c8c4a0b5ad103d1682130008c33b"},"dob":{"date":"1945-06-04T17:23:19.342Z","age":79},"registered":{"date":"2011-03-12T02:01:39.205Z","age":13},"phone":"0111 886 2748","cell":"07308 924016","id":{"name":"NINO","value":"EH 18 00 33 X"},"picture":{"large":"https://randomuser.me/api/portraits/women/10.jpg","medium":"https://randomuser.me/api/portraits/med/women/10.jpg","thumbnail":"https://randomuser.me/api/portraits/thumb/women/10.jpg"},"nat":"GB"}],"info":{"seed":"0e0cfe78ee107551","results":1,"page":1,"version":"1.4"}} 
 </msg>
<msg time="2024-07-24T21:15:03.197794" level="INFO">/opt/hostedtoolcache/Python/3.12.4/x64/lib/python3.12/site-packages/urllib3/connectionpool.py:1099: InsecureRequestWarning: Unverified HTTPS request is being made to host 'randomuser.me'. Adding certificate verification is strongly advised. See: https://urllib3.readthedocs.io/en/latest/advanced-usage.html#tls-warnings
  warnings.warn(</msg>
<msg time="2024-07-24T21:15:03.197936" level="INFO">${response} = &lt;Response [200]&gt;</msg>
<var>${response}</var>
<arg>consultarAPI</arg>
<arg>/api</arg>
<doc>Sends a GET request on a previously created HTTP Session.</doc>
<status status="PASS" start="2024-07-24T21:15:03.112608" elapsed="0.085369"/>
</kw>
<kw name="Set Variable" owner="BuiltIn">
<msg time="2024-07-24T21:15:03.199001" level="INFO">${json_data} = {'results': [{'gender': 'female', 'name': {'title': 'Ms', 'first': 'Jessica', 'last': 'Bryant'}, 'location': {'street': {'number': 8395, 'name': 'Rectory Lane'}, 'city': 'Winchester', 'state': 'Oxford...</msg>
<var>${json_data}</var>
<arg>${response.json()}</arg>
<doc>Returns the given values which can then be assigned to a variables.</doc>
<status status="PASS" start="2024-07-24T21:15:03.198474" elapsed="0.000557"/>
</kw>
<kw name="Log" owner="BuiltIn">
<msg time="2024-07-24T21:15:03.199548" level="INFO">{'results': [{'gender': 'female', 'name': {'title': 'Ms', 'first': 'Jessica', 'last': 'Bryant'}, 'location': {'street': {'number': 8395, 'name': 'Rectory Lane'}, 'city': 'Winchester', 'state': 'Oxfordshire', 'country': 'United Kingdom', 'postcode': 'MY4 7BZ', 'coordinates': {'latitude': '-12.5707', 'longitude': '104.9212'}, 'timezone': {'offset': '-1:00', 'description': 'Azores, Cape Verde Islands'}}, 'email': 'jessica.bryant@example.com', 'login': {'uuid': '71c6dbfb-efe5-4ed4-9ef0-b007104f7fc0', 'username': 'angrypeacock108', 'password': 'watford', 'salt': '74u51s34', 'md5': '8530fd8ef28dabffec11cc0017b9689f', 'sha1': '5a53e31962d63ce9fa7e4307efefe500a090baff', 'sha256': 'd52c2295be0a6aa7b9bc4a7f6ca1917a8479c8c4a0b5ad103d1682130008c33b'}, 'dob': {'date': '1945-06-04T17:23:19.342Z', 'age': 79}, 'registered': {'date': '2011-03-12T02:01:39.205Z', 'age': 13}, 'phone': '0111 886 2748', 'cell': '07308 924016', 'id': {'name': 'NINO', 'value': 'EH 18 00 33 X'}, 'picture': {'large': 'https://randomuser.me/api/portraits/women/10.jpg', 'medium': 'https://randomuser.me/api/portraits/med/women/10.jpg', 'thumbnail': 'https://randomuser.me/api/portraits/thumb/women/10.jpg'}, 'nat': 'GB'}], 'info': {'seed': '0e0cfe78ee107551', 'results': 1, 'page': 1, 'version': '1.4'}}</msg>
<arg>${json_data}</arg>
<doc>Logs the given message with the given level.</doc>
<status status="PASS" start="2024-07-24T21:15:03.199340" elapsed="0.000261"/>
</kw>
<kw name="Should Be String" owner="String">
<arg>${json_data['results'][0]['gender']}</arg>
<doc>Fails if the given ``item`` is not a string.</doc>
<status status="PASS" start="2024-07-24T21:15:03.199909" elapsed="0.000378"/>
</kw>
<kw name="Should Match Regexp" owner="BuiltIn">
<arg>${json_data['results'][0]['email']}</arg>
<arg>^[a-zA-Z0-9._%+-]+@[a-zA-Z0-9.-]+\.[a-zA-Z]{2,}$</arg>
<doc>Fails if ``string`` does not match ``pattern`` as a regular expression.</doc>
<status status="PASS" start="2024-07-24T21:15:03.200525" elapsed="0.000537"/>
</kw>
<kw name="Should Match Regexp" owner="BuiltIn">
<arg>${json_data['results'][0]['dob']['date']}</arg>
<arg>\\d{4}-\\d{2}-\\d{2}T\\d{2}:\\d{2}:\\d{2}\\.\\d{3}Z</arg>
<doc>Fails if ``string`` does not match ``pattern`` as a regular expression.</doc>
<status status="PASS" start="2024-07-24T21:15:03.201263" elapsed="0.000640"/>
</kw>
<kw name="Should Match Regexp" owner="BuiltIn">
<arg>${json_data['results'][0]['registered']['date']}</arg>
<arg>\\d{4}-\\d{2}-\\d{2}T\\d{2}:\\d{2}:\\d{2}\\.\\d{3}Z</arg>
<doc>Fails if ``string`` does not match ``pattern`` as a regular expression.</doc>
<status status="PASS" start="2024-07-24T21:15:03.202100" elapsed="0.000372"/>
</kw>
<kw name="Should Match Regexp" owner="BuiltIn">
<arg>${json_data['results'][0]['picture']['large']}</arg>
<arg>^https?://.*\.(?:png|jpe?g|gif|bmp)$</arg>
<doc>Fails if ``string`` does not match ``pattern`` as a regular expression.</doc>
<status status="PASS" start="2024-07-24T21:15:03.202659" elapsed="0.000461"/>
</kw>
<kw name="Should Match Regexp" owner="BuiltIn">
<arg>${json_data['results'][0]['picture']['medium']}</arg>
<arg>^https?://.*\.(?:png|jpe?g|gif|bmp)$</arg>
<doc>Fails if ``string`` does not match ``pattern`` as a regular expression.</doc>
<status status="PASS" start="2024-07-24T21:15:03.203316" elapsed="0.000400"/>
</kw>
<kw name="Should Match Regexp" owner="BuiltIn">
<arg>${json_data['results'][0]['picture']['thumbnail']}</arg>
<arg>^https?://.*\.(?:png|jpe?g|gif|bmp)$</arg>
<doc>Fails if ``string`` does not match ``pattern`` as a regular expression.</doc>
<status status="PASS" start="2024-07-24T21:15:03.203904" elapsed="0.000352"/>
</kw>
<kw name="Log" owner="BuiltIn">
<msg time="2024-07-24T21:15:03.204770" level="INFO">{'large': 'https://randomuser.me/api/portraits/women/10.jpg', 'medium': 'https://randomuser.me/api/portraits/med/women/10.jpg', 'thumbnail': 'https://randomuser.me/api/portraits/thumb/women/10.jpg'}</msg>
<arg>${json_data['results'][0]['picture']}</arg>
<doc>Logs the given message with the given level.</doc>
<status status="PASS" start="2024-07-24T21:15:03.204443" elapsed="0.000370"/>
</kw>
<status status="PASS" start="2024-07-24T21:15:03.112381" elapsed="0.092696"/>
</kw>
<kw name="Teste de Tipos de Dados - Postcode" owner="random-user-service">
<kw name="GET On Session" owner="RequestsLibrary">
<msg time="2024-07-24T21:15:03.296491" level="INFO">GET Request : url=https://randomuser.me/api 
 path_url=/api 
 headers={'User-Agent': 'python-requests/2.32.3', 'Accept-Encoding': 'gzip, deflate', 'Accept': '*/*', 'Connection': 'keep-alive'} 
 body=None 
 </msg>
<msg time="2024-07-24T21:15:03.296593" level="INFO">GET Response : url=https://randomuser.me/api 
 status=200, reason=OK 
 headers={'Date': 'Wed, 24 Jul 2024 21:15:03 GMT', 'Content-Type': 'application/json; charset=utf-8', 'Transfer-Encoding': 'chunked', 'Connection': 'keep-alive', 'X-Powered-By': 'Express', 'Access-Control-Allow-Origin': '*', 'Cache-Control': 'no-cache', 'ETag': 'W/"4ad-G9msrB97ybdPbKLw7cHXErlG83w"', 'Vary': 'Accept-Encoding', 'Content-Encoding': 'gzip', 'CF-Cache-Status': 'DYNAMIC', 'Report-To': '{"endpoints":[{"url":"https:\\/\\/a.nel.cloudflare.com\\/report\\/v4?s=FXo5aSw9DiGG3IgT%2FAr6hXIhJT058w9%2FlH2RZaBWAD0fT1Aqe5JKTTHYgt9h73FcWFwnR1qVT6zFM5%2BIdWcz859F%2BHnXQIlvxWHiIMSIWai5HDf9ZUiqqJby6KlOVZ4B"}],"group":"cf-nel","max_age":604800}', 'NEL': '{"success_fraction":0,"report_to":"cf-nel","max_age":604800}', 'Server': 'cloudflare', 'CF-RAY': '8a86ec6109792d14-IAD', 'alt-svc': 'h3=":443"; ma=86400'} 
 body={"results":[{"gender":"female","name":{"title":"Mrs","first":"Christl","last":"Liese"},"location":{"street":{"number":1274,"name":"Schulweg"},"city":"Oschersleben (Bode)","state":"Rheinland-Pfalz","country":"Germany","postcode":79630,"coordinates":{"latitude":"-49.3070","longitude":"107.5531"},"timezone":{"offset":"+5:00","description":"Ekaterinburg, Islamabad, Karachi, Tashkent"}},"email":"christl.liese@example.com","login":{"uuid":"289a2daa-cda0-444d-a2a5-d5e25ad2c069","username":"greenswan386","password":"never","salt":"2PbssY5j","md5":"09f1918102ecf95034a863c6fcb4258d","sha1":"41eb8966ccaab4d07774654950986fd01215e40e","sha256":"d3176c43379036fc5b153610c42338c73ba20098aab7526f3b9d27c1c57eac4b"},"dob":{"date":"1994-09-12T03:54:38.412Z","age":29},"registered":{"date":"2005-04-26T08:48:40.351Z","age":19},"phone":"0681-7046576","cell":"0172-6687446","id":{"name":"SVNR","value":"69 110994 L 820"},"picture":{"large":"https://randomuser.me/api/portraits/women/35.jpg","medium":"https://randomuser.me/api/portraits/med/women/35.jpg","thumbnail":"https://randomuser.me/api/portraits/thumb/women/35.jpg"},"nat":"DE"}],"info":{"seed":"7769c73dcd8eeb54","results":1,"page":1,"version":"1.4"}} 
 </msg>
<msg time="2024-07-24T21:15:03.296671" level="INFO">/opt/hostedtoolcache/Python/3.12.4/x64/lib/python3.12/site-packages/urllib3/connectionpool.py:1099: InsecureRequestWarning: Unverified HTTPS request is being made to host 'randomuser.me'. Adding certificate verification is strongly advised. See: https://urllib3.readthedocs.io/en/latest/advanced-usage.html#tls-warnings
  warnings.warn(</msg>
<msg time="2024-07-24T21:15:03.296809" level="INFO">${response} = &lt;Response [200]&gt;</msg>
<var>${response}</var>
<arg>consultarAPI</arg>
<arg>/api</arg>
<doc>Sends a GET request on a previously created HTTP Session.</doc>
<status status="PASS" start="2024-07-24T21:15:03.205542" elapsed="0.091309"/>
</kw>
<kw name="Set Variable" owner="BuiltIn">
<msg time="2024-07-24T21:15:03.297807" level="INFO">${json_data} = {'results': [{'gender': 'female', 'name': {'title': 'Mrs', 'first': 'Christl', 'last': 'Liese'}, 'location': {'street': {'number': 1274, 'name': 'Schulweg'}, 'city': 'Oschersleben (Bode)', 'state': 'R...</msg>
<var>${json_data}</var>
<arg>${response.json()}</arg>
<doc>Returns the given values which can then be assigned to a variables.</doc>
<status status="PASS" start="2024-07-24T21:15:03.297321" elapsed="0.000515"/>
</kw>
<kw name="Log" owner="BuiltIn">
<msg time="2024-07-24T21:15:03.298306" level="INFO">{'results': [{'gender': 'female', 'name': {'title': 'Mrs', 'first': 'Christl', 'last': 'Liese'}, 'location': {'street': {'number': 1274, 'name': 'Schulweg'}, 'city': 'Oschersleben (Bode)', 'state': 'Rheinland-Pfalz', 'country': 'Germany', 'postcode': 79630, 'coordinates': {'latitude': '-49.3070', 'longitude': '107.5531'}, 'timezone': {'offset': '+5:00', 'description': 'Ekaterinburg, Islamabad, Karachi, Tashkent'}}, 'email': 'christl.liese@example.com', 'login': {'uuid': '289a2daa-cda0-444d-a2a5-d5e25ad2c069', 'username': 'greenswan386', 'password': 'never', 'salt': '2PbssY5j', 'md5': '09f1918102ecf95034a863c6fcb4258d', 'sha1': '41eb8966ccaab4d07774654950986fd01215e40e', 'sha256': 'd3176c43379036fc5b153610c42338c73ba20098aab7526f3b9d27c1c57eac4b'}, 'dob': {'date': '1994-09-12T03:54:38.412Z', 'age': 29}, 'registered': {'date': '2005-04-26T08:48:40.351Z', 'age': 19}, 'phone': '0681-7046576', 'cell': '0172-6687446', 'id': {'name': 'SVNR', 'value': '69 110994 L 820'}, 'picture': {'large': 'https://randomuser.me/api/portraits/women/35.jpg', 'medium': 'https://randomuser.me/api/portraits/med/women/35.jpg', 'thumbnail': 'https://randomuser.me/api/portraits/thumb/women/35.jpg'}, 'nat': 'DE'}], 'info': {'seed': '7769c73dcd8eeb54', 'results': 1, 'page': 1, 'version': '1.4'}}</msg>
<arg>${json_data}</arg>
<doc>Logs the given message with the given level.</doc>
<status status="PASS" start="2024-07-24T21:15:03.298152" elapsed="0.000201"/>
</kw>
<kw name="Should Be Equal As Numbers" owner="BuiltIn">
<arg>${json_data['results'][0]['location']['postcode']}</arg>
<arg>${json_data['results'][0]['location']['postcode']}</arg>
<doc>Fails if objects are unequal after converting them to real numbers.</doc>
<status status="PASS" start="2024-07-24T21:15:03.298650" elapsed="0.000622"/>
</kw>
<kw name="Log" owner="BuiltIn">
<msg time="2024-07-24T21:15:03.299897" level="INFO">79630</msg>
<arg>${json_data['results'][0]['location']['postcode']}</arg>
<doc>Logs the given message with the given level.</doc>
<status status="PASS" start="2024-07-24T21:15:03.299549" elapsed="0.000389"/>
</kw>
<status status="PASS" start="2024-07-24T21:15:03.205310" elapsed="0.094886"/>
</kw>
<doc>Testa se os tipos de dados na resposta da API estão corretos.</doc>
<tag>testeTiposDados</tag>
<status status="PASS" start="2024-07-24T21:15:03.111924" elapsed="0.188445"/>
</test>
<test id="s1-s1-t5" name="Validar conteudo" line="35">
<kw name="Teste de Tipos de Conteudo" owner="random-user-service">
<kw name="GET On Session" owner="RequestsLibrary">
<msg time="2024-07-24T21:15:03.378552" level="INFO">GET Request : url=https://randomuser.me/api 
 path_url=/api 
 headers={'User-Agent': 'python-requests/2.32.3', 'Accept-Encoding': 'gzip, deflate', 'Accept': '*/*', 'Connection': 'keep-alive'} 
 body=None 
 </msg>
<msg time="2024-07-24T21:15:03.378648" level="INFO">GET Response : url=https://randomuser.me/api 
 status=200, reason=OK 
 headers={'Date': 'Wed, 24 Jul 2024 21:15:03 GMT', 'Content-Type': 'application/json; charset=utf-8', 'Transfer-Encoding': 'chunked', 'Connection': 'keep-alive', 'X-Powered-By': 'Express', 'Access-Control-Allow-Origin': '*', 'Cache-Control': 'no-cache', 'ETag': 'W/"46e-s57yS1kbHVnyM+qbYKVX1lNyR5c"', 'Vary': 'Accept-Encoding', 'Content-Encoding': 'gzip', 'CF-Cache-Status': 'DYNAMIC', 'Report-To': '{"endpoints":[{"url":"https:\\/\\/a.nel.cloudflare.com\\/report\\/v4?s=ATfjlwWNwmm5VUc6apfsCjlhbihAqwoIYEG0ahNEs9qGQspOy3W8sQRh0nOLyG8ZD%2FKaO6UHxk47uLZMxTPdrUx72k84rcxfPb3pbcZjHIbGlzljTQXfLnJnNJv0a0Gt"}],"group":"cf-nel","max_age":604800}', 'NEL': '{"success_fraction":0,"report_to":"cf-nel","max_age":604800}', 'Server': 'cloudflare', 'CF-RAY': '8a86ec61aa222d14-IAD', 'alt-svc': 'h3=":443"; ma=86400'} 
 body={"results":[{"gender":"female","name":{"title":"Ms","first":"Fatma","last":"Erçetin"},"location":{"street":{"number":7101,"name":"Necatibey Cd"},"city":"Hatay","state":"Tunceli","country":"Turkey","postcode":42803,"coordinates":{"latitude":"72.2622","longitude":"95.8803"},"timezone":{"offset":"-3:30","description":"Newfoundland"}},"email":"fatma.ercetin@example.com","login":{"uuid":"76d5b86c-5e81-4745-9176-00b3822b0d1f","username":"happybird149","password":"hokies","salt":"5IhCsxwd","md5":"30f193eeb49fff8541c42cb2e6e60ab9","sha1":"f5fd718544338e9e1d3ff25e608bcda014a20c37","sha256":"634f613c467c295234d4f7ef73ebab0ae7c9d309a5a7f023b1804fc0ca06c22e"},"dob":{"date":"1986-01-10T20:37:55.625Z","age":38},"registered":{"date":"2006-10-27T08:37:45.203Z","age":17},"phone":"(117)-081-9792","cell":"(645)-525-6492","id":{"name":"","value":null},"picture":{"large":"https://randomuser.me/api/portraits/women/50.jpg","medium":"https://randomuser.me/api/portraits/med/women/50.jpg","thumbnail":"https://randomuser.me/api/portraits/thumb/women/50.jpg"},"nat":"TR"}],"info":{"seed":"2cb07ae7c7a89c83","results":1,"page":1,"version":"1.4"}} 
 </msg>
<msg time="2024-07-24T21:15:03.378719" level="INFO">/opt/hostedtoolcache/Python/3.12.4/x64/lib/python3.12/site-packages/urllib3/connectionpool.py:1099: InsecureRequestWarning: Unverified HTTPS request is being made to host 'randomuser.me'. Adding certificate verification is strongly advised. See: https://urllib3.readthedocs.io/en/latest/advanced-usage.html#tls-warnings
  warnings.warn(</msg>
<msg time="2024-07-24T21:15:03.378855" level="INFO">${response} = &lt;Response [200]&gt;</msg>
<var>${response}</var>
<arg>consultarAPI</arg>
<arg>/api</arg>
<doc>Sends a GET request on a previously created HTTP Session.</doc>
<status status="PASS" start="2024-07-24T21:15:03.302920" elapsed="0.075977"/>
</kw>
<kw name="Set Variable" owner="BuiltIn">
<msg time="2024-07-24T21:15:03.379951" level="INFO">${json_data} = {'results': [{'gender': 'female', 'name': {'title': 'Ms', 'first': 'Fatma', 'last': 'Erçetin'}, 'location': {'street': {'number': 7101, 'name': 'Necatibey Cd'}, 'city': 'Hatay', 'state': 'Tunceli', 'c...</msg>
<var>${json_data}</var>
<arg>${response.json()}</arg>
<doc>Returns the given values which can then be assigned to a variables.</doc>
<status status="PASS" start="2024-07-24T21:15:03.379389" elapsed="0.000591"/>
</kw>
<kw name="Set Variable" owner="BuiltIn">
<msg time="2024-07-24T21:15:03.380676" level="INFO">${name_title} = Ms</msg>
<var>${name_title}</var>
<arg>${json_data["results"][0]["name"]["title"]}</arg>
<doc>Returns the given values which can then be assigned to a variables.</doc>
<status status="PASS" start="2024-07-24T21:15:03.380289" elapsed="0.000413"/>
</kw>
<kw name="Create List" owner="BuiltIn">
<msg time="2024-07-24T21:15:03.381152" level="INFO">${allowed_titles} = ['Mr', 'Ms', 'Miss', 'Mrs', 'Madame', 'Monsieur']</msg>
<var>${allowed_titles}</var>
<arg>Mr</arg>
<arg>Ms</arg>
<arg>Miss</arg>
<arg>Mrs</arg>
<arg>Madame</arg>
<arg>Monsieur</arg>
<doc>Returns a list containing given items.</doc>
<status status="PASS" start="2024-07-24T21:15:03.381002" elapsed="0.000175"/>
</kw>
<kw name="List Should Contain Value" owner="Collections">
<arg>${allowed_titles}</arg>
<arg>${name_title}</arg>
<doc>Fails if the ``value`` is not found from ``list``.</doc>
<status status="PASS" start="2024-07-24T21:15:03.381482" elapsed="0.000182"/>
</kw>
<kw name="Set Variable" owner="BuiltIn">
<msg time="2024-07-24T21:15:03.382212" level="INFO">${name_country} = TR</msg>
<var>${name_country}</var>
<arg>${json_data["results"][0]["nat"]}</arg>
<doc>Returns the given values which can then be assigned to a variables.</doc>
<status status="PASS" start="2024-07-24T21:15:03.381843" elapsed="0.000394"/>
</kw>
<kw name="Create List" owner="BuiltIn">
<msg time="2024-07-24T21:15:03.383123" level="INFO">${list_country} = ['AD', 'AE', 'AF', 'AG', 'AI', 'AL', 'AM', 'AO', 'AQ', 'AR', 'AS', 'AT', 'AU', 'AW', 'AX', 'AZ', 'BA', 'BB', 'BD', 'BE', 'BF', 'BG', 'BH', 'BI', 'BJ', 'BL', 'BM', 'BN', 'BO', 'BQ', 'BR', 'BS', 'BT', '...</msg>
<var>${list_country}</var>
<arg>AD</arg>
<arg>AE</arg>
<arg>AF</arg>
<arg>AG</arg>
<arg>AI</arg>
<arg>AL</arg>
<arg>AM</arg>
<arg>AO</arg>
<arg>AQ</arg>
<arg>AR</arg>
<arg>AS</arg>
<arg>AT</arg>
<arg>AU</arg>
<arg>AW</arg>
<arg>AX</arg>
<arg>AZ</arg>
<arg>BA</arg>
<arg>BB</arg>
<arg>BD</arg>
<arg>BE</arg>
<arg>BF</arg>
<arg>BG</arg>
<arg>BH</arg>
<arg>BI</arg>
<arg>BJ</arg>
<arg>BL</arg>
<arg>BM</arg>
<arg>BN</arg>
<arg>BO</arg>
<arg>BQ</arg>
<arg>BR</arg>
<arg>BS</arg>
<arg>BT</arg>
<arg>BV</arg>
<arg>BW</arg>
<arg>BY</arg>
<arg>BZ</arg>
<arg>CA</arg>
<arg>CC</arg>
<arg>CD</arg>
<arg>CF</arg>
<arg>CG</arg>
<arg>CH</arg>
<arg>CI</arg>
<arg>CK</arg>
<arg>CL</arg>
<arg>CM</arg>
<arg>CN</arg>
<arg>CO</arg>
<arg>CR</arg>
<arg>CU</arg>
<arg>CV</arg>
<arg>CW</arg>
<arg>CX</arg>
<arg>CY</arg>
<arg>CZ</arg>
<arg>DE</arg>
<arg>DJ</arg>
<arg>DK</arg>
<arg>DM</arg>
<arg>DO</arg>
<arg>DZ</arg>
<arg>EC</arg>
<arg>EE</arg>
<arg>EG</arg>
<arg>EH</arg>
<arg>ER</arg>
<arg>ES</arg>
<arg>ET</arg>
<arg>FI</arg>
<arg>FJ</arg>
<arg>FK</arg>
<arg>FM</arg>
<arg>FO</arg>
<arg>FR</arg>
<arg>GA</arg>
<arg>GB</arg>
<arg>GD</arg>
<arg>GE</arg>
<arg>GF</arg>
<arg>GG</arg>
<arg>GH</arg>
<arg>GI</arg>
<arg>GL</arg>
<arg>GM</arg>
<arg>GN</arg>
<arg>GP</arg>
<arg>GQ</arg>
<arg>GR</arg>
<arg>GS</arg>
<arg>GT</arg>
<arg>GU</arg>
<arg>GW</arg>
<arg>GY</arg>
<arg>HK</arg>
<arg>HM</arg>
<arg>HN</arg>
<arg>HR</arg>
<arg>HT</arg>
<arg>HU</arg>
<arg>ID</arg>
<arg>IE</arg>
<arg>IL</arg>
<arg>IM</arg>
<arg>IN</arg>
<arg>IO</arg>
<arg>IQ</arg>
<arg>IR</arg>
<arg>IS</arg>
<arg>IT</arg>
<arg>JE</arg>
<arg>JM</arg>
<arg>JO</arg>
<arg>JP</arg>
<arg>KE</arg>
<arg>KG</arg>
<arg>KH</arg>
<arg>KI</arg>
<arg>KM</arg>
<arg>KN</arg>
<arg>KP</arg>
<arg>KR</arg>
<arg>KW</arg>
<arg>KY</arg>
<arg>KZ</arg>
<arg>LA</arg>
<arg>LB</arg>
<arg>LC</arg>
<arg>LI</arg>
<arg>LK</arg>
<arg>LR</arg>
<arg>LS</arg>
<arg>LT</arg>
<arg>LU</arg>
<arg>LV</arg>
<arg>LY</arg>
<arg>MA</arg>
<arg>MC</arg>
<arg>MD</arg>
<arg>ME</arg>
<arg>MF</arg>
<arg>MG</arg>
<arg>MH</arg>
<arg>MK</arg>
<arg>ML</arg>
<arg>MM</arg>
<arg>MN</arg>
<arg>MO</arg>
<arg>MP</arg>
<arg>MQ</arg>
<arg>MR</arg>
<arg>MS</arg>
<arg>MT</arg>
<arg>MU</arg>
<arg>MV</arg>
<arg>MW</arg>
<arg>MX</arg>
<arg>MY</arg>
<arg>MZ</arg>
<arg>NA</arg>
<arg>NC</arg>
<arg>NE</arg>
<arg>NF</arg>
<arg>NG</arg>
<arg>NI</arg>
<arg>NL</arg>
<arg>NO</arg>
<arg>NP</arg>
<arg>NR</arg>
<arg>NU</arg>
<arg>NZ</arg>
<arg>OM</arg>
<arg>PA</arg>
<arg>PE</arg>
<arg>PF</arg>
<arg>PG</arg>
<arg>PH</arg>
<arg>PK</arg>
<arg>PL</arg>
<arg>PM</arg>
<arg>PN</arg>
<arg>PR</arg>
<arg>PS</arg>
<arg>PT</arg>
<arg>PW</arg>
<arg>PY</arg>
<arg>QA</arg>
<arg>RE</arg>
<arg>RO</arg>
<arg>RS</arg>
<arg>RU</arg>
<arg>RW</arg>
<arg>SA</arg>
<arg>SB</arg>
<arg>SC</arg>
<arg>SD</arg>
<arg>SE</arg>
<arg>SG</arg>
<arg>SH</arg>
<arg>SI</arg>
<arg>SJ</arg>
<arg>SK</arg>
<arg>SL</arg>
<arg>SM</arg>
<arg>SN</arg>
<arg>SO</arg>
<arg>SR</arg>
<arg>SS</arg>
<arg>ST</arg>
<arg>SV</arg>
<arg>SX</arg>
<arg>SY</arg>
<arg>SZ</arg>
<arg>TC</arg>
<arg>TD</arg>
<arg>TF</arg>
<arg>TG</arg>
<arg>TH</arg>
<arg>TJ</arg>
<arg>TK</arg>
<arg>TL</arg>
<arg>TM</arg>
<arg>TN</arg>
<arg>TO</arg>
<arg>TR</arg>
<arg>TT</arg>
<arg>TV</arg>
<arg>TW</arg>
<arg>TZ</arg>
<arg>UA</arg>
<arg>UG</arg>
<arg>UM</arg>
<arg>US</arg>
<arg>UY</arg>
<arg>UZ</arg>
<arg>VA</arg>
<arg>VC</arg>
<arg>VE</arg>
<arg>VG</arg>
<arg>VI</arg>
<arg>VN</arg>
<arg>VU</arg>
<arg>WF</arg>
<arg>WS</arg>
<arg>XK</arg>
<arg>YE</arg>
<arg>YT</arg>
<arg>ZA</arg>
<arg>ZM</arg>
<arg>ZW</arg>
<doc>Returns a list containing given items.</doc>
<status status="PASS" start="2024-07-24T21:15:03.382526" elapsed="0.000623"/>
</kw>
<kw name="List Should Contain Value" owner="Collections">
<arg>${list_country}</arg>
<arg>${name_country}</arg>
<doc>Fails if the ``value`` is not found from ``list``.</doc>
<status status="PASS" start="2024-07-24T21:15:03.384150" elapsed="0.000213"/>
</kw>
<kw name="Run Keyword If" owner="BuiltIn">
<kw name="Should Be True" owner="BuiltIn">
<arg>${True}</arg>
<doc>Fails if the given condition is not true.</doc>
<status status="PASS" start="2024-07-24T21:15:03.385347" elapsed="0.000143"/>
</kw>
<arg>${json_data["results"][0]["location"]["coordinates"]["latitude"]} &gt;= -90 and ${json_data["results"][0]["location"]["coordinates"]["latitude"]} &lt;= 90</arg>
<arg>Should Be True</arg>
<arg>${True}</arg>
<doc>Runs the given keyword with the given arguments, if ``condition`` is true.</doc>
<status status="PASS" start="2024-07-24T21:15:03.384585" elapsed="0.001038"/>
</kw>
<kw name="Run Keyword If" owner="BuiltIn">
<kw name="Should Be True" owner="BuiltIn">
<arg>${True}</arg>
<doc>Fails if the given condition is not true.</doc>
<status status="PASS" start="2024-07-24T21:15:03.386534" elapsed="0.000137"/>
</kw>
<arg>${json_data["results"][0]["location"]["coordinates"]["longitude"]} &gt;= -180 and ${json_data["results"][0]["location"]["coordinates"]["longitude"]} &lt;= 180</arg>
<arg>Should Be True</arg>
<arg>${True}</arg>
<doc>Runs the given keyword with the given arguments, if ``condition`` is true.</doc>
<status status="PASS" start="2024-07-24T21:15:03.385834" elapsed="0.000962"/>
</kw>
<status status="PASS" start="2024-07-24T21:15:03.302691" elapsed="0.084244"/>
</kw>
<doc>Testa o conteúdo específico dos campos retornados pela API.</doc>
<tag>testeConteudo</tag>
<status status="PASS" start="2024-07-24T21:15:03.302139" elapsed="0.084953"/>
</test>
<status status="PASS" start="2024-07-24T21:15:02.439111" elapsed="0.950018"/>
</suite>
<status status="PASS" start="2024-07-24T21:15:02.424447" elapsed="0.969818"/>
</suite>
<statistics>
<total>
<stat pass="5" fail="0" skip="0">All Tests</stat>
</total>
<tag>
<stat pass="1" fail="0" skip="0">testeConteudo</stat>
<stat pass="1" fail="0" skip="0">testeEstruturaResposta</stat>
<stat pass="1" fail="0" skip="0">testeRequisicaoBasica</stat>
<stat pass="1" fail="0" skip="0">testeTiposDados</stat>
</tag>
<suite>
<stat pass="5" fail="0" skip="0" id="s1" name="Tests">Tests</stat>
<stat pass="5" fail="0" skip="0" id="s1-s1" name="Random-User-Test">Tests.Random-User-Test</stat>
</suite>
</statistics>
<errors>
</errors>
</robot>
