<?xml version="1.0" encoding="UTF-8"?>
<robot generator="Robot 7.0 (Python 3.12.2 on linux)" generated="2024-04-06T08:16:36.944004" rpa="false" schemaversion="5">
<suite id="s1" name="Tests" source="/home/runner/work/DesafioQAItauRogerioJordao/DesafioQAItauRogerioJordao/RamdonUser/tests">
<suite id="s1-s1" name="Random-User-Test" source="/home/runner/work/DesafioQAItauRogerioJordao/DesafioQAItauRogerioJordao/RamdonUser/tests/random-user-test.robot">
<test id="s1-s1-t1" name="Conectar" line="13">
<kw name="Conectar API" owner="random-user-service">
<kw name="Create Session" owner="RequestsLibrary">
<msg time="2024-04-06T08:16:37.295077" level="INFO">Creating Session using : alias=consultarAPI, url=https://randomuser.me/, headers={},                     cookies={}, auth=None, timeout=None, proxies=None, verify=False,                     debug=0 </msg>
<arg>consultarAPI</arg>
<arg>${URL}</arg>
<doc>Create Session: create a HTTP session to a server</doc>
<status status="PASS" start="2024-04-06T08:16:37.294879" elapsed="0.000357"/>
</kw>
<status status="PASS" start="2024-04-06T08:16:37.293864" elapsed="0.001719"/>
</kw>
<status status="PASS" start="2024-04-06T08:16:37.293276" elapsed="0.002509"/>
</test>
<test id="s1-s1-t2" name="Validar retorno 200 e JSON Válido" line="16">
<kw name="Teste de Requisicao Basica" owner="random-user-service">
<kw name="GET On Session" owner="RequestsLibrary">
<msg time="2024-04-06T08:16:37.442483" level="INFO">GET Request : url=https://randomuser.me/api 
 path_url=/api 
 headers={'User-Agent': 'python-requests/2.31.0', 'Accept-Encoding': 'gzip, deflate', 'Accept': '*/*', 'Connection': 'keep-alive'} 
 body=None 
 </msg>
<msg time="2024-04-06T08:16:37.442604" level="INFO">GET Response : url=https://randomuser.me/api 
 status=200, reason=OK 
 headers={'Date': 'Sat, 06 Apr 2024 08:16:37 GMT', 'Content-Type': 'application/json; charset=utf-8', 'Transfer-Encoding': 'chunked', 'Connection': 'keep-alive', 'X-Powered-By': 'Express', 'Access-Control-Allow-Origin': '*', 'Cache-Control': 'no-cache', 'ETag': 'W/"47f-x2eHtg8RcoLmwDv7jnbN3HQZ6/4"', 'Vary': 'Accept-Encoding', 'Content-Encoding': 'gzip', 'CF-Cache-Status': 'DYNAMIC', 'Report-To': '{"endpoints":[{"url":"https:\\/\\/a.nel.cloudflare.com\\/report\\/v4?s=zAZULSFj4%2FOHuT9jS%2BgwWTnpWwEojmkRGzUngw5cyfrQVrFuc%2B8dFvRS4NLZ%2FsX8sjM96%2FIBsLsTVEmd6DaFDY1HM4p3sfumQg0i1QjDqeM0P7drv4lhG09O6%2FDuFQ8k"}],"group":"cf-nel","max_age":604800}', 'NEL': '{"success_fraction":0,"report_to":"cf-nel","max_age":604800}', 'Server': 'cloudflare', 'CF-RAY': '870056396af32f34-LAX', 'alt-svc': 'h3=":443"; ma=86400'} 
 body={"results":[{"gender":"male","name":{"title":"Mr","first":"Paul","last":"Heumann"},"location":{"street":{"number":5185,"name":"Danziger Straße"},"city":"Tambach-Dietharz","state":"Thüringen","country":"Germany","postcode":72491,"coordinates":{"latitude":"-52.4305","longitude":"-52.5091"},"timezone":{"offset":"-9:00","description":"Alaska"}},"email":"paul.heumann@example.com","login":{"uuid":"c5183dfb-6ec9-4cad-be20-ee5949507a6a","username":"blackbear915","password":"trains","salt":"z6ULWQYl","md5":"6927f4a61b0b810066b766cad9b0db6c","sha1":"a1d0f1165c0d0d3117b057c6cd93cf67bd8d4941","sha256":"cba7a8b9eb057c1a11c08a86dcd59d2523d352a92ec87301a8c0e6c3dec11847"},"dob":{"date":"1994-10-25T11:56:32.667Z","age":29},"registered":{"date":"2009-02-09T03:41:09.326Z","age":15},"phone":"0363-0463692","cell":"0170-4298370","id":{"name":"SVNR","value":"23 251094 H 049"},"picture":{"large":"https://randomuser.me/api/portraits/men/59.jpg","medium":"https://randomuser.me/api/portraits/med/men/59.jpg","thumbnail":"https://randomuser.me/api/portraits/thumb/men/59.jpg"},"nat":"DE"}],"info":{"seed":"246e094e4f75c707","results":1,"page":1,"version":"1.4"}} 
 </msg>
<msg time="2024-04-06T08:16:37.442709" level="INFO">/opt/hostedtoolcache/Python/3.12.2/x64/lib/python3.12/site-packages/urllib3/connectionpool.py:1103: InsecureRequestWarning: Unverified HTTPS request is being made to host 'randomuser.me'. Adding certificate verification is strongly advised. See: https://urllib3.readthedocs.io/en/latest/advanced-usage.html#tls-warnings
  warnings.warn(</msg>
<msg time="2024-04-06T08:16:37.442883" level="INFO">${response} = &lt;Response [200]&gt;</msg>
<var>${response}</var>
<arg>consultarAPI</arg>
<arg>/api</arg>
<doc>Sends a GET request on a previously created HTTP Session.</doc>
<status status="PASS" start="2024-04-06T08:16:37.298428" elapsed="0.144489"/>
</kw>
<kw name="Should Be Equal As Numbers" owner="BuiltIn">
<msg time="2024-04-06T08:16:37.443790" level="INFO">Argument types are:
&lt;class 'int'&gt;
&lt;class 'str'&gt;</msg>
<arg>${response.status_code}</arg>
<arg>200</arg>
<doc>Fails if objects are unequal after converting them to real numbers.</doc>
<status status="PASS" start="2024-04-06T08:16:37.443350" elapsed="0.000511"/>
</kw>
<kw name="Log" owner="BuiltIn">
<msg time="2024-04-06T08:16:37.444561" level="INFO">200</msg>
<arg>${response.status_code}</arg>
<doc>Logs the given message with the given level.</doc>
<status status="PASS" start="2024-04-06T08:16:37.444188" elapsed="0.000417"/>
</kw>
<kw name="Set Variable" owner="BuiltIn">
<msg time="2024-04-06T08:16:37.445388" level="INFO">${json_data} = {'results': [{'gender': 'male', 'name': {'title': 'Mr', 'first': 'Paul', 'last': 'Heumann'}, 'location': {'street': {'number': 5185, 'name': 'Danziger Straße'}, 'city': 'Tambach-Dietharz', 'state': 'T...</msg>
<var>${json_data}</var>
<arg>${response.json()}</arg>
<doc>Returns the given values which can then be assigned to a variables.</doc>
<status status="PASS" start="2024-04-06T08:16:37.444937" elapsed="0.000481"/>
</kw>
<kw name="Dictionary Should Contain Key" owner="Collections">
<msg time="2024-04-06T08:16:37.445897" level="INFO">False</msg>
<arg>${json_data}</arg>
<arg>results</arg>
<doc>Fails if ``key`` is not found from ``dictionary``.</doc>
<status status="PASS" start="2024-04-06T08:16:37.445727" elapsed="0.000210"/>
</kw>
<status status="PASS" start="2024-04-06T08:16:37.298178" elapsed="0.148025"/>
</kw>
<doc>Testa se a API responde corretamente e retorna um objeto JSON válido.</doc>
<tag>testeRequisicaoBasica</tag>
<status status="PASS" start="2024-04-06T08:16:37.297617" elapsed="0.148770"/>
</test>
<test id="s1-s1-t3" name="Validar estrutura de resposta" line="22">
<kw name="Teste de Estrutura de Resposta" owner="random-user-service">
<kw name="GET On Session" owner="RequestsLibrary">
<msg time="2024-04-06T08:16:37.545959" level="INFO">GET Request : url=https://randomuser.me/api 
 path_url=/api 
 headers={'User-Agent': 'python-requests/2.31.0', 'Accept-Encoding': 'gzip, deflate', 'Accept': '*/*', 'Connection': 'keep-alive'} 
 body=None 
 </msg>
<msg time="2024-04-06T08:16:37.546054" level="INFO">GET Response : url=https://randomuser.me/api 
 status=200, reason=OK 
 headers={'Date': 'Sat, 06 Apr 2024 08:16:37 GMT', 'Content-Type': 'application/json; charset=utf-8', 'Transfer-Encoding': 'chunked', 'Connection': 'keep-alive', 'X-Powered-By': 'Express', 'Access-Control-Allow-Origin': '*', 'Cache-Control': 'no-cache', 'ETag': 'W/"496-D1useD6rXtgvSgPkif/tk7O9KFk"', 'Vary': 'Accept-Encoding', 'Content-Encoding': 'gzip', 'CF-Cache-Status': 'DYNAMIC', 'Report-To': '{"endpoints":[{"url":"https:\\/\\/a.nel.cloudflare.com\\/report\\/v4?s=WAeOO%2BlRer0y3a%2BXSOIAUtPpLcVRRBf4BBWkeriQeABC2Q%2Bhsqx5LrbJ63YdN4fk5gzqkkForQS0vqK%2BqOI3cV2CoJGp2TXmtuR0tKGcpAoJ7wNksbn7W%2FeJONkwQIa7"}],"group":"cf-nel","max_age":604800}', 'NEL': '{"success_fraction":0,"report_to":"cf-nel","max_age":604800}', 'Server': 'cloudflare', 'CF-RAY': '8700563a1b6d2f34-LAX', 'alt-svc': 'h3=":443"; ma=86400'} 
 body={"results":[{"gender":"female","name":{"title":"Mrs","first":"Bernabé","last":"Mateo"},"location":{"street":{"number":7928,"name":"Pasaje Irlanda"},"city":"Maneadero","state":"Sonora","country":"Mexico","postcode":84831,"coordinates":{"latitude":"29.0267","longitude":"44.0859"},"timezone":{"offset":"+4:00","description":"Abu Dhabi, Muscat, Baku, Tbilisi"}},"email":"bernabe.mateo@example.com","login":{"uuid":"28a9ca7c-d2c9-47de-9af3-5b9300e5adf7","username":"browngoose724","password":"verona","salt":"jWKB24uO","md5":"dc8b651b3258ad5be4bbd42940189322","sha1":"1d145275d8acfe8b9cf5a3bacd960e6690721192","sha256":"4eb1b119ca903b12acd1555e0048a3ab1d90df5130dfea5a8c71fb0aadae5235"},"dob":{"date":"1977-08-18T11:08:01.961Z","age":46},"registered":{"date":"2006-07-19T03:01:50.251Z","age":17},"phone":"(609) 368 9468","cell":"(637) 512 3675","id":{"name":"NSS","value":"97 29 84 8878 0"},"picture":{"large":"https://randomuser.me/api/portraits/women/0.jpg","medium":"https://randomuser.me/api/portraits/med/women/0.jpg","thumbnail":"https://randomuser.me/api/portraits/thumb/women/0.jpg"},"nat":"MX"}],"info":{"seed":"2e642c4380c50c92","results":1,"page":1,"version":"1.4"}} 
 </msg>
<msg time="2024-04-06T08:16:37.546201" level="INFO">/opt/hostedtoolcache/Python/3.12.2/x64/lib/python3.12/site-packages/urllib3/connectionpool.py:1103: InsecureRequestWarning: Unverified HTTPS request is being made to host 'randomuser.me'. Adding certificate verification is strongly advised. See: https://urllib3.readthedocs.io/en/latest/advanced-usage.html#tls-warnings
  warnings.warn(</msg>
<msg time="2024-04-06T08:16:37.546360" level="INFO">${response} = &lt;Response [200]&gt;</msg>
<var>${response}</var>
<arg>consultarAPI</arg>
<arg>/api</arg>
<doc>Sends a GET request on a previously created HTTP Session.</doc>
<status status="PASS" start="2024-04-06T08:16:37.449132" elapsed="0.097277"/>
</kw>
<kw name="Set Variable" owner="BuiltIn">
<msg time="2024-04-06T08:16:37.547372" level="INFO">${json_data} = {'results': [{'gender': 'female', 'name': {'title': 'Mrs', 'first': 'Bernabé', 'last': 'Mateo'}, 'location': {'street': {'number': 7928, 'name': 'Pasaje Irlanda'}, 'city': 'Maneadero', 'state': 'Sonor...</msg>
<var>${json_data}</var>
<arg>${response.json()}</arg>
<doc>Returns the given values which can then be assigned to a variables.</doc>
<status status="PASS" start="2024-04-06T08:16:37.546884" elapsed="0.000519"/>
</kw>
<kw name="Log" owner="BuiltIn">
<msg time="2024-04-06T08:16:37.547899" level="INFO">{'results': [{'gender': 'female', 'name': {'title': 'Mrs', 'first': 'Bernabé', 'last': 'Mateo'}, 'location': {'street': {'number': 7928, 'name': 'Pasaje Irlanda'}, 'city': 'Maneadero', 'state': 'Sonora', 'country': 'Mexico', 'postcode': 84831, 'coordinates': {'latitude': '29.0267', 'longitude': '44.0859'}, 'timezone': {'offset': '+4:00', 'description': 'Abu Dhabi, Muscat, Baku, Tbilisi'}}, 'email': 'bernabe.mateo@example.com', 'login': {'uuid': '28a9ca7c-d2c9-47de-9af3-5b9300e5adf7', 'username': 'browngoose724', 'password': 'verona', 'salt': 'jWKB24uO', 'md5': 'dc8b651b3258ad5be4bbd42940189322', 'sha1': '1d145275d8acfe8b9cf5a3bacd960e6690721192', 'sha256': '4eb1b119ca903b12acd1555e0048a3ab1d90df5130dfea5a8c71fb0aadae5235'}, 'dob': {'date': '1977-08-18T11:08:01.961Z', 'age': 46}, 'registered': {'date': '2006-07-19T03:01:50.251Z', 'age': 17}, 'phone': '(609) 368 9468', 'cell': '(637) 512 3675', 'id': {'name': 'NSS', 'value': '97 29 84 8878 0'}, 'picture': {'large': 'https://randomuser.me/api/portraits/women/0.jpg', 'medium': 'https://randomuser.me/api/portraits/med/women/0.jpg', 'thumbnail': 'https://randomuser.me/api/portraits/thumb/women/0.jpg'}, 'nat': 'MX'}], 'info': {'seed': '2e642c4380c50c92', 'results': 1, 'page': 1, 'version': '1.4'}}</msg>
<arg>${json_data}</arg>
<doc>Logs the given message with the given level.</doc>
<status status="PASS" start="2024-04-06T08:16:37.547726" elapsed="0.000224"/>
</kw>
<kw name="Dictionary Should Contain Key" owner="Collections">
<msg time="2024-04-06T08:16:37.548413" level="INFO">False</msg>
<arg>${json_data}</arg>
<arg>results</arg>
<doc>Fails if ``key`` is not found from ``dictionary``.</doc>
<status status="PASS" start="2024-04-06T08:16:37.548254" elapsed="0.000205"/>
</kw>
<kw name="Should Not Be Empty" owner="BuiltIn">
<msg time="2024-04-06T08:16:37.548888" level="INFO">Length is 2.</msg>
<arg>${json_data}</arg>
<doc>Verifies that the given item is not empty.</doc>
<status status="PASS" start="2024-04-06T08:16:37.548754" elapsed="0.000173"/>
</kw>
<kw name="Create List" owner="BuiltIn">
<msg time="2024-04-06T08:16:37.549388" level="INFO">${expected_keys} = ['gender', 'name', 'location', 'email', 'login']</msg>
<var>${expected_keys}</var>
<arg>gender</arg>
<arg>name</arg>
<arg>location</arg>
<arg>email</arg>
<arg>login</arg>
<doc>Returns a list containing given items.</doc>
<status status="PASS" start="2024-04-06T08:16:37.549233" elapsed="0.000179"/>
</kw>
<for flavor="IN">
<iter>
<kw name="Dictionary Should Contain Key" owner="Collections">
<msg time="2024-04-06T08:16:37.550422" level="INFO">False</msg>
<arg>${json_data['results'][0]}</arg>
<arg>${key}</arg>
<doc>Fails if ``key`` is not found from ``dictionary``.</doc>
<status status="PASS" start="2024-04-06T08:16:37.549993" elapsed="0.000470"/>
</kw>
<kw name="Log" owner="BuiltIn">
<msg time="2024-04-06T08:16:37.551206" level="INFO">{'gender': 'female', 'name': {'title': 'Mrs', 'first': 'Bernabé', 'last': 'Mateo'}, 'location': {'street': {'number': 7928, 'name': 'Pasaje Irlanda'}, 'city': 'Maneadero', 'state': 'Sonora', 'country': 'Mexico', 'postcode': 84831, 'coordinates': {'latitude': '29.0267', 'longitude': '44.0859'}, 'timezone': {'offset': '+4:00', 'description': 'Abu Dhabi, Muscat, Baku, Tbilisi'}}, 'email': 'bernabe.mateo@example.com', 'login': {'uuid': '28a9ca7c-d2c9-47de-9af3-5b9300e5adf7', 'username': 'browngoose724', 'password': 'verona', 'salt': 'jWKB24uO', 'md5': 'dc8b651b3258ad5be4bbd42940189322', 'sha1': '1d145275d8acfe8b9cf5a3bacd960e6690721192', 'sha256': '4eb1b119ca903b12acd1555e0048a3ab1d90df5130dfea5a8c71fb0aadae5235'}, 'dob': {'date': '1977-08-18T11:08:01.961Z', 'age': 46}, 'registered': {'date': '2006-07-19T03:01:50.251Z', 'age': 17}, 'phone': '(609) 368 9468', 'cell': '(637) 512 3675', 'id': {'name': 'NSS', 'value': '97 29 84 8878 0'}, 'picture': {'large': 'https://randomuser.me/api/portraits/women/0.jpg', 'medium': 'https://randomuser.me/api/portraits/med/women/0.jpg', 'thumbnail': 'https://randomuser.me/api/portraits/thumb/women/0.jpg'}, 'nat': 'MX'}</msg>
<arg>${json_data['results'][0]}</arg>
<doc>Logs the given message with the given level.</doc>
<status status="PASS" start="2024-04-06T08:16:37.550808" elapsed="0.000450"/>
</kw>
<kw name="Log" owner="BuiltIn">
<msg time="2024-04-06T08:16:37.551694" level="INFO">gender</msg>
<arg>${key}</arg>
<doc>Logs the given message with the given level.</doc>
<status status="PASS" start="2024-04-06T08:16:37.551562" elapsed="0.000171"/>
</kw>
<var name="${key}">gender</var>
<status status="PASS" start="2024-04-06T08:16:37.549866" elapsed="0.002094"/>
</iter>
<iter>
<kw name="Dictionary Should Contain Key" owner="Collections">
<msg time="2024-04-06T08:16:37.552661" level="INFO">False</msg>
<arg>${json_data['results'][0]}</arg>
<arg>${key}</arg>
<doc>Fails if ``key`` is not found from ``dictionary``.</doc>
<status status="PASS" start="2024-04-06T08:16:37.552267" elapsed="0.000433"/>
</kw>
<kw name="Log" owner="BuiltIn">
<msg time="2024-04-06T08:16:37.553400" level="INFO">{'gender': 'female', 'name': {'title': 'Mrs', 'first': 'Bernabé', 'last': 'Mateo'}, 'location': {'street': {'number': 7928, 'name': 'Pasaje Irlanda'}, 'city': 'Maneadero', 'state': 'Sonora', 'country': 'Mexico', 'postcode': 84831, 'coordinates': {'latitude': '29.0267', 'longitude': '44.0859'}, 'timezone': {'offset': '+4:00', 'description': 'Abu Dhabi, Muscat, Baku, Tbilisi'}}, 'email': 'bernabe.mateo@example.com', 'login': {'uuid': '28a9ca7c-d2c9-47de-9af3-5b9300e5adf7', 'username': 'browngoose724', 'password': 'verona', 'salt': 'jWKB24uO', 'md5': 'dc8b651b3258ad5be4bbd42940189322', 'sha1': '1d145275d8acfe8b9cf5a3bacd960e6690721192', 'sha256': '4eb1b119ca903b12acd1555e0048a3ab1d90df5130dfea5a8c71fb0aadae5235'}, 'dob': {'date': '1977-08-18T11:08:01.961Z', 'age': 46}, 'registered': {'date': '2006-07-19T03:01:50.251Z', 'age': 17}, 'phone': '(609) 368 9468', 'cell': '(637) 512 3675', 'id': {'name': 'NSS', 'value': '97 29 84 8878 0'}, 'picture': {'large': 'https://randomuser.me/api/portraits/women/0.jpg', 'medium': 'https://randomuser.me/api/portraits/med/women/0.jpg', 'thumbnail': 'https://randomuser.me/api/portraits/thumb/women/0.jpg'}, 'nat': 'MX'}</msg>
<arg>${json_data['results'][0]}</arg>
<doc>Logs the given message with the given level.</doc>
<status status="PASS" start="2024-04-06T08:16:37.553033" elapsed="0.000418"/>
</kw>
<kw name="Log" owner="BuiltIn">
<msg time="2024-04-06T08:16:37.553885" level="INFO">name</msg>
<arg>${key}</arg>
<doc>Logs the given message with the given level.</doc>
<status status="PASS" start="2024-04-06T08:16:37.553753" elapsed="0.000170"/>
</kw>
<var name="${key}">name</var>
<status status="PASS" start="2024-04-06T08:16:37.552151" elapsed="0.001991"/>
</iter>
<iter>
<kw name="Dictionary Should Contain Key" owner="Collections">
<msg time="2024-04-06T08:16:37.554839" level="INFO">False</msg>
<arg>${json_data['results'][0]}</arg>
<arg>${key}</arg>
<doc>Fails if ``key`` is not found from ``dictionary``.</doc>
<status status="PASS" start="2024-04-06T08:16:37.554437" elapsed="0.000451"/>
</kw>
<kw name="Log" owner="BuiltIn">
<msg time="2024-04-06T08:16:37.555569" level="INFO">{'gender': 'female', 'name': {'title': 'Mrs', 'first': 'Bernabé', 'last': 'Mateo'}, 'location': {'street': {'number': 7928, 'name': 'Pasaje Irlanda'}, 'city': 'Maneadero', 'state': 'Sonora', 'country': 'Mexico', 'postcode': 84831, 'coordinates': {'latitude': '29.0267', 'longitude': '44.0859'}, 'timezone': {'offset': '+4:00', 'description': 'Abu Dhabi, Muscat, Baku, Tbilisi'}}, 'email': 'bernabe.mateo@example.com', 'login': {'uuid': '28a9ca7c-d2c9-47de-9af3-5b9300e5adf7', 'username': 'browngoose724', 'password': 'verona', 'salt': 'jWKB24uO', 'md5': 'dc8b651b3258ad5be4bbd42940189322', 'sha1': '1d145275d8acfe8b9cf5a3bacd960e6690721192', 'sha256': '4eb1b119ca903b12acd1555e0048a3ab1d90df5130dfea5a8c71fb0aadae5235'}, 'dob': {'date': '1977-08-18T11:08:01.961Z', 'age': 46}, 'registered': {'date': '2006-07-19T03:01:50.251Z', 'age': 17}, 'phone': '(609) 368 9468', 'cell': '(637) 512 3675', 'id': {'name': 'NSS', 'value': '97 29 84 8878 0'}, 'picture': {'large': 'https://randomuser.me/api/portraits/women/0.jpg', 'medium': 'https://randomuser.me/api/portraits/med/women/0.jpg', 'thumbnail': 'https://randomuser.me/api/portraits/thumb/women/0.jpg'}, 'nat': 'MX'}</msg>
<arg>${json_data['results'][0]}</arg>
<doc>Logs the given message with the given level.</doc>
<status status="PASS" start="2024-04-06T08:16:37.555197" elapsed="0.000426"/>
</kw>
<kw name="Log" owner="BuiltIn">
<msg time="2024-04-06T08:16:37.556050" level="INFO">location</msg>
<arg>${key}</arg>
<doc>Logs the given message with the given level.</doc>
<status status="PASS" start="2024-04-06T08:16:37.555922" elapsed="0.000167"/>
</kw>
<var name="${key}">location</var>
<status status="PASS" start="2024-04-06T08:16:37.554323" elapsed="0.001982"/>
</iter>
<iter>
<kw name="Dictionary Should Contain Key" owner="Collections">
<msg time="2024-04-06T08:16:37.556970" level="INFO">False</msg>
<arg>${json_data['results'][0]}</arg>
<arg>${key}</arg>
<doc>Fails if ``key`` is not found from ``dictionary``.</doc>
<status status="PASS" start="2024-04-06T08:16:37.556590" elapsed="0.000419"/>
</kw>
<kw name="Log" owner="BuiltIn">
<msg time="2024-04-06T08:16:37.557693" level="INFO">{'gender': 'female', 'name': {'title': 'Mrs', 'first': 'Bernabé', 'last': 'Mateo'}, 'location': {'street': {'number': 7928, 'name': 'Pasaje Irlanda'}, 'city': 'Maneadero', 'state': 'Sonora', 'country': 'Mexico', 'postcode': 84831, 'coordinates': {'latitude': '29.0267', 'longitude': '44.0859'}, 'timezone': {'offset': '+4:00', 'description': 'Abu Dhabi, Muscat, Baku, Tbilisi'}}, 'email': 'bernabe.mateo@example.com', 'login': {'uuid': '28a9ca7c-d2c9-47de-9af3-5b9300e5adf7', 'username': 'browngoose724', 'password': 'verona', 'salt': 'jWKB24uO', 'md5': 'dc8b651b3258ad5be4bbd42940189322', 'sha1': '1d145275d8acfe8b9cf5a3bacd960e6690721192', 'sha256': '4eb1b119ca903b12acd1555e0048a3ab1d90df5130dfea5a8c71fb0aadae5235'}, 'dob': {'date': '1977-08-18T11:08:01.961Z', 'age': 46}, 'registered': {'date': '2006-07-19T03:01:50.251Z', 'age': 17}, 'phone': '(609) 368 9468', 'cell': '(637) 512 3675', 'id': {'name': 'NSS', 'value': '97 29 84 8878 0'}, 'picture': {'large': 'https://randomuser.me/api/portraits/women/0.jpg', 'medium': 'https://randomuser.me/api/portraits/med/women/0.jpg', 'thumbnail': 'https://randomuser.me/api/portraits/thumb/women/0.jpg'}, 'nat': 'MX'}</msg>
<arg>${json_data['results'][0]}</arg>
<doc>Logs the given message with the given level.</doc>
<status status="PASS" start="2024-04-06T08:16:37.557316" elapsed="0.000427"/>
</kw>
<kw name="Log" owner="BuiltIn">
<msg time="2024-04-06T08:16:37.558169" level="INFO">email</msg>
<arg>${key}</arg>
<doc>Logs the given message with the given level.</doc>
<status status="PASS" start="2024-04-06T08:16:37.558040" elapsed="0.000167"/>
</kw>
<var name="${key}">email</var>
<status status="PASS" start="2024-04-06T08:16:37.556479" elapsed="0.001944"/>
</iter>
<iter>
<kw name="Dictionary Should Contain Key" owner="Collections">
<msg time="2024-04-06T08:16:37.559122" level="INFO">False</msg>
<arg>${json_data['results'][0]}</arg>
<arg>${key}</arg>
<doc>Fails if ``key`` is not found from ``dictionary``.</doc>
<status status="PASS" start="2024-04-06T08:16:37.558712" elapsed="0.000447"/>
</kw>
<kw name="Log" owner="BuiltIn">
<msg time="2024-04-06T08:16:37.559825" level="INFO">{'gender': 'female', 'name': {'title': 'Mrs', 'first': 'Bernabé', 'last': 'Mateo'}, 'location': {'street': {'number': 7928, 'name': 'Pasaje Irlanda'}, 'city': 'Maneadero', 'state': 'Sonora', 'country': 'Mexico', 'postcode': 84831, 'coordinates': {'latitude': '29.0267', 'longitude': '44.0859'}, 'timezone': {'offset': '+4:00', 'description': 'Abu Dhabi, Muscat, Baku, Tbilisi'}}, 'email': 'bernabe.mateo@example.com', 'login': {'uuid': '28a9ca7c-d2c9-47de-9af3-5b9300e5adf7', 'username': 'browngoose724', 'password': 'verona', 'salt': 'jWKB24uO', 'md5': 'dc8b651b3258ad5be4bbd42940189322', 'sha1': '1d145275d8acfe8b9cf5a3bacd960e6690721192', 'sha256': '4eb1b119ca903b12acd1555e0048a3ab1d90df5130dfea5a8c71fb0aadae5235'}, 'dob': {'date': '1977-08-18T11:08:01.961Z', 'age': 46}, 'registered': {'date': '2006-07-19T03:01:50.251Z', 'age': 17}, 'phone': '(609) 368 9468', 'cell': '(637) 512 3675', 'id': {'name': 'NSS', 'value': '97 29 84 8878 0'}, 'picture': {'large': 'https://randomuser.me/api/portraits/women/0.jpg', 'medium': 'https://randomuser.me/api/portraits/med/women/0.jpg', 'thumbnail': 'https://randomuser.me/api/portraits/thumb/women/0.jpg'}, 'nat': 'MX'}</msg>
<arg>${json_data['results'][0]}</arg>
<doc>Logs the given message with the given level.</doc>
<status status="PASS" start="2024-04-06T08:16:37.559456" elapsed="0.000418"/>
</kw>
<kw name="Log" owner="BuiltIn">
<msg time="2024-04-06T08:16:37.560307" level="INFO">login</msg>
<arg>${key}</arg>
<doc>Logs the given message with the given level.</doc>
<status status="PASS" start="2024-04-06T08:16:37.560177" elapsed="0.000276"/>
</kw>
<var name="${key}">login</var>
<status status="PASS" start="2024-04-06T08:16:37.558597" elapsed="0.002113"/>
</iter>
<var>${key}</var>
<value>@{expected_keys}</value>
<status status="PASS" start="2024-04-06T08:16:37.549677" elapsed="0.011162"/>
</for>
<kw name="Create List" owner="BuiltIn">
<msg time="2024-04-06T08:16:37.561178" level="INFO">${expected_keysTwo} = ['username', 'password']</msg>
<var>${expected_keysTwo}</var>
<arg>username</arg>
<arg>password</arg>
<doc>Returns a list containing given items.</doc>
<status status="PASS" start="2024-04-06T08:16:37.561038" elapsed="0.000164"/>
</kw>
<for flavor="IN">
<iter>
<kw name="Dictionary Should Contain Key" owner="Collections">
<msg time="2024-04-06T08:16:37.562093" level="INFO">False</msg>
<arg>${json_data['results'][0]['login']}</arg>
<arg>${keyTwo}</arg>
<doc>Fails if ``key`` is not found from ``dictionary``.</doc>
<status status="PASS" start="2024-04-06T08:16:37.561706" elapsed="0.000438"/>
</kw>
<kw name="Dictionary Should Contain Key" owner="Collections">
<msg time="2024-04-06T08:16:37.562851" level="INFO">False</msg>
<arg>${json_data['results'][0]['login']}</arg>
<arg>${keyTwo}</arg>
<doc>Fails if ``key`` is not found from ``dictionary``.</doc>
<status status="PASS" start="2024-04-06T08:16:37.562445" elapsed="0.000454"/>
</kw>
<kw name="Log" owner="BuiltIn">
<msg time="2024-04-06T08:16:37.563327" level="INFO">username</msg>
<arg>${keyTwo}</arg>
<doc>Logs the given message with the given level.</doc>
<status status="PASS" start="2024-04-06T08:16:37.563199" elapsed="0.000166"/>
</kw>
<var name="${keyTwo}">username</var>
<status status="PASS" start="2024-04-06T08:16:37.561593" elapsed="0.001991"/>
</iter>
<iter>
<kw name="Dictionary Should Contain Key" owner="Collections">
<msg time="2024-04-06T08:16:37.564242" level="INFO">False</msg>
<arg>${json_data['results'][0]['login']}</arg>
<arg>${keyTwo}</arg>
<doc>Fails if ``key`` is not found from ``dictionary``.</doc>
<status status="PASS" start="2024-04-06T08:16:37.563865" elapsed="0.000416"/>
</kw>
<kw name="Dictionary Should Contain Key" owner="Collections">
<msg time="2024-04-06T08:16:37.564963" level="INFO">False</msg>
<arg>${json_data['results'][0]['login']}</arg>
<arg>${keyTwo}</arg>
<doc>Fails if ``key`` is not found from ``dictionary``.</doc>
<status status="PASS" start="2024-04-06T08:16:37.564575" elapsed="0.000425"/>
</kw>
<kw name="Log" owner="BuiltIn">
<msg time="2024-04-06T08:16:37.565423" level="INFO">password</msg>
<arg>${keyTwo}</arg>
<doc>Logs the given message with the given level.</doc>
<status status="PASS" start="2024-04-06T08:16:37.565294" elapsed="0.000168"/>
</kw>
<var name="${keyTwo}">password</var>
<status status="PASS" start="2024-04-06T08:16:37.563756" elapsed="0.001924"/>
</iter>
<var>${keyTwo}</var>
<value>@{expected_keysTwo}</value>
<status status="PASS" start="2024-04-06T08:16:37.561440" elapsed="0.004364"/>
</for>
<status status="PASS" start="2024-04-06T08:16:37.448898" elapsed="0.117048"/>
</kw>
<doc>Testa a estrutura da resposta da API.</doc>
<tag>testeEstruturaResposta</tag>
<status status="PASS" start="2024-04-06T08:16:37.448275" elapsed="0.117831"/>
</test>
<test id="s1-s1-t4" name="Validar tipos de dados" line="28">
<kw name="Teste de Tipos de Dados" owner="random-user-service">
<kw name="GET On Session" owner="RequestsLibrary">
<msg time="2024-04-06T08:16:37.662312" level="INFO">GET Request : url=https://randomuser.me/api 
 path_url=/api 
 headers={'User-Agent': 'python-requests/2.31.0', 'Accept-Encoding': 'gzip, deflate', 'Accept': '*/*', 'Connection': 'keep-alive'} 
 body=None 
 </msg>
<msg time="2024-04-06T08:16:37.662403" level="INFO">GET Response : url=https://randomuser.me/api 
 status=200, reason=OK 
 headers={'Date': 'Sat, 06 Apr 2024 08:16:37 GMT', 'Content-Type': 'application/json; charset=utf-8', 'Transfer-Encoding': 'chunked', 'Connection': 'keep-alive', 'X-Powered-By': 'Express', 'Access-Control-Allow-Origin': '*', 'Cache-Control': 'no-cache', 'ETag': 'W/"486-30pSFBHLmK1DZgUWSjRJNBovXgQ"', 'Vary': 'Accept-Encoding', 'Content-Encoding': 'gzip', 'CF-Cache-Status': 'DYNAMIC', 'Report-To': '{"endpoints":[{"url":"https:\\/\\/a.nel.cloudflare.com\\/report\\/v4?s=IAWQJYUe3YJ12JkIlyCURUrb5b7Yvoi4z%2FqUJNAulLvvXzGvp7rJOFU%2F6fs53TOq31U7k9bM3yF%2FgQvkMsELuBenko3rGcpc5%2BnankF5IBGjeGm1egtHrGI4INGn58sZ"}],"group":"cf-nel","max_age":604800}', 'NEL': '{"success_fraction":0,"report_to":"cf-nel","max_age":604800}', 'Server': 'cloudflare', 'CF-RAY': '8700563adbfb2f34-LAX', 'alt-svc': 'h3=":443"; ma=86400'} 
 body={"results":[{"gender":"male","name":{"title":"Monsieur","first":"Dirk","last":"Durand"},"location":{"street":{"number":8671,"name":"Place du 8 Février 1962"},"city":"La Brillaz","state":"Zug","country":"Switzerland","postcode":2598,"coordinates":{"latitude":"-61.7608","longitude":"-150.2251"},"timezone":{"offset":"-9:00","description":"Alaska"}},"email":"dirk.durand@example.com","login":{"uuid":"341d47f3-c12c-4fe4-8335-9d642a194863","username":"brownfrog645","password":"captain1","salt":"VeiW83qq","md5":"c173c4947f68f54066ac4598ef77c28d","sha1":"6643efcd2c5b23fe133cd1df569e8a7dc18a1cfd","sha256":"5a54844f024ff41e7a47855ef8055ca82ecd098534a313d3b103acf89510f631"},"dob":{"date":"1993-12-26T06:21:30.932Z","age":30},"registered":{"date":"2011-01-01T05:07:15.153Z","age":13},"phone":"078 062 54 26","cell":"076 220 79 47","id":{"name":"AVS","value":"756.1687.7394.29"},"picture":{"large":"https://randomuser.me/api/portraits/men/27.jpg","medium":"https://randomuser.me/api/portraits/med/men/27.jpg","thumbnail":"https://randomuser.me/api/portraits/thumb/men/27.jpg"},"nat":"CH"}],"info":{"seed":"932cd54a1ce82536","results":1,"page":1,"version":"1.4"}} 
 </msg>
<msg time="2024-04-06T08:16:37.662481" level="INFO">/opt/hostedtoolcache/Python/3.12.2/x64/lib/python3.12/site-packages/urllib3/connectionpool.py:1103: InsecureRequestWarning: Unverified HTTPS request is being made to host 'randomuser.me'. Adding certificate verification is strongly advised. See: https://urllib3.readthedocs.io/en/latest/advanced-usage.html#tls-warnings
  warnings.warn(</msg>
<msg time="2024-04-06T08:16:37.662603" level="INFO">${response} = &lt;Response [200]&gt;</msg>
<var>${response}</var>
<arg>consultarAPI</arg>
<arg>/api</arg>
<doc>Sends a GET request on a previously created HTTP Session.</doc>
<status status="PASS" start="2024-04-06T08:16:37.569198" elapsed="0.093436"/>
</kw>
<kw name="Set Variable" owner="BuiltIn">
<msg time="2024-04-06T08:16:37.663524" level="INFO">${json_data} = {'results': [{'gender': 'male', 'name': {'title': 'Monsieur', 'first': 'Dirk', 'last': 'Durand'}, 'location': {'street': {'number': 8671, 'name': 'Place du 8 Février 1962'}, 'city': 'La Brillaz', 'sta...</msg>
<var>${json_data}</var>
<arg>${response.json()}</arg>
<doc>Returns the given values which can then be assigned to a variables.</doc>
<status status="PASS" start="2024-04-06T08:16:37.663062" elapsed="0.000492"/>
</kw>
<kw name="Log" owner="BuiltIn">
<msg time="2024-04-06T08:16:37.664036" level="INFO">{'results': [{'gender': 'male', 'name': {'title': 'Monsieur', 'first': 'Dirk', 'last': 'Durand'}, 'location': {'street': {'number': 8671, 'name': 'Place du 8 Février 1962'}, 'city': 'La Brillaz', 'state': 'Zug', 'country': 'Switzerland', 'postcode': 2598, 'coordinates': {'latitude': '-61.7608', 'longitude': '-150.2251'}, 'timezone': {'offset': '-9:00', 'description': 'Alaska'}}, 'email': 'dirk.durand@example.com', 'login': {'uuid': '341d47f3-c12c-4fe4-8335-9d642a194863', 'username': 'brownfrog645', 'password': 'captain1', 'salt': 'VeiW83qq', 'md5': 'c173c4947f68f54066ac4598ef77c28d', 'sha1': '6643efcd2c5b23fe133cd1df569e8a7dc18a1cfd', 'sha256': '5a54844f024ff41e7a47855ef8055ca82ecd098534a313d3b103acf89510f631'}, 'dob': {'date': '1993-12-26T06:21:30.932Z', 'age': 30}, 'registered': {'date': '2011-01-01T05:07:15.153Z', 'age': 13}, 'phone': '078 062 54 26', 'cell': '076 220 79 47', 'id': {'name': 'AVS', 'value': '756.1687.7394.29'}, 'picture': {'large': 'https://randomuser.me/api/portraits/men/27.jpg', 'medium': 'https://randomuser.me/api/portraits/med/men/27.jpg', 'thumbnail': 'https://randomuser.me/api/portraits/thumb/men/27.jpg'}, 'nat': 'CH'}], 'info': {'seed': '932cd54a1ce82536', 'results': 1, 'page': 1, 'version': '1.4'}}</msg>
<arg>${json_data}</arg>
<doc>Logs the given message with the given level.</doc>
<status status="PASS" start="2024-04-06T08:16:37.663871" elapsed="0.000249"/>
</kw>
<kw name="Should Be String" owner="String">
<arg>${json_data['results'][0]['gender']}</arg>
<doc>Fails if the given ``item`` is not a string.</doc>
<status status="PASS" start="2024-04-06T08:16:37.664429" elapsed="0.000368"/>
</kw>
<kw name="Should Match Regexp" owner="BuiltIn">
<arg>${json_data['results'][0]['email']}</arg>
<arg>^[a-zA-Z0-9._%+-]+@[a-zA-Z0-9.-]+\.[a-zA-Z]{2,}$</arg>
<doc>Fails if ``string`` does not match ``pattern`` as a regular expression.</doc>
<status status="PASS" start="2024-04-06T08:16:37.664994" elapsed="0.000534"/>
</kw>
<kw name="Should Match Regexp" owner="BuiltIn">
<arg>${json_data['results'][0]['dob']['date']}</arg>
<arg>\\d{4}-\\d{2}-\\d{2}T\\d{2}:\\d{2}:\\d{2}\\.\\d{3}Z</arg>
<doc>Fails if ``string`` does not match ``pattern`` as a regular expression.</doc>
<status status="PASS" start="2024-04-06T08:16:37.665736" elapsed="0.000492"/>
</kw>
<kw name="Should Match Regexp" owner="BuiltIn">
<arg>${json_data['results'][0]['registered']['date']}</arg>
<arg>\\d{4}-\\d{2}-\\d{2}T\\d{2}:\\d{2}:\\d{2}\\.\\d{3}Z</arg>
<doc>Fails if ``string`` does not match ``pattern`` as a regular expression.</doc>
<status status="PASS" start="2024-04-06T08:16:37.666425" elapsed="0.000413"/>
</kw>
<kw name="Should Match Regexp" owner="BuiltIn">
<arg>${json_data['results'][0]['picture']['large']}</arg>
<arg>^https?://.*\.(?:png|jpe?g|gif|bmp)$</arg>
<doc>Fails if ``string`` does not match ``pattern`` as a regular expression.</doc>
<status status="PASS" start="2024-04-06T08:16:37.667033" elapsed="0.000473"/>
</kw>
<kw name="Should Match Regexp" owner="BuiltIn">
<arg>${json_data['results'][0]['picture']['medium']}</arg>
<arg>^https?://.*\.(?:png|jpe?g|gif|bmp)$</arg>
<doc>Fails if ``string`` does not match ``pattern`` as a regular expression.</doc>
<status status="PASS" start="2024-04-06T08:16:37.667704" elapsed="0.000369"/>
</kw>
<kw name="Should Match Regexp" owner="BuiltIn">
<arg>${json_data['results'][0]['picture']['thumbnail']}</arg>
<arg>^https?://.*\.(?:png|jpe?g|gif|bmp)$</arg>
<doc>Fails if ``string`` does not match ``pattern`` as a regular expression.</doc>
<status status="PASS" start="2024-04-06T08:16:37.668261" elapsed="0.000360"/>
</kw>
<kw name="Log" owner="BuiltIn">
<msg time="2024-04-06T08:16:37.669131" level="INFO">{'large': 'https://randomuser.me/api/portraits/men/27.jpg', 'medium': 'https://randomuser.me/api/portraits/med/men/27.jpg', 'thumbnail': 'https://randomuser.me/api/portraits/thumb/men/27.jpg'}</msg>
<arg>${json_data['results'][0]['picture']}</arg>
<doc>Logs the given message with the given level.</doc>
<status status="PASS" start="2024-04-06T08:16:37.668805" elapsed="0.000369"/>
</kw>
<status status="PASS" start="2024-04-06T08:16:37.568860" elapsed="0.100569"/>
</kw>
<kw name="Teste de Tipos de Dados - Postcode" owner="random-user-service">
<kw name="GET On Session" owner="RequestsLibrary">
<msg time="2024-04-06T08:16:37.761825" level="INFO">GET Request : url=https://randomuser.me/api 
 path_url=/api 
 headers={'User-Agent': 'python-requests/2.31.0', 'Accept-Encoding': 'gzip, deflate', 'Accept': '*/*', 'Connection': 'keep-alive'} 
 body=None 
 </msg>
<msg time="2024-04-06T08:16:37.761892" level="INFO">GET Response : url=https://randomuser.me/api 
 status=200, reason=OK 
 headers={'Date': 'Sat, 06 Apr 2024 08:16:37 GMT', 'Content-Type': 'application/json; charset=utf-8', 'Transfer-Encoding': 'chunked', 'Connection': 'keep-alive', 'X-Powered-By': 'Express', 'Access-Control-Allow-Origin': '*', 'Cache-Control': 'no-cache', 'ETag': 'W/"45f-ZCQuGliXS+Q23UZlEuwkyuPsUWM"', 'Vary': 'Accept-Encoding', 'Content-Encoding': 'gzip', 'CF-Cache-Status': 'DYNAMIC', 'Report-To': '{"endpoints":[{"url":"https:\\/\\/a.nel.cloudflare.com\\/report\\/v4?s=PGDfEt2mHQi2b4A%2FI%2BL35swFPqn9lDQi1RVjvDKpHXFyA%2BHggsMDVl44UY6eHg2EyFXp09Z5wmwqxBhAh6eV%2F7tBD07STllupacZPz3oKUId8Ay1oVWtSU%2B9UXJ3I6RZ"}],"group":"cf-nel","max_age":604800}', 'NEL': '{"success_fraction":0,"report_to":"cf-nel","max_age":604800}', 'Server': 'cloudflare', 'CF-RAY': '8700563b7c5a2f34-LAX', 'alt-svc': 'h3=":443"; ma=86400'} 
 body={"results":[{"gender":"male","name":{"title":"Mr","first":"Kerim","last":"Kunt"},"location":{"street":{"number":9763,"name":"Talak Göktepe Cd"},"city":"Osmaniye","state":"Muş","country":"Turkey","postcode":87486,"coordinates":{"latitude":"65.0093","longitude":"-50.8667"},"timezone":{"offset":"-10:00","description":"Hawaii"}},"email":"kerim.kunt@example.com","login":{"uuid":"891f4f9d-99d9-4e66-8e22-5649b7b46bc3","username":"blackcat382","password":"tester","salt":"JMYM3xyV","md5":"e8b2477712b5b5125e6d521d5d11eea5","sha1":"4d4443a7e93d3011fe9969e2d81262bb5d826b0b","sha256":"0c37d008e793b77987774210380d71be5c65002323de4969add74fece596f0f3"},"dob":{"date":"1968-04-23T03:50:57.784Z","age":55},"registered":{"date":"2008-03-07T18:20:29.410Z","age":16},"phone":"(747)-247-7249","cell":"(935)-812-1322","id":{"name":"","value":null},"picture":{"large":"https://randomuser.me/api/portraits/men/61.jpg","medium":"https://randomuser.me/api/portraits/med/men/61.jpg","thumbnail":"https://randomuser.me/api/portraits/thumb/men/61.jpg"},"nat":"TR"}],"info":{"seed":"83fadbc8f6069d2f","results":1,"page":1,"version":"1.4"}} 
 </msg>
<msg time="2024-04-06T08:16:37.761960" level="INFO">/opt/hostedtoolcache/Python/3.12.2/x64/lib/python3.12/site-packages/urllib3/connectionpool.py:1103: InsecureRequestWarning: Unverified HTTPS request is being made to host 'randomuser.me'. Adding certificate verification is strongly advised. See: https://urllib3.readthedocs.io/en/latest/advanced-usage.html#tls-warnings
  warnings.warn(</msg>
<msg time="2024-04-06T08:16:37.762069" level="INFO">${response} = &lt;Response [200]&gt;</msg>
<var>${response}</var>
<arg>consultarAPI</arg>
<arg>/api</arg>
<doc>Sends a GET request on a previously created HTTP Session.</doc>
<status status="PASS" start="2024-04-06T08:16:37.669994" elapsed="0.092118"/>
</kw>
<kw name="Set Variable" owner="BuiltIn">
<msg time="2024-04-06T08:16:37.762994" level="INFO">${json_data} = {'results': [{'gender': 'male', 'name': {'title': 'Mr', 'first': 'Kerim', 'last': 'Kunt'}, 'location': {'street': {'number': 9763, 'name': 'Talak Göktepe Cd'}, 'city': 'Osmaniye', 'state': 'Muş', 'cou...</msg>
<var>${json_data}</var>
<arg>${response.json()}</arg>
<doc>Returns the given values which can then be assigned to a variables.</doc>
<status status="PASS" start="2024-04-06T08:16:37.762496" elapsed="0.000529"/>
</kw>
<kw name="Log" owner="BuiltIn">
<msg time="2024-04-06T08:16:37.763491" level="INFO">{'results': [{'gender': 'male', 'name': {'title': 'Mr', 'first': 'Kerim', 'last': 'Kunt'}, 'location': {'street': {'number': 9763, 'name': 'Talak Göktepe Cd'}, 'city': 'Osmaniye', 'state': 'Muş', 'country': 'Turkey', 'postcode': 87486, 'coordinates': {'latitude': '65.0093', 'longitude': '-50.8667'}, 'timezone': {'offset': '-10:00', 'description': 'Hawaii'}}, 'email': 'kerim.kunt@example.com', 'login': {'uuid': '891f4f9d-99d9-4e66-8e22-5649b7b46bc3', 'username': 'blackcat382', 'password': 'tester', 'salt': 'JMYM3xyV', 'md5': 'e8b2477712b5b5125e6d521d5d11eea5', 'sha1': '4d4443a7e93d3011fe9969e2d81262bb5d826b0b', 'sha256': '0c37d008e793b77987774210380d71be5c65002323de4969add74fece596f0f3'}, 'dob': {'date': '1968-04-23T03:50:57.784Z', 'age': 55}, 'registered': {'date': '2008-03-07T18:20:29.410Z', 'age': 16}, 'phone': '(747)-247-7249', 'cell': '(935)-812-1322', 'id': {'name': '', 'value': None}, 'picture': {'large': 'https://randomuser.me/api/portraits/men/61.jpg', 'medium': 'https://randomuser.me/api/portraits/med/men/61.jpg', 'thumbnail': 'https://randomuser.me/api/portraits/thumb/men/61.jpg'}, 'nat': 'TR'}], 'info': {'seed': '83fadbc8f6069d2f', 'results': 1, 'page': 1, 'version': '1.4'}}</msg>
<arg>${json_data}</arg>
<doc>Logs the given message with the given level.</doc>
<status status="PASS" start="2024-04-06T08:16:37.763333" elapsed="0.000240"/>
</kw>
<kw name="Should Be Equal As Numbers" owner="BuiltIn">
<arg>${json_data['results'][0]['location']['postcode']}</arg>
<arg>${json_data['results'][0]['location']['postcode']}</arg>
<doc>Fails if objects are unequal after converting them to real numbers.</doc>
<status status="PASS" start="2024-04-06T08:16:37.763879" elapsed="0.000630"/>
</kw>
<kw name="Log" owner="BuiltIn">
<msg time="2024-04-06T08:16:37.765042" level="INFO">87486</msg>
<arg>${json_data['results'][0]['location']['postcode']}</arg>
<doc>Logs the given message with the given level.</doc>
<status status="PASS" start="2024-04-06T08:16:37.764703" elapsed="0.000380"/>
</kw>
<status status="PASS" start="2024-04-06T08:16:37.669648" elapsed="0.095715"/>
</kw>
<doc>Testa se os tipos de dados na resposta da API estão corretos.</doc>
<tag>testeTiposDados</tag>
<status status="PASS" start="2024-04-06T08:16:37.568129" elapsed="0.197404"/>
</test>
<test id="s1-s1-t5" name="Validar conteudo" line="35">
<kw name="Teste de Tipos de Conteudo" owner="random-user-service">
<kw name="GET On Session" owner="RequestsLibrary">
<msg time="2024-04-06T08:16:37.862385" level="INFO">GET Request : url=https://randomuser.me/api 
 path_url=/api 
 headers={'User-Agent': 'python-requests/2.31.0', 'Accept-Encoding': 'gzip, deflate', 'Accept': '*/*', 'Connection': 'keep-alive'} 
 body=None 
 </msg>
<msg time="2024-04-06T08:16:37.862463" level="INFO">GET Response : url=https://randomuser.me/api 
 status=200, reason=OK 
 headers={'Date': 'Sat, 06 Apr 2024 08:16:37 GMT', 'Content-Type': 'application/json; charset=utf-8', 'Transfer-Encoding': 'chunked', 'Connection': 'keep-alive', 'X-Powered-By': 'Express', 'Access-Control-Allow-Origin': '*', 'Cache-Control': 'no-cache', 'ETag': 'W/"48a-GSC+ZeqjSj+5I8dmyR5qP4bdGoY"', 'Vary': 'Accept-Encoding', 'Content-Encoding': 'gzip', 'CF-Cache-Status': 'DYNAMIC', 'Report-To': '{"endpoints":[{"url":"https:\\/\\/a.nel.cloudflare.com\\/report\\/v4?s=gquHrWw%2FWOsIx52FhQ6ufy29B9k6XLPeTrUfyOdTgp6vo3xs5er2PuhWlg%2BqtOcosoUUO8KIxYTCjbAXBIt3%2Fev54ZdbHNoPIx4B0w2RFmH7ZRCC2g9cnDbjob9eiggd"}],"group":"cf-nel","max_age":604800}', 'NEL': '{"success_fraction":0,"report_to":"cf-nel","max_age":604800}', 'Server': 'cloudflare', 'CF-RAY': '8700563c1cc42f34-LAX', 'alt-svc': 'h3=":443"; ma=86400'} 
 body={"results":[{"gender":"female","name":{"title":"Ms","first":"Chloe","last":"Smith"},"location":{"street":{"number":5115,"name":"Moray Place"},"city":"Tauranga","state":"Tasman","country":"New Zealand","postcode":15575,"coordinates":{"latitude":"47.4707","longitude":"172.4889"},"timezone":{"offset":"-6:00","description":"Central Time (US &amp; Canada), Mexico City"}},"email":"chloe.smith@example.com","login":{"uuid":"3af388cc-0356-45d4-8626-19efd5a6d6e3","username":"happybird610","password":"bohica","salt":"nuyv2qUA","md5":"eec1ed4583a14971e5cb8a5da3d5186f","sha1":"1b7ec0680808b86114f3a7ebe209a3df74c07155","sha256":"04cdaa43a97d11ba0911c01ffb6867795ecb22e9b2c3b0af0cfad8b93c2b8751"},"dob":{"date":"1995-06-13T04:30:23.596Z","age":28},"registered":{"date":"2022-04-15T02:53:52.754Z","age":1},"phone":"(363)-839-2664","cell":"(422)-721-5451","id":{"name":"","value":null},"picture":{"large":"https://randomuser.me/api/portraits/women/80.jpg","medium":"https://randomuser.me/api/portraits/med/women/80.jpg","thumbnail":"https://randomuser.me/api/portraits/thumb/women/80.jpg"},"nat":"NZ"}],"info":{"seed":"2dc6ecdef756d5c9","results":1,"page":1,"version":"1.4"}} 
 </msg>
<msg time="2024-04-06T08:16:37.862532" level="INFO">/opt/hostedtoolcache/Python/3.12.2/x64/lib/python3.12/site-packages/urllib3/connectionpool.py:1103: InsecureRequestWarning: Unverified HTTPS request is being made to host 'randomuser.me'. Adding certificate verification is strongly advised. See: https://urllib3.readthedocs.io/en/latest/advanced-usage.html#tls-warnings
  warnings.warn(</msg>
<msg time="2024-04-06T08:16:37.862649" level="INFO">${response} = &lt;Response [200]&gt;</msg>
<var>${response}</var>
<arg>consultarAPI</arg>
<arg>/api</arg>
<doc>Sends a GET request on a previously created HTTP Session.</doc>
<status status="PASS" start="2024-04-06T08:16:37.768003" elapsed="0.094695"/>
</kw>
<kw name="Set Variable" owner="BuiltIn">
<msg time="2024-04-06T08:16:37.863922" level="INFO">${json_data} = {'results': [{'gender': 'female', 'name': {'title': 'Ms', 'first': 'Chloe', 'last': 'Smith'}, 'location': {'street': {'number': 5115, 'name': 'Moray Place'}, 'city': 'Tauranga', 'state': 'Tasman', 'co...</msg>
<var>${json_data}</var>
<arg>${response.json()}</arg>
<doc>Returns the given values which can then be assigned to a variables.</doc>
<status status="PASS" start="2024-04-06T08:16:37.863253" elapsed="0.000699"/>
</kw>
<kw name="Set Variable" owner="BuiltIn">
<msg time="2024-04-06T08:16:37.864646" level="INFO">${name_title} = Ms</msg>
<var>${name_title}</var>
<arg>${json_data["results"][0]["name"]["title"]}</arg>
<doc>Returns the given values which can then be assigned to a variables.</doc>
<status status="PASS" start="2024-04-06T08:16:37.864262" elapsed="0.000410"/>
</kw>
<kw name="Create List" owner="BuiltIn">
<msg time="2024-04-06T08:16:37.865127" level="INFO">${allowed_titles} = ['Mr', 'Ms', 'Miss', 'Mrs', 'Madame', 'Monsieur']</msg>
<var>${allowed_titles}</var>
<arg>Mr</arg>
<arg>Ms</arg>
<arg>Miss</arg>
<arg>Mrs</arg>
<arg>Madame</arg>
<arg>Monsieur</arg>
<doc>Returns a list containing given items.</doc>
<status status="PASS" start="2024-04-06T08:16:37.864970" elapsed="0.000182"/>
</kw>
<kw name="List Should Contain Value" owner="Collections">
<msg time="2024-04-06T08:16:37.865628" level="INFO">False</msg>
<arg>${allowed_titles}</arg>
<arg>${name_title}</arg>
<doc>Fails if the ``value`` is not found from ``list``.</doc>
<status status="PASS" start="2024-04-06T08:16:37.865457" elapsed="0.000208"/>
</kw>
<kw name="Set Variable" owner="BuiltIn">
<msg time="2024-04-06T08:16:37.866336" level="INFO">${name_country} = NZ</msg>
<var>${name_country}</var>
<arg>${json_data["results"][0]["nat"]}</arg>
<doc>Returns the given values which can then be assigned to a variables.</doc>
<status status="PASS" start="2024-04-06T08:16:37.865954" elapsed="0.000406"/>
</kw>
<kw name="Create List" owner="BuiltIn">
<msg time="2024-04-06T08:16:37.867309" level="INFO">${list_country} = ['AD', 'AE', 'AF', 'AG', 'AI', 'AL', 'AM', 'AO', 'AQ', 'AR', 'AS', 'AT', 'AU', 'AW', 'AX', 'AZ', 'BA', 'BB', 'BD', 'BE', 'BF', 'BG', 'BH', 'BI', 'BJ', 'BL', 'BM', 'BN', 'BO', 'BQ', 'BR', 'BS', 'BT', '...</msg>
<var>${list_country}</var>
<arg>AD</arg>
<arg>AE</arg>
<arg>AF</arg>
<arg>AG</arg>
<arg>AI</arg>
<arg>AL</arg>
<arg>AM</arg>
<arg>AO</arg>
<arg>AQ</arg>
<arg>AR</arg>
<arg>AS</arg>
<arg>AT</arg>
<arg>AU</arg>
<arg>AW</arg>
<arg>AX</arg>
<arg>AZ</arg>
<arg>BA</arg>
<arg>BB</arg>
<arg>BD</arg>
<arg>BE</arg>
<arg>BF</arg>
<arg>BG</arg>
<arg>BH</arg>
<arg>BI</arg>
<arg>BJ</arg>
<arg>BL</arg>
<arg>BM</arg>
<arg>BN</arg>
<arg>BO</arg>
<arg>BQ</arg>
<arg>BR</arg>
<arg>BS</arg>
<arg>BT</arg>
<arg>BV</arg>
<arg>BW</arg>
<arg>BY</arg>
<arg>BZ</arg>
<arg>CA</arg>
<arg>CC</arg>
<arg>CD</arg>
<arg>CF</arg>
<arg>CG</arg>
<arg>CH</arg>
<arg>CI</arg>
<arg>CK</arg>
<arg>CL</arg>
<arg>CM</arg>
<arg>CN</arg>
<arg>CO</arg>
<arg>CR</arg>
<arg>CU</arg>
<arg>CV</arg>
<arg>CW</arg>
<arg>CX</arg>
<arg>CY</arg>
<arg>CZ</arg>
<arg>DE</arg>
<arg>DJ</arg>
<arg>DK</arg>
<arg>DM</arg>
<arg>DO</arg>
<arg>DZ</arg>
<arg>EC</arg>
<arg>EE</arg>
<arg>EG</arg>
<arg>EH</arg>
<arg>ER</arg>
<arg>ES</arg>
<arg>ET</arg>
<arg>FI</arg>
<arg>FJ</arg>
<arg>FK</arg>
<arg>FM</arg>
<arg>FO</arg>
<arg>FR</arg>
<arg>GA</arg>
<arg>GB</arg>
<arg>GD</arg>
<arg>GE</arg>
<arg>GF</arg>
<arg>GG</arg>
<arg>GH</arg>
<arg>GI</arg>
<arg>GL</arg>
<arg>GM</arg>
<arg>GN</arg>
<arg>GP</arg>
<arg>GQ</arg>
<arg>GR</arg>
<arg>GS</arg>
<arg>GT</arg>
<arg>GU</arg>
<arg>GW</arg>
<arg>GY</arg>
<arg>HK</arg>
<arg>HM</arg>
<arg>HN</arg>
<arg>HR</arg>
<arg>HT</arg>
<arg>HU</arg>
<arg>ID</arg>
<arg>IE</arg>
<arg>IL</arg>
<arg>IM</arg>
<arg>IN</arg>
<arg>IO</arg>
<arg>IQ</arg>
<arg>IR</arg>
<arg>IS</arg>
<arg>IT</arg>
<arg>JE</arg>
<arg>JM</arg>
<arg>JO</arg>
<arg>JP</arg>
<arg>KE</arg>
<arg>KG</arg>
<arg>KH</arg>
<arg>KI</arg>
<arg>KM</arg>
<arg>KN</arg>
<arg>KP</arg>
<arg>KR</arg>
<arg>KW</arg>
<arg>KY</arg>
<arg>KZ</arg>
<arg>LA</arg>
<arg>LB</arg>
<arg>LC</arg>
<arg>LI</arg>
<arg>LK</arg>
<arg>LR</arg>
<arg>LS</arg>
<arg>LT</arg>
<arg>LU</arg>
<arg>LV</arg>
<arg>LY</arg>
<arg>MA</arg>
<arg>MC</arg>
<arg>MD</arg>
<arg>ME</arg>
<arg>MF</arg>
<arg>MG</arg>
<arg>MH</arg>
<arg>MK</arg>
<arg>ML</arg>
<arg>MM</arg>
<arg>MN</arg>
<arg>MO</arg>
<arg>MP</arg>
<arg>MQ</arg>
<arg>MR</arg>
<arg>MS</arg>
<arg>MT</arg>
<arg>MU</arg>
<arg>MV</arg>
<arg>MW</arg>
<arg>MX</arg>
<arg>MY</arg>
<arg>MZ</arg>
<arg>NA</arg>
<arg>NC</arg>
<arg>NE</arg>
<arg>NF</arg>
<arg>NG</arg>
<arg>NI</arg>
<arg>NL</arg>
<arg>NO</arg>
<arg>NP</arg>
<arg>NR</arg>
<arg>NU</arg>
<arg>NZ</arg>
<arg>OM</arg>
<arg>PA</arg>
<arg>PE</arg>
<arg>PF</arg>
<arg>PG</arg>
<arg>PH</arg>
<arg>PK</arg>
<arg>PL</arg>
<arg>PM</arg>
<arg>PN</arg>
<arg>PR</arg>
<arg>PS</arg>
<arg>PT</arg>
<arg>PW</arg>
<arg>PY</arg>
<arg>QA</arg>
<arg>RE</arg>
<arg>RO</arg>
<arg>RS</arg>
<arg>RU</arg>
<arg>RW</arg>
<arg>SA</arg>
<arg>SB</arg>
<arg>SC</arg>
<arg>SD</arg>
<arg>SE</arg>
<arg>SG</arg>
<arg>SH</arg>
<arg>SI</arg>
<arg>SJ</arg>
<arg>SK</arg>
<arg>SL</arg>
<arg>SM</arg>
<arg>SN</arg>
<arg>SO</arg>
<arg>SR</arg>
<arg>SS</arg>
<arg>ST</arg>
<arg>SV</arg>
<arg>SX</arg>
<arg>SY</arg>
<arg>SZ</arg>
<arg>TC</arg>
<arg>TD</arg>
<arg>TF</arg>
<arg>TG</arg>
<arg>TH</arg>
<arg>TJ</arg>
<arg>TK</arg>
<arg>TL</arg>
<arg>TM</arg>
<arg>TN</arg>
<arg>TO</arg>
<arg>TR</arg>
<arg>TT</arg>
<arg>TV</arg>
<arg>TW</arg>
<arg>TZ</arg>
<arg>UA</arg>
<arg>UG</arg>
<arg>UM</arg>
<arg>US</arg>
<arg>UY</arg>
<arg>UZ</arg>
<arg>VA</arg>
<arg>VC</arg>
<arg>VE</arg>
<arg>VG</arg>
<arg>VI</arg>
<arg>VN</arg>
<arg>VU</arg>
<arg>WF</arg>
<arg>WS</arg>
<arg>XK</arg>
<arg>YE</arg>
<arg>YT</arg>
<arg>ZA</arg>
<arg>ZM</arg>
<arg>ZW</arg>
<doc>Returns a list containing given items.</doc>
<status status="PASS" start="2024-04-06T08:16:37.866668" elapsed="0.000668"/>
</kw>
<kw name="List Should Contain Value" owner="Collections">
<msg time="2024-04-06T08:16:37.868432" level="INFO">False</msg>
<arg>${list_country}</arg>
<arg>${name_country}</arg>
<doc>Fails if the ``value`` is not found from ``list``.</doc>
<status status="PASS" start="2024-04-06T08:16:37.868227" elapsed="0.000243"/>
</kw>
<kw name="Run Keyword If" owner="BuiltIn">
<kw name="Should Be True" owner="BuiltIn">
<arg>${True}</arg>
<doc>Fails if the given condition is not true.</doc>
<status status="PASS" start="2024-04-06T08:16:37.869548" elapsed="0.000149"/>
</kw>
<arg>${json_data["results"][0]["location"]["coordinates"]["latitude"]} &gt;= -90 and ${json_data["results"][0]["location"]["coordinates"]["latitude"]} &lt;= 90</arg>
<arg>Should Be True</arg>
<arg>${True}</arg>
<doc>Runs the given keyword with the given arguments, if ``condition`` is true.</doc>
<status status="PASS" start="2024-04-06T08:16:37.868784" elapsed="0.001041"/>
</kw>
<kw name="Run Keyword If" owner="BuiltIn">
<kw name="Should Be True" owner="BuiltIn">
<arg>${True}</arg>
<doc>Fails if the given condition is not true.</doc>
<status status="PASS" start="2024-04-06T08:16:37.870723" elapsed="0.000180"/>
</kw>
<arg>${json_data["results"][0]["location"]["coordinates"]["longitude"]} &gt;= -180 and ${json_data["results"][0]["location"]["coordinates"]["longitude"]} &lt;= 180</arg>
<arg>Should Be True</arg>
<arg>${True}</arg>
<doc>Runs the given keyword with the given arguments, if ``condition`` is true.</doc>
<status status="PASS" start="2024-04-06T08:16:37.870027" elapsed="0.001004"/>
</kw>
<status status="PASS" start="2024-04-06T08:16:37.767781" elapsed="0.103381"/>
</kw>
<doc>Testa o conteúdo específico dos campos retornados pela API.</doc>
<tag>testeConteudo</tag>
<status status="PASS" start="2024-04-06T08:16:37.767319" elapsed="0.104076"/>
</test>
<status status="PASS" start="2024-04-06T08:16:36.996335" elapsed="0.877082"/>
</suite>
<status status="PASS" start="2024-04-06T08:16:36.982639" elapsed="0.896145"/>
</suite>
<statistics>
<total>
<stat pass="5" fail="0" skip="0">All Tests</stat>
</total>
<tag>
<stat pass="1" fail="0" skip="0">testeConteudo</stat>
<stat pass="1" fail="0" skip="0">testeEstruturaResposta</stat>
<stat pass="1" fail="0" skip="0">testeRequisicaoBasica</stat>
<stat pass="1" fail="0" skip="0">testeTiposDados</stat>
</tag>
<suite>
<stat pass="5" fail="0" skip="0" id="s1" name="Tests">Tests</stat>
<stat pass="5" fail="0" skip="0" id="s1-s1" name="Random-User-Test">Tests.Random-User-Test</stat>
</suite>
</statistics>
<errors>
</errors>
</robot>
