<?xml version="1.0" encoding="UTF-8"?>
<robot generator="Robot 7.0.1 (Python 3.12.4 on linux)" generated="2024-08-08T05:15:30.516382" rpa="false" schemaversion="5">
<suite id="s1" name="Tests" source="/home/runner/work/ApiRandomUser/ApiRandomUser/RamdonUser/tests">
<suite id="s1-s1" name="Random-User-Test" source="/home/runner/work/ApiRandomUser/ApiRandomUser/RamdonUser/tests/random-user-test.robot">
<test id="s1-s1-t1" name="Conectar" line="13">
<kw name="Conectar API" owner="random-user-service">
<kw name="Create Session" owner="RequestsLibrary">
<msg time="2024-08-08T05:15:30.908398" level="INFO">Creating Session using : alias=consultarAPI, url=https://randomuser.me/, headers={},                     cookies={}, auth=None, timeout=None, proxies=None, verify=False,                     debug=0 </msg>
<arg>consultarAPI</arg>
<arg>${URL}</arg>
<doc>Create Session: create a HTTP session to a server</doc>
<status status="PASS" start="2024-08-08T05:15:30.908170" elapsed="0.000401"/>
</kw>
<status status="PASS" start="2024-08-08T05:15:30.906575" elapsed="0.002347"/>
</kw>
<status status="PASS" start="2024-08-08T05:15:30.905957" elapsed="0.003159"/>
</test>
<test id="s1-s1-t2" name="Validar retorno 200 e JSON Válido" line="16">
<kw name="Teste de Requisicao Basica" owner="random-user-service">
<kw name="GET On Session" owner="RequestsLibrary">
<msg time="2024-08-08T05:15:31.535189" level="INFO">GET Request : url=https://randomuser.me/api 
 path_url=/api 
 headers={'User-Agent': 'python-requests/2.32.3', 'Accept-Encoding': 'gzip, deflate', 'Accept': '*/*', 'Connection': 'keep-alive'} 
 body=None 
 </msg>
<msg time="2024-08-08T05:15:31.535378" level="INFO">GET Response : url=https://randomuser.me/api 
 status=200, reason=OK 
 headers={'Date': 'Thu, 08 Aug 2024 05:15:31 GMT', 'Content-Type': 'application/json; charset=utf-8', 'Transfer-Encoding': 'chunked', 'Connection': 'keep-alive', 'X-Powered-By': 'Express', 'Access-Control-Allow-Origin': '*', 'Cache-Control': 'no-cache', 'ETag': 'W/"498-66Cm5rpmxPU3M0MFzLbEgZpU3Bw"', 'Vary': 'Accept-Encoding', 'Content-Encoding': 'gzip', 'CF-Cache-Status': 'DYNAMIC', 'Report-To': '{"endpoints":[{"url":"https:\\/\\/a.nel.cloudflare.com\\/report\\/v4?s=gaRc9%2FtT9FBmdE9296RNxo1quDS2j9cGTvUiRWAmBi09xA7KhPFFLP18x%2BgB6PvnRvm%2FvfFN%2BYd48OOXFEepU2eTFUZOgDc%2Bs%2Fq%2FsXmunzxvNDkUhxdEZm%2F7zD3FKtDW"}],"group":"cf-nel","max_age":604800}', 'NEL': '{"success_fraction":0,"report_to":"cf-nel","max_age":604800}', 'Server': 'cloudflare', 'CF-RAY': '8afd076f1b1a081d-IAD', 'alt-svc': 'h3=":443"; ma=86400'} 
 body={"results":[{"gender":"male","name":{"title":"Mr","first":"Baptiste","last":"Renard"},"location":{"street":{"number":8105,"name":"Place de la Mairie"},"city":"Asnières-sur-Seine","state":"Aube","country":"France","postcode":49240,"coordinates":{"latitude":"-17.8092","longitude":"-106.6173"},"timezone":{"offset":"-11:00","description":"Midway Island, Samoa"}},"email":"baptiste.renard@example.com","login":{"uuid":"1d0c4116-15c8-4bb5-a3a3-0d6b26909654","username":"redduck114","password":"civicsi","salt":"gtXIRRwN","md5":"59e9cdc85f32b8d5aac68fb82bb506b0","sha1":"e865290321dda954a55cdcceafa4e1b576407084","sha256":"471922f2f997efa5f36a6115b4b95d74be9f1b7643e0bb8bc0604084e3b91209"},"dob":{"date":"1992-09-29T22:55:41.422Z","age":31},"registered":{"date":"2010-09-30T07:33:28.432Z","age":13},"phone":"01-45-06-43-20","cell":"06-41-34-33-75","id":{"name":"INSEE","value":"1920867213856 95"},"picture":{"large":"https://randomuser.me/api/portraits/men/71.jpg","medium":"https://randomuser.me/api/portraits/med/men/71.jpg","thumbnail":"https://randomuser.me/api/portraits/thumb/men/71.jpg"},"nat":"FR"}],"info":{"seed":"7af0305b996386ae","results":1,"page":1,"version":"1.4"}} 
 </msg>
<msg time="2024-08-08T05:15:31.535472" level="INFO">/opt/hostedtoolcache/Python/3.12.4/x64/lib/python3.12/site-packages/urllib3/connectionpool.py:1099: InsecureRequestWarning: Unverified HTTPS request is being made to host 'randomuser.me'. Adding certificate verification is strongly advised. See: https://urllib3.readthedocs.io/en/latest/advanced-usage.html#tls-warnings
  warnings.warn(</msg>
<msg time="2024-08-08T05:15:31.535625" level="INFO">${response} = &lt;Response [200]&gt;</msg>
<var>${response}</var>
<arg>consultarAPI</arg>
<arg>/api</arg>
<doc>Sends a GET request on a previously created HTTP Session.</doc>
<status status="PASS" start="2024-08-08T05:15:30.911741" elapsed="0.623932"/>
</kw>
<kw name="Should Be Equal As Numbers" owner="BuiltIn">
<msg time="2024-08-08T05:15:31.536627" level="INFO">Argument types are:
&lt;class 'int'&gt;
&lt;class 'str'&gt;</msg>
<arg>${response.status_code}</arg>
<arg>200</arg>
<doc>Fails if objects are unequal after converting them to real numbers.</doc>
<status status="PASS" start="2024-08-08T05:15:31.536179" elapsed="0.000511"/>
</kw>
<kw name="Log" owner="BuiltIn">
<msg time="2024-08-08T05:15:31.537350" level="INFO">200</msg>
<arg>${response.status_code}</arg>
<doc>Logs the given message with the given level.</doc>
<status status="PASS" start="2024-08-08T05:15:31.537000" elapsed="0.000391"/>
</kw>
<kw name="Set Variable" owner="BuiltIn">
<msg time="2024-08-08T05:15:31.538130" level="INFO">${json_data} = {'results': [{'gender': 'male', 'name': {'title': 'Mr', 'first': 'Baptiste', 'last': 'Renard'}, 'location': {'street': {'number': 8105, 'name': 'Place de la Mairie'}, 'city': 'Asnières-sur-Seine', 'st...</msg>
<var>${json_data}</var>
<arg>${response.json()}</arg>
<doc>Returns the given values which can then be assigned to a variables.</doc>
<status status="PASS" start="2024-08-08T05:15:31.537697" elapsed="0.000463"/>
</kw>
<kw name="Dictionary Should Contain Key" owner="Collections">
<arg>${json_data}</arg>
<arg>results</arg>
<doc>Fails if ``key`` is not found from ``dictionary``.</doc>
<status status="PASS" start="2024-08-08T05:15:31.538479" elapsed="0.000327"/>
</kw>
<status status="PASS" start="2024-08-08T05:15:30.911497" elapsed="0.627463"/>
</kw>
<doc>Testa se a API responde corretamente e retorna um objeto JSON válido.</doc>
<tag>testeRequisicaoBasica</tag>
<status status="PASS" start="2024-08-08T05:15:30.910961" elapsed="0.628167"/>
</test>
<test id="s1-s1-t3" name="Validar estrutura de resposta" line="22">
<kw name="Teste de Estrutura de Resposta" owner="random-user-service">
<kw name="GET On Session" owner="RequestsLibrary">
<msg time="2024-08-08T05:15:31.893538" level="INFO">GET Request : url=https://randomuser.me/api 
 path_url=/api 
 headers={'User-Agent': 'python-requests/2.32.3', 'Accept-Encoding': 'gzip, deflate', 'Accept': '*/*', 'Connection': 'keep-alive'} 
 body=None 
 </msg>
<msg time="2024-08-08T05:15:31.893605" level="INFO">GET Response : url=https://randomuser.me/api 
 status=200, reason=OK 
 headers={'Date': 'Thu, 08 Aug 2024 05:15:31 GMT', 'Content-Type': 'application/json; charset=utf-8', 'Transfer-Encoding': 'chunked', 'Connection': 'keep-alive', 'X-Powered-By': 'Express', 'Access-Control-Allow-Origin': '*', 'Cache-Control': 'no-cache', 'ETag': 'W/"498-cysmQjjUtFoA7wttAjx2Gk2IMmk"', 'Vary': 'Accept-Encoding', 'Content-Encoding': 'gzip', 'CF-Cache-Status': 'DYNAMIC', 'Report-To': '{"endpoints":[{"url":"https:\\/\\/a.nel.cloudflare.com\\/report\\/v4?s=y6dMdywwjcJQPpP%2BhNIsXFHRCJSQ44oqOEXmc00QYAWpsjXqYnEqIe7osgwvSVjOkLMl0wzizjIJ%2B8o5bCdQAja1tMQd2eDsc3tKkr0v1QkbJbcBjEUuIUyHk%2B2GUHNq"}],"group":"cf-nel","max_age":604800}', 'NEL': '{"success_fraction":0,"report_to":"cf-nel","max_age":604800}', 'Server': 'cloudflare', 'CF-RAY': '8afd07722dd6081d-IAD', 'alt-svc': 'h3=":443"; ma=86400'} 
 body={"results":[{"gender":"female","name":{"title":"Miss","first":"Johanna","last":"Ewert"},"location":{"street":{"number":5079,"name":"Marktplatz"},"city":"Krempe","state":"Brandenburg","country":"Germany","postcode":29996,"coordinates":{"latitude":"-49.8461","longitude":"68.3950"},"timezone":{"offset":"+9:00","description":"Tokyo, Seoul, Osaka, Sapporo, Yakutsk"}},"email":"johanna.ewert@example.com","login":{"uuid":"821e8973-3f9d-4df4-87bb-dae0b885c983","username":"sadswan692","password":"queens","salt":"7MZZ0sHB","md5":"ee06c73bd6f527727f330c60a3beb9d3","sha1":"e9fde21af29a13d198298344a736e79bc4a46218","sha256":"6fa08f75958e5864ce873267135715703a8368b1569eaf3807510ad985e75554"},"dob":{"date":"1997-02-05T20:49:20.530Z","age":27},"registered":{"date":"2002-04-18T10:16:34.524Z","age":22},"phone":"0553-8651133","cell":"0177-6053926","id":{"name":"SVNR","value":"65 050297 E 989"},"picture":{"large":"https://randomuser.me/api/portraits/women/67.jpg","medium":"https://randomuser.me/api/portraits/med/women/67.jpg","thumbnail":"https://randomuser.me/api/portraits/thumb/women/67.jpg"},"nat":"DE"}],"info":{"seed":"9c193b40b2c914c1","results":1,"page":1,"version":"1.4"}} 
 </msg>
<msg time="2024-08-08T05:15:31.893698" level="INFO">/opt/hostedtoolcache/Python/3.12.4/x64/lib/python3.12/site-packages/urllib3/connectionpool.py:1099: InsecureRequestWarning: Unverified HTTPS request is being made to host 'randomuser.me'. Adding certificate verification is strongly advised. See: https://urllib3.readthedocs.io/en/latest/advanced-usage.html#tls-warnings
  warnings.warn(</msg>
<msg time="2024-08-08T05:15:31.893794" level="INFO">${response} = &lt;Response [200]&gt;</msg>
<var>${response}</var>
<arg>consultarAPI</arg>
<arg>/api</arg>
<doc>Sends a GET request on a previously created HTTP Session.</doc>
<status status="PASS" start="2024-08-08T05:15:31.542086" elapsed="0.351741"/>
</kw>
<kw name="Set Variable" owner="BuiltIn">
<msg time="2024-08-08T05:15:31.894742" level="INFO">${json_data} = {'results': [{'gender': 'female', 'name': {'title': 'Miss', 'first': 'Johanna', 'last': 'Ewert'}, 'location': {'street': {'number': 5079, 'name': 'Marktplatz'}, 'city': 'Krempe', 'state': 'Brandenburg...</msg>
<var>${json_data}</var>
<arg>${response.json()}</arg>
<doc>Returns the given values which can then be assigned to a variables.</doc>
<status status="PASS" start="2024-08-08T05:15:31.894283" elapsed="0.000487"/>
</kw>
<kw name="Log" owner="BuiltIn">
<msg time="2024-08-08T05:15:31.895224" level="INFO">{'results': [{'gender': 'female', 'name': {'title': 'Miss', 'first': 'Johanna', 'last': 'Ewert'}, 'location': {'street': {'number': 5079, 'name': 'Marktplatz'}, 'city': 'Krempe', 'state': 'Brandenburg', 'country': 'Germany', 'postcode': 29996, 'coordinates': {'latitude': '-49.8461', 'longitude': '68.3950'}, 'timezone': {'offset': '+9:00', 'description': 'Tokyo, Seoul, Osaka, Sapporo, Yakutsk'}}, 'email': 'johanna.ewert@example.com', 'login': {'uuid': '821e8973-3f9d-4df4-87bb-dae0b885c983', 'username': 'sadswan692', 'password': 'queens', 'salt': '7MZZ0sHB', 'md5': 'ee06c73bd6f527727f330c60a3beb9d3', 'sha1': 'e9fde21af29a13d198298344a736e79bc4a46218', 'sha256': '6fa08f75958e5864ce873267135715703a8368b1569eaf3807510ad985e75554'}, 'dob': {'date': '1997-02-05T20:49:20.530Z', 'age': 27}, 'registered': {'date': '2002-04-18T10:16:34.524Z', 'age': 22}, 'phone': '0553-8651133', 'cell': '0177-6053926', 'id': {'name': 'SVNR', 'value': '65 050297 E 989'}, 'picture': {'large': 'https://randomuser.me/api/portraits/women/67.jpg', 'medium': 'https://randomuser.me/api/portraits/med/women/67.jpg', 'thumbnail': 'https://randomuser.me/api/portraits/thumb/women/67.jpg'}, 'nat': 'DE'}], 'info': {'seed': '9c193b40b2c914c1', 'results': 1, 'page': 1, 'version': '1.4'}}</msg>
<arg>${json_data}</arg>
<doc>Logs the given message with the given level.</doc>
<status status="PASS" start="2024-08-08T05:15:31.895069" elapsed="0.000201"/>
</kw>
<kw name="Dictionary Should Contain Key" owner="Collections">
<arg>${json_data}</arg>
<arg>results</arg>
<doc>Fails if ``key`` is not found from ``dictionary``.</doc>
<status status="PASS" start="2024-08-08T05:15:31.895557" elapsed="0.000156"/>
</kw>
<kw name="Should Not Be Empty" owner="BuiltIn">
<msg time="2024-08-08T05:15:31.896068" level="INFO">Length is 2.</msg>
<arg>${json_data}</arg>
<doc>Verifies that the given item is not empty.</doc>
<status status="PASS" start="2024-08-08T05:15:31.895929" elapsed="0.000177"/>
</kw>
<kw name="Create List" owner="BuiltIn">
<msg time="2024-08-08T05:15:31.896548" level="INFO">${expected_keys} = ['gender', 'name', 'location', 'email', 'login']</msg>
<var>${expected_keys}</var>
<arg>gender</arg>
<arg>name</arg>
<arg>location</arg>
<arg>email</arg>
<arg>login</arg>
<doc>Returns a list containing given items.</doc>
<status status="PASS" start="2024-08-08T05:15:31.896394" elapsed="0.000178"/>
</kw>
<for flavor="IN">
<iter>
<kw name="Dictionary Should Contain Key" owner="Collections">
<arg>${json_data['results'][0]}</arg>
<arg>${key}</arg>
<doc>Fails if ``key`` is not found from ``dictionary``.</doc>
<status status="PASS" start="2024-08-08T05:15:31.897134" elapsed="0.000404"/>
</kw>
<kw name="Log" owner="BuiltIn">
<msg time="2024-08-08T05:15:31.898077" level="INFO">{'gender': 'female', 'name': {'title': 'Miss', 'first': 'Johanna', 'last': 'Ewert'}, 'location': {'street': {'number': 5079, 'name': 'Marktplatz'}, 'city': 'Krempe', 'state': 'Brandenburg', 'country': 'Germany', 'postcode': 29996, 'coordinates': {'latitude': '-49.8461', 'longitude': '68.3950'}, 'timezone': {'offset': '+9:00', 'description': 'Tokyo, Seoul, Osaka, Sapporo, Yakutsk'}}, 'email': 'johanna.ewert@example.com', 'login': {'uuid': '821e8973-3f9d-4df4-87bb-dae0b885c983', 'username': 'sadswan692', 'password': 'queens', 'salt': '7MZZ0sHB', 'md5': 'ee06c73bd6f527727f330c60a3beb9d3', 'sha1': 'e9fde21af29a13d198298344a736e79bc4a46218', 'sha256': '6fa08f75958e5864ce873267135715703a8368b1569eaf3807510ad985e75554'}, 'dob': {'date': '1997-02-05T20:49:20.530Z', 'age': 27}, 'registered': {'date': '2002-04-18T10:16:34.524Z', 'age': 22}, 'phone': '0553-8651133', 'cell': '0177-6053926', 'id': {'name': 'SVNR', 'value': '65 050297 E 989'}, 'picture': {'large': 'https://randomuser.me/api/portraits/women/67.jpg', 'medium': 'https://randomuser.me/api/portraits/med/women/67.jpg', 'thumbnail': 'https://randomuser.me/api/portraits/thumb/women/67.jpg'}, 'nat': 'DE'}</msg>
<arg>${json_data['results'][0]}</arg>
<doc>Logs the given message with the given level.</doc>
<status status="PASS" start="2024-08-08T05:15:31.897724" elapsed="0.000411"/>
</kw>
<kw name="Log" owner="BuiltIn">
<msg time="2024-08-08T05:15:31.898558" level="INFO">gender</msg>
<arg>${key}</arg>
<doc>Logs the given message with the given level.</doc>
<status status="PASS" start="2024-08-08T05:15:31.898427" elapsed="0.000168"/>
</kw>
<var name="${key}">gender</var>
<status status="PASS" start="2024-08-08T05:15:31.897009" elapsed="0.001803"/>
</iter>
<iter>
<kw name="Dictionary Should Contain Key" owner="Collections">
<arg>${json_data['results'][0]}</arg>
<arg>${key}</arg>
<doc>Fails if ``key`` is not found from ``dictionary``.</doc>
<status status="PASS" start="2024-08-08T05:15:31.899113" elapsed="0.000384"/>
</kw>
<kw name="Log" owner="BuiltIn">
<msg time="2024-08-08T05:15:31.900050" level="INFO">{'gender': 'female', 'name': {'title': 'Miss', 'first': 'Johanna', 'last': 'Ewert'}, 'location': {'street': {'number': 5079, 'name': 'Marktplatz'}, 'city': 'Krempe', 'state': 'Brandenburg', 'country': 'Germany', 'postcode': 29996, 'coordinates': {'latitude': '-49.8461', 'longitude': '68.3950'}, 'timezone': {'offset': '+9:00', 'description': 'Tokyo, Seoul, Osaka, Sapporo, Yakutsk'}}, 'email': 'johanna.ewert@example.com', 'login': {'uuid': '821e8973-3f9d-4df4-87bb-dae0b885c983', 'username': 'sadswan692', 'password': 'queens', 'salt': '7MZZ0sHB', 'md5': 'ee06c73bd6f527727f330c60a3beb9d3', 'sha1': 'e9fde21af29a13d198298344a736e79bc4a46218', 'sha256': '6fa08f75958e5864ce873267135715703a8368b1569eaf3807510ad985e75554'}, 'dob': {'date': '1997-02-05T20:49:20.530Z', 'age': 27}, 'registered': {'date': '2002-04-18T10:16:34.524Z', 'age': 22}, 'phone': '0553-8651133', 'cell': '0177-6053926', 'id': {'name': 'SVNR', 'value': '65 050297 E 989'}, 'picture': {'large': 'https://randomuser.me/api/portraits/women/67.jpg', 'medium': 'https://randomuser.me/api/portraits/med/women/67.jpg', 'thumbnail': 'https://randomuser.me/api/portraits/thumb/women/67.jpg'}, 'nat': 'DE'}</msg>
<arg>${json_data['results'][0]}</arg>
<doc>Logs the given message with the given level.</doc>
<status status="PASS" start="2024-08-08T05:15:31.899677" elapsed="0.000456"/>
</kw>
<kw name="Log" owner="BuiltIn">
<msg time="2024-08-08T05:15:31.900558" level="INFO">name</msg>
<arg>${key}</arg>
<doc>Logs the given message with the given level.</doc>
<status status="PASS" start="2024-08-08T05:15:31.900429" elapsed="0.000166"/>
</kw>
<var name="${key}">name</var>
<status status="PASS" start="2024-08-08T05:15:31.898997" elapsed="0.001815"/>
</iter>
<iter>
<kw name="Dictionary Should Contain Key" owner="Collections">
<arg>${json_data['results'][0]}</arg>
<arg>${key}</arg>
<doc>Fails if ``key`` is not found from ``dictionary``.</doc>
<status status="PASS" start="2024-08-08T05:15:31.901103" elapsed="0.000382"/>
</kw>
<kw name="Log" owner="BuiltIn">
<msg time="2024-08-08T05:15:31.902002" level="INFO">{'gender': 'female', 'name': {'title': 'Miss', 'first': 'Johanna', 'last': 'Ewert'}, 'location': {'street': {'number': 5079, 'name': 'Marktplatz'}, 'city': 'Krempe', 'state': 'Brandenburg', 'country': 'Germany', 'postcode': 29996, 'coordinates': {'latitude': '-49.8461', 'longitude': '68.3950'}, 'timezone': {'offset': '+9:00', 'description': 'Tokyo, Seoul, Osaka, Sapporo, Yakutsk'}}, 'email': 'johanna.ewert@example.com', 'login': {'uuid': '821e8973-3f9d-4df4-87bb-dae0b885c983', 'username': 'sadswan692', 'password': 'queens', 'salt': '7MZZ0sHB', 'md5': 'ee06c73bd6f527727f330c60a3beb9d3', 'sha1': 'e9fde21af29a13d198298344a736e79bc4a46218', 'sha256': '6fa08f75958e5864ce873267135715703a8368b1569eaf3807510ad985e75554'}, 'dob': {'date': '1997-02-05T20:49:20.530Z', 'age': 27}, 'registered': {'date': '2002-04-18T10:16:34.524Z', 'age': 22}, 'phone': '0553-8651133', 'cell': '0177-6053926', 'id': {'name': 'SVNR', 'value': '65 050297 E 989'}, 'picture': {'large': 'https://randomuser.me/api/portraits/women/67.jpg', 'medium': 'https://randomuser.me/api/portraits/med/women/67.jpg', 'thumbnail': 'https://randomuser.me/api/portraits/thumb/women/67.jpg'}, 'nat': 'DE'}</msg>
<arg>${json_data['results'][0]}</arg>
<doc>Logs the given message with the given level.</doc>
<status status="PASS" start="2024-08-08T05:15:31.901663" elapsed="0.000385"/>
</kw>
<kw name="Log" owner="BuiltIn">
<msg time="2024-08-08T05:15:31.902476" level="INFO">location</msg>
<arg>${key}</arg>
<doc>Logs the given message with the given level.</doc>
<status status="PASS" start="2024-08-08T05:15:31.902347" elapsed="0.000166"/>
</kw>
<var name="${key}">location</var>
<status status="PASS" start="2024-08-08T05:15:31.900992" elapsed="0.001735"/>
</iter>
<iter>
<kw name="Dictionary Should Contain Key" owner="Collections">
<arg>${json_data['results'][0]}</arg>
<arg>${key}</arg>
<doc>Fails if ``key`` is not found from ``dictionary``.</doc>
<status status="PASS" start="2024-08-08T05:15:31.903007" elapsed="0.000383"/>
</kw>
<kw name="Log" owner="BuiltIn">
<msg time="2024-08-08T05:15:31.904060" level="INFO">{'gender': 'female', 'name': {'title': 'Miss', 'first': 'Johanna', 'last': 'Ewert'}, 'location': {'street': {'number': 5079, 'name': 'Marktplatz'}, 'city': 'Krempe', 'state': 'Brandenburg', 'country': 'Germany', 'postcode': 29996, 'coordinates': {'latitude': '-49.8461', 'longitude': '68.3950'}, 'timezone': {'offset': '+9:00', 'description': 'Tokyo, Seoul, Osaka, Sapporo, Yakutsk'}}, 'email': 'johanna.ewert@example.com', 'login': {'uuid': '821e8973-3f9d-4df4-87bb-dae0b885c983', 'username': 'sadswan692', 'password': 'queens', 'salt': '7MZZ0sHB', 'md5': 'ee06c73bd6f527727f330c60a3beb9d3', 'sha1': 'e9fde21af29a13d198298344a736e79bc4a46218', 'sha256': '6fa08f75958e5864ce873267135715703a8368b1569eaf3807510ad985e75554'}, 'dob': {'date': '1997-02-05T20:49:20.530Z', 'age': 27}, 'registered': {'date': '2002-04-18T10:16:34.524Z', 'age': 22}, 'phone': '0553-8651133', 'cell': '0177-6053926', 'id': {'name': 'SVNR', 'value': '65 050297 E 989'}, 'picture': {'large': 'https://randomuser.me/api/portraits/women/67.jpg', 'medium': 'https://randomuser.me/api/portraits/med/women/67.jpg', 'thumbnail': 'https://randomuser.me/api/portraits/thumb/women/67.jpg'}, 'nat': 'DE'}</msg>
<arg>${json_data['results'][0]}</arg>
<doc>Logs the given message with the given level.</doc>
<status status="PASS" start="2024-08-08T05:15:31.903677" elapsed="0.000431"/>
</kw>
<kw name="Log" owner="BuiltIn">
<msg time="2024-08-08T05:15:31.904532" level="INFO">email</msg>
<arg>${key}</arg>
<doc>Logs the given message with the given level.</doc>
<status status="PASS" start="2024-08-08T05:15:31.904404" elapsed="0.000166"/>
</kw>
<var name="${key}">email</var>
<status status="PASS" start="2024-08-08T05:15:31.902900" elapsed="0.001884"/>
</iter>
<iter>
<kw name="Dictionary Should Contain Key" owner="Collections">
<arg>${json_data['results'][0]}</arg>
<arg>${key}</arg>
<doc>Fails if ``key`` is not found from ``dictionary``.</doc>
<status status="PASS" start="2024-08-08T05:15:31.905066" elapsed="0.000373"/>
</kw>
<kw name="Log" owner="BuiltIn">
<msg time="2024-08-08T05:15:31.905968" level="INFO">{'gender': 'female', 'name': {'title': 'Miss', 'first': 'Johanna', 'last': 'Ewert'}, 'location': {'street': {'number': 5079, 'name': 'Marktplatz'}, 'city': 'Krempe', 'state': 'Brandenburg', 'country': 'Germany', 'postcode': 29996, 'coordinates': {'latitude': '-49.8461', 'longitude': '68.3950'}, 'timezone': {'offset': '+9:00', 'description': 'Tokyo, Seoul, Osaka, Sapporo, Yakutsk'}}, 'email': 'johanna.ewert@example.com', 'login': {'uuid': '821e8973-3f9d-4df4-87bb-dae0b885c983', 'username': 'sadswan692', 'password': 'queens', 'salt': '7MZZ0sHB', 'md5': 'ee06c73bd6f527727f330c60a3beb9d3', 'sha1': 'e9fde21af29a13d198298344a736e79bc4a46218', 'sha256': '6fa08f75958e5864ce873267135715703a8368b1569eaf3807510ad985e75554'}, 'dob': {'date': '1997-02-05T20:49:20.530Z', 'age': 27}, 'registered': {'date': '2002-04-18T10:16:34.524Z', 'age': 22}, 'phone': '0553-8651133', 'cell': '0177-6053926', 'id': {'name': 'SVNR', 'value': '65 050297 E 989'}, 'picture': {'large': 'https://randomuser.me/api/portraits/women/67.jpg', 'medium': 'https://randomuser.me/api/portraits/med/women/67.jpg', 'thumbnail': 'https://randomuser.me/api/portraits/thumb/women/67.jpg'}, 'nat': 'DE'}</msg>
<arg>${json_data['results'][0]}</arg>
<doc>Logs the given message with the given level.</doc>
<status status="PASS" start="2024-08-08T05:15:31.905618" elapsed="0.000396"/>
</kw>
<kw name="Log" owner="BuiltIn">
<msg time="2024-08-08T05:15:31.906431" level="INFO">login</msg>
<arg>${key}</arg>
<doc>Logs the given message with the given level.</doc>
<status status="PASS" start="2024-08-08T05:15:31.906302" elapsed="0.000166"/>
</kw>
<var name="${key}">login</var>
<status status="PASS" start="2024-08-08T05:15:31.904958" elapsed="0.001727"/>
</iter>
<var>${key}</var>
<value>@{expected_keys}</value>
<status status="PASS" start="2024-08-08T05:15:31.896828" elapsed="0.009977"/>
</for>
<kw name="Create List" owner="BuiltIn">
<msg time="2024-08-08T05:15:31.907126" level="INFO">${expected_keysTwo} = ['username', 'password']</msg>
<var>${expected_keysTwo}</var>
<arg>username</arg>
<arg>password</arg>
<doc>Returns a list containing given items.</doc>
<status status="PASS" start="2024-08-08T05:15:31.906992" elapsed="0.000185"/>
</kw>
<for flavor="IN">
<iter>
<kw name="Dictionary Should Contain Key" owner="Collections">
<arg>${json_data['results'][0]['login']}</arg>
<arg>${keyTwo}</arg>
<doc>Fails if ``key`` is not found from ``dictionary``.</doc>
<status status="PASS" start="2024-08-08T05:15:31.907682" elapsed="0.000408"/>
</kw>
<kw name="Dictionary Should Contain Key" owner="Collections">
<arg>${json_data['results'][0]['login']}</arg>
<arg>${keyTwo}</arg>
<doc>Fails if ``key`` is not found from ``dictionary``.</doc>
<status status="PASS" start="2024-08-08T05:15:31.908269" elapsed="0.000376"/>
</kw>
<kw name="Log" owner="BuiltIn">
<msg time="2024-08-08T05:15:31.908944" level="INFO">username</msg>
<arg>${keyTwo}</arg>
<doc>Logs the given message with the given level.</doc>
<status status="PASS" start="2024-08-08T05:15:31.908824" elapsed="0.000157"/>
</kw>
<var name="${keyTwo}">username</var>
<status status="PASS" start="2024-08-08T05:15:31.907576" elapsed="0.001623"/>
</iter>
<iter>
<kw name="Dictionary Should Contain Key" owner="Collections">
<arg>${json_data['results'][0]['login']}</arg>
<arg>${keyTwo}</arg>
<doc>Fails if ``key`` is not found from ``dictionary``.</doc>
<status status="PASS" start="2024-08-08T05:15:31.909474" elapsed="0.000383"/>
</kw>
<kw name="Dictionary Should Contain Key" owner="Collections">
<arg>${json_data['results'][0]['login']}</arg>
<arg>${keyTwo}</arg>
<doc>Fails if ``key`` is not found from ``dictionary``.</doc>
<status status="PASS" start="2024-08-08T05:15:31.910034" elapsed="0.000366"/>
</kw>
<kw name="Log" owner="BuiltIn">
<msg time="2024-08-08T05:15:31.910695" level="INFO">password</msg>
<arg>${keyTwo}</arg>
<doc>Logs the given message with the given level.</doc>
<status status="PASS" start="2024-08-08T05:15:31.910575" elapsed="0.000157"/>
</kw>
<var name="${keyTwo}">password</var>
<status status="PASS" start="2024-08-08T05:15:31.909368" elapsed="0.001582"/>
</iter>
<var>${keyTwo}</var>
<value>@{expected_keysTwo}</value>
<status status="PASS" start="2024-08-08T05:15:31.907424" elapsed="0.003654"/>
</for>
<status status="PASS" start="2024-08-08T05:15:31.541728" elapsed="0.369486"/>
</kw>
<doc>Testa a estrutura da resposta da API.</doc>
<tag>testeEstruturaResposta</tag>
<status status="PASS" start="2024-08-08T05:15:31.540947" elapsed="0.370411"/>
</test>
<test id="s1-s1-t4" name="Validar tipos de dados" line="28">
<kw name="Teste de Tipos de Dados" owner="random-user-service">
<kw name="GET On Session" owner="RequestsLibrary">
<msg time="2024-08-08T05:15:32.132422" level="INFO">GET Request : url=https://randomuser.me/api 
 path_url=/api 
 headers={'User-Agent': 'python-requests/2.32.3', 'Accept-Encoding': 'gzip, deflate', 'Accept': '*/*', 'Connection': 'keep-alive'} 
 body=None 
 </msg>
<msg time="2024-08-08T05:15:32.132504" level="INFO">GET Response : url=https://randomuser.me/api 
 status=200, reason=OK 
 headers={'Date': 'Thu, 08 Aug 2024 05:15:32 GMT', 'Content-Type': 'application/json; charset=utf-8', 'Transfer-Encoding': 'chunked', 'Connection': 'keep-alive', 'X-Powered-By': 'Express', 'Access-Control-Allow-Origin': '*', 'Cache-Control': 'no-cache', 'ETag': 'W/"4a4-BN4J92skJFCcq9C3N5viVO0GCAo"', 'Vary': 'Accept-Encoding', 'Content-Encoding': 'gzip', 'CF-Cache-Status': 'DYNAMIC', 'Report-To': '{"endpoints":[{"url":"https:\\/\\/a.nel.cloudflare.com\\/report\\/v4?s=0t3x2aId%2FAvcjDokbX8sMck3dkZCaB2qgVXvawE3CyQ0VqjDyRIROrCBpHIc8eeGPkEpq%2BTC%2FPotI43WgNyG9zOngauQdbtOTYL337jASiXUP0%2FJrwfi0tCd7fb6Qn5q"}],"group":"cf-nel","max_age":604800}', 'NEL': '{"success_fraction":0,"report_to":"cf-nel","max_age":604800}', 'Server': 'cloudflare', 'CF-RAY': '8afd07747ffd081d-IAD', 'alt-svc': 'h3=":443"; ma=86400'} 
 body={"results":[{"gender":"female","name":{"title":"Mrs","first":"Ananya","last":"Andrade"},"location":{"street":{"number":9451,"name":"Lindsay St"},"city":"Srikakulam","state":"Chhattisgarh","country":"India","postcode":38966,"coordinates":{"latitude":"11.9818","longitude":"132.3473"},"timezone":{"offset":"0:00","description":"Western Europe Time, London, Lisbon, Casablanca"}},"email":"ananya.andrade@example.com","login":{"uuid":"1067f7e3-57e6-4cb2-bfbe-ac4d22ede7a2","username":"tinyostrich818","password":"railroad","salt":"C4xWRko8","md5":"945d09c3717070e2619b2a2ce902910c","sha1":"f050bb08d94db09b1c36b67a8e5ea09c8990cabf","sha256":"e00b7ed1e9c50efdecbe44b368e85207ff77bd4098fad89f96198c869f547a52"},"dob":{"date":"1959-01-10T07:27:39.943Z","age":65},"registered":{"date":"2019-05-08T20:46:35.464Z","age":5},"phone":"7989461614","cell":"8571284015","id":{"name":"UIDAI","value":"027173524512"},"picture":{"large":"https://randomuser.me/api/portraits/women/12.jpg","medium":"https://randomuser.me/api/portraits/med/women/12.jpg","thumbnail":"https://randomuser.me/api/portraits/thumb/women/12.jpg"},"nat":"IN"}],"info":{"seed":"373bd97ef5f87443","results":1,"page":1,"version":"1.4"}} 
 </msg>
<msg time="2024-08-08T05:15:32.132575" level="INFO">/opt/hostedtoolcache/Python/3.12.4/x64/lib/python3.12/site-packages/urllib3/connectionpool.py:1099: InsecureRequestWarning: Unverified HTTPS request is being made to host 'randomuser.me'. Adding certificate verification is strongly advised. See: https://urllib3.readthedocs.io/en/latest/advanced-usage.html#tls-warnings
  warnings.warn(</msg>
<msg time="2024-08-08T05:15:32.132688" level="INFO">${response} = &lt;Response [200]&gt;</msg>
<var>${response}</var>
<arg>consultarAPI</arg>
<arg>/api</arg>
<doc>Sends a GET request on a previously created HTTP Session.</doc>
<status status="PASS" start="2024-08-08T05:15:31.913859" elapsed="0.218884"/>
</kw>
<kw name="Set Variable" owner="BuiltIn">
<msg time="2024-08-08T05:15:32.133738" level="INFO">${json_data} = {'results': [{'gender': 'female', 'name': {'title': 'Mrs', 'first': 'Ananya', 'last': 'Andrade'}, 'location': {'street': {'number': 9451, 'name': 'Lindsay St'}, 'city': 'Srikakulam', 'state': 'Chhatti...</msg>
<var>${json_data}</var>
<arg>${response.json()}</arg>
<doc>Returns the given values which can then be assigned to a variables.</doc>
<status status="PASS" start="2024-08-08T05:15:32.133197" elapsed="0.000569"/>
</kw>
<kw name="Log" owner="BuiltIn">
<msg time="2024-08-08T05:15:32.134219" level="INFO">{'results': [{'gender': 'female', 'name': {'title': 'Mrs', 'first': 'Ananya', 'last': 'Andrade'}, 'location': {'street': {'number': 9451, 'name': 'Lindsay St'}, 'city': 'Srikakulam', 'state': 'Chhattisgarh', 'country': 'India', 'postcode': 38966, 'coordinates': {'latitude': '11.9818', 'longitude': '132.3473'}, 'timezone': {'offset': '0:00', 'description': 'Western Europe Time, London, Lisbon, Casablanca'}}, 'email': 'ananya.andrade@example.com', 'login': {'uuid': '1067f7e3-57e6-4cb2-bfbe-ac4d22ede7a2', 'username': 'tinyostrich818', 'password': 'railroad', 'salt': 'C4xWRko8', 'md5': '945d09c3717070e2619b2a2ce902910c', 'sha1': 'f050bb08d94db09b1c36b67a8e5ea09c8990cabf', 'sha256': 'e00b7ed1e9c50efdecbe44b368e85207ff77bd4098fad89f96198c869f547a52'}, 'dob': {'date': '1959-01-10T07:27:39.943Z', 'age': 65}, 'registered': {'date': '2019-05-08T20:46:35.464Z', 'age': 5}, 'phone': '7989461614', 'cell': '8571284015', 'id': {'name': 'UIDAI', 'value': '027173524512'}, 'picture': {'large': 'https://randomuser.me/api/portraits/women/12.jpg', 'medium': 'https://randomuser.me/api/portraits/med/women/12.jpg', 'thumbnail': 'https://randomuser.me/api/portraits/thumb/women/12.jpg'}, 'nat': 'IN'}], 'info': {'seed': '373bd97ef5f87443', 'results': 1, 'page': 1, 'version': '1.4'}}</msg>
<arg>${json_data}</arg>
<doc>Logs the given message with the given level.</doc>
<status status="PASS" start="2024-08-08T05:15:32.134067" elapsed="0.000198"/>
</kw>
<kw name="Should Be String" owner="String">
<arg>${json_data['results'][0]['gender']}</arg>
<doc>Fails if the given ``item`` is not a string.</doc>
<status status="PASS" start="2024-08-08T05:15:32.134553" elapsed="0.000356"/>
</kw>
<kw name="Should Match Regexp" owner="BuiltIn">
<arg>${json_data['results'][0]['email']}</arg>
<arg>^[a-zA-Z0-9._%+-]+@[a-zA-Z0-9.-]+\.[a-zA-Z]{2,}$</arg>
<doc>Fails if ``string`` does not match ``pattern`` as a regular expression.</doc>
<status status="PASS" start="2024-08-08T05:15:32.135098" elapsed="0.000533"/>
</kw>
<kw name="Should Match Regexp" owner="BuiltIn">
<arg>${json_data['results'][0]['dob']['date']}</arg>
<arg>\\d{4}-\\d{2}-\\d{2}T\\d{2}:\\d{2}:\\d{2}\\.\\d{3}Z</arg>
<doc>Fails if ``string`` does not match ``pattern`` as a regular expression.</doc>
<status status="PASS" start="2024-08-08T05:15:32.135823" elapsed="0.000630"/>
</kw>
<kw name="Should Match Regexp" owner="BuiltIn">
<arg>${json_data['results'][0]['registered']['date']}</arg>
<arg>\\d{4}-\\d{2}-\\d{2}T\\d{2}:\\d{2}:\\d{2}\\.\\d{3}Z</arg>
<doc>Fails if ``string`` does not match ``pattern`` as a regular expression.</doc>
<status status="PASS" start="2024-08-08T05:15:32.136645" elapsed="0.000372"/>
</kw>
<kw name="Should Match Regexp" owner="BuiltIn">
<arg>${json_data['results'][0]['picture']['large']}</arg>
<arg>^https?://.*\.(?:png|jpe?g|gif|bmp)$</arg>
<doc>Fails if ``string`` does not match ``pattern`` as a regular expression.</doc>
<status status="PASS" start="2024-08-08T05:15:32.137200" elapsed="0.000486"/>
</kw>
<kw name="Should Match Regexp" owner="BuiltIn">
<arg>${json_data['results'][0]['picture']['medium']}</arg>
<arg>^https?://.*\.(?:png|jpe?g|gif|bmp)$</arg>
<doc>Fails if ``string`` does not match ``pattern`` as a regular expression.</doc>
<status status="PASS" start="2024-08-08T05:15:32.137879" elapsed="0.000361"/>
</kw>
<kw name="Should Match Regexp" owner="BuiltIn">
<arg>${json_data['results'][0]['picture']['thumbnail']}</arg>
<arg>^https?://.*\.(?:png|jpe?g|gif|bmp)$</arg>
<doc>Fails if ``string`` does not match ``pattern`` as a regular expression.</doc>
<status status="PASS" start="2024-08-08T05:15:32.138421" elapsed="0.000345"/>
</kw>
<kw name="Log" owner="BuiltIn">
<msg time="2024-08-08T05:15:32.139262" level="INFO">{'large': 'https://randomuser.me/api/portraits/women/12.jpg', 'medium': 'https://randomuser.me/api/portraits/med/women/12.jpg', 'thumbnail': 'https://randomuser.me/api/portraits/thumb/women/12.jpg'}</msg>
<arg>${json_data['results'][0]['picture']}</arg>
<doc>Logs the given message with the given level.</doc>
<status status="PASS" start="2024-08-08T05:15:32.138944" elapsed="0.000359"/>
</kw>
<status status="PASS" start="2024-08-08T05:15:31.913641" elapsed="0.225935"/>
</kw>
<kw name="Teste de Tipos de Dados - Postcode" owner="random-user-service">
<kw name="GET On Session" owner="RequestsLibrary">
<msg time="2024-08-08T05:15:32.383850" level="INFO">GET Request : url=https://randomuser.me/api 
 path_url=/api 
 headers={'User-Agent': 'python-requests/2.32.3', 'Accept-Encoding': 'gzip, deflate', 'Accept': '*/*', 'Connection': 'keep-alive'} 
 body=None 
 </msg>
<msg time="2024-08-08T05:15:32.383981" level="INFO">GET Response : url=https://randomuser.me/api 
 status=200, reason=OK 
 headers={'Date': 'Thu, 08 Aug 2024 05:15:32 GMT', 'Content-Type': 'application/json; charset=utf-8', 'Transfer-Encoding': 'chunked', 'Connection': 'keep-alive', 'X-Powered-By': 'Express', 'Access-Control-Allow-Origin': '*', 'Cache-Control': 'no-cache', 'ETag': 'W/"4ad-dW5rcwPETfpifvoTOZ9GTbqNvJM"', 'Vary': 'Accept-Encoding', 'Content-Encoding': 'gzip', 'CF-Cache-Status': 'DYNAMIC', 'Report-To': '{"endpoints":[{"url":"https:\\/\\/a.nel.cloudflare.com\\/report\\/v4?s=vXVRscZvIO47x9he%2FQRhDnTAEtDJN%2FBDC9gSGx%2Bo59YHe0if5hVe%2BKyTILAHWxyNxNyybpSdjCjK25CXOGpetyXwjXSGgfO3UsF09nH5XlhUpTFEHDEL6Y9eK%2B7HCDpr"}],"group":"cf-nel","max_age":604800}', 'NEL': '{"success_fraction":0,"report_to":"cf-nel","max_age":604800}', 'Server': 'cloudflare', 'CF-RAY': '8afd0775e943081d-IAD', 'alt-svc': 'h3=":443"; ma=86400'} 
 body={"results":[{"gender":"female","name":{"title":"Mrs","first":"Encarnación","last":"Márquez"},"location":{"street":{"number":6361,"name":"Calle de Tetuán"},"city":"San Sebastián de Los Reyes","state":"Andalucía","country":"Spain","postcode":19957,"coordinates":{"latitude":"-32.7816","longitude":"178.7559"},"timezone":{"offset":"+7:00","description":"Bangkok, Hanoi, Jakarta"}},"email":"encarnacion.marquez@example.com","login":{"uuid":"58acaac0-1ee5-4fa6-81d1-75ee9cf2abae","username":"beautifulkoala412","password":"storm","salt":"53w7PAqe","md5":"e73f637faf83e868e4edd169e7b9ae19","sha1":"5aa4d897bdadf01acf3d6c06ffff706fcb8e9e41","sha256":"b3d60f27801ec0221322a2d7c283525009e4c6859809980e8ddbd04487466d14"},"dob":{"date":"1997-09-06T12:54:05.231Z","age":26},"registered":{"date":"2019-12-26T10:15:09.680Z","age":4},"phone":"979-167-693","cell":"629-829-084","id":{"name":"DNI","value":"75676840-U"},"picture":{"large":"https://randomuser.me/api/portraits/women/60.jpg","medium":"https://randomuser.me/api/portraits/med/women/60.jpg","thumbnail":"https://randomuser.me/api/portraits/thumb/women/60.jpg"},"nat":"ES"}],"info":{"seed":"1ec866fbbb322598","results":1,"page":1,"version":"1.4"}} 
 </msg>
<msg time="2024-08-08T05:15:32.384058" level="INFO">/opt/hostedtoolcache/Python/3.12.4/x64/lib/python3.12/site-packages/urllib3/connectionpool.py:1099: InsecureRequestWarning: Unverified HTTPS request is being made to host 'randomuser.me'. Adding certificate verification is strongly advised. See: https://urllib3.readthedocs.io/en/latest/advanced-usage.html#tls-warnings
  warnings.warn(</msg>
<msg time="2024-08-08T05:15:32.384171" level="INFO">${response} = &lt;Response [200]&gt;</msg>
<var>${response}</var>
<arg>consultarAPI</arg>
<arg>/api</arg>
<doc>Sends a GET request on a previously created HTTP Session.</doc>
<status status="PASS" start="2024-08-08T05:15:32.140027" elapsed="0.244199"/>
</kw>
<kw name="Set Variable" owner="BuiltIn">
<msg time="2024-08-08T05:15:32.385240" level="INFO">${json_data} = {'results': [{'gender': 'female', 'name': {'title': 'Mrs', 'first': 'Encarnación', 'last': 'Márquez'}, 'location': {'street': {'number': 6361, 'name': 'Calle de Tetuán'}, 'city': 'San Sebastián de Los...</msg>
<var>${json_data}</var>
<arg>${response.json()}</arg>
<doc>Returns the given values which can then be assigned to a variables.</doc>
<status status="PASS" start="2024-08-08T05:15:32.384689" elapsed="0.000581"/>
</kw>
<kw name="Log" owner="BuiltIn">
<msg time="2024-08-08T05:15:32.385727" level="INFO">{'results': [{'gender': 'female', 'name': {'title': 'Mrs', 'first': 'Encarnación', 'last': 'Márquez'}, 'location': {'street': {'number': 6361, 'name': 'Calle de Tetuán'}, 'city': 'San Sebastián de Los Reyes', 'state': 'Andalucía', 'country': 'Spain', 'postcode': 19957, 'coordinates': {'latitude': '-32.7816', 'longitude': '178.7559'}, 'timezone': {'offset': '+7:00', 'description': 'Bangkok, Hanoi, Jakarta'}}, 'email': 'encarnacion.marquez@example.com', 'login': {'uuid': '58acaac0-1ee5-4fa6-81d1-75ee9cf2abae', 'username': 'beautifulkoala412', 'password': 'storm', 'salt': '53w7PAqe', 'md5': 'e73f637faf83e868e4edd169e7b9ae19', 'sha1': '5aa4d897bdadf01acf3d6c06ffff706fcb8e9e41', 'sha256': 'b3d60f27801ec0221322a2d7c283525009e4c6859809980e8ddbd04487466d14'}, 'dob': {'date': '1997-09-06T12:54:05.231Z', 'age': 26}, 'registered': {'date': '2019-12-26T10:15:09.680Z', 'age': 4}, 'phone': '979-167-693', 'cell': '629-829-084', 'id': {'name': 'DNI', 'value': '75676840-U'}, 'picture': {'large': 'https://randomuser.me/api/portraits/women/60.jpg', 'medium': 'https://randomuser.me/api/portraits/med/women/60.jpg', 'thumbnail': 'https://randomuser.me/api/portraits/thumb/women/60.jpg'}, 'nat': 'ES'}], 'info': {'seed': '1ec866fbbb322598', 'results': 1, 'page': 1, 'version': '1.4'}}</msg>
<arg>${json_data}</arg>
<doc>Logs the given message with the given level.</doc>
<status status="PASS" start="2024-08-08T05:15:32.385572" elapsed="0.000202"/>
</kw>
<kw name="Should Be Equal As Numbers" owner="BuiltIn">
<arg>${json_data['results'][0]['location']['postcode']}</arg>
<arg>${json_data['results'][0]['location']['postcode']}</arg>
<doc>Fails if objects are unequal after converting them to real numbers.</doc>
<status status="PASS" start="2024-08-08T05:15:32.386064" elapsed="0.000606"/>
</kw>
<kw name="Log" owner="BuiltIn">
<msg time="2024-08-08T05:15:32.387226" level="INFO">19957</msg>
<arg>${json_data['results'][0]['location']['postcode']}</arg>
<doc>Logs the given message with the given level.</doc>
<status status="PASS" start="2024-08-08T05:15:32.386855" elapsed="0.000411"/>
</kw>
<status status="PASS" start="2024-08-08T05:15:32.139787" elapsed="0.247730"/>
</kw>
<doc>Testa se os tipos de dados na resposta da API estão corretos.</doc>
<tag>testeTiposDados</tag>
<status status="PASS" start="2024-08-08T05:15:31.913120" elapsed="0.474552"/>
</test>
<test id="s1-s1-t5" name="Validar conteudo" line="35">
<kw name="Teste de Tipos de Conteudo" owner="random-user-service">
<kw name="GET On Session" owner="RequestsLibrary">
<msg time="2024-08-08T05:15:32.592477" level="INFO">GET Request : url=https://randomuser.me/api 
 path_url=/api 
 headers={'User-Agent': 'python-requests/2.32.3', 'Accept-Encoding': 'gzip, deflate', 'Accept': '*/*', 'Connection': 'keep-alive'} 
 body=None 
 </msg>
<msg time="2024-08-08T05:15:32.592558" level="INFO">GET Response : url=https://randomuser.me/api 
 status=200, reason=OK 
 headers={'Date': 'Thu, 08 Aug 2024 05:15:32 GMT', 'Content-Type': 'application/json; charset=utf-8', 'Transfer-Encoding': 'chunked', 'Connection': 'keep-alive', 'X-Powered-By': 'Express', 'Access-Control-Allow-Origin': '*', 'Cache-Control': 'no-cache', 'ETag': 'W/"48c-p5f5HtiMewks/qSAUlKRecsKU6Q"', 'Vary': 'Accept-Encoding', 'Content-Encoding': 'gzip', 'CF-Cache-Status': 'DYNAMIC', 'Report-To': '{"endpoints":[{"url":"https:\\/\\/a.nel.cloudflare.com\\/report\\/v4?s=p3vAYlgpwZqieB6sNsVDEaKXL85gJOnXJfBrx0LZmdgfCAwOsx15uVJ4iqKUMPgQtks9fBLm95ZMcOkfQeL%2Bf9VUTZxvjqHIvKfoCjCzDKEgsQLklbxz4KT1Q3q3KSex"}],"group":"cf-nel","max_age":604800}', 'NEL': '{"success_fraction":0,"report_to":"cf-nel","max_age":604800}', 'Server': 'cloudflare', 'CF-RAY': '8afd07777a66081d-IAD', 'alt-svc': 'h3=":443"; ma=86400'} 
 body={"results":[{"gender":"female","name":{"title":"Ms","first":"Carole","last":"Black"},"location":{"street":{"number":5404,"name":"Spring Hill Rd"},"city":"Torrance","state":"Texas","country":"United States","postcode":66386,"coordinates":{"latitude":"83.3215","longitude":"90.4757"},"timezone":{"offset":"-11:00","description":"Midway Island, Samoa"}},"email":"carole.black@example.com","login":{"uuid":"21f08ced-a699-43df-8256-6ef1c5c67176","username":"happygorilla903","password":"drums","salt":"yJJmZ7Il","md5":"b260f9dc5f8c5cc3361aaaffce7de42d","sha1":"1f700a2a256ae9d1ec1775768c5fa62ff18ecbe6","sha256":"79bcd8eca7f84cc723d55e3488b1e2b56f43fdcbe2e9bfdae24e78982a2e1a76"},"dob":{"date":"1998-08-25T23:32:00.281Z","age":25},"registered":{"date":"2004-06-21T08:26:29.001Z","age":20},"phone":"(474) 504-3230","cell":"(625) 246-2120","id":{"name":"SSN","value":"225-01-4025"},"picture":{"large":"https://randomuser.me/api/portraits/women/76.jpg","medium":"https://randomuser.me/api/portraits/med/women/76.jpg","thumbnail":"https://randomuser.me/api/portraits/thumb/women/76.jpg"},"nat":"US"}],"info":{"seed":"284b0ba6f89cdf4b","results":1,"page":1,"version":"1.4"}} 
 </msg>
<msg time="2024-08-08T05:15:32.592630" level="INFO">/opt/hostedtoolcache/Python/3.12.4/x64/lib/python3.12/site-packages/urllib3/connectionpool.py:1099: InsecureRequestWarning: Unverified HTTPS request is being made to host 'randomuser.me'. Adding certificate verification is strongly advised. See: https://urllib3.readthedocs.io/en/latest/advanced-usage.html#tls-warnings
  warnings.warn(</msg>
<msg time="2024-08-08T05:15:32.592732" level="INFO">${response} = &lt;Response [200]&gt;</msg>
<var>${response}</var>
<arg>consultarAPI</arg>
<arg>/api</arg>
<doc>Sends a GET request on a previously created HTTP Session.</doc>
<status status="PASS" start="2024-08-08T05:15:32.390127" elapsed="0.202646"/>
</kw>
<kw name="Set Variable" owner="BuiltIn">
<msg time="2024-08-08T05:15:32.593755" level="INFO">${json_data} = {'results': [{'gender': 'female', 'name': {'title': 'Ms', 'first': 'Carole', 'last': 'Black'}, 'location': {'street': {'number': 5404, 'name': 'Spring Hill Rd'}, 'city': 'Torrance', 'state': 'Texas', ...</msg>
<var>${json_data}</var>
<arg>${response.json()}</arg>
<doc>Returns the given values which can then be assigned to a variables.</doc>
<status status="PASS" start="2024-08-08T05:15:32.593212" elapsed="0.000571"/>
</kw>
<kw name="Set Variable" owner="BuiltIn">
<msg time="2024-08-08T05:15:32.594463" level="INFO">${name_title} = Ms</msg>
<var>${name_title}</var>
<arg>${json_data["results"][0]["name"]["title"]}</arg>
<doc>Returns the given values which can then be assigned to a variables.</doc>
<status status="PASS" start="2024-08-08T05:15:32.594086" elapsed="0.000402"/>
</kw>
<kw name="Create List" owner="BuiltIn">
<msg time="2024-08-08T05:15:32.594930" level="INFO">${allowed_titles} = ['Mr', 'Ms', 'Miss', 'Mrs', 'Madame', 'Monsieur']</msg>
<var>${allowed_titles}</var>
<arg>Mr</arg>
<arg>Ms</arg>
<arg>Miss</arg>
<arg>Mrs</arg>
<arg>Madame</arg>
<arg>Monsieur</arg>
<doc>Returns a list containing given items.</doc>
<status status="PASS" start="2024-08-08T05:15:32.594781" elapsed="0.000173"/>
</kw>
<kw name="List Should Contain Value" owner="Collections">
<arg>${allowed_titles}</arg>
<arg>${name_title}</arg>
<doc>Fails if the ``value`` is not found from ``list``.</doc>
<status status="PASS" start="2024-08-08T05:15:32.595247" elapsed="0.000168"/>
</kw>
<kw name="Set Variable" owner="BuiltIn">
<msg time="2024-08-08T05:15:32.596014" level="INFO">${name_country} = US</msg>
<var>${name_country}</var>
<arg>${json_data["results"][0]["nat"]}</arg>
<doc>Returns the given values which can then be assigned to a variables.</doc>
<status status="PASS" start="2024-08-08T05:15:32.595598" elapsed="0.000443"/>
</kw>
<kw name="Create List" owner="BuiltIn">
<msg time="2024-08-08T05:15:32.596937" level="INFO">${list_country} = ['AD', 'AE', 'AF', 'AG', 'AI', 'AL', 'AM', 'AO', 'AQ', 'AR', 'AS', 'AT', 'AU', 'AW', 'AX', 'AZ', 'BA', 'BB', 'BD', 'BE', 'BF', 'BG', 'BH', 'BI', 'BJ', 'BL', 'BM', 'BN', 'BO', 'BQ', 'BR', 'BS', 'BT', '...</msg>
<var>${list_country}</var>
<arg>AD</arg>
<arg>AE</arg>
<arg>AF</arg>
<arg>AG</arg>
<arg>AI</arg>
<arg>AL</arg>
<arg>AM</arg>
<arg>AO</arg>
<arg>AQ</arg>
<arg>AR</arg>
<arg>AS</arg>
<arg>AT</arg>
<arg>AU</arg>
<arg>AW</arg>
<arg>AX</arg>
<arg>AZ</arg>
<arg>BA</arg>
<arg>BB</arg>
<arg>BD</arg>
<arg>BE</arg>
<arg>BF</arg>
<arg>BG</arg>
<arg>BH</arg>
<arg>BI</arg>
<arg>BJ</arg>
<arg>BL</arg>
<arg>BM</arg>
<arg>BN</arg>
<arg>BO</arg>
<arg>BQ</arg>
<arg>BR</arg>
<arg>BS</arg>
<arg>BT</arg>
<arg>BV</arg>
<arg>BW</arg>
<arg>BY</arg>
<arg>BZ</arg>
<arg>CA</arg>
<arg>CC</arg>
<arg>CD</arg>
<arg>CF</arg>
<arg>CG</arg>
<arg>CH</arg>
<arg>CI</arg>
<arg>CK</arg>
<arg>CL</arg>
<arg>CM</arg>
<arg>CN</arg>
<arg>CO</arg>
<arg>CR</arg>
<arg>CU</arg>
<arg>CV</arg>
<arg>CW</arg>
<arg>CX</arg>
<arg>CY</arg>
<arg>CZ</arg>
<arg>DE</arg>
<arg>DJ</arg>
<arg>DK</arg>
<arg>DM</arg>
<arg>DO</arg>
<arg>DZ</arg>
<arg>EC</arg>
<arg>EE</arg>
<arg>EG</arg>
<arg>EH</arg>
<arg>ER</arg>
<arg>ES</arg>
<arg>ET</arg>
<arg>FI</arg>
<arg>FJ</arg>
<arg>FK</arg>
<arg>FM</arg>
<arg>FO</arg>
<arg>FR</arg>
<arg>GA</arg>
<arg>GB</arg>
<arg>GD</arg>
<arg>GE</arg>
<arg>GF</arg>
<arg>GG</arg>
<arg>GH</arg>
<arg>GI</arg>
<arg>GL</arg>
<arg>GM</arg>
<arg>GN</arg>
<arg>GP</arg>
<arg>GQ</arg>
<arg>GR</arg>
<arg>GS</arg>
<arg>GT</arg>
<arg>GU</arg>
<arg>GW</arg>
<arg>GY</arg>
<arg>HK</arg>
<arg>HM</arg>
<arg>HN</arg>
<arg>HR</arg>
<arg>HT</arg>
<arg>HU</arg>
<arg>ID</arg>
<arg>IE</arg>
<arg>IL</arg>
<arg>IM</arg>
<arg>IN</arg>
<arg>IO</arg>
<arg>IQ</arg>
<arg>IR</arg>
<arg>IS</arg>
<arg>IT</arg>
<arg>JE</arg>
<arg>JM</arg>
<arg>JO</arg>
<arg>JP</arg>
<arg>KE</arg>
<arg>KG</arg>
<arg>KH</arg>
<arg>KI</arg>
<arg>KM</arg>
<arg>KN</arg>
<arg>KP</arg>
<arg>KR</arg>
<arg>KW</arg>
<arg>KY</arg>
<arg>KZ</arg>
<arg>LA</arg>
<arg>LB</arg>
<arg>LC</arg>
<arg>LI</arg>
<arg>LK</arg>
<arg>LR</arg>
<arg>LS</arg>
<arg>LT</arg>
<arg>LU</arg>
<arg>LV</arg>
<arg>LY</arg>
<arg>MA</arg>
<arg>MC</arg>
<arg>MD</arg>
<arg>ME</arg>
<arg>MF</arg>
<arg>MG</arg>
<arg>MH</arg>
<arg>MK</arg>
<arg>ML</arg>
<arg>MM</arg>
<arg>MN</arg>
<arg>MO</arg>
<arg>MP</arg>
<arg>MQ</arg>
<arg>MR</arg>
<arg>MS</arg>
<arg>MT</arg>
<arg>MU</arg>
<arg>MV</arg>
<arg>MW</arg>
<arg>MX</arg>
<arg>MY</arg>
<arg>MZ</arg>
<arg>NA</arg>
<arg>NC</arg>
<arg>NE</arg>
<arg>NF</arg>
<arg>NG</arg>
<arg>NI</arg>
<arg>NL</arg>
<arg>NO</arg>
<arg>NP</arg>
<arg>NR</arg>
<arg>NU</arg>
<arg>NZ</arg>
<arg>OM</arg>
<arg>PA</arg>
<arg>PE</arg>
<arg>PF</arg>
<arg>PG</arg>
<arg>PH</arg>
<arg>PK</arg>
<arg>PL</arg>
<arg>PM</arg>
<arg>PN</arg>
<arg>PR</arg>
<arg>PS</arg>
<arg>PT</arg>
<arg>PW</arg>
<arg>PY</arg>
<arg>QA</arg>
<arg>RE</arg>
<arg>RO</arg>
<arg>RS</arg>
<arg>RU</arg>
<arg>RW</arg>
<arg>SA</arg>
<arg>SB</arg>
<arg>SC</arg>
<arg>SD</arg>
<arg>SE</arg>
<arg>SG</arg>
<arg>SH</arg>
<arg>SI</arg>
<arg>SJ</arg>
<arg>SK</arg>
<arg>SL</arg>
<arg>SM</arg>
<arg>SN</arg>
<arg>SO</arg>
<arg>SR</arg>
<arg>SS</arg>
<arg>ST</arg>
<arg>SV</arg>
<arg>SX</arg>
<arg>SY</arg>
<arg>SZ</arg>
<arg>TC</arg>
<arg>TD</arg>
<arg>TF</arg>
<arg>TG</arg>
<arg>TH</arg>
<arg>TJ</arg>
<arg>TK</arg>
<arg>TL</arg>
<arg>TM</arg>
<arg>TN</arg>
<arg>TO</arg>
<arg>TR</arg>
<arg>TT</arg>
<arg>TV</arg>
<arg>TW</arg>
<arg>TZ</arg>
<arg>UA</arg>
<arg>UG</arg>
<arg>UM</arg>
<arg>US</arg>
<arg>UY</arg>
<arg>UZ</arg>
<arg>VA</arg>
<arg>VC</arg>
<arg>VE</arg>
<arg>VG</arg>
<arg>VI</arg>
<arg>VN</arg>
<arg>VU</arg>
<arg>WF</arg>
<arg>WS</arg>
<arg>XK</arg>
<arg>YE</arg>
<arg>YT</arg>
<arg>ZA</arg>
<arg>ZM</arg>
<arg>ZW</arg>
<doc>Returns a list containing given items.</doc>
<status status="PASS" start="2024-08-08T05:15:32.596339" elapsed="0.000624"/>
</kw>
<kw name="List Should Contain Value" owner="Collections">
<arg>${list_country}</arg>
<arg>${name_country}</arg>
<doc>Fails if the ``value`` is not found from ``list``.</doc>
<status status="PASS" start="2024-08-08T05:15:32.597889" elapsed="0.000214"/>
</kw>
<kw name="Run Keyword If" owner="BuiltIn">
<kw name="Should Be True" owner="BuiltIn">
<arg>${True}</arg>
<doc>Fails if the given condition is not true.</doc>
<status status="PASS" start="2024-08-08T05:15:32.599047" elapsed="0.000151"/>
</kw>
<arg>${json_data["results"][0]["location"]["coordinates"]["latitude"]} &gt;= -90 and ${json_data["results"][0]["location"]["coordinates"]["latitude"]} &lt;= 90</arg>
<arg>Should Be True</arg>
<arg>${True}</arg>
<doc>Runs the given keyword with the given arguments, if ``condition`` is true.</doc>
<status status="PASS" start="2024-08-08T05:15:32.598296" elapsed="0.001027"/>
</kw>
<kw name="Run Keyword If" owner="BuiltIn">
<kw name="Should Be True" owner="BuiltIn">
<arg>${True}</arg>
<doc>Fails if the given condition is not true.</doc>
<status status="PASS" start="2024-08-08T05:15:32.600225" elapsed="0.000139"/>
</kw>
<arg>${json_data["results"][0]["location"]["coordinates"]["longitude"]} &gt;= -180 and ${json_data["results"][0]["location"]["coordinates"]["longitude"]} &lt;= 180</arg>
<arg>Should Be True</arg>
<arg>${True}</arg>
<doc>Runs the given keyword with the given arguments, if ``condition`` is true.</doc>
<status status="PASS" start="2024-08-08T05:15:32.599504" elapsed="0.000985"/>
</kw>
<status status="PASS" start="2024-08-08T05:15:32.389906" elapsed="0.210710"/>
</kw>
<doc>Testa o conteúdo específico dos campos retornados pela API.</doc>
<tag>testeConteudo</tag>
<status status="PASS" start="2024-08-08T05:15:32.389385" elapsed="0.211373"/>
</test>
<status status="PASS" start="2024-08-08T05:15:30.574802" elapsed="2.027834"/>
</suite>
<status status="PASS" start="2024-08-08T05:15:30.560589" elapsed="2.047177"/>
</suite>
<statistics>
<total>
<stat pass="5" fail="0" skip="0">All Tests</stat>
</total>
<tag>
<stat pass="1" fail="0" skip="0">testeConteudo</stat>
<stat pass="1" fail="0" skip="0">testeEstruturaResposta</stat>
<stat pass="1" fail="0" skip="0">testeRequisicaoBasica</stat>
<stat pass="1" fail="0" skip="0">testeTiposDados</stat>
</tag>
<suite>
<stat pass="5" fail="0" skip="0" id="s1" name="Tests">Tests</stat>
<stat pass="5" fail="0" skip="0" id="s1-s1" name="Random-User-Test">Tests.Random-User-Test</stat>
</suite>
</statistics>
<errors>
</errors>
</robot>
