<?xml version="1.0" encoding="UTF-8"?>
<robot generator="Robot 7.0 (Python 3.12.2 on linux)" generated="2024-04-10T08:19:34.165075" rpa="false" schemaversion="5">
<suite id="s1" name="Tests" source="/home/runner/work/DesafioQAItauRogerioJordao/DesafioQAItauRogerioJordao/RamdonUser/tests">
<suite id="s1-s1" name="Random-User-Test" source="/home/runner/work/DesafioQAItauRogerioJordao/DesafioQAItauRogerioJordao/RamdonUser/tests/random-user-test.robot">
<test id="s1-s1-t1" name="Conectar" line="13">
<kw name="Conectar API" owner="random-user-service">
<kw name="Create Session" owner="RequestsLibrary">
<msg time="2024-04-10T08:19:34.536394" level="INFO">Creating Session using : alias=consultarAPI, url=https://randomuser.me/, headers={},                     cookies={}, auth=None, timeout=None, proxies=None, verify=False,                     debug=0 </msg>
<arg>consultarAPI</arg>
<arg>${URL}</arg>
<doc>Create Session: create a HTTP session to a server</doc>
<status status="PASS" start="2024-04-10T08:19:34.536187" elapsed="0.000390"/>
</kw>
<status status="PASS" start="2024-04-10T08:19:34.535133" elapsed="0.001812"/>
</kw>
<status status="PASS" start="2024-04-10T08:19:34.534577" elapsed="0.002577"/>
</test>
<test id="s1-s1-t2" name="Validar retorno 200 e JSON Válido" line="16">
<kw name="Teste de Requisicao Basica" owner="random-user-service">
<kw name="GET On Session" owner="RequestsLibrary">
<msg time="2024-04-10T08:19:34.899428" level="INFO">GET Request : url=https://randomuser.me/api 
 path_url=/api 
 headers={'User-Agent': 'python-requests/2.31.0', 'Accept-Encoding': 'gzip, deflate', 'Accept': '*/*', 'Connection': 'keep-alive'} 
 body=None 
 </msg>
<msg time="2024-04-10T08:19:34.899578" level="INFO">GET Response : url=https://randomuser.me/api 
 status=200, reason=OK 
 headers={'Date': 'Wed, 10 Apr 2024 08:19:34 GMT', 'Content-Type': 'application/json; charset=utf-8', 'Transfer-Encoding': 'chunked', 'Connection': 'keep-alive', 'X-Powered-By': 'Express', 'Access-Control-Allow-Origin': '*', 'Cache-Control': 'no-cache', 'ETag': 'W/"47f-aevkxWEDkgU6VsCO3MNW3Lo/MWg"', 'Vary': 'Accept-Encoding', 'Content-Encoding': 'gzip', 'CF-Cache-Status': 'DYNAMIC', 'Report-To': '{"endpoints":[{"url":"https:\\/\\/a.nel.cloudflare.com\\/report\\/v4?s=QtasFbUksQFseeuBtth02b84i9LJMVeAobE%2BBlxT5yC95PwZFoNEcJyrPvVDOEojWt4SS2EEtaKKbYLmsKNwgQAyRm8VDtabh3%2Buf0kc%2BD8R6nuZ67Etuhvt1kZvTXsx"}],"group":"cf-nel","max_age":604800}', 'NEL': '{"success_fraction":0,"report_to":"cf-nel","max_age":604800}', 'Server': 'cloudflare', 'CF-RAY': '8721500dfc1c1566-SJC', 'alt-svc': 'h3=":443"; ma=86400'} 
 body={"results":[{"gender":"female","name":{"title":"Miss","first":"Rose","last":"Taylor"},"location":{"street":{"number":5321,"name":"Royal Road"},"city":"Nelson","state":"Marlborough","country":"New Zealand","postcode":69252,"coordinates":{"latitude":"47.7151","longitude":"22.1413"},"timezone":{"offset":"+7:00","description":"Bangkok, Hanoi, Jakarta"}},"email":"rose.taylor@example.com","login":{"uuid":"da3c8c86-a1e0-4787-90ce-bf5667469b74","username":"tinypanda951","password":"shotgun","salt":"e5aCIDZb","md5":"89875cac93ea0ac74b81f28d4298443e","sha1":"3d8936fdc123ab911732984a902691c9d0d9abda","sha256":"679ca8bd751cad1b9c4cc196c3961aa1f055314422ab984bbe65bd2560dc0587"},"dob":{"date":"1965-02-01T14:07:55.805Z","age":59},"registered":{"date":"2010-04-14T10:18:31.172Z","age":13},"phone":"(423)-664-2710","cell":"(659)-083-4183","id":{"name":"","value":null},"picture":{"large":"https://randomuser.me/api/portraits/women/41.jpg","medium":"https://randomuser.me/api/portraits/med/women/41.jpg","thumbnail":"https://randomuser.me/api/portraits/thumb/women/41.jpg"},"nat":"NZ"}],"info":{"seed":"1c3d33cc155e0cf7","results":1,"page":1,"version":"1.4"}} 
 </msg>
<msg time="2024-04-10T08:19:34.899661" level="INFO">/opt/hostedtoolcache/Python/3.12.2/x64/lib/python3.12/site-packages/urllib3/connectionpool.py:1103: InsecureRequestWarning: Unverified HTTPS request is being made to host 'randomuser.me'. Adding certificate verification is strongly advised. See: https://urllib3.readthedocs.io/en/latest/advanced-usage.html#tls-warnings
  warnings.warn(</msg>
<msg time="2024-04-10T08:19:34.899802" level="INFO">${response} = &lt;Response [200]&gt;</msg>
<var>${response}</var>
<arg>consultarAPI</arg>
<arg>/api</arg>
<doc>Sends a GET request on a previously created HTTP Session.</doc>
<status status="PASS" start="2024-04-10T08:19:34.539741" elapsed="0.360102"/>
</kw>
<kw name="Should Be Equal As Numbers" owner="BuiltIn">
<msg time="2024-04-10T08:19:34.901056" level="INFO">Argument types are:
&lt;class 'int'&gt;
&lt;class 'str'&gt;</msg>
<arg>${response.status_code}</arg>
<arg>200</arg>
<doc>Fails if objects are unequal after converting them to real numbers.</doc>
<status status="PASS" start="2024-04-10T08:19:34.900550" elapsed="0.000571"/>
</kw>
<kw name="Log" owner="BuiltIn">
<msg time="2024-04-10T08:19:34.901806" level="INFO">200</msg>
<arg>${response.status_code}</arg>
<doc>Logs the given message with the given level.</doc>
<status status="PASS" start="2024-04-10T08:19:34.901448" elapsed="0.000429"/>
</kw>
<kw name="Set Variable" owner="BuiltIn">
<msg time="2024-04-10T08:19:34.902651" level="INFO">${json_data} = {'results': [{'gender': 'female', 'name': {'title': 'Miss', 'first': 'Rose', 'last': 'Taylor'}, 'location': {'street': {'number': 5321, 'name': 'Royal Road'}, 'city': 'Nelson', 'state': 'Marlborough',...</msg>
<var>${json_data}</var>
<arg>${response.json()}</arg>
<doc>Returns the given values which can then be assigned to a variables.</doc>
<status status="PASS" start="2024-04-10T08:19:34.902217" elapsed="0.000461"/>
</kw>
<kw name="Dictionary Should Contain Key" owner="Collections">
<msg time="2024-04-10T08:19:34.903147" level="INFO">False</msg>
<arg>${json_data}</arg>
<arg>results</arg>
<doc>Fails if ``key`` is not found from ``dictionary``.</doc>
<status status="PASS" start="2024-04-10T08:19:34.902979" elapsed="0.000207"/>
</kw>
<status status="PASS" start="2024-04-10T08:19:34.539490" elapsed="0.363963"/>
</kw>
<doc>Testa se a API responde corretamente e retorna um objeto JSON válido.</doc>
<tag>testeRequisicaoBasica</tag>
<status status="PASS" start="2024-04-10T08:19:34.539020" elapsed="0.364620"/>
</test>
<test id="s1-s1-t3" name="Validar estrutura de resposta" line="22">
<kw name="Teste de Estrutura de Resposta" owner="random-user-service">
<kw name="GET On Session" owner="RequestsLibrary">
<msg time="2024-04-10T08:19:34.989672" level="INFO">GET Request : url=https://randomuser.me/api 
 path_url=/api 
 headers={'User-Agent': 'python-requests/2.31.0', 'Accept-Encoding': 'gzip, deflate', 'Accept': '*/*', 'Connection': 'keep-alive'} 
 body=None 
 </msg>
<msg time="2024-04-10T08:19:34.989772" level="INFO">GET Response : url=https://randomuser.me/api 
 status=200, reason=OK 
 headers={'Date': 'Wed, 10 Apr 2024 08:19:34 GMT', 'Content-Type': 'application/json; charset=utf-8', 'Transfer-Encoding': 'chunked', 'Connection': 'keep-alive', 'X-Powered-By': 'Express', 'Access-Control-Allow-Origin': '*', 'Cache-Control': 'no-cache', 'ETag': 'W/"4b4-mPUoUWTK1GHEO/83627lkOzHo74"', 'Vary': 'Accept-Encoding', 'Content-Encoding': 'gzip', 'CF-Cache-Status': 'DYNAMIC', 'Report-To': '{"endpoints":[{"url":"https:\\/\\/a.nel.cloudflare.com\\/report\\/v4?s=ZAHa4Ye5tSjqy2N5dMUihRxwX2iM6VfyOngJOL%2Bt2gF2noW5H%2FicQzoGVWp8g8TGmC0nyoJCT2dCfsJWcCYNEeL%2FB3cQYvJDj2TKfcDM87Uk7PMP6ndobY%2FaJp96N9hn"}],"group":"cf-nel","max_age":604800}', 'NEL': '{"success_fraction":0,"report_to":"cf-nel","max_age":604800}', 'Server': 'cloudflare', 'CF-RAY': '8721500f3cde1566-SJC', 'alt-svc': 'h3=":443"; ma=86400'} 
 body={"results":[{"gender":"female","name":{"title":"Mademoiselle","first":"Agnieszka","last":"Fabre"},"location":{"street":{"number":8481,"name":"Boulevard de la Duchère"},"city":"Reiden","state":"Obwalden","country":"Switzerland","postcode":3135,"coordinates":{"latitude":"-62.5554","longitude":"35.8972"},"timezone":{"offset":"+9:00","description":"Tokyo, Seoul, Osaka, Sapporo, Yakutsk"}},"email":"agnieszka.fabre@example.com","login":{"uuid":"044dd2b9-40e3-4092-a305-1baba73650f8","username":"goldenbird758","password":"1124","salt":"a6mbLl4m","md5":"378a10602736314bce695839113b73c4","sha1":"e3833707302484ee0f5b9c003ca260bdf2085b39","sha256":"96c9c08a6237c5437b6fbc222d529610de2d9b21e5ee47f25e93998d176c4b89"},"dob":{"date":"1983-06-05T12:10:24.570Z","age":40},"registered":{"date":"2016-09-20T03:45:59.356Z","age":7},"phone":"077 309 54 21","cell":"079 591 76 08","id":{"name":"AVS","value":"756.1383.9551.76"},"picture":{"large":"https://randomuser.me/api/portraits/women/65.jpg","medium":"https://randomuser.me/api/portraits/med/women/65.jpg","thumbnail":"https://randomuser.me/api/portraits/thumb/women/65.jpg"},"nat":"CH"}],"info":{"seed":"279cbfd031e876f2","results":1,"page":1,"version":"1.4"}} 
 </msg>
<msg time="2024-04-10T08:19:34.989951" level="INFO">/opt/hostedtoolcache/Python/3.12.2/x64/lib/python3.12/site-packages/urllib3/connectionpool.py:1103: InsecureRequestWarning: Unverified HTTPS request is being made to host 'randomuser.me'. Adding certificate verification is strongly advised. See: https://urllib3.readthedocs.io/en/latest/advanced-usage.html#tls-warnings
  warnings.warn(</msg>
<msg time="2024-04-10T08:19:34.990079" level="INFO">${response} = &lt;Response [200]&gt;</msg>
<var>${response}</var>
<arg>consultarAPI</arg>
<arg>/api</arg>
<doc>Sends a GET request on a previously created HTTP Session.</doc>
<status status="PASS" start="2024-04-10T08:19:34.906537" elapsed="0.083587"/>
</kw>
<kw name="Set Variable" owner="BuiltIn">
<msg time="2024-04-10T08:19:34.991174" level="INFO">${json_data} = {'results': [{'gender': 'female', 'name': {'title': 'Mademoiselle', 'first': 'Agnieszka', 'last': 'Fabre'}, 'location': {'street': {'number': 8481, 'name': 'Boulevard de la Duchère'}, 'city': 'Reiden'...</msg>
<var>${json_data}</var>
<arg>${response.json()}</arg>
<doc>Returns the given values which can then be assigned to a variables.</doc>
<status status="PASS" start="2024-04-10T08:19:34.990647" elapsed="0.000556"/>
</kw>
<kw name="Log" owner="BuiltIn">
<msg time="2024-04-10T08:19:34.991690" level="INFO">{'results': [{'gender': 'female', 'name': {'title': 'Mademoiselle', 'first': 'Agnieszka', 'last': 'Fabre'}, 'location': {'street': {'number': 8481, 'name': 'Boulevard de la Duchère'}, 'city': 'Reiden', 'state': 'Obwalden', 'country': 'Switzerland', 'postcode': 3135, 'coordinates': {'latitude': '-62.5554', 'longitude': '35.8972'}, 'timezone': {'offset': '+9:00', 'description': 'Tokyo, Seoul, Osaka, Sapporo, Yakutsk'}}, 'email': 'agnieszka.fabre@example.com', 'login': {'uuid': '044dd2b9-40e3-4092-a305-1baba73650f8', 'username': 'goldenbird758', 'password': '1124', 'salt': 'a6mbLl4m', 'md5': '378a10602736314bce695839113b73c4', 'sha1': 'e3833707302484ee0f5b9c003ca260bdf2085b39', 'sha256': '96c9c08a6237c5437b6fbc222d529610de2d9b21e5ee47f25e93998d176c4b89'}, 'dob': {'date': '1983-06-05T12:10:24.570Z', 'age': 40}, 'registered': {'date': '2016-09-20T03:45:59.356Z', 'age': 7}, 'phone': '077 309 54 21', 'cell': '079 591 76 08', 'id': {'name': 'AVS', 'value': '756.1383.9551.76'}, 'picture': {'large': 'https://randomuser.me/api/portraits/women/65.jpg', 'medium': 'https://randomuser.me/api/portraits/med/women/65.jpg', 'thumbnail': 'https://randomuser.me/api/portraits/thumb/women/65.jpg'}, 'nat': 'CH'}], 'info': {'seed': '279cbfd031e876f2', 'results': 1, 'page': 1, 'version': '1.4'}}</msg>
<arg>${json_data}</arg>
<doc>Logs the given message with the given level.</doc>
<status status="PASS" start="2024-04-10T08:19:34.991522" elapsed="0.000218"/>
</kw>
<kw name="Dictionary Should Contain Key" owner="Collections">
<msg time="2024-04-10T08:19:34.992203" level="INFO">False</msg>
<arg>${json_data}</arg>
<arg>results</arg>
<doc>Fails if ``key`` is not found from ``dictionary``.</doc>
<status status="PASS" start="2024-04-10T08:19:34.992040" elapsed="0.000200"/>
</kw>
<kw name="Should Not Be Empty" owner="BuiltIn">
<msg time="2024-04-10T08:19:34.992670" level="INFO">Length is 2.</msg>
<arg>${json_data}</arg>
<doc>Verifies that the given item is not empty.</doc>
<status status="PASS" start="2024-04-10T08:19:34.992536" elapsed="0.000172"/>
</kw>
<kw name="Create List" owner="BuiltIn">
<msg time="2024-04-10T08:19:34.993145" level="INFO">${expected_keys} = ['gender', 'name', 'location', 'email', 'login']</msg>
<var>${expected_keys}</var>
<arg>gender</arg>
<arg>name</arg>
<arg>location</arg>
<arg>email</arg>
<arg>login</arg>
<doc>Returns a list containing given items.</doc>
<status status="PASS" start="2024-04-10T08:19:34.992997" elapsed="0.000171"/>
</kw>
<for flavor="IN">
<iter>
<kw name="Dictionary Should Contain Key" owner="Collections">
<msg time="2024-04-10T08:19:34.994175" level="INFO">False</msg>
<arg>${json_data['results'][0]}</arg>
<arg>${key}</arg>
<doc>Fails if ``key`` is not found from ``dictionary``.</doc>
<status status="PASS" start="2024-04-10T08:19:34.993747" elapsed="0.000467"/>
</kw>
<kw name="Log" owner="BuiltIn">
<msg time="2024-04-10T08:19:34.994908" level="INFO">{'gender': 'female', 'name': {'title': 'Mademoiselle', 'first': 'Agnieszka', 'last': 'Fabre'}, 'location': {'street': {'number': 8481, 'name': 'Boulevard de la Duchère'}, 'city': 'Reiden', 'state': 'Obwalden', 'country': 'Switzerland', 'postcode': 3135, 'coordinates': {'latitude': '-62.5554', 'longitude': '35.8972'}, 'timezone': {'offset': '+9:00', 'description': 'Tokyo, Seoul, Osaka, Sapporo, Yakutsk'}}, 'email': 'agnieszka.fabre@example.com', 'login': {'uuid': '044dd2b9-40e3-4092-a305-1baba73650f8', 'username': 'goldenbird758', 'password': '1124', 'salt': 'a6mbLl4m', 'md5': '378a10602736314bce695839113b73c4', 'sha1': 'e3833707302484ee0f5b9c003ca260bdf2085b39', 'sha256': '96c9c08a6237c5437b6fbc222d529610de2d9b21e5ee47f25e93998d176c4b89'}, 'dob': {'date': '1983-06-05T12:10:24.570Z', 'age': 40}, 'registered': {'date': '2016-09-20T03:45:59.356Z', 'age': 7}, 'phone': '077 309 54 21', 'cell': '079 591 76 08', 'id': {'name': 'AVS', 'value': '756.1383.9551.76'}, 'picture': {'large': 'https://randomuser.me/api/portraits/women/65.jpg', 'medium': 'https://randomuser.me/api/portraits/med/women/65.jpg', 'thumbnail': 'https://randomuser.me/api/portraits/thumb/women/65.jpg'}, 'nat': 'CH'}</msg>
<arg>${json_data['results'][0]}</arg>
<doc>Logs the given message with the given level.</doc>
<status status="PASS" start="2024-04-10T08:19:34.994527" elapsed="0.000435"/>
</kw>
<kw name="Log" owner="BuiltIn">
<msg time="2024-04-10T08:19:34.995400" level="INFO">gender</msg>
<arg>${key}</arg>
<doc>Logs the given message with the given level.</doc>
<status status="PASS" start="2024-04-10T08:19:34.995270" elapsed="0.000169"/>
</kw>
<var name="${key}">gender</var>
<status status="PASS" start="2024-04-10T08:19:34.993624" elapsed="0.002037"/>
</iter>
<iter>
<kw name="Dictionary Should Contain Key" owner="Collections">
<msg time="2024-04-10T08:19:34.996347" level="INFO">False</msg>
<arg>${json_data['results'][0]}</arg>
<arg>${key}</arg>
<doc>Fails if ``key`` is not found from ``dictionary``.</doc>
<status status="PASS" start="2024-04-10T08:19:34.995966" elapsed="0.000450"/>
</kw>
<kw name="Log" owner="BuiltIn">
<msg time="2024-04-10T08:19:34.997101" level="INFO">{'gender': 'female', 'name': {'title': 'Mademoiselle', 'first': 'Agnieszka', 'last': 'Fabre'}, 'location': {'street': {'number': 8481, 'name': 'Boulevard de la Duchère'}, 'city': 'Reiden', 'state': 'Obwalden', 'country': 'Switzerland', 'postcode': 3135, 'coordinates': {'latitude': '-62.5554', 'longitude': '35.8972'}, 'timezone': {'offset': '+9:00', 'description': 'Tokyo, Seoul, Osaka, Sapporo, Yakutsk'}}, 'email': 'agnieszka.fabre@example.com', 'login': {'uuid': '044dd2b9-40e3-4092-a305-1baba73650f8', 'username': 'goldenbird758', 'password': '1124', 'salt': 'a6mbLl4m', 'md5': '378a10602736314bce695839113b73c4', 'sha1': 'e3833707302484ee0f5b9c003ca260bdf2085b39', 'sha256': '96c9c08a6237c5437b6fbc222d529610de2d9b21e5ee47f25e93998d176c4b89'}, 'dob': {'date': '1983-06-05T12:10:24.570Z', 'age': 40}, 'registered': {'date': '2016-09-20T03:45:59.356Z', 'age': 7}, 'phone': '077 309 54 21', 'cell': '079 591 76 08', 'id': {'name': 'AVS', 'value': '756.1383.9551.76'}, 'picture': {'large': 'https://randomuser.me/api/portraits/women/65.jpg', 'medium': 'https://randomuser.me/api/portraits/med/women/65.jpg', 'thumbnail': 'https://randomuser.me/api/portraits/thumb/women/65.jpg'}, 'nat': 'CH'}</msg>
<arg>${json_data['results'][0]}</arg>
<doc>Logs the given message with the given level.</doc>
<status status="PASS" start="2024-04-10T08:19:34.996734" elapsed="0.000417"/>
</kw>
<kw name="Log" owner="BuiltIn">
<msg time="2024-04-10T08:19:34.997607" level="INFO">name</msg>
<arg>${key}</arg>
<doc>Logs the given message with the given level.</doc>
<status status="PASS" start="2024-04-10T08:19:34.997448" elapsed="0.000204"/>
</kw>
<var name="${key}">name</var>
<status status="PASS" start="2024-04-10T08:19:34.995849" elapsed="0.002073"/>
</iter>
<iter>
<kw name="Dictionary Should Contain Key" owner="Collections">
<msg time="2024-04-10T08:19:34.998587" level="INFO">False</msg>
<arg>${json_data['results'][0]}</arg>
<arg>${key}</arg>
<doc>Fails if ``key`` is not found from ``dictionary``.</doc>
<status status="PASS" start="2024-04-10T08:19:34.998214" elapsed="0.000411"/>
</kw>
<kw name="Log" owner="BuiltIn">
<msg time="2024-04-10T08:19:34.999293" level="INFO">{'gender': 'female', 'name': {'title': 'Mademoiselle', 'first': 'Agnieszka', 'last': 'Fabre'}, 'location': {'street': {'number': 8481, 'name': 'Boulevard de la Duchère'}, 'city': 'Reiden', 'state': 'Obwalden', 'country': 'Switzerland', 'postcode': 3135, 'coordinates': {'latitude': '-62.5554', 'longitude': '35.8972'}, 'timezone': {'offset': '+9:00', 'description': 'Tokyo, Seoul, Osaka, Sapporo, Yakutsk'}}, 'email': 'agnieszka.fabre@example.com', 'login': {'uuid': '044dd2b9-40e3-4092-a305-1baba73650f8', 'username': 'goldenbird758', 'password': '1124', 'salt': 'a6mbLl4m', 'md5': '378a10602736314bce695839113b73c4', 'sha1': 'e3833707302484ee0f5b9c003ca260bdf2085b39', 'sha256': '96c9c08a6237c5437b6fbc222d529610de2d9b21e5ee47f25e93998d176c4b89'}, 'dob': {'date': '1983-06-05T12:10:24.570Z', 'age': 40}, 'registered': {'date': '2016-09-20T03:45:59.356Z', 'age': 7}, 'phone': '077 309 54 21', 'cell': '079 591 76 08', 'id': {'name': 'AVS', 'value': '756.1383.9551.76'}, 'picture': {'large': 'https://randomuser.me/api/portraits/women/65.jpg', 'medium': 'https://randomuser.me/api/portraits/med/women/65.jpg', 'thumbnail': 'https://randomuser.me/api/portraits/thumb/women/65.jpg'}, 'nat': 'CH'}</msg>
<arg>${json_data['results'][0]}</arg>
<doc>Logs the given message with the given level.</doc>
<status status="PASS" start="2024-04-10T08:19:34.998924" elapsed="0.000422"/>
</kw>
<kw name="Log" owner="BuiltIn">
<msg time="2024-04-10T08:19:34.999764" level="INFO">location</msg>
<arg>${key}</arg>
<doc>Logs the given message with the given level.</doc>
<status status="PASS" start="2024-04-10T08:19:34.999638" elapsed="0.000163"/>
</kw>
<var name="${key}">location</var>
<status status="PASS" start="2024-04-10T08:19:34.998100" elapsed="0.001913"/>
</iter>
<iter>
<kw name="Dictionary Should Contain Key" owner="Collections">
<msg time="2024-04-10T08:19:35.000664" level="INFO">False</msg>
<arg>${json_data['results'][0]}</arg>
<arg>${key}</arg>
<doc>Fails if ``key`` is not found from ``dictionary``.</doc>
<status status="PASS" start="2024-04-10T08:19:35.000292" elapsed="0.000410"/>
</kw>
<kw name="Log" owner="BuiltIn">
<msg time="2024-04-10T08:19:35.001353" level="INFO">{'gender': 'female', 'name': {'title': 'Mademoiselle', 'first': 'Agnieszka', 'last': 'Fabre'}, 'location': {'street': {'number': 8481, 'name': 'Boulevard de la Duchère'}, 'city': 'Reiden', 'state': 'Obwalden', 'country': 'Switzerland', 'postcode': 3135, 'coordinates': {'latitude': '-62.5554', 'longitude': '35.8972'}, 'timezone': {'offset': '+9:00', 'description': 'Tokyo, Seoul, Osaka, Sapporo, Yakutsk'}}, 'email': 'agnieszka.fabre@example.com', 'login': {'uuid': '044dd2b9-40e3-4092-a305-1baba73650f8', 'username': 'goldenbird758', 'password': '1124', 'salt': 'a6mbLl4m', 'md5': '378a10602736314bce695839113b73c4', 'sha1': 'e3833707302484ee0f5b9c003ca260bdf2085b39', 'sha256': '96c9c08a6237c5437b6fbc222d529610de2d9b21e5ee47f25e93998d176c4b89'}, 'dob': {'date': '1983-06-05T12:10:24.570Z', 'age': 40}, 'registered': {'date': '2016-09-20T03:45:59.356Z', 'age': 7}, 'phone': '077 309 54 21', 'cell': '079 591 76 08', 'id': {'name': 'AVS', 'value': '756.1383.9551.76'}, 'picture': {'large': 'https://randomuser.me/api/portraits/women/65.jpg', 'medium': 'https://randomuser.me/api/portraits/med/women/65.jpg', 'thumbnail': 'https://randomuser.me/api/portraits/thumb/women/65.jpg'}, 'nat': 'CH'}</msg>
<arg>${json_data['results'][0]}</arg>
<doc>Logs the given message with the given level.</doc>
<status status="PASS" start="2024-04-10T08:19:35.000996" elapsed="0.000405"/>
</kw>
<kw name="Log" owner="BuiltIn">
<msg time="2024-04-10T08:19:35.001857" level="INFO">email</msg>
<arg>${key}</arg>
<doc>Logs the given message with the given level.</doc>
<status status="PASS" start="2024-04-10T08:19:35.001706" elapsed="0.000191"/>
</kw>
<var name="${key}">email</var>
<status status="PASS" start="2024-04-10T08:19:35.000182" elapsed="0.001929"/>
</iter>
<iter>
<kw name="Dictionary Should Contain Key" owner="Collections">
<msg time="2024-04-10T08:19:35.002784" level="INFO">False</msg>
<arg>${json_data['results'][0]}</arg>
<arg>${key}</arg>
<doc>Fails if ``key`` is not found from ``dictionary``.</doc>
<status status="PASS" start="2024-04-10T08:19:35.002389" elapsed="0.000430"/>
</kw>
<kw name="Log" owner="BuiltIn">
<msg time="2024-04-10T08:19:35.003476" level="INFO">{'gender': 'female', 'name': {'title': 'Mademoiselle', 'first': 'Agnieszka', 'last': 'Fabre'}, 'location': {'street': {'number': 8481, 'name': 'Boulevard de la Duchère'}, 'city': 'Reiden', 'state': 'Obwalden', 'country': 'Switzerland', 'postcode': 3135, 'coordinates': {'latitude': '-62.5554', 'longitude': '35.8972'}, 'timezone': {'offset': '+9:00', 'description': 'Tokyo, Seoul, Osaka, Sapporo, Yakutsk'}}, 'email': 'agnieszka.fabre@example.com', 'login': {'uuid': '044dd2b9-40e3-4092-a305-1baba73650f8', 'username': 'goldenbird758', 'password': '1124', 'salt': 'a6mbLl4m', 'md5': '378a10602736314bce695839113b73c4', 'sha1': 'e3833707302484ee0f5b9c003ca260bdf2085b39', 'sha256': '96c9c08a6237c5437b6fbc222d529610de2d9b21e5ee47f25e93998d176c4b89'}, 'dob': {'date': '1983-06-05T12:10:24.570Z', 'age': 40}, 'registered': {'date': '2016-09-20T03:45:59.356Z', 'age': 7}, 'phone': '077 309 54 21', 'cell': '079 591 76 08', 'id': {'name': 'AVS', 'value': '756.1383.9551.76'}, 'picture': {'large': 'https://randomuser.me/api/portraits/women/65.jpg', 'medium': 'https://randomuser.me/api/portraits/med/women/65.jpg', 'thumbnail': 'https://randomuser.me/api/portraits/thumb/women/65.jpg'}, 'nat': 'CH'}</msg>
<arg>${json_data['results'][0]}</arg>
<doc>Logs the given message with the given level.</doc>
<status status="PASS" start="2024-04-10T08:19:35.003110" elapsed="0.000415"/>
</kw>
<kw name="Log" owner="BuiltIn">
<msg time="2024-04-10T08:19:35.003988" level="INFO">login</msg>
<arg>${key}</arg>
<doc>Logs the given message with the given level.</doc>
<status status="PASS" start="2024-04-10T08:19:35.003859" elapsed="0.000172"/>
</kw>
<var name="${key}">login</var>
<status status="PASS" start="2024-04-10T08:19:35.002279" elapsed="0.001968"/>
</iter>
<var>${key}</var>
<value>@{expected_keys}</value>
<status status="PASS" start="2024-04-10T08:19:34.993432" elapsed="0.010936"/>
</for>
<kw name="Create List" owner="BuiltIn">
<msg time="2024-04-10T08:19:35.004695" level="INFO">${expected_keysTwo} = ['username', 'password']</msg>
<var>${expected_keysTwo}</var>
<arg>username</arg>
<arg>password</arg>
<doc>Returns a list containing given items.</doc>
<status status="PASS" start="2024-04-10T08:19:35.004560" elapsed="0.000158"/>
</kw>
<for flavor="IN">
<iter>
<kw name="Dictionary Should Contain Key" owner="Collections">
<msg time="2024-04-10T08:19:35.005709" level="INFO">False</msg>
<arg>${json_data['results'][0]['login']}</arg>
<arg>${keyTwo}</arg>
<doc>Fails if ``key`` is not found from ``dictionary``.</doc>
<status status="PASS" start="2024-04-10T08:19:35.005320" elapsed="0.000426"/>
</kw>
<kw name="Dictionary Should Contain Key" owner="Collections">
<msg time="2024-04-10T08:19:35.006447" level="INFO">False</msg>
<arg>${json_data['results'][0]['login']}</arg>
<arg>${keyTwo}</arg>
<doc>Fails if ``key`` is not found from ``dictionary``.</doc>
<status status="PASS" start="2024-04-10T08:19:35.006071" elapsed="0.000412"/>
</kw>
<kw name="Log" owner="BuiltIn">
<msg time="2024-04-10T08:19:35.006908" level="INFO">username</msg>
<arg>${keyTwo}</arg>
<doc>Logs the given message with the given level.</doc>
<status status="PASS" start="2024-04-10T08:19:35.006777" elapsed="0.000169"/>
</kw>
<var name="${keyTwo}">username</var>
<status status="PASS" start="2024-04-10T08:19:35.005206" elapsed="0.001959"/>
</iter>
<iter>
<kw name="Dictionary Should Contain Key" owner="Collections">
<msg time="2024-04-10T08:19:35.007826" level="INFO">False</msg>
<arg>${json_data['results'][0]['login']}</arg>
<arg>${keyTwo}</arg>
<doc>Fails if ``key`` is not found from ``dictionary``.</doc>
<status status="PASS" start="2024-04-10T08:19:35.007448" elapsed="0.000416"/>
</kw>
<kw name="Dictionary Should Contain Key" owner="Collections">
<msg time="2024-04-10T08:19:35.008539" level="INFO">False</msg>
<arg>${json_data['results'][0]['login']}</arg>
<arg>${keyTwo}</arg>
<doc>Fails if ``key`` is not found from ``dictionary``.</doc>
<status status="PASS" start="2024-04-10T08:19:35.008156" elapsed="0.000419"/>
</kw>
<kw name="Log" owner="BuiltIn">
<msg time="2024-04-10T08:19:35.008996" level="INFO">password</msg>
<arg>${keyTwo}</arg>
<doc>Logs the given message with the given level.</doc>
<status status="PASS" start="2024-04-10T08:19:35.008867" elapsed="0.000166"/>
</kw>
<var name="${keyTwo}">password</var>
<status status="PASS" start="2024-04-10T08:19:35.007338" elapsed="0.001910"/>
</iter>
<var>${keyTwo}</var>
<value>@{expected_keysTwo}</value>
<status status="PASS" start="2024-04-10T08:19:35.004950" elapsed="0.004417"/>
</for>
<status status="PASS" start="2024-04-10T08:19:34.906295" elapsed="0.103211"/>
</kw>
<doc>Testa a estrutura da resposta da API.</doc>
<tag>testeEstruturaResposta</tag>
<status status="PASS" start="2024-04-10T08:19:34.905482" elapsed="0.104188"/>
</test>
<test id="s1-s1-t4" name="Validar tipos de dados" line="28">
<kw name="Teste de Tipos de Dados" owner="random-user-service">
<kw name="GET On Session" owner="RequestsLibrary">
<msg time="2024-04-10T08:19:35.095672" level="INFO">GET Request : url=https://randomuser.me/api 
 path_url=/api 
 headers={'User-Agent': 'python-requests/2.31.0', 'Accept-Encoding': 'gzip, deflate', 'Accept': '*/*', 'Connection': 'keep-alive'} 
 body=None 
 </msg>
<msg time="2024-04-10T08:19:35.095776" level="INFO">GET Response : url=https://randomuser.me/api 
 status=200, reason=OK 
 headers={'Date': 'Wed, 10 Apr 2024 08:19:35 GMT', 'Content-Type': 'application/json; charset=utf-8', 'Transfer-Encoding': 'chunked', 'Connection': 'keep-alive', 'X-Powered-By': 'Express', 'Access-Control-Allow-Origin': '*', 'Cache-Control': 'no-cache', 'ETag': 'W/"489-lMn+pGry0KwvWOhTGKVOtgnsYzY"', 'Vary': 'Accept-Encoding', 'Content-Encoding': 'gzip', 'CF-Cache-Status': 'DYNAMIC', 'Report-To': '{"endpoints":[{"url":"https:\\/\\/a.nel.cloudflare.com\\/report\\/v4?s=3vrjYsTJhy7rzZYBgp6tPzZ0uLIT7SCYY4EZt1lGLOdGgsewgl%2Fr25mKetl%2B0VSIbjBlmasb%2F%2BMUYawGfOZGtUT0Tih37uV%2FWQUuUj7fk0wkruVoEXjs%2BXTSUR%2BH2ApT"}],"group":"cf-nel","max_age":604800}', 'NEL': '{"success_fraction":0,"report_to":"cf-nel","max_age":604800}', 'Server': 'cloudflare', 'CF-RAY': '8721500fdd381566-SJC', 'alt-svc': 'h3=":443"; ma=86400'} 
 body={"results":[{"gender":"male","name":{"title":"Mr","first":"مهدي","last":"سالاری"},"location":{"street":{"number":7602,"name":"آیت‌الله مدنی"},"city":"گرگان","state":"بوشهر","country":"Iran","postcode":63446,"coordinates":{"latitude":"15.2257","longitude":"-64.1646"},"timezone":{"offset":"+6:00","description":"Almaty, Dhaka, Colombo"}},"email":"mhdy.slry@example.com","login":{"uuid":"d5cc1f39-e150-4b92-9634-6d2972a9f321","username":"brownelephant438","password":"hayden","salt":"5ftaSLig","md5":"92baa103c3c880f79d5ae2a7b3fe3c43","sha1":"45e238f43d8503fa0d50f370fff2f8a817f13f4f","sha256":"1a537a2284fde17ba8175c2076d8633524363236f597ec24c1f170a3b5166e39"},"dob":{"date":"1992-07-06T05:32:59.231Z","age":31},"registered":{"date":"2005-02-11T14:40:01.432Z","age":19},"phone":"041-66921179","cell":"0919-631-8775","id":{"name":"","value":null},"picture":{"large":"https://randomuser.me/api/portraits/men/56.jpg","medium":"https://randomuser.me/api/portraits/med/men/56.jpg","thumbnail":"https://randomuser.me/api/portraits/thumb/men/56.jpg"},"nat":"IR"}],"info":{"seed":"0bc2d25b7d56248c","results":1,"page":1,"version":"1.4"}} 
 </msg>
<msg time="2024-04-10T08:19:35.095855" level="INFO">/opt/hostedtoolcache/Python/3.12.2/x64/lib/python3.12/site-packages/urllib3/connectionpool.py:1103: InsecureRequestWarning: Unverified HTTPS request is being made to host 'randomuser.me'. Adding certificate verification is strongly advised. See: https://urllib3.readthedocs.io/en/latest/advanced-usage.html#tls-warnings
  warnings.warn(</msg>
<msg time="2024-04-10T08:19:35.095976" level="INFO">${response} = &lt;Response [200]&gt;</msg>
<var>${response}</var>
<arg>consultarAPI</arg>
<arg>/api</arg>
<doc>Sends a GET request on a previously created HTTP Session.</doc>
<status status="PASS" start="2024-04-10T08:19:35.012117" elapsed="0.083900"/>
</kw>
<kw name="Set Variable" owner="BuiltIn">
<msg time="2024-04-10T08:19:35.097072" level="INFO">${json_data} = {'results': [{'gender': 'male', 'name': {'title': 'Mr', 'first': 'مهدي', 'last': 'سالاری'}, 'location': {'street': {'number': 7602, 'name': 'آیت\u200cالله مدنی'}, 'city': 'گرگان', 'state': 'بوشهر', 'c...</msg>
<var>${json_data}</var>
<arg>${response.json()}</arg>
<doc>Returns the given values which can then be assigned to a variables.</doc>
<status status="PASS" start="2024-04-10T08:19:35.096529" elapsed="0.000577"/>
</kw>
<kw name="Log" owner="BuiltIn">
<msg time="2024-04-10T08:19:35.097594" level="INFO">{'results': [{'gender': 'male', 'name': {'title': 'Mr', 'first': 'مهدي', 'last': 'سالاری'}, 'location': {'street': {'number': 7602, 'name': 'آیت\u200cالله مدنی'}, 'city': 'گرگان', 'state': 'بوشهر', 'country': 'Iran', 'postcode': 63446, 'coordinates': {'latitude': '15.2257', 'longitude': '-64.1646'}, 'timezone': {'offset': '+6:00', 'description': 'Almaty, Dhaka, Colombo'}}, 'email': 'mhdy.slry@example.com', 'login': {'uuid': 'd5cc1f39-e150-4b92-9634-6d2972a9f321', 'username': 'brownelephant438', 'password': 'hayden', 'salt': '5ftaSLig', 'md5': '92baa103c3c880f79d5ae2a7b3fe3c43', 'sha1': '45e238f43d8503fa0d50f370fff2f8a817f13f4f', 'sha256': '1a537a2284fde17ba8175c2076d8633524363236f597ec24c1f170a3b5166e39'}, 'dob': {'date': '1992-07-06T05:32:59.231Z', 'age': 31}, 'registered': {'date': '2005-02-11T14:40:01.432Z', 'age': 19}, 'phone': '041-66921179', 'cell': '0919-631-8775', 'id': {'name': '', 'value': None}, 'picture': {'large': 'https://randomuser.me/api/portraits/men/56.jpg', 'medium': 'https://randomuser.me/api/portraits/med/men/56.jpg', 'thumbnail': 'https://randomuser.me/api/portraits/thumb/men/56.jpg'}, 'nat': 'IR'}], 'info': {'seed': '0bc2d25b7d56248c', 'results': 1, 'page': 1, 'version': '1.4'}}</msg>
<arg>${json_data}</arg>
<doc>Logs the given message with the given level.</doc>
<status status="PASS" start="2024-04-10T08:19:35.097422" elapsed="0.000271"/>
</kw>
<kw name="Should Be String" owner="String">
<arg>${json_data['results'][0]['gender']}</arg>
<doc>Fails if the given ``item`` is not a string.</doc>
<status status="PASS" start="2024-04-10T08:19:35.098038" elapsed="0.000370"/>
</kw>
<kw name="Should Match Regexp" owner="BuiltIn">
<arg>${json_data['results'][0]['email']}</arg>
<arg>^[a-zA-Z0-9._%+-]+@[a-zA-Z0-9.-]+\.[a-zA-Z]{2,}$</arg>
<doc>Fails if ``string`` does not match ``pattern`` as a regular expression.</doc>
<status status="PASS" start="2024-04-10T08:19:35.098604" elapsed="0.000507"/>
</kw>
<kw name="Should Match Regexp" owner="BuiltIn">
<arg>${json_data['results'][0]['dob']['date']}</arg>
<arg>\\d{4}-\\d{2}-\\d{2}T\\d{2}:\\d{2}:\\d{2}\\.\\d{3}Z</arg>
<doc>Fails if ``string`` does not match ``pattern`` as a regular expression.</doc>
<status status="PASS" start="2024-04-10T08:19:35.099306" elapsed="0.000489"/>
</kw>
<kw name="Should Match Regexp" owner="BuiltIn">
<arg>${json_data['results'][0]['registered']['date']}</arg>
<arg>\\d{4}-\\d{2}-\\d{2}T\\d{2}:\\d{2}:\\d{2}\\.\\d{3}Z</arg>
<doc>Fails if ``string`` does not match ``pattern`` as a regular expression.</doc>
<status status="PASS" start="2024-04-10T08:19:35.100003" elapsed="0.000368"/>
</kw>
<kw name="Should Match Regexp" owner="BuiltIn">
<arg>${json_data['results'][0]['picture']['large']}</arg>
<arg>^https?://.*\.(?:png|jpe?g|gif|bmp)$</arg>
<doc>Fails if ``string`` does not match ``pattern`` as a regular expression.</doc>
<status status="PASS" start="2024-04-10T08:19:35.100579" elapsed="0.000538"/>
</kw>
<kw name="Should Match Regexp" owner="BuiltIn">
<arg>${json_data['results'][0]['picture']['medium']}</arg>
<arg>^https?://.*\.(?:png|jpe?g|gif|bmp)$</arg>
<doc>Fails if ``string`` does not match ``pattern`` as a regular expression.</doc>
<status status="PASS" start="2024-04-10T08:19:35.101355" elapsed="0.000429"/>
</kw>
<kw name="Should Match Regexp" owner="BuiltIn">
<arg>${json_data['results'][0]['picture']['thumbnail']}</arg>
<arg>^https?://.*\.(?:png|jpe?g|gif|bmp)$</arg>
<doc>Fails if ``string`` does not match ``pattern`` as a regular expression.</doc>
<status status="PASS" start="2024-04-10T08:19:35.102050" elapsed="0.000398"/>
</kw>
<kw name="Log" owner="BuiltIn">
<msg time="2024-04-10T08:19:35.102963" level="INFO">{'large': 'https://randomuser.me/api/portraits/men/56.jpg', 'medium': 'https://randomuser.me/api/portraits/med/men/56.jpg', 'thumbnail': 'https://randomuser.me/api/portraits/thumb/men/56.jpg'}</msg>
<arg>${json_data['results'][0]['picture']}</arg>
<doc>Logs the given message with the given level.</doc>
<status status="PASS" start="2024-04-10T08:19:35.102633" elapsed="0.000372"/>
</kw>
<status status="PASS" start="2024-04-10T08:19:35.011885" elapsed="0.091378"/>
</kw>
<kw name="Teste de Tipos de Dados - Postcode" owner="random-user-service">
<kw name="GET On Session" owner="RequestsLibrary">
<msg time="2024-04-10T08:19:35.195359" level="INFO">GET Request : url=https://randomuser.me/api 
 path_url=/api 
 headers={'User-Agent': 'python-requests/2.31.0', 'Accept-Encoding': 'gzip, deflate', 'Accept': '*/*', 'Connection': 'keep-alive'} 
 body=None 
 </msg>
<msg time="2024-04-10T08:19:35.195469" level="INFO">GET Response : url=https://randomuser.me/api 
 status=200, reason=OK 
 headers={'Date': 'Wed, 10 Apr 2024 08:19:35 GMT', 'Content-Type': 'application/json; charset=utf-8', 'Transfer-Encoding': 'chunked', 'Connection': 'keep-alive', 'X-Powered-By': 'Express', 'Access-Control-Allow-Origin': '*', 'Cache-Control': 'no-cache', 'ETag': 'W/"47f-+wnRgIE1BAJVxHqH20x+vlO588c"', 'Vary': 'Accept-Encoding', 'Content-Encoding': 'gzip', 'CF-Cache-Status': 'DYNAMIC', 'Report-To': '{"endpoints":[{"url":"https:\\/\\/a.nel.cloudflare.com\\/report\\/v4?s=b5V0mW2k9S6ep3xOFAUwAc3iyCE51j0JwGO6VdPGVUpKjlmWOFa%2B2LcInC2outelPeE9Y7UfY%2BxJI0T%2FCCrC1Nqt3PEevxdFlD1TfDYdf1tsRDqJ4qfrfHo1u3%2BN13J3"}],"group":"cf-nel","max_age":604800}', 'NEL': '{"success_fraction":0,"report_to":"cf-nel","max_age":604800}', 'Server': 'cloudflare', 'CF-RAY': '872150106d971566-SJC', 'alt-svc': 'h3=":443"; ma=86400'} 
 body={"results":[{"gender":"female","name":{"title":"Ms","first":"Kate","last":"Bowman"},"location":{"street":{"number":7593,"name":"Green Lane"},"city":"Portmarnock","state":"Tipperary","country":"Ireland","postcode":23366,"coordinates":{"latitude":"0.9501","longitude":"3.8786"},"timezone":{"offset":"-8:00","description":"Pacific Time (US &amp; Canada)"}},"email":"kate.bowman@example.com","login":{"uuid":"81d2c3cd-262f-45b3-ac31-593a65f12581","username":"bigfrog623","password":"classic","salt":"Ai9vTnlW","md5":"6c8ad79dd2284a6e563008ff7a2665d3","sha1":"6e142c01c876e2f6eec233e3d1b11e400fa80cba","sha256":"7137e1fa45090a98e52df81fc2fce02faa385b1a39a409333206f8f62a13e510"},"dob":{"date":"1958-07-04T06:30:11.639Z","age":65},"registered":{"date":"2015-04-17T06:33:31.830Z","age":8},"phone":"031-901-3513","cell":"081-939-8401","id":{"name":"PPS","value":"2258147T"},"picture":{"large":"https://randomuser.me/api/portraits/women/39.jpg","medium":"https://randomuser.me/api/portraits/med/women/39.jpg","thumbnail":"https://randomuser.me/api/portraits/thumb/women/39.jpg"},"nat":"IE"}],"info":{"seed":"2111ecb6055330e6","results":1,"page":1,"version":"1.4"}} 
 </msg>
<msg time="2024-04-10T08:19:35.195578" level="INFO">/opt/hostedtoolcache/Python/3.12.2/x64/lib/python3.12/site-packages/urllib3/connectionpool.py:1103: InsecureRequestWarning: Unverified HTTPS request is being made to host 'randomuser.me'. Adding certificate verification is strongly advised. See: https://urllib3.readthedocs.io/en/latest/advanced-usage.html#tls-warnings
  warnings.warn(</msg>
<msg time="2024-04-10T08:19:35.195716" level="INFO">${response} = &lt;Response [200]&gt;</msg>
<var>${response}</var>
<arg>consultarAPI</arg>
<arg>/api</arg>
<doc>Sends a GET request on a previously created HTTP Session.</doc>
<status status="PASS" start="2024-04-10T08:19:35.103767" elapsed="0.091983"/>
</kw>
<kw name="Set Variable" owner="BuiltIn">
<msg time="2024-04-10T08:19:35.196815" level="INFO">${json_data} = {'results': [{'gender': 'female', 'name': {'title': 'Ms', 'first': 'Kate', 'last': 'Bowman'}, 'location': {'street': {'number': 7593, 'name': 'Green Lane'}, 'city': 'Portmarnock', 'state': 'Tipperary'...</msg>
<var>${json_data}</var>
<arg>${response.json()}</arg>
<doc>Returns the given values which can then be assigned to a variables.</doc>
<status status="PASS" start="2024-04-10T08:19:35.196300" elapsed="0.000543"/>
</kw>
<kw name="Log" owner="BuiltIn">
<msg time="2024-04-10T08:19:35.197309" level="INFO">{'results': [{'gender': 'female', 'name': {'title': 'Ms', 'first': 'Kate', 'last': 'Bowman'}, 'location': {'street': {'number': 7593, 'name': 'Green Lane'}, 'city': 'Portmarnock', 'state': 'Tipperary', 'country': 'Ireland', 'postcode': 23366, 'coordinates': {'latitude': '0.9501', 'longitude': '3.8786'}, 'timezone': {'offset': '-8:00', 'description': 'Pacific Time (US &amp; Canada)'}}, 'email': 'kate.bowman@example.com', 'login': {'uuid': '81d2c3cd-262f-45b3-ac31-593a65f12581', 'username': 'bigfrog623', 'password': 'classic', 'salt': 'Ai9vTnlW', 'md5': '6c8ad79dd2284a6e563008ff7a2665d3', 'sha1': '6e142c01c876e2f6eec233e3d1b11e400fa80cba', 'sha256': '7137e1fa45090a98e52df81fc2fce02faa385b1a39a409333206f8f62a13e510'}, 'dob': {'date': '1958-07-04T06:30:11.639Z', 'age': 65}, 'registered': {'date': '2015-04-17T06:33:31.830Z', 'age': 8}, 'phone': '031-901-3513', 'cell': '081-939-8401', 'id': {'name': 'PPS', 'value': '2258147T'}, 'picture': {'large': 'https://randomuser.me/api/portraits/women/39.jpg', 'medium': 'https://randomuser.me/api/portraits/med/women/39.jpg', 'thumbnail': 'https://randomuser.me/api/portraits/thumb/women/39.jpg'}, 'nat': 'IE'}], 'info': {'seed': '2111ecb6055330e6', 'results': 1, 'page': 1, 'version': '1.4'}}</msg>
<arg>${json_data}</arg>
<doc>Logs the given message with the given level.</doc>
<status status="PASS" start="2024-04-10T08:19:35.197151" elapsed="0.000238"/>
</kw>
<kw name="Should Be Equal As Numbers" owner="BuiltIn">
<arg>${json_data['results'][0]['location']['postcode']}</arg>
<arg>${json_data['results'][0]['location']['postcode']}</arg>
<doc>Fails if objects are unequal after converting them to real numbers.</doc>
<status status="PASS" start="2024-04-10T08:19:35.197697" elapsed="0.000779"/>
</kw>
<kw name="Log" owner="BuiltIn">
<msg time="2024-04-10T08:19:35.199026" level="INFO">23366</msg>
<arg>${json_data['results'][0]['location']['postcode']}</arg>
<doc>Logs the given message with the given level.</doc>
<status status="PASS" start="2024-04-10T08:19:35.198684" elapsed="0.000383"/>
</kw>
<status status="PASS" start="2024-04-10T08:19:35.103494" elapsed="0.095831"/>
</kw>
<doc>Testa se os tipos de dados na resposta da API estão corretos.</doc>
<tag>testeTiposDados</tag>
<status status="PASS" start="2024-04-10T08:19:35.011434" elapsed="0.188064"/>
</test>
<test id="s1-s1-t5" name="Validar conteudo" line="35">
<kw name="Teste de Tipos de Conteudo" owner="random-user-service">
<kw name="GET On Session" owner="RequestsLibrary">
<msg time="2024-04-10T08:19:35.301308" level="INFO">GET Request : url=https://randomuser.me/api 
 path_url=/api 
 headers={'User-Agent': 'python-requests/2.31.0', 'Accept-Encoding': 'gzip, deflate', 'Accept': '*/*', 'Connection': 'keep-alive'} 
 body=None 
 </msg>
<msg time="2024-04-10T08:19:35.301406" level="INFO">GET Response : url=https://randomuser.me/api 
 status=200, reason=OK 
 headers={'Date': 'Wed, 10 Apr 2024 08:19:35 GMT', 'Content-Type': 'application/json; charset=utf-8', 'Transfer-Encoding': 'chunked', 'Connection': 'keep-alive', 'X-Powered-By': 'Express', 'Access-Control-Allow-Origin': '*', 'Cache-Control': 'no-cache', 'ETag': 'W/"4a1-+bdAdQ2xkA+NuoTMaXKGiJLO9LI"', 'Vary': 'Accept-Encoding', 'Content-Encoding': 'gzip', 'CF-Cache-Status': 'DYNAMIC', 'Report-To': '{"endpoints":[{"url":"https:\\/\\/a.nel.cloudflare.com\\/report\\/v4?s=Zzge%2FpCO2xpJbwjr%2BzQ3hgbEX4QFjOX2NTN4GWV9PmHhr88c9AHFcoE2K8Gp9zOM1TmLUf0oxwtSJuIXYKeCGnSmbd540U4M9HfJm1LXFzNS2e9tG615RwNQSE3QesOF"}],"group":"cf-nel","max_age":604800}', 'NEL': '{"success_fraction":0,"report_to":"cf-nel","max_age":604800}', 'Server': 'cloudflare', 'CF-RAY': '872150110e071566-SJC', 'alt-svc': 'h3=":443"; ma=86400'} 
 body={"results":[{"gender":"female","name":{"title":"Miss","first":"Sonia","last":"Calvillo"},"location":{"street":{"number":117,"name":"Circunvalación Norte Ontiveros"},"city":"Dongú","state":"Morelos","country":"Mexico","postcode":51353,"coordinates":{"latitude":"28.5492","longitude":"15.0670"},"timezone":{"offset":"+2:00","description":"Kaliningrad, South Africa"}},"email":"sonia.calvillo@example.com","login":{"uuid":"e2280638-7df5-4c06-8998-5cda3be75d04","username":"orangefrog801","password":"mollie","salt":"Z7vXdxHK","md5":"dd9fd2951dff005b6d046a805caafa33","sha1":"e9c203b4c16b120adf8349cfc6e5b5e9ca4ab214","sha256":"235f11b55f04ace9fa43dbc6a2bdf12fc7f89186e951b5068f14c58def6f96a4"},"dob":{"date":"1991-12-30T18:01:56.865Z","age":32},"registered":{"date":"2015-11-01T16:38:26.343Z","age":8},"phone":"(678) 438 0236","cell":"(637) 522 9582","id":{"name":"NSS","value":"74 63 17 5400 7"},"picture":{"large":"https://randomuser.me/api/portraits/women/21.jpg","medium":"https://randomuser.me/api/portraits/med/women/21.jpg","thumbnail":"https://randomuser.me/api/portraits/thumb/women/21.jpg"},"nat":"MX"}],"info":{"seed":"1ec6b348330c9d4a","results":1,"page":1,"version":"1.4"}} 
 </msg>
<msg time="2024-04-10T08:19:35.301479" level="INFO">/opt/hostedtoolcache/Python/3.12.2/x64/lib/python3.12/site-packages/urllib3/connectionpool.py:1103: InsecureRequestWarning: Unverified HTTPS request is being made to host 'randomuser.me'. Adding certificate verification is strongly advised. See: https://urllib3.readthedocs.io/en/latest/advanced-usage.html#tls-warnings
  warnings.warn(</msg>
<msg time="2024-04-10T08:19:35.301605" level="INFO">${response} = &lt;Response [200]&gt;</msg>
<var>${response}</var>
<arg>consultarAPI</arg>
<arg>/api</arg>
<doc>Sends a GET request on a previously created HTTP Session.</doc>
<status status="PASS" start="2024-04-10T08:19:35.201974" elapsed="0.099672"/>
</kw>
<kw name="Set Variable" owner="BuiltIn">
<msg time="2024-04-10T08:19:35.302920" level="INFO">${json_data} = {'results': [{'gender': 'female', 'name': {'title': 'Miss', 'first': 'Sonia', 'last': 'Calvillo'}, 'location': {'street': {'number': 117, 'name': 'Circunvalación Norte Ontiveros'}, 'city': 'Dongú', 's...</msg>
<var>${json_data}</var>
<arg>${response.json()}</arg>
<doc>Returns the given values which can then be assigned to a variables.</doc>
<status status="PASS" start="2024-04-10T08:19:35.302324" elapsed="0.000625"/>
</kw>
<kw name="Set Variable" owner="BuiltIn">
<msg time="2024-04-10T08:19:35.303651" level="INFO">${name_title} = Miss</msg>
<var>${name_title}</var>
<arg>${json_data["results"][0]["name"]["title"]}</arg>
<doc>Returns the given values which can then be assigned to a variables.</doc>
<status status="PASS" start="2024-04-10T08:19:35.303258" elapsed="0.000418"/>
</kw>
<kw name="Create List" owner="BuiltIn">
<msg time="2024-04-10T08:19:35.304130" level="INFO">${allowed_titles} = ['Mr', 'Ms', 'Miss', 'Mrs', 'Madame', 'Monsieur']</msg>
<var>${allowed_titles}</var>
<arg>Mr</arg>
<arg>Ms</arg>
<arg>Miss</arg>
<arg>Mrs</arg>
<arg>Madame</arg>
<arg>Monsieur</arg>
<doc>Returns a list containing given items.</doc>
<status status="PASS" start="2024-04-10T08:19:35.303977" elapsed="0.000177"/>
</kw>
<kw name="List Should Contain Value" owner="Collections">
<msg time="2024-04-10T08:19:35.304631" level="INFO">False</msg>
<arg>${allowed_titles}</arg>
<arg>${name_title}</arg>
<doc>Fails if the ``value`` is not found from ``list``.</doc>
<status status="PASS" start="2024-04-10T08:19:35.304457" elapsed="0.000211"/>
</kw>
<kw name="Set Variable" owner="BuiltIn">
<msg time="2024-04-10T08:19:35.305335" level="INFO">${name_country} = MX</msg>
<var>${name_country}</var>
<arg>${json_data["results"][0]["nat"]}</arg>
<doc>Returns the given values which can then be assigned to a variables.</doc>
<status status="PASS" start="2024-04-10T08:19:35.304964" elapsed="0.000396"/>
</kw>
<kw name="Create List" owner="BuiltIn">
<msg time="2024-04-10T08:19:35.306294" level="INFO">${list_country} = ['AD', 'AE', 'AF', 'AG', 'AI', 'AL', 'AM', 'AO', 'AQ', 'AR', 'AS', 'AT', 'AU', 'AW', 'AX', 'AZ', 'BA', 'BB', 'BD', 'BE', 'BF', 'BG', 'BH', 'BI', 'BJ', 'BL', 'BM', 'BN', 'BO', 'BQ', 'BR', 'BS', 'BT', '...</msg>
<var>${list_country}</var>
<arg>AD</arg>
<arg>AE</arg>
<arg>AF</arg>
<arg>AG</arg>
<arg>AI</arg>
<arg>AL</arg>
<arg>AM</arg>
<arg>AO</arg>
<arg>AQ</arg>
<arg>AR</arg>
<arg>AS</arg>
<arg>AT</arg>
<arg>AU</arg>
<arg>AW</arg>
<arg>AX</arg>
<arg>AZ</arg>
<arg>BA</arg>
<arg>BB</arg>
<arg>BD</arg>
<arg>BE</arg>
<arg>BF</arg>
<arg>BG</arg>
<arg>BH</arg>
<arg>BI</arg>
<arg>BJ</arg>
<arg>BL</arg>
<arg>BM</arg>
<arg>BN</arg>
<arg>BO</arg>
<arg>BQ</arg>
<arg>BR</arg>
<arg>BS</arg>
<arg>BT</arg>
<arg>BV</arg>
<arg>BW</arg>
<arg>BY</arg>
<arg>BZ</arg>
<arg>CA</arg>
<arg>CC</arg>
<arg>CD</arg>
<arg>CF</arg>
<arg>CG</arg>
<arg>CH</arg>
<arg>CI</arg>
<arg>CK</arg>
<arg>CL</arg>
<arg>CM</arg>
<arg>CN</arg>
<arg>CO</arg>
<arg>CR</arg>
<arg>CU</arg>
<arg>CV</arg>
<arg>CW</arg>
<arg>CX</arg>
<arg>CY</arg>
<arg>CZ</arg>
<arg>DE</arg>
<arg>DJ</arg>
<arg>DK</arg>
<arg>DM</arg>
<arg>DO</arg>
<arg>DZ</arg>
<arg>EC</arg>
<arg>EE</arg>
<arg>EG</arg>
<arg>EH</arg>
<arg>ER</arg>
<arg>ES</arg>
<arg>ET</arg>
<arg>FI</arg>
<arg>FJ</arg>
<arg>FK</arg>
<arg>FM</arg>
<arg>FO</arg>
<arg>FR</arg>
<arg>GA</arg>
<arg>GB</arg>
<arg>GD</arg>
<arg>GE</arg>
<arg>GF</arg>
<arg>GG</arg>
<arg>GH</arg>
<arg>GI</arg>
<arg>GL</arg>
<arg>GM</arg>
<arg>GN</arg>
<arg>GP</arg>
<arg>GQ</arg>
<arg>GR</arg>
<arg>GS</arg>
<arg>GT</arg>
<arg>GU</arg>
<arg>GW</arg>
<arg>GY</arg>
<arg>HK</arg>
<arg>HM</arg>
<arg>HN</arg>
<arg>HR</arg>
<arg>HT</arg>
<arg>HU</arg>
<arg>ID</arg>
<arg>IE</arg>
<arg>IL</arg>
<arg>IM</arg>
<arg>IN</arg>
<arg>IO</arg>
<arg>IQ</arg>
<arg>IR</arg>
<arg>IS</arg>
<arg>IT</arg>
<arg>JE</arg>
<arg>JM</arg>
<arg>JO</arg>
<arg>JP</arg>
<arg>KE</arg>
<arg>KG</arg>
<arg>KH</arg>
<arg>KI</arg>
<arg>KM</arg>
<arg>KN</arg>
<arg>KP</arg>
<arg>KR</arg>
<arg>KW</arg>
<arg>KY</arg>
<arg>KZ</arg>
<arg>LA</arg>
<arg>LB</arg>
<arg>LC</arg>
<arg>LI</arg>
<arg>LK</arg>
<arg>LR</arg>
<arg>LS</arg>
<arg>LT</arg>
<arg>LU</arg>
<arg>LV</arg>
<arg>LY</arg>
<arg>MA</arg>
<arg>MC</arg>
<arg>MD</arg>
<arg>ME</arg>
<arg>MF</arg>
<arg>MG</arg>
<arg>MH</arg>
<arg>MK</arg>
<arg>ML</arg>
<arg>MM</arg>
<arg>MN</arg>
<arg>MO</arg>
<arg>MP</arg>
<arg>MQ</arg>
<arg>MR</arg>
<arg>MS</arg>
<arg>MT</arg>
<arg>MU</arg>
<arg>MV</arg>
<arg>MW</arg>
<arg>MX</arg>
<arg>MY</arg>
<arg>MZ</arg>
<arg>NA</arg>
<arg>NC</arg>
<arg>NE</arg>
<arg>NF</arg>
<arg>NG</arg>
<arg>NI</arg>
<arg>NL</arg>
<arg>NO</arg>
<arg>NP</arg>
<arg>NR</arg>
<arg>NU</arg>
<arg>NZ</arg>
<arg>OM</arg>
<arg>PA</arg>
<arg>PE</arg>
<arg>PF</arg>
<arg>PG</arg>
<arg>PH</arg>
<arg>PK</arg>
<arg>PL</arg>
<arg>PM</arg>
<arg>PN</arg>
<arg>PR</arg>
<arg>PS</arg>
<arg>PT</arg>
<arg>PW</arg>
<arg>PY</arg>
<arg>QA</arg>
<arg>RE</arg>
<arg>RO</arg>
<arg>RS</arg>
<arg>RU</arg>
<arg>RW</arg>
<arg>SA</arg>
<arg>SB</arg>
<arg>SC</arg>
<arg>SD</arg>
<arg>SE</arg>
<arg>SG</arg>
<arg>SH</arg>
<arg>SI</arg>
<arg>SJ</arg>
<arg>SK</arg>
<arg>SL</arg>
<arg>SM</arg>
<arg>SN</arg>
<arg>SO</arg>
<arg>SR</arg>
<arg>SS</arg>
<arg>ST</arg>
<arg>SV</arg>
<arg>SX</arg>
<arg>SY</arg>
<arg>SZ</arg>
<arg>TC</arg>
<arg>TD</arg>
<arg>TF</arg>
<arg>TG</arg>
<arg>TH</arg>
<arg>TJ</arg>
<arg>TK</arg>
<arg>TL</arg>
<arg>TM</arg>
<arg>TN</arg>
<arg>TO</arg>
<arg>TR</arg>
<arg>TT</arg>
<arg>TV</arg>
<arg>TW</arg>
<arg>TZ</arg>
<arg>UA</arg>
<arg>UG</arg>
<arg>UM</arg>
<arg>US</arg>
<arg>UY</arg>
<arg>UZ</arg>
<arg>VA</arg>
<arg>VC</arg>
<arg>VE</arg>
<arg>VG</arg>
<arg>VI</arg>
<arg>VN</arg>
<arg>VU</arg>
<arg>WF</arg>
<arg>WS</arg>
<arg>XK</arg>
<arg>YE</arg>
<arg>YT</arg>
<arg>ZA</arg>
<arg>ZM</arg>
<arg>ZW</arg>
<doc>Returns a list containing given items.</doc>
<status status="PASS" start="2024-04-10T08:19:35.305663" elapsed="0.000658"/>
</kw>
<kw name="List Should Contain Value" owner="Collections">
<msg time="2024-04-10T08:19:35.307318" level="INFO">False</msg>
<arg>${list_country}</arg>
<arg>${name_country}</arg>
<doc>Fails if the ``value`` is not found from ``list``.</doc>
<status status="PASS" start="2024-04-10T08:19:35.307116" elapsed="0.000239"/>
</kw>
<kw name="Run Keyword If" owner="BuiltIn">
<kw name="Should Be True" owner="BuiltIn">
<arg>${True}</arg>
<doc>Fails if the given condition is not true.</doc>
<status status="PASS" start="2024-04-10T08:19:35.308542" elapsed="0.000147"/>
</kw>
<arg>${json_data["results"][0]["location"]["coordinates"]["latitude"]} &gt;= -90 and ${json_data["results"][0]["location"]["coordinates"]["latitude"]} &lt;= 90</arg>
<arg>Should Be True</arg>
<arg>${True}</arg>
<doc>Runs the given keyword with the given arguments, if ``condition`` is true.</doc>
<status status="PASS" start="2024-04-10T08:19:35.307663" elapsed="0.001153"/>
</kw>
<kw name="Run Keyword If" owner="BuiltIn">
<kw name="Should Be True" owner="BuiltIn">
<arg>${True}</arg>
<doc>Fails if the given condition is not true.</doc>
<status status="PASS" start="2024-04-10T08:19:35.309709" elapsed="0.000162"/>
</kw>
<arg>${json_data["results"][0]["location"]["coordinates"]["longitude"]} &gt;= -180 and ${json_data["results"][0]["location"]["coordinates"]["longitude"]} &lt;= 180</arg>
<arg>Should Be True</arg>
<arg>${True}</arg>
<doc>Runs the given keyword with the given arguments, if ``condition`` is true.</doc>
<status status="PASS" start="2024-04-10T08:19:35.309001" elapsed="0.001002"/>
</kw>
<status status="PASS" start="2024-04-10T08:19:35.201690" elapsed="0.108444"/>
</kw>
<doc>Testa o conteúdo específico dos campos retornados pela API.</doc>
<tag>testeConteudo</tag>
<status status="PASS" start="2024-04-10T08:19:35.201212" elapsed="0.109072"/>
</test>
<status status="PASS" start="2024-04-10T08:19:34.217736" elapsed="1.094453"/>
</suite>
<status status="PASS" start="2024-04-10T08:19:34.204178" elapsed="1.113365"/>
</suite>
<statistics>
<total>
<stat pass="5" fail="0" skip="0">All Tests</stat>
</total>
<tag>
<stat pass="1" fail="0" skip="0">testeConteudo</stat>
<stat pass="1" fail="0" skip="0">testeEstruturaResposta</stat>
<stat pass="1" fail="0" skip="0">testeRequisicaoBasica</stat>
<stat pass="1" fail="0" skip="0">testeTiposDados</stat>
</tag>
<suite>
<stat pass="5" fail="0" skip="0" id="s1" name="Tests">Tests</stat>
<stat pass="5" fail="0" skip="0" id="s1-s1" name="Random-User-Test">Tests.Random-User-Test</stat>
</suite>
</statistics>
<errors>
</errors>
</robot>
