<?xml version="1.0" encoding="UTF-8"?>
<robot generator="Robot 7.0 (Python 3.12.2 on linux)" generated="2024-04-16T13:15:28.409497" rpa="false" schemaversion="5">
<suite id="s1" name="Tests" source="/home/runner/work/DesafioQAItauRogerioJordao/DesafioQAItauRogerioJordao/RamdonUser/tests">
<suite id="s1-s1" name="Random-User-Test" source="/home/runner/work/DesafioQAItauRogerioJordao/DesafioQAItauRogerioJordao/RamdonUser/tests/random-user-test.robot">
<test id="s1-s1-t1" name="Conectar" line="13">
<kw name="Conectar API" owner="random-user-service">
<kw name="Create Session" owner="RequestsLibrary">
<msg time="2024-04-16T13:15:28.791576" level="INFO">Creating Session using : alias=consultarAPI, url=https://randomuser.me/, headers={},                     cookies={}, auth=None, timeout=None, proxies=None, verify=False,                     debug=0 </msg>
<arg>consultarAPI</arg>
<arg>${URL}</arg>
<doc>Create Session: create a HTTP session to a server</doc>
<status status="PASS" start="2024-04-16T13:15:28.791365" elapsed="0.000409"/>
</kw>
<status status="PASS" start="2024-04-16T13:15:28.790260" elapsed="0.001879"/>
</kw>
<status status="PASS" start="2024-04-16T13:15:28.789557" elapsed="0.002786"/>
</test>
<test id="s1-s1-t2" name="Validar retorno 200 e JSON Válido" line="16">
<kw name="Teste de Requisicao Basica" owner="random-user-service">
<kw name="GET On Session" owner="RequestsLibrary">
<msg time="2024-04-16T13:15:28.917132" level="INFO">GET Request : url=https://randomuser.me/api 
 path_url=/api 
 headers={'User-Agent': 'python-requests/2.31.0', 'Accept-Encoding': 'gzip, deflate', 'Accept': '*/*', 'Connection': 'keep-alive'} 
 body=None 
 </msg>
<msg time="2024-04-16T13:15:28.917292" level="INFO">GET Response : url=https://randomuser.me/api 
 status=200, reason=OK 
 headers={'Date': 'Tue, 16 Apr 2024 13:15:28 GMT', 'Content-Type': 'application/json; charset=utf-8', 'Transfer-Encoding': 'chunked', 'Connection': 'keep-alive', 'X-Powered-By': 'Express', 'Access-Control-Allow-Origin': '*', 'Cache-Control': 'no-cache', 'ETag': 'W/"48b-M47YjFKxDioG0Wq2/EtNHc1Ojcg"', 'Vary': 'Accept-Encoding', 'Content-Encoding': 'gzip', 'CF-Cache-Status': 'DYNAMIC', 'Report-To': '{"endpoints":[{"url":"https:\\/\\/a.nel.cloudflare.com\\/report\\/v4?s=Wqw8mnqf1r9e%2Fr%2F0zpBhfN3o3ZY3vHzUDrvEWP3tFUYmlLW3RaRSq809fNnFxfdzobMV00MWxbep%2FVXLehvoFFHvPuIbAvV%2BLg0aTcR2CqGlGJnt1Sh0rRvwJt6JbZV2"}],"group":"cf-nel","max_age":604800}', 'NEL': '{"success_fraction":0,"report_to":"cf-nel","max_age":604800}', 'Server': 'cloudflare', 'CF-RAY': '875471c12a48ce60-SJC', 'alt-svc': 'h3=":443"; ma=86400'} 
 body={"results":[{"gender":"female","name":{"title":"Ms","first":"Latife","last":"Samancı"},"location":{"street":{"number":2768,"name":"Abanoz Sk"},"city":"Niğde","state":"Batman","country":"Turkey","postcode":69236,"coordinates":{"latitude":"65.2262","longitude":"90.9922"},"timezone":{"offset":"+5:30","description":"Bombay, Calcutta, Madras, New Delhi"}},"email":"latife.samanci@example.com","login":{"uuid":"9bcb46ae-af23-43d0-8cb9-1a5b79f0143e","username":"organicbutterfly665","password":"pickles","salt":"0jnoYdGV","md5":"27caa3ae0ff1a5970603b62a33666741","sha1":"d8e6bb82366a8440c556e769bdf4af4d544d8ac5","sha256":"a8b22a07eb06001628058c6bd2a84f2979fb661578d05489e95bdb0d30de828c"},"dob":{"date":"1964-09-22T05:37:23.360Z","age":59},"registered":{"date":"2016-04-24T09:15:12.890Z","age":7},"phone":"(690)-022-9284","cell":"(200)-347-1910","id":{"name":"","value":null},"picture":{"large":"https://randomuser.me/api/portraits/women/46.jpg","medium":"https://randomuser.me/api/portraits/med/women/46.jpg","thumbnail":"https://randomuser.me/api/portraits/thumb/women/46.jpg"},"nat":"TR"}],"info":{"seed":"2b57fce68f6aaf7d","results":1,"page":1,"version":"1.4"}} 
 </msg>
<msg time="2024-04-16T13:15:28.917381" level="INFO">/opt/hostedtoolcache/Python/3.12.2/x64/lib/python3.12/site-packages/urllib3/connectionpool.py:1103: InsecureRequestWarning: Unverified HTTPS request is being made to host 'randomuser.me'. Adding certificate verification is strongly advised. See: https://urllib3.readthedocs.io/en/latest/advanced-usage.html#tls-warnings
  warnings.warn(</msg>
<msg time="2024-04-16T13:15:28.917540" level="INFO">${response} = &lt;Response [200]&gt;</msg>
<var>${response}</var>
<arg>consultarAPI</arg>
<arg>/api</arg>
<doc>Sends a GET request on a previously created HTTP Session.</doc>
<status status="PASS" start="2024-04-16T13:15:28.795100" elapsed="0.122485"/>
</kw>
<kw name="Should Be Equal As Numbers" owner="BuiltIn">
<msg time="2024-04-16T13:15:28.918773" level="INFO">Argument types are:
&lt;class 'int'&gt;
&lt;class 'str'&gt;</msg>
<arg>${response.status_code}</arg>
<arg>200</arg>
<doc>Fails if objects are unequal after converting them to real numbers.</doc>
<status status="PASS" start="2024-04-16T13:15:28.918283" elapsed="0.000557"/>
</kw>
<kw name="Log" owner="BuiltIn">
<msg time="2024-04-16T13:15:28.919528" level="INFO">200</msg>
<arg>${response.status_code}</arg>
<doc>Logs the given message with the given level.</doc>
<status status="PASS" start="2024-04-16T13:15:28.919170" elapsed="0.000401"/>
</kw>
<kw name="Set Variable" owner="BuiltIn">
<msg time="2024-04-16T13:15:28.920353" level="INFO">${json_data} = {'results': [{'gender': 'female', 'name': {'title': 'Ms', 'first': 'Latife', 'last': 'Samancı'}, 'location': {'street': {'number': 2768, 'name': 'Abanoz Sk'}, 'city': 'Niğde', 'state': 'Batman', 'coun...</msg>
<var>${json_data}</var>
<arg>${response.json()}</arg>
<doc>Returns the given values which can then be assigned to a variables.</doc>
<status status="PASS" start="2024-04-16T13:15:28.919906" elapsed="0.000478"/>
</kw>
<kw name="Dictionary Should Contain Key" owner="Collections">
<msg time="2024-04-16T13:15:28.920861" level="INFO">False</msg>
<arg>${json_data}</arg>
<arg>results</arg>
<doc>Fails if ``key`` is not found from ``dictionary``.</doc>
<status status="PASS" start="2024-04-16T13:15:28.920691" elapsed="0.000215"/>
</kw>
<status status="PASS" start="2024-04-16T13:15:28.794840" elapsed="0.126328"/>
</kw>
<doc>Testa se a API responde corretamente e retorna um objeto JSON válido.</doc>
<tag>testeRequisicaoBasica</tag>
<status status="PASS" start="2024-04-16T13:15:28.794261" elapsed="0.127097"/>
</test>
<test id="s1-s1-t3" name="Validar estrutura de resposta" line="22">
<kw name="Teste de Estrutura de Resposta" owner="random-user-service">
<kw name="GET On Session" owner="RequestsLibrary">
<msg time="2024-04-16T13:15:29.017637" level="INFO">GET Request : url=https://randomuser.me/api 
 path_url=/api 
 headers={'User-Agent': 'python-requests/2.31.0', 'Accept-Encoding': 'gzip, deflate', 'Accept': '*/*', 'Connection': 'keep-alive'} 
 body=None 
 </msg>
<msg time="2024-04-16T13:15:29.017808" level="INFO">GET Response : url=https://randomuser.me/api 
 status=200, reason=OK 
 headers={'Date': 'Tue, 16 Apr 2024 13:15:29 GMT', 'Content-Type': 'application/json; charset=utf-8', 'Transfer-Encoding': 'chunked', 'Connection': 'keep-alive', 'X-Powered-By': 'Express', 'Access-Control-Allow-Origin': '*', 'Cache-Control': 'no-cache', 'ETag': 'W/"485-Xf2XBqzdZ5cW2xCh4Fpgg8Kcbs8"', 'Vary': 'Accept-Encoding', 'Content-Encoding': 'gzip', 'CF-Cache-Status': 'DYNAMIC', 'Report-To': '{"endpoints":[{"url":"https:\\/\\/a.nel.cloudflare.com\\/report\\/v4?s=bFVWyT54jKJxSpgfEZVH5JHr5Kpb5l0%2FSeKySqujP9zjV42mc7tzXdrkwFAuhDz7IH0ZvlSoZYXOE8D55XKO6zhESWMNWm%2BaaSRVZt7oPlDxsOo7Al%2B0ajkX2XdJ0A90"}],"group":"cf-nel","max_age":604800}', 'NEL': '{"success_fraction":0,"report_to":"cf-nel","max_age":604800}', 'Server': 'cloudflare', 'CF-RAY': '875471c1ca99ce60-SJC', 'alt-svc': 'h3=":443"; ma=86400'} 
 body={"results":[{"gender":"male","name":{"title":"Mr","first":"Etienne","last":"Claire"},"location":{"street":{"number":5275,"name":"Regent Ave"},"city":"Armstrong","state":"Nunavut","country":"Canada","postcode":"U1M 9L4","coordinates":{"latitude":"-66.4946","longitude":"-162.7642"},"timezone":{"offset":"+6:00","description":"Almaty, Dhaka, Colombo"}},"email":"etienne.claire@example.com","login":{"uuid":"53c8c092-599c-44b1-bef6-313e29015794","username":"whitegorilla293","password":"universa","salt":"vLJUqReS","md5":"d3301ab15154106e31e6c907afc2a7e6","sha1":"19f55d1bdd8307a31df40b4e8c5a43bc5c363db7","sha256":"8cb50e2726fd808f3a1a7630146b85995fada27d72975d03ba3204ed01e6e746"},"dob":{"date":"1948-05-12T10:22:05.797Z","age":75},"registered":{"date":"2006-08-21T08:58:54.628Z","age":17},"phone":"D60 C34-5202","cell":"T60 U72-8043","id":{"name":"SIN","value":"630160869"},"picture":{"large":"https://randomuser.me/api/portraits/men/92.jpg","medium":"https://randomuser.me/api/portraits/med/men/92.jpg","thumbnail":"https://randomuser.me/api/portraits/thumb/men/92.jpg"},"nat":"CA"}],"info":{"seed":"8aa12a852b7cf473","results":1,"page":1,"version":"1.4"}} 
 </msg>
<msg time="2024-04-16T13:15:29.017972" level="INFO">/opt/hostedtoolcache/Python/3.12.2/x64/lib/python3.12/site-packages/urllib3/connectionpool.py:1103: InsecureRequestWarning: Unverified HTTPS request is being made to host 'randomuser.me'. Adding certificate verification is strongly advised. See: https://urllib3.readthedocs.io/en/latest/advanced-usage.html#tls-warnings
  warnings.warn(</msg>
<msg time="2024-04-16T13:15:29.018107" level="INFO">${response} = &lt;Response [200]&gt;</msg>
<var>${response}</var>
<arg>consultarAPI</arg>
<arg>/api</arg>
<doc>Sends a GET request on a previously created HTTP Session.</doc>
<status status="PASS" start="2024-04-16T13:15:28.924296" elapsed="0.093851"/>
</kw>
<kw name="Set Variable" owner="BuiltIn">
<msg time="2024-04-16T13:15:29.019452" level="INFO">${json_data} = {'results': [{'gender': 'male', 'name': {'title': 'Mr', 'first': 'Etienne', 'last': 'Claire'}, 'location': {'street': {'number': 5275, 'name': 'Regent Ave'}, 'city': 'Armstrong', 'state': 'Nunavut', '...</msg>
<var>${json_data}</var>
<arg>${response.json()}</arg>
<doc>Returns the given values which can then be assigned to a variables.</doc>
<status status="PASS" start="2024-04-16T13:15:29.018802" elapsed="0.000680"/>
</kw>
<kw name="Log" owner="BuiltIn">
<msg time="2024-04-16T13:15:29.019958" level="INFO">{'results': [{'gender': 'male', 'name': {'title': 'Mr', 'first': 'Etienne', 'last': 'Claire'}, 'location': {'street': {'number': 5275, 'name': 'Regent Ave'}, 'city': 'Armstrong', 'state': 'Nunavut', 'country': 'Canada', 'postcode': 'U1M 9L4', 'coordinates': {'latitude': '-66.4946', 'longitude': '-162.7642'}, 'timezone': {'offset': '+6:00', 'description': 'Almaty, Dhaka, Colombo'}}, 'email': 'etienne.claire@example.com', 'login': {'uuid': '53c8c092-599c-44b1-bef6-313e29015794', 'username': 'whitegorilla293', 'password': 'universa', 'salt': 'vLJUqReS', 'md5': 'd3301ab15154106e31e6c907afc2a7e6', 'sha1': '19f55d1bdd8307a31df40b4e8c5a43bc5c363db7', 'sha256': '8cb50e2726fd808f3a1a7630146b85995fada27d72975d03ba3204ed01e6e746'}, 'dob': {'date': '1948-05-12T10:22:05.797Z', 'age': 75}, 'registered': {'date': '2006-08-21T08:58:54.628Z', 'age': 17}, 'phone': 'D60 C34-5202', 'cell': 'T60 U72-8043', 'id': {'name': 'SIN', 'value': '630160869'}, 'picture': {'large': 'https://randomuser.me/api/portraits/men/92.jpg', 'medium': 'https://randomuser.me/api/portraits/med/men/92.jpg', 'thumbnail': 'https://randomuser.me/api/portraits/thumb/men/92.jpg'}, 'nat': 'CA'}], 'info': {'seed': '8aa12a852b7cf473', 'results': 1, 'page': 1, 'version': '1.4'}}</msg>
<arg>${json_data}</arg>
<doc>Logs the given message with the given level.</doc>
<status status="PASS" start="2024-04-16T13:15:29.019797" elapsed="0.000209"/>
</kw>
<kw name="Dictionary Should Contain Key" owner="Collections">
<msg time="2024-04-16T13:15:29.020460" level="INFO">False</msg>
<arg>${json_data}</arg>
<arg>results</arg>
<doc>Fails if ``key`` is not found from ``dictionary``.</doc>
<status status="PASS" start="2024-04-16T13:15:29.020300" elapsed="0.000198"/>
</kw>
<kw name="Should Not Be Empty" owner="BuiltIn">
<msg time="2024-04-16T13:15:29.020933" level="INFO">Length is 2.</msg>
<arg>${json_data}</arg>
<doc>Verifies that the given item is not empty.</doc>
<status status="PASS" start="2024-04-16T13:15:29.020798" elapsed="0.000174"/>
</kw>
<kw name="Create List" owner="BuiltIn">
<msg time="2024-04-16T13:15:29.021427" level="INFO">${expected_keys} = ['gender', 'name', 'location', 'email', 'login']</msg>
<var>${expected_keys}</var>
<arg>gender</arg>
<arg>name</arg>
<arg>location</arg>
<arg>email</arg>
<arg>login</arg>
<doc>Returns a list containing given items.</doc>
<status status="PASS" start="2024-04-16T13:15:29.021273" elapsed="0.000179"/>
</kw>
<for flavor="IN">
<iter>
<kw name="Dictionary Should Contain Key" owner="Collections">
<msg time="2024-04-16T13:15:29.022502" level="INFO">False</msg>
<arg>${json_data['results'][0]}</arg>
<arg>${key}</arg>
<doc>Fails if ``key`` is not found from ``dictionary``.</doc>
<status status="PASS" start="2024-04-16T13:15:29.022088" elapsed="0.000454"/>
</kw>
<kw name="Log" owner="BuiltIn">
<msg time="2024-04-16T13:15:29.023226" level="INFO">{'gender': 'male', 'name': {'title': 'Mr', 'first': 'Etienne', 'last': 'Claire'}, 'location': {'street': {'number': 5275, 'name': 'Regent Ave'}, 'city': 'Armstrong', 'state': 'Nunavut', 'country': 'Canada', 'postcode': 'U1M 9L4', 'coordinates': {'latitude': '-66.4946', 'longitude': '-162.7642'}, 'timezone': {'offset': '+6:00', 'description': 'Almaty, Dhaka, Colombo'}}, 'email': 'etienne.claire@example.com', 'login': {'uuid': '53c8c092-599c-44b1-bef6-313e29015794', 'username': 'whitegorilla293', 'password': 'universa', 'salt': 'vLJUqReS', 'md5': 'd3301ab15154106e31e6c907afc2a7e6', 'sha1': '19f55d1bdd8307a31df40b4e8c5a43bc5c363db7', 'sha256': '8cb50e2726fd808f3a1a7630146b85995fada27d72975d03ba3204ed01e6e746'}, 'dob': {'date': '1948-05-12T10:22:05.797Z', 'age': 75}, 'registered': {'date': '2006-08-21T08:58:54.628Z', 'age': 17}, 'phone': 'D60 C34-5202', 'cell': 'T60 U72-8043', 'id': {'name': 'SIN', 'value': '630160869'}, 'picture': {'large': 'https://randomuser.me/api/portraits/men/92.jpg', 'medium': 'https://randomuser.me/api/portraits/med/men/92.jpg', 'thumbnail': 'https://randomuser.me/api/portraits/thumb/men/92.jpg'}, 'nat': 'CA'}</msg>
<arg>${json_data['results'][0]}</arg>
<doc>Logs the given message with the given level.</doc>
<status status="PASS" start="2024-04-16T13:15:29.022849" elapsed="0.000427"/>
</kw>
<kw name="Log" owner="BuiltIn">
<msg time="2024-04-16T13:15:29.023708" level="INFO">gender</msg>
<arg>${key}</arg>
<doc>Logs the given message with the given level.</doc>
<status status="PASS" start="2024-04-16T13:15:29.023578" elapsed="0.000169"/>
</kw>
<var name="${key}">gender</var>
<status status="PASS" start="2024-04-16T13:15:29.021960" elapsed="0.002014"/>
</iter>
<iter>
<kw name="Dictionary Should Contain Key" owner="Collections">
<msg time="2024-04-16T13:15:29.024668" level="INFO">False</msg>
<arg>${json_data['results'][0]}</arg>
<arg>${key}</arg>
<doc>Fails if ``key`` is not found from ``dictionary``.</doc>
<status status="PASS" start="2024-04-16T13:15:29.024279" elapsed="0.000428"/>
</kw>
<kw name="Log" owner="BuiltIn">
<msg time="2024-04-16T13:15:29.025406" level="INFO">{'gender': 'male', 'name': {'title': 'Mr', 'first': 'Etienne', 'last': 'Claire'}, 'location': {'street': {'number': 5275, 'name': 'Regent Ave'}, 'city': 'Armstrong', 'state': 'Nunavut', 'country': 'Canada', 'postcode': 'U1M 9L4', 'coordinates': {'latitude': '-66.4946', 'longitude': '-162.7642'}, 'timezone': {'offset': '+6:00', 'description': 'Almaty, Dhaka, Colombo'}}, 'email': 'etienne.claire@example.com', 'login': {'uuid': '53c8c092-599c-44b1-bef6-313e29015794', 'username': 'whitegorilla293', 'password': 'universa', 'salt': 'vLJUqReS', 'md5': 'd3301ab15154106e31e6c907afc2a7e6', 'sha1': '19f55d1bdd8307a31df40b4e8c5a43bc5c363db7', 'sha256': '8cb50e2726fd808f3a1a7630146b85995fada27d72975d03ba3204ed01e6e746'}, 'dob': {'date': '1948-05-12T10:22:05.797Z', 'age': 75}, 'registered': {'date': '2006-08-21T08:58:54.628Z', 'age': 17}, 'phone': 'D60 C34-5202', 'cell': 'T60 U72-8043', 'id': {'name': 'SIN', 'value': '630160869'}, 'picture': {'large': 'https://randomuser.me/api/portraits/men/92.jpg', 'medium': 'https://randomuser.me/api/portraits/med/men/92.jpg', 'thumbnail': 'https://randomuser.me/api/portraits/thumb/men/92.jpg'}, 'nat': 'CA'}</msg>
<arg>${json_data['results'][0]}</arg>
<doc>Logs the given message with the given level.</doc>
<status status="PASS" start="2024-04-16T13:15:29.025035" elapsed="0.000424"/>
</kw>
<kw name="Log" owner="BuiltIn">
<msg time="2024-04-16T13:15:29.025928" level="INFO">name</msg>
<arg>${key}</arg>
<doc>Logs the given message with the given level.</doc>
<status status="PASS" start="2024-04-16T13:15:29.025797" elapsed="0.000170"/>
</kw>
<var name="${key}">name</var>
<status status="PASS" start="2024-04-16T13:15:29.024163" elapsed="0.002024"/>
</iter>
<iter>
<kw name="Dictionary Should Contain Key" owner="Collections">
<msg time="2024-04-16T13:15:29.026870" level="INFO">False</msg>
<arg>${json_data['results'][0]}</arg>
<arg>${key}</arg>
<doc>Fails if ``key`` is not found from ``dictionary``.</doc>
<status status="PASS" start="2024-04-16T13:15:29.026481" elapsed="0.000426"/>
</kw>
<kw name="Log" owner="BuiltIn">
<msg time="2024-04-16T13:15:29.027563" level="INFO">{'gender': 'male', 'name': {'title': 'Mr', 'first': 'Etienne', 'last': 'Claire'}, 'location': {'street': {'number': 5275, 'name': 'Regent Ave'}, 'city': 'Armstrong', 'state': 'Nunavut', 'country': 'Canada', 'postcode': 'U1M 9L4', 'coordinates': {'latitude': '-66.4946', 'longitude': '-162.7642'}, 'timezone': {'offset': '+6:00', 'description': 'Almaty, Dhaka, Colombo'}}, 'email': 'etienne.claire@example.com', 'login': {'uuid': '53c8c092-599c-44b1-bef6-313e29015794', 'username': 'whitegorilla293', 'password': 'universa', 'salt': 'vLJUqReS', 'md5': 'd3301ab15154106e31e6c907afc2a7e6', 'sha1': '19f55d1bdd8307a31df40b4e8c5a43bc5c363db7', 'sha256': '8cb50e2726fd808f3a1a7630146b85995fada27d72975d03ba3204ed01e6e746'}, 'dob': {'date': '1948-05-12T10:22:05.797Z', 'age': 75}, 'registered': {'date': '2006-08-21T08:58:54.628Z', 'age': 17}, 'phone': 'D60 C34-5202', 'cell': 'T60 U72-8043', 'id': {'name': 'SIN', 'value': '630160869'}, 'picture': {'large': 'https://randomuser.me/api/portraits/men/92.jpg', 'medium': 'https://randomuser.me/api/portraits/med/men/92.jpg', 'thumbnail': 'https://randomuser.me/api/portraits/thumb/men/92.jpg'}, 'nat': 'CA'}</msg>
<arg>${json_data['results'][0]}</arg>
<doc>Logs the given message with the given level.</doc>
<status status="PASS" start="2024-04-16T13:15:29.027203" elapsed="0.000409"/>
</kw>
<kw name="Log" owner="BuiltIn">
<msg time="2024-04-16T13:15:29.028035" level="INFO">location</msg>
<arg>${key}</arg>
<doc>Logs the given message with the given level.</doc>
<status status="PASS" start="2024-04-16T13:15:29.027907" elapsed="0.000166"/>
</kw>
<var name="${key}">location</var>
<status status="PASS" start="2024-04-16T13:15:29.026366" elapsed="0.001923"/>
</iter>
<iter>
<kw name="Dictionary Should Contain Key" owner="Collections">
<msg time="2024-04-16T13:15:29.028963" level="INFO">False</msg>
<arg>${json_data['results'][0]}</arg>
<arg>${key}</arg>
<doc>Fails if ``key`` is not found from ``dictionary``.</doc>
<status status="PASS" start="2024-04-16T13:15:29.028570" elapsed="0.000437"/>
</kw>
<kw name="Log" owner="BuiltIn">
<msg time="2024-04-16T13:15:29.029700" level="INFO">{'gender': 'male', 'name': {'title': 'Mr', 'first': 'Etienne', 'last': 'Claire'}, 'location': {'street': {'number': 5275, 'name': 'Regent Ave'}, 'city': 'Armstrong', 'state': 'Nunavut', 'country': 'Canada', 'postcode': 'U1M 9L4', 'coordinates': {'latitude': '-66.4946', 'longitude': '-162.7642'}, 'timezone': {'offset': '+6:00', 'description': 'Almaty, Dhaka, Colombo'}}, 'email': 'etienne.claire@example.com', 'login': {'uuid': '53c8c092-599c-44b1-bef6-313e29015794', 'username': 'whitegorilla293', 'password': 'universa', 'salt': 'vLJUqReS', 'md5': 'd3301ab15154106e31e6c907afc2a7e6', 'sha1': '19f55d1bdd8307a31df40b4e8c5a43bc5c363db7', 'sha256': '8cb50e2726fd808f3a1a7630146b85995fada27d72975d03ba3204ed01e6e746'}, 'dob': {'date': '1948-05-12T10:22:05.797Z', 'age': 75}, 'registered': {'date': '2006-08-21T08:58:54.628Z', 'age': 17}, 'phone': 'D60 C34-5202', 'cell': 'T60 U72-8043', 'id': {'name': 'SIN', 'value': '630160869'}, 'picture': {'large': 'https://randomuser.me/api/portraits/men/92.jpg', 'medium': 'https://randomuser.me/api/portraits/med/men/92.jpg', 'thumbnail': 'https://randomuser.me/api/portraits/thumb/men/92.jpg'}, 'nat': 'CA'}</msg>
<arg>${json_data['results'][0]}</arg>
<doc>Logs the given message with the given level.</doc>
<status status="PASS" start="2024-04-16T13:15:29.029309" elapsed="0.000445"/>
</kw>
<kw name="Log" owner="BuiltIn">
<msg time="2024-04-16T13:15:29.030193" level="INFO">email</msg>
<arg>${key}</arg>
<doc>Logs the given message with the given level.</doc>
<status status="PASS" start="2024-04-16T13:15:29.030064" elapsed="0.000168"/>
</kw>
<var name="${key}">email</var>
<status status="PASS" start="2024-04-16T13:15:29.028460" elapsed="0.001989"/>
</iter>
<iter>
<kw name="Dictionary Should Contain Key" owner="Collections">
<msg time="2024-04-16T13:15:29.031104" level="INFO">False</msg>
<arg>${json_data['results'][0]}</arg>
<arg>${key}</arg>
<doc>Fails if ``key`` is not found from ``dictionary``.</doc>
<status status="PASS" start="2024-04-16T13:15:29.030729" elapsed="0.000413"/>
</kw>
<kw name="Log" owner="BuiltIn">
<msg time="2024-04-16T13:15:29.031800" level="INFO">{'gender': 'male', 'name': {'title': 'Mr', 'first': 'Etienne', 'last': 'Claire'}, 'location': {'street': {'number': 5275, 'name': 'Regent Ave'}, 'city': 'Armstrong', 'state': 'Nunavut', 'country': 'Canada', 'postcode': 'U1M 9L4', 'coordinates': {'latitude': '-66.4946', 'longitude': '-162.7642'}, 'timezone': {'offset': '+6:00', 'description': 'Almaty, Dhaka, Colombo'}}, 'email': 'etienne.claire@example.com', 'login': {'uuid': '53c8c092-599c-44b1-bef6-313e29015794', 'username': 'whitegorilla293', 'password': 'universa', 'salt': 'vLJUqReS', 'md5': 'd3301ab15154106e31e6c907afc2a7e6', 'sha1': '19f55d1bdd8307a31df40b4e8c5a43bc5c363db7', 'sha256': '8cb50e2726fd808f3a1a7630146b85995fada27d72975d03ba3204ed01e6e746'}, 'dob': {'date': '1948-05-12T10:22:05.797Z', 'age': 75}, 'registered': {'date': '2006-08-21T08:58:54.628Z', 'age': 17}, 'phone': 'D60 C34-5202', 'cell': 'T60 U72-8043', 'id': {'name': 'SIN', 'value': '630160869'}, 'picture': {'large': 'https://randomuser.me/api/portraits/men/92.jpg', 'medium': 'https://randomuser.me/api/portraits/med/men/92.jpg', 'thumbnail': 'https://randomuser.me/api/portraits/thumb/men/92.jpg'}, 'nat': 'CA'}</msg>
<arg>${json_data['results'][0]}</arg>
<doc>Logs the given message with the given level.</doc>
<status status="PASS" start="2024-04-16T13:15:29.031439" elapsed="0.000409"/>
</kw>
<kw name="Log" owner="BuiltIn">
<msg time="2024-04-16T13:15:29.032268" level="INFO">login</msg>
<arg>${key}</arg>
<doc>Logs the given message with the given level.</doc>
<status status="PASS" start="2024-04-16T13:15:29.032143" elapsed="0.000164"/>
</kw>
<var name="${key}">login</var>
<status status="PASS" start="2024-04-16T13:15:29.030620" elapsed="0.001903"/>
</iter>
<var>${key}</var>
<value>@{expected_keys}</value>
<status status="PASS" start="2024-04-16T13:15:29.021757" elapsed="0.010913"/>
</for>
<kw name="Create List" owner="BuiltIn">
<msg time="2024-04-16T13:15:29.033012" level="INFO">${expected_keysTwo} = ['username', 'password']</msg>
<var>${expected_keysTwo}</var>
<arg>username</arg>
<arg>password</arg>
<doc>Returns a list containing given items.</doc>
<status status="PASS" start="2024-04-16T13:15:29.032875" elapsed="0.000161"/>
</kw>
<for flavor="IN">
<iter>
<kw name="Dictionary Should Contain Key" owner="Collections">
<msg time="2024-04-16T13:15:29.034072" level="INFO">False</msg>
<arg>${json_data['results'][0]['login']}</arg>
<arg>${keyTwo}</arg>
<doc>Fails if ``key`` is not found from ``dictionary``.</doc>
<status status="PASS" start="2024-04-16T13:15:29.033680" elapsed="0.000432"/>
</kw>
<kw name="Dictionary Should Contain Key" owner="Collections">
<msg time="2024-04-16T13:15:29.034791" level="INFO">False</msg>
<arg>${json_data['results'][0]['login']}</arg>
<arg>${keyTwo}</arg>
<doc>Fails if ``key`` is not found from ``dictionary``.</doc>
<status status="PASS" start="2024-04-16T13:15:29.034413" elapsed="0.000417"/>
</kw>
<kw name="Log" owner="BuiltIn">
<msg time="2024-04-16T13:15:29.035250" level="INFO">username</msg>
<arg>${keyTwo}</arg>
<doc>Logs the given message with the given level.</doc>
<status status="PASS" start="2024-04-16T13:15:29.035124" elapsed="0.000164"/>
</kw>
<var name="${keyTwo}">username</var>
<status status="PASS" start="2024-04-16T13:15:29.033540" elapsed="0.001964"/>
</iter>
<iter>
<kw name="Dictionary Should Contain Key" owner="Collections">
<msg time="2024-04-16T13:15:29.036172" level="INFO">False</msg>
<arg>${json_data['results'][0]['login']}</arg>
<arg>${keyTwo}</arg>
<doc>Fails if ``key`` is not found from ``dictionary``.</doc>
<status status="PASS" start="2024-04-16T13:15:29.035791" elapsed="0.000418"/>
</kw>
<kw name="Dictionary Should Contain Key" owner="Collections">
<msg time="2024-04-16T13:15:29.036876" level="INFO">False</msg>
<arg>${json_data['results'][0]['login']}</arg>
<arg>${keyTwo}</arg>
<doc>Fails if ``key`` is not found from ``dictionary``.</doc>
<status status="PASS" start="2024-04-16T13:15:29.036500" elapsed="0.000415"/>
</kw>
<kw name="Log" owner="BuiltIn">
<msg time="2024-04-16T13:15:29.037341" level="INFO">password</msg>
<arg>${keyTwo}</arg>
<doc>Logs the given message with the given level.</doc>
<status status="PASS" start="2024-04-16T13:15:29.037214" elapsed="0.000166"/>
</kw>
<var name="${keyTwo}">password</var>
<status status="PASS" start="2024-04-16T13:15:29.035681" elapsed="0.001919"/>
</iter>
<var>${keyTwo}</var>
<value>@{expected_keysTwo}</value>
<status status="PASS" start="2024-04-16T13:15:29.033278" elapsed="0.004491"/>
</for>
<status status="PASS" start="2024-04-16T13:15:28.924046" elapsed="0.113872"/>
</kw>
<doc>Testa a estrutura da resposta da API.</doc>
<tag>testeEstruturaResposta</tag>
<status status="PASS" start="2024-04-16T13:15:28.923293" elapsed="0.114796"/>
</test>
<test id="s1-s1-t4" name="Validar tipos de dados" line="28">
<kw name="Teste de Tipos de Dados" owner="random-user-service">
<kw name="GET On Session" owner="RequestsLibrary">
<msg time="2024-04-16T13:15:29.138793" level="INFO">GET Request : url=https://randomuser.me/api 
 path_url=/api 
 headers={'User-Agent': 'python-requests/2.31.0', 'Accept-Encoding': 'gzip, deflate', 'Accept': '*/*', 'Connection': 'keep-alive'} 
 body=None 
 </msg>
<msg time="2024-04-16T13:15:29.138910" level="INFO">GET Response : url=https://randomuser.me/api 
 status=200, reason=OK 
 headers={'Date': 'Tue, 16 Apr 2024 13:15:29 GMT', 'Content-Type': 'application/json; charset=utf-8', 'Transfer-Encoding': 'chunked', 'Connection': 'keep-alive', 'X-Powered-By': 'Express', 'Access-Control-Allow-Origin': '*', 'Cache-Control': 'no-cache', 'ETag': 'W/"490-InBJaJaYvSuTGwwEGv+LdLZJU20"', 'Vary': 'Accept-Encoding', 'Content-Encoding': 'gzip', 'CF-Cache-Status': 'DYNAMIC', 'Report-To': '{"endpoints":[{"url":"https:\\/\\/a.nel.cloudflare.com\\/report\\/v4?s=pKaafdEQ6xSfOsChqCFknvRVuaL3FWZ25NuIEWe%2FpNc6ddZay2UN4MlqoSUYea1XJRRY55bWOqKLxIPLPibdPFPkNJ9jYtBWhik%2BkJ9QBioopgrL3Z164UeqluwXFrRT"}],"group":"cf-nel","max_age":604800}', 'NEL': '{"success_fraction":0,"report_to":"cf-nel","max_age":604800}', 'Server': 'cloudflare', 'CF-RAY': '875471c28b18ce60-SJC', 'alt-svc': 'h3=":443"; ma=86400'} 
 body={"results":[{"gender":"male","name":{"title":"Mr","first":"Marvin","last":"Clausen"},"location":{"street":{"number":2765,"name":"Rolf Hofmos gate"},"city":"Uthaug","state":"Telemark","country":"Norway","postcode":"0192","coordinates":{"latitude":"45.1081","longitude":"-170.3054"},"timezone":{"offset":"0:00","description":"Western Europe Time, London, Lisbon, Casablanca"}},"email":"marvin.clausen@example.com","login":{"uuid":"9274bece-e381-47be-827e-98c4c7b43631","username":"heavyswan652","password":"boston","salt":"4nFhBU7r","md5":"9df7cca4ccb4e819e3b594faf7bf24ec","sha1":"73073d3182eff76319696f0ee6194820d0d1ef6d","sha256":"f8fedb7a8ca23d860d7586b63dba1af1c8406e71734f7045943a753da80f249d"},"dob":{"date":"1975-12-09T09:52:49.335Z","age":48},"registered":{"date":"2017-10-15T05:04:55.315Z","age":6},"phone":"74722421","cell":"93963167","id":{"name":"FN","value":"09127531924"},"picture":{"large":"https://randomuser.me/api/portraits/men/30.jpg","medium":"https://randomuser.me/api/portraits/med/men/30.jpg","thumbnail":"https://randomuser.me/api/portraits/thumb/men/30.jpg"},"nat":"NO"}],"info":{"seed":"a072a7de3fc3ffd3","results":1,"page":1,"version":"1.4"}} 
 </msg>
<msg time="2024-04-16T13:15:29.139000" level="INFO">/opt/hostedtoolcache/Python/3.12.2/x64/lib/python3.12/site-packages/urllib3/connectionpool.py:1103: InsecureRequestWarning: Unverified HTTPS request is being made to host 'randomuser.me'. Adding certificate verification is strongly advised. See: https://urllib3.readthedocs.io/en/latest/advanced-usage.html#tls-warnings
  warnings.warn(</msg>
<msg time="2024-04-16T13:15:29.139145" level="INFO">${response} = &lt;Response [200]&gt;</msg>
<var>${response}</var>
<arg>consultarAPI</arg>
<arg>/api</arg>
<doc>Sends a GET request on a previously created HTTP Session.</doc>
<status status="PASS" start="2024-04-16T13:15:29.040708" elapsed="0.098464"/>
</kw>
<kw name="Set Variable" owner="BuiltIn">
<msg time="2024-04-16T13:15:29.140314" level="INFO">${json_data} = {'results': [{'gender': 'male', 'name': {'title': 'Mr', 'first': 'Marvin', 'last': 'Clausen'}, 'location': {'street': {'number': 2765, 'name': 'Rolf Hofmos gate'}, 'city': 'Uthaug', 'state': 'Telemark...</msg>
<var>${json_data}</var>
<arg>${response.json()}</arg>
<doc>Returns the given values which can then be assigned to a variables.</doc>
<status status="PASS" start="2024-04-16T13:15:29.139762" elapsed="0.000581"/>
</kw>
<kw name="Log" owner="BuiltIn">
<msg time="2024-04-16T13:15:29.140822" level="INFO">{'results': [{'gender': 'male', 'name': {'title': 'Mr', 'first': 'Marvin', 'last': 'Clausen'}, 'location': {'street': {'number': 2765, 'name': 'Rolf Hofmos gate'}, 'city': 'Uthaug', 'state': 'Telemark', 'country': 'Norway', 'postcode': '0192', 'coordinates': {'latitude': '45.1081', 'longitude': '-170.3054'}, 'timezone': {'offset': '0:00', 'description': 'Western Europe Time, London, Lisbon, Casablanca'}}, 'email': 'marvin.clausen@example.com', 'login': {'uuid': '9274bece-e381-47be-827e-98c4c7b43631', 'username': 'heavyswan652', 'password': 'boston', 'salt': '4nFhBU7r', 'md5': '9df7cca4ccb4e819e3b594faf7bf24ec', 'sha1': '73073d3182eff76319696f0ee6194820d0d1ef6d', 'sha256': 'f8fedb7a8ca23d860d7586b63dba1af1c8406e71734f7045943a753da80f249d'}, 'dob': {'date': '1975-12-09T09:52:49.335Z', 'age': 48}, 'registered': {'date': '2017-10-15T05:04:55.315Z', 'age': 6}, 'phone': '74722421', 'cell': '93963167', 'id': {'name': 'FN', 'value': '09127531924'}, 'picture': {'large': 'https://randomuser.me/api/portraits/men/30.jpg', 'medium': 'https://randomuser.me/api/portraits/med/men/30.jpg', 'thumbnail': 'https://randomuser.me/api/portraits/thumb/men/30.jpg'}, 'nat': 'NO'}], 'info': {'seed': 'a072a7de3fc3ffd3', 'results': 1, 'page': 1, 'version': '1.4'}}</msg>
<arg>${json_data}</arg>
<doc>Logs the given message with the given level.</doc>
<status status="PASS" start="2024-04-16T13:15:29.140657" elapsed="0.000253"/>
</kw>
<kw name="Should Be String" owner="String">
<arg>${json_data['results'][0]['gender']}</arg>
<doc>Fails if the given ``item`` is not a string.</doc>
<status status="PASS" start="2024-04-16T13:15:29.141213" elapsed="0.000376"/>
</kw>
<kw name="Should Match Regexp" owner="BuiltIn">
<arg>${json_data['results'][0]['email']}</arg>
<arg>^[a-zA-Z0-9._%+-]+@[a-zA-Z0-9.-]+\.[a-zA-Z]{2,}$</arg>
<doc>Fails if ``string`` does not match ``pattern`` as a regular expression.</doc>
<status status="PASS" start="2024-04-16T13:15:29.141848" elapsed="0.000534"/>
</kw>
<kw name="Should Match Regexp" owner="BuiltIn">
<arg>${json_data['results'][0]['dob']['date']}</arg>
<arg>\\d{4}-\\d{2}-\\d{2}T\\d{2}:\\d{2}:\\d{2}\\.\\d{3}Z</arg>
<doc>Fails if ``string`` does not match ``pattern`` as a regular expression.</doc>
<status status="PASS" start="2024-04-16T13:15:29.142578" elapsed="0.000491"/>
</kw>
<kw name="Should Match Regexp" owner="BuiltIn">
<arg>${json_data['results'][0]['registered']['date']}</arg>
<arg>\\d{4}-\\d{2}-\\d{2}T\\d{2}:\\d{2}:\\d{2}\\.\\d{3}Z</arg>
<doc>Fails if ``string`` does not match ``pattern`` as a regular expression.</doc>
<status status="PASS" start="2024-04-16T13:15:29.143265" elapsed="0.000370"/>
</kw>
<kw name="Should Match Regexp" owner="BuiltIn">
<arg>${json_data['results'][0]['picture']['large']}</arg>
<arg>^https?://.*\.(?:png|jpe?g|gif|bmp)$</arg>
<doc>Fails if ``string`` does not match ``pattern`` as a regular expression.</doc>
<status status="PASS" start="2024-04-16T13:15:29.143820" elapsed="0.000453"/>
</kw>
<kw name="Should Match Regexp" owner="BuiltIn">
<arg>${json_data['results'][0]['picture']['medium']}</arg>
<arg>^https?://.*\.(?:png|jpe?g|gif|bmp)$</arg>
<doc>Fails if ``string`` does not match ``pattern`` as a regular expression.</doc>
<status status="PASS" start="2024-04-16T13:15:29.144463" elapsed="0.000349"/>
</kw>
<kw name="Should Match Regexp" owner="BuiltIn">
<arg>${json_data['results'][0]['picture']['thumbnail']}</arg>
<arg>^https?://.*\.(?:png|jpe?g|gif|bmp)$</arg>
<doc>Fails if ``string`` does not match ``pattern`` as a regular expression.</doc>
<status status="PASS" start="2024-04-16T13:15:29.144996" elapsed="0.000356"/>
</kw>
<kw name="Log" owner="BuiltIn">
<msg time="2024-04-16T13:15:29.145897" level="INFO">{'large': 'https://randomuser.me/api/portraits/men/30.jpg', 'medium': 'https://randomuser.me/api/portraits/med/men/30.jpg', 'thumbnail': 'https://randomuser.me/api/portraits/thumb/men/30.jpg'}</msg>
<arg>${json_data['results'][0]['picture']}</arg>
<doc>Logs the given message with the given level.</doc>
<status status="PASS" start="2024-04-16T13:15:29.145532" elapsed="0.000407"/>
</kw>
<status status="PASS" start="2024-04-16T13:15:29.040468" elapsed="0.105741"/>
</kw>
<kw name="Teste de Tipos de Dados - Postcode" owner="random-user-service">
<kw name="GET On Session" owner="RequestsLibrary">
<msg time="2024-04-16T13:15:29.269734" level="INFO">GET Request : url=https://randomuser.me/api 
 path_url=/api 
 headers={'User-Agent': 'python-requests/2.31.0', 'Accept-Encoding': 'gzip, deflate', 'Accept': '*/*', 'Connection': 'keep-alive'} 
 body=None 
 </msg>
<msg time="2024-04-16T13:15:29.269886" level="INFO">GET Response : url=https://randomuser.me/api 
 status=200, reason=OK 
 headers={'Date': 'Tue, 16 Apr 2024 13:15:29 GMT', 'Content-Type': 'application/json; charset=utf-8', 'Transfer-Encoding': 'chunked', 'Connection': 'keep-alive', 'X-Powered-By': 'Express', 'Access-Control-Allow-Origin': '*', 'Cache-Control': 'no-cache', 'ETag': 'W/"47d-VIiXc8ImTGZAfwavi6mdMkF2k3k"', 'Vary': 'Accept-Encoding', 'Content-Encoding': 'gzip', 'CF-Cache-Status': 'DYNAMIC', 'Report-To': '{"endpoints":[{"url":"https:\\/\\/a.nel.cloudflare.com\\/report\\/v4?s=ld6269Z%2FoIJYclUGtMRb54m8r%2BKZr3NDzhljY%2B3UkgzObJxJGhQY4QKGdHYP29azIdIudzeSFsUrG8fGo334pHgtTt9SjfPIlOETBs4xqvNgCldwoMHGXJSsHN%2F4i0n5"}],"group":"cf-nel","max_age":604800}', 'NEL': '{"success_fraction":0,"report_to":"cf-nel","max_age":604800}', 'Server': 'cloudflare', 'CF-RAY': '875471c32b76ce60-SJC', 'alt-svc': 'h3=":443"; ma=86400'} 
 body={"results":[{"gender":"male","name":{"title":"Mr","first":"Noah","last":"Pedersen"},"location":{"street":{"number":9968,"name":"Parkvænget"},"city":"Nørre Sundby","state":"Midtjylland","country":"Denmark","postcode":39336,"coordinates":{"latitude":"-39.2528","longitude":"-73.8803"},"timezone":{"offset":"+7:00","description":"Bangkok, Hanoi, Jakarta"}},"email":"noah.pedersen@example.com","login":{"uuid":"bbdf9865-67ba-4d01-8b64-639570bbe4cd","username":"happyfish468","password":"qwertz","salt":"zBTPZahI","md5":"0773b0dde783925b89be1d06d31d9341","sha1":"7edc2c9c231e3e90ff0a98713e0838290e1a2886","sha256":"b893f0bbdf4bcd6f74164a081e6dd51c675b916b22e966d25268d7f72996e5c6"},"dob":{"date":"1956-05-22T08:34:22.934Z","age":67},"registered":{"date":"2014-09-16T00:57:51.246Z","age":9},"phone":"40779278","cell":"81743276","id":{"name":"CPR","value":"220556-7973"},"picture":{"large":"https://randomuser.me/api/portraits/men/32.jpg","medium":"https://randomuser.me/api/portraits/med/men/32.jpg","thumbnail":"https://randomuser.me/api/portraits/thumb/men/32.jpg"},"nat":"DK"}],"info":{"seed":"845f867ccb24bab6","results":1,"page":1,"version":"1.4"}} 
 </msg>
<msg time="2024-04-16T13:15:29.270026" level="INFO">/opt/hostedtoolcache/Python/3.12.2/x64/lib/python3.12/site-packages/urllib3/connectionpool.py:1103: InsecureRequestWarning: Unverified HTTPS request is being made to host 'randomuser.me'. Adding certificate verification is strongly advised. See: https://urllib3.readthedocs.io/en/latest/advanced-usage.html#tls-warnings
  warnings.warn(</msg>
<msg time="2024-04-16T13:15:29.270177" level="INFO">${response} = &lt;Response [200]&gt;</msg>
<var>${response}</var>
<arg>consultarAPI</arg>
<arg>/api</arg>
<doc>Sends a GET request on a previously created HTTP Session.</doc>
<status status="PASS" start="2024-04-16T13:15:29.146701" elapsed="0.123520"/>
</kw>
<kw name="Set Variable" owner="BuiltIn">
<msg time="2024-04-16T13:15:29.271437" level="INFO">${json_data} = {'results': [{'gender': 'male', 'name': {'title': 'Mr', 'first': 'Noah', 'last': 'Pedersen'}, 'location': {'street': {'number': 9968, 'name': 'Parkvænget'}, 'city': 'Nørre Sundby', 'state': 'Midtjylla...</msg>
<var>${json_data}</var>
<arg>${response.json()}</arg>
<doc>Returns the given values which can then be assigned to a variables.</doc>
<status status="PASS" start="2024-04-16T13:15:29.270869" elapsed="0.000598"/>
</kw>
<kw name="Log" owner="BuiltIn">
<msg time="2024-04-16T13:15:29.271976" level="INFO">{'results': [{'gender': 'male', 'name': {'title': 'Mr', 'first': 'Noah', 'last': 'Pedersen'}, 'location': {'street': {'number': 9968, 'name': 'Parkvænget'}, 'city': 'Nørre Sundby', 'state': 'Midtjylland', 'country': 'Denmark', 'postcode': 39336, 'coordinates': {'latitude': '-39.2528', 'longitude': '-73.8803'}, 'timezone': {'offset': '+7:00', 'description': 'Bangkok, Hanoi, Jakarta'}}, 'email': 'noah.pedersen@example.com', 'login': {'uuid': 'bbdf9865-67ba-4d01-8b64-639570bbe4cd', 'username': 'happyfish468', 'password': 'qwertz', 'salt': 'zBTPZahI', 'md5': '0773b0dde783925b89be1d06d31d9341', 'sha1': '7edc2c9c231e3e90ff0a98713e0838290e1a2886', 'sha256': 'b893f0bbdf4bcd6f74164a081e6dd51c675b916b22e966d25268d7f72996e5c6'}, 'dob': {'date': '1956-05-22T08:34:22.934Z', 'age': 67}, 'registered': {'date': '2014-09-16T00:57:51.246Z', 'age': 9}, 'phone': '40779278', 'cell': '81743276', 'id': {'name': 'CPR', 'value': '220556-7973'}, 'picture': {'large': 'https://randomuser.me/api/portraits/men/32.jpg', 'medium': 'https://randomuser.me/api/portraits/med/men/32.jpg', 'thumbnail': 'https://randomuser.me/api/portraits/thumb/men/32.jpg'}, 'nat': 'DK'}], 'info': {'seed': '845f867ccb24bab6', 'results': 1, 'page': 1, 'version': '1.4'}}</msg>
<arg>${json_data}</arg>
<doc>Logs the given message with the given level.</doc>
<status status="PASS" start="2024-04-16T13:15:29.271809" elapsed="0.000251"/>
</kw>
<kw name="Should Be Equal As Numbers" owner="BuiltIn">
<arg>${json_data['results'][0]['location']['postcode']}</arg>
<arg>${json_data['results'][0]['location']['postcode']}</arg>
<doc>Fails if objects are unequal after converting them to real numbers.</doc>
<status status="PASS" start="2024-04-16T13:15:29.272372" elapsed="0.000637"/>
</kw>
<kw name="Log" owner="BuiltIn">
<msg time="2024-04-16T13:15:29.273566" level="INFO">39336</msg>
<arg>${json_data['results'][0]['location']['postcode']}</arg>
<doc>Logs the given message with the given level.</doc>
<status status="PASS" start="2024-04-16T13:15:29.273216" elapsed="0.000390"/>
</kw>
<status status="PASS" start="2024-04-16T13:15:29.146449" elapsed="0.127518"/>
</kw>
<doc>Testa se os tipos de dados na resposta da API estão corretos.</doc>
<tag>testeTiposDados</tag>
<status status="PASS" start="2024-04-16T13:15:29.039885" elapsed="0.234266"/>
</test>
<test id="s1-s1-t5" name="Validar conteudo" line="35">
<kw name="Teste de Tipos de Conteudo" owner="random-user-service">
<kw name="GET On Session" owner="RequestsLibrary">
<msg time="2024-04-16T13:15:29.365902" level="INFO">GET Request : url=https://randomuser.me/api 
 path_url=/api 
 headers={'User-Agent': 'python-requests/2.31.0', 'Accept-Encoding': 'gzip, deflate', 'Accept': '*/*', 'Connection': 'keep-alive'} 
 body=None 
 </msg>
<msg time="2024-04-16T13:15:29.366004" level="INFO">GET Response : url=https://randomuser.me/api 
 status=200, reason=OK 
 headers={'Date': 'Tue, 16 Apr 2024 13:15:29 GMT', 'Content-Type': 'application/json; charset=utf-8', 'Transfer-Encoding': 'chunked', 'Connection': 'keep-alive', 'X-Powered-By': 'Express', 'Access-Control-Allow-Origin': '*', 'Cache-Control': 'no-cache', 'ETag': 'W/"48a-bBPzwrPxWkFwL0UH0dJ2PLSXGiY"', 'Vary': 'Accept-Encoding', 'Content-Encoding': 'gzip', 'CF-Cache-Status': 'DYNAMIC', 'Report-To': '{"endpoints":[{"url":"https:\\/\\/a.nel.cloudflare.com\\/report\\/v4?s=RTN%2FGBpcNxyFH3OGEfdnArqjiYibr4ZiinWNIvjOhQjom1WjfwtYIZ08IAaRXHZZHR69YkuAhF1DDor8BjXCG38kLGw0wvpkwDbzpgDR%2FMzQdNDfdRcVPDzrVi4PqJGO"}],"group":"cf-nel","max_age":604800}', 'NEL': '{"success_fraction":0,"report_to":"cf-nel","max_age":604800}', 'Server': 'cloudflare', 'CF-RAY': '875471c3fbface60-SJC', 'alt-svc': 'h3=":443"; ma=86400'} 
 body={"results":[{"gender":"male","name":{"title":"Mr","first":"Eugenio","last":"Arce"},"location":{"street":{"number":9517,"name":"Circuito Tabasco"},"city":"Bomintzha","state":"Tabasco","country":"Mexico","postcode":95905,"coordinates":{"latitude":"28.9461","longitude":"-14.4123"},"timezone":{"offset":"+6:00","description":"Almaty, Dhaka, Colombo"}},"email":"eugenio.arce@example.com","login":{"uuid":"40cf61df-2469-4de9-bb87-c25561714d50","username":"orangeladybug800","password":"popeye","salt":"iqAL26M8","md5":"56044bee47eefab46367c4c39269ce87","sha1":"4563c1785148251aa395fb1279daafe87c519f2c","sha256":"c45bcf910d732fcd25335798c12b8e5a67fe1fed7b42ad292c1d753303c8a5bc"},"dob":{"date":"1954-09-06T23:07:04.027Z","age":69},"registered":{"date":"2009-01-18T00:11:09.791Z","age":15},"phone":"(640) 402 8305","cell":"(624) 813 2025","id":{"name":"NSS","value":"71 15 48 4168 8"},"picture":{"large":"https://randomuser.me/api/portraits/men/37.jpg","medium":"https://randomuser.me/api/portraits/med/men/37.jpg","thumbnail":"https://randomuser.me/api/portraits/thumb/men/37.jpg"},"nat":"MX"}],"info":{"seed":"e5d7388697aca14a","results":1,"page":1,"version":"1.4"}} 
 </msg>
<msg time="2024-04-16T13:15:29.366078" level="INFO">/opt/hostedtoolcache/Python/3.12.2/x64/lib/python3.12/site-packages/urllib3/connectionpool.py:1103: InsecureRequestWarning: Unverified HTTPS request is being made to host 'randomuser.me'. Adding certificate verification is strongly advised. See: https://urllib3.readthedocs.io/en/latest/advanced-usage.html#tls-warnings
  warnings.warn(</msg>
<msg time="2024-04-16T13:15:29.366206" level="INFO">${response} = &lt;Response [200]&gt;</msg>
<var>${response}</var>
<arg>consultarAPI</arg>
<arg>/api</arg>
<doc>Sends a GET request on a previously created HTTP Session.</doc>
<status status="PASS" start="2024-04-16T13:15:29.276730" elapsed="0.089518"/>
</kw>
<kw name="Set Variable" owner="BuiltIn">
<msg time="2024-04-16T13:15:29.367541" level="INFO">${json_data} = {'results': [{'gender': 'male', 'name': {'title': 'Mr', 'first': 'Eugenio', 'last': 'Arce'}, 'location': {'street': {'number': 9517, 'name': 'Circuito Tabasco'}, 'city': 'Bomintzha', 'state': 'Tabasco...</msg>
<var>${json_data}</var>
<arg>${response.json()}</arg>
<doc>Returns the given values which can then be assigned to a variables.</doc>
<status status="PASS" start="2024-04-16T13:15:29.366920" elapsed="0.000650"/>
</kw>
<kw name="Set Variable" owner="BuiltIn">
<msg time="2024-04-16T13:15:29.368288" level="INFO">${name_title} = Mr</msg>
<var>${name_title}</var>
<arg>${json_data["results"][0]["name"]["title"]}</arg>
<doc>Returns the given values which can then be assigned to a variables.</doc>
<status status="PASS" start="2024-04-16T13:15:29.367897" elapsed="0.000417"/>
</kw>
<kw name="Create List" owner="BuiltIn">
<msg time="2024-04-16T13:15:29.368769" level="INFO">${allowed_titles} = ['Mr', 'Ms', 'Miss', 'Mrs', 'Madame', 'Monsieur']</msg>
<var>${allowed_titles}</var>
<arg>Mr</arg>
<arg>Ms</arg>
<arg>Miss</arg>
<arg>Mrs</arg>
<arg>Madame</arg>
<arg>Monsieur</arg>
<doc>Returns a list containing given items.</doc>
<status status="PASS" start="2024-04-16T13:15:29.368619" elapsed="0.000175"/>
</kw>
<kw name="List Should Contain Value" owner="Collections">
<msg time="2024-04-16T13:15:29.369275" level="INFO">False</msg>
<arg>${allowed_titles}</arg>
<arg>${name_title}</arg>
<doc>Fails if the ``value`` is not found from ``list``.</doc>
<status status="PASS" start="2024-04-16T13:15:29.369101" elapsed="0.000214"/>
</kw>
<kw name="Set Variable" owner="BuiltIn">
<msg time="2024-04-16T13:15:29.370039" level="INFO">${name_country} = MX</msg>
<var>${name_country}</var>
<arg>${json_data["results"][0]["nat"]}</arg>
<doc>Returns the given values which can then be assigned to a variables.</doc>
<status status="PASS" start="2024-04-16T13:15:29.369608" elapsed="0.000458"/>
</kw>
<kw name="Create List" owner="BuiltIn">
<msg time="2024-04-16T13:15:29.370979" level="INFO">${list_country} = ['AD', 'AE', 'AF', 'AG', 'AI', 'AL', 'AM', 'AO', 'AQ', 'AR', 'AS', 'AT', 'AU', 'AW', 'AX', 'AZ', 'BA', 'BB', 'BD', 'BE', 'BF', 'BG', 'BH', 'BI', 'BJ', 'BL', 'BM', 'BN', 'BO', 'BQ', 'BR', 'BS', 'BT', '...</msg>
<var>${list_country}</var>
<arg>AD</arg>
<arg>AE</arg>
<arg>AF</arg>
<arg>AG</arg>
<arg>AI</arg>
<arg>AL</arg>
<arg>AM</arg>
<arg>AO</arg>
<arg>AQ</arg>
<arg>AR</arg>
<arg>AS</arg>
<arg>AT</arg>
<arg>AU</arg>
<arg>AW</arg>
<arg>AX</arg>
<arg>AZ</arg>
<arg>BA</arg>
<arg>BB</arg>
<arg>BD</arg>
<arg>BE</arg>
<arg>BF</arg>
<arg>BG</arg>
<arg>BH</arg>
<arg>BI</arg>
<arg>BJ</arg>
<arg>BL</arg>
<arg>BM</arg>
<arg>BN</arg>
<arg>BO</arg>
<arg>BQ</arg>
<arg>BR</arg>
<arg>BS</arg>
<arg>BT</arg>
<arg>BV</arg>
<arg>BW</arg>
<arg>BY</arg>
<arg>BZ</arg>
<arg>CA</arg>
<arg>CC</arg>
<arg>CD</arg>
<arg>CF</arg>
<arg>CG</arg>
<arg>CH</arg>
<arg>CI</arg>
<arg>CK</arg>
<arg>CL</arg>
<arg>CM</arg>
<arg>CN</arg>
<arg>CO</arg>
<arg>CR</arg>
<arg>CU</arg>
<arg>CV</arg>
<arg>CW</arg>
<arg>CX</arg>
<arg>CY</arg>
<arg>CZ</arg>
<arg>DE</arg>
<arg>DJ</arg>
<arg>DK</arg>
<arg>DM</arg>
<arg>DO</arg>
<arg>DZ</arg>
<arg>EC</arg>
<arg>EE</arg>
<arg>EG</arg>
<arg>EH</arg>
<arg>ER</arg>
<arg>ES</arg>
<arg>ET</arg>
<arg>FI</arg>
<arg>FJ</arg>
<arg>FK</arg>
<arg>FM</arg>
<arg>FO</arg>
<arg>FR</arg>
<arg>GA</arg>
<arg>GB</arg>
<arg>GD</arg>
<arg>GE</arg>
<arg>GF</arg>
<arg>GG</arg>
<arg>GH</arg>
<arg>GI</arg>
<arg>GL</arg>
<arg>GM</arg>
<arg>GN</arg>
<arg>GP</arg>
<arg>GQ</arg>
<arg>GR</arg>
<arg>GS</arg>
<arg>GT</arg>
<arg>GU</arg>
<arg>GW</arg>
<arg>GY</arg>
<arg>HK</arg>
<arg>HM</arg>
<arg>HN</arg>
<arg>HR</arg>
<arg>HT</arg>
<arg>HU</arg>
<arg>ID</arg>
<arg>IE</arg>
<arg>IL</arg>
<arg>IM</arg>
<arg>IN</arg>
<arg>IO</arg>
<arg>IQ</arg>
<arg>IR</arg>
<arg>IS</arg>
<arg>IT</arg>
<arg>JE</arg>
<arg>JM</arg>
<arg>JO</arg>
<arg>JP</arg>
<arg>KE</arg>
<arg>KG</arg>
<arg>KH</arg>
<arg>KI</arg>
<arg>KM</arg>
<arg>KN</arg>
<arg>KP</arg>
<arg>KR</arg>
<arg>KW</arg>
<arg>KY</arg>
<arg>KZ</arg>
<arg>LA</arg>
<arg>LB</arg>
<arg>LC</arg>
<arg>LI</arg>
<arg>LK</arg>
<arg>LR</arg>
<arg>LS</arg>
<arg>LT</arg>
<arg>LU</arg>
<arg>LV</arg>
<arg>LY</arg>
<arg>MA</arg>
<arg>MC</arg>
<arg>MD</arg>
<arg>ME</arg>
<arg>MF</arg>
<arg>MG</arg>
<arg>MH</arg>
<arg>MK</arg>
<arg>ML</arg>
<arg>MM</arg>
<arg>MN</arg>
<arg>MO</arg>
<arg>MP</arg>
<arg>MQ</arg>
<arg>MR</arg>
<arg>MS</arg>
<arg>MT</arg>
<arg>MU</arg>
<arg>MV</arg>
<arg>MW</arg>
<arg>MX</arg>
<arg>MY</arg>
<arg>MZ</arg>
<arg>NA</arg>
<arg>NC</arg>
<arg>NE</arg>
<arg>NF</arg>
<arg>NG</arg>
<arg>NI</arg>
<arg>NL</arg>
<arg>NO</arg>
<arg>NP</arg>
<arg>NR</arg>
<arg>NU</arg>
<arg>NZ</arg>
<arg>OM</arg>
<arg>PA</arg>
<arg>PE</arg>
<arg>PF</arg>
<arg>PG</arg>
<arg>PH</arg>
<arg>PK</arg>
<arg>PL</arg>
<arg>PM</arg>
<arg>PN</arg>
<arg>PR</arg>
<arg>PS</arg>
<arg>PT</arg>
<arg>PW</arg>
<arg>PY</arg>
<arg>QA</arg>
<arg>RE</arg>
<arg>RO</arg>
<arg>RS</arg>
<arg>RU</arg>
<arg>RW</arg>
<arg>SA</arg>
<arg>SB</arg>
<arg>SC</arg>
<arg>SD</arg>
<arg>SE</arg>
<arg>SG</arg>
<arg>SH</arg>
<arg>SI</arg>
<arg>SJ</arg>
<arg>SK</arg>
<arg>SL</arg>
<arg>SM</arg>
<arg>SN</arg>
<arg>SO</arg>
<arg>SR</arg>
<arg>SS</arg>
<arg>ST</arg>
<arg>SV</arg>
<arg>SX</arg>
<arg>SY</arg>
<arg>SZ</arg>
<arg>TC</arg>
<arg>TD</arg>
<arg>TF</arg>
<arg>TG</arg>
<arg>TH</arg>
<arg>TJ</arg>
<arg>TK</arg>
<arg>TL</arg>
<arg>TM</arg>
<arg>TN</arg>
<arg>TO</arg>
<arg>TR</arg>
<arg>TT</arg>
<arg>TV</arg>
<arg>TW</arg>
<arg>TZ</arg>
<arg>UA</arg>
<arg>UG</arg>
<arg>UM</arg>
<arg>US</arg>
<arg>UY</arg>
<arg>UZ</arg>
<arg>VA</arg>
<arg>VC</arg>
<arg>VE</arg>
<arg>VG</arg>
<arg>VI</arg>
<arg>VN</arg>
<arg>VU</arg>
<arg>WF</arg>
<arg>WS</arg>
<arg>XK</arg>
<arg>YE</arg>
<arg>YT</arg>
<arg>ZA</arg>
<arg>ZM</arg>
<arg>ZW</arg>
<doc>Returns a list containing given items.</doc>
<status status="PASS" start="2024-04-16T13:15:29.370375" elapsed="0.000630"/>
</kw>
<kw name="List Should Contain Value" owner="Collections">
<msg time="2024-04-16T13:15:29.371995" level="INFO">False</msg>
<arg>${list_country}</arg>
<arg>${name_country}</arg>
<doc>Fails if the ``value`` is not found from ``list``.</doc>
<status status="PASS" start="2024-04-16T13:15:29.371791" elapsed="0.000243"/>
</kw>
<kw name="Run Keyword If" owner="BuiltIn">
<kw name="Should Be True" owner="BuiltIn">
<arg>${True}</arg>
<doc>Fails if the given condition is not true.</doc>
<status status="PASS" start="2024-04-16T13:15:29.373280" elapsed="0.000149"/>
</kw>
<arg>${json_data["results"][0]["location"]["coordinates"]["latitude"]} &gt;= -90 and ${json_data["results"][0]["location"]["coordinates"]["latitude"]} &lt;= 90</arg>
<arg>Should Be True</arg>
<arg>${True}</arg>
<doc>Runs the given keyword with the given arguments, if ``condition`` is true.</doc>
<status status="PASS" start="2024-04-16T13:15:29.372355" elapsed="0.001206"/>
</kw>
<kw name="Run Keyword If" owner="BuiltIn">
<kw name="Should Be True" owner="BuiltIn">
<arg>${True}</arg>
<doc>Fails if the given condition is not true.</doc>
<status status="PASS" start="2024-04-16T13:15:29.374494" elapsed="0.000141"/>
</kw>
<arg>${json_data["results"][0]["location"]["coordinates"]["longitude"]} &gt;= -180 and ${json_data["results"][0]["location"]["coordinates"]["longitude"]} &lt;= 180</arg>
<arg>Should Be True</arg>
<arg>${True}</arg>
<doc>Runs the given keyword with the given arguments, if ``condition`` is true.</doc>
<status status="PASS" start="2024-04-16T13:15:29.373780" elapsed="0.000983"/>
</kw>
<status status="PASS" start="2024-04-16T13:15:29.276491" elapsed="0.098413"/>
</kw>
<doc>Testa o conteúdo específico dos campos retornados pela API.</doc>
<tag>testeConteudo</tag>
<status status="PASS" start="2024-04-16T13:15:29.275933" elapsed="0.099136"/>
</test>
<status status="PASS" start="2024-04-16T13:15:28.463624" elapsed="0.913450"/>
</suite>
<status status="PASS" start="2024-04-16T13:15:28.449569" elapsed="0.933007"/>
</suite>
<statistics>
<total>
<stat pass="5" fail="0" skip="0">All Tests</stat>
</total>
<tag>
<stat pass="1" fail="0" skip="0">testeConteudo</stat>
<stat pass="1" fail="0" skip="0">testeEstruturaResposta</stat>
<stat pass="1" fail="0" skip="0">testeRequisicaoBasica</stat>
<stat pass="1" fail="0" skip="0">testeTiposDados</stat>
</tag>
<suite>
<stat pass="5" fail="0" skip="0" id="s1" name="Tests">Tests</stat>
<stat pass="5" fail="0" skip="0" id="s1-s1" name="Random-User-Test">Tests.Random-User-Test</stat>
</suite>
</statistics>
<errors>
</errors>
</robot>
