<?xml version="1.0" encoding="UTF-8"?>
<robot generator="Robot 7.0 (Python 3.12.2 on linux)" generated="2024-04-05T05:13:12.297081" rpa="false" schemaversion="5">
<suite id="s1" name="Tests" source="/home/runner/work/DesafioQAItauRogerioJordao/DesafioQAItauRogerioJordao/RamdonUser/tests">
<suite id="s1-s1" name="Random-User-Test" source="/home/runner/work/DesafioQAItauRogerioJordao/DesafioQAItauRogerioJordao/RamdonUser/tests/random-user-test.robot">
<test id="s1-s1-t1" name="Conectar" line="13">
<kw name="Conectar API" owner="random-user-service">
<kw name="Create Session" owner="RequestsLibrary">
<msg time="2024-04-05T05:13:12.679299" level="INFO">Creating Session using : alias=consultarAPI, url=https://randomuser.me/, headers={},                     cookies={}, auth=None, timeout=None, proxies=None, verify=False,                     debug=0 </msg>
<arg>consultarAPI</arg>
<arg>${URL}</arg>
<doc>Create Session: create a HTTP session to a server</doc>
<status status="PASS" start="2024-04-05T05:13:12.679080" elapsed="0.000414"/>
</kw>
<status status="PASS" start="2024-04-05T05:13:12.677985" elapsed="0.001906"/>
</kw>
<status status="PASS" start="2024-04-05T05:13:12.677333" elapsed="0.002763"/>
</test>
<test id="s1-s1-t2" name="Validar retorno 200 e JSON Válido" line="16">
<kw name="Teste de Requisicao Basica" owner="random-user-service">
<kw name="GET On Session" owner="RequestsLibrary">
<msg time="2024-04-05T05:13:12.865939" level="INFO">GET Request : url=https://randomuser.me/api 
 path_url=/api 
 headers={'User-Agent': 'python-requests/2.31.0', 'Accept-Encoding': 'gzip, deflate', 'Accept': '*/*', 'Connection': 'keep-alive'} 
 body=None 
 </msg>
<msg time="2024-04-05T05:13:12.866087" level="INFO">GET Response : url=https://randomuser.me/api 
 status=200, reason=OK 
 headers={'Date': 'Fri, 05 Apr 2024 05:13:12 GMT', 'Content-Type': 'application/json; charset=utf-8', 'Transfer-Encoding': 'chunked', 'Connection': 'keep-alive', 'X-Powered-By': 'Express', 'Access-Control-Allow-Origin': '*', 'Cache-Control': 'no-cache', 'ETag': 'W/"481-j1/wGuJafjjHx1jxfVDIMGI5X+0"', 'Vary': 'Accept-Encoding', 'Content-Encoding': 'gzip', 'CF-Cache-Status': 'DYNAMIC', 'Report-To': '{"endpoints":[{"url":"https:\\/\\/a.nel.cloudflare.com\\/report\\/v4?s=WOnS44qFydEN9QHNUFduanly%2FDAFcHvNyXSl25DWmjOR6RwHygZvxk7HnrobS%2FcPu%2FIM2e1LMZqmWjXufm3yXquH0yhXsNCvp2YTZMeNh9U%2FPiCHkpBY0zRPI0Wv5O%2FP"}],"group":"cf-nel","max_age":604800}', 'NEL': '{"success_fraction":0,"report_to":"cf-nel","max_age":604800}', 'Server': 'cloudflare', 'CF-RAY': '86f70c2f2d112a30-ORD', 'alt-svc': 'h3=":443"; ma=86400'} 
 body={"results":[{"gender":"male","name":{"title":"Mr","first":"Ernesto","last":"Caballero"},"location":{"street":{"number":8684,"name":"Calle de Toledo"},"city":"Ferrol","state":"Ceuta","country":"Spain","postcode":99166,"coordinates":{"latitude":"-32.0289","longitude":"-104.1192"},"timezone":{"offset":"-12:00","description":"Eniwetok, Kwajalein"}},"email":"ernesto.caballero@example.com","login":{"uuid":"510da47f-8398-4d35-88fd-9d125e86e860","username":"yellowsnake606","password":"limited","salt":"FnMI1pvV","md5":"eda1b2a236c73d985410b7250d7fe3ef","sha1":"f2ef66c5773fd5baa220a34144d734d08f021ae1","sha256":"040b405562caa1061fedba1fc22f783008f8c5aca95481fc2cd500426844052d"},"dob":{"date":"1993-07-17T06:47:02.427Z","age":30},"registered":{"date":"2003-08-06T12:19:34.029Z","age":20},"phone":"939-548-540","cell":"615-541-835","id":{"name":"DNI","value":"25773784-I"},"picture":{"large":"https://randomuser.me/api/portraits/men/13.jpg","medium":"https://randomuser.me/api/portraits/med/men/13.jpg","thumbnail":"https://randomuser.me/api/portraits/thumb/men/13.jpg"},"nat":"ES"}],"info":{"seed":"a83c69148bed800e","results":1,"page":1,"version":"1.4"}} 
 </msg>
<msg time="2024-04-05T05:13:12.866195" level="INFO">/opt/hostedtoolcache/Python/3.12.2/x64/lib/python3.12/site-packages/urllib3/connectionpool.py:1103: InsecureRequestWarning: Unverified HTTPS request is being made to host 'randomuser.me'. Adding certificate verification is strongly advised. See: https://urllib3.readthedocs.io/en/latest/advanced-usage.html#tls-warnings
  warnings.warn(</msg>
<msg time="2024-04-05T05:13:12.866363" level="INFO">${response} = &lt;Response [200]&gt;</msg>
<var>${response}</var>
<arg>consultarAPI</arg>
<arg>/api</arg>
<doc>Sends a GET request on a previously created HTTP Session.</doc>
<status status="PASS" start="2024-04-05T05:13:12.682854" elapsed="0.183549"/>
</kw>
<kw name="Should Be Equal As Numbers" owner="BuiltIn">
<msg time="2024-04-05T05:13:12.867456" level="INFO">Argument types are:
&lt;class 'int'&gt;
&lt;class 'str'&gt;</msg>
<arg>${response.status_code}</arg>
<arg>200</arg>
<doc>Fails if objects are unequal after converting them to real numbers.</doc>
<status status="PASS" start="2024-04-05T05:13:12.866982" elapsed="0.000544"/>
</kw>
<kw name="Log" owner="BuiltIn">
<msg time="2024-04-05T05:13:12.868218" level="INFO">200</msg>
<arg>${response.status_code}</arg>
<doc>Logs the given message with the given level.</doc>
<status status="PASS" start="2024-04-05T05:13:12.867862" elapsed="0.000399"/>
</kw>
<kw name="Set Variable" owner="BuiltIn">
<msg time="2024-04-05T05:13:12.869074" level="INFO">${json_data} = {'results': [{'gender': 'male', 'name': {'title': 'Mr', 'first': 'Ernesto', 'last': 'Caballero'}, 'location': {'street': {'number': 8684, 'name': 'Calle de Toledo'}, 'city': 'Ferrol', 'state': 'Ceuta'...</msg>
<var>${json_data}</var>
<arg>${response.json()}</arg>
<doc>Returns the given values which can then be assigned to a variables.</doc>
<status status="PASS" start="2024-04-05T05:13:12.868575" elapsed="0.000527"/>
</kw>
<kw name="Dictionary Should Contain Key" owner="Collections">
<msg time="2024-04-05T05:13:12.869588" level="INFO">False</msg>
<arg>${json_data}</arg>
<arg>results</arg>
<doc>Fails if ``key`` is not found from ``dictionary``.</doc>
<status status="PASS" start="2024-04-05T05:13:12.869410" elapsed="0.000218"/>
</kw>
<status status="PASS" start="2024-04-05T05:13:12.682585" elapsed="0.187302"/>
</kw>
<doc>Testa se a API responde corretamente e retorna um objeto JSON válido.</doc>
<tag>testeRequisicaoBasica</tag>
<status status="PASS" start="2024-04-05T05:13:12.682012" elapsed="0.188066"/>
</test>
<test id="s1-s1-t3" name="Validar estrutura de resposta" line="22">
<kw name="Teste de Estrutura de Resposta" owner="random-user-service">
<kw name="GET On Session" owner="RequestsLibrary">
<msg time="2024-04-05T05:13:12.973821" level="INFO">GET Request : url=https://randomuser.me/api 
 path_url=/api 
 headers={'User-Agent': 'python-requests/2.31.0', 'Accept-Encoding': 'gzip, deflate', 'Accept': '*/*', 'Connection': 'keep-alive'} 
 body=None 
 </msg>
<msg time="2024-04-05T05:13:12.973938" level="INFO">GET Response : url=https://randomuser.me/api 
 status=200, reason=OK 
 headers={'Date': 'Fri, 05 Apr 2024 05:13:12 GMT', 'Content-Type': 'application/json; charset=utf-8', 'Transfer-Encoding': 'chunked', 'Connection': 'keep-alive', 'X-Powered-By': 'Express', 'Access-Control-Allow-Origin': '*', 'Cache-Control': 'no-cache', 'ETag': 'W/"499-fEHo+N7Ogzlxq8cuvjRRAfeBSuo"', 'Vary': 'Accept-Encoding', 'Content-Encoding': 'gzip', 'CF-Cache-Status': 'DYNAMIC', 'Report-To': '{"endpoints":[{"url":"https:\\/\\/a.nel.cloudflare.com\\/report\\/v4?s=Hm2lTtTT6tl%2FVPhk2aR%2BEl%2Fur5XXdfZdWdmZ84mU5yeVRJC5IqPnaMsvb6LXcaVFLx6mipMEUw2n%2FT4oK49nJC1WdcBFhCI24ucrBl9%2FoSvGZkxF%2F1AKAjOJpVBvhR45"}],"group":"cf-nel","max_age":604800}', 'NEL': '{"success_fraction":0,"report_to":"cf-nel","max_age":604800}', 'Server': 'cloudflare', 'CF-RAY': '86f70c2f7d4b2a30-ORD', 'alt-svc': 'h3=":443"; ma=86400'} 
 body={"results":[{"gender":"female","name":{"title":"Mrs","first":"Wieteke","last":"Bon"},"location":{"street":{"number":950,"name":"Benvenutolaan"},"city":"Idzega","state":"Utrecht","country":"Netherlands","postcode":"5545 AB","coordinates":{"latitude":"34.1763","longitude":"110.7687"},"timezone":{"offset":"+10:00","description":"Eastern Australia, Guam, Vladivostok"}},"email":"wieteke.bon@example.com","login":{"uuid":"f16f126c-d1e6-486e-8ea0-158219ab910a","username":"angrybutterfly394","password":"nnnnnnnn","salt":"f4yHx6b3","md5":"2473ccfa937e94a48e85cd990ad6bc53","sha1":"2d4f31b16a3271720d899bf518be6667c6e5309a","sha256":"f4887a8eab7e2b7334721918cafa3370864f42fb4e8280b4e57c5c6415184f72"},"dob":{"date":"1975-06-17T00:00:15.058Z","age":48},"registered":{"date":"2004-10-11T08:21:05.168Z","age":19},"phone":"(0460) 256490","cell":"(06) 75043234","id":{"name":"BSN","value":"52818157"},"picture":{"large":"https://randomuser.me/api/portraits/women/7.jpg","medium":"https://randomuser.me/api/portraits/med/women/7.jpg","thumbnail":"https://randomuser.me/api/portraits/thumb/women/7.jpg"},"nat":"NL"}],"info":{"seed":"b53f9ce3ccd8a26e","results":1,"page":1,"version":"1.4"}} 
 </msg>
<msg time="2024-04-05T05:13:12.974093" level="INFO">/opt/hostedtoolcache/Python/3.12.2/x64/lib/python3.12/site-packages/urllib3/connectionpool.py:1103: InsecureRequestWarning: Unverified HTTPS request is being made to host 'randomuser.me'. Adding certificate verification is strongly advised. See: https://urllib3.readthedocs.io/en/latest/advanced-usage.html#tls-warnings
  warnings.warn(</msg>
<msg time="2024-04-05T05:13:12.974247" level="INFO">${response} = &lt;Response [200]&gt;</msg>
<var>${response}</var>
<arg>consultarAPI</arg>
<arg>/api</arg>
<doc>Sends a GET request on a previously created HTTP Session.</doc>
<status status="PASS" start="2024-04-05T05:13:12.872876" elapsed="0.101402"/>
</kw>
<kw name="Set Variable" owner="BuiltIn">
<msg time="2024-04-05T05:13:12.975286" level="INFO">${json_data} = {'results': [{'gender': 'female', 'name': {'title': 'Mrs', 'first': 'Wieteke', 'last': 'Bon'}, 'location': {'street': {'number': 950, 'name': 'Benvenutolaan'}, 'city': 'Idzega', 'state': 'Utrecht', 'c...</msg>
<var>${json_data}</var>
<arg>${response.json()}</arg>
<doc>Returns the given values which can then be assigned to a variables.</doc>
<status status="PASS" start="2024-04-05T05:13:12.974779" elapsed="0.000535"/>
</kw>
<kw name="Log" owner="BuiltIn">
<msg time="2024-04-05T05:13:12.975827" level="INFO">{'results': [{'gender': 'female', 'name': {'title': 'Mrs', 'first': 'Wieteke', 'last': 'Bon'}, 'location': {'street': {'number': 950, 'name': 'Benvenutolaan'}, 'city': 'Idzega', 'state': 'Utrecht', 'country': 'Netherlands', 'postcode': '5545 AB', 'coordinates': {'latitude': '34.1763', 'longitude': '110.7687'}, 'timezone': {'offset': '+10:00', 'description': 'Eastern Australia, Guam, Vladivostok'}}, 'email': 'wieteke.bon@example.com', 'login': {'uuid': 'f16f126c-d1e6-486e-8ea0-158219ab910a', 'username': 'angrybutterfly394', 'password': 'nnnnnnnn', 'salt': 'f4yHx6b3', 'md5': '2473ccfa937e94a48e85cd990ad6bc53', 'sha1': '2d4f31b16a3271720d899bf518be6667c6e5309a', 'sha256': 'f4887a8eab7e2b7334721918cafa3370864f42fb4e8280b4e57c5c6415184f72'}, 'dob': {'date': '1975-06-17T00:00:15.058Z', 'age': 48}, 'registered': {'date': '2004-10-11T08:21:05.168Z', 'age': 19}, 'phone': '(0460) 256490', 'cell': '(06) 75043234', 'id': {'name': 'BSN', 'value': '52818157'}, 'picture': {'large': 'https://randomuser.me/api/portraits/women/7.jpg', 'medium': 'https://randomuser.me/api/portraits/med/women/7.jpg', 'thumbnail': 'https://randomuser.me/api/portraits/thumb/women/7.jpg'}, 'nat': 'NL'}], 'info': {'seed': 'b53f9ce3ccd8a26e', 'results': 1, 'page': 1, 'version': '1.4'}}</msg>
<arg>${json_data}</arg>
<doc>Logs the given message with the given level.</doc>
<status status="PASS" start="2024-04-05T05:13:12.975638" elapsed="0.000238"/>
</kw>
<kw name="Dictionary Should Contain Key" owner="Collections">
<msg time="2024-04-05T05:13:12.976349" level="INFO">False</msg>
<arg>${json_data}</arg>
<arg>results</arg>
<doc>Fails if ``key`` is not found from ``dictionary``.</doc>
<status status="PASS" start="2024-04-05T05:13:12.976179" elapsed="0.000208"/>
</kw>
<kw name="Should Not Be Empty" owner="BuiltIn">
<msg time="2024-04-05T05:13:12.976884" level="INFO">Length is 2.</msg>
<arg>${json_data}</arg>
<doc>Verifies that the given item is not empty.</doc>
<status status="PASS" start="2024-04-05T05:13:12.976697" elapsed="0.000230"/>
</kw>
<kw name="Create List" owner="BuiltIn">
<msg time="2024-04-05T05:13:12.977391" level="INFO">${expected_keys} = ['gender', 'name', 'location', 'email', 'login']</msg>
<var>${expected_keys}</var>
<arg>gender</arg>
<arg>name</arg>
<arg>location</arg>
<arg>email</arg>
<arg>login</arg>
<doc>Returns a list containing given items.</doc>
<status status="PASS" start="2024-04-05T05:13:12.977227" elapsed="0.000189"/>
</kw>
<for flavor="IN">
<iter>
<kw name="Dictionary Should Contain Key" owner="Collections">
<msg time="2024-04-05T05:13:12.978443" level="INFO">False</msg>
<arg>${json_data['results'][0]}</arg>
<arg>${key}</arg>
<doc>Fails if ``key`` is not found from ``dictionary``.</doc>
<status status="PASS" start="2024-04-05T05:13:12.978017" elapsed="0.000466"/>
</kw>
<kw name="Log" owner="BuiltIn">
<msg time="2024-04-05T05:13:12.979161" level="INFO">{'gender': 'female', 'name': {'title': 'Mrs', 'first': 'Wieteke', 'last': 'Bon'}, 'location': {'street': {'number': 950, 'name': 'Benvenutolaan'}, 'city': 'Idzega', 'state': 'Utrecht', 'country': 'Netherlands', 'postcode': '5545 AB', 'coordinates': {'latitude': '34.1763', 'longitude': '110.7687'}, 'timezone': {'offset': '+10:00', 'description': 'Eastern Australia, Guam, Vladivostok'}}, 'email': 'wieteke.bon@example.com', 'login': {'uuid': 'f16f126c-d1e6-486e-8ea0-158219ab910a', 'username': 'angrybutterfly394', 'password': 'nnnnnnnn', 'salt': 'f4yHx6b3', 'md5': '2473ccfa937e94a48e85cd990ad6bc53', 'sha1': '2d4f31b16a3271720d899bf518be6667c6e5309a', 'sha256': 'f4887a8eab7e2b7334721918cafa3370864f42fb4e8280b4e57c5c6415184f72'}, 'dob': {'date': '1975-06-17T00:00:15.058Z', 'age': 48}, 'registered': {'date': '2004-10-11T08:21:05.168Z', 'age': 19}, 'phone': '(0460) 256490', 'cell': '(06) 75043234', 'id': {'name': 'BSN', 'value': '52818157'}, 'picture': {'large': 'https://randomuser.me/api/portraits/women/7.jpg', 'medium': 'https://randomuser.me/api/portraits/med/women/7.jpg', 'thumbnail': 'https://randomuser.me/api/portraits/thumb/women/7.jpg'}, 'nat': 'NL'}</msg>
<arg>${json_data['results'][0]}</arg>
<doc>Logs the given message with the given level.</doc>
<status status="PASS" start="2024-04-05T05:13:12.978792" elapsed="0.000423"/>
</kw>
<kw name="Log" owner="BuiltIn">
<msg time="2024-04-05T05:13:12.979650" level="INFO">gender</msg>
<arg>${key}</arg>
<doc>Logs the given message with the given level.</doc>
<status status="PASS" start="2024-04-05T05:13:12.979519" elapsed="0.000170"/>
</kw>
<var name="${key}">gender</var>
<status status="PASS" start="2024-04-05T05:13:12.977889" elapsed="0.002020"/>
</iter>
<iter>
<kw name="Dictionary Should Contain Key" owner="Collections">
<msg time="2024-04-05T05:13:12.980608" level="INFO">False</msg>
<arg>${json_data['results'][0]}</arg>
<arg>${key}</arg>
<doc>Fails if ``key`` is not found from ``dictionary``.</doc>
<status status="PASS" start="2024-04-05T05:13:12.980224" elapsed="0.000422"/>
</kw>
<kw name="Log" owner="BuiltIn">
<msg time="2024-04-05T05:13:12.981393" level="INFO">{'gender': 'female', 'name': {'title': 'Mrs', 'first': 'Wieteke', 'last': 'Bon'}, 'location': {'street': {'number': 950, 'name': 'Benvenutolaan'}, 'city': 'Idzega', 'state': 'Utrecht', 'country': 'Netherlands', 'postcode': '5545 AB', 'coordinates': {'latitude': '34.1763', 'longitude': '110.7687'}, 'timezone': {'offset': '+10:00', 'description': 'Eastern Australia, Guam, Vladivostok'}}, 'email': 'wieteke.bon@example.com', 'login': {'uuid': 'f16f126c-d1e6-486e-8ea0-158219ab910a', 'username': 'angrybutterfly394', 'password': 'nnnnnnnn', 'salt': 'f4yHx6b3', 'md5': '2473ccfa937e94a48e85cd990ad6bc53', 'sha1': '2d4f31b16a3271720d899bf518be6667c6e5309a', 'sha256': 'f4887a8eab7e2b7334721918cafa3370864f42fb4e8280b4e57c5c6415184f72'}, 'dob': {'date': '1975-06-17T00:00:15.058Z', 'age': 48}, 'registered': {'date': '2004-10-11T08:21:05.168Z', 'age': 19}, 'phone': '(0460) 256490', 'cell': '(06) 75043234', 'id': {'name': 'BSN', 'value': '52818157'}, 'picture': {'large': 'https://randomuser.me/api/portraits/women/7.jpg', 'medium': 'https://randomuser.me/api/portraits/med/women/7.jpg', 'thumbnail': 'https://randomuser.me/api/portraits/thumb/women/7.jpg'}, 'nat': 'NL'}</msg>
<arg>${json_data['results'][0]}</arg>
<doc>Logs the given message with the given level.</doc>
<status status="PASS" start="2024-04-05T05:13:12.981028" elapsed="0.000413"/>
</kw>
<kw name="Log" owner="BuiltIn">
<msg time="2024-04-05T05:13:12.981870" level="INFO">name</msg>
<arg>${key}</arg>
<doc>Logs the given message with the given level.</doc>
<status status="PASS" start="2024-04-05T05:13:12.981741" elapsed="0.000167"/>
</kw>
<var name="${key}">name</var>
<status status="PASS" start="2024-04-05T05:13:12.980107" elapsed="0.002021"/>
</iter>
<iter>
<kw name="Dictionary Should Contain Key" owner="Collections">
<msg time="2024-04-05T05:13:12.982800" level="INFO">False</msg>
<arg>${json_data['results'][0]}</arg>
<arg>${key}</arg>
<doc>Fails if ``key`` is not found from ``dictionary``.</doc>
<status status="PASS" start="2024-04-05T05:13:12.982425" elapsed="0.000413"/>
</kw>
<kw name="Log" owner="BuiltIn">
<msg time="2024-04-05T05:13:12.983497" level="INFO">{'gender': 'female', 'name': {'title': 'Mrs', 'first': 'Wieteke', 'last': 'Bon'}, 'location': {'street': {'number': 950, 'name': 'Benvenutolaan'}, 'city': 'Idzega', 'state': 'Utrecht', 'country': 'Netherlands', 'postcode': '5545 AB', 'coordinates': {'latitude': '34.1763', 'longitude': '110.7687'}, 'timezone': {'offset': '+10:00', 'description': 'Eastern Australia, Guam, Vladivostok'}}, 'email': 'wieteke.bon@example.com', 'login': {'uuid': 'f16f126c-d1e6-486e-8ea0-158219ab910a', 'username': 'angrybutterfly394', 'password': 'nnnnnnnn', 'salt': 'f4yHx6b3', 'md5': '2473ccfa937e94a48e85cd990ad6bc53', 'sha1': '2d4f31b16a3271720d899bf518be6667c6e5309a', 'sha256': 'f4887a8eab7e2b7334721918cafa3370864f42fb4e8280b4e57c5c6415184f72'}, 'dob': {'date': '1975-06-17T00:00:15.058Z', 'age': 48}, 'registered': {'date': '2004-10-11T08:21:05.168Z', 'age': 19}, 'phone': '(0460) 256490', 'cell': '(06) 75043234', 'id': {'name': 'BSN', 'value': '52818157'}, 'picture': {'large': 'https://randomuser.me/api/portraits/women/7.jpg', 'medium': 'https://randomuser.me/api/portraits/med/women/7.jpg', 'thumbnail': 'https://randomuser.me/api/portraits/thumb/women/7.jpg'}, 'nat': 'NL'}</msg>
<arg>${json_data['results'][0]}</arg>
<doc>Logs the given message with the given level.</doc>
<status status="PASS" start="2024-04-05T05:13:12.983138" elapsed="0.000410"/>
</kw>
<kw name="Log" owner="BuiltIn">
<msg time="2024-04-05T05:13:12.983973" level="INFO">location</msg>
<arg>${key}</arg>
<doc>Logs the given message with the given level.</doc>
<status status="PASS" start="2024-04-05T05:13:12.983846" elapsed="0.000165"/>
</kw>
<var name="${key}">location</var>
<status status="PASS" start="2024-04-05T05:13:12.982311" elapsed="0.001924"/>
</iter>
<iter>
<kw name="Dictionary Should Contain Key" owner="Collections">
<msg time="2024-04-05T05:13:12.984947" level="INFO">False</msg>
<arg>${json_data['results'][0]}</arg>
<arg>${key}</arg>
<doc>Fails if ``key`` is not found from ``dictionary``.</doc>
<status status="PASS" start="2024-04-05T05:13:12.984520" elapsed="0.000467"/>
</kw>
<kw name="Log" owner="BuiltIn">
<msg time="2024-04-05T05:13:12.985647" level="INFO">{'gender': 'female', 'name': {'title': 'Mrs', 'first': 'Wieteke', 'last': 'Bon'}, 'location': {'street': {'number': 950, 'name': 'Benvenutolaan'}, 'city': 'Idzega', 'state': 'Utrecht', 'country': 'Netherlands', 'postcode': '5545 AB', 'coordinates': {'latitude': '34.1763', 'longitude': '110.7687'}, 'timezone': {'offset': '+10:00', 'description': 'Eastern Australia, Guam, Vladivostok'}}, 'email': 'wieteke.bon@example.com', 'login': {'uuid': 'f16f126c-d1e6-486e-8ea0-158219ab910a', 'username': 'angrybutterfly394', 'password': 'nnnnnnnn', 'salt': 'f4yHx6b3', 'md5': '2473ccfa937e94a48e85cd990ad6bc53', 'sha1': '2d4f31b16a3271720d899bf518be6667c6e5309a', 'sha256': 'f4887a8eab7e2b7334721918cafa3370864f42fb4e8280b4e57c5c6415184f72'}, 'dob': {'date': '1975-06-17T00:00:15.058Z', 'age': 48}, 'registered': {'date': '2004-10-11T08:21:05.168Z', 'age': 19}, 'phone': '(0460) 256490', 'cell': '(06) 75043234', 'id': {'name': 'BSN', 'value': '52818157'}, 'picture': {'large': 'https://randomuser.me/api/portraits/women/7.jpg', 'medium': 'https://randomuser.me/api/portraits/med/women/7.jpg', 'thumbnail': 'https://randomuser.me/api/portraits/thumb/women/7.jpg'}, 'nat': 'NL'}</msg>
<arg>${json_data['results'][0]}</arg>
<doc>Logs the given message with the given level.</doc>
<status status="PASS" start="2024-04-05T05:13:12.985293" elapsed="0.000402"/>
</kw>
<kw name="Log" owner="BuiltIn">
<msg time="2024-04-05T05:13:12.986112" level="INFO">email</msg>
<arg>${key}</arg>
<doc>Logs the given message with the given level.</doc>
<status status="PASS" start="2024-04-05T05:13:12.985986" elapsed="0.000163"/>
</kw>
<var name="${key}">email</var>
<status status="PASS" start="2024-04-05T05:13:12.984410" elapsed="0.001955"/>
</iter>
<iter>
<kw name="Dictionary Should Contain Key" owner="Collections">
<msg time="2024-04-05T05:13:12.987044" level="INFO">False</msg>
<arg>${json_data['results'][0]}</arg>
<arg>${key}</arg>
<doc>Fails if ``key`` is not found from ``dictionary``.</doc>
<status status="PASS" start="2024-04-05T05:13:12.986657" elapsed="0.000425"/>
</kw>
<kw name="Log" owner="BuiltIn">
<msg time="2024-04-05T05:13:12.987731" level="INFO">{'gender': 'female', 'name': {'title': 'Mrs', 'first': 'Wieteke', 'last': 'Bon'}, 'location': {'street': {'number': 950, 'name': 'Benvenutolaan'}, 'city': 'Idzega', 'state': 'Utrecht', 'country': 'Netherlands', 'postcode': '5545 AB', 'coordinates': {'latitude': '34.1763', 'longitude': '110.7687'}, 'timezone': {'offset': '+10:00', 'description': 'Eastern Australia, Guam, Vladivostok'}}, 'email': 'wieteke.bon@example.com', 'login': {'uuid': 'f16f126c-d1e6-486e-8ea0-158219ab910a', 'username': 'angrybutterfly394', 'password': 'nnnnnnnn', 'salt': 'f4yHx6b3', 'md5': '2473ccfa937e94a48e85cd990ad6bc53', 'sha1': '2d4f31b16a3271720d899bf518be6667c6e5309a', 'sha256': 'f4887a8eab7e2b7334721918cafa3370864f42fb4e8280b4e57c5c6415184f72'}, 'dob': {'date': '1975-06-17T00:00:15.058Z', 'age': 48}, 'registered': {'date': '2004-10-11T08:21:05.168Z', 'age': 19}, 'phone': '(0460) 256490', 'cell': '(06) 75043234', 'id': {'name': 'BSN', 'value': '52818157'}, 'picture': {'large': 'https://randomuser.me/api/portraits/women/7.jpg', 'medium': 'https://randomuser.me/api/portraits/med/women/7.jpg', 'thumbnail': 'https://randomuser.me/api/portraits/thumb/women/7.jpg'}, 'nat': 'NL'}</msg>
<arg>${json_data['results'][0]}</arg>
<doc>Logs the given message with the given level.</doc>
<status status="PASS" start="2024-04-05T05:13:12.987375" elapsed="0.000403"/>
</kw>
<kw name="Log" owner="BuiltIn">
<msg time="2024-04-05T05:13:12.988309" level="INFO">login</msg>
<arg>${key}</arg>
<doc>Logs the given message with the given level.</doc>
<status status="PASS" start="2024-04-05T05:13:12.988128" elapsed="0.000420"/>
</kw>
<var name="${key}">login</var>
<status status="PASS" start="2024-04-05T05:13:12.986540" elapsed="0.002386"/>
</iter>
<var>${key}</var>
<value>@{expected_keys}</value>
<status status="PASS" start="2024-04-05T05:13:12.977688" elapsed="0.011418"/>
</for>
<kw name="Create List" owner="BuiltIn">
<msg time="2024-04-05T05:13:12.989596" level="INFO">${expected_keysTwo} = ['username', 'password']</msg>
<var>${expected_keysTwo}</var>
<arg>username</arg>
<arg>password</arg>
<doc>Returns a list containing given items.</doc>
<status status="PASS" start="2024-04-05T05:13:12.989407" elapsed="0.000217"/>
</kw>
<for flavor="IN">
<iter>
<kw name="Dictionary Should Contain Key" owner="Collections">
<msg time="2024-04-05T05:13:12.990542" level="INFO">False</msg>
<arg>${json_data['results'][0]['login']}</arg>
<arg>${keyTwo}</arg>
<doc>Fails if ``key`` is not found from ``dictionary``.</doc>
<status status="PASS" start="2024-04-05T05:13:12.990153" elapsed="0.000432"/>
</kw>
<kw name="Dictionary Should Contain Key" owner="Collections">
<msg time="2024-04-05T05:13:12.991263" level="INFO">False</msg>
<arg>${json_data['results'][0]['login']}</arg>
<arg>${keyTwo}</arg>
<doc>Fails if ``key`` is not found from ``dictionary``.</doc>
<status status="PASS" start="2024-04-05T05:13:12.990881" elapsed="0.000419"/>
</kw>
<kw name="Log" owner="BuiltIn">
<msg time="2024-04-05T05:13:12.991720" level="INFO">username</msg>
<arg>${keyTwo}</arg>
<doc>Logs the given message with the given level.</doc>
<status status="PASS" start="2024-04-05T05:13:12.991590" elapsed="0.000168"/>
</kw>
<var name="${keyTwo}">username</var>
<status status="PASS" start="2024-04-05T05:13:12.990040" elapsed="0.001934"/>
</iter>
<iter>
<kw name="Dictionary Should Contain Key" owner="Collections">
<msg time="2024-04-05T05:13:12.992633" level="INFO">False</msg>
<arg>${json_data['results'][0]['login']}</arg>
<arg>${keyTwo}</arg>
<doc>Fails if ``key`` is not found from ``dictionary``.</doc>
<status status="PASS" start="2024-04-05T05:13:12.992260" elapsed="0.000410"/>
</kw>
<kw name="Dictionary Should Contain Key" owner="Collections">
<msg time="2024-04-05T05:13:12.993394" level="INFO">False</msg>
<arg>${json_data['results'][0]['login']}</arg>
<arg>${keyTwo}</arg>
<doc>Fails if ``key`` is not found from ``dictionary``.</doc>
<status status="PASS" start="2024-04-05T05:13:12.993008" elapsed="0.000423"/>
</kw>
<kw name="Log" owner="BuiltIn">
<msg time="2024-04-05T05:13:12.993850" level="INFO">password</msg>
<arg>${keyTwo}</arg>
<doc>Logs the given message with the given level.</doc>
<status status="PASS" start="2024-04-05T05:13:12.993722" elapsed="0.000165"/>
</kw>
<var name="${keyTwo}">password</var>
<status status="PASS" start="2024-04-05T05:13:12.992149" elapsed="0.001954"/>
</iter>
<var>${keyTwo}</var>
<value>@{expected_keysTwo}</value>
<status status="PASS" start="2024-04-05T05:13:12.989881" elapsed="0.004342"/>
</for>
<status status="PASS" start="2024-04-05T05:13:12.872608" elapsed="0.121762"/>
</kw>
<doc>Testa a estrutura da resposta da API.</doc>
<tag>testeEstruturaResposta</tag>
<status status="PASS" start="2024-04-05T05:13:12.871908" elapsed="0.122631"/>
</test>
<test id="s1-s1-t4" name="Validar tipos de dados" line="28">
<kw name="Teste de Tipos de Dados" owner="random-user-service">
<kw name="GET On Session" owner="RequestsLibrary">
<msg time="2024-04-05T05:13:13.063336" level="INFO">GET Request : url=https://randomuser.me/api 
 path_url=/api 
 headers={'User-Agent': 'python-requests/2.31.0', 'Accept-Encoding': 'gzip, deflate', 'Accept': '*/*', 'Connection': 'keep-alive'} 
 body=None 
 </msg>
<msg time="2024-04-05T05:13:13.063444" level="INFO">GET Response : url=https://randomuser.me/api 
 status=200, reason=OK 
 headers={'Date': 'Fri, 05 Apr 2024 05:13:13 GMT', 'Content-Type': 'application/json; charset=utf-8', 'Transfer-Encoding': 'chunked', 'Connection': 'keep-alive', 'X-Powered-By': 'Express', 'Access-Control-Allow-Origin': '*', 'Cache-Control': 'no-cache', 'ETag': 'W/"4a3-5hd7BGQusXEuq5w2/kC1BiiDHJI"', 'Vary': 'Accept-Encoding', 'Content-Encoding': 'gzip', 'CF-Cache-Status': 'DYNAMIC', 'Report-To': '{"endpoints":[{"url":"https:\\/\\/a.nel.cloudflare.com\\/report\\/v4?s=%2BPt5YPSX5%2FbdMFbfqcJvlrbcy3L2gwnJ13SdfZicAtD1iOSAoYXG%2BwXEmjeCk8Rt1MqKydTbbIoks8sxwofgp3x3204eh9ZMDjFgobkw1iO0EnqX%2BBNy7SL34Uvb40mi"}],"group":"cf-nel","max_age":604800}', 'NEL': '{"success_fraction":0,"report_to":"cf-nel","max_age":604800}', 'Server': 'cloudflare', 'CF-RAY': '86f70c304db42a30-ORD', 'alt-svc': 'h3=":443"; ma=86400'} 
 body={"results":[{"gender":"female","name":{"title":"Miss","first":"Enilda","last":"Teixeira"},"location":{"street":{"number":9197,"name":"Rua Santa Maria "},"city":"Americana","state":"Amazonas","country":"Brazil","postcode":80999,"coordinates":{"latitude":"-77.9483","longitude":"128.2649"},"timezone":{"offset":"-4:00","description":"Atlantic Time (Canada), Caracas, La Paz"}},"email":"enilda.teixeira@example.com","login":{"uuid":"4f34ea02-c9b5-4c87-990b-061ddf27ecc2","username":"sadbear446","password":"2222","salt":"MRuWGChL","md5":"cabafb6161b4776e56e5279c98041639","sha1":"60407f78a09140b3bdde7f7672375f0cf43723d4","sha256":"a69772f26bd79fd583cfd9805fb7e5ab602cdd0e36a9b26e2f9e532a99f2e832"},"dob":{"date":"1949-06-13T23:09:08.741Z","age":74},"registered":{"date":"2018-10-15T15:34:31.917Z","age":5},"phone":"(91) 4977-1422","cell":"(20) 0982-9828","id":{"name":"CPF","value":"005.798.137-55"},"picture":{"large":"https://randomuser.me/api/portraits/women/81.jpg","medium":"https://randomuser.me/api/portraits/med/women/81.jpg","thumbnail":"https://randomuser.me/api/portraits/thumb/women/81.jpg"},"nat":"BR"}],"info":{"seed":"9fcd4c5f7db27477","results":1,"page":1,"version":"1.4"}} 
 </msg>
<msg time="2024-04-05T05:13:13.063525" level="INFO">/opt/hostedtoolcache/Python/3.12.2/x64/lib/python3.12/site-packages/urllib3/connectionpool.py:1103: InsecureRequestWarning: Unverified HTTPS request is being made to host 'randomuser.me'. Adding certificate verification is strongly advised. See: https://urllib3.readthedocs.io/en/latest/advanced-usage.html#tls-warnings
  warnings.warn(</msg>
<msg time="2024-04-05T05:13:13.063689" level="INFO">${response} = &lt;Response [200]&gt;</msg>
<var>${response}</var>
<arg>consultarAPI</arg>
<arg>/api</arg>
<doc>Sends a GET request on a previously created HTTP Session.</doc>
<status status="PASS" start="2024-04-05T05:13:12.997020" elapsed="0.066718"/>
</kw>
<kw name="Set Variable" owner="BuiltIn">
<msg time="2024-04-05T05:13:13.064941" level="INFO">${json_data} = {'results': [{'gender': 'female', 'name': {'title': 'Miss', 'first': 'Enilda', 'last': 'Teixeira'}, 'location': {'street': {'number': 9197, 'name': 'Rua Santa Maria '}, 'city': 'Americana', 'state': '...</msg>
<var>${json_data}</var>
<arg>${response.json()}</arg>
<doc>Returns the given values which can then be assigned to a variables.</doc>
<status status="PASS" start="2024-04-05T05:13:13.064321" elapsed="0.000649"/>
</kw>
<kw name="Log" owner="BuiltIn">
<msg time="2024-04-05T05:13:13.065447" level="INFO">{'results': [{'gender': 'female', 'name': {'title': 'Miss', 'first': 'Enilda', 'last': 'Teixeira'}, 'location': {'street': {'number': 9197, 'name': 'Rua Santa Maria '}, 'city': 'Americana', 'state': 'Amazonas', 'country': 'Brazil', 'postcode': 80999, 'coordinates': {'latitude': '-77.9483', 'longitude': '128.2649'}, 'timezone': {'offset': '-4:00', 'description': 'Atlantic Time (Canada), Caracas, La Paz'}}, 'email': 'enilda.teixeira@example.com', 'login': {'uuid': '4f34ea02-c9b5-4c87-990b-061ddf27ecc2', 'username': 'sadbear446', 'password': '2222', 'salt': 'MRuWGChL', 'md5': 'cabafb6161b4776e56e5279c98041639', 'sha1': '60407f78a09140b3bdde7f7672375f0cf43723d4', 'sha256': 'a69772f26bd79fd583cfd9805fb7e5ab602cdd0e36a9b26e2f9e532a99f2e832'}, 'dob': {'date': '1949-06-13T23:09:08.741Z', 'age': 74}, 'registered': {'date': '2018-10-15T15:34:31.917Z', 'age': 5}, 'phone': '(91) 4977-1422', 'cell': '(20) 0982-9828', 'id': {'name': 'CPF', 'value': '005.798.137-55'}, 'picture': {'large': 'https://randomuser.me/api/portraits/women/81.jpg', 'medium': 'https://randomuser.me/api/portraits/med/women/81.jpg', 'thumbnail': 'https://randomuser.me/api/portraits/thumb/women/81.jpg'}, 'nat': 'BR'}], 'info': {'seed': '9fcd4c5f7db27477', 'results': 1, 'page': 1, 'version': '1.4'}}</msg>
<arg>${json_data}</arg>
<doc>Logs the given message with the given level.</doc>
<status status="PASS" start="2024-04-05T05:13:13.065289" elapsed="0.000245"/>
</kw>
<kw name="Should Be String" owner="String">
<arg>${json_data['results'][0]['gender']}</arg>
<doc>Fails if the given ``item`` is not a string.</doc>
<status status="PASS" start="2024-04-05T05:13:13.065876" elapsed="0.000372"/>
</kw>
<kw name="Should Match Regexp" owner="BuiltIn">
<arg>${json_data['results'][0]['email']}</arg>
<arg>^[a-zA-Z0-9._%+-]+@[a-zA-Z0-9.-]+\.[a-zA-Z]{2,}$</arg>
<doc>Fails if ``string`` does not match ``pattern`` as a regular expression.</doc>
<status status="PASS" start="2024-04-05T05:13:13.066441" elapsed="0.000523"/>
</kw>
<kw name="Should Match Regexp" owner="BuiltIn">
<arg>${json_data['results'][0]['dob']['date']}</arg>
<arg>\\d{4}-\\d{2}-\\d{2}T\\d{2}:\\d{2}:\\d{2}\\.\\d{3}Z</arg>
<doc>Fails if ``string`` does not match ``pattern`` as a regular expression.</doc>
<status status="PASS" start="2024-04-05T05:13:13.067161" elapsed="0.000497"/>
</kw>
<kw name="Should Match Regexp" owner="BuiltIn">
<arg>${json_data['results'][0]['registered']['date']}</arg>
<arg>\\d{4}-\\d{2}-\\d{2}T\\d{2}:\\d{2}:\\d{2}\\.\\d{3}Z</arg>
<doc>Fails if ``string`` does not match ``pattern`` as a regular expression.</doc>
<status status="PASS" start="2024-04-05T05:13:13.067851" elapsed="0.000381"/>
</kw>
<kw name="Should Match Regexp" owner="BuiltIn">
<arg>${json_data['results'][0]['picture']['large']}</arg>
<arg>^https?://.*\.(?:png|jpe?g|gif|bmp)$</arg>
<doc>Fails if ``string`` does not match ``pattern`` as a regular expression.</doc>
<status status="PASS" start="2024-04-05T05:13:13.068419" elapsed="0.000587"/>
</kw>
<kw name="Should Match Regexp" owner="BuiltIn">
<arg>${json_data['results'][0]['picture']['medium']}</arg>
<arg>^https?://.*\.(?:png|jpe?g|gif|bmp)$</arg>
<doc>Fails if ``string`` does not match ``pattern`` as a regular expression.</doc>
<status status="PASS" start="2024-04-05T05:13:13.069324" elapsed="0.000609"/>
</kw>
<kw name="Should Match Regexp" owner="BuiltIn">
<arg>${json_data['results'][0]['picture']['thumbnail']}</arg>
<arg>^https?://.*\.(?:png|jpe?g|gif|bmp)$</arg>
<doc>Fails if ``string`` does not match ``pattern`` as a regular expression.</doc>
<status status="PASS" start="2024-04-05T05:13:13.070221" elapsed="0.000565"/>
</kw>
<kw name="Log" owner="BuiltIn">
<msg time="2024-04-05T05:13:13.071639" level="INFO">{'large': 'https://randomuser.me/api/portraits/women/81.jpg', 'medium': 'https://randomuser.me/api/portraits/med/women/81.jpg', 'thumbnail': 'https://randomuser.me/api/portraits/thumb/women/81.jpg'}</msg>
<arg>${json_data['results'][0]['picture']}</arg>
<doc>Logs the given message with the given level.</doc>
<status status="PASS" start="2024-04-05T05:13:13.071081" elapsed="0.000640"/>
</kw>
<status status="PASS" start="2024-04-05T05:13:12.996759" elapsed="0.075293"/>
</kw>
<kw name="Teste de Tipos de Dados - Postcode" owner="random-user-service">
<kw name="GET On Session" owner="RequestsLibrary">
<msg time="2024-04-05T05:13:13.160032" level="INFO">GET Request : url=https://randomuser.me/api 
 path_url=/api 
 headers={'User-Agent': 'python-requests/2.31.0', 'Accept-Encoding': 'gzip, deflate', 'Accept': '*/*', 'Connection': 'keep-alive'} 
 body=None 
 </msg>
<msg time="2024-04-05T05:13:13.160144" level="INFO">GET Response : url=https://randomuser.me/api 
 status=200, reason=OK 
 headers={'Date': 'Fri, 05 Apr 2024 05:13:13 GMT', 'Content-Type': 'application/json; charset=utf-8', 'Transfer-Encoding': 'chunked', 'Connection': 'keep-alive', 'X-Powered-By': 'Express', 'Access-Control-Allow-Origin': '*', 'Cache-Control': 'no-cache', 'ETag': 'W/"496-zZxo/8CbV03NWEFOROB4dDfu4sw"', 'Vary': 'Accept-Encoding', 'Content-Encoding': 'gzip', 'CF-Cache-Status': 'DYNAMIC', 'Report-To': '{"endpoints":[{"url":"https:\\/\\/a.nel.cloudflare.com\\/report\\/v4?s=AB3AOTFHiQVlqW9pxgR4UhU0q%2FxliVvJ0ugSNNqt7kRbOGlOV0vdWthW4nv8O6woRUdAuDj4Wr%2BW4gA%2BbRUMZmnEQWZYLAceHLGi7x23bDpf7F9UBMS81BEvKOX6afZy"}],"group":"cf-nel","max_age":604800}', 'NEL': '{"success_fraction":0,"report_to":"cf-nel","max_age":604800}', 'Server': 'cloudflare', 'CF-RAY': '86f70c30bdfe2a30-ORD', 'alt-svc': 'h3=":443"; ma=86400'} 
 body={"results":[{"gender":"male","name":{"title":"Mr","first":"Claudio","last":"Urías"},"location":{"street":{"number":9870,"name":"Circuito Norte Haro"},"city":"Vencedores","state":"Ciudad de Mexico","country":"Mexico","postcode":19297,"coordinates":{"latitude":"27.1302","longitude":"-98.8291"},"timezone":{"offset":"-12:00","description":"Eniwetok, Kwajalein"}},"email":"claudio.urias@example.com","login":{"uuid":"2e0f5f31-022d-43f9-ae05-020b2ac0275f","username":"angrygoose130","password":"theking","salt":"aki1p7Mz","md5":"bc10247f73e2a6eec9e02fad79333e9a","sha1":"a92d2b595d93aee5c126d80e8077155db6bdb176","sha256":"bbf8bddaf8eeb720f3072c6954974e1e80c048026cb5fcb2fa5717cf175094fa"},"dob":{"date":"1953-02-07T17:36:39.911Z","age":71},"registered":{"date":"2003-05-31T23:56:24.427Z","age":20},"phone":"(616) 801 4390","cell":"(661) 995 9636","id":{"name":"NSS","value":"25 75 43 0637 6"},"picture":{"large":"https://randomuser.me/api/portraits/men/74.jpg","medium":"https://randomuser.me/api/portraits/med/men/74.jpg","thumbnail":"https://randomuser.me/api/portraits/thumb/men/74.jpg"},"nat":"MX"}],"info":{"seed":"844bcce486809d95","results":1,"page":1,"version":"1.4"}} 
 </msg>
<msg time="2024-04-05T05:13:13.160246" level="INFO">/opt/hostedtoolcache/Python/3.12.2/x64/lib/python3.12/site-packages/urllib3/connectionpool.py:1103: InsecureRequestWarning: Unverified HTTPS request is being made to host 'randomuser.me'. Adding certificate verification is strongly advised. See: https://urllib3.readthedocs.io/en/latest/advanced-usage.html#tls-warnings
  warnings.warn(</msg>
<msg time="2024-04-05T05:13:13.160411" level="INFO">${response} = &lt;Response [200]&gt;</msg>
<var>${response}</var>
<arg>consultarAPI</arg>
<arg>/api</arg>
<doc>Sends a GET request on a previously created HTTP Session.</doc>
<status status="PASS" start="2024-04-05T05:13:13.072694" elapsed="0.087753"/>
</kw>
<kw name="Set Variable" owner="BuiltIn">
<msg time="2024-04-05T05:13:13.161539" level="INFO">${json_data} = {'results': [{'gender': 'male', 'name': {'title': 'Mr', 'first': 'Claudio', 'last': 'Urías'}, 'location': {'street': {'number': 9870, 'name': 'Circuito Norte Haro'}, 'city': 'Vencedores', 'state': 'Ci...</msg>
<var>${json_data}</var>
<arg>${response.json()}</arg>
<doc>Returns the given values which can then be assigned to a variables.</doc>
<status status="PASS" start="2024-04-05T05:13:13.160999" elapsed="0.000569"/>
</kw>
<kw name="Log" owner="BuiltIn">
<msg time="2024-04-05T05:13:13.162084" level="INFO">{'results': [{'gender': 'male', 'name': {'title': 'Mr', 'first': 'Claudio', 'last': 'Urías'}, 'location': {'street': {'number': 9870, 'name': 'Circuito Norte Haro'}, 'city': 'Vencedores', 'state': 'Ciudad de Mexico', 'country': 'Mexico', 'postcode': 19297, 'coordinates': {'latitude': '27.1302', 'longitude': '-98.8291'}, 'timezone': {'offset': '-12:00', 'description': 'Eniwetok, Kwajalein'}}, 'email': 'claudio.urias@example.com', 'login': {'uuid': '2e0f5f31-022d-43f9-ae05-020b2ac0275f', 'username': 'angrygoose130', 'password': 'theking', 'salt': 'aki1p7Mz', 'md5': 'bc10247f73e2a6eec9e02fad79333e9a', 'sha1': 'a92d2b595d93aee5c126d80e8077155db6bdb176', 'sha256': 'bbf8bddaf8eeb720f3072c6954974e1e80c048026cb5fcb2fa5717cf175094fa'}, 'dob': {'date': '1953-02-07T17:36:39.911Z', 'age': 71}, 'registered': {'date': '2003-05-31T23:56:24.427Z', 'age': 20}, 'phone': '(616) 801 4390', 'cell': '(661) 995 9636', 'id': {'name': 'NSS', 'value': '25 75 43 0637 6'}, 'picture': {'large': 'https://randomuser.me/api/portraits/men/74.jpg', 'medium': 'https://randomuser.me/api/portraits/med/men/74.jpg', 'thumbnail': 'https://randomuser.me/api/portraits/thumb/men/74.jpg'}, 'nat': 'MX'}], 'info': {'seed': '844bcce486809d95', 'results': 1, 'page': 1, 'version': '1.4'}}</msg>
<arg>${json_data}</arg>
<doc>Logs the given message with the given level.</doc>
<status status="PASS" start="2024-04-05T05:13:13.161918" elapsed="0.000250"/>
</kw>
<kw name="Should Be Equal As Numbers" owner="BuiltIn">
<arg>${json_data['results'][0]['location']['postcode']}</arg>
<arg>${json_data['results'][0]['location']['postcode']}</arg>
<doc>Fails if objects are unequal after converting them to real numbers.</doc>
<status status="PASS" start="2024-04-05T05:13:13.162480" elapsed="0.000648"/>
</kw>
<kw name="Log" owner="BuiltIn">
<msg time="2024-04-05T05:13:13.163662" level="INFO">19297</msg>
<arg>${json_data['results'][0]['location']['postcode']}</arg>
<doc>Logs the given message with the given level.</doc>
<status status="PASS" start="2024-04-05T05:13:13.163323" elapsed="0.000379"/>
</kw>
<status status="PASS" start="2024-04-05T05:13:13.072291" elapsed="0.091676"/>
</kw>
<doc>Testa se os tipos de dados na resposta da API estão corretos.</doc>
<tag>testeTiposDados</tag>
<status status="PASS" start="2024-04-05T05:13:12.996285" elapsed="0.167857"/>
</test>
<test id="s1-s1-t5" name="Validar conteudo" line="35">
<kw name="Teste de Tipos de Conteudo" owner="random-user-service">
<kw name="GET On Session" owner="RequestsLibrary">
<msg time="2024-04-05T05:13:13.260251" level="INFO">GET Request : url=https://randomuser.me/api 
 path_url=/api 
 headers={'User-Agent': 'python-requests/2.31.0', 'Accept-Encoding': 'gzip, deflate', 'Accept': '*/*', 'Connection': 'keep-alive'} 
 body=None 
 </msg>
<msg time="2024-04-05T05:13:13.260350" level="INFO">GET Response : url=https://randomuser.me/api 
 status=200, reason=OK 
 headers={'Date': 'Fri, 05 Apr 2024 05:13:13 GMT', 'Content-Type': 'application/json; charset=utf-8', 'Transfer-Encoding': 'chunked', 'Connection': 'keep-alive', 'X-Powered-By': 'Express', 'Access-Control-Allow-Origin': '*', 'Cache-Control': 'no-cache', 'ETag': 'W/"482-Eb1glVS+jjB2W195X69WIkJs+fc"', 'Vary': 'Accept-Encoding', 'Content-Encoding': 'gzip', 'CF-Cache-Status': 'DYNAMIC', 'Report-To': '{"endpoints":[{"url":"https:\\/\\/a.nel.cloudflare.com\\/report\\/v4?s=biTL0PHCnreCnWwHjT2Q1WKIUqr5eRQPEZLNIRYKNmlLlm25kmYvO0qy7ETJ7y3Q%2B%2BROyyVwjbf5HtxdiRX0nPL1VcA9fMPBln2r1V67pvnliGlGBiNAD0feBPNoAAPd"}],"group":"cf-nel","max_age":604800}', 'NEL': '{"success_fraction":0,"report_to":"cf-nel","max_age":604800}', 'Server': 'cloudflare', 'CF-RAY': '86f70c315e522a30-ORD', 'alt-svc': 'h3=":443"; ma=86400'} 
 body={"results":[{"gender":"female","name":{"title":"Mrs","first":"Melinda","last":"Larson"},"location":{"street":{"number":1609,"name":"W Campbell Ave"},"city":"Shepparton","state":"Queensland","country":"Australia","postcode":8176,"coordinates":{"latitude":"-81.6402","longitude":"120.8496"},"timezone":{"offset":"+5:45","description":"Kathmandu"}},"email":"melinda.larson@example.com","login":{"uuid":"a88c2eb7-bba8-4f85-bb33-08e94f1244c7","username":"brownbear596","password":"caprice","salt":"RNG7Gw0T","md5":"1b72ea55614981d958e4b1397cdff7d2","sha1":"c0b142ec7efe212b25ce8d76f372c940cab9cc63","sha256":"5bdd4adaf98d641518933e40946b553e59f518e91fef25bf599b061c9bbbbf7b"},"dob":{"date":"1995-12-17T22:44:07.780Z","age":28},"registered":{"date":"2013-10-29T11:14:39.909Z","age":10},"phone":"09-1122-7477","cell":"0468-115-169","id":{"name":"TFN","value":"579979134"},"picture":{"large":"https://randomuser.me/api/portraits/women/25.jpg","medium":"https://randomuser.me/api/portraits/med/women/25.jpg","thumbnail":"https://randomuser.me/api/portraits/thumb/women/25.jpg"},"nat":"AU"}],"info":{"seed":"74579f90c9ecf0cf","results":1,"page":1,"version":"1.4"}} 
 </msg>
<msg time="2024-04-05T05:13:13.260415" level="INFO">/opt/hostedtoolcache/Python/3.12.2/x64/lib/python3.12/site-packages/urllib3/connectionpool.py:1103: InsecureRequestWarning: Unverified HTTPS request is being made to host 'randomuser.me'. Adding certificate verification is strongly advised. See: https://urllib3.readthedocs.io/en/latest/advanced-usage.html#tls-warnings
  warnings.warn(</msg>
<msg time="2024-04-05T05:13:13.260564" level="INFO">${response} = &lt;Response [200]&gt;</msg>
<var>${response}</var>
<arg>consultarAPI</arg>
<arg>/api</arg>
<doc>Sends a GET request on a previously created HTTP Session.</doc>
<status status="PASS" start="2024-04-05T05:13:13.166759" elapsed="0.093849"/>
</kw>
<kw name="Set Variable" owner="BuiltIn">
<msg time="2024-04-05T05:13:13.261670" level="INFO">${json_data} = {'results': [{'gender': 'female', 'name': {'title': 'Mrs', 'first': 'Melinda', 'last': 'Larson'}, 'location': {'street': {'number': 1609, 'name': 'W Campbell Ave'}, 'city': 'Shepparton', 'state': 'Que...</msg>
<var>${json_data}</var>
<arg>${response.json()}</arg>
<doc>Returns the given values which can then be assigned to a variables.</doc>
<status status="PASS" start="2024-04-05T05:13:13.261159" elapsed="0.000540"/>
</kw>
<kw name="Set Variable" owner="BuiltIn">
<msg time="2024-04-05T05:13:13.262411" level="INFO">${name_title} = Mrs</msg>
<var>${name_title}</var>
<arg>${json_data["results"][0]["name"]["title"]}</arg>
<doc>Returns the given values which can then be assigned to a variables.</doc>
<status status="PASS" start="2024-04-05T05:13:13.262019" elapsed="0.000416"/>
</kw>
<kw name="Create List" owner="BuiltIn">
<msg time="2024-04-05T05:13:13.262890" level="INFO">${allowed_titles} = ['Mr', 'Ms', 'Miss', 'Mrs', 'Madame', 'Monsieur']</msg>
<var>${allowed_titles}</var>
<arg>Mr</arg>
<arg>Ms</arg>
<arg>Miss</arg>
<arg>Mrs</arg>
<arg>Madame</arg>
<arg>Monsieur</arg>
<doc>Returns a list containing given items.</doc>
<status status="PASS" start="2024-04-05T05:13:13.262740" elapsed="0.000174"/>
</kw>
<kw name="List Should Contain Value" owner="Collections">
<msg time="2024-04-05T05:13:13.263413" level="INFO">False</msg>
<arg>${allowed_titles}</arg>
<arg>${name_title}</arg>
<doc>Fails if the ``value`` is not found from ``list``.</doc>
<status status="PASS" start="2024-04-05T05:13:13.263231" elapsed="0.000220"/>
</kw>
<kw name="Set Variable" owner="BuiltIn">
<msg time="2024-04-05T05:13:13.264130" level="INFO">${name_country} = AU</msg>
<var>${name_country}</var>
<arg>${json_data["results"][0]["nat"]}</arg>
<doc>Returns the given values which can then be assigned to a variables.</doc>
<status status="PASS" start="2024-04-05T05:13:13.263754" elapsed="0.000401"/>
</kw>
<kw name="Create List" owner="BuiltIn">
<msg time="2024-04-05T05:13:13.265126" level="INFO">${list_country} = ['AD', 'AE', 'AF', 'AG', 'AI', 'AL', 'AM', 'AO', 'AQ', 'AR', 'AS', 'AT', 'AU', 'AW', 'AX', 'AZ', 'BA', 'BB', 'BD', 'BE', 'BF', 'BG', 'BH', 'BI', 'BJ', 'BL', 'BM', 'BN', 'BO', 'BQ', 'BR', 'BS', 'BT', '...</msg>
<var>${list_country}</var>
<arg>AD</arg>
<arg>AE</arg>
<arg>AF</arg>
<arg>AG</arg>
<arg>AI</arg>
<arg>AL</arg>
<arg>AM</arg>
<arg>AO</arg>
<arg>AQ</arg>
<arg>AR</arg>
<arg>AS</arg>
<arg>AT</arg>
<arg>AU</arg>
<arg>AW</arg>
<arg>AX</arg>
<arg>AZ</arg>
<arg>BA</arg>
<arg>BB</arg>
<arg>BD</arg>
<arg>BE</arg>
<arg>BF</arg>
<arg>BG</arg>
<arg>BH</arg>
<arg>BI</arg>
<arg>BJ</arg>
<arg>BL</arg>
<arg>BM</arg>
<arg>BN</arg>
<arg>BO</arg>
<arg>BQ</arg>
<arg>BR</arg>
<arg>BS</arg>
<arg>BT</arg>
<arg>BV</arg>
<arg>BW</arg>
<arg>BY</arg>
<arg>BZ</arg>
<arg>CA</arg>
<arg>CC</arg>
<arg>CD</arg>
<arg>CF</arg>
<arg>CG</arg>
<arg>CH</arg>
<arg>CI</arg>
<arg>CK</arg>
<arg>CL</arg>
<arg>CM</arg>
<arg>CN</arg>
<arg>CO</arg>
<arg>CR</arg>
<arg>CU</arg>
<arg>CV</arg>
<arg>CW</arg>
<arg>CX</arg>
<arg>CY</arg>
<arg>CZ</arg>
<arg>DE</arg>
<arg>DJ</arg>
<arg>DK</arg>
<arg>DM</arg>
<arg>DO</arg>
<arg>DZ</arg>
<arg>EC</arg>
<arg>EE</arg>
<arg>EG</arg>
<arg>EH</arg>
<arg>ER</arg>
<arg>ES</arg>
<arg>ET</arg>
<arg>FI</arg>
<arg>FJ</arg>
<arg>FK</arg>
<arg>FM</arg>
<arg>FO</arg>
<arg>FR</arg>
<arg>GA</arg>
<arg>GB</arg>
<arg>GD</arg>
<arg>GE</arg>
<arg>GF</arg>
<arg>GG</arg>
<arg>GH</arg>
<arg>GI</arg>
<arg>GL</arg>
<arg>GM</arg>
<arg>GN</arg>
<arg>GP</arg>
<arg>GQ</arg>
<arg>GR</arg>
<arg>GS</arg>
<arg>GT</arg>
<arg>GU</arg>
<arg>GW</arg>
<arg>GY</arg>
<arg>HK</arg>
<arg>HM</arg>
<arg>HN</arg>
<arg>HR</arg>
<arg>HT</arg>
<arg>HU</arg>
<arg>ID</arg>
<arg>IE</arg>
<arg>IL</arg>
<arg>IM</arg>
<arg>IN</arg>
<arg>IO</arg>
<arg>IQ</arg>
<arg>IR</arg>
<arg>IS</arg>
<arg>IT</arg>
<arg>JE</arg>
<arg>JM</arg>
<arg>JO</arg>
<arg>JP</arg>
<arg>KE</arg>
<arg>KG</arg>
<arg>KH</arg>
<arg>KI</arg>
<arg>KM</arg>
<arg>KN</arg>
<arg>KP</arg>
<arg>KR</arg>
<arg>KW</arg>
<arg>KY</arg>
<arg>KZ</arg>
<arg>LA</arg>
<arg>LB</arg>
<arg>LC</arg>
<arg>LI</arg>
<arg>LK</arg>
<arg>LR</arg>
<arg>LS</arg>
<arg>LT</arg>
<arg>LU</arg>
<arg>LV</arg>
<arg>LY</arg>
<arg>MA</arg>
<arg>MC</arg>
<arg>MD</arg>
<arg>ME</arg>
<arg>MF</arg>
<arg>MG</arg>
<arg>MH</arg>
<arg>MK</arg>
<arg>ML</arg>
<arg>MM</arg>
<arg>MN</arg>
<arg>MO</arg>
<arg>MP</arg>
<arg>MQ</arg>
<arg>MR</arg>
<arg>MS</arg>
<arg>MT</arg>
<arg>MU</arg>
<arg>MV</arg>
<arg>MW</arg>
<arg>MX</arg>
<arg>MY</arg>
<arg>MZ</arg>
<arg>NA</arg>
<arg>NC</arg>
<arg>NE</arg>
<arg>NF</arg>
<arg>NG</arg>
<arg>NI</arg>
<arg>NL</arg>
<arg>NO</arg>
<arg>NP</arg>
<arg>NR</arg>
<arg>NU</arg>
<arg>NZ</arg>
<arg>OM</arg>
<arg>PA</arg>
<arg>PE</arg>
<arg>PF</arg>
<arg>PG</arg>
<arg>PH</arg>
<arg>PK</arg>
<arg>PL</arg>
<arg>PM</arg>
<arg>PN</arg>
<arg>PR</arg>
<arg>PS</arg>
<arg>PT</arg>
<arg>PW</arg>
<arg>PY</arg>
<arg>QA</arg>
<arg>RE</arg>
<arg>RO</arg>
<arg>RS</arg>
<arg>RU</arg>
<arg>RW</arg>
<arg>SA</arg>
<arg>SB</arg>
<arg>SC</arg>
<arg>SD</arg>
<arg>SE</arg>
<arg>SG</arg>
<arg>SH</arg>
<arg>SI</arg>
<arg>SJ</arg>
<arg>SK</arg>
<arg>SL</arg>
<arg>SM</arg>
<arg>SN</arg>
<arg>SO</arg>
<arg>SR</arg>
<arg>SS</arg>
<arg>ST</arg>
<arg>SV</arg>
<arg>SX</arg>
<arg>SY</arg>
<arg>SZ</arg>
<arg>TC</arg>
<arg>TD</arg>
<arg>TF</arg>
<arg>TG</arg>
<arg>TH</arg>
<arg>TJ</arg>
<arg>TK</arg>
<arg>TL</arg>
<arg>TM</arg>
<arg>TN</arg>
<arg>TO</arg>
<arg>TR</arg>
<arg>TT</arg>
<arg>TV</arg>
<arg>TW</arg>
<arg>TZ</arg>
<arg>UA</arg>
<arg>UG</arg>
<arg>UM</arg>
<arg>US</arg>
<arg>UY</arg>
<arg>UZ</arg>
<arg>VA</arg>
<arg>VC</arg>
<arg>VE</arg>
<arg>VG</arg>
<arg>VI</arg>
<arg>VN</arg>
<arg>VU</arg>
<arg>WF</arg>
<arg>WS</arg>
<arg>XK</arg>
<arg>YE</arg>
<arg>YT</arg>
<arg>ZA</arg>
<arg>ZM</arg>
<arg>ZW</arg>
<doc>Returns a list containing given items.</doc>
<status status="PASS" start="2024-04-05T05:13:13.264465" elapsed="0.000690"/>
</kw>
<kw name="List Should Contain Value" owner="Collections">
<msg time="2024-04-05T05:13:13.266321" level="INFO">False</msg>
<arg>${list_country}</arg>
<arg>${name_country}</arg>
<doc>Fails if the ``value`` is not found from ``list``.</doc>
<status status="PASS" start="2024-04-05T05:13:13.266108" elapsed="0.000252"/>
</kw>
<kw name="Run Keyword If" owner="BuiltIn">
<kw name="Should Be True" owner="BuiltIn">
<arg>${True}</arg>
<doc>Fails if the given condition is not true.</doc>
<status status="PASS" start="2024-04-05T05:13:13.267440" elapsed="0.000150"/>
</kw>
<arg>${json_data["results"][0]["location"]["coordinates"]["latitude"]} &gt;= -90 and ${json_data["results"][0]["location"]["coordinates"]["latitude"]} &lt;= 90</arg>
<arg>Should Be True</arg>
<arg>${True}</arg>
<doc>Runs the given keyword with the given arguments, if ``condition`` is true.</doc>
<status status="PASS" start="2024-04-05T05:13:13.266674" elapsed="0.001045"/>
</kw>
<kw name="Run Keyword If" owner="BuiltIn">
<kw name="Should Be True" owner="BuiltIn">
<arg>${True}</arg>
<doc>Fails if the given condition is not true.</doc>
<status status="PASS" start="2024-04-05T05:13:13.268607" elapsed="0.000138"/>
</kw>
<arg>${json_data["results"][0]["location"]["coordinates"]["longitude"]} &gt;= -180 and ${json_data["results"][0]["location"]["coordinates"]["longitude"]} &lt;= 180</arg>
<arg>Should Be True</arg>
<arg>${True}</arg>
<doc>Runs the given keyword with the given arguments, if ``condition`` is true.</doc>
<status status="PASS" start="2024-04-05T05:13:13.267908" elapsed="0.000999"/>
</kw>
<status status="PASS" start="2024-04-05T05:13:13.166523" elapsed="0.102525"/>
</kw>
<doc>Testa o conteúdo específico dos campos retornados pela API.</doc>
<tag>testeConteudo</tag>
<status status="PASS" start="2024-04-05T05:13:13.165962" elapsed="0.103252"/>
</test>
<status status="PASS" start="2024-04-05T05:13:12.352539" elapsed="0.918662"/>
</suite>
<status status="PASS" start="2024-04-05T05:13:12.338231" elapsed="0.938535"/>
</suite>
<statistics>
<total>
<stat pass="5" fail="0" skip="0">All Tests</stat>
</total>
<tag>
<stat pass="1" fail="0" skip="0">testeConteudo</stat>
<stat pass="1" fail="0" skip="0">testeEstruturaResposta</stat>
<stat pass="1" fail="0" skip="0">testeRequisicaoBasica</stat>
<stat pass="1" fail="0" skip="0">testeTiposDados</stat>
</tag>
<suite>
<stat pass="5" fail="0" skip="0" id="s1" name="Tests">Tests</stat>
<stat pass="5" fail="0" skip="0" id="s1-s1" name="Random-User-Test">Tests.Random-User-Test</stat>
</suite>
</statistics>
<errors>
</errors>
</robot>
