<?xml version="1.0" encoding="UTF-8"?>
<robot generator="Robot 7.0 (Python 3.12.2 on linux)" generated="2024-04-05T16:18:43.504069" rpa="false" schemaversion="5">
<suite id="s1" name="Tests" source="/home/runner/work/DesafioQAItauRogerioJordao/DesafioQAItauRogerioJordao/RamdonUser/tests">
<suite id="s1-s1" name="Random-User-Test" source="/home/runner/work/DesafioQAItauRogerioJordao/DesafioQAItauRogerioJordao/RamdonUser/tests/random-user-test.robot">
<test id="s1-s1-t1" name="Conectar" line="13">
<kw name="Conectar API" owner="random-user-service">
<kw name="Create Session" owner="RequestsLibrary">
<msg time="2024-04-05T16:18:43.918018" level="INFO">Creating Session using : alias=consultarAPI, url=https://randomuser.me/, headers={},                     cookies={}, auth=None, timeout=None, proxies=None, verify=False,                     debug=0 </msg>
<arg>consultarAPI</arg>
<arg>${URL}</arg>
<doc>Create Session: create a HTTP session to a server</doc>
<status status="PASS" start="2024-04-05T16:18:43.917797" elapsed="0.000414"/>
</kw>
<status status="PASS" start="2024-04-05T16:18:43.916654" elapsed="0.001953"/>
</kw>
<status status="PASS" start="2024-04-05T16:18:43.915944" elapsed="0.002881"/>
</test>
<test id="s1-s1-t2" name="Validar retorno 200 e JSON Válido" line="16">
<kw name="Teste de Requisicao Basica" owner="random-user-service">
<kw name="GET On Session" owner="RequestsLibrary">
<msg time="2024-04-05T16:18:44.092980" level="INFO">GET Request : url=https://randomuser.me/api 
 path_url=/api 
 headers={'User-Agent': 'python-requests/2.31.0', 'Accept-Encoding': 'gzip, deflate', 'Accept': '*/*', 'Connection': 'keep-alive'} 
 body=None 
 </msg>
<msg time="2024-04-05T16:18:44.093140" level="INFO">GET Response : url=https://randomuser.me/api 
 status=200, reason=OK 
 headers={'Date': 'Fri, 05 Apr 2024 16:18:44 GMT', 'Content-Type': 'application/json; charset=utf-8', 'Transfer-Encoding': 'chunked', 'Connection': 'keep-alive', 'X-Powered-By': 'Express', 'Access-Control-Allow-Origin': '*', 'Cache-Control': 'no-cache', 'ETag': 'W/"47b-kgG1GWTgY808T4h3o5lHhqeVqCY"', 'Vary': 'Accept-Encoding', 'Content-Encoding': 'gzip', 'CF-Cache-Status': 'DYNAMIC', 'Report-To': '{"endpoints":[{"url":"https:\\/\\/a.nel.cloudflare.com\\/report\\/v4?s=jelO4seB1FlkbCPgLX%2FO8qSUssYIDTD94GSuEHdzglYfBJPQzDTtHkWkQ5Kj7JmszBFSNp6gVtxY0GenH671CXLtPqDGU32OmM8TuFEH0qFjGzNhZdF0G6k2sGC9KaYT"}],"group":"cf-nel","max_age":604800}', 'NEL': '{"success_fraction":0,"report_to":"cf-nel","max_age":604800}', 'Server': 'cloudflare', 'CF-RAY': '86fadb11594681c7-IAD', 'alt-svc': 'h3=":443"; ma=86400'} 
 body={"results":[{"gender":"male","name":{"title":"Mr","first":"Hector","last":"Davis"},"location":{"street":{"number":1845,"name":"Denny Street"},"city":"Ballina","state":"Fingal","country":"Ireland","postcode":14916,"coordinates":{"latitude":"-2.1439","longitude":"-153.4625"},"timezone":{"offset":"-7:00","description":"Mountain Time (US &amp; Canada)"}},"email":"hector.davis@example.com","login":{"uuid":"63222140-56bc-4a48-9560-fbc54081f309","username":"happybear963","password":"flanker","salt":"uzTXOqGv","md5":"a258fa536539929eddbad4c2d137e509","sha1":"0e3f5bbd83ee814aa6d81d3b527db26c99782757","sha256":"4c5cee8ced6bb7695854baf53152f12d43213366cd2d3a4f917c53eb9aafa9f7"},"dob":{"date":"1986-04-08T01:56:31.648Z","age":37},"registered":{"date":"2018-05-05T16:18:29.188Z","age":5},"phone":"031-050-9205","cell":"081-989-6808","id":{"name":"PPS","value":"1291885T"},"picture":{"large":"https://randomuser.me/api/portraits/men/35.jpg","medium":"https://randomuser.me/api/portraits/med/men/35.jpg","thumbnail":"https://randomuser.me/api/portraits/thumb/men/35.jpg"},"nat":"IE"}],"info":{"seed":"e9ad5cc7a23e276e","results":1,"page":1,"version":"1.4"}} 
 </msg>
<msg time="2024-04-05T16:18:44.093262" level="INFO">/opt/hostedtoolcache/Python/3.12.2/x64/lib/python3.12/site-packages/urllib3/connectionpool.py:1103: InsecureRequestWarning: Unverified HTTPS request is being made to host 'randomuser.me'. Adding certificate verification is strongly advised. See: https://urllib3.readthedocs.io/en/latest/advanced-usage.html#tls-warnings
  warnings.warn(</msg>
<msg time="2024-04-05T16:18:44.093436" level="INFO">${response} = &lt;Response [200]&gt;</msg>
<var>${response}</var>
<arg>consultarAPI</arg>
<arg>/api</arg>
<doc>Sends a GET request on a previously created HTTP Session.</doc>
<status status="PASS" start="2024-04-05T16:18:43.921602" elapsed="0.171879"/>
</kw>
<kw name="Should Be Equal As Numbers" owner="BuiltIn">
<msg time="2024-04-05T16:18:44.094614" level="INFO">Argument types are:
&lt;class 'int'&gt;
&lt;class 'str'&gt;</msg>
<arg>${response.status_code}</arg>
<arg>200</arg>
<doc>Fails if objects are unequal after converting them to real numbers.</doc>
<status status="PASS" start="2024-04-05T16:18:44.094115" elapsed="0.000580"/>
</kw>
<kw name="Log" owner="BuiltIn">
<msg time="2024-04-05T16:18:44.095470" level="INFO">200</msg>
<arg>${response.status_code}</arg>
<doc>Logs the given message with the given level.</doc>
<status status="PASS" start="2024-04-05T16:18:44.095083" elapsed="0.000433"/>
</kw>
<kw name="Set Variable" owner="BuiltIn">
<msg time="2024-04-05T16:18:44.096340" level="INFO">${json_data} = {'results': [{'gender': 'male', 'name': {'title': 'Mr', 'first': 'Hector', 'last': 'Davis'}, 'location': {'street': {'number': 1845, 'name': 'Denny Street'}, 'city': 'Ballina', 'state': 'Fingal', 'cou...</msg>
<var>${json_data}</var>
<arg>${response.json()}</arg>
<doc>Returns the given values which can then be assigned to a variables.</doc>
<status status="PASS" start="2024-04-05T16:18:44.095874" elapsed="0.000495"/>
</kw>
<kw name="Dictionary Should Contain Key" owner="Collections">
<msg time="2024-04-05T16:18:44.096903" level="INFO">False</msg>
<arg>${json_data}</arg>
<arg>results</arg>
<doc>Fails if ``key`` is not found from ``dictionary``.</doc>
<status status="PASS" start="2024-04-05T16:18:44.096691" elapsed="0.000253"/>
</kw>
<status status="PASS" start="2024-04-05T16:18:43.921335" elapsed="0.175884"/>
</kw>
<doc>Testa se a API responde corretamente e retorna um objeto JSON válido.</doc>
<tag>testeRequisicaoBasica</tag>
<status status="PASS" start="2024-04-05T16:18:43.920721" elapsed="0.176699"/>
</test>
<test id="s1-s1-t3" name="Validar estrutura de resposta" line="22">
<kw name="Teste de Estrutura de Resposta" owner="random-user-service">
<kw name="GET On Session" owner="RequestsLibrary">
<msg time="2024-04-05T16:18:44.220882" level="INFO">GET Request : url=https://randomuser.me/api 
 path_url=/api 
 headers={'User-Agent': 'python-requests/2.31.0', 'Accept-Encoding': 'gzip, deflate', 'Accept': '*/*', 'Connection': 'keep-alive'} 
 body=None 
 </msg>
<msg time="2024-04-05T16:18:44.221006" level="INFO">GET Response : url=https://randomuser.me/api 
 status=200, reason=OK 
 headers={'Date': 'Fri, 05 Apr 2024 16:18:44 GMT', 'Content-Type': 'application/json; charset=utf-8', 'Transfer-Encoding': 'chunked', 'Connection': 'keep-alive', 'X-Powered-By': 'Express', 'Access-Control-Allow-Origin': '*', 'Cache-Control': 'no-cache', 'ETag': 'W/"491-pHVFDowXewR304He7TjSpmWVCRM"', 'Vary': 'Accept-Encoding', 'Content-Encoding': 'gzip', 'CF-Cache-Status': 'DYNAMIC', 'Report-To': '{"endpoints":[{"url":"https:\\/\\/a.nel.cloudflare.com\\/report\\/v4?s=qzfdgJe94f6xh8YTYrCusV1B%2BbIJGufmd3%2FDqqeQ6Bpv1wZkoWBPEFn0v83NCqjRPbcf%2BSxFrwvsmFTMuNi6wy1LWtVV4GJc4%2B6Pj6gi3kXtXtXwl4VUe%2BZGN4ZVaJ37"}],"group":"cf-nel","max_age":604800}', 'NEL': '{"success_fraction":0,"report_to":"cf-nel","max_age":604800}', 'Server': 'cloudflare', 'CF-RAY': '86fadb11a9a881c7-IAD', 'alt-svc': 'h3=":443"; ma=86400'} 
 body={"results":[{"gender":"male","name":{"title":"Mr","first":"Vukota","last":"Bakić"},"location":{"street":{"number":5954,"name":"Binačka"},"city":"Veliko Gradište","state":"Prizren","country":"Serbia","postcode":49752,"coordinates":{"latitude":"56.3872","longitude":"-17.8754"},"timezone":{"offset":"+3:00","description":"Baghdad, Riyadh, Moscow, St. Petersburg"}},"email":"vukota.bakic@example.com","login":{"uuid":"f0891e97-2c91-4002-88fe-c31888938266","username":"yellowtiger797","password":"lakeside","salt":"iXMecbja","md5":"8103d8f06e698f8eef7bc499c91d4e51","sha1":"530041a200d55e97fae586d915e708e3d88b6616","sha256":"9fd3a1bc49e91d8c5ec77f056a71f2b6e17bfc887ad9a6dccb4d69da504a0eb4"},"dob":{"date":"1957-09-26T17:01:10.955Z","age":66},"registered":{"date":"2004-01-20T16:57:17.544Z","age":20},"phone":"025-6251-443","cell":"060-4666-468","id":{"name":"SID","value":"195590217"},"picture":{"large":"https://randomuser.me/api/portraits/men/51.jpg","medium":"https://randomuser.me/api/portraits/med/men/51.jpg","thumbnail":"https://randomuser.me/api/portraits/thumb/men/51.jpg"},"nat":"RS"}],"info":{"seed":"895ad4f8391b38e9","results":1,"page":1,"version":"1.4"}} 
 </msg>
<msg time="2024-04-05T16:18:44.221179" level="INFO">/opt/hostedtoolcache/Python/3.12.2/x64/lib/python3.12/site-packages/urllib3/connectionpool.py:1103: InsecureRequestWarning: Unverified HTTPS request is being made to host 'randomuser.me'. Adding certificate verification is strongly advised. See: https://urllib3.readthedocs.io/en/latest/advanced-usage.html#tls-warnings
  warnings.warn(</msg>
<msg time="2024-04-05T16:18:44.221331" level="INFO">${response} = &lt;Response [200]&gt;</msg>
<var>${response}</var>
<arg>consultarAPI</arg>
<arg>/api</arg>
<doc>Sends a GET request on a previously created HTTP Session.</doc>
<status status="PASS" start="2024-04-05T16:18:44.100408" elapsed="0.120971"/>
</kw>
<kw name="Set Variable" owner="BuiltIn">
<msg time="2024-04-05T16:18:44.222520" level="INFO">${json_data} = {'results': [{'gender': 'male', 'name': {'title': 'Mr', 'first': 'Vukota', 'last': 'Bakić'}, 'location': {'street': {'number': 5954, 'name': 'Binačka'}, 'city': 'Veliko Gradište', 'state': 'Prizren', ...</msg>
<var>${json_data}</var>
<arg>${response.json()}</arg>
<doc>Returns the given values which can then be assigned to a variables.</doc>
<status status="PASS" start="2024-04-05T16:18:44.221942" elapsed="0.000611"/>
</kw>
<kw name="Log" owner="BuiltIn">
<msg time="2024-04-05T16:18:44.223113" level="INFO">{'results': [{'gender': 'male', 'name': {'title': 'Mr', 'first': 'Vukota', 'last': 'Bakić'}, 'location': {'street': {'number': 5954, 'name': 'Binačka'}, 'city': 'Veliko Gradište', 'state': 'Prizren', 'country': 'Serbia', 'postcode': 49752, 'coordinates': {'latitude': '56.3872', 'longitude': '-17.8754'}, 'timezone': {'offset': '+3:00', 'description': 'Baghdad, Riyadh, Moscow, St. Petersburg'}}, 'email': 'vukota.bakic@example.com', 'login': {'uuid': 'f0891e97-2c91-4002-88fe-c31888938266', 'username': 'yellowtiger797', 'password': 'lakeside', 'salt': 'iXMecbja', 'md5': '8103d8f06e698f8eef7bc499c91d4e51', 'sha1': '530041a200d55e97fae586d915e708e3d88b6616', 'sha256': '9fd3a1bc49e91d8c5ec77f056a71f2b6e17bfc887ad9a6dccb4d69da504a0eb4'}, 'dob': {'date': '1957-09-26T17:01:10.955Z', 'age': 66}, 'registered': {'date': '2004-01-20T16:57:17.544Z', 'age': 20}, 'phone': '025-6251-443', 'cell': '060-4666-468', 'id': {'name': 'SID', 'value': '195590217'}, 'picture': {'large': 'https://randomuser.me/api/portraits/men/51.jpg', 'medium': 'https://randomuser.me/api/portraits/med/men/51.jpg', 'thumbnail': 'https://randomuser.me/api/portraits/thumb/men/51.jpg'}, 'nat': 'RS'}], 'info': {'seed': '895ad4f8391b38e9', 'results': 1, 'page': 1, 'version': '1.4'}}</msg>
<arg>${json_data}</arg>
<doc>Logs the given message with the given level.</doc>
<status status="PASS" start="2024-04-05T16:18:44.222928" elapsed="0.000241"/>
</kw>
<kw name="Dictionary Should Contain Key" owner="Collections">
<msg time="2024-04-05T16:18:44.223663" level="INFO">False</msg>
<arg>${json_data}</arg>
<arg>results</arg>
<doc>Fails if ``key`` is not found from ``dictionary``.</doc>
<status status="PASS" start="2024-04-05T16:18:44.223494" elapsed="0.000209"/>
</kw>
<kw name="Should Not Be Empty" owner="BuiltIn">
<msg time="2024-04-05T16:18:44.224154" level="INFO">Length is 2.</msg>
<arg>${json_data}</arg>
<doc>Verifies that the given item is not empty.</doc>
<status status="PASS" start="2024-04-05T16:18:44.224012" elapsed="0.000183"/>
</kw>
<kw name="Create List" owner="BuiltIn">
<msg time="2024-04-05T16:18:44.224654" level="INFO">${expected_keys} = ['gender', 'name', 'location', 'email', 'login']</msg>
<var>${expected_keys}</var>
<arg>gender</arg>
<arg>name</arg>
<arg>location</arg>
<arg>email</arg>
<arg>login</arg>
<doc>Returns a list containing given items.</doc>
<status status="PASS" start="2024-04-05T16:18:44.224497" elapsed="0.000181"/>
</kw>
<for flavor="IN">
<iter>
<kw name="Dictionary Should Contain Key" owner="Collections">
<msg time="2024-04-05T16:18:44.225758" level="INFO">False</msg>
<arg>${json_data['results'][0]}</arg>
<arg>${key}</arg>
<doc>Fails if ``key`` is not found from ``dictionary``.</doc>
<status status="PASS" start="2024-04-05T16:18:44.225330" elapsed="0.000469"/>
</kw>
<kw name="Log" owner="BuiltIn">
<msg time="2024-04-05T16:18:44.226502" level="INFO">{'gender': 'male', 'name': {'title': 'Mr', 'first': 'Vukota', 'last': 'Bakić'}, 'location': {'street': {'number': 5954, 'name': 'Binačka'}, 'city': 'Veliko Gradište', 'state': 'Prizren', 'country': 'Serbia', 'postcode': 49752, 'coordinates': {'latitude': '56.3872', 'longitude': '-17.8754'}, 'timezone': {'offset': '+3:00', 'description': 'Baghdad, Riyadh, Moscow, St. Petersburg'}}, 'email': 'vukota.bakic@example.com', 'login': {'uuid': 'f0891e97-2c91-4002-88fe-c31888938266', 'username': 'yellowtiger797', 'password': 'lakeside', 'salt': 'iXMecbja', 'md5': '8103d8f06e698f8eef7bc499c91d4e51', 'sha1': '530041a200d55e97fae586d915e708e3d88b6616', 'sha256': '9fd3a1bc49e91d8c5ec77f056a71f2b6e17bfc887ad9a6dccb4d69da504a0eb4'}, 'dob': {'date': '1957-09-26T17:01:10.955Z', 'age': 66}, 'registered': {'date': '2004-01-20T16:57:17.544Z', 'age': 20}, 'phone': '025-6251-443', 'cell': '060-4666-468', 'id': {'name': 'SID', 'value': '195590217'}, 'picture': {'large': 'https://randomuser.me/api/portraits/men/51.jpg', 'medium': 'https://randomuser.me/api/portraits/med/men/51.jpg', 'thumbnail': 'https://randomuser.me/api/portraits/thumb/men/51.jpg'}, 'nat': 'RS'}</msg>
<arg>${json_data['results'][0]}</arg>
<doc>Logs the given message with the given level.</doc>
<status status="PASS" start="2024-04-05T16:18:44.226118" elapsed="0.000436"/>
</kw>
<kw name="Log" owner="BuiltIn">
<msg time="2024-04-05T16:18:44.227002" level="INFO">gender</msg>
<arg>${key}</arg>
<doc>Logs the given message with the given level.</doc>
<status status="PASS" start="2024-04-05T16:18:44.226868" elapsed="0.000175"/>
</kw>
<var name="${key}">gender</var>
<status status="PASS" start="2024-04-05T16:18:44.225193" elapsed="0.002074"/>
</iter>
<iter>
<kw name="Dictionary Should Contain Key" owner="Collections">
<msg time="2024-04-05T16:18:44.227982" level="INFO">False</msg>
<arg>${json_data['results'][0]}</arg>
<arg>${key}</arg>
<doc>Fails if ``key`` is not found from ``dictionary``.</doc>
<status status="PASS" start="2024-04-05T16:18:44.227581" elapsed="0.000440"/>
</kw>
<kw name="Log" owner="BuiltIn">
<msg time="2024-04-05T16:18:44.228727" level="INFO">{'gender': 'male', 'name': {'title': 'Mr', 'first': 'Vukota', 'last': 'Bakić'}, 'location': {'street': {'number': 5954, 'name': 'Binačka'}, 'city': 'Veliko Gradište', 'state': 'Prizren', 'country': 'Serbia', 'postcode': 49752, 'coordinates': {'latitude': '56.3872', 'longitude': '-17.8754'}, 'timezone': {'offset': '+3:00', 'description': 'Baghdad, Riyadh, Moscow, St. Petersburg'}}, 'email': 'vukota.bakic@example.com', 'login': {'uuid': 'f0891e97-2c91-4002-88fe-c31888938266', 'username': 'yellowtiger797', 'password': 'lakeside', 'salt': 'iXMecbja', 'md5': '8103d8f06e698f8eef7bc499c91d4e51', 'sha1': '530041a200d55e97fae586d915e708e3d88b6616', 'sha256': '9fd3a1bc49e91d8c5ec77f056a71f2b6e17bfc887ad9a6dccb4d69da504a0eb4'}, 'dob': {'date': '1957-09-26T17:01:10.955Z', 'age': 66}, 'registered': {'date': '2004-01-20T16:57:17.544Z', 'age': 20}, 'phone': '025-6251-443', 'cell': '060-4666-468', 'id': {'name': 'SID', 'value': '195590217'}, 'picture': {'large': 'https://randomuser.me/api/portraits/men/51.jpg', 'medium': 'https://randomuser.me/api/portraits/med/men/51.jpg', 'thumbnail': 'https://randomuser.me/api/portraits/thumb/men/51.jpg'}, 'nat': 'RS'}</msg>
<arg>${json_data['results'][0]}</arg>
<doc>Logs the given message with the given level.</doc>
<status status="PASS" start="2024-04-05T16:18:44.228357" elapsed="0.000442"/>
</kw>
<kw name="Log" owner="BuiltIn">
<msg time="2024-04-05T16:18:44.229242" level="INFO">name</msg>
<arg>${key}</arg>
<doc>Logs the given message with the given level.</doc>
<status status="PASS" start="2024-04-05T16:18:44.229112" elapsed="0.000170"/>
</kw>
<var name="${key}">name</var>
<status status="PASS" start="2024-04-05T16:18:44.227465" elapsed="0.002050"/>
</iter>
<iter>
<kw name="Dictionary Should Contain Key" owner="Collections">
<msg time="2024-04-05T16:18:44.230208" level="INFO">False</msg>
<arg>${json_data['results'][0]}</arg>
<arg>${key}</arg>
<doc>Fails if ``key`` is not found from ``dictionary``.</doc>
<status status="PASS" start="2024-04-05T16:18:44.229825" elapsed="0.000421"/>
</kw>
<kw name="Log" owner="BuiltIn">
<msg time="2024-04-05T16:18:44.230923" level="INFO">{'gender': 'male', 'name': {'title': 'Mr', 'first': 'Vukota', 'last': 'Bakić'}, 'location': {'street': {'number': 5954, 'name': 'Binačka'}, 'city': 'Veliko Gradište', 'state': 'Prizren', 'country': 'Serbia', 'postcode': 49752, 'coordinates': {'latitude': '56.3872', 'longitude': '-17.8754'}, 'timezone': {'offset': '+3:00', 'description': 'Baghdad, Riyadh, Moscow, St. Petersburg'}}, 'email': 'vukota.bakic@example.com', 'login': {'uuid': 'f0891e97-2c91-4002-88fe-c31888938266', 'username': 'yellowtiger797', 'password': 'lakeside', 'salt': 'iXMecbja', 'md5': '8103d8f06e698f8eef7bc499c91d4e51', 'sha1': '530041a200d55e97fae586d915e708e3d88b6616', 'sha256': '9fd3a1bc49e91d8c5ec77f056a71f2b6e17bfc887ad9a6dccb4d69da504a0eb4'}, 'dob': {'date': '1957-09-26T17:01:10.955Z', 'age': 66}, 'registered': {'date': '2004-01-20T16:57:17.544Z', 'age': 20}, 'phone': '025-6251-443', 'cell': '060-4666-468', 'id': {'name': 'SID', 'value': '195590217'}, 'picture': {'large': 'https://randomuser.me/api/portraits/men/51.jpg', 'medium': 'https://randomuser.me/api/portraits/med/men/51.jpg', 'thumbnail': 'https://randomuser.me/api/portraits/thumb/men/51.jpg'}, 'nat': 'RS'}</msg>
<arg>${json_data['results'][0]}</arg>
<doc>Logs the given message with the given level.</doc>
<status status="PASS" start="2024-04-05T16:18:44.230549" elapsed="0.000434"/>
</kw>
<kw name="Log" owner="BuiltIn">
<msg time="2024-04-05T16:18:44.231416" level="INFO">location</msg>
<arg>${key}</arg>
<doc>Logs the given message with the given level.</doc>
<status status="PASS" start="2024-04-05T16:18:44.231285" elapsed="0.000171"/>
</kw>
<var name="${key}">location</var>
<status status="PASS" start="2024-04-05T16:18:44.229710" elapsed="0.001967"/>
</iter>
<iter>
<kw name="Dictionary Should Contain Key" owner="Collections">
<msg time="2024-04-05T16:18:44.232358" level="INFO">False</msg>
<arg>${json_data['results'][0]}</arg>
<arg>${key}</arg>
<doc>Fails if ``key`` is not found from ``dictionary``.</doc>
<status status="PASS" start="2024-04-05T16:18:44.231968" elapsed="0.000429"/>
</kw>
<kw name="Log" owner="BuiltIn">
<msg time="2024-04-05T16:18:44.233098" level="INFO">{'gender': 'male', 'name': {'title': 'Mr', 'first': 'Vukota', 'last': 'Bakić'}, 'location': {'street': {'number': 5954, 'name': 'Binačka'}, 'city': 'Veliko Gradište', 'state': 'Prizren', 'country': 'Serbia', 'postcode': 49752, 'coordinates': {'latitude': '56.3872', 'longitude': '-17.8754'}, 'timezone': {'offset': '+3:00', 'description': 'Baghdad, Riyadh, Moscow, St. Petersburg'}}, 'email': 'vukota.bakic@example.com', 'login': {'uuid': 'f0891e97-2c91-4002-88fe-c31888938266', 'username': 'yellowtiger797', 'password': 'lakeside', 'salt': 'iXMecbja', 'md5': '8103d8f06e698f8eef7bc499c91d4e51', 'sha1': '530041a200d55e97fae586d915e708e3d88b6616', 'sha256': '9fd3a1bc49e91d8c5ec77f056a71f2b6e17bfc887ad9a6dccb4d69da504a0eb4'}, 'dob': {'date': '1957-09-26T17:01:10.955Z', 'age': 66}, 'registered': {'date': '2004-01-20T16:57:17.544Z', 'age': 20}, 'phone': '025-6251-443', 'cell': '060-4666-468', 'id': {'name': 'SID', 'value': '195590217'}, 'picture': {'large': 'https://randomuser.me/api/portraits/men/51.jpg', 'medium': 'https://randomuser.me/api/portraits/med/men/51.jpg', 'thumbnail': 'https://randomuser.me/api/portraits/thumb/men/51.jpg'}, 'nat': 'RS'}</msg>
<arg>${json_data['results'][0]}</arg>
<doc>Logs the given message with the given level.</doc>
<status status="PASS" start="2024-04-05T16:18:44.232703" elapsed="0.000447"/>
</kw>
<kw name="Log" owner="BuiltIn">
<msg time="2024-04-05T16:18:44.233579" level="INFO">email</msg>
<arg>${key}</arg>
<doc>Logs the given message with the given level.</doc>
<status status="PASS" start="2024-04-05T16:18:44.233451" elapsed="0.000166"/>
</kw>
<var name="${key}">email</var>
<status status="PASS" start="2024-04-05T16:18:44.231854" elapsed="0.002053"/>
</iter>
<iter>
<kw name="Dictionary Should Contain Key" owner="Collections">
<msg time="2024-04-05T16:18:44.234899" level="INFO">False</msg>
<arg>${json_data['results'][0]}</arg>
<arg>${key}</arg>
<doc>Fails if ``key`` is not found from ``dictionary``.</doc>
<status status="PASS" start="2024-04-05T16:18:44.234341" elapsed="0.000603"/>
</kw>
<kw name="Log" owner="BuiltIn">
<msg time="2024-04-05T16:18:44.235667" level="INFO">{'gender': 'male', 'name': {'title': 'Mr', 'first': 'Vukota', 'last': 'Bakić'}, 'location': {'street': {'number': 5954, 'name': 'Binačka'}, 'city': 'Veliko Gradište', 'state': 'Prizren', 'country': 'Serbia', 'postcode': 49752, 'coordinates': {'latitude': '56.3872', 'longitude': '-17.8754'}, 'timezone': {'offset': '+3:00', 'description': 'Baghdad, Riyadh, Moscow, St. Petersburg'}}, 'email': 'vukota.bakic@example.com', 'login': {'uuid': 'f0891e97-2c91-4002-88fe-c31888938266', 'username': 'yellowtiger797', 'password': 'lakeside', 'salt': 'iXMecbja', 'md5': '8103d8f06e698f8eef7bc499c91d4e51', 'sha1': '530041a200d55e97fae586d915e708e3d88b6616', 'sha256': '9fd3a1bc49e91d8c5ec77f056a71f2b6e17bfc887ad9a6dccb4d69da504a0eb4'}, 'dob': {'date': '1957-09-26T17:01:10.955Z', 'age': 66}, 'registered': {'date': '2004-01-20T16:57:17.544Z', 'age': 20}, 'phone': '025-6251-443', 'cell': '060-4666-468', 'id': {'name': 'SID', 'value': '195590217'}, 'picture': {'large': 'https://randomuser.me/api/portraits/men/51.jpg', 'medium': 'https://randomuser.me/api/portraits/med/men/51.jpg', 'thumbnail': 'https://randomuser.me/api/portraits/thumb/men/51.jpg'}, 'nat': 'RS'}</msg>
<arg>${json_data['results'][0]}</arg>
<doc>Logs the given message with the given level.</doc>
<status status="PASS" start="2024-04-05T16:18:44.235295" elapsed="0.000425"/>
</kw>
<kw name="Log" owner="BuiltIn">
<msg time="2024-04-05T16:18:44.236163" level="INFO">login</msg>
<arg>${key}</arg>
<doc>Logs the given message with the given level.</doc>
<status status="PASS" start="2024-04-05T16:18:44.236031" elapsed="0.000292"/>
</kw>
<var name="${key}">login</var>
<status status="PASS" start="2024-04-05T16:18:44.234161" elapsed="0.002419"/>
</iter>
<var>${key}</var>
<value>@{expected_keys}</value>
<status status="PASS" start="2024-04-05T16:18:44.224992" elapsed="0.011721"/>
</for>
<kw name="Create List" owner="BuiltIn">
<msg time="2024-04-05T16:18:44.237108" level="INFO">${expected_keysTwo} = ['username', 'password']</msg>
<var>${expected_keysTwo}</var>
<arg>username</arg>
<arg>password</arg>
<doc>Returns a list containing given items.</doc>
<status status="PASS" start="2024-04-05T16:18:44.236963" elapsed="0.000169"/>
</kw>
<for flavor="IN">
<iter>
<kw name="Dictionary Should Contain Key" owner="Collections">
<msg time="2024-04-05T16:18:44.238049" level="INFO">False</msg>
<arg>${json_data['results'][0]['login']}</arg>
<arg>${keyTwo}</arg>
<doc>Fails if ``key`` is not found from ``dictionary``.</doc>
<status status="PASS" start="2024-04-05T16:18:44.237652" elapsed="0.000436"/>
</kw>
<kw name="Dictionary Should Contain Key" owner="Collections">
<msg time="2024-04-05T16:18:44.238788" level="INFO">False</msg>
<arg>${json_data['results'][0]['login']}</arg>
<arg>${keyTwo}</arg>
<doc>Fails if ``key`` is not found from ``dictionary``.</doc>
<status status="PASS" start="2024-04-05T16:18:44.238393" elapsed="0.000434"/>
</kw>
<kw name="Log" owner="BuiltIn">
<msg time="2024-04-05T16:18:44.239257" level="INFO">username</msg>
<arg>${keyTwo}</arg>
<doc>Logs the given message with the given level.</doc>
<status status="PASS" start="2024-04-05T16:18:44.239126" elapsed="0.000170"/>
</kw>
<var name="${keyTwo}">username</var>
<status status="PASS" start="2024-04-05T16:18:44.237540" elapsed="0.001975"/>
</iter>
<iter>
<kw name="Dictionary Should Contain Key" owner="Collections">
<msg time="2024-04-05T16:18:44.240184" level="INFO">False</msg>
<arg>${json_data['results'][0]['login']}</arg>
<arg>${keyTwo}</arg>
<doc>Fails if ``key`` is not found from ``dictionary``.</doc>
<status status="PASS" start="2024-04-05T16:18:44.239802" elapsed="0.000421"/>
</kw>
<kw name="Dictionary Should Contain Key" owner="Collections">
<msg time="2024-04-05T16:18:44.240953" level="INFO">False</msg>
<arg>${json_data['results'][0]['login']}</arg>
<arg>${keyTwo}</arg>
<doc>Fails if ``key`` is not found from ``dictionary``.</doc>
<status status="PASS" start="2024-04-05T16:18:44.240527" elapsed="0.000465"/>
</kw>
<kw name="Log" owner="BuiltIn">
<msg time="2024-04-05T16:18:44.241419" level="INFO">password</msg>
<arg>${keyTwo}</arg>
<doc>Logs the given message with the given level.</doc>
<status status="PASS" start="2024-04-05T16:18:44.241290" elapsed="0.000168"/>
</kw>
<var name="${keyTwo}">password</var>
<status status="PASS" start="2024-04-05T16:18:44.239691" elapsed="0.001984"/>
</iter>
<var>${keyTwo}</var>
<value>@{expected_keysTwo}</value>
<status status="PASS" start="2024-04-05T16:18:44.237380" elapsed="0.004417"/>
</for>
<status status="PASS" start="2024-04-05T16:18:44.100151" elapsed="0.141791"/>
</kw>
<doc>Testa a estrutura da resposta da API.</doc>
<tag>testeEstruturaResposta</tag>
<status status="PASS" start="2024-04-05T16:18:44.099334" elapsed="0.142777"/>
</test>
<test id="s1-s1-t4" name="Validar tipos de dados" line="28">
<kw name="Teste de Tipos de Dados" owner="random-user-service">
<kw name="GET On Session" owner="RequestsLibrary">
<msg time="2024-04-05T16:18:44.296067" level="INFO">GET Request : url=https://randomuser.me/api 
 path_url=/api 
 headers={'User-Agent': 'python-requests/2.31.0', 'Accept-Encoding': 'gzip, deflate', 'Accept': '*/*', 'Connection': 'keep-alive'} 
 body=None 
 </msg>
<msg time="2024-04-05T16:18:44.296185" level="INFO">GET Response : url=https://randomuser.me/api 
 status=200, reason=OK 
 headers={'Date': 'Fri, 05 Apr 2024 16:18:44 GMT', 'Content-Type': 'application/json; charset=utf-8', 'Transfer-Encoding': 'chunked', 'Connection': 'keep-alive', 'X-Powered-By': 'Express', 'Access-Control-Allow-Origin': '*', 'Cache-Control': 'no-cache', 'ETag': 'W/"490-Omhea+AZY7JNx5LDnqv1We7CEcI"', 'Vary': 'Accept-Encoding', 'Content-Encoding': 'gzip', 'CF-Cache-Status': 'DYNAMIC', 'Report-To': '{"endpoints":[{"url":"https:\\/\\/a.nel.cloudflare.com\\/report\\/v4?s=iKV%2B3Wx4gWW598nKSn8WnYcXOw3H%2BOsesjrc4b3DtmYpIZStlMGGhw%2FmzbJf4f2%2Fwmi0KU7gqyh6CesD7OedWbUmIV%2By951IUrjDEoSSYJQE5mhtFgnK80VobLTuFdDh"}],"group":"cf-nel","max_age":604800}', 'NEL': '{"success_fraction":0,"report_to":"cf-nel","max_age":604800}', 'Server': 'cloudflare', 'CF-RAY': '86fadb128acc81c7-IAD', 'alt-svc': 'h3=":443"; ma=86400'} 
 body={"results":[{"gender":"male","name":{"title":"Monsieur","first":"Fabrice","last":"Roger"},"location":{"street":{"number":8757,"name":"Rue Cyrus-Hugues"},"city":"Zofingen","state":"Aargau","country":"Switzerland","postcode":5503,"coordinates":{"latitude":"-55.8265","longitude":"-73.4674"},"timezone":{"offset":"+6:00","description":"Almaty, Dhaka, Colombo"}},"email":"fabrice.roger@example.com","login":{"uuid":"4ece7f08-5a7d-4a80-ad13-1c7c89def3e4","username":"bigduck158","password":"strength","salt":"wQE2QGd6","md5":"4aa1cef3ed4ff67723c4fd5633209d65","sha1":"818f3d43ca1a7c205434aa1a2a20324b11df11ea","sha256":"60095628fa364627a216a47b6a1634bffa6a9dd856d69de2119d24d35f9bd2dc"},"dob":{"date":"1989-08-24T14:04:34.784Z","age":34},"registered":{"date":"2011-11-13T00:18:03.641Z","age":12},"phone":"078 889 29 26","cell":"079 173 43 49","id":{"name":"AVS","value":"756.2812.2308.00"},"picture":{"large":"https://randomuser.me/api/portraits/men/79.jpg","medium":"https://randomuser.me/api/portraits/med/men/79.jpg","thumbnail":"https://randomuser.me/api/portraits/thumb/men/79.jpg"},"nat":"CH"}],"info":{"seed":"16312199c9883e44","results":1,"page":1,"version":"1.4"}} 
 </msg>
<msg time="2024-04-05T16:18:44.296265" level="INFO">/opt/hostedtoolcache/Python/3.12.2/x64/lib/python3.12/site-packages/urllib3/connectionpool.py:1103: InsecureRequestWarning: Unverified HTTPS request is being made to host 'randomuser.me'. Adding certificate verification is strongly advised. See: https://urllib3.readthedocs.io/en/latest/advanced-usage.html#tls-warnings
  warnings.warn(</msg>
<msg time="2024-04-05T16:18:44.296393" level="INFO">${response} = &lt;Response [200]&gt;</msg>
<var>${response}</var>
<arg>consultarAPI</arg>
<arg>/api</arg>
<doc>Sends a GET request on a previously created HTTP Session.</doc>
<status status="PASS" start="2024-04-05T16:18:44.244826" elapsed="0.051608"/>
</kw>
<kw name="Set Variable" owner="BuiltIn">
<msg time="2024-04-05T16:18:44.297598" level="INFO">${json_data} = {'results': [{'gender': 'male', 'name': {'title': 'Monsieur', 'first': 'Fabrice', 'last': 'Roger'}, 'location': {'street': {'number': 8757, 'name': 'Rue Cyrus-Hugues'}, 'city': 'Zofingen', 'state': 'A...</msg>
<var>${json_data}</var>
<arg>${response.json()}</arg>
<doc>Returns the given values which can then be assigned to a variables.</doc>
<status status="PASS" start="2024-04-05T16:18:44.297049" elapsed="0.000580"/>
</kw>
<kw name="Log" owner="BuiltIn">
<msg time="2024-04-05T16:18:44.298188" level="INFO">{'results': [{'gender': 'male', 'name': {'title': 'Monsieur', 'first': 'Fabrice', 'last': 'Roger'}, 'location': {'street': {'number': 8757, 'name': 'Rue Cyrus-Hugues'}, 'city': 'Zofingen', 'state': 'Aargau', 'country': 'Switzerland', 'postcode': 5503, 'coordinates': {'latitude': '-55.8265', 'longitude': '-73.4674'}, 'timezone': {'offset': '+6:00', 'description': 'Almaty, Dhaka, Colombo'}}, 'email': 'fabrice.roger@example.com', 'login': {'uuid': '4ece7f08-5a7d-4a80-ad13-1c7c89def3e4', 'username': 'bigduck158', 'password': 'strength', 'salt': 'wQE2QGd6', 'md5': '4aa1cef3ed4ff67723c4fd5633209d65', 'sha1': '818f3d43ca1a7c205434aa1a2a20324b11df11ea', 'sha256': '60095628fa364627a216a47b6a1634bffa6a9dd856d69de2119d24d35f9bd2dc'}, 'dob': {'date': '1989-08-24T14:04:34.784Z', 'age': 34}, 'registered': {'date': '2011-11-13T00:18:03.641Z', 'age': 12}, 'phone': '078 889 29 26', 'cell': '079 173 43 49', 'id': {'name': 'AVS', 'value': '756.2812.2308.00'}, 'picture': {'large': 'https://randomuser.me/api/portraits/men/79.jpg', 'medium': 'https://randomuser.me/api/portraits/med/men/79.jpg', 'thumbnail': 'https://randomuser.me/api/portraits/thumb/men/79.jpg'}, 'nat': 'CH'}], 'info': {'seed': '16312199c9883e44', 'results': 1, 'page': 1, 'version': '1.4'}}</msg>
<arg>${json_data}</arg>
<doc>Logs the given message with the given level.</doc>
<status status="PASS" start="2024-04-05T16:18:44.298012" elapsed="0.000268"/>
</kw>
<kw name="Should Be String" owner="String">
<arg>${json_data['results'][0]['gender']}</arg>
<doc>Fails if the given ``item`` is not a string.</doc>
<status status="PASS" start="2024-04-05T16:18:44.298613" elapsed="0.000399"/>
</kw>
<kw name="Should Match Regexp" owner="BuiltIn">
<arg>${json_data['results'][0]['email']}</arg>
<arg>^[a-zA-Z0-9._%+-]+@[a-zA-Z0-9.-]+\.[a-zA-Z]{2,}$</arg>
<doc>Fails if ``string`` does not match ``pattern`` as a regular expression.</doc>
<status status="PASS" start="2024-04-05T16:18:44.299218" elapsed="0.000546"/>
</kw>
<kw name="Should Match Regexp" owner="BuiltIn">
<arg>${json_data['results'][0]['dob']['date']}</arg>
<arg>\\d{4}-\\d{2}-\\d{2}T\\d{2}:\\d{2}:\\d{2}\\.\\d{3}Z</arg>
<doc>Fails if ``string`` does not match ``pattern`` as a regular expression.</doc>
<status status="PASS" start="2024-04-05T16:18:44.299973" elapsed="0.000512"/>
</kw>
<kw name="Should Match Regexp" owner="BuiltIn">
<arg>${json_data['results'][0]['registered']['date']}</arg>
<arg>\\d{4}-\\d{2}-\\d{2}T\\d{2}:\\d{2}:\\d{2}\\.\\d{3}Z</arg>
<doc>Fails if ``string`` does not match ``pattern`` as a regular expression.</doc>
<status status="PASS" start="2024-04-05T16:18:44.300684" elapsed="0.000424"/>
</kw>
<kw name="Should Match Regexp" owner="BuiltIn">
<arg>${json_data['results'][0]['picture']['large']}</arg>
<arg>^https?://.*\.(?:png|jpe?g|gif|bmp)$</arg>
<doc>Fails if ``string`` does not match ``pattern`` as a regular expression.</doc>
<status status="PASS" start="2024-04-05T16:18:44.301303" elapsed="0.000475"/>
</kw>
<kw name="Should Match Regexp" owner="BuiltIn">
<arg>${json_data['results'][0]['picture']['medium']}</arg>
<arg>^https?://.*\.(?:png|jpe?g|gif|bmp)$</arg>
<doc>Fails if ``string`` does not match ``pattern`` as a regular expression.</doc>
<status status="PASS" start="2024-04-05T16:18:44.301978" elapsed="0.000363"/>
</kw>
<kw name="Should Match Regexp" owner="BuiltIn">
<arg>${json_data['results'][0]['picture']['thumbnail']}</arg>
<arg>^https?://.*\.(?:png|jpe?g|gif|bmp)$</arg>
<doc>Fails if ``string`` does not match ``pattern`` as a regular expression.</doc>
<status status="PASS" start="2024-04-05T16:18:44.302530" elapsed="0.000359"/>
</kw>
<kw name="Log" owner="BuiltIn">
<msg time="2024-04-05T16:18:44.303398" level="INFO">{'large': 'https://randomuser.me/api/portraits/men/79.jpg', 'medium': 'https://randomuser.me/api/portraits/med/men/79.jpg', 'thumbnail': 'https://randomuser.me/api/portraits/thumb/men/79.jpg'}</msg>
<arg>${json_data['results'][0]['picture']}</arg>
<doc>Logs the given message with the given level.</doc>
<status status="PASS" start="2024-04-05T16:18:44.303074" elapsed="0.000366"/>
</kw>
<status status="PASS" start="2024-04-05T16:18:44.244546" elapsed="0.059164"/>
</kw>
<kw name="Teste de Tipos de Dados - Postcode" owner="random-user-service">
<kw name="GET On Session" owner="RequestsLibrary">
<msg time="2024-04-05T16:18:44.395198" level="INFO">GET Request : url=https://randomuser.me/api 
 path_url=/api 
 headers={'User-Agent': 'python-requests/2.31.0', 'Accept-Encoding': 'gzip, deflate', 'Accept': '*/*', 'Connection': 'keep-alive'} 
 body=None 
 </msg>
<msg time="2024-04-05T16:18:44.395323" level="INFO">GET Response : url=https://randomuser.me/api 
 status=200, reason=OK 
 headers={'Date': 'Fri, 05 Apr 2024 16:18:44 GMT', 'Content-Type': 'application/json; charset=utf-8', 'Transfer-Encoding': 'chunked', 'Connection': 'keep-alive', 'X-Powered-By': 'Express', 'Access-Control-Allow-Origin': '*', 'Cache-Control': 'no-cache', 'ETag': 'W/"47e-cLNTGqIKqc7eplozP+YLMiSdo6U"', 'Vary': 'Accept-Encoding', 'Content-Encoding': 'gzip', 'CF-Cache-Status': 'DYNAMIC', 'Report-To': '{"endpoints":[{"url":"https:\\/\\/a.nel.cloudflare.com\\/report\\/v4?s=YNqjTTPdGro5LES3ticsZ%2B8cxqw5CRUku2QdXj37TVFBGoLtTjV4oP6bdOLlwADrAMMrXQzyqrK5r2rzMtMEkRJdP9BV3jrqarJXnUrDw4Y1eAF%2B%2FmXodqjpiyvbgdOM"}],"group":"cf-nel","max_age":604800}', 'NEL': '{"success_fraction":0,"report_to":"cf-nel","max_age":604800}', 'Server': 'cloudflare', 'CF-RAY': '86fadb12eb2681c7-IAD', 'alt-svc': 'h3=":443"; ma=86400'} 
 body={"results":[{"gender":"female","name":{"title":"Ms","first":"Agata","last":"Zayko"},"location":{"street":{"number":9818,"name":"Kukurudzyana"},"city":"Verhivceve","state":"Hmelnicka","country":"Ukraine","postcode":32384,"coordinates":{"latitude":"80.5591","longitude":"49.2174"},"timezone":{"offset":"+2:00","description":"Kaliningrad, South Africa"}},"email":"agata.zayko@example.com","login":{"uuid":"05e8f72e-3103-490e-ba46-30bc593d5140","username":"heavyduck135","password":"cookie1","salt":"hdmJd5DQ","md5":"ba31dfaa913a2e65f079ba7ca62716b2","sha1":"de33eb84244853793bb753af1a32e6c06ef53e95","sha256":"409c30881dd8a8fda925311efb8ecfa72f0dab0121c8a71ccbe271e25303ca4e"},"dob":{"date":"1986-12-07T03:59:00.083Z","age":37},"registered":{"date":"2017-07-13T15:25:22.254Z","age":6},"phone":"(097) G83-1204","cell":"(066) O25-2656","id":{"name":"","value":null},"picture":{"large":"https://randomuser.me/api/portraits/women/30.jpg","medium":"https://randomuser.me/api/portraits/med/women/30.jpg","thumbnail":"https://randomuser.me/api/portraits/thumb/women/30.jpg"},"nat":"UA"}],"info":{"seed":"45152150c5a5a8ae","results":1,"page":1,"version":"1.4"}} 
 </msg>
<msg time="2024-04-05T16:18:44.395431" level="INFO">/opt/hostedtoolcache/Python/3.12.2/x64/lib/python3.12/site-packages/urllib3/connectionpool.py:1103: InsecureRequestWarning: Unverified HTTPS request is being made to host 'randomuser.me'. Adding certificate verification is strongly advised. See: https://urllib3.readthedocs.io/en/latest/advanced-usage.html#tls-warnings
  warnings.warn(</msg>
<msg time="2024-04-05T16:18:44.395562" level="INFO">${response} = &lt;Response [200]&gt;</msg>
<var>${response}</var>
<arg>consultarAPI</arg>
<arg>/api</arg>
<doc>Sends a GET request on a previously created HTTP Session.</doc>
<status status="PASS" start="2024-04-05T16:18:44.304357" elapsed="0.091345"/>
</kw>
<kw name="Set Variable" owner="BuiltIn">
<msg time="2024-04-05T16:18:44.396858" level="INFO">${json_data} = {'results': [{'gender': 'female', 'name': {'title': 'Ms', 'first': 'Agata', 'last': 'Zayko'}, 'location': {'street': {'number': 9818, 'name': 'Kukurudzyana'}, 'city': 'Verhivceve', 'state': 'Hmelnicka...</msg>
<var>${json_data}</var>
<arg>${response.json()}</arg>
<doc>Returns the given values which can then be assigned to a variables.</doc>
<status status="PASS" start="2024-04-05T16:18:44.396256" elapsed="0.000641"/>
</kw>
<kw name="Log" owner="BuiltIn">
<msg time="2024-04-05T16:18:44.397500" level="INFO">{'results': [{'gender': 'female', 'name': {'title': 'Ms', 'first': 'Agata', 'last': 'Zayko'}, 'location': {'street': {'number': 9818, 'name': 'Kukurudzyana'}, 'city': 'Verhivceve', 'state': 'Hmelnicka', 'country': 'Ukraine', 'postcode': 32384, 'coordinates': {'latitude': '80.5591', 'longitude': '49.2174'}, 'timezone': {'offset': '+2:00', 'description': 'Kaliningrad, South Africa'}}, 'email': 'agata.zayko@example.com', 'login': {'uuid': '05e8f72e-3103-490e-ba46-30bc593d5140', 'username': 'heavyduck135', 'password': 'cookie1', 'salt': 'hdmJd5DQ', 'md5': 'ba31dfaa913a2e65f079ba7ca62716b2', 'sha1': 'de33eb84244853793bb753af1a32e6c06ef53e95', 'sha256': '409c30881dd8a8fda925311efb8ecfa72f0dab0121c8a71ccbe271e25303ca4e'}, 'dob': {'date': '1986-12-07T03:59:00.083Z', 'age': 37}, 'registered': {'date': '2017-07-13T15:25:22.254Z', 'age': 6}, 'phone': '(097) G83-1204', 'cell': '(066) O25-2656', 'id': {'name': '', 'value': None}, 'picture': {'large': 'https://randomuser.me/api/portraits/women/30.jpg', 'medium': 'https://randomuser.me/api/portraits/med/women/30.jpg', 'thumbnail': 'https://randomuser.me/api/portraits/thumb/women/30.jpg'}, 'nat': 'UA'}], 'info': {'seed': '45152150c5a5a8ae', 'results': 1, 'page': 1, 'version': '1.4'}}</msg>
<arg>${json_data}</arg>
<doc>Logs the given message with the given level.</doc>
<status status="PASS" start="2024-04-05T16:18:44.397308" elapsed="0.000282"/>
</kw>
<kw name="Should Be Equal As Numbers" owner="BuiltIn">
<arg>${json_data['results'][0]['location']['postcode']}</arg>
<arg>${json_data['results'][0]['location']['postcode']}</arg>
<doc>Fails if objects are unequal after converting them to real numbers.</doc>
<status status="PASS" start="2024-04-05T16:18:44.397953" elapsed="0.000715"/>
</kw>
<kw name="Log" owner="BuiltIn">
<msg time="2024-04-05T16:18:44.399260" level="INFO">32384</msg>
<arg>${json_data['results'][0]['location']['postcode']}</arg>
<doc>Logs the given message with the given level.</doc>
<status status="PASS" start="2024-04-05T16:18:44.398894" elapsed="0.000411"/>
</kw>
<status status="PASS" start="2024-04-05T16:18:44.303953" elapsed="0.095638"/>
</kw>
<doc>Testa se os tipos de dados na resposta da API estão corretos.</doc>
<tag>testeTiposDados</tag>
<status status="PASS" start="2024-04-05T16:18:44.243936" elapsed="0.155880"/>
</test>
<test id="s1-s1-t5" name="Validar conteudo" line="35">
<kw name="Teste de Tipos de Conteudo" owner="random-user-service">
<kw name="GET On Session" owner="RequestsLibrary">
<msg time="2024-04-05T16:18:44.513515" level="INFO">GET Request : url=https://randomuser.me/api 
 path_url=/api 
 headers={'User-Agent': 'python-requests/2.31.0', 'Accept-Encoding': 'gzip, deflate', 'Accept': '*/*', 'Connection': 'keep-alive'} 
 body=None 
 </msg>
<msg time="2024-04-05T16:18:44.513634" level="INFO">GET Response : url=https://randomuser.me/api 
 status=200, reason=OK 
 headers={'Date': 'Fri, 05 Apr 2024 16:18:44 GMT', 'Content-Type': 'application/json; charset=utf-8', 'Transfer-Encoding': 'chunked', 'Connection': 'keep-alive', 'X-Powered-By': 'Express', 'Access-Control-Allow-Origin': '*', 'Cache-Control': 'no-cache', 'ETag': 'W/"49a-5+honQqUw15bPuMQdJMG8sosiRw"', 'Vary': 'Accept-Encoding', 'Content-Encoding': 'gzip', 'CF-Cache-Status': 'DYNAMIC', 'Report-To': '{"endpoints":[{"url":"https:\\/\\/a.nel.cloudflare.com\\/report\\/v4?s=mFVLLZuw84y5ZFt4gmY%2F7P4%2BUMpa6hjIVUZrqpYgdQnzrerd5z4cTlTYPDsDtYrYUW4oZ8sOuX2mYoFnJrsNgI3MQNsmHgQ32ooLwneunIE6AIWjR2iq3lmTdWCCjjgs"}],"group":"cf-nel","max_age":604800}', 'NEL': '{"success_fraction":0,"report_to":"cf-nel","max_age":604800}', 'Server': 'cloudflare', 'CF-RAY': '86fadb138be681c7-IAD', 'alt-svc': 'h3=":443"; ma=86400'} 
 body={"results":[{"gender":"female","name":{"title":"Ms","first":"مهرسا","last":"قاسمی"},"location":{"street":{"number":4384,"name":"آیت الله مدرس"},"city":"دزفول","state":"قزوین","country":"Iran","postcode":82989,"coordinates":{"latitude":"19.8674","longitude":"51.3013"},"timezone":{"offset":"+1:00","description":"Brussels, Copenhagen, Madrid, Paris"}},"email":"mhrs.qsmy@example.com","login":{"uuid":"b7d77168-c17c-4dc3-ab66-78ae467d70a8","username":"happyladybug576","password":"gunther","salt":"hEY2XnzT","md5":"0cccea0cd6bb466643c421e80881452d","sha1":"ea382e816e38b3a45d3a2ea4e759089f8cf9cb22","sha256":"a88bf31aa582347f29a9bdefc509f7d2b5488f71b7e1dc77c966efdce54e2395"},"dob":{"date":"1981-01-28T00:39:46.517Z","age":43},"registered":{"date":"2020-05-10T07:17:30.093Z","age":3},"phone":"044-84065775","cell":"0952-038-1232","id":{"name":"","value":null},"picture":{"large":"https://randomuser.me/api/portraits/women/26.jpg","medium":"https://randomuser.me/api/portraits/med/women/26.jpg","thumbnail":"https://randomuser.me/api/portraits/thumb/women/26.jpg"},"nat":"IR"}],"info":{"seed":"ec0285be0e7f1a34","results":1,"page":1,"version":"1.4"}} 
 </msg>
<msg time="2024-04-05T16:18:44.513710" level="INFO">/opt/hostedtoolcache/Python/3.12.2/x64/lib/python3.12/site-packages/urllib3/connectionpool.py:1103: InsecureRequestWarning: Unverified HTTPS request is being made to host 'randomuser.me'. Adding certificate verification is strongly advised. See: https://urllib3.readthedocs.io/en/latest/advanced-usage.html#tls-warnings
  warnings.warn(</msg>
<msg time="2024-04-05T16:18:44.513832" level="INFO">${response} = &lt;Response [200]&gt;</msg>
<var>${response}</var>
<arg>consultarAPI</arg>
<arg>/api</arg>
<doc>Sends a GET request on a previously created HTTP Session.</doc>
<status status="PASS" start="2024-04-05T16:18:44.402545" elapsed="0.111325"/>
</kw>
<kw name="Set Variable" owner="BuiltIn">
<msg time="2024-04-05T16:18:44.515005" level="INFO">${json_data} = {'results': [{'gender': 'female', 'name': {'title': 'Ms', 'first': 'مهرسا', 'last': 'قاسمی'}, 'location': {'street': {'number': 4384, 'name': 'آیت الله مدرس'}, 'city': 'دزفول', 'state': 'قزوین', 'coun...</msg>
<var>${json_data}</var>
<arg>${response.json()}</arg>
<doc>Returns the given values which can then be assigned to a variables.</doc>
<status status="PASS" start="2024-04-05T16:18:44.514440" elapsed="0.000597"/>
</kw>
<kw name="Set Variable" owner="BuiltIn">
<msg time="2024-04-05T16:18:44.515825" level="INFO">${name_title} = Ms</msg>
<var>${name_title}</var>
<arg>${json_data["results"][0]["name"]["title"]}</arg>
<doc>Returns the given values which can then be assigned to a variables.</doc>
<status status="PASS" start="2024-04-05T16:18:44.515401" elapsed="0.000450"/>
</kw>
<kw name="Create List" owner="BuiltIn">
<msg time="2024-04-05T16:18:44.516337" level="INFO">${allowed_titles} = ['Mr', 'Ms', 'Miss', 'Mrs', 'Madame', 'Monsieur']</msg>
<var>${allowed_titles}</var>
<arg>Mr</arg>
<arg>Ms</arg>
<arg>Miss</arg>
<arg>Mrs</arg>
<arg>Madame</arg>
<arg>Monsieur</arg>
<doc>Returns a list containing given items.</doc>
<status status="PASS" start="2024-04-05T16:18:44.516177" elapsed="0.000186"/>
</kw>
<kw name="List Should Contain Value" owner="Collections">
<msg time="2024-04-05T16:18:44.516902" level="INFO">False</msg>
<arg>${allowed_titles}</arg>
<arg>${name_title}</arg>
<doc>Fails if the ``value`` is not found from ``list``.</doc>
<status status="PASS" start="2024-04-05T16:18:44.516681" elapsed="0.000261"/>
</kw>
<kw name="Set Variable" owner="BuiltIn">
<msg time="2024-04-05T16:18:44.517651" level="INFO">${name_country} = IR</msg>
<var>${name_country}</var>
<arg>${json_data["results"][0]["nat"]}</arg>
<doc>Returns the given values which can then be assigned to a variables.</doc>
<status status="PASS" start="2024-04-05T16:18:44.517252" elapsed="0.000425"/>
</kw>
<kw name="Create List" owner="BuiltIn">
<msg time="2024-04-05T16:18:44.518600" level="INFO">${list_country} = ['AD', 'AE', 'AF', 'AG', 'AI', 'AL', 'AM', 'AO', 'AQ', 'AR', 'AS', 'AT', 'AU', 'AW', 'AX', 'AZ', 'BA', 'BB', 'BD', 'BE', 'BF', 'BG', 'BH', 'BI', 'BJ', 'BL', 'BM', 'BN', 'BO', 'BQ', 'BR', 'BS', 'BT', '...</msg>
<var>${list_country}</var>
<arg>AD</arg>
<arg>AE</arg>
<arg>AF</arg>
<arg>AG</arg>
<arg>AI</arg>
<arg>AL</arg>
<arg>AM</arg>
<arg>AO</arg>
<arg>AQ</arg>
<arg>AR</arg>
<arg>AS</arg>
<arg>AT</arg>
<arg>AU</arg>
<arg>AW</arg>
<arg>AX</arg>
<arg>AZ</arg>
<arg>BA</arg>
<arg>BB</arg>
<arg>BD</arg>
<arg>BE</arg>
<arg>BF</arg>
<arg>BG</arg>
<arg>BH</arg>
<arg>BI</arg>
<arg>BJ</arg>
<arg>BL</arg>
<arg>BM</arg>
<arg>BN</arg>
<arg>BO</arg>
<arg>BQ</arg>
<arg>BR</arg>
<arg>BS</arg>
<arg>BT</arg>
<arg>BV</arg>
<arg>BW</arg>
<arg>BY</arg>
<arg>BZ</arg>
<arg>CA</arg>
<arg>CC</arg>
<arg>CD</arg>
<arg>CF</arg>
<arg>CG</arg>
<arg>CH</arg>
<arg>CI</arg>
<arg>CK</arg>
<arg>CL</arg>
<arg>CM</arg>
<arg>CN</arg>
<arg>CO</arg>
<arg>CR</arg>
<arg>CU</arg>
<arg>CV</arg>
<arg>CW</arg>
<arg>CX</arg>
<arg>CY</arg>
<arg>CZ</arg>
<arg>DE</arg>
<arg>DJ</arg>
<arg>DK</arg>
<arg>DM</arg>
<arg>DO</arg>
<arg>DZ</arg>
<arg>EC</arg>
<arg>EE</arg>
<arg>EG</arg>
<arg>EH</arg>
<arg>ER</arg>
<arg>ES</arg>
<arg>ET</arg>
<arg>FI</arg>
<arg>FJ</arg>
<arg>FK</arg>
<arg>FM</arg>
<arg>FO</arg>
<arg>FR</arg>
<arg>GA</arg>
<arg>GB</arg>
<arg>GD</arg>
<arg>GE</arg>
<arg>GF</arg>
<arg>GG</arg>
<arg>GH</arg>
<arg>GI</arg>
<arg>GL</arg>
<arg>GM</arg>
<arg>GN</arg>
<arg>GP</arg>
<arg>GQ</arg>
<arg>GR</arg>
<arg>GS</arg>
<arg>GT</arg>
<arg>GU</arg>
<arg>GW</arg>
<arg>GY</arg>
<arg>HK</arg>
<arg>HM</arg>
<arg>HN</arg>
<arg>HR</arg>
<arg>HT</arg>
<arg>HU</arg>
<arg>ID</arg>
<arg>IE</arg>
<arg>IL</arg>
<arg>IM</arg>
<arg>IN</arg>
<arg>IO</arg>
<arg>IQ</arg>
<arg>IR</arg>
<arg>IS</arg>
<arg>IT</arg>
<arg>JE</arg>
<arg>JM</arg>
<arg>JO</arg>
<arg>JP</arg>
<arg>KE</arg>
<arg>KG</arg>
<arg>KH</arg>
<arg>KI</arg>
<arg>KM</arg>
<arg>KN</arg>
<arg>KP</arg>
<arg>KR</arg>
<arg>KW</arg>
<arg>KY</arg>
<arg>KZ</arg>
<arg>LA</arg>
<arg>LB</arg>
<arg>LC</arg>
<arg>LI</arg>
<arg>LK</arg>
<arg>LR</arg>
<arg>LS</arg>
<arg>LT</arg>
<arg>LU</arg>
<arg>LV</arg>
<arg>LY</arg>
<arg>MA</arg>
<arg>MC</arg>
<arg>MD</arg>
<arg>ME</arg>
<arg>MF</arg>
<arg>MG</arg>
<arg>MH</arg>
<arg>MK</arg>
<arg>ML</arg>
<arg>MM</arg>
<arg>MN</arg>
<arg>MO</arg>
<arg>MP</arg>
<arg>MQ</arg>
<arg>MR</arg>
<arg>MS</arg>
<arg>MT</arg>
<arg>MU</arg>
<arg>MV</arg>
<arg>MW</arg>
<arg>MX</arg>
<arg>MY</arg>
<arg>MZ</arg>
<arg>NA</arg>
<arg>NC</arg>
<arg>NE</arg>
<arg>NF</arg>
<arg>NG</arg>
<arg>NI</arg>
<arg>NL</arg>
<arg>NO</arg>
<arg>NP</arg>
<arg>NR</arg>
<arg>NU</arg>
<arg>NZ</arg>
<arg>OM</arg>
<arg>PA</arg>
<arg>PE</arg>
<arg>PF</arg>
<arg>PG</arg>
<arg>PH</arg>
<arg>PK</arg>
<arg>PL</arg>
<arg>PM</arg>
<arg>PN</arg>
<arg>PR</arg>
<arg>PS</arg>
<arg>PT</arg>
<arg>PW</arg>
<arg>PY</arg>
<arg>QA</arg>
<arg>RE</arg>
<arg>RO</arg>
<arg>RS</arg>
<arg>RU</arg>
<arg>RW</arg>
<arg>SA</arg>
<arg>SB</arg>
<arg>SC</arg>
<arg>SD</arg>
<arg>SE</arg>
<arg>SG</arg>
<arg>SH</arg>
<arg>SI</arg>
<arg>SJ</arg>
<arg>SK</arg>
<arg>SL</arg>
<arg>SM</arg>
<arg>SN</arg>
<arg>SO</arg>
<arg>SR</arg>
<arg>SS</arg>
<arg>ST</arg>
<arg>SV</arg>
<arg>SX</arg>
<arg>SY</arg>
<arg>SZ</arg>
<arg>TC</arg>
<arg>TD</arg>
<arg>TF</arg>
<arg>TG</arg>
<arg>TH</arg>
<arg>TJ</arg>
<arg>TK</arg>
<arg>TL</arg>
<arg>TM</arg>
<arg>TN</arg>
<arg>TO</arg>
<arg>TR</arg>
<arg>TT</arg>
<arg>TV</arg>
<arg>TW</arg>
<arg>TZ</arg>
<arg>UA</arg>
<arg>UG</arg>
<arg>UM</arg>
<arg>US</arg>
<arg>UY</arg>
<arg>UZ</arg>
<arg>VA</arg>
<arg>VC</arg>
<arg>VE</arg>
<arg>VG</arg>
<arg>VI</arg>
<arg>VN</arg>
<arg>VU</arg>
<arg>WF</arg>
<arg>WS</arg>
<arg>XK</arg>
<arg>YE</arg>
<arg>YT</arg>
<arg>ZA</arg>
<arg>ZM</arg>
<arg>ZW</arg>
<doc>Returns a list containing given items.</doc>
<status status="PASS" start="2024-04-05T16:18:44.517989" elapsed="0.000638"/>
</kw>
<kw name="List Should Contain Value" owner="Collections">
<msg time="2024-04-05T16:18:44.519787" level="INFO">False</msg>
<arg>${list_country}</arg>
<arg>${name_country}</arg>
<doc>Fails if the ``value`` is not found from ``list``.</doc>
<status status="PASS" start="2024-04-05T16:18:44.519572" elapsed="0.000254"/>
</kw>
<kw name="Run Keyword If" owner="BuiltIn">
<kw name="Should Be True" owner="BuiltIn">
<arg>${True}</arg>
<doc>Fails if the given condition is not true.</doc>
<status status="PASS" start="2024-04-05T16:18:44.520942" elapsed="0.000150"/>
</kw>
<arg>${json_data["results"][0]["location"]["coordinates"]["latitude"]} &gt;= -90 and ${json_data["results"][0]["location"]["coordinates"]["latitude"]} &lt;= 90</arg>
<arg>Should Be True</arg>
<arg>${True}</arg>
<doc>Runs the given keyword with the given arguments, if ``condition`` is true.</doc>
<status status="PASS" start="2024-04-05T16:18:44.520147" elapsed="0.001076"/>
</kw>
<kw name="Run Keyword If" owner="BuiltIn">
<kw name="Should Be True" owner="BuiltIn">
<arg>${True}</arg>
<doc>Fails if the given condition is not true.</doc>
<status status="PASS" start="2024-04-05T16:18:44.522141" elapsed="0.000140"/>
</kw>
<arg>${json_data["results"][0]["location"]["coordinates"]["longitude"]} &gt;= -180 and ${json_data["results"][0]["location"]["coordinates"]["longitude"]} &lt;= 180</arg>
<arg>Should Be True</arg>
<arg>${True}</arg>
<doc>Runs the given keyword with the given arguments, if ``condition`` is true.</doc>
<status status="PASS" start="2024-04-05T16:18:44.521420" elapsed="0.000988"/>
</kw>
<status status="PASS" start="2024-04-05T16:18:44.402278" elapsed="0.120267"/>
</kw>
<doc>Testa o conteúdo específico dos campos retornados pela API.</doc>
<tag>testeConteudo</tag>
<status status="PASS" start="2024-04-05T16:18:44.401771" elapsed="0.120936"/>
</test>
<status status="PASS" start="2024-04-05T16:18:43.563551" elapsed="0.961158"/>
</suite>
<status status="PASS" start="2024-04-05T16:18:43.549299" elapsed="0.980852"/>
</suite>
<statistics>
<total>
<stat pass="5" fail="0" skip="0">All Tests</stat>
</total>
<tag>
<stat pass="1" fail="0" skip="0">testeConteudo</stat>
<stat pass="1" fail="0" skip="0">testeEstruturaResposta</stat>
<stat pass="1" fail="0" skip="0">testeRequisicaoBasica</stat>
<stat pass="1" fail="0" skip="0">testeTiposDados</stat>
</tag>
<suite>
<stat pass="5" fail="0" skip="0" id="s1" name="Tests">Tests</stat>
<stat pass="5" fail="0" skip="0" id="s1-s1" name="Random-User-Test">Tests.Random-User-Test</stat>
</suite>
</statistics>
<errors>
</errors>
</robot>
