<?xml version="1.0" encoding="UTF-8"?>
<robot generator="Robot 7.0.1 (Python 3.12.4 on linux)" generated="2024-08-09T22:16:00.559879" rpa="false" schemaversion="5">
<suite id="s1" name="Tests" source="/home/runner/work/ApiRandomUser/ApiRandomUser/RamdonUser/tests">
<suite id="s1-s1" name="Random-User-Test" source="/home/runner/work/ApiRandomUser/ApiRandomUser/RamdonUser/tests/random-user-test.robot">
<test id="s1-s1-t1" name="Conectar" line="13">
<kw name="Conectar API" owner="random-user-service">
<kw name="Create Session" owner="RequestsLibrary">
<msg time="2024-08-09T22:16:00.959601" level="INFO">Creating Session using : alias=consultarAPI, url=https://randomuser.me/, headers={},                     cookies={}, auth=None, timeout=None, proxies=None, verify=False,                     debug=0 </msg>
<arg>consultarAPI</arg>
<arg>${URL}</arg>
<doc>Create Session: create a HTTP session to a server</doc>
<status status="PASS" start="2024-08-09T22:16:00.959399" elapsed="0.000384"/>
</kw>
<status status="PASS" start="2024-08-09T22:16:00.958341" elapsed="0.001806"/>
</kw>
<status status="PASS" start="2024-08-09T22:16:00.957671" elapsed="0.002675"/>
</test>
<test id="s1-s1-t2" name="Validar retorno 200 e JSON Válido" line="16">
<kw name="Teste de Requisicao Basica" owner="random-user-service">
<kw name="GET On Session" owner="RequestsLibrary">
<msg time="2024-08-09T22:16:01.176297" level="INFO">GET Request : url=https://randomuser.me/api 
 path_url=/api 
 headers={'User-Agent': 'python-requests/2.32.3', 'Accept-Encoding': 'gzip, deflate', 'Accept': '*/*', 'Connection': 'keep-alive'} 
 body=None 
 </msg>
<msg time="2024-08-09T22:16:01.176472" level="INFO">GET Response : url=https://randomuser.me/api 
 status=200, reason=OK 
 headers={'Date': 'Fri, 09 Aug 2024 22:16:01 GMT', 'Content-Type': 'application/json; charset=utf-8', 'Transfer-Encoding': 'chunked', 'Connection': 'keep-alive', 'X-Powered-By': 'Express', 'Access-Control-Allow-Origin': '*', 'Cache-Control': 'no-cache', 'ETag': 'W/"480-SQRQWNHtPgqevskbwLMXf3sz+Js"', 'Vary': 'Accept-Encoding', 'Content-Encoding': 'gzip', 'CF-Cache-Status': 'DYNAMIC', 'Report-To': '{"endpoints":[{"url":"https:\\/\\/a.nel.cloudflare.com\\/report\\/v4?s=ydMwI%2BriFgBgbQtn%2FthL2FL%2B%2FgCwMudFsUhUGozo%2BNFUyhjIfKcNcU5dYsHhdzmu%2B1zPNyleKn2pI%2F8KLXKn5yPThlHWtfeSG0e%2F80%2BoO4gDjNxZPtWw%2FbqwlTBuPSJr"}],"group":"cf-nel","max_age":604800}', 'NEL': '{"success_fraction":0,"report_to":"cf-nel","max_age":604800}', 'Server': 'cloudflare', 'CF-RAY': '8b0b1baefd6d9120-ORD', 'alt-svc': 'h3=":443"; ma=86400'} 
 body={"results":[{"gender":"male","name":{"title":"Mr","first":"Ramzy","last":"Viveen"},"location":{"street":{"number":3939,"name":"Hoogen Paet"},"city":"Katlijk","state":"Drenthe","country":"Netherlands","postcode":"5128 SZ","coordinates":{"latitude":"31.4316","longitude":"-78.8089"},"timezone":{"offset":"-11:00","description":"Midway Island, Samoa"}},"email":"ramzy.viveen@example.com","login":{"uuid":"be06c60f-fff1-49fe-b4e9-de97fd9e0b87","username":"tinymeercat842","password":"coyote","salt":"970gL84Q","md5":"b27ca2f25fe19db2f3e56cc37cfee0c9","sha1":"977fee5f5912b6af6524cd29c5c4a3b94c286539","sha256":"506249cc38f6c6412977e7e6a606dc078465191bb3efacf0a8568611fa56d7b6"},"dob":{"date":"1995-11-20T21:35:52.396Z","age":28},"registered":{"date":"2013-12-01T12:52:03.075Z","age":10},"phone":"(098) 5807543","cell":"(06) 99982343","id":{"name":"BSN","value":"24924568"},"picture":{"large":"https://randomuser.me/api/portraits/men/45.jpg","medium":"https://randomuser.me/api/portraits/med/men/45.jpg","thumbnail":"https://randomuser.me/api/portraits/thumb/men/45.jpg"},"nat":"NL"}],"info":{"seed":"8df94c1da5da1ac3","results":1,"page":1,"version":"1.4"}} 
 </msg>
<msg time="2024-08-09T22:16:01.176567" level="INFO">/opt/hostedtoolcache/Python/3.12.4/x64/lib/python3.12/site-packages/urllib3/connectionpool.py:1099: InsecureRequestWarning: Unverified HTTPS request is being made to host 'randomuser.me'. Adding certificate verification is strongly advised. See: https://urllib3.readthedocs.io/en/latest/advanced-usage.html#tls-warnings
  warnings.warn(</msg>
<msg time="2024-08-09T22:16:01.176734" level="INFO">${response} = &lt;Response [200]&gt;</msg>
<var>${response}</var>
<arg>consultarAPI</arg>
<arg>/api</arg>
<doc>Sends a GET request on a previously created HTTP Session.</doc>
<status status="PASS" start="2024-08-09T22:16:00.963059" elapsed="0.213717"/>
</kw>
<kw name="Should Be Equal As Numbers" owner="BuiltIn">
<msg time="2024-08-09T22:16:01.177849" level="INFO">Argument types are:
&lt;class 'int'&gt;
&lt;class 'str'&gt;</msg>
<arg>${response.status_code}</arg>
<arg>200</arg>
<doc>Fails if objects are unequal after converting them to real numbers.</doc>
<status status="PASS" start="2024-08-09T22:16:01.177368" elapsed="0.000579"/>
</kw>
<kw name="Log" owner="BuiltIn">
<msg time="2024-08-09T22:16:01.178613" level="INFO">200</msg>
<arg>${response.status_code}</arg>
<doc>Logs the given message with the given level.</doc>
<status status="PASS" start="2024-08-09T22:16:01.178265" elapsed="0.000389"/>
</kw>
<kw name="Set Variable" owner="BuiltIn">
<msg time="2024-08-09T22:16:01.179376" level="INFO">${json_data} = {'results': [{'gender': 'male', 'name': {'title': 'Mr', 'first': 'Ramzy', 'last': 'Viveen'}, 'location': {'street': {'number': 3939, 'name': 'Hoogen Paet'}, 'city': 'Katlijk', 'state': 'Drenthe', 'cou...</msg>
<var>${json_data}</var>
<arg>${response.json()}</arg>
<doc>Returns the given values which can then be assigned to a variables.</doc>
<status status="PASS" start="2024-08-09T22:16:01.178954" elapsed="0.000457"/>
</kw>
<kw name="Dictionary Should Contain Key" owner="Collections">
<arg>${json_data}</arg>
<arg>results</arg>
<doc>Fails if ``key`` is not found from ``dictionary``.</doc>
<status status="PASS" start="2024-08-09T22:16:01.179710" elapsed="0.000310"/>
</kw>
<status status="PASS" start="2024-08-09T22:16:00.962813" elapsed="0.217358"/>
</kw>
<doc>Testa se a API responde corretamente e retorna um objeto JSON válido.</doc>
<tag>testeRequisicaoBasica</tag>
<status status="PASS" start="2024-08-09T22:16:00.962260" elapsed="0.218081"/>
</test>
<test id="s1-s1-t3" name="Validar estrutura de resposta" line="22">
<kw name="Teste de Estrutura de Resposta" owner="random-user-service">
<kw name="GET On Session" owner="RequestsLibrary">
<msg time="2024-08-09T22:16:01.273560" level="INFO">GET Request : url=https://randomuser.me/api 
 path_url=/api 
 headers={'User-Agent': 'python-requests/2.32.3', 'Accept-Encoding': 'gzip, deflate', 'Accept': '*/*', 'Connection': 'keep-alive'} 
 body=None 
 </msg>
<msg time="2024-08-09T22:16:01.273653" level="INFO">GET Response : url=https://randomuser.me/api 
 status=200, reason=OK 
 headers={'Date': 'Fri, 09 Aug 2024 22:16:01 GMT', 'Content-Type': 'application/json; charset=utf-8', 'Transfer-Encoding': 'chunked', 'Connection': 'keep-alive', 'X-Powered-By': 'Express', 'Access-Control-Allow-Origin': '*', 'Cache-Control': 'no-cache', 'ETag': 'W/"4a2-aiybpEFe0dmIhLnwPitlwKS6yGU"', 'Vary': 'Accept-Encoding', 'Content-Encoding': 'gzip', 'CF-Cache-Status': 'DYNAMIC', 'Report-To': '{"endpoints":[{"url":"https:\\/\\/a.nel.cloudflare.com\\/report\\/v4?s=6dNl5TgGVWzVg8f3AzQuqrRvI2rIVy9KRnM1Q0ZOEvkMHclClZEHvH80pP%2FDcqiiB5PAIKzapV%2B4J6FRj3%2FNubWqjyEmykHl6htgPU0hvs%2FAGG2RrtA8IhD8qskoW%2F04"}],"group":"cf-nel","max_age":604800}', 'NEL': '{"success_fraction":0,"report_to":"cf-nel","max_age":604800}', 'Server': 'cloudflare', 'CF-RAY': '8b0b1baf6eae9120-ORD', 'alt-svc': 'h3=":443"; ma=86400'} 
 body={"results":[{"gender":"female","name":{"title":"Ms","first":"Tracy","last":"Franklin"},"location":{"street":{"number":3572,"name":"Bridge Road"},"city":"Derby","state":"South Yorkshire","country":"United Kingdom","postcode":"S89 2AY","coordinates":{"latitude":"-7.9315","longitude":"45.2769"},"timezone":{"offset":"+1:00","description":"Brussels, Copenhagen, Madrid, Paris"}},"email":"tracy.franklin@example.com","login":{"uuid":"f4d7514c-5357-4373-bc18-d34a42388340","username":"lazyswan296","password":"almond","salt":"mxEnEoTU","md5":"0549975a19dd19e69ac3907639aee0c9","sha1":"5412feb1cf61d39ac5348037f55c5f25fbe47ebe","sha256":"5d1a94b4ee4f57817f5c239411f88752fa7b9a74d0c055557a2ce0a14c7300f1"},"dob":{"date":"1961-11-23T22:39:49.229Z","age":62},"registered":{"date":"2016-01-04T03:08:00.627Z","age":8},"phone":"015394 36717","cell":"07156 057249","id":{"name":"NINO","value":"ZH 80 58 85 M"},"picture":{"large":"https://randomuser.me/api/portraits/women/24.jpg","medium":"https://randomuser.me/api/portraits/med/women/24.jpg","thumbnail":"https://randomuser.me/api/portraits/thumb/women/24.jpg"},"nat":"GB"}],"info":{"seed":"65f6154a6d2b3b32","results":1,"page":1,"version":"1.4"}} 
 </msg>
<msg time="2024-08-09T22:16:01.273809" level="INFO">/opt/hostedtoolcache/Python/3.12.4/x64/lib/python3.12/site-packages/urllib3/connectionpool.py:1099: InsecureRequestWarning: Unverified HTTPS request is being made to host 'randomuser.me'. Adding certificate verification is strongly advised. See: https://urllib3.readthedocs.io/en/latest/advanced-usage.html#tls-warnings
  warnings.warn(</msg>
<msg time="2024-08-09T22:16:01.274014" level="INFO">${response} = &lt;Response [200]&gt;</msg>
<var>${response}</var>
<arg>consultarAPI</arg>
<arg>/api</arg>
<doc>Sends a GET request on a previously created HTTP Session.</doc>
<status status="PASS" start="2024-08-09T22:16:01.182850" elapsed="0.091204"/>
</kw>
<kw name="Set Variable" owner="BuiltIn">
<msg time="2024-08-09T22:16:01.275232" level="INFO">${json_data} = {'results': [{'gender': 'female', 'name': {'title': 'Ms', 'first': 'Tracy', 'last': 'Franklin'}, 'location': {'street': {'number': 3572, 'name': 'Bridge Road'}, 'city': 'Derby', 'state': 'South Yorksh...</msg>
<var>${json_data}</var>
<arg>${response.json()}</arg>
<doc>Returns the given values which can then be assigned to a variables.</doc>
<status status="PASS" start="2024-08-09T22:16:01.274571" elapsed="0.000689"/>
</kw>
<kw name="Log" owner="BuiltIn">
<msg time="2024-08-09T22:16:01.275731" level="INFO">{'results': [{'gender': 'female', 'name': {'title': 'Ms', 'first': 'Tracy', 'last': 'Franklin'}, 'location': {'street': {'number': 3572, 'name': 'Bridge Road'}, 'city': 'Derby', 'state': 'South Yorkshire', 'country': 'United Kingdom', 'postcode': 'S89 2AY', 'coordinates': {'latitude': '-7.9315', 'longitude': '45.2769'}, 'timezone': {'offset': '+1:00', 'description': 'Brussels, Copenhagen, Madrid, Paris'}}, 'email': 'tracy.franklin@example.com', 'login': {'uuid': 'f4d7514c-5357-4373-bc18-d34a42388340', 'username': 'lazyswan296', 'password': 'almond', 'salt': 'mxEnEoTU', 'md5': '0549975a19dd19e69ac3907639aee0c9', 'sha1': '5412feb1cf61d39ac5348037f55c5f25fbe47ebe', 'sha256': '5d1a94b4ee4f57817f5c239411f88752fa7b9a74d0c055557a2ce0a14c7300f1'}, 'dob': {'date': '1961-11-23T22:39:49.229Z', 'age': 62}, 'registered': {'date': '2016-01-04T03:08:00.627Z', 'age': 8}, 'phone': '015394 36717', 'cell': '07156 057249', 'id': {'name': 'NINO', 'value': 'ZH 80 58 85 M'}, 'picture': {'large': 'https://randomuser.me/api/portraits/women/24.jpg', 'medium': 'https://randomuser.me/api/portraits/med/women/24.jpg', 'thumbnail': 'https://randomuser.me/api/portraits/thumb/women/24.jpg'}, 'nat': 'GB'}], 'info': {'seed': '65f6154a6d2b3b32', 'results': 1, 'page': 1, 'version': '1.4'}}</msg>
<arg>${json_data}</arg>
<doc>Logs the given message with the given level.</doc>
<status status="PASS" start="2024-08-09T22:16:01.275571" elapsed="0.000209"/>
</kw>
<kw name="Dictionary Should Contain Key" owner="Collections">
<arg>${json_data}</arg>
<arg>results</arg>
<doc>Fails if ``key`` is not found from ``dictionary``.</doc>
<status status="PASS" start="2024-08-09T22:16:01.276079" elapsed="0.000168"/>
</kw>
<kw name="Should Not Be Empty" owner="BuiltIn">
<msg time="2024-08-09T22:16:01.276568" level="INFO">Length is 2.</msg>
<arg>${json_data}</arg>
<doc>Verifies that the given item is not empty.</doc>
<status status="PASS" start="2024-08-09T22:16:01.276439" elapsed="0.000169"/>
</kw>
<kw name="Create List" owner="BuiltIn">
<msg time="2024-08-09T22:16:01.277064" level="INFO">${expected_keys} = ['gender', 'name', 'location', 'email', 'login']</msg>
<var>${expected_keys}</var>
<arg>gender</arg>
<arg>name</arg>
<arg>location</arg>
<arg>email</arg>
<arg>login</arg>
<doc>Returns a list containing given items.</doc>
<status status="PASS" start="2024-08-09T22:16:01.276905" elapsed="0.000185"/>
</kw>
<for flavor="IN">
<iter>
<kw name="Dictionary Should Contain Key" owner="Collections">
<arg>${json_data['results'][0]}</arg>
<arg>${key}</arg>
<doc>Fails if ``key`` is not found from ``dictionary``.</doc>
<status status="PASS" start="2024-08-09T22:16:01.277680" elapsed="0.000431"/>
</kw>
<kw name="Log" owner="BuiltIn">
<msg time="2024-08-09T22:16:01.278663" level="INFO">{'gender': 'female', 'name': {'title': 'Ms', 'first': 'Tracy', 'last': 'Franklin'}, 'location': {'street': {'number': 3572, 'name': 'Bridge Road'}, 'city': 'Derby', 'state': 'South Yorkshire', 'country': 'United Kingdom', 'postcode': 'S89 2AY', 'coordinates': {'latitude': '-7.9315', 'longitude': '45.2769'}, 'timezone': {'offset': '+1:00', 'description': 'Brussels, Copenhagen, Madrid, Paris'}}, 'email': 'tracy.franklin@example.com', 'login': {'uuid': 'f4d7514c-5357-4373-bc18-d34a42388340', 'username': 'lazyswan296', 'password': 'almond', 'salt': 'mxEnEoTU', 'md5': '0549975a19dd19e69ac3907639aee0c9', 'sha1': '5412feb1cf61d39ac5348037f55c5f25fbe47ebe', 'sha256': '5d1a94b4ee4f57817f5c239411f88752fa7b9a74d0c055557a2ce0a14c7300f1'}, 'dob': {'date': '1961-11-23T22:39:49.229Z', 'age': 62}, 'registered': {'date': '2016-01-04T03:08:00.627Z', 'age': 8}, 'phone': '015394 36717', 'cell': '07156 057249', 'id': {'name': 'NINO', 'value': 'ZH 80 58 85 M'}, 'picture': {'large': 'https://randomuser.me/api/portraits/women/24.jpg', 'medium': 'https://randomuser.me/api/portraits/med/women/24.jpg', 'thumbnail': 'https://randomuser.me/api/portraits/thumb/women/24.jpg'}, 'nat': 'GB'}</msg>
<arg>${json_data['results'][0]}</arg>
<doc>Logs the given message with the given level.</doc>
<status status="PASS" start="2024-08-09T22:16:01.278308" elapsed="0.000414"/>
</kw>
<kw name="Log" owner="BuiltIn">
<msg time="2024-08-09T22:16:01.279151" level="INFO">gender</msg>
<arg>${key}</arg>
<doc>Logs the given message with the given level.</doc>
<status status="PASS" start="2024-08-09T22:16:01.279021" elapsed="0.000169"/>
</kw>
<var name="${key}">gender</var>
<status status="PASS" start="2024-08-09T22:16:01.277553" elapsed="0.001854"/>
</iter>
<iter>
<kw name="Dictionary Should Contain Key" owner="Collections">
<arg>${json_data['results'][0]}</arg>
<arg>${key}</arg>
<doc>Fails if ``key`` is not found from ``dictionary``.</doc>
<status status="PASS" start="2024-08-09T22:16:01.279743" elapsed="0.000389"/>
</kw>
<kw name="Log" owner="BuiltIn">
<msg time="2024-08-09T22:16:01.280736" level="INFO">{'gender': 'female', 'name': {'title': 'Ms', 'first': 'Tracy', 'last': 'Franklin'}, 'location': {'street': {'number': 3572, 'name': 'Bridge Road'}, 'city': 'Derby', 'state': 'South Yorkshire', 'country': 'United Kingdom', 'postcode': 'S89 2AY', 'coordinates': {'latitude': '-7.9315', 'longitude': '45.2769'}, 'timezone': {'offset': '+1:00', 'description': 'Brussels, Copenhagen, Madrid, Paris'}}, 'email': 'tracy.franklin@example.com', 'login': {'uuid': 'f4d7514c-5357-4373-bc18-d34a42388340', 'username': 'lazyswan296', 'password': 'almond', 'salt': 'mxEnEoTU', 'md5': '0549975a19dd19e69ac3907639aee0c9', 'sha1': '5412feb1cf61d39ac5348037f55c5f25fbe47ebe', 'sha256': '5d1a94b4ee4f57817f5c239411f88752fa7b9a74d0c055557a2ce0a14c7300f1'}, 'dob': {'date': '1961-11-23T22:39:49.229Z', 'age': 62}, 'registered': {'date': '2016-01-04T03:08:00.627Z', 'age': 8}, 'phone': '015394 36717', 'cell': '07156 057249', 'id': {'name': 'NINO', 'value': 'ZH 80 58 85 M'}, 'picture': {'large': 'https://randomuser.me/api/portraits/women/24.jpg', 'medium': 'https://randomuser.me/api/portraits/med/women/24.jpg', 'thumbnail': 'https://randomuser.me/api/portraits/thumb/women/24.jpg'}, 'nat': 'GB'}</msg>
<arg>${json_data['results'][0]}</arg>
<doc>Logs the given message with the given level.</doc>
<status status="PASS" start="2024-08-09T22:16:01.280316" elapsed="0.000480"/>
</kw>
<kw name="Log" owner="BuiltIn">
<msg time="2024-08-09T22:16:01.281231" level="INFO">name</msg>
<arg>${key}</arg>
<doc>Logs the given message with the given level.</doc>
<status status="PASS" start="2024-08-09T22:16:01.281101" elapsed="0.000169"/>
</kw>
<var name="${key}">name</var>
<status status="PASS" start="2024-08-09T22:16:01.279623" elapsed="0.001882"/>
</iter>
<iter>
<kw name="Dictionary Should Contain Key" owner="Collections">
<arg>${json_data['results'][0]}</arg>
<arg>${key}</arg>
<doc>Fails if ``key`` is not found from ``dictionary``.</doc>
<status status="PASS" start="2024-08-09T22:16:01.281799" elapsed="0.000429"/>
</kw>
<kw name="Log" owner="BuiltIn">
<msg time="2024-08-09T22:16:01.282765" level="INFO">{'gender': 'female', 'name': {'title': 'Ms', 'first': 'Tracy', 'last': 'Franklin'}, 'location': {'street': {'number': 3572, 'name': 'Bridge Road'}, 'city': 'Derby', 'state': 'South Yorkshire', 'country': 'United Kingdom', 'postcode': 'S89 2AY', 'coordinates': {'latitude': '-7.9315', 'longitude': '45.2769'}, 'timezone': {'offset': '+1:00', 'description': 'Brussels, Copenhagen, Madrid, Paris'}}, 'email': 'tracy.franklin@example.com', 'login': {'uuid': 'f4d7514c-5357-4373-bc18-d34a42388340', 'username': 'lazyswan296', 'password': 'almond', 'salt': 'mxEnEoTU', 'md5': '0549975a19dd19e69ac3907639aee0c9', 'sha1': '5412feb1cf61d39ac5348037f55c5f25fbe47ebe', 'sha256': '5d1a94b4ee4f57817f5c239411f88752fa7b9a74d0c055557a2ce0a14c7300f1'}, 'dob': {'date': '1961-11-23T22:39:49.229Z', 'age': 62}, 'registered': {'date': '2016-01-04T03:08:00.627Z', 'age': 8}, 'phone': '015394 36717', 'cell': '07156 057249', 'id': {'name': 'NINO', 'value': 'ZH 80 58 85 M'}, 'picture': {'large': 'https://randomuser.me/api/portraits/women/24.jpg', 'medium': 'https://randomuser.me/api/portraits/med/women/24.jpg', 'thumbnail': 'https://randomuser.me/api/portraits/thumb/women/24.jpg'}, 'nat': 'GB'}</msg>
<arg>${json_data['results'][0]}</arg>
<doc>Logs the given message with the given level.</doc>
<status status="PASS" start="2024-08-09T22:16:01.282415" elapsed="0.000398"/>
</kw>
<kw name="Log" owner="BuiltIn">
<msg time="2024-08-09T22:16:01.283250" level="INFO">location</msg>
<arg>${key}</arg>
<doc>Logs the given message with the given level.</doc>
<status status="PASS" start="2024-08-09T22:16:01.283120" elapsed="0.000169"/>
</kw>
<var name="${key}">location</var>
<status status="PASS" start="2024-08-09T22:16:01.281688" elapsed="0.001821"/>
</iter>
<iter>
<kw name="Dictionary Should Contain Key" owner="Collections">
<arg>${json_data['results'][0]}</arg>
<arg>${key}</arg>
<doc>Fails if ``key`` is not found from ``dictionary``.</doc>
<status status="PASS" start="2024-08-09T22:16:01.283792" elapsed="0.000389"/>
</kw>
<kw name="Log" owner="BuiltIn">
<msg time="2024-08-09T22:16:01.284833" level="INFO">{'gender': 'female', 'name': {'title': 'Ms', 'first': 'Tracy', 'last': 'Franklin'}, 'location': {'street': {'number': 3572, 'name': 'Bridge Road'}, 'city': 'Derby', 'state': 'South Yorkshire', 'country': 'United Kingdom', 'postcode': 'S89 2AY', 'coordinates': {'latitude': '-7.9315', 'longitude': '45.2769'}, 'timezone': {'offset': '+1:00', 'description': 'Brussels, Copenhagen, Madrid, Paris'}}, 'email': 'tracy.franklin@example.com', 'login': {'uuid': 'f4d7514c-5357-4373-bc18-d34a42388340', 'username': 'lazyswan296', 'password': 'almond', 'salt': 'mxEnEoTU', 'md5': '0549975a19dd19e69ac3907639aee0c9', 'sha1': '5412feb1cf61d39ac5348037f55c5f25fbe47ebe', 'sha256': '5d1a94b4ee4f57817f5c239411f88752fa7b9a74d0c055557a2ce0a14c7300f1'}, 'dob': {'date': '1961-11-23T22:39:49.229Z', 'age': 62}, 'registered': {'date': '2016-01-04T03:08:00.627Z', 'age': 8}, 'phone': '015394 36717', 'cell': '07156 057249', 'id': {'name': 'NINO', 'value': 'ZH 80 58 85 M'}, 'picture': {'large': 'https://randomuser.me/api/portraits/women/24.jpg', 'medium': 'https://randomuser.me/api/portraits/med/women/24.jpg', 'thumbnail': 'https://randomuser.me/api/portraits/thumb/women/24.jpg'}, 'nat': 'GB'}</msg>
<arg>${json_data['results'][0]}</arg>
<doc>Logs the given message with the given level.</doc>
<status status="PASS" start="2024-08-09T22:16:01.284479" elapsed="0.000403"/>
</kw>
<kw name="Log" owner="BuiltIn">
<msg time="2024-08-09T22:16:01.285307" level="INFO">email</msg>
<arg>${key}</arg>
<doc>Logs the given message with the given level.</doc>
<status status="PASS" start="2024-08-09T22:16:01.285178" elapsed="0.000168"/>
</kw>
<var name="${key}">email</var>
<status status="PASS" start="2024-08-09T22:16:01.283683" elapsed="0.001876"/>
</iter>
<iter>
<kw name="Dictionary Should Contain Key" owner="Collections">
<arg>${json_data['results'][0]}</arg>
<arg>${key}</arg>
<doc>Fails if ``key`` is not found from ``dictionary``.</doc>
<status status="PASS" start="2024-08-09T22:16:01.285842" elapsed="0.000400"/>
</kw>
<kw name="Log" owner="BuiltIn">
<msg time="2024-08-09T22:16:01.286768" level="INFO">{'gender': 'female', 'name': {'title': 'Ms', 'first': 'Tracy', 'last': 'Franklin'}, 'location': {'street': {'number': 3572, 'name': 'Bridge Road'}, 'city': 'Derby', 'state': 'South Yorkshire', 'country': 'United Kingdom', 'postcode': 'S89 2AY', 'coordinates': {'latitude': '-7.9315', 'longitude': '45.2769'}, 'timezone': {'offset': '+1:00', 'description': 'Brussels, Copenhagen, Madrid, Paris'}}, 'email': 'tracy.franklin@example.com', 'login': {'uuid': 'f4d7514c-5357-4373-bc18-d34a42388340', 'username': 'lazyswan296', 'password': 'almond', 'salt': 'mxEnEoTU', 'md5': '0549975a19dd19e69ac3907639aee0c9', 'sha1': '5412feb1cf61d39ac5348037f55c5f25fbe47ebe', 'sha256': '5d1a94b4ee4f57817f5c239411f88752fa7b9a74d0c055557a2ce0a14c7300f1'}, 'dob': {'date': '1961-11-23T22:39:49.229Z', 'age': 62}, 'registered': {'date': '2016-01-04T03:08:00.627Z', 'age': 8}, 'phone': '015394 36717', 'cell': '07156 057249', 'id': {'name': 'NINO', 'value': 'ZH 80 58 85 M'}, 'picture': {'large': 'https://randomuser.me/api/portraits/women/24.jpg', 'medium': 'https://randomuser.me/api/portraits/med/women/24.jpg', 'thumbnail': 'https://randomuser.me/api/portraits/thumb/women/24.jpg'}, 'nat': 'GB'}</msg>
<arg>${json_data['results'][0]}</arg>
<doc>Logs the given message with the given level.</doc>
<status status="PASS" start="2024-08-09T22:16:01.286424" elapsed="0.000392"/>
</kw>
<kw name="Log" owner="BuiltIn">
<msg time="2024-08-09T22:16:01.287236" level="INFO">login</msg>
<arg>${key}</arg>
<doc>Logs the given message with the given level.</doc>
<status status="PASS" start="2024-08-09T22:16:01.287108" elapsed="0.000165"/>
</kw>
<var name="${key}">login</var>
<status status="PASS" start="2024-08-09T22:16:01.285734" elapsed="0.001754"/>
</iter>
<var>${key}</var>
<value>@{expected_keys}</value>
<status status="PASS" start="2024-08-09T22:16:01.277356" elapsed="0.010253"/>
</for>
<kw name="Create List" owner="BuiltIn">
<msg time="2024-08-09T22:16:01.287971" level="INFO">${expected_keysTwo} = ['username', 'password']</msg>
<var>${expected_keysTwo}</var>
<arg>username</arg>
<arg>password</arg>
<doc>Returns a list containing given items.</doc>
<status status="PASS" start="2024-08-09T22:16:01.287831" elapsed="0.000165"/>
</kw>
<for flavor="IN">
<iter>
<kw name="Dictionary Should Contain Key" owner="Collections">
<arg>${json_data['results'][0]['login']}</arg>
<arg>${keyTwo}</arg>
<doc>Fails if ``key`` is not found from ``dictionary``.</doc>
<status status="PASS" start="2024-08-09T22:16:01.288493" elapsed="0.000391"/>
</kw>
<kw name="Dictionary Should Contain Key" owner="Collections">
<arg>${json_data['results'][0]['login']}</arg>
<arg>${keyTwo}</arg>
<doc>Fails if ``key`` is not found from ``dictionary``.</doc>
<status status="PASS" start="2024-08-09T22:16:01.289064" elapsed="0.000379"/>
</kw>
<kw name="Log" owner="BuiltIn">
<msg time="2024-08-09T22:16:01.289744" level="INFO">username</msg>
<arg>${keyTwo}</arg>
<doc>Logs the given message with the given level.</doc>
<status status="PASS" start="2024-08-09T22:16:01.289623" elapsed="0.000159"/>
</kw>
<var name="${keyTwo}">username</var>
<status status="PASS" start="2024-08-09T22:16:01.288387" elapsed="0.001646"/>
</iter>
<iter>
<kw name="Dictionary Should Contain Key" owner="Collections">
<arg>${json_data['results'][0]['login']}</arg>
<arg>${keyTwo}</arg>
<doc>Fails if ``key`` is not found from ``dictionary``.</doc>
<status status="PASS" start="2024-08-09T22:16:01.290319" elapsed="0.000386"/>
</kw>
<kw name="Dictionary Should Contain Key" owner="Collections">
<arg>${json_data['results'][0]['login']}</arg>
<arg>${keyTwo}</arg>
<doc>Fails if ``key`` is not found from ``dictionary``.</doc>
<status status="PASS" start="2024-08-09T22:16:01.290886" elapsed="0.000367"/>
</kw>
<kw name="Log" owner="BuiltIn">
<msg time="2024-08-09T22:16:01.291550" level="INFO">password</msg>
<arg>${keyTwo}</arg>
<doc>Logs the given message with the given level.</doc>
<status status="PASS" start="2024-08-09T22:16:01.291429" elapsed="0.000159"/>
</kw>
<var name="${keyTwo}">password</var>
<status status="PASS" start="2024-08-09T22:16:01.290211" elapsed="0.001594"/>
</iter>
<var>${keyTwo}</var>
<value>@{expected_keysTwo}</value>
<status status="PASS" start="2024-08-09T22:16:01.288235" elapsed="0.003691"/>
</for>
<status status="PASS" start="2024-08-09T22:16:01.182625" elapsed="0.109447"/>
</kw>
<doc>Testa a estrutura da resposta da API.</doc>
<tag>testeEstruturaResposta</tag>
<status status="PASS" start="2024-08-09T22:16:01.182139" elapsed="0.110088"/>
</test>
<test id="s1-s1-t4" name="Validar tipos de dados" line="28">
<kw name="Teste de Tipos de Dados" owner="random-user-service">
<kw name="GET On Session" owner="RequestsLibrary">
<msg time="2024-08-09T22:16:01.378547" level="INFO">GET Request : url=https://randomuser.me/api 
 path_url=/api 
 headers={'User-Agent': 'python-requests/2.32.3', 'Accept-Encoding': 'gzip, deflate', 'Accept': '*/*', 'Connection': 'keep-alive'} 
 body=None 
 </msg>
<msg time="2024-08-09T22:16:01.378621" level="INFO">GET Response : url=https://randomuser.me/api 
 status=200, reason=OK 
 headers={'Date': 'Fri, 09 Aug 2024 22:16:01 GMT', 'Content-Type': 'application/json; charset=utf-8', 'Transfer-Encoding': 'chunked', 'Connection': 'keep-alive', 'X-Powered-By': 'Express', 'Access-Control-Allow-Origin': '*', 'Cache-Control': 'no-cache', 'ETag': 'W/"494-R/kyhSfPlRHhzXN+HP5xGA+Vtr4"', 'Vary': 'Accept-Encoding', 'Content-Encoding': 'gzip', 'CF-Cache-Status': 'DYNAMIC', 'Report-To': '{"endpoints":[{"url":"https:\\/\\/a.nel.cloudflare.com\\/report\\/v4?s=9lNoDQT1Q34jOgZ%2Fkl%2FXwi5A4gd7tKuwJPz7lPmFW8UUSTkC%2Fmo%2FJ4GYkoPBLQgCOVqC1fmOVvkAL1jsoofA5BxZi9sU9X8QvdKmNcNiGJ8aDRtwNKZaWLnrsi0u4wZ9"}],"group":"cf-nel","max_age":604800}', 'NEL': '{"success_fraction":0,"report_to":"cf-nel","max_age":604800}', 'Server': 'cloudflare', 'CF-RAY': '8b0b1bb018c29120-ORD', 'alt-svc': 'h3=":443"; ma=86400'} 
 body={"results":[{"gender":"female","name":{"title":"Mrs","first":"Camila","last":"Morgan"},"location":{"street":{"number":5073,"name":"W Gray St"},"city":"Port Macquarie","state":"South Australia","country":"Australia","postcode":8854,"coordinates":{"latitude":"-81.5512","longitude":"28.5862"},"timezone":{"offset":"-7:00","description":"Mountain Time (US &amp; Canada)"}},"email":"camila.morgan@example.com","login":{"uuid":"29828ea9-277d-4273-b515-09b4c934c169","username":"greenbird662","password":"atomic","salt":"DC2kEmSv","md5":"1fbfb9599d5f3ee5018b8ffedc187e1e","sha1":"9e5f8491f5e76d0fb8f12f10e71ec4ddc1cdec92","sha256":"ddd8a3f4b3f9ab867adf673568a315a8bb31dec21b71cd5af4ae806831eb37b6"},"dob":{"date":"1986-11-16T11:56:28.625Z","age":37},"registered":{"date":"2008-02-10T23:24:07.691Z","age":16},"phone":"06-2271-4567","cell":"0479-908-398","id":{"name":"TFN","value":"897885475"},"picture":{"large":"https://randomuser.me/api/portraits/women/73.jpg","medium":"https://randomuser.me/api/portraits/med/women/73.jpg","thumbnail":"https://randomuser.me/api/portraits/thumb/women/73.jpg"},"nat":"AU"}],"info":{"seed":"58d3145e354d872d","results":1,"page":1,"version":"1.4"}} 
 </msg>
<msg time="2024-08-09T22:16:01.378689" level="INFO">/opt/hostedtoolcache/Python/3.12.4/x64/lib/python3.12/site-packages/urllib3/connectionpool.py:1099: InsecureRequestWarning: Unverified HTTPS request is being made to host 'randomuser.me'. Adding certificate verification is strongly advised. See: https://urllib3.readthedocs.io/en/latest/advanced-usage.html#tls-warnings
  warnings.warn(</msg>
<msg time="2024-08-09T22:16:01.378790" level="INFO">${response} = &lt;Response [200]&gt;</msg>
<var>${response}</var>
<arg>consultarAPI</arg>
<arg>/api</arg>
<doc>Sends a GET request on a previously created HTTP Session.</doc>
<status status="PASS" start="2024-08-09T22:16:01.294656" elapsed="0.084169"/>
</kw>
<kw name="Set Variable" owner="BuiltIn">
<msg time="2024-08-09T22:16:01.379696" level="INFO">${json_data} = {'results': [{'gender': 'female', 'name': {'title': 'Mrs', 'first': 'Camila', 'last': 'Morgan'}, 'location': {'street': {'number': 5073, 'name': 'W Gray St'}, 'city': 'Port Macquarie', 'state': 'South...</msg>
<var>${json_data}</var>
<arg>${response.json()}</arg>
<doc>Returns the given values which can then be assigned to a variables.</doc>
<status status="PASS" start="2024-08-09T22:16:01.379239" elapsed="0.000484"/>
</kw>
<kw name="Log" owner="BuiltIn">
<msg time="2024-08-09T22:16:01.380170" level="INFO">{'results': [{'gender': 'female', 'name': {'title': 'Mrs', 'first': 'Camila', 'last': 'Morgan'}, 'location': {'street': {'number': 5073, 'name': 'W Gray St'}, 'city': 'Port Macquarie', 'state': 'South Australia', 'country': 'Australia', 'postcode': 8854, 'coordinates': {'latitude': '-81.5512', 'longitude': '28.5862'}, 'timezone': {'offset': '-7:00', 'description': 'Mountain Time (US &amp; Canada)'}}, 'email': 'camila.morgan@example.com', 'login': {'uuid': '29828ea9-277d-4273-b515-09b4c934c169', 'username': 'greenbird662', 'password': 'atomic', 'salt': 'DC2kEmSv', 'md5': '1fbfb9599d5f3ee5018b8ffedc187e1e', 'sha1': '9e5f8491f5e76d0fb8f12f10e71ec4ddc1cdec92', 'sha256': 'ddd8a3f4b3f9ab867adf673568a315a8bb31dec21b71cd5af4ae806831eb37b6'}, 'dob': {'date': '1986-11-16T11:56:28.625Z', 'age': 37}, 'registered': {'date': '2008-02-10T23:24:07.691Z', 'age': 16}, 'phone': '06-2271-4567', 'cell': '0479-908-398', 'id': {'name': 'TFN', 'value': '897885475'}, 'picture': {'large': 'https://randomuser.me/api/portraits/women/73.jpg', 'medium': 'https://randomuser.me/api/portraits/med/women/73.jpg', 'thumbnail': 'https://randomuser.me/api/portraits/thumb/women/73.jpg'}, 'nat': 'AU'}], 'info': {'seed': '58d3145e354d872d', 'results': 1, 'page': 1, 'version': '1.4'}}</msg>
<arg>${json_data}</arg>
<doc>Logs the given message with the given level.</doc>
<status status="PASS" start="2024-08-09T22:16:01.380020" elapsed="0.000197"/>
</kw>
<kw name="Should Be String" owner="String">
<arg>${json_data['results'][0]['gender']}</arg>
<doc>Fails if the given ``item`` is not a string.</doc>
<status status="PASS" start="2024-08-09T22:16:01.380506" elapsed="0.000357"/>
</kw>
<kw name="Should Match Regexp" owner="BuiltIn">
<arg>${json_data['results'][0]['email']}</arg>
<arg>^[a-zA-Z0-9._%+-]+@[a-zA-Z0-9.-]+\.[a-zA-Z]{2,}$</arg>
<doc>Fails if ``string`` does not match ``pattern`` as a regular expression.</doc>
<status status="PASS" start="2024-08-09T22:16:01.381083" elapsed="0.000524"/>
</kw>
<kw name="Should Match Regexp" owner="BuiltIn">
<arg>${json_data['results'][0]['dob']['date']}</arg>
<arg>\\d{4}-\\d{2}-\\d{2}T\\d{2}:\\d{2}:\\d{2}\\.\\d{3}Z</arg>
<doc>Fails if ``string`` does not match ``pattern`` as a regular expression.</doc>
<status status="PASS" start="2024-08-09T22:16:01.381799" elapsed="0.000656"/>
</kw>
<kw name="Should Match Regexp" owner="BuiltIn">
<arg>${json_data['results'][0]['registered']['date']}</arg>
<arg>\\d{4}-\\d{2}-\\d{2}T\\d{2}:\\d{2}:\\d{2}\\.\\d{3}Z</arg>
<doc>Fails if ``string`` does not match ``pattern`` as a regular expression.</doc>
<status status="PASS" start="2024-08-09T22:16:01.382651" elapsed="0.000374"/>
</kw>
<kw name="Should Match Regexp" owner="BuiltIn">
<arg>${json_data['results'][0]['picture']['large']}</arg>
<arg>^https?://.*\.(?:png|jpe?g|gif|bmp)$</arg>
<doc>Fails if ``string`` does not match ``pattern`` as a regular expression.</doc>
<status status="PASS" start="2024-08-09T22:16:01.383214" elapsed="0.000469"/>
</kw>
<kw name="Should Match Regexp" owner="BuiltIn">
<arg>${json_data['results'][0]['picture']['medium']}</arg>
<arg>^https?://.*\.(?:png|jpe?g|gif|bmp)$</arg>
<doc>Fails if ``string`` does not match ``pattern`` as a regular expression.</doc>
<status status="PASS" start="2024-08-09T22:16:01.383872" elapsed="0.000361"/>
</kw>
<kw name="Should Match Regexp" owner="BuiltIn">
<arg>${json_data['results'][0]['picture']['thumbnail']}</arg>
<arg>^https?://.*\.(?:png|jpe?g|gif|bmp)$</arg>
<doc>Fails if ``string`` does not match ``pattern`` as a regular expression.</doc>
<status status="PASS" start="2024-08-09T22:16:01.384420" elapsed="0.000354"/>
</kw>
<kw name="Log" owner="BuiltIn">
<msg time="2024-08-09T22:16:01.385277" level="INFO">{'large': 'https://randomuser.me/api/portraits/women/73.jpg', 'medium': 'https://randomuser.me/api/portraits/med/women/73.jpg', 'thumbnail': 'https://randomuser.me/api/portraits/thumb/women/73.jpg'}</msg>
<arg>${json_data['results'][0]['picture']}</arg>
<doc>Logs the given message with the given level.</doc>
<status status="PASS" start="2024-08-09T22:16:01.384956" elapsed="0.000363"/>
</kw>
<status status="PASS" start="2024-08-09T22:16:01.294431" elapsed="0.091145"/>
</kw>
<kw name="Teste de Tipos de Dados - Postcode" owner="random-user-service">
<kw name="GET On Session" owner="RequestsLibrary">
<msg time="2024-08-09T22:16:01.475621" level="INFO">GET Request : url=https://randomuser.me/api 
 path_url=/api 
 headers={'User-Agent': 'python-requests/2.32.3', 'Accept-Encoding': 'gzip, deflate', 'Accept': '*/*', 'Connection': 'keep-alive'} 
 body=None 
 </msg>
<msg time="2024-08-09T22:16:01.475700" level="INFO">GET Response : url=https://randomuser.me/api 
 status=200, reason=OK 
 headers={'Date': 'Fri, 09 Aug 2024 22:16:01 GMT', 'Content-Type': 'application/json; charset=utf-8', 'Transfer-Encoding': 'chunked', 'Connection': 'keep-alive', 'X-Powered-By': 'Express', 'Access-Control-Allow-Origin': '*', 'Cache-Control': 'no-cache', 'ETag': 'W/"4a0-lkwD9Xd58Wlnq+abdyA0G3+9+Z4"', 'Vary': 'Accept-Encoding', 'Content-Encoding': 'gzip', 'CF-Cache-Status': 'DYNAMIC', 'Report-To': '{"endpoints":[{"url":"https:\\/\\/a.nel.cloudflare.com\\/report\\/v4?s=2672NS%2Fxesv0NMgrQRtlm9pI3WCllnW8LvlC9%2F3tFADBHRzpd%2FjXfJUx772MY4%2BV2dTOWB0z8pO%2B4T3qF10p3QPxiUDRD77tizRga4AVEiy2gO0Lrtos9WHPM8sIx6wk"}],"group":"cf-nel","max_age":604800}', 'NEL': '{"success_fraction":0,"report_to":"cf-nel","max_age":604800}', 'Server': 'cloudflare', 'CF-RAY': '8b0b1bb0aa719120-ORD', 'alt-svc': 'h3=":443"; ma=86400'} 
 body={"results":[{"gender":"male","name":{"title":"Mr","first":"Gimeno","last":"Dias"},"location":{"street":{"number":4697,"name":"Rua Santo Antônio "},"city":"Birigüi","state":"Minas Gerais","country":"Brazil","postcode":75952,"coordinates":{"latitude":"-75.5284","longitude":"-120.4719"},"timezone":{"offset":"+11:00","description":"Magadan, Solomon Islands, New Caledonia"}},"email":"gimeno.dias@example.com","login":{"uuid":"66f7a27b-7d4f-495a-a8a6-d15df7c088e1","username":"purplekoala862","password":"latina","salt":"DZq9JvNi","md5":"ed5dcfd7f0f3b39340c0b59cf927defb","sha1":"f4598ffec8086098542fe5dfad9793a2d49cc31d","sha256":"c6136ecad7a1e7335f318fd7e12aabfcd34fcb641120cef67da470c23703d5f8"},"dob":{"date":"1950-12-31T04:19:26.502Z","age":73},"registered":{"date":"2009-04-16T10:22:47.054Z","age":15},"phone":"(94) 7055-9189","cell":"(73) 3685-0249","id":{"name":"CPF","value":"183.067.862-33"},"picture":{"large":"https://randomuser.me/api/portraits/men/81.jpg","medium":"https://randomuser.me/api/portraits/med/men/81.jpg","thumbnail":"https://randomuser.me/api/portraits/thumb/men/81.jpg"},"nat":"BR"}],"info":{"seed":"80cf253e960dbe25","results":1,"page":1,"version":"1.4"}} 
 </msg>
<msg time="2024-08-09T22:16:01.475770" level="INFO">/opt/hostedtoolcache/Python/3.12.4/x64/lib/python3.12/site-packages/urllib3/connectionpool.py:1099: InsecureRequestWarning: Unverified HTTPS request is being made to host 'randomuser.me'. Adding certificate verification is strongly advised. See: https://urllib3.readthedocs.io/en/latest/advanced-usage.html#tls-warnings
  warnings.warn(</msg>
<msg time="2024-08-09T22:16:01.475879" level="INFO">${response} = &lt;Response [200]&gt;</msg>
<var>${response}</var>
<arg>consultarAPI</arg>
<arg>/api</arg>
<doc>Sends a GET request on a previously created HTTP Session.</doc>
<status status="PASS" start="2024-08-09T22:16:01.386040" elapsed="0.089876"/>
</kw>
<kw name="Set Variable" owner="BuiltIn">
<msg time="2024-08-09T22:16:01.476820" level="INFO">${json_data} = {'results': [{'gender': 'male', 'name': {'title': 'Mr', 'first': 'Gimeno', 'last': 'Dias'}, 'location': {'street': {'number': 4697, 'name': 'Rua Santo Antônio '}, 'city': 'Birigüi', 'state': 'Minas Ge...</msg>
<var>${json_data}</var>
<arg>${response.json()}</arg>
<doc>Returns the given values which can then be assigned to a variables.</doc>
<status status="PASS" start="2024-08-09T22:16:01.476361" elapsed="0.000488"/>
</kw>
<kw name="Log" owner="BuiltIn">
<msg time="2024-08-09T22:16:01.477303" level="INFO">{'results': [{'gender': 'male', 'name': {'title': 'Mr', 'first': 'Gimeno', 'last': 'Dias'}, 'location': {'street': {'number': 4697, 'name': 'Rua Santo Antônio '}, 'city': 'Birigüi', 'state': 'Minas Gerais', 'country': 'Brazil', 'postcode': 75952, 'coordinates': {'latitude': '-75.5284', 'longitude': '-120.4719'}, 'timezone': {'offset': '+11:00', 'description': 'Magadan, Solomon Islands, New Caledonia'}}, 'email': 'gimeno.dias@example.com', 'login': {'uuid': '66f7a27b-7d4f-495a-a8a6-d15df7c088e1', 'username': 'purplekoala862', 'password': 'latina', 'salt': 'DZq9JvNi', 'md5': 'ed5dcfd7f0f3b39340c0b59cf927defb', 'sha1': 'f4598ffec8086098542fe5dfad9793a2d49cc31d', 'sha256': 'c6136ecad7a1e7335f318fd7e12aabfcd34fcb641120cef67da470c23703d5f8'}, 'dob': {'date': '1950-12-31T04:19:26.502Z', 'age': 73}, 'registered': {'date': '2009-04-16T10:22:47.054Z', 'age': 15}, 'phone': '(94) 7055-9189', 'cell': '(73) 3685-0249', 'id': {'name': 'CPF', 'value': '183.067.862-33'}, 'picture': {'large': 'https://randomuser.me/api/portraits/men/81.jpg', 'medium': 'https://randomuser.me/api/portraits/med/men/81.jpg', 'thumbnail': 'https://randomuser.me/api/portraits/thumb/men/81.jpg'}, 'nat': 'BR'}], 'info': {'seed': '80cf253e960dbe25', 'results': 1, 'page': 1, 'version': '1.4'}}</msg>
<arg>${json_data}</arg>
<doc>Logs the given message with the given level.</doc>
<status status="PASS" start="2024-08-09T22:16:01.477149" elapsed="0.000204"/>
</kw>
<kw name="Should Be Equal As Numbers" owner="BuiltIn">
<arg>${json_data['results'][0]['location']['postcode']}</arg>
<arg>${json_data['results'][0]['location']['postcode']}</arg>
<doc>Fails if objects are unequal after converting them to real numbers.</doc>
<status status="PASS" start="2024-08-09T22:16:01.477653" elapsed="0.000668"/>
</kw>
<kw name="Log" owner="BuiltIn">
<msg time="2024-08-09T22:16:01.478920" level="INFO">75952</msg>
<arg>${json_data['results'][0]['location']['postcode']}</arg>
<doc>Logs the given message with the given level.</doc>
<status status="PASS" start="2024-08-09T22:16:01.478573" elapsed="0.000390"/>
</kw>
<status status="PASS" start="2024-08-09T22:16:01.385793" elapsed="0.093421"/>
</kw>
<doc>Testa se os tipos de dados na resposta da API estão corretos.</doc>
<tag>testeTiposDados</tag>
<status status="PASS" start="2024-08-09T22:16:01.293996" elapsed="0.185384"/>
</test>
<test id="s1-s1-t5" name="Validar conteudo" line="35">
<kw name="Teste de Tipos de Conteudo" owner="random-user-service">
<kw name="GET On Session" owner="RequestsLibrary">
<msg time="2024-08-09T22:16:01.569815" level="INFO">GET Request : url=https://randomuser.me/api 
 path_url=/api 
 headers={'User-Agent': 'python-requests/2.32.3', 'Accept-Encoding': 'gzip, deflate', 'Accept': '*/*', 'Connection': 'keep-alive'} 
 body=None 
 </msg>
<msg time="2024-08-09T22:16:01.569902" level="INFO">GET Response : url=https://randomuser.me/api 
 status=200, reason=OK 
 headers={'Date': 'Fri, 09 Aug 2024 22:16:01 GMT', 'Content-Type': 'application/json; charset=utf-8', 'Transfer-Encoding': 'chunked', 'Connection': 'keep-alive', 'X-Powered-By': 'Express', 'Access-Control-Allow-Origin': '*', 'Cache-Control': 'no-cache', 'ETag': 'W/"489-m2K+9OpTVmCXPHQ7uyBHMAmvFSs"', 'Vary': 'Accept-Encoding', 'Content-Encoding': 'gzip', 'CF-Cache-Status': 'DYNAMIC', 'Report-To': '{"endpoints":[{"url":"https:\\/\\/a.nel.cloudflare.com\\/report\\/v4?s=pKoV9KOjuDbYGITm0hDCxMX0KCILB%2Fz%2FIDdJTyMSKkGxr3RZPMiHJMF7k%2FnkKPUsxL6MkRZXZ0s6Q2ZqkGuMoaujLPuIcb1l9JoQ0FnslvnbfvgW7k6mR06gKxnHJBOR"}],"group":"cf-nel","max_age":604800}', 'NEL': '{"success_fraction":0,"report_to":"cf-nel","max_age":604800}', 'Server': 'cloudflare', 'CF-RAY': '8b0b1bb14c9c9120-ORD', 'alt-svc': 'h3=":443"; ma=86400'} 
 body={"results":[{"gender":"male","name":{"title":"Mr","first":"آراد","last":"یاسمی"},"location":{"street":{"number":4787,"name":"ستارخان"},"city":"سیرجان","state":"خوزستان","country":"Iran","postcode":37075,"coordinates":{"latitude":"18.4906","longitude":"-138.6575"},"timezone":{"offset":"+1:00","description":"Brussels, Copenhagen, Madrid, Paris"}},"email":"ard.ysmy@example.com","login":{"uuid":"0f775964-58ff-4d04-bac5-5560e64957fa","username":"silvergoose427","password":"palmer","salt":"wF88YasT","md5":"134225954f536e7251363def250e1563","sha1":"ce451f379db153fa099b8be5cb467cd891e645e1","sha256":"c7fcae730754653b609dcfc6e77653f0b7151dea2e1b673a01e0bd5a9bb10a00"},"dob":{"date":"1963-07-23T08:05:44.486Z","age":61},"registered":{"date":"2009-10-25T20:32:28.080Z","age":14},"phone":"094-36349630","cell":"0970-487-3038","id":{"name":"","value":null},"picture":{"large":"https://randomuser.me/api/portraits/men/2.jpg","medium":"https://randomuser.me/api/portraits/med/men/2.jpg","thumbnail":"https://randomuser.me/api/portraits/thumb/men/2.jpg"},"nat":"IR"}],"info":{"seed":"0d82c24e93207a24","results":1,"page":1,"version":"1.4"}} 
 </msg>
<msg time="2024-08-09T22:16:01.570014" level="INFO">/opt/hostedtoolcache/Python/3.12.4/x64/lib/python3.12/site-packages/urllib3/connectionpool.py:1099: InsecureRequestWarning: Unverified HTTPS request is being made to host 'randomuser.me'. Adding certificate verification is strongly advised. See: https://urllib3.readthedocs.io/en/latest/advanced-usage.html#tls-warnings
  warnings.warn(</msg>
<msg time="2024-08-09T22:16:01.570124" level="INFO">${response} = &lt;Response [200]&gt;</msg>
<var>${response}</var>
<arg>consultarAPI</arg>
<arg>/api</arg>
<doc>Sends a GET request on a previously created HTTP Session.</doc>
<status status="PASS" start="2024-08-09T22:16:01.482262" elapsed="0.087908"/>
</kw>
<kw name="Set Variable" owner="BuiltIn">
<msg time="2024-08-09T22:16:01.571112" level="INFO">${json_data} = {'results': [{'gender': 'male', 'name': {'title': 'Mr', 'first': 'آراد', 'last': 'یاسمی'}, 'location': {'street': {'number': 4787, 'name': 'ستارخان'}, 'city': 'سیرجان', 'state': 'خوزستان', 'country': ...</msg>
<var>${json_data}</var>
<arg>${response.json()}</arg>
<doc>Returns the given values which can then be assigned to a variables.</doc>
<status status="PASS" start="2024-08-09T22:16:01.570625" elapsed="0.000518"/>
</kw>
<kw name="Set Variable" owner="BuiltIn">
<msg time="2024-08-09T22:16:01.571851" level="INFO">${name_title} = Mr</msg>
<var>${name_title}</var>
<arg>${json_data["results"][0]["name"]["title"]}</arg>
<doc>Returns the given values which can then be assigned to a variables.</doc>
<status status="PASS" start="2024-08-09T22:16:01.571458" elapsed="0.000420"/>
</kw>
<kw name="Create List" owner="BuiltIn">
<msg time="2024-08-09T22:16:01.572340" level="INFO">${allowed_titles} = ['Mr', 'Ms', 'Miss', 'Mrs', 'Madame', 'Monsieur']</msg>
<var>${allowed_titles}</var>
<arg>Mr</arg>
<arg>Ms</arg>
<arg>Miss</arg>
<arg>Mrs</arg>
<arg>Madame</arg>
<arg>Monsieur</arg>
<doc>Returns a list containing given items.</doc>
<status status="PASS" start="2024-08-09T22:16:01.572184" elapsed="0.000181"/>
</kw>
<kw name="List Should Contain Value" owner="Collections">
<arg>${allowed_titles}</arg>
<arg>${name_title}</arg>
<doc>Fails if the ``value`` is not found from ``list``.</doc>
<status status="PASS" start="2024-08-09T22:16:01.572668" elapsed="0.000182"/>
</kw>
<kw name="Set Variable" owner="BuiltIn">
<msg time="2024-08-09T22:16:01.573440" level="INFO">${name_country} = IR</msg>
<var>${name_country}</var>
<arg>${json_data["results"][0]["nat"]}</arg>
<doc>Returns the given values which can then be assigned to a variables.</doc>
<status status="PASS" start="2024-08-09T22:16:01.573044" elapsed="0.000422"/>
</kw>
<kw name="Create List" owner="BuiltIn">
<msg time="2024-08-09T22:16:01.574393" level="INFO">${list_country} = ['AD', 'AE', 'AF', 'AG', 'AI', 'AL', 'AM', 'AO', 'AQ', 'AR', 'AS', 'AT', 'AU', 'AW', 'AX', 'AZ', 'BA', 'BB', 'BD', 'BE', 'BF', 'BG', 'BH', 'BI', 'BJ', 'BL', 'BM', 'BN', 'BO', 'BQ', 'BR', 'BS', 'BT', '...</msg>
<var>${list_country}</var>
<arg>AD</arg>
<arg>AE</arg>
<arg>AF</arg>
<arg>AG</arg>
<arg>AI</arg>
<arg>AL</arg>
<arg>AM</arg>
<arg>AO</arg>
<arg>AQ</arg>
<arg>AR</arg>
<arg>AS</arg>
<arg>AT</arg>
<arg>AU</arg>
<arg>AW</arg>
<arg>AX</arg>
<arg>AZ</arg>
<arg>BA</arg>
<arg>BB</arg>
<arg>BD</arg>
<arg>BE</arg>
<arg>BF</arg>
<arg>BG</arg>
<arg>BH</arg>
<arg>BI</arg>
<arg>BJ</arg>
<arg>BL</arg>
<arg>BM</arg>
<arg>BN</arg>
<arg>BO</arg>
<arg>BQ</arg>
<arg>BR</arg>
<arg>BS</arg>
<arg>BT</arg>
<arg>BV</arg>
<arg>BW</arg>
<arg>BY</arg>
<arg>BZ</arg>
<arg>CA</arg>
<arg>CC</arg>
<arg>CD</arg>
<arg>CF</arg>
<arg>CG</arg>
<arg>CH</arg>
<arg>CI</arg>
<arg>CK</arg>
<arg>CL</arg>
<arg>CM</arg>
<arg>CN</arg>
<arg>CO</arg>
<arg>CR</arg>
<arg>CU</arg>
<arg>CV</arg>
<arg>CW</arg>
<arg>CX</arg>
<arg>CY</arg>
<arg>CZ</arg>
<arg>DE</arg>
<arg>DJ</arg>
<arg>DK</arg>
<arg>DM</arg>
<arg>DO</arg>
<arg>DZ</arg>
<arg>EC</arg>
<arg>EE</arg>
<arg>EG</arg>
<arg>EH</arg>
<arg>ER</arg>
<arg>ES</arg>
<arg>ET</arg>
<arg>FI</arg>
<arg>FJ</arg>
<arg>FK</arg>
<arg>FM</arg>
<arg>FO</arg>
<arg>FR</arg>
<arg>GA</arg>
<arg>GB</arg>
<arg>GD</arg>
<arg>GE</arg>
<arg>GF</arg>
<arg>GG</arg>
<arg>GH</arg>
<arg>GI</arg>
<arg>GL</arg>
<arg>GM</arg>
<arg>GN</arg>
<arg>GP</arg>
<arg>GQ</arg>
<arg>GR</arg>
<arg>GS</arg>
<arg>GT</arg>
<arg>GU</arg>
<arg>GW</arg>
<arg>GY</arg>
<arg>HK</arg>
<arg>HM</arg>
<arg>HN</arg>
<arg>HR</arg>
<arg>HT</arg>
<arg>HU</arg>
<arg>ID</arg>
<arg>IE</arg>
<arg>IL</arg>
<arg>IM</arg>
<arg>IN</arg>
<arg>IO</arg>
<arg>IQ</arg>
<arg>IR</arg>
<arg>IS</arg>
<arg>IT</arg>
<arg>JE</arg>
<arg>JM</arg>
<arg>JO</arg>
<arg>JP</arg>
<arg>KE</arg>
<arg>KG</arg>
<arg>KH</arg>
<arg>KI</arg>
<arg>KM</arg>
<arg>KN</arg>
<arg>KP</arg>
<arg>KR</arg>
<arg>KW</arg>
<arg>KY</arg>
<arg>KZ</arg>
<arg>LA</arg>
<arg>LB</arg>
<arg>LC</arg>
<arg>LI</arg>
<arg>LK</arg>
<arg>LR</arg>
<arg>LS</arg>
<arg>LT</arg>
<arg>LU</arg>
<arg>LV</arg>
<arg>LY</arg>
<arg>MA</arg>
<arg>MC</arg>
<arg>MD</arg>
<arg>ME</arg>
<arg>MF</arg>
<arg>MG</arg>
<arg>MH</arg>
<arg>MK</arg>
<arg>ML</arg>
<arg>MM</arg>
<arg>MN</arg>
<arg>MO</arg>
<arg>MP</arg>
<arg>MQ</arg>
<arg>MR</arg>
<arg>MS</arg>
<arg>MT</arg>
<arg>MU</arg>
<arg>MV</arg>
<arg>MW</arg>
<arg>MX</arg>
<arg>MY</arg>
<arg>MZ</arg>
<arg>NA</arg>
<arg>NC</arg>
<arg>NE</arg>
<arg>NF</arg>
<arg>NG</arg>
<arg>NI</arg>
<arg>NL</arg>
<arg>NO</arg>
<arg>NP</arg>
<arg>NR</arg>
<arg>NU</arg>
<arg>NZ</arg>
<arg>OM</arg>
<arg>PA</arg>
<arg>PE</arg>
<arg>PF</arg>
<arg>PG</arg>
<arg>PH</arg>
<arg>PK</arg>
<arg>PL</arg>
<arg>PM</arg>
<arg>PN</arg>
<arg>PR</arg>
<arg>PS</arg>
<arg>PT</arg>
<arg>PW</arg>
<arg>PY</arg>
<arg>QA</arg>
<arg>RE</arg>
<arg>RO</arg>
<arg>RS</arg>
<arg>RU</arg>
<arg>RW</arg>
<arg>SA</arg>
<arg>SB</arg>
<arg>SC</arg>
<arg>SD</arg>
<arg>SE</arg>
<arg>SG</arg>
<arg>SH</arg>
<arg>SI</arg>
<arg>SJ</arg>
<arg>SK</arg>
<arg>SL</arg>
<arg>SM</arg>
<arg>SN</arg>
<arg>SO</arg>
<arg>SR</arg>
<arg>SS</arg>
<arg>ST</arg>
<arg>SV</arg>
<arg>SX</arg>
<arg>SY</arg>
<arg>SZ</arg>
<arg>TC</arg>
<arg>TD</arg>
<arg>TF</arg>
<arg>TG</arg>
<arg>TH</arg>
<arg>TJ</arg>
<arg>TK</arg>
<arg>TL</arg>
<arg>TM</arg>
<arg>TN</arg>
<arg>TO</arg>
<arg>TR</arg>
<arg>TT</arg>
<arg>TV</arg>
<arg>TW</arg>
<arg>TZ</arg>
<arg>UA</arg>
<arg>UG</arg>
<arg>UM</arg>
<arg>US</arg>
<arg>UY</arg>
<arg>UZ</arg>
<arg>VA</arg>
<arg>VC</arg>
<arg>VE</arg>
<arg>VG</arg>
<arg>VI</arg>
<arg>VN</arg>
<arg>VU</arg>
<arg>WF</arg>
<arg>WS</arg>
<arg>XK</arg>
<arg>YE</arg>
<arg>YT</arg>
<arg>ZA</arg>
<arg>ZM</arg>
<arg>ZW</arg>
<doc>Returns a list containing given items.</doc>
<status status="PASS" start="2024-08-09T22:16:01.573767" elapsed="0.000653"/>
</kw>
<kw name="List Should Contain Value" owner="Collections">
<arg>${list_country}</arg>
<arg>${name_country}</arg>
<doc>Fails if the ``value`` is not found from ``list``.</doc>
<status status="PASS" start="2024-08-09T22:16:01.575383" elapsed="0.000213"/>
</kw>
<kw name="Run Keyword If" owner="BuiltIn">
<kw name="Should Be True" owner="BuiltIn">
<arg>${True}</arg>
<doc>Fails if the given condition is not true.</doc>
<status status="PASS" start="2024-08-09T22:16:01.576542" elapsed="0.000141"/>
</kw>
<arg>${json_data["results"][0]["location"]["coordinates"]["latitude"]} &gt;= -90 and ${json_data["results"][0]["location"]["coordinates"]["latitude"]} &lt;= 90</arg>
<arg>Should Be True</arg>
<arg>${True}</arg>
<doc>Runs the given keyword with the given arguments, if ``condition`` is true.</doc>
<status status="PASS" start="2024-08-09T22:16:01.575798" elapsed="0.001013"/>
</kw>
<kw name="Run Keyword If" owner="BuiltIn">
<kw name="Should Be True" owner="BuiltIn">
<arg>${True}</arg>
<doc>Fails if the given condition is not true.</doc>
<status status="PASS" start="2024-08-09T22:16:01.577684" elapsed="0.000136"/>
</kw>
<arg>${json_data["results"][0]["location"]["coordinates"]["longitude"]} &gt;= -180 and ${json_data["results"][0]["location"]["coordinates"]["longitude"]} &lt;= 180</arg>
<arg>Should Be True</arg>
<arg>${True}</arg>
<doc>Runs the given keyword with the given arguments, if ``condition`` is true.</doc>
<status status="PASS" start="2024-08-09T22:16:01.576997" elapsed="0.000969"/>
</kw>
<status status="PASS" start="2024-08-09T22:16:01.481860" elapsed="0.096248"/>
</kw>
<doc>Testa o conteúdo específico dos campos retornados pela API.</doc>
<tag>testeConteudo</tag>
<status status="PASS" start="2024-08-09T22:16:01.481188" elapsed="0.097068"/>
</test>
<status status="PASS" start="2024-08-09T22:16:00.620364" elapsed="0.959783"/>
</suite>
<status status="PASS" start="2024-08-09T22:16:00.605970" elapsed="0.979338"/>
</suite>
<statistics>
<total>
<stat pass="5" fail="0" skip="0">All Tests</stat>
</total>
<tag>
<stat pass="1" fail="0" skip="0">testeConteudo</stat>
<stat pass="1" fail="0" skip="0">testeEstruturaResposta</stat>
<stat pass="1" fail="0" skip="0">testeRequisicaoBasica</stat>
<stat pass="1" fail="0" skip="0">testeTiposDados</stat>
</tag>
<suite>
<stat pass="5" fail="0" skip="0" id="s1" name="Tests">Tests</stat>
<stat pass="5" fail="0" skip="0" id="s1-s1" name="Random-User-Test">Tests.Random-User-Test</stat>
</suite>
</statistics>
<errors>
</errors>
</robot>
