<?xml version="1.0" encoding="UTF-8"?>
<robot generator="Robot 7.0 (Python 3.12.2 on linux)" generated="2024-04-06T22:12:41.767217" rpa="false" schemaversion="5">
<suite id="s1" name="Tests" source="/home/runner/work/DesafioQAItauRogerioJordao/DesafioQAItauRogerioJordao/RamdonUser/tests">
<suite id="s1-s1" name="Random-User-Test" source="/home/runner/work/DesafioQAItauRogerioJordao/DesafioQAItauRogerioJordao/RamdonUser/tests/random-user-test.robot">
<test id="s1-s1-t1" name="Conectar" line="13">
<kw name="Conectar API" owner="random-user-service">
<kw name="Create Session" owner="RequestsLibrary">
<msg time="2024-04-06T22:12:42.150001" level="INFO">Creating Session using : alias=consultarAPI, url=https://randomuser.me/, headers={},                     cookies={}, auth=None, timeout=None, proxies=None, verify=False,                     debug=0 </msg>
<arg>consultarAPI</arg>
<arg>${URL}</arg>
<doc>Create Session: create a HTTP session to a server</doc>
<status status="PASS" start="2024-04-06T22:12:42.149803" elapsed="0.000360"/>
</kw>
<status status="PASS" start="2024-04-06T22:12:42.148804" elapsed="0.001719"/>
</kw>
<status status="PASS" start="2024-04-06T22:12:42.148211" elapsed="0.002525"/>
</test>
<test id="s1-s1-t2" name="Validar retorno 200 e JSON Válido" line="16">
<kw name="Teste de Requisicao Basica" owner="random-user-service">
<kw name="GET On Session" owner="RequestsLibrary">
<msg time="2024-04-06T22:12:42.343779" level="INFO">GET Request : url=https://randomuser.me/api 
 path_url=/api 
 headers={'User-Agent': 'python-requests/2.31.0', 'Accept-Encoding': 'gzip, deflate', 'Accept': '*/*', 'Connection': 'keep-alive'} 
 body=None 
 </msg>
<msg time="2024-04-06T22:12:42.343936" level="INFO">GET Response : url=https://randomuser.me/api 
 status=200, reason=OK 
 headers={'Date': 'Sat, 06 Apr 2024 22:12:42 GMT', 'Content-Type': 'application/json; charset=utf-8', 'Transfer-Encoding': 'chunked', 'Connection': 'keep-alive', 'X-Powered-By': 'Express', 'Access-Control-Allow-Origin': '*', 'Cache-Control': 'no-cache', 'ETag': 'W/"491-iypoXDDc1FLXEyFC5DYpieKFYpU"', 'Vary': 'Accept-Encoding', 'Content-Encoding': 'gzip', 'CF-Cache-Status': 'DYNAMIC', 'Report-To': '{"endpoints":[{"url":"https:\\/\\/a.nel.cloudflare.com\\/report\\/v4?s=pKv7hfzIwsaXhaDcM6qI4HkbtvKu7IC%2Ba81MM3L%2F6aaTJrent61QFrESomWzc5WC8z9VJ7yEP4zhH2SYd7V7TjlQjZ51BgLp0zZKeTG9nVMOz7%2Bm8sU2z%2BkBc%2F3DY%2BuE"}],"group":"cf-nel","max_age":604800}', 'NEL': '{"success_fraction":0,"report_to":"cf-nel","max_age":604800}', 'Server': 'cloudflare', 'CF-RAY': '87051ef45fa16320-ORD', 'alt-svc': 'h3=":443"; ma=86400'} 
 body={"results":[{"gender":"female","name":{"title":"Ms","first":"Maren","last":"Graf"},"location":{"street":{"number":7428,"name":"Waldweg"},"city":"Knittlingen","state":"Niedersachsen","country":"Germany","postcode":34207,"coordinates":{"latitude":"-50.3060","longitude":"129.3839"},"timezone":{"offset":"-7:00","description":"Mountain Time (US &amp; Canada)"}},"email":"maren.graf@example.com","login":{"uuid":"a4e3bf78-4396-4bc2-9a07-7c35423f6c3f","username":"lazyladybug820","password":"11223344","salt":"nIySYk1O","md5":"791d9c3bec20320d25777a6ac5b570ef","sha1":"b5bcc8f2efeed5da93b09582e117fda6ff51be6f","sha256":"84865e30006d02008f97e807e3c68eb87ec771abe2ae912196b4da17cbd9fc1d"},"dob":{"date":"1957-01-04T21:52:23.318Z","age":67},"registered":{"date":"2009-01-04T15:32:28.283Z","age":15},"phone":"0119-4729128","cell":"0171-7868292","id":{"name":"SVNR","value":"44 040157 G 850"},"picture":{"large":"https://randomuser.me/api/portraits/women/29.jpg","medium":"https://randomuser.me/api/portraits/med/women/29.jpg","thumbnail":"https://randomuser.me/api/portraits/thumb/women/29.jpg"},"nat":"DE"}],"info":{"seed":"00003ec911fe31b2","results":1,"page":1,"version":"1.4"}} 
 </msg>
<msg time="2024-04-06T22:12:42.344102" level="INFO">/opt/hostedtoolcache/Python/3.12.2/x64/lib/python3.12/site-packages/urllib3/connectionpool.py:1103: InsecureRequestWarning: Unverified HTTPS request is being made to host 'randomuser.me'. Adding certificate verification is strongly advised. See: https://urllib3.readthedocs.io/en/latest/advanced-usage.html#tls-warnings
  warnings.warn(</msg>
<msg time="2024-04-06T22:12:42.344256" level="INFO">${response} = &lt;Response [200]&gt;</msg>
<var>${response}</var>
<arg>consultarAPI</arg>
<arg>/api</arg>
<doc>Sends a GET request on a previously created HTTP Session.</doc>
<status status="PASS" start="2024-04-06T22:12:42.153330" elapsed="0.190965"/>
</kw>
<kw name="Should Be Equal As Numbers" owner="BuiltIn">
<msg time="2024-04-06T22:12:42.345423" level="INFO">Argument types are:
&lt;class 'int'&gt;
&lt;class 'str'&gt;</msg>
<arg>${response.status_code}</arg>
<arg>200</arg>
<doc>Fails if objects are unequal after converting them to real numbers.</doc>
<status status="PASS" start="2024-04-06T22:12:42.344827" elapsed="0.000691"/>
</kw>
<kw name="Log" owner="BuiltIn">
<msg time="2024-04-06T22:12:42.346535" level="INFO">200</msg>
<arg>${response.status_code}</arg>
<doc>Logs the given message with the given level.</doc>
<status status="PASS" start="2024-04-06T22:12:42.345971" elapsed="0.000632"/>
</kw>
<kw name="Set Variable" owner="BuiltIn">
<msg time="2024-04-06T22:12:42.347854" level="INFO">${json_data} = {'results': [{'gender': 'female', 'name': {'title': 'Ms', 'first': 'Maren', 'last': 'Graf'}, 'location': {'street': {'number': 7428, 'name': 'Waldweg'}, 'city': 'Knittlingen', 'state': 'Niedersachsen'...</msg>
<var>${json_data}</var>
<arg>${response.json()}</arg>
<doc>Returns the given values which can then be assigned to a variables.</doc>
<status status="PASS" start="2024-04-06T22:12:42.347122" elapsed="0.000779"/>
</kw>
<kw name="Dictionary Should Contain Key" owner="Collections">
<msg time="2024-04-06T22:12:42.348609" level="INFO">False</msg>
<arg>${json_data}</arg>
<arg>results</arg>
<doc>Fails if ``key`` is not found from ``dictionary``.</doc>
<status status="PASS" start="2024-04-06T22:12:42.348368" elapsed="0.000299"/>
</kw>
<status status="PASS" start="2024-04-06T22:12:42.153078" elapsed="0.195973"/>
</kw>
<doc>Testa se a API responde corretamente e retorna um objeto JSON válido.</doc>
<tag>testeRequisicaoBasica</tag>
<status status="PASS" start="2024-04-06T22:12:42.152622" elapsed="0.196693"/>
</test>
<test id="s1-s1-t3" name="Validar estrutura de resposta" line="22">
<kw name="Teste de Estrutura de Resposta" owner="random-user-service">
<kw name="GET On Session" owner="RequestsLibrary">
<msg time="2024-04-06T22:12:42.434742" level="INFO">GET Request : url=https://randomuser.me/api 
 path_url=/api 
 headers={'User-Agent': 'python-requests/2.31.0', 'Accept-Encoding': 'gzip, deflate', 'Accept': '*/*', 'Connection': 'keep-alive'} 
 body=None 
 </msg>
<msg time="2024-04-06T22:12:42.434825" level="INFO">GET Response : url=https://randomuser.me/api 
 status=200, reason=OK 
 headers={'Date': 'Sat, 06 Apr 2024 22:12:42 GMT', 'Content-Type': 'application/json; charset=utf-8', 'Transfer-Encoding': 'chunked', 'Connection': 'keep-alive', 'X-Powered-By': 'Express', 'Access-Control-Allow-Origin': '*', 'Cache-Control': 'no-cache', 'ETag': 'W/"499-OSzZhdS22TbYKOqgcj6aaFD5bQs"', 'Vary': 'Accept-Encoding', 'Content-Encoding': 'gzip', 'CF-Cache-Status': 'DYNAMIC', 'Report-To': '{"endpoints":[{"url":"https:\\/\\/a.nel.cloudflare.com\\/report\\/v4?s=Opu9zv4gYpNxv8e8Fta7ikgEuAh0OgtjAUVm6IODvF1FxkY9oQFCbILy2ESj8TBJzRgIijK3Oqhqnup92wN%2BmAF46qQX%2FVWrK2ZaKyBxdGXp0XfLXBbbshSTLXIhWTne"}],"group":"cf-nel","max_age":604800}', 'NEL': '{"success_fraction":0,"report_to":"cf-nel","max_age":604800}', 'Server': 'cloudflare', 'CF-RAY': '87051ef4b8026320-ORD', 'alt-svc': 'h3=":443"; ma=86400'} 
 body={"results":[{"gender":"male","name":{"title":"Mr","first":"Valentin","last":"Lomeli"},"location":{"street":{"number":4218,"name":"Circuito Mercado"},"city":"Capardillas (Rcho Sta Lugarda)","state":"Quintana Roo","country":"Mexico","postcode":80075,"coordinates":{"latitude":"29.2286","longitude":"-115.2559"},"timezone":{"offset":"+3:30","description":"Tehran"}},"email":"valentin.lomeli@example.com","login":{"uuid":"f79651bc-d920-4552-951c-da80aba78213","username":"beautifulrabbit847","password":"flesh","salt":"1Kjauwjx","md5":"c9b7141c1e8c252788a4adab91b56cb3","sha1":"c0445b02440c85b82149f690b028ed00aedc0087","sha256":"e8ca7e961738d0063ebcc63d457ae9305a35590610022147a0bb0f6cc5247499"},"dob":{"date":"1980-12-28T17:16:47.739Z","age":43},"registered":{"date":"2012-05-16T15:00:04.560Z","age":11},"phone":"(667) 645 1020","cell":"(649) 983 6565","id":{"name":"NSS","value":"81 74 24 8525 8"},"picture":{"large":"https://randomuser.me/api/portraits/men/3.jpg","medium":"https://randomuser.me/api/portraits/med/men/3.jpg","thumbnail":"https://randomuser.me/api/portraits/thumb/men/3.jpg"},"nat":"MX"}],"info":{"seed":"3372ec65df0ff446","results":1,"page":1,"version":"1.4"}} 
 </msg>
<msg time="2024-04-06T22:12:42.434956" level="INFO">/opt/hostedtoolcache/Python/3.12.2/x64/lib/python3.12/site-packages/urllib3/connectionpool.py:1103: InsecureRequestWarning: Unverified HTTPS request is being made to host 'randomuser.me'. Adding certificate verification is strongly advised. See: https://urllib3.readthedocs.io/en/latest/advanced-usage.html#tls-warnings
  warnings.warn(</msg>
<msg time="2024-04-06T22:12:42.435072" level="INFO">${response} = &lt;Response [200]&gt;</msg>
<var>${response}</var>
<arg>consultarAPI</arg>
<arg>/api</arg>
<doc>Sends a GET request on a previously created HTTP Session.</doc>
<status status="PASS" start="2024-04-06T22:12:42.353808" elapsed="0.081309"/>
</kw>
<kw name="Set Variable" owner="BuiltIn">
<msg time="2024-04-06T22:12:42.435989" level="INFO">${json_data} = {'results': [{'gender': 'male', 'name': {'title': 'Mr', 'first': 'Valentin', 'last': 'Lomeli'}, 'location': {'street': {'number': 4218, 'name': 'Circuito Mercado'}, 'city': 'Capardillas (Rcho Sta Luga...</msg>
<var>${json_data}</var>
<arg>${response.json()}</arg>
<doc>Returns the given values which can then be assigned to a variables.</doc>
<status status="PASS" start="2024-04-06T22:12:42.435531" elapsed="0.000487"/>
</kw>
<kw name="Log" owner="BuiltIn">
<msg time="2024-04-06T22:12:42.436538" level="INFO">{'results': [{'gender': 'male', 'name': {'title': 'Mr', 'first': 'Valentin', 'last': 'Lomeli'}, 'location': {'street': {'number': 4218, 'name': 'Circuito Mercado'}, 'city': 'Capardillas (Rcho Sta Lugarda)', 'state': 'Quintana Roo', 'country': 'Mexico', 'postcode': 80075, 'coordinates': {'latitude': '29.2286', 'longitude': '-115.2559'}, 'timezone': {'offset': '+3:30', 'description': 'Tehran'}}, 'email': 'valentin.lomeli@example.com', 'login': {'uuid': 'f79651bc-d920-4552-951c-da80aba78213', 'username': 'beautifulrabbit847', 'password': 'flesh', 'salt': '1Kjauwjx', 'md5': 'c9b7141c1e8c252788a4adab91b56cb3', 'sha1': 'c0445b02440c85b82149f690b028ed00aedc0087', 'sha256': 'e8ca7e961738d0063ebcc63d457ae9305a35590610022147a0bb0f6cc5247499'}, 'dob': {'date': '1980-12-28T17:16:47.739Z', 'age': 43}, 'registered': {'date': '2012-05-16T15:00:04.560Z', 'age': 11}, 'phone': '(667) 645 1020', 'cell': '(649) 983 6565', 'id': {'name': 'NSS', 'value': '81 74 24 8525 8'}, 'picture': {'large': 'https://randomuser.me/api/portraits/men/3.jpg', 'medium': 'https://randomuser.me/api/portraits/med/men/3.jpg', 'thumbnail': 'https://randomuser.me/api/portraits/thumb/men/3.jpg'}, 'nat': 'MX'}], 'info': {'seed': '3372ec65df0ff446', 'results': 1, 'page': 1, 'version': '1.4'}}</msg>
<arg>${json_data}</arg>
<doc>Logs the given message with the given level.</doc>
<status status="PASS" start="2024-04-06T22:12:42.436376" elapsed="0.000210"/>
</kw>
<kw name="Dictionary Should Contain Key" owner="Collections">
<msg time="2024-04-06T22:12:42.437046" level="INFO">False</msg>
<arg>${json_data}</arg>
<arg>results</arg>
<doc>Fails if ``key`` is not found from ``dictionary``.</doc>
<status status="PASS" start="2024-04-06T22:12:42.436891" elapsed="0.000193"/>
</kw>
<kw name="Should Not Be Empty" owner="BuiltIn">
<msg time="2024-04-06T22:12:42.437521" level="INFO">Length is 2.</msg>
<arg>${json_data}</arg>
<doc>Verifies that the given item is not empty.</doc>
<status status="PASS" start="2024-04-06T22:12:42.437385" elapsed="0.000176"/>
</kw>
<kw name="Create List" owner="BuiltIn">
<msg time="2024-04-06T22:12:42.438021" level="INFO">${expected_keys} = ['gender', 'name', 'location', 'email', 'login']</msg>
<var>${expected_keys}</var>
<arg>gender</arg>
<arg>name</arg>
<arg>location</arg>
<arg>email</arg>
<arg>login</arg>
<doc>Returns a list containing given items.</doc>
<status status="PASS" start="2024-04-06T22:12:42.437862" elapsed="0.000184"/>
</kw>
<for flavor="IN">
<iter>
<kw name="Dictionary Should Contain Key" owner="Collections">
<msg time="2024-04-06T22:12:42.439029" level="INFO">False</msg>
<arg>${json_data['results'][0]}</arg>
<arg>${key}</arg>
<doc>Fails if ``key`` is not found from ``dictionary``.</doc>
<status status="PASS" start="2024-04-06T22:12:42.438617" elapsed="0.000453"/>
</kw>
<kw name="Log" owner="BuiltIn">
<msg time="2024-04-06T22:12:42.439768" level="INFO">{'gender': 'male', 'name': {'title': 'Mr', 'first': 'Valentin', 'last': 'Lomeli'}, 'location': {'street': {'number': 4218, 'name': 'Circuito Mercado'}, 'city': 'Capardillas (Rcho Sta Lugarda)', 'state': 'Quintana Roo', 'country': 'Mexico', 'postcode': 80075, 'coordinates': {'latitude': '29.2286', 'longitude': '-115.2559'}, 'timezone': {'offset': '+3:30', 'description': 'Tehran'}}, 'email': 'valentin.lomeli@example.com', 'login': {'uuid': 'f79651bc-d920-4552-951c-da80aba78213', 'username': 'beautifulrabbit847', 'password': 'flesh', 'salt': '1Kjauwjx', 'md5': 'c9b7141c1e8c252788a4adab91b56cb3', 'sha1': 'c0445b02440c85b82149f690b028ed00aedc0087', 'sha256': 'e8ca7e961738d0063ebcc63d457ae9305a35590610022147a0bb0f6cc5247499'}, 'dob': {'date': '1980-12-28T17:16:47.739Z', 'age': 43}, 'registered': {'date': '2012-05-16T15:00:04.560Z', 'age': 11}, 'phone': '(667) 645 1020', 'cell': '(649) 983 6565', 'id': {'name': 'NSS', 'value': '81 74 24 8525 8'}, 'picture': {'large': 'https://randomuser.me/api/portraits/men/3.jpg', 'medium': 'https://randomuser.me/api/portraits/med/men/3.jpg', 'thumbnail': 'https://randomuser.me/api/portraits/thumb/men/3.jpg'}, 'nat': 'MX'}</msg>
<arg>${json_data['results'][0]}</arg>
<doc>Logs the given message with the given level.</doc>
<status status="PASS" start="2024-04-06T22:12:42.439388" elapsed="0.000429"/>
</kw>
<kw name="Log" owner="BuiltIn">
<msg time="2024-04-06T22:12:42.440294" level="INFO">gender</msg>
<arg>${key}</arg>
<doc>Logs the given message with the given level.</doc>
<status status="PASS" start="2024-04-06T22:12:42.440149" elapsed="0.000184"/>
</kw>
<var name="${key}">gender</var>
<status status="PASS" start="2024-04-06T22:12:42.438491" elapsed="0.002076"/>
</iter>
<iter>
<kw name="Dictionary Should Contain Key" owner="Collections">
<msg time="2024-04-06T22:12:42.441267" level="INFO">False</msg>
<arg>${json_data['results'][0]}</arg>
<arg>${key}</arg>
<doc>Fails if ``key`` is not found from ``dictionary``.</doc>
<status status="PASS" start="2024-04-06T22:12:42.440876" elapsed="0.000430"/>
</kw>
<kw name="Log" owner="BuiltIn">
<msg time="2024-04-06T22:12:42.442013" level="INFO">{'gender': 'male', 'name': {'title': 'Mr', 'first': 'Valentin', 'last': 'Lomeli'}, 'location': {'street': {'number': 4218, 'name': 'Circuito Mercado'}, 'city': 'Capardillas (Rcho Sta Lugarda)', 'state': 'Quintana Roo', 'country': 'Mexico', 'postcode': 80075, 'coordinates': {'latitude': '29.2286', 'longitude': '-115.2559'}, 'timezone': {'offset': '+3:30', 'description': 'Tehran'}}, 'email': 'valentin.lomeli@example.com', 'login': {'uuid': 'f79651bc-d920-4552-951c-da80aba78213', 'username': 'beautifulrabbit847', 'password': 'flesh', 'salt': '1Kjauwjx', 'md5': 'c9b7141c1e8c252788a4adab91b56cb3', 'sha1': 'c0445b02440c85b82149f690b028ed00aedc0087', 'sha256': 'e8ca7e961738d0063ebcc63d457ae9305a35590610022147a0bb0f6cc5247499'}, 'dob': {'date': '1980-12-28T17:16:47.739Z', 'age': 43}, 'registered': {'date': '2012-05-16T15:00:04.560Z', 'age': 11}, 'phone': '(667) 645 1020', 'cell': '(649) 983 6565', 'id': {'name': 'NSS', 'value': '81 74 24 8525 8'}, 'picture': {'large': 'https://randomuser.me/api/portraits/men/3.jpg', 'medium': 'https://randomuser.me/api/portraits/med/men/3.jpg', 'thumbnail': 'https://randomuser.me/api/portraits/thumb/men/3.jpg'}, 'nat': 'MX'}</msg>
<arg>${json_data['results'][0]}</arg>
<doc>Logs the given message with the given level.</doc>
<status status="PASS" start="2024-04-06T22:12:42.441644" elapsed="0.000418"/>
</kw>
<kw name="Log" owner="BuiltIn">
<msg time="2024-04-06T22:12:42.442503" level="INFO">name</msg>
<arg>${key}</arg>
<doc>Logs the given message with the given level.</doc>
<status status="PASS" start="2024-04-06T22:12:42.442372" elapsed="0.000169"/>
</kw>
<var name="${key}">name</var>
<status status="PASS" start="2024-04-06T22:12:42.440760" elapsed="0.002002"/>
</iter>
<iter>
<kw name="Dictionary Should Contain Key" owner="Collections">
<msg time="2024-04-06T22:12:42.443491" level="INFO">False</msg>
<arg>${json_data['results'][0]}</arg>
<arg>${key}</arg>
<doc>Fails if ``key`` is not found from ``dictionary``.</doc>
<status status="PASS" start="2024-04-06T22:12:42.443062" elapsed="0.000467"/>
</kw>
<kw name="Log" owner="BuiltIn">
<msg time="2024-04-06T22:12:42.444246" level="INFO">{'gender': 'male', 'name': {'title': 'Mr', 'first': 'Valentin', 'last': 'Lomeli'}, 'location': {'street': {'number': 4218, 'name': 'Circuito Mercado'}, 'city': 'Capardillas (Rcho Sta Lugarda)', 'state': 'Quintana Roo', 'country': 'Mexico', 'postcode': 80075, 'coordinates': {'latitude': '29.2286', 'longitude': '-115.2559'}, 'timezone': {'offset': '+3:30', 'description': 'Tehran'}}, 'email': 'valentin.lomeli@example.com', 'login': {'uuid': 'f79651bc-d920-4552-951c-da80aba78213', 'username': 'beautifulrabbit847', 'password': 'flesh', 'salt': '1Kjauwjx', 'md5': 'c9b7141c1e8c252788a4adab91b56cb3', 'sha1': 'c0445b02440c85b82149f690b028ed00aedc0087', 'sha256': 'e8ca7e961738d0063ebcc63d457ae9305a35590610022147a0bb0f6cc5247499'}, 'dob': {'date': '1980-12-28T17:16:47.739Z', 'age': 43}, 'registered': {'date': '2012-05-16T15:00:04.560Z', 'age': 11}, 'phone': '(667) 645 1020', 'cell': '(649) 983 6565', 'id': {'name': 'NSS', 'value': '81 74 24 8525 8'}, 'picture': {'large': 'https://randomuser.me/api/portraits/men/3.jpg', 'medium': 'https://randomuser.me/api/portraits/med/men/3.jpg', 'thumbnail': 'https://randomuser.me/api/portraits/thumb/men/3.jpg'}, 'nat': 'MX'}</msg>
<arg>${json_data['results'][0]}</arg>
<doc>Logs the given message with the given level.</doc>
<status status="PASS" start="2024-04-06T22:12:42.443844" elapsed="0.000455"/>
</kw>
<kw name="Log" owner="BuiltIn">
<msg time="2024-04-06T22:12:42.444729" level="INFO">location</msg>
<arg>${key}</arg>
<doc>Logs the given message with the given level.</doc>
<status status="PASS" start="2024-04-06T22:12:42.444599" elapsed="0.000168"/>
</kw>
<var name="${key}">location</var>
<status status="PASS" start="2024-04-06T22:12:42.442948" elapsed="0.002039"/>
</iter>
<iter>
<kw name="Dictionary Should Contain Key" owner="Collections">
<msg time="2024-04-06T22:12:42.445663" level="INFO">False</msg>
<arg>${json_data['results'][0]}</arg>
<arg>${key}</arg>
<doc>Fails if ``key`` is not found from ``dictionary``.</doc>
<status status="PASS" start="2024-04-06T22:12:42.445277" elapsed="0.000424"/>
</kw>
<kw name="Log" owner="BuiltIn">
<msg time="2024-04-06T22:12:42.446383" level="INFO">{'gender': 'male', 'name': {'title': 'Mr', 'first': 'Valentin', 'last': 'Lomeli'}, 'location': {'street': {'number': 4218, 'name': 'Circuito Mercado'}, 'city': 'Capardillas (Rcho Sta Lugarda)', 'state': 'Quintana Roo', 'country': 'Mexico', 'postcode': 80075, 'coordinates': {'latitude': '29.2286', 'longitude': '-115.2559'}, 'timezone': {'offset': '+3:30', 'description': 'Tehran'}}, 'email': 'valentin.lomeli@example.com', 'login': {'uuid': 'f79651bc-d920-4552-951c-da80aba78213', 'username': 'beautifulrabbit847', 'password': 'flesh', 'salt': '1Kjauwjx', 'md5': 'c9b7141c1e8c252788a4adab91b56cb3', 'sha1': 'c0445b02440c85b82149f690b028ed00aedc0087', 'sha256': 'e8ca7e961738d0063ebcc63d457ae9305a35590610022147a0bb0f6cc5247499'}, 'dob': {'date': '1980-12-28T17:16:47.739Z', 'age': 43}, 'registered': {'date': '2012-05-16T15:00:04.560Z', 'age': 11}, 'phone': '(667) 645 1020', 'cell': '(649) 983 6565', 'id': {'name': 'NSS', 'value': '81 74 24 8525 8'}, 'picture': {'large': 'https://randomuser.me/api/portraits/men/3.jpg', 'medium': 'https://randomuser.me/api/portraits/med/men/3.jpg', 'thumbnail': 'https://randomuser.me/api/portraits/thumb/men/3.jpg'}, 'nat': 'MX'}</msg>
<arg>${json_data['results'][0]}</arg>
<doc>Logs the given message with the given level.</doc>
<status status="PASS" start="2024-04-06T22:12:42.446000" elapsed="0.000431"/>
</kw>
<kw name="Log" owner="BuiltIn">
<msg time="2024-04-06T22:12:42.446852" level="INFO">email</msg>
<arg>${key}</arg>
<doc>Logs the given message with the given level.</doc>
<status status="PASS" start="2024-04-06T22:12:42.446725" elapsed="0.000164"/>
</kw>
<var name="${key}">email</var>
<status status="PASS" start="2024-04-06T22:12:42.445165" elapsed="0.001939"/>
</iter>
<iter>
<kw name="Dictionary Should Contain Key" owner="Collections">
<msg time="2024-04-06T22:12:42.447780" level="INFO">False</msg>
<arg>${json_data['results'][0]}</arg>
<arg>${key}</arg>
<doc>Fails if ``key`` is not found from ``dictionary``.</doc>
<status status="PASS" start="2024-04-06T22:12:42.447397" elapsed="0.000421"/>
</kw>
<kw name="Log" owner="BuiltIn">
<msg time="2024-04-06T22:12:42.448503" level="INFO">{'gender': 'male', 'name': {'title': 'Mr', 'first': 'Valentin', 'last': 'Lomeli'}, 'location': {'street': {'number': 4218, 'name': 'Circuito Mercado'}, 'city': 'Capardillas (Rcho Sta Lugarda)', 'state': 'Quintana Roo', 'country': 'Mexico', 'postcode': 80075, 'coordinates': {'latitude': '29.2286', 'longitude': '-115.2559'}, 'timezone': {'offset': '+3:30', 'description': 'Tehran'}}, 'email': 'valentin.lomeli@example.com', 'login': {'uuid': 'f79651bc-d920-4552-951c-da80aba78213', 'username': 'beautifulrabbit847', 'password': 'flesh', 'salt': '1Kjauwjx', 'md5': 'c9b7141c1e8c252788a4adab91b56cb3', 'sha1': 'c0445b02440c85b82149f690b028ed00aedc0087', 'sha256': 'e8ca7e961738d0063ebcc63d457ae9305a35590610022147a0bb0f6cc5247499'}, 'dob': {'date': '1980-12-28T17:16:47.739Z', 'age': 43}, 'registered': {'date': '2012-05-16T15:00:04.560Z', 'age': 11}, 'phone': '(667) 645 1020', 'cell': '(649) 983 6565', 'id': {'name': 'NSS', 'value': '81 74 24 8525 8'}, 'picture': {'large': 'https://randomuser.me/api/portraits/men/3.jpg', 'medium': 'https://randomuser.me/api/portraits/med/men/3.jpg', 'thumbnail': 'https://randomuser.me/api/portraits/thumb/men/3.jpg'}, 'nat': 'MX'}</msg>
<arg>${json_data['results'][0]}</arg>
<doc>Logs the given message with the given level.</doc>
<status status="PASS" start="2024-04-06T22:12:42.448135" elapsed="0.000416"/>
</kw>
<kw name="Log" owner="BuiltIn">
<msg time="2024-04-06T22:12:42.448977" level="INFO">login</msg>
<arg>${key}</arg>
<doc>Logs the given message with the given level.</doc>
<status status="PASS" start="2024-04-06T22:12:42.448849" elapsed="0.000271"/>
</kw>
<var name="${key}">login</var>
<status status="PASS" start="2024-04-06T22:12:42.447280" elapsed="0.002095"/>
</iter>
<var>${key}</var>
<value>@{expected_keys}</value>
<status status="PASS" start="2024-04-06T22:12:42.438306" elapsed="0.011199"/>
</for>
<kw name="Create List" owner="BuiltIn">
<msg time="2024-04-06T22:12:42.449842" level="INFO">${expected_keysTwo} = ['username', 'password']</msg>
<var>${expected_keysTwo}</var>
<arg>username</arg>
<arg>password</arg>
<doc>Returns a list containing given items.</doc>
<status status="PASS" start="2024-04-06T22:12:42.449701" elapsed="0.000165"/>
</kw>
<for flavor="IN">
<iter>
<kw name="Dictionary Should Contain Key" owner="Collections">
<msg time="2024-04-06T22:12:42.450762" level="INFO">False</msg>
<arg>${json_data['results'][0]['login']}</arg>
<arg>${keyTwo}</arg>
<doc>Fails if ``key`` is not found from ``dictionary``.</doc>
<status status="PASS" start="2024-04-06T22:12:42.450378" elapsed="0.000422"/>
</kw>
<kw name="Dictionary Should Contain Key" owner="Collections">
<msg time="2024-04-06T22:12:42.451481" level="INFO">False</msg>
<arg>${json_data['results'][0]['login']}</arg>
<arg>${keyTwo}</arg>
<doc>Fails if ``key`` is not found from ``dictionary``.</doc>
<status status="PASS" start="2024-04-06T22:12:42.451097" elapsed="0.000422"/>
</kw>
<kw name="Log" owner="BuiltIn">
<msg time="2024-04-06T22:12:42.451945" level="INFO">username</msg>
<arg>${keyTwo}</arg>
<doc>Logs the given message with the given level.</doc>
<status status="PASS" start="2024-04-06T22:12:42.451816" elapsed="0.000166"/>
</kw>
<var name="${keyTwo}">username</var>
<status status="PASS" start="2024-04-06T22:12:42.450267" elapsed="0.001974"/>
</iter>
<iter>
<kw name="Dictionary Should Contain Key" owner="Collections">
<msg time="2024-04-06T22:12:42.452906" level="INFO">False</msg>
<arg>${json_data['results'][0]['login']}</arg>
<arg>${keyTwo}</arg>
<doc>Fails if ``key`` is not found from ``dictionary``.</doc>
<status status="PASS" start="2024-04-06T22:12:42.452528" elapsed="0.000416"/>
</kw>
<kw name="Dictionary Should Contain Key" owner="Collections">
<msg time="2024-04-06T22:12:42.453625" level="INFO">False</msg>
<arg>${json_data['results'][0]['login']}</arg>
<arg>${keyTwo}</arg>
<doc>Fails if ``key`` is not found from ``dictionary``.</doc>
<status status="PASS" start="2024-04-06T22:12:42.453239" elapsed="0.000424"/>
</kw>
<kw name="Log" owner="BuiltIn">
<msg time="2024-04-06T22:12:42.454085" level="INFO">password</msg>
<arg>${keyTwo}</arg>
<doc>Logs the given message with the given level.</doc>
<status status="PASS" start="2024-04-06T22:12:42.453957" elapsed="0.000166"/>
</kw>
<var name="${keyTwo}">password</var>
<status status="PASS" start="2024-04-06T22:12:42.452419" elapsed="0.001928"/>
</iter>
<var>${keyTwo}</var>
<value>@{expected_keysTwo}</value>
<status status="PASS" start="2024-04-06T22:12:42.450114" elapsed="0.004360"/>
</for>
<status status="PASS" start="2024-04-06T22:12:42.353443" elapsed="0.101178"/>
</kw>
<doc>Testa a estrutura da resposta da API.</doc>
<tag>testeEstruturaResposta</tag>
<status status="PASS" start="2024-04-06T22:12:42.352533" elapsed="0.102250"/>
</test>
<test id="s1-s1-t4" name="Validar tipos de dados" line="28">
<kw name="Teste de Tipos de Dados" owner="random-user-service">
<kw name="GET On Session" owner="RequestsLibrary">
<msg time="2024-04-06T22:12:42.534154" level="INFO">GET Request : url=https://randomuser.me/api 
 path_url=/api 
 headers={'User-Agent': 'python-requests/2.31.0', 'Accept-Encoding': 'gzip, deflate', 'Accept': '*/*', 'Connection': 'keep-alive'} 
 body=None 
 </msg>
<msg time="2024-04-06T22:12:42.534231" level="INFO">GET Response : url=https://randomuser.me/api 
 status=200, reason=OK 
 headers={'Date': 'Sat, 06 Apr 2024 22:12:42 GMT', 'Content-Type': 'application/json; charset=utf-8', 'Transfer-Encoding': 'chunked', 'Connection': 'keep-alive', 'X-Powered-By': 'Express', 'Access-Control-Allow-Origin': '*', 'Cache-Control': 'no-cache', 'ETag': 'W/"498-v0ZFy951nIWSxW3NJ2kgcOMaDc8"', 'Vary': 'Accept-Encoding', 'Content-Encoding': 'gzip', 'CF-Cache-Status': 'DYNAMIC', 'Report-To': '{"endpoints":[{"url":"https:\\/\\/a.nel.cloudflare.com\\/report\\/v4?s=2L6v2NODpxS%2BVMa%2B0cROCb%2BDIOV7qvJ4S7GRJCQySvrlo6tgzCzaxSQA4%2Fpr%2B89NqXZAXjTKQdaOCoOrVrw4qJEunPsaIzZ82vpBczU2btv%2BplCpQOmrXzT%2Fqi6YT%2B1l"}],"group":"cf-nel","max_age":604800}', 'NEL': '{"success_fraction":0,"report_to":"cf-nel","max_age":604800}', 'Server': 'cloudflare', 'CF-RAY': '87051ef5689c6320-ORD', 'alt-svc': 'h3=":443"; ma=86400'} 
 body={"results":[{"gender":"female","name":{"title":"Miss","first":"Emilie","last":"Denys"},"location":{"street":{"number":2163,"name":"Lake of Bays Road"},"city":"Elgin","state":"New Brunswick","country":"Canada","postcode":"K7S 9W3","coordinates":{"latitude":"-71.6957","longitude":"46.0570"},"timezone":{"offset":"-1:00","description":"Azores, Cape Verde Islands"}},"email":"emilie.denys@example.com","login":{"uuid":"64463944-ee9e-4fd7-985d-a452a5697b10","username":"ticklishostrich367","password":"factory","salt":"3K58ZCwG","md5":"1a49e5a62afc87deedf93cbe23c0eec0","sha1":"57d9e606c5d405d21f17586b25b41dc4da7f1faa","sha256":"6193cdf93aa46c5be03fc899f4cf776fae4236da0563be4d013a97c8b69486cf"},"dob":{"date":"1963-08-30T11:40:37.660Z","age":60},"registered":{"date":"2005-10-03T17:04:35.678Z","age":18},"phone":"I45 M60-0209","cell":"W81 H96-9897","id":{"name":"SIN","value":"372450189"},"picture":{"large":"https://randomuser.me/api/portraits/women/66.jpg","medium":"https://randomuser.me/api/portraits/med/women/66.jpg","thumbnail":"https://randomuser.me/api/portraits/thumb/women/66.jpg"},"nat":"CA"}],"info":{"seed":"b087e0e8e302507a","results":1,"page":1,"version":"1.4"}} 
 </msg>
<msg time="2024-04-06T22:12:42.534297" level="INFO">/opt/hostedtoolcache/Python/3.12.2/x64/lib/python3.12/site-packages/urllib3/connectionpool.py:1103: InsecureRequestWarning: Unverified HTTPS request is being made to host 'randomuser.me'. Adding certificate verification is strongly advised. See: https://urllib3.readthedocs.io/en/latest/advanced-usage.html#tls-warnings
  warnings.warn(</msg>
<msg time="2024-04-06T22:12:42.534398" level="INFO">${response} = &lt;Response [200]&gt;</msg>
<var>${response}</var>
<arg>consultarAPI</arg>
<arg>/api</arg>
<doc>Sends a GET request on a previously created HTTP Session.</doc>
<status status="PASS" start="2024-04-06T22:12:42.457284" elapsed="0.077159"/>
</kw>
<kw name="Set Variable" owner="BuiltIn">
<msg time="2024-04-06T22:12:42.535263" level="INFO">${json_data} = {'results': [{'gender': 'female', 'name': {'title': 'Miss', 'first': 'Emilie', 'last': 'Denys'}, 'location': {'street': {'number': 2163, 'name': 'Lake of Bays Road'}, 'city': 'Elgin', 'state': 'New Br...</msg>
<var>${json_data}</var>
<arg>${response.json()}</arg>
<doc>Returns the given values which can then be assigned to a variables.</doc>
<status status="PASS" start="2024-04-06T22:12:42.534821" elapsed="0.000470"/>
</kw>
<kw name="Log" owner="BuiltIn">
<msg time="2024-04-06T22:12:42.535751" level="INFO">{'results': [{'gender': 'female', 'name': {'title': 'Miss', 'first': 'Emilie', 'last': 'Denys'}, 'location': {'street': {'number': 2163, 'name': 'Lake of Bays Road'}, 'city': 'Elgin', 'state': 'New Brunswick', 'country': 'Canada', 'postcode': 'K7S 9W3', 'coordinates': {'latitude': '-71.6957', 'longitude': '46.0570'}, 'timezone': {'offset': '-1:00', 'description': 'Azores, Cape Verde Islands'}}, 'email': 'emilie.denys@example.com', 'login': {'uuid': '64463944-ee9e-4fd7-985d-a452a5697b10', 'username': 'ticklishostrich367', 'password': 'factory', 'salt': '3K58ZCwG', 'md5': '1a49e5a62afc87deedf93cbe23c0eec0', 'sha1': '57d9e606c5d405d21f17586b25b41dc4da7f1faa', 'sha256': '6193cdf93aa46c5be03fc899f4cf776fae4236da0563be4d013a97c8b69486cf'}, 'dob': {'date': '1963-08-30T11:40:37.660Z', 'age': 60}, 'registered': {'date': '2005-10-03T17:04:35.678Z', 'age': 18}, 'phone': 'I45 M60-0209', 'cell': 'W81 H96-9897', 'id': {'name': 'SIN', 'value': '372450189'}, 'picture': {'large': 'https://randomuser.me/api/portraits/women/66.jpg', 'medium': 'https://randomuser.me/api/portraits/med/women/66.jpg', 'thumbnail': 'https://randomuser.me/api/portraits/thumb/women/66.jpg'}, 'nat': 'CA'}], 'info': {'seed': 'b087e0e8e302507a', 'results': 1, 'page': 1, 'version': '1.4'}}</msg>
<arg>${json_data}</arg>
<doc>Logs the given message with the given level.</doc>
<status status="PASS" start="2024-04-06T22:12:42.535599" elapsed="0.000234"/>
</kw>
<kw name="Should Be String" owner="String">
<arg>${json_data['results'][0]['gender']}</arg>
<doc>Fails if the given ``item`` is not a string.</doc>
<status status="PASS" start="2024-04-06T22:12:42.536171" elapsed="0.000357"/>
</kw>
<kw name="Should Match Regexp" owner="BuiltIn">
<arg>${json_data['results'][0]['email']}</arg>
<arg>^[a-zA-Z0-9._%+-]+@[a-zA-Z0-9.-]+\.[a-zA-Z]{2,}$</arg>
<doc>Fails if ``string`` does not match ``pattern`` as a regular expression.</doc>
<status status="PASS" start="2024-04-06T22:12:42.536719" elapsed="0.000514"/>
</kw>
<kw name="Should Match Regexp" owner="BuiltIn">
<arg>${json_data['results'][0]['dob']['date']}</arg>
<arg>\\d{4}-\\d{2}-\\d{2}T\\d{2}:\\d{2}:\\d{2}\\.\\d{3}Z</arg>
<doc>Fails if ``string`` does not match ``pattern`` as a regular expression.</doc>
<status status="PASS" start="2024-04-06T22:12:42.537432" elapsed="0.000489"/>
</kw>
<kw name="Should Match Regexp" owner="BuiltIn">
<arg>${json_data['results'][0]['registered']['date']}</arg>
<arg>\\d{4}-\\d{2}-\\d{2}T\\d{2}:\\d{2}:\\d{2}\\.\\d{3}Z</arg>
<doc>Fails if ``string`` does not match ``pattern`` as a regular expression.</doc>
<status status="PASS" start="2024-04-06T22:12:42.538114" elapsed="0.000367"/>
</kw>
<kw name="Should Match Regexp" owner="BuiltIn">
<arg>${json_data['results'][0]['picture']['large']}</arg>
<arg>^https?://.*\.(?:png|jpe?g|gif|bmp)$</arg>
<doc>Fails if ``string`` does not match ``pattern`` as a regular expression.</doc>
<status status="PASS" start="2024-04-06T22:12:42.538668" elapsed="0.000466"/>
</kw>
<kw name="Should Match Regexp" owner="BuiltIn">
<arg>${json_data['results'][0]['picture']['medium']}</arg>
<arg>^https?://.*\.(?:png|jpe?g|gif|bmp)$</arg>
<doc>Fails if ``string`` does not match ``pattern`` as a regular expression.</doc>
<status status="PASS" start="2024-04-06T22:12:42.539329" elapsed="0.000362"/>
</kw>
<kw name="Should Match Regexp" owner="BuiltIn">
<arg>${json_data['results'][0]['picture']['thumbnail']}</arg>
<arg>^https?://.*\.(?:png|jpe?g|gif|bmp)$</arg>
<doc>Fails if ``string`` does not match ``pattern`` as a regular expression.</doc>
<status status="PASS" start="2024-04-06T22:12:42.539878" elapsed="0.000388"/>
</kw>
<kw name="Log" owner="BuiltIn">
<msg time="2024-04-06T22:12:42.540772" level="INFO">{'large': 'https://randomuser.me/api/portraits/women/66.jpg', 'medium': 'https://randomuser.me/api/portraits/med/women/66.jpg', 'thumbnail': 'https://randomuser.me/api/portraits/thumb/women/66.jpg'}</msg>
<arg>${json_data['results'][0]['picture']}</arg>
<doc>Logs the given message with the given level.</doc>
<status status="PASS" start="2024-04-06T22:12:42.540449" elapsed="0.000365"/>
</kw>
<status status="PASS" start="2024-04-06T22:12:42.457062" elapsed="0.084007"/>
</kw>
<kw name="Teste de Tipos de Dados - Postcode" owner="random-user-service">
<kw name="GET On Session" owner="RequestsLibrary">
<msg time="2024-04-06T22:12:42.634223" level="INFO">GET Request : url=https://randomuser.me/api 
 path_url=/api 
 headers={'User-Agent': 'python-requests/2.31.0', 'Accept-Encoding': 'gzip, deflate', 'Accept': '*/*', 'Connection': 'keep-alive'} 
 body=None 
 </msg>
<msg time="2024-04-06T22:12:42.634311" level="INFO">GET Response : url=https://randomuser.me/api 
 status=200, reason=OK 
 headers={'Date': 'Sat, 06 Apr 2024 22:12:42 GMT', 'Content-Type': 'application/json; charset=utf-8', 'Transfer-Encoding': 'chunked', 'Connection': 'keep-alive', 'X-Powered-By': 'Express', 'Access-Control-Allow-Origin': '*', 'Cache-Control': 'no-cache', 'ETag': 'W/"4aa-0M8EFUyigWhlDZAemSgIODpfv6M"', 'Vary': 'Accept-Encoding', 'Content-Encoding': 'gzip', 'CF-Cache-Status': 'DYNAMIC', 'Report-To': '{"endpoints":[{"url":"https:\\/\\/a.nel.cloudflare.com\\/report\\/v4?s=i0XVeOGv3bgEur4GSj4UmD0dqNtDe211W6sVg9F7Z5%2Fzt6%2BDjJ0dSpL3XhPMWIedO9m6QIcSBDn1WVnnyU1ct8uxvJNRlrJXNSemoAjlFWilvfVvTQwkEonKquXZ2Vo9"}],"group":"cf-nel","max_age":604800}', 'NEL': '{"success_fraction":0,"report_to":"cf-nel","max_age":604800}', 'Server': 'cloudflare', 'CF-RAY': '87051ef5e9376320-ORD', 'alt-svc': 'h3=":443"; ma=86400'} 
 body={"results":[{"gender":"male","name":{"title":"Mr","first":"Jairo","last":"Ceja"},"location":{"street":{"number":935,"name":"Viaducto Ucrania"},"city":"Santo Domingo Chihuitán","state":"Zacatecas","country":"Mexico","postcode":64527,"coordinates":{"latitude":"25.4060","longitude":"-25.6070"},"timezone":{"offset":"-6:00","description":"Central Time (US &amp; Canada), Mexico City"}},"email":"jairo.ceja@example.com","login":{"uuid":"7331fcf9-50ec-46d7-9dc4-827f13f2e711","username":"silverelephant593","password":"superfly","salt":"wa4UA1Bf","md5":"ee06aa04df60f7fbdfecbc6f016da681","sha1":"f4027000db91c1fe4cec832de04233dfc7b29730","sha256":"bb656ec6f43cfc29931032e1ae33244a42342fddc7147c05377fe023eb0df4b2"},"dob":{"date":"1952-09-26T19:05:19.780Z","age":71},"registered":{"date":"2011-11-18T23:06:35.432Z","age":12},"phone":"(602) 919 4004","cell":"(647) 664 3583","id":{"name":"NSS","value":"18 58 27 4595 5"},"picture":{"large":"https://randomuser.me/api/portraits/men/95.jpg","medium":"https://randomuser.me/api/portraits/med/men/95.jpg","thumbnail":"https://randomuser.me/api/portraits/thumb/men/95.jpg"},"nat":"MX"}],"info":{"seed":"d25e9235dd101682","results":1,"page":1,"version":"1.4"}} 
 </msg>
<msg time="2024-04-06T22:12:42.634404" level="INFO">/opt/hostedtoolcache/Python/3.12.2/x64/lib/python3.12/site-packages/urllib3/connectionpool.py:1103: InsecureRequestWarning: Unverified HTTPS request is being made to host 'randomuser.me'. Adding certificate verification is strongly advised. See: https://urllib3.readthedocs.io/en/latest/advanced-usage.html#tls-warnings
  warnings.warn(</msg>
<msg time="2024-04-06T22:12:42.634520" level="INFO">${response} = &lt;Response [200]&gt;</msg>
<var>${response}</var>
<arg>consultarAPI</arg>
<arg>/api</arg>
<doc>Sends a GET request on a previously created HTTP Session.</doc>
<status status="PASS" start="2024-04-06T22:12:42.541673" elapsed="0.092888"/>
</kw>
<kw name="Set Variable" owner="BuiltIn">
<msg time="2024-04-06T22:12:42.635416" level="INFO">${json_data} = {'results': [{'gender': 'male', 'name': {'title': 'Mr', 'first': 'Jairo', 'last': 'Ceja'}, 'location': {'street': {'number': 935, 'name': 'Viaducto Ucrania'}, 'city': 'Santo Domingo Chihuitán', 'state...</msg>
<var>${json_data}</var>
<arg>${response.json()}</arg>
<doc>Returns the given values which can then be assigned to a variables.</doc>
<status status="PASS" start="2024-04-06T22:12:42.634972" elapsed="0.000473"/>
</kw>
<kw name="Log" owner="BuiltIn">
<msg time="2024-04-06T22:12:42.635913" level="INFO">{'results': [{'gender': 'male', 'name': {'title': 'Mr', 'first': 'Jairo', 'last': 'Ceja'}, 'location': {'street': {'number': 935, 'name': 'Viaducto Ucrania'}, 'city': 'Santo Domingo Chihuitán', 'state': 'Zacatecas', 'country': 'Mexico', 'postcode': 64527, 'coordinates': {'latitude': '25.4060', 'longitude': '-25.6070'}, 'timezone': {'offset': '-6:00', 'description': 'Central Time (US &amp; Canada), Mexico City'}}, 'email': 'jairo.ceja@example.com', 'login': {'uuid': '7331fcf9-50ec-46d7-9dc4-827f13f2e711', 'username': 'silverelephant593', 'password': 'superfly', 'salt': 'wa4UA1Bf', 'md5': 'ee06aa04df60f7fbdfecbc6f016da681', 'sha1': 'f4027000db91c1fe4cec832de04233dfc7b29730', 'sha256': 'bb656ec6f43cfc29931032e1ae33244a42342fddc7147c05377fe023eb0df4b2'}, 'dob': {'date': '1952-09-26T19:05:19.780Z', 'age': 71}, 'registered': {'date': '2011-11-18T23:06:35.432Z', 'age': 12}, 'phone': '(602) 919 4004', 'cell': '(647) 664 3583', 'id': {'name': 'NSS', 'value': '18 58 27 4595 5'}, 'picture': {'large': 'https://randomuser.me/api/portraits/men/95.jpg', 'medium': 'https://randomuser.me/api/portraits/med/men/95.jpg', 'thumbnail': 'https://randomuser.me/api/portraits/thumb/men/95.jpg'}, 'nat': 'MX'}], 'info': {'seed': 'd25e9235dd101682', 'results': 1, 'page': 1, 'version': '1.4'}}</msg>
<arg>${json_data}</arg>
<doc>Logs the given message with the given level.</doc>
<status status="PASS" start="2024-04-06T22:12:42.635756" elapsed="0.000238"/>
</kw>
<kw name="Should Be Equal As Numbers" owner="BuiltIn">
<arg>${json_data['results'][0]['location']['postcode']}</arg>
<arg>${json_data['results'][0]['location']['postcode']}</arg>
<doc>Fails if objects are unequal after converting them to real numbers.</doc>
<status status="PASS" start="2024-04-06T22:12:42.636338" elapsed="0.000632"/>
</kw>
<kw name="Log" owner="BuiltIn">
<msg time="2024-04-06T22:12:42.637505" level="INFO">64527</msg>
<arg>${json_data['results'][0]['location']['postcode']}</arg>
<doc>Logs the given message with the given level.</doc>
<status status="PASS" start="2024-04-06T22:12:42.637167" elapsed="0.000380"/>
</kw>
<status status="PASS" start="2024-04-06T22:12:42.541327" elapsed="0.096474"/>
</kw>
<doc>Testa se os tipos de dados na resposta da API estão corretos.</doc>
<tag>testeTiposDados</tag>
<status status="PASS" start="2024-04-06T22:12:42.456567" elapsed="0.181393"/>
</test>
<test id="s1-s1-t5" name="Validar conteudo" line="35">
<kw name="Teste de Tipos de Conteudo" owner="random-user-service">
<kw name="GET On Session" owner="RequestsLibrary">
<msg time="2024-04-06T22:12:42.742681" level="INFO">GET Request : url=https://randomuser.me/api 
 path_url=/api 
 headers={'User-Agent': 'python-requests/2.31.0', 'Accept-Encoding': 'gzip, deflate', 'Accept': '*/*', 'Connection': 'keep-alive'} 
 body=None 
 </msg>
<msg time="2024-04-06T22:12:42.742765" level="INFO">GET Response : url=https://randomuser.me/api 
 status=200, reason=OK 
 headers={'Date': 'Sat, 06 Apr 2024 22:12:42 GMT', 'Content-Type': 'application/json; charset=utf-8', 'Transfer-Encoding': 'chunked', 'Connection': 'keep-alive', 'X-Powered-By': 'Express', 'Access-Control-Allow-Origin': '*', 'Cache-Control': 'no-cache', 'ETag': 'W/"494-CgwozoFujxHJNPfCJEL7j3fBa9Y"', 'Vary': 'Accept-Encoding', 'Content-Encoding': 'gzip', 'CF-Cache-Status': 'DYNAMIC', 'Report-To': '{"endpoints":[{"url":"https:\\/\\/a.nel.cloudflare.com\\/report\\/v4?s=YPZ7tWBq0U6vMe%2FpFQXdM56LzFSq%2Fq%2FbrzcVlVPvFHso82MC053M8S9WNgNf4CZ8jRZVYXHP2itXIoVJ65PKjkBn8QFM9de5OIXfQRO0c4YD4Bx2Vzn8YZMqkVkw8la6"}],"group":"cf-nel","max_age":604800}', 'NEL': '{"success_fraction":0,"report_to":"cf-nel","max_age":604800}', 'Server': 'cloudflare', 'CF-RAY': '87051ef689d46320-ORD', 'alt-svc': 'h3=":443"; ma=86400'} 
 body={"results":[{"gender":"male","name":{"title":"Monsieur","first":"Serge","last":"Andre"},"location":{"street":{"number":2753,"name":"Rue Docteur-Bonhomme"},"city":"Lostallo","state":"Appenzell Innerrhoden","country":"Switzerland","postcode":3952,"coordinates":{"latitude":"-61.1955","longitude":"-172.8643"},"timezone":{"offset":"-10:00","description":"Hawaii"}},"email":"serge.andre@example.com","login":{"uuid":"e014b819-4861-412e-be28-826757764227","username":"blackleopard571","password":"sweet1","salt":"qHyhei3D","md5":"ff38213d2521c5b8b7fb00d85969e5e9","sha1":"672e9722a427f6584127089fceee457eab063e0d","sha256":"bec4d5511e50c2c90a08aac6d127c6b01d4b896596f971ed0294905bb3f91bb3"},"dob":{"date":"1952-07-17T21:40:29.853Z","age":71},"registered":{"date":"2010-07-21T01:18:13.023Z","age":13},"phone":"077 432 11 49","cell":"076 524 92 13","id":{"name":"AVS","value":"756.4824.7585.61"},"picture":{"large":"https://randomuser.me/api/portraits/men/49.jpg","medium":"https://randomuser.me/api/portraits/med/men/49.jpg","thumbnail":"https://randomuser.me/api/portraits/thumb/men/49.jpg"},"nat":"CH"}],"info":{"seed":"bfc167cf8a99f8bc","results":1,"page":1,"version":"1.4"}} 
 </msg>
<msg time="2024-04-06T22:12:42.742835" level="INFO">/opt/hostedtoolcache/Python/3.12.2/x64/lib/python3.12/site-packages/urllib3/connectionpool.py:1103: InsecureRequestWarning: Unverified HTTPS request is being made to host 'randomuser.me'. Adding certificate verification is strongly advised. See: https://urllib3.readthedocs.io/en/latest/advanced-usage.html#tls-warnings
  warnings.warn(</msg>
<msg time="2024-04-06T22:12:42.742932" level="INFO">${response} = &lt;Response [200]&gt;</msg>
<var>${response}</var>
<arg>consultarAPI</arg>
<arg>/api</arg>
<doc>Sends a GET request on a previously created HTTP Session.</doc>
<status status="PASS" start="2024-04-06T22:12:42.640362" elapsed="0.102608"/>
</kw>
<kw name="Set Variable" owner="BuiltIn">
<msg time="2024-04-06T22:12:42.743769" level="INFO">${json_data} = {'results': [{'gender': 'male', 'name': {'title': 'Monsieur', 'first': 'Serge', 'last': 'Andre'}, 'location': {'street': {'number': 2753, 'name': 'Rue Docteur-Bonhomme'}, 'city': 'Lostallo', 'state': ...</msg>
<var>${json_data}</var>
<arg>${response.json()}</arg>
<doc>Returns the given values which can then be assigned to a variables.</doc>
<status status="PASS" start="2024-04-06T22:12:42.743334" elapsed="0.000463"/>
</kw>
<kw name="Set Variable" owner="BuiltIn">
<msg time="2024-04-06T22:12:42.744512" level="INFO">${name_title} = Monsieur</msg>
<var>${name_title}</var>
<arg>${json_data["results"][0]["name"]["title"]}</arg>
<doc>Returns the given values which can then be assigned to a variables.</doc>
<status status="PASS" start="2024-04-06T22:12:42.744123" elapsed="0.000414"/>
</kw>
<kw name="Create List" owner="BuiltIn">
<msg time="2024-04-06T22:12:42.744989" level="INFO">${allowed_titles} = ['Mr', 'Ms', 'Miss', 'Mrs', 'Madame', 'Monsieur']</msg>
<var>${allowed_titles}</var>
<arg>Mr</arg>
<arg>Ms</arg>
<arg>Miss</arg>
<arg>Mrs</arg>
<arg>Madame</arg>
<arg>Monsieur</arg>
<doc>Returns a list containing given items.</doc>
<status status="PASS" start="2024-04-06T22:12:42.744838" elapsed="0.000175"/>
</kw>
<kw name="List Should Contain Value" owner="Collections">
<msg time="2024-04-06T22:12:42.745486" level="INFO">False</msg>
<arg>${allowed_titles}</arg>
<arg>${name_title}</arg>
<doc>Fails if the ``value`` is not found from ``list``.</doc>
<status status="PASS" start="2024-04-06T22:12:42.745316" elapsed="0.000207"/>
</kw>
<kw name="Set Variable" owner="BuiltIn">
<msg time="2024-04-06T22:12:42.746191" level="INFO">${name_country} = CH</msg>
<var>${name_country}</var>
<arg>${json_data["results"][0]["nat"]}</arg>
<doc>Returns the given values which can then be assigned to a variables.</doc>
<status status="PASS" start="2024-04-06T22:12:42.745815" elapsed="0.000401"/>
</kw>
<kw name="Create List" owner="BuiltIn">
<msg time="2024-04-06T22:12:42.747118" level="INFO">${list_country} = ['AD', 'AE', 'AF', 'AG', 'AI', 'AL', 'AM', 'AO', 'AQ', 'AR', 'AS', 'AT', 'AU', 'AW', 'AX', 'AZ', 'BA', 'BB', 'BD', 'BE', 'BF', 'BG', 'BH', 'BI', 'BJ', 'BL', 'BM', 'BN', 'BO', 'BQ', 'BR', 'BS', 'BT', '...</msg>
<var>${list_country}</var>
<arg>AD</arg>
<arg>AE</arg>
<arg>AF</arg>
<arg>AG</arg>
<arg>AI</arg>
<arg>AL</arg>
<arg>AM</arg>
<arg>AO</arg>
<arg>AQ</arg>
<arg>AR</arg>
<arg>AS</arg>
<arg>AT</arg>
<arg>AU</arg>
<arg>AW</arg>
<arg>AX</arg>
<arg>AZ</arg>
<arg>BA</arg>
<arg>BB</arg>
<arg>BD</arg>
<arg>BE</arg>
<arg>BF</arg>
<arg>BG</arg>
<arg>BH</arg>
<arg>BI</arg>
<arg>BJ</arg>
<arg>BL</arg>
<arg>BM</arg>
<arg>BN</arg>
<arg>BO</arg>
<arg>BQ</arg>
<arg>BR</arg>
<arg>BS</arg>
<arg>BT</arg>
<arg>BV</arg>
<arg>BW</arg>
<arg>BY</arg>
<arg>BZ</arg>
<arg>CA</arg>
<arg>CC</arg>
<arg>CD</arg>
<arg>CF</arg>
<arg>CG</arg>
<arg>CH</arg>
<arg>CI</arg>
<arg>CK</arg>
<arg>CL</arg>
<arg>CM</arg>
<arg>CN</arg>
<arg>CO</arg>
<arg>CR</arg>
<arg>CU</arg>
<arg>CV</arg>
<arg>CW</arg>
<arg>CX</arg>
<arg>CY</arg>
<arg>CZ</arg>
<arg>DE</arg>
<arg>DJ</arg>
<arg>DK</arg>
<arg>DM</arg>
<arg>DO</arg>
<arg>DZ</arg>
<arg>EC</arg>
<arg>EE</arg>
<arg>EG</arg>
<arg>EH</arg>
<arg>ER</arg>
<arg>ES</arg>
<arg>ET</arg>
<arg>FI</arg>
<arg>FJ</arg>
<arg>FK</arg>
<arg>FM</arg>
<arg>FO</arg>
<arg>FR</arg>
<arg>GA</arg>
<arg>GB</arg>
<arg>GD</arg>
<arg>GE</arg>
<arg>GF</arg>
<arg>GG</arg>
<arg>GH</arg>
<arg>GI</arg>
<arg>GL</arg>
<arg>GM</arg>
<arg>GN</arg>
<arg>GP</arg>
<arg>GQ</arg>
<arg>GR</arg>
<arg>GS</arg>
<arg>GT</arg>
<arg>GU</arg>
<arg>GW</arg>
<arg>GY</arg>
<arg>HK</arg>
<arg>HM</arg>
<arg>HN</arg>
<arg>HR</arg>
<arg>HT</arg>
<arg>HU</arg>
<arg>ID</arg>
<arg>IE</arg>
<arg>IL</arg>
<arg>IM</arg>
<arg>IN</arg>
<arg>IO</arg>
<arg>IQ</arg>
<arg>IR</arg>
<arg>IS</arg>
<arg>IT</arg>
<arg>JE</arg>
<arg>JM</arg>
<arg>JO</arg>
<arg>JP</arg>
<arg>KE</arg>
<arg>KG</arg>
<arg>KH</arg>
<arg>KI</arg>
<arg>KM</arg>
<arg>KN</arg>
<arg>KP</arg>
<arg>KR</arg>
<arg>KW</arg>
<arg>KY</arg>
<arg>KZ</arg>
<arg>LA</arg>
<arg>LB</arg>
<arg>LC</arg>
<arg>LI</arg>
<arg>LK</arg>
<arg>LR</arg>
<arg>LS</arg>
<arg>LT</arg>
<arg>LU</arg>
<arg>LV</arg>
<arg>LY</arg>
<arg>MA</arg>
<arg>MC</arg>
<arg>MD</arg>
<arg>ME</arg>
<arg>MF</arg>
<arg>MG</arg>
<arg>MH</arg>
<arg>MK</arg>
<arg>ML</arg>
<arg>MM</arg>
<arg>MN</arg>
<arg>MO</arg>
<arg>MP</arg>
<arg>MQ</arg>
<arg>MR</arg>
<arg>MS</arg>
<arg>MT</arg>
<arg>MU</arg>
<arg>MV</arg>
<arg>MW</arg>
<arg>MX</arg>
<arg>MY</arg>
<arg>MZ</arg>
<arg>NA</arg>
<arg>NC</arg>
<arg>NE</arg>
<arg>NF</arg>
<arg>NG</arg>
<arg>NI</arg>
<arg>NL</arg>
<arg>NO</arg>
<arg>NP</arg>
<arg>NR</arg>
<arg>NU</arg>
<arg>NZ</arg>
<arg>OM</arg>
<arg>PA</arg>
<arg>PE</arg>
<arg>PF</arg>
<arg>PG</arg>
<arg>PH</arg>
<arg>PK</arg>
<arg>PL</arg>
<arg>PM</arg>
<arg>PN</arg>
<arg>PR</arg>
<arg>PS</arg>
<arg>PT</arg>
<arg>PW</arg>
<arg>PY</arg>
<arg>QA</arg>
<arg>RE</arg>
<arg>RO</arg>
<arg>RS</arg>
<arg>RU</arg>
<arg>RW</arg>
<arg>SA</arg>
<arg>SB</arg>
<arg>SC</arg>
<arg>SD</arg>
<arg>SE</arg>
<arg>SG</arg>
<arg>SH</arg>
<arg>SI</arg>
<arg>SJ</arg>
<arg>SK</arg>
<arg>SL</arg>
<arg>SM</arg>
<arg>SN</arg>
<arg>SO</arg>
<arg>SR</arg>
<arg>SS</arg>
<arg>ST</arg>
<arg>SV</arg>
<arg>SX</arg>
<arg>SY</arg>
<arg>SZ</arg>
<arg>TC</arg>
<arg>TD</arg>
<arg>TF</arg>
<arg>TG</arg>
<arg>TH</arg>
<arg>TJ</arg>
<arg>TK</arg>
<arg>TL</arg>
<arg>TM</arg>
<arg>TN</arg>
<arg>TO</arg>
<arg>TR</arg>
<arg>TT</arg>
<arg>TV</arg>
<arg>TW</arg>
<arg>TZ</arg>
<arg>UA</arg>
<arg>UG</arg>
<arg>UM</arg>
<arg>US</arg>
<arg>UY</arg>
<arg>UZ</arg>
<arg>VA</arg>
<arg>VC</arg>
<arg>VE</arg>
<arg>VG</arg>
<arg>VI</arg>
<arg>VN</arg>
<arg>VU</arg>
<arg>WF</arg>
<arg>WS</arg>
<arg>XK</arg>
<arg>YE</arg>
<arg>YT</arg>
<arg>ZA</arg>
<arg>ZM</arg>
<arg>ZW</arg>
<doc>Returns a list containing given items.</doc>
<status status="PASS" start="2024-04-06T22:12:42.746519" elapsed="0.000624"/>
</kw>
<kw name="List Should Contain Value" owner="Collections">
<msg time="2024-04-06T22:12:42.748278" level="INFO">False</msg>
<arg>${list_country}</arg>
<arg>${name_country}</arg>
<doc>Fails if the ``value`` is not found from ``list``.</doc>
<status status="PASS" start="2024-04-06T22:12:42.748066" elapsed="0.000250"/>
</kw>
<kw name="Run Keyword If" owner="BuiltIn">
<kw name="Should Be True" owner="BuiltIn">
<arg>${True}</arg>
<doc>Fails if the given condition is not true.</doc>
<status status="PASS" start="2024-04-06T22:12:42.749373" elapsed="0.000144"/>
</kw>
<arg>${json_data["results"][0]["location"]["coordinates"]["latitude"]} &gt;= -90 and ${json_data["results"][0]["location"]["coordinates"]["latitude"]} &lt;= 90</arg>
<arg>Should Be True</arg>
<arg>${True}</arg>
<doc>Runs the given keyword with the given arguments, if ``condition`` is true.</doc>
<status status="PASS" start="2024-04-06T22:12:42.748630" elapsed="0.001012"/>
</kw>
<kw name="Run Keyword If" owner="BuiltIn">
<kw name="Should Be True" owner="BuiltIn">
<arg>${True}</arg>
<doc>Fails if the given condition is not true.</doc>
<status status="PASS" start="2024-04-06T22:12:42.750533" elapsed="0.000139"/>
</kw>
<arg>${json_data["results"][0]["location"]["coordinates"]["longitude"]} &gt;= -180 and ${json_data["results"][0]["location"]["coordinates"]["longitude"]} &lt;= 180</arg>
<arg>Should Be True</arg>
<arg>${True}</arg>
<doc>Runs the given keyword with the given arguments, if ``condition`` is true.</doc>
<status status="PASS" start="2024-04-06T22:12:42.749827" elapsed="0.000967"/>
</kw>
<status status="PASS" start="2024-04-06T22:12:42.640140" elapsed="0.110780"/>
</kw>
<doc>Testa o conteúdo específico dos campos retornados pela API.</doc>
<tag>testeConteudo</tag>
<status status="PASS" start="2024-04-06T22:12:42.639681" elapsed="0.111382"/>
</test>
<status status="PASS" start="2024-04-06T22:12:41.829252" elapsed="0.923683"/>
</suite>
<status status="PASS" start="2024-04-06T22:12:41.815597" elapsed="0.942493"/>
</suite>
<statistics>
<total>
<stat pass="5" fail="0" skip="0">All Tests</stat>
</total>
<tag>
<stat pass="1" fail="0" skip="0">testeConteudo</stat>
<stat pass="1" fail="0" skip="0">testeEstruturaResposta</stat>
<stat pass="1" fail="0" skip="0">testeRequisicaoBasica</stat>
<stat pass="1" fail="0" skip="0">testeTiposDados</stat>
</tag>
<suite>
<stat pass="5" fail="0" skip="0" id="s1" name="Tests">Tests</stat>
<stat pass="5" fail="0" skip="0" id="s1-s1" name="Random-User-Test">Tests.Random-User-Test</stat>
</suite>
</statistics>
<errors>
</errors>
</robot>
