<?xml version="1.0" encoding="UTF-8"?>
<robot generator="Robot 7.0 (Python 3.12.3 on linux)" generated="2024-05-04T13:15:04.393813" rpa="false" schemaversion="5">
<suite id="s1" name="Tests" source="/home/runner/work/DesafioQAItauRogerioJordao/DesafioQAItauRogerioJordao/RamdonUser/tests">
<suite id="s1-s1" name="Random-User-Test" source="/home/runner/work/DesafioQAItauRogerioJordao/DesafioQAItauRogerioJordao/RamdonUser/tests/random-user-test.robot">
<test id="s1-s1-t1" name="Conectar" line="13">
<kw name="Conectar API" owner="random-user-service">
<kw name="Create Session" owner="RequestsLibrary">
<msg time="2024-05-04T13:15:04.730526" level="INFO">Creating Session using : alias=consultarAPI, url=https://randomuser.me/, headers={},                     cookies={}, auth=None, timeout=None, proxies=None, verify=False,                     debug=0 </msg>
<arg>consultarAPI</arg>
<arg>${URL}</arg>
<doc>Create Session: create a HTTP session to a server</doc>
<status status="PASS" start="2024-05-04T13:15:04.730343" elapsed="0.000343"/>
</kw>
<status status="PASS" start="2024-05-04T13:15:04.729482" elapsed="0.001573"/>
</kw>
<status status="PASS" start="2024-05-04T13:15:04.728950" elapsed="0.002285"/>
</test>
<test id="s1-s1-t2" name="Validar retorno 200 e JSON Válido" line="16">
<kw name="Teste de Requisicao Basica" owner="random-user-service">
<kw name="GET On Session" owner="RequestsLibrary">
<msg time="2024-05-04T13:15:04.820355" level="INFO">GET Request : url=https://randomuser.me/api 
 path_url=/api 
 headers={'User-Agent': 'python-requests/2.31.0', 'Accept-Encoding': 'gzip, deflate', 'Accept': '*/*', 'Connection': 'keep-alive'} 
 body=None 
 </msg>
<msg time="2024-05-04T13:15:04.820491" level="INFO">GET Response : url=https://randomuser.me/api 
 status=200, reason=OK 
 headers={'Date': 'Sat, 04 May 2024 13:15:04 GMT', 'Content-Type': 'application/json; charset=utf-8', 'Transfer-Encoding': 'chunked', 'Connection': 'keep-alive', 'X-Powered-By': 'Express', 'Access-Control-Allow-Origin': '*', 'Cache-Control': 'no-cache', 'ETag': 'W/"488-YFV0+qPNxF2eSLwSpY326oZIbsk"', 'Vary': 'Accept-Encoding', 'Content-Encoding': 'gzip', 'CF-Cache-Status': 'DYNAMIC', 'Report-To': '{"endpoints":[{"url":"https:\\/\\/a.nel.cloudflare.com\\/report\\/v4?s=lcyxz7jlsbRv6ehgecNBNEsTKDEzzHAcQEzurfG0LJpuOdmZf4Qa39ZXRbql0SICeiz1rndD4yUQKvfA8eTfGJVBHP6vs0t00wTqNKf4dd4RqjTuq%2FIj2qEaDWyJM8jf"}],"group":"cf-nel","max_age":604800}', 'NEL': '{"success_fraction":0,"report_to":"cf-nel","max_age":604800}', 'Server': 'cloudflare', 'CF-RAY': '87e8c1eadff55ae7-IAD', 'alt-svc': 'h3=":443"; ma=86400'} 
 body={"results":[{"gender":"female","name":{"title":"Ms","first":"Kate","last":"Wells"},"location":{"street":{"number":9103,"name":"Ormond Quay"},"city":"Kells","state":"Monaghan","country":"Ireland","postcode":21686,"coordinates":{"latitude":"1.6775","longitude":"14.5463"},"timezone":{"offset":"+11:00","description":"Magadan, Solomon Islands, New Caledonia"}},"email":"kate.wells@example.com","login":{"uuid":"8fffe97b-2397-46f1-89e2-48968f86c94d","username":"blackfish578","password":"trojan","salt":"oMBA8fVJ","md5":"39173ef54c853f371157de18600db022","sha1":"7ffe15b41f74a75d052a3ee1ccaf02b7de1a98aa","sha256":"3e6acf8cf7fd029f7be7e2ce531918ed02e438c9f4d8900aba4abcfbe28d6a4a"},"dob":{"date":"1977-10-26T18:53:32.377Z","age":46},"registered":{"date":"2011-01-06T04:58:37.294Z","age":13},"phone":"071-548-5288","cell":"081-693-1067","id":{"name":"PPS","value":"8660087T"},"picture":{"large":"https://randomuser.me/api/portraits/women/50.jpg","medium":"https://randomuser.me/api/portraits/med/women/50.jpg","thumbnail":"https://randomuser.me/api/portraits/thumb/women/50.jpg"},"nat":"IE"}],"info":{"seed":"c0e3854da63a4f2a","results":1,"page":1,"version":"1.4"}} 
 </msg>
<msg time="2024-05-04T13:15:04.820555" level="INFO">/opt/hostedtoolcache/Python/3.12.3/x64/lib/python3.12/site-packages/urllib3/connectionpool.py:1103: InsecureRequestWarning: Unverified HTTPS request is being made to host 'randomuser.me'. Adding certificate verification is strongly advised. See: https://urllib3.readthedocs.io/en/latest/advanced-usage.html#tls-warnings
  warnings.warn(</msg>
<msg time="2024-05-04T13:15:04.820677" level="INFO">${response} = &lt;Response [200]&gt;</msg>
<var>${response}</var>
<arg>consultarAPI</arg>
<arg>/api</arg>
<doc>Sends a GET request on a previously created HTTP Session.</doc>
<status status="PASS" start="2024-05-04T13:15:04.733825" elapsed="0.086883"/>
</kw>
<kw name="Should Be Equal As Numbers" owner="BuiltIn">
<msg time="2024-05-04T13:15:04.821447" level="INFO">Argument types are:
&lt;class 'int'&gt;
&lt;class 'str'&gt;</msg>
<arg>${response.status_code}</arg>
<arg>200</arg>
<doc>Fails if objects are unequal after converting them to real numbers.</doc>
<status status="PASS" start="2024-05-04T13:15:04.821068" elapsed="0.000439"/>
</kw>
<kw name="Log" owner="BuiltIn">
<msg time="2024-05-04T13:15:04.822173" level="INFO">200</msg>
<arg>${response.status_code}</arg>
<doc>Logs the given message with the given level.</doc>
<status status="PASS" start="2024-05-04T13:15:04.821835" elapsed="0.000378"/>
</kw>
<kw name="Set Variable" owner="BuiltIn">
<msg time="2024-05-04T13:15:04.822985" level="INFO">${json_data} = {'results': [{'gender': 'female', 'name': {'title': 'Ms', 'first': 'Kate', 'last': 'Wells'}, 'location': {'street': {'number': 9103, 'name': 'Ormond Quay'}, 'city': 'Kells', 'state': 'Monaghan', 'coun...</msg>
<var>${json_data}</var>
<arg>${response.json()}</arg>
<doc>Returns the given values which can then be assigned to a variables.</doc>
<status status="PASS" start="2024-05-04T13:15:04.822503" elapsed="0.000511"/>
</kw>
<kw name="Dictionary Should Contain Key" owner="Collections">
<msg time="2024-05-04T13:15:04.823501" level="INFO">False</msg>
<arg>${json_data}</arg>
<arg>results</arg>
<doc>Fails if ``key`` is not found from ``dictionary``.</doc>
<status status="PASS" start="2024-05-04T13:15:04.823327" elapsed="0.000215"/>
</kw>
<status status="PASS" start="2024-05-04T13:15:04.733580" elapsed="0.090220"/>
</kw>
<doc>Testa se a API responde corretamente e retorna um objeto JSON válido.</doc>
<tag>testeRequisicaoBasica</tag>
<status status="PASS" start="2024-05-04T13:15:04.733056" elapsed="0.090916"/>
</test>
<test id="s1-s1-t3" name="Validar estrutura de resposta" line="22">
<kw name="Teste de Estrutura de Resposta" owner="random-user-service">
<kw name="GET On Session" owner="RequestsLibrary">
<msg time="2024-05-04T13:15:04.932063" level="INFO">GET Request : url=https://randomuser.me/api 
 path_url=/api 
 headers={'User-Agent': 'python-requests/2.31.0', 'Accept-Encoding': 'gzip, deflate', 'Accept': '*/*', 'Connection': 'keep-alive'} 
 body=None 
 </msg>
<msg time="2024-05-04T13:15:04.932152" level="INFO">GET Response : url=https://randomuser.me/api 
 status=200, reason=OK 
 headers={'Date': 'Sat, 04 May 2024 13:15:04 GMT', 'Content-Type': 'application/json; charset=utf-8', 'Transfer-Encoding': 'chunked', 'Connection': 'keep-alive', 'X-Powered-By': 'Express', 'Access-Control-Allow-Origin': '*', 'Cache-Control': 'no-cache', 'ETag': 'W/"4a8-s6lj+TDcMop7VdK6jceSjm3LmD8"', 'Vary': 'Accept-Encoding', 'Content-Encoding': 'gzip', 'CF-Cache-Status': 'DYNAMIC', 'Report-To': '{"endpoints":[{"url":"https:\\/\\/a.nel.cloudflare.com\\/report\\/v4?s=FbslLPPkk1rAfxMgc0fvysXwgUZE9Bw%2BTd6QzHc13TQrpRvRB%2F%2Br4g3dcfH4gQ11XNEy9StlXaptnjPhGXGazP3D6K0Ue8srCgxErtGq91CFad%2BGvBXH8SZHZN6lmQaq"}],"group":"cf-nel","max_age":604800}', 'NEL': '{"success_fraction":0,"report_to":"cf-nel","max_age":604800}', 'Server': 'cloudflare', 'CF-RAY': '87e8c1eb38425ae7-IAD', 'alt-svc': 'h3=":443"; ma=86400'} 
 body={"results":[{"gender":"female","name":{"title":"Mademoiselle","first":"Melissa","last":"Meunier"},"location":{"street":{"number":6337,"name":"Place de L'Abbé-Georges-Hénocque"},"city":"Rüfenach","state":"Aargau","country":"Switzerland","postcode":9906,"coordinates":{"latitude":"-62.9752","longitude":"119.5339"},"timezone":{"offset":"+5:45","description":"Kathmandu"}},"email":"melissa.meunier@example.com","login":{"uuid":"ba4ba3b0-bdc2-4d03-bd15-0d4dd3ffd291","username":"goldenbear866","password":"baberuth","salt":"ZVk1ao8Y","md5":"ae17b22e0015c0cee2a56416538942b6","sha1":"3e4b157bbd8e0e783138ba9dab8f11136daa5f76","sha256":"8619fbefccf102ea47ecd5be6c83b2b67692bfd71b2521c400e01ce6a1fd78bf"},"dob":{"date":"1961-04-27T20:32:35.297Z","age":63},"registered":{"date":"2019-11-08T17:50:32.697Z","age":4},"phone":"079 815 01 06","cell":"076 447 40 90","id":{"name":"AVS","value":"756.8643.2593.88"},"picture":{"large":"https://randomuser.me/api/portraits/women/80.jpg","medium":"https://randomuser.me/api/portraits/med/women/80.jpg","thumbnail":"https://randomuser.me/api/portraits/thumb/women/80.jpg"},"nat":"CH"}],"info":{"seed":"98100a541e4b6b0c","results":1,"page":1,"version":"1.4"}} 
 </msg>
<msg time="2024-05-04T13:15:04.932276" level="INFO">/opt/hostedtoolcache/Python/3.12.3/x64/lib/python3.12/site-packages/urllib3/connectionpool.py:1103: InsecureRequestWarning: Unverified HTTPS request is being made to host 'randomuser.me'. Adding certificate verification is strongly advised. See: https://urllib3.readthedocs.io/en/latest/advanced-usage.html#tls-warnings
  warnings.warn(</msg>
<msg time="2024-05-04T13:15:04.932410" level="INFO">${response} = &lt;Response [200]&gt;</msg>
<var>${response}</var>
<arg>consultarAPI</arg>
<arg>/api</arg>
<doc>Sends a GET request on a previously created HTTP Session.</doc>
<status status="PASS" start="2024-05-04T13:15:04.826595" elapsed="0.105849"/>
</kw>
<kw name="Set Variable" owner="BuiltIn">
<msg time="2024-05-04T13:15:04.933275" level="INFO">${json_data} = {'results': [{'gender': 'female', 'name': {'title': 'Mademoiselle', 'first': 'Melissa', 'last': 'Meunier'}, 'location': {'street': {'number': 6337, 'name': "Place de L'Abbé-Georges-Hénocque"}, 'city':...</msg>
<var>${json_data}</var>
<arg>${response.json()}</arg>
<doc>Returns the given values which can then be assigned to a variables.</doc>
<status status="PASS" start="2024-05-04T13:15:04.932807" elapsed="0.000498"/>
</kw>
<kw name="Log" owner="BuiltIn">
<msg time="2024-05-04T13:15:04.933776" level="INFO">{'results': [{'gender': 'female', 'name': {'title': 'Mademoiselle', 'first': 'Melissa', 'last': 'Meunier'}, 'location': {'street': {'number': 6337, 'name': "Place de L'Abbé-Georges-Hénocque"}, 'city': 'Rüfenach', 'state': 'Aargau', 'country': 'Switzerland', 'postcode': 9906, 'coordinates': {'latitude': '-62.9752', 'longitude': '119.5339'}, 'timezone': {'offset': '+5:45', 'description': 'Kathmandu'}}, 'email': 'melissa.meunier@example.com', 'login': {'uuid': 'ba4ba3b0-bdc2-4d03-bd15-0d4dd3ffd291', 'username': 'goldenbear866', 'password': 'baberuth', 'salt': 'ZVk1ao8Y', 'md5': 'ae17b22e0015c0cee2a56416538942b6', 'sha1': '3e4b157bbd8e0e783138ba9dab8f11136daa5f76', 'sha256': '8619fbefccf102ea47ecd5be6c83b2b67692bfd71b2521c400e01ce6a1fd78bf'}, 'dob': {'date': '1961-04-27T20:32:35.297Z', 'age': 63}, 'registered': {'date': '2019-11-08T17:50:32.697Z', 'age': 4}, 'phone': '079 815 01 06', 'cell': '076 447 40 90', 'id': {'name': 'AVS', 'value': '756.8643.2593.88'}, 'picture': {'large': 'https://randomuser.me/api/portraits/women/80.jpg', 'medium': 'https://randomuser.me/api/portraits/med/women/80.jpg', 'thumbnail': 'https://randomuser.me/api/portraits/thumb/women/80.jpg'}, 'nat': 'CH'}], 'info': {'seed': '98100a541e4b6b0c', 'results': 1, 'page': 1, 'version': '1.4'}}</msg>
<arg>${json_data}</arg>
<doc>Logs the given message with the given level.</doc>
<status status="PASS" start="2024-05-04T13:15:04.933614" elapsed="0.000212"/>
</kw>
<kw name="Dictionary Should Contain Key" owner="Collections">
<msg time="2024-05-04T13:15:04.934293" level="INFO">False</msg>
<arg>${json_data}</arg>
<arg>results</arg>
<doc>Fails if ``key`` is not found from ``dictionary``.</doc>
<status status="PASS" start="2024-05-04T13:15:04.934132" elapsed="0.000200"/>
</kw>
<kw name="Should Not Be Empty" owner="BuiltIn">
<msg time="2024-05-04T13:15:04.934735" level="INFO">Length is 2.</msg>
<arg>${json_data}</arg>
<doc>Verifies that the given item is not empty.</doc>
<status status="PASS" start="2024-05-04T13:15:04.934606" elapsed="0.000329"/>
</kw>
<kw name="Create List" owner="BuiltIn">
<msg time="2024-05-04T13:15:04.935363" level="INFO">${expected_keys} = ['gender', 'name', 'location', 'email', 'login']</msg>
<var>${expected_keys}</var>
<arg>gender</arg>
<arg>name</arg>
<arg>location</arg>
<arg>email</arg>
<arg>login</arg>
<doc>Returns a list containing given items.</doc>
<status status="PASS" start="2024-05-04T13:15:04.935218" elapsed="0.000168"/>
</kw>
<for flavor="IN">
<iter>
<kw name="Dictionary Should Contain Key" owner="Collections">
<msg time="2024-05-04T13:15:04.936293" level="INFO">False</msg>
<arg>${json_data['results'][0]}</arg>
<arg>${key}</arg>
<doc>Fails if ``key`` is not found from ``dictionary``.</doc>
<status status="PASS" start="2024-05-04T13:15:04.935908" elapsed="0.000422"/>
</kw>
<kw name="Log" owner="BuiltIn">
<msg time="2024-05-04T13:15:04.936952" level="INFO">{'gender': 'female', 'name': {'title': 'Mademoiselle', 'first': 'Melissa', 'last': 'Meunier'}, 'location': {'street': {'number': 6337, 'name': "Place de L'Abbé-Georges-Hénocque"}, 'city': 'Rüfenach', 'state': 'Aargau', 'country': 'Switzerland', 'postcode': 9906, 'coordinates': {'latitude': '-62.9752', 'longitude': '119.5339'}, 'timezone': {'offset': '+5:45', 'description': 'Kathmandu'}}, 'email': 'melissa.meunier@example.com', 'login': {'uuid': 'ba4ba3b0-bdc2-4d03-bd15-0d4dd3ffd291', 'username': 'goldenbear866', 'password': 'baberuth', 'salt': 'ZVk1ao8Y', 'md5': 'ae17b22e0015c0cee2a56416538942b6', 'sha1': '3e4b157bbd8e0e783138ba9dab8f11136daa5f76', 'sha256': '8619fbefccf102ea47ecd5be6c83b2b67692bfd71b2521c400e01ce6a1fd78bf'}, 'dob': {'date': '1961-04-27T20:32:35.297Z', 'age': 63}, 'registered': {'date': '2019-11-08T17:50:32.697Z', 'age': 4}, 'phone': '079 815 01 06', 'cell': '076 447 40 90', 'id': {'name': 'AVS', 'value': '756.8643.2593.88'}, 'picture': {'large': 'https://randomuser.me/api/portraits/women/80.jpg', 'medium': 'https://randomuser.me/api/portraits/med/women/80.jpg', 'thumbnail': 'https://randomuser.me/api/portraits/thumb/women/80.jpg'}, 'nat': 'CH'}</msg>
<arg>${json_data['results'][0]}</arg>
<doc>Logs the given message with the given level.</doc>
<status status="PASS" start="2024-05-04T13:15:04.936607" elapsed="0.000393"/>
</kw>
<kw name="Log" owner="BuiltIn">
<msg time="2024-05-04T13:15:04.937400" level="INFO">gender</msg>
<arg>${key}</arg>
<doc>Logs the given message with the given level.</doc>
<status status="PASS" start="2024-05-04T13:15:04.937279" elapsed="0.000157"/>
</kw>
<var name="${key}">gender</var>
<status status="PASS" start="2024-05-04T13:15:04.935793" elapsed="0.001845"/>
</iter>
<iter>
<kw name="Dictionary Should Contain Key" owner="Collections">
<msg time="2024-05-04T13:15:04.938274" level="INFO">False</msg>
<arg>${json_data['results'][0]}</arg>
<arg>${key}</arg>
<doc>Fails if ``key`` is not found from ``dictionary``.</doc>
<status status="PASS" start="2024-05-04T13:15:04.937915" elapsed="0.000393"/>
</kw>
<kw name="Log" owner="BuiltIn">
<msg time="2024-05-04T13:15:04.938978" level="INFO">{'gender': 'female', 'name': {'title': 'Mademoiselle', 'first': 'Melissa', 'last': 'Meunier'}, 'location': {'street': {'number': 6337, 'name': "Place de L'Abbé-Georges-Hénocque"}, 'city': 'Rüfenach', 'state': 'Aargau', 'country': 'Switzerland', 'postcode': 9906, 'coordinates': {'latitude': '-62.9752', 'longitude': '119.5339'}, 'timezone': {'offset': '+5:45', 'description': 'Kathmandu'}}, 'email': 'melissa.meunier@example.com', 'login': {'uuid': 'ba4ba3b0-bdc2-4d03-bd15-0d4dd3ffd291', 'username': 'goldenbear866', 'password': 'baberuth', 'salt': 'ZVk1ao8Y', 'md5': 'ae17b22e0015c0cee2a56416538942b6', 'sha1': '3e4b157bbd8e0e783138ba9dab8f11136daa5f76', 'sha256': '8619fbefccf102ea47ecd5be6c83b2b67692bfd71b2521c400e01ce6a1fd78bf'}, 'dob': {'date': '1961-04-27T20:32:35.297Z', 'age': 63}, 'registered': {'date': '2019-11-08T17:50:32.697Z', 'age': 4}, 'phone': '079 815 01 06', 'cell': '076 447 40 90', 'id': {'name': 'AVS', 'value': '756.8643.2593.88'}, 'picture': {'large': 'https://randomuser.me/api/portraits/women/80.jpg', 'medium': 'https://randomuser.me/api/portraits/med/women/80.jpg', 'thumbnail': 'https://randomuser.me/api/portraits/thumb/women/80.jpg'}, 'nat': 'CH'}</msg>
<arg>${json_data['results'][0]}</arg>
<doc>Logs the given message with the given level.</doc>
<status status="PASS" start="2024-05-04T13:15:04.938609" elapsed="0.000417"/>
</kw>
<kw name="Log" owner="BuiltIn">
<msg time="2024-05-04T13:15:04.939427" level="INFO">name</msg>
<arg>${key}</arg>
<doc>Logs the given message with the given level.</doc>
<status status="PASS" start="2024-05-04T13:15:04.939307" elapsed="0.000154"/>
</kw>
<var name="${key}">name</var>
<status status="PASS" start="2024-05-04T13:15:04.937809" elapsed="0.001853"/>
</iter>
<iter>
<kw name="Dictionary Should Contain Key" owner="Collections">
<msg time="2024-05-04T13:15:04.940284" level="INFO">False</msg>
<arg>${json_data['results'][0]}</arg>
<arg>${key}</arg>
<doc>Fails if ``key`` is not found from ``dictionary``.</doc>
<status status="PASS" start="2024-05-04T13:15:04.939929" elapsed="0.000391"/>
</kw>
<kw name="Log" owner="BuiltIn">
<msg time="2024-05-04T13:15:04.940934" level="INFO">{'gender': 'female', 'name': {'title': 'Mademoiselle', 'first': 'Melissa', 'last': 'Meunier'}, 'location': {'street': {'number': 6337, 'name': "Place de L'Abbé-Georges-Hénocque"}, 'city': 'Rüfenach', 'state': 'Aargau', 'country': 'Switzerland', 'postcode': 9906, 'coordinates': {'latitude': '-62.9752', 'longitude': '119.5339'}, 'timezone': {'offset': '+5:45', 'description': 'Kathmandu'}}, 'email': 'melissa.meunier@example.com', 'login': {'uuid': 'ba4ba3b0-bdc2-4d03-bd15-0d4dd3ffd291', 'username': 'goldenbear866', 'password': 'baberuth', 'salt': 'ZVk1ao8Y', 'md5': 'ae17b22e0015c0cee2a56416538942b6', 'sha1': '3e4b157bbd8e0e783138ba9dab8f11136daa5f76', 'sha256': '8619fbefccf102ea47ecd5be6c83b2b67692bfd71b2521c400e01ce6a1fd78bf'}, 'dob': {'date': '1961-04-27T20:32:35.297Z', 'age': 63}, 'registered': {'date': '2019-11-08T17:50:32.697Z', 'age': 4}, 'phone': '079 815 01 06', 'cell': '076 447 40 90', 'id': {'name': 'AVS', 'value': '756.8643.2593.88'}, 'picture': {'large': 'https://randomuser.me/api/portraits/women/80.jpg', 'medium': 'https://randomuser.me/api/portraits/med/women/80.jpg', 'thumbnail': 'https://randomuser.me/api/portraits/thumb/women/80.jpg'}, 'nat': 'CH'}</msg>
<arg>${json_data['results'][0]}</arg>
<doc>Logs the given message with the given level.</doc>
<status status="PASS" start="2024-05-04T13:15:04.940594" elapsed="0.000387"/>
</kw>
<kw name="Log" owner="BuiltIn">
<msg time="2024-05-04T13:15:04.941393" level="INFO">location</msg>
<arg>${key}</arg>
<doc>Logs the given message with the given level.</doc>
<status status="PASS" start="2024-05-04T13:15:04.941255" elapsed="0.000176"/>
</kw>
<var name="${key}">location</var>
<status status="PASS" start="2024-05-04T13:15:04.939826" elapsed="0.001810"/>
</iter>
<iter>
<kw name="Dictionary Should Contain Key" owner="Collections">
<msg time="2024-05-04T13:15:04.942296" level="INFO">False</msg>
<arg>${json_data['results'][0]}</arg>
<arg>${key}</arg>
<doc>Fails if ``key`` is not found from ``dictionary``.</doc>
<status status="PASS" start="2024-05-04T13:15:04.941908" elapsed="0.000423"/>
</kw>
<kw name="Log" owner="BuiltIn">
<msg time="2024-05-04T13:15:04.943264" level="INFO">{'gender': 'female', 'name': {'title': 'Mademoiselle', 'first': 'Melissa', 'last': 'Meunier'}, 'location': {'street': {'number': 6337, 'name': "Place de L'Abbé-Georges-Hénocque"}, 'city': 'Rüfenach', 'state': 'Aargau', 'country': 'Switzerland', 'postcode': 9906, 'coordinates': {'latitude': '-62.9752', 'longitude': '119.5339'}, 'timezone': {'offset': '+5:45', 'description': 'Kathmandu'}}, 'email': 'melissa.meunier@example.com', 'login': {'uuid': 'ba4ba3b0-bdc2-4d03-bd15-0d4dd3ffd291', 'username': 'goldenbear866', 'password': 'baberuth', 'salt': 'ZVk1ao8Y', 'md5': 'ae17b22e0015c0cee2a56416538942b6', 'sha1': '3e4b157bbd8e0e783138ba9dab8f11136daa5f76', 'sha256': '8619fbefccf102ea47ecd5be6c83b2b67692bfd71b2521c400e01ce6a1fd78bf'}, 'dob': {'date': '1961-04-27T20:32:35.297Z', 'age': 63}, 'registered': {'date': '2019-11-08T17:50:32.697Z', 'age': 4}, 'phone': '079 815 01 06', 'cell': '076 447 40 90', 'id': {'name': 'AVS', 'value': '756.8643.2593.88'}, 'picture': {'large': 'https://randomuser.me/api/portraits/women/80.jpg', 'medium': 'https://randomuser.me/api/portraits/med/women/80.jpg', 'thumbnail': 'https://randomuser.me/api/portraits/thumb/women/80.jpg'}, 'nat': 'CH'}</msg>
<arg>${json_data['results'][0]}</arg>
<doc>Logs the given message with the given level.</doc>
<status status="PASS" start="2024-05-04T13:15:04.942733" elapsed="0.000601"/>
</kw>
<kw name="Log" owner="BuiltIn">
<msg time="2024-05-04T13:15:04.943869" level="INFO">email</msg>
<arg>${key}</arg>
<doc>Logs the given message with the given level.</doc>
<status status="PASS" start="2024-05-04T13:15:04.943708" elapsed="0.000210"/>
</kw>
<var name="${key}">email</var>
<status status="PASS" start="2024-05-04T13:15:04.941797" elapsed="0.002387"/>
</iter>
<iter>
<kw name="Dictionary Should Contain Key" owner="Collections">
<msg time="2024-05-04T13:15:04.945059" level="INFO">False</msg>
<arg>${json_data['results'][0]}</arg>
<arg>${key}</arg>
<doc>Fails if ``key`` is not found from ``dictionary``.</doc>
<status status="PASS" start="2024-05-04T13:15:04.944567" elapsed="0.000538"/>
</kw>
<kw name="Log" owner="BuiltIn">
<msg time="2024-05-04T13:15:04.945808" level="INFO">{'gender': 'female', 'name': {'title': 'Mademoiselle', 'first': 'Melissa', 'last': 'Meunier'}, 'location': {'street': {'number': 6337, 'name': "Place de L'Abbé-Georges-Hénocque"}, 'city': 'Rüfenach', 'state': 'Aargau', 'country': 'Switzerland', 'postcode': 9906, 'coordinates': {'latitude': '-62.9752', 'longitude': '119.5339'}, 'timezone': {'offset': '+5:45', 'description': 'Kathmandu'}}, 'email': 'melissa.meunier@example.com', 'login': {'uuid': 'ba4ba3b0-bdc2-4d03-bd15-0d4dd3ffd291', 'username': 'goldenbear866', 'password': 'baberuth', 'salt': 'ZVk1ao8Y', 'md5': 'ae17b22e0015c0cee2a56416538942b6', 'sha1': '3e4b157bbd8e0e783138ba9dab8f11136daa5f76', 'sha256': '8619fbefccf102ea47ecd5be6c83b2b67692bfd71b2521c400e01ce6a1fd78bf'}, 'dob': {'date': '1961-04-27T20:32:35.297Z', 'age': 63}, 'registered': {'date': '2019-11-08T17:50:32.697Z', 'age': 4}, 'phone': '079 815 01 06', 'cell': '076 447 40 90', 'id': {'name': 'AVS', 'value': '756.8643.2593.88'}, 'picture': {'large': 'https://randomuser.me/api/portraits/women/80.jpg', 'medium': 'https://randomuser.me/api/portraits/med/women/80.jpg', 'thumbnail': 'https://randomuser.me/api/portraits/thumb/women/80.jpg'}, 'nat': 'CH'}</msg>
<arg>${json_data['results'][0]}</arg>
<doc>Logs the given message with the given level.</doc>
<status status="PASS" start="2024-05-04T13:15:04.945452" elapsed="0.000403"/>
</kw>
<kw name="Log" owner="BuiltIn">
<msg time="2024-05-04T13:15:04.946266" level="INFO">login</msg>
<arg>${key}</arg>
<doc>Logs the given message with the given level.</doc>
<status status="PASS" start="2024-05-04T13:15:04.946145" elapsed="0.000191"/>
</kw>
<var name="${key}">login</var>
<status status="PASS" start="2024-05-04T13:15:04.944428" elapsed="0.002115"/>
</iter>
<var>${key}</var>
<value>@{expected_keys}</value>
<status status="PASS" start="2024-05-04T13:15:04.935624" elapsed="0.011033"/>
</for>
<kw name="Create List" owner="BuiltIn">
<msg time="2024-05-04T13:15:04.947000" level="INFO">${expected_keysTwo} = ['username', 'password']</msg>
<var>${expected_keysTwo}</var>
<arg>username</arg>
<arg>password</arg>
<doc>Returns a list containing given items.</doc>
<status status="PASS" start="2024-05-04T13:15:04.946866" elapsed="0.000156"/>
</kw>
<for flavor="IN">
<iter>
<kw name="Dictionary Should Contain Key" owner="Collections">
<msg time="2024-05-04T13:15:04.947854" level="INFO">False</msg>
<arg>${json_data['results'][0]['login']}</arg>
<arg>${keyTwo}</arg>
<doc>Fails if ``key`` is not found from ``dictionary``.</doc>
<status status="PASS" start="2024-05-04T13:15:04.947493" elapsed="0.000396"/>
</kw>
<kw name="Dictionary Should Contain Key" owner="Collections">
<msg time="2024-05-04T13:15:04.948522" level="INFO">False</msg>
<arg>${json_data['results'][0]['login']}</arg>
<arg>${keyTwo}</arg>
<doc>Fails if ``key`` is not found from ``dictionary``.</doc>
<status status="PASS" start="2024-05-04T13:15:04.948164" elapsed="0.000394"/>
</kw>
<kw name="Log" owner="BuiltIn">
<msg time="2024-05-04T13:15:04.948948" level="INFO">username</msg>
<arg>${keyTwo}</arg>
<doc>Logs the given message with the given level.</doc>
<status status="PASS" start="2024-05-04T13:15:04.948829" elapsed="0.000159"/>
</kw>
<var name="${keyTwo}">username</var>
<status status="PASS" start="2024-05-04T13:15:04.947389" elapsed="0.001804"/>
</iter>
<iter>
<kw name="Dictionary Should Contain Key" owner="Collections">
<msg time="2024-05-04T13:15:04.949885" level="INFO">False</msg>
<arg>${json_data['results'][0]['login']}</arg>
<arg>${keyTwo}</arg>
<doc>Fails if ``key`` is not found from ``dictionary``.</doc>
<status status="PASS" start="2024-05-04T13:15:04.949456" elapsed="0.000466"/>
</kw>
<kw name="Dictionary Should Contain Key" owner="Collections">
<msg time="2024-05-04T13:15:04.950549" level="INFO">False</msg>
<arg>${json_data['results'][0]['login']}</arg>
<arg>${keyTwo}</arg>
<doc>Fails if ``key`` is not found from ``dictionary``.</doc>
<status status="PASS" start="2024-05-04T13:15:04.950198" elapsed="0.000385"/>
</kw>
<kw name="Log" owner="BuiltIn">
<msg time="2024-05-04T13:15:04.951003" level="INFO">password</msg>
<arg>${keyTwo}</arg>
<doc>Logs the given message with the given level.</doc>
<status status="PASS" start="2024-05-04T13:15:04.950882" elapsed="0.000155"/>
</kw>
<var name="${keyTwo}">password</var>
<status status="PASS" start="2024-05-04T13:15:04.949352" elapsed="0.001886"/>
</iter>
<var>${keyTwo}</var>
<value>@{expected_keysTwo}</value>
<status status="PASS" start="2024-05-04T13:15:04.947247" elapsed="0.004101"/>
</for>
<status status="PASS" start="2024-05-04T13:15:04.826378" elapsed="0.125097"/>
</kw>
<doc>Testa a estrutura da resposta da API.</doc>
<tag>testeEstruturaResposta</tag>
<status status="PASS" start="2024-05-04T13:15:04.825839" elapsed="0.125773"/>
</test>
<test id="s1-s1-t4" name="Validar tipos de dados" line="28">
<kw name="Teste de Tipos de Dados" owner="random-user-service">
<kw name="GET On Session" owner="RequestsLibrary">
<msg time="2024-05-04T13:15:05.039327" level="INFO">GET Request : url=https://randomuser.me/api 
 path_url=/api 
 headers={'User-Agent': 'python-requests/2.31.0', 'Accept-Encoding': 'gzip, deflate', 'Accept': '*/*', 'Connection': 'keep-alive'} 
 body=None 
 </msg>
<msg time="2024-05-04T13:15:05.039414" level="INFO">GET Response : url=https://randomuser.me/api 
 status=200, reason=OK 
 headers={'Date': 'Sat, 04 May 2024 13:15:05 GMT', 'Content-Type': 'application/json; charset=utf-8', 'Transfer-Encoding': 'chunked', 'Connection': 'keep-alive', 'X-Powered-By': 'Express', 'Access-Control-Allow-Origin': '*', 'Cache-Control': 'no-cache', 'ETag': 'W/"47d-fWgNFXNbeXKmnhVifovHYXhg4YE"', 'Vary': 'Accept-Encoding', 'Content-Encoding': 'gzip', 'CF-Cache-Status': 'DYNAMIC', 'Report-To': '{"endpoints":[{"url":"https:\\/\\/a.nel.cloudflare.com\\/report\\/v4?s=N5faff2A8pye00jJRchjnWJ1hoflwPg6hpeTvGa%2BcFEF0Oy2Z%2F2ryrhUhsJvGgSq0nqL0zgfhLZI2axCZNg1N0UDuegM4n82RwW2WHTcR6nX%2BMIdkD5KSJpKGs7o5tr6"}],"group":"cf-nel","max_age":604800}', 'NEL': '{"success_fraction":0,"report_to":"cf-nel","max_age":604800}', 'Server': 'cloudflare', 'CF-RAY': '87e8c1ebf9025ae7-IAD', 'alt-svc': 'h3=":443"; ma=86400'} 
 body={"results":[{"gender":"male","name":{"title":"Mr","first":"Todd","last":"Kennedy"},"location":{"street":{"number":7910,"name":"Plum St"},"city":"Phoenix","state":"Virginia","country":"United States","postcode":67991,"coordinates":{"latitude":"88.8972","longitude":"-112.6116"},"timezone":{"offset":"+6:00","description":"Almaty, Dhaka, Colombo"}},"email":"todd.kennedy@example.com","login":{"uuid":"e7cc9aea-46f6-44c9-ba04-bdab6943c4e2","username":"angryfish748","password":"nina","salt":"rz0ytVK7","md5":"c880266b964bdfe48e96c66b4cce27e5","sha1":"f41797ac84c97265ab48c9476df858cf5b946561","sha256":"3aa8d6367af26f7c4198d62c34d90c8341c1ee553167fc8c13ac057baaac6d85"},"dob":{"date":"1991-10-19T01:33:18.421Z","age":32},"registered":{"date":"2014-11-30T18:08:34.159Z","age":9},"phone":"(552) 382-9172","cell":"(445) 573-8788","id":{"name":"SSN","value":"839-14-2707"},"picture":{"large":"https://randomuser.me/api/portraits/men/71.jpg","medium":"https://randomuser.me/api/portraits/med/men/71.jpg","thumbnail":"https://randomuser.me/api/portraits/thumb/men/71.jpg"},"nat":"US"}],"info":{"seed":"3c362f1a8a197bca","results":1,"page":1,"version":"1.4"}} 
 </msg>
<msg time="2024-05-04T13:15:05.039489" level="INFO">/opt/hostedtoolcache/Python/3.12.3/x64/lib/python3.12/site-packages/urllib3/connectionpool.py:1103: InsecureRequestWarning: Unverified HTTPS request is being made to host 'randomuser.me'. Adding certificate verification is strongly advised. See: https://urllib3.readthedocs.io/en/latest/advanced-usage.html#tls-warnings
  warnings.warn(</msg>
<msg time="2024-05-04T13:15:05.039608" level="INFO">${response} = &lt;Response [200]&gt;</msg>
<var>${response}</var>
<arg>consultarAPI</arg>
<arg>/api</arg>
<doc>Sends a GET request on a previously created HTTP Session.</doc>
<status status="PASS" start="2024-05-04T13:15:04.953891" elapsed="0.085753"/>
</kw>
<kw name="Set Variable" owner="BuiltIn">
<msg time="2024-05-04T13:15:05.040416" level="INFO">${json_data} = {'results': [{'gender': 'male', 'name': {'title': 'Mr', 'first': 'Todd', 'last': 'Kennedy'}, 'location': {'street': {'number': 7910, 'name': 'Plum St'}, 'city': 'Phoenix', 'state': 'Virginia', 'countr...</msg>
<var>${json_data}</var>
<arg>${response.json()}</arg>
<doc>Returns the given values which can then be assigned to a variables.</doc>
<status status="PASS" start="2024-05-04T13:15:05.039977" elapsed="0.000467"/>
</kw>
<kw name="Log" owner="BuiltIn">
<msg time="2024-05-04T13:15:05.040913" level="INFO">{'results': [{'gender': 'male', 'name': {'title': 'Mr', 'first': 'Todd', 'last': 'Kennedy'}, 'location': {'street': {'number': 7910, 'name': 'Plum St'}, 'city': 'Phoenix', 'state': 'Virginia', 'country': 'United States', 'postcode': 67991, 'coordinates': {'latitude': '88.8972', 'longitude': '-112.6116'}, 'timezone': {'offset': '+6:00', 'description': 'Almaty, Dhaka, Colombo'}}, 'email': 'todd.kennedy@example.com', 'login': {'uuid': 'e7cc9aea-46f6-44c9-ba04-bdab6943c4e2', 'username': 'angryfish748', 'password': 'nina', 'salt': 'rz0ytVK7', 'md5': 'c880266b964bdfe48e96c66b4cce27e5', 'sha1': 'f41797ac84c97265ab48c9476df858cf5b946561', 'sha256': '3aa8d6367af26f7c4198d62c34d90c8341c1ee553167fc8c13ac057baaac6d85'}, 'dob': {'date': '1991-10-19T01:33:18.421Z', 'age': 32}, 'registered': {'date': '2014-11-30T18:08:34.159Z', 'age': 9}, 'phone': '(552) 382-9172', 'cell': '(445) 573-8788', 'id': {'name': 'SSN', 'value': '839-14-2707'}, 'picture': {'large': 'https://randomuser.me/api/portraits/men/71.jpg', 'medium': 'https://randomuser.me/api/portraits/med/men/71.jpg', 'thumbnail': 'https://randomuser.me/api/portraits/thumb/men/71.jpg'}, 'nat': 'US'}], 'info': {'seed': '3c362f1a8a197bca', 'results': 1, 'page': 1, 'version': '1.4'}}</msg>
<arg>${json_data}</arg>
<doc>Logs the given message with the given level.</doc>
<status status="PASS" start="2024-05-04T13:15:05.040755" elapsed="0.000238"/>
</kw>
<kw name="Should Be String" owner="String">
<arg>${json_data['results'][0]['gender']}</arg>
<doc>Fails if the given ``item`` is not a string.</doc>
<status status="PASS" start="2024-05-04T13:15:05.041303" elapsed="0.000365"/>
</kw>
<kw name="Should Match Regexp" owner="BuiltIn">
<arg>${json_data['results'][0]['email']}</arg>
<arg>^[a-zA-Z0-9._%+-]+@[a-zA-Z0-9.-]+\.[a-zA-Z]{2,}$</arg>
<doc>Fails if ``string`` does not match ``pattern`` as a regular expression.</doc>
<status status="PASS" start="2024-05-04T13:15:05.041852" elapsed="0.000473"/>
</kw>
<kw name="Should Match Regexp" owner="BuiltIn">
<arg>${json_data['results'][0]['dob']['date']}</arg>
<arg>\\d{4}-\\d{2}-\\d{2}T\\d{2}:\\d{2}:\\d{2}\\.\\d{3}Z</arg>
<doc>Fails if ``string`` does not match ``pattern`` as a regular expression.</doc>
<status status="PASS" start="2024-05-04T13:15:05.042511" elapsed="0.000513"/>
</kw>
<kw name="Should Match Regexp" owner="BuiltIn">
<arg>${json_data['results'][0]['registered']['date']}</arg>
<arg>\\d{4}-\\d{2}-\\d{2}T\\d{2}:\\d{2}:\\d{2}\\.\\d{3}Z</arg>
<doc>Fails if ``string`` does not match ``pattern`` as a regular expression.</doc>
<status status="PASS" start="2024-05-04T13:15:05.043229" elapsed="0.000381"/>
</kw>
<kw name="Should Match Regexp" owner="BuiltIn">
<arg>${json_data['results'][0]['picture']['large']}</arg>
<arg>^https?://.*\.(?:png|jpe?g|gif|bmp)$</arg>
<doc>Fails if ``string`` does not match ``pattern`` as a regular expression.</doc>
<status status="PASS" start="2024-05-04T13:15:05.043810" elapsed="0.000467"/>
</kw>
<kw name="Should Match Regexp" owner="BuiltIn">
<arg>${json_data['results'][0]['picture']['medium']}</arg>
<arg>^https?://.*\.(?:png|jpe?g|gif|bmp)$</arg>
<doc>Fails if ``string`` does not match ``pattern`` as a regular expression.</doc>
<status status="PASS" start="2024-05-04T13:15:05.044470" elapsed="0.000346"/>
</kw>
<kw name="Should Match Regexp" owner="BuiltIn">
<arg>${json_data['results'][0]['picture']['thumbnail']}</arg>
<arg>^https?://.*\.(?:png|jpe?g|gif|bmp)$</arg>
<doc>Fails if ``string`` does not match ``pattern`` as a regular expression.</doc>
<status status="PASS" start="2024-05-04T13:15:05.044995" elapsed="0.000327"/>
</kw>
<kw name="Log" owner="BuiltIn">
<msg time="2024-05-04T13:15:05.045883" level="INFO">{'large': 'https://randomuser.me/api/portraits/men/71.jpg', 'medium': 'https://randomuser.me/api/portraits/med/men/71.jpg', 'thumbnail': 'https://randomuser.me/api/portraits/thumb/men/71.jpg'}</msg>
<arg>${json_data['results'][0]['picture']}</arg>
<doc>Logs the given message with the given level.</doc>
<status status="PASS" start="2024-05-04T13:15:05.045493" elapsed="0.000458"/>
</kw>
<status status="PASS" start="2024-05-04T13:15:04.953669" elapsed="0.092618"/>
</kw>
<kw name="Teste de Tipos de Dados - Postcode" owner="random-user-service">
<kw name="GET On Session" owner="RequestsLibrary">
<msg time="2024-05-04T13:15:05.119725" level="INFO">GET Request : url=https://randomuser.me/api 
 path_url=/api 
 headers={'User-Agent': 'python-requests/2.31.0', 'Accept-Encoding': 'gzip, deflate', 'Accept': '*/*', 'Connection': 'keep-alive'} 
 body=None 
 </msg>
<msg time="2024-05-04T13:15:05.119810" level="INFO">GET Response : url=https://randomuser.me/api 
 status=200, reason=OK 
 headers={'Date': 'Sat, 04 May 2024 13:15:05 GMT', 'Content-Type': 'application/json; charset=utf-8', 'Transfer-Encoding': 'chunked', 'Connection': 'keep-alive', 'X-Powered-By': 'Express', 'Access-Control-Allow-Origin': '*', 'Cache-Control': 'no-cache', 'ETag': 'W/"47d-ffV/QZtBd+ay+tyenJr4O2ltBBk"', 'Vary': 'Accept-Encoding', 'Content-Encoding': 'gzip', 'CF-Cache-Status': 'DYNAMIC', 'Report-To': '{"endpoints":[{"url":"https:\\/\\/a.nel.cloudflare.com\\/report\\/v4?s=WkstHtj4yZwDkInLrYdKo7KuErjwzqARP6l3fYBnGl61IsURH%2FYKVE9f8wqDl%2Ba5AAvCftkRVztxZR0tdsv6%2BjkbX7kmXxLM325Uy2lpRcHveU6TMlawJgfQeRNfjMPX"}],"group":"cf-nel","max_age":604800}', 'NEL': '{"success_fraction":0,"report_to":"cf-nel","max_age":604800}', 'Server': 'cloudflare', 'CF-RAY': '87e8c1ec997d5ae7-IAD', 'alt-svc': 'h3=":443"; ma=86400'} 
 body={"results":[{"gender":"male","name":{"title":"Mr","first":"Ceyhun","last":"Akgül"},"location":{"street":{"number":4521,"name":"Mevlana Cd"},"city":"Iğdır","state":"Yozgat","country":"Turkey","postcode":76918,"coordinates":{"latitude":"71.7856","longitude":"-149.4807"},"timezone":{"offset":"+4:00","description":"Abu Dhabi, Muscat, Baku, Tbilisi"}},"email":"ceyhun.akgul@example.com","login":{"uuid":"2197efdb-0457-4521-8253-3a47088322a2","username":"greenelephant297","password":"bounce","salt":"bpwDvihc","md5":"3e5c38d24c9513b8a0dc82178ef85828","sha1":"bcad4f90a8a2bf981c9eea37ede5481d54e0194f","sha256":"0261d8868e3ef60291aed0bb212d71d57cd50fffb38752ccaca0f752de58882f"},"dob":{"date":"1982-01-06T19:16:39.683Z","age":42},"registered":{"date":"2008-03-20T00:02:31.714Z","age":16},"phone":"(055)-111-6132","cell":"(914)-021-2600","id":{"name":"","value":null},"picture":{"large":"https://randomuser.me/api/portraits/men/48.jpg","medium":"https://randomuser.me/api/portraits/med/men/48.jpg","thumbnail":"https://randomuser.me/api/portraits/thumb/men/48.jpg"},"nat":"TR"}],"info":{"seed":"2d0b32ff38feb76d","results":1,"page":1,"version":"1.4"}} 
 </msg>
<msg time="2024-05-04T13:15:05.119862" level="INFO">/opt/hostedtoolcache/Python/3.12.3/x64/lib/python3.12/site-packages/urllib3/connectionpool.py:1103: InsecureRequestWarning: Unverified HTTPS request is being made to host 'randomuser.me'. Adding certificate verification is strongly advised. See: https://urllib3.readthedocs.io/en/latest/advanced-usage.html#tls-warnings
  warnings.warn(</msg>
<msg time="2024-05-04T13:15:05.119956" level="INFO">${response} = &lt;Response [200]&gt;</msg>
<var>${response}</var>
<arg>consultarAPI</arg>
<arg>/api</arg>
<doc>Sends a GET request on a previously created HTTP Session.</doc>
<status status="PASS" start="2024-05-04T13:15:05.046766" elapsed="0.073228"/>
</kw>
<kw name="Set Variable" owner="BuiltIn">
<msg time="2024-05-04T13:15:05.120770" level="INFO">${json_data} = {'results': [{'gender': 'male', 'name': {'title': 'Mr', 'first': 'Ceyhun', 'last': 'Akgül'}, 'location': {'street': {'number': 4521, 'name': 'Mevlana Cd'}, 'city': 'Iğdır', 'state': 'Yozgat', 'country...</msg>
<var>${json_data}</var>
<arg>${response.json()}</arg>
<doc>Returns the given values which can then be assigned to a variables.</doc>
<status status="PASS" start="2024-05-04T13:15:05.120342" elapsed="0.000455"/>
</kw>
<kw name="Log" owner="BuiltIn">
<msg time="2024-05-04T13:15:05.121243" level="INFO">{'results': [{'gender': 'male', 'name': {'title': 'Mr', 'first': 'Ceyhun', 'last': 'Akgül'}, 'location': {'street': {'number': 4521, 'name': 'Mevlana Cd'}, 'city': 'Iğdır', 'state': 'Yozgat', 'country': 'Turkey', 'postcode': 76918, 'coordinates': {'latitude': '71.7856', 'longitude': '-149.4807'}, 'timezone': {'offset': '+4:00', 'description': 'Abu Dhabi, Muscat, Baku, Tbilisi'}}, 'email': 'ceyhun.akgul@example.com', 'login': {'uuid': '2197efdb-0457-4521-8253-3a47088322a2', 'username': 'greenelephant297', 'password': 'bounce', 'salt': 'bpwDvihc', 'md5': '3e5c38d24c9513b8a0dc82178ef85828', 'sha1': 'bcad4f90a8a2bf981c9eea37ede5481d54e0194f', 'sha256': '0261d8868e3ef60291aed0bb212d71d57cd50fffb38752ccaca0f752de58882f'}, 'dob': {'date': '1982-01-06T19:16:39.683Z', 'age': 42}, 'registered': {'date': '2008-03-20T00:02:31.714Z', 'age': 16}, 'phone': '(055)-111-6132', 'cell': '(914)-021-2600', 'id': {'name': '', 'value': None}, 'picture': {'large': 'https://randomuser.me/api/portraits/men/48.jpg', 'medium': 'https://randomuser.me/api/portraits/med/men/48.jpg', 'thumbnail': 'https://randomuser.me/api/portraits/thumb/men/48.jpg'}, 'nat': 'TR'}], 'info': {'seed': '2d0b32ff38feb76d', 'results': 1, 'page': 1, 'version': '1.4'}}</msg>
<arg>${json_data}</arg>
<doc>Logs the given message with the given level.</doc>
<status status="PASS" start="2024-05-04T13:15:05.121088" elapsed="0.000230"/>
</kw>
<kw name="Should Be Equal As Numbers" owner="BuiltIn">
<arg>${json_data['results'][0]['location']['postcode']}</arg>
<arg>${json_data['results'][0]['location']['postcode']}</arg>
<doc>Fails if objects are unequal after converting them to real numbers.</doc>
<status status="PASS" start="2024-05-04T13:15:05.121717" elapsed="0.000579"/>
</kw>
<kw name="Log" owner="BuiltIn">
<msg time="2024-05-04T13:15:05.122824" level="INFO">76918</msg>
<arg>${json_data['results'][0]['location']['postcode']}</arg>
<doc>Logs the given message with the given level.</doc>
<status status="PASS" start="2024-05-04T13:15:05.122473" elapsed="0.000394"/>
</kw>
<status status="PASS" start="2024-05-04T13:15:05.046542" elapsed="0.076563"/>
</kw>
<doc>Testa se os tipos de dados na resposta da API estão corretos.</doc>
<tag>testeTiposDados</tag>
<status status="PASS" start="2024-05-04T13:15:04.953248" elapsed="0.170003"/>
</test>
<test id="s1-s1-t5" name="Validar conteudo" line="35">
<kw name="Teste de Tipos de Conteudo" owner="random-user-service">
<kw name="GET On Session" owner="RequestsLibrary">
<msg time="2024-05-04T13:15:05.220720" level="INFO">GET Request : url=https://randomuser.me/api 
 path_url=/api 
 headers={'User-Agent': 'python-requests/2.31.0', 'Accept-Encoding': 'gzip, deflate', 'Accept': '*/*', 'Connection': 'keep-alive'} 
 body=None 
 </msg>
<msg time="2024-05-04T13:15:05.220805" level="INFO">GET Response : url=https://randomuser.me/api 
 status=200, reason=OK 
 headers={'Date': 'Sat, 04 May 2024 13:15:05 GMT', 'Content-Type': 'application/json; charset=utf-8', 'Transfer-Encoding': 'chunked', 'Connection': 'keep-alive', 'X-Powered-By': 'Express', 'Access-Control-Allow-Origin': '*', 'Cache-Control': 'no-cache', 'ETag': 'W/"49f-4PSNKPQMyqy5YF77dmK3MtTGY9Q"', 'Vary': 'Accept-Encoding', 'Content-Encoding': 'gzip', 'CF-Cache-Status': 'DYNAMIC', 'Report-To': '{"endpoints":[{"url":"https:\\/\\/a.nel.cloudflare.com\\/report\\/v4?s=J2kkhu1r1pqLD8UmVZcNeH4N0A7X383R%2Bifu4GQYoS9013sBMb5koKfy7J5BDSIBlD2t7TwcK7cKDVDsER0WIVmZFDNqxqKqJN9nnl%2FJ2E3%2F%2BiSZ1vFQ7Ia7t2LFV5fI"}],"group":"cf-nel","max_age":604800}', 'NEL': '{"success_fraction":0,"report_to":"cf-nel","max_age":604800}', 'Server': 'cloudflare', 'CF-RAY': '87e8c1ed19e95ae7-IAD', 'alt-svc': 'h3=":443"; ma=86400'} 
 body={"results":[{"gender":"male","name":{"title":"Mr","first":"Oliver","last":"Latt"},"location":{"street":{"number":3951,"name":"Hämeentie"},"city":"Pöytyä","state":"Central Ostrobothnia","country":"Finland","postcode":69847,"coordinates":{"latitude":"-23.8193","longitude":"-128.4472"},"timezone":{"offset":"-4:00","description":"Atlantic Time (Canada), Caracas, La Paz"}},"email":"oliver.latt@example.com","login":{"uuid":"a7464b1a-a205-4634-a351-fcde55616b98","username":"goldenbutterfly996","password":"cars","salt":"Qjavzor3","md5":"4bc294646cc2932b39c51c779592e42d","sha1":"547156a6c32df6557f3400a93400d09688299308","sha256":"86c8e675f207d97cbe990b1530e4c7cd7bf313267dc31eacc65ffc03dd1bed0b"},"dob":{"date":"1987-04-23T19:04:49.718Z","age":37},"registered":{"date":"2018-12-01T12:17:16.622Z","age":5},"phone":"04-330-475","cell":"045-553-99-20","id":{"name":"HETU","value":"NaNNA699undefined"},"picture":{"large":"https://randomuser.me/api/portraits/men/87.jpg","medium":"https://randomuser.me/api/portraits/med/men/87.jpg","thumbnail":"https://randomuser.me/api/portraits/thumb/men/87.jpg"},"nat":"FI"}],"info":{"seed":"331c242a386d2755","results":1,"page":1,"version":"1.4"}} 
 </msg>
<msg time="2024-05-04T13:15:05.220881" level="INFO">/opt/hostedtoolcache/Python/3.12.3/x64/lib/python3.12/site-packages/urllib3/connectionpool.py:1103: InsecureRequestWarning: Unverified HTTPS request is being made to host 'randomuser.me'. Adding certificate verification is strongly advised. See: https://urllib3.readthedocs.io/en/latest/advanced-usage.html#tls-warnings
  warnings.warn(</msg>
<msg time="2024-05-04T13:15:05.220967" level="INFO">${response} = &lt;Response [200]&gt;</msg>
<var>${response}</var>
<arg>consultarAPI</arg>
<arg>/api</arg>
<doc>Sends a GET request on a previously created HTTP Session.</doc>
<status status="PASS" start="2024-05-04T13:15:05.125528" elapsed="0.095475"/>
</kw>
<kw name="Set Variable" owner="BuiltIn">
<msg time="2024-05-04T13:15:05.221942" level="INFO">${json_data} = {'results': [{'gender': 'male', 'name': {'title': 'Mr', 'first': 'Oliver', 'last': 'Latt'}, 'location': {'street': {'number': 3951, 'name': 'Hämeentie'}, 'city': 'Pöytyä', 'state': 'Central Ostrobothn...</msg>
<var>${json_data}</var>
<arg>${response.json()}</arg>
<doc>Returns the given values which can then be assigned to a variables.</doc>
<status status="PASS" start="2024-05-04T13:15:05.221422" elapsed="0.000547"/>
</kw>
<kw name="Set Variable" owner="BuiltIn">
<msg time="2024-05-04T13:15:05.222615" level="INFO">${name_title} = Mr</msg>
<var>${name_title}</var>
<arg>${json_data["results"][0]["name"]["title"]}</arg>
<doc>Returns the given values which can then be assigned to a variables.</doc>
<status status="PASS" start="2024-05-04T13:15:05.222258" elapsed="0.000380"/>
</kw>
<kw name="Create List" owner="BuiltIn">
<msg time="2024-05-04T13:15:05.223100" level="INFO">${allowed_titles} = ['Mr', 'Ms', 'Miss', 'Mrs', 'Madame', 'Monsieur']</msg>
<var>${allowed_titles}</var>
<arg>Mr</arg>
<arg>Ms</arg>
<arg>Miss</arg>
<arg>Mrs</arg>
<arg>Madame</arg>
<arg>Monsieur</arg>
<doc>Returns a list containing given items.</doc>
<status status="PASS" start="2024-05-04T13:15:05.222957" elapsed="0.000166"/>
</kw>
<kw name="List Should Contain Value" owner="Collections">
<msg time="2024-05-04T13:15:05.223566" level="INFO">False</msg>
<arg>${allowed_titles}</arg>
<arg>${name_title}</arg>
<doc>Fails if the ``value`` is not found from ``list``.</doc>
<status status="PASS" start="2024-05-04T13:15:05.223407" elapsed="0.000194"/>
</kw>
<kw name="Set Variable" owner="BuiltIn">
<msg time="2024-05-04T13:15:05.224231" level="INFO">${name_country} = FI</msg>
<var>${name_country}</var>
<arg>${json_data["results"][0]["nat"]}</arg>
<doc>Returns the given values which can then be assigned to a variables.</doc>
<status status="PASS" start="2024-05-04T13:15:05.223873" elapsed="0.000381"/>
</kw>
<kw name="Create List" owner="BuiltIn">
<msg time="2024-05-04T13:15:05.225087" level="INFO">${list_country} = ['AD', 'AE', 'AF', 'AG', 'AI', 'AL', 'AM', 'AO', 'AQ', 'AR', 'AS', 'AT', 'AU', 'AW', 'AX', 'AZ', 'BA', 'BB', 'BD', 'BE', 'BF', 'BG', 'BH', 'BI', 'BJ', 'BL', 'BM', 'BN', 'BO', 'BQ', 'BR', 'BS', 'BT', '...</msg>
<var>${list_country}</var>
<arg>AD</arg>
<arg>AE</arg>
<arg>AF</arg>
<arg>AG</arg>
<arg>AI</arg>
<arg>AL</arg>
<arg>AM</arg>
<arg>AO</arg>
<arg>AQ</arg>
<arg>AR</arg>
<arg>AS</arg>
<arg>AT</arg>
<arg>AU</arg>
<arg>AW</arg>
<arg>AX</arg>
<arg>AZ</arg>
<arg>BA</arg>
<arg>BB</arg>
<arg>BD</arg>
<arg>BE</arg>
<arg>BF</arg>
<arg>BG</arg>
<arg>BH</arg>
<arg>BI</arg>
<arg>BJ</arg>
<arg>BL</arg>
<arg>BM</arg>
<arg>BN</arg>
<arg>BO</arg>
<arg>BQ</arg>
<arg>BR</arg>
<arg>BS</arg>
<arg>BT</arg>
<arg>BV</arg>
<arg>BW</arg>
<arg>BY</arg>
<arg>BZ</arg>
<arg>CA</arg>
<arg>CC</arg>
<arg>CD</arg>
<arg>CF</arg>
<arg>CG</arg>
<arg>CH</arg>
<arg>CI</arg>
<arg>CK</arg>
<arg>CL</arg>
<arg>CM</arg>
<arg>CN</arg>
<arg>CO</arg>
<arg>CR</arg>
<arg>CU</arg>
<arg>CV</arg>
<arg>CW</arg>
<arg>CX</arg>
<arg>CY</arg>
<arg>CZ</arg>
<arg>DE</arg>
<arg>DJ</arg>
<arg>DK</arg>
<arg>DM</arg>
<arg>DO</arg>
<arg>DZ</arg>
<arg>EC</arg>
<arg>EE</arg>
<arg>EG</arg>
<arg>EH</arg>
<arg>ER</arg>
<arg>ES</arg>
<arg>ET</arg>
<arg>FI</arg>
<arg>FJ</arg>
<arg>FK</arg>
<arg>FM</arg>
<arg>FO</arg>
<arg>FR</arg>
<arg>GA</arg>
<arg>GB</arg>
<arg>GD</arg>
<arg>GE</arg>
<arg>GF</arg>
<arg>GG</arg>
<arg>GH</arg>
<arg>GI</arg>
<arg>GL</arg>
<arg>GM</arg>
<arg>GN</arg>
<arg>GP</arg>
<arg>GQ</arg>
<arg>GR</arg>
<arg>GS</arg>
<arg>GT</arg>
<arg>GU</arg>
<arg>GW</arg>
<arg>GY</arg>
<arg>HK</arg>
<arg>HM</arg>
<arg>HN</arg>
<arg>HR</arg>
<arg>HT</arg>
<arg>HU</arg>
<arg>ID</arg>
<arg>IE</arg>
<arg>IL</arg>
<arg>IM</arg>
<arg>IN</arg>
<arg>IO</arg>
<arg>IQ</arg>
<arg>IR</arg>
<arg>IS</arg>
<arg>IT</arg>
<arg>JE</arg>
<arg>JM</arg>
<arg>JO</arg>
<arg>JP</arg>
<arg>KE</arg>
<arg>KG</arg>
<arg>KH</arg>
<arg>KI</arg>
<arg>KM</arg>
<arg>KN</arg>
<arg>KP</arg>
<arg>KR</arg>
<arg>KW</arg>
<arg>KY</arg>
<arg>KZ</arg>
<arg>LA</arg>
<arg>LB</arg>
<arg>LC</arg>
<arg>LI</arg>
<arg>LK</arg>
<arg>LR</arg>
<arg>LS</arg>
<arg>LT</arg>
<arg>LU</arg>
<arg>LV</arg>
<arg>LY</arg>
<arg>MA</arg>
<arg>MC</arg>
<arg>MD</arg>
<arg>ME</arg>
<arg>MF</arg>
<arg>MG</arg>
<arg>MH</arg>
<arg>MK</arg>
<arg>ML</arg>
<arg>MM</arg>
<arg>MN</arg>
<arg>MO</arg>
<arg>MP</arg>
<arg>MQ</arg>
<arg>MR</arg>
<arg>MS</arg>
<arg>MT</arg>
<arg>MU</arg>
<arg>MV</arg>
<arg>MW</arg>
<arg>MX</arg>
<arg>MY</arg>
<arg>MZ</arg>
<arg>NA</arg>
<arg>NC</arg>
<arg>NE</arg>
<arg>NF</arg>
<arg>NG</arg>
<arg>NI</arg>
<arg>NL</arg>
<arg>NO</arg>
<arg>NP</arg>
<arg>NR</arg>
<arg>NU</arg>
<arg>NZ</arg>
<arg>OM</arg>
<arg>PA</arg>
<arg>PE</arg>
<arg>PF</arg>
<arg>PG</arg>
<arg>PH</arg>
<arg>PK</arg>
<arg>PL</arg>
<arg>PM</arg>
<arg>PN</arg>
<arg>PR</arg>
<arg>PS</arg>
<arg>PT</arg>
<arg>PW</arg>
<arg>PY</arg>
<arg>QA</arg>
<arg>RE</arg>
<arg>RO</arg>
<arg>RS</arg>
<arg>RU</arg>
<arg>RW</arg>
<arg>SA</arg>
<arg>SB</arg>
<arg>SC</arg>
<arg>SD</arg>
<arg>SE</arg>
<arg>SG</arg>
<arg>SH</arg>
<arg>SI</arg>
<arg>SJ</arg>
<arg>SK</arg>
<arg>SL</arg>
<arg>SM</arg>
<arg>SN</arg>
<arg>SO</arg>
<arg>SR</arg>
<arg>SS</arg>
<arg>ST</arg>
<arg>SV</arg>
<arg>SX</arg>
<arg>SY</arg>
<arg>SZ</arg>
<arg>TC</arg>
<arg>TD</arg>
<arg>TF</arg>
<arg>TG</arg>
<arg>TH</arg>
<arg>TJ</arg>
<arg>TK</arg>
<arg>TL</arg>
<arg>TM</arg>
<arg>TN</arg>
<arg>TO</arg>
<arg>TR</arg>
<arg>TT</arg>
<arg>TV</arg>
<arg>TW</arg>
<arg>TZ</arg>
<arg>UA</arg>
<arg>UG</arg>
<arg>UM</arg>
<arg>US</arg>
<arg>UY</arg>
<arg>UZ</arg>
<arg>VA</arg>
<arg>VC</arg>
<arg>VE</arg>
<arg>VG</arg>
<arg>VI</arg>
<arg>VN</arg>
<arg>VU</arg>
<arg>WF</arg>
<arg>WS</arg>
<arg>XK</arg>
<arg>YE</arg>
<arg>YT</arg>
<arg>ZA</arg>
<arg>ZM</arg>
<arg>ZW</arg>
<doc>Returns a list containing given items.</doc>
<status status="PASS" start="2024-05-04T13:15:05.224546" elapsed="0.000564"/>
</kw>
<kw name="List Should Contain Value" owner="Collections">
<msg time="2024-05-04T13:15:05.226034" level="INFO">False</msg>
<arg>${list_country}</arg>
<arg>${name_country}</arg>
<doc>Fails if the ``value`` is not found from ``list``.</doc>
<status status="PASS" start="2024-05-04T13:15:05.225849" elapsed="0.000219"/>
</kw>
<kw name="Run Keyword If" owner="BuiltIn">
<kw name="Should Be True" owner="BuiltIn">
<arg>${True}</arg>
<doc>Fails if the given condition is not true.</doc>
<status status="PASS" start="2024-05-04T13:15:05.227079" elapsed="0.000227"/>
</kw>
<arg>${json_data["results"][0]["location"]["coordinates"]["latitude"]} &gt;= -90 and ${json_data["results"][0]["location"]["coordinates"]["latitude"]} &lt;= 90</arg>
<arg>Should Be True</arg>
<arg>${True}</arg>
<doc>Runs the given keyword with the given arguments, if ``condition`` is true.</doc>
<status status="PASS" start="2024-05-04T13:15:05.226360" elapsed="0.001069"/>
</kw>
<kw name="Run Keyword If" owner="BuiltIn">
<kw name="Should Be True" owner="BuiltIn">
<arg>${True}</arg>
<doc>Fails if the given condition is not true.</doc>
<status status="PASS" start="2024-05-04T13:15:05.228255" elapsed="0.000131"/>
</kw>
<arg>${json_data["results"][0]["location"]["coordinates"]["longitude"]} &gt;= -180 and ${json_data["results"][0]["location"]["coordinates"]["longitude"]} &lt;= 180</arg>
<arg>Should Be True</arg>
<arg>${True}</arg>
<doc>Runs the given keyword with the given arguments, if ``condition`` is true.</doc>
<status status="PASS" start="2024-05-04T13:15:05.227602" elapsed="0.000902"/>
</kw>
<status status="PASS" start="2024-05-04T13:15:05.125323" elapsed="0.103303"/>
</kw>
<doc>Testa o conteúdo específico dos campos retornados pela API.</doc>
<tag>testeConteudo</tag>
<status status="PASS" start="2024-05-04T13:15:05.124844" elapsed="0.103915"/>
</test>
<status status="PASS" start="2024-05-04T13:15:04.446225" elapsed="0.784331"/>
</suite>
<status status="PASS" start="2024-05-04T13:15:04.433818" elapsed="0.801579"/>
</suite>
<statistics>
<total>
<stat pass="5" fail="0" skip="0">All Tests</stat>
</total>
<tag>
<stat pass="1" fail="0" skip="0">testeConteudo</stat>
<stat pass="1" fail="0" skip="0">testeEstruturaResposta</stat>
<stat pass="1" fail="0" skip="0">testeRequisicaoBasica</stat>
<stat pass="1" fail="0" skip="0">testeTiposDados</stat>
</tag>
<suite>
<stat pass="5" fail="0" skip="0" id="s1" name="Tests">Tests</stat>
<stat pass="5" fail="0" skip="0" id="s1-s1" name="Random-User-Test">Tests.Random-User-Test</stat>
</suite>
</statistics>
<errors>
</errors>
</robot>
