<?xml version="1.0" encoding="UTF-8"?>
<robot generator="Robot 7.0 (Python 3.12.3 on linux)" generated="2024-04-18T05:14:56.256064" rpa="false" schemaversion="5">
<suite id="s1" name="Tests" source="/home/runner/work/DesafioQAItauRogerioJordao/DesafioQAItauRogerioJordao/RamdonUser/tests">
<suite id="s1-s1" name="Random-User-Test" source="/home/runner/work/DesafioQAItauRogerioJordao/DesafioQAItauRogerioJordao/RamdonUser/tests/random-user-test.robot">
<test id="s1-s1-t1" name="Conectar" line="13">
<kw name="Conectar API" owner="random-user-service">
<kw name="Create Session" owner="RequestsLibrary">
<msg time="2024-04-18T05:14:56.610920" level="INFO">Creating Session using : alias=consultarAPI, url=https://randomuser.me/, headers={},                     cookies={}, auth=None, timeout=None, proxies=None, verify=False,                     debug=0 </msg>
<arg>consultarAPI</arg>
<arg>${URL}</arg>
<doc>Create Session: create a HTTP session to a server</doc>
<status status="PASS" start="2024-04-18T05:14:56.610718" elapsed="0.000380"/>
</kw>
<status status="PASS" start="2024-04-18T05:14:56.609711" elapsed="0.001742"/>
</kw>
<status status="PASS" start="2024-04-18T05:14:56.609176" elapsed="0.002470"/>
</test>
<test id="s1-s1-t2" name="Validar retorno 200 e JSON Válido" line="16">
<kw name="Teste de Requisicao Basica" owner="random-user-service">
<kw name="GET On Session" owner="RequestsLibrary">
<msg time="2024-04-18T05:14:56.768806" level="INFO">GET Request : url=https://randomuser.me/api 
 path_url=/api 
 headers={'User-Agent': 'python-requests/2.31.0', 'Accept-Encoding': 'gzip, deflate', 'Accept': '*/*', 'Connection': 'keep-alive'} 
 body=None 
 </msg>
<msg time="2024-04-18T05:14:56.768918" level="INFO">GET Response : url=https://randomuser.me/api 
 status=200, reason=OK 
 headers={'Date': 'Thu, 18 Apr 2024 05:14:56 GMT', 'Content-Type': 'application/json; charset=utf-8', 'Transfer-Encoding': 'chunked', 'Connection': 'keep-alive', 'X-Powered-By': 'Express', 'Access-Control-Allow-Origin': '*', 'Cache-Control': 'no-cache', 'ETag': 'W/"489-9gbn8RrFKbZn992drScUqpMbUXk"', 'Vary': 'Accept-Encoding', 'Content-Encoding': 'gzip', 'CF-Cache-Status': 'DYNAMIC', 'Report-To': '{"endpoints":[{"url":"https:\\/\\/a.nel.cloudflare.com\\/report\\/v4?s=9pIfHjQaas5gk9qFZejbcLsyUDCHehsmuVObA6FVu2moNxFXczu3TYaiOCVKuSmmaOear7AWWjeKTaE8HXSQXul90%2BjzRe9P4749LZDd3hcWhkCttay0D1j%2B5zFJ1T0x"}],"group":"cf-nel","max_age":604800}', 'NEL': '{"success_fraction":0,"report_to":"cf-nel","max_age":604800}', 'Server': 'cloudflare', 'CF-RAY': '87622c9838fb8409-LAX', 'alt-svc': 'h3=":443"; ma=86400'} 
 body={"results":[{"gender":"female","name":{"title":"Ms","first":"Sadie","last":"Robinson"},"location":{"street":{"number":100,"name":"Queenstown Road"},"city":"Masterton","state":"Southland","country":"New Zealand","postcode":91533,"coordinates":{"latitude":"55.1126","longitude":"65.1444"},"timezone":{"offset":"-12:00","description":"Eniwetok, Kwajalein"}},"email":"sadie.robinson@example.com","login":{"uuid":"daf00b6a-ed6f-495e-8c74-83dc6aaa31b4","username":"brownleopard289","password":"insertion","salt":"2y9Ku4FU","md5":"0427fb163087dc68c2caa6c1b6e74efb","sha1":"fd73014937babb0de9359ca81f1182ba107e95b6","sha256":"7f4a85ff08eba7a42fba7e2fa6df30ce499fa388e371a768b8308d164a61da86"},"dob":{"date":"1992-01-26T21:36:32.192Z","age":32},"registered":{"date":"2017-05-08T15:51:07.198Z","age":6},"phone":"(666)-207-3653","cell":"(825)-131-7596","id":{"name":"","value":null},"picture":{"large":"https://randomuser.me/api/portraits/women/41.jpg","medium":"https://randomuser.me/api/portraits/med/women/41.jpg","thumbnail":"https://randomuser.me/api/portraits/thumb/women/41.jpg"},"nat":"NZ"}],"info":{"seed":"3edfa27c0071f9ae","results":1,"page":1,"version":"1.4"}} 
 </msg>
<msg time="2024-04-18T05:14:56.768987" level="INFO">/opt/hostedtoolcache/Python/3.12.3/x64/lib/python3.12/site-packages/urllib3/connectionpool.py:1103: InsecureRequestWarning: Unverified HTTPS request is being made to host 'randomuser.me'. Adding certificate verification is strongly advised. See: https://urllib3.readthedocs.io/en/latest/advanced-usage.html#tls-warnings
  warnings.warn(</msg>
<msg time="2024-04-18T05:14:56.769128" level="INFO">${response} = &lt;Response [200]&gt;</msg>
<var>${response}</var>
<arg>consultarAPI</arg>
<arg>/api</arg>
<doc>Sends a GET request on a previously created HTTP Session.</doc>
<status status="PASS" start="2024-04-18T05:14:56.614254" elapsed="0.154917"/>
</kw>
<kw name="Should Be Equal As Numbers" owner="BuiltIn">
<msg time="2024-04-18T05:14:56.770167" level="INFO">Argument types are:
&lt;class 'int'&gt;
&lt;class 'str'&gt;</msg>
<arg>${response.status_code}</arg>
<arg>200</arg>
<doc>Fails if objects are unequal after converting them to real numbers.</doc>
<status status="PASS" start="2024-04-18T05:14:56.769716" elapsed="0.000525"/>
</kw>
<kw name="Log" owner="BuiltIn">
<msg time="2024-04-18T05:14:56.770983" level="INFO">200</msg>
<arg>${response.status_code}</arg>
<doc>Logs the given message with the given level.</doc>
<status status="PASS" start="2024-04-18T05:14:56.770626" elapsed="0.000399"/>
</kw>
<kw name="Set Variable" owner="BuiltIn">
<msg time="2024-04-18T05:14:56.771772" level="INFO">${json_data} = {'results': [{'gender': 'female', 'name': {'title': 'Ms', 'first': 'Sadie', 'last': 'Robinson'}, 'location': {'street': {'number': 100, 'name': 'Queenstown Road'}, 'city': 'Masterton', 'state': 'South...</msg>
<var>${json_data}</var>
<arg>${response.json()}</arg>
<doc>Returns the given values which can then be assigned to a variables.</doc>
<status status="PASS" start="2024-04-18T05:14:56.771340" elapsed="0.000459"/>
</kw>
<kw name="Dictionary Should Contain Key" owner="Collections">
<msg time="2024-04-18T05:14:56.772294" level="INFO">False</msg>
<arg>${json_data}</arg>
<arg>results</arg>
<doc>Fails if ``key`` is not found from ``dictionary``.</doc>
<status status="PASS" start="2024-04-18T05:14:56.772127" elapsed="0.000205"/>
</kw>
<status status="PASS" start="2024-04-18T05:14:56.613998" elapsed="0.158588"/>
</kw>
<doc>Testa se a API responde corretamente e retorna um objeto JSON válido.</doc>
<tag>testeRequisicaoBasica</tag>
<status status="PASS" start="2024-04-18T05:14:56.613539" elapsed="0.159222"/>
</test>
<test id="s1-s1-t3" name="Validar estrutura de resposta" line="22">
<kw name="Teste de Estrutura de Resposta" owner="random-user-service">
<kw name="GET On Session" owner="RequestsLibrary">
<msg time="2024-04-18T05:14:56.873656" level="INFO">GET Request : url=https://randomuser.me/api 
 path_url=/api 
 headers={'User-Agent': 'python-requests/2.31.0', 'Accept-Encoding': 'gzip, deflate', 'Accept': '*/*', 'Connection': 'keep-alive'} 
 body=None 
 </msg>
<msg time="2024-04-18T05:14:56.873750" level="INFO">GET Response : url=https://randomuser.me/api 
 status=200, reason=OK 
 headers={'Date': 'Thu, 18 Apr 2024 05:14:56 GMT', 'Content-Type': 'application/json; charset=utf-8', 'Transfer-Encoding': 'chunked', 'Connection': 'keep-alive', 'X-Powered-By': 'Express', 'Access-Control-Allow-Origin': '*', 'Cache-Control': 'no-cache', 'ETag': 'W/"4a2-8tL8c/02Tc5lWbuZNGGEVVa0KHo"', 'Vary': 'Accept-Encoding', 'Content-Encoding': 'gzip', 'CF-Cache-Status': 'DYNAMIC', 'Report-To': '{"endpoints":[{"url":"https:\\/\\/a.nel.cloudflare.com\\/report\\/v4?s=th4YVIp6cbiOGOWNNBJeV9qJL8wdW2BTz%2BAukvJ%2BEr3%2FjeI2XZAuG2R9TkUzeqJ51BhC5F%2Ba0wNUdMvhFruAkggnbIMwc%2FhUCuX26cWGpnuq8eNODfG72heABhbhCeeY"}],"group":"cf-nel","max_age":604800}', 'NEL': '{"success_fraction":0,"report_to":"cf-nel","max_age":604800}', 'Server': 'cloudflare', 'CF-RAY': '87622c98da348409-LAX', 'alt-svc': 'h3=":443"; ma=86400'} 
 body={"results":[{"gender":"female","name":{"title":"Miss","first":"Rose","last":"Marie"},"location":{"street":{"number":4033,"name":"Rue de Gerland"},"city":"Tours","state":"Côtes-D'Armor","country":"France","postcode":56871,"coordinates":{"latitude":"-19.3884","longitude":"44.4171"},"timezone":{"offset":"+9:00","description":"Tokyo, Seoul, Osaka, Sapporo, Yakutsk"}},"email":"rose.marie@example.com","login":{"uuid":"e90e68e3-85f8-46b2-9f82-fce77fe1c719","username":"blackzebra809","password":"lesbians","salt":"u7FzSke7","md5":"41f8684172ed262d217a9c5927c3b85d","sha1":"c4437859dede3a7a85af4cc0bcbd4586d177934d","sha256":"73d8795ff06633a9b42df389cefe1ac84dc39d469190b8f70c2f5bf1d865f1ab"},"dob":{"date":"1997-01-03T00:36:44.103Z","age":27},"registered":{"date":"2012-01-01T06:05:36.143Z","age":12},"phone":"05-91-74-05-33","cell":"06-52-69-38-46","id":{"name":"INSEE","value":"2970043900970 63"},"picture":{"large":"https://randomuser.me/api/portraits/women/44.jpg","medium":"https://randomuser.me/api/portraits/med/women/44.jpg","thumbnail":"https://randomuser.me/api/portraits/thumb/women/44.jpg"},"nat":"FR"}],"info":{"seed":"5e359a93fba70eca","results":1,"page":1,"version":"1.4"}} 
 </msg>
<msg time="2024-04-18T05:14:56.873880" level="INFO">/opt/hostedtoolcache/Python/3.12.3/x64/lib/python3.12/site-packages/urllib3/connectionpool.py:1103: InsecureRequestWarning: Unverified HTTPS request is being made to host 'randomuser.me'. Adding certificate verification is strongly advised. See: https://urllib3.readthedocs.io/en/latest/advanced-usage.html#tls-warnings
  warnings.warn(</msg>
<msg time="2024-04-18T05:14:56.873990" level="INFO">${response} = &lt;Response [200]&gt;</msg>
<var>${response}</var>
<arg>consultarAPI</arg>
<arg>/api</arg>
<doc>Sends a GET request on a previously created HTTP Session.</doc>
<status status="PASS" start="2024-04-18T05:14:56.775336" elapsed="0.098696"/>
</kw>
<kw name="Set Variable" owner="BuiltIn">
<msg time="2024-04-18T05:14:56.875105" level="INFO">${json_data} = {'results': [{'gender': 'female', 'name': {'title': 'Miss', 'first': 'Rose', 'last': 'Marie'}, 'location': {'street': {'number': 4033, 'name': 'Rue de Gerland'}, 'city': 'Tours', 'state': "Côtes-D'Arm...</msg>
<var>${json_data}</var>
<arg>${response.json()}</arg>
<doc>Returns the given values which can then be assigned to a variables.</doc>
<status status="PASS" start="2024-04-18T05:14:56.874529" elapsed="0.000606"/>
</kw>
<kw name="Log" owner="BuiltIn">
<msg time="2024-04-18T05:14:56.875609" level="INFO">{'results': [{'gender': 'female', 'name': {'title': 'Miss', 'first': 'Rose', 'last': 'Marie'}, 'location': {'street': {'number': 4033, 'name': 'Rue de Gerland'}, 'city': 'Tours', 'state': "Côtes-D'Armor", 'country': 'France', 'postcode': 56871, 'coordinates': {'latitude': '-19.3884', 'longitude': '44.4171'}, 'timezone': {'offset': '+9:00', 'description': 'Tokyo, Seoul, Osaka, Sapporo, Yakutsk'}}, 'email': 'rose.marie@example.com', 'login': {'uuid': 'e90e68e3-85f8-46b2-9f82-fce77fe1c719', 'username': 'blackzebra809', 'password': 'lesbians', 'salt': 'u7FzSke7', 'md5': '41f8684172ed262d217a9c5927c3b85d', 'sha1': 'c4437859dede3a7a85af4cc0bcbd4586d177934d', 'sha256': '73d8795ff06633a9b42df389cefe1ac84dc39d469190b8f70c2f5bf1d865f1ab'}, 'dob': {'date': '1997-01-03T00:36:44.103Z', 'age': 27}, 'registered': {'date': '2012-01-01T06:05:36.143Z', 'age': 12}, 'phone': '05-91-74-05-33', 'cell': '06-52-69-38-46', 'id': {'name': 'INSEE', 'value': '2970043900970 63'}, 'picture': {'large': 'https://randomuser.me/api/portraits/women/44.jpg', 'medium': 'https://randomuser.me/api/portraits/med/women/44.jpg', 'thumbnail': 'https://randomuser.me/api/portraits/thumb/women/44.jpg'}, 'nat': 'FR'}], 'info': {'seed': '5e359a93fba70eca', 'results': 1, 'page': 1, 'version': '1.4'}}</msg>
<arg>${json_data}</arg>
<doc>Logs the given message with the given level.</doc>
<status status="PASS" start="2024-04-18T05:14:56.875446" elapsed="0.000214"/>
</kw>
<kw name="Dictionary Should Contain Key" owner="Collections">
<msg time="2024-04-18T05:14:56.876110" level="INFO">False</msg>
<arg>${json_data}</arg>
<arg>results</arg>
<doc>Fails if ``key`` is not found from ``dictionary``.</doc>
<status status="PASS" start="2024-04-18T05:14:56.875955" elapsed="0.000193"/>
</kw>
<kw name="Should Not Be Empty" owner="BuiltIn">
<msg time="2024-04-18T05:14:56.876571" level="INFO">Length is 2.</msg>
<arg>${json_data}</arg>
<doc>Verifies that the given item is not empty.</doc>
<status status="PASS" start="2024-04-18T05:14:56.876437" elapsed="0.000315"/>
</kw>
<kw name="Create List" owner="BuiltIn">
<msg time="2024-04-18T05:14:56.877198" level="INFO">${expected_keys} = ['gender', 'name', 'location', 'email', 'login']</msg>
<var>${expected_keys}</var>
<arg>gender</arg>
<arg>name</arg>
<arg>location</arg>
<arg>email</arg>
<arg>login</arg>
<doc>Returns a list containing given items.</doc>
<status status="PASS" start="2024-04-18T05:14:56.877049" elapsed="0.000173"/>
</kw>
<for flavor="IN">
<iter>
<kw name="Dictionary Should Contain Key" owner="Collections">
<msg time="2024-04-18T05:14:56.878183" level="INFO">False</msg>
<arg>${json_data['results'][0]}</arg>
<arg>${key}</arg>
<doc>Fails if ``key`` is not found from ``dictionary``.</doc>
<status status="PASS" start="2024-04-18T05:14:56.877784" elapsed="0.000438"/>
</kw>
<kw name="Log" owner="BuiltIn">
<msg time="2024-04-18T05:14:56.878923" level="INFO">{'gender': 'female', 'name': {'title': 'Miss', 'first': 'Rose', 'last': 'Marie'}, 'location': {'street': {'number': 4033, 'name': 'Rue de Gerland'}, 'city': 'Tours', 'state': "Côtes-D'Armor", 'country': 'France', 'postcode': 56871, 'coordinates': {'latitude': '-19.3884', 'longitude': '44.4171'}, 'timezone': {'offset': '+9:00', 'description': 'Tokyo, Seoul, Osaka, Sapporo, Yakutsk'}}, 'email': 'rose.marie@example.com', 'login': {'uuid': 'e90e68e3-85f8-46b2-9f82-fce77fe1c719', 'username': 'blackzebra809', 'password': 'lesbians', 'salt': 'u7FzSke7', 'md5': '41f8684172ed262d217a9c5927c3b85d', 'sha1': 'c4437859dede3a7a85af4cc0bcbd4586d177934d', 'sha256': '73d8795ff06633a9b42df389cefe1ac84dc39d469190b8f70c2f5bf1d865f1ab'}, 'dob': {'date': '1997-01-03T00:36:44.103Z', 'age': 27}, 'registered': {'date': '2012-01-01T06:05:36.143Z', 'age': 12}, 'phone': '05-91-74-05-33', 'cell': '06-52-69-38-46', 'id': {'name': 'INSEE', 'value': '2970043900970 63'}, 'picture': {'large': 'https://randomuser.me/api/portraits/women/44.jpg', 'medium': 'https://randomuser.me/api/portraits/med/women/44.jpg', 'thumbnail': 'https://randomuser.me/api/portraits/thumb/women/44.jpg'}, 'nat': 'FR'}</msg>
<arg>${json_data['results'][0]}</arg>
<doc>Logs the given message with the given level.</doc>
<status status="PASS" start="2024-04-18T05:14:56.878549" elapsed="0.000424"/>
</kw>
<kw name="Log" owner="BuiltIn">
<msg time="2024-04-18T05:14:56.879397" level="INFO">gender</msg>
<arg>${key}</arg>
<doc>Logs the given message with the given level.</doc>
<status status="PASS" start="2024-04-18T05:14:56.879270" elapsed="0.000164"/>
</kw>
<var name="${key}">gender</var>
<status status="PASS" start="2024-04-18T05:14:56.877660" elapsed="0.002003"/>
</iter>
<iter>
<kw name="Dictionary Should Contain Key" owner="Collections">
<msg time="2024-04-18T05:14:56.880355" level="INFO">False</msg>
<arg>${json_data['results'][0]}</arg>
<arg>${key}</arg>
<doc>Fails if ``key`` is not found from ``dictionary``.</doc>
<status status="PASS" start="2024-04-18T05:14:56.879965" elapsed="0.000428"/>
</kw>
<kw name="Log" owner="BuiltIn">
<msg time="2024-04-18T05:14:56.881455" level="INFO">{'gender': 'female', 'name': {'title': 'Miss', 'first': 'Rose', 'last': 'Marie'}, 'location': {'street': {'number': 4033, 'name': 'Rue de Gerland'}, 'city': 'Tours', 'state': "Côtes-D'Armor", 'country': 'France', 'postcode': 56871, 'coordinates': {'latitude': '-19.3884', 'longitude': '44.4171'}, 'timezone': {'offset': '+9:00', 'description': 'Tokyo, Seoul, Osaka, Sapporo, Yakutsk'}}, 'email': 'rose.marie@example.com', 'login': {'uuid': 'e90e68e3-85f8-46b2-9f82-fce77fe1c719', 'username': 'blackzebra809', 'password': 'lesbians', 'salt': 'u7FzSke7', 'md5': '41f8684172ed262d217a9c5927c3b85d', 'sha1': 'c4437859dede3a7a85af4cc0bcbd4586d177934d', 'sha256': '73d8795ff06633a9b42df389cefe1ac84dc39d469190b8f70c2f5bf1d865f1ab'}, 'dob': {'date': '1997-01-03T00:36:44.103Z', 'age': 27}, 'registered': {'date': '2012-01-01T06:05:36.143Z', 'age': 12}, 'phone': '05-91-74-05-33', 'cell': '06-52-69-38-46', 'id': {'name': 'INSEE', 'value': '2970043900970 63'}, 'picture': {'large': 'https://randomuser.me/api/portraits/women/44.jpg', 'medium': 'https://randomuser.me/api/portraits/med/women/44.jpg', 'thumbnail': 'https://randomuser.me/api/portraits/thumb/women/44.jpg'}, 'nat': 'FR'}</msg>
<arg>${json_data['results'][0]}</arg>
<doc>Logs the given message with the given level.</doc>
<status status="PASS" start="2024-04-18T05:14:56.880849" elapsed="0.000689"/>
</kw>
<kw name="Log" owner="BuiltIn">
<msg time="2024-04-18T05:14:56.882117" level="INFO">name</msg>
<arg>${key}</arg>
<doc>Logs the given message with the given level.</doc>
<status status="PASS" start="2024-04-18T05:14:56.881970" elapsed="0.000186"/>
</kw>
<var name="${key}">name</var>
<status status="PASS" start="2024-04-18T05:14:56.879847" elapsed="0.002538"/>
</iter>
<iter>
<kw name="Dictionary Should Contain Key" owner="Collections">
<msg time="2024-04-18T05:14:56.883103" level="INFO">False</msg>
<arg>${json_data['results'][0]}</arg>
<arg>${key}</arg>
<doc>Fails if ``key`` is not found from ``dictionary``.</doc>
<status status="PASS" start="2024-04-18T05:14:56.882710" elapsed="0.000430"/>
</kw>
<kw name="Log" owner="BuiltIn">
<msg time="2024-04-18T05:14:56.883822" level="INFO">{'gender': 'female', 'name': {'title': 'Miss', 'first': 'Rose', 'last': 'Marie'}, 'location': {'street': {'number': 4033, 'name': 'Rue de Gerland'}, 'city': 'Tours', 'state': "Côtes-D'Armor", 'country': 'France', 'postcode': 56871, 'coordinates': {'latitude': '-19.3884', 'longitude': '44.4171'}, 'timezone': {'offset': '+9:00', 'description': 'Tokyo, Seoul, Osaka, Sapporo, Yakutsk'}}, 'email': 'rose.marie@example.com', 'login': {'uuid': 'e90e68e3-85f8-46b2-9f82-fce77fe1c719', 'username': 'blackzebra809', 'password': 'lesbians', 'salt': 'u7FzSke7', 'md5': '41f8684172ed262d217a9c5927c3b85d', 'sha1': 'c4437859dede3a7a85af4cc0bcbd4586d177934d', 'sha256': '73d8795ff06633a9b42df389cefe1ac84dc39d469190b8f70c2f5bf1d865f1ab'}, 'dob': {'date': '1997-01-03T00:36:44.103Z', 'age': 27}, 'registered': {'date': '2012-01-01T06:05:36.143Z', 'age': 12}, 'phone': '05-91-74-05-33', 'cell': '06-52-69-38-46', 'id': {'name': 'INSEE', 'value': '2970043900970 63'}, 'picture': {'large': 'https://randomuser.me/api/portraits/women/44.jpg', 'medium': 'https://randomuser.me/api/portraits/med/women/44.jpg', 'thumbnail': 'https://randomuser.me/api/portraits/thumb/women/44.jpg'}, 'nat': 'FR'}</msg>
<arg>${json_data['results'][0]}</arg>
<doc>Logs the given message with the given level.</doc>
<status status="PASS" start="2024-04-18T05:14:56.883451" elapsed="0.000422"/>
</kw>
<kw name="Log" owner="BuiltIn">
<msg time="2024-04-18T05:14:56.884290" level="INFO">location</msg>
<arg>${key}</arg>
<doc>Logs the given message with the given level.</doc>
<status status="PASS" start="2024-04-18T05:14:56.884167" elapsed="0.000161"/>
</kw>
<var name="${key}">location</var>
<status status="PASS" start="2024-04-18T05:14:56.882595" elapsed="0.001945"/>
</iter>
<iter>
<kw name="Dictionary Should Contain Key" owner="Collections">
<msg time="2024-04-18T05:14:56.885207" level="INFO">False</msg>
<arg>${json_data['results'][0]}</arg>
<arg>${key}</arg>
<doc>Fails if ``key`` is not found from ``dictionary``.</doc>
<status status="PASS" start="2024-04-18T05:14:56.884822" elapsed="0.000422"/>
</kw>
<kw name="Log" owner="BuiltIn">
<msg time="2024-04-18T05:14:56.885896" level="INFO">{'gender': 'female', 'name': {'title': 'Miss', 'first': 'Rose', 'last': 'Marie'}, 'location': {'street': {'number': 4033, 'name': 'Rue de Gerland'}, 'city': 'Tours', 'state': "Côtes-D'Armor", 'country': 'France', 'postcode': 56871, 'coordinates': {'latitude': '-19.3884', 'longitude': '44.4171'}, 'timezone': {'offset': '+9:00', 'description': 'Tokyo, Seoul, Osaka, Sapporo, Yakutsk'}}, 'email': 'rose.marie@example.com', 'login': {'uuid': 'e90e68e3-85f8-46b2-9f82-fce77fe1c719', 'username': 'blackzebra809', 'password': 'lesbians', 'salt': 'u7FzSke7', 'md5': '41f8684172ed262d217a9c5927c3b85d', 'sha1': 'c4437859dede3a7a85af4cc0bcbd4586d177934d', 'sha256': '73d8795ff06633a9b42df389cefe1ac84dc39d469190b8f70c2f5bf1d865f1ab'}, 'dob': {'date': '1997-01-03T00:36:44.103Z', 'age': 27}, 'registered': {'date': '2012-01-01T06:05:36.143Z', 'age': 12}, 'phone': '05-91-74-05-33', 'cell': '06-52-69-38-46', 'id': {'name': 'INSEE', 'value': '2970043900970 63'}, 'picture': {'large': 'https://randomuser.me/api/portraits/women/44.jpg', 'medium': 'https://randomuser.me/api/portraits/med/women/44.jpg', 'thumbnail': 'https://randomuser.me/api/portraits/thumb/women/44.jpg'}, 'nat': 'FR'}</msg>
<arg>${json_data['results'][0]}</arg>
<doc>Logs the given message with the given level.</doc>
<status status="PASS" start="2024-04-18T05:14:56.885539" elapsed="0.000408"/>
</kw>
<kw name="Log" owner="BuiltIn">
<msg time="2024-04-18T05:14:56.886360" level="INFO">email</msg>
<arg>${key}</arg>
<doc>Logs the given message with the given level.</doc>
<status status="PASS" start="2024-04-18T05:14:56.886237" elapsed="0.000160"/>
</kw>
<var name="${key}">email</var>
<status status="PASS" start="2024-04-18T05:14:56.884713" elapsed="0.001941"/>
</iter>
<iter>
<kw name="Dictionary Should Contain Key" owner="Collections">
<msg time="2024-04-18T05:14:56.887322" level="INFO">False</msg>
<arg>${json_data['results'][0]}</arg>
<arg>${key}</arg>
<doc>Fails if ``key`` is not found from ``dictionary``.</doc>
<status status="PASS" start="2024-04-18T05:14:56.886940" elapsed="0.000419"/>
</kw>
<kw name="Log" owner="BuiltIn">
<msg time="2024-04-18T05:14:56.888018" level="INFO">{'gender': 'female', 'name': {'title': 'Miss', 'first': 'Rose', 'last': 'Marie'}, 'location': {'street': {'number': 4033, 'name': 'Rue de Gerland'}, 'city': 'Tours', 'state': "Côtes-D'Armor", 'country': 'France', 'postcode': 56871, 'coordinates': {'latitude': '-19.3884', 'longitude': '44.4171'}, 'timezone': {'offset': '+9:00', 'description': 'Tokyo, Seoul, Osaka, Sapporo, Yakutsk'}}, 'email': 'rose.marie@example.com', 'login': {'uuid': 'e90e68e3-85f8-46b2-9f82-fce77fe1c719', 'username': 'blackzebra809', 'password': 'lesbians', 'salt': 'u7FzSke7', 'md5': '41f8684172ed262d217a9c5927c3b85d', 'sha1': 'c4437859dede3a7a85af4cc0bcbd4586d177934d', 'sha256': '73d8795ff06633a9b42df389cefe1ac84dc39d469190b8f70c2f5bf1d865f1ab'}, 'dob': {'date': '1997-01-03T00:36:44.103Z', 'age': 27}, 'registered': {'date': '2012-01-01T06:05:36.143Z', 'age': 12}, 'phone': '05-91-74-05-33', 'cell': '06-52-69-38-46', 'id': {'name': 'INSEE', 'value': '2970043900970 63'}, 'picture': {'large': 'https://randomuser.me/api/portraits/women/44.jpg', 'medium': 'https://randomuser.me/api/portraits/med/women/44.jpg', 'thumbnail': 'https://randomuser.me/api/portraits/thumb/women/44.jpg'}, 'nat': 'FR'}</msg>
<arg>${json_data['results'][0]}</arg>
<doc>Logs the given message with the given level.</doc>
<status status="PASS" start="2024-04-18T05:14:56.887655" elapsed="0.000412"/>
</kw>
<kw name="Log" owner="BuiltIn">
<msg time="2024-04-18T05:14:56.888479" level="INFO">login</msg>
<arg>${key}</arg>
<doc>Logs the given message with the given level.</doc>
<status status="PASS" start="2024-04-18T05:14:56.888357" elapsed="0.000192"/>
</kw>
<var name="${key}">login</var>
<status status="PASS" start="2024-04-18T05:14:56.886828" elapsed="0.001940"/>
</iter>
<var>${key}</var>
<value>@{expected_keys}</value>
<status status="PASS" start="2024-04-18T05:14:56.877476" elapsed="0.011410"/>
</for>
<kw name="Create List" owner="BuiltIn">
<msg time="2024-04-18T05:14:56.889213" level="INFO">${expected_keysTwo} = ['username', 'password']</msg>
<var>${expected_keysTwo}</var>
<arg>username</arg>
<arg>password</arg>
<doc>Returns a list containing given items.</doc>
<status status="PASS" start="2024-04-18T05:14:56.889079" elapsed="0.000157"/>
</kw>
<for flavor="IN">
<iter>
<kw name="Dictionary Should Contain Key" owner="Collections">
<msg time="2024-04-18T05:14:56.890123" level="INFO">False</msg>
<arg>${json_data['results'][0]['login']}</arg>
<arg>${keyTwo}</arg>
<doc>Fails if ``key`` is not found from ``dictionary``.</doc>
<status status="PASS" start="2024-04-18T05:14:56.889738" elapsed="0.000423"/>
</kw>
<kw name="Dictionary Should Contain Key" owner="Collections">
<msg time="2024-04-18T05:14:56.890871" level="INFO">False</msg>
<arg>${json_data['results'][0]['login']}</arg>
<arg>${keyTwo}</arg>
<doc>Fails if ``key`` is not found from ``dictionary``.</doc>
<status status="PASS" start="2024-04-18T05:14:56.890462" elapsed="0.000447"/>
</kw>
<kw name="Log" owner="BuiltIn">
<msg time="2024-04-18T05:14:56.891332" level="INFO">username</msg>
<arg>${keyTwo}</arg>
<doc>Logs the given message with the given level.</doc>
<status status="PASS" start="2024-04-18T05:14:56.891206" elapsed="0.000169"/>
</kw>
<var name="${keyTwo}">username</var>
<status status="PASS" start="2024-04-18T05:14:56.889623" elapsed="0.001965"/>
</iter>
<iter>
<kw name="Dictionary Should Contain Key" owner="Collections">
<msg time="2024-04-18T05:14:56.892341" level="INFO">False</msg>
<arg>${json_data['results'][0]['login']}</arg>
<arg>${keyTwo}</arg>
<doc>Fails if ``key`` is not found from ``dictionary``.</doc>
<status status="PASS" start="2024-04-18T05:14:56.891874" elapsed="0.000512"/>
</kw>
<kw name="Dictionary Should Contain Key" owner="Collections">
<msg time="2024-04-18T05:14:56.893070" level="INFO">False</msg>
<arg>${json_data['results'][0]['login']}</arg>
<arg>${keyTwo}</arg>
<doc>Fails if ``key`` is not found from ``dictionary``.</doc>
<status status="PASS" start="2024-04-18T05:14:56.892682" elapsed="0.000425"/>
</kw>
<kw name="Log" owner="BuiltIn">
<msg time="2024-04-18T05:14:56.893520" level="INFO">password</msg>
<arg>${keyTwo}</arg>
<doc>Logs the given message with the given level.</doc>
<status status="PASS" start="2024-04-18T05:14:56.893395" elapsed="0.000161"/>
</kw>
<var name="${keyTwo}">password</var>
<status status="PASS" start="2024-04-18T05:14:56.891764" elapsed="0.002002"/>
</iter>
<var>${keyTwo}</var>
<value>@{expected_keysTwo}</value>
<status status="PASS" start="2024-04-18T05:14:56.889470" elapsed="0.004415"/>
</for>
<status status="PASS" start="2024-04-18T05:14:56.775105" elapsed="0.118918"/>
</kw>
<doc>Testa a estrutura da resposta da API.</doc>
<tag>testeEstruturaResposta</tag>
<status status="PASS" start="2024-04-18T05:14:56.774619" elapsed="0.119553"/>
</test>
<test id="s1-s1-t4" name="Validar tipos de dados" line="28">
<kw name="Teste de Tipos de Dados" owner="random-user-service">
<kw name="GET On Session" owner="RequestsLibrary">
<msg time="2024-04-18T05:14:56.998597" level="INFO">GET Request : url=https://randomuser.me/api 
 path_url=/api 
 headers={'User-Agent': 'python-requests/2.31.0', 'Accept-Encoding': 'gzip, deflate', 'Accept': '*/*', 'Connection': 'keep-alive'} 
 body=None 
 </msg>
<msg time="2024-04-18T05:14:56.998683" level="INFO">GET Response : url=https://randomuser.me/api 
 status=200, reason=OK 
 headers={'Date': 'Thu, 18 Apr 2024 05:14:56 GMT', 'Content-Type': 'application/json; charset=utf-8', 'Transfer-Encoding': 'chunked', 'Connection': 'keep-alive', 'X-Powered-By': 'Express', 'Access-Control-Allow-Origin': '*', 'Cache-Control': 'no-cache', 'ETag': 'W/"48d-Bc6VPTM22tYu6c7uYgR7+15Qu3k"', 'Vary': 'Accept-Encoding', 'Content-Encoding': 'gzip', 'CF-Cache-Status': 'DYNAMIC', 'Report-To': '{"endpoints":[{"url":"https:\\/\\/a.nel.cloudflare.com\\/report\\/v4?s=NmZVdnCEFzgrLtaPtqaZNuXEP6rs1nin16WiFsJHeEDM59H4YDYDhiQKVFTRZBamkngPj9o8KDVEQPZxlnuNsuNhnzWONNlnjMiqn7AaWEe4BkbtwcIk7LMo%2B%2B6w628f"}],"group":"cf-nel","max_age":604800}', 'NEL': '{"success_fraction":0,"report_to":"cf-nel","max_age":604800}', 'Server': 'cloudflare', 'CF-RAY': '87622c99ab568409-LAX', 'alt-svc': 'h3=":443"; ma=86400'} 
 body={"results":[{"gender":"male","name":{"title":"Mr","first":"Stojan","last":"Spajić"},"location":{"street":{"number":72,"name":"Miloja Milojevića"},"city":"Tutin","state":"Central Banat","country":"Serbia","postcode":84308,"coordinates":{"latitude":"60.4462","longitude":"-118.0633"},"timezone":{"offset":"-3:00","description":"Brazil, Buenos Aires, Georgetown"}},"email":"stojan.spajic@example.com","login":{"uuid":"cb508d1d-cb42-48b3-afc4-7d4802aac481","username":"silverfish511","password":"wasabi","salt":"VQsiFTo3","md5":"6cf1c53cfcd0a8adeec59f55929fad28","sha1":"24b7983d910bcfc2ca116a812c5bd696898b8144","sha256":"9ac1da393dff3a8de5e7bc1c00080eb68e264ab2dc879c5cc6a3f41f561f72b7"},"dob":{"date":"1993-05-02T12:33:10.132Z","age":30},"registered":{"date":"2008-05-02T16:27:56.166Z","age":15},"phone":"011-6672-500","cell":"061-6349-111","id":{"name":"SID","value":"028006714"},"picture":{"large":"https://randomuser.me/api/portraits/men/50.jpg","medium":"https://randomuser.me/api/portraits/med/men/50.jpg","thumbnail":"https://randomuser.me/api/portraits/thumb/men/50.jpg"},"nat":"RS"}],"info":{"seed":"41ab436586830236","results":1,"page":1,"version":"1.4"}} 
 </msg>
<msg time="2024-04-18T05:14:56.998768" level="INFO">/opt/hostedtoolcache/Python/3.12.3/x64/lib/python3.12/site-packages/urllib3/connectionpool.py:1103: InsecureRequestWarning: Unverified HTTPS request is being made to host 'randomuser.me'. Adding certificate verification is strongly advised. See: https://urllib3.readthedocs.io/en/latest/advanced-usage.html#tls-warnings
  warnings.warn(</msg>
<msg time="2024-04-18T05:14:56.998888" level="INFO">${response} = &lt;Response [200]&gt;</msg>
<var>${response}</var>
<arg>consultarAPI</arg>
<arg>/api</arg>
<doc>Sends a GET request on a previously created HTTP Session.</doc>
<status status="PASS" start="2024-04-18T05:14:56.896672" elapsed="0.102270"/>
</kw>
<kw name="Set Variable" owner="BuiltIn">
<msg time="2024-04-18T05:14:57.000013" level="INFO">${json_data} = {'results': [{'gender': 'male', 'name': {'title': 'Mr', 'first': 'Stojan', 'last': 'Spajić'}, 'location': {'street': {'number': 72, 'name': 'Miloja Milojevića'}, 'city': 'Tutin', 'state': 'Central Ban...</msg>
<var>${json_data}</var>
<arg>${response.json()}</arg>
<doc>Returns the given values which can then be assigned to a variables.</doc>
<status status="PASS" start="2024-04-18T05:14:56.999452" elapsed="0.000591"/>
</kw>
<kw name="Log" owner="BuiltIn">
<msg time="2024-04-18T05:14:57.000510" level="INFO">{'results': [{'gender': 'male', 'name': {'title': 'Mr', 'first': 'Stojan', 'last': 'Spajić'}, 'location': {'street': {'number': 72, 'name': 'Miloja Milojevića'}, 'city': 'Tutin', 'state': 'Central Banat', 'country': 'Serbia', 'postcode': 84308, 'coordinates': {'latitude': '60.4462', 'longitude': '-118.0633'}, 'timezone': {'offset': '-3:00', 'description': 'Brazil, Buenos Aires, Georgetown'}}, 'email': 'stojan.spajic@example.com', 'login': {'uuid': 'cb508d1d-cb42-48b3-afc4-7d4802aac481', 'username': 'silverfish511', 'password': 'wasabi', 'salt': 'VQsiFTo3', 'md5': '6cf1c53cfcd0a8adeec59f55929fad28', 'sha1': '24b7983d910bcfc2ca116a812c5bd696898b8144', 'sha256': '9ac1da393dff3a8de5e7bc1c00080eb68e264ab2dc879c5cc6a3f41f561f72b7'}, 'dob': {'date': '1993-05-02T12:33:10.132Z', 'age': 30}, 'registered': {'date': '2008-05-02T16:27:56.166Z', 'age': 15}, 'phone': '011-6672-500', 'cell': '061-6349-111', 'id': {'name': 'SID', 'value': '028006714'}, 'picture': {'large': 'https://randomuser.me/api/portraits/men/50.jpg', 'medium': 'https://randomuser.me/api/portraits/med/men/50.jpg', 'thumbnail': 'https://randomuser.me/api/portraits/thumb/men/50.jpg'}, 'nat': 'RS'}], 'info': {'seed': '41ab436586830236', 'results': 1, 'page': 1, 'version': '1.4'}}</msg>
<arg>${json_data}</arg>
<doc>Logs the given message with the given level.</doc>
<status status="PASS" start="2024-04-18T05:14:57.000355" elapsed="0.000236"/>
</kw>
<kw name="Should Be String" owner="String">
<arg>${json_data['results'][0]['gender']}</arg>
<doc>Fails if the given ``item`` is not a string.</doc>
<status status="PASS" start="2024-04-18T05:14:57.000892" elapsed="0.000362"/>
</kw>
<kw name="Should Match Regexp" owner="BuiltIn">
<arg>${json_data['results'][0]['email']}</arg>
<arg>^[a-zA-Z0-9._%+-]+@[a-zA-Z0-9.-]+\.[a-zA-Z]{2,}$</arg>
<doc>Fails if ``string`` does not match ``pattern`` as a regular expression.</doc>
<status status="PASS" start="2024-04-18T05:14:57.001445" elapsed="0.000514"/>
</kw>
<kw name="Should Match Regexp" owner="BuiltIn">
<arg>${json_data['results'][0]['dob']['date']}</arg>
<arg>\\d{4}-\\d{2}-\\d{2}T\\d{2}:\\d{2}:\\d{2}\\.\\d{3}Z</arg>
<doc>Fails if ``string`` does not match ``pattern`` as a regular expression.</doc>
<status status="PASS" start="2024-04-18T05:14:57.002154" elapsed="0.000527"/>
</kw>
<kw name="Should Match Regexp" owner="BuiltIn">
<arg>${json_data['results'][0]['registered']['date']}</arg>
<arg>\\d{4}-\\d{2}-\\d{2}T\\d{2}:\\d{2}:\\d{2}\\.\\d{3}Z</arg>
<doc>Fails if ``string`` does not match ``pattern`` as a regular expression.</doc>
<status status="PASS" start="2024-04-18T05:14:57.002876" elapsed="0.000379"/>
</kw>
<kw name="Should Match Regexp" owner="BuiltIn">
<arg>${json_data['results'][0]['picture']['large']}</arg>
<arg>^https?://.*\.(?:png|jpe?g|gif|bmp)$</arg>
<doc>Fails if ``string`` does not match ``pattern`` as a regular expression.</doc>
<status status="PASS" start="2024-04-18T05:14:57.003448" elapsed="0.000461"/>
</kw>
<kw name="Should Match Regexp" owner="BuiltIn">
<arg>${json_data['results'][0]['picture']['medium']}</arg>
<arg>^https?://.*\.(?:png|jpe?g|gif|bmp)$</arg>
<doc>Fails if ``string`` does not match ``pattern`` as a regular expression.</doc>
<status status="PASS" start="2024-04-18T05:14:57.004097" elapsed="0.000357"/>
</kw>
<kw name="Should Match Regexp" owner="BuiltIn">
<arg>${json_data['results'][0]['picture']['thumbnail']}</arg>
<arg>^https?://.*\.(?:png|jpe?g|gif|bmp)$</arg>
<doc>Fails if ``string`` does not match ``pattern`` as a regular expression.</doc>
<status status="PASS" start="2024-04-18T05:14:57.004658" elapsed="0.000350"/>
</kw>
<kw name="Log" owner="BuiltIn">
<msg time="2024-04-18T05:14:57.005510" level="INFO">{'large': 'https://randomuser.me/api/portraits/men/50.jpg', 'medium': 'https://randomuser.me/api/portraits/med/men/50.jpg', 'thumbnail': 'https://randomuser.me/api/portraits/thumb/men/50.jpg'}</msg>
<arg>${json_data['results'][0]['picture']}</arg>
<doc>Logs the given message with the given level.</doc>
<status status="PASS" start="2024-04-18T05:14:57.005187" elapsed="0.000364"/>
</kw>
<status status="PASS" start="2024-04-18T05:14:56.896443" elapsed="0.109361"/>
</kw>
<kw name="Teste de Tipos de Dados - Postcode" owner="random-user-service">
<kw name="GET On Session" owner="RequestsLibrary">
<msg time="2024-04-18T05:14:57.117348" level="INFO">GET Request : url=https://randomuser.me/api 
 path_url=/api 
 headers={'User-Agent': 'python-requests/2.31.0', 'Accept-Encoding': 'gzip, deflate', 'Accept': '*/*', 'Connection': 'keep-alive'} 
 body=None 
 </msg>
<msg time="2024-04-18T05:14:57.117412" level="INFO">GET Response : url=https://randomuser.me/api 
 status=200, reason=OK 
 headers={'Date': 'Thu, 18 Apr 2024 05:14:57 GMT', 'Content-Type': 'application/json; charset=utf-8', 'Transfer-Encoding': 'chunked', 'Connection': 'keep-alive', 'X-Powered-By': 'Express', 'Access-Control-Allow-Origin': '*', 'Cache-Control': 'no-cache', 'ETag': 'W/"47b-sxPG25czFvGdQDt8qBnZDJ8sg6o"', 'Vary': 'Accept-Encoding', 'Content-Encoding': 'gzip', 'CF-Cache-Status': 'DYNAMIC', 'Report-To': '{"endpoints":[{"url":"https:\\/\\/a.nel.cloudflare.com\\/report\\/v4?s=OCNuSN8uu21FAplIQlfFbvc%2BK7XDLaCeNuk5L2aKXvMWXABrtMJyoTfsdR2xtdZBtKZIGqdGK2MieOh5nEv4xJJGX0GkV2uUNFQDL2WDQcYZKBGPGBjXfAYHyvIgRO%2BG"}],"group":"cf-nel","max_age":604800}', 'NEL': '{"success_fraction":0,"report_to":"cf-nel","max_age":604800}', 'Server': 'cloudflare', 'CF-RAY': '87622c9a5c1f8409-LAX', 'alt-svc': 'h3=":443"; ma=86400'} 
 body={"results":[{"gender":"male","name":{"title":"Mr","first":"Mark","last":"Kjøde"},"location":{"street":{"number":1171,"name":"Askekroken"},"city":"Eidsvoll","state":"Rogaland","country":"Norway","postcode":"0682","coordinates":{"latitude":"44.9899","longitude":"-113.9243"},"timezone":{"offset":"+1:00","description":"Brussels, Copenhagen, Madrid, Paris"}},"email":"mark.kjode@example.com","login":{"uuid":"967102a1-642c-4836-bb73-92f2d35e72ae","username":"heavyduck658","password":"respect","salt":"yrkVFny7","md5":"f96fc7b9a8e5fa7b226afa6d13c2c34e","sha1":"af214e0fe9db049cb23d85f16d8cd7b3518018b2","sha256":"a508a5d43ae85df8da54babe26af828fa1b6a74079770c10d5a02fed016b60cb"},"dob":{"date":"1954-03-24T22:05:25.172Z","age":70},"registered":{"date":"2021-04-04T01:09:30.243Z","age":3},"phone":"82384169","cell":"93601213","id":{"name":"FN","value":"24035422524"},"picture":{"large":"https://randomuser.me/api/portraits/men/15.jpg","medium":"https://randomuser.me/api/portraits/med/men/15.jpg","thumbnail":"https://randomuser.me/api/portraits/thumb/men/15.jpg"},"nat":"NO"}],"info":{"seed":"ec95b19dc9e863a9","results":1,"page":1,"version":"1.4"}} 
 </msg>
<msg time="2024-04-18T05:14:57.117468" level="INFO">/opt/hostedtoolcache/Python/3.12.3/x64/lib/python3.12/site-packages/urllib3/connectionpool.py:1103: InsecureRequestWarning: Unverified HTTPS request is being made to host 'randomuser.me'. Adding certificate verification is strongly advised. See: https://urllib3.readthedocs.io/en/latest/advanced-usage.html#tls-warnings
  warnings.warn(</msg>
<msg time="2024-04-18T05:14:57.117556" level="INFO">${response} = &lt;Response [200]&gt;</msg>
<var>${response}</var>
<arg>consultarAPI</arg>
<arg>/api</arg>
<doc>Sends a GET request on a previously created HTTP Session.</doc>
<status status="PASS" start="2024-04-18T05:14:57.006249" elapsed="0.111347"/>
</kw>
<kw name="Set Variable" owner="BuiltIn">
<msg time="2024-04-18T05:14:57.118639" level="INFO">${json_data} = {'results': [{'gender': 'male', 'name': {'title': 'Mr', 'first': 'Mark', 'last': 'Kjøde'}, 'location': {'street': {'number': 1171, 'name': 'Askekroken'}, 'city': 'Eidsvoll', 'state': 'Rogaland', 'coun...</msg>
<var>${json_data}</var>
<arg>${response.json()}</arg>
<doc>Returns the given values which can then be assigned to a variables.</doc>
<status status="PASS" start="2024-04-18T05:14:57.118046" elapsed="0.000622"/>
</kw>
<kw name="Log" owner="BuiltIn">
<msg time="2024-04-18T05:14:57.119131" level="INFO">{'results': [{'gender': 'male', 'name': {'title': 'Mr', 'first': 'Mark', 'last': 'Kjøde'}, 'location': {'street': {'number': 1171, 'name': 'Askekroken'}, 'city': 'Eidsvoll', 'state': 'Rogaland', 'country': 'Norway', 'postcode': '0682', 'coordinates': {'latitude': '44.9899', 'longitude': '-113.9243'}, 'timezone': {'offset': '+1:00', 'description': 'Brussels, Copenhagen, Madrid, Paris'}}, 'email': 'mark.kjode@example.com', 'login': {'uuid': '967102a1-642c-4836-bb73-92f2d35e72ae', 'username': 'heavyduck658', 'password': 'respect', 'salt': 'yrkVFny7', 'md5': 'f96fc7b9a8e5fa7b226afa6d13c2c34e', 'sha1': 'af214e0fe9db049cb23d85f16d8cd7b3518018b2', 'sha256': 'a508a5d43ae85df8da54babe26af828fa1b6a74079770c10d5a02fed016b60cb'}, 'dob': {'date': '1954-03-24T22:05:25.172Z', 'age': 70}, 'registered': {'date': '2021-04-04T01:09:30.243Z', 'age': 3}, 'phone': '82384169', 'cell': '93601213', 'id': {'name': 'FN', 'value': '24035422524'}, 'picture': {'large': 'https://randomuser.me/api/portraits/men/15.jpg', 'medium': 'https://randomuser.me/api/portraits/med/men/15.jpg', 'thumbnail': 'https://randomuser.me/api/portraits/thumb/men/15.jpg'}, 'nat': 'NO'}], 'info': {'seed': 'ec95b19dc9e863a9', 'results': 1, 'page': 1, 'version': '1.4'}}</msg>
<arg>${json_data}</arg>
<doc>Logs the given message with the given level.</doc>
<status status="PASS" start="2024-04-18T05:14:57.118976" elapsed="0.000231"/>
</kw>
<kw name="Should Be Equal As Numbers" owner="BuiltIn">
<arg>${json_data['results'][0]['location']['postcode']}</arg>
<arg>${json_data['results'][0]['location']['postcode']}</arg>
<doc>Fails if objects are unequal after converting them to real numbers.</doc>
<status status="PASS" start="2024-04-18T05:14:57.119636" elapsed="0.000614"/>
</kw>
<kw name="Log" owner="BuiltIn">
<msg time="2024-04-18T05:14:57.120773" level="INFO">0682</msg>
<arg>${json_data['results'][0]['location']['postcode']}</arg>
<doc>Logs the given message with the given level.</doc>
<status status="PASS" start="2024-04-18T05:14:57.120441" elapsed="0.000371"/>
</kw>
<status status="PASS" start="2024-04-18T05:14:57.006018" elapsed="0.115038"/>
</kw>
<doc>Testa se os tipos de dados na resposta da API estão corretos.</doc>
<tag>testeTiposDados</tag>
<status status="PASS" start="2024-04-18T05:14:56.895992" elapsed="0.225221"/>
</test>
<test id="s1-s1-t5" name="Validar conteudo" line="35">
<kw name="Teste de Tipos de Conteudo" owner="random-user-service">
<kw name="GET On Session" owner="RequestsLibrary">
<msg time="2024-04-18T05:14:57.226549" level="INFO">GET Request : url=https://randomuser.me/api 
 path_url=/api 
 headers={'User-Agent': 'python-requests/2.31.0', 'Accept-Encoding': 'gzip, deflate', 'Accept': '*/*', 'Connection': 'keep-alive'} 
 body=None 
 </msg>
<msg time="2024-04-18T05:14:57.226614" level="INFO">GET Response : url=https://randomuser.me/api 
 status=200, reason=OK 
 headers={'Date': 'Thu, 18 Apr 2024 05:14:57 GMT', 'Content-Type': 'application/json; charset=utf-8', 'Transfer-Encoding': 'chunked', 'Connection': 'keep-alive', 'X-Powered-By': 'Express', 'Access-Control-Allow-Origin': '*', 'Cache-Control': 'no-cache', 'ETag': 'W/"48a-/T3B1kRVDPyT8t6ob/zZaqp6oBM"', 'Vary': 'Accept-Encoding', 'Content-Encoding': 'gzip', 'CF-Cache-Status': 'DYNAMIC', 'Report-To': '{"endpoints":[{"url":"https:\\/\\/a.nel.cloudflare.com\\/report\\/v4?s=kwnoyGkPopqWukwbQbX0LUMKPWLj8ws4LvwKThnzGyk58SyhMrFbTTkfVM78LlNTrCsdDJtvWoEjyDTAHUJL7fzI2AYFXUtKIwcXVbZYVZhuueXnxzxijTmLJuLd6QXe"}],"group":"cf-nel","max_age":604800}', 'NEL': '{"success_fraction":0,"report_to":"cf-nel","max_age":604800}', 'Server': 'cloudflare', 'CF-RAY': '87622c9b0d388409-LAX', 'alt-svc': 'h3=":443"; ma=86400'} 
 body={"results":[{"gender":"male","name":{"title":"Mr","first":"Gabe","last":"Holt"},"location":{"street":{"number":8220,"name":"Dogwood Ave"},"city":"Waterbury","state":"Rhode Island","country":"United States","postcode":10208,"coordinates":{"latitude":"83.0554","longitude":"-179.9504"},"timezone":{"offset":"+2:00","description":"Kaliningrad, South Africa"}},"email":"gabe.holt@example.com","login":{"uuid":"568d2fc0-9cc4-44b2-800e-ed5ae65e3b2d","username":"beautifultiger926","password":"5252","salt":"JUVsrSlH","md5":"6d0d51e457b0fe3bae2d5c2b2b7680b8","sha1":"2fd6b5ff379668a043e1ff534c3e5f2ed8df99fe","sha256":"48f9595fdd3d1f89828885452a0a705d147443a31da68f34021ec531d3554f38"},"dob":{"date":"1992-06-14T14:10:12.795Z","age":31},"registered":{"date":"2009-03-08T00:54:11.394Z","age":15},"phone":"(933) 916-1831","cell":"(365) 895-0028","id":{"name":"SSN","value":"353-16-8525"},"picture":{"large":"https://randomuser.me/api/portraits/men/63.jpg","medium":"https://randomuser.me/api/portraits/med/men/63.jpg","thumbnail":"https://randomuser.me/api/portraits/thumb/men/63.jpg"},"nat":"US"}],"info":{"seed":"9a5e597fae969414","results":1,"page":1,"version":"1.4"}} 
 </msg>
<msg time="2024-04-18T05:14:57.226669" level="INFO">/opt/hostedtoolcache/Python/3.12.3/x64/lib/python3.12/site-packages/urllib3/connectionpool.py:1103: InsecureRequestWarning: Unverified HTTPS request is being made to host 'randomuser.me'. Adding certificate verification is strongly advised. See: https://urllib3.readthedocs.io/en/latest/advanced-usage.html#tls-warnings
  warnings.warn(</msg>
<msg time="2024-04-18T05:14:57.226766" level="INFO">${response} = &lt;Response [200]&gt;</msg>
<var>${response}</var>
<arg>consultarAPI</arg>
<arg>/api</arg>
<doc>Sends a GET request on a previously created HTTP Session.</doc>
<status status="PASS" start="2024-04-18T05:14:57.123663" elapsed="0.103141"/>
</kw>
<kw name="Set Variable" owner="BuiltIn">
<msg time="2024-04-18T05:14:57.227776" level="INFO">${json_data} = {'results': [{'gender': 'male', 'name': {'title': 'Mr', 'first': 'Gabe', 'last': 'Holt'}, 'location': {'street': {'number': 8220, 'name': 'Dogwood Ave'}, 'city': 'Waterbury', 'state': 'Rhode Island', ...</msg>
<var>${json_data}</var>
<arg>${response.json()}</arg>
<doc>Returns the given values which can then be assigned to a variables.</doc>
<status status="PASS" start="2024-04-18T05:14:57.227247" elapsed="0.000558"/>
</kw>
<kw name="Set Variable" owner="BuiltIn">
<msg time="2024-04-18T05:14:57.228493" level="INFO">${name_title} = Mr</msg>
<var>${name_title}</var>
<arg>${json_data["results"][0]["name"]["title"]}</arg>
<doc>Returns the given values which can then be assigned to a variables.</doc>
<status status="PASS" start="2024-04-18T05:14:57.228110" elapsed="0.000408"/>
</kw>
<kw name="Create List" owner="BuiltIn">
<msg time="2024-04-18T05:14:57.228962" level="INFO">${allowed_titles} = ['Mr', 'Ms', 'Miss', 'Mrs', 'Madame', 'Monsieur']</msg>
<var>${allowed_titles}</var>
<arg>Mr</arg>
<arg>Ms</arg>
<arg>Miss</arg>
<arg>Mrs</arg>
<arg>Madame</arg>
<arg>Monsieur</arg>
<doc>Returns a list containing given items.</doc>
<status status="PASS" start="2024-04-18T05:14:57.228815" elapsed="0.000171"/>
</kw>
<kw name="List Should Contain Value" owner="Collections">
<msg time="2024-04-18T05:14:57.229455" level="INFO">False</msg>
<arg>${allowed_titles}</arg>
<arg>${name_title}</arg>
<doc>Fails if the ``value`` is not found from ``list``.</doc>
<status status="PASS" start="2024-04-18T05:14:57.229284" elapsed="0.000208"/>
</kw>
<kw name="Set Variable" owner="BuiltIn">
<msg time="2024-04-18T05:14:57.230162" level="INFO">${name_country} = US</msg>
<var>${name_country}</var>
<arg>${json_data["results"][0]["nat"]}</arg>
<doc>Returns the given values which can then be assigned to a variables.</doc>
<status status="PASS" start="2024-04-18T05:14:57.229783" elapsed="0.000404"/>
</kw>
<kw name="Create List" owner="BuiltIn">
<msg time="2024-04-18T05:14:57.231118" level="INFO">${list_country} = ['AD', 'AE', 'AF', 'AG', 'AI', 'AL', 'AM', 'AO', 'AQ', 'AR', 'AS', 'AT', 'AU', 'AW', 'AX', 'AZ', 'BA', 'BB', 'BD', 'BE', 'BF', 'BG', 'BH', 'BI', 'BJ', 'BL', 'BM', 'BN', 'BO', 'BQ', 'BR', 'BS', 'BT', '...</msg>
<var>${list_country}</var>
<arg>AD</arg>
<arg>AE</arg>
<arg>AF</arg>
<arg>AG</arg>
<arg>AI</arg>
<arg>AL</arg>
<arg>AM</arg>
<arg>AO</arg>
<arg>AQ</arg>
<arg>AR</arg>
<arg>AS</arg>
<arg>AT</arg>
<arg>AU</arg>
<arg>AW</arg>
<arg>AX</arg>
<arg>AZ</arg>
<arg>BA</arg>
<arg>BB</arg>
<arg>BD</arg>
<arg>BE</arg>
<arg>BF</arg>
<arg>BG</arg>
<arg>BH</arg>
<arg>BI</arg>
<arg>BJ</arg>
<arg>BL</arg>
<arg>BM</arg>
<arg>BN</arg>
<arg>BO</arg>
<arg>BQ</arg>
<arg>BR</arg>
<arg>BS</arg>
<arg>BT</arg>
<arg>BV</arg>
<arg>BW</arg>
<arg>BY</arg>
<arg>BZ</arg>
<arg>CA</arg>
<arg>CC</arg>
<arg>CD</arg>
<arg>CF</arg>
<arg>CG</arg>
<arg>CH</arg>
<arg>CI</arg>
<arg>CK</arg>
<arg>CL</arg>
<arg>CM</arg>
<arg>CN</arg>
<arg>CO</arg>
<arg>CR</arg>
<arg>CU</arg>
<arg>CV</arg>
<arg>CW</arg>
<arg>CX</arg>
<arg>CY</arg>
<arg>CZ</arg>
<arg>DE</arg>
<arg>DJ</arg>
<arg>DK</arg>
<arg>DM</arg>
<arg>DO</arg>
<arg>DZ</arg>
<arg>EC</arg>
<arg>EE</arg>
<arg>EG</arg>
<arg>EH</arg>
<arg>ER</arg>
<arg>ES</arg>
<arg>ET</arg>
<arg>FI</arg>
<arg>FJ</arg>
<arg>FK</arg>
<arg>FM</arg>
<arg>FO</arg>
<arg>FR</arg>
<arg>GA</arg>
<arg>GB</arg>
<arg>GD</arg>
<arg>GE</arg>
<arg>GF</arg>
<arg>GG</arg>
<arg>GH</arg>
<arg>GI</arg>
<arg>GL</arg>
<arg>GM</arg>
<arg>GN</arg>
<arg>GP</arg>
<arg>GQ</arg>
<arg>GR</arg>
<arg>GS</arg>
<arg>GT</arg>
<arg>GU</arg>
<arg>GW</arg>
<arg>GY</arg>
<arg>HK</arg>
<arg>HM</arg>
<arg>HN</arg>
<arg>HR</arg>
<arg>HT</arg>
<arg>HU</arg>
<arg>ID</arg>
<arg>IE</arg>
<arg>IL</arg>
<arg>IM</arg>
<arg>IN</arg>
<arg>IO</arg>
<arg>IQ</arg>
<arg>IR</arg>
<arg>IS</arg>
<arg>IT</arg>
<arg>JE</arg>
<arg>JM</arg>
<arg>JO</arg>
<arg>JP</arg>
<arg>KE</arg>
<arg>KG</arg>
<arg>KH</arg>
<arg>KI</arg>
<arg>KM</arg>
<arg>KN</arg>
<arg>KP</arg>
<arg>KR</arg>
<arg>KW</arg>
<arg>KY</arg>
<arg>KZ</arg>
<arg>LA</arg>
<arg>LB</arg>
<arg>LC</arg>
<arg>LI</arg>
<arg>LK</arg>
<arg>LR</arg>
<arg>LS</arg>
<arg>LT</arg>
<arg>LU</arg>
<arg>LV</arg>
<arg>LY</arg>
<arg>MA</arg>
<arg>MC</arg>
<arg>MD</arg>
<arg>ME</arg>
<arg>MF</arg>
<arg>MG</arg>
<arg>MH</arg>
<arg>MK</arg>
<arg>ML</arg>
<arg>MM</arg>
<arg>MN</arg>
<arg>MO</arg>
<arg>MP</arg>
<arg>MQ</arg>
<arg>MR</arg>
<arg>MS</arg>
<arg>MT</arg>
<arg>MU</arg>
<arg>MV</arg>
<arg>MW</arg>
<arg>MX</arg>
<arg>MY</arg>
<arg>MZ</arg>
<arg>NA</arg>
<arg>NC</arg>
<arg>NE</arg>
<arg>NF</arg>
<arg>NG</arg>
<arg>NI</arg>
<arg>NL</arg>
<arg>NO</arg>
<arg>NP</arg>
<arg>NR</arg>
<arg>NU</arg>
<arg>NZ</arg>
<arg>OM</arg>
<arg>PA</arg>
<arg>PE</arg>
<arg>PF</arg>
<arg>PG</arg>
<arg>PH</arg>
<arg>PK</arg>
<arg>PL</arg>
<arg>PM</arg>
<arg>PN</arg>
<arg>PR</arg>
<arg>PS</arg>
<arg>PT</arg>
<arg>PW</arg>
<arg>PY</arg>
<arg>QA</arg>
<arg>RE</arg>
<arg>RO</arg>
<arg>RS</arg>
<arg>RU</arg>
<arg>RW</arg>
<arg>SA</arg>
<arg>SB</arg>
<arg>SC</arg>
<arg>SD</arg>
<arg>SE</arg>
<arg>SG</arg>
<arg>SH</arg>
<arg>SI</arg>
<arg>SJ</arg>
<arg>SK</arg>
<arg>SL</arg>
<arg>SM</arg>
<arg>SN</arg>
<arg>SO</arg>
<arg>SR</arg>
<arg>SS</arg>
<arg>ST</arg>
<arg>SV</arg>
<arg>SX</arg>
<arg>SY</arg>
<arg>SZ</arg>
<arg>TC</arg>
<arg>TD</arg>
<arg>TF</arg>
<arg>TG</arg>
<arg>TH</arg>
<arg>TJ</arg>
<arg>TK</arg>
<arg>TL</arg>
<arg>TM</arg>
<arg>TN</arg>
<arg>TO</arg>
<arg>TR</arg>
<arg>TT</arg>
<arg>TV</arg>
<arg>TW</arg>
<arg>TZ</arg>
<arg>UA</arg>
<arg>UG</arg>
<arg>UM</arg>
<arg>US</arg>
<arg>UY</arg>
<arg>UZ</arg>
<arg>VA</arg>
<arg>VC</arg>
<arg>VE</arg>
<arg>VG</arg>
<arg>VI</arg>
<arg>VN</arg>
<arg>VU</arg>
<arg>WF</arg>
<arg>WS</arg>
<arg>XK</arg>
<arg>YE</arg>
<arg>YT</arg>
<arg>ZA</arg>
<arg>ZM</arg>
<arg>ZW</arg>
<doc>Returns a list containing given items.</doc>
<status status="PASS" start="2024-04-18T05:14:57.230489" elapsed="0.000655"/>
</kw>
<kw name="List Should Contain Value" owner="Collections">
<msg time="2024-04-18T05:14:57.232143" level="INFO">False</msg>
<arg>${list_country}</arg>
<arg>${name_country}</arg>
<doc>Fails if the ``value`` is not found from ``list``.</doc>
<status status="PASS" start="2024-04-18T05:14:57.231944" elapsed="0.000236"/>
</kw>
<kw name="Run Keyword If" owner="BuiltIn">
<kw name="Should Be True" owner="BuiltIn">
<arg>${True}</arg>
<doc>Fails if the given condition is not true.</doc>
<status status="PASS" start="2024-04-18T05:14:57.233236" elapsed="0.000240"/>
</kw>
<arg>${json_data["results"][0]["location"]["coordinates"]["latitude"]} &gt;= -90 and ${json_data["results"][0]["location"]["coordinates"]["latitude"]} &lt;= 90</arg>
<arg>Should Be True</arg>
<arg>${True}</arg>
<doc>Runs the given keyword with the given arguments, if ``condition`` is true.</doc>
<status status="PASS" start="2024-04-18T05:14:57.232488" elapsed="0.001120"/>
</kw>
<kw name="Run Keyword If" owner="BuiltIn">
<kw name="Should Be True" owner="BuiltIn">
<arg>${True}</arg>
<doc>Fails if the given condition is not true.</doc>
<status status="PASS" start="2024-04-18T05:14:57.234529" elapsed="0.000152"/>
</kw>
<arg>${json_data["results"][0]["location"]["coordinates"]["longitude"]} &gt;= -180 and ${json_data["results"][0]["location"]["coordinates"]["longitude"]} &lt;= 180</arg>
<arg>Should Be True</arg>
<arg>${True}</arg>
<doc>Runs the given keyword with the given arguments, if ``condition`` is true.</doc>
<status status="PASS" start="2024-04-18T05:14:57.233795" elapsed="0.001012"/>
</kw>
<status status="PASS" start="2024-04-18T05:14:57.123443" elapsed="0.111494"/>
</kw>
<doc>Testa o conteúdo específico dos campos retornados pela API.</doc>
<tag>testeConteudo</tag>
<status status="PASS" start="2024-04-18T05:14:57.123015" elapsed="0.112064"/>
</test>
<status status="PASS" start="2024-04-18T05:14:56.313650" elapsed="0.923343"/>
</suite>
<status status="PASS" start="2024-04-18T05:14:56.299811" elapsed="0.942381"/>
</suite>
<statistics>
<total>
<stat pass="5" fail="0" skip="0">All Tests</stat>
</total>
<tag>
<stat pass="1" fail="0" skip="0">testeConteudo</stat>
<stat pass="1" fail="0" skip="0">testeEstruturaResposta</stat>
<stat pass="1" fail="0" skip="0">testeRequisicaoBasica</stat>
<stat pass="1" fail="0" skip="0">testeTiposDados</stat>
</tag>
<suite>
<stat pass="5" fail="0" skip="0" id="s1" name="Tests">Tests</stat>
<stat pass="5" fail="0" skip="0" id="s1-s1" name="Random-User-Test">Tests.Random-User-Test</stat>
</suite>
</statistics>
<errors>
</errors>
</robot>
