<?xml version="1.0" encoding="UTF-8"?>
<robot generator="Robot 7.0.1 (Python 3.12.4 on linux)" generated="2024-07-07T21:15:09.134761" rpa="false" schemaversion="5">
<suite id="s1" name="Tests" source="/home/runner/work/ApiRandomUser/ApiRandomUser/RamdonUser/tests">
<suite id="s1-s1" name="Random-User-Test" source="/home/runner/work/ApiRandomUser/ApiRandomUser/RamdonUser/tests/random-user-test.robot">
<test id="s1-s1-t1" name="Conectar" line="13">
<kw name="Conectar API" owner="random-user-service">
<kw name="Create Session" owner="RequestsLibrary">
<msg time="2024-07-07T21:15:09.527826" level="INFO">Creating Session using : alias=consultarAPI, url=https://randomuser.me/, headers={},                     cookies={}, auth=None, timeout=None, proxies=None, verify=False,                     debug=0 </msg>
<arg>consultarAPI</arg>
<arg>${URL}</arg>
<doc>Create Session: create a HTTP session to a server</doc>
<status status="PASS" start="2024-07-07T21:15:09.527620" elapsed="0.000391"/>
</kw>
<status status="PASS" start="2024-07-07T21:15:09.526657" elapsed="0.001724"/>
</kw>
<status status="PASS" start="2024-07-07T21:15:09.526108" elapsed="0.002468"/>
</test>
<test id="s1-s1-t2" name="Validar retorno 200 e JSON Válido" line="16">
<kw name="Teste de Requisicao Basica" owner="random-user-service">
<kw name="GET On Session" owner="RequestsLibrary">
<msg time="2024-07-07T21:15:09.695368" level="INFO">GET Request : url=https://randomuser.me/api 
 path_url=/api 
 headers={'User-Agent': 'python-requests/2.32.3', 'Accept-Encoding': 'gzip, deflate', 'Accept': '*/*', 'Connection': 'keep-alive'} 
 body=None 
 </msg>
<msg time="2024-07-07T21:15:09.695517" level="INFO">GET Response : url=https://randomuser.me/api 
 status=200, reason=OK 
 headers={'Date': 'Sun, 07 Jul 2024 21:15:09 GMT', 'Content-Type': 'application/json; charset=utf-8', 'Transfer-Encoding': 'chunked', 'Connection': 'keep-alive', 'X-Powered-By': 'Express', 'Access-Control-Allow-Origin': '*', 'Cache-Control': 'no-cache', 'ETag': 'W/"472-apInTTR1ohlP2Ul1xOjMdTyIvjc"', 'Vary': 'Accept-Encoding', 'Content-Encoding': 'gzip', 'CF-Cache-Status': 'DYNAMIC', 'Report-To': '{"endpoints":[{"url":"https:\\/\\/a.nel.cloudflare.com\\/report\\/v4?s=ttx34yBTEKkW5WXgEVzu%2Bjc9LSrQWrZGgMm6%2BjbB%2F7RxhmRHG2WhdMoIktAyFK5u%2Bx21WYG5PHIjU3q35J6R4Lrda52bydECYEjpvgCDtSQJSm%2BEq7kwfltf%2BZnQqsz8"}],"group":"cf-nel","max_age":604800}', 'NEL': '{"success_fraction":0,"report_to":"cf-nel","max_age":604800}', 'Server': 'cloudflare', 'CF-RAY': '89fad9297a11594a-IAD', 'alt-svc': 'h3=":443"; ma=86400'} 
 body={"results":[{"gender":"male","name":{"title":"Mr","first":"Matt","last":"Chambers"},"location":{"street":{"number":5500,"name":"The Avenue"},"city":"Kells","state":"Roscommon","country":"Ireland","postcode":16031,"coordinates":{"latitude":"2.0787","longitude":"-76.5336"},"timezone":{"offset":"-12:00","description":"Eniwetok, Kwajalein"}},"email":"matt.chambers@example.com","login":{"uuid":"a208d7b1-25a7-47aa-90aa-792dd7e62f31","username":"redmouse507","password":"124578","salt":"iuQDCOPf","md5":"cc55db250f566c87d667560ae7390918","sha1":"df08f3b756cda067e2a56e90f62da13b30ccd0f6","sha256":"c9021d0f4923d41acc3838df92e17bae3325e190b2e66d24c89d11d9369e575f"},"dob":{"date":"1976-12-30T07:20:34.267Z","age":47},"registered":{"date":"2004-10-18T18:40:55.608Z","age":19},"phone":"061-493-1920","cell":"081-597-5995","id":{"name":"PPS","value":"9691622T"},"picture":{"large":"https://randomuser.me/api/portraits/men/81.jpg","medium":"https://randomuser.me/api/portraits/med/men/81.jpg","thumbnail":"https://randomuser.me/api/portraits/thumb/men/81.jpg"},"nat":"IE"}],"info":{"seed":"ae49d9b4c85fff4f","results":1,"page":1,"version":"1.4"}} 
 </msg>
<msg time="2024-07-07T21:15:09.695602" level="INFO">/opt/hostedtoolcache/Python/3.12.4/x64/lib/python3.12/site-packages/urllib3/connectionpool.py:1099: InsecureRequestWarning: Unverified HTTPS request is being made to host 'randomuser.me'. Adding certificate verification is strongly advised. See: https://urllib3.readthedocs.io/en/latest/advanced-usage.html#tls-warnings
  warnings.warn(</msg>
<msg time="2024-07-07T21:15:09.695761" level="INFO">${response} = &lt;Response [200]&gt;</msg>
<var>${response}</var>
<arg>consultarAPI</arg>
<arg>/api</arg>
<doc>Sends a GET request on a previously created HTTP Session.</doc>
<status status="PASS" start="2024-07-07T21:15:09.531289" elapsed="0.164517"/>
</kw>
<kw name="Should Be Equal As Numbers" owner="BuiltIn">
<msg time="2024-07-07T21:15:09.696727" level="INFO">Argument types are:
&lt;class 'int'&gt;
&lt;class 'str'&gt;</msg>
<arg>${response.status_code}</arg>
<arg>200</arg>
<doc>Fails if objects are unequal after converting them to real numbers.</doc>
<status status="PASS" start="2024-07-07T21:15:09.696281" elapsed="0.000512"/>
</kw>
<kw name="Log" owner="BuiltIn">
<msg time="2024-07-07T21:15:09.697495" level="INFO">200</msg>
<arg>${response.status_code}</arg>
<doc>Logs the given message with the given level.</doc>
<status status="PASS" start="2024-07-07T21:15:09.697130" elapsed="0.000409"/>
</kw>
<kw name="Set Variable" owner="BuiltIn">
<msg time="2024-07-07T21:15:09.698329" level="INFO">${json_data} = {'results': [{'gender': 'male', 'name': {'title': 'Mr', 'first': 'Matt', 'last': 'Chambers'}, 'location': {'street': {'number': 5500, 'name': 'The Avenue'}, 'city': 'Kells', 'state': 'Roscommon', 'cou...</msg>
<var>${json_data}</var>
<arg>${response.json()}</arg>
<doc>Returns the given values which can then be assigned to a variables.</doc>
<status status="PASS" start="2024-07-07T21:15:09.697856" elapsed="0.000504"/>
</kw>
<kw name="Dictionary Should Contain Key" owner="Collections">
<arg>${json_data}</arg>
<arg>results</arg>
<doc>Fails if ``key`` is not found from ``dictionary``.</doc>
<status status="PASS" start="2024-07-07T21:15:09.698665" elapsed="0.000168"/>
</kw>
<status status="PASS" start="2024-07-07T21:15:09.531039" elapsed="0.167945"/>
</kw>
<doc>Testa se a API responde corretamente e retorna um objeto JSON válido.</doc>
<tag>testeRequisicaoBasica</tag>
<status status="PASS" start="2024-07-07T21:15:09.530495" elapsed="0.168669"/>
</test>
<test id="s1-s1-t3" name="Validar estrutura de resposta" line="22">
<kw name="Teste de Estrutura de Resposta" owner="random-user-service">
<kw name="GET On Session" owner="RequestsLibrary">
<msg time="2024-07-07T21:15:09.794833" level="INFO">GET Request : url=https://randomuser.me/api 
 path_url=/api 
 headers={'User-Agent': 'python-requests/2.32.3', 'Accept-Encoding': 'gzip, deflate', 'Accept': '*/*', 'Connection': 'keep-alive'} 
 body=None 
 </msg>
<msg time="2024-07-07T21:15:09.794901" level="INFO">GET Response : url=https://randomuser.me/api 
 status=200, reason=OK 
 headers={'Date': 'Sun, 07 Jul 2024 21:15:09 GMT', 'Content-Type': 'application/json; charset=utf-8', 'Transfer-Encoding': 'chunked', 'Connection': 'keep-alive', 'X-Powered-By': 'Express', 'Access-Control-Allow-Origin': '*', 'Cache-Control': 'no-cache', 'ETag': 'W/"469-V/kqPV5azJJNW31xqMRW0hFJrEI"', 'Vary': 'Accept-Encoding', 'Content-Encoding': 'gzip', 'CF-Cache-Status': 'DYNAMIC', 'Report-To': '{"endpoints":[{"url":"https:\\/\\/a.nel.cloudflare.com\\/report\\/v4?s=B3rFreB0Ygc2mZLcbkS4zvTvqnvPxkZlkywExaH4sKf3N1pMDl2mKU3VVoGVlKF%2Ft4jFFCCbhR968kcIAxXdSfpwraT%2F1jvSly3ioEqSeIOYrMwHffh9TgYI3Qo8N8aF"}],"group":"cf-nel","max_age":604800}', 'NEL': '{"success_fraction":0,"report_to":"cf-nel","max_age":604800}', 'Server': 'cloudflare', 'CF-RAY': '89fad929aa49594a-IAD', 'alt-svc': 'h3=":443"; ma=86400'} 
 body={"results":[{"gender":"male","name":{"title":"Mr","first":"Yatin","last":"Kumar"},"location":{"street":{"number":4876,"name":"Sampige Rd"},"city":"Fatehpur","state":"Jharkhand","country":"India","postcode":20456,"coordinates":{"latitude":"11.1239","longitude":"-82.9657"},"timezone":{"offset":"+4:30","description":"Kabul"}},"email":"yatin.kumar@example.com","login":{"uuid":"f7a7c471-d1dd-4ab2-b321-39e9b2106e62","username":"blackbutterfly310","password":"casper1","salt":"2fYYQRkB","md5":"4fe72b0431dca85f2fa91bede44487b5","sha1":"f5dd8e08f3c331ed4a5262f63f98629004a6dbc7","sha256":"d631790c030b97c4f12a2744adaee6c2729adb2dac4d63139e7ea916147feaa6"},"dob":{"date":"1976-12-07T18:32:15.772Z","age":47},"registered":{"date":"2020-11-30T13:03:25.366Z","age":3},"phone":"9100384139","cell":"9548175284","id":{"name":"UIDAI","value":"896507405880"},"picture":{"large":"https://randomuser.me/api/portraits/men/60.jpg","medium":"https://randomuser.me/api/portraits/med/men/60.jpg","thumbnail":"https://randomuser.me/api/portraits/thumb/men/60.jpg"},"nat":"IN"}],"info":{"seed":"7966bef771a55f2a","results":1,"page":1,"version":"1.4"}} 
 </msg>
<msg time="2024-07-07T21:15:09.795004" level="INFO">/opt/hostedtoolcache/Python/3.12.4/x64/lib/python3.12/site-packages/urllib3/connectionpool.py:1099: InsecureRequestWarning: Unverified HTTPS request is being made to host 'randomuser.me'. Adding certificate verification is strongly advised. See: https://urllib3.readthedocs.io/en/latest/advanced-usage.html#tls-warnings
  warnings.warn(</msg>
<msg time="2024-07-07T21:15:09.795120" level="INFO">${response} = &lt;Response [200]&gt;</msg>
<var>${response}</var>
<arg>consultarAPI</arg>
<arg>/api</arg>
<doc>Sends a GET request on a previously created HTTP Session.</doc>
<status status="PASS" start="2024-07-07T21:15:09.701883" elapsed="0.093280"/>
</kw>
<kw name="Set Variable" owner="BuiltIn">
<msg time="2024-07-07T21:15:09.795966" level="INFO">${json_data} = {'results': [{'gender': 'male', 'name': {'title': 'Mr', 'first': 'Yatin', 'last': 'Kumar'}, 'location': {'street': {'number': 4876, 'name': 'Sampige Rd'}, 'city': 'Fatehpur', 'state': 'Jharkhand', 'co...</msg>
<var>${json_data}</var>
<arg>${response.json()}</arg>
<doc>Returns the given values which can then be assigned to a variables.</doc>
<status status="PASS" start="2024-07-07T21:15:09.795521" elapsed="0.000482"/>
</kw>
<kw name="Log" owner="BuiltIn">
<msg time="2024-07-07T21:15:09.796464" level="INFO">{'results': [{'gender': 'male', 'name': {'title': 'Mr', 'first': 'Yatin', 'last': 'Kumar'}, 'location': {'street': {'number': 4876, 'name': 'Sampige Rd'}, 'city': 'Fatehpur', 'state': 'Jharkhand', 'country': 'India', 'postcode': 20456, 'coordinates': {'latitude': '11.1239', 'longitude': '-82.9657'}, 'timezone': {'offset': '+4:30', 'description': 'Kabul'}}, 'email': 'yatin.kumar@example.com', 'login': {'uuid': 'f7a7c471-d1dd-4ab2-b321-39e9b2106e62', 'username': 'blackbutterfly310', 'password': 'casper1', 'salt': '2fYYQRkB', 'md5': '4fe72b0431dca85f2fa91bede44487b5', 'sha1': 'f5dd8e08f3c331ed4a5262f63f98629004a6dbc7', 'sha256': 'd631790c030b97c4f12a2744adaee6c2729adb2dac4d63139e7ea916147feaa6'}, 'dob': {'date': '1976-12-07T18:32:15.772Z', 'age': 47}, 'registered': {'date': '2020-11-30T13:03:25.366Z', 'age': 3}, 'phone': '9100384139', 'cell': '9548175284', 'id': {'name': 'UIDAI', 'value': '896507405880'}, 'picture': {'large': 'https://randomuser.me/api/portraits/men/60.jpg', 'medium': 'https://randomuser.me/api/portraits/med/men/60.jpg', 'thumbnail': 'https://randomuser.me/api/portraits/thumb/men/60.jpg'}, 'nat': 'IN'}], 'info': {'seed': '7966bef771a55f2a', 'results': 1, 'page': 1, 'version': '1.4'}}</msg>
<arg>${json_data}</arg>
<doc>Logs the given message with the given level.</doc>
<status status="PASS" start="2024-07-07T21:15:09.796310" elapsed="0.000202"/>
</kw>
<kw name="Dictionary Should Contain Key" owner="Collections">
<arg>${json_data}</arg>
<arg>results</arg>
<doc>Fails if ``key`` is not found from ``dictionary``.</doc>
<status status="PASS" start="2024-07-07T21:15:09.796811" elapsed="0.000157"/>
</kw>
<kw name="Should Not Be Empty" owner="BuiltIn">
<msg time="2024-07-07T21:15:09.797285" level="INFO">Length is 2.</msg>
<arg>${json_data}</arg>
<doc>Verifies that the given item is not empty.</doc>
<status status="PASS" start="2024-07-07T21:15:09.797153" elapsed="0.000171"/>
</kw>
<kw name="Create List" owner="BuiltIn">
<msg time="2024-07-07T21:15:09.797903" level="INFO">${expected_keys} = ['gender', 'name', 'location', 'email', 'login']</msg>
<var>${expected_keys}</var>
<arg>gender</arg>
<arg>name</arg>
<arg>location</arg>
<arg>email</arg>
<arg>login</arg>
<doc>Returns a list containing given items.</doc>
<status status="PASS" start="2024-07-07T21:15:09.797618" elapsed="0.000310"/>
</kw>
<for flavor="IN">
<iter>
<kw name="Dictionary Should Contain Key" owner="Collections">
<arg>${json_data['results'][0]}</arg>
<arg>${key}</arg>
<doc>Fails if ``key`` is not found from ``dictionary``.</doc>
<status status="PASS" start="2024-07-07T21:15:09.798551" elapsed="0.000406"/>
</kw>
<kw name="Log" owner="BuiltIn">
<msg time="2024-07-07T21:15:09.799503" level="INFO">{'gender': 'male', 'name': {'title': 'Mr', 'first': 'Yatin', 'last': 'Kumar'}, 'location': {'street': {'number': 4876, 'name': 'Sampige Rd'}, 'city': 'Fatehpur', 'state': 'Jharkhand', 'country': 'India', 'postcode': 20456, 'coordinates': {'latitude': '11.1239', 'longitude': '-82.9657'}, 'timezone': {'offset': '+4:30', 'description': 'Kabul'}}, 'email': 'yatin.kumar@example.com', 'login': {'uuid': 'f7a7c471-d1dd-4ab2-b321-39e9b2106e62', 'username': 'blackbutterfly310', 'password': 'casper1', 'salt': '2fYYQRkB', 'md5': '4fe72b0431dca85f2fa91bede44487b5', 'sha1': 'f5dd8e08f3c331ed4a5262f63f98629004a6dbc7', 'sha256': 'd631790c030b97c4f12a2744adaee6c2729adb2dac4d63139e7ea916147feaa6'}, 'dob': {'date': '1976-12-07T18:32:15.772Z', 'age': 47}, 'registered': {'date': '2020-11-30T13:03:25.366Z', 'age': 3}, 'phone': '9100384139', 'cell': '9548175284', 'id': {'name': 'UIDAI', 'value': '896507405880'}, 'picture': {'large': 'https://randomuser.me/api/portraits/men/60.jpg', 'medium': 'https://randomuser.me/api/portraits/med/men/60.jpg', 'thumbnail': 'https://randomuser.me/api/portraits/thumb/men/60.jpg'}, 'nat': 'IN'}</msg>
<arg>${json_data['results'][0]}</arg>
<doc>Logs the given message with the given level.</doc>
<status status="PASS" start="2024-07-07T21:15:09.799146" elapsed="0.000406"/>
</kw>
<kw name="Log" owner="BuiltIn">
<msg time="2024-07-07T21:15:09.799974" level="INFO">gender</msg>
<arg>${key}</arg>
<doc>Logs the given message with the given level.</doc>
<status status="PASS" start="2024-07-07T21:15:09.799847" elapsed="0.000166"/>
</kw>
<var name="${key}">gender</var>
<status status="PASS" start="2024-07-07T21:15:09.798428" elapsed="0.001802"/>
</iter>
<iter>
<kw name="Dictionary Should Contain Key" owner="Collections">
<arg>${json_data['results'][0]}</arg>
<arg>${key}</arg>
<doc>Fails if ``key`` is not found from ``dictionary``.</doc>
<status status="PASS" start="2024-07-07T21:15:09.800532" elapsed="0.000393"/>
</kw>
<kw name="Log" owner="BuiltIn">
<msg time="2024-07-07T21:15:09.801451" level="INFO">{'gender': 'male', 'name': {'title': 'Mr', 'first': 'Yatin', 'last': 'Kumar'}, 'location': {'street': {'number': 4876, 'name': 'Sampige Rd'}, 'city': 'Fatehpur', 'state': 'Jharkhand', 'country': 'India', 'postcode': 20456, 'coordinates': {'latitude': '11.1239', 'longitude': '-82.9657'}, 'timezone': {'offset': '+4:30', 'description': 'Kabul'}}, 'email': 'yatin.kumar@example.com', 'login': {'uuid': 'f7a7c471-d1dd-4ab2-b321-39e9b2106e62', 'username': 'blackbutterfly310', 'password': 'casper1', 'salt': '2fYYQRkB', 'md5': '4fe72b0431dca85f2fa91bede44487b5', 'sha1': 'f5dd8e08f3c331ed4a5262f63f98629004a6dbc7', 'sha256': 'd631790c030b97c4f12a2744adaee6c2729adb2dac4d63139e7ea916147feaa6'}, 'dob': {'date': '1976-12-07T18:32:15.772Z', 'age': 47}, 'registered': {'date': '2020-11-30T13:03:25.366Z', 'age': 3}, 'phone': '9100384139', 'cell': '9548175284', 'id': {'name': 'UIDAI', 'value': '896507405880'}, 'picture': {'large': 'https://randomuser.me/api/portraits/men/60.jpg', 'medium': 'https://randomuser.me/api/portraits/med/men/60.jpg', 'thumbnail': 'https://randomuser.me/api/portraits/thumb/men/60.jpg'}, 'nat': 'IN'}</msg>
<arg>${json_data['results'][0]}</arg>
<doc>Logs the given message with the given level.</doc>
<status status="PASS" start="2024-07-07T21:15:09.801109" elapsed="0.000421"/>
</kw>
<kw name="Log" owner="BuiltIn">
<msg time="2024-07-07T21:15:09.801957" level="INFO">name</msg>
<arg>${key}</arg>
<doc>Logs the given message with the given level.</doc>
<status status="PASS" start="2024-07-07T21:15:09.801829" elapsed="0.000193"/>
</kw>
<var name="${key}">name</var>
<status status="PASS" start="2024-07-07T21:15:09.800415" elapsed="0.001835"/>
</iter>
<iter>
<kw name="Dictionary Should Contain Key" owner="Collections">
<arg>${json_data['results'][0]}</arg>
<arg>${key}</arg>
<doc>Fails if ``key`` is not found from ``dictionary``.</doc>
<status status="PASS" start="2024-07-07T21:15:09.802552" elapsed="0.000383"/>
</kw>
<kw name="Log" owner="BuiltIn">
<msg time="2024-07-07T21:15:09.803464" level="INFO">{'gender': 'male', 'name': {'title': 'Mr', 'first': 'Yatin', 'last': 'Kumar'}, 'location': {'street': {'number': 4876, 'name': 'Sampige Rd'}, 'city': 'Fatehpur', 'state': 'Jharkhand', 'country': 'India', 'postcode': 20456, 'coordinates': {'latitude': '11.1239', 'longitude': '-82.9657'}, 'timezone': {'offset': '+4:30', 'description': 'Kabul'}}, 'email': 'yatin.kumar@example.com', 'login': {'uuid': 'f7a7c471-d1dd-4ab2-b321-39e9b2106e62', 'username': 'blackbutterfly310', 'password': 'casper1', 'salt': '2fYYQRkB', 'md5': '4fe72b0431dca85f2fa91bede44487b5', 'sha1': 'f5dd8e08f3c331ed4a5262f63f98629004a6dbc7', 'sha256': 'd631790c030b97c4f12a2744adaee6c2729adb2dac4d63139e7ea916147feaa6'}, 'dob': {'date': '1976-12-07T18:32:15.772Z', 'age': 47}, 'registered': {'date': '2020-11-30T13:03:25.366Z', 'age': 3}, 'phone': '9100384139', 'cell': '9548175284', 'id': {'name': 'UIDAI', 'value': '896507405880'}, 'picture': {'large': 'https://randomuser.me/api/portraits/men/60.jpg', 'medium': 'https://randomuser.me/api/portraits/med/men/60.jpg', 'thumbnail': 'https://randomuser.me/api/portraits/thumb/men/60.jpg'}, 'nat': 'IN'}</msg>
<arg>${json_data['results'][0]}</arg>
<doc>Logs the given message with the given level.</doc>
<status status="PASS" start="2024-07-07T21:15:09.803116" elapsed="0.000395"/>
</kw>
<kw name="Log" owner="BuiltIn">
<msg time="2024-07-07T21:15:09.803948" level="INFO">location</msg>
<arg>${key}</arg>
<doc>Logs the given message with the given level.</doc>
<status status="PASS" start="2024-07-07T21:15:09.803822" elapsed="0.000164"/>
</kw>
<var name="${key}">location</var>
<status status="PASS" start="2024-07-07T21:15:09.802436" elapsed="0.001766"/>
</iter>
<iter>
<kw name="Dictionary Should Contain Key" owner="Collections">
<arg>${json_data['results'][0]}</arg>
<arg>${key}</arg>
<doc>Fails if ``key`` is not found from ``dictionary``.</doc>
<status status="PASS" start="2024-07-07T21:15:09.804484" elapsed="0.000390"/>
</kw>
<kw name="Log" owner="BuiltIn">
<msg time="2024-07-07T21:15:09.805405" level="INFO">{'gender': 'male', 'name': {'title': 'Mr', 'first': 'Yatin', 'last': 'Kumar'}, 'location': {'street': {'number': 4876, 'name': 'Sampige Rd'}, 'city': 'Fatehpur', 'state': 'Jharkhand', 'country': 'India', 'postcode': 20456, 'coordinates': {'latitude': '11.1239', 'longitude': '-82.9657'}, 'timezone': {'offset': '+4:30', 'description': 'Kabul'}}, 'email': 'yatin.kumar@example.com', 'login': {'uuid': 'f7a7c471-d1dd-4ab2-b321-39e9b2106e62', 'username': 'blackbutterfly310', 'password': 'casper1', 'salt': '2fYYQRkB', 'md5': '4fe72b0431dca85f2fa91bede44487b5', 'sha1': 'f5dd8e08f3c331ed4a5262f63f98629004a6dbc7', 'sha256': 'd631790c030b97c4f12a2744adaee6c2729adb2dac4d63139e7ea916147feaa6'}, 'dob': {'date': '1976-12-07T18:32:15.772Z', 'age': 47}, 'registered': {'date': '2020-11-30T13:03:25.366Z', 'age': 3}, 'phone': '9100384139', 'cell': '9548175284', 'id': {'name': 'UIDAI', 'value': '896507405880'}, 'picture': {'large': 'https://randomuser.me/api/portraits/men/60.jpg', 'medium': 'https://randomuser.me/api/portraits/med/men/60.jpg', 'thumbnail': 'https://randomuser.me/api/portraits/thumb/men/60.jpg'}, 'nat': 'IN'}</msg>
<arg>${json_data['results'][0]}</arg>
<doc>Logs the given message with the given level.</doc>
<status status="PASS" start="2024-07-07T21:15:09.805059" elapsed="0.000393"/>
</kw>
<kw name="Log" owner="BuiltIn">
<msg time="2024-07-07T21:15:09.805879" level="INFO">email</msg>
<arg>${key}</arg>
<doc>Logs the given message with the given level.</doc>
<status status="PASS" start="2024-07-07T21:15:09.805753" elapsed="0.000164"/>
</kw>
<var name="${key}">email</var>
<status status="PASS" start="2024-07-07T21:15:09.804375" elapsed="0.001790"/>
</iter>
<iter>
<kw name="Dictionary Should Contain Key" owner="Collections">
<arg>${json_data['results'][0]}</arg>
<arg>${key}</arg>
<doc>Fails if ``key`` is not found from ``dictionary``.</doc>
<status status="PASS" start="2024-07-07T21:15:09.806452" elapsed="0.000385"/>
</kw>
<kw name="Log" owner="BuiltIn">
<msg time="2024-07-07T21:15:09.807374" level="INFO">{'gender': 'male', 'name': {'title': 'Mr', 'first': 'Yatin', 'last': 'Kumar'}, 'location': {'street': {'number': 4876, 'name': 'Sampige Rd'}, 'city': 'Fatehpur', 'state': 'Jharkhand', 'country': 'India', 'postcode': 20456, 'coordinates': {'latitude': '11.1239', 'longitude': '-82.9657'}, 'timezone': {'offset': '+4:30', 'description': 'Kabul'}}, 'email': 'yatin.kumar@example.com', 'login': {'uuid': 'f7a7c471-d1dd-4ab2-b321-39e9b2106e62', 'username': 'blackbutterfly310', 'password': 'casper1', 'salt': '2fYYQRkB', 'md5': '4fe72b0431dca85f2fa91bede44487b5', 'sha1': 'f5dd8e08f3c331ed4a5262f63f98629004a6dbc7', 'sha256': 'd631790c030b97c4f12a2744adaee6c2729adb2dac4d63139e7ea916147feaa6'}, 'dob': {'date': '1976-12-07T18:32:15.772Z', 'age': 47}, 'registered': {'date': '2020-11-30T13:03:25.366Z', 'age': 3}, 'phone': '9100384139', 'cell': '9548175284', 'id': {'name': 'UIDAI', 'value': '896507405880'}, 'picture': {'large': 'https://randomuser.me/api/portraits/men/60.jpg', 'medium': 'https://randomuser.me/api/portraits/med/men/60.jpg', 'thumbnail': 'https://randomuser.me/api/portraits/thumb/men/60.jpg'}, 'nat': 'IN'}</msg>
<arg>${json_data['results'][0]}</arg>
<doc>Logs the given message with the given level.</doc>
<status status="PASS" start="2024-07-07T21:15:09.807021" elapsed="0.000400"/>
</kw>
<kw name="Log" owner="BuiltIn">
<msg time="2024-07-07T21:15:09.807836" level="INFO">login</msg>
<arg>${key}</arg>
<doc>Logs the given message with the given level.</doc>
<status status="PASS" start="2024-07-07T21:15:09.807711" elapsed="0.000162"/>
</kw>
<var name="${key}">login</var>
<status status="PASS" start="2024-07-07T21:15:09.806338" elapsed="0.001751"/>
</iter>
<var>${key}</var>
<value>@{expected_keys}</value>
<status status="PASS" start="2024-07-07T21:15:09.798239" elapsed="0.009972"/>
</for>
<kw name="Create List" owner="BuiltIn">
<msg time="2024-07-07T21:15:09.808540" level="INFO">${expected_keysTwo} = ['username', 'password']</msg>
<var>${expected_keysTwo}</var>
<arg>username</arg>
<arg>password</arg>
<doc>Returns a list containing given items.</doc>
<status status="PASS" start="2024-07-07T21:15:09.808401" elapsed="0.000164"/>
</kw>
<for flavor="IN">
<iter>
<kw name="Dictionary Should Contain Key" owner="Collections">
<arg>${json_data['results'][0]['login']}</arg>
<arg>${keyTwo}</arg>
<doc>Fails if ``key`` is not found from ``dictionary``.</doc>
<status status="PASS" start="2024-07-07T21:15:09.809102" elapsed="0.000380"/>
</kw>
<kw name="Dictionary Should Contain Key" owner="Collections">
<arg>${json_data['results'][0]['login']}</arg>
<arg>${keyTwo}</arg>
<doc>Fails if ``key`` is not found from ``dictionary``.</doc>
<status status="PASS" start="2024-07-07T21:15:09.809662" elapsed="0.000404"/>
</kw>
<kw name="Log" owner="BuiltIn">
<msg time="2024-07-07T21:15:09.810377" level="INFO">username</msg>
<arg>${keyTwo}</arg>
<doc>Logs the given message with the given level.</doc>
<status status="PASS" start="2024-07-07T21:15:09.810253" elapsed="0.000162"/>
</kw>
<var name="${keyTwo}">username</var>
<status status="PASS" start="2024-07-07T21:15:09.808994" elapsed="0.001646"/>
</iter>
<iter>
<kw name="Dictionary Should Contain Key" owner="Collections">
<arg>${json_data['results'][0]['login']}</arg>
<arg>${keyTwo}</arg>
<doc>Fails if ``key`` is not found from ``dictionary``.</doc>
<status status="PASS" start="2024-07-07T21:15:09.810920" elapsed="0.000383"/>
</kw>
<kw name="Dictionary Should Contain Key" owner="Collections">
<arg>${json_data['results'][0]['login']}</arg>
<arg>${keyTwo}</arg>
<doc>Fails if ``key`` is not found from ``dictionary``.</doc>
<status status="PASS" start="2024-07-07T21:15:09.811483" elapsed="0.000365"/>
</kw>
<kw name="Log" owner="BuiltIn">
<msg time="2024-07-07T21:15:09.812143" level="INFO">password</msg>
<arg>${keyTwo}</arg>
<doc>Logs the given message with the given level.</doc>
<status status="PASS" start="2024-07-07T21:15:09.812025" elapsed="0.000161"/>
</kw>
<var name="${keyTwo}">password</var>
<status status="PASS" start="2024-07-07T21:15:09.810814" elapsed="0.001694"/>
</iter>
<var>${keyTwo}</var>
<value>@{expected_keysTwo}</value>
<status status="PASS" start="2024-07-07T21:15:09.808837" elapsed="0.003793"/>
</for>
<status status="PASS" start="2024-07-07T21:15:09.701642" elapsed="0.111126"/>
</kw>
<doc>Testa a estrutura da resposta da API.</doc>
<tag>testeEstruturaResposta</tag>
<status status="PASS" start="2024-07-07T21:15:09.701031" elapsed="0.111886"/>
</test>
<test id="s1-s1-t4" name="Validar tipos de dados" line="28">
<kw name="Teste de Tipos de Dados" owner="random-user-service">
<kw name="GET On Session" owner="RequestsLibrary">
<msg time="2024-07-07T21:15:10.139983" level="INFO">GET Request : url=https://randomuser.me/api 
 path_url=/api 
 headers={'User-Agent': 'python-requests/2.32.3', 'Accept-Encoding': 'gzip, deflate', 'Accept': '*/*', 'Connection': 'keep-alive'} 
 body=None 
 </msg>
<msg time="2024-07-07T21:15:10.140094" level="INFO">GET Response : url=https://randomuser.me/api 
 status=200, reason=OK 
 headers={'Date': 'Sun, 07 Jul 2024 21:15:10 GMT', 'Content-Type': 'application/json; charset=utf-8', 'Transfer-Encoding': 'chunked', 'Connection': 'keep-alive', 'X-Powered-By': 'Express', 'Access-Control-Allow-Origin': '*', 'Cache-Control': 'no-cache', 'ETag': 'W/"4ac-S+G7GXJ0jG/GGwK50QtIprNFDbQ"', 'Vary': 'Accept-Encoding', 'Content-Encoding': 'gzip', 'CF-Cache-Status': 'DYNAMIC', 'Report-To': '{"endpoints":[{"url":"https:\\/\\/a.nel.cloudflare.com\\/report\\/v4?s=C8i7V%2BLL99ePb73EfCHy3gacDHD95TxmbsPxURF45B0S8%2Fjrsuo6d6KmEX6PI7Bt2VZDUZxaZ04AFq0mZH2EF4WGZjtS4TbZJPNTSs4TXy8l5wab4EcXmDpjPYeYw%2BRc"}],"group":"cf-nel","max_age":604800}', 'NEL': '{"success_fraction":0,"report_to":"cf-nel","max_age":604800}', 'Server': 'cloudflare', 'CF-RAY': '89fad92a6b14594a-IAD', 'alt-svc': 'h3=":443"; ma=86400'} 
 body={"results":[{"gender":"female","name":{"title":"Miss","first":"Kader","last":"Van Hassel"},"location":{"street":{"number":3622,"name":"Driemolensweg"},"city":"Geysteren","state":"Limburg","country":"Netherlands","postcode":"9428 TT","coordinates":{"latitude":"34.5709","longitude":"25.3946"},"timezone":{"offset":"+5:00","description":"Ekaterinburg, Islamabad, Karachi, Tashkent"}},"email":"kader.vanhassel@example.com","login":{"uuid":"7d3a5746-448d-46c2-b4a6-c3a4dd4681c5","username":"happypeacock318","password":"penguins","salt":"rI2yXllr","md5":"8e06f88f29ceed6438cf9b7fcfb56189","sha1":"b7dcd5a4e2df20cda4dd4ce4b102349d105fb379","sha256":"8d3277820c7762647ca8b8a56c5719b2137ebb9049815535911c6a847e4aa114"},"dob":{"date":"1982-07-27T18:40:22.215Z","age":41},"registered":{"date":"2007-12-20T02:25:05.665Z","age":16},"phone":"(083) 4507383","cell":"(06) 10704497","id":{"name":"BSN","value":"47759137"},"picture":{"large":"https://randomuser.me/api/portraits/women/79.jpg","medium":"https://randomuser.me/api/portraits/med/women/79.jpg","thumbnail":"https://randomuser.me/api/portraits/thumb/women/79.jpg"},"nat":"NL"}],"info":{"seed":"98a3483969428928","results":1,"page":1,"version":"1.4"}} 
 </msg>
<msg time="2024-07-07T21:15:10.140178" level="INFO">/opt/hostedtoolcache/Python/3.12.4/x64/lib/python3.12/site-packages/urllib3/connectionpool.py:1099: InsecureRequestWarning: Unverified HTTPS request is being made to host 'randomuser.me'. Adding certificate verification is strongly advised. See: https://urllib3.readthedocs.io/en/latest/advanced-usage.html#tls-warnings
  warnings.warn(</msg>
<msg time="2024-07-07T21:15:10.140328" level="INFO">${response} = &lt;Response [200]&gt;</msg>
<var>${response}</var>
<arg>consultarAPI</arg>
<arg>/api</arg>
<doc>Sends a GET request on a previously created HTTP Session.</doc>
<status status="PASS" start="2024-07-07T21:15:09.815358" elapsed="0.325015"/>
</kw>
<kw name="Set Variable" owner="BuiltIn">
<msg time="2024-07-07T21:15:10.141396" level="INFO">${json_data} = {'results': [{'gender': 'female', 'name': {'title': 'Miss', 'first': 'Kader', 'last': 'Van Hassel'}, 'location': {'street': {'number': 3622, 'name': 'Driemolensweg'}, 'city': 'Geysteren', 'state': 'Li...</msg>
<var>${json_data}</var>
<arg>${response.json()}</arg>
<doc>Returns the given values which can then be assigned to a variables.</doc>
<status status="PASS" start="2024-07-07T21:15:10.140887" elapsed="0.000538"/>
</kw>
<kw name="Log" owner="BuiltIn">
<msg time="2024-07-07T21:15:10.141892" level="INFO">{'results': [{'gender': 'female', 'name': {'title': 'Miss', 'first': 'Kader', 'last': 'Van Hassel'}, 'location': {'street': {'number': 3622, 'name': 'Driemolensweg'}, 'city': 'Geysteren', 'state': 'Limburg', 'country': 'Netherlands', 'postcode': '9428 TT', 'coordinates': {'latitude': '34.5709', 'longitude': '25.3946'}, 'timezone': {'offset': '+5:00', 'description': 'Ekaterinburg, Islamabad, Karachi, Tashkent'}}, 'email': 'kader.vanhassel@example.com', 'login': {'uuid': '7d3a5746-448d-46c2-b4a6-c3a4dd4681c5', 'username': 'happypeacock318', 'password': 'penguins', 'salt': 'rI2yXllr', 'md5': '8e06f88f29ceed6438cf9b7fcfb56189', 'sha1': 'b7dcd5a4e2df20cda4dd4ce4b102349d105fb379', 'sha256': '8d3277820c7762647ca8b8a56c5719b2137ebb9049815535911c6a847e4aa114'}, 'dob': {'date': '1982-07-27T18:40:22.215Z', 'age': 41}, 'registered': {'date': '2007-12-20T02:25:05.665Z', 'age': 16}, 'phone': '(083) 4507383', 'cell': '(06) 10704497', 'id': {'name': 'BSN', 'value': '47759137'}, 'picture': {'large': 'https://randomuser.me/api/portraits/women/79.jpg', 'medium': 'https://randomuser.me/api/portraits/med/women/79.jpg', 'thumbnail': 'https://randomuser.me/api/portraits/thumb/women/79.jpg'}, 'nat': 'NL'}], 'info': {'seed': '98a3483969428928', 'results': 1, 'page': 1, 'version': '1.4'}}</msg>
<arg>${json_data}</arg>
<doc>Logs the given message with the given level.</doc>
<status status="PASS" start="2024-07-07T21:15:10.141735" elapsed="0.000205"/>
</kw>
<kw name="Should Be String" owner="String">
<arg>${json_data['results'][0]['gender']}</arg>
<doc>Fails if the given ``item`` is not a string.</doc>
<status status="PASS" start="2024-07-07T21:15:10.142265" elapsed="0.000363"/>
</kw>
<kw name="Should Match Regexp" owner="BuiltIn">
<arg>${json_data['results'][0]['email']}</arg>
<arg>^[a-zA-Z0-9._%+-]+@[a-zA-Z0-9.-]+\.[a-zA-Z]{2,}$</arg>
<doc>Fails if ``string`` does not match ``pattern`` as a regular expression.</doc>
<status status="PASS" start="2024-07-07T21:15:10.142814" elapsed="0.000508"/>
</kw>
<kw name="Should Match Regexp" owner="BuiltIn">
<arg>${json_data['results'][0]['dob']['date']}</arg>
<arg>\\d{4}-\\d{2}-\\d{2}T\\d{2}:\\d{2}:\\d{2}\\.\\d{3}Z</arg>
<doc>Fails if ``string`` does not match ``pattern`` as a regular expression.</doc>
<status status="PASS" start="2024-07-07T21:15:10.143551" elapsed="0.000479"/>
</kw>
<kw name="Should Match Regexp" owner="BuiltIn">
<arg>${json_data['results'][0]['registered']['date']}</arg>
<arg>\\d{4}-\\d{2}-\\d{2}T\\d{2}:\\d{2}:\\d{2}\\.\\d{3}Z</arg>
<doc>Fails if ``string`` does not match ``pattern`` as a regular expression.</doc>
<status status="PASS" start="2024-07-07T21:15:10.144217" elapsed="0.000362"/>
</kw>
<kw name="Should Match Regexp" owner="BuiltIn">
<arg>${json_data['results'][0]['picture']['large']}</arg>
<arg>^https?://.*\.(?:png|jpe?g|gif|bmp)$</arg>
<doc>Fails if ``string`` does not match ``pattern`` as a regular expression.</doc>
<status status="PASS" start="2024-07-07T21:15:10.144761" elapsed="0.000448"/>
</kw>
<kw name="Should Match Regexp" owner="BuiltIn">
<arg>${json_data['results'][0]['picture']['medium']}</arg>
<arg>^https?://.*\.(?:png|jpe?g|gif|bmp)$</arg>
<doc>Fails if ``string`` does not match ``pattern`` as a regular expression.</doc>
<status status="PASS" start="2024-07-07T21:15:10.145392" elapsed="0.000343"/>
</kw>
<kw name="Should Match Regexp" owner="BuiltIn">
<arg>${json_data['results'][0]['picture']['thumbnail']}</arg>
<arg>^https?://.*\.(?:png|jpe?g|gif|bmp)$</arg>
<doc>Fails if ``string`` does not match ``pattern`` as a regular expression.</doc>
<status status="PASS" start="2024-07-07T21:15:10.145913" elapsed="0.000367"/>
</kw>
<kw name="Log" owner="BuiltIn">
<msg time="2024-07-07T21:15:10.146787" level="INFO">{'large': 'https://randomuser.me/api/portraits/women/79.jpg', 'medium': 'https://randomuser.me/api/portraits/med/women/79.jpg', 'thumbnail': 'https://randomuser.me/api/portraits/thumb/women/79.jpg'}</msg>
<arg>${json_data['results'][0]['picture']}</arg>
<doc>Logs the given message with the given level.</doc>
<status status="PASS" start="2024-07-07T21:15:10.146455" elapsed="0.000375"/>
</kw>
<status status="PASS" start="2024-07-07T21:15:09.815137" elapsed="0.331950"/>
</kw>
<kw name="Teste de Tipos de Dados - Postcode" owner="random-user-service">
<kw name="GET On Session" owner="RequestsLibrary">
<msg time="2024-07-07T21:15:10.187688" level="INFO">GET Request : url=https://randomuser.me/api 
 path_url=/api 
 headers={'User-Agent': 'python-requests/2.32.3', 'Accept-Encoding': 'gzip, deflate', 'Accept': '*/*', 'Connection': 'keep-alive'} 
 body=None 
 </msg>
<msg time="2024-07-07T21:15:10.187773" level="INFO">GET Response : url=https://randomuser.me/api 
 status=200, reason=OK 
 headers={'Date': 'Sun, 07 Jul 2024 21:15:10 GMT', 'Content-Type': 'application/json; charset=utf-8', 'Transfer-Encoding': 'chunked', 'Connection': 'keep-alive', 'X-Powered-By': 'Express', 'Access-Control-Allow-Origin': '*', 'Cache-Control': 'no-cache', 'ETag': 'W/"49c-8Ivz4pi+uc48nscDtvMPsaQ2iuQ"', 'Vary': 'Accept-Encoding', 'Content-Encoding': 'gzip', 'CF-Cache-Status': 'DYNAMIC', 'Report-To': '{"endpoints":[{"url":"https:\\/\\/a.nel.cloudflare.com\\/report\\/v4?s=2X%2B%2FelNRt8mXjWsu4jDMQQvn6Clf%2FE7HsBHjNd%2FTxQbZyNj24Wv8fOZXwxCrb1BW%2BqKThA1acmVM4bxcftD7wxo31ezzIKtPilsO8D00%2FOoV3zjF2weRRDULd8vgn7mF"}],"group":"cf-nel","max_age":604800}', 'NEL': '{"success_fraction":0,"report_to":"cf-nel","max_age":604800}', 'Server': 'cloudflare', 'CF-RAY': '89fad92c7d7d594a-IAD', 'alt-svc': 'h3=":443"; ma=86400'} 
 body={"results":[{"gender":"female","name":{"title":"Mrs","first":"Océane","last":"Moulin"},"location":{"street":{"number":8786,"name":"Rue de L'Église"},"city":"Mulhouse","state":"Var","country":"France","postcode":93205,"coordinates":{"latitude":"-13.0051","longitude":"2.7528"},"timezone":{"offset":"+8:00","description":"Beijing, Perth, Singapore, Hong Kong"}},"email":"oceane.moulin@example.com","login":{"uuid":"dbade98e-e9e9-4a21-8dd3-fb3a2705d103","username":"bluewolf720","password":"stone55","salt":"J3INlfqZ","md5":"092a0c64ba3522135c547467ad633351","sha1":"26749b32c4b417d72b9ceebd7782d8ec0567233d","sha256":"af55008c39bb4b852eea0883c50ac38308d42845ba40f9f5325bb647b9b73872"},"dob":{"date":"1957-01-24T13:53:05.183Z","age":67},"registered":{"date":"2015-11-01T22:06:55.546Z","age":8},"phone":"03-03-80-02-64","cell":"06-99-72-87-89","id":{"name":"INSEE","value":"2570081075849 66"},"picture":{"large":"https://randomuser.me/api/portraits/women/14.jpg","medium":"https://randomuser.me/api/portraits/med/women/14.jpg","thumbnail":"https://randomuser.me/api/portraits/thumb/women/14.jpg"},"nat":"FR"}],"info":{"seed":"f73720b9eceb03bd","results":1,"page":1,"version":"1.4"}} 
 </msg>
<msg time="2024-07-07T21:15:10.187851" level="INFO">/opt/hostedtoolcache/Python/3.12.4/x64/lib/python3.12/site-packages/urllib3/connectionpool.py:1099: InsecureRequestWarning: Unverified HTTPS request is being made to host 'randomuser.me'. Adding certificate verification is strongly advised. See: https://urllib3.readthedocs.io/en/latest/advanced-usage.html#tls-warnings
  warnings.warn(</msg>
<msg time="2024-07-07T21:15:10.187988" level="INFO">${response} = &lt;Response [200]&gt;</msg>
<var>${response}</var>
<arg>consultarAPI</arg>
<arg>/api</arg>
<doc>Sends a GET request on a previously created HTTP Session.</doc>
<status status="PASS" start="2024-07-07T21:15:10.147566" elapsed="0.040475"/>
</kw>
<kw name="Set Variable" owner="BuiltIn">
<msg time="2024-07-07T21:15:10.188915" level="INFO">${json_data} = {'results': [{'gender': 'female', 'name': {'title': 'Mrs', 'first': 'Océane', 'last': 'Moulin'}, 'location': {'street': {'number': 8786, 'name': "Rue de L'Église"}, 'city': 'Mulhouse', 'state': 'Var',...</msg>
<var>${json_data}</var>
<arg>${response.json()}</arg>
<doc>Returns the given values which can then be assigned to a variables.</doc>
<status status="PASS" start="2024-07-07T21:15:10.188475" elapsed="0.000470"/>
</kw>
<kw name="Log" owner="BuiltIn">
<msg time="2024-07-07T21:15:10.189401" level="INFO">{'results': [{'gender': 'female', 'name': {'title': 'Mrs', 'first': 'Océane', 'last': 'Moulin'}, 'location': {'street': {'number': 8786, 'name': "Rue de L'Église"}, 'city': 'Mulhouse', 'state': 'Var', 'country': 'France', 'postcode': 93205, 'coordinates': {'latitude': '-13.0051', 'longitude': '2.7528'}, 'timezone': {'offset': '+8:00', 'description': 'Beijing, Perth, Singapore, Hong Kong'}}, 'email': 'oceane.moulin@example.com', 'login': {'uuid': 'dbade98e-e9e9-4a21-8dd3-fb3a2705d103', 'username': 'bluewolf720', 'password': 'stone55', 'salt': 'J3INlfqZ', 'md5': '092a0c64ba3522135c547467ad633351', 'sha1': '26749b32c4b417d72b9ceebd7782d8ec0567233d', 'sha256': 'af55008c39bb4b852eea0883c50ac38308d42845ba40f9f5325bb647b9b73872'}, 'dob': {'date': '1957-01-24T13:53:05.183Z', 'age': 67}, 'registered': {'date': '2015-11-01T22:06:55.546Z', 'age': 8}, 'phone': '03-03-80-02-64', 'cell': '06-99-72-87-89', 'id': {'name': 'INSEE', 'value': '2570081075849 66'}, 'picture': {'large': 'https://randomuser.me/api/portraits/women/14.jpg', 'medium': 'https://randomuser.me/api/portraits/med/women/14.jpg', 'thumbnail': 'https://randomuser.me/api/portraits/thumb/women/14.jpg'}, 'nat': 'FR'}], 'info': {'seed': 'f73720b9eceb03bd', 'results': 1, 'page': 1, 'version': '1.4'}}</msg>
<arg>${json_data}</arg>
<doc>Logs the given message with the given level.</doc>
<status status="PASS" start="2024-07-07T21:15:10.189248" elapsed="0.000202"/>
</kw>
<kw name="Should Be Equal As Numbers" owner="BuiltIn">
<arg>${json_data['results'][0]['location']['postcode']}</arg>
<arg>${json_data['results'][0]['location']['postcode']}</arg>
<doc>Fails if objects are unequal after converting them to real numbers.</doc>
<status status="PASS" start="2024-07-07T21:15:10.189743" elapsed="0.000679"/>
</kw>
<kw name="Log" owner="BuiltIn">
<msg time="2024-07-07T21:15:10.191080" level="INFO">93205</msg>
<arg>${json_data['results'][0]['location']['postcode']}</arg>
<doc>Logs the given message with the given level.</doc>
<status status="PASS" start="2024-07-07T21:15:10.190617" elapsed="0.000504"/>
</kw>
<status status="PASS" start="2024-07-07T21:15:10.147317" elapsed="0.044081"/>
</kw>
<doc>Testa se os tipos de dados na resposta da API estão corretos.</doc>
<tag>testeTiposDados</tag>
<status status="PASS" start="2024-07-07T21:15:09.814683" elapsed="0.376878"/>
</test>
<test id="s1-s1-t5" name="Validar conteudo" line="35">
<kw name="Teste de Tipos de Conteudo" owner="random-user-service">
<kw name="GET On Session" owner="RequestsLibrary">
<msg time="2024-07-07T21:15:10.279167" level="INFO">GET Request : url=https://randomuser.me/api 
 path_url=/api 
 headers={'User-Agent': 'python-requests/2.32.3', 'Accept-Encoding': 'gzip, deflate', 'Accept': '*/*', 'Connection': 'keep-alive'} 
 body=None 
 </msg>
<msg time="2024-07-07T21:15:10.279251" level="INFO">GET Response : url=https://randomuser.me/api 
 status=200, reason=OK 
 headers={'Date': 'Sun, 07 Jul 2024 21:15:10 GMT', 'Content-Type': 'application/json; charset=utf-8', 'Transfer-Encoding': 'chunked', 'Connection': 'keep-alive', 'X-Powered-By': 'Express', 'Access-Control-Allow-Origin': '*', 'Cache-Control': 'no-cache', 'ETag': 'W/"4a0-MbGd5TZN/Uf60q+h9DwemV780NA"', 'Vary': 'Accept-Encoding', 'Content-Encoding': 'gzip', 'CF-Cache-Status': 'DYNAMIC', 'Report-To': '{"endpoints":[{"url":"https:\\/\\/a.nel.cloudflare.com\\/report\\/v4?s=nz%2BmL9Hv7dMcVblRDXNffY04ZC4FZo9nINbSvvzOGohmdLDWjlkctL5yAD%2Fi4zH91aEPzKvEenKZ%2FHfVHdCmz7wVUfjfqTIvo8WYz3tenfjS699T8wjz%2BPLociYJ0jgn"}],"group":"cf-nel","max_age":604800}', 'NEL': '{"success_fraction":0,"report_to":"cf-nel","max_age":604800}', 'Server': 'cloudflare', 'CF-RAY': '89fad92ccdd3594a-IAD', 'alt-svc': 'h3=":443"; ma=86400'} 
 body={"results":[{"gender":"female","name":{"title":"Mrs","first":"Luz","last":"Mateo"},"location":{"street":{"number":9096,"name":"Viaducto Honduras"},"city":"Ciudad Mendoza","state":"Sinaloa","country":"Mexico","postcode":82415,"coordinates":{"latitude":"27.3999","longitude":"36.0657"},"timezone":{"offset":"-6:00","description":"Central Time (US &amp; Canada), Mexico City"}},"email":"luz.mateo@example.com","login":{"uuid":"9893ef2c-cde8-4b44-8c63-0f6889a76699","username":"bluebear980","password":"guinness","salt":"24FRqtUY","md5":"dfc4930fbf88d518470fc26dec5d0923","sha1":"18e84851c030140b3e87b99a8585395ae06f04ad","sha256":"9f7a3e683a005df5ea6aa001631cc60735482e0cbdfe88fa6cb08990c8eaf602"},"dob":{"date":"1967-01-21T23:34:33.744Z","age":57},"registered":{"date":"2012-09-22T04:07:36.548Z","age":11},"phone":"(656) 443 6695","cell":"(628) 025 5876","id":{"name":"NSS","value":"68 59 97 4670 5"},"picture":{"large":"https://randomuser.me/api/portraits/women/52.jpg","medium":"https://randomuser.me/api/portraits/med/women/52.jpg","thumbnail":"https://randomuser.me/api/portraits/thumb/women/52.jpg"},"nat":"MX"}],"info":{"seed":"5b2d188ae3837580","results":1,"page":1,"version":"1.4"}} 
 </msg>
<msg time="2024-07-07T21:15:10.279329" level="INFO">/opt/hostedtoolcache/Python/3.12.4/x64/lib/python3.12/site-packages/urllib3/connectionpool.py:1099: InsecureRequestWarning: Unverified HTTPS request is being made to host 'randomuser.me'. Adding certificate verification is strongly advised. See: https://urllib3.readthedocs.io/en/latest/advanced-usage.html#tls-warnings
  warnings.warn(</msg>
<msg time="2024-07-07T21:15:10.279469" level="INFO">${response} = &lt;Response [200]&gt;</msg>
<var>${response}</var>
<arg>consultarAPI</arg>
<arg>/api</arg>
<doc>Sends a GET request on a previously created HTTP Session.</doc>
<status status="PASS" start="2024-07-07T21:15:10.194127" elapsed="0.085399"/>
</kw>
<kw name="Set Variable" owner="BuiltIn">
<msg time="2024-07-07T21:15:10.280318" level="INFO">${json_data} = {'results': [{'gender': 'female', 'name': {'title': 'Mrs', 'first': 'Luz', 'last': 'Mateo'}, 'location': {'street': {'number': 9096, 'name': 'Viaducto Honduras'}, 'city': 'Ciudad Mendoza', 'state': 'S...</msg>
<var>${json_data}</var>
<arg>${response.json()}</arg>
<doc>Returns the given values which can then be assigned to a variables.</doc>
<status status="PASS" start="2024-07-07T21:15:10.279882" elapsed="0.000465"/>
</kw>
<kw name="Set Variable" owner="BuiltIn">
<msg time="2024-07-07T21:15:10.281022" level="INFO">${name_title} = Mrs</msg>
<var>${name_title}</var>
<arg>${json_data["results"][0]["name"]["title"]}</arg>
<doc>Returns the given values which can then be assigned to a variables.</doc>
<status status="PASS" start="2024-07-07T21:15:10.280642" elapsed="0.000405"/>
</kw>
<kw name="Create List" owner="BuiltIn">
<msg time="2024-07-07T21:15:10.281482" level="INFO">${allowed_titles} = ['Mr', 'Ms', 'Miss', 'Mrs', 'Madame', 'Monsieur']</msg>
<var>${allowed_titles}</var>
<arg>Mr</arg>
<arg>Ms</arg>
<arg>Miss</arg>
<arg>Mrs</arg>
<arg>Madame</arg>
<arg>Monsieur</arg>
<doc>Returns a list containing given items.</doc>
<status status="PASS" start="2024-07-07T21:15:10.281336" elapsed="0.000170"/>
</kw>
<kw name="List Should Contain Value" owner="Collections">
<arg>${allowed_titles}</arg>
<arg>${name_title}</arg>
<doc>Fails if the ``value`` is not found from ``list``.</doc>
<status status="PASS" start="2024-07-07T21:15:10.281801" elapsed="0.000209"/>
</kw>
<kw name="Set Variable" owner="BuiltIn">
<msg time="2024-07-07T21:15:10.282555" level="INFO">${name_country} = MX</msg>
<var>${name_country}</var>
<arg>${json_data["results"][0]["nat"]}</arg>
<doc>Returns the given values which can then be assigned to a variables.</doc>
<status status="PASS" start="2024-07-07T21:15:10.282191" elapsed="0.000389"/>
</kw>
<kw name="Create List" owner="BuiltIn">
<msg time="2024-07-07T21:15:10.283458" level="INFO">${list_country} = ['AD', 'AE', 'AF', 'AG', 'AI', 'AL', 'AM', 'AO', 'AQ', 'AR', 'AS', 'AT', 'AU', 'AW', 'AX', 'AZ', 'BA', 'BB', 'BD', 'BE', 'BF', 'BG', 'BH', 'BI', 'BJ', 'BL', 'BM', 'BN', 'BO', 'BQ', 'BR', 'BS', 'BT', '...</msg>
<var>${list_country}</var>
<arg>AD</arg>
<arg>AE</arg>
<arg>AF</arg>
<arg>AG</arg>
<arg>AI</arg>
<arg>AL</arg>
<arg>AM</arg>
<arg>AO</arg>
<arg>AQ</arg>
<arg>AR</arg>
<arg>AS</arg>
<arg>AT</arg>
<arg>AU</arg>
<arg>AW</arg>
<arg>AX</arg>
<arg>AZ</arg>
<arg>BA</arg>
<arg>BB</arg>
<arg>BD</arg>
<arg>BE</arg>
<arg>BF</arg>
<arg>BG</arg>
<arg>BH</arg>
<arg>BI</arg>
<arg>BJ</arg>
<arg>BL</arg>
<arg>BM</arg>
<arg>BN</arg>
<arg>BO</arg>
<arg>BQ</arg>
<arg>BR</arg>
<arg>BS</arg>
<arg>BT</arg>
<arg>BV</arg>
<arg>BW</arg>
<arg>BY</arg>
<arg>BZ</arg>
<arg>CA</arg>
<arg>CC</arg>
<arg>CD</arg>
<arg>CF</arg>
<arg>CG</arg>
<arg>CH</arg>
<arg>CI</arg>
<arg>CK</arg>
<arg>CL</arg>
<arg>CM</arg>
<arg>CN</arg>
<arg>CO</arg>
<arg>CR</arg>
<arg>CU</arg>
<arg>CV</arg>
<arg>CW</arg>
<arg>CX</arg>
<arg>CY</arg>
<arg>CZ</arg>
<arg>DE</arg>
<arg>DJ</arg>
<arg>DK</arg>
<arg>DM</arg>
<arg>DO</arg>
<arg>DZ</arg>
<arg>EC</arg>
<arg>EE</arg>
<arg>EG</arg>
<arg>EH</arg>
<arg>ER</arg>
<arg>ES</arg>
<arg>ET</arg>
<arg>FI</arg>
<arg>FJ</arg>
<arg>FK</arg>
<arg>FM</arg>
<arg>FO</arg>
<arg>FR</arg>
<arg>GA</arg>
<arg>GB</arg>
<arg>GD</arg>
<arg>GE</arg>
<arg>GF</arg>
<arg>GG</arg>
<arg>GH</arg>
<arg>GI</arg>
<arg>GL</arg>
<arg>GM</arg>
<arg>GN</arg>
<arg>GP</arg>
<arg>GQ</arg>
<arg>GR</arg>
<arg>GS</arg>
<arg>GT</arg>
<arg>GU</arg>
<arg>GW</arg>
<arg>GY</arg>
<arg>HK</arg>
<arg>HM</arg>
<arg>HN</arg>
<arg>HR</arg>
<arg>HT</arg>
<arg>HU</arg>
<arg>ID</arg>
<arg>IE</arg>
<arg>IL</arg>
<arg>IM</arg>
<arg>IN</arg>
<arg>IO</arg>
<arg>IQ</arg>
<arg>IR</arg>
<arg>IS</arg>
<arg>IT</arg>
<arg>JE</arg>
<arg>JM</arg>
<arg>JO</arg>
<arg>JP</arg>
<arg>KE</arg>
<arg>KG</arg>
<arg>KH</arg>
<arg>KI</arg>
<arg>KM</arg>
<arg>KN</arg>
<arg>KP</arg>
<arg>KR</arg>
<arg>KW</arg>
<arg>KY</arg>
<arg>KZ</arg>
<arg>LA</arg>
<arg>LB</arg>
<arg>LC</arg>
<arg>LI</arg>
<arg>LK</arg>
<arg>LR</arg>
<arg>LS</arg>
<arg>LT</arg>
<arg>LU</arg>
<arg>LV</arg>
<arg>LY</arg>
<arg>MA</arg>
<arg>MC</arg>
<arg>MD</arg>
<arg>ME</arg>
<arg>MF</arg>
<arg>MG</arg>
<arg>MH</arg>
<arg>MK</arg>
<arg>ML</arg>
<arg>MM</arg>
<arg>MN</arg>
<arg>MO</arg>
<arg>MP</arg>
<arg>MQ</arg>
<arg>MR</arg>
<arg>MS</arg>
<arg>MT</arg>
<arg>MU</arg>
<arg>MV</arg>
<arg>MW</arg>
<arg>MX</arg>
<arg>MY</arg>
<arg>MZ</arg>
<arg>NA</arg>
<arg>NC</arg>
<arg>NE</arg>
<arg>NF</arg>
<arg>NG</arg>
<arg>NI</arg>
<arg>NL</arg>
<arg>NO</arg>
<arg>NP</arg>
<arg>NR</arg>
<arg>NU</arg>
<arg>NZ</arg>
<arg>OM</arg>
<arg>PA</arg>
<arg>PE</arg>
<arg>PF</arg>
<arg>PG</arg>
<arg>PH</arg>
<arg>PK</arg>
<arg>PL</arg>
<arg>PM</arg>
<arg>PN</arg>
<arg>PR</arg>
<arg>PS</arg>
<arg>PT</arg>
<arg>PW</arg>
<arg>PY</arg>
<arg>QA</arg>
<arg>RE</arg>
<arg>RO</arg>
<arg>RS</arg>
<arg>RU</arg>
<arg>RW</arg>
<arg>SA</arg>
<arg>SB</arg>
<arg>SC</arg>
<arg>SD</arg>
<arg>SE</arg>
<arg>SG</arg>
<arg>SH</arg>
<arg>SI</arg>
<arg>SJ</arg>
<arg>SK</arg>
<arg>SL</arg>
<arg>SM</arg>
<arg>SN</arg>
<arg>SO</arg>
<arg>SR</arg>
<arg>SS</arg>
<arg>ST</arg>
<arg>SV</arg>
<arg>SX</arg>
<arg>SY</arg>
<arg>SZ</arg>
<arg>TC</arg>
<arg>TD</arg>
<arg>TF</arg>
<arg>TG</arg>
<arg>TH</arg>
<arg>TJ</arg>
<arg>TK</arg>
<arg>TL</arg>
<arg>TM</arg>
<arg>TN</arg>
<arg>TO</arg>
<arg>TR</arg>
<arg>TT</arg>
<arg>TV</arg>
<arg>TW</arg>
<arg>TZ</arg>
<arg>UA</arg>
<arg>UG</arg>
<arg>UM</arg>
<arg>US</arg>
<arg>UY</arg>
<arg>UZ</arg>
<arg>VA</arg>
<arg>VC</arg>
<arg>VE</arg>
<arg>VG</arg>
<arg>VI</arg>
<arg>VN</arg>
<arg>VU</arg>
<arg>WF</arg>
<arg>WS</arg>
<arg>XK</arg>
<arg>YE</arg>
<arg>YT</arg>
<arg>ZA</arg>
<arg>ZM</arg>
<arg>ZW</arg>
<doc>Returns a list containing given items.</doc>
<status status="PASS" start="2024-07-07T21:15:10.282872" elapsed="0.000611"/>
</kw>
<kw name="List Should Contain Value" owner="Collections">
<arg>${list_country}</arg>
<arg>${name_country}</arg>
<doc>Fails if the ``value`` is not found from ``list``.</doc>
<status status="PASS" start="2024-07-07T21:15:10.284284" elapsed="0.000202"/>
</kw>
<kw name="Run Keyword If" owner="BuiltIn">
<kw name="Should Be True" owner="BuiltIn">
<arg>${True}</arg>
<doc>Fails if the given condition is not true.</doc>
<status status="PASS" start="2024-07-07T21:15:10.285403" elapsed="0.000138"/>
</kw>
<arg>${json_data["results"][0]["location"]["coordinates"]["latitude"]} &gt;= -90 and ${json_data["results"][0]["location"]["coordinates"]["latitude"]} &lt;= 90</arg>
<arg>Should Be True</arg>
<arg>${True}</arg>
<doc>Runs the given keyword with the given arguments, if ``condition`` is true.</doc>
<status status="PASS" start="2024-07-07T21:15:10.284678" elapsed="0.000985"/>
</kw>
<kw name="Run Keyword If" owner="BuiltIn">
<kw name="Should Be True" owner="BuiltIn">
<arg>${True}</arg>
<doc>Fails if the given condition is not true.</doc>
<status status="PASS" start="2024-07-07T21:15:10.286548" elapsed="0.000253"/>
</kw>
<arg>${json_data["results"][0]["location"]["coordinates"]["longitude"]} &gt;= -180 and ${json_data["results"][0]["location"]["coordinates"]["longitude"]} &lt;= 180</arg>
<arg>Should Be True</arg>
<arg>${True}</arg>
<doc>Runs the given keyword with the given arguments, if ``condition`` is true.</doc>
<status status="PASS" start="2024-07-07T21:15:10.285840" elapsed="0.001090"/>
</kw>
<status status="PASS" start="2024-07-07T21:15:10.193872" elapsed="0.093186"/>
</kw>
<doc>Testa o conteúdo específico dos campos retornados pela API.</doc>
<tag>testeConteudo</tag>
<status status="PASS" start="2024-07-07T21:15:10.193369" elapsed="0.093828"/>
</test>
<status status="PASS" start="2024-07-07T21:15:09.193053" elapsed="1.096082"/>
</suite>
<status status="PASS" start="2024-07-07T21:15:09.178609" elapsed="1.115586"/>
</suite>
<statistics>
<total>
<stat pass="5" fail="0" skip="0">All Tests</stat>
</total>
<tag>
<stat pass="1" fail="0" skip="0">testeConteudo</stat>
<stat pass="1" fail="0" skip="0">testeEstruturaResposta</stat>
<stat pass="1" fail="0" skip="0">testeRequisicaoBasica</stat>
<stat pass="1" fail="0" skip="0">testeTiposDados</stat>
</tag>
<suite>
<stat pass="5" fail="0" skip="0" id="s1" name="Tests">Tests</stat>
<stat pass="5" fail="0" skip="0" id="s1-s1" name="Random-User-Test">Tests.Random-User-Test</stat>
</suite>
</statistics>
<errors>
</errors>
</robot>
