<?xml version="1.0" encoding="UTF-8"?>
<robot generator="Robot 7.0.1 (Python 3.12.4 on linux)" generated="2024-07-19T16:18:45.604627" rpa="false" schemaversion="5">
<suite id="s1" name="Tests" source="/home/runner/work/ApiRandomUser/ApiRandomUser/RamdonUser/tests">
<suite id="s1-s1" name="Random-User-Test" source="/home/runner/work/ApiRandomUser/ApiRandomUser/RamdonUser/tests/random-user-test.robot">
<test id="s1-s1-t1" name="Conectar" line="13">
<kw name="Conectar API" owner="random-user-service">
<kw name="Create Session" owner="RequestsLibrary">
<msg time="2024-07-19T16:18:45.992813" level="INFO">Creating Session using : alias=consultarAPI, url=https://randomuser.me/, headers={},                     cookies={}, auth=None, timeout=None, proxies=None, verify=False,                     debug=0 </msg>
<arg>consultarAPI</arg>
<arg>${URL}</arg>
<doc>Create Session: create a HTTP session to a server</doc>
<status status="PASS" start="2024-07-19T16:18:45.992619" elapsed="0.000374"/>
</kw>
<status status="PASS" start="2024-07-19T16:18:45.991587" elapsed="0.001757"/>
</kw>
<status status="PASS" start="2024-07-19T16:18:45.991045" elapsed="0.002517"/>
</test>
<test id="s1-s1-t2" name="Validar retorno 200 e JSON Válido" line="16">
<kw name="Teste de Requisicao Basica" owner="random-user-service">
<kw name="GET On Session" owner="RequestsLibrary">
<msg time="2024-07-19T16:18:46.130013" level="INFO">GET Request : url=https://randomuser.me/api 
 path_url=/api 
 headers={'User-Agent': 'python-requests/2.32.3', 'Accept-Encoding': 'gzip, deflate', 'Accept': '*/*', 'Connection': 'keep-alive'} 
 body=None 
 </msg>
<msg time="2024-07-19T16:18:46.130169" level="INFO">GET Response : url=https://randomuser.me/api 
 status=200, reason=OK 
 headers={'Date': 'Fri, 19 Jul 2024 16:18:46 GMT', 'Content-Type': 'application/json; charset=utf-8', 'Transfer-Encoding': 'chunked', 'Connection': 'keep-alive', 'X-Powered-By': 'Express', 'Access-Control-Allow-Origin': '*', 'Cache-Control': 'no-cache', 'ETag': 'W/"490-yQGTshNk3xFBP0Sf4tTaDM2BaEk"', 'Vary': 'Accept-Encoding', 'Content-Encoding': 'gzip', 'CF-Cache-Status': 'DYNAMIC', 'Report-To': '{"endpoints":[{"url":"https:\\/\\/a.nel.cloudflare.com\\/report\\/v4?s=Kz26CBe740s12wpAWjUaUFr2fhg1AvZr6JKLGP8iZfElW%2B7%2BPm9kfMvOiFgkp704B8fDCPba%2FUF%2BQ8Pn9%2FKs0Tl4ovka%2BJ7zb66V%2FB%2BcZjqtoop8vgbrZniTwVyAPdZG"}],"group":"cf-nel","max_age":604800}', 'NEL': '{"success_fraction":0,"report_to":"cf-nel","max_age":604800}', 'Server': 'cloudflare', 'CF-RAY': '8a5c077da91f96d5-SJC', 'alt-svc': 'h3=":443"; ma=86400'} 
 body={"results":[{"gender":"female","name":{"title":"Mrs","first":"Afşar","last":"Durmaz"},"location":{"street":{"number":58,"name":"Doktorlar Cd"},"city":"Balıkesir","state":"Adıyaman","country":"Turkey","postcode":27005,"coordinates":{"latitude":"66.8360","longitude":"111.5252"},"timezone":{"offset":"+5:00","description":"Ekaterinburg, Islamabad, Karachi, Tashkent"}},"email":"afsar.durmaz@example.com","login":{"uuid":"148a0210-33d3-4d9f-8bb2-4d5e8250749d","username":"bluefish868","password":"rachael","salt":"pZnYL7HR","md5":"1b270507903524115037e6a2592218c3","sha1":"222d03e81769a967c02073b811a4baf0880f5fba","sha256":"bf19f59f33aaa00d11cd997a5b4f57402c2041cdc7c5f6b19a31e7bfa06cbb77"},"dob":{"date":"1965-01-14T18:56:45.751Z","age":59},"registered":{"date":"2019-12-29T07:27:51.947Z","age":4},"phone":"(130)-425-8837","cell":"(021)-591-6787","id":{"name":"","value":null},"picture":{"large":"https://randomuser.me/api/portraits/women/51.jpg","medium":"https://randomuser.me/api/portraits/med/women/51.jpg","thumbnail":"https://randomuser.me/api/portraits/thumb/women/51.jpg"},"nat":"TR"}],"info":{"seed":"a349f404089bfc95","results":1,"page":1,"version":"1.4"}} 
 </msg>
<msg time="2024-07-19T16:18:46.130247" level="INFO">/opt/hostedtoolcache/Python/3.12.4/x64/lib/python3.12/site-packages/urllib3/connectionpool.py:1099: InsecureRequestWarning: Unverified HTTPS request is being made to host 'randomuser.me'. Adding certificate verification is strongly advised. See: https://urllib3.readthedocs.io/en/latest/advanced-usage.html#tls-warnings
  warnings.warn(</msg>
<msg time="2024-07-19T16:18:46.130384" level="INFO">${response} = &lt;Response [200]&gt;</msg>
<var>${response}</var>
<arg>consultarAPI</arg>
<arg>/api</arg>
<doc>Sends a GET request on a previously created HTTP Session.</doc>
<status status="PASS" start="2024-07-19T16:18:45.996104" elapsed="0.134311"/>
</kw>
<kw name="Should Be Equal As Numbers" owner="BuiltIn">
<msg time="2024-07-19T16:18:46.131269" level="INFO">Argument types are:
&lt;class 'int'&gt;
&lt;class 'str'&gt;</msg>
<arg>${response.status_code}</arg>
<arg>200</arg>
<doc>Fails if objects are unequal after converting them to real numbers.</doc>
<status status="PASS" start="2024-07-19T16:18:46.130842" elapsed="0.000491"/>
</kw>
<kw name="Log" owner="BuiltIn">
<msg time="2024-07-19T16:18:46.132008" level="INFO">200</msg>
<arg>${response.status_code}</arg>
<doc>Logs the given message with the given level.</doc>
<status status="PASS" start="2024-07-19T16:18:46.131651" elapsed="0.000400"/>
</kw>
<kw name="Set Variable" owner="BuiltIn">
<msg time="2024-07-19T16:18:46.132805" level="INFO">${json_data} = {'results': [{'gender': 'female', 'name': {'title': 'Mrs', 'first': 'Afşar', 'last': 'Durmaz'}, 'location': {'street': {'number': 58, 'name': 'Doktorlar Cd'}, 'city': 'Balıkesir', 'state': 'Adıyaman',...</msg>
<var>${json_data}</var>
<arg>${response.json()}</arg>
<doc>Returns the given values which can then be assigned to a variables.</doc>
<status status="PASS" start="2024-07-19T16:18:46.132355" elapsed="0.000480"/>
</kw>
<kw name="Dictionary Should Contain Key" owner="Collections">
<arg>${json_data}</arg>
<arg>results</arg>
<doc>Fails if ``key`` is not found from ``dictionary``.</doc>
<status status="PASS" start="2024-07-19T16:18:46.133138" elapsed="0.000308"/>
</kw>
<status status="PASS" start="2024-07-19T16:18:45.995864" elapsed="0.137769"/>
</kw>
<doc>Testa se a API responde corretamente e retorna um objeto JSON válido.</doc>
<tag>testeRequisicaoBasica</tag>
<status status="PASS" start="2024-07-19T16:18:45.995405" elapsed="0.138399"/>
</test>
<test id="s1-s1-t3" name="Validar estrutura de resposta" line="22">
<kw name="Teste de Estrutura de Resposta" owner="random-user-service">
<kw name="GET On Session" owner="RequestsLibrary">
<msg time="2024-07-19T16:18:46.241897" level="INFO">GET Request : url=https://randomuser.me/api 
 path_url=/api 
 headers={'User-Agent': 'python-requests/2.32.3', 'Accept-Encoding': 'gzip, deflate', 'Accept': '*/*', 'Connection': 'keep-alive'} 
 body=None 
 </msg>
<msg time="2024-07-19T16:18:46.241999" level="INFO">GET Response : url=https://randomuser.me/api 
 status=200, reason=OK 
 headers={'Date': 'Fri, 19 Jul 2024 16:18:46 GMT', 'Content-Type': 'application/json; charset=utf-8', 'Transfer-Encoding': 'chunked', 'Connection': 'keep-alive', 'X-Powered-By': 'Express', 'Access-Control-Allow-Origin': '*', 'Cache-Control': 'no-cache', 'ETag': 'W/"4a0-hyiY+ck1EvMQk7NgLItvzvqvOAc"', 'Vary': 'Accept-Encoding', 'Content-Encoding': 'gzip', 'CF-Cache-Status': 'DYNAMIC', 'Report-To': '{"endpoints":[{"url":"https:\\/\\/a.nel.cloudflare.com\\/report\\/v4?s=%2F89EceneZwMI5qeaPtZsBAIpbiMXG3ofd0A9pxINV9XNaAXVALWnvc4m7y31G4JLNgMoXXsH5xZQ7Cr4j8jPqVTXw3j7HOFdSv4GFpyAdsWow9IGiMsbbhyaoflTbYCH"}],"group":"cf-nel","max_age":604800}', 'NEL': '{"success_fraction":0,"report_to":"cf-nel","max_age":604800}', 'Server': 'cloudflare', 'CF-RAY': '8a5c077e59b596d5-SJC', 'alt-svc': 'h3=":443"; ma=86400'} 
 body={"results":[{"gender":"female","name":{"title":"Mrs","first":"Marta","last":"Cavalcanti"},"location":{"street":{"number":8469,"name":"Rua Vinte de Setembro"},"city":"Fortaleza","state":"Tocantins","country":"Brazil","postcode":76084,"coordinates":{"latitude":"-73.4481","longitude":"71.2500"},"timezone":{"offset":"-12:00","description":"Eniwetok, Kwajalein"}},"email":"marta.cavalcanti@example.com","login":{"uuid":"a260de5f-bd70-459c-9e2a-a73b39cf362b","username":"purpleostrich529","password":"building","salt":"ZBavMVu4","md5":"67334800f11fe2a8e046a43f55ff0671","sha1":"a4e0f4eeaec30e6bcc22a452ee8a68cf6caa3fc3","sha256":"9b6e4e10fa79529a0a5937ea9dd74d9d2ee5f3d3db1459a417999fa988a5cc40"},"dob":{"date":"1958-07-21T18:27:39.215Z","age":65},"registered":{"date":"2017-04-18T08:35:32.864Z","age":7},"phone":"(67) 9131-7407","cell":"(86) 4562-8908","id":{"name":"CPF","value":"081.442.901-11"},"picture":{"large":"https://randomuser.me/api/portraits/women/19.jpg","medium":"https://randomuser.me/api/portraits/med/women/19.jpg","thumbnail":"https://randomuser.me/api/portraits/thumb/women/19.jpg"},"nat":"BR"}],"info":{"seed":"518b535e32ca0279","results":1,"page":1,"version":"1.4"}} 
 </msg>
<msg time="2024-07-19T16:18:46.242142" level="INFO">/opt/hostedtoolcache/Python/3.12.4/x64/lib/python3.12/site-packages/urllib3/connectionpool.py:1099: InsecureRequestWarning: Unverified HTTPS request is being made to host 'randomuser.me'. Adding certificate verification is strongly advised. See: https://urllib3.readthedocs.io/en/latest/advanced-usage.html#tls-warnings
  warnings.warn(</msg>
<msg time="2024-07-19T16:18:46.242302" level="INFO">${response} = &lt;Response [200]&gt;</msg>
<var>${response}</var>
<arg>consultarAPI</arg>
<arg>/api</arg>
<doc>Sends a GET request on a previously created HTTP Session.</doc>
<status status="PASS" start="2024-07-19T16:18:46.136443" elapsed="0.105897"/>
</kw>
<kw name="Set Variable" owner="BuiltIn">
<msg time="2024-07-19T16:18:46.243192" level="INFO">${json_data} = {'results': [{'gender': 'female', 'name': {'title': 'Mrs', 'first': 'Marta', 'last': 'Cavalcanti'}, 'location': {'street': {'number': 8469, 'name': 'Rua Vinte de Setembro'}, 'city': 'Fortaleza', 'stat...</msg>
<var>${json_data}</var>
<arg>${response.json()}</arg>
<doc>Returns the given values which can then be assigned to a variables.</doc>
<status status="PASS" start="2024-07-19T16:18:46.242724" elapsed="0.000497"/>
</kw>
<kw name="Log" owner="BuiltIn">
<msg time="2024-07-19T16:18:46.243682" level="INFO">{'results': [{'gender': 'female', 'name': {'title': 'Mrs', 'first': 'Marta', 'last': 'Cavalcanti'}, 'location': {'street': {'number': 8469, 'name': 'Rua Vinte de Setembro'}, 'city': 'Fortaleza', 'state': 'Tocantins', 'country': 'Brazil', 'postcode': 76084, 'coordinates': {'latitude': '-73.4481', 'longitude': '71.2500'}, 'timezone': {'offset': '-12:00', 'description': 'Eniwetok, Kwajalein'}}, 'email': 'marta.cavalcanti@example.com', 'login': {'uuid': 'a260de5f-bd70-459c-9e2a-a73b39cf362b', 'username': 'purpleostrich529', 'password': 'building', 'salt': 'ZBavMVu4', 'md5': '67334800f11fe2a8e046a43f55ff0671', 'sha1': 'a4e0f4eeaec30e6bcc22a452ee8a68cf6caa3fc3', 'sha256': '9b6e4e10fa79529a0a5937ea9dd74d9d2ee5f3d3db1459a417999fa988a5cc40'}, 'dob': {'date': '1958-07-21T18:27:39.215Z', 'age': 65}, 'registered': {'date': '2017-04-18T08:35:32.864Z', 'age': 7}, 'phone': '(67) 9131-7407', 'cell': '(86) 4562-8908', 'id': {'name': 'CPF', 'value': '081.442.901-11'}, 'picture': {'large': 'https://randomuser.me/api/portraits/women/19.jpg', 'medium': 'https://randomuser.me/api/portraits/med/women/19.jpg', 'thumbnail': 'https://randomuser.me/api/portraits/thumb/women/19.jpg'}, 'nat': 'BR'}], 'info': {'seed': '518b535e32ca0279', 'results': 1, 'page': 1, 'version': '1.4'}}</msg>
<arg>${json_data}</arg>
<doc>Logs the given message with the given level.</doc>
<status status="PASS" start="2024-07-19T16:18:46.243522" elapsed="0.000210"/>
</kw>
<kw name="Dictionary Should Contain Key" owner="Collections">
<arg>${json_data}</arg>
<arg>results</arg>
<doc>Fails if ``key`` is not found from ``dictionary``.</doc>
<status status="PASS" start="2024-07-19T16:18:46.244021" elapsed="0.000160"/>
</kw>
<kw name="Should Not Be Empty" owner="BuiltIn">
<msg time="2024-07-19T16:18:46.244503" level="INFO">Length is 2.</msg>
<arg>${json_data}</arg>
<doc>Verifies that the given item is not empty.</doc>
<status status="PASS" start="2024-07-19T16:18:46.244367" elapsed="0.000174"/>
</kw>
<kw name="Create List" owner="BuiltIn">
<msg time="2024-07-19T16:18:46.244984" level="INFO">${expected_keys} = ['gender', 'name', 'location', 'email', 'login']</msg>
<var>${expected_keys}</var>
<arg>gender</arg>
<arg>name</arg>
<arg>location</arg>
<arg>email</arg>
<arg>login</arg>
<doc>Returns a list containing given items.</doc>
<status status="PASS" start="2024-07-19T16:18:46.244829" elapsed="0.000179"/>
</kw>
<for flavor="IN">
<iter>
<kw name="Dictionary Should Contain Key" owner="Collections">
<arg>${json_data['results'][0]}</arg>
<arg>${key}</arg>
<doc>Fails if ``key`` is not found from ``dictionary``.</doc>
<status status="PASS" start="2024-07-19T16:18:46.245613" elapsed="0.000402"/>
</kw>
<kw name="Log" owner="BuiltIn">
<msg time="2024-07-19T16:18:46.246560" level="INFO">{'gender': 'female', 'name': {'title': 'Mrs', 'first': 'Marta', 'last': 'Cavalcanti'}, 'location': {'street': {'number': 8469, 'name': 'Rua Vinte de Setembro'}, 'city': 'Fortaleza', 'state': 'Tocantins', 'country': 'Brazil', 'postcode': 76084, 'coordinates': {'latitude': '-73.4481', 'longitude': '71.2500'}, 'timezone': {'offset': '-12:00', 'description': 'Eniwetok, Kwajalein'}}, 'email': 'marta.cavalcanti@example.com', 'login': {'uuid': 'a260de5f-bd70-459c-9e2a-a73b39cf362b', 'username': 'purpleostrich529', 'password': 'building', 'salt': 'ZBavMVu4', 'md5': '67334800f11fe2a8e046a43f55ff0671', 'sha1': 'a4e0f4eeaec30e6bcc22a452ee8a68cf6caa3fc3', 'sha256': '9b6e4e10fa79529a0a5937ea9dd74d9d2ee5f3d3db1459a417999fa988a5cc40'}, 'dob': {'date': '1958-07-21T18:27:39.215Z', 'age': 65}, 'registered': {'date': '2017-04-18T08:35:32.864Z', 'age': 7}, 'phone': '(67) 9131-7407', 'cell': '(86) 4562-8908', 'id': {'name': 'CPF', 'value': '081.442.901-11'}, 'picture': {'large': 'https://randomuser.me/api/portraits/women/19.jpg', 'medium': 'https://randomuser.me/api/portraits/med/women/19.jpg', 'thumbnail': 'https://randomuser.me/api/portraits/thumb/women/19.jpg'}, 'nat': 'BR'}</msg>
<arg>${json_data['results'][0]}</arg>
<doc>Logs the given message with the given level.</doc>
<status status="PASS" start="2024-07-19T16:18:46.246202" elapsed="0.000408"/>
</kw>
<kw name="Log" owner="BuiltIn">
<msg time="2024-07-19T16:18:46.247043" level="INFO">gender</msg>
<arg>${key}</arg>
<doc>Logs the given message with the given level.</doc>
<status status="PASS" start="2024-07-19T16:18:46.246914" elapsed="0.000167"/>
</kw>
<var name="${key}">gender</var>
<status status="PASS" start="2024-07-19T16:18:46.245459" elapsed="0.001840"/>
</iter>
<iter>
<kw name="Dictionary Should Contain Key" owner="Collections">
<arg>${json_data['results'][0]}</arg>
<arg>${key}</arg>
<doc>Fails if ``key`` is not found from ``dictionary``.</doc>
<status status="PASS" start="2024-07-19T16:18:46.247610" elapsed="0.000384"/>
</kw>
<kw name="Log" owner="BuiltIn">
<msg time="2024-07-19T16:18:46.248568" level="INFO">{'gender': 'female', 'name': {'title': 'Mrs', 'first': 'Marta', 'last': 'Cavalcanti'}, 'location': {'street': {'number': 8469, 'name': 'Rua Vinte de Setembro'}, 'city': 'Fortaleza', 'state': 'Tocantins', 'country': 'Brazil', 'postcode': 76084, 'coordinates': {'latitude': '-73.4481', 'longitude': '71.2500'}, 'timezone': {'offset': '-12:00', 'description': 'Eniwetok, Kwajalein'}}, 'email': 'marta.cavalcanti@example.com', 'login': {'uuid': 'a260de5f-bd70-459c-9e2a-a73b39cf362b', 'username': 'purpleostrich529', 'password': 'building', 'salt': 'ZBavMVu4', 'md5': '67334800f11fe2a8e046a43f55ff0671', 'sha1': 'a4e0f4eeaec30e6bcc22a452ee8a68cf6caa3fc3', 'sha256': '9b6e4e10fa79529a0a5937ea9dd74d9d2ee5f3d3db1459a417999fa988a5cc40'}, 'dob': {'date': '1958-07-21T18:27:39.215Z', 'age': 65}, 'registered': {'date': '2017-04-18T08:35:32.864Z', 'age': 7}, 'phone': '(67) 9131-7407', 'cell': '(86) 4562-8908', 'id': {'name': 'CPF', 'value': '081.442.901-11'}, 'picture': {'large': 'https://randomuser.me/api/portraits/women/19.jpg', 'medium': 'https://randomuser.me/api/portraits/med/women/19.jpg', 'thumbnail': 'https://randomuser.me/api/portraits/thumb/women/19.jpg'}, 'nat': 'BR'}</msg>
<arg>${json_data['results'][0]}</arg>
<doc>Logs the given message with the given level.</doc>
<status status="PASS" start="2024-07-19T16:18:46.248178" elapsed="0.000439"/>
</kw>
<kw name="Log" owner="BuiltIn">
<msg time="2024-07-19T16:18:46.249043" level="INFO">name</msg>
<arg>${key}</arg>
<doc>Logs the given message with the given level.</doc>
<status status="PASS" start="2024-07-19T16:18:46.248917" elapsed="0.000163"/>
</kw>
<var name="${key}">name</var>
<status status="PASS" start="2024-07-19T16:18:46.247499" elapsed="0.001798"/>
</iter>
<iter>
<kw name="Dictionary Should Contain Key" owner="Collections">
<arg>${json_data['results'][0]}</arg>
<arg>${key}</arg>
<doc>Fails if ``key`` is not found from ``dictionary``.</doc>
<status status="PASS" start="2024-07-19T16:18:46.249602" elapsed="0.000384"/>
</kw>
<kw name="Log" owner="BuiltIn">
<msg time="2024-07-19T16:18:46.250521" level="INFO">{'gender': 'female', 'name': {'title': 'Mrs', 'first': 'Marta', 'last': 'Cavalcanti'}, 'location': {'street': {'number': 8469, 'name': 'Rua Vinte de Setembro'}, 'city': 'Fortaleza', 'state': 'Tocantins', 'country': 'Brazil', 'postcode': 76084, 'coordinates': {'latitude': '-73.4481', 'longitude': '71.2500'}, 'timezone': {'offset': '-12:00', 'description': 'Eniwetok, Kwajalein'}}, 'email': 'marta.cavalcanti@example.com', 'login': {'uuid': 'a260de5f-bd70-459c-9e2a-a73b39cf362b', 'username': 'purpleostrich529', 'password': 'building', 'salt': 'ZBavMVu4', 'md5': '67334800f11fe2a8e046a43f55ff0671', 'sha1': 'a4e0f4eeaec30e6bcc22a452ee8a68cf6caa3fc3', 'sha256': '9b6e4e10fa79529a0a5937ea9dd74d9d2ee5f3d3db1459a417999fa988a5cc40'}, 'dob': {'date': '1958-07-21T18:27:39.215Z', 'age': 65}, 'registered': {'date': '2017-04-18T08:35:32.864Z', 'age': 7}, 'phone': '(67) 9131-7407', 'cell': '(86) 4562-8908', 'id': {'name': 'CPF', 'value': '081.442.901-11'}, 'picture': {'large': 'https://randomuser.me/api/portraits/women/19.jpg', 'medium': 'https://randomuser.me/api/portraits/med/women/19.jpg', 'thumbnail': 'https://randomuser.me/api/portraits/thumb/women/19.jpg'}, 'nat': 'BR'}</msg>
<arg>${json_data['results'][0]}</arg>
<doc>Logs the given message with the given level.</doc>
<status status="PASS" start="2024-07-19T16:18:46.250175" elapsed="0.000394"/>
</kw>
<kw name="Log" owner="BuiltIn">
<msg time="2024-07-19T16:18:46.250997" level="INFO">location</msg>
<arg>${key}</arg>
<doc>Logs the given message with the given level.</doc>
<status status="PASS" start="2024-07-19T16:18:46.250862" elapsed="0.000172"/>
</kw>
<var name="${key}">location</var>
<status status="PASS" start="2024-07-19T16:18:46.249492" elapsed="0.001755"/>
</iter>
<iter>
<kw name="Dictionary Should Contain Key" owner="Collections">
<arg>${json_data['results'][0]}</arg>
<arg>${key}</arg>
<doc>Fails if ``key`` is not found from ``dictionary``.</doc>
<status status="PASS" start="2024-07-19T16:18:46.251533" elapsed="0.000387"/>
</kw>
<kw name="Log" owner="BuiltIn">
<msg time="2024-07-19T16:18:46.252575" level="INFO">{'gender': 'female', 'name': {'title': 'Mrs', 'first': 'Marta', 'last': 'Cavalcanti'}, 'location': {'street': {'number': 8469, 'name': 'Rua Vinte de Setembro'}, 'city': 'Fortaleza', 'state': 'Tocantins', 'country': 'Brazil', 'postcode': 76084, 'coordinates': {'latitude': '-73.4481', 'longitude': '71.2500'}, 'timezone': {'offset': '-12:00', 'description': 'Eniwetok, Kwajalein'}}, 'email': 'marta.cavalcanti@example.com', 'login': {'uuid': 'a260de5f-bd70-459c-9e2a-a73b39cf362b', 'username': 'purpleostrich529', 'password': 'building', 'salt': 'ZBavMVu4', 'md5': '67334800f11fe2a8e046a43f55ff0671', 'sha1': 'a4e0f4eeaec30e6bcc22a452ee8a68cf6caa3fc3', 'sha256': '9b6e4e10fa79529a0a5937ea9dd74d9d2ee5f3d3db1459a417999fa988a5cc40'}, 'dob': {'date': '1958-07-21T18:27:39.215Z', 'age': 65}, 'registered': {'date': '2017-04-18T08:35:32.864Z', 'age': 7}, 'phone': '(67) 9131-7407', 'cell': '(86) 4562-8908', 'id': {'name': 'CPF', 'value': '081.442.901-11'}, 'picture': {'large': 'https://randomuser.me/api/portraits/women/19.jpg', 'medium': 'https://randomuser.me/api/portraits/med/women/19.jpg', 'thumbnail': 'https://randomuser.me/api/portraits/thumb/women/19.jpg'}, 'nat': 'BR'}</msg>
<arg>${json_data['results'][0]}</arg>
<doc>Logs the given message with the given level.</doc>
<status status="PASS" start="2024-07-19T16:18:46.252217" elapsed="0.000415"/>
</kw>
<kw name="Log" owner="BuiltIn">
<msg time="2024-07-19T16:18:46.253053" level="INFO">email</msg>
<arg>${key}</arg>
<doc>Logs the given message with the given level.</doc>
<status status="PASS" start="2024-07-19T16:18:46.252926" elapsed="0.000166"/>
</kw>
<var name="${key}">email</var>
<status status="PASS" start="2024-07-19T16:18:46.251416" elapsed="0.001888"/>
</iter>
<iter>
<kw name="Dictionary Should Contain Key" owner="Collections">
<arg>${json_data['results'][0]}</arg>
<arg>${key}</arg>
<doc>Fails if ``key`` is not found from ``dictionary``.</doc>
<status status="PASS" start="2024-07-19T16:18:46.253610" elapsed="0.000386"/>
</kw>
<kw name="Log" owner="BuiltIn">
<msg time="2024-07-19T16:18:46.254525" level="INFO">{'gender': 'female', 'name': {'title': 'Mrs', 'first': 'Marta', 'last': 'Cavalcanti'}, 'location': {'street': {'number': 8469, 'name': 'Rua Vinte de Setembro'}, 'city': 'Fortaleza', 'state': 'Tocantins', 'country': 'Brazil', 'postcode': 76084, 'coordinates': {'latitude': '-73.4481', 'longitude': '71.2500'}, 'timezone': {'offset': '-12:00', 'description': 'Eniwetok, Kwajalein'}}, 'email': 'marta.cavalcanti@example.com', 'login': {'uuid': 'a260de5f-bd70-459c-9e2a-a73b39cf362b', 'username': 'purpleostrich529', 'password': 'building', 'salt': 'ZBavMVu4', 'md5': '67334800f11fe2a8e046a43f55ff0671', 'sha1': 'a4e0f4eeaec30e6bcc22a452ee8a68cf6caa3fc3', 'sha256': '9b6e4e10fa79529a0a5937ea9dd74d9d2ee5f3d3db1459a417999fa988a5cc40'}, 'dob': {'date': '1958-07-21T18:27:39.215Z', 'age': 65}, 'registered': {'date': '2017-04-18T08:35:32.864Z', 'age': 7}, 'phone': '(67) 9131-7407', 'cell': '(86) 4562-8908', 'id': {'name': 'CPF', 'value': '081.442.901-11'}, 'picture': {'large': 'https://randomuser.me/api/portraits/women/19.jpg', 'medium': 'https://randomuser.me/api/portraits/med/women/19.jpg', 'thumbnail': 'https://randomuser.me/api/portraits/thumb/women/19.jpg'}, 'nat': 'BR'}</msg>
<arg>${json_data['results'][0]}</arg>
<doc>Logs the given message with the given level.</doc>
<status status="PASS" start="2024-07-19T16:18:46.254177" elapsed="0.000395"/>
</kw>
<kw name="Log" owner="BuiltIn">
<msg time="2024-07-19T16:18:46.254988" level="INFO">login</msg>
<arg>${key}</arg>
<doc>Logs the given message with the given level.</doc>
<status status="PASS" start="2024-07-19T16:18:46.254864" elapsed="0.000161"/>
</kw>
<var name="${key}">login</var>
<status status="PASS" start="2024-07-19T16:18:46.253498" elapsed="0.001738"/>
</iter>
<var>${key}</var>
<value>@{expected_keys}</value>
<status status="PASS" start="2024-07-19T16:18:46.245272" elapsed="0.010080"/>
</for>
<kw name="Create List" owner="BuiltIn">
<msg time="2024-07-19T16:18:46.255700" level="INFO">${expected_keysTwo} = ['username', 'password']</msg>
<var>${expected_keysTwo}</var>
<arg>username</arg>
<arg>password</arg>
<doc>Returns a list containing given items.</doc>
<status status="PASS" start="2024-07-19T16:18:46.255564" elapsed="0.000159"/>
</kw>
<for flavor="IN">
<iter>
<kw name="Dictionary Should Contain Key" owner="Collections">
<arg>${json_data['results'][0]['login']}</arg>
<arg>${keyTwo}</arg>
<doc>Fails if ``key`` is not found from ``dictionary``.</doc>
<status status="PASS" start="2024-07-19T16:18:46.256215" elapsed="0.000377"/>
</kw>
<kw name="Dictionary Should Contain Key" owner="Collections">
<arg>${json_data['results'][0]['login']}</arg>
<arg>${keyTwo}</arg>
<doc>Fails if ``key`` is not found from ``dictionary``.</doc>
<status status="PASS" start="2024-07-19T16:18:46.256771" elapsed="0.000371"/>
</kw>
<kw name="Log" owner="BuiltIn">
<msg time="2024-07-19T16:18:46.257436" level="INFO">username</msg>
<arg>${keyTwo}</arg>
<doc>Logs the given message with the given level.</doc>
<status status="PASS" start="2024-07-19T16:18:46.257320" elapsed="0.000177"/>
</kw>
<var name="${keyTwo}">username</var>
<status status="PASS" start="2024-07-19T16:18:46.256107" elapsed="0.001609"/>
</iter>
<iter>
<kw name="Dictionary Should Contain Key" owner="Collections">
<arg>${json_data['results'][0]['login']}</arg>
<arg>${keyTwo}</arg>
<doc>Fails if ``key`` is not found from ``dictionary``.</doc>
<status status="PASS" start="2024-07-19T16:18:46.257995" elapsed="0.000376"/>
</kw>
<kw name="Dictionary Should Contain Key" owner="Collections">
<arg>${json_data['results'][0]['login']}</arg>
<arg>${keyTwo}</arg>
<doc>Fails if ``key`` is not found from ``dictionary``.</doc>
<status status="PASS" start="2024-07-19T16:18:46.258548" elapsed="0.000367"/>
</kw>
<kw name="Log" owner="BuiltIn">
<msg time="2024-07-19T16:18:46.259212" level="INFO">password</msg>
<arg>${keyTwo}</arg>
<doc>Logs the given message with the given level.</doc>
<status status="PASS" start="2024-07-19T16:18:46.259090" elapsed="0.000158"/>
</kw>
<var name="${keyTwo}">password</var>
<status status="PASS" start="2024-07-19T16:18:46.257885" elapsed="0.001580"/>
</iter>
<var>${keyTwo}</var>
<value>@{expected_keysTwo}</value>
<status status="PASS" start="2024-07-19T16:18:46.255958" elapsed="0.003624"/>
</for>
<status status="PASS" start="2024-07-19T16:18:46.136214" elapsed="0.123507"/>
</kw>
<doc>Testa a estrutura da resposta da API.</doc>
<tag>testeEstruturaResposta</tag>
<status status="PASS" start="2024-07-19T16:18:46.135647" elapsed="0.124224"/>
</test>
<test id="s1-s1-t4" name="Validar tipos de dados" line="28">
<kw name="Teste de Tipos de Dados" owner="random-user-service">
<kw name="GET On Session" owner="RequestsLibrary">
<msg time="2024-07-19T16:18:46.373163" level="INFO">GET Request : url=https://randomuser.me/api 
 path_url=/api 
 headers={'User-Agent': 'python-requests/2.32.3', 'Accept-Encoding': 'gzip, deflate', 'Accept': '*/*', 'Connection': 'keep-alive'} 
 body=None 
 </msg>
<msg time="2024-07-19T16:18:46.373244" level="INFO">GET Response : url=https://randomuser.me/api 
 status=200, reason=OK 
 headers={'Date': 'Fri, 19 Jul 2024 16:18:46 GMT', 'Content-Type': 'application/json; charset=utf-8', 'Transfer-Encoding': 'chunked', 'Connection': 'keep-alive', 'X-Powered-By': 'Express', 'Access-Control-Allow-Origin': '*', 'Cache-Control': 'no-cache', 'ETag': 'W/"49d-fkVGz3wItiCBZglWR8X3YpgwOuA"', 'Vary': 'Accept-Encoding', 'Content-Encoding': 'gzip', 'CF-Cache-Status': 'DYNAMIC', 'Report-To': '{"endpoints":[{"url":"https:\\/\\/a.nel.cloudflare.com\\/report\\/v4?s=Vwy9CbpZ06vmsoCpvC4KdpRBiqzBqbMeM7nmkM3JaqV8wzTfV9aykZRlLDJViR6NHh9JUzflutHDY1XamlVeVVzUSuC2ZCRdnYWw%2Flbez7sT8DEIndSuYecnw8JUpE%2FY"}],"group":"cf-nel","max_age":604800}', 'NEL': '{"success_fraction":0,"report_to":"cf-nel","max_age":604800}', 'Server': 'cloudflare', 'CF-RAY': '8a5c077f2a4296d5-SJC', 'alt-svc': 'h3=":443"; ma=86400'} 
 body={"results":[{"gender":"female","name":{"title":"Ms","first":"Natalia","last":"Mihajlović"},"location":{"street":{"number":7932,"name":"Porodice Stojanović"},"city":"Bačka Palanka","state":"Toplica","country":"Serbia","postcode":58529,"coordinates":{"latitude":"63.0393","longitude":"165.0616"},"timezone":{"offset":"+6:00","description":"Almaty, Dhaka, Colombo"}},"email":"natalia.mihajlovic@example.com","login":{"uuid":"a6bccb0e-8ddf-4971-8d00-4328b46eaca2","username":"angryelephant318","password":"77777","salt":"210MBeF2","md5":"2f27da41f6b15100dc7ea3f9cc5b592d","sha1":"a54d32a99491dfb6be62a05dff5c1af8d850ef77","sha256":"ef4b63964efe22c473fe9e9b2a5163bbfcc16ed01560d918a5ce27f1c79baf87"},"dob":{"date":"1953-08-31T19:10:25.475Z","age":70},"registered":{"date":"2012-11-09T11:32:56.602Z","age":11},"phone":"014-8676-131","cell":"062-7340-146","id":{"name":"SID","value":"880293503"},"picture":{"large":"https://randomuser.me/api/portraits/women/69.jpg","medium":"https://randomuser.me/api/portraits/med/women/69.jpg","thumbnail":"https://randomuser.me/api/portraits/thumb/women/69.jpg"},"nat":"RS"}],"info":{"seed":"19f1cfdc4ac4d9d7","results":1,"page":1,"version":"1.4"}} 
 </msg>
<msg time="2024-07-19T16:18:46.373317" level="INFO">/opt/hostedtoolcache/Python/3.12.4/x64/lib/python3.12/site-packages/urllib3/connectionpool.py:1099: InsecureRequestWarning: Unverified HTTPS request is being made to host 'randomuser.me'. Adding certificate verification is strongly advised. See: https://urllib3.readthedocs.io/en/latest/advanced-usage.html#tls-warnings
  warnings.warn(</msg>
<msg time="2024-07-19T16:18:46.373453" level="INFO">${response} = &lt;Response [200]&gt;</msg>
<var>${response}</var>
<arg>consultarAPI</arg>
<arg>/api</arg>
<doc>Sends a GET request on a previously created HTTP Session.</doc>
<status status="PASS" start="2024-07-19T16:18:46.262359" elapsed="0.111161"/>
</kw>
<kw name="Set Variable" owner="BuiltIn">
<msg time="2024-07-19T16:18:46.374326" level="INFO">${json_data} = {'results': [{'gender': 'female', 'name': {'title': 'Ms', 'first': 'Natalia', 'last': 'Mihajlović'}, 'location': {'street': {'number': 7932, 'name': 'Porodice Stojanović'}, 'city': 'Bačka Palanka', 's...</msg>
<var>${json_data}</var>
<arg>${response.json()}</arg>
<doc>Returns the given values which can then be assigned to a variables.</doc>
<status status="PASS" start="2024-07-19T16:18:46.373872" elapsed="0.000484"/>
</kw>
<kw name="Log" owner="BuiltIn">
<msg time="2024-07-19T16:18:46.374807" level="INFO">{'results': [{'gender': 'female', 'name': {'title': 'Ms', 'first': 'Natalia', 'last': 'Mihajlović'}, 'location': {'street': {'number': 7932, 'name': 'Porodice Stojanović'}, 'city': 'Bačka Palanka', 'state': 'Toplica', 'country': 'Serbia', 'postcode': 58529, 'coordinates': {'latitude': '63.0393', 'longitude': '165.0616'}, 'timezone': {'offset': '+6:00', 'description': 'Almaty, Dhaka, Colombo'}}, 'email': 'natalia.mihajlovic@example.com', 'login': {'uuid': 'a6bccb0e-8ddf-4971-8d00-4328b46eaca2', 'username': 'angryelephant318', 'password': '77777', 'salt': '210MBeF2', 'md5': '2f27da41f6b15100dc7ea3f9cc5b592d', 'sha1': 'a54d32a99491dfb6be62a05dff5c1af8d850ef77', 'sha256': 'ef4b63964efe22c473fe9e9b2a5163bbfcc16ed01560d918a5ce27f1c79baf87'}, 'dob': {'date': '1953-08-31T19:10:25.475Z', 'age': 70}, 'registered': {'date': '2012-11-09T11:32:56.602Z', 'age': 11}, 'phone': '014-8676-131', 'cell': '062-7340-146', 'id': {'name': 'SID', 'value': '880293503'}, 'picture': {'large': 'https://randomuser.me/api/portraits/women/69.jpg', 'medium': 'https://randomuser.me/api/portraits/med/women/69.jpg', 'thumbnail': 'https://randomuser.me/api/portraits/thumb/women/69.jpg'}, 'nat': 'RS'}], 'info': {'seed': '19f1cfdc4ac4d9d7', 'results': 1, 'page': 1, 'version': '1.4'}}</msg>
<arg>${json_data}</arg>
<doc>Logs the given message with the given level.</doc>
<status status="PASS" start="2024-07-19T16:18:46.374655" elapsed="0.000202"/>
</kw>
<kw name="Should Be String" owner="String">
<arg>${json_data['results'][0]['gender']}</arg>
<doc>Fails if the given ``item`` is not a string.</doc>
<status status="PASS" start="2024-07-19T16:18:46.375149" elapsed="0.000359"/>
</kw>
<kw name="Should Match Regexp" owner="BuiltIn">
<arg>${json_data['results'][0]['email']}</arg>
<arg>^[a-zA-Z0-9._%+-]+@[a-zA-Z0-9.-]+\.[a-zA-Z]{2,}$</arg>
<doc>Fails if ``string`` does not match ``pattern`` as a regular expression.</doc>
<status status="PASS" start="2024-07-19T16:18:46.375728" elapsed="0.000513"/>
</kw>
<kw name="Should Match Regexp" owner="BuiltIn">
<arg>${json_data['results'][0]['dob']['date']}</arg>
<arg>\\d{4}-\\d{2}-\\d{2}T\\d{2}:\\d{2}:\\d{2}\\.\\d{3}Z</arg>
<doc>Fails if ``string`` does not match ``pattern`` as a regular expression.</doc>
<status status="PASS" start="2024-07-19T16:18:46.376432" elapsed="0.000588"/>
</kw>
<kw name="Should Match Regexp" owner="BuiltIn">
<arg>${json_data['results'][0]['registered']['date']}</arg>
<arg>\\d{4}-\\d{2}-\\d{2}T\\d{2}:\\d{2}:\\d{2}\\.\\d{3}Z</arg>
<doc>Fails if ``string`` does not match ``pattern`` as a regular expression.</doc>
<status status="PASS" start="2024-07-19T16:18:46.377208" elapsed="0.000404"/>
</kw>
<kw name="Should Match Regexp" owner="BuiltIn">
<arg>${json_data['results'][0]['picture']['large']}</arg>
<arg>^https?://.*\.(?:png|jpe?g|gif|bmp)$</arg>
<doc>Fails if ``string`` does not match ``pattern`` as a regular expression.</doc>
<status status="PASS" start="2024-07-19T16:18:46.377798" elapsed="0.000456"/>
</kw>
<kw name="Should Match Regexp" owner="BuiltIn">
<arg>${json_data['results'][0]['picture']['medium']}</arg>
<arg>^https?://.*\.(?:png|jpe?g|gif|bmp)$</arg>
<doc>Fails if ``string`` does not match ``pattern`` as a regular expression.</doc>
<status status="PASS" start="2024-07-19T16:18:46.378437" elapsed="0.000346"/>
</kw>
<kw name="Should Match Regexp" owner="BuiltIn">
<arg>${json_data['results'][0]['picture']['thumbnail']}</arg>
<arg>^https?://.*\.(?:png|jpe?g|gif|bmp)$</arg>
<doc>Fails if ``string`` does not match ``pattern`` as a regular expression.</doc>
<status status="PASS" start="2024-07-19T16:18:46.378962" elapsed="0.000346"/>
</kw>
<kw name="Log" owner="BuiltIn">
<msg time="2024-07-19T16:18:46.379800" level="INFO">{'large': 'https://randomuser.me/api/portraits/women/69.jpg', 'medium': 'https://randomuser.me/api/portraits/med/women/69.jpg', 'thumbnail': 'https://randomuser.me/api/portraits/thumb/women/69.jpg'}</msg>
<arg>${json_data['results'][0]['picture']}</arg>
<doc>Logs the given message with the given level.</doc>
<status status="PASS" start="2024-07-19T16:18:46.379485" elapsed="0.000357"/>
</kw>
<status status="PASS" start="2024-07-19T16:18:46.262139" elapsed="0.117955"/>
</kw>
<kw name="Teste de Tipos de Dados - Postcode" owner="random-user-service">
<kw name="GET On Session" owner="RequestsLibrary">
<msg time="2024-07-19T16:18:46.468808" level="INFO">GET Request : url=https://randomuser.me/api 
 path_url=/api 
 headers={'User-Agent': 'python-requests/2.32.3', 'Accept-Encoding': 'gzip, deflate', 'Accept': '*/*', 'Connection': 'keep-alive'} 
 body=None 
 </msg>
<msg time="2024-07-19T16:18:46.468870" level="INFO">GET Response : url=https://randomuser.me/api 
 status=200, reason=OK 
 headers={'Date': 'Fri, 19 Jul 2024 16:18:46 GMT', 'Content-Type': 'application/json; charset=utf-8', 'Transfer-Encoding': 'chunked', 'Connection': 'keep-alive', 'X-Powered-By': 'Express', 'Access-Control-Allow-Origin': '*', 'Cache-Control': 'no-cache', 'ETag': 'W/"495-lCFZrAhMAQqgfaLOVy1y1Kpd8do"', 'Vary': 'Accept-Encoding', 'Content-Encoding': 'gzip', 'CF-Cache-Status': 'DYNAMIC', 'Report-To': '{"endpoints":[{"url":"https:\\/\\/a.nel.cloudflare.com\\/report\\/v4?s=QVlINtyLlPfsm4ybrNS7YjT%2FhNh%2F%2BOK2PgZg3%2BEgk0V1U1WhSTlLKvajVdLd3fshsIktydI2S%2BTE3aGl4bzPG4sfuh3kvLa7gKhyf4ViKeT%2BLgs3T0fg%2FbvOJit5UrsD"}],"group":"cf-nel","max_age":604800}', 'NEL': '{"success_fraction":0,"report_to":"cf-nel","max_age":604800}', 'Server': 'cloudflare', 'CF-RAY': '8a5c077feacd96d5-SJC', 'alt-svc': 'h3=":443"; ma=86400'} 
 body={"results":[{"gender":"male","name":{"title":"Monsieur","first":"Manuel","last":"Charles"},"location":{"street":{"number":989,"name":"Rue de L'Abbé-De-L'Épée"},"city":"Walenstadt","state":"Zürich","country":"Switzerland","postcode":3544,"coordinates":{"latitude":"-55.7943","longitude":"-174.2465"},"timezone":{"offset":"-3:30","description":"Newfoundland"}},"email":"manuel.charles@example.com","login":{"uuid":"92418ff3-1973-47ce-9219-8c7249bdedca","username":"bigmouse577","password":"brennan","salt":"fMEoEW4K","md5":"cc508202eaaa7bfa11c30c608dc5d463","sha1":"774f94ba85460f05679d62a746e89725ac3ee903","sha256":"bbfb8ac3dc192661637fa9b4173b18c687bd0996f7c196e32e49e9b440409e6e"},"dob":{"date":"1987-03-25T08:19:11.381Z","age":37},"registered":{"date":"2011-08-18T00:24:59.864Z","age":12},"phone":"078 788 87 61","cell":"078 293 51 46","id":{"name":"AVS","value":"756.5156.2034.29"},"picture":{"large":"https://randomuser.me/api/portraits/men/15.jpg","medium":"https://randomuser.me/api/portraits/med/men/15.jpg","thumbnail":"https://randomuser.me/api/portraits/thumb/men/15.jpg"},"nat":"CH"}],"info":{"seed":"7fda041ab1574aad","results":1,"page":1,"version":"1.4"}} 
 </msg>
<msg time="2024-07-19T16:18:46.468925" level="INFO">/opt/hostedtoolcache/Python/3.12.4/x64/lib/python3.12/site-packages/urllib3/connectionpool.py:1099: InsecureRequestWarning: Unverified HTTPS request is being made to host 'randomuser.me'. Adding certificate verification is strongly advised. See: https://urllib3.readthedocs.io/en/latest/advanced-usage.html#tls-warnings
  warnings.warn(</msg>
<msg time="2024-07-19T16:18:46.469029" level="INFO">${response} = &lt;Response [200]&gt;</msg>
<var>${response}</var>
<arg>consultarAPI</arg>
<arg>/api</arg>
<doc>Sends a GET request on a previously created HTTP Session.</doc>
<status status="PASS" start="2024-07-19T16:18:46.380512" elapsed="0.088557"/>
</kw>
<kw name="Set Variable" owner="BuiltIn">
<msg time="2024-07-19T16:18:46.469932" level="INFO">${json_data} = {'results': [{'gender': 'male', 'name': {'title': 'Monsieur', 'first': 'Manuel', 'last': 'Charles'}, 'location': {'street': {'number': 989, 'name': "Rue de L'Abbé-De-L'Épée"}, 'city': 'Walenstadt', 's...</msg>
<var>${json_data}</var>
<arg>${response.json()}</arg>
<doc>Returns the given values which can then be assigned to a variables.</doc>
<status status="PASS" start="2024-07-19T16:18:46.469448" elapsed="0.000513"/>
</kw>
<kw name="Log" owner="BuiltIn">
<msg time="2024-07-19T16:18:46.470420" level="INFO">{'results': [{'gender': 'male', 'name': {'title': 'Monsieur', 'first': 'Manuel', 'last': 'Charles'}, 'location': {'street': {'number': 989, 'name': "Rue de L'Abbé-De-L'Épée"}, 'city': 'Walenstadt', 'state': 'Zürich', 'country': 'Switzerland', 'postcode': 3544, 'coordinates': {'latitude': '-55.7943', 'longitude': '-174.2465'}, 'timezone': {'offset': '-3:30', 'description': 'Newfoundland'}}, 'email': 'manuel.charles@example.com', 'login': {'uuid': '92418ff3-1973-47ce-9219-8c7249bdedca', 'username': 'bigmouse577', 'password': 'brennan', 'salt': 'fMEoEW4K', 'md5': 'cc508202eaaa7bfa11c30c608dc5d463', 'sha1': '774f94ba85460f05679d62a746e89725ac3ee903', 'sha256': 'bbfb8ac3dc192661637fa9b4173b18c687bd0996f7c196e32e49e9b440409e6e'}, 'dob': {'date': '1987-03-25T08:19:11.381Z', 'age': 37}, 'registered': {'date': '2011-08-18T00:24:59.864Z', 'age': 12}, 'phone': '078 788 87 61', 'cell': '078 293 51 46', 'id': {'name': 'AVS', 'value': '756.5156.2034.29'}, 'picture': {'large': 'https://randomuser.me/api/portraits/men/15.jpg', 'medium': 'https://randomuser.me/api/portraits/med/men/15.jpg', 'thumbnail': 'https://randomuser.me/api/portraits/thumb/men/15.jpg'}, 'nat': 'CH'}], 'info': {'seed': '7fda041ab1574aad', 'results': 1, 'page': 1, 'version': '1.4'}}</msg>
<arg>${json_data}</arg>
<doc>Logs the given message with the given level.</doc>
<status status="PASS" start="2024-07-19T16:18:46.470261" elapsed="0.000209"/>
</kw>
<kw name="Should Be Equal As Numbers" owner="BuiltIn">
<arg>${json_data['results'][0]['location']['postcode']}</arg>
<arg>${json_data['results'][0]['location']['postcode']}</arg>
<doc>Fails if objects are unequal after converting them to real numbers.</doc>
<status status="PASS" start="2024-07-19T16:18:46.470767" elapsed="0.000605"/>
</kw>
<kw name="Log" owner="BuiltIn">
<msg time="2024-07-19T16:18:46.471925" level="INFO">3544</msg>
<arg>${json_data['results'][0]['location']['postcode']}</arg>
<doc>Logs the given message with the given level.</doc>
<status status="PASS" start="2024-07-19T16:18:46.471591" elapsed="0.000374"/>
</kw>
<status status="PASS" start="2024-07-19T16:18:46.380299" elapsed="0.091914"/>
</kw>
<doc>Testa se os tipos de dados na resposta da API estão corretos.</doc>
<tag>testeTiposDados</tag>
<status status="PASS" start="2024-07-19T16:18:46.261623" elapsed="0.210744"/>
</test>
<test id="s1-s1-t5" name="Validar conteudo" line="35">
<kw name="Teste de Tipos de Conteudo" owner="random-user-service">
<kw name="GET On Session" owner="RequestsLibrary">
<msg time="2024-07-19T16:18:46.600055" level="INFO">GET Request : url=https://randomuser.me/api 
 path_url=/api 
 headers={'User-Agent': 'python-requests/2.32.3', 'Accept-Encoding': 'gzip, deflate', 'Accept': '*/*', 'Connection': 'keep-alive'} 
 body=None 
 </msg>
<msg time="2024-07-19T16:18:46.600119" level="INFO">GET Response : url=https://randomuser.me/api 
 status=200, reason=OK 
 headers={'Date': 'Fri, 19 Jul 2024 16:18:46 GMT', 'Content-Type': 'application/json; charset=utf-8', 'Transfer-Encoding': 'chunked', 'Connection': 'keep-alive', 'X-Powered-By': 'Express', 'Access-Control-Allow-Origin': '*', 'Cache-Control': 'no-cache', 'ETag': 'W/"494-TjFPnaJRxQTmbCsIX+sn0ayjCeI"', 'Vary': 'Accept-Encoding', 'Content-Encoding': 'gzip', 'CF-Cache-Status': 'DYNAMIC', 'Report-To': '{"endpoints":[{"url":"https:\\/\\/a.nel.cloudflare.com\\/report\\/v4?s=vXqMmLih8FJM6GwFK7w7zGXO4inFXo7EgqR%2FoYJUFBtGeWbmjaqoWYNfA%2FRMrwwHwvt6%2By620OXwjJ6nMkI6OaAzM30W57RQVYb2ZSyzampEJtSiyf7vN8Wqkm9ilxP%2F"}],"group":"cf-nel","max_age":604800}', 'NEL': '{"success_fraction":0,"report_to":"cf-nel","max_age":604800}', 'Server': 'cloudflare', 'CF-RAY': '8a5c07807b7696d5-SJC', 'alt-svc': 'h3=":443"; ma=86400'} 
 body={"results":[{"gender":"male","name":{"title":"Mr","first":"Yunnuel","last":"Patiño"},"location":{"street":{"number":194,"name":"Prolongación Norte Serna"},"city":"San José Casas Caídas","state":"Guanajuato","country":"Mexico","postcode":72159,"coordinates":{"latitude":"26.5926","longitude":"-124.7219"},"timezone":{"offset":"-9:00","description":"Alaska"}},"email":"yunnuel.patino@example.com","login":{"uuid":"fa10eb5b-2ae3-478e-b2a4-bcca4be92fa6","username":"redfish757","password":"brittany","salt":"lN3pEH6T","md5":"b991be19f5bf989bde026c51cd5027ad","sha1":"750f5b30b17da7d2ce03476fb8bb719bfb1fc434","sha256":"6e571c225a0436cd61393d148813d47619409a4287585ec309530ee7d2f74bb4"},"dob":{"date":"1989-10-30T10:48:00.439Z","age":34},"registered":{"date":"2017-12-31T09:36:40.970Z","age":6},"phone":"(627) 961 9645","cell":"(650) 821 7130","id":{"name":"NSS","value":"47 61 74 1605 0"},"picture":{"large":"https://randomuser.me/api/portraits/men/64.jpg","medium":"https://randomuser.me/api/portraits/med/men/64.jpg","thumbnail":"https://randomuser.me/api/portraits/thumb/men/64.jpg"},"nat":"MX"}],"info":{"seed":"d5e41c7f97909967","results":1,"page":1,"version":"1.4"}} 
 </msg>
<msg time="2024-07-19T16:18:46.600175" level="INFO">/opt/hostedtoolcache/Python/3.12.4/x64/lib/python3.12/site-packages/urllib3/connectionpool.py:1099: InsecureRequestWarning: Unverified HTTPS request is being made to host 'randomuser.me'. Adding certificate verification is strongly advised. See: https://urllib3.readthedocs.io/en/latest/advanced-usage.html#tls-warnings
  warnings.warn(</msg>
<msg time="2024-07-19T16:18:46.600279" level="INFO">${response} = &lt;Response [200]&gt;</msg>
<var>${response}</var>
<arg>consultarAPI</arg>
<arg>/api</arg>
<doc>Sends a GET request on a previously created HTTP Session.</doc>
<status status="PASS" start="2024-07-19T16:18:46.474878" elapsed="0.125443"/>
</kw>
<kw name="Set Variable" owner="BuiltIn">
<msg time="2024-07-19T16:18:46.601141" level="INFO">${json_data} = {'results': [{'gender': 'male', 'name': {'title': 'Mr', 'first': 'Yunnuel', 'last': 'Patiño'}, 'location': {'street': {'number': 194, 'name': 'Prolongación Norte Serna'}, 'city': 'San José Casas Caída...</msg>
<var>${json_data}</var>
<arg>${response.json()}</arg>
<doc>Returns the given values which can then be assigned to a variables.</doc>
<status status="PASS" start="2024-07-19T16:18:46.600700" elapsed="0.000470"/>
</kw>
<kw name="Set Variable" owner="BuiltIn">
<msg time="2024-07-19T16:18:46.601904" level="INFO">${name_title} = Mr</msg>
<var>${name_title}</var>
<arg>${json_data["results"][0]["name"]["title"]}</arg>
<doc>Returns the given values which can then be assigned to a variables.</doc>
<status status="PASS" start="2024-07-19T16:18:46.601511" elapsed="0.000419"/>
</kw>
<kw name="Create List" owner="BuiltIn">
<msg time="2024-07-19T16:18:46.602373" level="INFO">${allowed_titles} = ['Mr', 'Ms', 'Miss', 'Mrs', 'Madame', 'Monsieur']</msg>
<var>${allowed_titles}</var>
<arg>Mr</arg>
<arg>Ms</arg>
<arg>Miss</arg>
<arg>Mrs</arg>
<arg>Madame</arg>
<arg>Monsieur</arg>
<doc>Returns a list containing given items.</doc>
<status status="PASS" start="2024-07-19T16:18:46.602227" elapsed="0.000170"/>
</kw>
<kw name="List Should Contain Value" owner="Collections">
<arg>${allowed_titles}</arg>
<arg>${name_title}</arg>
<doc>Fails if the ``value`` is not found from ``list``.</doc>
<status status="PASS" start="2024-07-19T16:18:46.602689" elapsed="0.000175"/>
</kw>
<kw name="Set Variable" owner="BuiltIn">
<msg time="2024-07-19T16:18:46.603408" level="INFO">${name_country} = MX</msg>
<var>${name_country}</var>
<arg>${json_data["results"][0]["nat"]}</arg>
<doc>Returns the given values which can then be assigned to a variables.</doc>
<status status="PASS" start="2024-07-19T16:18:46.603045" elapsed="0.000387"/>
</kw>
<kw name="Create List" owner="BuiltIn">
<msg time="2024-07-19T16:18:46.604315" level="INFO">${list_country} = ['AD', 'AE', 'AF', 'AG', 'AI', 'AL', 'AM', 'AO', 'AQ', 'AR', 'AS', 'AT', 'AU', 'AW', 'AX', 'AZ', 'BA', 'BB', 'BD', 'BE', 'BF', 'BG', 'BH', 'BI', 'BJ', 'BL', 'BM', 'BN', 'BO', 'BQ', 'BR', 'BS', 'BT', '...</msg>
<var>${list_country}</var>
<arg>AD</arg>
<arg>AE</arg>
<arg>AF</arg>
<arg>AG</arg>
<arg>AI</arg>
<arg>AL</arg>
<arg>AM</arg>
<arg>AO</arg>
<arg>AQ</arg>
<arg>AR</arg>
<arg>AS</arg>
<arg>AT</arg>
<arg>AU</arg>
<arg>AW</arg>
<arg>AX</arg>
<arg>AZ</arg>
<arg>BA</arg>
<arg>BB</arg>
<arg>BD</arg>
<arg>BE</arg>
<arg>BF</arg>
<arg>BG</arg>
<arg>BH</arg>
<arg>BI</arg>
<arg>BJ</arg>
<arg>BL</arg>
<arg>BM</arg>
<arg>BN</arg>
<arg>BO</arg>
<arg>BQ</arg>
<arg>BR</arg>
<arg>BS</arg>
<arg>BT</arg>
<arg>BV</arg>
<arg>BW</arg>
<arg>BY</arg>
<arg>BZ</arg>
<arg>CA</arg>
<arg>CC</arg>
<arg>CD</arg>
<arg>CF</arg>
<arg>CG</arg>
<arg>CH</arg>
<arg>CI</arg>
<arg>CK</arg>
<arg>CL</arg>
<arg>CM</arg>
<arg>CN</arg>
<arg>CO</arg>
<arg>CR</arg>
<arg>CU</arg>
<arg>CV</arg>
<arg>CW</arg>
<arg>CX</arg>
<arg>CY</arg>
<arg>CZ</arg>
<arg>DE</arg>
<arg>DJ</arg>
<arg>DK</arg>
<arg>DM</arg>
<arg>DO</arg>
<arg>DZ</arg>
<arg>EC</arg>
<arg>EE</arg>
<arg>EG</arg>
<arg>EH</arg>
<arg>ER</arg>
<arg>ES</arg>
<arg>ET</arg>
<arg>FI</arg>
<arg>FJ</arg>
<arg>FK</arg>
<arg>FM</arg>
<arg>FO</arg>
<arg>FR</arg>
<arg>GA</arg>
<arg>GB</arg>
<arg>GD</arg>
<arg>GE</arg>
<arg>GF</arg>
<arg>GG</arg>
<arg>GH</arg>
<arg>GI</arg>
<arg>GL</arg>
<arg>GM</arg>
<arg>GN</arg>
<arg>GP</arg>
<arg>GQ</arg>
<arg>GR</arg>
<arg>GS</arg>
<arg>GT</arg>
<arg>GU</arg>
<arg>GW</arg>
<arg>GY</arg>
<arg>HK</arg>
<arg>HM</arg>
<arg>HN</arg>
<arg>HR</arg>
<arg>HT</arg>
<arg>HU</arg>
<arg>ID</arg>
<arg>IE</arg>
<arg>IL</arg>
<arg>IM</arg>
<arg>IN</arg>
<arg>IO</arg>
<arg>IQ</arg>
<arg>IR</arg>
<arg>IS</arg>
<arg>IT</arg>
<arg>JE</arg>
<arg>JM</arg>
<arg>JO</arg>
<arg>JP</arg>
<arg>KE</arg>
<arg>KG</arg>
<arg>KH</arg>
<arg>KI</arg>
<arg>KM</arg>
<arg>KN</arg>
<arg>KP</arg>
<arg>KR</arg>
<arg>KW</arg>
<arg>KY</arg>
<arg>KZ</arg>
<arg>LA</arg>
<arg>LB</arg>
<arg>LC</arg>
<arg>LI</arg>
<arg>LK</arg>
<arg>LR</arg>
<arg>LS</arg>
<arg>LT</arg>
<arg>LU</arg>
<arg>LV</arg>
<arg>LY</arg>
<arg>MA</arg>
<arg>MC</arg>
<arg>MD</arg>
<arg>ME</arg>
<arg>MF</arg>
<arg>MG</arg>
<arg>MH</arg>
<arg>MK</arg>
<arg>ML</arg>
<arg>MM</arg>
<arg>MN</arg>
<arg>MO</arg>
<arg>MP</arg>
<arg>MQ</arg>
<arg>MR</arg>
<arg>MS</arg>
<arg>MT</arg>
<arg>MU</arg>
<arg>MV</arg>
<arg>MW</arg>
<arg>MX</arg>
<arg>MY</arg>
<arg>MZ</arg>
<arg>NA</arg>
<arg>NC</arg>
<arg>NE</arg>
<arg>NF</arg>
<arg>NG</arg>
<arg>NI</arg>
<arg>NL</arg>
<arg>NO</arg>
<arg>NP</arg>
<arg>NR</arg>
<arg>NU</arg>
<arg>NZ</arg>
<arg>OM</arg>
<arg>PA</arg>
<arg>PE</arg>
<arg>PF</arg>
<arg>PG</arg>
<arg>PH</arg>
<arg>PK</arg>
<arg>PL</arg>
<arg>PM</arg>
<arg>PN</arg>
<arg>PR</arg>
<arg>PS</arg>
<arg>PT</arg>
<arg>PW</arg>
<arg>PY</arg>
<arg>QA</arg>
<arg>RE</arg>
<arg>RO</arg>
<arg>RS</arg>
<arg>RU</arg>
<arg>RW</arg>
<arg>SA</arg>
<arg>SB</arg>
<arg>SC</arg>
<arg>SD</arg>
<arg>SE</arg>
<arg>SG</arg>
<arg>SH</arg>
<arg>SI</arg>
<arg>SJ</arg>
<arg>SK</arg>
<arg>SL</arg>
<arg>SM</arg>
<arg>SN</arg>
<arg>SO</arg>
<arg>SR</arg>
<arg>SS</arg>
<arg>ST</arg>
<arg>SV</arg>
<arg>SX</arg>
<arg>SY</arg>
<arg>SZ</arg>
<arg>TC</arg>
<arg>TD</arg>
<arg>TF</arg>
<arg>TG</arg>
<arg>TH</arg>
<arg>TJ</arg>
<arg>TK</arg>
<arg>TL</arg>
<arg>TM</arg>
<arg>TN</arg>
<arg>TO</arg>
<arg>TR</arg>
<arg>TT</arg>
<arg>TV</arg>
<arg>TW</arg>
<arg>TZ</arg>
<arg>UA</arg>
<arg>UG</arg>
<arg>UM</arg>
<arg>US</arg>
<arg>UY</arg>
<arg>UZ</arg>
<arg>VA</arg>
<arg>VC</arg>
<arg>VE</arg>
<arg>VG</arg>
<arg>VI</arg>
<arg>VN</arg>
<arg>VU</arg>
<arg>WF</arg>
<arg>WS</arg>
<arg>XK</arg>
<arg>YE</arg>
<arg>YT</arg>
<arg>ZA</arg>
<arg>ZM</arg>
<arg>ZW</arg>
<doc>Returns a list containing given items.</doc>
<status status="PASS" start="2024-07-19T16:18:46.603728" elapsed="0.000612"/>
</kw>
<kw name="List Should Contain Value" owner="Collections">
<arg>${list_country}</arg>
<arg>${name_country}</arg>
<doc>Fails if the ``value`` is not found from ``list``.</doc>
<status status="PASS" start="2024-07-19T16:18:46.605257" elapsed="0.000223"/>
</kw>
<kw name="Run Keyword If" owner="BuiltIn">
<kw name="Should Be True" owner="BuiltIn">
<arg>${True}</arg>
<doc>Fails if the given condition is not true.</doc>
<status status="PASS" start="2024-07-19T16:18:46.606424" elapsed="0.000139"/>
</kw>
<arg>${json_data["results"][0]["location"]["coordinates"]["latitude"]} &gt;= -90 and ${json_data["results"][0]["location"]["coordinates"]["latitude"]} &lt;= 90</arg>
<arg>Should Be True</arg>
<arg>${True}</arg>
<doc>Runs the given keyword with the given arguments, if ``condition`` is true.</doc>
<status status="PASS" start="2024-07-19T16:18:46.605688" elapsed="0.000997"/>
</kw>
<kw name="Run Keyword If" owner="BuiltIn">
<kw name="Should Be True" owner="BuiltIn">
<arg>${True}</arg>
<doc>Fails if the given condition is not true.</doc>
<status status="PASS" start="2024-07-19T16:18:46.607547" elapsed="0.000134"/>
</kw>
<arg>${json_data["results"][0]["location"]["coordinates"]["longitude"]} &gt;= -180 and ${json_data["results"][0]["location"]["coordinates"]["longitude"]} &lt;= 180</arg>
<arg>Should Be True</arg>
<arg>${True}</arg>
<doc>Runs the given keyword with the given arguments, if ``condition`` is true.</doc>
<status status="PASS" start="2024-07-19T16:18:46.606868" elapsed="0.000935"/>
</kw>
<status status="PASS" start="2024-07-19T16:18:46.474662" elapsed="0.133267"/>
</kw>
<doc>Testa o conteúdo específico dos campos retornados pela API.</doc>
<tag>testeConteudo</tag>
<status status="PASS" start="2024-07-19T16:18:46.474138" elapsed="0.133929"/>
</test>
<status status="PASS" start="2024-07-19T16:18:45.664209" elapsed="0.945797"/>
</suite>
<status status="PASS" start="2024-07-19T16:18:45.649376" elapsed="0.965608"/>
</suite>
<statistics>
<total>
<stat pass="5" fail="0" skip="0">All Tests</stat>
</total>
<tag>
<stat pass="1" fail="0" skip="0">testeConteudo</stat>
<stat pass="1" fail="0" skip="0">testeEstruturaResposta</stat>
<stat pass="1" fail="0" skip="0">testeRequisicaoBasica</stat>
<stat pass="1" fail="0" skip="0">testeTiposDados</stat>
</tag>
<suite>
<stat pass="5" fail="0" skip="0" id="s1" name="Tests">Tests</stat>
<stat pass="5" fail="0" skip="0" id="s1-s1" name="Random-User-Test">Tests.Random-User-Test</stat>
</suite>
</statistics>
<errors>
</errors>
</robot>
