<?xml version="1.0" encoding="UTF-8"?>
<robot generator="Robot 7.0.1 (Python 3.12.3 on linux)" generated="2024-06-11T08:19:41.406715" rpa="false" schemaversion="5">
<suite id="s1" name="Tests" source="/home/runner/work/ApiRandomUser/ApiRandomUser/RamdonUser/tests">
<suite id="s1-s1" name="Random-User-Test" source="/home/runner/work/ApiRandomUser/ApiRandomUser/RamdonUser/tests/random-user-test.robot">
<test id="s1-s1-t1" name="Conectar" line="13">
<kw name="Conectar API" owner="random-user-service">
<kw name="Create Session" owner="RequestsLibrary">
<msg time="2024-06-11T08:19:41.825390" level="INFO">Creating Session using : alias=consultarAPI, url=https://randomuser.me/, headers={},                     cookies={}, auth=None, timeout=None, proxies=None, verify=False,                     debug=0 </msg>
<arg>consultarAPI</arg>
<arg>${URL}</arg>
<doc>Create Session: create a HTTP session to a server</doc>
<status status="PASS" start="2024-06-11T08:19:41.825150" elapsed="0.000448"/>
</kw>
<status status="PASS" start="2024-06-11T08:19:41.824039" elapsed="0.002011"/>
</kw>
<status status="PASS" start="2024-06-11T08:19:41.823420" elapsed="0.002841"/>
</test>
<test id="s1-s1-t2" name="Validar retorno 200 e JSON Válido" line="16">
<kw name="Teste de Requisicao Basica" owner="random-user-service">
<kw name="GET On Session" owner="RequestsLibrary">
<msg time="2024-06-11T08:19:41.991220" level="INFO">GET Request : url=https://randomuser.me/api 
 path_url=/api 
 headers={'User-Agent': 'python-requests/2.32.3', 'Accept-Encoding': 'gzip, deflate', 'Accept': '*/*', 'Connection': 'keep-alive'} 
 body=None 
 </msg>
<msg time="2024-06-11T08:19:41.991404" level="INFO">GET Response : url=https://randomuser.me/api 
 status=200, reason=OK 
 headers={'Date': 'Tue, 11 Jun 2024 08:19:41 GMT', 'Content-Type': 'application/json; charset=utf-8', 'Transfer-Encoding': 'chunked', 'Connection': 'keep-alive', 'X-Powered-By': 'Express', 'Access-Control-Allow-Origin': '*', 'Cache-Control': 'no-cache', 'ETag': 'W/"487-SJpJABtlyx3rZzmHlsJ40tMGGLg"', 'Vary': 'Accept-Encoding', 'Content-Encoding': 'gzip', 'CF-Cache-Status': 'DYNAMIC', 'Report-To': '{"endpoints":[{"url":"https:\\/\\/a.nel.cloudflare.com\\/report\\/v4?s=cJCR4vgD1CJF01PijiKzwAhk56yD2Y6nJxNEOOBQ%2B8s1Gs7vFrzoS3PVuRyF17JN%2BGcE%2BsGYKDuZ5pl%2BB4fG8Evi8KG3yli%2Fg0lYyEoKs%2FFelIcwN7RsM4f5LwO%2FzJ0O"}],"group":"cf-nel","max_age":604800}', 'NEL': '{"success_fraction":0,"report_to":"cf-nel","max_age":604800}', 'Server': 'cloudflare', 'CF-RAY': '89202d7b5d0e8212-IAD', 'alt-svc': 'h3=":443"; ma=86400'} 
 body={"results":[{"gender":"male","name":{"title":"Mr","first":"Malthe","last":"Poulsen"},"location":{"street":{"number":6779,"name":"Vestervang"},"city":"Lundby","state":"Midtjylland","country":"Denmark","postcode":64675,"coordinates":{"latitude":"-41.4342","longitude":"-136.3008"},"timezone":{"offset":"+8:00","description":"Beijing, Perth, Singapore, Hong Kong"}},"email":"malthe.poulsen@example.com","login":{"uuid":"8ddae779-ef34-425e-9ec0-eb14445f39e5","username":"smallbird898","password":"telefon","salt":"49nskw6Z","md5":"d52de32d0363ee0b70589f4c5da7bfe6","sha1":"41510cf1aa69620f4736beb5af48f0f29e8c5f05","sha256":"48b6db54b4c63a7c70edbf6e3ebe443ccbf70e004429946e3d625da06c957110"},"dob":{"date":"1986-12-04T00:20:02.112Z","age":37},"registered":{"date":"2003-10-20T07:34:39.331Z","age":20},"phone":"22392593","cell":"00198162","id":{"name":"CPR","value":"031286-8042"},"picture":{"large":"https://randomuser.me/api/portraits/men/29.jpg","medium":"https://randomuser.me/api/portraits/med/men/29.jpg","thumbnail":"https://randomuser.me/api/portraits/thumb/men/29.jpg"},"nat":"DK"}],"info":{"seed":"052b68584d06a641","results":1,"page":1,"version":"1.4"}} 
 </msg>
<msg time="2024-06-11T08:19:41.991496" level="INFO">/opt/hostedtoolcache/Python/3.12.3/x64/lib/python3.12/site-packages/urllib3/connectionpool.py:1103: InsecureRequestWarning: Unverified HTTPS request is being made to host 'randomuser.me'. Adding certificate verification is strongly advised. See: https://urllib3.readthedocs.io/en/latest/advanced-usage.html#tls-warnings
  warnings.warn(</msg>
<msg time="2024-06-11T08:19:41.991653" level="INFO">${response} = &lt;Response [200]&gt;</msg>
<var>${response}</var>
<arg>consultarAPI</arg>
<arg>/api</arg>
<doc>Sends a GET request on a previously created HTTP Session.</doc>
<status status="PASS" start="2024-06-11T08:19:41.828960" elapsed="0.162737"/>
</kw>
<kw name="Should Be Equal As Numbers" owner="BuiltIn">
<msg time="2024-06-11T08:19:41.992978" level="INFO">Argument types are:
&lt;class 'int'&gt;
&lt;class 'str'&gt;</msg>
<arg>${response.status_code}</arg>
<arg>200</arg>
<doc>Fails if objects are unequal after converting them to real numbers.</doc>
<status status="PASS" start="2024-06-11T08:19:41.992314" elapsed="0.000770"/>
</kw>
<kw name="Log" owner="BuiltIn">
<msg time="2024-06-11T08:19:41.994071" level="INFO">200</msg>
<arg>${response.status_code}</arg>
<doc>Logs the given message with the given level.</doc>
<status status="PASS" start="2024-06-11T08:19:41.993559" elapsed="0.000575"/>
</kw>
<kw name="Set Variable" owner="BuiltIn">
<msg time="2024-06-11T08:19:41.995166" level="INFO">${json_data} = {'results': [{'gender': 'male', 'name': {'title': 'Mr', 'first': 'Malthe', 'last': 'Poulsen'}, 'location': {'street': {'number': 6779, 'name': 'Vestervang'}, 'city': 'Lundby', 'state': 'Midtjylland', ...</msg>
<var>${json_data}</var>
<arg>${response.json()}</arg>
<doc>Returns the given values which can then be assigned to a variables.</doc>
<status status="PASS" start="2024-06-11T08:19:41.994558" elapsed="0.000645"/>
</kw>
<kw name="Dictionary Should Contain Key" owner="Collections">
<arg>${json_data}</arg>
<arg>results</arg>
<doc>Fails if ``key`` is not found from ``dictionary``.</doc>
<status status="PASS" start="2024-06-11T08:19:41.995594" elapsed="0.000181"/>
</kw>
<status status="PASS" start="2024-06-11T08:19:41.828692" elapsed="0.167241"/>
</kw>
<doc>Testa se a API responde corretamente e retorna um objeto JSON válido.</doc>
<tag>testeRequisicaoBasica</tag>
<status status="PASS" start="2024-06-11T08:19:41.828149" elapsed="0.167966"/>
</test>
<test id="s1-s1-t3" name="Validar estrutura de resposta" line="22">
<kw name="Teste de Estrutura de Resposta" owner="random-user-service">
<kw name="GET On Session" owner="RequestsLibrary">
<msg time="2024-06-11T08:19:42.115626" level="INFO">GET Request : url=https://randomuser.me/api 
 path_url=/api 
 headers={'User-Agent': 'python-requests/2.32.3', 'Accept-Encoding': 'gzip, deflate', 'Accept': '*/*', 'Connection': 'keep-alive'} 
 body=None 
 </msg>
<msg time="2024-06-11T08:19:42.115735" level="INFO">GET Response : url=https://randomuser.me/api 
 status=200, reason=OK 
 headers={'Date': 'Tue, 11 Jun 2024 08:19:42 GMT', 'Content-Type': 'application/json; charset=utf-8', 'Transfer-Encoding': 'chunked', 'Connection': 'keep-alive', 'X-Powered-By': 'Express', 'Access-Control-Allow-Origin': '*', 'Cache-Control': 'no-cache', 'ETag': 'W/"495-+Aj97YUJCJ1iTpLJr017b2a2k2U"', 'Vary': 'Accept-Encoding', 'Content-Encoding': 'gzip', 'CF-Cache-Status': 'DYNAMIC', 'Report-To': '{"endpoints":[{"url":"https:\\/\\/a.nel.cloudflare.com\\/report\\/v4?s=fXBroVAo27COxxZeou84mBjvNi5o01QTYdRA%2FsDCCxKaHIoSs0CvvpI9dsxfXfWotYzy6eo0xzpYUqlCkp76wpogVdaURgC%2FkrGqylzAcAZ3o5QPRhPkxdSpGd8SagOO"}],"group":"cf-nel","max_age":604800}', 'NEL': '{"success_fraction":0,"report_to":"cf-nel","max_age":604800}', 'Server': 'cloudflare', 'CF-RAY': '89202d7b8d398212-IAD', 'alt-svc': 'h3=":443"; ma=86400'} 
 body={"results":[{"gender":"male","name":{"title":"Mr","first":"Rodoljub","last":"Radojičić"},"location":{"street":{"number":7999,"name":"Porodice Živković"},"city":"Bela Palanka","state":"Srem","country":"Serbia","postcode":27857,"coordinates":{"latitude":"60.6220","longitude":"-138.6932"},"timezone":{"offset":"-3:00","description":"Brazil, Buenos Aires, Georgetown"}},"email":"rodoljub.radojicic@example.com","login":{"uuid":"b95cb1d3-6a7a-4f71-b652-f3eca877840f","username":"greencat983","password":"great","salt":"APBP8Bd8","md5":"99977ba97b37a568c847b3d51d57d027","sha1":"2eb858dbeb214905aac1c4e0c901322cf220d740","sha256":"182f0d89a09ca2a500b90bde42f80bcda7db0e874c7c0b67cad72fb8e1742fdd"},"dob":{"date":"1957-01-12T16:16:01.790Z","age":67},"registered":{"date":"2020-08-30T15:29:49.717Z","age":3},"phone":"025-4452-091","cell":"067-3122-284","id":{"name":"SID","value":"476079775"},"picture":{"large":"https://randomuser.me/api/portraits/men/78.jpg","medium":"https://randomuser.me/api/portraits/med/men/78.jpg","thumbnail":"https://randomuser.me/api/portraits/thumb/men/78.jpg"},"nat":"RS"}],"info":{"seed":"7985d3824f6b7734","results":1,"page":1,"version":"1.4"}} 
 </msg>
<msg time="2024-06-11T08:19:42.115887" level="INFO">/opt/hostedtoolcache/Python/3.12.3/x64/lib/python3.12/site-packages/urllib3/connectionpool.py:1103: InsecureRequestWarning: Unverified HTTPS request is being made to host 'randomuser.me'. Adding certificate verification is strongly advised. See: https://urllib3.readthedocs.io/en/latest/advanced-usage.html#tls-warnings
  warnings.warn(</msg>
<msg time="2024-06-11T08:19:42.116036" level="INFO">${response} = &lt;Response [200]&gt;</msg>
<var>${response}</var>
<arg>consultarAPI</arg>
<arg>/api</arg>
<doc>Sends a GET request on a previously created HTTP Session.</doc>
<status status="PASS" start="2024-06-11T08:19:41.999109" elapsed="0.116972"/>
</kw>
<kw name="Set Variable" owner="BuiltIn">
<msg time="2024-06-11T08:19:42.117418" level="INFO">${json_data} = {'results': [{'gender': 'male', 'name': {'title': 'Mr', 'first': 'Rodoljub', 'last': 'Radojičić'}, 'location': {'street': {'number': 7999, 'name': 'Porodice Živković'}, 'city': 'Bela Palanka', 'state'...</msg>
<var>${json_data}</var>
<arg>${response.json()}</arg>
<doc>Returns the given values which can then be assigned to a variables.</doc>
<status status="PASS" start="2024-06-11T08:19:42.116783" elapsed="0.000667"/>
</kw>
<kw name="Log" owner="BuiltIn">
<msg time="2024-06-11T08:19:42.118006" level="INFO">{'results': [{'gender': 'male', 'name': {'title': 'Mr', 'first': 'Rodoljub', 'last': 'Radojičić'}, 'location': {'street': {'number': 7999, 'name': 'Porodice Živković'}, 'city': 'Bela Palanka', 'state': 'Srem', 'country': 'Serbia', 'postcode': 27857, 'coordinates': {'latitude': '60.6220', 'longitude': '-138.6932'}, 'timezone': {'offset': '-3:00', 'description': 'Brazil, Buenos Aires, Georgetown'}}, 'email': 'rodoljub.radojicic@example.com', 'login': {'uuid': 'b95cb1d3-6a7a-4f71-b652-f3eca877840f', 'username': 'greencat983', 'password': 'great', 'salt': 'APBP8Bd8', 'md5': '99977ba97b37a568c847b3d51d57d027', 'sha1': '2eb858dbeb214905aac1c4e0c901322cf220d740', 'sha256': '182f0d89a09ca2a500b90bde42f80bcda7db0e874c7c0b67cad72fb8e1742fdd'}, 'dob': {'date': '1957-01-12T16:16:01.790Z', 'age': 67}, 'registered': {'date': '2020-08-30T15:29:49.717Z', 'age': 3}, 'phone': '025-4452-091', 'cell': '067-3122-284', 'id': {'name': 'SID', 'value': '476079775'}, 'picture': {'large': 'https://randomuser.me/api/portraits/men/78.jpg', 'medium': 'https://randomuser.me/api/portraits/med/men/78.jpg', 'thumbnail': 'https://randomuser.me/api/portraits/thumb/men/78.jpg'}, 'nat': 'RS'}], 'info': {'seed': '7985d3824f6b7734', 'results': 1, 'page': 1, 'version': '1.4'}}</msg>
<arg>${json_data}</arg>
<doc>Logs the given message with the given level.</doc>
<status status="PASS" start="2024-06-11T08:19:42.117826" elapsed="0.000239"/>
</kw>
<kw name="Dictionary Should Contain Key" owner="Collections">
<arg>${json_data}</arg>
<arg>results</arg>
<doc>Fails if ``key`` is not found from ``dictionary``.</doc>
<status status="PASS" start="2024-06-11T08:19:42.118391" elapsed="0.000169"/>
</kw>
<kw name="Should Not Be Empty" owner="BuiltIn">
<msg time="2024-06-11T08:19:42.118890" level="INFO">Length is 2.</msg>
<arg>${json_data}</arg>
<doc>Verifies that the given item is not empty.</doc>
<status status="PASS" start="2024-06-11T08:19:42.118753" elapsed="0.000178"/>
</kw>
<kw name="Create List" owner="BuiltIn">
<msg time="2024-06-11T08:19:42.119396" level="INFO">${expected_keys} = ['gender', 'name', 'location', 'email', 'login']</msg>
<var>${expected_keys}</var>
<arg>gender</arg>
<arg>name</arg>
<arg>location</arg>
<arg>email</arg>
<arg>login</arg>
<doc>Returns a list containing given items.</doc>
<status status="PASS" start="2024-06-11T08:19:42.119236" elapsed="0.000184"/>
</kw>
<for flavor="IN">
<iter>
<kw name="Dictionary Should Contain Key" owner="Collections">
<arg>${json_data['results'][0]}</arg>
<arg>${key}</arg>
<doc>Fails if ``key`` is not found from ``dictionary``.</doc>
<status status="PASS" start="2024-06-11T08:19:42.120220" elapsed="0.000469"/>
</kw>
<kw name="Log" owner="BuiltIn">
<msg time="2024-06-11T08:19:42.121262" level="INFO">{'gender': 'male', 'name': {'title': 'Mr', 'first': 'Rodoljub', 'last': 'Radojičić'}, 'location': {'street': {'number': 7999, 'name': 'Porodice Živković'}, 'city': 'Bela Palanka', 'state': 'Srem', 'country': 'Serbia', 'postcode': 27857, 'coordinates': {'latitude': '60.6220', 'longitude': '-138.6932'}, 'timezone': {'offset': '-3:00', 'description': 'Brazil, Buenos Aires, Georgetown'}}, 'email': 'rodoljub.radojicic@example.com', 'login': {'uuid': 'b95cb1d3-6a7a-4f71-b652-f3eca877840f', 'username': 'greencat983', 'password': 'great', 'salt': 'APBP8Bd8', 'md5': '99977ba97b37a568c847b3d51d57d027', 'sha1': '2eb858dbeb214905aac1c4e0c901322cf220d740', 'sha256': '182f0d89a09ca2a500b90bde42f80bcda7db0e874c7c0b67cad72fb8e1742fdd'}, 'dob': {'date': '1957-01-12T16:16:01.790Z', 'age': 67}, 'registered': {'date': '2020-08-30T15:29:49.717Z', 'age': 3}, 'phone': '025-4452-091', 'cell': '067-3122-284', 'id': {'name': 'SID', 'value': '476079775'}, 'picture': {'large': 'https://randomuser.me/api/portraits/men/78.jpg', 'medium': 'https://randomuser.me/api/portraits/med/men/78.jpg', 'thumbnail': 'https://randomuser.me/api/portraits/thumb/men/78.jpg'}, 'nat': 'RS'}</msg>
<arg>${json_data['results'][0]}</arg>
<doc>Logs the given message with the given level.</doc>
<status status="PASS" start="2024-06-11T08:19:42.120884" elapsed="0.000432"/>
</kw>
<kw name="Log" owner="BuiltIn">
<msg time="2024-06-11T08:19:42.121757" level="INFO">gender</msg>
<arg>${key}</arg>
<doc>Logs the given message with the given level.</doc>
<status status="PASS" start="2024-06-11T08:19:42.121625" elapsed="0.000170"/>
</kw>
<var name="${key}">gender</var>
<status status="PASS" start="2024-06-11T08:19:42.120080" elapsed="0.001940"/>
</iter>
<iter>
<kw name="Dictionary Should Contain Key" owner="Collections">
<arg>${json_data['results'][0]}</arg>
<arg>${key}</arg>
<doc>Fails if ``key`` is not found from ``dictionary``.</doc>
<status status="PASS" start="2024-06-11T08:19:42.122334" elapsed="0.000409"/>
</kw>
<kw name="Log" owner="BuiltIn">
<msg time="2024-06-11T08:19:42.123305" level="INFO">{'gender': 'male', 'name': {'title': 'Mr', 'first': 'Rodoljub', 'last': 'Radojičić'}, 'location': {'street': {'number': 7999, 'name': 'Porodice Živković'}, 'city': 'Bela Palanka', 'state': 'Srem', 'country': 'Serbia', 'postcode': 27857, 'coordinates': {'latitude': '60.6220', 'longitude': '-138.6932'}, 'timezone': {'offset': '-3:00', 'description': 'Brazil, Buenos Aires, Georgetown'}}, 'email': 'rodoljub.radojicic@example.com', 'login': {'uuid': 'b95cb1d3-6a7a-4f71-b652-f3eca877840f', 'username': 'greencat983', 'password': 'great', 'salt': 'APBP8Bd8', 'md5': '99977ba97b37a568c847b3d51d57d027', 'sha1': '2eb858dbeb214905aac1c4e0c901322cf220d740', 'sha256': '182f0d89a09ca2a500b90bde42f80bcda7db0e874c7c0b67cad72fb8e1742fdd'}, 'dob': {'date': '1957-01-12T16:16:01.790Z', 'age': 67}, 'registered': {'date': '2020-08-30T15:29:49.717Z', 'age': 3}, 'phone': '025-4452-091', 'cell': '067-3122-284', 'id': {'name': 'SID', 'value': '476079775'}, 'picture': {'large': 'https://randomuser.me/api/portraits/men/78.jpg', 'medium': 'https://randomuser.me/api/portraits/med/men/78.jpg', 'thumbnail': 'https://randomuser.me/api/portraits/thumb/men/78.jpg'}, 'nat': 'RS'}</msg>
<arg>${json_data['results'][0]}</arg>
<doc>Logs the given message with the given level.</doc>
<status status="PASS" start="2024-06-11T08:19:42.122937" elapsed="0.000453"/>
</kw>
<kw name="Log" owner="BuiltIn">
<msg time="2024-06-11T08:19:42.123830" level="INFO">name</msg>
<arg>${key}</arg>
<doc>Logs the given message with the given level.</doc>
<status status="PASS" start="2024-06-11T08:19:42.123699" elapsed="0.000169"/>
</kw>
<var name="${key}">name</var>
<status status="PASS" start="2024-06-11T08:19:42.122216" elapsed="0.001872"/>
</iter>
<iter>
<kw name="Dictionary Should Contain Key" owner="Collections">
<arg>${json_data['results'][0]}</arg>
<arg>${key}</arg>
<doc>Fails if ``key`` is not found from ``dictionary``.</doc>
<status status="PASS" start="2024-06-11T08:19:42.124386" elapsed="0.000423"/>
</kw>
<kw name="Log" owner="BuiltIn">
<msg time="2024-06-11T08:19:42.125358" level="INFO">{'gender': 'male', 'name': {'title': 'Mr', 'first': 'Rodoljub', 'last': 'Radojičić'}, 'location': {'street': {'number': 7999, 'name': 'Porodice Živković'}, 'city': 'Bela Palanka', 'state': 'Srem', 'country': 'Serbia', 'postcode': 27857, 'coordinates': {'latitude': '60.6220', 'longitude': '-138.6932'}, 'timezone': {'offset': '-3:00', 'description': 'Brazil, Buenos Aires, Georgetown'}}, 'email': 'rodoljub.radojicic@example.com', 'login': {'uuid': 'b95cb1d3-6a7a-4f71-b652-f3eca877840f', 'username': 'greencat983', 'password': 'great', 'salt': 'APBP8Bd8', 'md5': '99977ba97b37a568c847b3d51d57d027', 'sha1': '2eb858dbeb214905aac1c4e0c901322cf220d740', 'sha256': '182f0d89a09ca2a500b90bde42f80bcda7db0e874c7c0b67cad72fb8e1742fdd'}, 'dob': {'date': '1957-01-12T16:16:01.790Z', 'age': 67}, 'registered': {'date': '2020-08-30T15:29:49.717Z', 'age': 3}, 'phone': '025-4452-091', 'cell': '067-3122-284', 'id': {'name': 'SID', 'value': '476079775'}, 'picture': {'large': 'https://randomuser.me/api/portraits/men/78.jpg', 'medium': 'https://randomuser.me/api/portraits/med/men/78.jpg', 'thumbnail': 'https://randomuser.me/api/portraits/thumb/men/78.jpg'}, 'nat': 'RS'}</msg>
<arg>${json_data['results'][0]}</arg>
<doc>Logs the given message with the given level.</doc>
<status status="PASS" start="2024-06-11T08:19:42.125001" elapsed="0.000409"/>
</kw>
<kw name="Log" owner="BuiltIn">
<msg time="2024-06-11T08:19:42.125841" level="INFO">location</msg>
<arg>${key}</arg>
<doc>Logs the given message with the given level.</doc>
<status status="PASS" start="2024-06-11T08:19:42.125712" elapsed="0.000166"/>
</kw>
<var name="${key}">location</var>
<status status="PASS" start="2024-06-11T08:19:42.124275" elapsed="0.001824"/>
</iter>
<iter>
<kw name="Dictionary Should Contain Key" owner="Collections">
<arg>${json_data['results'][0]}</arg>
<arg>${key}</arg>
<doc>Fails if ``key`` is not found from ``dictionary``.</doc>
<status status="PASS" start="2024-06-11T08:19:42.126385" elapsed="0.000387"/>
</kw>
<kw name="Log" owner="BuiltIn">
<msg time="2024-06-11T08:19:42.127316" level="INFO">{'gender': 'male', 'name': {'title': 'Mr', 'first': 'Rodoljub', 'last': 'Radojičić'}, 'location': {'street': {'number': 7999, 'name': 'Porodice Živković'}, 'city': 'Bela Palanka', 'state': 'Srem', 'country': 'Serbia', 'postcode': 27857, 'coordinates': {'latitude': '60.6220', 'longitude': '-138.6932'}, 'timezone': {'offset': '-3:00', 'description': 'Brazil, Buenos Aires, Georgetown'}}, 'email': 'rodoljub.radojicic@example.com', 'login': {'uuid': 'b95cb1d3-6a7a-4f71-b652-f3eca877840f', 'username': 'greencat983', 'password': 'great', 'salt': 'APBP8Bd8', 'md5': '99977ba97b37a568c847b3d51d57d027', 'sha1': '2eb858dbeb214905aac1c4e0c901322cf220d740', 'sha256': '182f0d89a09ca2a500b90bde42f80bcda7db0e874c7c0b67cad72fb8e1742fdd'}, 'dob': {'date': '1957-01-12T16:16:01.790Z', 'age': 67}, 'registered': {'date': '2020-08-30T15:29:49.717Z', 'age': 3}, 'phone': '025-4452-091', 'cell': '067-3122-284', 'id': {'name': 'SID', 'value': '476079775'}, 'picture': {'large': 'https://randomuser.me/api/portraits/men/78.jpg', 'medium': 'https://randomuser.me/api/portraits/med/men/78.jpg', 'thumbnail': 'https://randomuser.me/api/portraits/thumb/men/78.jpg'}, 'nat': 'RS'}</msg>
<arg>${json_data['results'][0]}</arg>
<doc>Logs the given message with the given level.</doc>
<status status="PASS" start="2024-06-11T08:19:42.126957" elapsed="0.000420"/>
</kw>
<kw name="Log" owner="BuiltIn">
<msg time="2024-06-11T08:19:42.127809" level="INFO">email</msg>
<arg>${key}</arg>
<doc>Logs the given message with the given level.</doc>
<status status="PASS" start="2024-06-11T08:19:42.127681" elapsed="0.000167"/>
</kw>
<var name="${key}">email</var>
<status status="PASS" start="2024-06-11T08:19:42.126277" elapsed="0.001789"/>
</iter>
<iter>
<kw name="Dictionary Should Contain Key" owner="Collections">
<arg>${json_data['results'][0]}</arg>
<arg>${key}</arg>
<doc>Fails if ``key`` is not found from ``dictionary``.</doc>
<status status="PASS" start="2024-06-11T08:19:42.128353" elapsed="0.000438"/>
</kw>
<kw name="Log" owner="BuiltIn">
<msg time="2024-06-11T08:19:42.129353" level="INFO">{'gender': 'male', 'name': {'title': 'Mr', 'first': 'Rodoljub', 'last': 'Radojičić'}, 'location': {'street': {'number': 7999, 'name': 'Porodice Živković'}, 'city': 'Bela Palanka', 'state': 'Srem', 'country': 'Serbia', 'postcode': 27857, 'coordinates': {'latitude': '60.6220', 'longitude': '-138.6932'}, 'timezone': {'offset': '-3:00', 'description': 'Brazil, Buenos Aires, Georgetown'}}, 'email': 'rodoljub.radojicic@example.com', 'login': {'uuid': 'b95cb1d3-6a7a-4f71-b652-f3eca877840f', 'username': 'greencat983', 'password': 'great', 'salt': 'APBP8Bd8', 'md5': '99977ba97b37a568c847b3d51d57d027', 'sha1': '2eb858dbeb214905aac1c4e0c901322cf220d740', 'sha256': '182f0d89a09ca2a500b90bde42f80bcda7db0e874c7c0b67cad72fb8e1742fdd'}, 'dob': {'date': '1957-01-12T16:16:01.790Z', 'age': 67}, 'registered': {'date': '2020-08-30T15:29:49.717Z', 'age': 3}, 'phone': '025-4452-091', 'cell': '067-3122-284', 'id': {'name': 'SID', 'value': '476079775'}, 'picture': {'large': 'https://randomuser.me/api/portraits/men/78.jpg', 'medium': 'https://randomuser.me/api/portraits/med/men/78.jpg', 'thumbnail': 'https://randomuser.me/api/portraits/thumb/men/78.jpg'}, 'nat': 'RS'}</msg>
<arg>${json_data['results'][0]}</arg>
<doc>Logs the given message with the given level.</doc>
<status status="PASS" start="2024-06-11T08:19:42.128980" elapsed="0.000438"/>
</kw>
<kw name="Log" owner="BuiltIn">
<msg time="2024-06-11T08:19:42.129880" level="INFO">login</msg>
<arg>${key}</arg>
<doc>Logs the given message with the given level.</doc>
<status status="PASS" start="2024-06-11T08:19:42.129736" elapsed="0.000188"/>
</kw>
<var name="${key}">login</var>
<status status="PASS" start="2024-06-11T08:19:42.128243" elapsed="0.001908"/>
</iter>
<var>${key}</var>
<value>@{expected_keys}</value>
<status status="PASS" start="2024-06-11T08:19:42.119868" elapsed="0.010417"/>
</for>
<kw name="Create List" owner="BuiltIn">
<msg time="2024-06-11T08:19:42.130636" level="INFO">${expected_keysTwo} = ['username', 'password']</msg>
<var>${expected_keysTwo}</var>
<arg>username</arg>
<arg>password</arg>
<doc>Returns a list containing given items.</doc>
<status status="PASS" start="2024-06-11T08:19:42.130489" elapsed="0.000204"/>
</kw>
<for flavor="IN">
<iter>
<kw name="Dictionary Should Contain Key" owner="Collections">
<arg>${json_data['results'][0]['login']}</arg>
<arg>${keyTwo}</arg>
<doc>Fails if ``key`` is not found from ``dictionary``.</doc>
<status status="PASS" start="2024-06-11T08:19:42.131220" elapsed="0.000382"/>
</kw>
<kw name="Dictionary Should Contain Key" owner="Collections">
<arg>${json_data['results'][0]['login']}</arg>
<arg>${keyTwo}</arg>
<doc>Fails if ``key`` is not found from ``dictionary``.</doc>
<status status="PASS" start="2024-06-11T08:19:42.131787" elapsed="0.000385"/>
</kw>
<kw name="Log" owner="BuiltIn">
<msg time="2024-06-11T08:19:42.132473" level="INFO">username</msg>
<arg>${keyTwo}</arg>
<doc>Logs the given message with the given level.</doc>
<status status="PASS" start="2024-06-11T08:19:42.132352" elapsed="0.000163"/>
</kw>
<var name="${keyTwo}">username</var>
<status status="PASS" start="2024-06-11T08:19:42.131110" elapsed="0.001674"/>
</iter>
<iter>
<kw name="Dictionary Should Contain Key" owner="Collections">
<arg>${json_data['results'][0]['login']}</arg>
<arg>${keyTwo}</arg>
<doc>Fails if ``key`` is not found from ``dictionary``.</doc>
<status status="PASS" start="2024-06-11T08:19:42.133083" elapsed="0.000386"/>
</kw>
<kw name="Dictionary Should Contain Key" owner="Collections">
<arg>${json_data['results'][0]['login']}</arg>
<arg>${keyTwo}</arg>
<doc>Fails if ``key`` is not found from ``dictionary``.</doc>
<status status="PASS" start="2024-06-11T08:19:42.133649" elapsed="0.000374"/>
</kw>
<kw name="Log" owner="BuiltIn">
<msg time="2024-06-11T08:19:42.134320" level="INFO">password</msg>
<arg>${keyTwo}</arg>
<doc>Logs the given message with the given level.</doc>
<status status="PASS" start="2024-06-11T08:19:42.134200" elapsed="0.000156"/>
</kw>
<var name="${keyTwo}">password</var>
<status status="PASS" start="2024-06-11T08:19:42.132967" elapsed="0.001610"/>
</iter>
<var>${keyTwo}</var>
<value>@{expected_keysTwo}</value>
<status status="PASS" start="2024-06-11T08:19:42.130947" elapsed="0.003754"/>
</for>
<status status="PASS" start="2024-06-11T08:19:41.998744" elapsed="0.136103"/>
</kw>
<doc>Testa a estrutura da resposta da API.</doc>
<tag>testeEstruturaResposta</tag>
<status status="PASS" start="2024-06-11T08:19:41.998016" elapsed="0.136994"/>
</test>
<test id="s1-s1-t4" name="Validar tipos de dados" line="28">
<kw name="Teste de Tipos de Dados" owner="random-user-service">
<kw name="GET On Session" owner="RequestsLibrary">
<msg time="2024-06-11T08:19:42.195422" level="INFO">GET Request : url=https://randomuser.me/api 
 path_url=/api 
 headers={'User-Agent': 'python-requests/2.32.3', 'Accept-Encoding': 'gzip, deflate', 'Accept': '*/*', 'Connection': 'keep-alive'} 
 body=None 
 </msg>
<msg time="2024-06-11T08:19:42.195544" level="INFO">GET Response : url=https://randomuser.me/api 
 status=200, reason=OK 
 headers={'Date': 'Tue, 11 Jun 2024 08:19:42 GMT', 'Content-Type': 'application/json; charset=utf-8', 'Transfer-Encoding': 'chunked', 'Connection': 'keep-alive', 'X-Powered-By': 'Express', 'Access-Control-Allow-Origin': '*', 'Cache-Control': 'no-cache', 'ETag': 'W/"484-bVE0NJ1znCDfavly6sT4bZurmjM"', 'Vary': 'Accept-Encoding', 'Content-Encoding': 'gzip', 'CF-Cache-Status': 'DYNAMIC', 'Report-To': '{"endpoints":[{"url":"https:\\/\\/a.nel.cloudflare.com\\/report\\/v4?s=PZjtvvJ9Ha%2BB4f4dpC4vEKSmu0XPijlCJVAHfO32CswnbL2eMhT1mqcxFCfoaTu9L9u%2F1kN%2Fl6jzksPwPwZM%2BLDkffsIDi4RPjSD0QeYbvUNNONTqeMww9xp961aR83B"}],"group":"cf-nel","max_age":604800}', 'NEL': '{"success_fraction":0,"report_to":"cf-nel","max_age":604800}', 'Server': 'cloudflare', 'CF-RAY': '89202d7c6ded8212-IAD', 'alt-svc': 'h3=":443"; ma=86400'} 
 body={"results":[{"gender":"female","name":{"title":"Ms","first":"Samantha","last":"Rørvik"},"location":{"street":{"number":7820,"name":"Sandåsveien"},"city":"Rød","state":"Vestfold","country":"Norway","postcode":"8610","coordinates":{"latitude":"46.2023","longitude":"47.3677"},"timezone":{"offset":"+2:00","description":"Kaliningrad, South Africa"}},"email":"samantha.rorvik@example.com","login":{"uuid":"dbd8cbaf-99ca-4225-81dd-b510b226b049","username":"smallpeacock419","password":"suburban","salt":"MWOhiure","md5":"4df8cb1f2d239c94549ffbc80948d9fc","sha1":"71fbcbee1f5bfe6217aaf0ce36829ded74ec1476","sha256":"b52cd834110881e259c3ec3f8a1ccf3d5ea152e10d375204e8baf18fedef1d5a"},"dob":{"date":"1950-12-09T12:56:15.046Z","age":73},"registered":{"date":"2002-10-26T09:14:09.411Z","age":21},"phone":"31370254","cell":"40017476","id":{"name":"FN","value":"09125035652"},"picture":{"large":"https://randomuser.me/api/portraits/women/67.jpg","medium":"https://randomuser.me/api/portraits/med/women/67.jpg","thumbnail":"https://randomuser.me/api/portraits/thumb/women/67.jpg"},"nat":"NO"}],"info":{"seed":"8ece69a79040ef4b","results":1,"page":1,"version":"1.4"}} 
 </msg>
<msg time="2024-06-11T08:19:42.195640" level="INFO">/opt/hostedtoolcache/Python/3.12.3/x64/lib/python3.12/site-packages/urllib3/connectionpool.py:1103: InsecureRequestWarning: Unverified HTTPS request is being made to host 'randomuser.me'. Adding certificate verification is strongly advised. See: https://urllib3.readthedocs.io/en/latest/advanced-usage.html#tls-warnings
  warnings.warn(</msg>
<msg time="2024-06-11T08:19:42.195801" level="INFO">${response} = &lt;Response [200]&gt;</msg>
<var>${response}</var>
<arg>consultarAPI</arg>
<arg>/api</arg>
<doc>Sends a GET request on a previously created HTTP Session.</doc>
<status status="PASS" start="2024-06-11T08:19:42.137777" elapsed="0.058067"/>
</kw>
<kw name="Set Variable" owner="BuiltIn">
<msg time="2024-06-11T08:19:42.197155" level="INFO">${json_data} = {'results': [{'gender': 'female', 'name': {'title': 'Ms', 'first': 'Samantha', 'last': 'Rørvik'}, 'location': {'street': {'number': 7820, 'name': 'Sandåsveien'}, 'city': 'Rød', 'state': 'Vestfold', 'c...</msg>
<var>${json_data}</var>
<arg>${response.json()}</arg>
<doc>Returns the given values which can then be assigned to a variables.</doc>
<status status="PASS" start="2024-06-11T08:19:42.196520" elapsed="0.000667"/>
</kw>
<kw name="Log" owner="BuiltIn">
<msg time="2024-06-11T08:19:42.197774" level="INFO">{'results': [{'gender': 'female', 'name': {'title': 'Ms', 'first': 'Samantha', 'last': 'Rørvik'}, 'location': {'street': {'number': 7820, 'name': 'Sandåsveien'}, 'city': 'Rød', 'state': 'Vestfold', 'country': 'Norway', 'postcode': '8610', 'coordinates': {'latitude': '46.2023', 'longitude': '47.3677'}, 'timezone': {'offset': '+2:00', 'description': 'Kaliningrad, South Africa'}}, 'email': 'samantha.rorvik@example.com', 'login': {'uuid': 'dbd8cbaf-99ca-4225-81dd-b510b226b049', 'username': 'smallpeacock419', 'password': 'suburban', 'salt': 'MWOhiure', 'md5': '4df8cb1f2d239c94549ffbc80948d9fc', 'sha1': '71fbcbee1f5bfe6217aaf0ce36829ded74ec1476', 'sha256': 'b52cd834110881e259c3ec3f8a1ccf3d5ea152e10d375204e8baf18fedef1d5a'}, 'dob': {'date': '1950-12-09T12:56:15.046Z', 'age': 73}, 'registered': {'date': '2002-10-26T09:14:09.411Z', 'age': 21}, 'phone': '31370254', 'cell': '40017476', 'id': {'name': 'FN', 'value': '09125035652'}, 'picture': {'large': 'https://randomuser.me/api/portraits/women/67.jpg', 'medium': 'https://randomuser.me/api/portraits/med/women/67.jpg', 'thumbnail': 'https://randomuser.me/api/portraits/thumb/women/67.jpg'}, 'nat': 'NO'}], 'info': {'seed': '8ece69a79040ef4b', 'results': 1, 'page': 1, 'version': '1.4'}}</msg>
<arg>${json_data}</arg>
<doc>Logs the given message with the given level.</doc>
<status status="PASS" start="2024-06-11T08:19:42.197589" elapsed="0.000250"/>
</kw>
<kw name="Should Be String" owner="String">
<arg>${json_data['results'][0]['gender']}</arg>
<doc>Fails if the given ``item`` is not a string.</doc>
<status status="PASS" start="2024-06-11T08:19:42.198183" elapsed="0.000403"/>
</kw>
<kw name="Should Match Regexp" owner="BuiltIn">
<arg>${json_data['results'][0]['email']}</arg>
<arg>^[a-zA-Z0-9._%+-]+@[a-zA-Z0-9.-]+\.[a-zA-Z]{2,}$</arg>
<doc>Fails if ``string`` does not match ``pattern`` as a regular expression.</doc>
<status status="PASS" start="2024-06-11T08:19:42.198799" elapsed="0.000558"/>
</kw>
<kw name="Should Match Regexp" owner="BuiltIn">
<arg>${json_data['results'][0]['dob']['date']}</arg>
<arg>\\d{4}-\\d{2}-\\d{2}T\\d{2}:\\d{2}:\\d{2}\\.\\d{3}Z</arg>
<doc>Fails if ``string`` does not match ``pattern`` as a regular expression.</doc>
<status status="PASS" start="2024-06-11T08:19:42.199608" elapsed="0.000519"/>
</kw>
<kw name="Should Match Regexp" owner="BuiltIn">
<arg>${json_data['results'][0]['registered']['date']}</arg>
<arg>\\d{4}-\\d{2}-\\d{2}T\\d{2}:\\d{2}:\\d{2}\\.\\d{3}Z</arg>
<doc>Fails if ``string`` does not match ``pattern`` as a regular expression.</doc>
<status status="PASS" start="2024-06-11T08:19:42.200328" elapsed="0.000419"/>
</kw>
<kw name="Should Match Regexp" owner="BuiltIn">
<arg>${json_data['results'][0]['picture']['large']}</arg>
<arg>^https?://.*\.(?:png|jpe?g|gif|bmp)$</arg>
<doc>Fails if ``string`` does not match ``pattern`` as a regular expression.</doc>
<status status="PASS" start="2024-06-11T08:19:42.200941" elapsed="0.000471"/>
</kw>
<kw name="Should Match Regexp" owner="BuiltIn">
<arg>${json_data['results'][0]['picture']['medium']}</arg>
<arg>^https?://.*\.(?:png|jpe?g|gif|bmp)$</arg>
<doc>Fails if ``string`` does not match ``pattern`` as a regular expression.</doc>
<status status="PASS" start="2024-06-11T08:19:42.201604" elapsed="0.000361"/>
</kw>
<kw name="Should Match Regexp" owner="BuiltIn">
<arg>${json_data['results'][0]['picture']['thumbnail']}</arg>
<arg>^https?://.*\.(?:png|jpe?g|gif|bmp)$</arg>
<doc>Fails if ``string`` does not match ``pattern`` as a regular expression.</doc>
<status status="PASS" start="2024-06-11T08:19:42.202153" elapsed="0.000344"/>
</kw>
<kw name="Log" owner="BuiltIn">
<msg time="2024-06-11T08:19:42.203015" level="INFO">{'large': 'https://randomuser.me/api/portraits/women/67.jpg', 'medium': 'https://randomuser.me/api/portraits/med/women/67.jpg', 'thumbnail': 'https://randomuser.me/api/portraits/thumb/women/67.jpg'}</msg>
<arg>${json_data['results'][0]['picture']}</arg>
<doc>Logs the given message with the given level.</doc>
<status status="PASS" start="2024-06-11T08:19:42.202680" elapsed="0.000378"/>
</kw>
<status status="PASS" start="2024-06-11T08:19:42.137529" elapsed="0.065804"/>
</kw>
<kw name="Teste de Tipos de Dados - Postcode" owner="random-user-service">
<kw name="GET On Session" owner="RequestsLibrary">
<msg time="2024-06-11T08:19:42.295591" level="INFO">GET Request : url=https://randomuser.me/api 
 path_url=/api 
 headers={'User-Agent': 'python-requests/2.32.3', 'Accept-Encoding': 'gzip, deflate', 'Accept': '*/*', 'Connection': 'keep-alive'} 
 body=None 
 </msg>
<msg time="2024-06-11T08:19:42.295706" level="INFO">GET Response : url=https://randomuser.me/api 
 status=200, reason=OK 
 headers={'Date': 'Tue, 11 Jun 2024 08:19:42 GMT', 'Content-Type': 'application/json; charset=utf-8', 'Transfer-Encoding': 'chunked', 'Connection': 'keep-alive', 'X-Powered-By': 'Express', 'Access-Control-Allow-Origin': '*', 'Cache-Control': 'no-cache', 'ETag': 'W/"4b6-6KVifGmdkRLaxMsmwsZ0HglICkE"', 'Vary': 'Accept-Encoding', 'Content-Encoding': 'gzip', 'CF-Cache-Status': 'DYNAMIC', 'Report-To': '{"endpoints":[{"url":"https:\\/\\/a.nel.cloudflare.com\\/report\\/v4?s=YAyVJ6ayU%2FkCj0WyPBLEQJduc1TIQH4VzNRa%2BfEBJwx60pPt89GldgORCD3jiYkvwUfkScoluUumtQDsrmbS4kN6S5h%2FHAy%2Fv2OMbNZLyrYaRN0H%2Bu9YomdNUt1NHj5Z"}],"group":"cf-nel","max_age":604800}', 'NEL': '{"success_fraction":0,"report_to":"cf-nel","max_age":604800}', 'Server': 'cloudflare', 'CF-RAY': '89202d7cce378212-IAD', 'alt-svc': 'h3=":443"; ma=86400'} 
 body={"results":[{"gender":"male","name":{"title":"Mr","first":"Sidónio","last":"Fogaça"},"location":{"street":{"number":9930,"name":"Travessa dos Açorianos"},"city":"Campos dos Goytacazes","state":"Rio de Janeiro","country":"Brazil","postcode":59501,"coordinates":{"latitude":"-78.0213","longitude":"-17.8718"},"timezone":{"offset":"-6:00","description":"Central Time (US &amp; Canada), Mexico City"}},"email":"sidonio.fogaca@example.com","login":{"uuid":"e73ff3b8-0387-49a8-b4a7-76951505491c","username":"redkoala498","password":"dookie","salt":"cnFEKOFo","md5":"aae70721f5f6d334e40a7c7305649540","sha1":"5b27233b2f5e477a32c9e48873e2aeafb892121d","sha256":"5202fc7395523e3b7c9bf41c7b105511c53829ed61120fc22e18abf638421f18"},"dob":{"date":"1966-11-04T02:48:11.024Z","age":57},"registered":{"date":"2014-01-24T23:55:42.941Z","age":10},"phone":"(03) 0326-0779","cell":"(54) 9552-9309","id":{"name":"CPF","value":"691.230.816-54"},"picture":{"large":"https://randomuser.me/api/portraits/men/32.jpg","medium":"https://randomuser.me/api/portraits/med/men/32.jpg","thumbnail":"https://randomuser.me/api/portraits/thumb/men/32.jpg"},"nat":"BR"}],"info":{"seed":"14f4ed0a35c6dc8f","results":1,"page":1,"version":"1.4"}} 
 </msg>
<msg time="2024-06-11T08:19:42.295801" level="INFO">/opt/hostedtoolcache/Python/3.12.3/x64/lib/python3.12/site-packages/urllib3/connectionpool.py:1103: InsecureRequestWarning: Unverified HTTPS request is being made to host 'randomuser.me'. Adding certificate verification is strongly advised. See: https://urllib3.readthedocs.io/en/latest/advanced-usage.html#tls-warnings
  warnings.warn(</msg>
<msg time="2024-06-11T08:19:42.295947" level="INFO">${response} = &lt;Response [200]&gt;</msg>
<var>${response}</var>
<arg>consultarAPI</arg>
<arg>/api</arg>
<doc>Sends a GET request on a previously created HTTP Session.</doc>
<status status="PASS" start="2024-06-11T08:19:42.203801" elapsed="0.092191"/>
</kw>
<kw name="Set Variable" owner="BuiltIn">
<msg time="2024-06-11T08:19:42.297323" level="INFO">${json_data} = {'results': [{'gender': 'male', 'name': {'title': 'Mr', 'first': 'Sidónio', 'last': 'Fogaça'}, 'location': {'street': {'number': 9930, 'name': 'Travessa dos Açorianos'}, 'city': 'Campos dos Goytacazes...</msg>
<var>${json_data}</var>
<arg>${response.json()}</arg>
<doc>Returns the given values which can then be assigned to a variables.</doc>
<status status="PASS" start="2024-06-11T08:19:42.296709" elapsed="0.000644"/>
</kw>
<kw name="Log" owner="BuiltIn">
<msg time="2024-06-11T08:19:42.297887" level="INFO">{'results': [{'gender': 'male', 'name': {'title': 'Mr', 'first': 'Sidónio', 'last': 'Fogaça'}, 'location': {'street': {'number': 9930, 'name': 'Travessa dos Açorianos'}, 'city': 'Campos dos Goytacazes', 'state': 'Rio de Janeiro', 'country': 'Brazil', 'postcode': 59501, 'coordinates': {'latitude': '-78.0213', 'longitude': '-17.8718'}, 'timezone': {'offset': '-6:00', 'description': 'Central Time (US &amp; Canada), Mexico City'}}, 'email': 'sidonio.fogaca@example.com', 'login': {'uuid': 'e73ff3b8-0387-49a8-b4a7-76951505491c', 'username': 'redkoala498', 'password': 'dookie', 'salt': 'cnFEKOFo', 'md5': 'aae70721f5f6d334e40a7c7305649540', 'sha1': '5b27233b2f5e477a32c9e48873e2aeafb892121d', 'sha256': '5202fc7395523e3b7c9bf41c7b105511c53829ed61120fc22e18abf638421f18'}, 'dob': {'date': '1966-11-04T02:48:11.024Z', 'age': 57}, 'registered': {'date': '2014-01-24T23:55:42.941Z', 'age': 10}, 'phone': '(03) 0326-0779', 'cell': '(54) 9552-9309', 'id': {'name': 'CPF', 'value': '691.230.816-54'}, 'picture': {'large': 'https://randomuser.me/api/portraits/men/32.jpg', 'medium': 'https://randomuser.me/api/portraits/med/men/32.jpg', 'thumbnail': 'https://randomuser.me/api/portraits/thumb/men/32.jpg'}, 'nat': 'BR'}], 'info': {'seed': '14f4ed0a35c6dc8f', 'results': 1, 'page': 1, 'version': '1.4'}}</msg>
<arg>${json_data}</arg>
<doc>Logs the given message with the given level.</doc>
<status status="PASS" start="2024-06-11T08:19:42.297715" elapsed="0.000225"/>
</kw>
<kw name="Should Be Equal As Numbers" owner="BuiltIn">
<arg>${json_data['results'][0]['location']['postcode']}</arg>
<arg>${json_data['results'][0]['location']['postcode']}</arg>
<doc>Fails if objects are unequal after converting them to real numbers.</doc>
<status status="PASS" start="2024-06-11T08:19:42.298262" elapsed="0.000661"/>
</kw>
<kw name="Log" owner="BuiltIn">
<msg time="2024-06-11T08:19:42.299469" level="INFO">59501</msg>
<arg>${json_data['results'][0]['location']['postcode']}</arg>
<doc>Logs the given message with the given level.</doc>
<status status="PASS" start="2024-06-11T08:19:42.299131" elapsed="0.000418"/>
</kw>
<status status="PASS" start="2024-06-11T08:19:42.203567" elapsed="0.096248"/>
</kw>
<doc>Testa se os tipos de dados na resposta da API estão corretos.</doc>
<tag>testeTiposDados</tag>
<status status="PASS" start="2024-06-11T08:19:42.136835" elapsed="0.163150"/>
</test>
<test id="s1-s1-t5" name="Validar conteudo" line="35">
<kw name="Teste de Tipos de Conteudo" owner="random-user-service">
<kw name="GET On Session" owner="RequestsLibrary">
<msg time="2024-06-11T08:19:42.444389" level="INFO">GET Request : url=https://randomuser.me/api 
 path_url=/api 
 headers={'User-Agent': 'python-requests/2.32.3', 'Accept-Encoding': 'gzip, deflate', 'Accept': '*/*', 'Connection': 'keep-alive'} 
 body=None 
 </msg>
<msg time="2024-06-11T08:19:42.444488" level="INFO">GET Response : url=https://randomuser.me/api 
 status=200, reason=OK 
 headers={'Date': 'Tue, 11 Jun 2024 08:19:42 GMT', 'Content-Type': 'application/json; charset=utf-8', 'Transfer-Encoding': 'chunked', 'Connection': 'keep-alive', 'X-Powered-By': 'Express', 'Access-Control-Allow-Origin': '*', 'Cache-Control': 'no-cache', 'ETag': 'W/"482-tP2QUou/A/krs5elQU0hNaiRkFo"', 'Vary': 'Accept-Encoding', 'Content-Encoding': 'gzip', 'CF-Cache-Status': 'DYNAMIC', 'Report-To': '{"endpoints":[{"url":"https:\\/\\/a.nel.cloudflare.com\\/report\\/v4?s=SOrsfWnvEVC9km%2BHUwQ17GolkYln8QkxFLlc4UolQywf%2FTdSktV3DOH4Hx75wm4lfN9Qk9OdCZjIZqkqK%2BQSh3JaRCsRt%2FrG60GGL3frJ8abziJpAEqUF2iS09sJBXjV"}],"group":"cf-nel","max_age":604800}', 'NEL': '{"success_fraction":0,"report_to":"cf-nel","max_age":604800}', 'Server': 'cloudflare', 'CF-RAY': '89202d7d6ec88212-IAD', 'alt-svc': 'h3=":443"; ma=86400'} 
 body={"results":[{"gender":"male","name":{"title":"Mr","first":"Obren","last":"Bekić"},"location":{"street":{"number":1523,"name":"Grobljanska"},"city":"Belgrade","state":"Peć","country":"Serbia","postcode":93466,"coordinates":{"latitude":"64.1793","longitude":"-1.3384"},"timezone":{"offset":"-4:00","description":"Atlantic Time (Canada), Caracas, La Paz"}},"email":"obren.bekic@example.com","login":{"uuid":"9042417e-7a8a-49bf-908f-a91dec643861","username":"orangezebra682","password":"1971","salt":"DNGQMU8J","md5":"85906ad6d675928b0d18e8c0c32179ee","sha1":"4f7b41c53e717a63d273d65e02400dd74926dbe5","sha256":"c1b0846a67de57afcf598ca3b6c993284d66d10f967b96c9d805adbbf9eda7dd"},"dob":{"date":"1978-03-21T08:39:55.637Z","age":46},"registered":{"date":"2004-03-21T01:10:52.927Z","age":20},"phone":"037-4325-409","cell":"063-2728-206","id":{"name":"SID","value":"513761997"},"picture":{"large":"https://randomuser.me/api/portraits/men/83.jpg","medium":"https://randomuser.me/api/portraits/med/men/83.jpg","thumbnail":"https://randomuser.me/api/portraits/thumb/men/83.jpg"},"nat":"RS"}],"info":{"seed":"b13aecd39a165dd0","results":1,"page":1,"version":"1.4"}} 
 </msg>
<msg time="2024-06-11T08:19:42.444624" level="INFO">/opt/hostedtoolcache/Python/3.12.3/x64/lib/python3.12/site-packages/urllib3/connectionpool.py:1103: InsecureRequestWarning: Unverified HTTPS request is being made to host 'randomuser.me'. Adding certificate verification is strongly advised. See: https://urllib3.readthedocs.io/en/latest/advanced-usage.html#tls-warnings
  warnings.warn(</msg>
<msg time="2024-06-11T08:19:42.444759" level="INFO">${response} = &lt;Response [200]&gt;</msg>
<var>${response}</var>
<arg>consultarAPI</arg>
<arg>/api</arg>
<doc>Sends a GET request on a previously created HTTP Session.</doc>
<status status="PASS" start="2024-06-11T08:19:42.302818" elapsed="0.141981"/>
</kw>
<kw name="Set Variable" owner="BuiltIn">
<msg time="2024-06-11T08:19:42.446020" level="INFO">${json_data} = {'results': [{'gender': 'male', 'name': {'title': 'Mr', 'first': 'Obren', 'last': 'Bekić'}, 'location': {'street': {'number': 1523, 'name': 'Grobljanska'}, 'city': 'Belgrade', 'state': 'Peć', 'country...</msg>
<var>${json_data}</var>
<arg>${response.json()}</arg>
<doc>Returns the given values which can then be assigned to a variables.</doc>
<status status="PASS" start="2024-06-11T08:19:42.445446" elapsed="0.000605"/>
</kw>
<kw name="Set Variable" owner="BuiltIn">
<msg time="2024-06-11T08:19:42.446760" level="INFO">${name_title} = Mr</msg>
<var>${name_title}</var>
<arg>${json_data["results"][0]["name"]["title"]}</arg>
<doc>Returns the given values which can then be assigned to a variables.</doc>
<status status="PASS" start="2024-06-11T08:19:42.446369" elapsed="0.000417"/>
</kw>
<kw name="Create List" owner="BuiltIn">
<msg time="2024-06-11T08:19:42.447284" level="INFO">${allowed_titles} = ['Mr', 'Ms', 'Miss', 'Mrs', 'Madame', 'Monsieur']</msg>
<var>${allowed_titles}</var>
<arg>Mr</arg>
<arg>Ms</arg>
<arg>Miss</arg>
<arg>Mrs</arg>
<arg>Madame</arg>
<arg>Monsieur</arg>
<doc>Returns a list containing given items.</doc>
<status status="PASS" start="2024-06-11T08:19:42.447107" elapsed="0.000205"/>
</kw>
<kw name="List Should Contain Value" owner="Collections">
<arg>${allowed_titles}</arg>
<arg>${name_title}</arg>
<doc>Fails if the ``value`` is not found from ``list``.</doc>
<status status="PASS" start="2024-06-11T08:19:42.447657" elapsed="0.000179"/>
</kw>
<kw name="Set Variable" owner="BuiltIn">
<msg time="2024-06-11T08:19:42.448376" level="INFO">${name_country} = RS</msg>
<var>${name_country}</var>
<arg>${json_data["results"][0]["nat"]}</arg>
<doc>Returns the given values which can then be assigned to a variables.</doc>
<status status="PASS" start="2024-06-11T08:19:42.448015" elapsed="0.000385"/>
</kw>
<kw name="Create List" owner="BuiltIn">
<msg time="2024-06-11T08:19:42.449349" level="INFO">${list_country} = ['AD', 'AE', 'AF', 'AG', 'AI', 'AL', 'AM', 'AO', 'AQ', 'AR', 'AS', 'AT', 'AU', 'AW', 'AX', 'AZ', 'BA', 'BB', 'BD', 'BE', 'BF', 'BG', 'BH', 'BI', 'BJ', 'BL', 'BM', 'BN', 'BO', 'BQ', 'BR', 'BS', 'BT', '...</msg>
<var>${list_country}</var>
<arg>AD</arg>
<arg>AE</arg>
<arg>AF</arg>
<arg>AG</arg>
<arg>AI</arg>
<arg>AL</arg>
<arg>AM</arg>
<arg>AO</arg>
<arg>AQ</arg>
<arg>AR</arg>
<arg>AS</arg>
<arg>AT</arg>
<arg>AU</arg>
<arg>AW</arg>
<arg>AX</arg>
<arg>AZ</arg>
<arg>BA</arg>
<arg>BB</arg>
<arg>BD</arg>
<arg>BE</arg>
<arg>BF</arg>
<arg>BG</arg>
<arg>BH</arg>
<arg>BI</arg>
<arg>BJ</arg>
<arg>BL</arg>
<arg>BM</arg>
<arg>BN</arg>
<arg>BO</arg>
<arg>BQ</arg>
<arg>BR</arg>
<arg>BS</arg>
<arg>BT</arg>
<arg>BV</arg>
<arg>BW</arg>
<arg>BY</arg>
<arg>BZ</arg>
<arg>CA</arg>
<arg>CC</arg>
<arg>CD</arg>
<arg>CF</arg>
<arg>CG</arg>
<arg>CH</arg>
<arg>CI</arg>
<arg>CK</arg>
<arg>CL</arg>
<arg>CM</arg>
<arg>CN</arg>
<arg>CO</arg>
<arg>CR</arg>
<arg>CU</arg>
<arg>CV</arg>
<arg>CW</arg>
<arg>CX</arg>
<arg>CY</arg>
<arg>CZ</arg>
<arg>DE</arg>
<arg>DJ</arg>
<arg>DK</arg>
<arg>DM</arg>
<arg>DO</arg>
<arg>DZ</arg>
<arg>EC</arg>
<arg>EE</arg>
<arg>EG</arg>
<arg>EH</arg>
<arg>ER</arg>
<arg>ES</arg>
<arg>ET</arg>
<arg>FI</arg>
<arg>FJ</arg>
<arg>FK</arg>
<arg>FM</arg>
<arg>FO</arg>
<arg>FR</arg>
<arg>GA</arg>
<arg>GB</arg>
<arg>GD</arg>
<arg>GE</arg>
<arg>GF</arg>
<arg>GG</arg>
<arg>GH</arg>
<arg>GI</arg>
<arg>GL</arg>
<arg>GM</arg>
<arg>GN</arg>
<arg>GP</arg>
<arg>GQ</arg>
<arg>GR</arg>
<arg>GS</arg>
<arg>GT</arg>
<arg>GU</arg>
<arg>GW</arg>
<arg>GY</arg>
<arg>HK</arg>
<arg>HM</arg>
<arg>HN</arg>
<arg>HR</arg>
<arg>HT</arg>
<arg>HU</arg>
<arg>ID</arg>
<arg>IE</arg>
<arg>IL</arg>
<arg>IM</arg>
<arg>IN</arg>
<arg>IO</arg>
<arg>IQ</arg>
<arg>IR</arg>
<arg>IS</arg>
<arg>IT</arg>
<arg>JE</arg>
<arg>JM</arg>
<arg>JO</arg>
<arg>JP</arg>
<arg>KE</arg>
<arg>KG</arg>
<arg>KH</arg>
<arg>KI</arg>
<arg>KM</arg>
<arg>KN</arg>
<arg>KP</arg>
<arg>KR</arg>
<arg>KW</arg>
<arg>KY</arg>
<arg>KZ</arg>
<arg>LA</arg>
<arg>LB</arg>
<arg>LC</arg>
<arg>LI</arg>
<arg>LK</arg>
<arg>LR</arg>
<arg>LS</arg>
<arg>LT</arg>
<arg>LU</arg>
<arg>LV</arg>
<arg>LY</arg>
<arg>MA</arg>
<arg>MC</arg>
<arg>MD</arg>
<arg>ME</arg>
<arg>MF</arg>
<arg>MG</arg>
<arg>MH</arg>
<arg>MK</arg>
<arg>ML</arg>
<arg>MM</arg>
<arg>MN</arg>
<arg>MO</arg>
<arg>MP</arg>
<arg>MQ</arg>
<arg>MR</arg>
<arg>MS</arg>
<arg>MT</arg>
<arg>MU</arg>
<arg>MV</arg>
<arg>MW</arg>
<arg>MX</arg>
<arg>MY</arg>
<arg>MZ</arg>
<arg>NA</arg>
<arg>NC</arg>
<arg>NE</arg>
<arg>NF</arg>
<arg>NG</arg>
<arg>NI</arg>
<arg>NL</arg>
<arg>NO</arg>
<arg>NP</arg>
<arg>NR</arg>
<arg>NU</arg>
<arg>NZ</arg>
<arg>OM</arg>
<arg>PA</arg>
<arg>PE</arg>
<arg>PF</arg>
<arg>PG</arg>
<arg>PH</arg>
<arg>PK</arg>
<arg>PL</arg>
<arg>PM</arg>
<arg>PN</arg>
<arg>PR</arg>
<arg>PS</arg>
<arg>PT</arg>
<arg>PW</arg>
<arg>PY</arg>
<arg>QA</arg>
<arg>RE</arg>
<arg>RO</arg>
<arg>RS</arg>
<arg>RU</arg>
<arg>RW</arg>
<arg>SA</arg>
<arg>SB</arg>
<arg>SC</arg>
<arg>SD</arg>
<arg>SE</arg>
<arg>SG</arg>
<arg>SH</arg>
<arg>SI</arg>
<arg>SJ</arg>
<arg>SK</arg>
<arg>SL</arg>
<arg>SM</arg>
<arg>SN</arg>
<arg>SO</arg>
<arg>SR</arg>
<arg>SS</arg>
<arg>ST</arg>
<arg>SV</arg>
<arg>SX</arg>
<arg>SY</arg>
<arg>SZ</arg>
<arg>TC</arg>
<arg>TD</arg>
<arg>TF</arg>
<arg>TG</arg>
<arg>TH</arg>
<arg>TJ</arg>
<arg>TK</arg>
<arg>TL</arg>
<arg>TM</arg>
<arg>TN</arg>
<arg>TO</arg>
<arg>TR</arg>
<arg>TT</arg>
<arg>TV</arg>
<arg>TW</arg>
<arg>TZ</arg>
<arg>UA</arg>
<arg>UG</arg>
<arg>UM</arg>
<arg>US</arg>
<arg>UY</arg>
<arg>UZ</arg>
<arg>VA</arg>
<arg>VC</arg>
<arg>VE</arg>
<arg>VG</arg>
<arg>VI</arg>
<arg>VN</arg>
<arg>VU</arg>
<arg>WF</arg>
<arg>WS</arg>
<arg>XK</arg>
<arg>YE</arg>
<arg>YT</arg>
<arg>ZA</arg>
<arg>ZM</arg>
<arg>ZW</arg>
<doc>Returns a list containing given items.</doc>
<status status="PASS" start="2024-06-11T08:19:42.448744" elapsed="0.000631"/>
</kw>
<kw name="List Should Contain Value" owner="Collections">
<arg>${list_country}</arg>
<arg>${name_country}</arg>
<doc>Fails if the ``value`` is not found from ``list``.</doc>
<status status="PASS" start="2024-06-11T08:19:42.450173" elapsed="0.000208"/>
</kw>
<kw name="Run Keyword If" owner="BuiltIn">
<kw name="Should Be True" owner="BuiltIn">
<arg>${True}</arg>
<doc>Fails if the given condition is not true.</doc>
<status status="PASS" start="2024-06-11T08:19:42.451311" elapsed="0.000140"/>
</kw>
<arg>${json_data["results"][0]["location"]["coordinates"]["latitude"]} &gt;= -90 and ${json_data["results"][0]["location"]["coordinates"]["latitude"]} &lt;= 90</arg>
<arg>Should Be True</arg>
<arg>${True}</arg>
<doc>Runs the given keyword with the given arguments, if ``condition`` is true.</doc>
<status status="PASS" start="2024-06-11T08:19:42.450578" elapsed="0.000998"/>
</kw>
<kw name="Run Keyword If" owner="BuiltIn">
<kw name="Should Be True" owner="BuiltIn">
<arg>${True}</arg>
<doc>Fails if the given condition is not true.</doc>
<status status="PASS" start="2024-06-11T08:19:42.452439" elapsed="0.000169"/>
</kw>
<arg>${json_data["results"][0]["location"]["coordinates"]["longitude"]} &gt;= -180 and ${json_data["results"][0]["location"]["coordinates"]["longitude"]} &lt;= 180</arg>
<arg>Should Be True</arg>
<arg>${True}</arg>
<doc>Runs the given keyword with the given arguments, if ``condition`` is true.</doc>
<status status="PASS" start="2024-06-11T08:19:42.451755" elapsed="0.000982"/>
</kw>
<status status="PASS" start="2024-06-11T08:19:42.302394" elapsed="0.150477"/>
</kw>
<doc>Testa o conteúdo específico dos campos retornados pela API.</doc>
<tag>testeConteudo</tag>
<status status="PASS" start="2024-06-11T08:19:42.301829" elapsed="0.151197"/>
</test>
<status status="PASS" start="2024-06-11T08:19:41.467845" elapsed="0.987160"/>
</suite>
<status status="PASS" start="2024-06-11T08:19:41.453514" elapsed="1.006746"/>
</suite>
<statistics>
<total>
<stat pass="5" fail="0" skip="0">All Tests</stat>
</total>
<tag>
<stat pass="1" fail="0" skip="0">testeConteudo</stat>
<stat pass="1" fail="0" skip="0">testeEstruturaResposta</stat>
<stat pass="1" fail="0" skip="0">testeRequisicaoBasica</stat>
<stat pass="1" fail="0" skip="0">testeTiposDados</stat>
</tag>
<suite>
<stat pass="5" fail="0" skip="0" id="s1" name="Tests">Tests</stat>
<stat pass="5" fail="0" skip="0" id="s1-s1" name="Random-User-Test">Tests.Random-User-Test</stat>
</suite>
</statistics>
<errors>
</errors>
</robot>
