<?xml version="1.0" encoding="UTF-8"?>
<robot generator="Robot 7.0 (Python 3.12.2 on linux)" generated="2024-03-22T10:14:53.032029" rpa="false" schemaversion="5">
<suite id="s1" name="Tests" source="/home/runner/work/DesafioQAItauRogerioJordao/DesafioQAItauRogerioJordao/RamdonUser/tests">
<suite id="s1-s1" name="Random-User-Test" source="/home/runner/work/DesafioQAItauRogerioJordao/DesafioQAItauRogerioJordao/RamdonUser/tests/random-user-test.robot">
<test id="s1-s1-t1" name="Conectar" line="13">
<kw name="Conectar API" owner="random-user-service">
<kw name="Create Session" owner="RequestsLibrary">
<msg time="2024-03-22T10:14:53.406869" level="INFO">Creating Session using : alias=consultarAPI, url=https://randomuser.me/, headers={},                     cookies={}, auth=None, timeout=None, proxies=None, verify=False,                     debug=0 </msg>
<arg>consultarAPI</arg>
<arg>${URL}</arg>
<doc>Create Session: create a HTTP session to a server</doc>
<status status="PASS" start="2024-03-22T10:14:53.406675" elapsed="0.000375"/>
</kw>
<status status="PASS" start="2024-03-22T10:14:53.405638" elapsed="0.001809"/>
</kw>
<status status="PASS" start="2024-03-22T10:14:53.405024" elapsed="0.002630"/>
</test>
<test id="s1-s1-t2" name="Validar retorno 200 e JSON Válido" line="16">
<kw name="Teste de Requisicao Basica" owner="random-user-service">
<kw name="GET On Session" owner="RequestsLibrary">
<msg time="2024-03-22T10:14:53.462326" level="INFO">GET Request : url=https://randomuser.me/api 
 path_url=/api 
 headers={'User-Agent': 'python-requests/2.31.0', 'Accept-Encoding': 'gzip, deflate', 'Accept': '*/*', 'Connection': 'keep-alive'} 
 body=None 
 </msg>
<msg time="2024-03-22T10:14:53.462425" level="INFO">GET Response : url=https://randomuser.me/api 
 status=200, reason=OK 
 headers={'Date': 'Fri, 22 Mar 2024 10:14:53 GMT', 'Content-Type': 'application/json; charset=utf-8', 'Transfer-Encoding': 'chunked', 'Connection': 'keep-alive', 'X-Powered-By': 'Express', 'Access-Control-Allow-Origin': '*', 'Cache-Control': 'no-cache', 'ETag': 'W/"497-VRn5gMaz3qsCL2h5iIS2eWsqvv4"', 'Vary': 'Accept-Encoding', 'Content-Encoding': 'gzip', 'CF-Cache-Status': 'DYNAMIC', 'Report-To': '{"endpoints":[{"url":"https:\\/\\/a.nel.cloudflare.com\\/report\\/v4?s=q%2BzdjV8PkcRwCox%2FxMHTVCehDeCHAcVP5smDCY4vnIzvIaJNnlRQSn19fHR3Pe4%2BODaGb4h1rQKqXjbdIUc4Rrwbwg8Frlbo4yjNqfRQbMpp3IfpfRsYWTV1r4b9x21r"}],"group":"cf-nel","max_age":604800}', 'NEL': '{"success_fraction":0,"report_to":"cf-nel","max_age":604800}', 'Server': 'cloudflare', 'CF-RAY': '86856ad7f8c507a4-IAD', 'alt-svc': 'h3=":443"; ma=86400'} 
 body={"results":[{"gender":"male","name":{"title":"Monsieur","first":"Jörg","last":"Denis"},"location":{"street":{"number":3855,"name":"Montée Saint-Barthélémy"},"city":"L'Abbaye","state":"Fribourg","country":"Switzerland","postcode":5545,"coordinates":{"latitude":"-61.5266","longitude":"-65.9382"},"timezone":{"offset":"+6:00","description":"Almaty, Dhaka, Colombo"}},"email":"jorg.denis@example.com","login":{"uuid":"83c6373d-06f0-4bf3-bb55-ad4d8038ebed","username":"greengoose717","password":"poker","salt":"az9dR8oD","md5":"ed0778624636add8cc499d3cce249cc9","sha1":"407d0f31e8eb8596b4814884686f8f45d3692cc1","sha256":"c072b0a9c5fc716d2d996c53081674e50b950645f1dd424276dfa5e81442c5bb"},"dob":{"date":"1991-05-08T04:19:39.331Z","age":32},"registered":{"date":"2008-03-18T23:01:01.796Z","age":16},"phone":"075 159 78 84","cell":"077 021 27 10","id":{"name":"AVS","value":"756.4787.1515.46"},"picture":{"large":"https://randomuser.me/api/portraits/men/83.jpg","medium":"https://randomuser.me/api/portraits/med/men/83.jpg","thumbnail":"https://randomuser.me/api/portraits/thumb/men/83.jpg"},"nat":"CH"}],"info":{"seed":"882cc2340677a290","results":1,"page":1,"version":"1.4"}} 
 </msg>
<msg time="2024-03-22T10:14:53.462522" level="INFO">/opt/hostedtoolcache/Python/3.12.2/x64/lib/python3.12/site-packages/urllib3/connectionpool.py:1103: InsecureRequestWarning: Unverified HTTPS request is being made to host 'randomuser.me'. Adding certificate verification is strongly advised. See: https://urllib3.readthedocs.io/en/latest/advanced-usage.html#tls-warnings
  warnings.warn(</msg>
<msg time="2024-03-22T10:14:53.462649" level="INFO">${response} = &lt;Response [200]&gt;</msg>
<var>${response}</var>
<arg>consultarAPI</arg>
<arg>/api</arg>
<doc>Sends a GET request on a previously created HTTP Session.</doc>
<status status="PASS" start="2024-03-22T10:14:53.410200" elapsed="0.052491"/>
</kw>
<kw name="Should Be Equal As Numbers" owner="BuiltIn">
<msg time="2024-03-22T10:14:53.463520" level="INFO">Argument types are:
&lt;class 'int'&gt;
&lt;class 'str'&gt;</msg>
<arg>${response.status_code}</arg>
<arg>200</arg>
<doc>Fails if objects are unequal after converting them to real numbers.</doc>
<status status="PASS" start="2024-03-22T10:14:53.463082" elapsed="0.000501"/>
</kw>
<kw name="Log" owner="BuiltIn">
<msg time="2024-03-22T10:14:53.464266" level="INFO">200</msg>
<arg>${response.status_code}</arg>
<doc>Logs the given message with the given level.</doc>
<status status="PASS" start="2024-03-22T10:14:53.463903" elapsed="0.000406"/>
</kw>
<kw name="Set Variable" owner="BuiltIn">
<msg time="2024-03-22T10:14:53.465092" level="INFO">${json_data} = {'results': [{'gender': 'male', 'name': {'title': 'Monsieur', 'first': 'Jörg', 'last': 'Denis'}, 'location': {'street': {'number': 3855, 'name': 'Montée Saint-Barthélémy'}, 'city': "L'Abbaye", 'state'...</msg>
<var>${json_data}</var>
<arg>${response.json()}</arg>
<doc>Returns the given values which can then be assigned to a variables.</doc>
<status status="PASS" start="2024-03-22T10:14:53.464641" elapsed="0.000480"/>
</kw>
<kw name="Dictionary Should Contain Key" owner="Collections">
<msg time="2024-03-22T10:14:53.465587" level="INFO">False</msg>
<arg>${json_data}</arg>
<arg>results</arg>
<doc>Fails if ``key`` is not found from ``dictionary``.</doc>
<status status="PASS" start="2024-03-22T10:14:53.465424" elapsed="0.000203"/>
</kw>
<status status="PASS" start="2024-03-22T10:14:53.409943" elapsed="0.055936"/>
</kw>
<doc>Testa se a API responde corretamente e retorna um objeto JSON válido.</doc>
<tag>testeRequisicaoBasica</tag>
<status status="PASS" start="2024-03-22T10:14:53.409485" elapsed="0.056565"/>
</test>
<test id="s1-s1-t3" name="Validar estrutura de resposta" line="22">
<kw name="Teste de Estrutura de Resposta" owner="random-user-service">
<kw name="GET On Session" owner="RequestsLibrary">
<msg time="2024-03-22T10:14:53.560781" level="INFO">GET Request : url=https://randomuser.me/api 
 path_url=/api 
 headers={'User-Agent': 'python-requests/2.31.0', 'Accept-Encoding': 'gzip, deflate', 'Accept': '*/*', 'Connection': 'keep-alive'} 
 body=None 
 </msg>
<msg time="2024-03-22T10:14:53.560858" level="INFO">GET Response : url=https://randomuser.me/api 
 status=200, reason=OK 
 headers={'Date': 'Fri, 22 Mar 2024 10:14:53 GMT', 'Content-Type': 'application/json; charset=utf-8', 'Transfer-Encoding': 'chunked', 'Connection': 'keep-alive', 'X-Powered-By': 'Express', 'Access-Control-Allow-Origin': '*', 'Cache-Control': 'no-cache', 'ETag': 'W/"492-gwHP0OA9feZGzH4PqDxrDc6w2EY"', 'Vary': 'Accept-Encoding', 'Content-Encoding': 'gzip', 'CF-Cache-Status': 'DYNAMIC', 'Report-To': '{"endpoints":[{"url":"https:\\/\\/a.nel.cloudflare.com\\/report\\/v4?s=wBxYd6v109O2fUbkLZcw6Eci1KO2cLrF974YuAhix%2Bb9a0Z1wOWgjdZgUKViAAry8iPmz4EmpFXeVdB2IhxWwqOAhyOUxWhp%2B9copu3FwuqILwz7wWJrPlpDmCtc9iPu"}],"group":"cf-nel","max_age":604800}', 'NEL': '{"success_fraction":0,"report_to":"cf-nel","max_age":604800}', 'Server': 'cloudflare', 'CF-RAY': '86856ad8290307a4-IAD', 'alt-svc': 'h3=":443"; ma=86400'} 
 body={"results":[{"gender":"male","name":{"title":"Mr","first":"Raik","last":"Jehle"},"location":{"street":{"number":5208,"name":"Birkenweg"},"city":"Kroppenstedt","state":"Brandenburg","country":"Germany","postcode":80020,"coordinates":{"latitude":"-54.5480","longitude":"-111.7277"},"timezone":{"offset":"+8:00","description":"Beijing, Perth, Singapore, Hong Kong"}},"email":"raik.jehle@example.com","login":{"uuid":"c6d8273c-7742-4f93-ac6d-5e519f4a773e","username":"greensnake405","password":"scamper","salt":"BCri7Kpy","md5":"b47129c8abe18344cf9abab91662ba34","sha1":"9191bd513e6304a931b174df37f3929b16d6eb6c","sha256":"d1b5ef7ba3bd9089d3162154db76aeee4a0e4d6eed71c75b08032bbcc8637aa5"},"dob":{"date":"1996-02-02T20:51:48.141Z","age":28},"registered":{"date":"2009-01-02T11:37:24.008Z","age":15},"phone":"0692-6442926","cell":"0177-5490715","id":{"name":"SVNR","value":"80 020296 J 313"},"picture":{"large":"https://randomuser.me/api/portraits/men/12.jpg","medium":"https://randomuser.me/api/portraits/med/men/12.jpg","thumbnail":"https://randomuser.me/api/portraits/thumb/men/12.jpg"},"nat":"DE"}],"info":{"seed":"0537ca4b7648670a","results":1,"page":1,"version":"1.4"}} 
 </msg>
<msg time="2024-03-22T10:14:53.560976" level="INFO">/opt/hostedtoolcache/Python/3.12.2/x64/lib/python3.12/site-packages/urllib3/connectionpool.py:1103: InsecureRequestWarning: Unverified HTTPS request is being made to host 'randomuser.me'. Adding certificate verification is strongly advised. See: https://urllib3.readthedocs.io/en/latest/advanced-usage.html#tls-warnings
  warnings.warn(</msg>
<msg time="2024-03-22T10:14:53.561102" level="INFO">${response} = &lt;Response [200]&gt;</msg>
<var>${response}</var>
<arg>consultarAPI</arg>
<arg>/api</arg>
<doc>Sends a GET request on a previously created HTTP Session.</doc>
<status status="PASS" start="2024-03-22T10:14:53.468750" elapsed="0.092393"/>
</kw>
<kw name="Set Variable" owner="BuiltIn">
<msg time="2024-03-22T10:14:53.562041" level="INFO">${json_data} = {'results': [{'gender': 'male', 'name': {'title': 'Mr', 'first': 'Raik', 'last': 'Jehle'}, 'location': {'street': {'number': 5208, 'name': 'Birkenweg'}, 'city': 'Kroppenstedt', 'state': 'Brandenburg',...</msg>
<var>${json_data}</var>
<arg>${response.json()}</arg>
<doc>Returns the given values which can then be assigned to a variables.</doc>
<status status="PASS" start="2024-03-22T10:14:53.561542" elapsed="0.000528"/>
</kw>
<kw name="Log" owner="BuiltIn">
<msg time="2024-03-22T10:14:53.562547" level="INFO">{'results': [{'gender': 'male', 'name': {'title': 'Mr', 'first': 'Raik', 'last': 'Jehle'}, 'location': {'street': {'number': 5208, 'name': 'Birkenweg'}, 'city': 'Kroppenstedt', 'state': 'Brandenburg', 'country': 'Germany', 'postcode': 80020, 'coordinates': {'latitude': '-54.5480', 'longitude': '-111.7277'}, 'timezone': {'offset': '+8:00', 'description': 'Beijing, Perth, Singapore, Hong Kong'}}, 'email': 'raik.jehle@example.com', 'login': {'uuid': 'c6d8273c-7742-4f93-ac6d-5e519f4a773e', 'username': 'greensnake405', 'password': 'scamper', 'salt': 'BCri7Kpy', 'md5': 'b47129c8abe18344cf9abab91662ba34', 'sha1': '9191bd513e6304a931b174df37f3929b16d6eb6c', 'sha256': 'd1b5ef7ba3bd9089d3162154db76aeee4a0e4d6eed71c75b08032bbcc8637aa5'}, 'dob': {'date': '1996-02-02T20:51:48.141Z', 'age': 28}, 'registered': {'date': '2009-01-02T11:37:24.008Z', 'age': 15}, 'phone': '0692-6442926', 'cell': '0177-5490715', 'id': {'name': 'SVNR', 'value': '80 020296 J 313'}, 'picture': {'large': 'https://randomuser.me/api/portraits/men/12.jpg', 'medium': 'https://randomuser.me/api/portraits/med/men/12.jpg', 'thumbnail': 'https://randomuser.me/api/portraits/thumb/men/12.jpg'}, 'nat': 'DE'}], 'info': {'seed': '0537ca4b7648670a', 'results': 1, 'page': 1, 'version': '1.4'}}</msg>
<arg>${json_data}</arg>
<doc>Logs the given message with the given level.</doc>
<status status="PASS" start="2024-03-22T10:14:53.562387" elapsed="0.000209"/>
</kw>
<kw name="Dictionary Should Contain Key" owner="Collections">
<msg time="2024-03-22T10:14:53.563054" level="INFO">False</msg>
<arg>${json_data}</arg>
<arg>results</arg>
<doc>Fails if ``key`` is not found from ``dictionary``.</doc>
<status status="PASS" start="2024-03-22T10:14:53.562899" elapsed="0.000193"/>
</kw>
<kw name="Should Not Be Empty" owner="BuiltIn">
<msg time="2024-03-22T10:14:53.563581" level="INFO">Length is 2.</msg>
<arg>${json_data}</arg>
<doc>Verifies that the given item is not empty.</doc>
<status status="PASS" start="2024-03-22T10:14:53.563443" elapsed="0.000178"/>
</kw>
<kw name="Create List" owner="BuiltIn">
<msg time="2024-03-22T10:14:53.564068" level="INFO">${expected_keys} = ['gender', 'name', 'location', 'email', 'login']</msg>
<var>${expected_keys}</var>
<arg>gender</arg>
<arg>name</arg>
<arg>location</arg>
<arg>email</arg>
<arg>login</arg>
<doc>Returns a list containing given items.</doc>
<status status="PASS" start="2024-03-22T10:14:53.563917" elapsed="0.000176"/>
</kw>
<for flavor="IN">
<iter>
<kw name="Dictionary Should Contain Key" owner="Collections">
<msg time="2024-03-22T10:14:53.565083" level="INFO">False</msg>
<arg>${json_data['results'][0]}</arg>
<arg>${key}</arg>
<doc>Fails if ``key`` is not found from ``dictionary``.</doc>
<status status="PASS" start="2024-03-22T10:14:53.564669" elapsed="0.000454"/>
</kw>
<kw name="Log" owner="BuiltIn">
<msg time="2024-03-22T10:14:53.565803" level="INFO">{'gender': 'male', 'name': {'title': 'Mr', 'first': 'Raik', 'last': 'Jehle'}, 'location': {'street': {'number': 5208, 'name': 'Birkenweg'}, 'city': 'Kroppenstedt', 'state': 'Brandenburg', 'country': 'Germany', 'postcode': 80020, 'coordinates': {'latitude': '-54.5480', 'longitude': '-111.7277'}, 'timezone': {'offset': '+8:00', 'description': 'Beijing, Perth, Singapore, Hong Kong'}}, 'email': 'raik.jehle@example.com', 'login': {'uuid': 'c6d8273c-7742-4f93-ac6d-5e519f4a773e', 'username': 'greensnake405', 'password': 'scamper', 'salt': 'BCri7Kpy', 'md5': 'b47129c8abe18344cf9abab91662ba34', 'sha1': '9191bd513e6304a931b174df37f3929b16d6eb6c', 'sha256': 'd1b5ef7ba3bd9089d3162154db76aeee4a0e4d6eed71c75b08032bbcc8637aa5'}, 'dob': {'date': '1996-02-02T20:51:48.141Z', 'age': 28}, 'registered': {'date': '2009-01-02T11:37:24.008Z', 'age': 15}, 'phone': '0692-6442926', 'cell': '0177-5490715', 'id': {'name': 'SVNR', 'value': '80 020296 J 313'}, 'picture': {'large': 'https://randomuser.me/api/portraits/men/12.jpg', 'medium': 'https://randomuser.me/api/portraits/med/men/12.jpg', 'thumbnail': 'https://randomuser.me/api/portraits/thumb/men/12.jpg'}, 'nat': 'DE'}</msg>
<arg>${json_data['results'][0]}</arg>
<doc>Logs the given message with the given level.</doc>
<status status="PASS" start="2024-03-22T10:14:53.565432" elapsed="0.000428"/>
</kw>
<kw name="Log" owner="BuiltIn">
<msg time="2024-03-22T10:14:53.566300" level="INFO">gender</msg>
<arg>${key}</arg>
<doc>Logs the given message with the given level.</doc>
<status status="PASS" start="2024-03-22T10:14:53.566167" elapsed="0.000172"/>
</kw>
<var name="${key}">gender</var>
<status status="PASS" start="2024-03-22T10:14:53.564542" elapsed="0.002018"/>
</iter>
<iter>
<kw name="Dictionary Should Contain Key" owner="Collections">
<msg time="2024-03-22T10:14:53.567333" level="INFO">False</msg>
<arg>${json_data['results'][0]}</arg>
<arg>${key}</arg>
<doc>Fails if ``key`` is not found from ``dictionary``.</doc>
<status status="PASS" start="2024-03-22T10:14:53.566901" elapsed="0.000474"/>
</kw>
<kw name="Log" owner="BuiltIn">
<msg time="2024-03-22T10:14:53.568077" level="INFO">{'gender': 'male', 'name': {'title': 'Mr', 'first': 'Raik', 'last': 'Jehle'}, 'location': {'street': {'number': 5208, 'name': 'Birkenweg'}, 'city': 'Kroppenstedt', 'state': 'Brandenburg', 'country': 'Germany', 'postcode': 80020, 'coordinates': {'latitude': '-54.5480', 'longitude': '-111.7277'}, 'timezone': {'offset': '+8:00', 'description': 'Beijing, Perth, Singapore, Hong Kong'}}, 'email': 'raik.jehle@example.com', 'login': {'uuid': 'c6d8273c-7742-4f93-ac6d-5e519f4a773e', 'username': 'greensnake405', 'password': 'scamper', 'salt': 'BCri7Kpy', 'md5': 'b47129c8abe18344cf9abab91662ba34', 'sha1': '9191bd513e6304a931b174df37f3929b16d6eb6c', 'sha256': 'd1b5ef7ba3bd9089d3162154db76aeee4a0e4d6eed71c75b08032bbcc8637aa5'}, 'dob': {'date': '1996-02-02T20:51:48.141Z', 'age': 28}, 'registered': {'date': '2009-01-02T11:37:24.008Z', 'age': 15}, 'phone': '0692-6442926', 'cell': '0177-5490715', 'id': {'name': 'SVNR', 'value': '80 020296 J 313'}, 'picture': {'large': 'https://randomuser.me/api/portraits/men/12.jpg', 'medium': 'https://randomuser.me/api/portraits/med/men/12.jpg', 'thumbnail': 'https://randomuser.me/api/portraits/thumb/men/12.jpg'}, 'nat': 'DE'}</msg>
<arg>${json_data['results'][0]}</arg>
<doc>Logs the given message with the given level.</doc>
<status status="PASS" start="2024-03-22T10:14:53.567711" elapsed="0.000415"/>
</kw>
<kw name="Log" owner="BuiltIn">
<msg time="2024-03-22T10:14:53.568555" level="INFO">name</msg>
<arg>${key}</arg>
<doc>Logs the given message with the given level.</doc>
<status status="PASS" start="2024-03-22T10:14:53.568427" elapsed="0.000166"/>
</kw>
<var name="${key}">name</var>
<status status="PASS" start="2024-03-22T10:14:53.566781" elapsed="0.002030"/>
</iter>
<iter>
<kw name="Dictionary Should Contain Key" owner="Collections">
<msg time="2024-03-22T10:14:53.569485" level="INFO">False</msg>
<arg>${json_data['results'][0]}</arg>
<arg>${key}</arg>
<doc>Fails if ``key`` is not found from ``dictionary``.</doc>
<status status="PASS" start="2024-03-22T10:14:53.569104" elapsed="0.000418"/>
</kw>
<kw name="Log" owner="BuiltIn">
<msg time="2024-03-22T10:14:53.570192" level="INFO">{'gender': 'male', 'name': {'title': 'Mr', 'first': 'Raik', 'last': 'Jehle'}, 'location': {'street': {'number': 5208, 'name': 'Birkenweg'}, 'city': 'Kroppenstedt', 'state': 'Brandenburg', 'country': 'Germany', 'postcode': 80020, 'coordinates': {'latitude': '-54.5480', 'longitude': '-111.7277'}, 'timezone': {'offset': '+8:00', 'description': 'Beijing, Perth, Singapore, Hong Kong'}}, 'email': 'raik.jehle@example.com', 'login': {'uuid': 'c6d8273c-7742-4f93-ac6d-5e519f4a773e', 'username': 'greensnake405', 'password': 'scamper', 'salt': 'BCri7Kpy', 'md5': 'b47129c8abe18344cf9abab91662ba34', 'sha1': '9191bd513e6304a931b174df37f3929b16d6eb6c', 'sha256': 'd1b5ef7ba3bd9089d3162154db76aeee4a0e4d6eed71c75b08032bbcc8637aa5'}, 'dob': {'date': '1996-02-02T20:51:48.141Z', 'age': 28}, 'registered': {'date': '2009-01-02T11:37:24.008Z', 'age': 15}, 'phone': '0692-6442926', 'cell': '0177-5490715', 'id': {'name': 'SVNR', 'value': '80 020296 J 313'}, 'picture': {'large': 'https://randomuser.me/api/portraits/men/12.jpg', 'medium': 'https://randomuser.me/api/portraits/med/men/12.jpg', 'thumbnail': 'https://randomuser.me/api/portraits/thumb/men/12.jpg'}, 'nat': 'DE'}</msg>
<arg>${json_data['results'][0]}</arg>
<doc>Logs the given message with the given level.</doc>
<status status="PASS" start="2024-03-22T10:14:53.569825" elapsed="0.000419"/>
</kw>
<kw name="Log" owner="BuiltIn">
<msg time="2024-03-22T10:14:53.570668" level="INFO">location</msg>
<arg>${key}</arg>
<doc>Logs the given message with the given level.</doc>
<status status="PASS" start="2024-03-22T10:14:53.570541" elapsed="0.000166"/>
</kw>
<var name="${key}">location</var>
<status status="PASS" start="2024-03-22T10:14:53.568991" elapsed="0.001934"/>
</iter>
<iter>
<kw name="Dictionary Should Contain Key" owner="Collections">
<msg time="2024-03-22T10:14:53.571649" level="INFO">False</msg>
<arg>${json_data['results'][0]}</arg>
<arg>${key}</arg>
<doc>Fails if ``key`` is not found from ``dictionary``.</doc>
<status status="PASS" start="2024-03-22T10:14:53.571213" elapsed="0.000475"/>
</kw>
<kw name="Log" owner="BuiltIn">
<msg time="2024-03-22T10:14:53.572364" level="INFO">{'gender': 'male', 'name': {'title': 'Mr', 'first': 'Raik', 'last': 'Jehle'}, 'location': {'street': {'number': 5208, 'name': 'Birkenweg'}, 'city': 'Kroppenstedt', 'state': 'Brandenburg', 'country': 'Germany', 'postcode': 80020, 'coordinates': {'latitude': '-54.5480', 'longitude': '-111.7277'}, 'timezone': {'offset': '+8:00', 'description': 'Beijing, Perth, Singapore, Hong Kong'}}, 'email': 'raik.jehle@example.com', 'login': {'uuid': 'c6d8273c-7742-4f93-ac6d-5e519f4a773e', 'username': 'greensnake405', 'password': 'scamper', 'salt': 'BCri7Kpy', 'md5': 'b47129c8abe18344cf9abab91662ba34', 'sha1': '9191bd513e6304a931b174df37f3929b16d6eb6c', 'sha256': 'd1b5ef7ba3bd9089d3162154db76aeee4a0e4d6eed71c75b08032bbcc8637aa5'}, 'dob': {'date': '1996-02-02T20:51:48.141Z', 'age': 28}, 'registered': {'date': '2009-01-02T11:37:24.008Z', 'age': 15}, 'phone': '0692-6442926', 'cell': '0177-5490715', 'id': {'name': 'SVNR', 'value': '80 020296 J 313'}, 'picture': {'large': 'https://randomuser.me/api/portraits/men/12.jpg', 'medium': 'https://randomuser.me/api/portraits/med/men/12.jpg', 'thumbnail': 'https://randomuser.me/api/portraits/thumb/men/12.jpg'}, 'nat': 'DE'}</msg>
<arg>${json_data['results'][0]}</arg>
<doc>Logs the given message with the given level.</doc>
<status status="PASS" start="2024-03-22T10:14:53.572001" elapsed="0.000412"/>
</kw>
<kw name="Log" owner="BuiltIn">
<msg time="2024-03-22T10:14:53.572835" level="INFO">email</msg>
<arg>${key}</arg>
<doc>Logs the given message with the given level.</doc>
<status status="PASS" start="2024-03-22T10:14:53.572708" elapsed="0.000166"/>
</kw>
<var name="${key}">email</var>
<status status="PASS" start="2024-03-22T10:14:53.571100" elapsed="0.001988"/>
</iter>
<iter>
<kw name="Dictionary Should Contain Key" owner="Collections">
<msg time="2024-03-22T10:14:53.573766" level="INFO">False</msg>
<arg>${json_data['results'][0]}</arg>
<arg>${key}</arg>
<doc>Fails if ``key`` is not found from ``dictionary``.</doc>
<status status="PASS" start="2024-03-22T10:14:53.573383" elapsed="0.000420"/>
</kw>
<kw name="Log" owner="BuiltIn">
<msg time="2024-03-22T10:14:53.574456" level="INFO">{'gender': 'male', 'name': {'title': 'Mr', 'first': 'Raik', 'last': 'Jehle'}, 'location': {'street': {'number': 5208, 'name': 'Birkenweg'}, 'city': 'Kroppenstedt', 'state': 'Brandenburg', 'country': 'Germany', 'postcode': 80020, 'coordinates': {'latitude': '-54.5480', 'longitude': '-111.7277'}, 'timezone': {'offset': '+8:00', 'description': 'Beijing, Perth, Singapore, Hong Kong'}}, 'email': 'raik.jehle@example.com', 'login': {'uuid': 'c6d8273c-7742-4f93-ac6d-5e519f4a773e', 'username': 'greensnake405', 'password': 'scamper', 'salt': 'BCri7Kpy', 'md5': 'b47129c8abe18344cf9abab91662ba34', 'sha1': '9191bd513e6304a931b174df37f3929b16d6eb6c', 'sha256': 'd1b5ef7ba3bd9089d3162154db76aeee4a0e4d6eed71c75b08032bbcc8637aa5'}, 'dob': {'date': '1996-02-02T20:51:48.141Z', 'age': 28}, 'registered': {'date': '2009-01-02T11:37:24.008Z', 'age': 15}, 'phone': '0692-6442926', 'cell': '0177-5490715', 'id': {'name': 'SVNR', 'value': '80 020296 J 313'}, 'picture': {'large': 'https://randomuser.me/api/portraits/men/12.jpg', 'medium': 'https://randomuser.me/api/portraits/med/men/12.jpg', 'thumbnail': 'https://randomuser.me/api/portraits/thumb/men/12.jpg'}, 'nat': 'DE'}</msg>
<arg>${json_data['results'][0]}</arg>
<doc>Logs the given message with the given level.</doc>
<status status="PASS" start="2024-03-22T10:14:53.574096" elapsed="0.000407"/>
</kw>
<kw name="Log" owner="BuiltIn">
<msg time="2024-03-22T10:14:53.574922" level="INFO">login</msg>
<arg>${key}</arg>
<doc>Logs the given message with the given level.</doc>
<status status="PASS" start="2024-03-22T10:14:53.574796" elapsed="0.000270"/>
</kw>
<var name="${key}">login</var>
<status status="PASS" start="2024-03-22T10:14:53.573265" elapsed="0.002068"/>
</iter>
<var>${key}</var>
<value>@{expected_keys}</value>
<status status="PASS" start="2024-03-22T10:14:53.564355" elapsed="0.011119"/>
</for>
<kw name="Create List" owner="BuiltIn">
<msg time="2024-03-22T10:14:53.575814" level="INFO">${expected_keysTwo} = ['username', 'password']</msg>
<var>${expected_keysTwo}</var>
<arg>username</arg>
<arg>password</arg>
<doc>Returns a list containing given items.</doc>
<status status="PASS" start="2024-03-22T10:14:53.575672" elapsed="0.000166"/>
</kw>
<for flavor="IN">
<iter>
<kw name="Dictionary Should Contain Key" owner="Collections">
<msg time="2024-03-22T10:14:53.576743" level="INFO">False</msg>
<arg>${json_data['results'][0]['login']}</arg>
<arg>${keyTwo}</arg>
<doc>Fails if ``key`` is not found from ``dictionary``.</doc>
<status status="PASS" start="2024-03-22T10:14:53.576342" elapsed="0.000439"/>
</kw>
<kw name="Dictionary Should Contain Key" owner="Collections">
<msg time="2024-03-22T10:14:53.577458" level="INFO">False</msg>
<arg>${json_data['results'][0]['login']}</arg>
<arg>${keyTwo}</arg>
<doc>Fails if ``key`` is not found from ``dictionary``.</doc>
<status status="PASS" start="2024-03-22T10:14:53.577076" elapsed="0.000420"/>
</kw>
<kw name="Log" owner="BuiltIn">
<msg time="2024-03-22T10:14:53.577920" level="INFO">username</msg>
<arg>${keyTwo}</arg>
<doc>Logs the given message with the given level.</doc>
<status status="PASS" start="2024-03-22T10:14:53.577793" elapsed="0.000166"/>
</kw>
<var name="${keyTwo}">username</var>
<status status="PASS" start="2024-03-22T10:14:53.576229" elapsed="0.001944"/>
</iter>
<iter>
<kw name="Dictionary Should Contain Key" owner="Collections">
<msg time="2024-03-22T10:14:53.578844" level="INFO">False</msg>
<arg>${json_data['results'][0]['login']}</arg>
<arg>${keyTwo}</arg>
<doc>Fails if ``key`` is not found from ``dictionary``.</doc>
<status status="PASS" start="2024-03-22T10:14:53.578458" elapsed="0.000425"/>
</kw>
<kw name="Dictionary Should Contain Key" owner="Collections">
<msg time="2024-03-22T10:14:53.579595" level="INFO">False</msg>
<arg>${json_data['results'][0]['login']}</arg>
<arg>${keyTwo}</arg>
<doc>Fails if ``key`` is not found from ``dictionary``.</doc>
<status status="PASS" start="2024-03-22T10:14:53.579178" elapsed="0.000455"/>
</kw>
<kw name="Log" owner="BuiltIn">
<msg time="2024-03-22T10:14:53.580058" level="INFO">password</msg>
<arg>${keyTwo}</arg>
<doc>Logs the given message with the given level.</doc>
<status status="PASS" start="2024-03-22T10:14:53.579928" elapsed="0.000168"/>
</kw>
<var name="${keyTwo}">password</var>
<status status="PASS" start="2024-03-22T10:14:53.578347" elapsed="0.001962"/>
</iter>
<var>${keyTwo}</var>
<value>@{expected_keysTwo}</value>
<status status="PASS" start="2024-03-22T10:14:53.576076" elapsed="0.004355"/>
</for>
<status status="PASS" start="2024-03-22T10:14:53.468517" elapsed="0.112058"/>
</kw>
<doc>Testa a estrutura da resposta da API.</doc>
<tag>testeEstruturaResposta</tag>
<status status="PASS" start="2024-03-22T10:14:53.467918" elapsed="0.112816"/>
</test>
<test id="s1-s1-t4" name="Validar tipos de dados" line="28">
<kw name="Teste de Tipos de Dados" owner="random-user-service">
<kw name="GET On Session" owner="RequestsLibrary">
<msg time="2024-03-22T10:14:53.664501" level="INFO">GET Request : url=https://randomuser.me/api 
 path_url=/api 
 headers={'User-Agent': 'python-requests/2.31.0', 'Accept-Encoding': 'gzip, deflate', 'Accept': '*/*', 'Connection': 'keep-alive'} 
 body=None 
 </msg>
<msg time="2024-03-22T10:14:53.664580" level="INFO">GET Response : url=https://randomuser.me/api 
 status=200, reason=OK 
 headers={'Date': 'Fri, 22 Mar 2024 10:14:53 GMT', 'Content-Type': 'application/json; charset=utf-8', 'Transfer-Encoding': 'chunked', 'Connection': 'keep-alive', 'X-Powered-By': 'Express', 'Access-Control-Allow-Origin': '*', 'Cache-Control': 'no-cache', 'ETag': 'W/"463-8D21U4pdtSvKEuIbsQy08a4lc4k"', 'Vary': 'Accept-Encoding', 'Content-Encoding': 'gzip', 'CF-Cache-Status': 'DYNAMIC', 'Report-To': '{"endpoints":[{"url":"https:\\/\\/a.nel.cloudflare.com\\/report\\/v4?s=eEGatnKBxMnb3ahhwPHqzpnTptI1shRQAjiXJEfYketEjL%2BlM1Lt%2FD%2Bc5DNWiqK134AWBmeAH6%2BFkwGiNVMB%2B8MDViMg%2FKzPaDIpZXE%2Bxup%2FMCXlr6ijbl8C7SqEidDp"}],"group":"cf-nel","max_age":604800}', 'NEL': '{"success_fraction":0,"report_to":"cf-nel","max_age":604800}', 'Server': 'cloudflare', 'CF-RAY': '86856ad8e9a007a4-IAD', 'alt-svc': 'h3=":443"; ma=86400'} 
 body={"results":[{"gender":"male","name":{"title":"Mr","first":"Mahmoud","last":"Oma"},"location":{"street":{"number":331,"name":"Lørenfaret"},"city":"Sandve","state":"Rogaland","country":"Norway","postcode":"1354","coordinates":{"latitude":"39.1155","longitude":"-42.2456"},"timezone":{"offset":"-3:30","description":"Newfoundland"}},"email":"mahmoud.oma@example.com","login":{"uuid":"9a408a9e-cf86-42a4-a347-7ff7345f50fd","username":"brownladybug543","password":"chris","salt":"V0FzlPtx","md5":"0275e71c472f1e11790bc9db5959344b","sha1":"50c19503cde3940236333ac4bf6ee88769922ad8","sha256":"254a1143cb0ea43c847f3adcf33b65fecd7db6e66a123fd021c620b5e1f2ca3e"},"dob":{"date":"1999-04-29T04:53:49.439Z","age":24},"registered":{"date":"2022-04-17T01:50:41.901Z","age":1},"phone":"32393098","cell":"46910987","id":{"name":"FN","value":"29049921975"},"picture":{"large":"https://randomuser.me/api/portraits/men/45.jpg","medium":"https://randomuser.me/api/portraits/med/men/45.jpg","thumbnail":"https://randomuser.me/api/portraits/thumb/men/45.jpg"},"nat":"NO"}],"info":{"seed":"0ecbf18faeaa379d","results":1,"page":1,"version":"1.4"}} 
 </msg>
<msg time="2024-03-22T10:14:53.664653" level="INFO">/opt/hostedtoolcache/Python/3.12.2/x64/lib/python3.12/site-packages/urllib3/connectionpool.py:1103: InsecureRequestWarning: Unverified HTTPS request is being made to host 'randomuser.me'. Adding certificate verification is strongly advised. See: https://urllib3.readthedocs.io/en/latest/advanced-usage.html#tls-warnings
  warnings.warn(</msg>
<msg time="2024-03-22T10:14:53.664761" level="INFO">${response} = &lt;Response [200]&gt;</msg>
<var>${response}</var>
<arg>consultarAPI</arg>
<arg>/api</arg>
<doc>Sends a GET request on a previously created HTTP Session.</doc>
<status status="PASS" start="2024-03-22T10:14:53.583180" elapsed="0.081620"/>
</kw>
<kw name="Set Variable" owner="BuiltIn">
<msg time="2024-03-22T10:14:53.665630" level="INFO">${json_data} = {'results': [{'gender': 'male', 'name': {'title': 'Mr', 'first': 'Mahmoud', 'last': 'Oma'}, 'location': {'street': {'number': 331, 'name': 'Lørenfaret'}, 'city': 'Sandve', 'state': 'Rogaland', 'countr...</msg>
<var>${json_data}</var>
<arg>${response.json()}</arg>
<doc>Returns the given values which can then be assigned to a variables.</doc>
<status status="PASS" start="2024-03-22T10:14:53.665159" elapsed="0.000507"/>
</kw>
<kw name="Log" owner="BuiltIn">
<msg time="2024-03-22T10:14:53.666142" level="INFO">{'results': [{'gender': 'male', 'name': {'title': 'Mr', 'first': 'Mahmoud', 'last': 'Oma'}, 'location': {'street': {'number': 331, 'name': 'Lørenfaret'}, 'city': 'Sandve', 'state': 'Rogaland', 'country': 'Norway', 'postcode': '1354', 'coordinates': {'latitude': '39.1155', 'longitude': '-42.2456'}, 'timezone': {'offset': '-3:30', 'description': 'Newfoundland'}}, 'email': 'mahmoud.oma@example.com', 'login': {'uuid': '9a408a9e-cf86-42a4-a347-7ff7345f50fd', 'username': 'brownladybug543', 'password': 'chris', 'salt': 'V0FzlPtx', 'md5': '0275e71c472f1e11790bc9db5959344b', 'sha1': '50c19503cde3940236333ac4bf6ee88769922ad8', 'sha256': '254a1143cb0ea43c847f3adcf33b65fecd7db6e66a123fd021c620b5e1f2ca3e'}, 'dob': {'date': '1999-04-29T04:53:49.439Z', 'age': 24}, 'registered': {'date': '2022-04-17T01:50:41.901Z', 'age': 1}, 'phone': '32393098', 'cell': '46910987', 'id': {'name': 'FN', 'value': '29049921975'}, 'picture': {'large': 'https://randomuser.me/api/portraits/men/45.jpg', 'medium': 'https://randomuser.me/api/portraits/med/men/45.jpg', 'thumbnail': 'https://randomuser.me/api/portraits/thumb/men/45.jpg'}, 'nat': 'NO'}], 'info': {'seed': '0ecbf18faeaa379d', 'results': 1, 'page': 1, 'version': '1.4'}}</msg>
<arg>${json_data}</arg>
<doc>Logs the given message with the given level.</doc>
<status status="PASS" start="2024-03-22T10:14:53.665985" elapsed="0.000240"/>
</kw>
<kw name="Should Be String" owner="String">
<arg>${json_data['results'][0]['gender']}</arg>
<doc>Fails if the given ``item`` is not a string.</doc>
<status status="PASS" start="2024-03-22T10:14:53.666541" elapsed="0.000369"/>
</kw>
<kw name="Should Match Regexp" owner="BuiltIn">
<arg>${json_data['results'][0]['email']}</arg>
<arg>^[a-zA-Z0-9._%+-]+@[a-zA-Z0-9.-]+\.[a-zA-Z]{2,}$</arg>
<doc>Fails if ``string`` does not match ``pattern`` as a regular expression.</doc>
<status status="PASS" start="2024-03-22T10:14:53.667109" elapsed="0.000578"/>
</kw>
<kw name="Should Match Regexp" owner="BuiltIn">
<arg>${json_data['results'][0]['dob']['date']}</arg>
<arg>\\d{4}-\\d{2}-\\d{2}T\\d{2}:\\d{2}:\\d{2}\\.\\d{3}Z</arg>
<doc>Fails if ``string`` does not match ``pattern`` as a regular expression.</doc>
<status status="PASS" start="2024-03-22T10:14:53.667892" elapsed="0.000495"/>
</kw>
<kw name="Should Match Regexp" owner="BuiltIn">
<arg>${json_data['results'][0]['registered']['date']}</arg>
<arg>\\d{4}-\\d{2}-\\d{2}T\\d{2}:\\d{2}:\\d{2}\\.\\d{3}Z</arg>
<doc>Fails if ``string`` does not match ``pattern`` as a regular expression.</doc>
<status status="PASS" start="2024-03-22T10:14:53.668584" elapsed="0.000374"/>
</kw>
<kw name="Should Match Regexp" owner="BuiltIn">
<arg>${json_data['results'][0]['picture']['large']}</arg>
<arg>^https?://.*\.(?:png|jpe?g|gif|bmp)$</arg>
<doc>Fails if ``string`` does not match ``pattern`` as a regular expression.</doc>
<status status="PASS" start="2024-03-22T10:14:53.669148" elapsed="0.000456"/>
</kw>
<kw name="Should Match Regexp" owner="BuiltIn">
<arg>${json_data['results'][0]['picture']['medium']}</arg>
<arg>^https?://.*\.(?:png|jpe?g|gif|bmp)$</arg>
<doc>Fails if ``string`` does not match ``pattern`` as a regular expression.</doc>
<status status="PASS" start="2024-03-22T10:14:53.669795" elapsed="0.000357"/>
</kw>
<kw name="Should Match Regexp" owner="BuiltIn">
<arg>${json_data['results'][0]['picture']['thumbnail']}</arg>
<arg>^https?://.*\.(?:png|jpe?g|gif|bmp)$</arg>
<doc>Fails if ``string`` does not match ``pattern`` as a regular expression.</doc>
<status status="PASS" start="2024-03-22T10:14:53.670338" elapsed="0.000348"/>
</kw>
<kw name="Log" owner="BuiltIn">
<msg time="2024-03-22T10:14:53.671198" level="INFO">{'large': 'https://randomuser.me/api/portraits/men/45.jpg', 'medium': 'https://randomuser.me/api/portraits/med/men/45.jpg', 'thumbnail': 'https://randomuser.me/api/portraits/thumb/men/45.jpg'}</msg>
<arg>${json_data['results'][0]['picture']}</arg>
<doc>Logs the given message with the given level.</doc>
<status status="PASS" start="2024-03-22T10:14:53.670868" elapsed="0.000397"/>
</kw>
<status status="PASS" start="2024-03-22T10:14:53.582948" elapsed="0.088581"/>
</kw>
<kw name="Teste de Tipos de Dados - Postcode" owner="random-user-service">
<kw name="GET On Session" owner="RequestsLibrary">
<msg time="2024-03-22T10:14:53.766650" level="INFO">GET Request : url=https://randomuser.me/api 
 path_url=/api 
 headers={'User-Agent': 'python-requests/2.31.0', 'Accept-Encoding': 'gzip, deflate', 'Accept': '*/*', 'Connection': 'keep-alive'} 
 body=None 
 </msg>
<msg time="2024-03-22T10:14:53.766729" level="INFO">GET Response : url=https://randomuser.me/api 
 status=200, reason=OK 
 headers={'Date': 'Fri, 22 Mar 2024 10:14:53 GMT', 'Content-Type': 'application/json; charset=utf-8', 'Transfer-Encoding': 'chunked', 'Connection': 'keep-alive', 'X-Powered-By': 'Express', 'Access-Control-Allow-Origin': '*', 'Cache-Control': 'no-cache', 'ETag': 'W/"498-XSOjfXUQH/mfQT3BL2oFvaRX0lU"', 'Vary': 'Accept-Encoding', 'Content-Encoding': 'gzip', 'CF-Cache-Status': 'DYNAMIC', 'Report-To': '{"endpoints":[{"url":"https:\\/\\/a.nel.cloudflare.com\\/report\\/v4?s=r4PPQjbGfgNhuBVoEr7Pl939fwmlbNLm7r05qLDI7BODb4ENRFtPrQ9EWDGqoXIWRJKY0US24EVUHVfumdznKiobzPnR8e5YNGRuvrQ2n%2BsKKwyukNGMb48qefTM6ze%2F"}],"group":"cf-nel","max_age":604800}', 'NEL': '{"success_fraction":0,"report_to":"cf-nel","max_age":604800}', 'Server': 'cloudflare', 'CF-RAY': '86856ad97a1207a4-IAD', 'alt-svc': 'h3=":443"; ma=86400'} 
 body={"results":[{"gender":"male","name":{"title":"Mr","first":"Servando","last":"Amador"},"location":{"street":{"number":1261,"name":"Cerrada Puebla"},"city":"San José Iturbide","state":"Colima","country":"Mexico","postcode":65708,"coordinates":{"latitude":"28.8185","longitude":"-121.8400"},"timezone":{"offset":"-1:00","description":"Azores, Cape Verde Islands"}},"email":"servando.amador@example.com","login":{"uuid":"e0625b49-d865-427c-a812-577886ffd8c2","username":"beautifulcat418","password":"kiss","salt":"1HAwkBWl","md5":"919f9f1cd124948a5ffca3b406f30b13","sha1":"2c62eb61d65907b086c298b9c0e91162092ad3c7","sha256":"847074c2b76a8793e509b563b71d23b6936124554e6ab0cc496faffd3adfefdf"},"dob":{"date":"1972-11-09T18:04:44.152Z","age":51},"registered":{"date":"2011-03-24T10:57:09.929Z","age":12},"phone":"(654) 998 5815","cell":"(681) 633 9138","id":{"name":"NSS","value":"37 29 53 4718 0"},"picture":{"large":"https://randomuser.me/api/portraits/men/54.jpg","medium":"https://randomuser.me/api/portraits/med/men/54.jpg","thumbnail":"https://randomuser.me/api/portraits/thumb/men/54.jpg"},"nat":"MX"}],"info":{"seed":"3db050db01f2485a","results":1,"page":1,"version":"1.4"}} 
 </msg>
<msg time="2024-03-22T10:14:53.766810" level="INFO">/opt/hostedtoolcache/Python/3.12.2/x64/lib/python3.12/site-packages/urllib3/connectionpool.py:1103: InsecureRequestWarning: Unverified HTTPS request is being made to host 'randomuser.me'. Adding certificate verification is strongly advised. See: https://urllib3.readthedocs.io/en/latest/advanced-usage.html#tls-warnings
  warnings.warn(</msg>
<msg time="2024-03-22T10:14:53.766925" level="INFO">${response} = &lt;Response [200]&gt;</msg>
<var>${response}</var>
<arg>consultarAPI</arg>
<arg>/api</arg>
<doc>Sends a GET request on a previously created HTTP Session.</doc>
<status status="PASS" start="2024-03-22T10:14:53.672085" elapsed="0.094878"/>
</kw>
<kw name="Set Variable" owner="BuiltIn">
<msg time="2024-03-22T10:14:53.767805" level="INFO">${json_data} = {'results': [{'gender': 'male', 'name': {'title': 'Mr', 'first': 'Servando', 'last': 'Amador'}, 'location': {'street': {'number': 1261, 'name': 'Cerrada Puebla'}, 'city': 'San José Iturbide', 'state':...</msg>
<var>${json_data}</var>
<arg>${response.json()}</arg>
<doc>Returns the given values which can then be assigned to a variables.</doc>
<status status="PASS" start="2024-03-22T10:14:53.767360" elapsed="0.000474"/>
</kw>
<kw name="Log" owner="BuiltIn">
<msg time="2024-03-22T10:14:53.768337" level="INFO">{'results': [{'gender': 'male', 'name': {'title': 'Mr', 'first': 'Servando', 'last': 'Amador'}, 'location': {'street': {'number': 1261, 'name': 'Cerrada Puebla'}, 'city': 'San José Iturbide', 'state': 'Colima', 'country': 'Mexico', 'postcode': 65708, 'coordinates': {'latitude': '28.8185', 'longitude': '-121.8400'}, 'timezone': {'offset': '-1:00', 'description': 'Azores, Cape Verde Islands'}}, 'email': 'servando.amador@example.com', 'login': {'uuid': 'e0625b49-d865-427c-a812-577886ffd8c2', 'username': 'beautifulcat418', 'password': 'kiss', 'salt': '1HAwkBWl', 'md5': '919f9f1cd124948a5ffca3b406f30b13', 'sha1': '2c62eb61d65907b086c298b9c0e91162092ad3c7', 'sha256': '847074c2b76a8793e509b563b71d23b6936124554e6ab0cc496faffd3adfefdf'}, 'dob': {'date': '1972-11-09T18:04:44.152Z', 'age': 51}, 'registered': {'date': '2011-03-24T10:57:09.929Z', 'age': 12}, 'phone': '(654) 998 5815', 'cell': '(681) 633 9138', 'id': {'name': 'NSS', 'value': '37 29 53 4718 0'}, 'picture': {'large': 'https://randomuser.me/api/portraits/men/54.jpg', 'medium': 'https://randomuser.me/api/portraits/med/men/54.jpg', 'thumbnail': 'https://randomuser.me/api/portraits/thumb/men/54.jpg'}, 'nat': 'MX'}], 'info': {'seed': '3db050db01f2485a', 'results': 1, 'page': 1, 'version': '1.4'}}</msg>
<arg>${json_data}</arg>
<doc>Logs the given message with the given level.</doc>
<status status="PASS" start="2024-03-22T10:14:53.768148" elapsed="0.000274"/>
</kw>
<kw name="Should Be Equal As Numbers" owner="BuiltIn">
<arg>${json_data['results'][0]['location']['postcode']}</arg>
<arg>${json_data['results'][0]['location']['postcode']}</arg>
<doc>Fails if objects are unequal after converting them to real numbers.</doc>
<status status="PASS" start="2024-03-22T10:14:53.768734" elapsed="0.000645"/>
</kw>
<kw name="Log" owner="BuiltIn">
<msg time="2024-03-22T10:14:53.769910" level="INFO">65708</msg>
<arg>${json_data['results'][0]['location']['postcode']}</arg>
<doc>Logs the given message with the given level.</doc>
<status status="PASS" start="2024-03-22T10:14:53.769575" elapsed="0.000376"/>
</kw>
<status status="PASS" start="2024-03-22T10:14:53.671742" elapsed="0.098461"/>
</kw>
<doc>Testa se os tipos de dados na resposta da API estão corretos.</doc>
<tag>testeTiposDados</tag>
<status status="PASS" start="2024-03-22T10:14:53.582509" elapsed="0.187866"/>
</test>
<test id="s1-s1-t5" name="Validar conteudo" line="35">
<kw name="Teste de Tipos de Conteudo" owner="random-user-service">
<kw name="GET On Session" owner="RequestsLibrary">
<msg time="2024-03-22T10:14:53.899440" level="INFO">GET Request : url=https://randomuser.me/api 
 path_url=/api 
 headers={'User-Agent': 'python-requests/2.31.0', 'Accept-Encoding': 'gzip, deflate', 'Accept': '*/*', 'Connection': 'keep-alive'} 
 body=None 
 </msg>
<msg time="2024-03-22T10:14:53.899535" level="INFO">GET Response : url=https://randomuser.me/api 
 status=200, reason=OK 
 headers={'Date': 'Fri, 22 Mar 2024 10:14:53 GMT', 'Content-Type': 'application/json; charset=utf-8', 'Transfer-Encoding': 'chunked', 'Connection': 'keep-alive', 'X-Powered-By': 'Express', 'Access-Control-Allow-Origin': '*', 'Cache-Control': 'no-cache', 'ETag': 'W/"474-nV65k42colya9Qbed0pWKWW7fDM"', 'Vary': 'Accept-Encoding', 'Content-Encoding': 'gzip', 'CF-Cache-Status': 'DYNAMIC', 'Report-To': '{"endpoints":[{"url":"https:\\/\\/a.nel.cloudflare.com\\/report\\/v4?s=%2BCf3f2YYkSZXHDqb0Im70gojLDi8jic2aGuGQtxU1bJIsEE3z3bZw%2FIyB0O17ta9%2FFBnktNtescoWfFpJoxYPtIMvEsC5qrEYvWQJfpXNrFl13ru3opCajXd5NivYANP"}],"group":"cf-nel","max_age":604800}', 'NEL': '{"success_fraction":0,"report_to":"cf-nel","max_age":604800}', 'Server': 'cloudflare', 'CF-RAY': '86856ada1aab07a4-IAD', 'alt-svc': 'h3=":443"; ma=86400'} 
 body={"results":[{"gender":"male","name":{"title":"Mr","first":"Samu","last":"Wuori"},"location":{"street":{"number":7303,"name":"Otavalankatu"},"city":"Geta","state":"Ostrobothnia","country":"Finland","postcode":31509,"coordinates":{"latitude":"-26.8236","longitude":"-138.9738"},"timezone":{"offset":"-10:00","description":"Hawaii"}},"email":"samu.wuori@example.com","login":{"uuid":"df1b8083-3474-4db2-a404-f2f8dbd88cf1","username":"angryelephant971","password":"company","salt":"mrEr2QkN","md5":"2656fb370d25899af501aac22b31f2cd","sha1":"8efc2f280a33b971df0ddb222bdb6ebda49ef255","sha256":"2b75292492c9318f143687af2582e6d447cbf0035f02e23956175ace57a2d6e3"},"dob":{"date":"1952-10-08T06:12:33.218Z","age":71},"registered":{"date":"2022-01-13T08:16:07.586Z","age":2},"phone":"08-685-579","cell":"041-427-16-89","id":{"name":"HETU","value":"NaNNA533undefined"},"picture":{"large":"https://randomuser.me/api/portraits/men/51.jpg","medium":"https://randomuser.me/api/portraits/med/men/51.jpg","thumbnail":"https://randomuser.me/api/portraits/thumb/men/51.jpg"},"nat":"FI"}],"info":{"seed":"48ea171e4df98bb2","results":1,"page":1,"version":"1.4"}} 
 </msg>
<msg time="2024-03-22T10:14:53.899610" level="INFO">/opt/hostedtoolcache/Python/3.12.2/x64/lib/python3.12/site-packages/urllib3/connectionpool.py:1103: InsecureRequestWarning: Unverified HTTPS request is being made to host 'randomuser.me'. Adding certificate verification is strongly advised. See: https://urllib3.readthedocs.io/en/latest/advanced-usage.html#tls-warnings
  warnings.warn(</msg>
<msg time="2024-03-22T10:14:53.899758" level="INFO">${response} = &lt;Response [200]&gt;</msg>
<var>${response}</var>
<arg>consultarAPI</arg>
<arg>/api</arg>
<doc>Sends a GET request on a previously created HTTP Session.</doc>
<status status="PASS" start="2024-03-22T10:14:53.773242" elapsed="0.126570"/>
</kw>
<kw name="Set Variable" owner="BuiltIn">
<msg time="2024-03-22T10:14:53.900803" level="INFO">${json_data} = {'results': [{'gender': 'male', 'name': {'title': 'Mr', 'first': 'Samu', 'last': 'Wuori'}, 'location': {'street': {'number': 7303, 'name': 'Otavalankatu'}, 'city': 'Geta', 'state': 'Ostrobothnia', 'co...</msg>
<var>${json_data}</var>
<arg>${response.json()}</arg>
<doc>Returns the given values which can then be assigned to a variables.</doc>
<status status="PASS" start="2024-03-22T10:14:53.900298" elapsed="0.000532"/>
</kw>
<kw name="Set Variable" owner="BuiltIn">
<msg time="2024-03-22T10:14:53.901511" level="INFO">${name_title} = Mr</msg>
<var>${name_title}</var>
<arg>${json_data["results"][0]["name"]["title"]}</arg>
<doc>Returns the given values which can then be assigned to a variables.</doc>
<status status="PASS" start="2024-03-22T10:14:53.901134" elapsed="0.000402"/>
</kw>
<kw name="Create List" owner="BuiltIn">
<msg time="2024-03-22T10:14:53.901985" level="INFO">${allowed_titles} = ['Mr', 'Ms', 'Miss', 'Mrs', 'Madame', 'Monsieur']</msg>
<var>${allowed_titles}</var>
<arg>Mr</arg>
<arg>Ms</arg>
<arg>Miss</arg>
<arg>Mrs</arg>
<arg>Madame</arg>
<arg>Monsieur</arg>
<doc>Returns a list containing given items.</doc>
<status status="PASS" start="2024-03-22T10:14:53.901836" elapsed="0.000173"/>
</kw>
<kw name="List Should Contain Value" owner="Collections">
<msg time="2024-03-22T10:14:53.902506" level="INFO">False</msg>
<arg>${allowed_titles}</arg>
<arg>${name_title}</arg>
<doc>Fails if the ``value`` is not found from ``list``.</doc>
<status status="PASS" start="2024-03-22T10:14:53.902311" elapsed="0.000232"/>
</kw>
<kw name="Set Variable" owner="BuiltIn">
<msg time="2024-03-22T10:14:53.903204" level="INFO">${name_country} = FI</msg>
<var>${name_country}</var>
<arg>${json_data["results"][0]["nat"]}</arg>
<doc>Returns the given values which can then be assigned to a variables.</doc>
<status status="PASS" start="2024-03-22T10:14:53.902829" elapsed="0.000400"/>
</kw>
<kw name="Create List" owner="BuiltIn">
<msg time="2024-03-22T10:14:53.904202" level="INFO">${list_country} = ['AD', 'AE', 'AF', 'AG', 'AI', 'AL', 'AM', 'AO', 'AQ', 'AR', 'AS', 'AT', 'AU', 'AW', 'AX', 'AZ', 'BA', 'BB', 'BD', 'BE', 'BF', 'BG', 'BH', 'BI', 'BJ', 'BL', 'BM', 'BN', 'BO', 'BQ', 'BR', 'BS', 'BT', '...</msg>
<var>${list_country}</var>
<arg>AD</arg>
<arg>AE</arg>
<arg>AF</arg>
<arg>AG</arg>
<arg>AI</arg>
<arg>AL</arg>
<arg>AM</arg>
<arg>AO</arg>
<arg>AQ</arg>
<arg>AR</arg>
<arg>AS</arg>
<arg>AT</arg>
<arg>AU</arg>
<arg>AW</arg>
<arg>AX</arg>
<arg>AZ</arg>
<arg>BA</arg>
<arg>BB</arg>
<arg>BD</arg>
<arg>BE</arg>
<arg>BF</arg>
<arg>BG</arg>
<arg>BH</arg>
<arg>BI</arg>
<arg>BJ</arg>
<arg>BL</arg>
<arg>BM</arg>
<arg>BN</arg>
<arg>BO</arg>
<arg>BQ</arg>
<arg>BR</arg>
<arg>BS</arg>
<arg>BT</arg>
<arg>BV</arg>
<arg>BW</arg>
<arg>BY</arg>
<arg>BZ</arg>
<arg>CA</arg>
<arg>CC</arg>
<arg>CD</arg>
<arg>CF</arg>
<arg>CG</arg>
<arg>CH</arg>
<arg>CI</arg>
<arg>CK</arg>
<arg>CL</arg>
<arg>CM</arg>
<arg>CN</arg>
<arg>CO</arg>
<arg>CR</arg>
<arg>CU</arg>
<arg>CV</arg>
<arg>CW</arg>
<arg>CX</arg>
<arg>CY</arg>
<arg>CZ</arg>
<arg>DE</arg>
<arg>DJ</arg>
<arg>DK</arg>
<arg>DM</arg>
<arg>DO</arg>
<arg>DZ</arg>
<arg>EC</arg>
<arg>EE</arg>
<arg>EG</arg>
<arg>EH</arg>
<arg>ER</arg>
<arg>ES</arg>
<arg>ET</arg>
<arg>FI</arg>
<arg>FJ</arg>
<arg>FK</arg>
<arg>FM</arg>
<arg>FO</arg>
<arg>FR</arg>
<arg>GA</arg>
<arg>GB</arg>
<arg>GD</arg>
<arg>GE</arg>
<arg>GF</arg>
<arg>GG</arg>
<arg>GH</arg>
<arg>GI</arg>
<arg>GL</arg>
<arg>GM</arg>
<arg>GN</arg>
<arg>GP</arg>
<arg>GQ</arg>
<arg>GR</arg>
<arg>GS</arg>
<arg>GT</arg>
<arg>GU</arg>
<arg>GW</arg>
<arg>GY</arg>
<arg>HK</arg>
<arg>HM</arg>
<arg>HN</arg>
<arg>HR</arg>
<arg>HT</arg>
<arg>HU</arg>
<arg>ID</arg>
<arg>IE</arg>
<arg>IL</arg>
<arg>IM</arg>
<arg>IN</arg>
<arg>IO</arg>
<arg>IQ</arg>
<arg>IR</arg>
<arg>IS</arg>
<arg>IT</arg>
<arg>JE</arg>
<arg>JM</arg>
<arg>JO</arg>
<arg>JP</arg>
<arg>KE</arg>
<arg>KG</arg>
<arg>KH</arg>
<arg>KI</arg>
<arg>KM</arg>
<arg>KN</arg>
<arg>KP</arg>
<arg>KR</arg>
<arg>KW</arg>
<arg>KY</arg>
<arg>KZ</arg>
<arg>LA</arg>
<arg>LB</arg>
<arg>LC</arg>
<arg>LI</arg>
<arg>LK</arg>
<arg>LR</arg>
<arg>LS</arg>
<arg>LT</arg>
<arg>LU</arg>
<arg>LV</arg>
<arg>LY</arg>
<arg>MA</arg>
<arg>MC</arg>
<arg>MD</arg>
<arg>ME</arg>
<arg>MF</arg>
<arg>MG</arg>
<arg>MH</arg>
<arg>MK</arg>
<arg>ML</arg>
<arg>MM</arg>
<arg>MN</arg>
<arg>MO</arg>
<arg>MP</arg>
<arg>MQ</arg>
<arg>MR</arg>
<arg>MS</arg>
<arg>MT</arg>
<arg>MU</arg>
<arg>MV</arg>
<arg>MW</arg>
<arg>MX</arg>
<arg>MY</arg>
<arg>MZ</arg>
<arg>NA</arg>
<arg>NC</arg>
<arg>NE</arg>
<arg>NF</arg>
<arg>NG</arg>
<arg>NI</arg>
<arg>NL</arg>
<arg>NO</arg>
<arg>NP</arg>
<arg>NR</arg>
<arg>NU</arg>
<arg>NZ</arg>
<arg>OM</arg>
<arg>PA</arg>
<arg>PE</arg>
<arg>PF</arg>
<arg>PG</arg>
<arg>PH</arg>
<arg>PK</arg>
<arg>PL</arg>
<arg>PM</arg>
<arg>PN</arg>
<arg>PR</arg>
<arg>PS</arg>
<arg>PT</arg>
<arg>PW</arg>
<arg>PY</arg>
<arg>QA</arg>
<arg>RE</arg>
<arg>RO</arg>
<arg>RS</arg>
<arg>RU</arg>
<arg>RW</arg>
<arg>SA</arg>
<arg>SB</arg>
<arg>SC</arg>
<arg>SD</arg>
<arg>SE</arg>
<arg>SG</arg>
<arg>SH</arg>
<arg>SI</arg>
<arg>SJ</arg>
<arg>SK</arg>
<arg>SL</arg>
<arg>SM</arg>
<arg>SN</arg>
<arg>SO</arg>
<arg>SR</arg>
<arg>SS</arg>
<arg>ST</arg>
<arg>SV</arg>
<arg>SX</arg>
<arg>SY</arg>
<arg>SZ</arg>
<arg>TC</arg>
<arg>TD</arg>
<arg>TF</arg>
<arg>TG</arg>
<arg>TH</arg>
<arg>TJ</arg>
<arg>TK</arg>
<arg>TL</arg>
<arg>TM</arg>
<arg>TN</arg>
<arg>TO</arg>
<arg>TR</arg>
<arg>TT</arg>
<arg>TV</arg>
<arg>TW</arg>
<arg>TZ</arg>
<arg>UA</arg>
<arg>UG</arg>
<arg>UM</arg>
<arg>US</arg>
<arg>UY</arg>
<arg>UZ</arg>
<arg>VA</arg>
<arg>VC</arg>
<arg>VE</arg>
<arg>VG</arg>
<arg>VI</arg>
<arg>VN</arg>
<arg>VU</arg>
<arg>WF</arg>
<arg>WS</arg>
<arg>XK</arg>
<arg>YE</arg>
<arg>YT</arg>
<arg>ZA</arg>
<arg>ZM</arg>
<arg>ZW</arg>
<doc>Returns a list containing given items.</doc>
<status status="PASS" start="2024-03-22T10:14:53.903600" elapsed="0.000628"/>
</kw>
<kw name="List Should Contain Value" owner="Collections">
<msg time="2024-03-22T10:14:53.905341" level="INFO">False</msg>
<arg>${list_country}</arg>
<arg>${name_country}</arg>
<doc>Fails if the ``value`` is not found from ``list``.</doc>
<status status="PASS" start="2024-03-22T10:14:53.905138" elapsed="0.000241"/>
</kw>
<kw name="Run Keyword If" owner="BuiltIn">
<kw name="Should Be True" owner="BuiltIn">
<arg>${True}</arg>
<doc>Fails if the given condition is not true.</doc>
<status status="PASS" start="2024-03-22T10:14:53.906450" elapsed="0.000144"/>
</kw>
<arg>${json_data["results"][0]["location"]["coordinates"]["latitude"]} &gt;= -90 and ${json_data["results"][0]["location"]["coordinates"]["latitude"]} &lt;= 90</arg>
<arg>Should Be True</arg>
<arg>${True}</arg>
<doc>Runs the given keyword with the given arguments, if ``condition`` is true.</doc>
<status status="PASS" start="2024-03-22T10:14:53.905690" elapsed="0.001032"/>
</kw>
<kw name="Run Keyword If" owner="BuiltIn">
<kw name="Should Be True" owner="BuiltIn">
<arg>${True}</arg>
<doc>Fails if the given condition is not true.</doc>
<status status="PASS" start="2024-03-22T10:14:53.907624" elapsed="0.000138"/>
</kw>
<arg>${json_data["results"][0]["location"]["coordinates"]["longitude"]} &gt;= -180 and ${json_data["results"][0]["location"]["coordinates"]["longitude"]} &lt;= 180</arg>
<arg>Should Be True</arg>
<arg>${True}</arg>
<doc>Runs the given keyword with the given arguments, if ``condition`` is true.</doc>
<status status="PASS" start="2024-03-22T10:14:53.906908" elapsed="0.000978"/>
</kw>
<status status="PASS" start="2024-03-22T10:14:53.772873" elapsed="0.135146"/>
</kw>
<doc>Testa o conteúdo específico dos campos retornados pela API.</doc>
<tag>testeConteudo</tag>
<status status="PASS" start="2024-03-22T10:14:53.772202" elapsed="0.135968"/>
</test>
<status status="PASS" start="2024-03-22T10:14:53.084517" elapsed="0.825621"/>
</suite>
<status status="PASS" start="2024-03-22T10:14:53.070804" elapsed="0.844757"/>
</suite>
<statistics>
<total>
<stat pass="5" fail="0" skip="0">All Tests</stat>
</total>
<tag>
<stat pass="1" fail="0" skip="0">testeConteudo</stat>
<stat pass="1" fail="0" skip="0">testeEstruturaResposta</stat>
<stat pass="1" fail="0" skip="0">testeRequisicaoBasica</stat>
<stat pass="1" fail="0" skip="0">testeTiposDados</stat>
</tag>
<suite>
<stat pass="5" fail="0" skip="0" id="s1" name="Tests">Tests</stat>
<stat pass="5" fail="0" skip="0" id="s1-s1" name="Random-User-Test">Tests.Random-User-Test</stat>
</suite>
</statistics>
<errors>
</errors>
</robot>
