<?xml version="1.0" encoding="UTF-8"?>
<robot generator="Robot 7.0 (Python 3.12.3 on linux)" generated="2024-04-26T23:14:02.650772" rpa="false" schemaversion="5">
<suite id="s1" name="Tests" source="/home/runner/work/DesafioQAItauRogerioJordao/DesafioQAItauRogerioJordao/RamdonUser/tests">
<suite id="s1-s1" name="Random-User-Test" source="/home/runner/work/DesafioQAItauRogerioJordao/DesafioQAItauRogerioJordao/RamdonUser/tests/random-user-test.robot">
<test id="s1-s1-t1" name="Conectar" line="13">
<kw name="Conectar API" owner="random-user-service">
<kw name="Create Session" owner="RequestsLibrary">
<msg time="2024-04-26T23:14:03.049515" level="INFO">Creating Session using : alias=consultarAPI, url=https://randomuser.me/, headers={},                     cookies={}, auth=None, timeout=None, proxies=None, verify=False,                     debug=0 </msg>
<arg>consultarAPI</arg>
<arg>${URL}</arg>
<doc>Create Session: create a HTTP session to a server</doc>
<status status="PASS" start="2024-04-26T23:14:03.049308" elapsed="0.000404"/>
</kw>
<status status="PASS" start="2024-04-26T23:14:03.048264" elapsed="0.001831"/>
</kw>
<status status="PASS" start="2024-04-26T23:14:03.047621" elapsed="0.002682"/>
</test>
<test id="s1-s1-t2" name="Validar retorno 200 e JSON Válido" line="16">
<kw name="Teste de Requisicao Basica" owner="random-user-service">
<kw name="GET On Session" owner="RequestsLibrary">
<msg time="2024-04-26T23:14:03.323843" level="INFO">GET Request : url=https://randomuser.me/api 
 path_url=/api 
 headers={'User-Agent': 'python-requests/2.31.0', 'Accept-Encoding': 'gzip, deflate', 'Accept': '*/*', 'Connection': 'keep-alive'} 
 body=None 
 </msg>
<msg time="2024-04-26T23:14:03.324003" level="INFO">GET Response : url=https://randomuser.me/api 
 status=200, reason=OK 
 headers={'Date': 'Fri, 26 Apr 2024 23:14:03 GMT', 'Content-Type': 'application/json; charset=utf-8', 'Transfer-Encoding': 'chunked', 'Connection': 'keep-alive', 'X-Powered-By': 'Express', 'Access-Control-Allow-Origin': '*', 'Cache-Control': 'no-cache', 'ETag': 'W/"493-4BXL5NkG/iKxybi4LI4x/o/qlMI"', 'Vary': 'Accept-Encoding', 'Content-Encoding': 'gzip', 'CF-Cache-Status': 'DYNAMIC', 'Report-To': '{"endpoints":[{"url":"https:\\/\\/a.nel.cloudflare.com\\/report\\/v4?s=L2P5zKSh8oPN806j9yw6koit7hgphdLZGADv8Q9s16mtf77yKIudZejGBXvhqjMRmfDEtXQ5K9WXpYUln%2BlYB6ZH35AJNOh2SfOTBel%2BjmwD38yJOZ4fo%2BbHYO6MSxbL"}],"group":"cf-nel","max_age":604800}', 'NEL': '{"success_fraction":0,"report_to":"cf-nel","max_age":604800}', 'Server': 'cloudflare', 'CF-RAY': '87aa44525c9a1127-ORD', 'alt-svc': 'h3=":443"; ma=86400'} 
 body={"results":[{"gender":"female","name":{"title":"Miss","first":"Léonie","last":"Picard"},"location":{"street":{"number":1812,"name":"Rue Laure-Diebold"},"city":"Tours","state":"Landes","country":"France","postcode":99691,"coordinates":{"latitude":"-15.1238","longitude":"133.4967"},"timezone":{"offset":"-11:00","description":"Midway Island, Samoa"}},"email":"leonie.picard@example.com","login":{"uuid":"ac002ef8-ffc6-4f90-9cf8-b24d43647503","username":"orangepanda264","password":"whatup","salt":"0Uz0MbIW","md5":"ba586a33298e679c1190afe136e9a71d","sha1":"d1363bc3bd18ed78a6676b74c497ffac2926ad54","sha256":"d3c68d237b79ee6664da9aca17b0c5d216062fc5e22caf602351c43e6d649438"},"dob":{"date":"1960-02-05T00:32:35.756Z","age":64},"registered":{"date":"2019-10-29T07:46:25.452Z","age":4},"phone":"02-43-43-02-62","cell":"06-96-57-06-32","id":{"name":"INSEE","value":"2600126208797 04"},"picture":{"large":"https://randomuser.me/api/portraits/women/28.jpg","medium":"https://randomuser.me/api/portraits/med/women/28.jpg","thumbnail":"https://randomuser.me/api/portraits/thumb/women/28.jpg"},"nat":"FR"}],"info":{"seed":"d20ef938bd4bccd8","results":1,"page":1,"version":"1.4"}} 
 </msg>
<msg time="2024-04-26T23:14:03.324098" level="INFO">/opt/hostedtoolcache/Python/3.12.3/x64/lib/python3.12/site-packages/urllib3/connectionpool.py:1103: InsecureRequestWarning: Unverified HTTPS request is being made to host 'randomuser.me'. Adding certificate verification is strongly advised. See: https://urllib3.readthedocs.io/en/latest/advanced-usage.html#tls-warnings
  warnings.warn(</msg>
<msg time="2024-04-26T23:14:03.324261" level="INFO">${response} = &lt;Response [200]&gt;</msg>
<var>${response}</var>
<arg>consultarAPI</arg>
<arg>/api</arg>
<doc>Sends a GET request on a previously created HTTP Session.</doc>
<status status="PASS" start="2024-04-26T23:14:03.053116" elapsed="0.271188"/>
</kw>
<kw name="Should Be Equal As Numbers" owner="BuiltIn">
<msg time="2024-04-26T23:14:03.325529" level="INFO">Argument types are:
&lt;class 'int'&gt;
&lt;class 'str'&gt;</msg>
<arg>${response.status_code}</arg>
<arg>200</arg>
<doc>Fails if objects are unequal after converting them to real numbers.</doc>
<status status="PASS" start="2024-04-26T23:14:03.325013" elapsed="0.000587"/>
</kw>
<kw name="Log" owner="BuiltIn">
<msg time="2024-04-26T23:14:03.326378" level="INFO">200</msg>
<arg>${response.status_code}</arg>
<doc>Logs the given message with the given level.</doc>
<status status="PASS" start="2024-04-26T23:14:03.325994" elapsed="0.000429"/>
</kw>
<kw name="Set Variable" owner="BuiltIn">
<msg time="2024-04-26T23:14:03.327282" level="INFO">${json_data} = {'results': [{'gender': 'female', 'name': {'title': 'Miss', 'first': 'Léonie', 'last': 'Picard'}, 'location': {'street': {'number': 1812, 'name': 'Rue Laure-Diebold'}, 'city': 'Tours', 'state': 'Lande...</msg>
<var>${json_data}</var>
<arg>${response.json()}</arg>
<doc>Returns the given values which can then be assigned to a variables.</doc>
<status status="PASS" start="2024-04-26T23:14:03.326776" elapsed="0.000535"/>
</kw>
<kw name="Dictionary Should Contain Key" owner="Collections">
<msg time="2024-04-26T23:14:03.327869" level="INFO">False</msg>
<arg>${json_data}</arg>
<arg>results</arg>
<doc>Fails if ``key`` is not found from ``dictionary``.</doc>
<status status="PASS" start="2024-04-26T23:14:03.327676" elapsed="0.000237"/>
</kw>
<status status="PASS" start="2024-04-26T23:14:03.052862" elapsed="0.275336"/>
</kw>
<doc>Testa se a API responde corretamente e retorna um objeto JSON válido.</doc>
<tag>testeRequisicaoBasica</tag>
<status status="PASS" start="2024-04-26T23:14:03.052311" elapsed="0.276087"/>
</test>
<test id="s1-s1-t3" name="Validar estrutura de resposta" line="22">
<kw name="Teste de Estrutura de Resposta" owner="random-user-service">
<kw name="GET On Session" owner="RequestsLibrary">
<msg time="2024-04-26T23:14:03.403523" level="INFO">GET Request : url=https://randomuser.me/api 
 path_url=/api 
 headers={'User-Agent': 'python-requests/2.31.0', 'Accept-Encoding': 'gzip, deflate', 'Accept': '*/*', 'Connection': 'keep-alive'} 
 body=None 
 </msg>
<msg time="2024-04-26T23:14:03.403639" level="INFO">GET Response : url=https://randomuser.me/api 
 status=200, reason=OK 
 headers={'Date': 'Fri, 26 Apr 2024 23:14:03 GMT', 'Content-Type': 'application/json; charset=utf-8', 'Transfer-Encoding': 'chunked', 'Connection': 'keep-alive', 'X-Powered-By': 'Express', 'Access-Control-Allow-Origin': '*', 'Cache-Control': 'no-cache', 'ETag': 'W/"48e-17rBNdS+z+sfMHknRGe0qFk4DAE"', 'Vary': 'Accept-Encoding', 'Content-Encoding': 'gzip', 'CF-Cache-Status': 'DYNAMIC', 'Report-To': '{"endpoints":[{"url":"https:\\/\\/a.nel.cloudflare.com\\/report\\/v4?s=VPEBavTpKDK9VCVo%2BVuXn%2F8%2BfpRACRNupYPhC4ihqNg3RWAo31PmnW2AgfraPSP%2FegLdx6YRkoKaDG7IjTsTSMS7px7GFuAVjLXUmIOk%2Fk0Z5x9JaGjFVx%2But5f%2Fv9i0"}],"group":"cf-nel","max_age":604800}', 'NEL': '{"success_fraction":0,"report_to":"cf-nel","max_age":604800}', 'Server': 'cloudflare', 'CF-RAY': '87aa4452dd5b1127-ORD', 'alt-svc': 'h3=":443"; ma=86400'} 
 body={"results":[{"gender":"male","name":{"title":"Mr","first":"Dibach","last":"Baranyuk"},"location":{"street":{"number":2515,"name":"Boy-Zhelenskogo"},"city":"Baranivka","state":"Hersonska","country":"Ukraine","postcode":26287,"coordinates":{"latitude":"81.1801","longitude":"-41.9462"},"timezone":{"offset":"+9:00","description":"Tokyo, Seoul, Osaka, Sapporo, Yakutsk"}},"email":"dibach.baranyuk@example.com","login":{"uuid":"50e410d2-12ad-4b2b-936d-f6da6fc9865f","username":"happyswan953","password":"coltrane","salt":"ejMZTkTx","md5":"210cf2a9fe2eabb2e7d70025ee89568a","sha1":"c2bd095d45322e627094177482b2286f6f442d9f","sha256":"2f381677c6d3bd49a7d5dd87fd3216d9c3d915960bd610853d220a0407cb8d5e"},"dob":{"date":"1968-05-03T22:52:53.786Z","age":55},"registered":{"date":"2019-04-04T05:35:59.982Z","age":5},"phone":"(068) Z76-5439","cell":"(099) U15-0921","id":{"name":"","value":null},"picture":{"large":"https://randomuser.me/api/portraits/men/66.jpg","medium":"https://randomuser.me/api/portraits/med/men/66.jpg","thumbnail":"https://randomuser.me/api/portraits/thumb/men/66.jpg"},"nat":"UA"}],"info":{"seed":"84f8bbf6c3084caa","results":1,"page":1,"version":"1.4"}} 
 </msg>
<msg time="2024-04-26T23:14:03.403787" level="INFO">/opt/hostedtoolcache/Python/3.12.3/x64/lib/python3.12/site-packages/urllib3/connectionpool.py:1103: InsecureRequestWarning: Unverified HTTPS request is being made to host 'randomuser.me'. Adding certificate verification is strongly advised. See: https://urllib3.readthedocs.io/en/latest/advanced-usage.html#tls-warnings
  warnings.warn(</msg>
<msg time="2024-04-26T23:14:03.403931" level="INFO">${response} = &lt;Response [200]&gt;</msg>
<var>${response}</var>
<arg>consultarAPI</arg>
<arg>/api</arg>
<doc>Sends a GET request on a previously created HTTP Session.</doc>
<status status="PASS" start="2024-04-26T23:14:03.331248" elapsed="0.072724"/>
</kw>
<kw name="Set Variable" owner="BuiltIn">
<msg time="2024-04-26T23:14:03.405317" level="INFO">${json_data} = {'results': [{'gender': 'male', 'name': {'title': 'Mr', 'first': 'Dibach', 'last': 'Baranyuk'}, 'location': {'street': {'number': 2515, 'name': 'Boy-Zhelenskogo'}, 'city': 'Baranivka', 'state': 'Herso...</msg>
<var>${json_data}</var>
<arg>${response.json()}</arg>
<doc>Returns the given values which can then be assigned to a variables.</doc>
<status status="PASS" start="2024-04-26T23:14:03.404652" elapsed="0.000695"/>
</kw>
<kw name="Log" owner="BuiltIn">
<msg time="2024-04-26T23:14:03.405917" level="INFO">{'results': [{'gender': 'male', 'name': {'title': 'Mr', 'first': 'Dibach', 'last': 'Baranyuk'}, 'location': {'street': {'number': 2515, 'name': 'Boy-Zhelenskogo'}, 'city': 'Baranivka', 'state': 'Hersonska', 'country': 'Ukraine', 'postcode': 26287, 'coordinates': {'latitude': '81.1801', 'longitude': '-41.9462'}, 'timezone': {'offset': '+9:00', 'description': 'Tokyo, Seoul, Osaka, Sapporo, Yakutsk'}}, 'email': 'dibach.baranyuk@example.com', 'login': {'uuid': '50e410d2-12ad-4b2b-936d-f6da6fc9865f', 'username': 'happyswan953', 'password': 'coltrane', 'salt': 'ejMZTkTx', 'md5': '210cf2a9fe2eabb2e7d70025ee89568a', 'sha1': 'c2bd095d45322e627094177482b2286f6f442d9f', 'sha256': '2f381677c6d3bd49a7d5dd87fd3216d9c3d915960bd610853d220a0407cb8d5e'}, 'dob': {'date': '1968-05-03T22:52:53.786Z', 'age': 55}, 'registered': {'date': '2019-04-04T05:35:59.982Z', 'age': 5}, 'phone': '(068) Z76-5439', 'cell': '(099) U15-0921', 'id': {'name': '', 'value': None}, 'picture': {'large': 'https://randomuser.me/api/portraits/men/66.jpg', 'medium': 'https://randomuser.me/api/portraits/med/men/66.jpg', 'thumbnail': 'https://randomuser.me/api/portraits/thumb/men/66.jpg'}, 'nat': 'UA'}], 'info': {'seed': '84f8bbf6c3084caa', 'results': 1, 'page': 1, 'version': '1.4'}}</msg>
<arg>${json_data}</arg>
<doc>Logs the given message with the given level.</doc>
<status status="PASS" start="2024-04-26T23:14:03.405732" elapsed="0.000238"/>
</kw>
<kw name="Dictionary Should Contain Key" owner="Collections">
<msg time="2024-04-26T23:14:03.406476" level="INFO">False</msg>
<arg>${json_data}</arg>
<arg>results</arg>
<doc>Fails if ``key`` is not found from ``dictionary``.</doc>
<status status="PASS" start="2024-04-26T23:14:03.406298" elapsed="0.000217"/>
</kw>
<kw name="Should Not Be Empty" owner="BuiltIn">
<msg time="2024-04-26T23:14:03.407035" level="INFO">Length is 2.</msg>
<arg>${json_data}</arg>
<doc>Verifies that the given item is not empty.</doc>
<status status="PASS" start="2024-04-26T23:14:03.406862" elapsed="0.000405"/>
</kw>
<kw name="Create List" owner="BuiltIn">
<msg time="2024-04-26T23:14:03.407744" level="INFO">${expected_keys} = ['gender', 'name', 'location', 'email', 'login']</msg>
<var>${expected_keys}</var>
<arg>gender</arg>
<arg>name</arg>
<arg>location</arg>
<arg>email</arg>
<arg>login</arg>
<doc>Returns a list containing given items.</doc>
<status status="PASS" start="2024-04-26T23:14:03.407582" elapsed="0.000187"/>
</kw>
<for flavor="IN">
<iter>
<kw name="Dictionary Should Contain Key" owner="Collections">
<msg time="2024-04-26T23:14:03.408851" level="INFO">False</msg>
<arg>${json_data['results'][0]}</arg>
<arg>${key}</arg>
<doc>Fails if ``key`` is not found from ``dictionary``.</doc>
<status status="PASS" start="2024-04-26T23:14:03.408414" elapsed="0.000481"/>
</kw>
<kw name="Log" owner="BuiltIn">
<msg time="2024-04-26T23:14:03.409640" level="INFO">{'gender': 'male', 'name': {'title': 'Mr', 'first': 'Dibach', 'last': 'Baranyuk'}, 'location': {'street': {'number': 2515, 'name': 'Boy-Zhelenskogo'}, 'city': 'Baranivka', 'state': 'Hersonska', 'country': 'Ukraine', 'postcode': 26287, 'coordinates': {'latitude': '81.1801', 'longitude': '-41.9462'}, 'timezone': {'offset': '+9:00', 'description': 'Tokyo, Seoul, Osaka, Sapporo, Yakutsk'}}, 'email': 'dibach.baranyuk@example.com', 'login': {'uuid': '50e410d2-12ad-4b2b-936d-f6da6fc9865f', 'username': 'happyswan953', 'password': 'coltrane', 'salt': 'ejMZTkTx', 'md5': '210cf2a9fe2eabb2e7d70025ee89568a', 'sha1': 'c2bd095d45322e627094177482b2286f6f442d9f', 'sha256': '2f381677c6d3bd49a7d5dd87fd3216d9c3d915960bd610853d220a0407cb8d5e'}, 'dob': {'date': '1968-05-03T22:52:53.786Z', 'age': 55}, 'registered': {'date': '2019-04-04T05:35:59.982Z', 'age': 5}, 'phone': '(068) Z76-5439', 'cell': '(099) U15-0921', 'id': {'name': '', 'value': None}, 'picture': {'large': 'https://randomuser.me/api/portraits/men/66.jpg', 'medium': 'https://randomuser.me/api/portraits/med/men/66.jpg', 'thumbnail': 'https://randomuser.me/api/portraits/thumb/men/66.jpg'}, 'nat': 'UA'}</msg>
<arg>${json_data['results'][0]}</arg>
<doc>Logs the given message with the given level.</doc>
<status status="PASS" start="2024-04-26T23:14:03.409224" elapsed="0.000469"/>
</kw>
<kw name="Log" owner="BuiltIn">
<msg time="2024-04-26T23:14:03.410138" level="INFO">gender</msg>
<arg>${key}</arg>
<doc>Logs the given message with the given level.</doc>
<status status="PASS" start="2024-04-26T23:14:03.410006" elapsed="0.000170"/>
</kw>
<var name="${key}">gender</var>
<status status="PASS" start="2024-04-26T23:14:03.408266" elapsed="0.002125"/>
</iter>
<iter>
<kw name="Dictionary Should Contain Key" owner="Collections">
<msg time="2024-04-26T23:14:03.411178" level="INFO">False</msg>
<arg>${json_data['results'][0]}</arg>
<arg>${key}</arg>
<doc>Fails if ``key`` is not found from ``dictionary``.</doc>
<status status="PASS" start="2024-04-26T23:14:03.410716" elapsed="0.000504"/>
</kw>
<kw name="Log" owner="BuiltIn">
<msg time="2024-04-26T23:14:03.411940" level="INFO">{'gender': 'male', 'name': {'title': 'Mr', 'first': 'Dibach', 'last': 'Baranyuk'}, 'location': {'street': {'number': 2515, 'name': 'Boy-Zhelenskogo'}, 'city': 'Baranivka', 'state': 'Hersonska', 'country': 'Ukraine', 'postcode': 26287, 'coordinates': {'latitude': '81.1801', 'longitude': '-41.9462'}, 'timezone': {'offset': '+9:00', 'description': 'Tokyo, Seoul, Osaka, Sapporo, Yakutsk'}}, 'email': 'dibach.baranyuk@example.com', 'login': {'uuid': '50e410d2-12ad-4b2b-936d-f6da6fc9865f', 'username': 'happyswan953', 'password': 'coltrane', 'salt': 'ejMZTkTx', 'md5': '210cf2a9fe2eabb2e7d70025ee89568a', 'sha1': 'c2bd095d45322e627094177482b2286f6f442d9f', 'sha256': '2f381677c6d3bd49a7d5dd87fd3216d9c3d915960bd610853d220a0407cb8d5e'}, 'dob': {'date': '1968-05-03T22:52:53.786Z', 'age': 55}, 'registered': {'date': '2019-04-04T05:35:59.982Z', 'age': 5}, 'phone': '(068) Z76-5439', 'cell': '(099) U15-0921', 'id': {'name': '', 'value': None}, 'picture': {'large': 'https://randomuser.me/api/portraits/men/66.jpg', 'medium': 'https://randomuser.me/api/portraits/med/men/66.jpg', 'thumbnail': 'https://randomuser.me/api/portraits/thumb/men/66.jpg'}, 'nat': 'UA'}</msg>
<arg>${json_data['results'][0]}</arg>
<doc>Logs the given message with the given level.</doc>
<status status="PASS" start="2024-04-26T23:14:03.411560" elapsed="0.000438"/>
</kw>
<kw name="Log" owner="BuiltIn">
<msg time="2024-04-26T23:14:03.412454" level="INFO">name</msg>
<arg>${key}</arg>
<doc>Logs the given message with the given level.</doc>
<status status="PASS" start="2024-04-26T23:14:03.412318" elapsed="0.000175"/>
</kw>
<var name="${key}">name</var>
<status status="PASS" start="2024-04-26T23:14:03.410600" elapsed="0.002109"/>
</iter>
<iter>
<kw name="Dictionary Should Contain Key" owner="Collections">
<msg time="2024-04-26T23:14:03.413419" level="INFO">False</msg>
<arg>${json_data['results'][0]}</arg>
<arg>${key}</arg>
<doc>Fails if ``key`` is not found from ``dictionary``.</doc>
<status status="PASS" start="2024-04-26T23:14:03.413015" elapsed="0.000443"/>
</kw>
<kw name="Log" owner="BuiltIn">
<msg time="2024-04-26T23:14:03.414138" level="INFO">{'gender': 'male', 'name': {'title': 'Mr', 'first': 'Dibach', 'last': 'Baranyuk'}, 'location': {'street': {'number': 2515, 'name': 'Boy-Zhelenskogo'}, 'city': 'Baranivka', 'state': 'Hersonska', 'country': 'Ukraine', 'postcode': 26287, 'coordinates': {'latitude': '81.1801', 'longitude': '-41.9462'}, 'timezone': {'offset': '+9:00', 'description': 'Tokyo, Seoul, Osaka, Sapporo, Yakutsk'}}, 'email': 'dibach.baranyuk@example.com', 'login': {'uuid': '50e410d2-12ad-4b2b-936d-f6da6fc9865f', 'username': 'happyswan953', 'password': 'coltrane', 'salt': 'ejMZTkTx', 'md5': '210cf2a9fe2eabb2e7d70025ee89568a', 'sha1': 'c2bd095d45322e627094177482b2286f6f442d9f', 'sha256': '2f381677c6d3bd49a7d5dd87fd3216d9c3d915960bd610853d220a0407cb8d5e'}, 'dob': {'date': '1968-05-03T22:52:53.786Z', 'age': 55}, 'registered': {'date': '2019-04-04T05:35:59.982Z', 'age': 5}, 'phone': '(068) Z76-5439', 'cell': '(099) U15-0921', 'id': {'name': '', 'value': None}, 'picture': {'large': 'https://randomuser.me/api/portraits/men/66.jpg', 'medium': 'https://randomuser.me/api/portraits/med/men/66.jpg', 'thumbnail': 'https://randomuser.me/api/portraits/thumb/men/66.jpg'}, 'nat': 'UA'}</msg>
<arg>${json_data['results'][0]}</arg>
<doc>Logs the given message with the given level.</doc>
<status status="PASS" start="2024-04-26T23:14:03.413767" elapsed="0.000423"/>
</kw>
<kw name="Log" owner="BuiltIn">
<msg time="2024-04-26T23:14:03.414708" level="INFO">location</msg>
<arg>${key}</arg>
<doc>Logs the given message with the given level.</doc>
<status status="PASS" start="2024-04-26T23:14:03.414525" elapsed="0.000222"/>
</kw>
<var name="${key}">location</var>
<status status="PASS" start="2024-04-26T23:14:03.412897" elapsed="0.002104"/>
</iter>
<iter>
<kw name="Dictionary Should Contain Key" owner="Collections">
<msg time="2024-04-26T23:14:03.415704" level="INFO">False</msg>
<arg>${json_data['results'][0]}</arg>
<arg>${key}</arg>
<doc>Fails if ``key`` is not found from ``dictionary``.</doc>
<status status="PASS" start="2024-04-26T23:14:03.415300" elapsed="0.000442"/>
</kw>
<kw name="Log" owner="BuiltIn">
<msg time="2024-04-26T23:14:03.416411" level="INFO">{'gender': 'male', 'name': {'title': 'Mr', 'first': 'Dibach', 'last': 'Baranyuk'}, 'location': {'street': {'number': 2515, 'name': 'Boy-Zhelenskogo'}, 'city': 'Baranivka', 'state': 'Hersonska', 'country': 'Ukraine', 'postcode': 26287, 'coordinates': {'latitude': '81.1801', 'longitude': '-41.9462'}, 'timezone': {'offset': '+9:00', 'description': 'Tokyo, Seoul, Osaka, Sapporo, Yakutsk'}}, 'email': 'dibach.baranyuk@example.com', 'login': {'uuid': '50e410d2-12ad-4b2b-936d-f6da6fc9865f', 'username': 'happyswan953', 'password': 'coltrane', 'salt': 'ejMZTkTx', 'md5': '210cf2a9fe2eabb2e7d70025ee89568a', 'sha1': 'c2bd095d45322e627094177482b2286f6f442d9f', 'sha256': '2f381677c6d3bd49a7d5dd87fd3216d9c3d915960bd610853d220a0407cb8d5e'}, 'dob': {'date': '1968-05-03T22:52:53.786Z', 'age': 55}, 'registered': {'date': '2019-04-04T05:35:59.982Z', 'age': 5}, 'phone': '(068) Z76-5439', 'cell': '(099) U15-0921', 'id': {'name': '', 'value': None}, 'picture': {'large': 'https://randomuser.me/api/portraits/men/66.jpg', 'medium': 'https://randomuser.me/api/portraits/med/men/66.jpg', 'thumbnail': 'https://randomuser.me/api/portraits/thumb/men/66.jpg'}, 'nat': 'UA'}</msg>
<arg>${json_data['results'][0]}</arg>
<doc>Logs the given message with the given level.</doc>
<status status="PASS" start="2024-04-26T23:14:03.416049" elapsed="0.000410"/>
</kw>
<kw name="Log" owner="BuiltIn">
<msg time="2024-04-26T23:14:03.416896" level="INFO">email</msg>
<arg>${key}</arg>
<doc>Logs the given message with the given level.</doc>
<status status="PASS" start="2024-04-26T23:14:03.416762" elapsed="0.000172"/>
</kw>
<var name="${key}">email</var>
<status status="PASS" start="2024-04-26T23:14:03.415187" elapsed="0.001962"/>
</iter>
<iter>
<kw name="Dictionary Should Contain Key" owner="Collections">
<msg time="2024-04-26T23:14:03.417821" level="INFO">False</msg>
<arg>${json_data['results'][0]}</arg>
<arg>${key}</arg>
<doc>Fails if ``key`` is not found from ``dictionary``.</doc>
<status status="PASS" start="2024-04-26T23:14:03.417439" elapsed="0.000420"/>
</kw>
<kw name="Log" owner="BuiltIn">
<msg time="2024-04-26T23:14:03.418549" level="INFO">{'gender': 'male', 'name': {'title': 'Mr', 'first': 'Dibach', 'last': 'Baranyuk'}, 'location': {'street': {'number': 2515, 'name': 'Boy-Zhelenskogo'}, 'city': 'Baranivka', 'state': 'Hersonska', 'country': 'Ukraine', 'postcode': 26287, 'coordinates': {'latitude': '81.1801', 'longitude': '-41.9462'}, 'timezone': {'offset': '+9:00', 'description': 'Tokyo, Seoul, Osaka, Sapporo, Yakutsk'}}, 'email': 'dibach.baranyuk@example.com', 'login': {'uuid': '50e410d2-12ad-4b2b-936d-f6da6fc9865f', 'username': 'happyswan953', 'password': 'coltrane', 'salt': 'ejMZTkTx', 'md5': '210cf2a9fe2eabb2e7d70025ee89568a', 'sha1': 'c2bd095d45322e627094177482b2286f6f442d9f', 'sha256': '2f381677c6d3bd49a7d5dd87fd3216d9c3d915960bd610853d220a0407cb8d5e'}, 'dob': {'date': '1968-05-03T22:52:53.786Z', 'age': 55}, 'registered': {'date': '2019-04-04T05:35:59.982Z', 'age': 5}, 'phone': '(068) Z76-5439', 'cell': '(099) U15-0921', 'id': {'name': '', 'value': None}, 'picture': {'large': 'https://randomuser.me/api/portraits/men/66.jpg', 'medium': 'https://randomuser.me/api/portraits/med/men/66.jpg', 'thumbnail': 'https://randomuser.me/api/portraits/thumb/men/66.jpg'}, 'nat': 'UA'}</msg>
<arg>${json_data['results'][0]}</arg>
<doc>Logs the given message with the given level.</doc>
<status status="PASS" start="2024-04-26T23:14:03.418156" elapsed="0.000449"/>
</kw>
<kw name="Log" owner="BuiltIn">
<msg time="2024-04-26T23:14:03.419076" level="INFO">login</msg>
<arg>${key}</arg>
<doc>Logs the given message with the given level.</doc>
<status status="PASS" start="2024-04-26T23:14:03.418902" elapsed="0.000213"/>
</kw>
<var name="${key}">login</var>
<status status="PASS" start="2024-04-26T23:14:03.417328" elapsed="0.002036"/>
</iter>
<var>${key}</var>
<value>@{expected_keys}</value>
<status status="PASS" start="2024-04-26T23:14:03.408056" elapsed="0.011436"/>
</for>
<kw name="Create List" owner="BuiltIn">
<msg time="2024-04-26T23:14:03.419842" level="INFO">${expected_keysTwo} = ['username', 'password']</msg>
<var>${expected_keysTwo}</var>
<arg>username</arg>
<arg>password</arg>
<doc>Returns a list containing given items.</doc>
<status status="PASS" start="2024-04-26T23:14:03.419701" elapsed="0.000165"/>
</kw>
<for flavor="IN">
<iter>
<kw name="Dictionary Should Contain Key" owner="Collections">
<msg time="2024-04-26T23:14:03.420814" level="INFO">False</msg>
<arg>${json_data['results'][0]['login']}</arg>
<arg>${keyTwo}</arg>
<doc>Fails if ``key`` is not found from ``dictionary``.</doc>
<status status="PASS" start="2024-04-26T23:14:03.420393" elapsed="0.000460"/>
</kw>
<kw name="Dictionary Should Contain Key" owner="Collections">
<msg time="2024-04-26T23:14:03.421537" level="INFO">False</msg>
<arg>${json_data['results'][0]['login']}</arg>
<arg>${keyTwo}</arg>
<doc>Fails if ``key`` is not found from ``dictionary``.</doc>
<status status="PASS" start="2024-04-26T23:14:03.421150" elapsed="0.000425"/>
</kw>
<kw name="Log" owner="BuiltIn">
<msg time="2024-04-26T23:14:03.422003" level="INFO">username</msg>
<arg>${keyTwo}</arg>
<doc>Logs the given message with the given level.</doc>
<status status="PASS" start="2024-04-26T23:14:03.421872" elapsed="0.000175"/>
</kw>
<var name="${keyTwo}">username</var>
<status status="PASS" start="2024-04-26T23:14:03.420278" elapsed="0.001997"/>
</iter>
<iter>
<kw name="Dictionary Should Contain Key" owner="Collections">
<msg time="2024-04-26T23:14:03.423119" level="INFO">False</msg>
<arg>${json_data['results'][0]['login']}</arg>
<arg>${keyTwo}</arg>
<doc>Fails if ``key`` is not found from ``dictionary``.</doc>
<status status="PASS" start="2024-04-26T23:14:03.422580" elapsed="0.000597"/>
</kw>
<kw name="Dictionary Should Contain Key" owner="Collections">
<msg time="2024-04-26T23:14:03.423880" level="INFO">False</msg>
<arg>${json_data['results'][0]['login']}</arg>
<arg>${keyTwo}</arg>
<doc>Fails if ``key`` is not found from ``dictionary``.</doc>
<status status="PASS" start="2024-04-26T23:14:03.423484" elapsed="0.000433"/>
</kw>
<kw name="Log" owner="BuiltIn">
<msg time="2024-04-26T23:14:03.424350" level="INFO">password</msg>
<arg>${keyTwo}</arg>
<doc>Logs the given message with the given level.</doc>
<status status="PASS" start="2024-04-26T23:14:03.424222" elapsed="0.000166"/>
</kw>
<var name="${keyTwo}">password</var>
<status status="PASS" start="2024-04-26T23:14:03.422465" elapsed="0.002151"/>
</iter>
<var>${keyTwo}</var>
<value>@{expected_keysTwo}</value>
<status status="PASS" start="2024-04-26T23:14:03.420113" elapsed="0.004630"/>
</for>
<status status="PASS" start="2024-04-26T23:14:03.330985" elapsed="0.093909"/>
</kw>
<doc>Testa a estrutura da resposta da API.</doc>
<tag>testeEstruturaResposta</tag>
<status status="PASS" start="2024-04-26T23:14:03.330292" elapsed="0.094767"/>
</test>
<test id="s1-s1-t4" name="Validar tipos de dados" line="28">
<kw name="Teste de Tipos de Dados" owner="random-user-service">
<kw name="GET On Session" owner="RequestsLibrary">
<msg time="2024-04-26T23:14:03.525223" level="INFO">GET Request : url=https://randomuser.me/api 
 path_url=/api 
 headers={'User-Agent': 'python-requests/2.31.0', 'Accept-Encoding': 'gzip, deflate', 'Accept': '*/*', 'Connection': 'keep-alive'} 
 body=None 
 </msg>
<msg time="2024-04-26T23:14:03.525328" level="INFO">GET Response : url=https://randomuser.me/api 
 status=200, reason=OK 
 headers={'Date': 'Fri, 26 Apr 2024 23:14:03 GMT', 'Content-Type': 'application/json; charset=utf-8', 'Transfer-Encoding': 'chunked', 'Connection': 'keep-alive', 'X-Powered-By': 'Express', 'Access-Control-Allow-Origin': '*', 'Cache-Control': 'no-cache', 'ETag': 'W/"4a8-qeAJlGPKi+5X8erre+h57w7Nq9o"', 'Vary': 'Accept-Encoding', 'Content-Encoding': 'gzip', 'CF-Cache-Status': 'DYNAMIC', 'Report-To': '{"endpoints":[{"url":"https:\\/\\/a.nel.cloudflare.com\\/report\\/v4?s=5w2YOoVjXaBaKnQd40q9ROTN63P7S4K8BcvftWKuPf%2FBucF2b%2FQDwMwrWKOiMbo4MG9Wgu2RNnhsmN%2BaBf0sVeox45jpf0emyoS9TPD5yoM8YmKY6CsTCU8NFyfmPwCv"}],"group":"cf-nel","max_age":604800}', 'NEL': '{"success_fraction":0,"report_to":"cf-nel","max_age":604800}', 'Server': 'cloudflare', 'CF-RAY': '87aa44536e311127-ORD', 'alt-svc': 'h3=":443"; ma=86400'} 
 body={"results":[{"gender":"female","name":{"title":"Mrs","first":"Vladana","last":"Ivanišević"},"location":{"street":{"number":5276,"name":"Dvadesetog Aprila"},"city":"Aleksandrovac","state":"Braničevo","country":"Serbia","postcode":45852,"coordinates":{"latitude":"62.4645","longitude":"119.4829"},"timezone":{"offset":"+5:30","description":"Bombay, Calcutta, Madras, New Delhi"}},"email":"vladana.ivanisevic@example.com","login":{"uuid":"f3ab8301-621f-4e04-adce-fcdd23c1204f","username":"tinyzebra793","password":"scruffy","salt":"jg83csl2","md5":"8a4f9c4346f6072f6c3bcb1843541a5a","sha1":"759649a38d97ad1f3cd93b61bba16cae4b87f2ff","sha256":"416f322ac129b142bc247396496392bd5910326041a2022d48c4071661d807f3"},"dob":{"date":"1991-12-12T06:30:19.853Z","age":32},"registered":{"date":"2019-05-21T09:18:33.767Z","age":4},"phone":"017-1103-923","cell":"068-7711-421","id":{"name":"SID","value":"961890934"},"picture":{"large":"https://randomuser.me/api/portraits/women/17.jpg","medium":"https://randomuser.me/api/portraits/med/women/17.jpg","thumbnail":"https://randomuser.me/api/portraits/thumb/women/17.jpg"},"nat":"RS"}],"info":{"seed":"9221ad25f334c8c4","results":1,"page":1,"version":"1.4"}} 
 </msg>
<msg time="2024-04-26T23:14:03.525406" level="INFO">/opt/hostedtoolcache/Python/3.12.3/x64/lib/python3.12/site-packages/urllib3/connectionpool.py:1103: InsecureRequestWarning: Unverified HTTPS request is being made to host 'randomuser.me'. Adding certificate verification is strongly advised. See: https://urllib3.readthedocs.io/en/latest/advanced-usage.html#tls-warnings
  warnings.warn(</msg>
<msg time="2024-04-26T23:14:03.525539" level="INFO">${response} = &lt;Response [200]&gt;</msg>
<var>${response}</var>
<arg>consultarAPI</arg>
<arg>/api</arg>
<doc>Sends a GET request on a previously created HTTP Session.</doc>
<status status="PASS" start="2024-04-26T23:14:03.427790" elapsed="0.097790"/>
</kw>
<kw name="Set Variable" owner="BuiltIn">
<msg time="2024-04-26T23:14:03.526879" level="INFO">${json_data} = {'results': [{'gender': 'female', 'name': {'title': 'Mrs', 'first': 'Vladana', 'last': 'Ivanišević'}, 'location': {'street': {'number': 5276, 'name': 'Dvadesetog Aprila'}, 'city': 'Aleksandrovac', 'st...</msg>
<var>${json_data}</var>
<arg>${response.json()}</arg>
<doc>Returns the given values which can then be assigned to a variables.</doc>
<status status="PASS" start="2024-04-26T23:14:03.526253" elapsed="0.000657"/>
</kw>
<kw name="Log" owner="BuiltIn">
<msg time="2024-04-26T23:14:03.527442" level="INFO">{'results': [{'gender': 'female', 'name': {'title': 'Mrs', 'first': 'Vladana', 'last': 'Ivanišević'}, 'location': {'street': {'number': 5276, 'name': 'Dvadesetog Aprila'}, 'city': 'Aleksandrovac', 'state': 'Braničevo', 'country': 'Serbia', 'postcode': 45852, 'coordinates': {'latitude': '62.4645', 'longitude': '119.4829'}, 'timezone': {'offset': '+5:30', 'description': 'Bombay, Calcutta, Madras, New Delhi'}}, 'email': 'vladana.ivanisevic@example.com', 'login': {'uuid': 'f3ab8301-621f-4e04-adce-fcdd23c1204f', 'username': 'tinyzebra793', 'password': 'scruffy', 'salt': 'jg83csl2', 'md5': '8a4f9c4346f6072f6c3bcb1843541a5a', 'sha1': '759649a38d97ad1f3cd93b61bba16cae4b87f2ff', 'sha256': '416f322ac129b142bc247396496392bd5910326041a2022d48c4071661d807f3'}, 'dob': {'date': '1991-12-12T06:30:19.853Z', 'age': 32}, 'registered': {'date': '2019-05-21T09:18:33.767Z', 'age': 4}, 'phone': '017-1103-923', 'cell': '068-7711-421', 'id': {'name': 'SID', 'value': '961890934'}, 'picture': {'large': 'https://randomuser.me/api/portraits/women/17.jpg', 'medium': 'https://randomuser.me/api/portraits/med/women/17.jpg', 'thumbnail': 'https://randomuser.me/api/portraits/thumb/women/17.jpg'}, 'nat': 'RS'}], 'info': {'seed': '9221ad25f334c8c4', 'results': 1, 'page': 1, 'version': '1.4'}}</msg>
<arg>${json_data}</arg>
<doc>Logs the given message with the given level.</doc>
<status status="PASS" start="2024-04-26T23:14:03.527270" elapsed="0.000281"/>
</kw>
<kw name="Should Be String" owner="String">
<arg>${json_data['results'][0]['gender']}</arg>
<doc>Fails if the given ``item`` is not a string.</doc>
<status status="PASS" start="2024-04-26T23:14:03.527921" elapsed="0.000378"/>
</kw>
<kw name="Should Match Regexp" owner="BuiltIn">
<arg>${json_data['results'][0]['email']}</arg>
<arg>^[a-zA-Z0-9._%+-]+@[a-zA-Z0-9.-]+\.[a-zA-Z]{2,}$</arg>
<doc>Fails if ``string`` does not match ``pattern`` as a regular expression.</doc>
<status status="PASS" start="2024-04-26T23:14:03.528503" elapsed="0.000532"/>
</kw>
<kw name="Should Match Regexp" owner="BuiltIn">
<arg>${json_data['results'][0]['dob']['date']}</arg>
<arg>\\d{4}-\\d{2}-\\d{2}T\\d{2}:\\d{2}:\\d{2}\\.\\d{3}Z</arg>
<doc>Fails if ``string`` does not match ``pattern`` as a regular expression.</doc>
<status status="PASS" start="2024-04-26T23:14:03.529235" elapsed="0.000493"/>
</kw>
<kw name="Should Match Regexp" owner="BuiltIn">
<arg>${json_data['results'][0]['registered']['date']}</arg>
<arg>\\d{4}-\\d{2}-\\d{2}T\\d{2}:\\d{2}:\\d{2}\\.\\d{3}Z</arg>
<doc>Fails if ``string`` does not match ``pattern`` as a regular expression.</doc>
<status status="PASS" start="2024-04-26T23:14:03.529920" elapsed="0.000370"/>
</kw>
<kw name="Should Match Regexp" owner="BuiltIn">
<arg>${json_data['results'][0]['picture']['large']}</arg>
<arg>^https?://.*\.(?:png|jpe?g|gif|bmp)$</arg>
<doc>Fails if ``string`` does not match ``pattern`` as a regular expression.</doc>
<status status="PASS" start="2024-04-26T23:14:03.530475" elapsed="0.000515"/>
</kw>
<kw name="Should Match Regexp" owner="BuiltIn">
<arg>${json_data['results'][0]['picture']['medium']}</arg>
<arg>^https?://.*\.(?:png|jpe?g|gif|bmp)$</arg>
<doc>Fails if ``string`` does not match ``pattern`` as a regular expression.</doc>
<status status="PASS" start="2024-04-26T23:14:03.531189" elapsed="0.000369"/>
</kw>
<kw name="Should Match Regexp" owner="BuiltIn">
<arg>${json_data['results'][0]['picture']['thumbnail']}</arg>
<arg>^https?://.*\.(?:png|jpe?g|gif|bmp)$</arg>
<doc>Fails if ``string`` does not match ``pattern`` as a regular expression.</doc>
<status status="PASS" start="2024-04-26T23:14:03.531750" elapsed="0.000351"/>
</kw>
<kw name="Log" owner="BuiltIn">
<msg time="2024-04-26T23:14:03.532609" level="INFO">{'large': 'https://randomuser.me/api/portraits/women/17.jpg', 'medium': 'https://randomuser.me/api/portraits/med/women/17.jpg', 'thumbnail': 'https://randomuser.me/api/portraits/thumb/women/17.jpg'}</msg>
<arg>${json_data['results'][0]['picture']}</arg>
<doc>Logs the given message with the given level.</doc>
<status status="PASS" start="2024-04-26T23:14:03.532282" elapsed="0.000370"/>
</kw>
<status status="PASS" start="2024-04-26T23:14:03.427540" elapsed="0.105384"/>
</kw>
<kw name="Teste de Tipos de Dados - Postcode" owner="random-user-service">
<kw name="GET On Session" owner="RequestsLibrary">
<msg time="2024-04-26T23:14:03.599715" level="INFO">GET Request : url=https://randomuser.me/api 
 path_url=/api 
 headers={'User-Agent': 'python-requests/2.31.0', 'Accept-Encoding': 'gzip, deflate', 'Accept': '*/*', 'Connection': 'keep-alive'} 
 body=None 
 </msg>
<msg time="2024-04-26T23:14:03.599819" level="INFO">GET Response : url=https://randomuser.me/api 
 status=200, reason=OK 
 headers={'Date': 'Fri, 26 Apr 2024 23:14:03 GMT', 'Content-Type': 'application/json; charset=utf-8', 'Transfer-Encoding': 'chunked', 'Connection': 'keep-alive', 'X-Powered-By': 'Express', 'Access-Control-Allow-Origin': '*', 'Cache-Control': 'no-cache', 'ETag': 'W/"478-38zq+thbjEmYRJDD4Ngj88QCPug"', 'Vary': 'Accept-Encoding', 'Content-Encoding': 'gzip', 'CF-Cache-Status': 'DYNAMIC', 'Report-To': '{"endpoints":[{"url":"https:\\/\\/a.nel.cloudflare.com\\/report\\/v4?s=cTtiFXLuqtYjThqXefkOT8FAz9p8GaEBF2RIrju%2BEjx7kxXiO2sK2DCUYFGbCZLQXhBPbQeLgl4SchKogxzj9AajMIBcTZz%2FJjfoD%2BObZVUwswY9jV7Cq1b32B1TR311"}],"group":"cf-nel","max_age":604800}', 'NEL': '{"success_fraction":0,"report_to":"cf-nel","max_age":604800}', 'Server': 'cloudflare', 'CF-RAY': '87aa44541f2d1127-ORD', 'alt-svc': 'h3=":443"; ma=86400'} 
 body={"results":[{"gender":"female","name":{"title":"Miss","first":"Carla","last":"Cano"},"location":{"street":{"number":5020,"name":"Calle de Toledo"},"city":"Cartagena","state":"Asturias","country":"Spain","postcode":29665,"coordinates":{"latitude":"-30.8100","longitude":"166.6945"},"timezone":{"offset":"-3:30","description":"Newfoundland"}},"email":"carla.cano@example.com","login":{"uuid":"21258a21-370f-40ab-84bb-0317ef6d809c","username":"silverbear286","password":"reggie","salt":"Cd7aORcr","md5":"0fadd97c98cb6405945fe3a960c79f71","sha1":"413f3ed5aa3ae434d92c89b0db47af701ba6625d","sha256":"011f7d13a6b71fdfa54977332560e31012e4eda503d86fc180f54370fd79c392"},"dob":{"date":"1951-05-31T16:07:36.580Z","age":72},"registered":{"date":"2012-04-18T06:37:26.957Z","age":12},"phone":"993-850-570","cell":"601-792-680","id":{"name":"DNI","value":"75006739-T"},"picture":{"large":"https://randomuser.me/api/portraits/women/86.jpg","medium":"https://randomuser.me/api/portraits/med/women/86.jpg","thumbnail":"https://randomuser.me/api/portraits/thumb/women/86.jpg"},"nat":"ES"}],"info":{"seed":"6ec335717e7d2b29","results":1,"page":1,"version":"1.4"}} 
 </msg>
<msg time="2024-04-26T23:14:03.599891" level="INFO">/opt/hostedtoolcache/Python/3.12.3/x64/lib/python3.12/site-packages/urllib3/connectionpool.py:1103: InsecureRequestWarning: Unverified HTTPS request is being made to host 'randomuser.me'. Adding certificate verification is strongly advised. See: https://urllib3.readthedocs.io/en/latest/advanced-usage.html#tls-warnings
  warnings.warn(</msg>
<msg time="2024-04-26T23:14:03.600025" level="INFO">${response} = &lt;Response [200]&gt;</msg>
<var>${response}</var>
<arg>consultarAPI</arg>
<arg>/api</arg>
<doc>Sends a GET request on a previously created HTTP Session.</doc>
<status status="PASS" start="2024-04-26T23:14:03.533396" elapsed="0.066670"/>
</kw>
<kw name="Set Variable" owner="BuiltIn">
<msg time="2024-04-26T23:14:03.601327" level="INFO">${json_data} = {'results': [{'gender': 'female', 'name': {'title': 'Miss', 'first': 'Carla', 'last': 'Cano'}, 'location': {'street': {'number': 5020, 'name': 'Calle de Toledo'}, 'city': 'Cartagena', 'state': 'Asturi...</msg>
<var>${json_data}</var>
<arg>${response.json()}</arg>
<doc>Returns the given values which can then be assigned to a variables.</doc>
<status status="PASS" start="2024-04-26T23:14:03.600734" elapsed="0.000622"/>
</kw>
<kw name="Log" owner="BuiltIn">
<msg time="2024-04-26T23:14:03.601896" level="INFO">{'results': [{'gender': 'female', 'name': {'title': 'Miss', 'first': 'Carla', 'last': 'Cano'}, 'location': {'street': {'number': 5020, 'name': 'Calle de Toledo'}, 'city': 'Cartagena', 'state': 'Asturias', 'country': 'Spain', 'postcode': 29665, 'coordinates': {'latitude': '-30.8100', 'longitude': '166.6945'}, 'timezone': {'offset': '-3:30', 'description': 'Newfoundland'}}, 'email': 'carla.cano@example.com', 'login': {'uuid': '21258a21-370f-40ab-84bb-0317ef6d809c', 'username': 'silverbear286', 'password': 'reggie', 'salt': 'Cd7aORcr', 'md5': '0fadd97c98cb6405945fe3a960c79f71', 'sha1': '413f3ed5aa3ae434d92c89b0db47af701ba6625d', 'sha256': '011f7d13a6b71fdfa54977332560e31012e4eda503d86fc180f54370fd79c392'}, 'dob': {'date': '1951-05-31T16:07:36.580Z', 'age': 72}, 'registered': {'date': '2012-04-18T06:37:26.957Z', 'age': 12}, 'phone': '993-850-570', 'cell': '601-792-680', 'id': {'name': 'DNI', 'value': '75006739-T'}, 'picture': {'large': 'https://randomuser.me/api/portraits/women/86.jpg', 'medium': 'https://randomuser.me/api/portraits/med/women/86.jpg', 'thumbnail': 'https://randomuser.me/api/portraits/thumb/women/86.jpg'}, 'nat': 'ES'}], 'info': {'seed': '6ec335717e7d2b29', 'results': 1, 'page': 1, 'version': '1.4'}}</msg>
<arg>${json_data}</arg>
<doc>Logs the given message with the given level.</doc>
<status status="PASS" start="2024-04-26T23:14:03.601719" elapsed="0.000262"/>
</kw>
<kw name="Should Be Equal As Numbers" owner="BuiltIn">
<arg>${json_data['results'][0]['location']['postcode']}</arg>
<arg>${json_data['results'][0]['location']['postcode']}</arg>
<doc>Fails if objects are unequal after converting them to real numbers.</doc>
<status status="PASS" start="2024-04-26T23:14:03.602517" elapsed="0.000718"/>
</kw>
<kw name="Log" owner="BuiltIn">
<msg time="2024-04-26T23:14:03.603796" level="INFO">29665</msg>
<arg>${json_data['results'][0]['location']['postcode']}</arg>
<doc>Logs the given message with the given level.</doc>
<status status="PASS" start="2024-04-26T23:14:03.603440" elapsed="0.000401"/>
</kw>
<status status="PASS" start="2024-04-26T23:14:03.533156" elapsed="0.070966"/>
</kw>
<doc>Testa se os tipos de dados na resposta da API estão corretos.</doc>
<tag>testeTiposDados</tag>
<status status="PASS" start="2024-04-26T23:14:03.426885" elapsed="0.177430"/>
</test>
<test id="s1-s1-t5" name="Validar conteudo" line="35">
<kw name="Teste de Tipos de Conteudo" owner="random-user-service">
<kw name="GET On Session" owner="RequestsLibrary">
<msg time="2024-04-26T23:14:03.701332" level="INFO">GET Request : url=https://randomuser.me/api 
 path_url=/api 
 headers={'User-Agent': 'python-requests/2.31.0', 'Accept-Encoding': 'gzip, deflate', 'Accept': '*/*', 'Connection': 'keep-alive'} 
 body=None 
 </msg>
<msg time="2024-04-26T23:14:03.701436" level="INFO">GET Response : url=https://randomuser.me/api 
 status=200, reason=OK 
 headers={'Date': 'Fri, 26 Apr 2024 23:14:03 GMT', 'Content-Type': 'application/json; charset=utf-8', 'Transfer-Encoding': 'chunked', 'Connection': 'keep-alive', 'X-Powered-By': 'Express', 'Access-Control-Allow-Origin': '*', 'Cache-Control': 'no-cache', 'ETag': 'W/"479-WUCeb0th2H7noRQgZP4unjRFZdg"', 'Vary': 'Accept-Encoding', 'Content-Encoding': 'gzip', 'CF-Cache-Status': 'DYNAMIC', 'Report-To': '{"endpoints":[{"url":"https:\\/\\/a.nel.cloudflare.com\\/report\\/v4?s=Se%2FlFsiEOSbS0jLYYcsmdWI50PjIcG2qMyQwe6gOZ8S8cLZOdOCQb78TwSVePWvGV9OIwKop0A5zSPy4H%2FK1ApjESAQ2mHB0FbcV7o18mHTOjN6CO1RuSBn9bn1UhkIK"}],"group":"cf-nel","max_age":604800}', 'NEL': '{"success_fraction":0,"report_to":"cf-nel","max_age":604800}', 'Server': 'cloudflare', 'CF-RAY': '87aa44548fd71127-ORD', 'alt-svc': 'h3=":443"; ma=86400'} 
 body={"results":[{"gender":"female","name":{"title":"Ms","first":"Mariam","last":"Granum"},"location":{"street":{"number":6383,"name":"Statsråd Mathiesens vei"},"city":"Seljord","state":"Trøndelag","country":"Norway","postcode":"5411","coordinates":{"latitude":"42.4075","longitude":"2.8762"},"timezone":{"offset":"+3:30","description":"Tehran"}},"email":"mariam.granum@example.com","login":{"uuid":"a4f9acae-f6d6-43e0-9556-8cd658c579dc","username":"happyleopard794","password":"field","salt":"zYBm5c1u","md5":"9090da51e0278945c5b5418bdcbfb6a9","sha1":"bd34a3ddb04352b605c83e6e29332b23ddd18c03","sha256":"76c2ea1aa7541f433981597ae86c4121ddad739e766a4360c27075c0e3e7ae99"},"dob":{"date":"1993-12-16T10:41:28.741Z","age":30},"registered":{"date":"2010-09-28T19:51:46.907Z","age":13},"phone":"67346874","cell":"97960203","id":{"name":"FN","value":"16129338648"},"picture":{"large":"https://randomuser.me/api/portraits/women/35.jpg","medium":"https://randomuser.me/api/portraits/med/women/35.jpg","thumbnail":"https://randomuser.me/api/portraits/thumb/women/35.jpg"},"nat":"NO"}],"info":{"seed":"416864651c0ab676","results":1,"page":1,"version":"1.4"}} 
 </msg>
<msg time="2024-04-26T23:14:03.701514" level="INFO">/opt/hostedtoolcache/Python/3.12.3/x64/lib/python3.12/site-packages/urllib3/connectionpool.py:1103: InsecureRequestWarning: Unverified HTTPS request is being made to host 'randomuser.me'. Adding certificate verification is strongly advised. See: https://urllib3.readthedocs.io/en/latest/advanced-usage.html#tls-warnings
  warnings.warn(</msg>
<msg time="2024-04-26T23:14:03.701670" level="INFO">${response} = &lt;Response [200]&gt;</msg>
<var>${response}</var>
<arg>consultarAPI</arg>
<arg>/api</arg>
<doc>Sends a GET request on a previously created HTTP Session.</doc>
<status status="PASS" start="2024-04-26T23:14:03.606977" elapsed="0.094733"/>
</kw>
<kw name="Set Variable" owner="BuiltIn">
<msg time="2024-04-26T23:14:03.702947" level="INFO">${json_data} = {'results': [{'gender': 'female', 'name': {'title': 'Ms', 'first': 'Mariam', 'last': 'Granum'}, 'location': {'street': {'number': 6383, 'name': 'Statsråd Mathiesens vei'}, 'city': 'Seljord', 'state': ...</msg>
<var>${json_data}</var>
<arg>${response.json()}</arg>
<doc>Returns the given values which can then be assigned to a variables.</doc>
<status status="PASS" start="2024-04-26T23:14:03.702352" elapsed="0.000637"/>
</kw>
<kw name="Set Variable" owner="BuiltIn">
<msg time="2024-04-26T23:14:03.703741" level="INFO">${name_title} = Ms</msg>
<var>${name_title}</var>
<arg>${json_data["results"][0]["name"]["title"]}</arg>
<doc>Returns the given values which can then be assigned to a variables.</doc>
<status status="PASS" start="2024-04-26T23:14:03.703328" elapsed="0.000440"/>
</kw>
<kw name="Create List" owner="BuiltIn">
<msg time="2024-04-26T23:14:03.704253" level="INFO">${allowed_titles} = ['Mr', 'Ms', 'Miss', 'Mrs', 'Madame', 'Monsieur']</msg>
<var>${allowed_titles}</var>
<arg>Mr</arg>
<arg>Ms</arg>
<arg>Miss</arg>
<arg>Mrs</arg>
<arg>Madame</arg>
<arg>Monsieur</arg>
<doc>Returns a list containing given items.</doc>
<status status="PASS" start="2024-04-26T23:14:03.704083" elapsed="0.000196"/>
</kw>
<kw name="List Should Contain Value" owner="Collections">
<msg time="2024-04-26T23:14:03.704767" level="INFO">False</msg>
<arg>${allowed_titles}</arg>
<arg>${name_title}</arg>
<doc>Fails if the ``value`` is not found from ``list``.</doc>
<status status="PASS" start="2024-04-26T23:14:03.704589" elapsed="0.000216"/>
</kw>
<kw name="Set Variable" owner="BuiltIn">
<msg time="2024-04-26T23:14:03.705523" level="INFO">${name_country} = NO</msg>
<var>${name_country}</var>
<arg>${json_data["results"][0]["nat"]}</arg>
<doc>Returns the given values which can then be assigned to a variables.</doc>
<status status="PASS" start="2024-04-26T23:14:03.705112" elapsed="0.000440"/>
</kw>
<kw name="Create List" owner="BuiltIn">
<msg time="2024-04-26T23:14:03.706453" level="INFO">${list_country} = ['AD', 'AE', 'AF', 'AG', 'AI', 'AL', 'AM', 'AO', 'AQ', 'AR', 'AS', 'AT', 'AU', 'AW', 'AX', 'AZ', 'BA', 'BB', 'BD', 'BE', 'BF', 'BG', 'BH', 'BI', 'BJ', 'BL', 'BM', 'BN', 'BO', 'BQ', 'BR', 'BS', 'BT', '...</msg>
<var>${list_country}</var>
<arg>AD</arg>
<arg>AE</arg>
<arg>AF</arg>
<arg>AG</arg>
<arg>AI</arg>
<arg>AL</arg>
<arg>AM</arg>
<arg>AO</arg>
<arg>AQ</arg>
<arg>AR</arg>
<arg>AS</arg>
<arg>AT</arg>
<arg>AU</arg>
<arg>AW</arg>
<arg>AX</arg>
<arg>AZ</arg>
<arg>BA</arg>
<arg>BB</arg>
<arg>BD</arg>
<arg>BE</arg>
<arg>BF</arg>
<arg>BG</arg>
<arg>BH</arg>
<arg>BI</arg>
<arg>BJ</arg>
<arg>BL</arg>
<arg>BM</arg>
<arg>BN</arg>
<arg>BO</arg>
<arg>BQ</arg>
<arg>BR</arg>
<arg>BS</arg>
<arg>BT</arg>
<arg>BV</arg>
<arg>BW</arg>
<arg>BY</arg>
<arg>BZ</arg>
<arg>CA</arg>
<arg>CC</arg>
<arg>CD</arg>
<arg>CF</arg>
<arg>CG</arg>
<arg>CH</arg>
<arg>CI</arg>
<arg>CK</arg>
<arg>CL</arg>
<arg>CM</arg>
<arg>CN</arg>
<arg>CO</arg>
<arg>CR</arg>
<arg>CU</arg>
<arg>CV</arg>
<arg>CW</arg>
<arg>CX</arg>
<arg>CY</arg>
<arg>CZ</arg>
<arg>DE</arg>
<arg>DJ</arg>
<arg>DK</arg>
<arg>DM</arg>
<arg>DO</arg>
<arg>DZ</arg>
<arg>EC</arg>
<arg>EE</arg>
<arg>EG</arg>
<arg>EH</arg>
<arg>ER</arg>
<arg>ES</arg>
<arg>ET</arg>
<arg>FI</arg>
<arg>FJ</arg>
<arg>FK</arg>
<arg>FM</arg>
<arg>FO</arg>
<arg>FR</arg>
<arg>GA</arg>
<arg>GB</arg>
<arg>GD</arg>
<arg>GE</arg>
<arg>GF</arg>
<arg>GG</arg>
<arg>GH</arg>
<arg>GI</arg>
<arg>GL</arg>
<arg>GM</arg>
<arg>GN</arg>
<arg>GP</arg>
<arg>GQ</arg>
<arg>GR</arg>
<arg>GS</arg>
<arg>GT</arg>
<arg>GU</arg>
<arg>GW</arg>
<arg>GY</arg>
<arg>HK</arg>
<arg>HM</arg>
<arg>HN</arg>
<arg>HR</arg>
<arg>HT</arg>
<arg>HU</arg>
<arg>ID</arg>
<arg>IE</arg>
<arg>IL</arg>
<arg>IM</arg>
<arg>IN</arg>
<arg>IO</arg>
<arg>IQ</arg>
<arg>IR</arg>
<arg>IS</arg>
<arg>IT</arg>
<arg>JE</arg>
<arg>JM</arg>
<arg>JO</arg>
<arg>JP</arg>
<arg>KE</arg>
<arg>KG</arg>
<arg>KH</arg>
<arg>KI</arg>
<arg>KM</arg>
<arg>KN</arg>
<arg>KP</arg>
<arg>KR</arg>
<arg>KW</arg>
<arg>KY</arg>
<arg>KZ</arg>
<arg>LA</arg>
<arg>LB</arg>
<arg>LC</arg>
<arg>LI</arg>
<arg>LK</arg>
<arg>LR</arg>
<arg>LS</arg>
<arg>LT</arg>
<arg>LU</arg>
<arg>LV</arg>
<arg>LY</arg>
<arg>MA</arg>
<arg>MC</arg>
<arg>MD</arg>
<arg>ME</arg>
<arg>MF</arg>
<arg>MG</arg>
<arg>MH</arg>
<arg>MK</arg>
<arg>ML</arg>
<arg>MM</arg>
<arg>MN</arg>
<arg>MO</arg>
<arg>MP</arg>
<arg>MQ</arg>
<arg>MR</arg>
<arg>MS</arg>
<arg>MT</arg>
<arg>MU</arg>
<arg>MV</arg>
<arg>MW</arg>
<arg>MX</arg>
<arg>MY</arg>
<arg>MZ</arg>
<arg>NA</arg>
<arg>NC</arg>
<arg>NE</arg>
<arg>NF</arg>
<arg>NG</arg>
<arg>NI</arg>
<arg>NL</arg>
<arg>NO</arg>
<arg>NP</arg>
<arg>NR</arg>
<arg>NU</arg>
<arg>NZ</arg>
<arg>OM</arg>
<arg>PA</arg>
<arg>PE</arg>
<arg>PF</arg>
<arg>PG</arg>
<arg>PH</arg>
<arg>PK</arg>
<arg>PL</arg>
<arg>PM</arg>
<arg>PN</arg>
<arg>PR</arg>
<arg>PS</arg>
<arg>PT</arg>
<arg>PW</arg>
<arg>PY</arg>
<arg>QA</arg>
<arg>RE</arg>
<arg>RO</arg>
<arg>RS</arg>
<arg>RU</arg>
<arg>RW</arg>
<arg>SA</arg>
<arg>SB</arg>
<arg>SC</arg>
<arg>SD</arg>
<arg>SE</arg>
<arg>SG</arg>
<arg>SH</arg>
<arg>SI</arg>
<arg>SJ</arg>
<arg>SK</arg>
<arg>SL</arg>
<arg>SM</arg>
<arg>SN</arg>
<arg>SO</arg>
<arg>SR</arg>
<arg>SS</arg>
<arg>ST</arg>
<arg>SV</arg>
<arg>SX</arg>
<arg>SY</arg>
<arg>SZ</arg>
<arg>TC</arg>
<arg>TD</arg>
<arg>TF</arg>
<arg>TG</arg>
<arg>TH</arg>
<arg>TJ</arg>
<arg>TK</arg>
<arg>TL</arg>
<arg>TM</arg>
<arg>TN</arg>
<arg>TO</arg>
<arg>TR</arg>
<arg>TT</arg>
<arg>TV</arg>
<arg>TW</arg>
<arg>TZ</arg>
<arg>UA</arg>
<arg>UG</arg>
<arg>UM</arg>
<arg>US</arg>
<arg>UY</arg>
<arg>UZ</arg>
<arg>VA</arg>
<arg>VC</arg>
<arg>VE</arg>
<arg>VG</arg>
<arg>VI</arg>
<arg>VN</arg>
<arg>VU</arg>
<arg>WF</arg>
<arg>WS</arg>
<arg>XK</arg>
<arg>YE</arg>
<arg>YT</arg>
<arg>ZA</arg>
<arg>ZM</arg>
<arg>ZW</arg>
<doc>Returns a list containing given items.</doc>
<status status="PASS" start="2024-04-26T23:14:03.705861" elapsed="0.000618"/>
</kw>
<kw name="List Should Contain Value" owner="Collections">
<msg time="2024-04-26T23:14:03.707528" level="INFO">False</msg>
<arg>${list_country}</arg>
<arg>${name_country}</arg>
<doc>Fails if the ``value`` is not found from ``list``.</doc>
<status status="PASS" start="2024-04-26T23:14:03.707314" elapsed="0.000256"/>
</kw>
<kw name="Run Keyword If" owner="BuiltIn">
<kw name="Should Be True" owner="BuiltIn">
<arg>${True}</arg>
<doc>Fails if the given condition is not true.</doc>
<status status="PASS" start="2024-04-26T23:14:03.708698" elapsed="0.000275"/>
</kw>
<arg>${json_data["results"][0]["location"]["coordinates"]["latitude"]} &gt;= -90 and ${json_data["results"][0]["location"]["coordinates"]["latitude"]} &lt;= 90</arg>
<arg>Should Be True</arg>
<arg>${True}</arg>
<doc>Runs the given keyword with the given arguments, if ``condition`` is true.</doc>
<status status="PASS" start="2024-04-26T23:14:03.707918" elapsed="0.001191"/>
</kw>
<kw name="Run Keyword If" owner="BuiltIn">
<kw name="Should Be True" owner="BuiltIn">
<arg>${True}</arg>
<doc>Fails if the given condition is not true.</doc>
<status status="PASS" start="2024-04-26T23:14:03.710030" elapsed="0.000144"/>
</kw>
<arg>${json_data["results"][0]["location"]["coordinates"]["longitude"]} &gt;= -180 and ${json_data["results"][0]["location"]["coordinates"]["longitude"]} &lt;= 180</arg>
<arg>Should Be True</arg>
<arg>${True}</arg>
<doc>Runs the given keyword with the given arguments, if ``condition`` is true.</doc>
<status status="PASS" start="2024-04-26T23:14:03.709299" elapsed="0.001009"/>
</kw>
<status status="PASS" start="2024-04-26T23:14:03.606703" elapsed="0.103747"/>
</kw>
<doc>Testa o conteúdo específico dos campos retornados pela API.</doc>
<tag>testeConteudo</tag>
<status status="PASS" start="2024-04-26T23:14:03.606137" elapsed="0.104482"/>
</test>
<status status="PASS" start="2024-04-26T23:14:02.710881" elapsed="1.001836"/>
</suite>
<status status="PASS" start="2024-04-26T23:14:02.696664" elapsed="1.021384"/>
</suite>
<statistics>
<total>
<stat pass="5" fail="0" skip="0">All Tests</stat>
</total>
<tag>
<stat pass="1" fail="0" skip="0">testeConteudo</stat>
<stat pass="1" fail="0" skip="0">testeEstruturaResposta</stat>
<stat pass="1" fail="0" skip="0">testeRequisicaoBasica</stat>
<stat pass="1" fail="0" skip="0">testeTiposDados</stat>
</tag>
<suite>
<stat pass="5" fail="0" skip="0" id="s1" name="Tests">Tests</stat>
<stat pass="5" fail="0" skip="0" id="s1-s1" name="Random-User-Test">Tests.Random-User-Test</stat>
</suite>
</statistics>
<errors>
</errors>
</robot>
