<?xml version="1.0" encoding="UTF-8"?>
<robot generator="Robot 7.0 (Python 3.12.3 on linux)" generated="2024-05-01T17:13:15.440436" rpa="false" schemaversion="5">
<suite id="s1" name="Tests" source="/home/runner/work/DesafioQAItauRogerioJordao/DesafioQAItauRogerioJordao/RamdonUser/tests">
<suite id="s1-s1" name="Random-User-Test" source="/home/runner/work/DesafioQAItauRogerioJordao/DesafioQAItauRogerioJordao/RamdonUser/tests/random-user-test.robot">
<test id="s1-s1-t1" name="Conectar" line="13">
<kw name="Conectar API" owner="random-user-service">
<kw name="Create Session" owner="RequestsLibrary">
<msg time="2024-05-01T17:13:15.811455" level="INFO">Creating Session using : alias=consultarAPI, url=https://randomuser.me/, headers={},                     cookies={}, auth=None, timeout=None, proxies=None, verify=False,                     debug=0 </msg>
<arg>consultarAPI</arg>
<arg>${URL}</arg>
<doc>Create Session: create a HTTP session to a server</doc>
<status status="PASS" start="2024-05-01T17:13:15.811252" elapsed="0.000389"/>
</kw>
<status status="PASS" start="2024-05-01T17:13:15.810271" elapsed="0.001730"/>
</kw>
<status status="PASS" start="2024-05-01T17:13:15.809668" elapsed="0.002521"/>
</test>
<test id="s1-s1-t2" name="Validar retorno 200 e JSON Válido" line="16">
<kw name="Teste de Requisicao Basica" owner="random-user-service">
<kw name="GET On Session" owner="RequestsLibrary">
<msg time="2024-05-01T17:13:16.287335" level="INFO">GET Request : url=https://randomuser.me/api 
 path_url=/api 
 headers={'User-Agent': 'python-requests/2.31.0', 'Accept-Encoding': 'gzip, deflate', 'Accept': '*/*', 'Connection': 'keep-alive'} 
 body=None 
 </msg>
<msg time="2024-05-01T17:13:16.287487" level="INFO">GET Response : url=https://randomuser.me/api 
 status=200, reason=OK 
 headers={'Date': 'Wed, 01 May 2024 17:13:16 GMT', 'Content-Type': 'application/json; charset=utf-8', 'Transfer-Encoding': 'chunked', 'Connection': 'keep-alive', 'X-Powered-By': 'Express', 'Access-Control-Allow-Origin': '*', 'Cache-Control': 'no-cache', 'ETag': 'W/"4a0-/FkKrfi99bsL+VVqUYjLhwf7vCU"', 'Vary': 'Accept-Encoding', 'Content-Encoding': 'gzip', 'CF-Cache-Status': 'DYNAMIC', 'Report-To': '{"endpoints":[{"url":"https:\\/\\/a.nel.cloudflare.com\\/report\\/v4?s=wcniMzm1lh3N0ztcMmlQplSlbXjXYteoJbq6v7fA10vfvN1LcNGDLuBjlZALfQG0TkamrRN6MRTKQstP1LfxGw0%2FM1Kl2mncofWeJt%2FGWDMT%2F4gWScMOd4wZ%2Fcno2auO"}],"group":"cf-nel","max_age":604800}', 'NEL': '{"success_fraction":0,"report_to":"cf-nel","max_age":604800}', 'Server': 'cloudflare', 'CF-RAY': '87d166b31b122082-IAD', 'alt-svc': 'h3=":443"; ma=86400'} 
 body={"results":[{"gender":"female","name":{"title":"Miss","first":"Poppy","last":"Thomas"},"location":{"street":{"number":5915,"name":"Te Atatu Road"},"city":"Greymouth","state":"Manawatu-Wanganui","country":"New Zealand","postcode":14965,"coordinates":{"latitude":"53.2864","longitude":"130.2628"},"timezone":{"offset":"-4:00","description":"Atlantic Time (Canada), Caracas, La Paz"}},"email":"poppy.thomas@example.com","login":{"uuid":"db249d35-0086-4fc7-8994-6728678a2380","username":"crazygoose494","password":"mmmmmmmm","salt":"bIy0WDHM","md5":"649d376af9106493633b524d3fa0d9d9","sha1":"c8cf2fd49d96e34e49dcb2df345817f84cce198c","sha256":"199fd0edc104507b0c6517ded979c81e059d1b49c7cf06a0e1608e15df45413c"},"dob":{"date":"1954-12-16T10:47:24.633Z","age":69},"registered":{"date":"2012-12-23T14:08:50.309Z","age":11},"phone":"(456)-125-0428","cell":"(558)-451-9770","id":{"name":"","value":null},"picture":{"large":"https://randomuser.me/api/portraits/women/37.jpg","medium":"https://randomuser.me/api/portraits/med/women/37.jpg","thumbnail":"https://randomuser.me/api/portraits/thumb/women/37.jpg"},"nat":"NZ"}],"info":{"seed":"aab1883658a1f006","results":1,"page":1,"version":"1.4"}} 
 </msg>
<msg time="2024-05-01T17:13:16.287569" level="INFO">/opt/hostedtoolcache/Python/3.12.3/x64/lib/python3.12/site-packages/urllib3/connectionpool.py:1103: InsecureRequestWarning: Unverified HTTPS request is being made to host 'randomuser.me'. Adding certificate verification is strongly advised. See: https://urllib3.readthedocs.io/en/latest/advanced-usage.html#tls-warnings
  warnings.warn(</msg>
<msg time="2024-05-01T17:13:16.287734" level="INFO">${response} = &lt;Response [200]&gt;</msg>
<var>${response}</var>
<arg>consultarAPI</arg>
<arg>/api</arg>
<doc>Sends a GET request on a previously created HTTP Session.</doc>
<status status="PASS" start="2024-05-01T17:13:15.814818" elapsed="0.472963"/>
</kw>
<kw name="Should Be Equal As Numbers" owner="BuiltIn">
<msg time="2024-05-01T17:13:16.288768" level="INFO">Argument types are:
&lt;class 'int'&gt;
&lt;class 'str'&gt;</msg>
<arg>${response.status_code}</arg>
<arg>200</arg>
<doc>Fails if objects are unequal after converting them to real numbers.</doc>
<status status="PASS" start="2024-05-01T17:13:16.288307" elapsed="0.000525"/>
</kw>
<kw name="Log" owner="BuiltIn">
<msg time="2024-05-01T17:13:16.289496" level="INFO">200</msg>
<arg>${response.status_code}</arg>
<doc>Logs the given message with the given level.</doc>
<status status="PASS" start="2024-05-01T17:13:16.289151" elapsed="0.000386"/>
</kw>
<kw name="Set Variable" owner="BuiltIn">
<msg time="2024-05-01T17:13:16.290312" level="INFO">${json_data} = {'results': [{'gender': 'female', 'name': {'title': 'Miss', 'first': 'Poppy', 'last': 'Thomas'}, 'location': {'street': {'number': 5915, 'name': 'Te Atatu Road'}, 'city': 'Greymouth', 'state': 'Manawa...</msg>
<var>${json_data}</var>
<arg>${response.json()}</arg>
<doc>Returns the given values which can then be assigned to a variables.</doc>
<status status="PASS" start="2024-05-01T17:13:16.289879" elapsed="0.000461"/>
</kw>
<kw name="Dictionary Should Contain Key" owner="Collections">
<msg time="2024-05-01T17:13:16.290802" level="INFO">False</msg>
<arg>${json_data}</arg>
<arg>results</arg>
<doc>Fails if ``key`` is not found from ``dictionary``.</doc>
<status status="PASS" start="2024-05-01T17:13:16.290635" elapsed="0.000207"/>
</kw>
<status status="PASS" start="2024-05-01T17:13:15.814577" elapsed="0.476514"/>
</kw>
<doc>Testa se a API responde corretamente e retorna um objeto JSON válido.</doc>
<tag>testeRequisicaoBasica</tag>
<status status="PASS" start="2024-05-01T17:13:15.814123" elapsed="0.477147"/>
</test>
<test id="s1-s1-t3" name="Validar estrutura de resposta" line="22">
<kw name="Teste de Estrutura de Resposta" owner="random-user-service">
<kw name="GET On Session" owner="RequestsLibrary">
<msg time="2024-05-01T17:13:16.340268" level="INFO">GET Request : url=https://randomuser.me/api 
 path_url=/api 
 headers={'User-Agent': 'python-requests/2.31.0', 'Accept-Encoding': 'gzip, deflate', 'Accept': '*/*', 'Connection': 'keep-alive'} 
 body=None 
 </msg>
<msg time="2024-05-01T17:13:16.340338" level="INFO">GET Response : url=https://randomuser.me/api 
 status=200, reason=OK 
 headers={'Date': 'Wed, 01 May 2024 17:13:16 GMT', 'Content-Type': 'application/json; charset=utf-8', 'Transfer-Encoding': 'chunked', 'Connection': 'keep-alive', 'X-Powered-By': 'Express', 'Access-Control-Allow-Origin': '*', 'Cache-Control': 'no-cache', 'ETag': 'W/"48e-wMGDFI1TcfBe7hcxl9n8REMykIg"', 'Vary': 'Accept-Encoding', 'Content-Encoding': 'gzip', 'CF-Cache-Status': 'DYNAMIC', 'Report-To': '{"endpoints":[{"url":"https:\\/\\/a.nel.cloudflare.com\\/report\\/v4?s=YlCineMW2a5aWJK2WuAaM0%2FeAU%2BnlEWdJinUKUI1QENAtSyVTCgLlCILj%2B7cGDi3YR8LfSalBSTAFsCjTcuFYaG%2B4gsf1xNH3xgVxsDemt7ctlhwfcyCXLMcMsFNvUFJ"}],"group":"cf-nel","max_age":604800}', 'NEL': '{"success_fraction":0,"report_to":"cf-nel","max_age":604800}', 'Server': 'cloudflare', 'CF-RAY': '87d166b4ed4a2082-IAD', 'alt-svc': 'h3=":443"; ma=86400'} 
 body={"results":[{"gender":"female","name":{"title":"Ms","first":"Bella","last":"Brown"},"location":{"street":{"number":9978,"name":"Mt Wellington Highway"},"city":"Gisborne","state":"Otago","country":"New Zealand","postcode":32267,"coordinates":{"latitude":"49.0629","longitude":"90.1460"},"timezone":{"offset":"-3:00","description":"Brazil, Buenos Aires, Georgetown"}},"email":"bella.brown@example.com","login":{"uuid":"20f5f939-3f56-4afd-9c4a-4d81fe63f660","username":"purplefish842","password":"dreamer","salt":"0uzP82hW","md5":"0c307cd2956f3b032e537fdb65742e41","sha1":"1e329411d6c3312b682d8ab4090ce8efddda5f41","sha256":"c046b8df56c2c1ad9bba932080521aa28dda5d5b9ea1a658f89396cede6eac0c"},"dob":{"date":"1974-09-23T21:21:50.466Z","age":49},"registered":{"date":"2004-01-18T11:23:35.068Z","age":20},"phone":"(931)-944-0262","cell":"(149)-890-9845","id":{"name":"","value":null},"picture":{"large":"https://randomuser.me/api/portraits/women/96.jpg","medium":"https://randomuser.me/api/portraits/med/women/96.jpg","thumbnail":"https://randomuser.me/api/portraits/thumb/women/96.jpg"},"nat":"NZ"}],"info":{"seed":"b32187e1e2bb051b","results":1,"page":1,"version":"1.4"}} 
 </msg>
<msg time="2024-05-01T17:13:16.340437" level="INFO">/opt/hostedtoolcache/Python/3.12.3/x64/lib/python3.12/site-packages/urllib3/connectionpool.py:1103: InsecureRequestWarning: Unverified HTTPS request is being made to host 'randomuser.me'. Adding certificate verification is strongly advised. See: https://urllib3.readthedocs.io/en/latest/advanced-usage.html#tls-warnings
  warnings.warn(</msg>
<msg time="2024-05-01T17:13:16.340550" level="INFO">${response} = &lt;Response [200]&gt;</msg>
<var>${response}</var>
<arg>consultarAPI</arg>
<arg>/api</arg>
<doc>Sends a GET request on a previously created HTTP Session.</doc>
<status status="PASS" start="2024-05-01T17:13:16.293856" elapsed="0.046736"/>
</kw>
<kw name="Set Variable" owner="BuiltIn">
<msg time="2024-05-01T17:13:16.341420" level="INFO">${json_data} = {'results': [{'gender': 'female', 'name': {'title': 'Ms', 'first': 'Bella', 'last': 'Brown'}, 'location': {'street': {'number': 9978, 'name': 'Mt Wellington Highway'}, 'city': 'Gisborne', 'state': 'Ot...</msg>
<var>${json_data}</var>
<arg>${response.json()}</arg>
<doc>Returns the given values which can then be assigned to a variables.</doc>
<status status="PASS" start="2024-05-01T17:13:16.340964" elapsed="0.000484"/>
</kw>
<kw name="Log" owner="BuiltIn">
<msg time="2024-05-01T17:13:16.341950" level="INFO">{'results': [{'gender': 'female', 'name': {'title': 'Ms', 'first': 'Bella', 'last': 'Brown'}, 'location': {'street': {'number': 9978, 'name': 'Mt Wellington Highway'}, 'city': 'Gisborne', 'state': 'Otago', 'country': 'New Zealand', 'postcode': 32267, 'coordinates': {'latitude': '49.0629', 'longitude': '90.1460'}, 'timezone': {'offset': '-3:00', 'description': 'Brazil, Buenos Aires, Georgetown'}}, 'email': 'bella.brown@example.com', 'login': {'uuid': '20f5f939-3f56-4afd-9c4a-4d81fe63f660', 'username': 'purplefish842', 'password': 'dreamer', 'salt': '0uzP82hW', 'md5': '0c307cd2956f3b032e537fdb65742e41', 'sha1': '1e329411d6c3312b682d8ab4090ce8efddda5f41', 'sha256': 'c046b8df56c2c1ad9bba932080521aa28dda5d5b9ea1a658f89396cede6eac0c'}, 'dob': {'date': '1974-09-23T21:21:50.466Z', 'age': 49}, 'registered': {'date': '2004-01-18T11:23:35.068Z', 'age': 20}, 'phone': '(931)-944-0262', 'cell': '(149)-890-9845', 'id': {'name': '', 'value': None}, 'picture': {'large': 'https://randomuser.me/api/portraits/women/96.jpg', 'medium': 'https://randomuser.me/api/portraits/med/women/96.jpg', 'thumbnail': 'https://randomuser.me/api/portraits/thumb/women/96.jpg'}, 'nat': 'NZ'}], 'info': {'seed': 'b32187e1e2bb051b', 'results': 1, 'page': 1, 'version': '1.4'}}</msg>
<arg>${json_data}</arg>
<doc>Logs the given message with the given level.</doc>
<status status="PASS" start="2024-05-01T17:13:16.341783" elapsed="0.000214"/>
</kw>
<kw name="Dictionary Should Contain Key" owner="Collections">
<msg time="2024-05-01T17:13:16.342444" level="INFO">False</msg>
<arg>${json_data}</arg>
<arg>results</arg>
<doc>Fails if ``key`` is not found from ``dictionary``.</doc>
<status status="PASS" start="2024-05-01T17:13:16.342287" elapsed="0.000193"/>
</kw>
<kw name="Should Not Be Empty" owner="BuiltIn">
<msg time="2024-05-01T17:13:16.342897" level="INFO">Length is 2.</msg>
<arg>${json_data}</arg>
<doc>Verifies that the given item is not empty.</doc>
<status status="PASS" start="2024-05-01T17:13:16.342767" elapsed="0.000307"/>
</kw>
<kw name="Create List" owner="BuiltIn">
<msg time="2024-05-01T17:13:16.343517" level="INFO">${expected_keys} = ['gender', 'name', 'location', 'email', 'login']</msg>
<var>${expected_keys}</var>
<arg>gender</arg>
<arg>name</arg>
<arg>location</arg>
<arg>email</arg>
<arg>login</arg>
<doc>Returns a list containing given items.</doc>
<status status="PASS" start="2024-05-01T17:13:16.343363" elapsed="0.000179"/>
</kw>
<for flavor="IN">
<iter>
<kw name="Dictionary Should Contain Key" owner="Collections">
<msg time="2024-05-01T17:13:16.344516" level="INFO">False</msg>
<arg>${json_data['results'][0]}</arg>
<arg>${key}</arg>
<doc>Fails if ``key`` is not found from ``dictionary``.</doc>
<status status="PASS" start="2024-05-01T17:13:16.344116" elapsed="0.000438"/>
</kw>
<kw name="Log" owner="BuiltIn">
<msg time="2024-05-01T17:13:16.345203" level="INFO">{'gender': 'female', 'name': {'title': 'Ms', 'first': 'Bella', 'last': 'Brown'}, 'location': {'street': {'number': 9978, 'name': 'Mt Wellington Highway'}, 'city': 'Gisborne', 'state': 'Otago', 'country': 'New Zealand', 'postcode': 32267, 'coordinates': {'latitude': '49.0629', 'longitude': '90.1460'}, 'timezone': {'offset': '-3:00', 'description': 'Brazil, Buenos Aires, Georgetown'}}, 'email': 'bella.brown@example.com', 'login': {'uuid': '20f5f939-3f56-4afd-9c4a-4d81fe63f660', 'username': 'purplefish842', 'password': 'dreamer', 'salt': '0uzP82hW', 'md5': '0c307cd2956f3b032e537fdb65742e41', 'sha1': '1e329411d6c3312b682d8ab4090ce8efddda5f41', 'sha256': 'c046b8df56c2c1ad9bba932080521aa28dda5d5b9ea1a658f89396cede6eac0c'}, 'dob': {'date': '1974-09-23T21:21:50.466Z', 'age': 49}, 'registered': {'date': '2004-01-18T11:23:35.068Z', 'age': 20}, 'phone': '(931)-944-0262', 'cell': '(149)-890-9845', 'id': {'name': '', 'value': None}, 'picture': {'large': 'https://randomuser.me/api/portraits/women/96.jpg', 'medium': 'https://randomuser.me/api/portraits/med/women/96.jpg', 'thumbnail': 'https://randomuser.me/api/portraits/thumb/women/96.jpg'}, 'nat': 'NZ'}</msg>
<arg>${json_data['results'][0]}</arg>
<doc>Logs the given message with the given level.</doc>
<status status="PASS" start="2024-05-01T17:13:16.344847" elapsed="0.000402"/>
</kw>
<kw name="Log" owner="BuiltIn">
<msg time="2024-05-01T17:13:16.345662" level="INFO">gender</msg>
<arg>${key}</arg>
<doc>Logs the given message with the given level.</doc>
<status status="PASS" start="2024-05-01T17:13:16.345538" elapsed="0.000160"/>
</kw>
<var name="${key}">gender</var>
<status status="PASS" start="2024-05-01T17:13:16.343992" elapsed="0.001950"/>
</iter>
<iter>
<kw name="Dictionary Should Contain Key" owner="Collections">
<msg time="2024-05-01T17:13:16.346615" level="INFO">False</msg>
<arg>${json_data['results'][0]}</arg>
<arg>${key}</arg>
<doc>Fails if ``key`` is not found from ``dictionary``.</doc>
<status status="PASS" start="2024-05-01T17:13:16.346236" elapsed="0.000415"/>
</kw>
<kw name="Log" owner="BuiltIn">
<msg time="2024-05-01T17:13:16.347328" level="INFO">{'gender': 'female', 'name': {'title': 'Ms', 'first': 'Bella', 'last': 'Brown'}, 'location': {'street': {'number': 9978, 'name': 'Mt Wellington Highway'}, 'city': 'Gisborne', 'state': 'Otago', 'country': 'New Zealand', 'postcode': 32267, 'coordinates': {'latitude': '49.0629', 'longitude': '90.1460'}, 'timezone': {'offset': '-3:00', 'description': 'Brazil, Buenos Aires, Georgetown'}}, 'email': 'bella.brown@example.com', 'login': {'uuid': '20f5f939-3f56-4afd-9c4a-4d81fe63f660', 'username': 'purplefish842', 'password': 'dreamer', 'salt': '0uzP82hW', 'md5': '0c307cd2956f3b032e537fdb65742e41', 'sha1': '1e329411d6c3312b682d8ab4090ce8efddda5f41', 'sha256': 'c046b8df56c2c1ad9bba932080521aa28dda5d5b9ea1a658f89396cede6eac0c'}, 'dob': {'date': '1974-09-23T21:21:50.466Z', 'age': 49}, 'registered': {'date': '2004-01-18T11:23:35.068Z', 'age': 20}, 'phone': '(931)-944-0262', 'cell': '(149)-890-9845', 'id': {'name': '', 'value': None}, 'picture': {'large': 'https://randomuser.me/api/portraits/women/96.jpg', 'medium': 'https://randomuser.me/api/portraits/med/women/96.jpg', 'thumbnail': 'https://randomuser.me/api/portraits/thumb/women/96.jpg'}, 'nat': 'NZ'}</msg>
<arg>${json_data['results'][0]}</arg>
<doc>Logs the given message with the given level.</doc>
<status status="PASS" start="2024-05-01T17:13:16.346968" elapsed="0.000407"/>
</kw>
<kw name="Log" owner="BuiltIn">
<msg time="2024-05-01T17:13:16.347789" level="INFO">name</msg>
<arg>${key}</arg>
<doc>Logs the given message with the given level.</doc>
<status status="PASS" start="2024-05-01T17:13:16.347666" elapsed="0.000160"/>
</kw>
<var name="${key}">name</var>
<status status="PASS" start="2024-05-01T17:13:16.346124" elapsed="0.001915"/>
</iter>
<iter>
<kw name="Dictionary Should Contain Key" owner="Collections">
<msg time="2024-05-01T17:13:16.348700" level="INFO">False</msg>
<arg>${json_data['results'][0]}</arg>
<arg>${key}</arg>
<doc>Fails if ``key`` is not found from ``dictionary``.</doc>
<status status="PASS" start="2024-05-01T17:13:16.348325" elapsed="0.000412"/>
</kw>
<kw name="Log" owner="BuiltIn">
<msg time="2024-05-01T17:13:16.349387" level="INFO">{'gender': 'female', 'name': {'title': 'Ms', 'first': 'Bella', 'last': 'Brown'}, 'location': {'street': {'number': 9978, 'name': 'Mt Wellington Highway'}, 'city': 'Gisborne', 'state': 'Otago', 'country': 'New Zealand', 'postcode': 32267, 'coordinates': {'latitude': '49.0629', 'longitude': '90.1460'}, 'timezone': {'offset': '-3:00', 'description': 'Brazil, Buenos Aires, Georgetown'}}, 'email': 'bella.brown@example.com', 'login': {'uuid': '20f5f939-3f56-4afd-9c4a-4d81fe63f660', 'username': 'purplefish842', 'password': 'dreamer', 'salt': '0uzP82hW', 'md5': '0c307cd2956f3b032e537fdb65742e41', 'sha1': '1e329411d6c3312b682d8ab4090ce8efddda5f41', 'sha256': 'c046b8df56c2c1ad9bba932080521aa28dda5d5b9ea1a658f89396cede6eac0c'}, 'dob': {'date': '1974-09-23T21:21:50.466Z', 'age': 49}, 'registered': {'date': '2004-01-18T11:23:35.068Z', 'age': 20}, 'phone': '(931)-944-0262', 'cell': '(149)-890-9845', 'id': {'name': '', 'value': None}, 'picture': {'large': 'https://randomuser.me/api/portraits/women/96.jpg', 'medium': 'https://randomuser.me/api/portraits/med/women/96.jpg', 'thumbnail': 'https://randomuser.me/api/portraits/thumb/women/96.jpg'}, 'nat': 'NZ'}</msg>
<arg>${json_data['results'][0]}</arg>
<doc>Logs the given message with the given level.</doc>
<status status="PASS" start="2024-05-01T17:13:16.349029" elapsed="0.000404"/>
</kw>
<kw name="Log" owner="BuiltIn">
<msg time="2024-05-01T17:13:16.349871" level="INFO">location</msg>
<arg>${key}</arg>
<doc>Logs the given message with the given level.</doc>
<status status="PASS" start="2024-05-01T17:13:16.349739" elapsed="0.000169"/>
</kw>
<var name="${key}">location</var>
<status status="PASS" start="2024-05-01T17:13:16.348215" elapsed="0.001905"/>
</iter>
<iter>
<kw name="Dictionary Should Contain Key" owner="Collections">
<msg time="2024-05-01T17:13:16.350778" level="INFO">False</msg>
<arg>${json_data['results'][0]}</arg>
<arg>${key}</arg>
<doc>Fails if ``key`` is not found from ``dictionary``.</doc>
<status status="PASS" start="2024-05-01T17:13:16.350398" elapsed="0.000418"/>
</kw>
<kw name="Log" owner="BuiltIn">
<msg time="2024-05-01T17:13:16.351457" level="INFO">{'gender': 'female', 'name': {'title': 'Ms', 'first': 'Bella', 'last': 'Brown'}, 'location': {'street': {'number': 9978, 'name': 'Mt Wellington Highway'}, 'city': 'Gisborne', 'state': 'Otago', 'country': 'New Zealand', 'postcode': 32267, 'coordinates': {'latitude': '49.0629', 'longitude': '90.1460'}, 'timezone': {'offset': '-3:00', 'description': 'Brazil, Buenos Aires, Georgetown'}}, 'email': 'bella.brown@example.com', 'login': {'uuid': '20f5f939-3f56-4afd-9c4a-4d81fe63f660', 'username': 'purplefish842', 'password': 'dreamer', 'salt': '0uzP82hW', 'md5': '0c307cd2956f3b032e537fdb65742e41', 'sha1': '1e329411d6c3312b682d8ab4090ce8efddda5f41', 'sha256': 'c046b8df56c2c1ad9bba932080521aa28dda5d5b9ea1a658f89396cede6eac0c'}, 'dob': {'date': '1974-09-23T21:21:50.466Z', 'age': 49}, 'registered': {'date': '2004-01-18T11:23:35.068Z', 'age': 20}, 'phone': '(931)-944-0262', 'cell': '(149)-890-9845', 'id': {'name': '', 'value': None}, 'picture': {'large': 'https://randomuser.me/api/portraits/women/96.jpg', 'medium': 'https://randomuser.me/api/portraits/med/women/96.jpg', 'thumbnail': 'https://randomuser.me/api/portraits/thumb/women/96.jpg'}, 'nat': 'NZ'}</msg>
<arg>${json_data['results'][0]}</arg>
<doc>Logs the given message with the given level.</doc>
<status status="PASS" start="2024-05-01T17:13:16.351107" elapsed="0.000397"/>
</kw>
<kw name="Log" owner="BuiltIn">
<msg time="2024-05-01T17:13:16.351916" level="INFO">email</msg>
<arg>${key}</arg>
<doc>Logs the given message with the given level.</doc>
<status status="PASS" start="2024-05-01T17:13:16.351791" elapsed="0.000163"/>
</kw>
<var name="${key}">email</var>
<status status="PASS" start="2024-05-01T17:13:16.350290" elapsed="0.001873"/>
</iter>
<iter>
<kw name="Dictionary Should Contain Key" owner="Collections">
<msg time="2024-05-01T17:13:16.352822" level="INFO">False</msg>
<arg>${json_data['results'][0]}</arg>
<arg>${key}</arg>
<doc>Fails if ``key`` is not found from ``dictionary``.</doc>
<status status="PASS" start="2024-05-01T17:13:16.352440" elapsed="0.000417"/>
</kw>
<kw name="Log" owner="BuiltIn">
<msg time="2024-05-01T17:13:16.353505" level="INFO">{'gender': 'female', 'name': {'title': 'Ms', 'first': 'Bella', 'last': 'Brown'}, 'location': {'street': {'number': 9978, 'name': 'Mt Wellington Highway'}, 'city': 'Gisborne', 'state': 'Otago', 'country': 'New Zealand', 'postcode': 32267, 'coordinates': {'latitude': '49.0629', 'longitude': '90.1460'}, 'timezone': {'offset': '-3:00', 'description': 'Brazil, Buenos Aires, Georgetown'}}, 'email': 'bella.brown@example.com', 'login': {'uuid': '20f5f939-3f56-4afd-9c4a-4d81fe63f660', 'username': 'purplefish842', 'password': 'dreamer', 'salt': '0uzP82hW', 'md5': '0c307cd2956f3b032e537fdb65742e41', 'sha1': '1e329411d6c3312b682d8ab4090ce8efddda5f41', 'sha256': 'c046b8df56c2c1ad9bba932080521aa28dda5d5b9ea1a658f89396cede6eac0c'}, 'dob': {'date': '1974-09-23T21:21:50.466Z', 'age': 49}, 'registered': {'date': '2004-01-18T11:23:35.068Z', 'age': 20}, 'phone': '(931)-944-0262', 'cell': '(149)-890-9845', 'id': {'name': '', 'value': None}, 'picture': {'large': 'https://randomuser.me/api/portraits/women/96.jpg', 'medium': 'https://randomuser.me/api/portraits/med/women/96.jpg', 'thumbnail': 'https://randomuser.me/api/portraits/thumb/women/96.jpg'}, 'nat': 'NZ'}</msg>
<arg>${json_data['results'][0]}</arg>
<doc>Logs the given message with the given level.</doc>
<status status="PASS" start="2024-05-01T17:13:16.353145" elapsed="0.000406"/>
</kw>
<kw name="Log" owner="BuiltIn">
<msg time="2024-05-01T17:13:16.353995" level="INFO">login</msg>
<arg>${key}</arg>
<doc>Logs the given message with the given level.</doc>
<status status="PASS" start="2024-05-01T17:13:16.353871" elapsed="0.000162"/>
</kw>
<var name="${key}">login</var>
<status status="PASS" start="2024-05-01T17:13:16.352332" elapsed="0.001938"/>
</iter>
<var>${key}</var>
<value>@{expected_keys}</value>
<status status="PASS" start="2024-05-01T17:13:16.343802" elapsed="0.010594"/>
</for>
<kw name="Create List" owner="BuiltIn">
<msg time="2024-05-01T17:13:16.354718" level="INFO">${expected_keysTwo} = ['username', 'password']</msg>
<var>${expected_keysTwo}</var>
<arg>username</arg>
<arg>password</arg>
<doc>Returns a list containing given items.</doc>
<status status="PASS" start="2024-05-01T17:13:16.354584" elapsed="0.000157"/>
</kw>
<for flavor="IN">
<iter>
<kw name="Dictionary Should Contain Key" owner="Collections">
<msg time="2024-05-01T17:13:16.355611" level="INFO">False</msg>
<arg>${json_data['results'][0]['login']}</arg>
<arg>${keyTwo}</arg>
<doc>Fails if ``key`` is not found from ``dictionary``.</doc>
<status status="PASS" start="2024-05-01T17:13:16.355229" elapsed="0.000419"/>
</kw>
<kw name="Dictionary Should Contain Key" owner="Collections">
<msg time="2024-05-01T17:13:16.356314" level="INFO">False</msg>
<arg>${json_data['results'][0]['login']}</arg>
<arg>${keyTwo}</arg>
<doc>Fails if ``key`` is not found from ``dictionary``.</doc>
<status status="PASS" start="2024-05-01T17:13:16.355936" elapsed="0.000415"/>
</kw>
<kw name="Log" owner="BuiltIn">
<msg time="2024-05-01T17:13:16.356765" level="INFO">username</msg>
<arg>${keyTwo}</arg>
<doc>Logs the given message with the given level.</doc>
<status status="PASS" start="2024-05-01T17:13:16.356640" elapsed="0.000167"/>
</kw>
<var name="${keyTwo}">username</var>
<status status="PASS" start="2024-05-01T17:13:16.355120" elapsed="0.001900"/>
</iter>
<iter>
<kw name="Dictionary Should Contain Key" owner="Collections">
<msg time="2024-05-01T17:13:16.357790" level="INFO">False</msg>
<arg>${json_data['results'][0]['login']}</arg>
<arg>${keyTwo}</arg>
<doc>Fails if ``key`` is not found from ``dictionary``.</doc>
<status status="PASS" start="2024-05-01T17:13:16.357298" elapsed="0.000546"/>
</kw>
<kw name="Dictionary Should Contain Key" owner="Collections">
<msg time="2024-05-01T17:13:16.358522" level="INFO">False</msg>
<arg>${json_data['results'][0]['login']}</arg>
<arg>${keyTwo}</arg>
<doc>Fails if ``key`` is not found from ``dictionary``.</doc>
<status status="PASS" start="2024-05-01T17:13:16.358143" elapsed="0.000416"/>
</kw>
<kw name="Log" owner="BuiltIn">
<msg time="2024-05-01T17:13:16.358977" level="INFO">password</msg>
<arg>${keyTwo}</arg>
<doc>Logs the given message with the given level.</doc>
<status status="PASS" start="2024-05-01T17:13:16.358851" elapsed="0.000163"/>
</kw>
<var name="${keyTwo}">password</var>
<status status="PASS" start="2024-05-01T17:13:16.357190" elapsed="0.002039"/>
</iter>
<var>${keyTwo}</var>
<value>@{expected_keysTwo}</value>
<status status="PASS" start="2024-05-01T17:13:16.354971" elapsed="0.004380"/>
</for>
<status status="PASS" start="2024-05-01T17:13:16.293594" elapsed="0.065897"/>
</kw>
<doc>Testa a estrutura da resposta da API.</doc>
<tag>testeEstruturaResposta</tag>
<status status="PASS" start="2024-05-01T17:13:16.293085" elapsed="0.066556"/>
</test>
<test id="s1-s1-t4" name="Validar tipos de dados" line="28">
<kw name="Teste de Tipos de Dados" owner="random-user-service">
<kw name="GET On Session" owner="RequestsLibrary">
<msg time="2024-05-01T17:13:16.435575" level="INFO">GET Request : url=https://randomuser.me/api 
 path_url=/api 
 headers={'User-Agent': 'python-requests/2.31.0', 'Accept-Encoding': 'gzip, deflate', 'Accept': '*/*', 'Connection': 'keep-alive'} 
 body=None 
 </msg>
<msg time="2024-05-01T17:13:16.435667" level="INFO">GET Response : url=https://randomuser.me/api 
 status=200, reason=OK 
 headers={'Date': 'Wed, 01 May 2024 17:13:16 GMT', 'Content-Type': 'application/json; charset=utf-8', 'Transfer-Encoding': 'chunked', 'Connection': 'keep-alive', 'X-Powered-By': 'Express', 'Access-Control-Allow-Origin': '*', 'Cache-Control': 'no-cache', 'ETag': 'W/"492-boQYp4W+D4bp1dJvpK7/ibRrKgg"', 'Vary': 'Accept-Encoding', 'Content-Encoding': 'gzip', 'CF-Cache-Status': 'DYNAMIC', 'Report-To': '{"endpoints":[{"url":"https:\\/\\/a.nel.cloudflare.com\\/report\\/v4?s=UmfKb%2BqWtYhCqR1ee800KZ%2BoGhp9PSVv6mJU%2BW6S9hPaghHJoT9d601G225e1zF7o7igm9ttgO3Q%2BYj5ENKqdUMkKI0l2cMSHXEO0%2FSnGiFHxtUwzk6pDmoWW7V6%2Bq3i"}],"group":"cf-nel","max_age":604800}', 'NEL': '{"success_fraction":0,"report_to":"cf-nel","max_age":604800}', 'Server': 'cloudflare', 'CF-RAY': '87d166b54dca2082-IAD', 'alt-svc': 'h3=":443"; ma=86400'} 
 body={"results":[{"gender":"female","name":{"title":"Mrs","first":"Kübra","last":"Tanrıkulu"},"location":{"street":{"number":6700,"name":"Şehitler Cd"},"city":"Uşak","state":"Mardin","country":"Turkey","postcode":49700,"coordinates":{"latitude":"72.4384","longitude":"173.4214"},"timezone":{"offset":"-6:00","description":"Central Time (US &amp; Canada), Mexico City"}},"email":"kubra.tanrikulu@example.com","login":{"uuid":"8c83a5c9-7aeb-4387-ba29-7d7042b83955","username":"orangeladybug882","password":"benji","salt":"Q6SnFE8N","md5":"ee71e251f712bfbdd229712af66d335c","sha1":"b416a5c6ae98992e34928b4c7939b83db4686490","sha256":"1a3739a69d3118bb3393535e13409ec0de2e921e449afccc0980310592f44cd8"},"dob":{"date":"1970-06-13T02:42:34.909Z","age":53},"registered":{"date":"2002-04-28T00:14:53.854Z","age":22},"phone":"(165)-263-3110","cell":"(485)-274-3078","id":{"name":"","value":null},"picture":{"large":"https://randomuser.me/api/portraits/women/24.jpg","medium":"https://randomuser.me/api/portraits/med/women/24.jpg","thumbnail":"https://randomuser.me/api/portraits/thumb/women/24.jpg"},"nat":"TR"}],"info":{"seed":"b4cedde9a6eb9605","results":1,"page":1,"version":"1.4"}} 
 </msg>
<msg time="2024-05-01T17:13:16.435745" level="INFO">/opt/hostedtoolcache/Python/3.12.3/x64/lib/python3.12/site-packages/urllib3/connectionpool.py:1103: InsecureRequestWarning: Unverified HTTPS request is being made to host 'randomuser.me'. Adding certificate verification is strongly advised. See: https://urllib3.readthedocs.io/en/latest/advanced-usage.html#tls-warnings
  warnings.warn(</msg>
<msg time="2024-05-01T17:13:16.435883" level="INFO">${response} = &lt;Response [200]&gt;</msg>
<var>${response}</var>
<arg>consultarAPI</arg>
<arg>/api</arg>
<doc>Sends a GET request on a previously created HTTP Session.</doc>
<status status="PASS" start="2024-05-01T17:13:16.362094" elapsed="0.073840"/>
</kw>
<kw name="Set Variable" owner="BuiltIn">
<msg time="2024-05-01T17:13:16.436929" level="INFO">${json_data} = {'results': [{'gender': 'female', 'name': {'title': 'Mrs', 'first': 'Kübra', 'last': 'Tanrıkulu'}, 'location': {'street': {'number': 6700, 'name': 'Şehitler Cd'}, 'city': 'Uşak', 'state': 'Mardin', 'c...</msg>
<var>${json_data}</var>
<arg>${response.json()}</arg>
<doc>Returns the given values which can then be assigned to a variables.</doc>
<status status="PASS" start="2024-05-01T17:13:16.436430" elapsed="0.000529"/>
</kw>
<kw name="Log" owner="BuiltIn">
<msg time="2024-05-01T17:13:16.437422" level="INFO">{'results': [{'gender': 'female', 'name': {'title': 'Mrs', 'first': 'Kübra', 'last': 'Tanrıkulu'}, 'location': {'street': {'number': 6700, 'name': 'Şehitler Cd'}, 'city': 'Uşak', 'state': 'Mardin', 'country': 'Turkey', 'postcode': 49700, 'coordinates': {'latitude': '72.4384', 'longitude': '173.4214'}, 'timezone': {'offset': '-6:00', 'description': 'Central Time (US &amp; Canada), Mexico City'}}, 'email': 'kubra.tanrikulu@example.com', 'login': {'uuid': '8c83a5c9-7aeb-4387-ba29-7d7042b83955', 'username': 'orangeladybug882', 'password': 'benji', 'salt': 'Q6SnFE8N', 'md5': 'ee71e251f712bfbdd229712af66d335c', 'sha1': 'b416a5c6ae98992e34928b4c7939b83db4686490', 'sha256': '1a3739a69d3118bb3393535e13409ec0de2e921e449afccc0980310592f44cd8'}, 'dob': {'date': '1970-06-13T02:42:34.909Z', 'age': 53}, 'registered': {'date': '2002-04-28T00:14:53.854Z', 'age': 22}, 'phone': '(165)-263-3110', 'cell': '(485)-274-3078', 'id': {'name': '', 'value': None}, 'picture': {'large': 'https://randomuser.me/api/portraits/women/24.jpg', 'medium': 'https://randomuser.me/api/portraits/med/women/24.jpg', 'thumbnail': 'https://randomuser.me/api/portraits/thumb/women/24.jpg'}, 'nat': 'TR'}], 'info': {'seed': 'b4cedde9a6eb9605', 'results': 1, 'page': 1, 'version': '1.4'}}</msg>
<arg>${json_data}</arg>
<doc>Logs the given message with the given level.</doc>
<status status="PASS" start="2024-05-01T17:13:16.437265" elapsed="0.000247"/>
</kw>
<kw name="Should Be String" owner="String">
<arg>${json_data['results'][0]['gender']}</arg>
<doc>Fails if the given ``item`` is not a string.</doc>
<status status="PASS" start="2024-05-01T17:13:16.437850" elapsed="0.000369"/>
</kw>
<kw name="Should Match Regexp" owner="BuiltIn">
<arg>${json_data['results'][0]['email']}</arg>
<arg>^[a-zA-Z0-9._%+-]+@[a-zA-Z0-9.-]+\.[a-zA-Z]{2,}$</arg>
<doc>Fails if ``string`` does not match ``pattern`` as a regular expression.</doc>
<status status="PASS" start="2024-05-01T17:13:16.438407" elapsed="0.000514"/>
</kw>
<kw name="Should Match Regexp" owner="BuiltIn">
<arg>${json_data['results'][0]['dob']['date']}</arg>
<arg>\\d{4}-\\d{2}-\\d{2}T\\d{2}:\\d{2}:\\d{2}\\.\\d{3}Z</arg>
<doc>Fails if ``string`` does not match ``pattern`` as a regular expression.</doc>
<status status="PASS" start="2024-05-01T17:13:16.439113" elapsed="0.000496"/>
</kw>
<kw name="Should Match Regexp" owner="BuiltIn">
<arg>${json_data['results'][0]['registered']['date']}</arg>
<arg>\\d{4}-\\d{2}-\\d{2}T\\d{2}:\\d{2}:\\d{2}\\.\\d{3}Z</arg>
<doc>Fails if ``string`` does not match ``pattern`` as a regular expression.</doc>
<status status="PASS" start="2024-05-01T17:13:16.439799" elapsed="0.000363"/>
</kw>
<kw name="Should Match Regexp" owner="BuiltIn">
<arg>${json_data['results'][0]['picture']['large']}</arg>
<arg>^https?://.*\.(?:png|jpe?g|gif|bmp)$</arg>
<doc>Fails if ``string`` does not match ``pattern`` as a regular expression.</doc>
<status status="PASS" start="2024-05-01T17:13:16.440351" elapsed="0.000457"/>
</kw>
<kw name="Should Match Regexp" owner="BuiltIn">
<arg>${json_data['results'][0]['picture']['medium']}</arg>
<arg>^https?://.*\.(?:png|jpe?g|gif|bmp)$</arg>
<doc>Fails if ``string`` does not match ``pattern`` as a regular expression.</doc>
<status status="PASS" start="2024-05-01T17:13:16.440991" elapsed="0.000354"/>
</kw>
<kw name="Should Match Regexp" owner="BuiltIn">
<arg>${json_data['results'][0]['picture']['thumbnail']}</arg>
<arg>^https?://.*\.(?:png|jpe?g|gif|bmp)$</arg>
<doc>Fails if ``string`` does not match ``pattern`` as a regular expression.</doc>
<status status="PASS" start="2024-05-01T17:13:16.441532" elapsed="0.000379"/>
</kw>
<kw name="Log" owner="BuiltIn">
<msg time="2024-05-01T17:13:16.442414" level="INFO">{'large': 'https://randomuser.me/api/portraits/women/24.jpg', 'medium': 'https://randomuser.me/api/portraits/med/women/24.jpg', 'thumbnail': 'https://randomuser.me/api/portraits/thumb/women/24.jpg'}</msg>
<arg>${json_data['results'][0]['picture']}</arg>
<doc>Logs the given message with the given level.</doc>
<status status="PASS" start="2024-05-01T17:13:16.442092" elapsed="0.000363"/>
</kw>
<status status="PASS" start="2024-05-01T17:13:16.361867" elapsed="0.080837"/>
</kw>
<kw name="Teste de Tipos de Dados - Postcode" owner="random-user-service">
<kw name="GET On Session" owner="RequestsLibrary">
<msg time="2024-05-01T17:13:16.566778" level="INFO">GET Request : url=https://randomuser.me/api 
 path_url=/api 
 headers={'User-Agent': 'python-requests/2.31.0', 'Accept-Encoding': 'gzip, deflate', 'Accept': '*/*', 'Connection': 'keep-alive'} 
 body=None 
 </msg>
<msg time="2024-05-01T17:13:16.566875" level="INFO">GET Response : url=https://randomuser.me/api 
 status=200, reason=OK 
 headers={'Date': 'Wed, 01 May 2024 17:13:16 GMT', 'Content-Type': 'application/json; charset=utf-8', 'Transfer-Encoding': 'chunked', 'Connection': 'keep-alive', 'X-Powered-By': 'Express', 'Access-Control-Allow-Origin': '*', 'Cache-Control': 'no-cache', 'ETag': 'W/"482-vLriR7dm2o1kNRM0Hi6gAI5EfEs"', 'Vary': 'Accept-Encoding', 'Content-Encoding': 'gzip', 'CF-Cache-Status': 'DYNAMIC', 'Report-To': '{"endpoints":[{"url":"https:\\/\\/a.nel.cloudflare.com\\/report\\/v4?s=sIT3EBQHy9DRxeHKKSX3peUFqfXpKG%2FiE23%2BVTYbrzh3E%2BbRh6kgK2SJL5VK6JsMqqbR80afwig70lnPLRPjnxRn%2F6WibIHgeRv4gpH14tPQvVYl1VqXgNpRj2cusaLP"}],"group":"cf-nel","max_age":604800}', 'NEL': '{"success_fraction":0,"report_to":"cf-nel","max_age":604800}', 'Server': 'cloudflare', 'CF-RAY': '87d166b5de522082-IAD', 'alt-svc': 'h3=":443"; ma=86400'} 
 body={"results":[{"gender":"male","name":{"title":"Mr","first":"Oleksandr","last":"Belonenko"},"location":{"street":{"number":2162,"name":"Rayduzhna"},"city":"Orihiv","state":"Harkivska","country":"Ukraine","postcode":93273,"coordinates":{"latitude":"80.3549","longitude":"-31.0553"},"timezone":{"offset":"+2:00","description":"Kaliningrad, South Africa"}},"email":"oleksandr.belonenko@example.com","login":{"uuid":"9083cade-01ed-44c1-bc02-4ff8d1ff8dae","username":"beautifuldog380","password":"rugby1","salt":"bf4ZrWe9","md5":"02f57ebae23d8494c0e0670f120e6a60","sha1":"81f22a17d9670bd95f7311a23e3c0c91d938e1b9","sha256":"cc5fdece5ad019eab988e185a822ebae76925f5f24e13a7475a65c2fe3b612fe"},"dob":{"date":"1998-05-31T06:12:03.731Z","age":25},"registered":{"date":"2021-12-29T01:59:22.895Z","age":2},"phone":"(098) C99-5869","cell":"(066) W34-1030","id":{"name":"","value":null},"picture":{"large":"https://randomuser.me/api/portraits/men/52.jpg","medium":"https://randomuser.me/api/portraits/med/men/52.jpg","thumbnail":"https://randomuser.me/api/portraits/thumb/men/52.jpg"},"nat":"UA"}],"info":{"seed":"3d1d824310cb3556","results":1,"page":1,"version":"1.4"}} 
 </msg>
<msg time="2024-05-01T17:13:16.566942" level="INFO">/opt/hostedtoolcache/Python/3.12.3/x64/lib/python3.12/site-packages/urllib3/connectionpool.py:1103: InsecureRequestWarning: Unverified HTTPS request is being made to host 'randomuser.me'. Adding certificate verification is strongly advised. See: https://urllib3.readthedocs.io/en/latest/advanced-usage.html#tls-warnings
  warnings.warn(</msg>
<msg time="2024-05-01T17:13:16.567083" level="INFO">${response} = &lt;Response [200]&gt;</msg>
<var>${response}</var>
<arg>consultarAPI</arg>
<arg>/api</arg>
<doc>Sends a GET request on a previously created HTTP Session.</doc>
<status status="PASS" start="2024-05-01T17:13:16.443155" elapsed="0.123972"/>
</kw>
<kw name="Set Variable" owner="BuiltIn">
<msg time="2024-05-01T17:13:16.568148" level="INFO">${json_data} = {'results': [{'gender': 'male', 'name': {'title': 'Mr', 'first': 'Oleksandr', 'last': 'Belonenko'}, 'location': {'street': {'number': 2162, 'name': 'Rayduzhna'}, 'city': 'Orihiv', 'state': 'Harkivska'...</msg>
<var>${json_data}</var>
<arg>${response.json()}</arg>
<doc>Returns the given values which can then be assigned to a variables.</doc>
<status status="PASS" start="2024-05-01T17:13:16.567622" elapsed="0.000553"/>
</kw>
<kw name="Log" owner="BuiltIn">
<msg time="2024-05-01T17:13:16.568638" level="INFO">{'results': [{'gender': 'male', 'name': {'title': 'Mr', 'first': 'Oleksandr', 'last': 'Belonenko'}, 'location': {'street': {'number': 2162, 'name': 'Rayduzhna'}, 'city': 'Orihiv', 'state': 'Harkivska', 'country': 'Ukraine', 'postcode': 93273, 'coordinates': {'latitude': '80.3549', 'longitude': '-31.0553'}, 'timezone': {'offset': '+2:00', 'description': 'Kaliningrad, South Africa'}}, 'email': 'oleksandr.belonenko@example.com', 'login': {'uuid': '9083cade-01ed-44c1-bc02-4ff8d1ff8dae', 'username': 'beautifuldog380', 'password': 'rugby1', 'salt': 'bf4ZrWe9', 'md5': '02f57ebae23d8494c0e0670f120e6a60', 'sha1': '81f22a17d9670bd95f7311a23e3c0c91d938e1b9', 'sha256': 'cc5fdece5ad019eab988e185a822ebae76925f5f24e13a7475a65c2fe3b612fe'}, 'dob': {'date': '1998-05-31T06:12:03.731Z', 'age': 25}, 'registered': {'date': '2021-12-29T01:59:22.895Z', 'age': 2}, 'phone': '(098) C99-5869', 'cell': '(066) W34-1030', 'id': {'name': '', 'value': None}, 'picture': {'large': 'https://randomuser.me/api/portraits/men/52.jpg', 'medium': 'https://randomuser.me/api/portraits/med/men/52.jpg', 'thumbnail': 'https://randomuser.me/api/portraits/thumb/men/52.jpg'}, 'nat': 'UA'}], 'info': {'seed': '3d1d824310cb3556', 'results': 1, 'page': 1, 'version': '1.4'}}</msg>
<arg>${json_data}</arg>
<doc>Logs the given message with the given level.</doc>
<status status="PASS" start="2024-05-01T17:13:16.568483" elapsed="0.000236"/>
</kw>
<kw name="Should Be Equal As Numbers" owner="BuiltIn">
<arg>${json_data['results'][0]['location']['postcode']}</arg>
<arg>${json_data['results'][0]['location']['postcode']}</arg>
<doc>Fails if objects are unequal after converting them to real numbers.</doc>
<status status="PASS" start="2024-05-01T17:13:16.569192" elapsed="0.000672"/>
</kw>
<kw name="Log" owner="BuiltIn">
<msg time="2024-05-01T17:13:16.570397" level="INFO">93273</msg>
<arg>${json_data['results'][0]['location']['postcode']}</arg>
<doc>Logs the given message with the given level.</doc>
<status status="PASS" start="2024-05-01T17:13:16.570057" elapsed="0.000380"/>
</kw>
<status status="PASS" start="2024-05-01T17:13:16.442932" elapsed="0.127760"/>
</kw>
<doc>Testa se os tipos de dados na resposta da API estão corretos.</doc>
<tag>testeTiposDados</tag>
<status status="PASS" start="2024-05-01T17:13:16.361400" elapsed="0.209459"/>
</test>
<test id="s1-s1-t5" name="Validar conteudo" line="35">
<kw name="Teste de Tipos de Conteudo" owner="random-user-service">
<kw name="GET On Session" owner="RequestsLibrary">
<msg time="2024-05-01T17:13:16.637282" level="INFO">GET Request : url=https://randomuser.me/api 
 path_url=/api 
 headers={'User-Agent': 'python-requests/2.31.0', 'Accept-Encoding': 'gzip, deflate', 'Accept': '*/*', 'Connection': 'keep-alive'} 
 body=None 
 </msg>
<msg time="2024-05-01T17:13:16.637376" level="INFO">GET Response : url=https://randomuser.me/api 
 status=200, reason=OK 
 headers={'Date': 'Wed, 01 May 2024 17:13:16 GMT', 'Content-Type': 'application/json; charset=utf-8', 'Transfer-Encoding': 'chunked', 'Connection': 'keep-alive', 'X-Powered-By': 'Express', 'Access-Control-Allow-Origin': '*', 'Cache-Control': 'no-cache', 'ETag': 'W/"494-ppxipOuP+eHKfHGB9K3yQ62wAmU"', 'Vary': 'Accept-Encoding', 'Content-Encoding': 'gzip', 'CF-Cache-Status': 'DYNAMIC', 'Report-To': '{"endpoints":[{"url":"https:\\/\\/a.nel.cloudflare.com\\/report\\/v4?s=hzt2laGlHzLyWBqscVbUFdOFTWcCse8x7cFK6M91Jua9nzODU7gPftvUghYhgDeqz4Ud7CtnRAKgWUCj%2Fq8eFrzuR%2Fvv5%2BDcBAdob0X3Xown%2FVdl0hWdTpTmMy7qstzT"}],"group":"cf-nel","max_age":604800}', 'NEL': '{"success_fraction":0,"report_to":"cf-nel","max_age":604800}', 'Server': 'cloudflare', 'CF-RAY': '87d166b6af5a2082-IAD', 'alt-svc': 'h3=":443"; ma=86400'} 
 body={"results":[{"gender":"male","name":{"title":"Mr","first":"Gleb","last":"Yaroslav Kozak"},"location":{"street":{"number":5341,"name":"Derevlyanska"},"city":"Dubrovicya","state":"Donecka","country":"Ukraine","postcode":26957,"coordinates":{"latitude":"74.8465","longitude":"-153.9049"},"timezone":{"offset":"+3:00","description":"Baghdad, Riyadh, Moscow, St. Petersburg"}},"email":"gleb.yaroslavkozak@example.com","login":{"uuid":"3f884433-8130-4d59-8cec-6c280396b82f","username":"tinyrabbit487","password":"rivera","salt":"HgncYvJr","md5":"b6d41eb5d3038beb920b25eef840ef00","sha1":"ea70f769fdc95eb7b0136b6181d4eb8836b402bc","sha256":"22ee2118d5477ebed4ecb334439aee348c465542dcef1b8201697c4c81eaed5c"},"dob":{"date":"1988-10-29T01:09:55.769Z","age":35},"registered":{"date":"2004-12-03T16:16:00.526Z","age":19},"phone":"(066) F54-7519","cell":"(067) E42-8015","id":{"name":"","value":null},"picture":{"large":"https://randomuser.me/api/portraits/men/55.jpg","medium":"https://randomuser.me/api/portraits/med/men/55.jpg","thumbnail":"https://randomuser.me/api/portraits/thumb/men/55.jpg"},"nat":"UA"}],"info":{"seed":"bb51056bf0cd2f5b","results":1,"page":1,"version":"1.4"}} 
 </msg>
<msg time="2024-05-01T17:13:16.637450" level="INFO">/opt/hostedtoolcache/Python/3.12.3/x64/lib/python3.12/site-packages/urllib3/connectionpool.py:1103: InsecureRequestWarning: Unverified HTTPS request is being made to host 'randomuser.me'. Adding certificate verification is strongly advised. See: https://urllib3.readthedocs.io/en/latest/advanced-usage.html#tls-warnings
  warnings.warn(</msg>
<msg time="2024-05-01T17:13:16.637590" level="INFO">${response} = &lt;Response [200]&gt;</msg>
<var>${response}</var>
<arg>consultarAPI</arg>
<arg>/api</arg>
<doc>Sends a GET request on a previously created HTTP Session.</doc>
<status status="PASS" start="2024-05-01T17:13:16.573292" elapsed="0.064350"/>
</kw>
<kw name="Set Variable" owner="BuiltIn">
<msg time="2024-05-01T17:13:16.638580" level="INFO">${json_data} = {'results': [{'gender': 'male', 'name': {'title': 'Mr', 'first': 'Gleb', 'last': 'Yaroslav Kozak'}, 'location': {'street': {'number': 5341, 'name': 'Derevlyanska'}, 'city': 'Dubrovicya', 'state': 'Don...</msg>
<var>${json_data}</var>
<arg>${response.json()}</arg>
<doc>Returns the given values which can then be assigned to a variables.</doc>
<status status="PASS" start="2024-05-01T17:13:16.638104" elapsed="0.000504"/>
</kw>
<kw name="Set Variable" owner="BuiltIn">
<msg time="2024-05-01T17:13:16.639304" level="INFO">${name_title} = Mr</msg>
<var>${name_title}</var>
<arg>${json_data["results"][0]["name"]["title"]}</arg>
<doc>Returns the given values which can then be assigned to a variables.</doc>
<status status="PASS" start="2024-05-01T17:13:16.638917" elapsed="0.000411"/>
</kw>
<kw name="Create List" owner="BuiltIn">
<msg time="2024-05-01T17:13:16.639770" level="INFO">${allowed_titles} = ['Mr', 'Ms', 'Miss', 'Mrs', 'Madame', 'Monsieur']</msg>
<var>${allowed_titles}</var>
<arg>Mr</arg>
<arg>Ms</arg>
<arg>Miss</arg>
<arg>Mrs</arg>
<arg>Madame</arg>
<arg>Monsieur</arg>
<doc>Returns a list containing given items.</doc>
<status status="PASS" start="2024-05-01T17:13:16.639625" elapsed="0.000169"/>
</kw>
<kw name="List Should Contain Value" owner="Collections">
<msg time="2024-05-01T17:13:16.640261" level="INFO">False</msg>
<arg>${allowed_titles}</arg>
<arg>${name_title}</arg>
<doc>Fails if the ``value`` is not found from ``list``.</doc>
<status status="PASS" start="2024-05-01T17:13:16.640087" elapsed="0.000210"/>
</kw>
<kw name="Set Variable" owner="BuiltIn">
<msg time="2024-05-01T17:13:16.640955" level="INFO">${name_country} = UA</msg>
<var>${name_country}</var>
<arg>${json_data["results"][0]["nat"]}</arg>
<doc>Returns the given values which can then be assigned to a variables.</doc>
<status status="PASS" start="2024-05-01T17:13:16.640583" elapsed="0.000396"/>
</kw>
<kw name="Create List" owner="BuiltIn">
<msg time="2024-05-01T17:13:16.641903" level="INFO">${list_country} = ['AD', 'AE', 'AF', 'AG', 'AI', 'AL', 'AM', 'AO', 'AQ', 'AR', 'AS', 'AT', 'AU', 'AW', 'AX', 'AZ', 'BA', 'BB', 'BD', 'BE', 'BF', 'BG', 'BH', 'BI', 'BJ', 'BL', 'BM', 'BN', 'BO', 'BQ', 'BR', 'BS', 'BT', '...</msg>
<var>${list_country}</var>
<arg>AD</arg>
<arg>AE</arg>
<arg>AF</arg>
<arg>AG</arg>
<arg>AI</arg>
<arg>AL</arg>
<arg>AM</arg>
<arg>AO</arg>
<arg>AQ</arg>
<arg>AR</arg>
<arg>AS</arg>
<arg>AT</arg>
<arg>AU</arg>
<arg>AW</arg>
<arg>AX</arg>
<arg>AZ</arg>
<arg>BA</arg>
<arg>BB</arg>
<arg>BD</arg>
<arg>BE</arg>
<arg>BF</arg>
<arg>BG</arg>
<arg>BH</arg>
<arg>BI</arg>
<arg>BJ</arg>
<arg>BL</arg>
<arg>BM</arg>
<arg>BN</arg>
<arg>BO</arg>
<arg>BQ</arg>
<arg>BR</arg>
<arg>BS</arg>
<arg>BT</arg>
<arg>BV</arg>
<arg>BW</arg>
<arg>BY</arg>
<arg>BZ</arg>
<arg>CA</arg>
<arg>CC</arg>
<arg>CD</arg>
<arg>CF</arg>
<arg>CG</arg>
<arg>CH</arg>
<arg>CI</arg>
<arg>CK</arg>
<arg>CL</arg>
<arg>CM</arg>
<arg>CN</arg>
<arg>CO</arg>
<arg>CR</arg>
<arg>CU</arg>
<arg>CV</arg>
<arg>CW</arg>
<arg>CX</arg>
<arg>CY</arg>
<arg>CZ</arg>
<arg>DE</arg>
<arg>DJ</arg>
<arg>DK</arg>
<arg>DM</arg>
<arg>DO</arg>
<arg>DZ</arg>
<arg>EC</arg>
<arg>EE</arg>
<arg>EG</arg>
<arg>EH</arg>
<arg>ER</arg>
<arg>ES</arg>
<arg>ET</arg>
<arg>FI</arg>
<arg>FJ</arg>
<arg>FK</arg>
<arg>FM</arg>
<arg>FO</arg>
<arg>FR</arg>
<arg>GA</arg>
<arg>GB</arg>
<arg>GD</arg>
<arg>GE</arg>
<arg>GF</arg>
<arg>GG</arg>
<arg>GH</arg>
<arg>GI</arg>
<arg>GL</arg>
<arg>GM</arg>
<arg>GN</arg>
<arg>GP</arg>
<arg>GQ</arg>
<arg>GR</arg>
<arg>GS</arg>
<arg>GT</arg>
<arg>GU</arg>
<arg>GW</arg>
<arg>GY</arg>
<arg>HK</arg>
<arg>HM</arg>
<arg>HN</arg>
<arg>HR</arg>
<arg>HT</arg>
<arg>HU</arg>
<arg>ID</arg>
<arg>IE</arg>
<arg>IL</arg>
<arg>IM</arg>
<arg>IN</arg>
<arg>IO</arg>
<arg>IQ</arg>
<arg>IR</arg>
<arg>IS</arg>
<arg>IT</arg>
<arg>JE</arg>
<arg>JM</arg>
<arg>JO</arg>
<arg>JP</arg>
<arg>KE</arg>
<arg>KG</arg>
<arg>KH</arg>
<arg>KI</arg>
<arg>KM</arg>
<arg>KN</arg>
<arg>KP</arg>
<arg>KR</arg>
<arg>KW</arg>
<arg>KY</arg>
<arg>KZ</arg>
<arg>LA</arg>
<arg>LB</arg>
<arg>LC</arg>
<arg>LI</arg>
<arg>LK</arg>
<arg>LR</arg>
<arg>LS</arg>
<arg>LT</arg>
<arg>LU</arg>
<arg>LV</arg>
<arg>LY</arg>
<arg>MA</arg>
<arg>MC</arg>
<arg>MD</arg>
<arg>ME</arg>
<arg>MF</arg>
<arg>MG</arg>
<arg>MH</arg>
<arg>MK</arg>
<arg>ML</arg>
<arg>MM</arg>
<arg>MN</arg>
<arg>MO</arg>
<arg>MP</arg>
<arg>MQ</arg>
<arg>MR</arg>
<arg>MS</arg>
<arg>MT</arg>
<arg>MU</arg>
<arg>MV</arg>
<arg>MW</arg>
<arg>MX</arg>
<arg>MY</arg>
<arg>MZ</arg>
<arg>NA</arg>
<arg>NC</arg>
<arg>NE</arg>
<arg>NF</arg>
<arg>NG</arg>
<arg>NI</arg>
<arg>NL</arg>
<arg>NO</arg>
<arg>NP</arg>
<arg>NR</arg>
<arg>NU</arg>
<arg>NZ</arg>
<arg>OM</arg>
<arg>PA</arg>
<arg>PE</arg>
<arg>PF</arg>
<arg>PG</arg>
<arg>PH</arg>
<arg>PK</arg>
<arg>PL</arg>
<arg>PM</arg>
<arg>PN</arg>
<arg>PR</arg>
<arg>PS</arg>
<arg>PT</arg>
<arg>PW</arg>
<arg>PY</arg>
<arg>QA</arg>
<arg>RE</arg>
<arg>RO</arg>
<arg>RS</arg>
<arg>RU</arg>
<arg>RW</arg>
<arg>SA</arg>
<arg>SB</arg>
<arg>SC</arg>
<arg>SD</arg>
<arg>SE</arg>
<arg>SG</arg>
<arg>SH</arg>
<arg>SI</arg>
<arg>SJ</arg>
<arg>SK</arg>
<arg>SL</arg>
<arg>SM</arg>
<arg>SN</arg>
<arg>SO</arg>
<arg>SR</arg>
<arg>SS</arg>
<arg>ST</arg>
<arg>SV</arg>
<arg>SX</arg>
<arg>SY</arg>
<arg>SZ</arg>
<arg>TC</arg>
<arg>TD</arg>
<arg>TF</arg>
<arg>TG</arg>
<arg>TH</arg>
<arg>TJ</arg>
<arg>TK</arg>
<arg>TL</arg>
<arg>TM</arg>
<arg>TN</arg>
<arg>TO</arg>
<arg>TR</arg>
<arg>TT</arg>
<arg>TV</arg>
<arg>TW</arg>
<arg>TZ</arg>
<arg>UA</arg>
<arg>UG</arg>
<arg>UM</arg>
<arg>US</arg>
<arg>UY</arg>
<arg>UZ</arg>
<arg>VA</arg>
<arg>VC</arg>
<arg>VE</arg>
<arg>VG</arg>
<arg>VI</arg>
<arg>VN</arg>
<arg>VU</arg>
<arg>WF</arg>
<arg>WS</arg>
<arg>XK</arg>
<arg>YE</arg>
<arg>YT</arg>
<arg>ZA</arg>
<arg>ZM</arg>
<arg>ZW</arg>
<doc>Returns a list containing given items.</doc>
<status status="PASS" start="2024-05-01T17:13:16.641276" elapsed="0.000654"/>
</kw>
<kw name="List Should Contain Value" owner="Collections">
<msg time="2024-05-01T17:13:16.642918" level="INFO">False</msg>
<arg>${list_country}</arg>
<arg>${name_country}</arg>
<doc>Fails if the ``value`` is not found from ``list``.</doc>
<status status="PASS" start="2024-05-01T17:13:16.642716" elapsed="0.000238"/>
</kw>
<kw name="Run Keyword If" owner="BuiltIn">
<kw name="Should Be True" owner="BuiltIn">
<arg>${True}</arg>
<doc>Fails if the given condition is not true.</doc>
<status status="PASS" start="2024-05-01T17:13:16.644016" elapsed="0.000250"/>
</kw>
<arg>${json_data["results"][0]["location"]["coordinates"]["latitude"]} &gt;= -90 and ${json_data["results"][0]["location"]["coordinates"]["latitude"]} &lt;= 90</arg>
<arg>Should Be True</arg>
<arg>${True}</arg>
<doc>Runs the given keyword with the given arguments, if ``condition`` is true.</doc>
<status status="PASS" start="2024-05-01T17:13:16.643264" elapsed="0.001132"/>
</kw>
<kw name="Run Keyword If" owner="BuiltIn">
<kw name="Should Be True" owner="BuiltIn">
<arg>${True}</arg>
<doc>Fails if the given condition is not true.</doc>
<status status="PASS" start="2024-05-01T17:13:16.645290" elapsed="0.000137"/>
</kw>
<arg>${json_data["results"][0]["location"]["coordinates"]["longitude"]} &gt;= -180 and ${json_data["results"][0]["location"]["coordinates"]["longitude"]} &lt;= 180</arg>
<arg>Should Be True</arg>
<arg>${True}</arg>
<doc>Runs the given keyword with the given arguments, if ``condition`` is true.</doc>
<status status="PASS" start="2024-05-01T17:13:16.644583" elapsed="0.000966"/>
</kw>
<status status="PASS" start="2024-05-01T17:13:16.573068" elapsed="0.072610"/>
</kw>
<doc>Testa o conteúdo específico dos campos retornados pela API.</doc>
<tag>testeConteudo</tag>
<status status="PASS" start="2024-05-01T17:13:16.572616" elapsed="0.073235"/>
</test>
<status status="PASS" start="2024-05-01T17:13:15.498184" elapsed="1.149692"/>
</suite>
<status status="PASS" start="2024-05-01T17:13:15.484194" elapsed="1.168821"/>
</suite>
<statistics>
<total>
<stat pass="5" fail="0" skip="0">All Tests</stat>
</total>
<tag>
<stat pass="1" fail="0" skip="0">testeConteudo</stat>
<stat pass="1" fail="0" skip="0">testeEstruturaResposta</stat>
<stat pass="1" fail="0" skip="0">testeRequisicaoBasica</stat>
<stat pass="1" fail="0" skip="0">testeTiposDados</stat>
</tag>
<suite>
<stat pass="5" fail="0" skip="0" id="s1" name="Tests">Tests</stat>
<stat pass="5" fail="0" skip="0" id="s1-s1" name="Random-User-Test">Tests.Random-User-Test</stat>
</suite>
</statistics>
<errors>
</errors>
</robot>
