<?xml version="1.0" encoding="UTF-8"?>
<robot generator="Robot 7.0.1 (Python 3.12.4 on linux)" generated="2024-07-14T18:27:42.188339" rpa="false" schemaversion="5">
<suite id="s1" name="Tests" source="/home/runner/work/ApiRandomUser/ApiRandomUser/RamdonUser/tests">
<suite id="s1-s1" name="Random-User-Test" source="/home/runner/work/ApiRandomUser/ApiRandomUser/RamdonUser/tests/random-user-test.robot">
<test id="s1-s1-t1" name="Conectar" line="13">
<kw name="Conectar API" owner="random-user-service">
<kw name="Create Session" owner="RequestsLibrary">
<msg time="2024-07-14T18:27:42.592751" level="INFO">Creating Session using : alias=consultarAPI, url=https://randomuser.me/, headers={},                     cookies={}, auth=None, timeout=None, proxies=None, verify=False,                     debug=0 </msg>
<arg>consultarAPI</arg>
<arg>${URL}</arg>
<doc>Create Session: create a HTTP session to a server</doc>
<status status="PASS" start="2024-07-14T18:27:42.592529" elapsed="0.000429"/>
</kw>
<status status="PASS" start="2024-07-14T18:27:42.591497" elapsed="0.001851"/>
</kw>
<status status="PASS" start="2024-07-14T18:27:42.590796" elapsed="0.002752"/>
</test>
<test id="s1-s1-t2" name="Validar retorno 200 e JSON Válido" line="16">
<kw name="Teste de Requisicao Basica" owner="random-user-service">
<kw name="GET On Session" owner="RequestsLibrary">
<msg time="2024-07-14T18:27:42.995078" level="INFO">GET Request : url=https://randomuser.me/api 
 path_url=/api 
 headers={'User-Agent': 'python-requests/2.32.3', 'Accept-Encoding': 'gzip, deflate', 'Accept': '*/*', 'Connection': 'keep-alive'} 
 body=None 
 </msg>
<msg time="2024-07-14T18:27:42.995237" level="INFO">GET Response : url=https://randomuser.me/api 
 status=200, reason=OK 
 headers={'Date': 'Sun, 14 Jul 2024 18:27:42 GMT', 'Content-Type': 'application/json; charset=utf-8', 'Transfer-Encoding': 'chunked', 'Connection': 'keep-alive', 'X-Powered-By': 'Express', 'Access-Control-Allow-Origin': '*', 'Cache-Control': 'no-cache', 'ETag': 'W/"4a1-/kwF2i/L/P6eWhlPWj7qzwSBSsk"', 'Vary': 'Accept-Encoding', 'Content-Encoding': 'gzip', 'CF-Cache-Status': 'DYNAMIC', 'Report-To': '{"endpoints":[{"url":"https:\\/\\/a.nel.cloudflare.com\\/report\\/v4?s=iQvWc7WsgXqWNiH2HUXpmLfd8NBWVbQzP%2BvjNvB2xLp5sH5snxtbFajffFEmXj%2FH5LbkNYUxbi1EeNtmydRyMznT5N6tScsUEVT4A9HUwcMGh32X34qIgsPRfMeHc5MU"}],"group":"cf-nel","max_age":604800}', 'NEL': '{"success_fraction":0,"report_to":"cf-nel","max_age":604800}', 'Server': 'cloudflare', 'CF-RAY': '8a3391807ee62d5e-ORD', 'alt-svc': 'h3=":443"; ma=86400'} 
 body={"results":[{"gender":"female","name":{"title":"Mrs","first":"Grace","last":"Rhodes"},"location":{"street":{"number":4621,"name":"Springfield Road"},"city":"Carlow","state":"Dún Laoghaire–Rathdown","country":"Ireland","postcode":39389,"coordinates":{"latitude":"3.4089","longitude":"76.4805"},"timezone":{"offset":"-3:00","description":"Brazil, Buenos Aires, Georgetown"}},"email":"grace.rhodes@example.com","login":{"uuid":"6c857c23-5abd-4158-9ffd-9e47ec975a7f","username":"smallmeercat892","password":"wrinkle1","salt":"QTZfvHZ9","md5":"4a4806f0f1cb5fe791b4c23b69440e2a","sha1":"acca8d9585e8e97a12c5278e0072a2eda91ab988","sha256":"dfd0ffbf2000cc9274cedb638564615a47f9d94efd44d4d236987081b4609930"},"dob":{"date":"1960-05-28T04:26:54.904Z","age":64},"registered":{"date":"2011-04-23T11:42:24.775Z","age":13},"phone":"061-643-6495","cell":"081-740-4830","id":{"name":"PPS","value":"1261503T"},"picture":{"large":"https://randomuser.me/api/portraits/women/87.jpg","medium":"https://randomuser.me/api/portraits/med/women/87.jpg","thumbnail":"https://randomuser.me/api/portraits/thumb/women/87.jpg"},"nat":"IE"}],"info":{"seed":"c6b261a014e5cfe7","results":1,"page":1,"version":"1.4"}} 
 </msg>
<msg time="2024-07-14T18:27:42.995324" level="INFO">/opt/hostedtoolcache/Python/3.12.4/x64/lib/python3.12/site-packages/urllib3/connectionpool.py:1099: InsecureRequestWarning: Unverified HTTPS request is being made to host 'randomuser.me'. Adding certificate verification is strongly advised. See: https://urllib3.readthedocs.io/en/latest/advanced-usage.html#tls-warnings
  warnings.warn(</msg>
<msg time="2024-07-14T18:27:42.995467" level="INFO">${response} = &lt;Response [200]&gt;</msg>
<var>${response}</var>
<arg>consultarAPI</arg>
<arg>/api</arg>
<doc>Sends a GET request on a previously created HTTP Session.</doc>
<status status="PASS" start="2024-07-14T18:27:42.596361" elapsed="0.399154"/>
</kw>
<kw name="Should Be Equal As Numbers" owner="BuiltIn">
<msg time="2024-07-14T18:27:42.996545" level="INFO">Argument types are:
&lt;class 'int'&gt;
&lt;class 'str'&gt;</msg>
<arg>${response.status_code}</arg>
<arg>200</arg>
<doc>Fails if objects are unequal after converting them to real numbers.</doc>
<status status="PASS" start="2024-07-14T18:27:42.996082" elapsed="0.000530"/>
</kw>
<kw name="Log" owner="BuiltIn">
<msg time="2024-07-14T18:27:42.997299" level="INFO">200</msg>
<arg>${response.status_code}</arg>
<doc>Logs the given message with the given level.</doc>
<status status="PASS" start="2024-07-14T18:27:42.996941" elapsed="0.000402"/>
</kw>
<kw name="Set Variable" owner="BuiltIn">
<msg time="2024-07-14T18:27:42.998152" level="INFO">${json_data} = {'results': [{'gender': 'female', 'name': {'title': 'Mrs', 'first': 'Grace', 'last': 'Rhodes'}, 'location': {'street': {'number': 4621, 'name': 'Springfield Road'}, 'city': 'Carlow', 'state': 'Dún Lao...</msg>
<var>${json_data}</var>
<arg>${response.json()}</arg>
<doc>Returns the given values which can then be assigned to a variables.</doc>
<status status="PASS" start="2024-07-14T18:27:42.997659" elapsed="0.000523"/>
</kw>
<kw name="Dictionary Should Contain Key" owner="Collections">
<arg>${json_data}</arg>
<arg>results</arg>
<doc>Fails if ``key`` is not found from ``dictionary``.</doc>
<status status="PASS" start="2024-07-14T18:27:42.998487" elapsed="0.000168"/>
</kw>
<status status="PASS" start="2024-07-14T18:27:42.596092" elapsed="0.402715"/>
</kw>
<doc>Testa se a API responde corretamente e retorna um objeto JSON válido.</doc>
<tag>testeRequisicaoBasica</tag>
<status status="PASS" start="2024-07-14T18:27:42.595502" elapsed="0.403490"/>
</test>
<test id="s1-s1-t3" name="Validar estrutura de resposta" line="22">
<kw name="Teste de Estrutura de Resposta" owner="random-user-service">
<kw name="GET On Session" owner="RequestsLibrary">
<msg time="2024-07-14T18:27:43.229883" level="INFO">GET Request : url=https://randomuser.me/api 
 path_url=/api 
 headers={'User-Agent': 'python-requests/2.32.3', 'Accept-Encoding': 'gzip, deflate', 'Accept': '*/*', 'Connection': 'keep-alive'} 
 body=None 
 </msg>
<msg time="2024-07-14T18:27:43.230041" level="INFO">GET Response : url=https://randomuser.me/api 
 status=200, reason=OK 
 headers={'Date': 'Sun, 14 Jul 2024 18:27:43 GMT', 'Content-Type': 'application/json; charset=utf-8', 'Transfer-Encoding': 'chunked', 'Connection': 'keep-alive', 'X-Powered-By': 'Express', 'Access-Control-Allow-Origin': '*', 'Cache-Control': 'no-cache', 'ETag': 'W/"49b-OAEebp7w4xpoFB2/UuPy/ngHesk"', 'Vary': 'Accept-Encoding', 'Content-Encoding': 'gzip', 'CF-Cache-Status': 'DYNAMIC', 'Report-To': '{"endpoints":[{"url":"https:\\/\\/a.nel.cloudflare.com\\/report\\/v4?s=LD7wJSErxjSQmc7xcRR7Q8JOAS9flLhU3lmOwx0%2F2vl3GSDlpp2tWiZZfnyIfAJvq3JrwN%2BwIZ7MXHbGC%2FWeaD3XuqBJ3x8%2Blwo%2BSWFh5hzOpCLO4Xuh5RUSjlxHMXAy"}],"group":"cf-nel","max_age":604800}', 'NEL': '{"success_fraction":0,"report_to":"cf-nel","max_age":604800}', 'Server': 'cloudflare', 'CF-RAY': '8a339181c80b2d5e-ORD', 'alt-svc': 'h3=":443"; ma=86400'} 
 body={"results":[{"gender":"female","name":{"title":"Miss","first":"Jade","last":"Johnson"},"location":{"street":{"number":7368,"name":"Alfred St"},"city":"Selkirk","state":"New Brunswick","country":"Canada","postcode":"P3M 9D0","coordinates":{"latitude":"-70.1862","longitude":"93.2570"},"timezone":{"offset":"-5:00","description":"Eastern Time (US &amp; Canada), Bogota, Lima"}},"email":"jade.johnson@example.com","login":{"uuid":"8713b2b4-d011-413e-acf0-f7a7a062ec08","username":"angrywolf527","password":"veronica","salt":"bheem34U","md5":"9542c2f0cec503ac81be7bb69fe34dfe","sha1":"7a7e7353ac9078a5f2c34400dc5bbe1e3c4ac9dd","sha256":"afa415fd85d7a4abdbe9c573dbc66bbfef2ea6916f187860918df226bdee8db1"},"dob":{"date":"1982-07-06T17:06:35.866Z","age":42},"registered":{"date":"2011-07-24T16:09:51.669Z","age":12},"phone":"A41 X70-5065","cell":"A18 O24-8406","id":{"name":"SIN","value":"513491597"},"picture":{"large":"https://randomuser.me/api/portraits/women/62.jpg","medium":"https://randomuser.me/api/portraits/med/women/62.jpg","thumbnail":"https://randomuser.me/api/portraits/thumb/women/62.jpg"},"nat":"CA"}],"info":{"seed":"e0c408d91dbed15f","results":1,"page":1,"version":"1.4"}} 
 </msg>
<msg time="2024-07-14T18:27:43.230179" level="INFO">/opt/hostedtoolcache/Python/3.12.4/x64/lib/python3.12/site-packages/urllib3/connectionpool.py:1099: InsecureRequestWarning: Unverified HTTPS request is being made to host 'randomuser.me'. Adding certificate verification is strongly advised. See: https://urllib3.readthedocs.io/en/latest/advanced-usage.html#tls-warnings
  warnings.warn(</msg>
<msg time="2024-07-14T18:27:43.230310" level="INFO">${response} = &lt;Response [200]&gt;</msg>
<var>${response}</var>
<arg>consultarAPI</arg>
<arg>/api</arg>
<doc>Sends a GET request on a previously created HTTP Session.</doc>
<status status="PASS" start="2024-07-14T18:27:43.001771" elapsed="0.228582"/>
</kw>
<kw name="Set Variable" owner="BuiltIn">
<msg time="2024-07-14T18:27:43.231534" level="INFO">${json_data} = {'results': [{'gender': 'female', 'name': {'title': 'Miss', 'first': 'Jade', 'last': 'Johnson'}, 'location': {'street': {'number': 7368, 'name': 'Alfred St'}, 'city': 'Selkirk', 'state': 'New Brunswic...</msg>
<var>${json_data}</var>
<arg>${response.json()}</arg>
<doc>Returns the given values which can then be assigned to a variables.</doc>
<status status="PASS" start="2024-07-14T18:27:43.230963" elapsed="0.000601"/>
</kw>
<kw name="Log" owner="BuiltIn">
<msg time="2024-07-14T18:27:43.232049" level="INFO">{'results': [{'gender': 'female', 'name': {'title': 'Miss', 'first': 'Jade', 'last': 'Johnson'}, 'location': {'street': {'number': 7368, 'name': 'Alfred St'}, 'city': 'Selkirk', 'state': 'New Brunswick', 'country': 'Canada', 'postcode': 'P3M 9D0', 'coordinates': {'latitude': '-70.1862', 'longitude': '93.2570'}, 'timezone': {'offset': '-5:00', 'description': 'Eastern Time (US &amp; Canada), Bogota, Lima'}}, 'email': 'jade.johnson@example.com', 'login': {'uuid': '8713b2b4-d011-413e-acf0-f7a7a062ec08', 'username': 'angrywolf527', 'password': 'veronica', 'salt': 'bheem34U', 'md5': '9542c2f0cec503ac81be7bb69fe34dfe', 'sha1': '7a7e7353ac9078a5f2c34400dc5bbe1e3c4ac9dd', 'sha256': 'afa415fd85d7a4abdbe9c573dbc66bbfef2ea6916f187860918df226bdee8db1'}, 'dob': {'date': '1982-07-06T17:06:35.866Z', 'age': 42}, 'registered': {'date': '2011-07-24T16:09:51.669Z', 'age': 12}, 'phone': 'A41 X70-5065', 'cell': 'A18 O24-8406', 'id': {'name': 'SIN', 'value': '513491597'}, 'picture': {'large': 'https://randomuser.me/api/portraits/women/62.jpg', 'medium': 'https://randomuser.me/api/portraits/med/women/62.jpg', 'thumbnail': 'https://randomuser.me/api/portraits/thumb/women/62.jpg'}, 'nat': 'CA'}], 'info': {'seed': 'e0c408d91dbed15f', 'results': 1, 'page': 1, 'version': '1.4'}}</msg>
<arg>${json_data}</arg>
<doc>Logs the given message with the given level.</doc>
<status status="PASS" start="2024-07-14T18:27:43.231888" elapsed="0.000212"/>
</kw>
<kw name="Dictionary Should Contain Key" owner="Collections">
<arg>${json_data}</arg>
<arg>results</arg>
<doc>Fails if ``key`` is not found from ``dictionary``.</doc>
<status status="PASS" start="2024-07-14T18:27:43.232390" elapsed="0.000160"/>
</kw>
<kw name="Should Not Be Empty" owner="BuiltIn">
<msg time="2024-07-14T18:27:43.232873" level="INFO">Length is 2.</msg>
<arg>${json_data}</arg>
<doc>Verifies that the given item is not empty.</doc>
<status status="PASS" start="2024-07-14T18:27:43.232732" elapsed="0.000181"/>
</kw>
<kw name="Create List" owner="BuiltIn">
<msg time="2024-07-14T18:27:43.233530" level="INFO">${expected_keys} = ['gender', 'name', 'location', 'email', 'login']</msg>
<var>${expected_keys}</var>
<arg>gender</arg>
<arg>name</arg>
<arg>location</arg>
<arg>email</arg>
<arg>login</arg>
<doc>Returns a list containing given items.</doc>
<status status="PASS" start="2024-07-14T18:27:43.233212" elapsed="0.000344"/>
</kw>
<for flavor="IN">
<iter>
<kw name="Dictionary Should Contain Key" owner="Collections">
<arg>${json_data['results'][0]}</arg>
<arg>${key}</arg>
<doc>Fails if ``key`` is not found from ``dictionary``.</doc>
<status status="PASS" start="2024-07-14T18:27:43.234204" elapsed="0.000416"/>
</kw>
<kw name="Log" owner="BuiltIn">
<msg time="2024-07-14T18:27:43.235169" level="INFO">{'gender': 'female', 'name': {'title': 'Miss', 'first': 'Jade', 'last': 'Johnson'}, 'location': {'street': {'number': 7368, 'name': 'Alfred St'}, 'city': 'Selkirk', 'state': 'New Brunswick', 'country': 'Canada', 'postcode': 'P3M 9D0', 'coordinates': {'latitude': '-70.1862', 'longitude': '93.2570'}, 'timezone': {'offset': '-5:00', 'description': 'Eastern Time (US &amp; Canada), Bogota, Lima'}}, 'email': 'jade.johnson@example.com', 'login': {'uuid': '8713b2b4-d011-413e-acf0-f7a7a062ec08', 'username': 'angrywolf527', 'password': 'veronica', 'salt': 'bheem34U', 'md5': '9542c2f0cec503ac81be7bb69fe34dfe', 'sha1': '7a7e7353ac9078a5f2c34400dc5bbe1e3c4ac9dd', 'sha256': 'afa415fd85d7a4abdbe9c573dbc66bbfef2ea6916f187860918df226bdee8db1'}, 'dob': {'date': '1982-07-06T17:06:35.866Z', 'age': 42}, 'registered': {'date': '2011-07-24T16:09:51.669Z', 'age': 12}, 'phone': 'A41 X70-5065', 'cell': 'A18 O24-8406', 'id': {'name': 'SIN', 'value': '513491597'}, 'picture': {'large': 'https://randomuser.me/api/portraits/women/62.jpg', 'medium': 'https://randomuser.me/api/portraits/med/women/62.jpg', 'thumbnail': 'https://randomuser.me/api/portraits/thumb/women/62.jpg'}, 'nat': 'CA'}</msg>
<arg>${json_data['results'][0]}</arg>
<doc>Logs the given message with the given level.</doc>
<status status="PASS" start="2024-07-14T18:27:43.234809" elapsed="0.000411"/>
</kw>
<kw name="Log" owner="BuiltIn">
<msg time="2024-07-14T18:27:43.235658" level="INFO">gender</msg>
<arg>${key}</arg>
<doc>Logs the given message with the given level.</doc>
<status status="PASS" start="2024-07-14T18:27:43.235527" elapsed="0.000169"/>
</kw>
<var name="${key}">gender</var>
<status status="PASS" start="2024-07-14T18:27:43.234073" elapsed="0.001844"/>
</iter>
<iter>
<kw name="Dictionary Should Contain Key" owner="Collections">
<arg>${json_data['results'][0]}</arg>
<arg>${key}</arg>
<doc>Fails if ``key`` is not found from ``dictionary``.</doc>
<status status="PASS" start="2024-07-14T18:27:43.236217" elapsed="0.000389"/>
</kw>
<kw name="Log" owner="BuiltIn">
<msg time="2024-07-14T18:27:43.237187" level="INFO">{'gender': 'female', 'name': {'title': 'Miss', 'first': 'Jade', 'last': 'Johnson'}, 'location': {'street': {'number': 7368, 'name': 'Alfred St'}, 'city': 'Selkirk', 'state': 'New Brunswick', 'country': 'Canada', 'postcode': 'P3M 9D0', 'coordinates': {'latitude': '-70.1862', 'longitude': '93.2570'}, 'timezone': {'offset': '-5:00', 'description': 'Eastern Time (US &amp; Canada), Bogota, Lima'}}, 'email': 'jade.johnson@example.com', 'login': {'uuid': '8713b2b4-d011-413e-acf0-f7a7a062ec08', 'username': 'angrywolf527', 'password': 'veronica', 'salt': 'bheem34U', 'md5': '9542c2f0cec503ac81be7bb69fe34dfe', 'sha1': '7a7e7353ac9078a5f2c34400dc5bbe1e3c4ac9dd', 'sha256': 'afa415fd85d7a4abdbe9c573dbc66bbfef2ea6916f187860918df226bdee8db1'}, 'dob': {'date': '1982-07-06T17:06:35.866Z', 'age': 42}, 'registered': {'date': '2011-07-24T16:09:51.669Z', 'age': 12}, 'phone': 'A41 X70-5065', 'cell': 'A18 O24-8406', 'id': {'name': 'SIN', 'value': '513491597'}, 'picture': {'large': 'https://randomuser.me/api/portraits/women/62.jpg', 'medium': 'https://randomuser.me/api/portraits/med/women/62.jpg', 'thumbnail': 'https://randomuser.me/api/portraits/thumb/women/62.jpg'}, 'nat': 'CA'}</msg>
<arg>${json_data['results'][0]}</arg>
<doc>Logs the given message with the given level.</doc>
<status status="PASS" start="2024-07-14T18:27:43.236789" elapsed="0.000449"/>
</kw>
<kw name="Log" owner="BuiltIn">
<msg time="2024-07-14T18:27:43.237668" level="INFO">name</msg>
<arg>${key}</arg>
<doc>Logs the given message with the given level.</doc>
<status status="PASS" start="2024-07-14T18:27:43.237537" elapsed="0.000169"/>
</kw>
<var name="${key}">name</var>
<status status="PASS" start="2024-07-14T18:27:43.236106" elapsed="0.001846"/>
</iter>
<iter>
<kw name="Dictionary Should Contain Key" owner="Collections">
<arg>${json_data['results'][0]}</arg>
<arg>${key}</arg>
<doc>Fails if ``key`` is not found from ``dictionary``.</doc>
<status status="PASS" start="2024-07-14T18:27:43.238245" elapsed="0.000377"/>
</kw>
<kw name="Log" owner="BuiltIn">
<msg time="2024-07-14T18:27:43.239152" level="INFO">{'gender': 'female', 'name': {'title': 'Miss', 'first': 'Jade', 'last': 'Johnson'}, 'location': {'street': {'number': 7368, 'name': 'Alfred St'}, 'city': 'Selkirk', 'state': 'New Brunswick', 'country': 'Canada', 'postcode': 'P3M 9D0', 'coordinates': {'latitude': '-70.1862', 'longitude': '93.2570'}, 'timezone': {'offset': '-5:00', 'description': 'Eastern Time (US &amp; Canada), Bogota, Lima'}}, 'email': 'jade.johnson@example.com', 'login': {'uuid': '8713b2b4-d011-413e-acf0-f7a7a062ec08', 'username': 'angrywolf527', 'password': 'veronica', 'salt': 'bheem34U', 'md5': '9542c2f0cec503ac81be7bb69fe34dfe', 'sha1': '7a7e7353ac9078a5f2c34400dc5bbe1e3c4ac9dd', 'sha256': 'afa415fd85d7a4abdbe9c573dbc66bbfef2ea6916f187860918df226bdee8db1'}, 'dob': {'date': '1982-07-06T17:06:35.866Z', 'age': 42}, 'registered': {'date': '2011-07-24T16:09:51.669Z', 'age': 12}, 'phone': 'A41 X70-5065', 'cell': 'A18 O24-8406', 'id': {'name': 'SIN', 'value': '513491597'}, 'picture': {'large': 'https://randomuser.me/api/portraits/women/62.jpg', 'medium': 'https://randomuser.me/api/portraits/med/women/62.jpg', 'thumbnail': 'https://randomuser.me/api/portraits/thumb/women/62.jpg'}, 'nat': 'CA'}</msg>
<arg>${json_data['results'][0]}</arg>
<doc>Logs the given message with the given level.</doc>
<status status="PASS" start="2024-07-14T18:27:43.238804" elapsed="0.000400"/>
</kw>
<kw name="Log" owner="BuiltIn">
<msg time="2024-07-14T18:27:43.239636" level="INFO">location</msg>
<arg>${key}</arg>
<doc>Logs the given message with the given level.</doc>
<status status="PASS" start="2024-07-14T18:27:43.239506" elapsed="0.000167"/>
</kw>
<var name="${key}">location</var>
<status status="PASS" start="2024-07-14T18:27:43.238135" elapsed="0.001756"/>
</iter>
<iter>
<kw name="Dictionary Should Contain Key" owner="Collections">
<arg>${json_data['results'][0]}</arg>
<arg>${key}</arg>
<doc>Fails if ``key`` is not found from ``dictionary``.</doc>
<status status="PASS" start="2024-07-14T18:27:43.240174" elapsed="0.000388"/>
</kw>
<kw name="Log" owner="BuiltIn">
<msg time="2024-07-14T18:27:43.241098" level="INFO">{'gender': 'female', 'name': {'title': 'Miss', 'first': 'Jade', 'last': 'Johnson'}, 'location': {'street': {'number': 7368, 'name': 'Alfred St'}, 'city': 'Selkirk', 'state': 'New Brunswick', 'country': 'Canada', 'postcode': 'P3M 9D0', 'coordinates': {'latitude': '-70.1862', 'longitude': '93.2570'}, 'timezone': {'offset': '-5:00', 'description': 'Eastern Time (US &amp; Canada), Bogota, Lima'}}, 'email': 'jade.johnson@example.com', 'login': {'uuid': '8713b2b4-d011-413e-acf0-f7a7a062ec08', 'username': 'angrywolf527', 'password': 'veronica', 'salt': 'bheem34U', 'md5': '9542c2f0cec503ac81be7bb69fe34dfe', 'sha1': '7a7e7353ac9078a5f2c34400dc5bbe1e3c4ac9dd', 'sha256': 'afa415fd85d7a4abdbe9c573dbc66bbfef2ea6916f187860918df226bdee8db1'}, 'dob': {'date': '1982-07-06T17:06:35.866Z', 'age': 42}, 'registered': {'date': '2011-07-24T16:09:51.669Z', 'age': 12}, 'phone': 'A41 X70-5065', 'cell': 'A18 O24-8406', 'id': {'name': 'SIN', 'value': '513491597'}, 'picture': {'large': 'https://randomuser.me/api/portraits/women/62.jpg', 'medium': 'https://randomuser.me/api/portraits/med/women/62.jpg', 'thumbnail': 'https://randomuser.me/api/portraits/thumb/women/62.jpg'}, 'nat': 'CA'}</msg>
<arg>${json_data['results'][0]}</arg>
<doc>Logs the given message with the given level.</doc>
<status status="PASS" start="2024-07-14T18:27:43.240750" elapsed="0.000398"/>
</kw>
<kw name="Log" owner="BuiltIn">
<msg time="2024-07-14T18:27:43.241575" level="INFO">email</msg>
<arg>${key}</arg>
<doc>Logs the given message with the given level.</doc>
<status status="PASS" start="2024-07-14T18:27:43.241443" elapsed="0.000172"/>
</kw>
<var name="${key}">email</var>
<status status="PASS" start="2024-07-14T18:27:43.240064" elapsed="0.001776"/>
</iter>
<iter>
<kw name="Dictionary Should Contain Key" owner="Collections">
<arg>${json_data['results'][0]}</arg>
<arg>${key}</arg>
<doc>Fails if ``key`` is not found from ``dictionary``.</doc>
<status status="PASS" start="2024-07-14T18:27:43.242171" elapsed="0.000391"/>
</kw>
<kw name="Log" owner="BuiltIn">
<msg time="2024-07-14T18:27:43.243101" level="INFO">{'gender': 'female', 'name': {'title': 'Miss', 'first': 'Jade', 'last': 'Johnson'}, 'location': {'street': {'number': 7368, 'name': 'Alfred St'}, 'city': 'Selkirk', 'state': 'New Brunswick', 'country': 'Canada', 'postcode': 'P3M 9D0', 'coordinates': {'latitude': '-70.1862', 'longitude': '93.2570'}, 'timezone': {'offset': '-5:00', 'description': 'Eastern Time (US &amp; Canada), Bogota, Lima'}}, 'email': 'jade.johnson@example.com', 'login': {'uuid': '8713b2b4-d011-413e-acf0-f7a7a062ec08', 'username': 'angrywolf527', 'password': 'veronica', 'salt': 'bheem34U', 'md5': '9542c2f0cec503ac81be7bb69fe34dfe', 'sha1': '7a7e7353ac9078a5f2c34400dc5bbe1e3c4ac9dd', 'sha256': 'afa415fd85d7a4abdbe9c573dbc66bbfef2ea6916f187860918df226bdee8db1'}, 'dob': {'date': '1982-07-06T17:06:35.866Z', 'age': 42}, 'registered': {'date': '2011-07-24T16:09:51.669Z', 'age': 12}, 'phone': 'A41 X70-5065', 'cell': 'A18 O24-8406', 'id': {'name': 'SIN', 'value': '513491597'}, 'picture': {'large': 'https://randomuser.me/api/portraits/women/62.jpg', 'medium': 'https://randomuser.me/api/portraits/med/women/62.jpg', 'thumbnail': 'https://randomuser.me/api/portraits/thumb/women/62.jpg'}, 'nat': 'CA'}</msg>
<arg>${json_data['results'][0]}</arg>
<doc>Logs the given message with the given level.</doc>
<status status="PASS" start="2024-07-14T18:27:43.242753" elapsed="0.000400"/>
</kw>
<kw name="Log" owner="BuiltIn">
<msg time="2024-07-14T18:27:43.243579" level="INFO">login</msg>
<arg>${key}</arg>
<doc>Logs the given message with the given level.</doc>
<status status="PASS" start="2024-07-14T18:27:43.243451" elapsed="0.000166"/>
</kw>
<var name="${key}">login</var>
<status status="PASS" start="2024-07-14T18:27:43.242055" elapsed="0.001778"/>
</iter>
<var>${key}</var>
<value>@{expected_keys}</value>
<status status="PASS" start="2024-07-14T18:27:43.233825" elapsed="0.010130"/>
</for>
<kw name="Create List" owner="BuiltIn">
<msg time="2024-07-14T18:27:43.244332" level="INFO">${expected_keysTwo} = ['username', 'password']</msg>
<var>${expected_keysTwo}</var>
<arg>username</arg>
<arg>password</arg>
<doc>Returns a list containing given items.</doc>
<status status="PASS" start="2024-07-14T18:27:43.244185" elapsed="0.000172"/>
</kw>
<for flavor="IN">
<iter>
<kw name="Dictionary Should Contain Key" owner="Collections">
<arg>${json_data['results'][0]['login']}</arg>
<arg>${keyTwo}</arg>
<doc>Fails if ``key`` is not found from ``dictionary``.</doc>
<status status="PASS" start="2024-07-14T18:27:43.244872" elapsed="0.000448"/>
</kw>
<kw name="Dictionary Should Contain Key" owner="Collections">
<arg>${json_data['results'][0]['login']}</arg>
<arg>${keyTwo}</arg>
<doc>Fails if ``key`` is not found from ``dictionary``.</doc>
<status status="PASS" start="2024-07-14T18:27:43.245503" elapsed="0.000377"/>
</kw>
<kw name="Log" owner="BuiltIn">
<msg time="2024-07-14T18:27:43.246240" level="INFO">username</msg>
<arg>${keyTwo}</arg>
<doc>Logs the given message with the given level.</doc>
<status status="PASS" start="2024-07-14T18:27:43.246115" elapsed="0.000162"/>
</kw>
<var name="${keyTwo}">username</var>
<status status="PASS" start="2024-07-14T18:27:43.244762" elapsed="0.001737"/>
</iter>
<iter>
<kw name="Dictionary Should Contain Key" owner="Collections">
<arg>${json_data['results'][0]['login']}</arg>
<arg>${keyTwo}</arg>
<doc>Fails if ``key`` is not found from ``dictionary``.</doc>
<status status="PASS" start="2024-07-14T18:27:43.246779" elapsed="0.000388"/>
</kw>
<kw name="Dictionary Should Contain Key" owner="Collections">
<arg>${json_data['results'][0]['login']}</arg>
<arg>${keyTwo}</arg>
<doc>Fails if ``key`` is not found from ``dictionary``.</doc>
<status status="PASS" start="2024-07-14T18:27:43.247346" elapsed="0.000371"/>
</kw>
<kw name="Log" owner="BuiltIn">
<msg time="2024-07-14T18:27:43.248016" level="INFO">password</msg>
<arg>${keyTwo}</arg>
<doc>Logs the given message with the given level.</doc>
<status status="PASS" start="2024-07-14T18:27:43.247895" elapsed="0.000163"/>
</kw>
<var name="${keyTwo}">password</var>
<status status="PASS" start="2024-07-14T18:27:43.246671" elapsed="0.001748"/>
</iter>
<var>${keyTwo}</var>
<value>@{expected_keysTwo}</value>
<status status="PASS" start="2024-07-14T18:27:43.244601" elapsed="0.003939"/>
</for>
<status status="PASS" start="2024-07-14T18:27:43.001515" elapsed="0.247168"/>
</kw>
<doc>Testa a estrutura da resposta da API.</doc>
<tag>testeEstruturaResposta</tag>
<status status="PASS" start="2024-07-14T18:27:43.000875" elapsed="0.247970"/>
</test>
<test id="s1-s1-t4" name="Validar tipos de dados" line="28">
<kw name="Teste de Tipos de Dados" owner="random-user-service">
<kw name="GET On Session" owner="RequestsLibrary">
<msg time="2024-07-14T18:27:43.490770" level="INFO">GET Request : url=https://randomuser.me/api 
 path_url=/api 
 headers={'User-Agent': 'python-requests/2.32.3', 'Accept-Encoding': 'gzip, deflate', 'Accept': '*/*', 'Connection': 'keep-alive'} 
 body=None 
 </msg>
<msg time="2024-07-14T18:27:43.490868" level="INFO">GET Response : url=https://randomuser.me/api 
 status=200, reason=OK 
 headers={'Date': 'Sun, 14 Jul 2024 18:27:43 GMT', 'Content-Type': 'application/json; charset=utf-8', 'Transfer-Encoding': 'chunked', 'Connection': 'keep-alive', 'X-Powered-By': 'Express', 'Access-Control-Allow-Origin': '*', 'Cache-Control': 'no-cache', 'ETag': 'W/"488-CytX5YGtQ0PZ/qL98dW6opsclWw"', 'Vary': 'Accept-Encoding', 'Content-Encoding': 'gzip', 'CF-Cache-Status': 'DYNAMIC', 'Report-To': '{"endpoints":[{"url":"https:\\/\\/a.nel.cloudflare.com\\/report\\/v4?s=Vm%2FuFtZZRXPU5rAk7EcJpD0tPzbZzl7eqer6TwpXg%2BaSJsGZQ0OCbtSBwv5elHTldaEo8Qzju%2F%2FuUfD5BefvVXH2vty%2F9KZINXWA7%2FaWPPPS8QQf39nXNujd3EBO1boR"}],"group":"cf-nel","max_age":604800}', 'NEL': '{"success_fraction":0,"report_to":"cf-nel","max_age":604800}', 'Server': 'cloudflare', 'CF-RAY': '8a339183594e2d5e-ORD', 'alt-svc': 'h3=":443"; ma=86400'} 
 body={"results":[{"gender":"female","name":{"title":"Miss","first":"Clara","last":"Brar"},"location":{"street":{"number":8629,"name":"Frederick Ave"},"city":"Kingston","state":"Manitoba","country":"Canada","postcode":"L2H 8C6","coordinates":{"latitude":"-71.7755","longitude":"50.9507"},"timezone":{"offset":"-1:00","description":"Azores, Cape Verde Islands"}},"email":"clara.brar@example.com","login":{"uuid":"5116d783-2cee-411e-9ea2-3046ec520e24","username":"blackduck104","password":"natalie","salt":"W46he5J5","md5":"98264d80133319fb49132e03cbcfb790","sha1":"3b4c34eb9a1bfc722321744f9c7ca7b2b10f8361","sha256":"0b294c80918db8381057336119b00fbb68d774f2b5c26e57003775c2447bbc34"},"dob":{"date":"1960-11-05T07:08:37.600Z","age":63},"registered":{"date":"2010-05-22T09:56:58.321Z","age":14},"phone":"U31 A91-3351","cell":"Q96 S00-6771","id":{"name":"SIN","value":"051463230"},"picture":{"large":"https://randomuser.me/api/portraits/women/90.jpg","medium":"https://randomuser.me/api/portraits/med/women/90.jpg","thumbnail":"https://randomuser.me/api/portraits/thumb/women/90.jpg"},"nat":"CA"}],"info":{"seed":"6c89aa7448287b4c","results":1,"page":1,"version":"1.4"}} 
 </msg>
<msg time="2024-07-14T18:27:43.490939" level="INFO">/opt/hostedtoolcache/Python/3.12.4/x64/lib/python3.12/site-packages/urllib3/connectionpool.py:1099: InsecureRequestWarning: Unverified HTTPS request is being made to host 'randomuser.me'. Adding certificate verification is strongly advised. See: https://urllib3.readthedocs.io/en/latest/advanced-usage.html#tls-warnings
  warnings.warn(</msg>
<msg time="2024-07-14T18:27:43.491079" level="INFO">${response} = &lt;Response [200]&gt;</msg>
<var>${response}</var>
<arg>consultarAPI</arg>
<arg>/api</arg>
<doc>Sends a GET request on a previously created HTTP Session.</doc>
<status status="PASS" start="2024-07-14T18:27:43.251480" elapsed="0.239639"/>
</kw>
<kw name="Set Variable" owner="BuiltIn">
<msg time="2024-07-14T18:27:43.492346" level="INFO">${json_data} = {'results': [{'gender': 'female', 'name': {'title': 'Miss', 'first': 'Clara', 'last': 'Brar'}, 'location': {'street': {'number': 8629, 'name': 'Frederick Ave'}, 'city': 'Kingston', 'state': 'Manitoba'...</msg>
<var>${json_data}</var>
<arg>${response.json()}</arg>
<doc>Returns the given values which can then be assigned to a variables.</doc>
<status status="PASS" start="2024-07-14T18:27:43.491766" elapsed="0.000614"/>
</kw>
<kw name="Log" owner="BuiltIn">
<msg time="2024-07-14T18:27:43.492867" level="INFO">{'results': [{'gender': 'female', 'name': {'title': 'Miss', 'first': 'Clara', 'last': 'Brar'}, 'location': {'street': {'number': 8629, 'name': 'Frederick Ave'}, 'city': 'Kingston', 'state': 'Manitoba', 'country': 'Canada', 'postcode': 'L2H 8C6', 'coordinates': {'latitude': '-71.7755', 'longitude': '50.9507'}, 'timezone': {'offset': '-1:00', 'description': 'Azores, Cape Verde Islands'}}, 'email': 'clara.brar@example.com', 'login': {'uuid': '5116d783-2cee-411e-9ea2-3046ec520e24', 'username': 'blackduck104', 'password': 'natalie', 'salt': 'W46he5J5', 'md5': '98264d80133319fb49132e03cbcfb790', 'sha1': '3b4c34eb9a1bfc722321744f9c7ca7b2b10f8361', 'sha256': '0b294c80918db8381057336119b00fbb68d774f2b5c26e57003775c2447bbc34'}, 'dob': {'date': '1960-11-05T07:08:37.600Z', 'age': 63}, 'registered': {'date': '2010-05-22T09:56:58.321Z', 'age': 14}, 'phone': 'U31 A91-3351', 'cell': 'Q96 S00-6771', 'id': {'name': 'SIN', 'value': '051463230'}, 'picture': {'large': 'https://randomuser.me/api/portraits/women/90.jpg', 'medium': 'https://randomuser.me/api/portraits/med/women/90.jpg', 'thumbnail': 'https://randomuser.me/api/portraits/thumb/women/90.jpg'}, 'nat': 'CA'}], 'info': {'seed': '6c89aa7448287b4c', 'results': 1, 'page': 1, 'version': '1.4'}}</msg>
<arg>${json_data}</arg>
<doc>Logs the given message with the given level.</doc>
<status status="PASS" start="2024-07-14T18:27:43.492709" elapsed="0.000206"/>
</kw>
<kw name="Should Be String" owner="String">
<arg>${json_data['results'][0]['gender']}</arg>
<doc>Fails if the given ``item`` is not a string.</doc>
<status status="PASS" start="2024-07-14T18:27:43.493211" elapsed="0.000363"/>
</kw>
<kw name="Should Match Regexp" owner="BuiltIn">
<arg>${json_data['results'][0]['email']}</arg>
<arg>^[a-zA-Z0-9._%+-]+@[a-zA-Z0-9.-]+\.[a-zA-Z]{2,}$</arg>
<doc>Fails if ``string`` does not match ``pattern`` as a regular expression.</doc>
<status status="PASS" start="2024-07-14T18:27:43.493804" elapsed="0.000596"/>
</kw>
<kw name="Should Match Regexp" owner="BuiltIn">
<arg>${json_data['results'][0]['dob']['date']}</arg>
<arg>\\d{4}-\\d{2}-\\d{2}T\\d{2}:\\d{2}:\\d{2}\\.\\d{3}Z</arg>
<doc>Fails if ``string`` does not match ``pattern`` as a regular expression.</doc>
<status status="PASS" start="2024-07-14T18:27:43.494598" elapsed="0.000479"/>
</kw>
<kw name="Should Match Regexp" owner="BuiltIn">
<arg>${json_data['results'][0]['registered']['date']}</arg>
<arg>\\d{4}-\\d{2}-\\d{2}T\\d{2}:\\d{2}:\\d{2}\\.\\d{3}Z</arg>
<doc>Fails if ``string`` does not match ``pattern`` as a regular expression.</doc>
<status status="PASS" start="2024-07-14T18:27:43.495267" elapsed="0.000366"/>
</kw>
<kw name="Should Match Regexp" owner="BuiltIn">
<arg>${json_data['results'][0]['picture']['large']}</arg>
<arg>^https?://.*\.(?:png|jpe?g|gif|bmp)$</arg>
<doc>Fails if ``string`` does not match ``pattern`` as a regular expression.</doc>
<status status="PASS" start="2024-07-14T18:27:43.495819" elapsed="0.000459"/>
</kw>
<kw name="Should Match Regexp" owner="BuiltIn">
<arg>${json_data['results'][0]['picture']['medium']}</arg>
<arg>^https?://.*\.(?:png|jpe?g|gif|bmp)$</arg>
<doc>Fails if ``string`` does not match ``pattern`` as a regular expression.</doc>
<status status="PASS" start="2024-07-14T18:27:43.496466" elapsed="0.000349"/>
</kw>
<kw name="Should Match Regexp" owner="BuiltIn">
<arg>${json_data['results'][0]['picture']['thumbnail']}</arg>
<arg>^https?://.*\.(?:png|jpe?g|gif|bmp)$</arg>
<doc>Fails if ``string`` does not match ``pattern`` as a regular expression.</doc>
<status status="PASS" start="2024-07-14T18:27:43.496995" elapsed="0.000347"/>
</kw>
<kw name="Log" owner="BuiltIn">
<msg time="2024-07-14T18:27:43.497863" level="INFO">{'large': 'https://randomuser.me/api/portraits/women/90.jpg', 'medium': 'https://randomuser.me/api/portraits/med/women/90.jpg', 'thumbnail': 'https://randomuser.me/api/portraits/thumb/women/90.jpg'}</msg>
<arg>${json_data['results'][0]['picture']}</arg>
<doc>Logs the given message with the given level.</doc>
<status status="PASS" start="2024-07-14T18:27:43.497526" elapsed="0.000379"/>
</kw>
<status status="PASS" start="2024-07-14T18:27:43.251244" elapsed="0.246963"/>
</kw>
<kw name="Teste de Tipos de Dados - Postcode" owner="random-user-service">
<kw name="GET On Session" owner="RequestsLibrary">
<msg time="2024-07-14T18:27:43.592655" level="INFO">GET Request : url=https://randomuser.me/api 
 path_url=/api 
 headers={'User-Agent': 'python-requests/2.32.3', 'Accept-Encoding': 'gzip, deflate', 'Accept': '*/*', 'Connection': 'keep-alive'} 
 body=None 
 </msg>
<msg time="2024-07-14T18:27:43.592761" level="INFO">GET Response : url=https://randomuser.me/api 
 status=200, reason=OK 
 headers={'Date': 'Sun, 14 Jul 2024 18:27:43 GMT', 'Content-Type': 'application/json; charset=utf-8', 'Transfer-Encoding': 'chunked', 'Connection': 'keep-alive', 'X-Powered-By': 'Express', 'Access-Control-Allow-Origin': '*', 'Cache-Control': 'no-cache', 'ETag': 'W/"466-bVNtqZSx0dLb3wfqZ68BmOHYZks"', 'Vary': 'Accept-Encoding', 'Content-Encoding': 'gzip', 'CF-Cache-Status': 'DYNAMIC', 'Report-To': '{"endpoints":[{"url":"https:\\/\\/a.nel.cloudflare.com\\/report\\/v4?s=zJmh0e8ILukiuxn5Fn8jJcdFqCuh%2Fcx3HJpuwtnjA3zJLCJGHgGHtAjVB4cM4pnQ0bV85FcZOPlBmmvinp3hYZiNll86DyJkNBEvutgR4NHtKLkgg3lhb7%2BHx5snckhG"}],"group":"cf-nel","max_age":604800}', 'NEL': '{"success_fraction":0,"report_to":"cf-nel","max_age":604800}', 'Server': 'cloudflare', 'CF-RAY': '8a339184eade2d5e-ORD', 'alt-svc': 'h3=":443"; ma=86400'} 
 body={"results":[{"gender":"male","name":{"title":"Mr","first":"Luke","last":"Tucker"},"location":{"street":{"number":826,"name":"North Road"},"city":"Buncrana","state":"Longford","country":"Ireland","postcode":55638,"coordinates":{"latitude":"-2.6028","longitude":"-27.4234"},"timezone":{"offset":"+5:45","description":"Kathmandu"}},"email":"luke.tucker@example.com","login":{"uuid":"aeb17298-25a6-448c-ac2c-08a9dd283b4c","username":"bluerabbit106","password":"salami","salt":"kvNzrGWl","md5":"05870c119d378e3f386d25db0c8ef128","sha1":"5bb4dddf093bb9c1d205a63af5bb1209f288c889","sha256":"382ee084ee089ea1dfe9b9dce1599e5a16dab373c4facaa12c3ae6309bee08e4"},"dob":{"date":"1976-06-20T23:40:15.221Z","age":48},"registered":{"date":"2015-05-21T01:31:47.469Z","age":9},"phone":"061-815-1727","cell":"081-134-0950","id":{"name":"PPS","value":"6542216T"},"picture":{"large":"https://randomuser.me/api/portraits/men/57.jpg","medium":"https://randomuser.me/api/portraits/med/men/57.jpg","thumbnail":"https://randomuser.me/api/portraits/thumb/men/57.jpg"},"nat":"IE"}],"info":{"seed":"0e49ada33c9dc1ec","results":1,"page":1,"version":"1.4"}} 
 </msg>
<msg time="2024-07-14T18:27:43.592827" level="INFO">/opt/hostedtoolcache/Python/3.12.4/x64/lib/python3.12/site-packages/urllib3/connectionpool.py:1099: InsecureRequestWarning: Unverified HTTPS request is being made to host 'randomuser.me'. Adding certificate verification is strongly advised. See: https://urllib3.readthedocs.io/en/latest/advanced-usage.html#tls-warnings
  warnings.warn(</msg>
<msg time="2024-07-14T18:27:43.592951" level="INFO">${response} = &lt;Response [200]&gt;</msg>
<var>${response}</var>
<arg>consultarAPI</arg>
<arg>/api</arg>
<doc>Sends a GET request on a previously created HTTP Session.</doc>
<status status="PASS" start="2024-07-14T18:27:43.498710" elapsed="0.094282"/>
</kw>
<kw name="Set Variable" owner="BuiltIn">
<msg time="2024-07-14T18:27:43.594213" level="INFO">${json_data} = {'results': [{'gender': 'male', 'name': {'title': 'Mr', 'first': 'Luke', 'last': 'Tucker'}, 'location': {'street': {'number': 826, 'name': 'North Road'}, 'city': 'Buncrana', 'state': 'Longford', 'coun...</msg>
<var>${json_data}</var>
<arg>${response.json()}</arg>
<doc>Returns the given values which can then be assigned to a variables.</doc>
<status status="PASS" start="2024-07-14T18:27:43.593616" elapsed="0.000627"/>
</kw>
<kw name="Log" owner="BuiltIn">
<msg time="2024-07-14T18:27:43.594720" level="INFO">{'results': [{'gender': 'male', 'name': {'title': 'Mr', 'first': 'Luke', 'last': 'Tucker'}, 'location': {'street': {'number': 826, 'name': 'North Road'}, 'city': 'Buncrana', 'state': 'Longford', 'country': 'Ireland', 'postcode': 55638, 'coordinates': {'latitude': '-2.6028', 'longitude': '-27.4234'}, 'timezone': {'offset': '+5:45', 'description': 'Kathmandu'}}, 'email': 'luke.tucker@example.com', 'login': {'uuid': 'aeb17298-25a6-448c-ac2c-08a9dd283b4c', 'username': 'bluerabbit106', 'password': 'salami', 'salt': 'kvNzrGWl', 'md5': '05870c119d378e3f386d25db0c8ef128', 'sha1': '5bb4dddf093bb9c1d205a63af5bb1209f288c889', 'sha256': '382ee084ee089ea1dfe9b9dce1599e5a16dab373c4facaa12c3ae6309bee08e4'}, 'dob': {'date': '1976-06-20T23:40:15.221Z', 'age': 48}, 'registered': {'date': '2015-05-21T01:31:47.469Z', 'age': 9}, 'phone': '061-815-1727', 'cell': '081-134-0950', 'id': {'name': 'PPS', 'value': '6542216T'}, 'picture': {'large': 'https://randomuser.me/api/portraits/men/57.jpg', 'medium': 'https://randomuser.me/api/portraits/med/men/57.jpg', 'thumbnail': 'https://randomuser.me/api/portraits/thumb/men/57.jpg'}, 'nat': 'IE'}], 'info': {'seed': '0e49ada33c9dc1ec', 'results': 1, 'page': 1, 'version': '1.4'}}</msg>
<arg>${json_data}</arg>
<doc>Logs the given message with the given level.</doc>
<status status="PASS" start="2024-07-14T18:27:43.594557" elapsed="0.000212"/>
</kw>
<kw name="Should Be Equal As Numbers" owner="BuiltIn">
<arg>${json_data['results'][0]['location']['postcode']}</arg>
<arg>${json_data['results'][0]['location']['postcode']}</arg>
<doc>Fails if objects are unequal after converting them to real numbers.</doc>
<status status="PASS" start="2024-07-14T18:27:43.595063" elapsed="0.000619"/>
</kw>
<kw name="Log" owner="BuiltIn">
<msg time="2024-07-14T18:27:43.596379" level="INFO">55638</msg>
<arg>${json_data['results'][0]['location']['postcode']}</arg>
<doc>Logs the given message with the given level.</doc>
<status status="PASS" start="2024-07-14T18:27:43.595871" elapsed="0.000585"/>
</kw>
<status status="PASS" start="2024-07-14T18:27:43.498471" elapsed="0.098246"/>
</kw>
<doc>Testa se os tipos de dados na resposta da API estão corretos.</doc>
<tag>testeTiposDados</tag>
<status status="PASS" start="2024-07-14T18:27:43.250654" elapsed="0.346229"/>
</test>
<test id="s1-s1-t5" name="Validar conteudo" line="35">
<kw name="Teste de Tipos de Conteudo" owner="random-user-service">
<kw name="GET On Session" owner="RequestsLibrary">
<msg time="2024-07-14T18:27:43.668277" level="INFO">GET Request : url=https://randomuser.me/api 
 path_url=/api 
 headers={'User-Agent': 'python-requests/2.32.3', 'Accept-Encoding': 'gzip, deflate', 'Accept': '*/*', 'Connection': 'keep-alive'} 
 body=None 
 </msg>
<msg time="2024-07-14T18:27:43.668387" level="INFO">GET Response : url=https://randomuser.me/api 
 status=200, reason=OK 
 headers={'Date': 'Sun, 14 Jul 2024 18:27:43 GMT', 'Content-Type': 'application/json; charset=utf-8', 'Transfer-Encoding': 'chunked', 'Connection': 'keep-alive', 'X-Powered-By': 'Express', 'Access-Control-Allow-Origin': '*', 'Cache-Control': 'no-cache', 'ETag': 'W/"48c-YQslLV6HO03rPNDjd6t4MUVcNu0"', 'Vary': 'Accept-Encoding', 'Content-Encoding': 'gzip', 'CF-Cache-Status': 'DYNAMIC', 'Report-To': '{"endpoints":[{"url":"https:\\/\\/a.nel.cloudflare.com\\/report\\/v4?s=zWAhWxPFizZXfpIjKFQthwTQtmgnFTBDiQpgaBDgl7dtnhYDzr%2BMZl4ugqT5A2L2nOXEIKgyqe3bRgPSeLoSVVBuI3WCpXCL7sYL%2FiBgIMJ6AZcnPKtxTmNe2DeryMgZ"}],"group":"cf-nel","max_age":604800}', 'NEL': '{"success_fraction":0,"report_to":"cf-nel","max_age":604800}', 'Server': 'cloudflare', 'CF-RAY': '8a3391858b552d5e-ORD', 'alt-svc': 'h3=":443"; ma=86400'} 
 body={"results":[{"gender":"female","name":{"title":"Ms","first":"Sofia","last":"Porter"},"location":{"street":{"number":1941,"name":"Highfield Road"},"city":"Trim","state":"Roscommon","country":"Ireland","postcode":16349,"coordinates":{"latitude":"-3.8968","longitude":"33.8387"},"timezone":{"offset":"-6:00","description":"Central Time (US &amp; Canada), Mexico City"}},"email":"sofia.porter@example.com","login":{"uuid":"ebd335ec-103f-4c5a-87a7-35dc680b5650","username":"lazyduck402","password":"patty","salt":"do8VuOWD","md5":"0788c1a861b0a7b70b8bc325a06aabbb","sha1":"a7feae09d81630f613b61d66fe4da57f64a660f0","sha256":"c77c8aa8f5e842fd14173f852f9914e9a9c51457eb97e5a4833a06d421f363d7"},"dob":{"date":"1991-02-24T05:56:36.192Z","age":33},"registered":{"date":"2018-08-05T04:54:55.285Z","age":5},"phone":"041-073-4303","cell":"081-000-9650","id":{"name":"PPS","value":"2205563T"},"picture":{"large":"https://randomuser.me/api/portraits/women/39.jpg","medium":"https://randomuser.me/api/portraits/med/women/39.jpg","thumbnail":"https://randomuser.me/api/portraits/thumb/women/39.jpg"},"nat":"IE"}],"info":{"seed":"de62eec6e6fe92e1","results":1,"page":1,"version":"1.4"}} 
 </msg>
<msg time="2024-07-14T18:27:43.668468" level="INFO">/opt/hostedtoolcache/Python/3.12.4/x64/lib/python3.12/site-packages/urllib3/connectionpool.py:1099: InsecureRequestWarning: Unverified HTTPS request is being made to host 'randomuser.me'. Adding certificate verification is strongly advised. See: https://urllib3.readthedocs.io/en/latest/advanced-usage.html#tls-warnings
  warnings.warn(</msg>
<msg time="2024-07-14T18:27:43.668612" level="INFO">${response} = &lt;Response [200]&gt;</msg>
<var>${response}</var>
<arg>consultarAPI</arg>
<arg>/api</arg>
<doc>Sends a GET request on a previously created HTTP Session.</doc>
<status status="PASS" start="2024-07-14T18:27:43.599445" elapsed="0.069217"/>
</kw>
<kw name="Set Variable" owner="BuiltIn">
<msg time="2024-07-14T18:27:43.669892" level="INFO">${json_data} = {'results': [{'gender': 'female', 'name': {'title': 'Ms', 'first': 'Sofia', 'last': 'Porter'}, 'location': {'street': {'number': 1941, 'name': 'Highfield Road'}, 'city': 'Trim', 'state': 'Roscommon', ...</msg>
<var>${json_data}</var>
<arg>${response.json()}</arg>
<doc>Returns the given values which can then be assigned to a variables.</doc>
<status status="PASS" start="2024-07-14T18:27:43.669323" elapsed="0.000627"/>
</kw>
<kw name="Set Variable" owner="BuiltIn">
<msg time="2024-07-14T18:27:43.670670" level="INFO">${name_title} = Ms</msg>
<var>${name_title}</var>
<arg>${json_data["results"][0]["name"]["title"]}</arg>
<doc>Returns the given values which can then be assigned to a variables.</doc>
<status status="PASS" start="2024-07-14T18:27:43.670273" elapsed="0.000423"/>
</kw>
<kw name="Create List" owner="BuiltIn">
<msg time="2024-07-14T18:27:43.671144" level="INFO">${allowed_titles} = ['Mr', 'Ms', 'Miss', 'Mrs', 'Madame', 'Monsieur']</msg>
<var>${allowed_titles}</var>
<arg>Mr</arg>
<arg>Ms</arg>
<arg>Miss</arg>
<arg>Mrs</arg>
<arg>Madame</arg>
<arg>Monsieur</arg>
<doc>Returns a list containing given items.</doc>
<status status="PASS" start="2024-07-14T18:27:43.670995" elapsed="0.000173"/>
</kw>
<kw name="List Should Contain Value" owner="Collections">
<arg>${allowed_titles}</arg>
<arg>${name_title}</arg>
<doc>Fails if the ``value`` is not found from ``list``.</doc>
<status status="PASS" start="2024-07-14T18:27:43.671471" elapsed="0.000177"/>
</kw>
<kw name="Set Variable" owner="BuiltIn">
<msg time="2024-07-14T18:27:43.672195" level="INFO">${name_country} = IE</msg>
<var>${name_country}</var>
<arg>${json_data["results"][0]["nat"]}</arg>
<doc>Returns the given values which can then be assigned to a variables.</doc>
<status status="PASS" start="2024-07-14T18:27:43.671830" elapsed="0.000390"/>
</kw>
<kw name="Create List" owner="BuiltIn">
<msg time="2024-07-14T18:27:43.673099" level="INFO">${list_country} = ['AD', 'AE', 'AF', 'AG', 'AI', 'AL', 'AM', 'AO', 'AQ', 'AR', 'AS', 'AT', 'AU', 'AW', 'AX', 'AZ', 'BA', 'BB', 'BD', 'BE', 'BF', 'BG', 'BH', 'BI', 'BJ', 'BL', 'BM', 'BN', 'BO', 'BQ', 'BR', 'BS', 'BT', '...</msg>
<var>${list_country}</var>
<arg>AD</arg>
<arg>AE</arg>
<arg>AF</arg>
<arg>AG</arg>
<arg>AI</arg>
<arg>AL</arg>
<arg>AM</arg>
<arg>AO</arg>
<arg>AQ</arg>
<arg>AR</arg>
<arg>AS</arg>
<arg>AT</arg>
<arg>AU</arg>
<arg>AW</arg>
<arg>AX</arg>
<arg>AZ</arg>
<arg>BA</arg>
<arg>BB</arg>
<arg>BD</arg>
<arg>BE</arg>
<arg>BF</arg>
<arg>BG</arg>
<arg>BH</arg>
<arg>BI</arg>
<arg>BJ</arg>
<arg>BL</arg>
<arg>BM</arg>
<arg>BN</arg>
<arg>BO</arg>
<arg>BQ</arg>
<arg>BR</arg>
<arg>BS</arg>
<arg>BT</arg>
<arg>BV</arg>
<arg>BW</arg>
<arg>BY</arg>
<arg>BZ</arg>
<arg>CA</arg>
<arg>CC</arg>
<arg>CD</arg>
<arg>CF</arg>
<arg>CG</arg>
<arg>CH</arg>
<arg>CI</arg>
<arg>CK</arg>
<arg>CL</arg>
<arg>CM</arg>
<arg>CN</arg>
<arg>CO</arg>
<arg>CR</arg>
<arg>CU</arg>
<arg>CV</arg>
<arg>CW</arg>
<arg>CX</arg>
<arg>CY</arg>
<arg>CZ</arg>
<arg>DE</arg>
<arg>DJ</arg>
<arg>DK</arg>
<arg>DM</arg>
<arg>DO</arg>
<arg>DZ</arg>
<arg>EC</arg>
<arg>EE</arg>
<arg>EG</arg>
<arg>EH</arg>
<arg>ER</arg>
<arg>ES</arg>
<arg>ET</arg>
<arg>FI</arg>
<arg>FJ</arg>
<arg>FK</arg>
<arg>FM</arg>
<arg>FO</arg>
<arg>FR</arg>
<arg>GA</arg>
<arg>GB</arg>
<arg>GD</arg>
<arg>GE</arg>
<arg>GF</arg>
<arg>GG</arg>
<arg>GH</arg>
<arg>GI</arg>
<arg>GL</arg>
<arg>GM</arg>
<arg>GN</arg>
<arg>GP</arg>
<arg>GQ</arg>
<arg>GR</arg>
<arg>GS</arg>
<arg>GT</arg>
<arg>GU</arg>
<arg>GW</arg>
<arg>GY</arg>
<arg>HK</arg>
<arg>HM</arg>
<arg>HN</arg>
<arg>HR</arg>
<arg>HT</arg>
<arg>HU</arg>
<arg>ID</arg>
<arg>IE</arg>
<arg>IL</arg>
<arg>IM</arg>
<arg>IN</arg>
<arg>IO</arg>
<arg>IQ</arg>
<arg>IR</arg>
<arg>IS</arg>
<arg>IT</arg>
<arg>JE</arg>
<arg>JM</arg>
<arg>JO</arg>
<arg>JP</arg>
<arg>KE</arg>
<arg>KG</arg>
<arg>KH</arg>
<arg>KI</arg>
<arg>KM</arg>
<arg>KN</arg>
<arg>KP</arg>
<arg>KR</arg>
<arg>KW</arg>
<arg>KY</arg>
<arg>KZ</arg>
<arg>LA</arg>
<arg>LB</arg>
<arg>LC</arg>
<arg>LI</arg>
<arg>LK</arg>
<arg>LR</arg>
<arg>LS</arg>
<arg>LT</arg>
<arg>LU</arg>
<arg>LV</arg>
<arg>LY</arg>
<arg>MA</arg>
<arg>MC</arg>
<arg>MD</arg>
<arg>ME</arg>
<arg>MF</arg>
<arg>MG</arg>
<arg>MH</arg>
<arg>MK</arg>
<arg>ML</arg>
<arg>MM</arg>
<arg>MN</arg>
<arg>MO</arg>
<arg>MP</arg>
<arg>MQ</arg>
<arg>MR</arg>
<arg>MS</arg>
<arg>MT</arg>
<arg>MU</arg>
<arg>MV</arg>
<arg>MW</arg>
<arg>MX</arg>
<arg>MY</arg>
<arg>MZ</arg>
<arg>NA</arg>
<arg>NC</arg>
<arg>NE</arg>
<arg>NF</arg>
<arg>NG</arg>
<arg>NI</arg>
<arg>NL</arg>
<arg>NO</arg>
<arg>NP</arg>
<arg>NR</arg>
<arg>NU</arg>
<arg>NZ</arg>
<arg>OM</arg>
<arg>PA</arg>
<arg>PE</arg>
<arg>PF</arg>
<arg>PG</arg>
<arg>PH</arg>
<arg>PK</arg>
<arg>PL</arg>
<arg>PM</arg>
<arg>PN</arg>
<arg>PR</arg>
<arg>PS</arg>
<arg>PT</arg>
<arg>PW</arg>
<arg>PY</arg>
<arg>QA</arg>
<arg>RE</arg>
<arg>RO</arg>
<arg>RS</arg>
<arg>RU</arg>
<arg>RW</arg>
<arg>SA</arg>
<arg>SB</arg>
<arg>SC</arg>
<arg>SD</arg>
<arg>SE</arg>
<arg>SG</arg>
<arg>SH</arg>
<arg>SI</arg>
<arg>SJ</arg>
<arg>SK</arg>
<arg>SL</arg>
<arg>SM</arg>
<arg>SN</arg>
<arg>SO</arg>
<arg>SR</arg>
<arg>SS</arg>
<arg>ST</arg>
<arg>SV</arg>
<arg>SX</arg>
<arg>SY</arg>
<arg>SZ</arg>
<arg>TC</arg>
<arg>TD</arg>
<arg>TF</arg>
<arg>TG</arg>
<arg>TH</arg>
<arg>TJ</arg>
<arg>TK</arg>
<arg>TL</arg>
<arg>TM</arg>
<arg>TN</arg>
<arg>TO</arg>
<arg>TR</arg>
<arg>TT</arg>
<arg>TV</arg>
<arg>TW</arg>
<arg>TZ</arg>
<arg>UA</arg>
<arg>UG</arg>
<arg>UM</arg>
<arg>US</arg>
<arg>UY</arg>
<arg>UZ</arg>
<arg>VA</arg>
<arg>VC</arg>
<arg>VE</arg>
<arg>VG</arg>
<arg>VI</arg>
<arg>VN</arg>
<arg>VU</arg>
<arg>WF</arg>
<arg>WS</arg>
<arg>XK</arg>
<arg>YE</arg>
<arg>YT</arg>
<arg>ZA</arg>
<arg>ZM</arg>
<arg>ZW</arg>
<doc>Returns a list containing given items.</doc>
<status status="PASS" start="2024-07-14T18:27:43.672512" elapsed="0.000614"/>
</kw>
<kw name="List Should Contain Value" owner="Collections">
<arg>${list_country}</arg>
<arg>${name_country}</arg>
<doc>Fails if the ``value`` is not found from ``list``.</doc>
<status status="PASS" start="2024-07-14T18:27:43.673945" elapsed="0.000217"/>
</kw>
<kw name="Run Keyword If" owner="BuiltIn">
<kw name="Should Be True" owner="BuiltIn">
<arg>${True}</arg>
<doc>Fails if the given condition is not true.</doc>
<status status="PASS" start="2024-07-14T18:27:43.675109" elapsed="0.000142"/>
</kw>
<arg>${json_data["results"][0]["location"]["coordinates"]["latitude"]} &gt;= -90 and ${json_data["results"][0]["location"]["coordinates"]["latitude"]} &lt;= 90</arg>
<arg>Should Be True</arg>
<arg>${True}</arg>
<doc>Runs the given keyword with the given arguments, if ``condition`` is true.</doc>
<status status="PASS" start="2024-07-14T18:27:43.674362" elapsed="0.001013"/>
</kw>
<kw name="Run Keyword If" owner="BuiltIn">
<kw name="Should Be True" owner="BuiltIn">
<arg>${True}</arg>
<doc>Fails if the given condition is not true.</doc>
<status status="PASS" start="2024-07-14T18:27:43.676248" elapsed="0.000246"/>
</kw>
<arg>${json_data["results"][0]["location"]["coordinates"]["longitude"]} &gt;= -180 and ${json_data["results"][0]["location"]["coordinates"]["longitude"]} &lt;= 180</arg>
<arg>Should Be True</arg>
<arg>${True}</arg>
<doc>Runs the given keyword with the given arguments, if ``condition`` is true.</doc>
<status status="PASS" start="2024-07-14T18:27:43.675556" elapsed="0.001066"/>
</kw>
<status status="PASS" start="2024-07-14T18:27:43.599221" elapsed="0.077535"/>
</kw>
<doc>Testa o conteúdo específico dos campos retornados pela API.</doc>
<tag>testeConteudo</tag>
<status status="PASS" start="2024-07-14T18:27:43.598678" elapsed="0.078231"/>
</test>
<status status="PASS" start="2024-07-14T18:27:42.248025" elapsed="1.430925"/>
</suite>
<status status="PASS" start="2024-07-14T18:27:42.233485" elapsed="1.450569"/>
</suite>
<statistics>
<total>
<stat pass="5" fail="0" skip="0">All Tests</stat>
</total>
<tag>
<stat pass="1" fail="0" skip="0">testeConteudo</stat>
<stat pass="1" fail="0" skip="0">testeEstruturaResposta</stat>
<stat pass="1" fail="0" skip="0">testeRequisicaoBasica</stat>
<stat pass="1" fail="0" skip="0">testeTiposDados</stat>
</tag>
<suite>
<stat pass="5" fail="0" skip="0" id="s1" name="Tests">Tests</stat>
<stat pass="5" fail="0" skip="0" id="s1-s1" name="Random-User-Test">Tests.Random-User-Test</stat>
</suite>
</statistics>
<errors>
</errors>
</robot>
