<?xml version="1.0" encoding="UTF-8"?>
<robot generator="Robot 7.0 (Python 3.12.2 on linux)" generated="2024-04-15T12:26:21.261498" rpa="false" schemaversion="5">
<suite id="s1" name="Tests" source="/home/runner/work/DesafioQAItauRogerioJordao/DesafioQAItauRogerioJordao/RamdonUser/tests">
<suite id="s1-s1" name="Random-User-Test" source="/home/runner/work/DesafioQAItauRogerioJordao/DesafioQAItauRogerioJordao/RamdonUser/tests/random-user-test.robot">
<test id="s1-s1-t1" name="Conectar" line="13">
<kw name="Conectar API" owner="random-user-service">
<kw name="Create Session" owner="RequestsLibrary">
<msg time="2024-04-15T12:26:21.631409" level="INFO">Creating Session using : alias=consultarAPI, url=https://randomuser.me/, headers={},                     cookies={}, auth=None, timeout=None, proxies=None, verify=False,                     debug=0 </msg>
<arg>consultarAPI</arg>
<arg>${URL}</arg>
<doc>Create Session: create a HTTP session to a server</doc>
<status status="PASS" start="2024-04-15T12:26:21.631193" elapsed="0.000421"/>
</kw>
<status status="PASS" start="2024-04-15T12:26:21.630169" elapsed="0.001831"/>
</kw>
<status status="PASS" start="2024-04-15T12:26:21.629470" elapsed="0.002795"/>
</test>
<test id="s1-s1-t2" name="Validar retorno 200 e JSON Válido" line="16">
<kw name="Teste de Requisicao Basica" owner="random-user-service">
<kw name="GET On Session" owner="RequestsLibrary">
<msg time="2024-04-15T12:26:21.803657" level="INFO">GET Request : url=https://randomuser.me/api 
 path_url=/api 
 headers={'User-Agent': 'python-requests/2.31.0', 'Accept-Encoding': 'gzip, deflate', 'Accept': '*/*', 'Connection': 'keep-alive'} 
 body=None 
 </msg>
<msg time="2024-04-15T12:26:21.803832" level="INFO">GET Response : url=https://randomuser.me/api 
 status=200, reason=OK 
 headers={'Date': 'Mon, 15 Apr 2024 12:26:21 GMT', 'Content-Type': 'application/json; charset=utf-8', 'Transfer-Encoding': 'chunked', 'Connection': 'keep-alive', 'X-Powered-By': 'Express', 'Access-Control-Allow-Origin': '*', 'Cache-Control': 'no-cache', 'ETag': 'W/"480-ONq+h4p3BVzArwiBP31Bw+Am0e0"', 'Vary': 'Accept-Encoding', 'Content-Encoding': 'gzip', 'CF-Cache-Status': 'DYNAMIC', 'Report-To': '{"endpoints":[{"url":"https:\\/\\/a.nel.cloudflare.com\\/report\\/v4?s=GEn7ijfiR7tb9AsjVLN2aTjGTa9Y0wuPmQPI6RP9sBfOZaX7LXf9Y%2Bwpp3ssL3kpj%2BQdTUwYLKLvBtv4AkBwnDUcXBwUBX2cXbzVrNA0%2FCTf8gDRay6iAyTNd25WzhaD"}],"group":"cf-nel","max_age":604800}', 'NEL': '{"success_fraction":0,"report_to":"cf-nel","max_age":604800}', 'Server': 'cloudflare', 'CF-RAY': '874bec6da9412b9b-LAX', 'alt-svc': 'h3=":443"; ma=86400'} 
 body={"results":[{"gender":"male","name":{"title":"Mr","first":"Leo","last":"Bouchard"},"location":{"street":{"number":8363,"name":"36th Ave"},"city":"Bath","state":"Newfoundland and Labrador","country":"Canada","postcode":"L4V 0L1","coordinates":{"latitude":"-65.3460","longitude":"-54.1085"},"timezone":{"offset":"+9:30","description":"Adelaide, Darwin"}},"email":"leo.bouchard@example.com","login":{"uuid":"81ed105e-b63b-46fb-b415-435d2bce91e3","username":"bigfrog376","password":"devil666","salt":"SAoRz9RD","md5":"e1d49f2f9ccc754548355534a67784cb","sha1":"7e275f1208e24dc4eea984c6ec52fd79c7630fad","sha256":"5b751105e358fee78eec3aa60b8b1feac30034382560a55aab8dea9129a4f6bb"},"dob":{"date":"1957-09-30T03:32:21.978Z","age":66},"registered":{"date":"2008-12-31T13:55:56.263Z","age":15},"phone":"E78 X50-9183","cell":"B84 M16-9545","id":{"name":"SIN","value":"957629108"},"picture":{"large":"https://randomuser.me/api/portraits/men/81.jpg","medium":"https://randomuser.me/api/portraits/med/men/81.jpg","thumbnail":"https://randomuser.me/api/portraits/thumb/men/81.jpg"},"nat":"CA"}],"info":{"seed":"f802dbe97ff5e801","results":1,"page":1,"version":"1.4"}} 
 </msg>
<msg time="2024-04-15T12:26:21.803931" level="INFO">/opt/hostedtoolcache/Python/3.12.2/x64/lib/python3.12/site-packages/urllib3/connectionpool.py:1103: InsecureRequestWarning: Unverified HTTPS request is being made to host 'randomuser.me'. Adding certificate verification is strongly advised. See: https://urllib3.readthedocs.io/en/latest/advanced-usage.html#tls-warnings
  warnings.warn(</msg>
<msg time="2024-04-15T12:26:21.804111" level="INFO">${response} = &lt;Response [200]&gt;</msg>
<var>${response}</var>
<arg>consultarAPI</arg>
<arg>/api</arg>
<doc>Sends a GET request on a previously created HTTP Session.</doc>
<status status="PASS" start="2024-04-15T12:26:21.635003" elapsed="0.169153"/>
</kw>
<kw name="Should Be Equal As Numbers" owner="BuiltIn">
<msg time="2024-04-15T12:26:21.805224" level="INFO">Argument types are:
&lt;class 'int'&gt;
&lt;class 'str'&gt;</msg>
<arg>${response.status_code}</arg>
<arg>200</arg>
<doc>Fails if objects are unequal after converting them to real numbers.</doc>
<status status="PASS" start="2024-04-15T12:26:21.804730" elapsed="0.000566"/>
</kw>
<kw name="Log" owner="BuiltIn">
<msg time="2024-04-15T12:26:21.806070" level="INFO">200</msg>
<arg>${response.status_code}</arg>
<doc>Logs the given message with the given level.</doc>
<status status="PASS" start="2024-04-15T12:26:21.805671" elapsed="0.000444"/>
</kw>
<kw name="Set Variable" owner="BuiltIn">
<msg time="2024-04-15T12:26:21.806951" level="INFO">${json_data} = {'results': [{'gender': 'male', 'name': {'title': 'Mr', 'first': 'Leo', 'last': 'Bouchard'}, 'location': {'street': {'number': 8363, 'name': '36th Ave'}, 'city': 'Bath', 'state': 'Newfoundland and Lab...</msg>
<var>${json_data}</var>
<arg>${response.json()}</arg>
<doc>Returns the given values which can then be assigned to a variables.</doc>
<status status="PASS" start="2024-04-15T12:26:21.806479" elapsed="0.000500"/>
</kw>
<kw name="Dictionary Should Contain Key" owner="Collections">
<msg time="2024-04-15T12:26:21.807480" level="INFO">False</msg>
<arg>${json_data}</arg>
<arg>results</arg>
<doc>Fails if ``key`` is not found from ``dictionary``.</doc>
<status status="PASS" start="2024-04-15T12:26:21.807301" elapsed="0.000221"/>
</kw>
<status status="PASS" start="2024-04-15T12:26:21.634731" elapsed="0.173065"/>
</kw>
<doc>Testa se a API responde corretamente e retorna um objeto JSON válido.</doc>
<tag>testeRequisicaoBasica</tag>
<status status="PASS" start="2024-04-15T12:26:21.634154" elapsed="0.173841"/>
</test>
<test id="s1-s1-t3" name="Validar estrutura de resposta" line="22">
<kw name="Teste de Estrutura de Resposta" owner="random-user-service">
<kw name="GET On Session" owner="RequestsLibrary">
<msg time="2024-04-15T12:26:21.912925" level="INFO">GET Request : url=https://randomuser.me/api 
 path_url=/api 
 headers={'User-Agent': 'python-requests/2.31.0', 'Accept-Encoding': 'gzip, deflate', 'Accept': '*/*', 'Connection': 'keep-alive'} 
 body=None 
 </msg>
<msg time="2024-04-15T12:26:21.913035" level="INFO">GET Response : url=https://randomuser.me/api 
 status=200, reason=OK 
 headers={'Date': 'Mon, 15 Apr 2024 12:26:21 GMT', 'Content-Type': 'application/json; charset=utf-8', 'Transfer-Encoding': 'chunked', 'Connection': 'keep-alive', 'X-Powered-By': 'Express', 'Access-Control-Allow-Origin': '*', 'Cache-Control': 'no-cache', 'ETag': 'W/"482-9JVgkjkgCoM4jjLiwFSLr1JwuKc"', 'Vary': 'Accept-Encoding', 'Content-Encoding': 'gzip', 'CF-Cache-Status': 'DYNAMIC', 'Report-To': '{"endpoints":[{"url":"https:\\/\\/a.nel.cloudflare.com\\/report\\/v4?s=%2BXfQ%2FhbTMH5wd0faZrWIQgJahndOf%2FnWtEUmMjQ9BEFsOWcv0ApTlfr1ov4YkKPIrqfquEOnmnFw9MbDwA1TRVzYdp2VUbHFHyGWs%2B5pa2ZFFE%2F1%2B4CrUN%2FE3nyOiz8i"}],"group":"cf-nel","max_age":604800}', 'NEL': '{"success_fraction":0,"report_to":"cf-nel","max_age":604800}', 'Server': 'cloudflare', 'CF-RAY': '874bec6e59c82b9b-LAX', 'alt-svc': 'h3=":443"; ma=86400'} 
 body={"results":[{"gender":"female","name":{"title":"Ms","first":"Juliette","last":"Harcourt"},"location":{"street":{"number":7583,"name":"Cedar St"},"city":"St. Antoine","state":"Québec","country":"Canada","postcode":"C1B 9E1","coordinates":{"latitude":"-65.3282","longitude":"169.6246"},"timezone":{"offset":"-10:00","description":"Hawaii"}},"email":"juliette.harcourt@example.com","login":{"uuid":"a6f1c3dc-579f-4c6b-b721-ea69c0bc34ac","username":"beautifultiger681","password":"brando","salt":"EK8WAQoB","md5":"79a926f2ee52accc8360bd98cb80fae9","sha1":"a79c05dea1ecf45f3bc22152bfffa0e29d7681df","sha256":"3a64d50c71804c6a74ad7c69dcc6d8b82be67d1d85b80a90975dbf15a45cd337"},"dob":{"date":"1968-09-25T00:41:57.724Z","age":55},"registered":{"date":"2014-07-13T14:24:08.718Z","age":9},"phone":"A77 F26-7892","cell":"I01 Y13-3504","id":{"name":"SIN","value":"408720928"},"picture":{"large":"https://randomuser.me/api/portraits/women/77.jpg","medium":"https://randomuser.me/api/portraits/med/women/77.jpg","thumbnail":"https://randomuser.me/api/portraits/thumb/women/77.jpg"},"nat":"CA"}],"info":{"seed":"efa9185ca3f82c54","results":1,"page":1,"version":"1.4"}} 
 </msg>
<msg time="2024-04-15T12:26:21.913183" level="INFO">/opt/hostedtoolcache/Python/3.12.2/x64/lib/python3.12/site-packages/urllib3/connectionpool.py:1103: InsecureRequestWarning: Unverified HTTPS request is being made to host 'randomuser.me'. Adding certificate verification is strongly advised. See: https://urllib3.readthedocs.io/en/latest/advanced-usage.html#tls-warnings
  warnings.warn(</msg>
<msg time="2024-04-15T12:26:21.913320" level="INFO">${response} = &lt;Response [200]&gt;</msg>
<var>${response}</var>
<arg>consultarAPI</arg>
<arg>/api</arg>
<doc>Sends a GET request on a previously created HTTP Session.</doc>
<status status="PASS" start="2024-04-15T12:26:21.810762" elapsed="0.102588"/>
</kw>
<kw name="Set Variable" owner="BuiltIn">
<msg time="2024-04-15T12:26:21.914487" level="INFO">${json_data} = {'results': [{'gender': 'female', 'name': {'title': 'Ms', 'first': 'Juliette', 'last': 'Harcourt'}, 'location': {'street': {'number': 7583, 'name': 'Cedar St'}, 'city': 'St. Antoine', 'state': 'Québec...</msg>
<var>${json_data}</var>
<arg>${response.json()}</arg>
<doc>Returns the given values which can then be assigned to a variables.</doc>
<status status="PASS" start="2024-04-15T12:26:21.913923" elapsed="0.000594"/>
</kw>
<kw name="Log" owner="BuiltIn">
<msg time="2024-04-15T12:26:21.915078" level="INFO">{'results': [{'gender': 'female', 'name': {'title': 'Ms', 'first': 'Juliette', 'last': 'Harcourt'}, 'location': {'street': {'number': 7583, 'name': 'Cedar St'}, 'city': 'St. Antoine', 'state': 'Québec', 'country': 'Canada', 'postcode': 'C1B 9E1', 'coordinates': {'latitude': '-65.3282', 'longitude': '169.6246'}, 'timezone': {'offset': '-10:00', 'description': 'Hawaii'}}, 'email': 'juliette.harcourt@example.com', 'login': {'uuid': 'a6f1c3dc-579f-4c6b-b721-ea69c0bc34ac', 'username': 'beautifultiger681', 'password': 'brando', 'salt': 'EK8WAQoB', 'md5': '79a926f2ee52accc8360bd98cb80fae9', 'sha1': 'a79c05dea1ecf45f3bc22152bfffa0e29d7681df', 'sha256': '3a64d50c71804c6a74ad7c69dcc6d8b82be67d1d85b80a90975dbf15a45cd337'}, 'dob': {'date': '1968-09-25T00:41:57.724Z', 'age': 55}, 'registered': {'date': '2014-07-13T14:24:08.718Z', 'age': 9}, 'phone': 'A77 F26-7892', 'cell': 'I01 Y13-3504', 'id': {'name': 'SIN', 'value': '408720928'}, 'picture': {'large': 'https://randomuser.me/api/portraits/women/77.jpg', 'medium': 'https://randomuser.me/api/portraits/med/women/77.jpg', 'thumbnail': 'https://randomuser.me/api/portraits/thumb/women/77.jpg'}, 'nat': 'CA'}], 'info': {'seed': 'efa9185ca3f82c54', 'results': 1, 'page': 1, 'version': '1.4'}}</msg>
<arg>${json_data}</arg>
<doc>Logs the given message with the given level.</doc>
<status status="PASS" start="2024-04-15T12:26:21.914891" elapsed="0.000239"/>
</kw>
<kw name="Dictionary Should Contain Key" owner="Collections">
<msg time="2024-04-15T12:26:21.915633" level="INFO">False</msg>
<arg>${json_data}</arg>
<arg>results</arg>
<doc>Fails if ``key`` is not found from ``dictionary``.</doc>
<status status="PASS" start="2024-04-15T12:26:21.915459" elapsed="0.000214"/>
</kw>
<kw name="Should Not Be Empty" owner="BuiltIn">
<msg time="2024-04-15T12:26:21.916194" level="INFO">Length is 2.</msg>
<arg>${json_data}</arg>
<doc>Verifies that the given item is not empty.</doc>
<status status="PASS" start="2024-04-15T12:26:21.916001" elapsed="0.000236"/>
</kw>
<kw name="Create List" owner="BuiltIn">
<msg time="2024-04-15T12:26:21.916902" level="INFO">${expected_keys} = ['gender', 'name', 'location', 'email', 'login']</msg>
<var>${expected_keys}</var>
<arg>gender</arg>
<arg>name</arg>
<arg>location</arg>
<arg>email</arg>
<arg>login</arg>
<doc>Returns a list containing given items.</doc>
<status status="PASS" start="2024-04-15T12:26:21.916555" elapsed="0.000374"/>
</kw>
<for flavor="IN">
<iter>
<kw name="Dictionary Should Contain Key" owner="Collections">
<msg time="2024-04-15T12:26:21.917982" level="INFO">False</msg>
<arg>${json_data['results'][0]}</arg>
<arg>${key}</arg>
<doc>Fails if ``key`` is not found from ``dictionary``.</doc>
<status status="PASS" start="2024-04-15T12:26:21.917552" elapsed="0.000472"/>
</kw>
<kw name="Log" owner="BuiltIn">
<msg time="2024-04-15T12:26:21.918727" level="INFO">{'gender': 'female', 'name': {'title': 'Ms', 'first': 'Juliette', 'last': 'Harcourt'}, 'location': {'street': {'number': 7583, 'name': 'Cedar St'}, 'city': 'St. Antoine', 'state': 'Québec', 'country': 'Canada', 'postcode': 'C1B 9E1', 'coordinates': {'latitude': '-65.3282', 'longitude': '169.6246'}, 'timezone': {'offset': '-10:00', 'description': 'Hawaii'}}, 'email': 'juliette.harcourt@example.com', 'login': {'uuid': 'a6f1c3dc-579f-4c6b-b721-ea69c0bc34ac', 'username': 'beautifultiger681', 'password': 'brando', 'salt': 'EK8WAQoB', 'md5': '79a926f2ee52accc8360bd98cb80fae9', 'sha1': 'a79c05dea1ecf45f3bc22152bfffa0e29d7681df', 'sha256': '3a64d50c71804c6a74ad7c69dcc6d8b82be67d1d85b80a90975dbf15a45cd337'}, 'dob': {'date': '1968-09-25T00:41:57.724Z', 'age': 55}, 'registered': {'date': '2014-07-13T14:24:08.718Z', 'age': 9}, 'phone': 'A77 F26-7892', 'cell': 'I01 Y13-3504', 'id': {'name': 'SIN', 'value': '408720928'}, 'picture': {'large': 'https://randomuser.me/api/portraits/women/77.jpg', 'medium': 'https://randomuser.me/api/portraits/med/women/77.jpg', 'thumbnail': 'https://randomuser.me/api/portraits/thumb/women/77.jpg'}, 'nat': 'CA'}</msg>
<arg>${json_data['results'][0]}</arg>
<doc>Logs the given message with the given level.</doc>
<status status="PASS" start="2024-04-15T12:26:21.918334" elapsed="0.000444"/>
</kw>
<kw name="Log" owner="BuiltIn">
<msg time="2024-04-15T12:26:21.919229" level="INFO">gender</msg>
<arg>${key}</arg>
<doc>Logs the given message with the given level.</doc>
<status status="PASS" start="2024-04-15T12:26:21.919089" elapsed="0.000178"/>
</kw>
<var name="${key}">gender</var>
<status status="PASS" start="2024-04-15T12:26:21.917419" elapsed="0.002070"/>
</iter>
<iter>
<kw name="Dictionary Should Contain Key" owner="Collections">
<msg time="2024-04-15T12:26:21.920247" level="INFO">False</msg>
<arg>${json_data['results'][0]}</arg>
<arg>${key}</arg>
<doc>Fails if ``key`` is not found from ``dictionary``.</doc>
<status status="PASS" start="2024-04-15T12:26:21.919812" elapsed="0.000474"/>
</kw>
<kw name="Log" owner="BuiltIn">
<msg time="2024-04-15T12:26:21.921000" level="INFO">{'gender': 'female', 'name': {'title': 'Ms', 'first': 'Juliette', 'last': 'Harcourt'}, 'location': {'street': {'number': 7583, 'name': 'Cedar St'}, 'city': 'St. Antoine', 'state': 'Québec', 'country': 'Canada', 'postcode': 'C1B 9E1', 'coordinates': {'latitude': '-65.3282', 'longitude': '169.6246'}, 'timezone': {'offset': '-10:00', 'description': 'Hawaii'}}, 'email': 'juliette.harcourt@example.com', 'login': {'uuid': 'a6f1c3dc-579f-4c6b-b721-ea69c0bc34ac', 'username': 'beautifultiger681', 'password': 'brando', 'salt': 'EK8WAQoB', 'md5': '79a926f2ee52accc8360bd98cb80fae9', 'sha1': 'a79c05dea1ecf45f3bc22152bfffa0e29d7681df', 'sha256': '3a64d50c71804c6a74ad7c69dcc6d8b82be67d1d85b80a90975dbf15a45cd337'}, 'dob': {'date': '1968-09-25T00:41:57.724Z', 'age': 55}, 'registered': {'date': '2014-07-13T14:24:08.718Z', 'age': 9}, 'phone': 'A77 F26-7892', 'cell': 'I01 Y13-3504', 'id': {'name': 'SIN', 'value': '408720928'}, 'picture': {'large': 'https://randomuser.me/api/portraits/women/77.jpg', 'medium': 'https://randomuser.me/api/portraits/med/women/77.jpg', 'thumbnail': 'https://randomuser.me/api/portraits/thumb/women/77.jpg'}, 'nat': 'CA'}</msg>
<arg>${json_data['results'][0]}</arg>
<doc>Logs the given message with the given level.</doc>
<status status="PASS" start="2024-04-15T12:26:21.920622" elapsed="0.000428"/>
</kw>
<kw name="Log" owner="BuiltIn">
<msg time="2024-04-15T12:26:21.921487" level="INFO">name</msg>
<arg>${key}</arg>
<doc>Logs the given message with the given level.</doc>
<status status="PASS" start="2024-04-15T12:26:21.921355" elapsed="0.000172"/>
</kw>
<var name="${key}">name</var>
<status status="PASS" start="2024-04-15T12:26:21.919693" elapsed="0.002081"/>
</iter>
<iter>
<kw name="Dictionary Should Contain Key" owner="Collections">
<msg time="2024-04-15T12:26:21.922475" level="INFO">False</msg>
<arg>${json_data['results'][0]}</arg>
<arg>${key}</arg>
<doc>Fails if ``key`` is not found from ``dictionary``.</doc>
<status status="PASS" start="2024-04-15T12:26:21.922084" elapsed="0.000430"/>
</kw>
<kw name="Log" owner="BuiltIn">
<msg time="2024-04-15T12:26:21.923190" level="INFO">{'gender': 'female', 'name': {'title': 'Ms', 'first': 'Juliette', 'last': 'Harcourt'}, 'location': {'street': {'number': 7583, 'name': 'Cedar St'}, 'city': 'St. Antoine', 'state': 'Québec', 'country': 'Canada', 'postcode': 'C1B 9E1', 'coordinates': {'latitude': '-65.3282', 'longitude': '169.6246'}, 'timezone': {'offset': '-10:00', 'description': 'Hawaii'}}, 'email': 'juliette.harcourt@example.com', 'login': {'uuid': 'a6f1c3dc-579f-4c6b-b721-ea69c0bc34ac', 'username': 'beautifultiger681', 'password': 'brando', 'salt': 'EK8WAQoB', 'md5': '79a926f2ee52accc8360bd98cb80fae9', 'sha1': 'a79c05dea1ecf45f3bc22152bfffa0e29d7681df', 'sha256': '3a64d50c71804c6a74ad7c69dcc6d8b82be67d1d85b80a90975dbf15a45cd337'}, 'dob': {'date': '1968-09-25T00:41:57.724Z', 'age': 55}, 'registered': {'date': '2014-07-13T14:24:08.718Z', 'age': 9}, 'phone': 'A77 F26-7892', 'cell': 'I01 Y13-3504', 'id': {'name': 'SIN', 'value': '408720928'}, 'picture': {'large': 'https://randomuser.me/api/portraits/women/77.jpg', 'medium': 'https://randomuser.me/api/portraits/med/women/77.jpg', 'thumbnail': 'https://randomuser.me/api/portraits/thumb/women/77.jpg'}, 'nat': 'CA'}</msg>
<arg>${json_data['results'][0]}</arg>
<doc>Logs the given message with the given level.</doc>
<status status="PASS" start="2024-04-15T12:26:21.922824" elapsed="0.000416"/>
</kw>
<kw name="Log" owner="BuiltIn">
<msg time="2024-04-15T12:26:21.923681" level="INFO">location</msg>
<arg>${key}</arg>
<doc>Logs the given message with the given level.</doc>
<status status="PASS" start="2024-04-15T12:26:21.923550" elapsed="0.000170"/>
</kw>
<var name="${key}">location</var>
<status status="PASS" start="2024-04-15T12:26:21.921968" elapsed="0.001971"/>
</iter>
<iter>
<kw name="Dictionary Should Contain Key" owner="Collections">
<msg time="2024-04-15T12:26:21.924675" level="INFO">False</msg>
<arg>${json_data['results'][0]}</arg>
<arg>${key}</arg>
<doc>Fails if ``key`` is not found from ``dictionary``.</doc>
<status status="PASS" start="2024-04-15T12:26:21.924291" elapsed="0.000424"/>
</kw>
<kw name="Log" owner="BuiltIn">
<msg time="2024-04-15T12:26:21.925388" level="INFO">{'gender': 'female', 'name': {'title': 'Ms', 'first': 'Juliette', 'last': 'Harcourt'}, 'location': {'street': {'number': 7583, 'name': 'Cedar St'}, 'city': 'St. Antoine', 'state': 'Québec', 'country': 'Canada', 'postcode': 'C1B 9E1', 'coordinates': {'latitude': '-65.3282', 'longitude': '169.6246'}, 'timezone': {'offset': '-10:00', 'description': 'Hawaii'}}, 'email': 'juliette.harcourt@example.com', 'login': {'uuid': 'a6f1c3dc-579f-4c6b-b721-ea69c0bc34ac', 'username': 'beautifultiger681', 'password': 'brando', 'salt': 'EK8WAQoB', 'md5': '79a926f2ee52accc8360bd98cb80fae9', 'sha1': 'a79c05dea1ecf45f3bc22152bfffa0e29d7681df', 'sha256': '3a64d50c71804c6a74ad7c69dcc6d8b82be67d1d85b80a90975dbf15a45cd337'}, 'dob': {'date': '1968-09-25T00:41:57.724Z', 'age': 55}, 'registered': {'date': '2014-07-13T14:24:08.718Z', 'age': 9}, 'phone': 'A77 F26-7892', 'cell': 'I01 Y13-3504', 'id': {'name': 'SIN', 'value': '408720928'}, 'picture': {'large': 'https://randomuser.me/api/portraits/women/77.jpg', 'medium': 'https://randomuser.me/api/portraits/med/women/77.jpg', 'thumbnail': 'https://randomuser.me/api/portraits/thumb/women/77.jpg'}, 'nat': 'CA'}</msg>
<arg>${json_data['results'][0]}</arg>
<doc>Logs the given message with the given level.</doc>
<status status="PASS" start="2024-04-15T12:26:21.925022" elapsed="0.000417"/>
</kw>
<kw name="Log" owner="BuiltIn">
<msg time="2024-04-15T12:26:21.925878" level="INFO">email</msg>
<arg>${key}</arg>
<doc>Logs the given message with the given level.</doc>
<status status="PASS" start="2024-04-15T12:26:21.925739" elapsed="0.000179"/>
</kw>
<var name="${key}">email</var>
<status status="PASS" start="2024-04-15T12:26:21.924170" elapsed="0.001968"/>
</iter>
<iter>
<kw name="Dictionary Should Contain Key" owner="Collections">
<msg time="2024-04-15T12:26:21.926825" level="INFO">False</msg>
<arg>${json_data['results'][0]}</arg>
<arg>${key}</arg>
<doc>Fails if ``key`` is not found from ``dictionary``.</doc>
<status status="PASS" start="2024-04-15T12:26:21.926439" elapsed="0.000425"/>
</kw>
<kw name="Log" owner="BuiltIn">
<msg time="2024-04-15T12:26:21.927532" level="INFO">{'gender': 'female', 'name': {'title': 'Ms', 'first': 'Juliette', 'last': 'Harcourt'}, 'location': {'street': {'number': 7583, 'name': 'Cedar St'}, 'city': 'St. Antoine', 'state': 'Québec', 'country': 'Canada', 'postcode': 'C1B 9E1', 'coordinates': {'latitude': '-65.3282', 'longitude': '169.6246'}, 'timezone': {'offset': '-10:00', 'description': 'Hawaii'}}, 'email': 'juliette.harcourt@example.com', 'login': {'uuid': 'a6f1c3dc-579f-4c6b-b721-ea69c0bc34ac', 'username': 'beautifultiger681', 'password': 'brando', 'salt': 'EK8WAQoB', 'md5': '79a926f2ee52accc8360bd98cb80fae9', 'sha1': 'a79c05dea1ecf45f3bc22152bfffa0e29d7681df', 'sha256': '3a64d50c71804c6a74ad7c69dcc6d8b82be67d1d85b80a90975dbf15a45cd337'}, 'dob': {'date': '1968-09-25T00:41:57.724Z', 'age': 55}, 'registered': {'date': '2014-07-13T14:24:08.718Z', 'age': 9}, 'phone': 'A77 F26-7892', 'cell': 'I01 Y13-3504', 'id': {'name': 'SIN', 'value': '408720928'}, 'picture': {'large': 'https://randomuser.me/api/portraits/women/77.jpg', 'medium': 'https://randomuser.me/api/portraits/med/women/77.jpg', 'thumbnail': 'https://randomuser.me/api/portraits/thumb/women/77.jpg'}, 'nat': 'CA'}</msg>
<arg>${json_data['results'][0]}</arg>
<doc>Logs the given message with the given level.</doc>
<status status="PASS" start="2024-04-15T12:26:21.927165" elapsed="0.000417"/>
</kw>
<kw name="Log" owner="BuiltIn">
<msg time="2024-04-15T12:26:21.928012" level="INFO">login</msg>
<arg>${key}</arg>
<doc>Logs the given message with the given level.</doc>
<status status="PASS" start="2024-04-15T12:26:21.927883" elapsed="0.000168"/>
</kw>
<var name="${key}">login</var>
<status status="PASS" start="2024-04-15T12:26:21.926319" elapsed="0.001991"/>
</iter>
<var>${key}</var>
<value>@{expected_keys}</value>
<status status="PASS" start="2024-04-15T12:26:21.917209" elapsed="0.011255"/>
</for>
<kw name="Create List" owner="BuiltIn">
<msg time="2024-04-15T12:26:21.928822" level="INFO">${expected_keysTwo} = ['username', 'password']</msg>
<var>${expected_keysTwo}</var>
<arg>username</arg>
<arg>password</arg>
<doc>Returns a list containing given items.</doc>
<status status="PASS" start="2024-04-15T12:26:21.928678" elapsed="0.000167"/>
</kw>
<for flavor="IN">
<iter>
<kw name="Dictionary Should Contain Key" owner="Collections">
<msg time="2024-04-15T12:26:21.929769" level="INFO">False</msg>
<arg>${json_data['results'][0]['login']}</arg>
<arg>${keyTwo}</arg>
<doc>Fails if ``key`` is not found from ``dictionary``.</doc>
<status status="PASS" start="2024-04-15T12:26:21.929375" elapsed="0.000433"/>
</kw>
<kw name="Dictionary Should Contain Key" owner="Collections">
<msg time="2024-04-15T12:26:21.930493" level="INFO">False</msg>
<arg>${json_data['results'][0]['login']}</arg>
<arg>${keyTwo}</arg>
<doc>Fails if ``key`` is not found from ``dictionary``.</doc>
<status status="PASS" start="2024-04-15T12:26:21.930109" elapsed="0.000423"/>
</kw>
<kw name="Log" owner="BuiltIn">
<msg time="2024-04-15T12:26:21.930970" level="INFO">username</msg>
<arg>${keyTwo}</arg>
<doc>Logs the given message with the given level.</doc>
<status status="PASS" start="2024-04-15T12:26:21.930838" elapsed="0.000170"/>
</kw>
<var name="${keyTwo}">username</var>
<status status="PASS" start="2024-04-15T12:26:21.929263" elapsed="0.001965"/>
</iter>
<iter>
<kw name="Dictionary Should Contain Key" owner="Collections">
<msg time="2024-04-15T12:26:21.931895" level="INFO">False</msg>
<arg>${json_data['results'][0]['login']}</arg>
<arg>${keyTwo}</arg>
<doc>Fails if ``key`` is not found from ``dictionary``.</doc>
<status status="PASS" start="2024-04-15T12:26:21.931514" elapsed="0.000419"/>
</kw>
<kw name="Dictionary Should Contain Key" owner="Collections">
<msg time="2024-04-15T12:26:21.932759" level="INFO">False</msg>
<arg>${json_data['results'][0]['login']}</arg>
<arg>${keyTwo}</arg>
<doc>Fails if ``key`` is not found from ``dictionary``.</doc>
<status status="PASS" start="2024-04-15T12:26:21.932273" elapsed="0.000526"/>
</kw>
<kw name="Log" owner="BuiltIn">
<msg time="2024-04-15T12:26:21.933232" level="INFO">password</msg>
<arg>${keyTwo}</arg>
<doc>Logs the given message with the given level.</doc>
<status status="PASS" start="2024-04-15T12:26:21.933102" elapsed="0.000168"/>
</kw>
<var name="${keyTwo}">password</var>
<status status="PASS" start="2024-04-15T12:26:21.931404" elapsed="0.002085"/>
</iter>
<var>${keyTwo}</var>
<value>@{expected_keysTwo}</value>
<status status="PASS" start="2024-04-15T12:26:21.929096" elapsed="0.004515"/>
</for>
<status status="PASS" start="2024-04-15T12:26:21.810503" elapsed="0.123256"/>
</kw>
<doc>Testa a estrutura da resposta da API.</doc>
<tag>testeEstruturaResposta</tag>
<status status="PASS" start="2024-04-15T12:26:21.809954" elapsed="0.123976"/>
</test>
<test id="s1-s1-t4" name="Validar tipos de dados" line="28">
<kw name="Teste de Tipos de Dados" owner="random-user-service">
<kw name="GET On Session" owner="RequestsLibrary">
<msg time="2024-04-15T12:26:22.033002" level="INFO">GET Request : url=https://randomuser.me/api 
 path_url=/api 
 headers={'User-Agent': 'python-requests/2.31.0', 'Accept-Encoding': 'gzip, deflate', 'Accept': '*/*', 'Connection': 'keep-alive'} 
 body=None 
 </msg>
<msg time="2024-04-15T12:26:22.033107" level="INFO">GET Response : url=https://randomuser.me/api 
 status=200, reason=OK 
 headers={'Date': 'Mon, 15 Apr 2024 12:26:22 GMT', 'Content-Type': 'application/json; charset=utf-8', 'Transfer-Encoding': 'chunked', 'Connection': 'keep-alive', 'X-Powered-By': 'Express', 'Access-Control-Allow-Origin': '*', 'Cache-Control': 'no-cache', 'ETag': 'W/"470-veLKMozeA2uAkTBgZQnKM7iBIxY"', 'Vary': 'Accept-Encoding', 'Content-Encoding': 'gzip', 'CF-Cache-Status': 'DYNAMIC', 'Report-To': '{"endpoints":[{"url":"https:\\/\\/a.nel.cloudflare.com\\/report\\/v4?s=y7uhJq3A8Z3HMnV7IJOSrZVnk32o1TJy83M9aywuWwi3dfvkU0eCredCIuDYCLREe4Sgxo8v7iGCK8tfVuBH0sXEqD2UMJFu%2BEoQx2jQ764GhistQziKTBUPs6RZtgc7"}],"group":"cf-nel","max_age":604800}', 'NEL': '{"success_fraction":0,"report_to":"cf-nel","max_age":604800}', 'Server': 'cloudflare', 'CF-RAY': '874bec6f2ad22b9b-LAX', 'alt-svc': 'h3=":443"; ma=86400'} 
 body={"results":[{"gender":"female","name":{"title":"Miss","first":"Ramya","last":"Rao"},"location":{"street":{"number":3451,"name":"Ashoka Rd"},"city":"Sultan Pur Majra","state":"Kerala","country":"India","postcode":24753,"coordinates":{"latitude":"9.6858","longitude":"45.6486"},"timezone":{"offset":"+4:30","description":"Kabul"}},"email":"ramya.rao@example.com","login":{"uuid":"9b2a50e7-28cb-40c9-822d-c66e5c05f46b","username":"ticklishrabbit477","password":"blaine","salt":"IYTcULIi","md5":"e5ce9488ca4c9d8892eff07fb93c6647","sha1":"a6128f80b5fa57b31b1a92e56b8245dcb9ef7571","sha256":"0461d5e3b2744938537585421eddf36187b78da29b219673a2f781210a6a06e8"},"dob":{"date":"1967-02-22T05:10:26.990Z","age":57},"registered":{"date":"2020-04-11T09:11:47.789Z","age":4},"phone":"9039247418","cell":"9329300889","id":{"name":"UIDAI","value":"131546298210"},"picture":{"large":"https://randomuser.me/api/portraits/women/33.jpg","medium":"https://randomuser.me/api/portraits/med/women/33.jpg","thumbnail":"https://randomuser.me/api/portraits/thumb/women/33.jpg"},"nat":"IN"}],"info":{"seed":"4b506cf2b4e5aabc","results":1,"page":1,"version":"1.4"}} 
 </msg>
<msg time="2024-04-15T12:26:22.033185" level="INFO">/opt/hostedtoolcache/Python/3.12.2/x64/lib/python3.12/site-packages/urllib3/connectionpool.py:1103: InsecureRequestWarning: Unverified HTTPS request is being made to host 'randomuser.me'. Adding certificate verification is strongly advised. See: https://urllib3.readthedocs.io/en/latest/advanced-usage.html#tls-warnings
  warnings.warn(</msg>
<msg time="2024-04-15T12:26:22.033312" level="INFO">${response} = &lt;Response [200]&gt;</msg>
<var>${response}</var>
<arg>consultarAPI</arg>
<arg>/api</arg>
<doc>Sends a GET request on a previously created HTTP Session.</doc>
<status status="PASS" start="2024-04-15T12:26:21.936541" elapsed="0.096809"/>
</kw>
<kw name="Set Variable" owner="BuiltIn">
<msg time="2024-04-15T12:26:22.034455" level="INFO">${json_data} = {'results': [{'gender': 'female', 'name': {'title': 'Miss', 'first': 'Ramya', 'last': 'Rao'}, 'location': {'street': {'number': 3451, 'name': 'Ashoka Rd'}, 'city': 'Sultan Pur Majra', 'state': 'Kerala...</msg>
<var>${json_data}</var>
<arg>${response.json()}</arg>
<doc>Returns the given values which can then be assigned to a variables.</doc>
<status status="PASS" start="2024-04-15T12:26:22.033898" elapsed="0.000586"/>
</kw>
<kw name="Log" owner="BuiltIn">
<msg time="2024-04-15T12:26:22.035025" level="INFO">{'results': [{'gender': 'female', 'name': {'title': 'Miss', 'first': 'Ramya', 'last': 'Rao'}, 'location': {'street': {'number': 3451, 'name': 'Ashoka Rd'}, 'city': 'Sultan Pur Majra', 'state': 'Kerala', 'country': 'India', 'postcode': 24753, 'coordinates': {'latitude': '9.6858', 'longitude': '45.6486'}, 'timezone': {'offset': '+4:30', 'description': 'Kabul'}}, 'email': 'ramya.rao@example.com', 'login': {'uuid': '9b2a50e7-28cb-40c9-822d-c66e5c05f46b', 'username': 'ticklishrabbit477', 'password': 'blaine', 'salt': 'IYTcULIi', 'md5': 'e5ce9488ca4c9d8892eff07fb93c6647', 'sha1': 'a6128f80b5fa57b31b1a92e56b8245dcb9ef7571', 'sha256': '0461d5e3b2744938537585421eddf36187b78da29b219673a2f781210a6a06e8'}, 'dob': {'date': '1967-02-22T05:10:26.990Z', 'age': 57}, 'registered': {'date': '2020-04-11T09:11:47.789Z', 'age': 4}, 'phone': '9039247418', 'cell': '9329300889', 'id': {'name': 'UIDAI', 'value': '131546298210'}, 'picture': {'large': 'https://randomuser.me/api/portraits/women/33.jpg', 'medium': 'https://randomuser.me/api/portraits/med/women/33.jpg', 'thumbnail': 'https://randomuser.me/api/portraits/thumb/women/33.jpg'}, 'nat': 'IN'}], 'info': {'seed': '4b506cf2b4e5aabc', 'results': 1, 'page': 1, 'version': '1.4'}}</msg>
<arg>${json_data}</arg>
<doc>Logs the given message with the given level.</doc>
<status status="PASS" start="2024-04-15T12:26:22.034845" elapsed="0.000269"/>
</kw>
<kw name="Should Be String" owner="String">
<arg>${json_data['results'][0]['gender']}</arg>
<doc>Fails if the given ``item`` is not a string.</doc>
<status status="PASS" start="2024-04-15T12:26:22.035428" elapsed="0.000386"/>
</kw>
<kw name="Should Match Regexp" owner="BuiltIn">
<arg>${json_data['results'][0]['email']}</arg>
<arg>^[a-zA-Z0-9._%+-]+@[a-zA-Z0-9.-]+\.[a-zA-Z]{2,}$</arg>
<doc>Fails if ``string`` does not match ``pattern`` as a regular expression.</doc>
<status status="PASS" start="2024-04-15T12:26:22.036010" elapsed="0.000582"/>
</kw>
<kw name="Should Match Regexp" owner="BuiltIn">
<arg>${json_data['results'][0]['dob']['date']}</arg>
<arg>\\d{4}-\\d{2}-\\d{2}T\\d{2}:\\d{2}:\\d{2}\\.\\d{3}Z</arg>
<doc>Fails if ``string`` does not match ``pattern`` as a regular expression.</doc>
<status status="PASS" start="2024-04-15T12:26:22.036795" elapsed="0.000507"/>
</kw>
<kw name="Should Match Regexp" owner="BuiltIn">
<arg>${json_data['results'][0]['registered']['date']}</arg>
<arg>\\d{4}-\\d{2}-\\d{2}T\\d{2}:\\d{2}:\\d{2}\\.\\d{3}Z</arg>
<doc>Fails if ``string`` does not match ``pattern`` as a regular expression.</doc>
<status status="PASS" start="2024-04-15T12:26:22.037498" elapsed="0.000372"/>
</kw>
<kw name="Should Match Regexp" owner="BuiltIn">
<arg>${json_data['results'][0]['picture']['large']}</arg>
<arg>^https?://.*\.(?:png|jpe?g|gif|bmp)$</arg>
<doc>Fails if ``string`` does not match ``pattern`` as a regular expression.</doc>
<status status="PASS" start="2024-04-15T12:26:22.038057" elapsed="0.000465"/>
</kw>
<kw name="Should Match Regexp" owner="BuiltIn">
<arg>${json_data['results'][0]['picture']['medium']}</arg>
<arg>^https?://.*\.(?:png|jpe?g|gif|bmp)$</arg>
<doc>Fails if ``string`` does not match ``pattern`` as a regular expression.</doc>
<status status="PASS" start="2024-04-15T12:26:22.038711" elapsed="0.000352"/>
</kw>
<kw name="Should Match Regexp" owner="BuiltIn">
<arg>${json_data['results'][0]['picture']['thumbnail']}</arg>
<arg>^https?://.*\.(?:png|jpe?g|gif|bmp)$</arg>
<doc>Fails if ``string`` does not match ``pattern`` as a regular expression.</doc>
<status status="PASS" start="2024-04-15T12:26:22.039254" elapsed="0.000357"/>
</kw>
<kw name="Log" owner="BuiltIn">
<msg time="2024-04-15T12:26:22.040153" level="INFO">{'large': 'https://randomuser.me/api/portraits/women/33.jpg', 'medium': 'https://randomuser.me/api/portraits/med/women/33.jpg', 'thumbnail': 'https://randomuser.me/api/portraits/thumb/women/33.jpg'}</msg>
<arg>${json_data['results'][0]['picture']}</arg>
<doc>Logs the given message with the given level.</doc>
<status status="PASS" start="2024-04-15T12:26:22.039795" elapsed="0.000408"/>
</kw>
<status status="PASS" start="2024-04-15T12:26:21.936295" elapsed="0.104181"/>
</kw>
<kw name="Teste de Tipos de Dados - Postcode" owner="random-user-service">
<kw name="GET On Session" owner="RequestsLibrary">
<msg time="2024-04-15T12:26:22.138855" level="INFO">GET Request : url=https://randomuser.me/api 
 path_url=/api 
 headers={'User-Agent': 'python-requests/2.31.0', 'Accept-Encoding': 'gzip, deflate', 'Accept': '*/*', 'Connection': 'keep-alive'} 
 body=None 
 </msg>
<msg time="2024-04-15T12:26:22.138972" level="INFO">GET Response : url=https://randomuser.me/api 
 status=200, reason=OK 
 headers={'Date': 'Mon, 15 Apr 2024 12:26:22 GMT', 'Content-Type': 'application/json; charset=utf-8', 'Transfer-Encoding': 'chunked', 'Connection': 'keep-alive', 'X-Powered-By': 'Express', 'Access-Control-Allow-Origin': '*', 'Cache-Control': 'no-cache', 'ETag': 'W/"476-JPMNP13zns5IIOqAl+EfByt05TM"', 'Vary': 'Accept-Encoding', 'Content-Encoding': 'gzip', 'CF-Cache-Status': 'DYNAMIC', 'Report-To': '{"endpoints":[{"url":"https:\\/\\/a.nel.cloudflare.com\\/report\\/v4?s=CKW9%2Fe1%2FEIeyqXJwJUEu0mrl%2FwZch%2F42MOaXraWPa291%2BCK7H3E%2FcATBtRybYuSjrXVzZZXWl0Eg2cr3qo4hZ4lBUgxYIUeCuORLn4p87RByKxcVmE1rNkOZsZaVXrjO"}],"group":"cf-nel","max_age":604800}', 'NEL': '{"success_fraction":0,"report_to":"cf-nel","max_age":604800}', 'Server': 'cloudflare', 'CF-RAY': '874bec6fcb362b9b-LAX', 'alt-svc': 'h3=":443"; ma=86400'} 
 body={"results":[{"gender":"male","name":{"title":"Mr","first":"William","last":"Olsen"},"location":{"street":{"number":6647,"name":"Højgårdsvej"},"city":"København S","state":"Midtjylland","country":"Denmark","postcode":80535,"coordinates":{"latitude":"-42.5955","longitude":"-19.9305"},"timezone":{"offset":"-2:00","description":"Mid-Atlantic"}},"email":"william.olsen@example.com","login":{"uuid":"fb6a565c-6993-4540-8a25-6e2f1c8a9b4e","username":"blackgoose475","password":"natasha","salt":"AKKovtbX","md5":"b9c26162e52130a545a318cdff9e4495","sha1":"1516ff87307da80dfbf08d36b33658b3f0d5ef03","sha256":"13ae1705ebffa01a007d1332a98d9ad78c38c188191d0c61a794caacf360a10e"},"dob":{"date":"1994-12-18T10:57:06.384Z","age":29},"registered":{"date":"2005-08-05T06:38:39.707Z","age":18},"phone":"17566739","cell":"42935176","id":{"name":"CPR","value":"181294-5113"},"picture":{"large":"https://randomuser.me/api/portraits/men/94.jpg","medium":"https://randomuser.me/api/portraits/med/men/94.jpg","thumbnail":"https://randomuser.me/api/portraits/thumb/men/94.jpg"},"nat":"DK"}],"info":{"seed":"bc58403be2ca2147","results":1,"page":1,"version":"1.4"}} 
 </msg>
<msg time="2024-04-15T12:26:22.139065" level="INFO">/opt/hostedtoolcache/Python/3.12.2/x64/lib/python3.12/site-packages/urllib3/connectionpool.py:1103: InsecureRequestWarning: Unverified HTTPS request is being made to host 'randomuser.me'. Adding certificate verification is strongly advised. See: https://urllib3.readthedocs.io/en/latest/advanced-usage.html#tls-warnings
  warnings.warn(</msg>
<msg time="2024-04-15T12:26:22.139212" level="INFO">${response} = &lt;Response [200]&gt;</msg>
<var>${response}</var>
<arg>consultarAPI</arg>
<arg>/api</arg>
<doc>Sends a GET request on a previously created HTTP Session.</doc>
<status status="PASS" start="2024-04-15T12:26:22.040972" elapsed="0.098280"/>
</kw>
<kw name="Set Variable" owner="BuiltIn">
<msg time="2024-04-15T12:26:22.140385" level="INFO">${json_data} = {'results': [{'gender': 'male', 'name': {'title': 'Mr', 'first': 'William', 'last': 'Olsen'}, 'location': {'street': {'number': 6647, 'name': 'Højgårdsvej'}, 'city': 'København S', 'state': 'Midtjylla...</msg>
<var>${json_data}</var>
<arg>${response.json()}</arg>
<doc>Returns the given values which can then be assigned to a variables.</doc>
<status status="PASS" start="2024-04-15T12:26:22.139781" elapsed="0.000634"/>
</kw>
<kw name="Log" owner="BuiltIn">
<msg time="2024-04-15T12:26:22.140889" level="INFO">{'results': [{'gender': 'male', 'name': {'title': 'Mr', 'first': 'William', 'last': 'Olsen'}, 'location': {'street': {'number': 6647, 'name': 'Højgårdsvej'}, 'city': 'København S', 'state': 'Midtjylland', 'country': 'Denmark', 'postcode': 80535, 'coordinates': {'latitude': '-42.5955', 'longitude': '-19.9305'}, 'timezone': {'offset': '-2:00', 'description': 'Mid-Atlantic'}}, 'email': 'william.olsen@example.com', 'login': {'uuid': 'fb6a565c-6993-4540-8a25-6e2f1c8a9b4e', 'username': 'blackgoose475', 'password': 'natasha', 'salt': 'AKKovtbX', 'md5': 'b9c26162e52130a545a318cdff9e4495', 'sha1': '1516ff87307da80dfbf08d36b33658b3f0d5ef03', 'sha256': '13ae1705ebffa01a007d1332a98d9ad78c38c188191d0c61a794caacf360a10e'}, 'dob': {'date': '1994-12-18T10:57:06.384Z', 'age': 29}, 'registered': {'date': '2005-08-05T06:38:39.707Z', 'age': 18}, 'phone': '17566739', 'cell': '42935176', 'id': {'name': 'CPR', 'value': '181294-5113'}, 'picture': {'large': 'https://randomuser.me/api/portraits/men/94.jpg', 'medium': 'https://randomuser.me/api/portraits/med/men/94.jpg', 'thumbnail': 'https://randomuser.me/api/portraits/thumb/men/94.jpg'}, 'nat': 'DK'}], 'info': {'seed': 'bc58403be2ca2147', 'results': 1, 'page': 1, 'version': '1.4'}}</msg>
<arg>${json_data}</arg>
<doc>Logs the given message with the given level.</doc>
<status status="PASS" start="2024-04-15T12:26:22.140729" elapsed="0.000210"/>
</kw>
<kw name="Should Be Equal As Numbers" owner="BuiltIn">
<arg>${json_data['results'][0]['location']['postcode']}</arg>
<arg>${json_data['results'][0]['location']['postcode']}</arg>
<doc>Fails if objects are unequal after converting them to real numbers.</doc>
<status status="PASS" start="2024-04-15T12:26:22.141240" elapsed="0.000837"/>
</kw>
<kw name="Log" owner="BuiltIn">
<msg time="2024-04-15T12:26:22.142608" level="INFO">80535</msg>
<arg>${json_data['results'][0]['location']['postcode']}</arg>
<doc>Logs the given message with the given level.</doc>
<status status="PASS" start="2024-04-15T12:26:22.142273" elapsed="0.000375"/>
</kw>
<status status="PASS" start="2024-04-15T12:26:22.040713" elapsed="0.102194"/>
</kw>
<doc>Testa se os tipos de dados na resposta da API estão corretos.</doc>
<tag>testeTiposDados</tag>
<status status="PASS" start="2024-04-15T12:26:21.935767" elapsed="0.207313"/>
</test>
<test id="s1-s1-t5" name="Validar conteudo" line="35">
<kw name="Teste de Tipos de Conteudo" owner="random-user-service">
<kw name="GET On Session" owner="RequestsLibrary">
<msg time="2024-04-15T12:26:22.445769" level="INFO">GET Request : url=https://randomuser.me/api 
 path_url=/api 
 headers={'User-Agent': 'python-requests/2.31.0', 'Accept-Encoding': 'gzip, deflate', 'Accept': '*/*', 'Connection': 'keep-alive'} 
 body=None 
 </msg>
<msg time="2024-04-15T12:26:22.445875" level="INFO">GET Response : url=https://randomuser.me/api 
 status=200, reason=OK 
 headers={'Date': 'Mon, 15 Apr 2024 12:26:22 GMT', 'Content-Type': 'application/json; charset=utf-8', 'Transfer-Encoding': 'chunked', 'Connection': 'keep-alive', 'X-Powered-By': 'Express', 'Access-Control-Allow-Origin': '*', 'Cache-Control': 'no-cache', 'ETag': 'W/"4a0-f3tN4rKqfyjU4B/nniwfwoiyQ34"', 'Vary': 'Accept-Encoding', 'Content-Encoding': 'gzip', 'CF-Cache-Status': 'DYNAMIC', 'Report-To': '{"endpoints":[{"url":"https:\\/\\/a.nel.cloudflare.com\\/report\\/v4?s=kTrKs0w8rPfUYtzQSxFcSnwGlUlB2gb9pFArzLeWpNE4OSDnc45wA4P9UuMO8WJbIqfh4PqbLJ4fgvxdG1xWsoS9REZTnx4Z54h973BuL%2Fr1szV%2BueklO4wLyPHDzwOU"}],"group":"cf-nel","max_age":604800}', 'NEL': '{"success_fraction":0,"report_to":"cf-nel","max_age":604800}', 'Server': 'cloudflare', 'CF-RAY': '874bec706bdb2b9b-LAX', 'alt-svc': 'h3=":443"; ma=86400'} 
 body={"results":[{"gender":"female","name":{"title":"Mrs","first":"نازنین","last":"قاسمی"},"location":{"street":{"number":7278,"name":"دکتر چمران"},"city":"ارومیه","state":"اصفهان","country":"Iran","postcode":82753,"coordinates":{"latitude":"19.2209","longitude":"147.6695"},"timezone":{"offset":"+8:00","description":"Beijing, Perth, Singapore, Hong Kong"}},"email":"nznyn.qsmy@example.com","login":{"uuid":"c8adb412-c04b-4dd4-8a80-7fc177d529b3","username":"angryladybug974","password":"legolas","salt":"bqSY2pGN","md5":"9c7b6aacbf6dc97f20df291eb6c1191d","sha1":"241ca08589c471894f911c4c135367eaf267c257","sha256":"a76f97f026e2c76cc1df44af911ca9918a3be92ba898eeded3518fde7efb7c21"},"dob":{"date":"1989-07-28T19:45:25.211Z","age":34},"registered":{"date":"2003-09-29T17:11:53.591Z","age":20},"phone":"048-31572688","cell":"0965-141-0863","id":{"name":"","value":null},"picture":{"large":"https://randomuser.me/api/portraits/women/45.jpg","medium":"https://randomuser.me/api/portraits/med/women/45.jpg","thumbnail":"https://randomuser.me/api/portraits/thumb/women/45.jpg"},"nat":"IR"}],"info":{"seed":"3a0e776e3d1a3d2b","results":1,"page":1,"version":"1.4"}} 
 </msg>
<msg time="2024-04-15T12:26:22.445956" level="INFO">/opt/hostedtoolcache/Python/3.12.2/x64/lib/python3.12/site-packages/urllib3/connectionpool.py:1103: InsecureRequestWarning: Unverified HTTPS request is being made to host 'randomuser.me'. Adding certificate verification is strongly advised. See: https://urllib3.readthedocs.io/en/latest/advanced-usage.html#tls-warnings
  warnings.warn(</msg>
<msg time="2024-04-15T12:26:22.446082" level="INFO">${response} = &lt;Response [200]&gt;</msg>
<var>${response}</var>
<arg>consultarAPI</arg>
<arg>/api</arg>
<doc>Sends a GET request on a previously created HTTP Session.</doc>
<status status="PASS" start="2024-04-15T12:26:22.145555" elapsed="0.300567"/>
</kw>
<kw name="Set Variable" owner="BuiltIn">
<msg time="2024-04-15T12:26:22.447180" level="INFO">${json_data} = {'results': [{'gender': 'female', 'name': {'title': 'Mrs', 'first': 'نازنین', 'last': 'قاسمی'}, 'location': {'street': {'number': 7278, 'name': 'دکتر چمران'}, 'city': 'ارومیه', 'state': 'اصفهان', 'cou...</msg>
<var>${json_data}</var>
<arg>${response.json()}</arg>
<doc>Returns the given values which can then be assigned to a variables.</doc>
<status status="PASS" start="2024-04-15T12:26:22.446644" elapsed="0.000566"/>
</kw>
<kw name="Set Variable" owner="BuiltIn">
<msg time="2024-04-15T12:26:22.447915" level="INFO">${name_title} = Mrs</msg>
<var>${name_title}</var>
<arg>${json_data["results"][0]["name"]["title"]}</arg>
<doc>Returns the given values which can then be assigned to a variables.</doc>
<status status="PASS" start="2024-04-15T12:26:22.447522" elapsed="0.000417"/>
</kw>
<kw name="Create List" owner="BuiltIn">
<msg time="2024-04-15T12:26:22.448432" level="INFO">${allowed_titles} = ['Mr', 'Ms', 'Miss', 'Mrs', 'Madame', 'Monsieur']</msg>
<var>${allowed_titles}</var>
<arg>Mr</arg>
<arg>Ms</arg>
<arg>Miss</arg>
<arg>Mrs</arg>
<arg>Madame</arg>
<arg>Monsieur</arg>
<doc>Returns a list containing given items.</doc>
<status status="PASS" start="2024-04-15T12:26:22.448279" elapsed="0.000177"/>
</kw>
<kw name="List Should Contain Value" owner="Collections">
<msg time="2024-04-15T12:26:22.448937" level="INFO">False</msg>
<arg>${allowed_titles}</arg>
<arg>${name_title}</arg>
<doc>Fails if the ``value`` is not found from ``list``.</doc>
<status status="PASS" start="2024-04-15T12:26:22.448763" elapsed="0.000212"/>
</kw>
<kw name="Set Variable" owner="BuiltIn">
<msg time="2024-04-15T12:26:22.449649" level="INFO">${name_country} = IR</msg>
<var>${name_country}</var>
<arg>${json_data["results"][0]["nat"]}</arg>
<doc>Returns the given values which can then be assigned to a variables.</doc>
<status status="PASS" start="2024-04-15T12:26:22.449266" elapsed="0.000408"/>
</kw>
<kw name="Create List" owner="BuiltIn">
<msg time="2024-04-15T12:26:22.450585" level="INFO">${list_country} = ['AD', 'AE', 'AF', 'AG', 'AI', 'AL', 'AM', 'AO', 'AQ', 'AR', 'AS', 'AT', 'AU', 'AW', 'AX', 'AZ', 'BA', 'BB', 'BD', 'BE', 'BF', 'BG', 'BH', 'BI', 'BJ', 'BL', 'BM', 'BN', 'BO', 'BQ', 'BR', 'BS', 'BT', '...</msg>
<var>${list_country}</var>
<arg>AD</arg>
<arg>AE</arg>
<arg>AF</arg>
<arg>AG</arg>
<arg>AI</arg>
<arg>AL</arg>
<arg>AM</arg>
<arg>AO</arg>
<arg>AQ</arg>
<arg>AR</arg>
<arg>AS</arg>
<arg>AT</arg>
<arg>AU</arg>
<arg>AW</arg>
<arg>AX</arg>
<arg>AZ</arg>
<arg>BA</arg>
<arg>BB</arg>
<arg>BD</arg>
<arg>BE</arg>
<arg>BF</arg>
<arg>BG</arg>
<arg>BH</arg>
<arg>BI</arg>
<arg>BJ</arg>
<arg>BL</arg>
<arg>BM</arg>
<arg>BN</arg>
<arg>BO</arg>
<arg>BQ</arg>
<arg>BR</arg>
<arg>BS</arg>
<arg>BT</arg>
<arg>BV</arg>
<arg>BW</arg>
<arg>BY</arg>
<arg>BZ</arg>
<arg>CA</arg>
<arg>CC</arg>
<arg>CD</arg>
<arg>CF</arg>
<arg>CG</arg>
<arg>CH</arg>
<arg>CI</arg>
<arg>CK</arg>
<arg>CL</arg>
<arg>CM</arg>
<arg>CN</arg>
<arg>CO</arg>
<arg>CR</arg>
<arg>CU</arg>
<arg>CV</arg>
<arg>CW</arg>
<arg>CX</arg>
<arg>CY</arg>
<arg>CZ</arg>
<arg>DE</arg>
<arg>DJ</arg>
<arg>DK</arg>
<arg>DM</arg>
<arg>DO</arg>
<arg>DZ</arg>
<arg>EC</arg>
<arg>EE</arg>
<arg>EG</arg>
<arg>EH</arg>
<arg>ER</arg>
<arg>ES</arg>
<arg>ET</arg>
<arg>FI</arg>
<arg>FJ</arg>
<arg>FK</arg>
<arg>FM</arg>
<arg>FO</arg>
<arg>FR</arg>
<arg>GA</arg>
<arg>GB</arg>
<arg>GD</arg>
<arg>GE</arg>
<arg>GF</arg>
<arg>GG</arg>
<arg>GH</arg>
<arg>GI</arg>
<arg>GL</arg>
<arg>GM</arg>
<arg>GN</arg>
<arg>GP</arg>
<arg>GQ</arg>
<arg>GR</arg>
<arg>GS</arg>
<arg>GT</arg>
<arg>GU</arg>
<arg>GW</arg>
<arg>GY</arg>
<arg>HK</arg>
<arg>HM</arg>
<arg>HN</arg>
<arg>HR</arg>
<arg>HT</arg>
<arg>HU</arg>
<arg>ID</arg>
<arg>IE</arg>
<arg>IL</arg>
<arg>IM</arg>
<arg>IN</arg>
<arg>IO</arg>
<arg>IQ</arg>
<arg>IR</arg>
<arg>IS</arg>
<arg>IT</arg>
<arg>JE</arg>
<arg>JM</arg>
<arg>JO</arg>
<arg>JP</arg>
<arg>KE</arg>
<arg>KG</arg>
<arg>KH</arg>
<arg>KI</arg>
<arg>KM</arg>
<arg>KN</arg>
<arg>KP</arg>
<arg>KR</arg>
<arg>KW</arg>
<arg>KY</arg>
<arg>KZ</arg>
<arg>LA</arg>
<arg>LB</arg>
<arg>LC</arg>
<arg>LI</arg>
<arg>LK</arg>
<arg>LR</arg>
<arg>LS</arg>
<arg>LT</arg>
<arg>LU</arg>
<arg>LV</arg>
<arg>LY</arg>
<arg>MA</arg>
<arg>MC</arg>
<arg>MD</arg>
<arg>ME</arg>
<arg>MF</arg>
<arg>MG</arg>
<arg>MH</arg>
<arg>MK</arg>
<arg>ML</arg>
<arg>MM</arg>
<arg>MN</arg>
<arg>MO</arg>
<arg>MP</arg>
<arg>MQ</arg>
<arg>MR</arg>
<arg>MS</arg>
<arg>MT</arg>
<arg>MU</arg>
<arg>MV</arg>
<arg>MW</arg>
<arg>MX</arg>
<arg>MY</arg>
<arg>MZ</arg>
<arg>NA</arg>
<arg>NC</arg>
<arg>NE</arg>
<arg>NF</arg>
<arg>NG</arg>
<arg>NI</arg>
<arg>NL</arg>
<arg>NO</arg>
<arg>NP</arg>
<arg>NR</arg>
<arg>NU</arg>
<arg>NZ</arg>
<arg>OM</arg>
<arg>PA</arg>
<arg>PE</arg>
<arg>PF</arg>
<arg>PG</arg>
<arg>PH</arg>
<arg>PK</arg>
<arg>PL</arg>
<arg>PM</arg>
<arg>PN</arg>
<arg>PR</arg>
<arg>PS</arg>
<arg>PT</arg>
<arg>PW</arg>
<arg>PY</arg>
<arg>QA</arg>
<arg>RE</arg>
<arg>RO</arg>
<arg>RS</arg>
<arg>RU</arg>
<arg>RW</arg>
<arg>SA</arg>
<arg>SB</arg>
<arg>SC</arg>
<arg>SD</arg>
<arg>SE</arg>
<arg>SG</arg>
<arg>SH</arg>
<arg>SI</arg>
<arg>SJ</arg>
<arg>SK</arg>
<arg>SL</arg>
<arg>SM</arg>
<arg>SN</arg>
<arg>SO</arg>
<arg>SR</arg>
<arg>SS</arg>
<arg>ST</arg>
<arg>SV</arg>
<arg>SX</arg>
<arg>SY</arg>
<arg>SZ</arg>
<arg>TC</arg>
<arg>TD</arg>
<arg>TF</arg>
<arg>TG</arg>
<arg>TH</arg>
<arg>TJ</arg>
<arg>TK</arg>
<arg>TL</arg>
<arg>TM</arg>
<arg>TN</arg>
<arg>TO</arg>
<arg>TR</arg>
<arg>TT</arg>
<arg>TV</arg>
<arg>TW</arg>
<arg>TZ</arg>
<arg>UA</arg>
<arg>UG</arg>
<arg>UM</arg>
<arg>US</arg>
<arg>UY</arg>
<arg>UZ</arg>
<arg>VA</arg>
<arg>VC</arg>
<arg>VE</arg>
<arg>VG</arg>
<arg>VI</arg>
<arg>VN</arg>
<arg>VU</arg>
<arg>WF</arg>
<arg>WS</arg>
<arg>XK</arg>
<arg>YE</arg>
<arg>YT</arg>
<arg>ZA</arg>
<arg>ZM</arg>
<arg>ZW</arg>
<doc>Returns a list containing given items.</doc>
<status status="PASS" start="2024-04-15T12:26:22.449983" elapsed="0.000627"/>
</kw>
<kw name="List Should Contain Value" owner="Collections">
<msg time="2024-04-15T12:26:22.451592" level="INFO">False</msg>
<arg>${list_country}</arg>
<arg>${name_country}</arg>
<doc>Fails if the ``value`` is not found from ``list``.</doc>
<status status="PASS" start="2024-04-15T12:26:22.451387" elapsed="0.000242"/>
</kw>
<kw name="Run Keyword If" owner="BuiltIn">
<kw name="Should Be True" owner="BuiltIn">
<arg>${True}</arg>
<doc>Fails if the given condition is not true.</doc>
<status status="PASS" start="2024-04-15T12:26:22.452781" elapsed="0.000157"/>
</kw>
<arg>${json_data["results"][0]["location"]["coordinates"]["latitude"]} &gt;= -90 and ${json_data["results"][0]["location"]["coordinates"]["latitude"]} &lt;= 90</arg>
<arg>Should Be True</arg>
<arg>${True}</arg>
<doc>Runs the given keyword with the given arguments, if ``condition`` is true.</doc>
<status status="PASS" start="2024-04-15T12:26:22.451949" elapsed="0.001123"/>
</kw>
<kw name="Run Keyword If" owner="BuiltIn">
<kw name="Should Be True" owner="BuiltIn">
<arg>${True}</arg>
<doc>Fails if the given condition is not true.</doc>
<status status="PASS" start="2024-04-15T12:26:22.453986" elapsed="0.000261"/>
</kw>
<arg>${json_data["results"][0]["location"]["coordinates"]["longitude"]} &gt;= -180 and ${json_data["results"][0]["location"]["coordinates"]["longitude"]} &lt;= 180</arg>
<arg>Should Be True</arg>
<arg>${True}</arg>
<doc>Runs the given keyword with the given arguments, if ``condition`` is true.</doc>
<status status="PASS" start="2024-04-15T12:26:22.453260" elapsed="0.001116"/>
</kw>
<status status="PASS" start="2024-04-15T12:26:22.145328" elapsed="0.309180"/>
</kw>
<doc>Testa o conteúdo específico dos campos retornados pela API.</doc>
<tag>testeConteudo</tag>
<status status="PASS" start="2024-04-15T12:26:22.144880" elapsed="0.309784"/>
</test>
<status status="PASS" start="2024-04-15T12:26:21.315852" elapsed="1.140738"/>
</suite>
<status status="PASS" start="2024-04-15T12:26:21.302030" elapsed="1.159847"/>
</suite>
<statistics>
<total>
<stat pass="5" fail="0" skip="0">All Tests</stat>
</total>
<tag>
<stat pass="1" fail="0" skip="0">testeConteudo</stat>
<stat pass="1" fail="0" skip="0">testeEstruturaResposta</stat>
<stat pass="1" fail="0" skip="0">testeRequisicaoBasica</stat>
<stat pass="1" fail="0" skip="0">testeTiposDados</stat>
</tag>
<suite>
<stat pass="5" fail="0" skip="0" id="s1" name="Tests">Tests</stat>
<stat pass="5" fail="0" skip="0" id="s1-s1" name="Random-User-Test">Tests.Random-User-Test</stat>
</suite>
</statistics>
<errors>
</errors>
</robot>
