<?xml version="1.0" encoding="UTF-8"?>
<robot generator="Robot 7.0.1 (Python 3.12.4 on linux)" generated="2024-06-24T02:32:28.807299" rpa="false" schemaversion="5">
<suite id="s1" name="Tests" source="/home/runner/work/ApiRandomUser/ApiRandomUser/RamdonUser/tests">
<suite id="s1-s1" name="Random-User-Test" source="/home/runner/work/ApiRandomUser/ApiRandomUser/RamdonUser/tests/random-user-test.robot">
<test id="s1-s1-t1" name="Conectar" line="13">
<kw name="Conectar API" owner="random-user-service">
<kw name="Create Session" owner="RequestsLibrary">
<msg time="2024-06-24T02:32:29.196748" level="INFO">Creating Session using : alias=consultarAPI, url=https://randomuser.me/, headers={},                     cookies={}, auth=None, timeout=None, proxies=None, verify=False,                     debug=0 </msg>
<arg>consultarAPI</arg>
<arg>${URL}</arg>
<doc>Create Session: create a HTTP session to a server</doc>
<status status="PASS" start="2024-06-24T02:32:29.196552" elapsed="0.000350"/>
</kw>
<status status="PASS" start="2024-06-24T02:32:29.195656" elapsed="0.001588"/>
</kw>
<status status="PASS" start="2024-06-24T02:32:29.195134" elapsed="0.002346"/>
</test>
<test id="s1-s1-t2" name="Validar retorno 200 e JSON Válido" line="16">
<kw name="Teste de Requisicao Basica" owner="random-user-service">
<kw name="GET On Session" owner="RequestsLibrary">
<msg time="2024-06-24T02:32:29.579721" level="INFO">GET Request : url=https://randomuser.me/api 
 path_url=/api 
 headers={'User-Agent': 'python-requests/2.32.3', 'Accept-Encoding': 'gzip, deflate', 'Accept': '*/*', 'Connection': 'keep-alive'} 
 body=None 
 </msg>
<msg time="2024-06-24T02:32:29.579840" level="INFO">GET Response : url=https://randomuser.me/api 
 status=200, reason=OK 
 headers={'Date': 'Mon, 24 Jun 2024 02:32:29 GMT', 'Content-Type': 'application/json; charset=utf-8', 'Transfer-Encoding': 'chunked', 'Connection': 'keep-alive', 'X-Powered-By': 'Express', 'Access-Control-Allow-Origin': '*', 'Cache-Control': 'no-cache', 'ETag': 'W/"495-f9WG96dN45U8xGvQpdAcvQtzDRo"', 'Vary': 'Accept-Encoding', 'Content-Encoding': 'gzip', 'CF-Cache-Status': 'DYNAMIC', 'Report-To': '{"endpoints":[{"url":"https:\\/\\/a.nel.cloudflare.com\\/report\\/v4?s=HW8w06CvRqwCI6q6i1jLyvNMJi1bAR0rg9IoOV3UioOCeHeah8AlOCJzCDzsl0CHCbCOXegC0UQamtu9V%2FyujxPCNLFdv7MlkbYNb%2F8xjS8zKwZ3mWx1jtYxWkzak%2Bef"}],"group":"cf-nel","max_age":604800}', 'NEL': '{"success_fraction":0,"report_to":"cf-nel","max_age":604800}', 'Server': 'cloudflare', 'CF-RAY': '89894ebfa81f241f-IAD', 'alt-svc': 'h3=":443"; ma=86400'} 
 body={"results":[{"gender":"female","name":{"title":"Miss","first":"Paige","last":"Davies"},"location":{"street":{"number":5730,"name":"Ti Rakau Drive"},"city":"Timaru","state":"Hawke'S Bay","country":"New Zealand","postcode":47229,"coordinates":{"latitude":"51.0339","longitude":"31.9452"},"timezone":{"offset":"+5:30","description":"Bombay, Calcutta, Madras, New Delhi"}},"email":"paige.davies@example.com","login":{"uuid":"c23b9ed4-654a-4f84-81ea-6213f2cbda0f","username":"purplegorilla219","password":"swedish","salt":"wtP0FsFf","md5":"28a61f9083ff9afc95f42cd97c0a5f37","sha1":"4f518b4f3e09cef9b5ed926c4eb1ddbe83d68477","sha256":"83ae12b6add1d2d1e19a5306c42a0515a05dd31bb51589d16f809104a1b24b1c"},"dob":{"date":"1950-02-04T18:29:36.477Z","age":74},"registered":{"date":"2006-07-21T23:21:00.903Z","age":17},"phone":"(177)-860-9698","cell":"(516)-055-0192","id":{"name":"","value":null},"picture":{"large":"https://randomuser.me/api/portraits/women/92.jpg","medium":"https://randomuser.me/api/portraits/med/women/92.jpg","thumbnail":"https://randomuser.me/api/portraits/thumb/women/92.jpg"},"nat":"NZ"}],"info":{"seed":"909c2d43876139f6","results":1,"page":1,"version":"1.4"}} 
 </msg>
<msg time="2024-06-24T02:32:29.579912" level="INFO">/opt/hostedtoolcache/Python/3.12.4/x64/lib/python3.12/site-packages/urllib3/connectionpool.py:1099: InsecureRequestWarning: Unverified HTTPS request is being made to host 'randomuser.me'. Adding certificate verification is strongly advised. See: https://urllib3.readthedocs.io/en/latest/advanced-usage.html#tls-warnings
  warnings.warn(</msg>
<msg time="2024-06-24T02:32:29.580021" level="INFO">${response} = &lt;Response [200]&gt;</msg>
<var>${response}</var>
<arg>consultarAPI</arg>
<arg>/api</arg>
<doc>Sends a GET request on a previously created HTTP Session.</doc>
<status status="PASS" start="2024-06-24T02:32:29.200037" elapsed="0.380027"/>
</kw>
<kw name="Should Be Equal As Numbers" owner="BuiltIn">
<msg time="2024-06-24T02:32:29.580923" level="INFO">Argument types are:
&lt;class 'int'&gt;
&lt;class 'str'&gt;</msg>
<arg>${response.status_code}</arg>
<arg>200</arg>
<doc>Fails if objects are unequal after converting them to real numbers.</doc>
<status status="PASS" start="2024-06-24T02:32:29.580504" elapsed="0.000486"/>
</kw>
<kw name="Log" owner="BuiltIn">
<msg time="2024-06-24T02:32:29.581697" level="INFO">200</msg>
<arg>${response.status_code}</arg>
<doc>Logs the given message with the given level.</doc>
<status status="PASS" start="2024-06-24T02:32:29.581303" elapsed="0.000436"/>
</kw>
<kw name="Set Variable" owner="BuiltIn">
<msg time="2024-06-24T02:32:29.582471" level="INFO">${json_data} = {'results': [{'gender': 'female', 'name': {'title': 'Miss', 'first': 'Paige', 'last': 'Davies'}, 'location': {'street': {'number': 5730, 'name': 'Ti Rakau Drive'}, 'city': 'Timaru', 'state': "Hawke'S ...</msg>
<var>${json_data}</var>
<arg>${response.json()}</arg>
<doc>Returns the given values which can then be assigned to a variables.</doc>
<status status="PASS" start="2024-06-24T02:32:29.582040" elapsed="0.000459"/>
</kw>
<kw name="Dictionary Should Contain Key" owner="Collections">
<arg>${json_data}</arg>
<arg>results</arg>
<doc>Fails if ``key`` is not found from ``dictionary``.</doc>
<status status="PASS" start="2024-06-24T02:32:29.582795" elapsed="0.000164"/>
</kw>
<status status="PASS" start="2024-06-24T02:32:29.199796" elapsed="0.383308"/>
</kw>
<doc>Testa se a API responde corretamente e retorna um objeto JSON válido.</doc>
<tag>testeRequisicaoBasica</tag>
<status status="PASS" start="2024-06-24T02:32:29.199339" elapsed="0.383925"/>
</test>
<test id="s1-s1-t3" name="Validar estrutura de resposta" line="22">
<kw name="Teste de Estrutura de Resposta" owner="random-user-service">
<kw name="GET On Session" owner="RequestsLibrary">
<msg time="2024-06-24T02:32:29.753308" level="INFO">GET Request : url=https://randomuser.me/api 
 path_url=/api 
 headers={'User-Agent': 'python-requests/2.32.3', 'Accept-Encoding': 'gzip, deflate', 'Accept': '*/*', 'Connection': 'keep-alive'} 
 body=None 
 </msg>
<msg time="2024-06-24T02:32:29.753440" level="INFO">GET Response : url=https://randomuser.me/api 
 status=200, reason=OK 
 headers={'Date': 'Mon, 24 Jun 2024 02:32:29 GMT', 'Content-Type': 'application/json; charset=utf-8', 'Transfer-Encoding': 'chunked', 'Connection': 'keep-alive', 'X-Powered-By': 'Express', 'Access-Control-Allow-Origin': '*', 'Cache-Control': 'no-cache', 'ETag': 'W/"49e-CKZkXmKaD2GNV/zc/SjVouhYd7M"', 'Vary': 'Accept-Encoding', 'Content-Encoding': 'gzip', 'CF-Cache-Status': 'DYNAMIC', 'Report-To': '{"endpoints":[{"url":"https:\\/\\/a.nel.cloudflare.com\\/report\\/v4?s=9Ppj1KwnuscRxzVP4XCkr9f6ENWd0vvSsg5qpwGEErYSj4MB8Dql2vR%2Bf3igYcmJdFruowrdX5gxdL05aUUOWEM5bHKg3VI2WrEKOiqdJqKKhNHMaOZQ%2FEzr%2B2%2FPql%2BS"}],"group":"cf-nel","max_age":604800}', 'NEL': '{"success_fraction":0,"report_to":"cf-nel","max_age":604800}', 'Server': 'cloudflare', 'CF-RAY': '89894ec0f9d7241f-IAD', 'alt-svc': 'h3=":443"; ma=86400'} 
 body={"results":[{"gender":"female","name":{"title":"Mrs","first":"Mia","last":"Edwards"},"location":{"street":{"number":8774,"name":"Manor Road"},"city":"Wakefield","state":"Devon","country":"United Kingdom","postcode":"E4 7GB","coordinates":{"latitude":"-9.2617","longitude":"91.9636"},"timezone":{"offset":"+11:00","description":"Magadan, Solomon Islands, New Caledonia"}},"email":"mia.edwards@example.com","login":{"uuid":"b3afe6e4-9846-48ad-b217-73349f0d657e","username":"lazyladybug283","password":"alexia","salt":"IryHN2Rj","md5":"ad38ee4ae1dd80953274f706b96a3928","sha1":"a9e4dfd55f924be51c680cf23a633e8dcd1eced8","sha256":"022e789adf8df7cf301a957375b655ba87effe8ae26ff82bc19a026f88a16f4c"},"dob":{"date":"1958-10-17T20:24:58.666Z","age":65},"registered":{"date":"2007-08-15T08:49:47.058Z","age":16},"phone":"017683 01022","cell":"07983 322346","id":{"name":"NINO","value":"CM 98 92 40 S"},"picture":{"large":"https://randomuser.me/api/portraits/women/54.jpg","medium":"https://randomuser.me/api/portraits/med/women/54.jpg","thumbnail":"https://randomuser.me/api/portraits/thumb/women/54.jpg"},"nat":"GB"}],"info":{"seed":"4c5433c1afcba1b6","results":1,"page":1,"version":"1.4"}} 
 </msg>
<msg time="2024-06-24T02:32:29.753566" level="INFO">/opt/hostedtoolcache/Python/3.12.4/x64/lib/python3.12/site-packages/urllib3/connectionpool.py:1099: InsecureRequestWarning: Unverified HTTPS request is being made to host 'randomuser.me'. Adding certificate verification is strongly advised. See: https://urllib3.readthedocs.io/en/latest/advanced-usage.html#tls-warnings
  warnings.warn(</msg>
<msg time="2024-06-24T02:32:29.753695" level="INFO">${response} = &lt;Response [200]&gt;</msg>
<var>${response}</var>
<arg>consultarAPI</arg>
<arg>/api</arg>
<doc>Sends a GET request on a previously created HTTP Session.</doc>
<status status="PASS" start="2024-06-24T02:32:29.585838" elapsed="0.167912"/>
</kw>
<kw name="Set Variable" owner="BuiltIn">
<msg time="2024-06-24T02:32:29.754591" level="INFO">${json_data} = {'results': [{'gender': 'female', 'name': {'title': 'Mrs', 'first': 'Mia', 'last': 'Edwards'}, 'location': {'street': {'number': 8774, 'name': 'Manor Road'}, 'city': 'Wakefield', 'state': 'Devon', 'co...</msg>
<var>${json_data}</var>
<arg>${response.json()}</arg>
<doc>Returns the given values which can then be assigned to a variables.</doc>
<status status="PASS" start="2024-06-24T02:32:29.754147" elapsed="0.000475"/>
</kw>
<kw name="Log" owner="BuiltIn">
<msg time="2024-06-24T02:32:29.755086" level="INFO">{'results': [{'gender': 'female', 'name': {'title': 'Mrs', 'first': 'Mia', 'last': 'Edwards'}, 'location': {'street': {'number': 8774, 'name': 'Manor Road'}, 'city': 'Wakefield', 'state': 'Devon', 'country': 'United Kingdom', 'postcode': 'E4 7GB', 'coordinates': {'latitude': '-9.2617', 'longitude': '91.9636'}, 'timezone': {'offset': '+11:00', 'description': 'Magadan, Solomon Islands, New Caledonia'}}, 'email': 'mia.edwards@example.com', 'login': {'uuid': 'b3afe6e4-9846-48ad-b217-73349f0d657e', 'username': 'lazyladybug283', 'password': 'alexia', 'salt': 'IryHN2Rj', 'md5': 'ad38ee4ae1dd80953274f706b96a3928', 'sha1': 'a9e4dfd55f924be51c680cf23a633e8dcd1eced8', 'sha256': '022e789adf8df7cf301a957375b655ba87effe8ae26ff82bc19a026f88a16f4c'}, 'dob': {'date': '1958-10-17T20:24:58.666Z', 'age': 65}, 'registered': {'date': '2007-08-15T08:49:47.058Z', 'age': 16}, 'phone': '017683 01022', 'cell': '07983 322346', 'id': {'name': 'NINO', 'value': 'CM 98 92 40 S'}, 'picture': {'large': 'https://randomuser.me/api/portraits/women/54.jpg', 'medium': 'https://randomuser.me/api/portraits/med/women/54.jpg', 'thumbnail': 'https://randomuser.me/api/portraits/thumb/women/54.jpg'}, 'nat': 'GB'}], 'info': {'seed': '4c5433c1afcba1b6', 'results': 1, 'page': 1, 'version': '1.4'}}</msg>
<arg>${json_data}</arg>
<doc>Logs the given message with the given level.</doc>
<status status="PASS" start="2024-06-24T02:32:29.754928" elapsed="0.000205"/>
</kw>
<kw name="Dictionary Should Contain Key" owner="Collections">
<arg>${json_data}</arg>
<arg>results</arg>
<doc>Fails if ``key`` is not found from ``dictionary``.</doc>
<status status="PASS" start="2024-06-24T02:32:29.755419" elapsed="0.000153"/>
</kw>
<kw name="Should Not Be Empty" owner="BuiltIn">
<msg time="2024-06-24T02:32:29.755876" level="INFO">Length is 2.</msg>
<arg>${json_data}</arg>
<doc>Verifies that the given item is not empty.</doc>
<status status="PASS" start="2024-06-24T02:32:29.755752" elapsed="0.000162"/>
</kw>
<kw name="Create List" owner="BuiltIn">
<msg time="2024-06-24T02:32:29.756468" level="INFO">${expected_keys} = ['gender', 'name', 'location', 'email', 'login']</msg>
<var>${expected_keys}</var>
<arg>gender</arg>
<arg>name</arg>
<arg>location</arg>
<arg>email</arg>
<arg>login</arg>
<doc>Returns a list containing given items.</doc>
<status status="PASS" start="2024-06-24T02:32:29.756199" elapsed="0.000294"/>
</kw>
<for flavor="IN">
<iter>
<kw name="Dictionary Should Contain Key" owner="Collections">
<arg>${json_data['results'][0]}</arg>
<arg>${key}</arg>
<doc>Fails if ``key`` is not found from ``dictionary``.</doc>
<status status="PASS" start="2024-06-24T02:32:29.757059" elapsed="0.000439"/>
</kw>
<kw name="Log" owner="BuiltIn">
<msg time="2024-06-24T02:32:29.758047" level="INFO">{'gender': 'female', 'name': {'title': 'Mrs', 'first': 'Mia', 'last': 'Edwards'}, 'location': {'street': {'number': 8774, 'name': 'Manor Road'}, 'city': 'Wakefield', 'state': 'Devon', 'country': 'United Kingdom', 'postcode': 'E4 7GB', 'coordinates': {'latitude': '-9.2617', 'longitude': '91.9636'}, 'timezone': {'offset': '+11:00', 'description': 'Magadan, Solomon Islands, New Caledonia'}}, 'email': 'mia.edwards@example.com', 'login': {'uuid': 'b3afe6e4-9846-48ad-b217-73349f0d657e', 'username': 'lazyladybug283', 'password': 'alexia', 'salt': 'IryHN2Rj', 'md5': 'ad38ee4ae1dd80953274f706b96a3928', 'sha1': 'a9e4dfd55f924be51c680cf23a633e8dcd1eced8', 'sha256': '022e789adf8df7cf301a957375b655ba87effe8ae26ff82bc19a026f88a16f4c'}, 'dob': {'date': '1958-10-17T20:24:58.666Z', 'age': 65}, 'registered': {'date': '2007-08-15T08:49:47.058Z', 'age': 16}, 'phone': '017683 01022', 'cell': '07983 322346', 'id': {'name': 'NINO', 'value': 'CM 98 92 40 S'}, 'picture': {'large': 'https://randomuser.me/api/portraits/women/54.jpg', 'medium': 'https://randomuser.me/api/portraits/med/women/54.jpg', 'thumbnail': 'https://randomuser.me/api/portraits/thumb/women/54.jpg'}, 'nat': 'GB'}</msg>
<arg>${json_data['results'][0]}</arg>
<doc>Logs the given message with the given level.</doc>
<status status="PASS" start="2024-06-24T02:32:29.757692" elapsed="0.000404"/>
</kw>
<kw name="Log" owner="BuiltIn">
<msg time="2024-06-24T02:32:29.758530" level="INFO">gender</msg>
<arg>${key}</arg>
<doc>Logs the given message with the given level.</doc>
<status status="PASS" start="2024-06-24T02:32:29.758401" elapsed="0.000167"/>
</kw>
<var name="${key}">gender</var>
<status status="PASS" start="2024-06-24T02:32:29.756939" elapsed="0.001844"/>
</iter>
<iter>
<kw name="Dictionary Should Contain Key" owner="Collections">
<arg>${json_data['results'][0]}</arg>
<arg>${key}</arg>
<doc>Fails if ``key`` is not found from ``dictionary``.</doc>
<status status="PASS" start="2024-06-24T02:32:29.759072" elapsed="0.000384"/>
</kw>
<kw name="Log" owner="BuiltIn">
<msg time="2024-06-24T02:32:29.760030" level="INFO">{'gender': 'female', 'name': {'title': 'Mrs', 'first': 'Mia', 'last': 'Edwards'}, 'location': {'street': {'number': 8774, 'name': 'Manor Road'}, 'city': 'Wakefield', 'state': 'Devon', 'country': 'United Kingdom', 'postcode': 'E4 7GB', 'coordinates': {'latitude': '-9.2617', 'longitude': '91.9636'}, 'timezone': {'offset': '+11:00', 'description': 'Magadan, Solomon Islands, New Caledonia'}}, 'email': 'mia.edwards@example.com', 'login': {'uuid': 'b3afe6e4-9846-48ad-b217-73349f0d657e', 'username': 'lazyladybug283', 'password': 'alexia', 'salt': 'IryHN2Rj', 'md5': 'ad38ee4ae1dd80953274f706b96a3928', 'sha1': 'a9e4dfd55f924be51c680cf23a633e8dcd1eced8', 'sha256': '022e789adf8df7cf301a957375b655ba87effe8ae26ff82bc19a026f88a16f4c'}, 'dob': {'date': '1958-10-17T20:24:58.666Z', 'age': 65}, 'registered': {'date': '2007-08-15T08:49:47.058Z', 'age': 16}, 'phone': '017683 01022', 'cell': '07983 322346', 'id': {'name': 'NINO', 'value': 'CM 98 92 40 S'}, 'picture': {'large': 'https://randomuser.me/api/portraits/women/54.jpg', 'medium': 'https://randomuser.me/api/portraits/med/women/54.jpg', 'thumbnail': 'https://randomuser.me/api/portraits/thumb/women/54.jpg'}, 'nat': 'GB'}</msg>
<arg>${json_data['results'][0]}</arg>
<doc>Logs the given message with the given level.</doc>
<status status="PASS" start="2024-06-24T02:32:29.759641" elapsed="0.000439"/>
</kw>
<kw name="Log" owner="BuiltIn">
<msg time="2024-06-24T02:32:29.760503" level="INFO">name</msg>
<arg>${key}</arg>
<doc>Logs the given message with the given level.</doc>
<status status="PASS" start="2024-06-24T02:32:29.760376" elapsed="0.000166"/>
</kw>
<var name="${key}">name</var>
<status status="PASS" start="2024-06-24T02:32:29.758963" elapsed="0.001793"/>
</iter>
<iter>
<kw name="Dictionary Should Contain Key" owner="Collections">
<arg>${json_data['results'][0]}</arg>
<arg>${key}</arg>
<doc>Fails if ``key`` is not found from ``dictionary``.</doc>
<status status="PASS" start="2024-06-24T02:32:29.761039" elapsed="0.000420"/>
</kw>
<kw name="Log" owner="BuiltIn">
<msg time="2024-06-24T02:32:29.761999" level="INFO">{'gender': 'female', 'name': {'title': 'Mrs', 'first': 'Mia', 'last': 'Edwards'}, 'location': {'street': {'number': 8774, 'name': 'Manor Road'}, 'city': 'Wakefield', 'state': 'Devon', 'country': 'United Kingdom', 'postcode': 'E4 7GB', 'coordinates': {'latitude': '-9.2617', 'longitude': '91.9636'}, 'timezone': {'offset': '+11:00', 'description': 'Magadan, Solomon Islands, New Caledonia'}}, 'email': 'mia.edwards@example.com', 'login': {'uuid': 'b3afe6e4-9846-48ad-b217-73349f0d657e', 'username': 'lazyladybug283', 'password': 'alexia', 'salt': 'IryHN2Rj', 'md5': 'ad38ee4ae1dd80953274f706b96a3928', 'sha1': 'a9e4dfd55f924be51c680cf23a633e8dcd1eced8', 'sha256': '022e789adf8df7cf301a957375b655ba87effe8ae26ff82bc19a026f88a16f4c'}, 'dob': {'date': '1958-10-17T20:24:58.666Z', 'age': 65}, 'registered': {'date': '2007-08-15T08:49:47.058Z', 'age': 16}, 'phone': '017683 01022', 'cell': '07983 322346', 'id': {'name': 'NINO', 'value': 'CM 98 92 40 S'}, 'picture': {'large': 'https://randomuser.me/api/portraits/women/54.jpg', 'medium': 'https://randomuser.me/api/portraits/med/women/54.jpg', 'thumbnail': 'https://randomuser.me/api/portraits/thumb/women/54.jpg'}, 'nat': 'GB'}</msg>
<arg>${json_data['results'][0]}</arg>
<doc>Logs the given message with the given level.</doc>
<status status="PASS" start="2024-06-24T02:32:29.761644" elapsed="0.000412"/>
</kw>
<kw name="Log" owner="BuiltIn">
<msg time="2024-06-24T02:32:29.762477" level="INFO">location</msg>
<arg>${key}</arg>
<doc>Logs the given message with the given level.</doc>
<status status="PASS" start="2024-06-24T02:32:29.762350" elapsed="0.000164"/>
</kw>
<var name="${key}">location</var>
<status status="PASS" start="2024-06-24T02:32:29.760932" elapsed="0.001796"/>
</iter>
<iter>
<kw name="Dictionary Should Contain Key" owner="Collections">
<arg>${json_data['results'][0]}</arg>
<arg>${key}</arg>
<doc>Fails if ``key`` is not found from ``dictionary``.</doc>
<status status="PASS" start="2024-06-24T02:32:29.763000" elapsed="0.000379"/>
</kw>
<kw name="Log" owner="BuiltIn">
<msg time="2024-06-24T02:32:29.763917" level="INFO">{'gender': 'female', 'name': {'title': 'Mrs', 'first': 'Mia', 'last': 'Edwards'}, 'location': {'street': {'number': 8774, 'name': 'Manor Road'}, 'city': 'Wakefield', 'state': 'Devon', 'country': 'United Kingdom', 'postcode': 'E4 7GB', 'coordinates': {'latitude': '-9.2617', 'longitude': '91.9636'}, 'timezone': {'offset': '+11:00', 'description': 'Magadan, Solomon Islands, New Caledonia'}}, 'email': 'mia.edwards@example.com', 'login': {'uuid': 'b3afe6e4-9846-48ad-b217-73349f0d657e', 'username': 'lazyladybug283', 'password': 'alexia', 'salt': 'IryHN2Rj', 'md5': 'ad38ee4ae1dd80953274f706b96a3928', 'sha1': 'a9e4dfd55f924be51c680cf23a633e8dcd1eced8', 'sha256': '022e789adf8df7cf301a957375b655ba87effe8ae26ff82bc19a026f88a16f4c'}, 'dob': {'date': '1958-10-17T20:24:58.666Z', 'age': 65}, 'registered': {'date': '2007-08-15T08:49:47.058Z', 'age': 16}, 'phone': '017683 01022', 'cell': '07983 322346', 'id': {'name': 'NINO', 'value': 'CM 98 92 40 S'}, 'picture': {'large': 'https://randomuser.me/api/portraits/women/54.jpg', 'medium': 'https://randomuser.me/api/portraits/med/women/54.jpg', 'thumbnail': 'https://randomuser.me/api/portraits/thumb/women/54.jpg'}, 'nat': 'GB'}</msg>
<arg>${json_data['results'][0]}</arg>
<doc>Logs the given message with the given level.</doc>
<status status="PASS" start="2024-06-24T02:32:29.763564" elapsed="0.000404"/>
</kw>
<kw name="Log" owner="BuiltIn">
<msg time="2024-06-24T02:32:29.764379" level="INFO">email</msg>
<arg>${key}</arg>
<doc>Logs the given message with the given level.</doc>
<status status="PASS" start="2024-06-24T02:32:29.764254" elapsed="0.000163"/>
</kw>
<var name="${key}">email</var>
<status status="PASS" start="2024-06-24T02:32:29.762894" elapsed="0.001736"/>
</iter>
<iter>
<kw name="Dictionary Should Contain Key" owner="Collections">
<arg>${json_data['results'][0]}</arg>
<arg>${key}</arg>
<doc>Fails if ``key`` is not found from ``dictionary``.</doc>
<status status="PASS" start="2024-06-24T02:32:29.764903" elapsed="0.000379"/>
</kw>
<kw name="Log" owner="BuiltIn">
<msg time="2024-06-24T02:32:29.765840" level="INFO">{'gender': 'female', 'name': {'title': 'Mrs', 'first': 'Mia', 'last': 'Edwards'}, 'location': {'street': {'number': 8774, 'name': 'Manor Road'}, 'city': 'Wakefield', 'state': 'Devon', 'country': 'United Kingdom', 'postcode': 'E4 7GB', 'coordinates': {'latitude': '-9.2617', 'longitude': '91.9636'}, 'timezone': {'offset': '+11:00', 'description': 'Magadan, Solomon Islands, New Caledonia'}}, 'email': 'mia.edwards@example.com', 'login': {'uuid': 'b3afe6e4-9846-48ad-b217-73349f0d657e', 'username': 'lazyladybug283', 'password': 'alexia', 'salt': 'IryHN2Rj', 'md5': 'ad38ee4ae1dd80953274f706b96a3928', 'sha1': 'a9e4dfd55f924be51c680cf23a633e8dcd1eced8', 'sha256': '022e789adf8df7cf301a957375b655ba87effe8ae26ff82bc19a026f88a16f4c'}, 'dob': {'date': '1958-10-17T20:24:58.666Z', 'age': 65}, 'registered': {'date': '2007-08-15T08:49:47.058Z', 'age': 16}, 'phone': '017683 01022', 'cell': '07983 322346', 'id': {'name': 'NINO', 'value': 'CM 98 92 40 S'}, 'picture': {'large': 'https://randomuser.me/api/portraits/women/54.jpg', 'medium': 'https://randomuser.me/api/portraits/med/women/54.jpg', 'thumbnail': 'https://randomuser.me/api/portraits/thumb/women/54.jpg'}, 'nat': 'GB'}</msg>
<arg>${json_data['results'][0]}</arg>
<doc>Logs the given message with the given level.</doc>
<status status="PASS" start="2024-06-24T02:32:29.765485" elapsed="0.000413"/>
</kw>
<kw name="Log" owner="BuiltIn">
<msg time="2024-06-24T02:32:29.766322" level="INFO">login</msg>
<arg>${key}</arg>
<doc>Logs the given message with the given level.</doc>
<status status="PASS" start="2024-06-24T02:32:29.766195" elapsed="0.000163"/>
</kw>
<var name="${key}">login</var>
<status status="PASS" start="2024-06-24T02:32:29.764797" elapsed="0.001774"/>
</iter>
<var>${key}</var>
<value>@{expected_keys}</value>
<status status="PASS" start="2024-06-24T02:32:29.756753" elapsed="0.009936"/>
</for>
<kw name="Create List" owner="BuiltIn">
<msg time="2024-06-24T02:32:29.767040" level="INFO">${expected_keysTwo} = ['username', 'password']</msg>
<var>${expected_keysTwo}</var>
<arg>username</arg>
<arg>password</arg>
<doc>Returns a list containing given items.</doc>
<status status="PASS" start="2024-06-24T02:32:29.766903" elapsed="0.000160"/>
</kw>
<for flavor="IN">
<iter>
<kw name="Dictionary Should Contain Key" owner="Collections">
<arg>${json_data['results'][0]['login']}</arg>
<arg>${keyTwo}</arg>
<doc>Fails if ``key`` is not found from ``dictionary``.</doc>
<status status="PASS" start="2024-06-24T02:32:29.767552" elapsed="0.000377"/>
</kw>
<kw name="Dictionary Should Contain Key" owner="Collections">
<arg>${json_data['results'][0]['login']}</arg>
<arg>${keyTwo}</arg>
<doc>Fails if ``key`` is not found from ``dictionary``.</doc>
<status status="PASS" start="2024-06-24T02:32:29.768112" elapsed="0.000381"/>
</kw>
<kw name="Log" owner="BuiltIn">
<msg time="2024-06-24T02:32:29.768788" level="INFO">username</msg>
<arg>${keyTwo}</arg>
<doc>Logs the given message with the given level.</doc>
<status status="PASS" start="2024-06-24T02:32:29.768669" elapsed="0.000156"/>
</kw>
<var name="${keyTwo}">username</var>
<status status="PASS" start="2024-06-24T02:32:29.767446" elapsed="0.001599"/>
</iter>
<iter>
<kw name="Dictionary Should Contain Key" owner="Collections">
<arg>${json_data['results'][0]['login']}</arg>
<arg>${keyTwo}</arg>
<doc>Fails if ``key`` is not found from ``dictionary``.</doc>
<status status="PASS" start="2024-06-24T02:32:29.769335" elapsed="0.000380"/>
</kw>
<kw name="Dictionary Should Contain Key" owner="Collections">
<arg>${json_data['results'][0]['login']}</arg>
<arg>${keyTwo}</arg>
<doc>Fails if ``key`` is not found from ``dictionary``.</doc>
<status status="PASS" start="2024-06-24T02:32:29.769892" elapsed="0.000377"/>
</kw>
<kw name="Log" owner="BuiltIn">
<msg time="2024-06-24T02:32:29.770563" level="INFO">password</msg>
<arg>${keyTwo}</arg>
<doc>Logs the given message with the given level.</doc>
<status status="PASS" start="2024-06-24T02:32:29.770445" elapsed="0.000154"/>
</kw>
<var name="${keyTwo}">password</var>
<status status="PASS" start="2024-06-24T02:32:29.769211" elapsed="0.001696"/>
</iter>
<var>${keyTwo}</var>
<value>@{expected_keysTwo}</value>
<status status="PASS" start="2024-06-24T02:32:29.767297" elapsed="0.003729"/>
</for>
<status status="PASS" start="2024-06-24T02:32:29.585608" elapsed="0.185553"/>
</kw>
<doc>Testa a estrutura da resposta da API.</doc>
<tag>testeEstruturaResposta</tag>
<status status="PASS" start="2024-06-24T02:32:29.585065" elapsed="0.186237"/>
</test>
<test id="s1-s1-t4" name="Validar tipos de dados" line="28">
<kw name="Teste de Tipos de Dados" owner="random-user-service">
<kw name="GET On Session" owner="RequestsLibrary">
<msg time="2024-06-24T02:32:29.848725" level="INFO">GET Request : url=https://randomuser.me/api 
 path_url=/api 
 headers={'User-Agent': 'python-requests/2.32.3', 'Accept-Encoding': 'gzip, deflate', 'Accept': '*/*', 'Connection': 'keep-alive'} 
 body=None 
 </msg>
<msg time="2024-06-24T02:32:29.848808" level="INFO">GET Response : url=https://randomuser.me/api 
 status=200, reason=OK 
 headers={'Date': 'Mon, 24 Jun 2024 02:32:29 GMT', 'Content-Type': 'application/json; charset=utf-8', 'Transfer-Encoding': 'chunked', 'Connection': 'keep-alive', 'X-Powered-By': 'Express', 'Access-Control-Allow-Origin': '*', 'Cache-Control': 'no-cache', 'ETag': 'W/"485-NcY17Yjxm4KX4PVVmO+3sNp7gL0"', 'Vary': 'Accept-Encoding', 'Content-Encoding': 'gzip', 'CF-Cache-Status': 'DYNAMIC', 'Report-To': '{"endpoints":[{"url":"https:\\/\\/a.nel.cloudflare.com\\/report\\/v4?s=8hOla%2FtbhJXy2qu3vIveZJZwv63drQ%2Bj0huuFN44d7cTAFH3nXMm%2BPzNVp%2BgksMZzMIUuxFayVDvqFhmqh4GQDAzQ%2BafU%2BlnaFQo89Q9TToM06HSM2kVf6zH%2B1QBqcbS"}],"group":"cf-nel","max_age":604800}', 'NEL': '{"success_fraction":0,"report_to":"cf-nel","max_age":604800}', 'Server': 'cloudflare', 'CF-RAY': '89894ec22b4c241f-IAD', 'alt-svc': 'h3=":443"; ma=86400'} 
 body={"results":[{"gender":"male","name":{"title":"Mr","first":"Ernst-August","last":"Hönig"},"location":{"street":{"number":2850,"name":"Schützenstraße"},"city":"Kelbra (Kyffhäuser)","state":"Berlin","country":"Germany","postcode":51247,"coordinates":{"latitude":"-55.5614","longitude":"-57.7192"},"timezone":{"offset":"-9:00","description":"Alaska"}},"email":"ernst-august.honig@example.com","login":{"uuid":"3624e627-9393-4d0c-a9e2-17e1565d78a9","username":"whitedog161","password":"mega","salt":"JmKn3aUQ","md5":"6ec1c413c90a1fd003fe0f533a4d223e","sha1":"1564e2de12e5bc773af482c2c6613e0501fd9d9a","sha256":"3941c98d677c6ea1a5920e363e22680fd032594e7947f151a3750bf7603d21cd"},"dob":{"date":"1970-01-21T04:18:45.912Z","age":54},"registered":{"date":"2020-01-23T11:28:22.911Z","age":4},"phone":"0333-8456560","cell":"0178-5209313","id":{"name":"SVNR","value":"55 200170 H 070"},"picture":{"large":"https://randomuser.me/api/portraits/men/8.jpg","medium":"https://randomuser.me/api/portraits/med/men/8.jpg","thumbnail":"https://randomuser.me/api/portraits/thumb/men/8.jpg"},"nat":"DE"}],"info":{"seed":"990a704e98220efe","results":1,"page":1,"version":"1.4"}} 
 </msg>
<msg time="2024-06-24T02:32:29.848881" level="INFO">/opt/hostedtoolcache/Python/3.12.4/x64/lib/python3.12/site-packages/urllib3/connectionpool.py:1099: InsecureRequestWarning: Unverified HTTPS request is being made to host 'randomuser.me'. Adding certificate verification is strongly advised. See: https://urllib3.readthedocs.io/en/latest/advanced-usage.html#tls-warnings
  warnings.warn(</msg>
<msg time="2024-06-24T02:32:29.848990" level="INFO">${response} = &lt;Response [200]&gt;</msg>
<var>${response}</var>
<arg>consultarAPI</arg>
<arg>/api</arg>
<doc>Sends a GET request on a previously created HTTP Session.</doc>
<status status="PASS" start="2024-06-24T02:32:29.773667" elapsed="0.075363"/>
</kw>
<kw name="Set Variable" owner="BuiltIn">
<msg time="2024-06-24T02:32:29.849897" level="INFO">${json_data} = {'results': [{'gender': 'male', 'name': {'title': 'Mr', 'first': 'Ernst-August', 'last': 'Hönig'}, 'location': {'street': {'number': 2850, 'name': 'Schützenstraße'}, 'city': 'Kelbra (Kyffhäuser)', 'st...</msg>
<var>${json_data}</var>
<arg>${response.json()}</arg>
<doc>Returns the given values which can then be assigned to a variables.</doc>
<status status="PASS" start="2024-06-24T02:32:29.849447" elapsed="0.000480"/>
</kw>
<kw name="Log" owner="BuiltIn">
<msg time="2024-06-24T02:32:29.850386" level="INFO">{'results': [{'gender': 'male', 'name': {'title': 'Mr', 'first': 'Ernst-August', 'last': 'Hönig'}, 'location': {'street': {'number': 2850, 'name': 'Schützenstraße'}, 'city': 'Kelbra (Kyffhäuser)', 'state': 'Berlin', 'country': 'Germany', 'postcode': 51247, 'coordinates': {'latitude': '-55.5614', 'longitude': '-57.7192'}, 'timezone': {'offset': '-9:00', 'description': 'Alaska'}}, 'email': 'ernst-august.honig@example.com', 'login': {'uuid': '3624e627-9393-4d0c-a9e2-17e1565d78a9', 'username': 'whitedog161', 'password': 'mega', 'salt': 'JmKn3aUQ', 'md5': '6ec1c413c90a1fd003fe0f533a4d223e', 'sha1': '1564e2de12e5bc773af482c2c6613e0501fd9d9a', 'sha256': '3941c98d677c6ea1a5920e363e22680fd032594e7947f151a3750bf7603d21cd'}, 'dob': {'date': '1970-01-21T04:18:45.912Z', 'age': 54}, 'registered': {'date': '2020-01-23T11:28:22.911Z', 'age': 4}, 'phone': '0333-8456560', 'cell': '0178-5209313', 'id': {'name': 'SVNR', 'value': '55 200170 H 070'}, 'picture': {'large': 'https://randomuser.me/api/portraits/men/8.jpg', 'medium': 'https://randomuser.me/api/portraits/med/men/8.jpg', 'thumbnail': 'https://randomuser.me/api/portraits/thumb/men/8.jpg'}, 'nat': 'DE'}], 'info': {'seed': '990a704e98220efe', 'results': 1, 'page': 1, 'version': '1.4'}}</msg>
<arg>${json_data}</arg>
<doc>Logs the given message with the given level.</doc>
<status status="PASS" start="2024-06-24T02:32:29.850227" elapsed="0.000208"/>
</kw>
<kw name="Should Be String" owner="String">
<arg>${json_data['results'][0]['gender']}</arg>
<doc>Fails if the given ``item`` is not a string.</doc>
<status status="PASS" start="2024-06-24T02:32:29.850731" elapsed="0.000360"/>
</kw>
<kw name="Should Match Regexp" owner="BuiltIn">
<arg>${json_data['results'][0]['email']}</arg>
<arg>^[a-zA-Z0-9._%+-]+@[a-zA-Z0-9.-]+\.[a-zA-Z]{2,}$</arg>
<doc>Fails if ``string`` does not match ``pattern`` as a regular expression.</doc>
<status status="PASS" start="2024-06-24T02:32:29.851312" elapsed="0.000512"/>
</kw>
<kw name="Should Match Regexp" owner="BuiltIn">
<arg>${json_data['results'][0]['dob']['date']}</arg>
<arg>\\d{4}-\\d{2}-\\d{2}T\\d{2}:\\d{2}:\\d{2}\\.\\d{3}Z</arg>
<doc>Fails if ``string`` does not match ``pattern`` as a regular expression.</doc>
<status status="PASS" start="2024-06-24T02:32:29.852019" elapsed="0.000492"/>
</kw>
<kw name="Should Match Regexp" owner="BuiltIn">
<arg>${json_data['results'][0]['registered']['date']}</arg>
<arg>\\d{4}-\\d{2}-\\d{2}T\\d{2}:\\d{2}:\\d{2}\\.\\d{3}Z</arg>
<doc>Fails if ``string`` does not match ``pattern`` as a regular expression.</doc>
<status status="PASS" start="2024-06-24T02:32:29.852703" elapsed="0.000369"/>
</kw>
<kw name="Should Match Regexp" owner="BuiltIn">
<arg>${json_data['results'][0]['picture']['large']}</arg>
<arg>^https?://.*\.(?:png|jpe?g|gif|bmp)$</arg>
<doc>Fails if ``string`` does not match ``pattern`` as a regular expression.</doc>
<status status="PASS" start="2024-06-24T02:32:29.853256" elapsed="0.000481"/>
</kw>
<kw name="Should Match Regexp" owner="BuiltIn">
<arg>${json_data['results'][0]['picture']['medium']}</arg>
<arg>^https?://.*\.(?:png|jpe?g|gif|bmp)$</arg>
<doc>Fails if ``string`` does not match ``pattern`` as a regular expression.</doc>
<status status="PASS" start="2024-06-24T02:32:29.853925" elapsed="0.000353"/>
</kw>
<kw name="Should Match Regexp" owner="BuiltIn">
<arg>${json_data['results'][0]['picture']['thumbnail']}</arg>
<arg>^https?://.*\.(?:png|jpe?g|gif|bmp)$</arg>
<doc>Fails if ``string`` does not match ``pattern`` as a regular expression.</doc>
<status status="PASS" start="2024-06-24T02:32:29.854462" elapsed="0.000347"/>
</kw>
<kw name="Log" owner="BuiltIn">
<msg time="2024-06-24T02:32:29.855317" level="INFO">{'large': 'https://randomuser.me/api/portraits/men/8.jpg', 'medium': 'https://randomuser.me/api/portraits/med/men/8.jpg', 'thumbnail': 'https://randomuser.me/api/portraits/thumb/men/8.jpg'}</msg>
<arg>${json_data['results'][0]['picture']}</arg>
<doc>Logs the given message with the given level.</doc>
<status status="PASS" start="2024-06-24T02:32:29.854989" elapsed="0.000372"/>
</kw>
<status status="PASS" start="2024-06-24T02:32:29.773450" elapsed="0.082162"/>
</kw>
<kw name="Teste de Tipos de Dados - Postcode" owner="random-user-service">
<kw name="GET On Session" owner="RequestsLibrary">
<msg time="2024-06-24T02:32:29.921945" level="INFO">GET Request : url=https://randomuser.me/api 
 path_url=/api 
 headers={'User-Agent': 'python-requests/2.32.3', 'Accept-Encoding': 'gzip, deflate', 'Accept': '*/*', 'Connection': 'keep-alive'} 
 body=None 
 </msg>
<msg time="2024-06-24T02:32:29.922006" level="INFO">GET Response : url=https://randomuser.me/api 
 status=200, reason=OK 
 headers={'Date': 'Mon, 24 Jun 2024 02:32:29 GMT', 'Content-Type': 'application/json; charset=utf-8', 'Transfer-Encoding': 'chunked', 'Connection': 'keep-alive', 'X-Powered-By': 'Express', 'Access-Control-Allow-Origin': '*', 'Cache-Control': 'no-cache', 'ETag': 'W/"48b-3AOB/j+BlPEJVFqg2Md0aX04mGI"', 'Vary': 'Accept-Encoding', 'Content-Encoding': 'gzip', 'CF-Cache-Status': 'DYNAMIC', 'Report-To': '{"endpoints":[{"url":"https:\\/\\/a.nel.cloudflare.com\\/report\\/v4?s=gK%2F0%2F9TxYWhuhpiqs8H%2BgkNEWIxL7nR7514nw2L6xhSnvxwx8teej6vWZ1DhRjStDSc1gm%2BcX554b8yluuvfnn4mIAb%2BxPGLzwuEvmgqaBdhgRwvjeiXUFhM7GCmeZT7"}],"group":"cf-nel","max_age":604800}', 'NEL': '{"success_fraction":0,"report_to":"cf-nel","max_age":604800}', 'Server': 'cloudflare', 'CF-RAY': '89894ec2abf5241f-IAD', 'alt-svc': 'h3=":443"; ma=86400'} 
 body={"results":[{"gender":"male","name":{"title":"Mr","first":"Brandon","last":"Lambert"},"location":{"street":{"number":4660,"name":"Fincher Rd"},"city":"Rochmond","state":"North Dakota","country":"United States","postcode":61277,"coordinates":{"latitude":"88.3894","longitude":"-138.3464"},"timezone":{"offset":"+6:00","description":"Almaty, Dhaka, Colombo"}},"email":"brandon.lambert@example.com","login":{"uuid":"18c74ba9-d312-4b0c-b7a6-6c888b5758fe","username":"redkoala487","password":"jean","salt":"1mekSaWU","md5":"6b17ec62f75a3c5982d4e17dfa3afa5f","sha1":"f5d83d683edf2179b6d43f1fd58ea7673e158dbd","sha256":"063e233f332936afdbf8d290f2ebcd636d20fe8f18de8290fd89474e3c660a00"},"dob":{"date":"1990-01-17T15:23:59.964Z","age":34},"registered":{"date":"2013-07-16T10:03:00.480Z","age":10},"phone":"(663) 535-9975","cell":"(723) 253-6701","id":{"name":"SSN","value":"734-35-8257"},"picture":{"large":"https://randomuser.me/api/portraits/men/55.jpg","medium":"https://randomuser.me/api/portraits/med/men/55.jpg","thumbnail":"https://randomuser.me/api/portraits/thumb/men/55.jpg"},"nat":"US"}],"info":{"seed":"908bc0740cec437a","results":1,"page":1,"version":"1.4"}} 
 </msg>
<msg time="2024-06-24T02:32:29.922060" level="INFO">/opt/hostedtoolcache/Python/3.12.4/x64/lib/python3.12/site-packages/urllib3/connectionpool.py:1099: InsecureRequestWarning: Unverified HTTPS request is being made to host 'randomuser.me'. Adding certificate verification is strongly advised. See: https://urllib3.readthedocs.io/en/latest/advanced-usage.html#tls-warnings
  warnings.warn(</msg>
<msg time="2024-06-24T02:32:29.922158" level="INFO">${response} = &lt;Response [200]&gt;</msg>
<var>${response}</var>
<arg>consultarAPI</arg>
<arg>/api</arg>
<doc>Sends a GET request on a previously created HTTP Session.</doc>
<status status="PASS" start="2024-06-24T02:32:29.856032" elapsed="0.066165"/>
</kw>
<kw name="Set Variable" owner="BuiltIn">
<msg time="2024-06-24T02:32:29.923181" level="INFO">${json_data} = {'results': [{'gender': 'male', 'name': {'title': 'Mr', 'first': 'Brandon', 'last': 'Lambert'}, 'location': {'street': {'number': 4660, 'name': 'Fincher Rd'}, 'city': 'Rochmond', 'state': 'North Dakot...</msg>
<var>${json_data}</var>
<arg>${response.json()}</arg>
<doc>Returns the given values which can then be assigned to a variables.</doc>
<status status="PASS" start="2024-06-24T02:32:29.922634" elapsed="0.000576"/>
</kw>
<kw name="Log" owner="BuiltIn">
<msg time="2024-06-24T02:32:29.923660" level="INFO">{'results': [{'gender': 'male', 'name': {'title': 'Mr', 'first': 'Brandon', 'last': 'Lambert'}, 'location': {'street': {'number': 4660, 'name': 'Fincher Rd'}, 'city': 'Rochmond', 'state': 'North Dakota', 'country': 'United States', 'postcode': 61277, 'coordinates': {'latitude': '88.3894', 'longitude': '-138.3464'}, 'timezone': {'offset': '+6:00', 'description': 'Almaty, Dhaka, Colombo'}}, 'email': 'brandon.lambert@example.com', 'login': {'uuid': '18c74ba9-d312-4b0c-b7a6-6c888b5758fe', 'username': 'redkoala487', 'password': 'jean', 'salt': '1mekSaWU', 'md5': '6b17ec62f75a3c5982d4e17dfa3afa5f', 'sha1': 'f5d83d683edf2179b6d43f1fd58ea7673e158dbd', 'sha256': '063e233f332936afdbf8d290f2ebcd636d20fe8f18de8290fd89474e3c660a00'}, 'dob': {'date': '1990-01-17T15:23:59.964Z', 'age': 34}, 'registered': {'date': '2013-07-16T10:03:00.480Z', 'age': 10}, 'phone': '(663) 535-9975', 'cell': '(723) 253-6701', 'id': {'name': 'SSN', 'value': '734-35-8257'}, 'picture': {'large': 'https://randomuser.me/api/portraits/men/55.jpg', 'medium': 'https://randomuser.me/api/portraits/med/men/55.jpg', 'thumbnail': 'https://randomuser.me/api/portraits/thumb/men/55.jpg'}, 'nat': 'US'}], 'info': {'seed': '908bc0740cec437a', 'results': 1, 'page': 1, 'version': '1.4'}}</msg>
<arg>${json_data}</arg>
<doc>Logs the given message with the given level.</doc>
<status status="PASS" start="2024-06-24T02:32:29.923509" elapsed="0.000198"/>
</kw>
<kw name="Should Be Equal As Numbers" owner="BuiltIn">
<arg>${json_data['results'][0]['location']['postcode']}</arg>
<arg>${json_data['results'][0]['location']['postcode']}</arg>
<doc>Fails if objects are unequal after converting them to real numbers.</doc>
<status status="PASS" start="2024-06-24T02:32:29.923997" elapsed="0.000621"/>
</kw>
<kw name="Log" owner="BuiltIn">
<msg time="2024-06-24T02:32:29.925307" level="INFO">61277</msg>
<arg>${json_data['results'][0]['location']['postcode']}</arg>
<doc>Logs the given message with the given level.</doc>
<status status="PASS" start="2024-06-24T02:32:29.924808" elapsed="0.000578"/>
</kw>
<status status="PASS" start="2024-06-24T02:32:29.855820" elapsed="0.069830"/>
</kw>
<doc>Testa se os tipos de dados na resposta da API estão corretos.</doc>
<tag>testeTiposDados</tag>
<status status="PASS" start="2024-06-24T02:32:29.773014" elapsed="0.152797"/>
</test>
<test id="s1-s1-t5" name="Validar conteudo" line="35">
<kw name="Teste de Tipos de Conteudo" owner="random-user-service">
<kw name="GET On Session" owner="RequestsLibrary">
<msg time="2024-06-24T02:32:30.025629" level="INFO">GET Request : url=https://randomuser.me/api 
 path_url=/api 
 headers={'User-Agent': 'python-requests/2.32.3', 'Accept-Encoding': 'gzip, deflate', 'Accept': '*/*', 'Connection': 'keep-alive'} 
 body=None 
 </msg>
<msg time="2024-06-24T02:32:30.025716" level="INFO">GET Response : url=https://randomuser.me/api 
 status=200, reason=OK 
 headers={'Date': 'Mon, 24 Jun 2024 02:32:30 GMT', 'Content-Type': 'application/json; charset=utf-8', 'Transfer-Encoding': 'chunked', 'Connection': 'keep-alive', 'X-Powered-By': 'Express', 'Access-Control-Allow-Origin': '*', 'Cache-Control': 'no-cache', 'ETag': 'W/"4a6-C/Fw4OUTo/COdNt3GIuGbu7bfXE"', 'Vary': 'Accept-Encoding', 'Content-Encoding': 'gzip', 'CF-Cache-Status': 'DYNAMIC', 'Report-To': '{"endpoints":[{"url":"https:\\/\\/a.nel.cloudflare.com\\/report\\/v4?s=A65tCe1%2FuJvtio4hwe3DylVDrRiKVjgeXcOdjhm3RXM4jZz%2Bny10f2Oi0fUmSiXCmk0gYKHHtMbQ8AmPm3r4kYkwGnNtpIyWBNKRVNTA%2FDqGix0gAYUhYZCMChIBKWQ0"}],"group":"cf-nel","max_age":604800}', 'NEL': '{"success_fraction":0,"report_to":"cf-nel","max_age":604800}', 'Server': 'cloudflare', 'CF-RAY': '89894ec31c7f241f-IAD', 'alt-svc': 'h3=":443"; ma=86400'} 
 body={"results":[{"gender":"female","name":{"title":"Mrs","first":"Ana María","last":"Valverde"},"location":{"street":{"number":3541,"name":"Eje vial Qatar"},"city":"San Jerónimo Tlacochahuaya","state":"Aguascalientes","country":"Mexico","postcode":68782,"coordinates":{"latitude":"27.1680","longitude":"69.5474"},"timezone":{"offset":"-10:00","description":"Hawaii"}},"email":"anamaria.valverde@example.com","login":{"uuid":"1e715ab0-a1b4-4269-ba10-2ee26f5c22d0","username":"beautifulcat928","password":"babyboy","salt":"gTqkyJpN","md5":"333bef4fdaee2c5b74d0551467250960","sha1":"e28dab4e25e9e5fc69af5b54272e881ecee36f17","sha256":"02d35cfcc6a743eaec18a801cdc6d3cbc08adbcfee2bace3a60cd6eed2182e95"},"dob":{"date":"1995-11-22T14:30:30.592Z","age":28},"registered":{"date":"2005-03-02T08:14:17.838Z","age":19},"phone":"(693) 711 8050","cell":"(619) 954 8324","id":{"name":"NSS","value":"78 17 81 0831 9"},"picture":{"large":"https://randomuser.me/api/portraits/women/36.jpg","medium":"https://randomuser.me/api/portraits/med/women/36.jpg","thumbnail":"https://randomuser.me/api/portraits/thumb/women/36.jpg"},"nat":"MX"}],"info":{"seed":"ca6fbbce130087cc","results":1,"page":1,"version":"1.4"}} 
 </msg>
<msg time="2024-06-24T02:32:30.025790" level="INFO">/opt/hostedtoolcache/Python/3.12.4/x64/lib/python3.12/site-packages/urllib3/connectionpool.py:1099: InsecureRequestWarning: Unverified HTTPS request is being made to host 'randomuser.me'. Adding certificate verification is strongly advised. See: https://urllib3.readthedocs.io/en/latest/advanced-usage.html#tls-warnings
  warnings.warn(</msg>
<msg time="2024-06-24T02:32:30.025901" level="INFO">${response} = &lt;Response [200]&gt;</msg>
<var>${response}</var>
<arg>consultarAPI</arg>
<arg>/api</arg>
<doc>Sends a GET request on a previously created HTTP Session.</doc>
<status status="PASS" start="2024-06-24T02:32:29.928178" elapsed="0.097761"/>
</kw>
<kw name="Set Variable" owner="BuiltIn">
<msg time="2024-06-24T02:32:30.026858" level="INFO">${json_data} = {'results': [{'gender': 'female', 'name': {'title': 'Mrs', 'first': 'Ana María', 'last': 'Valverde'}, 'location': {'street': {'number': 3541, 'name': 'Eje vial Qatar'}, 'city': 'San Jerónimo Tlacochah...</msg>
<var>${json_data}</var>
<arg>${response.json()}</arg>
<doc>Returns the given values which can then be assigned to a variables.</doc>
<status status="PASS" start="2024-06-24T02:32:30.026427" elapsed="0.000460"/>
</kw>
<kw name="Set Variable" owner="BuiltIn">
<msg time="2024-06-24T02:32:30.027561" level="INFO">${name_title} = Mrs</msg>
<var>${name_title}</var>
<arg>${json_data["results"][0]["name"]["title"]}</arg>
<doc>Returns the given values which can then be assigned to a variables.</doc>
<status status="PASS" start="2024-06-24T02:32:30.027183" elapsed="0.000403"/>
</kw>
<kw name="Create List" owner="BuiltIn">
<msg time="2024-06-24T02:32:30.028026" level="INFO">${allowed_titles} = ['Mr', 'Ms', 'Miss', 'Mrs', 'Madame', 'Monsieur']</msg>
<var>${allowed_titles}</var>
<arg>Mr</arg>
<arg>Ms</arg>
<arg>Miss</arg>
<arg>Mrs</arg>
<arg>Madame</arg>
<arg>Monsieur</arg>
<doc>Returns a list containing given items.</doc>
<status status="PASS" start="2024-06-24T02:32:30.027880" elapsed="0.000170"/>
</kw>
<kw name="List Should Contain Value" owner="Collections">
<arg>${allowed_titles}</arg>
<arg>${name_title}</arg>
<doc>Fails if the ``value`` is not found from ``list``.</doc>
<status status="PASS" start="2024-06-24T02:32:30.028345" elapsed="0.000169"/>
</kw>
<kw name="Set Variable" owner="BuiltIn">
<msg time="2024-06-24T02:32:30.029062" level="INFO">${name_country} = MX</msg>
<var>${name_country}</var>
<arg>${json_data["results"][0]["nat"]}</arg>
<doc>Returns the given values which can then be assigned to a variables.</doc>
<status status="PASS" start="2024-06-24T02:32:30.028691" elapsed="0.000395"/>
</kw>
<kw name="Create List" owner="BuiltIn">
<msg time="2024-06-24T02:32:30.030026" level="INFO">${list_country} = ['AD', 'AE', 'AF', 'AG', 'AI', 'AL', 'AM', 'AO', 'AQ', 'AR', 'AS', 'AT', 'AU', 'AW', 'AX', 'AZ', 'BA', 'BB', 'BD', 'BE', 'BF', 'BG', 'BH', 'BI', 'BJ', 'BL', 'BM', 'BN', 'BO', 'BQ', 'BR', 'BS', 'BT', '...</msg>
<var>${list_country}</var>
<arg>AD</arg>
<arg>AE</arg>
<arg>AF</arg>
<arg>AG</arg>
<arg>AI</arg>
<arg>AL</arg>
<arg>AM</arg>
<arg>AO</arg>
<arg>AQ</arg>
<arg>AR</arg>
<arg>AS</arg>
<arg>AT</arg>
<arg>AU</arg>
<arg>AW</arg>
<arg>AX</arg>
<arg>AZ</arg>
<arg>BA</arg>
<arg>BB</arg>
<arg>BD</arg>
<arg>BE</arg>
<arg>BF</arg>
<arg>BG</arg>
<arg>BH</arg>
<arg>BI</arg>
<arg>BJ</arg>
<arg>BL</arg>
<arg>BM</arg>
<arg>BN</arg>
<arg>BO</arg>
<arg>BQ</arg>
<arg>BR</arg>
<arg>BS</arg>
<arg>BT</arg>
<arg>BV</arg>
<arg>BW</arg>
<arg>BY</arg>
<arg>BZ</arg>
<arg>CA</arg>
<arg>CC</arg>
<arg>CD</arg>
<arg>CF</arg>
<arg>CG</arg>
<arg>CH</arg>
<arg>CI</arg>
<arg>CK</arg>
<arg>CL</arg>
<arg>CM</arg>
<arg>CN</arg>
<arg>CO</arg>
<arg>CR</arg>
<arg>CU</arg>
<arg>CV</arg>
<arg>CW</arg>
<arg>CX</arg>
<arg>CY</arg>
<arg>CZ</arg>
<arg>DE</arg>
<arg>DJ</arg>
<arg>DK</arg>
<arg>DM</arg>
<arg>DO</arg>
<arg>DZ</arg>
<arg>EC</arg>
<arg>EE</arg>
<arg>EG</arg>
<arg>EH</arg>
<arg>ER</arg>
<arg>ES</arg>
<arg>ET</arg>
<arg>FI</arg>
<arg>FJ</arg>
<arg>FK</arg>
<arg>FM</arg>
<arg>FO</arg>
<arg>FR</arg>
<arg>GA</arg>
<arg>GB</arg>
<arg>GD</arg>
<arg>GE</arg>
<arg>GF</arg>
<arg>GG</arg>
<arg>GH</arg>
<arg>GI</arg>
<arg>GL</arg>
<arg>GM</arg>
<arg>GN</arg>
<arg>GP</arg>
<arg>GQ</arg>
<arg>GR</arg>
<arg>GS</arg>
<arg>GT</arg>
<arg>GU</arg>
<arg>GW</arg>
<arg>GY</arg>
<arg>HK</arg>
<arg>HM</arg>
<arg>HN</arg>
<arg>HR</arg>
<arg>HT</arg>
<arg>HU</arg>
<arg>ID</arg>
<arg>IE</arg>
<arg>IL</arg>
<arg>IM</arg>
<arg>IN</arg>
<arg>IO</arg>
<arg>IQ</arg>
<arg>IR</arg>
<arg>IS</arg>
<arg>IT</arg>
<arg>JE</arg>
<arg>JM</arg>
<arg>JO</arg>
<arg>JP</arg>
<arg>KE</arg>
<arg>KG</arg>
<arg>KH</arg>
<arg>KI</arg>
<arg>KM</arg>
<arg>KN</arg>
<arg>KP</arg>
<arg>KR</arg>
<arg>KW</arg>
<arg>KY</arg>
<arg>KZ</arg>
<arg>LA</arg>
<arg>LB</arg>
<arg>LC</arg>
<arg>LI</arg>
<arg>LK</arg>
<arg>LR</arg>
<arg>LS</arg>
<arg>LT</arg>
<arg>LU</arg>
<arg>LV</arg>
<arg>LY</arg>
<arg>MA</arg>
<arg>MC</arg>
<arg>MD</arg>
<arg>ME</arg>
<arg>MF</arg>
<arg>MG</arg>
<arg>MH</arg>
<arg>MK</arg>
<arg>ML</arg>
<arg>MM</arg>
<arg>MN</arg>
<arg>MO</arg>
<arg>MP</arg>
<arg>MQ</arg>
<arg>MR</arg>
<arg>MS</arg>
<arg>MT</arg>
<arg>MU</arg>
<arg>MV</arg>
<arg>MW</arg>
<arg>MX</arg>
<arg>MY</arg>
<arg>MZ</arg>
<arg>NA</arg>
<arg>NC</arg>
<arg>NE</arg>
<arg>NF</arg>
<arg>NG</arg>
<arg>NI</arg>
<arg>NL</arg>
<arg>NO</arg>
<arg>NP</arg>
<arg>NR</arg>
<arg>NU</arg>
<arg>NZ</arg>
<arg>OM</arg>
<arg>PA</arg>
<arg>PE</arg>
<arg>PF</arg>
<arg>PG</arg>
<arg>PH</arg>
<arg>PK</arg>
<arg>PL</arg>
<arg>PM</arg>
<arg>PN</arg>
<arg>PR</arg>
<arg>PS</arg>
<arg>PT</arg>
<arg>PW</arg>
<arg>PY</arg>
<arg>QA</arg>
<arg>RE</arg>
<arg>RO</arg>
<arg>RS</arg>
<arg>RU</arg>
<arg>RW</arg>
<arg>SA</arg>
<arg>SB</arg>
<arg>SC</arg>
<arg>SD</arg>
<arg>SE</arg>
<arg>SG</arg>
<arg>SH</arg>
<arg>SI</arg>
<arg>SJ</arg>
<arg>SK</arg>
<arg>SL</arg>
<arg>SM</arg>
<arg>SN</arg>
<arg>SO</arg>
<arg>SR</arg>
<arg>SS</arg>
<arg>ST</arg>
<arg>SV</arg>
<arg>SX</arg>
<arg>SY</arg>
<arg>SZ</arg>
<arg>TC</arg>
<arg>TD</arg>
<arg>TF</arg>
<arg>TG</arg>
<arg>TH</arg>
<arg>TJ</arg>
<arg>TK</arg>
<arg>TL</arg>
<arg>TM</arg>
<arg>TN</arg>
<arg>TO</arg>
<arg>TR</arg>
<arg>TT</arg>
<arg>TV</arg>
<arg>TW</arg>
<arg>TZ</arg>
<arg>UA</arg>
<arg>UG</arg>
<arg>UM</arg>
<arg>US</arg>
<arg>UY</arg>
<arg>UZ</arg>
<arg>VA</arg>
<arg>VC</arg>
<arg>VE</arg>
<arg>VG</arg>
<arg>VI</arg>
<arg>VN</arg>
<arg>VU</arg>
<arg>WF</arg>
<arg>WS</arg>
<arg>XK</arg>
<arg>YE</arg>
<arg>YT</arg>
<arg>ZA</arg>
<arg>ZM</arg>
<arg>ZW</arg>
<doc>Returns a list containing given items.</doc>
<status status="PASS" start="2024-06-24T02:32:30.029409" elapsed="0.000642"/>
</kw>
<kw name="List Should Contain Value" owner="Collections">
<arg>${list_country}</arg>
<arg>${name_country}</arg>
<doc>Fails if the ``value`` is not found from ``list``.</doc>
<status status="PASS" start="2024-06-24T02:32:30.030846" elapsed="0.000203"/>
</kw>
<kw name="Run Keyword If" owner="BuiltIn">
<kw name="Should Be True" owner="BuiltIn">
<arg>${True}</arg>
<doc>Fails if the given condition is not true.</doc>
<status status="PASS" start="2024-06-24T02:32:30.031979" elapsed="0.000161"/>
</kw>
<arg>${json_data["results"][0]["location"]["coordinates"]["latitude"]} &gt;= -90 and ${json_data["results"][0]["location"]["coordinates"]["latitude"]} &lt;= 90</arg>
<arg>Should Be True</arg>
<arg>${True}</arg>
<doc>Runs the given keyword with the given arguments, if ``condition`` is true.</doc>
<status status="PASS" start="2024-06-24T02:32:30.031245" elapsed="0.001022"/>
</kw>
<kw name="Run Keyword If" owner="BuiltIn">
<kw name="Should Be True" owner="BuiltIn">
<arg>${True}</arg>
<doc>Fails if the given condition is not true.</doc>
<status status="PASS" start="2024-06-24T02:32:30.033139" elapsed="0.000265"/>
</kw>
<arg>${json_data["results"][0]["location"]["coordinates"]["longitude"]} &gt;= -180 and ${json_data["results"][0]["location"]["coordinates"]["longitude"]} &lt;= 180</arg>
<arg>Should Be True</arg>
<arg>${True}</arg>
<doc>Runs the given keyword with the given arguments, if ``condition`` is true.</doc>
<status status="PASS" start="2024-06-24T02:32:30.032446" elapsed="0.001101"/>
</kw>
<status status="PASS" start="2024-06-24T02:32:29.927962" elapsed="0.105714"/>
</kw>
<doc>Testa o conteúdo específico dos campos retornados pela API.</doc>
<tag>testeConteudo</tag>
<status status="PASS" start="2024-06-24T02:32:29.927549" elapsed="0.106266"/>
</test>
<status status="PASS" start="2024-06-24T02:32:28.865921" elapsed="1.169905"/>
</suite>
<status status="PASS" start="2024-06-24T02:32:28.851535" elapsed="1.189287"/>
</suite>
<statistics>
<total>
<stat pass="5" fail="0" skip="0">All Tests</stat>
</total>
<tag>
<stat pass="1" fail="0" skip="0">testeConteudo</stat>
<stat pass="1" fail="0" skip="0">testeEstruturaResposta</stat>
<stat pass="1" fail="0" skip="0">testeRequisicaoBasica</stat>
<stat pass="1" fail="0" skip="0">testeTiposDados</stat>
</tag>
<suite>
<stat pass="5" fail="0" skip="0" id="s1" name="Tests">Tests</stat>
<stat pass="5" fail="0" skip="0" id="s1-s1" name="Random-User-Test">Tests.Random-User-Test</stat>
</suite>
</statistics>
<errors>
</errors>
</robot>
