<?xml version="1.0" encoding="UTF-8"?>
<robot generator="Robot 7.0.1 (Python 3.12.4 on linux)" generated="2024-07-29T16:19:56.943573" rpa="false" schemaversion="5">
<suite id="s1" name="Tests" source="/home/runner/work/ApiRandomUser/ApiRandomUser/RamdonUser/tests">
<suite id="s1-s1" name="Random-User-Test" source="/home/runner/work/ApiRandomUser/ApiRandomUser/RamdonUser/tests/random-user-test.robot">
<test id="s1-s1-t1" name="Conectar" line="13">
<kw name="Conectar API" owner="random-user-service">
<kw name="Create Session" owner="RequestsLibrary">
<msg time="2024-07-29T16:19:57.345229" level="INFO">Creating Session using : alias=consultarAPI, url=https://randomuser.me/, headers={},                     cookies={}, auth=None, timeout=None, proxies=None, verify=False,                     debug=0 </msg>
<arg>consultarAPI</arg>
<arg>${URL}</arg>
<doc>Create Session: create a HTTP session to a server</doc>
<status status="PASS" start="2024-07-29T16:19:57.345032" elapsed="0.000378"/>
</kw>
<status status="PASS" start="2024-07-29T16:19:57.343991" elapsed="0.001780"/>
</kw>
<status status="PASS" start="2024-07-29T16:19:57.343446" elapsed="0.002541"/>
</test>
<test id="s1-s1-t2" name="Validar retorno 200 e JSON Válido" line="16">
<kw name="Teste de Requisicao Basica" owner="random-user-service">
<kw name="GET On Session" owner="RequestsLibrary">
<msg time="2024-07-29T16:19:57.916035" level="INFO">GET Request : url=https://randomuser.me/api 
 path_url=/api 
 headers={'User-Agent': 'python-requests/2.32.3', 'Accept-Encoding': 'gzip, deflate', 'Accept': '*/*', 'Connection': 'keep-alive'} 
 body=None 
 </msg>
<msg time="2024-07-29T16:19:57.916189" level="INFO">GET Response : url=https://randomuser.me/api 
 status=200, reason=OK 
 headers={'Date': 'Mon, 29 Jul 2024 16:19:57 GMT', 'Content-Type': 'application/json; charset=utf-8', 'Transfer-Encoding': 'chunked', 'Connection': 'keep-alive', 'X-Powered-By': 'Express', 'Access-Control-Allow-Origin': '*', 'Cache-Control': 'no-cache', 'ETag': 'W/"46a-l+iY5DKd9ROe92n6EWaxpio2DG0"', 'Vary': 'Accept-Encoding', 'Content-Encoding': 'gzip', 'CF-Cache-Status': 'DYNAMIC', 'Report-To': '{"endpoints":[{"url":"https:\\/\\/a.nel.cloudflare.com\\/report\\/v4?s=VQzk6jGC42iwwvXSk4FNf807lvTxaAEkFHbqySR0zGEcxmPzpsgbXyyY3u9thEXjtI1O5M%2Fq60iEbDOkBnGxgn6Udzlv0xAh3A5p39RsEB2GRPeDpMwsukUTUENeDxSL"}],"group":"cf-nel","max_age":604800}', 'NEL': '{"success_fraction":0,"report_to":"cf-nel","max_age":604800}', 'Server': 'cloudflare', 'CF-RAY': '8aae6efbad0162e2-ORD', 'alt-svc': 'h3=":443"; ma=86400'} 
 body={"results":[{"gender":"male","name":{"title":"Mr","first":"سپهر","last":"نكو نظر"},"location":{"street":{"number":6796,"name":"30 تیر"},"city":"تبریز","state":"اصفهان","country":"Iran","postcode":94606,"coordinates":{"latitude":"12.9873","longitude":"-32.9941"},"timezone":{"offset":"-10:00","description":"Hawaii"}},"email":"sphr.nkwnzr@example.com","login":{"uuid":"7b1a051f-3e62-46e7-a2ce-1a2f155620b1","username":"smallswan157","password":"bimmer","salt":"m3zlA6D3","md5":"376d74058f2a0480ef939a061f61345e","sha1":"1611e4fe8b063ebb50c54c413d5cd70ce94cc226","sha256":"51594e5246c83cc9168229bf0cf249d229b06ab19cd769941c1170cec4231fa6"},"dob":{"date":"1980-12-03T12:12:32.266Z","age":43},"registered":{"date":"2005-02-01T18:09:05.216Z","age":19},"phone":"003-33107073","cell":"0927-441-0808","id":{"name":"","value":null},"picture":{"large":"https://randomuser.me/api/portraits/men/97.jpg","medium":"https://randomuser.me/api/portraits/med/men/97.jpg","thumbnail":"https://randomuser.me/api/portraits/thumb/men/97.jpg"},"nat":"IR"}],"info":{"seed":"0825b136c7dce003","results":1,"page":1,"version":"1.4"}} 
 </msg>
<msg time="2024-07-29T16:19:57.916274" level="INFO">/opt/hostedtoolcache/Python/3.12.4/x64/lib/python3.12/site-packages/urllib3/connectionpool.py:1099: InsecureRequestWarning: Unverified HTTPS request is being made to host 'randomuser.me'. Adding certificate verification is strongly advised. See: https://urllib3.readthedocs.io/en/latest/advanced-usage.html#tls-warnings
  warnings.warn(</msg>
<msg time="2024-07-29T16:19:57.916415" level="INFO">${response} = &lt;Response [200]&gt;</msg>
<var>${response}</var>
<arg>consultarAPI</arg>
<arg>/api</arg>
<doc>Sends a GET request on a previously created HTTP Session.</doc>
<status status="PASS" start="2024-07-29T16:19:57.348624" elapsed="0.567831"/>
</kw>
<kw name="Should Be Equal As Numbers" owner="BuiltIn">
<msg time="2024-07-29T16:19:57.917627" level="INFO">Argument types are:
&lt;class 'int'&gt;
&lt;class 'str'&gt;</msg>
<arg>${response.status_code}</arg>
<arg>200</arg>
<doc>Fails if objects are unequal after converting them to real numbers.</doc>
<status status="PASS" start="2024-07-29T16:19:57.917115" elapsed="0.000577"/>
</kw>
<kw name="Log" owner="BuiltIn">
<msg time="2024-07-29T16:19:57.918363" level="INFO">200</msg>
<arg>${response.status_code}</arg>
<doc>Logs the given message with the given level.</doc>
<status status="PASS" start="2024-07-29T16:19:57.918013" elapsed="0.000392"/>
</kw>
<kw name="Set Variable" owner="BuiltIn">
<msg time="2024-07-29T16:19:57.919192" level="INFO">${json_data} = {'results': [{'gender': 'male', 'name': {'title': 'Mr', 'first': 'سپهر', 'last': 'نكو نظر'}, 'location': {'street': {'number': 6796, 'name': '30 تیر'}, 'city': 'تبریز', 'state': 'اصفهان', 'country': '...</msg>
<var>${json_data}</var>
<arg>${response.json()}</arg>
<doc>Returns the given values which can then be assigned to a variables.</doc>
<status status="PASS" start="2024-07-29T16:19:57.918743" elapsed="0.000479"/>
</kw>
<kw name="Dictionary Should Contain Key" owner="Collections">
<arg>${json_data}</arg>
<arg>results</arg>
<doc>Fails if ``key`` is not found from ``dictionary``.</doc>
<status status="PASS" start="2024-07-29T16:19:57.919525" elapsed="0.000315"/>
</kw>
<status status="PASS" start="2024-07-29T16:19:57.348382" elapsed="0.571610"/>
</kw>
<doc>Testa se a API responde corretamente e retorna um objeto JSON válido.</doc>
<tag>testeRequisicaoBasica</tag>
<status status="PASS" start="2024-07-29T16:19:57.347916" elapsed="0.572247"/>
</test>
<test id="s1-s1-t3" name="Validar estrutura de resposta" line="22">
<kw name="Teste de Estrutura de Resposta" owner="random-user-service">
<kw name="GET On Session" owner="RequestsLibrary">
<msg time="2024-07-29T16:19:58.780020" level="INFO">GET Request : url=https://randomuser.me/api 
 path_url=/api 
 headers={'User-Agent': 'python-requests/2.32.3', 'Accept-Encoding': 'gzip, deflate', 'Accept': '*/*', 'Connection': 'keep-alive'} 
 body=None 
 </msg>
<msg time="2024-07-29T16:19:58.780136" level="INFO">GET Response : url=https://randomuser.me/api 
 status=200, reason=OK 
 headers={'Date': 'Mon, 29 Jul 2024 16:19:58 GMT', 'Content-Type': 'application/json; charset=utf-8', 'Transfer-Encoding': 'chunked', 'Connection': 'keep-alive', 'X-Powered-By': 'Express', 'Access-Control-Allow-Origin': '*', 'Cache-Control': 'no-cache', 'ETag': 'W/"49a-71YGjuZtf0+bXE4AsmduaE1wDIU"', 'Vary': 'Accept-Encoding', 'Content-Encoding': 'gzip', 'CF-Cache-Status': 'DYNAMIC', 'Report-To': '{"endpoints":[{"url":"https:\\/\\/a.nel.cloudflare.com\\/report\\/v4?s=0qnVn%2BBrn44x32KnUEhv4Uc7yCn5SZPzMLZOCG%2F7dxSD0AwoI6XZXm2xifHZxHSbJDg0dYyE7qQDAKnD5ZMtEkOV8bRT6v6eSflXOHNs4ezzw9aX%2FnbW8Hli042RC3vu"}],"group":"cf-nel","max_age":604800}', 'NEL': '{"success_fraction":0,"report_to":"cf-nel","max_age":604800}', 'Server': 'cloudflare', 'CF-RAY': '8aae6eff093562e2-ORD', 'alt-svc': 'h3=":443"; ma=86400'} 
 body={"results":[{"gender":"male","name":{"title":"Mr","first":"Zander","last":"Austin"},"location":{"street":{"number":2851,"name":"Mill Lane"},"city":"Swansea","state":"Durham","country":"United Kingdom","postcode":"L79 3BS","coordinates":{"latitude":"-6.2981","longitude":"-149.9572"},"timezone":{"offset":"+11:00","description":"Magadan, Solomon Islands, New Caledonia"}},"email":"zander.austin@example.com","login":{"uuid":"f0f47d51-cbec-4448-980c-2eb3343d2416","username":"angryrabbit229","password":"loveyou","salt":"XS5XqsFM","md5":"38ef61d4ea50c072e0dde318d9aa52d9","sha1":"5a012df4c527b71f7062f8bdff823b7e6fb3050a","sha256":"ac7e6ad5b1efd93ff33539c27e99553dda571d4b55ac95b99de4006208337997"},"dob":{"date":"1997-06-14T15:51:41.281Z","age":27},"registered":{"date":"2017-04-22T07:14:32.270Z","age":7},"phone":"01370 374847","cell":"07882 343079","id":{"name":"NINO","value":"CR 30 02 68 I"},"picture":{"large":"https://randomuser.me/api/portraits/men/20.jpg","medium":"https://randomuser.me/api/portraits/med/men/20.jpg","thumbnail":"https://randomuser.me/api/portraits/thumb/men/20.jpg"},"nat":"GB"}],"info":{"seed":"fe3b7261d7bc932d","results":1,"page":1,"version":"1.4"}} 
 </msg>
<msg time="2024-07-29T16:19:58.780286" level="INFO">/opt/hostedtoolcache/Python/3.12.4/x64/lib/python3.12/site-packages/urllib3/connectionpool.py:1099: InsecureRequestWarning: Unverified HTTPS request is being made to host 'randomuser.me'. Adding certificate verification is strongly advised. See: https://urllib3.readthedocs.io/en/latest/advanced-usage.html#tls-warnings
  warnings.warn(</msg>
<msg time="2024-07-29T16:19:58.780423" level="INFO">${response} = &lt;Response [200]&gt;</msg>
<var>${response}</var>
<arg>consultarAPI</arg>
<arg>/api</arg>
<doc>Sends a GET request on a previously created HTTP Session.</doc>
<status status="PASS" start="2024-07-29T16:19:57.922749" elapsed="0.857715"/>
</kw>
<kw name="Set Variable" owner="BuiltIn">
<msg time="2024-07-29T16:19:58.781501" level="INFO">${json_data} = {'results': [{'gender': 'male', 'name': {'title': 'Mr', 'first': 'Zander', 'last': 'Austin'}, 'location': {'street': {'number': 2851, 'name': 'Mill Lane'}, 'city': 'Swansea', 'state': 'Durham', 'count...</msg>
<var>${json_data}</var>
<arg>${response.json()}</arg>
<doc>Returns the given values which can then be assigned to a variables.</doc>
<status status="PASS" start="2024-07-29T16:19:58.780976" elapsed="0.000553"/>
</kw>
<kw name="Log" owner="BuiltIn">
<msg time="2024-07-29T16:19:58.781996" level="INFO">{'results': [{'gender': 'male', 'name': {'title': 'Mr', 'first': 'Zander', 'last': 'Austin'}, 'location': {'street': {'number': 2851, 'name': 'Mill Lane'}, 'city': 'Swansea', 'state': 'Durham', 'country': 'United Kingdom', 'postcode': 'L79 3BS', 'coordinates': {'latitude': '-6.2981', 'longitude': '-149.9572'}, 'timezone': {'offset': '+11:00', 'description': 'Magadan, Solomon Islands, New Caledonia'}}, 'email': 'zander.austin@example.com', 'login': {'uuid': 'f0f47d51-cbec-4448-980c-2eb3343d2416', 'username': 'angryrabbit229', 'password': 'loveyou', 'salt': 'XS5XqsFM', 'md5': '38ef61d4ea50c072e0dde318d9aa52d9', 'sha1': '5a012df4c527b71f7062f8bdff823b7e6fb3050a', 'sha256': 'ac7e6ad5b1efd93ff33539c27e99553dda571d4b55ac95b99de4006208337997'}, 'dob': {'date': '1997-06-14T15:51:41.281Z', 'age': 27}, 'registered': {'date': '2017-04-22T07:14:32.270Z', 'age': 7}, 'phone': '01370 374847', 'cell': '07882 343079', 'id': {'name': 'NINO', 'value': 'CR 30 02 68 I'}, 'picture': {'large': 'https://randomuser.me/api/portraits/men/20.jpg', 'medium': 'https://randomuser.me/api/portraits/med/men/20.jpg', 'thumbnail': 'https://randomuser.me/api/portraits/thumb/men/20.jpg'}, 'nat': 'GB'}], 'info': {'seed': 'fe3b7261d7bc932d', 'results': 1, 'page': 1, 'version': '1.4'}}</msg>
<arg>${json_data}</arg>
<doc>Logs the given message with the given level.</doc>
<status status="PASS" start="2024-07-29T16:19:58.781835" elapsed="0.000209"/>
</kw>
<kw name="Dictionary Should Contain Key" owner="Collections">
<arg>${json_data}</arg>
<arg>results</arg>
<doc>Fails if ``key`` is not found from ``dictionary``.</doc>
<status status="PASS" start="2024-07-29T16:19:58.782333" elapsed="0.000161"/>
</kw>
<kw name="Should Not Be Empty" owner="BuiltIn">
<msg time="2024-07-29T16:19:58.782881" level="INFO">Length is 2.</msg>
<arg>${json_data}</arg>
<doc>Verifies that the given item is not empty.</doc>
<status status="PASS" start="2024-07-29T16:19:58.782675" elapsed="0.000243"/>
</kw>
<kw name="Create List" owner="BuiltIn">
<msg time="2024-07-29T16:19:58.783372" level="INFO">${expected_keys} = ['gender', 'name', 'location', 'email', 'login']</msg>
<var>${expected_keys}</var>
<arg>gender</arg>
<arg>name</arg>
<arg>location</arg>
<arg>email</arg>
<arg>login</arg>
<doc>Returns a list containing given items.</doc>
<status status="PASS" start="2024-07-29T16:19:58.783213" elapsed="0.000186"/>
</kw>
<for flavor="IN">
<iter>
<kw name="Dictionary Should Contain Key" owner="Collections">
<arg>${json_data['results'][0]}</arg>
<arg>${key}</arg>
<doc>Fails if ``key`` is not found from ``dictionary``.</doc>
<status status="PASS" start="2024-07-29T16:19:58.783984" elapsed="0.000409"/>
</kw>
<kw name="Log" owner="BuiltIn">
<msg time="2024-07-29T16:19:58.784934" level="INFO">{'gender': 'male', 'name': {'title': 'Mr', 'first': 'Zander', 'last': 'Austin'}, 'location': {'street': {'number': 2851, 'name': 'Mill Lane'}, 'city': 'Swansea', 'state': 'Durham', 'country': 'United Kingdom', 'postcode': 'L79 3BS', 'coordinates': {'latitude': '-6.2981', 'longitude': '-149.9572'}, 'timezone': {'offset': '+11:00', 'description': 'Magadan, Solomon Islands, New Caledonia'}}, 'email': 'zander.austin@example.com', 'login': {'uuid': 'f0f47d51-cbec-4448-980c-2eb3343d2416', 'username': 'angryrabbit229', 'password': 'loveyou', 'salt': 'XS5XqsFM', 'md5': '38ef61d4ea50c072e0dde318d9aa52d9', 'sha1': '5a012df4c527b71f7062f8bdff823b7e6fb3050a', 'sha256': 'ac7e6ad5b1efd93ff33539c27e99553dda571d4b55ac95b99de4006208337997'}, 'dob': {'date': '1997-06-14T15:51:41.281Z', 'age': 27}, 'registered': {'date': '2017-04-22T07:14:32.270Z', 'age': 7}, 'phone': '01370 374847', 'cell': '07882 343079', 'id': {'name': 'NINO', 'value': 'CR 30 02 68 I'}, 'picture': {'large': 'https://randomuser.me/api/portraits/men/20.jpg', 'medium': 'https://randomuser.me/api/portraits/med/men/20.jpg', 'thumbnail': 'https://randomuser.me/api/portraits/thumb/men/20.jpg'}, 'nat': 'GB'}</msg>
<arg>${json_data['results'][0]}</arg>
<doc>Logs the given message with the given level.</doc>
<status status="PASS" start="2024-07-29T16:19:58.784580" elapsed="0.000402"/>
</kw>
<kw name="Log" owner="BuiltIn">
<msg time="2024-07-29T16:19:58.785413" level="INFO">gender</msg>
<arg>${key}</arg>
<doc>Logs the given message with the given level.</doc>
<status status="PASS" start="2024-07-29T16:19:58.785281" elapsed="0.000169"/>
</kw>
<var name="${key}">gender</var>
<status status="PASS" start="2024-07-29T16:19:58.783859" elapsed="0.001810"/>
</iter>
<iter>
<kw name="Dictionary Should Contain Key" owner="Collections">
<arg>${json_data['results'][0]}</arg>
<arg>${key}</arg>
<doc>Fails if ``key`` is not found from ``dictionary``.</doc>
<status status="PASS" start="2024-07-29T16:19:58.785962" elapsed="0.000392"/>
</kw>
<kw name="Log" owner="BuiltIn">
<msg time="2024-07-29T16:19:58.786912" level="INFO">{'gender': 'male', 'name': {'title': 'Mr', 'first': 'Zander', 'last': 'Austin'}, 'location': {'street': {'number': 2851, 'name': 'Mill Lane'}, 'city': 'Swansea', 'state': 'Durham', 'country': 'United Kingdom', 'postcode': 'L79 3BS', 'coordinates': {'latitude': '-6.2981', 'longitude': '-149.9572'}, 'timezone': {'offset': '+11:00', 'description': 'Magadan, Solomon Islands, New Caledonia'}}, 'email': 'zander.austin@example.com', 'login': {'uuid': 'f0f47d51-cbec-4448-980c-2eb3343d2416', 'username': 'angryrabbit229', 'password': 'loveyou', 'salt': 'XS5XqsFM', 'md5': '38ef61d4ea50c072e0dde318d9aa52d9', 'sha1': '5a012df4c527b71f7062f8bdff823b7e6fb3050a', 'sha256': 'ac7e6ad5b1efd93ff33539c27e99553dda571d4b55ac95b99de4006208337997'}, 'dob': {'date': '1997-06-14T15:51:41.281Z', 'age': 27}, 'registered': {'date': '2017-04-22T07:14:32.270Z', 'age': 7}, 'phone': '01370 374847', 'cell': '07882 343079', 'id': {'name': 'NINO', 'value': 'CR 30 02 68 I'}, 'picture': {'large': 'https://randomuser.me/api/portraits/men/20.jpg', 'medium': 'https://randomuser.me/api/portraits/med/men/20.jpg', 'thumbnail': 'https://randomuser.me/api/portraits/thumb/men/20.jpg'}, 'nat': 'GB'}</msg>
<arg>${json_data['results'][0]}</arg>
<doc>Logs the given message with the given level.</doc>
<status status="PASS" start="2024-07-29T16:19:58.786536" elapsed="0.000457"/>
</kw>
<kw name="Log" owner="BuiltIn">
<msg time="2024-07-29T16:19:58.787420" level="INFO">name</msg>
<arg>${key}</arg>
<doc>Logs the given message with the given level.</doc>
<status status="PASS" start="2024-07-29T16:19:58.787291" elapsed="0.000167"/>
</kw>
<var name="${key}">name</var>
<status status="PASS" start="2024-07-29T16:19:58.785852" elapsed="0.001820"/>
</iter>
<iter>
<kw name="Dictionary Should Contain Key" owner="Collections">
<arg>${json_data['results'][0]}</arg>
<arg>${key}</arg>
<doc>Fails if ``key`` is not found from ``dictionary``.</doc>
<status status="PASS" start="2024-07-29T16:19:58.787950" elapsed="0.000383"/>
</kw>
<kw name="Log" owner="BuiltIn">
<msg time="2024-07-29T16:19:58.788865" level="INFO">{'gender': 'male', 'name': {'title': 'Mr', 'first': 'Zander', 'last': 'Austin'}, 'location': {'street': {'number': 2851, 'name': 'Mill Lane'}, 'city': 'Swansea', 'state': 'Durham', 'country': 'United Kingdom', 'postcode': 'L79 3BS', 'coordinates': {'latitude': '-6.2981', 'longitude': '-149.9572'}, 'timezone': {'offset': '+11:00', 'description': 'Magadan, Solomon Islands, New Caledonia'}}, 'email': 'zander.austin@example.com', 'login': {'uuid': 'f0f47d51-cbec-4448-980c-2eb3343d2416', 'username': 'angryrabbit229', 'password': 'loveyou', 'salt': 'XS5XqsFM', 'md5': '38ef61d4ea50c072e0dde318d9aa52d9', 'sha1': '5a012df4c527b71f7062f8bdff823b7e6fb3050a', 'sha256': 'ac7e6ad5b1efd93ff33539c27e99553dda571d4b55ac95b99de4006208337997'}, 'dob': {'date': '1997-06-14T15:51:41.281Z', 'age': 27}, 'registered': {'date': '2017-04-22T07:14:32.270Z', 'age': 7}, 'phone': '01370 374847', 'cell': '07882 343079', 'id': {'name': 'NINO', 'value': 'CR 30 02 68 I'}, 'picture': {'large': 'https://randomuser.me/api/portraits/men/20.jpg', 'medium': 'https://randomuser.me/api/portraits/med/men/20.jpg', 'thumbnail': 'https://randomuser.me/api/portraits/thumb/men/20.jpg'}, 'nat': 'GB'}</msg>
<arg>${json_data['results'][0]}</arg>
<doc>Logs the given message with the given level.</doc>
<status status="PASS" start="2024-07-29T16:19:58.788521" elapsed="0.000391"/>
</kw>
<kw name="Log" owner="BuiltIn">
<msg time="2024-07-29T16:19:58.789335" level="INFO">location</msg>
<arg>${key}</arg>
<doc>Logs the given message with the given level.</doc>
<status status="PASS" start="2024-07-29T16:19:58.789207" elapsed="0.000165"/>
</kw>
<var name="${key}">location</var>
<status status="PASS" start="2024-07-29T16:19:58.787845" elapsed="0.001741"/>
</iter>
<iter>
<kw name="Dictionary Should Contain Key" owner="Collections">
<arg>${json_data['results'][0]}</arg>
<arg>${key}</arg>
<doc>Fails if ``key`` is not found from ``dictionary``.</doc>
<status status="PASS" start="2024-07-29T16:19:58.789858" elapsed="0.000378"/>
</kw>
<kw name="Log" owner="BuiltIn">
<msg time="2024-07-29T16:19:58.790938" level="INFO">{'gender': 'male', 'name': {'title': 'Mr', 'first': 'Zander', 'last': 'Austin'}, 'location': {'street': {'number': 2851, 'name': 'Mill Lane'}, 'city': 'Swansea', 'state': 'Durham', 'country': 'United Kingdom', 'postcode': 'L79 3BS', 'coordinates': {'latitude': '-6.2981', 'longitude': '-149.9572'}, 'timezone': {'offset': '+11:00', 'description': 'Magadan, Solomon Islands, New Caledonia'}}, 'email': 'zander.austin@example.com', 'login': {'uuid': 'f0f47d51-cbec-4448-980c-2eb3343d2416', 'username': 'angryrabbit229', 'password': 'loveyou', 'salt': 'XS5XqsFM', 'md5': '38ef61d4ea50c072e0dde318d9aa52d9', 'sha1': '5a012df4c527b71f7062f8bdff823b7e6fb3050a', 'sha256': 'ac7e6ad5b1efd93ff33539c27e99553dda571d4b55ac95b99de4006208337997'}, 'dob': {'date': '1997-06-14T15:51:41.281Z', 'age': 27}, 'registered': {'date': '2017-04-22T07:14:32.270Z', 'age': 7}, 'phone': '01370 374847', 'cell': '07882 343079', 'id': {'name': 'NINO', 'value': 'CR 30 02 68 I'}, 'picture': {'large': 'https://randomuser.me/api/portraits/men/20.jpg', 'medium': 'https://randomuser.me/api/portraits/med/men/20.jpg', 'thumbnail': 'https://randomuser.me/api/portraits/thumb/men/20.jpg'}, 'nat': 'GB'}</msg>
<arg>${json_data['results'][0]}</arg>
<doc>Logs the given message with the given level.</doc>
<status status="PASS" start="2024-07-29T16:19:58.790540" elapsed="0.000446"/>
</kw>
<kw name="Log" owner="BuiltIn">
<msg time="2024-07-29T16:19:58.791408" level="INFO">email</msg>
<arg>${key}</arg>
<doc>Logs the given message with the given level.</doc>
<status status="PASS" start="2024-07-29T16:19:58.791280" elapsed="0.000166"/>
</kw>
<var name="${key}">email</var>
<status status="PASS" start="2024-07-29T16:19:58.789754" elapsed="0.001906"/>
</iter>
<iter>
<kw name="Dictionary Should Contain Key" owner="Collections">
<arg>${json_data['results'][0]}</arg>
<arg>${key}</arg>
<doc>Fails if ``key`` is not found from ``dictionary``.</doc>
<status status="PASS" start="2024-07-29T16:19:58.791936" elapsed="0.000370"/>
</kw>
<kw name="Log" owner="BuiltIn">
<msg time="2024-07-29T16:19:58.792823" level="INFO">{'gender': 'male', 'name': {'title': 'Mr', 'first': 'Zander', 'last': 'Austin'}, 'location': {'street': {'number': 2851, 'name': 'Mill Lane'}, 'city': 'Swansea', 'state': 'Durham', 'country': 'United Kingdom', 'postcode': 'L79 3BS', 'coordinates': {'latitude': '-6.2981', 'longitude': '-149.9572'}, 'timezone': {'offset': '+11:00', 'description': 'Magadan, Solomon Islands, New Caledonia'}}, 'email': 'zander.austin@example.com', 'login': {'uuid': 'f0f47d51-cbec-4448-980c-2eb3343d2416', 'username': 'angryrabbit229', 'password': 'loveyou', 'salt': 'XS5XqsFM', 'md5': '38ef61d4ea50c072e0dde318d9aa52d9', 'sha1': '5a012df4c527b71f7062f8bdff823b7e6fb3050a', 'sha256': 'ac7e6ad5b1efd93ff33539c27e99553dda571d4b55ac95b99de4006208337997'}, 'dob': {'date': '1997-06-14T15:51:41.281Z', 'age': 27}, 'registered': {'date': '2017-04-22T07:14:32.270Z', 'age': 7}, 'phone': '01370 374847', 'cell': '07882 343079', 'id': {'name': 'NINO', 'value': 'CR 30 02 68 I'}, 'picture': {'large': 'https://randomuser.me/api/portraits/men/20.jpg', 'medium': 'https://randomuser.me/api/portraits/med/men/20.jpg', 'thumbnail': 'https://randomuser.me/api/portraits/thumb/men/20.jpg'}, 'nat': 'GB'}</msg>
<arg>${json_data['results'][0]}</arg>
<doc>Logs the given message with the given level.</doc>
<status status="PASS" start="2024-07-29T16:19:58.792485" elapsed="0.000385"/>
</kw>
<kw name="Log" owner="BuiltIn">
<msg time="2024-07-29T16:19:58.793281" level="INFO">login</msg>
<arg>${key}</arg>
<doc>Logs the given message with the given level.</doc>
<status status="PASS" start="2024-07-29T16:19:58.793156" elapsed="0.000162"/>
</kw>
<var name="${key}">login</var>
<status status="PASS" start="2024-07-29T16:19:58.791830" elapsed="0.001701"/>
</iter>
<var>${key}</var>
<value>@{expected_keys}</value>
<status status="PASS" start="2024-07-29T16:19:58.783664" elapsed="0.009986"/>
</for>
<kw name="Create List" owner="BuiltIn">
<msg time="2024-07-29T16:19:58.794007" level="INFO">${expected_keysTwo} = ['username', 'password']</msg>
<var>${expected_keysTwo}</var>
<arg>username</arg>
<arg>password</arg>
<doc>Returns a list containing given items.</doc>
<status status="PASS" start="2024-07-29T16:19:58.793834" elapsed="0.000197"/>
</kw>
<for flavor="IN">
<iter>
<kw name="Dictionary Should Contain Key" owner="Collections">
<arg>${json_data['results'][0]['login']}</arg>
<arg>${keyTwo}</arg>
<doc>Fails if ``key`` is not found from ``dictionary``.</doc>
<status status="PASS" start="2024-07-29T16:19:58.794517" elapsed="0.000407"/>
</kw>
<kw name="Dictionary Should Contain Key" owner="Collections">
<arg>${json_data['results'][0]['login']}</arg>
<arg>${keyTwo}</arg>
<doc>Fails if ``key`` is not found from ``dictionary``.</doc>
<status status="PASS" start="2024-07-29T16:19:58.795103" elapsed="0.000376"/>
</kw>
<kw name="Log" owner="BuiltIn">
<msg time="2024-07-29T16:19:58.795771" level="INFO">username</msg>
<arg>${keyTwo}</arg>
<doc>Logs the given message with the given level.</doc>
<status status="PASS" start="2024-07-29T16:19:58.795653" elapsed="0.000155"/>
</kw>
<var name="${keyTwo}">username</var>
<status status="PASS" start="2024-07-29T16:19:58.794413" elapsed="0.001612"/>
</iter>
<iter>
<kw name="Dictionary Should Contain Key" owner="Collections">
<arg>${json_data['results'][0]['login']}</arg>
<arg>${keyTwo}</arg>
<doc>Fails if ``key`` is not found from ``dictionary``.</doc>
<status status="PASS" start="2024-07-29T16:19:58.796303" elapsed="0.000372"/>
</kw>
<kw name="Dictionary Should Contain Key" owner="Collections">
<arg>${json_data['results'][0]['login']}</arg>
<arg>${keyTwo}</arg>
<doc>Fails if ``key`` is not found from ``dictionary``.</doc>
<status status="PASS" start="2024-07-29T16:19:58.796851" elapsed="0.000372"/>
</kw>
<kw name="Log" owner="BuiltIn">
<msg time="2024-07-29T16:19:58.797532" level="INFO">password</msg>
<arg>${keyTwo}</arg>
<doc>Logs the given message with the given level.</doc>
<status status="PASS" start="2024-07-29T16:19:58.797405" elapsed="0.000164"/>
</kw>
<var name="${keyTwo}">password</var>
<status status="PASS" start="2024-07-29T16:19:58.796194" elapsed="0.001611"/>
</iter>
<var>${keyTwo}</var>
<value>@{expected_keysTwo}</value>
<status status="PASS" start="2024-07-29T16:19:58.794266" elapsed="0.003659"/>
</for>
<status status="PASS" start="2024-07-29T16:19:57.922492" elapsed="0.875570"/>
</kw>
<doc>Testa a estrutura da resposta da API.</doc>
<tag>testeEstruturaResposta</tag>
<status status="PASS" start="2024-07-29T16:19:57.921986" elapsed="0.876231"/>
</test>
<test id="s1-s1-t4" name="Validar tipos de dados" line="28">
<kw name="Teste de Tipos de Dados" owner="random-user-service">
<kw name="GET On Session" owner="RequestsLibrary">
<msg time="2024-07-29T16:19:59.486732" level="INFO">GET Request : url=https://randomuser.me/api 
 path_url=/api 
 headers={'User-Agent': 'python-requests/2.32.3', 'Accept-Encoding': 'gzip, deflate', 'Accept': '*/*', 'Connection': 'keep-alive'} 
 body=None 
 </msg>
<msg time="2024-07-29T16:19:59.486838" level="INFO">GET Response : url=https://randomuser.me/api 
 status=200, reason=OK 
 headers={'Date': 'Mon, 29 Jul 2024 16:19:59 GMT', 'Content-Type': 'application/json; charset=utf-8', 'Transfer-Encoding': 'chunked', 'Connection': 'keep-alive', 'X-Powered-By': 'Express', 'Access-Control-Allow-Origin': '*', 'Cache-Control': 'no-cache', 'ETag': 'W/"460-wnll9CXE+VGzf0dmHEJevZcY9Kg"', 'Vary': 'Accept-Encoding', 'Content-Encoding': 'gzip', 'CF-Cache-Status': 'DYNAMIC', 'Report-To': '{"endpoints":[{"url":"https:\\/\\/a.nel.cloudflare.com\\/report\\/v4?s=LWDeIXOuobdGDB91HpcsnIHE0Qui8cuoXi1gCMHq%2BUblUts45IR4g5NsK3uOx7B7yOc%2FvtBRmtAKvGdlSk2X3QLMWY8%2FYl%2BN4YxAXW%2FX7QJm4YCQ0XCkoGePzNB2dXWv"}],"group":"cf-nel","max_age":604800}', 'NEL': '{"success_fraction":0,"report_to":"cf-nel","max_age":604800}', 'Server': 'cloudflare', 'CF-RAY': '8aae6f04884262e2-ORD', 'alt-svc': 'h3=":443"; ma=86400'} 
 body={"results":[{"gender":"female","name":{"title":"Ms","first":"Oya","last":"Özdenak"},"location":{"street":{"number":296,"name":"Doktorlar Cd"},"city":"Kilis","state":"Niğde","country":"Turkey","postcode":37228,"coordinates":{"latitude":"70.6205","longitude":"78.3046"},"timezone":{"offset":"+4:30","description":"Kabul"}},"email":"oya.ozdenak@example.com","login":{"uuid":"cfaa02fa-4f62-41f4-80e6-53ac877c32dc","username":"happyfrog292","password":"swords","salt":"0ykg9qdc","md5":"143ff69f94f8c3669a954e1cd9460dc4","sha1":"77b8f69770630ee63f62baa227ce1e78bdb7b16c","sha256":"ae7241eef34c60748fc4be711eb263f151c3bae6659a1c0a77b2ef7e4c509d3f"},"dob":{"date":"1981-01-30T12:54:26.637Z","age":43},"registered":{"date":"2017-10-10T17:06:49.957Z","age":6},"phone":"(447)-218-7903","cell":"(067)-302-1454","id":{"name":"","value":null},"picture":{"large":"https://randomuser.me/api/portraits/women/48.jpg","medium":"https://randomuser.me/api/portraits/med/women/48.jpg","thumbnail":"https://randomuser.me/api/portraits/thumb/women/48.jpg"},"nat":"TR"}],"info":{"seed":"7940e556480d645c","results":1,"page":1,"version":"1.4"}} 
 </msg>
<msg time="2024-07-29T16:19:59.486909" level="INFO">/opt/hostedtoolcache/Python/3.12.4/x64/lib/python3.12/site-packages/urllib3/connectionpool.py:1099: InsecureRequestWarning: Unverified HTTPS request is being made to host 'randomuser.me'. Adding certificate verification is strongly advised. See: https://urllib3.readthedocs.io/en/latest/advanced-usage.html#tls-warnings
  warnings.warn(</msg>
<msg time="2024-07-29T16:19:59.487023" level="INFO">${response} = &lt;Response [200]&gt;</msg>
<var>${response}</var>
<arg>consultarAPI</arg>
<arg>/api</arg>
<doc>Sends a GET request on a previously created HTTP Session.</doc>
<status status="PASS" start="2024-07-29T16:19:58.800740" elapsed="0.686324"/>
</kw>
<kw name="Set Variable" owner="BuiltIn">
<msg time="2024-07-29T16:19:59.488121" level="INFO">${json_data} = {'results': [{'gender': 'female', 'name': {'title': 'Ms', 'first': 'Oya', 'last': 'Özdenak'}, 'location': {'street': {'number': 296, 'name': 'Doktorlar Cd'}, 'city': 'Kilis', 'state': 'Niğde', 'countr...</msg>
<var>${json_data}</var>
<arg>${response.json()}</arg>
<doc>Returns the given values which can then be assigned to a variables.</doc>
<status status="PASS" start="2024-07-29T16:19:59.487587" elapsed="0.000564"/>
</kw>
<kw name="Log" owner="BuiltIn">
<msg time="2024-07-29T16:19:59.488621" level="INFO">{'results': [{'gender': 'female', 'name': {'title': 'Ms', 'first': 'Oya', 'last': 'Özdenak'}, 'location': {'street': {'number': 296, 'name': 'Doktorlar Cd'}, 'city': 'Kilis', 'state': 'Niğde', 'country': 'Turkey', 'postcode': 37228, 'coordinates': {'latitude': '70.6205', 'longitude': '78.3046'}, 'timezone': {'offset': '+4:30', 'description': 'Kabul'}}, 'email': 'oya.ozdenak@example.com', 'login': {'uuid': 'cfaa02fa-4f62-41f4-80e6-53ac877c32dc', 'username': 'happyfrog292', 'password': 'swords', 'salt': '0ykg9qdc', 'md5': '143ff69f94f8c3669a954e1cd9460dc4', 'sha1': '77b8f69770630ee63f62baa227ce1e78bdb7b16c', 'sha256': 'ae7241eef34c60748fc4be711eb263f151c3bae6659a1c0a77b2ef7e4c509d3f'}, 'dob': {'date': '1981-01-30T12:54:26.637Z', 'age': 43}, 'registered': {'date': '2017-10-10T17:06:49.957Z', 'age': 6}, 'phone': '(447)-218-7903', 'cell': '(067)-302-1454', 'id': {'name': '', 'value': None}, 'picture': {'large': 'https://randomuser.me/api/portraits/women/48.jpg', 'medium': 'https://randomuser.me/api/portraits/med/women/48.jpg', 'thumbnail': 'https://randomuser.me/api/portraits/thumb/women/48.jpg'}, 'nat': 'TR'}], 'info': {'seed': '7940e556480d645c', 'results': 1, 'page': 1, 'version': '1.4'}}</msg>
<arg>${json_data}</arg>
<doc>Logs the given message with the given level.</doc>
<status status="PASS" start="2024-07-29T16:19:59.488462" elapsed="0.000208"/>
</kw>
<kw name="Should Be String" owner="String">
<arg>${json_data['results'][0]['gender']}</arg>
<doc>Fails if the given ``item`` is not a string.</doc>
<status status="PASS" start="2024-07-29T16:19:59.488956" elapsed="0.000368"/>
</kw>
<kw name="Should Match Regexp" owner="BuiltIn">
<arg>${json_data['results'][0]['email']}</arg>
<arg>^[a-zA-Z0-9._%+-]+@[a-zA-Z0-9.-]+\.[a-zA-Z]{2,}$</arg>
<doc>Fails if ``string`` does not match ``pattern`` as a regular expression.</doc>
<status status="PASS" start="2024-07-29T16:19:59.489512" elapsed="0.000514"/>
</kw>
<kw name="Should Match Regexp" owner="BuiltIn">
<arg>${json_data['results'][0]['dob']['date']}</arg>
<arg>\\d{4}-\\d{2}-\\d{2}T\\d{2}:\\d{2}:\\d{2}\\.\\d{3}Z</arg>
<doc>Fails if ``string`` does not match ``pattern`` as a regular expression.</doc>
<status status="PASS" start="2024-07-29T16:19:59.490260" elapsed="0.000678"/>
</kw>
<kw name="Should Match Regexp" owner="BuiltIn">
<arg>${json_data['results'][0]['registered']['date']}</arg>
<arg>\\d{4}-\\d{2}-\\d{2}T\\d{2}:\\d{2}:\\d{2}\\.\\d{3}Z</arg>
<doc>Fails if ``string`` does not match ``pattern`` as a regular expression.</doc>
<status status="PASS" start="2024-07-29T16:19:59.491136" elapsed="0.000373"/>
</kw>
<kw name="Should Match Regexp" owner="BuiltIn">
<arg>${json_data['results'][0]['picture']['large']}</arg>
<arg>^https?://.*\.(?:png|jpe?g|gif|bmp)$</arg>
<doc>Fails if ``string`` does not match ``pattern`` as a regular expression.</doc>
<status status="PASS" start="2024-07-29T16:19:59.491694" elapsed="0.000457"/>
</kw>
<kw name="Should Match Regexp" owner="BuiltIn">
<arg>${json_data['results'][0]['picture']['medium']}</arg>
<arg>^https?://.*\.(?:png|jpe?g|gif|bmp)$</arg>
<doc>Fails if ``string`` does not match ``pattern`` as a regular expression.</doc>
<status status="PASS" start="2024-07-29T16:19:59.492339" elapsed="0.000353"/>
</kw>
<kw name="Should Match Regexp" owner="BuiltIn">
<arg>${json_data['results'][0]['picture']['thumbnail']}</arg>
<arg>^https?://.*\.(?:png|jpe?g|gif|bmp)$</arg>
<doc>Fails if ``string`` does not match ``pattern`` as a regular expression.</doc>
<status status="PASS" start="2024-07-29T16:19:59.492871" elapsed="0.000346"/>
</kw>
<kw name="Log" owner="BuiltIn">
<msg time="2024-07-29T16:19:59.493714" level="INFO">{'large': 'https://randomuser.me/api/portraits/women/48.jpg', 'medium': 'https://randomuser.me/api/portraits/med/women/48.jpg', 'thumbnail': 'https://randomuser.me/api/portraits/thumb/women/48.jpg'}</msg>
<arg>${json_data['results'][0]['picture']}</arg>
<doc>Logs the given message with the given level.</doc>
<status status="PASS" start="2024-07-29T16:19:59.493394" elapsed="0.000362"/>
</kw>
<status status="PASS" start="2024-07-29T16:19:58.800514" elapsed="0.693500"/>
</kw>
<kw name="Teste de Tipos de Dados - Postcode" owner="random-user-service">
<kw name="GET On Session" owner="RequestsLibrary">
<msg time="2024-07-29T16:20:00.110151" level="INFO">GET Request : url=https://randomuser.me/api 
 path_url=/api 
 headers={'User-Agent': 'python-requests/2.32.3', 'Accept-Encoding': 'gzip, deflate', 'Accept': '*/*', 'Connection': 'keep-alive'} 
 body=None 
 </msg>
<msg time="2024-07-29T16:20:00.110254" level="INFO">GET Response : url=https://randomuser.me/api 
 status=200, reason=OK 
 headers={'Date': 'Mon, 29 Jul 2024 16:20:00 GMT', 'Content-Type': 'application/json; charset=utf-8', 'Transfer-Encoding': 'chunked', 'Connection': 'keep-alive', 'X-Powered-By': 'Express', 'Access-Control-Allow-Origin': '*', 'Cache-Control': 'no-cache', 'ETag': 'W/"4af-mffJYHNRXC9E0n9AFwZsYYfwnQg"', 'Vary': 'Accept-Encoding', 'Content-Encoding': 'gzip', 'CF-Cache-Status': 'DYNAMIC', 'Report-To': '{"endpoints":[{"url":"https:\\/\\/a.nel.cloudflare.com\\/report\\/v4?s=zjRlQJaf3GktUPMzPDgYI5Vi4FSwIKyvjDASfv%2B7KV6WAzX3K4w4B%2F6RErpCIaqtiYm2sNFlAVZWm7e7O66mUG%2FydmMlfrMYTHxC%2BkASoeJT%2FJM3oOAYarh7h7FURpvt"}],"group":"cf-nel","max_age":604800}', 'NEL': '{"success_fraction":0,"report_to":"cf-nel","max_age":604800}', 'Server': 'cloudflare', 'CF-RAY': '8aae6f08de0a62e2-ORD', 'alt-svc': 'h3=":443"; ma=86400'} 
 body={"results":[{"gender":"female","name":{"title":"Ms","first":"یاسمن","last":"حیدری"},"location":{"street":{"number":1259,"name":"میدان شهدا"},"city":"خوی","state":"سیستان و بلوچستان","country":"Iran","postcode":12284,"coordinates":{"latitude":"17.7348","longitude":"100.0788"},"timezone":{"offset":"+5:00","description":"Ekaterinburg, Islamabad, Karachi, Tashkent"}},"email":"ysmn.hydry@example.com","login":{"uuid":"e2ca2b67-07c4-4e1c-9ba2-946b2177f58f","username":"blackmeercat371","password":"payton","salt":"BYq5gWgT","md5":"348b37c9f0694b54cb653beb110c09f3","sha1":"7b31f9e1682f333ede39aa59ebc807ba2bd6f584","sha256":"79e7558405c0292cb0a718286eb542e995b5a18ae6383a92c97fc57ec58844ce"},"dob":{"date":"1967-01-09T03:26:37.884Z","age":57},"registered":{"date":"2016-08-22T11:23:47.660Z","age":7},"phone":"014-49359853","cell":"0936-376-6148","id":{"name":"","value":null},"picture":{"large":"https://randomuser.me/api/portraits/women/17.jpg","medium":"https://randomuser.me/api/portraits/med/women/17.jpg","thumbnail":"https://randomuser.me/api/portraits/thumb/women/17.jpg"},"nat":"IR"}],"info":{"seed":"3ee4d64404036b75","results":1,"page":1,"version":"1.4"}} 
 </msg>
<msg time="2024-07-29T16:20:00.110325" level="INFO">/opt/hostedtoolcache/Python/3.12.4/x64/lib/python3.12/site-packages/urllib3/connectionpool.py:1099: InsecureRequestWarning: Unverified HTTPS request is being made to host 'randomuser.me'. Adding certificate verification is strongly advised. See: https://urllib3.readthedocs.io/en/latest/advanced-usage.html#tls-warnings
  warnings.warn(</msg>
<msg time="2024-07-29T16:20:00.110444" level="INFO">${response} = &lt;Response [200]&gt;</msg>
<var>${response}</var>
<arg>consultarAPI</arg>
<arg>/api</arg>
<doc>Sends a GET request on a previously created HTTP Session.</doc>
<status status="PASS" start="2024-07-29T16:19:59.494474" elapsed="0.615996"/>
</kw>
<kw name="Set Variable" owner="BuiltIn">
<msg time="2024-07-29T16:20:00.111585" level="INFO">${json_data} = {'results': [{'gender': 'female', 'name': {'title': 'Ms', 'first': 'یاسمن', 'last': 'حیدری'}, 'location': {'street': {'number': 1259, 'name': 'میدان شهدا'}, 'city': 'خوی', 'state': 'سیستان و بلوچستان'...</msg>
<var>${json_data}</var>
<arg>${response.json()}</arg>
<doc>Returns the given values which can then be assigned to a variables.</doc>
<status status="PASS" start="2024-07-29T16:20:00.111053" elapsed="0.000563"/>
</kw>
<kw name="Log" owner="BuiltIn">
<msg time="2024-07-29T16:20:00.112087" level="INFO">{'results': [{'gender': 'female', 'name': {'title': 'Ms', 'first': 'یاسمن', 'last': 'حیدری'}, 'location': {'street': {'number': 1259, 'name': 'میدان شهدا'}, 'city': 'خوی', 'state': 'سیستان و بلوچستان', 'country': 'Iran', 'postcode': 12284, 'coordinates': {'latitude': '17.7348', 'longitude': '100.0788'}, 'timezone': {'offset': '+5:00', 'description': 'Ekaterinburg, Islamabad, Karachi, Tashkent'}}, 'email': 'ysmn.hydry@example.com', 'login': {'uuid': 'e2ca2b67-07c4-4e1c-9ba2-946b2177f58f', 'username': 'blackmeercat371', 'password': 'payton', 'salt': 'BYq5gWgT', 'md5': '348b37c9f0694b54cb653beb110c09f3', 'sha1': '7b31f9e1682f333ede39aa59ebc807ba2bd6f584', 'sha256': '79e7558405c0292cb0a718286eb542e995b5a18ae6383a92c97fc57ec58844ce'}, 'dob': {'date': '1967-01-09T03:26:37.884Z', 'age': 57}, 'registered': {'date': '2016-08-22T11:23:47.660Z', 'age': 7}, 'phone': '014-49359853', 'cell': '0936-376-6148', 'id': {'name': '', 'value': None}, 'picture': {'large': 'https://randomuser.me/api/portraits/women/17.jpg', 'medium': 'https://randomuser.me/api/portraits/med/women/17.jpg', 'thumbnail': 'https://randomuser.me/api/portraits/thumb/women/17.jpg'}, 'nat': 'IR'}], 'info': {'seed': '3ee4d64404036b75', 'results': 1, 'page': 1, 'version': '1.4'}}</msg>
<arg>${json_data}</arg>
<doc>Logs the given message with the given level.</doc>
<status status="PASS" start="2024-07-29T16:20:00.111927" elapsed="0.000210"/>
</kw>
<kw name="Should Be Equal As Numbers" owner="BuiltIn">
<arg>${json_data['results'][0]['location']['postcode']}</arg>
<arg>${json_data['results'][0]['location']['postcode']}</arg>
<doc>Fails if objects are unequal after converting them to real numbers.</doc>
<status status="PASS" start="2024-07-29T16:20:00.112437" elapsed="0.000637"/>
</kw>
<kw name="Log" owner="BuiltIn">
<msg time="2024-07-29T16:20:00.113605" level="INFO">12284</msg>
<arg>${json_data['results'][0]['location']['postcode']}</arg>
<doc>Logs the given message with the given level.</doc>
<status status="PASS" start="2024-07-29T16:20:00.113267" elapsed="0.000415"/>
</kw>
<status status="PASS" start="2024-07-29T16:19:59.494239" elapsed="0.619709"/>
</kw>
<doc>Testa se os tipos de dados na resposta da API estão corretos.</doc>
<tag>testeTiposDados</tag>
<status status="PASS" start="2024-07-29T16:19:58.800045" elapsed="1.314072"/>
</test>
<test id="s1-s1-t5" name="Validar conteudo" line="35">
<kw name="Teste de Tipos de Conteudo" owner="random-user-service">
<kw name="GET On Session" owner="RequestsLibrary">
<msg time="2024-07-29T16:20:01.392015" level="INFO">GET Request : url=https://randomuser.me/api 
 path_url=/api 
 headers={'User-Agent': 'python-requests/2.32.3', 'Accept-Encoding': 'gzip, deflate', 'Accept': '*/*', 'Connection': 'keep-alive'} 
 body=None 
 </msg>
<msg time="2024-07-29T16:20:01.392135" level="INFO">GET Response : url=https://randomuser.me/api 
 status=200, reason=OK 
 headers={'Date': 'Mon, 29 Jul 2024 16:20:01 GMT', 'Content-Type': 'application/json; charset=utf-8', 'Transfer-Encoding': 'chunked', 'Connection': 'keep-alive', 'X-Powered-By': 'Express', 'Access-Control-Allow-Origin': '*', 'Cache-Control': 'no-cache', 'ETag': 'W/"483-g9ZimlIz6HcC13pEOEklYaK6HjI"', 'Vary': 'Accept-Encoding', 'Content-Encoding': 'gzip', 'CF-Cache-Status': 'DYNAMIC', 'Report-To': '{"endpoints":[{"url":"https:\\/\\/a.nel.cloudflare.com\\/report\\/v4?s=1K74mwgFFsH%2FZPGOrwyOzOg3HZhxxV8o12eNSS4JY0hGf6qahmOYhhDnoyzioDZmjFgm4Rid0VTJLcdncEdBRWLH63a2XbkxHd5Kd%2BGlJUkr0pcWka0yi9a9fGLBek6n"}],"group":"cf-nel","max_age":604800}', 'NEL': '{"success_fraction":0,"report_to":"cf-nel","max_age":604800}', 'Server': 'cloudflare', 'CF-RAY': '8aae6f0cbaf462e2-ORD', 'alt-svc': 'h3=":443"; ma=86400'} 
 body={"results":[{"gender":"male","name":{"title":"Mr","first":"Kevin","last":"Pladsen"},"location":{"street":{"number":1300,"name":"Anne Maries vei"},"city":"Hovden","state":"Nord-Trøndelag","country":"Norway","postcode":"8135","coordinates":{"latitude":"40.8792","longitude":"-174.9908"},"timezone":{"offset":"+2:00","description":"Kaliningrad, South Africa"}},"email":"kevin.pladsen@example.com","login":{"uuid":"7a820568-511b-49bd-a495-1e2aa1c9cad4","username":"organicfrog166","password":"daniels","salt":"weeRKT1k","md5":"0cb0ed4143fcc58d7504189bb6f7abb0","sha1":"a270b8a889b859b0ed6167013dd1c69987477e0f","sha256":"4dc6b0c845aeaaa626a2a9fe6aed5ec0f5d7f55886423fa75c656b4a4ad8a39b"},"dob":{"date":"1995-01-27T07:34:20.228Z","age":29},"registered":{"date":"2004-12-21T12:16:54.753Z","age":19},"phone":"61767682","cell":"43707257","id":{"name":"FN","value":"27019506733"},"picture":{"large":"https://randomuser.me/api/portraits/men/67.jpg","medium":"https://randomuser.me/api/portraits/med/men/67.jpg","thumbnail":"https://randomuser.me/api/portraits/thumb/men/67.jpg"},"nat":"NO"}],"info":{"seed":"03202e7a6240ad11","results":1,"page":1,"version":"1.4"}} 
 </msg>
<msg time="2024-07-29T16:20:01.392223" level="INFO">/opt/hostedtoolcache/Python/3.12.4/x64/lib/python3.12/site-packages/urllib3/connectionpool.py:1099: InsecureRequestWarning: Unverified HTTPS request is being made to host 'randomuser.me'. Adding certificate verification is strongly advised. See: https://urllib3.readthedocs.io/en/latest/advanced-usage.html#tls-warnings
  warnings.warn(</msg>
<msg time="2024-07-29T16:20:01.392351" level="INFO">${response} = &lt;Response [200]&gt;</msg>
<var>${response}</var>
<arg>consultarAPI</arg>
<arg>/api</arg>
<doc>Sends a GET request on a previously created HTTP Session.</doc>
<status status="PASS" start="2024-07-29T16:20:00.116639" elapsed="1.275743"/>
</kw>
<kw name="Set Variable" owner="BuiltIn">
<msg time="2024-07-29T16:20:01.394140" level="INFO">${json_data} = {'results': [{'gender': 'male', 'name': {'title': 'Mr', 'first': 'Kevin', 'last': 'Pladsen'}, 'location': {'street': {'number': 1300, 'name': 'Anne Maries vei'}, 'city': 'Hovden', 'state': 'Nord-Trønd...</msg>
<var>${json_data}</var>
<arg>${response.json()}</arg>
<doc>Returns the given values which can then be assigned to a variables.</doc>
<status status="PASS" start="2024-07-29T16:20:01.393412" elapsed="0.000771"/>
</kw>
<kw name="Set Variable" owner="BuiltIn">
<msg time="2024-07-29T16:20:01.398940" level="INFO">${name_title} = Mr</msg>
<var>${name_title}</var>
<arg>${json_data["results"][0]["name"]["title"]}</arg>
<doc>Returns the given values which can then be assigned to a variables.</doc>
<status status="PASS" start="2024-07-29T16:20:01.398206" elapsed="0.000777"/>
</kw>
<kw name="Create List" owner="BuiltIn">
<msg time="2024-07-29T16:20:01.399525" level="INFO">${allowed_titles} = ['Mr', 'Ms', 'Miss', 'Mrs', 'Madame', 'Monsieur']</msg>
<var>${allowed_titles}</var>
<arg>Mr</arg>
<arg>Ms</arg>
<arg>Miss</arg>
<arg>Mrs</arg>
<arg>Madame</arg>
<arg>Monsieur</arg>
<doc>Returns a list containing given items.</doc>
<status status="PASS" start="2024-07-29T16:20:01.399370" elapsed="0.000180"/>
</kw>
<kw name="List Should Contain Value" owner="Collections">
<arg>${allowed_titles}</arg>
<arg>${name_title}</arg>
<doc>Fails if the ``value`` is not found from ``list``.</doc>
<status status="PASS" start="2024-07-29T16:20:01.399872" elapsed="0.000198"/>
</kw>
<kw name="Set Variable" owner="BuiltIn">
<msg time="2024-07-29T16:20:01.400634" level="INFO">${name_country} = NO</msg>
<var>${name_country}</var>
<arg>${json_data["results"][0]["nat"]}</arg>
<doc>Returns the given values which can then be assigned to a variables.</doc>
<status status="PASS" start="2024-07-29T16:20:01.400250" elapsed="0.000410"/>
</kw>
<kw name="Create List" owner="BuiltIn">
<msg time="2024-07-29T16:20:01.401558" level="INFO">${list_country} = ['AD', 'AE', 'AF', 'AG', 'AI', 'AL', 'AM', 'AO', 'AQ', 'AR', 'AS', 'AT', 'AU', 'AW', 'AX', 'AZ', 'BA', 'BB', 'BD', 'BE', 'BF', 'BG', 'BH', 'BI', 'BJ', 'BL', 'BM', 'BN', 'BO', 'BQ', 'BR', 'BS', 'BT', '...</msg>
<var>${list_country}</var>
<arg>AD</arg>
<arg>AE</arg>
<arg>AF</arg>
<arg>AG</arg>
<arg>AI</arg>
<arg>AL</arg>
<arg>AM</arg>
<arg>AO</arg>
<arg>AQ</arg>
<arg>AR</arg>
<arg>AS</arg>
<arg>AT</arg>
<arg>AU</arg>
<arg>AW</arg>
<arg>AX</arg>
<arg>AZ</arg>
<arg>BA</arg>
<arg>BB</arg>
<arg>BD</arg>
<arg>BE</arg>
<arg>BF</arg>
<arg>BG</arg>
<arg>BH</arg>
<arg>BI</arg>
<arg>BJ</arg>
<arg>BL</arg>
<arg>BM</arg>
<arg>BN</arg>
<arg>BO</arg>
<arg>BQ</arg>
<arg>BR</arg>
<arg>BS</arg>
<arg>BT</arg>
<arg>BV</arg>
<arg>BW</arg>
<arg>BY</arg>
<arg>BZ</arg>
<arg>CA</arg>
<arg>CC</arg>
<arg>CD</arg>
<arg>CF</arg>
<arg>CG</arg>
<arg>CH</arg>
<arg>CI</arg>
<arg>CK</arg>
<arg>CL</arg>
<arg>CM</arg>
<arg>CN</arg>
<arg>CO</arg>
<arg>CR</arg>
<arg>CU</arg>
<arg>CV</arg>
<arg>CW</arg>
<arg>CX</arg>
<arg>CY</arg>
<arg>CZ</arg>
<arg>DE</arg>
<arg>DJ</arg>
<arg>DK</arg>
<arg>DM</arg>
<arg>DO</arg>
<arg>DZ</arg>
<arg>EC</arg>
<arg>EE</arg>
<arg>EG</arg>
<arg>EH</arg>
<arg>ER</arg>
<arg>ES</arg>
<arg>ET</arg>
<arg>FI</arg>
<arg>FJ</arg>
<arg>FK</arg>
<arg>FM</arg>
<arg>FO</arg>
<arg>FR</arg>
<arg>GA</arg>
<arg>GB</arg>
<arg>GD</arg>
<arg>GE</arg>
<arg>GF</arg>
<arg>GG</arg>
<arg>GH</arg>
<arg>GI</arg>
<arg>GL</arg>
<arg>GM</arg>
<arg>GN</arg>
<arg>GP</arg>
<arg>GQ</arg>
<arg>GR</arg>
<arg>GS</arg>
<arg>GT</arg>
<arg>GU</arg>
<arg>GW</arg>
<arg>GY</arg>
<arg>HK</arg>
<arg>HM</arg>
<arg>HN</arg>
<arg>HR</arg>
<arg>HT</arg>
<arg>HU</arg>
<arg>ID</arg>
<arg>IE</arg>
<arg>IL</arg>
<arg>IM</arg>
<arg>IN</arg>
<arg>IO</arg>
<arg>IQ</arg>
<arg>IR</arg>
<arg>IS</arg>
<arg>IT</arg>
<arg>JE</arg>
<arg>JM</arg>
<arg>JO</arg>
<arg>JP</arg>
<arg>KE</arg>
<arg>KG</arg>
<arg>KH</arg>
<arg>KI</arg>
<arg>KM</arg>
<arg>KN</arg>
<arg>KP</arg>
<arg>KR</arg>
<arg>KW</arg>
<arg>KY</arg>
<arg>KZ</arg>
<arg>LA</arg>
<arg>LB</arg>
<arg>LC</arg>
<arg>LI</arg>
<arg>LK</arg>
<arg>LR</arg>
<arg>LS</arg>
<arg>LT</arg>
<arg>LU</arg>
<arg>LV</arg>
<arg>LY</arg>
<arg>MA</arg>
<arg>MC</arg>
<arg>MD</arg>
<arg>ME</arg>
<arg>MF</arg>
<arg>MG</arg>
<arg>MH</arg>
<arg>MK</arg>
<arg>ML</arg>
<arg>MM</arg>
<arg>MN</arg>
<arg>MO</arg>
<arg>MP</arg>
<arg>MQ</arg>
<arg>MR</arg>
<arg>MS</arg>
<arg>MT</arg>
<arg>MU</arg>
<arg>MV</arg>
<arg>MW</arg>
<arg>MX</arg>
<arg>MY</arg>
<arg>MZ</arg>
<arg>NA</arg>
<arg>NC</arg>
<arg>NE</arg>
<arg>NF</arg>
<arg>NG</arg>
<arg>NI</arg>
<arg>NL</arg>
<arg>NO</arg>
<arg>NP</arg>
<arg>NR</arg>
<arg>NU</arg>
<arg>NZ</arg>
<arg>OM</arg>
<arg>PA</arg>
<arg>PE</arg>
<arg>PF</arg>
<arg>PG</arg>
<arg>PH</arg>
<arg>PK</arg>
<arg>PL</arg>
<arg>PM</arg>
<arg>PN</arg>
<arg>PR</arg>
<arg>PS</arg>
<arg>PT</arg>
<arg>PW</arg>
<arg>PY</arg>
<arg>QA</arg>
<arg>RE</arg>
<arg>RO</arg>
<arg>RS</arg>
<arg>RU</arg>
<arg>RW</arg>
<arg>SA</arg>
<arg>SB</arg>
<arg>SC</arg>
<arg>SD</arg>
<arg>SE</arg>
<arg>SG</arg>
<arg>SH</arg>
<arg>SI</arg>
<arg>SJ</arg>
<arg>SK</arg>
<arg>SL</arg>
<arg>SM</arg>
<arg>SN</arg>
<arg>SO</arg>
<arg>SR</arg>
<arg>SS</arg>
<arg>ST</arg>
<arg>SV</arg>
<arg>SX</arg>
<arg>SY</arg>
<arg>SZ</arg>
<arg>TC</arg>
<arg>TD</arg>
<arg>TF</arg>
<arg>TG</arg>
<arg>TH</arg>
<arg>TJ</arg>
<arg>TK</arg>
<arg>TL</arg>
<arg>TM</arg>
<arg>TN</arg>
<arg>TO</arg>
<arg>TR</arg>
<arg>TT</arg>
<arg>TV</arg>
<arg>TW</arg>
<arg>TZ</arg>
<arg>UA</arg>
<arg>UG</arg>
<arg>UM</arg>
<arg>US</arg>
<arg>UY</arg>
<arg>UZ</arg>
<arg>VA</arg>
<arg>VC</arg>
<arg>VE</arg>
<arg>VG</arg>
<arg>VI</arg>
<arg>VN</arg>
<arg>VU</arg>
<arg>WF</arg>
<arg>WS</arg>
<arg>XK</arg>
<arg>YE</arg>
<arg>YT</arg>
<arg>ZA</arg>
<arg>ZM</arg>
<arg>ZW</arg>
<doc>Returns a list containing given items.</doc>
<status status="PASS" start="2024-07-29T16:20:01.400952" elapsed="0.000632"/>
</kw>
<kw name="List Should Contain Value" owner="Collections">
<arg>${list_country}</arg>
<arg>${name_country}</arg>
<doc>Fails if the ``value`` is not found from ``list``.</doc>
<status status="PASS" start="2024-07-29T16:20:01.402581" elapsed="0.000243"/>
</kw>
<kw name="Run Keyword If" owner="BuiltIn">
<kw name="Should Be True" owner="BuiltIn">
<arg>${True}</arg>
<doc>Fails if the given condition is not true.</doc>
<status status="PASS" start="2024-07-29T16:20:01.403767" elapsed="0.000141"/>
</kw>
<arg>${json_data["results"][0]["location"]["coordinates"]["latitude"]} &gt;= -90 and ${json_data["results"][0]["location"]["coordinates"]["latitude"]} &lt;= 90</arg>
<arg>Should Be True</arg>
<arg>${True}</arg>
<doc>Runs the given keyword with the given arguments, if ``condition`` is true.</doc>
<status status="PASS" start="2024-07-29T16:20:01.403024" elapsed="0.001011"/>
</kw>
<kw name="Run Keyword If" owner="BuiltIn">
<kw name="Should Be True" owner="BuiltIn">
<arg>${True}</arg>
<doc>Fails if the given condition is not true.</doc>
<status status="PASS" start="2024-07-29T16:20:01.404900" elapsed="0.000134"/>
</kw>
<arg>${json_data["results"][0]["location"]["coordinates"]["longitude"]} &gt;= -180 and ${json_data["results"][0]["location"]["coordinates"]["longitude"]} &lt;= 180</arg>
<arg>Should Be True</arg>
<arg>${True}</arg>
<doc>Runs the given keyword with the given arguments, if ``condition`` is true.</doc>
<status status="PASS" start="2024-07-29T16:20:01.404216" elapsed="0.000938"/>
</kw>
<status status="PASS" start="2024-07-29T16:20:00.116414" elapsed="1.288874"/>
</kw>
<doc>Testa o conteúdo específico dos campos retornados pela API.</doc>
<tag>testeConteudo</tag>
<status status="PASS" start="2024-07-29T16:20:00.115948" elapsed="1.289496"/>
</test>
<status status="PASS" start="2024-07-29T16:19:57.001853" elapsed="4.405628"/>
</suite>
<status status="PASS" start="2024-07-29T16:19:56.987548" elapsed="4.425441"/>
</suite>
<statistics>
<total>
<stat pass="5" fail="0" skip="0">All Tests</stat>
</total>
<tag>
<stat pass="1" fail="0" skip="0">testeConteudo</stat>
<stat pass="1" fail="0" skip="0">testeEstruturaResposta</stat>
<stat pass="1" fail="0" skip="0">testeRequisicaoBasica</stat>
<stat pass="1" fail="0" skip="0">testeTiposDados</stat>
</tag>
<suite>
<stat pass="5" fail="0" skip="0" id="s1" name="Tests">Tests</stat>
<stat pass="5" fail="0" skip="0" id="s1-s1" name="Random-User-Test">Tests.Random-User-Test</stat>
</suite>
</statistics>
<errors>
</errors>
</robot>
