<?xml version="1.0" encoding="UTF-8"?>
<robot generator="Robot 7.0 (Python 3.12.3 on linux)" generated="2024-06-08T08:16:51.618116" rpa="false" schemaversion="5">
<suite id="s1" name="Tests" source="/home/runner/work/ApiRandomUser/ApiRandomUser/RamdonUser/tests">
<suite id="s1-s1" name="Random-User-Test" source="/home/runner/work/ApiRandomUser/ApiRandomUser/RamdonUser/tests/random-user-test.robot">
<test id="s1-s1-t1" name="Conectar" line="13">
<kw name="Conectar API" owner="random-user-service">
<kw name="Create Session" owner="RequestsLibrary">
<msg time="2024-06-08T08:16:52.010421" level="INFO">Creating Session using : alias=consultarAPI, url=https://randomuser.me/, headers={},                     cookies={}, auth=None, timeout=None, proxies=None, verify=False,                     debug=0 </msg>
<arg>consultarAPI</arg>
<arg>${URL}</arg>
<doc>Create Session: create a HTTP session to a server</doc>
<status status="PASS" start="2024-06-08T08:16:52.010168" elapsed="0.000432"/>
</kw>
<status status="PASS" start="2024-06-08T08:16:52.009186" elapsed="0.001784"/>
</kw>
<status status="PASS" start="2024-06-08T08:16:52.008600" elapsed="0.002567"/>
</test>
<test id="s1-s1-t2" name="Validar retorno 200 e JSON Válido" line="16">
<kw name="Teste de Requisicao Basica" owner="random-user-service">
<kw name="GET On Session" owner="RequestsLibrary">
<msg time="2024-06-08T08:16:52.366801" level="INFO">GET Request : url=https://randomuser.me/api 
 path_url=/api 
 headers={'User-Agent': 'python-requests/2.32.3', 'Accept-Encoding': 'gzip, deflate', 'Accept': '*/*', 'Connection': 'keep-alive'} 
 body=None 
 </msg>
<msg time="2024-06-08T08:16:52.366949" level="INFO">GET Response : url=https://randomuser.me/api 
 status=200, reason=OK 
 headers={'Date': 'Sat, 08 Jun 2024 08:16:52 GMT', 'Content-Type': 'application/json; charset=utf-8', 'Transfer-Encoding': 'chunked', 'Connection': 'keep-alive', 'X-Powered-By': 'Express', 'Access-Control-Allow-Origin': '*', 'Cache-Control': 'no-cache', 'ETag': 'W/"48c-8yZkNZLjDQXpK+xbVeOy+LD4p7I"', 'Vary': 'Accept-Encoding', 'Content-Encoding': 'gzip', 'CF-Cache-Status': 'DYNAMIC', 'Report-To': '{"endpoints":[{"url":"https:\\/\\/a.nel.cloudflare.com\\/report\\/v4?s=MxJn1ayBVydtfz5IYt5ghGpTBbysQzGCIFNFwlYBHcBIo2gyNdcMdOyIjczLeAwTVWrBnn%2B%2FPK8%2B8a7xW2QDSGuHxHefnFdKIofKgAot6Rj1Z%2Fw3nZLI3PMYafNqZgnU"}],"group":"cf-nel","max_age":604800}', 'NEL': '{"success_fraction":0,"report_to":"cf-nel","max_age":604800}', 'Server': 'cloudflare', 'CF-RAY': '890771354965172a-SJC', 'alt-svc': 'h3=":443"; ma=86400'} 
 body={"results":[{"gender":"male","name":{"title":"Mr","first":"Rodolfo","last":"Gamboa"},"location":{"street":{"number":3251,"name":"Pasaje Sur Velasco"},"city":"Sabinas","state":"Yucatan","country":"Mexico","postcode":63895,"coordinates":{"latitude":"26.5526","longitude":"-113.1395"},"timezone":{"offset":"+6:00","description":"Almaty, Dhaka, Colombo"}},"email":"rodolfo.gamboa@example.com","login":{"uuid":"d5c5aaf9-3d9f-441f-97b1-e14143f61e71","username":"sadbutterfly930","password":"jojo","salt":"m1J0rg92","md5":"186a9beb5286b5208ad51e1bbd60e150","sha1":"92314e0f743a83bceb95c9d0f395d1399b9d234f","sha256":"1c964430cea8224854fe873b5ab782378f397eecf4a9067068d063bccaba45ad"},"dob":{"date":"1949-06-09T20:24:34.871Z","age":74},"registered":{"date":"2007-07-01T06:37:53.925Z","age":16},"phone":"(622) 931 8416","cell":"(622) 919 3540","id":{"name":"NSS","value":"28 32 02 7435 6"},"picture":{"large":"https://randomuser.me/api/portraits/men/12.jpg","medium":"https://randomuser.me/api/portraits/med/men/12.jpg","thumbnail":"https://randomuser.me/api/portraits/thumb/men/12.jpg"},"nat":"MX"}],"info":{"seed":"af0fb47a2a5b2027","results":1,"page":1,"version":"1.4"}} 
 </msg>
<msg time="2024-06-08T08:16:52.367030" level="INFO">/opt/hostedtoolcache/Python/3.12.3/x64/lib/python3.12/site-packages/urllib3/connectionpool.py:1103: InsecureRequestWarning: Unverified HTTPS request is being made to host 'randomuser.me'. Adding certificate verification is strongly advised. See: https://urllib3.readthedocs.io/en/latest/advanced-usage.html#tls-warnings
  warnings.warn(</msg>
<msg time="2024-06-08T08:16:52.367241" level="INFO">${response} = &lt;Response [200]&gt;</msg>
<var>${response}</var>
<arg>consultarAPI</arg>
<arg>/api</arg>
<doc>Sends a GET request on a previously created HTTP Session.</doc>
<status status="PASS" start="2024-06-08T08:16:52.013817" elapsed="0.353468"/>
</kw>
<kw name="Should Be Equal As Numbers" owner="BuiltIn">
<msg time="2024-06-08T08:16:52.368250" level="INFO">Argument types are:
&lt;class 'int'&gt;
&lt;class 'str'&gt;</msg>
<arg>${response.status_code}</arg>
<arg>200</arg>
<doc>Fails if objects are unequal after converting them to real numbers.</doc>
<status status="PASS" start="2024-06-08T08:16:52.367806" elapsed="0.000510"/>
</kw>
<kw name="Log" owner="BuiltIn">
<msg time="2024-06-08T08:16:52.368981" level="INFO">200</msg>
<arg>${response.status_code}</arg>
<doc>Logs the given message with the given level.</doc>
<status status="PASS" start="2024-06-08T08:16:52.368632" elapsed="0.000398"/>
</kw>
<kw name="Set Variable" owner="BuiltIn">
<msg time="2024-06-08T08:16:52.369768" level="INFO">${json_data} = {'results': [{'gender': 'male', 'name': {'title': 'Mr', 'first': 'Rodolfo', 'last': 'Gamboa'}, 'location': {'street': {'number': 3251, 'name': 'Pasaje Sur Velasco'}, 'city': 'Sabinas', 'state': 'Yucat...</msg>
<var>${json_data}</var>
<arg>${response.json()}</arg>
<doc>Returns the given values which can then be assigned to a variables.</doc>
<status status="PASS" start="2024-06-08T08:16:52.369335" elapsed="0.000463"/>
</kw>
<kw name="Dictionary Should Contain Key" owner="Collections">
<msg time="2024-06-08T08:16:52.370285" level="INFO">False</msg>
<arg>${json_data}</arg>
<arg>results</arg>
<doc>Fails if ``key`` is not found from ``dictionary``.</doc>
<status status="PASS" start="2024-06-08T08:16:52.370096" elapsed="0.000233"/>
</kw>
<status status="PASS" start="2024-06-08T08:16:52.013573" elapsed="0.357020"/>
</kw>
<doc>Testa se a API responde corretamente e retorna um objeto JSON válido.</doc>
<tag>testeRequisicaoBasica</tag>
<status status="PASS" start="2024-06-08T08:16:52.013038" elapsed="0.357740"/>
</test>
<test id="s1-s1-t3" name="Validar estrutura de resposta" line="22">
<kw name="Teste de Estrutura de Resposta" owner="random-user-service">
<kw name="GET On Session" owner="RequestsLibrary">
<msg time="2024-06-08T08:16:52.496638" level="INFO">GET Request : url=https://randomuser.me/api 
 path_url=/api 
 headers={'User-Agent': 'python-requests/2.32.3', 'Accept-Encoding': 'gzip, deflate', 'Accept': '*/*', 'Connection': 'keep-alive'} 
 body=None 
 </msg>
<msg time="2024-06-08T08:16:52.496707" level="INFO">GET Response : url=https://randomuser.me/api 
 status=200, reason=OK 
 headers={'Date': 'Sat, 08 Jun 2024 08:16:52 GMT', 'Content-Type': 'application/json; charset=utf-8', 'Transfer-Encoding': 'chunked', 'Connection': 'keep-alive', 'X-Powered-By': 'Express', 'Access-Control-Allow-Origin': '*', 'Cache-Control': 'no-cache', 'ETag': 'W/"48b-IzpbBYqOKd8PprKhZVdQPE91nEg"', 'Vary': 'Accept-Encoding', 'Content-Encoding': 'gzip', 'CF-Cache-Status': 'DYNAMIC', 'Report-To': '{"endpoints":[{"url":"https:\\/\\/a.nel.cloudflare.com\\/report\\/v4?s=RX0a6rQ2HmM5TPs7wCD7UJNI3B6kL9X4oXYnQ0OrPYdc73SXt7rpj%2Bhu0nypTemt6HinHU8YGDMEYphOq2E%2Fpg8MFHmoQdMRX4POHYyG4lLp4SJj218ZtfakUNJZh1Gg"}],"group":"cf-nel","max_age":604800}', 'NEL': '{"success_fraction":0,"report_to":"cf-nel","max_age":604800}', 'Server': 'cloudflare', 'CF-RAY': '890771375aaf172a-SJC', 'alt-svc': 'h3=":443"; ma=86400'} 
 body={"results":[{"gender":"female","name":{"title":"Mrs","first":"Carla","last":"Marín"},"location":{"street":{"number":2042,"name":"Calle del Prado"},"city":"Ciudad Real","state":"Aragón","country":"Spain","postcode":85258,"coordinates":{"latitude":"-37.7079","longitude":"1.7755"},"timezone":{"offset":"+4:00","description":"Abu Dhabi, Muscat, Baku, Tbilisi"}},"email":"carla.marin@example.com","login":{"uuid":"28693d31-d18b-4a94-8cbb-0aad79d2cd76","username":"sadbear674","password":"randolph","salt":"hGUMJqrX","md5":"48175969f504f942d5178dc297be9a04","sha1":"e0a487b5de9088f7a2da17056f88d72a7a3d7958","sha256":"577a92501f6b14fd29e6cf35a46d45fa846a2007027d3f054aa9ca94595bb69d"},"dob":{"date":"1982-06-29T21:54:36.101Z","age":41},"registered":{"date":"2018-11-21T10:37:01.491Z","age":5},"phone":"958-178-443","cell":"622-449-223","id":{"name":"DNI","value":"47313629-E"},"picture":{"large":"https://randomuser.me/api/portraits/women/45.jpg","medium":"https://randomuser.me/api/portraits/med/women/45.jpg","thumbnail":"https://randomuser.me/api/portraits/thumb/women/45.jpg"},"nat":"ES"}],"info":{"seed":"abb2efd4d4973f51","results":1,"page":1,"version":"1.4"}} 
 </msg>
<msg time="2024-06-08T08:16:52.496804" level="INFO">/opt/hostedtoolcache/Python/3.12.3/x64/lib/python3.12/site-packages/urllib3/connectionpool.py:1103: InsecureRequestWarning: Unverified HTTPS request is being made to host 'randomuser.me'. Adding certificate verification is strongly advised. See: https://urllib3.readthedocs.io/en/latest/advanced-usage.html#tls-warnings
  warnings.warn(</msg>
<msg time="2024-06-08T08:16:52.496911" level="INFO">${response} = &lt;Response [200]&gt;</msg>
<var>${response}</var>
<arg>consultarAPI</arg>
<arg>/api</arg>
<doc>Sends a GET request on a previously created HTTP Session.</doc>
<status status="PASS" start="2024-06-08T08:16:52.373435" elapsed="0.123517"/>
</kw>
<kw name="Set Variable" owner="BuiltIn">
<msg time="2024-06-08T08:16:52.497983" level="INFO">${json_data} = {'results': [{'gender': 'female', 'name': {'title': 'Mrs', 'first': 'Carla', 'last': 'Marín'}, 'location': {'street': {'number': 2042, 'name': 'Calle del Prado'}, 'city': 'Ciudad Real', 'state': 'Arag...</msg>
<var>${json_data}</var>
<arg>${response.json()}</arg>
<doc>Returns the given values which can then be assigned to a variables.</doc>
<status status="PASS" start="2024-06-08T08:16:52.497412" elapsed="0.000601"/>
</kw>
<kw name="Log" owner="BuiltIn">
<msg time="2024-06-08T08:16:52.498518" level="INFO">{'results': [{'gender': 'female', 'name': {'title': 'Mrs', 'first': 'Carla', 'last': 'Marín'}, 'location': {'street': {'number': 2042, 'name': 'Calle del Prado'}, 'city': 'Ciudad Real', 'state': 'Aragón', 'country': 'Spain', 'postcode': 85258, 'coordinates': {'latitude': '-37.7079', 'longitude': '1.7755'}, 'timezone': {'offset': '+4:00', 'description': 'Abu Dhabi, Muscat, Baku, Tbilisi'}}, 'email': 'carla.marin@example.com', 'login': {'uuid': '28693d31-d18b-4a94-8cbb-0aad79d2cd76', 'username': 'sadbear674', 'password': 'randolph', 'salt': 'hGUMJqrX', 'md5': '48175969f504f942d5178dc297be9a04', 'sha1': 'e0a487b5de9088f7a2da17056f88d72a7a3d7958', 'sha256': '577a92501f6b14fd29e6cf35a46d45fa846a2007027d3f054aa9ca94595bb69d'}, 'dob': {'date': '1982-06-29T21:54:36.101Z', 'age': 41}, 'registered': {'date': '2018-11-21T10:37:01.491Z', 'age': 5}, 'phone': '958-178-443', 'cell': '622-449-223', 'id': {'name': 'DNI', 'value': '47313629-E'}, 'picture': {'large': 'https://randomuser.me/api/portraits/women/45.jpg', 'medium': 'https://randomuser.me/api/portraits/med/women/45.jpg', 'thumbnail': 'https://randomuser.me/api/portraits/thumb/women/45.jpg'}, 'nat': 'ES'}], 'info': {'seed': 'abb2efd4d4973f51', 'results': 1, 'page': 1, 'version': '1.4'}}</msg>
<arg>${json_data}</arg>
<doc>Logs the given message with the given level.</doc>
<status status="PASS" start="2024-06-08T08:16:52.498354" elapsed="0.000217"/>
</kw>
<kw name="Dictionary Should Contain Key" owner="Collections">
<msg time="2024-06-08T08:16:52.499020" level="INFO">False</msg>
<arg>${json_data}</arg>
<arg>results</arg>
<doc>Fails if ``key`` is not found from ``dictionary``.</doc>
<status status="PASS" start="2024-06-08T08:16:52.498867" elapsed="0.000189"/>
</kw>
<kw name="Should Not Be Empty" owner="BuiltIn">
<msg time="2024-06-08T08:16:52.499482" level="INFO">Length is 2.</msg>
<arg>${json_data}</arg>
<doc>Verifies that the given item is not empty.</doc>
<status status="PASS" start="2024-06-08T08:16:52.499352" elapsed="0.000167"/>
</kw>
<kw name="Create List" owner="BuiltIn">
<msg time="2024-06-08T08:16:52.500102" level="INFO">${expected_keys} = ['gender', 'name', 'location', 'email', 'login']</msg>
<var>${expected_keys}</var>
<arg>gender</arg>
<arg>name</arg>
<arg>location</arg>
<arg>email</arg>
<arg>login</arg>
<doc>Returns a list containing given items.</doc>
<status status="PASS" start="2024-06-08T08:16:52.499802" elapsed="0.000325"/>
</kw>
<for flavor="IN">
<iter>
<kw name="Dictionary Should Contain Key" owner="Collections">
<msg time="2024-06-08T08:16:52.501100" level="INFO">False</msg>
<arg>${json_data['results'][0]}</arg>
<arg>${key}</arg>
<doc>Fails if ``key`` is not found from ``dictionary``.</doc>
<status status="PASS" start="2024-06-08T08:16:52.500710" elapsed="0.000428"/>
</kw>
<kw name="Log" owner="BuiltIn">
<msg time="2024-06-08T08:16:52.501805" level="INFO">{'gender': 'female', 'name': {'title': 'Mrs', 'first': 'Carla', 'last': 'Marín'}, 'location': {'street': {'number': 2042, 'name': 'Calle del Prado'}, 'city': 'Ciudad Real', 'state': 'Aragón', 'country': 'Spain', 'postcode': 85258, 'coordinates': {'latitude': '-37.7079', 'longitude': '1.7755'}, 'timezone': {'offset': '+4:00', 'description': 'Abu Dhabi, Muscat, Baku, Tbilisi'}}, 'email': 'carla.marin@example.com', 'login': {'uuid': '28693d31-d18b-4a94-8cbb-0aad79d2cd76', 'username': 'sadbear674', 'password': 'randolph', 'salt': 'hGUMJqrX', 'md5': '48175969f504f942d5178dc297be9a04', 'sha1': 'e0a487b5de9088f7a2da17056f88d72a7a3d7958', 'sha256': '577a92501f6b14fd29e6cf35a46d45fa846a2007027d3f054aa9ca94595bb69d'}, 'dob': {'date': '1982-06-29T21:54:36.101Z', 'age': 41}, 'registered': {'date': '2018-11-21T10:37:01.491Z', 'age': 5}, 'phone': '958-178-443', 'cell': '622-449-223', 'id': {'name': 'DNI', 'value': '47313629-E'}, 'picture': {'large': 'https://randomuser.me/api/portraits/women/45.jpg', 'medium': 'https://randomuser.me/api/portraits/med/women/45.jpg', 'thumbnail': 'https://randomuser.me/api/portraits/thumb/women/45.jpg'}, 'nat': 'ES'}</msg>
<arg>${json_data['results'][0]}</arg>
<doc>Logs the given message with the given level.</doc>
<status status="PASS" start="2024-06-08T08:16:52.501437" elapsed="0.000419"/>
</kw>
<kw name="Log" owner="BuiltIn">
<msg time="2024-06-08T08:16:52.502324" level="INFO">gender</msg>
<arg>${key}</arg>
<doc>Logs the given message with the given level.</doc>
<status status="PASS" start="2024-06-08T08:16:52.502149" elapsed="0.000214"/>
</kw>
<var name="${key}">gender</var>
<status status="PASS" start="2024-06-08T08:16:52.500583" elapsed="0.002003"/>
</iter>
<iter>
<kw name="Dictionary Should Contain Key" owner="Collections">
<msg time="2024-06-08T08:16:52.503284" level="INFO">False</msg>
<arg>${json_data['results'][0]}</arg>
<arg>${key}</arg>
<doc>Fails if ``key`` is not found from ``dictionary``.</doc>
<status status="PASS" start="2024-06-08T08:16:52.502886" elapsed="0.000435"/>
</kw>
<kw name="Log" owner="BuiltIn">
<msg time="2024-06-08T08:16:52.503998" level="INFO">{'gender': 'female', 'name': {'title': 'Mrs', 'first': 'Carla', 'last': 'Marín'}, 'location': {'street': {'number': 2042, 'name': 'Calle del Prado'}, 'city': 'Ciudad Real', 'state': 'Aragón', 'country': 'Spain', 'postcode': 85258, 'coordinates': {'latitude': '-37.7079', 'longitude': '1.7755'}, 'timezone': {'offset': '+4:00', 'description': 'Abu Dhabi, Muscat, Baku, Tbilisi'}}, 'email': 'carla.marin@example.com', 'login': {'uuid': '28693d31-d18b-4a94-8cbb-0aad79d2cd76', 'username': 'sadbear674', 'password': 'randolph', 'salt': 'hGUMJqrX', 'md5': '48175969f504f942d5178dc297be9a04', 'sha1': 'e0a487b5de9088f7a2da17056f88d72a7a3d7958', 'sha256': '577a92501f6b14fd29e6cf35a46d45fa846a2007027d3f054aa9ca94595bb69d'}, 'dob': {'date': '1982-06-29T21:54:36.101Z', 'age': 41}, 'registered': {'date': '2018-11-21T10:37:01.491Z', 'age': 5}, 'phone': '958-178-443', 'cell': '622-449-223', 'id': {'name': 'DNI', 'value': '47313629-E'}, 'picture': {'large': 'https://randomuser.me/api/portraits/women/45.jpg', 'medium': 'https://randomuser.me/api/portraits/med/women/45.jpg', 'thumbnail': 'https://randomuser.me/api/portraits/thumb/women/45.jpg'}, 'nat': 'ES'}</msg>
<arg>${json_data['results'][0]}</arg>
<doc>Logs the given message with the given level.</doc>
<status status="PASS" start="2024-06-08T08:16:52.503642" elapsed="0.000406"/>
</kw>
<kw name="Log" owner="BuiltIn">
<msg time="2024-06-08T08:16:52.504466" level="INFO">name</msg>
<arg>${key}</arg>
<doc>Logs the given message with the given level.</doc>
<status status="PASS" start="2024-06-08T08:16:52.504341" elapsed="0.000160"/>
</kw>
<var name="${key}">name</var>
<status status="PASS" start="2024-06-08T08:16:52.502769" elapsed="0.001949"/>
</iter>
<iter>
<kw name="Dictionary Should Contain Key" owner="Collections">
<msg time="2024-06-08T08:16:52.505381" level="INFO">False</msg>
<arg>${json_data['results'][0]}</arg>
<arg>${key}</arg>
<doc>Fails if ``key`` is not found from ``dictionary``.</doc>
<status status="PASS" start="2024-06-08T08:16:52.505005" elapsed="0.000412"/>
</kw>
<kw name="Log" owner="BuiltIn">
<msg time="2024-06-08T08:16:52.506070" level="INFO">{'gender': 'female', 'name': {'title': 'Mrs', 'first': 'Carla', 'last': 'Marín'}, 'location': {'street': {'number': 2042, 'name': 'Calle del Prado'}, 'city': 'Ciudad Real', 'state': 'Aragón', 'country': 'Spain', 'postcode': 85258, 'coordinates': {'latitude': '-37.7079', 'longitude': '1.7755'}, 'timezone': {'offset': '+4:00', 'description': 'Abu Dhabi, Muscat, Baku, Tbilisi'}}, 'email': 'carla.marin@example.com', 'login': {'uuid': '28693d31-d18b-4a94-8cbb-0aad79d2cd76', 'username': 'sadbear674', 'password': 'randolph', 'salt': 'hGUMJqrX', 'md5': '48175969f504f942d5178dc297be9a04', 'sha1': 'e0a487b5de9088f7a2da17056f88d72a7a3d7958', 'sha256': '577a92501f6b14fd29e6cf35a46d45fa846a2007027d3f054aa9ca94595bb69d'}, 'dob': {'date': '1982-06-29T21:54:36.101Z', 'age': 41}, 'registered': {'date': '2018-11-21T10:37:01.491Z', 'age': 5}, 'phone': '958-178-443', 'cell': '622-449-223', 'id': {'name': 'DNI', 'value': '47313629-E'}, 'picture': {'large': 'https://randomuser.me/api/portraits/women/45.jpg', 'medium': 'https://randomuser.me/api/portraits/med/women/45.jpg', 'thumbnail': 'https://randomuser.me/api/portraits/thumb/women/45.jpg'}, 'nat': 'ES'}</msg>
<arg>${json_data['results'][0]}</arg>
<doc>Logs the given message with the given level.</doc>
<status status="PASS" start="2024-06-08T08:16:52.505710" elapsed="0.000409"/>
</kw>
<kw name="Log" owner="BuiltIn">
<msg time="2024-06-08T08:16:52.506596" level="INFO">location</msg>
<arg>${key}</arg>
<doc>Logs the given message with the given level.</doc>
<status status="PASS" start="2024-06-08T08:16:52.506462" elapsed="0.000173"/>
</kw>
<var name="${key}">location</var>
<status status="PASS" start="2024-06-08T08:16:52.504894" elapsed="0.001961"/>
</iter>
<iter>
<kw name="Dictionary Should Contain Key" owner="Collections">
<msg time="2024-06-08T08:16:52.507544" level="INFO">False</msg>
<arg>${json_data['results'][0]}</arg>
<arg>${key}</arg>
<doc>Fails if ``key`` is not found from ``dictionary``.</doc>
<status status="PASS" start="2024-06-08T08:16:52.507153" elapsed="0.000428"/>
</kw>
<kw name="Log" owner="BuiltIn">
<msg time="2024-06-08T08:16:52.508235" level="INFO">{'gender': 'female', 'name': {'title': 'Mrs', 'first': 'Carla', 'last': 'Marín'}, 'location': {'street': {'number': 2042, 'name': 'Calle del Prado'}, 'city': 'Ciudad Real', 'state': 'Aragón', 'country': 'Spain', 'postcode': 85258, 'coordinates': {'latitude': '-37.7079', 'longitude': '1.7755'}, 'timezone': {'offset': '+4:00', 'description': 'Abu Dhabi, Muscat, Baku, Tbilisi'}}, 'email': 'carla.marin@example.com', 'login': {'uuid': '28693d31-d18b-4a94-8cbb-0aad79d2cd76', 'username': 'sadbear674', 'password': 'randolph', 'salt': 'hGUMJqrX', 'md5': '48175969f504f942d5178dc297be9a04', 'sha1': 'e0a487b5de9088f7a2da17056f88d72a7a3d7958', 'sha256': '577a92501f6b14fd29e6cf35a46d45fa846a2007027d3f054aa9ca94595bb69d'}, 'dob': {'date': '1982-06-29T21:54:36.101Z', 'age': 41}, 'registered': {'date': '2018-11-21T10:37:01.491Z', 'age': 5}, 'phone': '958-178-443', 'cell': '622-449-223', 'id': {'name': 'DNI', 'value': '47313629-E'}, 'picture': {'large': 'https://randomuser.me/api/portraits/women/45.jpg', 'medium': 'https://randomuser.me/api/portraits/med/women/45.jpg', 'thumbnail': 'https://randomuser.me/api/portraits/thumb/women/45.jpg'}, 'nat': 'ES'}</msg>
<arg>${json_data['results'][0]}</arg>
<doc>Logs the given message with the given level.</doc>
<status status="PASS" start="2024-06-08T08:16:52.507877" elapsed="0.000409"/>
</kw>
<kw name="Log" owner="BuiltIn">
<msg time="2024-06-08T08:16:52.508710" level="INFO">email</msg>
<arg>${key}</arg>
<doc>Logs the given message with the given level.</doc>
<status status="PASS" start="2024-06-08T08:16:52.508582" elapsed="0.000165"/>
</kw>
<var name="${key}">email</var>
<status status="PASS" start="2024-06-08T08:16:52.507035" elapsed="0.001926"/>
</iter>
<iter>
<kw name="Dictionary Should Contain Key" owner="Collections">
<msg time="2024-06-08T08:16:52.509645" level="INFO">False</msg>
<arg>${json_data['results'][0]}</arg>
<arg>${key}</arg>
<doc>Fails if ``key`` is not found from ``dictionary``.</doc>
<status status="PASS" start="2024-06-08T08:16:52.509247" elapsed="0.000435"/>
</kw>
<kw name="Log" owner="BuiltIn">
<msg time="2024-06-08T08:16:52.510385" level="INFO">{'gender': 'female', 'name': {'title': 'Mrs', 'first': 'Carla', 'last': 'Marín'}, 'location': {'street': {'number': 2042, 'name': 'Calle del Prado'}, 'city': 'Ciudad Real', 'state': 'Aragón', 'country': 'Spain', 'postcode': 85258, 'coordinates': {'latitude': '-37.7079', 'longitude': '1.7755'}, 'timezone': {'offset': '+4:00', 'description': 'Abu Dhabi, Muscat, Baku, Tbilisi'}}, 'email': 'carla.marin@example.com', 'login': {'uuid': '28693d31-d18b-4a94-8cbb-0aad79d2cd76', 'username': 'sadbear674', 'password': 'randolph', 'salt': 'hGUMJqrX', 'md5': '48175969f504f942d5178dc297be9a04', 'sha1': 'e0a487b5de9088f7a2da17056f88d72a7a3d7958', 'sha256': '577a92501f6b14fd29e6cf35a46d45fa846a2007027d3f054aa9ca94595bb69d'}, 'dob': {'date': '1982-06-29T21:54:36.101Z', 'age': 41}, 'registered': {'date': '2018-11-21T10:37:01.491Z', 'age': 5}, 'phone': '958-178-443', 'cell': '622-449-223', 'id': {'name': 'DNI', 'value': '47313629-E'}, 'picture': {'large': 'https://randomuser.me/api/portraits/women/45.jpg', 'medium': 'https://randomuser.me/api/portraits/med/women/45.jpg', 'thumbnail': 'https://randomuser.me/api/portraits/thumb/women/45.jpg'}, 'nat': 'ES'}</msg>
<arg>${json_data['results'][0]}</arg>
<doc>Logs the given message with the given level.</doc>
<status status="PASS" start="2024-06-08T08:16:52.509978" elapsed="0.000460"/>
</kw>
<kw name="Log" owner="BuiltIn">
<msg time="2024-06-08T08:16:52.510870" level="INFO">login</msg>
<arg>${key}</arg>
<doc>Logs the given message with the given level.</doc>
<status status="PASS" start="2024-06-08T08:16:52.510741" elapsed="0.000169"/>
</kw>
<var name="${key}">login</var>
<status status="PASS" start="2024-06-08T08:16:52.509135" elapsed="0.002017"/>
</iter>
<var>${key}</var>
<value>@{expected_keys}</value>
<status status="PASS" start="2024-06-08T08:16:52.500389" elapsed="0.010889"/>
</for>
<kw name="Create List" owner="BuiltIn">
<msg time="2024-06-08T08:16:52.511614" level="INFO">${expected_keysTwo} = ['username', 'password']</msg>
<var>${expected_keysTwo}</var>
<arg>username</arg>
<arg>password</arg>
<doc>Returns a list containing given items.</doc>
<status status="PASS" start="2024-06-08T08:16:52.511475" elapsed="0.000163"/>
</kw>
<for flavor="IN">
<iter>
<kw name="Dictionary Should Contain Key" owner="Collections">
<msg time="2024-06-08T08:16:52.512525" level="INFO">False</msg>
<arg>${json_data['results'][0]['login']}</arg>
<arg>${keyTwo}</arg>
<doc>Fails if ``key`` is not found from ``dictionary``.</doc>
<status status="PASS" start="2024-06-08T08:16:52.512144" elapsed="0.000418"/>
</kw>
<kw name="Dictionary Should Contain Key" owner="Collections">
<msg time="2024-06-08T08:16:52.513258" level="INFO">False</msg>
<arg>${json_data['results'][0]['login']}</arg>
<arg>${keyTwo}</arg>
<doc>Fails if ``key`` is not found from ``dictionary``.</doc>
<status status="PASS" start="2024-06-08T08:16:52.512875" elapsed="0.000420"/>
</kw>
<kw name="Log" owner="BuiltIn">
<msg time="2024-06-08T08:16:52.513713" level="INFO">username</msg>
<arg>${keyTwo}</arg>
<doc>Logs the given message with the given level.</doc>
<status status="PASS" start="2024-06-08T08:16:52.513586" elapsed="0.000164"/>
</kw>
<var name="${keyTwo}">username</var>
<status status="PASS" start="2024-06-08T08:16:52.512036" elapsed="0.001927"/>
</iter>
<iter>
<kw name="Dictionary Should Contain Key" owner="Collections">
<msg time="2024-06-08T08:16:52.514667" level="INFO">False</msg>
<arg>${json_data['results'][0]['login']}</arg>
<arg>${keyTwo}</arg>
<doc>Fails if ``key`` is not found from ``dictionary``.</doc>
<status status="PASS" start="2024-06-08T08:16:52.514248" elapsed="0.000457"/>
</kw>
<kw name="Dictionary Should Contain Key" owner="Collections">
<msg time="2024-06-08T08:16:52.515451" level="INFO">False</msg>
<arg>${json_data['results'][0]['login']}</arg>
<arg>${keyTwo}</arg>
<doc>Fails if ``key`` is not found from ``dictionary``.</doc>
<status status="PASS" start="2024-06-08T08:16:52.514996" elapsed="0.000494"/>
</kw>
<kw name="Log" owner="BuiltIn">
<msg time="2024-06-08T08:16:52.515916" level="INFO">password</msg>
<arg>${keyTwo}</arg>
<doc>Logs the given message with the given level.</doc>
<status status="PASS" start="2024-06-08T08:16:52.515788" elapsed="0.000165"/>
</kw>
<var name="${keyTwo}">password</var>
<status status="PASS" start="2024-06-08T08:16:52.514134" elapsed="0.002038"/>
</iter>
<var>${keyTwo}</var>
<value>@{expected_keysTwo}</value>
<status status="PASS" start="2024-06-08T08:16:52.511886" elapsed="0.004407"/>
</for>
<status status="PASS" start="2024-06-08T08:16:52.373204" elapsed="0.143227"/>
</kw>
<doc>Testa a estrutura da resposta da API.</doc>
<tag>testeEstruturaResposta</tag>
<status status="PASS" start="2024-06-08T08:16:52.372628" elapsed="0.143955"/>
</test>
<test id="s1-s1-t4" name="Validar tipos de dados" line="28">
<kw name="Teste de Tipos de Dados" owner="random-user-service">
<kw name="GET On Session" owner="RequestsLibrary">
<msg time="2024-06-08T08:16:52.602320" level="INFO">GET Request : url=https://randomuser.me/api 
 path_url=/api 
 headers={'User-Agent': 'python-requests/2.32.3', 'Accept-Encoding': 'gzip, deflate', 'Accept': '*/*', 'Connection': 'keep-alive'} 
 body=None 
 </msg>
<msg time="2024-06-08T08:16:52.602411" level="INFO">GET Response : url=https://randomuser.me/api 
 status=200, reason=OK 
 headers={'Date': 'Sat, 08 Jun 2024 08:16:52 GMT', 'Content-Type': 'application/json; charset=utf-8', 'Transfer-Encoding': 'chunked', 'Connection': 'keep-alive', 'X-Powered-By': 'Express', 'Access-Control-Allow-Origin': '*', 'Cache-Control': 'no-cache', 'ETag': 'W/"482-hp1Jetg37a6z2+dVytnzGyIbZfg"', 'Vary': 'Accept-Encoding', 'Content-Encoding': 'gzip', 'CF-Cache-Status': 'DYNAMIC', 'Report-To': '{"endpoints":[{"url":"https:\\/\\/a.nel.cloudflare.com\\/report\\/v4?s=Rsxs6kKTrIg6bbAxJIq42h1grcrqZ%2FKCPsnLyDvQSH4oQ9JFA5WW7ryyuaAh7KOYzXI15kiiITBp9Ib3HC3tGraLShodCW%2FpKqhAdK50KpsfSHgSMNnT3Jkh2eG9JAVk"}],"group":"cf-nel","max_age":604800}', 'NEL': '{"success_fraction":0,"report_to":"cf-nel","max_age":604800}', 'Server': 'cloudflare', 'CF-RAY': '890771384b3d172a-SJC', 'alt-svc': 'h3=":443"; ma=86400'} 
 body={"results":[{"gender":"male","name":{"title":"Mr","first":"Vicente","last":"Cano"},"location":{"street":{"number":3869,"name":"Calle del Arenal"},"city":"Arrecife","state":"Extremadura","country":"Spain","postcode":34891,"coordinates":{"latitude":"-33.5140","longitude":"-86.9762"},"timezone":{"offset":"+7:00","description":"Bangkok, Hanoi, Jakarta"}},"email":"vicente.cano@example.com","login":{"uuid":"f1d6b194-475d-4b1c-8513-785467b3fa27","username":"beautifulduck508","password":"field","salt":"pEw2UfVd","md5":"f220b81ac76ad547af11125b863afc00","sha1":"834502a26519e1412d836eea213ff8a578ee6d10","sha256":"4ba06862aaa642c5b866daf8dd507efa730ee6df26e36bd65737902d41dad26e"},"dob":{"date":"1975-09-23T12:47:08.383Z","age":48},"registered":{"date":"2008-11-08T03:11:55.989Z","age":15},"phone":"934-729-614","cell":"611-951-967","id":{"name":"DNI","value":"37116488-Y"},"picture":{"large":"https://randomuser.me/api/portraits/men/30.jpg","medium":"https://randomuser.me/api/portraits/med/men/30.jpg","thumbnail":"https://randomuser.me/api/portraits/thumb/men/30.jpg"},"nat":"ES"}],"info":{"seed":"763f197167b60fdf","results":1,"page":1,"version":"1.4"}} 
 </msg>
<msg time="2024-06-08T08:16:52.602480" level="INFO">/opt/hostedtoolcache/Python/3.12.3/x64/lib/python3.12/site-packages/urllib3/connectionpool.py:1103: InsecureRequestWarning: Unverified HTTPS request is being made to host 'randomuser.me'. Adding certificate verification is strongly advised. See: https://urllib3.readthedocs.io/en/latest/advanced-usage.html#tls-warnings
  warnings.warn(</msg>
<msg time="2024-06-08T08:16:52.602584" level="INFO">${response} = &lt;Response [200]&gt;</msg>
<var>${response}</var>
<arg>consultarAPI</arg>
<arg>/api</arg>
<doc>Sends a GET request on a previously created HTTP Session.</doc>
<status status="PASS" start="2024-06-08T08:16:52.519131" elapsed="0.083503"/>
</kw>
<kw name="Set Variable" owner="BuiltIn">
<msg time="2024-06-08T08:16:52.603663" level="INFO">${json_data} = {'results': [{'gender': 'male', 'name': {'title': 'Mr', 'first': 'Vicente', 'last': 'Cano'}, 'location': {'street': {'number': 3869, 'name': 'Calle del Arenal'}, 'city': 'Arrecife', 'state': 'Extremad...</msg>
<var>${json_data}</var>
<arg>${response.json()}</arg>
<doc>Returns the given values which can then be assigned to a variables.</doc>
<status status="PASS" start="2024-06-08T08:16:52.603111" elapsed="0.000580"/>
</kw>
<kw name="Log" owner="BuiltIn">
<msg time="2024-06-08T08:16:52.604150" level="INFO">{'results': [{'gender': 'male', 'name': {'title': 'Mr', 'first': 'Vicente', 'last': 'Cano'}, 'location': {'street': {'number': 3869, 'name': 'Calle del Arenal'}, 'city': 'Arrecife', 'state': 'Extremadura', 'country': 'Spain', 'postcode': 34891, 'coordinates': {'latitude': '-33.5140', 'longitude': '-86.9762'}, 'timezone': {'offset': '+7:00', 'description': 'Bangkok, Hanoi, Jakarta'}}, 'email': 'vicente.cano@example.com', 'login': {'uuid': 'f1d6b194-475d-4b1c-8513-785467b3fa27', 'username': 'beautifulduck508', 'password': 'field', 'salt': 'pEw2UfVd', 'md5': 'f220b81ac76ad547af11125b863afc00', 'sha1': '834502a26519e1412d836eea213ff8a578ee6d10', 'sha256': '4ba06862aaa642c5b866daf8dd507efa730ee6df26e36bd65737902d41dad26e'}, 'dob': {'date': '1975-09-23T12:47:08.383Z', 'age': 48}, 'registered': {'date': '2008-11-08T03:11:55.989Z', 'age': 15}, 'phone': '934-729-614', 'cell': '611-951-967', 'id': {'name': 'DNI', 'value': '37116488-Y'}, 'picture': {'large': 'https://randomuser.me/api/portraits/men/30.jpg', 'medium': 'https://randomuser.me/api/portraits/med/men/30.jpg', 'thumbnail': 'https://randomuser.me/api/portraits/thumb/men/30.jpg'}, 'nat': 'ES'}], 'info': {'seed': '763f197167b60fdf', 'results': 1, 'page': 1, 'version': '1.4'}}</msg>
<arg>${json_data}</arg>
<doc>Logs the given message with the given level.</doc>
<status status="PASS" start="2024-06-08T08:16:52.603999" elapsed="0.000228"/>
</kw>
<kw name="Should Be String" owner="String">
<arg>${json_data['results'][0]['gender']}</arg>
<doc>Fails if the given ``item`` is not a string.</doc>
<status status="PASS" start="2024-06-08T08:16:52.604527" elapsed="0.000360"/>
</kw>
<kw name="Should Match Regexp" owner="BuiltIn">
<arg>${json_data['results'][0]['email']}</arg>
<arg>^[a-zA-Z0-9._%+-]+@[a-zA-Z0-9.-]+\.[a-zA-Z]{2,}$</arg>
<doc>Fails if ``string`` does not match ``pattern`` as a regular expression.</doc>
<status status="PASS" start="2024-06-08T08:16:52.605077" elapsed="0.000515"/>
</kw>
<kw name="Should Match Regexp" owner="BuiltIn">
<arg>${json_data['results'][0]['dob']['date']}</arg>
<arg>\\d{4}-\\d{2}-\\d{2}T\\d{2}:\\d{2}:\\d{2}\\.\\d{3}Z</arg>
<doc>Fails if ``string`` does not match ``pattern`` as a regular expression.</doc>
<status status="PASS" start="2024-06-08T08:16:52.605791" elapsed="0.000525"/>
</kw>
<kw name="Should Match Regexp" owner="BuiltIn">
<arg>${json_data['results'][0]['registered']['date']}</arg>
<arg>\\d{4}-\\d{2}-\\d{2}T\\d{2}:\\d{2}:\\d{2}\\.\\d{3}Z</arg>
<doc>Fails if ``string`` does not match ``pattern`` as a regular expression.</doc>
<status status="PASS" start="2024-06-08T08:16:52.606517" elapsed="0.000370"/>
</kw>
<kw name="Should Match Regexp" owner="BuiltIn">
<arg>${json_data['results'][0]['picture']['large']}</arg>
<arg>^https?://.*\.(?:png|jpe?g|gif|bmp)$</arg>
<doc>Fails if ``string`` does not match ``pattern`` as a regular expression.</doc>
<status status="PASS" start="2024-06-08T08:16:52.607075" elapsed="0.000457"/>
</kw>
<kw name="Should Match Regexp" owner="BuiltIn">
<arg>${json_data['results'][0]['picture']['medium']}</arg>
<arg>^https?://.*\.(?:png|jpe?g|gif|bmp)$</arg>
<doc>Fails if ``string`` does not match ``pattern`` as a regular expression.</doc>
<status status="PASS" start="2024-06-08T08:16:52.607724" elapsed="0.000358"/>
</kw>
<kw name="Should Match Regexp" owner="BuiltIn">
<arg>${json_data['results'][0]['picture']['thumbnail']}</arg>
<arg>^https?://.*\.(?:png|jpe?g|gif|bmp)$</arg>
<doc>Fails if ``string`` does not match ``pattern`` as a regular expression.</doc>
<status status="PASS" start="2024-06-08T08:16:52.608270" elapsed="0.000353"/>
</kw>
<kw name="Log" owner="BuiltIn">
<msg time="2024-06-08T08:16:52.609137" level="INFO">{'large': 'https://randomuser.me/api/portraits/men/30.jpg', 'medium': 'https://randomuser.me/api/portraits/med/men/30.jpg', 'thumbnail': 'https://randomuser.me/api/portraits/thumb/men/30.jpg'}</msg>
<arg>${json_data['results'][0]['picture']}</arg>
<doc>Logs the given message with the given level.</doc>
<status status="PASS" start="2024-06-08T08:16:52.608813" elapsed="0.000366"/>
</kw>
<status status="PASS" start="2024-06-08T08:16:52.518895" elapsed="0.090537"/>
</kw>
<kw name="Teste de Tipos de Dados - Postcode" owner="random-user-service">
<kw name="GET On Session" owner="RequestsLibrary">
<msg time="2024-06-08T08:16:52.704729" level="INFO">GET Request : url=https://randomuser.me/api 
 path_url=/api 
 headers={'User-Agent': 'python-requests/2.32.3', 'Accept-Encoding': 'gzip, deflate', 'Accept': '*/*', 'Connection': 'keep-alive'} 
 body=None 
 </msg>
<msg time="2024-06-08T08:16:52.704813" level="INFO">GET Response : url=https://randomuser.me/api 
 status=200, reason=OK 
 headers={'Date': 'Sat, 08 Jun 2024 08:16:52 GMT', 'Content-Type': 'application/json; charset=utf-8', 'Transfer-Encoding': 'chunked', 'Connection': 'keep-alive', 'X-Powered-By': 'Express', 'Access-Control-Allow-Origin': '*', 'Cache-Control': 'no-cache', 'ETag': 'W/"495-vYLSxHhWPQJMEyoZDPif1DJBU+g"', 'Vary': 'Accept-Encoding', 'Content-Encoding': 'gzip', 'CF-Cache-Status': 'DYNAMIC', 'Report-To': '{"endpoints":[{"url":"https:\\/\\/a.nel.cloudflare.com\\/report\\/v4?s=O6mjH8%2F2ytv6zxUnPzagcp8t2cL2aK%2Ftv%2F8R4BHQJuBf4IDaQSeOqSNAiWRIybjRThTVoAbXjXkaFScJvQiVvulHHzHKGiRLXr1%2F6p1A93bjh38yiy%2BV7pDewYNO2h2w"}],"group":"cf-nel","max_age":604800}', 'NEL': '{"success_fraction":0,"report_to":"cf-nel","max_age":604800}', 'Server': 'cloudflare', 'CF-RAY': '89077138db98172a-SJC', 'alt-svc': 'h3=":443"; ma=86400'} 
 body={"results":[{"gender":"male","name":{"title":"Mr","first":"Claudio","last":"Leyva"},"location":{"street":{"number":6976,"name":"Circunvalación Morelos"},"city":"San Francisco Tepeyecac","state":"Puebla","country":"Mexico","postcode":59306,"coordinates":{"latitude":"26.4441","longitude":"-67.5229"},"timezone":{"offset":"+9:30","description":"Adelaide, Darwin"}},"email":"claudio.leyva@example.com","login":{"uuid":"27eb6aa8-0e24-48e1-ab64-0be599cb9779","username":"happyfish148","password":"pookey","salt":"b6jqH4hQ","md5":"ac5c2eadd76354e95ed490a212787faf","sha1":"17376338e5f72af6bb8678aa111c6c73ee36a205","sha256":"72544a2d6fb5fd5ed480931243c869a18cd0cea6b479a124df884610ed872647"},"dob":{"date":"1984-01-15T10:12:48.212Z","age":40},"registered":{"date":"2020-12-02T21:42:20.422Z","age":3},"phone":"(665) 776 4467","cell":"(663) 449 9365","id":{"name":"NSS","value":"21 52 30 5685 8"},"picture":{"large":"https://randomuser.me/api/portraits/men/33.jpg","medium":"https://randomuser.me/api/portraits/med/men/33.jpg","thumbnail":"https://randomuser.me/api/portraits/thumb/men/33.jpg"},"nat":"MX"}],"info":{"seed":"7a2fa5ac652244ae","results":1,"page":1,"version":"1.4"}} 
 </msg>
<msg time="2024-06-08T08:16:52.704878" level="INFO">/opt/hostedtoolcache/Python/3.12.3/x64/lib/python3.12/site-packages/urllib3/connectionpool.py:1103: InsecureRequestWarning: Unverified HTTPS request is being made to host 'randomuser.me'. Adding certificate verification is strongly advised. See: https://urllib3.readthedocs.io/en/latest/advanced-usage.html#tls-warnings
  warnings.warn(</msg>
<msg time="2024-06-08T08:16:52.704988" level="INFO">${response} = &lt;Response [200]&gt;</msg>
<var>${response}</var>
<arg>consultarAPI</arg>
<arg>/api</arg>
<doc>Sends a GET request on a previously created HTTP Session.</doc>
<status status="PASS" start="2024-06-08T08:16:52.609865" elapsed="0.095161"/>
</kw>
<kw name="Set Variable" owner="BuiltIn">
<msg time="2024-06-08T08:16:52.706134" level="INFO">${json_data} = {'results': [{'gender': 'male', 'name': {'title': 'Mr', 'first': 'Claudio', 'last': 'Leyva'}, 'location': {'street': {'number': 6976, 'name': 'Circunvalación Morelos'}, 'city': 'San Francisco Tepeyeca...</msg>
<var>${json_data}</var>
<arg>${response.json()}</arg>
<doc>Returns the given values which can then be assigned to a variables.</doc>
<status status="PASS" start="2024-06-08T08:16:52.705578" elapsed="0.000588"/>
</kw>
<kw name="Log" owner="BuiltIn">
<msg time="2024-06-08T08:16:52.706688" level="INFO">{'results': [{'gender': 'male', 'name': {'title': 'Mr', 'first': 'Claudio', 'last': 'Leyva'}, 'location': {'street': {'number': 6976, 'name': 'Circunvalación Morelos'}, 'city': 'San Francisco Tepeyecac', 'state': 'Puebla', 'country': 'Mexico', 'postcode': 59306, 'coordinates': {'latitude': '26.4441', 'longitude': '-67.5229'}, 'timezone': {'offset': '+9:30', 'description': 'Adelaide, Darwin'}}, 'email': 'claudio.leyva@example.com', 'login': {'uuid': '27eb6aa8-0e24-48e1-ab64-0be599cb9779', 'username': 'happyfish148', 'password': 'pookey', 'salt': 'b6jqH4hQ', 'md5': 'ac5c2eadd76354e95ed490a212787faf', 'sha1': '17376338e5f72af6bb8678aa111c6c73ee36a205', 'sha256': '72544a2d6fb5fd5ed480931243c869a18cd0cea6b479a124df884610ed872647'}, 'dob': {'date': '1984-01-15T10:12:48.212Z', 'age': 40}, 'registered': {'date': '2020-12-02T21:42:20.422Z', 'age': 3}, 'phone': '(665) 776 4467', 'cell': '(663) 449 9365', 'id': {'name': 'NSS', 'value': '21 52 30 5685 8'}, 'picture': {'large': 'https://randomuser.me/api/portraits/men/33.jpg', 'medium': 'https://randomuser.me/api/portraits/med/men/33.jpg', 'thumbnail': 'https://randomuser.me/api/portraits/thumb/men/33.jpg'}, 'nat': 'MX'}], 'info': {'seed': '7a2fa5ac652244ae', 'results': 1, 'page': 1, 'version': '1.4'}}</msg>
<arg>${json_data}</arg>
<doc>Logs the given message with the given level.</doc>
<status status="PASS" start="2024-06-08T08:16:52.706528" elapsed="0.000242"/>
</kw>
<kw name="Should Be Equal As Numbers" owner="BuiltIn">
<arg>${json_data['results'][0]['location']['postcode']}</arg>
<arg>${json_data['results'][0]['location']['postcode']}</arg>
<doc>Fails if objects are unequal after converting them to real numbers.</doc>
<status status="PASS" start="2024-06-08T08:16:52.707074" elapsed="0.000776"/>
</kw>
<kw name="Log" owner="BuiltIn">
<msg time="2024-06-08T08:16:52.708382" level="INFO">59306</msg>
<arg>${json_data['results'][0]['location']['postcode']}</arg>
<doc>Logs the given message with the given level.</doc>
<status status="PASS" start="2024-06-08T08:16:52.708042" elapsed="0.000380"/>
</kw>
<status status="PASS" start="2024-06-08T08:16:52.609644" elapsed="0.099032"/>
</kw>
<doc>Testa se os tipos de dados na resposta da API estão corretos.</doc>
<tag>testeTiposDados</tag>
<status status="PASS" start="2024-06-08T08:16:52.518350" elapsed="0.190488"/>
</test>
<test id="s1-s1-t5" name="Validar conteudo" line="35">
<kw name="Teste de Tipos de Conteudo" owner="random-user-service">
<kw name="GET On Session" owner="RequestsLibrary">
<msg time="2024-06-08T08:16:52.805798" level="INFO">GET Request : url=https://randomuser.me/api 
 path_url=/api 
 headers={'User-Agent': 'python-requests/2.32.3', 'Accept-Encoding': 'gzip, deflate', 'Accept': '*/*', 'Connection': 'keep-alive'} 
 body=None 
 </msg>
<msg time="2024-06-08T08:16:52.805875" level="INFO">GET Response : url=https://randomuser.me/api 
 status=200, reason=OK 
 headers={'Date': 'Sat, 08 Jun 2024 08:16:52 GMT', 'Content-Type': 'application/json; charset=utf-8', 'Transfer-Encoding': 'chunked', 'Connection': 'keep-alive', 'X-Powered-By': 'Express', 'Access-Control-Allow-Origin': '*', 'Cache-Control': 'no-cache', 'ETag': 'W/"493-5fGmZY7PaNMpdJheNxbs/U1QNk4"', 'Vary': 'Accept-Encoding', 'Content-Encoding': 'gzip', 'CF-Cache-Status': 'DYNAMIC', 'Report-To': '{"endpoints":[{"url":"https:\\/\\/a.nel.cloudflare.com\\/report\\/v4?s=r9SwLSogh6bYGQBJLHELHf8n8XpwiPyexD8Qm%2BWCTRc2ohDaPk4%2BwPkj2hQKE1l88n4V8PPNFu2m5SfYOkSOjYUt2uhjk1G%2F%2Fh8wNDid4gYAD417FY7tZHwZ6eddUdZ2"}],"group":"cf-nel","max_age":604800}', 'NEL': '{"success_fraction":0,"report_to":"cf-nel","max_age":604800}', 'Server': 'cloudflare', 'CF-RAY': '890771397bf0172a-SJC', 'alt-svc': 'h3=":443"; ma=86400'} 
 body={"results":[{"gender":"female","name":{"title":"Miss","first":"Patricia","last":"Murphy"},"location":{"street":{"number":6968,"name":"Windsor Road"},"city":"Norwich","state":"County Tyrone","country":"United Kingdom","postcode":"K1O 1XZ","coordinates":{"latitude":"-12.4440","longitude":"87.7900"},"timezone":{"offset":"-9:00","description":"Alaska"}},"email":"patricia.murphy@example.com","login":{"uuid":"ca42bf93-370c-40e3-bca2-7a346400650d","username":"blackladybug702","password":"paramedi","salt":"DaXc6moW","md5":"d78e413fe67f0f21dd1e876783abb862","sha1":"58d69422c1803459bba309992c6861aebb5e4289","sha256":"c4ddbacb26a300b379e96d3644d8a1a2d3f8ec4d5294d4cdb06867f28c9ad405"},"dob":{"date":"1956-09-03T00:07:01.774Z","age":67},"registered":{"date":"2007-07-07T01:58:58.445Z","age":16},"phone":"0121 340 3675","cell":"07691 616393","id":{"name":"NINO","value":"YL 61 11 12 Z"},"picture":{"large":"https://randomuser.me/api/portraits/women/41.jpg","medium":"https://randomuser.me/api/portraits/med/women/41.jpg","thumbnail":"https://randomuser.me/api/portraits/thumb/women/41.jpg"},"nat":"GB"}],"info":{"seed":"185a6271a41d75e9","results":1,"page":1,"version":"1.4"}} 
 </msg>
<msg time="2024-06-08T08:16:52.805943" level="INFO">/opt/hostedtoolcache/Python/3.12.3/x64/lib/python3.12/site-packages/urllib3/connectionpool.py:1103: InsecureRequestWarning: Unverified HTTPS request is being made to host 'randomuser.me'. Adding certificate verification is strongly advised. See: https://urllib3.readthedocs.io/en/latest/advanced-usage.html#tls-warnings
  warnings.warn(</msg>
<msg time="2024-06-08T08:16:52.806052" level="INFO">${response} = &lt;Response [200]&gt;</msg>
<var>${response}</var>
<arg>consultarAPI</arg>
<arg>/api</arg>
<doc>Sends a GET request on a previously created HTTP Session.</doc>
<status status="PASS" start="2024-06-08T08:16:52.711370" elapsed="0.094741"/>
</kw>
<kw name="Set Variable" owner="BuiltIn">
<msg time="2024-06-08T08:16:52.807131" level="INFO">${json_data} = {'results': [{'gender': 'female', 'name': {'title': 'Miss', 'first': 'Patricia', 'last': 'Murphy'}, 'location': {'street': {'number': 6968, 'name': 'Windsor Road'}, 'city': 'Norwich', 'state': 'County...</msg>
<var>${json_data}</var>
<arg>${response.json()}</arg>
<doc>Returns the given values which can then be assigned to a variables.</doc>
<status status="PASS" start="2024-06-08T08:16:52.806586" elapsed="0.000573"/>
</kw>
<kw name="Set Variable" owner="BuiltIn">
<msg time="2024-06-08T08:16:52.807841" level="INFO">${name_title} = Miss</msg>
<var>${name_title}</var>
<arg>${json_data["results"][0]["name"]["title"]}</arg>
<doc>Returns the given values which can then be assigned to a variables.</doc>
<status status="PASS" start="2024-06-08T08:16:52.807464" elapsed="0.000402"/>
</kw>
<kw name="Create List" owner="BuiltIn">
<msg time="2024-06-08T08:16:52.808310" level="INFO">${allowed_titles} = ['Mr', 'Ms', 'Miss', 'Mrs', 'Madame', 'Monsieur']</msg>
<var>${allowed_titles}</var>
<arg>Mr</arg>
<arg>Ms</arg>
<arg>Miss</arg>
<arg>Mrs</arg>
<arg>Madame</arg>
<arg>Monsieur</arg>
<doc>Returns a list containing given items.</doc>
<status status="PASS" start="2024-06-08T08:16:52.808163" elapsed="0.000171"/>
</kw>
<kw name="List Should Contain Value" owner="Collections">
<msg time="2024-06-08T08:16:52.808805" level="INFO">False</msg>
<arg>${allowed_titles}</arg>
<arg>${name_title}</arg>
<doc>Fails if the ``value`` is not found from ``list``.</doc>
<status status="PASS" start="2024-06-08T08:16:52.808634" elapsed="0.000207"/>
</kw>
<kw name="Set Variable" owner="BuiltIn">
<msg time="2024-06-08T08:16:52.809504" level="INFO">${name_country} = GB</msg>
<var>${name_country}</var>
<arg>${json_data["results"][0]["nat"]}</arg>
<doc>Returns the given values which can then be assigned to a variables.</doc>
<status status="PASS" start="2024-06-08T08:16:52.809130" elapsed="0.000400"/>
</kw>
<kw name="Create List" owner="BuiltIn">
<msg time="2024-06-08T08:16:52.810492" level="INFO">${list_country} = ['AD', 'AE', 'AF', 'AG', 'AI', 'AL', 'AM', 'AO', 'AQ', 'AR', 'AS', 'AT', 'AU', 'AW', 'AX', 'AZ', 'BA', 'BB', 'BD', 'BE', 'BF', 'BG', 'BH', 'BI', 'BJ', 'BL', 'BM', 'BN', 'BO', 'BQ', 'BR', 'BS', 'BT', '...</msg>
<var>${list_country}</var>
<arg>AD</arg>
<arg>AE</arg>
<arg>AF</arg>
<arg>AG</arg>
<arg>AI</arg>
<arg>AL</arg>
<arg>AM</arg>
<arg>AO</arg>
<arg>AQ</arg>
<arg>AR</arg>
<arg>AS</arg>
<arg>AT</arg>
<arg>AU</arg>
<arg>AW</arg>
<arg>AX</arg>
<arg>AZ</arg>
<arg>BA</arg>
<arg>BB</arg>
<arg>BD</arg>
<arg>BE</arg>
<arg>BF</arg>
<arg>BG</arg>
<arg>BH</arg>
<arg>BI</arg>
<arg>BJ</arg>
<arg>BL</arg>
<arg>BM</arg>
<arg>BN</arg>
<arg>BO</arg>
<arg>BQ</arg>
<arg>BR</arg>
<arg>BS</arg>
<arg>BT</arg>
<arg>BV</arg>
<arg>BW</arg>
<arg>BY</arg>
<arg>BZ</arg>
<arg>CA</arg>
<arg>CC</arg>
<arg>CD</arg>
<arg>CF</arg>
<arg>CG</arg>
<arg>CH</arg>
<arg>CI</arg>
<arg>CK</arg>
<arg>CL</arg>
<arg>CM</arg>
<arg>CN</arg>
<arg>CO</arg>
<arg>CR</arg>
<arg>CU</arg>
<arg>CV</arg>
<arg>CW</arg>
<arg>CX</arg>
<arg>CY</arg>
<arg>CZ</arg>
<arg>DE</arg>
<arg>DJ</arg>
<arg>DK</arg>
<arg>DM</arg>
<arg>DO</arg>
<arg>DZ</arg>
<arg>EC</arg>
<arg>EE</arg>
<arg>EG</arg>
<arg>EH</arg>
<arg>ER</arg>
<arg>ES</arg>
<arg>ET</arg>
<arg>FI</arg>
<arg>FJ</arg>
<arg>FK</arg>
<arg>FM</arg>
<arg>FO</arg>
<arg>FR</arg>
<arg>GA</arg>
<arg>GB</arg>
<arg>GD</arg>
<arg>GE</arg>
<arg>GF</arg>
<arg>GG</arg>
<arg>GH</arg>
<arg>GI</arg>
<arg>GL</arg>
<arg>GM</arg>
<arg>GN</arg>
<arg>GP</arg>
<arg>GQ</arg>
<arg>GR</arg>
<arg>GS</arg>
<arg>GT</arg>
<arg>GU</arg>
<arg>GW</arg>
<arg>GY</arg>
<arg>HK</arg>
<arg>HM</arg>
<arg>HN</arg>
<arg>HR</arg>
<arg>HT</arg>
<arg>HU</arg>
<arg>ID</arg>
<arg>IE</arg>
<arg>IL</arg>
<arg>IM</arg>
<arg>IN</arg>
<arg>IO</arg>
<arg>IQ</arg>
<arg>IR</arg>
<arg>IS</arg>
<arg>IT</arg>
<arg>JE</arg>
<arg>JM</arg>
<arg>JO</arg>
<arg>JP</arg>
<arg>KE</arg>
<arg>KG</arg>
<arg>KH</arg>
<arg>KI</arg>
<arg>KM</arg>
<arg>KN</arg>
<arg>KP</arg>
<arg>KR</arg>
<arg>KW</arg>
<arg>KY</arg>
<arg>KZ</arg>
<arg>LA</arg>
<arg>LB</arg>
<arg>LC</arg>
<arg>LI</arg>
<arg>LK</arg>
<arg>LR</arg>
<arg>LS</arg>
<arg>LT</arg>
<arg>LU</arg>
<arg>LV</arg>
<arg>LY</arg>
<arg>MA</arg>
<arg>MC</arg>
<arg>MD</arg>
<arg>ME</arg>
<arg>MF</arg>
<arg>MG</arg>
<arg>MH</arg>
<arg>MK</arg>
<arg>ML</arg>
<arg>MM</arg>
<arg>MN</arg>
<arg>MO</arg>
<arg>MP</arg>
<arg>MQ</arg>
<arg>MR</arg>
<arg>MS</arg>
<arg>MT</arg>
<arg>MU</arg>
<arg>MV</arg>
<arg>MW</arg>
<arg>MX</arg>
<arg>MY</arg>
<arg>MZ</arg>
<arg>NA</arg>
<arg>NC</arg>
<arg>NE</arg>
<arg>NF</arg>
<arg>NG</arg>
<arg>NI</arg>
<arg>NL</arg>
<arg>NO</arg>
<arg>NP</arg>
<arg>NR</arg>
<arg>NU</arg>
<arg>NZ</arg>
<arg>OM</arg>
<arg>PA</arg>
<arg>PE</arg>
<arg>PF</arg>
<arg>PG</arg>
<arg>PH</arg>
<arg>PK</arg>
<arg>PL</arg>
<arg>PM</arg>
<arg>PN</arg>
<arg>PR</arg>
<arg>PS</arg>
<arg>PT</arg>
<arg>PW</arg>
<arg>PY</arg>
<arg>QA</arg>
<arg>RE</arg>
<arg>RO</arg>
<arg>RS</arg>
<arg>RU</arg>
<arg>RW</arg>
<arg>SA</arg>
<arg>SB</arg>
<arg>SC</arg>
<arg>SD</arg>
<arg>SE</arg>
<arg>SG</arg>
<arg>SH</arg>
<arg>SI</arg>
<arg>SJ</arg>
<arg>SK</arg>
<arg>SL</arg>
<arg>SM</arg>
<arg>SN</arg>
<arg>SO</arg>
<arg>SR</arg>
<arg>SS</arg>
<arg>ST</arg>
<arg>SV</arg>
<arg>SX</arg>
<arg>SY</arg>
<arg>SZ</arg>
<arg>TC</arg>
<arg>TD</arg>
<arg>TF</arg>
<arg>TG</arg>
<arg>TH</arg>
<arg>TJ</arg>
<arg>TK</arg>
<arg>TL</arg>
<arg>TM</arg>
<arg>TN</arg>
<arg>TO</arg>
<arg>TR</arg>
<arg>TT</arg>
<arg>TV</arg>
<arg>TW</arg>
<arg>TZ</arg>
<arg>UA</arg>
<arg>UG</arg>
<arg>UM</arg>
<arg>US</arg>
<arg>UY</arg>
<arg>UZ</arg>
<arg>VA</arg>
<arg>VC</arg>
<arg>VE</arg>
<arg>VG</arg>
<arg>VI</arg>
<arg>VN</arg>
<arg>VU</arg>
<arg>WF</arg>
<arg>WS</arg>
<arg>XK</arg>
<arg>YE</arg>
<arg>YT</arg>
<arg>ZA</arg>
<arg>ZM</arg>
<arg>ZW</arg>
<doc>Returns a list containing given items.</doc>
<status status="PASS" start="2024-06-08T08:16:52.809827" elapsed="0.000694"/>
</kw>
<kw name="List Should Contain Value" owner="Collections">
<msg time="2024-06-08T08:16:52.811526" level="INFO">False</msg>
<arg>${list_country}</arg>
<arg>${name_country}</arg>
<doc>Fails if the ``value`` is not found from ``list``.</doc>
<status status="PASS" start="2024-06-08T08:16:52.811320" elapsed="0.000242"/>
</kw>
<kw name="Run Keyword If" owner="BuiltIn">
<kw name="Should Be True" owner="BuiltIn">
<arg>${True}</arg>
<doc>Fails if the given condition is not true.</doc>
<status status="PASS" start="2024-06-08T08:16:52.812615" elapsed="0.000144"/>
</kw>
<arg>${json_data["results"][0]["location"]["coordinates"]["latitude"]} &gt;= -90 and ${json_data["results"][0]["location"]["coordinates"]["latitude"]} &lt;= 90</arg>
<arg>Should Be True</arg>
<arg>${True}</arg>
<doc>Runs the given keyword with the given arguments, if ``condition`` is true.</doc>
<status status="PASS" start="2024-06-08T08:16:52.811870" elapsed="0.001014"/>
</kw>
<kw name="Run Keyword If" owner="BuiltIn">
<kw name="Should Be True" owner="BuiltIn">
<arg>${True}</arg>
<doc>Fails if the given condition is not true.</doc>
<status status="PASS" start="2024-06-08T08:16:52.813772" elapsed="0.000249"/>
</kw>
<arg>${json_data["results"][0]["location"]["coordinates"]["longitude"]} &gt;= -180 and ${json_data["results"][0]["location"]["coordinates"]["longitude"]} &lt;= 180</arg>
<arg>Should Be True</arg>
<arg>${True}</arg>
<doc>Runs the given keyword with the given arguments, if ``condition`` is true.</doc>
<status status="PASS" start="2024-06-08T08:16:52.813065" elapsed="0.001083"/>
</kw>
<status status="PASS" start="2024-06-08T08:16:52.711136" elapsed="0.103175"/>
</kw>
<doc>Testa o conteúdo específico dos campos retornados pela API.</doc>
<tag>testeConteudo</tag>
<status status="PASS" start="2024-06-08T08:16:52.710608" elapsed="0.103868"/>
</test>
<status status="PASS" start="2024-06-08T08:16:51.677418" elapsed="1.138941"/>
</suite>
<status status="PASS" start="2024-06-08T08:16:51.661879" elapsed="1.159651"/>
</suite>
<statistics>
<total>
<stat pass="5" fail="0" skip="0">All Tests</stat>
</total>
<tag>
<stat pass="1" fail="0" skip="0">testeConteudo</stat>
<stat pass="1" fail="0" skip="0">testeEstruturaResposta</stat>
<stat pass="1" fail="0" skip="0">testeRequisicaoBasica</stat>
<stat pass="1" fail="0" skip="0">testeTiposDados</stat>
</tag>
<suite>
<stat pass="5" fail="0" skip="0" id="s1" name="Tests">Tests</stat>
<stat pass="5" fail="0" skip="0" id="s1-s1" name="Random-User-Test">Tests.Random-User-Test</stat>
</suite>
</statistics>
<errors>
</errors>
</robot>
