<?xml version="1.0" encoding="UTF-8"?>
<robot generator="Robot 7.0 (Python 3.12.3 on linux)" generated="2024-05-29T23:14:44.292443" rpa="false" schemaversion="5">
<suite id="s1" name="Tests" source="/home/runner/work/ApiRandomUser/ApiRandomUser/RamdonUser/tests">
<suite id="s1-s1" name="Random-User-Test" source="/home/runner/work/ApiRandomUser/ApiRandomUser/RamdonUser/tests/random-user-test.robot">
<test id="s1-s1-t1" name="Conectar" line="13">
<kw name="Conectar API" owner="random-user-service">
<kw name="Create Session" owner="RequestsLibrary">
<msg time="2024-05-29T23:14:44.673835" level="INFO">Creating Session using : alias=consultarAPI, url=https://randomuser.me/, headers={},                     cookies={}, auth=None, timeout=None, proxies=None, verify=False,                     debug=0 </msg>
<arg>consultarAPI</arg>
<arg>${URL}</arg>
<doc>Create Session: create a HTTP session to a server</doc>
<status status="PASS" start="2024-05-29T23:14:44.673639" elapsed="0.000363"/>
</kw>
<status status="PASS" start="2024-05-29T23:14:44.672649" elapsed="0.001727"/>
</kw>
<status status="PASS" start="2024-05-29T23:14:44.672142" elapsed="0.002428"/>
</test>
<test id="s1-s1-t2" name="Validar retorno 200 e JSON Válido" line="16">
<kw name="Teste de Requisicao Basica" owner="random-user-service">
<kw name="GET On Session" owner="RequestsLibrary">
<msg time="2024-05-29T23:14:44.770605" level="INFO">GET Request : url=https://randomuser.me/api 
 path_url=/api 
 headers={'User-Agent': 'python-requests/2.32.3', 'Accept-Encoding': 'gzip, deflate', 'Accept': '*/*', 'Connection': 'keep-alive'} 
 body=None 
 </msg>
<msg time="2024-05-29T23:14:44.770710" level="INFO">GET Response : url=https://randomuser.me/api 
 status=200, reason=OK 
 headers={'Date': 'Wed, 29 May 2024 23:14:44 GMT', 'Content-Type': 'application/json; charset=utf-8', 'Transfer-Encoding': 'chunked', 'Connection': 'keep-alive', 'X-Powered-By': 'Express', 'Access-Control-Allow-Origin': '*', 'Cache-Control': 'no-cache', 'ETag': 'W/"486-yS5TRJ2al3PD7dlin9TR/Q85Byc"', 'Vary': 'Accept-Encoding', 'Content-Encoding': 'gzip', 'CF-Cache-Status': 'DYNAMIC', 'Report-To': '{"endpoints":[{"url":"https:\\/\\/a.nel.cloudflare.com\\/report\\/v4?s=VVJjO4Y9QEvaIE5JQXzsMGQ3PlVx%2BYNzfTsfMkkLPggq%2FqQ93MBg3enZqyPJKLssJJoehTNr4VjKgfFG55bNzXHK0Wior%2FCaa%2BEeFUcKd7gk4UvubXQGwIGNjYG1UkOC"}],"group":"cf-nel","max_age":604800}', 'NEL': '{"success_fraction":0,"report_to":"cf-nel","max_age":604800}', 'Server': 'cloudflare', 'CF-RAY': '88ba2eb579055944-IAD', 'alt-svc': 'h3=":443"; ma=86400'} 
 body={"results":[{"gender":"female","name":{"title":"Miss","first":"Lourdes","last":"Fuentes"},"location":{"street":{"number":2472,"name":"Calle de Téllez"},"city":"Burgos","state":"Canarias","country":"Spain","postcode":73706,"coordinates":{"latitude":"-38.4046","longitude":"91.8997"},"timezone":{"offset":"+7:00","description":"Bangkok, Hanoi, Jakarta"}},"email":"lourdes.fuentes@example.com","login":{"uuid":"840c3b22-b830-4861-bfde-d09e07e8834a","username":"tinysnake142","password":"splurge","salt":"GocFAho7","md5":"eba275b10c54ad895ed63e68c35a18da","sha1":"41ab151d416351ea8198f8d4b7d36c4b950f2db4","sha256":"62d817da4247de0c6de8f53c3d37b76b055c63355a0f06523fe34847f4e11256"},"dob":{"date":"1978-10-17T11:48:38.947Z","age":45},"registered":{"date":"2020-07-04T13:21:22.139Z","age":3},"phone":"949-552-267","cell":"669-846-350","id":{"name":"DNI","value":"66001966-B"},"picture":{"large":"https://randomuser.me/api/portraits/women/1.jpg","medium":"https://randomuser.me/api/portraits/med/women/1.jpg","thumbnail":"https://randomuser.me/api/portraits/thumb/women/1.jpg"},"nat":"ES"}],"info":{"seed":"939a9d25fd6734bd","results":1,"page":1,"version":"1.4"}} 
 </msg>
<msg time="2024-05-29T23:14:44.770781" level="INFO">/opt/hostedtoolcache/Python/3.12.3/x64/lib/python3.12/site-packages/urllib3/connectionpool.py:1103: InsecureRequestWarning: Unverified HTTPS request is being made to host 'randomuser.me'. Adding certificate verification is strongly advised. See: https://urllib3.readthedocs.io/en/latest/advanced-usage.html#tls-warnings
  warnings.warn(</msg>
<msg time="2024-05-29T23:14:44.770899" level="INFO">${response} = &lt;Response [200]&gt;</msg>
<var>${response}</var>
<arg>consultarAPI</arg>
<arg>/api</arg>
<doc>Sends a GET request on a previously created HTTP Session.</doc>
<status status="PASS" start="2024-05-29T23:14:44.677126" elapsed="0.093809"/>
</kw>
<kw name="Should Be Equal As Numbers" owner="BuiltIn">
<msg time="2024-05-29T23:14:44.771717" level="INFO">Argument types are:
&lt;class 'int'&gt;
&lt;class 'str'&gt;</msg>
<arg>${response.status_code}</arg>
<arg>200</arg>
<doc>Fails if objects are unequal after converting them to real numbers.</doc>
<status status="PASS" start="2024-05-29T23:14:44.771311" elapsed="0.000470"/>
</kw>
<kw name="Log" owner="BuiltIn">
<msg time="2024-05-29T23:14:44.772449" level="INFO">200</msg>
<arg>${response.status_code}</arg>
<doc>Logs the given message with the given level.</doc>
<status status="PASS" start="2024-05-29T23:14:44.772101" elapsed="0.000395"/>
</kw>
<kw name="Set Variable" owner="BuiltIn">
<msg time="2024-05-29T23:14:44.773246" level="INFO">${json_data} = {'results': [{'gender': 'female', 'name': {'title': 'Miss', 'first': 'Lourdes', 'last': 'Fuentes'}, 'location': {'street': {'number': 2472, 'name': 'Calle de Téllez'}, 'city': 'Burgos', 'state': 'Cana...</msg>
<var>${json_data}</var>
<arg>${response.json()}</arg>
<doc>Returns the given values which can then be assigned to a variables.</doc>
<status status="PASS" start="2024-05-29T23:14:44.772804" elapsed="0.000472"/>
</kw>
<kw name="Dictionary Should Contain Key" owner="Collections">
<msg time="2024-05-29T23:14:44.773747" level="INFO">False</msg>
<arg>${json_data}</arg>
<arg>results</arg>
<doc>Fails if ``key`` is not found from ``dictionary``.</doc>
<status status="PASS" start="2024-05-29T23:14:44.773580" elapsed="0.000332"/>
</kw>
<status status="PASS" start="2024-05-29T23:14:44.676884" elapsed="0.097290"/>
</kw>
<doc>Testa se a API responde corretamente e retorna um objeto JSON válido.</doc>
<tag>testeRequisicaoBasica</tag>
<status status="PASS" start="2024-05-29T23:14:44.676446" elapsed="0.097919"/>
</test>
<test id="s1-s1-t3" name="Validar estrutura de resposta" line="22">
<kw name="Teste de Estrutura de Resposta" owner="random-user-service">
<kw name="GET On Session" owner="RequestsLibrary">
<msg time="2024-05-29T23:14:44.846242" level="INFO">GET Request : url=https://randomuser.me/api 
 path_url=/api 
 headers={'User-Agent': 'python-requests/2.32.3', 'Accept-Encoding': 'gzip, deflate', 'Accept': '*/*', 'Connection': 'keep-alive'} 
 body=None 
 </msg>
<msg time="2024-05-29T23:14:44.846323" level="INFO">GET Response : url=https://randomuser.me/api 
 status=200, reason=OK 
 headers={'Date': 'Wed, 29 May 2024 23:14:44 GMT', 'Content-Type': 'application/json; charset=utf-8', 'Transfer-Encoding': 'chunked', 'Connection': 'keep-alive', 'X-Powered-By': 'Express', 'Access-Control-Allow-Origin': '*', 'Cache-Control': 'no-cache', 'ETag': 'W/"480-/whwRZAZbsvC6PrDR02aIqGy4Qg"', 'Vary': 'Accept-Encoding', 'Content-Encoding': 'gzip', 'CF-Cache-Status': 'DYNAMIC', 'Report-To': '{"endpoints":[{"url":"https:\\/\\/a.nel.cloudflare.com\\/report\\/v4?s=z0nFb89V8FeeNtYmhIHtvSgUYX2l9aAl6d081IwM0xybv3ZXXR4xaA8DGSK8TY18zIVnh%2BaJeYYeR0yAeO3iwdLiFbDs%2FY64sLw5yj6tYynqqinOLZtqQks0p2o%2FHFbe"}],"group":"cf-nel","max_age":604800}', 'NEL': '{"success_fraction":0,"report_to":"cf-nel","max_age":604800}', 'Server': 'cloudflare', 'CF-RAY': '88ba2eb5d9625944-IAD', 'alt-svc': 'h3=":443"; ma=86400'} 
 body={"results":[{"gender":"female","name":{"title":"Mrs","first":"Vitalina","last":"Balabuha"},"location":{"street":{"number":1868,"name":"Lvivska ploshcha"},"city":"Shumsk","state":"Cherkaska","country":"Ukraine","postcode":35813,"coordinates":{"latitude":"79.5698","longitude":"145.2168"},"timezone":{"offset":"-3:30","description":"Newfoundland"}},"email":"vitalina.balabuha@example.com","login":{"uuid":"209428fe-4a5e-40b9-b663-f21b2cc8b826","username":"brownzebra221","password":"harmony","salt":"Ov5cUL7y","md5":"ddb60f83cae74acb492730eb246f3087","sha1":"c7648b0701f3b0cf5f12cd05c7070cdb43059b47","sha256":"83fb9e337ce20dfa851a7c3cbece551b837ae8b9c72156c75f9b4ecf372ff6ad"},"dob":{"date":"1949-05-29T06:10:02.321Z","age":75},"registered":{"date":"2016-02-23T15:24:47.038Z","age":8},"phone":"(098) U57-5138","cell":"(066) H93-0362","id":{"name":"","value":null},"picture":{"large":"https://randomuser.me/api/portraits/women/14.jpg","medium":"https://randomuser.me/api/portraits/med/women/14.jpg","thumbnail":"https://randomuser.me/api/portraits/thumb/women/14.jpg"},"nat":"UA"}],"info":{"seed":"6ee3aa54499d13a1","results":1,"page":1,"version":"1.4"}} 
 </msg>
<msg time="2024-05-29T23:14:44.846436" level="INFO">/opt/hostedtoolcache/Python/3.12.3/x64/lib/python3.12/site-packages/urllib3/connectionpool.py:1103: InsecureRequestWarning: Unverified HTTPS request is being made to host 'randomuser.me'. Adding certificate verification is strongly advised. See: https://urllib3.readthedocs.io/en/latest/advanced-usage.html#tls-warnings
  warnings.warn(</msg>
<msg time="2024-05-29T23:14:44.846547" level="INFO">${response} = &lt;Response [200]&gt;</msg>
<var>${response}</var>
<arg>consultarAPI</arg>
<arg>/api</arg>
<doc>Sends a GET request on a previously created HTTP Session.</doc>
<status status="PASS" start="2024-05-29T23:14:44.776926" elapsed="0.069655"/>
</kw>
<kw name="Set Variable" owner="BuiltIn">
<msg time="2024-05-29T23:14:44.847413" level="INFO">${json_data} = {'results': [{'gender': 'female', 'name': {'title': 'Mrs', 'first': 'Vitalina', 'last': 'Balabuha'}, 'location': {'street': {'number': 1868, 'name': 'Lvivska ploshcha'}, 'city': 'Shumsk', 'state': 'Ch...</msg>
<var>${json_data}</var>
<arg>${response.json()}</arg>
<doc>Returns the given values which can then be assigned to a variables.</doc>
<status status="PASS" start="2024-05-29T23:14:44.846957" elapsed="0.000488"/>
</kw>
<kw name="Log" owner="BuiltIn">
<msg time="2024-05-29T23:14:44.847905" level="INFO">{'results': [{'gender': 'female', 'name': {'title': 'Mrs', 'first': 'Vitalina', 'last': 'Balabuha'}, 'location': {'street': {'number': 1868, 'name': 'Lvivska ploshcha'}, 'city': 'Shumsk', 'state': 'Cherkaska', 'country': 'Ukraine', 'postcode': 35813, 'coordinates': {'latitude': '79.5698', 'longitude': '145.2168'}, 'timezone': {'offset': '-3:30', 'description': 'Newfoundland'}}, 'email': 'vitalina.balabuha@example.com', 'login': {'uuid': '209428fe-4a5e-40b9-b663-f21b2cc8b826', 'username': 'brownzebra221', 'password': 'harmony', 'salt': 'Ov5cUL7y', 'md5': 'ddb60f83cae74acb492730eb246f3087', 'sha1': 'c7648b0701f3b0cf5f12cd05c7070cdb43059b47', 'sha256': '83fb9e337ce20dfa851a7c3cbece551b837ae8b9c72156c75f9b4ecf372ff6ad'}, 'dob': {'date': '1949-05-29T06:10:02.321Z', 'age': 75}, 'registered': {'date': '2016-02-23T15:24:47.038Z', 'age': 8}, 'phone': '(098) U57-5138', 'cell': '(066) H93-0362', 'id': {'name': '', 'value': None}, 'picture': {'large': 'https://randomuser.me/api/portraits/women/14.jpg', 'medium': 'https://randomuser.me/api/portraits/med/women/14.jpg', 'thumbnail': 'https://randomuser.me/api/portraits/thumb/women/14.jpg'}, 'nat': 'UA'}], 'info': {'seed': '6ee3aa54499d13a1', 'results': 1, 'page': 1, 'version': '1.4'}}</msg>
<arg>${json_data}</arg>
<doc>Logs the given message with the given level.</doc>
<status status="PASS" start="2024-05-29T23:14:44.847750" elapsed="0.000203"/>
</kw>
<kw name="Dictionary Should Contain Key" owner="Collections">
<msg time="2024-05-29T23:14:44.848402" level="INFO">False</msg>
<arg>${json_data}</arg>
<arg>results</arg>
<doc>Fails if ``key`` is not found from ``dictionary``.</doc>
<status status="PASS" start="2024-05-29T23:14:44.848247" elapsed="0.000193"/>
</kw>
<kw name="Should Not Be Empty" owner="BuiltIn">
<msg time="2024-05-29T23:14:44.848868" level="INFO">Length is 2.</msg>
<arg>${json_data}</arg>
<doc>Verifies that the given item is not empty.</doc>
<status status="PASS" start="2024-05-29T23:14:44.848736" elapsed="0.000170"/>
</kw>
<kw name="Create List" owner="BuiltIn">
<msg time="2024-05-29T23:14:44.849344" level="INFO">${expected_keys} = ['gender', 'name', 'location', 'email', 'login']</msg>
<var>${expected_keys}</var>
<arg>gender</arg>
<arg>name</arg>
<arg>location</arg>
<arg>email</arg>
<arg>login</arg>
<doc>Returns a list containing given items.</doc>
<status status="PASS" start="2024-05-29T23:14:44.849198" elapsed="0.000170"/>
</kw>
<for flavor="IN">
<iter>
<kw name="Dictionary Should Contain Key" owner="Collections">
<msg time="2024-05-29T23:14:44.850376" level="INFO">False</msg>
<arg>${json_data['results'][0]}</arg>
<arg>${key}</arg>
<doc>Fails if ``key`` is not found from ``dictionary``.</doc>
<status status="PASS" start="2024-05-29T23:14:44.849942" elapsed="0.000479"/>
</kw>
<kw name="Log" owner="BuiltIn">
<msg time="2024-05-29T23:14:44.851097" level="INFO">{'gender': 'female', 'name': {'title': 'Mrs', 'first': 'Vitalina', 'last': 'Balabuha'}, 'location': {'street': {'number': 1868, 'name': 'Lvivska ploshcha'}, 'city': 'Shumsk', 'state': 'Cherkaska', 'country': 'Ukraine', 'postcode': 35813, 'coordinates': {'latitude': '79.5698', 'longitude': '145.2168'}, 'timezone': {'offset': '-3:30', 'description': 'Newfoundland'}}, 'email': 'vitalina.balabuha@example.com', 'login': {'uuid': '209428fe-4a5e-40b9-b663-f21b2cc8b826', 'username': 'brownzebra221', 'password': 'harmony', 'salt': 'Ov5cUL7y', 'md5': 'ddb60f83cae74acb492730eb246f3087', 'sha1': 'c7648b0701f3b0cf5f12cd05c7070cdb43059b47', 'sha256': '83fb9e337ce20dfa851a7c3cbece551b837ae8b9c72156c75f9b4ecf372ff6ad'}, 'dob': {'date': '1949-05-29T06:10:02.321Z', 'age': 75}, 'registered': {'date': '2016-02-23T15:24:47.038Z', 'age': 8}, 'phone': '(098) U57-5138', 'cell': '(066) H93-0362', 'id': {'name': '', 'value': None}, 'picture': {'large': 'https://randomuser.me/api/portraits/women/14.jpg', 'medium': 'https://randomuser.me/api/portraits/med/women/14.jpg', 'thumbnail': 'https://randomuser.me/api/portraits/thumb/women/14.jpg'}, 'nat': 'UA'}</msg>
<arg>${json_data['results'][0]}</arg>
<doc>Logs the given message with the given level.</doc>
<status status="PASS" start="2024-05-29T23:14:44.850727" elapsed="0.000419"/>
</kw>
<kw name="Log" owner="BuiltIn">
<msg time="2024-05-29T23:14:44.851581" level="INFO">gender</msg>
<arg>${key}</arg>
<doc>Logs the given message with the given level.</doc>
<status status="PASS" start="2024-05-29T23:14:44.851451" elapsed="0.000168"/>
</kw>
<var name="${key}">gender</var>
<status status="PASS" start="2024-05-29T23:14:44.849816" elapsed="0.002019"/>
</iter>
<iter>
<kw name="Dictionary Should Contain Key" owner="Collections">
<msg time="2024-05-29T23:14:44.852521" level="INFO">False</msg>
<arg>${json_data['results'][0]}</arg>
<arg>${key}</arg>
<doc>Fails if ``key`` is not found from ``dictionary``.</doc>
<status status="PASS" start="2024-05-29T23:14:44.852138" elapsed="0.000420"/>
</kw>
<kw name="Log" owner="BuiltIn">
<msg time="2024-05-29T23:14:44.853251" level="INFO">{'gender': 'female', 'name': {'title': 'Mrs', 'first': 'Vitalina', 'last': 'Balabuha'}, 'location': {'street': {'number': 1868, 'name': 'Lvivska ploshcha'}, 'city': 'Shumsk', 'state': 'Cherkaska', 'country': 'Ukraine', 'postcode': 35813, 'coordinates': {'latitude': '79.5698', 'longitude': '145.2168'}, 'timezone': {'offset': '-3:30', 'description': 'Newfoundland'}}, 'email': 'vitalina.balabuha@example.com', 'login': {'uuid': '209428fe-4a5e-40b9-b663-f21b2cc8b826', 'username': 'brownzebra221', 'password': 'harmony', 'salt': 'Ov5cUL7y', 'md5': 'ddb60f83cae74acb492730eb246f3087', 'sha1': 'c7648b0701f3b0cf5f12cd05c7070cdb43059b47', 'sha256': '83fb9e337ce20dfa851a7c3cbece551b837ae8b9c72156c75f9b4ecf372ff6ad'}, 'dob': {'date': '1949-05-29T06:10:02.321Z', 'age': 75}, 'registered': {'date': '2016-02-23T15:24:47.038Z', 'age': 8}, 'phone': '(098) U57-5138', 'cell': '(066) H93-0362', 'id': {'name': '', 'value': None}, 'picture': {'large': 'https://randomuser.me/api/portraits/women/14.jpg', 'medium': 'https://randomuser.me/api/portraits/med/women/14.jpg', 'thumbnail': 'https://randomuser.me/api/portraits/thumb/women/14.jpg'}, 'nat': 'UA'}</msg>
<arg>${json_data['results'][0]}</arg>
<doc>Logs the given message with the given level.</doc>
<status status="PASS" start="2024-05-29T23:14:44.852890" elapsed="0.000408"/>
</kw>
<kw name="Log" owner="BuiltIn">
<msg time="2024-05-29T23:14:44.853727" level="INFO">name</msg>
<arg>${key}</arg>
<doc>Logs the given message with the given level.</doc>
<status status="PASS" start="2024-05-29T23:14:44.853595" elapsed="0.000169"/>
</kw>
<var name="${key}">name</var>
<status status="PASS" start="2024-05-29T23:14:44.852022" elapsed="0.001971"/>
</iter>
<iter>
<kw name="Dictionary Should Contain Key" owner="Collections">
<msg time="2024-05-29T23:14:44.854689" level="INFO">False</msg>
<arg>${json_data['results'][0]}</arg>
<arg>${key}</arg>
<doc>Fails if ``key`` is not found from ``dictionary``.</doc>
<status status="PASS" start="2024-05-29T23:14:44.854309" elapsed="0.000418"/>
</kw>
<kw name="Log" owner="BuiltIn">
<msg time="2024-05-29T23:14:44.855393" level="INFO">{'gender': 'female', 'name': {'title': 'Mrs', 'first': 'Vitalina', 'last': 'Balabuha'}, 'location': {'street': {'number': 1868, 'name': 'Lvivska ploshcha'}, 'city': 'Shumsk', 'state': 'Cherkaska', 'country': 'Ukraine', 'postcode': 35813, 'coordinates': {'latitude': '79.5698', 'longitude': '145.2168'}, 'timezone': {'offset': '-3:30', 'description': 'Newfoundland'}}, 'email': 'vitalina.balabuha@example.com', 'login': {'uuid': '209428fe-4a5e-40b9-b663-f21b2cc8b826', 'username': 'brownzebra221', 'password': 'harmony', 'salt': 'Ov5cUL7y', 'md5': 'ddb60f83cae74acb492730eb246f3087', 'sha1': 'c7648b0701f3b0cf5f12cd05c7070cdb43059b47', 'sha256': '83fb9e337ce20dfa851a7c3cbece551b837ae8b9c72156c75f9b4ecf372ff6ad'}, 'dob': {'date': '1949-05-29T06:10:02.321Z', 'age': 75}, 'registered': {'date': '2016-02-23T15:24:47.038Z', 'age': 8}, 'phone': '(098) U57-5138', 'cell': '(066) H93-0362', 'id': {'name': '', 'value': None}, 'picture': {'large': 'https://randomuser.me/api/portraits/women/14.jpg', 'medium': 'https://randomuser.me/api/portraits/med/women/14.jpg', 'thumbnail': 'https://randomuser.me/api/portraits/thumb/women/14.jpg'}, 'nat': 'UA'}</msg>
<arg>${json_data['results'][0]}</arg>
<doc>Logs the given message with the given level.</doc>
<status status="PASS" start="2024-05-29T23:14:44.855030" elapsed="0.000411"/>
</kw>
<kw name="Log" owner="BuiltIn">
<msg time="2024-05-29T23:14:44.855864" level="INFO">location</msg>
<arg>${key}</arg>
<doc>Logs the given message with the given level.</doc>
<status status="PASS" start="2024-05-29T23:14:44.855739" elapsed="0.000162"/>
</kw>
<var name="${key}">location</var>
<status status="PASS" start="2024-05-29T23:14:44.854173" elapsed="0.001942"/>
</iter>
<iter>
<kw name="Dictionary Should Contain Key" owner="Collections">
<msg time="2024-05-29T23:14:44.856886" level="INFO">False</msg>
<arg>${json_data['results'][0]}</arg>
<arg>${key}</arg>
<doc>Fails if ``key`` is not found from ``dictionary``.</doc>
<status status="PASS" start="2024-05-29T23:14:44.856404" elapsed="0.000519"/>
</kw>
<kw name="Log" owner="BuiltIn">
<msg time="2024-05-29T23:14:44.857584" level="INFO">{'gender': 'female', 'name': {'title': 'Mrs', 'first': 'Vitalina', 'last': 'Balabuha'}, 'location': {'street': {'number': 1868, 'name': 'Lvivska ploshcha'}, 'city': 'Shumsk', 'state': 'Cherkaska', 'country': 'Ukraine', 'postcode': 35813, 'coordinates': {'latitude': '79.5698', 'longitude': '145.2168'}, 'timezone': {'offset': '-3:30', 'description': 'Newfoundland'}}, 'email': 'vitalina.balabuha@example.com', 'login': {'uuid': '209428fe-4a5e-40b9-b663-f21b2cc8b826', 'username': 'brownzebra221', 'password': 'harmony', 'salt': 'Ov5cUL7y', 'md5': 'ddb60f83cae74acb492730eb246f3087', 'sha1': 'c7648b0701f3b0cf5f12cd05c7070cdb43059b47', 'sha256': '83fb9e337ce20dfa851a7c3cbece551b837ae8b9c72156c75f9b4ecf372ff6ad'}, 'dob': {'date': '1949-05-29T06:10:02.321Z', 'age': 75}, 'registered': {'date': '2016-02-23T15:24:47.038Z', 'age': 8}, 'phone': '(098) U57-5138', 'cell': '(066) H93-0362', 'id': {'name': '', 'value': None}, 'picture': {'large': 'https://randomuser.me/api/portraits/women/14.jpg', 'medium': 'https://randomuser.me/api/portraits/med/women/14.jpg', 'thumbnail': 'https://randomuser.me/api/portraits/thumb/women/14.jpg'}, 'nat': 'UA'}</msg>
<arg>${json_data['results'][0]}</arg>
<doc>Logs the given message with the given level.</doc>
<status status="PASS" start="2024-05-29T23:14:44.857226" elapsed="0.000406"/>
</kw>
<kw name="Log" owner="BuiltIn">
<msg time="2024-05-29T23:14:44.858055" level="INFO">email</msg>
<arg>${key}</arg>
<doc>Logs the given message with the given level.</doc>
<status status="PASS" start="2024-05-29T23:14:44.857930" elapsed="0.000162"/>
</kw>
<var name="${key}">email</var>
<status status="PASS" start="2024-05-29T23:14:44.856286" elapsed="0.002051"/>
</iter>
<iter>
<kw name="Dictionary Should Contain Key" owner="Collections">
<msg time="2024-05-29T23:14:44.859001" level="INFO">False</msg>
<arg>${json_data['results'][0]}</arg>
<arg>${key}</arg>
<doc>Fails if ``key`` is not found from ``dictionary``.</doc>
<status status="PASS" start="2024-05-29T23:14:44.858622" elapsed="0.000416"/>
</kw>
<kw name="Log" owner="BuiltIn">
<msg time="2024-05-29T23:14:44.859696" level="INFO">{'gender': 'female', 'name': {'title': 'Mrs', 'first': 'Vitalina', 'last': 'Balabuha'}, 'location': {'street': {'number': 1868, 'name': 'Lvivska ploshcha'}, 'city': 'Shumsk', 'state': 'Cherkaska', 'country': 'Ukraine', 'postcode': 35813, 'coordinates': {'latitude': '79.5698', 'longitude': '145.2168'}, 'timezone': {'offset': '-3:30', 'description': 'Newfoundland'}}, 'email': 'vitalina.balabuha@example.com', 'login': {'uuid': '209428fe-4a5e-40b9-b663-f21b2cc8b826', 'username': 'brownzebra221', 'password': 'harmony', 'salt': 'Ov5cUL7y', 'md5': 'ddb60f83cae74acb492730eb246f3087', 'sha1': 'c7648b0701f3b0cf5f12cd05c7070cdb43059b47', 'sha256': '83fb9e337ce20dfa851a7c3cbece551b837ae8b9c72156c75f9b4ecf372ff6ad'}, 'dob': {'date': '1949-05-29T06:10:02.321Z', 'age': 75}, 'registered': {'date': '2016-02-23T15:24:47.038Z', 'age': 8}, 'phone': '(098) U57-5138', 'cell': '(066) H93-0362', 'id': {'name': '', 'value': None}, 'picture': {'large': 'https://randomuser.me/api/portraits/women/14.jpg', 'medium': 'https://randomuser.me/api/portraits/med/women/14.jpg', 'thumbnail': 'https://randomuser.me/api/portraits/thumb/women/14.jpg'}, 'nat': 'UA'}</msg>
<arg>${json_data['results'][0]}</arg>
<doc>Logs the given message with the given level.</doc>
<status status="PASS" start="2024-05-29T23:14:44.859335" elapsed="0.000408"/>
</kw>
<kw name="Log" owner="BuiltIn">
<msg time="2024-05-29T23:14:44.860186" level="INFO">login</msg>
<arg>${key}</arg>
<doc>Logs the given message with the given level.</doc>
<status status="PASS" start="2024-05-29T23:14:44.860059" elapsed="0.000163"/>
</kw>
<var name="${key}">login</var>
<status status="PASS" start="2024-05-29T23:14:44.858511" elapsed="0.001926"/>
</iter>
<var>${key}</var>
<value>@{expected_keys}</value>
<status status="PASS" start="2024-05-29T23:14:44.849631" elapsed="0.010951"/>
</for>
<kw name="Create List" owner="BuiltIn">
<msg time="2024-05-29T23:14:44.860916" level="INFO">${expected_keysTwo} = ['username', 'password']</msg>
<var>${expected_keysTwo}</var>
<arg>username</arg>
<arg>password</arg>
<doc>Returns a list containing given items.</doc>
<status status="PASS" start="2024-05-29T23:14:44.860781" elapsed="0.000159"/>
</kw>
<for flavor="IN">
<iter>
<kw name="Dictionary Should Contain Key" owner="Collections">
<msg time="2024-05-29T23:14:44.861812" level="INFO">False</msg>
<arg>${json_data['results'][0]['login']}</arg>
<arg>${keyTwo}</arg>
<doc>Fails if ``key`` is not found from ``dictionary``.</doc>
<status status="PASS" start="2024-05-29T23:14:44.861430" elapsed="0.000419"/>
</kw>
<kw name="Dictionary Should Contain Key" owner="Collections">
<msg time="2024-05-29T23:14:44.862542" level="INFO">False</msg>
<arg>${json_data['results'][0]['login']}</arg>
<arg>${keyTwo}</arg>
<doc>Fails if ``key`` is not found from ``dictionary``.</doc>
<status status="PASS" start="2024-05-29T23:14:44.862141" elapsed="0.000438"/>
</kw>
<kw name="Log" owner="BuiltIn">
<msg time="2024-05-29T23:14:44.862999" level="INFO">username</msg>
<arg>${keyTwo}</arg>
<doc>Logs the given message with the given level.</doc>
<status status="PASS" start="2024-05-29T23:14:44.862873" elapsed="0.000163"/>
</kw>
<var name="${keyTwo}">username</var>
<status status="PASS" start="2024-05-29T23:14:44.861320" elapsed="0.001930"/>
</iter>
<iter>
<kw name="Dictionary Should Contain Key" owner="Collections">
<msg time="2024-05-29T23:14:44.863912" level="INFO">False</msg>
<arg>${json_data['results'][0]['login']}</arg>
<arg>${keyTwo}</arg>
<doc>Fails if ``key`` is not found from ``dictionary``.</doc>
<status status="PASS" start="2024-05-29T23:14:44.863530" elapsed="0.000419"/>
</kw>
<kw name="Dictionary Should Contain Key" owner="Collections">
<msg time="2024-05-29T23:14:44.864614" level="INFO">False</msg>
<arg>${json_data['results'][0]['login']}</arg>
<arg>${keyTwo}</arg>
<doc>Fails if ``key`` is not found from ``dictionary``.</doc>
<status status="PASS" start="2024-05-29T23:14:44.864238" elapsed="0.000412"/>
</kw>
<kw name="Log" owner="BuiltIn">
<msg time="2024-05-29T23:14:44.865065" level="INFO">password</msg>
<arg>${keyTwo}</arg>
<doc>Logs the given message with the given level.</doc>
<status status="PASS" start="2024-05-29T23:14:44.864940" elapsed="0.000161"/>
</kw>
<var name="${keyTwo}">password</var>
<status status="PASS" start="2024-05-29T23:14:44.863420" elapsed="0.001894"/>
</iter>
<var>${keyTwo}</var>
<value>@{expected_keysTwo}</value>
<status status="PASS" start="2024-05-29T23:14:44.861172" elapsed="0.004261"/>
</for>
<status status="PASS" start="2024-05-29T23:14:44.776692" elapsed="0.088876"/>
</kw>
<doc>Testa a estrutura da resposta da API.</doc>
<tag>testeEstruturaResposta</tag>
<status status="PASS" start="2024-05-29T23:14:44.776221" elapsed="0.089492"/>
</test>
<test id="s1-s1-t4" name="Validar tipos de dados" line="28">
<kw name="Teste de Tipos de Dados" owner="random-user-service">
<kw name="GET On Session" owner="RequestsLibrary">
<msg time="2024-05-29T23:14:44.956522" level="INFO">GET Request : url=https://randomuser.me/api 
 path_url=/api 
 headers={'User-Agent': 'python-requests/2.32.3', 'Accept-Encoding': 'gzip, deflate', 'Accept': '*/*', 'Connection': 'keep-alive'} 
 body=None 
 </msg>
<msg time="2024-05-29T23:14:44.956602" level="INFO">GET Response : url=https://randomuser.me/api 
 status=200, reason=OK 
 headers={'Date': 'Wed, 29 May 2024 23:14:44 GMT', 'Content-Type': 'application/json; charset=utf-8', 'Transfer-Encoding': 'chunked', 'Connection': 'keep-alive', 'X-Powered-By': 'Express', 'Access-Control-Allow-Origin': '*', 'Cache-Control': 'no-cache', 'ETag': 'W/"4ad-0QM1kwDVxe0vDaB90NjkZuJEivY"', 'Vary': 'Accept-Encoding', 'Content-Encoding': 'gzip', 'CF-Cache-Status': 'DYNAMIC', 'Report-To': '{"endpoints":[{"url":"https:\\/\\/a.nel.cloudflare.com\\/report\\/v4?s=%2F1PUeoa5RQN55tSDNCZtU0sdKAFrUijjX8H55bPvJx5Ulc1wahrc9fyOAOycxEVzRXqF%2FKqzx5aBkiyDug6ImpROMEljb1k%2BzYeZ2yzoKygCo5wueafQBKdQSBCDnGdS"}],"group":"cf-nel","max_age":604800}', 'NEL': '{"success_fraction":0,"report_to":"cf-nel","max_age":604800}', 'Server': 'cloudflare', 'CF-RAY': '88ba2eb679cd5944-IAD', 'alt-svc': 'h3=":443"; ma=86400'} 
 body={"results":[{"gender":"female","name":{"title":"Ms","first":"Sheryl","last":"Garrett"},"location":{"street":{"number":6940,"name":"High Street"},"city":"Birmingham","state":"Cheshire","country":"United Kingdom","postcode":"D9D 6JS","coordinates":{"latitude":"-10.1226","longitude":"131.2827"},"timezone":{"offset":"-5:00","description":"Eastern Time (US &amp; Canada), Bogota, Lima"}},"email":"sheryl.garrett@example.com","login":{"uuid":"d4c4b411-39bd-44f1-9b6b-7402b0be4d89","username":"sadladybug362","password":"hayabusa","salt":"JQ2q7g1R","md5":"bb72fbd228c9e22f11cd391ef026b623","sha1":"5f0762480876d09214df8ef700646e905efb9940","sha256":"d6555de1ebc7ced57b1604a3caf95049d2edfbfdef698885445c50ff42929826"},"dob":{"date":"1945-11-06T14:40:02.674Z","age":78},"registered":{"date":"2005-10-28T05:08:28.764Z","age":18},"phone":"0111 125 8538","cell":"07115 410301","id":{"name":"NINO","value":"JX 32 92 67 A"},"picture":{"large":"https://randomuser.me/api/portraits/women/71.jpg","medium":"https://randomuser.me/api/portraits/med/women/71.jpg","thumbnail":"https://randomuser.me/api/portraits/thumb/women/71.jpg"},"nat":"GB"}],"info":{"seed":"6d55b05c344413f4","results":1,"page":1,"version":"1.4"}} 
 </msg>
<msg time="2024-05-29T23:14:44.956673" level="INFO">/opt/hostedtoolcache/Python/3.12.3/x64/lib/python3.12/site-packages/urllib3/connectionpool.py:1103: InsecureRequestWarning: Unverified HTTPS request is being made to host 'randomuser.me'. Adding certificate verification is strongly advised. See: https://urllib3.readthedocs.io/en/latest/advanced-usage.html#tls-warnings
  warnings.warn(</msg>
<msg time="2024-05-29T23:14:44.956780" level="INFO">${response} = &lt;Response [200]&gt;</msg>
<var>${response}</var>
<arg>consultarAPI</arg>
<arg>/api</arg>
<doc>Sends a GET request on a previously created HTTP Session.</doc>
<status status="PASS" start="2024-05-29T23:14:44.868172" elapsed="0.088646"/>
</kw>
<kw name="Set Variable" owner="BuiltIn">
<msg time="2024-05-29T23:14:44.957631" level="INFO">${json_data} = {'results': [{'gender': 'female', 'name': {'title': 'Ms', 'first': 'Sheryl', 'last': 'Garrett'}, 'location': {'street': {'number': 6940, 'name': 'High Street'}, 'city': 'Birmingham', 'state': 'Cheshir...</msg>
<var>${json_data}</var>
<arg>${response.json()}</arg>
<doc>Returns the given values which can then be assigned to a variables.</doc>
<status status="PASS" start="2024-05-29T23:14:44.957194" elapsed="0.000464"/>
</kw>
<kw name="Log" owner="BuiltIn">
<msg time="2024-05-29T23:14:44.958114" level="INFO">{'results': [{'gender': 'female', 'name': {'title': 'Ms', 'first': 'Sheryl', 'last': 'Garrett'}, 'location': {'street': {'number': 6940, 'name': 'High Street'}, 'city': 'Birmingham', 'state': 'Cheshire', 'country': 'United Kingdom', 'postcode': 'D9D 6JS', 'coordinates': {'latitude': '-10.1226', 'longitude': '131.2827'}, 'timezone': {'offset': '-5:00', 'description': 'Eastern Time (US &amp; Canada), Bogota, Lima'}}, 'email': 'sheryl.garrett@example.com', 'login': {'uuid': 'd4c4b411-39bd-44f1-9b6b-7402b0be4d89', 'username': 'sadladybug362', 'password': 'hayabusa', 'salt': 'JQ2q7g1R', 'md5': 'bb72fbd228c9e22f11cd391ef026b623', 'sha1': '5f0762480876d09214df8ef700646e905efb9940', 'sha256': 'd6555de1ebc7ced57b1604a3caf95049d2edfbfdef698885445c50ff42929826'}, 'dob': {'date': '1945-11-06T14:40:02.674Z', 'age': 78}, 'registered': {'date': '2005-10-28T05:08:28.764Z', 'age': 18}, 'phone': '0111 125 8538', 'cell': '07115 410301', 'id': {'name': 'NINO', 'value': 'JX 32 92 67 A'}, 'picture': {'large': 'https://randomuser.me/api/portraits/women/71.jpg', 'medium': 'https://randomuser.me/api/portraits/med/women/71.jpg', 'thumbnail': 'https://randomuser.me/api/portraits/thumb/women/71.jpg'}, 'nat': 'GB'}], 'info': {'seed': '6d55b05c344413f4', 'results': 1, 'page': 1, 'version': '1.4'}}</msg>
<arg>${json_data}</arg>
<doc>Logs the given message with the given level.</doc>
<status status="PASS" start="2024-05-29T23:14:44.957965" elapsed="0.000262"/>
</kw>
<kw name="Should Be String" owner="String">
<arg>${json_data['results'][0]['gender']}</arg>
<doc>Fails if the given ``item`` is not a string.</doc>
<status status="PASS" start="2024-05-29T23:14:44.958563" elapsed="0.000358"/>
</kw>
<kw name="Should Match Regexp" owner="BuiltIn">
<arg>${json_data['results'][0]['email']}</arg>
<arg>^[a-zA-Z0-9._%+-]+@[a-zA-Z0-9.-]+\.[a-zA-Z]{2,}$</arg>
<doc>Fails if ``string`` does not match ``pattern`` as a regular expression.</doc>
<status status="PASS" start="2024-05-29T23:14:44.959111" elapsed="0.000611"/>
</kw>
<kw name="Should Match Regexp" owner="BuiltIn">
<arg>${json_data['results'][0]['dob']['date']}</arg>
<arg>\\d{4}-\\d{2}-\\d{2}T\\d{2}:\\d{2}:\\d{2}\\.\\d{3}Z</arg>
<doc>Fails if ``string`` does not match ``pattern`` as a regular expression.</doc>
<status status="PASS" start="2024-05-29T23:14:44.959918" elapsed="0.000482"/>
</kw>
<kw name="Should Match Regexp" owner="BuiltIn">
<arg>${json_data['results'][0]['registered']['date']}</arg>
<arg>\\d{4}-\\d{2}-\\d{2}T\\d{2}:\\d{2}:\\d{2}\\.\\d{3}Z</arg>
<doc>Fails if ``string`` does not match ``pattern`` as a regular expression.</doc>
<status status="PASS" start="2024-05-29T23:14:44.960595" elapsed="0.000368"/>
</kw>
<kw name="Should Match Regexp" owner="BuiltIn">
<arg>${json_data['results'][0]['picture']['large']}</arg>
<arg>^https?://.*\.(?:png|jpe?g|gif|bmp)$</arg>
<doc>Fails if ``string`` does not match ``pattern`` as a regular expression.</doc>
<status status="PASS" start="2024-05-29T23:14:44.961151" elapsed="0.000457"/>
</kw>
<kw name="Should Match Regexp" owner="BuiltIn">
<arg>${json_data['results'][0]['picture']['medium']}</arg>
<arg>^https?://.*\.(?:png|jpe?g|gif|bmp)$</arg>
<doc>Fails if ``string`` does not match ``pattern`` as a regular expression.</doc>
<status status="PASS" start="2024-05-29T23:14:44.961798" elapsed="0.000351"/>
</kw>
<kw name="Should Match Regexp" owner="BuiltIn">
<arg>${json_data['results'][0]['picture']['thumbnail']}</arg>
<arg>^https?://.*\.(?:png|jpe?g|gif|bmp)$</arg>
<doc>Fails if ``string`` does not match ``pattern`` as a regular expression.</doc>
<status status="PASS" start="2024-05-29T23:14:44.962387" elapsed="0.000350"/>
</kw>
<kw name="Log" owner="BuiltIn">
<msg time="2024-05-29T23:14:44.963244" level="INFO">{'large': 'https://randomuser.me/api/portraits/women/71.jpg', 'medium': 'https://randomuser.me/api/portraits/med/women/71.jpg', 'thumbnail': 'https://randomuser.me/api/portraits/thumb/women/71.jpg'}</msg>
<arg>${json_data['results'][0]['picture']}</arg>
<doc>Logs the given message with the given level.</doc>
<status status="PASS" start="2024-05-29T23:14:44.962921" elapsed="0.000365"/>
</kw>
<status status="PASS" start="2024-05-29T23:14:44.867947" elapsed="0.095590"/>
</kw>
<kw name="Teste de Tipos de Dados - Postcode" owner="random-user-service">
<kw name="GET On Session" owner="RequestsLibrary">
<msg time="2024-05-29T23:14:45.049901" level="INFO">GET Request : url=https://randomuser.me/api 
 path_url=/api 
 headers={'User-Agent': 'python-requests/2.32.3', 'Accept-Encoding': 'gzip, deflate', 'Accept': '*/*', 'Connection': 'keep-alive'} 
 body=None 
 </msg>
<msg time="2024-05-29T23:14:45.049976" level="INFO">GET Response : url=https://randomuser.me/api 
 status=200, reason=OK 
 headers={'Date': 'Wed, 29 May 2024 23:14:45 GMT', 'Content-Type': 'application/json; charset=utf-8', 'Transfer-Encoding': 'chunked', 'Connection': 'keep-alive', 'X-Powered-By': 'Express', 'Access-Control-Allow-Origin': '*', 'Cache-Control': 'no-cache', 'ETag': 'W/"49e-97RORdYY6W1bj6uuWDqltBlH/5g"', 'Vary': 'Accept-Encoding', 'Content-Encoding': 'gzip', 'CF-Cache-Status': 'DYNAMIC', 'Report-To': '{"endpoints":[{"url":"https:\\/\\/a.nel.cloudflare.com\\/report\\/v4?s=gQCj%2BEwmrAZ%2FAwCyrmyJI%2BHtEiRqgwGrL635GwpVZWrAYT6rwFBgbri8%2FEHPqeCTeqgcv40FA%2BjFCYJLthAr7I1ZVFPvuK1s0VDdmGEgUL0KC3p0bk5fdKX%2Bob%2FtnEsL"}],"group":"cf-nel","max_age":604800}', 'NEL': '{"success_fraction":0,"report_to":"cf-nel","max_age":604800}', 'Server': 'cloudflare', 'CF-RAY': '88ba2eb70a285944-IAD', 'alt-svc': 'h3=":443"; ma=86400'} 
 body={"results":[{"gender":"female","name":{"title":"Ms","first":"Julia","last":"Brunet"},"location":{"street":{"number":4274,"name":"Avenue Debrousse"},"city":"Argenteuil","state":"Aube","country":"France","postcode":42440,"coordinates":{"latitude":"-17.9047","longitude":"172.2928"},"timezone":{"offset":"+11:00","description":"Magadan, Solomon Islands, New Caledonia"}},"email":"julia.brunet@example.com","login":{"uuid":"71ef6001-56f1-4dac-878a-ebda4bbe0f86","username":"redtiger765","password":"kids","salt":"z0h2NYaD","md5":"086cb9365936cf07da7e6f5b7ec8b339","sha1":"cee6c6b3f47306d766a63be3df5a0b256c7f4518","sha256":"ae9e5bdc1a7e71ab96895268c64b024684f4114d79d22640e70d98a964aaf559"},"dob":{"date":"1993-06-23T09:32:14.502Z","age":30},"registered":{"date":"2016-01-17T22:19:20.297Z","age":8},"phone":"04-79-09-54-87","cell":"06-62-37-76-43","id":{"name":"INSEE","value":"2930534555282 77"},"picture":{"large":"https://randomuser.me/api/portraits/women/26.jpg","medium":"https://randomuser.me/api/portraits/med/women/26.jpg","thumbnail":"https://randomuser.me/api/portraits/thumb/women/26.jpg"},"nat":"FR"}],"info":{"seed":"a9ff7160fafd4886","results":1,"page":1,"version":"1.4"}} 
 </msg>
<msg time="2024-05-29T23:14:45.050032" level="INFO">/opt/hostedtoolcache/Python/3.12.3/x64/lib/python3.12/site-packages/urllib3/connectionpool.py:1103: InsecureRequestWarning: Unverified HTTPS request is being made to host 'randomuser.me'. Adding certificate verification is strongly advised. See: https://urllib3.readthedocs.io/en/latest/advanced-usage.html#tls-warnings
  warnings.warn(</msg>
<msg time="2024-05-29T23:14:45.050113" level="INFO">${response} = &lt;Response [200]&gt;</msg>
<var>${response}</var>
<arg>consultarAPI</arg>
<arg>/api</arg>
<doc>Sends a GET request on a previously created HTTP Session.</doc>
<status status="PASS" start="2024-05-29T23:14:44.963961" elapsed="0.086175"/>
</kw>
<kw name="Set Variable" owner="BuiltIn">
<msg time="2024-05-29T23:14:45.050974" level="INFO">${json_data} = {'results': [{'gender': 'female', 'name': {'title': 'Ms', 'first': 'Julia', 'last': 'Brunet'}, 'location': {'street': {'number': 4274, 'name': 'Avenue Debrousse'}, 'city': 'Argenteuil', 'state': 'Aube...</msg>
<var>${json_data}</var>
<arg>${response.json()}</arg>
<doc>Returns the given values which can then be assigned to a variables.</doc>
<status status="PASS" start="2024-05-29T23:14:45.050530" elapsed="0.000473"/>
</kw>
<kw name="Log" owner="BuiltIn">
<msg time="2024-05-29T23:14:45.051454" level="INFO">{'results': [{'gender': 'female', 'name': {'title': 'Ms', 'first': 'Julia', 'last': 'Brunet'}, 'location': {'street': {'number': 4274, 'name': 'Avenue Debrousse'}, 'city': 'Argenteuil', 'state': 'Aube', 'country': 'France', 'postcode': 42440, 'coordinates': {'latitude': '-17.9047', 'longitude': '172.2928'}, 'timezone': {'offset': '+11:00', 'description': 'Magadan, Solomon Islands, New Caledonia'}}, 'email': 'julia.brunet@example.com', 'login': {'uuid': '71ef6001-56f1-4dac-878a-ebda4bbe0f86', 'username': 'redtiger765', 'password': 'kids', 'salt': 'z0h2NYaD', 'md5': '086cb9365936cf07da7e6f5b7ec8b339', 'sha1': 'cee6c6b3f47306d766a63be3df5a0b256c7f4518', 'sha256': 'ae9e5bdc1a7e71ab96895268c64b024684f4114d79d22640e70d98a964aaf559'}, 'dob': {'date': '1993-06-23T09:32:14.502Z', 'age': 30}, 'registered': {'date': '2016-01-17T22:19:20.297Z', 'age': 8}, 'phone': '04-79-09-54-87', 'cell': '06-62-37-76-43', 'id': {'name': 'INSEE', 'value': '2930534555282 77'}, 'picture': {'large': 'https://randomuser.me/api/portraits/women/26.jpg', 'medium': 'https://randomuser.me/api/portraits/med/women/26.jpg', 'thumbnail': 'https://randomuser.me/api/portraits/thumb/women/26.jpg'}, 'nat': 'FR'}], 'info': {'seed': 'a9ff7160fafd4886', 'results': 1, 'page': 1, 'version': '1.4'}}</msg>
<arg>${json_data}</arg>
<doc>Logs the given message with the given level.</doc>
<status status="PASS" start="2024-05-29T23:14:45.051305" elapsed="0.000235"/>
</kw>
<kw name="Should Be Equal As Numbers" owner="BuiltIn">
<arg>${json_data['results'][0]['location']['postcode']}</arg>
<arg>${json_data['results'][0]['location']['postcode']}</arg>
<doc>Fails if objects are unequal after converting them to real numbers.</doc>
<status status="PASS" start="2024-05-29T23:14:45.051836" elapsed="0.000608"/>
</kw>
<kw name="Log" owner="BuiltIn">
<msg time="2024-05-29T23:14:45.052968" level="INFO">42440</msg>
<arg>${json_data['results'][0]['location']['postcode']}</arg>
<doc>Logs the given message with the given level.</doc>
<status status="PASS" start="2024-05-29T23:14:45.052637" elapsed="0.000372"/>
</kw>
<status status="PASS" start="2024-05-29T23:14:44.963745" elapsed="0.089513"/>
</kw>
<doc>Testa se os tipos de dados na resposta da API estão corretos.</doc>
<tag>testeTiposDados</tag>
<status status="PASS" start="2024-05-29T23:14:44.867494" elapsed="0.185919"/>
</test>
<test id="s1-s1-t5" name="Validar conteudo" line="35">
<kw name="Teste de Tipos de Conteudo" owner="random-user-service">
<kw name="GET On Session" owner="RequestsLibrary">
<msg time="2024-05-29T23:14:45.146854" level="INFO">GET Request : url=https://randomuser.me/api 
 path_url=/api 
 headers={'User-Agent': 'python-requests/2.32.3', 'Accept-Encoding': 'gzip, deflate', 'Accept': '*/*', 'Connection': 'keep-alive'} 
 body=None 
 </msg>
<msg time="2024-05-29T23:14:45.146941" level="INFO">GET Response : url=https://randomuser.me/api 
 status=200, reason=OK 
 headers={'Date': 'Wed, 29 May 2024 23:14:45 GMT', 'Content-Type': 'application/json; charset=utf-8', 'Transfer-Encoding': 'chunked', 'Connection': 'keep-alive', 'X-Powered-By': 'Express', 'Access-Control-Allow-Origin': '*', 'Cache-Control': 'no-cache', 'ETag': 'W/"489-GKvXXvAbi8ckejRWcrQwOMMShCg"', 'Vary': 'Accept-Encoding', 'Content-Encoding': 'gzip', 'CF-Cache-Status': 'DYNAMIC', 'Report-To': '{"endpoints":[{"url":"https:\\/\\/a.nel.cloudflare.com\\/report\\/v4?s=uI3A0fHxGOjkld90m1eB%2Fp5zaOpyQxKGiVrmja%2F%2BxAgZgM06g01%2BFSdSWVYurfgSUy4JF95LwW8d0NYLPkcT%2Fek7KWC3rX3B3XXVcfSuPNyMiiV6lVJ2MYmQpgABG%2BCZ"}],"group":"cf-nel","max_age":604800}', 'NEL': '{"success_fraction":0,"report_to":"cf-nel","max_age":604800}', 'Server': 'cloudflare', 'CF-RAY': '88ba2eb79aa25944-IAD', 'alt-svc': 'h3=":443"; ma=86400'} 
 body={"results":[{"gender":"female","name":{"title":"Miss","first":"Sushmitha","last":"Pai"},"location":{"street":{"number":403,"name":"Bhootnath Rd"},"city":"Amaravati","state":"Punjab","country":"India","postcode":82751,"coordinates":{"latitude":"11.0469","longitude":"58.8099"},"timezone":{"offset":"-3:00","description":"Brazil, Buenos Aires, Georgetown"}},"email":"sushmitha.pai@example.com","login":{"uuid":"ea55010c-c419-4628-a3e7-26ab3cb98319","username":"heavydog456","password":"trauma","salt":"qeMyjFio","md5":"ae92e2e309a3e90a43e66d1333eaaba2","sha1":"17e38858f464f05282a3d25af5e87894cd9542ca","sha256":"1cc076ad2143253f6290f3efaa2e4ba7a2dfe5bb8e50d78501e7207631e68441"},"dob":{"date":"1981-03-21T08:47:44.078Z","age":43},"registered":{"date":"2016-08-22T06:36:15.863Z","age":7},"phone":"9765216121","cell":"8629771614","id":{"name":"UIDAI","value":"639397825048"},"picture":{"large":"https://randomuser.me/api/portraits/women/22.jpg","medium":"https://randomuser.me/api/portraits/med/women/22.jpg","thumbnail":"https://randomuser.me/api/portraits/thumb/women/22.jpg"},"nat":"IN"}],"info":{"seed":"553fed2f973d7ec7","results":1,"page":1,"version":"1.4"}} 
 </msg>
<msg time="2024-05-29T23:14:45.147014" level="INFO">/opt/hostedtoolcache/Python/3.12.3/x64/lib/python3.12/site-packages/urllib3/connectionpool.py:1103: InsecureRequestWarning: Unverified HTTPS request is being made to host 'randomuser.me'. Adding certificate verification is strongly advised. See: https://urllib3.readthedocs.io/en/latest/advanced-usage.html#tls-warnings
  warnings.warn(</msg>
<msg time="2024-05-29T23:14:45.147137" level="INFO">${response} = &lt;Response [200]&gt;</msg>
<var>${response}</var>
<arg>consultarAPI</arg>
<arg>/api</arg>
<doc>Sends a GET request on a previously created HTTP Session.</doc>
<status status="PASS" start="2024-05-29T23:14:45.056223" elapsed="0.090955"/>
</kw>
<kw name="Set Variable" owner="BuiltIn">
<msg time="2024-05-29T23:14:45.148006" level="INFO">${json_data} = {'results': [{'gender': 'female', 'name': {'title': 'Miss', 'first': 'Sushmitha', 'last': 'Pai'}, 'location': {'street': {'number': 403, 'name': 'Bhootnath Rd'}, 'city': 'Amaravati', 'state': 'Punjab'...</msg>
<var>${json_data}</var>
<arg>${response.json()}</arg>
<doc>Returns the given values which can then be assigned to a variables.</doc>
<status status="PASS" start="2024-05-29T23:14:45.147569" elapsed="0.000464"/>
</kw>
<kw name="Set Variable" owner="BuiltIn">
<msg time="2024-05-29T23:14:45.148709" level="INFO">${name_title} = Miss</msg>
<var>${name_title}</var>
<arg>${json_data["results"][0]["name"]["title"]}</arg>
<doc>Returns the given values which can then be assigned to a variables.</doc>
<status status="PASS" start="2024-05-29T23:14:45.148332" elapsed="0.000402"/>
</kw>
<kw name="Create List" owner="BuiltIn">
<msg time="2024-05-29T23:14:45.149172" level="INFO">${allowed_titles} = ['Mr', 'Ms', 'Miss', 'Mrs', 'Madame', 'Monsieur']</msg>
<var>${allowed_titles}</var>
<arg>Mr</arg>
<arg>Ms</arg>
<arg>Miss</arg>
<arg>Mrs</arg>
<arg>Madame</arg>
<arg>Monsieur</arg>
<doc>Returns a list containing given items.</doc>
<status status="PASS" start="2024-05-29T23:14:45.149027" elapsed="0.000169"/>
</kw>
<kw name="List Should Contain Value" owner="Collections">
<msg time="2024-05-29T23:14:45.149673" level="INFO">False</msg>
<arg>${allowed_titles}</arg>
<arg>${name_title}</arg>
<doc>Fails if the ``value`` is not found from ``list``.</doc>
<status status="PASS" start="2024-05-29T23:14:45.149494" elapsed="0.000217"/>
</kw>
<kw name="Set Variable" owner="BuiltIn">
<msg time="2024-05-29T23:14:45.150551" level="INFO">${name_country} = IN</msg>
<var>${name_country}</var>
<arg>${json_data["results"][0]["nat"]}</arg>
<doc>Returns the given values which can then be assigned to a variables.</doc>
<status status="PASS" start="2024-05-29T23:14:45.150004" elapsed="0.000573"/>
</kw>
<kw name="Create List" owner="BuiltIn">
<msg time="2024-05-29T23:14:45.151479" level="INFO">${list_country} = ['AD', 'AE', 'AF', 'AG', 'AI', 'AL', 'AM', 'AO', 'AQ', 'AR', 'AS', 'AT', 'AU', 'AW', 'AX', 'AZ', 'BA', 'BB', 'BD', 'BE', 'BF', 'BG', 'BH', 'BI', 'BJ', 'BL', 'BM', 'BN', 'BO', 'BQ', 'BR', 'BS', 'BT', '...</msg>
<var>${list_country}</var>
<arg>AD</arg>
<arg>AE</arg>
<arg>AF</arg>
<arg>AG</arg>
<arg>AI</arg>
<arg>AL</arg>
<arg>AM</arg>
<arg>AO</arg>
<arg>AQ</arg>
<arg>AR</arg>
<arg>AS</arg>
<arg>AT</arg>
<arg>AU</arg>
<arg>AW</arg>
<arg>AX</arg>
<arg>AZ</arg>
<arg>BA</arg>
<arg>BB</arg>
<arg>BD</arg>
<arg>BE</arg>
<arg>BF</arg>
<arg>BG</arg>
<arg>BH</arg>
<arg>BI</arg>
<arg>BJ</arg>
<arg>BL</arg>
<arg>BM</arg>
<arg>BN</arg>
<arg>BO</arg>
<arg>BQ</arg>
<arg>BR</arg>
<arg>BS</arg>
<arg>BT</arg>
<arg>BV</arg>
<arg>BW</arg>
<arg>BY</arg>
<arg>BZ</arg>
<arg>CA</arg>
<arg>CC</arg>
<arg>CD</arg>
<arg>CF</arg>
<arg>CG</arg>
<arg>CH</arg>
<arg>CI</arg>
<arg>CK</arg>
<arg>CL</arg>
<arg>CM</arg>
<arg>CN</arg>
<arg>CO</arg>
<arg>CR</arg>
<arg>CU</arg>
<arg>CV</arg>
<arg>CW</arg>
<arg>CX</arg>
<arg>CY</arg>
<arg>CZ</arg>
<arg>DE</arg>
<arg>DJ</arg>
<arg>DK</arg>
<arg>DM</arg>
<arg>DO</arg>
<arg>DZ</arg>
<arg>EC</arg>
<arg>EE</arg>
<arg>EG</arg>
<arg>EH</arg>
<arg>ER</arg>
<arg>ES</arg>
<arg>ET</arg>
<arg>FI</arg>
<arg>FJ</arg>
<arg>FK</arg>
<arg>FM</arg>
<arg>FO</arg>
<arg>FR</arg>
<arg>GA</arg>
<arg>GB</arg>
<arg>GD</arg>
<arg>GE</arg>
<arg>GF</arg>
<arg>GG</arg>
<arg>GH</arg>
<arg>GI</arg>
<arg>GL</arg>
<arg>GM</arg>
<arg>GN</arg>
<arg>GP</arg>
<arg>GQ</arg>
<arg>GR</arg>
<arg>GS</arg>
<arg>GT</arg>
<arg>GU</arg>
<arg>GW</arg>
<arg>GY</arg>
<arg>HK</arg>
<arg>HM</arg>
<arg>HN</arg>
<arg>HR</arg>
<arg>HT</arg>
<arg>HU</arg>
<arg>ID</arg>
<arg>IE</arg>
<arg>IL</arg>
<arg>IM</arg>
<arg>IN</arg>
<arg>IO</arg>
<arg>IQ</arg>
<arg>IR</arg>
<arg>IS</arg>
<arg>IT</arg>
<arg>JE</arg>
<arg>JM</arg>
<arg>JO</arg>
<arg>JP</arg>
<arg>KE</arg>
<arg>KG</arg>
<arg>KH</arg>
<arg>KI</arg>
<arg>KM</arg>
<arg>KN</arg>
<arg>KP</arg>
<arg>KR</arg>
<arg>KW</arg>
<arg>KY</arg>
<arg>KZ</arg>
<arg>LA</arg>
<arg>LB</arg>
<arg>LC</arg>
<arg>LI</arg>
<arg>LK</arg>
<arg>LR</arg>
<arg>LS</arg>
<arg>LT</arg>
<arg>LU</arg>
<arg>LV</arg>
<arg>LY</arg>
<arg>MA</arg>
<arg>MC</arg>
<arg>MD</arg>
<arg>ME</arg>
<arg>MF</arg>
<arg>MG</arg>
<arg>MH</arg>
<arg>MK</arg>
<arg>ML</arg>
<arg>MM</arg>
<arg>MN</arg>
<arg>MO</arg>
<arg>MP</arg>
<arg>MQ</arg>
<arg>MR</arg>
<arg>MS</arg>
<arg>MT</arg>
<arg>MU</arg>
<arg>MV</arg>
<arg>MW</arg>
<arg>MX</arg>
<arg>MY</arg>
<arg>MZ</arg>
<arg>NA</arg>
<arg>NC</arg>
<arg>NE</arg>
<arg>NF</arg>
<arg>NG</arg>
<arg>NI</arg>
<arg>NL</arg>
<arg>NO</arg>
<arg>NP</arg>
<arg>NR</arg>
<arg>NU</arg>
<arg>NZ</arg>
<arg>OM</arg>
<arg>PA</arg>
<arg>PE</arg>
<arg>PF</arg>
<arg>PG</arg>
<arg>PH</arg>
<arg>PK</arg>
<arg>PL</arg>
<arg>PM</arg>
<arg>PN</arg>
<arg>PR</arg>
<arg>PS</arg>
<arg>PT</arg>
<arg>PW</arg>
<arg>PY</arg>
<arg>QA</arg>
<arg>RE</arg>
<arg>RO</arg>
<arg>RS</arg>
<arg>RU</arg>
<arg>RW</arg>
<arg>SA</arg>
<arg>SB</arg>
<arg>SC</arg>
<arg>SD</arg>
<arg>SE</arg>
<arg>SG</arg>
<arg>SH</arg>
<arg>SI</arg>
<arg>SJ</arg>
<arg>SK</arg>
<arg>SL</arg>
<arg>SM</arg>
<arg>SN</arg>
<arg>SO</arg>
<arg>SR</arg>
<arg>SS</arg>
<arg>ST</arg>
<arg>SV</arg>
<arg>SX</arg>
<arg>SY</arg>
<arg>SZ</arg>
<arg>TC</arg>
<arg>TD</arg>
<arg>TF</arg>
<arg>TG</arg>
<arg>TH</arg>
<arg>TJ</arg>
<arg>TK</arg>
<arg>TL</arg>
<arg>TM</arg>
<arg>TN</arg>
<arg>TO</arg>
<arg>TR</arg>
<arg>TT</arg>
<arg>TV</arg>
<arg>TW</arg>
<arg>TZ</arg>
<arg>UA</arg>
<arg>UG</arg>
<arg>UM</arg>
<arg>US</arg>
<arg>UY</arg>
<arg>UZ</arg>
<arg>VA</arg>
<arg>VC</arg>
<arg>VE</arg>
<arg>VG</arg>
<arg>VI</arg>
<arg>VN</arg>
<arg>VU</arg>
<arg>WF</arg>
<arg>WS</arg>
<arg>XK</arg>
<arg>YE</arg>
<arg>YT</arg>
<arg>ZA</arg>
<arg>ZM</arg>
<arg>ZW</arg>
<doc>Returns a list containing given items.</doc>
<status status="PASS" start="2024-05-29T23:14:45.150885" elapsed="0.000619"/>
</kw>
<kw name="List Should Contain Value" owner="Collections">
<msg time="2024-05-29T23:14:45.152481" level="INFO">False</msg>
<arg>${list_country}</arg>
<arg>${name_country}</arg>
<doc>Fails if the ``value`` is not found from ``list``.</doc>
<status status="PASS" start="2024-05-29T23:14:45.152279" elapsed="0.000238"/>
</kw>
<kw name="Run Keyword If" owner="BuiltIn">
<kw name="Should Be True" owner="BuiltIn">
<arg>${True}</arg>
<doc>Fails if the given condition is not true.</doc>
<status status="PASS" start="2024-05-29T23:14:45.153561" elapsed="0.000141"/>
</kw>
<arg>${json_data["results"][0]["location"]["coordinates"]["latitude"]} &gt;= -90 and ${json_data["results"][0]["location"]["coordinates"]["latitude"]} &lt;= 90</arg>
<arg>Should Be True</arg>
<arg>${True}</arg>
<doc>Runs the given keyword with the given arguments, if ``condition`` is true.</doc>
<status status="PASS" start="2024-05-29T23:14:45.152827" elapsed="0.000999"/>
</kw>
<kw name="Run Keyword If" owner="BuiltIn">
<kw name="Should Be True" owner="BuiltIn">
<arg>${True}</arg>
<doc>Fails if the given condition is not true.</doc>
<status status="PASS" start="2024-05-29T23:14:45.154726" elapsed="0.000136"/>
</kw>
<arg>${json_data["results"][0]["location"]["coordinates"]["longitude"]} &gt;= -180 and ${json_data["results"][0]["location"]["coordinates"]["longitude"]} &lt;= 180</arg>
<arg>Should Be True</arg>
<arg>${True}</arg>
<doc>Runs the given keyword with the given arguments, if ``condition`` is true.</doc>
<status status="PASS" start="2024-05-29T23:14:45.154014" elapsed="0.000971"/>
</kw>
<status status="PASS" start="2024-05-29T23:14:45.055852" elapsed="0.099268"/>
</kw>
<doc>Testa o conteúdo específico dos campos retornados pela API.</doc>
<tag>testeConteudo</tag>
<status status="PASS" start="2024-05-29T23:14:45.055210" elapsed="0.100051"/>
</test>
<status status="PASS" start="2024-05-29T23:14:44.351632" elapsed="0.805489"/>
</suite>
<status status="PASS" start="2024-05-29T23:14:44.337651" elapsed="0.824478"/>
</suite>
<statistics>
<total>
<stat pass="5" fail="0" skip="0">All Tests</stat>
</total>
<tag>
<stat pass="1" fail="0" skip="0">testeConteudo</stat>
<stat pass="1" fail="0" skip="0">testeEstruturaResposta</stat>
<stat pass="1" fail="0" skip="0">testeRequisicaoBasica</stat>
<stat pass="1" fail="0" skip="0">testeTiposDados</stat>
</tag>
<suite>
<stat pass="5" fail="0" skip="0" id="s1" name="Tests">Tests</stat>
<stat pass="5" fail="0" skip="0" id="s1-s1" name="Random-User-Test">Tests.Random-User-Test</stat>
</suite>
</statistics>
<errors>
</errors>
</robot>
