<?xml version="1.0" encoding="UTF-8"?>
<robot generator="Robot 7.0.1 (Python 3.12.4 on linux)" generated="2024-07-27T15:14:45.368679" rpa="false" schemaversion="5">
<suite id="s1" name="Tests" source="/home/runner/work/ApiRandomUser/ApiRandomUser/RamdonUser/tests">
<suite id="s1-s1" name="Random-User-Test" source="/home/runner/work/ApiRandomUser/ApiRandomUser/RamdonUser/tests/random-user-test.robot">
<test id="s1-s1-t1" name="Conectar" line="13">
<kw name="Conectar API" owner="random-user-service">
<kw name="Create Session" owner="RequestsLibrary">
<msg time="2024-07-27T15:14:45.757101" level="INFO">Creating Session using : alias=consultarAPI, url=https://randomuser.me/, headers={},                     cookies={}, auth=None, timeout=None, proxies=None, verify=False,                     debug=0 </msg>
<arg>consultarAPI</arg>
<arg>${URL}</arg>
<doc>Create Session: create a HTTP session to a server</doc>
<status status="PASS" start="2024-07-27T15:14:45.756907" elapsed="0.000362"/>
</kw>
<status status="PASS" start="2024-07-27T15:14:45.755918" elapsed="0.001693"/>
</kw>
<status status="PASS" start="2024-07-27T15:14:45.755413" elapsed="0.002390"/>
</test>
<test id="s1-s1-t2" name="Validar retorno 200 e JSON Válido" line="16">
<kw name="Teste de Requisicao Basica" owner="random-user-service">
<kw name="GET On Session" owner="RequestsLibrary">
<msg time="2024-07-27T15:14:45.858628" level="INFO">GET Request : url=https://randomuser.me/api 
 path_url=/api 
 headers={'User-Agent': 'python-requests/2.32.3', 'Accept-Encoding': 'gzip, deflate', 'Accept': '*/*', 'Connection': 'keep-alive'} 
 body=None 
 </msg>
<msg time="2024-07-27T15:14:45.858805" level="INFO">GET Response : url=https://randomuser.me/api 
 status=200, reason=OK 
 headers={'Date': 'Sat, 27 Jul 2024 15:14:45 GMT', 'Content-Type': 'application/json; charset=utf-8', 'Transfer-Encoding': 'chunked', 'Connection': 'keep-alive', 'X-Powered-By': 'Express', 'Access-Control-Allow-Origin': '*', 'Cache-Control': 'no-cache', 'ETag': 'W/"467-8+pms0Rj5ROCfwsaRsBVbefmQ6g"', 'Vary': 'Accept-Encoding', 'Content-Encoding': 'gzip', 'CF-Cache-Status': 'DYNAMIC', 'Report-To': '{"endpoints":[{"url":"https:\\/\\/a.nel.cloudflare.com\\/report\\/v4?s=ZpKi2EfoI8b0EPs4PcxDAQ13kmzLuw1ooP4161sDfX94h1MIniL1eVxw1%2F2iS9VCgKxm1xcZxnVda0PlBjEhUSQhacVpKIY4r0OwN7Y%2BZnkCBudB2U5UBoo6dW40bwdw"}],"group":"cf-nel","max_age":604800}', 'NEL': '{"success_fraction":0,"report_to":"cf-nel","max_age":604800}', 'Server': 'cloudflare', 'CF-RAY': '8a9d94bc5d9d05c6-IAD', 'alt-svc': 'h3=":443"; ma=86400'} 
 body={"results":[{"gender":"male","name":{"title":"Mr","first":"Rava","last":"Ravlyuk"},"location":{"street":{"number":7390,"name":"Irchana"},"city":"Terebovlya","state":"Mikolayivska","country":"Ukraine","postcode":65109,"coordinates":{"latitude":"77.4694","longitude":"-112.9322"},"timezone":{"offset":"+3:30","description":"Tehran"}},"email":"rava.ravlyuk@example.com","login":{"uuid":"bb9b6d99-b988-402f-8dbe-e64fcb4e84e6","username":"silvertiger942","password":"strong","salt":"QKGGal7X","md5":"07704c81408500033ec7b73ced877fc8","sha1":"c8656690d8bf9dca3f95e5e9a140c15514141991","sha256":"05f1a9c66777f5210b0e567121cb652c25a7a5b3b07bb9fa081bc25680028db0"},"dob":{"date":"1968-09-27T22:17:20.533Z","age":55},"registered":{"date":"2008-03-29T23:46:32.485Z","age":16},"phone":"(098) S29-5294","cell":"(066) E82-4553","id":{"name":"","value":null},"picture":{"large":"https://randomuser.me/api/portraits/men/93.jpg","medium":"https://randomuser.me/api/portraits/med/men/93.jpg","thumbnail":"https://randomuser.me/api/portraits/thumb/men/93.jpg"},"nat":"UA"}],"info":{"seed":"9d8374399f7cd8d8","results":1,"page":1,"version":"1.4"}} 
 </msg>
<msg time="2024-07-27T15:14:45.858925" level="INFO">/opt/hostedtoolcache/Python/3.12.4/x64/lib/python3.12/site-packages/urllib3/connectionpool.py:1099: InsecureRequestWarning: Unverified HTTPS request is being made to host 'randomuser.me'. Adding certificate verification is strongly advised. See: https://urllib3.readthedocs.io/en/latest/advanced-usage.html#tls-warnings
  warnings.warn(</msg>
<msg time="2024-07-27T15:14:45.859093" level="INFO">${response} = &lt;Response [200]&gt;</msg>
<var>${response}</var>
<arg>consultarAPI</arg>
<arg>/api</arg>
<doc>Sends a GET request on a previously created HTTP Session.</doc>
<status status="PASS" start="2024-07-27T15:14:45.760382" elapsed="0.098757"/>
</kw>
<kw name="Should Be Equal As Numbers" owner="BuiltIn">
<msg time="2024-07-27T15:14:45.860441" level="INFO">Argument types are:
&lt;class 'int'&gt;
&lt;class 'str'&gt;</msg>
<arg>${response.status_code}</arg>
<arg>200</arg>
<doc>Fails if objects are unequal after converting them to real numbers.</doc>
<status status="PASS" start="2024-07-27T15:14:45.859771" elapsed="0.000772"/>
</kw>
<kw name="Log" owner="BuiltIn">
<msg time="2024-07-27T15:14:45.861640" level="INFO">200</msg>
<arg>${response.status_code}</arg>
<doc>Logs the given message with the given level.</doc>
<status status="PASS" start="2024-07-27T15:14:45.861042" elapsed="0.000662"/>
</kw>
<kw name="Set Variable" owner="BuiltIn">
<msg time="2024-07-27T15:14:45.862887" level="INFO">${json_data} = {'results': [{'gender': 'male', 'name': {'title': 'Mr', 'first': 'Rava', 'last': 'Ravlyuk'}, 'location': {'street': {'number': 7390, 'name': 'Irchana'}, 'city': 'Terebovlya', 'state': 'Mikolayivska', ...</msg>
<var>${json_data}</var>
<arg>${response.json()}</arg>
<doc>Returns the given values which can then be assigned to a variables.</doc>
<status status="PASS" start="2024-07-27T15:14:45.862156" elapsed="0.000785"/>
</kw>
<kw name="Dictionary Should Contain Key" owner="Collections">
<arg>${json_data}</arg>
<arg>results</arg>
<doc>Fails if ``key`` is not found from ``dictionary``.</doc>
<status status="PASS" start="2024-07-27T15:14:45.863404" elapsed="0.000426"/>
</kw>
<status status="PASS" start="2024-07-27T15:14:45.760134" elapsed="0.103934"/>
</kw>
<doc>Testa se a API responde corretamente e retorna um objeto JSON válido.</doc>
<tag>testeRequisicaoBasica</tag>
<status status="PASS" start="2024-07-27T15:14:45.759677" elapsed="0.104664"/>
</test>
<test id="s1-s1-t3" name="Validar estrutura de resposta" line="22">
<kw name="Teste de Estrutura de Resposta" owner="random-user-service">
<kw name="GET On Session" owner="RequestsLibrary">
<msg time="2024-07-27T15:14:45.948430" level="INFO">GET Request : url=https://randomuser.me/api 
 path_url=/api 
 headers={'User-Agent': 'python-requests/2.32.3', 'Accept-Encoding': 'gzip, deflate', 'Accept': '*/*', 'Connection': 'keep-alive'} 
 body=None 
 </msg>
<msg time="2024-07-27T15:14:45.948519" level="INFO">GET Response : url=https://randomuser.me/api 
 status=200, reason=OK 
 headers={'Date': 'Sat, 27 Jul 2024 15:14:45 GMT', 'Content-Type': 'application/json; charset=utf-8', 'Transfer-Encoding': 'chunked', 'Connection': 'keep-alive', 'X-Powered-By': 'Express', 'Access-Control-Allow-Origin': '*', 'Cache-Control': 'no-cache', 'ETag': 'W/"494-qvBax9eyG6pErEgYUnQv1qwDDqE"', 'Vary': 'Accept-Encoding', 'Content-Encoding': 'gzip', 'CF-Cache-Status': 'DYNAMIC', 'Report-To': '{"endpoints":[{"url":"https:\\/\\/a.nel.cloudflare.com\\/report\\/v4?s=vn7znoxHcg5wcMmLlOXiEeuGAUXMFdZK%2Fj%2BwHL1IyzxQxGjhU3txb6rjqUpMr0K4LFBaMCwBsgIptBVGG7qHAem1m3X6pU4Jxu3LglE0%2FBboVJmmXH99B7Qnab%2FB65sn"}],"group":"cf-nel","max_age":604800}', 'NEL': '{"success_fraction":0,"report_to":"cf-nel","max_age":604800}', 'Server': 'cloudflare', 'CF-RAY': '8a9d94bcbdd605c6-IAD', 'alt-svc': 'h3=":443"; ma=86400'} 
 body={"results":[{"gender":"male","name":{"title":"Mr","first":"Tim","last":"Nicolas"},"location":{"street":{"number":7767,"name":"Rue des Abbesses"},"city":"Dijon","state":"Guyane","country":"France","postcode":16501,"coordinates":{"latitude":"-20.0114","longitude":"-179.3104"},"timezone":{"offset":"+8:00","description":"Beijing, Perth, Singapore, Hong Kong"}},"email":"tim.nicolas@example.com","login":{"uuid":"ecdcb551-9daa-4dfd-b1fc-04828379b547","username":"whitesnake121","password":"artemis","salt":"LZOO28YB","md5":"e3cdf1c9c4ba1ac260642059aa79dde7","sha1":"93adf09522eb9ef6580d1ea64d6ab1bf75db02c3","sha256":"4fd283859610ffb5b0b33dad04fc64c0dd3e6a483940108125b42ae7cca7aff7"},"dob":{"date":"1960-01-19T10:43:34.088Z","age":64},"registered":{"date":"2012-10-16T03:10:51.575Z","age":11},"phone":"03-14-57-32-46","cell":"06-67-66-09-37","id":{"name":"INSEE","value":"1600042468089 80"},"picture":{"large":"https://randomuser.me/api/portraits/men/13.jpg","medium":"https://randomuser.me/api/portraits/med/men/13.jpg","thumbnail":"https://randomuser.me/api/portraits/thumb/men/13.jpg"},"nat":"FR"}],"info":{"seed":"88251c88b9b0cdc8","results":1,"page":1,"version":"1.4"}} 
 </msg>
<msg time="2024-07-27T15:14:45.948645" level="INFO">/opt/hostedtoolcache/Python/3.12.4/x64/lib/python3.12/site-packages/urllib3/connectionpool.py:1099: InsecureRequestWarning: Unverified HTTPS request is being made to host 'randomuser.me'. Adding certificate verification is strongly advised. See: https://urllib3.readthedocs.io/en/latest/advanced-usage.html#tls-warnings
  warnings.warn(</msg>
<msg time="2024-07-27T15:14:45.948771" level="INFO">${response} = &lt;Response [200]&gt;</msg>
<var>${response}</var>
<arg>consultarAPI</arg>
<arg>/api</arg>
<doc>Sends a GET request on a previously created HTTP Session.</doc>
<status status="PASS" start="2024-07-27T15:14:45.868692" elapsed="0.080126"/>
</kw>
<kw name="Set Variable" owner="BuiltIn">
<msg time="2024-07-27T15:14:45.949741" level="INFO">${json_data} = {'results': [{'gender': 'male', 'name': {'title': 'Mr', 'first': 'Tim', 'last': 'Nicolas'}, 'location': {'street': {'number': 7767, 'name': 'Rue des Abbesses'}, 'city': 'Dijon', 'state': 'Guyane', 'co...</msg>
<var>${json_data}</var>
<arg>${response.json()}</arg>
<doc>Returns the given values which can then be assigned to a variables.</doc>
<status status="PASS" start="2024-07-27T15:14:45.949274" elapsed="0.000497"/>
</kw>
<kw name="Log" owner="BuiltIn">
<msg time="2024-07-27T15:14:45.950247" level="INFO">{'results': [{'gender': 'male', 'name': {'title': 'Mr', 'first': 'Tim', 'last': 'Nicolas'}, 'location': {'street': {'number': 7767, 'name': 'Rue des Abbesses'}, 'city': 'Dijon', 'state': 'Guyane', 'country': 'France', 'postcode': 16501, 'coordinates': {'latitude': '-20.0114', 'longitude': '-179.3104'}, 'timezone': {'offset': '+8:00', 'description': 'Beijing, Perth, Singapore, Hong Kong'}}, 'email': 'tim.nicolas@example.com', 'login': {'uuid': 'ecdcb551-9daa-4dfd-b1fc-04828379b547', 'username': 'whitesnake121', 'password': 'artemis', 'salt': 'LZOO28YB', 'md5': 'e3cdf1c9c4ba1ac260642059aa79dde7', 'sha1': '93adf09522eb9ef6580d1ea64d6ab1bf75db02c3', 'sha256': '4fd283859610ffb5b0b33dad04fc64c0dd3e6a483940108125b42ae7cca7aff7'}, 'dob': {'date': '1960-01-19T10:43:34.088Z', 'age': 64}, 'registered': {'date': '2012-10-16T03:10:51.575Z', 'age': 11}, 'phone': '03-14-57-32-46', 'cell': '06-67-66-09-37', 'id': {'name': 'INSEE', 'value': '1600042468089 80'}, 'picture': {'large': 'https://randomuser.me/api/portraits/men/13.jpg', 'medium': 'https://randomuser.me/api/portraits/med/men/13.jpg', 'thumbnail': 'https://randomuser.me/api/portraits/thumb/men/13.jpg'}, 'nat': 'FR'}], 'info': {'seed': '88251c88b9b0cdc8', 'results': 1, 'page': 1, 'version': '1.4'}}</msg>
<arg>${json_data}</arg>
<doc>Logs the given message with the given level.</doc>
<status status="PASS" start="2024-07-27T15:14:45.950082" elapsed="0.000213"/>
</kw>
<kw name="Dictionary Should Contain Key" owner="Collections">
<arg>${json_data}</arg>
<arg>results</arg>
<doc>Fails if ``key`` is not found from ``dictionary``.</doc>
<status status="PASS" start="2024-07-27T15:14:45.950632" elapsed="0.000167"/>
</kw>
<kw name="Should Not Be Empty" owner="BuiltIn">
<msg time="2024-07-27T15:14:45.951124" level="INFO">Length is 2.</msg>
<arg>${json_data}</arg>
<doc>Verifies that the given item is not empty.</doc>
<status status="PASS" start="2024-07-27T15:14:45.950991" elapsed="0.000172"/>
</kw>
<kw name="Create List" owner="BuiltIn">
<msg time="2024-07-27T15:14:45.951614" level="INFO">${expected_keys} = ['gender', 'name', 'location', 'email', 'login']</msg>
<var>${expected_keys}</var>
<arg>gender</arg>
<arg>name</arg>
<arg>location</arg>
<arg>email</arg>
<arg>login</arg>
<doc>Returns a list containing given items.</doc>
<status status="PASS" start="2024-07-27T15:14:45.951457" elapsed="0.000181"/>
</kw>
<for flavor="IN">
<iter>
<kw name="Dictionary Should Contain Key" owner="Collections">
<arg>${json_data['results'][0]}</arg>
<arg>${key}</arg>
<doc>Fails if ``key`` is not found from ``dictionary``.</doc>
<status status="PASS" start="2024-07-27T15:14:45.952219" elapsed="0.000415"/>
</kw>
<kw name="Log" owner="BuiltIn">
<msg time="2024-07-27T15:14:45.953191" level="INFO">{'gender': 'male', 'name': {'title': 'Mr', 'first': 'Tim', 'last': 'Nicolas'}, 'location': {'street': {'number': 7767, 'name': 'Rue des Abbesses'}, 'city': 'Dijon', 'state': 'Guyane', 'country': 'France', 'postcode': 16501, 'coordinates': {'latitude': '-20.0114', 'longitude': '-179.3104'}, 'timezone': {'offset': '+8:00', 'description': 'Beijing, Perth, Singapore, Hong Kong'}}, 'email': 'tim.nicolas@example.com', 'login': {'uuid': 'ecdcb551-9daa-4dfd-b1fc-04828379b547', 'username': 'whitesnake121', 'password': 'artemis', 'salt': 'LZOO28YB', 'md5': 'e3cdf1c9c4ba1ac260642059aa79dde7', 'sha1': '93adf09522eb9ef6580d1ea64d6ab1bf75db02c3', 'sha256': '4fd283859610ffb5b0b33dad04fc64c0dd3e6a483940108125b42ae7cca7aff7'}, 'dob': {'date': '1960-01-19T10:43:34.088Z', 'age': 64}, 'registered': {'date': '2012-10-16T03:10:51.575Z', 'age': 11}, 'phone': '03-14-57-32-46', 'cell': '06-67-66-09-37', 'id': {'name': 'INSEE', 'value': '1600042468089 80'}, 'picture': {'large': 'https://randomuser.me/api/portraits/men/13.jpg', 'medium': 'https://randomuser.me/api/portraits/med/men/13.jpg', 'thumbnail': 'https://randomuser.me/api/portraits/thumb/men/13.jpg'}, 'nat': 'FR'}</msg>
<arg>${json_data['results'][0]}</arg>
<doc>Logs the given message with the given level.</doc>
<status status="PASS" start="2024-07-27T15:14:45.952824" elapsed="0.000416"/>
</kw>
<kw name="Log" owner="BuiltIn">
<msg time="2024-07-27T15:14:45.953678" level="INFO">gender</msg>
<arg>${key}</arg>
<doc>Logs the given message with the given level.</doc>
<status status="PASS" start="2024-07-27T15:14:45.953546" elapsed="0.000171"/>
</kw>
<var name="${key}">gender</var>
<status status="PASS" start="2024-07-27T15:14:45.952090" elapsed="0.001845"/>
</iter>
<iter>
<kw name="Dictionary Should Contain Key" owner="Collections">
<arg>${json_data['results'][0]}</arg>
<arg>${key}</arg>
<doc>Fails if ``key`` is not found from ``dictionary``.</doc>
<status status="PASS" start="2024-07-27T15:14:45.954232" elapsed="0.000424"/>
</kw>
<kw name="Log" owner="BuiltIn">
<msg time="2024-07-27T15:14:45.955203" level="INFO">{'gender': 'male', 'name': {'title': 'Mr', 'first': 'Tim', 'last': 'Nicolas'}, 'location': {'street': {'number': 7767, 'name': 'Rue des Abbesses'}, 'city': 'Dijon', 'state': 'Guyane', 'country': 'France', 'postcode': 16501, 'coordinates': {'latitude': '-20.0114', 'longitude': '-179.3104'}, 'timezone': {'offset': '+8:00', 'description': 'Beijing, Perth, Singapore, Hong Kong'}}, 'email': 'tim.nicolas@example.com', 'login': {'uuid': 'ecdcb551-9daa-4dfd-b1fc-04828379b547', 'username': 'whitesnake121', 'password': 'artemis', 'salt': 'LZOO28YB', 'md5': 'e3cdf1c9c4ba1ac260642059aa79dde7', 'sha1': '93adf09522eb9ef6580d1ea64d6ab1bf75db02c3', 'sha256': '4fd283859610ffb5b0b33dad04fc64c0dd3e6a483940108125b42ae7cca7aff7'}, 'dob': {'date': '1960-01-19T10:43:34.088Z', 'age': 64}, 'registered': {'date': '2012-10-16T03:10:51.575Z', 'age': 11}, 'phone': '03-14-57-32-46', 'cell': '06-67-66-09-37', 'id': {'name': 'INSEE', 'value': '1600042468089 80'}, 'picture': {'large': 'https://randomuser.me/api/portraits/men/13.jpg', 'medium': 'https://randomuser.me/api/portraits/med/men/13.jpg', 'thumbnail': 'https://randomuser.me/api/portraits/thumb/men/13.jpg'}, 'nat': 'FR'}</msg>
<arg>${json_data['results'][0]}</arg>
<doc>Logs the given message with the given level.</doc>
<status status="PASS" start="2024-07-27T15:14:45.954842" elapsed="0.000451"/>
</kw>
<kw name="Log" owner="BuiltIn">
<msg time="2024-07-27T15:14:45.955723" level="INFO">name</msg>
<arg>${key}</arg>
<doc>Logs the given message with the given level.</doc>
<status status="PASS" start="2024-07-27T15:14:45.955592" elapsed="0.000169"/>
</kw>
<var name="${key}">name</var>
<status status="PASS" start="2024-07-27T15:14:45.954121" elapsed="0.001858"/>
</iter>
<iter>
<kw name="Dictionary Should Contain Key" owner="Collections">
<arg>${json_data['results'][0]}</arg>
<arg>${key}</arg>
<doc>Fails if ``key`` is not found from ``dictionary``.</doc>
<status status="PASS" start="2024-07-27T15:14:45.956275" elapsed="0.000413"/>
</kw>
<kw name="Log" owner="BuiltIn">
<msg time="2024-07-27T15:14:45.957229" level="INFO">{'gender': 'male', 'name': {'title': 'Mr', 'first': 'Tim', 'last': 'Nicolas'}, 'location': {'street': {'number': 7767, 'name': 'Rue des Abbesses'}, 'city': 'Dijon', 'state': 'Guyane', 'country': 'France', 'postcode': 16501, 'coordinates': {'latitude': '-20.0114', 'longitude': '-179.3104'}, 'timezone': {'offset': '+8:00', 'description': 'Beijing, Perth, Singapore, Hong Kong'}}, 'email': 'tim.nicolas@example.com', 'login': {'uuid': 'ecdcb551-9daa-4dfd-b1fc-04828379b547', 'username': 'whitesnake121', 'password': 'artemis', 'salt': 'LZOO28YB', 'md5': 'e3cdf1c9c4ba1ac260642059aa79dde7', 'sha1': '93adf09522eb9ef6580d1ea64d6ab1bf75db02c3', 'sha256': '4fd283859610ffb5b0b33dad04fc64c0dd3e6a483940108125b42ae7cca7aff7'}, 'dob': {'date': '1960-01-19T10:43:34.088Z', 'age': 64}, 'registered': {'date': '2012-10-16T03:10:51.575Z', 'age': 11}, 'phone': '03-14-57-32-46', 'cell': '06-67-66-09-37', 'id': {'name': 'INSEE', 'value': '1600042468089 80'}, 'picture': {'large': 'https://randomuser.me/api/portraits/men/13.jpg', 'medium': 'https://randomuser.me/api/portraits/med/men/13.jpg', 'thumbnail': 'https://randomuser.me/api/portraits/thumb/men/13.jpg'}, 'nat': 'FR'}</msg>
<arg>${json_data['results'][0]}</arg>
<doc>Logs the given message with the given level.</doc>
<status status="PASS" start="2024-07-27T15:14:45.956878" elapsed="0.000398"/>
</kw>
<kw name="Log" owner="BuiltIn">
<msg time="2024-07-27T15:14:45.957703" level="INFO">location</msg>
<arg>${key}</arg>
<doc>Logs the given message with the given level.</doc>
<status status="PASS" start="2024-07-27T15:14:45.957573" elapsed="0.000167"/>
</kw>
<var name="${key}">location</var>
<status status="PASS" start="2024-07-27T15:14:45.956157" elapsed="0.001802"/>
</iter>
<iter>
<kw name="Dictionary Should Contain Key" owner="Collections">
<arg>${json_data['results'][0]}</arg>
<arg>${key}</arg>
<doc>Fails if ``key`` is not found from ``dictionary``.</doc>
<status status="PASS" start="2024-07-27T15:14:45.958238" elapsed="0.000420"/>
</kw>
<kw name="Log" owner="BuiltIn">
<msg time="2024-07-27T15:14:45.959312" level="INFO">{'gender': 'male', 'name': {'title': 'Mr', 'first': 'Tim', 'last': 'Nicolas'}, 'location': {'street': {'number': 7767, 'name': 'Rue des Abbesses'}, 'city': 'Dijon', 'state': 'Guyane', 'country': 'France', 'postcode': 16501, 'coordinates': {'latitude': '-20.0114', 'longitude': '-179.3104'}, 'timezone': {'offset': '+8:00', 'description': 'Beijing, Perth, Singapore, Hong Kong'}}, 'email': 'tim.nicolas@example.com', 'login': {'uuid': 'ecdcb551-9daa-4dfd-b1fc-04828379b547', 'username': 'whitesnake121', 'password': 'artemis', 'salt': 'LZOO28YB', 'md5': 'e3cdf1c9c4ba1ac260642059aa79dde7', 'sha1': '93adf09522eb9ef6580d1ea64d6ab1bf75db02c3', 'sha256': '4fd283859610ffb5b0b33dad04fc64c0dd3e6a483940108125b42ae7cca7aff7'}, 'dob': {'date': '1960-01-19T10:43:34.088Z', 'age': 64}, 'registered': {'date': '2012-10-16T03:10:51.575Z', 'age': 11}, 'phone': '03-14-57-32-46', 'cell': '06-67-66-09-37', 'id': {'name': 'INSEE', 'value': '1600042468089 80'}, 'picture': {'large': 'https://randomuser.me/api/portraits/men/13.jpg', 'medium': 'https://randomuser.me/api/portraits/med/men/13.jpg', 'thumbnail': 'https://randomuser.me/api/portraits/thumb/men/13.jpg'}, 'nat': 'FR'}</msg>
<arg>${json_data['results'][0]}</arg>
<doc>Logs the given message with the given level.</doc>
<status status="PASS" start="2024-07-27T15:14:45.958955" elapsed="0.000405"/>
</kw>
<kw name="Log" owner="BuiltIn">
<msg time="2024-07-27T15:14:45.959788" level="INFO">email</msg>
<arg>${key}</arg>
<doc>Logs the given message with the given level.</doc>
<status status="PASS" start="2024-07-27T15:14:45.959656" elapsed="0.000170"/>
</kw>
<var name="${key}">email</var>
<status status="PASS" start="2024-07-27T15:14:45.958131" elapsed="0.001912"/>
</iter>
<iter>
<kw name="Dictionary Should Contain Key" owner="Collections">
<arg>${json_data['results'][0]}</arg>
<arg>${key}</arg>
<doc>Fails if ``key`` is not found from ``dictionary``.</doc>
<status status="PASS" start="2024-07-27T15:14:45.960325" elapsed="0.000377"/>
</kw>
<kw name="Log" owner="BuiltIn">
<msg time="2024-07-27T15:14:45.961239" level="INFO">{'gender': 'male', 'name': {'title': 'Mr', 'first': 'Tim', 'last': 'Nicolas'}, 'location': {'street': {'number': 7767, 'name': 'Rue des Abbesses'}, 'city': 'Dijon', 'state': 'Guyane', 'country': 'France', 'postcode': 16501, 'coordinates': {'latitude': '-20.0114', 'longitude': '-179.3104'}, 'timezone': {'offset': '+8:00', 'description': 'Beijing, Perth, Singapore, Hong Kong'}}, 'email': 'tim.nicolas@example.com', 'login': {'uuid': 'ecdcb551-9daa-4dfd-b1fc-04828379b547', 'username': 'whitesnake121', 'password': 'artemis', 'salt': 'LZOO28YB', 'md5': 'e3cdf1c9c4ba1ac260642059aa79dde7', 'sha1': '93adf09522eb9ef6580d1ea64d6ab1bf75db02c3', 'sha256': '4fd283859610ffb5b0b33dad04fc64c0dd3e6a483940108125b42ae7cca7aff7'}, 'dob': {'date': '1960-01-19T10:43:34.088Z', 'age': 64}, 'registered': {'date': '2012-10-16T03:10:51.575Z', 'age': 11}, 'phone': '03-14-57-32-46', 'cell': '06-67-66-09-37', 'id': {'name': 'INSEE', 'value': '1600042468089 80'}, 'picture': {'large': 'https://randomuser.me/api/portraits/men/13.jpg', 'medium': 'https://randomuser.me/api/portraits/med/men/13.jpg', 'thumbnail': 'https://randomuser.me/api/portraits/thumb/men/13.jpg'}, 'nat': 'FR'}</msg>
<arg>${json_data['results'][0]}</arg>
<doc>Logs the given message with the given level.</doc>
<status status="PASS" start="2024-07-27T15:14:45.960882" elapsed="0.000414"/>
</kw>
<kw name="Log" owner="BuiltIn">
<msg time="2024-07-27T15:14:45.961717" level="INFO">login</msg>
<arg>${key}</arg>
<doc>Logs the given message with the given level.</doc>
<status status="PASS" start="2024-07-27T15:14:45.961587" elapsed="0.000167"/>
</kw>
<var name="${key}">login</var>
<status status="PASS" start="2024-07-27T15:14:45.960217" elapsed="0.001752"/>
</iter>
<var>${key}</var>
<value>@{expected_keys}</value>
<status status="PASS" start="2024-07-27T15:14:45.951905" elapsed="0.010184"/>
</for>
<kw name="Create List" owner="BuiltIn">
<msg time="2024-07-27T15:14:45.962445" level="INFO">${expected_keysTwo} = ['username', 'password']</msg>
<var>${expected_keysTwo}</var>
<arg>username</arg>
<arg>password</arg>
<doc>Returns a list containing given items.</doc>
<status status="PASS" start="2024-07-27T15:14:45.962276" elapsed="0.000229"/>
</kw>
<for flavor="IN">
<iter>
<kw name="Dictionary Should Contain Key" owner="Collections">
<arg>${json_data['results'][0]['login']}</arg>
<arg>${keyTwo}</arg>
<doc>Fails if ``key`` is not found from ``dictionary``.</doc>
<status status="PASS" start="2024-07-27T15:14:45.963012" elapsed="0.000384"/>
</kw>
<kw name="Dictionary Should Contain Key" owner="Collections">
<arg>${json_data['results'][0]['login']}</arg>
<arg>${keyTwo}</arg>
<doc>Fails if ``key`` is not found from ``dictionary``.</doc>
<status status="PASS" start="2024-07-27T15:14:45.963578" elapsed="0.000370"/>
</kw>
<kw name="Log" owner="BuiltIn">
<msg time="2024-07-27T15:14:45.964246" level="INFO">username</msg>
<arg>${keyTwo}</arg>
<doc>Logs the given message with the given level.</doc>
<status status="PASS" start="2024-07-27T15:14:45.964127" elapsed="0.000156"/>
</kw>
<var name="${keyTwo}">username</var>
<status status="PASS" start="2024-07-27T15:14:45.962904" elapsed="0.001597"/>
</iter>
<iter>
<kw name="Dictionary Should Contain Key" owner="Collections">
<arg>${json_data['results'][0]['login']}</arg>
<arg>${keyTwo}</arg>
<doc>Fails if ``key`` is not found from ``dictionary``.</doc>
<status status="PASS" start="2024-07-27T15:14:45.964786" elapsed="0.000386"/>
</kw>
<kw name="Dictionary Should Contain Key" owner="Collections">
<arg>${json_data['results'][0]['login']}</arg>
<arg>${keyTwo}</arg>
<doc>Fails if ``key`` is not found from ``dictionary``.</doc>
<status status="PASS" start="2024-07-27T15:14:45.965350" elapsed="0.000374"/>
</kw>
<kw name="Log" owner="BuiltIn">
<msg time="2024-07-27T15:14:45.966031" level="INFO">password</msg>
<arg>${keyTwo}</arg>
<doc>Logs the given message with the given level.</doc>
<status status="PASS" start="2024-07-27T15:14:45.965902" elapsed="0.000168"/>
</kw>
<var name="${keyTwo}">password</var>
<status status="PASS" start="2024-07-27T15:14:45.964673" elapsed="0.001615"/>
</iter>
<var>${keyTwo}</var>
<value>@{expected_keysTwo}</value>
<status status="PASS" start="2024-07-27T15:14:45.962752" elapsed="0.003690"/>
</for>
<status status="PASS" start="2024-07-27T15:14:45.868326" elapsed="0.098265"/>
</kw>
<doc>Testa a estrutura da resposta da API.</doc>
<tag>testeEstruturaResposta</tag>
<status status="PASS" start="2024-07-27T15:14:45.867600" elapsed="0.099136"/>
</test>
<test id="s1-s1-t4" name="Validar tipos de dados" line="28">
<kw name="Teste de Tipos de Dados" owner="random-user-service">
<kw name="GET On Session" owner="RequestsLibrary">
<msg time="2024-07-27T15:14:46.045257" level="INFO">GET Request : url=https://randomuser.me/api 
 path_url=/api 
 headers={'User-Agent': 'python-requests/2.32.3', 'Accept-Encoding': 'gzip, deflate', 'Accept': '*/*', 'Connection': 'keep-alive'} 
 body=None 
 </msg>
<msg time="2024-07-27T15:14:46.045326" level="INFO">GET Response : url=https://randomuser.me/api 
 status=200, reason=OK 
 headers={'Date': 'Sat, 27 Jul 2024 15:14:46 GMT', 'Content-Type': 'application/json; charset=utf-8', 'Transfer-Encoding': 'chunked', 'Connection': 'keep-alive', 'X-Powered-By': 'Express', 'Access-Control-Allow-Origin': '*', 'Cache-Control': 'no-cache', 'ETag': 'W/"479-vf4807Eanv0JZmsEC1PvV+NjK9s"', 'Vary': 'Accept-Encoding', 'Content-Encoding': 'gzip', 'CF-Cache-Status': 'DYNAMIC', 'Report-To': '{"endpoints":[{"url":"https:\\/\\/a.nel.cloudflare.com\\/report\\/v4?s=6188Rb2xwNtPDkJeMgJCa9sSJ%2BocmnfvySUSJOdrUVVKxh%2FEqX9ZEvNlJ7U6SYbFLDwgho2bcnktgRIu7nI7B95WyfxW4CIvgqlq4sQjTuGgayQhFw9OUyihiaQ0rvyn"}],"group":"cf-nel","max_age":604800}', 'NEL': '{"success_fraction":0,"report_to":"cf-nel","max_age":604800}', 'Server': 'cloudflare', 'CF-RAY': '8a9d94bd5e3905c6-IAD', 'alt-svc': 'h3=":443"; ma=86400'} 
 body={"results":[{"gender":"male","name":{"title":"Mr","first":"Carter","last":"Henderson"},"location":{"street":{"number":7672,"name":"Galway Road"},"city":"Tullow","state":"Donegal","country":"Ireland","postcode":28215,"coordinates":{"latitude":"1.4776","longitude":"-7.9282"},"timezone":{"offset":"-11:00","description":"Midway Island, Samoa"}},"email":"carter.henderson@example.com","login":{"uuid":"260c2f23-5440-48a6-b78a-df1a43562a33","username":"lazymouse856","password":"jason1","salt":"wstcGNAn","md5":"39edd119130b9ebdb4d8b4ce6c1de456","sha1":"d6ef0e344880e1b8332095ee8608bc47026b4f95","sha256":"a0c6f0259112f94fa28c1901d9e437e889b36ecac79f71db4997ee23823cbef8"},"dob":{"date":"1999-07-03T16:17:17.526Z","age":25},"registered":{"date":"2004-03-11T19:58:51.812Z","age":20},"phone":"031-234-1622","cell":"081-162-1887","id":{"name":"PPS","value":"4439135T"},"picture":{"large":"https://randomuser.me/api/portraits/men/63.jpg","medium":"https://randomuser.me/api/portraits/med/men/63.jpg","thumbnail":"https://randomuser.me/api/portraits/thumb/men/63.jpg"},"nat":"IE"}],"info":{"seed":"cf7ddef46a5a626f","results":1,"page":1,"version":"1.4"}} 
 </msg>
<msg time="2024-07-27T15:14:46.045381" level="INFO">/opt/hostedtoolcache/Python/3.12.4/x64/lib/python3.12/site-packages/urllib3/connectionpool.py:1099: InsecureRequestWarning: Unverified HTTPS request is being made to host 'randomuser.me'. Adding certificate verification is strongly advised. See: https://urllib3.readthedocs.io/en/latest/advanced-usage.html#tls-warnings
  warnings.warn(</msg>
<msg time="2024-07-27T15:14:46.045462" level="INFO">${response} = &lt;Response [200]&gt;</msg>
<var>${response}</var>
<arg>consultarAPI</arg>
<arg>/api</arg>
<doc>Sends a GET request on a previously created HTTP Session.</doc>
<status status="PASS" start="2024-07-27T15:14:45.969092" elapsed="0.076410"/>
</kw>
<kw name="Set Variable" owner="BuiltIn">
<msg time="2024-07-27T15:14:46.046590" level="INFO">${json_data} = {'results': [{'gender': 'male', 'name': {'title': 'Mr', 'first': 'Carter', 'last': 'Henderson'}, 'location': {'street': {'number': 7672, 'name': 'Galway Road'}, 'city': 'Tullow', 'state': 'Donegal', '...</msg>
<var>${json_data}</var>
<arg>${response.json()}</arg>
<doc>Returns the given values which can then be assigned to a variables.</doc>
<status status="PASS" start="2024-07-27T15:14:46.045962" elapsed="0.000656"/>
</kw>
<kw name="Log" owner="BuiltIn">
<msg time="2024-07-27T15:14:46.047073" level="INFO">{'results': [{'gender': 'male', 'name': {'title': 'Mr', 'first': 'Carter', 'last': 'Henderson'}, 'location': {'street': {'number': 7672, 'name': 'Galway Road'}, 'city': 'Tullow', 'state': 'Donegal', 'country': 'Ireland', 'postcode': 28215, 'coordinates': {'latitude': '1.4776', 'longitude': '-7.9282'}, 'timezone': {'offset': '-11:00', 'description': 'Midway Island, Samoa'}}, 'email': 'carter.henderson@example.com', 'login': {'uuid': '260c2f23-5440-48a6-b78a-df1a43562a33', 'username': 'lazymouse856', 'password': 'jason1', 'salt': 'wstcGNAn', 'md5': '39edd119130b9ebdb4d8b4ce6c1de456', 'sha1': 'd6ef0e344880e1b8332095ee8608bc47026b4f95', 'sha256': 'a0c6f0259112f94fa28c1901d9e437e889b36ecac79f71db4997ee23823cbef8'}, 'dob': {'date': '1999-07-03T16:17:17.526Z', 'age': 25}, 'registered': {'date': '2004-03-11T19:58:51.812Z', 'age': 20}, 'phone': '031-234-1622', 'cell': '081-162-1887', 'id': {'name': 'PPS', 'value': '4439135T'}, 'picture': {'large': 'https://randomuser.me/api/portraits/men/63.jpg', 'medium': 'https://randomuser.me/api/portraits/med/men/63.jpg', 'thumbnail': 'https://randomuser.me/api/portraits/thumb/men/63.jpg'}, 'nat': 'IE'}], 'info': {'seed': 'cf7ddef46a5a626f', 'results': 1, 'page': 1, 'version': '1.4'}}</msg>
<arg>${json_data}</arg>
<doc>Logs the given message with the given level.</doc>
<status status="PASS" start="2024-07-27T15:14:46.046921" elapsed="0.000198"/>
</kw>
<kw name="Should Be String" owner="String">
<arg>${json_data['results'][0]['gender']}</arg>
<doc>Fails if the given ``item`` is not a string.</doc>
<status status="PASS" start="2024-07-27T15:14:46.047411" elapsed="0.000367"/>
</kw>
<kw name="Should Match Regexp" owner="BuiltIn">
<arg>${json_data['results'][0]['email']}</arg>
<arg>^[a-zA-Z0-9._%+-]+@[a-zA-Z0-9.-]+\.[a-zA-Z]{2,}$</arg>
<doc>Fails if ``string`` does not match ``pattern`` as a regular expression.</doc>
<status status="PASS" start="2024-07-27T15:14:46.047968" elapsed="0.000510"/>
</kw>
<kw name="Should Match Regexp" owner="BuiltIn">
<arg>${json_data['results'][0]['dob']['date']}</arg>
<arg>\\d{4}-\\d{2}-\\d{2}T\\d{2}:\\d{2}:\\d{2}\\.\\d{3}Z</arg>
<doc>Fails if ``string`` does not match ``pattern`` as a regular expression.</doc>
<status status="PASS" start="2024-07-27T15:14:46.048705" elapsed="0.000600"/>
</kw>
<kw name="Should Match Regexp" owner="BuiltIn">
<arg>${json_data['results'][0]['registered']['date']}</arg>
<arg>\\d{4}-\\d{2}-\\d{2}T\\d{2}:\\d{2}:\\d{2}\\.\\d{3}Z</arg>
<doc>Fails if ``string`` does not match ``pattern`` as a regular expression.</doc>
<status status="PASS" start="2024-07-27T15:14:46.049499" elapsed="0.000371"/>
</kw>
<kw name="Should Match Regexp" owner="BuiltIn">
<arg>${json_data['results'][0]['picture']['large']}</arg>
<arg>^https?://.*\.(?:png|jpe?g|gif|bmp)$</arg>
<doc>Fails if ``string`` does not match ``pattern`` as a regular expression.</doc>
<status status="PASS" start="2024-07-27T15:14:46.050065" elapsed="0.000502"/>
</kw>
<kw name="Should Match Regexp" owner="BuiltIn">
<arg>${json_data['results'][0]['picture']['medium']}</arg>
<arg>^https?://.*\.(?:png|jpe?g|gif|bmp)$</arg>
<doc>Fails if ``string`` does not match ``pattern`` as a regular expression.</doc>
<status status="PASS" start="2024-07-27T15:14:46.050761" elapsed="0.000368"/>
</kw>
<kw name="Should Match Regexp" owner="BuiltIn">
<arg>${json_data['results'][0]['picture']['thumbnail']}</arg>
<arg>^https?://.*\.(?:png|jpe?g|gif|bmp)$</arg>
<doc>Fails if ``string`` does not match ``pattern`` as a regular expression.</doc>
<status status="PASS" start="2024-07-27T15:14:46.051313" elapsed="0.000353"/>
</kw>
<kw name="Log" owner="BuiltIn">
<msg time="2024-07-27T15:14:46.052170" level="INFO">{'large': 'https://randomuser.me/api/portraits/men/63.jpg', 'medium': 'https://randomuser.me/api/portraits/med/men/63.jpg', 'thumbnail': 'https://randomuser.me/api/portraits/thumb/men/63.jpg'}</msg>
<arg>${json_data['results'][0]['picture']}</arg>
<doc>Logs the given message with the given level.</doc>
<status status="PASS" start="2024-07-27T15:14:46.051846" elapsed="0.000367"/>
</kw>
<status status="PASS" start="2024-07-27T15:14:45.968873" elapsed="0.083594"/>
</kw>
<kw name="Teste de Tipos de Dados - Postcode" owner="random-user-service">
<kw name="GET On Session" owner="RequestsLibrary">
<msg time="2024-07-27T15:14:46.144580" level="INFO">GET Request : url=https://randomuser.me/api 
 path_url=/api 
 headers={'User-Agent': 'python-requests/2.32.3', 'Accept-Encoding': 'gzip, deflate', 'Accept': '*/*', 'Connection': 'keep-alive'} 
 body=None 
 </msg>
<msg time="2024-07-27T15:14:46.144657" level="INFO">GET Response : url=https://randomuser.me/api 
 status=200, reason=OK 
 headers={'Date': 'Sat, 27 Jul 2024 15:14:46 GMT', 'Content-Type': 'application/json; charset=utf-8', 'Transfer-Encoding': 'chunked', 'Connection': 'keep-alive', 'X-Powered-By': 'Express', 'Access-Control-Allow-Origin': '*', 'Cache-Control': 'no-cache', 'ETag': 'W/"4b5-jAV/AWVHoJ/HSfR/IwbIMDjEmG4"', 'Vary': 'Accept-Encoding', 'Content-Encoding': 'gzip', 'CF-Cache-Status': 'DYNAMIC', 'Report-To': '{"endpoints":[{"url":"https:\\/\\/a.nel.cloudflare.com\\/report\\/v4?s=e3vsyqCmED5ST1cStnhshlW0Mnh7hUMfyEYDacK3PzbArisMy4JChymuMBLcahcvihoT9Z6qa5q8euMI4x%2BP3gv2PA0gcr1CEh%2BiqGFhCr5Y9zT0YRxgOe1oKRmn4cfD"}],"group":"cf-nel","max_age":604800}', 'NEL': '{"success_fraction":0,"report_to":"cf-nel","max_age":604800}', 'Server': 'cloudflare', 'CF-RAY': '8a9d94bdde9305c6-IAD', 'alt-svc': 'h3=":443"; ma=86400'} 
 body={"results":[{"gender":"male","name":{"title":"Monsieur","first":"Dennis","last":"Lopez"},"location":{"street":{"number":2506,"name":"Place du 8 Février 1962"},"city":"Zwieselberg","state":"Basel-Stadt","country":"Switzerland","postcode":3762,"coordinates":{"latitude":"-63.8824","longitude":"-150.6594"},"timezone":{"offset":"-5:00","description":"Eastern Time (US &amp; Canada), Bogota, Lima"}},"email":"dennis.lopez@example.com","login":{"uuid":"39444f24-db02-4064-88e9-7fb641edd8a8","username":"tinymeercat516","password":"liverpool","salt":"ZQbjcArV","md5":"0113cf767f47580fd2584a946773dcef","sha1":"f5daf7adfdcc68e228efac4676ea8b438a759db0","sha256":"31da10f9810f160ca404391f9e48b9745eeaeb8a4077c3145d3174ec89d81022"},"dob":{"date":"1999-07-14T03:34:16.962Z","age":25},"registered":{"date":"2016-08-02T23:50:33.472Z","age":7},"phone":"075 988 56 56","cell":"076 338 72 75","id":{"name":"AVS","value":"756.1358.6305.71"},"picture":{"large":"https://randomuser.me/api/portraits/men/39.jpg","medium":"https://randomuser.me/api/portraits/med/men/39.jpg","thumbnail":"https://randomuser.me/api/portraits/thumb/men/39.jpg"},"nat":"CH"}],"info":{"seed":"5b1f6c2a8faf5d51","results":1,"page":1,"version":"1.4"}} 
 </msg>
<msg time="2024-07-27T15:14:46.144727" level="INFO">/opt/hostedtoolcache/Python/3.12.4/x64/lib/python3.12/site-packages/urllib3/connectionpool.py:1099: InsecureRequestWarning: Unverified HTTPS request is being made to host 'randomuser.me'. Adding certificate verification is strongly advised. See: https://urllib3.readthedocs.io/en/latest/advanced-usage.html#tls-warnings
  warnings.warn(</msg>
<msg time="2024-07-27T15:14:46.144837" level="INFO">${response} = &lt;Response [200]&gt;</msg>
<var>${response}</var>
<arg>consultarAPI</arg>
<arg>/api</arg>
<doc>Sends a GET request on a previously created HTTP Session.</doc>
<status status="PASS" start="2024-07-27T15:14:46.052899" elapsed="0.091987"/>
</kw>
<kw name="Set Variable" owner="BuiltIn">
<msg time="2024-07-27T15:14:46.145996" level="INFO">${json_data} = {'results': [{'gender': 'male', 'name': {'title': 'Monsieur', 'first': 'Dennis', 'last': 'Lopez'}, 'location': {'street': {'number': 2506, 'name': 'Place du 8 Février 1962'}, 'city': 'Zwieselberg', 's...</msg>
<var>${json_data}</var>
<arg>${response.json()}</arg>
<doc>Returns the given values which can then be assigned to a variables.</doc>
<status status="PASS" start="2024-07-27T15:14:46.145426" elapsed="0.000599"/>
</kw>
<kw name="Log" owner="BuiltIn">
<msg time="2024-07-27T15:14:46.146533" level="INFO">{'results': [{'gender': 'male', 'name': {'title': 'Monsieur', 'first': 'Dennis', 'last': 'Lopez'}, 'location': {'street': {'number': 2506, 'name': 'Place du 8 Février 1962'}, 'city': 'Zwieselberg', 'state': 'Basel-Stadt', 'country': 'Switzerland', 'postcode': 3762, 'coordinates': {'latitude': '-63.8824', 'longitude': '-150.6594'}, 'timezone': {'offset': '-5:00', 'description': 'Eastern Time (US &amp; Canada), Bogota, Lima'}}, 'email': 'dennis.lopez@example.com', 'login': {'uuid': '39444f24-db02-4064-88e9-7fb641edd8a8', 'username': 'tinymeercat516', 'password': 'liverpool', 'salt': 'ZQbjcArV', 'md5': '0113cf767f47580fd2584a946773dcef', 'sha1': 'f5daf7adfdcc68e228efac4676ea8b438a759db0', 'sha256': '31da10f9810f160ca404391f9e48b9745eeaeb8a4077c3145d3174ec89d81022'}, 'dob': {'date': '1999-07-14T03:34:16.962Z', 'age': 25}, 'registered': {'date': '2016-08-02T23:50:33.472Z', 'age': 7}, 'phone': '075 988 56 56', 'cell': '076 338 72 75', 'id': {'name': 'AVS', 'value': '756.1358.6305.71'}, 'picture': {'large': 'https://randomuser.me/api/portraits/men/39.jpg', 'medium': 'https://randomuser.me/api/portraits/med/men/39.jpg', 'thumbnail': 'https://randomuser.me/api/portraits/thumb/men/39.jpg'}, 'nat': 'CH'}], 'info': {'seed': '5b1f6c2a8faf5d51', 'results': 1, 'page': 1, 'version': '1.4'}}</msg>
<arg>${json_data}</arg>
<doc>Logs the given message with the given level.</doc>
<status status="PASS" start="2024-07-27T15:14:46.146332" elapsed="0.000251"/>
</kw>
<kw name="Should Be Equal As Numbers" owner="BuiltIn">
<arg>${json_data['results'][0]['location']['postcode']}</arg>
<arg>${json_data['results'][0]['location']['postcode']}</arg>
<doc>Fails if objects are unequal after converting them to real numbers.</doc>
<status status="PASS" start="2024-07-27T15:14:46.146884" elapsed="0.000631"/>
</kw>
<kw name="Log" owner="BuiltIn">
<msg time="2024-07-27T15:14:46.148049" level="INFO">3762</msg>
<arg>${json_data['results'][0]['location']['postcode']}</arg>
<doc>Logs the given message with the given level.</doc>
<status status="PASS" start="2024-07-27T15:14:46.147709" elapsed="0.000412"/>
</kw>
<status status="PASS" start="2024-07-27T15:14:46.052677" elapsed="0.095702"/>
</kw>
<doc>Testa se os tipos de dados na resposta da API estão corretos.</doc>
<tag>testeTiposDados</tag>
<status status="PASS" start="2024-07-27T15:14:45.968431" elapsed="0.180105"/>
</test>
<test id="s1-s1-t5" name="Validar conteudo" line="35">
<kw name="Teste de Tipos de Conteudo" owner="random-user-service">
<kw name="GET On Session" owner="RequestsLibrary">
<msg time="2024-07-27T15:14:46.247573" level="INFO">GET Request : url=https://randomuser.me/api 
 path_url=/api 
 headers={'User-Agent': 'python-requests/2.32.3', 'Accept-Encoding': 'gzip, deflate', 'Accept': '*/*', 'Connection': 'keep-alive'} 
 body=None 
 </msg>
<msg time="2024-07-27T15:14:46.247654" level="INFO">GET Response : url=https://randomuser.me/api 
 status=200, reason=OK 
 headers={'Date': 'Sat, 27 Jul 2024 15:14:46 GMT', 'Content-Type': 'application/json; charset=utf-8', 'Transfer-Encoding': 'chunked', 'Connection': 'keep-alive', 'X-Powered-By': 'Express', 'Access-Control-Allow-Origin': '*', 'Cache-Control': 'no-cache', 'ETag': 'W/"49d-UxuCx0bjsGHZ6XmfMYgTICaJTWw"', 'Vary': 'Accept-Encoding', 'Content-Encoding': 'gzip', 'CF-Cache-Status': 'DYNAMIC', 'Report-To': '{"endpoints":[{"url":"https:\\/\\/a.nel.cloudflare.com\\/report\\/v4?s=vYkb%2Fn87%2F0Pdrgh%2FiBhLQkAl9esOV9RRlsa9ehLjJMpDY9llOsF8JeLUcegpAx6OpBwNbE0o9OTdkC7OG7hwqEcTbKb6A%2B69moBV27J1iQPg3c1w7KFxFXj12szT%2BUUn"}],"group":"cf-nel","max_age":604800}', 'NEL': '{"success_fraction":0,"report_to":"cf-nel","max_age":604800}', 'Server': 'cloudflare', 'CF-RAY': '8a9d94be7f0505c6-IAD', 'alt-svc': 'h3=":443"; ma=86400'} 
 body={"results":[{"gender":"male","name":{"title":"Mr","first":"Loïs","last":"Lemoine"},"location":{"street":{"number":8937,"name":"Rue Victor-Hugo"},"city":"Argenteuil","state":"Tarn-et-Garonne","country":"France","postcode":59923,"coordinates":{"latitude":"-17.9145","longitude":"-21.9758"},"timezone":{"offset":"-3:00","description":"Brazil, Buenos Aires, Georgetown"}},"email":"lois.lemoine@example.com","login":{"uuid":"885ef0e8-2638-4b1e-b652-c59f506b44e4","username":"greencat818","password":"glasgow","salt":"kBoHSf60","md5":"08b622e1568888de9835d521329f7e6e","sha1":"79e9fdc78c573b2ae6cf25414511040c70426ed4","sha256":"052bef5bdd5833a9430ab4c13ef51df69eec5f500d9c59f79f9635883d629d44"},"dob":{"date":"1962-10-26T08:41:58.463Z","age":61},"registered":{"date":"2013-12-06T02:57:23.764Z","age":10},"phone":"02-03-63-29-25","cell":"06-77-21-49-74","id":{"name":"INSEE","value":"1620973578528 12"},"picture":{"large":"https://randomuser.me/api/portraits/men/97.jpg","medium":"https://randomuser.me/api/portraits/med/men/97.jpg","thumbnail":"https://randomuser.me/api/portraits/thumb/men/97.jpg"},"nat":"FR"}],"info":{"seed":"12b3a5045697d2ab","results":1,"page":1,"version":"1.4"}} 
 </msg>
<msg time="2024-07-27T15:14:46.247710" level="INFO">/opt/hostedtoolcache/Python/3.12.4/x64/lib/python3.12/site-packages/urllib3/connectionpool.py:1099: InsecureRequestWarning: Unverified HTTPS request is being made to host 'randomuser.me'. Adding certificate verification is strongly advised. See: https://urllib3.readthedocs.io/en/latest/advanced-usage.html#tls-warnings
  warnings.warn(</msg>
<msg time="2024-07-27T15:14:46.247798" level="INFO">${response} = &lt;Response [200]&gt;</msg>
<var>${response}</var>
<arg>consultarAPI</arg>
<arg>/api</arg>
<doc>Sends a GET request on a previously created HTTP Session.</doc>
<status status="PASS" start="2024-07-27T15:14:46.151012" elapsed="0.096827"/>
</kw>
<kw name="Set Variable" owner="BuiltIn">
<msg time="2024-07-27T15:14:46.248863" level="INFO">${json_data} = {'results': [{'gender': 'male', 'name': {'title': 'Mr', 'first': 'Loïs', 'last': 'Lemoine'}, 'location': {'street': {'number': 8937, 'name': 'Rue Victor-Hugo'}, 'city': 'Argenteuil', 'state': 'Tarn-et...</msg>
<var>${json_data}</var>
<arg>${response.json()}</arg>
<doc>Returns the given values which can then be assigned to a variables.</doc>
<status status="PASS" start="2024-07-27T15:14:46.248290" elapsed="0.000602"/>
</kw>
<kw name="Set Variable" owner="BuiltIn">
<msg time="2024-07-27T15:14:46.249584" level="INFO">${name_title} = Mr</msg>
<var>${name_title}</var>
<arg>${json_data["results"][0]["name"]["title"]}</arg>
<doc>Returns the given values which can then be assigned to a variables.</doc>
<status status="PASS" start="2024-07-27T15:14:46.249201" elapsed="0.000409"/>
</kw>
<kw name="Create List" owner="BuiltIn">
<msg time="2024-07-27T15:14:46.250055" level="INFO">${allowed_titles} = ['Mr', 'Ms', 'Miss', 'Mrs', 'Madame', 'Monsieur']</msg>
<var>${allowed_titles}</var>
<arg>Mr</arg>
<arg>Ms</arg>
<arg>Miss</arg>
<arg>Mrs</arg>
<arg>Madame</arg>
<arg>Monsieur</arg>
<doc>Returns a list containing given items.</doc>
<status status="PASS" start="2024-07-27T15:14:46.249903" elapsed="0.000177"/>
</kw>
<kw name="List Should Contain Value" owner="Collections">
<arg>${allowed_titles}</arg>
<arg>${name_title}</arg>
<doc>Fails if the ``value`` is not found from ``list``.</doc>
<status status="PASS" start="2024-07-27T15:14:46.250400" elapsed="0.000198"/>
</kw>
<kw name="Set Variable" owner="BuiltIn">
<msg time="2024-07-27T15:14:46.251163" level="INFO">${name_country} = FR</msg>
<var>${name_country}</var>
<arg>${json_data["results"][0]["nat"]}</arg>
<doc>Returns the given values which can then be assigned to a variables.</doc>
<status status="PASS" start="2024-07-27T15:14:46.250782" elapsed="0.000406"/>
</kw>
<kw name="Create List" owner="BuiltIn">
<msg time="2024-07-27T15:14:46.252073" level="INFO">${list_country} = ['AD', 'AE', 'AF', 'AG', 'AI', 'AL', 'AM', 'AO', 'AQ', 'AR', 'AS', 'AT', 'AU', 'AW', 'AX', 'AZ', 'BA', 'BB', 'BD', 'BE', 'BF', 'BG', 'BH', 'BI', 'BJ', 'BL', 'BM', 'BN', 'BO', 'BQ', 'BR', 'BS', 'BT', '...</msg>
<var>${list_country}</var>
<arg>AD</arg>
<arg>AE</arg>
<arg>AF</arg>
<arg>AG</arg>
<arg>AI</arg>
<arg>AL</arg>
<arg>AM</arg>
<arg>AO</arg>
<arg>AQ</arg>
<arg>AR</arg>
<arg>AS</arg>
<arg>AT</arg>
<arg>AU</arg>
<arg>AW</arg>
<arg>AX</arg>
<arg>AZ</arg>
<arg>BA</arg>
<arg>BB</arg>
<arg>BD</arg>
<arg>BE</arg>
<arg>BF</arg>
<arg>BG</arg>
<arg>BH</arg>
<arg>BI</arg>
<arg>BJ</arg>
<arg>BL</arg>
<arg>BM</arg>
<arg>BN</arg>
<arg>BO</arg>
<arg>BQ</arg>
<arg>BR</arg>
<arg>BS</arg>
<arg>BT</arg>
<arg>BV</arg>
<arg>BW</arg>
<arg>BY</arg>
<arg>BZ</arg>
<arg>CA</arg>
<arg>CC</arg>
<arg>CD</arg>
<arg>CF</arg>
<arg>CG</arg>
<arg>CH</arg>
<arg>CI</arg>
<arg>CK</arg>
<arg>CL</arg>
<arg>CM</arg>
<arg>CN</arg>
<arg>CO</arg>
<arg>CR</arg>
<arg>CU</arg>
<arg>CV</arg>
<arg>CW</arg>
<arg>CX</arg>
<arg>CY</arg>
<arg>CZ</arg>
<arg>DE</arg>
<arg>DJ</arg>
<arg>DK</arg>
<arg>DM</arg>
<arg>DO</arg>
<arg>DZ</arg>
<arg>EC</arg>
<arg>EE</arg>
<arg>EG</arg>
<arg>EH</arg>
<arg>ER</arg>
<arg>ES</arg>
<arg>ET</arg>
<arg>FI</arg>
<arg>FJ</arg>
<arg>FK</arg>
<arg>FM</arg>
<arg>FO</arg>
<arg>FR</arg>
<arg>GA</arg>
<arg>GB</arg>
<arg>GD</arg>
<arg>GE</arg>
<arg>GF</arg>
<arg>GG</arg>
<arg>GH</arg>
<arg>GI</arg>
<arg>GL</arg>
<arg>GM</arg>
<arg>GN</arg>
<arg>GP</arg>
<arg>GQ</arg>
<arg>GR</arg>
<arg>GS</arg>
<arg>GT</arg>
<arg>GU</arg>
<arg>GW</arg>
<arg>GY</arg>
<arg>HK</arg>
<arg>HM</arg>
<arg>HN</arg>
<arg>HR</arg>
<arg>HT</arg>
<arg>HU</arg>
<arg>ID</arg>
<arg>IE</arg>
<arg>IL</arg>
<arg>IM</arg>
<arg>IN</arg>
<arg>IO</arg>
<arg>IQ</arg>
<arg>IR</arg>
<arg>IS</arg>
<arg>IT</arg>
<arg>JE</arg>
<arg>JM</arg>
<arg>JO</arg>
<arg>JP</arg>
<arg>KE</arg>
<arg>KG</arg>
<arg>KH</arg>
<arg>KI</arg>
<arg>KM</arg>
<arg>KN</arg>
<arg>KP</arg>
<arg>KR</arg>
<arg>KW</arg>
<arg>KY</arg>
<arg>KZ</arg>
<arg>LA</arg>
<arg>LB</arg>
<arg>LC</arg>
<arg>LI</arg>
<arg>LK</arg>
<arg>LR</arg>
<arg>LS</arg>
<arg>LT</arg>
<arg>LU</arg>
<arg>LV</arg>
<arg>LY</arg>
<arg>MA</arg>
<arg>MC</arg>
<arg>MD</arg>
<arg>ME</arg>
<arg>MF</arg>
<arg>MG</arg>
<arg>MH</arg>
<arg>MK</arg>
<arg>ML</arg>
<arg>MM</arg>
<arg>MN</arg>
<arg>MO</arg>
<arg>MP</arg>
<arg>MQ</arg>
<arg>MR</arg>
<arg>MS</arg>
<arg>MT</arg>
<arg>MU</arg>
<arg>MV</arg>
<arg>MW</arg>
<arg>MX</arg>
<arg>MY</arg>
<arg>MZ</arg>
<arg>NA</arg>
<arg>NC</arg>
<arg>NE</arg>
<arg>NF</arg>
<arg>NG</arg>
<arg>NI</arg>
<arg>NL</arg>
<arg>NO</arg>
<arg>NP</arg>
<arg>NR</arg>
<arg>NU</arg>
<arg>NZ</arg>
<arg>OM</arg>
<arg>PA</arg>
<arg>PE</arg>
<arg>PF</arg>
<arg>PG</arg>
<arg>PH</arg>
<arg>PK</arg>
<arg>PL</arg>
<arg>PM</arg>
<arg>PN</arg>
<arg>PR</arg>
<arg>PS</arg>
<arg>PT</arg>
<arg>PW</arg>
<arg>PY</arg>
<arg>QA</arg>
<arg>RE</arg>
<arg>RO</arg>
<arg>RS</arg>
<arg>RU</arg>
<arg>RW</arg>
<arg>SA</arg>
<arg>SB</arg>
<arg>SC</arg>
<arg>SD</arg>
<arg>SE</arg>
<arg>SG</arg>
<arg>SH</arg>
<arg>SI</arg>
<arg>SJ</arg>
<arg>SK</arg>
<arg>SL</arg>
<arg>SM</arg>
<arg>SN</arg>
<arg>SO</arg>
<arg>SR</arg>
<arg>SS</arg>
<arg>ST</arg>
<arg>SV</arg>
<arg>SX</arg>
<arg>SY</arg>
<arg>SZ</arg>
<arg>TC</arg>
<arg>TD</arg>
<arg>TF</arg>
<arg>TG</arg>
<arg>TH</arg>
<arg>TJ</arg>
<arg>TK</arg>
<arg>TL</arg>
<arg>TM</arg>
<arg>TN</arg>
<arg>TO</arg>
<arg>TR</arg>
<arg>TT</arg>
<arg>TV</arg>
<arg>TW</arg>
<arg>TZ</arg>
<arg>UA</arg>
<arg>UG</arg>
<arg>UM</arg>
<arg>US</arg>
<arg>UY</arg>
<arg>UZ</arg>
<arg>VA</arg>
<arg>VC</arg>
<arg>VE</arg>
<arg>VG</arg>
<arg>VI</arg>
<arg>VN</arg>
<arg>VU</arg>
<arg>WF</arg>
<arg>WS</arg>
<arg>XK</arg>
<arg>YE</arg>
<arg>YT</arg>
<arg>ZA</arg>
<arg>ZM</arg>
<arg>ZW</arg>
<doc>Returns a list containing given items.</doc>
<status status="PASS" start="2024-07-27T15:14:46.251477" elapsed="0.000623"/>
</kw>
<kw name="List Should Contain Value" owner="Collections">
<arg>${list_country}</arg>
<arg>${name_country}</arg>
<doc>Fails if the ``value`` is not found from ``list``.</doc>
<status status="PASS" start="2024-07-27T15:14:46.253032" elapsed="0.000222"/>
</kw>
<kw name="Run Keyword If" owner="BuiltIn">
<kw name="Should Be True" owner="BuiltIn">
<arg>${True}</arg>
<doc>Fails if the given condition is not true.</doc>
<status status="PASS" start="2024-07-27T15:14:46.254197" elapsed="0.000143"/>
</kw>
<arg>${json_data["results"][0]["location"]["coordinates"]["latitude"]} &gt;= -90 and ${json_data["results"][0]["location"]["coordinates"]["latitude"]} &lt;= 90</arg>
<arg>Should Be True</arg>
<arg>${True}</arg>
<doc>Runs the given keyword with the given arguments, if ``condition`` is true.</doc>
<status status="PASS" start="2024-07-27T15:14:46.253454" elapsed="0.001055"/>
</kw>
<kw name="Run Keyword If" owner="BuiltIn">
<kw name="Should Be True" owner="BuiltIn">
<arg>${True}</arg>
<doc>Fails if the given condition is not true.</doc>
<status status="PASS" start="2024-07-27T15:14:46.255387" elapsed="0.000136"/>
</kw>
<arg>${json_data["results"][0]["location"]["coordinates"]["longitude"]} &gt;= -180 and ${json_data["results"][0]["location"]["coordinates"]["longitude"]} &lt;= 180</arg>
<arg>Should Be True</arg>
<arg>${True}</arg>
<doc>Runs the given keyword with the given arguments, if ``condition`` is true.</doc>
<status status="PASS" start="2024-07-27T15:14:46.254694" elapsed="0.000951"/>
</kw>
<status status="PASS" start="2024-07-27T15:14:46.150792" elapsed="0.104982"/>
</kw>
<doc>Testa o conteúdo específico dos campos retornados pela API.</doc>
<tag>testeConteudo</tag>
<status status="PASS" start="2024-07-27T15:14:46.150267" elapsed="0.105656"/>
</test>
<status status="PASS" start="2024-07-27T15:14:45.426580" elapsed="0.831253"/>
</suite>
<status status="PASS" start="2024-07-27T15:14:45.412275" elapsed="0.850621"/>
</suite>
<statistics>
<total>
<stat pass="5" fail="0" skip="0">All Tests</stat>
</total>
<tag>
<stat pass="1" fail="0" skip="0">testeConteudo</stat>
<stat pass="1" fail="0" skip="0">testeEstruturaResposta</stat>
<stat pass="1" fail="0" skip="0">testeRequisicaoBasica</stat>
<stat pass="1" fail="0" skip="0">testeTiposDados</stat>
</tag>
<suite>
<stat pass="5" fail="0" skip="0" id="s1" name="Tests">Tests</stat>
<stat pass="5" fail="0" skip="0" id="s1-s1" name="Random-User-Test">Tests.Random-User-Test</stat>
</suite>
</statistics>
<errors>
</errors>
</robot>
