<?xml version="1.0" encoding="UTF-8"?>
<robot generator="Robot 7.0.1 (Python 3.12.3 on linux)" generated="2024-06-16T12:27:02.358892" rpa="false" schemaversion="5">
<suite id="s1" name="Tests" source="/home/runner/work/ApiRandomUser/ApiRandomUser/RamdonUser/tests">
<suite id="s1-s1" name="Random-User-Test" source="/home/runner/work/ApiRandomUser/ApiRandomUser/RamdonUser/tests/random-user-test.robot">
<test id="s1-s1-t1" name="Conectar" line="13">
<kw name="Conectar API" owner="random-user-service">
<kw name="Create Session" owner="RequestsLibrary">
<msg time="2024-06-16T12:27:02.803072" level="INFO">Creating Session using : alias=consultarAPI, url=https://randomuser.me/, headers={},                     cookies={}, auth=None, timeout=None, proxies=None, verify=False,                     debug=0 </msg>
<arg>consultarAPI</arg>
<arg>${URL}</arg>
<doc>Create Session: create a HTTP session to a server</doc>
<status status="PASS" start="2024-06-16T12:27:02.802863" elapsed="0.000400"/>
</kw>
<status status="PASS" start="2024-06-16T12:27:02.801866" elapsed="0.001789"/>
</kw>
<status status="PASS" start="2024-06-16T12:27:02.801208" elapsed="0.002659"/>
</test>
<test id="s1-s1-t2" name="Validar retorno 200 e JSON Válido" line="16">
<kw name="Teste de Requisicao Basica" owner="random-user-service">
<kw name="GET On Session" owner="RequestsLibrary">
<msg time="2024-06-16T12:27:03.051754" level="INFO">GET Request : url=https://randomuser.me/api 
 path_url=/api 
 headers={'User-Agent': 'python-requests/2.32.3', 'Accept-Encoding': 'gzip, deflate', 'Accept': '*/*', 'Connection': 'keep-alive'} 
 body=None 
 </msg>
<msg time="2024-06-16T12:27:03.051913" level="INFO">GET Response : url=https://randomuser.me/api 
 status=200, reason=OK 
 headers={'Date': 'Sun, 16 Jun 2024 12:27:03 GMT', 'Content-Type': 'application/json; charset=utf-8', 'Transfer-Encoding': 'chunked', 'Connection': 'keep-alive', 'X-Powered-By': 'Express', 'Access-Control-Allow-Origin': '*', 'Cache-Control': 'no-cache', 'ETag': 'W/"488-OMlZmJ5rKMs5UYxv/AqzLWL8/XI"', 'Vary': 'Accept-Encoding', 'Content-Encoding': 'gzip', 'CF-Cache-Status': 'DYNAMIC', 'Report-To': '{"endpoints":[{"url":"https:\\/\\/a.nel.cloudflare.com\\/report\\/v4?s=Yzel%2F%2B%2FO5zVoTiq8b%2BuZp86T1Ky3M1WtMvXD3OUqolHZMt19XaPH8KyT47UUBsKE7vxg1CGodi7Dle9YrhzYhJ0bm115c%2BNcfVvjyiwaS5Qnnm7MdqK%2Bfw9UA4vx51sn"}],"group":"cf-nel","max_age":604800}', 'NEL': '{"success_fraction":0,"report_to":"cf-nel","max_age":604800}', 'Server': 'cloudflare', 'CF-RAY': '894acaaebebc67a2-SJC', 'alt-svc': 'h3=":443"; ma=86400'} 
 body={"results":[{"gender":"male","name":{"title":"Mr","first":"Anand","last":"Shukla"},"location":{"street":{"number":3270,"name":"China Bazaar Rd"},"city":"Ichalkaranji","state":"Bihar","country":"India","postcode":17455,"coordinates":{"latitude":"11.6605","longitude":"-73.7124"},"timezone":{"offset":"+5:30","description":"Bombay, Calcutta, Madras, New Delhi"}},"email":"anand.shukla@example.com","login":{"uuid":"1eb52621-d057-40d6-aa1f-4d16a75d913d","username":"bigwolf373","password":"natasha","salt":"1auBb2xB","md5":"39dd711c151e2c5ca538fe9e4b9cb776","sha1":"220a2934c68ef7162c6ca3f9d3f9a6508314c89a","sha256":"a63a7ca8f8fee70decf88136181f023df7e06e852b776475f0bdd9f58228a3dd"},"dob":{"date":"1992-11-28T07:04:34.696Z","age":31},"registered":{"date":"2004-03-08T18:15:25.139Z","age":20},"phone":"8438602895","cell":"9118263921","id":{"name":"UIDAI","value":"563831123277"},"picture":{"large":"https://randomuser.me/api/portraits/men/42.jpg","medium":"https://randomuser.me/api/portraits/med/men/42.jpg","thumbnail":"https://randomuser.me/api/portraits/thumb/men/42.jpg"},"nat":"IN"}],"info":{"seed":"b93d3ca97accc04f","results":1,"page":1,"version":"1.4"}} 
 </msg>
<msg time="2024-06-16T12:27:03.052000" level="INFO">/opt/hostedtoolcache/Python/3.12.3/x64/lib/python3.12/site-packages/urllib3/connectionpool.py:1103: InsecureRequestWarning: Unverified HTTPS request is being made to host 'randomuser.me'. Adding certificate verification is strongly advised. See: https://urllib3.readthedocs.io/en/latest/advanced-usage.html#tls-warnings
  warnings.warn(</msg>
<msg time="2024-06-16T12:27:03.052151" level="INFO">${response} = &lt;Response [200]&gt;</msg>
<var>${response}</var>
<arg>consultarAPI</arg>
<arg>/api</arg>
<doc>Sends a GET request on a previously created HTTP Session.</doc>
<status status="PASS" start="2024-06-16T12:27:02.806558" elapsed="0.245636"/>
</kw>
<kw name="Should Be Equal As Numbers" owner="BuiltIn">
<msg time="2024-06-16T12:27:03.053191" level="INFO">Argument types are:
&lt;class 'int'&gt;
&lt;class 'str'&gt;</msg>
<arg>${response.status_code}</arg>
<arg>200</arg>
<doc>Fails if objects are unequal after converting them to real numbers.</doc>
<status status="PASS" start="2024-06-16T12:27:03.052732" elapsed="0.000528"/>
</kw>
<kw name="Log" owner="BuiltIn">
<msg time="2024-06-16T12:27:03.054097" level="INFO">200</msg>
<arg>${response.status_code}</arg>
<doc>Logs the given message with the given level.</doc>
<status status="PASS" start="2024-06-16T12:27:03.053630" elapsed="0.000530"/>
</kw>
<kw name="Set Variable" owner="BuiltIn">
<msg time="2024-06-16T12:27:03.054975" level="INFO">${json_data} = {'results': [{'gender': 'male', 'name': {'title': 'Mr', 'first': 'Anand', 'last': 'Shukla'}, 'location': {'street': {'number': 3270, 'name': 'China Bazaar Rd'}, 'city': 'Ichalkaranji', 'state': 'Bihar...</msg>
<var>${json_data}</var>
<arg>${response.json()}</arg>
<doc>Returns the given values which can then be assigned to a variables.</doc>
<status status="PASS" start="2024-06-16T12:27:03.054528" elapsed="0.000476"/>
</kw>
<kw name="Dictionary Should Contain Key" owner="Collections">
<arg>${json_data}</arg>
<arg>results</arg>
<doc>Fails if ``key`` is not found from ``dictionary``.</doc>
<status status="PASS" start="2024-06-16T12:27:03.055316" elapsed="0.000177"/>
</kw>
<status status="PASS" start="2024-06-16T12:27:02.806314" elapsed="0.249360"/>
</kw>
<doc>Testa se a API responde corretamente e retorna um objeto JSON válido.</doc>
<tag>testeRequisicaoBasica</tag>
<status status="PASS" start="2024-06-16T12:27:02.805753" elapsed="0.250109"/>
</test>
<test id="s1-s1-t3" name="Validar estrutura de resposta" line="22">
<kw name="Teste de Estrutura de Resposta" owner="random-user-service">
<kw name="GET On Session" owner="RequestsLibrary">
<msg time="2024-06-16T12:27:03.282779" level="INFO">GET Request : url=https://randomuser.me/api 
 path_url=/api 
 headers={'User-Agent': 'python-requests/2.32.3', 'Accept-Encoding': 'gzip, deflate', 'Accept': '*/*', 'Connection': 'keep-alive'} 
 body=None 
 </msg>
<msg time="2024-06-16T12:27:03.282883" level="INFO">GET Response : url=https://randomuser.me/api 
 status=200, reason=OK 
 headers={'Date': 'Sun, 16 Jun 2024 12:27:03 GMT', 'Content-Type': 'application/json; charset=utf-8', 'Transfer-Encoding': 'chunked', 'Connection': 'keep-alive', 'X-Powered-By': 'Express', 'Access-Control-Allow-Origin': '*', 'Cache-Control': 'no-cache', 'ETag': 'W/"49a-y8hGcWNE1WG5GCkko6t1ubcV7E0"', 'Vary': 'Accept-Encoding', 'Content-Encoding': 'gzip', 'CF-Cache-Status': 'DYNAMIC', 'Report-To': '{"endpoints":[{"url":"https:\\/\\/a.nel.cloudflare.com\\/report\\/v4?s=4jvUmVNkCWBEfrCVZoMZ9q2fnWxAnsvSs4hSK3kxSnTUtE8zkdpJGyv6bmiwIQ3tKnwEqVITvyRfsWoUPE3V%2BRuHSVyyaK9LwkiBLgSHzDC9ebbY1yOB9T%2BHdzNKmRwR"}],"group":"cf-nel","max_age":604800}', 'NEL': '{"success_fraction":0,"report_to":"cf-nel","max_age":604800}', 'Server': 'cloudflare', 'CF-RAY': '894acab02fa067a2-SJC', 'alt-svc': 'h3=":443"; ma=86400'} 
 body={"results":[{"gender":"female","name":{"title":"Miss","first":"Frida","last":"Thomsen"},"location":{"street":{"number":4779,"name":"Munkevænget"},"city":"Stoevring","state":"Syddanmark","country":"Denmark","postcode":94743,"coordinates":{"latitude":"-42.9525","longitude":"92.8521"},"timezone":{"offset":"0:00","description":"Western Europe Time, London, Lisbon, Casablanca"}},"email":"frida.thomsen@example.com","login":{"uuid":"5f3778cd-f40a-4656-8cee-015fe0f91b36","username":"whitebear174","password":"tatiana","salt":"saPzuyrX","md5":"c517b7bddf9874903ad4bf974ad63f4c","sha1":"3e204439da9e8ef894951597964227aa8d11e364","sha256":"f227e22d21e39735d8cb4b29dca7c28ced393ab3f6f1c3e077c46bed916016b5"},"dob":{"date":"1962-12-28T06:39:05.701Z","age":61},"registered":{"date":"2021-02-22T05:55:12.300Z","age":3},"phone":"09507149","cell":"05870505","id":{"name":"CPR","value":"281262-9547"},"picture":{"large":"https://randomuser.me/api/portraits/women/88.jpg","medium":"https://randomuser.me/api/portraits/med/women/88.jpg","thumbnail":"https://randomuser.me/api/portraits/thumb/women/88.jpg"},"nat":"DK"}],"info":{"seed":"ae6695944bb775d5","results":1,"page":1,"version":"1.4"}} 
 </msg>
<msg time="2024-06-16T12:27:03.283010" level="INFO">/opt/hostedtoolcache/Python/3.12.3/x64/lib/python3.12/site-packages/urllib3/connectionpool.py:1103: InsecureRequestWarning: Unverified HTTPS request is being made to host 'randomuser.me'. Adding certificate verification is strongly advised. See: https://urllib3.readthedocs.io/en/latest/advanced-usage.html#tls-warnings
  warnings.warn(</msg>
<msg time="2024-06-16T12:27:03.283134" level="INFO">${response} = &lt;Response [200]&gt;</msg>
<var>${response}</var>
<arg>consultarAPI</arg>
<arg>/api</arg>
<doc>Sends a GET request on a previously created HTTP Session.</doc>
<status status="PASS" start="2024-06-16T12:27:03.058529" elapsed="0.224644"/>
</kw>
<kw name="Set Variable" owner="BuiltIn">
<msg time="2024-06-16T12:27:03.284263" level="INFO">${json_data} = {'results': [{'gender': 'female', 'name': {'title': 'Miss', 'first': 'Frida', 'last': 'Thomsen'}, 'location': {'street': {'number': 4779, 'name': 'Munkevænget'}, 'city': 'Stoevring', 'state': 'Syddanm...</msg>
<var>${json_data}</var>
<arg>${response.json()}</arg>
<doc>Returns the given values which can then be assigned to a variables.</doc>
<status status="PASS" start="2024-06-16T12:27:03.283732" elapsed="0.000561"/>
</kw>
<kw name="Log" owner="BuiltIn">
<msg time="2024-06-16T12:27:03.284765" level="INFO">{'results': [{'gender': 'female', 'name': {'title': 'Miss', 'first': 'Frida', 'last': 'Thomsen'}, 'location': {'street': {'number': 4779, 'name': 'Munkevænget'}, 'city': 'Stoevring', 'state': 'Syddanmark', 'country': 'Denmark', 'postcode': 94743, 'coordinates': {'latitude': '-42.9525', 'longitude': '92.8521'}, 'timezone': {'offset': '0:00', 'description': 'Western Europe Time, London, Lisbon, Casablanca'}}, 'email': 'frida.thomsen@example.com', 'login': {'uuid': '5f3778cd-f40a-4656-8cee-015fe0f91b36', 'username': 'whitebear174', 'password': 'tatiana', 'salt': 'saPzuyrX', 'md5': 'c517b7bddf9874903ad4bf974ad63f4c', 'sha1': '3e204439da9e8ef894951597964227aa8d11e364', 'sha256': 'f227e22d21e39735d8cb4b29dca7c28ced393ab3f6f1c3e077c46bed916016b5'}, 'dob': {'date': '1962-12-28T06:39:05.701Z', 'age': 61}, 'registered': {'date': '2021-02-22T05:55:12.300Z', 'age': 3}, 'phone': '09507149', 'cell': '05870505', 'id': {'name': 'CPR', 'value': '281262-9547'}, 'picture': {'large': 'https://randomuser.me/api/portraits/women/88.jpg', 'medium': 'https://randomuser.me/api/portraits/med/women/88.jpg', 'thumbnail': 'https://randomuser.me/api/portraits/thumb/women/88.jpg'}, 'nat': 'DK'}], 'info': {'seed': 'ae6695944bb775d5', 'results': 1, 'page': 1, 'version': '1.4'}}</msg>
<arg>${json_data}</arg>
<doc>Logs the given message with the given level.</doc>
<status status="PASS" start="2024-06-16T12:27:03.284601" elapsed="0.000222"/>
</kw>
<kw name="Dictionary Should Contain Key" owner="Collections">
<arg>${json_data}</arg>
<arg>results</arg>
<doc>Fails if ``key`` is not found from ``dictionary``.</doc>
<status status="PASS" start="2024-06-16T12:27:03.285120" elapsed="0.000158"/>
</kw>
<kw name="Should Not Be Empty" owner="BuiltIn">
<msg time="2024-06-16T12:27:03.285598" level="INFO">Length is 2.</msg>
<arg>${json_data}</arg>
<doc>Verifies that the given item is not empty.</doc>
<status status="PASS" start="2024-06-16T12:27:03.285468" elapsed="0.000168"/>
</kw>
<kw name="Create List" owner="BuiltIn">
<msg time="2024-06-16T12:27:03.286082" level="INFO">${expected_keys} = ['gender', 'name', 'location', 'email', 'login']</msg>
<var>${expected_keys}</var>
<arg>gender</arg>
<arg>name</arg>
<arg>location</arg>
<arg>email</arg>
<arg>login</arg>
<doc>Returns a list containing given items.</doc>
<status status="PASS" start="2024-06-16T12:27:03.285932" elapsed="0.000174"/>
</kw>
<for flavor="IN">
<iter>
<kw name="Dictionary Should Contain Key" owner="Collections">
<arg>${json_data['results'][0]}</arg>
<arg>${key}</arg>
<doc>Fails if ``key`` is not found from ``dictionary``.</doc>
<status status="PASS" start="2024-06-16T12:27:03.286848" elapsed="0.000396"/>
</kw>
<kw name="Log" owner="BuiltIn">
<msg time="2024-06-16T12:27:03.287821" level="INFO">{'gender': 'female', 'name': {'title': 'Miss', 'first': 'Frida', 'last': 'Thomsen'}, 'location': {'street': {'number': 4779, 'name': 'Munkevænget'}, 'city': 'Stoevring', 'state': 'Syddanmark', 'country': 'Denmark', 'postcode': 94743, 'coordinates': {'latitude': '-42.9525', 'longitude': '92.8521'}, 'timezone': {'offset': '0:00', 'description': 'Western Europe Time, London, Lisbon, Casablanca'}}, 'email': 'frida.thomsen@example.com', 'login': {'uuid': '5f3778cd-f40a-4656-8cee-015fe0f91b36', 'username': 'whitebear174', 'password': 'tatiana', 'salt': 'saPzuyrX', 'md5': 'c517b7bddf9874903ad4bf974ad63f4c', 'sha1': '3e204439da9e8ef894951597964227aa8d11e364', 'sha256': 'f227e22d21e39735d8cb4b29dca7c28ced393ab3f6f1c3e077c46bed916016b5'}, 'dob': {'date': '1962-12-28T06:39:05.701Z', 'age': 61}, 'registered': {'date': '2021-02-22T05:55:12.300Z', 'age': 3}, 'phone': '09507149', 'cell': '05870505', 'id': {'name': 'CPR', 'value': '281262-9547'}, 'picture': {'large': 'https://randomuser.me/api/portraits/women/88.jpg', 'medium': 'https://randomuser.me/api/portraits/med/women/88.jpg', 'thumbnail': 'https://randomuser.me/api/portraits/thumb/women/88.jpg'}, 'nat': 'DK'}</msg>
<arg>${json_data['results'][0]}</arg>
<doc>Logs the given message with the given level.</doc>
<status status="PASS" start="2024-06-16T12:27:03.287428" elapsed="0.000445"/>
</kw>
<kw name="Log" owner="BuiltIn">
<msg time="2024-06-16T12:27:03.288294" level="INFO">gender</msg>
<arg>${key}</arg>
<doc>Logs the given message with the given level.</doc>
<status status="PASS" start="2024-06-16T12:27:03.288165" elapsed="0.000167"/>
</kw>
<var name="${key}">gender</var>
<status status="PASS" start="2024-06-16T12:27:03.286719" elapsed="0.001831"/>
</iter>
<iter>
<kw name="Dictionary Should Contain Key" owner="Collections">
<arg>${json_data['results'][0]}</arg>
<arg>${key}</arg>
<doc>Fails if ``key`` is not found from ``dictionary``.</doc>
<status status="PASS" start="2024-06-16T12:27:03.288846" elapsed="0.000382"/>
</kw>
<kw name="Log" owner="BuiltIn">
<msg time="2024-06-16T12:27:03.289772" level="INFO">{'gender': 'female', 'name': {'title': 'Miss', 'first': 'Frida', 'last': 'Thomsen'}, 'location': {'street': {'number': 4779, 'name': 'Munkevænget'}, 'city': 'Stoevring', 'state': 'Syddanmark', 'country': 'Denmark', 'postcode': 94743, 'coordinates': {'latitude': '-42.9525', 'longitude': '92.8521'}, 'timezone': {'offset': '0:00', 'description': 'Western Europe Time, London, Lisbon, Casablanca'}}, 'email': 'frida.thomsen@example.com', 'login': {'uuid': '5f3778cd-f40a-4656-8cee-015fe0f91b36', 'username': 'whitebear174', 'password': 'tatiana', 'salt': 'saPzuyrX', 'md5': 'c517b7bddf9874903ad4bf974ad63f4c', 'sha1': '3e204439da9e8ef894951597964227aa8d11e364', 'sha256': 'f227e22d21e39735d8cb4b29dca7c28ced393ab3f6f1c3e077c46bed916016b5'}, 'dob': {'date': '1962-12-28T06:39:05.701Z', 'age': 61}, 'registered': {'date': '2021-02-22T05:55:12.300Z', 'age': 3}, 'phone': '09507149', 'cell': '05870505', 'id': {'name': 'CPR', 'value': '281262-9547'}, 'picture': {'large': 'https://randomuser.me/api/portraits/women/88.jpg', 'medium': 'https://randomuser.me/api/portraits/med/women/88.jpg', 'thumbnail': 'https://randomuser.me/api/portraits/thumb/women/88.jpg'}, 'nat': 'DK'}</msg>
<arg>${json_data['results'][0]}</arg>
<doc>Logs the given message with the given level.</doc>
<status status="PASS" start="2024-06-16T12:27:03.289417" elapsed="0.000447"/>
</kw>
<kw name="Log" owner="BuiltIn">
<msg time="2024-06-16T12:27:03.290295" level="INFO">name</msg>
<arg>${key}</arg>
<doc>Logs the given message with the given level.</doc>
<status status="PASS" start="2024-06-16T12:27:03.290165" elapsed="0.000168"/>
</kw>
<var name="${key}">name</var>
<status status="PASS" start="2024-06-16T12:27:03.288735" elapsed="0.001814"/>
</iter>
<iter>
<kw name="Dictionary Should Contain Key" owner="Collections">
<arg>${json_data['results'][0]}</arg>
<arg>${key}</arg>
<doc>Fails if ``key`` is not found from ``dictionary``.</doc>
<status status="PASS" start="2024-06-16T12:27:03.290837" elapsed="0.000377"/>
</kw>
<kw name="Log" owner="BuiltIn">
<msg time="2024-06-16T12:27:03.291799" level="INFO">{'gender': 'female', 'name': {'title': 'Miss', 'first': 'Frida', 'last': 'Thomsen'}, 'location': {'street': {'number': 4779, 'name': 'Munkevænget'}, 'city': 'Stoevring', 'state': 'Syddanmark', 'country': 'Denmark', 'postcode': 94743, 'coordinates': {'latitude': '-42.9525', 'longitude': '92.8521'}, 'timezone': {'offset': '0:00', 'description': 'Western Europe Time, London, Lisbon, Casablanca'}}, 'email': 'frida.thomsen@example.com', 'login': {'uuid': '5f3778cd-f40a-4656-8cee-015fe0f91b36', 'username': 'whitebear174', 'password': 'tatiana', 'salt': 'saPzuyrX', 'md5': 'c517b7bddf9874903ad4bf974ad63f4c', 'sha1': '3e204439da9e8ef894951597964227aa8d11e364', 'sha256': 'f227e22d21e39735d8cb4b29dca7c28ced393ab3f6f1c3e077c46bed916016b5'}, 'dob': {'date': '1962-12-28T06:39:05.701Z', 'age': 61}, 'registered': {'date': '2021-02-22T05:55:12.300Z', 'age': 3}, 'phone': '09507149', 'cell': '05870505', 'id': {'name': 'CPR', 'value': '281262-9547'}, 'picture': {'large': 'https://randomuser.me/api/portraits/women/88.jpg', 'medium': 'https://randomuser.me/api/portraits/med/women/88.jpg', 'thumbnail': 'https://randomuser.me/api/portraits/thumb/women/88.jpg'}, 'nat': 'DK'}</msg>
<arg>${json_data['results'][0]}</arg>
<doc>Logs the given message with the given level.</doc>
<status status="PASS" start="2024-06-16T12:27:03.291396" elapsed="0.000453"/>
</kw>
<kw name="Log" owner="BuiltIn">
<msg time="2024-06-16T12:27:03.292273" level="INFO">location</msg>
<arg>${key}</arg>
<doc>Logs the given message with the given level.</doc>
<status status="PASS" start="2024-06-16T12:27:03.292147" elapsed="0.000163"/>
</kw>
<var name="${key}">location</var>
<status status="PASS" start="2024-06-16T12:27:03.290730" elapsed="0.001794"/>
</iter>
<iter>
<kw name="Dictionary Should Contain Key" owner="Collections">
<arg>${json_data['results'][0]}</arg>
<arg>${key}</arg>
<doc>Fails if ``key`` is not found from ``dictionary``.</doc>
<status status="PASS" start="2024-06-16T12:27:03.292805" elapsed="0.000384"/>
</kw>
<kw name="Log" owner="BuiltIn">
<msg time="2024-06-16T12:27:03.293724" level="INFO">{'gender': 'female', 'name': {'title': 'Miss', 'first': 'Frida', 'last': 'Thomsen'}, 'location': {'street': {'number': 4779, 'name': 'Munkevænget'}, 'city': 'Stoevring', 'state': 'Syddanmark', 'country': 'Denmark', 'postcode': 94743, 'coordinates': {'latitude': '-42.9525', 'longitude': '92.8521'}, 'timezone': {'offset': '0:00', 'description': 'Western Europe Time, London, Lisbon, Casablanca'}}, 'email': 'frida.thomsen@example.com', 'login': {'uuid': '5f3778cd-f40a-4656-8cee-015fe0f91b36', 'username': 'whitebear174', 'password': 'tatiana', 'salt': 'saPzuyrX', 'md5': 'c517b7bddf9874903ad4bf974ad63f4c', 'sha1': '3e204439da9e8ef894951597964227aa8d11e364', 'sha256': 'f227e22d21e39735d8cb4b29dca7c28ced393ab3f6f1c3e077c46bed916016b5'}, 'dob': {'date': '1962-12-28T06:39:05.701Z', 'age': 61}, 'registered': {'date': '2021-02-22T05:55:12.300Z', 'age': 3}, 'phone': '09507149', 'cell': '05870505', 'id': {'name': 'CPR', 'value': '281262-9547'}, 'picture': {'large': 'https://randomuser.me/api/portraits/women/88.jpg', 'medium': 'https://randomuser.me/api/portraits/med/women/88.jpg', 'thumbnail': 'https://randomuser.me/api/portraits/thumb/women/88.jpg'}, 'nat': 'DK'}</msg>
<arg>${json_data['results'][0]}</arg>
<doc>Logs the given message with the given level.</doc>
<status status="PASS" start="2024-06-16T12:27:03.293371" elapsed="0.000403"/>
</kw>
<kw name="Log" owner="BuiltIn">
<msg time="2024-06-16T12:27:03.294198" level="INFO">email</msg>
<arg>${key}</arg>
<doc>Logs the given message with the given level.</doc>
<status status="PASS" start="2024-06-16T12:27:03.294072" elapsed="0.000163"/>
</kw>
<var name="${key}">email</var>
<status status="PASS" start="2024-06-16T12:27:03.292698" elapsed="0.001749"/>
</iter>
<iter>
<kw name="Dictionary Should Contain Key" owner="Collections">
<arg>${json_data['results'][0]}</arg>
<arg>${key}</arg>
<doc>Fails if ``key`` is not found from ``dictionary``.</doc>
<status status="PASS" start="2024-06-16T12:27:03.294727" elapsed="0.000392"/>
</kw>
<kw name="Log" owner="BuiltIn">
<msg time="2024-06-16T12:27:03.295668" level="INFO">{'gender': 'female', 'name': {'title': 'Miss', 'first': 'Frida', 'last': 'Thomsen'}, 'location': {'street': {'number': 4779, 'name': 'Munkevænget'}, 'city': 'Stoevring', 'state': 'Syddanmark', 'country': 'Denmark', 'postcode': 94743, 'coordinates': {'latitude': '-42.9525', 'longitude': '92.8521'}, 'timezone': {'offset': '0:00', 'description': 'Western Europe Time, London, Lisbon, Casablanca'}}, 'email': 'frida.thomsen@example.com', 'login': {'uuid': '5f3778cd-f40a-4656-8cee-015fe0f91b36', 'username': 'whitebear174', 'password': 'tatiana', 'salt': 'saPzuyrX', 'md5': 'c517b7bddf9874903ad4bf974ad63f4c', 'sha1': '3e204439da9e8ef894951597964227aa8d11e364', 'sha256': 'f227e22d21e39735d8cb4b29dca7c28ced393ab3f6f1c3e077c46bed916016b5'}, 'dob': {'date': '1962-12-28T06:39:05.701Z', 'age': 61}, 'registered': {'date': '2021-02-22T05:55:12.300Z', 'age': 3}, 'phone': '09507149', 'cell': '05870505', 'id': {'name': 'CPR', 'value': '281262-9547'}, 'picture': {'large': 'https://randomuser.me/api/portraits/women/88.jpg', 'medium': 'https://randomuser.me/api/portraits/med/women/88.jpg', 'thumbnail': 'https://randomuser.me/api/portraits/thumb/women/88.jpg'}, 'nat': 'DK'}</msg>
<arg>${json_data['results'][0]}</arg>
<doc>Logs the given message with the given level.</doc>
<status status="PASS" start="2024-06-16T12:27:03.295302" elapsed="0.000431"/>
</kw>
<kw name="Log" owner="BuiltIn">
<msg time="2024-06-16T12:27:03.296159" level="INFO">login</msg>
<arg>${key}</arg>
<doc>Logs the given message with the given level.</doc>
<status status="PASS" start="2024-06-16T12:27:03.296032" elapsed="0.000164"/>
</kw>
<var name="${key}">login</var>
<status status="PASS" start="2024-06-16T12:27:03.294619" elapsed="0.001790"/>
</iter>
<var>${key}</var>
<value>@{expected_keys}</value>
<status status="PASS" start="2024-06-16T12:27:03.286525" elapsed="0.010005"/>
</for>
<kw name="Create List" owner="BuiltIn">
<msg time="2024-06-16T12:27:03.296895" level="INFO">${expected_keysTwo} = ['username', 'password']</msg>
<var>${expected_keysTwo}</var>
<arg>username</arg>
<arg>password</arg>
<doc>Returns a list containing given items.</doc>
<status status="PASS" start="2024-06-16T12:27:03.296721" elapsed="0.000200"/>
</kw>
<for flavor="IN">
<iter>
<kw name="Dictionary Should Contain Key" owner="Collections">
<arg>${json_data['results'][0]['login']}</arg>
<arg>${keyTwo}</arg>
<doc>Fails if ``key`` is not found from ``dictionary``.</doc>
<status status="PASS" start="2024-06-16T12:27:03.297423" elapsed="0.000387"/>
</kw>
<kw name="Dictionary Should Contain Key" owner="Collections">
<arg>${json_data['results'][0]['login']}</arg>
<arg>${keyTwo}</arg>
<doc>Fails if ``key`` is not found from ``dictionary``.</doc>
<status status="PASS" start="2024-06-16T12:27:03.297995" elapsed="0.000378"/>
</kw>
<kw name="Log" owner="BuiltIn">
<msg time="2024-06-16T12:27:03.298673" level="INFO">username</msg>
<arg>${keyTwo}</arg>
<doc>Logs the given message with the given level.</doc>
<status status="PASS" start="2024-06-16T12:27:03.298554" elapsed="0.000162"/>
</kw>
<var name="${keyTwo}">username</var>
<status status="PASS" start="2024-06-16T12:27:03.297314" elapsed="0.001626"/>
</iter>
<iter>
<kw name="Dictionary Should Contain Key" owner="Collections">
<arg>${json_data['results'][0]['login']}</arg>
<arg>${keyTwo}</arg>
<doc>Fails if ``key`` is not found from ``dictionary``.</doc>
<status status="PASS" start="2024-06-16T12:27:03.299230" elapsed="0.000410"/>
</kw>
<kw name="Dictionary Should Contain Key" owner="Collections">
<arg>${json_data['results'][0]['login']}</arg>
<arg>${keyTwo}</arg>
<doc>Fails if ``key`` is not found from ``dictionary``.</doc>
<status status="PASS" start="2024-06-16T12:27:03.299839" elapsed="0.000368"/>
</kw>
<kw name="Log" owner="BuiltIn">
<msg time="2024-06-16T12:27:03.300501" level="INFO">password</msg>
<arg>${keyTwo}</arg>
<doc>Logs the given message with the given level.</doc>
<status status="PASS" start="2024-06-16T12:27:03.300384" elapsed="0.000153"/>
</kw>
<var name="${keyTwo}">password</var>
<status status="PASS" start="2024-06-16T12:27:03.299120" elapsed="0.001636"/>
</iter>
<var>${keyTwo}</var>
<value>@{expected_keysTwo}</value>
<status status="PASS" start="2024-06-16T12:27:03.297160" elapsed="0.003718"/>
</for>
<status status="PASS" start="2024-06-16T12:27:03.058278" elapsed="0.242739"/>
</kw>
<doc>Testa a estrutura da resposta da API.</doc>
<tag>testeEstruturaResposta</tag>
<status status="PASS" start="2024-06-16T12:27:03.057728" elapsed="0.243447"/>
</test>
<test id="s1-s1-t4" name="Validar tipos de dados" line="28">
<kw name="Teste de Tipos de Dados" owner="random-user-service">
<kw name="GET On Session" owner="RequestsLibrary">
<msg time="2024-06-16T12:27:03.656497" level="INFO">GET Request : url=https://randomuser.me/api 
 path_url=/api 
 headers={'User-Agent': 'python-requests/2.32.3', 'Accept-Encoding': 'gzip, deflate', 'Accept': '*/*', 'Connection': 'keep-alive'} 
 body=None 
 </msg>
<msg time="2024-06-16T12:27:03.656597" level="INFO">GET Response : url=https://randomuser.me/api 
 status=200, reason=OK 
 headers={'Date': 'Sun, 16 Jun 2024 12:27:03 GMT', 'Content-Type': 'application/json; charset=utf-8', 'Transfer-Encoding': 'chunked', 'Connection': 'keep-alive', 'X-Powered-By': 'Express', 'Access-Control-Allow-Origin': '*', 'Cache-Control': 'no-cache', 'ETag': 'W/"4bf-zyzX8kM+dKT7KuEAqWt4oor16LI"', 'Vary': 'Accept-Encoding', 'Content-Encoding': 'gzip', 'CF-Cache-Status': 'DYNAMIC', 'Report-To': '{"endpoints":[{"url":"https:\\/\\/a.nel.cloudflare.com\\/report\\/v4?s=FhVuTyLw89iXNl9MLtbGIAp5V3HblWgoNJfzW1gk%2BKFs7j%2FaNUfOOYlfgCULxQmKzQNQnqjKE2ssuNWTZphA4HiQ%2Bj7AkxbDCkhp8hxVkvOtzQLYX%2FbXLDxMZqM21ol7"}],"group":"cf-nel","max_age":604800}', 'NEL': '{"success_fraction":0,"report_to":"cf-nel","max_age":604800}', 'Server': 'cloudflare', 'CF-RAY': '894acab1a8b167a2-SJC', 'alt-svc': 'h3=":443"; ma=86400'} 
 body={"results":[{"gender":"male","name":{"title":"Mr","first":"بنیامین","last":"سلطانی نژاد"},"location":{"street":{"number":6022,"name":"استاد نجات‌اللهی"},"city":"آبادان","state":"ایلام","country":"Iran","postcode":53499,"coordinates":{"latitude":"18.4613","longitude":"-157.4226"},"timezone":{"offset":"+5:00","description":"Ekaterinburg, Islamabad, Karachi, Tashkent"}},"email":"bnymyn.sltnynjd@example.com","login":{"uuid":"45a91027-856c-4151-b91a-3a73713bd0ab","username":"beautifulostrich299","password":"message","salt":"HtAWftf8","md5":"ccf6df229f89fd8dc37d59f3c7756588","sha1":"85b45800ffb3a7e37d7b5fab74ae714a8d03e571","sha256":"491ad8b3682ae3fb430fea512a10ac25d4ae488fa19b9a9a1f302db735963970"},"dob":{"date":"1980-03-02T07:35:24.972Z","age":44},"registered":{"date":"2011-08-13T00:58:05.525Z","age":12},"phone":"041-26806745","cell":"0948-060-7014","id":{"name":"","value":null},"picture":{"large":"https://randomuser.me/api/portraits/men/19.jpg","medium":"https://randomuser.me/api/portraits/med/men/19.jpg","thumbnail":"https://randomuser.me/api/portraits/thumb/men/19.jpg"},"nat":"IR"}],"info":{"seed":"5e96449238b4d082","results":1,"page":1,"version":"1.4"}} 
 </msg>
<msg time="2024-06-16T12:27:03.656671" level="INFO">/opt/hostedtoolcache/Python/3.12.3/x64/lib/python3.12/site-packages/urllib3/connectionpool.py:1103: InsecureRequestWarning: Unverified HTTPS request is being made to host 'randomuser.me'. Adding certificate verification is strongly advised. See: https://urllib3.readthedocs.io/en/latest/advanced-usage.html#tls-warnings
  warnings.warn(</msg>
<msg time="2024-06-16T12:27:03.656793" level="INFO">${response} = &lt;Response [200]&gt;</msg>
<var>${response}</var>
<arg>consultarAPI</arg>
<arg>/api</arg>
<doc>Sends a GET request on a previously created HTTP Session.</doc>
<status status="PASS" start="2024-06-16T12:27:03.303761" elapsed="0.353072"/>
</kw>
<kw name="Set Variable" owner="BuiltIn">
<msg time="2024-06-16T12:27:03.658025" level="INFO">${json_data} = {'results': [{'gender': 'male', 'name': {'title': 'Mr', 'first': 'بنیامین', 'last': 'سلطانی نژاد'}, 'location': {'street': {'number': 6022, 'name': 'استاد نجات\u200cاللهی'}, 'city': 'آبادان', 'state':...</msg>
<var>${json_data}</var>
<arg>${response.json()}</arg>
<doc>Returns the given values which can then be assigned to a variables.</doc>
<status status="PASS" start="2024-06-16T12:27:03.657462" elapsed="0.000596"/>
</kw>
<kw name="Log" owner="BuiltIn">
<msg time="2024-06-16T12:27:03.658536" level="INFO">{'results': [{'gender': 'male', 'name': {'title': 'Mr', 'first': 'بنیامین', 'last': 'سلطانی نژاد'}, 'location': {'street': {'number': 6022, 'name': 'استاد نجات\u200cاللهی'}, 'city': 'آبادان', 'state': 'ایلام', 'country': 'Iran', 'postcode': 53499, 'coordinates': {'latitude': '18.4613', 'longitude': '-157.4226'}, 'timezone': {'offset': '+5:00', 'description': 'Ekaterinburg, Islamabad, Karachi, Tashkent'}}, 'email': 'bnymyn.sltnynjd@example.com', 'login': {'uuid': '45a91027-856c-4151-b91a-3a73713bd0ab', 'username': 'beautifulostrich299', 'password': 'message', 'salt': 'HtAWftf8', 'md5': 'ccf6df229f89fd8dc37d59f3c7756588', 'sha1': '85b45800ffb3a7e37d7b5fab74ae714a8d03e571', 'sha256': '491ad8b3682ae3fb430fea512a10ac25d4ae488fa19b9a9a1f302db735963970'}, 'dob': {'date': '1980-03-02T07:35:24.972Z', 'age': 44}, 'registered': {'date': '2011-08-13T00:58:05.525Z', 'age': 12}, 'phone': '041-26806745', 'cell': '0948-060-7014', 'id': {'name': '', 'value': None}, 'picture': {'large': 'https://randomuser.me/api/portraits/men/19.jpg', 'medium': 'https://randomuser.me/api/portraits/med/men/19.jpg', 'thumbnail': 'https://randomuser.me/api/portraits/thumb/men/19.jpg'}, 'nat': 'IR'}], 'info': {'seed': '5e96449238b4d082', 'results': 1, 'page': 1, 'version': '1.4'}}</msg>
<arg>${json_data}</arg>
<doc>Logs the given message with the given level.</doc>
<status status="PASS" start="2024-06-16T12:27:03.658374" elapsed="0.000212"/>
</kw>
<kw name="Should Be String" owner="String">
<arg>${json_data['results'][0]['gender']}</arg>
<doc>Fails if the given ``item`` is not a string.</doc>
<status status="PASS" start="2024-06-16T12:27:03.658877" elapsed="0.000363"/>
</kw>
<kw name="Should Match Regexp" owner="BuiltIn">
<arg>${json_data['results'][0]['email']}</arg>
<arg>^[a-zA-Z0-9._%+-]+@[a-zA-Z0-9.-]+\.[a-zA-Z]{2,}$</arg>
<doc>Fails if ``string`` does not match ``pattern`` as a regular expression.</doc>
<status status="PASS" start="2024-06-16T12:27:03.659468" elapsed="0.000575"/>
</kw>
<kw name="Should Match Regexp" owner="BuiltIn">
<arg>${json_data['results'][0]['dob']['date']}</arg>
<arg>\\d{4}-\\d{2}-\\d{2}T\\d{2}:\\d{2}:\\d{2}\\.\\d{3}Z</arg>
<doc>Fails if ``string`` does not match ``pattern`` as a regular expression.</doc>
<status status="PASS" start="2024-06-16T12:27:03.660243" elapsed="0.000485"/>
</kw>
<kw name="Should Match Regexp" owner="BuiltIn">
<arg>${json_data['results'][0]['registered']['date']}</arg>
<arg>\\d{4}-\\d{2}-\\d{2}T\\d{2}:\\d{2}:\\d{2}\\.\\d{3}Z</arg>
<doc>Fails if ``string`` does not match ``pattern`` as a regular expression.</doc>
<status status="PASS" start="2024-06-16T12:27:03.660916" elapsed="0.000363"/>
</kw>
<kw name="Should Match Regexp" owner="BuiltIn">
<arg>${json_data['results'][0]['picture']['large']}</arg>
<arg>^https?://.*\.(?:png|jpe?g|gif|bmp)$</arg>
<doc>Fails if ``string`` does not match ``pattern`` as a regular expression.</doc>
<status status="PASS" start="2024-06-16T12:27:03.661463" elapsed="0.000449"/>
</kw>
<kw name="Should Match Regexp" owner="BuiltIn">
<arg>${json_data['results'][0]['picture']['medium']}</arg>
<arg>^https?://.*\.(?:png|jpe?g|gif|bmp)$</arg>
<doc>Fails if ``string`` does not match ``pattern`` as a regular expression.</doc>
<status status="PASS" start="2024-06-16T12:27:03.662096" elapsed="0.000353"/>
</kw>
<kw name="Should Match Regexp" owner="BuiltIn">
<arg>${json_data['results'][0]['picture']['thumbnail']}</arg>
<arg>^https?://.*\.(?:png|jpe?g|gif|bmp)$</arg>
<doc>Fails if ``string`` does not match ``pattern`` as a regular expression.</doc>
<status status="PASS" start="2024-06-16T12:27:03.662632" elapsed="0.000347"/>
</kw>
<kw name="Log" owner="BuiltIn">
<msg time="2024-06-16T12:27:03.663482" level="INFO">{'large': 'https://randomuser.me/api/portraits/men/19.jpg', 'medium': 'https://randomuser.me/api/portraits/med/men/19.jpg', 'thumbnail': 'https://randomuser.me/api/portraits/thumb/men/19.jpg'}</msg>
<arg>${json_data['results'][0]['picture']}</arg>
<doc>Logs the given message with the given level.</doc>
<status status="PASS" start="2024-06-16T12:27:03.663156" elapsed="0.000367"/>
</kw>
<status status="PASS" start="2024-06-16T12:27:03.303498" elapsed="0.360318"/>
</kw>
<kw name="Teste de Tipos de Dados - Postcode" owner="random-user-service">
<kw name="GET On Session" owner="RequestsLibrary">
<msg time="2024-06-16T12:27:03.782878" level="INFO">GET Request : url=https://randomuser.me/api 
 path_url=/api 
 headers={'User-Agent': 'python-requests/2.32.3', 'Accept-Encoding': 'gzip, deflate', 'Accept': '*/*', 'Connection': 'keep-alive'} 
 body=None 
 </msg>
<msg time="2024-06-16T12:27:03.782956" level="INFO">GET Response : url=https://randomuser.me/api 
 status=200, reason=OK 
 headers={'Date': 'Sun, 16 Jun 2024 12:27:03 GMT', 'Content-Type': 'application/json; charset=utf-8', 'Transfer-Encoding': 'chunked', 'Connection': 'keep-alive', 'X-Powered-By': 'Express', 'Access-Control-Allow-Origin': '*', 'Cache-Control': 'no-cache', 'ETag': 'W/"475-3smCghTPRJam/5cA61xdC/TvYd8"', 'Vary': 'Accept-Encoding', 'Content-Encoding': 'gzip', 'CF-Cache-Status': 'DYNAMIC', 'Report-To': '{"endpoints":[{"url":"https:\\/\\/a.nel.cloudflare.com\\/report\\/v4?s=5qHgKxpvcmwDeNiywjEaMiFKlImdjRXM8YZWTQ9KMDcfI6BMA1KdZBmwchthOgcM5daWjmJAzFrYyxlHPhEuhMdOD4p7ZlTiYtfbHsCdSuHag3J%2B1Vz%2Fg61Fdbr23Ljt"}],"group":"cf-nel","max_age":604800}', 'NEL': '{"success_fraction":0,"report_to":"cf-nel","max_age":604800}', 'Server': 'cloudflare', 'CF-RAY': '894acab3e9f967a2-SJC', 'alt-svc': 'h3=":443"; ma=86400'} 
 body={"results":[{"gender":"male","name":{"title":"Mr","first":"Natã","last":"Moraes"},"location":{"street":{"number":2754,"name":"Rua Maranhão "},"city":"Itabuna","state":"Sergipe","country":"Brazil","postcode":10389,"coordinates":{"latitude":"-80.4336","longitude":"-58.3934"},"timezone":{"offset":"+5:45","description":"Kathmandu"}},"email":"nata.moraes@example.com","login":{"uuid":"b9c466e0-2d9b-40e9-860f-076ad1db8a42","username":"angryzebra128","password":"haggis","salt":"iYIQb4MV","md5":"2c6d48d31a0d41f83b2ef123f681a005","sha1":"5e089be849049bb2efed696e330f4e5510326925","sha256":"b210038edef5e7b29e60776c38822a3e890516e1b6b2a025821f736ed932e5c1"},"dob":{"date":"1972-11-30T12:48:17.551Z","age":51},"registered":{"date":"2009-11-29T01:22:29.813Z","age":14},"phone":"(80) 8756-2164","cell":"(27) 8844-5672","id":{"name":"CPF","value":"006.407.303-14"},"picture":{"large":"https://randomuser.me/api/portraits/men/64.jpg","medium":"https://randomuser.me/api/portraits/med/men/64.jpg","thumbnail":"https://randomuser.me/api/portraits/thumb/men/64.jpg"},"nat":"BR"}],"info":{"seed":"a68f5318a288ffbf","results":1,"page":1,"version":"1.4"}} 
 </msg>
<msg time="2024-06-16T12:27:03.783019" level="INFO">/opt/hostedtoolcache/Python/3.12.3/x64/lib/python3.12/site-packages/urllib3/connectionpool.py:1103: InsecureRequestWarning: Unverified HTTPS request is being made to host 'randomuser.me'. Adding certificate verification is strongly advised. See: https://urllib3.readthedocs.io/en/latest/advanced-usage.html#tls-warnings
  warnings.warn(</msg>
<msg time="2024-06-16T12:27:03.783121" level="INFO">${response} = &lt;Response [200]&gt;</msg>
<var>${response}</var>
<arg>consultarAPI</arg>
<arg>/api</arg>
<doc>Sends a GET request on a previously created HTTP Session.</doc>
<status status="PASS" start="2024-06-16T12:27:03.664275" elapsed="0.118886"/>
</kw>
<kw name="Set Variable" owner="BuiltIn">
<msg time="2024-06-16T12:27:03.784248" level="INFO">${json_data} = {'results': [{'gender': 'male', 'name': {'title': 'Mr', 'first': 'Natã', 'last': 'Moraes'}, 'location': {'street': {'number': 2754, 'name': 'Rua Maranhão '}, 'city': 'Itabuna', 'state': 'Sergipe', 'co...</msg>
<var>${json_data}</var>
<arg>${response.json()}</arg>
<doc>Returns the given values which can then be assigned to a variables.</doc>
<status status="PASS" start="2024-06-16T12:27:03.783708" elapsed="0.000570"/>
</kw>
<kw name="Log" owner="BuiltIn">
<msg time="2024-06-16T12:27:03.784740" level="INFO">{'results': [{'gender': 'male', 'name': {'title': 'Mr', 'first': 'Natã', 'last': 'Moraes'}, 'location': {'street': {'number': 2754, 'name': 'Rua Maranhão '}, 'city': 'Itabuna', 'state': 'Sergipe', 'country': 'Brazil', 'postcode': 10389, 'coordinates': {'latitude': '-80.4336', 'longitude': '-58.3934'}, 'timezone': {'offset': '+5:45', 'description': 'Kathmandu'}}, 'email': 'nata.moraes@example.com', 'login': {'uuid': 'b9c466e0-2d9b-40e9-860f-076ad1db8a42', 'username': 'angryzebra128', 'password': 'haggis', 'salt': 'iYIQb4MV', 'md5': '2c6d48d31a0d41f83b2ef123f681a005', 'sha1': '5e089be849049bb2efed696e330f4e5510326925', 'sha256': 'b210038edef5e7b29e60776c38822a3e890516e1b6b2a025821f736ed932e5c1'}, 'dob': {'date': '1972-11-30T12:48:17.551Z', 'age': 51}, 'registered': {'date': '2009-11-29T01:22:29.813Z', 'age': 14}, 'phone': '(80) 8756-2164', 'cell': '(27) 8844-5672', 'id': {'name': 'CPF', 'value': '006.407.303-14'}, 'picture': {'large': 'https://randomuser.me/api/portraits/men/64.jpg', 'medium': 'https://randomuser.me/api/portraits/med/men/64.jpg', 'thumbnail': 'https://randomuser.me/api/portraits/thumb/men/64.jpg'}, 'nat': 'BR'}], 'info': {'seed': 'a68f5318a288ffbf', 'results': 1, 'page': 1, 'version': '1.4'}}</msg>
<arg>${json_data}</arg>
<doc>Logs the given message with the given level.</doc>
<status status="PASS" start="2024-06-16T12:27:03.784581" elapsed="0.000208"/>
</kw>
<kw name="Should Be Equal As Numbers" owner="BuiltIn">
<arg>${json_data['results'][0]['location']['postcode']}</arg>
<arg>${json_data['results'][0]['location']['postcode']}</arg>
<doc>Fails if objects are unequal after converting them to real numbers.</doc>
<status status="PASS" start="2024-06-16T12:27:03.785090" elapsed="0.000606"/>
</kw>
<kw name="Log" owner="BuiltIn">
<msg time="2024-06-16T12:27:03.786250" level="INFO">10389</msg>
<arg>${json_data['results'][0]['location']['postcode']}</arg>
<doc>Logs the given message with the given level.</doc>
<status status="PASS" start="2024-06-16T12:27:03.785916" elapsed="0.000374"/>
</kw>
<status status="PASS" start="2024-06-16T12:27:03.664048" elapsed="0.122495"/>
</kw>
<doc>Testa se os tipos de dados na resposta da API estão corretos.</doc>
<tag>testeTiposDados</tag>
<status status="PASS" start="2024-06-16T12:27:03.302944" elapsed="0.483767"/>
</test>
<test id="s1-s1-t5" name="Validar conteudo" line="35">
<kw name="Teste de Tipos de Conteudo" owner="random-user-service">
<kw name="GET On Session" owner="RequestsLibrary">
<msg time="2024-06-16T12:27:03.928546" level="INFO">GET Request : url=https://randomuser.me/api 
 path_url=/api 
 headers={'User-Agent': 'python-requests/2.32.3', 'Accept-Encoding': 'gzip, deflate', 'Accept': '*/*', 'Connection': 'keep-alive'} 
 body=None 
 </msg>
<msg time="2024-06-16T12:27:03.928656" level="INFO">GET Response : url=https://randomuser.me/api 
 status=200, reason=OK 
 headers={'Date': 'Sun, 16 Jun 2024 12:27:03 GMT', 'Content-Type': 'application/json; charset=utf-8', 'Transfer-Encoding': 'chunked', 'Connection': 'keep-alive', 'X-Powered-By': 'Express', 'Access-Control-Allow-Origin': '*', 'Cache-Control': 'no-cache', 'ETag': 'W/"488-wqWVeF5kIbKW5lONdCIPUBrSSF0"', 'Vary': 'Accept-Encoding', 'Content-Encoding': 'gzip', 'CF-Cache-Status': 'DYNAMIC', 'Report-To': '{"endpoints":[{"url":"https:\\/\\/a.nel.cloudflare.com\\/report\\/v4?s=l5smszZQ%2BkhS7d0E30qa4ZQqayrPNETNzgepws6vnQxGNCechaNzJxw%2FwSDyU9GSVIz96WX9U9%2BhTz%2FJDMiEaCVFOu%2BnjLDC9IpntZ4268J8jVZlBllUbsAERXUEeWP1"}],"group":"cf-nel","max_age":604800}', 'NEL': '{"success_fraction":0,"report_to":"cf-nel","max_age":604800}', 'Server': 'cloudflare', 'CF-RAY': '894acab4ba6967a2-SJC', 'alt-svc': 'h3=":443"; ma=86400'} 
 body={"results":[{"gender":"female","name":{"title":"Mrs","first":"Johanna","last":"Derikx"},"location":{"street":{"number":2715,"name":"Kruispad"},"city":"Stiens","state":"Drenthe","country":"Netherlands","postcode":"6570 BT","coordinates":{"latitude":"32.8064","longitude":"149.0369"},"timezone":{"offset":"-12:00","description":"Eniwetok, Kwajalein"}},"email":"johanna.derikx@example.com","login":{"uuid":"72604fc0-7ca7-44e5-a7a9-7dd659b82bc0","username":"purplekoala859","password":"mutant","salt":"WNDt5viE","md5":"77ee254ef5f67c6d7042caec30d03356","sha1":"b1d9c5f635418e6b406c522079b428ed7ae35501","sha256":"72faed8c6ae9d41b4bbdc4f6a8141430147fd86079fdc17ec1690c0e7435d402"},"dob":{"date":"1992-05-15T00:24:38.306Z","age":32},"registered":{"date":"2010-01-31T04:59:54.985Z","age":14},"phone":"(066) 5167097","cell":"(06) 78981887","id":{"name":"BSN","value":"61977446"},"picture":{"large":"https://randomuser.me/api/portraits/women/33.jpg","medium":"https://randomuser.me/api/portraits/med/women/33.jpg","thumbnail":"https://randomuser.me/api/portraits/thumb/women/33.jpg"},"nat":"NL"}],"info":{"seed":"93a49487a5b40674","results":1,"page":1,"version":"1.4"}} 
 </msg>
<msg time="2024-06-16T12:27:03.928762" level="INFO">/opt/hostedtoolcache/Python/3.12.3/x64/lib/python3.12/site-packages/urllib3/connectionpool.py:1103: InsecureRequestWarning: Unverified HTTPS request is being made to host 'randomuser.me'. Adding certificate verification is strongly advised. See: https://urllib3.readthedocs.io/en/latest/advanced-usage.html#tls-warnings
  warnings.warn(</msg>
<msg time="2024-06-16T12:27:03.928899" level="INFO">${response} = &lt;Response [200]&gt;</msg>
<var>${response}</var>
<arg>consultarAPI</arg>
<arg>/api</arg>
<doc>Sends a GET request on a previously created HTTP Session.</doc>
<status status="PASS" start="2024-06-16T12:27:03.789338" elapsed="0.139610"/>
</kw>
<kw name="Set Variable" owner="BuiltIn">
<msg time="2024-06-16T12:27:03.929982" level="INFO">${json_data} = {'results': [{'gender': 'female', 'name': {'title': 'Mrs', 'first': 'Johanna', 'last': 'Derikx'}, 'location': {'street': {'number': 2715, 'name': 'Kruispad'}, 'city': 'Stiens', 'state': 'Drenthe', 'co...</msg>
<var>${json_data}</var>
<arg>${response.json()}</arg>
<doc>Returns the given values which can then be assigned to a variables.</doc>
<status status="PASS" start="2024-06-16T12:27:03.929480" elapsed="0.000532"/>
</kw>
<kw name="Set Variable" owner="BuiltIn">
<msg time="2024-06-16T12:27:03.930697" level="INFO">${name_title} = Mrs</msg>
<var>${name_title}</var>
<arg>${json_data["results"][0]["name"]["title"]}</arg>
<doc>Returns the given values which can then be assigned to a variables.</doc>
<status status="PASS" start="2024-06-16T12:27:03.930319" elapsed="0.000403"/>
</kw>
<kw name="Create List" owner="BuiltIn">
<msg time="2024-06-16T12:27:03.931167" level="INFO">${allowed_titles} = ['Mr', 'Ms', 'Miss', 'Mrs', 'Madame', 'Monsieur']</msg>
<var>${allowed_titles}</var>
<arg>Mr</arg>
<arg>Ms</arg>
<arg>Miss</arg>
<arg>Mrs</arg>
<arg>Madame</arg>
<arg>Monsieur</arg>
<doc>Returns a list containing given items.</doc>
<status status="PASS" start="2024-06-16T12:27:03.931019" elapsed="0.000172"/>
</kw>
<kw name="List Should Contain Value" owner="Collections">
<arg>${allowed_titles}</arg>
<arg>${name_title}</arg>
<doc>Fails if the ``value`` is not found from ``list``.</doc>
<status status="PASS" start="2024-06-16T12:27:03.931487" elapsed="0.000231"/>
</kw>
<kw name="Set Variable" owner="BuiltIn">
<msg time="2024-06-16T12:27:03.932271" level="INFO">${name_country} = NL</msg>
<var>${name_country}</var>
<arg>${json_data["results"][0]["nat"]}</arg>
<doc>Returns the given values which can then be assigned to a variables.</doc>
<status status="PASS" start="2024-06-16T12:27:03.931903" elapsed="0.000393"/>
</kw>
<kw name="Create List" owner="BuiltIn">
<msg time="2024-06-16T12:27:03.933193" level="INFO">${list_country} = ['AD', 'AE', 'AF', 'AG', 'AI', 'AL', 'AM', 'AO', 'AQ', 'AR', 'AS', 'AT', 'AU', 'AW', 'AX', 'AZ', 'BA', 'BB', 'BD', 'BE', 'BF', 'BG', 'BH', 'BI', 'BJ', 'BL', 'BM', 'BN', 'BO', 'BQ', 'BR', 'BS', 'BT', '...</msg>
<var>${list_country}</var>
<arg>AD</arg>
<arg>AE</arg>
<arg>AF</arg>
<arg>AG</arg>
<arg>AI</arg>
<arg>AL</arg>
<arg>AM</arg>
<arg>AO</arg>
<arg>AQ</arg>
<arg>AR</arg>
<arg>AS</arg>
<arg>AT</arg>
<arg>AU</arg>
<arg>AW</arg>
<arg>AX</arg>
<arg>AZ</arg>
<arg>BA</arg>
<arg>BB</arg>
<arg>BD</arg>
<arg>BE</arg>
<arg>BF</arg>
<arg>BG</arg>
<arg>BH</arg>
<arg>BI</arg>
<arg>BJ</arg>
<arg>BL</arg>
<arg>BM</arg>
<arg>BN</arg>
<arg>BO</arg>
<arg>BQ</arg>
<arg>BR</arg>
<arg>BS</arg>
<arg>BT</arg>
<arg>BV</arg>
<arg>BW</arg>
<arg>BY</arg>
<arg>BZ</arg>
<arg>CA</arg>
<arg>CC</arg>
<arg>CD</arg>
<arg>CF</arg>
<arg>CG</arg>
<arg>CH</arg>
<arg>CI</arg>
<arg>CK</arg>
<arg>CL</arg>
<arg>CM</arg>
<arg>CN</arg>
<arg>CO</arg>
<arg>CR</arg>
<arg>CU</arg>
<arg>CV</arg>
<arg>CW</arg>
<arg>CX</arg>
<arg>CY</arg>
<arg>CZ</arg>
<arg>DE</arg>
<arg>DJ</arg>
<arg>DK</arg>
<arg>DM</arg>
<arg>DO</arg>
<arg>DZ</arg>
<arg>EC</arg>
<arg>EE</arg>
<arg>EG</arg>
<arg>EH</arg>
<arg>ER</arg>
<arg>ES</arg>
<arg>ET</arg>
<arg>FI</arg>
<arg>FJ</arg>
<arg>FK</arg>
<arg>FM</arg>
<arg>FO</arg>
<arg>FR</arg>
<arg>GA</arg>
<arg>GB</arg>
<arg>GD</arg>
<arg>GE</arg>
<arg>GF</arg>
<arg>GG</arg>
<arg>GH</arg>
<arg>GI</arg>
<arg>GL</arg>
<arg>GM</arg>
<arg>GN</arg>
<arg>GP</arg>
<arg>GQ</arg>
<arg>GR</arg>
<arg>GS</arg>
<arg>GT</arg>
<arg>GU</arg>
<arg>GW</arg>
<arg>GY</arg>
<arg>HK</arg>
<arg>HM</arg>
<arg>HN</arg>
<arg>HR</arg>
<arg>HT</arg>
<arg>HU</arg>
<arg>ID</arg>
<arg>IE</arg>
<arg>IL</arg>
<arg>IM</arg>
<arg>IN</arg>
<arg>IO</arg>
<arg>IQ</arg>
<arg>IR</arg>
<arg>IS</arg>
<arg>IT</arg>
<arg>JE</arg>
<arg>JM</arg>
<arg>JO</arg>
<arg>JP</arg>
<arg>KE</arg>
<arg>KG</arg>
<arg>KH</arg>
<arg>KI</arg>
<arg>KM</arg>
<arg>KN</arg>
<arg>KP</arg>
<arg>KR</arg>
<arg>KW</arg>
<arg>KY</arg>
<arg>KZ</arg>
<arg>LA</arg>
<arg>LB</arg>
<arg>LC</arg>
<arg>LI</arg>
<arg>LK</arg>
<arg>LR</arg>
<arg>LS</arg>
<arg>LT</arg>
<arg>LU</arg>
<arg>LV</arg>
<arg>LY</arg>
<arg>MA</arg>
<arg>MC</arg>
<arg>MD</arg>
<arg>ME</arg>
<arg>MF</arg>
<arg>MG</arg>
<arg>MH</arg>
<arg>MK</arg>
<arg>ML</arg>
<arg>MM</arg>
<arg>MN</arg>
<arg>MO</arg>
<arg>MP</arg>
<arg>MQ</arg>
<arg>MR</arg>
<arg>MS</arg>
<arg>MT</arg>
<arg>MU</arg>
<arg>MV</arg>
<arg>MW</arg>
<arg>MX</arg>
<arg>MY</arg>
<arg>MZ</arg>
<arg>NA</arg>
<arg>NC</arg>
<arg>NE</arg>
<arg>NF</arg>
<arg>NG</arg>
<arg>NI</arg>
<arg>NL</arg>
<arg>NO</arg>
<arg>NP</arg>
<arg>NR</arg>
<arg>NU</arg>
<arg>NZ</arg>
<arg>OM</arg>
<arg>PA</arg>
<arg>PE</arg>
<arg>PF</arg>
<arg>PG</arg>
<arg>PH</arg>
<arg>PK</arg>
<arg>PL</arg>
<arg>PM</arg>
<arg>PN</arg>
<arg>PR</arg>
<arg>PS</arg>
<arg>PT</arg>
<arg>PW</arg>
<arg>PY</arg>
<arg>QA</arg>
<arg>RE</arg>
<arg>RO</arg>
<arg>RS</arg>
<arg>RU</arg>
<arg>RW</arg>
<arg>SA</arg>
<arg>SB</arg>
<arg>SC</arg>
<arg>SD</arg>
<arg>SE</arg>
<arg>SG</arg>
<arg>SH</arg>
<arg>SI</arg>
<arg>SJ</arg>
<arg>SK</arg>
<arg>SL</arg>
<arg>SM</arg>
<arg>SN</arg>
<arg>SO</arg>
<arg>SR</arg>
<arg>SS</arg>
<arg>ST</arg>
<arg>SV</arg>
<arg>SX</arg>
<arg>SY</arg>
<arg>SZ</arg>
<arg>TC</arg>
<arg>TD</arg>
<arg>TF</arg>
<arg>TG</arg>
<arg>TH</arg>
<arg>TJ</arg>
<arg>TK</arg>
<arg>TL</arg>
<arg>TM</arg>
<arg>TN</arg>
<arg>TO</arg>
<arg>TR</arg>
<arg>TT</arg>
<arg>TV</arg>
<arg>TW</arg>
<arg>TZ</arg>
<arg>UA</arg>
<arg>UG</arg>
<arg>UM</arg>
<arg>US</arg>
<arg>UY</arg>
<arg>UZ</arg>
<arg>VA</arg>
<arg>VC</arg>
<arg>VE</arg>
<arg>VG</arg>
<arg>VI</arg>
<arg>VN</arg>
<arg>VU</arg>
<arg>WF</arg>
<arg>WS</arg>
<arg>XK</arg>
<arg>YE</arg>
<arg>YT</arg>
<arg>ZA</arg>
<arg>ZM</arg>
<arg>ZW</arg>
<doc>Returns a list containing given items.</doc>
<status status="PASS" start="2024-06-16T12:27:03.932592" elapsed="0.000626"/>
</kw>
<kw name="List Should Contain Value" owner="Collections">
<arg>${list_country}</arg>
<arg>${name_country}</arg>
<doc>Fails if the ``value`` is not found from ``list``.</doc>
<status status="PASS" start="2024-06-16T12:27:03.934008" elapsed="0.000207"/>
</kw>
<kw name="Run Keyword If" owner="BuiltIn">
<kw name="Should Be True" owner="BuiltIn">
<arg>${True}</arg>
<doc>Fails if the given condition is not true.</doc>
<status status="PASS" start="2024-06-16T12:27:03.935151" elapsed="0.000143"/>
</kw>
<arg>${json_data["results"][0]["location"]["coordinates"]["latitude"]} &gt;= -90 and ${json_data["results"][0]["location"]["coordinates"]["latitude"]} &lt;= 90</arg>
<arg>Should Be True</arg>
<arg>${True}</arg>
<doc>Runs the given keyword with the given arguments, if ``condition`` is true.</doc>
<status status="PASS" start="2024-06-16T12:27:03.934414" elapsed="0.001006"/>
</kw>
<kw name="Run Keyword If" owner="BuiltIn">
<kw name="Should Be True" owner="BuiltIn">
<arg>${True}</arg>
<doc>Fails if the given condition is not true.</doc>
<status status="PASS" start="2024-06-16T12:27:03.936308" elapsed="0.000140"/>
</kw>
<arg>${json_data["results"][0]["location"]["coordinates"]["longitude"]} &gt;= -180 and ${json_data["results"][0]["location"]["coordinates"]["longitude"]} &lt;= 180</arg>
<arg>Should Be True</arg>
<arg>${True}</arg>
<doc>Runs the given keyword with the given arguments, if ``condition`` is true.</doc>
<status status="PASS" start="2024-06-16T12:27:03.935602" elapsed="0.000970"/>
</kw>
<status status="PASS" start="2024-06-16T12:27:03.788965" elapsed="0.147740"/>
</kw>
<doc>Testa o conteúdo específico dos campos retornados pela API.</doc>
<tag>testeConteudo</tag>
<status status="PASS" start="2024-06-16T12:27:03.788512" elapsed="0.148347"/>
</test>
<status status="PASS" start="2024-06-16T12:27:02.416539" elapsed="1.522269"/>
</suite>
<status status="PASS" start="2024-06-16T12:27:02.403011" elapsed="1.541021"/>
</suite>
<statistics>
<total>
<stat pass="5" fail="0" skip="0">All Tests</stat>
</total>
<tag>
<stat pass="1" fail="0" skip="0">testeConteudo</stat>
<stat pass="1" fail="0" skip="0">testeEstruturaResposta</stat>
<stat pass="1" fail="0" skip="0">testeRequisicaoBasica</stat>
<stat pass="1" fail="0" skip="0">testeTiposDados</stat>
</tag>
<suite>
<stat pass="5" fail="0" skip="0" id="s1" name="Tests">Tests</stat>
<stat pass="5" fail="0" skip="0" id="s1-s1" name="Random-User-Test">Tests.Random-User-Test</stat>
</suite>
</statistics>
<errors>
</errors>
</robot>
