<?xml version="1.0" encoding="UTF-8"?>
<robot generator="Robot 7.0 (Python 3.12.3 on linux)" generated="2024-04-27T15:12:52.164286" rpa="false" schemaversion="5">
<suite id="s1" name="Tests" source="/home/runner/work/DesafioQAItauRogerioJordao/DesafioQAItauRogerioJordao/RamdonUser/tests">
<suite id="s1-s1" name="Random-User-Test" source="/home/runner/work/DesafioQAItauRogerioJordao/DesafioQAItauRogerioJordao/RamdonUser/tests/random-user-test.robot">
<test id="s1-s1-t1" name="Conectar" line="13">
<kw name="Conectar API" owner="random-user-service">
<kw name="Create Session" owner="RequestsLibrary">
<msg time="2024-04-27T15:12:52.507693" level="INFO">Creating Session using : alias=consultarAPI, url=https://randomuser.me/, headers={},                     cookies={}, auth=None, timeout=None, proxies=None, verify=False,                     debug=0 </msg>
<arg>consultarAPI</arg>
<arg>${URL}</arg>
<doc>Create Session: create a HTTP session to a server</doc>
<status status="PASS" start="2024-04-27T15:12:52.507467" elapsed="0.000399"/>
</kw>
<status status="PASS" start="2024-04-27T15:12:52.506542" elapsed="0.001676"/>
</kw>
<status status="PASS" start="2024-04-27T15:12:52.505950" elapsed="0.002461"/>
</test>
<test id="s1-s1-t2" name="Validar retorno 200 e JSON Válido" line="16">
<kw name="Teste de Requisicao Basica" owner="random-user-service">
<kw name="GET On Session" owner="RequestsLibrary">
<msg time="2024-04-27T15:12:54.587517" level="INFO">GET Request : url=https://randomuser.me/api 
 path_url=/api 
 headers={'User-Agent': 'python-requests/2.31.0', 'Accept-Encoding': 'gzip, deflate', 'Accept': '*/*', 'Connection': 'keep-alive'} 
 body=None 
 </msg>
<msg time="2024-04-27T15:12:54.587783" level="INFO">GET Response : url=https://randomuser.me/api 
 status=200, reason=OK 
 headers={'Date': 'Sat, 27 Apr 2024 15:12:54 GMT', 'Content-Type': 'application/json; charset=utf-8', 'Transfer-Encoding': 'chunked', 'Connection': 'keep-alive', 'X-Powered-By': 'Express', 'Access-Control-Allow-Origin': '*', 'Cache-Control': 'no-cache', 'ETag': 'W/"4ae-hyFxG0KSAANswYCHcSSBOI1juIE"', 'Vary': 'Accept-Encoding', 'Content-Encoding': 'gzip', 'CF-Cache-Status': 'DYNAMIC', 'Report-To': '{"endpoints":[{"url":"https:\\/\\/a.nel.cloudflare.com\\/report\\/v4?s=dsaCviX1sHZRr2bqLKf8e%2FlowNHeB1rVSmg3yZYf6jLeG1tS%2FQ%2FcFDzkPV8BDURFZWeIQjQomn%2BfSwneb84whW2wnVPqr91C7Wm%2BKlpyrCfurAkPzWXs7zhRb%2BVvYIiF"}],"group":"cf-nel","max_age":604800}', 'NEL': '{"success_fraction":0,"report_to":"cf-nel","max_age":604800}', 'Server': 'cloudflare', 'CF-RAY': '87afc0d87bb261f0-ORD', 'alt-svc': 'h3=":443"; ma=86400'} 
 body={"results":[{"gender":"female","name":{"title":"Mrs","first":"Peppi","last":"Heikkinen"},"location":{"street":{"number":2131,"name":"Verkatehtaankatu"},"city":"Rautavaara","state":"Central Finland","country":"Finland","postcode":35181,"coordinates":{"latitude":"-25.0165","longitude":"164.9137"},"timezone":{"offset":"+10:00","description":"Eastern Australia, Guam, Vladivostok"}},"email":"peppi.heikkinen@example.com","login":{"uuid":"c27f3fb0-4449-4647-aee5-f18f831a38d6","username":"goldenzebra178","password":"system","salt":"ssMzrE45","md5":"d3962525195d8912d99d842c05da5470","sha1":"32b54fc8cbfb47336785c688da0075748480c4af","sha256":"f3158b7e3b73e41cd72f07254d0e308119c5053adc93cc0e8335aefa8afb678c"},"dob":{"date":"1975-03-05T11:06:34.305Z","age":49},"registered":{"date":"2022-05-11T01:23:17.787Z","age":1},"phone":"03-162-584","cell":"047-508-72-05","id":{"name":"HETU","value":"NaNNA048undefined"},"picture":{"large":"https://randomuser.me/api/portraits/women/50.jpg","medium":"https://randomuser.me/api/portraits/med/women/50.jpg","thumbnail":"https://randomuser.me/api/portraits/thumb/women/50.jpg"},"nat":"FI"}],"info":{"seed":"e1f06cca4e35768b","results":1,"page":1,"version":"1.4"}} 
 </msg>
<msg time="2024-04-27T15:12:54.587860" level="INFO">/opt/hostedtoolcache/Python/3.12.3/x64/lib/python3.12/site-packages/urllib3/connectionpool.py:1103: InsecureRequestWarning: Unverified HTTPS request is being made to host 'randomuser.me'. Adding certificate verification is strongly advised. See: https://urllib3.readthedocs.io/en/latest/advanced-usage.html#tls-warnings
  warnings.warn(</msg>
<msg time="2024-04-27T15:12:54.588006" level="INFO">${response} = &lt;Response [200]&gt;</msg>
<var>${response}</var>
<arg>consultarAPI</arg>
<arg>/api</arg>
<doc>Sends a GET request on a previously created HTTP Session.</doc>
<status status="PASS" start="2024-04-27T15:12:52.510975" elapsed="2.077074"/>
</kw>
<kw name="Should Be Equal As Numbers" owner="BuiltIn">
<msg time="2024-04-27T15:12:54.588921" level="INFO">Argument types are:
&lt;class 'int'&gt;
&lt;class 'str'&gt;</msg>
<arg>${response.status_code}</arg>
<arg>200</arg>
<doc>Fails if objects are unequal after converting them to real numbers.</doc>
<status status="PASS" start="2024-04-27T15:12:54.588517" elapsed="0.000461"/>
</kw>
<kw name="Log" owner="BuiltIn">
<msg time="2024-04-27T15:12:54.589601" level="INFO">200</msg>
<arg>${response.status_code}</arg>
<doc>Logs the given message with the given level.</doc>
<status status="PASS" start="2024-04-27T15:12:54.589277" elapsed="0.000362"/>
</kw>
<kw name="Set Variable" owner="BuiltIn">
<msg time="2024-04-27T15:12:54.590319" level="INFO">${json_data} = {'results': [{'gender': 'female', 'name': {'title': 'Mrs', 'first': 'Peppi', 'last': 'Heikkinen'}, 'location': {'street': {'number': 2131, 'name': 'Verkatehtaankatu'}, 'city': 'Rautavaara', 'state': '...</msg>
<var>${json_data}</var>
<arg>${response.json()}</arg>
<doc>Returns the given values which can then be assigned to a variables.</doc>
<status status="PASS" start="2024-04-27T15:12:54.589916" elapsed="0.000430"/>
</kw>
<kw name="Dictionary Should Contain Key" owner="Collections">
<msg time="2024-04-27T15:12:54.590779" level="INFO">False</msg>
<arg>${json_data}</arg>
<arg>results</arg>
<doc>Fails if ``key`` is not found from ``dictionary``.</doc>
<status status="PASS" start="2024-04-27T15:12:54.590623" elapsed="0.000191"/>
</kw>
<status status="PASS" start="2024-04-27T15:12:52.510753" elapsed="2.080297"/>
</kw>
<doc>Testa se a API responde corretamente e retorna um objeto JSON válido.</doc>
<tag>testeRequisicaoBasica</tag>
<status status="PASS" start="2024-04-27T15:12:52.510244" elapsed="2.080967"/>
</test>
<test id="s1-s1-t3" name="Validar estrutura de resposta" line="22">
<kw name="Teste de Estrutura de Resposta" owner="random-user-service">
<kw name="GET On Session" owner="RequestsLibrary">
<msg time="2024-04-27T15:12:55.092700" level="INFO">GET Request : url=https://randomuser.me/api 
 path_url=/api 
 headers={'User-Agent': 'python-requests/2.31.0', 'Accept-Encoding': 'gzip, deflate', 'Accept': '*/*', 'Connection': 'keep-alive'} 
 body=None 
 </msg>
<msg time="2024-04-27T15:12:55.092809" level="INFO">GET Response : url=https://randomuser.me/api 
 status=200, reason=OK 
 headers={'Date': 'Sat, 27 Apr 2024 15:12:55 GMT', 'Content-Type': 'application/json; charset=utf-8', 'Transfer-Encoding': 'chunked', 'Connection': 'keep-alive', 'X-Powered-By': 'Express', 'Access-Control-Allow-Origin': '*', 'Cache-Control': 'no-cache', 'ETag': 'W/"49c-YnUMTh/ZLP5sJ2HFpE2h06YRiaE"', 'Vary': 'Accept-Encoding', 'Content-Encoding': 'gzip', 'CF-Cache-Status': 'DYNAMIC', 'Report-To': '{"endpoints":[{"url":"https:\\/\\/a.nel.cloudflare.com\\/report\\/v4?s=wzsOh8kWTVWXxOxEq%2FpTQJpRhV2UB%2FDaX6zVHzvx0qKTpBYnxIE7fJHU2oLF2QCIzLp7Ylcvhs4UPhPVKRDjBKrbg145yk7EKtbPU4JCfr%2Blkbet6NnHfIB2N2AQWCxy"}],"group":"cf-nel","max_age":604800}', 'NEL': '{"success_fraction":0,"report_to":"cf-nel","max_age":604800}', 'Server': 'cloudflare', 'CF-RAY': '87afc0e53b3961f0-ORD', 'alt-svc': 'h3=":443"; ma=86400'} 
 body={"results":[{"gender":"female","name":{"title":"Mrs","first":"Marília","last":"Oliveira"},"location":{"street":{"number":9604,"name":"Rua São Francisco "},"city":"Santa Maria","state":"Roraima","country":"Brazil","postcode":17058,"coordinates":{"latitude":"-73.5882","longitude":"35.3570"},"timezone":{"offset":"-12:00","description":"Eniwetok, Kwajalein"}},"email":"marilia.oliveira@example.com","login":{"uuid":"ab60fbcd-1a8e-48cd-bb99-075bd9f66543","username":"organicbird545","password":"manowar","salt":"PF6HW2oS","md5":"2eca1615432ac3cc20731587eed3d04d","sha1":"6f2347db11836a2c35ad7ee0f74aff60f25fd333","sha256":"4c43eb7a7b6296a9fa34213b6c1f2f94f4733a4a1e1f52639f6bd0548abd403f"},"dob":{"date":"1963-05-12T06:15:36.981Z","age":60},"registered":{"date":"2016-10-01T22:13:43.251Z","age":7},"phone":"(59) 4332-2990","cell":"(40) 1046-6926","id":{"name":"CPF","value":"068.133.133-96"},"picture":{"large":"https://randomuser.me/api/portraits/women/78.jpg","medium":"https://randomuser.me/api/portraits/med/women/78.jpg","thumbnail":"https://randomuser.me/api/portraits/thumb/women/78.jpg"},"nat":"BR"}],"info":{"seed":"b9f0a34f53081735","results":1,"page":1,"version":"1.4"}} 
 </msg>
<msg time="2024-04-27T15:12:55.092911" level="INFO">/opt/hostedtoolcache/Python/3.12.3/x64/lib/python3.12/site-packages/urllib3/connectionpool.py:1103: InsecureRequestWarning: Unverified HTTPS request is being made to host 'randomuser.me'. Adding certificate verification is strongly advised. See: https://urllib3.readthedocs.io/en/latest/advanced-usage.html#tls-warnings
  warnings.warn(</msg>
<msg time="2024-04-27T15:12:55.093018" level="INFO">${response} = &lt;Response [200]&gt;</msg>
<var>${response}</var>
<arg>consultarAPI</arg>
<arg>/api</arg>
<doc>Sends a GET request on a previously created HTTP Session.</doc>
<status status="PASS" start="2024-04-27T15:12:54.593765" elapsed="0.499282"/>
</kw>
<kw name="Set Variable" owner="BuiltIn">
<msg time="2024-04-27T15:12:55.093900" level="INFO">${json_data} = {'results': [{'gender': 'female', 'name': {'title': 'Mrs', 'first': 'Marília', 'last': 'Oliveira'}, 'location': {'street': {'number': 9604, 'name': 'Rua São Francisco '}, 'city': 'Santa Maria', 'state...</msg>
<var>${json_data}</var>
<arg>${response.json()}</arg>
<doc>Returns the given values which can then be assigned to a variables.</doc>
<status status="PASS" start="2024-04-27T15:12:55.093426" elapsed="0.000503"/>
</kw>
<kw name="Log" owner="BuiltIn">
<msg time="2024-04-27T15:12:55.094403" level="INFO">{'results': [{'gender': 'female', 'name': {'title': 'Mrs', 'first': 'Marília', 'last': 'Oliveira'}, 'location': {'street': {'number': 9604, 'name': 'Rua São Francisco '}, 'city': 'Santa Maria', 'state': 'Roraima', 'country': 'Brazil', 'postcode': 17058, 'coordinates': {'latitude': '-73.5882', 'longitude': '35.3570'}, 'timezone': {'offset': '-12:00', 'description': 'Eniwetok, Kwajalein'}}, 'email': 'marilia.oliveira@example.com', 'login': {'uuid': 'ab60fbcd-1a8e-48cd-bb99-075bd9f66543', 'username': 'organicbird545', 'password': 'manowar', 'salt': 'PF6HW2oS', 'md5': '2eca1615432ac3cc20731587eed3d04d', 'sha1': '6f2347db11836a2c35ad7ee0f74aff60f25fd333', 'sha256': '4c43eb7a7b6296a9fa34213b6c1f2f94f4733a4a1e1f52639f6bd0548abd403f'}, 'dob': {'date': '1963-05-12T06:15:36.981Z', 'age': 60}, 'registered': {'date': '2016-10-01T22:13:43.251Z', 'age': 7}, 'phone': '(59) 4332-2990', 'cell': '(40) 1046-6926', 'id': {'name': 'CPF', 'value': '068.133.133-96'}, 'picture': {'large': 'https://randomuser.me/api/portraits/women/78.jpg', 'medium': 'https://randomuser.me/api/portraits/med/women/78.jpg', 'thumbnail': 'https://randomuser.me/api/portraits/thumb/women/78.jpg'}, 'nat': 'BR'}], 'info': {'seed': 'b9f0a34f53081735', 'results': 1, 'page': 1, 'version': '1.4'}}</msg>
<arg>${json_data}</arg>
<doc>Logs the given message with the given level.</doc>
<status status="PASS" start="2024-04-27T15:12:55.094246" elapsed="0.000206"/>
</kw>
<kw name="Dictionary Should Contain Key" owner="Collections">
<msg time="2024-04-27T15:12:55.094907" level="INFO">False</msg>
<arg>${json_data}</arg>
<arg>results</arg>
<doc>Fails if ``key`` is not found from ``dictionary``.</doc>
<status status="PASS" start="2024-04-27T15:12:55.094747" elapsed="0.000196"/>
</kw>
<kw name="Should Not Be Empty" owner="BuiltIn">
<msg time="2024-04-27T15:12:55.095361" level="INFO">Length is 2.</msg>
<arg>${json_data}</arg>
<doc>Verifies that the given item is not empty.</doc>
<status status="PASS" start="2024-04-27T15:12:55.095232" elapsed="0.000294"/>
</kw>
<kw name="Create List" owner="BuiltIn">
<msg time="2024-04-27T15:12:55.096036" level="INFO">${expected_keys} = ['gender', 'name', 'location', 'email', 'login']</msg>
<var>${expected_keys}</var>
<arg>gender</arg>
<arg>name</arg>
<arg>location</arg>
<arg>email</arg>
<arg>login</arg>
<doc>Returns a list containing given items.</doc>
<status status="PASS" start="2024-04-27T15:12:55.095881" elapsed="0.000179"/>
</kw>
<for flavor="IN">
<iter>
<kw name="Dictionary Should Contain Key" owner="Collections">
<msg time="2024-04-27T15:12:55.097013" level="INFO">False</msg>
<arg>${json_data['results'][0]}</arg>
<arg>${key}</arg>
<doc>Fails if ``key`` is not found from ``dictionary``.</doc>
<status status="PASS" start="2024-04-27T15:12:55.096625" elapsed="0.000425"/>
</kw>
<kw name="Log" owner="BuiltIn">
<msg time="2024-04-27T15:12:55.097700" level="INFO">{'gender': 'female', 'name': {'title': 'Mrs', 'first': 'Marília', 'last': 'Oliveira'}, 'location': {'street': {'number': 9604, 'name': 'Rua São Francisco '}, 'city': 'Santa Maria', 'state': 'Roraima', 'country': 'Brazil', 'postcode': 17058, 'coordinates': {'latitude': '-73.5882', 'longitude': '35.3570'}, 'timezone': {'offset': '-12:00', 'description': 'Eniwetok, Kwajalein'}}, 'email': 'marilia.oliveira@example.com', 'login': {'uuid': 'ab60fbcd-1a8e-48cd-bb99-075bd9f66543', 'username': 'organicbird545', 'password': 'manowar', 'salt': 'PF6HW2oS', 'md5': '2eca1615432ac3cc20731587eed3d04d', 'sha1': '6f2347db11836a2c35ad7ee0f74aff60f25fd333', 'sha256': '4c43eb7a7b6296a9fa34213b6c1f2f94f4733a4a1e1f52639f6bd0548abd403f'}, 'dob': {'date': '1963-05-12T06:15:36.981Z', 'age': 60}, 'registered': {'date': '2016-10-01T22:13:43.251Z', 'age': 7}, 'phone': '(59) 4332-2990', 'cell': '(40) 1046-6926', 'id': {'name': 'CPF', 'value': '068.133.133-96'}, 'picture': {'large': 'https://randomuser.me/api/portraits/women/78.jpg', 'medium': 'https://randomuser.me/api/portraits/med/women/78.jpg', 'thumbnail': 'https://randomuser.me/api/portraits/thumb/women/78.jpg'}, 'nat': 'BR'}</msg>
<arg>${json_data['results'][0]}</arg>
<doc>Logs the given message with the given level.</doc>
<status status="PASS" start="2024-04-27T15:12:55.097349" elapsed="0.000395"/>
</kw>
<kw name="Log" owner="BuiltIn">
<msg time="2024-04-27T15:12:55.098135" level="INFO">gender</msg>
<arg>${key}</arg>
<doc>Logs the given message with the given level.</doc>
<status status="PASS" start="2024-04-27T15:12:55.098018" elapsed="0.000151"/>
</kw>
<var name="${key}">gender</var>
<status status="PASS" start="2024-04-27T15:12:55.096502" elapsed="0.001859"/>
</iter>
<iter>
<kw name="Dictionary Should Contain Key" owner="Collections">
<msg time="2024-04-27T15:12:55.098989" level="INFO">False</msg>
<arg>${json_data['results'][0]}</arg>
<arg>${key}</arg>
<doc>Fails if ``key`` is not found from ``dictionary``.</doc>
<status status="PASS" start="2024-04-27T15:12:55.098634" elapsed="0.000392"/>
</kw>
<kw name="Log" owner="BuiltIn">
<msg time="2024-04-27T15:12:55.099738" level="INFO">{'gender': 'female', 'name': {'title': 'Mrs', 'first': 'Marília', 'last': 'Oliveira'}, 'location': {'street': {'number': 9604, 'name': 'Rua São Francisco '}, 'city': 'Santa Maria', 'state': 'Roraima', 'country': 'Brazil', 'postcode': 17058, 'coordinates': {'latitude': '-73.5882', 'longitude': '35.3570'}, 'timezone': {'offset': '-12:00', 'description': 'Eniwetok, Kwajalein'}}, 'email': 'marilia.oliveira@example.com', 'login': {'uuid': 'ab60fbcd-1a8e-48cd-bb99-075bd9f66543', 'username': 'organicbird545', 'password': 'manowar', 'salt': 'PF6HW2oS', 'md5': '2eca1615432ac3cc20731587eed3d04d', 'sha1': '6f2347db11836a2c35ad7ee0f74aff60f25fd333', 'sha256': '4c43eb7a7b6296a9fa34213b6c1f2f94f4733a4a1e1f52639f6bd0548abd403f'}, 'dob': {'date': '1963-05-12T06:15:36.981Z', 'age': 60}, 'registered': {'date': '2016-10-01T22:13:43.251Z', 'age': 7}, 'phone': '(59) 4332-2990', 'cell': '(40) 1046-6926', 'id': {'name': 'CPF', 'value': '068.133.133-96'}, 'picture': {'large': 'https://randomuser.me/api/portraits/women/78.jpg', 'medium': 'https://randomuser.me/api/portraits/med/women/78.jpg', 'thumbnail': 'https://randomuser.me/api/portraits/thumb/women/78.jpg'}, 'nat': 'BR'}</msg>
<arg>${json_data['results'][0]}</arg>
<doc>Logs the given message with the given level.</doc>
<status status="PASS" start="2024-04-27T15:12:55.099345" elapsed="0.000443"/>
</kw>
<kw name="Log" owner="BuiltIn">
<msg time="2024-04-27T15:12:55.100211" level="INFO">name</msg>
<arg>${key}</arg>
<doc>Logs the given message with the given level.</doc>
<status status="PASS" start="2024-04-27T15:12:55.100086" elapsed="0.000162"/>
</kw>
<var name="${key}">name</var>
<status status="PASS" start="2024-04-27T15:12:55.098529" elapsed="0.001929"/>
</iter>
<iter>
<kw name="Dictionary Should Contain Key" owner="Collections">
<msg time="2024-04-27T15:12:55.101123" level="INFO">False</msg>
<arg>${json_data['results'][0]}</arg>
<arg>${key}</arg>
<doc>Fails if ``key`` is not found from ``dictionary``.</doc>
<status status="PASS" start="2024-04-27T15:12:55.100743" elapsed="0.000417"/>
</kw>
<kw name="Log" owner="BuiltIn">
<msg time="2024-04-27T15:12:55.101846" level="INFO">{'gender': 'female', 'name': {'title': 'Mrs', 'first': 'Marília', 'last': 'Oliveira'}, 'location': {'street': {'number': 9604, 'name': 'Rua São Francisco '}, 'city': 'Santa Maria', 'state': 'Roraima', 'country': 'Brazil', 'postcode': 17058, 'coordinates': {'latitude': '-73.5882', 'longitude': '35.3570'}, 'timezone': {'offset': '-12:00', 'description': 'Eniwetok, Kwajalein'}}, 'email': 'marilia.oliveira@example.com', 'login': {'uuid': 'ab60fbcd-1a8e-48cd-bb99-075bd9f66543', 'username': 'organicbird545', 'password': 'manowar', 'salt': 'PF6HW2oS', 'md5': '2eca1615432ac3cc20731587eed3d04d', 'sha1': '6f2347db11836a2c35ad7ee0f74aff60f25fd333', 'sha256': '4c43eb7a7b6296a9fa34213b6c1f2f94f4733a4a1e1f52639f6bd0548abd403f'}, 'dob': {'date': '1963-05-12T06:15:36.981Z', 'age': 60}, 'registered': {'date': '2016-10-01T22:13:43.251Z', 'age': 7}, 'phone': '(59) 4332-2990', 'cell': '(40) 1046-6926', 'id': {'name': 'CPF', 'value': '068.133.133-96'}, 'picture': {'large': 'https://randomuser.me/api/portraits/women/78.jpg', 'medium': 'https://randomuser.me/api/portraits/med/women/78.jpg', 'thumbnail': 'https://randomuser.me/api/portraits/thumb/women/78.jpg'}, 'nat': 'BR'}</msg>
<arg>${json_data['results'][0]}</arg>
<doc>Logs the given message with the given level.</doc>
<status status="PASS" start="2024-04-27T15:12:55.101461" elapsed="0.000430"/>
</kw>
<kw name="Log" owner="BuiltIn">
<msg time="2024-04-27T15:12:55.102317" level="INFO">location</msg>
<arg>${key}</arg>
<doc>Logs the given message with the given level.</doc>
<status status="PASS" start="2024-04-27T15:12:55.102194" elapsed="0.000160"/>
</kw>
<var name="${key}">location</var>
<status status="PASS" start="2024-04-27T15:12:55.100633" elapsed="0.001934"/>
</iter>
<iter>
<kw name="Dictionary Should Contain Key" owner="Collections">
<msg time="2024-04-27T15:12:55.103245" level="INFO">False</msg>
<arg>${json_data['results'][0]}</arg>
<arg>${key}</arg>
<doc>Fails if ``key`` is not found from ``dictionary``.</doc>
<status status="PASS" start="2024-04-27T15:12:55.102854" elapsed="0.000428"/>
</kw>
<kw name="Log" owner="BuiltIn">
<msg time="2024-04-27T15:12:55.103976" level="INFO">{'gender': 'female', 'name': {'title': 'Mrs', 'first': 'Marília', 'last': 'Oliveira'}, 'location': {'street': {'number': 9604, 'name': 'Rua São Francisco '}, 'city': 'Santa Maria', 'state': 'Roraima', 'country': 'Brazil', 'postcode': 17058, 'coordinates': {'latitude': '-73.5882', 'longitude': '35.3570'}, 'timezone': {'offset': '-12:00', 'description': 'Eniwetok, Kwajalein'}}, 'email': 'marilia.oliveira@example.com', 'login': {'uuid': 'ab60fbcd-1a8e-48cd-bb99-075bd9f66543', 'username': 'organicbird545', 'password': 'manowar', 'salt': 'PF6HW2oS', 'md5': '2eca1615432ac3cc20731587eed3d04d', 'sha1': '6f2347db11836a2c35ad7ee0f74aff60f25fd333', 'sha256': '4c43eb7a7b6296a9fa34213b6c1f2f94f4733a4a1e1f52639f6bd0548abd403f'}, 'dob': {'date': '1963-05-12T06:15:36.981Z', 'age': 60}, 'registered': {'date': '2016-10-01T22:13:43.251Z', 'age': 7}, 'phone': '(59) 4332-2990', 'cell': '(40) 1046-6926', 'id': {'name': 'CPF', 'value': '068.133.133-96'}, 'picture': {'large': 'https://randomuser.me/api/portraits/women/78.jpg', 'medium': 'https://randomuser.me/api/portraits/med/women/78.jpg', 'thumbnail': 'https://randomuser.me/api/portraits/thumb/women/78.jpg'}, 'nat': 'BR'}</msg>
<arg>${json_data['results'][0]}</arg>
<doc>Logs the given message with the given level.</doc>
<status status="PASS" start="2024-04-27T15:12:55.103599" elapsed="0.000426"/>
</kw>
<kw name="Log" owner="BuiltIn">
<msg time="2024-04-27T15:12:55.104448" level="INFO">email</msg>
<arg>${key}</arg>
<doc>Logs the given message with the given level.</doc>
<status status="PASS" start="2024-04-27T15:12:55.104322" elapsed="0.000163"/>
</kw>
<var name="${key}">email</var>
<status status="PASS" start="2024-04-27T15:12:55.102743" elapsed="0.001955"/>
</iter>
<iter>
<kw name="Dictionary Should Contain Key" owner="Collections">
<msg time="2024-04-27T15:12:55.105366" level="INFO">False</msg>
<arg>${json_data['results'][0]}</arg>
<arg>${key}</arg>
<doc>Fails if ``key`` is not found from ``dictionary``.</doc>
<status status="PASS" start="2024-04-27T15:12:55.104987" elapsed="0.000414"/>
</kw>
<kw name="Log" owner="BuiltIn">
<msg time="2024-04-27T15:12:55.106025" level="INFO">{'gender': 'female', 'name': {'title': 'Mrs', 'first': 'Marília', 'last': 'Oliveira'}, 'location': {'street': {'number': 9604, 'name': 'Rua São Francisco '}, 'city': 'Santa Maria', 'state': 'Roraima', 'country': 'Brazil', 'postcode': 17058, 'coordinates': {'latitude': '-73.5882', 'longitude': '35.3570'}, 'timezone': {'offset': '-12:00', 'description': 'Eniwetok, Kwajalein'}}, 'email': 'marilia.oliveira@example.com', 'login': {'uuid': 'ab60fbcd-1a8e-48cd-bb99-075bd9f66543', 'username': 'organicbird545', 'password': 'manowar', 'salt': 'PF6HW2oS', 'md5': '2eca1615432ac3cc20731587eed3d04d', 'sha1': '6f2347db11836a2c35ad7ee0f74aff60f25fd333', 'sha256': '4c43eb7a7b6296a9fa34213b6c1f2f94f4733a4a1e1f52639f6bd0548abd403f'}, 'dob': {'date': '1963-05-12T06:15:36.981Z', 'age': 60}, 'registered': {'date': '2016-10-01T22:13:43.251Z', 'age': 7}, 'phone': '(59) 4332-2990', 'cell': '(40) 1046-6926', 'id': {'name': 'CPF', 'value': '068.133.133-96'}, 'picture': {'large': 'https://randomuser.me/api/portraits/women/78.jpg', 'medium': 'https://randomuser.me/api/portraits/med/women/78.jpg', 'thumbnail': 'https://randomuser.me/api/portraits/thumb/women/78.jpg'}, 'nat': 'BR'}</msg>
<arg>${json_data['results'][0]}</arg>
<doc>Logs the given message with the given level.</doc>
<status status="PASS" start="2024-04-27T15:12:55.105683" elapsed="0.000387"/>
</kw>
<kw name="Log" owner="BuiltIn">
<msg time="2024-04-27T15:12:55.106458" level="INFO">login</msg>
<arg>${key}</arg>
<doc>Logs the given message with the given level.</doc>
<status status="PASS" start="2024-04-27T15:12:55.106343" elapsed="0.000148"/>
</kw>
<var name="${key}">login</var>
<status status="PASS" start="2024-04-27T15:12:55.104875" elapsed="0.001835"/>
</iter>
<var>${key}</var>
<value>@{expected_keys}</value>
<status status="PASS" start="2024-04-27T15:12:55.096318" elapsed="0.010506"/>
</for>
<kw name="Create List" owner="BuiltIn">
<msg time="2024-04-27T15:12:55.107128" level="INFO">${expected_keysTwo} = ['username', 'password']</msg>
<var>${expected_keysTwo}</var>
<arg>username</arg>
<arg>password</arg>
<doc>Returns a list containing given items.</doc>
<status status="PASS" start="2024-04-27T15:12:55.107002" elapsed="0.000148"/>
</kw>
<for flavor="IN">
<iter>
<kw name="Dictionary Should Contain Key" owner="Collections">
<msg time="2024-04-27T15:12:55.107993" level="INFO">False</msg>
<arg>${json_data['results'][0]['login']}</arg>
<arg>${keyTwo}</arg>
<doc>Fails if ``key`` is not found from ``dictionary``.</doc>
<status status="PASS" start="2024-04-27T15:12:55.107622" elapsed="0.000406"/>
</kw>
<kw name="Dictionary Should Contain Key" owner="Collections">
<msg time="2024-04-27T15:12:55.108649" level="INFO">False</msg>
<arg>${json_data['results'][0]['login']}</arg>
<arg>${keyTwo}</arg>
<doc>Fails if ``key`` is not found from ``dictionary``.</doc>
<status status="PASS" start="2024-04-27T15:12:55.108297" elapsed="0.000386"/>
</kw>
<kw name="Log" owner="BuiltIn">
<msg time="2024-04-27T15:12:55.109065" level="INFO">username</msg>
<arg>${keyTwo}</arg>
<doc>Logs the given message with the given level.</doc>
<status status="PASS" start="2024-04-27T15:12:55.108950" elapsed="0.000153"/>
</kw>
<var name="${keyTwo}">username</var>
<status status="PASS" start="2024-04-27T15:12:55.107501" elapsed="0.001799"/>
</iter>
<iter>
<kw name="Dictionary Should Contain Key" owner="Collections">
<msg time="2024-04-27T15:12:55.109982" level="INFO">False</msg>
<arg>${json_data['results'][0]['login']}</arg>
<arg>${keyTwo}</arg>
<doc>Fails if ``key`` is not found from ``dictionary``.</doc>
<status status="PASS" start="2024-04-27T15:12:55.109556" elapsed="0.000467"/>
</kw>
<kw name="Dictionary Should Contain Key" owner="Collections">
<msg time="2024-04-27T15:12:55.110640" level="INFO">False</msg>
<arg>${json_data['results'][0]['login']}</arg>
<arg>${keyTwo}</arg>
<doc>Fails if ``key`` is not found from ``dictionary``.</doc>
<status status="PASS" start="2024-04-27T15:12:55.110294" elapsed="0.000379"/>
</kw>
<kw name="Log" owner="BuiltIn">
<msg time="2024-04-27T15:12:55.111069" level="INFO">password</msg>
<arg>${keyTwo}</arg>
<doc>Logs the given message with the given level.</doc>
<status status="PASS" start="2024-04-27T15:12:55.110945" elapsed="0.000159"/>
</kw>
<var name="${keyTwo}">password</var>
<status status="PASS" start="2024-04-27T15:12:55.109455" elapsed="0.001859"/>
</iter>
<var>${keyTwo}</var>
<value>@{expected_keysTwo}</value>
<status status="PASS" start="2024-04-27T15:12:55.107364" elapsed="0.004069"/>
</for>
<status status="PASS" start="2024-04-27T15:12:54.593547" elapsed="0.518043"/>
</kw>
<doc>Testa a estrutura da resposta da API.</doc>
<tag>testeEstruturaResposta</tag>
<status status="PASS" start="2024-04-27T15:12:54.592956" elapsed="0.518796"/>
</test>
<test id="s1-s1-t4" name="Validar tipos de dados" line="28">
<kw name="Teste de Tipos de Dados" owner="random-user-service">
<kw name="GET On Session" owner="RequestsLibrary">
<msg time="2024-04-27T15:12:55.234381" level="INFO">GET Request : url=https://randomuser.me/api 
 path_url=/api 
 headers={'User-Agent': 'python-requests/2.31.0', 'Accept-Encoding': 'gzip, deflate', 'Accept': '*/*', 'Connection': 'keep-alive'} 
 body=None 
 </msg>
<msg time="2024-04-27T15:12:55.234467" level="INFO">GET Response : url=https://randomuser.me/api 
 status=200, reason=OK 
 headers={'Date': 'Sat, 27 Apr 2024 15:12:55 GMT', 'Content-Type': 'application/json; charset=utf-8', 'Transfer-Encoding': 'chunked', 'Connection': 'keep-alive', 'X-Powered-By': 'Express', 'Access-Control-Allow-Origin': '*', 'Cache-Control': 'no-cache', 'ETag': 'W/"495-AwaA1H16nO/dYeyT5yRl5Fzo/MM"', 'Vary': 'Accept-Encoding', 'Content-Encoding': 'gzip', 'CF-Cache-Status': 'DYNAMIC', 'Report-To': '{"endpoints":[{"url":"https:\\/\\/a.nel.cloudflare.com\\/report\\/v4?s=%2BXyIBpfDeRTUciLAo8Vpgu9w6ZFDuKVa1LWTghUCYXiNV9dEa6kNrcNE0DpuaMnCMdN6mLbk1FloeVZ6cUSFzhFRvmVs9V9sH%2B3h3hKnzGlafVMB%2FER%2B8TXwO0DaN14B"}],"group":"cf-nel","max_age":604800}', 'NEL': '{"success_fraction":0,"report_to":"cf-nel","max_age":604800}', 'Server': 'cloudflare', 'CF-RAY': '87afc0e87f2961f0-ORD', 'alt-svc': 'h3=":443"; ma=86400'} 
 body={"results":[{"gender":"male","name":{"title":"Mr","first":"Brent","last":"Dixon"},"location":{"street":{"number":9875,"name":"Blossom Hill Rd"},"city":"Adelaide","state":"New South Wales","country":"Australia","postcode":2787,"coordinates":{"latitude":"-89.3943","longitude":"-66.2316"},"timezone":{"offset":"-6:00","description":"Central Time (US &amp; Canada), Mexico City"}},"email":"brent.dixon@example.com","login":{"uuid":"133f0024-82fa-402c-a4e5-3d253e0cdf8c","username":"whitefrog283","password":"darlene","salt":"Fj7NciXj","md5":"95cf625c74f21484520a732d7d67376e","sha1":"dd3e5a6f15c16a1b2b4ff7f8d192968d83aa21ea","sha256":"2a8423e3920c0c590e4feebb49c10cbb5406d5069d581f9f81d13cc8ac60e856"},"dob":{"date":"1993-09-27T16:02:08.401Z","age":30},"registered":{"date":"2004-10-17T00:40:44.645Z","age":19},"phone":"02-8088-9574","cell":"0480-270-999","id":{"name":"TFN","value":"831209056"},"picture":{"large":"https://randomuser.me/api/portraits/men/32.jpg","medium":"https://randomuser.me/api/portraits/med/men/32.jpg","thumbnail":"https://randomuser.me/api/portraits/thumb/men/32.jpg"},"nat":"AU"}],"info":{"seed":"0736f5f5fcb52430","results":1,"page":1,"version":"1.4"}} 
 </msg>
<msg time="2024-04-27T15:12:55.234544" level="INFO">/opt/hostedtoolcache/Python/3.12.3/x64/lib/python3.12/site-packages/urllib3/connectionpool.py:1103: InsecureRequestWarning: Unverified HTTPS request is being made to host 'randomuser.me'. Adding certificate verification is strongly advised. See: https://urllib3.readthedocs.io/en/latest/advanced-usage.html#tls-warnings
  warnings.warn(</msg>
<msg time="2024-04-27T15:12:55.234658" level="INFO">${response} = &lt;Response [200]&gt;</msg>
<var>${response}</var>
<arg>consultarAPI</arg>
<arg>/api</arg>
<doc>Sends a GET request on a previously created HTTP Session.</doc>
<status status="PASS" start="2024-04-27T15:12:55.114121" elapsed="0.120585"/>
</kw>
<kw name="Set Variable" owner="BuiltIn">
<msg time="2024-04-27T15:12:55.235646" level="INFO">${json_data} = {'results': [{'gender': 'male', 'name': {'title': 'Mr', 'first': 'Brent', 'last': 'Dixon'}, 'location': {'street': {'number': 9875, 'name': 'Blossom Hill Rd'}, 'city': 'Adelaide', 'state': 'New South ...</msg>
<var>${json_data}</var>
<arg>${response.json()}</arg>
<doc>Returns the given values which can then be assigned to a variables.</doc>
<status status="PASS" start="2024-04-27T15:12:55.235160" elapsed="0.000524"/>
</kw>
<kw name="Log" owner="BuiltIn">
<msg time="2024-04-27T15:12:55.236134" level="INFO">{'results': [{'gender': 'male', 'name': {'title': 'Mr', 'first': 'Brent', 'last': 'Dixon'}, 'location': {'street': {'number': 9875, 'name': 'Blossom Hill Rd'}, 'city': 'Adelaide', 'state': 'New South Wales', 'country': 'Australia', 'postcode': 2787, 'coordinates': {'latitude': '-89.3943', 'longitude': '-66.2316'}, 'timezone': {'offset': '-6:00', 'description': 'Central Time (US &amp; Canada), Mexico City'}}, 'email': 'brent.dixon@example.com', 'login': {'uuid': '133f0024-82fa-402c-a4e5-3d253e0cdf8c', 'username': 'whitefrog283', 'password': 'darlene', 'salt': 'Fj7NciXj', 'md5': '95cf625c74f21484520a732d7d67376e', 'sha1': 'dd3e5a6f15c16a1b2b4ff7f8d192968d83aa21ea', 'sha256': '2a8423e3920c0c590e4feebb49c10cbb5406d5069d581f9f81d13cc8ac60e856'}, 'dob': {'date': '1993-09-27T16:02:08.401Z', 'age': 30}, 'registered': {'date': '2004-10-17T00:40:44.645Z', 'age': 19}, 'phone': '02-8088-9574', 'cell': '0480-270-999', 'id': {'name': 'TFN', 'value': '831209056'}, 'picture': {'large': 'https://randomuser.me/api/portraits/men/32.jpg', 'medium': 'https://randomuser.me/api/portraits/med/men/32.jpg', 'thumbnail': 'https://randomuser.me/api/portraits/thumb/men/32.jpg'}, 'nat': 'AU'}], 'info': {'seed': '0736f5f5fcb52430', 'results': 1, 'page': 1, 'version': '1.4'}}</msg>
<arg>${json_data}</arg>
<doc>Logs the given message with the given level.</doc>
<status status="PASS" start="2024-04-27T15:12:55.235985" elapsed="0.000228"/>
</kw>
<kw name="Should Be String" owner="String">
<arg>${json_data['results'][0]['gender']}</arg>
<doc>Fails if the given ``item`` is not a string.</doc>
<status status="PASS" start="2024-04-27T15:12:55.236511" elapsed="0.000352"/>
</kw>
<kw name="Should Match Regexp" owner="BuiltIn">
<arg>${json_data['results'][0]['email']}</arg>
<arg>^[a-zA-Z0-9._%+-]+@[a-zA-Z0-9.-]+\.[a-zA-Z]{2,}$</arg>
<doc>Fails if ``string`` does not match ``pattern`` as a regular expression.</doc>
<status status="PASS" start="2024-04-27T15:12:55.237053" elapsed="0.000504"/>
</kw>
<kw name="Should Match Regexp" owner="BuiltIn">
<arg>${json_data['results'][0]['dob']['date']}</arg>
<arg>\\d{4}-\\d{2}-\\d{2}T\\d{2}:\\d{2}:\\d{2}\\.\\d{3}Z</arg>
<doc>Fails if ``string`` does not match ``pattern`` as a regular expression.</doc>
<status status="PASS" start="2024-04-27T15:12:55.237750" elapsed="0.000473"/>
</kw>
<kw name="Should Match Regexp" owner="BuiltIn">
<arg>${json_data['results'][0]['registered']['date']}</arg>
<arg>\\d{4}-\\d{2}-\\d{2}T\\d{2}:\\d{2}:\\d{2}\\.\\d{3}Z</arg>
<doc>Fails if ``string`` does not match ``pattern`` as a regular expression.</doc>
<status status="PASS" start="2024-04-27T15:12:55.238411" elapsed="0.000359"/>
</kw>
<kw name="Should Match Regexp" owner="BuiltIn">
<arg>${json_data['results'][0]['picture']['large']}</arg>
<arg>^https?://.*\.(?:png|jpe?g|gif|bmp)$</arg>
<doc>Fails if ``string`` does not match ``pattern`` as a regular expression.</doc>
<status status="PASS" start="2024-04-27T15:12:55.238953" elapsed="0.000454"/>
</kw>
<kw name="Should Match Regexp" owner="BuiltIn">
<arg>${json_data['results'][0]['picture']['medium']}</arg>
<arg>^https?://.*\.(?:png|jpe?g|gif|bmp)$</arg>
<doc>Fails if ``string`` does not match ``pattern`` as a regular expression.</doc>
<status status="PASS" start="2024-04-27T15:12:55.239612" elapsed="0.000367"/>
</kw>
<kw name="Should Match Regexp" owner="BuiltIn">
<arg>${json_data['results'][0]['picture']['thumbnail']}</arg>
<arg>^https?://.*\.(?:png|jpe?g|gif|bmp)$</arg>
<doc>Fails if ``string`` does not match ``pattern`` as a regular expression.</doc>
<status status="PASS" start="2024-04-27T15:12:55.240169" elapsed="0.000346"/>
</kw>
<kw name="Log" owner="BuiltIn">
<msg time="2024-04-27T15:12:55.241010" level="INFO">{'large': 'https://randomuser.me/api/portraits/men/32.jpg', 'medium': 'https://randomuser.me/api/portraits/med/men/32.jpg', 'thumbnail': 'https://randomuser.me/api/portraits/thumb/men/32.jpg'}</msg>
<arg>${json_data['results'][0]['picture']}</arg>
<doc>Logs the given message with the given level.</doc>
<status status="PASS" start="2024-04-27T15:12:55.240692" elapsed="0.000359"/>
</kw>
<status status="PASS" start="2024-04-27T15:12:55.113917" elapsed="0.127380"/>
</kw>
<kw name="Teste de Tipos de Dados - Postcode" owner="random-user-service">
<kw name="GET On Session" owner="RequestsLibrary">
<msg time="2024-04-27T15:12:55.292454" level="INFO">GET Request : url=https://randomuser.me/api 
 path_url=/api 
 headers={'User-Agent': 'python-requests/2.31.0', 'Accept-Encoding': 'gzip, deflate', 'Accept': '*/*', 'Connection': 'keep-alive'} 
 body=None 
 </msg>
<msg time="2024-04-27T15:12:55.292538" level="INFO">GET Response : url=https://randomuser.me/api 
 status=200, reason=OK 
 headers={'Date': 'Sat, 27 Apr 2024 15:12:55 GMT', 'Content-Type': 'application/json; charset=utf-8', 'Transfer-Encoding': 'chunked', 'Connection': 'keep-alive', 'X-Powered-By': 'Express', 'Access-Control-Allow-Origin': '*', 'Cache-Control': 'no-cache', 'ETag': 'W/"4b1-aUDIEUCPOUIz7zdsVkR7EsqUV78"', 'Vary': 'Accept-Encoding', 'Content-Encoding': 'gzip', 'CF-Cache-Status': 'DYNAMIC', 'Report-To': '{"endpoints":[{"url":"https:\\/\\/a.nel.cloudflare.com\\/report\\/v4?s=AxZtlAhTfjWmdCnBz0ET2PTwEsgeexiElCeQFaemglTcgxwLOH9jVWq7Wt64rU9SQSPRVGTwQZk9ydELZBCTxR5tXOgEILsFV3smPJlIyJjEsVaTFxtztq%2FMlKG8xP%2Bq"}],"group":"cf-nel","max_age":604800}', 'NEL': '{"success_fraction":0,"report_to":"cf-nel","max_age":604800}', 'Server': 'cloudflare', 'CF-RAY': '87afc0e9480a61f0-ORD', 'alt-svc': 'h3=":443"; ma=86400'} 
 body={"results":[{"gender":"female","name":{"title":"Ms","first":"Marisol","last":"Aguirre"},"location":{"street":{"number":5227,"name":"Prolongación Sonora"},"city":"Santiago Matatlán","state":"Tabasco","country":"Mexico","postcode":63299,"coordinates":{"latitude":"23.2376","longitude":"32.1503"},"timezone":{"offset":"-6:00","description":"Central Time (US &amp; Canada), Mexico City"}},"email":"marisol.aguirre@example.com","login":{"uuid":"a0f38ecd-97ee-4f09-b317-d04dac01192a","username":"lazysnake117","password":"barney1","salt":"E550bL0o","md5":"b28c240886d4ffc8c5f3cec22a6d3282","sha1":"e2b032fefb330ffc1afbd0898c79932d30ff5605","sha256":"a7e7ae749c3a1d9f86983ac9ccc94ecbbd839cacb04fc16fa3b6172985cd0572"},"dob":{"date":"1958-11-19T08:07:19.220Z","age":65},"registered":{"date":"2018-11-20T08:35:47.448Z","age":5},"phone":"(680) 115 1606","cell":"(693) 757 2687","id":{"name":"NSS","value":"13 41 27 6362 9"},"picture":{"large":"https://randomuser.me/api/portraits/women/65.jpg","medium":"https://randomuser.me/api/portraits/med/women/65.jpg","thumbnail":"https://randomuser.me/api/portraits/thumb/women/65.jpg"},"nat":"MX"}],"info":{"seed":"59697248f2e98c37","results":1,"page":1,"version":"1.4"}} 
 </msg>
<msg time="2024-04-27T15:12:55.292614" level="INFO">/opt/hostedtoolcache/Python/3.12.3/x64/lib/python3.12/site-packages/urllib3/connectionpool.py:1103: InsecureRequestWarning: Unverified HTTPS request is being made to host 'randomuser.me'. Adding certificate verification is strongly advised. See: https://urllib3.readthedocs.io/en/latest/advanced-usage.html#tls-warnings
  warnings.warn(</msg>
<msg time="2024-04-27T15:12:55.292723" level="INFO">${response} = &lt;Response [200]&gt;</msg>
<var>${response}</var>
<arg>consultarAPI</arg>
<arg>/api</arg>
<doc>Sends a GET request on a previously created HTTP Session.</doc>
<status status="PASS" start="2024-04-27T15:12:55.241729" elapsed="0.051033"/>
</kw>
<kw name="Set Variable" owner="BuiltIn">
<msg time="2024-04-27T15:12:55.293609" level="INFO">${json_data} = {'results': [{'gender': 'female', 'name': {'title': 'Ms', 'first': 'Marisol', 'last': 'Aguirre'}, 'location': {'street': {'number': 5227, 'name': 'Prolongación Sonora'}, 'city': 'Santiago Matatlán', '...</msg>
<var>${json_data}</var>
<arg>${response.json()}</arg>
<doc>Returns the given values which can then be assigned to a variables.</doc>
<status status="PASS" start="2024-04-27T15:12:55.293160" elapsed="0.000477"/>
</kw>
<kw name="Log" owner="BuiltIn">
<msg time="2024-04-27T15:12:55.294082" level="INFO">{'results': [{'gender': 'female', 'name': {'title': 'Ms', 'first': 'Marisol', 'last': 'Aguirre'}, 'location': {'street': {'number': 5227, 'name': 'Prolongación Sonora'}, 'city': 'Santiago Matatlán', 'state': 'Tabasco', 'country': 'Mexico', 'postcode': 63299, 'coordinates': {'latitude': '23.2376', 'longitude': '32.1503'}, 'timezone': {'offset': '-6:00', 'description': 'Central Time (US &amp; Canada), Mexico City'}}, 'email': 'marisol.aguirre@example.com', 'login': {'uuid': 'a0f38ecd-97ee-4f09-b317-d04dac01192a', 'username': 'lazysnake117', 'password': 'barney1', 'salt': 'E550bL0o', 'md5': 'b28c240886d4ffc8c5f3cec22a6d3282', 'sha1': 'e2b032fefb330ffc1afbd0898c79932d30ff5605', 'sha256': 'a7e7ae749c3a1d9f86983ac9ccc94ecbbd839cacb04fc16fa3b6172985cd0572'}, 'dob': {'date': '1958-11-19T08:07:19.220Z', 'age': 65}, 'registered': {'date': '2018-11-20T08:35:47.448Z', 'age': 5}, 'phone': '(680) 115 1606', 'cell': '(693) 757 2687', 'id': {'name': 'NSS', 'value': '13 41 27 6362 9'}, 'picture': {'large': 'https://randomuser.me/api/portraits/women/65.jpg', 'medium': 'https://randomuser.me/api/portraits/med/women/65.jpg', 'thumbnail': 'https://randomuser.me/api/portraits/thumb/women/65.jpg'}, 'nat': 'MX'}], 'info': {'seed': '59697248f2e98c37', 'results': 1, 'page': 1, 'version': '1.4'}}</msg>
<arg>${json_data}</arg>
<doc>Logs the given message with the given level.</doc>
<status status="PASS" start="2024-04-27T15:12:55.293940" elapsed="0.000214"/>
</kw>
<kw name="Should Be Equal As Numbers" owner="BuiltIn">
<arg>${json_data['results'][0]['location']['postcode']}</arg>
<arg>${json_data['results'][0]['location']['postcode']}</arg>
<doc>Fails if objects are unequal after converting them to real numbers.</doc>
<status status="PASS" start="2024-04-27T15:12:55.294539" elapsed="0.000563"/>
</kw>
<kw name="Log" owner="BuiltIn">
<msg time="2024-04-27T15:12:55.295621" level="INFO">63299</msg>
<arg>${json_data['results'][0]['location']['postcode']}</arg>
<doc>Logs the given message with the given level.</doc>
<status status="PASS" start="2024-04-27T15:12:55.295278" elapsed="0.000393"/>
</kw>
<status status="PASS" start="2024-04-27T15:12:55.241505" elapsed="0.054399"/>
</kw>
<doc>Testa se os tipos de dados na resposta da API estão corretos.</doc>
<tag>testeTiposDados</tag>
<status status="PASS" start="2024-04-27T15:12:55.113423" elapsed="0.182622"/>
</test>
<test id="s1-s1-t5" name="Validar conteudo" line="35">
<kw name="Teste de Tipos de Conteudo" owner="random-user-service">
<kw name="GET On Session" owner="RequestsLibrary">
<msg time="2024-04-27T15:12:55.402827" level="INFO">GET Request : url=https://randomuser.me/api 
 path_url=/api 
 headers={'User-Agent': 'python-requests/2.31.0', 'Accept-Encoding': 'gzip, deflate', 'Accept': '*/*', 'Connection': 'keep-alive'} 
 body=None 
 </msg>
<msg time="2024-04-27T15:12:55.402910" level="INFO">GET Response : url=https://randomuser.me/api 
 status=200, reason=OK 
 headers={'Date': 'Sat, 27 Apr 2024 15:12:55 GMT', 'Content-Type': 'application/json; charset=utf-8', 'Transfer-Encoding': 'chunked', 'Connection': 'keep-alive', 'X-Powered-By': 'Express', 'Access-Control-Allow-Origin': '*', 'Cache-Control': 'no-cache', 'ETag': 'W/"493-Bp0FzelDeU3OXyjOSaS+XYVyI2Y"', 'Vary': 'Accept-Encoding', 'Content-Encoding': 'gzip', 'CF-Cache-Status': 'DYNAMIC', 'Report-To': '{"endpoints":[{"url":"https:\\/\\/a.nel.cloudflare.com\\/report\\/v4?s=r%2BkJKcRdG2%2F8G4ob76tf8bAlK4Y4lNF9EUNuUWolxNsuFigmHAT9bkg5IeMJZZL55CkjtoVc%2FZ27VwniRPIhLG03f1LkU%2B%2FVJknwKn8KU04fk%2Fx7LSXVYNgSAJWMIiOJ"}],"group":"cf-nel","max_age":604800}', 'NEL': '{"success_fraction":0,"report_to":"cf-nel","max_age":604800}', 'Server': 'cloudflare', 'CF-RAY': '87afc0e9a87e61f0-ORD', 'alt-svc': 'h3=":443"; ma=86400'} 
 body={"results":[{"gender":"male","name":{"title":"Mr","first":"Pranit","last":"Shenoy"},"location":{"street":{"number":8041,"name":"Colaba Causeway"},"city":"Narasaraopet","state":"Odisha","country":"India","postcode":32220,"coordinates":{"latitude":"11.3985","longitude":"-62.3631"},"timezone":{"offset":"+3:00","description":"Baghdad, Riyadh, Moscow, St. Petersburg"}},"email":"pranit.shenoy@example.com","login":{"uuid":"bd8c3ab3-ae23-42f6-9f9e-577cdf728f79","username":"purpletiger391","password":"wannabe","salt":"Q4kmi0xL","md5":"9bcac96e0d633df967496c1d116ae931","sha1":"c2bc54a694fc5badd9666cb561ca7de3d9641f3f","sha256":"2d9f008dc10dce248d13579b37b9d0a8ad704545d7d15ca87c228a26b71fe70f"},"dob":{"date":"1970-05-22T21:15:19.599Z","age":53},"registered":{"date":"2011-09-03T14:55:27.385Z","age":12},"phone":"9941594527","cell":"7622417647","id":{"name":"UIDAI","value":"042998481381"},"picture":{"large":"https://randomuser.me/api/portraits/men/79.jpg","medium":"https://randomuser.me/api/portraits/med/men/79.jpg","thumbnail":"https://randomuser.me/api/portraits/thumb/men/79.jpg"},"nat":"IN"}],"info":{"seed":"37254d94a0622489","results":1,"page":1,"version":"1.4"}} 
 </msg>
<msg time="2024-04-27T15:12:55.402991" level="INFO">/opt/hostedtoolcache/Python/3.12.3/x64/lib/python3.12/site-packages/urllib3/connectionpool.py:1103: InsecureRequestWarning: Unverified HTTPS request is being made to host 'randomuser.me'. Adding certificate verification is strongly advised. See: https://urllib3.readthedocs.io/en/latest/advanced-usage.html#tls-warnings
  warnings.warn(</msg>
<msg time="2024-04-27T15:12:55.403126" level="INFO">${response} = &lt;Response [200]&gt;</msg>
<var>${response}</var>
<arg>consultarAPI</arg>
<arg>/api</arg>
<doc>Sends a GET request on a previously created HTTP Session.</doc>
<status status="PASS" start="2024-04-27T15:12:55.298266" elapsed="0.104926"/>
</kw>
<kw name="Set Variable" owner="BuiltIn">
<msg time="2024-04-27T15:12:55.404216" level="INFO">${json_data} = {'results': [{'gender': 'male', 'name': {'title': 'Mr', 'first': 'Pranit', 'last': 'Shenoy'}, 'location': {'street': {'number': 8041, 'name': 'Colaba Causeway'}, 'city': 'Narasaraopet', 'state': 'Odis...</msg>
<var>${json_data}</var>
<arg>${response.json()}</arg>
<doc>Returns the given values which can then be assigned to a variables.</doc>
<status status="PASS" start="2024-04-27T15:12:55.403724" elapsed="0.000517"/>
</kw>
<kw name="Set Variable" owner="BuiltIn">
<msg time="2024-04-27T15:12:55.404870" level="INFO">${name_title} = Mr</msg>
<var>${name_title}</var>
<arg>${json_data["results"][0]["name"]["title"]}</arg>
<doc>Returns the given values which can then be assigned to a variables.</doc>
<status status="PASS" start="2024-04-27T15:12:55.404521" elapsed="0.000372"/>
</kw>
<kw name="Create List" owner="BuiltIn">
<msg time="2024-04-27T15:12:55.405294" level="INFO">${allowed_titles} = ['Mr', 'Ms', 'Miss', 'Mrs', 'Madame', 'Monsieur']</msg>
<var>${allowed_titles}</var>
<arg>Mr</arg>
<arg>Ms</arg>
<arg>Miss</arg>
<arg>Mrs</arg>
<arg>Madame</arg>
<arg>Monsieur</arg>
<doc>Returns a list containing given items.</doc>
<status status="PASS" start="2024-04-27T15:12:55.405162" elapsed="0.000153"/>
</kw>
<kw name="List Should Contain Value" owner="Collections">
<msg time="2024-04-27T15:12:55.405745" level="INFO">False</msg>
<arg>${allowed_titles}</arg>
<arg>${name_title}</arg>
<doc>Fails if the ``value`` is not found from ``list``.</doc>
<status status="PASS" start="2024-04-27T15:12:55.405587" elapsed="0.000190"/>
</kw>
<kw name="Set Variable" owner="BuiltIn">
<msg time="2024-04-27T15:12:55.406388" level="INFO">${name_country} = IN</msg>
<var>${name_country}</var>
<arg>${json_data["results"][0]["nat"]}</arg>
<doc>Returns the given values which can then be assigned to a variables.</doc>
<status status="PASS" start="2024-04-27T15:12:55.406041" elapsed="0.000369"/>
</kw>
<kw name="Create List" owner="BuiltIn">
<msg time="2024-04-27T15:12:55.407219" level="INFO">${list_country} = ['AD', 'AE', 'AF', 'AG', 'AI', 'AL', 'AM', 'AO', 'AQ', 'AR', 'AS', 'AT', 'AU', 'AW', 'AX', 'AZ', 'BA', 'BB', 'BD', 'BE', 'BF', 'BG', 'BH', 'BI', 'BJ', 'BL', 'BM', 'BN', 'BO', 'BQ', 'BR', 'BS', 'BT', '...</msg>
<var>${list_country}</var>
<arg>AD</arg>
<arg>AE</arg>
<arg>AF</arg>
<arg>AG</arg>
<arg>AI</arg>
<arg>AL</arg>
<arg>AM</arg>
<arg>AO</arg>
<arg>AQ</arg>
<arg>AR</arg>
<arg>AS</arg>
<arg>AT</arg>
<arg>AU</arg>
<arg>AW</arg>
<arg>AX</arg>
<arg>AZ</arg>
<arg>BA</arg>
<arg>BB</arg>
<arg>BD</arg>
<arg>BE</arg>
<arg>BF</arg>
<arg>BG</arg>
<arg>BH</arg>
<arg>BI</arg>
<arg>BJ</arg>
<arg>BL</arg>
<arg>BM</arg>
<arg>BN</arg>
<arg>BO</arg>
<arg>BQ</arg>
<arg>BR</arg>
<arg>BS</arg>
<arg>BT</arg>
<arg>BV</arg>
<arg>BW</arg>
<arg>BY</arg>
<arg>BZ</arg>
<arg>CA</arg>
<arg>CC</arg>
<arg>CD</arg>
<arg>CF</arg>
<arg>CG</arg>
<arg>CH</arg>
<arg>CI</arg>
<arg>CK</arg>
<arg>CL</arg>
<arg>CM</arg>
<arg>CN</arg>
<arg>CO</arg>
<arg>CR</arg>
<arg>CU</arg>
<arg>CV</arg>
<arg>CW</arg>
<arg>CX</arg>
<arg>CY</arg>
<arg>CZ</arg>
<arg>DE</arg>
<arg>DJ</arg>
<arg>DK</arg>
<arg>DM</arg>
<arg>DO</arg>
<arg>DZ</arg>
<arg>EC</arg>
<arg>EE</arg>
<arg>EG</arg>
<arg>EH</arg>
<arg>ER</arg>
<arg>ES</arg>
<arg>ET</arg>
<arg>FI</arg>
<arg>FJ</arg>
<arg>FK</arg>
<arg>FM</arg>
<arg>FO</arg>
<arg>FR</arg>
<arg>GA</arg>
<arg>GB</arg>
<arg>GD</arg>
<arg>GE</arg>
<arg>GF</arg>
<arg>GG</arg>
<arg>GH</arg>
<arg>GI</arg>
<arg>GL</arg>
<arg>GM</arg>
<arg>GN</arg>
<arg>GP</arg>
<arg>GQ</arg>
<arg>GR</arg>
<arg>GS</arg>
<arg>GT</arg>
<arg>GU</arg>
<arg>GW</arg>
<arg>GY</arg>
<arg>HK</arg>
<arg>HM</arg>
<arg>HN</arg>
<arg>HR</arg>
<arg>HT</arg>
<arg>HU</arg>
<arg>ID</arg>
<arg>IE</arg>
<arg>IL</arg>
<arg>IM</arg>
<arg>IN</arg>
<arg>IO</arg>
<arg>IQ</arg>
<arg>IR</arg>
<arg>IS</arg>
<arg>IT</arg>
<arg>JE</arg>
<arg>JM</arg>
<arg>JO</arg>
<arg>JP</arg>
<arg>KE</arg>
<arg>KG</arg>
<arg>KH</arg>
<arg>KI</arg>
<arg>KM</arg>
<arg>KN</arg>
<arg>KP</arg>
<arg>KR</arg>
<arg>KW</arg>
<arg>KY</arg>
<arg>KZ</arg>
<arg>LA</arg>
<arg>LB</arg>
<arg>LC</arg>
<arg>LI</arg>
<arg>LK</arg>
<arg>LR</arg>
<arg>LS</arg>
<arg>LT</arg>
<arg>LU</arg>
<arg>LV</arg>
<arg>LY</arg>
<arg>MA</arg>
<arg>MC</arg>
<arg>MD</arg>
<arg>ME</arg>
<arg>MF</arg>
<arg>MG</arg>
<arg>MH</arg>
<arg>MK</arg>
<arg>ML</arg>
<arg>MM</arg>
<arg>MN</arg>
<arg>MO</arg>
<arg>MP</arg>
<arg>MQ</arg>
<arg>MR</arg>
<arg>MS</arg>
<arg>MT</arg>
<arg>MU</arg>
<arg>MV</arg>
<arg>MW</arg>
<arg>MX</arg>
<arg>MY</arg>
<arg>MZ</arg>
<arg>NA</arg>
<arg>NC</arg>
<arg>NE</arg>
<arg>NF</arg>
<arg>NG</arg>
<arg>NI</arg>
<arg>NL</arg>
<arg>NO</arg>
<arg>NP</arg>
<arg>NR</arg>
<arg>NU</arg>
<arg>NZ</arg>
<arg>OM</arg>
<arg>PA</arg>
<arg>PE</arg>
<arg>PF</arg>
<arg>PG</arg>
<arg>PH</arg>
<arg>PK</arg>
<arg>PL</arg>
<arg>PM</arg>
<arg>PN</arg>
<arg>PR</arg>
<arg>PS</arg>
<arg>PT</arg>
<arg>PW</arg>
<arg>PY</arg>
<arg>QA</arg>
<arg>RE</arg>
<arg>RO</arg>
<arg>RS</arg>
<arg>RU</arg>
<arg>RW</arg>
<arg>SA</arg>
<arg>SB</arg>
<arg>SC</arg>
<arg>SD</arg>
<arg>SE</arg>
<arg>SG</arg>
<arg>SH</arg>
<arg>SI</arg>
<arg>SJ</arg>
<arg>SK</arg>
<arg>SL</arg>
<arg>SM</arg>
<arg>SN</arg>
<arg>SO</arg>
<arg>SR</arg>
<arg>SS</arg>
<arg>ST</arg>
<arg>SV</arg>
<arg>SX</arg>
<arg>SY</arg>
<arg>SZ</arg>
<arg>TC</arg>
<arg>TD</arg>
<arg>TF</arg>
<arg>TG</arg>
<arg>TH</arg>
<arg>TJ</arg>
<arg>TK</arg>
<arg>TL</arg>
<arg>TM</arg>
<arg>TN</arg>
<arg>TO</arg>
<arg>TR</arg>
<arg>TT</arg>
<arg>TV</arg>
<arg>TW</arg>
<arg>TZ</arg>
<arg>UA</arg>
<arg>UG</arg>
<arg>UM</arg>
<arg>US</arg>
<arg>UY</arg>
<arg>UZ</arg>
<arg>VA</arg>
<arg>VC</arg>
<arg>VE</arg>
<arg>VG</arg>
<arg>VI</arg>
<arg>VN</arg>
<arg>VU</arg>
<arg>WF</arg>
<arg>WS</arg>
<arg>XK</arg>
<arg>YE</arg>
<arg>YT</arg>
<arg>ZA</arg>
<arg>ZM</arg>
<arg>ZW</arg>
<doc>Returns a list containing given items.</doc>
<status status="PASS" start="2024-04-27T15:12:55.406683" elapsed="0.000560"/>
</kw>
<kw name="List Should Contain Value" owner="Collections">
<msg time="2024-04-27T15:12:55.408204" level="INFO">False</msg>
<arg>${list_country}</arg>
<arg>${name_country}</arg>
<doc>Fails if the ``value`` is not found from ``list``.</doc>
<status status="PASS" start="2024-04-27T15:12:55.408005" elapsed="0.000234"/>
</kw>
<kw name="Run Keyword If" owner="BuiltIn">
<kw name="Should Be True" owner="BuiltIn">
<arg>${True}</arg>
<doc>Fails if the given condition is not true.</doc>
<status status="PASS" start="2024-04-27T15:12:55.409274" elapsed="0.000226"/>
</kw>
<arg>${json_data["results"][0]["location"]["coordinates"]["latitude"]} &gt;= -90 and ${json_data["results"][0]["location"]["coordinates"]["latitude"]} &lt;= 90</arg>
<arg>Should Be True</arg>
<arg>${True}</arg>
<doc>Runs the given keyword with the given arguments, if ``condition`` is true.</doc>
<status status="PASS" start="2024-04-27T15:12:55.408553" elapsed="0.001068"/>
</kw>
<kw name="Run Keyword If" owner="BuiltIn">
<kw name="Should Be True" owner="BuiltIn">
<arg>${True}</arg>
<doc>Fails if the given condition is not true.</doc>
<status status="PASS" start="2024-04-27T15:12:55.410437" elapsed="0.000127"/>
</kw>
<arg>${json_data["results"][0]["location"]["coordinates"]["longitude"]} &gt;= -180 and ${json_data["results"][0]["location"]["coordinates"]["longitude"]} &lt;= 180</arg>
<arg>Should Be True</arg>
<arg>${True}</arg>
<doc>Runs the given keyword with the given arguments, if ``condition`` is true.</doc>
<status status="PASS" start="2024-04-27T15:12:55.409792" elapsed="0.000885"/>
</kw>
<status status="PASS" start="2024-04-27T15:12:55.298067" elapsed="0.112726"/>
</kw>
<doc>Testa o conteúdo específico dos campos retornados pela API.</doc>
<tag>testeConteudo</tag>
<status status="PASS" start="2024-04-27T15:12:55.297613" elapsed="0.113309"/>
</test>
<status status="PASS" start="2024-04-27T15:12:52.221288" elapsed="3.191564"/>
</suite>
<status status="PASS" start="2024-04-27T15:12:52.207934" elapsed="3.209783"/>
</suite>
<statistics>
<total>
<stat pass="5" fail="0" skip="0">All Tests</stat>
</total>
<tag>
<stat pass="1" fail="0" skip="0">testeConteudo</stat>
<stat pass="1" fail="0" skip="0">testeEstruturaResposta</stat>
<stat pass="1" fail="0" skip="0">testeRequisicaoBasica</stat>
<stat pass="1" fail="0" skip="0">testeTiposDados</stat>
</tag>
<suite>
<stat pass="5" fail="0" skip="0" id="s1" name="Tests">Tests</stat>
<stat pass="5" fail="0" skip="0" id="s1-s1" name="Random-User-Test">Tests.Random-User-Test</stat>
</suite>
</statistics>
<errors>
</errors>
</robot>
