<?xml version="1.0" encoding="UTF-8"?>
<robot generator="Robot 7.0 (Python 3.12.3 on linux)" generated="2024-06-04T20:41:45.589032" rpa="false" schemaversion="5">
<suite id="s1" name="Tests" source="/home/runner/work/ApiRandomUser/ApiRandomUser/RamdonUser/tests">
<suite id="s1-s1" name="Random-User-Test" source="/home/runner/work/ApiRandomUser/ApiRandomUser/RamdonUser/tests/random-user-test.robot">
<test id="s1-s1-t1" name="Conectar" line="13">
<kw name="Conectar API" owner="random-user-service">
<kw name="Create Session" owner="RequestsLibrary">
<msg time="2024-06-04T20:41:46.071442" level="INFO">Creating Session using : alias=consultarAPI, url=https://randomuser.me/, headers={},                     cookies={}, auth=None, timeout=None, proxies=None, verify=False,                     debug=0 </msg>
<arg>consultarAPI</arg>
<arg>${URL}</arg>
<doc>Create Session: create a HTTP session to a server</doc>
<status status="PASS" start="2024-06-04T20:41:46.071233" elapsed="0.000430"/>
</kw>
<status status="PASS" start="2024-06-04T20:41:46.070167" elapsed="0.001873"/>
</kw>
<status status="PASS" start="2024-06-04T20:41:46.069545" elapsed="0.002694"/>
</test>
<test id="s1-s1-t2" name="Validar retorno 200 e JSON Válido" line="16">
<kw name="Teste de Requisicao Basica" owner="random-user-service">
<kw name="GET On Session" owner="RequestsLibrary">
<msg time="2024-06-04T20:41:46.173364" level="INFO">GET Request : url=https://randomuser.me/api 
 path_url=/api 
 headers={'User-Agent': 'python-requests/2.32.3', 'Accept-Encoding': 'gzip, deflate', 'Accept': '*/*', 'Connection': 'keep-alive'} 
 body=None 
 </msg>
<msg time="2024-06-04T20:41:46.173524" level="INFO">GET Response : url=https://randomuser.me/api 
 status=200, reason=OK 
 headers={'Date': 'Tue, 04 Jun 2024 20:41:46 GMT', 'Content-Type': 'application/json; charset=utf-8', 'Transfer-Encoding': 'chunked', 'Connection': 'keep-alive', 'X-Powered-By': 'Express', 'Access-Control-Allow-Origin': '*', 'Cache-Control': 'no-cache', 'ETag': 'W/"48b-rShFnGvRrx6K+vllRTtX5oX6Hgk"', 'Vary': 'Accept-Encoding', 'Content-Encoding': 'gzip', 'CF-Cache-Status': 'DYNAMIC', 'Report-To': '{"endpoints":[{"url":"https:\\/\\/a.nel.cloudflare.com\\/report\\/v4?s=Ni360Q66KwSGEjjbNhB6GUtPGtvwtQMfcSWxBKUddJaDps2HM27Y4lXDrS5t0H%2BxOyxOjnyBTY2m2B9eQ0%2FXTBdsH7s7zrd4yJlFMbhtzXUVgjvpIjE8vkdlZ75rJ9BC"}],"group":"cf-nel","max_age":604800}', 'NEL': '{"success_fraction":0,"report_to":"cf-nel","max_age":604800}', 'Server': 'cloudflare', 'CF-RAY': '88eabedf394c29b1-ORD', 'alt-svc': 'h3=":443"; ma=86400'} 
 body={"results":[{"gender":"male","name":{"title":"Mr","first":"Leo","last":"Hopkins"},"location":{"street":{"number":9431,"name":"Grafton Street"},"city":"Letterkenny","state":"Carlow","country":"Ireland","postcode":56997,"coordinates":{"latitude":"4.1913","longitude":"-161.5932"},"timezone":{"offset":"-4:00","description":"Atlantic Time (Canada), Caracas, La Paz"}},"email":"leo.hopkins@example.com","login":{"uuid":"964f3808-3f0d-4cbe-8ba1-ca89b667d0e0","username":"purplebird829","password":"popper","salt":"l9dZVS4W","md5":"61ceb6ba8bea2ef2f70d2e01f480f769","sha1":"dc29b5f81d4393e66b497f95a9771dd7890258db","sha256":"489a2d0722ddea7071c0b96938f5554b27e5f4692201d593175939ef6584bb82"},"dob":{"date":"1982-02-17T18:19:56.206Z","age":42},"registered":{"date":"2013-02-09T08:16:00.590Z","age":11},"phone":"051-344-8080","cell":"081-554-8002","id":{"name":"PPS","value":"8664089T"},"picture":{"large":"https://randomuser.me/api/portraits/men/56.jpg","medium":"https://randomuser.me/api/portraits/med/men/56.jpg","thumbnail":"https://randomuser.me/api/portraits/thumb/men/56.jpg"},"nat":"IE"}],"info":{"seed":"27d0991c4b1d46ad","results":1,"page":1,"version":"1.4"}} 
 </msg>
<msg time="2024-06-04T20:41:46.173609" level="INFO">/opt/hostedtoolcache/Python/3.12.3/x64/lib/python3.12/site-packages/urllib3/connectionpool.py:1103: InsecureRequestWarning: Unverified HTTPS request is being made to host 'randomuser.me'. Adding certificate verification is strongly advised. See: https://urllib3.readthedocs.io/en/latest/advanced-usage.html#tls-warnings
  warnings.warn(</msg>
<msg time="2024-06-04T20:41:46.173867" level="INFO">${response} = &lt;Response [200]&gt;</msg>
<var>${response}</var>
<arg>consultarAPI</arg>
<arg>/api</arg>
<doc>Sends a GET request on a previously created HTTP Session.</doc>
<status status="PASS" start="2024-06-04T20:41:46.074873" elapsed="0.099030"/>
</kw>
<kw name="Should Be Equal As Numbers" owner="BuiltIn">
<msg time="2024-06-04T20:41:46.174904" level="INFO">Argument types are:
&lt;class 'int'&gt;
&lt;class 'str'&gt;</msg>
<arg>${response.status_code}</arg>
<arg>200</arg>
<doc>Fails if objects are unequal after converting them to real numbers.</doc>
<status status="PASS" start="2024-06-04T20:41:46.174429" elapsed="0.000544"/>
</kw>
<kw name="Log" owner="BuiltIn">
<msg time="2024-06-04T20:41:46.175729" level="INFO">200</msg>
<arg>${response.status_code}</arg>
<doc>Logs the given message with the given level.</doc>
<status status="PASS" start="2024-06-04T20:41:46.175344" elapsed="0.000433"/>
</kw>
<kw name="Set Variable" owner="BuiltIn">
<msg time="2024-06-04T20:41:46.176534" level="INFO">${json_data} = {'results': [{'gender': 'male', 'name': {'title': 'Mr', 'first': 'Leo', 'last': 'Hopkins'}, 'location': {'street': {'number': 9431, 'name': 'Grafton Street'}, 'city': 'Letterkenny', 'state': 'Carlow',...</msg>
<var>${json_data}</var>
<arg>${response.json()}</arg>
<doc>Returns the given values which can then be assigned to a variables.</doc>
<status status="PASS" start="2024-06-04T20:41:46.176089" elapsed="0.000478"/>
</kw>
<kw name="Dictionary Should Contain Key" owner="Collections">
<msg time="2024-06-04T20:41:46.177050" level="INFO">False</msg>
<arg>${json_data}</arg>
<arg>results</arg>
<doc>Fails if ``key`` is not found from ``dictionary``.</doc>
<status status="PASS" start="2024-06-04T20:41:46.176877" elapsed="0.000391"/>
</kw>
<status status="PASS" start="2024-06-04T20:41:46.074629" elapsed="0.102917"/>
</kw>
<doc>Testa se a API responde corretamente e retorna um objeto JSON válido.</doc>
<tag>testeRequisicaoBasica</tag>
<status status="PASS" start="2024-06-04T20:41:46.074115" elapsed="0.103620"/>
</test>
<test id="s1-s1-t3" name="Validar estrutura de resposta" line="22">
<kw name="Teste de Estrutura de Resposta" owner="random-user-service">
<kw name="GET On Session" owner="RequestsLibrary">
<msg time="2024-06-04T20:41:46.303352" level="INFO">GET Request : url=https://randomuser.me/api 
 path_url=/api 
 headers={'User-Agent': 'python-requests/2.32.3', 'Accept-Encoding': 'gzip, deflate', 'Accept': '*/*', 'Connection': 'keep-alive'} 
 body=None 
 </msg>
<msg time="2024-06-04T20:41:46.303470" level="INFO">GET Response : url=https://randomuser.me/api 
 status=200, reason=OK 
 headers={'Date': 'Tue, 04 Jun 2024 20:41:46 GMT', 'Content-Type': 'application/json; charset=utf-8', 'Transfer-Encoding': 'chunked', 'Connection': 'keep-alive', 'X-Powered-By': 'Express', 'Access-Control-Allow-Origin': '*', 'Cache-Control': 'no-cache', 'ETag': 'W/"496-8uHnuslonb2JT6ZlXOutdK0ndKo"', 'Vary': 'Accept-Encoding', 'Content-Encoding': 'gzip', 'CF-Cache-Status': 'DYNAMIC', 'Report-To': '{"endpoints":[{"url":"https:\\/\\/a.nel.cloudflare.com\\/report\\/v4?s=13e%2BYcQEyJ39yzXrBNKC3tRXU4mqUvCwfBMW3OLOzG6ZmBurhyI7oUDgav7f4lb986FNWmCkQe4ggUPm2CET%2FE1ZUdlEYoB01iA8FVoFzOXfC3QbA7yxx6hQciA%2BfN5X"}],"group":"cf-nel","max_age":604800}', 'NEL': '{"success_fraction":0,"report_to":"cf-nel","max_age":604800}', 'Server': 'cloudflare', 'CF-RAY': '88eabedfaa0329b1-ORD', 'alt-svc': 'h3=":443"; ma=86400'} 
 body={"results":[{"gender":"female","name":{"title":"Ms","first":"Annabelle","last":"Thomas"},"location":{"street":{"number":2634,"name":"Dee Street"},"city":"Hamilton","state":"Wellington","country":"New Zealand","postcode":57546,"coordinates":{"latitude":"55.1415","longitude":"9.3784"},"timezone":{"offset":"+11:00","description":"Magadan, Solomon Islands, New Caledonia"}},"email":"annabelle.thomas@example.com","login":{"uuid":"1bff434e-8b62-4b46-8629-d04f0976403c","username":"organicsnake107","password":"blades","salt":"TAlQpzGz","md5":"8cdc8edff31a0981a8fb0e5c763480fd","sha1":"a6a51cbea92d5f672e72b8794c375be8fc6dc0c5","sha256":"63745ce1cfda42f2959b2596e568297fd41fc5608b931c6f1f6bc6d2a7d5945b"},"dob":{"date":"1959-08-10T01:22:10.312Z","age":64},"registered":{"date":"2021-03-11T09:51:44.234Z","age":3},"phone":"(644)-302-7671","cell":"(996)-213-7625","id":{"name":"","value":null},"picture":{"large":"https://randomuser.me/api/portraits/women/1.jpg","medium":"https://randomuser.me/api/portraits/med/women/1.jpg","thumbnail":"https://randomuser.me/api/portraits/thumb/women/1.jpg"},"nat":"NZ"}],"info":{"seed":"9ce3b897e88f7d7c","results":1,"page":1,"version":"1.4"}} 
 </msg>
<msg time="2024-06-04T20:41:46.303646" level="INFO">/opt/hostedtoolcache/Python/3.12.3/x64/lib/python3.12/site-packages/urllib3/connectionpool.py:1103: InsecureRequestWarning: Unverified HTTPS request is being made to host 'randomuser.me'. Adding certificate verification is strongly advised. See: https://urllib3.readthedocs.io/en/latest/advanced-usage.html#tls-warnings
  warnings.warn(</msg>
<msg time="2024-06-04T20:41:46.303786" level="INFO">${response} = &lt;Response [200]&gt;</msg>
<var>${response}</var>
<arg>consultarAPI</arg>
<arg>/api</arg>
<doc>Sends a GET request on a previously created HTTP Session.</doc>
<status status="PASS" start="2024-06-04T20:41:46.180353" elapsed="0.123474"/>
</kw>
<kw name="Set Variable" owner="BuiltIn">
<msg time="2024-06-04T20:41:46.305068" level="INFO">${json_data} = {'results': [{'gender': 'female', 'name': {'title': 'Ms', 'first': 'Annabelle', 'last': 'Thomas'}, 'location': {'street': {'number': 2634, 'name': 'Dee Street'}, 'city': 'Hamilton', 'state': 'Wellingt...</msg>
<var>${json_data}</var>
<arg>${response.json()}</arg>
<doc>Returns the given values which can then be assigned to a variables.</doc>
<status status="PASS" start="2024-06-04T20:41:46.304488" elapsed="0.000609"/>
</kw>
<kw name="Log" owner="BuiltIn">
<msg time="2024-06-04T20:41:46.305588" level="INFO">{'results': [{'gender': 'female', 'name': {'title': 'Ms', 'first': 'Annabelle', 'last': 'Thomas'}, 'location': {'street': {'number': 2634, 'name': 'Dee Street'}, 'city': 'Hamilton', 'state': 'Wellington', 'country': 'New Zealand', 'postcode': 57546, 'coordinates': {'latitude': '55.1415', 'longitude': '9.3784'}, 'timezone': {'offset': '+11:00', 'description': 'Magadan, Solomon Islands, New Caledonia'}}, 'email': 'annabelle.thomas@example.com', 'login': {'uuid': '1bff434e-8b62-4b46-8629-d04f0976403c', 'username': 'organicsnake107', 'password': 'blades', 'salt': 'TAlQpzGz', 'md5': '8cdc8edff31a0981a8fb0e5c763480fd', 'sha1': 'a6a51cbea92d5f672e72b8794c375be8fc6dc0c5', 'sha256': '63745ce1cfda42f2959b2596e568297fd41fc5608b931c6f1f6bc6d2a7d5945b'}, 'dob': {'date': '1959-08-10T01:22:10.312Z', 'age': 64}, 'registered': {'date': '2021-03-11T09:51:44.234Z', 'age': 3}, 'phone': '(644)-302-7671', 'cell': '(996)-213-7625', 'id': {'name': '', 'value': None}, 'picture': {'large': 'https://randomuser.me/api/portraits/women/1.jpg', 'medium': 'https://randomuser.me/api/portraits/med/women/1.jpg', 'thumbnail': 'https://randomuser.me/api/portraits/thumb/women/1.jpg'}, 'nat': 'NZ'}], 'info': {'seed': '9ce3b897e88f7d7c', 'results': 1, 'page': 1, 'version': '1.4'}}</msg>
<arg>${json_data}</arg>
<doc>Logs the given message with the given level.</doc>
<status status="PASS" start="2024-06-04T20:41:46.305421" elapsed="0.000216"/>
</kw>
<kw name="Dictionary Should Contain Key" owner="Collections">
<msg time="2024-06-04T20:41:46.306104" level="INFO">False</msg>
<arg>${json_data}</arg>
<arg>results</arg>
<doc>Fails if ``key`` is not found from ``dictionary``.</doc>
<status status="PASS" start="2024-06-04T20:41:46.305939" elapsed="0.000203"/>
</kw>
<kw name="Should Not Be Empty" owner="BuiltIn">
<msg time="2024-06-04T20:41:46.306570" level="INFO">Length is 2.</msg>
<arg>${json_data}</arg>
<doc>Verifies that the given item is not empty.</doc>
<status status="PASS" start="2024-06-04T20:41:46.306438" elapsed="0.000176"/>
</kw>
<kw name="Create List" owner="BuiltIn">
<msg time="2024-06-04T20:41:46.307058" level="INFO">${expected_keys} = ['gender', 'name', 'location', 'email', 'login']</msg>
<var>${expected_keys}</var>
<arg>gender</arg>
<arg>name</arg>
<arg>location</arg>
<arg>email</arg>
<arg>login</arg>
<doc>Returns a list containing given items.</doc>
<status status="PASS" start="2024-06-04T20:41:46.306910" elapsed="0.000172"/>
</kw>
<for flavor="IN">
<iter>
<kw name="Dictionary Should Contain Key" owner="Collections">
<msg time="2024-06-04T20:41:46.308128" level="INFO">False</msg>
<arg>${json_data['results'][0]}</arg>
<arg>${key}</arg>
<doc>Fails if ``key`` is not found from ``dictionary``.</doc>
<status status="PASS" start="2024-06-04T20:41:46.307711" elapsed="0.000461"/>
</kw>
<kw name="Log" owner="BuiltIn">
<msg time="2024-06-04T20:41:46.308851" level="INFO">{'gender': 'female', 'name': {'title': 'Ms', 'first': 'Annabelle', 'last': 'Thomas'}, 'location': {'street': {'number': 2634, 'name': 'Dee Street'}, 'city': 'Hamilton', 'state': 'Wellington', 'country': 'New Zealand', 'postcode': 57546, 'coordinates': {'latitude': '55.1415', 'longitude': '9.3784'}, 'timezone': {'offset': '+11:00', 'description': 'Magadan, Solomon Islands, New Caledonia'}}, 'email': 'annabelle.thomas@example.com', 'login': {'uuid': '1bff434e-8b62-4b46-8629-d04f0976403c', 'username': 'organicsnake107', 'password': 'blades', 'salt': 'TAlQpzGz', 'md5': '8cdc8edff31a0981a8fb0e5c763480fd', 'sha1': 'a6a51cbea92d5f672e72b8794c375be8fc6dc0c5', 'sha256': '63745ce1cfda42f2959b2596e568297fd41fc5608b931c6f1f6bc6d2a7d5945b'}, 'dob': {'date': '1959-08-10T01:22:10.312Z', 'age': 64}, 'registered': {'date': '2021-03-11T09:51:44.234Z', 'age': 3}, 'phone': '(644)-302-7671', 'cell': '(996)-213-7625', 'id': {'name': '', 'value': None}, 'picture': {'large': 'https://randomuser.me/api/portraits/women/1.jpg', 'medium': 'https://randomuser.me/api/portraits/med/women/1.jpg', 'thumbnail': 'https://randomuser.me/api/portraits/thumb/women/1.jpg'}, 'nat': 'NZ'}</msg>
<arg>${json_data['results'][0]}</arg>
<doc>Logs the given message with the given level.</doc>
<status status="PASS" start="2024-06-04T20:41:46.308486" elapsed="0.000415"/>
</kw>
<kw name="Log" owner="BuiltIn">
<msg time="2024-06-04T20:41:46.309335" level="INFO">gender</msg>
<arg>${key}</arg>
<doc>Logs the given message with the given level.</doc>
<status status="PASS" start="2024-06-04T20:41:46.309206" elapsed="0.000167"/>
</kw>
<var name="${key}">gender</var>
<status status="PASS" start="2024-06-04T20:41:46.307539" elapsed="0.002051"/>
</iter>
<iter>
<kw name="Dictionary Should Contain Key" owner="Collections">
<msg time="2024-06-04T20:41:46.310281" level="INFO">False</msg>
<arg>${json_data['results'][0]}</arg>
<arg>${key}</arg>
<doc>Fails if ``key`` is not found from ``dictionary``.</doc>
<status status="PASS" start="2024-06-04T20:41:46.309899" elapsed="0.000420"/>
</kw>
<kw name="Log" owner="BuiltIn">
<msg time="2024-06-04T20:41:46.311001" level="INFO">{'gender': 'female', 'name': {'title': 'Ms', 'first': 'Annabelle', 'last': 'Thomas'}, 'location': {'street': {'number': 2634, 'name': 'Dee Street'}, 'city': 'Hamilton', 'state': 'Wellington', 'country': 'New Zealand', 'postcode': 57546, 'coordinates': {'latitude': '55.1415', 'longitude': '9.3784'}, 'timezone': {'offset': '+11:00', 'description': 'Magadan, Solomon Islands, New Caledonia'}}, 'email': 'annabelle.thomas@example.com', 'login': {'uuid': '1bff434e-8b62-4b46-8629-d04f0976403c', 'username': 'organicsnake107', 'password': 'blades', 'salt': 'TAlQpzGz', 'md5': '8cdc8edff31a0981a8fb0e5c763480fd', 'sha1': 'a6a51cbea92d5f672e72b8794c375be8fc6dc0c5', 'sha256': '63745ce1cfda42f2959b2596e568297fd41fc5608b931c6f1f6bc6d2a7d5945b'}, 'dob': {'date': '1959-08-10T01:22:10.312Z', 'age': 64}, 'registered': {'date': '2021-03-11T09:51:44.234Z', 'age': 3}, 'phone': '(644)-302-7671', 'cell': '(996)-213-7625', 'id': {'name': '', 'value': None}, 'picture': {'large': 'https://randomuser.me/api/portraits/women/1.jpg', 'medium': 'https://randomuser.me/api/portraits/med/women/1.jpg', 'thumbnail': 'https://randomuser.me/api/portraits/thumb/women/1.jpg'}, 'nat': 'NZ'}</msg>
<arg>${json_data['results'][0]}</arg>
<doc>Logs the given message with the given level.</doc>
<status status="PASS" start="2024-06-04T20:41:46.310643" elapsed="0.000406"/>
</kw>
<kw name="Log" owner="BuiltIn">
<msg time="2024-06-04T20:41:46.311472" level="INFO">name</msg>
<arg>${key}</arg>
<doc>Logs the given message with the given level.</doc>
<status status="PASS" start="2024-06-04T20:41:46.311347" elapsed="0.000162"/>
</kw>
<var name="${key}">name</var>
<status status="PASS" start="2024-06-04T20:41:46.309783" elapsed="0.001984"/>
</iter>
<iter>
<kw name="Dictionary Should Contain Key" owner="Collections">
<msg time="2024-06-04T20:41:46.312430" level="INFO">False</msg>
<arg>${json_data['results'][0]}</arg>
<arg>${key}</arg>
<doc>Fails if ``key`` is not found from ``dictionary``.</doc>
<status status="PASS" start="2024-06-04T20:41:46.312059" elapsed="0.000409"/>
</kw>
<kw name="Log" owner="BuiltIn">
<msg time="2024-06-04T20:41:46.313142" level="INFO">{'gender': 'female', 'name': {'title': 'Ms', 'first': 'Annabelle', 'last': 'Thomas'}, 'location': {'street': {'number': 2634, 'name': 'Dee Street'}, 'city': 'Hamilton', 'state': 'Wellington', 'country': 'New Zealand', 'postcode': 57546, 'coordinates': {'latitude': '55.1415', 'longitude': '9.3784'}, 'timezone': {'offset': '+11:00', 'description': 'Magadan, Solomon Islands, New Caledonia'}}, 'email': 'annabelle.thomas@example.com', 'login': {'uuid': '1bff434e-8b62-4b46-8629-d04f0976403c', 'username': 'organicsnake107', 'password': 'blades', 'salt': 'TAlQpzGz', 'md5': '8cdc8edff31a0981a8fb0e5c763480fd', 'sha1': 'a6a51cbea92d5f672e72b8794c375be8fc6dc0c5', 'sha256': '63745ce1cfda42f2959b2596e568297fd41fc5608b931c6f1f6bc6d2a7d5945b'}, 'dob': {'date': '1959-08-10T01:22:10.312Z', 'age': 64}, 'registered': {'date': '2021-03-11T09:51:44.234Z', 'age': 3}, 'phone': '(644)-302-7671', 'cell': '(996)-213-7625', 'id': {'name': '', 'value': None}, 'picture': {'large': 'https://randomuser.me/api/portraits/women/1.jpg', 'medium': 'https://randomuser.me/api/portraits/med/women/1.jpg', 'thumbnail': 'https://randomuser.me/api/portraits/thumb/women/1.jpg'}, 'nat': 'NZ'}</msg>
<arg>${json_data['results'][0]}</arg>
<doc>Logs the given message with the given level.</doc>
<status status="PASS" start="2024-06-04T20:41:46.312778" elapsed="0.000413"/>
</kw>
<kw name="Log" owner="BuiltIn">
<msg time="2024-06-04T20:41:46.313623" level="INFO">location</msg>
<arg>${key}</arg>
<doc>Logs the given message with the given level.</doc>
<status status="PASS" start="2024-06-04T20:41:46.313489" elapsed="0.000173"/>
</kw>
<var name="${key}">location</var>
<status status="PASS" start="2024-06-04T20:41:46.311946" elapsed="0.001933"/>
</iter>
<iter>
<kw name="Dictionary Should Contain Key" owner="Collections">
<msg time="2024-06-04T20:41:46.314660" level="INFO">False</msg>
<arg>${json_data['results'][0]}</arg>
<arg>${key}</arg>
<doc>Fails if ``key`` is not found from ``dictionary``.</doc>
<status status="PASS" start="2024-06-04T20:41:46.314164" elapsed="0.000534"/>
</kw>
<kw name="Log" owner="BuiltIn">
<msg time="2024-06-04T20:41:46.315357" level="INFO">{'gender': 'female', 'name': {'title': 'Ms', 'first': 'Annabelle', 'last': 'Thomas'}, 'location': {'street': {'number': 2634, 'name': 'Dee Street'}, 'city': 'Hamilton', 'state': 'Wellington', 'country': 'New Zealand', 'postcode': 57546, 'coordinates': {'latitude': '55.1415', 'longitude': '9.3784'}, 'timezone': {'offset': '+11:00', 'description': 'Magadan, Solomon Islands, New Caledonia'}}, 'email': 'annabelle.thomas@example.com', 'login': {'uuid': '1bff434e-8b62-4b46-8629-d04f0976403c', 'username': 'organicsnake107', 'password': 'blades', 'salt': 'TAlQpzGz', 'md5': '8cdc8edff31a0981a8fb0e5c763480fd', 'sha1': 'a6a51cbea92d5f672e72b8794c375be8fc6dc0c5', 'sha256': '63745ce1cfda42f2959b2596e568297fd41fc5608b931c6f1f6bc6d2a7d5945b'}, 'dob': {'date': '1959-08-10T01:22:10.312Z', 'age': 64}, 'registered': {'date': '2021-03-11T09:51:44.234Z', 'age': 3}, 'phone': '(644)-302-7671', 'cell': '(996)-213-7625', 'id': {'name': '', 'value': None}, 'picture': {'large': 'https://randomuser.me/api/portraits/women/1.jpg', 'medium': 'https://randomuser.me/api/portraits/med/women/1.jpg', 'thumbnail': 'https://randomuser.me/api/portraits/thumb/women/1.jpg'}, 'nat': 'NZ'}</msg>
<arg>${json_data['results'][0]}</arg>
<doc>Logs the given message with the given level.</doc>
<status status="PASS" start="2024-06-04T20:41:46.315003" elapsed="0.000404"/>
</kw>
<kw name="Log" owner="BuiltIn">
<msg time="2024-06-04T20:41:46.315870" level="INFO">email</msg>
<arg>${key}</arg>
<doc>Logs the given message with the given level.</doc>
<status status="PASS" start="2024-06-04T20:41:46.315737" elapsed="0.000172"/>
</kw>
<var name="${key}">email</var>
<status status="PASS" start="2024-06-04T20:41:46.314053" elapsed="0.002076"/>
</iter>
<iter>
<kw name="Dictionary Should Contain Key" owner="Collections">
<msg time="2024-06-04T20:41:46.316799" level="INFO">False</msg>
<arg>${json_data['results'][0]}</arg>
<arg>${key}</arg>
<doc>Fails if ``key`` is not found from ``dictionary``.</doc>
<status status="PASS" start="2024-06-04T20:41:46.316418" elapsed="0.000417"/>
</kw>
<kw name="Log" owner="BuiltIn">
<msg time="2024-06-04T20:41:46.317487" level="INFO">{'gender': 'female', 'name': {'title': 'Ms', 'first': 'Annabelle', 'last': 'Thomas'}, 'location': {'street': {'number': 2634, 'name': 'Dee Street'}, 'city': 'Hamilton', 'state': 'Wellington', 'country': 'New Zealand', 'postcode': 57546, 'coordinates': {'latitude': '55.1415', 'longitude': '9.3784'}, 'timezone': {'offset': '+11:00', 'description': 'Magadan, Solomon Islands, New Caledonia'}}, 'email': 'annabelle.thomas@example.com', 'login': {'uuid': '1bff434e-8b62-4b46-8629-d04f0976403c', 'username': 'organicsnake107', 'password': 'blades', 'salt': 'TAlQpzGz', 'md5': '8cdc8edff31a0981a8fb0e5c763480fd', 'sha1': 'a6a51cbea92d5f672e72b8794c375be8fc6dc0c5', 'sha256': '63745ce1cfda42f2959b2596e568297fd41fc5608b931c6f1f6bc6d2a7d5945b'}, 'dob': {'date': '1959-08-10T01:22:10.312Z', 'age': 64}, 'registered': {'date': '2021-03-11T09:51:44.234Z', 'age': 3}, 'phone': '(644)-302-7671', 'cell': '(996)-213-7625', 'id': {'name': '', 'value': None}, 'picture': {'large': 'https://randomuser.me/api/portraits/women/1.jpg', 'medium': 'https://randomuser.me/api/portraits/med/women/1.jpg', 'thumbnail': 'https://randomuser.me/api/portraits/thumb/women/1.jpg'}, 'nat': 'NZ'}</msg>
<arg>${json_data['results'][0]}</arg>
<doc>Logs the given message with the given level.</doc>
<status status="PASS" start="2024-06-04T20:41:46.317130" elapsed="0.000406"/>
</kw>
<kw name="Log" owner="BuiltIn">
<msg time="2024-06-04T20:41:46.317956" level="INFO">login</msg>
<arg>${key}</arg>
<doc>Logs the given message with the given level.</doc>
<status status="PASS" start="2024-06-04T20:41:46.317828" elapsed="0.000165"/>
</kw>
<var name="${key}">login</var>
<status status="PASS" start="2024-06-04T20:41:46.316306" elapsed="0.001926"/>
</iter>
<var>${key}</var>
<value>@{expected_keys}</value>
<status status="PASS" start="2024-06-04T20:41:46.307343" elapsed="0.011015"/>
</for>
<kw name="Create List" owner="BuiltIn">
<msg time="2024-06-04T20:41:46.318689" level="INFO">${expected_keysTwo} = ['username', 'password']</msg>
<var>${expected_keysTwo}</var>
<arg>username</arg>
<arg>password</arg>
<doc>Returns a list containing given items.</doc>
<status status="PASS" start="2024-06-04T20:41:46.318554" elapsed="0.000158"/>
</kw>
<for flavor="IN">
<iter>
<kw name="Dictionary Should Contain Key" owner="Collections">
<msg time="2024-06-04T20:41:46.319616" level="INFO">False</msg>
<arg>${json_data['results'][0]['login']}</arg>
<arg>${keyTwo}</arg>
<doc>Fails if ``key`` is not found from ``dictionary``.</doc>
<status status="PASS" start="2024-06-04T20:41:46.319211" elapsed="0.000453"/>
</kw>
<kw name="Dictionary Should Contain Key" owner="Collections">
<msg time="2024-06-04T20:41:46.320347" level="INFO">False</msg>
<arg>${json_data['results'][0]['login']}</arg>
<arg>${keyTwo}</arg>
<doc>Fails if ``key`` is not found from ``dictionary``.</doc>
<status status="PASS" start="2024-06-04T20:41:46.319973" elapsed="0.000411"/>
</kw>
<kw name="Log" owner="BuiltIn">
<msg time="2024-06-04T20:41:46.320809" level="INFO">username</msg>
<arg>${keyTwo}</arg>
<doc>Logs the given message with the given level.</doc>
<status status="PASS" start="2024-06-04T20:41:46.320682" elapsed="0.000164"/>
</kw>
<var name="${keyTwo}">username</var>
<status status="PASS" start="2024-06-04T20:41:46.319101" elapsed="0.001960"/>
</iter>
<iter>
<kw name="Dictionary Should Contain Key" owner="Collections">
<msg time="2024-06-04T20:41:46.321833" level="INFO">False</msg>
<arg>${json_data['results'][0]['login']}</arg>
<arg>${keyTwo}</arg>
<doc>Fails if ``key`` is not found from ``dictionary``.</doc>
<status status="PASS" start="2024-06-04T20:41:46.321344" elapsed="0.000544"/>
</kw>
<kw name="Dictionary Should Contain Key" owner="Collections">
<msg time="2024-06-04T20:41:46.322736" level="INFO">False</msg>
<arg>${json_data['results'][0]['login']}</arg>
<arg>${keyTwo}</arg>
<doc>Fails if ``key`` is not found from ``dictionary``.</doc>
<status status="PASS" start="2024-06-04T20:41:46.322306" elapsed="0.000468"/>
</kw>
<kw name="Log" owner="BuiltIn">
<msg time="2024-06-04T20:41:46.323204" level="INFO">password</msg>
<arg>${keyTwo}</arg>
<doc>Logs the given message with the given level.</doc>
<status status="PASS" start="2024-06-04T20:41:46.323075" elapsed="0.000166"/>
</kw>
<var name="${keyTwo}">password</var>
<status status="PASS" start="2024-06-04T20:41:46.321234" elapsed="0.002265"/>
</iter>
<var>${keyTwo}</var>
<value>@{expected_keysTwo}</value>
<status status="PASS" start="2024-06-04T20:41:46.318948" elapsed="0.004719"/>
</for>
<status status="PASS" start="2024-06-04T20:41:46.180111" elapsed="0.143705"/>
</kw>
<doc>Testa a estrutura da resposta da API.</doc>
<tag>testeEstruturaResposta</tag>
<status status="PASS" start="2024-06-04T20:41:46.179598" elapsed="0.144382"/>
</test>
<test id="s1-s1-t4" name="Validar tipos de dados" line="28">
<kw name="Teste de Tipos de Dados" owner="random-user-service">
<kw name="GET On Session" owner="RequestsLibrary">
<msg time="2024-06-04T20:41:46.379876" level="INFO">GET Request : url=https://randomuser.me/api 
 path_url=/api 
 headers={'User-Agent': 'python-requests/2.32.3', 'Accept-Encoding': 'gzip, deflate', 'Accept': '*/*', 'Connection': 'keep-alive'} 
 body=None 
 </msg>
<msg time="2024-06-04T20:41:46.379976" level="INFO">GET Response : url=https://randomuser.me/api 
 status=200, reason=OK 
 headers={'Date': 'Tue, 04 Jun 2024 20:41:46 GMT', 'Content-Type': 'application/json; charset=utf-8', 'Transfer-Encoding': 'chunked', 'Connection': 'keep-alive', 'X-Powered-By': 'Express', 'Access-Control-Allow-Origin': '*', 'Cache-Control': 'no-cache', 'ETag': 'W/"4b1-fzWGpHvG5QZ6JJWZUbVx1g6mGSQ"', 'Vary': 'Accept-Encoding', 'Content-Encoding': 'gzip', 'CF-Cache-Status': 'DYNAMIC', 'Report-To': '{"endpoints":[{"url":"https:\\/\\/a.nel.cloudflare.com\\/report\\/v4?s=xre6FKvHYQwUMVPE7X5U%2Bgd79PxoPM7nkAR7OnXMyy5UwpkG4PctB2A47erFVMJ52pNOJ4BdzL0CMwyPgDDpEVwex67ky9BQo4W%2B3zj0UwF2IgAsm1lT0UHBg2CuJIo%2F"}],"group":"cf-nel","max_age":604800}', 'NEL': '{"success_fraction":0,"report_to":"cf-nel","max_age":604800}', 'Server': 'cloudflare', 'CF-RAY': '88eabee09b6229b1-ORD', 'alt-svc': 'h3=":443"; ma=86400'} 
 body={"results":[{"gender":"female","name":{"title":"Madame","first":"Sylvie","last":"Roux"},"location":{"street":{"number":1757,"name":"Avenue Joliot Curie"},"city":"Apples","state":"Appenzell Innerrhoden","country":"Switzerland","postcode":4633,"coordinates":{"latitude":"-57.0842","longitude":"148.1093"},"timezone":{"offset":"+5:30","description":"Bombay, Calcutta, Madras, New Delhi"}},"email":"sylvie.roux@example.com","login":{"uuid":"ef6b2101-73c6-42c7-a14d-f9030a62e8d9","username":"ticklishzebra642","password":"compton","salt":"nXzlVDPe","md5":"3fcb4db164edc8d5a0faca39b0fbe118","sha1":"10cb80713859b555f1a3403312a4d29eb65b4c87","sha256":"9cea319cc9c562269192f97cfe23645fc128e828ddd1d6263883d518ddf48ea2"},"dob":{"date":"1946-10-03T07:48:58.702Z","age":77},"registered":{"date":"2007-03-24T15:16:37.600Z","age":17},"phone":"075 858 67 19","cell":"077 177 05 91","id":{"name":"AVS","value":"756.9489.8117.63"},"picture":{"large":"https://randomuser.me/api/portraits/women/1.jpg","medium":"https://randomuser.me/api/portraits/med/women/1.jpg","thumbnail":"https://randomuser.me/api/portraits/thumb/women/1.jpg"},"nat":"CH"}],"info":{"seed":"186bdb679e05cd33","results":1,"page":1,"version":"1.4"}} 
 </msg>
<msg time="2024-06-04T20:41:46.380048" level="INFO">/opt/hostedtoolcache/Python/3.12.3/x64/lib/python3.12/site-packages/urllib3/connectionpool.py:1103: InsecureRequestWarning: Unverified HTTPS request is being made to host 'randomuser.me'. Adding certificate verification is strongly advised. See: https://urllib3.readthedocs.io/en/latest/advanced-usage.html#tls-warnings
  warnings.warn(</msg>
<msg time="2024-06-04T20:41:46.380177" level="INFO">${response} = &lt;Response [200]&gt;</msg>
<var>${response}</var>
<arg>consultarAPI</arg>
<arg>/api</arg>
<doc>Sends a GET request on a previously created HTTP Session.</doc>
<status status="PASS" start="2024-06-04T20:41:46.326600" elapsed="0.053617"/>
</kw>
<kw name="Set Variable" owner="BuiltIn">
<msg time="2024-06-04T20:41:46.381299" level="INFO">${json_data} = {'results': [{'gender': 'female', 'name': {'title': 'Madame', 'first': 'Sylvie', 'last': 'Roux'}, 'location': {'street': {'number': 1757, 'name': 'Avenue Joliot Curie'}, 'city': 'Apples', 'state': 'Ap...</msg>
<var>${json_data}</var>
<arg>${response.json()}</arg>
<doc>Returns the given values which can then be assigned to a variables.</doc>
<status status="PASS" start="2024-06-04T20:41:46.380762" elapsed="0.000567"/>
</kw>
<kw name="Log" owner="BuiltIn">
<msg time="2024-06-04T20:41:46.381857" level="INFO">{'results': [{'gender': 'female', 'name': {'title': 'Madame', 'first': 'Sylvie', 'last': 'Roux'}, 'location': {'street': {'number': 1757, 'name': 'Avenue Joliot Curie'}, 'city': 'Apples', 'state': 'Appenzell Innerrhoden', 'country': 'Switzerland', 'postcode': 4633, 'coordinates': {'latitude': '-57.0842', 'longitude': '148.1093'}, 'timezone': {'offset': '+5:30', 'description': 'Bombay, Calcutta, Madras, New Delhi'}}, 'email': 'sylvie.roux@example.com', 'login': {'uuid': 'ef6b2101-73c6-42c7-a14d-f9030a62e8d9', 'username': 'ticklishzebra642', 'password': 'compton', 'salt': 'nXzlVDPe', 'md5': '3fcb4db164edc8d5a0faca39b0fbe118', 'sha1': '10cb80713859b555f1a3403312a4d29eb65b4c87', 'sha256': '9cea319cc9c562269192f97cfe23645fc128e828ddd1d6263883d518ddf48ea2'}, 'dob': {'date': '1946-10-03T07:48:58.702Z', 'age': 77}, 'registered': {'date': '2007-03-24T15:16:37.600Z', 'age': 17}, 'phone': '075 858 67 19', 'cell': '077 177 05 91', 'id': {'name': 'AVS', 'value': '756.9489.8117.63'}, 'picture': {'large': 'https://randomuser.me/api/portraits/women/1.jpg', 'medium': 'https://randomuser.me/api/portraits/med/women/1.jpg', 'thumbnail': 'https://randomuser.me/api/portraits/thumb/women/1.jpg'}, 'nat': 'CH'}], 'info': {'seed': '186bdb679e05cd33', 'results': 1, 'page': 1, 'version': '1.4'}}</msg>
<arg>${json_data}</arg>
<doc>Logs the given message with the given level.</doc>
<status status="PASS" start="2024-06-04T20:41:46.381689" elapsed="0.000256"/>
</kw>
<kw name="Should Be String" owner="String">
<arg>${json_data['results'][0]['gender']}</arg>
<doc>Fails if the given ``item`` is not a string.</doc>
<status status="PASS" start="2024-06-04T20:41:46.382254" elapsed="0.000377"/>
</kw>
<kw name="Should Match Regexp" owner="BuiltIn">
<arg>${json_data['results'][0]['email']}</arg>
<arg>^[a-zA-Z0-9._%+-]+@[a-zA-Z0-9.-]+\.[a-zA-Z]{2,}$</arg>
<doc>Fails if ``string`` does not match ``pattern`` as a regular expression.</doc>
<status status="PASS" start="2024-06-04T20:41:46.382830" elapsed="0.000698"/>
</kw>
<kw name="Should Match Regexp" owner="BuiltIn">
<arg>${json_data['results'][0]['dob']['date']}</arg>
<arg>\\d{4}-\\d{2}-\\d{2}T\\d{2}:\\d{2}:\\d{2}\\.\\d{3}Z</arg>
<doc>Fails if ``string`` does not match ``pattern`` as a regular expression.</doc>
<status status="PASS" start="2024-06-04T20:41:46.383779" elapsed="0.000511"/>
</kw>
<kw name="Should Match Regexp" owner="BuiltIn">
<arg>${json_data['results'][0]['registered']['date']}</arg>
<arg>\\d{4}-\\d{2}-\\d{2}T\\d{2}:\\d{2}:\\d{2}\\.\\d{3}Z</arg>
<doc>Fails if ``string`` does not match ``pattern`` as a regular expression.</doc>
<status status="PASS" start="2024-06-04T20:41:46.384490" elapsed="0.000373"/>
</kw>
<kw name="Should Match Regexp" owner="BuiltIn">
<arg>${json_data['results'][0]['picture']['large']}</arg>
<arg>^https?://.*\.(?:png|jpe?g|gif|bmp)$</arg>
<doc>Fails if ``string`` does not match ``pattern`` as a regular expression.</doc>
<status status="PASS" start="2024-06-04T20:41:46.385054" elapsed="0.000466"/>
</kw>
<kw name="Should Match Regexp" owner="BuiltIn">
<arg>${json_data['results'][0]['picture']['medium']}</arg>
<arg>^https?://.*\.(?:png|jpe?g|gif|bmp)$</arg>
<doc>Fails if ``string`` does not match ``pattern`` as a regular expression.</doc>
<status status="PASS" start="2024-06-04T20:41:46.385711" elapsed="0.000354"/>
</kw>
<kw name="Should Match Regexp" owner="BuiltIn">
<arg>${json_data['results'][0]['picture']['thumbnail']}</arg>
<arg>^https?://.*\.(?:png|jpe?g|gif|bmp)$</arg>
<doc>Fails if ``string`` does not match ``pattern`` as a regular expression.</doc>
<status status="PASS" start="2024-06-04T20:41:46.386255" elapsed="0.000348"/>
</kw>
<kw name="Log" owner="BuiltIn">
<msg time="2024-06-04T20:41:46.387109" level="INFO">{'large': 'https://randomuser.me/api/portraits/women/1.jpg', 'medium': 'https://randomuser.me/api/portraits/med/women/1.jpg', 'thumbnail': 'https://randomuser.me/api/portraits/thumb/women/1.jpg'}</msg>
<arg>${json_data['results'][0]['picture']}</arg>
<doc>Logs the given message with the given level.</doc>
<status status="PASS" start="2024-06-04T20:41:46.386787" elapsed="0.000365"/>
</kw>
<status status="PASS" start="2024-06-04T20:41:46.326355" elapsed="0.061062"/>
</kw>
<kw name="Teste de Tipos de Dados - Postcode" owner="random-user-service">
<kw name="GET On Session" owner="RequestsLibrary">
<msg time="2024-06-04T20:41:46.485957" level="INFO">GET Request : url=https://randomuser.me/api 
 path_url=/api 
 headers={'User-Agent': 'python-requests/2.32.3', 'Accept-Encoding': 'gzip, deflate', 'Accept': '*/*', 'Connection': 'keep-alive'} 
 body=None 
 </msg>
<msg time="2024-06-04T20:41:46.486053" level="INFO">GET Response : url=https://randomuser.me/api 
 status=200, reason=OK 
 headers={'Date': 'Tue, 04 Jun 2024 20:41:46 GMT', 'Content-Type': 'application/json; charset=utf-8', 'Transfer-Encoding': 'chunked', 'Connection': 'keep-alive', 'X-Powered-By': 'Express', 'Access-Control-Allow-Origin': '*', 'Cache-Control': 'no-cache', 'ETag': 'W/"497-XkR9tk0sF+tWSoT09ECB+rGXtZ4"', 'Vary': 'Accept-Encoding', 'Content-Encoding': 'gzip', 'CF-Cache-Status': 'DYNAMIC', 'Report-To': '{"endpoints":[{"url":"https:\\/\\/a.nel.cloudflare.com\\/report\\/v4?s=%2BA8sgdsdRsTe5lges4KP3wEaDjvItbMOUQzXfNrZ5ZX3%2FGZt2efenTRo69rKW4I46Od3f70%2FVtUQ5EBRZFn1Qf2H3gPVSVPrVBCcI5vM%2F3wshsQqk55%2FytTJCDAoKVHO"}],"group":"cf-nel","max_age":604800}', 'NEL': '{"success_fraction":0,"report_to":"cf-nel","max_age":604800}', 'Server': 'cloudflare', 'CF-RAY': '88eabee0fbe029b1-ORD', 'alt-svc': 'h3=":443"; ma=86400'} 
 body={"results":[{"gender":"female","name":{"title":"Madame","first":"Caterina","last":"Mercier"},"location":{"street":{"number":52,"name":"Rue Barrème"},"city":"Laufen-Uhwiesen","state":"Uri","country":"Switzerland","postcode":7045,"coordinates":{"latitude":"-62.4653","longitude":"124.3106"},"timezone":{"offset":"+9:30","description":"Adelaide, Darwin"}},"email":"caterina.mercier@example.com","login":{"uuid":"2aee067c-e6be-492f-9458-628f6aa58295","username":"orangekoala261","password":"elephant","salt":"AU3Kk0vq","md5":"e6d197fca2a3814c4dcf0d341b085034","sha1":"a04a8afd3bd4cd27c5afcb5743bc8adbeae9e4d6","sha256":"4c485207a4cfc737fd61d76a3543cf56bc9d875e10492fcd3019a960177016de"},"dob":{"date":"1974-11-10T15:27:05.495Z","age":49},"registered":{"date":"2021-04-04T05:43:11.639Z","age":3},"phone":"076 515 36 43","cell":"079 305 09 19","id":{"name":"AVS","value":"756.9954.8437.93"},"picture":{"large":"https://randomuser.me/api/portraits/women/37.jpg","medium":"https://randomuser.me/api/portraits/med/women/37.jpg","thumbnail":"https://randomuser.me/api/portraits/thumb/women/37.jpg"},"nat":"CH"}],"info":{"seed":"5fdf8ff296834b25","results":1,"page":1,"version":"1.4"}} 
 </msg>
<msg time="2024-06-04T20:41:46.486126" level="INFO">/opt/hostedtoolcache/Python/3.12.3/x64/lib/python3.12/site-packages/urllib3/connectionpool.py:1103: InsecureRequestWarning: Unverified HTTPS request is being made to host 'randomuser.me'. Adding certificate verification is strongly advised. See: https://urllib3.readthedocs.io/en/latest/advanced-usage.html#tls-warnings
  warnings.warn(</msg>
<msg time="2024-06-04T20:41:46.486244" level="INFO">${response} = &lt;Response [200]&gt;</msg>
<var>${response}</var>
<arg>consultarAPI</arg>
<arg>/api</arg>
<doc>Sends a GET request on a previously created HTTP Session.</doc>
<status status="PASS" start="2024-06-04T20:41:46.387916" elapsed="0.098353"/>
</kw>
<kw name="Set Variable" owner="BuiltIn">
<msg time="2024-06-04T20:41:46.487366" level="INFO">${json_data} = {'results': [{'gender': 'female', 'name': {'title': 'Madame', 'first': 'Caterina', 'last': 'Mercier'}, 'location': {'street': {'number': 52, 'name': 'Rue Barrème'}, 'city': 'Laufen-Uhwiesen', 'state':...</msg>
<var>${json_data}</var>
<arg>${response.json()}</arg>
<doc>Returns the given values which can then be assigned to a variables.</doc>
<status status="PASS" start="2024-06-04T20:41:46.486829" elapsed="0.000567"/>
</kw>
<kw name="Log" owner="BuiltIn">
<msg time="2024-06-04T20:41:46.487962" level="INFO">{'results': [{'gender': 'female', 'name': {'title': 'Madame', 'first': 'Caterina', 'last': 'Mercier'}, 'location': {'street': {'number': 52, 'name': 'Rue Barrème'}, 'city': 'Laufen-Uhwiesen', 'state': 'Uri', 'country': 'Switzerland', 'postcode': 7045, 'coordinates': {'latitude': '-62.4653', 'longitude': '124.3106'}, 'timezone': {'offset': '+9:30', 'description': 'Adelaide, Darwin'}}, 'email': 'caterina.mercier@example.com', 'login': {'uuid': '2aee067c-e6be-492f-9458-628f6aa58295', 'username': 'orangekoala261', 'password': 'elephant', 'salt': 'AU3Kk0vq', 'md5': 'e6d197fca2a3814c4dcf0d341b085034', 'sha1': 'a04a8afd3bd4cd27c5afcb5743bc8adbeae9e4d6', 'sha256': '4c485207a4cfc737fd61d76a3543cf56bc9d875e10492fcd3019a960177016de'}, 'dob': {'date': '1974-11-10T15:27:05.495Z', 'age': 49}, 'registered': {'date': '2021-04-04T05:43:11.639Z', 'age': 3}, 'phone': '076 515 36 43', 'cell': '079 305 09 19', 'id': {'name': 'AVS', 'value': '756.9954.8437.93'}, 'picture': {'large': 'https://randomuser.me/api/portraits/women/37.jpg', 'medium': 'https://randomuser.me/api/portraits/med/women/37.jpg', 'thumbnail': 'https://randomuser.me/api/portraits/thumb/women/37.jpg'}, 'nat': 'CH'}], 'info': {'seed': '5fdf8ff296834b25', 'results': 1, 'page': 1, 'version': '1.4'}}</msg>
<arg>${json_data}</arg>
<doc>Logs the given message with the given level.</doc>
<status status="PASS" start="2024-06-04T20:41:46.487783" elapsed="0.000269"/>
</kw>
<kw name="Should Be Equal As Numbers" owner="BuiltIn">
<arg>${json_data['results'][0]['location']['postcode']}</arg>
<arg>${json_data['results'][0]['location']['postcode']}</arg>
<doc>Fails if objects are unequal after converting them to real numbers.</doc>
<status status="PASS" start="2024-06-04T20:41:46.488370" elapsed="0.000632"/>
</kw>
<kw name="Log" owner="BuiltIn">
<msg time="2024-06-04T20:41:46.489545" level="INFO">7045</msg>
<arg>${json_data['results'][0]['location']['postcode']}</arg>
<doc>Logs the given message with the given level.</doc>
<status status="PASS" start="2024-06-04T20:41:46.489204" elapsed="0.000382"/>
</kw>
<status status="PASS" start="2024-06-04T20:41:46.387675" elapsed="0.102170"/>
</kw>
<doc>Testa se os tipos de dados na resposta da API estão corretos.</doc>
<tag>testeTiposDados</tag>
<status status="PASS" start="2024-06-04T20:41:46.325760" elapsed="0.164260"/>
</test>
<test id="s1-s1-t5" name="Validar conteudo" line="35">
<kw name="Teste de Tipos de Conteudo" owner="random-user-service">
<kw name="GET On Session" owner="RequestsLibrary">
<msg time="2024-06-04T20:41:46.576413" level="INFO">GET Request : url=https://randomuser.me/api 
 path_url=/api 
 headers={'User-Agent': 'python-requests/2.32.3', 'Accept-Encoding': 'gzip, deflate', 'Accept': '*/*', 'Connection': 'keep-alive'} 
 body=None 
 </msg>
<msg time="2024-06-04T20:41:46.576514" level="INFO">GET Response : url=https://randomuser.me/api 
 status=200, reason=OK 
 headers={'Date': 'Tue, 04 Jun 2024 20:41:46 GMT', 'Content-Type': 'application/json; charset=utf-8', 'Transfer-Encoding': 'chunked', 'Connection': 'keep-alive', 'X-Powered-By': 'Express', 'Access-Control-Allow-Origin': '*', 'Cache-Control': 'no-cache', 'ETag': 'W/"4b1-63vCnLOA+eNmS+EdWJ9yL+jD0sA"', 'Vary': 'Accept-Encoding', 'Content-Encoding': 'gzip', 'CF-Cache-Status': 'DYNAMIC', 'Report-To': '{"endpoints":[{"url":"https:\\/\\/a.nel.cloudflare.com\\/report\\/v4?s=7mA7Ckv34pr6fu1sJ3%2BmG2ADcJxpBCJn5Fu2aTYimj85P0SBJsajzUQiXFVv30FGiQCsLdOjun5dp9PqJv4qyauYifVTjubfj34RA71BPM9nLhSh00%2Fn32nxh2boVXIr"}],"group":"cf-nel","max_age":604800}', 'NEL': '{"success_fraction":0,"report_to":"cf-nel","max_age":604800}', 'Server': 'cloudflare', 'CF-RAY': '88eabee19cba29b1-ORD', 'alt-svc': 'h3=":443"; ma=86400'} 
 body={"results":[{"gender":"male","name":{"title":"Monsieur","first":"Ahmed","last":"Picard"},"location":{"street":{"number":7860,"name":"Place du 8 Février 1962"},"city":"Buchs (Sg)","state":"Basel-Landschaft","country":"Switzerland","postcode":6117,"coordinates":{"latitude":"-61.6534","longitude":"-66.9308"},"timezone":{"offset":"+10:00","description":"Eastern Australia, Guam, Vladivostok"}},"email":"ahmed.picard@example.com","login":{"uuid":"0dfc421e-295e-4067-ae23-257393f57038","username":"blackduck243","password":"utopia","salt":"kKu4dzDz","md5":"1df1712a7c4488032165a0da57084f57","sha1":"4674215c30bbfe29f562728a1fc1d643cd11a09d","sha256":"88a3ecaf786b6550f58159c2dc014c229532be67b29359af24fdd12436b52216"},"dob":{"date":"1964-12-15T14:00:35.274Z","age":59},"registered":{"date":"2011-06-28T06:08:45.409Z","age":12},"phone":"076 934 01 54","cell":"078 400 72 99","id":{"name":"AVS","value":"756.0139.4974.01"},"picture":{"large":"https://randomuser.me/api/portraits/men/22.jpg","medium":"https://randomuser.me/api/portraits/med/men/22.jpg","thumbnail":"https://randomuser.me/api/portraits/thumb/men/22.jpg"},"nat":"CH"}],"info":{"seed":"c6355d882e374d82","results":1,"page":1,"version":"1.4"}} 
 </msg>
<msg time="2024-06-04T20:41:46.576587" level="INFO">/opt/hostedtoolcache/Python/3.12.3/x64/lib/python3.12/site-packages/urllib3/connectionpool.py:1103: InsecureRequestWarning: Unverified HTTPS request is being made to host 'randomuser.me'. Adding certificate verification is strongly advised. See: https://urllib3.readthedocs.io/en/latest/advanced-usage.html#tls-warnings
  warnings.warn(</msg>
<msg time="2024-06-04T20:41:46.576711" level="INFO">${response} = &lt;Response [200]&gt;</msg>
<var>${response}</var>
<arg>consultarAPI</arg>
<arg>/api</arg>
<doc>Sends a GET request on a previously created HTTP Session.</doc>
<status status="PASS" start="2024-06-04T20:41:46.492618" elapsed="0.084126"/>
</kw>
<kw name="Set Variable" owner="BuiltIn">
<msg time="2024-06-04T20:41:46.577811" level="INFO">${json_data} = {'results': [{'gender': 'male', 'name': {'title': 'Monsieur', 'first': 'Ahmed', 'last': 'Picard'}, 'location': {'street': {'number': 7860, 'name': 'Place du 8 Février 1962'}, 'city': 'Buchs (Sg)', 'st...</msg>
<var>${json_data}</var>
<arg>${response.json()}</arg>
<doc>Returns the given values which can then be assigned to a variables.</doc>
<status status="PASS" start="2024-06-04T20:41:46.577288" elapsed="0.000554"/>
</kw>
<kw name="Set Variable" owner="BuiltIn">
<msg time="2024-06-04T20:41:46.578530" level="INFO">${name_title} = Monsieur</msg>
<var>${name_title}</var>
<arg>${json_data["results"][0]["name"]["title"]}</arg>
<doc>Returns the given values which can then be assigned to a variables.</doc>
<status status="PASS" start="2024-06-04T20:41:46.578150" elapsed="0.000405"/>
</kw>
<kw name="Create List" owner="BuiltIn">
<msg time="2024-06-04T20:41:46.579004" level="INFO">${allowed_titles} = ['Mr', 'Ms', 'Miss', 'Mrs', 'Madame', 'Monsieur']</msg>
<var>${allowed_titles}</var>
<arg>Mr</arg>
<arg>Ms</arg>
<arg>Miss</arg>
<arg>Mrs</arg>
<arg>Madame</arg>
<arg>Monsieur</arg>
<doc>Returns a list containing given items.</doc>
<status status="PASS" start="2024-06-04T20:41:46.578854" elapsed="0.000173"/>
</kw>
<kw name="List Should Contain Value" owner="Collections">
<msg time="2024-06-04T20:41:46.579514" level="INFO">False</msg>
<arg>${allowed_titles}</arg>
<arg>${name_title}</arg>
<doc>Fails if the ``value`` is not found from ``list``.</doc>
<status status="PASS" start="2024-06-04T20:41:46.579338" elapsed="0.000214"/>
</kw>
<kw name="Set Variable" owner="BuiltIn">
<msg time="2024-06-04T20:41:46.580472" level="INFO">${name_country} = CH</msg>
<var>${name_country}</var>
<arg>${json_data["results"][0]["nat"]}</arg>
<doc>Returns the given values which can then be assigned to a variables.</doc>
<status status="PASS" start="2024-06-04T20:41:46.579898" elapsed="0.000599"/>
</kw>
<kw name="Create List" owner="BuiltIn">
<msg time="2024-06-04T20:41:46.581396" level="INFO">${list_country} = ['AD', 'AE', 'AF', 'AG', 'AI', 'AL', 'AM', 'AO', 'AQ', 'AR', 'AS', 'AT', 'AU', 'AW', 'AX', 'AZ', 'BA', 'BB', 'BD', 'BE', 'BF', 'BG', 'BH', 'BI', 'BJ', 'BL', 'BM', 'BN', 'BO', 'BQ', 'BR', 'BS', 'BT', '...</msg>
<var>${list_country}</var>
<arg>AD</arg>
<arg>AE</arg>
<arg>AF</arg>
<arg>AG</arg>
<arg>AI</arg>
<arg>AL</arg>
<arg>AM</arg>
<arg>AO</arg>
<arg>AQ</arg>
<arg>AR</arg>
<arg>AS</arg>
<arg>AT</arg>
<arg>AU</arg>
<arg>AW</arg>
<arg>AX</arg>
<arg>AZ</arg>
<arg>BA</arg>
<arg>BB</arg>
<arg>BD</arg>
<arg>BE</arg>
<arg>BF</arg>
<arg>BG</arg>
<arg>BH</arg>
<arg>BI</arg>
<arg>BJ</arg>
<arg>BL</arg>
<arg>BM</arg>
<arg>BN</arg>
<arg>BO</arg>
<arg>BQ</arg>
<arg>BR</arg>
<arg>BS</arg>
<arg>BT</arg>
<arg>BV</arg>
<arg>BW</arg>
<arg>BY</arg>
<arg>BZ</arg>
<arg>CA</arg>
<arg>CC</arg>
<arg>CD</arg>
<arg>CF</arg>
<arg>CG</arg>
<arg>CH</arg>
<arg>CI</arg>
<arg>CK</arg>
<arg>CL</arg>
<arg>CM</arg>
<arg>CN</arg>
<arg>CO</arg>
<arg>CR</arg>
<arg>CU</arg>
<arg>CV</arg>
<arg>CW</arg>
<arg>CX</arg>
<arg>CY</arg>
<arg>CZ</arg>
<arg>DE</arg>
<arg>DJ</arg>
<arg>DK</arg>
<arg>DM</arg>
<arg>DO</arg>
<arg>DZ</arg>
<arg>EC</arg>
<arg>EE</arg>
<arg>EG</arg>
<arg>EH</arg>
<arg>ER</arg>
<arg>ES</arg>
<arg>ET</arg>
<arg>FI</arg>
<arg>FJ</arg>
<arg>FK</arg>
<arg>FM</arg>
<arg>FO</arg>
<arg>FR</arg>
<arg>GA</arg>
<arg>GB</arg>
<arg>GD</arg>
<arg>GE</arg>
<arg>GF</arg>
<arg>GG</arg>
<arg>GH</arg>
<arg>GI</arg>
<arg>GL</arg>
<arg>GM</arg>
<arg>GN</arg>
<arg>GP</arg>
<arg>GQ</arg>
<arg>GR</arg>
<arg>GS</arg>
<arg>GT</arg>
<arg>GU</arg>
<arg>GW</arg>
<arg>GY</arg>
<arg>HK</arg>
<arg>HM</arg>
<arg>HN</arg>
<arg>HR</arg>
<arg>HT</arg>
<arg>HU</arg>
<arg>ID</arg>
<arg>IE</arg>
<arg>IL</arg>
<arg>IM</arg>
<arg>IN</arg>
<arg>IO</arg>
<arg>IQ</arg>
<arg>IR</arg>
<arg>IS</arg>
<arg>IT</arg>
<arg>JE</arg>
<arg>JM</arg>
<arg>JO</arg>
<arg>JP</arg>
<arg>KE</arg>
<arg>KG</arg>
<arg>KH</arg>
<arg>KI</arg>
<arg>KM</arg>
<arg>KN</arg>
<arg>KP</arg>
<arg>KR</arg>
<arg>KW</arg>
<arg>KY</arg>
<arg>KZ</arg>
<arg>LA</arg>
<arg>LB</arg>
<arg>LC</arg>
<arg>LI</arg>
<arg>LK</arg>
<arg>LR</arg>
<arg>LS</arg>
<arg>LT</arg>
<arg>LU</arg>
<arg>LV</arg>
<arg>LY</arg>
<arg>MA</arg>
<arg>MC</arg>
<arg>MD</arg>
<arg>ME</arg>
<arg>MF</arg>
<arg>MG</arg>
<arg>MH</arg>
<arg>MK</arg>
<arg>ML</arg>
<arg>MM</arg>
<arg>MN</arg>
<arg>MO</arg>
<arg>MP</arg>
<arg>MQ</arg>
<arg>MR</arg>
<arg>MS</arg>
<arg>MT</arg>
<arg>MU</arg>
<arg>MV</arg>
<arg>MW</arg>
<arg>MX</arg>
<arg>MY</arg>
<arg>MZ</arg>
<arg>NA</arg>
<arg>NC</arg>
<arg>NE</arg>
<arg>NF</arg>
<arg>NG</arg>
<arg>NI</arg>
<arg>NL</arg>
<arg>NO</arg>
<arg>NP</arg>
<arg>NR</arg>
<arg>NU</arg>
<arg>NZ</arg>
<arg>OM</arg>
<arg>PA</arg>
<arg>PE</arg>
<arg>PF</arg>
<arg>PG</arg>
<arg>PH</arg>
<arg>PK</arg>
<arg>PL</arg>
<arg>PM</arg>
<arg>PN</arg>
<arg>PR</arg>
<arg>PS</arg>
<arg>PT</arg>
<arg>PW</arg>
<arg>PY</arg>
<arg>QA</arg>
<arg>RE</arg>
<arg>RO</arg>
<arg>RS</arg>
<arg>RU</arg>
<arg>RW</arg>
<arg>SA</arg>
<arg>SB</arg>
<arg>SC</arg>
<arg>SD</arg>
<arg>SE</arg>
<arg>SG</arg>
<arg>SH</arg>
<arg>SI</arg>
<arg>SJ</arg>
<arg>SK</arg>
<arg>SL</arg>
<arg>SM</arg>
<arg>SN</arg>
<arg>SO</arg>
<arg>SR</arg>
<arg>SS</arg>
<arg>ST</arg>
<arg>SV</arg>
<arg>SX</arg>
<arg>SY</arg>
<arg>SZ</arg>
<arg>TC</arg>
<arg>TD</arg>
<arg>TF</arg>
<arg>TG</arg>
<arg>TH</arg>
<arg>TJ</arg>
<arg>TK</arg>
<arg>TL</arg>
<arg>TM</arg>
<arg>TN</arg>
<arg>TO</arg>
<arg>TR</arg>
<arg>TT</arg>
<arg>TV</arg>
<arg>TW</arg>
<arg>TZ</arg>
<arg>UA</arg>
<arg>UG</arg>
<arg>UM</arg>
<arg>US</arg>
<arg>UY</arg>
<arg>UZ</arg>
<arg>VA</arg>
<arg>VC</arg>
<arg>VE</arg>
<arg>VG</arg>
<arg>VI</arg>
<arg>VN</arg>
<arg>VU</arg>
<arg>WF</arg>
<arg>WS</arg>
<arg>XK</arg>
<arg>YE</arg>
<arg>YT</arg>
<arg>ZA</arg>
<arg>ZM</arg>
<arg>ZW</arg>
<doc>Returns a list containing given items.</doc>
<status status="PASS" start="2024-06-04T20:41:46.580805" elapsed="0.000617"/>
</kw>
<kw name="List Should Contain Value" owner="Collections">
<msg time="2024-06-04T20:41:46.582418" level="INFO">False</msg>
<arg>${list_country}</arg>
<arg>${name_country}</arg>
<doc>Fails if the ``value`` is not found from ``list``.</doc>
<status status="PASS" start="2024-06-04T20:41:46.582218" elapsed="0.000236"/>
</kw>
<kw name="Run Keyword If" owner="BuiltIn">
<kw name="Should Be True" owner="BuiltIn">
<arg>${True}</arg>
<doc>Fails if the given condition is not true.</doc>
<status status="PASS" start="2024-06-04T20:41:46.583531" elapsed="0.000169"/>
</kw>
<arg>${json_data["results"][0]["location"]["coordinates"]["latitude"]} &gt;= -90 and ${json_data["results"][0]["location"]["coordinates"]["latitude"]} &lt;= 90</arg>
<arg>Should Be True</arg>
<arg>${True}</arg>
<doc>Runs the given keyword with the given arguments, if ``condition`` is true.</doc>
<status status="PASS" start="2024-06-04T20:41:46.582774" elapsed="0.001057"/>
</kw>
<kw name="Run Keyword If" owner="BuiltIn">
<kw name="Should Be True" owner="BuiltIn">
<arg>${True}</arg>
<doc>Fails if the given condition is not true.</doc>
<status status="PASS" start="2024-06-04T20:41:46.584715" elapsed="0.000136"/>
</kw>
<arg>${json_data["results"][0]["location"]["coordinates"]["longitude"]} &gt;= -180 and ${json_data["results"][0]["location"]["coordinates"]["longitude"]} &lt;= 180</arg>
<arg>Should Be True</arg>
<arg>${True}</arg>
<doc>Runs the given keyword with the given arguments, if ``condition`` is true.</doc>
<status status="PASS" start="2024-06-04T20:41:46.584022" elapsed="0.000951"/>
</kw>
<status status="PASS" start="2024-06-04T20:41:46.492377" elapsed="0.092727"/>
</kw>
<doc>Testa o conteúdo específico dos campos retornados pela API.</doc>
<tag>testeConteudo</tag>
<status status="PASS" start="2024-06-04T20:41:46.491819" elapsed="0.093438"/>
</test>
<status status="PASS" start="2024-06-04T20:41:45.648505" elapsed="0.938689"/>
</suite>
<status status="PASS" start="2024-06-04T20:41:45.634648" elapsed="0.957721"/>
</suite>
<statistics>
<total>
<stat pass="5" fail="0" skip="0">All Tests</stat>
</total>
<tag>
<stat pass="1" fail="0" skip="0">testeConteudo</stat>
<stat pass="1" fail="0" skip="0">testeEstruturaResposta</stat>
<stat pass="1" fail="0" skip="0">testeRequisicaoBasica</stat>
<stat pass="1" fail="0" skip="0">testeTiposDados</stat>
</tag>
<suite>
<stat pass="5" fail="0" skip="0" id="s1" name="Tests">Tests</stat>
<stat pass="5" fail="0" skip="0" id="s1-s1" name="Random-User-Test">Tests.Random-User-Test</stat>
</suite>
</statistics>
<errors>
</errors>
</robot>
