<?xml version="1.0" encoding="UTF-8"?>
<robot generator="Robot 7.0.1 (Python 3.12.4 on linux)" generated="2024-07-21T08:17:33.476345" rpa="false" schemaversion="5">
<suite id="s1" name="Tests" source="/home/runner/work/ApiRandomUser/ApiRandomUser/RamdonUser/tests">
<suite id="s1-s1" name="Random-User-Test" source="/home/runner/work/ApiRandomUser/ApiRandomUser/RamdonUser/tests/random-user-test.robot">
<test id="s1-s1-t1" name="Conectar" line="13">
<kw name="Conectar API" owner="random-user-service">
<kw name="Create Session" owner="RequestsLibrary">
<msg time="2024-07-21T08:17:33.874894" level="INFO">Creating Session using : alias=consultarAPI, url=https://randomuser.me/, headers={},                     cookies={}, auth=None, timeout=None, proxies=None, verify=False,                     debug=0 </msg>
<arg>consultarAPI</arg>
<arg>${URL}</arg>
<doc>Create Session: create a HTTP session to a server</doc>
<status status="PASS" start="2024-07-21T08:17:33.874694" elapsed="0.000381"/>
</kw>
<status status="PASS" start="2024-07-21T08:17:33.873564" elapsed="0.001870"/>
</kw>
<status status="PASS" start="2024-07-21T08:17:33.872963" elapsed="0.002669"/>
</test>
<test id="s1-s1-t2" name="Validar retorno 200 e JSON Válido" line="16">
<kw name="Teste de Requisicao Basica" owner="random-user-service">
<kw name="GET On Session" owner="RequestsLibrary">
<msg time="2024-07-21T08:17:34.199176" level="INFO">GET Request : url=https://randomuser.me/api 
 path_url=/api 
 headers={'User-Agent': 'python-requests/2.32.3', 'Accept-Encoding': 'gzip, deflate', 'Accept': '*/*', 'Connection': 'keep-alive'} 
 body=None 
 </msg>
<msg time="2024-07-21T08:17:34.199352" level="INFO">GET Response : url=https://randomuser.me/api 
 status=200, reason=OK 
 headers={'Date': 'Sun, 21 Jul 2024 08:17:34 GMT', 'Content-Type': 'application/json; charset=utf-8', 'Transfer-Encoding': 'chunked', 'Connection': 'keep-alive', 'X-Powered-By': 'Express', 'Access-Control-Allow-Origin': '*', 'Cache-Control': 'no-cache', 'ETag': 'W/"48a-h5BHdF4kp9EwtOz0z2OkWRJwwlI"', 'Vary': 'Accept-Encoding', 'Content-Encoding': 'gzip', 'CF-Cache-Status': 'DYNAMIC', 'Report-To': '{"endpoints":[{"url":"https:\\/\\/a.nel.cloudflare.com\\/report\\/v4?s=1CcEcpMZBxJsuJwJDAEi72R3Mpzyx5CsC%2BjK88ABB8NgMX3HxY9XSZYbjqeYueOL29HPOKBa%2FZ1bnOVK%2BTT3QRomk%2BqW0BoTcH2MVyR0aEyfVeoS4pMsCwWomD7aCyLJ"}],"group":"cf-nel","max_age":604800}', 'NEL': '{"success_fraction":0,"report_to":"cf-nel","max_age":604800}', 'Server': 'cloudflare', 'CF-RAY': '8a69c15c7d9e81a9-IAD', 'alt-svc': 'h3=":443"; ma=86400'} 
 body={"results":[{"gender":"male","name":{"title":"Mr","first":"Selahattin","last":"Stek"},"location":{"street":{"number":7824,"name":"Kees Boekestraat"},"city":"Obbicht","state":"Gelderland","country":"Netherlands","postcode":"2676 ZP","coordinates":{"latitude":"34.2394","longitude":"-33.4153"},"timezone":{"offset":"-12:00","description":"Eniwetok, Kwajalein"}},"email":"selahattin.stek@example.com","login":{"uuid":"da0ce94c-3918-44be-8b43-c5f59505c031","username":"crazydog785","password":"redfish","salt":"nLfFsT6s","md5":"8ca6f07da66e83428a2ed33ab6af7eff","sha1":"17ab1ba8075c68b1ae4f77b5174c0c18708897bd","sha256":"fb8932955694a1250eb000c092a18059297b0cf2240fa38bd0aac0958ef6031d"},"dob":{"date":"1965-03-07T15:39:14.277Z","age":59},"registered":{"date":"2021-06-27T15:58:58.265Z","age":3},"phone":"(063) 0370110","cell":"(06) 83381862","id":{"name":"BSN","value":"59919163"},"picture":{"large":"https://randomuser.me/api/portraits/men/31.jpg","medium":"https://randomuser.me/api/portraits/med/men/31.jpg","thumbnail":"https://randomuser.me/api/portraits/thumb/men/31.jpg"},"nat":"NL"}],"info":{"seed":"14c4461d54681564","results":1,"page":1,"version":"1.4"}} 
 </msg>
<msg time="2024-07-21T08:17:34.199448" level="INFO">/opt/hostedtoolcache/Python/3.12.4/x64/lib/python3.12/site-packages/urllib3/connectionpool.py:1099: InsecureRequestWarning: Unverified HTTPS request is being made to host 'randomuser.me'. Adding certificate verification is strongly advised. See: https://urllib3.readthedocs.io/en/latest/advanced-usage.html#tls-warnings
  warnings.warn(</msg>
<msg time="2024-07-21T08:17:34.199603" level="INFO">${response} = &lt;Response [200]&gt;</msg>
<var>${response}</var>
<arg>consultarAPI</arg>
<arg>/api</arg>
<doc>Sends a GET request on a previously created HTTP Session.</doc>
<status status="PASS" start="2024-07-21T08:17:33.878465" elapsed="0.321187"/>
</kw>
<kw name="Should Be Equal As Numbers" owner="BuiltIn">
<msg time="2024-07-21T08:17:34.200677" level="INFO">Argument types are:
&lt;class 'int'&gt;
&lt;class 'str'&gt;</msg>
<arg>${response.status_code}</arg>
<arg>200</arg>
<doc>Fails if objects are unequal after converting them to real numbers.</doc>
<status status="PASS" start="2024-07-21T08:17:34.200198" elapsed="0.000545"/>
</kw>
<kw name="Log" owner="BuiltIn">
<msg time="2024-07-21T08:17:34.201431" level="INFO">200</msg>
<arg>${response.status_code}</arg>
<doc>Logs the given message with the given level.</doc>
<status status="PASS" start="2024-07-21T08:17:34.201060" elapsed="0.000413"/>
</kw>
<kw name="Set Variable" owner="BuiltIn">
<msg time="2024-07-21T08:17:34.202218" level="INFO">${json_data} = {'results': [{'gender': 'male', 'name': {'title': 'Mr', 'first': 'Selahattin', 'last': 'Stek'}, 'location': {'street': {'number': 7824, 'name': 'Kees Boekestraat'}, 'city': 'Obbicht', 'state': 'Gelder...</msg>
<var>${json_data}</var>
<arg>${response.json()}</arg>
<doc>Returns the given values which can then be assigned to a variables.</doc>
<status status="PASS" start="2024-07-21T08:17:34.201773" elapsed="0.000472"/>
</kw>
<kw name="Dictionary Should Contain Key" owner="Collections">
<arg>${json_data}</arg>
<arg>results</arg>
<doc>Fails if ``key`` is not found from ``dictionary``.</doc>
<status status="PASS" start="2024-07-21T08:17:34.202542" elapsed="0.000316"/>
</kw>
<status status="PASS" start="2024-07-21T08:17:33.878214" elapsed="0.324796"/>
</kw>
<doc>Testa se a API responde corretamente e retorna um objeto JSON válido.</doc>
<tag>testeRequisicaoBasica</tag>
<status status="PASS" start="2024-07-21T08:17:33.877682" elapsed="0.325498"/>
</test>
<test id="s1-s1-t3" name="Validar estrutura de resposta" line="22">
<kw name="Teste de Estrutura de Resposta" owner="random-user-service">
<kw name="GET On Session" owner="RequestsLibrary">
<msg time="2024-07-21T08:17:34.302490" level="INFO">GET Request : url=https://randomuser.me/api 
 path_url=/api 
 headers={'User-Agent': 'python-requests/2.32.3', 'Accept-Encoding': 'gzip, deflate', 'Accept': '*/*', 'Connection': 'keep-alive'} 
 body=None 
 </msg>
<msg time="2024-07-21T08:17:34.302587" level="INFO">GET Response : url=https://randomuser.me/api 
 status=200, reason=OK 
 headers={'Date': 'Sun, 21 Jul 2024 08:17:34 GMT', 'Content-Type': 'application/json; charset=utf-8', 'Transfer-Encoding': 'chunked', 'Connection': 'keep-alive', 'X-Powered-By': 'Express', 'Access-Control-Allow-Origin': '*', 'Cache-Control': 'no-cache', 'ETag': 'W/"4a9-92bb+VBjyWZinRTaAn/qKOGdFk0"', 'Vary': 'Accept-Encoding', 'Content-Encoding': 'gzip', 'CF-Cache-Status': 'DYNAMIC', 'Report-To': '{"endpoints":[{"url":"https:\\/\\/a.nel.cloudflare.com\\/report\\/v4?s=ctQpoTasimQSmj7S31P39vwTKFNs3HtC%2BhNCMo7hK3g7jYHkb2p5hP9I88PZBz7JrzfIaahLL0PpEFpr5np22wAYV%2BGcFlFcLPbjg11F2wLHpgfyI4hXb07BLY0FKtly"}],"group":"cf-nel","max_age":604800}', 'NEL': '{"success_fraction":0,"report_to":"cf-nel","max_age":604800}', 'Server': 'cloudflare', 'CF-RAY': '8a69c15cede781a9-IAD', 'alt-svc': 'h3=":443"; ma=86400'} 
 body={"results":[{"gender":"male","name":{"title":"Mr","first":"Ricardo","last":"Laureano"},"location":{"street":{"number":9738,"name":"Peatonal Coahuila de Zaragoza"},"city":"San Juan Tecomatlán","state":"Sinaloa","country":"Mexico","postcode":68879,"coordinates":{"latitude":"22.2894","longitude":"-94.6667"},"timezone":{"offset":"+7:00","description":"Bangkok, Hanoi, Jakarta"}},"email":"ricardo.laureano@example.com","login":{"uuid":"d7dfbbca-fd75-4561-9cc7-1dd67c311834","username":"smallladybug161","password":"showme","salt":"91EvuBgK","md5":"911103e59905b135ed45d4ab4701a650","sha1":"a5c3baa7048bb2436973c48c791146e407236daa","sha256":"434df8a1448972b7913340807c24ed72e4b245a7ca9218463165ac095b9d9efa"},"dob":{"date":"1991-08-20T18:46:15.143Z","age":32},"registered":{"date":"2019-02-24T14:41:54.139Z","age":5},"phone":"(647) 210 5124","cell":"(676) 009 6156","id":{"name":"NSS","value":"01 57 82 4414 5"},"picture":{"large":"https://randomuser.me/api/portraits/men/42.jpg","medium":"https://randomuser.me/api/portraits/med/men/42.jpg","thumbnail":"https://randomuser.me/api/portraits/thumb/men/42.jpg"},"nat":"MX"}],"info":{"seed":"65ca1a039dbb57a5","results":1,"page":1,"version":"1.4"}} 
 </msg>
<msg time="2024-07-21T08:17:34.302730" level="INFO">/opt/hostedtoolcache/Python/3.12.4/x64/lib/python3.12/site-packages/urllib3/connectionpool.py:1099: InsecureRequestWarning: Unverified HTTPS request is being made to host 'randomuser.me'. Adding certificate verification is strongly advised. See: https://urllib3.readthedocs.io/en/latest/advanced-usage.html#tls-warnings
  warnings.warn(</msg>
<msg time="2024-07-21T08:17:34.302863" level="INFO">${response} = &lt;Response [200]&gt;</msg>
<var>${response}</var>
<arg>consultarAPI</arg>
<arg>/api</arg>
<doc>Sends a GET request on a previously created HTTP Session.</doc>
<status status="PASS" start="2024-07-21T08:17:34.205903" elapsed="0.097011"/>
</kw>
<kw name="Set Variable" owner="BuiltIn">
<msg time="2024-07-21T08:17:34.303878" level="INFO">${json_data} = {'results': [{'gender': 'male', 'name': {'title': 'Mr', 'first': 'Ricardo', 'last': 'Laureano'}, 'location': {'street': {'number': 9738, 'name': 'Peatonal Coahuila de Zaragoza'}, 'city': 'San Juan Tec...</msg>
<var>${json_data}</var>
<arg>${response.json()}</arg>
<doc>Returns the given values which can then be assigned to a variables.</doc>
<status status="PASS" start="2024-07-21T08:17:34.303328" elapsed="0.000581"/>
</kw>
<kw name="Log" owner="BuiltIn">
<msg time="2024-07-21T08:17:34.304388" level="INFO">{'results': [{'gender': 'male', 'name': {'title': 'Mr', 'first': 'Ricardo', 'last': 'Laureano'}, 'location': {'street': {'number': 9738, 'name': 'Peatonal Coahuila de Zaragoza'}, 'city': 'San Juan Tecomatlán', 'state': 'Sinaloa', 'country': 'Mexico', 'postcode': 68879, 'coordinates': {'latitude': '22.2894', 'longitude': '-94.6667'}, 'timezone': {'offset': '+7:00', 'description': 'Bangkok, Hanoi, Jakarta'}}, 'email': 'ricardo.laureano@example.com', 'login': {'uuid': 'd7dfbbca-fd75-4561-9cc7-1dd67c311834', 'username': 'smallladybug161', 'password': 'showme', 'salt': '91EvuBgK', 'md5': '911103e59905b135ed45d4ab4701a650', 'sha1': 'a5c3baa7048bb2436973c48c791146e407236daa', 'sha256': '434df8a1448972b7913340807c24ed72e4b245a7ca9218463165ac095b9d9efa'}, 'dob': {'date': '1991-08-20T18:46:15.143Z', 'age': 32}, 'registered': {'date': '2019-02-24T14:41:54.139Z', 'age': 5}, 'phone': '(647) 210 5124', 'cell': '(676) 009 6156', 'id': {'name': 'NSS', 'value': '01 57 82 4414 5'}, 'picture': {'large': 'https://randomuser.me/api/portraits/men/42.jpg', 'medium': 'https://randomuser.me/api/portraits/med/men/42.jpg', 'thumbnail': 'https://randomuser.me/api/portraits/thumb/men/42.jpg'}, 'nat': 'MX'}], 'info': {'seed': '65ca1a039dbb57a5', 'results': 1, 'page': 1, 'version': '1.4'}}</msg>
<arg>${json_data}</arg>
<doc>Logs the given message with the given level.</doc>
<status status="PASS" start="2024-07-21T08:17:34.304222" elapsed="0.000219"/>
</kw>
<kw name="Dictionary Should Contain Key" owner="Collections">
<arg>${json_data}</arg>
<arg>results</arg>
<doc>Fails if ``key`` is not found from ``dictionary``.</doc>
<status status="PASS" start="2024-07-21T08:17:34.304737" elapsed="0.000164"/>
</kw>
<kw name="Should Not Be Empty" owner="BuiltIn">
<msg time="2024-07-21T08:17:34.305224" level="INFO">Length is 2.</msg>
<arg>${json_data}</arg>
<doc>Verifies that the given item is not empty.</doc>
<status status="PASS" start="2024-07-21T08:17:34.305099" elapsed="0.000163"/>
</kw>
<kw name="Create List" owner="BuiltIn">
<msg time="2024-07-21T08:17:34.305705" level="INFO">${expected_keys} = ['gender', 'name', 'location', 'email', 'login']</msg>
<var>${expected_keys}</var>
<arg>gender</arg>
<arg>name</arg>
<arg>location</arg>
<arg>email</arg>
<arg>login</arg>
<doc>Returns a list containing given items.</doc>
<status status="PASS" start="2024-07-21T08:17:34.305551" elapsed="0.000178"/>
</kw>
<for flavor="IN">
<iter>
<kw name="Dictionary Should Contain Key" owner="Collections">
<arg>${json_data['results'][0]}</arg>
<arg>${key}</arg>
<doc>Fails if ``key`` is not found from ``dictionary``.</doc>
<status status="PASS" start="2024-07-21T08:17:34.306331" elapsed="0.000414"/>
</kw>
<kw name="Log" owner="BuiltIn">
<msg time="2024-07-21T08:17:34.307295" level="INFO">{'gender': 'male', 'name': {'title': 'Mr', 'first': 'Ricardo', 'last': 'Laureano'}, 'location': {'street': {'number': 9738, 'name': 'Peatonal Coahuila de Zaragoza'}, 'city': 'San Juan Tecomatlán', 'state': 'Sinaloa', 'country': 'Mexico', 'postcode': 68879, 'coordinates': {'latitude': '22.2894', 'longitude': '-94.6667'}, 'timezone': {'offset': '+7:00', 'description': 'Bangkok, Hanoi, Jakarta'}}, 'email': 'ricardo.laureano@example.com', 'login': {'uuid': 'd7dfbbca-fd75-4561-9cc7-1dd67c311834', 'username': 'smallladybug161', 'password': 'showme', 'salt': '91EvuBgK', 'md5': '911103e59905b135ed45d4ab4701a650', 'sha1': 'a5c3baa7048bb2436973c48c791146e407236daa', 'sha256': '434df8a1448972b7913340807c24ed72e4b245a7ca9218463165ac095b9d9efa'}, 'dob': {'date': '1991-08-20T18:46:15.143Z', 'age': 32}, 'registered': {'date': '2019-02-24T14:41:54.139Z', 'age': 5}, 'phone': '(647) 210 5124', 'cell': '(676) 009 6156', 'id': {'name': 'NSS', 'value': '01 57 82 4414 5'}, 'picture': {'large': 'https://randomuser.me/api/portraits/men/42.jpg', 'medium': 'https://randomuser.me/api/portraits/med/men/42.jpg', 'thumbnail': 'https://randomuser.me/api/portraits/thumb/men/42.jpg'}, 'nat': 'MX'}</msg>
<arg>${json_data['results'][0]}</arg>
<doc>Logs the given message with the given level.</doc>
<status status="PASS" start="2024-07-21T08:17:34.306932" elapsed="0.000414"/>
</kw>
<kw name="Log" owner="BuiltIn">
<msg time="2024-07-21T08:17:34.307800" level="INFO">gender</msg>
<arg>${key}</arg>
<doc>Logs the given message with the given level.</doc>
<status status="PASS" start="2024-07-21T08:17:34.307649" elapsed="0.000191"/>
</kw>
<var name="${key}">gender</var>
<status status="PASS" start="2024-07-21T08:17:34.306186" elapsed="0.001872"/>
</iter>
<iter>
<kw name="Dictionary Should Contain Key" owner="Collections">
<arg>${json_data['results'][0]}</arg>
<arg>${key}</arg>
<doc>Fails if ``key`` is not found from ``dictionary``.</doc>
<status status="PASS" start="2024-07-21T08:17:34.308357" elapsed="0.000390"/>
</kw>
<kw name="Log" owner="BuiltIn">
<msg time="2024-07-21T08:17:34.309334" level="INFO">{'gender': 'male', 'name': {'title': 'Mr', 'first': 'Ricardo', 'last': 'Laureano'}, 'location': {'street': {'number': 9738, 'name': 'Peatonal Coahuila de Zaragoza'}, 'city': 'San Juan Tecomatlán', 'state': 'Sinaloa', 'country': 'Mexico', 'postcode': 68879, 'coordinates': {'latitude': '22.2894', 'longitude': '-94.6667'}, 'timezone': {'offset': '+7:00', 'description': 'Bangkok, Hanoi, Jakarta'}}, 'email': 'ricardo.laureano@example.com', 'login': {'uuid': 'd7dfbbca-fd75-4561-9cc7-1dd67c311834', 'username': 'smallladybug161', 'password': 'showme', 'salt': '91EvuBgK', 'md5': '911103e59905b135ed45d4ab4701a650', 'sha1': 'a5c3baa7048bb2436973c48c791146e407236daa', 'sha256': '434df8a1448972b7913340807c24ed72e4b245a7ca9218463165ac095b9d9efa'}, 'dob': {'date': '1991-08-20T18:46:15.143Z', 'age': 32}, 'registered': {'date': '2019-02-24T14:41:54.139Z', 'age': 5}, 'phone': '(647) 210 5124', 'cell': '(676) 009 6156', 'id': {'name': 'NSS', 'value': '01 57 82 4414 5'}, 'picture': {'large': 'https://randomuser.me/api/portraits/men/42.jpg', 'medium': 'https://randomuser.me/api/portraits/med/men/42.jpg', 'thumbnail': 'https://randomuser.me/api/portraits/thumb/men/42.jpg'}, 'nat': 'MX'}</msg>
<arg>${json_data['results'][0]}</arg>
<doc>Logs the given message with the given level.</doc>
<status status="PASS" start="2024-07-21T08:17:34.308966" elapsed="0.000419"/>
</kw>
<kw name="Log" owner="BuiltIn">
<msg time="2024-07-21T08:17:34.309810" level="INFO">name</msg>
<arg>${key}</arg>
<doc>Logs the given message with the given level.</doc>
<status status="PASS" start="2024-07-21T08:17:34.309683" elapsed="0.000166"/>
</kw>
<var name="${key}">name</var>
<status status="PASS" start="2024-07-21T08:17:34.308246" elapsed="0.001819"/>
</iter>
<iter>
<kw name="Dictionary Should Contain Key" owner="Collections">
<arg>${json_data['results'][0]}</arg>
<arg>${key}</arg>
<doc>Fails if ``key`` is not found from ``dictionary``.</doc>
<status status="PASS" start="2024-07-21T08:17:34.310350" elapsed="0.000382"/>
</kw>
<kw name="Log" owner="BuiltIn">
<msg time="2024-07-21T08:17:34.311284" level="INFO">{'gender': 'male', 'name': {'title': 'Mr', 'first': 'Ricardo', 'last': 'Laureano'}, 'location': {'street': {'number': 9738, 'name': 'Peatonal Coahuila de Zaragoza'}, 'city': 'San Juan Tecomatlán', 'state': 'Sinaloa', 'country': 'Mexico', 'postcode': 68879, 'coordinates': {'latitude': '22.2894', 'longitude': '-94.6667'}, 'timezone': {'offset': '+7:00', 'description': 'Bangkok, Hanoi, Jakarta'}}, 'email': 'ricardo.laureano@example.com', 'login': {'uuid': 'd7dfbbca-fd75-4561-9cc7-1dd67c311834', 'username': 'smallladybug161', 'password': 'showme', 'salt': '91EvuBgK', 'md5': '911103e59905b135ed45d4ab4701a650', 'sha1': 'a5c3baa7048bb2436973c48c791146e407236daa', 'sha256': '434df8a1448972b7913340807c24ed72e4b245a7ca9218463165ac095b9d9efa'}, 'dob': {'date': '1991-08-20T18:46:15.143Z', 'age': 32}, 'registered': {'date': '2019-02-24T14:41:54.139Z', 'age': 5}, 'phone': '(647) 210 5124', 'cell': '(676) 009 6156', 'id': {'name': 'NSS', 'value': '01 57 82 4414 5'}, 'picture': {'large': 'https://randomuser.me/api/portraits/men/42.jpg', 'medium': 'https://randomuser.me/api/portraits/med/men/42.jpg', 'thumbnail': 'https://randomuser.me/api/portraits/thumb/men/42.jpg'}, 'nat': 'MX'}</msg>
<arg>${json_data['results'][0]}</arg>
<doc>Logs the given message with the given level.</doc>
<status status="PASS" start="2024-07-21T08:17:34.310927" elapsed="0.000406"/>
</kw>
<kw name="Log" owner="BuiltIn">
<msg time="2024-07-21T08:17:34.311768" level="INFO">location</msg>
<arg>${key}</arg>
<doc>Logs the given message with the given level.</doc>
<status status="PASS" start="2024-07-21T08:17:34.311623" elapsed="0.000192"/>
</kw>
<var name="${key}">location</var>
<status status="PASS" start="2024-07-21T08:17:34.310237" elapsed="0.001793"/>
</iter>
<iter>
<kw name="Dictionary Should Contain Key" owner="Collections">
<arg>${json_data['results'][0]}</arg>
<arg>${key}</arg>
<doc>Fails if ``key`` is not found from ``dictionary``.</doc>
<status status="PASS" start="2024-07-21T08:17:34.312306" elapsed="0.000386"/>
</kw>
<kw name="Log" owner="BuiltIn">
<msg time="2024-07-21T08:17:34.313349" level="INFO">{'gender': 'male', 'name': {'title': 'Mr', 'first': 'Ricardo', 'last': 'Laureano'}, 'location': {'street': {'number': 9738, 'name': 'Peatonal Coahuila de Zaragoza'}, 'city': 'San Juan Tecomatlán', 'state': 'Sinaloa', 'country': 'Mexico', 'postcode': 68879, 'coordinates': {'latitude': '22.2894', 'longitude': '-94.6667'}, 'timezone': {'offset': '+7:00', 'description': 'Bangkok, Hanoi, Jakarta'}}, 'email': 'ricardo.laureano@example.com', 'login': {'uuid': 'd7dfbbca-fd75-4561-9cc7-1dd67c311834', 'username': 'smallladybug161', 'password': 'showme', 'salt': '91EvuBgK', 'md5': '911103e59905b135ed45d4ab4701a650', 'sha1': 'a5c3baa7048bb2436973c48c791146e407236daa', 'sha256': '434df8a1448972b7913340807c24ed72e4b245a7ca9218463165ac095b9d9efa'}, 'dob': {'date': '1991-08-20T18:46:15.143Z', 'age': 32}, 'registered': {'date': '2019-02-24T14:41:54.139Z', 'age': 5}, 'phone': '(647) 210 5124', 'cell': '(676) 009 6156', 'id': {'name': 'NSS', 'value': '01 57 82 4414 5'}, 'picture': {'large': 'https://randomuser.me/api/portraits/men/42.jpg', 'medium': 'https://randomuser.me/api/portraits/med/men/42.jpg', 'thumbnail': 'https://randomuser.me/api/portraits/thumb/men/42.jpg'}, 'nat': 'MX'}</msg>
<arg>${json_data['results'][0]}</arg>
<doc>Logs the given message with the given level.</doc>
<status status="PASS" start="2024-07-21T08:17:34.312988" elapsed="0.000411"/>
</kw>
<kw name="Log" owner="BuiltIn">
<msg time="2024-07-21T08:17:34.313820" level="INFO">email</msg>
<arg>${key}</arg>
<doc>Logs the given message with the given level.</doc>
<status status="PASS" start="2024-07-21T08:17:34.313692" elapsed="0.000167"/>
</kw>
<var name="${key}">email</var>
<status status="PASS" start="2024-07-21T08:17:34.312200" elapsed="0.001875"/>
</iter>
<iter>
<kw name="Dictionary Should Contain Key" owner="Collections">
<arg>${json_data['results'][0]}</arg>
<arg>${key}</arg>
<doc>Fails if ``key`` is not found from ``dictionary``.</doc>
<status status="PASS" start="2024-07-21T08:17:34.314355" elapsed="0.000409"/>
</kw>
<kw name="Log" owner="BuiltIn">
<msg time="2024-07-21T08:17:34.315301" level="INFO">{'gender': 'male', 'name': {'title': 'Mr', 'first': 'Ricardo', 'last': 'Laureano'}, 'location': {'street': {'number': 9738, 'name': 'Peatonal Coahuila de Zaragoza'}, 'city': 'San Juan Tecomatlán', 'state': 'Sinaloa', 'country': 'Mexico', 'postcode': 68879, 'coordinates': {'latitude': '22.2894', 'longitude': '-94.6667'}, 'timezone': {'offset': '+7:00', 'description': 'Bangkok, Hanoi, Jakarta'}}, 'email': 'ricardo.laureano@example.com', 'login': {'uuid': 'd7dfbbca-fd75-4561-9cc7-1dd67c311834', 'username': 'smallladybug161', 'password': 'showme', 'salt': '91EvuBgK', 'md5': '911103e59905b135ed45d4ab4701a650', 'sha1': 'a5c3baa7048bb2436973c48c791146e407236daa', 'sha256': '434df8a1448972b7913340807c24ed72e4b245a7ca9218463165ac095b9d9efa'}, 'dob': {'date': '1991-08-20T18:46:15.143Z', 'age': 32}, 'registered': {'date': '2019-02-24T14:41:54.139Z', 'age': 5}, 'phone': '(647) 210 5124', 'cell': '(676) 009 6156', 'id': {'name': 'NSS', 'value': '01 57 82 4414 5'}, 'picture': {'large': 'https://randomuser.me/api/portraits/men/42.jpg', 'medium': 'https://randomuser.me/api/portraits/med/men/42.jpg', 'thumbnail': 'https://randomuser.me/api/portraits/thumb/men/42.jpg'}, 'nat': 'MX'}</msg>
<arg>${json_data['results'][0]}</arg>
<doc>Logs the given message with the given level.</doc>
<status status="PASS" start="2024-07-21T08:17:34.314949" elapsed="0.000402"/>
</kw>
<kw name="Log" owner="BuiltIn">
<msg time="2024-07-21T08:17:34.315792" level="INFO">login</msg>
<arg>${key}</arg>
<doc>Logs the given message with the given level.</doc>
<status status="PASS" start="2024-07-21T08:17:34.315642" elapsed="0.000186"/>
</kw>
<var name="${key}">login</var>
<status status="PASS" start="2024-07-21T08:17:34.314247" elapsed="0.001800"/>
</iter>
<var>${key}</var>
<value>@{expected_keys}</value>
<status status="PASS" start="2024-07-21T08:17:34.305994" elapsed="0.010174"/>
</for>
<kw name="Create List" owner="BuiltIn">
<msg time="2024-07-21T08:17:34.316521" level="INFO">${expected_keysTwo} = ['username', 'password']</msg>
<var>${expected_keysTwo}</var>
<arg>username</arg>
<arg>password</arg>
<doc>Returns a list containing given items.</doc>
<status status="PASS" start="2024-07-21T08:17:34.316384" elapsed="0.000161"/>
</kw>
<for flavor="IN">
<iter>
<kw name="Dictionary Should Contain Key" owner="Collections">
<arg>${json_data['results'][0]['login']}</arg>
<arg>${keyTwo}</arg>
<doc>Fails if ``key`` is not found from ``dictionary``.</doc>
<status status="PASS" start="2024-07-21T08:17:34.317121" elapsed="0.000391"/>
</kw>
<kw name="Dictionary Should Contain Key" owner="Collections">
<arg>${json_data['results'][0]['login']}</arg>
<arg>${keyTwo}</arg>
<doc>Fails if ``key`` is not found from ``dictionary``.</doc>
<status status="PASS" start="2024-07-21T08:17:34.317693" elapsed="0.000377"/>
</kw>
<kw name="Log" owner="BuiltIn">
<msg time="2024-07-21T08:17:34.318363" level="INFO">username</msg>
<arg>${keyTwo}</arg>
<doc>Logs the given message with the given level.</doc>
<status status="PASS" start="2024-07-21T08:17:34.318245" elapsed="0.000156"/>
</kw>
<var name="${keyTwo}">username</var>
<status status="PASS" start="2024-07-21T08:17:34.316999" elapsed="0.001622"/>
</iter>
<iter>
<kw name="Dictionary Should Contain Key" owner="Collections">
<arg>${json_data['results'][0]['login']}</arg>
<arg>${keyTwo}</arg>
<doc>Fails if ``key`` is not found from ``dictionary``.</doc>
<status status="PASS" start="2024-07-21T08:17:34.318901" elapsed="0.000376"/>
</kw>
<kw name="Dictionary Should Contain Key" owner="Collections">
<arg>${json_data['results'][0]['login']}</arg>
<arg>${keyTwo}</arg>
<doc>Fails if ``key`` is not found from ``dictionary``.</doc>
<status status="PASS" start="2024-07-21T08:17:34.319455" elapsed="0.000412"/>
</kw>
<kw name="Log" owner="BuiltIn">
<msg time="2024-07-21T08:17:34.320170" level="INFO">password</msg>
<arg>${keyTwo}</arg>
<doc>Logs the given message with the given level.</doc>
<status status="PASS" start="2024-07-21T08:17:34.320046" elapsed="0.000161"/>
</kw>
<var name="${keyTwo}">password</var>
<status status="PASS" start="2024-07-21T08:17:34.318790" elapsed="0.001657"/>
</iter>
<var>${keyTwo}</var>
<value>@{expected_keysTwo}</value>
<status status="PASS" start="2024-07-21T08:17:34.316788" elapsed="0.003789"/>
</for>
<status status="PASS" start="2024-07-21T08:17:34.205672" elapsed="0.115064"/>
</kw>
<doc>Testa a estrutura da resposta da API.</doc>
<tag>testeEstruturaResposta</tag>
<status status="PASS" start="2024-07-21T08:17:34.205169" elapsed="0.115735"/>
</test>
<test id="s1-s1-t4" name="Validar tipos de dados" line="28">
<kw name="Teste de Tipos de Dados" owner="random-user-service">
<kw name="GET On Session" owner="RequestsLibrary">
<msg time="2024-07-21T08:17:34.397725" level="INFO">GET Request : url=https://randomuser.me/api 
 path_url=/api 
 headers={'User-Agent': 'python-requests/2.32.3', 'Accept-Encoding': 'gzip, deflate', 'Accept': '*/*', 'Connection': 'keep-alive'} 
 body=None 
 </msg>
<msg time="2024-07-21T08:17:34.397796" level="INFO">GET Response : url=https://randomuser.me/api 
 status=200, reason=OK 
 headers={'Date': 'Sun, 21 Jul 2024 08:17:34 GMT', 'Content-Type': 'application/json; charset=utf-8', 'Transfer-Encoding': 'chunked', 'Connection': 'keep-alive', 'X-Powered-By': 'Express', 'Access-Control-Allow-Origin': '*', 'Cache-Control': 'no-cache', 'ETag': 'W/"485-b8J1DUsjCR3q5cLd4W50FnoWCXU"', 'Vary': 'Accept-Encoding', 'Content-Encoding': 'gzip', 'CF-Cache-Status': 'DYNAMIC', 'Report-To': '{"endpoints":[{"url":"https:\\/\\/a.nel.cloudflare.com\\/report\\/v4?s=k0USbSjmsrVbwI%2BTVD4yKJ41LMHm%2FuTjd26ai%2BaQEk6hO5H38%2FtyRT11tMm30tf9Xjg00hnx5jaCnS2lLlxzvHHpaCVcuQtSPPC2Jhecp5LjPWwKbEF1a4hrRuBbVTxd"}],"group":"cf-nel","max_age":604800}', 'NEL': '{"success_fraction":0,"report_to":"cf-nel","max_age":604800}', 'Server': 'cloudflare', 'CF-RAY': '8a69c15dae5981a9-IAD', 'alt-svc': 'h3=":443"; ma=86400'} 
 body={"results":[{"gender":"male","name":{"title":"Mr","first":"Ishwar","last":"Hiremath"},"location":{"street":{"number":9099,"name":"College St"},"city":"Panchkula","state":"Dadra and Nagar Haveli","country":"India","postcode":45179,"coordinates":{"latitude":"7.8222","longitude":"-172.3464"},"timezone":{"offset":"+9:30","description":"Adelaide, Darwin"}},"email":"ishwar.hiremath@example.com","login":{"uuid":"75ee3b36-402a-4b72-bc72-bd553a630503","username":"heavydog747","password":"showing","salt":"qbkQSBlR","md5":"05acc6c8d36e22c737c3f7fc1dcfaf37","sha1":"1e96c7c163e2687be593e4e415a0b70c0bb1efcb","sha256":"e03f2d27b89b8003cdc0606de9ae1a119ca1880f3104389c5dae4425389f315c"},"dob":{"date":"1993-09-03T18:03:57.852Z","age":30},"registered":{"date":"2008-11-22T05:54:54.425Z","age":15},"phone":"7642030215","cell":"8288280137","id":{"name":"UIDAI","value":"839761171028"},"picture":{"large":"https://randomuser.me/api/portraits/men/34.jpg","medium":"https://randomuser.me/api/portraits/med/men/34.jpg","thumbnail":"https://randomuser.me/api/portraits/thumb/men/34.jpg"},"nat":"IN"}],"info":{"seed":"17f36edb5f7a61f2","results":1,"page":1,"version":"1.4"}} 
 </msg>
<msg time="2024-07-21T08:17:34.397853" level="INFO">/opt/hostedtoolcache/Python/3.12.4/x64/lib/python3.12/site-packages/urllib3/connectionpool.py:1099: InsecureRequestWarning: Unverified HTTPS request is being made to host 'randomuser.me'. Adding certificate verification is strongly advised. See: https://urllib3.readthedocs.io/en/latest/advanced-usage.html#tls-warnings
  warnings.warn(</msg>
<msg time="2024-07-21T08:17:34.397941" level="INFO">${response} = &lt;Response [200]&gt;</msg>
<var>${response}</var>
<arg>consultarAPI</arg>
<arg>/api</arg>
<doc>Sends a GET request on a previously created HTTP Session.</doc>
<status status="PASS" start="2024-07-21T08:17:34.323523" elapsed="0.074458"/>
</kw>
<kw name="Set Variable" owner="BuiltIn">
<msg time="2024-07-21T08:17:34.399009" level="INFO">${json_data} = {'results': [{'gender': 'male', 'name': {'title': 'Mr', 'first': 'Ishwar', 'last': 'Hiremath'}, 'location': {'street': {'number': 9099, 'name': 'College St'}, 'city': 'Panchkula', 'state': 'Dadra and ...</msg>
<var>${json_data}</var>
<arg>${response.json()}</arg>
<doc>Returns the given values which can then be assigned to a variables.</doc>
<status status="PASS" start="2024-07-21T08:17:34.398436" elapsed="0.000602"/>
</kw>
<kw name="Log" owner="BuiltIn">
<msg time="2024-07-21T08:17:34.399490" level="INFO">{'results': [{'gender': 'male', 'name': {'title': 'Mr', 'first': 'Ishwar', 'last': 'Hiremath'}, 'location': {'street': {'number': 9099, 'name': 'College St'}, 'city': 'Panchkula', 'state': 'Dadra and Nagar Haveli', 'country': 'India', 'postcode': 45179, 'coordinates': {'latitude': '7.8222', 'longitude': '-172.3464'}, 'timezone': {'offset': '+9:30', 'description': 'Adelaide, Darwin'}}, 'email': 'ishwar.hiremath@example.com', 'login': {'uuid': '75ee3b36-402a-4b72-bc72-bd553a630503', 'username': 'heavydog747', 'password': 'showing', 'salt': 'qbkQSBlR', 'md5': '05acc6c8d36e22c737c3f7fc1dcfaf37', 'sha1': '1e96c7c163e2687be593e4e415a0b70c0bb1efcb', 'sha256': 'e03f2d27b89b8003cdc0606de9ae1a119ca1880f3104389c5dae4425389f315c'}, 'dob': {'date': '1993-09-03T18:03:57.852Z', 'age': 30}, 'registered': {'date': '2008-11-22T05:54:54.425Z', 'age': 15}, 'phone': '7642030215', 'cell': '8288280137', 'id': {'name': 'UIDAI', 'value': '839761171028'}, 'picture': {'large': 'https://randomuser.me/api/portraits/men/34.jpg', 'medium': 'https://randomuser.me/api/portraits/med/men/34.jpg', 'thumbnail': 'https://randomuser.me/api/portraits/thumb/men/34.jpg'}, 'nat': 'IN'}], 'info': {'seed': '17f36edb5f7a61f2', 'results': 1, 'page': 1, 'version': '1.4'}}</msg>
<arg>${json_data}</arg>
<doc>Logs the given message with the given level.</doc>
<status status="PASS" start="2024-07-21T08:17:34.399342" elapsed="0.000198"/>
</kw>
<kw name="Should Be String" owner="String">
<arg>${json_data['results'][0]['gender']}</arg>
<doc>Fails if the given ``item`` is not a string.</doc>
<status status="PASS" start="2024-07-21T08:17:34.399887" elapsed="0.000419"/>
</kw>
<kw name="Should Match Regexp" owner="BuiltIn">
<arg>${json_data['results'][0]['email']}</arg>
<arg>^[a-zA-Z0-9._%+-]+@[a-zA-Z0-9.-]+\.[a-zA-Z]{2,}$</arg>
<doc>Fails if ``string`` does not match ``pattern`` as a regular expression.</doc>
<status status="PASS" start="2024-07-21T08:17:34.400527" elapsed="0.000536"/>
</kw>
<kw name="Should Match Regexp" owner="BuiltIn">
<arg>${json_data['results'][0]['dob']['date']}</arg>
<arg>\\d{4}-\\d{2}-\\d{2}T\\d{2}:\\d{2}:\\d{2}\\.\\d{3}Z</arg>
<doc>Fails if ``string`` does not match ``pattern`` as a regular expression.</doc>
<status status="PASS" start="2024-07-21T08:17:34.401266" elapsed="0.000623"/>
</kw>
<kw name="Should Match Regexp" owner="BuiltIn">
<arg>${json_data['results'][0]['registered']['date']}</arg>
<arg>\\d{4}-\\d{2}-\\d{2}T\\d{2}:\\d{2}:\\d{2}\\.\\d{3}Z</arg>
<doc>Fails if ``string`` does not match ``pattern`` as a regular expression.</doc>
<status status="PASS" start="2024-07-21T08:17:34.402082" elapsed="0.000390"/>
</kw>
<kw name="Should Match Regexp" owner="BuiltIn">
<arg>${json_data['results'][0]['picture']['large']}</arg>
<arg>^https?://.*\.(?:png|jpe?g|gif|bmp)$</arg>
<doc>Fails if ``string`` does not match ``pattern`` as a regular expression.</doc>
<status status="PASS" start="2024-07-21T08:17:34.402654" elapsed="0.000477"/>
</kw>
<kw name="Should Match Regexp" owner="BuiltIn">
<arg>${json_data['results'][0]['picture']['medium']}</arg>
<arg>^https?://.*\.(?:png|jpe?g|gif|bmp)$</arg>
<doc>Fails if ``string`` does not match ``pattern`` as a regular expression.</doc>
<status status="PASS" start="2024-07-21T08:17:34.403323" elapsed="0.000402"/>
</kw>
<kw name="Should Match Regexp" owner="BuiltIn">
<arg>${json_data['results'][0]['picture']['thumbnail']}</arg>
<arg>^https?://.*\.(?:png|jpe?g|gif|bmp)$</arg>
<doc>Fails if ``string`` does not match ``pattern`` as a regular expression.</doc>
<status status="PASS" start="2024-07-21T08:17:34.403915" elapsed="0.000376"/>
</kw>
<kw name="Log" owner="BuiltIn">
<msg time="2024-07-21T08:17:34.404816" level="INFO">{'large': 'https://randomuser.me/api/portraits/men/34.jpg', 'medium': 'https://randomuser.me/api/portraits/med/men/34.jpg', 'thumbnail': 'https://randomuser.me/api/portraits/thumb/men/34.jpg'}</msg>
<arg>${json_data['results'][0]['picture']}</arg>
<doc>Logs the given message with the given level.</doc>
<status status="PASS" start="2024-07-21T08:17:34.404474" elapsed="0.000385"/>
</kw>
<status status="PASS" start="2024-07-21T08:17:34.323302" elapsed="0.081812"/>
</kw>
<kw name="Teste de Tipos de Dados - Postcode" owner="random-user-service">
<kw name="GET On Session" owner="RequestsLibrary">
<msg time="2024-07-21T08:17:34.497465" level="INFO">GET Request : url=https://randomuser.me/api 
 path_url=/api 
 headers={'User-Agent': 'python-requests/2.32.3', 'Accept-Encoding': 'gzip, deflate', 'Accept': '*/*', 'Connection': 'keep-alive'} 
 body=None 
 </msg>
<msg time="2024-07-21T08:17:34.497529" level="INFO">GET Response : url=https://randomuser.me/api 
 status=200, reason=OK 
 headers={'Date': 'Sun, 21 Jul 2024 08:17:34 GMT', 'Content-Type': 'application/json; charset=utf-8', 'Transfer-Encoding': 'chunked', 'Connection': 'keep-alive', 'X-Powered-By': 'Express', 'Access-Control-Allow-Origin': '*', 'Cache-Control': 'no-cache', 'ETag': 'W/"4a4-lOA08DRATPI1CgsXGaZRHvhG6/o"', 'Vary': 'Accept-Encoding', 'Content-Encoding': 'gzip', 'CF-Cache-Status': 'DYNAMIC', 'Report-To': '{"endpoints":[{"url":"https:\\/\\/a.nel.cloudflare.com\\/report\\/v4?s=ZjoxMVXy1cEpUq%2F1GYIpmNX4GHhjSSpZDtPEd%2FZf9q3FC4E9DReTLAAHs6t6mmvo7eTBFRludn%2Fq9AZiXah44whJ%2BY8svsOpimvw9pid9n%2Bm8R4SNimLe3rkPdHVQzi6"}],"group":"cf-nel","max_age":604800}', 'NEL': '{"success_fraction":0,"report_to":"cf-nel","max_age":604800}', 'Server': 'cloudflare', 'CF-RAY': '8a69c15e2eb181a9-IAD', 'alt-svc': 'h3=":443"; ma=86400'} 
 body={"results":[{"gender":"male","name":{"title":"Mr","first":"Vili","last":"Fogaça"},"location":{"street":{"number":1690,"name":"Rua Rui Barbosa "},"city":"Belo Horizonte","state":"Mato Grosso do Sul","country":"Brazil","postcode":29284,"coordinates":{"latitude":"-75.9450","longitude":"-57.0285"},"timezone":{"offset":"-6:00","description":"Central Time (US &amp; Canada), Mexico City"}},"email":"vili.fogaca@example.com","login":{"uuid":"f7329163-d0e5-4f3d-ae11-0e2afadfd60f","username":"bigbird106","password":"twiggy","salt":"3c6u0nZk","md5":"c7da63508d3252d0533dfbce769975fe","sha1":"62d786e02699282402e7434aa54f59bba491ea8f","sha256":"9f2f882a2cd3d8d863d24dfcc14d743f0ce11bf6dfbd7a7150894994a3c3e49b"},"dob":{"date":"1995-04-20T08:09:22.995Z","age":29},"registered":{"date":"2004-11-12T15:58:11.246Z","age":19},"phone":"(96) 8984-0998","cell":"(11) 1472-3151","id":{"name":"CPF","value":"780.228.333-06"},"picture":{"large":"https://randomuser.me/api/portraits/men/63.jpg","medium":"https://randomuser.me/api/portraits/med/men/63.jpg","thumbnail":"https://randomuser.me/api/portraits/thumb/men/63.jpg"},"nat":"BR"}],"info":{"seed":"a26175078aca5239","results":1,"page":1,"version":"1.4"}} 
 </msg>
<msg time="2024-07-21T08:17:34.497589" level="INFO">/opt/hostedtoolcache/Python/3.12.4/x64/lib/python3.12/site-packages/urllib3/connectionpool.py:1099: InsecureRequestWarning: Unverified HTTPS request is being made to host 'randomuser.me'. Adding certificate verification is strongly advised. See: https://urllib3.readthedocs.io/en/latest/advanced-usage.html#tls-warnings
  warnings.warn(</msg>
<msg time="2024-07-21T08:17:34.497675" level="INFO">${response} = &lt;Response [200]&gt;</msg>
<var>${response}</var>
<arg>consultarAPI</arg>
<arg>/api</arg>
<doc>Sends a GET request on a previously created HTTP Session.</doc>
<status status="PASS" start="2024-07-21T08:17:34.405539" elapsed="0.092175"/>
</kw>
<kw name="Set Variable" owner="BuiltIn">
<msg time="2024-07-21T08:17:34.498759" level="INFO">${json_data} = {'results': [{'gender': 'male', 'name': {'title': 'Mr', 'first': 'Vili', 'last': 'Fogaça'}, 'location': {'street': {'number': 1690, 'name': 'Rua Rui Barbosa '}, 'city': 'Belo Horizonte', 'state': 'Mat...</msg>
<var>${json_data}</var>
<arg>${response.json()}</arg>
<doc>Returns the given values which can then be assigned to a variables.</doc>
<status status="PASS" start="2024-07-21T08:17:34.498176" elapsed="0.000612"/>
</kw>
<kw name="Log" owner="BuiltIn">
<msg time="2024-07-21T08:17:34.499247" level="INFO">{'results': [{'gender': 'male', 'name': {'title': 'Mr', 'first': 'Vili', 'last': 'Fogaça'}, 'location': {'street': {'number': 1690, 'name': 'Rua Rui Barbosa '}, 'city': 'Belo Horizonte', 'state': 'Mato Grosso do Sul', 'country': 'Brazil', 'postcode': 29284, 'coordinates': {'latitude': '-75.9450', 'longitude': '-57.0285'}, 'timezone': {'offset': '-6:00', 'description': 'Central Time (US &amp; Canada), Mexico City'}}, 'email': 'vili.fogaca@example.com', 'login': {'uuid': 'f7329163-d0e5-4f3d-ae11-0e2afadfd60f', 'username': 'bigbird106', 'password': 'twiggy', 'salt': '3c6u0nZk', 'md5': 'c7da63508d3252d0533dfbce769975fe', 'sha1': '62d786e02699282402e7434aa54f59bba491ea8f', 'sha256': '9f2f882a2cd3d8d863d24dfcc14d743f0ce11bf6dfbd7a7150894994a3c3e49b'}, 'dob': {'date': '1995-04-20T08:09:22.995Z', 'age': 29}, 'registered': {'date': '2004-11-12T15:58:11.246Z', 'age': 19}, 'phone': '(96) 8984-0998', 'cell': '(11) 1472-3151', 'id': {'name': 'CPF', 'value': '780.228.333-06'}, 'picture': {'large': 'https://randomuser.me/api/portraits/men/63.jpg', 'medium': 'https://randomuser.me/api/portraits/med/men/63.jpg', 'thumbnail': 'https://randomuser.me/api/portraits/thumb/men/63.jpg'}, 'nat': 'BR'}], 'info': {'seed': 'a26175078aca5239', 'results': 1, 'page': 1, 'version': '1.4'}}</msg>
<arg>${json_data}</arg>
<doc>Logs the given message with the given level.</doc>
<status status="PASS" start="2024-07-21T08:17:34.499093" elapsed="0.000205"/>
</kw>
<kw name="Should Be Equal As Numbers" owner="BuiltIn">
<arg>${json_data['results'][0]['location']['postcode']}</arg>
<arg>${json_data['results'][0]['location']['postcode']}</arg>
<doc>Fails if objects are unequal after converting them to real numbers.</doc>
<status status="PASS" start="2024-07-21T08:17:34.499588" elapsed="0.000711"/>
</kw>
<kw name="Log" owner="BuiltIn">
<msg time="2024-07-21T08:17:34.500885" level="INFO">29284</msg>
<arg>${json_data['results'][0]['location']['postcode']}</arg>
<doc>Logs the given message with the given level.</doc>
<status status="PASS" start="2024-07-21T08:17:34.500521" elapsed="0.000404"/>
</kw>
<status status="PASS" start="2024-07-21T08:17:34.405324" elapsed="0.095852"/>
</kw>
<doc>Testa se os tipos de dados na resposta da API estão corretos.</doc>
<tag>testeTiposDados</tag>
<status status="PASS" start="2024-07-21T08:17:34.322771" elapsed="0.178563"/>
</test>
<test id="s1-s1-t5" name="Validar conteudo" line="35">
<kw name="Teste de Tipos de Conteudo" owner="random-user-service">
<kw name="GET On Session" owner="RequestsLibrary">
<msg time="2024-07-21T08:17:34.595036" level="INFO">GET Request : url=https://randomuser.me/api 
 path_url=/api 
 headers={'User-Agent': 'python-requests/2.32.3', 'Accept-Encoding': 'gzip, deflate', 'Accept': '*/*', 'Connection': 'keep-alive'} 
 body=None 
 </msg>
<msg time="2024-07-21T08:17:34.595117" level="INFO">GET Response : url=https://randomuser.me/api 
 status=200, reason=OK 
 headers={'Date': 'Sun, 21 Jul 2024 08:17:34 GMT', 'Content-Type': 'application/json; charset=utf-8', 'Transfer-Encoding': 'chunked', 'Connection': 'keep-alive', 'X-Powered-By': 'Express', 'Access-Control-Allow-Origin': '*', 'Cache-Control': 'no-cache', 'ETag': 'W/"47d-UeZHo+RZAshb1vutKakcTies3MM"', 'Vary': 'Accept-Encoding', 'Content-Encoding': 'gzip', 'CF-Cache-Status': 'DYNAMIC', 'Report-To': '{"endpoints":[{"url":"https:\\/\\/a.nel.cloudflare.com\\/report\\/v4?s=qWhsLZyvdxbzNYhtWgDtAjZzwbECA%2BiPMMbtvLLyq7jm20tvADKdKzkErYPZUFnxvRO96GfXLgsi%2BY08%2FAFYRNGGYGbcNtvAQPeLm%2BPRUZtlf3w427F%2B3%2FK9V8XDB144"}],"group":"cf-nel","max_age":604800}', 'NEL': '{"success_fraction":0,"report_to":"cf-nel","max_age":604800}', 'Server': 'cloudflare', 'CF-RAY': '8a69c15ecf6981a9-IAD', 'alt-svc': 'h3=":443"; ma=86400'} 
 body={"results":[{"gender":"male","name":{"title":"Mr","first":"Adam","last":"Rasmussen"},"location":{"street":{"number":8294,"name":"Viborgvej"},"city":"Assens","state":"Nordjylland","country":"Denmark","postcode":10600,"coordinates":{"latitude":"-39.7450","longitude":"-6.9862"},"timezone":{"offset":"-8:00","description":"Pacific Time (US &amp; Canada)"}},"email":"adam.rasmussen@example.com","login":{"uuid":"0d2df190-2760-48ac-b688-ba7a1f9ab8ce","username":"orangeleopard751","password":"hhhhhh","salt":"jDAdGOV7","md5":"8e8ddc9f5a5273ec04463a3f96ec99b1","sha1":"a1815916957694f567108e2a4d2660a867cb3575","sha256":"fb05d1ac42360ecbc41b341a682f110023ff5e8a914407b0cf00c7440e920585"},"dob":{"date":"1981-11-15T08:54:41.554Z","age":42},"registered":{"date":"2012-02-03T17:10:27.086Z","age":12},"phone":"09667578","cell":"50715412","id":{"name":"CPR","value":"151181-3266"},"picture":{"large":"https://randomuser.me/api/portraits/men/64.jpg","medium":"https://randomuser.me/api/portraits/med/men/64.jpg","thumbnail":"https://randomuser.me/api/portraits/thumb/men/64.jpg"},"nat":"DK"}],"info":{"seed":"6bb3e016dbe0144a","results":1,"page":1,"version":"1.4"}} 
 </msg>
<msg time="2024-07-21T08:17:34.595188" level="INFO">/opt/hostedtoolcache/Python/3.12.4/x64/lib/python3.12/site-packages/urllib3/connectionpool.py:1099: InsecureRequestWarning: Unverified HTTPS request is being made to host 'randomuser.me'. Adding certificate verification is strongly advised. See: https://urllib3.readthedocs.io/en/latest/advanced-usage.html#tls-warnings
  warnings.warn(</msg>
<msg time="2024-07-21T08:17:34.595300" level="INFO">${response} = &lt;Response [200]&gt;</msg>
<var>${response}</var>
<arg>consultarAPI</arg>
<arg>/api</arg>
<doc>Sends a GET request on a previously created HTTP Session.</doc>
<status status="PASS" start="2024-07-21T08:17:34.504702" elapsed="0.090648"/>
</kw>
<kw name="Set Variable" owner="BuiltIn">
<msg time="2024-07-21T08:17:34.596447" level="INFO">${json_data} = {'results': [{'gender': 'male', 'name': {'title': 'Mr', 'first': 'Adam', 'last': 'Rasmussen'}, 'location': {'street': {'number': 8294, 'name': 'Viborgvej'}, 'city': 'Assens', 'state': 'Nordjylland', '...</msg>
<var>${json_data}</var>
<arg>${response.json()}</arg>
<doc>Returns the given values which can then be assigned to a variables.</doc>
<status status="PASS" start="2024-07-21T08:17:34.595876" elapsed="0.000599"/>
</kw>
<kw name="Set Variable" owner="BuiltIn">
<msg time="2024-07-21T08:17:34.597189" level="INFO">${name_title} = Mr</msg>
<var>${name_title}</var>
<arg>${json_data["results"][0]["name"]["title"]}</arg>
<doc>Returns the given values which can then be assigned to a variables.</doc>
<status status="PASS" start="2024-07-21T08:17:34.596786" elapsed="0.000429"/>
</kw>
<kw name="Create List" owner="BuiltIn">
<msg time="2024-07-21T08:17:34.597657" level="INFO">${allowed_titles} = ['Mr', 'Ms', 'Miss', 'Mrs', 'Madame', 'Monsieur']</msg>
<var>${allowed_titles}</var>
<arg>Mr</arg>
<arg>Ms</arg>
<arg>Miss</arg>
<arg>Mrs</arg>
<arg>Madame</arg>
<arg>Monsieur</arg>
<doc>Returns a list containing given items.</doc>
<status status="PASS" start="2024-07-21T08:17:34.597510" elapsed="0.000171"/>
</kw>
<kw name="List Should Contain Value" owner="Collections">
<arg>${allowed_titles}</arg>
<arg>${name_title}</arg>
<doc>Fails if the ``value`` is not found from ``list``.</doc>
<status status="PASS" start="2024-07-21T08:17:34.597980" elapsed="0.000179"/>
</kw>
<kw name="Set Variable" owner="BuiltIn">
<msg time="2024-07-21T08:17:34.598739" level="INFO">${name_country} = DK</msg>
<var>${name_country}</var>
<arg>${json_data["results"][0]["nat"]}</arg>
<doc>Returns the given values which can then be assigned to a variables.</doc>
<status status="PASS" start="2024-07-21T08:17:34.598339" elapsed="0.000426"/>
</kw>
<kw name="Create List" owner="BuiltIn">
<msg time="2024-07-21T08:17:34.599647" level="INFO">${list_country} = ['AD', 'AE', 'AF', 'AG', 'AI', 'AL', 'AM', 'AO', 'AQ', 'AR', 'AS', 'AT', 'AU', 'AW', 'AX', 'AZ', 'BA', 'BB', 'BD', 'BE', 'BF', 'BG', 'BH', 'BI', 'BJ', 'BL', 'BM', 'BN', 'BO', 'BQ', 'BR', 'BS', 'BT', '...</msg>
<var>${list_country}</var>
<arg>AD</arg>
<arg>AE</arg>
<arg>AF</arg>
<arg>AG</arg>
<arg>AI</arg>
<arg>AL</arg>
<arg>AM</arg>
<arg>AO</arg>
<arg>AQ</arg>
<arg>AR</arg>
<arg>AS</arg>
<arg>AT</arg>
<arg>AU</arg>
<arg>AW</arg>
<arg>AX</arg>
<arg>AZ</arg>
<arg>BA</arg>
<arg>BB</arg>
<arg>BD</arg>
<arg>BE</arg>
<arg>BF</arg>
<arg>BG</arg>
<arg>BH</arg>
<arg>BI</arg>
<arg>BJ</arg>
<arg>BL</arg>
<arg>BM</arg>
<arg>BN</arg>
<arg>BO</arg>
<arg>BQ</arg>
<arg>BR</arg>
<arg>BS</arg>
<arg>BT</arg>
<arg>BV</arg>
<arg>BW</arg>
<arg>BY</arg>
<arg>BZ</arg>
<arg>CA</arg>
<arg>CC</arg>
<arg>CD</arg>
<arg>CF</arg>
<arg>CG</arg>
<arg>CH</arg>
<arg>CI</arg>
<arg>CK</arg>
<arg>CL</arg>
<arg>CM</arg>
<arg>CN</arg>
<arg>CO</arg>
<arg>CR</arg>
<arg>CU</arg>
<arg>CV</arg>
<arg>CW</arg>
<arg>CX</arg>
<arg>CY</arg>
<arg>CZ</arg>
<arg>DE</arg>
<arg>DJ</arg>
<arg>DK</arg>
<arg>DM</arg>
<arg>DO</arg>
<arg>DZ</arg>
<arg>EC</arg>
<arg>EE</arg>
<arg>EG</arg>
<arg>EH</arg>
<arg>ER</arg>
<arg>ES</arg>
<arg>ET</arg>
<arg>FI</arg>
<arg>FJ</arg>
<arg>FK</arg>
<arg>FM</arg>
<arg>FO</arg>
<arg>FR</arg>
<arg>GA</arg>
<arg>GB</arg>
<arg>GD</arg>
<arg>GE</arg>
<arg>GF</arg>
<arg>GG</arg>
<arg>GH</arg>
<arg>GI</arg>
<arg>GL</arg>
<arg>GM</arg>
<arg>GN</arg>
<arg>GP</arg>
<arg>GQ</arg>
<arg>GR</arg>
<arg>GS</arg>
<arg>GT</arg>
<arg>GU</arg>
<arg>GW</arg>
<arg>GY</arg>
<arg>HK</arg>
<arg>HM</arg>
<arg>HN</arg>
<arg>HR</arg>
<arg>HT</arg>
<arg>HU</arg>
<arg>ID</arg>
<arg>IE</arg>
<arg>IL</arg>
<arg>IM</arg>
<arg>IN</arg>
<arg>IO</arg>
<arg>IQ</arg>
<arg>IR</arg>
<arg>IS</arg>
<arg>IT</arg>
<arg>JE</arg>
<arg>JM</arg>
<arg>JO</arg>
<arg>JP</arg>
<arg>KE</arg>
<arg>KG</arg>
<arg>KH</arg>
<arg>KI</arg>
<arg>KM</arg>
<arg>KN</arg>
<arg>KP</arg>
<arg>KR</arg>
<arg>KW</arg>
<arg>KY</arg>
<arg>KZ</arg>
<arg>LA</arg>
<arg>LB</arg>
<arg>LC</arg>
<arg>LI</arg>
<arg>LK</arg>
<arg>LR</arg>
<arg>LS</arg>
<arg>LT</arg>
<arg>LU</arg>
<arg>LV</arg>
<arg>LY</arg>
<arg>MA</arg>
<arg>MC</arg>
<arg>MD</arg>
<arg>ME</arg>
<arg>MF</arg>
<arg>MG</arg>
<arg>MH</arg>
<arg>MK</arg>
<arg>ML</arg>
<arg>MM</arg>
<arg>MN</arg>
<arg>MO</arg>
<arg>MP</arg>
<arg>MQ</arg>
<arg>MR</arg>
<arg>MS</arg>
<arg>MT</arg>
<arg>MU</arg>
<arg>MV</arg>
<arg>MW</arg>
<arg>MX</arg>
<arg>MY</arg>
<arg>MZ</arg>
<arg>NA</arg>
<arg>NC</arg>
<arg>NE</arg>
<arg>NF</arg>
<arg>NG</arg>
<arg>NI</arg>
<arg>NL</arg>
<arg>NO</arg>
<arg>NP</arg>
<arg>NR</arg>
<arg>NU</arg>
<arg>NZ</arg>
<arg>OM</arg>
<arg>PA</arg>
<arg>PE</arg>
<arg>PF</arg>
<arg>PG</arg>
<arg>PH</arg>
<arg>PK</arg>
<arg>PL</arg>
<arg>PM</arg>
<arg>PN</arg>
<arg>PR</arg>
<arg>PS</arg>
<arg>PT</arg>
<arg>PW</arg>
<arg>PY</arg>
<arg>QA</arg>
<arg>RE</arg>
<arg>RO</arg>
<arg>RS</arg>
<arg>RU</arg>
<arg>RW</arg>
<arg>SA</arg>
<arg>SB</arg>
<arg>SC</arg>
<arg>SD</arg>
<arg>SE</arg>
<arg>SG</arg>
<arg>SH</arg>
<arg>SI</arg>
<arg>SJ</arg>
<arg>SK</arg>
<arg>SL</arg>
<arg>SM</arg>
<arg>SN</arg>
<arg>SO</arg>
<arg>SR</arg>
<arg>SS</arg>
<arg>ST</arg>
<arg>SV</arg>
<arg>SX</arg>
<arg>SY</arg>
<arg>SZ</arg>
<arg>TC</arg>
<arg>TD</arg>
<arg>TF</arg>
<arg>TG</arg>
<arg>TH</arg>
<arg>TJ</arg>
<arg>TK</arg>
<arg>TL</arg>
<arg>TM</arg>
<arg>TN</arg>
<arg>TO</arg>
<arg>TR</arg>
<arg>TT</arg>
<arg>TV</arg>
<arg>TW</arg>
<arg>TZ</arg>
<arg>UA</arg>
<arg>UG</arg>
<arg>UM</arg>
<arg>US</arg>
<arg>UY</arg>
<arg>UZ</arg>
<arg>VA</arg>
<arg>VC</arg>
<arg>VE</arg>
<arg>VG</arg>
<arg>VI</arg>
<arg>VN</arg>
<arg>VU</arg>
<arg>WF</arg>
<arg>WS</arg>
<arg>XK</arg>
<arg>YE</arg>
<arg>YT</arg>
<arg>ZA</arg>
<arg>ZM</arg>
<arg>ZW</arg>
<doc>Returns a list containing given items.</doc>
<status status="PASS" start="2024-07-21T08:17:34.599059" elapsed="0.000613"/>
</kw>
<kw name="List Should Contain Value" owner="Collections">
<arg>${list_country}</arg>
<arg>${name_country}</arg>
<doc>Fails if the ``value`` is not found from ``list``.</doc>
<status status="PASS" start="2024-07-21T08:17:34.600783" elapsed="0.000205"/>
</kw>
<kw name="Run Keyword If" owner="BuiltIn">
<kw name="Should Be True" owner="BuiltIn">
<arg>${True}</arg>
<doc>Fails if the given condition is not true.</doc>
<status status="PASS" start="2024-07-21T08:17:34.601953" elapsed="0.000142"/>
</kw>
<arg>${json_data["results"][0]["location"]["coordinates"]["latitude"]} &gt;= -90 and ${json_data["results"][0]["location"]["coordinates"]["latitude"]} &lt;= 90</arg>
<arg>Should Be True</arg>
<arg>${True}</arg>
<doc>Runs the given keyword with the given arguments, if ``condition`` is true.</doc>
<status status="PASS" start="2024-07-21T08:17:34.601187" elapsed="0.001032"/>
</kw>
<kw name="Run Keyword If" owner="BuiltIn">
<kw name="Should Be True" owner="BuiltIn">
<arg>${True}</arg>
<doc>Fails if the given condition is not true.</doc>
<status status="PASS" start="2024-07-21T08:17:34.603130" elapsed="0.000136"/>
</kw>
<arg>${json_data["results"][0]["location"]["coordinates"]["longitude"]} &gt;= -180 and ${json_data["results"][0]["location"]["coordinates"]["longitude"]} &lt;= 180</arg>
<arg>Should Be True</arg>
<arg>${True}</arg>
<doc>Runs the given keyword with the given arguments, if ``condition`` is true.</doc>
<status status="PASS" start="2024-07-21T08:17:34.602403" elapsed="0.000984"/>
</kw>
<status status="PASS" start="2024-07-21T08:17:34.504339" elapsed="0.099178"/>
</kw>
<doc>Testa o conteúdo específico dos campos retornados pela API.</doc>
<tag>testeConteudo</tag>
<status status="PASS" start="2024-07-21T08:17:34.503604" elapsed="0.100057"/>
</test>
<status status="PASS" start="2024-07-21T08:17:33.539264" elapsed="1.066497"/>
</suite>
<status status="PASS" start="2024-07-21T08:17:33.524833" elapsed="1.086279"/>
</suite>
<statistics>
<total>
<stat pass="5" fail="0" skip="0">All Tests</stat>
</total>
<tag>
<stat pass="1" fail="0" skip="0">testeConteudo</stat>
<stat pass="1" fail="0" skip="0">testeEstruturaResposta</stat>
<stat pass="1" fail="0" skip="0">testeRequisicaoBasica</stat>
<stat pass="1" fail="0" skip="0">testeTiposDados</stat>
</tag>
<suite>
<stat pass="5" fail="0" skip="0" id="s1" name="Tests">Tests</stat>
<stat pass="5" fail="0" skip="0" id="s1-s1" name="Random-User-Test">Tests.Random-User-Test</stat>
</suite>
</statistics>
<errors>
</errors>
</robot>
