<?xml version="1.0" encoding="UTF-8"?>
<robot generator="Robot 7.0.1 (Python 3.12.4 on linux)" generated="2024-07-15T22:14:36.724129" rpa="false" schemaversion="5">
<suite id="s1" name="Tests" source="/home/runner/work/ApiRandomUser/ApiRandomUser/RamdonUser/tests">
<suite id="s1-s1" name="Random-User-Test" source="/home/runner/work/ApiRandomUser/ApiRandomUser/RamdonUser/tests/random-user-test.robot">
<test id="s1-s1-t1" name="Conectar" line="13">
<kw name="Conectar API" owner="random-user-service">
<kw name="Create Session" owner="RequestsLibrary">
<msg time="2024-07-15T22:14:37.161417" level="INFO">Creating Session using : alias=consultarAPI, url=https://randomuser.me/, headers={},                     cookies={}, auth=None, timeout=None, proxies=None, verify=False,                     debug=0 </msg>
<arg>consultarAPI</arg>
<arg>${URL}</arg>
<doc>Create Session: create a HTTP session to a server</doc>
<status status="PASS" start="2024-07-15T22:14:37.161204" elapsed="0.000417"/>
</kw>
<status status="PASS" start="2024-07-15T22:14:37.160176" elapsed="0.001826"/>
</kw>
<status status="PASS" start="2024-07-15T22:14:37.159509" elapsed="0.002691"/>
</test>
<test id="s1-s1-t2" name="Validar retorno 200 e JSON Válido" line="16">
<kw name="Teste de Requisicao Basica" owner="random-user-service">
<kw name="GET On Session" owner="RequestsLibrary">
<msg time="2024-07-15T22:14:37.226692" level="INFO">GET Request : url=https://randomuser.me/api 
 path_url=/api 
 headers={'User-Agent': 'python-requests/2.32.3', 'Accept-Encoding': 'gzip, deflate', 'Accept': '*/*', 'Connection': 'keep-alive'} 
 body=None 
 </msg>
<msg time="2024-07-15T22:14:37.226872" level="INFO">GET Response : url=https://randomuser.me/api 
 status=200, reason=OK 
 headers={'Date': 'Mon, 15 Jul 2024 22:14:37 GMT', 'Content-Type': 'application/json; charset=utf-8', 'Transfer-Encoding': 'chunked', 'Connection': 'keep-alive', 'X-Powered-By': 'Express', 'Access-Control-Allow-Origin': '*', 'Cache-Control': 'no-cache', 'ETag': 'W/"492-jy7z+V774Y42/4XvZDsOByfS/nw"', 'Vary': 'Accept-Encoding', 'Content-Encoding': 'gzip', 'CF-Cache-Status': 'DYNAMIC', 'Report-To': '{"endpoints":[{"url":"https:\\/\\/a.nel.cloudflare.com\\/report\\/v4?s=RkhwxFNMrlSraZx3qGr61asS5VCi8Lr35%2BB84wnczdFoLvh3VEdc7SWvID3Ljf%2BBa48i82xwc%2Fvg1Z6sHedvmCiZSNovZtQLf9JwxHlg8XfRg%2BLK7Ef%2FTYWYP%2B3OxWEg"}],"group":"cf-nel","max_age":604800}', 'NEL': '{"success_fraction":0,"report_to":"cf-nel","max_age":604800}', 'Server': 'cloudflare', 'CF-RAY': '8a3d1b426f1b0820-IAD', 'alt-svc': 'h3=":443"; ma=86400'} 
 body={"results":[{"gender":"male","name":{"title":"Mr","first":"Nagesh","last":"Belligatti"},"location":{"street":{"number":1277,"name":"Kasturba Rd"},"city":"Bahraich","state":"Maharashtra","country":"India","postcode":81917,"coordinates":{"latitude":"7.1766","longitude":"-119.9971"},"timezone":{"offset":"+5:30","description":"Bombay, Calcutta, Madras, New Delhi"}},"email":"nagesh.belligatti@example.com","login":{"uuid":"92b2619c-c6df-479e-95fe-916e4bdee608","username":"whitewolf652","password":"firefly","salt":"VAY8EK62","md5":"03dd310a4bbde09eb52d0b5eafef64f0","sha1":"c07754a6441dd9bd88d8b2e3aece7a8149f6ac8e","sha256":"7b3ea8625b5471fa1e765ee9e05eb0cc28257aacdd7d23182e09ddde9585e543"},"dob":{"date":"1950-06-30T00:10:38.798Z","age":74},"registered":{"date":"2010-04-30T05:18:03.383Z","age":14},"phone":"7688930525","cell":"9865597851","id":{"name":"UIDAI","value":"097298993224"},"picture":{"large":"https://randomuser.me/api/portraits/men/89.jpg","medium":"https://randomuser.me/api/portraits/med/men/89.jpg","thumbnail":"https://randomuser.me/api/portraits/thumb/men/89.jpg"},"nat":"IN"}],"info":{"seed":"41ab220bfad05163","results":1,"page":1,"version":"1.4"}} 
 </msg>
<msg time="2024-07-15T22:14:37.226967" level="INFO">/opt/hostedtoolcache/Python/3.12.4/x64/lib/python3.12/site-packages/urllib3/connectionpool.py:1099: InsecureRequestWarning: Unverified HTTPS request is being made to host 'randomuser.me'. Adding certificate verification is strongly advised. See: https://urllib3.readthedocs.io/en/latest/advanced-usage.html#tls-warnings
  warnings.warn(</msg>
<msg time="2024-07-15T22:14:37.227138" level="INFO">${response} = &lt;Response [200]&gt;</msg>
<var>${response}</var>
<arg>consultarAPI</arg>
<arg>/api</arg>
<doc>Sends a GET request on a previously created HTTP Session.</doc>
<status status="PASS" start="2024-07-15T22:14:37.164926" elapsed="0.062262"/>
</kw>
<kw name="Should Be Equal As Numbers" owner="BuiltIn">
<msg time="2024-07-15T22:14:37.228243" level="INFO">Argument types are:
&lt;class 'int'&gt;
&lt;class 'str'&gt;</msg>
<arg>${response.status_code}</arg>
<arg>200</arg>
<doc>Fails if objects are unequal after converting them to real numbers.</doc>
<status status="PASS" start="2024-07-15T22:14:37.227767" elapsed="0.000543"/>
</kw>
<kw name="Log" owner="BuiltIn">
<msg time="2024-07-15T22:14:37.228982" level="INFO">200</msg>
<arg>${response.status_code}</arg>
<doc>Logs the given message with the given level.</doc>
<status status="PASS" start="2024-07-15T22:14:37.228629" elapsed="0.000397"/>
</kw>
<kw name="Set Variable" owner="BuiltIn">
<msg time="2024-07-15T22:14:37.229759" level="INFO">${json_data} = {'results': [{'gender': 'male', 'name': {'title': 'Mr', 'first': 'Nagesh', 'last': 'Belligatti'}, 'location': {'street': {'number': 1277, 'name': 'Kasturba Rd'}, 'city': 'Bahraich', 'state': 'Maharash...</msg>
<var>${json_data}</var>
<arg>${response.json()}</arg>
<doc>Returns the given values which can then be assigned to a variables.</doc>
<status status="PASS" start="2024-07-15T22:14:37.229331" elapsed="0.000456"/>
</kw>
<kw name="Dictionary Should Contain Key" owner="Collections">
<arg>${json_data}</arg>
<arg>results</arg>
<doc>Fails if ``key`` is not found from ``dictionary``.</doc>
<status status="PASS" start="2024-07-15T22:14:37.230081" elapsed="0.000166"/>
</kw>
<status status="PASS" start="2024-07-15T22:14:37.164673" elapsed="0.065726"/>
</kw>
<doc>Testa se a API responde corretamente e retorna um objeto JSON válido.</doc>
<tag>testeRequisicaoBasica</tag>
<status status="PASS" start="2024-07-15T22:14:37.164146" elapsed="0.066440"/>
</test>
<test id="s1-s1-t3" name="Validar estrutura de resposta" line="22">
<kw name="Teste de Estrutura de Resposta" owner="random-user-service">
<kw name="GET On Session" owner="RequestsLibrary">
<msg time="2024-07-15T22:14:37.367343" level="INFO">GET Request : url=https://randomuser.me/api 
 path_url=/api 
 headers={'User-Agent': 'python-requests/2.32.3', 'Accept-Encoding': 'gzip, deflate', 'Accept': '*/*', 'Connection': 'keep-alive'} 
 body=None 
 </msg>
<msg time="2024-07-15T22:14:37.367466" level="INFO">GET Response : url=https://randomuser.me/api 
 status=200, reason=OK 
 headers={'Date': 'Mon, 15 Jul 2024 22:14:37 GMT', 'Content-Type': 'application/json; charset=utf-8', 'Transfer-Encoding': 'chunked', 'Connection': 'keep-alive', 'X-Powered-By': 'Express', 'Access-Control-Allow-Origin': '*', 'Cache-Control': 'no-cache', 'ETag': 'W/"492-5kmPnMJz6cY7J6VkgxTW5bTIYdA"', 'Vary': 'Accept-Encoding', 'Content-Encoding': 'gzip', 'CF-Cache-Status': 'DYNAMIC', 'Report-To': '{"endpoints":[{"url":"https:\\/\\/a.nel.cloudflare.com\\/report\\/v4?s=rzLWIVVmJq0UdDG2Kp8QTHVcq2zH3fyU9cU6pivoH5CdySlqa5v%2FSiLplJVdwUWjVYFR%2BiaIFu8lRiDYfrzI5BROJxi8dcJuM%2B5t2489fG1e4yxt4066PEzai1uFF7kP"}],"group":"cf-nel","max_age":604800}', 'NEL': '{"success_fraction":0,"report_to":"cf-nel","max_age":604800}', 'Server': 'cloudflare', 'CF-RAY': '8a3d1b42bf910820-IAD', 'alt-svc': 'h3=":443"; ma=86400'} 
 body={"results":[{"gender":"female","name":{"title":"Mrs","first":"Rosenei","last":"Porto"},"location":{"street":{"number":796,"name":"Rua Santa Rita "},"city":"Juazeiro","state":"Sergipe","country":"Brazil","postcode":58590,"coordinates":{"latitude":"-77.4644","longitude":"55.9611"},"timezone":{"offset":"+2:00","description":"Kaliningrad, South Africa"}},"email":"rosenei.porto@example.com","login":{"uuid":"dca81a7e-805b-4388-8798-b83d54c6690f","username":"orangepanda563","password":"monkey1","salt":"bwTlIHGB","md5":"fd715a3f7d264d2825510ba763c6adfd","sha1":"c453956030f37d19880f1176fb962c8ef8a249be","sha256":"4851b16e5b920b366c3969c3d9946711bd648d8bfb66835ba90ab6cb25aecb0e"},"dob":{"date":"1958-09-10T04:50:41.731Z","age":65},"registered":{"date":"2019-03-07T13:33:05.050Z","age":5},"phone":"(27) 3450-9563","cell":"(54) 7059-2173","id":{"name":"CPF","value":"514.335.111-68"},"picture":{"large":"https://randomuser.me/api/portraits/women/36.jpg","medium":"https://randomuser.me/api/portraits/med/women/36.jpg","thumbnail":"https://randomuser.me/api/portraits/thumb/women/36.jpg"},"nat":"BR"}],"info":{"seed":"3728bf974324835b","results":1,"page":1,"version":"1.4"}} 
 </msg>
<msg time="2024-07-15T22:14:37.367663" level="INFO">/opt/hostedtoolcache/Python/3.12.4/x64/lib/python3.12/site-packages/urllib3/connectionpool.py:1099: InsecureRequestWarning: Unverified HTTPS request is being made to host 'randomuser.me'. Adding certificate verification is strongly advised. See: https://urllib3.readthedocs.io/en/latest/advanced-usage.html#tls-warnings
  warnings.warn(</msg>
<msg time="2024-07-15T22:14:37.367822" level="INFO">${response} = &lt;Response [200]&gt;</msg>
<var>${response}</var>
<arg>consultarAPI</arg>
<arg>/api</arg>
<doc>Sends a GET request on a previously created HTTP Session.</doc>
<status status="PASS" start="2024-07-15T22:14:37.233395" elapsed="0.134479"/>
</kw>
<kw name="Set Variable" owner="BuiltIn">
<msg time="2024-07-15T22:14:37.368980" level="INFO">${json_data} = {'results': [{'gender': 'female', 'name': {'title': 'Mrs', 'first': 'Rosenei', 'last': 'Porto'}, 'location': {'street': {'number': 796, 'name': 'Rua Santa Rita '}, 'city': 'Juazeiro', 'state': 'Sergip...</msg>
<var>${json_data}</var>
<arg>${response.json()}</arg>
<doc>Returns the given values which can then be assigned to a variables.</doc>
<status status="PASS" start="2024-07-15T22:14:37.368420" elapsed="0.000595"/>
</kw>
<kw name="Log" owner="BuiltIn">
<msg time="2024-07-15T22:14:37.369511" level="INFO">{'results': [{'gender': 'female', 'name': {'title': 'Mrs', 'first': 'Rosenei', 'last': 'Porto'}, 'location': {'street': {'number': 796, 'name': 'Rua Santa Rita '}, 'city': 'Juazeiro', 'state': 'Sergipe', 'country': 'Brazil', 'postcode': 58590, 'coordinates': {'latitude': '-77.4644', 'longitude': '55.9611'}, 'timezone': {'offset': '+2:00', 'description': 'Kaliningrad, South Africa'}}, 'email': 'rosenei.porto@example.com', 'login': {'uuid': 'dca81a7e-805b-4388-8798-b83d54c6690f', 'username': 'orangepanda563', 'password': 'monkey1', 'salt': 'bwTlIHGB', 'md5': 'fd715a3f7d264d2825510ba763c6adfd', 'sha1': 'c453956030f37d19880f1176fb962c8ef8a249be', 'sha256': '4851b16e5b920b366c3969c3d9946711bd648d8bfb66835ba90ab6cb25aecb0e'}, 'dob': {'date': '1958-09-10T04:50:41.731Z', 'age': 65}, 'registered': {'date': '2019-03-07T13:33:05.050Z', 'age': 5}, 'phone': '(27) 3450-9563', 'cell': '(54) 7059-2173', 'id': {'name': 'CPF', 'value': '514.335.111-68'}, 'picture': {'large': 'https://randomuser.me/api/portraits/women/36.jpg', 'medium': 'https://randomuser.me/api/portraits/med/women/36.jpg', 'thumbnail': 'https://randomuser.me/api/portraits/thumb/women/36.jpg'}, 'nat': 'BR'}], 'info': {'seed': '3728bf974324835b', 'results': 1, 'page': 1, 'version': '1.4'}}</msg>
<arg>${json_data}</arg>
<doc>Logs the given message with the given level.</doc>
<status status="PASS" start="2024-07-15T22:14:37.369342" elapsed="0.000220"/>
</kw>
<kw name="Dictionary Should Contain Key" owner="Collections">
<arg>${json_data}</arg>
<arg>results</arg>
<doc>Fails if ``key`` is not found from ``dictionary``.</doc>
<status status="PASS" start="2024-07-15T22:14:37.369862" elapsed="0.000177"/>
</kw>
<kw name="Should Not Be Empty" owner="BuiltIn">
<msg time="2024-07-15T22:14:37.370370" level="INFO">Length is 2.</msg>
<arg>${json_data}</arg>
<doc>Verifies that the given item is not empty.</doc>
<status status="PASS" start="2024-07-15T22:14:37.370230" elapsed="0.000181"/>
</kw>
<kw name="Create List" owner="BuiltIn">
<msg time="2024-07-15T22:14:37.370879" level="INFO">${expected_keys} = ['gender', 'name', 'location', 'email', 'login']</msg>
<var>${expected_keys}</var>
<arg>gender</arg>
<arg>name</arg>
<arg>location</arg>
<arg>email</arg>
<arg>login</arg>
<doc>Returns a list containing given items.</doc>
<status status="PASS" start="2024-07-15T22:14:37.370727" elapsed="0.000177"/>
</kw>
<for flavor="IN">
<iter>
<kw name="Dictionary Should Contain Key" owner="Collections">
<arg>${json_data['results'][0]}</arg>
<arg>${key}</arg>
<doc>Fails if ``key`` is not found from ``dictionary``.</doc>
<status status="PASS" start="2024-07-15T22:14:37.371745" elapsed="0.000430"/>
</kw>
<kw name="Log" owner="BuiltIn">
<msg time="2024-07-15T22:14:37.372744" level="INFO">{'gender': 'female', 'name': {'title': 'Mrs', 'first': 'Rosenei', 'last': 'Porto'}, 'location': {'street': {'number': 796, 'name': 'Rua Santa Rita '}, 'city': 'Juazeiro', 'state': 'Sergipe', 'country': 'Brazil', 'postcode': 58590, 'coordinates': {'latitude': '-77.4644', 'longitude': '55.9611'}, 'timezone': {'offset': '+2:00', 'description': 'Kaliningrad, South Africa'}}, 'email': 'rosenei.porto@example.com', 'login': {'uuid': 'dca81a7e-805b-4388-8798-b83d54c6690f', 'username': 'orangepanda563', 'password': 'monkey1', 'salt': 'bwTlIHGB', 'md5': 'fd715a3f7d264d2825510ba763c6adfd', 'sha1': 'c453956030f37d19880f1176fb962c8ef8a249be', 'sha256': '4851b16e5b920b366c3969c3d9946711bd648d8bfb66835ba90ab6cb25aecb0e'}, 'dob': {'date': '1958-09-10T04:50:41.731Z', 'age': 65}, 'registered': {'date': '2019-03-07T13:33:05.050Z', 'age': 5}, 'phone': '(27) 3450-9563', 'cell': '(54) 7059-2173', 'id': {'name': 'CPF', 'value': '514.335.111-68'}, 'picture': {'large': 'https://randomuser.me/api/portraits/women/36.jpg', 'medium': 'https://randomuser.me/api/portraits/med/women/36.jpg', 'thumbnail': 'https://randomuser.me/api/portraits/thumb/women/36.jpg'}, 'nat': 'BR'}</msg>
<arg>${json_data['results'][0]}</arg>
<doc>Logs the given message with the given level.</doc>
<status status="PASS" start="2024-07-15T22:14:37.372378" elapsed="0.000416"/>
</kw>
<kw name="Log" owner="BuiltIn">
<msg time="2024-07-15T22:14:37.373230" level="INFO">gender</msg>
<arg>${key}</arg>
<doc>Logs the given message with the given level.</doc>
<status status="PASS" start="2024-07-15T22:14:37.373102" elapsed="0.000167"/>
</kw>
<var name="${key}">gender</var>
<status status="PASS" start="2024-07-15T22:14:37.371575" elapsed="0.001913"/>
</iter>
<iter>
<kw name="Dictionary Should Contain Key" owner="Collections">
<arg>${json_data['results'][0]}</arg>
<arg>${key}</arg>
<doc>Fails if ``key`` is not found from ``dictionary``.</doc>
<status status="PASS" start="2024-07-15T22:14:37.373791" elapsed="0.000394"/>
</kw>
<kw name="Log" owner="BuiltIn">
<msg time="2024-07-15T22:14:37.374720" level="INFO">{'gender': 'female', 'name': {'title': 'Mrs', 'first': 'Rosenei', 'last': 'Porto'}, 'location': {'street': {'number': 796, 'name': 'Rua Santa Rita '}, 'city': 'Juazeiro', 'state': 'Sergipe', 'country': 'Brazil', 'postcode': 58590, 'coordinates': {'latitude': '-77.4644', 'longitude': '55.9611'}, 'timezone': {'offset': '+2:00', 'description': 'Kaliningrad, South Africa'}}, 'email': 'rosenei.porto@example.com', 'login': {'uuid': 'dca81a7e-805b-4388-8798-b83d54c6690f', 'username': 'orangepanda563', 'password': 'monkey1', 'salt': 'bwTlIHGB', 'md5': 'fd715a3f7d264d2825510ba763c6adfd', 'sha1': 'c453956030f37d19880f1176fb962c8ef8a249be', 'sha256': '4851b16e5b920b366c3969c3d9946711bd648d8bfb66835ba90ab6cb25aecb0e'}, 'dob': {'date': '1958-09-10T04:50:41.731Z', 'age': 65}, 'registered': {'date': '2019-03-07T13:33:05.050Z', 'age': 5}, 'phone': '(27) 3450-9563', 'cell': '(54) 7059-2173', 'id': {'name': 'CPF', 'value': '514.335.111-68'}, 'picture': {'large': 'https://randomuser.me/api/portraits/women/36.jpg', 'medium': 'https://randomuser.me/api/portraits/med/women/36.jpg', 'thumbnail': 'https://randomuser.me/api/portraits/thumb/women/36.jpg'}, 'nat': 'BR'}</msg>
<arg>${json_data['results'][0]}</arg>
<doc>Logs the given message with the given level.</doc>
<status status="PASS" start="2024-07-15T22:14:37.374368" elapsed="0.000434"/>
</kw>
<kw name="Log" owner="BuiltIn">
<msg time="2024-07-15T22:14:37.375232" level="INFO">name</msg>
<arg>${key}</arg>
<doc>Logs the given message with the given level.</doc>
<status status="PASS" start="2024-07-15T22:14:37.375103" elapsed="0.000167"/>
</kw>
<var name="${key}">name</var>
<status status="PASS" start="2024-07-15T22:14:37.373678" elapsed="0.001814"/>
</iter>
<iter>
<kw name="Dictionary Should Contain Key" owner="Collections">
<arg>${json_data['results'][0]}</arg>
<arg>${key}</arg>
<doc>Fails if ``key`` is not found from ``dictionary``.</doc>
<status status="PASS" start="2024-07-15T22:14:37.375844" elapsed="0.000385"/>
</kw>
<kw name="Log" owner="BuiltIn">
<msg time="2024-07-15T22:14:37.376762" level="INFO">{'gender': 'female', 'name': {'title': 'Mrs', 'first': 'Rosenei', 'last': 'Porto'}, 'location': {'street': {'number': 796, 'name': 'Rua Santa Rita '}, 'city': 'Juazeiro', 'state': 'Sergipe', 'country': 'Brazil', 'postcode': 58590, 'coordinates': {'latitude': '-77.4644', 'longitude': '55.9611'}, 'timezone': {'offset': '+2:00', 'description': 'Kaliningrad, South Africa'}}, 'email': 'rosenei.porto@example.com', 'login': {'uuid': 'dca81a7e-805b-4388-8798-b83d54c6690f', 'username': 'orangepanda563', 'password': 'monkey1', 'salt': 'bwTlIHGB', 'md5': 'fd715a3f7d264d2825510ba763c6adfd', 'sha1': 'c453956030f37d19880f1176fb962c8ef8a249be', 'sha256': '4851b16e5b920b366c3969c3d9946711bd648d8bfb66835ba90ab6cb25aecb0e'}, 'dob': {'date': '1958-09-10T04:50:41.731Z', 'age': 65}, 'registered': {'date': '2019-03-07T13:33:05.050Z', 'age': 5}, 'phone': '(27) 3450-9563', 'cell': '(54) 7059-2173', 'id': {'name': 'CPF', 'value': '514.335.111-68'}, 'picture': {'large': 'https://randomuser.me/api/portraits/women/36.jpg', 'medium': 'https://randomuser.me/api/portraits/med/women/36.jpg', 'thumbnail': 'https://randomuser.me/api/portraits/thumb/women/36.jpg'}, 'nat': 'BR'}</msg>
<arg>${json_data['results'][0]}</arg>
<doc>Logs the given message with the given level.</doc>
<status status="PASS" start="2024-07-15T22:14:37.376413" elapsed="0.000397"/>
</kw>
<kw name="Log" owner="BuiltIn">
<msg time="2024-07-15T22:14:37.377235" level="INFO">location</msg>
<arg>${key}</arg>
<doc>Logs the given message with the given level.</doc>
<status status="PASS" start="2024-07-15T22:14:37.377109" elapsed="0.000163"/>
</kw>
<var name="${key}">location</var>
<status status="PASS" start="2024-07-15T22:14:37.375729" elapsed="0.001761"/>
</iter>
<iter>
<kw name="Dictionary Should Contain Key" owner="Collections">
<arg>${json_data['results'][0]}</arg>
<arg>${key}</arg>
<doc>Fails if ``key`` is not found from ``dictionary``.</doc>
<status status="PASS" start="2024-07-15T22:14:37.377768" elapsed="0.000389"/>
</kw>
<kw name="Log" owner="BuiltIn">
<msg time="2024-07-15T22:14:37.378698" level="INFO">{'gender': 'female', 'name': {'title': 'Mrs', 'first': 'Rosenei', 'last': 'Porto'}, 'location': {'street': {'number': 796, 'name': 'Rua Santa Rita '}, 'city': 'Juazeiro', 'state': 'Sergipe', 'country': 'Brazil', 'postcode': 58590, 'coordinates': {'latitude': '-77.4644', 'longitude': '55.9611'}, 'timezone': {'offset': '+2:00', 'description': 'Kaliningrad, South Africa'}}, 'email': 'rosenei.porto@example.com', 'login': {'uuid': 'dca81a7e-805b-4388-8798-b83d54c6690f', 'username': 'orangepanda563', 'password': 'monkey1', 'salt': 'bwTlIHGB', 'md5': 'fd715a3f7d264d2825510ba763c6adfd', 'sha1': 'c453956030f37d19880f1176fb962c8ef8a249be', 'sha256': '4851b16e5b920b366c3969c3d9946711bd648d8bfb66835ba90ab6cb25aecb0e'}, 'dob': {'date': '1958-09-10T04:50:41.731Z', 'age': 65}, 'registered': {'date': '2019-03-07T13:33:05.050Z', 'age': 5}, 'phone': '(27) 3450-9563', 'cell': '(54) 7059-2173', 'id': {'name': 'CPF', 'value': '514.335.111-68'}, 'picture': {'large': 'https://randomuser.me/api/portraits/women/36.jpg', 'medium': 'https://randomuser.me/api/portraits/med/women/36.jpg', 'thumbnail': 'https://randomuser.me/api/portraits/thumb/women/36.jpg'}, 'nat': 'BR'}</msg>
<arg>${json_data['results'][0]}</arg>
<doc>Logs the given message with the given level.</doc>
<status status="PASS" start="2024-07-15T22:14:37.378347" elapsed="0.000401"/>
</kw>
<kw name="Log" owner="BuiltIn">
<msg time="2024-07-15T22:14:37.379177" level="INFO">email</msg>
<arg>${key}</arg>
<doc>Logs the given message with the given level.</doc>
<status status="PASS" start="2024-07-15T22:14:37.379049" elapsed="0.000168"/>
</kw>
<var name="${key}">email</var>
<status status="PASS" start="2024-07-15T22:14:37.377661" elapsed="0.001780"/>
</iter>
<iter>
<kw name="Dictionary Should Contain Key" owner="Collections">
<arg>${json_data['results'][0]}</arg>
<arg>${key}</arg>
<doc>Fails if ``key`` is not found from ``dictionary``.</doc>
<status status="PASS" start="2024-07-15T22:14:37.379776" elapsed="0.000394"/>
</kw>
<kw name="Log" owner="BuiltIn">
<msg time="2024-07-15T22:14:37.380721" level="INFO">{'gender': 'female', 'name': {'title': 'Mrs', 'first': 'Rosenei', 'last': 'Porto'}, 'location': {'street': {'number': 796, 'name': 'Rua Santa Rita '}, 'city': 'Juazeiro', 'state': 'Sergipe', 'country': 'Brazil', 'postcode': 58590, 'coordinates': {'latitude': '-77.4644', 'longitude': '55.9611'}, 'timezone': {'offset': '+2:00', 'description': 'Kaliningrad, South Africa'}}, 'email': 'rosenei.porto@example.com', 'login': {'uuid': 'dca81a7e-805b-4388-8798-b83d54c6690f', 'username': 'orangepanda563', 'password': 'monkey1', 'salt': 'bwTlIHGB', 'md5': 'fd715a3f7d264d2825510ba763c6adfd', 'sha1': 'c453956030f37d19880f1176fb962c8ef8a249be', 'sha256': '4851b16e5b920b366c3969c3d9946711bd648d8bfb66835ba90ab6cb25aecb0e'}, 'dob': {'date': '1958-09-10T04:50:41.731Z', 'age': 65}, 'registered': {'date': '2019-03-07T13:33:05.050Z', 'age': 5}, 'phone': '(27) 3450-9563', 'cell': '(54) 7059-2173', 'id': {'name': 'CPF', 'value': '514.335.111-68'}, 'picture': {'large': 'https://randomuser.me/api/portraits/women/36.jpg', 'medium': 'https://randomuser.me/api/portraits/med/women/36.jpg', 'thumbnail': 'https://randomuser.me/api/portraits/thumb/women/36.jpg'}, 'nat': 'BR'}</msg>
<arg>${json_data['results'][0]}</arg>
<doc>Logs the given message with the given level.</doc>
<status status="PASS" start="2024-07-15T22:14:37.380356" elapsed="0.000414"/>
</kw>
<kw name="Log" owner="BuiltIn">
<msg time="2024-07-15T22:14:37.381204" level="INFO">login</msg>
<arg>${key}</arg>
<doc>Logs the given message with the given level.</doc>
<status status="PASS" start="2024-07-15T22:14:37.381070" elapsed="0.000181"/>
</kw>
<var name="${key}">login</var>
<status status="PASS" start="2024-07-15T22:14:37.379654" elapsed="0.001834"/>
</iter>
<var>${key}</var>
<value>@{expected_keys}</value>
<status status="PASS" start="2024-07-15T22:14:37.371367" elapsed="0.010253"/>
</for>
<kw name="Create List" owner="BuiltIn">
<msg time="2024-07-15T22:14:37.381984" level="INFO">${expected_keysTwo} = ['username', 'password']</msg>
<var>${expected_keysTwo}</var>
<arg>username</arg>
<arg>password</arg>
<doc>Returns a list containing given items.</doc>
<status status="PASS" start="2024-07-15T22:14:37.381832" elapsed="0.000210"/>
</kw>
<for flavor="IN">
<iter>
<kw name="Dictionary Should Contain Key" owner="Collections">
<arg>${json_data['results'][0]['login']}</arg>
<arg>${keyTwo}</arg>
<doc>Fails if ``key`` is not found from ``dictionary``.</doc>
<status status="PASS" start="2024-07-15T22:14:37.382582" elapsed="0.000389"/>
</kw>
<kw name="Dictionary Should Contain Key" owner="Collections">
<arg>${json_data['results'][0]['login']}</arg>
<arg>${keyTwo}</arg>
<doc>Fails if ``key`` is not found from ``dictionary``.</doc>
<status status="PASS" start="2024-07-15T22:14:37.383153" elapsed="0.000380"/>
</kw>
<kw name="Log" owner="BuiltIn">
<msg time="2024-07-15T22:14:37.383891" level="INFO">username</msg>
<arg>${keyTwo}</arg>
<doc>Logs the given message with the given level.</doc>
<status status="PASS" start="2024-07-15T22:14:37.383764" elapsed="0.000168"/>
</kw>
<var name="${keyTwo}">username</var>
<status status="PASS" start="2024-07-15T22:14:37.382474" elapsed="0.001691"/>
</iter>
<iter>
<kw name="Dictionary Should Contain Key" owner="Collections">
<arg>${json_data['results'][0]['login']}</arg>
<arg>${keyTwo}</arg>
<doc>Fails if ``key`` is not found from ``dictionary``.</doc>
<status status="PASS" start="2024-07-15T22:14:37.384445" elapsed="0.000394"/>
</kw>
<kw name="Dictionary Should Contain Key" owner="Collections">
<arg>${json_data['results'][0]['login']}</arg>
<arg>${keyTwo}</arg>
<doc>Fails if ``key`` is not found from ``dictionary``.</doc>
<status status="PASS" start="2024-07-15T22:14:37.385020" elapsed="0.000369"/>
</kw>
<kw name="Log" owner="BuiltIn">
<msg time="2024-07-15T22:14:37.385684" level="INFO">password</msg>
<arg>${keyTwo}</arg>
<doc>Logs the given message with the given level.</doc>
<status status="PASS" start="2024-07-15T22:14:37.385564" elapsed="0.000165"/>
</kw>
<var name="${keyTwo}">password</var>
<status status="PASS" start="2024-07-15T22:14:37.384338" elapsed="0.001612"/>
</iter>
<var>${keyTwo}</var>
<value>@{expected_keysTwo}</value>
<status status="PASS" start="2024-07-15T22:14:37.382313" elapsed="0.003757"/>
</for>
<status status="PASS" start="2024-07-15T22:14:37.233147" elapsed="0.153069"/>
</kw>
<doc>Testa a estrutura da resposta da API.</doc>
<tag>testeEstruturaResposta</tag>
<status status="PASS" start="2024-07-15T22:14:37.232501" elapsed="0.153877"/>
</test>
<test id="s1-s1-t4" name="Validar tipos de dados" line="28">
<kw name="Teste de Tipos de Dados" owner="random-user-service">
<kw name="GET On Session" owner="RequestsLibrary">
<msg time="2024-07-15T22:14:37.460126" level="INFO">GET Request : url=https://randomuser.me/api 
 path_url=/api 
 headers={'User-Agent': 'python-requests/2.32.3', 'Accept-Encoding': 'gzip, deflate', 'Accept': '*/*', 'Connection': 'keep-alive'} 
 body=None 
 </msg>
<msg time="2024-07-15T22:14:37.460255" level="INFO">GET Response : url=https://randomuser.me/api 
 status=200, reason=OK 
 headers={'Date': 'Mon, 15 Jul 2024 22:14:37 GMT', 'Content-Type': 'application/json; charset=utf-8', 'Transfer-Encoding': 'chunked', 'Connection': 'keep-alive', 'X-Powered-By': 'Express', 'Access-Control-Allow-Origin': '*', 'Cache-Control': 'no-cache', 'ETag': 'W/"493-B0LNoBvs8Lk92wLn1WQs6R6B7DI"', 'Vary': 'Accept-Encoding', 'Content-Encoding': 'gzip', 'CF-Cache-Status': 'DYNAMIC', 'Report-To': '{"endpoints":[{"url":"https:\\/\\/a.nel.cloudflare.com\\/report\\/v4?s=QhscbnLC%2F%2FY0mfwYlGSDFzz%2Btz%2F8DcXw%2BTHkcwrdpYilxvRWE37BnbXMH4sVdRE7QvFt%2FGpqsLJrCyznBPk6F8NgTS0eKAVUWxEBDPsQhaVkOWRSTedpSwS0mFd5xLj8"}],"group":"cf-nel","max_age":604800}', 'NEL': '{"success_fraction":0,"report_to":"cf-nel","max_age":604800}', 'Server': 'cloudflare', 'CF-RAY': '8a3d1b43b8cf0820-IAD', 'alt-svc': 'h3=":443"; ma=86400'} 
 body={"results":[{"gender":"female","name":{"title":"Ms","first":"Brielle","last":"Martin"},"location":{"street":{"number":8091,"name":"Elgin St"},"city":"St. George","state":"Yukon","country":"Canada","postcode":"E8S 2L7","coordinates":{"latitude":"-71.2271","longitude":"131.2041"},"timezone":{"offset":"+3:00","description":"Baghdad, Riyadh, Moscow, St. Petersburg"}},"email":"brielle.martin@example.com","login":{"uuid":"3af8c7df-5714-4844-81e4-e921df7e7318","username":"brownswan648","password":"tech","salt":"DfpGsqVe","md5":"ba8d6885b1cb040c89851567257a4b6d","sha1":"32d81ca48acba03db45b66b5f1199dcf14a01ab5","sha256":"1369340688cf6f22f040c7132d0bb8e2022f39b6efaa217b021af25dbe4b4077"},"dob":{"date":"1952-04-03T04:41:05.935Z","age":72},"registered":{"date":"2004-02-19T09:16:58.886Z","age":20},"phone":"Y49 M20-5097","cell":"I56 K69-0397","id":{"name":"SIN","value":"907907828"},"picture":{"large":"https://randomuser.me/api/portraits/women/81.jpg","medium":"https://randomuser.me/api/portraits/med/women/81.jpg","thumbnail":"https://randomuser.me/api/portraits/thumb/women/81.jpg"},"nat":"CA"}],"info":{"seed":"3764b009ebe8af4f","results":1,"page":1,"version":"1.4"}} 
 </msg>
<msg time="2024-07-15T22:14:37.460361" level="INFO">/opt/hostedtoolcache/Python/3.12.4/x64/lib/python3.12/site-packages/urllib3/connectionpool.py:1099: InsecureRequestWarning: Unverified HTTPS request is being made to host 'randomuser.me'. Adding certificate verification is strongly advised. See: https://urllib3.readthedocs.io/en/latest/advanced-usage.html#tls-warnings
  warnings.warn(</msg>
<msg time="2024-07-15T22:14:37.460516" level="INFO">${response} = &lt;Response [200]&gt;</msg>
<var>${response}</var>
<arg>consultarAPI</arg>
<arg>/api</arg>
<doc>Sends a GET request on a previously created HTTP Session.</doc>
<status status="PASS" start="2024-07-15T22:14:37.389148" elapsed="0.071424"/>
</kw>
<kw name="Set Variable" owner="BuiltIn">
<msg time="2024-07-15T22:14:37.461749" level="INFO">${json_data} = {'results': [{'gender': 'female', 'name': {'title': 'Ms', 'first': 'Brielle', 'last': 'Martin'}, 'location': {'street': {'number': 8091, 'name': 'Elgin St'}, 'city': 'St. George', 'state': 'Yukon', 'c...</msg>
<var>${json_data}</var>
<arg>${response.json()}</arg>
<doc>Returns the given values which can then be assigned to a variables.</doc>
<status status="PASS" start="2024-07-15T22:14:37.461181" elapsed="0.000600"/>
</kw>
<kw name="Log" owner="BuiltIn">
<msg time="2024-07-15T22:14:37.462285" level="INFO">{'results': [{'gender': 'female', 'name': {'title': 'Ms', 'first': 'Brielle', 'last': 'Martin'}, 'location': {'street': {'number': 8091, 'name': 'Elgin St'}, 'city': 'St. George', 'state': 'Yukon', 'country': 'Canada', 'postcode': 'E8S 2L7', 'coordinates': {'latitude': '-71.2271', 'longitude': '131.2041'}, 'timezone': {'offset': '+3:00', 'description': 'Baghdad, Riyadh, Moscow, St. Petersburg'}}, 'email': 'brielle.martin@example.com', 'login': {'uuid': '3af8c7df-5714-4844-81e4-e921df7e7318', 'username': 'brownswan648', 'password': 'tech', 'salt': 'DfpGsqVe', 'md5': 'ba8d6885b1cb040c89851567257a4b6d', 'sha1': '32d81ca48acba03db45b66b5f1199dcf14a01ab5', 'sha256': '1369340688cf6f22f040c7132d0bb8e2022f39b6efaa217b021af25dbe4b4077'}, 'dob': {'date': '1952-04-03T04:41:05.935Z', 'age': 72}, 'registered': {'date': '2004-02-19T09:16:58.886Z', 'age': 20}, 'phone': 'Y49 M20-5097', 'cell': 'I56 K69-0397', 'id': {'name': 'SIN', 'value': '907907828'}, 'picture': {'large': 'https://randomuser.me/api/portraits/women/81.jpg', 'medium': 'https://randomuser.me/api/portraits/med/women/81.jpg', 'thumbnail': 'https://randomuser.me/api/portraits/thumb/women/81.jpg'}, 'nat': 'CA'}], 'info': {'seed': '3764b009ebe8af4f', 'results': 1, 'page': 1, 'version': '1.4'}}</msg>
<arg>${json_data}</arg>
<doc>Logs the given message with the given level.</doc>
<status status="PASS" start="2024-07-15T22:14:37.462116" elapsed="0.000227"/>
</kw>
<kw name="Should Be String" owner="String">
<arg>${json_data['results'][0]['gender']}</arg>
<doc>Fails if the given ``item`` is not a string.</doc>
<status status="PASS" start="2024-07-15T22:14:37.462670" elapsed="0.000392"/>
</kw>
<kw name="Should Match Regexp" owner="BuiltIn">
<arg>${json_data['results'][0]['email']}</arg>
<arg>^[a-zA-Z0-9._%+-]+@[a-zA-Z0-9.-]+\.[a-zA-Z]{2,}$</arg>
<doc>Fails if ``string`` does not match ``pattern`` as a regular expression.</doc>
<status status="PASS" start="2024-07-15T22:14:37.463259" elapsed="0.000655"/>
</kw>
<kw name="Should Match Regexp" owner="BuiltIn">
<arg>${json_data['results'][0]['dob']['date']}</arg>
<arg>\\d{4}-\\d{2}-\\d{2}T\\d{2}:\\d{2}:\\d{2}\\.\\d{3}Z</arg>
<doc>Fails if ``string`` does not match ``pattern`` as a regular expression.</doc>
<status status="PASS" start="2024-07-15T22:14:37.464130" elapsed="0.000520"/>
</kw>
<kw name="Should Match Regexp" owner="BuiltIn">
<arg>${json_data['results'][0]['registered']['date']}</arg>
<arg>\\d{4}-\\d{2}-\\d{2}T\\d{2}:\\d{2}:\\d{2}\\.\\d{3}Z</arg>
<doc>Fails if ``string`` does not match ``pattern`` as a regular expression.</doc>
<status status="PASS" start="2024-07-15T22:14:37.464851" elapsed="0.000370"/>
</kw>
<kw name="Should Match Regexp" owner="BuiltIn">
<arg>${json_data['results'][0]['picture']['large']}</arg>
<arg>^https?://.*\.(?:png|jpe?g|gif|bmp)$</arg>
<doc>Fails if ``string`` does not match ``pattern`` as a regular expression.</doc>
<status status="PASS" start="2024-07-15T22:14:37.465407" elapsed="0.000461"/>
</kw>
<kw name="Should Match Regexp" owner="BuiltIn">
<arg>${json_data['results'][0]['picture']['medium']}</arg>
<arg>^https?://.*\.(?:png|jpe?g|gif|bmp)$</arg>
<doc>Fails if ``string`` does not match ``pattern`` as a regular expression.</doc>
<status status="PASS" start="2024-07-15T22:14:37.466058" elapsed="0.000352"/>
</kw>
<kw name="Should Match Regexp" owner="BuiltIn">
<arg>${json_data['results'][0]['picture']['thumbnail']}</arg>
<arg>^https?://.*\.(?:png|jpe?g|gif|bmp)$</arg>
<doc>Fails if ``string`` does not match ``pattern`` as a regular expression.</doc>
<status status="PASS" start="2024-07-15T22:14:37.466593" elapsed="0.000353"/>
</kw>
<kw name="Log" owner="BuiltIn">
<msg time="2024-07-15T22:14:37.467488" level="INFO">{'large': 'https://randomuser.me/api/portraits/women/81.jpg', 'medium': 'https://randomuser.me/api/portraits/med/women/81.jpg', 'thumbnail': 'https://randomuser.me/api/portraits/thumb/women/81.jpg'}</msg>
<arg>${json_data['results'][0]['picture']}</arg>
<doc>Logs the given message with the given level.</doc>
<status status="PASS" start="2024-07-15T22:14:37.467138" elapsed="0.000394"/>
</kw>
<status status="PASS" start="2024-07-15T22:14:37.388909" elapsed="0.078954"/>
</kw>
<kw name="Teste de Tipos de Dados - Postcode" owner="random-user-service">
<kw name="GET On Session" owner="RequestsLibrary">
<msg time="2024-07-15T22:14:37.527450" level="INFO">GET Request : url=https://randomuser.me/api 
 path_url=/api 
 headers={'User-Agent': 'python-requests/2.32.3', 'Accept-Encoding': 'gzip, deflate', 'Accept': '*/*', 'Connection': 'keep-alive'} 
 body=None 
 </msg>
<msg time="2024-07-15T22:14:37.527559" level="INFO">GET Response : url=https://randomuser.me/api 
 status=200, reason=OK 
 headers={'Date': 'Mon, 15 Jul 2024 22:14:37 GMT', 'Content-Type': 'application/json; charset=utf-8', 'Transfer-Encoding': 'chunked', 'Connection': 'keep-alive', 'X-Powered-By': 'Express', 'Access-Control-Allow-Origin': '*', 'Cache-Control': 'no-cache', 'ETag': 'W/"499-sXnWyd9vvPbMLFGjdTqqmcNn3aw"', 'Vary': 'Accept-Encoding', 'Content-Encoding': 'gzip', 'CF-Cache-Status': 'DYNAMIC', 'Report-To': '{"endpoints":[{"url":"https:\\/\\/a.nel.cloudflare.com\\/report\\/v4?s=AU2lnGa%2BOe%2B9yjPLBd95Vz%2Bl%2FQdh4ec%2BN30HTakiROQdvtvClT3rT0dynilXZcLJdQoLMxd3FfOnT1s4Wk7SqXEyrfYl6ZFogoP1Bty%2BYXCix33l3ujvMhXaiXeRs3Gz"}],"group":"cf-nel","max_age":604800}', 'NEL': '{"success_fraction":0,"report_to":"cf-nel","max_age":604800}', 'Server': 'cloudflare', 'CF-RAY': '8a3d1b4439790820-IAD', 'alt-svc': 'h3=":443"; ma=86400'} 
 body={"results":[{"gender":"male","name":{"title":"Mr","first":"Rafaél","last":"Solorzano"},"location":{"street":{"number":8434,"name":"Viaducto Sinaloa"},"city":"Cerralvo","state":"Baja California Sur","country":"Mexico","postcode":97287,"coordinates":{"latitude":"27.9416","longitude":"-46.3539"},"timezone":{"offset":"-12:00","description":"Eniwetok, Kwajalein"}},"email":"rafael.solorzano@example.com","login":{"uuid":"cd0df11f-5274-4c24-94fe-4bef89c0707e","username":"yellowtiger356","password":"damien","salt":"tjDqWjrZ","md5":"bf242a2d5e3be1ca862b826679e82822","sha1":"894fe9a5bfa534df3d1d2ac6dd0a56af29f6ad56","sha256":"19b96fcae959611f4adf2cdf38b21a7feb697cf199a679039441bc2dbe66cb63"},"dob":{"date":"1987-03-20T01:15:45.676Z","age":37},"registered":{"date":"2020-07-01T09:13:13.017Z","age":4},"phone":"(655) 704 0498","cell":"(665) 154 1962","id":{"name":"NSS","value":"47 31 49 4364 9"},"picture":{"large":"https://randomuser.me/api/portraits/men/98.jpg","medium":"https://randomuser.me/api/portraits/med/men/98.jpg","thumbnail":"https://randomuser.me/api/portraits/thumb/men/98.jpg"},"nat":"MX"}],"info":{"seed":"a81f14659c3ee9a3","results":1,"page":1,"version":"1.4"}} 
 </msg>
<msg time="2024-07-15T22:14:37.527677" level="INFO">/opt/hostedtoolcache/Python/3.12.4/x64/lib/python3.12/site-packages/urllib3/connectionpool.py:1099: InsecureRequestWarning: Unverified HTTPS request is being made to host 'randomuser.me'. Adding certificate verification is strongly advised. See: https://urllib3.readthedocs.io/en/latest/advanced-usage.html#tls-warnings
  warnings.warn(</msg>
<msg time="2024-07-15T22:14:37.527830" level="INFO">${response} = &lt;Response [200]&gt;</msg>
<var>${response}</var>
<arg>consultarAPI</arg>
<arg>/api</arg>
<doc>Sends a GET request on a previously created HTTP Session.</doc>
<status status="PASS" start="2024-07-15T22:14:37.468364" elapsed="0.059514"/>
</kw>
<kw name="Set Variable" owner="BuiltIn">
<msg time="2024-07-15T22:14:37.529024" level="INFO">${json_data} = {'results': [{'gender': 'male', 'name': {'title': 'Mr', 'first': 'Rafaél', 'last': 'Solorzano'}, 'location': {'street': {'number': 8434, 'name': 'Viaducto Sinaloa'}, 'city': 'Cerralvo', 'state': 'Baja...</msg>
<var>${json_data}</var>
<arg>${response.json()}</arg>
<doc>Returns the given values which can then be assigned to a variables.</doc>
<status status="PASS" start="2024-07-15T22:14:37.528475" elapsed="0.000581"/>
</kw>
<kw name="Log" owner="BuiltIn">
<msg time="2024-07-15T22:14:37.529565" level="INFO">{'results': [{'gender': 'male', 'name': {'title': 'Mr', 'first': 'Rafaél', 'last': 'Solorzano'}, 'location': {'street': {'number': 8434, 'name': 'Viaducto Sinaloa'}, 'city': 'Cerralvo', 'state': 'Baja California Sur', 'country': 'Mexico', 'postcode': 97287, 'coordinates': {'latitude': '27.9416', 'longitude': '-46.3539'}, 'timezone': {'offset': '-12:00', 'description': 'Eniwetok, Kwajalein'}}, 'email': 'rafael.solorzano@example.com', 'login': {'uuid': 'cd0df11f-5274-4c24-94fe-4bef89c0707e', 'username': 'yellowtiger356', 'password': 'damien', 'salt': 'tjDqWjrZ', 'md5': 'bf242a2d5e3be1ca862b826679e82822', 'sha1': '894fe9a5bfa534df3d1d2ac6dd0a56af29f6ad56', 'sha256': '19b96fcae959611f4adf2cdf38b21a7feb697cf199a679039441bc2dbe66cb63'}, 'dob': {'date': '1987-03-20T01:15:45.676Z', 'age': 37}, 'registered': {'date': '2020-07-01T09:13:13.017Z', 'age': 4}, 'phone': '(655) 704 0498', 'cell': '(665) 154 1962', 'id': {'name': 'NSS', 'value': '47 31 49 4364 9'}, 'picture': {'large': 'https://randomuser.me/api/portraits/men/98.jpg', 'medium': 'https://randomuser.me/api/portraits/med/men/98.jpg', 'thumbnail': 'https://randomuser.me/api/portraits/thumb/men/98.jpg'}, 'nat': 'MX'}], 'info': {'seed': 'a81f14659c3ee9a3', 'results': 1, 'page': 1, 'version': '1.4'}}</msg>
<arg>${json_data}</arg>
<doc>Logs the given message with the given level.</doc>
<status status="PASS" start="2024-07-15T22:14:37.529399" elapsed="0.000225"/>
</kw>
<kw name="Should Be Equal As Numbers" owner="BuiltIn">
<arg>${json_data['results'][0]['location']['postcode']}</arg>
<arg>${json_data['results'][0]['location']['postcode']}</arg>
<doc>Fails if objects are unequal after converting them to real numbers.</doc>
<status status="PASS" start="2024-07-15T22:14:37.529923" elapsed="0.000640"/>
</kw>
<kw name="Log" owner="BuiltIn">
<msg time="2024-07-15T22:14:37.531090" level="INFO">97287</msg>
<arg>${json_data['results'][0]['location']['postcode']}</arg>
<doc>Logs the given message with the given level.</doc>
<status status="PASS" start="2024-07-15T22:14:37.530757" elapsed="0.000412"/>
</kw>
<status status="PASS" start="2024-07-15T22:14:37.468113" elapsed="0.063323"/>
</kw>
<doc>Testa se os tipos de dados na resposta da API estão corretos.</doc>
<tag>testeTiposDados</tag>
<status status="PASS" start="2024-07-15T22:14:37.388215" elapsed="0.143450"/>
</test>
<test id="s1-s1-t5" name="Validar conteudo" line="35">
<kw name="Teste de Tipos de Conteudo" owner="random-user-service">
<kw name="GET On Session" owner="RequestsLibrary">
<msg time="2024-07-15T22:14:37.621831" level="INFO">GET Request : url=https://randomuser.me/api 
 path_url=/api 
 headers={'User-Agent': 'python-requests/2.32.3', 'Accept-Encoding': 'gzip, deflate', 'Accept': '*/*', 'Connection': 'keep-alive'} 
 body=None 
 </msg>
<msg time="2024-07-15T22:14:37.621945" level="INFO">GET Response : url=https://randomuser.me/api 
 status=200, reason=OK 
 headers={'Date': 'Mon, 15 Jul 2024 22:14:37 GMT', 'Content-Type': 'application/json; charset=utf-8', 'Transfer-Encoding': 'chunked', 'Connection': 'keep-alive', 'X-Powered-By': 'Express', 'Access-Control-Allow-Origin': '*', 'Cache-Control': 'no-cache', 'ETag': 'W/"493-mbZFmI+Lnwzd/7pMlltT/f4PjQM"', 'Vary': 'Accept-Encoding', 'Content-Encoding': 'gzip', 'CF-Cache-Status': 'DYNAMIC', 'Report-To': '{"endpoints":[{"url":"https:\\/\\/a.nel.cloudflare.com\\/report\\/v4?s=zQRYbF0cXl8lxH4me0OPr8c%2FOYOnvaYUMdWTgkFl4kPCy5rFqySjvF6MxqPv2IJPeuzTYt9ckDf9TkTqfPlm2O%2FkTP4JZW2DoQW5vLk1e%2BmalPGDcO7RGLBOmBddrEec"}],"group":"cf-nel","max_age":604800}', 'NEL': '{"success_fraction":0,"report_to":"cf-nel","max_age":604800}', 'Server': 'cloudflare', 'CF-RAY': '8a3d1b449a2d0820-IAD', 'alt-svc': 'h3=":443"; ma=86400'} 
 body={"results":[{"gender":"female","name":{"title":"Miss","first":"Caitlin","last":"Van der Boon"},"location":{"street":{"number":9186,"name":"Ko van Mil-Laan"},"city":"Kallenkote","state":"Utrecht","country":"Netherlands","postcode":"7399 IZ","coordinates":{"latitude":"38.5674","longitude":"40.1301"},"timezone":{"offset":"-3:30","description":"Newfoundland"}},"email":"caitlin.vanderboon@example.com","login":{"uuid":"2c45ee6c-7e1a-4614-91a7-e647974c560e","username":"heavytiger471","password":"pablo","salt":"4gQygsJh","md5":"02ae4518f91da7917aa8989a443c5a51","sha1":"9d233c63dd317d70c479f5dfaba7302aa157905f","sha256":"68c7ab48cd2a3e5a5eadac60fc11ab9b99e53c9ef29f3c3f7ecad292ce1e5e8f"},"dob":{"date":"1962-02-13T04:09:42.995Z","age":62},"registered":{"date":"2011-02-14T08:05:42.672Z","age":13},"phone":"(042) 7330847","cell":"(06) 52695692","id":{"name":"BSN","value":"60482852"},"picture":{"large":"https://randomuser.me/api/portraits/women/58.jpg","medium":"https://randomuser.me/api/portraits/med/women/58.jpg","thumbnail":"https://randomuser.me/api/portraits/thumb/women/58.jpg"},"nat":"NL"}],"info":{"seed":"18106a06043ce60c","results":1,"page":1,"version":"1.4"}} 
 </msg>
<msg time="2024-07-15T22:14:37.622051" level="INFO">/opt/hostedtoolcache/Python/3.12.4/x64/lib/python3.12/site-packages/urllib3/connectionpool.py:1099: InsecureRequestWarning: Unverified HTTPS request is being made to host 'randomuser.me'. Adding certificate verification is strongly advised. See: https://urllib3.readthedocs.io/en/latest/advanced-usage.html#tls-warnings
  warnings.warn(</msg>
<msg time="2024-07-15T22:14:37.622219" level="INFO">${response} = &lt;Response [200]&gt;</msg>
<var>${response}</var>
<arg>consultarAPI</arg>
<arg>/api</arg>
<doc>Sends a GET request on a previously created HTTP Session.</doc>
<status status="PASS" start="2024-07-15T22:14:37.534492" elapsed="0.087775"/>
</kw>
<kw name="Set Variable" owner="BuiltIn">
<msg time="2024-07-15T22:14:37.623420" level="INFO">${json_data} = {'results': [{'gender': 'female', 'name': {'title': 'Miss', 'first': 'Caitlin', 'last': 'Van der Boon'}, 'location': {'street': {'number': 9186, 'name': 'Ko van Mil-Laan'}, 'city': 'Kallenkote', 'stat...</msg>
<var>${json_data}</var>
<arg>${response.json()}</arg>
<doc>Returns the given values which can then be assigned to a variables.</doc>
<status status="PASS" start="2024-07-15T22:14:37.622870" elapsed="0.000580"/>
</kw>
<kw name="Set Variable" owner="BuiltIn">
<msg time="2024-07-15T22:14:37.624212" level="INFO">${name_title} = Miss</msg>
<var>${name_title}</var>
<arg>${json_data["results"][0]["name"]["title"]}</arg>
<doc>Returns the given values which can then be assigned to a variables.</doc>
<status status="PASS" start="2024-07-15T22:14:37.623814" elapsed="0.000424"/>
</kw>
<kw name="Create List" owner="BuiltIn">
<msg time="2024-07-15T22:14:37.624689" level="INFO">${allowed_titles} = ['Mr', 'Ms', 'Miss', 'Mrs', 'Madame', 'Monsieur']</msg>
<var>${allowed_titles}</var>
<arg>Mr</arg>
<arg>Ms</arg>
<arg>Miss</arg>
<arg>Mrs</arg>
<arg>Madame</arg>
<arg>Monsieur</arg>
<doc>Returns a list containing given items.</doc>
<status status="PASS" start="2024-07-15T22:14:37.624537" elapsed="0.000177"/>
</kw>
<kw name="List Should Contain Value" owner="Collections">
<arg>${allowed_titles}</arg>
<arg>${name_title}</arg>
<doc>Fails if the ``value`` is not found from ``list``.</doc>
<status status="PASS" start="2024-07-15T22:14:37.625015" elapsed="0.000184"/>
</kw>
<kw name="Set Variable" owner="BuiltIn">
<msg time="2024-07-15T22:14:37.625744" level="INFO">${name_country} = NL</msg>
<var>${name_country}</var>
<arg>${json_data["results"][0]["nat"]}</arg>
<doc>Returns the given values which can then be assigned to a variables.</doc>
<status status="PASS" start="2024-07-15T22:14:37.625377" elapsed="0.000393"/>
</kw>
<kw name="Create List" owner="BuiltIn">
<msg time="2024-07-15T22:14:37.626671" level="INFO">${list_country} = ['AD', 'AE', 'AF', 'AG', 'AI', 'AL', 'AM', 'AO', 'AQ', 'AR', 'AS', 'AT', 'AU', 'AW', 'AX', 'AZ', 'BA', 'BB', 'BD', 'BE', 'BF', 'BG', 'BH', 'BI', 'BJ', 'BL', 'BM', 'BN', 'BO', 'BQ', 'BR', 'BS', 'BT', '...</msg>
<var>${list_country}</var>
<arg>AD</arg>
<arg>AE</arg>
<arg>AF</arg>
<arg>AG</arg>
<arg>AI</arg>
<arg>AL</arg>
<arg>AM</arg>
<arg>AO</arg>
<arg>AQ</arg>
<arg>AR</arg>
<arg>AS</arg>
<arg>AT</arg>
<arg>AU</arg>
<arg>AW</arg>
<arg>AX</arg>
<arg>AZ</arg>
<arg>BA</arg>
<arg>BB</arg>
<arg>BD</arg>
<arg>BE</arg>
<arg>BF</arg>
<arg>BG</arg>
<arg>BH</arg>
<arg>BI</arg>
<arg>BJ</arg>
<arg>BL</arg>
<arg>BM</arg>
<arg>BN</arg>
<arg>BO</arg>
<arg>BQ</arg>
<arg>BR</arg>
<arg>BS</arg>
<arg>BT</arg>
<arg>BV</arg>
<arg>BW</arg>
<arg>BY</arg>
<arg>BZ</arg>
<arg>CA</arg>
<arg>CC</arg>
<arg>CD</arg>
<arg>CF</arg>
<arg>CG</arg>
<arg>CH</arg>
<arg>CI</arg>
<arg>CK</arg>
<arg>CL</arg>
<arg>CM</arg>
<arg>CN</arg>
<arg>CO</arg>
<arg>CR</arg>
<arg>CU</arg>
<arg>CV</arg>
<arg>CW</arg>
<arg>CX</arg>
<arg>CY</arg>
<arg>CZ</arg>
<arg>DE</arg>
<arg>DJ</arg>
<arg>DK</arg>
<arg>DM</arg>
<arg>DO</arg>
<arg>DZ</arg>
<arg>EC</arg>
<arg>EE</arg>
<arg>EG</arg>
<arg>EH</arg>
<arg>ER</arg>
<arg>ES</arg>
<arg>ET</arg>
<arg>FI</arg>
<arg>FJ</arg>
<arg>FK</arg>
<arg>FM</arg>
<arg>FO</arg>
<arg>FR</arg>
<arg>GA</arg>
<arg>GB</arg>
<arg>GD</arg>
<arg>GE</arg>
<arg>GF</arg>
<arg>GG</arg>
<arg>GH</arg>
<arg>GI</arg>
<arg>GL</arg>
<arg>GM</arg>
<arg>GN</arg>
<arg>GP</arg>
<arg>GQ</arg>
<arg>GR</arg>
<arg>GS</arg>
<arg>GT</arg>
<arg>GU</arg>
<arg>GW</arg>
<arg>GY</arg>
<arg>HK</arg>
<arg>HM</arg>
<arg>HN</arg>
<arg>HR</arg>
<arg>HT</arg>
<arg>HU</arg>
<arg>ID</arg>
<arg>IE</arg>
<arg>IL</arg>
<arg>IM</arg>
<arg>IN</arg>
<arg>IO</arg>
<arg>IQ</arg>
<arg>IR</arg>
<arg>IS</arg>
<arg>IT</arg>
<arg>JE</arg>
<arg>JM</arg>
<arg>JO</arg>
<arg>JP</arg>
<arg>KE</arg>
<arg>KG</arg>
<arg>KH</arg>
<arg>KI</arg>
<arg>KM</arg>
<arg>KN</arg>
<arg>KP</arg>
<arg>KR</arg>
<arg>KW</arg>
<arg>KY</arg>
<arg>KZ</arg>
<arg>LA</arg>
<arg>LB</arg>
<arg>LC</arg>
<arg>LI</arg>
<arg>LK</arg>
<arg>LR</arg>
<arg>LS</arg>
<arg>LT</arg>
<arg>LU</arg>
<arg>LV</arg>
<arg>LY</arg>
<arg>MA</arg>
<arg>MC</arg>
<arg>MD</arg>
<arg>ME</arg>
<arg>MF</arg>
<arg>MG</arg>
<arg>MH</arg>
<arg>MK</arg>
<arg>ML</arg>
<arg>MM</arg>
<arg>MN</arg>
<arg>MO</arg>
<arg>MP</arg>
<arg>MQ</arg>
<arg>MR</arg>
<arg>MS</arg>
<arg>MT</arg>
<arg>MU</arg>
<arg>MV</arg>
<arg>MW</arg>
<arg>MX</arg>
<arg>MY</arg>
<arg>MZ</arg>
<arg>NA</arg>
<arg>NC</arg>
<arg>NE</arg>
<arg>NF</arg>
<arg>NG</arg>
<arg>NI</arg>
<arg>NL</arg>
<arg>NO</arg>
<arg>NP</arg>
<arg>NR</arg>
<arg>NU</arg>
<arg>NZ</arg>
<arg>OM</arg>
<arg>PA</arg>
<arg>PE</arg>
<arg>PF</arg>
<arg>PG</arg>
<arg>PH</arg>
<arg>PK</arg>
<arg>PL</arg>
<arg>PM</arg>
<arg>PN</arg>
<arg>PR</arg>
<arg>PS</arg>
<arg>PT</arg>
<arg>PW</arg>
<arg>PY</arg>
<arg>QA</arg>
<arg>RE</arg>
<arg>RO</arg>
<arg>RS</arg>
<arg>RU</arg>
<arg>RW</arg>
<arg>SA</arg>
<arg>SB</arg>
<arg>SC</arg>
<arg>SD</arg>
<arg>SE</arg>
<arg>SG</arg>
<arg>SH</arg>
<arg>SI</arg>
<arg>SJ</arg>
<arg>SK</arg>
<arg>SL</arg>
<arg>SM</arg>
<arg>SN</arg>
<arg>SO</arg>
<arg>SR</arg>
<arg>SS</arg>
<arg>ST</arg>
<arg>SV</arg>
<arg>SX</arg>
<arg>SY</arg>
<arg>SZ</arg>
<arg>TC</arg>
<arg>TD</arg>
<arg>TF</arg>
<arg>TG</arg>
<arg>TH</arg>
<arg>TJ</arg>
<arg>TK</arg>
<arg>TL</arg>
<arg>TM</arg>
<arg>TN</arg>
<arg>TO</arg>
<arg>TR</arg>
<arg>TT</arg>
<arg>TV</arg>
<arg>TW</arg>
<arg>TZ</arg>
<arg>UA</arg>
<arg>UG</arg>
<arg>UM</arg>
<arg>US</arg>
<arg>UY</arg>
<arg>UZ</arg>
<arg>VA</arg>
<arg>VC</arg>
<arg>VE</arg>
<arg>VG</arg>
<arg>VI</arg>
<arg>VN</arg>
<arg>VU</arg>
<arg>WF</arg>
<arg>WS</arg>
<arg>XK</arg>
<arg>YE</arg>
<arg>YT</arg>
<arg>ZA</arg>
<arg>ZM</arg>
<arg>ZW</arg>
<doc>Returns a list containing given items.</doc>
<status status="PASS" start="2024-07-15T22:14:37.626070" elapsed="0.000627"/>
</kw>
<kw name="List Should Contain Value" owner="Collections">
<arg>${list_country}</arg>
<arg>${name_country}</arg>
<doc>Fails if the ``value`` is not found from ``list``.</doc>
<status status="PASS" start="2024-07-15T22:14:37.627498" elapsed="0.000232"/>
</kw>
<kw name="Run Keyword If" owner="BuiltIn">
<kw name="Should Be True" owner="BuiltIn">
<arg>${True}</arg>
<doc>Fails if the given condition is not true.</doc>
<status status="PASS" start="2024-07-15T22:14:37.628691" elapsed="0.000154"/>
</kw>
<arg>${json_data["results"][0]["location"]["coordinates"]["latitude"]} &gt;= -90 and ${json_data["results"][0]["location"]["coordinates"]["latitude"]} &lt;= 90</arg>
<arg>Should Be True</arg>
<arg>${True}</arg>
<doc>Runs the given keyword with the given arguments, if ``condition`` is true.</doc>
<status status="PASS" start="2024-07-15T22:14:37.627932" elapsed="0.001037"/>
</kw>
<kw name="Run Keyword If" owner="BuiltIn">
<kw name="Should Be True" owner="BuiltIn">
<arg>${True}</arg>
<doc>Fails if the given condition is not true.</doc>
<status status="PASS" start="2024-07-15T22:14:37.629840" elapsed="0.000135"/>
</kw>
<arg>${json_data["results"][0]["location"]["coordinates"]["longitude"]} &gt;= -180 and ${json_data["results"][0]["location"]["coordinates"]["longitude"]} &lt;= 180</arg>
<arg>Should Be True</arg>
<arg>${True}</arg>
<doc>Runs the given keyword with the given arguments, if ``condition`` is true.</doc>
<status status="PASS" start="2024-07-15T22:14:37.629150" elapsed="0.000945"/>
</kw>
<status status="PASS" start="2024-07-15T22:14:37.534060" elapsed="0.096174"/>
</kw>
<doc>Testa o conteúdo específico dos campos retornados pela API.</doc>
<tag>testeConteudo</tag>
<status status="PASS" start="2024-07-15T22:14:37.533494" elapsed="0.096898"/>
</test>
<status status="PASS" start="2024-07-15T22:14:36.789560" elapsed="0.842897"/>
</suite>
<status status="PASS" start="2024-07-15T22:14:36.774548" elapsed="0.863329"/>
</suite>
<statistics>
<total>
<stat pass="5" fail="0" skip="0">All Tests</stat>
</total>
<tag>
<stat pass="1" fail="0" skip="0">testeConteudo</stat>
<stat pass="1" fail="0" skip="0">testeEstruturaResposta</stat>
<stat pass="1" fail="0" skip="0">testeRequisicaoBasica</stat>
<stat pass="1" fail="0" skip="0">testeTiposDados</stat>
</tag>
<suite>
<stat pass="5" fail="0" skip="0" id="s1" name="Tests">Tests</stat>
<stat pass="5" fail="0" skip="0" id="s1-s1" name="Random-User-Test">Tests.Random-User-Test</stat>
</suite>
</statistics>
<errors>
</errors>
</robot>
