<?xml version="1.0" encoding="UTF-8"?>
<robot generator="Robot 7.0 (Python 3.12.2 on linux)" generated="2024-04-07T19:10:52.381415" rpa="false" schemaversion="5">
<suite id="s1" name="Tests" source="/home/runner/work/DesafioQAItauRogerioJordao/DesafioQAItauRogerioJordao/RamdonUser/tests">
<suite id="s1-s1" name="Random-User-Test" source="/home/runner/work/DesafioQAItauRogerioJordao/DesafioQAItauRogerioJordao/RamdonUser/tests/random-user-test.robot">
<test id="s1-s1-t1" name="Conectar" line="13">
<kw name="Conectar API" owner="random-user-service">
<kw name="Create Session" owner="RequestsLibrary">
<msg time="2024-04-07T19:10:52.740534" level="INFO">Creating Session using : alias=consultarAPI, url=https://randomuser.me/, headers={},                     cookies={}, auth=None, timeout=None, proxies=None, verify=False,                     debug=0 </msg>
<arg>consultarAPI</arg>
<arg>${URL}</arg>
<doc>Create Session: create a HTTP session to a server</doc>
<status status="PASS" start="2024-04-07T19:10:52.740327" elapsed="0.000395"/>
</kw>
<status status="PASS" start="2024-04-07T19:10:52.739252" elapsed="0.001879"/>
</kw>
<status status="PASS" start="2024-04-07T19:10:52.738608" elapsed="0.002732"/>
</test>
<test id="s1-s1-t2" name="Validar retorno 200 e JSON Válido" line="16">
<kw name="Teste de Requisicao Basica" owner="random-user-service">
<kw name="GET On Session" owner="RequestsLibrary">
<msg time="2024-04-07T19:10:52.825491" level="INFO">GET Request : url=https://randomuser.me/api 
 path_url=/api 
 headers={'User-Agent': 'python-requests/2.31.0', 'Accept-Encoding': 'gzip, deflate', 'Accept': '*/*', 'Connection': 'keep-alive'} 
 body=None 
 </msg>
<msg time="2024-04-07T19:10:52.825646" level="INFO">GET Response : url=https://randomuser.me/api 
 status=200, reason=OK 
 headers={'Date': 'Sun, 07 Apr 2024 19:10:52 GMT', 'Content-Type': 'application/json; charset=utf-8', 'Transfer-Encoding': 'chunked', 'Connection': 'keep-alive', 'X-Powered-By': 'Express', 'Access-Control-Allow-Origin': '*', 'Cache-Control': 'no-cache', 'ETag': 'W/"479-Z7lHNEL5bEZwSqnLMpnZy3JZaWo"', 'Vary': 'Accept-Encoding', 'Content-Encoding': 'gzip', 'CF-Cache-Status': 'DYNAMIC', 'Report-To': '{"endpoints":[{"url":"https:\\/\\/a.nel.cloudflare.com\\/report\\/v4?s=k9JmLFdnr4RzA%2F6NYYbuDu%2BFgvIbgrMv0JsSTHJvy66fesLM5LJddF2t3cZ27DnrJ6GJxLbPDyTf%2F3UQ%2B5%2FRn%2F0IgJfyV8R6tAiKtJMrP6VeO21PQ62NbJpDFkejr%2BMS"}],"group":"cf-nel","max_age":604800}', 'NEL': '{"success_fraction":0,"report_to":"cf-nel","max_age":604800}', 'Server': 'cloudflare', 'CF-RAY': '870c51fbe9f92226-ORD', 'alt-svc': 'h3=":443"; ma=86400'} 
 body={"results":[{"gender":"male","name":{"title":"Mr","first":"آراد","last":"زارعی"},"location":{"street":{"number":189,"name":"جمال الدین اسدآبادی"},"city":"کاشان","state":"سمنان","country":"Iran","postcode":66051,"coordinates":{"latitude":"19.6806","longitude":"-152.7277"},"timezone":{"offset":"-9:00","description":"Alaska"}},"email":"ard.zraay@example.com","login":{"uuid":"04102d69-06f6-4116-b5be-016541c5e834","username":"sadwolf138","password":"easy","salt":"dA9ygfyR","md5":"28ecaec242663df5d483883d80581053","sha1":"785d27871ad23ea550b8206e5e83d1657ec6f80b","sha256":"cef1cc31e56b16f0278102d840874b5abf7d12d42f65f67facee0bb8d8871e79"},"dob":{"date":"1949-10-27T07:00:10.176Z","age":74},"registered":{"date":"2009-10-27T18:28:27.880Z","age":14},"phone":"021-73852223","cell":"0953-466-0675","id":{"name":"","value":null},"picture":{"large":"https://randomuser.me/api/portraits/men/32.jpg","medium":"https://randomuser.me/api/portraits/med/men/32.jpg","thumbnail":"https://randomuser.me/api/portraits/thumb/men/32.jpg"},"nat":"IR"}],"info":{"seed":"53712607acc8bc20","results":1,"page":1,"version":"1.4"}} 
 </msg>
<msg time="2024-04-07T19:10:52.825761" level="INFO">/opt/hostedtoolcache/Python/3.12.2/x64/lib/python3.12/site-packages/urllib3/connectionpool.py:1103: InsecureRequestWarning: Unverified HTTPS request is being made to host 'randomuser.me'. Adding certificate verification is strongly advised. See: https://urllib3.readthedocs.io/en/latest/advanced-usage.html#tls-warnings
  warnings.warn(</msg>
<msg time="2024-04-07T19:10:52.825896" level="INFO">${response} = &lt;Response [200]&gt;</msg>
<var>${response}</var>
<arg>consultarAPI</arg>
<arg>/api</arg>
<doc>Sends a GET request on a previously created HTTP Session.</doc>
<status status="PASS" start="2024-04-07T19:10:52.743988" elapsed="0.081943"/>
</kw>
<kw name="Should Be Equal As Numbers" owner="BuiltIn">
<msg time="2024-04-07T19:10:52.826975" level="INFO">Argument types are:
&lt;class 'int'&gt;
&lt;class 'str'&gt;</msg>
<arg>${response.status_code}</arg>
<arg>200</arg>
<doc>Fails if objects are unequal after converting them to real numbers.</doc>
<status status="PASS" start="2024-04-07T19:10:52.826517" elapsed="0.000531"/>
</kw>
<kw name="Log" owner="BuiltIn">
<msg time="2024-04-07T19:10:52.827726" level="INFO">200</msg>
<arg>${response.status_code}</arg>
<doc>Logs the given message with the given level.</doc>
<status status="PASS" start="2024-04-07T19:10:52.827370" elapsed="0.000398"/>
</kw>
<kw name="Set Variable" owner="BuiltIn">
<msg time="2024-04-07T19:10:52.828534" level="INFO">${json_data} = {'results': [{'gender': 'male', 'name': {'title': 'Mr', 'first': 'آراد', 'last': 'زارعی'}, 'location': {'street': {'number': 189, 'name': 'جمال الدین اسدآبادی'}, 'city': 'کاشان', 'state': 'سمنان', 'co...</msg>
<var>${json_data}</var>
<arg>${response.json()}</arg>
<doc>Returns the given values which can then be assigned to a variables.</doc>
<status status="PASS" start="2024-04-07T19:10:52.828078" elapsed="0.000486"/>
</kw>
<kw name="Dictionary Should Contain Key" owner="Collections">
<msg time="2024-04-07T19:10:52.829063" level="INFO">False</msg>
<arg>${json_data}</arg>
<arg>results</arg>
<doc>Fails if ``key`` is not found from ``dictionary``.</doc>
<status status="PASS" start="2024-04-07T19:10:52.828893" elapsed="0.000208"/>
</kw>
<status status="PASS" start="2024-04-07T19:10:52.743732" elapsed="0.085634"/>
</kw>
<doc>Testa se a API responde corretamente e retorna um objeto JSON válido.</doc>
<tag>testeRequisicaoBasica</tag>
<status status="PASS" start="2024-04-07T19:10:52.743205" elapsed="0.086352"/>
</test>
<test id="s1-s1-t3" name="Validar estrutura de resposta" line="22">
<kw name="Teste de Estrutura de Resposta" owner="random-user-service">
<kw name="GET On Session" owner="RequestsLibrary">
<msg time="2024-04-07T19:10:52.920079" level="INFO">GET Request : url=https://randomuser.me/api 
 path_url=/api 
 headers={'User-Agent': 'python-requests/2.31.0', 'Accept-Encoding': 'gzip, deflate', 'Accept': '*/*', 'Connection': 'keep-alive'} 
 body=None 
 </msg>
<msg time="2024-04-07T19:10:52.920192" level="INFO">GET Response : url=https://randomuser.me/api 
 status=200, reason=OK 
 headers={'Date': 'Sun, 07 Apr 2024 19:10:52 GMT', 'Content-Type': 'application/json; charset=utf-8', 'Transfer-Encoding': 'chunked', 'Connection': 'keep-alive', 'X-Powered-By': 'Express', 'Access-Control-Allow-Origin': '*', 'Cache-Control': 'no-cache', 'ETag': 'W/"482-roS9ackG4x+iRh+wusZ8MLKG5qE"', 'Vary': 'Accept-Encoding', 'Content-Encoding': 'gzip', 'CF-Cache-Status': 'DYNAMIC', 'Report-To': '{"endpoints":[{"url":"https:\\/\\/a.nel.cloudflare.com\\/report\\/v4?s=cPzbYGj9YolbNaWAYGd3ImO00yLbXEVu59uhA%2FCQyf%2BF0RCv73gxbcicyxq4u3NNf4xoVVK2Lk6ypiUD7xwScOof%2BroxbPzK9OQlHdogTdRR0754J5ncR9bDSHyZt25u"}],"group":"cf-nel","max_age":604800}', 'NEL': '{"success_fraction":0,"report_to":"cf-nel","max_age":604800}', 'Server': 'cloudflare', 'CF-RAY': '870c51fc3a7e2226-ORD', 'alt-svc': 'h3=":443"; ma=86400'} 
 body={"results":[{"gender":"male","name":{"title":"Monsieur","first":"Mischa","last":"Fournier"},"location":{"street":{"number":9493,"name":"Rue Dubois"},"city":"Laupen","state":"St. Gallen","country":"Switzerland","postcode":5561,"coordinates":{"latitude":"-57.9211","longitude":"-125.7991"},"timezone":{"offset":"-10:00","description":"Hawaii"}},"email":"mischa.fournier@example.com","login":{"uuid":"b51fd7b5-5d66-4bfc-b16b-a58d8168745c","username":"greenpanda665","password":"bambi","salt":"u1AzS7Xn","md5":"6f02031000b8d9508d54774ac27388e5","sha1":"444bbaf61df04e2fb3257a1e813d1e9d1998edcf","sha256":"61c8f5e6f43eb6263cebeaa00becb92ce1a9ddc9d5e91e361ad68d634d8bfbd6"},"dob":{"date":"1965-05-05T08:37:12.882Z","age":58},"registered":{"date":"2012-07-31T05:50:46.666Z","age":11},"phone":"075 454 23 86","cell":"079 936 83 21","id":{"name":"AVS","value":"756.7622.7557.27"},"picture":{"large":"https://randomuser.me/api/portraits/men/83.jpg","medium":"https://randomuser.me/api/portraits/med/men/83.jpg","thumbnail":"https://randomuser.me/api/portraits/thumb/men/83.jpg"},"nat":"CH"}],"info":{"seed":"529de8dcbc5cae8a","results":1,"page":1,"version":"1.4"}} 
 </msg>
<msg time="2024-04-07T19:10:52.920341" level="INFO">/opt/hostedtoolcache/Python/3.12.2/x64/lib/python3.12/site-packages/urllib3/connectionpool.py:1103: InsecureRequestWarning: Unverified HTTPS request is being made to host 'randomuser.me'. Adding certificate verification is strongly advised. See: https://urllib3.readthedocs.io/en/latest/advanced-usage.html#tls-warnings
  warnings.warn(</msg>
<msg time="2024-04-07T19:10:52.920484" level="INFO">${response} = &lt;Response [200]&gt;</msg>
<var>${response}</var>
<arg>consultarAPI</arg>
<arg>/api</arg>
<doc>Sends a GET request on a previously created HTTP Session.</doc>
<status status="PASS" start="2024-04-07T19:10:52.832326" elapsed="0.088198"/>
</kw>
<kw name="Set Variable" owner="BuiltIn">
<msg time="2024-04-07T19:10:52.921771" level="INFO">${json_data} = {'results': [{'gender': 'male', 'name': {'title': 'Monsieur', 'first': 'Mischa', 'last': 'Fournier'}, 'location': {'street': {'number': 9493, 'name': 'Rue Dubois'}, 'city': 'Laupen', 'state': 'St. Gal...</msg>
<var>${json_data}</var>
<arg>${response.json()}</arg>
<doc>Returns the given values which can then be assigned to a variables.</doc>
<status status="PASS" start="2024-04-07T19:10:52.921187" elapsed="0.000613"/>
</kw>
<kw name="Log" owner="BuiltIn">
<msg time="2024-04-07T19:10:52.922285" level="INFO">{'results': [{'gender': 'male', 'name': {'title': 'Monsieur', 'first': 'Mischa', 'last': 'Fournier'}, 'location': {'street': {'number': 9493, 'name': 'Rue Dubois'}, 'city': 'Laupen', 'state': 'St. Gallen', 'country': 'Switzerland', 'postcode': 5561, 'coordinates': {'latitude': '-57.9211', 'longitude': '-125.7991'}, 'timezone': {'offset': '-10:00', 'description': 'Hawaii'}}, 'email': 'mischa.fournier@example.com', 'login': {'uuid': 'b51fd7b5-5d66-4bfc-b16b-a58d8168745c', 'username': 'greenpanda665', 'password': 'bambi', 'salt': 'u1AzS7Xn', 'md5': '6f02031000b8d9508d54774ac27388e5', 'sha1': '444bbaf61df04e2fb3257a1e813d1e9d1998edcf', 'sha256': '61c8f5e6f43eb6263cebeaa00becb92ce1a9ddc9d5e91e361ad68d634d8bfbd6'}, 'dob': {'date': '1965-05-05T08:37:12.882Z', 'age': 58}, 'registered': {'date': '2012-07-31T05:50:46.666Z', 'age': 11}, 'phone': '075 454 23 86', 'cell': '079 936 83 21', 'id': {'name': 'AVS', 'value': '756.7622.7557.27'}, 'picture': {'large': 'https://randomuser.me/api/portraits/men/83.jpg', 'medium': 'https://randomuser.me/api/portraits/med/men/83.jpg', 'thumbnail': 'https://randomuser.me/api/portraits/thumb/men/83.jpg'}, 'nat': 'CH'}], 'info': {'seed': '529de8dcbc5cae8a', 'results': 1, 'page': 1, 'version': '1.4'}}</msg>
<arg>${json_data}</arg>
<doc>Logs the given message with the given level.</doc>
<status status="PASS" start="2024-04-07T19:10:52.922121" elapsed="0.000212"/>
</kw>
<kw name="Dictionary Should Contain Key" owner="Collections">
<msg time="2024-04-07T19:10:52.922793" level="INFO">False</msg>
<arg>${json_data}</arg>
<arg>results</arg>
<doc>Fails if ``key`` is not found from ``dictionary``.</doc>
<status status="PASS" start="2024-04-07T19:10:52.922636" elapsed="0.000195"/>
</kw>
<kw name="Should Not Be Empty" owner="BuiltIn">
<msg time="2024-04-07T19:10:52.923258" level="INFO">Length is 2.</msg>
<arg>${json_data}</arg>
<doc>Verifies that the given item is not empty.</doc>
<status status="PASS" start="2024-04-07T19:10:52.923125" elapsed="0.000170"/>
</kw>
<kw name="Create List" owner="BuiltIn">
<msg time="2024-04-07T19:10:52.923767" level="INFO">${expected_keys} = ['gender', 'name', 'location', 'email', 'login']</msg>
<var>${expected_keys}</var>
<arg>gender</arg>
<arg>name</arg>
<arg>location</arg>
<arg>email</arg>
<arg>login</arg>
<doc>Returns a list containing given items.</doc>
<status status="PASS" start="2024-04-07T19:10:52.923599" elapsed="0.000192"/>
</kw>
<for flavor="IN">
<iter>
<kw name="Dictionary Should Contain Key" owner="Collections">
<msg time="2024-04-07T19:10:52.924821" level="INFO">False</msg>
<arg>${json_data['results'][0]}</arg>
<arg>${key}</arg>
<doc>Fails if ``key`` is not found from ``dictionary``.</doc>
<status status="PASS" start="2024-04-07T19:10:52.924381" elapsed="0.000484"/>
</kw>
<kw name="Log" owner="BuiltIn">
<msg time="2024-04-07T19:10:52.925560" level="INFO">{'gender': 'male', 'name': {'title': 'Monsieur', 'first': 'Mischa', 'last': 'Fournier'}, 'location': {'street': {'number': 9493, 'name': 'Rue Dubois'}, 'city': 'Laupen', 'state': 'St. Gallen', 'country': 'Switzerland', 'postcode': 5561, 'coordinates': {'latitude': '-57.9211', 'longitude': '-125.7991'}, 'timezone': {'offset': '-10:00', 'description': 'Hawaii'}}, 'email': 'mischa.fournier@example.com', 'login': {'uuid': 'b51fd7b5-5d66-4bfc-b16b-a58d8168745c', 'username': 'greenpanda665', 'password': 'bambi', 'salt': 'u1AzS7Xn', 'md5': '6f02031000b8d9508d54774ac27388e5', 'sha1': '444bbaf61df04e2fb3257a1e813d1e9d1998edcf', 'sha256': '61c8f5e6f43eb6263cebeaa00becb92ce1a9ddc9d5e91e361ad68d634d8bfbd6'}, 'dob': {'date': '1965-05-05T08:37:12.882Z', 'age': 58}, 'registered': {'date': '2012-07-31T05:50:46.666Z', 'age': 11}, 'phone': '075 454 23 86', 'cell': '079 936 83 21', 'id': {'name': 'AVS', 'value': '756.7622.7557.27'}, 'picture': {'large': 'https://randomuser.me/api/portraits/men/83.jpg', 'medium': 'https://randomuser.me/api/portraits/med/men/83.jpg', 'thumbnail': 'https://randomuser.me/api/portraits/thumb/men/83.jpg'}, 'nat': 'CH'}</msg>
<arg>${json_data['results'][0]}</arg>
<doc>Logs the given message with the given level.</doc>
<status status="PASS" start="2024-04-07T19:10:52.925187" elapsed="0.000421"/>
</kw>
<kw name="Log" owner="BuiltIn">
<msg time="2024-04-07T19:10:52.926038" level="INFO">gender</msg>
<arg>${key}</arg>
<doc>Logs the given message with the given level.</doc>
<status status="PASS" start="2024-04-07T19:10:52.925909" elapsed="0.000167"/>
</kw>
<var name="${key}">gender</var>
<status status="PASS" start="2024-04-07T19:10:52.924255" elapsed="0.002045"/>
</iter>
<iter>
<kw name="Dictionary Should Contain Key" owner="Collections">
<msg time="2024-04-07T19:10:52.926996" level="INFO">False</msg>
<arg>${json_data['results'][0]}</arg>
<arg>${key}</arg>
<doc>Fails if ``key`` is not found from ``dictionary``.</doc>
<status status="PASS" start="2024-04-07T19:10:52.926608" elapsed="0.000426"/>
</kw>
<kw name="Log" owner="BuiltIn">
<msg time="2024-04-07T19:10:52.927727" level="INFO">{'gender': 'male', 'name': {'title': 'Monsieur', 'first': 'Mischa', 'last': 'Fournier'}, 'location': {'street': {'number': 9493, 'name': 'Rue Dubois'}, 'city': 'Laupen', 'state': 'St. Gallen', 'country': 'Switzerland', 'postcode': 5561, 'coordinates': {'latitude': '-57.9211', 'longitude': '-125.7991'}, 'timezone': {'offset': '-10:00', 'description': 'Hawaii'}}, 'email': 'mischa.fournier@example.com', 'login': {'uuid': 'b51fd7b5-5d66-4bfc-b16b-a58d8168745c', 'username': 'greenpanda665', 'password': 'bambi', 'salt': 'u1AzS7Xn', 'md5': '6f02031000b8d9508d54774ac27388e5', 'sha1': '444bbaf61df04e2fb3257a1e813d1e9d1998edcf', 'sha256': '61c8f5e6f43eb6263cebeaa00becb92ce1a9ddc9d5e91e361ad68d634d8bfbd6'}, 'dob': {'date': '1965-05-05T08:37:12.882Z', 'age': 58}, 'registered': {'date': '2012-07-31T05:50:46.666Z', 'age': 11}, 'phone': '075 454 23 86', 'cell': '079 936 83 21', 'id': {'name': 'AVS', 'value': '756.7622.7557.27'}, 'picture': {'large': 'https://randomuser.me/api/portraits/men/83.jpg', 'medium': 'https://randomuser.me/api/portraits/med/men/83.jpg', 'thumbnail': 'https://randomuser.me/api/portraits/thumb/men/83.jpg'}, 'nat': 'CH'}</msg>
<arg>${json_data['results'][0]}</arg>
<doc>Logs the given message with the given level.</doc>
<status status="PASS" start="2024-04-07T19:10:52.927365" elapsed="0.000410"/>
</kw>
<kw name="Log" owner="BuiltIn">
<msg time="2024-04-07T19:10:52.928204" level="INFO">name</msg>
<arg>${key}</arg>
<doc>Logs the given message with the given level.</doc>
<status status="PASS" start="2024-04-07T19:10:52.928076" elapsed="0.000165"/>
</kw>
<var name="${key}">name</var>
<status status="PASS" start="2024-04-07T19:10:52.926491" elapsed="0.001969"/>
</iter>
<iter>
<kw name="Dictionary Should Contain Key" owner="Collections">
<msg time="2024-04-07T19:10:52.929167" level="INFO">False</msg>
<arg>${json_data['results'][0]}</arg>
<arg>${key}</arg>
<doc>Fails if ``key`` is not found from ``dictionary``.</doc>
<status status="PASS" start="2024-04-07T19:10:52.928754" elapsed="0.000452"/>
</kw>
<kw name="Log" owner="BuiltIn">
<msg time="2024-04-07T19:10:52.929877" level="INFO">{'gender': 'male', 'name': {'title': 'Monsieur', 'first': 'Mischa', 'last': 'Fournier'}, 'location': {'street': {'number': 9493, 'name': 'Rue Dubois'}, 'city': 'Laupen', 'state': 'St. Gallen', 'country': 'Switzerland', 'postcode': 5561, 'coordinates': {'latitude': '-57.9211', 'longitude': '-125.7991'}, 'timezone': {'offset': '-10:00', 'description': 'Hawaii'}}, 'email': 'mischa.fournier@example.com', 'login': {'uuid': 'b51fd7b5-5d66-4bfc-b16b-a58d8168745c', 'username': 'greenpanda665', 'password': 'bambi', 'salt': 'u1AzS7Xn', 'md5': '6f02031000b8d9508d54774ac27388e5', 'sha1': '444bbaf61df04e2fb3257a1e813d1e9d1998edcf', 'sha256': '61c8f5e6f43eb6263cebeaa00becb92ce1a9ddc9d5e91e361ad68d634d8bfbd6'}, 'dob': {'date': '1965-05-05T08:37:12.882Z', 'age': 58}, 'registered': {'date': '2012-07-31T05:50:46.666Z', 'age': 11}, 'phone': '075 454 23 86', 'cell': '079 936 83 21', 'id': {'name': 'AVS', 'value': '756.7622.7557.27'}, 'picture': {'large': 'https://randomuser.me/api/portraits/men/83.jpg', 'medium': 'https://randomuser.me/api/portraits/med/men/83.jpg', 'thumbnail': 'https://randomuser.me/api/portraits/thumb/men/83.jpg'}, 'nat': 'CH'}</msg>
<arg>${json_data['results'][0]}</arg>
<doc>Logs the given message with the given level.</doc>
<status status="PASS" start="2024-04-07T19:10:52.929514" elapsed="0.000414"/>
</kw>
<kw name="Log" owner="BuiltIn">
<msg time="2024-04-07T19:10:52.930352" level="INFO">location</msg>
<arg>${key}</arg>
<doc>Logs the given message with the given level.</doc>
<status status="PASS" start="2024-04-07T19:10:52.930224" elapsed="0.000166"/>
</kw>
<var name="${key}">location</var>
<status status="PASS" start="2024-04-07T19:10:52.928643" elapsed="0.001964"/>
</iter>
<iter>
<kw name="Dictionary Should Contain Key" owner="Collections">
<msg time="2024-04-07T19:10:52.931264" level="INFO">False</msg>
<arg>${json_data['results'][0]}</arg>
<arg>${key}</arg>
<doc>Fails if ``key`` is not found from ``dictionary``.</doc>
<status status="PASS" start="2024-04-07T19:10:52.930891" elapsed="0.000410"/>
</kw>
<kw name="Log" owner="BuiltIn">
<msg time="2024-04-07T19:10:52.931969" level="INFO">{'gender': 'male', 'name': {'title': 'Monsieur', 'first': 'Mischa', 'last': 'Fournier'}, 'location': {'street': {'number': 9493, 'name': 'Rue Dubois'}, 'city': 'Laupen', 'state': 'St. Gallen', 'country': 'Switzerland', 'postcode': 5561, 'coordinates': {'latitude': '-57.9211', 'longitude': '-125.7991'}, 'timezone': {'offset': '-10:00', 'description': 'Hawaii'}}, 'email': 'mischa.fournier@example.com', 'login': {'uuid': 'b51fd7b5-5d66-4bfc-b16b-a58d8168745c', 'username': 'greenpanda665', 'password': 'bambi', 'salt': 'u1AzS7Xn', 'md5': '6f02031000b8d9508d54774ac27388e5', 'sha1': '444bbaf61df04e2fb3257a1e813d1e9d1998edcf', 'sha256': '61c8f5e6f43eb6263cebeaa00becb92ce1a9ddc9d5e91e361ad68d634d8bfbd6'}, 'dob': {'date': '1965-05-05T08:37:12.882Z', 'age': 58}, 'registered': {'date': '2012-07-31T05:50:46.666Z', 'age': 11}, 'phone': '075 454 23 86', 'cell': '079 936 83 21', 'id': {'name': 'AVS', 'value': '756.7622.7557.27'}, 'picture': {'large': 'https://randomuser.me/api/portraits/men/83.jpg', 'medium': 'https://randomuser.me/api/portraits/med/men/83.jpg', 'thumbnail': 'https://randomuser.me/api/portraits/thumb/men/83.jpg'}, 'nat': 'CH'}</msg>
<arg>${json_data['results'][0]}</arg>
<doc>Logs the given message with the given level.</doc>
<status status="PASS" start="2024-04-07T19:10:52.931608" elapsed="0.000408"/>
</kw>
<kw name="Log" owner="BuiltIn">
<msg time="2024-04-07T19:10:52.932437" level="INFO">email</msg>
<arg>${key}</arg>
<doc>Logs the given message with the given level.</doc>
<status status="PASS" start="2024-04-07T19:10:52.932311" elapsed="0.000163"/>
</kw>
<var name="${key}">email</var>
<status status="PASS" start="2024-04-07T19:10:52.930780" elapsed="0.001909"/>
</iter>
<iter>
<kw name="Dictionary Should Contain Key" owner="Collections">
<msg time="2024-04-07T19:10:52.933412" level="INFO">False</msg>
<arg>${json_data['results'][0]}</arg>
<arg>${key}</arg>
<doc>Fails if ``key`` is not found from ``dictionary``.</doc>
<status status="PASS" start="2024-04-07T19:10:52.933028" elapsed="0.000421"/>
</kw>
<kw name="Log" owner="BuiltIn">
<msg time="2024-04-07T19:10:52.934104" level="INFO">{'gender': 'male', 'name': {'title': 'Monsieur', 'first': 'Mischa', 'last': 'Fournier'}, 'location': {'street': {'number': 9493, 'name': 'Rue Dubois'}, 'city': 'Laupen', 'state': 'St. Gallen', 'country': 'Switzerland', 'postcode': 5561, 'coordinates': {'latitude': '-57.9211', 'longitude': '-125.7991'}, 'timezone': {'offset': '-10:00', 'description': 'Hawaii'}}, 'email': 'mischa.fournier@example.com', 'login': {'uuid': 'b51fd7b5-5d66-4bfc-b16b-a58d8168745c', 'username': 'greenpanda665', 'password': 'bambi', 'salt': 'u1AzS7Xn', 'md5': '6f02031000b8d9508d54774ac27388e5', 'sha1': '444bbaf61df04e2fb3257a1e813d1e9d1998edcf', 'sha256': '61c8f5e6f43eb6263cebeaa00becb92ce1a9ddc9d5e91e361ad68d634d8bfbd6'}, 'dob': {'date': '1965-05-05T08:37:12.882Z', 'age': 58}, 'registered': {'date': '2012-07-31T05:50:46.666Z', 'age': 11}, 'phone': '075 454 23 86', 'cell': '079 936 83 21', 'id': {'name': 'AVS', 'value': '756.7622.7557.27'}, 'picture': {'large': 'https://randomuser.me/api/portraits/men/83.jpg', 'medium': 'https://randomuser.me/api/portraits/med/men/83.jpg', 'thumbnail': 'https://randomuser.me/api/portraits/thumb/men/83.jpg'}, 'nat': 'CH'}</msg>
<arg>${json_data['results'][0]}</arg>
<doc>Logs the given message with the given level.</doc>
<status status="PASS" start="2024-04-07T19:10:52.933745" elapsed="0.000405"/>
</kw>
<kw name="Log" owner="BuiltIn">
<msg time="2024-04-07T19:10:52.934575" level="INFO">login</msg>
<arg>${key}</arg>
<doc>Logs the given message with the given level.</doc>
<status status="PASS" start="2024-04-07T19:10:52.934449" elapsed="0.000274"/>
</kw>
<var name="${key}">login</var>
<status status="PASS" start="2024-04-07T19:10:52.932909" elapsed="0.002043"/>
</iter>
<var>${key}</var>
<value>@{expected_keys}</value>
<status status="PASS" start="2024-04-07T19:10:52.924059" elapsed="0.011042"/>
</for>
<kw name="Create List" owner="BuiltIn">
<msg time="2024-04-07T19:10:52.935441" level="INFO">${expected_keysTwo} = ['username', 'password']</msg>
<var>${expected_keysTwo}</var>
<arg>username</arg>
<arg>password</arg>
<doc>Returns a list containing given items.</doc>
<status status="PASS" start="2024-04-07T19:10:52.935302" elapsed="0.000162"/>
</kw>
<for flavor="IN">
<iter>
<kw name="Dictionary Should Contain Key" owner="Collections">
<msg time="2024-04-07T19:10:52.936348" level="INFO">False</msg>
<arg>${json_data['results'][0]['login']}</arg>
<arg>${keyTwo}</arg>
<doc>Fails if ``key`` is not found from ``dictionary``.</doc>
<status status="PASS" start="2024-04-07T19:10:52.935969" elapsed="0.000416"/>
</kw>
<kw name="Dictionary Should Contain Key" owner="Collections">
<msg time="2024-04-07T19:10:52.937112" level="INFO">False</msg>
<arg>${json_data['results'][0]['login']}</arg>
<arg>${keyTwo}</arg>
<doc>Fails if ``key`` is not found from ``dictionary``.</doc>
<status status="PASS" start="2024-04-07T19:10:52.936678" elapsed="0.000472"/>
</kw>
<kw name="Log" owner="BuiltIn">
<msg time="2024-04-07T19:10:52.937574" level="INFO">username</msg>
<arg>${keyTwo}</arg>
<doc>Logs the given message with the given level.</doc>
<status status="PASS" start="2024-04-07T19:10:52.937447" elapsed="0.000165"/>
</kw>
<var name="${keyTwo}">username</var>
<status status="PASS" start="2024-04-07T19:10:52.935859" elapsed="0.001972"/>
</iter>
<iter>
<kw name="Dictionary Should Contain Key" owner="Collections">
<msg time="2024-04-07T19:10:52.938491" level="INFO">False</msg>
<arg>${json_data['results'][0]['login']}</arg>
<arg>${keyTwo}</arg>
<doc>Fails if ``key`` is not found from ``dictionary``.</doc>
<status status="PASS" start="2024-04-07T19:10:52.938115" elapsed="0.000413"/>
</kw>
<kw name="Dictionary Should Contain Key" owner="Collections">
<msg time="2024-04-07T19:10:52.939206" level="INFO">False</msg>
<arg>${json_data['results'][0]['login']}</arg>
<arg>${keyTwo}</arg>
<doc>Fails if ``key`` is not found from ``dictionary``.</doc>
<status status="PASS" start="2024-04-07T19:10:52.938820" elapsed="0.000423"/>
</kw>
<kw name="Log" owner="BuiltIn">
<msg time="2024-04-07T19:10:52.939671" level="INFO">password</msg>
<arg>${keyTwo}</arg>
<doc>Logs the given message with the given level.</doc>
<status status="PASS" start="2024-04-07T19:10:52.939544" elapsed="0.000164"/>
</kw>
<var name="${keyTwo}">password</var>
<status status="PASS" start="2024-04-07T19:10:52.938006" elapsed="0.001918"/>
</iter>
<var>${keyTwo}</var>
<value>@{expected_keysTwo}</value>
<status status="PASS" start="2024-04-07T19:10:52.935706" elapsed="0.004339"/>
</for>
<status status="PASS" start="2024-04-07T19:10:52.832089" elapsed="0.108097"/>
</kw>
<doc>Testa a estrutura da resposta da API.</doc>
<tag>testeEstruturaResposta</tag>
<status status="PASS" start="2024-04-07T19:10:52.831421" elapsed="0.108929"/>
</test>
<test id="s1-s1-t4" name="Validar tipos de dados" line="28">
<kw name="Teste de Tipos de Dados" owner="random-user-service">
<kw name="GET On Session" owner="RequestsLibrary">
<msg time="2024-04-07T19:10:53.023369" level="INFO">GET Request : url=https://randomuser.me/api 
 path_url=/api 
 headers={'User-Agent': 'python-requests/2.31.0', 'Accept-Encoding': 'gzip, deflate', 'Accept': '*/*', 'Connection': 'keep-alive'} 
 body=None 
 </msg>
<msg time="2024-04-07T19:10:53.023459" level="INFO">GET Response : url=https://randomuser.me/api 
 status=200, reason=OK 
 headers={'Date': 'Sun, 07 Apr 2024 19:10:53 GMT', 'Content-Type': 'application/json; charset=utf-8', 'Transfer-Encoding': 'chunked', 'Connection': 'keep-alive', 'X-Powered-By': 'Express', 'Access-Control-Allow-Origin': '*', 'Cache-Control': 'no-cache', 'ETag': 'W/"475-je7+0Rl/P08JTx+yPQOrRRZjIUM"', 'Vary': 'Accept-Encoding', 'Content-Encoding': 'gzip', 'CF-Cache-Status': 'DYNAMIC', 'Report-To': '{"endpoints":[{"url":"https:\\/\\/a.nel.cloudflare.com\\/report\\/v4?s=CYvBGDcr%2BElT8xTb7obnhgOO0hQHmD6O8gQ5wJ6D0IDoUAilHN2pb6uvubsY4gByNRnlBzJV%2FRuhqwRJZqCWIthtJAV0EHsWj%2FfCzLyZMQeCzf%2FS4bYZRli7gxNyyywy"}],"group":"cf-nel","max_age":604800}', 'NEL': '{"success_fraction":0,"report_to":"cf-nel","max_age":604800}', 'Server': 'cloudflare', 'CF-RAY': '870c51fcebb22226-ORD', 'alt-svc': 'h3=":443"; ma=86400'} 
 body={"results":[{"gender":"female","name":{"title":"Ms","first":"Jen","last":"Allen"},"location":{"street":{"number":158,"name":"Church Street"},"city":"Ardee","state":"Kerry","country":"Ireland","postcode":29700,"coordinates":{"latitude":"-4.1359","longitude":"96.2959"},"timezone":{"offset":"+7:00","description":"Bangkok, Hanoi, Jakarta"}},"email":"jen.allen@example.com","login":{"uuid":"70cd0105-35b5-40d1-93a4-5520e0262c35","username":"goldenfrog400","password":"nurses","salt":"wQwdYgMn","md5":"a52cd6b184c242e1b80c688c628afe3d","sha1":"d6fde3b8daa9c0820a5a7a9fdc583e4a2c99f6bb","sha256":"3ab253ea2343ae4883b7af9c8ba069e5475cf155d4c43d244bd391a4c94bf89e"},"dob":{"date":"1952-12-17T11:47:17.733Z","age":71},"registered":{"date":"2002-07-09T06:03:49.202Z","age":21},"phone":"011-141-7230","cell":"081-221-0055","id":{"name":"PPS","value":"1828252T"},"picture":{"large":"https://randomuser.me/api/portraits/women/89.jpg","medium":"https://randomuser.me/api/portraits/med/women/89.jpg","thumbnail":"https://randomuser.me/api/portraits/thumb/women/89.jpg"},"nat":"IE"}],"info":{"seed":"79706ae4a47b1597","results":1,"page":1,"version":"1.4"}} 
 </msg>
<msg time="2024-04-07T19:10:53.023526" level="INFO">/opt/hostedtoolcache/Python/3.12.2/x64/lib/python3.12/site-packages/urllib3/connectionpool.py:1103: InsecureRequestWarning: Unverified HTTPS request is being made to host 'randomuser.me'. Adding certificate verification is strongly advised. See: https://urllib3.readthedocs.io/en/latest/advanced-usage.html#tls-warnings
  warnings.warn(</msg>
<msg time="2024-04-07T19:10:53.023635" level="INFO">${response} = &lt;Response [200]&gt;</msg>
<var>${response}</var>
<arg>consultarAPI</arg>
<arg>/api</arg>
<doc>Sends a GET request on a previously created HTTP Session.</doc>
<status status="PASS" start="2024-04-07T19:10:52.942899" elapsed="0.080770"/>
</kw>
<kw name="Set Variable" owner="BuiltIn">
<msg time="2024-04-07T19:10:53.024686" level="INFO">${json_data} = {'results': [{'gender': 'female', 'name': {'title': 'Ms', 'first': 'Jen', 'last': 'Allen'}, 'location': {'street': {'number': 158, 'name': 'Church Street'}, 'city': 'Ardee', 'state': 'Kerry', 'country...</msg>
<var>${json_data}</var>
<arg>${response.json()}</arg>
<doc>Returns the given values which can then be assigned to a variables.</doc>
<status status="PASS" start="2024-04-07T19:10:53.024181" elapsed="0.000533"/>
</kw>
<kw name="Log" owner="BuiltIn">
<msg time="2024-04-07T19:10:53.025241" level="INFO">{'results': [{'gender': 'female', 'name': {'title': 'Ms', 'first': 'Jen', 'last': 'Allen'}, 'location': {'street': {'number': 158, 'name': 'Church Street'}, 'city': 'Ardee', 'state': 'Kerry', 'country': 'Ireland', 'postcode': 29700, 'coordinates': {'latitude': '-4.1359', 'longitude': '96.2959'}, 'timezone': {'offset': '+7:00', 'description': 'Bangkok, Hanoi, Jakarta'}}, 'email': 'jen.allen@example.com', 'login': {'uuid': '70cd0105-35b5-40d1-93a4-5520e0262c35', 'username': 'goldenfrog400', 'password': 'nurses', 'salt': 'wQwdYgMn', 'md5': 'a52cd6b184c242e1b80c688c628afe3d', 'sha1': 'd6fde3b8daa9c0820a5a7a9fdc583e4a2c99f6bb', 'sha256': '3ab253ea2343ae4883b7af9c8ba069e5475cf155d4c43d244bd391a4c94bf89e'}, 'dob': {'date': '1952-12-17T11:47:17.733Z', 'age': 71}, 'registered': {'date': '2002-07-09T06:03:49.202Z', 'age': 21}, 'phone': '011-141-7230', 'cell': '081-221-0055', 'id': {'name': 'PPS', 'value': '1828252T'}, 'picture': {'large': 'https://randomuser.me/api/portraits/women/89.jpg', 'medium': 'https://randomuser.me/api/portraits/med/women/89.jpg', 'thumbnail': 'https://randomuser.me/api/portraits/thumb/women/89.jpg'}, 'nat': 'IE'}], 'info': {'seed': '79706ae4a47b1597', 'results': 1, 'page': 1, 'version': '1.4'}}</msg>
<arg>${json_data}</arg>
<doc>Logs the given message with the given level.</doc>
<status status="PASS" start="2024-04-07T19:10:53.025084" elapsed="0.000242"/>
</kw>
<kw name="Should Be String" owner="String">
<arg>${json_data['results'][0]['gender']}</arg>
<doc>Fails if the given ``item`` is not a string.</doc>
<status status="PASS" start="2024-04-07T19:10:53.025630" elapsed="0.000369"/>
</kw>
<kw name="Should Match Regexp" owner="BuiltIn">
<arg>${json_data['results'][0]['email']}</arg>
<arg>^[a-zA-Z0-9._%+-]+@[a-zA-Z0-9.-]+\.[a-zA-Z]{2,}$</arg>
<doc>Fails if ``string`` does not match ``pattern`` as a regular expression.</doc>
<status status="PASS" start="2024-04-07T19:10:53.026195" elapsed="0.000527"/>
</kw>
<kw name="Should Match Regexp" owner="BuiltIn">
<arg>${json_data['results'][0]['dob']['date']}</arg>
<arg>\\d{4}-\\d{2}-\\d{2}T\\d{2}:\\d{2}:\\d{2}\\.\\d{3}Z</arg>
<doc>Fails if ``string`` does not match ``pattern`` as a regular expression.</doc>
<status status="PASS" start="2024-04-07T19:10:53.026922" elapsed="0.000492"/>
</kw>
<kw name="Should Match Regexp" owner="BuiltIn">
<arg>${json_data['results'][0]['registered']['date']}</arg>
<arg>\\d{4}-\\d{2}-\\d{2}T\\d{2}:\\d{2}:\\d{2}\\.\\d{3}Z</arg>
<doc>Fails if ``string`` does not match ``pattern`` as a regular expression.</doc>
<status status="PASS" start="2024-04-07T19:10:53.027613" elapsed="0.000370"/>
</kw>
<kw name="Should Match Regexp" owner="BuiltIn">
<arg>${json_data['results'][0]['picture']['large']}</arg>
<arg>^https?://.*\.(?:png|jpe?g|gif|bmp)$</arg>
<doc>Fails if ``string`` does not match ``pattern`` as a regular expression.</doc>
<status status="PASS" start="2024-04-07T19:10:53.028174" elapsed="0.000471"/>
</kw>
<kw name="Should Match Regexp" owner="BuiltIn">
<arg>${json_data['results'][0]['picture']['medium']}</arg>
<arg>^https?://.*\.(?:png|jpe?g|gif|bmp)$</arg>
<doc>Fails if ``string`` does not match ``pattern`` as a regular expression.</doc>
<status status="PASS" start="2024-04-07T19:10:53.028862" elapsed="0.000364"/>
</kw>
<kw name="Should Match Regexp" owner="BuiltIn">
<arg>${json_data['results'][0]['picture']['thumbnail']}</arg>
<arg>^https?://.*\.(?:png|jpe?g|gif|bmp)$</arg>
<doc>Fails if ``string`` does not match ``pattern`` as a regular expression.</doc>
<status status="PASS" start="2024-04-07T19:10:53.029412" elapsed="0.000388"/>
</kw>
<kw name="Log" owner="BuiltIn">
<msg time="2024-04-07T19:10:53.030330" level="INFO">{'large': 'https://randomuser.me/api/portraits/women/89.jpg', 'medium': 'https://randomuser.me/api/portraits/med/women/89.jpg', 'thumbnail': 'https://randomuser.me/api/portraits/thumb/women/89.jpg'}</msg>
<arg>${json_data['results'][0]['picture']}</arg>
<doc>Logs the given message with the given level.</doc>
<status status="PASS" start="2024-04-07T19:10:53.029985" elapsed="0.000388"/>
</kw>
<status status="PASS" start="2024-04-07T19:10:52.942648" elapsed="0.087985"/>
</kw>
<kw name="Teste de Tipos de Dados - Postcode" owner="random-user-service">
<kw name="GET On Session" owner="RequestsLibrary">
<msg time="2024-04-07T19:10:53.133103" level="INFO">GET Request : url=https://randomuser.me/api 
 path_url=/api 
 headers={'User-Agent': 'python-requests/2.31.0', 'Accept-Encoding': 'gzip, deflate', 'Accept': '*/*', 'Connection': 'keep-alive'} 
 body=None 
 </msg>
<msg time="2024-04-07T19:10:53.133215" level="INFO">GET Response : url=https://randomuser.me/api 
 status=200, reason=OK 
 headers={'Date': 'Sun, 07 Apr 2024 19:10:53 GMT', 'Content-Type': 'application/json; charset=utf-8', 'Transfer-Encoding': 'chunked', 'Connection': 'keep-alive', 'X-Powered-By': 'Express', 'Access-Control-Allow-Origin': '*', 'Cache-Control': 'no-cache', 'ETag': 'W/"477-VAwwlRjByPUHiUQMwZast0tN//g"', 'Vary': 'Accept-Encoding', 'Content-Encoding': 'gzip', 'CF-Cache-Status': 'DYNAMIC', 'Report-To': '{"endpoints":[{"url":"https:\\/\\/a.nel.cloudflare.com\\/report\\/v4?s=b4%2B1ql275Xt0nG%2BiameAZY6tA3ldBwHwO4HHd8eMi1MrCxOpZfEtaBnQVY6Pz8fXlHe%2BkVCtfuJRKhXnPB4HmKPLi2JYC3X7oNqJwvR5tysA%2FQV3HuggvosKoc6gV%2FI3"}],"group":"cf-nel","max_age":604800}', 'NEL': '{"success_fraction":0,"report_to":"cf-nel","max_age":604800}', 'Server': 'cloudflare', 'CF-RAY': '870c51fd7c822226-ORD', 'alt-svc': 'h3=":443"; ma=86400'} 
 body={"results":[{"gender":"male","name":{"title":"Mr","first":"William","last":"Christensen"},"location":{"street":{"number":1165,"name":"Ringparken"},"city":"Kongsvinger","state":"Hovedstaden","country":"Denmark","postcode":10598,"coordinates":{"latitude":"-41.3000","longitude":"-109.4140"},"timezone":{"offset":"+4:30","description":"Kabul"}},"email":"william.christensen@example.com","login":{"uuid":"f1a1a630-e836-48bc-82ee-932e72f90375","username":"tinyswan640","password":"blueball","salt":"5IoyISWF","md5":"ea960ec6fc087c827be745be39b5dd10","sha1":"844159e16de6b00b1e2a1aa50c6b619e79f0f6d1","sha256":"74020fcb89edabfa776cfc5a6c8f9cdd017016b9cf9acc0f3a500c5ae371b2d1"},"dob":{"date":"1958-03-12T10:04:20.804Z","age":66},"registered":{"date":"2004-11-24T15:26:10.042Z","age":19},"phone":"41950243","cell":"09354114","id":{"name":"CPR","value":"120358-2092"},"picture":{"large":"https://randomuser.me/api/portraits/men/88.jpg","medium":"https://randomuser.me/api/portraits/med/men/88.jpg","thumbnail":"https://randomuser.me/api/portraits/thumb/men/88.jpg"},"nat":"DK"}],"info":{"seed":"022b3851dfe4b3ae","results":1,"page":1,"version":"1.4"}} 
 </msg>
<msg time="2024-04-07T19:10:53.133315" level="INFO">/opt/hostedtoolcache/Python/3.12.2/x64/lib/python3.12/site-packages/urllib3/connectionpool.py:1103: InsecureRequestWarning: Unverified HTTPS request is being made to host 'randomuser.me'. Adding certificate verification is strongly advised. See: https://urllib3.readthedocs.io/en/latest/advanced-usage.html#tls-warnings
  warnings.warn(</msg>
<msg time="2024-04-07T19:10:53.133451" level="INFO">${response} = &lt;Response [200]&gt;</msg>
<var>${response}</var>
<arg>consultarAPI</arg>
<arg>/api</arg>
<doc>Sends a GET request on a previously created HTTP Session.</doc>
<status status="PASS" start="2024-04-07T19:10:53.031244" elapsed="0.102258"/>
</kw>
<kw name="Set Variable" owner="BuiltIn">
<msg time="2024-04-07T19:10:53.134536" level="INFO">${json_data} = {'results': [{'gender': 'male', 'name': {'title': 'Mr', 'first': 'William', 'last': 'Christensen'}, 'location': {'street': {'number': 1165, 'name': 'Ringparken'}, 'city': 'Kongsvinger', 'state': 'Hove...</msg>
<var>${json_data}</var>
<arg>${response.json()}</arg>
<doc>Returns the given values which can then be assigned to a variables.</doc>
<status status="PASS" start="2024-04-07T19:10:53.134029" elapsed="0.000535"/>
</kw>
<kw name="Log" owner="BuiltIn">
<msg time="2024-04-07T19:10:53.135027" level="INFO">{'results': [{'gender': 'male', 'name': {'title': 'Mr', 'first': 'William', 'last': 'Christensen'}, 'location': {'street': {'number': 1165, 'name': 'Ringparken'}, 'city': 'Kongsvinger', 'state': 'Hovedstaden', 'country': 'Denmark', 'postcode': 10598, 'coordinates': {'latitude': '-41.3000', 'longitude': '-109.4140'}, 'timezone': {'offset': '+4:30', 'description': 'Kabul'}}, 'email': 'william.christensen@example.com', 'login': {'uuid': 'f1a1a630-e836-48bc-82ee-932e72f90375', 'username': 'tinyswan640', 'password': 'blueball', 'salt': '5IoyISWF', 'md5': 'ea960ec6fc087c827be745be39b5dd10', 'sha1': '844159e16de6b00b1e2a1aa50c6b619e79f0f6d1', 'sha256': '74020fcb89edabfa776cfc5a6c8f9cdd017016b9cf9acc0f3a500c5ae371b2d1'}, 'dob': {'date': '1958-03-12T10:04:20.804Z', 'age': 66}, 'registered': {'date': '2004-11-24T15:26:10.042Z', 'age': 19}, 'phone': '41950243', 'cell': '09354114', 'id': {'name': 'CPR', 'value': '120358-2092'}, 'picture': {'large': 'https://randomuser.me/api/portraits/men/88.jpg', 'medium': 'https://randomuser.me/api/portraits/med/men/88.jpg', 'thumbnail': 'https://randomuser.me/api/portraits/thumb/men/88.jpg'}, 'nat': 'DK'}], 'info': {'seed': '022b3851dfe4b3ae', 'results': 1, 'page': 1, 'version': '1.4'}}</msg>
<arg>${json_data}</arg>
<doc>Logs the given message with the given level.</doc>
<status status="PASS" start="2024-04-07T19:10:53.134871" elapsed="0.000237"/>
</kw>
<kw name="Should Be Equal As Numbers" owner="BuiltIn">
<arg>${json_data['results'][0]['location']['postcode']}</arg>
<arg>${json_data['results'][0]['location']['postcode']}</arg>
<doc>Fails if objects are unequal after converting them to real numbers.</doc>
<status status="PASS" start="2024-04-07T19:10:53.135413" elapsed="0.000642"/>
</kw>
<kw name="Log" owner="BuiltIn">
<msg time="2024-04-07T19:10:53.136584" level="INFO">10598</msg>
<arg>${json_data['results'][0]['location']['postcode']}</arg>
<doc>Logs the given message with the given level.</doc>
<status status="PASS" start="2024-04-07T19:10:53.136250" elapsed="0.000374"/>
</kw>
<status status="PASS" start="2024-04-07T19:10:53.030866" elapsed="0.106056"/>
</kw>
<doc>Testa se os tipos de dados na resposta da API estão corretos.</doc>
<tag>testeTiposDados</tag>
<status status="PASS" start="2024-04-07T19:10:52.942181" elapsed="0.194917"/>
</test>
<test id="s1-s1-t5" name="Validar conteudo" line="35">
<kw name="Teste de Tipos de Conteudo" owner="random-user-service">
<kw name="GET On Session" owner="RequestsLibrary">
<msg time="2024-04-07T19:10:53.250600" level="INFO">GET Request : url=https://randomuser.me/api 
 path_url=/api 
 headers={'User-Agent': 'python-requests/2.31.0', 'Accept-Encoding': 'gzip, deflate', 'Accept': '*/*', 'Connection': 'keep-alive'} 
 body=None 
 </msg>
<msg time="2024-04-07T19:10:53.250696" level="INFO">GET Response : url=https://randomuser.me/api 
 status=200, reason=OK 
 headers={'Date': 'Sun, 07 Apr 2024 19:10:53 GMT', 'Content-Type': 'application/json; charset=utf-8', 'Transfer-Encoding': 'chunked', 'Connection': 'keep-alive', 'X-Powered-By': 'Express', 'Access-Control-Allow-Origin': '*', 'Cache-Control': 'no-cache', 'ETag': 'W/"475-4qK55ifciFg+Kx2lCLNKyCK5uQI"', 'Vary': 'Accept-Encoding', 'Content-Encoding': 'gzip', 'CF-Cache-Status': 'DYNAMIC', 'Report-To': '{"endpoints":[{"url":"https:\\/\\/a.nel.cloudflare.com\\/report\\/v4?s=m3rdQRLio8PAxzAe%2F11mDyjUKGuBCtXS26PBnUGOXrJ60x8Re0IZ6oYfOU8c0khS1fpALhcBwP%2FTI2snx%2BcDmolxBzsyMsRmiXuJ1HLuwcg%2FjT922qa7mAGsT96r%2FucG"}],"group":"cf-nel","max_age":604800}', 'NEL': '{"success_fraction":0,"report_to":"cf-nel","max_age":604800}', 'Server': 'cloudflare', 'CF-RAY': '870c51fe2d8b2226-ORD', 'alt-svc': 'h3=":443"; ma=86400'} 
 body={"results":[{"gender":"male","name":{"title":"Mr","first":"Gordan","last":"Blagojević"},"location":{"street":{"number":2356,"name":"Prve Brazde"},"city":"Bačka Palanka","state":"Raška","country":"Serbia","postcode":28302,"coordinates":{"latitude":"58.2733","longitude":"-76.3873"},"timezone":{"offset":"-9:00","description":"Alaska"}},"email":"gordan.blagojevic@example.com","login":{"uuid":"4023b1b3-e592-4e4f-877b-49f7b8bacde5","username":"heavypanda361","password":"jaime","salt":"4tJh5r0I","md5":"d0495eba8104051440eb8746ae851d06","sha1":"5b9d81d481ee499ba977c43dd85f4281a9e08e3f","sha256":"cb325645db406ecb667ddde75d1540b267bdd60675df2f077c2c6b911866aa5d"},"dob":{"date":"1978-09-30T21:53:04.029Z","age":45},"registered":{"date":"2021-09-12T00:00:33.836Z","age":2},"phone":"035-6688-936","cell":"068-1266-964","id":{"name":"SID","value":"484199318"},"picture":{"large":"https://randomuser.me/api/portraits/men/43.jpg","medium":"https://randomuser.me/api/portraits/med/men/43.jpg","thumbnail":"https://randomuser.me/api/portraits/thumb/men/43.jpg"},"nat":"RS"}],"info":{"seed":"cb622a050b101fa0","results":1,"page":1,"version":"1.4"}} 
 </msg>
<msg time="2024-04-07T19:10:53.250767" level="INFO">/opt/hostedtoolcache/Python/3.12.2/x64/lib/python3.12/site-packages/urllib3/connectionpool.py:1103: InsecureRequestWarning: Unverified HTTPS request is being made to host 'randomuser.me'. Adding certificate verification is strongly advised. See: https://urllib3.readthedocs.io/en/latest/advanced-usage.html#tls-warnings
  warnings.warn(</msg>
<msg time="2024-04-07T19:10:53.250884" level="INFO">${response} = &lt;Response [200]&gt;</msg>
<var>${response}</var>
<arg>consultarAPI</arg>
<arg>/api</arg>
<doc>Sends a GET request on a previously created HTTP Session.</doc>
<status status="PASS" start="2024-04-07T19:10:53.139560" elapsed="0.111350"/>
</kw>
<kw name="Set Variable" owner="BuiltIn">
<msg time="2024-04-07T19:10:53.251986" level="INFO">${json_data} = {'results': [{'gender': 'male', 'name': {'title': 'Mr', 'first': 'Gordan', 'last': 'Blagojević'}, 'location': {'street': {'number': 2356, 'name': 'Prve Brazde'}, 'city': 'Bačka Palanka', 'state': 'Raš...</msg>
<var>${json_data}</var>
<arg>${response.json()}</arg>
<doc>Returns the given values which can then be assigned to a variables.</doc>
<status status="PASS" start="2024-04-07T19:10:53.251451" elapsed="0.000566"/>
</kw>
<kw name="Set Variable" owner="BuiltIn">
<msg time="2024-04-07T19:10:53.252707" level="INFO">${name_title} = Mr</msg>
<var>${name_title}</var>
<arg>${json_data["results"][0]["name"]["title"]}</arg>
<doc>Returns the given values which can then be assigned to a variables.</doc>
<status status="PASS" start="2024-04-07T19:10:53.252324" elapsed="0.000409"/>
</kw>
<kw name="Create List" owner="BuiltIn">
<msg time="2024-04-07T19:10:53.253237" level="INFO">${allowed_titles} = ['Mr', 'Ms', 'Miss', 'Mrs', 'Madame', 'Monsieur']</msg>
<var>${allowed_titles}</var>
<arg>Mr</arg>
<arg>Ms</arg>
<arg>Miss</arg>
<arg>Mrs</arg>
<arg>Madame</arg>
<arg>Monsieur</arg>
<doc>Returns a list containing given items.</doc>
<status status="PASS" start="2024-04-07T19:10:53.253089" elapsed="0.000172"/>
</kw>
<kw name="List Should Contain Value" owner="Collections">
<msg time="2024-04-07T19:10:53.253736" level="INFO">False</msg>
<arg>${allowed_titles}</arg>
<arg>${name_title}</arg>
<doc>Fails if the ``value`` is not found from ``list``.</doc>
<status status="PASS" start="2024-04-07T19:10:53.253563" elapsed="0.000211"/>
</kw>
<kw name="Set Variable" owner="BuiltIn">
<msg time="2024-04-07T19:10:53.254437" level="INFO">${name_country} = RS</msg>
<var>${name_country}</var>
<arg>${json_data["results"][0]["nat"]}</arg>
<doc>Returns the given values which can then be assigned to a variables.</doc>
<status status="PASS" start="2024-04-07T19:10:53.254059" elapsed="0.000404"/>
</kw>
<kw name="Create List" owner="BuiltIn">
<msg time="2024-04-07T19:10:53.255364" level="INFO">${list_country} = ['AD', 'AE', 'AF', 'AG', 'AI', 'AL', 'AM', 'AO', 'AQ', 'AR', 'AS', 'AT', 'AU', 'AW', 'AX', 'AZ', 'BA', 'BB', 'BD', 'BE', 'BF', 'BG', 'BH', 'BI', 'BJ', 'BL', 'BM', 'BN', 'BO', 'BQ', 'BR', 'BS', 'BT', '...</msg>
<var>${list_country}</var>
<arg>AD</arg>
<arg>AE</arg>
<arg>AF</arg>
<arg>AG</arg>
<arg>AI</arg>
<arg>AL</arg>
<arg>AM</arg>
<arg>AO</arg>
<arg>AQ</arg>
<arg>AR</arg>
<arg>AS</arg>
<arg>AT</arg>
<arg>AU</arg>
<arg>AW</arg>
<arg>AX</arg>
<arg>AZ</arg>
<arg>BA</arg>
<arg>BB</arg>
<arg>BD</arg>
<arg>BE</arg>
<arg>BF</arg>
<arg>BG</arg>
<arg>BH</arg>
<arg>BI</arg>
<arg>BJ</arg>
<arg>BL</arg>
<arg>BM</arg>
<arg>BN</arg>
<arg>BO</arg>
<arg>BQ</arg>
<arg>BR</arg>
<arg>BS</arg>
<arg>BT</arg>
<arg>BV</arg>
<arg>BW</arg>
<arg>BY</arg>
<arg>BZ</arg>
<arg>CA</arg>
<arg>CC</arg>
<arg>CD</arg>
<arg>CF</arg>
<arg>CG</arg>
<arg>CH</arg>
<arg>CI</arg>
<arg>CK</arg>
<arg>CL</arg>
<arg>CM</arg>
<arg>CN</arg>
<arg>CO</arg>
<arg>CR</arg>
<arg>CU</arg>
<arg>CV</arg>
<arg>CW</arg>
<arg>CX</arg>
<arg>CY</arg>
<arg>CZ</arg>
<arg>DE</arg>
<arg>DJ</arg>
<arg>DK</arg>
<arg>DM</arg>
<arg>DO</arg>
<arg>DZ</arg>
<arg>EC</arg>
<arg>EE</arg>
<arg>EG</arg>
<arg>EH</arg>
<arg>ER</arg>
<arg>ES</arg>
<arg>ET</arg>
<arg>FI</arg>
<arg>FJ</arg>
<arg>FK</arg>
<arg>FM</arg>
<arg>FO</arg>
<arg>FR</arg>
<arg>GA</arg>
<arg>GB</arg>
<arg>GD</arg>
<arg>GE</arg>
<arg>GF</arg>
<arg>GG</arg>
<arg>GH</arg>
<arg>GI</arg>
<arg>GL</arg>
<arg>GM</arg>
<arg>GN</arg>
<arg>GP</arg>
<arg>GQ</arg>
<arg>GR</arg>
<arg>GS</arg>
<arg>GT</arg>
<arg>GU</arg>
<arg>GW</arg>
<arg>GY</arg>
<arg>HK</arg>
<arg>HM</arg>
<arg>HN</arg>
<arg>HR</arg>
<arg>HT</arg>
<arg>HU</arg>
<arg>ID</arg>
<arg>IE</arg>
<arg>IL</arg>
<arg>IM</arg>
<arg>IN</arg>
<arg>IO</arg>
<arg>IQ</arg>
<arg>IR</arg>
<arg>IS</arg>
<arg>IT</arg>
<arg>JE</arg>
<arg>JM</arg>
<arg>JO</arg>
<arg>JP</arg>
<arg>KE</arg>
<arg>KG</arg>
<arg>KH</arg>
<arg>KI</arg>
<arg>KM</arg>
<arg>KN</arg>
<arg>KP</arg>
<arg>KR</arg>
<arg>KW</arg>
<arg>KY</arg>
<arg>KZ</arg>
<arg>LA</arg>
<arg>LB</arg>
<arg>LC</arg>
<arg>LI</arg>
<arg>LK</arg>
<arg>LR</arg>
<arg>LS</arg>
<arg>LT</arg>
<arg>LU</arg>
<arg>LV</arg>
<arg>LY</arg>
<arg>MA</arg>
<arg>MC</arg>
<arg>MD</arg>
<arg>ME</arg>
<arg>MF</arg>
<arg>MG</arg>
<arg>MH</arg>
<arg>MK</arg>
<arg>ML</arg>
<arg>MM</arg>
<arg>MN</arg>
<arg>MO</arg>
<arg>MP</arg>
<arg>MQ</arg>
<arg>MR</arg>
<arg>MS</arg>
<arg>MT</arg>
<arg>MU</arg>
<arg>MV</arg>
<arg>MW</arg>
<arg>MX</arg>
<arg>MY</arg>
<arg>MZ</arg>
<arg>NA</arg>
<arg>NC</arg>
<arg>NE</arg>
<arg>NF</arg>
<arg>NG</arg>
<arg>NI</arg>
<arg>NL</arg>
<arg>NO</arg>
<arg>NP</arg>
<arg>NR</arg>
<arg>NU</arg>
<arg>NZ</arg>
<arg>OM</arg>
<arg>PA</arg>
<arg>PE</arg>
<arg>PF</arg>
<arg>PG</arg>
<arg>PH</arg>
<arg>PK</arg>
<arg>PL</arg>
<arg>PM</arg>
<arg>PN</arg>
<arg>PR</arg>
<arg>PS</arg>
<arg>PT</arg>
<arg>PW</arg>
<arg>PY</arg>
<arg>QA</arg>
<arg>RE</arg>
<arg>RO</arg>
<arg>RS</arg>
<arg>RU</arg>
<arg>RW</arg>
<arg>SA</arg>
<arg>SB</arg>
<arg>SC</arg>
<arg>SD</arg>
<arg>SE</arg>
<arg>SG</arg>
<arg>SH</arg>
<arg>SI</arg>
<arg>SJ</arg>
<arg>SK</arg>
<arg>SL</arg>
<arg>SM</arg>
<arg>SN</arg>
<arg>SO</arg>
<arg>SR</arg>
<arg>SS</arg>
<arg>ST</arg>
<arg>SV</arg>
<arg>SX</arg>
<arg>SY</arg>
<arg>SZ</arg>
<arg>TC</arg>
<arg>TD</arg>
<arg>TF</arg>
<arg>TG</arg>
<arg>TH</arg>
<arg>TJ</arg>
<arg>TK</arg>
<arg>TL</arg>
<arg>TM</arg>
<arg>TN</arg>
<arg>TO</arg>
<arg>TR</arg>
<arg>TT</arg>
<arg>TV</arg>
<arg>TW</arg>
<arg>TZ</arg>
<arg>UA</arg>
<arg>UG</arg>
<arg>UM</arg>
<arg>US</arg>
<arg>UY</arg>
<arg>UZ</arg>
<arg>VA</arg>
<arg>VC</arg>
<arg>VE</arg>
<arg>VG</arg>
<arg>VI</arg>
<arg>VN</arg>
<arg>VU</arg>
<arg>WF</arg>
<arg>WS</arg>
<arg>XK</arg>
<arg>YE</arg>
<arg>YT</arg>
<arg>ZA</arg>
<arg>ZM</arg>
<arg>ZW</arg>
<doc>Returns a list containing given items.</doc>
<status status="PASS" start="2024-04-07T19:10:53.254770" elapsed="0.000619"/>
</kw>
<kw name="List Should Contain Value" owner="Collections">
<msg time="2024-04-07T19:10:53.256511" level="INFO">False</msg>
<arg>${list_country}</arg>
<arg>${name_country}</arg>
<doc>Fails if the ``value`` is not found from ``list``.</doc>
<status status="PASS" start="2024-04-07T19:10:53.256309" elapsed="0.000240"/>
</kw>
<kw name="Run Keyword If" owner="BuiltIn">
<kw name="Should Be True" owner="BuiltIn">
<arg>${True}</arg>
<doc>Fails if the given condition is not true.</doc>
<status status="PASS" start="2024-04-07T19:10:53.257676" elapsed="0.000147"/>
</kw>
<arg>${json_data["results"][0]["location"]["coordinates"]["latitude"]} &gt;= -90 and ${json_data["results"][0]["location"]["coordinates"]["latitude"]} &lt;= 90</arg>
<arg>Should Be True</arg>
<arg>${True}</arg>
<doc>Runs the given keyword with the given arguments, if ``condition`` is true.</doc>
<status status="PASS" start="2024-04-07T19:10:53.256904" elapsed="0.001051"/>
</kw>
<kw name="Run Keyword If" owner="BuiltIn">
<kw name="Should Be True" owner="BuiltIn">
<arg>${True}</arg>
<doc>Fails if the given condition is not true.</doc>
<status status="PASS" start="2024-04-07T19:10:53.258835" elapsed="0.000140"/>
</kw>
<arg>${json_data["results"][0]["location"]["coordinates"]["longitude"]} &gt;= -180 and ${json_data["results"][0]["location"]["coordinates"]["longitude"]} &lt;= 180</arg>
<arg>Should Be True</arg>
<arg>${True}</arg>
<doc>Runs the given keyword with the given arguments, if ``condition`` is true.</doc>
<status status="PASS" start="2024-04-07T19:10:53.258140" elapsed="0.000966"/>
</kw>
<status status="PASS" start="2024-04-07T19:10:53.139328" elapsed="0.119918"/>
</kw>
<doc>Testa o conteúdo específico dos campos retornados pela API.</doc>
<tag>testeConteudo</tag>
<status status="PASS" start="2024-04-07T19:10:53.138862" elapsed="0.120543"/>
</test>
<status status="PASS" start="2024-04-07T19:10:52.433771" elapsed="0.827644"/>
</suite>
<status status="PASS" start="2024-04-07T19:10:52.420042" elapsed="0.846705"/>
</suite>
<statistics>
<total>
<stat pass="5" fail="0" skip="0">All Tests</stat>
</total>
<tag>
<stat pass="1" fail="0" skip="0">testeConteudo</stat>
<stat pass="1" fail="0" skip="0">testeEstruturaResposta</stat>
<stat pass="1" fail="0" skip="0">testeRequisicaoBasica</stat>
<stat pass="1" fail="0" skip="0">testeTiposDados</stat>
</tag>
<suite>
<stat pass="5" fail="0" skip="0" id="s1" name="Tests">Tests</stat>
<stat pass="5" fail="0" skip="0" id="s1-s1" name="Random-User-Test">Tests.Random-User-Test</stat>
</suite>
</statistics>
<errors>
</errors>
</robot>
