<?xml version="1.0" encoding="UTF-8"?>
<robot generator="Robot 7.0.1 (Python 3.12.4 on linux)" generated="2024-07-25T19:12:57.610690" rpa="false" schemaversion="5">
<suite id="s1" name="Tests" source="/home/runner/work/ApiRandomUser/ApiRandomUser/RamdonUser/tests">
<suite id="s1-s1" name="Random-User-Test" source="/home/runner/work/ApiRandomUser/ApiRandomUser/RamdonUser/tests/random-user-test.robot">
<test id="s1-s1-t1" name="Conectar" line="13">
<kw name="Conectar API" owner="random-user-service">
<kw name="Create Session" owner="RequestsLibrary">
<msg time="2024-07-25T19:12:58.005339" level="INFO">Creating Session using : alias=consultarAPI, url=https://randomuser.me/, headers={},                     cookies={}, auth=None, timeout=None, proxies=None, verify=False,                     debug=0 </msg>
<arg>consultarAPI</arg>
<arg>${URL}</arg>
<doc>Create Session: create a HTTP session to a server</doc>
<status status="PASS" start="2024-07-25T19:12:58.005137" elapsed="0.000414"/>
</kw>
<status status="PASS" start="2024-07-25T19:12:58.004094" elapsed="0.001829"/>
</kw>
<status status="PASS" start="2024-07-25T19:12:58.003537" elapsed="0.002587"/>
</test>
<test id="s1-s1-t2" name="Validar retorno 200 e JSON Válido" line="16">
<kw name="Teste de Requisicao Basica" owner="random-user-service">
<kw name="GET On Session" owner="RequestsLibrary">
<msg time="2024-07-25T19:12:58.157785" level="INFO">GET Request : url=https://randomuser.me/api 
 path_url=/api 
 headers={'User-Agent': 'python-requests/2.32.3', 'Accept-Encoding': 'gzip, deflate', 'Accept': '*/*', 'Connection': 'keep-alive'} 
 body=None 
 </msg>
<msg time="2024-07-25T19:12:58.157951" level="INFO">GET Response : url=https://randomuser.me/api 
 status=200, reason=OK 
 headers={'Date': 'Thu, 25 Jul 2024 19:12:58 GMT', 'Content-Type': 'application/json; charset=utf-8', 'Transfer-Encoding': 'chunked', 'Connection': 'keep-alive', 'X-Powered-By': 'Express', 'Access-Control-Allow-Origin': '*', 'Cache-Control': 'no-cache', 'ETag': 'W/"48f-BbY+KFUQ2dYt/zBNDD3DiIbCC5o"', 'Vary': 'Accept-Encoding', 'Content-Encoding': 'gzip', 'CF-Cache-Status': 'DYNAMIC', 'Report-To': '{"endpoints":[{"url":"https:\\/\\/a.nel.cloudflare.com\\/report\\/v4?s=iHx2nC4bRtneNAWgBOQ5gTA2HYyXk02gmkzOLZBo37tdiZ6kpvO14bnF0RgaTsoaI5DZyBP0ZgXdWveH%2BvrSe%2BRFdl3oRE7U2miV6Rv9MbHZbMiIbcrDi2e1vOGa4M6d"}],"group":"cf-nel","max_age":604800}', 'NEL': '{"success_fraction":0,"report_to":"cf-nel","max_age":604800}', 'Server': 'cloudflare', 'CF-RAY': '8a8e76eab91d182a-SJC', 'alt-svc': 'h3=":443"; ma=86400'} 
 body={"results":[{"gender":"female","name":{"title":"Ms","first":"Ella","last":"Clarke"},"location":{"street":{"number":7753,"name":"Tennyson Street"},"city":"Tauranga","state":"Otago","country":"New Zealand","postcode":76751,"coordinates":{"latitude":"54.6247","longitude":"12.1818"},"timezone":{"offset":"-6:00","description":"Central Time (US &amp; Canada), Mexico City"}},"email":"ella.clarke@example.com","login":{"uuid":"31a3cdc9-b4fc-4699-a74f-f14410664fce","username":"yellowzebra189","password":"common","salt":"q8WzJJiD","md5":"eaa3723dbcf6f1dcd806f32af33b08b3","sha1":"017ad3dd3f3260e0f4812542f6f0a341bd5aa63c","sha256":"10f42f3d58fe3532272ca0540b28ca84b1bc3db250fb811b1bddd2b848527e3b"},"dob":{"date":"1961-10-03T19:21:23.812Z","age":62},"registered":{"date":"2007-06-25T12:27:02.334Z","age":17},"phone":"(044)-397-8514","cell":"(314)-365-4118","id":{"name":"","value":null},"picture":{"large":"https://randomuser.me/api/portraits/women/10.jpg","medium":"https://randomuser.me/api/portraits/med/women/10.jpg","thumbnail":"https://randomuser.me/api/portraits/thumb/women/10.jpg"},"nat":"NZ"}],"info":{"seed":"40cf3d0b72b63c34","results":1,"page":1,"version":"1.4"}} 
 </msg>
<msg time="2024-07-25T19:12:58.158048" level="INFO">/opt/hostedtoolcache/Python/3.12.4/x64/lib/python3.12/site-packages/urllib3/connectionpool.py:1099: InsecureRequestWarning: Unverified HTTPS request is being made to host 'randomuser.me'. Adding certificate verification is strongly advised. See: https://urllib3.readthedocs.io/en/latest/advanced-usage.html#tls-warnings
  warnings.warn(</msg>
<msg time="2024-07-25T19:12:58.158230" level="INFO">${response} = &lt;Response [200]&gt;</msg>
<var>${response}</var>
<arg>consultarAPI</arg>
<arg>/api</arg>
<doc>Sends a GET request on a previously created HTTP Session.</doc>
<status status="PASS" start="2024-07-25T19:12:58.008737" elapsed="0.149535"/>
</kw>
<kw name="Should Be Equal As Numbers" owner="BuiltIn">
<msg time="2024-07-25T19:12:58.159176" level="INFO">Argument types are:
&lt;class 'int'&gt;
&lt;class 'str'&gt;</msg>
<arg>${response.status_code}</arg>
<arg>200</arg>
<doc>Fails if objects are unequal after converting them to real numbers.</doc>
<status status="PASS" start="2024-07-25T19:12:58.158727" elapsed="0.000513"/>
</kw>
<kw name="Log" owner="BuiltIn">
<msg time="2024-07-25T19:12:58.159937" level="INFO">200</msg>
<arg>${response.status_code}</arg>
<doc>Logs the given message with the given level.</doc>
<status status="PASS" start="2024-07-25T19:12:58.159573" elapsed="0.000407"/>
</kw>
<kw name="Set Variable" owner="BuiltIn">
<msg time="2024-07-25T19:12:58.160729" level="INFO">${json_data} = {'results': [{'gender': 'female', 'name': {'title': 'Ms', 'first': 'Ella', 'last': 'Clarke'}, 'location': {'street': {'number': 7753, 'name': 'Tennyson Street'}, 'city': 'Tauranga', 'state': 'Otago', ...</msg>
<var>${json_data}</var>
<arg>${response.json()}</arg>
<doc>Returns the given values which can then be assigned to a variables.</doc>
<status status="PASS" start="2024-07-25T19:12:58.160290" elapsed="0.000467"/>
</kw>
<kw name="Dictionary Should Contain Key" owner="Collections">
<arg>${json_data}</arg>
<arg>results</arg>
<doc>Fails if ``key`` is not found from ``dictionary``.</doc>
<status status="PASS" start="2024-07-25T19:12:58.161068" elapsed="0.000318"/>
</kw>
<status status="PASS" start="2024-07-25T19:12:58.008484" elapsed="0.153083"/>
</kw>
<doc>Testa se a API responde corretamente e retorna um objeto JSON válido.</doc>
<tag>testeRequisicaoBasica</tag>
<status status="PASS" start="2024-07-25T19:12:58.008020" elapsed="0.153732"/>
</test>
<test id="s1-s1-t3" name="Validar estrutura de resposta" line="22">
<kw name="Teste de Estrutura de Resposta" owner="random-user-service">
<kw name="GET On Session" owner="RequestsLibrary">
<msg time="2024-07-25T19:12:58.267769" level="INFO">GET Request : url=https://randomuser.me/api 
 path_url=/api 
 headers={'User-Agent': 'python-requests/2.32.3', 'Accept-Encoding': 'gzip, deflate', 'Accept': '*/*', 'Connection': 'keep-alive'} 
 body=None 
 </msg>
<msg time="2024-07-25T19:12:58.267860" level="INFO">GET Response : url=https://randomuser.me/api 
 status=200, reason=OK 
 headers={'Date': 'Thu, 25 Jul 2024 19:12:58 GMT', 'Content-Type': 'application/json; charset=utf-8', 'Transfer-Encoding': 'chunked', 'Connection': 'keep-alive', 'X-Powered-By': 'Express', 'Access-Control-Allow-Origin': '*', 'Cache-Control': 'no-cache', 'ETag': 'W/"478-J06yOHA51AKMJiNERcRLTyu9vpI"', 'Vary': 'Accept-Encoding', 'Content-Encoding': 'gzip', 'CF-Cache-Status': 'DYNAMIC', 'Report-To': '{"endpoints":[{"url":"https:\\/\\/a.nel.cloudflare.com\\/report\\/v4?s=DJdO1YTsdvo5j9OC9Ekedy77%2BuppmIZ6BqPLf5WLXd6bfz%2F%2FRf2%2BUO0%2B172HfNxsiwV6HcLNI7dz%2BnIqQDJxzw95naEycczZkshDVNOpxyRIwIJ6dB2i6hMCDQSRiqs9"}],"group":"cf-nel","max_age":604800}', 'NEL': '{"success_fraction":0,"report_to":"cf-nel","max_age":604800}', 'Server': 'cloudflare', 'CF-RAY': '8a8e76eb89d5182a-SJC', 'alt-svc': 'h3=":443"; ma=86400'} 
 body={"results":[{"gender":"male","name":{"title":"Mr","first":"Dale","last":"Lambert"},"location":{"street":{"number":5513,"name":"Rookery Road"},"city":"Blessington","state":"South Dublin","country":"Ireland","postcode":12930,"coordinates":{"latitude":"-1.4401","longitude":"-58.7957"},"timezone":{"offset":"+9:30","description":"Adelaide, Darwin"}},"email":"dale.lambert@example.com","login":{"uuid":"38e8b1d0-fe84-4aea-8ec4-1711d85356b8","username":"smallelephant159","password":"toni","salt":"96GtO3Nr","md5":"86114163f832ce81ec7a76234f8577ef","sha1":"ce82d662bdd166154c51010701667e9d386adfbe","sha256":"adb6b3eb671ec10dfda46a13d712103e53b6e56fadf3c2e61b1fd0d82bce6821"},"dob":{"date":"1969-07-02T12:45:13.212Z","age":55},"registered":{"date":"2004-08-18T13:58:27.667Z","age":19},"phone":"061-532-3465","cell":"081-454-7694","id":{"name":"PPS","value":"0669404T"},"picture":{"large":"https://randomuser.me/api/portraits/men/9.jpg","medium":"https://randomuser.me/api/portraits/med/men/9.jpg","thumbnail":"https://randomuser.me/api/portraits/thumb/men/9.jpg"},"nat":"IE"}],"info":{"seed":"4746f4dc6aafd8fb","results":1,"page":1,"version":"1.4"}} 
 </msg>
<msg time="2024-07-25T19:12:58.267989" level="INFO">/opt/hostedtoolcache/Python/3.12.4/x64/lib/python3.12/site-packages/urllib3/connectionpool.py:1099: InsecureRequestWarning: Unverified HTTPS request is being made to host 'randomuser.me'. Adding certificate verification is strongly advised. See: https://urllib3.readthedocs.io/en/latest/advanced-usage.html#tls-warnings
  warnings.warn(</msg>
<msg time="2024-07-25T19:12:58.268146" level="INFO">${response} = &lt;Response [200]&gt;</msg>
<var>${response}</var>
<arg>consultarAPI</arg>
<arg>/api</arg>
<doc>Sends a GET request on a previously created HTTP Session.</doc>
<status status="PASS" start="2024-07-25T19:12:58.164403" elapsed="0.103802"/>
</kw>
<kw name="Set Variable" owner="BuiltIn">
<msg time="2024-07-25T19:12:58.269117" level="INFO">${json_data} = {'results': [{'gender': 'male', 'name': {'title': 'Mr', 'first': 'Dale', 'last': 'Lambert'}, 'location': {'street': {'number': 5513, 'name': 'Rookery Road'}, 'city': 'Blessington', 'state': 'South Dub...</msg>
<var>${json_data}</var>
<arg>${response.json()}</arg>
<doc>Returns the given values which can then be assigned to a variables.</doc>
<status status="PASS" start="2024-07-25T19:12:58.268650" elapsed="0.000495"/>
</kw>
<kw name="Log" owner="BuiltIn">
<msg time="2024-07-25T19:12:58.269668" level="INFO">{'results': [{'gender': 'male', 'name': {'title': 'Mr', 'first': 'Dale', 'last': 'Lambert'}, 'location': {'street': {'number': 5513, 'name': 'Rookery Road'}, 'city': 'Blessington', 'state': 'South Dublin', 'country': 'Ireland', 'postcode': 12930, 'coordinates': {'latitude': '-1.4401', 'longitude': '-58.7957'}, 'timezone': {'offset': '+9:30', 'description': 'Adelaide, Darwin'}}, 'email': 'dale.lambert@example.com', 'login': {'uuid': '38e8b1d0-fe84-4aea-8ec4-1711d85356b8', 'username': 'smallelephant159', 'password': 'toni', 'salt': '96GtO3Nr', 'md5': '86114163f832ce81ec7a76234f8577ef', 'sha1': 'ce82d662bdd166154c51010701667e9d386adfbe', 'sha256': 'adb6b3eb671ec10dfda46a13d712103e53b6e56fadf3c2e61b1fd0d82bce6821'}, 'dob': {'date': '1969-07-02T12:45:13.212Z', 'age': 55}, 'registered': {'date': '2004-08-18T13:58:27.667Z', 'age': 19}, 'phone': '061-532-3465', 'cell': '081-454-7694', 'id': {'name': 'PPS', 'value': '0669404T'}, 'picture': {'large': 'https://randomuser.me/api/portraits/men/9.jpg', 'medium': 'https://randomuser.me/api/portraits/med/men/9.jpg', 'thumbnail': 'https://randomuser.me/api/portraits/thumb/men/9.jpg'}, 'nat': 'IE'}], 'info': {'seed': '4746f4dc6aafd8fb', 'results': 1, 'page': 1, 'version': '1.4'}}</msg>
<arg>${json_data}</arg>
<doc>Logs the given message with the given level.</doc>
<status status="PASS" start="2024-07-25T19:12:58.269467" elapsed="0.000250"/>
</kw>
<kw name="Dictionary Should Contain Key" owner="Collections">
<arg>${json_data}</arg>
<arg>results</arg>
<doc>Fails if ``key`` is not found from ``dictionary``.</doc>
<status status="PASS" start="2024-07-25T19:12:58.270018" elapsed="0.000166"/>
</kw>
<kw name="Should Not Be Empty" owner="BuiltIn">
<msg time="2024-07-25T19:12:58.270512" level="INFO">Length is 2.</msg>
<arg>${json_data}</arg>
<doc>Verifies that the given item is not empty.</doc>
<status status="PASS" start="2024-07-25T19:12:58.270376" elapsed="0.000175"/>
</kw>
<kw name="Create List" owner="BuiltIn">
<msg time="2024-07-25T19:12:58.270997" level="INFO">${expected_keys} = ['gender', 'name', 'location', 'email', 'login']</msg>
<var>${expected_keys}</var>
<arg>gender</arg>
<arg>name</arg>
<arg>location</arg>
<arg>email</arg>
<arg>login</arg>
<doc>Returns a list containing given items.</doc>
<status status="PASS" start="2024-07-25T19:12:58.270842" elapsed="0.000179"/>
</kw>
<for flavor="IN">
<iter>
<kw name="Dictionary Should Contain Key" owner="Collections">
<arg>${json_data['results'][0]}</arg>
<arg>${key}</arg>
<doc>Fails if ``key`` is not found from ``dictionary``.</doc>
<status status="PASS" start="2024-07-25T19:12:58.271596" elapsed="0.000409"/>
</kw>
<kw name="Log" owner="BuiltIn">
<msg time="2024-07-25T19:12:58.272558" level="INFO">{'gender': 'male', 'name': {'title': 'Mr', 'first': 'Dale', 'last': 'Lambert'}, 'location': {'street': {'number': 5513, 'name': 'Rookery Road'}, 'city': 'Blessington', 'state': 'South Dublin', 'country': 'Ireland', 'postcode': 12930, 'coordinates': {'latitude': '-1.4401', 'longitude': '-58.7957'}, 'timezone': {'offset': '+9:30', 'description': 'Adelaide, Darwin'}}, 'email': 'dale.lambert@example.com', 'login': {'uuid': '38e8b1d0-fe84-4aea-8ec4-1711d85356b8', 'username': 'smallelephant159', 'password': 'toni', 'salt': '96GtO3Nr', 'md5': '86114163f832ce81ec7a76234f8577ef', 'sha1': 'ce82d662bdd166154c51010701667e9d386adfbe', 'sha256': 'adb6b3eb671ec10dfda46a13d712103e53b6e56fadf3c2e61b1fd0d82bce6821'}, 'dob': {'date': '1969-07-02T12:45:13.212Z', 'age': 55}, 'registered': {'date': '2004-08-18T13:58:27.667Z', 'age': 19}, 'phone': '061-532-3465', 'cell': '081-454-7694', 'id': {'name': 'PPS', 'value': '0669404T'}, 'picture': {'large': 'https://randomuser.me/api/portraits/men/9.jpg', 'medium': 'https://randomuser.me/api/portraits/med/men/9.jpg', 'thumbnail': 'https://randomuser.me/api/portraits/thumb/men/9.jpg'}, 'nat': 'IE'}</msg>
<arg>${json_data['results'][0]}</arg>
<doc>Logs the given message with the given level.</doc>
<status status="PASS" start="2024-07-25T19:12:58.272192" elapsed="0.000414"/>
</kw>
<kw name="Log" owner="BuiltIn">
<msg time="2024-07-25T19:12:58.273040" level="INFO">gender</msg>
<arg>${key}</arg>
<doc>Logs the given message with the given level.</doc>
<status status="PASS" start="2024-07-25T19:12:58.272909" elapsed="0.000169"/>
</kw>
<var name="${key}">gender</var>
<status status="PASS" start="2024-07-25T19:12:58.271469" elapsed="0.001830"/>
</iter>
<iter>
<kw name="Dictionary Should Contain Key" owner="Collections">
<arg>${json_data['results'][0]}</arg>
<arg>${key}</arg>
<doc>Fails if ``key`` is not found from ``dictionary``.</doc>
<status status="PASS" start="2024-07-25T19:12:58.273628" elapsed="0.000400"/>
</kw>
<kw name="Log" owner="BuiltIn">
<msg time="2024-07-25T19:12:58.274570" level="INFO">{'gender': 'male', 'name': {'title': 'Mr', 'first': 'Dale', 'last': 'Lambert'}, 'location': {'street': {'number': 5513, 'name': 'Rookery Road'}, 'city': 'Blessington', 'state': 'South Dublin', 'country': 'Ireland', 'postcode': 12930, 'coordinates': {'latitude': '-1.4401', 'longitude': '-58.7957'}, 'timezone': {'offset': '+9:30', 'description': 'Adelaide, Darwin'}}, 'email': 'dale.lambert@example.com', 'login': {'uuid': '38e8b1d0-fe84-4aea-8ec4-1711d85356b8', 'username': 'smallelephant159', 'password': 'toni', 'salt': '96GtO3Nr', 'md5': '86114163f832ce81ec7a76234f8577ef', 'sha1': 'ce82d662bdd166154c51010701667e9d386adfbe', 'sha256': 'adb6b3eb671ec10dfda46a13d712103e53b6e56fadf3c2e61b1fd0d82bce6821'}, 'dob': {'date': '1969-07-02T12:45:13.212Z', 'age': 55}, 'registered': {'date': '2004-08-18T13:58:27.667Z', 'age': 19}, 'phone': '061-532-3465', 'cell': '081-454-7694', 'id': {'name': 'PPS', 'value': '0669404T'}, 'picture': {'large': 'https://randomuser.me/api/portraits/men/9.jpg', 'medium': 'https://randomuser.me/api/portraits/med/men/9.jpg', 'thumbnail': 'https://randomuser.me/api/portraits/thumb/men/9.jpg'}, 'nat': 'IE'}</msg>
<arg>${json_data['results'][0]}</arg>
<doc>Logs the given message with the given level.</doc>
<status status="PASS" start="2024-07-25T19:12:58.274212" elapsed="0.000440"/>
</kw>
<kw name="Log" owner="BuiltIn">
<msg time="2024-07-25T19:12:58.275079" level="INFO">name</msg>
<arg>${key}</arg>
<doc>Logs the given message with the given level.</doc>
<status status="PASS" start="2024-07-25T19:12:58.274950" elapsed="0.000167"/>
</kw>
<var name="${key}">name</var>
<status status="PASS" start="2024-07-25T19:12:58.273484" elapsed="0.001858"/>
</iter>
<iter>
<kw name="Dictionary Should Contain Key" owner="Collections">
<arg>${json_data['results'][0]}</arg>
<arg>${key}</arg>
<doc>Fails if ``key`` is not found from ``dictionary``.</doc>
<status status="PASS" start="2024-07-25T19:12:58.275637" elapsed="0.000385"/>
</kw>
<kw name="Log" owner="BuiltIn">
<msg time="2024-07-25T19:12:58.276566" level="INFO">{'gender': 'male', 'name': {'title': 'Mr', 'first': 'Dale', 'last': 'Lambert'}, 'location': {'street': {'number': 5513, 'name': 'Rookery Road'}, 'city': 'Blessington', 'state': 'South Dublin', 'country': 'Ireland', 'postcode': 12930, 'coordinates': {'latitude': '-1.4401', 'longitude': '-58.7957'}, 'timezone': {'offset': '+9:30', 'description': 'Adelaide, Darwin'}}, 'email': 'dale.lambert@example.com', 'login': {'uuid': '38e8b1d0-fe84-4aea-8ec4-1711d85356b8', 'username': 'smallelephant159', 'password': 'toni', 'salt': '96GtO3Nr', 'md5': '86114163f832ce81ec7a76234f8577ef', 'sha1': 'ce82d662bdd166154c51010701667e9d386adfbe', 'sha256': 'adb6b3eb671ec10dfda46a13d712103e53b6e56fadf3c2e61b1fd0d82bce6821'}, 'dob': {'date': '1969-07-02T12:45:13.212Z', 'age': 55}, 'registered': {'date': '2004-08-18T13:58:27.667Z', 'age': 19}, 'phone': '061-532-3465', 'cell': '081-454-7694', 'id': {'name': 'PPS', 'value': '0669404T'}, 'picture': {'large': 'https://randomuser.me/api/portraits/men/9.jpg', 'medium': 'https://randomuser.me/api/portraits/med/men/9.jpg', 'thumbnail': 'https://randomuser.me/api/portraits/thumb/men/9.jpg'}, 'nat': 'IE'}</msg>
<arg>${json_data['results'][0]}</arg>
<doc>Logs the given message with the given level.</doc>
<status status="PASS" start="2024-07-25T19:12:58.276209" elapsed="0.000412"/>
</kw>
<kw name="Log" owner="BuiltIn">
<msg time="2024-07-25T19:12:58.277038" level="INFO">location</msg>
<arg>${key}</arg>
<doc>Logs the given message with the given level.</doc>
<status status="PASS" start="2024-07-25T19:12:58.276911" elapsed="0.000164"/>
</kw>
<var name="${key}">location</var>
<status status="PASS" start="2024-07-25T19:12:58.275521" elapsed="0.001775"/>
</iter>
<iter>
<kw name="Dictionary Should Contain Key" owner="Collections">
<arg>${json_data['results'][0]}</arg>
<arg>${key}</arg>
<doc>Fails if ``key`` is not found from ``dictionary``.</doc>
<status status="PASS" start="2024-07-25T19:12:58.277611" elapsed="0.000389"/>
</kw>
<kw name="Log" owner="BuiltIn">
<msg time="2024-07-25T19:12:58.278647" level="INFO">{'gender': 'male', 'name': {'title': 'Mr', 'first': 'Dale', 'last': 'Lambert'}, 'location': {'street': {'number': 5513, 'name': 'Rookery Road'}, 'city': 'Blessington', 'state': 'South Dublin', 'country': 'Ireland', 'postcode': 12930, 'coordinates': {'latitude': '-1.4401', 'longitude': '-58.7957'}, 'timezone': {'offset': '+9:30', 'description': 'Adelaide, Darwin'}}, 'email': 'dale.lambert@example.com', 'login': {'uuid': '38e8b1d0-fe84-4aea-8ec4-1711d85356b8', 'username': 'smallelephant159', 'password': 'toni', 'salt': '96GtO3Nr', 'md5': '86114163f832ce81ec7a76234f8577ef', 'sha1': 'ce82d662bdd166154c51010701667e9d386adfbe', 'sha256': 'adb6b3eb671ec10dfda46a13d712103e53b6e56fadf3c2e61b1fd0d82bce6821'}, 'dob': {'date': '1969-07-02T12:45:13.212Z', 'age': 55}, 'registered': {'date': '2004-08-18T13:58:27.667Z', 'age': 19}, 'phone': '061-532-3465', 'cell': '081-454-7694', 'id': {'name': 'PPS', 'value': '0669404T'}, 'picture': {'large': 'https://randomuser.me/api/portraits/men/9.jpg', 'medium': 'https://randomuser.me/api/portraits/med/men/9.jpg', 'thumbnail': 'https://randomuser.me/api/portraits/thumb/men/9.jpg'}, 'nat': 'IE'}</msg>
<arg>${json_data['results'][0]}</arg>
<doc>Logs the given message with the given level.</doc>
<status status="PASS" start="2024-07-25T19:12:58.278296" elapsed="0.000400"/>
</kw>
<kw name="Log" owner="BuiltIn">
<msg time="2024-07-25T19:12:58.279121" level="INFO">email</msg>
<arg>${key}</arg>
<doc>Logs the given message with the given level.</doc>
<status status="PASS" start="2024-07-25T19:12:58.278992" elapsed="0.000167"/>
</kw>
<var name="${key}">email</var>
<status status="PASS" start="2024-07-25T19:12:58.277476" elapsed="0.001902"/>
</iter>
<iter>
<kw name="Dictionary Should Contain Key" owner="Collections">
<arg>${json_data['results'][0]}</arg>
<arg>${key}</arg>
<doc>Fails if ``key`` is not found from ``dictionary``.</doc>
<status status="PASS" start="2024-07-25T19:12:58.279693" elapsed="0.000374"/>
</kw>
<kw name="Log" owner="BuiltIn">
<msg time="2024-07-25T19:12:58.280605" level="INFO">{'gender': 'male', 'name': {'title': 'Mr', 'first': 'Dale', 'last': 'Lambert'}, 'location': {'street': {'number': 5513, 'name': 'Rookery Road'}, 'city': 'Blessington', 'state': 'South Dublin', 'country': 'Ireland', 'postcode': 12930, 'coordinates': {'latitude': '-1.4401', 'longitude': '-58.7957'}, 'timezone': {'offset': '+9:30', 'description': 'Adelaide, Darwin'}}, 'email': 'dale.lambert@example.com', 'login': {'uuid': '38e8b1d0-fe84-4aea-8ec4-1711d85356b8', 'username': 'smallelephant159', 'password': 'toni', 'salt': '96GtO3Nr', 'md5': '86114163f832ce81ec7a76234f8577ef', 'sha1': 'ce82d662bdd166154c51010701667e9d386adfbe', 'sha256': 'adb6b3eb671ec10dfda46a13d712103e53b6e56fadf3c2e61b1fd0d82bce6821'}, 'dob': {'date': '1969-07-02T12:45:13.212Z', 'age': 55}, 'registered': {'date': '2004-08-18T13:58:27.667Z', 'age': 19}, 'phone': '061-532-3465', 'cell': '081-454-7694', 'id': {'name': 'PPS', 'value': '0669404T'}, 'picture': {'large': 'https://randomuser.me/api/portraits/men/9.jpg', 'medium': 'https://randomuser.me/api/portraits/med/men/9.jpg', 'thumbnail': 'https://randomuser.me/api/portraits/thumb/men/9.jpg'}, 'nat': 'IE'}</msg>
<arg>${json_data['results'][0]}</arg>
<doc>Logs the given message with the given level.</doc>
<status status="PASS" start="2024-07-25T19:12:58.280248" elapsed="0.000404"/>
</kw>
<kw name="Log" owner="BuiltIn">
<msg time="2024-07-25T19:12:58.281068" level="INFO">login</msg>
<arg>${key}</arg>
<doc>Logs the given message with the given level.</doc>
<status status="PASS" start="2024-07-25T19:12:58.280941" elapsed="0.000163"/>
</kw>
<var name="${key}">login</var>
<status status="PASS" start="2024-07-25T19:12:58.279584" elapsed="0.001736"/>
</iter>
<var>${key}</var>
<value>@{expected_keys}</value>
<status status="PASS" start="2024-07-25T19:12:58.271284" elapsed="0.010156"/>
</for>
<kw name="Create List" owner="BuiltIn">
<msg time="2024-07-25T19:12:58.281803" level="INFO">${expected_keysTwo} = ['username', 'password']</msg>
<var>${expected_keysTwo}</var>
<arg>username</arg>
<arg>password</arg>
<doc>Returns a list containing given items.</doc>
<status status="PASS" start="2024-07-25T19:12:58.281663" elapsed="0.000164"/>
</kw>
<for flavor="IN">
<iter>
<kw name="Dictionary Should Contain Key" owner="Collections">
<arg>${json_data['results'][0]['login']}</arg>
<arg>${keyTwo}</arg>
<doc>Fails if ``key`` is not found from ``dictionary``.</doc>
<status status="PASS" start="2024-07-25T19:12:58.282347" elapsed="0.000382"/>
</kw>
<kw name="Dictionary Should Contain Key" owner="Collections">
<arg>${json_data['results'][0]['login']}</arg>
<arg>${keyTwo}</arg>
<doc>Fails if ``key`` is not found from ``dictionary``.</doc>
<status status="PASS" start="2024-07-25T19:12:58.282910" elapsed="0.000370"/>
</kw>
<kw name="Log" owner="BuiltIn">
<msg time="2024-07-25T19:12:58.283576" level="INFO">username</msg>
<arg>${keyTwo}</arg>
<doc>Logs the given message with the given level.</doc>
<status status="PASS" start="2024-07-25T19:12:58.283458" elapsed="0.000154"/>
</kw>
<var name="${keyTwo}">username</var>
<status status="PASS" start="2024-07-25T19:12:58.282241" elapsed="0.001588"/>
</iter>
<iter>
<kw name="Dictionary Should Contain Key" owner="Collections">
<arg>${json_data['results'][0]['login']}</arg>
<arg>${keyTwo}</arg>
<doc>Fails if ``key`` is not found from ``dictionary``.</doc>
<status status="PASS" start="2024-07-25T19:12:58.284113" elapsed="0.000384"/>
</kw>
<kw name="Dictionary Should Contain Key" owner="Collections">
<arg>${json_data['results'][0]['login']}</arg>
<arg>${keyTwo}</arg>
<doc>Fails if ``key`` is not found from ``dictionary``.</doc>
<status status="PASS" start="2024-07-25T19:12:58.284675" elapsed="0.000365"/>
</kw>
<kw name="Log" owner="BuiltIn">
<msg time="2024-07-25T19:12:58.285341" level="INFO">password</msg>
<arg>${keyTwo}</arg>
<doc>Logs the given message with the given level.</doc>
<status status="PASS" start="2024-07-25T19:12:58.285216" elapsed="0.000162"/>
</kw>
<var name="${keyTwo}">password</var>
<status status="PASS" start="2024-07-25T19:12:58.284003" elapsed="0.001616"/>
</iter>
<var>${keyTwo}</var>
<value>@{expected_keysTwo}</value>
<status status="PASS" start="2024-07-25T19:12:58.282089" elapsed="0.003661"/>
</for>
<status status="PASS" start="2024-07-25T19:12:58.164163" elapsed="0.121734"/>
</kw>
<doc>Testa a estrutura da resposta da API.</doc>
<tag>testeEstruturaResposta</tag>
<status status="PASS" start="2024-07-25T19:12:58.163562" elapsed="0.122482"/>
</test>
<test id="s1-s1-t4" name="Validar tipos de dados" line="28">
<kw name="Teste de Tipos de Dados" owner="random-user-service">
<kw name="GET On Session" owner="RequestsLibrary">
<msg time="2024-07-25T19:12:58.400720" level="INFO">GET Request : url=https://randomuser.me/api 
 path_url=/api 
 headers={'User-Agent': 'python-requests/2.32.3', 'Accept-Encoding': 'gzip, deflate', 'Accept': '*/*', 'Connection': 'keep-alive'} 
 body=None 
 </msg>
<msg time="2024-07-25T19:12:58.400787" level="INFO">GET Response : url=https://randomuser.me/api 
 status=200, reason=OK 
 headers={'Date': 'Thu, 25 Jul 2024 19:12:58 GMT', 'Content-Type': 'application/json; charset=utf-8', 'Transfer-Encoding': 'chunked', 'Connection': 'keep-alive', 'X-Powered-By': 'Express', 'Access-Control-Allow-Origin': '*', 'Cache-Control': 'no-cache', 'ETag': 'W/"48c-TjDWDaTIY/1dN8eijqSvBHwqfG8"', 'Vary': 'Accept-Encoding', 'Content-Encoding': 'gzip', 'CF-Cache-Status': 'DYNAMIC', 'Report-To': '{"endpoints":[{"url":"https:\\/\\/a.nel.cloudflare.com\\/report\\/v4?s=xjc4izjr0SRveguyniGqedaBkV9qLGWGbjps7n%2B7ldtGWV4aJsyB%2BelXrj6qKFC2JdqbdyBtEXHQ%2BqLS16scqqBHwNKz1xwVQtTuSywpTSgCfCYKnOLzUTUIR4jwHBUn"}],"group":"cf-nel","max_age":604800}', 'NEL': '{"success_fraction":0,"report_to":"cf-nel","max_age":604800}', 'Server': 'cloudflare', 'CF-RAY': '8a8e76ec5ab4182a-SJC', 'alt-svc': 'h3=":443"; ma=86400'} 
 body={"results":[{"gender":"male","name":{"title":"Mr","first":"Samu","last":"Mantyla"},"location":{"street":{"number":568,"name":"Pyynikintie"},"city":"Marttila","state":"Central Ostrobothnia","country":"Finland","postcode":94144,"coordinates":{"latitude":"-24.3377","longitude":"-174.0201"},"timezone":{"offset":"-11:00","description":"Midway Island, Samoa"}},"email":"samu.mantyla@example.com","login":{"uuid":"d900a81e-1431-40be-8139-fa9d6f051e44","username":"brownmeercat960","password":"asia","salt":"hpphdR6U","md5":"1b70ed1a8c1a7f7a488bbf7157bb2f2e","sha1":"d4a192835eeda6958a848426d96e0d514cae20a6","sha256":"a4fc6b3dd67d106c3a7532e6f70bafd694ac1211c1323f7cef7894bb7737dd1a"},"dob":{"date":"1981-03-02T15:49:03.764Z","age":43},"registered":{"date":"2014-10-11T07:51:05.621Z","age":9},"phone":"05-903-082","cell":"042-498-72-56","id":{"name":"HETU","value":"NaNNA955undefined"},"picture":{"large":"https://randomuser.me/api/portraits/men/81.jpg","medium":"https://randomuser.me/api/portraits/med/men/81.jpg","thumbnail":"https://randomuser.me/api/portraits/thumb/men/81.jpg"},"nat":"FI"}],"info":{"seed":"f89552dcef4283a3","results":1,"page":1,"version":"1.4"}} 
 </msg>
<msg time="2024-07-25T19:12:58.400845" level="INFO">/opt/hostedtoolcache/Python/3.12.4/x64/lib/python3.12/site-packages/urllib3/connectionpool.py:1099: InsecureRequestWarning: Unverified HTTPS request is being made to host 'randomuser.me'. Adding certificate verification is strongly advised. See: https://urllib3.readthedocs.io/en/latest/advanced-usage.html#tls-warnings
  warnings.warn(</msg>
<msg time="2024-07-25T19:12:58.400932" level="INFO">${response} = &lt;Response [200]&gt;</msg>
<var>${response}</var>
<arg>consultarAPI</arg>
<arg>/api</arg>
<doc>Sends a GET request on a previously created HTTP Session.</doc>
<status status="PASS" start="2024-07-25T19:12:58.288524" elapsed="0.112451"/>
</kw>
<kw name="Set Variable" owner="BuiltIn">
<msg time="2024-07-25T19:12:58.401849" level="INFO">${json_data} = {'results': [{'gender': 'male', 'name': {'title': 'Mr', 'first': 'Samu', 'last': 'Mantyla'}, 'location': {'street': {'number': 568, 'name': 'Pyynikintie'}, 'city': 'Marttila', 'state': 'Central Ostrob...</msg>
<var>${json_data}</var>
<arg>${response.json()}</arg>
<doc>Returns the given values which can then be assigned to a variables.</doc>
<status status="PASS" start="2024-07-25T19:12:58.401356" elapsed="0.000521"/>
</kw>
<kw name="Log" owner="BuiltIn">
<msg time="2024-07-25T19:12:58.402336" level="INFO">{'results': [{'gender': 'male', 'name': {'title': 'Mr', 'first': 'Samu', 'last': 'Mantyla'}, 'location': {'street': {'number': 568, 'name': 'Pyynikintie'}, 'city': 'Marttila', 'state': 'Central Ostrobothnia', 'country': 'Finland', 'postcode': 94144, 'coordinates': {'latitude': '-24.3377', 'longitude': '-174.0201'}, 'timezone': {'offset': '-11:00', 'description': 'Midway Island, Samoa'}}, 'email': 'samu.mantyla@example.com', 'login': {'uuid': 'd900a81e-1431-40be-8139-fa9d6f051e44', 'username': 'brownmeercat960', 'password': 'asia', 'salt': 'hpphdR6U', 'md5': '1b70ed1a8c1a7f7a488bbf7157bb2f2e', 'sha1': 'd4a192835eeda6958a848426d96e0d514cae20a6', 'sha256': 'a4fc6b3dd67d106c3a7532e6f70bafd694ac1211c1323f7cef7894bb7737dd1a'}, 'dob': {'date': '1981-03-02T15:49:03.764Z', 'age': 43}, 'registered': {'date': '2014-10-11T07:51:05.621Z', 'age': 9}, 'phone': '05-903-082', 'cell': '042-498-72-56', 'id': {'name': 'HETU', 'value': 'NaNNA955undefined'}, 'picture': {'large': 'https://randomuser.me/api/portraits/men/81.jpg', 'medium': 'https://randomuser.me/api/portraits/med/men/81.jpg', 'thumbnail': 'https://randomuser.me/api/portraits/thumb/men/81.jpg'}, 'nat': 'FI'}], 'info': {'seed': 'f89552dcef4283a3', 'results': 1, 'page': 1, 'version': '1.4'}}</msg>
<arg>${json_data}</arg>
<doc>Logs the given message with the given level.</doc>
<status status="PASS" start="2024-07-25T19:12:58.402181" elapsed="0.000202"/>
</kw>
<kw name="Should Be String" owner="String">
<arg>${json_data['results'][0]['gender']}</arg>
<doc>Fails if the given ``item`` is not a string.</doc>
<status status="PASS" start="2024-07-25T19:12:58.402672" elapsed="0.000363"/>
</kw>
<kw name="Should Match Regexp" owner="BuiltIn">
<arg>${json_data['results'][0]['email']}</arg>
<arg>^[a-zA-Z0-9._%+-]+@[a-zA-Z0-9.-]+\.[a-zA-Z]{2,}$</arg>
<doc>Fails if ``string`` does not match ``pattern`` as a regular expression.</doc>
<status status="PASS" start="2024-07-25T19:12:58.403223" elapsed="0.000519"/>
</kw>
<kw name="Should Match Regexp" owner="BuiltIn">
<arg>${json_data['results'][0]['dob']['date']}</arg>
<arg>\\d{4}-\\d{2}-\\d{2}T\\d{2}:\\d{2}:\\d{2}\\.\\d{3}Z</arg>
<doc>Fails if ``string`` does not match ``pattern`` as a regular expression.</doc>
<status status="PASS" start="2024-07-25T19:12:58.403970" elapsed="0.000601"/>
</kw>
<kw name="Should Match Regexp" owner="BuiltIn">
<arg>${json_data['results'][0]['registered']['date']}</arg>
<arg>\\d{4}-\\d{2}-\\d{2}T\\d{2}:\\d{2}:\\d{2}\\.\\d{3}Z</arg>
<doc>Fails if ``string`` does not match ``pattern`` as a regular expression.</doc>
<status status="PASS" start="2024-07-25T19:12:58.404764" elapsed="0.000371"/>
</kw>
<kw name="Should Match Regexp" owner="BuiltIn">
<arg>${json_data['results'][0]['picture']['large']}</arg>
<arg>^https?://.*\.(?:png|jpe?g|gif|bmp)$</arg>
<doc>Fails if ``string`` does not match ``pattern`` as a regular expression.</doc>
<status status="PASS" start="2024-07-25T19:12:58.405321" elapsed="0.000488"/>
</kw>
<kw name="Should Match Regexp" owner="BuiltIn">
<arg>${json_data['results'][0]['picture']['medium']}</arg>
<arg>^https?://.*\.(?:png|jpe?g|gif|bmp)$</arg>
<doc>Fails if ``string`` does not match ``pattern`` as a regular expression.</doc>
<status status="PASS" start="2024-07-25T19:12:58.405997" elapsed="0.000352"/>
</kw>
<kw name="Should Match Regexp" owner="BuiltIn">
<arg>${json_data['results'][0]['picture']['thumbnail']}</arg>
<arg>^https?://.*\.(?:png|jpe?g|gif|bmp)$</arg>
<doc>Fails if ``string`` does not match ``pattern`` as a regular expression.</doc>
<status status="PASS" start="2024-07-25T19:12:58.406534" elapsed="0.000355"/>
</kw>
<kw name="Log" owner="BuiltIn">
<msg time="2024-07-25T19:12:58.407387" level="INFO">{'large': 'https://randomuser.me/api/portraits/men/81.jpg', 'medium': 'https://randomuser.me/api/portraits/med/men/81.jpg', 'thumbnail': 'https://randomuser.me/api/portraits/thumb/men/81.jpg'}</msg>
<arg>${json_data['results'][0]['picture']}</arg>
<doc>Logs the given message with the given level.</doc>
<status status="PASS" start="2024-07-25T19:12:58.407067" elapsed="0.000362"/>
</kw>
<status status="PASS" start="2024-07-25T19:12:58.288303" elapsed="0.119380"/>
</kw>
<kw name="Teste de Tipos de Dados - Postcode" owner="random-user-service">
<kw name="GET On Session" owner="RequestsLibrary">
<msg time="2024-07-25T19:12:58.497012" level="INFO">GET Request : url=https://randomuser.me/api 
 path_url=/api 
 headers={'User-Agent': 'python-requests/2.32.3', 'Accept-Encoding': 'gzip, deflate', 'Accept': '*/*', 'Connection': 'keep-alive'} 
 body=None 
 </msg>
<msg time="2024-07-25T19:12:58.497093" level="INFO">GET Response : url=https://randomuser.me/api 
 status=200, reason=OK 
 headers={'Date': 'Thu, 25 Jul 2024 19:12:58 GMT', 'Content-Type': 'application/json; charset=utf-8', 'Transfer-Encoding': 'chunked', 'Connection': 'keep-alive', 'X-Powered-By': 'Express', 'Access-Control-Allow-Origin': '*', 'Cache-Control': 'no-cache', 'ETag': 'W/"4a3-Vli/Pv8lABuw/YtdAS/WonAj2Q4"', 'Vary': 'Accept-Encoding', 'Content-Encoding': 'gzip', 'CF-Cache-Status': 'DYNAMIC', 'Report-To': '{"endpoints":[{"url":"https:\\/\\/a.nel.cloudflare.com\\/report\\/v4?s=B77XqZ7aR4LSOoDtRMrbfQETlpSilXSm6bcfVVo5feoa5OzYz6xDDp1WcTVML0GJQ7fUS4NsZtKqOyrJ26boS2uUHRwNce5lOcggthLb1bnCBn%2F7YNKdK4DyefFgZGh2"}],"group":"cf-nel","max_age":604800}', 'NEL': '{"success_fraction":0,"report_to":"cf-nel","max_age":604800}', 'Server': 'cloudflare', 'CF-RAY': '8a8e76ed1b8e182a-SJC', 'alt-svc': 'h3=":443"; ma=86400'} 
 body={"results":[{"gender":"female","name":{"title":"Miss","first":"Lisa","last":"Wagner"},"location":{"street":{"number":8061,"name":"Lakeview St"},"city":"Addison","state":"South Carolina","country":"United States","postcode":17457,"coordinates":{"latitude":"88.3343","longitude":"2.2827"},"timezone":{"offset":"-6:00","description":"Central Time (US &amp; Canada), Mexico City"}},"email":"lisa.wagner@example.com","login":{"uuid":"9e43c60c-1c28-49dc-aaad-a7316e70483c","username":"ticklishmouse516","password":"older","salt":"XiHL1X4P","md5":"586162b4713c875ffe52e15266a575dc","sha1":"33d4733e0d9fa429e81158445edd0a5d0d2b12c0","sha256":"033048a7bcc609b17a6729029516e8d02cc32efa082257e7cc537d5a9581ad00"},"dob":{"date":"1958-02-21T18:59:40.455Z","age":66},"registered":{"date":"2004-04-28T14:34:34.185Z","age":20},"phone":"(940) 452-8470","cell":"(646) 942-5953","id":{"name":"SSN","value":"322-32-8079"},"picture":{"large":"https://randomuser.me/api/portraits/women/38.jpg","medium":"https://randomuser.me/api/portraits/med/women/38.jpg","thumbnail":"https://randomuser.me/api/portraits/thumb/women/38.jpg"},"nat":"US"}],"info":{"seed":"e953e046cdb11ca0","results":1,"page":1,"version":"1.4"}} 
 </msg>
<msg time="2024-07-25T19:12:58.497169" level="INFO">/opt/hostedtoolcache/Python/3.12.4/x64/lib/python3.12/site-packages/urllib3/connectionpool.py:1099: InsecureRequestWarning: Unverified HTTPS request is being made to host 'randomuser.me'. Adding certificate verification is strongly advised. See: https://urllib3.readthedocs.io/en/latest/advanced-usage.html#tls-warnings
  warnings.warn(</msg>
<msg time="2024-07-25T19:12:58.497277" level="INFO">${response} = &lt;Response [200]&gt;</msg>
<var>${response}</var>
<arg>consultarAPI</arg>
<arg>/api</arg>
<doc>Sends a GET request on a previously created HTTP Session.</doc>
<status status="PASS" start="2024-07-25T19:12:58.408128" elapsed="0.089197"/>
</kw>
<kw name="Set Variable" owner="BuiltIn">
<msg time="2024-07-25T19:12:58.498273" level="INFO">${json_data} = {'results': [{'gender': 'female', 'name': {'title': 'Miss', 'first': 'Lisa', 'last': 'Wagner'}, 'location': {'street': {'number': 8061, 'name': 'Lakeview St'}, 'city': 'Addison', 'state': 'South Carol...</msg>
<var>${json_data}</var>
<arg>${response.json()}</arg>
<doc>Returns the given values which can then be assigned to a variables.</doc>
<status status="PASS" start="2024-07-25T19:12:58.497810" elapsed="0.000492"/>
</kw>
<kw name="Log" owner="BuiltIn">
<msg time="2024-07-25T19:12:58.498773" level="INFO">{'results': [{'gender': 'female', 'name': {'title': 'Miss', 'first': 'Lisa', 'last': 'Wagner'}, 'location': {'street': {'number': 8061, 'name': 'Lakeview St'}, 'city': 'Addison', 'state': 'South Carolina', 'country': 'United States', 'postcode': 17457, 'coordinates': {'latitude': '88.3343', 'longitude': '2.2827'}, 'timezone': {'offset': '-6:00', 'description': 'Central Time (US &amp; Canada), Mexico City'}}, 'email': 'lisa.wagner@example.com', 'login': {'uuid': '9e43c60c-1c28-49dc-aaad-a7316e70483c', 'username': 'ticklishmouse516', 'password': 'older', 'salt': 'XiHL1X4P', 'md5': '586162b4713c875ffe52e15266a575dc', 'sha1': '33d4733e0d9fa429e81158445edd0a5d0d2b12c0', 'sha256': '033048a7bcc609b17a6729029516e8d02cc32efa082257e7cc537d5a9581ad00'}, 'dob': {'date': '1958-02-21T18:59:40.455Z', 'age': 66}, 'registered': {'date': '2004-04-28T14:34:34.185Z', 'age': 20}, 'phone': '(940) 452-8470', 'cell': '(646) 942-5953', 'id': {'name': 'SSN', 'value': '322-32-8079'}, 'picture': {'large': 'https://randomuser.me/api/portraits/women/38.jpg', 'medium': 'https://randomuser.me/api/portraits/med/women/38.jpg', 'thumbnail': 'https://randomuser.me/api/portraits/thumb/women/38.jpg'}, 'nat': 'US'}], 'info': {'seed': 'e953e046cdb11ca0', 'results': 1, 'page': 1, 'version': '1.4'}}</msg>
<arg>${json_data}</arg>
<doc>Logs the given message with the given level.</doc>
<status status="PASS" start="2024-07-25T19:12:58.498615" elapsed="0.000208"/>
</kw>
<kw name="Should Be Equal As Numbers" owner="BuiltIn">
<arg>${json_data['results'][0]['location']['postcode']}</arg>
<arg>${json_data['results'][0]['location']['postcode']}</arg>
<doc>Fails if objects are unequal after converting them to real numbers.</doc>
<status status="PASS" start="2024-07-25T19:12:58.499123" elapsed="0.000638"/>
</kw>
<kw name="Log" owner="BuiltIn">
<msg time="2024-07-25T19:12:58.500302" level="INFO">17457</msg>
<arg>${json_data['results'][0]['location']['postcode']}</arg>
<doc>Logs the given message with the given level.</doc>
<status status="PASS" start="2024-07-25T19:12:58.499964" elapsed="0.000379"/>
</kw>
<status status="PASS" start="2024-07-25T19:12:58.407898" elapsed="0.092727"/>
</kw>
<doc>Testa se os tipos de dados na resposta da API estão corretos.</doc>
<tag>testeTiposDados</tag>
<status status="PASS" start="2024-07-25T19:12:58.287765" elapsed="0.213032"/>
</test>
<test id="s1-s1-t5" name="Validar conteudo" line="35">
<kw name="Teste de Tipos de Conteudo" owner="random-user-service">
<kw name="GET On Session" owner="RequestsLibrary">
<msg time="2024-07-25T19:12:58.603038" level="INFO">GET Request : url=https://randomuser.me/api 
 path_url=/api 
 headers={'User-Agent': 'python-requests/2.32.3', 'Accept-Encoding': 'gzip, deflate', 'Accept': '*/*', 'Connection': 'keep-alive'} 
 body=None 
 </msg>
<msg time="2024-07-25T19:12:58.603107" level="INFO">GET Response : url=https://randomuser.me/api 
 status=200, reason=OK 
 headers={'Date': 'Thu, 25 Jul 2024 19:12:58 GMT', 'Content-Type': 'application/json; charset=utf-8', 'Transfer-Encoding': 'chunked', 'Connection': 'keep-alive', 'X-Powered-By': 'Express', 'Access-Control-Allow-Origin': '*', 'Cache-Control': 'no-cache', 'ETag': 'W/"497-BrzwDz2yD6MTtryzvRzu+VMxVJ4"', 'Vary': 'Accept-Encoding', 'Content-Encoding': 'gzip', 'CF-Cache-Status': 'DYNAMIC', 'Report-To': '{"endpoints":[{"url":"https:\\/\\/a.nel.cloudflare.com\\/report\\/v4?s=ycd2yVUJMbJFgKabkebKPqlw6vDGLZR7ZIHBRN9%2BiO2gM5Ttmdl64c37MF8QrkoE%2BK47qwKBCnXfLfcjHucF9lK%2FehJkY7aOo8BM7fL8X46WsNBlDepm66E7xKGZES3b"}],"group":"cf-nel","max_age":604800}', 'NEL': '{"success_fraction":0,"report_to":"cf-nel","max_age":604800}', 'Server': 'cloudflare', 'CF-RAY': '8a8e76edac2f182a-SJC', 'alt-svc': 'h3=":443"; ma=86400'} 
 body={"results":[{"gender":"male","name":{"title":"Mr","first":"Sabri","last":"Hennig"},"location":{"street":{"number":8675,"name":"Breslauer Straße"},"city":"Fulda","state":"Saarland","country":"Germany","postcode":34408,"coordinates":{"latitude":"-54.0571","longitude":"-31.0945"},"timezone":{"offset":"-5:00","description":"Eastern Time (US &amp; Canada), Bogota, Lima"}},"email":"sabri.hennig@example.com","login":{"uuid":"d54d24b4-10aa-4420-aca6-a38b819eb6ac","username":"redgorilla717","password":"roswell","salt":"faNPqjcN","md5":"eebf4f86107ef1e41fd474739659426c","sha1":"59f1cc45c74453c7dd0562526753dc66d00a81b3","sha256":"147ea91a86289bae41e27151ea9be348001e63784d15a02d0b0ffec5a9784a19"},"dob":{"date":"1958-07-26T18:55:43.558Z","age":65},"registered":{"date":"2012-09-14T22:16:20.958Z","age":11},"phone":"0505-9736752","cell":"0178-6429073","id":{"name":"SVNR","value":"73 260758 H 111"},"picture":{"large":"https://randomuser.me/api/portraits/men/72.jpg","medium":"https://randomuser.me/api/portraits/med/men/72.jpg","thumbnail":"https://randomuser.me/api/portraits/thumb/men/72.jpg"},"nat":"DE"}],"info":{"seed":"b4d009513b3722e5","results":1,"page":1,"version":"1.4"}} 
 </msg>
<msg time="2024-07-25T19:12:58.603166" level="INFO">/opt/hostedtoolcache/Python/3.12.4/x64/lib/python3.12/site-packages/urllib3/connectionpool.py:1099: InsecureRequestWarning: Unverified HTTPS request is being made to host 'randomuser.me'. Adding certificate verification is strongly advised. See: https://urllib3.readthedocs.io/en/latest/advanced-usage.html#tls-warnings
  warnings.warn(</msg>
<msg time="2024-07-25T19:12:58.603257" level="INFO">${response} = &lt;Response [200]&gt;</msg>
<var>${response}</var>
<arg>consultarAPI</arg>
<arg>/api</arg>
<doc>Sends a GET request on a previously created HTTP Session.</doc>
<status status="PASS" start="2024-07-25T19:12:58.503251" elapsed="0.100032"/>
</kw>
<kw name="Set Variable" owner="BuiltIn">
<msg time="2024-07-25T19:12:58.604123" level="INFO">${json_data} = {'results': [{'gender': 'male', 'name': {'title': 'Mr', 'first': 'Sabri', 'last': 'Hennig'}, 'location': {'street': {'number': 8675, 'name': 'Breslauer Straße'}, 'city': 'Fulda', 'state': 'Saarland', ...</msg>
<var>${json_data}</var>
<arg>${response.json()}</arg>
<doc>Returns the given values which can then be assigned to a variables.</doc>
<status status="PASS" start="2024-07-25T19:12:58.603667" elapsed="0.000485"/>
</kw>
<kw name="Set Variable" owner="BuiltIn">
<msg time="2024-07-25T19:12:58.604839" level="INFO">${name_title} = Mr</msg>
<var>${name_title}</var>
<arg>${json_data["results"][0]["name"]["title"]}</arg>
<doc>Returns the given values which can then be assigned to a variables.</doc>
<status status="PASS" start="2024-07-25T19:12:58.604458" elapsed="0.000405"/>
</kw>
<kw name="Create List" owner="BuiltIn">
<msg time="2024-07-25T19:12:58.605309" level="INFO">${allowed_titles} = ['Mr', 'Ms', 'Miss', 'Mrs', 'Madame', 'Monsieur']</msg>
<var>${allowed_titles}</var>
<arg>Mr</arg>
<arg>Ms</arg>
<arg>Miss</arg>
<arg>Mrs</arg>
<arg>Madame</arg>
<arg>Monsieur</arg>
<doc>Returns a list containing given items.</doc>
<status status="PASS" start="2024-07-25T19:12:58.605158" elapsed="0.000176"/>
</kw>
<kw name="List Should Contain Value" owner="Collections">
<arg>${allowed_titles}</arg>
<arg>${name_title}</arg>
<doc>Fails if the ``value`` is not found from ``list``.</doc>
<status status="PASS" start="2024-07-25T19:12:58.605680" elapsed="0.000181"/>
</kw>
<kw name="Set Variable" owner="BuiltIn">
<msg time="2024-07-25T19:12:58.606426" level="INFO">${name_country} = DE</msg>
<var>${name_country}</var>
<arg>${json_data["results"][0]["nat"]}</arg>
<doc>Returns the given values which can then be assigned to a variables.</doc>
<status status="PASS" start="2024-07-25T19:12:58.606041" elapsed="0.000409"/>
</kw>
<kw name="Create List" owner="BuiltIn">
<msg time="2024-07-25T19:12:58.607330" level="INFO">${list_country} = ['AD', 'AE', 'AF', 'AG', 'AI', 'AL', 'AM', 'AO', 'AQ', 'AR', 'AS', 'AT', 'AU', 'AW', 'AX', 'AZ', 'BA', 'BB', 'BD', 'BE', 'BF', 'BG', 'BH', 'BI', 'BJ', 'BL', 'BM', 'BN', 'BO', 'BQ', 'BR', 'BS', 'BT', '...</msg>
<var>${list_country}</var>
<arg>AD</arg>
<arg>AE</arg>
<arg>AF</arg>
<arg>AG</arg>
<arg>AI</arg>
<arg>AL</arg>
<arg>AM</arg>
<arg>AO</arg>
<arg>AQ</arg>
<arg>AR</arg>
<arg>AS</arg>
<arg>AT</arg>
<arg>AU</arg>
<arg>AW</arg>
<arg>AX</arg>
<arg>AZ</arg>
<arg>BA</arg>
<arg>BB</arg>
<arg>BD</arg>
<arg>BE</arg>
<arg>BF</arg>
<arg>BG</arg>
<arg>BH</arg>
<arg>BI</arg>
<arg>BJ</arg>
<arg>BL</arg>
<arg>BM</arg>
<arg>BN</arg>
<arg>BO</arg>
<arg>BQ</arg>
<arg>BR</arg>
<arg>BS</arg>
<arg>BT</arg>
<arg>BV</arg>
<arg>BW</arg>
<arg>BY</arg>
<arg>BZ</arg>
<arg>CA</arg>
<arg>CC</arg>
<arg>CD</arg>
<arg>CF</arg>
<arg>CG</arg>
<arg>CH</arg>
<arg>CI</arg>
<arg>CK</arg>
<arg>CL</arg>
<arg>CM</arg>
<arg>CN</arg>
<arg>CO</arg>
<arg>CR</arg>
<arg>CU</arg>
<arg>CV</arg>
<arg>CW</arg>
<arg>CX</arg>
<arg>CY</arg>
<arg>CZ</arg>
<arg>DE</arg>
<arg>DJ</arg>
<arg>DK</arg>
<arg>DM</arg>
<arg>DO</arg>
<arg>DZ</arg>
<arg>EC</arg>
<arg>EE</arg>
<arg>EG</arg>
<arg>EH</arg>
<arg>ER</arg>
<arg>ES</arg>
<arg>ET</arg>
<arg>FI</arg>
<arg>FJ</arg>
<arg>FK</arg>
<arg>FM</arg>
<arg>FO</arg>
<arg>FR</arg>
<arg>GA</arg>
<arg>GB</arg>
<arg>GD</arg>
<arg>GE</arg>
<arg>GF</arg>
<arg>GG</arg>
<arg>GH</arg>
<arg>GI</arg>
<arg>GL</arg>
<arg>GM</arg>
<arg>GN</arg>
<arg>GP</arg>
<arg>GQ</arg>
<arg>GR</arg>
<arg>GS</arg>
<arg>GT</arg>
<arg>GU</arg>
<arg>GW</arg>
<arg>GY</arg>
<arg>HK</arg>
<arg>HM</arg>
<arg>HN</arg>
<arg>HR</arg>
<arg>HT</arg>
<arg>HU</arg>
<arg>ID</arg>
<arg>IE</arg>
<arg>IL</arg>
<arg>IM</arg>
<arg>IN</arg>
<arg>IO</arg>
<arg>IQ</arg>
<arg>IR</arg>
<arg>IS</arg>
<arg>IT</arg>
<arg>JE</arg>
<arg>JM</arg>
<arg>JO</arg>
<arg>JP</arg>
<arg>KE</arg>
<arg>KG</arg>
<arg>KH</arg>
<arg>KI</arg>
<arg>KM</arg>
<arg>KN</arg>
<arg>KP</arg>
<arg>KR</arg>
<arg>KW</arg>
<arg>KY</arg>
<arg>KZ</arg>
<arg>LA</arg>
<arg>LB</arg>
<arg>LC</arg>
<arg>LI</arg>
<arg>LK</arg>
<arg>LR</arg>
<arg>LS</arg>
<arg>LT</arg>
<arg>LU</arg>
<arg>LV</arg>
<arg>LY</arg>
<arg>MA</arg>
<arg>MC</arg>
<arg>MD</arg>
<arg>ME</arg>
<arg>MF</arg>
<arg>MG</arg>
<arg>MH</arg>
<arg>MK</arg>
<arg>ML</arg>
<arg>MM</arg>
<arg>MN</arg>
<arg>MO</arg>
<arg>MP</arg>
<arg>MQ</arg>
<arg>MR</arg>
<arg>MS</arg>
<arg>MT</arg>
<arg>MU</arg>
<arg>MV</arg>
<arg>MW</arg>
<arg>MX</arg>
<arg>MY</arg>
<arg>MZ</arg>
<arg>NA</arg>
<arg>NC</arg>
<arg>NE</arg>
<arg>NF</arg>
<arg>NG</arg>
<arg>NI</arg>
<arg>NL</arg>
<arg>NO</arg>
<arg>NP</arg>
<arg>NR</arg>
<arg>NU</arg>
<arg>NZ</arg>
<arg>OM</arg>
<arg>PA</arg>
<arg>PE</arg>
<arg>PF</arg>
<arg>PG</arg>
<arg>PH</arg>
<arg>PK</arg>
<arg>PL</arg>
<arg>PM</arg>
<arg>PN</arg>
<arg>PR</arg>
<arg>PS</arg>
<arg>PT</arg>
<arg>PW</arg>
<arg>PY</arg>
<arg>QA</arg>
<arg>RE</arg>
<arg>RO</arg>
<arg>RS</arg>
<arg>RU</arg>
<arg>RW</arg>
<arg>SA</arg>
<arg>SB</arg>
<arg>SC</arg>
<arg>SD</arg>
<arg>SE</arg>
<arg>SG</arg>
<arg>SH</arg>
<arg>SI</arg>
<arg>SJ</arg>
<arg>SK</arg>
<arg>SL</arg>
<arg>SM</arg>
<arg>SN</arg>
<arg>SO</arg>
<arg>SR</arg>
<arg>SS</arg>
<arg>ST</arg>
<arg>SV</arg>
<arg>SX</arg>
<arg>SY</arg>
<arg>SZ</arg>
<arg>TC</arg>
<arg>TD</arg>
<arg>TF</arg>
<arg>TG</arg>
<arg>TH</arg>
<arg>TJ</arg>
<arg>TK</arg>
<arg>TL</arg>
<arg>TM</arg>
<arg>TN</arg>
<arg>TO</arg>
<arg>TR</arg>
<arg>TT</arg>
<arg>TV</arg>
<arg>TW</arg>
<arg>TZ</arg>
<arg>UA</arg>
<arg>UG</arg>
<arg>UM</arg>
<arg>US</arg>
<arg>UY</arg>
<arg>UZ</arg>
<arg>VA</arg>
<arg>VC</arg>
<arg>VE</arg>
<arg>VG</arg>
<arg>VI</arg>
<arg>VN</arg>
<arg>VU</arg>
<arg>WF</arg>
<arg>WS</arg>
<arg>XK</arg>
<arg>YE</arg>
<arg>YT</arg>
<arg>ZA</arg>
<arg>ZM</arg>
<arg>ZW</arg>
<doc>Returns a list containing given items.</doc>
<status status="PASS" start="2024-07-25T19:12:58.606738" elapsed="0.000619"/>
</kw>
<kw name="List Should Contain Value" owner="Collections">
<arg>${list_country}</arg>
<arg>${name_country}</arg>
<doc>Fails if the ``value`` is not found from ``list``.</doc>
<status status="PASS" start="2024-07-25T19:12:58.608306" elapsed="0.000211"/>
</kw>
<kw name="Run Keyword If" owner="BuiltIn">
<kw name="Should Be True" owner="BuiltIn">
<arg>${True}</arg>
<doc>Fails if the given condition is not true.</doc>
<status status="PASS" start="2024-07-25T19:12:58.609586" elapsed="0.000156"/>
</kw>
<arg>${json_data["results"][0]["location"]["coordinates"]["latitude"]} &gt;= -90 and ${json_data["results"][0]["location"]["coordinates"]["latitude"]} &lt;= 90</arg>
<arg>Should Be True</arg>
<arg>${True}</arg>
<doc>Runs the given keyword with the given arguments, if ``condition`` is true.</doc>
<status status="PASS" start="2024-07-25T19:12:58.608796" elapsed="0.001074"/>
</kw>
<kw name="Run Keyword If" owner="BuiltIn">
<kw name="Should Be True" owner="BuiltIn">
<arg>${True}</arg>
<doc>Fails if the given condition is not true.</doc>
<status status="PASS" start="2024-07-25T19:12:58.610744" elapsed="0.000138"/>
</kw>
<arg>${json_data["results"][0]["location"]["coordinates"]["longitude"]} &gt;= -180 and ${json_data["results"][0]["location"]["coordinates"]["longitude"]} &lt;= 180</arg>
<arg>Should Be True</arg>
<arg>${True}</arg>
<doc>Runs the given keyword with the given arguments, if ``condition`` is true.</doc>
<status status="PASS" start="2024-07-25T19:12:58.610053" elapsed="0.000951"/>
</kw>
<status status="PASS" start="2024-07-25T19:12:58.503031" elapsed="0.108101"/>
</kw>
<doc>Testa o conteúdo específico dos campos retornados pela API.</doc>
<tag>testeConteudo</tag>
<status status="PASS" start="2024-07-25T19:12:58.502590" elapsed="0.108686"/>
</test>
<status status="PASS" start="2024-07-25T19:12:57.669443" elapsed="0.943685"/>
</suite>
<status status="PASS" start="2024-07-25T19:12:57.654678" elapsed="0.963571"/>
</suite>
<statistics>
<total>
<stat pass="5" fail="0" skip="0">All Tests</stat>
</total>
<tag>
<stat pass="1" fail="0" skip="0">testeConteudo</stat>
<stat pass="1" fail="0" skip="0">testeEstruturaResposta</stat>
<stat pass="1" fail="0" skip="0">testeRequisicaoBasica</stat>
<stat pass="1" fail="0" skip="0">testeTiposDados</stat>
</tag>
<suite>
<stat pass="5" fail="0" skip="0" id="s1" name="Tests">Tests</stat>
<stat pass="5" fail="0" skip="0" id="s1-s1" name="Random-User-Test">Tests.Random-User-Test</stat>
</suite>
</statistics>
<errors>
</errors>
</robot>
