<?xml version="1.0" encoding="UTF-8"?>
<robot generator="Robot 7.0.1 (Python 3.12.4 on linux)" generated="2024-07-03T01:06:18.295724" rpa="false" schemaversion="5">
<suite id="s1" name="Tests" source="/home/runner/work/ApiRandomUser/ApiRandomUser/RamdonUser/tests">
<suite id="s1-s1" name="Random-User-Test" source="/home/runner/work/ApiRandomUser/ApiRandomUser/RamdonUser/tests/random-user-test.robot">
<test id="s1-s1-t1" name="Conectar" line="13">
<kw name="Conectar API" owner="random-user-service">
<kw name="Create Session" owner="RequestsLibrary">
<msg time="2024-07-03T01:06:18.768203" level="INFO">Creating Session using : alias=consultarAPI, url=https://randomuser.me/, headers={},                     cookies={}, auth=None, timeout=None, proxies=None, verify=False,                     debug=0 </msg>
<arg>consultarAPI</arg>
<arg>${URL}</arg>
<doc>Create Session: create a HTTP session to a server</doc>
<status status="PASS" start="2024-07-03T01:06:18.767928" elapsed="0.000492"/>
</kw>
<status status="PASS" start="2024-07-03T01:06:18.766854" elapsed="0.001972"/>
</kw>
<status status="PASS" start="2024-07-03T01:06:18.766174" elapsed="0.002879"/>
</test>
<test id="s1-s1-t2" name="Validar retorno 200 e JSON Válido" line="16">
<kw name="Teste de Requisicao Basica" owner="random-user-service">
<kw name="GET On Session" owner="RequestsLibrary">
<msg time="2024-07-03T01:06:19.103249" level="INFO">GET Request : url=https://randomuser.me/api 
 path_url=/api 
 headers={'User-Agent': 'python-requests/2.32.3', 'Accept-Encoding': 'gzip, deflate', 'Accept': '*/*', 'Connection': 'keep-alive'} 
 body=None 
 </msg>
<msg time="2024-07-03T01:06:19.103429" level="INFO">GET Response : url=https://randomuser.me/api 
 status=200, reason=OK 
 headers={'Date': 'Wed, 03 Jul 2024 01:06:19 GMT', 'Content-Type': 'application/json; charset=utf-8', 'Transfer-Encoding': 'chunked', 'Connection': 'keep-alive', 'X-Powered-By': 'Express', 'Access-Control-Allow-Origin': '*', 'Cache-Control': 'no-cache', 'ETag': 'W/"499-zK/9MUqndOani8Z1DgRZwmG61r8"', 'Vary': 'Accept-Encoding', 'Content-Encoding': 'gzip', 'CF-Cache-Status': 'DYNAMIC', 'Report-To': '{"endpoints":[{"url":"https:\\/\\/a.nel.cloudflare.com\\/report\\/v4?s=BSEctp%2B3SQFFVYmVz8uglRFZwIuwwf70X%2BkYMnCQZPhzChFYz04VYMApgbsT%2F0NY6%2BnwsAbJpF%2FkVLtZBTbIqrYuHgHnDxZRY4qYCeO8tHEf4nPeU5ZsyAR%2BtnzO%2B1XO"}],"group":"cf-nel","max_age":604800}', 'NEL': '{"success_fraction":0,"report_to":"cf-nel","max_age":604800}', 'Server': 'cloudflare', 'CF-RAY': '89d2f8e3980067b2-SJC', 'alt-svc': 'h3=":443"; ma=86400'} 
 body={"results":[{"gender":"female","name":{"title":"Mrs","first":"Mary","last":"Ross"},"location":{"street":{"number":7222,"name":"The Drive"},"city":"Lichfield","state":"West Glamorgan","country":"United Kingdom","postcode":"V6B 0FS","coordinates":{"latitude":"-9.9789","longitude":"17.9956"},"timezone":{"offset":"+1:00","description":"Brussels, Copenhagen, Madrid, Paris"}},"email":"mary.ross@example.com","login":{"uuid":"ac97bd7e-e8ff-44a5-92eb-edd1ff0886f0","username":"sadtiger879","password":"tiao","salt":"F99pOv1i","md5":"1790d1e52c3f0514d43a5016c7bd03da","sha1":"7e212b8b33053fc0429914b4168bcef6a221e185","sha256":"1318ac0b67e1ac11c8207c62c09cc7cd607fc359623d40798f82fc886ed85049"},"dob":{"date":"1992-12-20T15:44:40.565Z","age":31},"registered":{"date":"2003-10-16T02:13:58.728Z","age":20},"phone":"015396 40738","cell":"07781 166036","id":{"name":"NINO","value":"TE 95 07 66 Q"},"picture":{"large":"https://randomuser.me/api/portraits/women/96.jpg","medium":"https://randomuser.me/api/portraits/med/women/96.jpg","thumbnail":"https://randomuser.me/api/portraits/thumb/women/96.jpg"},"nat":"GB"}],"info":{"seed":"2468779402f65552","results":1,"page":1,"version":"1.4"}} 
 </msg>
<msg time="2024-07-03T01:06:19.103515" level="INFO">/opt/hostedtoolcache/Python/3.12.4/x64/lib/python3.12/site-packages/urllib3/connectionpool.py:1099: InsecureRequestWarning: Unverified HTTPS request is being made to host 'randomuser.me'. Adding certificate verification is strongly advised. See: https://urllib3.readthedocs.io/en/latest/advanced-usage.html#tls-warnings
  warnings.warn(</msg>
<msg time="2024-07-03T01:06:19.103660" level="INFO">${response} = &lt;Response [200]&gt;</msg>
<var>${response}</var>
<arg>consultarAPI</arg>
<arg>/api</arg>
<doc>Sends a GET request on a previously created HTTP Session.</doc>
<status status="PASS" start="2024-07-03T01:06:18.771852" elapsed="0.331853"/>
</kw>
<kw name="Should Be Equal As Numbers" owner="BuiltIn">
<msg time="2024-07-03T01:06:19.104801" level="INFO">Argument types are:
&lt;class 'int'&gt;
&lt;class 'str'&gt;</msg>
<arg>${response.status_code}</arg>
<arg>200</arg>
<doc>Fails if objects are unequal after converting them to real numbers.</doc>
<status status="PASS" start="2024-07-03T01:06:19.104305" elapsed="0.000567"/>
</kw>
<kw name="Log" owner="BuiltIn">
<msg time="2024-07-03T01:06:19.105624" level="INFO">200</msg>
<arg>${response.status_code}</arg>
<doc>Logs the given message with the given level.</doc>
<status status="PASS" start="2024-07-03T01:06:19.105244" elapsed="0.000425"/>
</kw>
<kw name="Set Variable" owner="BuiltIn">
<msg time="2024-07-03T01:06:19.106455" level="INFO">${json_data} = {'results': [{'gender': 'female', 'name': {'title': 'Mrs', 'first': 'Mary', 'last': 'Ross'}, 'location': {'street': {'number': 7222, 'name': 'The Drive'}, 'city': 'Lichfield', 'state': 'West Glamorgan...</msg>
<var>${json_data}</var>
<arg>${response.json()}</arg>
<doc>Returns the given values which can then be assigned to a variables.</doc>
<status status="PASS" start="2024-07-03T01:06:19.105993" elapsed="0.000490"/>
</kw>
<kw name="Dictionary Should Contain Key" owner="Collections">
<arg>${json_data}</arg>
<arg>results</arg>
<doc>Fails if ``key`` is not found from ``dictionary``.</doc>
<status status="PASS" start="2024-07-03T01:06:19.106788" elapsed="0.000174"/>
</kw>
<status status="PASS" start="2024-07-03T01:06:18.771577" elapsed="0.335540"/>
</kw>
<doc>Testa se a API responde corretamente e retorna um objeto JSON válido.</doc>
<tag>testeRequisicaoBasica</tag>
<status status="PASS" start="2024-07-03T01:06:18.771012" elapsed="0.336287"/>
</test>
<test id="s1-s1-t3" name="Validar estrutura de resposta" line="22">
<kw name="Teste de Estrutura de Resposta" owner="random-user-service">
<kw name="GET On Session" owner="RequestsLibrary">
<msg time="2024-07-03T01:06:19.419848" level="INFO">GET Request : url=https://randomuser.me/api 
 path_url=/api 
 headers={'User-Agent': 'python-requests/2.32.3', 'Accept-Encoding': 'gzip, deflate', 'Accept': '*/*', 'Connection': 'keep-alive'} 
 body=None 
 </msg>
<msg time="2024-07-03T01:06:19.419959" level="INFO">GET Response : url=https://randomuser.me/api 
 status=200, reason=OK 
 headers={'Date': 'Wed, 03 Jul 2024 01:06:19 GMT', 'Content-Type': 'application/json; charset=utf-8', 'Transfer-Encoding': 'chunked', 'Connection': 'keep-alive', 'X-Powered-By': 'Express', 'Access-Control-Allow-Origin': '*', 'Cache-Control': 'no-cache', 'ETag': 'W/"49b-qyjtyfbk+8duweNDwvgB5s00ehk"', 'Vary': 'Accept-Encoding', 'Content-Encoding': 'gzip', 'CF-Cache-Status': 'DYNAMIC', 'Report-To': '{"endpoints":[{"url":"https:\\/\\/a.nel.cloudflare.com\\/report\\/v4?s=jkStMcEJZS5kNmFdB%2FyAwVtPN8S%2BMLqtlX9PqPGq5hq9xvHR2ldtR1jp8%2FzhoXIpL3xnywjxXJMLPkuZiETbaUCaBvObMFtFvuvjnNhTEMsRK6T0DfCeZ8qS4gyxZkNX"}],"group":"cf-nel","max_age":604800}', 'NEL': '{"success_fraction":0,"report_to":"cf-nel","max_age":604800}', 'Server': 'cloudflare', 'CF-RAY': '89d2f8e58a3167b2-SJC', 'alt-svc': 'h3=":443"; ma=86400'} 
 body={"results":[{"gender":"female","name":{"title":"Mrs","first":"Hilla","last":"Moilanen"},"location":{"street":{"number":2877,"name":"Siilitie"},"city":"Toivakka","state":"Ostrobothnia","country":"Finland","postcode":13109,"coordinates":{"latitude":"-28.4520","longitude":"29.9380"},"timezone":{"offset":"-3:00","description":"Brazil, Buenos Aires, Georgetown"}},"email":"hilla.moilanen@example.com","login":{"uuid":"59754ce8-08aa-4420-b749-49f7c9c771e3","username":"purplefish644","password":"doberman","salt":"IPPskbDC","md5":"1cc02ecb2520e9dd4b7b31b58e45df75","sha1":"d2cd45a82f578f397a3f51fe6f92df7cf1addfb3","sha256":"5b01c64b2f0ae14f8130a7614219b6b3ed87bf7c5018dd3763c5d527a04dc6dc"},"dob":{"date":"1999-09-25T09:11:43.446Z","age":24},"registered":{"date":"2011-02-02T13:52:41.800Z","age":13},"phone":"06-744-182","cell":"048-166-59-24","id":{"name":"HETU","value":"NaNNA568undefined"},"picture":{"large":"https://randomuser.me/api/portraits/women/72.jpg","medium":"https://randomuser.me/api/portraits/med/women/72.jpg","thumbnail":"https://randomuser.me/api/portraits/thumb/women/72.jpg"},"nat":"FI"}],"info":{"seed":"730c16b62b2d889d","results":1,"page":1,"version":"1.4"}} 
 </msg>
<msg time="2024-07-03T01:06:19.420117" level="INFO">/opt/hostedtoolcache/Python/3.12.4/x64/lib/python3.12/site-packages/urllib3/connectionpool.py:1099: InsecureRequestWarning: Unverified HTTPS request is being made to host 'randomuser.me'. Adding certificate verification is strongly advised. See: https://urllib3.readthedocs.io/en/latest/advanced-usage.html#tls-warnings
  warnings.warn(</msg>
<msg time="2024-07-03T01:06:19.420254" level="INFO">${response} = &lt;Response [200]&gt;</msg>
<var>${response}</var>
<arg>consultarAPI</arg>
<arg>/api</arg>
<doc>Sends a GET request on a previously created HTTP Session.</doc>
<status status="PASS" start="2024-07-03T01:06:19.109979" elapsed="0.310316"/>
</kw>
<kw name="Set Variable" owner="BuiltIn">
<msg time="2024-07-03T01:06:19.421506" level="INFO">${json_data} = {'results': [{'gender': 'female', 'name': {'title': 'Mrs', 'first': 'Hilla', 'last': 'Moilanen'}, 'location': {'street': {'number': 2877, 'name': 'Siilitie'}, 'city': 'Toivakka', 'state': 'Ostrobothni...</msg>
<var>${json_data}</var>
<arg>${response.json()}</arg>
<doc>Returns the given values which can then be assigned to a variables.</doc>
<status status="PASS" start="2024-07-03T01:06:19.420911" elapsed="0.000624"/>
</kw>
<kw name="Log" owner="BuiltIn">
<msg time="2024-07-03T01:06:19.422007" level="INFO">{'results': [{'gender': 'female', 'name': {'title': 'Mrs', 'first': 'Hilla', 'last': 'Moilanen'}, 'location': {'street': {'number': 2877, 'name': 'Siilitie'}, 'city': 'Toivakka', 'state': 'Ostrobothnia', 'country': 'Finland', 'postcode': 13109, 'coordinates': {'latitude': '-28.4520', 'longitude': '29.9380'}, 'timezone': {'offset': '-3:00', 'description': 'Brazil, Buenos Aires, Georgetown'}}, 'email': 'hilla.moilanen@example.com', 'login': {'uuid': '59754ce8-08aa-4420-b749-49f7c9c771e3', 'username': 'purplefish644', 'password': 'doberman', 'salt': 'IPPskbDC', 'md5': '1cc02ecb2520e9dd4b7b31b58e45df75', 'sha1': 'd2cd45a82f578f397a3f51fe6f92df7cf1addfb3', 'sha256': '5b01c64b2f0ae14f8130a7614219b6b3ed87bf7c5018dd3763c5d527a04dc6dc'}, 'dob': {'date': '1999-09-25T09:11:43.446Z', 'age': 24}, 'registered': {'date': '2011-02-02T13:52:41.800Z', 'age': 13}, 'phone': '06-744-182', 'cell': '048-166-59-24', 'id': {'name': 'HETU', 'value': 'NaNNA568undefined'}, 'picture': {'large': 'https://randomuser.me/api/portraits/women/72.jpg', 'medium': 'https://randomuser.me/api/portraits/med/women/72.jpg', 'thumbnail': 'https://randomuser.me/api/portraits/thumb/women/72.jpg'}, 'nat': 'FI'}], 'info': {'seed': '730c16b62b2d889d', 'results': 1, 'page': 1, 'version': '1.4'}}</msg>
<arg>${json_data}</arg>
<doc>Logs the given message with the given level.</doc>
<status status="PASS" start="2024-07-03T01:06:19.421848" elapsed="0.000206"/>
</kw>
<kw name="Dictionary Should Contain Key" owner="Collections">
<arg>${json_data}</arg>
<arg>results</arg>
<doc>Fails if ``key`` is not found from ``dictionary``.</doc>
<status status="PASS" start="2024-07-03T01:06:19.422340" elapsed="0.000165"/>
</kw>
<kw name="Should Not Be Empty" owner="BuiltIn">
<msg time="2024-07-03T01:06:19.422807" level="INFO">Length is 2.</msg>
<arg>${json_data}</arg>
<doc>Verifies that the given item is not empty.</doc>
<status status="PASS" start="2024-07-03T01:06:19.422685" elapsed="0.000160"/>
</kw>
<kw name="Create List" owner="BuiltIn">
<msg time="2024-07-03T01:06:19.423291" level="INFO">${expected_keys} = ['gender', 'name', 'location', 'email', 'login']</msg>
<var>${expected_keys}</var>
<arg>gender</arg>
<arg>name</arg>
<arg>location</arg>
<arg>email</arg>
<arg>login</arg>
<doc>Returns a list containing given items.</doc>
<status status="PASS" start="2024-07-03T01:06:19.423141" elapsed="0.000173"/>
</kw>
<for flavor="IN">
<iter>
<kw name="Dictionary Should Contain Key" owner="Collections">
<arg>${json_data['results'][0]}</arg>
<arg>${key}</arg>
<doc>Fails if ``key`` is not found from ``dictionary``.</doc>
<status status="PASS" start="2024-07-03T01:06:19.424051" elapsed="0.000433"/>
</kw>
<kw name="Log" owner="BuiltIn">
<msg time="2024-07-03T01:06:19.425033" level="INFO">{'gender': 'female', 'name': {'title': 'Mrs', 'first': 'Hilla', 'last': 'Moilanen'}, 'location': {'street': {'number': 2877, 'name': 'Siilitie'}, 'city': 'Toivakka', 'state': 'Ostrobothnia', 'country': 'Finland', 'postcode': 13109, 'coordinates': {'latitude': '-28.4520', 'longitude': '29.9380'}, 'timezone': {'offset': '-3:00', 'description': 'Brazil, Buenos Aires, Georgetown'}}, 'email': 'hilla.moilanen@example.com', 'login': {'uuid': '59754ce8-08aa-4420-b749-49f7c9c771e3', 'username': 'purplefish644', 'password': 'doberman', 'salt': 'IPPskbDC', 'md5': '1cc02ecb2520e9dd4b7b31b58e45df75', 'sha1': 'd2cd45a82f578f397a3f51fe6f92df7cf1addfb3', 'sha256': '5b01c64b2f0ae14f8130a7614219b6b3ed87bf7c5018dd3763c5d527a04dc6dc'}, 'dob': {'date': '1999-09-25T09:11:43.446Z', 'age': 24}, 'registered': {'date': '2011-02-02T13:52:41.800Z', 'age': 13}, 'phone': '06-744-182', 'cell': '048-166-59-24', 'id': {'name': 'HETU', 'value': 'NaNNA568undefined'}, 'picture': {'large': 'https://randomuser.me/api/portraits/women/72.jpg', 'medium': 'https://randomuser.me/api/portraits/med/women/72.jpg', 'thumbnail': 'https://randomuser.me/api/portraits/thumb/women/72.jpg'}, 'nat': 'FI'}</msg>
<arg>${json_data['results'][0]}</arg>
<doc>Logs the given message with the given level.</doc>
<status status="PASS" start="2024-07-03T01:06:19.424671" elapsed="0.000409"/>
</kw>
<kw name="Log" owner="BuiltIn">
<msg time="2024-07-03T01:06:19.425506" level="INFO">gender</msg>
<arg>${key}</arg>
<doc>Logs the given message with the given level.</doc>
<status status="PASS" start="2024-07-03T01:06:19.425379" elapsed="0.000166"/>
</kw>
<var name="${key}">gender</var>
<status status="PASS" start="2024-07-03T01:06:19.423928" elapsed="0.001830"/>
</iter>
<iter>
<kw name="Dictionary Should Contain Key" owner="Collections">
<arg>${json_data['results'][0]}</arg>
<arg>${key}</arg>
<doc>Fails if ``key`` is not found from ``dictionary``.</doc>
<status status="PASS" start="2024-07-03T01:06:19.426052" elapsed="0.000390"/>
</kw>
<kw name="Log" owner="BuiltIn">
<msg time="2024-07-03T01:06:19.426983" level="INFO">{'gender': 'female', 'name': {'title': 'Mrs', 'first': 'Hilla', 'last': 'Moilanen'}, 'location': {'street': {'number': 2877, 'name': 'Siilitie'}, 'city': 'Toivakka', 'state': 'Ostrobothnia', 'country': 'Finland', 'postcode': 13109, 'coordinates': {'latitude': '-28.4520', 'longitude': '29.9380'}, 'timezone': {'offset': '-3:00', 'description': 'Brazil, Buenos Aires, Georgetown'}}, 'email': 'hilla.moilanen@example.com', 'login': {'uuid': '59754ce8-08aa-4420-b749-49f7c9c771e3', 'username': 'purplefish644', 'password': 'doberman', 'salt': 'IPPskbDC', 'md5': '1cc02ecb2520e9dd4b7b31b58e45df75', 'sha1': 'd2cd45a82f578f397a3f51fe6f92df7cf1addfb3', 'sha256': '5b01c64b2f0ae14f8130a7614219b6b3ed87bf7c5018dd3763c5d527a04dc6dc'}, 'dob': {'date': '1999-09-25T09:11:43.446Z', 'age': 24}, 'registered': {'date': '2011-02-02T13:52:41.800Z', 'age': 13}, 'phone': '06-744-182', 'cell': '048-166-59-24', 'id': {'name': 'HETU', 'value': 'NaNNA568undefined'}, 'picture': {'large': 'https://randomuser.me/api/portraits/women/72.jpg', 'medium': 'https://randomuser.me/api/portraits/med/women/72.jpg', 'thumbnail': 'https://randomuser.me/api/portraits/thumb/women/72.jpg'}, 'nat': 'FI'}</msg>
<arg>${json_data['results'][0]}</arg>
<doc>Logs the given message with the given level.</doc>
<status status="PASS" start="2024-07-03T01:06:19.426625" elapsed="0.000442"/>
</kw>
<kw name="Log" owner="BuiltIn">
<msg time="2024-07-03T01:06:19.427510" level="INFO">name</msg>
<arg>${key}</arg>
<doc>Logs the given message with the given level.</doc>
<status status="PASS" start="2024-07-03T01:06:19.427380" elapsed="0.000167"/>
</kw>
<var name="${key}">name</var>
<status status="PASS" start="2024-07-03T01:06:19.425941" elapsed="0.001825"/>
</iter>
<iter>
<kw name="Dictionary Should Contain Key" owner="Collections">
<arg>${json_data['results'][0]}</arg>
<arg>${key}</arg>
<doc>Fails if ``key`` is not found from ``dictionary``.</doc>
<status status="PASS" start="2024-07-03T01:06:19.428065" elapsed="0.000409"/>
</kw>
<kw name="Log" owner="BuiltIn">
<msg time="2024-07-03T01:06:19.428994" level="INFO">{'gender': 'female', 'name': {'title': 'Mrs', 'first': 'Hilla', 'last': 'Moilanen'}, 'location': {'street': {'number': 2877, 'name': 'Siilitie'}, 'city': 'Toivakka', 'state': 'Ostrobothnia', 'country': 'Finland', 'postcode': 13109, 'coordinates': {'latitude': '-28.4520', 'longitude': '29.9380'}, 'timezone': {'offset': '-3:00', 'description': 'Brazil, Buenos Aires, Georgetown'}}, 'email': 'hilla.moilanen@example.com', 'login': {'uuid': '59754ce8-08aa-4420-b749-49f7c9c771e3', 'username': 'purplefish644', 'password': 'doberman', 'salt': 'IPPskbDC', 'md5': '1cc02ecb2520e9dd4b7b31b58e45df75', 'sha1': 'd2cd45a82f578f397a3f51fe6f92df7cf1addfb3', 'sha256': '5b01c64b2f0ae14f8130a7614219b6b3ed87bf7c5018dd3763c5d527a04dc6dc'}, 'dob': {'date': '1999-09-25T09:11:43.446Z', 'age': 24}, 'registered': {'date': '2011-02-02T13:52:41.800Z', 'age': 13}, 'phone': '06-744-182', 'cell': '048-166-59-24', 'id': {'name': 'HETU', 'value': 'NaNNA568undefined'}, 'picture': {'large': 'https://randomuser.me/api/portraits/women/72.jpg', 'medium': 'https://randomuser.me/api/portraits/med/women/72.jpg', 'thumbnail': 'https://randomuser.me/api/portraits/thumb/women/72.jpg'}, 'nat': 'FI'}</msg>
<arg>${json_data['results'][0]}</arg>
<doc>Logs the given message with the given level.</doc>
<status status="PASS" start="2024-07-03T01:06:19.428651" elapsed="0.000389"/>
</kw>
<kw name="Log" owner="BuiltIn">
<msg time="2024-07-03T01:06:19.429461" level="INFO">location</msg>
<arg>${key}</arg>
<doc>Logs the given message with the given level.</doc>
<status status="PASS" start="2024-07-03T01:06:19.429336" elapsed="0.000163"/>
</kw>
<var name="${key}">location</var>
<status status="PASS" start="2024-07-03T01:06:19.427939" elapsed="0.001771"/>
</iter>
<iter>
<kw name="Dictionary Should Contain Key" owner="Collections">
<arg>${json_data['results'][0]}</arg>
<arg>${key}</arg>
<doc>Fails if ``key`` is not found from ``dictionary``.</doc>
<status status="PASS" start="2024-07-03T01:06:19.429983" elapsed="0.000383"/>
</kw>
<kw name="Log" owner="BuiltIn">
<msg time="2024-07-03T01:06:19.430890" level="INFO">{'gender': 'female', 'name': {'title': 'Mrs', 'first': 'Hilla', 'last': 'Moilanen'}, 'location': {'street': {'number': 2877, 'name': 'Siilitie'}, 'city': 'Toivakka', 'state': 'Ostrobothnia', 'country': 'Finland', 'postcode': 13109, 'coordinates': {'latitude': '-28.4520', 'longitude': '29.9380'}, 'timezone': {'offset': '-3:00', 'description': 'Brazil, Buenos Aires, Georgetown'}}, 'email': 'hilla.moilanen@example.com', 'login': {'uuid': '59754ce8-08aa-4420-b749-49f7c9c771e3', 'username': 'purplefish644', 'password': 'doberman', 'salt': 'IPPskbDC', 'md5': '1cc02ecb2520e9dd4b7b31b58e45df75', 'sha1': 'd2cd45a82f578f397a3f51fe6f92df7cf1addfb3', 'sha256': '5b01c64b2f0ae14f8130a7614219b6b3ed87bf7c5018dd3763c5d527a04dc6dc'}, 'dob': {'date': '1999-09-25T09:11:43.446Z', 'age': 24}, 'registered': {'date': '2011-02-02T13:52:41.800Z', 'age': 13}, 'phone': '06-744-182', 'cell': '048-166-59-24', 'id': {'name': 'HETU', 'value': 'NaNNA568undefined'}, 'picture': {'large': 'https://randomuser.me/api/portraits/women/72.jpg', 'medium': 'https://randomuser.me/api/portraits/med/women/72.jpg', 'thumbnail': 'https://randomuser.me/api/portraits/thumb/women/72.jpg'}, 'nat': 'FI'}</msg>
<arg>${json_data['results'][0]}</arg>
<doc>Logs the given message with the given level.</doc>
<status status="PASS" start="2024-07-03T01:06:19.430544" elapsed="0.000394"/>
</kw>
<kw name="Log" owner="BuiltIn">
<msg time="2024-07-03T01:06:19.431357" level="INFO">email</msg>
<arg>${key}</arg>
<doc>Logs the given message with the given level.</doc>
<status status="PASS" start="2024-07-03T01:06:19.431232" elapsed="0.000164"/>
</kw>
<var name="${key}">email</var>
<status status="PASS" start="2024-07-03T01:06:19.429878" elapsed="0.001733"/>
</iter>
<iter>
<kw name="Dictionary Should Contain Key" owner="Collections">
<arg>${json_data['results'][0]}</arg>
<arg>${key}</arg>
<doc>Fails if ``key`` is not found from ``dictionary``.</doc>
<status status="PASS" start="2024-07-03T01:06:19.431892" elapsed="0.000434"/>
</kw>
<kw name="Log" owner="BuiltIn">
<msg time="2024-07-03T01:06:19.432856" level="INFO">{'gender': 'female', 'name': {'title': 'Mrs', 'first': 'Hilla', 'last': 'Moilanen'}, 'location': {'street': {'number': 2877, 'name': 'Siilitie'}, 'city': 'Toivakka', 'state': 'Ostrobothnia', 'country': 'Finland', 'postcode': 13109, 'coordinates': {'latitude': '-28.4520', 'longitude': '29.9380'}, 'timezone': {'offset': '-3:00', 'description': 'Brazil, Buenos Aires, Georgetown'}}, 'email': 'hilla.moilanen@example.com', 'login': {'uuid': '59754ce8-08aa-4420-b749-49f7c9c771e3', 'username': 'purplefish644', 'password': 'doberman', 'salt': 'IPPskbDC', 'md5': '1cc02ecb2520e9dd4b7b31b58e45df75', 'sha1': 'd2cd45a82f578f397a3f51fe6f92df7cf1addfb3', 'sha256': '5b01c64b2f0ae14f8130a7614219b6b3ed87bf7c5018dd3763c5d527a04dc6dc'}, 'dob': {'date': '1999-09-25T09:11:43.446Z', 'age': 24}, 'registered': {'date': '2011-02-02T13:52:41.800Z', 'age': 13}, 'phone': '06-744-182', 'cell': '048-166-59-24', 'id': {'name': 'HETU', 'value': 'NaNNA568undefined'}, 'picture': {'large': 'https://randomuser.me/api/portraits/women/72.jpg', 'medium': 'https://randomuser.me/api/portraits/med/women/72.jpg', 'thumbnail': 'https://randomuser.me/api/portraits/thumb/women/72.jpg'}, 'nat': 'FI'}</msg>
<arg>${json_data['results'][0]}</arg>
<doc>Logs the given message with the given level.</doc>
<status status="PASS" start="2024-07-03T01:06:19.432506" elapsed="0.000398"/>
</kw>
<kw name="Log" owner="BuiltIn">
<msg time="2024-07-03T01:06:19.433333" level="INFO">login</msg>
<arg>${key}</arg>
<doc>Logs the given message with the given level.</doc>
<status status="PASS" start="2024-07-03T01:06:19.433206" elapsed="0.000165"/>
</kw>
<var name="${key}">login</var>
<status status="PASS" start="2024-07-03T01:06:19.431781" elapsed="0.001808"/>
</iter>
<var>${key}</var>
<value>@{expected_keys}</value>
<status status="PASS" start="2024-07-03T01:06:19.423735" elapsed="0.009972"/>
</for>
<kw name="Create List" owner="BuiltIn">
<msg time="2024-07-03T01:06:19.434059" level="INFO">${expected_keysTwo} = ['username', 'password']</msg>
<var>${expected_keysTwo}</var>
<arg>username</arg>
<arg>password</arg>
<doc>Returns a list containing given items.</doc>
<status status="PASS" start="2024-07-03T01:06:19.433894" elapsed="0.000189"/>
</kw>
<for flavor="IN">
<iter>
<kw name="Dictionary Should Contain Key" owner="Collections">
<arg>${json_data['results'][0]['login']}</arg>
<arg>${keyTwo}</arg>
<doc>Fails if ``key`` is not found from ``dictionary``.</doc>
<status status="PASS" start="2024-07-03T01:06:19.434578" elapsed="0.000383"/>
</kw>
<kw name="Dictionary Should Contain Key" owner="Collections">
<arg>${json_data['results'][0]['login']}</arg>
<arg>${keyTwo}</arg>
<doc>Fails if ``key`` is not found from ``dictionary``.</doc>
<status status="PASS" start="2024-07-03T01:06:19.435138" elapsed="0.000375"/>
</kw>
<kw name="Log" owner="BuiltIn">
<msg time="2024-07-03T01:06:19.435816" level="INFO">username</msg>
<arg>${keyTwo}</arg>
<doc>Logs the given message with the given level.</doc>
<status status="PASS" start="2024-07-03T01:06:19.435692" elapsed="0.000163"/>
</kw>
<var name="${keyTwo}">username</var>
<status status="PASS" start="2024-07-03T01:06:19.434470" elapsed="0.001604"/>
</iter>
<iter>
<kw name="Dictionary Should Contain Key" owner="Collections">
<arg>${json_data['results'][0]['login']}</arg>
<arg>${keyTwo}</arg>
<doc>Fails if ``key`` is not found from ``dictionary``.</doc>
<status status="PASS" start="2024-07-03T01:06:19.436388" elapsed="0.000380"/>
</kw>
<kw name="Dictionary Should Contain Key" owner="Collections">
<arg>${json_data['results'][0]['login']}</arg>
<arg>${keyTwo}</arg>
<doc>Fails if ``key`` is not found from ``dictionary``.</doc>
<status status="PASS" start="2024-07-03T01:06:19.436944" elapsed="0.000381"/>
</kw>
<kw name="Log" owner="BuiltIn">
<msg time="2024-07-03T01:06:19.437612" level="INFO">password</msg>
<arg>${keyTwo}</arg>
<doc>Logs the given message with the given level.</doc>
<status status="PASS" start="2024-07-03T01:06:19.437495" elapsed="0.000159"/>
</kw>
<var name="${keyTwo}">password</var>
<status status="PASS" start="2024-07-03T01:06:19.436281" elapsed="0.001590"/>
</iter>
<var>${keyTwo}</var>
<value>@{expected_keysTwo}</value>
<status status="PASS" start="2024-07-03T01:06:19.434319" elapsed="0.003672"/>
</for>
<status status="PASS" start="2024-07-03T01:06:19.109746" elapsed="0.328386"/>
</kw>
<doc>Testa a estrutura da resposta da API.</doc>
<tag>testeEstruturaResposta</tag>
<status status="PASS" start="2024-07-03T01:06:19.109224" elapsed="0.329063"/>
</test>
<test id="s1-s1-t4" name="Validar tipos de dados" line="28">
<kw name="Teste de Tipos de Dados" owner="random-user-service">
<kw name="GET On Session" owner="RequestsLibrary">
<msg time="2024-07-03T01:06:19.534424" level="INFO">GET Request : url=https://randomuser.me/api 
 path_url=/api 
 headers={'User-Agent': 'python-requests/2.32.3', 'Accept-Encoding': 'gzip, deflate', 'Accept': '*/*', 'Connection': 'keep-alive'} 
 body=None 
 </msg>
<msg time="2024-07-03T01:06:19.534526" level="INFO">GET Response : url=https://randomuser.me/api 
 status=200, reason=OK 
 headers={'Date': 'Wed, 03 Jul 2024 01:06:19 GMT', 'Content-Type': 'application/json; charset=utf-8', 'Transfer-Encoding': 'chunked', 'Connection': 'keep-alive', 'X-Powered-By': 'Express', 'Access-Control-Allow-Origin': '*', 'Cache-Control': 'no-cache', 'ETag': 'W/"482-CyajicqKLoSsqIk7EBPB8upyiec"', 'Vary': 'Accept-Encoding', 'Content-Encoding': 'gzip', 'CF-Cache-Status': 'DYNAMIC', 'Report-To': '{"endpoints":[{"url":"https:\\/\\/a.nel.cloudflare.com\\/report\\/v4?s=3YZqhKZ%2F0VTB6kARlvq5tXHo%2Bz5GD9rkuSj9sPZLD%2Fm9BXcAvwvGL7AhtyNRT5wpUmYWL4GvR9AB5eb8hu%2BSi9lYwRw2Anr%2FHSsKJ3BbiK8rPW8h9K1mpZF1g6pnHdX9"}],"group":"cf-nel","max_age":604800}', 'NEL': '{"success_fraction":0,"report_to":"cf-nel","max_age":604800}', 'Server': 'cloudflare', 'CF-RAY': '89d2f8e79bfe67b2-SJC', 'alt-svc': 'h3=":443"; ma=86400'} 
 body={"results":[{"gender":"male","name":{"title":"Mr","first":"Akseli","last":"Kuusisto"},"location":{"street":{"number":785,"name":"Suvantokatu"},"city":"Ypäjä","state":"Kainuu","country":"Finland","postcode":78243,"coordinates":{"latitude":"-28.4395","longitude":"-69.5901"},"timezone":{"offset":"-11:00","description":"Midway Island, Samoa"}},"email":"akseli.kuusisto@example.com","login":{"uuid":"0601df3c-f084-497d-a978-b281a16ad36c","username":"heavyleopard732","password":"mirror","salt":"0cGqJD1k","md5":"c3fc155e3d3b374896ee308e148ed56d","sha1":"a3966732cf540cddcb8ae6427cca397e6349ccb9","sha256":"095c84b43cb1e4d9efe0a92b44878b72c12be69863207484a1d4d63511ea9b6a"},"dob":{"date":"1952-08-17T18:30:16.754Z","age":71},"registered":{"date":"2012-07-17T05:55:32.804Z","age":11},"phone":"07-146-814","cell":"047-396-47-75","id":{"name":"HETU","value":"NaNNA445undefined"},"picture":{"large":"https://randomuser.me/api/portraits/men/7.jpg","medium":"https://randomuser.me/api/portraits/med/men/7.jpg","thumbnail":"https://randomuser.me/api/portraits/thumb/men/7.jpg"},"nat":"FI"}],"info":{"seed":"86e43a389d9bb4da","results":1,"page":1,"version":"1.4"}} 
 </msg>
<msg time="2024-07-03T01:06:19.534601" level="INFO">/opt/hostedtoolcache/Python/3.12.4/x64/lib/python3.12/site-packages/urllib3/connectionpool.py:1099: InsecureRequestWarning: Unverified HTTPS request is being made to host 'randomuser.me'. Adding certificate verification is strongly advised. See: https://urllib3.readthedocs.io/en/latest/advanced-usage.html#tls-warnings
  warnings.warn(</msg>
<msg time="2024-07-03T01:06:19.534728" level="INFO">${response} = &lt;Response [200]&gt;</msg>
<var>${response}</var>
<arg>consultarAPI</arg>
<arg>/api</arg>
<doc>Sends a GET request on a previously created HTTP Session.</doc>
<status status="PASS" start="2024-07-03T01:06:19.441007" elapsed="0.093764"/>
</kw>
<kw name="Set Variable" owner="BuiltIn">
<msg time="2024-07-03T01:06:19.536015" level="INFO">${json_data} = {'results': [{'gender': 'male', 'name': {'title': 'Mr', 'first': 'Akseli', 'last': 'Kuusisto'}, 'location': {'street': {'number': 785, 'name': 'Suvantokatu'}, 'city': 'Ypäjä', 'state': 'Kainuu', 'coun...</msg>
<var>${json_data}</var>
<arg>${response.json()}</arg>
<doc>Returns the given values which can then be assigned to a variables.</doc>
<status status="PASS" start="2024-07-03T01:06:19.535429" elapsed="0.000617"/>
</kw>
<kw name="Log" owner="BuiltIn">
<msg time="2024-07-03T01:06:19.536575" level="INFO">{'results': [{'gender': 'male', 'name': {'title': 'Mr', 'first': 'Akseli', 'last': 'Kuusisto'}, 'location': {'street': {'number': 785, 'name': 'Suvantokatu'}, 'city': 'Ypäjä', 'state': 'Kainuu', 'country': 'Finland', 'postcode': 78243, 'coordinates': {'latitude': '-28.4395', 'longitude': '-69.5901'}, 'timezone': {'offset': '-11:00', 'description': 'Midway Island, Samoa'}}, 'email': 'akseli.kuusisto@example.com', 'login': {'uuid': '0601df3c-f084-497d-a978-b281a16ad36c', 'username': 'heavyleopard732', 'password': 'mirror', 'salt': '0cGqJD1k', 'md5': 'c3fc155e3d3b374896ee308e148ed56d', 'sha1': 'a3966732cf540cddcb8ae6427cca397e6349ccb9', 'sha256': '095c84b43cb1e4d9efe0a92b44878b72c12be69863207484a1d4d63511ea9b6a'}, 'dob': {'date': '1952-08-17T18:30:16.754Z', 'age': 71}, 'registered': {'date': '2012-07-17T05:55:32.804Z', 'age': 11}, 'phone': '07-146-814', 'cell': '047-396-47-75', 'id': {'name': 'HETU', 'value': 'NaNNA445undefined'}, 'picture': {'large': 'https://randomuser.me/api/portraits/men/7.jpg', 'medium': 'https://randomuser.me/api/portraits/med/men/7.jpg', 'thumbnail': 'https://randomuser.me/api/portraits/thumb/men/7.jpg'}, 'nat': 'FI'}], 'info': {'seed': '86e43a389d9bb4da', 'results': 1, 'page': 1, 'version': '1.4'}}</msg>
<arg>${json_data}</arg>
<doc>Logs the given message with the given level.</doc>
<status status="PASS" start="2024-07-03T01:06:19.536409" elapsed="0.000217"/>
</kw>
<kw name="Should Be String" owner="String">
<arg>${json_data['results'][0]['gender']}</arg>
<doc>Fails if the given ``item`` is not a string.</doc>
<status status="PASS" start="2024-07-03T01:06:19.536919" elapsed="0.000358"/>
</kw>
<kw name="Should Match Regexp" owner="BuiltIn">
<arg>${json_data['results'][0]['email']}</arg>
<arg>^[a-zA-Z0-9._%+-]+@[a-zA-Z0-9.-]+\.[a-zA-Z]{2,}$</arg>
<doc>Fails if ``string`` does not match ``pattern`` as a regular expression.</doc>
<status status="PASS" start="2024-07-03T01:06:19.537462" elapsed="0.000559"/>
</kw>
<kw name="Should Match Regexp" owner="BuiltIn">
<arg>${json_data['results'][0]['dob']['date']}</arg>
<arg>\\d{4}-\\d{2}-\\d{2}T\\d{2}:\\d{2}:\\d{2}\\.\\d{3}Z</arg>
<doc>Fails if ``string`` does not match ``pattern`` as a regular expression.</doc>
<status status="PASS" start="2024-07-03T01:06:19.538214" elapsed="0.000478"/>
</kw>
<kw name="Should Match Regexp" owner="BuiltIn">
<arg>${json_data['results'][0]['registered']['date']}</arg>
<arg>\\d{4}-\\d{2}-\\d{2}T\\d{2}:\\d{2}:\\d{2}\\.\\d{3}Z</arg>
<doc>Fails if ``string`` does not match ``pattern`` as a regular expression.</doc>
<status status="PASS" start="2024-07-03T01:06:19.538878" elapsed="0.000360"/>
</kw>
<kw name="Should Match Regexp" owner="BuiltIn">
<arg>${json_data['results'][0]['picture']['large']}</arg>
<arg>^https?://.*\.(?:png|jpe?g|gif|bmp)$</arg>
<doc>Fails if ``string`` does not match ``pattern`` as a regular expression.</doc>
<status status="PASS" start="2024-07-03T01:06:19.539416" elapsed="0.000453"/>
</kw>
<kw name="Should Match Regexp" owner="BuiltIn">
<arg>${json_data['results'][0]['picture']['medium']}</arg>
<arg>^https?://.*\.(?:png|jpe?g|gif|bmp)$</arg>
<doc>Fails if ``string`` does not match ``pattern`` as a regular expression.</doc>
<status status="PASS" start="2024-07-03T01:06:19.540049" elapsed="0.000392"/>
</kw>
<kw name="Should Match Regexp" owner="BuiltIn">
<arg>${json_data['results'][0]['picture']['thumbnail']}</arg>
<arg>^https?://.*\.(?:png|jpe?g|gif|bmp)$</arg>
<doc>Fails if ``string`` does not match ``pattern`` as a regular expression.</doc>
<status status="PASS" start="2024-07-03T01:06:19.540619" elapsed="0.000353"/>
</kw>
<kw name="Log" owner="BuiltIn">
<msg time="2024-07-03T01:06:19.541487" level="INFO">{'large': 'https://randomuser.me/api/portraits/men/7.jpg', 'medium': 'https://randomuser.me/api/portraits/med/men/7.jpg', 'thumbnail': 'https://randomuser.me/api/portraits/thumb/men/7.jpg'}</msg>
<arg>${json_data['results'][0]['picture']}</arg>
<doc>Logs the given message with the given level.</doc>
<status status="PASS" start="2024-07-03T01:06:19.541163" elapsed="0.000366"/>
</kw>
<status status="PASS" start="2024-07-03T01:06:19.440763" elapsed="0.101030"/>
</kw>
<kw name="Teste de Tipos de Dados - Postcode" owner="random-user-service">
<kw name="GET On Session" owner="RequestsLibrary">
<msg time="2024-07-03T01:06:19.633167" level="INFO">GET Request : url=https://randomuser.me/api 
 path_url=/api 
 headers={'User-Agent': 'python-requests/2.32.3', 'Accept-Encoding': 'gzip, deflate', 'Accept': '*/*', 'Connection': 'keep-alive'} 
 body=None 
 </msg>
<msg time="2024-07-03T01:06:19.633278" level="INFO">GET Response : url=https://randomuser.me/api 
 status=200, reason=OK 
 headers={'Date': 'Wed, 03 Jul 2024 01:06:19 GMT', 'Content-Type': 'application/json; charset=utf-8', 'Transfer-Encoding': 'chunked', 'Connection': 'keep-alive', 'X-Powered-By': 'Express', 'Access-Control-Allow-Origin': '*', 'Cache-Control': 'no-cache', 'ETag': 'W/"481-nRrsRHAIJqXrnkZWxmY25g+meKs"', 'Vary': 'Accept-Encoding', 'Content-Encoding': 'gzip', 'CF-Cache-Status': 'DYNAMIC', 'Report-To': '{"endpoints":[{"url":"https:\\/\\/a.nel.cloudflare.com\\/report\\/v4?s=%2BoheEUb6qWOJDN%2B8XxODlmn5%2B%2BW%2BAUNg4DutnRz%2BKiX0n9DJOM0AY0LlsbpQNwnU%2BOXkHQjOyFFNH17X%2FEp2e%2FNkt56m46sb1bx3V9EZNedD4GljtCJbODRwx2UAMXel"}],"group":"cf-nel","max_age":604800}', 'NEL': '{"success_fraction":0,"report_to":"cf-nel","max_age":604800}', 'Server': 'cloudflare', 'CF-RAY': '89d2f8e83c6367b2-SJC', 'alt-svc': 'h3=":443"; ma=86400'} 
 body={"results":[{"gender":"male","name":{"title":"Mr","first":"Wayne","last":"Douglas"},"location":{"street":{"number":8742,"name":"White Oak Dr"},"city":"Albury","state":"Western Australia","country":"Australia","postcode":7791,"coordinates":{"latitude":"-86.0267","longitude":"-91.7591"},"timezone":{"offset":"+9:30","description":"Adelaide, Darwin"}},"email":"wayne.douglas@example.com","login":{"uuid":"f3edf0fb-2300-4329-ac2a-2d1e3d80275b","username":"blueostrich266","password":"ronaldo","salt":"incdniKN","md5":"9678a21df9858486c9c9f46f2b95ea23","sha1":"9c0cafd215eb6951e7a9ece5e61d3dabcba957c7","sha256":"2284cb442eb0b31b36e88dd71620dd274fcb2901206e38d974d8a6755c253077"},"dob":{"date":"1993-03-01T01:43:39.354Z","age":31},"registered":{"date":"2003-11-17T00:12:03.743Z","age":20},"phone":"02-8501-4377","cell":"0469-579-508","id":{"name":"TFN","value":"982666146"},"picture":{"large":"https://randomuser.me/api/portraits/men/89.jpg","medium":"https://randomuser.me/api/portraits/med/men/89.jpg","thumbnail":"https://randomuser.me/api/portraits/thumb/men/89.jpg"},"nat":"AU"}],"info":{"seed":"af50dd957adfcda5","results":1,"page":1,"version":"1.4"}} 
 </msg>
<msg time="2024-07-03T01:06:19.633362" level="INFO">/opt/hostedtoolcache/Python/3.12.4/x64/lib/python3.12/site-packages/urllib3/connectionpool.py:1099: InsecureRequestWarning: Unverified HTTPS request is being made to host 'randomuser.me'. Adding certificate verification is strongly advised. See: https://urllib3.readthedocs.io/en/latest/advanced-usage.html#tls-warnings
  warnings.warn(</msg>
<msg time="2024-07-03T01:06:19.633493" level="INFO">${response} = &lt;Response [200]&gt;</msg>
<var>${response}</var>
<arg>consultarAPI</arg>
<arg>/api</arg>
<doc>Sends a GET request on a previously created HTTP Session.</doc>
<status status="PASS" start="2024-07-03T01:06:19.542242" elapsed="0.091293"/>
</kw>
<kw name="Set Variable" owner="BuiltIn">
<msg time="2024-07-03T01:06:19.634741" level="INFO">${json_data} = {'results': [{'gender': 'male', 'name': {'title': 'Mr', 'first': 'Wayne', 'last': 'Douglas'}, 'location': {'street': {'number': 8742, 'name': 'White Oak Dr'}, 'city': 'Albury', 'state': 'Western Austr...</msg>
<var>${json_data}</var>
<arg>${response.json()}</arg>
<doc>Returns the given values which can then be assigned to a variables.</doc>
<status status="PASS" start="2024-07-03T01:06:19.634178" elapsed="0.000591"/>
</kw>
<kw name="Log" owner="BuiltIn">
<msg time="2024-07-03T01:06:19.635241" level="INFO">{'results': [{'gender': 'male', 'name': {'title': 'Mr', 'first': 'Wayne', 'last': 'Douglas'}, 'location': {'street': {'number': 8742, 'name': 'White Oak Dr'}, 'city': 'Albury', 'state': 'Western Australia', 'country': 'Australia', 'postcode': 7791, 'coordinates': {'latitude': '-86.0267', 'longitude': '-91.7591'}, 'timezone': {'offset': '+9:30', 'description': 'Adelaide, Darwin'}}, 'email': 'wayne.douglas@example.com', 'login': {'uuid': 'f3edf0fb-2300-4329-ac2a-2d1e3d80275b', 'username': 'blueostrich266', 'password': 'ronaldo', 'salt': 'incdniKN', 'md5': '9678a21df9858486c9c9f46f2b95ea23', 'sha1': '9c0cafd215eb6951e7a9ece5e61d3dabcba957c7', 'sha256': '2284cb442eb0b31b36e88dd71620dd274fcb2901206e38d974d8a6755c253077'}, 'dob': {'date': '1993-03-01T01:43:39.354Z', 'age': 31}, 'registered': {'date': '2003-11-17T00:12:03.743Z', 'age': 20}, 'phone': '02-8501-4377', 'cell': '0469-579-508', 'id': {'name': 'TFN', 'value': '982666146'}, 'picture': {'large': 'https://randomuser.me/api/portraits/men/89.jpg', 'medium': 'https://randomuser.me/api/portraits/med/men/89.jpg', 'thumbnail': 'https://randomuser.me/api/portraits/thumb/men/89.jpg'}, 'nat': 'AU'}], 'info': {'seed': 'af50dd957adfcda5', 'results': 1, 'page': 1, 'version': '1.4'}}</msg>
<arg>${json_data}</arg>
<doc>Logs the given message with the given level.</doc>
<status status="PASS" start="2024-07-03T01:06:19.635081" elapsed="0.000206"/>
</kw>
<kw name="Should Be Equal As Numbers" owner="BuiltIn">
<arg>${json_data['results'][0]['location']['postcode']}</arg>
<arg>${json_data['results'][0]['location']['postcode']}</arg>
<doc>Fails if objects are unequal after converting them to real numbers.</doc>
<status status="PASS" start="2024-07-03T01:06:19.635585" elapsed="0.000683"/>
</kw>
<kw name="Log" owner="BuiltIn">
<msg time="2024-07-03T01:06:19.636784" level="INFO">7791</msg>
<arg>${json_data['results'][0]['location']['postcode']}</arg>
<doc>Logs the given message with the given level.</doc>
<status status="PASS" start="2024-07-03T01:06:19.636455" elapsed="0.000369"/>
</kw>
<status status="PASS" start="2024-07-03T01:06:19.542018" elapsed="0.095093"/>
</kw>
<doc>Testa se os tipos de dados na resposta da API estão corretos.</doc>
<tag>testeTiposDados</tag>
<status status="PASS" start="2024-07-03T01:06:19.440053" elapsed="0.197229"/>
</test>
<test id="s1-s1-t5" name="Validar conteudo" line="35">
<kw name="Teste de Tipos de Conteudo" owner="random-user-service">
<kw name="GET On Session" owner="RequestsLibrary">
<msg time="2024-07-03T01:06:19.733100" level="INFO">GET Request : url=https://randomuser.me/api 
 path_url=/api 
 headers={'User-Agent': 'python-requests/2.32.3', 'Accept-Encoding': 'gzip, deflate', 'Accept': '*/*', 'Connection': 'keep-alive'} 
 body=None 
 </msg>
<msg time="2024-07-03T01:06:19.733196" level="INFO">GET Response : url=https://randomuser.me/api 
 status=200, reason=OK 
 headers={'Date': 'Wed, 03 Jul 2024 01:06:19 GMT', 'Content-Type': 'application/json; charset=utf-8', 'Transfer-Encoding': 'chunked', 'Connection': 'keep-alive', 'X-Powered-By': 'Express', 'Access-Control-Allow-Origin': '*', 'Cache-Control': 'no-cache', 'ETag': 'W/"48a-RtYONVyeBOanq/CseC7qEIqsfNM"', 'Vary': 'Accept-Encoding', 'Content-Encoding': 'gzip', 'CF-Cache-Status': 'DYNAMIC', 'Report-To': '{"endpoints":[{"url":"https:\\/\\/a.nel.cloudflare.com\\/report\\/v4?s=1%2ByEmxXZQ8rrm9%2Fg8Lk6jS3jQR9P2ecSwtGFGtqs6vrh3q6zTIbQ%2BUBeR1nsOXF0NdyzL0ExGa2D60nNVcbKnXK5Z1aD6j0t2Sq468RwqPNdzTFqAgiSQPu2CER0vvx3"}],"group":"cf-nel","max_age":604800}', 'NEL': '{"success_fraction":0,"report_to":"cf-nel","max_age":604800}', 'Server': 'cloudflare', 'CF-RAY': '89d2f8e8dcc767b2-SJC', 'alt-svc': 'h3=":443"; ma=86400'} 
 body={"results":[{"gender":"male","name":{"title":"Mr","first":"Eino","last":"Remes"},"location":{"street":{"number":2223,"name":"Hämeentie"},"city":"Hollola","state":"Southern Savonia","country":"Finland","postcode":98068,"coordinates":{"latitude":"-28.2696","longitude":"-44.0717"},"timezone":{"offset":"+2:00","description":"Kaliningrad, South Africa"}},"email":"eino.remes@example.com","login":{"uuid":"4c8341cf-2baf-4e5c-be8d-b14fd063a0f1","username":"orangesnake744","password":"terminal","salt":"kQO86tYS","md5":"f0a76277b3f8725dda3a90a0c4601e95","sha1":"5632b97329a747da7ba72706fa5bc48b34e4d3a4","sha256":"b38179d342f4c7c78668fc68c60a297161617cc7f5ff47c05a7c44a74f247ff2"},"dob":{"date":"1948-10-18T18:22:40.714Z","age":75},"registered":{"date":"2007-07-08T13:42:30.551Z","age":16},"phone":"08-042-609","cell":"041-670-64-51","id":{"name":"HETU","value":"NaNNA931undefined"},"picture":{"large":"https://randomuser.me/api/portraits/men/94.jpg","medium":"https://randomuser.me/api/portraits/med/men/94.jpg","thumbnail":"https://randomuser.me/api/portraits/thumb/men/94.jpg"},"nat":"FI"}],"info":{"seed":"0bc2e3e0ee2614d4","results":1,"page":1,"version":"1.4"}} 
 </msg>
<msg time="2024-07-03T01:06:19.733281" level="INFO">/opt/hostedtoolcache/Python/3.12.4/x64/lib/python3.12/site-packages/urllib3/connectionpool.py:1099: InsecureRequestWarning: Unverified HTTPS request is being made to host 'randomuser.me'. Adding certificate verification is strongly advised. See: https://urllib3.readthedocs.io/en/latest/advanced-usage.html#tls-warnings
  warnings.warn(</msg>
<msg time="2024-07-03T01:06:19.733403" level="INFO">${response} = &lt;Response [200]&gt;</msg>
<var>${response}</var>
<arg>consultarAPI</arg>
<arg>/api</arg>
<doc>Sends a GET request on a previously created HTTP Session.</doc>
<status status="PASS" start="2024-07-03T01:06:19.639978" elapsed="0.093466"/>
</kw>
<kw name="Set Variable" owner="BuiltIn">
<msg time="2024-07-03T01:06:19.734622" level="INFO">${json_data} = {'results': [{'gender': 'male', 'name': {'title': 'Mr', 'first': 'Eino', 'last': 'Remes'}, 'location': {'street': {'number': 2223, 'name': 'Hämeentie'}, 'city': 'Hollola', 'state': 'Southern Savonia',...</msg>
<var>${json_data}</var>
<arg>${response.json()}</arg>
<doc>Returns the given values which can then be assigned to a variables.</doc>
<status status="PASS" start="2024-07-03T01:06:19.734051" elapsed="0.000600"/>
</kw>
<kw name="Set Variable" owner="BuiltIn">
<msg time="2024-07-03T01:06:19.735345" level="INFO">${name_title} = Mr</msg>
<var>${name_title}</var>
<arg>${json_data["results"][0]["name"]["title"]}</arg>
<doc>Returns the given values which can then be assigned to a variables.</doc>
<status status="PASS" start="2024-07-03T01:06:19.734962" elapsed="0.000407"/>
</kw>
<kw name="Create List" owner="BuiltIn">
<msg time="2024-07-03T01:06:19.735811" level="INFO">${allowed_titles} = ['Mr', 'Ms', 'Miss', 'Mrs', 'Madame', 'Monsieur']</msg>
<var>${allowed_titles}</var>
<arg>Mr</arg>
<arg>Ms</arg>
<arg>Miss</arg>
<arg>Mrs</arg>
<arg>Madame</arg>
<arg>Monsieur</arg>
<doc>Returns a list containing given items.</doc>
<status status="PASS" start="2024-07-03T01:06:19.735662" elapsed="0.000173"/>
</kw>
<kw name="List Should Contain Value" owner="Collections">
<arg>${allowed_titles}</arg>
<arg>${name_title}</arg>
<doc>Fails if the ``value`` is not found from ``list``.</doc>
<status status="PASS" start="2024-07-03T01:06:19.736171" elapsed="0.000189"/>
</kw>
<kw name="Set Variable" owner="BuiltIn">
<msg time="2024-07-03T01:06:19.736897" level="INFO">${name_country} = FI</msg>
<var>${name_country}</var>
<arg>${json_data["results"][0]["nat"]}</arg>
<doc>Returns the given values which can then be assigned to a variables.</doc>
<status status="PASS" start="2024-07-03T01:06:19.736535" elapsed="0.000386"/>
</kw>
<kw name="Create List" owner="BuiltIn">
<msg time="2024-07-03T01:06:19.737801" level="INFO">${list_country} = ['AD', 'AE', 'AF', 'AG', 'AI', 'AL', 'AM', 'AO', 'AQ', 'AR', 'AS', 'AT', 'AU', 'AW', 'AX', 'AZ', 'BA', 'BB', 'BD', 'BE', 'BF', 'BG', 'BH', 'BI', 'BJ', 'BL', 'BM', 'BN', 'BO', 'BQ', 'BR', 'BS', 'BT', '...</msg>
<var>${list_country}</var>
<arg>AD</arg>
<arg>AE</arg>
<arg>AF</arg>
<arg>AG</arg>
<arg>AI</arg>
<arg>AL</arg>
<arg>AM</arg>
<arg>AO</arg>
<arg>AQ</arg>
<arg>AR</arg>
<arg>AS</arg>
<arg>AT</arg>
<arg>AU</arg>
<arg>AW</arg>
<arg>AX</arg>
<arg>AZ</arg>
<arg>BA</arg>
<arg>BB</arg>
<arg>BD</arg>
<arg>BE</arg>
<arg>BF</arg>
<arg>BG</arg>
<arg>BH</arg>
<arg>BI</arg>
<arg>BJ</arg>
<arg>BL</arg>
<arg>BM</arg>
<arg>BN</arg>
<arg>BO</arg>
<arg>BQ</arg>
<arg>BR</arg>
<arg>BS</arg>
<arg>BT</arg>
<arg>BV</arg>
<arg>BW</arg>
<arg>BY</arg>
<arg>BZ</arg>
<arg>CA</arg>
<arg>CC</arg>
<arg>CD</arg>
<arg>CF</arg>
<arg>CG</arg>
<arg>CH</arg>
<arg>CI</arg>
<arg>CK</arg>
<arg>CL</arg>
<arg>CM</arg>
<arg>CN</arg>
<arg>CO</arg>
<arg>CR</arg>
<arg>CU</arg>
<arg>CV</arg>
<arg>CW</arg>
<arg>CX</arg>
<arg>CY</arg>
<arg>CZ</arg>
<arg>DE</arg>
<arg>DJ</arg>
<arg>DK</arg>
<arg>DM</arg>
<arg>DO</arg>
<arg>DZ</arg>
<arg>EC</arg>
<arg>EE</arg>
<arg>EG</arg>
<arg>EH</arg>
<arg>ER</arg>
<arg>ES</arg>
<arg>ET</arg>
<arg>FI</arg>
<arg>FJ</arg>
<arg>FK</arg>
<arg>FM</arg>
<arg>FO</arg>
<arg>FR</arg>
<arg>GA</arg>
<arg>GB</arg>
<arg>GD</arg>
<arg>GE</arg>
<arg>GF</arg>
<arg>GG</arg>
<arg>GH</arg>
<arg>GI</arg>
<arg>GL</arg>
<arg>GM</arg>
<arg>GN</arg>
<arg>GP</arg>
<arg>GQ</arg>
<arg>GR</arg>
<arg>GS</arg>
<arg>GT</arg>
<arg>GU</arg>
<arg>GW</arg>
<arg>GY</arg>
<arg>HK</arg>
<arg>HM</arg>
<arg>HN</arg>
<arg>HR</arg>
<arg>HT</arg>
<arg>HU</arg>
<arg>ID</arg>
<arg>IE</arg>
<arg>IL</arg>
<arg>IM</arg>
<arg>IN</arg>
<arg>IO</arg>
<arg>IQ</arg>
<arg>IR</arg>
<arg>IS</arg>
<arg>IT</arg>
<arg>JE</arg>
<arg>JM</arg>
<arg>JO</arg>
<arg>JP</arg>
<arg>KE</arg>
<arg>KG</arg>
<arg>KH</arg>
<arg>KI</arg>
<arg>KM</arg>
<arg>KN</arg>
<arg>KP</arg>
<arg>KR</arg>
<arg>KW</arg>
<arg>KY</arg>
<arg>KZ</arg>
<arg>LA</arg>
<arg>LB</arg>
<arg>LC</arg>
<arg>LI</arg>
<arg>LK</arg>
<arg>LR</arg>
<arg>LS</arg>
<arg>LT</arg>
<arg>LU</arg>
<arg>LV</arg>
<arg>LY</arg>
<arg>MA</arg>
<arg>MC</arg>
<arg>MD</arg>
<arg>ME</arg>
<arg>MF</arg>
<arg>MG</arg>
<arg>MH</arg>
<arg>MK</arg>
<arg>ML</arg>
<arg>MM</arg>
<arg>MN</arg>
<arg>MO</arg>
<arg>MP</arg>
<arg>MQ</arg>
<arg>MR</arg>
<arg>MS</arg>
<arg>MT</arg>
<arg>MU</arg>
<arg>MV</arg>
<arg>MW</arg>
<arg>MX</arg>
<arg>MY</arg>
<arg>MZ</arg>
<arg>NA</arg>
<arg>NC</arg>
<arg>NE</arg>
<arg>NF</arg>
<arg>NG</arg>
<arg>NI</arg>
<arg>NL</arg>
<arg>NO</arg>
<arg>NP</arg>
<arg>NR</arg>
<arg>NU</arg>
<arg>NZ</arg>
<arg>OM</arg>
<arg>PA</arg>
<arg>PE</arg>
<arg>PF</arg>
<arg>PG</arg>
<arg>PH</arg>
<arg>PK</arg>
<arg>PL</arg>
<arg>PM</arg>
<arg>PN</arg>
<arg>PR</arg>
<arg>PS</arg>
<arg>PT</arg>
<arg>PW</arg>
<arg>PY</arg>
<arg>QA</arg>
<arg>RE</arg>
<arg>RO</arg>
<arg>RS</arg>
<arg>RU</arg>
<arg>RW</arg>
<arg>SA</arg>
<arg>SB</arg>
<arg>SC</arg>
<arg>SD</arg>
<arg>SE</arg>
<arg>SG</arg>
<arg>SH</arg>
<arg>SI</arg>
<arg>SJ</arg>
<arg>SK</arg>
<arg>SL</arg>
<arg>SM</arg>
<arg>SN</arg>
<arg>SO</arg>
<arg>SR</arg>
<arg>SS</arg>
<arg>ST</arg>
<arg>SV</arg>
<arg>SX</arg>
<arg>SY</arg>
<arg>SZ</arg>
<arg>TC</arg>
<arg>TD</arg>
<arg>TF</arg>
<arg>TG</arg>
<arg>TH</arg>
<arg>TJ</arg>
<arg>TK</arg>
<arg>TL</arg>
<arg>TM</arg>
<arg>TN</arg>
<arg>TO</arg>
<arg>TR</arg>
<arg>TT</arg>
<arg>TV</arg>
<arg>TW</arg>
<arg>TZ</arg>
<arg>UA</arg>
<arg>UG</arg>
<arg>UM</arg>
<arg>US</arg>
<arg>UY</arg>
<arg>UZ</arg>
<arg>VA</arg>
<arg>VC</arg>
<arg>VE</arg>
<arg>VG</arg>
<arg>VI</arg>
<arg>VN</arg>
<arg>VU</arg>
<arg>WF</arg>
<arg>WS</arg>
<arg>XK</arg>
<arg>YE</arg>
<arg>YT</arg>
<arg>ZA</arg>
<arg>ZM</arg>
<arg>ZW</arg>
<doc>Returns a list containing given items.</doc>
<status status="PASS" start="2024-07-03T01:06:19.737205" elapsed="0.000621"/>
</kw>
<kw name="List Should Contain Value" owner="Collections">
<arg>${list_country}</arg>
<arg>${name_country}</arg>
<doc>Fails if the ``value`` is not found from ``list``.</doc>
<status status="PASS" start="2024-07-03T01:06:19.738616" elapsed="0.000201"/>
</kw>
<kw name="Run Keyword If" owner="BuiltIn">
<kw name="Should Be True" owner="BuiltIn">
<arg>${True}</arg>
<doc>Fails if the given condition is not true.</doc>
<status status="PASS" start="2024-07-03T01:06:19.739773" elapsed="0.000149"/>
</kw>
<arg>${json_data["results"][0]["location"]["coordinates"]["latitude"]} &gt;= -90 and ${json_data["results"][0]["location"]["coordinates"]["latitude"]} &lt;= 90</arg>
<arg>Should Be True</arg>
<arg>${True}</arg>
<doc>Runs the given keyword with the given arguments, if ``condition`` is true.</doc>
<status status="PASS" start="2024-07-03T01:06:19.739010" elapsed="0.001039"/>
</kw>
<kw name="Run Keyword If" owner="BuiltIn">
<kw name="Should Be True" owner="BuiltIn">
<arg>${True}</arg>
<doc>Fails if the given condition is not true.</doc>
<status status="PASS" start="2024-07-03T01:06:19.740966" elapsed="0.000135"/>
</kw>
<arg>${json_data["results"][0]["location"]["coordinates"]["longitude"]} &gt;= -180 and ${json_data["results"][0]["location"]["coordinates"]["longitude"]} &lt;= 180</arg>
<arg>Should Be True</arg>
<arg>${True}</arg>
<doc>Runs the given keyword with the given arguments, if ``condition`` is true.</doc>
<status status="PASS" start="2024-07-03T01:06:19.740279" elapsed="0.000943"/>
</kw>
<status status="PASS" start="2024-07-03T01:06:19.639590" elapsed="0.101764"/>
</kw>
<doc>Testa o conteúdo específico dos campos retornados pela API.</doc>
<tag>testeConteudo</tag>
<status status="PASS" start="2024-07-03T01:06:19.639034" elapsed="0.102470"/>
</test>
<status status="PASS" start="2024-07-03T01:06:18.355818" elapsed="1.387672"/>
</suite>
<status status="PASS" start="2024-07-03T01:06:18.340502" elapsed="1.408189"/>
</suite>
<statistics>
<total>
<stat pass="5" fail="0" skip="0">All Tests</stat>
</total>
<tag>
<stat pass="1" fail="0" skip="0">testeConteudo</stat>
<stat pass="1" fail="0" skip="0">testeEstruturaResposta</stat>
<stat pass="1" fail="0" skip="0">testeRequisicaoBasica</stat>
<stat pass="1" fail="0" skip="0">testeTiposDados</stat>
</tag>
<suite>
<stat pass="5" fail="0" skip="0" id="s1" name="Tests">Tests</stat>
<stat pass="5" fail="0" skip="0" id="s1-s1" name="Random-User-Test">Tests.Random-User-Test</stat>
</suite>
</statistics>
<errors>
</errors>
</robot>
