<?xml version="1.0" encoding="UTF-8"?>
<robot generator="Robot 7.0 (Python 3.12.2 on linux)" generated="2024-04-16T04:16:33.420214" rpa="false" schemaversion="5">
<suite id="s1" name="Tests" source="/home/runner/work/DesafioQAItauRogerioJordao/DesafioQAItauRogerioJordao/RamdonUser/tests">
<suite id="s1-s1" name="Random-User-Test" source="/home/runner/work/DesafioQAItauRogerioJordao/DesafioQAItauRogerioJordao/RamdonUser/tests/random-user-test.robot">
<test id="s1-s1-t1" name="Conectar" line="13">
<kw name="Conectar API" owner="random-user-service">
<kw name="Create Session" owner="RequestsLibrary">
<msg time="2024-04-16T04:16:33.782420" level="INFO">Creating Session using : alias=consultarAPI, url=https://randomuser.me/, headers={},                     cookies={}, auth=None, timeout=None, proxies=None, verify=False,                     debug=0 </msg>
<arg>consultarAPI</arg>
<arg>${URL}</arg>
<doc>Create Session: create a HTTP session to a server</doc>
<status status="PASS" start="2024-04-16T04:16:33.782204" elapsed="0.000398"/>
</kw>
<status status="PASS" start="2024-04-16T04:16:33.781169" elapsed="0.001795"/>
</kw>
<status status="PASS" start="2024-04-16T04:16:33.780581" elapsed="0.002593"/>
</test>
<test id="s1-s1-t2" name="Validar retorno 200 e JSON Válido" line="16">
<kw name="Teste de Requisicao Basica" owner="random-user-service">
<kw name="GET On Session" owner="RequestsLibrary">
<msg time="2024-04-16T04:16:33.932255" level="INFO">GET Request : url=https://randomuser.me/api 
 path_url=/api 
 headers={'User-Agent': 'python-requests/2.31.0', 'Accept-Encoding': 'gzip, deflate', 'Accept': '*/*', 'Connection': 'keep-alive'} 
 body=None 
 </msg>
<msg time="2024-04-16T04:16:33.932419" level="INFO">GET Response : url=https://randomuser.me/api 
 status=200, reason=OK 
 headers={'Date': 'Tue, 16 Apr 2024 04:16:33 GMT', 'Content-Type': 'application/json; charset=utf-8', 'Transfer-Encoding': 'chunked', 'Connection': 'keep-alive', 'X-Powered-By': 'Express', 'Access-Control-Allow-Origin': '*', 'Cache-Control': 'no-cache', 'ETag': 'W/"4a5-qiy9TpvR0s29gStP3XCPu1OOmSQ"', 'Vary': 'Accept-Encoding', 'Content-Encoding': 'gzip', 'CF-Cache-Status': 'DYNAMIC', 'Report-To': '{"endpoints":[{"url":"https:\\/\\/a.nel.cloudflare.com\\/report\\/v4?s=TjwtYRK8ZV2jPqVhRJznNxq1jcu5G3himaPvYvUz1Z7rWK8Gy1CPHkY4oeMm6MwCt42wPJyclkqanF79n418ipn9AkcXRIjXLJzSu3OOQFo91ySVa6X8pJOID4b8NC5q"}],"group":"cf-nel","max_age":604800}', 'NEL': '{"success_fraction":0,"report_to":"cf-nel","max_age":604800}', 'Server': 'cloudflare', 'CF-RAY': '87515c537c242f04-LAX', 'alt-svc': 'h3=":443"; ma=86400'} 
 body={"results":[{"gender":"female","name":{"title":"Mrs","first":"Guta","last":"Oliveira"},"location":{"street":{"number":850,"name":"Rua Rui Barbosa "},"city":"Araras","state":"Amazonas","country":"Brazil","postcode":49550,"coordinates":{"latitude":"-73.6209","longitude":"135.3322"},"timezone":{"offset":"+3:00","description":"Baghdad, Riyadh, Moscow, St. Petersburg"}},"email":"guta.oliveira@example.com","login":{"uuid":"6b781901-77c6-4d5b-a341-5d74131b02e3","username":"beautifulgoose869","password":"coolman","salt":"EWAYxR6p","md5":"18b7b4620f00161405c489122d6cdb87","sha1":"2db83c05e592328c99e22d269bbce055223e32e3","sha256":"9af27d03cbb511063e6e103b3de2a16337fa532469b7c711a11cf52c44d9c879"},"dob":{"date":"1971-05-24T07:43:34.321Z","age":52},"registered":{"date":"2007-11-29T03:16:19.644Z","age":16},"phone":"(20) 6019-2957","cell":"(14) 2320-1013","id":{"name":"CPF","value":"835.392.609-21"},"picture":{"large":"https://randomuser.me/api/portraits/women/10.jpg","medium":"https://randomuser.me/api/portraits/med/women/10.jpg","thumbnail":"https://randomuser.me/api/portraits/thumb/women/10.jpg"},"nat":"BR"}],"info":{"seed":"4613e09abed91843","results":1,"page":1,"version":"1.4"}} 
 </msg>
<msg time="2024-04-16T04:16:33.932509" level="INFO">/opt/hostedtoolcache/Python/3.12.2/x64/lib/python3.12/site-packages/urllib3/connectionpool.py:1103: InsecureRequestWarning: Unverified HTTPS request is being made to host 'randomuser.me'. Adding certificate verification is strongly advised. See: https://urllib3.readthedocs.io/en/latest/advanced-usage.html#tls-warnings
  warnings.warn(</msg>
<msg time="2024-04-16T04:16:33.932681" level="INFO">${response} = &lt;Response [200]&gt;</msg>
<var>${response}</var>
<arg>consultarAPI</arg>
<arg>/api</arg>
<doc>Sends a GET request on a previously created HTTP Session.</doc>
<status status="PASS" start="2024-04-16T04:16:33.785861" elapsed="0.146868"/>
</kw>
<kw name="Should Be Equal As Numbers" owner="BuiltIn">
<msg time="2024-04-16T04:16:33.933869" level="INFO">Argument types are:
&lt;class 'int'&gt;
&lt;class 'str'&gt;</msg>
<arg>${response.status_code}</arg>
<arg>200</arg>
<doc>Fails if objects are unequal after converting them to real numbers.</doc>
<status status="PASS" start="2024-04-16T04:16:33.933375" elapsed="0.000567"/>
</kw>
<kw name="Log" owner="BuiltIn">
<msg time="2024-04-16T04:16:33.934745" level="INFO">200</msg>
<arg>${response.status_code}</arg>
<doc>Logs the given message with the given level.</doc>
<status status="PASS" start="2024-04-16T04:16:33.934346" elapsed="0.000445"/>
</kw>
<kw name="Set Variable" owner="BuiltIn">
<msg time="2024-04-16T04:16:33.935642" level="INFO">${json_data} = {'results': [{'gender': 'female', 'name': {'title': 'Mrs', 'first': 'Guta', 'last': 'Oliveira'}, 'location': {'street': {'number': 850, 'name': 'Rua Rui Barbosa '}, 'city': 'Araras', 'state': 'Amazona...</msg>
<var>${json_data}</var>
<arg>${response.json()}</arg>
<doc>Returns the given values which can then be assigned to a variables.</doc>
<status status="PASS" start="2024-04-16T04:16:33.935157" elapsed="0.000514"/>
</kw>
<kw name="Dictionary Should Contain Key" owner="Collections">
<msg time="2024-04-16T04:16:33.936168" level="INFO">False</msg>
<arg>${json_data}</arg>
<arg>results</arg>
<doc>Fails if ``key`` is not found from ``dictionary``.</doc>
<status status="PASS" start="2024-04-16T04:16:33.935990" elapsed="0.000224"/>
</kw>
<status status="PASS" start="2024-04-16T04:16:33.785601" elapsed="0.150881"/>
</kw>
<doc>Testa se a API responde corretamente e retorna um objeto JSON válido.</doc>
<tag>testeRequisicaoBasica</tag>
<status status="PASS" start="2024-04-16T04:16:33.785071" elapsed="0.151606"/>
</test>
<test id="s1-s1-t3" name="Validar estrutura de resposta" line="22">
<kw name="Teste de Estrutura de Resposta" owner="random-user-service">
<kw name="GET On Session" owner="RequestsLibrary">
<msg time="2024-04-16T04:16:34.046691" level="INFO">GET Request : url=https://randomuser.me/api 
 path_url=/api 
 headers={'User-Agent': 'python-requests/2.31.0', 'Accept-Encoding': 'gzip, deflate', 'Accept': '*/*', 'Connection': 'keep-alive'} 
 body=None 
 </msg>
<msg time="2024-04-16T04:16:34.046792" level="INFO">GET Response : url=https://randomuser.me/api 
 status=200, reason=OK 
 headers={'Date': 'Tue, 16 Apr 2024 04:16:34 GMT', 'Content-Type': 'application/json; charset=utf-8', 'Transfer-Encoding': 'chunked', 'Connection': 'keep-alive', 'X-Powered-By': 'Express', 'Access-Control-Allow-Origin': '*', 'Cache-Control': 'no-cache', 'ETag': 'W/"489-BOTk2yMWFPq/GqBsh/JSQUdh9tE"', 'Vary': 'Accept-Encoding', 'Content-Encoding': 'gzip', 'CF-Cache-Status': 'DYNAMIC', 'Report-To': '{"endpoints":[{"url":"https:\\/\\/a.nel.cloudflare.com\\/report\\/v4?s=W2R4SnXDJb4ymoATC9XoD8qO7mNS7R1laq4%2BMunfmFLk9xymZ6hkLfMIsyvkv1JehMY7CpQpmAeXqw6iUFzn%2F2vJ6wjAb710gjOe168BL7od5tFF5Wt4zhON119qfMBr"}],"group":"cf-nel","max_age":604800}', 'NEL': '{"success_fraction":0,"report_to":"cf-nel","max_age":604800}', 'Server': 'cloudflare', 'CF-RAY': '87515c542d252f04-LAX', 'alt-svc': 'h3=":443"; ma=86400'} 
 body={"results":[{"gender":"male","name":{"title":"Mr","first":"Radenko","last":"Rađen"},"location":{"street":{"number":7765,"name":"Milorada Popovića"},"city":"Čoka","state":"Srem","country":"Serbia","postcode":74982,"coordinates":{"latitude":"61.7653","longitude":"-81.1678"},"timezone":{"offset":"-6:00","description":"Central Time (US &amp; Canada), Mexico City"}},"email":"radenko.raden@example.com","login":{"uuid":"a93c83db-a069-43b5-ab61-dcfd0627eaab","username":"happybird879","password":"ready","salt":"NbALlTu5","md5":"34dcecce4dc0eb68f4fdaaf7906684cb","sha1":"d61696c482262ec4d0524f1ea78fe3922fe4e089","sha256":"75813f7587a4b7cac8ba6bc6398f3155022c2c89538866ea20f8d68ca185eb96"},"dob":{"date":"1988-12-04T23:23:38.522Z","age":35},"registered":{"date":"2021-06-29T17:23:04.616Z","age":2},"phone":"014-1486-666","cell":"067-0627-211","id":{"name":"SID","value":"729235331"},"picture":{"large":"https://randomuser.me/api/portraits/men/85.jpg","medium":"https://randomuser.me/api/portraits/med/men/85.jpg","thumbnail":"https://randomuser.me/api/portraits/thumb/men/85.jpg"},"nat":"RS"}],"info":{"seed":"f89760dcedea24e6","results":1,"page":1,"version":"1.4"}} 
 </msg>
<msg time="2024-04-16T04:16:34.046953" level="INFO">/opt/hostedtoolcache/Python/3.12.2/x64/lib/python3.12/site-packages/urllib3/connectionpool.py:1103: InsecureRequestWarning: Unverified HTTPS request is being made to host 'randomuser.me'. Adding certificate verification is strongly advised. See: https://urllib3.readthedocs.io/en/latest/advanced-usage.html#tls-warnings
  warnings.warn(</msg>
<msg time="2024-04-16T04:16:34.047111" level="INFO">${response} = &lt;Response [200]&gt;</msg>
<var>${response}</var>
<arg>consultarAPI</arg>
<arg>/api</arg>
<doc>Sends a GET request on a previously created HTTP Session.</doc>
<status status="PASS" start="2024-04-16T04:16:33.939666" elapsed="0.107495"/>
</kw>
<kw name="Set Variable" owner="BuiltIn">
<msg time="2024-04-16T04:16:34.048156" level="INFO">${json_data} = {'results': [{'gender': 'male', 'name': {'title': 'Mr', 'first': 'Radenko', 'last': 'Rađen'}, 'location': {'street': {'number': 7765, 'name': 'Milorada Popovića'}, 'city': 'Čoka', 'state': 'Srem', 'co...</msg>
<var>${json_data}</var>
<arg>${response.json()}</arg>
<doc>Returns the given values which can then be assigned to a variables.</doc>
<status status="PASS" start="2024-04-16T04:16:34.047631" elapsed="0.000556"/>
</kw>
<kw name="Log" owner="BuiltIn">
<msg time="2024-04-16T04:16:34.048684" level="INFO">{'results': [{'gender': 'male', 'name': {'title': 'Mr', 'first': 'Radenko', 'last': 'Rađen'}, 'location': {'street': {'number': 7765, 'name': 'Milorada Popovića'}, 'city': 'Čoka', 'state': 'Srem', 'country': 'Serbia', 'postcode': 74982, 'coordinates': {'latitude': '61.7653', 'longitude': '-81.1678'}, 'timezone': {'offset': '-6:00', 'description': 'Central Time (US &amp; Canada), Mexico City'}}, 'email': 'radenko.raden@example.com', 'login': {'uuid': 'a93c83db-a069-43b5-ab61-dcfd0627eaab', 'username': 'happybird879', 'password': 'ready', 'salt': 'NbALlTu5', 'md5': '34dcecce4dc0eb68f4fdaaf7906684cb', 'sha1': 'd61696c482262ec4d0524f1ea78fe3922fe4e089', 'sha256': '75813f7587a4b7cac8ba6bc6398f3155022c2c89538866ea20f8d68ca185eb96'}, 'dob': {'date': '1988-12-04T23:23:38.522Z', 'age': 35}, 'registered': {'date': '2021-06-29T17:23:04.616Z', 'age': 2}, 'phone': '014-1486-666', 'cell': '067-0627-211', 'id': {'name': 'SID', 'value': '729235331'}, 'picture': {'large': 'https://randomuser.me/api/portraits/men/85.jpg', 'medium': 'https://randomuser.me/api/portraits/med/men/85.jpg', 'thumbnail': 'https://randomuser.me/api/portraits/thumb/men/85.jpg'}, 'nat': 'RS'}], 'info': {'seed': 'f89760dcedea24e6', 'results': 1, 'page': 1, 'version': '1.4'}}</msg>
<arg>${json_data}</arg>
<doc>Logs the given message with the given level.</doc>
<status status="PASS" start="2024-04-16T04:16:34.048515" elapsed="0.000224"/>
</kw>
<kw name="Dictionary Should Contain Key" owner="Collections">
<msg time="2024-04-16T04:16:34.049212" level="INFO">False</msg>
<arg>${json_data}</arg>
<arg>results</arg>
<doc>Fails if ``key`` is not found from ``dictionary``.</doc>
<status status="PASS" start="2024-04-16T04:16:34.049051" elapsed="0.000200"/>
</kw>
<kw name="Should Not Be Empty" owner="BuiltIn">
<msg time="2024-04-16T04:16:34.049682" level="INFO">Length is 2.</msg>
<arg>${json_data}</arg>
<doc>Verifies that the given item is not empty.</doc>
<status status="PASS" start="2024-04-16T04:16:34.049548" elapsed="0.000173"/>
</kw>
<kw name="Create List" owner="BuiltIn">
<msg time="2024-04-16T04:16:34.050164" level="INFO">${expected_keys} = ['gender', 'name', 'location', 'email', 'login']</msg>
<var>${expected_keys}</var>
<arg>gender</arg>
<arg>name</arg>
<arg>location</arg>
<arg>email</arg>
<arg>login</arg>
<doc>Returns a list containing given items.</doc>
<status status="PASS" start="2024-04-16T04:16:34.050015" elapsed="0.000173"/>
</kw>
<for flavor="IN">
<iter>
<kw name="Dictionary Should Contain Key" owner="Collections">
<msg time="2024-04-16T04:16:34.051188" level="INFO">False</msg>
<arg>${json_data['results'][0]}</arg>
<arg>${key}</arg>
<doc>Fails if ``key`` is not found from ``dictionary``.</doc>
<status status="PASS" start="2024-04-16T04:16:34.050774" elapsed="0.000453"/>
</kw>
<kw name="Log" owner="BuiltIn">
<msg time="2024-04-16T04:16:34.051939" level="INFO">{'gender': 'male', 'name': {'title': 'Mr', 'first': 'Radenko', 'last': 'Rađen'}, 'location': {'street': {'number': 7765, 'name': 'Milorada Popovića'}, 'city': 'Čoka', 'state': 'Srem', 'country': 'Serbia', 'postcode': 74982, 'coordinates': {'latitude': '61.7653', 'longitude': '-81.1678'}, 'timezone': {'offset': '-6:00', 'description': 'Central Time (US &amp; Canada), Mexico City'}}, 'email': 'radenko.raden@example.com', 'login': {'uuid': 'a93c83db-a069-43b5-ab61-dcfd0627eaab', 'username': 'happybird879', 'password': 'ready', 'salt': 'NbALlTu5', 'md5': '34dcecce4dc0eb68f4fdaaf7906684cb', 'sha1': 'd61696c482262ec4d0524f1ea78fe3922fe4e089', 'sha256': '75813f7587a4b7cac8ba6bc6398f3155022c2c89538866ea20f8d68ca185eb96'}, 'dob': {'date': '1988-12-04T23:23:38.522Z', 'age': 35}, 'registered': {'date': '2021-06-29T17:23:04.616Z', 'age': 2}, 'phone': '014-1486-666', 'cell': '067-0627-211', 'id': {'name': 'SID', 'value': '729235331'}, 'picture': {'large': 'https://randomuser.me/api/portraits/men/85.jpg', 'medium': 'https://randomuser.me/api/portraits/med/men/85.jpg', 'thumbnail': 'https://randomuser.me/api/portraits/thumb/men/85.jpg'}, 'nat': 'RS'}</msg>
<arg>${json_data['results'][0]}</arg>
<doc>Logs the given message with the given level.</doc>
<status status="PASS" start="2024-04-16T04:16:34.051553" elapsed="0.000440"/>
</kw>
<kw name="Log" owner="BuiltIn">
<msg time="2024-04-16T04:16:34.052430" level="INFO">gender</msg>
<arg>${key}</arg>
<doc>Logs the given message with the given level.</doc>
<status status="PASS" start="2024-04-16T04:16:34.052298" elapsed="0.000171"/>
</kw>
<var name="${key}">gender</var>
<status status="PASS" start="2024-04-16T04:16:34.050646" elapsed="0.002047"/>
</iter>
<iter>
<kw name="Dictionary Should Contain Key" owner="Collections">
<msg time="2024-04-16T04:16:34.053400" level="INFO">False</msg>
<arg>${json_data['results'][0]}</arg>
<arg>${key}</arg>
<doc>Fails if ``key`` is not found from ``dictionary``.</doc>
<status status="PASS" start="2024-04-16T04:16:34.053001" elapsed="0.000438"/>
</kw>
<kw name="Log" owner="BuiltIn">
<msg time="2024-04-16T04:16:34.054147" level="INFO">{'gender': 'male', 'name': {'title': 'Mr', 'first': 'Radenko', 'last': 'Rađen'}, 'location': {'street': {'number': 7765, 'name': 'Milorada Popovića'}, 'city': 'Čoka', 'state': 'Srem', 'country': 'Serbia', 'postcode': 74982, 'coordinates': {'latitude': '61.7653', 'longitude': '-81.1678'}, 'timezone': {'offset': '-6:00', 'description': 'Central Time (US &amp; Canada), Mexico City'}}, 'email': 'radenko.raden@example.com', 'login': {'uuid': 'a93c83db-a069-43b5-ab61-dcfd0627eaab', 'username': 'happybird879', 'password': 'ready', 'salt': 'NbALlTu5', 'md5': '34dcecce4dc0eb68f4fdaaf7906684cb', 'sha1': 'd61696c482262ec4d0524f1ea78fe3922fe4e089', 'sha256': '75813f7587a4b7cac8ba6bc6398f3155022c2c89538866ea20f8d68ca185eb96'}, 'dob': {'date': '1988-12-04T23:23:38.522Z', 'age': 35}, 'registered': {'date': '2021-06-29T17:23:04.616Z', 'age': 2}, 'phone': '014-1486-666', 'cell': '067-0627-211', 'id': {'name': 'SID', 'value': '729235331'}, 'picture': {'large': 'https://randomuser.me/api/portraits/men/85.jpg', 'medium': 'https://randomuser.me/api/portraits/med/men/85.jpg', 'thumbnail': 'https://randomuser.me/api/portraits/thumb/men/85.jpg'}, 'nat': 'RS'}</msg>
<arg>${json_data['results'][0]}</arg>
<doc>Logs the given message with the given level.</doc>
<status status="PASS" start="2024-04-16T04:16:34.053765" elapsed="0.000439"/>
</kw>
<kw name="Log" owner="BuiltIn">
<msg time="2024-04-16T04:16:34.054640" level="INFO">name</msg>
<arg>${key}</arg>
<doc>Logs the given message with the given level.</doc>
<status status="PASS" start="2024-04-16T04:16:34.054511" elapsed="0.000168"/>
</kw>
<var name="${key}">name</var>
<status status="PASS" start="2024-04-16T04:16:34.052885" elapsed="0.002014"/>
</iter>
<iter>
<kw name="Dictionary Should Contain Key" owner="Collections">
<msg time="2024-04-16T04:16:34.055599" level="INFO">False</msg>
<arg>${json_data['results'][0]}</arg>
<arg>${key}</arg>
<doc>Fails if ``key`` is not found from ``dictionary``.</doc>
<status status="PASS" start="2024-04-16T04:16:34.055192" elapsed="0.000445"/>
</kw>
<kw name="Log" owner="BuiltIn">
<msg time="2024-04-16T04:16:34.056299" level="INFO">{'gender': 'male', 'name': {'title': 'Mr', 'first': 'Radenko', 'last': 'Rađen'}, 'location': {'street': {'number': 7765, 'name': 'Milorada Popovića'}, 'city': 'Čoka', 'state': 'Srem', 'country': 'Serbia', 'postcode': 74982, 'coordinates': {'latitude': '61.7653', 'longitude': '-81.1678'}, 'timezone': {'offset': '-6:00', 'description': 'Central Time (US &amp; Canada), Mexico City'}}, 'email': 'radenko.raden@example.com', 'login': {'uuid': 'a93c83db-a069-43b5-ab61-dcfd0627eaab', 'username': 'happybird879', 'password': 'ready', 'salt': 'NbALlTu5', 'md5': '34dcecce4dc0eb68f4fdaaf7906684cb', 'sha1': 'd61696c482262ec4d0524f1ea78fe3922fe4e089', 'sha256': '75813f7587a4b7cac8ba6bc6398f3155022c2c89538866ea20f8d68ca185eb96'}, 'dob': {'date': '1988-12-04T23:23:38.522Z', 'age': 35}, 'registered': {'date': '2021-06-29T17:23:04.616Z', 'age': 2}, 'phone': '014-1486-666', 'cell': '067-0627-211', 'id': {'name': 'SID', 'value': '729235331'}, 'picture': {'large': 'https://randomuser.me/api/portraits/men/85.jpg', 'medium': 'https://randomuser.me/api/portraits/med/men/85.jpg', 'thumbnail': 'https://randomuser.me/api/portraits/thumb/men/85.jpg'}, 'nat': 'RS'}</msg>
<arg>${json_data['results'][0]}</arg>
<doc>Logs the given message with the given level.</doc>
<status status="PASS" start="2024-04-16T04:16:34.055932" elapsed="0.000419"/>
</kw>
<kw name="Log" owner="BuiltIn">
<msg time="2024-04-16T04:16:34.056788" level="INFO">location</msg>
<arg>${key}</arg>
<doc>Logs the given message with the given level.</doc>
<status status="PASS" start="2024-04-16T04:16:34.056659" elapsed="0.000167"/>
</kw>
<var name="${key}">location</var>
<status status="PASS" start="2024-04-16T04:16:34.055080" elapsed="0.001967"/>
</iter>
<iter>
<kw name="Dictionary Should Contain Key" owner="Collections">
<msg time="2024-04-16T04:16:34.057719" level="INFO">False</msg>
<arg>${json_data['results'][0]}</arg>
<arg>${key}</arg>
<doc>Fails if ``key`` is not found from ``dictionary``.</doc>
<status status="PASS" start="2024-04-16T04:16:34.057336" elapsed="0.000420"/>
</kw>
<kw name="Log" owner="BuiltIn">
<msg time="2024-04-16T04:16:34.058418" level="INFO">{'gender': 'male', 'name': {'title': 'Mr', 'first': 'Radenko', 'last': 'Rađen'}, 'location': {'street': {'number': 7765, 'name': 'Milorada Popovića'}, 'city': 'Čoka', 'state': 'Srem', 'country': 'Serbia', 'postcode': 74982, 'coordinates': {'latitude': '61.7653', 'longitude': '-81.1678'}, 'timezone': {'offset': '-6:00', 'description': 'Central Time (US &amp; Canada), Mexico City'}}, 'email': 'radenko.raden@example.com', 'login': {'uuid': 'a93c83db-a069-43b5-ab61-dcfd0627eaab', 'username': 'happybird879', 'password': 'ready', 'salt': 'NbALlTu5', 'md5': '34dcecce4dc0eb68f4fdaaf7906684cb', 'sha1': 'd61696c482262ec4d0524f1ea78fe3922fe4e089', 'sha256': '75813f7587a4b7cac8ba6bc6398f3155022c2c89538866ea20f8d68ca185eb96'}, 'dob': {'date': '1988-12-04T23:23:38.522Z', 'age': 35}, 'registered': {'date': '2021-06-29T17:23:04.616Z', 'age': 2}, 'phone': '014-1486-666', 'cell': '067-0627-211', 'id': {'name': 'SID', 'value': '729235331'}, 'picture': {'large': 'https://randomuser.me/api/portraits/men/85.jpg', 'medium': 'https://randomuser.me/api/portraits/med/men/85.jpg', 'thumbnail': 'https://randomuser.me/api/portraits/thumb/men/85.jpg'}, 'nat': 'RS'}</msg>
<arg>${json_data['results'][0]}</arg>
<doc>Logs the given message with the given level.</doc>
<status status="PASS" start="2024-04-16T04:16:34.058054" elapsed="0.000434"/>
</kw>
<kw name="Log" owner="BuiltIn">
<msg time="2024-04-16T04:16:34.058930" level="INFO">email</msg>
<arg>${key}</arg>
<doc>Logs the given message with the given level.</doc>
<status status="PASS" start="2024-04-16T04:16:34.058803" elapsed="0.000171"/>
</kw>
<var name="${key}">email</var>
<status status="PASS" start="2024-04-16T04:16:34.057225" elapsed="0.001968"/>
</iter>
<iter>
<kw name="Dictionary Should Contain Key" owner="Collections">
<msg time="2024-04-16T04:16:34.059885" level="INFO">False</msg>
<arg>${json_data['results'][0]}</arg>
<arg>${key}</arg>
<doc>Fails if ``key`` is not found from ``dictionary``.</doc>
<status status="PASS" start="2024-04-16T04:16:34.059502" elapsed="0.000421"/>
</kw>
<kw name="Log" owner="BuiltIn">
<msg time="2024-04-16T04:16:34.060587" level="INFO">{'gender': 'male', 'name': {'title': 'Mr', 'first': 'Radenko', 'last': 'Rađen'}, 'location': {'street': {'number': 7765, 'name': 'Milorada Popovića'}, 'city': 'Čoka', 'state': 'Srem', 'country': 'Serbia', 'postcode': 74982, 'coordinates': {'latitude': '61.7653', 'longitude': '-81.1678'}, 'timezone': {'offset': '-6:00', 'description': 'Central Time (US &amp; Canada), Mexico City'}}, 'email': 'radenko.raden@example.com', 'login': {'uuid': 'a93c83db-a069-43b5-ab61-dcfd0627eaab', 'username': 'happybird879', 'password': 'ready', 'salt': 'NbALlTu5', 'md5': '34dcecce4dc0eb68f4fdaaf7906684cb', 'sha1': 'd61696c482262ec4d0524f1ea78fe3922fe4e089', 'sha256': '75813f7587a4b7cac8ba6bc6398f3155022c2c89538866ea20f8d68ca185eb96'}, 'dob': {'date': '1988-12-04T23:23:38.522Z', 'age': 35}, 'registered': {'date': '2021-06-29T17:23:04.616Z', 'age': 2}, 'phone': '014-1486-666', 'cell': '067-0627-211', 'id': {'name': 'SID', 'value': '729235331'}, 'picture': {'large': 'https://randomuser.me/api/portraits/men/85.jpg', 'medium': 'https://randomuser.me/api/portraits/med/men/85.jpg', 'thumbnail': 'https://randomuser.me/api/portraits/thumb/men/85.jpg'}, 'nat': 'RS'}</msg>
<arg>${json_data['results'][0]}</arg>
<doc>Logs the given message with the given level.</doc>
<status status="PASS" start="2024-04-16T04:16:34.060222" elapsed="0.000428"/>
</kw>
<kw name="Log" owner="BuiltIn">
<msg time="2024-04-16T04:16:34.061140" level="INFO">login</msg>
<arg>${key}</arg>
<doc>Logs the given message with the given level.</doc>
<status status="PASS" start="2024-04-16T04:16:34.060994" elapsed="0.000185"/>
</kw>
<var name="${key}">login</var>
<status status="PASS" start="2024-04-16T04:16:34.059369" elapsed="0.002056"/>
</iter>
<var>${key}</var>
<value>@{expected_keys}</value>
<status status="PASS" start="2024-04-16T04:16:34.050451" elapsed="0.011104"/>
</for>
<kw name="Create List" owner="BuiltIn">
<msg time="2024-04-16T04:16:34.061901" level="INFO">${expected_keysTwo} = ['username', 'password']</msg>
<var>${expected_keysTwo}</var>
<arg>username</arg>
<arg>password</arg>
<doc>Returns a list containing given items.</doc>
<status status="PASS" start="2024-04-16T04:16:34.061761" elapsed="0.000165"/>
</kw>
<for flavor="IN">
<iter>
<kw name="Dictionary Should Contain Key" owner="Collections">
<msg time="2024-04-16T04:16:34.062970" level="INFO">False</msg>
<arg>${json_data['results'][0]['login']}</arg>
<arg>${keyTwo}</arg>
<doc>Fails if ``key`` is not found from ``dictionary``.</doc>
<status status="PASS" start="2024-04-16T04:16:34.062583" elapsed="0.000425"/>
</kw>
<kw name="Dictionary Should Contain Key" owner="Collections">
<msg time="2024-04-16T04:16:34.063736" level="INFO">False</msg>
<arg>${json_data['results'][0]['login']}</arg>
<arg>${keyTwo}</arg>
<doc>Fails if ``key`` is not found from ``dictionary``.</doc>
<status status="PASS" start="2024-04-16T04:16:34.063322" elapsed="0.000451"/>
</kw>
<kw name="Log" owner="BuiltIn">
<msg time="2024-04-16T04:16:34.064206" level="INFO">username</msg>
<arg>${keyTwo}</arg>
<doc>Logs the given message with the given level.</doc>
<status status="PASS" start="2024-04-16T04:16:34.064074" elapsed="0.000169"/>
</kw>
<var name="${keyTwo}">username</var>
<status status="PASS" start="2024-04-16T04:16:34.062469" elapsed="0.001992"/>
</iter>
<iter>
<kw name="Dictionary Should Contain Key" owner="Collections">
<msg time="2024-04-16T04:16:34.065133" level="INFO">False</msg>
<arg>${json_data['results'][0]['login']}</arg>
<arg>${keyTwo}</arg>
<doc>Fails if ``key`` is not found from ``dictionary``.</doc>
<status status="PASS" start="2024-04-16T04:16:34.064746" elapsed="0.000426"/>
</kw>
<kw name="Dictionary Should Contain Key" owner="Collections">
<msg time="2024-04-16T04:16:34.065845" level="INFO">False</msg>
<arg>${json_data['results'][0]['login']}</arg>
<arg>${keyTwo}</arg>
<doc>Fails if ``key`` is not found from ``dictionary``.</doc>
<status status="PASS" start="2024-04-16T04:16:34.065466" elapsed="0.000415"/>
</kw>
<kw name="Log" owner="BuiltIn">
<msg time="2024-04-16T04:16:34.066317" level="INFO">password</msg>
<arg>${keyTwo}</arg>
<doc>Logs the given message with the given level.</doc>
<status status="PASS" start="2024-04-16T04:16:34.066188" elapsed="0.000168"/>
</kw>
<var name="${keyTwo}">password</var>
<status status="PASS" start="2024-04-16T04:16:34.064637" elapsed="0.001935"/>
</iter>
<var>${keyTwo}</var>
<value>@{expected_keysTwo}</value>
<status status="PASS" start="2024-04-16T04:16:34.062182" elapsed="0.004513"/>
</for>
<status status="PASS" start="2024-04-16T04:16:33.939379" elapsed="0.127462"/>
</kw>
<doc>Testa a estrutura da resposta da API.</doc>
<tag>testeEstruturaResposta</tag>
<status status="PASS" start="2024-04-16T04:16:33.938576" elapsed="0.128430"/>
</test>
<test id="s1-s1-t4" name="Validar tipos de dados" line="28">
<kw name="Teste de Tipos de Dados" owner="random-user-service">
<kw name="GET On Session" owner="RequestsLibrary">
<msg time="2024-04-16T04:16:34.168011" level="INFO">GET Request : url=https://randomuser.me/api 
 path_url=/api 
 headers={'User-Agent': 'python-requests/2.31.0', 'Accept-Encoding': 'gzip, deflate', 'Accept': '*/*', 'Connection': 'keep-alive'} 
 body=None 
 </msg>
<msg time="2024-04-16T04:16:34.168112" level="INFO">GET Response : url=https://randomuser.me/api 
 status=200, reason=OK 
 headers={'Date': 'Tue, 16 Apr 2024 04:16:34 GMT', 'Content-Type': 'application/json; charset=utf-8', 'Transfer-Encoding': 'chunked', 'Connection': 'keep-alive', 'X-Powered-By': 'Express', 'Access-Control-Allow-Origin': '*', 'Cache-Control': 'no-cache', 'ETag': 'W/"49e-VgucbAkjIEhrjJjQBzLmrOywrhw"', 'Vary': 'Accept-Encoding', 'Content-Encoding': 'gzip', 'CF-Cache-Status': 'DYNAMIC', 'Report-To': '{"endpoints":[{"url":"https:\\/\\/a.nel.cloudflare.com\\/report\\/v4?s=sjsf%2BZkUq7xLjG6QVW%2BkNR%2BOJMCS4CD9u04%2BdNuVoYT2L0Q4xFIQyMRLZNPrdPwsRV05tEJu4mogfl60zGKvH6%2FEm1xiUXhgmQSQ7dpoYIcvgBN6AHJcPWEXKtGqHUOD"}],"group":"cf-nel","max_age":604800}', 'NEL': '{"success_fraction":0,"report_to":"cf-nel","max_age":604800}', 'Server': 'cloudflare', 'CF-RAY': '87515c54fe562f04-LAX', 'alt-svc': 'h3=":443"; ma=86400'} 
 body={"results":[{"gender":"male","name":{"title":"Mr","first":"Emiliano","last":"Centeno"},"location":{"street":{"number":7734,"name":"Cerrada Madrigal"},"city":"Santa Cruz de Miramar","state":"Hidalgo","country":"Mexico","postcode":68390,"coordinates":{"latitude":"29.8232","longitude":"-40.3058"},"timezone":{"offset":"-8:00","description":"Pacific Time (US &amp; Canada)"}},"email":"emiliano.centeno@example.com","login":{"uuid":"332c5c6a-274c-4d6d-a757-09e24299b071","username":"greenkoala149","password":"hokies","salt":"iBrX1yYA","md5":"fc9b03366c3615569df3d716b77ea3c4","sha1":"14a321576a73622b6ccdbd80fe37d5f5e468394a","sha256":"48e0f478ddbae746cee43d41bc35dbe03ea6be00201a64bc4482f9d48a7c8325"},"dob":{"date":"1978-09-17T09:43:25.917Z","age":45},"registered":{"date":"2020-09-09T21:08:23.845Z","age":3},"phone":"(621) 557 0410","cell":"(623) 918 3956","id":{"name":"NSS","value":"85 10 91 2231 3"},"picture":{"large":"https://randomuser.me/api/portraits/men/13.jpg","medium":"https://randomuser.me/api/portraits/med/men/13.jpg","thumbnail":"https://randomuser.me/api/portraits/thumb/men/13.jpg"},"nat":"MX"}],"info":{"seed":"1b3ed3c04f46e08e","results":1,"page":1,"version":"1.4"}} 
 </msg>
<msg time="2024-04-16T04:16:34.168194" level="INFO">/opt/hostedtoolcache/Python/3.12.2/x64/lib/python3.12/site-packages/urllib3/connectionpool.py:1103: InsecureRequestWarning: Unverified HTTPS request is being made to host 'randomuser.me'. Adding certificate verification is strongly advised. See: https://urllib3.readthedocs.io/en/latest/advanced-usage.html#tls-warnings
  warnings.warn(</msg>
<msg time="2024-04-16T04:16:34.168347" level="INFO">${response} = &lt;Response [200]&gt;</msg>
<var>${response}</var>
<arg>consultarAPI</arg>
<arg>/api</arg>
<doc>Sends a GET request on a previously created HTTP Session.</doc>
<status status="PASS" start="2024-04-16T04:16:34.069665" elapsed="0.098726"/>
</kw>
<kw name="Set Variable" owner="BuiltIn">
<msg time="2024-04-16T04:16:34.169374" level="INFO">${json_data} = {'results': [{'gender': 'male', 'name': {'title': 'Mr', 'first': 'Emiliano', 'last': 'Centeno'}, 'location': {'street': {'number': 7734, 'name': 'Cerrada Madrigal'}, 'city': 'Santa Cruz de Miramar', '...</msg>
<var>${json_data}</var>
<arg>${response.json()}</arg>
<doc>Returns the given values which can then be assigned to a variables.</doc>
<status status="PASS" start="2024-04-16T04:16:34.168847" elapsed="0.000557"/>
</kw>
<kw name="Log" owner="BuiltIn">
<msg time="2024-04-16T04:16:34.169905" level="INFO">{'results': [{'gender': 'male', 'name': {'title': 'Mr', 'first': 'Emiliano', 'last': 'Centeno'}, 'location': {'street': {'number': 7734, 'name': 'Cerrada Madrigal'}, 'city': 'Santa Cruz de Miramar', 'state': 'Hidalgo', 'country': 'Mexico', 'postcode': 68390, 'coordinates': {'latitude': '29.8232', 'longitude': '-40.3058'}, 'timezone': {'offset': '-8:00', 'description': 'Pacific Time (US &amp; Canada)'}}, 'email': 'emiliano.centeno@example.com', 'login': {'uuid': '332c5c6a-274c-4d6d-a757-09e24299b071', 'username': 'greenkoala149', 'password': 'hokies', 'salt': 'iBrX1yYA', 'md5': 'fc9b03366c3615569df3d716b77ea3c4', 'sha1': '14a321576a73622b6ccdbd80fe37d5f5e468394a', 'sha256': '48e0f478ddbae746cee43d41bc35dbe03ea6be00201a64bc4482f9d48a7c8325'}, 'dob': {'date': '1978-09-17T09:43:25.917Z', 'age': 45}, 'registered': {'date': '2020-09-09T21:08:23.845Z', 'age': 3}, 'phone': '(621) 557 0410', 'cell': '(623) 918 3956', 'id': {'name': 'NSS', 'value': '85 10 91 2231 3'}, 'picture': {'large': 'https://randomuser.me/api/portraits/men/13.jpg', 'medium': 'https://randomuser.me/api/portraits/med/men/13.jpg', 'thumbnail': 'https://randomuser.me/api/portraits/thumb/men/13.jpg'}, 'nat': 'MX'}], 'info': {'seed': '1b3ed3c04f46e08e', 'results': 1, 'page': 1, 'version': '1.4'}}</msg>
<arg>${json_data}</arg>
<doc>Logs the given message with the given level.</doc>
<status status="PASS" start="2024-04-16T04:16:34.169742" elapsed="0.000250"/>
</kw>
<kw name="Should Be String" owner="String">
<arg>${json_data['results'][0]['gender']}</arg>
<doc>Fails if the given ``item`` is not a string.</doc>
<status status="PASS" start="2024-04-16T04:16:34.170303" elapsed="0.000370"/>
</kw>
<kw name="Should Match Regexp" owner="BuiltIn">
<arg>${json_data['results'][0]['email']}</arg>
<arg>^[a-zA-Z0-9._%+-]+@[a-zA-Z0-9.-]+\.[a-zA-Z]{2,}$</arg>
<doc>Fails if ``string`` does not match ``pattern`` as a regular expression.</doc>
<status status="PASS" start="2024-04-16T04:16:34.170873" elapsed="0.000529"/>
</kw>
<kw name="Should Match Regexp" owner="BuiltIn">
<arg>${json_data['results'][0]['dob']['date']}</arg>
<arg>\\d{4}-\\d{2}-\\d{2}T\\d{2}:\\d{2}:\\d{2}\\.\\d{3}Z</arg>
<doc>Fails if ``string`` does not match ``pattern`` as a regular expression.</doc>
<status status="PASS" start="2024-04-16T04:16:34.171646" elapsed="0.000501"/>
</kw>
<kw name="Should Match Regexp" owner="BuiltIn">
<arg>${json_data['results'][0]['registered']['date']}</arg>
<arg>\\d{4}-\\d{2}-\\d{2}T\\d{2}:\\d{2}:\\d{2}\\.\\d{3}Z</arg>
<doc>Fails if ``string`` does not match ``pattern`` as a regular expression.</doc>
<status status="PASS" start="2024-04-16T04:16:34.172352" elapsed="0.000380"/>
</kw>
<kw name="Should Match Regexp" owner="BuiltIn">
<arg>${json_data['results'][0]['picture']['large']}</arg>
<arg>^https?://.*\.(?:png|jpe?g|gif|bmp)$</arg>
<doc>Fails if ``string`` does not match ``pattern`` as a regular expression.</doc>
<status status="PASS" start="2024-04-16T04:16:34.172924" elapsed="0.000464"/>
</kw>
<kw name="Should Match Regexp" owner="BuiltIn">
<arg>${json_data['results'][0]['picture']['medium']}</arg>
<arg>^https?://.*\.(?:png|jpe?g|gif|bmp)$</arg>
<doc>Fails if ``string`` does not match ``pattern`` as a regular expression.</doc>
<status status="PASS" start="2024-04-16T04:16:34.173581" elapsed="0.000355"/>
</kw>
<kw name="Should Match Regexp" owner="BuiltIn">
<arg>${json_data['results'][0]['picture']['thumbnail']}</arg>
<arg>^https?://.*\.(?:png|jpe?g|gif|bmp)$</arg>
<doc>Fails if ``string`` does not match ``pattern`` as a regular expression.</doc>
<status status="PASS" start="2024-04-16T04:16:34.174122" elapsed="0.000362"/>
</kw>
<kw name="Log" owner="BuiltIn">
<msg time="2024-04-16T04:16:34.175006" level="INFO">{'large': 'https://randomuser.me/api/portraits/men/13.jpg', 'medium': 'https://randomuser.me/api/portraits/med/men/13.jpg', 'thumbnail': 'https://randomuser.me/api/portraits/thumb/men/13.jpg'}</msg>
<arg>${json_data['results'][0]['picture']}</arg>
<doc>Logs the given message with the given level.</doc>
<status status="PASS" start="2024-04-16T04:16:34.174674" elapsed="0.000374"/>
</kw>
<status status="PASS" start="2024-04-16T04:16:34.069431" elapsed="0.105876"/>
</kw>
<kw name="Teste de Tipos de Dados - Postcode" owner="random-user-service">
<kw name="GET On Session" owner="RequestsLibrary">
<msg time="2024-04-16T04:16:34.276640" level="INFO">GET Request : url=https://randomuser.me/api 
 path_url=/api 
 headers={'User-Agent': 'python-requests/2.31.0', 'Accept-Encoding': 'gzip, deflate', 'Accept': '*/*', 'Connection': 'keep-alive'} 
 body=None 
 </msg>
<msg time="2024-04-16T04:16:34.276733" level="INFO">GET Response : url=https://randomuser.me/api 
 status=200, reason=OK 
 headers={'Date': 'Tue, 16 Apr 2024 04:16:34 GMT', 'Content-Type': 'application/json; charset=utf-8', 'Transfer-Encoding': 'chunked', 'Connection': 'keep-alive', 'X-Powered-By': 'Express', 'Access-Control-Allow-Origin': '*', 'Cache-Control': 'no-cache', 'ETag': 'W/"475-VRXpl8ZJSlM3LzPzWbKrA88jjcs"', 'Vary': 'Accept-Encoding', 'Content-Encoding': 'gzip', 'CF-Cache-Status': 'DYNAMIC', 'Report-To': '{"endpoints":[{"url":"https:\\/\\/a.nel.cloudflare.com\\/report\\/v4?s=EyEg7nmVoAfCKMeJq789FkOoPn35igoDyqJccCO4TSomZWxMdiWcAjIoPEe76ubdUxr9NL4LsZMw7TXJad5eYQd8txiBgAhVLwL0MnTg7ybQAwoHPyyq4b1nTb187qZQ"}],"group":"cf-nel","max_age":604800}', 'NEL': '{"success_fraction":0,"report_to":"cf-nel","max_age":604800}', 'Server': 'cloudflare', 'CF-RAY': '87515c55af572f04-LAX', 'alt-svc': 'h3=":443"; ma=86400'} 
 body={"results":[{"gender":"male","name":{"title":"Mr","first":"Roland","last":"Douglas"},"location":{"street":{"number":3778,"name":"Country Club Rd"},"city":"Perth","state":"South Australia","country":"Australia","postcode":9384,"coordinates":{"latitude":"-82.5839","longitude":"-115.6510"},"timezone":{"offset":"+3:30","description":"Tehran"}},"email":"roland.douglas@example.com","login":{"uuid":"d3962a92-6b92-4901-9190-2ae43a78b402","username":"purplebear227","password":"audi","salt":"ATLjJdfM","md5":"8fba267649af3f1de14ac660b663d801","sha1":"f8f966d4d116e1e1fb134f3aa81934c198424276","sha256":"efa95221b1f579ac3645037f5779ff9ab8ed94d6b51cdfb1f235ec678d488123"},"dob":{"date":"1980-08-15T15:30:30.691Z","age":43},"registered":{"date":"2020-07-18T23:55:31.565Z","age":3},"phone":"01-6457-3017","cell":"0497-180-477","id":{"name":"TFN","value":"062344605"},"picture":{"large":"https://randomuser.me/api/portraits/men/25.jpg","medium":"https://randomuser.me/api/portraits/med/men/25.jpg","thumbnail":"https://randomuser.me/api/portraits/thumb/men/25.jpg"},"nat":"AU"}],"info":{"seed":"d72c25363bfb9029","results":1,"page":1,"version":"1.4"}} 
 </msg>
<msg time="2024-04-16T04:16:34.276828" level="INFO">/opt/hostedtoolcache/Python/3.12.2/x64/lib/python3.12/site-packages/urllib3/connectionpool.py:1103: InsecureRequestWarning: Unverified HTTPS request is being made to host 'randomuser.me'. Adding certificate verification is strongly advised. See: https://urllib3.readthedocs.io/en/latest/advanced-usage.html#tls-warnings
  warnings.warn(</msg>
<msg time="2024-04-16T04:16:34.276967" level="INFO">${response} = &lt;Response [200]&gt;</msg>
<var>${response}</var>
<arg>consultarAPI</arg>
<arg>/api</arg>
<doc>Sends a GET request on a previously created HTTP Session.</doc>
<status status="PASS" start="2024-04-16T04:16:34.175830" elapsed="0.101177"/>
</kw>
<kw name="Set Variable" owner="BuiltIn">
<msg time="2024-04-16T04:16:34.278009" level="INFO">${json_data} = {'results': [{'gender': 'male', 'name': {'title': 'Mr', 'first': 'Roland', 'last': 'Douglas'}, 'location': {'street': {'number': 3778, 'name': 'Country Club Rd'}, 'city': 'Perth', 'state': 'South Aust...</msg>
<var>${json_data}</var>
<arg>${response.json()}</arg>
<doc>Returns the given values which can then be assigned to a variables.</doc>
<status status="PASS" start="2024-04-16T04:16:34.277483" elapsed="0.000555"/>
</kw>
<kw name="Log" owner="BuiltIn">
<msg time="2024-04-16T04:16:34.278558" level="INFO">{'results': [{'gender': 'male', 'name': {'title': 'Mr', 'first': 'Roland', 'last': 'Douglas'}, 'location': {'street': {'number': 3778, 'name': 'Country Club Rd'}, 'city': 'Perth', 'state': 'South Australia', 'country': 'Australia', 'postcode': 9384, 'coordinates': {'latitude': '-82.5839', 'longitude': '-115.6510'}, 'timezone': {'offset': '+3:30', 'description': 'Tehran'}}, 'email': 'roland.douglas@example.com', 'login': {'uuid': 'd3962a92-6b92-4901-9190-2ae43a78b402', 'username': 'purplebear227', 'password': 'audi', 'salt': 'ATLjJdfM', 'md5': '8fba267649af3f1de14ac660b663d801', 'sha1': 'f8f966d4d116e1e1fb134f3aa81934c198424276', 'sha256': 'efa95221b1f579ac3645037f5779ff9ab8ed94d6b51cdfb1f235ec678d488123'}, 'dob': {'date': '1980-08-15T15:30:30.691Z', 'age': 43}, 'registered': {'date': '2020-07-18T23:55:31.565Z', 'age': 3}, 'phone': '01-6457-3017', 'cell': '0497-180-477', 'id': {'name': 'TFN', 'value': '062344605'}, 'picture': {'large': 'https://randomuser.me/api/portraits/men/25.jpg', 'medium': 'https://randomuser.me/api/portraits/med/men/25.jpg', 'thumbnail': 'https://randomuser.me/api/portraits/thumb/men/25.jpg'}, 'nat': 'AU'}], 'info': {'seed': 'd72c25363bfb9029', 'results': 1, 'page': 1, 'version': '1.4'}}</msg>
<arg>${json_data}</arg>
<doc>Logs the given message with the given level.</doc>
<status status="PASS" start="2024-04-16T04:16:34.278394" elapsed="0.000245"/>
</kw>
<kw name="Should Be Equal As Numbers" owner="BuiltIn">
<arg>${json_data['results'][0]['location']['postcode']}</arg>
<arg>${json_data['results'][0]['location']['postcode']}</arg>
<doc>Fails if objects are unequal after converting them to real numbers.</doc>
<status status="PASS" start="2024-04-16T04:16:34.278947" elapsed="0.000690"/>
</kw>
<kw name="Log" owner="BuiltIn">
<msg time="2024-04-16T04:16:34.280183" level="INFO">9384</msg>
<arg>${json_data['results'][0]['location']['postcode']}</arg>
<doc>Logs the given message with the given level.</doc>
<status status="PASS" start="2024-04-16T04:16:34.279835" elapsed="0.000390"/>
</kw>
<status status="PASS" start="2024-04-16T04:16:34.175581" elapsed="0.104903"/>
</kw>
<doc>Testa se os tipos de dados na resposta da API estão corretos.</doc>
<tag>testeTiposDados</tag>
<status status="PASS" start="2024-04-16T04:16:34.068832" elapsed="0.211828"/>
</test>
<test id="s1-s1-t5" name="Validar conteudo" line="35">
<kw name="Teste de Tipos de Conteudo" owner="random-user-service">
<kw name="GET On Session" owner="RequestsLibrary">
<msg time="2024-04-16T04:16:34.381313" level="INFO">GET Request : url=https://randomuser.me/api 
 path_url=/api 
 headers={'User-Agent': 'python-requests/2.31.0', 'Accept-Encoding': 'gzip, deflate', 'Accept': '*/*', 'Connection': 'keep-alive'} 
 body=None 
 </msg>
<msg time="2024-04-16T04:16:34.381405" level="INFO">GET Response : url=https://randomuser.me/api 
 status=200, reason=OK 
 headers={'Date': 'Tue, 16 Apr 2024 04:16:34 GMT', 'Content-Type': 'application/json; charset=utf-8', 'Transfer-Encoding': 'chunked', 'Connection': 'keep-alive', 'X-Powered-By': 'Express', 'Access-Control-Allow-Origin': '*', 'Cache-Control': 'no-cache', 'ETag': 'W/"46f-/rnOkcuHNkfgqXEwLaaag/gREzI"', 'Vary': 'Accept-Encoding', 'Content-Encoding': 'gzip', 'CF-Cache-Status': 'DYNAMIC', 'Report-To': '{"endpoints":[{"url":"https:\\/\\/a.nel.cloudflare.com\\/report\\/v4?s=ZjUwBExfqG7OfK1n54dSvmcKflcF9wEGn6PVVM6NE4%2B0cfFUhZWZGEHQotaLMRXRuMovhuBb2VthkgrS2tckErLZVYKELGRQFGO84uT9ReHe1CcjRYFAkNc2zNQ51Nw%2B"}],"group":"cf-nel","max_age":604800}', 'NEL': '{"success_fraction":0,"report_to":"cf-nel","max_age":604800}', 'Server': 'cloudflare', 'CF-RAY': '87515c56488a2f04-LAX', 'alt-svc': 'h3=":443"; ma=86400'} 
 body={"results":[{"gender":"male","name":{"title":"Mr","first":"Hasan","last":"Rudolf"},"location":{"street":{"number":5211,"name":"Ahornweg"},"city":"Hüfingen","state":"Hamburg","country":"Germany","postcode":62266,"coordinates":{"latitude":"-53.5693","longitude":"-35.0804"},"timezone":{"offset":"+4:30","description":"Kabul"}},"email":"hasan.rudolf@example.com","login":{"uuid":"6ba80659-e1b3-404a-b15f-0f39027e657e","username":"goldenzebra143","password":"abraham","salt":"5gRmdsOR","md5":"5b8287d1fe2f5d2d0e19fd476722a885","sha1":"3677a7089e1bc58b09bdb3174d91f546c0b76ee4","sha256":"442b275e83ad2841f23beb32dbeed77a38e1875274c67569649ad0c4f91d4146"},"dob":{"date":"1997-12-26T09:58:07.009Z","age":26},"registered":{"date":"2006-08-07T20:58:28.268Z","age":17},"phone":"0014-8334987","cell":"0179-7290344","id":{"name":"SVNR","value":"12 261297 R 461"},"picture":{"large":"https://randomuser.me/api/portraits/men/59.jpg","medium":"https://randomuser.me/api/portraits/med/men/59.jpg","thumbnail":"https://randomuser.me/api/portraits/thumb/men/59.jpg"},"nat":"DE"}],"info":{"seed":"626677c60e55a98e","results":1,"page":1,"version":"1.4"}} 
 </msg>
<msg time="2024-04-16T04:16:34.381487" level="INFO">/opt/hostedtoolcache/Python/3.12.2/x64/lib/python3.12/site-packages/urllib3/connectionpool.py:1103: InsecureRequestWarning: Unverified HTTPS request is being made to host 'randomuser.me'. Adding certificate verification is strongly advised. See: https://urllib3.readthedocs.io/en/latest/advanced-usage.html#tls-warnings
  warnings.warn(</msg>
<msg time="2024-04-16T04:16:34.381630" level="INFO">${response} = &lt;Response [200]&gt;</msg>
<var>${response}</var>
<arg>consultarAPI</arg>
<arg>/api</arg>
<doc>Sends a GET request on a previously created HTTP Session.</doc>
<status status="PASS" start="2024-04-16T04:16:34.283124" elapsed="0.098558"/>
</kw>
<kw name="Set Variable" owner="BuiltIn">
<msg time="2024-04-16T04:16:34.382642" level="INFO">${json_data} = {'results': [{'gender': 'male', 'name': {'title': 'Mr', 'first': 'Hasan', 'last': 'Rudolf'}, 'location': {'street': {'number': 5211, 'name': 'Ahornweg'}, 'city': 'Hüfingen', 'state': 'Hamburg', 'count...</msg>
<var>${json_data}</var>
<arg>${response.json()}</arg>
<doc>Returns the given values which can then be assigned to a variables.</doc>
<status status="PASS" start="2024-04-16T04:16:34.382152" elapsed="0.000519"/>
</kw>
<kw name="Set Variable" owner="BuiltIn">
<msg time="2024-04-16T04:16:34.383352" level="INFO">${name_title} = Mr</msg>
<var>${name_title}</var>
<arg>${json_data["results"][0]["name"]["title"]}</arg>
<doc>Returns the given values which can then be assigned to a variables.</doc>
<status status="PASS" start="2024-04-16T04:16:34.382976" elapsed="0.000401"/>
</kw>
<kw name="Create List" owner="BuiltIn">
<msg time="2024-04-16T04:16:34.383866" level="INFO">${allowed_titles} = ['Mr', 'Ms', 'Miss', 'Mrs', 'Madame', 'Monsieur']</msg>
<var>${allowed_titles}</var>
<arg>Mr</arg>
<arg>Ms</arg>
<arg>Miss</arg>
<arg>Mrs</arg>
<arg>Madame</arg>
<arg>Monsieur</arg>
<doc>Returns a list containing given items.</doc>
<status status="PASS" start="2024-04-16T04:16:34.383717" elapsed="0.000173"/>
</kw>
<kw name="List Should Contain Value" owner="Collections">
<msg time="2024-04-16T04:16:34.384365" level="INFO">False</msg>
<arg>${allowed_titles}</arg>
<arg>${name_title}</arg>
<doc>Fails if the ``value`` is not found from ``list``.</doc>
<status status="PASS" start="2024-04-16T04:16:34.384188" elapsed="0.000214"/>
</kw>
<kw name="Set Variable" owner="BuiltIn">
<msg time="2024-04-16T04:16:34.385072" level="INFO">${name_country} = DE</msg>
<var>${name_country}</var>
<arg>${json_data["results"][0]["nat"]}</arg>
<doc>Returns the given values which can then be assigned to a variables.</doc>
<status status="PASS" start="2024-04-16T04:16:34.384688" elapsed="0.000409"/>
</kw>
<kw name="Create List" owner="BuiltIn">
<msg time="2024-04-16T04:16:34.386000" level="INFO">${list_country} = ['AD', 'AE', 'AF', 'AG', 'AI', 'AL', 'AM', 'AO', 'AQ', 'AR', 'AS', 'AT', 'AU', 'AW', 'AX', 'AZ', 'BA', 'BB', 'BD', 'BE', 'BF', 'BG', 'BH', 'BI', 'BJ', 'BL', 'BM', 'BN', 'BO', 'BQ', 'BR', 'BS', 'BT', '...</msg>
<var>${list_country}</var>
<arg>AD</arg>
<arg>AE</arg>
<arg>AF</arg>
<arg>AG</arg>
<arg>AI</arg>
<arg>AL</arg>
<arg>AM</arg>
<arg>AO</arg>
<arg>AQ</arg>
<arg>AR</arg>
<arg>AS</arg>
<arg>AT</arg>
<arg>AU</arg>
<arg>AW</arg>
<arg>AX</arg>
<arg>AZ</arg>
<arg>BA</arg>
<arg>BB</arg>
<arg>BD</arg>
<arg>BE</arg>
<arg>BF</arg>
<arg>BG</arg>
<arg>BH</arg>
<arg>BI</arg>
<arg>BJ</arg>
<arg>BL</arg>
<arg>BM</arg>
<arg>BN</arg>
<arg>BO</arg>
<arg>BQ</arg>
<arg>BR</arg>
<arg>BS</arg>
<arg>BT</arg>
<arg>BV</arg>
<arg>BW</arg>
<arg>BY</arg>
<arg>BZ</arg>
<arg>CA</arg>
<arg>CC</arg>
<arg>CD</arg>
<arg>CF</arg>
<arg>CG</arg>
<arg>CH</arg>
<arg>CI</arg>
<arg>CK</arg>
<arg>CL</arg>
<arg>CM</arg>
<arg>CN</arg>
<arg>CO</arg>
<arg>CR</arg>
<arg>CU</arg>
<arg>CV</arg>
<arg>CW</arg>
<arg>CX</arg>
<arg>CY</arg>
<arg>CZ</arg>
<arg>DE</arg>
<arg>DJ</arg>
<arg>DK</arg>
<arg>DM</arg>
<arg>DO</arg>
<arg>DZ</arg>
<arg>EC</arg>
<arg>EE</arg>
<arg>EG</arg>
<arg>EH</arg>
<arg>ER</arg>
<arg>ES</arg>
<arg>ET</arg>
<arg>FI</arg>
<arg>FJ</arg>
<arg>FK</arg>
<arg>FM</arg>
<arg>FO</arg>
<arg>FR</arg>
<arg>GA</arg>
<arg>GB</arg>
<arg>GD</arg>
<arg>GE</arg>
<arg>GF</arg>
<arg>GG</arg>
<arg>GH</arg>
<arg>GI</arg>
<arg>GL</arg>
<arg>GM</arg>
<arg>GN</arg>
<arg>GP</arg>
<arg>GQ</arg>
<arg>GR</arg>
<arg>GS</arg>
<arg>GT</arg>
<arg>GU</arg>
<arg>GW</arg>
<arg>GY</arg>
<arg>HK</arg>
<arg>HM</arg>
<arg>HN</arg>
<arg>HR</arg>
<arg>HT</arg>
<arg>HU</arg>
<arg>ID</arg>
<arg>IE</arg>
<arg>IL</arg>
<arg>IM</arg>
<arg>IN</arg>
<arg>IO</arg>
<arg>IQ</arg>
<arg>IR</arg>
<arg>IS</arg>
<arg>IT</arg>
<arg>JE</arg>
<arg>JM</arg>
<arg>JO</arg>
<arg>JP</arg>
<arg>KE</arg>
<arg>KG</arg>
<arg>KH</arg>
<arg>KI</arg>
<arg>KM</arg>
<arg>KN</arg>
<arg>KP</arg>
<arg>KR</arg>
<arg>KW</arg>
<arg>KY</arg>
<arg>KZ</arg>
<arg>LA</arg>
<arg>LB</arg>
<arg>LC</arg>
<arg>LI</arg>
<arg>LK</arg>
<arg>LR</arg>
<arg>LS</arg>
<arg>LT</arg>
<arg>LU</arg>
<arg>LV</arg>
<arg>LY</arg>
<arg>MA</arg>
<arg>MC</arg>
<arg>MD</arg>
<arg>ME</arg>
<arg>MF</arg>
<arg>MG</arg>
<arg>MH</arg>
<arg>MK</arg>
<arg>ML</arg>
<arg>MM</arg>
<arg>MN</arg>
<arg>MO</arg>
<arg>MP</arg>
<arg>MQ</arg>
<arg>MR</arg>
<arg>MS</arg>
<arg>MT</arg>
<arg>MU</arg>
<arg>MV</arg>
<arg>MW</arg>
<arg>MX</arg>
<arg>MY</arg>
<arg>MZ</arg>
<arg>NA</arg>
<arg>NC</arg>
<arg>NE</arg>
<arg>NF</arg>
<arg>NG</arg>
<arg>NI</arg>
<arg>NL</arg>
<arg>NO</arg>
<arg>NP</arg>
<arg>NR</arg>
<arg>NU</arg>
<arg>NZ</arg>
<arg>OM</arg>
<arg>PA</arg>
<arg>PE</arg>
<arg>PF</arg>
<arg>PG</arg>
<arg>PH</arg>
<arg>PK</arg>
<arg>PL</arg>
<arg>PM</arg>
<arg>PN</arg>
<arg>PR</arg>
<arg>PS</arg>
<arg>PT</arg>
<arg>PW</arg>
<arg>PY</arg>
<arg>QA</arg>
<arg>RE</arg>
<arg>RO</arg>
<arg>RS</arg>
<arg>RU</arg>
<arg>RW</arg>
<arg>SA</arg>
<arg>SB</arg>
<arg>SC</arg>
<arg>SD</arg>
<arg>SE</arg>
<arg>SG</arg>
<arg>SH</arg>
<arg>SI</arg>
<arg>SJ</arg>
<arg>SK</arg>
<arg>SL</arg>
<arg>SM</arg>
<arg>SN</arg>
<arg>SO</arg>
<arg>SR</arg>
<arg>SS</arg>
<arg>ST</arg>
<arg>SV</arg>
<arg>SX</arg>
<arg>SY</arg>
<arg>SZ</arg>
<arg>TC</arg>
<arg>TD</arg>
<arg>TF</arg>
<arg>TG</arg>
<arg>TH</arg>
<arg>TJ</arg>
<arg>TK</arg>
<arg>TL</arg>
<arg>TM</arg>
<arg>TN</arg>
<arg>TO</arg>
<arg>TR</arg>
<arg>TT</arg>
<arg>TV</arg>
<arg>TW</arg>
<arg>TZ</arg>
<arg>UA</arg>
<arg>UG</arg>
<arg>UM</arg>
<arg>US</arg>
<arg>UY</arg>
<arg>UZ</arg>
<arg>VA</arg>
<arg>VC</arg>
<arg>VE</arg>
<arg>VG</arg>
<arg>VI</arg>
<arg>VN</arg>
<arg>VU</arg>
<arg>WF</arg>
<arg>WS</arg>
<arg>XK</arg>
<arg>YE</arg>
<arg>YT</arg>
<arg>ZA</arg>
<arg>ZM</arg>
<arg>ZW</arg>
<doc>Returns a list containing given items.</doc>
<status status="PASS" start="2024-04-16T04:16:34.385398" elapsed="0.000628"/>
</kw>
<kw name="List Should Contain Value" owner="Collections">
<msg time="2024-04-16T04:16:34.387020" level="INFO">False</msg>
<arg>${list_country}</arg>
<arg>${name_country}</arg>
<doc>Fails if the ``value`` is not found from ``list``.</doc>
<status status="PASS" start="2024-04-16T04:16:34.386817" elapsed="0.000239"/>
</kw>
<kw name="Run Keyword If" owner="BuiltIn">
<kw name="Should Be True" owner="BuiltIn">
<arg>${True}</arg>
<doc>Fails if the given condition is not true.</doc>
<status status="PASS" start="2024-04-16T04:16:34.388292" elapsed="0.000145"/>
</kw>
<arg>${json_data["results"][0]["location"]["coordinates"]["latitude"]} &gt;= -90 and ${json_data["results"][0]["location"]["coordinates"]["latitude"]} &lt;= 90</arg>
<arg>Should Be True</arg>
<arg>${True}</arg>
<doc>Runs the given keyword with the given arguments, if ``condition`` is true.</doc>
<status status="PASS" start="2024-04-16T04:16:34.387378" elapsed="0.001188"/>
</kw>
<kw name="Run Keyword If" owner="BuiltIn">
<kw name="Should Be True" owner="BuiltIn">
<arg>${True}</arg>
<doc>Fails if the given condition is not true.</doc>
<status status="PASS" start="2024-04-16T04:16:34.389445" elapsed="0.000136"/>
</kw>
<arg>${json_data["results"][0]["location"]["coordinates"]["longitude"]} &gt;= -180 and ${json_data["results"][0]["location"]["coordinates"]["longitude"]} &lt;= 180</arg>
<arg>Should Be True</arg>
<arg>${True}</arg>
<doc>Runs the given keyword with the given arguments, if ``condition`` is true.</doc>
<status status="PASS" start="2024-04-16T04:16:34.388753" elapsed="0.000960"/>
</kw>
<status status="PASS" start="2024-04-16T04:16:34.282892" elapsed="0.106962"/>
</kw>
<doc>Testa o conteúdo específico dos campos retornados pela API.</doc>
<tag>testeConteudo</tag>
<status status="PASS" start="2024-04-16T04:16:34.282427" elapsed="0.107582"/>
</test>
<status status="PASS" start="2024-04-16T04:16:33.475327" elapsed="0.916647"/>
</suite>
<status status="PASS" start="2024-04-16T04:16:33.461516" elapsed="0.935737"/>
</suite>
<statistics>
<total>
<stat pass="5" fail="0" skip="0">All Tests</stat>
</total>
<tag>
<stat pass="1" fail="0" skip="0">testeConteudo</stat>
<stat pass="1" fail="0" skip="0">testeEstruturaResposta</stat>
<stat pass="1" fail="0" skip="0">testeRequisicaoBasica</stat>
<stat pass="1" fail="0" skip="0">testeTiposDados</stat>
</tag>
<suite>
<stat pass="5" fail="0" skip="0" id="s1" name="Tests">Tests</stat>
<stat pass="5" fail="0" skip="0" id="s1-s1" name="Random-User-Test">Tests.Random-User-Test</stat>
</suite>
</statistics>
<errors>
</errors>
</robot>
