<?xml version="1.0" encoding="UTF-8"?>
<robot generator="Robot 7.0.1 (Python 3.12.4 on linux)" generated="2024-07-18T10:16:15.377145" rpa="false" schemaversion="5">
<suite id="s1" name="Tests" source="/home/runner/work/ApiRandomUser/ApiRandomUser/RamdonUser/tests">
<suite id="s1-s1" name="Random-User-Test" source="/home/runner/work/ApiRandomUser/ApiRandomUser/RamdonUser/tests/random-user-test.robot">
<test id="s1-s1-t1" name="Conectar" line="13">
<kw name="Conectar API" owner="random-user-service">
<kw name="Create Session" owner="RequestsLibrary">
<msg time="2024-07-18T10:16:15.789343" level="INFO">Creating Session using : alias=consultarAPI, url=https://randomuser.me/, headers={},                     cookies={}, auth=None, timeout=None, proxies=None, verify=False,                     debug=0 </msg>
<arg>consultarAPI</arg>
<arg>${URL}</arg>
<doc>Create Session: create a HTTP session to a server</doc>
<status status="PASS" start="2024-07-18T10:16:15.789081" elapsed="0.000506"/>
</kw>
<status status="PASS" start="2024-07-18T10:16:15.787481" elapsed="0.002606"/>
</kw>
<status status="PASS" start="2024-07-18T10:16:15.786781" elapsed="0.003612"/>
</test>
<test id="s1-s1-t2" name="Validar retorno 200 e JSON Válido" line="16">
<kw name="Teste de Requisicao Basica" owner="random-user-service">
<kw name="GET On Session" owner="RequestsLibrary">
<msg time="2024-07-18T10:16:15.978765" level="INFO">GET Request : url=https://randomuser.me/api 
 path_url=/api 
 headers={'User-Agent': 'python-requests/2.32.3', 'Accept-Encoding': 'gzip, deflate', 'Accept': '*/*', 'Connection': 'keep-alive'} 
 body=None 
 </msg>
<msg time="2024-07-18T10:16:15.978902" level="INFO">GET Response : url=https://randomuser.me/api 
 status=200, reason=OK 
 headers={'Date': 'Thu, 18 Jul 2024 10:16:15 GMT', 'Content-Type': 'application/json; charset=utf-8', 'Transfer-Encoding': 'chunked', 'Connection': 'keep-alive', 'X-Powered-By': 'Express', 'Access-Control-Allow-Origin': '*', 'Cache-Control': 'no-cache', 'ETag': 'W/"493-lfsF4UtM6fprR4MKzgigs+P6naU"', 'Vary': 'Accept-Encoding', 'Content-Encoding': 'gzip', 'CF-Cache-Status': 'DYNAMIC', 'Report-To': '{"endpoints":[{"url":"https:\\/\\/a.nel.cloudflare.com\\/report\\/v4?s=e2dXAcidXve94QZZmE1WVIJCIkPkQ5cJGJ0b%2FQJWoSVm69Uv%2BYFNuDMqWl09h28S3NQHqZNcw8ivlUCRcetqvdfMQQdVaZwXVmKwxHIaOIdRTxfxGN8PqyNJDPo0VOi5"}],"group":"cf-nel","max_age":604800}', 'NEL': '{"success_fraction":0,"report_to":"cf-nel","max_age":604800}', 'Server': 'cloudflare', 'CF-RAY': '8a51b71baba486fe-ORD', 'alt-svc': 'h3=":443"; ma=86400'} 
 body={"results":[{"gender":"male","name":{"title":"Mr","first":"میلاد","last":"یاسمی"},"location":{"street":{"number":9286,"name":"فداییان اسلام"},"city":"تهران","state":"قزوین","country":"Iran","postcode":42075,"coordinates":{"latitude":"16.8597","longitude":"-130.5994"},"timezone":{"offset":"+4:00","description":"Abu Dhabi, Muscat, Baku, Tbilisi"}},"email":"myld.ysmy@example.com","login":{"uuid":"ef9e9585-13a3-4a9b-a4ae-00373f315257","username":"purpletiger140","password":"dingdong","salt":"eoOoOJSA","md5":"d495c66f7812869b71726be4dfc01225","sha1":"eb329a6817a06687c2cea66a94b81915332e7c9e","sha256":"657be481645f945d80f1d36aaf4aee7c0c2c6a2a4630d4df212639f1265feb45"},"dob":{"date":"1946-09-15T06:45:43.238Z","age":77},"registered":{"date":"2006-07-10T05:29:43.444Z","age":18},"phone":"029-11313438","cell":"0950-286-9440","id":{"name":"","value":null},"picture":{"large":"https://randomuser.me/api/portraits/men/48.jpg","medium":"https://randomuser.me/api/portraits/med/men/48.jpg","thumbnail":"https://randomuser.me/api/portraits/thumb/men/48.jpg"},"nat":"IR"}],"info":{"seed":"1994ea8eb1011bf8","results":1,"page":1,"version":"1.4"}} 
 </msg>
<msg time="2024-07-18T10:16:15.978987" level="INFO">/opt/hostedtoolcache/Python/3.12.4/x64/lib/python3.12/site-packages/urllib3/connectionpool.py:1099: InsecureRequestWarning: Unverified HTTPS request is being made to host 'randomuser.me'. Adding certificate verification is strongly advised. See: https://urllib3.readthedocs.io/en/latest/advanced-usage.html#tls-warnings
  warnings.warn(</msg>
<msg time="2024-07-18T10:16:15.979127" level="INFO">${response} = &lt;Response [200]&gt;</msg>
<var>${response}</var>
<arg>consultarAPI</arg>
<arg>/api</arg>
<doc>Sends a GET request on a previously created HTTP Session.</doc>
<status status="PASS" start="2024-07-18T10:16:15.794729" elapsed="0.184442"/>
</kw>
<kw name="Should Be Equal As Numbers" owner="BuiltIn">
<msg time="2024-07-18T10:16:15.980279" level="INFO">Argument types are:
&lt;class 'int'&gt;
&lt;class 'str'&gt;</msg>
<arg>${response.status_code}</arg>
<arg>200</arg>
<doc>Fails if objects are unequal after converting them to real numbers.</doc>
<status status="PASS" start="2024-07-18T10:16:15.979784" elapsed="0.000563"/>
</kw>
<kw name="Log" owner="BuiltIn">
<msg time="2024-07-18T10:16:15.981046" level="INFO">200</msg>
<arg>${response.status_code}</arg>
<doc>Logs the given message with the given level.</doc>
<status status="PASS" start="2024-07-18T10:16:15.980683" elapsed="0.000408"/>
</kw>
<kw name="Set Variable" owner="BuiltIn">
<msg time="2024-07-18T10:16:15.981844" level="INFO">${json_data} = {'results': [{'gender': 'male', 'name': {'title': 'Mr', 'first': 'میلاد', 'last': 'یاسمی'}, 'location': {'street': {'number': 9286, 'name': 'فداییان اسلام'}, 'city': 'تهران', 'state': 'قزوین', 'countr...</msg>
<var>${json_data}</var>
<arg>${response.json()}</arg>
<doc>Returns the given values which can then be assigned to a variables.</doc>
<status status="PASS" start="2024-07-18T10:16:15.981400" elapsed="0.000475"/>
</kw>
<kw name="Dictionary Should Contain Key" owner="Collections">
<arg>${json_data}</arg>
<arg>results</arg>
<doc>Fails if ``key`` is not found from ``dictionary``.</doc>
<status status="PASS" start="2024-07-18T10:16:15.982179" elapsed="0.000359"/>
</kw>
<status status="PASS" start="2024-07-18T10:16:15.794360" elapsed="0.188335"/>
</kw>
<doc>Testa se a API responde corretamente e retorna um objeto JSON válido.</doc>
<tag>testeRequisicaoBasica</tag>
<status status="PASS" start="2024-07-18T10:16:15.793571" elapsed="0.189298"/>
</test>
<test id="s1-s1-t3" name="Validar estrutura de resposta" line="22">
<kw name="Teste de Estrutura de Resposta" owner="random-user-service">
<kw name="GET On Session" owner="RequestsLibrary">
<msg time="2024-07-18T10:16:16.084935" level="INFO">GET Request : url=https://randomuser.me/api 
 path_url=/api 
 headers={'User-Agent': 'python-requests/2.32.3', 'Accept-Encoding': 'gzip, deflate', 'Accept': '*/*', 'Connection': 'keep-alive'} 
 body=None 
 </msg>
<msg time="2024-07-18T10:16:16.085020" level="INFO">GET Response : url=https://randomuser.me/api 
 status=200, reason=OK 
 headers={'Date': 'Thu, 18 Jul 2024 10:16:16 GMT', 'Content-Type': 'application/json; charset=utf-8', 'Transfer-Encoding': 'chunked', 'Connection': 'keep-alive', 'X-Powered-By': 'Express', 'Access-Control-Allow-Origin': '*', 'Cache-Control': 'no-cache', 'ETag': 'W/"493-PughGlznIAnKoE6QLN7OrS1SeOk"', 'Vary': 'Accept-Encoding', 'Content-Encoding': 'gzip', 'CF-Cache-Status': 'DYNAMIC', 'Report-To': '{"endpoints":[{"url":"https:\\/\\/a.nel.cloudflare.com\\/report\\/v4?s=QPDYTyK90GIqi9%2BXKgiy7IwqcNdyp8eFS%2BDn9m4T6rqaukCPf8lS3uNjq3KqcCPVnMXlrRseaOc8pFsX9oZd%2FKgDDpqGWC4ombVVB0VXN3H%2BinhZA6YimAqOkntOG%2BgD"}],"group":"cf-nel","max_age":604800}', 'NEL': '{"success_fraction":0,"report_to":"cf-nel","max_age":604800}', 'Server': 'cloudflare', 'CF-RAY': '8a51b71bfbda86fe-ORD', 'alt-svc': 'h3=":443"; ma=86400'} 
 body={"results":[{"gender":"female","name":{"title":"Ms","first":"Nehrika","last":"Kavser"},"location":{"street":{"number":7106,"name":"Colaba Causeway"},"city":"Surendranagar","state":"Andaman and Nicobar Islands","country":"India","postcode":96322,"coordinates":{"latitude":"8.9128","longitude":"167.6035"},"timezone":{"offset":"+5:45","description":"Kathmandu"}},"email":"nehrika.kavser@example.com","login":{"uuid":"76bcb3e0-f3f4-4406-bcfe-c520b88c1aa1","username":"whiterabbit423","password":"wilder","salt":"o8qrby7Y","md5":"0f41e1414afbd9318eecaa138db9a0f0","sha1":"46fad7050762b2d365433350c30ff0c9931a3e01","sha256":"5d513bc34fef4bb46d0267b90073bb309c61c4c8a40a0d12799c4a6ed9240182"},"dob":{"date":"1952-03-08T23:06:58.943Z","age":72},"registered":{"date":"2002-07-01T01:37:40.876Z","age":22},"phone":"8571660863","cell":"7369845359","id":{"name":"UIDAI","value":"425961636844"},"picture":{"large":"https://randomuser.me/api/portraits/women/68.jpg","medium":"https://randomuser.me/api/portraits/med/women/68.jpg","thumbnail":"https://randomuser.me/api/portraits/thumb/women/68.jpg"},"nat":"IN"}],"info":{"seed":"84420130b802fb06","results":1,"page":1,"version":"1.4"}} 
 </msg>
<msg time="2024-07-18T10:16:16.085161" level="INFO">/opt/hostedtoolcache/Python/3.12.4/x64/lib/python3.12/site-packages/urllib3/connectionpool.py:1099: InsecureRequestWarning: Unverified HTTPS request is being made to host 'randomuser.me'. Adding certificate verification is strongly advised. See: https://urllib3.readthedocs.io/en/latest/advanced-usage.html#tls-warnings
  warnings.warn(</msg>
<msg time="2024-07-18T10:16:16.085287" level="INFO">${response} = &lt;Response [200]&gt;</msg>
<var>${response}</var>
<arg>consultarAPI</arg>
<arg>/api</arg>
<doc>Sends a GET request on a previously created HTTP Session.</doc>
<status status="PASS" start="2024-07-18T10:16:15.985585" elapsed="0.099755"/>
</kw>
<kw name="Set Variable" owner="BuiltIn">
<msg time="2024-07-18T10:16:16.086541" level="INFO">${json_data} = {'results': [{'gender': 'female', 'name': {'title': 'Ms', 'first': 'Nehrika', 'last': 'Kavser'}, 'location': {'street': {'number': 7106, 'name': 'Colaba Causeway'}, 'city': 'Surendranagar', 'state': '...</msg>
<var>${json_data}</var>
<arg>${response.json()}</arg>
<doc>Returns the given values which can then be assigned to a variables.</doc>
<status status="PASS" start="2024-07-18T10:16:16.085907" elapsed="0.000664"/>
</kw>
<kw name="Log" owner="BuiltIn">
<msg time="2024-07-18T10:16:16.087035" level="INFO">{'results': [{'gender': 'female', 'name': {'title': 'Ms', 'first': 'Nehrika', 'last': 'Kavser'}, 'location': {'street': {'number': 7106, 'name': 'Colaba Causeway'}, 'city': 'Surendranagar', 'state': 'Andaman and Nicobar Islands', 'country': 'India', 'postcode': 96322, 'coordinates': {'latitude': '8.9128', 'longitude': '167.6035'}, 'timezone': {'offset': '+5:45', 'description': 'Kathmandu'}}, 'email': 'nehrika.kavser@example.com', 'login': {'uuid': '76bcb3e0-f3f4-4406-bcfe-c520b88c1aa1', 'username': 'whiterabbit423', 'password': 'wilder', 'salt': 'o8qrby7Y', 'md5': '0f41e1414afbd9318eecaa138db9a0f0', 'sha1': '46fad7050762b2d365433350c30ff0c9931a3e01', 'sha256': '5d513bc34fef4bb46d0267b90073bb309c61c4c8a40a0d12799c4a6ed9240182'}, 'dob': {'date': '1952-03-08T23:06:58.943Z', 'age': 72}, 'registered': {'date': '2002-07-01T01:37:40.876Z', 'age': 22}, 'phone': '8571660863', 'cell': '7369845359', 'id': {'name': 'UIDAI', 'value': '425961636844'}, 'picture': {'large': 'https://randomuser.me/api/portraits/women/68.jpg', 'medium': 'https://randomuser.me/api/portraits/med/women/68.jpg', 'thumbnail': 'https://randomuser.me/api/portraits/thumb/women/68.jpg'}, 'nat': 'IN'}], 'info': {'seed': '84420130b802fb06', 'results': 1, 'page': 1, 'version': '1.4'}}</msg>
<arg>${json_data}</arg>
<doc>Logs the given message with the given level.</doc>
<status status="PASS" start="2024-07-18T10:16:16.086880" elapsed="0.000202"/>
</kw>
<kw name="Dictionary Should Contain Key" owner="Collections">
<arg>${json_data}</arg>
<arg>results</arg>
<doc>Fails if ``key`` is not found from ``dictionary``.</doc>
<status status="PASS" start="2024-07-18T10:16:16.087373" elapsed="0.000156"/>
</kw>
<kw name="Should Not Be Empty" owner="BuiltIn">
<msg time="2024-07-18T10:16:16.087836" level="INFO">Length is 2.</msg>
<arg>${json_data}</arg>
<doc>Verifies that the given item is not empty.</doc>
<status status="PASS" start="2024-07-18T10:16:16.087713" elapsed="0.000167"/>
</kw>
<kw name="Create List" owner="BuiltIn">
<msg time="2024-07-18T10:16:16.088327" level="INFO">${expected_keys} = ['gender', 'name', 'location', 'email', 'login']</msg>
<var>${expected_keys}</var>
<arg>gender</arg>
<arg>name</arg>
<arg>location</arg>
<arg>email</arg>
<arg>login</arg>
<doc>Returns a list containing given items.</doc>
<status status="PASS" start="2024-07-18T10:16:16.088172" elapsed="0.000180"/>
</kw>
<for flavor="IN">
<iter>
<kw name="Dictionary Should Contain Key" owner="Collections">
<arg>${json_data['results'][0]}</arg>
<arg>${key}</arg>
<doc>Fails if ``key`` is not found from ``dictionary``.</doc>
<status status="PASS" start="2024-07-18T10:16:16.088934" elapsed="0.000406"/>
</kw>
<kw name="Log" owner="BuiltIn">
<msg time="2024-07-18T10:16:16.089906" level="INFO">{'gender': 'female', 'name': {'title': 'Ms', 'first': 'Nehrika', 'last': 'Kavser'}, 'location': {'street': {'number': 7106, 'name': 'Colaba Causeway'}, 'city': 'Surendranagar', 'state': 'Andaman and Nicobar Islands', 'country': 'India', 'postcode': 96322, 'coordinates': {'latitude': '8.9128', 'longitude': '167.6035'}, 'timezone': {'offset': '+5:45', 'description': 'Kathmandu'}}, 'email': 'nehrika.kavser@example.com', 'login': {'uuid': '76bcb3e0-f3f4-4406-bcfe-c520b88c1aa1', 'username': 'whiterabbit423', 'password': 'wilder', 'salt': 'o8qrby7Y', 'md5': '0f41e1414afbd9318eecaa138db9a0f0', 'sha1': '46fad7050762b2d365433350c30ff0c9931a3e01', 'sha256': '5d513bc34fef4bb46d0267b90073bb309c61c4c8a40a0d12799c4a6ed9240182'}, 'dob': {'date': '1952-03-08T23:06:58.943Z', 'age': 72}, 'registered': {'date': '2002-07-01T01:37:40.876Z', 'age': 22}, 'phone': '8571660863', 'cell': '7369845359', 'id': {'name': 'UIDAI', 'value': '425961636844'}, 'picture': {'large': 'https://randomuser.me/api/portraits/women/68.jpg', 'medium': 'https://randomuser.me/api/portraits/med/women/68.jpg', 'thumbnail': 'https://randomuser.me/api/portraits/thumb/women/68.jpg'}, 'nat': 'IN'}</msg>
<arg>${json_data['results'][0]}</arg>
<doc>Logs the given message with the given level.</doc>
<status status="PASS" start="2024-07-18T10:16:16.089531" elapsed="0.000424"/>
</kw>
<kw name="Log" owner="BuiltIn">
<msg time="2024-07-18T10:16:16.090426" level="INFO">gender</msg>
<arg>${key}</arg>
<doc>Logs the given message with the given level.</doc>
<status status="PASS" start="2024-07-18T10:16:16.090253" elapsed="0.000214"/>
</kw>
<var name="${key}">gender</var>
<status status="PASS" start="2024-07-18T10:16:16.088805" elapsed="0.001885"/>
</iter>
<iter>
<kw name="Dictionary Should Contain Key" owner="Collections">
<arg>${json_data['results'][0]}</arg>
<arg>${key}</arg>
<doc>Fails if ``key`` is not found from ``dictionary``.</doc>
<status status="PASS" start="2024-07-18T10:16:16.090995" elapsed="0.000380"/>
</kw>
<kw name="Log" owner="BuiltIn">
<msg time="2024-07-18T10:16:16.091911" level="INFO">{'gender': 'female', 'name': {'title': 'Ms', 'first': 'Nehrika', 'last': 'Kavser'}, 'location': {'street': {'number': 7106, 'name': 'Colaba Causeway'}, 'city': 'Surendranagar', 'state': 'Andaman and Nicobar Islands', 'country': 'India', 'postcode': 96322, 'coordinates': {'latitude': '8.9128', 'longitude': '167.6035'}, 'timezone': {'offset': '+5:45', 'description': 'Kathmandu'}}, 'email': 'nehrika.kavser@example.com', 'login': {'uuid': '76bcb3e0-f3f4-4406-bcfe-c520b88c1aa1', 'username': 'whiterabbit423', 'password': 'wilder', 'salt': 'o8qrby7Y', 'md5': '0f41e1414afbd9318eecaa138db9a0f0', 'sha1': '46fad7050762b2d365433350c30ff0c9931a3e01', 'sha256': '5d513bc34fef4bb46d0267b90073bb309c61c4c8a40a0d12799c4a6ed9240182'}, 'dob': {'date': '1952-03-08T23:06:58.943Z', 'age': 72}, 'registered': {'date': '2002-07-01T01:37:40.876Z', 'age': 22}, 'phone': '8571660863', 'cell': '7369845359', 'id': {'name': 'UIDAI', 'value': '425961636844'}, 'picture': {'large': 'https://randomuser.me/api/portraits/women/68.jpg', 'medium': 'https://randomuser.me/api/portraits/med/women/68.jpg', 'thumbnail': 'https://randomuser.me/api/portraits/thumb/women/68.jpg'}, 'nat': 'IN'}</msg>
<arg>${json_data['results'][0]}</arg>
<doc>Logs the given message with the given level.</doc>
<status status="PASS" start="2024-07-18T10:16:16.091559" elapsed="0.000433"/>
</kw>
<kw name="Log" owner="BuiltIn">
<msg time="2024-07-18T10:16:16.092421" level="INFO">name</msg>
<arg>${key}</arg>
<doc>Logs the given message with the given level.</doc>
<status status="PASS" start="2024-07-18T10:16:16.092293" elapsed="0.000171"/>
</kw>
<var name="${key}">name</var>
<status status="PASS" start="2024-07-18T10:16:16.090878" elapsed="0.001805"/>
</iter>
<iter>
<kw name="Dictionary Should Contain Key" owner="Collections">
<arg>${json_data['results'][0]}</arg>
<arg>${key}</arg>
<doc>Fails if ``key`` is not found from ``dictionary``.</doc>
<status status="PASS" start="2024-07-18T10:16:16.092969" elapsed="0.000383"/>
</kw>
<kw name="Log" owner="BuiltIn">
<msg time="2024-07-18T10:16:16.093882" level="INFO">{'gender': 'female', 'name': {'title': 'Ms', 'first': 'Nehrika', 'last': 'Kavser'}, 'location': {'street': {'number': 7106, 'name': 'Colaba Causeway'}, 'city': 'Surendranagar', 'state': 'Andaman and Nicobar Islands', 'country': 'India', 'postcode': 96322, 'coordinates': {'latitude': '8.9128', 'longitude': '167.6035'}, 'timezone': {'offset': '+5:45', 'description': 'Kathmandu'}}, 'email': 'nehrika.kavser@example.com', 'login': {'uuid': '76bcb3e0-f3f4-4406-bcfe-c520b88c1aa1', 'username': 'whiterabbit423', 'password': 'wilder', 'salt': 'o8qrby7Y', 'md5': '0f41e1414afbd9318eecaa138db9a0f0', 'sha1': '46fad7050762b2d365433350c30ff0c9931a3e01', 'sha256': '5d513bc34fef4bb46d0267b90073bb309c61c4c8a40a0d12799c4a6ed9240182'}, 'dob': {'date': '1952-03-08T23:06:58.943Z', 'age': 72}, 'registered': {'date': '2002-07-01T01:37:40.876Z', 'age': 22}, 'phone': '8571660863', 'cell': '7369845359', 'id': {'name': 'UIDAI', 'value': '425961636844'}, 'picture': {'large': 'https://randomuser.me/api/portraits/women/68.jpg', 'medium': 'https://randomuser.me/api/portraits/med/women/68.jpg', 'thumbnail': 'https://randomuser.me/api/portraits/thumb/women/68.jpg'}, 'nat': 'IN'}</msg>
<arg>${json_data['results'][0]}</arg>
<doc>Logs the given message with the given level.</doc>
<status status="PASS" start="2024-07-18T10:16:16.093536" elapsed="0.000395"/>
</kw>
<kw name="Log" owner="BuiltIn">
<msg time="2024-07-18T10:16:16.094396" level="INFO">location</msg>
<arg>${key}</arg>
<doc>Logs the given message with the given level.</doc>
<status status="PASS" start="2024-07-18T10:16:16.094228" elapsed="0.000208"/>
</kw>
<var name="${key}">location</var>
<status status="PASS" start="2024-07-18T10:16:16.092861" elapsed="0.001796"/>
</iter>
<iter>
<kw name="Dictionary Should Contain Key" owner="Collections">
<arg>${json_data['results'][0]}</arg>
<arg>${key}</arg>
<doc>Fails if ``key`` is not found from ``dictionary``.</doc>
<status status="PASS" start="2024-07-18T10:16:16.094935" elapsed="0.000386"/>
</kw>
<kw name="Log" owner="BuiltIn">
<msg time="2024-07-18T10:16:16.095972" level="INFO">{'gender': 'female', 'name': {'title': 'Ms', 'first': 'Nehrika', 'last': 'Kavser'}, 'location': {'street': {'number': 7106, 'name': 'Colaba Causeway'}, 'city': 'Surendranagar', 'state': 'Andaman and Nicobar Islands', 'country': 'India', 'postcode': 96322, 'coordinates': {'latitude': '8.9128', 'longitude': '167.6035'}, 'timezone': {'offset': '+5:45', 'description': 'Kathmandu'}}, 'email': 'nehrika.kavser@example.com', 'login': {'uuid': '76bcb3e0-f3f4-4406-bcfe-c520b88c1aa1', 'username': 'whiterabbit423', 'password': 'wilder', 'salt': 'o8qrby7Y', 'md5': '0f41e1414afbd9318eecaa138db9a0f0', 'sha1': '46fad7050762b2d365433350c30ff0c9931a3e01', 'sha256': '5d513bc34fef4bb46d0267b90073bb309c61c4c8a40a0d12799c4a6ed9240182'}, 'dob': {'date': '1952-03-08T23:06:58.943Z', 'age': 72}, 'registered': {'date': '2002-07-01T01:37:40.876Z', 'age': 22}, 'phone': '8571660863', 'cell': '7369845359', 'id': {'name': 'UIDAI', 'value': '425961636844'}, 'picture': {'large': 'https://randomuser.me/api/portraits/women/68.jpg', 'medium': 'https://randomuser.me/api/portraits/med/women/68.jpg', 'thumbnail': 'https://randomuser.me/api/portraits/thumb/women/68.jpg'}, 'nat': 'IN'}</msg>
<arg>${json_data['results'][0]}</arg>
<doc>Logs the given message with the given level.</doc>
<status status="PASS" start="2024-07-18T10:16:16.095613" elapsed="0.000408"/>
</kw>
<kw name="Log" owner="BuiltIn">
<msg time="2024-07-18T10:16:16.096446" level="INFO">email</msg>
<arg>${key}</arg>
<doc>Logs the given message with the given level.</doc>
<status status="PASS" start="2024-07-18T10:16:16.096319" elapsed="0.000165"/>
</kw>
<var name="${key}">email</var>
<status status="PASS" start="2024-07-18T10:16:16.094828" elapsed="0.001872"/>
</iter>
<iter>
<kw name="Dictionary Should Contain Key" owner="Collections">
<arg>${json_data['results'][0]}</arg>
<arg>${key}</arg>
<doc>Fails if ``key`` is not found from ``dictionary``.</doc>
<status status="PASS" start="2024-07-18T10:16:16.096981" elapsed="0.000378"/>
</kw>
<kw name="Log" owner="BuiltIn">
<msg time="2024-07-18T10:16:16.097884" level="INFO">{'gender': 'female', 'name': {'title': 'Ms', 'first': 'Nehrika', 'last': 'Kavser'}, 'location': {'street': {'number': 7106, 'name': 'Colaba Causeway'}, 'city': 'Surendranagar', 'state': 'Andaman and Nicobar Islands', 'country': 'India', 'postcode': 96322, 'coordinates': {'latitude': '8.9128', 'longitude': '167.6035'}, 'timezone': {'offset': '+5:45', 'description': 'Kathmandu'}}, 'email': 'nehrika.kavser@example.com', 'login': {'uuid': '76bcb3e0-f3f4-4406-bcfe-c520b88c1aa1', 'username': 'whiterabbit423', 'password': 'wilder', 'salt': 'o8qrby7Y', 'md5': '0f41e1414afbd9318eecaa138db9a0f0', 'sha1': '46fad7050762b2d365433350c30ff0c9931a3e01', 'sha256': '5d513bc34fef4bb46d0267b90073bb309c61c4c8a40a0d12799c4a6ed9240182'}, 'dob': {'date': '1952-03-08T23:06:58.943Z', 'age': 72}, 'registered': {'date': '2002-07-01T01:37:40.876Z', 'age': 22}, 'phone': '8571660863', 'cell': '7369845359', 'id': {'name': 'UIDAI', 'value': '425961636844'}, 'picture': {'large': 'https://randomuser.me/api/portraits/women/68.jpg', 'medium': 'https://randomuser.me/api/portraits/med/women/68.jpg', 'thumbnail': 'https://randomuser.me/api/portraits/thumb/women/68.jpg'}, 'nat': 'IN'}</msg>
<arg>${json_data['results'][0]}</arg>
<doc>Logs the given message with the given level.</doc>
<status status="PASS" start="2024-07-18T10:16:16.097542" elapsed="0.000389"/>
</kw>
<kw name="Log" owner="BuiltIn">
<msg time="2024-07-18T10:16:16.098401" level="INFO">login</msg>
<arg>${key}</arg>
<doc>Logs the given message with the given level.</doc>
<status status="PASS" start="2024-07-18T10:16:16.098223" elapsed="0.000217"/>
</kw>
<var name="${key}">login</var>
<status status="PASS" start="2024-07-18T10:16:16.096874" elapsed="0.001786"/>
</iter>
<var>${key}</var>
<value>@{expected_keys}</value>
<status status="PASS" start="2024-07-18T10:16:16.088616" elapsed="0.010163"/>
</for>
<kw name="Create List" owner="BuiltIn">
<msg time="2024-07-18T10:16:16.099100" level="INFO">${expected_keysTwo} = ['username', 'password']</msg>
<var>${expected_keysTwo}</var>
<arg>username</arg>
<arg>password</arg>
<doc>Returns a list containing given items.</doc>
<status status="PASS" start="2024-07-18T10:16:16.098968" elapsed="0.000183"/>
</kw>
<for flavor="IN">
<iter>
<kw name="Dictionary Should Contain Key" owner="Collections">
<arg>${json_data['results'][0]['login']}</arg>
<arg>${keyTwo}</arg>
<doc>Fails if ``key`` is not found from ``dictionary``.</doc>
<status status="PASS" start="2024-07-18T10:16:16.099660" elapsed="0.000389"/>
</kw>
<kw name="Dictionary Should Contain Key" owner="Collections">
<arg>${json_data['results'][0]['login']}</arg>
<arg>${keyTwo}</arg>
<doc>Fails if ``key`` is not found from ``dictionary``.</doc>
<status status="PASS" start="2024-07-18T10:16:16.100232" elapsed="0.000374"/>
</kw>
<kw name="Log" owner="BuiltIn">
<msg time="2024-07-18T10:16:16.100910" level="INFO">username</msg>
<arg>${keyTwo}</arg>
<doc>Logs the given message with the given level.</doc>
<status status="PASS" start="2024-07-18T10:16:16.100789" elapsed="0.000159"/>
</kw>
<var name="${keyTwo}">username</var>
<status status="PASS" start="2024-07-18T10:16:16.099548" elapsed="0.001620"/>
</iter>
<iter>
<kw name="Dictionary Should Contain Key" owner="Collections">
<arg>${json_data['results'][0]['login']}</arg>
<arg>${keyTwo}</arg>
<doc>Fails if ``key`` is not found from ``dictionary``.</doc>
<status status="PASS" start="2024-07-18T10:16:16.101446" elapsed="0.000383"/>
</kw>
<kw name="Dictionary Should Contain Key" owner="Collections">
<arg>${json_data['results'][0]['login']}</arg>
<arg>${keyTwo}</arg>
<doc>Fails if ``key`` is not found from ``dictionary``.</doc>
<status status="PASS" start="2024-07-18T10:16:16.102008" elapsed="0.000418"/>
</kw>
<kw name="Log" owner="BuiltIn">
<msg time="2024-07-18T10:16:16.102733" level="INFO">password</msg>
<arg>${keyTwo}</arg>
<doc>Logs the given message with the given level.</doc>
<status status="PASS" start="2024-07-18T10:16:16.102609" elapsed="0.000162"/>
</kw>
<var name="${keyTwo}">password</var>
<status status="PASS" start="2024-07-18T10:16:16.101340" elapsed="0.001653"/>
</iter>
<var>${keyTwo}</var>
<value>@{expected_keysTwo}</value>
<status status="PASS" start="2024-07-18T10:16:16.099394" elapsed="0.003719"/>
</for>
<status status="PASS" start="2024-07-18T10:16:15.985346" elapsed="0.117907"/>
</kw>
<doc>Testa a estrutura da resposta da API.</doc>
<tag>testeEstruturaResposta</tag>
<status status="PASS" start="2024-07-18T10:16:15.984735" elapsed="0.118665"/>
</test>
<test id="s1-s1-t4" name="Validar tipos de dados" line="28">
<kw name="Teste de Tipos de Dados" owner="random-user-service">
<kw name="GET On Session" owner="RequestsLibrary">
<msg time="2024-07-18T10:16:16.189482" level="INFO">GET Request : url=https://randomuser.me/api 
 path_url=/api 
 headers={'User-Agent': 'python-requests/2.32.3', 'Accept-Encoding': 'gzip, deflate', 'Accept': '*/*', 'Connection': 'keep-alive'} 
 body=None 
 </msg>
<msg time="2024-07-18T10:16:16.189561" level="INFO">GET Response : url=https://randomuser.me/api 
 status=200, reason=OK 
 headers={'Date': 'Thu, 18 Jul 2024 10:16:16 GMT', 'Content-Type': 'application/json; charset=utf-8', 'Transfer-Encoding': 'chunked', 'Connection': 'keep-alive', 'X-Powered-By': 'Express', 'Access-Control-Allow-Origin': '*', 'Cache-Control': 'no-cache', 'ETag': 'W/"4a1-EWTJEVm07joj4pWvRfjNGOfirIk"', 'Vary': 'Accept-Encoding', 'Content-Encoding': 'gzip', 'CF-Cache-Status': 'DYNAMIC', 'Report-To': '{"endpoints":[{"url":"https:\\/\\/a.nel.cloudflare.com\\/report\\/v4?s=fRl1555dQqW59xV92a8EYnoCxVNzQjWKsP3x0sywV3z6f9ex6WIHrPcL%2FV6mitomCCL8IPYU32M3Zo066ZmoJrPKidQ40buVjF0wjY1LzqoY0pBBIYYgWJfyQyjCyAPH"}],"group":"cf-nel","max_age":604800}', 'NEL': '{"success_fraction":0,"report_to":"cf-nel","max_age":604800}', 'Server': 'cloudflare', 'CF-RAY': '8a51b71cbc6186fe-ORD', 'alt-svc': 'h3=":443"; ma=86400'} 
 body={"results":[{"gender":"female","name":{"title":"Miss","first":"Mariele","last":"Frech"},"location":{"street":{"number":4433,"name":"Wiesenstraße"},"city":"Geisa","state":"Baden-Württemberg","country":"Germany","postcode":48103,"coordinates":{"latitude":"-54.7784","longitude":"95.6570"},"timezone":{"offset":"+1:00","description":"Brussels, Copenhagen, Madrid, Paris"}},"email":"mariele.frech@example.com","login":{"uuid":"a3177f40-6bbc-4748-9697-fa4dc009efcd","username":"heavyzebra691","password":"magpie","salt":"RRUBqGuA","md5":"d1b3a00e2f2f241f3896b2164bc5884c","sha1":"d2400c274dfd1ecc1eb69ca977260caa8c69a5f1","sha256":"446765a88878d44f4794b2caa539bb37da46812d2d3d1d68a037b63a99b316d7"},"dob":{"date":"1960-11-05T05:26:54.509Z","age":63},"registered":{"date":"2018-10-08T13:21:24.260Z","age":5},"phone":"0006-8978360","cell":"0170-9203962","id":{"name":"SVNR","value":"38 041160 F 922"},"picture":{"large":"https://randomuser.me/api/portraits/women/78.jpg","medium":"https://randomuser.me/api/portraits/med/women/78.jpg","thumbnail":"https://randomuser.me/api/portraits/thumb/women/78.jpg"},"nat":"DE"}],"info":{"seed":"0717de50ef120702","results":1,"page":1,"version":"1.4"}} 
 </msg>
<msg time="2024-07-18T10:16:16.189635" level="INFO">/opt/hostedtoolcache/Python/3.12.4/x64/lib/python3.12/site-packages/urllib3/connectionpool.py:1099: InsecureRequestWarning: Unverified HTTPS request is being made to host 'randomuser.me'. Adding certificate verification is strongly advised. See: https://urllib3.readthedocs.io/en/latest/advanced-usage.html#tls-warnings
  warnings.warn(</msg>
<msg time="2024-07-18T10:16:16.189740" level="INFO">${response} = &lt;Response [200]&gt;</msg>
<var>${response}</var>
<arg>consultarAPI</arg>
<arg>/api</arg>
<doc>Sends a GET request on a previously created HTTP Session.</doc>
<status status="PASS" start="2024-07-18T10:16:16.105929" elapsed="0.083861"/>
</kw>
<kw name="Set Variable" owner="BuiltIn">
<msg time="2024-07-18T10:16:16.190969" level="INFO">${json_data} = {'results': [{'gender': 'female', 'name': {'title': 'Miss', 'first': 'Mariele', 'last': 'Frech'}, 'location': {'street': {'number': 4433, 'name': 'Wiesenstraße'}, 'city': 'Geisa', 'state': 'Baden-Würt...</msg>
<var>${json_data}</var>
<arg>${response.json()}</arg>
<doc>Returns the given values which can then be assigned to a variables.</doc>
<status status="PASS" start="2024-07-18T10:16:16.190331" elapsed="0.000668"/>
</kw>
<kw name="Log" owner="BuiltIn">
<msg time="2024-07-18T10:16:16.191458" level="INFO">{'results': [{'gender': 'female', 'name': {'title': 'Miss', 'first': 'Mariele', 'last': 'Frech'}, 'location': {'street': {'number': 4433, 'name': 'Wiesenstraße'}, 'city': 'Geisa', 'state': 'Baden-Württemberg', 'country': 'Germany', 'postcode': 48103, 'coordinates': {'latitude': '-54.7784', 'longitude': '95.6570'}, 'timezone': {'offset': '+1:00', 'description': 'Brussels, Copenhagen, Madrid, Paris'}}, 'email': 'mariele.frech@example.com', 'login': {'uuid': 'a3177f40-6bbc-4748-9697-fa4dc009efcd', 'username': 'heavyzebra691', 'password': 'magpie', 'salt': 'RRUBqGuA', 'md5': 'd1b3a00e2f2f241f3896b2164bc5884c', 'sha1': 'd2400c274dfd1ecc1eb69ca977260caa8c69a5f1', 'sha256': '446765a88878d44f4794b2caa539bb37da46812d2d3d1d68a037b63a99b316d7'}, 'dob': {'date': '1960-11-05T05:26:54.509Z', 'age': 63}, 'registered': {'date': '2018-10-08T13:21:24.260Z', 'age': 5}, 'phone': '0006-8978360', 'cell': '0170-9203962', 'id': {'name': 'SVNR', 'value': '38 041160 F 922'}, 'picture': {'large': 'https://randomuser.me/api/portraits/women/78.jpg', 'medium': 'https://randomuser.me/api/portraits/med/women/78.jpg', 'thumbnail': 'https://randomuser.me/api/portraits/thumb/women/78.jpg'}, 'nat': 'DE'}], 'info': {'seed': '0717de50ef120702', 'results': 1, 'page': 1, 'version': '1.4'}}</msg>
<arg>${json_data}</arg>
<doc>Logs the given message with the given level.</doc>
<status status="PASS" start="2024-07-18T10:16:16.191305" elapsed="0.000202"/>
</kw>
<kw name="Should Be String" owner="String">
<arg>${json_data['results'][0]['gender']}</arg>
<doc>Fails if the given ``item`` is not a string.</doc>
<status status="PASS" start="2024-07-18T10:16:16.191795" elapsed="0.000358"/>
</kw>
<kw name="Should Match Regexp" owner="BuiltIn">
<arg>${json_data['results'][0]['email']}</arg>
<arg>^[a-zA-Z0-9._%+-]+@[a-zA-Z0-9.-]+\.[a-zA-Z]{2,}$</arg>
<doc>Fails if ``string`` does not match ``pattern`` as a regular expression.</doc>
<status status="PASS" start="2024-07-18T10:16:16.192342" elapsed="0.000553"/>
</kw>
<kw name="Should Match Regexp" owner="BuiltIn">
<arg>${json_data['results'][0]['dob']['date']}</arg>
<arg>\\d{4}-\\d{2}-\\d{2}T\\d{2}:\\d{2}:\\d{2}\\.\\d{3}Z</arg>
<doc>Fails if ``string`` does not match ``pattern`` as a regular expression.</doc>
<status status="PASS" start="2024-07-18T10:16:16.193093" elapsed="0.000602"/>
</kw>
<kw name="Should Match Regexp" owner="BuiltIn">
<arg>${json_data['results'][0]['registered']['date']}</arg>
<arg>\\d{4}-\\d{2}-\\d{2}T\\d{2}:\\d{2}:\\d{2}\\.\\d{3}Z</arg>
<doc>Fails if ``string`` does not match ``pattern`` as a regular expression.</doc>
<status status="PASS" start="2024-07-18T10:16:16.193891" elapsed="0.000370"/>
</kw>
<kw name="Should Match Regexp" owner="BuiltIn">
<arg>${json_data['results'][0]['picture']['large']}</arg>
<arg>^https?://.*\.(?:png|jpe?g|gif|bmp)$</arg>
<doc>Fails if ``string`` does not match ``pattern`` as a regular expression.</doc>
<status status="PASS" start="2024-07-18T10:16:16.194493" elapsed="0.000471"/>
</kw>
<kw name="Should Match Regexp" owner="BuiltIn">
<arg>${json_data['results'][0]['picture']['medium']}</arg>
<arg>^https?://.*\.(?:png|jpe?g|gif|bmp)$</arg>
<doc>Fails if ``string`` does not match ``pattern`` as a regular expression.</doc>
<status status="PASS" start="2024-07-18T10:16:16.195165" elapsed="0.000354"/>
</kw>
<kw name="Should Match Regexp" owner="BuiltIn">
<arg>${json_data['results'][0]['picture']['thumbnail']}</arg>
<arg>^https?://.*\.(?:png|jpe?g|gif|bmp)$</arg>
<doc>Fails if ``string`` does not match ``pattern`` as a regular expression.</doc>
<status status="PASS" start="2024-07-18T10:16:16.195703" elapsed="0.000350"/>
</kw>
<kw name="Log" owner="BuiltIn">
<msg time="2024-07-18T10:16:16.196562" level="INFO">{'large': 'https://randomuser.me/api/portraits/women/78.jpg', 'medium': 'https://randomuser.me/api/portraits/med/women/78.jpg', 'thumbnail': 'https://randomuser.me/api/portraits/thumb/women/78.jpg'}</msg>
<arg>${json_data['results'][0]['picture']}</arg>
<doc>Logs the given message with the given level.</doc>
<status status="PASS" start="2024-07-18T10:16:16.196234" elapsed="0.000370"/>
</kw>
<status status="PASS" start="2024-07-18T10:16:16.105698" elapsed="0.091161"/>
</kw>
<kw name="Teste de Tipos de Dados - Postcode" owner="random-user-service">
<kw name="GET On Session" owner="RequestsLibrary">
<msg time="2024-07-18T10:16:16.288592" level="INFO">GET Request : url=https://randomuser.me/api 
 path_url=/api 
 headers={'User-Agent': 'python-requests/2.32.3', 'Accept-Encoding': 'gzip, deflate', 'Accept': '*/*', 'Connection': 'keep-alive'} 
 body=None 
 </msg>
<msg time="2024-07-18T10:16:16.288671" level="INFO">GET Response : url=https://randomuser.me/api 
 status=200, reason=OK 
 headers={'Date': 'Thu, 18 Jul 2024 10:16:16 GMT', 'Content-Type': 'application/json; charset=utf-8', 'Transfer-Encoding': 'chunked', 'Connection': 'keep-alive', 'X-Powered-By': 'Express', 'Access-Control-Allow-Origin': '*', 'Cache-Control': 'no-cache', 'ETag': 'W/"477-PDKtn26j04ejL/mNkA+0T0eNaPM"', 'Vary': 'Accept-Encoding', 'Content-Encoding': 'gzip', 'CF-Cache-Status': 'DYNAMIC', 'Report-To': '{"endpoints":[{"url":"https:\\/\\/a.nel.cloudflare.com\\/report\\/v4?s=aMBKWNfqEaHUiKvHiWM%2BtOY4Sk5hYVwRJzLoJ7tjZKik4IAtuzrXph0BfbuOtNajEQBXp1bN3sHKrGPYbjvGHNDyhL4Ng%2BWMNsdiiPHQa%2FGgM3e%2FJ8ifMLXZOfIBSAdK"}],"group":"cf-nel","max_age":604800}', 'NEL': '{"success_fraction":0,"report_to":"cf-nel","max_age":604800}', 'Server': 'cloudflare', 'CF-RAY': '8a51b71d5ccd86fe-ORD', 'alt-svc': 'h3=":443"; ma=86400'} 
 body={"results":[{"gender":"male","name":{"title":"Mr","first":"David","last":"Aguilar"},"location":{"street":{"number":2479,"name":"Calle de Alberto Aguilera"},"city":"Logroño","state":"Extremadura","country":"Spain","postcode":60301,"coordinates":{"latitude":"-30.6239","longitude":"-77.7154"},"timezone":{"offset":"+4:30","description":"Kabul"}},"email":"david.aguilar@example.com","login":{"uuid":"40a34798-1569-4d5b-b026-4c7c32ffc517","username":"bigkoala341","password":"474747","salt":"guzI1uTS","md5":"448a3b5c71aab90467025f5ac8377076","sha1":"7dbea3edf5879d38522f71ec9b3c65a52a13a585","sha256":"1ccaf4626fe388097dd22cbf06f530ef69e6311948c43037c5c8f4d9f8000a11"},"dob":{"date":"1990-01-07T22:54:38.722Z","age":34},"registered":{"date":"2012-03-14T13:24:12.598Z","age":12},"phone":"921-997-314","cell":"698-433-108","id":{"name":"DNI","value":"97982950-G"},"picture":{"large":"https://randomuser.me/api/portraits/men/75.jpg","medium":"https://randomuser.me/api/portraits/med/men/75.jpg","thumbnail":"https://randomuser.me/api/portraits/thumb/men/75.jpg"},"nat":"ES"}],"info":{"seed":"42b7aee2227ff4f0","results":1,"page":1,"version":"1.4"}} 
 </msg>
<msg time="2024-07-18T10:16:16.288742" level="INFO">/opt/hostedtoolcache/Python/3.12.4/x64/lib/python3.12/site-packages/urllib3/connectionpool.py:1099: InsecureRequestWarning: Unverified HTTPS request is being made to host 'randomuser.me'. Adding certificate verification is strongly advised. See: https://urllib3.readthedocs.io/en/latest/advanced-usage.html#tls-warnings
  warnings.warn(</msg>
<msg time="2024-07-18T10:16:16.288858" level="INFO">${response} = &lt;Response [200]&gt;</msg>
<var>${response}</var>
<arg>consultarAPI</arg>
<arg>/api</arg>
<doc>Sends a GET request on a previously created HTTP Session.</doc>
<status status="PASS" start="2024-07-18T10:16:16.197288" elapsed="0.091627"/>
</kw>
<kw name="Set Variable" owner="BuiltIn">
<msg time="2024-07-18T10:16:16.290000" level="INFO">${json_data} = {'results': [{'gender': 'male', 'name': {'title': 'Mr', 'first': 'David', 'last': 'Aguilar'}, 'location': {'street': {'number': 2479, 'name': 'Calle de Alberto Aguilera'}, 'city': 'Logroño', 'state': ...</msg>
<var>${json_data}</var>
<arg>${response.json()}</arg>
<doc>Returns the given values which can then be assigned to a variables.</doc>
<status status="PASS" start="2024-07-18T10:16:16.289412" elapsed="0.000618"/>
</kw>
<kw name="Log" owner="BuiltIn">
<msg time="2024-07-18T10:16:16.290552" level="INFO">{'results': [{'gender': 'male', 'name': {'title': 'Mr', 'first': 'David', 'last': 'Aguilar'}, 'location': {'street': {'number': 2479, 'name': 'Calle de Alberto Aguilera'}, 'city': 'Logroño', 'state': 'Extremadura', 'country': 'Spain', 'postcode': 60301, 'coordinates': {'latitude': '-30.6239', 'longitude': '-77.7154'}, 'timezone': {'offset': '+4:30', 'description': 'Kabul'}}, 'email': 'david.aguilar@example.com', 'login': {'uuid': '40a34798-1569-4d5b-b026-4c7c32ffc517', 'username': 'bigkoala341', 'password': '474747', 'salt': 'guzI1uTS', 'md5': '448a3b5c71aab90467025f5ac8377076', 'sha1': '7dbea3edf5879d38522f71ec9b3c65a52a13a585', 'sha256': '1ccaf4626fe388097dd22cbf06f530ef69e6311948c43037c5c8f4d9f8000a11'}, 'dob': {'date': '1990-01-07T22:54:38.722Z', 'age': 34}, 'registered': {'date': '2012-03-14T13:24:12.598Z', 'age': 12}, 'phone': '921-997-314', 'cell': '698-433-108', 'id': {'name': 'DNI', 'value': '97982950-G'}, 'picture': {'large': 'https://randomuser.me/api/portraits/men/75.jpg', 'medium': 'https://randomuser.me/api/portraits/med/men/75.jpg', 'thumbnail': 'https://randomuser.me/api/portraits/thumb/men/75.jpg'}, 'nat': 'ES'}], 'info': {'seed': '42b7aee2227ff4f0', 'results': 1, 'page': 1, 'version': '1.4'}}</msg>
<arg>${json_data}</arg>
<doc>Logs the given message with the given level.</doc>
<status status="PASS" start="2024-07-18T10:16:16.290385" elapsed="0.000216"/>
</kw>
<kw name="Should Be Equal As Numbers" owner="BuiltIn">
<arg>${json_data['results'][0]['location']['postcode']}</arg>
<arg>${json_data['results'][0]['location']['postcode']}</arg>
<doc>Fails if objects are unequal after converting them to real numbers.</doc>
<status status="PASS" start="2024-07-18T10:16:16.290896" elapsed="0.000622"/>
</kw>
<kw name="Log" owner="BuiltIn">
<msg time="2024-07-18T10:16:16.292038" level="INFO">60301</msg>
<arg>${json_data['results'][0]['location']['postcode']}</arg>
<doc>Logs the given message with the given level.</doc>
<status status="PASS" start="2024-07-18T10:16:16.291707" elapsed="0.000371"/>
</kw>
<status status="PASS" start="2024-07-18T10:16:16.197066" elapsed="0.095287"/>
</kw>
<doc>Testa se os tipos de dados na resposta da API estão corretos.</doc>
<tag>testeTiposDados</tag>
<status status="PASS" start="2024-07-18T10:16:16.105155" elapsed="0.187354"/>
</test>
<test id="s1-s1-t5" name="Validar conteudo" line="35">
<kw name="Teste de Tipos de Conteudo" owner="random-user-service">
<kw name="GET On Session" owner="RequestsLibrary">
<msg time="2024-07-18T10:16:16.386178" level="INFO">GET Request : url=https://randomuser.me/api 
 path_url=/api 
 headers={'User-Agent': 'python-requests/2.32.3', 'Accept-Encoding': 'gzip, deflate', 'Accept': '*/*', 'Connection': 'keep-alive'} 
 body=None 
 </msg>
<msg time="2024-07-18T10:16:16.386263" level="INFO">GET Response : url=https://randomuser.me/api 
 status=200, reason=OK 
 headers={'Date': 'Thu, 18 Jul 2024 10:16:16 GMT', 'Content-Type': 'application/json; charset=utf-8', 'Transfer-Encoding': 'chunked', 'Connection': 'keep-alive', 'X-Powered-By': 'Express', 'Access-Control-Allow-Origin': '*', 'Cache-Control': 'no-cache', 'ETag': 'W/"4a3-5lqqUnpfZcvQ4S0JT2Ee6/EUh90"', 'Vary': 'Accept-Encoding', 'Content-Encoding': 'gzip', 'CF-Cache-Status': 'DYNAMIC', 'Report-To': '{"endpoints":[{"url":"https:\\/\\/a.nel.cloudflare.com\\/report\\/v4?s=UQZMoR4qG9rMzt300aZ%2FwrJtx%2BymDEp4ivz8Bg5e3KaQv37ADLmHgxqvn8TQNSJj0atv4MD4XLopydPgMXXeHpb8gKfZ5%2FzG%2BoBrVnrXKPezZ4%2Fx00%2Fjxk61woh0kvIM"}],"group":"cf-nel","max_age":604800}', 'NEL': '{"success_fraction":0,"report_to":"cf-nel","max_age":604800}', 'Server': 'cloudflare', 'CF-RAY': '8a51b71ded2f86fe-ORD', 'alt-svc': 'h3=":443"; ma=86400'} 
 body={"results":[{"gender":"female","name":{"title":"Ms","first":"Hanne-Lore","last":"Stenger"},"location":{"street":{"number":9004,"name":"Lindenweg"},"city":"Kusel","state":"Saarland","country":"Germany","postcode":26525,"coordinates":{"latitude":"-50.5501","longitude":"119.2253"},"timezone":{"offset":"+11:00","description":"Magadan, Solomon Islands, New Caledonia"}},"email":"hanne-lore.stenger@example.com","login":{"uuid":"6defe97b-2921-4c2a-b069-0c9eb523a5a2","username":"organicbear804","password":"grandpa","salt":"LjgWiM9a","md5":"00e79cdf1dc0f6913bcaf632359a52a9","sha1":"98e18dc6985d7c1570bb3e32308d8011a983ac0c","sha256":"7b6ff7343d62073df925c8d723fc5ba5e486e6448f54d38a9c4801a688db8eef"},"dob":{"date":"1979-10-17T15:24:06.505Z","age":44},"registered":{"date":"2020-02-18T02:21:53.478Z","age":4},"phone":"0312-6361410","cell":"0171-2272105","id":{"name":"SVNR","value":"48 171079 S 596"},"picture":{"large":"https://randomuser.me/api/portraits/women/72.jpg","medium":"https://randomuser.me/api/portraits/med/women/72.jpg","thumbnail":"https://randomuser.me/api/portraits/thumb/women/72.jpg"},"nat":"DE"}],"info":{"seed":"b2fa7c7922b7cfe4","results":1,"page":1,"version":"1.4"}} 
 </msg>
<msg time="2024-07-18T10:16:16.386389" level="INFO">/opt/hostedtoolcache/Python/3.12.4/x64/lib/python3.12/site-packages/urllib3/connectionpool.py:1099: InsecureRequestWarning: Unverified HTTPS request is being made to host 'randomuser.me'. Adding certificate verification is strongly advised. See: https://urllib3.readthedocs.io/en/latest/advanced-usage.html#tls-warnings
  warnings.warn(</msg>
<msg time="2024-07-18T10:16:16.386496" level="INFO">${response} = &lt;Response [200]&gt;</msg>
<var>${response}</var>
<arg>consultarAPI</arg>
<arg>/api</arg>
<doc>Sends a GET request on a previously created HTTP Session.</doc>
<status status="PASS" start="2024-07-18T10:16:16.294963" elapsed="0.091578"/>
</kw>
<kw name="Set Variable" owner="BuiltIn">
<msg time="2024-07-18T10:16:16.387579" level="INFO">${json_data} = {'results': [{'gender': 'female', 'name': {'title': 'Ms', 'first': 'Hanne-Lore', 'last': 'Stenger'}, 'location': {'street': {'number': 9004, 'name': 'Lindenweg'}, 'city': 'Kusel', 'state': 'Saarland',...</msg>
<var>${json_data}</var>
<arg>${response.json()}</arg>
<doc>Returns the given values which can then be assigned to a variables.</doc>
<status status="PASS" start="2024-07-18T10:16:16.386996" elapsed="0.000612"/>
</kw>
<kw name="Set Variable" owner="BuiltIn">
<msg time="2024-07-18T10:16:16.388291" level="INFO">${name_title} = Ms</msg>
<var>${name_title}</var>
<arg>${json_data["results"][0]["name"]["title"]}</arg>
<doc>Returns the given values which can then be assigned to a variables.</doc>
<status status="PASS" start="2024-07-18T10:16:16.387913" elapsed="0.000404"/>
</kw>
<kw name="Create List" owner="BuiltIn">
<msg time="2024-07-18T10:16:16.388757" level="INFO">${allowed_titles} = ['Mr', 'Ms', 'Miss', 'Mrs', 'Madame', 'Monsieur']</msg>
<var>${allowed_titles}</var>
<arg>Mr</arg>
<arg>Ms</arg>
<arg>Miss</arg>
<arg>Mrs</arg>
<arg>Madame</arg>
<arg>Monsieur</arg>
<doc>Returns a list containing given items.</doc>
<status status="PASS" start="2024-07-18T10:16:16.388611" elapsed="0.000171"/>
</kw>
<kw name="List Should Contain Value" owner="Collections">
<arg>${allowed_titles}</arg>
<arg>${name_title}</arg>
<doc>Fails if the ``value`` is not found from ``list``.</doc>
<status status="PASS" start="2024-07-18T10:16:16.389078" elapsed="0.000170"/>
</kw>
<kw name="Set Variable" owner="BuiltIn">
<msg time="2024-07-18T10:16:16.389797" level="INFO">${name_country} = DE</msg>
<var>${name_country}</var>
<arg>${json_data["results"][0]["nat"]}</arg>
<doc>Returns the given values which can then be assigned to a variables.</doc>
<status status="PASS" start="2024-07-18T10:16:16.389424" elapsed="0.000398"/>
</kw>
<kw name="Create List" owner="BuiltIn">
<msg time="2024-07-18T10:16:16.390773" level="INFO">${list_country} = ['AD', 'AE', 'AF', 'AG', 'AI', 'AL', 'AM', 'AO', 'AQ', 'AR', 'AS', 'AT', 'AU', 'AW', 'AX', 'AZ', 'BA', 'BB', 'BD', 'BE', 'BF', 'BG', 'BH', 'BI', 'BJ', 'BL', 'BM', 'BN', 'BO', 'BQ', 'BR', 'BS', 'BT', '...</msg>
<var>${list_country}</var>
<arg>AD</arg>
<arg>AE</arg>
<arg>AF</arg>
<arg>AG</arg>
<arg>AI</arg>
<arg>AL</arg>
<arg>AM</arg>
<arg>AO</arg>
<arg>AQ</arg>
<arg>AR</arg>
<arg>AS</arg>
<arg>AT</arg>
<arg>AU</arg>
<arg>AW</arg>
<arg>AX</arg>
<arg>AZ</arg>
<arg>BA</arg>
<arg>BB</arg>
<arg>BD</arg>
<arg>BE</arg>
<arg>BF</arg>
<arg>BG</arg>
<arg>BH</arg>
<arg>BI</arg>
<arg>BJ</arg>
<arg>BL</arg>
<arg>BM</arg>
<arg>BN</arg>
<arg>BO</arg>
<arg>BQ</arg>
<arg>BR</arg>
<arg>BS</arg>
<arg>BT</arg>
<arg>BV</arg>
<arg>BW</arg>
<arg>BY</arg>
<arg>BZ</arg>
<arg>CA</arg>
<arg>CC</arg>
<arg>CD</arg>
<arg>CF</arg>
<arg>CG</arg>
<arg>CH</arg>
<arg>CI</arg>
<arg>CK</arg>
<arg>CL</arg>
<arg>CM</arg>
<arg>CN</arg>
<arg>CO</arg>
<arg>CR</arg>
<arg>CU</arg>
<arg>CV</arg>
<arg>CW</arg>
<arg>CX</arg>
<arg>CY</arg>
<arg>CZ</arg>
<arg>DE</arg>
<arg>DJ</arg>
<arg>DK</arg>
<arg>DM</arg>
<arg>DO</arg>
<arg>DZ</arg>
<arg>EC</arg>
<arg>EE</arg>
<arg>EG</arg>
<arg>EH</arg>
<arg>ER</arg>
<arg>ES</arg>
<arg>ET</arg>
<arg>FI</arg>
<arg>FJ</arg>
<arg>FK</arg>
<arg>FM</arg>
<arg>FO</arg>
<arg>FR</arg>
<arg>GA</arg>
<arg>GB</arg>
<arg>GD</arg>
<arg>GE</arg>
<arg>GF</arg>
<arg>GG</arg>
<arg>GH</arg>
<arg>GI</arg>
<arg>GL</arg>
<arg>GM</arg>
<arg>GN</arg>
<arg>GP</arg>
<arg>GQ</arg>
<arg>GR</arg>
<arg>GS</arg>
<arg>GT</arg>
<arg>GU</arg>
<arg>GW</arg>
<arg>GY</arg>
<arg>HK</arg>
<arg>HM</arg>
<arg>HN</arg>
<arg>HR</arg>
<arg>HT</arg>
<arg>HU</arg>
<arg>ID</arg>
<arg>IE</arg>
<arg>IL</arg>
<arg>IM</arg>
<arg>IN</arg>
<arg>IO</arg>
<arg>IQ</arg>
<arg>IR</arg>
<arg>IS</arg>
<arg>IT</arg>
<arg>JE</arg>
<arg>JM</arg>
<arg>JO</arg>
<arg>JP</arg>
<arg>KE</arg>
<arg>KG</arg>
<arg>KH</arg>
<arg>KI</arg>
<arg>KM</arg>
<arg>KN</arg>
<arg>KP</arg>
<arg>KR</arg>
<arg>KW</arg>
<arg>KY</arg>
<arg>KZ</arg>
<arg>LA</arg>
<arg>LB</arg>
<arg>LC</arg>
<arg>LI</arg>
<arg>LK</arg>
<arg>LR</arg>
<arg>LS</arg>
<arg>LT</arg>
<arg>LU</arg>
<arg>LV</arg>
<arg>LY</arg>
<arg>MA</arg>
<arg>MC</arg>
<arg>MD</arg>
<arg>ME</arg>
<arg>MF</arg>
<arg>MG</arg>
<arg>MH</arg>
<arg>MK</arg>
<arg>ML</arg>
<arg>MM</arg>
<arg>MN</arg>
<arg>MO</arg>
<arg>MP</arg>
<arg>MQ</arg>
<arg>MR</arg>
<arg>MS</arg>
<arg>MT</arg>
<arg>MU</arg>
<arg>MV</arg>
<arg>MW</arg>
<arg>MX</arg>
<arg>MY</arg>
<arg>MZ</arg>
<arg>NA</arg>
<arg>NC</arg>
<arg>NE</arg>
<arg>NF</arg>
<arg>NG</arg>
<arg>NI</arg>
<arg>NL</arg>
<arg>NO</arg>
<arg>NP</arg>
<arg>NR</arg>
<arg>NU</arg>
<arg>NZ</arg>
<arg>OM</arg>
<arg>PA</arg>
<arg>PE</arg>
<arg>PF</arg>
<arg>PG</arg>
<arg>PH</arg>
<arg>PK</arg>
<arg>PL</arg>
<arg>PM</arg>
<arg>PN</arg>
<arg>PR</arg>
<arg>PS</arg>
<arg>PT</arg>
<arg>PW</arg>
<arg>PY</arg>
<arg>QA</arg>
<arg>RE</arg>
<arg>RO</arg>
<arg>RS</arg>
<arg>RU</arg>
<arg>RW</arg>
<arg>SA</arg>
<arg>SB</arg>
<arg>SC</arg>
<arg>SD</arg>
<arg>SE</arg>
<arg>SG</arg>
<arg>SH</arg>
<arg>SI</arg>
<arg>SJ</arg>
<arg>SK</arg>
<arg>SL</arg>
<arg>SM</arg>
<arg>SN</arg>
<arg>SO</arg>
<arg>SR</arg>
<arg>SS</arg>
<arg>ST</arg>
<arg>SV</arg>
<arg>SX</arg>
<arg>SY</arg>
<arg>SZ</arg>
<arg>TC</arg>
<arg>TD</arg>
<arg>TF</arg>
<arg>TG</arg>
<arg>TH</arg>
<arg>TJ</arg>
<arg>TK</arg>
<arg>TL</arg>
<arg>TM</arg>
<arg>TN</arg>
<arg>TO</arg>
<arg>TR</arg>
<arg>TT</arg>
<arg>TV</arg>
<arg>TW</arg>
<arg>TZ</arg>
<arg>UA</arg>
<arg>UG</arg>
<arg>UM</arg>
<arg>US</arg>
<arg>UY</arg>
<arg>UZ</arg>
<arg>VA</arg>
<arg>VC</arg>
<arg>VE</arg>
<arg>VG</arg>
<arg>VI</arg>
<arg>VN</arg>
<arg>VU</arg>
<arg>WF</arg>
<arg>WS</arg>
<arg>XK</arg>
<arg>YE</arg>
<arg>YT</arg>
<arg>ZA</arg>
<arg>ZM</arg>
<arg>ZW</arg>
<doc>Returns a list containing given items.</doc>
<status status="PASS" start="2024-07-18T10:16:16.390142" elapsed="0.000658"/>
</kw>
<kw name="List Should Contain Value" owner="Collections">
<arg>${list_country}</arg>
<arg>${name_country}</arg>
<doc>Fails if the ``value`` is not found from ``list``.</doc>
<status status="PASS" start="2024-07-18T10:16:16.391734" elapsed="0.000204"/>
</kw>
<kw name="Run Keyword If" owner="BuiltIn">
<kw name="Should Be True" owner="BuiltIn">
<arg>${True}</arg>
<doc>Fails if the given condition is not true.</doc>
<status status="PASS" start="2024-07-18T10:16:16.392868" elapsed="0.000139"/>
</kw>
<arg>${json_data["results"][0]["location"]["coordinates"]["latitude"]} &gt;= -90 and ${json_data["results"][0]["location"]["coordinates"]["latitude"]} &lt;= 90</arg>
<arg>Should Be True</arg>
<arg>${True}</arg>
<doc>Runs the given keyword with the given arguments, if ``condition`` is true.</doc>
<status status="PASS" start="2024-07-18T10:16:16.392137" elapsed="0.000995"/>
</kw>
<kw name="Run Keyword If" owner="BuiltIn">
<kw name="Should Be True" owner="BuiltIn">
<arg>${True}</arg>
<doc>Fails if the given condition is not true.</doc>
<status status="PASS" start="2024-07-18T10:16:16.393996" elapsed="0.000133"/>
</kw>
<arg>${json_data["results"][0]["location"]["coordinates"]["longitude"]} &gt;= -180 and ${json_data["results"][0]["location"]["coordinates"]["longitude"]} &lt;= 180</arg>
<arg>Should Be True</arg>
<arg>${True}</arg>
<doc>Runs the given keyword with the given arguments, if ``condition`` is true.</doc>
<status status="PASS" start="2024-07-18T10:16:16.393314" elapsed="0.000937"/>
</kw>
<status status="PASS" start="2024-07-18T10:16:16.294746" elapsed="0.099670"/>
</kw>
<doc>Testa o conteúdo específico dos campos retornados pela API.</doc>
<tag>testeConteudo</tag>
<status status="PASS" start="2024-07-18T10:16:16.294222" elapsed="0.100337"/>
</test>
<status status="PASS" start="2024-07-18T10:16:15.456611" elapsed="0.939890"/>
</suite>
<status status="PASS" start="2024-07-18T10:16:15.442203" elapsed="0.959273"/>
</suite>
<statistics>
<total>
<stat pass="5" fail="0" skip="0">All Tests</stat>
</total>
<tag>
<stat pass="1" fail="0" skip="0">testeConteudo</stat>
<stat pass="1" fail="0" skip="0">testeEstruturaResposta</stat>
<stat pass="1" fail="0" skip="0">testeRequisicaoBasica</stat>
<stat pass="1" fail="0" skip="0">testeTiposDados</stat>
</tag>
<suite>
<stat pass="5" fail="0" skip="0" id="s1" name="Tests">Tests</stat>
<stat pass="5" fail="0" skip="0" id="s1-s1" name="Random-User-Test">Tests.Random-User-Test</stat>
</suite>
</statistics>
<errors>
</errors>
</robot>
