<?xml version="1.0" encoding="UTF-8"?>
<robot generator="Robot 7.0 (Python 3.12.2 on linux)" generated="2024-04-15T20:14:12.124605" rpa="false" schemaversion="5">
<suite id="s1" name="Tests" source="/home/runner/work/DesafioQAItauRogerioJordao/DesafioQAItauRogerioJordao/RamdonUser/tests">
<suite id="s1-s1" name="Random-User-Test" source="/home/runner/work/DesafioQAItauRogerioJordao/DesafioQAItauRogerioJordao/RamdonUser/tests/random-user-test.robot">
<test id="s1-s1-t1" name="Conectar" line="13">
<kw name="Conectar API" owner="random-user-service">
<kw name="Create Session" owner="RequestsLibrary">
<msg time="2024-04-15T20:14:12.569625" level="INFO">Creating Session using : alias=consultarAPI, url=https://randomuser.me/, headers={},                     cookies={}, auth=None, timeout=None, proxies=None, verify=False,                     debug=0 </msg>
<arg>consultarAPI</arg>
<arg>${URL}</arg>
<doc>Create Session: create a HTTP session to a server</doc>
<status status="PASS" start="2024-04-15T20:14:12.569420" elapsed="0.000409"/>
</kw>
<status status="PASS" start="2024-04-15T20:14:12.568336" elapsed="0.001866"/>
</kw>
<status status="PASS" start="2024-04-15T20:14:12.567735" elapsed="0.002674"/>
</test>
<test id="s1-s1-t2" name="Validar retorno 200 e JSON Válido" line="16">
<kw name="Teste de Requisicao Basica" owner="random-user-service">
<kw name="GET On Session" owner="RequestsLibrary">
<msg time="2024-04-15T20:14:12.714425" level="INFO">GET Request : url=https://randomuser.me/api 
 path_url=/api 
 headers={'User-Agent': 'python-requests/2.31.0', 'Accept-Encoding': 'gzip, deflate', 'Accept': '*/*', 'Connection': 'keep-alive'} 
 body=None 
 </msg>
<msg time="2024-04-15T20:14:12.714587" level="INFO">GET Response : url=https://randomuser.me/api 
 status=200, reason=OK 
 headers={'Date': 'Mon, 15 Apr 2024 20:14:12 GMT', 'Content-Type': 'application/json; charset=utf-8', 'Transfer-Encoding': 'chunked', 'Connection': 'keep-alive', 'X-Powered-By': 'Express', 'Access-Control-Allow-Origin': '*', 'Cache-Control': 'no-cache', 'ETag': 'W/"497-v+hea6dL6lISkTcdgi/VEYXIUbk"', 'Vary': 'Accept-Encoding', 'Content-Encoding': 'gzip', 'CF-Cache-Status': 'DYNAMIC', 'Report-To': '{"endpoints":[{"url":"https:\\/\\/a.nel.cloudflare.com\\/report\\/v4?s=w2zS27QW5u4dKOWdqhOMdHT23Eij%2FbXopz23PsK548oq5hRkHWfzEJ3165cDtq8tB9KISOOIc3X43P0dlEh6Z3DeIQsMW%2Bv9HA8MNKBLxyTL%2FFrrefZA3XPX4Dm0buuz"}],"group":"cf-nel","max_age":604800}', 'NEL': '{"success_fraction":0,"report_to":"cf-nel","max_age":604800}', 'Server': 'cloudflare', 'CF-RAY': '874e99c0cb66cf09-SJC', 'alt-svc': 'h3=":443"; ma=86400'} 
 body={"results":[{"gender":"female","name":{"title":"Mrs","first":"Judith","last":"Hudson"},"location":{"street":{"number":9249,"name":"Main Street"},"city":"Exeter","state":"West Yorkshire","country":"United Kingdom","postcode":"BY10 2ET","coordinates":{"latitude":"-8.7665","longitude":"152.9356"},"timezone":{"offset":"-11:00","description":"Midway Island, Samoa"}},"email":"judith.hudson@example.com","login":{"uuid":"77a0e65f-0b78-4237-a3c4-dc0b6ed93741","username":"crazysnake798","password":"shower","salt":"TEFkoDll","md5":"32e0f1a0b486e526b06899486f9a62df","sha1":"2fad1e38f873bc4e1e886af014f38d48a8eca5d7","sha256":"709671b89762761750beba597737d2d9204548065862c369127ccd80582e2f44"},"dob":{"date":"1946-04-08T21:37:34.885Z","age":78},"registered":{"date":"2017-03-10T19:49:22.820Z","age":7},"phone":"015396 34683","cell":"07636 345474","id":{"name":"NINO","value":"GH 98 58 02 B"},"picture":{"large":"https://randomuser.me/api/portraits/women/39.jpg","medium":"https://randomuser.me/api/portraits/med/women/39.jpg","thumbnail":"https://randomuser.me/api/portraits/thumb/women/39.jpg"},"nat":"GB"}],"info":{"seed":"fffb11c18df627c7","results":1,"page":1,"version":"1.4"}} 
 </msg>
<msg time="2024-04-15T20:14:12.714672" level="INFO">/opt/hostedtoolcache/Python/3.12.2/x64/lib/python3.12/site-packages/urllib3/connectionpool.py:1103: InsecureRequestWarning: Unverified HTTPS request is being made to host 'randomuser.me'. Adding certificate verification is strongly advised. See: https://urllib3.readthedocs.io/en/latest/advanced-usage.html#tls-warnings
  warnings.warn(</msg>
<msg time="2024-04-15T20:14:12.714813" level="INFO">${response} = &lt;Response [200]&gt;</msg>
<var>${response}</var>
<arg>consultarAPI</arg>
<arg>/api</arg>
<doc>Sends a GET request on a previously created HTTP Session.</doc>
<status status="PASS" start="2024-04-15T20:14:12.573010" elapsed="0.141839"/>
</kw>
<kw name="Should Be Equal As Numbers" owner="BuiltIn">
<msg time="2024-04-15T20:14:12.715938" level="INFO">Argument types are:
&lt;class 'int'&gt;
&lt;class 'str'&gt;</msg>
<arg>${response.status_code}</arg>
<arg>200</arg>
<doc>Fails if objects are unequal after converting them to real numbers.</doc>
<status status="PASS" start="2024-04-15T20:14:12.715449" elapsed="0.000559"/>
</kw>
<kw name="Log" owner="BuiltIn">
<msg time="2024-04-15T20:14:12.716714" level="INFO">200</msg>
<arg>${response.status_code}</arg>
<doc>Logs the given message with the given level.</doc>
<status status="PASS" start="2024-04-15T20:14:12.716357" elapsed="0.000403"/>
</kw>
<kw name="Set Variable" owner="BuiltIn">
<msg time="2024-04-15T20:14:12.717592" level="INFO">${json_data} = {'results': [{'gender': 'female', 'name': {'title': 'Mrs', 'first': 'Judith', 'last': 'Hudson'}, 'location': {'street': {'number': 9249, 'name': 'Main Street'}, 'city': 'Exeter', 'state': 'West Yorksh...</msg>
<var>${json_data}</var>
<arg>${response.json()}</arg>
<doc>Returns the given values which can then be assigned to a variables.</doc>
<status status="PASS" start="2024-04-15T20:14:12.717111" elapsed="0.000510"/>
</kw>
<kw name="Dictionary Should Contain Key" owner="Collections">
<msg time="2024-04-15T20:14:12.718112" level="INFO">False</msg>
<arg>${json_data}</arg>
<arg>results</arg>
<doc>Fails if ``key`` is not found from ``dictionary``.</doc>
<status status="PASS" start="2024-04-15T20:14:12.717936" elapsed="0.000224"/>
</kw>
<status status="PASS" start="2024-04-15T20:14:12.572754" elapsed="0.145676"/>
</kw>
<doc>Testa se a API responde corretamente e retorna um objeto JSON válido.</doc>
<tag>testeRequisicaoBasica</tag>
<status status="PASS" start="2024-04-15T20:14:12.572280" elapsed="0.146347"/>
</test>
<test id="s1-s1-t3" name="Validar estrutura de resposta" line="22">
<kw name="Teste de Estrutura de Resposta" owner="random-user-service">
<kw name="GET On Session" owner="RequestsLibrary">
<msg time="2024-04-15T20:14:12.811961" level="INFO">GET Request : url=https://randomuser.me/api 
 path_url=/api 
 headers={'User-Agent': 'python-requests/2.31.0', 'Accept-Encoding': 'gzip, deflate', 'Accept': '*/*', 'Connection': 'keep-alive'} 
 body=None 
 </msg>
<msg time="2024-04-15T20:14:12.812081" level="INFO">GET Response : url=https://randomuser.me/api 
 status=200, reason=OK 
 headers={'Date': 'Mon, 15 Apr 2024 20:14:12 GMT', 'Content-Type': 'application/json; charset=utf-8', 'Transfer-Encoding': 'chunked', 'Connection': 'keep-alive', 'X-Powered-By': 'Express', 'Access-Control-Allow-Origin': '*', 'Cache-Control': 'no-cache', 'ETag': 'W/"489-X8Fz+/qjCei7f/eAoeofVRmWhBs"', 'Vary': 'Accept-Encoding', 'Content-Encoding': 'gzip', 'CF-Cache-Status': 'DYNAMIC', 'Report-To': '{"endpoints":[{"url":"https:\\/\\/a.nel.cloudflare.com\\/report\\/v4?s=XviEV%2Bxs4RKBN%2F0NqkFrRbTTomO193N3gmzTDNMeJdIv05S9AGHCbpLGDRDBro14J00l9T0sK%2BEijA8vJ0c1JKiTec7M8WAUBbpbj%2BXWprO%2FTkCK7wy%2BjU3RrRIEHmbg"}],"group":"cf-nel","max_age":604800}', 'NEL': '{"success_fraction":0,"report_to":"cf-nel","max_age":604800}', 'Server': 'cloudflare', 'CF-RAY': '874e99c18c2fcf09-SJC', 'alt-svc': 'h3=":443"; ma=86400'} 
 body={"results":[{"gender":"female","name":{"title":"Ms","first":"Hanna","last":"Westby"},"location":{"street":{"number":8751,"name":"Kongsvingergata"},"city":"Askje","state":"Trøndelag","country":"Norway","postcode":"1925","coordinates":{"latitude":"45.7151","longitude":"176.8426"},"timezone":{"offset":"+3:00","description":"Baghdad, Riyadh, Moscow, St. Petersburg"}},"email":"hanna.westby@example.com","login":{"uuid":"5fc8e70d-06f3-4080-b58a-3519d083b8d1","username":"reddog399","password":"landon","salt":"z0lbGaTw","md5":"3817da3c16f904a9e5e729c0843e0e80","sha1":"940b70c6040f728e093b95444f90910bb2145178","sha256":"c24cf34cb6fe58b1120141fc4c69d6e9918e881722db61ace84abbd174ac9b0a"},"dob":{"date":"1950-10-29T09:32:54.376Z","age":73},"registered":{"date":"2014-06-19T21:49:02.127Z","age":9},"phone":"25275806","cell":"48283507","id":{"name":"FN","value":"29105027824"},"picture":{"large":"https://randomuser.me/api/portraits/women/84.jpg","medium":"https://randomuser.me/api/portraits/med/women/84.jpg","thumbnail":"https://randomuser.me/api/portraits/thumb/women/84.jpg"},"nat":"NO"}],"info":{"seed":"a73c5084e5cab80e","results":1,"page":1,"version":"1.4"}} 
 </msg>
<msg time="2024-04-15T20:14:12.812262" level="INFO">/opt/hostedtoolcache/Python/3.12.2/x64/lib/python3.12/site-packages/urllib3/connectionpool.py:1103: InsecureRequestWarning: Unverified HTTPS request is being made to host 'randomuser.me'. Adding certificate verification is strongly advised. See: https://urllib3.readthedocs.io/en/latest/advanced-usage.html#tls-warnings
  warnings.warn(</msg>
<msg time="2024-04-15T20:14:12.812413" level="INFO">${response} = &lt;Response [200]&gt;</msg>
<var>${response}</var>
<arg>consultarAPI</arg>
<arg>/api</arg>
<doc>Sends a GET request on a previously created HTTP Session.</doc>
<status status="PASS" start="2024-04-15T20:14:12.721573" elapsed="0.090894"/>
</kw>
<kw name="Set Variable" owner="BuiltIn">
<msg time="2024-04-15T20:14:12.813586" level="INFO">${json_data} = {'results': [{'gender': 'female', 'name': {'title': 'Ms', 'first': 'Hanna', 'last': 'Westby'}, 'location': {'street': {'number': 8751, 'name': 'Kongsvingergata'}, 'city': 'Askje', 'state': 'Trøndelag'...</msg>
<var>${json_data}</var>
<arg>${response.json()}</arg>
<doc>Returns the given values which can then be assigned to a variables.</doc>
<status status="PASS" start="2024-04-15T20:14:12.813028" elapsed="0.000589"/>
</kw>
<kw name="Log" owner="BuiltIn">
<msg time="2024-04-15T20:14:12.814177" level="INFO">{'results': [{'gender': 'female', 'name': {'title': 'Ms', 'first': 'Hanna', 'last': 'Westby'}, 'location': {'street': {'number': 8751, 'name': 'Kongsvingergata'}, 'city': 'Askje', 'state': 'Trøndelag', 'country': 'Norway', 'postcode': '1925', 'coordinates': {'latitude': '45.7151', 'longitude': '176.8426'}, 'timezone': {'offset': '+3:00', 'description': 'Baghdad, Riyadh, Moscow, St. Petersburg'}}, 'email': 'hanna.westby@example.com', 'login': {'uuid': '5fc8e70d-06f3-4080-b58a-3519d083b8d1', 'username': 'reddog399', 'password': 'landon', 'salt': 'z0lbGaTw', 'md5': '3817da3c16f904a9e5e729c0843e0e80', 'sha1': '940b70c6040f728e093b95444f90910bb2145178', 'sha256': 'c24cf34cb6fe58b1120141fc4c69d6e9918e881722db61ace84abbd174ac9b0a'}, 'dob': {'date': '1950-10-29T09:32:54.376Z', 'age': 73}, 'registered': {'date': '2014-06-19T21:49:02.127Z', 'age': 9}, 'phone': '25275806', 'cell': '48283507', 'id': {'name': 'FN', 'value': '29105027824'}, 'picture': {'large': 'https://randomuser.me/api/portraits/women/84.jpg', 'medium': 'https://randomuser.me/api/portraits/med/women/84.jpg', 'thumbnail': 'https://randomuser.me/api/portraits/thumb/women/84.jpg'}, 'nat': 'NO'}], 'info': {'seed': 'a73c5084e5cab80e', 'results': 1, 'page': 1, 'version': '1.4'}}</msg>
<arg>${json_data}</arg>
<doc>Logs the given message with the given level.</doc>
<status status="PASS" start="2024-04-15T20:14:12.813945" elapsed="0.000284"/>
</kw>
<kw name="Dictionary Should Contain Key" owner="Collections">
<msg time="2024-04-15T20:14:12.814711" level="INFO">False</msg>
<arg>${json_data}</arg>
<arg>results</arg>
<doc>Fails if ``key`` is not found from ``dictionary``.</doc>
<status status="PASS" start="2024-04-15T20:14:12.814544" elapsed="0.000207"/>
</kw>
<kw name="Should Not Be Empty" owner="BuiltIn">
<msg time="2024-04-15T20:14:12.815244" level="INFO">Length is 2.</msg>
<arg>${json_data}</arg>
<doc>Verifies that the given item is not empty.</doc>
<status status="PASS" start="2024-04-15T20:14:12.815103" elapsed="0.000189"/>
</kw>
<kw name="Create List" owner="BuiltIn">
<msg time="2024-04-15T20:14:12.815754" level="INFO">${expected_keys} = ['gender', 'name', 'location', 'email', 'login']</msg>
<var>${expected_keys}</var>
<arg>gender</arg>
<arg>name</arg>
<arg>location</arg>
<arg>email</arg>
<arg>login</arg>
<doc>Returns a list containing given items.</doc>
<status status="PASS" start="2024-04-15T20:14:12.815595" elapsed="0.000185"/>
</kw>
<for flavor="IN">
<iter>
<kw name="Dictionary Should Contain Key" owner="Collections">
<msg time="2024-04-15T20:14:12.816825" level="INFO">False</msg>
<arg>${json_data['results'][0]}</arg>
<arg>${key}</arg>
<doc>Fails if ``key`` is not found from ``dictionary``.</doc>
<status status="PASS" start="2024-04-15T20:14:12.816389" elapsed="0.000476"/>
</kw>
<kw name="Log" owner="BuiltIn">
<msg time="2024-04-15T20:14:12.817549" level="INFO">{'gender': 'female', 'name': {'title': 'Ms', 'first': 'Hanna', 'last': 'Westby'}, 'location': {'street': {'number': 8751, 'name': 'Kongsvingergata'}, 'city': 'Askje', 'state': 'Trøndelag', 'country': 'Norway', 'postcode': '1925', 'coordinates': {'latitude': '45.7151', 'longitude': '176.8426'}, 'timezone': {'offset': '+3:00', 'description': 'Baghdad, Riyadh, Moscow, St. Petersburg'}}, 'email': 'hanna.westby@example.com', 'login': {'uuid': '5fc8e70d-06f3-4080-b58a-3519d083b8d1', 'username': 'reddog399', 'password': 'landon', 'salt': 'z0lbGaTw', 'md5': '3817da3c16f904a9e5e729c0843e0e80', 'sha1': '940b70c6040f728e093b95444f90910bb2145178', 'sha256': 'c24cf34cb6fe58b1120141fc4c69d6e9918e881722db61ace84abbd174ac9b0a'}, 'dob': {'date': '1950-10-29T09:32:54.376Z', 'age': 73}, 'registered': {'date': '2014-06-19T21:49:02.127Z', 'age': 9}, 'phone': '25275806', 'cell': '48283507', 'id': {'name': 'FN', 'value': '29105027824'}, 'picture': {'large': 'https://randomuser.me/api/portraits/women/84.jpg', 'medium': 'https://randomuser.me/api/portraits/med/women/84.jpg', 'thumbnail': 'https://randomuser.me/api/portraits/thumb/women/84.jpg'}, 'nat': 'NO'}</msg>
<arg>${json_data['results'][0]}</arg>
<doc>Logs the given message with the given level.</doc>
<status status="PASS" start="2024-04-15T20:14:12.817174" elapsed="0.000427"/>
</kw>
<kw name="Log" owner="BuiltIn">
<msg time="2024-04-15T20:14:12.818041" level="INFO">gender</msg>
<arg>${key}</arg>
<doc>Logs the given message with the given level.</doc>
<status status="PASS" start="2024-04-15T20:14:12.817908" elapsed="0.000173"/>
</kw>
<var name="${key}">gender</var>
<status status="PASS" start="2024-04-15T20:14:12.816260" elapsed="0.002053"/>
</iter>
<iter>
<kw name="Dictionary Should Contain Key" owner="Collections">
<msg time="2024-04-15T20:14:12.819047" level="INFO">False</msg>
<arg>${json_data['results'][0]}</arg>
<arg>${key}</arg>
<doc>Fails if ``key`` is not found from ``dictionary``.</doc>
<status status="PASS" start="2024-04-15T20:14:12.818620" elapsed="0.000467"/>
</kw>
<kw name="Log" owner="BuiltIn">
<msg time="2024-04-15T20:14:12.819799" level="INFO">{'gender': 'female', 'name': {'title': 'Ms', 'first': 'Hanna', 'last': 'Westby'}, 'location': {'street': {'number': 8751, 'name': 'Kongsvingergata'}, 'city': 'Askje', 'state': 'Trøndelag', 'country': 'Norway', 'postcode': '1925', 'coordinates': {'latitude': '45.7151', 'longitude': '176.8426'}, 'timezone': {'offset': '+3:00', 'description': 'Baghdad, Riyadh, Moscow, St. Petersburg'}}, 'email': 'hanna.westby@example.com', 'login': {'uuid': '5fc8e70d-06f3-4080-b58a-3519d083b8d1', 'username': 'reddog399', 'password': 'landon', 'salt': 'z0lbGaTw', 'md5': '3817da3c16f904a9e5e729c0843e0e80', 'sha1': '940b70c6040f728e093b95444f90910bb2145178', 'sha256': 'c24cf34cb6fe58b1120141fc4c69d6e9918e881722db61ace84abbd174ac9b0a'}, 'dob': {'date': '1950-10-29T09:32:54.376Z', 'age': 73}, 'registered': {'date': '2014-06-19T21:49:02.127Z', 'age': 9}, 'phone': '25275806', 'cell': '48283507', 'id': {'name': 'FN', 'value': '29105027824'}, 'picture': {'large': 'https://randomuser.me/api/portraits/women/84.jpg', 'medium': 'https://randomuser.me/api/portraits/med/women/84.jpg', 'thumbnail': 'https://randomuser.me/api/portraits/thumb/women/84.jpg'}, 'nat': 'NO'}</msg>
<arg>${json_data['results'][0]}</arg>
<doc>Logs the given message with the given level.</doc>
<status status="PASS" start="2024-04-15T20:14:12.819424" elapsed="0.000431"/>
</kw>
<kw name="Log" owner="BuiltIn">
<msg time="2024-04-15T20:14:12.820300" level="INFO">name</msg>
<arg>${key}</arg>
<doc>Logs the given message with the given level.</doc>
<status status="PASS" start="2024-04-15T20:14:12.820167" elapsed="0.000171"/>
</kw>
<var name="${key}">name</var>
<status status="PASS" start="2024-04-15T20:14:12.818505" elapsed="0.002055"/>
</iter>
<iter>
<kw name="Dictionary Should Contain Key" owner="Collections">
<msg time="2024-04-15T20:14:12.821245" level="INFO">False</msg>
<arg>${json_data['results'][0]}</arg>
<arg>${key}</arg>
<doc>Fails if ``key`` is not found from ``dictionary``.</doc>
<status status="PASS" start="2024-04-15T20:14:12.820857" elapsed="0.000427"/>
</kw>
<kw name="Log" owner="BuiltIn">
<msg time="2024-04-15T20:14:12.821952" level="INFO">{'gender': 'female', 'name': {'title': 'Ms', 'first': 'Hanna', 'last': 'Westby'}, 'location': {'street': {'number': 8751, 'name': 'Kongsvingergata'}, 'city': 'Askje', 'state': 'Trøndelag', 'country': 'Norway', 'postcode': '1925', 'coordinates': {'latitude': '45.7151', 'longitude': '176.8426'}, 'timezone': {'offset': '+3:00', 'description': 'Baghdad, Riyadh, Moscow, St. Petersburg'}}, 'email': 'hanna.westby@example.com', 'login': {'uuid': '5fc8e70d-06f3-4080-b58a-3519d083b8d1', 'username': 'reddog399', 'password': 'landon', 'salt': 'z0lbGaTw', 'md5': '3817da3c16f904a9e5e729c0843e0e80', 'sha1': '940b70c6040f728e093b95444f90910bb2145178', 'sha256': 'c24cf34cb6fe58b1120141fc4c69d6e9918e881722db61ace84abbd174ac9b0a'}, 'dob': {'date': '1950-10-29T09:32:54.376Z', 'age': 73}, 'registered': {'date': '2014-06-19T21:49:02.127Z', 'age': 9}, 'phone': '25275806', 'cell': '48283507', 'id': {'name': 'FN', 'value': '29105027824'}, 'picture': {'large': 'https://randomuser.me/api/portraits/women/84.jpg', 'medium': 'https://randomuser.me/api/portraits/med/women/84.jpg', 'thumbnail': 'https://randomuser.me/api/portraits/thumb/women/84.jpg'}, 'nat': 'NO'}</msg>
<arg>${json_data['results'][0]}</arg>
<doc>Logs the given message with the given level.</doc>
<status status="PASS" start="2024-04-15T20:14:12.821585" elapsed="0.000417"/>
</kw>
<kw name="Log" owner="BuiltIn">
<msg time="2024-04-15T20:14:12.822426" level="INFO">location</msg>
<arg>${key}</arg>
<doc>Logs the given message with the given level.</doc>
<status status="PASS" start="2024-04-15T20:14:12.822300" elapsed="0.000165"/>
</kw>
<var name="${key}">location</var>
<status status="PASS" start="2024-04-15T20:14:12.820743" elapsed="0.001942"/>
</iter>
<iter>
<kw name="Dictionary Should Contain Key" owner="Collections">
<msg time="2024-04-15T20:14:12.823401" level="INFO">False</msg>
<arg>${json_data['results'][0]}</arg>
<arg>${key}</arg>
<doc>Fails if ``key`` is not found from ``dictionary``.</doc>
<status status="PASS" start="2024-04-15T20:14:12.823000" elapsed="0.000445"/>
</kw>
<kw name="Log" owner="BuiltIn">
<msg time="2024-04-15T20:14:12.824136" level="INFO">{'gender': 'female', 'name': {'title': 'Ms', 'first': 'Hanna', 'last': 'Westby'}, 'location': {'street': {'number': 8751, 'name': 'Kongsvingergata'}, 'city': 'Askje', 'state': 'Trøndelag', 'country': 'Norway', 'postcode': '1925', 'coordinates': {'latitude': '45.7151', 'longitude': '176.8426'}, 'timezone': {'offset': '+3:00', 'description': 'Baghdad, Riyadh, Moscow, St. Petersburg'}}, 'email': 'hanna.westby@example.com', 'login': {'uuid': '5fc8e70d-06f3-4080-b58a-3519d083b8d1', 'username': 'reddog399', 'password': 'landon', 'salt': 'z0lbGaTw', 'md5': '3817da3c16f904a9e5e729c0843e0e80', 'sha1': '940b70c6040f728e093b95444f90910bb2145178', 'sha256': 'c24cf34cb6fe58b1120141fc4c69d6e9918e881722db61ace84abbd174ac9b0a'}, 'dob': {'date': '1950-10-29T09:32:54.376Z', 'age': 73}, 'registered': {'date': '2014-06-19T21:49:02.127Z', 'age': 9}, 'phone': '25275806', 'cell': '48283507', 'id': {'name': 'FN', 'value': '29105027824'}, 'picture': {'large': 'https://randomuser.me/api/portraits/women/84.jpg', 'medium': 'https://randomuser.me/api/portraits/med/women/84.jpg', 'thumbnail': 'https://randomuser.me/api/portraits/thumb/women/84.jpg'}, 'nat': 'NO'}</msg>
<arg>${json_data['results'][0]}</arg>
<doc>Logs the given message with the given level.</doc>
<status status="PASS" start="2024-04-15T20:14:12.823771" elapsed="0.000416"/>
</kw>
<kw name="Log" owner="BuiltIn">
<msg time="2024-04-15T20:14:12.824623" level="INFO">email</msg>
<arg>${key}</arg>
<doc>Logs the given message with the given level.</doc>
<status status="PASS" start="2024-04-15T20:14:12.824494" elapsed="0.000168"/>
</kw>
<var name="${key}">email</var>
<status status="PASS" start="2024-04-15T20:14:12.822860" elapsed="0.002019"/>
</iter>
<iter>
<kw name="Dictionary Should Contain Key" owner="Collections">
<msg time="2024-04-15T20:14:12.825548" level="INFO">False</msg>
<arg>${json_data['results'][0]}</arg>
<arg>${key}</arg>
<doc>Fails if ``key`` is not found from ``dictionary``.</doc>
<status status="PASS" start="2024-04-15T20:14:12.825167" elapsed="0.000420"/>
</kw>
<kw name="Log" owner="BuiltIn">
<msg time="2024-04-15T20:14:12.826249" level="INFO">{'gender': 'female', 'name': {'title': 'Ms', 'first': 'Hanna', 'last': 'Westby'}, 'location': {'street': {'number': 8751, 'name': 'Kongsvingergata'}, 'city': 'Askje', 'state': 'Trøndelag', 'country': 'Norway', 'postcode': '1925', 'coordinates': {'latitude': '45.7151', 'longitude': '176.8426'}, 'timezone': {'offset': '+3:00', 'description': 'Baghdad, Riyadh, Moscow, St. Petersburg'}}, 'email': 'hanna.westby@example.com', 'login': {'uuid': '5fc8e70d-06f3-4080-b58a-3519d083b8d1', 'username': 'reddog399', 'password': 'landon', 'salt': 'z0lbGaTw', 'md5': '3817da3c16f904a9e5e729c0843e0e80', 'sha1': '940b70c6040f728e093b95444f90910bb2145178', 'sha256': 'c24cf34cb6fe58b1120141fc4c69d6e9918e881722db61ace84abbd174ac9b0a'}, 'dob': {'date': '1950-10-29T09:32:54.376Z', 'age': 73}, 'registered': {'date': '2014-06-19T21:49:02.127Z', 'age': 9}, 'phone': '25275806', 'cell': '48283507', 'id': {'name': 'FN', 'value': '29105027824'}, 'picture': {'large': 'https://randomuser.me/api/portraits/women/84.jpg', 'medium': 'https://randomuser.me/api/portraits/med/women/84.jpg', 'thumbnail': 'https://randomuser.me/api/portraits/thumb/women/84.jpg'}, 'nat': 'NO'}</msg>
<arg>${json_data['results'][0]}</arg>
<doc>Logs the given message with the given level.</doc>
<status status="PASS" start="2024-04-15T20:14:12.825890" elapsed="0.000408"/>
</kw>
<kw name="Log" owner="BuiltIn">
<msg time="2024-04-15T20:14:12.826725" level="INFO">login</msg>
<arg>${key}</arg>
<doc>Logs the given message with the given level.</doc>
<status status="PASS" start="2024-04-15T20:14:12.826598" elapsed="0.000166"/>
</kw>
<var name="${key}">login</var>
<status status="PASS" start="2024-04-15T20:14:12.825056" elapsed="0.001980"/>
</iter>
<var>${key}</var>
<value>@{expected_keys}</value>
<status status="PASS" start="2024-04-15T20:14:12.816052" elapsed="0.011113"/>
</for>
<kw name="Create List" owner="BuiltIn">
<msg time="2024-04-15T20:14:12.827507" level="INFO">${expected_keysTwo} = ['username', 'password']</msg>
<var>${expected_keysTwo}</var>
<arg>username</arg>
<arg>password</arg>
<doc>Returns a list containing given items.</doc>
<status status="PASS" start="2024-04-15T20:14:12.827366" elapsed="0.000165"/>
</kw>
<for flavor="IN">
<iter>
<kw name="Dictionary Should Contain Key" owner="Collections">
<msg time="2024-04-15T20:14:12.828550" level="INFO">False</msg>
<arg>${json_data['results'][0]['login']}</arg>
<arg>${keyTwo}</arg>
<doc>Fails if ``key`` is not found from ``dictionary``.</doc>
<status status="PASS" start="2024-04-15T20:14:12.828166" elapsed="0.000423"/>
</kw>
<kw name="Dictionary Should Contain Key" owner="Collections">
<msg time="2024-04-15T20:14:12.829274" level="INFO">False</msg>
<arg>${json_data['results'][0]['login']}</arg>
<arg>${keyTwo}</arg>
<doc>Fails if ``key`` is not found from ``dictionary``.</doc>
<status status="PASS" start="2024-04-15T20:14:12.828892" elapsed="0.000420"/>
</kw>
<kw name="Log" owner="BuiltIn">
<msg time="2024-04-15T20:14:12.829741" level="INFO">username</msg>
<arg>${keyTwo}</arg>
<doc>Logs the given message with the given level.</doc>
<status status="PASS" start="2024-04-15T20:14:12.829608" elapsed="0.000171"/>
</kw>
<var name="${keyTwo}">username</var>
<status status="PASS" start="2024-04-15T20:14:12.828050" elapsed="0.001949"/>
</iter>
<iter>
<kw name="Dictionary Should Contain Key" owner="Collections">
<msg time="2024-04-15T20:14:12.830663" level="INFO">False</msg>
<arg>${json_data['results'][0]['login']}</arg>
<arg>${keyTwo}</arg>
<doc>Fails if ``key`` is not found from ``dictionary``.</doc>
<status status="PASS" start="2024-04-15T20:14:12.830286" elapsed="0.000415"/>
</kw>
<kw name="Dictionary Should Contain Key" owner="Collections">
<msg time="2024-04-15T20:14:12.831414" level="INFO">False</msg>
<arg>${json_data['results'][0]['login']}</arg>
<arg>${keyTwo}</arg>
<doc>Fails if ``key`` is not found from ``dictionary``.</doc>
<status status="PASS" start="2024-04-15T20:14:12.831017" elapsed="0.000434"/>
</kw>
<kw name="Log" owner="BuiltIn">
<msg time="2024-04-15T20:14:12.831877" level="INFO">password</msg>
<arg>${keyTwo}</arg>
<doc>Logs the given message with the given level.</doc>
<status status="PASS" start="2024-04-15T20:14:12.831749" elapsed="0.000168"/>
</kw>
<var name="${keyTwo}">password</var>
<status status="PASS" start="2024-04-15T20:14:12.830174" elapsed="0.001959"/>
</iter>
<var>${keyTwo}</var>
<value>@{expected_keysTwo}</value>
<status status="PASS" start="2024-04-15T20:14:12.827773" elapsed="0.004485"/>
</for>
<status status="PASS" start="2024-04-15T20:14:12.721326" elapsed="0.111078"/>
</kw>
<doc>Testa a estrutura da resposta da API.</doc>
<tag>testeEstruturaResposta</tag>
<status status="PASS" start="2024-04-15T20:14:12.720629" elapsed="0.111945"/>
</test>
<test id="s1-s1-t4" name="Validar tipos de dados" line="28">
<kw name="Teste de Tipos de Dados" owner="random-user-service">
<kw name="GET On Session" owner="RequestsLibrary">
<msg time="2024-04-15T20:14:12.919234" level="INFO">GET Request : url=https://randomuser.me/api 
 path_url=/api 
 headers={'User-Agent': 'python-requests/2.31.0', 'Accept-Encoding': 'gzip, deflate', 'Accept': '*/*', 'Connection': 'keep-alive'} 
 body=None 
 </msg>
<msg time="2024-04-15T20:14:12.919333" level="INFO">GET Response : url=https://randomuser.me/api 
 status=200, reason=OK 
 headers={'Date': 'Mon, 15 Apr 2024 20:14:12 GMT', 'Content-Type': 'application/json; charset=utf-8', 'Transfer-Encoding': 'chunked', 'Connection': 'keep-alive', 'X-Powered-By': 'Express', 'Access-Control-Allow-Origin': '*', 'Cache-Control': 'no-cache', 'ETag': 'W/"498-791ddY1kjfFV4928hyoe4rxHXI4"', 'Vary': 'Accept-Encoding', 'Content-Encoding': 'gzip', 'CF-Cache-Status': 'DYNAMIC', 'Report-To': '{"endpoints":[{"url":"https:\\/\\/a.nel.cloudflare.com\\/report\\/v4?s=KTJkZPqOIUF0w8BgrfGlBAYAuHdUPBToauv2XfTI1pDyDNGya307uBFjPllJ4s4lb%2B3vjz7ZuXpMNgjSU5nSrUAvOCpnoGK3N3QABxpfg4nnVn8ofO8EBKKnH%2BaLsVcp"}],"group":"cf-nel","max_age":604800}', 'NEL': '{"success_fraction":0,"report_to":"cf-nel","max_age":604800}', 'Server': 'cloudflare', 'CF-RAY': '874e99c23ce2cf09-SJC', 'alt-svc': 'h3=":443"; ma=86400'} 
 body={"results":[{"gender":"female","name":{"title":"Mrs","first":"Debbie","last":"Holt"},"location":{"street":{"number":6812,"name":"White Oak Dr"},"city":"Albany","state":"South Australia","country":"Australia","postcode":2675,"coordinates":{"latitude":"-82.4437","longitude":"103.6398"},"timezone":{"offset":"+10:00","description":"Eastern Australia, Guam, Vladivostok"}},"email":"debbie.holt@example.com","login":{"uuid":"366faf08-9e53-441a-af45-9b0db3e7664f","username":"goldenlion721","password":"dodgers1","salt":"4tmsdQj7","md5":"3189eefd82ad269ca92e8f2ccec99f43","sha1":"5e9fddfd226a177ae217a31ddfdbcf3e411c4495","sha256":"8710653cd7f8d4296657b53693b38ba5f9688510d5ab1f073476db0f7dff4428"},"dob":{"date":"1946-04-08T06:33:40.989Z","age":78},"registered":{"date":"2019-10-10T03:47:25.525Z","age":4},"phone":"02-8434-3948","cell":"0464-185-658","id":{"name":"TFN","value":"661545380"},"picture":{"large":"https://randomuser.me/api/portraits/women/71.jpg","medium":"https://randomuser.me/api/portraits/med/women/71.jpg","thumbnail":"https://randomuser.me/api/portraits/thumb/women/71.jpg"},"nat":"AU"}],"info":{"seed":"44e13464d5eb61c6","results":1,"page":1,"version":"1.4"}} 
 </msg>
<msg time="2024-04-15T20:14:12.919403" level="INFO">/opt/hostedtoolcache/Python/3.12.2/x64/lib/python3.12/site-packages/urllib3/connectionpool.py:1103: InsecureRequestWarning: Unverified HTTPS request is being made to host 'randomuser.me'. Adding certificate verification is strongly advised. See: https://urllib3.readthedocs.io/en/latest/advanced-usage.html#tls-warnings
  warnings.warn(</msg>
<msg time="2024-04-15T20:14:12.919521" level="INFO">${response} = &lt;Response [200]&gt;</msg>
<var>${response}</var>
<arg>consultarAPI</arg>
<arg>/api</arg>
<doc>Sends a GET request on a previously created HTTP Session.</doc>
<status status="PASS" start="2024-04-15T20:14:12.835299" elapsed="0.084253"/>
</kw>
<kw name="Set Variable" owner="BuiltIn">
<msg time="2024-04-15T20:14:12.920618" level="INFO">${json_data} = {'results': [{'gender': 'female', 'name': {'title': 'Mrs', 'first': 'Debbie', 'last': 'Holt'}, 'location': {'street': {'number': 6812, 'name': 'White Oak Dr'}, 'city': 'Albany', 'state': 'South Austra...</msg>
<var>${json_data}</var>
<arg>${response.json()}</arg>
<doc>Returns the given values which can then be assigned to a variables.</doc>
<status status="PASS" start="2024-04-15T20:14:12.920089" elapsed="0.000557"/>
</kw>
<kw name="Log" owner="BuiltIn">
<msg time="2024-04-15T20:14:12.921118" level="INFO">{'results': [{'gender': 'female', 'name': {'title': 'Mrs', 'first': 'Debbie', 'last': 'Holt'}, 'location': {'street': {'number': 6812, 'name': 'White Oak Dr'}, 'city': 'Albany', 'state': 'South Australia', 'country': 'Australia', 'postcode': 2675, 'coordinates': {'latitude': '-82.4437', 'longitude': '103.6398'}, 'timezone': {'offset': '+10:00', 'description': 'Eastern Australia, Guam, Vladivostok'}}, 'email': 'debbie.holt@example.com', 'login': {'uuid': '366faf08-9e53-441a-af45-9b0db3e7664f', 'username': 'goldenlion721', 'password': 'dodgers1', 'salt': '4tmsdQj7', 'md5': '3189eefd82ad269ca92e8f2ccec99f43', 'sha1': '5e9fddfd226a177ae217a31ddfdbcf3e411c4495', 'sha256': '8710653cd7f8d4296657b53693b38ba5f9688510d5ab1f073476db0f7dff4428'}, 'dob': {'date': '1946-04-08T06:33:40.989Z', 'age': 78}, 'registered': {'date': '2019-10-10T03:47:25.525Z', 'age': 4}, 'phone': '02-8434-3948', 'cell': '0464-185-658', 'id': {'name': 'TFN', 'value': '661545380'}, 'picture': {'large': 'https://randomuser.me/api/portraits/women/71.jpg', 'medium': 'https://randomuser.me/api/portraits/med/women/71.jpg', 'thumbnail': 'https://randomuser.me/api/portraits/thumb/women/71.jpg'}, 'nat': 'AU'}], 'info': {'seed': '44e13464d5eb61c6', 'results': 1, 'page': 1, 'version': '1.4'}}</msg>
<arg>${json_data}</arg>
<doc>Logs the given message with the given level.</doc>
<status status="PASS" start="2024-04-15T20:14:12.920961" elapsed="0.000245"/>
</kw>
<kw name="Should Be String" owner="String">
<arg>${json_data['results'][0]['gender']}</arg>
<doc>Fails if the given ``item`` is not a string.</doc>
<status status="PASS" start="2024-04-15T20:14:12.921510" elapsed="0.000365"/>
</kw>
<kw name="Should Match Regexp" owner="BuiltIn">
<arg>${json_data['results'][0]['email']}</arg>
<arg>^[a-zA-Z0-9._%+-]+@[a-zA-Z0-9.-]+\.[a-zA-Z]{2,}$</arg>
<doc>Fails if ``string`` does not match ``pattern`` as a regular expression.</doc>
<status status="PASS" start="2024-04-15T20:14:12.922072" elapsed="0.000537"/>
</kw>
<kw name="Should Match Regexp" owner="BuiltIn">
<arg>${json_data['results'][0]['dob']['date']}</arg>
<arg>\\d{4}-\\d{2}-\\d{2}T\\d{2}:\\d{2}:\\d{2}\\.\\d{3}Z</arg>
<doc>Fails if ``string`` does not match ``pattern`` as a regular expression.</doc>
<status status="PASS" start="2024-04-15T20:14:12.922831" elapsed="0.000547"/>
</kw>
<kw name="Should Match Regexp" owner="BuiltIn">
<arg>${json_data['results'][0]['registered']['date']}</arg>
<arg>\\d{4}-\\d{2}-\\d{2}T\\d{2}:\\d{2}:\\d{2}\\.\\d{3}Z</arg>
<doc>Fails if ``string`` does not match ``pattern`` as a regular expression.</doc>
<status status="PASS" start="2024-04-15T20:14:12.923600" elapsed="0.000369"/>
</kw>
<kw name="Should Match Regexp" owner="BuiltIn">
<arg>${json_data['results'][0]['picture']['large']}</arg>
<arg>^https?://.*\.(?:png|jpe?g|gif|bmp)$</arg>
<doc>Fails if ``string`` does not match ``pattern`` as a regular expression.</doc>
<status status="PASS" start="2024-04-15T20:14:12.924158" elapsed="0.000468"/>
</kw>
<kw name="Should Match Regexp" owner="BuiltIn">
<arg>${json_data['results'][0]['picture']['medium']}</arg>
<arg>^https?://.*\.(?:png|jpe?g|gif|bmp)$</arg>
<doc>Fails if ``string`` does not match ``pattern`` as a regular expression.</doc>
<status status="PASS" start="2024-04-15T20:14:12.924817" elapsed="0.000353"/>
</kw>
<kw name="Should Match Regexp" owner="BuiltIn">
<arg>${json_data['results'][0]['picture']['thumbnail']}</arg>
<arg>^https?://.*\.(?:png|jpe?g|gif|bmp)$</arg>
<doc>Fails if ``string`` does not match ``pattern`` as a regular expression.</doc>
<status status="PASS" start="2024-04-15T20:14:12.925367" elapsed="0.000357"/>
</kw>
<kw name="Log" owner="BuiltIn">
<msg time="2024-04-15T20:14:12.926235" level="INFO">{'large': 'https://randomuser.me/api/portraits/women/71.jpg', 'medium': 'https://randomuser.me/api/portraits/med/women/71.jpg', 'thumbnail': 'https://randomuser.me/api/portraits/thumb/women/71.jpg'}</msg>
<arg>${json_data['results'][0]['picture']}</arg>
<doc>Logs the given message with the given level.</doc>
<status status="PASS" start="2024-04-15T20:14:12.925905" elapsed="0.000371"/>
</kw>
<status status="PASS" start="2024-04-15T20:14:12.835045" elapsed="0.091492"/>
</kw>
<kw name="Teste de Tipos de Dados - Postcode" owner="random-user-service">
<kw name="GET On Session" owner="RequestsLibrary">
<msg time="2024-04-15T20:14:13.023342" level="INFO">GET Request : url=https://randomuser.me/api 
 path_url=/api 
 headers={'User-Agent': 'python-requests/2.31.0', 'Accept-Encoding': 'gzip, deflate', 'Accept': '*/*', 'Connection': 'keep-alive'} 
 body=None 
 </msg>
<msg time="2024-04-15T20:14:13.023448" level="INFO">GET Response : url=https://randomuser.me/api 
 status=200, reason=OK 
 headers={'Date': 'Mon, 15 Apr 2024 20:14:13 GMT', 'Content-Type': 'application/json; charset=utf-8', 'Transfer-Encoding': 'chunked', 'Connection': 'keep-alive', 'X-Powered-By': 'Express', 'Access-Control-Allow-Origin': '*', 'Cache-Control': 'no-cache', 'ETag': 'W/"489-0vJm/mnFHG0Eoki7L14BejEl9nE"', 'Vary': 'Accept-Encoding', 'Content-Encoding': 'gzip', 'CF-Cache-Status': 'DYNAMIC', 'Report-To': '{"endpoints":[{"url":"https:\\/\\/a.nel.cloudflare.com\\/report\\/v4?s=e%2B2fiOfaa6QfVCRyAFAgX2HZ9YQm8IEgkFvNRjikgGLI0lIyhn7rLE9O%2BkGbV01ESf5%2BL%2B2wgU9EBEcFiEnrLfViZLqqu6w24invRGz4uApwKfEZRqtsv8%2Bl%2B6nGBmO%2F"}],"group":"cf-nel","max_age":604800}', 'NEL': '{"success_fraction":0,"report_to":"cf-nel","max_age":604800}', 'Server': 'cloudflare', 'CF-RAY': '874e99c2dd84cf09-SJC', 'alt-svc': 'h3=":443"; ma=86400'} 
 body={"results":[{"gender":"male","name":{"title":"Mr","first":"Joseph","last":"Prajapati"},"location":{"street":{"number":2380,"name":"Somwar Peth"},"city":"Bellary","state":"Odisha","country":"India","postcode":97129,"coordinates":{"latitude":"8.7863","longitude":"-20.2366"},"timezone":{"offset":"+8:00","description":"Beijing, Perth, Singapore, Hong Kong"}},"email":"joseph.prajapati@example.com","login":{"uuid":"8ad3e1bf-8bd8-4762-85b7-14a5d252acd3","username":"sadladybug159","password":"flight","salt":"GRZIEAic","md5":"703c827b0968c409254ac6a73e4671b9","sha1":"0673d5a8eef865481fa845cac3b3b09db5951120","sha256":"1a3e197727174f87a9f4bcdab61e5c31656bb4680a70740afd6ddf3e02c2ded7"},"dob":{"date":"1959-01-27T22:28:41.440Z","age":65},"registered":{"date":"2015-06-25T18:20:07.890Z","age":8},"phone":"9131678219","cell":"7746212808","id":{"name":"UIDAI","value":"044832620093"},"picture":{"large":"https://randomuser.me/api/portraits/men/36.jpg","medium":"https://randomuser.me/api/portraits/med/men/36.jpg","thumbnail":"https://randomuser.me/api/portraits/thumb/men/36.jpg"},"nat":"IN"}],"info":{"seed":"1746c59dd74c94d5","results":1,"page":1,"version":"1.4"}} 
 </msg>
<msg time="2024-04-15T20:14:13.023544" level="INFO">/opt/hostedtoolcache/Python/3.12.2/x64/lib/python3.12/site-packages/urllib3/connectionpool.py:1103: InsecureRequestWarning: Unverified HTTPS request is being made to host 'randomuser.me'. Adding certificate verification is strongly advised. See: https://urllib3.readthedocs.io/en/latest/advanced-usage.html#tls-warnings
  warnings.warn(</msg>
<msg time="2024-04-15T20:14:13.023669" level="INFO">${response} = &lt;Response [200]&gt;</msg>
<var>${response}</var>
<arg>consultarAPI</arg>
<arg>/api</arg>
<doc>Sends a GET request on a previously created HTTP Session.</doc>
<status status="PASS" start="2024-04-15T20:14:12.927053" elapsed="0.096650"/>
</kw>
<kw name="Set Variable" owner="BuiltIn">
<msg time="2024-04-15T20:14:13.024809" level="INFO">${json_data} = {'results': [{'gender': 'male', 'name': {'title': 'Mr', 'first': 'Joseph', 'last': 'Prajapati'}, 'location': {'street': {'number': 2380, 'name': 'Somwar Peth'}, 'city': 'Bellary', 'state': 'Odisha', '...</msg>
<var>${json_data}</var>
<arg>${response.json()}</arg>
<doc>Returns the given values which can then be assigned to a variables.</doc>
<status status="PASS" start="2024-04-15T20:14:13.024266" elapsed="0.000572"/>
</kw>
<kw name="Log" owner="BuiltIn">
<msg time="2024-04-15T20:14:13.025375" level="INFO">{'results': [{'gender': 'male', 'name': {'title': 'Mr', 'first': 'Joseph', 'last': 'Prajapati'}, 'location': {'street': {'number': 2380, 'name': 'Somwar Peth'}, 'city': 'Bellary', 'state': 'Odisha', 'country': 'India', 'postcode': 97129, 'coordinates': {'latitude': '8.7863', 'longitude': '-20.2366'}, 'timezone': {'offset': '+8:00', 'description': 'Beijing, Perth, Singapore, Hong Kong'}}, 'email': 'joseph.prajapati@example.com', 'login': {'uuid': '8ad3e1bf-8bd8-4762-85b7-14a5d252acd3', 'username': 'sadladybug159', 'password': 'flight', 'salt': 'GRZIEAic', 'md5': '703c827b0968c409254ac6a73e4671b9', 'sha1': '0673d5a8eef865481fa845cac3b3b09db5951120', 'sha256': '1a3e197727174f87a9f4bcdab61e5c31656bb4680a70740afd6ddf3e02c2ded7'}, 'dob': {'date': '1959-01-27T22:28:41.440Z', 'age': 65}, 'registered': {'date': '2015-06-25T18:20:07.890Z', 'age': 8}, 'phone': '9131678219', 'cell': '7746212808', 'id': {'name': 'UIDAI', 'value': '044832620093'}, 'picture': {'large': 'https://randomuser.me/api/portraits/men/36.jpg', 'medium': 'https://randomuser.me/api/portraits/med/men/36.jpg', 'thumbnail': 'https://randomuser.me/api/portraits/thumb/men/36.jpg'}, 'nat': 'IN'}], 'info': {'seed': '1746c59dd74c94d5', 'results': 1, 'page': 1, 'version': '1.4'}}</msg>
<arg>${json_data}</arg>
<doc>Logs the given message with the given level.</doc>
<status status="PASS" start="2024-04-15T20:14:13.025202" elapsed="0.000258"/>
</kw>
<kw name="Should Be Equal As Numbers" owner="BuiltIn">
<arg>${json_data['results'][0]['location']['postcode']}</arg>
<arg>${json_data['results'][0]['location']['postcode']}</arg>
<doc>Fails if objects are unequal after converting them to real numbers.</doc>
<status status="PASS" start="2024-04-15T20:14:13.025795" elapsed="0.000676"/>
</kw>
<kw name="Log" owner="BuiltIn">
<msg time="2024-04-15T20:14:13.027074" level="INFO">97129</msg>
<arg>${json_data['results'][0]['location']['postcode']}</arg>
<doc>Logs the given message with the given level.</doc>
<status status="PASS" start="2024-04-15T20:14:13.026680" elapsed="0.000436"/>
</kw>
<status status="PASS" start="2024-04-15T20:14:12.926778" elapsed="0.100609"/>
</kw>
<doc>Testa se os tipos de dados na resposta da API estão corretos.</doc>
<tag>testeTiposDados</tag>
<status status="PASS" start="2024-04-15T20:14:12.834376" elapsed="0.193193"/>
</test>
<test id="s1-s1-t5" name="Validar conteudo" line="35">
<kw name="Teste de Tipos de Conteudo" owner="random-user-service">
<kw name="GET On Session" owner="RequestsLibrary">
<msg time="2024-04-15T20:14:13.123866" level="INFO">GET Request : url=https://randomuser.me/api 
 path_url=/api 
 headers={'User-Agent': 'python-requests/2.31.0', 'Accept-Encoding': 'gzip, deflate', 'Accept': '*/*', 'Connection': 'keep-alive'} 
 body=None 
 </msg>
<msg time="2024-04-15T20:14:13.123970" level="INFO">GET Response : url=https://randomuser.me/api 
 status=200, reason=OK 
 headers={'Date': 'Mon, 15 Apr 2024 20:14:13 GMT', 'Content-Type': 'application/json; charset=utf-8', 'Transfer-Encoding': 'chunked', 'Connection': 'keep-alive', 'X-Powered-By': 'Express', 'Access-Control-Allow-Origin': '*', 'Cache-Control': 'no-cache', 'ETag': 'W/"489-95epi2qiHuySPd5U84x93OTbukw"', 'Vary': 'Accept-Encoding', 'Content-Encoding': 'gzip', 'CF-Cache-Status': 'DYNAMIC', 'Report-To': '{"endpoints":[{"url":"https:\\/\\/a.nel.cloudflare.com\\/report\\/v4?s=lgbZc%2Fc23%2BSLcMGWe2YOlOECAsFIHTqEU7qMgWsmTvMKeFND3heh7ABUHZcqGckuhh0ejy9NGfr5JdoZ%2BGFW4HuIfO2UBDqJt3hmDo820G2himTzpgQm7lIJUI7ln2Dm"}],"group":"cf-nel","max_age":604800}', 'NEL': '{"success_fraction":0,"report_to":"cf-nel","max_age":604800}', 'Server': 'cloudflare', 'CF-RAY': '874e99c37e1dcf09-SJC', 'alt-svc': 'h3=":443"; ma=86400'} 
 body={"results":[{"gender":"male","name":{"title":"Mr","first":"Emil","last":"Larsen"},"location":{"street":{"number":9895,"name":"Vægtens Kvarter"},"city":"Sundby/Erslev","state":"Danmark","country":"Denmark","postcode":72564,"coordinates":{"latitude":"-42.2612","longitude":"-62.4205"},"timezone":{"offset":"+3:00","description":"Baghdad, Riyadh, Moscow, St. Petersburg"}},"email":"emil.larsen@example.com","login":{"uuid":"468ffd0b-230d-4f2d-a036-7e6c5432da6d","username":"bluekoala531","password":"5656","salt":"kocY0iZz","md5":"d113ddacd3357e2a9c1a691c1ca01eff","sha1":"4a4c39df30a8eb173ca1e874577cf2f919f5476e","sha256":"50933955959c221122c51ab1ae8bcb0101698146084819b4e300d2c1d47c4ef2"},"dob":{"date":"1996-01-19T07:10:01.675Z","age":28},"registered":{"date":"2010-01-02T15:21:03.563Z","age":14},"phone":"32218638","cell":"16215565","id":{"name":"CPR","value":"190196-3725"},"picture":{"large":"https://randomuser.me/api/portraits/men/80.jpg","medium":"https://randomuser.me/api/portraits/med/men/80.jpg","thumbnail":"https://randomuser.me/api/portraits/thumb/men/80.jpg"},"nat":"DK"}],"info":{"seed":"8e2898b855f4f744","results":1,"page":1,"version":"1.4"}} 
 </msg>
<msg time="2024-04-15T20:14:13.124041" level="INFO">/opt/hostedtoolcache/Python/3.12.2/x64/lib/python3.12/site-packages/urllib3/connectionpool.py:1103: InsecureRequestWarning: Unverified HTTPS request is being made to host 'randomuser.me'. Adding certificate verification is strongly advised. See: https://urllib3.readthedocs.io/en/latest/advanced-usage.html#tls-warnings
  warnings.warn(</msg>
<msg time="2024-04-15T20:14:13.124159" level="INFO">${response} = &lt;Response [200]&gt;</msg>
<var>${response}</var>
<arg>consultarAPI</arg>
<arg>/api</arg>
<doc>Sends a GET request on a previously created HTTP Session.</doc>
<status status="PASS" start="2024-04-15T20:14:13.030085" elapsed="0.094111"/>
</kw>
<kw name="Set Variable" owner="BuiltIn">
<msg time="2024-04-15T20:14:13.125277" level="INFO">${json_data} = {'results': [{'gender': 'male', 'name': {'title': 'Mr', 'first': 'Emil', 'last': 'Larsen'}, 'location': {'street': {'number': 9895, 'name': 'Vægtens Kvarter'}, 'city': 'Sundby/Erslev', 'state': 'Danma...</msg>
<var>${json_data}</var>
<arg>${response.json()}</arg>
<doc>Returns the given values which can then be assigned to a variables.</doc>
<status status="PASS" start="2024-04-15T20:14:13.124749" elapsed="0.000557"/>
</kw>
<kw name="Set Variable" owner="BuiltIn">
<msg time="2024-04-15T20:14:13.126023" level="INFO">${name_title} = Mr</msg>
<var>${name_title}</var>
<arg>${json_data["results"][0]["name"]["title"]}</arg>
<doc>Returns the given values which can then be assigned to a variables.</doc>
<status status="PASS" start="2024-04-15T20:14:13.125635" elapsed="0.000413"/>
</kw>
<kw name="Create List" owner="BuiltIn">
<msg time="2024-04-15T20:14:13.126530" level="INFO">${allowed_titles} = ['Mr', 'Ms', 'Miss', 'Mrs', 'Madame', 'Monsieur']</msg>
<var>${allowed_titles}</var>
<arg>Mr</arg>
<arg>Ms</arg>
<arg>Miss</arg>
<arg>Mrs</arg>
<arg>Madame</arg>
<arg>Monsieur</arg>
<doc>Returns a list containing given items.</doc>
<status status="PASS" start="2024-04-15T20:14:13.126375" elapsed="0.000179"/>
</kw>
<kw name="List Should Contain Value" owner="Collections">
<msg time="2024-04-15T20:14:13.127077" level="INFO">False</msg>
<arg>${allowed_titles}</arg>
<arg>${name_title}</arg>
<doc>Fails if the ``value`` is not found from ``list``.</doc>
<status status="PASS" start="2024-04-15T20:14:13.126857" elapsed="0.000259"/>
</kw>
<kw name="Set Variable" owner="BuiltIn">
<msg time="2024-04-15T20:14:13.127798" level="INFO">${name_country} = DK</msg>
<var>${name_country}</var>
<arg>${json_data["results"][0]["nat"]}</arg>
<doc>Returns the given values which can then be assigned to a variables.</doc>
<status status="PASS" start="2024-04-15T20:14:13.127413" elapsed="0.000410"/>
</kw>
<kw name="Create List" owner="BuiltIn">
<msg time="2024-04-15T20:14:13.128737" level="INFO">${list_country} = ['AD', 'AE', 'AF', 'AG', 'AI', 'AL', 'AM', 'AO', 'AQ', 'AR', 'AS', 'AT', 'AU', 'AW', 'AX', 'AZ', 'BA', 'BB', 'BD', 'BE', 'BF', 'BG', 'BH', 'BI', 'BJ', 'BL', 'BM', 'BN', 'BO', 'BQ', 'BR', 'BS', 'BT', '...</msg>
<var>${list_country}</var>
<arg>AD</arg>
<arg>AE</arg>
<arg>AF</arg>
<arg>AG</arg>
<arg>AI</arg>
<arg>AL</arg>
<arg>AM</arg>
<arg>AO</arg>
<arg>AQ</arg>
<arg>AR</arg>
<arg>AS</arg>
<arg>AT</arg>
<arg>AU</arg>
<arg>AW</arg>
<arg>AX</arg>
<arg>AZ</arg>
<arg>BA</arg>
<arg>BB</arg>
<arg>BD</arg>
<arg>BE</arg>
<arg>BF</arg>
<arg>BG</arg>
<arg>BH</arg>
<arg>BI</arg>
<arg>BJ</arg>
<arg>BL</arg>
<arg>BM</arg>
<arg>BN</arg>
<arg>BO</arg>
<arg>BQ</arg>
<arg>BR</arg>
<arg>BS</arg>
<arg>BT</arg>
<arg>BV</arg>
<arg>BW</arg>
<arg>BY</arg>
<arg>BZ</arg>
<arg>CA</arg>
<arg>CC</arg>
<arg>CD</arg>
<arg>CF</arg>
<arg>CG</arg>
<arg>CH</arg>
<arg>CI</arg>
<arg>CK</arg>
<arg>CL</arg>
<arg>CM</arg>
<arg>CN</arg>
<arg>CO</arg>
<arg>CR</arg>
<arg>CU</arg>
<arg>CV</arg>
<arg>CW</arg>
<arg>CX</arg>
<arg>CY</arg>
<arg>CZ</arg>
<arg>DE</arg>
<arg>DJ</arg>
<arg>DK</arg>
<arg>DM</arg>
<arg>DO</arg>
<arg>DZ</arg>
<arg>EC</arg>
<arg>EE</arg>
<arg>EG</arg>
<arg>EH</arg>
<arg>ER</arg>
<arg>ES</arg>
<arg>ET</arg>
<arg>FI</arg>
<arg>FJ</arg>
<arg>FK</arg>
<arg>FM</arg>
<arg>FO</arg>
<arg>FR</arg>
<arg>GA</arg>
<arg>GB</arg>
<arg>GD</arg>
<arg>GE</arg>
<arg>GF</arg>
<arg>GG</arg>
<arg>GH</arg>
<arg>GI</arg>
<arg>GL</arg>
<arg>GM</arg>
<arg>GN</arg>
<arg>GP</arg>
<arg>GQ</arg>
<arg>GR</arg>
<arg>GS</arg>
<arg>GT</arg>
<arg>GU</arg>
<arg>GW</arg>
<arg>GY</arg>
<arg>HK</arg>
<arg>HM</arg>
<arg>HN</arg>
<arg>HR</arg>
<arg>HT</arg>
<arg>HU</arg>
<arg>ID</arg>
<arg>IE</arg>
<arg>IL</arg>
<arg>IM</arg>
<arg>IN</arg>
<arg>IO</arg>
<arg>IQ</arg>
<arg>IR</arg>
<arg>IS</arg>
<arg>IT</arg>
<arg>JE</arg>
<arg>JM</arg>
<arg>JO</arg>
<arg>JP</arg>
<arg>KE</arg>
<arg>KG</arg>
<arg>KH</arg>
<arg>KI</arg>
<arg>KM</arg>
<arg>KN</arg>
<arg>KP</arg>
<arg>KR</arg>
<arg>KW</arg>
<arg>KY</arg>
<arg>KZ</arg>
<arg>LA</arg>
<arg>LB</arg>
<arg>LC</arg>
<arg>LI</arg>
<arg>LK</arg>
<arg>LR</arg>
<arg>LS</arg>
<arg>LT</arg>
<arg>LU</arg>
<arg>LV</arg>
<arg>LY</arg>
<arg>MA</arg>
<arg>MC</arg>
<arg>MD</arg>
<arg>ME</arg>
<arg>MF</arg>
<arg>MG</arg>
<arg>MH</arg>
<arg>MK</arg>
<arg>ML</arg>
<arg>MM</arg>
<arg>MN</arg>
<arg>MO</arg>
<arg>MP</arg>
<arg>MQ</arg>
<arg>MR</arg>
<arg>MS</arg>
<arg>MT</arg>
<arg>MU</arg>
<arg>MV</arg>
<arg>MW</arg>
<arg>MX</arg>
<arg>MY</arg>
<arg>MZ</arg>
<arg>NA</arg>
<arg>NC</arg>
<arg>NE</arg>
<arg>NF</arg>
<arg>NG</arg>
<arg>NI</arg>
<arg>NL</arg>
<arg>NO</arg>
<arg>NP</arg>
<arg>NR</arg>
<arg>NU</arg>
<arg>NZ</arg>
<arg>OM</arg>
<arg>PA</arg>
<arg>PE</arg>
<arg>PF</arg>
<arg>PG</arg>
<arg>PH</arg>
<arg>PK</arg>
<arg>PL</arg>
<arg>PM</arg>
<arg>PN</arg>
<arg>PR</arg>
<arg>PS</arg>
<arg>PT</arg>
<arg>PW</arg>
<arg>PY</arg>
<arg>QA</arg>
<arg>RE</arg>
<arg>RO</arg>
<arg>RS</arg>
<arg>RU</arg>
<arg>RW</arg>
<arg>SA</arg>
<arg>SB</arg>
<arg>SC</arg>
<arg>SD</arg>
<arg>SE</arg>
<arg>SG</arg>
<arg>SH</arg>
<arg>SI</arg>
<arg>SJ</arg>
<arg>SK</arg>
<arg>SL</arg>
<arg>SM</arg>
<arg>SN</arg>
<arg>SO</arg>
<arg>SR</arg>
<arg>SS</arg>
<arg>ST</arg>
<arg>SV</arg>
<arg>SX</arg>
<arg>SY</arg>
<arg>SZ</arg>
<arg>TC</arg>
<arg>TD</arg>
<arg>TF</arg>
<arg>TG</arg>
<arg>TH</arg>
<arg>TJ</arg>
<arg>TK</arg>
<arg>TL</arg>
<arg>TM</arg>
<arg>TN</arg>
<arg>TO</arg>
<arg>TR</arg>
<arg>TT</arg>
<arg>TV</arg>
<arg>TW</arg>
<arg>TZ</arg>
<arg>UA</arg>
<arg>UG</arg>
<arg>UM</arg>
<arg>US</arg>
<arg>UY</arg>
<arg>UZ</arg>
<arg>VA</arg>
<arg>VC</arg>
<arg>VE</arg>
<arg>VG</arg>
<arg>VI</arg>
<arg>VN</arg>
<arg>VU</arg>
<arg>WF</arg>
<arg>WS</arg>
<arg>XK</arg>
<arg>YE</arg>
<arg>YT</arg>
<arg>ZA</arg>
<arg>ZM</arg>
<arg>ZW</arg>
<doc>Returns a list containing given items.</doc>
<status status="PASS" start="2024-04-15T20:14:13.128128" elapsed="0.000634"/>
</kw>
<kw name="List Should Contain Value" owner="Collections">
<msg time="2024-04-15T20:14:13.129747" level="INFO">False</msg>
<arg>${list_country}</arg>
<arg>${name_country}</arg>
<doc>Fails if the ``value`` is not found from ``list``.</doc>
<status status="PASS" start="2024-04-15T20:14:13.129545" elapsed="0.000239"/>
</kw>
<kw name="Run Keyword If" owner="BuiltIn">
<kw name="Should Be True" owner="BuiltIn">
<arg>${True}</arg>
<doc>Fails if the given condition is not true.</doc>
<status status="PASS" start="2024-04-15T20:14:13.131043" elapsed="0.000149"/>
</kw>
<arg>${json_data["results"][0]["location"]["coordinates"]["latitude"]} &gt;= -90 and ${json_data["results"][0]["location"]["coordinates"]["latitude"]} &lt;= 90</arg>
<arg>Should Be True</arg>
<arg>${True}</arg>
<doc>Runs the given keyword with the given arguments, if ``condition`` is true.</doc>
<status status="PASS" start="2024-04-15T20:14:13.130101" elapsed="0.001220"/>
</kw>
<kw name="Run Keyword If" owner="BuiltIn">
<kw name="Should Be True" owner="BuiltIn">
<arg>${True}</arg>
<doc>Fails if the given condition is not true.</doc>
<status status="PASS" start="2024-04-15T20:14:13.132220" elapsed="0.000139"/>
</kw>
<arg>${json_data["results"][0]["location"]["coordinates"]["longitude"]} &gt;= -180 and ${json_data["results"][0]["location"]["coordinates"]["longitude"]} &lt;= 180</arg>
<arg>Should Be True</arg>
<arg>${True}</arg>
<doc>Runs the given keyword with the given arguments, if ``condition`` is true.</doc>
<status status="PASS" start="2024-04-15T20:14:13.131509" elapsed="0.000982"/>
</kw>
<status status="PASS" start="2024-04-15T20:14:13.029838" elapsed="0.102789"/>
</kw>
<doc>Testa o conteúdo específico dos campos retornados pela API.</doc>
<tag>testeConteudo</tag>
<status status="PASS" start="2024-04-15T20:14:13.029348" elapsed="0.103437"/>
</test>
<status status="PASS" start="2024-04-15T20:14:12.178587" elapsed="0.956172"/>
</suite>
<status status="PASS" start="2024-04-15T20:14:12.164383" elapsed="0.975733"/>
</suite>
<statistics>
<total>
<stat pass="5" fail="0" skip="0">All Tests</stat>
</total>
<tag>
<stat pass="1" fail="0" skip="0">testeConteudo</stat>
<stat pass="1" fail="0" skip="0">testeEstruturaResposta</stat>
<stat pass="1" fail="0" skip="0">testeRequisicaoBasica</stat>
<stat pass="1" fail="0" skip="0">testeTiposDados</stat>
</tag>
<suite>
<stat pass="5" fail="0" skip="0" id="s1" name="Tests">Tests</stat>
<stat pass="5" fail="0" skip="0" id="s1-s1" name="Random-User-Test">Tests.Random-User-Test</stat>
</suite>
</statistics>
<errors>
</errors>
</robot>
