<?xml version="1.0" encoding="UTF-8"?>
<robot generator="Robot 7.0.1 (Python 3.12.4 on linux)" generated="2024-07-24T05:15:06.785403" rpa="false" schemaversion="5">
<suite id="s1" name="Tests" source="/home/runner/work/ApiRandomUser/ApiRandomUser/RamdonUser/tests">
<suite id="s1-s1" name="Random-User-Test" source="/home/runner/work/ApiRandomUser/ApiRandomUser/RamdonUser/tests/random-user-test.robot">
<test id="s1-s1-t1" name="Conectar" line="13">
<kw name="Conectar API" owner="random-user-service">
<kw name="Create Session" owner="RequestsLibrary">
<msg time="2024-07-24T05:15:07.180540" level="INFO">Creating Session using : alias=consultarAPI, url=https://randomuser.me/, headers={},                     cookies={}, auth=None, timeout=None, proxies=None, verify=False,                     debug=0 </msg>
<arg>consultarAPI</arg>
<arg>${URL}</arg>
<doc>Create Session: create a HTTP session to a server</doc>
<status status="PASS" start="2024-07-24T05:15:07.180333" elapsed="0.000376"/>
</kw>
<status status="PASS" start="2024-07-24T05:15:07.179320" elapsed="0.001731"/>
</kw>
<status status="PASS" start="2024-07-24T05:15:07.178739" elapsed="0.002505"/>
</test>
<test id="s1-s1-t2" name="Validar retorno 200 e JSON Válido" line="16">
<kw name="Teste de Requisicao Basica" owner="random-user-service">
<kw name="GET On Session" owner="RequestsLibrary">
<msg time="2024-07-24T05:15:07.249627" level="INFO">GET Request : url=https://randomuser.me/api 
 path_url=/api 
 headers={'User-Agent': 'python-requests/2.32.3', 'Accept-Encoding': 'gzip, deflate', 'Accept': '*/*', 'Connection': 'keep-alive'} 
 body=None 
 </msg>
<msg time="2024-07-24T05:15:07.249765" level="INFO">GET Response : url=https://randomuser.me/api 
 status=200, reason=OK 
 headers={'Date': 'Wed, 24 Jul 2024 05:15:07 GMT', 'Content-Type': 'application/json; charset=utf-8', 'Transfer-Encoding': 'chunked', 'Connection': 'keep-alive', 'X-Powered-By': 'Express', 'Access-Control-Allow-Origin': '*', 'Cache-Control': 'no-cache', 'ETag': 'W/"494-YMBuGoHNImPFSg0DMRzlGxSKfgY"', 'Vary': 'Accept-Encoding', 'Content-Encoding': 'gzip', 'CF-Cache-Status': 'DYNAMIC', 'Report-To': '{"endpoints":[{"url":"https:\\/\\/a.nel.cloudflare.com\\/report\\/v4?s=8tC4eGnoTPF2ddmL%2FHS9ZKpROE8fsEjltSVPmo%2BOn9hfmZJNmvFXWRDWXEhsWqr4c%2BrqgYkuCdEr2Ju0F6%2BGn7Cz7v5fP%2BEcYTnVMEoPOM9MXSYi6QMXl6GwLWEuwAsK"}],"group":"cf-nel","max_age":604800}', 'NEL': '{"success_fraction":0,"report_to":"cf-nel","max_age":604800}', 'Server': 'cloudflare', 'CF-RAY': '8a816e3a1e1d5b47-IAD', 'alt-svc': 'h3=":443"; ma=86400'} 
 body={"results":[{"gender":"male","name":{"title":"Mr","first":"اميرمحمد","last":"زارعی"},"location":{"street":{"number":2065,"name":"آفریقا"},"city":"ملارد","state":"قزوین","country":"Iran","postcode":30506,"coordinates":{"latitude":"17.0932","longitude":"-44.9370"},"timezone":{"offset":"-4:00","description":"Atlantic Time (Canada), Caracas, La Paz"}},"email":"myrmhmd.zraay@example.com","login":{"uuid":"34430b83-e4f9-44a3-9a99-c4e3d5151c56","username":"organiclion808","password":"onelove","salt":"4r0MsMoK","md5":"b071180dcd26d9d9c4fcd0523fd37f0e","sha1":"c34b4b0f802d02172484f0cf8f47eda6a4d19edf","sha256":"fb766261f9e29eabc11da6d55f9e7da8581565f8c77ead8789afbfb9ae00ba14"},"dob":{"date":"1959-10-10T03:26:25.704Z","age":64},"registered":{"date":"2020-12-09T12:22:50.820Z","age":3},"phone":"083-03073442","cell":"0932-624-3341","id":{"name":"","value":null},"picture":{"large":"https://randomuser.me/api/portraits/men/22.jpg","medium":"https://randomuser.me/api/portraits/med/men/22.jpg","thumbnail":"https://randomuser.me/api/portraits/thumb/men/22.jpg"},"nat":"IR"}],"info":{"seed":"067452ef8405e66f","results":1,"page":1,"version":"1.4"}} 
 </msg>
<msg time="2024-07-24T05:15:07.249870" level="INFO">/opt/hostedtoolcache/Python/3.12.4/x64/lib/python3.12/site-packages/urllib3/connectionpool.py:1099: InsecureRequestWarning: Unverified HTTPS request is being made to host 'randomuser.me'. Adding certificate verification is strongly advised. See: https://urllib3.readthedocs.io/en/latest/advanced-usage.html#tls-warnings
  warnings.warn(</msg>
<msg time="2024-07-24T05:15:07.250015" level="INFO">${response} = &lt;Response [200]&gt;</msg>
<var>${response}</var>
<arg>consultarAPI</arg>
<arg>/api</arg>
<doc>Sends a GET request on a previously created HTTP Session.</doc>
<status status="PASS" start="2024-07-24T05:15:07.183919" elapsed="0.066177"/>
</kw>
<kw name="Should Be Equal As Numbers" owner="BuiltIn">
<msg time="2024-07-24T05:15:07.251111" level="INFO">Argument types are:
&lt;class 'int'&gt;
&lt;class 'str'&gt;</msg>
<arg>${response.status_code}</arg>
<arg>200</arg>
<doc>Fails if objects are unequal after converting them to real numbers.</doc>
<status status="PASS" start="2024-07-24T05:15:07.250643" elapsed="0.000533"/>
</kw>
<kw name="Log" owner="BuiltIn">
<msg time="2024-07-24T05:15:07.251839" level="INFO">200</msg>
<arg>${response.status_code}</arg>
<doc>Logs the given message with the given level.</doc>
<status status="PASS" start="2024-07-24T05:15:07.251490" elapsed="0.000392"/>
</kw>
<kw name="Set Variable" owner="BuiltIn">
<msg time="2024-07-24T05:15:07.252646" level="INFO">${json_data} = {'results': [{'gender': 'male', 'name': {'title': 'Mr', 'first': 'اميرمحمد', 'last': 'زارعی'}, 'location': {'street': {'number': 2065, 'name': 'آفریقا'}, 'city': 'ملارد', 'state': 'قزوین', 'country': ...</msg>
<var>${json_data}</var>
<arg>${response.json()}</arg>
<doc>Returns the given values which can then be assigned to a variables.</doc>
<status status="PASS" start="2024-07-24T05:15:07.252209" elapsed="0.000468"/>
</kw>
<kw name="Dictionary Should Contain Key" owner="Collections">
<arg>${json_data}</arg>
<arg>results</arg>
<doc>Fails if ``key`` is not found from ``dictionary``.</doc>
<status status="PASS" start="2024-07-24T05:15:07.252981" elapsed="0.000298"/>
</kw>
<status status="PASS" start="2024-07-24T05:15:07.183673" elapsed="0.069753"/>
</kw>
<doc>Testa se a API responde corretamente e retorna um objeto JSON válido.</doc>
<tag>testeRequisicaoBasica</tag>
<status status="PASS" start="2024-07-24T05:15:07.183137" elapsed="0.070449"/>
</test>
<test id="s1-s1-t3" name="Validar estrutura de resposta" line="22">
<kw name="Teste de Estrutura de Resposta" owner="random-user-service">
<kw name="GET On Session" owner="RequestsLibrary">
<msg time="2024-07-24T05:15:07.354525" level="INFO">GET Request : url=https://randomuser.me/api 
 path_url=/api 
 headers={'User-Agent': 'python-requests/2.32.3', 'Accept-Encoding': 'gzip, deflate', 'Accept': '*/*', 'Connection': 'keep-alive'} 
 body=None 
 </msg>
<msg time="2024-07-24T05:15:07.354593" level="INFO">GET Response : url=https://randomuser.me/api 
 status=200, reason=OK 
 headers={'Date': 'Wed, 24 Jul 2024 05:15:07 GMT', 'Content-Type': 'application/json; charset=utf-8', 'Transfer-Encoding': 'chunked', 'Connection': 'keep-alive', 'X-Powered-By': 'Express', 'Access-Control-Allow-Origin': '*', 'Cache-Control': 'no-cache', 'ETag': 'W/"478-nRQs44LZ0gIIGyvP5ykkf/F2BdI"', 'Vary': 'Accept-Encoding', 'Content-Encoding': 'gzip', 'CF-Cache-Status': 'DYNAMIC', 'Report-To': '{"endpoints":[{"url":"https:\\/\\/a.nel.cloudflare.com\\/report\\/v4?s=q7%2FJY50crgtKXelg37ergCowYMpjiTy%2FqWxV4oicFzaIyMDfgRyj8jVk2LPL4EIKUMhlyhXMd5nnWgjljf3W%2BzfbrcFSI0ejRw8%2F8iErh2HAVhq9wSFJ8FyYNgX%2B8%2Bkr"}],"group":"cf-nel","max_age":604800}', 'NEL': '{"success_fraction":0,"report_to":"cf-nel","max_age":604800}', 'Server': 'cloudflare', 'CF-RAY': '8a816e3a6e4e5b47-IAD', 'alt-svc': 'h3=":443"; ma=86400'} 
 body={"results":[{"gender":"male","name":{"title":"Mr","first":"Troy","last":"Fox"},"location":{"street":{"number":7906,"name":"Locust Rd"},"city":"Traralgon","state":"Queensland","country":"Australia","postcode":9546,"coordinates":{"latitude":"-82.0984","longitude":"-137.6061"},"timezone":{"offset":"+2:00","description":"Kaliningrad, South Africa"}},"email":"troy.fox@example.com","login":{"uuid":"f48c7e7a-74a9-44c3-86b7-b8a44c165e13","username":"sadladybug728","password":"harrier","salt":"CqQKrWmd","md5":"0faaeee36043468e2d3c5feb2ca31031","sha1":"4b12890369a2b11a7d58701bcc5a59eff30ab798","sha256":"59a5076466d827f486634273b3e4d53fa7ab1eb9ab5d5aafbfb1b899af815753"},"dob":{"date":"1975-03-15T12:26:37.125Z","age":49},"registered":{"date":"2015-08-24T15:08:35.011Z","age":8},"phone":"03-7143-9121","cell":"0477-545-346","id":{"name":"TFN","value":"772277721"},"picture":{"large":"https://randomuser.me/api/portraits/men/25.jpg","medium":"https://randomuser.me/api/portraits/med/men/25.jpg","thumbnail":"https://randomuser.me/api/portraits/thumb/men/25.jpg"},"nat":"AU"}],"info":{"seed":"4bc5c57108fa2e05","results":1,"page":1,"version":"1.4"}} 
 </msg>
<msg time="2024-07-24T05:15:07.354690" level="INFO">/opt/hostedtoolcache/Python/3.12.4/x64/lib/python3.12/site-packages/urllib3/connectionpool.py:1099: InsecureRequestWarning: Unverified HTTPS request is being made to host 'randomuser.me'. Adding certificate verification is strongly advised. See: https://urllib3.readthedocs.io/en/latest/advanced-usage.html#tls-warnings
  warnings.warn(</msg>
<msg time="2024-07-24T05:15:07.354788" level="INFO">${response} = &lt;Response [200]&gt;</msg>
<var>${response}</var>
<arg>consultarAPI</arg>
<arg>/api</arg>
<doc>Sends a GET request on a previously created HTTP Session.</doc>
<status status="PASS" start="2024-07-24T05:15:07.256968" elapsed="0.097862"/>
</kw>
<kw name="Set Variable" owner="BuiltIn">
<msg time="2024-07-24T05:15:07.355854" level="INFO">${json_data} = {'results': [{'gender': 'male', 'name': {'title': 'Mr', 'first': 'Troy', 'last': 'Fox'}, 'location': {'street': {'number': 7906, 'name': 'Locust Rd'}, 'city': 'Traralgon', 'state': 'Queensland', 'coun...</msg>
<var>${json_data}</var>
<arg>${response.json()}</arg>
<doc>Returns the given values which can then be assigned to a variables.</doc>
<status status="PASS" start="2024-07-24T05:15:07.355294" elapsed="0.000589"/>
</kw>
<kw name="Log" owner="BuiltIn">
<msg time="2024-07-24T05:15:07.356355" level="INFO">{'results': [{'gender': 'male', 'name': {'title': 'Mr', 'first': 'Troy', 'last': 'Fox'}, 'location': {'street': {'number': 7906, 'name': 'Locust Rd'}, 'city': 'Traralgon', 'state': 'Queensland', 'country': 'Australia', 'postcode': 9546, 'coordinates': {'latitude': '-82.0984', 'longitude': '-137.6061'}, 'timezone': {'offset': '+2:00', 'description': 'Kaliningrad, South Africa'}}, 'email': 'troy.fox@example.com', 'login': {'uuid': 'f48c7e7a-74a9-44c3-86b7-b8a44c165e13', 'username': 'sadladybug728', 'password': 'harrier', 'salt': 'CqQKrWmd', 'md5': '0faaeee36043468e2d3c5feb2ca31031', 'sha1': '4b12890369a2b11a7d58701bcc5a59eff30ab798', 'sha256': '59a5076466d827f486634273b3e4d53fa7ab1eb9ab5d5aafbfb1b899af815753'}, 'dob': {'date': '1975-03-15T12:26:37.125Z', 'age': 49}, 'registered': {'date': '2015-08-24T15:08:35.011Z', 'age': 8}, 'phone': '03-7143-9121', 'cell': '0477-545-346', 'id': {'name': 'TFN', 'value': '772277721'}, 'picture': {'large': 'https://randomuser.me/api/portraits/men/25.jpg', 'medium': 'https://randomuser.me/api/portraits/med/men/25.jpg', 'thumbnail': 'https://randomuser.me/api/portraits/thumb/men/25.jpg'}, 'nat': 'AU'}], 'info': {'seed': '4bc5c57108fa2e05', 'results': 1, 'page': 1, 'version': '1.4'}}</msg>
<arg>${json_data}</arg>
<doc>Logs the given message with the given level.</doc>
<status status="PASS" start="2024-07-24T05:15:07.356193" elapsed="0.000211"/>
</kw>
<kw name="Dictionary Should Contain Key" owner="Collections">
<arg>${json_data}</arg>
<arg>results</arg>
<doc>Fails if ``key`` is not found from ``dictionary``.</doc>
<status status="PASS" start="2024-07-24T05:15:07.356696" elapsed="0.000159"/>
</kw>
<kw name="Should Not Be Empty" owner="BuiltIn">
<msg time="2024-07-24T05:15:07.357175" level="INFO">Length is 2.</msg>
<arg>${json_data}</arg>
<doc>Verifies that the given item is not empty.</doc>
<status status="PASS" start="2024-07-24T05:15:07.357045" elapsed="0.000169"/>
</kw>
<kw name="Create List" owner="BuiltIn">
<msg time="2024-07-24T05:15:07.357656" level="INFO">${expected_keys} = ['gender', 'name', 'location', 'email', 'login']</msg>
<var>${expected_keys}</var>
<arg>gender</arg>
<arg>name</arg>
<arg>location</arg>
<arg>email</arg>
<arg>login</arg>
<doc>Returns a list containing given items.</doc>
<status status="PASS" start="2024-07-24T05:15:07.357501" elapsed="0.000179"/>
</kw>
<for flavor="IN">
<iter>
<kw name="Dictionary Should Contain Key" owner="Collections">
<arg>${json_data['results'][0]}</arg>
<arg>${key}</arg>
<doc>Fails if ``key`` is not found from ``dictionary``.</doc>
<status status="PASS" start="2024-07-24T05:15:07.358316" elapsed="0.000407"/>
</kw>
<kw name="Log" owner="BuiltIn">
<msg time="2024-07-24T05:15:07.359258" level="INFO">{'gender': 'male', 'name': {'title': 'Mr', 'first': 'Troy', 'last': 'Fox'}, 'location': {'street': {'number': 7906, 'name': 'Locust Rd'}, 'city': 'Traralgon', 'state': 'Queensland', 'country': 'Australia', 'postcode': 9546, 'coordinates': {'latitude': '-82.0984', 'longitude': '-137.6061'}, 'timezone': {'offset': '+2:00', 'description': 'Kaliningrad, South Africa'}}, 'email': 'troy.fox@example.com', 'login': {'uuid': 'f48c7e7a-74a9-44c3-86b7-b8a44c165e13', 'username': 'sadladybug728', 'password': 'harrier', 'salt': 'CqQKrWmd', 'md5': '0faaeee36043468e2d3c5feb2ca31031', 'sha1': '4b12890369a2b11a7d58701bcc5a59eff30ab798', 'sha256': '59a5076466d827f486634273b3e4d53fa7ab1eb9ab5d5aafbfb1b899af815753'}, 'dob': {'date': '1975-03-15T12:26:37.125Z', 'age': 49}, 'registered': {'date': '2015-08-24T15:08:35.011Z', 'age': 8}, 'phone': '03-7143-9121', 'cell': '0477-545-346', 'id': {'name': 'TFN', 'value': '772277721'}, 'picture': {'large': 'https://randomuser.me/api/portraits/men/25.jpg', 'medium': 'https://randomuser.me/api/portraits/med/men/25.jpg', 'thumbnail': 'https://randomuser.me/api/portraits/thumb/men/25.jpg'}, 'nat': 'AU'}</msg>
<arg>${json_data['results'][0]}</arg>
<doc>Logs the given message with the given level.</doc>
<status status="PASS" start="2024-07-24T05:15:07.358908" elapsed="0.000401"/>
</kw>
<kw name="Log" owner="BuiltIn">
<msg time="2024-07-24T05:15:07.359742" level="INFO">gender</msg>
<arg>${key}</arg>
<doc>Logs the given message with the given level.</doc>
<status status="PASS" start="2024-07-24T05:15:07.359613" elapsed="0.000169"/>
</kw>
<var name="${key}">gender</var>
<status status="PASS" start="2024-07-24T05:15:07.358177" elapsed="0.001821"/>
</iter>
<iter>
<kw name="Dictionary Should Contain Key" owner="Collections">
<arg>${json_data['results'][0]}</arg>
<arg>${key}</arg>
<doc>Fails if ``key`` is not found from ``dictionary``.</doc>
<status status="PASS" start="2024-07-24T05:15:07.360294" elapsed="0.000384"/>
</kw>
<kw name="Log" owner="BuiltIn">
<msg time="2024-07-24T05:15:07.361215" level="INFO">{'gender': 'male', 'name': {'title': 'Mr', 'first': 'Troy', 'last': 'Fox'}, 'location': {'street': {'number': 7906, 'name': 'Locust Rd'}, 'city': 'Traralgon', 'state': 'Queensland', 'country': 'Australia', 'postcode': 9546, 'coordinates': {'latitude': '-82.0984', 'longitude': '-137.6061'}, 'timezone': {'offset': '+2:00', 'description': 'Kaliningrad, South Africa'}}, 'email': 'troy.fox@example.com', 'login': {'uuid': 'f48c7e7a-74a9-44c3-86b7-b8a44c165e13', 'username': 'sadladybug728', 'password': 'harrier', 'salt': 'CqQKrWmd', 'md5': '0faaeee36043468e2d3c5feb2ca31031', 'sha1': '4b12890369a2b11a7d58701bcc5a59eff30ab798', 'sha256': '59a5076466d827f486634273b3e4d53fa7ab1eb9ab5d5aafbfb1b899af815753'}, 'dob': {'date': '1975-03-15T12:26:37.125Z', 'age': 49}, 'registered': {'date': '2015-08-24T15:08:35.011Z', 'age': 8}, 'phone': '03-7143-9121', 'cell': '0477-545-346', 'id': {'name': 'TFN', 'value': '772277721'}, 'picture': {'large': 'https://randomuser.me/api/portraits/men/25.jpg', 'medium': 'https://randomuser.me/api/portraits/med/men/25.jpg', 'thumbnail': 'https://randomuser.me/api/portraits/thumb/men/25.jpg'}, 'nat': 'AU'}</msg>
<arg>${json_data['results'][0]}</arg>
<doc>Logs the given message with the given level.</doc>
<status status="PASS" start="2024-07-24T05:15:07.360862" elapsed="0.000435"/>
</kw>
<kw name="Log" owner="BuiltIn">
<msg time="2024-07-24T05:15:07.361725" level="INFO">name</msg>
<arg>${key}</arg>
<doc>Logs the given message with the given level.</doc>
<status status="PASS" start="2024-07-24T05:15:07.361598" elapsed="0.000165"/>
</kw>
<var name="${key}">name</var>
<status status="PASS" start="2024-07-24T05:15:07.360184" elapsed="0.001795"/>
</iter>
<iter>
<kw name="Dictionary Should Contain Key" owner="Collections">
<arg>${json_data['results'][0]}</arg>
<arg>${key}</arg>
<doc>Fails if ``key`` is not found from ``dictionary``.</doc>
<status status="PASS" start="2024-07-24T05:15:07.362295" elapsed="0.000381"/>
</kw>
<kw name="Log" owner="BuiltIn">
<msg time="2024-07-24T05:15:07.363210" level="INFO">{'gender': 'male', 'name': {'title': 'Mr', 'first': 'Troy', 'last': 'Fox'}, 'location': {'street': {'number': 7906, 'name': 'Locust Rd'}, 'city': 'Traralgon', 'state': 'Queensland', 'country': 'Australia', 'postcode': 9546, 'coordinates': {'latitude': '-82.0984', 'longitude': '-137.6061'}, 'timezone': {'offset': '+2:00', 'description': 'Kaliningrad, South Africa'}}, 'email': 'troy.fox@example.com', 'login': {'uuid': 'f48c7e7a-74a9-44c3-86b7-b8a44c165e13', 'username': 'sadladybug728', 'password': 'harrier', 'salt': 'CqQKrWmd', 'md5': '0faaeee36043468e2d3c5feb2ca31031', 'sha1': '4b12890369a2b11a7d58701bcc5a59eff30ab798', 'sha256': '59a5076466d827f486634273b3e4d53fa7ab1eb9ab5d5aafbfb1b899af815753'}, 'dob': {'date': '1975-03-15T12:26:37.125Z', 'age': 49}, 'registered': {'date': '2015-08-24T15:08:35.011Z', 'age': 8}, 'phone': '03-7143-9121', 'cell': '0477-545-346', 'id': {'name': 'TFN', 'value': '772277721'}, 'picture': {'large': 'https://randomuser.me/api/portraits/men/25.jpg', 'medium': 'https://randomuser.me/api/portraits/med/men/25.jpg', 'thumbnail': 'https://randomuser.me/api/portraits/thumb/men/25.jpg'}, 'nat': 'AU'}</msg>
<arg>${json_data['results'][0]}</arg>
<doc>Logs the given message with the given level.</doc>
<status status="PASS" start="2024-07-24T05:15:07.362863" elapsed="0.000397"/>
</kw>
<kw name="Log" owner="BuiltIn">
<msg time="2024-07-24T05:15:07.363675" level="INFO">location</msg>
<arg>${key}</arg>
<doc>Logs the given message with the given level.</doc>
<status status="PASS" start="2024-07-24T05:15:07.363551" elapsed="0.000161"/>
</kw>
<var name="${key}">location</var>
<status status="PASS" start="2024-07-24T05:15:07.362182" elapsed="0.001747"/>
</iter>
<iter>
<kw name="Dictionary Should Contain Key" owner="Collections">
<arg>${json_data['results'][0]}</arg>
<arg>${key}</arg>
<doc>Fails if ``key`` is not found from ``dictionary``.</doc>
<status status="PASS" start="2024-07-24T05:15:07.364208" elapsed="0.000387"/>
</kw>
<kw name="Log" owner="BuiltIn">
<msg time="2024-07-24T05:15:07.365241" level="INFO">{'gender': 'male', 'name': {'title': 'Mr', 'first': 'Troy', 'last': 'Fox'}, 'location': {'street': {'number': 7906, 'name': 'Locust Rd'}, 'city': 'Traralgon', 'state': 'Queensland', 'country': 'Australia', 'postcode': 9546, 'coordinates': {'latitude': '-82.0984', 'longitude': '-137.6061'}, 'timezone': {'offset': '+2:00', 'description': 'Kaliningrad, South Africa'}}, 'email': 'troy.fox@example.com', 'login': {'uuid': 'f48c7e7a-74a9-44c3-86b7-b8a44c165e13', 'username': 'sadladybug728', 'password': 'harrier', 'salt': 'CqQKrWmd', 'md5': '0faaeee36043468e2d3c5feb2ca31031', 'sha1': '4b12890369a2b11a7d58701bcc5a59eff30ab798', 'sha256': '59a5076466d827f486634273b3e4d53fa7ab1eb9ab5d5aafbfb1b899af815753'}, 'dob': {'date': '1975-03-15T12:26:37.125Z', 'age': 49}, 'registered': {'date': '2015-08-24T15:08:35.011Z', 'age': 8}, 'phone': '03-7143-9121', 'cell': '0477-545-346', 'id': {'name': 'TFN', 'value': '772277721'}, 'picture': {'large': 'https://randomuser.me/api/portraits/men/25.jpg', 'medium': 'https://randomuser.me/api/portraits/med/men/25.jpg', 'thumbnail': 'https://randomuser.me/api/portraits/thumb/men/25.jpg'}, 'nat': 'AU'}</msg>
<arg>${json_data['results'][0]}</arg>
<doc>Logs the given message with the given level.</doc>
<status status="PASS" start="2024-07-24T05:15:07.364891" elapsed="0.000400"/>
</kw>
<kw name="Log" owner="BuiltIn">
<msg time="2024-07-24T05:15:07.365716" level="INFO">email</msg>
<arg>${key}</arg>
<doc>Logs the given message with the given level.</doc>
<status status="PASS" start="2024-07-24T05:15:07.365588" elapsed="0.000167"/>
</kw>
<var name="${key}">email</var>
<status status="PASS" start="2024-07-24T05:15:07.364100" elapsed="0.001868"/>
</iter>
<iter>
<kw name="Dictionary Should Contain Key" owner="Collections">
<arg>${json_data['results'][0]}</arg>
<arg>${key}</arg>
<doc>Fails if ``key`` is not found from ``dictionary``.</doc>
<status status="PASS" start="2024-07-24T05:15:07.366294" elapsed="0.000382"/>
</kw>
<kw name="Log" owner="BuiltIn">
<msg time="2024-07-24T05:15:07.367203" level="INFO">{'gender': 'male', 'name': {'title': 'Mr', 'first': 'Troy', 'last': 'Fox'}, 'location': {'street': {'number': 7906, 'name': 'Locust Rd'}, 'city': 'Traralgon', 'state': 'Queensland', 'country': 'Australia', 'postcode': 9546, 'coordinates': {'latitude': '-82.0984', 'longitude': '-137.6061'}, 'timezone': {'offset': '+2:00', 'description': 'Kaliningrad, South Africa'}}, 'email': 'troy.fox@example.com', 'login': {'uuid': 'f48c7e7a-74a9-44c3-86b7-b8a44c165e13', 'username': 'sadladybug728', 'password': 'harrier', 'salt': 'CqQKrWmd', 'md5': '0faaeee36043468e2d3c5feb2ca31031', 'sha1': '4b12890369a2b11a7d58701bcc5a59eff30ab798', 'sha256': '59a5076466d827f486634273b3e4d53fa7ab1eb9ab5d5aafbfb1b899af815753'}, 'dob': {'date': '1975-03-15T12:26:37.125Z', 'age': 49}, 'registered': {'date': '2015-08-24T15:08:35.011Z', 'age': 8}, 'phone': '03-7143-9121', 'cell': '0477-545-346', 'id': {'name': 'TFN', 'value': '772277721'}, 'picture': {'large': 'https://randomuser.me/api/portraits/men/25.jpg', 'medium': 'https://randomuser.me/api/portraits/med/men/25.jpg', 'thumbnail': 'https://randomuser.me/api/portraits/thumb/men/25.jpg'}, 'nat': 'AU'}</msg>
<arg>${json_data['results'][0]}</arg>
<doc>Logs the given message with the given level.</doc>
<status status="PASS" start="2024-07-24T05:15:07.366859" elapsed="0.000393"/>
</kw>
<kw name="Log" owner="BuiltIn">
<msg time="2024-07-24T05:15:07.367667" level="INFO">login</msg>
<arg>${key}</arg>
<doc>Logs the given message with the given level.</doc>
<status status="PASS" start="2024-07-24T05:15:07.367544" elapsed="0.000164"/>
</kw>
<var name="${key}">login</var>
<status status="PASS" start="2024-07-24T05:15:07.366166" elapsed="0.001775"/>
</iter>
<var>${key}</var>
<value>@{expected_keys}</value>
<status status="PASS" start="2024-07-24T05:15:07.357936" elapsed="0.010128"/>
</for>
<kw name="Create List" owner="BuiltIn">
<msg time="2024-07-24T05:15:07.368392" level="INFO">${expected_keysTwo} = ['username', 'password']</msg>
<var>${expected_keysTwo}</var>
<arg>username</arg>
<arg>password</arg>
<doc>Returns a list containing given items.</doc>
<status status="PASS" start="2024-07-24T05:15:07.368252" elapsed="0.000164"/>
</kw>
<for flavor="IN">
<iter>
<kw name="Dictionary Should Contain Key" owner="Collections">
<arg>${json_data['results'][0]['login']}</arg>
<arg>${keyTwo}</arg>
<doc>Fails if ``key`` is not found from ``dictionary``.</doc>
<status status="PASS" start="2024-07-24T05:15:07.368937" elapsed="0.000382"/>
</kw>
<kw name="Dictionary Should Contain Key" owner="Collections">
<arg>${json_data['results'][0]['login']}</arg>
<arg>${keyTwo}</arg>
<doc>Fails if ``key`` is not found from ``dictionary``.</doc>
<status status="PASS" start="2024-07-24T05:15:07.369501" elapsed="0.000377"/>
</kw>
<kw name="Log" owner="BuiltIn">
<msg time="2024-07-24T05:15:07.370207" level="INFO">username</msg>
<arg>${keyTwo}</arg>
<doc>Logs the given message with the given level.</doc>
<status status="PASS" start="2024-07-24T05:15:07.370057" elapsed="0.000192"/>
</kw>
<var name="${keyTwo}">username</var>
<status status="PASS" start="2024-07-24T05:15:07.368831" elapsed="0.001638"/>
</iter>
<iter>
<kw name="Dictionary Should Contain Key" owner="Collections">
<arg>${json_data['results'][0]['login']}</arg>
<arg>${keyTwo}</arg>
<doc>Fails if ``key`` is not found from ``dictionary``.</doc>
<status status="PASS" start="2024-07-24T05:15:07.370752" elapsed="0.000375"/>
</kw>
<kw name="Dictionary Should Contain Key" owner="Collections">
<arg>${json_data['results'][0]['login']}</arg>
<arg>${keyTwo}</arg>
<doc>Fails if ``key`` is not found from ``dictionary``.</doc>
<status status="PASS" start="2024-07-24T05:15:07.371305" elapsed="0.000370"/>
</kw>
<kw name="Log" owner="BuiltIn">
<msg time="2024-07-24T05:15:07.371978" level="INFO">password</msg>
<arg>${keyTwo}</arg>
<doc>Logs the given message with the given level.</doc>
<status status="PASS" start="2024-07-24T05:15:07.371853" elapsed="0.000162"/>
</kw>
<var name="${keyTwo}">password</var>
<status status="PASS" start="2024-07-24T05:15:07.370640" elapsed="0.001594"/>
</iter>
<var>${keyTwo}</var>
<value>@{expected_keysTwo}</value>
<status status="PASS" start="2024-07-24T05:15:07.368678" elapsed="0.003686"/>
</for>
<status status="PASS" start="2024-07-24T05:15:07.256732" elapsed="0.115773"/>
</kw>
<doc>Testa a estrutura da resposta da API.</doc>
<tag>testeEstruturaResposta</tag>
<status status="PASS" start="2024-07-24T05:15:07.256132" elapsed="0.116521"/>
</test>
<test id="s1-s1-t4" name="Validar tipos de dados" line="28">
<kw name="Teste de Tipos de Dados" owner="random-user-service">
<kw name="GET On Session" owner="RequestsLibrary">
<msg time="2024-07-24T05:15:07.455839" level="INFO">GET Request : url=https://randomuser.me/api 
 path_url=/api 
 headers={'User-Agent': 'python-requests/2.32.3', 'Accept-Encoding': 'gzip, deflate', 'Accept': '*/*', 'Connection': 'keep-alive'} 
 body=None 
 </msg>
<msg time="2024-07-24T05:15:07.455917" level="INFO">GET Response : url=https://randomuser.me/api 
 status=200, reason=OK 
 headers={'Date': 'Wed, 24 Jul 2024 05:15:07 GMT', 'Content-Type': 'application/json; charset=utf-8', 'Transfer-Encoding': 'chunked', 'Connection': 'keep-alive', 'X-Powered-By': 'Express', 'Access-Control-Allow-Origin': '*', 'Cache-Control': 'no-cache', 'ETag': 'W/"48c-XWPHor7gYqv3cY7m6JMBO+7Id2w"', 'Vary': 'Accept-Encoding', 'Content-Encoding': 'gzip', 'CF-Cache-Status': 'DYNAMIC', 'Report-To': '{"endpoints":[{"url":"https:\\/\\/a.nel.cloudflare.com\\/report\\/v4?s=t9oejLjqSES1Df8j0Ov5KLEnROSWY521WJxjOmqTwZtaO%2BHJ1W1uH27B578roRsqy0KM2rd2MeunEWG7M%2FfbqI6qjNVXsin8oDgcE7HJkHo7l1qV1QL8IdcIO7bN649Q"}],"group":"cf-nel","max_age":604800}', 'NEL': '{"success_fraction":0,"report_to":"cf-nel","max_age":604800}', 'Server': 'cloudflare', 'CF-RAY': '8a816e3b1ebf5b47-IAD', 'alt-svc': 'h3=":443"; ma=86400'} 
 body={"results":[{"gender":"male","name":{"title":"Mr","first":"Johan","last":"Kristensen"},"location":{"street":{"number":531,"name":"Næssundvej"},"city":"Juelsminde","state":"Midtjylland","country":"Denmark","postcode":12162,"coordinates":{"latitude":"-43.3436","longitude":"-157.6072"},"timezone":{"offset":"+9:00","description":"Tokyo, Seoul, Osaka, Sapporo, Yakutsk"}},"email":"johan.kristensen@example.com","login":{"uuid":"65e09570-6ebe-4c23-8fb0-4effb6080a81","username":"redbird354","password":"yomama","salt":"z5R3XknV","md5":"68ef122f5fbeaf302c974693d2d60947","sha1":"700ebc373048f15aece56a7dab4a4a2f96781f0a","sha256":"e4d1c45d340463deec32183929ab1261afef1d4fb11bbd9a807a905a6a324814"},"dob":{"date":"1995-02-11T02:38:09.326Z","age":29},"registered":{"date":"2021-07-14T18:08:10.959Z","age":3},"phone":"73050651","cell":"61888961","id":{"name":"CPR","value":"100295-4314"},"picture":{"large":"https://randomuser.me/api/portraits/men/96.jpg","medium":"https://randomuser.me/api/portraits/med/men/96.jpg","thumbnail":"https://randomuser.me/api/portraits/thumb/men/96.jpg"},"nat":"DK"}],"info":{"seed":"7d64cc03f94aa2e5","results":1,"page":1,"version":"1.4"}} 
 </msg>
<msg time="2024-07-24T05:15:07.455987" level="INFO">/opt/hostedtoolcache/Python/3.12.4/x64/lib/python3.12/site-packages/urllib3/connectionpool.py:1099: InsecureRequestWarning: Unverified HTTPS request is being made to host 'randomuser.me'. Adding certificate verification is strongly advised. See: https://urllib3.readthedocs.io/en/latest/advanced-usage.html#tls-warnings
  warnings.warn(</msg>
<msg time="2024-07-24T05:15:07.456096" level="INFO">${response} = &lt;Response [200]&gt;</msg>
<var>${response}</var>
<arg>consultarAPI</arg>
<arg>/api</arg>
<doc>Sends a GET request on a previously created HTTP Session.</doc>
<status status="PASS" start="2024-07-24T05:15:07.375147" elapsed="0.081005"/>
</kw>
<kw name="Set Variable" owner="BuiltIn">
<msg time="2024-07-24T05:15:07.457211" level="INFO">${json_data} = {'results': [{'gender': 'male', 'name': {'title': 'Mr', 'first': 'Johan', 'last': 'Kristensen'}, 'location': {'street': {'number': 531, 'name': 'Næssundvej'}, 'city': 'Juelsminde', 'state': 'Midtjylla...</msg>
<var>${json_data}</var>
<arg>${response.json()}</arg>
<doc>Returns the given values which can then be assigned to a variables.</doc>
<status status="PASS" start="2024-07-24T05:15:07.456664" elapsed="0.000576"/>
</kw>
<kw name="Log" owner="BuiltIn">
<msg time="2024-07-24T05:15:07.457697" level="INFO">{'results': [{'gender': 'male', 'name': {'title': 'Mr', 'first': 'Johan', 'last': 'Kristensen'}, 'location': {'street': {'number': 531, 'name': 'Næssundvej'}, 'city': 'Juelsminde', 'state': 'Midtjylland', 'country': 'Denmark', 'postcode': 12162, 'coordinates': {'latitude': '-43.3436', 'longitude': '-157.6072'}, 'timezone': {'offset': '+9:00', 'description': 'Tokyo, Seoul, Osaka, Sapporo, Yakutsk'}}, 'email': 'johan.kristensen@example.com', 'login': {'uuid': '65e09570-6ebe-4c23-8fb0-4effb6080a81', 'username': 'redbird354', 'password': 'yomama', 'salt': 'z5R3XknV', 'md5': '68ef122f5fbeaf302c974693d2d60947', 'sha1': '700ebc373048f15aece56a7dab4a4a2f96781f0a', 'sha256': 'e4d1c45d340463deec32183929ab1261afef1d4fb11bbd9a807a905a6a324814'}, 'dob': {'date': '1995-02-11T02:38:09.326Z', 'age': 29}, 'registered': {'date': '2021-07-14T18:08:10.959Z', 'age': 3}, 'phone': '73050651', 'cell': '61888961', 'id': {'name': 'CPR', 'value': '100295-4314'}, 'picture': {'large': 'https://randomuser.me/api/portraits/men/96.jpg', 'medium': 'https://randomuser.me/api/portraits/med/men/96.jpg', 'thumbnail': 'https://randomuser.me/api/portraits/thumb/men/96.jpg'}, 'nat': 'DK'}], 'info': {'seed': '7d64cc03f94aa2e5', 'results': 1, 'page': 1, 'version': '1.4'}}</msg>
<arg>${json_data}</arg>
<doc>Logs the given message with the given level.</doc>
<status status="PASS" start="2024-07-24T05:15:07.457544" elapsed="0.000204"/>
</kw>
<kw name="Should Be String" owner="String">
<arg>${json_data['results'][0]['gender']}</arg>
<doc>Fails if the given ``item`` is not a string.</doc>
<status status="PASS" start="2024-07-24T05:15:07.458038" elapsed="0.000397"/>
</kw>
<kw name="Should Match Regexp" owner="BuiltIn">
<arg>${json_data['results'][0]['email']}</arg>
<arg>^[a-zA-Z0-9._%+-]+@[a-zA-Z0-9.-]+\.[a-zA-Z]{2,}$</arg>
<doc>Fails if ``string`` does not match ``pattern`` as a regular expression.</doc>
<status status="PASS" start="2024-07-24T05:15:07.458626" elapsed="0.000503"/>
</kw>
<kw name="Should Match Regexp" owner="BuiltIn">
<arg>${json_data['results'][0]['dob']['date']}</arg>
<arg>\\d{4}-\\d{2}-\\d{2}T\\d{2}:\\d{2}:\\d{2}\\.\\d{3}Z</arg>
<doc>Fails if ``string`` does not match ``pattern`` as a regular expression.</doc>
<status status="PASS" start="2024-07-24T05:15:07.459356" elapsed="0.000586"/>
</kw>
<kw name="Should Match Regexp" owner="BuiltIn">
<arg>${json_data['results'][0]['registered']['date']}</arg>
<arg>\\d{4}-\\d{2}-\\d{2}T\\d{2}:\\d{2}:\\d{2}\\.\\d{3}Z</arg>
<doc>Fails if ``string`` does not match ``pattern`` as a regular expression.</doc>
<status status="PASS" start="2024-07-24T05:15:07.460134" elapsed="0.000369"/>
</kw>
<kw name="Should Match Regexp" owner="BuiltIn">
<arg>${json_data['results'][0]['picture']['large']}</arg>
<arg>^https?://.*\.(?:png|jpe?g|gif|bmp)$</arg>
<doc>Fails if ``string`` does not match ``pattern`` as a regular expression.</doc>
<status status="PASS" start="2024-07-24T05:15:07.460686" elapsed="0.000451"/>
</kw>
<kw name="Should Match Regexp" owner="BuiltIn">
<arg>${json_data['results'][0]['picture']['medium']}</arg>
<arg>^https?://.*\.(?:png|jpe?g|gif|bmp)$</arg>
<doc>Fails if ``string`` does not match ``pattern`` as a regular expression.</doc>
<status status="PASS" start="2024-07-24T05:15:07.461322" elapsed="0.000358"/>
</kw>
<kw name="Should Match Regexp" owner="BuiltIn">
<arg>${json_data['results'][0]['picture']['thumbnail']}</arg>
<arg>^https?://.*\.(?:png|jpe?g|gif|bmp)$</arg>
<doc>Fails if ``string`` does not match ``pattern`` as a regular expression.</doc>
<status status="PASS" start="2024-07-24T05:15:07.461865" elapsed="0.000377"/>
</kw>
<kw name="Log" owner="BuiltIn">
<msg time="2024-07-24T05:15:07.462756" level="INFO">{'large': 'https://randomuser.me/api/portraits/men/96.jpg', 'medium': 'https://randomuser.me/api/portraits/med/men/96.jpg', 'thumbnail': 'https://randomuser.me/api/portraits/thumb/men/96.jpg'}</msg>
<arg>${json_data['results'][0]['picture']}</arg>
<doc>Logs the given message with the given level.</doc>
<status status="PASS" start="2024-07-24T05:15:07.462429" elapsed="0.000370"/>
</kw>
<status status="PASS" start="2024-07-24T05:15:07.374928" elapsed="0.088122"/>
</kw>
<kw name="Teste de Tipos de Dados - Postcode" owner="random-user-service">
<kw name="GET On Session" owner="RequestsLibrary">
<msg time="2024-07-24T05:15:07.560314" level="INFO">GET Request : url=https://randomuser.me/api 
 path_url=/api 
 headers={'User-Agent': 'python-requests/2.32.3', 'Accept-Encoding': 'gzip, deflate', 'Accept': '*/*', 'Connection': 'keep-alive'} 
 body=None 
 </msg>
<msg time="2024-07-24T05:15:07.560397" level="INFO">GET Response : url=https://randomuser.me/api 
 status=200, reason=OK 
 headers={'Date': 'Wed, 24 Jul 2024 05:15:07 GMT', 'Content-Type': 'application/json; charset=utf-8', 'Transfer-Encoding': 'chunked', 'Connection': 'keep-alive', 'X-Powered-By': 'Express', 'Access-Control-Allow-Origin': '*', 'Cache-Control': 'no-cache', 'ETag': 'W/"489-L6jpQ4j2GoXc6SYpMBm24s6NLl8"', 'Vary': 'Accept-Encoding', 'Content-Encoding': 'gzip', 'CF-Cache-Status': 'DYNAMIC', 'Report-To': '{"endpoints":[{"url":"https:\\/\\/a.nel.cloudflare.com\\/report\\/v4?s=JlZoSG5ZH%2FcctOKDTOG4R4JovRlICos%2FYIilxso7aSRfWwIoTKuRmHovpM7MhcJLP0PSDpdRw4hEyQh%2F42gLF7P8lGwQcFfQ2bqDwMNduErEbCqctRGQJhVZ%2FGqPqJLC"}],"group":"cf-nel","max_age":604800}', 'NEL': '{"success_fraction":0,"report_to":"cf-nel","max_age":604800}', 'Server': 'cloudflare', 'CF-RAY': '8a816e3baf755b47-IAD', 'alt-svc': 'h3=":443"; ma=86400'} 
 body={"results":[{"gender":"female","name":{"title":"Mrs","first":"Andrea","last":"Reyes"},"location":{"street":{"number":8948,"name":"Main Street"},"city":"Cobh","state":"Laois","country":"Ireland","postcode":33132,"coordinates":{"latitude":"1.6112","longitude":"154.6431"},"timezone":{"offset":"-3:00","description":"Brazil, Buenos Aires, Georgetown"}},"email":"andrea.reyes@example.com","login":{"uuid":"1ca5e647-42f7-472c-93d1-32af54d8d74c","username":"beautifulelephant221","password":"smiles","salt":"i0BBiV2o","md5":"58e9594ed27b2d7b82510ce971e3e851","sha1":"cde83e1bd4f6376cd9b35b32f91784bfee5daec5","sha256":"948557382e9648056d5682abffb09bf8a25d1aaac5eba111de4731e86eefe4ad"},"dob":{"date":"1982-02-01T09:04:05.100Z","age":42},"registered":{"date":"2022-03-08T00:20:30.859Z","age":2},"phone":"021-858-4286","cell":"081-449-5620","id":{"name":"PPS","value":"3171207T"},"picture":{"large":"https://randomuser.me/api/portraits/women/32.jpg","medium":"https://randomuser.me/api/portraits/med/women/32.jpg","thumbnail":"https://randomuser.me/api/portraits/thumb/women/32.jpg"},"nat":"IE"}],"info":{"seed":"3be73f13a9830667","results":1,"page":1,"version":"1.4"}} 
 </msg>
<msg time="2024-07-24T05:15:07.560469" level="INFO">/opt/hostedtoolcache/Python/3.12.4/x64/lib/python3.12/site-packages/urllib3/connectionpool.py:1099: InsecureRequestWarning: Unverified HTTPS request is being made to host 'randomuser.me'. Adding certificate verification is strongly advised. See: https://urllib3.readthedocs.io/en/latest/advanced-usage.html#tls-warnings
  warnings.warn(</msg>
<msg time="2024-07-24T05:15:07.560598" level="INFO">${response} = &lt;Response [200]&gt;</msg>
<var>${response}</var>
<arg>consultarAPI</arg>
<arg>/api</arg>
<doc>Sends a GET request on a previously created HTTP Session.</doc>
<status status="PASS" start="2024-07-24T05:15:07.463478" elapsed="0.097171"/>
</kw>
<kw name="Set Variable" owner="BuiltIn">
<msg time="2024-07-24T05:15:07.561687" level="INFO">${json_data} = {'results': [{'gender': 'female', 'name': {'title': 'Mrs', 'first': 'Andrea', 'last': 'Reyes'}, 'location': {'street': {'number': 8948, 'name': 'Main Street'}, 'city': 'Cobh', 'state': 'Laois', 'count...</msg>
<var>${json_data}</var>
<arg>${response.json()}</arg>
<doc>Returns the given values which can then be assigned to a variables.</doc>
<status status="PASS" start="2024-07-24T05:15:07.561126" elapsed="0.000590"/>
</kw>
<kw name="Log" owner="BuiltIn">
<msg time="2024-07-24T05:15:07.562202" level="INFO">{'results': [{'gender': 'female', 'name': {'title': 'Mrs', 'first': 'Andrea', 'last': 'Reyes'}, 'location': {'street': {'number': 8948, 'name': 'Main Street'}, 'city': 'Cobh', 'state': 'Laois', 'country': 'Ireland', 'postcode': 33132, 'coordinates': {'latitude': '1.6112', 'longitude': '154.6431'}, 'timezone': {'offset': '-3:00', 'description': 'Brazil, Buenos Aires, Georgetown'}}, 'email': 'andrea.reyes@example.com', 'login': {'uuid': '1ca5e647-42f7-472c-93d1-32af54d8d74c', 'username': 'beautifulelephant221', 'password': 'smiles', 'salt': 'i0BBiV2o', 'md5': '58e9594ed27b2d7b82510ce971e3e851', 'sha1': 'cde83e1bd4f6376cd9b35b32f91784bfee5daec5', 'sha256': '948557382e9648056d5682abffb09bf8a25d1aaac5eba111de4731e86eefe4ad'}, 'dob': {'date': '1982-02-01T09:04:05.100Z', 'age': 42}, 'registered': {'date': '2022-03-08T00:20:30.859Z', 'age': 2}, 'phone': '021-858-4286', 'cell': '081-449-5620', 'id': {'name': 'PPS', 'value': '3171207T'}, 'picture': {'large': 'https://randomuser.me/api/portraits/women/32.jpg', 'medium': 'https://randomuser.me/api/portraits/med/women/32.jpg', 'thumbnail': 'https://randomuser.me/api/portraits/thumb/women/32.jpg'}, 'nat': 'IE'}], 'info': {'seed': '3be73f13a9830667', 'results': 1, 'page': 1, 'version': '1.4'}}</msg>
<arg>${json_data}</arg>
<doc>Logs the given message with the given level.</doc>
<status status="PASS" start="2024-07-24T05:15:07.562020" elapsed="0.000234"/>
</kw>
<kw name="Should Be Equal As Numbers" owner="BuiltIn">
<arg>${json_data['results'][0]['location']['postcode']}</arg>
<arg>${json_data['results'][0]['location']['postcode']}</arg>
<doc>Fails if objects are unequal after converting them to real numbers.</doc>
<status status="PASS" start="2024-07-24T05:15:07.562552" elapsed="0.000620"/>
</kw>
<kw name="Log" owner="BuiltIn">
<msg time="2024-07-24T05:15:07.563698" level="INFO">33132</msg>
<arg>${json_data['results'][0]['location']['postcode']}</arg>
<doc>Logs the given message with the given level.</doc>
<status status="PASS" start="2024-07-24T05:15:07.563365" elapsed="0.000375"/>
</kw>
<status status="PASS" start="2024-07-24T05:15:07.463257" elapsed="0.100734"/>
</kw>
<doc>Testa se os tipos de dados na resposta da API estão corretos.</doc>
<tag>testeTiposDados</tag>
<status status="PASS" start="2024-07-24T05:15:07.374389" elapsed="0.189792"/>
</test>
<test id="s1-s1-t5" name="Validar conteudo" line="35">
<kw name="Teste de Tipos de Conteudo" owner="random-user-service">
<kw name="GET On Session" owner="RequestsLibrary">
<msg time="2024-07-24T05:15:07.655061" level="INFO">GET Request : url=https://randomuser.me/api 
 path_url=/api 
 headers={'User-Agent': 'python-requests/2.32.3', 'Accept-Encoding': 'gzip, deflate', 'Accept': '*/*', 'Connection': 'keep-alive'} 
 body=None 
 </msg>
<msg time="2024-07-24T05:15:07.655124" level="INFO">GET Response : url=https://randomuser.me/api 
 status=200, reason=OK 
 headers={'Date': 'Wed, 24 Jul 2024 05:15:07 GMT', 'Content-Type': 'application/json; charset=utf-8', 'Transfer-Encoding': 'chunked', 'Connection': 'keep-alive', 'X-Powered-By': 'Express', 'Access-Control-Allow-Origin': '*', 'Cache-Control': 'no-cache', 'ETag': 'W/"49a-rvTxTnMytx22PNqUxTeBVZ6rdmA"', 'Vary': 'Accept-Encoding', 'Content-Encoding': 'gzip', 'CF-Cache-Status': 'DYNAMIC', 'Report-To': '{"endpoints":[{"url":"https:\\/\\/a.nel.cloudflare.com\\/report\\/v4?s=ibxcIVii60%2F6cOgJlNu%2FjDMYHuV4CkRh2qu6b%2BMMlGB0aCBAKERPje4cv5jJWqb7kc3QMsGp117e2YgFKAHsmxRZAz6Ptv00w5jjnuUYLYkfnWJuIiTp%2FePjY4rdzktz"}],"group":"cf-nel","max_age":604800}', 'NEL': '{"success_fraction":0,"report_to":"cf-nel","max_age":604800}', 'Server': 'cloudflare', 'CF-RAY': '8a816e3c480a5b47-IAD', 'alt-svc': 'h3=":443"; ma=86400'} 
 body={"results":[{"gender":"female","name":{"title":"Miss","first":"Tonkostana","last":"Galaychuk"},"location":{"street":{"number":5494,"name":"Zarichanska"},"city":"Talne","state":"Cherkaska","country":"Ukraine","postcode":37355,"coordinates":{"latitude":"78.9228","longitude":"75.4685"},"timezone":{"offset":"+5:00","description":"Ekaterinburg, Islamabad, Karachi, Tashkent"}},"email":"tonkostana.galaychuk@example.com","login":{"uuid":"e21a85de-42b7-45ac-ab56-4a17083696fa","username":"greenfish681","password":"filter","salt":"kSDtPWxT","md5":"44b2cd9141e53447b862923f376b9f26","sha1":"414c92c5c5443cd92cc68f683f756137a9765e9c","sha256":"08e361fe2b519376bc5393661501cb22b8c0afc90994dabcd21717d7c9319b33"},"dob":{"date":"1948-11-10T23:39:06.139Z","age":75},"registered":{"date":"2011-07-03T14:57:16.213Z","age":13},"phone":"(096) F46-3965","cell":"(066) Z91-0025","id":{"name":"","value":null},"picture":{"large":"https://randomuser.me/api/portraits/women/0.jpg","medium":"https://randomuser.me/api/portraits/med/women/0.jpg","thumbnail":"https://randomuser.me/api/portraits/thumb/women/0.jpg"},"nat":"UA"}],"info":{"seed":"fa37fb961847e6d1","results":1,"page":1,"version":"1.4"}} 
 </msg>
<msg time="2024-07-24T05:15:07.655179" level="INFO">/opt/hostedtoolcache/Python/3.12.4/x64/lib/python3.12/site-packages/urllib3/connectionpool.py:1099: InsecureRequestWarning: Unverified HTTPS request is being made to host 'randomuser.me'. Adding certificate verification is strongly advised. See: https://urllib3.readthedocs.io/en/latest/advanced-usage.html#tls-warnings
  warnings.warn(</msg>
<msg time="2024-07-24T05:15:07.655262" level="INFO">${response} = &lt;Response [200]&gt;</msg>
<var>${response}</var>
<arg>consultarAPI</arg>
<arg>/api</arg>
<doc>Sends a GET request on a previously created HTTP Session.</doc>
<status status="PASS" start="2024-07-24T05:15:07.566659" elapsed="0.088632"/>
</kw>
<kw name="Set Variable" owner="BuiltIn">
<msg time="2024-07-24T05:15:07.656101" level="INFO">${json_data} = {'results': [{'gender': 'female', 'name': {'title': 'Miss', 'first': 'Tonkostana', 'last': 'Galaychuk'}, 'location': {'street': {'number': 5494, 'name': 'Zarichanska'}, 'city': 'Talne', 'state': 'Cher...</msg>
<var>${json_data}</var>
<arg>${response.json()}</arg>
<doc>Returns the given values which can then be assigned to a variables.</doc>
<status status="PASS" start="2024-07-24T05:15:07.655664" elapsed="0.000467"/>
</kw>
<kw name="Set Variable" owner="BuiltIn">
<msg time="2024-07-24T05:15:07.656811" level="INFO">${name_title} = Miss</msg>
<var>${name_title}</var>
<arg>${json_data["results"][0]["name"]["title"]}</arg>
<doc>Returns the given values which can then be assigned to a variables.</doc>
<status status="PASS" start="2024-07-24T05:15:07.656431" elapsed="0.000405"/>
</kw>
<kw name="Create List" owner="BuiltIn">
<msg time="2024-07-24T05:15:07.657273" level="INFO">${allowed_titles} = ['Mr', 'Ms', 'Miss', 'Mrs', 'Madame', 'Monsieur']</msg>
<var>${allowed_titles}</var>
<arg>Mr</arg>
<arg>Ms</arg>
<arg>Miss</arg>
<arg>Mrs</arg>
<arg>Madame</arg>
<arg>Monsieur</arg>
<doc>Returns a list containing given items.</doc>
<status status="PASS" start="2024-07-24T05:15:07.657126" elapsed="0.000171"/>
</kw>
<kw name="List Should Contain Value" owner="Collections">
<arg>${allowed_titles}</arg>
<arg>${name_title}</arg>
<doc>Fails if the ``value`` is not found from ``list``.</doc>
<status status="PASS" start="2024-07-24T05:15:07.657589" elapsed="0.000168"/>
</kw>
<kw name="Set Variable" owner="BuiltIn">
<msg time="2024-07-24T05:15:07.658345" level="INFO">${name_country} = UA</msg>
<var>${name_country}</var>
<arg>${json_data["results"][0]["nat"]}</arg>
<doc>Returns the given values which can then be assigned to a variables.</doc>
<status status="PASS" start="2024-07-24T05:15:07.657939" elapsed="0.000432"/>
</kw>
<kw name="Create List" owner="BuiltIn">
<msg time="2024-07-24T05:15:07.659252" level="INFO">${list_country} = ['AD', 'AE', 'AF', 'AG', 'AI', 'AL', 'AM', 'AO', 'AQ', 'AR', 'AS', 'AT', 'AU', 'AW', 'AX', 'AZ', 'BA', 'BB', 'BD', 'BE', 'BF', 'BG', 'BH', 'BI', 'BJ', 'BL', 'BM', 'BN', 'BO', 'BQ', 'BR', 'BS', 'BT', '...</msg>
<var>${list_country}</var>
<arg>AD</arg>
<arg>AE</arg>
<arg>AF</arg>
<arg>AG</arg>
<arg>AI</arg>
<arg>AL</arg>
<arg>AM</arg>
<arg>AO</arg>
<arg>AQ</arg>
<arg>AR</arg>
<arg>AS</arg>
<arg>AT</arg>
<arg>AU</arg>
<arg>AW</arg>
<arg>AX</arg>
<arg>AZ</arg>
<arg>BA</arg>
<arg>BB</arg>
<arg>BD</arg>
<arg>BE</arg>
<arg>BF</arg>
<arg>BG</arg>
<arg>BH</arg>
<arg>BI</arg>
<arg>BJ</arg>
<arg>BL</arg>
<arg>BM</arg>
<arg>BN</arg>
<arg>BO</arg>
<arg>BQ</arg>
<arg>BR</arg>
<arg>BS</arg>
<arg>BT</arg>
<arg>BV</arg>
<arg>BW</arg>
<arg>BY</arg>
<arg>BZ</arg>
<arg>CA</arg>
<arg>CC</arg>
<arg>CD</arg>
<arg>CF</arg>
<arg>CG</arg>
<arg>CH</arg>
<arg>CI</arg>
<arg>CK</arg>
<arg>CL</arg>
<arg>CM</arg>
<arg>CN</arg>
<arg>CO</arg>
<arg>CR</arg>
<arg>CU</arg>
<arg>CV</arg>
<arg>CW</arg>
<arg>CX</arg>
<arg>CY</arg>
<arg>CZ</arg>
<arg>DE</arg>
<arg>DJ</arg>
<arg>DK</arg>
<arg>DM</arg>
<arg>DO</arg>
<arg>DZ</arg>
<arg>EC</arg>
<arg>EE</arg>
<arg>EG</arg>
<arg>EH</arg>
<arg>ER</arg>
<arg>ES</arg>
<arg>ET</arg>
<arg>FI</arg>
<arg>FJ</arg>
<arg>FK</arg>
<arg>FM</arg>
<arg>FO</arg>
<arg>FR</arg>
<arg>GA</arg>
<arg>GB</arg>
<arg>GD</arg>
<arg>GE</arg>
<arg>GF</arg>
<arg>GG</arg>
<arg>GH</arg>
<arg>GI</arg>
<arg>GL</arg>
<arg>GM</arg>
<arg>GN</arg>
<arg>GP</arg>
<arg>GQ</arg>
<arg>GR</arg>
<arg>GS</arg>
<arg>GT</arg>
<arg>GU</arg>
<arg>GW</arg>
<arg>GY</arg>
<arg>HK</arg>
<arg>HM</arg>
<arg>HN</arg>
<arg>HR</arg>
<arg>HT</arg>
<arg>HU</arg>
<arg>ID</arg>
<arg>IE</arg>
<arg>IL</arg>
<arg>IM</arg>
<arg>IN</arg>
<arg>IO</arg>
<arg>IQ</arg>
<arg>IR</arg>
<arg>IS</arg>
<arg>IT</arg>
<arg>JE</arg>
<arg>JM</arg>
<arg>JO</arg>
<arg>JP</arg>
<arg>KE</arg>
<arg>KG</arg>
<arg>KH</arg>
<arg>KI</arg>
<arg>KM</arg>
<arg>KN</arg>
<arg>KP</arg>
<arg>KR</arg>
<arg>KW</arg>
<arg>KY</arg>
<arg>KZ</arg>
<arg>LA</arg>
<arg>LB</arg>
<arg>LC</arg>
<arg>LI</arg>
<arg>LK</arg>
<arg>LR</arg>
<arg>LS</arg>
<arg>LT</arg>
<arg>LU</arg>
<arg>LV</arg>
<arg>LY</arg>
<arg>MA</arg>
<arg>MC</arg>
<arg>MD</arg>
<arg>ME</arg>
<arg>MF</arg>
<arg>MG</arg>
<arg>MH</arg>
<arg>MK</arg>
<arg>ML</arg>
<arg>MM</arg>
<arg>MN</arg>
<arg>MO</arg>
<arg>MP</arg>
<arg>MQ</arg>
<arg>MR</arg>
<arg>MS</arg>
<arg>MT</arg>
<arg>MU</arg>
<arg>MV</arg>
<arg>MW</arg>
<arg>MX</arg>
<arg>MY</arg>
<arg>MZ</arg>
<arg>NA</arg>
<arg>NC</arg>
<arg>NE</arg>
<arg>NF</arg>
<arg>NG</arg>
<arg>NI</arg>
<arg>NL</arg>
<arg>NO</arg>
<arg>NP</arg>
<arg>NR</arg>
<arg>NU</arg>
<arg>NZ</arg>
<arg>OM</arg>
<arg>PA</arg>
<arg>PE</arg>
<arg>PF</arg>
<arg>PG</arg>
<arg>PH</arg>
<arg>PK</arg>
<arg>PL</arg>
<arg>PM</arg>
<arg>PN</arg>
<arg>PR</arg>
<arg>PS</arg>
<arg>PT</arg>
<arg>PW</arg>
<arg>PY</arg>
<arg>QA</arg>
<arg>RE</arg>
<arg>RO</arg>
<arg>RS</arg>
<arg>RU</arg>
<arg>RW</arg>
<arg>SA</arg>
<arg>SB</arg>
<arg>SC</arg>
<arg>SD</arg>
<arg>SE</arg>
<arg>SG</arg>
<arg>SH</arg>
<arg>SI</arg>
<arg>SJ</arg>
<arg>SK</arg>
<arg>SL</arg>
<arg>SM</arg>
<arg>SN</arg>
<arg>SO</arg>
<arg>SR</arg>
<arg>SS</arg>
<arg>ST</arg>
<arg>SV</arg>
<arg>SX</arg>
<arg>SY</arg>
<arg>SZ</arg>
<arg>TC</arg>
<arg>TD</arg>
<arg>TF</arg>
<arg>TG</arg>
<arg>TH</arg>
<arg>TJ</arg>
<arg>TK</arg>
<arg>TL</arg>
<arg>TM</arg>
<arg>TN</arg>
<arg>TO</arg>
<arg>TR</arg>
<arg>TT</arg>
<arg>TV</arg>
<arg>TW</arg>
<arg>TZ</arg>
<arg>UA</arg>
<arg>UG</arg>
<arg>UM</arg>
<arg>US</arg>
<arg>UY</arg>
<arg>UZ</arg>
<arg>VA</arg>
<arg>VC</arg>
<arg>VE</arg>
<arg>VG</arg>
<arg>VI</arg>
<arg>VN</arg>
<arg>VU</arg>
<arg>WF</arg>
<arg>WS</arg>
<arg>XK</arg>
<arg>YE</arg>
<arg>YT</arg>
<arg>ZA</arg>
<arg>ZM</arg>
<arg>ZW</arg>
<doc>Returns a list containing given items.</doc>
<status status="PASS" start="2024-07-24T05:15:07.658657" elapsed="0.000620"/>
</kw>
<kw name="List Should Contain Value" owner="Collections">
<arg>${list_country}</arg>
<arg>${name_country}</arg>
<doc>Fails if the ``value`` is not found from ``list``.</doc>
<status status="PASS" start="2024-07-24T05:15:07.660202" elapsed="0.000207"/>
</kw>
<kw name="Run Keyword If" owner="BuiltIn">
<kw name="Should Be True" owner="BuiltIn">
<arg>${True}</arg>
<doc>Fails if the given condition is not true.</doc>
<status status="PASS" start="2024-07-24T05:15:07.661334" elapsed="0.000142"/>
</kw>
<arg>${json_data["results"][0]["location"]["coordinates"]["latitude"]} &gt;= -90 and ${json_data["results"][0]["location"]["coordinates"]["latitude"]} &lt;= 90</arg>
<arg>Should Be True</arg>
<arg>${True}</arg>
<doc>Runs the given keyword with the given arguments, if ``condition`` is true.</doc>
<status status="PASS" start="2024-07-24T05:15:07.660603" elapsed="0.000996"/>
</kw>
<kw name="Run Keyword If" owner="BuiltIn">
<kw name="Should Be True" owner="BuiltIn">
<arg>${True}</arg>
<doc>Fails if the given condition is not true.</doc>
<status status="PASS" start="2024-07-24T05:15:07.662488" elapsed="0.000136"/>
</kw>
<arg>${json_data["results"][0]["location"]["coordinates"]["longitude"]} &gt;= -180 and ${json_data["results"][0]["location"]["coordinates"]["longitude"]} &lt;= 180</arg>
<arg>Should Be True</arg>
<arg>${True}</arg>
<doc>Runs the given keyword with the given arguments, if ``condition`` is true.</doc>
<status status="PASS" start="2024-07-24T05:15:07.661777" elapsed="0.000970"/>
</kw>
<status status="PASS" start="2024-07-24T05:15:07.566441" elapsed="0.096433"/>
</kw>
<doc>Testa o conteúdo específico dos campos retornados pela API.</doc>
<tag>testeConteudo</tag>
<status status="PASS" start="2024-07-24T05:15:07.565923" elapsed="0.097092"/>
</test>
<status status="PASS" start="2024-07-24T05:15:06.843337" elapsed="0.821567"/>
</suite>
<status status="PASS" start="2024-07-24T05:15:06.829268" elapsed="0.840604"/>
</suite>
<statistics>
<total>
<stat pass="5" fail="0" skip="0">All Tests</stat>
</total>
<tag>
<stat pass="1" fail="0" skip="0">testeConteudo</stat>
<stat pass="1" fail="0" skip="0">testeEstruturaResposta</stat>
<stat pass="1" fail="0" skip="0">testeRequisicaoBasica</stat>
<stat pass="1" fail="0" skip="0">testeTiposDados</stat>
</tag>
<suite>
<stat pass="5" fail="0" skip="0" id="s1" name="Tests">Tests</stat>
<stat pass="5" fail="0" skip="0" id="s1-s1" name="Random-User-Test">Tests.Random-User-Test</stat>
</suite>
</statistics>
<errors>
</errors>
</robot>
