<?xml version="1.0" encoding="UTF-8"?>
<robot generator="Robot 7.0 (Python 3.12.2 on linux)" generated="2024-03-28T22:13:12.068791" rpa="false" schemaversion="5">
<suite id="s1" name="Tests" source="/home/runner/work/DesafioQAItauRogerioJordao/DesafioQAItauRogerioJordao/RamdonUser/tests">
<suite id="s1-s1" name="Random-User-Test" source="/home/runner/work/DesafioQAItauRogerioJordao/DesafioQAItauRogerioJordao/RamdonUser/tests/random-user-test.robot">
<test id="s1-s1-t1" name="Conectar" line="13">
<kw name="Conectar API" owner="random-user-service">
<kw name="Create Session" owner="RequestsLibrary">
<msg time="2024-03-28T22:13:12.455757" level="INFO">Creating Session using : alias=consultarAPI, url=https://randomuser.me/, headers={},                     cookies={}, auth=None, timeout=None, proxies=None, verify=False,                     debug=0 </msg>
<arg>consultarAPI</arg>
<arg>${URL}</arg>
<doc>Create Session: create a HTTP session to a server</doc>
<status status="PASS" start="2024-03-28T22:13:12.455532" elapsed="0.000428"/>
</kw>
<status status="PASS" start="2024-03-28T22:13:12.454358" elapsed="0.002008"/>
</kw>
<status status="PASS" start="2024-03-28T22:13:12.453657" elapsed="0.002971"/>
</test>
<test id="s1-s1-t2" name="Validar retorno 200 e JSON Válido" line="16">
<kw name="Teste de Requisicao Basica" owner="random-user-service">
<kw name="GET On Session" owner="RequestsLibrary">
<msg time="2024-03-28T22:13:12.833838" level="INFO">GET Request : url=https://randomuser.me/api 
 path_url=/api 
 headers={'User-Agent': 'python-requests/2.31.0', 'Accept-Encoding': 'gzip, deflate', 'Accept': '*/*', 'Connection': 'keep-alive'} 
 body=None 
 </msg>
<msg time="2024-03-28T22:13:12.833998" level="INFO">GET Response : url=https://randomuser.me/api 
 status=200, reason=OK 
 headers={'Date': 'Thu, 28 Mar 2024 22:13:12 GMT', 'Content-Type': 'application/json; charset=utf-8', 'Transfer-Encoding': 'chunked', 'Connection': 'keep-alive', 'X-Powered-By': 'Express', 'Access-Control-Allow-Origin': '*', 'Cache-Control': 'no-cache', 'ETag': 'W/"49e-i4pte30jiA/3g5hAGrpVeJo0YF0"', 'Vary': 'Accept-Encoding', 'Content-Encoding': 'gzip', 'CF-Cache-Status': 'DYNAMIC', 'Report-To': '{"endpoints":[{"url":"https:\\/\\/a.nel.cloudflare.com\\/report\\/v4?s=fsp8027zvX8J6w8dE7O4lc6VSiovIC2myV9ej%2B6P2LLwO1tbD0pmyzjw4X5xFnxOb7xeAzXIQpen3zYw0wnIm%2FlPax2Hm3XR3qR4UMDDeIKmGUye%2BBx%2BXzpkSvI2poM7"}],"group":"cf-nel","max_age":604800}', 'NEL': '{"success_fraction":0,"report_to":"cf-nel","max_age":604800}', 'Server': 'cloudflare', 'CF-RAY': '86baf7511f15e26e-ORD', 'alt-svc': 'h3=":443"; ma=86400'} 
 body={"results":[{"gender":"female","name":{"title":"Mrs","first":"Addison","last":"Fleming"},"location":{"street":{"number":9516,"name":"Avondale Ave"},"city":"Coral Springs","state":"Florida","country":"United States","postcode":39750,"coordinates":{"latitude":"87.4513","longitude":"136.4135"},"timezone":{"offset":"-7:00","description":"Mountain Time (US &amp; Canada)"}},"email":"addison.fleming@example.com","login":{"uuid":"04a3f032-51c9-4b68-a163-09598a064a72","username":"bluebird659","password":"hellfire","salt":"gUJSzFjg","md5":"dfbe43f1350867256e35bd2957ff28d6","sha1":"04fb44cafc315990874a264586f45b815119f846","sha256":"d900aa876af2f2322f55097bb9db927757bb2d2013196b3ae2a683359a312d0b"},"dob":{"date":"1965-09-29T14:31:57.399Z","age":58},"registered":{"date":"2014-01-20T03:36:01.400Z","age":10},"phone":"(704) 464-1545","cell":"(464) 535-2128","id":{"name":"SSN","value":"638-55-0543"},"picture":{"large":"https://randomuser.me/api/portraits/women/50.jpg","medium":"https://randomuser.me/api/portraits/med/women/50.jpg","thumbnail":"https://randomuser.me/api/portraits/thumb/women/50.jpg"},"nat":"US"}],"info":{"seed":"dbe7caf82e3d9363","results":1,"page":1,"version":"1.4"}} 
 </msg>
<msg time="2024-03-28T22:13:12.834114" level="INFO">/opt/hostedtoolcache/Python/3.12.2/x64/lib/python3.12/site-packages/urllib3/connectionpool.py:1103: InsecureRequestWarning: Unverified HTTPS request is being made to host 'randomuser.me'. Adding certificate verification is strongly advised. See: https://urllib3.readthedocs.io/en/latest/advanced-usage.html#tls-warnings
  warnings.warn(</msg>
<msg time="2024-03-28T22:13:12.834293" level="INFO">${response} = &lt;Response [200]&gt;</msg>
<var>${response}</var>
<arg>consultarAPI</arg>
<arg>/api</arg>
<doc>Sends a GET request on a previously created HTTP Session.</doc>
<status status="PASS" start="2024-03-28T22:13:12.459469" elapsed="0.374869"/>
</kw>
<kw name="Should Be Equal As Numbers" owner="BuiltIn">
<msg time="2024-03-28T22:13:12.835434" level="INFO">Argument types are:
&lt;class 'int'&gt;
&lt;class 'str'&gt;</msg>
<arg>${response.status_code}</arg>
<arg>200</arg>
<doc>Fails if objects are unequal after converting them to real numbers.</doc>
<status status="PASS" start="2024-03-28T22:13:12.834925" elapsed="0.000581"/>
</kw>
<kw name="Log" owner="BuiltIn">
<msg time="2024-03-28T22:13:12.836271" level="INFO">200</msg>
<arg>${response.status_code}</arg>
<doc>Logs the given message with the given level.</doc>
<status status="PASS" start="2024-03-28T22:13:12.835878" elapsed="0.000440"/>
</kw>
<kw name="Set Variable" owner="BuiltIn">
<msg time="2024-03-28T22:13:12.837195" level="INFO">${json_data} = {'results': [{'gender': 'female', 'name': {'title': 'Mrs', 'first': 'Addison', 'last': 'Fleming'}, 'location': {'street': {'number': 9516, 'name': 'Avondale Ave'}, 'city': 'Coral Springs', 'state': 'F...</msg>
<var>${json_data}</var>
<arg>${response.json()}</arg>
<doc>Returns the given values which can then be assigned to a variables.</doc>
<status status="PASS" start="2024-03-28T22:13:12.836731" elapsed="0.000494"/>
</kw>
<kw name="Dictionary Should Contain Key" owner="Collections">
<msg time="2024-03-28T22:13:12.837730" level="INFO">False</msg>
<arg>${json_data}</arg>
<arg>results</arg>
<doc>Fails if ``key`` is not found from ``dictionary``.</doc>
<status status="PASS" start="2024-03-28T22:13:12.837543" elapsed="0.000228"/>
</kw>
<status status="PASS" start="2024-03-28T22:13:12.459194" elapsed="0.378846"/>
</kw>
<doc>Testa se a API responde corretamente e retorna um objeto JSON válido.</doc>
<tag>testeRequisicaoBasica</tag>
<status status="PASS" start="2024-03-28T22:13:12.458635" elapsed="0.379607"/>
</test>
<test id="s1-s1-t3" name="Validar estrutura de resposta" line="22">
<kw name="Teste de Estrutura de Resposta" owner="random-user-service">
<kw name="GET On Session" owner="RequestsLibrary">
<msg time="2024-03-28T22:13:12.932951" level="INFO">GET Request : url=https://randomuser.me/api 
 path_url=/api 
 headers={'User-Agent': 'python-requests/2.31.0', 'Accept-Encoding': 'gzip, deflate', 'Accept': '*/*', 'Connection': 'keep-alive'} 
 body=None 
 </msg>
<msg time="2024-03-28T22:13:12.933062" level="INFO">GET Response : url=https://randomuser.me/api 
 status=200, reason=OK 
 headers={'Date': 'Thu, 28 Mar 2024 22:13:12 GMT', 'Content-Type': 'application/json; charset=utf-8', 'Transfer-Encoding': 'chunked', 'Connection': 'keep-alive', 'X-Powered-By': 'Express', 'Access-Control-Allow-Origin': '*', 'Cache-Control': 'no-cache', 'ETag': 'W/"481-vTQbcDWyad7IkL0z1OfcJpaMrvw"', 'Vary': 'Accept-Encoding', 'Content-Encoding': 'gzip', 'CF-Cache-Status': 'DYNAMIC', 'Report-To': '{"endpoints":[{"url":"https:\\/\\/a.nel.cloudflare.com\\/report\\/v4?s=jYnhvs%2FkC6gzpV5H%2FPIV2exIIRwRiFTeGfXG8IJIw9tX%2BZqwMmElVmp9I%2FtG4PFzP8A%2FnN8Nx%2F5O9kSolsyIF2dJjd13SbGv9PnFUwhxFSkrdpB1ad6i4MzEwVRA5zcy"}],"group":"cf-nel","max_age":604800}', 'NEL': '{"success_fraction":0,"report_to":"cf-nel","max_age":604800}', 'Server': 'cloudflare', 'CF-RAY': '86baf7534ab0e26e-ORD', 'alt-svc': 'h3=":443"; ma=86400'} 
 body={"results":[{"gender":"male","name":{"title":"Mr","first":"Momir","last":"Simić"},"location":{"street":{"number":3509,"name":"Stublinska"},"city":"Novi Bečej","state":"Nišava","country":"Serbia","postcode":38155,"coordinates":{"latitude":"61.0120","longitude":"-7.5228"},"timezone":{"offset":"+1:00","description":"Brussels, Copenhagen, Madrid, Paris"}},"email":"momir.simic@example.com","login":{"uuid":"8b75d855-8027-4557-93b2-d1d2208cd855","username":"sadcat878","password":"calimero","salt":"FdiCwxDY","md5":"d161a76a1894ee135eaf460c02f0dace","sha1":"a207fb444da060a785035d0fd9816d38f9ceb496","sha256":"a8a2420385a487340c9e4ef994775907b4e6762bebe9b95bb9a5c8e900d47eda"},"dob":{"date":"1950-09-18T10:58:23.399Z","age":73},"registered":{"date":"2019-01-10T04:11:33.523Z","age":5},"phone":"010-5785-336","cell":"063-5159-985","id":{"name":"SID","value":"899418227"},"picture":{"large":"https://randomuser.me/api/portraits/men/14.jpg","medium":"https://randomuser.me/api/portraits/med/men/14.jpg","thumbnail":"https://randomuser.me/api/portraits/thumb/men/14.jpg"},"nat":"RS"}],"info":{"seed":"d0e974112d8a059c","results":1,"page":1,"version":"1.4"}} 
 </msg>
<msg time="2024-03-28T22:13:12.933224" level="INFO">/opt/hostedtoolcache/Python/3.12.2/x64/lib/python3.12/site-packages/urllib3/connectionpool.py:1103: InsecureRequestWarning: Unverified HTTPS request is being made to host 'randomuser.me'. Adding certificate verification is strongly advised. See: https://urllib3.readthedocs.io/en/latest/advanced-usage.html#tls-warnings
  warnings.warn(</msg>
<msg time="2024-03-28T22:13:12.933389" level="INFO">${response} = &lt;Response [200]&gt;</msg>
<var>${response}</var>
<arg>consultarAPI</arg>
<arg>/api</arg>
<doc>Sends a GET request on a previously created HTTP Session.</doc>
<status status="PASS" start="2024-03-28T22:13:12.841308" elapsed="0.092126"/>
</kw>
<kw name="Set Variable" owner="BuiltIn">
<msg time="2024-03-28T22:13:12.934586" level="INFO">${json_data} = {'results': [{'gender': 'male', 'name': {'title': 'Mr', 'first': 'Momir', 'last': 'Simić'}, 'location': {'street': {'number': 3509, 'name': 'Stublinska'}, 'city': 'Novi Bečej', 'state': 'Nišava', 'cou...</msg>
<var>${json_data}</var>
<arg>${response.json()}</arg>
<doc>Returns the given values which can then be assigned to a variables.</doc>
<status status="PASS" start="2024-03-28T22:13:12.933993" elapsed="0.000627"/>
</kw>
<kw name="Log" owner="BuiltIn">
<msg time="2024-03-28T22:13:12.935188" level="INFO">{'results': [{'gender': 'male', 'name': {'title': 'Mr', 'first': 'Momir', 'last': 'Simić'}, 'location': {'street': {'number': 3509, 'name': 'Stublinska'}, 'city': 'Novi Bečej', 'state': 'Nišava', 'country': 'Serbia', 'postcode': 38155, 'coordinates': {'latitude': '61.0120', 'longitude': '-7.5228'}, 'timezone': {'offset': '+1:00', 'description': 'Brussels, Copenhagen, Madrid, Paris'}}, 'email': 'momir.simic@example.com', 'login': {'uuid': '8b75d855-8027-4557-93b2-d1d2208cd855', 'username': 'sadcat878', 'password': 'calimero', 'salt': 'FdiCwxDY', 'md5': 'd161a76a1894ee135eaf460c02f0dace', 'sha1': 'a207fb444da060a785035d0fd9816d38f9ceb496', 'sha256': 'a8a2420385a487340c9e4ef994775907b4e6762bebe9b95bb9a5c8e900d47eda'}, 'dob': {'date': '1950-09-18T10:58:23.399Z', 'age': 73}, 'registered': {'date': '2019-01-10T04:11:33.523Z', 'age': 5}, 'phone': '010-5785-336', 'cell': '063-5159-985', 'id': {'name': 'SID', 'value': '899418227'}, 'picture': {'large': 'https://randomuser.me/api/portraits/men/14.jpg', 'medium': 'https://randomuser.me/api/portraits/med/men/14.jpg', 'thumbnail': 'https://randomuser.me/api/portraits/thumb/men/14.jpg'}, 'nat': 'RS'}], 'info': {'seed': 'd0e974112d8a059c', 'results': 1, 'page': 1, 'version': '1.4'}}</msg>
<arg>${json_data}</arg>
<doc>Logs the given message with the given level.</doc>
<status status="PASS" start="2024-03-28T22:13:12.935000" elapsed="0.000243"/>
</kw>
<kw name="Dictionary Should Contain Key" owner="Collections">
<msg time="2024-03-28T22:13:12.935732" level="INFO">False</msg>
<arg>${json_data}</arg>
<arg>results</arg>
<doc>Fails if ``key`` is not found from ``dictionary``.</doc>
<status status="PASS" start="2024-03-28T22:13:12.935565" elapsed="0.000206"/>
</kw>
<kw name="Should Not Be Empty" owner="BuiltIn">
<msg time="2024-03-28T22:13:12.936224" level="INFO">Length is 2.</msg>
<arg>${json_data}</arg>
<doc>Verifies that the given item is not empty.</doc>
<status status="PASS" start="2024-03-28T22:13:12.936081" elapsed="0.000184"/>
</kw>
<kw name="Create List" owner="BuiltIn">
<msg time="2024-03-28T22:13:12.936759" level="INFO">${expected_keys} = ['gender', 'name', 'location', 'email', 'login']</msg>
<var>${expected_keys}</var>
<arg>gender</arg>
<arg>name</arg>
<arg>location</arg>
<arg>email</arg>
<arg>login</arg>
<doc>Returns a list containing given items.</doc>
<status status="PASS" start="2024-03-28T22:13:12.936602" elapsed="0.000182"/>
</kw>
<for flavor="IN">
<iter>
<kw name="Dictionary Should Contain Key" owner="Collections">
<msg time="2024-03-28T22:13:12.937839" level="INFO">False</msg>
<arg>${json_data['results'][0]}</arg>
<arg>${key}</arg>
<doc>Fails if ``key`` is not found from ``dictionary``.</doc>
<status status="PASS" start="2024-03-28T22:13:12.937401" elapsed="0.000479"/>
</kw>
<kw name="Log" owner="BuiltIn">
<msg time="2024-03-28T22:13:12.938579" level="INFO">{'gender': 'male', 'name': {'title': 'Mr', 'first': 'Momir', 'last': 'Simić'}, 'location': {'street': {'number': 3509, 'name': 'Stublinska'}, 'city': 'Novi Bečej', 'state': 'Nišava', 'country': 'Serbia', 'postcode': 38155, 'coordinates': {'latitude': '61.0120', 'longitude': '-7.5228'}, 'timezone': {'offset': '+1:00', 'description': 'Brussels, Copenhagen, Madrid, Paris'}}, 'email': 'momir.simic@example.com', 'login': {'uuid': '8b75d855-8027-4557-93b2-d1d2208cd855', 'username': 'sadcat878', 'password': 'calimero', 'salt': 'FdiCwxDY', 'md5': 'd161a76a1894ee135eaf460c02f0dace', 'sha1': 'a207fb444da060a785035d0fd9816d38f9ceb496', 'sha256': 'a8a2420385a487340c9e4ef994775907b4e6762bebe9b95bb9a5c8e900d47eda'}, 'dob': {'date': '1950-09-18T10:58:23.399Z', 'age': 73}, 'registered': {'date': '2019-01-10T04:11:33.523Z', 'age': 5}, 'phone': '010-5785-336', 'cell': '063-5159-985', 'id': {'name': 'SID', 'value': '899418227'}, 'picture': {'large': 'https://randomuser.me/api/portraits/men/14.jpg', 'medium': 'https://randomuser.me/api/portraits/med/men/14.jpg', 'thumbnail': 'https://randomuser.me/api/portraits/thumb/men/14.jpg'}, 'nat': 'RS'}</msg>
<arg>${json_data['results'][0]}</arg>
<doc>Logs the given message with the given level.</doc>
<status status="PASS" start="2024-03-28T22:13:12.938200" elapsed="0.000437"/>
</kw>
<kw name="Log" owner="BuiltIn">
<msg time="2024-03-28T22:13:12.939102" level="INFO">gender</msg>
<arg>${key}</arg>
<doc>Logs the given message with the given level.</doc>
<status status="PASS" start="2024-03-28T22:13:12.938966" elapsed="0.000175"/>
</kw>
<var name="${key}">gender</var>
<status status="PASS" start="2024-03-28T22:13:12.937264" elapsed="0.002104"/>
</iter>
<iter>
<kw name="Dictionary Should Contain Key" owner="Collections">
<msg time="2024-03-28T22:13:12.940078" level="INFO">False</msg>
<arg>${json_data['results'][0]}</arg>
<arg>${key}</arg>
<doc>Fails if ``key`` is not found from ``dictionary``.</doc>
<status status="PASS" start="2024-03-28T22:13:12.939684" elapsed="0.000432"/>
</kw>
<kw name="Log" owner="BuiltIn">
<msg time="2024-03-28T22:13:12.940851" level="INFO">{'gender': 'male', 'name': {'title': 'Mr', 'first': 'Momir', 'last': 'Simić'}, 'location': {'street': {'number': 3509, 'name': 'Stublinska'}, 'city': 'Novi Bečej', 'state': 'Nišava', 'country': 'Serbia', 'postcode': 38155, 'coordinates': {'latitude': '61.0120', 'longitude': '-7.5228'}, 'timezone': {'offset': '+1:00', 'description': 'Brussels, Copenhagen, Madrid, Paris'}}, 'email': 'momir.simic@example.com', 'login': {'uuid': '8b75d855-8027-4557-93b2-d1d2208cd855', 'username': 'sadcat878', 'password': 'calimero', 'salt': 'FdiCwxDY', 'md5': 'd161a76a1894ee135eaf460c02f0dace', 'sha1': 'a207fb444da060a785035d0fd9816d38f9ceb496', 'sha256': 'a8a2420385a487340c9e4ef994775907b4e6762bebe9b95bb9a5c8e900d47eda'}, 'dob': {'date': '1950-09-18T10:58:23.399Z', 'age': 73}, 'registered': {'date': '2019-01-10T04:11:33.523Z', 'age': 5}, 'phone': '010-5785-336', 'cell': '063-5159-985', 'id': {'name': 'SID', 'value': '899418227'}, 'picture': {'large': 'https://randomuser.me/api/portraits/men/14.jpg', 'medium': 'https://randomuser.me/api/portraits/med/men/14.jpg', 'thumbnail': 'https://randomuser.me/api/portraits/thumb/men/14.jpg'}, 'nat': 'RS'}</msg>
<arg>${json_data['results'][0]}</arg>
<doc>Logs the given message with the given level.</doc>
<status status="PASS" start="2024-03-28T22:13:12.940471" elapsed="0.000433"/>
</kw>
<kw name="Log" owner="BuiltIn">
<msg time="2024-03-28T22:13:12.941357" level="INFO">name</msg>
<arg>${key}</arg>
<doc>Logs the given message with the given level.</doc>
<status status="PASS" start="2024-03-28T22:13:12.941214" elapsed="0.000182"/>
</kw>
<var name="${key}">name</var>
<status status="PASS" start="2024-03-28T22:13:12.939565" elapsed="0.002051"/>
</iter>
<iter>
<kw name="Dictionary Should Contain Key" owner="Collections">
<msg time="2024-03-28T22:13:12.942290" level="INFO">False</msg>
<arg>${json_data['results'][0]}</arg>
<arg>${key}</arg>
<doc>Fails if ``key`` is not found from ``dictionary``.</doc>
<status status="PASS" start="2024-03-28T22:13:12.941909" elapsed="0.000419"/>
</kw>
<kw name="Log" owner="BuiltIn">
<msg time="2024-03-28T22:13:12.943005" level="INFO">{'gender': 'male', 'name': {'title': 'Mr', 'first': 'Momir', 'last': 'Simić'}, 'location': {'street': {'number': 3509, 'name': 'Stublinska'}, 'city': 'Novi Bečej', 'state': 'Nišava', 'country': 'Serbia', 'postcode': 38155, 'coordinates': {'latitude': '61.0120', 'longitude': '-7.5228'}, 'timezone': {'offset': '+1:00', 'description': 'Brussels, Copenhagen, Madrid, Paris'}}, 'email': 'momir.simic@example.com', 'login': {'uuid': '8b75d855-8027-4557-93b2-d1d2208cd855', 'username': 'sadcat878', 'password': 'calimero', 'salt': 'FdiCwxDY', 'md5': 'd161a76a1894ee135eaf460c02f0dace', 'sha1': 'a207fb444da060a785035d0fd9816d38f9ceb496', 'sha256': 'a8a2420385a487340c9e4ef994775907b4e6762bebe9b95bb9a5c8e900d47eda'}, 'dob': {'date': '1950-09-18T10:58:23.399Z', 'age': 73}, 'registered': {'date': '2019-01-10T04:11:33.523Z', 'age': 5}, 'phone': '010-5785-336', 'cell': '063-5159-985', 'id': {'name': 'SID', 'value': '899418227'}, 'picture': {'large': 'https://randomuser.me/api/portraits/men/14.jpg', 'medium': 'https://randomuser.me/api/portraits/med/men/14.jpg', 'thumbnail': 'https://randomuser.me/api/portraits/thumb/men/14.jpg'}, 'nat': 'RS'}</msg>
<arg>${json_data['results'][0]}</arg>
<doc>Logs the given message with the given level.</doc>
<status status="PASS" start="2024-03-28T22:13:12.942634" elapsed="0.000429"/>
</kw>
<kw name="Log" owner="BuiltIn">
<msg time="2024-03-28T22:13:12.943495" level="INFO">location</msg>
<arg>${key}</arg>
<doc>Logs the given message with the given level.</doc>
<status status="PASS" start="2024-03-28T22:13:12.943365" elapsed="0.000170"/>
</kw>
<var name="${key}">location</var>
<status status="PASS" start="2024-03-28T22:13:12.941796" elapsed="0.001958"/>
</iter>
<iter>
<kw name="Dictionary Should Contain Key" owner="Collections">
<msg time="2024-03-28T22:13:12.944430" level="INFO">False</msg>
<arg>${json_data['results'][0]}</arg>
<arg>${key}</arg>
<doc>Fails if ``key`` is not found from ``dictionary``.</doc>
<status status="PASS" start="2024-03-28T22:13:12.944045" elapsed="0.000455"/>
</kw>
<kw name="Log" owner="BuiltIn">
<msg time="2024-03-28T22:13:12.945200" level="INFO">{'gender': 'male', 'name': {'title': 'Mr', 'first': 'Momir', 'last': 'Simić'}, 'location': {'street': {'number': 3509, 'name': 'Stublinska'}, 'city': 'Novi Bečej', 'state': 'Nišava', 'country': 'Serbia', 'postcode': 38155, 'coordinates': {'latitude': '61.0120', 'longitude': '-7.5228'}, 'timezone': {'offset': '+1:00', 'description': 'Brussels, Copenhagen, Madrid, Paris'}}, 'email': 'momir.simic@example.com', 'login': {'uuid': '8b75d855-8027-4557-93b2-d1d2208cd855', 'username': 'sadcat878', 'password': 'calimero', 'salt': 'FdiCwxDY', 'md5': 'd161a76a1894ee135eaf460c02f0dace', 'sha1': 'a207fb444da060a785035d0fd9816d38f9ceb496', 'sha256': 'a8a2420385a487340c9e4ef994775907b4e6762bebe9b95bb9a5c8e900d47eda'}, 'dob': {'date': '1950-09-18T10:58:23.399Z', 'age': 73}, 'registered': {'date': '2019-01-10T04:11:33.523Z', 'age': 5}, 'phone': '010-5785-336', 'cell': '063-5159-985', 'id': {'name': 'SID', 'value': '899418227'}, 'picture': {'large': 'https://randomuser.me/api/portraits/men/14.jpg', 'medium': 'https://randomuser.me/api/portraits/med/men/14.jpg', 'thumbnail': 'https://randomuser.me/api/portraits/thumb/men/14.jpg'}, 'nat': 'RS'}</msg>
<arg>${json_data['results'][0]}</arg>
<doc>Logs the given message with the given level.</doc>
<status status="PASS" start="2024-03-28T22:13:12.944821" elapsed="0.000431"/>
</kw>
<kw name="Log" owner="BuiltIn">
<msg time="2024-03-28T22:13:12.945681" level="INFO">email</msg>
<arg>${key}</arg>
<doc>Logs the given message with the given level.</doc>
<status status="PASS" start="2024-03-28T22:13:12.945551" elapsed="0.000168"/>
</kw>
<var name="${key}">email</var>
<status status="PASS" start="2024-03-28T22:13:12.943934" elapsed="0.002004"/>
</iter>
<iter>
<kw name="Dictionary Should Contain Key" owner="Collections">
<msg time="2024-03-28T22:13:12.946611" level="INFO">False</msg>
<arg>${json_data['results'][0]}</arg>
<arg>${key}</arg>
<doc>Fails if ``key`` is not found from ``dictionary``.</doc>
<status status="PASS" start="2024-03-28T22:13:12.946231" elapsed="0.000419"/>
</kw>
<kw name="Log" owner="BuiltIn">
<msg time="2024-03-28T22:13:12.947316" level="INFO">{'gender': 'male', 'name': {'title': 'Mr', 'first': 'Momir', 'last': 'Simić'}, 'location': {'street': {'number': 3509, 'name': 'Stublinska'}, 'city': 'Novi Bečej', 'state': 'Nišava', 'country': 'Serbia', 'postcode': 38155, 'coordinates': {'latitude': '61.0120', 'longitude': '-7.5228'}, 'timezone': {'offset': '+1:00', 'description': 'Brussels, Copenhagen, Madrid, Paris'}}, 'email': 'momir.simic@example.com', 'login': {'uuid': '8b75d855-8027-4557-93b2-d1d2208cd855', 'username': 'sadcat878', 'password': 'calimero', 'salt': 'FdiCwxDY', 'md5': 'd161a76a1894ee135eaf460c02f0dace', 'sha1': 'a207fb444da060a785035d0fd9816d38f9ceb496', 'sha256': 'a8a2420385a487340c9e4ef994775907b4e6762bebe9b95bb9a5c8e900d47eda'}, 'dob': {'date': '1950-09-18T10:58:23.399Z', 'age': 73}, 'registered': {'date': '2019-01-10T04:11:33.523Z', 'age': 5}, 'phone': '010-5785-336', 'cell': '063-5159-985', 'id': {'name': 'SID', 'value': '899418227'}, 'picture': {'large': 'https://randomuser.me/api/portraits/men/14.jpg', 'medium': 'https://randomuser.me/api/portraits/med/men/14.jpg', 'thumbnail': 'https://randomuser.me/api/portraits/thumb/men/14.jpg'}, 'nat': 'RS'}</msg>
<arg>${json_data['results'][0]}</arg>
<doc>Logs the given message with the given level.</doc>
<status status="PASS" start="2024-03-28T22:13:12.946945" elapsed="0.000423"/>
</kw>
<kw name="Log" owner="BuiltIn">
<msg time="2024-03-28T22:13:12.947799" level="INFO">login</msg>
<arg>${key}</arg>
<doc>Logs the given message with the given level.</doc>
<status status="PASS" start="2024-03-28T22:13:12.947669" elapsed="0.000288"/>
</kw>
<var name="${key}">login</var>
<status status="PASS" start="2024-03-28T22:13:12.946113" elapsed="0.002080"/>
</iter>
<var>${key}</var>
<value>@{expected_keys}</value>
<status status="PASS" start="2024-03-28T22:13:12.937054" elapsed="0.011297"/>
</for>
<kw name="Create List" owner="BuiltIn">
<msg time="2024-03-28T22:13:12.948734" level="INFO">${expected_keysTwo} = ['username', 'password']</msg>
<var>${expected_keysTwo}</var>
<arg>username</arg>
<arg>password</arg>
<doc>Returns a list containing given items.</doc>
<status status="PASS" start="2024-03-28T22:13:12.948590" elapsed="0.000168"/>
</kw>
<for flavor="IN">
<iter>
<kw name="Dictionary Should Contain Key" owner="Collections">
<msg time="2024-03-28T22:13:12.949672" level="INFO">False</msg>
<arg>${json_data['results'][0]['login']}</arg>
<arg>${keyTwo}</arg>
<doc>Fails if ``key`` is not found from ``dictionary``.</doc>
<status status="PASS" start="2024-03-28T22:13:12.949286" elapsed="0.000424"/>
</kw>
<kw name="Dictionary Should Contain Key" owner="Collections">
<msg time="2024-03-28T22:13:12.950410" level="INFO">False</msg>
<arg>${json_data['results'][0]['login']}</arg>
<arg>${keyTwo}</arg>
<doc>Fails if ``key`` is not found from ``dictionary``.</doc>
<status status="PASS" start="2024-03-28T22:13:12.950012" elapsed="0.000437"/>
</kw>
<kw name="Log" owner="BuiltIn">
<msg time="2024-03-28T22:13:12.950875" level="INFO">username</msg>
<arg>${keyTwo}</arg>
<doc>Logs the given message with the given level.</doc>
<status status="PASS" start="2024-03-28T22:13:12.950744" elapsed="0.000170"/>
</kw>
<var name="${keyTwo}">username</var>
<status status="PASS" start="2024-03-28T22:13:12.949173" elapsed="0.001955"/>
</iter>
<iter>
<kw name="Dictionary Should Contain Key" owner="Collections">
<msg time="2024-03-28T22:13:12.951796" level="INFO">False</msg>
<arg>${json_data['results'][0]['login']}</arg>
<arg>${keyTwo}</arg>
<doc>Fails if ``key`` is not found from ``dictionary``.</doc>
<status status="PASS" start="2024-03-28T22:13:12.951414" elapsed="0.000421"/>
</kw>
<kw name="Dictionary Should Contain Key" owner="Collections">
<msg time="2024-03-28T22:13:12.952537" level="INFO">False</msg>
<arg>${json_data['results'][0]['login']}</arg>
<arg>${keyTwo}</arg>
<doc>Fails if ``key`` is not found from ``dictionary``.</doc>
<status status="PASS" start="2024-03-28T22:13:12.952135" elapsed="0.000450"/>
</kw>
<kw name="Log" owner="BuiltIn">
<msg time="2024-03-28T22:13:12.953013" level="INFO">password</msg>
<arg>${keyTwo}</arg>
<doc>Logs the given message with the given level.</doc>
<status status="PASS" start="2024-03-28T22:13:12.952882" elapsed="0.000170"/>
</kw>
<var name="${keyTwo}">password</var>
<status status="PASS" start="2024-03-28T22:13:12.951304" elapsed="0.001968"/>
</iter>
<var>${keyTwo}</var>
<value>@{expected_keysTwo}</value>
<status status="PASS" start="2024-03-28T22:13:12.949013" elapsed="0.004383"/>
</for>
<status status="PASS" start="2024-03-28T22:13:12.841053" elapsed="0.112490"/>
</kw>
<doc>Testa a estrutura da resposta da API.</doc>
<tag>testeEstruturaResposta</tag>
<status status="PASS" start="2024-03-28T22:13:12.840173" elapsed="0.113543"/>
</test>
<test id="s1-s1-t4" name="Validar tipos de dados" line="28">
<kw name="Teste de Tipos de Dados" owner="random-user-service">
<kw name="GET On Session" owner="RequestsLibrary">
<msg time="2024-03-28T22:13:13.008551" level="INFO">GET Request : url=https://randomuser.me/api 
 path_url=/api 
 headers={'User-Agent': 'python-requests/2.31.0', 'Accept-Encoding': 'gzip, deflate', 'Accept': '*/*', 'Connection': 'keep-alive'} 
 body=None 
 </msg>
<msg time="2024-03-28T22:13:13.008661" level="INFO">GET Response : url=https://randomuser.me/api 
 status=200, reason=OK 
 headers={'Date': 'Thu, 28 Mar 2024 22:13:13 GMT', 'Content-Type': 'application/json; charset=utf-8', 'Transfer-Encoding': 'chunked', 'Connection': 'keep-alive', 'X-Powered-By': 'Express', 'Access-Control-Allow-Origin': '*', 'Cache-Control': 'no-cache', 'ETag': 'W/"4af-HQ2Dp1tx+GbJRu9S4OnClZEXitE"', 'Vary': 'Accept-Encoding', 'Content-Encoding': 'gzip', 'CF-Cache-Status': 'DYNAMIC', 'Report-To': '{"endpoints":[{"url":"https:\\/\\/a.nel.cloudflare.com\\/report\\/v4?s=Swco5GWIps%2BcgYo9TXnlnIWiyCKiv3Q6NQJj2Q%2BlTF7yhhMK3PMfjpzRpW%2BYAkSS38pjgTRrFZ6SLHN7YQoL2EgdieSwb4yDvLhR3zNIOOCi77mS2NPN9j2Qnxwy04zA"}],"group":"cf-nel","max_age":604800}', 'NEL': '{"success_fraction":0,"report_to":"cf-nel","max_age":604800}', 'Server': 'cloudflare', 'CF-RAY': '86baf753fc6fe26e-ORD', 'alt-svc': 'h3=":443"; ma=86400'} 
 body={"results":[{"gender":"female","name":{"title":"Miss","first":"رها","last":"پارسا"},"location":{"street":{"number":3236,"name":"نام قدیم میدان های تهران"},"city":"خمینی‌شهر","state":"کرمانشاه","country":"Iran","postcode":42892,"coordinates":{"latitude":"14.7114","longitude":"41.8653"},"timezone":{"offset":"-7:00","description":"Mountain Time (US &amp; Canada)"}},"email":"rh.prs@example.com","login":{"uuid":"6c135d5d-545e-442b-b4af-569d5b6e9d24","username":"yellowgoose472","password":"nolimit","salt":"tx4rjUmr","md5":"bca04dd0834414e25345059d358408bb","sha1":"8e48c504cdd13f6354185a78e0e6fb8e545f6ab2","sha256":"a877dfa9ae9ebc47bf49ee43547a20c887adc504abe0bcc2e2b61f6c0ee29f36"},"dob":{"date":"1977-10-06T23:14:54.426Z","age":46},"registered":{"date":"2019-06-08T20:12:36.878Z","age":4},"phone":"074-86812524","cell":"0988-348-6635","id":{"name":"","value":null},"picture":{"large":"https://randomuser.me/api/portraits/women/33.jpg","medium":"https://randomuser.me/api/portraits/med/women/33.jpg","thumbnail":"https://randomuser.me/api/portraits/thumb/women/33.jpg"},"nat":"IR"}],"info":{"seed":"32eb42807f44156c","results":1,"page":1,"version":"1.4"}} 
 </msg>
<msg time="2024-03-28T22:13:13.008741" level="INFO">/opt/hostedtoolcache/Python/3.12.2/x64/lib/python3.12/site-packages/urllib3/connectionpool.py:1103: InsecureRequestWarning: Unverified HTTPS request is being made to host 'randomuser.me'. Adding certificate verification is strongly advised. See: https://urllib3.readthedocs.io/en/latest/advanced-usage.html#tls-warnings
  warnings.warn(</msg>
<msg time="2024-03-28T22:13:13.008876" level="INFO">${response} = &lt;Response [200]&gt;</msg>
<var>${response}</var>
<arg>consultarAPI</arg>
<arg>/api</arg>
<doc>Sends a GET request on a previously created HTTP Session.</doc>
<status status="PASS" start="2024-03-28T22:13:12.956365" elapsed="0.052557"/>
</kw>
<kw name="Set Variable" owner="BuiltIn">
<msg time="2024-03-28T22:13:13.009995" level="INFO">${json_data} = {'results': [{'gender': 'female', 'name': {'title': 'Miss', 'first': 'رها', 'last': 'پارسا'}, 'location': {'street': {'number': 3236, 'name': 'نام قدیم میدان های تهران'}, 'city': 'خمینی\u200cشهر', 'st...</msg>
<var>${json_data}</var>
<arg>${response.json()}</arg>
<doc>Returns the given values which can then be assigned to a variables.</doc>
<status status="PASS" start="2024-03-28T22:13:13.009466" elapsed="0.000562"/>
</kw>
<kw name="Log" owner="BuiltIn">
<msg time="2024-03-28T22:13:13.010522" level="INFO">{'results': [{'gender': 'female', 'name': {'title': 'Miss', 'first': 'رها', 'last': 'پارسا'}, 'location': {'street': {'number': 3236, 'name': 'نام قدیم میدان های تهران'}, 'city': 'خمینی\u200cشهر', 'state': 'کرمانشاه', 'country': 'Iran', 'postcode': 42892, 'coordinates': {'latitude': '14.7114', 'longitude': '41.8653'}, 'timezone': {'offset': '-7:00', 'description': 'Mountain Time (US &amp; Canada)'}}, 'email': 'rh.prs@example.com', 'login': {'uuid': '6c135d5d-545e-442b-b4af-569d5b6e9d24', 'username': 'yellowgoose472', 'password': 'nolimit', 'salt': 'tx4rjUmr', 'md5': 'bca04dd0834414e25345059d358408bb', 'sha1': '8e48c504cdd13f6354185a78e0e6fb8e545f6ab2', 'sha256': 'a877dfa9ae9ebc47bf49ee43547a20c887adc504abe0bcc2e2b61f6c0ee29f36'}, 'dob': {'date': '1977-10-06T23:14:54.426Z', 'age': 46}, 'registered': {'date': '2019-06-08T20:12:36.878Z', 'age': 4}, 'phone': '074-86812524', 'cell': '0988-348-6635', 'id': {'name': '', 'value': None}, 'picture': {'large': 'https://randomuser.me/api/portraits/women/33.jpg', 'medium': 'https://randomuser.me/api/portraits/med/women/33.jpg', 'thumbnail': 'https://randomuser.me/api/portraits/thumb/women/33.jpg'}, 'nat': 'IR'}], 'info': {'seed': '32eb42807f44156c', 'results': 1, 'page': 1, 'version': '1.4'}}</msg>
<arg>${json_data}</arg>
<doc>Logs the given message with the given level.</doc>
<status status="PASS" start="2024-03-28T22:13:13.010355" elapsed="0.000260"/>
</kw>
<kw name="Should Be String" owner="String">
<arg>${json_data['results'][0]['gender']}</arg>
<doc>Fails if the given ``item`` is not a string.</doc>
<status status="PASS" start="2024-03-28T22:13:13.010927" elapsed="0.000375"/>
</kw>
<kw name="Should Match Regexp" owner="BuiltIn">
<arg>${json_data['results'][0]['email']}</arg>
<arg>^[a-zA-Z0-9._%+-]+@[a-zA-Z0-9.-]+\.[a-zA-Z]{2,}$</arg>
<doc>Fails if ``string`` does not match ``pattern`` as a regular expression.</doc>
<status status="PASS" start="2024-03-28T22:13:13.011500" elapsed="0.000529"/>
</kw>
<kw name="Should Match Regexp" owner="BuiltIn">
<arg>${json_data['results'][0]['dob']['date']}</arg>
<arg>\\d{4}-\\d{2}-\\d{2}T\\d{2}:\\d{2}:\\d{2}\\.\\d{3}Z</arg>
<doc>Fails if ``string`` does not match ``pattern`` as a regular expression.</doc>
<status status="PASS" start="2024-03-28T22:13:13.012231" elapsed="0.000538"/>
</kw>
<kw name="Should Match Regexp" owner="BuiltIn">
<arg>${json_data['results'][0]['registered']['date']}</arg>
<arg>\\d{4}-\\d{2}-\\d{2}T\\d{2}:\\d{2}:\\d{2}\\.\\d{3}Z</arg>
<doc>Fails if ``string`` does not match ``pattern`` as a regular expression.</doc>
<status status="PASS" start="2024-03-28T22:13:13.012969" elapsed="0.000383"/>
</kw>
<kw name="Should Match Regexp" owner="BuiltIn">
<arg>${json_data['results'][0]['picture']['large']}</arg>
<arg>^https?://.*\.(?:png|jpe?g|gif|bmp)$</arg>
<doc>Fails if ``string`` does not match ``pattern`` as a regular expression.</doc>
<status status="PASS" start="2024-03-28T22:13:13.013545" elapsed="0.000463"/>
</kw>
<kw name="Should Match Regexp" owner="BuiltIn">
<arg>${json_data['results'][0]['picture']['medium']}</arg>
<arg>^https?://.*\.(?:png|jpe?g|gif|bmp)$</arg>
<doc>Fails if ``string`` does not match ``pattern`` as a regular expression.</doc>
<status status="PASS" start="2024-03-28T22:13:13.014204" elapsed="0.000374"/>
</kw>
<kw name="Should Match Regexp" owner="BuiltIn">
<arg>${json_data['results'][0]['picture']['thumbnail']}</arg>
<arg>^https?://.*\.(?:png|jpe?g|gif|bmp)$</arg>
<doc>Fails if ``string`` does not match ``pattern`` as a regular expression.</doc>
<status status="PASS" start="2024-03-28T22:13:13.014770" elapsed="0.000363"/>
</kw>
<kw name="Log" owner="BuiltIn">
<msg time="2024-03-28T22:13:13.015645" level="INFO">{'large': 'https://randomuser.me/api/portraits/women/33.jpg', 'medium': 'https://randomuser.me/api/portraits/med/women/33.jpg', 'thumbnail': 'https://randomuser.me/api/portraits/thumb/women/33.jpg'}</msg>
<arg>${json_data['results'][0]['picture']}</arg>
<doc>Logs the given message with the given level.</doc>
<status status="PASS" start="2024-03-28T22:13:13.015317" elapsed="0.000379"/>
</kw>
<status status="PASS" start="2024-03-28T22:13:12.956116" elapsed="0.059850"/>
</kw>
<kw name="Teste de Tipos de Dados - Postcode" owner="random-user-service">
<kw name="GET On Session" owner="RequestsLibrary">
<msg time="2024-03-28T22:13:13.112779" level="INFO">GET Request : url=https://randomuser.me/api 
 path_url=/api 
 headers={'User-Agent': 'python-requests/2.31.0', 'Accept-Encoding': 'gzip, deflate', 'Accept': '*/*', 'Connection': 'keep-alive'} 
 body=None 
 </msg>
<msg time="2024-03-28T22:13:13.112896" level="INFO">GET Response : url=https://randomuser.me/api 
 status=200, reason=OK 
 headers={'Date': 'Thu, 28 Mar 2024 22:13:13 GMT', 'Content-Type': 'application/json; charset=utf-8', 'Transfer-Encoding': 'chunked', 'Connection': 'keep-alive', 'X-Powered-By': 'Express', 'Access-Control-Allow-Origin': '*', 'Cache-Control': 'no-cache', 'ETag': 'W/"492-2EcDOBRDXJIL3VHphRO1F3HyW0U"', 'Vary': 'Accept-Encoding', 'Content-Encoding': 'gzip', 'CF-Cache-Status': 'DYNAMIC', 'Report-To': '{"endpoints":[{"url":"https:\\/\\/a.nel.cloudflare.com\\/report\\/v4?s=G5t4G2wN5LbaEpJ8IME4VEQLFBQtZqFZ%2Fj0QADgTQ31UnRBTpqnIcalCQbe%2BtaKm7j9En%2F3uT3ULnedmcx2G0czdW6RXW0VopHrpuGEkig%2FSdKCmbw4V3M0M%2BWwDnSLx"}],"group":"cf-nel","max_age":604800}', 'NEL': '{"success_fraction":0,"report_to":"cf-nel","max_age":604800}', 'Server': 'cloudflare', 'CF-RAY': '86baf7545cf1e26e-ORD', 'alt-svc': 'h3=":443"; ma=86400'} 
 body={"results":[{"gender":"male","name":{"title":"Mr","first":"Slobodan","last":"Ćirić"},"location":{"street":{"number":264,"name":"Vragovačka"},"city":"Svrljig","state":"Zaječar","country":"Serbia","postcode":18941,"coordinates":{"latitude":"59.2597","longitude":"-95.8523"},"timezone":{"offset":"+11:00","description":"Magadan, Solomon Islands, New Caledonia"}},"email":"slobodan.ciric@example.com","login":{"uuid":"b1f0fdf1-3e24-47ca-92c1-12a3479aa6bd","username":"silverbutterfly157","password":"buddie","salt":"m4lrDVOI","md5":"bbb3490bb1ed596eb2edfab3face5326","sha1":"9d3d818feb17b5a72f21a172fa8d972f3acc3b5f","sha256":"b0a658a19aa5db3fa7d28e688732e2103db6c39fd5e440b1087908dd84f6ff4a"},"dob":{"date":"1955-02-11T19:09:15.817Z","age":69},"registered":{"date":"2014-12-24T08:10:14.000Z","age":9},"phone":"014-5664-682","cell":"064-3448-373","id":{"name":"SID","value":"693361603"},"picture":{"large":"https://randomuser.me/api/portraits/men/21.jpg","medium":"https://randomuser.me/api/portraits/med/men/21.jpg","thumbnail":"https://randomuser.me/api/portraits/thumb/men/21.jpg"},"nat":"RS"}],"info":{"seed":"889aafae56d71ac7","results":1,"page":1,"version":"1.4"}} 
 </msg>
<msg time="2024-03-28T22:13:13.112988" level="INFO">/opt/hostedtoolcache/Python/3.12.2/x64/lib/python3.12/site-packages/urllib3/connectionpool.py:1103: InsecureRequestWarning: Unverified HTTPS request is being made to host 'randomuser.me'. Adding certificate verification is strongly advised. See: https://urllib3.readthedocs.io/en/latest/advanced-usage.html#tls-warnings
  warnings.warn(</msg>
<msg time="2024-03-28T22:13:13.113132" level="INFO">${response} = &lt;Response [200]&gt;</msg>
<var>${response}</var>
<arg>consultarAPI</arg>
<arg>/api</arg>
<doc>Sends a GET request on a previously created HTTP Session.</doc>
<status status="PASS" start="2024-03-28T22:13:13.016637" elapsed="0.096541"/>
</kw>
<kw name="Set Variable" owner="BuiltIn">
<msg time="2024-03-28T22:13:13.114290" level="INFO">${json_data} = {'results': [{'gender': 'male', 'name': {'title': 'Mr', 'first': 'Slobodan', 'last': 'Ćirić'}, 'location': {'street': {'number': 264, 'name': 'Vragovačka'}, 'city': 'Svrljig', 'state': 'Zaječar', 'cou...</msg>
<var>${json_data}</var>
<arg>${response.json()}</arg>
<doc>Returns the given values which can then be assigned to a variables.</doc>
<status status="PASS" start="2024-03-28T22:13:13.113753" elapsed="0.000568"/>
</kw>
<kw name="Log" owner="BuiltIn">
<msg time="2024-03-28T22:13:13.114812" level="INFO">{'results': [{'gender': 'male', 'name': {'title': 'Mr', 'first': 'Slobodan', 'last': 'Ćirić'}, 'location': {'street': {'number': 264, 'name': 'Vragovačka'}, 'city': 'Svrljig', 'state': 'Zaječar', 'country': 'Serbia', 'postcode': 18941, 'coordinates': {'latitude': '59.2597', 'longitude': '-95.8523'}, 'timezone': {'offset': '+11:00', 'description': 'Magadan, Solomon Islands, New Caledonia'}}, 'email': 'slobodan.ciric@example.com', 'login': {'uuid': 'b1f0fdf1-3e24-47ca-92c1-12a3479aa6bd', 'username': 'silverbutterfly157', 'password': 'buddie', 'salt': 'm4lrDVOI', 'md5': 'bbb3490bb1ed596eb2edfab3face5326', 'sha1': '9d3d818feb17b5a72f21a172fa8d972f3acc3b5f', 'sha256': 'b0a658a19aa5db3fa7d28e688732e2103db6c39fd5e440b1087908dd84f6ff4a'}, 'dob': {'date': '1955-02-11T19:09:15.817Z', 'age': 69}, 'registered': {'date': '2014-12-24T08:10:14.000Z', 'age': 9}, 'phone': '014-5664-682', 'cell': '064-3448-373', 'id': {'name': 'SID', 'value': '693361603'}, 'picture': {'large': 'https://randomuser.me/api/portraits/men/21.jpg', 'medium': 'https://randomuser.me/api/portraits/med/men/21.jpg', 'thumbnail': 'https://randomuser.me/api/portraits/thumb/men/21.jpg'}, 'nat': 'RS'}], 'info': {'seed': '889aafae56d71ac7', 'results': 1, 'page': 1, 'version': '1.4'}}</msg>
<arg>${json_data}</arg>
<doc>Logs the given message with the given level.</doc>
<status status="PASS" start="2024-03-28T22:13:13.114643" elapsed="0.000260"/>
</kw>
<kw name="Should Be Equal As Numbers" owner="BuiltIn">
<arg>${json_data['results'][0]['location']['postcode']}</arg>
<arg>${json_data['results'][0]['location']['postcode']}</arg>
<doc>Fails if objects are unequal after converting them to real numbers.</doc>
<status status="PASS" start="2024-03-28T22:13:13.115214" elapsed="0.000635"/>
</kw>
<kw name="Log" owner="BuiltIn">
<msg time="2024-03-28T22:13:13.116397" level="INFO">18941</msg>
<arg>${json_data['results'][0]['location']['postcode']}</arg>
<doc>Logs the given message with the given level.</doc>
<status status="PASS" start="2024-03-28T22:13:13.116052" elapsed="0.000388"/>
</kw>
<status status="PASS" start="2024-03-28T22:13:13.016208" elapsed="0.100539"/>
</kw>
<doc>Testa se os tipos de dados na resposta da API estão corretos.</doc>
<tag>testeTiposDados</tag>
<status status="PASS" start="2024-03-28T22:13:12.955508" elapsed="0.161421"/>
</test>
<test id="s1-s1-t5" name="Validar conteudo" line="35">
<kw name="Teste de Tipos de Conteudo" owner="random-user-service">
<kw name="GET On Session" owner="RequestsLibrary">
<msg time="2024-03-28T22:13:13.201014" level="INFO">GET Request : url=https://randomuser.me/api 
 path_url=/api 
 headers={'User-Agent': 'python-requests/2.31.0', 'Accept-Encoding': 'gzip, deflate', 'Accept': '*/*', 'Connection': 'keep-alive'} 
 body=None 
 </msg>
<msg time="2024-03-28T22:13:13.201135" level="INFO">GET Response : url=https://randomuser.me/api 
 status=200, reason=OK 
 headers={'Date': 'Thu, 28 Mar 2024 22:13:13 GMT', 'Content-Type': 'application/json; charset=utf-8', 'Transfer-Encoding': 'chunked', 'Connection': 'keep-alive', 'X-Powered-By': 'Express', 'Access-Control-Allow-Origin': '*', 'Cache-Control': 'no-cache', 'ETag': 'W/"484-joRD3WIOVY5UZO0wu+50TSMnd4o"', 'Vary': 'Accept-Encoding', 'Content-Encoding': 'gzip', 'CF-Cache-Status': 'DYNAMIC', 'Report-To': '{"endpoints":[{"url":"https:\\/\\/a.nel.cloudflare.com\\/report\\/v4?s=HAZbHvE4Q72WDSworUOzLAG25iXoSUFoaOUAgPKvmeLwvqEi7ekXhV3IhrWpfBzWCRRG9HAUSRqzWmDZ1XS%2FJutxTWF7uaGdg%2BermcsbX6p1Uwe8jSCqYDxX%2F1PC%2BtU6"}],"group":"cf-nel","max_age":604800}', 'NEL': '{"success_fraction":0,"report_to":"cf-nel","max_age":604800}', 'Server': 'cloudflare', 'CF-RAY': '86baf7550df9e26e-ORD', 'alt-svc': 'h3=":443"; ma=86400'} 
 body={"results":[{"gender":"male","name":{"title":"Mr","first":"Vlade","last":"Dokić"},"location":{"street":{"number":8475,"name":"Ante Abramović"},"city":"Alibunar","state":"Podunavlje","country":"Serbia","postcode":38548,"coordinates":{"latitude":"57.5185","longitude":"-43.5072"},"timezone":{"offset":"+5:30","description":"Bombay, Calcutta, Madras, New Delhi"}},"email":"vlade.dokic@example.com","login":{"uuid":"e2bd0095-63af-44ca-8e21-8ef6e74c7863","username":"bigbird594","password":"trek","salt":"xlO8rXPr","md5":"e5abda7b7c325f682d982a447cf5d161","sha1":"c5469cadf3403bf4b9a1560e962e81787b63ca20","sha256":"af9e8ff27e04acfdea41abf111f3eed12e68d884141962f5590787e3d1162325"},"dob":{"date":"1996-08-14T08:49:55.634Z","age":27},"registered":{"date":"2021-05-02T19:13:40.255Z","age":2},"phone":"034-2745-413","cell":"062-7509-283","id":{"name":"SID","value":"129180607"},"picture":{"large":"https://randomuser.me/api/portraits/men/41.jpg","medium":"https://randomuser.me/api/portraits/med/men/41.jpg","thumbnail":"https://randomuser.me/api/portraits/thumb/men/41.jpg"},"nat":"RS"}],"info":{"seed":"df41eec362bb2513","results":1,"page":1,"version":"1.4"}} 
 </msg>
<msg time="2024-03-28T22:13:13.201222" level="INFO">/opt/hostedtoolcache/Python/3.12.2/x64/lib/python3.12/site-packages/urllib3/connectionpool.py:1103: InsecureRequestWarning: Unverified HTTPS request is being made to host 'randomuser.me'. Adding certificate verification is strongly advised. See: https://urllib3.readthedocs.io/en/latest/advanced-usage.html#tls-warnings
  warnings.warn(</msg>
<msg time="2024-03-28T22:13:13.201369" level="INFO">${response} = &lt;Response [200]&gt;</msg>
<var>${response}</var>
<arg>consultarAPI</arg>
<arg>/api</arg>
<doc>Sends a GET request on a previously created HTTP Session.</doc>
<status status="PASS" start="2024-03-28T22:13:13.120316" elapsed="0.081104"/>
</kw>
<kw name="Set Variable" owner="BuiltIn">
<msg time="2024-03-28T22:13:13.202589" level="INFO">${json_data} = {'results': [{'gender': 'male', 'name': {'title': 'Mr', 'first': 'Vlade', 'last': 'Dokić'}, 'location': {'street': {'number': 8475, 'name': 'Ante Abramović'}, 'city': 'Alibunar', 'state': 'Podunavlje'...</msg>
<var>${json_data}</var>
<arg>${response.json()}</arg>
<doc>Returns the given values which can then be assigned to a variables.</doc>
<status status="PASS" start="2024-03-28T22:13:13.202026" elapsed="0.000595"/>
</kw>
<kw name="Set Variable" owner="BuiltIn">
<msg time="2024-03-28T22:13:13.203335" level="INFO">${name_title} = Mr</msg>
<var>${name_title}</var>
<arg>${json_data["results"][0]["name"]["title"]}</arg>
<doc>Returns the given values which can then be assigned to a variables.</doc>
<status status="PASS" start="2024-03-28T22:13:13.202942" elapsed="0.000420"/>
</kw>
<kw name="Create List" owner="BuiltIn">
<msg time="2024-03-28T22:13:13.203828" level="INFO">${allowed_titles} = ['Mr', 'Ms', 'Miss', 'Mrs', 'Madame', 'Monsieur']</msg>
<var>${allowed_titles}</var>
<arg>Mr</arg>
<arg>Ms</arg>
<arg>Miss</arg>
<arg>Mrs</arg>
<arg>Madame</arg>
<arg>Monsieur</arg>
<doc>Returns a list containing given items.</doc>
<status status="PASS" start="2024-03-28T22:13:13.203673" elapsed="0.000181"/>
</kw>
<kw name="List Should Contain Value" owner="Collections">
<msg time="2024-03-28T22:13:13.204353" level="INFO">False</msg>
<arg>${allowed_titles}</arg>
<arg>${name_title}</arg>
<doc>Fails if the ``value`` is not found from ``list``.</doc>
<status status="PASS" start="2024-03-28T22:13:13.204171" elapsed="0.000220"/>
</kw>
<kw name="Set Variable" owner="BuiltIn">
<msg time="2024-03-28T22:13:13.205136" level="INFO">${name_country} = RS</msg>
<var>${name_country}</var>
<arg>${json_data["results"][0]["nat"]}</arg>
<doc>Returns the given values which can then be assigned to a variables.</doc>
<status status="PASS" start="2024-03-28T22:13:13.204731" elapsed="0.000431"/>
</kw>
<kw name="Create List" owner="BuiltIn">
<msg time="2024-03-28T22:13:13.206099" level="INFO">${list_country} = ['AD', 'AE', 'AF', 'AG', 'AI', 'AL', 'AM', 'AO', 'AQ', 'AR', 'AS', 'AT', 'AU', 'AW', 'AX', 'AZ', 'BA', 'BB', 'BD', 'BE', 'BF', 'BG', 'BH', 'BI', 'BJ', 'BL', 'BM', 'BN', 'BO', 'BQ', 'BR', 'BS', 'BT', '...</msg>
<var>${list_country}</var>
<arg>AD</arg>
<arg>AE</arg>
<arg>AF</arg>
<arg>AG</arg>
<arg>AI</arg>
<arg>AL</arg>
<arg>AM</arg>
<arg>AO</arg>
<arg>AQ</arg>
<arg>AR</arg>
<arg>AS</arg>
<arg>AT</arg>
<arg>AU</arg>
<arg>AW</arg>
<arg>AX</arg>
<arg>AZ</arg>
<arg>BA</arg>
<arg>BB</arg>
<arg>BD</arg>
<arg>BE</arg>
<arg>BF</arg>
<arg>BG</arg>
<arg>BH</arg>
<arg>BI</arg>
<arg>BJ</arg>
<arg>BL</arg>
<arg>BM</arg>
<arg>BN</arg>
<arg>BO</arg>
<arg>BQ</arg>
<arg>BR</arg>
<arg>BS</arg>
<arg>BT</arg>
<arg>BV</arg>
<arg>BW</arg>
<arg>BY</arg>
<arg>BZ</arg>
<arg>CA</arg>
<arg>CC</arg>
<arg>CD</arg>
<arg>CF</arg>
<arg>CG</arg>
<arg>CH</arg>
<arg>CI</arg>
<arg>CK</arg>
<arg>CL</arg>
<arg>CM</arg>
<arg>CN</arg>
<arg>CO</arg>
<arg>CR</arg>
<arg>CU</arg>
<arg>CV</arg>
<arg>CW</arg>
<arg>CX</arg>
<arg>CY</arg>
<arg>CZ</arg>
<arg>DE</arg>
<arg>DJ</arg>
<arg>DK</arg>
<arg>DM</arg>
<arg>DO</arg>
<arg>DZ</arg>
<arg>EC</arg>
<arg>EE</arg>
<arg>EG</arg>
<arg>EH</arg>
<arg>ER</arg>
<arg>ES</arg>
<arg>ET</arg>
<arg>FI</arg>
<arg>FJ</arg>
<arg>FK</arg>
<arg>FM</arg>
<arg>FO</arg>
<arg>FR</arg>
<arg>GA</arg>
<arg>GB</arg>
<arg>GD</arg>
<arg>GE</arg>
<arg>GF</arg>
<arg>GG</arg>
<arg>GH</arg>
<arg>GI</arg>
<arg>GL</arg>
<arg>GM</arg>
<arg>GN</arg>
<arg>GP</arg>
<arg>GQ</arg>
<arg>GR</arg>
<arg>GS</arg>
<arg>GT</arg>
<arg>GU</arg>
<arg>GW</arg>
<arg>GY</arg>
<arg>HK</arg>
<arg>HM</arg>
<arg>HN</arg>
<arg>HR</arg>
<arg>HT</arg>
<arg>HU</arg>
<arg>ID</arg>
<arg>IE</arg>
<arg>IL</arg>
<arg>IM</arg>
<arg>IN</arg>
<arg>IO</arg>
<arg>IQ</arg>
<arg>IR</arg>
<arg>IS</arg>
<arg>IT</arg>
<arg>JE</arg>
<arg>JM</arg>
<arg>JO</arg>
<arg>JP</arg>
<arg>KE</arg>
<arg>KG</arg>
<arg>KH</arg>
<arg>KI</arg>
<arg>KM</arg>
<arg>KN</arg>
<arg>KP</arg>
<arg>KR</arg>
<arg>KW</arg>
<arg>KY</arg>
<arg>KZ</arg>
<arg>LA</arg>
<arg>LB</arg>
<arg>LC</arg>
<arg>LI</arg>
<arg>LK</arg>
<arg>LR</arg>
<arg>LS</arg>
<arg>LT</arg>
<arg>LU</arg>
<arg>LV</arg>
<arg>LY</arg>
<arg>MA</arg>
<arg>MC</arg>
<arg>MD</arg>
<arg>ME</arg>
<arg>MF</arg>
<arg>MG</arg>
<arg>MH</arg>
<arg>MK</arg>
<arg>ML</arg>
<arg>MM</arg>
<arg>MN</arg>
<arg>MO</arg>
<arg>MP</arg>
<arg>MQ</arg>
<arg>MR</arg>
<arg>MS</arg>
<arg>MT</arg>
<arg>MU</arg>
<arg>MV</arg>
<arg>MW</arg>
<arg>MX</arg>
<arg>MY</arg>
<arg>MZ</arg>
<arg>NA</arg>
<arg>NC</arg>
<arg>NE</arg>
<arg>NF</arg>
<arg>NG</arg>
<arg>NI</arg>
<arg>NL</arg>
<arg>NO</arg>
<arg>NP</arg>
<arg>NR</arg>
<arg>NU</arg>
<arg>NZ</arg>
<arg>OM</arg>
<arg>PA</arg>
<arg>PE</arg>
<arg>PF</arg>
<arg>PG</arg>
<arg>PH</arg>
<arg>PK</arg>
<arg>PL</arg>
<arg>PM</arg>
<arg>PN</arg>
<arg>PR</arg>
<arg>PS</arg>
<arg>PT</arg>
<arg>PW</arg>
<arg>PY</arg>
<arg>QA</arg>
<arg>RE</arg>
<arg>RO</arg>
<arg>RS</arg>
<arg>RU</arg>
<arg>RW</arg>
<arg>SA</arg>
<arg>SB</arg>
<arg>SC</arg>
<arg>SD</arg>
<arg>SE</arg>
<arg>SG</arg>
<arg>SH</arg>
<arg>SI</arg>
<arg>SJ</arg>
<arg>SK</arg>
<arg>SL</arg>
<arg>SM</arg>
<arg>SN</arg>
<arg>SO</arg>
<arg>SR</arg>
<arg>SS</arg>
<arg>ST</arg>
<arg>SV</arg>
<arg>SX</arg>
<arg>SY</arg>
<arg>SZ</arg>
<arg>TC</arg>
<arg>TD</arg>
<arg>TF</arg>
<arg>TG</arg>
<arg>TH</arg>
<arg>TJ</arg>
<arg>TK</arg>
<arg>TL</arg>
<arg>TM</arg>
<arg>TN</arg>
<arg>TO</arg>
<arg>TR</arg>
<arg>TT</arg>
<arg>TV</arg>
<arg>TW</arg>
<arg>TZ</arg>
<arg>UA</arg>
<arg>UG</arg>
<arg>UM</arg>
<arg>US</arg>
<arg>UY</arg>
<arg>UZ</arg>
<arg>VA</arg>
<arg>VC</arg>
<arg>VE</arg>
<arg>VG</arg>
<arg>VI</arg>
<arg>VN</arg>
<arg>VU</arg>
<arg>WF</arg>
<arg>WS</arg>
<arg>XK</arg>
<arg>YE</arg>
<arg>YT</arg>
<arg>ZA</arg>
<arg>ZM</arg>
<arg>ZW</arg>
<doc>Returns a list containing given items.</doc>
<status status="PASS" start="2024-03-28T22:13:13.205485" elapsed="0.000640"/>
</kw>
<kw name="List Should Contain Value" owner="Collections">
<msg time="2024-03-28T22:13:13.207288" level="INFO">False</msg>
<arg>${list_country}</arg>
<arg>${name_country}</arg>
<doc>Fails if the ``value`` is not found from ``list``.</doc>
<status status="PASS" start="2024-03-28T22:13:13.207079" elapsed="0.000248"/>
</kw>
<kw name="Run Keyword If" owner="BuiltIn">
<kw name="Should Be True" owner="BuiltIn">
<arg>${True}</arg>
<doc>Fails if the given condition is not true.</doc>
<status status="PASS" start="2024-03-28T22:13:13.208422" elapsed="0.000173"/>
</kw>
<arg>${json_data["results"][0]["location"]["coordinates"]["latitude"]} &gt;= -90 and ${json_data["results"][0]["location"]["coordinates"]["latitude"]} &lt;= 90</arg>
<arg>Should Be True</arg>
<arg>${True}</arg>
<doc>Runs the given keyword with the given arguments, if ``condition`` is true.</doc>
<status status="PASS" start="2024-03-28T22:13:13.207648" elapsed="0.001079"/>
</kw>
<kw name="Run Keyword If" owner="BuiltIn">
<kw name="Should Be True" owner="BuiltIn">
<arg>${True}</arg>
<doc>Fails if the given condition is not true.</doc>
<status status="PASS" start="2024-03-28T22:13:13.209635" elapsed="0.000156"/>
</kw>
<arg>${json_data["results"][0]["location"]["coordinates"]["longitude"]} &gt;= -180 and ${json_data["results"][0]["location"]["coordinates"]["longitude"]} &lt;= 180</arg>
<arg>Should Be True</arg>
<arg>${True}</arg>
<doc>Runs the given keyword with the given arguments, if ``condition`` is true.</doc>
<status status="PASS" start="2024-03-28T22:13:13.208918" elapsed="0.001004"/>
</kw>
<status status="PASS" start="2024-03-28T22:13:13.119924" elapsed="0.090144"/>
</kw>
<doc>Testa o conteúdo específico dos campos retornados pela API.</doc>
<tag>testeConteudo</tag>
<status status="PASS" start="2024-03-28T22:13:13.119154" elapsed="0.091083"/>
</test>
<status status="PASS" start="2024-03-28T22:13:12.125408" elapsed="1.086834"/>
</suite>
<status status="PASS" start="2024-03-28T22:13:12.110634" elapsed="1.107117"/>
</suite>
<statistics>
<total>
<stat pass="5" fail="0" skip="0">All Tests</stat>
</total>
<tag>
<stat pass="1" fail="0" skip="0">testeConteudo</stat>
<stat pass="1" fail="0" skip="0">testeEstruturaResposta</stat>
<stat pass="1" fail="0" skip="0">testeRequisicaoBasica</stat>
<stat pass="1" fail="0" skip="0">testeTiposDados</stat>
</tag>
<suite>
<stat pass="5" fail="0" skip="0" id="s1" name="Tests">Tests</stat>
<stat pass="5" fail="0" skip="0" id="s1-s1" name="Random-User-Test">Tests.Random-User-Test</stat>
</suite>
</statistics>
<errors>
</errors>
</robot>
