<?xml version="1.0" encoding="UTF-8"?>
<robot generator="Robot 7.0 (Python 3.12.3 on linux)" generated="2024-04-25T05:13:30.250329" rpa="false" schemaversion="5">
<suite id="s1" name="Tests" source="/home/runner/work/DesafioQAItauRogerioJordao/DesafioQAItauRogerioJordao/RamdonUser/tests">
<suite id="s1-s1" name="Random-User-Test" source="/home/runner/work/DesafioQAItauRogerioJordao/DesafioQAItauRogerioJordao/RamdonUser/tests/random-user-test.robot">
<test id="s1-s1-t1" name="Conectar" line="13">
<kw name="Conectar API" owner="random-user-service">
<kw name="Create Session" owner="RequestsLibrary">
<msg time="2024-04-25T05:13:30.607841" level="INFO">Creating Session using : alias=consultarAPI, url=https://randomuser.me/, headers={},                     cookies={}, auth=None, timeout=None, proxies=None, verify=False,                     debug=0 </msg>
<arg>consultarAPI</arg>
<arg>${URL}</arg>
<doc>Create Session: create a HTTP session to a server</doc>
<status status="PASS" start="2024-04-25T05:13:30.607639" elapsed="0.000394"/>
</kw>
<status status="PASS" start="2024-04-25T05:13:30.606658" elapsed="0.001742"/>
</kw>
<status status="PASS" start="2024-04-25T05:13:30.606080" elapsed="0.002515"/>
</test>
<test id="s1-s1-t2" name="Validar retorno 200 e JSON Válido" line="16">
<kw name="Teste de Requisicao Basica" owner="random-user-service">
<kw name="GET On Session" owner="RequestsLibrary">
<msg time="2024-04-25T05:13:31.040369" level="INFO">GET Request : url=https://randomuser.me/api 
 path_url=/api 
 headers={'User-Agent': 'python-requests/2.31.0', 'Accept-Encoding': 'gzip, deflate', 'Accept': '*/*', 'Connection': 'keep-alive'} 
 body=None 
 </msg>
<msg time="2024-04-25T05:13:31.040547" level="INFO">GET Response : url=https://randomuser.me/api 
 status=200, reason=OK 
 headers={'Date': 'Thu, 25 Apr 2024 05:13:31 GMT', 'Content-Type': 'application/json; charset=utf-8', 'Transfer-Encoding': 'chunked', 'Connection': 'keep-alive', 'X-Powered-By': 'Express', 'Access-Control-Allow-Origin': '*', 'Cache-Control': 'no-cache', 'ETag': 'W/"490-YIy/RgM3iLIaQIdiXeQfEftxo54"', 'Vary': 'Accept-Encoding', 'Content-Encoding': 'gzip', 'CF-Cache-Status': 'DYNAMIC', 'Report-To': '{"endpoints":[{"url":"https:\\/\\/a.nel.cloudflare.com\\/report\\/v4?s=4B9I2DjmuYFVB95ClSHI77ajkFupPaEjtDlld9339N1DjNKkYHk11e75PoeNiEwjivfVOII9%2BVFVI7UGq0Co7pAa6Tk5EPYZox%2BRni%2BHD2m9d0zuEPA49pAgP1yuSvtR"}],"group":"cf-nel","max_age":604800}', 'NEL': '{"success_fraction":0,"report_to":"cf-nel","max_age":604800}', 'Server': 'cloudflare', 'CF-RAY': '879bd81f6f142702-SJC', 'alt-svc': 'h3=":443"; ma=86400'} 
 body={"results":[{"gender":"female","name":{"title":"Ms","first":"Jenny","last":"Førland"},"location":{"street":{"number":51,"name":"Manglerudveien"},"city":"Oppeid","state":"Akershus","country":"Norway","postcode":"7316","coordinates":{"latitude":"44.2066","longitude":"117.7066"},"timezone":{"offset":"+11:00","description":"Magadan, Solomon Islands, New Caledonia"}},"email":"jenny.forland@example.com","login":{"uuid":"73df0890-5360-48b7-b74f-a752f194e617","username":"yellowmouse533","password":"crimson","salt":"oycFRCED","md5":"f0c8199fd4f8b40cef5db17dd5f42521","sha1":"e265039f81742cffa37da8f61a2d5edf31cbc039","sha256":"ba9a23f66fcd5380fdcf2f2c5ee59eb0699702aae37962ed6cf734105fcb9d31"},"dob":{"date":"1964-07-03T03:28:12.721Z","age":59},"registered":{"date":"2005-04-29T16:04:52.819Z","age":18},"phone":"25294040","cell":"43244487","id":{"name":"FN","value":"03076415616"},"picture":{"large":"https://randomuser.me/api/portraits/women/92.jpg","medium":"https://randomuser.me/api/portraits/med/women/92.jpg","thumbnail":"https://randomuser.me/api/portraits/thumb/women/92.jpg"},"nat":"NO"}],"info":{"seed":"b32565261252ad0a","results":1,"page":1,"version":"1.4"}} 
 </msg>
<msg time="2024-04-25T05:13:31.040651" level="INFO">/opt/hostedtoolcache/Python/3.12.3/x64/lib/python3.12/site-packages/urllib3/connectionpool.py:1103: InsecureRequestWarning: Unverified HTTPS request is being made to host 'randomuser.me'. Adding certificate verification is strongly advised. See: https://urllib3.readthedocs.io/en/latest/advanced-usage.html#tls-warnings
  warnings.warn(</msg>
<msg time="2024-04-25T05:13:31.040822" level="INFO">${response} = &lt;Response [200]&gt;</msg>
<var>${response}</var>
<arg>consultarAPI</arg>
<arg>/api</arg>
<doc>Sends a GET request on a previously created HTTP Session.</doc>
<status status="PASS" start="2024-04-25T05:13:30.611244" elapsed="0.429629"/>
</kw>
<kw name="Should Be Equal As Numbers" owner="BuiltIn">
<msg time="2024-04-25T05:13:31.042002" level="INFO">Argument types are:
&lt;class 'int'&gt;
&lt;class 'str'&gt;</msg>
<arg>${response.status_code}</arg>
<arg>200</arg>
<doc>Fails if objects are unequal after converting them to real numbers.</doc>
<status status="PASS" start="2024-04-25T05:13:31.041480" elapsed="0.000590"/>
</kw>
<kw name="Log" owner="BuiltIn">
<msg time="2024-04-25T05:13:31.042777" level="INFO">200</msg>
<arg>${response.status_code}</arg>
<doc>Logs the given message with the given level.</doc>
<status status="PASS" start="2024-04-25T05:13:31.042417" elapsed="0.000404"/>
</kw>
<kw name="Set Variable" owner="BuiltIn">
<msg time="2024-04-25T05:13:31.043585" level="INFO">${json_data} = {'results': [{'gender': 'female', 'name': {'title': 'Ms', 'first': 'Jenny', 'last': 'Førland'}, 'location': {'street': {'number': 51, 'name': 'Manglerudveien'}, 'city': 'Oppeid', 'state': 'Akershus', ...</msg>
<var>${json_data}</var>
<arg>${response.json()}</arg>
<doc>Returns the given values which can then be assigned to a variables.</doc>
<status status="PASS" start="2024-04-25T05:13:31.043128" elapsed="0.000487"/>
</kw>
<kw name="Dictionary Should Contain Key" owner="Collections">
<msg time="2024-04-25T05:13:31.044086" level="INFO">False</msg>
<arg>${json_data}</arg>
<arg>results</arg>
<doc>Fails if ``key`` is not found from ``dictionary``.</doc>
<status status="PASS" start="2024-04-25T05:13:31.043918" elapsed="0.000207"/>
</kw>
<status status="PASS" start="2024-04-25T05:13:30.611001" elapsed="0.433392"/>
</kw>
<doc>Testa se a API responde corretamente e retorna um objeto JSON válido.</doc>
<tag>testeRequisicaoBasica</tag>
<status status="PASS" start="2024-04-25T05:13:30.610538" elapsed="0.434054"/>
</test>
<test id="s1-s1-t3" name="Validar estrutura de resposta" line="22">
<kw name="Teste de Estrutura de Resposta" owner="random-user-service">
<kw name="GET On Session" owner="RequestsLibrary">
<msg time="2024-04-25T05:13:31.210868" level="INFO">GET Request : url=https://randomuser.me/api 
 path_url=/api 
 headers={'User-Agent': 'python-requests/2.31.0', 'Accept-Encoding': 'gzip, deflate', 'Accept': '*/*', 'Connection': 'keep-alive'} 
 body=None 
 </msg>
<msg time="2024-04-25T05:13:31.210984" level="INFO">GET Response : url=https://randomuser.me/api 
 status=200, reason=OK 
 headers={'Date': 'Thu, 25 Apr 2024 05:13:31 GMT', 'Content-Type': 'application/json; charset=utf-8', 'Transfer-Encoding': 'chunked', 'Connection': 'keep-alive', 'X-Powered-By': 'Express', 'Access-Control-Allow-Origin': '*', 'Cache-Control': 'no-cache', 'ETag': 'W/"4aa-JVBEtooVFUyoct67Vhr+U5dwd6M"', 'Vary': 'Accept-Encoding', 'Content-Encoding': 'gzip', 'CF-Cache-Status': 'DYNAMIC', 'Report-To': '{"endpoints":[{"url":"https:\\/\\/a.nel.cloudflare.com\\/report\\/v4?s=ZvCvbnyC%2F1RO4bf3CwH29leEjiYTe6RMR1hHbM2rqk3TMAJOvDyGF759bc25DHbNA7bEpqpAxZA2CvpaLsg81kXXjInFsaRts5qkqzyUS6481%2BpK%2FyO%2BZIW2lA2H%2BBOQ"}],"group":"cf-nel","max_age":604800}', 'NEL': '{"success_fraction":0,"report_to":"cf-nel","max_age":604800}', 'Server': 'cloudflare', 'CF-RAY': '879bd82118dc2702-SJC', 'alt-svc': 'h3=":443"; ma=86400'} 
 body={"results":[{"gender":"female","name":{"title":"Mrs","first":"Lucie","last":"Lemaire"},"location":{"street":{"number":8870,"name":"Place de L'Église"},"city":"Paris","state":"Haute-Saône","country":"France","postcode":12951,"coordinates":{"latitude":"-19.0917","longitude":"39.6730"},"timezone":{"offset":"-6:00","description":"Central Time (US &amp; Canada), Mexico City"}},"email":"lucie.lemaire@example.com","login":{"uuid":"a883e3a6-0d9e-47a1-ace0-9d068b600d2a","username":"angrylion844","password":"transfer","salt":"1J6DOe5X","md5":"f638f3cf6a5e0d975cea1f8e9fc968b2","sha1":"611e2bd868f892cf85509f7d7842426adf4c8e06","sha256":"6b41ede655c09af0ca20ba789d156eb8b32f633ea4dc3f6ceabcc6114c083574"},"dob":{"date":"1945-12-14T08:09:01.694Z","age":78},"registered":{"date":"2010-06-12T10:23:25.082Z","age":13},"phone":"04-40-08-16-98","cell":"06-63-32-23-23","id":{"name":"INSEE","value":"2451118079969 60"},"picture":{"large":"https://randomuser.me/api/portraits/women/49.jpg","medium":"https://randomuser.me/api/portraits/med/women/49.jpg","thumbnail":"https://randomuser.me/api/portraits/thumb/women/49.jpg"},"nat":"FR"}],"info":{"seed":"1132a41a633180a0","results":1,"page":1,"version":"1.4"}} 
 </msg>
<msg time="2024-04-25T05:13:31.211114" level="INFO">/opt/hostedtoolcache/Python/3.12.3/x64/lib/python3.12/site-packages/urllib3/connectionpool.py:1103: InsecureRequestWarning: Unverified HTTPS request is being made to host 'randomuser.me'. Adding certificate verification is strongly advised. See: https://urllib3.readthedocs.io/en/latest/advanced-usage.html#tls-warnings
  warnings.warn(</msg>
<msg time="2024-04-25T05:13:31.211244" level="INFO">${response} = &lt;Response [200]&gt;</msg>
<var>${response}</var>
<arg>consultarAPI</arg>
<arg>/api</arg>
<doc>Sends a GET request on a previously created HTTP Session.</doc>
<status status="PASS" start="2024-04-25T05:13:31.047272" elapsed="0.164013"/>
</kw>
<kw name="Set Variable" owner="BuiltIn">
<msg time="2024-04-25T05:13:31.212323" level="INFO">${json_data} = {'results': [{'gender': 'female', 'name': {'title': 'Mrs', 'first': 'Lucie', 'last': 'Lemaire'}, 'location': {'street': {'number': 8870, 'name': "Place de L'Église"}, 'city': 'Paris', 'state': 'Haute-...</msg>
<var>${json_data}</var>
<arg>${response.json()}</arg>
<doc>Returns the given values which can then be assigned to a variables.</doc>
<status status="PASS" start="2024-04-25T05:13:31.211784" elapsed="0.000569"/>
</kw>
<kw name="Log" owner="BuiltIn">
<msg time="2024-04-25T05:13:31.212822" level="INFO">{'results': [{'gender': 'female', 'name': {'title': 'Mrs', 'first': 'Lucie', 'last': 'Lemaire'}, 'location': {'street': {'number': 8870, 'name': "Place de L'Église"}, 'city': 'Paris', 'state': 'Haute-Saône', 'country': 'France', 'postcode': 12951, 'coordinates': {'latitude': '-19.0917', 'longitude': '39.6730'}, 'timezone': {'offset': '-6:00', 'description': 'Central Time (US &amp; Canada), Mexico City'}}, 'email': 'lucie.lemaire@example.com', 'login': {'uuid': 'a883e3a6-0d9e-47a1-ace0-9d068b600d2a', 'username': 'angrylion844', 'password': 'transfer', 'salt': '1J6DOe5X', 'md5': 'f638f3cf6a5e0d975cea1f8e9fc968b2', 'sha1': '611e2bd868f892cf85509f7d7842426adf4c8e06', 'sha256': '6b41ede655c09af0ca20ba789d156eb8b32f633ea4dc3f6ceabcc6114c083574'}, 'dob': {'date': '1945-12-14T08:09:01.694Z', 'age': 78}, 'registered': {'date': '2010-06-12T10:23:25.082Z', 'age': 13}, 'phone': '04-40-08-16-98', 'cell': '06-63-32-23-23', 'id': {'name': 'INSEE', 'value': '2451118079969 60'}, 'picture': {'large': 'https://randomuser.me/api/portraits/women/49.jpg', 'medium': 'https://randomuser.me/api/portraits/med/women/49.jpg', 'thumbnail': 'https://randomuser.me/api/portraits/thumb/women/49.jpg'}, 'nat': 'FR'}], 'info': {'seed': '1132a41a633180a0', 'results': 1, 'page': 1, 'version': '1.4'}}</msg>
<arg>${json_data}</arg>
<doc>Logs the given message with the given level.</doc>
<status status="PASS" start="2024-04-25T05:13:31.212662" elapsed="0.000211"/>
</kw>
<kw name="Dictionary Should Contain Key" owner="Collections">
<msg time="2024-04-25T05:13:31.213326" level="INFO">False</msg>
<arg>${json_data}</arg>
<arg>results</arg>
<doc>Fails if ``key`` is not found from ``dictionary``.</doc>
<status status="PASS" start="2024-04-25T05:13:31.213172" elapsed="0.000191"/>
</kw>
<kw name="Should Not Be Empty" owner="BuiltIn">
<msg time="2024-04-25T05:13:31.213834" level="INFO">Length is 2.</msg>
<arg>${json_data}</arg>
<doc>Verifies that the given item is not empty.</doc>
<status status="PASS" start="2024-04-25T05:13:31.213650" elapsed="0.000224"/>
</kw>
<kw name="Create List" owner="BuiltIn">
<msg time="2024-04-25T05:13:31.214475" level="INFO">${expected_keys} = ['gender', 'name', 'location', 'email', 'login']</msg>
<var>${expected_keys}</var>
<arg>gender</arg>
<arg>name</arg>
<arg>location</arg>
<arg>email</arg>
<arg>login</arg>
<doc>Returns a list containing given items.</doc>
<status status="PASS" start="2024-04-25T05:13:31.214164" elapsed="0.000335"/>
</kw>
<for flavor="IN">
<iter>
<kw name="Dictionary Should Contain Key" owner="Collections">
<msg time="2024-04-25T05:13:31.215469" level="INFO">False</msg>
<arg>${json_data['results'][0]}</arg>
<arg>${key}</arg>
<doc>Fails if ``key`` is not found from ``dictionary``.</doc>
<status status="PASS" start="2024-04-25T05:13:31.215083" elapsed="0.000425"/>
</kw>
<kw name="Log" owner="BuiltIn">
<msg time="2024-04-25T05:13:31.216173" level="INFO">{'gender': 'female', 'name': {'title': 'Mrs', 'first': 'Lucie', 'last': 'Lemaire'}, 'location': {'street': {'number': 8870, 'name': "Place de L'Église"}, 'city': 'Paris', 'state': 'Haute-Saône', 'country': 'France', 'postcode': 12951, 'coordinates': {'latitude': '-19.0917', 'longitude': '39.6730'}, 'timezone': {'offset': '-6:00', 'description': 'Central Time (US &amp; Canada), Mexico City'}}, 'email': 'lucie.lemaire@example.com', 'login': {'uuid': 'a883e3a6-0d9e-47a1-ace0-9d068b600d2a', 'username': 'angrylion844', 'password': 'transfer', 'salt': '1J6DOe5X', 'md5': 'f638f3cf6a5e0d975cea1f8e9fc968b2', 'sha1': '611e2bd868f892cf85509f7d7842426adf4c8e06', 'sha256': '6b41ede655c09af0ca20ba789d156eb8b32f633ea4dc3f6ceabcc6114c083574'}, 'dob': {'date': '1945-12-14T08:09:01.694Z', 'age': 78}, 'registered': {'date': '2010-06-12T10:23:25.082Z', 'age': 13}, 'phone': '04-40-08-16-98', 'cell': '06-63-32-23-23', 'id': {'name': 'INSEE', 'value': '2451118079969 60'}, 'picture': {'large': 'https://randomuser.me/api/portraits/women/49.jpg', 'medium': 'https://randomuser.me/api/portraits/med/women/49.jpg', 'thumbnail': 'https://randomuser.me/api/portraits/thumb/women/49.jpg'}, 'nat': 'FR'}</msg>
<arg>${json_data['results'][0]}</arg>
<doc>Logs the given message with the given level.</doc>
<status status="PASS" start="2024-04-25T05:13:31.215809" elapsed="0.000416"/>
</kw>
<kw name="Log" owner="BuiltIn">
<msg time="2024-04-25T05:13:31.216644" level="INFO">gender</msg>
<arg>${key}</arg>
<doc>Logs the given message with the given level.</doc>
<status status="PASS" start="2024-04-25T05:13:31.216520" elapsed="0.000161"/>
</kw>
<var name="${key}">gender</var>
<status status="PASS" start="2024-04-25T05:13:31.214958" elapsed="0.001937"/>
</iter>
<iter>
<kw name="Dictionary Should Contain Key" owner="Collections">
<msg time="2024-04-25T05:13:31.217580" level="INFO">False</msg>
<arg>${json_data['results'][0]}</arg>
<arg>${key}</arg>
<doc>Fails if ``key`` is not found from ``dictionary``.</doc>
<status status="PASS" start="2024-04-25T05:13:31.217196" elapsed="0.000452"/>
</kw>
<kw name="Log" owner="BuiltIn">
<msg time="2024-04-25T05:13:31.218357" level="INFO">{'gender': 'female', 'name': {'title': 'Mrs', 'first': 'Lucie', 'last': 'Lemaire'}, 'location': {'street': {'number': 8870, 'name': "Place de L'Église"}, 'city': 'Paris', 'state': 'Haute-Saône', 'country': 'France', 'postcode': 12951, 'coordinates': {'latitude': '-19.0917', 'longitude': '39.6730'}, 'timezone': {'offset': '-6:00', 'description': 'Central Time (US &amp; Canada), Mexico City'}}, 'email': 'lucie.lemaire@example.com', 'login': {'uuid': 'a883e3a6-0d9e-47a1-ace0-9d068b600d2a', 'username': 'angrylion844', 'password': 'transfer', 'salt': '1J6DOe5X', 'md5': 'f638f3cf6a5e0d975cea1f8e9fc968b2', 'sha1': '611e2bd868f892cf85509f7d7842426adf4c8e06', 'sha256': '6b41ede655c09af0ca20ba789d156eb8b32f633ea4dc3f6ceabcc6114c083574'}, 'dob': {'date': '1945-12-14T08:09:01.694Z', 'age': 78}, 'registered': {'date': '2010-06-12T10:23:25.082Z', 'age': 13}, 'phone': '04-40-08-16-98', 'cell': '06-63-32-23-23', 'id': {'name': 'INSEE', 'value': '2451118079969 60'}, 'picture': {'large': 'https://randomuser.me/api/portraits/women/49.jpg', 'medium': 'https://randomuser.me/api/portraits/med/women/49.jpg', 'thumbnail': 'https://randomuser.me/api/portraits/thumb/women/49.jpg'}, 'nat': 'FR'}</msg>
<arg>${json_data['results'][0]}</arg>
<doc>Logs the given message with the given level.</doc>
<status status="PASS" start="2024-04-25T05:13:31.217991" elapsed="0.000418"/>
</kw>
<kw name="Log" owner="BuiltIn">
<msg time="2024-04-25T05:13:31.218826" level="INFO">name</msg>
<arg>${key}</arg>
<doc>Logs the given message with the given level.</doc>
<status status="PASS" start="2024-04-25T05:13:31.218702" elapsed="0.000161"/>
</kw>
<var name="${key}">name</var>
<status status="PASS" start="2024-04-25T05:13:31.217083" elapsed="0.001993"/>
</iter>
<iter>
<kw name="Dictionary Should Contain Key" owner="Collections">
<msg time="2024-04-25T05:13:31.219745" level="INFO">False</msg>
<arg>${json_data['results'][0]}</arg>
<arg>${key}</arg>
<doc>Fails if ``key`` is not found from ``dictionary``.</doc>
<status status="PASS" start="2024-04-25T05:13:31.219363" elapsed="0.000418"/>
</kw>
<kw name="Log" owner="BuiltIn">
<msg time="2024-04-25T05:13:31.220444" level="INFO">{'gender': 'female', 'name': {'title': 'Mrs', 'first': 'Lucie', 'last': 'Lemaire'}, 'location': {'street': {'number': 8870, 'name': "Place de L'Église"}, 'city': 'Paris', 'state': 'Haute-Saône', 'country': 'France', 'postcode': 12951, 'coordinates': {'latitude': '-19.0917', 'longitude': '39.6730'}, 'timezone': {'offset': '-6:00', 'description': 'Central Time (US &amp; Canada), Mexico City'}}, 'email': 'lucie.lemaire@example.com', 'login': {'uuid': 'a883e3a6-0d9e-47a1-ace0-9d068b600d2a', 'username': 'angrylion844', 'password': 'transfer', 'salt': '1J6DOe5X', 'md5': 'f638f3cf6a5e0d975cea1f8e9fc968b2', 'sha1': '611e2bd868f892cf85509f7d7842426adf4c8e06', 'sha256': '6b41ede655c09af0ca20ba789d156eb8b32f633ea4dc3f6ceabcc6114c083574'}, 'dob': {'date': '1945-12-14T08:09:01.694Z', 'age': 78}, 'registered': {'date': '2010-06-12T10:23:25.082Z', 'age': 13}, 'phone': '04-40-08-16-98', 'cell': '06-63-32-23-23', 'id': {'name': 'INSEE', 'value': '2451118079969 60'}, 'picture': {'large': 'https://randomuser.me/api/portraits/women/49.jpg', 'medium': 'https://randomuser.me/api/portraits/med/women/49.jpg', 'thumbnail': 'https://randomuser.me/api/portraits/thumb/women/49.jpg'}, 'nat': 'FR'}</msg>
<arg>${json_data['results'][0]}</arg>
<doc>Logs the given message with the given level.</doc>
<status status="PASS" start="2024-04-25T05:13:31.220086" elapsed="0.000408"/>
</kw>
<kw name="Log" owner="BuiltIn">
<msg time="2024-04-25T05:13:31.220906" level="INFO">location</msg>
<arg>${key}</arg>
<doc>Logs the given message with the given level.</doc>
<status status="PASS" start="2024-04-25T05:13:31.220784" elapsed="0.000160"/>
</kw>
<var name="${key}">location</var>
<status status="PASS" start="2024-04-25T05:13:31.219252" elapsed="0.001902"/>
</iter>
<iter>
<kw name="Dictionary Should Contain Key" owner="Collections">
<msg time="2024-04-25T05:13:31.221865" level="INFO">False</msg>
<arg>${json_data['results'][0]}</arg>
<arg>${key}</arg>
<doc>Fails if ``key`` is not found from ``dictionary``.</doc>
<status status="PASS" start="2024-04-25T05:13:31.221432" elapsed="0.000473"/>
</kw>
<kw name="Log" owner="BuiltIn">
<msg time="2024-04-25T05:13:31.222570" level="INFO">{'gender': 'female', 'name': {'title': 'Mrs', 'first': 'Lucie', 'last': 'Lemaire'}, 'location': {'street': {'number': 8870, 'name': "Place de L'Église"}, 'city': 'Paris', 'state': 'Haute-Saône', 'country': 'France', 'postcode': 12951, 'coordinates': {'latitude': '-19.0917', 'longitude': '39.6730'}, 'timezone': {'offset': '-6:00', 'description': 'Central Time (US &amp; Canada), Mexico City'}}, 'email': 'lucie.lemaire@example.com', 'login': {'uuid': 'a883e3a6-0d9e-47a1-ace0-9d068b600d2a', 'username': 'angrylion844', 'password': 'transfer', 'salt': '1J6DOe5X', 'md5': 'f638f3cf6a5e0d975cea1f8e9fc968b2', 'sha1': '611e2bd868f892cf85509f7d7842426adf4c8e06', 'sha256': '6b41ede655c09af0ca20ba789d156eb8b32f633ea4dc3f6ceabcc6114c083574'}, 'dob': {'date': '1945-12-14T08:09:01.694Z', 'age': 78}, 'registered': {'date': '2010-06-12T10:23:25.082Z', 'age': 13}, 'phone': '04-40-08-16-98', 'cell': '06-63-32-23-23', 'id': {'name': 'INSEE', 'value': '2451118079969 60'}, 'picture': {'large': 'https://randomuser.me/api/portraits/women/49.jpg', 'medium': 'https://randomuser.me/api/portraits/med/women/49.jpg', 'thumbnail': 'https://randomuser.me/api/portraits/thumb/women/49.jpg'}, 'nat': 'FR'}</msg>
<arg>${json_data['results'][0]}</arg>
<doc>Logs the given message with the given level.</doc>
<status status="PASS" start="2024-04-25T05:13:31.222209" elapsed="0.000414"/>
</kw>
<kw name="Log" owner="BuiltIn">
<msg time="2024-04-25T05:13:31.223041" level="INFO">email</msg>
<arg>${key}</arg>
<doc>Logs the given message with the given level.</doc>
<status status="PASS" start="2024-04-25T05:13:31.222915" elapsed="0.000163"/>
</kw>
<var name="${key}">email</var>
<status status="PASS" start="2024-04-25T05:13:31.221325" elapsed="0.001968"/>
</iter>
<iter>
<kw name="Dictionary Should Contain Key" owner="Collections">
<msg time="2024-04-25T05:13:31.223957" level="INFO">False</msg>
<arg>${json_data['results'][0]}</arg>
<arg>${key}</arg>
<doc>Fails if ``key`` is not found from ``dictionary``.</doc>
<status status="PASS" start="2024-04-25T05:13:31.223570" elapsed="0.000425"/>
</kw>
<kw name="Log" owner="BuiltIn">
<msg time="2024-04-25T05:13:31.224654" level="INFO">{'gender': 'female', 'name': {'title': 'Mrs', 'first': 'Lucie', 'last': 'Lemaire'}, 'location': {'street': {'number': 8870, 'name': "Place de L'Église"}, 'city': 'Paris', 'state': 'Haute-Saône', 'country': 'France', 'postcode': 12951, 'coordinates': {'latitude': '-19.0917', 'longitude': '39.6730'}, 'timezone': {'offset': '-6:00', 'description': 'Central Time (US &amp; Canada), Mexico City'}}, 'email': 'lucie.lemaire@example.com', 'login': {'uuid': 'a883e3a6-0d9e-47a1-ace0-9d068b600d2a', 'username': 'angrylion844', 'password': 'transfer', 'salt': '1J6DOe5X', 'md5': 'f638f3cf6a5e0d975cea1f8e9fc968b2', 'sha1': '611e2bd868f892cf85509f7d7842426adf4c8e06', 'sha256': '6b41ede655c09af0ca20ba789d156eb8b32f633ea4dc3f6ceabcc6114c083574'}, 'dob': {'date': '1945-12-14T08:09:01.694Z', 'age': 78}, 'registered': {'date': '2010-06-12T10:23:25.082Z', 'age': 13}, 'phone': '04-40-08-16-98', 'cell': '06-63-32-23-23', 'id': {'name': 'INSEE', 'value': '2451118079969 60'}, 'picture': {'large': 'https://randomuser.me/api/portraits/women/49.jpg', 'medium': 'https://randomuser.me/api/portraits/med/women/49.jpg', 'thumbnail': 'https://randomuser.me/api/portraits/thumb/women/49.jpg'}, 'nat': 'FR'}</msg>
<arg>${json_data['results'][0]}</arg>
<doc>Logs the given message with the given level.</doc>
<status status="PASS" start="2024-04-25T05:13:31.224287" elapsed="0.000419"/>
</kw>
<kw name="Log" owner="BuiltIn">
<msg time="2024-04-25T05:13:31.225150" level="INFO">login</msg>
<arg>${key}</arg>
<doc>Logs the given message with the given level.</doc>
<status status="PASS" start="2024-04-25T05:13:31.225024" elapsed="0.000164"/>
</kw>
<var name="${key}">login</var>
<status status="PASS" start="2024-04-25T05:13:31.223462" elapsed="0.001939"/>
</iter>
<var>${key}</var>
<value>@{expected_keys}</value>
<status status="PASS" start="2024-04-25T05:13:31.214767" elapsed="0.010754"/>
</for>
<kw name="Create List" owner="BuiltIn">
<msg time="2024-04-25T05:13:31.225882" level="INFO">${expected_keysTwo} = ['username', 'password']</msg>
<var>${expected_keysTwo}</var>
<arg>username</arg>
<arg>password</arg>
<doc>Returns a list containing given items.</doc>
<status status="PASS" start="2024-04-25T05:13:31.225712" elapsed="0.000193"/>
</kw>
<for flavor="IN">
<iter>
<kw name="Dictionary Should Contain Key" owner="Collections">
<msg time="2024-04-25T05:13:31.226800" level="INFO">False</msg>
<arg>${json_data['results'][0]['login']}</arg>
<arg>${keyTwo}</arg>
<doc>Fails if ``key`` is not found from ``dictionary``.</doc>
<status status="PASS" start="2024-04-25T05:13:31.226398" elapsed="0.000441"/>
</kw>
<kw name="Dictionary Should Contain Key" owner="Collections">
<msg time="2024-04-25T05:13:31.227515" level="INFO">False</msg>
<arg>${json_data['results'][0]['login']}</arg>
<arg>${keyTwo}</arg>
<doc>Fails if ``key`` is not found from ``dictionary``.</doc>
<status status="PASS" start="2024-04-25T05:13:31.227133" elapsed="0.000419"/>
</kw>
<kw name="Log" owner="BuiltIn">
<msg time="2024-04-25T05:13:31.227971" level="INFO">username</msg>
<arg>${keyTwo}</arg>
<doc>Logs the given message with the given level.</doc>
<status status="PASS" start="2024-04-25T05:13:31.227844" elapsed="0.000170"/>
</kw>
<var name="${keyTwo}">username</var>
<status status="PASS" start="2024-04-25T05:13:31.226290" elapsed="0.001946"/>
</iter>
<iter>
<kw name="Dictionary Should Contain Key" owner="Collections">
<msg time="2024-04-25T05:13:31.228896" level="INFO">False</msg>
<arg>${json_data['results'][0]['login']}</arg>
<arg>${keyTwo}</arg>
<doc>Fails if ``key`` is not found from ``dictionary``.</doc>
<status status="PASS" start="2024-04-25T05:13:31.228516" elapsed="0.000423"/>
</kw>
<kw name="Dictionary Should Contain Key" owner="Collections">
<msg time="2024-04-25T05:13:31.229689" level="INFO">False</msg>
<arg>${json_data['results'][0]['login']}</arg>
<arg>${keyTwo}</arg>
<doc>Fails if ``key`` is not found from ``dictionary``.</doc>
<status status="PASS" start="2024-04-25T05:13:31.229234" elapsed="0.000524"/>
</kw>
<kw name="Log" owner="BuiltIn">
<msg time="2024-04-25T05:13:31.230200" level="INFO">password</msg>
<arg>${keyTwo}</arg>
<doc>Logs the given message with the given level.</doc>
<status status="PASS" start="2024-04-25T05:13:31.230072" elapsed="0.000165"/>
</kw>
<var name="${keyTwo}">password</var>
<status status="PASS" start="2024-04-25T05:13:31.228406" elapsed="0.002048"/>
</iter>
<var>${keyTwo}</var>
<value>@{expected_keysTwo}</value>
<status status="PASS" start="2024-04-25T05:13:31.226140" elapsed="0.004435"/>
</for>
<status status="PASS" start="2024-04-25T05:13:31.047033" elapsed="0.183681"/>
</kw>
<doc>Testa a estrutura da resposta da API.</doc>
<tag>testeEstruturaResposta</tag>
<status status="PASS" start="2024-04-25T05:13:31.046517" elapsed="0.184353"/>
</test>
<test id="s1-s1-t4" name="Validar tipos de dados" line="28">
<kw name="Teste de Tipos de Dados" owner="random-user-service">
<kw name="GET On Session" owner="RequestsLibrary">
<msg time="2024-04-25T05:13:31.318187" level="INFO">GET Request : url=https://randomuser.me/api 
 path_url=/api 
 headers={'User-Agent': 'python-requests/2.31.0', 'Accept-Encoding': 'gzip, deflate', 'Accept': '*/*', 'Connection': 'keep-alive'} 
 body=None 
 </msg>
<msg time="2024-04-25T05:13:31.318253" level="INFO">GET Response : url=https://randomuser.me/api 
 status=200, reason=OK 
 headers={'Date': 'Thu, 25 Apr 2024 05:13:31 GMT', 'Content-Type': 'application/json; charset=utf-8', 'Transfer-Encoding': 'chunked', 'Connection': 'keep-alive', 'X-Powered-By': 'Express', 'Access-Control-Allow-Origin': '*', 'Cache-Control': 'no-cache', 'ETag': 'W/"4b7-3fTkNIHltfluSgoxAxKPqMxmZTg"', 'Vary': 'Accept-Encoding', 'Content-Encoding': 'gzip', 'CF-Cache-Status': 'DYNAMIC', 'Report-To': '{"endpoints":[{"url":"https:\\/\\/a.nel.cloudflare.com\\/report\\/v4?s=0%2B5F2Tl5HcDvN2TYcShTZOyi21ld6sYUsqBkAybvZVZUOmCnb%2BZ84JWgDD%2Bvi2VeTRrV7flldfGbeYcZUur7mHKalLLm4YQ9y%2Bn04jIaJoF2qXhl4vu99QJBGBuaQy1h"}],"group":"cf-nel","max_age":604800}', 'NEL': '{"success_fraction":0,"report_to":"cf-nel","max_age":604800}', 'Server': 'cloudflare', 'CF-RAY': '879bd82239d12702-SJC', 'alt-svc': 'h3=":443"; ma=86400'} 
 body={"results":[{"gender":"female","name":{"title":"Ms","first":"Lorena","last":"Rolón"},"location":{"street":{"number":2590,"name":"Ampliación Norte Vásquez"},"city":"Belén del Refugio","state":"Chihuahua","country":"Mexico","postcode":50710,"coordinates":{"latitude":"23.9120","longitude":"39.1571"},"timezone":{"offset":"+8:00","description":"Beijing, Perth, Singapore, Hong Kong"}},"email":"lorena.rolon@example.com","login":{"uuid":"9cbd4012-72aa-4cd9-984d-ba955ffaa36f","username":"ticklishostrich680","password":"darius","salt":"kNQUZKgG","md5":"1e2a565d7fe9d8892a0d885da88411d4","sha1":"5bf5312e9f6265e708cd40506f05226526858546","sha256":"bfbe0ecb87a794deef37be2797c2a1f234d9aa424b384b2ce0725c95a0052133"},"dob":{"date":"1979-06-03T01:53:23.708Z","age":44},"registered":{"date":"2009-10-02T03:45:51.021Z","age":14},"phone":"(699) 662 3917","cell":"(644) 677 0900","id":{"name":"NSS","value":"99 76 78 2504 7"},"picture":{"large":"https://randomuser.me/api/portraits/women/36.jpg","medium":"https://randomuser.me/api/portraits/med/women/36.jpg","thumbnail":"https://randomuser.me/api/portraits/thumb/women/36.jpg"},"nat":"MX"}],"info":{"seed":"48a66e9220e2a982","results":1,"page":1,"version":"1.4"}} 
 </msg>
<msg time="2024-04-25T05:13:31.318315" level="INFO">/opt/hostedtoolcache/Python/3.12.3/x64/lib/python3.12/site-packages/urllib3/connectionpool.py:1103: InsecureRequestWarning: Unverified HTTPS request is being made to host 'randomuser.me'. Adding certificate verification is strongly advised. See: https://urllib3.readthedocs.io/en/latest/advanced-usage.html#tls-warnings
  warnings.warn(</msg>
<msg time="2024-04-25T05:13:31.318401" level="INFO">${response} = &lt;Response [200]&gt;</msg>
<var>${response}</var>
<arg>consultarAPI</arg>
<arg>/api</arg>
<doc>Sends a GET request on a previously created HTTP Session.</doc>
<status status="PASS" start="2024-04-25T05:13:31.233422" elapsed="0.085019"/>
</kw>
<kw name="Set Variable" owner="BuiltIn">
<msg time="2024-04-25T05:13:31.319576" level="INFO">${json_data} = {'results': [{'gender': 'female', 'name': {'title': 'Ms', 'first': 'Lorena', 'last': 'Rolón'}, 'location': {'street': {'number': 2590, 'name': 'Ampliación Norte Vásquez'}, 'city': 'Belén del Refugio',...</msg>
<var>${json_data}</var>
<arg>${response.json()}</arg>
<doc>Returns the given values which can then be assigned to a variables.</doc>
<status status="PASS" start="2024-04-25T05:13:31.318947" elapsed="0.000659"/>
</kw>
<kw name="Log" owner="BuiltIn">
<msg time="2024-04-25T05:13:31.320075" level="INFO">{'results': [{'gender': 'female', 'name': {'title': 'Ms', 'first': 'Lorena', 'last': 'Rolón'}, 'location': {'street': {'number': 2590, 'name': 'Ampliación Norte Vásquez'}, 'city': 'Belén del Refugio', 'state': 'Chihuahua', 'country': 'Mexico', 'postcode': 50710, 'coordinates': {'latitude': '23.9120', 'longitude': '39.1571'}, 'timezone': {'offset': '+8:00', 'description': 'Beijing, Perth, Singapore, Hong Kong'}}, 'email': 'lorena.rolon@example.com', 'login': {'uuid': '9cbd4012-72aa-4cd9-984d-ba955ffaa36f', 'username': 'ticklishostrich680', 'password': 'darius', 'salt': 'kNQUZKgG', 'md5': '1e2a565d7fe9d8892a0d885da88411d4', 'sha1': '5bf5312e9f6265e708cd40506f05226526858546', 'sha256': 'bfbe0ecb87a794deef37be2797c2a1f234d9aa424b384b2ce0725c95a0052133'}, 'dob': {'date': '1979-06-03T01:53:23.708Z', 'age': 44}, 'registered': {'date': '2009-10-02T03:45:51.021Z', 'age': 14}, 'phone': '(699) 662 3917', 'cell': '(644) 677 0900', 'id': {'name': 'NSS', 'value': '99 76 78 2504 7'}, 'picture': {'large': 'https://randomuser.me/api/portraits/women/36.jpg', 'medium': 'https://randomuser.me/api/portraits/med/women/36.jpg', 'thumbnail': 'https://randomuser.me/api/portraits/thumb/women/36.jpg'}, 'nat': 'MX'}], 'info': {'seed': '48a66e9220e2a982', 'results': 1, 'page': 1, 'version': '1.4'}}</msg>
<arg>${json_data}</arg>
<doc>Logs the given message with the given level.</doc>
<status status="PASS" start="2024-04-25T05:13:31.319912" elapsed="0.000245"/>
</kw>
<kw name="Should Be String" owner="String">
<arg>${json_data['results'][0]['gender']}</arg>
<doc>Fails if the given ``item`` is not a string.</doc>
<status status="PASS" start="2024-04-25T05:13:31.320456" elapsed="0.000351"/>
</kw>
<kw name="Should Match Regexp" owner="BuiltIn">
<arg>${json_data['results'][0]['email']}</arg>
<arg>^[a-zA-Z0-9._%+-]+@[a-zA-Z0-9.-]+\.[a-zA-Z]{2,}$</arg>
<doc>Fails if ``string`` does not match ``pattern`` as a regular expression.</doc>
<status status="PASS" start="2024-04-25T05:13:31.320995" elapsed="0.000517"/>
</kw>
<kw name="Should Match Regexp" owner="BuiltIn">
<arg>${json_data['results'][0]['dob']['date']}</arg>
<arg>\\d{4}-\\d{2}-\\d{2}T\\d{2}:\\d{2}:\\d{2}\\.\\d{3}Z</arg>
<doc>Fails if ``string`` does not match ``pattern`` as a regular expression.</doc>
<status status="PASS" start="2024-04-25T05:13:31.321705" elapsed="0.000526"/>
</kw>
<kw name="Should Match Regexp" owner="BuiltIn">
<arg>${json_data['results'][0]['registered']['date']}</arg>
<arg>\\d{4}-\\d{2}-\\d{2}T\\d{2}:\\d{2}:\\d{2}\\.\\d{3}Z</arg>
<doc>Fails if ``string`` does not match ``pattern`` as a regular expression.</doc>
<status status="PASS" start="2024-04-25T05:13:31.322421" elapsed="0.000363"/>
</kw>
<kw name="Should Match Regexp" owner="BuiltIn">
<arg>${json_data['results'][0]['picture']['large']}</arg>
<arg>^https?://.*\.(?:png|jpe?g|gif|bmp)$</arg>
<doc>Fails if ``string`` does not match ``pattern`` as a regular expression.</doc>
<status status="PASS" start="2024-04-25T05:13:31.322967" elapsed="0.000450"/>
</kw>
<kw name="Should Match Regexp" owner="BuiltIn">
<arg>${json_data['results'][0]['picture']['medium']}</arg>
<arg>^https?://.*\.(?:png|jpe?g|gif|bmp)$</arg>
<doc>Fails if ``string`` does not match ``pattern`` as a regular expression.</doc>
<status status="PASS" start="2024-04-25T05:13:31.323607" elapsed="0.000357"/>
</kw>
<kw name="Should Match Regexp" owner="BuiltIn">
<arg>${json_data['results'][0]['picture']['thumbnail']}</arg>
<arg>^https?://.*\.(?:png|jpe?g|gif|bmp)$</arg>
<doc>Fails if ``string`` does not match ``pattern`` as a regular expression.</doc>
<status status="PASS" start="2024-04-25T05:13:31.324151" elapsed="0.000344"/>
</kw>
<kw name="Log" owner="BuiltIn">
<msg time="2024-04-25T05:13:31.324989" level="INFO">{'large': 'https://randomuser.me/api/portraits/women/36.jpg', 'medium': 'https://randomuser.me/api/portraits/med/women/36.jpg', 'thumbnail': 'https://randomuser.me/api/portraits/thumb/women/36.jpg'}</msg>
<arg>${json_data['results'][0]['picture']}</arg>
<doc>Logs the given message with the given level.</doc>
<status status="PASS" start="2024-04-25T05:13:31.324672" elapsed="0.000357"/>
</kw>
<status status="PASS" start="2024-04-25T05:13:31.233195" elapsed="0.092086"/>
</kw>
<kw name="Teste de Tipos de Dados - Postcode" owner="random-user-service">
<kw name="GET On Session" owner="RequestsLibrary">
<msg time="2024-04-25T05:13:31.435751" level="INFO">GET Request : url=https://randomuser.me/api 
 path_url=/api 
 headers={'User-Agent': 'python-requests/2.31.0', 'Accept-Encoding': 'gzip, deflate', 'Accept': '*/*', 'Connection': 'keep-alive'} 
 body=None 
 </msg>
<msg time="2024-04-25T05:13:31.435848" level="INFO">GET Response : url=https://randomuser.me/api 
 status=200, reason=OK 
 headers={'Date': 'Thu, 25 Apr 2024 05:13:31 GMT', 'Content-Type': 'application/json; charset=utf-8', 'Transfer-Encoding': 'chunked', 'Connection': 'keep-alive', 'X-Powered-By': 'Express', 'Access-Control-Allow-Origin': '*', 'Cache-Control': 'no-cache', 'ETag': 'W/"490-ddTvj6VT1ai+pHCXqRvcznZLgAM"', 'Vary': 'Accept-Encoding', 'Content-Encoding': 'gzip', 'CF-Cache-Status': 'DYNAMIC', 'Report-To': '{"endpoints":[{"url":"https:\\/\\/a.nel.cloudflare.com\\/report\\/v4?s=My6hV8V67UouCqB3daHHuppKuWpKbgfw014okChTW%2BAbkZfqMrRikzhcHk%2F7PCfg%2F8k4VBIRpQ7gY6Ke%2FaPMSRMNb8Dta11xdfxSDqazjQPuz6Mx7j9qYkoFon1ETg3D"}],"group":"cf-nel","max_age":604800}', 'NEL': '{"success_fraction":0,"report_to":"cf-nel","max_age":604800}', 'Server': 'cloudflare', 'CF-RAY': '879bd822ca7b2702-SJC', 'alt-svc': 'h3=":443"; ma=86400'} 
 body={"results":[{"gender":"male","name":{"title":"Mr","first":"سام","last":"علیزاده"},"location":{"street":{"number":8445,"name":"فداییان اسلام"},"city":"اراک","state":"بوشهر","country":"Iran","postcode":89485,"coordinates":{"latitude":"15.5815","longitude":"-13.4007"},"timezone":{"offset":"+1:00","description":"Brussels, Copenhagen, Madrid, Paris"}},"email":"sm.aalyzdh@example.com","login":{"uuid":"777d903e-9a6b-419d-964c-ff191c203d3f","username":"crazyrabbit953","password":"goat","salt":"KPxReJ1Y","md5":"5516b213ccf8e5396b60e8c3d0f7ac32","sha1":"fc6640a05653c835e78bb2125d7d6de3f8fefebf","sha256":"f27e6bf10c15ae08aac0c8aee2f21955864985650e8837749bccc46deba6ec1b"},"dob":{"date":"1998-06-01T17:53:23.906Z","age":25},"registered":{"date":"2003-07-07T00:47:30.311Z","age":20},"phone":"017-10282989","cell":"0901-008-6756","id":{"name":"","value":null},"picture":{"large":"https://randomuser.me/api/portraits/men/58.jpg","medium":"https://randomuser.me/api/portraits/med/men/58.jpg","thumbnail":"https://randomuser.me/api/portraits/thumb/men/58.jpg"},"nat":"IR"}],"info":{"seed":"536e16f021945785","results":1,"page":1,"version":"1.4"}} 
 </msg>
<msg time="2024-04-25T05:13:31.435927" level="INFO">/opt/hostedtoolcache/Python/3.12.3/x64/lib/python3.12/site-packages/urllib3/connectionpool.py:1103: InsecureRequestWarning: Unverified HTTPS request is being made to host 'randomuser.me'. Adding certificate verification is strongly advised. See: https://urllib3.readthedocs.io/en/latest/advanced-usage.html#tls-warnings
  warnings.warn(</msg>
<msg time="2024-04-25T05:13:31.436054" level="INFO">${response} = &lt;Response [200]&gt;</msg>
<var>${response}</var>
<arg>consultarAPI</arg>
<arg>/api</arg>
<doc>Sends a GET request on a previously created HTTP Session.</doc>
<status status="PASS" start="2024-04-25T05:13:31.325745" elapsed="0.110356"/>
</kw>
<kw name="Set Variable" owner="BuiltIn">
<msg time="2024-04-25T05:13:31.437404" level="INFO">${json_data} = {'results': [{'gender': 'male', 'name': {'title': 'Mr', 'first': 'سام', 'last': 'علیزاده'}, 'location': {'street': {'number': 8445, 'name': 'فداییان اسلام'}, 'city': 'اراک', 'state': 'بوشهر', 'country...</msg>
<var>${json_data}</var>
<arg>${response.json()}</arg>
<doc>Returns the given values which can then be assigned to a variables.</doc>
<status status="PASS" start="2024-04-25T05:13:31.436759" elapsed="0.000676"/>
</kw>
<kw name="Log" owner="BuiltIn">
<msg time="2024-04-25T05:13:31.437951" level="INFO">{'results': [{'gender': 'male', 'name': {'title': 'Mr', 'first': 'سام', 'last': 'علیزاده'}, 'location': {'street': {'number': 8445, 'name': 'فداییان اسلام'}, 'city': 'اراک', 'state': 'بوشهر', 'country': 'Iran', 'postcode': 89485, 'coordinates': {'latitude': '15.5815', 'longitude': '-13.4007'}, 'timezone': {'offset': '+1:00', 'description': 'Brussels, Copenhagen, Madrid, Paris'}}, 'email': 'sm.aalyzdh@example.com', 'login': {'uuid': '777d903e-9a6b-419d-964c-ff191c203d3f', 'username': 'crazyrabbit953', 'password': 'goat', 'salt': 'KPxReJ1Y', 'md5': '5516b213ccf8e5396b60e8c3d0f7ac32', 'sha1': 'fc6640a05653c835e78bb2125d7d6de3f8fefebf', 'sha256': 'f27e6bf10c15ae08aac0c8aee2f21955864985650e8837749bccc46deba6ec1b'}, 'dob': {'date': '1998-06-01T17:53:23.906Z', 'age': 25}, 'registered': {'date': '2003-07-07T00:47:30.311Z', 'age': 20}, 'phone': '017-10282989', 'cell': '0901-008-6756', 'id': {'name': '', 'value': None}, 'picture': {'large': 'https://randomuser.me/api/portraits/men/58.jpg', 'medium': 'https://randomuser.me/api/portraits/med/men/58.jpg', 'thumbnail': 'https://randomuser.me/api/portraits/thumb/men/58.jpg'}, 'nat': 'IR'}], 'info': {'seed': '536e16f021945785', 'results': 1, 'page': 1, 'version': '1.4'}}</msg>
<arg>${json_data}</arg>
<doc>Logs the given message with the given level.</doc>
<status status="PASS" start="2024-04-25T05:13:31.437781" elapsed="0.000256"/>
</kw>
<kw name="Should Be Equal As Numbers" owner="BuiltIn">
<arg>${json_data['results'][0]['location']['postcode']}</arg>
<arg>${json_data['results'][0]['location']['postcode']}</arg>
<doc>Fails if objects are unequal after converting them to real numbers.</doc>
<status status="PASS" start="2024-04-25T05:13:31.438350" elapsed="0.000801"/>
</kw>
<kw name="Log" owner="BuiltIn">
<msg time="2024-04-25T05:13:31.439680" level="INFO">89485</msg>
<arg>${json_data['results'][0]['location']['postcode']}</arg>
<doc>Logs the given message with the given level.</doc>
<status status="PASS" start="2024-04-25T05:13:31.439347" elapsed="0.000374"/>
</kw>
<status status="PASS" start="2024-04-25T05:13:31.325497" elapsed="0.114478"/>
</kw>
<doc>Testa se os tipos de dados na resposta da API estão corretos.</doc>
<tag>testeTiposDados</tag>
<status status="PASS" start="2024-04-25T05:13:31.232640" elapsed="0.207501"/>
</test>
<test id="s1-s1-t5" name="Validar conteudo" line="35">
<kw name="Teste de Tipos de Conteudo" owner="random-user-service">
<kw name="GET On Session" owner="RequestsLibrary">
<msg time="2024-04-25T05:13:31.556155" level="INFO">GET Request : url=https://randomuser.me/api 
 path_url=/api 
 headers={'User-Agent': 'python-requests/2.31.0', 'Accept-Encoding': 'gzip, deflate', 'Accept': '*/*', 'Connection': 'keep-alive'} 
 body=None 
 </msg>
<msg time="2024-04-25T05:13:31.556236" level="INFO">GET Response : url=https://randomuser.me/api 
 status=200, reason=OK 
 headers={'Date': 'Thu, 25 Apr 2024 05:13:31 GMT', 'Content-Type': 'application/json; charset=utf-8', 'Transfer-Encoding': 'chunked', 'Connection': 'keep-alive', 'X-Powered-By': 'Express', 'Access-Control-Allow-Origin': '*', 'Cache-Control': 'no-cache', 'ETag': 'W/"487-3gBJs/vazaJIts9XQb2HUZWP8gA"', 'Vary': 'Accept-Encoding', 'Content-Encoding': 'gzip', 'CF-Cache-Status': 'DYNAMIC', 'Report-To': '{"endpoints":[{"url":"https:\\/\\/a.nel.cloudflare.com\\/report\\/v4?s=l1voJP%2Bm85ABbvspj2vAaW9S5hCjnuVt6CjHGS2w1mlOztXk6ARZ0Eyve2Hva83S5y1NTHCUF9VOzWLnDad%2Fa%2Ba%2FTIXf8RMnwc8Rb4dkyv08N%2Fg%2FQ5nFhGG7elky3eUO"}],"group":"cf-nel","max_age":604800}', 'NEL': '{"success_fraction":0,"report_to":"cf-nel","max_age":604800}', 'Server': 'cloudflare', 'CF-RAY': '879bd8238b0b2702-SJC', 'alt-svc': 'h3=":443"; ma=86400'} 
 body={"results":[{"gender":"male","name":{"title":"Mr","first":"Lucas","last":"Bergeron"},"location":{"street":{"number":7750,"name":"15th St"},"city":"Belmont","state":"Northwest Territories","country":"Canada","postcode":"L1M 6K4","coordinates":{"latitude":"-66.5959","longitude":"-145.7794"},"timezone":{"offset":"+9:30","description":"Adelaide, Darwin"}},"email":"lucas.bergeron@example.com","login":{"uuid":"91ec0179-7d81-41b4-8a1f-bdad21189399","username":"beautifulwolf746","password":"penguin","salt":"CYFffRrV","md5":"6f286c59236175226ca52635378f6be3","sha1":"75a08d9bc8c7451f98c788710c03ffa9d660de37","sha256":"77fe062c11baeed236097a2142e5a02f0a00972a2f5a1c6c9d82b517f8f4ff5c"},"dob":{"date":"1991-09-05T06:54:12.170Z","age":32},"registered":{"date":"2016-01-25T17:16:43.023Z","age":8},"phone":"D10 N52-5537","cell":"A19 N15-0438","id":{"name":"SIN","value":"662731504"},"picture":{"large":"https://randomuser.me/api/portraits/men/82.jpg","medium":"https://randomuser.me/api/portraits/med/men/82.jpg","thumbnail":"https://randomuser.me/api/portraits/thumb/men/82.jpg"},"nat":"CA"}],"info":{"seed":"207f3127c0d804e1","results":1,"page":1,"version":"1.4"}} 
 </msg>
<msg time="2024-04-25T05:13:31.556309" level="INFO">/opt/hostedtoolcache/Python/3.12.3/x64/lib/python3.12/site-packages/urllib3/connectionpool.py:1103: InsecureRequestWarning: Unverified HTTPS request is being made to host 'randomuser.me'. Adding certificate verification is strongly advised. See: https://urllib3.readthedocs.io/en/latest/advanced-usage.html#tls-warnings
  warnings.warn(</msg>
<msg time="2024-04-25T05:13:31.556416" level="INFO">${response} = &lt;Response [200]&gt;</msg>
<var>${response}</var>
<arg>consultarAPI</arg>
<arg>/api</arg>
<doc>Sends a GET request on a previously created HTTP Session.</doc>
<status status="PASS" start="2024-04-25T05:13:31.442694" elapsed="0.113771"/>
</kw>
<kw name="Set Variable" owner="BuiltIn">
<msg time="2024-04-25T05:13:31.557572" level="INFO">${json_data} = {'results': [{'gender': 'male', 'name': {'title': 'Mr', 'first': 'Lucas', 'last': 'Bergeron'}, 'location': {'street': {'number': 7750, 'name': '15th St'}, 'city': 'Belmont', 'state': 'Northwest Territ...</msg>
<var>${json_data}</var>
<arg>${response.json()}</arg>
<doc>Returns the given values which can then be assigned to a variables.</doc>
<status status="PASS" start="2024-04-25T05:13:31.556984" elapsed="0.000617"/>
</kw>
<kw name="Set Variable" owner="BuiltIn">
<msg time="2024-04-25T05:13:31.558333" level="INFO">${name_title} = Mr</msg>
<var>${name_title}</var>
<arg>${json_data["results"][0]["name"]["title"]}</arg>
<doc>Returns the given values which can then be assigned to a variables.</doc>
<status status="PASS" start="2024-04-25T05:13:31.557948" elapsed="0.000410"/>
</kw>
<kw name="Create List" owner="BuiltIn">
<msg time="2024-04-25T05:13:31.558802" level="INFO">${allowed_titles} = ['Mr', 'Ms', 'Miss', 'Mrs', 'Madame', 'Monsieur']</msg>
<var>${allowed_titles}</var>
<arg>Mr</arg>
<arg>Ms</arg>
<arg>Miss</arg>
<arg>Mrs</arg>
<arg>Madame</arg>
<arg>Monsieur</arg>
<doc>Returns a list containing given items.</doc>
<status status="PASS" start="2024-04-25T05:13:31.558656" elapsed="0.000170"/>
</kw>
<kw name="List Should Contain Value" owner="Collections">
<msg time="2024-04-25T05:13:31.559295" level="INFO">False</msg>
<arg>${allowed_titles}</arg>
<arg>${name_title}</arg>
<doc>Fails if the ``value`` is not found from ``list``.</doc>
<status status="PASS" start="2024-04-25T05:13:31.559123" elapsed="0.000208"/>
</kw>
<kw name="Set Variable" owner="BuiltIn">
<msg time="2024-04-25T05:13:31.559998" level="INFO">${name_country} = CA</msg>
<var>${name_country}</var>
<arg>${json_data["results"][0]["nat"]}</arg>
<doc>Returns the given values which can then be assigned to a variables.</doc>
<status status="PASS" start="2024-04-25T05:13:31.559617" elapsed="0.000405"/>
</kw>
<kw name="Create List" owner="BuiltIn">
<msg time="2024-04-25T05:13:31.560918" level="INFO">${list_country} = ['AD', 'AE', 'AF', 'AG', 'AI', 'AL', 'AM', 'AO', 'AQ', 'AR', 'AS', 'AT', 'AU', 'AW', 'AX', 'AZ', 'BA', 'BB', 'BD', 'BE', 'BF', 'BG', 'BH', 'BI', 'BJ', 'BL', 'BM', 'BN', 'BO', 'BQ', 'BR', 'BS', 'BT', '...</msg>
<var>${list_country}</var>
<arg>AD</arg>
<arg>AE</arg>
<arg>AF</arg>
<arg>AG</arg>
<arg>AI</arg>
<arg>AL</arg>
<arg>AM</arg>
<arg>AO</arg>
<arg>AQ</arg>
<arg>AR</arg>
<arg>AS</arg>
<arg>AT</arg>
<arg>AU</arg>
<arg>AW</arg>
<arg>AX</arg>
<arg>AZ</arg>
<arg>BA</arg>
<arg>BB</arg>
<arg>BD</arg>
<arg>BE</arg>
<arg>BF</arg>
<arg>BG</arg>
<arg>BH</arg>
<arg>BI</arg>
<arg>BJ</arg>
<arg>BL</arg>
<arg>BM</arg>
<arg>BN</arg>
<arg>BO</arg>
<arg>BQ</arg>
<arg>BR</arg>
<arg>BS</arg>
<arg>BT</arg>
<arg>BV</arg>
<arg>BW</arg>
<arg>BY</arg>
<arg>BZ</arg>
<arg>CA</arg>
<arg>CC</arg>
<arg>CD</arg>
<arg>CF</arg>
<arg>CG</arg>
<arg>CH</arg>
<arg>CI</arg>
<arg>CK</arg>
<arg>CL</arg>
<arg>CM</arg>
<arg>CN</arg>
<arg>CO</arg>
<arg>CR</arg>
<arg>CU</arg>
<arg>CV</arg>
<arg>CW</arg>
<arg>CX</arg>
<arg>CY</arg>
<arg>CZ</arg>
<arg>DE</arg>
<arg>DJ</arg>
<arg>DK</arg>
<arg>DM</arg>
<arg>DO</arg>
<arg>DZ</arg>
<arg>EC</arg>
<arg>EE</arg>
<arg>EG</arg>
<arg>EH</arg>
<arg>ER</arg>
<arg>ES</arg>
<arg>ET</arg>
<arg>FI</arg>
<arg>FJ</arg>
<arg>FK</arg>
<arg>FM</arg>
<arg>FO</arg>
<arg>FR</arg>
<arg>GA</arg>
<arg>GB</arg>
<arg>GD</arg>
<arg>GE</arg>
<arg>GF</arg>
<arg>GG</arg>
<arg>GH</arg>
<arg>GI</arg>
<arg>GL</arg>
<arg>GM</arg>
<arg>GN</arg>
<arg>GP</arg>
<arg>GQ</arg>
<arg>GR</arg>
<arg>GS</arg>
<arg>GT</arg>
<arg>GU</arg>
<arg>GW</arg>
<arg>GY</arg>
<arg>HK</arg>
<arg>HM</arg>
<arg>HN</arg>
<arg>HR</arg>
<arg>HT</arg>
<arg>HU</arg>
<arg>ID</arg>
<arg>IE</arg>
<arg>IL</arg>
<arg>IM</arg>
<arg>IN</arg>
<arg>IO</arg>
<arg>IQ</arg>
<arg>IR</arg>
<arg>IS</arg>
<arg>IT</arg>
<arg>JE</arg>
<arg>JM</arg>
<arg>JO</arg>
<arg>JP</arg>
<arg>KE</arg>
<arg>KG</arg>
<arg>KH</arg>
<arg>KI</arg>
<arg>KM</arg>
<arg>KN</arg>
<arg>KP</arg>
<arg>KR</arg>
<arg>KW</arg>
<arg>KY</arg>
<arg>KZ</arg>
<arg>LA</arg>
<arg>LB</arg>
<arg>LC</arg>
<arg>LI</arg>
<arg>LK</arg>
<arg>LR</arg>
<arg>LS</arg>
<arg>LT</arg>
<arg>LU</arg>
<arg>LV</arg>
<arg>LY</arg>
<arg>MA</arg>
<arg>MC</arg>
<arg>MD</arg>
<arg>ME</arg>
<arg>MF</arg>
<arg>MG</arg>
<arg>MH</arg>
<arg>MK</arg>
<arg>ML</arg>
<arg>MM</arg>
<arg>MN</arg>
<arg>MO</arg>
<arg>MP</arg>
<arg>MQ</arg>
<arg>MR</arg>
<arg>MS</arg>
<arg>MT</arg>
<arg>MU</arg>
<arg>MV</arg>
<arg>MW</arg>
<arg>MX</arg>
<arg>MY</arg>
<arg>MZ</arg>
<arg>NA</arg>
<arg>NC</arg>
<arg>NE</arg>
<arg>NF</arg>
<arg>NG</arg>
<arg>NI</arg>
<arg>NL</arg>
<arg>NO</arg>
<arg>NP</arg>
<arg>NR</arg>
<arg>NU</arg>
<arg>NZ</arg>
<arg>OM</arg>
<arg>PA</arg>
<arg>PE</arg>
<arg>PF</arg>
<arg>PG</arg>
<arg>PH</arg>
<arg>PK</arg>
<arg>PL</arg>
<arg>PM</arg>
<arg>PN</arg>
<arg>PR</arg>
<arg>PS</arg>
<arg>PT</arg>
<arg>PW</arg>
<arg>PY</arg>
<arg>QA</arg>
<arg>RE</arg>
<arg>RO</arg>
<arg>RS</arg>
<arg>RU</arg>
<arg>RW</arg>
<arg>SA</arg>
<arg>SB</arg>
<arg>SC</arg>
<arg>SD</arg>
<arg>SE</arg>
<arg>SG</arg>
<arg>SH</arg>
<arg>SI</arg>
<arg>SJ</arg>
<arg>SK</arg>
<arg>SL</arg>
<arg>SM</arg>
<arg>SN</arg>
<arg>SO</arg>
<arg>SR</arg>
<arg>SS</arg>
<arg>ST</arg>
<arg>SV</arg>
<arg>SX</arg>
<arg>SY</arg>
<arg>SZ</arg>
<arg>TC</arg>
<arg>TD</arg>
<arg>TF</arg>
<arg>TG</arg>
<arg>TH</arg>
<arg>TJ</arg>
<arg>TK</arg>
<arg>TL</arg>
<arg>TM</arg>
<arg>TN</arg>
<arg>TO</arg>
<arg>TR</arg>
<arg>TT</arg>
<arg>TV</arg>
<arg>TW</arg>
<arg>TZ</arg>
<arg>UA</arg>
<arg>UG</arg>
<arg>UM</arg>
<arg>US</arg>
<arg>UY</arg>
<arg>UZ</arg>
<arg>VA</arg>
<arg>VC</arg>
<arg>VE</arg>
<arg>VG</arg>
<arg>VI</arg>
<arg>VN</arg>
<arg>VU</arg>
<arg>WF</arg>
<arg>WS</arg>
<arg>XK</arg>
<arg>YE</arg>
<arg>YT</arg>
<arg>ZA</arg>
<arg>ZM</arg>
<arg>ZW</arg>
<doc>Returns a list containing given items.</doc>
<status status="PASS" start="2024-04-25T05:13:31.560323" elapsed="0.000620"/>
</kw>
<kw name="List Should Contain Value" owner="Collections">
<msg time="2024-04-25T05:13:31.561959" level="INFO">False</msg>
<arg>${list_country}</arg>
<arg>${name_country}</arg>
<doc>Fails if the ``value`` is not found from ``list``.</doc>
<status status="PASS" start="2024-04-25T05:13:31.561756" elapsed="0.000239"/>
</kw>
<kw name="Run Keyword If" owner="BuiltIn">
<kw name="Should Be True" owner="BuiltIn">
<arg>${True}</arg>
<doc>Fails if the given condition is not true.</doc>
<status status="PASS" start="2024-04-25T05:13:31.563060" elapsed="0.000142"/>
</kw>
<arg>${json_data["results"][0]["location"]["coordinates"]["latitude"]} &gt;= -90 and ${json_data["results"][0]["location"]["coordinates"]["latitude"]} &lt;= 90</arg>
<arg>Should Be True</arg>
<arg>${True}</arg>
<doc>Runs the given keyword with the given arguments, if ``condition`` is true.</doc>
<status status="PASS" start="2024-04-25T05:13:31.562308" elapsed="0.001020"/>
</kw>
<kw name="Run Keyword If" owner="BuiltIn">
<kw name="Should Be True" owner="BuiltIn">
<arg>${True}</arg>
<doc>Fails if the given condition is not true.</doc>
<status status="PASS" start="2024-04-25T05:13:31.564197" elapsed="0.000241"/>
</kw>
<arg>${json_data["results"][0]["location"]["coordinates"]["longitude"]} &gt;= -180 and ${json_data["results"][0]["location"]["coordinates"]["longitude"]} &lt;= 180</arg>
<arg>Should Be True</arg>
<arg>${True}</arg>
<doc>Runs the given keyword with the given arguments, if ``condition`` is true.</doc>
<status status="PASS" start="2024-04-25T05:13:31.563510" elapsed="0.001069"/>
</kw>
<status status="PASS" start="2024-04-25T05:13:31.442470" elapsed="0.122240"/>
</kw>
<doc>Testa o conteúdo específico dos campos retornados pela API.</doc>
<tag>testeConteudo</tag>
<status status="PASS" start="2024-04-25T05:13:31.441930" elapsed="0.122925"/>
</test>
<status status="PASS" start="2024-04-25T05:13:30.307485" elapsed="1.259418"/>
</suite>
<status status="PASS" start="2024-04-25T05:13:30.294052" elapsed="1.278010"/>
</suite>
<statistics>
<total>
<stat pass="5" fail="0" skip="0">All Tests</stat>
</total>
<tag>
<stat pass="1" fail="0" skip="0">testeConteudo</stat>
<stat pass="1" fail="0" skip="0">testeEstruturaResposta</stat>
<stat pass="1" fail="0" skip="0">testeRequisicaoBasica</stat>
<stat pass="1" fail="0" skip="0">testeTiposDados</stat>
</tag>
<suite>
<stat pass="5" fail="0" skip="0" id="s1" name="Tests">Tests</stat>
<stat pass="5" fail="0" skip="0" id="s1-s1" name="Random-User-Test">Tests.Random-User-Test</stat>
</suite>
</statistics>
<errors>
</errors>
</robot>
