<?xml version="1.0" encoding="UTF-8"?>
<robot generator="Robot 7.0.1 (Python 3.12.3 on linux)" generated="2024-06-15T01:05:29.973122" rpa="false" schemaversion="5">
<suite id="s1" name="Tests" source="/home/runner/work/ApiRandomUser/ApiRandomUser/RamdonUser/tests">
<suite id="s1-s1" name="Random-User-Test" source="/home/runner/work/ApiRandomUser/ApiRandomUser/RamdonUser/tests/random-user-test.robot">
<test id="s1-s1-t1" name="Conectar" line="13">
<kw name="Conectar API" owner="random-user-service">
<kw name="Create Session" owner="RequestsLibrary">
<msg time="2024-06-15T01:05:30.418189" level="INFO">Creating Session using : alias=consultarAPI, url=https://randomuser.me/, headers={},                     cookies={}, auth=None, timeout=None, proxies=None, verify=False,                     debug=0 </msg>
<arg>consultarAPI</arg>
<arg>${URL}</arg>
<doc>Create Session: create a HTTP session to a server</doc>
<status status="PASS" start="2024-06-15T01:05:30.417983" elapsed="0.000398"/>
</kw>
<status status="PASS" start="2024-06-15T01:05:30.416987" elapsed="0.001818"/>
</kw>
<status status="PASS" start="2024-06-15T01:05:30.416352" elapsed="0.002664"/>
</test>
<test id="s1-s1-t2" name="Validar retorno 200 e JSON Válido" line="16">
<kw name="Teste de Requisicao Basica" owner="random-user-service">
<kw name="GET On Session" owner="RequestsLibrary">
<msg time="2024-06-15T01:05:30.490185" level="INFO">GET Request : url=https://randomuser.me/api 
 path_url=/api 
 headers={'User-Agent': 'python-requests/2.32.3', 'Accept-Encoding': 'gzip, deflate', 'Accept': '*/*', 'Connection': 'keep-alive'} 
 body=None 
 </msg>
<msg time="2024-06-15T01:05:30.490332" level="INFO">GET Response : url=https://randomuser.me/api 
 status=200, reason=OK 
 headers={'Date': 'Sat, 15 Jun 2024 01:05:30 GMT', 'Content-Type': 'application/json; charset=utf-8', 'Transfer-Encoding': 'chunked', 'Connection': 'keep-alive', 'X-Powered-By': 'Express', 'Access-Control-Allow-Origin': '*', 'Cache-Control': 'no-cache', 'ETag': 'W/"4b8-TAUVqAnrFczOsKhGXuvESGl4nRM"', 'Vary': 'Accept-Encoding', 'Content-Encoding': 'gzip', 'CF-Cache-Status': 'DYNAMIC', 'Report-To': '{"endpoints":[{"url":"https:\\/\\/a.nel.cloudflare.com\\/report\\/v4?s=YfLr0TM2T29Bmv1GbUb5FvyprDlhJAAnEiKwzHNLFNt8yv3pX88CK6Ure%2Fou5TIf%2FhZGOqpk0Ohtuci28RM6wUU%2FsMpXRWo7OCX248Ju7itoNrUz%2B6gPqqSRi6V2mSgE"}],"group":"cf-nel","max_age":604800}', 'NEL': '{"success_fraction":0,"report_to":"cf-nel","max_age":604800}', 'Server': 'cloudflare', 'CF-RAY': '893ea6f559f83af3-IAD', 'alt-svc': 'h3=":443"; ma=86400'} 
 body={"results":[{"gender":"female","name":{"title":"Miss","first":"ستایش","last":"صدر"},"location":{"street":{"number":4681,"name":"میدان توحید"},"city":"بابل","state":"کهگیلویه و بویراحمد","country":"Iran","postcode":18133,"coordinates":{"latitude":"17.1914","longitude":"37.0240"},"timezone":{"offset":"+5:00","description":"Ekaterinburg, Islamabad, Karachi, Tashkent"}},"email":"stysh.sdr@example.com","login":{"uuid":"772b7b3e-1c2b-4122-9e30-cdae373eb40f","username":"beautifulrabbit848","password":"cezer121","salt":"XkRhlkI5","md5":"5275f55ceee6462d7a41f87478612057","sha1":"8d0c0e02be37e5ffb4b792f721ff7959d60dca99","sha256":"e3ad6ba6b58f04737f38f5e8812aec73e5c85efd2f16651a3040c7697407fa2c"},"dob":{"date":"1983-07-04T03:01:35.898Z","age":40},"registered":{"date":"2020-03-03T01:08:51.811Z","age":4},"phone":"042-97209119","cell":"0992-940-4703","id":{"name":"","value":null},"picture":{"large":"https://randomuser.me/api/portraits/women/22.jpg","medium":"https://randomuser.me/api/portraits/med/women/22.jpg","thumbnail":"https://randomuser.me/api/portraits/thumb/women/22.jpg"},"nat":"IR"}],"info":{"seed":"e82aafed8e1e9bef","results":1,"page":1,"version":"1.4"}} 
 </msg>
<msg time="2024-06-15T01:05:30.490416" level="INFO">/opt/hostedtoolcache/Python/3.12.3/x64/lib/python3.12/site-packages/urllib3/connectionpool.py:1103: InsecureRequestWarning: Unverified HTTPS request is being made to host 'randomuser.me'. Adding certificate verification is strongly advised. See: https://urllib3.readthedocs.io/en/latest/advanced-usage.html#tls-warnings
  warnings.warn(</msg>
<msg time="2024-06-15T01:05:30.490559" level="INFO">${response} = &lt;Response [200]&gt;</msg>
<var>${response}</var>
<arg>consultarAPI</arg>
<arg>/api</arg>
<doc>Sends a GET request on a previously created HTTP Session.</doc>
<status status="PASS" start="2024-06-15T01:05:30.421671" elapsed="0.068949"/>
</kw>
<kw name="Should Be Equal As Numbers" owner="BuiltIn">
<msg time="2024-06-15T01:05:30.491738" level="INFO">Argument types are:
&lt;class 'int'&gt;
&lt;class 'str'&gt;</msg>
<arg>${response.status_code}</arg>
<arg>200</arg>
<doc>Fails if objects are unequal after converting them to real numbers.</doc>
<status status="PASS" start="2024-06-15T01:05:30.491237" elapsed="0.000569"/>
</kw>
<kw name="Log" owner="BuiltIn">
<msg time="2024-06-15T01:05:30.492527" level="INFO">200</msg>
<arg>${response.status_code}</arg>
<doc>Logs the given message with the given level.</doc>
<status status="PASS" start="2024-06-15T01:05:30.492169" elapsed="0.000407"/>
</kw>
<kw name="Set Variable" owner="BuiltIn">
<msg time="2024-06-15T01:05:30.493329" level="INFO">${json_data} = {'results': [{'gender': 'female', 'name': {'title': 'Miss', 'first': 'ستایش', 'last': 'صدر'}, 'location': {'street': {'number': 4681, 'name': 'میدان توحید'}, 'city': 'بابل', 'state': 'کهگیلویه و بویرا...</msg>
<var>${json_data}</var>
<arg>${response.json()}</arg>
<doc>Returns the given values which can then be assigned to a variables.</doc>
<status status="PASS" start="2024-06-15T01:05:30.492884" elapsed="0.000476"/>
</kw>
<kw name="Dictionary Should Contain Key" owner="Collections">
<arg>${json_data}</arg>
<arg>results</arg>
<doc>Fails if ``key`` is not found from ``dictionary``.</doc>
<status status="PASS" start="2024-06-15T01:05:30.493659" elapsed="0.000166"/>
</kw>
<status status="PASS" start="2024-06-15T01:05:30.421427" elapsed="0.072545"/>
</kw>
<doc>Testa se a API responde corretamente e retorna um objeto JSON válido.</doc>
<tag>testeRequisicaoBasica</tag>
<status status="PASS" start="2024-06-15T01:05:30.420898" elapsed="0.073243"/>
</test>
<test id="s1-s1-t3" name="Validar estrutura de resposta" line="22">
<kw name="Teste de Estrutura de Resposta" owner="random-user-service">
<kw name="GET On Session" owner="RequestsLibrary">
<msg time="2024-06-15T01:05:30.906805" level="INFO">GET Request : url=https://randomuser.me/api 
 path_url=/api 
 headers={'User-Agent': 'python-requests/2.32.3', 'Accept-Encoding': 'gzip, deflate', 'Accept': '*/*', 'Connection': 'keep-alive'} 
 body=None 
 </msg>
<msg time="2024-06-15T01:05:30.906906" level="INFO">GET Response : url=https://randomuser.me/api 
 status=200, reason=OK 
 headers={'Date': 'Sat, 15 Jun 2024 01:05:30 GMT', 'Content-Type': 'application/json; charset=utf-8', 'Transfer-Encoding': 'chunked', 'Connection': 'keep-alive', 'X-Powered-By': 'Express', 'Access-Control-Allow-Origin': '*', 'Cache-Control': 'no-cache', 'ETag': 'W/"497-Wfl2gKi/8DkUgJ0tyEGbI9ejBDE"', 'Vary': 'Accept-Encoding', 'Content-Encoding': 'gzip', 'CF-Cache-Status': 'DYNAMIC', 'Report-To': '{"endpoints":[{"url":"https:\\/\\/a.nel.cloudflare.com\\/report\\/v4?s=V9V%2Bd5FpBFyN07CSRlfdEeaY7k6uV%2BIOH4U127M7%2FexxSJc%2Fb6iElAVSaaLFk0t5KZc2vtYXBmCP7KxJQHSgmuoYQvyhzIuBtVvhYZ54%2Fngs26t2oychwW7mBJ0HrqD9"}],"group":"cf-nel","max_age":604800}', 'NEL': '{"success_fraction":0,"report_to":"cf-nel","max_age":604800}', 'Server': 'cloudflare', 'CF-RAY': '893ea6f5aa4c3af3-IAD', 'alt-svc': 'h3=":443"; ma=86400'} 
 body={"results":[{"gender":"male","name":{"title":"Mr","first":"Anton","last":"Walli"},"location":{"street":{"number":3996,"name":"Visiokatu"},"city":"Vesanto","state":"Central Finland","country":"Finland","postcode":18832,"coordinates":{"latitude":"-24.5422","longitude":"-23.4592"},"timezone":{"offset":"+3:00","description":"Baghdad, Riyadh, Moscow, St. Petersburg"}},"email":"anton.walli@example.com","login":{"uuid":"1f86ff01-143d-4a9e-a0d9-f073d09489fc","username":"ticklishlion974","password":"383838","salt":"gqo2PL3O","md5":"474f13936b5e2ed795c6222e6f8cabde","sha1":"fa729a5ca09df46166921e0e1a91d40b22dccc0a","sha256":"ad4d086a680b5a3073b63d2d1fc81044f14a090d4e9ff887016db6ee508df319"},"dob":{"date":"1946-03-09T07:12:45.065Z","age":78},"registered":{"date":"2011-12-26T15:38:36.682Z","age":12},"phone":"08-052-559","cell":"047-962-19-19","id":{"name":"HETU","value":"NaNNA525undefined"},"picture":{"large":"https://randomuser.me/api/portraits/men/21.jpg","medium":"https://randomuser.me/api/portraits/med/men/21.jpg","thumbnail":"https://randomuser.me/api/portraits/thumb/men/21.jpg"},"nat":"FI"}],"info":{"seed":"b4a84d2e33d58c20","results":1,"page":1,"version":"1.4"}} 
 </msg>
<msg time="2024-06-15T01:05:30.907034" level="INFO">/opt/hostedtoolcache/Python/3.12.3/x64/lib/python3.12/site-packages/urllib3/connectionpool.py:1103: InsecureRequestWarning: Unverified HTTPS request is being made to host 'randomuser.me'. Adding certificate verification is strongly advised. See: https://urllib3.readthedocs.io/en/latest/advanced-usage.html#tls-warnings
  warnings.warn(</msg>
<msg time="2024-06-15T01:05:30.907168" level="INFO">${response} = &lt;Response [200]&gt;</msg>
<var>${response}</var>
<arg>consultarAPI</arg>
<arg>/api</arg>
<doc>Sends a GET request on a previously created HTTP Session.</doc>
<status status="PASS" start="2024-06-15T01:05:30.496865" elapsed="0.410346"/>
</kw>
<kw name="Set Variable" owner="BuiltIn">
<msg time="2024-06-15T01:05:30.908366" level="INFO">${json_data} = {'results': [{'gender': 'male', 'name': {'title': 'Mr', 'first': 'Anton', 'last': 'Walli'}, 'location': {'street': {'number': 3996, 'name': 'Visiokatu'}, 'city': 'Vesanto', 'state': 'Central Finland',...</msg>
<var>${json_data}</var>
<arg>${response.json()}</arg>
<doc>Returns the given values which can then be assigned to a variables.</doc>
<status status="PASS" start="2024-06-15T01:05:30.907813" elapsed="0.000582"/>
</kw>
<kw name="Log" owner="BuiltIn">
<msg time="2024-06-15T01:05:30.908873" level="INFO">{'results': [{'gender': 'male', 'name': {'title': 'Mr', 'first': 'Anton', 'last': 'Walli'}, 'location': {'street': {'number': 3996, 'name': 'Visiokatu'}, 'city': 'Vesanto', 'state': 'Central Finland', 'country': 'Finland', 'postcode': 18832, 'coordinates': {'latitude': '-24.5422', 'longitude': '-23.4592'}, 'timezone': {'offset': '+3:00', 'description': 'Baghdad, Riyadh, Moscow, St. Petersburg'}}, 'email': 'anton.walli@example.com', 'login': {'uuid': '1f86ff01-143d-4a9e-a0d9-f073d09489fc', 'username': 'ticklishlion974', 'password': '383838', 'salt': 'gqo2PL3O', 'md5': '474f13936b5e2ed795c6222e6f8cabde', 'sha1': 'fa729a5ca09df46166921e0e1a91d40b22dccc0a', 'sha256': 'ad4d086a680b5a3073b63d2d1fc81044f14a090d4e9ff887016db6ee508df319'}, 'dob': {'date': '1946-03-09T07:12:45.065Z', 'age': 78}, 'registered': {'date': '2011-12-26T15:38:36.682Z', 'age': 12}, 'phone': '08-052-559', 'cell': '047-962-19-19', 'id': {'name': 'HETU', 'value': 'NaNNA525undefined'}, 'picture': {'large': 'https://randomuser.me/api/portraits/men/21.jpg', 'medium': 'https://randomuser.me/api/portraits/med/men/21.jpg', 'thumbnail': 'https://randomuser.me/api/portraits/thumb/men/21.jpg'}, 'nat': 'FI'}], 'info': {'seed': 'b4a84d2e33d58c20', 'results': 1, 'page': 1, 'version': '1.4'}}</msg>
<arg>${json_data}</arg>
<doc>Logs the given message with the given level.</doc>
<status status="PASS" start="2024-06-15T01:05:30.908708" elapsed="0.000217"/>
</kw>
<kw name="Dictionary Should Contain Key" owner="Collections">
<arg>${json_data}</arg>
<arg>results</arg>
<doc>Fails if ``key`` is not found from ``dictionary``.</doc>
<status status="PASS" start="2024-06-15T01:05:30.909221" elapsed="0.000158"/>
</kw>
<kw name="Should Not Be Empty" owner="BuiltIn">
<msg time="2024-06-15T01:05:30.909687" level="INFO">Length is 2.</msg>
<arg>${json_data}</arg>
<doc>Verifies that the given item is not empty.</doc>
<status status="PASS" start="2024-06-15T01:05:30.909559" elapsed="0.000169"/>
</kw>
<kw name="Create List" owner="BuiltIn">
<msg time="2024-06-15T01:05:30.910156" level="INFO">${expected_keys} = ['gender', 'name', 'location', 'email', 'login']</msg>
<var>${expected_keys}</var>
<arg>gender</arg>
<arg>name</arg>
<arg>location</arg>
<arg>email</arg>
<arg>login</arg>
<doc>Returns a list containing given items.</doc>
<status status="PASS" start="2024-06-15T01:05:30.910012" elapsed="0.000167"/>
</kw>
<for flavor="IN">
<iter>
<kw name="Dictionary Should Contain Key" owner="Collections">
<arg>${json_data['results'][0]}</arg>
<arg>${key}</arg>
<doc>Fails if ``key`` is not found from ``dictionary``.</doc>
<status status="PASS" start="2024-06-15T01:05:30.910965" elapsed="0.000397"/>
</kw>
<kw name="Log" owner="BuiltIn">
<msg time="2024-06-15T01:05:30.911902" level="INFO">{'gender': 'male', 'name': {'title': 'Mr', 'first': 'Anton', 'last': 'Walli'}, 'location': {'street': {'number': 3996, 'name': 'Visiokatu'}, 'city': 'Vesanto', 'state': 'Central Finland', 'country': 'Finland', 'postcode': 18832, 'coordinates': {'latitude': '-24.5422', 'longitude': '-23.4592'}, 'timezone': {'offset': '+3:00', 'description': 'Baghdad, Riyadh, Moscow, St. Petersburg'}}, 'email': 'anton.walli@example.com', 'login': {'uuid': '1f86ff01-143d-4a9e-a0d9-f073d09489fc', 'username': 'ticklishlion974', 'password': '383838', 'salt': 'gqo2PL3O', 'md5': '474f13936b5e2ed795c6222e6f8cabde', 'sha1': 'fa729a5ca09df46166921e0e1a91d40b22dccc0a', 'sha256': 'ad4d086a680b5a3073b63d2d1fc81044f14a090d4e9ff887016db6ee508df319'}, 'dob': {'date': '1946-03-09T07:12:45.065Z', 'age': 78}, 'registered': {'date': '2011-12-26T15:38:36.682Z', 'age': 12}, 'phone': '08-052-559', 'cell': '047-962-19-19', 'id': {'name': 'HETU', 'value': 'NaNNA525undefined'}, 'picture': {'large': 'https://randomuser.me/api/portraits/men/21.jpg', 'medium': 'https://randomuser.me/api/portraits/med/men/21.jpg', 'thumbnail': 'https://randomuser.me/api/portraits/thumb/men/21.jpg'}, 'nat': 'FI'}</msg>
<arg>${json_data['results'][0]}</arg>
<doc>Logs the given message with the given level.</doc>
<status status="PASS" start="2024-06-15T01:05:30.911548" elapsed="0.000403"/>
</kw>
<kw name="Log" owner="BuiltIn">
<msg time="2024-06-15T01:05:30.912377" level="INFO">gender</msg>
<arg>${key}</arg>
<doc>Logs the given message with the given level.</doc>
<status status="PASS" start="2024-06-15T01:05:30.912251" elapsed="0.000163"/>
</kw>
<var name="${key}">gender</var>
<status status="PASS" start="2024-06-15T01:05:30.910838" elapsed="0.001787"/>
</iter>
<iter>
<kw name="Dictionary Should Contain Key" owner="Collections">
<arg>${json_data['results'][0]}</arg>
<arg>${key}</arg>
<doc>Fails if ``key`` is not found from ``dictionary``.</doc>
<status status="PASS" start="2024-06-15T01:05:30.912917" elapsed="0.000379"/>
</kw>
<kw name="Log" owner="BuiltIn">
<msg time="2024-06-15T01:05:30.913824" level="INFO">{'gender': 'male', 'name': {'title': 'Mr', 'first': 'Anton', 'last': 'Walli'}, 'location': {'street': {'number': 3996, 'name': 'Visiokatu'}, 'city': 'Vesanto', 'state': 'Central Finland', 'country': 'Finland', 'postcode': 18832, 'coordinates': {'latitude': '-24.5422', 'longitude': '-23.4592'}, 'timezone': {'offset': '+3:00', 'description': 'Baghdad, Riyadh, Moscow, St. Petersburg'}}, 'email': 'anton.walli@example.com', 'login': {'uuid': '1f86ff01-143d-4a9e-a0d9-f073d09489fc', 'username': 'ticklishlion974', 'password': '383838', 'salt': 'gqo2PL3O', 'md5': '474f13936b5e2ed795c6222e6f8cabde', 'sha1': 'fa729a5ca09df46166921e0e1a91d40b22dccc0a', 'sha256': 'ad4d086a680b5a3073b63d2d1fc81044f14a090d4e9ff887016db6ee508df319'}, 'dob': {'date': '1946-03-09T07:12:45.065Z', 'age': 78}, 'registered': {'date': '2011-12-26T15:38:36.682Z', 'age': 12}, 'phone': '08-052-559', 'cell': '047-962-19-19', 'id': {'name': 'HETU', 'value': 'NaNNA525undefined'}, 'picture': {'large': 'https://randomuser.me/api/portraits/men/21.jpg', 'medium': 'https://randomuser.me/api/portraits/med/men/21.jpg', 'thumbnail': 'https://randomuser.me/api/portraits/thumb/men/21.jpg'}, 'nat': 'FI'}</msg>
<arg>${json_data['results'][0]}</arg>
<doc>Logs the given message with the given level.</doc>
<status status="PASS" start="2024-06-15T01:05:30.913483" elapsed="0.000432"/>
</kw>
<kw name="Log" owner="BuiltIn">
<msg time="2024-06-15T01:05:30.914336" level="INFO">name</msg>
<arg>${key}</arg>
<doc>Logs the given message with the given level.</doc>
<status status="PASS" start="2024-06-15T01:05:30.914210" elapsed="0.000163"/>
</kw>
<var name="${key}">name</var>
<status status="PASS" start="2024-06-15T01:05:30.912808" elapsed="0.001776"/>
</iter>
<iter>
<kw name="Dictionary Should Contain Key" owner="Collections">
<arg>${json_data['results'][0]}</arg>
<arg>${key}</arg>
<doc>Fails if ``key`` is not found from ``dictionary``.</doc>
<status status="PASS" start="2024-06-15T01:05:30.914900" elapsed="0.000374"/>
</kw>
<kw name="Log" owner="BuiltIn">
<msg time="2024-06-15T01:05:30.915793" level="INFO">{'gender': 'male', 'name': {'title': 'Mr', 'first': 'Anton', 'last': 'Walli'}, 'location': {'street': {'number': 3996, 'name': 'Visiokatu'}, 'city': 'Vesanto', 'state': 'Central Finland', 'country': 'Finland', 'postcode': 18832, 'coordinates': {'latitude': '-24.5422', 'longitude': '-23.4592'}, 'timezone': {'offset': '+3:00', 'description': 'Baghdad, Riyadh, Moscow, St. Petersburg'}}, 'email': 'anton.walli@example.com', 'login': {'uuid': '1f86ff01-143d-4a9e-a0d9-f073d09489fc', 'username': 'ticklishlion974', 'password': '383838', 'salt': 'gqo2PL3O', 'md5': '474f13936b5e2ed795c6222e6f8cabde', 'sha1': 'fa729a5ca09df46166921e0e1a91d40b22dccc0a', 'sha256': 'ad4d086a680b5a3073b63d2d1fc81044f14a090d4e9ff887016db6ee508df319'}, 'dob': {'date': '1946-03-09T07:12:45.065Z', 'age': 78}, 'registered': {'date': '2011-12-26T15:38:36.682Z', 'age': 12}, 'phone': '08-052-559', 'cell': '047-962-19-19', 'id': {'name': 'HETU', 'value': 'NaNNA525undefined'}, 'picture': {'large': 'https://randomuser.me/api/portraits/men/21.jpg', 'medium': 'https://randomuser.me/api/portraits/med/men/21.jpg', 'thumbnail': 'https://randomuser.me/api/portraits/thumb/men/21.jpg'}, 'nat': 'FI'}</msg>
<arg>${json_data['results'][0]}</arg>
<doc>Logs the given message with the given level.</doc>
<status status="PASS" start="2024-06-15T01:05:30.915454" elapsed="0.000386"/>
</kw>
<kw name="Log" owner="BuiltIn">
<msg time="2024-06-15T01:05:30.916252" level="INFO">location</msg>
<arg>${key}</arg>
<doc>Logs the given message with the given level.</doc>
<status status="PASS" start="2024-06-15T01:05:30.916128" elapsed="0.000160"/>
</kw>
<var name="${key}">location</var>
<status status="PASS" start="2024-06-15T01:05:30.914785" elapsed="0.001715"/>
</iter>
<iter>
<kw name="Dictionary Should Contain Key" owner="Collections">
<arg>${json_data['results'][0]}</arg>
<arg>${key}</arg>
<doc>Fails if ``key`` is not found from ``dictionary``.</doc>
<status status="PASS" start="2024-06-15T01:05:30.916776" elapsed="0.000378"/>
</kw>
<kw name="Log" owner="BuiltIn">
<msg time="2024-06-15T01:05:30.917677" level="INFO">{'gender': 'male', 'name': {'title': 'Mr', 'first': 'Anton', 'last': 'Walli'}, 'location': {'street': {'number': 3996, 'name': 'Visiokatu'}, 'city': 'Vesanto', 'state': 'Central Finland', 'country': 'Finland', 'postcode': 18832, 'coordinates': {'latitude': '-24.5422', 'longitude': '-23.4592'}, 'timezone': {'offset': '+3:00', 'description': 'Baghdad, Riyadh, Moscow, St. Petersburg'}}, 'email': 'anton.walli@example.com', 'login': {'uuid': '1f86ff01-143d-4a9e-a0d9-f073d09489fc', 'username': 'ticklishlion974', 'password': '383838', 'salt': 'gqo2PL3O', 'md5': '474f13936b5e2ed795c6222e6f8cabde', 'sha1': 'fa729a5ca09df46166921e0e1a91d40b22dccc0a', 'sha256': 'ad4d086a680b5a3073b63d2d1fc81044f14a090d4e9ff887016db6ee508df319'}, 'dob': {'date': '1946-03-09T07:12:45.065Z', 'age': 78}, 'registered': {'date': '2011-12-26T15:38:36.682Z', 'age': 12}, 'phone': '08-052-559', 'cell': '047-962-19-19', 'id': {'name': 'HETU', 'value': 'NaNNA525undefined'}, 'picture': {'large': 'https://randomuser.me/api/portraits/men/21.jpg', 'medium': 'https://randomuser.me/api/portraits/med/men/21.jpg', 'thumbnail': 'https://randomuser.me/api/portraits/thumb/men/21.jpg'}, 'nat': 'FI'}</msg>
<arg>${json_data['results'][0]}</arg>
<doc>Logs the given message with the given level.</doc>
<status status="PASS" start="2024-06-15T01:05:30.917333" elapsed="0.000402"/>
</kw>
<kw name="Log" owner="BuiltIn">
<msg time="2024-06-15T01:05:30.918154" level="INFO">email</msg>
<arg>${key}</arg>
<doc>Logs the given message with the given level.</doc>
<status status="PASS" start="2024-06-15T01:05:30.918029" elapsed="0.000162"/>
</kw>
<var name="${key}">email</var>
<status status="PASS" start="2024-06-15T01:05:30.916670" elapsed="0.001734"/>
</iter>
<iter>
<kw name="Dictionary Should Contain Key" owner="Collections">
<arg>${json_data['results'][0]}</arg>
<arg>${key}</arg>
<doc>Fails if ``key`` is not found from ``dictionary``.</doc>
<status status="PASS" start="2024-06-15T01:05:30.918716" elapsed="0.000388"/>
</kw>
<kw name="Log" owner="BuiltIn">
<msg time="2024-06-15T01:05:30.919625" level="INFO">{'gender': 'male', 'name': {'title': 'Mr', 'first': 'Anton', 'last': 'Walli'}, 'location': {'street': {'number': 3996, 'name': 'Visiokatu'}, 'city': 'Vesanto', 'state': 'Central Finland', 'country': 'Finland', 'postcode': 18832, 'coordinates': {'latitude': '-24.5422', 'longitude': '-23.4592'}, 'timezone': {'offset': '+3:00', 'description': 'Baghdad, Riyadh, Moscow, St. Petersburg'}}, 'email': 'anton.walli@example.com', 'login': {'uuid': '1f86ff01-143d-4a9e-a0d9-f073d09489fc', 'username': 'ticklishlion974', 'password': '383838', 'salt': 'gqo2PL3O', 'md5': '474f13936b5e2ed795c6222e6f8cabde', 'sha1': 'fa729a5ca09df46166921e0e1a91d40b22dccc0a', 'sha256': 'ad4d086a680b5a3073b63d2d1fc81044f14a090d4e9ff887016db6ee508df319'}, 'dob': {'date': '1946-03-09T07:12:45.065Z', 'age': 78}, 'registered': {'date': '2011-12-26T15:38:36.682Z', 'age': 12}, 'phone': '08-052-559', 'cell': '047-962-19-19', 'id': {'name': 'HETU', 'value': 'NaNNA525undefined'}, 'picture': {'large': 'https://randomuser.me/api/portraits/men/21.jpg', 'medium': 'https://randomuser.me/api/portraits/med/men/21.jpg', 'thumbnail': 'https://randomuser.me/api/portraits/thumb/men/21.jpg'}, 'nat': 'FI'}</msg>
<arg>${json_data['results'][0]}</arg>
<doc>Logs the given message with the given level.</doc>
<status status="PASS" start="2024-06-15T01:05:30.919282" elapsed="0.000390"/>
</kw>
<kw name="Log" owner="BuiltIn">
<msg time="2024-06-15T01:05:30.920086" level="INFO">login</msg>
<arg>${key}</arg>
<doc>Logs the given message with the given level.</doc>
<status status="PASS" start="2024-06-15T01:05:30.919962" elapsed="0.000159"/>
</kw>
<var name="${key}">login</var>
<status status="PASS" start="2024-06-15T01:05:30.918574" elapsed="0.001759"/>
</iter>
<var>${key}</var>
<value>@{expected_keys}</value>
<status status="PASS" start="2024-06-15T01:05:30.910626" elapsed="0.009826"/>
</for>
<kw name="Create List" owner="BuiltIn">
<msg time="2024-06-15T01:05:30.920775" level="INFO">${expected_keysTwo} = ['username', 'password']</msg>
<var>${expected_keysTwo}</var>
<arg>username</arg>
<arg>password</arg>
<doc>Returns a list containing given items.</doc>
<status status="PASS" start="2024-06-15T01:05:30.920637" elapsed="0.000188"/>
</kw>
<for flavor="IN">
<iter>
<kw name="Dictionary Should Contain Key" owner="Collections">
<arg>${json_data['results'][0]['login']}</arg>
<arg>${keyTwo}</arg>
<doc>Fails if ``key`` is not found from ``dictionary``.</doc>
<status status="PASS" start="2024-06-15T01:05:30.921318" elapsed="0.000381"/>
</kw>
<kw name="Dictionary Should Contain Key" owner="Collections">
<arg>${json_data['results'][0]['login']}</arg>
<arg>${keyTwo}</arg>
<doc>Fails if ``key`` is not found from ``dictionary``.</doc>
<status status="PASS" start="2024-06-15T01:05:30.921878" elapsed="0.000375"/>
</kw>
<kw name="Log" owner="BuiltIn">
<msg time="2024-06-15T01:05:30.922543" level="INFO">username</msg>
<arg>${keyTwo}</arg>
<doc>Logs the given message with the given level.</doc>
<status status="PASS" start="2024-06-15T01:05:30.922427" elapsed="0.000157"/>
</kw>
<var name="${keyTwo}">username</var>
<status status="PASS" start="2024-06-15T01:05:30.921212" elapsed="0.001620"/>
</iter>
<iter>
<kw name="Dictionary Should Contain Key" owner="Collections">
<arg>${json_data['results'][0]['login']}</arg>
<arg>${keyTwo}</arg>
<doc>Fails if ``key`` is not found from ``dictionary``.</doc>
<status status="PASS" start="2024-06-15T01:05:30.923112" elapsed="0.000375"/>
</kw>
<kw name="Dictionary Should Contain Key" owner="Collections">
<arg>${json_data['results'][0]['login']}</arg>
<arg>${keyTwo}</arg>
<doc>Fails if ``key`` is not found from ``dictionary``.</doc>
<status status="PASS" start="2024-06-15T01:05:30.923659" elapsed="0.000357"/>
</kw>
<kw name="Log" owner="BuiltIn">
<msg time="2024-06-15T01:05:30.924306" level="INFO">password</msg>
<arg>${keyTwo}</arg>
<doc>Logs the given message with the given level.</doc>
<status status="PASS" start="2024-06-15T01:05:30.924189" elapsed="0.000152"/>
</kw>
<var name="${keyTwo}">password</var>
<status status="PASS" start="2024-06-15T01:05:30.923007" elapsed="0.001553"/>
</iter>
<var>${keyTwo}</var>
<value>@{expected_keysTwo}</value>
<status status="PASS" start="2024-06-15T01:05:30.921064" elapsed="0.003615"/>
</for>
<status status="PASS" start="2024-06-15T01:05:30.496623" elapsed="0.428193"/>
</kw>
<doc>Testa a estrutura da resposta da API.</doc>
<tag>testeEstruturaResposta</tag>
<status status="PASS" start="2024-06-15T01:05:30.496033" elapsed="0.428937"/>
</test>
<test id="s1-s1-t4" name="Validar tipos de dados" line="28">
<kw name="Teste de Tipos de Dados" owner="random-user-service">
<kw name="GET On Session" owner="RequestsLibrary">
<msg time="2024-06-15T01:05:31.063060" level="INFO">GET Request : url=https://randomuser.me/api 
 path_url=/api 
 headers={'User-Agent': 'python-requests/2.32.3', 'Accept-Encoding': 'gzip, deflate', 'Accept': '*/*', 'Connection': 'keep-alive'} 
 body=None 
 </msg>
<msg time="2024-06-15T01:05:31.063155" level="INFO">GET Response : url=https://randomuser.me/api 
 status=200, reason=OK 
 headers={'Date': 'Sat, 15 Jun 2024 01:05:31 GMT', 'Content-Type': 'application/json; charset=utf-8', 'Transfer-Encoding': 'chunked', 'Connection': 'keep-alive', 'X-Powered-By': 'Express', 'Access-Control-Allow-Origin': '*', 'Cache-Control': 'no-cache', 'ETag': 'W/"467-bCCI/rrx6Gu5rMMHRXBS9OMjCIs"', 'Vary': 'Accept-Encoding', 'Content-Encoding': 'gzip', 'CF-Cache-Status': 'DYNAMIC', 'Report-To': '{"endpoints":[{"url":"https:\\/\\/a.nel.cloudflare.com\\/report\\/v4?s=ADhzzDgtEakVDJJjvvM5GTJ8FFJ9GJMN9%2BZ1BOuKj2LV8ZQEgffBKoCczgSAs%2F%2F1iEC1i2FtFy9bD0wnEHLM%2BvjaksHuyN7IkYSjdBm55E99hs0%2BrfxyrrVAZUImQ9xJ"}],"group":"cf-nel","max_age":604800}', 'NEL': '{"success_fraction":0,"report_to":"cf-nel","max_age":604800}', 'Server': 'cloudflare', 'CF-RAY': '893ea6f85d853af3-IAD', 'alt-svc': 'h3=":443"; ma=86400'} 
 body={"results":[{"gender":"male","name":{"title":"Mr","first":"Lyder","last":"Myhr"},"location":{"street":{"number":4482,"name":"Øvrefoss"},"city":"Trøa","state":"Hordaland","country":"Norway","postcode":"5506","coordinates":{"latitude":"44.8839","longitude":"-4.9521"},"timezone":{"offset":"-11:00","description":"Midway Island, Samoa"}},"email":"lyder.myhr@example.com","login":{"uuid":"8907fe53-1e7f-45c3-a7c0-697fae92728b","username":"smallbird451","password":"julien","salt":"f4C9vUp5","md5":"62c88de29d6f9c120f6fdcf0023cdd80","sha1":"c6fb5fec8904ab2e049c6d019a41435cd65b3487","sha256":"43a62577e805f99cc919fb1c64fc309f6a93b550ecf760b19d9f35beb8f3abf7"},"dob":{"date":"1979-01-05T00:04:53.550Z","age":45},"registered":{"date":"2011-05-05T15:18:03.628Z","age":13},"phone":"69514156","cell":"95983324","id":{"name":"FN","value":"05017902123"},"picture":{"large":"https://randomuser.me/api/portraits/men/98.jpg","medium":"https://randomuser.me/api/portraits/med/men/98.jpg","thumbnail":"https://randomuser.me/api/portraits/thumb/men/98.jpg"},"nat":"NO"}],"info":{"seed":"7fa399329e874e96","results":1,"page":1,"version":"1.4"}} 
 </msg>
<msg time="2024-06-15T01:05:31.063228" level="INFO">/opt/hostedtoolcache/Python/3.12.3/x64/lib/python3.12/site-packages/urllib3/connectionpool.py:1103: InsecureRequestWarning: Unverified HTTPS request is being made to host 'randomuser.me'. Adding certificate verification is strongly advised. See: https://urllib3.readthedocs.io/en/latest/advanced-usage.html#tls-warnings
  warnings.warn(</msg>
<msg time="2024-06-15T01:05:31.063350" level="INFO">${response} = &lt;Response [200]&gt;</msg>
<var>${response}</var>
<arg>consultarAPI</arg>
<arg>/api</arg>
<doc>Sends a GET request on a previously created HTTP Session.</doc>
<status status="PASS" start="2024-06-15T01:05:30.927582" elapsed="0.135809"/>
</kw>
<kw name="Set Variable" owner="BuiltIn">
<msg time="2024-06-15T01:05:31.064660" level="INFO">${json_data} = {'results': [{'gender': 'male', 'name': {'title': 'Mr', 'first': 'Lyder', 'last': 'Myhr'}, 'location': {'street': {'number': 4482, 'name': 'Øvrefoss'}, 'city': 'Trøa', 'state': 'Hordaland', 'country':...</msg>
<var>${json_data}</var>
<arg>${response.json()}</arg>
<doc>Returns the given values which can then be assigned to a variables.</doc>
<status status="PASS" start="2024-06-15T01:05:31.064056" elapsed="0.000634"/>
</kw>
<kw name="Log" owner="BuiltIn">
<msg time="2024-06-15T01:05:31.065170" level="INFO">{'results': [{'gender': 'male', 'name': {'title': 'Mr', 'first': 'Lyder', 'last': 'Myhr'}, 'location': {'street': {'number': 4482, 'name': 'Øvrefoss'}, 'city': 'Trøa', 'state': 'Hordaland', 'country': 'Norway', 'postcode': '5506', 'coordinates': {'latitude': '44.8839', 'longitude': '-4.9521'}, 'timezone': {'offset': '-11:00', 'description': 'Midway Island, Samoa'}}, 'email': 'lyder.myhr@example.com', 'login': {'uuid': '8907fe53-1e7f-45c3-a7c0-697fae92728b', 'username': 'smallbird451', 'password': 'julien', 'salt': 'f4C9vUp5', 'md5': '62c88de29d6f9c120f6fdcf0023cdd80', 'sha1': 'c6fb5fec8904ab2e049c6d019a41435cd65b3487', 'sha256': '43a62577e805f99cc919fb1c64fc309f6a93b550ecf760b19d9f35beb8f3abf7'}, 'dob': {'date': '1979-01-05T00:04:53.550Z', 'age': 45}, 'registered': {'date': '2011-05-05T15:18:03.628Z', 'age': 13}, 'phone': '69514156', 'cell': '95983324', 'id': {'name': 'FN', 'value': '05017902123'}, 'picture': {'large': 'https://randomuser.me/api/portraits/men/98.jpg', 'medium': 'https://randomuser.me/api/portraits/med/men/98.jpg', 'thumbnail': 'https://randomuser.me/api/portraits/thumb/men/98.jpg'}, 'nat': 'NO'}], 'info': {'seed': '7fa399329e874e96', 'results': 1, 'page': 1, 'version': '1.4'}}</msg>
<arg>${json_data}</arg>
<doc>Logs the given message with the given level.</doc>
<status status="PASS" start="2024-06-15T01:05:31.065010" elapsed="0.000208"/>
</kw>
<kw name="Should Be String" owner="String">
<arg>${json_data['results'][0]['gender']}</arg>
<doc>Fails if the given ``item`` is not a string.</doc>
<status status="PASS" start="2024-06-15T01:05:31.065508" elapsed="0.000369"/>
</kw>
<kw name="Should Match Regexp" owner="BuiltIn">
<arg>${json_data['results'][0]['email']}</arg>
<arg>^[a-zA-Z0-9._%+-]+@[a-zA-Z0-9.-]+\.[a-zA-Z]{2,}$</arg>
<doc>Fails if ``string`` does not match ``pattern`` as a regular expression.</doc>
<status status="PASS" start="2024-06-15T01:05:31.066062" elapsed="0.000518"/>
</kw>
<kw name="Should Match Regexp" owner="BuiltIn">
<arg>${json_data['results'][0]['dob']['date']}</arg>
<arg>\\d{4}-\\d{2}-\\d{2}T\\d{2}:\\d{2}:\\d{2}\\.\\d{3}Z</arg>
<doc>Fails if ``string`` does not match ``pattern`` as a regular expression.</doc>
<status status="PASS" start="2024-06-15T01:05:31.066867" elapsed="0.000486"/>
</kw>
<kw name="Should Match Regexp" owner="BuiltIn">
<arg>${json_data['results'][0]['registered']['date']}</arg>
<arg>\\d{4}-\\d{2}-\\d{2}T\\d{2}:\\d{2}:\\d{2}\\.\\d{3}Z</arg>
<doc>Fails if ``string`` does not match ``pattern`` as a regular expression.</doc>
<status status="PASS" start="2024-06-15T01:05:31.067545" elapsed="0.000361"/>
</kw>
<kw name="Should Match Regexp" owner="BuiltIn">
<arg>${json_data['results'][0]['picture']['large']}</arg>
<arg>^https?://.*\.(?:png|jpe?g|gif|bmp)$</arg>
<doc>Fails if ``string`` does not match ``pattern`` as a regular expression.</doc>
<status status="PASS" start="2024-06-15T01:05:31.068089" elapsed="0.000453"/>
</kw>
<kw name="Should Match Regexp" owner="BuiltIn">
<arg>${json_data['results'][0]['picture']['medium']}</arg>
<arg>^https?://.*\.(?:png|jpe?g|gif|bmp)$</arg>
<doc>Fails if ``string`` does not match ``pattern`` as a regular expression.</doc>
<status status="PASS" start="2024-06-15T01:05:31.068726" elapsed="0.000356"/>
</kw>
<kw name="Should Match Regexp" owner="BuiltIn">
<arg>${json_data['results'][0]['picture']['thumbnail']}</arg>
<arg>^https?://.*\.(?:png|jpe?g|gif|bmp)$</arg>
<doc>Fails if ``string`` does not match ``pattern`` as a regular expression.</doc>
<status status="PASS" start="2024-06-15T01:05:31.069277" elapsed="0.000344"/>
</kw>
<kw name="Log" owner="BuiltIn">
<msg time="2024-06-15T01:05:31.070122" level="INFO">{'large': 'https://randomuser.me/api/portraits/men/98.jpg', 'medium': 'https://randomuser.me/api/portraits/med/men/98.jpg', 'thumbnail': 'https://randomuser.me/api/portraits/thumb/men/98.jpg'}</msg>
<arg>${json_data['results'][0]['picture']}</arg>
<doc>Logs the given message with the given level.</doc>
<status status="PASS" start="2024-06-15T01:05:31.069798" elapsed="0.000365"/>
</kw>
<status status="PASS" start="2024-06-15T01:05:30.927356" elapsed="0.143065"/>
</kw>
<kw name="Teste de Tipos de Dados - Postcode" owner="random-user-service">
<kw name="GET On Session" owner="RequestsLibrary">
<msg time="2024-06-15T01:05:31.114641" level="INFO">GET Request : url=https://randomuser.me/api 
 path_url=/api 
 headers={'User-Agent': 'python-requests/2.32.3', 'Accept-Encoding': 'gzip, deflate', 'Accept': '*/*', 'Connection': 'keep-alive'} 
 body=None 
 </msg>
<msg time="2024-06-15T01:05:31.114732" level="INFO">GET Response : url=https://randomuser.me/api 
 status=200, reason=OK 
 headers={'Date': 'Sat, 15 Jun 2024 01:05:31 GMT', 'Content-Type': 'application/json; charset=utf-8', 'Transfer-Encoding': 'chunked', 'Connection': 'keep-alive', 'X-Powered-By': 'Express', 'Access-Control-Allow-Origin': '*', 'Cache-Control': 'no-cache', 'ETag': 'W/"49e-e1SlZJ++dKVdqKrZe5+ebdq8Fbg"', 'Vary': 'Accept-Encoding', 'Content-Encoding': 'gzip', 'CF-Cache-Status': 'DYNAMIC', 'Report-To': '{"endpoints":[{"url":"https:\\/\\/a.nel.cloudflare.com\\/report\\/v4?s=6Jl2OUw2zcwv0IWTz%2F2sQ5UbHbvwxqxJ20xbTFRgEB%2F0BU3SQ8RdD4AxcyaN4xUT%2FMJ1jeDAv9EF49iU4jQQv27pDxRWUnO4Cawm%2BSRKpUXYzXADOznzVmml646lzLzG"}],"group":"cf-nel","max_age":604800}', 'NEL': '{"success_fraction":0,"report_to":"cf-nel","max_age":604800}', 'Server': 'cloudflare', 'CF-RAY': '893ea6f93e703af3-IAD', 'alt-svc': 'h3=":443"; ma=86400'} 
 body={"results":[{"gender":"female","name":{"title":"Mrs","first":"Melitta","last":"Jesse"},"location":{"street":{"number":9375,"name":"Königsberger Straße"},"city":"Bad Driburg","state":"Thüringen","country":"Germany","postcode":34836,"coordinates":{"latitude":"-49.5574","longitude":"18.3683"},"timezone":{"offset":"-8:00","description":"Pacific Time (US &amp; Canada)"}},"email":"melitta.jesse@example.com","login":{"uuid":"b692f80f-4329-42a7-99a4-b68dd268316c","username":"crazypanda452","password":"painter","salt":"nlMkMCgJ","md5":"3b95a8f791cbad5fa684904e840bb5ec","sha1":"21d0f8735189883a2912d213b45324c52997d994","sha256":"904e9e1e952e3b29b3739db796edb2ab413aa6340f9b13e5b114efd41fb63981"},"dob":{"date":"1974-07-31T00:51:14.045Z","age":49},"registered":{"date":"2019-10-21T15:49:44.485Z","age":4},"phone":"0145-2137135","cell":"0175-5172153","id":{"name":"SVNR","value":"40 300774 J 894"},"picture":{"large":"https://randomuser.me/api/portraits/women/83.jpg","medium":"https://randomuser.me/api/portraits/med/women/83.jpg","thumbnail":"https://randomuser.me/api/portraits/thumb/women/83.jpg"},"nat":"DE"}],"info":{"seed":"f0418f4696922470","results":1,"page":1,"version":"1.4"}} 
 </msg>
<msg time="2024-06-15T01:05:31.114812" level="INFO">/opt/hostedtoolcache/Python/3.12.3/x64/lib/python3.12/site-packages/urllib3/connectionpool.py:1103: InsecureRequestWarning: Unverified HTTPS request is being made to host 'randomuser.me'. Adding certificate verification is strongly advised. See: https://urllib3.readthedocs.io/en/latest/advanced-usage.html#tls-warnings
  warnings.warn(</msg>
<msg time="2024-06-15T01:05:31.114921" level="INFO">${response} = &lt;Response [200]&gt;</msg>
<var>${response}</var>
<arg>consultarAPI</arg>
<arg>/api</arg>
<doc>Sends a GET request on a previously created HTTP Session.</doc>
<status status="PASS" start="2024-06-15T01:05:31.070909" elapsed="0.044048"/>
</kw>
<kw name="Set Variable" owner="BuiltIn">
<msg time="2024-06-15T01:05:31.115880" level="INFO">${json_data} = {'results': [{'gender': 'female', 'name': {'title': 'Mrs', 'first': 'Melitta', 'last': 'Jesse'}, 'location': {'street': {'number': 9375, 'name': 'Königsberger Straße'}, 'city': 'Bad Driburg', 'state':...</msg>
<var>${json_data}</var>
<arg>${response.json()}</arg>
<doc>Returns the given values which can then be assigned to a variables.</doc>
<status status="PASS" start="2024-06-15T01:05:31.115401" elapsed="0.000508"/>
</kw>
<kw name="Log" owner="BuiltIn">
<msg time="2024-06-15T01:05:31.116366" level="INFO">{'results': [{'gender': 'female', 'name': {'title': 'Mrs', 'first': 'Melitta', 'last': 'Jesse'}, 'location': {'street': {'number': 9375, 'name': 'Königsberger Straße'}, 'city': 'Bad Driburg', 'state': 'Thüringen', 'country': 'Germany', 'postcode': 34836, 'coordinates': {'latitude': '-49.5574', 'longitude': '18.3683'}, 'timezone': {'offset': '-8:00', 'description': 'Pacific Time (US &amp; Canada)'}}, 'email': 'melitta.jesse@example.com', 'login': {'uuid': 'b692f80f-4329-42a7-99a4-b68dd268316c', 'username': 'crazypanda452', 'password': 'painter', 'salt': 'nlMkMCgJ', 'md5': '3b95a8f791cbad5fa684904e840bb5ec', 'sha1': '21d0f8735189883a2912d213b45324c52997d994', 'sha256': '904e9e1e952e3b29b3739db796edb2ab413aa6340f9b13e5b114efd41fb63981'}, 'dob': {'date': '1974-07-31T00:51:14.045Z', 'age': 49}, 'registered': {'date': '2019-10-21T15:49:44.485Z', 'age': 4}, 'phone': '0145-2137135', 'cell': '0175-5172153', 'id': {'name': 'SVNR', 'value': '40 300774 J 894'}, 'picture': {'large': 'https://randomuser.me/api/portraits/women/83.jpg', 'medium': 'https://randomuser.me/api/portraits/med/women/83.jpg', 'thumbnail': 'https://randomuser.me/api/portraits/thumb/women/83.jpg'}, 'nat': 'DE'}], 'info': {'seed': 'f0418f4696922470', 'results': 1, 'page': 1, 'version': '1.4'}}</msg>
<arg>${json_data}</arg>
<doc>Logs the given message with the given level.</doc>
<status status="PASS" start="2024-06-15T01:05:31.116208" elapsed="0.000218"/>
</kw>
<kw name="Should Be Equal As Numbers" owner="BuiltIn">
<arg>${json_data['results'][0]['location']['postcode']}</arg>
<arg>${json_data['results'][0]['location']['postcode']}</arg>
<doc>Fails if objects are unequal after converting them to real numbers.</doc>
<status status="PASS" start="2024-06-15T01:05:31.116719" elapsed="0.000612"/>
</kw>
<kw name="Log" owner="BuiltIn">
<msg time="2024-06-15T01:05:31.117859" level="INFO">34836</msg>
<arg>${json_data['results'][0]['location']['postcode']}</arg>
<doc>Logs the given message with the given level.</doc>
<status status="PASS" start="2024-06-15T01:05:31.117522" elapsed="0.000377"/>
</kw>
<status status="PASS" start="2024-06-15T01:05:31.070675" elapsed="0.047502"/>
</kw>
<doc>Testa se os tipos de dados na resposta da API estão corretos.</doc>
<tag>testeTiposDados</tag>
<status status="PASS" start="2024-06-15T01:05:30.926711" elapsed="0.191631"/>
</test>
<test id="s1-s1-t5" name="Validar conteudo" line="35">
<kw name="Teste de Tipos de Conteudo" owner="random-user-service">
<kw name="GET On Session" owner="RequestsLibrary">
<msg time="2024-06-15T01:05:31.257117" level="INFO">GET Request : url=https://randomuser.me/api 
 path_url=/api 
 headers={'User-Agent': 'python-requests/2.32.3', 'Accept-Encoding': 'gzip, deflate', 'Accept': '*/*', 'Connection': 'keep-alive'} 
 body=None 
 </msg>
<msg time="2024-06-15T01:05:31.257226" level="INFO">GET Response : url=https://randomuser.me/api 
 status=200, reason=OK 
 headers={'Date': 'Sat, 15 Jun 2024 01:05:31 GMT', 'Content-Type': 'application/json; charset=utf-8', 'Transfer-Encoding': 'chunked', 'Connection': 'keep-alive', 'X-Powered-By': 'Express', 'Access-Control-Allow-Origin': '*', 'Cache-Control': 'no-cache', 'ETag': 'W/"469-9bMX/OKhKtKcVzH1ZCF8qUkiqxE"', 'Vary': 'Accept-Encoding', 'Content-Encoding': 'gzip', 'CF-Cache-Status': 'DYNAMIC', 'Report-To': '{"endpoints":[{"url":"https:\\/\\/a.nel.cloudflare.com\\/report\\/v4?s=qqct4kTJFXyPZOsylb5f7PeFe1TmvpdJPnJWtTzNu704Hn71gGX%2BBM5qE4RqpEeb2kp0Vk0ljnG%2Bm2SCanr0k4Jh%2Bjsc2nEU8NMvtrOmRIF%2Fop8h07DT5hutRxsENhv%2F"}],"group":"cf-nel","max_age":604800}', 'NEL': '{"success_fraction":0,"report_to":"cf-nel","max_age":604800}', 'Server': 'cloudflare', 'CF-RAY': '893ea6f98ebc3af3-IAD', 'alt-svc': 'h3=":443"; ma=86400'} 
 body={"results":[{"gender":"female","name":{"title":"Miss","first":"Angela","last":"Havdal"},"location":{"street":{"number":774,"name":"Nedre Skogvei"},"city":"Fagernes","state":"Aust-Agder","country":"Norway","postcode":"0377","coordinates":{"latitude":"45.2729","longitude":"30.4802"},"timezone":{"offset":"+3:30","description":"Tehran"}},"email":"angela.havdal@example.com","login":{"uuid":"14591921-8582-45bb-9ee2-5cec168ee3ff","username":"bluegoose822","password":"tank","salt":"uIiuQTK3","md5":"fcb9cde7986758f0f928376888725018","sha1":"9bb8aa41f0ce06844b9a9aeecf948653d2028d59","sha256":"a7d115e5bd6f0c7fb0dfc510ddd594bdabbc354584fd308602829b8da9353672"},"dob":{"date":"1995-06-28T19:19:09.636Z","age":28},"registered":{"date":"2017-10-01T11:00:39.428Z","age":6},"phone":"55892998","cell":"94465879","id":{"name":"FN","value":"28069520806"},"picture":{"large":"https://randomuser.me/api/portraits/women/6.jpg","medium":"https://randomuser.me/api/portraits/med/women/6.jpg","thumbnail":"https://randomuser.me/api/portraits/thumb/women/6.jpg"},"nat":"NO"}],"info":{"seed":"2877dba09e2cbbde","results":1,"page":1,"version":"1.4"}} 
 </msg>
<msg time="2024-06-15T01:05:31.257326" level="INFO">/opt/hostedtoolcache/Python/3.12.3/x64/lib/python3.12/site-packages/urllib3/connectionpool.py:1103: InsecureRequestWarning: Unverified HTTPS request is being made to host 'randomuser.me'. Adding certificate verification is strongly advised. See: https://urllib3.readthedocs.io/en/latest/advanced-usage.html#tls-warnings
  warnings.warn(</msg>
<msg time="2024-06-15T01:05:31.257455" level="INFO">${response} = &lt;Response [200]&gt;</msg>
<var>${response}</var>
<arg>consultarAPI</arg>
<arg>/api</arg>
<doc>Sends a GET request on a previously created HTTP Session.</doc>
<status status="PASS" start="2024-06-15T01:05:31.120976" elapsed="0.136521"/>
</kw>
<kw name="Set Variable" owner="BuiltIn">
<msg time="2024-06-15T01:05:31.258542" level="INFO">${json_data} = {'results': [{'gender': 'female', 'name': {'title': 'Miss', 'first': 'Angela', 'last': 'Havdal'}, 'location': {'street': {'number': 774, 'name': 'Nedre Skogvei'}, 'city': 'Fagernes', 'state': 'Aust-Ag...</msg>
<var>${json_data}</var>
<arg>${response.json()}</arg>
<doc>Returns the given values which can then be assigned to a variables.</doc>
<status status="PASS" start="2024-06-15T01:05:31.258049" elapsed="0.000522"/>
</kw>
<kw name="Set Variable" owner="BuiltIn">
<msg time="2024-06-15T01:05:31.259299" level="INFO">${name_title} = Miss</msg>
<var>${name_title}</var>
<arg>${json_data["results"][0]["name"]["title"]}</arg>
<doc>Returns the given values which can then be assigned to a variables.</doc>
<status status="PASS" start="2024-06-15T01:05:31.258923" elapsed="0.000401"/>
</kw>
<kw name="Create List" owner="BuiltIn">
<msg time="2024-06-15T01:05:31.259763" level="INFO">${allowed_titles} = ['Mr', 'Ms', 'Miss', 'Mrs', 'Madame', 'Monsieur']</msg>
<var>${allowed_titles}</var>
<arg>Mr</arg>
<arg>Ms</arg>
<arg>Miss</arg>
<arg>Mrs</arg>
<arg>Madame</arg>
<arg>Monsieur</arg>
<doc>Returns a list containing given items.</doc>
<status status="PASS" start="2024-06-15T01:05:31.259616" elapsed="0.000171"/>
</kw>
<kw name="List Should Contain Value" owner="Collections">
<arg>${allowed_titles}</arg>
<arg>${name_title}</arg>
<doc>Fails if the ``value`` is not found from ``list``.</doc>
<status status="PASS" start="2024-06-15T01:05:31.260081" elapsed="0.000175"/>
</kw>
<kw name="Set Variable" owner="BuiltIn">
<msg time="2024-06-15T01:05:31.260788" level="INFO">${name_country} = NO</msg>
<var>${name_country}</var>
<arg>${json_data["results"][0]["nat"]}</arg>
<doc>Returns the given values which can then be assigned to a variables.</doc>
<status status="PASS" start="2024-06-15T01:05:31.260431" elapsed="0.000381"/>
</kw>
<kw name="Create List" owner="BuiltIn">
<msg time="2024-06-15T01:05:31.261696" level="INFO">${list_country} = ['AD', 'AE', 'AF', 'AG', 'AI', 'AL', 'AM', 'AO', 'AQ', 'AR', 'AS', 'AT', 'AU', 'AW', 'AX', 'AZ', 'BA', 'BB', 'BD', 'BE', 'BF', 'BG', 'BH', 'BI', 'BJ', 'BL', 'BM', 'BN', 'BO', 'BQ', 'BR', 'BS', 'BT', '...</msg>
<var>${list_country}</var>
<arg>AD</arg>
<arg>AE</arg>
<arg>AF</arg>
<arg>AG</arg>
<arg>AI</arg>
<arg>AL</arg>
<arg>AM</arg>
<arg>AO</arg>
<arg>AQ</arg>
<arg>AR</arg>
<arg>AS</arg>
<arg>AT</arg>
<arg>AU</arg>
<arg>AW</arg>
<arg>AX</arg>
<arg>AZ</arg>
<arg>BA</arg>
<arg>BB</arg>
<arg>BD</arg>
<arg>BE</arg>
<arg>BF</arg>
<arg>BG</arg>
<arg>BH</arg>
<arg>BI</arg>
<arg>BJ</arg>
<arg>BL</arg>
<arg>BM</arg>
<arg>BN</arg>
<arg>BO</arg>
<arg>BQ</arg>
<arg>BR</arg>
<arg>BS</arg>
<arg>BT</arg>
<arg>BV</arg>
<arg>BW</arg>
<arg>BY</arg>
<arg>BZ</arg>
<arg>CA</arg>
<arg>CC</arg>
<arg>CD</arg>
<arg>CF</arg>
<arg>CG</arg>
<arg>CH</arg>
<arg>CI</arg>
<arg>CK</arg>
<arg>CL</arg>
<arg>CM</arg>
<arg>CN</arg>
<arg>CO</arg>
<arg>CR</arg>
<arg>CU</arg>
<arg>CV</arg>
<arg>CW</arg>
<arg>CX</arg>
<arg>CY</arg>
<arg>CZ</arg>
<arg>DE</arg>
<arg>DJ</arg>
<arg>DK</arg>
<arg>DM</arg>
<arg>DO</arg>
<arg>DZ</arg>
<arg>EC</arg>
<arg>EE</arg>
<arg>EG</arg>
<arg>EH</arg>
<arg>ER</arg>
<arg>ES</arg>
<arg>ET</arg>
<arg>FI</arg>
<arg>FJ</arg>
<arg>FK</arg>
<arg>FM</arg>
<arg>FO</arg>
<arg>FR</arg>
<arg>GA</arg>
<arg>GB</arg>
<arg>GD</arg>
<arg>GE</arg>
<arg>GF</arg>
<arg>GG</arg>
<arg>GH</arg>
<arg>GI</arg>
<arg>GL</arg>
<arg>GM</arg>
<arg>GN</arg>
<arg>GP</arg>
<arg>GQ</arg>
<arg>GR</arg>
<arg>GS</arg>
<arg>GT</arg>
<arg>GU</arg>
<arg>GW</arg>
<arg>GY</arg>
<arg>HK</arg>
<arg>HM</arg>
<arg>HN</arg>
<arg>HR</arg>
<arg>HT</arg>
<arg>HU</arg>
<arg>ID</arg>
<arg>IE</arg>
<arg>IL</arg>
<arg>IM</arg>
<arg>IN</arg>
<arg>IO</arg>
<arg>IQ</arg>
<arg>IR</arg>
<arg>IS</arg>
<arg>IT</arg>
<arg>JE</arg>
<arg>JM</arg>
<arg>JO</arg>
<arg>JP</arg>
<arg>KE</arg>
<arg>KG</arg>
<arg>KH</arg>
<arg>KI</arg>
<arg>KM</arg>
<arg>KN</arg>
<arg>KP</arg>
<arg>KR</arg>
<arg>KW</arg>
<arg>KY</arg>
<arg>KZ</arg>
<arg>LA</arg>
<arg>LB</arg>
<arg>LC</arg>
<arg>LI</arg>
<arg>LK</arg>
<arg>LR</arg>
<arg>LS</arg>
<arg>LT</arg>
<arg>LU</arg>
<arg>LV</arg>
<arg>LY</arg>
<arg>MA</arg>
<arg>MC</arg>
<arg>MD</arg>
<arg>ME</arg>
<arg>MF</arg>
<arg>MG</arg>
<arg>MH</arg>
<arg>MK</arg>
<arg>ML</arg>
<arg>MM</arg>
<arg>MN</arg>
<arg>MO</arg>
<arg>MP</arg>
<arg>MQ</arg>
<arg>MR</arg>
<arg>MS</arg>
<arg>MT</arg>
<arg>MU</arg>
<arg>MV</arg>
<arg>MW</arg>
<arg>MX</arg>
<arg>MY</arg>
<arg>MZ</arg>
<arg>NA</arg>
<arg>NC</arg>
<arg>NE</arg>
<arg>NF</arg>
<arg>NG</arg>
<arg>NI</arg>
<arg>NL</arg>
<arg>NO</arg>
<arg>NP</arg>
<arg>NR</arg>
<arg>NU</arg>
<arg>NZ</arg>
<arg>OM</arg>
<arg>PA</arg>
<arg>PE</arg>
<arg>PF</arg>
<arg>PG</arg>
<arg>PH</arg>
<arg>PK</arg>
<arg>PL</arg>
<arg>PM</arg>
<arg>PN</arg>
<arg>PR</arg>
<arg>PS</arg>
<arg>PT</arg>
<arg>PW</arg>
<arg>PY</arg>
<arg>QA</arg>
<arg>RE</arg>
<arg>RO</arg>
<arg>RS</arg>
<arg>RU</arg>
<arg>RW</arg>
<arg>SA</arg>
<arg>SB</arg>
<arg>SC</arg>
<arg>SD</arg>
<arg>SE</arg>
<arg>SG</arg>
<arg>SH</arg>
<arg>SI</arg>
<arg>SJ</arg>
<arg>SK</arg>
<arg>SL</arg>
<arg>SM</arg>
<arg>SN</arg>
<arg>SO</arg>
<arg>SR</arg>
<arg>SS</arg>
<arg>ST</arg>
<arg>SV</arg>
<arg>SX</arg>
<arg>SY</arg>
<arg>SZ</arg>
<arg>TC</arg>
<arg>TD</arg>
<arg>TF</arg>
<arg>TG</arg>
<arg>TH</arg>
<arg>TJ</arg>
<arg>TK</arg>
<arg>TL</arg>
<arg>TM</arg>
<arg>TN</arg>
<arg>TO</arg>
<arg>TR</arg>
<arg>TT</arg>
<arg>TV</arg>
<arg>TW</arg>
<arg>TZ</arg>
<arg>UA</arg>
<arg>UG</arg>
<arg>UM</arg>
<arg>US</arg>
<arg>UY</arg>
<arg>UZ</arg>
<arg>VA</arg>
<arg>VC</arg>
<arg>VE</arg>
<arg>VG</arg>
<arg>VI</arg>
<arg>VN</arg>
<arg>VU</arg>
<arg>WF</arg>
<arg>WS</arg>
<arg>XK</arg>
<arg>YE</arg>
<arg>YT</arg>
<arg>ZA</arg>
<arg>ZM</arg>
<arg>ZW</arg>
<doc>Returns a list containing given items.</doc>
<status status="PASS" start="2024-06-15T01:05:31.261100" elapsed="0.000620"/>
</kw>
<kw name="List Should Contain Value" owner="Collections">
<arg>${list_country}</arg>
<arg>${name_country}</arg>
<doc>Fails if the ``value`` is not found from ``list``.</doc>
<status status="PASS" start="2024-06-15T01:05:31.262523" elapsed="0.000224"/>
</kw>
<kw name="Run Keyword If" owner="BuiltIn">
<kw name="Should Be True" owner="BuiltIn">
<arg>${True}</arg>
<doc>Fails if the given condition is not true.</doc>
<status status="PASS" start="2024-06-15T01:05:31.263691" elapsed="0.000138"/>
</kw>
<arg>${json_data["results"][0]["location"]["coordinates"]["latitude"]} &gt;= -90 and ${json_data["results"][0]["location"]["coordinates"]["latitude"]} &lt;= 90</arg>
<arg>Should Be True</arg>
<arg>${True}</arg>
<doc>Runs the given keyword with the given arguments, if ``condition`` is true.</doc>
<status status="PASS" start="2024-06-15T01:05:31.262948" elapsed="0.001005"/>
</kw>
<kw name="Run Keyword If" owner="BuiltIn">
<kw name="Should Be True" owner="BuiltIn">
<arg>${True}</arg>
<doc>Fails if the given condition is not true.</doc>
<status status="PASS" start="2024-06-15T01:05:31.264802" elapsed="0.000133"/>
</kw>
<arg>${json_data["results"][0]["location"]["coordinates"]["longitude"]} &gt;= -180 and ${json_data["results"][0]["location"]["coordinates"]["longitude"]} &lt;= 180</arg>
<arg>Should Be True</arg>
<arg>${True}</arg>
<doc>Runs the given keyword with the given arguments, if ``condition`` is true.</doc>
<status status="PASS" start="2024-06-15T01:05:31.264131" elapsed="0.000923"/>
</kw>
<status status="PASS" start="2024-06-15T01:05:31.120605" elapsed="0.144581"/>
</kw>
<doc>Testa o conteúdo específico dos campos retornados pela API.</doc>
<tag>testeConteudo</tag>
<status status="PASS" start="2024-06-15T01:05:31.120124" elapsed="0.145214"/>
</test>
<status status="PASS" start="2024-06-15T01:05:30.031736" elapsed="1.235559"/>
</suite>
<status status="PASS" start="2024-06-15T01:05:30.018177" elapsed="1.254224"/>
</suite>
<statistics>
<total>
<stat pass="5" fail="0" skip="0">All Tests</stat>
</total>
<tag>
<stat pass="1" fail="0" skip="0">testeConteudo</stat>
<stat pass="1" fail="0" skip="0">testeEstruturaResposta</stat>
<stat pass="1" fail="0" skip="0">testeRequisicaoBasica</stat>
<stat pass="1" fail="0" skip="0">testeTiposDados</stat>
</tag>
<suite>
<stat pass="5" fail="0" skip="0" id="s1" name="Tests">Tests</stat>
<stat pass="5" fail="0" skip="0" id="s1-s1" name="Random-User-Test">Tests.Random-User-Test</stat>
</suite>
</statistics>
<errors>
</errors>
</robot>
