<?xml version="1.0" encoding="UTF-8"?>
<robot generator="Robot 7.0 (Python 3.12.3 on linux)" generated="2024-04-22T15:14:58.741314" rpa="false" schemaversion="5">
<suite id="s1" name="Tests" source="/home/runner/work/DesafioQAItauRogerioJordao/DesafioQAItauRogerioJordao/RamdonUser/tests">
<suite id="s1-s1" name="Random-User-Test" source="/home/runner/work/DesafioQAItauRogerioJordao/DesafioQAItauRogerioJordao/RamdonUser/tests/random-user-test.robot">
<test id="s1-s1-t1" name="Conectar" line="13">
<kw name="Conectar API" owner="random-user-service">
<kw name="Create Session" owner="RequestsLibrary">
<msg time="2024-04-22T15:14:59.128154" level="INFO">Creating Session using : alias=consultarAPI, url=https://randomuser.me/, headers={},                     cookies={}, auth=None, timeout=None, proxies=None, verify=False,                     debug=0 </msg>
<arg>consultarAPI</arg>
<arg>${URL}</arg>
<doc>Create Session: create a HTTP session to a server</doc>
<status status="PASS" start="2024-04-22T15:14:59.127958" elapsed="0.000381"/>
</kw>
<status status="PASS" start="2024-04-22T15:14:59.126996" elapsed="0.001699"/>
</kw>
<status status="PASS" start="2024-04-22T15:14:59.126367" elapsed="0.002519"/>
</test>
<test id="s1-s1-t2" name="Validar retorno 200 e JSON Válido" line="16">
<kw name="Teste de Requisicao Basica" owner="random-user-service">
<kw name="GET On Session" owner="RequestsLibrary">
<msg time="2024-04-22T15:14:59.914799" level="INFO">GET Request : url=https://randomuser.me/api 
 path_url=/api 
 headers={'User-Agent': 'python-requests/2.31.0', 'Accept-Encoding': 'gzip, deflate', 'Accept': '*/*', 'Connection': 'keep-alive'} 
 body=None 
 </msg>
<msg time="2024-04-22T15:14:59.914970" level="INFO">GET Response : url=https://randomuser.me/api 
 status=200, reason=OK 
 headers={'Date': 'Mon, 22 Apr 2024 15:14:59 GMT', 'Content-Type': 'application/json; charset=utf-8', 'Transfer-Encoding': 'chunked', 'Connection': 'keep-alive', 'X-Powered-By': 'Express', 'Access-Control-Allow-Origin': '*', 'Cache-Control': 'no-cache', 'ETag': 'W/"497-bW+DwLDQO256OkWjh5Ol76QZxY8"', 'Vary': 'Accept-Encoding', 'Content-Encoding': 'gzip', 'CF-Cache-Status': 'DYNAMIC', 'Report-To': '{"endpoints":[{"url":"https:\\/\\/a.nel.cloudflare.com\\/report\\/v4?s=M%2B1E%2FPpJ6FhZcScjPYLek1KCEK%2Bth4c4y74mvG9iqusymNyjzvcTVUXygNyU7XtBxAmSwGVjzVJPyNZbzAEKC2QBNMqTLGi32lH%2BLBt6AAu9dr2pFuQOd6grPjo2Ah%2Fa"}],"group":"cf-nel","max_age":604800}', 'NEL': '{"success_fraction":0,"report_to":"cf-nel","max_age":604800}', 'Server': 'cloudflare', 'CF-RAY': '87869110b94d2b50-LAX', 'alt-svc': 'h3=":443"; ma=86400'} 
 body={"results":[{"gender":"female","name":{"title":"Miss","first":"Yolanda","last":"Sanz"},"location":{"street":{"number":451,"name":"Calle de Arturo Soria"},"city":"Arrecife","state":"Castilla y León","country":"Spain","postcode":69539,"coordinates":{"latitude":"-34.5804","longitude":"85.1342"},"timezone":{"offset":"+6:00","description":"Almaty, Dhaka, Colombo"}},"email":"yolanda.sanz@example.com","login":{"uuid":"fe3c0515-a091-4b02-a20f-1da46659ea30","username":"yellowbutterfly833","password":"1111111","salt":"dKgTbjij","md5":"4b65bae89e09248934d41614bbaa3fb5","sha1":"ceb15b41e218b8749e44cdb8115d56beb182f7bf","sha256":"3a1fe6c640611203f1788b154f0bf703b3509d33bcabe0cb4cb8a3e091cb47ca"},"dob":{"date":"1981-09-04T08:54:10.458Z","age":42},"registered":{"date":"2007-07-17T18:48:52.212Z","age":16},"phone":"933-586-100","cell":"606-064-216","id":{"name":"DNI","value":"37216784-C"},"picture":{"large":"https://randomuser.me/api/portraits/women/38.jpg","medium":"https://randomuser.me/api/portraits/med/women/38.jpg","thumbnail":"https://randomuser.me/api/portraits/thumb/women/38.jpg"},"nat":"ES"}],"info":{"seed":"f62d50d34944ddef","results":1,"page":1,"version":"1.4"}} 
 </msg>
<msg time="2024-04-22T15:14:59.915074" level="INFO">/opt/hostedtoolcache/Python/3.12.3/x64/lib/python3.12/site-packages/urllib3/connectionpool.py:1103: InsecureRequestWarning: Unverified HTTPS request is being made to host 'randomuser.me'. Adding certificate verification is strongly advised. See: https://urllib3.readthedocs.io/en/latest/advanced-usage.html#tls-warnings
  warnings.warn(</msg>
<msg time="2024-04-22T15:14:59.915233" level="INFO">${response} = &lt;Response [200]&gt;</msg>
<var>${response}</var>
<arg>consultarAPI</arg>
<arg>/api</arg>
<doc>Sends a GET request on a previously created HTTP Session.</doc>
<status status="PASS" start="2024-04-22T15:14:59.131611" elapsed="0.783662"/>
</kw>
<kw name="Should Be Equal As Numbers" owner="BuiltIn">
<msg time="2024-04-22T15:14:59.916390" level="INFO">Argument types are:
&lt;class 'int'&gt;
&lt;class 'str'&gt;</msg>
<arg>${response.status_code}</arg>
<arg>200</arg>
<doc>Fails if objects are unequal after converting them to real numbers.</doc>
<status status="PASS" start="2024-04-22T15:14:59.915911" elapsed="0.000544"/>
</kw>
<kw name="Log" owner="BuiltIn">
<msg time="2024-04-22T15:14:59.917144" level="INFO">200</msg>
<arg>${response.status_code}</arg>
<doc>Logs the given message with the given level.</doc>
<status status="PASS" start="2024-04-22T15:14:59.916800" elapsed="0.000384"/>
</kw>
<kw name="Set Variable" owner="BuiltIn">
<msg time="2024-04-22T15:14:59.917961" level="INFO">${json_data} = {'results': [{'gender': 'female', 'name': {'title': 'Miss', 'first': 'Yolanda', 'last': 'Sanz'}, 'location': {'street': {'number': 451, 'name': 'Calle de Arturo Soria'}, 'city': 'Arrecife', 'state': '...</msg>
<var>${json_data}</var>
<arg>${response.json()}</arg>
<doc>Returns the given values which can then be assigned to a variables.</doc>
<status status="PASS" start="2024-04-22T15:14:59.917485" elapsed="0.000505"/>
</kw>
<kw name="Dictionary Should Contain Key" owner="Collections">
<msg time="2024-04-22T15:14:59.918461" level="INFO">False</msg>
<arg>${json_data}</arg>
<arg>results</arg>
<doc>Fails if ``key`` is not found from ``dictionary``.</doc>
<status status="PASS" start="2024-04-22T15:14:59.918290" elapsed="0.000211"/>
</kw>
<status status="PASS" start="2024-04-22T15:14:59.131370" elapsed="0.787389"/>
</kw>
<doc>Testa se a API responde corretamente e retorna um objeto JSON válido.</doc>
<tag>testeRequisicaoBasica</tag>
<status status="PASS" start="2024-04-22T15:14:59.130829" elapsed="0.788111"/>
</test>
<test id="s1-s1-t3" name="Validar estrutura de resposta" line="22">
<kw name="Teste de Estrutura de Resposta" owner="random-user-service">
<kw name="GET On Session" owner="RequestsLibrary">
<msg time="2024-04-22T15:15:00.136790" level="INFO">GET Request : url=https://randomuser.me/api 
 path_url=/api 
 headers={'User-Agent': 'python-requests/2.31.0', 'Accept-Encoding': 'gzip, deflate', 'Accept': '*/*', 'Connection': 'keep-alive'} 
 body=None 
 </msg>
<msg time="2024-04-22T15:15:00.136888" level="INFO">GET Response : url=https://randomuser.me/api 
 status=200, reason=OK 
 headers={'Date': 'Mon, 22 Apr 2024 15:15:00 GMT', 'Content-Type': 'application/json; charset=utf-8', 'Transfer-Encoding': 'chunked', 'Connection': 'keep-alive', 'X-Powered-By': 'Express', 'Access-Control-Allow-Origin': '*', 'Cache-Control': 'no-cache', 'ETag': 'W/"482-QuC1LWqX2TMF9HAnmPWO3q9gZy0"', 'Vary': 'Accept-Encoding', 'Content-Encoding': 'gzip', 'CF-Cache-Status': 'DYNAMIC', 'Report-To': '{"endpoints":[{"url":"https:\\/\\/a.nel.cloudflare.com\\/report\\/v4?s=evj%2FNZhg1ttKu42YfKOvymUW4zlp0kPtCnecG6MQ0orb68X9rmEMBD4iwKwyXy03v6J1G65VLLGp9fT7ADQ8kBX%2FAy6QYOd8Cu7fNWJlzq%2Fw4pPDanZ7pSqnDgwy51dS"}],"group":"cf-nel","max_age":604800}', 'NEL': '{"success_fraction":0,"report_to":"cf-nel","max_age":604800}', 'Server': 'cloudflare', 'CF-RAY': '878691148f252b50-LAX', 'alt-svc': 'h3=":443"; ma=86400'} 
 body={"results":[{"gender":"male","name":{"title":"Mr","first":"امیر","last":"مرادی"},"location":{"street":{"number":5243,"name":"میرداماد"},"city":"ارومیه","state":"چهارمحال و بختیاری","country":"Iran","postcode":87671,"coordinates":{"latitude":"16.2643","longitude":"-142.4206"},"timezone":{"offset":"-9:00","description":"Alaska"}},"email":"myr.mrdy@example.com","login":{"uuid":"3918c1bd-ff91-4584-9dea-89973af37e8c","username":"tinymouse592","password":"smokie","salt":"79JfvIqM","md5":"8aaa68b632d3684337effcf99a23a257","sha1":"2536c6084e1ad27dfcb098524e18fbc6ea84e4c8","sha256":"3f4367c29d657c1a423b6db85dc8e590a3d6aa0c4156c67db9b1b9451479a793"},"dob":{"date":"1980-02-13T10:38:28.287Z","age":44},"registered":{"date":"2014-10-13T06:08:20.965Z","age":9},"phone":"016-91485869","cell":"0986-893-3322","id":{"name":"","value":null},"picture":{"large":"https://randomuser.me/api/portraits/men/44.jpg","medium":"https://randomuser.me/api/portraits/med/men/44.jpg","thumbnail":"https://randomuser.me/api/portraits/thumb/men/44.jpg"},"nat":"IR"}],"info":{"seed":"83b7ce6db9bdc7e1","results":1,"page":1,"version":"1.4"}} 
 </msg>
<msg time="2024-04-22T15:15:00.137016" level="INFO">/opt/hostedtoolcache/Python/3.12.3/x64/lib/python3.12/site-packages/urllib3/connectionpool.py:1103: InsecureRequestWarning: Unverified HTTPS request is being made to host 'randomuser.me'. Adding certificate verification is strongly advised. See: https://urllib3.readthedocs.io/en/latest/advanced-usage.html#tls-warnings
  warnings.warn(</msg>
<msg time="2024-04-22T15:15:00.137137" level="INFO">${response} = &lt;Response [200]&gt;</msg>
<var>${response}</var>
<arg>consultarAPI</arg>
<arg>/api</arg>
<doc>Sends a GET request on a previously created HTTP Session.</doc>
<status status="PASS" start="2024-04-22T15:14:59.921596" elapsed="0.215573"/>
</kw>
<kw name="Set Variable" owner="BuiltIn">
<msg time="2024-04-22T15:15:00.138265" level="INFO">${json_data} = {'results': [{'gender': 'male', 'name': {'title': 'Mr', 'first': 'امیر', 'last': 'مرادی'}, 'location': {'street': {'number': 5243, 'name': 'میرداماد'}, 'city': 'ارومیه', 'state': 'چهارمحال و بختیاری',...</msg>
<var>${json_data}</var>
<arg>${response.json()}</arg>
<doc>Returns the given values which can then be assigned to a variables.</doc>
<status status="PASS" start="2024-04-22T15:15:00.137676" elapsed="0.000620"/>
</kw>
<kw name="Log" owner="BuiltIn">
<msg time="2024-04-22T15:15:00.138767" level="INFO">{'results': [{'gender': 'male', 'name': {'title': 'Mr', 'first': 'امیر', 'last': 'مرادی'}, 'location': {'street': {'number': 5243, 'name': 'میرداماد'}, 'city': 'ارومیه', 'state': 'چهارمحال و بختیاری', 'country': 'Iran', 'postcode': 87671, 'coordinates': {'latitude': '16.2643', 'longitude': '-142.4206'}, 'timezone': {'offset': '-9:00', 'description': 'Alaska'}}, 'email': 'myr.mrdy@example.com', 'login': {'uuid': '3918c1bd-ff91-4584-9dea-89973af37e8c', 'username': 'tinymouse592', 'password': 'smokie', 'salt': '79JfvIqM', 'md5': '8aaa68b632d3684337effcf99a23a257', 'sha1': '2536c6084e1ad27dfcb098524e18fbc6ea84e4c8', 'sha256': '3f4367c29d657c1a423b6db85dc8e590a3d6aa0c4156c67db9b1b9451479a793'}, 'dob': {'date': '1980-02-13T10:38:28.287Z', 'age': 44}, 'registered': {'date': '2014-10-13T06:08:20.965Z', 'age': 9}, 'phone': '016-91485869', 'cell': '0986-893-3322', 'id': {'name': '', 'value': None}, 'picture': {'large': 'https://randomuser.me/api/portraits/men/44.jpg', 'medium': 'https://randomuser.me/api/portraits/med/men/44.jpg', 'thumbnail': 'https://randomuser.me/api/portraits/thumb/men/44.jpg'}, 'nat': 'IR'}], 'info': {'seed': '83b7ce6db9bdc7e1', 'results': 1, 'page': 1, 'version': '1.4'}}</msg>
<arg>${json_data}</arg>
<doc>Logs the given message with the given level.</doc>
<status status="PASS" start="2024-04-22T15:15:00.138603" elapsed="0.000214"/>
</kw>
<kw name="Dictionary Should Contain Key" owner="Collections">
<msg time="2024-04-22T15:15:00.139266" level="INFO">False</msg>
<arg>${json_data}</arg>
<arg>results</arg>
<doc>Fails if ``key`` is not found from ``dictionary``.</doc>
<status status="PASS" start="2024-04-22T15:15:00.139107" elapsed="0.000196"/>
</kw>
<kw name="Should Not Be Empty" owner="BuiltIn">
<msg time="2024-04-22T15:15:00.139730" level="INFO">Length is 2.</msg>
<arg>${json_data}</arg>
<doc>Verifies that the given item is not empty.</doc>
<status status="PASS" start="2024-04-22T15:15:00.139590" elapsed="0.000333"/>
</kw>
<kw name="Create List" owner="BuiltIn">
<msg time="2024-04-22T15:15:00.140372" level="INFO">${expected_keys} = ['gender', 'name', 'location', 'email', 'login']</msg>
<var>${expected_keys}</var>
<arg>gender</arg>
<arg>name</arg>
<arg>location</arg>
<arg>email</arg>
<arg>login</arg>
<doc>Returns a list containing given items.</doc>
<status status="PASS" start="2024-04-22T15:15:00.140219" elapsed="0.000177"/>
</kw>
<for flavor="IN">
<iter>
<kw name="Dictionary Should Contain Key" owner="Collections">
<msg time="2024-04-22T15:15:00.141378" level="INFO">False</msg>
<arg>${json_data['results'][0]}</arg>
<arg>${key}</arg>
<doc>Fails if ``key`` is not found from ``dictionary``.</doc>
<status status="PASS" start="2024-04-22T15:15:00.140975" elapsed="0.000441"/>
</kw>
<kw name="Log" owner="BuiltIn">
<msg time="2024-04-22T15:15:00.142106" level="INFO">{'gender': 'male', 'name': {'title': 'Mr', 'first': 'امیر', 'last': 'مرادی'}, 'location': {'street': {'number': 5243, 'name': 'میرداماد'}, 'city': 'ارومیه', 'state': 'چهارمحال و بختیاری', 'country': 'Iran', 'postcode': 87671, 'coordinates': {'latitude': '16.2643', 'longitude': '-142.4206'}, 'timezone': {'offset': '-9:00', 'description': 'Alaska'}}, 'email': 'myr.mrdy@example.com', 'login': {'uuid': '3918c1bd-ff91-4584-9dea-89973af37e8c', 'username': 'tinymouse592', 'password': 'smokie', 'salt': '79JfvIqM', 'md5': '8aaa68b632d3684337effcf99a23a257', 'sha1': '2536c6084e1ad27dfcb098524e18fbc6ea84e4c8', 'sha256': '3f4367c29d657c1a423b6db85dc8e590a3d6aa0c4156c67db9b1b9451479a793'}, 'dob': {'date': '1980-02-13T10:38:28.287Z', 'age': 44}, 'registered': {'date': '2014-10-13T06:08:20.965Z', 'age': 9}, 'phone': '016-91485869', 'cell': '0986-893-3322', 'id': {'name': '', 'value': None}, 'picture': {'large': 'https://randomuser.me/api/portraits/men/44.jpg', 'medium': 'https://randomuser.me/api/portraits/med/men/44.jpg', 'thumbnail': 'https://randomuser.me/api/portraits/thumb/men/44.jpg'}, 'nat': 'IR'}</msg>
<arg>${json_data['results'][0]}</arg>
<doc>Logs the given message with the given level.</doc>
<status status="PASS" start="2024-04-22T15:15:00.141714" elapsed="0.000443"/>
</kw>
<kw name="Log" owner="BuiltIn">
<msg time="2024-04-22T15:15:00.142577" level="INFO">gender</msg>
<arg>${key}</arg>
<doc>Logs the given message with the given level.</doc>
<status status="PASS" start="2024-04-22T15:15:00.142450" elapsed="0.000163"/>
</kw>
<var name="${key}">gender</var>
<status status="PASS" start="2024-04-22T15:15:00.140850" elapsed="0.001972"/>
</iter>
<iter>
<kw name="Dictionary Should Contain Key" owner="Collections">
<msg time="2024-04-22T15:15:00.143497" level="INFO">False</msg>
<arg>${json_data['results'][0]}</arg>
<arg>${key}</arg>
<doc>Fails if ``key`` is not found from ``dictionary``.</doc>
<status status="PASS" start="2024-04-22T15:15:00.143116" elapsed="0.000418"/>
</kw>
<kw name="Log" owner="BuiltIn">
<msg time="2024-04-22T15:15:00.144217" level="INFO">{'gender': 'male', 'name': {'title': 'Mr', 'first': 'امیر', 'last': 'مرادی'}, 'location': {'street': {'number': 5243, 'name': 'میرداماد'}, 'city': 'ارومیه', 'state': 'چهارمحال و بختیاری', 'country': 'Iran', 'postcode': 87671, 'coordinates': {'latitude': '16.2643', 'longitude': '-142.4206'}, 'timezone': {'offset': '-9:00', 'description': 'Alaska'}}, 'email': 'myr.mrdy@example.com', 'login': {'uuid': '3918c1bd-ff91-4584-9dea-89973af37e8c', 'username': 'tinymouse592', 'password': 'smokie', 'salt': '79JfvIqM', 'md5': '8aaa68b632d3684337effcf99a23a257', 'sha1': '2536c6084e1ad27dfcb098524e18fbc6ea84e4c8', 'sha256': '3f4367c29d657c1a423b6db85dc8e590a3d6aa0c4156c67db9b1b9451479a793'}, 'dob': {'date': '1980-02-13T10:38:28.287Z', 'age': 44}, 'registered': {'date': '2014-10-13T06:08:20.965Z', 'age': 9}, 'phone': '016-91485869', 'cell': '0986-893-3322', 'id': {'name': '', 'value': None}, 'picture': {'large': 'https://randomuser.me/api/portraits/men/44.jpg', 'medium': 'https://randomuser.me/api/portraits/med/men/44.jpg', 'thumbnail': 'https://randomuser.me/api/portraits/thumb/men/44.jpg'}, 'nat': 'IR'}</msg>
<arg>${json_data['results'][0]}</arg>
<doc>Logs the given message with the given level.</doc>
<status status="PASS" start="2024-04-22T15:15:00.143854" elapsed="0.000413"/>
</kw>
<kw name="Log" owner="BuiltIn">
<msg time="2024-04-22T15:15:00.144687" level="INFO">name</msg>
<arg>${key}</arg>
<doc>Logs the given message with the given level.</doc>
<status status="PASS" start="2024-04-22T15:15:00.144562" elapsed="0.000161"/>
</kw>
<var name="${key}">name</var>
<status status="PASS" start="2024-04-22T15:15:00.143005" elapsed="0.001928"/>
</iter>
<iter>
<kw name="Dictionary Should Contain Key" owner="Collections">
<msg time="2024-04-22T15:15:00.145600" level="INFO">False</msg>
<arg>${json_data['results'][0]}</arg>
<arg>${key}</arg>
<doc>Fails if ``key`` is not found from ``dictionary``.</doc>
<status status="PASS" start="2024-04-22T15:15:00.145219" elapsed="0.000417"/>
</kw>
<kw name="Log" owner="BuiltIn">
<msg time="2024-04-22T15:15:00.146349" level="INFO">{'gender': 'male', 'name': {'title': 'Mr', 'first': 'امیر', 'last': 'مرادی'}, 'location': {'street': {'number': 5243, 'name': 'میرداماد'}, 'city': 'ارومیه', 'state': 'چهارمحال و بختیاری', 'country': 'Iran', 'postcode': 87671, 'coordinates': {'latitude': '16.2643', 'longitude': '-142.4206'}, 'timezone': {'offset': '-9:00', 'description': 'Alaska'}}, 'email': 'myr.mrdy@example.com', 'login': {'uuid': '3918c1bd-ff91-4584-9dea-89973af37e8c', 'username': 'tinymouse592', 'password': 'smokie', 'salt': '79JfvIqM', 'md5': '8aaa68b632d3684337effcf99a23a257', 'sha1': '2536c6084e1ad27dfcb098524e18fbc6ea84e4c8', 'sha256': '3f4367c29d657c1a423b6db85dc8e590a3d6aa0c4156c67db9b1b9451479a793'}, 'dob': {'date': '1980-02-13T10:38:28.287Z', 'age': 44}, 'registered': {'date': '2014-10-13T06:08:20.965Z', 'age': 9}, 'phone': '016-91485869', 'cell': '0986-893-3322', 'id': {'name': '', 'value': None}, 'picture': {'large': 'https://randomuser.me/api/portraits/men/44.jpg', 'medium': 'https://randomuser.me/api/portraits/med/men/44.jpg', 'thumbnail': 'https://randomuser.me/api/portraits/thumb/men/44.jpg'}, 'nat': 'IR'}</msg>
<arg>${json_data['results'][0]}</arg>
<doc>Logs the given message with the given level.</doc>
<status status="PASS" start="2024-04-22T15:15:00.145965" elapsed="0.000433"/>
</kw>
<kw name="Log" owner="BuiltIn">
<msg time="2024-04-22T15:15:00.146814" level="INFO">location</msg>
<arg>${key}</arg>
<doc>Logs the given message with the given level.</doc>
<status status="PASS" start="2024-04-22T15:15:00.146690" elapsed="0.000161"/>
</kw>
<var name="${key}">location</var>
<status status="PASS" start="2024-04-22T15:15:00.145110" elapsed="0.001950"/>
</iter>
<iter>
<kw name="Dictionary Should Contain Key" owner="Collections">
<msg time="2024-04-22T15:15:00.147749" level="INFO">False</msg>
<arg>${json_data['results'][0]}</arg>
<arg>${key}</arg>
<doc>Fails if ``key`` is not found from ``dictionary``.</doc>
<status status="PASS" start="2024-04-22T15:15:00.147340" elapsed="0.000448"/>
</kw>
<kw name="Log" owner="BuiltIn">
<msg time="2024-04-22T15:15:00.148450" level="INFO">{'gender': 'male', 'name': {'title': 'Mr', 'first': 'امیر', 'last': 'مرادی'}, 'location': {'street': {'number': 5243, 'name': 'میرداماد'}, 'city': 'ارومیه', 'state': 'چهارمحال و بختیاری', 'country': 'Iran', 'postcode': 87671, 'coordinates': {'latitude': '16.2643', 'longitude': '-142.4206'}, 'timezone': {'offset': '-9:00', 'description': 'Alaska'}}, 'email': 'myr.mrdy@example.com', 'login': {'uuid': '3918c1bd-ff91-4584-9dea-89973af37e8c', 'username': 'tinymouse592', 'password': 'smokie', 'salt': '79JfvIqM', 'md5': '8aaa68b632d3684337effcf99a23a257', 'sha1': '2536c6084e1ad27dfcb098524e18fbc6ea84e4c8', 'sha256': '3f4367c29d657c1a423b6db85dc8e590a3d6aa0c4156c67db9b1b9451479a793'}, 'dob': {'date': '1980-02-13T10:38:28.287Z', 'age': 44}, 'registered': {'date': '2014-10-13T06:08:20.965Z', 'age': 9}, 'phone': '016-91485869', 'cell': '0986-893-3322', 'id': {'name': '', 'value': None}, 'picture': {'large': 'https://randomuser.me/api/portraits/men/44.jpg', 'medium': 'https://randomuser.me/api/portraits/med/men/44.jpg', 'thumbnail': 'https://randomuser.me/api/portraits/thumb/men/44.jpg'}, 'nat': 'IR'}</msg>
<arg>${json_data['results'][0]}</arg>
<doc>Logs the given message with the given level.</doc>
<status status="PASS" start="2024-04-22T15:15:00.148087" elapsed="0.000414"/>
</kw>
<kw name="Log" owner="BuiltIn">
<msg time="2024-04-22T15:15:00.148919" level="INFO">email</msg>
<arg>${key}</arg>
<doc>Logs the given message with the given level.</doc>
<status status="PASS" start="2024-04-22T15:15:00.148793" elapsed="0.000164"/>
</kw>
<var name="${key}">email</var>
<status status="PASS" start="2024-04-22T15:15:00.147231" elapsed="0.001938"/>
</iter>
<iter>
<kw name="Dictionary Should Contain Key" owner="Collections">
<msg time="2024-04-22T15:15:00.149857" level="INFO">False</msg>
<arg>${json_data['results'][0]}</arg>
<arg>${key}</arg>
<doc>Fails if ``key`` is not found from ``dictionary``.</doc>
<status status="PASS" start="2024-04-22T15:15:00.149449" elapsed="0.000450"/>
</kw>
<kw name="Log" owner="BuiltIn">
<msg time="2024-04-22T15:15:00.150573" level="INFO">{'gender': 'male', 'name': {'title': 'Mr', 'first': 'امیر', 'last': 'مرادی'}, 'location': {'street': {'number': 5243, 'name': 'میرداماد'}, 'city': 'ارومیه', 'state': 'چهارمحال و بختیاری', 'country': 'Iran', 'postcode': 87671, 'coordinates': {'latitude': '16.2643', 'longitude': '-142.4206'}, 'timezone': {'offset': '-9:00', 'description': 'Alaska'}}, 'email': 'myr.mrdy@example.com', 'login': {'uuid': '3918c1bd-ff91-4584-9dea-89973af37e8c', 'username': 'tinymouse592', 'password': 'smokie', 'salt': '79JfvIqM', 'md5': '8aaa68b632d3684337effcf99a23a257', 'sha1': '2536c6084e1ad27dfcb098524e18fbc6ea84e4c8', 'sha256': '3f4367c29d657c1a423b6db85dc8e590a3d6aa0c4156c67db9b1b9451479a793'}, 'dob': {'date': '1980-02-13T10:38:28.287Z', 'age': 44}, 'registered': {'date': '2014-10-13T06:08:20.965Z', 'age': 9}, 'phone': '016-91485869', 'cell': '0986-893-3322', 'id': {'name': '', 'value': None}, 'picture': {'large': 'https://randomuser.me/api/portraits/men/44.jpg', 'medium': 'https://randomuser.me/api/portraits/med/men/44.jpg', 'thumbnail': 'https://randomuser.me/api/portraits/thumb/men/44.jpg'}, 'nat': 'IR'}</msg>
<arg>${json_data['results'][0]}</arg>
<doc>Logs the given message with the given level.</doc>
<status status="PASS" start="2024-04-22T15:15:00.150202" elapsed="0.000421"/>
</kw>
<kw name="Log" owner="BuiltIn">
<msg time="2024-04-22T15:15:00.151043" level="INFO">login</msg>
<arg>${key}</arg>
<doc>Logs the given message with the given level.</doc>
<status status="PASS" start="2024-04-22T15:15:00.150917" elapsed="0.000164"/>
</kw>
<var name="${key}">login</var>
<status status="PASS" start="2024-04-22T15:15:00.149339" elapsed="0.001951"/>
</iter>
<var>${key}</var>
<value>@{expected_keys}</value>
<status status="PASS" start="2024-04-22T15:15:00.140655" elapsed="0.010784"/>
</for>
<kw name="Create List" owner="BuiltIn">
<msg time="2024-04-22T15:15:00.151773" level="INFO">${expected_keysTwo} = ['username', 'password']</msg>
<var>${expected_keysTwo}</var>
<arg>username</arg>
<arg>password</arg>
<doc>Returns a list containing given items.</doc>
<status status="PASS" start="2024-04-22T15:15:00.151639" elapsed="0.000158"/>
</kw>
<for flavor="IN">
<iter>
<kw name="Dictionary Should Contain Key" owner="Collections">
<msg time="2024-04-22T15:15:00.152687" level="INFO">False</msg>
<arg>${json_data['results'][0]['login']}</arg>
<arg>${keyTwo}</arg>
<doc>Fails if ``key`` is not found from ``dictionary``.</doc>
<status status="PASS" start="2024-04-22T15:15:00.152295" elapsed="0.000440"/>
</kw>
<kw name="Dictionary Should Contain Key" owner="Collections">
<msg time="2024-04-22T15:15:00.153414" level="INFO">False</msg>
<arg>${json_data['results'][0]['login']}</arg>
<arg>${keyTwo}</arg>
<doc>Fails if ``key`` is not found from ``dictionary``.</doc>
<status status="PASS" start="2024-04-22T15:15:00.153033" elapsed="0.000418"/>
</kw>
<kw name="Log" owner="BuiltIn">
<msg time="2024-04-22T15:15:00.153922" level="INFO">username</msg>
<arg>${keyTwo}</arg>
<doc>Logs the given message with the given level.</doc>
<status status="PASS" start="2024-04-22T15:15:00.153742" elapsed="0.000225"/>
</kw>
<var name="${keyTwo}">username</var>
<status status="PASS" start="2024-04-22T15:15:00.152186" elapsed="0.001997"/>
</iter>
<iter>
<kw name="Dictionary Should Contain Key" owner="Collections">
<msg time="2024-04-22T15:15:00.154989" level="INFO">False</msg>
<arg>${json_data['results'][0]['login']}</arg>
<arg>${keyTwo}</arg>
<doc>Fails if ``key`` is not found from ``dictionary``.</doc>
<status status="PASS" start="2024-04-22T15:15:00.154466" elapsed="0.000573"/>
</kw>
<kw name="Dictionary Should Contain Key" owner="Collections">
<msg time="2024-04-22T15:15:00.155737" level="INFO">False</msg>
<arg>${json_data['results'][0]['login']}</arg>
<arg>${keyTwo}</arg>
<doc>Fails if ``key`` is not found from ``dictionary``.</doc>
<status status="PASS" start="2024-04-22T15:15:00.155354" elapsed="0.000421"/>
</kw>
<kw name="Log" owner="BuiltIn">
<msg time="2024-04-22T15:15:00.156193" level="INFO">password</msg>
<arg>${keyTwo}</arg>
<doc>Logs the given message with the given level.</doc>
<status status="PASS" start="2024-04-22T15:15:00.156066" elapsed="0.000165"/>
</kw>
<var name="${keyTwo}">password</var>
<status status="PASS" start="2024-04-22T15:15:00.154355" elapsed="0.002088"/>
</iter>
<var>${keyTwo}</var>
<value>@{expected_keysTwo}</value>
<status status="PASS" start="2024-04-22T15:15:00.152034" elapsed="0.004530"/>
</for>
<status status="PASS" start="2024-04-22T15:14:59.921363" elapsed="0.235341"/>
</kw>
<doc>Testa a estrutura da resposta da API.</doc>
<tag>testeEstruturaResposta</tag>
<status status="PASS" start="2024-04-22T15:14:59.920757" elapsed="0.236105"/>
</test>
<test id="s1-s1-t4" name="Validar tipos de dados" line="28">
<kw name="Teste de Tipos de Dados" owner="random-user-service">
<kw name="GET On Session" owner="RequestsLibrary">
<msg time="2024-04-22T15:15:00.288413" level="INFO">GET Request : url=https://randomuser.me/api 
 path_url=/api 
 headers={'User-Agent': 'python-requests/2.31.0', 'Accept-Encoding': 'gzip, deflate', 'Accept': '*/*', 'Connection': 'keep-alive'} 
 body=None 
 </msg>
<msg time="2024-04-22T15:15:00.288503" level="INFO">GET Response : url=https://randomuser.me/api 
 status=200, reason=OK 
 headers={'Date': 'Mon, 22 Apr 2024 15:15:00 GMT', 'Content-Type': 'application/json; charset=utf-8', 'Transfer-Encoding': 'chunked', 'Connection': 'keep-alive', 'X-Powered-By': 'Express', 'Access-Control-Allow-Origin': '*', 'Cache-Control': 'no-cache', 'ETag': 'W/"49b-lrRWy7xjsYWEH7EkTn6FgOs7vJw"', 'Vary': 'Accept-Encoding', 'Content-Encoding': 'gzip', 'CF-Cache-Status': 'DYNAMIC', 'Report-To': '{"endpoints":[{"url":"https:\\/\\/a.nel.cloudflare.com\\/report\\/v4?s=OkUKVW36xccTDt242HEPFZ2i%2B5beYe%2BZ10vhp8lKUgAbKcHvk0cR3CGJH%2BLLgK14UXMfPDQWmWI8rWaM0OA2iicfES5lk4WVzdHsj10BRY8%2FFmh8myCjtlXH7WNGBSYh"}],"group":"cf-nel","max_age":604800}', 'NEL': '{"success_fraction":0,"report_to":"cf-nel","max_age":604800}', 'Server': 'cloudflare', 'CF-RAY': '8786911609502b50-LAX', 'alt-svc': 'h3=":443"; ma=86400'} 
 body={"results":[{"gender":"female","name":{"title":"Mademoiselle","first":"Sylvia","last":"Lemaire"},"location":{"street":{"number":6423,"name":"Rue Chazière"},"city":"Oltingen","state":"Jura","country":"Switzerland","postcode":9294,"coordinates":{"latitude":"-59.6311","longitude":"125.7389"},"timezone":{"offset":"+2:00","description":"Kaliningrad, South Africa"}},"email":"sylvia.lemaire@example.com","login":{"uuid":"e818a7a6-2f7a-4c36-80d1-066c75e1a9e3","username":"bigbird477","password":"srinivas","salt":"7ENXozaa","md5":"16913f393352945d8ceab8f76326056c","sha1":"3dc614d0b6d1f2dac23252acde95a4608ff58fe3","sha256":"a6766950e1144c0e787f2a0c88666906dd51f2603675e2b53e15d543891ba49a"},"dob":{"date":"1966-07-05T13:57:42.354Z","age":57},"registered":{"date":"2018-01-21T09:39:40.111Z","age":6},"phone":"075 669 24 16","cell":"079 929 56 83","id":{"name":"AVS","value":"756.2237.7998.09"},"picture":{"large":"https://randomuser.me/api/portraits/women/46.jpg","medium":"https://randomuser.me/api/portraits/med/women/46.jpg","thumbnail":"https://randomuser.me/api/portraits/thumb/women/46.jpg"},"nat":"CH"}],"info":{"seed":"53bce6a800eb8e1a","results":1,"page":1,"version":"1.4"}} 
 </msg>
<msg time="2024-04-22T15:15:00.288578" level="INFO">/opt/hostedtoolcache/Python/3.12.3/x64/lib/python3.12/site-packages/urllib3/connectionpool.py:1103: InsecureRequestWarning: Unverified HTTPS request is being made to host 'randomuser.me'. Adding certificate verification is strongly advised. See: https://urllib3.readthedocs.io/en/latest/advanced-usage.html#tls-warnings
  warnings.warn(</msg>
<msg time="2024-04-22T15:15:00.288697" level="INFO">${response} = &lt;Response [200]&gt;</msg>
<var>${response}</var>
<arg>consultarAPI</arg>
<arg>/api</arg>
<doc>Sends a GET request on a previously created HTTP Session.</doc>
<status status="PASS" start="2024-04-22T15:15:00.159455" elapsed="0.129293"/>
</kw>
<kw name="Set Variable" owner="BuiltIn">
<msg time="2024-04-22T15:15:00.289891" level="INFO">${json_data} = {'results': [{'gender': 'female', 'name': {'title': 'Mademoiselle', 'first': 'Sylvia', 'last': 'Lemaire'}, 'location': {'street': {'number': 6423, 'name': 'Rue Chazière'}, 'city': 'Oltingen', 'state':...</msg>
<var>${json_data}</var>
<arg>${response.json()}</arg>
<doc>Returns the given values which can then be assigned to a variables.</doc>
<status status="PASS" start="2024-04-22T15:15:00.289278" elapsed="0.000649"/>
</kw>
<kw name="Log" owner="BuiltIn">
<msg time="2024-04-22T15:15:00.290416" level="INFO">{'results': [{'gender': 'female', 'name': {'title': 'Mademoiselle', 'first': 'Sylvia', 'last': 'Lemaire'}, 'location': {'street': {'number': 6423, 'name': 'Rue Chazière'}, 'city': 'Oltingen', 'state': 'Jura', 'country': 'Switzerland', 'postcode': 9294, 'coordinates': {'latitude': '-59.6311', 'longitude': '125.7389'}, 'timezone': {'offset': '+2:00', 'description': 'Kaliningrad, South Africa'}}, 'email': 'sylvia.lemaire@example.com', 'login': {'uuid': 'e818a7a6-2f7a-4c36-80d1-066c75e1a9e3', 'username': 'bigbird477', 'password': 'srinivas', 'salt': '7ENXozaa', 'md5': '16913f393352945d8ceab8f76326056c', 'sha1': '3dc614d0b6d1f2dac23252acde95a4608ff58fe3', 'sha256': 'a6766950e1144c0e787f2a0c88666906dd51f2603675e2b53e15d543891ba49a'}, 'dob': {'date': '1966-07-05T13:57:42.354Z', 'age': 57}, 'registered': {'date': '2018-01-21T09:39:40.111Z', 'age': 6}, 'phone': '075 669 24 16', 'cell': '079 929 56 83', 'id': {'name': 'AVS', 'value': '756.2237.7998.09'}, 'picture': {'large': 'https://randomuser.me/api/portraits/women/46.jpg', 'medium': 'https://randomuser.me/api/portraits/med/women/46.jpg', 'thumbnail': 'https://randomuser.me/api/portraits/thumb/women/46.jpg'}, 'nat': 'CH'}], 'info': {'seed': '53bce6a800eb8e1a', 'results': 1, 'page': 1, 'version': '1.4'}}</msg>
<arg>${json_data}</arg>
<doc>Logs the given message with the given level.</doc>
<status status="PASS" start="2024-04-22T15:15:00.290249" elapsed="0.000249"/>
</kw>
<kw name="Should Be String" owner="String">
<arg>${json_data['results'][0]['gender']}</arg>
<doc>Fails if the given ``item`` is not a string.</doc>
<status status="PASS" start="2024-04-22T15:15:00.290795" elapsed="0.000359"/>
</kw>
<kw name="Should Match Regexp" owner="BuiltIn">
<arg>${json_data['results'][0]['email']}</arg>
<arg>^[a-zA-Z0-9._%+-]+@[a-zA-Z0-9.-]+\.[a-zA-Z]{2,}$</arg>
<doc>Fails if ``string`` does not match ``pattern`` as a regular expression.</doc>
<status status="PASS" start="2024-04-22T15:15:00.291343" elapsed="0.000513"/>
</kw>
<kw name="Should Match Regexp" owner="BuiltIn">
<arg>${json_data['results'][0]['dob']['date']}</arg>
<arg>\\d{4}-\\d{2}-\\d{2}T\\d{2}:\\d{2}:\\d{2}\\.\\d{3}Z</arg>
<doc>Fails if ``string`` does not match ``pattern`` as a regular expression.</doc>
<status status="PASS" start="2024-04-22T15:15:00.292049" elapsed="0.000479"/>
</kw>
<kw name="Should Match Regexp" owner="BuiltIn">
<arg>${json_data['results'][0]['registered']['date']}</arg>
<arg>\\d{4}-\\d{2}-\\d{2}T\\d{2}:\\d{2}:\\d{2}\\.\\d{3}Z</arg>
<doc>Fails if ``string`` does not match ``pattern`` as a regular expression.</doc>
<status status="PASS" start="2024-04-22T15:15:00.292715" elapsed="0.000367"/>
</kw>
<kw name="Should Match Regexp" owner="BuiltIn">
<arg>${json_data['results'][0]['picture']['large']}</arg>
<arg>^https?://.*\.(?:png|jpe?g|gif|bmp)$</arg>
<doc>Fails if ``string`` does not match ``pattern`` as a regular expression.</doc>
<status status="PASS" start="2024-04-22T15:15:00.293266" elapsed="0.000465"/>
</kw>
<kw name="Should Match Regexp" owner="BuiltIn">
<arg>${json_data['results'][0]['picture']['medium']}</arg>
<arg>^https?://.*\.(?:png|jpe?g|gif|bmp)$</arg>
<doc>Fails if ``string`` does not match ``pattern`` as a regular expression.</doc>
<status status="PASS" start="2024-04-22T15:15:00.293944" elapsed="0.000363"/>
</kw>
<kw name="Should Match Regexp" owner="BuiltIn">
<arg>${json_data['results'][0]['picture']['thumbnail']}</arg>
<arg>^https?://.*\.(?:png|jpe?g|gif|bmp)$</arg>
<doc>Fails if ``string`` does not match ``pattern`` as a regular expression.</doc>
<status status="PASS" start="2024-04-22T15:15:00.294510" elapsed="0.000348"/>
</kw>
<kw name="Log" owner="BuiltIn">
<msg time="2024-04-22T15:15:00.295355" level="INFO">{'large': 'https://randomuser.me/api/portraits/women/46.jpg', 'medium': 'https://randomuser.me/api/portraits/med/women/46.jpg', 'thumbnail': 'https://randomuser.me/api/portraits/thumb/women/46.jpg'}</msg>
<arg>${json_data['results'][0]['picture']}</arg>
<doc>Logs the given message with the given level.</doc>
<status status="PASS" start="2024-04-22T15:15:00.295036" elapsed="0.000360"/>
</kw>
<status status="PASS" start="2024-04-22T15:15:00.159228" elapsed="0.136417"/>
</kw>
<kw name="Teste de Tipos de Dados - Postcode" owner="random-user-service">
<kw name="GET On Session" owner="RequestsLibrary">
<msg time="2024-04-22T15:15:00.407580" level="INFO">GET Request : url=https://randomuser.me/api 
 path_url=/api 
 headers={'User-Agent': 'python-requests/2.31.0', 'Accept-Encoding': 'gzip, deflate', 'Accept': '*/*', 'Connection': 'keep-alive'} 
 body=None 
 </msg>
<msg time="2024-04-22T15:15:00.407668" level="INFO">GET Response : url=https://randomuser.me/api 
 status=200, reason=OK 
 headers={'Date': 'Mon, 22 Apr 2024 15:15:00 GMT', 'Content-Type': 'application/json; charset=utf-8', 'Transfer-Encoding': 'chunked', 'Connection': 'keep-alive', 'X-Powered-By': 'Express', 'Access-Control-Allow-Origin': '*', 'Cache-Control': 'no-cache', 'ETag': 'W/"4b3-fnZDvAvsBOxb7DDRcN09oJyJtL4"', 'Vary': 'Accept-Encoding', 'Content-Encoding': 'gzip', 'CF-Cache-Status': 'DYNAMIC', 'Report-To': '{"endpoints":[{"url":"https:\\/\\/a.nel.cloudflare.com\\/report\\/v4?s=ZQC9e%2BkYGESXCL75HMMk%2BCyttuQI7%2FNnCoUsq185uPFvHmNBo5TXgwC3eLh4SBf7Vn7v8LQ%2FBEhpIAmPgNQuSWMF8Ay7P3TZwpQ4tIP5oNYO9zZLNrcJy4%2Bb%2F9yju2a4"}],"group":"cf-nel","max_age":604800}', 'NEL': '{"success_fraction":0,"report_to":"cf-nel","max_age":604800}', 'Server': 'cloudflare', 'CF-RAY': '87869116ea822b50-LAX', 'alt-svc': 'h3=":443"; ma=86400'} 
 body={"results":[{"gender":"female","name":{"title":"Mrs","first":"Solene","last":"Fogaça"},"location":{"street":{"number":8332,"name":"Rua Paraná "},"city":"Belo Horizonte","state":"Rio Grande do Norte","country":"Brazil","postcode":57287,"coordinates":{"latitude":"-78.5390","longitude":"19.0183"},"timezone":{"offset":"+5:00","description":"Ekaterinburg, Islamabad, Karachi, Tashkent"}},"email":"solene.fogaca@example.com","login":{"uuid":"d79ad71b-85f9-45a0-bfca-ee5673df0305","username":"purplewolf942","password":"romeo1","salt":"w9JwPd97","md5":"319a5551682d2263994581cf4c994162","sha1":"314219ecd8312035809f424bc62f44896e35fac1","sha256":"ae22f555c9547e3c81495b009e9e612f02fd668087abc451c27af7715578c1ee"},"dob":{"date":"1963-10-20T07:05:16.060Z","age":60},"registered":{"date":"2010-04-30T06:47:38.459Z","age":13},"phone":"(28) 9020-3113","cell":"(41) 3849-1639","id":{"name":"CPF","value":"699.457.031-51"},"picture":{"large":"https://randomuser.me/api/portraits/women/44.jpg","medium":"https://randomuser.me/api/portraits/med/women/44.jpg","thumbnail":"https://randomuser.me/api/portraits/thumb/women/44.jpg"},"nat":"BR"}],"info":{"seed":"cd14a410e40608b4","results":1,"page":1,"version":"1.4"}} 
 </msg>
<msg time="2024-04-22T15:15:00.407746" level="INFO">/opt/hostedtoolcache/Python/3.12.3/x64/lib/python3.12/site-packages/urllib3/connectionpool.py:1103: InsecureRequestWarning: Unverified HTTPS request is being made to host 'randomuser.me'. Adding certificate verification is strongly advised. See: https://urllib3.readthedocs.io/en/latest/advanced-usage.html#tls-warnings
  warnings.warn(</msg>
<msg time="2024-04-22T15:15:00.407891" level="INFO">${response} = &lt;Response [200]&gt;</msg>
<var>${response}</var>
<arg>consultarAPI</arg>
<arg>/api</arg>
<doc>Sends a GET request on a previously created HTTP Session.</doc>
<status status="PASS" start="2024-04-22T15:15:00.296089" elapsed="0.111852"/>
</kw>
<kw name="Set Variable" owner="BuiltIn">
<msg time="2024-04-22T15:15:00.408898" level="INFO">${json_data} = {'results': [{'gender': 'female', 'name': {'title': 'Mrs', 'first': 'Solene', 'last': 'Fogaça'}, 'location': {'street': {'number': 8332, 'name': 'Rua Paraná '}, 'city': 'Belo Horizonte', 'state': 'Rio...</msg>
<var>${json_data}</var>
<arg>${response.json()}</arg>
<doc>Returns the given values which can then be assigned to a variables.</doc>
<status status="PASS" start="2024-04-22T15:15:00.408407" elapsed="0.000520"/>
</kw>
<kw name="Log" owner="BuiltIn">
<msg time="2024-04-22T15:15:00.409398" level="INFO">{'results': [{'gender': 'female', 'name': {'title': 'Mrs', 'first': 'Solene', 'last': 'Fogaça'}, 'location': {'street': {'number': 8332, 'name': 'Rua Paraná '}, 'city': 'Belo Horizonte', 'state': 'Rio Grande do Norte', 'country': 'Brazil', 'postcode': 57287, 'coordinates': {'latitude': '-78.5390', 'longitude': '19.0183'}, 'timezone': {'offset': '+5:00', 'description': 'Ekaterinburg, Islamabad, Karachi, Tashkent'}}, 'email': 'solene.fogaca@example.com', 'login': {'uuid': 'd79ad71b-85f9-45a0-bfca-ee5673df0305', 'username': 'purplewolf942', 'password': 'romeo1', 'salt': 'w9JwPd97', 'md5': '319a5551682d2263994581cf4c994162', 'sha1': '314219ecd8312035809f424bc62f44896e35fac1', 'sha256': 'ae22f555c9547e3c81495b009e9e612f02fd668087abc451c27af7715578c1ee'}, 'dob': {'date': '1963-10-20T07:05:16.060Z', 'age': 60}, 'registered': {'date': '2010-04-30T06:47:38.459Z', 'age': 13}, 'phone': '(28) 9020-3113', 'cell': '(41) 3849-1639', 'id': {'name': 'CPF', 'value': '699.457.031-51'}, 'picture': {'large': 'https://randomuser.me/api/portraits/women/44.jpg', 'medium': 'https://randomuser.me/api/portraits/med/women/44.jpg', 'thumbnail': 'https://randomuser.me/api/portraits/thumb/women/44.jpg'}, 'nat': 'BR'}], 'info': {'seed': 'cd14a410e40608b4', 'results': 1, 'page': 1, 'version': '1.4'}}</msg>
<arg>${json_data}</arg>
<doc>Logs the given message with the given level.</doc>
<status status="PASS" start="2024-04-22T15:15:00.409241" elapsed="0.000235"/>
</kw>
<kw name="Should Be Equal As Numbers" owner="BuiltIn">
<arg>${json_data['results'][0]['location']['postcode']}</arg>
<arg>${json_data['results'][0]['location']['postcode']}</arg>
<doc>Fails if objects are unequal after converting them to real numbers.</doc>
<status status="PASS" start="2024-04-22T15:15:00.409953" elapsed="0.000619"/>
</kw>
<kw name="Log" owner="BuiltIn">
<msg time="2024-04-22T15:15:00.411099" level="INFO">57287</msg>
<arg>${json_data['results'][0]['location']['postcode']}</arg>
<doc>Logs the given message with the given level.</doc>
<status status="PASS" start="2024-04-22T15:15:00.410762" elapsed="0.000377"/>
</kw>
<status status="PASS" start="2024-04-22T15:15:00.295861" elapsed="0.115525"/>
</kw>
<doc>Testa se os tipos de dados na resposta da API estão corretos.</doc>
<tag>testeTiposDados</tag>
<status status="PASS" start="2024-04-22T15:15:00.158673" elapsed="0.252873"/>
</test>
<test id="s1-s1-t5" name="Validar conteudo" line="35">
<kw name="Teste de Tipos de Conteudo" owner="random-user-service">
<kw name="GET On Session" owner="RequestsLibrary">
<msg time="2024-04-22T15:15:00.520464" level="INFO">GET Request : url=https://randomuser.me/api 
 path_url=/api 
 headers={'User-Agent': 'python-requests/2.31.0', 'Accept-Encoding': 'gzip, deflate', 'Accept': '*/*', 'Connection': 'keep-alive'} 
 body=None 
 </msg>
<msg time="2024-04-22T15:15:00.520560" level="INFO">GET Response : url=https://randomuser.me/api 
 status=200, reason=OK 
 headers={'Date': 'Mon, 22 Apr 2024 15:15:00 GMT', 'Content-Type': 'application/json; charset=utf-8', 'Transfer-Encoding': 'chunked', 'Connection': 'keep-alive', 'X-Powered-By': 'Express', 'Access-Control-Allow-Origin': '*', 'Cache-Control': 'no-cache', 'ETag': 'W/"498-Q5Gjf26jbjTT4lmKMV2Io/zQATk"', 'Vary': 'Accept-Encoding', 'Content-Encoding': 'gzip', 'CF-Cache-Status': 'DYNAMIC', 'Report-To': '{"endpoints":[{"url":"https:\\/\\/a.nel.cloudflare.com\\/report\\/v4?s=hhlw8cHwoUU6O%2FWIvGdjjz8DhcaReWAvDHtsrAMPyEa8wFs4eOLN5VGj%2FuLNATGenLWVwljgye16H6yyBJ1AyUh13i8kMgq5l1hM2Dwdt7rydoIs14bhT5mtGXidmDzL"}],"group":"cf-nel","max_age":604800}', 'NEL': '{"success_fraction":0,"report_to":"cf-nel","max_age":604800}', 'Server': 'cloudflare', 'CF-RAY': '878691179b692b50-LAX', 'alt-svc': 'h3=":443"; ma=86400'} 
 body={"results":[{"gender":"female","name":{"title":"Ms","first":"الینا","last":"پارسا"},"location":{"street":{"number":3386,"name":"آذربایجان"},"city":"ورامین","state":"مرکزی","country":"Iran","postcode":72750,"coordinates":{"latitude":"20.2265","longitude":"150.5406"},"timezone":{"offset":"+10:00","description":"Eastern Australia, Guam, Vladivostok"}},"email":"lyn.prs@example.com","login":{"uuid":"2caf50da-b335-455e-b005-b155a0ed3226","username":"goldenpeacock191","password":"456789","salt":"plwuw6nb","md5":"a8885434c96c7ce3be373a8661b3d670","sha1":"c6f33f3ee33b465e3754686f4780e20a88b84723","sha256":"b207c3cf6f5b9b144e71278eee0755aac850483e3f3a28d069d990d6cc714f09"},"dob":{"date":"1963-04-15T04:32:45.671Z","age":61},"registered":{"date":"2009-01-02T10:39:00.078Z","age":15},"phone":"009-82113526","cell":"0986-627-9911","id":{"name":"","value":null},"picture":{"large":"https://randomuser.me/api/portraits/women/65.jpg","medium":"https://randomuser.me/api/portraits/med/women/65.jpg","thumbnail":"https://randomuser.me/api/portraits/thumb/women/65.jpg"},"nat":"IR"}],"info":{"seed":"8a7ab9bd400587dc","results":1,"page":1,"version":"1.4"}} 
 </msg>
<msg time="2024-04-22T15:15:00.520643" level="INFO">/opt/hostedtoolcache/Python/3.12.3/x64/lib/python3.12/site-packages/urllib3/connectionpool.py:1103: InsecureRequestWarning: Unverified HTTPS request is being made to host 'randomuser.me'. Adding certificate verification is strongly advised. See: https://urllib3.readthedocs.io/en/latest/advanced-usage.html#tls-warnings
  warnings.warn(</msg>
<msg time="2024-04-22T15:15:00.520768" level="INFO">${response} = &lt;Response [200]&gt;</msg>
<var>${response}</var>
<arg>consultarAPI</arg>
<arg>/api</arg>
<doc>Sends a GET request on a previously created HTTP Session.</doc>
<status status="PASS" start="2024-04-22T15:15:00.413939" elapsed="0.106879"/>
</kw>
<kw name="Set Variable" owner="BuiltIn">
<msg time="2024-04-22T15:15:00.522025" level="INFO">${json_data} = {'results': [{'gender': 'female', 'name': {'title': 'Ms', 'first': 'الینا', 'last': 'پارسا'}, 'location': {'street': {'number': 3386, 'name': 'آذربایجان'}, 'city': 'ورامین', 'state': 'مرکزی', 'country...</msg>
<var>${json_data}</var>
<arg>${response.json()}</arg>
<doc>Returns the given values which can then be assigned to a variables.</doc>
<status status="PASS" start="2024-04-22T15:15:00.521421" elapsed="0.000636"/>
</kw>
<kw name="Set Variable" owner="BuiltIn">
<msg time="2024-04-22T15:15:00.522756" level="INFO">${name_title} = Ms</msg>
<var>${name_title}</var>
<arg>${json_data["results"][0]["name"]["title"]}</arg>
<doc>Returns the given values which can then be assigned to a variables.</doc>
<status status="PASS" start="2024-04-22T15:15:00.522372" elapsed="0.000410"/>
</kw>
<kw name="Create List" owner="BuiltIn">
<msg time="2024-04-22T15:15:00.523225" level="INFO">${allowed_titles} = ['Mr', 'Ms', 'Miss', 'Mrs', 'Madame', 'Monsieur']</msg>
<var>${allowed_titles}</var>
<arg>Mr</arg>
<arg>Ms</arg>
<arg>Miss</arg>
<arg>Mrs</arg>
<arg>Madame</arg>
<arg>Monsieur</arg>
<doc>Returns a list containing given items.</doc>
<status status="PASS" start="2024-04-22T15:15:00.523079" elapsed="0.000170"/>
</kw>
<kw name="List Should Contain Value" owner="Collections">
<msg time="2024-04-22T15:15:00.523717" level="INFO">False</msg>
<arg>${allowed_titles}</arg>
<arg>${name_title}</arg>
<doc>Fails if the ``value`` is not found from ``list``.</doc>
<status status="PASS" start="2024-04-22T15:15:00.523547" elapsed="0.000207"/>
</kw>
<kw name="Set Variable" owner="BuiltIn">
<msg time="2024-04-22T15:15:00.524414" level="INFO">${name_country} = IR</msg>
<var>${name_country}</var>
<arg>${json_data["results"][0]["nat"]}</arg>
<doc>Returns the given values which can then be assigned to a variables.</doc>
<status status="PASS" start="2024-04-22T15:15:00.524034" elapsed="0.000406"/>
</kw>
<kw name="Create List" owner="BuiltIn">
<msg time="2024-04-22T15:15:00.525319" level="INFO">${list_country} = ['AD', 'AE', 'AF', 'AG', 'AI', 'AL', 'AM', 'AO', 'AQ', 'AR', 'AS', 'AT', 'AU', 'AW', 'AX', 'AZ', 'BA', 'BB', 'BD', 'BE', 'BF', 'BG', 'BH', 'BI', 'BJ', 'BL', 'BM', 'BN', 'BO', 'BQ', 'BR', 'BS', 'BT', '...</msg>
<var>${list_country}</var>
<arg>AD</arg>
<arg>AE</arg>
<arg>AF</arg>
<arg>AG</arg>
<arg>AI</arg>
<arg>AL</arg>
<arg>AM</arg>
<arg>AO</arg>
<arg>AQ</arg>
<arg>AR</arg>
<arg>AS</arg>
<arg>AT</arg>
<arg>AU</arg>
<arg>AW</arg>
<arg>AX</arg>
<arg>AZ</arg>
<arg>BA</arg>
<arg>BB</arg>
<arg>BD</arg>
<arg>BE</arg>
<arg>BF</arg>
<arg>BG</arg>
<arg>BH</arg>
<arg>BI</arg>
<arg>BJ</arg>
<arg>BL</arg>
<arg>BM</arg>
<arg>BN</arg>
<arg>BO</arg>
<arg>BQ</arg>
<arg>BR</arg>
<arg>BS</arg>
<arg>BT</arg>
<arg>BV</arg>
<arg>BW</arg>
<arg>BY</arg>
<arg>BZ</arg>
<arg>CA</arg>
<arg>CC</arg>
<arg>CD</arg>
<arg>CF</arg>
<arg>CG</arg>
<arg>CH</arg>
<arg>CI</arg>
<arg>CK</arg>
<arg>CL</arg>
<arg>CM</arg>
<arg>CN</arg>
<arg>CO</arg>
<arg>CR</arg>
<arg>CU</arg>
<arg>CV</arg>
<arg>CW</arg>
<arg>CX</arg>
<arg>CY</arg>
<arg>CZ</arg>
<arg>DE</arg>
<arg>DJ</arg>
<arg>DK</arg>
<arg>DM</arg>
<arg>DO</arg>
<arg>DZ</arg>
<arg>EC</arg>
<arg>EE</arg>
<arg>EG</arg>
<arg>EH</arg>
<arg>ER</arg>
<arg>ES</arg>
<arg>ET</arg>
<arg>FI</arg>
<arg>FJ</arg>
<arg>FK</arg>
<arg>FM</arg>
<arg>FO</arg>
<arg>FR</arg>
<arg>GA</arg>
<arg>GB</arg>
<arg>GD</arg>
<arg>GE</arg>
<arg>GF</arg>
<arg>GG</arg>
<arg>GH</arg>
<arg>GI</arg>
<arg>GL</arg>
<arg>GM</arg>
<arg>GN</arg>
<arg>GP</arg>
<arg>GQ</arg>
<arg>GR</arg>
<arg>GS</arg>
<arg>GT</arg>
<arg>GU</arg>
<arg>GW</arg>
<arg>GY</arg>
<arg>HK</arg>
<arg>HM</arg>
<arg>HN</arg>
<arg>HR</arg>
<arg>HT</arg>
<arg>HU</arg>
<arg>ID</arg>
<arg>IE</arg>
<arg>IL</arg>
<arg>IM</arg>
<arg>IN</arg>
<arg>IO</arg>
<arg>IQ</arg>
<arg>IR</arg>
<arg>IS</arg>
<arg>IT</arg>
<arg>JE</arg>
<arg>JM</arg>
<arg>JO</arg>
<arg>JP</arg>
<arg>KE</arg>
<arg>KG</arg>
<arg>KH</arg>
<arg>KI</arg>
<arg>KM</arg>
<arg>KN</arg>
<arg>KP</arg>
<arg>KR</arg>
<arg>KW</arg>
<arg>KY</arg>
<arg>KZ</arg>
<arg>LA</arg>
<arg>LB</arg>
<arg>LC</arg>
<arg>LI</arg>
<arg>LK</arg>
<arg>LR</arg>
<arg>LS</arg>
<arg>LT</arg>
<arg>LU</arg>
<arg>LV</arg>
<arg>LY</arg>
<arg>MA</arg>
<arg>MC</arg>
<arg>MD</arg>
<arg>ME</arg>
<arg>MF</arg>
<arg>MG</arg>
<arg>MH</arg>
<arg>MK</arg>
<arg>ML</arg>
<arg>MM</arg>
<arg>MN</arg>
<arg>MO</arg>
<arg>MP</arg>
<arg>MQ</arg>
<arg>MR</arg>
<arg>MS</arg>
<arg>MT</arg>
<arg>MU</arg>
<arg>MV</arg>
<arg>MW</arg>
<arg>MX</arg>
<arg>MY</arg>
<arg>MZ</arg>
<arg>NA</arg>
<arg>NC</arg>
<arg>NE</arg>
<arg>NF</arg>
<arg>NG</arg>
<arg>NI</arg>
<arg>NL</arg>
<arg>NO</arg>
<arg>NP</arg>
<arg>NR</arg>
<arg>NU</arg>
<arg>NZ</arg>
<arg>OM</arg>
<arg>PA</arg>
<arg>PE</arg>
<arg>PF</arg>
<arg>PG</arg>
<arg>PH</arg>
<arg>PK</arg>
<arg>PL</arg>
<arg>PM</arg>
<arg>PN</arg>
<arg>PR</arg>
<arg>PS</arg>
<arg>PT</arg>
<arg>PW</arg>
<arg>PY</arg>
<arg>QA</arg>
<arg>RE</arg>
<arg>RO</arg>
<arg>RS</arg>
<arg>RU</arg>
<arg>RW</arg>
<arg>SA</arg>
<arg>SB</arg>
<arg>SC</arg>
<arg>SD</arg>
<arg>SE</arg>
<arg>SG</arg>
<arg>SH</arg>
<arg>SI</arg>
<arg>SJ</arg>
<arg>SK</arg>
<arg>SL</arg>
<arg>SM</arg>
<arg>SN</arg>
<arg>SO</arg>
<arg>SR</arg>
<arg>SS</arg>
<arg>ST</arg>
<arg>SV</arg>
<arg>SX</arg>
<arg>SY</arg>
<arg>SZ</arg>
<arg>TC</arg>
<arg>TD</arg>
<arg>TF</arg>
<arg>TG</arg>
<arg>TH</arg>
<arg>TJ</arg>
<arg>TK</arg>
<arg>TL</arg>
<arg>TM</arg>
<arg>TN</arg>
<arg>TO</arg>
<arg>TR</arg>
<arg>TT</arg>
<arg>TV</arg>
<arg>TW</arg>
<arg>TZ</arg>
<arg>UA</arg>
<arg>UG</arg>
<arg>UM</arg>
<arg>US</arg>
<arg>UY</arg>
<arg>UZ</arg>
<arg>VA</arg>
<arg>VC</arg>
<arg>VE</arg>
<arg>VG</arg>
<arg>VI</arg>
<arg>VN</arg>
<arg>VU</arg>
<arg>WF</arg>
<arg>WS</arg>
<arg>XK</arg>
<arg>YE</arg>
<arg>YT</arg>
<arg>ZA</arg>
<arg>ZM</arg>
<arg>ZW</arg>
<doc>Returns a list containing given items.</doc>
<status status="PASS" start="2024-04-22T15:15:00.524740" elapsed="0.000605"/>
</kw>
<kw name="List Should Contain Value" owner="Collections">
<msg time="2024-04-22T15:15:00.526348" level="INFO">False</msg>
<arg>${list_country}</arg>
<arg>${name_country}</arg>
<doc>Fails if the ``value`` is not found from ``list``.</doc>
<status status="PASS" start="2024-04-22T15:15:00.526150" elapsed="0.000235"/>
</kw>
<kw name="Run Keyword If" owner="BuiltIn">
<kw name="Should Be True" owner="BuiltIn">
<arg>${True}</arg>
<doc>Fails if the given condition is not true.</doc>
<status status="PASS" start="2024-04-22T15:15:00.527446" elapsed="0.000249"/>
</kw>
<arg>${json_data["results"][0]["location"]["coordinates"]["latitude"]} &gt;= -90 and ${json_data["results"][0]["location"]["coordinates"]["latitude"]} &lt;= 90</arg>
<arg>Should Be True</arg>
<arg>${True}</arg>
<doc>Runs the given keyword with the given arguments, if ``condition`` is true.</doc>
<status status="PASS" start="2024-04-22T15:15:00.526700" elapsed="0.001124"/>
</kw>
<kw name="Run Keyword If" owner="BuiltIn">
<kw name="Should Be True" owner="BuiltIn">
<arg>${True}</arg>
<doc>Fails if the given condition is not true.</doc>
<status status="PASS" start="2024-04-22T15:15:00.528705" elapsed="0.000135"/>
</kw>
<arg>${json_data["results"][0]["location"]["coordinates"]["longitude"]} &gt;= -180 and ${json_data["results"][0]["location"]["coordinates"]["longitude"]} &lt;= 180</arg>
<arg>Should Be True</arg>
<arg>${True}</arg>
<doc>Runs the given keyword with the given arguments, if ``condition`` is true.</doc>
<status status="PASS" start="2024-04-22T15:15:00.528008" elapsed="0.000954"/>
</kw>
<status status="PASS" start="2024-04-22T15:15:00.413699" elapsed="0.115393"/>
</kw>
<doc>Testa o conteúdo específico dos campos retornados pela API.</doc>
<tag>testeConteudo</tag>
<status status="PASS" start="2024-04-22T15:15:00.413262" elapsed="0.115983"/>
</test>
<status status="PASS" start="2024-04-22T15:14:58.798898" elapsed="1.732355"/>
</suite>
<status status="PASS" start="2024-04-22T15:14:58.785388" elapsed="1.751002"/>
</suite>
<statistics>
<total>
<stat pass="5" fail="0" skip="0">All Tests</stat>
</total>
<tag>
<stat pass="1" fail="0" skip="0">testeConteudo</stat>
<stat pass="1" fail="0" skip="0">testeEstruturaResposta</stat>
<stat pass="1" fail="0" skip="0">testeRequisicaoBasica</stat>
<stat pass="1" fail="0" skip="0">testeTiposDados</stat>
</tag>
<suite>
<stat pass="5" fail="0" skip="0" id="s1" name="Tests">Tests</stat>
<stat pass="5" fail="0" skip="0" id="s1-s1" name="Random-User-Test">Tests.Random-User-Test</stat>
</suite>
</statistics>
<errors>
</errors>
</robot>
