<?xml version="1.0" encoding="UTF-8"?>
<robot generator="Robot 7.0 (Python 3.12.3 on linux)" generated="2024-05-02T13:14:45.597017" rpa="false" schemaversion="5">
<suite id="s1" name="Tests" source="/home/runner/work/DesafioQAItauRogerioJordao/DesafioQAItauRogerioJordao/RamdonUser/tests">
<suite id="s1-s1" name="Random-User-Test" source="/home/runner/work/DesafioQAItauRogerioJordao/DesafioQAItauRogerioJordao/RamdonUser/tests/random-user-test.robot">
<test id="s1-s1-t1" name="Conectar" line="13">
<kw name="Conectar API" owner="random-user-service">
<kw name="Create Session" owner="RequestsLibrary">
<msg time="2024-05-02T13:14:45.966702" level="INFO">Creating Session using : alias=consultarAPI, url=https://randomuser.me/, headers={},                     cookies={}, auth=None, timeout=None, proxies=None, verify=False,                     debug=0 </msg>
<arg>consultarAPI</arg>
<arg>${URL}</arg>
<doc>Create Session: create a HTTP session to a server</doc>
<status status="PASS" start="2024-05-02T13:14:45.966472" elapsed="0.000426"/>
</kw>
<status status="PASS" start="2024-05-02T13:14:45.965364" elapsed="0.001919"/>
</kw>
<status status="PASS" start="2024-05-02T13:14:45.964771" elapsed="0.002733"/>
</test>
<test id="s1-s1-t2" name="Validar retorno 200 e JSON Válido" line="16">
<kw name="Teste de Requisicao Basica" owner="random-user-service">
<kw name="GET On Session" owner="RequestsLibrary">
<msg time="2024-05-02T13:14:47.555983" level="INFO">GET Request : url=https://randomuser.me/api 
 path_url=/api 
 headers={'User-Agent': 'python-requests/2.31.0', 'Accept-Encoding': 'gzip, deflate', 'Accept': '*/*', 'Connection': 'keep-alive'} 
 body=None 
 </msg>
<msg time="2024-05-02T13:14:47.556161" level="INFO">GET Response : url=https://randomuser.me/api 
 status=200, reason=OK 
 headers={'Date': 'Thu, 02 May 2024 13:14:47 GMT', 'Content-Type': 'application/json; charset=utf-8', 'Transfer-Encoding': 'chunked', 'Connection': 'keep-alive', 'X-Powered-By': 'Express', 'Access-Control-Allow-Origin': '*', 'Cache-Control': 'no-cache', 'ETag': 'W/"467-7Em6U+pWQZiBQE/ZgYrJwqsR8IA"', 'Vary': 'Accept-Encoding', 'Content-Encoding': 'gzip', 'CF-Cache-Status': 'DYNAMIC', 'Report-To': '{"endpoints":[{"url":"https:\\/\\/a.nel.cloudflare.com\\/report\\/v4?s=iKQ3wTmvSIEjgewS%2BC1ni7w64Pk3d9s4yY6MCsnTkcPhhvwtoj0NFS7tiFjchv4l6wWN3f6zleHrY%2BdYrwW3v1TqECEOrtiYqCDG%2B2nvPTKFfIg%2BZVOk8yKgJZ3ifk2v"}],"group":"cf-nel","max_age":604800}', 'NEL': '{"success_fraction":0,"report_to":"cf-nel","max_age":604800}', 'Server': 'cloudflare', 'CF-RAY': '87d846b649b043f9-EWR', 'alt-svc': 'h3=":443"; ma=86400'} 
 body={"results":[{"gender":"male","name":{"title":"Mr","first":"Dominic","last":"Smith"},"location":{"street":{"number":868,"name":"Victoria Ave"},"city":"Lumsden","state":"Yukon","country":"Canada","postcode":"F6Z 4N0","coordinates":{"latitude":"-69.0280","longitude":"-176.8496"},"timezone":{"offset":"+4:30","description":"Kabul"}},"email":"dominic.smith@example.com","login":{"uuid":"4da1e8fc-e56a-44e8-a114-9f4ffd5d8c7b","username":"bigfish651","password":"alice","salt":"5vAOp3Gi","md5":"0c0ace0e25f7070bbef878264a77a771","sha1":"c4f246bfd49df50c59cb9e3fe823f1df49833369","sha256":"16bba0ccb023c7286cabf0bb80e35e2e476a6a52a17353c71c0e0b1a61cefa02"},"dob":{"date":"2001-05-06T04:29:11.964Z","age":22},"registered":{"date":"2007-11-18T10:27:39.697Z","age":16},"phone":"Z83 W57-4763","cell":"R41 M23-5829","id":{"name":"SIN","value":"083257659"},"picture":{"large":"https://randomuser.me/api/portraits/men/96.jpg","medium":"https://randomuser.me/api/portraits/med/men/96.jpg","thumbnail":"https://randomuser.me/api/portraits/thumb/men/96.jpg"},"nat":"CA"}],"info":{"seed":"aeab0b1b68e8a79b","results":1,"page":1,"version":"1.4"}} 
 </msg>
<msg time="2024-05-02T13:14:47.556257" level="INFO">/opt/hostedtoolcache/Python/3.12.3/x64/lib/python3.12/site-packages/urllib3/connectionpool.py:1103: InsecureRequestWarning: Unverified HTTPS request is being made to host 'randomuser.me'. Adding certificate verification is strongly advised. See: https://urllib3.readthedocs.io/en/latest/advanced-usage.html#tls-warnings
  warnings.warn(</msg>
<msg time="2024-05-02T13:14:47.556410" level="INFO">${response} = &lt;Response [200]&gt;</msg>
<var>${response}</var>
<arg>consultarAPI</arg>
<arg>/api</arg>
<doc>Sends a GET request on a previously created HTTP Session.</doc>
<status status="PASS" start="2024-05-02T13:14:45.970234" elapsed="1.586219"/>
</kw>
<kw name="Should Be Equal As Numbers" owner="BuiltIn">
<msg time="2024-05-02T13:14:47.557484" level="INFO">Argument types are:
&lt;class 'int'&gt;
&lt;class 'str'&gt;</msg>
<arg>${response.status_code}</arg>
<arg>200</arg>
<doc>Fails if objects are unequal after converting them to real numbers.</doc>
<status status="PASS" start="2024-05-02T13:14:47.557004" elapsed="0.000545"/>
</kw>
<kw name="Log" owner="BuiltIn">
<msg time="2024-05-02T13:14:47.558246" level="INFO">200</msg>
<arg>${response.status_code}</arg>
<doc>Logs the given message with the given level.</doc>
<status status="PASS" start="2024-05-02T13:14:47.557885" elapsed="0.000403"/>
</kw>
<kw name="Set Variable" owner="BuiltIn">
<msg time="2024-05-02T13:14:47.559043" level="INFO">${json_data} = {'results': [{'gender': 'male', 'name': {'title': 'Mr', 'first': 'Dominic', 'last': 'Smith'}, 'location': {'street': {'number': 868, 'name': 'Victoria Ave'}, 'city': 'Lumsden', 'state': 'Yukon', 'coun...</msg>
<var>${json_data}</var>
<arg>${response.json()}</arg>
<doc>Returns the given values which can then be assigned to a variables.</doc>
<status status="PASS" start="2024-05-02T13:14:47.558593" elapsed="0.000478"/>
</kw>
<kw name="Dictionary Should Contain Key" owner="Collections">
<msg time="2024-05-02T13:14:47.559536" level="INFO">False</msg>
<arg>${json_data}</arg>
<arg>results</arg>
<doc>Fails if ``key`` is not found from ``dictionary``.</doc>
<status status="PASS" start="2024-05-02T13:14:47.559366" elapsed="0.000210"/>
</kw>
<status status="PASS" start="2024-05-02T13:14:45.969973" elapsed="1.589886"/>
</kw>
<doc>Testa se a API responde corretamente e retorna um objeto JSON válido.</doc>
<tag>testeRequisicaoBasica</tag>
<status status="PASS" start="2024-05-02T13:14:45.969479" elapsed="1.590562"/>
</test>
<test id="s1-s1-t3" name="Validar estrutura de resposta" line="22">
<kw name="Teste de Estrutura de Resposta" owner="random-user-service">
<kw name="GET On Session" owner="RequestsLibrary">
<msg time="2024-05-02T13:14:47.768534" level="INFO">GET Request : url=https://randomuser.me/api 
 path_url=/api 
 headers={'User-Agent': 'python-requests/2.31.0', 'Accept-Encoding': 'gzip, deflate', 'Accept': '*/*', 'Connection': 'keep-alive'} 
 body=None 
 </msg>
<msg time="2024-05-02T13:14:47.768670" level="INFO">GET Response : url=https://randomuser.me/api 
 status=200, reason=OK 
 headers={'Date': 'Thu, 02 May 2024 13:14:47 GMT', 'Content-Type': 'application/json; charset=utf-8', 'Transfer-Encoding': 'chunked', 'Connection': 'keep-alive', 'X-Powered-By': 'Express', 'Access-Control-Allow-Origin': '*', 'Cache-Control': 'no-cache', 'ETag': 'W/"4a4-8N/6jPcjYoANRRYNftdWxLR9//k"', 'Vary': 'Accept-Encoding', 'Content-Encoding': 'gzip', 'CF-Cache-Status': 'DYNAMIC', 'Report-To': '{"endpoints":[{"url":"https:\\/\\/a.nel.cloudflare.com\\/report\\/v4?s=ItUXT%2Bl5bZCz%2BGIYdeBORmnjnLP7HrFsPvyPCYWlDFPU%2Ba34ivbXnTECcbT%2F3WaRHYh37hyIKS0sDxLPnKGLq6FYwgIdvtF4d%2FGbS3jIwEc34XFtafIv8VmRg%2FPsDDnC"}],"group":"cf-nel","max_age":604800}', 'NEL': '{"success_fraction":0,"report_to":"cf-nel","max_age":604800}', 'Server': 'cloudflare', 'CF-RAY': '87d846bf4e8f43f9-EWR', 'alt-svc': 'h3=":443"; ma=86400'} 
 body={"results":[{"gender":"male","name":{"title":"Mr","first":"Ángel","last":"Giménez"},"location":{"street":{"number":5226,"name":"Calle de Arganzuela"},"city":"Santiago de Compostela","state":"Comunidad Valenciana","country":"Spain","postcode":66957,"coordinates":{"latitude":"-33.8471","longitude":"-146.9551"},"timezone":{"offset":"-8:00","description":"Pacific Time (US &amp; Canada)"}},"email":"angel.gimenez@example.com","login":{"uuid":"25285c9a-9eae-464f-974c-f10183e478d9","username":"crazypeacock967","password":"house1","salt":"J6N5xp8J","md5":"d7da5c275b4e56c349602f2e97ccc1a7","sha1":"227e9cfeccbd4fba00518ab0641f822f63b1ef5c","sha256":"47d09ed9961591cffe65cfd277ee138f3e362e59bca698c49e3d0b2daf0b7a3a"},"dob":{"date":"1948-12-01T02:21:18.553Z","age":75},"registered":{"date":"2002-04-19T02:14:05.321Z","age":22},"phone":"952-924-585","cell":"605-509-819","id":{"name":"DNI","value":"69620606-T"},"picture":{"large":"https://randomuser.me/api/portraits/men/11.jpg","medium":"https://randomuser.me/api/portraits/med/men/11.jpg","thumbnail":"https://randomuser.me/api/portraits/thumb/men/11.jpg"},"nat":"ES"}],"info":{"seed":"b32b440f6558f66b","results":1,"page":1,"version":"1.4"}} 
 </msg>
<msg time="2024-05-02T13:14:47.768848" level="INFO">/opt/hostedtoolcache/Python/3.12.3/x64/lib/python3.12/site-packages/urllib3/connectionpool.py:1103: InsecureRequestWarning: Unverified HTTPS request is being made to host 'randomuser.me'. Adding certificate verification is strongly advised. See: https://urllib3.readthedocs.io/en/latest/advanced-usage.html#tls-warnings
  warnings.warn(</msg>
<msg time="2024-05-02T13:14:47.769022" level="INFO">${response} = &lt;Response [200]&gt;</msg>
<var>${response}</var>
<arg>consultarAPI</arg>
<arg>/api</arg>
<doc>Sends a GET request on a previously created HTTP Session.</doc>
<status status="PASS" start="2024-05-02T13:14:47.563000" elapsed="0.206072"/>
</kw>
<kw name="Set Variable" owner="BuiltIn">
<msg time="2024-05-02T13:14:47.770375" level="INFO">${json_data} = {'results': [{'gender': 'male', 'name': {'title': 'Mr', 'first': 'Ángel', 'last': 'Giménez'}, 'location': {'street': {'number': 5226, 'name': 'Calle de Arganzuela'}, 'city': 'Santiago de Compostela', ...</msg>
<var>${json_data}</var>
<arg>${response.json()}</arg>
<doc>Returns the given values which can then be assigned to a variables.</doc>
<status status="PASS" start="2024-05-02T13:14:47.769747" elapsed="0.000658"/>
</kw>
<kw name="Log" owner="BuiltIn">
<msg time="2024-05-02T13:14:47.770921" level="INFO">{'results': [{'gender': 'male', 'name': {'title': 'Mr', 'first': 'Ángel', 'last': 'Giménez'}, 'location': {'street': {'number': 5226, 'name': 'Calle de Arganzuela'}, 'city': 'Santiago de Compostela', 'state': 'Comunidad Valenciana', 'country': 'Spain', 'postcode': 66957, 'coordinates': {'latitude': '-33.8471', 'longitude': '-146.9551'}, 'timezone': {'offset': '-8:00', 'description': 'Pacific Time (US &amp; Canada)'}}, 'email': 'angel.gimenez@example.com', 'login': {'uuid': '25285c9a-9eae-464f-974c-f10183e478d9', 'username': 'crazypeacock967', 'password': 'house1', 'salt': 'J6N5xp8J', 'md5': 'd7da5c275b4e56c349602f2e97ccc1a7', 'sha1': '227e9cfeccbd4fba00518ab0641f822f63b1ef5c', 'sha256': '47d09ed9961591cffe65cfd277ee138f3e362e59bca698c49e3d0b2daf0b7a3a'}, 'dob': {'date': '1948-12-01T02:21:18.553Z', 'age': 75}, 'registered': {'date': '2002-04-19T02:14:05.321Z', 'age': 22}, 'phone': '952-924-585', 'cell': '605-509-819', 'id': {'name': 'DNI', 'value': '69620606-T'}, 'picture': {'large': 'https://randomuser.me/api/portraits/men/11.jpg', 'medium': 'https://randomuser.me/api/portraits/med/men/11.jpg', 'thumbnail': 'https://randomuser.me/api/portraits/thumb/men/11.jpg'}, 'nat': 'ES'}], 'info': {'seed': 'b32b440f6558f66b', 'results': 1, 'page': 1, 'version': '1.4'}}</msg>
<arg>${json_data}</arg>
<doc>Logs the given message with the given level.</doc>
<status status="PASS" start="2024-05-02T13:14:47.770749" elapsed="0.000225"/>
</kw>
<kw name="Dictionary Should Contain Key" owner="Collections">
<msg time="2024-05-02T13:14:47.771428" level="INFO">False</msg>
<arg>${json_data}</arg>
<arg>results</arg>
<doc>Fails if ``key`` is not found from ``dictionary``.</doc>
<status status="PASS" start="2024-05-02T13:14:47.771268" elapsed="0.000197"/>
</kw>
<kw name="Should Not Be Empty" owner="BuiltIn">
<msg time="2024-05-02T13:14:47.771930" level="INFO">Length is 2.</msg>
<arg>${json_data}</arg>
<doc>Verifies that the given item is not empty.</doc>
<status status="PASS" start="2024-05-02T13:14:47.771794" elapsed="0.000338"/>
</kw>
<kw name="Create List" owner="BuiltIn">
<msg time="2024-05-02T13:14:47.772584" level="INFO">${expected_keys} = ['gender', 'name', 'location', 'email', 'login']</msg>
<var>${expected_keys}</var>
<arg>gender</arg>
<arg>name</arg>
<arg>location</arg>
<arg>email</arg>
<arg>login</arg>
<doc>Returns a list containing given items.</doc>
<status status="PASS" start="2024-05-02T13:14:47.772431" elapsed="0.000178"/>
</kw>
<for flavor="IN">
<iter>
<kw name="Dictionary Should Contain Key" owner="Collections">
<msg time="2024-05-02T13:14:47.773622" level="INFO">False</msg>
<arg>${json_data['results'][0]}</arg>
<arg>${key}</arg>
<doc>Fails if ``key`` is not found from ``dictionary``.</doc>
<status status="PASS" start="2024-05-02T13:14:47.773196" elapsed="0.000464"/>
</kw>
<kw name="Log" owner="BuiltIn">
<msg time="2024-05-02T13:14:47.774337" level="INFO">{'gender': 'male', 'name': {'title': 'Mr', 'first': 'Ángel', 'last': 'Giménez'}, 'location': {'street': {'number': 5226, 'name': 'Calle de Arganzuela'}, 'city': 'Santiago de Compostela', 'state': 'Comunidad Valenciana', 'country': 'Spain', 'postcode': 66957, 'coordinates': {'latitude': '-33.8471', 'longitude': '-146.9551'}, 'timezone': {'offset': '-8:00', 'description': 'Pacific Time (US &amp; Canada)'}}, 'email': 'angel.gimenez@example.com', 'login': {'uuid': '25285c9a-9eae-464f-974c-f10183e478d9', 'username': 'crazypeacock967', 'password': 'house1', 'salt': 'J6N5xp8J', 'md5': 'd7da5c275b4e56c349602f2e97ccc1a7', 'sha1': '227e9cfeccbd4fba00518ab0641f822f63b1ef5c', 'sha256': '47d09ed9961591cffe65cfd277ee138f3e362e59bca698c49e3d0b2daf0b7a3a'}, 'dob': {'date': '1948-12-01T02:21:18.553Z', 'age': 75}, 'registered': {'date': '2002-04-19T02:14:05.321Z', 'age': 22}, 'phone': '952-924-585', 'cell': '605-509-819', 'id': {'name': 'DNI', 'value': '69620606-T'}, 'picture': {'large': 'https://randomuser.me/api/portraits/men/11.jpg', 'medium': 'https://randomuser.me/api/portraits/med/men/11.jpg', 'thumbnail': 'https://randomuser.me/api/portraits/thumb/men/11.jpg'}, 'nat': 'ES'}</msg>
<arg>${json_data['results'][0]}</arg>
<doc>Logs the given message with the given level.</doc>
<status status="PASS" start="2024-05-02T13:14:47.773954" elapsed="0.000435"/>
</kw>
<kw name="Log" owner="BuiltIn">
<msg time="2024-05-02T13:14:47.774809" level="INFO">gender</msg>
<arg>${key}</arg>
<doc>Logs the given message with the given level.</doc>
<status status="PASS" start="2024-05-02T13:14:47.774684" elapsed="0.000163"/>
</kw>
<var name="${key}">gender</var>
<status status="PASS" start="2024-05-02T13:14:47.773065" elapsed="0.002003"/>
</iter>
<iter>
<kw name="Dictionary Should Contain Key" owner="Collections">
<msg time="2024-05-02T13:14:47.775794" level="INFO">False</msg>
<arg>${json_data['results'][0]}</arg>
<arg>${key}</arg>
<doc>Fails if ``key`` is not found from ``dictionary``.</doc>
<status status="PASS" start="2024-05-02T13:14:47.775367" elapsed="0.000499"/>
</kw>
<kw name="Log" owner="BuiltIn">
<msg time="2024-05-02T13:14:47.776535" level="INFO">{'gender': 'male', 'name': {'title': 'Mr', 'first': 'Ángel', 'last': 'Giménez'}, 'location': {'street': {'number': 5226, 'name': 'Calle de Arganzuela'}, 'city': 'Santiago de Compostela', 'state': 'Comunidad Valenciana', 'country': 'Spain', 'postcode': 66957, 'coordinates': {'latitude': '-33.8471', 'longitude': '-146.9551'}, 'timezone': {'offset': '-8:00', 'description': 'Pacific Time (US &amp; Canada)'}}, 'email': 'angel.gimenez@example.com', 'login': {'uuid': '25285c9a-9eae-464f-974c-f10183e478d9', 'username': 'crazypeacock967', 'password': 'house1', 'salt': 'J6N5xp8J', 'md5': 'd7da5c275b4e56c349602f2e97ccc1a7', 'sha1': '227e9cfeccbd4fba00518ab0641f822f63b1ef5c', 'sha256': '47d09ed9961591cffe65cfd277ee138f3e362e59bca698c49e3d0b2daf0b7a3a'}, 'dob': {'date': '1948-12-01T02:21:18.553Z', 'age': 75}, 'registered': {'date': '2002-04-19T02:14:05.321Z', 'age': 22}, 'phone': '952-924-585', 'cell': '605-509-819', 'id': {'name': 'DNI', 'value': '69620606-T'}, 'picture': {'large': 'https://randomuser.me/api/portraits/men/11.jpg', 'medium': 'https://randomuser.me/api/portraits/med/men/11.jpg', 'thumbnail': 'https://randomuser.me/api/portraits/thumb/men/11.jpg'}, 'nat': 'ES'}</msg>
<arg>${json_data['results'][0]}</arg>
<doc>Logs the given message with the given level.</doc>
<status status="PASS" start="2024-05-02T13:14:47.776166" elapsed="0.000420"/>
</kw>
<kw name="Log" owner="BuiltIn">
<msg time="2024-05-02T13:14:47.777007" level="INFO">name</msg>
<arg>${key}</arg>
<doc>Logs the given message with the given level.</doc>
<status status="PASS" start="2024-05-02T13:14:47.776878" elapsed="0.000166"/>
</kw>
<var name="${key}">name</var>
<status status="PASS" start="2024-05-02T13:14:47.775253" elapsed="0.002002"/>
</iter>
<iter>
<kw name="Dictionary Should Contain Key" owner="Collections">
<msg time="2024-05-02T13:14:47.777939" level="INFO">False</msg>
<arg>${json_data['results'][0]}</arg>
<arg>${key}</arg>
<doc>Fails if ``key`` is not found from ``dictionary``.</doc>
<status status="PASS" start="2024-05-02T13:14:47.777542" elapsed="0.000434"/>
</kw>
<kw name="Log" owner="BuiltIn">
<msg time="2024-05-02T13:14:47.778648" level="INFO">{'gender': 'male', 'name': {'title': 'Mr', 'first': 'Ángel', 'last': 'Giménez'}, 'location': {'street': {'number': 5226, 'name': 'Calle de Arganzuela'}, 'city': 'Santiago de Compostela', 'state': 'Comunidad Valenciana', 'country': 'Spain', 'postcode': 66957, 'coordinates': {'latitude': '-33.8471', 'longitude': '-146.9551'}, 'timezone': {'offset': '-8:00', 'description': 'Pacific Time (US &amp; Canada)'}}, 'email': 'angel.gimenez@example.com', 'login': {'uuid': '25285c9a-9eae-464f-974c-f10183e478d9', 'username': 'crazypeacock967', 'password': 'house1', 'salt': 'J6N5xp8J', 'md5': 'd7da5c275b4e56c349602f2e97ccc1a7', 'sha1': '227e9cfeccbd4fba00518ab0641f822f63b1ef5c', 'sha256': '47d09ed9961591cffe65cfd277ee138f3e362e59bca698c49e3d0b2daf0b7a3a'}, 'dob': {'date': '1948-12-01T02:21:18.553Z', 'age': 75}, 'registered': {'date': '2002-04-19T02:14:05.321Z', 'age': 22}, 'phone': '952-924-585', 'cell': '605-509-819', 'id': {'name': 'DNI', 'value': '69620606-T'}, 'picture': {'large': 'https://randomuser.me/api/portraits/men/11.jpg', 'medium': 'https://randomuser.me/api/portraits/med/men/11.jpg', 'thumbnail': 'https://randomuser.me/api/portraits/thumb/men/11.jpg'}, 'nat': 'ES'}</msg>
<arg>${json_data['results'][0]}</arg>
<doc>Logs the given message with the given level.</doc>
<status status="PASS" start="2024-05-02T13:14:47.778275" elapsed="0.000426"/>
</kw>
<kw name="Log" owner="BuiltIn">
<msg time="2024-05-02T13:14:47.779200" level="INFO">location</msg>
<arg>${key}</arg>
<doc>Logs the given message with the given level.</doc>
<status status="PASS" start="2024-05-02T13:14:47.778994" elapsed="0.000264"/>
</kw>
<var name="${key}">location</var>
<status status="PASS" start="2024-05-02T13:14:47.777431" elapsed="0.002115"/>
</iter>
<iter>
<kw name="Dictionary Should Contain Key" owner="Collections">
<msg time="2024-05-02T13:14:47.780271" level="INFO">False</msg>
<arg>${json_data['results'][0]}</arg>
<arg>${key}</arg>
<doc>Fails if ``key`` is not found from ``dictionary``.</doc>
<status status="PASS" start="2024-05-02T13:14:47.779870" elapsed="0.000438"/>
</kw>
<kw name="Log" owner="BuiltIn">
<msg time="2024-05-02T13:14:47.780992" level="INFO">{'gender': 'male', 'name': {'title': 'Mr', 'first': 'Ángel', 'last': 'Giménez'}, 'location': {'street': {'number': 5226, 'name': 'Calle de Arganzuela'}, 'city': 'Santiago de Compostela', 'state': 'Comunidad Valenciana', 'country': 'Spain', 'postcode': 66957, 'coordinates': {'latitude': '-33.8471', 'longitude': '-146.9551'}, 'timezone': {'offset': '-8:00', 'description': 'Pacific Time (US &amp; Canada)'}}, 'email': 'angel.gimenez@example.com', 'login': {'uuid': '25285c9a-9eae-464f-974c-f10183e478d9', 'username': 'crazypeacock967', 'password': 'house1', 'salt': 'J6N5xp8J', 'md5': 'd7da5c275b4e56c349602f2e97ccc1a7', 'sha1': '227e9cfeccbd4fba00518ab0641f822f63b1ef5c', 'sha256': '47d09ed9961591cffe65cfd277ee138f3e362e59bca698c49e3d0b2daf0b7a3a'}, 'dob': {'date': '1948-12-01T02:21:18.553Z', 'age': 75}, 'registered': {'date': '2002-04-19T02:14:05.321Z', 'age': 22}, 'phone': '952-924-585', 'cell': '605-509-819', 'id': {'name': 'DNI', 'value': '69620606-T'}, 'picture': {'large': 'https://randomuser.me/api/portraits/men/11.jpg', 'medium': 'https://randomuser.me/api/portraits/med/men/11.jpg', 'thumbnail': 'https://randomuser.me/api/portraits/thumb/men/11.jpg'}, 'nat': 'ES'}</msg>
<arg>${json_data['results'][0]}</arg>
<doc>Logs the given message with the given level.</doc>
<status status="PASS" start="2024-05-02T13:14:47.780606" elapsed="0.000439"/>
</kw>
<kw name="Log" owner="BuiltIn">
<msg time="2024-05-02T13:14:47.781466" level="INFO">email</msg>
<arg>${key}</arg>
<doc>Logs the given message with the given level.</doc>
<status status="PASS" start="2024-05-02T13:14:47.781340" elapsed="0.000162"/>
</kw>
<var name="${key}">email</var>
<status status="PASS" start="2024-05-02T13:14:47.779757" elapsed="0.001959"/>
</iter>
<iter>
<kw name="Dictionary Should Contain Key" owner="Collections">
<msg time="2024-05-02T13:14:47.782403" level="INFO">False</msg>
<arg>${json_data['results'][0]}</arg>
<arg>${key}</arg>
<doc>Fails if ``key`` is not found from ``dictionary``.</doc>
<status status="PASS" start="2024-05-02T13:14:47.781997" elapsed="0.000444"/>
</kw>
<kw name="Log" owner="BuiltIn">
<msg time="2024-05-02T13:14:47.783107" level="INFO">{'gender': 'male', 'name': {'title': 'Mr', 'first': 'Ángel', 'last': 'Giménez'}, 'location': {'street': {'number': 5226, 'name': 'Calle de Arganzuela'}, 'city': 'Santiago de Compostela', 'state': 'Comunidad Valenciana', 'country': 'Spain', 'postcode': 66957, 'coordinates': {'latitude': '-33.8471', 'longitude': '-146.9551'}, 'timezone': {'offset': '-8:00', 'description': 'Pacific Time (US &amp; Canada)'}}, 'email': 'angel.gimenez@example.com', 'login': {'uuid': '25285c9a-9eae-464f-974c-f10183e478d9', 'username': 'crazypeacock967', 'password': 'house1', 'salt': 'J6N5xp8J', 'md5': 'd7da5c275b4e56c349602f2e97ccc1a7', 'sha1': '227e9cfeccbd4fba00518ab0641f822f63b1ef5c', 'sha256': '47d09ed9961591cffe65cfd277ee138f3e362e59bca698c49e3d0b2daf0b7a3a'}, 'dob': {'date': '1948-12-01T02:21:18.553Z', 'age': 75}, 'registered': {'date': '2002-04-19T02:14:05.321Z', 'age': 22}, 'phone': '952-924-585', 'cell': '605-509-819', 'id': {'name': 'DNI', 'value': '69620606-T'}, 'picture': {'large': 'https://randomuser.me/api/portraits/men/11.jpg', 'medium': 'https://randomuser.me/api/portraits/med/men/11.jpg', 'thumbnail': 'https://randomuser.me/api/portraits/thumb/men/11.jpg'}, 'nat': 'ES'}</msg>
<arg>${json_data['results'][0]}</arg>
<doc>Logs the given message with the given level.</doc>
<status status="PASS" start="2024-05-02T13:14:47.782733" elapsed="0.000427"/>
</kw>
<kw name="Log" owner="BuiltIn">
<msg time="2024-05-02T13:14:47.783581" level="INFO">login</msg>
<arg>${key}</arg>
<doc>Logs the given message with the given level.</doc>
<status status="PASS" start="2024-05-02T13:14:47.783454" elapsed="0.000235"/>
</kw>
<var name="${key}">login</var>
<status status="PASS" start="2024-05-02T13:14:47.781887" elapsed="0.002030"/>
</iter>
<var>${key}</var>
<value>@{expected_keys}</value>
<status status="PASS" start="2024-05-02T13:14:47.772870" elapsed="0.011170"/>
</for>
<kw name="Create List" owner="BuiltIn">
<msg time="2024-05-02T13:14:47.784376" level="INFO">${expected_keysTwo} = ['username', 'password']</msg>
<var>${expected_keysTwo}</var>
<arg>username</arg>
<arg>password</arg>
<doc>Returns a list containing given items.</doc>
<status status="PASS" start="2024-05-02T13:14:47.784238" elapsed="0.000161"/>
</kw>
<for flavor="IN">
<iter>
<kw name="Dictionary Should Contain Key" owner="Collections">
<msg time="2024-05-02T13:14:47.785316" level="INFO">False</msg>
<arg>${json_data['results'][0]['login']}</arg>
<arg>${keyTwo}</arg>
<doc>Fails if ``key`` is not found from ``dictionary``.</doc>
<status status="PASS" start="2024-05-02T13:14:47.784906" elapsed="0.000447"/>
</kw>
<kw name="Dictionary Should Contain Key" owner="Collections">
<msg time="2024-05-02T13:14:47.786041" level="INFO">False</msg>
<arg>${json_data['results'][0]['login']}</arg>
<arg>${keyTwo}</arg>
<doc>Fails if ``key`` is not found from ``dictionary``.</doc>
<status status="PASS" start="2024-05-02T13:14:47.785649" elapsed="0.000431"/>
</kw>
<kw name="Log" owner="BuiltIn">
<msg time="2024-05-02T13:14:47.786498" level="INFO">username</msg>
<arg>${keyTwo}</arg>
<doc>Logs the given message with the given level.</doc>
<status status="PASS" start="2024-05-02T13:14:47.786372" elapsed="0.000169"/>
</kw>
<var name="${keyTwo}">username</var>
<status status="PASS" start="2024-05-02T13:14:47.784796" elapsed="0.001960"/>
</iter>
<iter>
<kw name="Dictionary Should Contain Key" owner="Collections">
<msg time="2024-05-02T13:14:47.787531" level="INFO">False</msg>
<arg>${json_data['results'][0]['login']}</arg>
<arg>${keyTwo}</arg>
<doc>Fails if ``key`` is not found from ``dictionary``.</doc>
<status status="PASS" start="2024-05-02T13:14:47.787039" elapsed="0.000532"/>
</kw>
<kw name="Dictionary Should Contain Key" owner="Collections">
<msg time="2024-05-02T13:14:47.788289" level="INFO">False</msg>
<arg>${json_data['results'][0]['login']}</arg>
<arg>${keyTwo}</arg>
<doc>Fails if ``key`` is not found from ``dictionary``.</doc>
<status status="PASS" start="2024-05-02T13:14:47.787890" elapsed="0.000436"/>
</kw>
<kw name="Log" owner="BuiltIn">
<msg time="2024-05-02T13:14:47.788748" level="INFO">password</msg>
<arg>${keyTwo}</arg>
<doc>Logs the given message with the given level.</doc>
<status status="PASS" start="2024-05-02T13:14:47.788620" elapsed="0.000166"/>
</kw>
<var name="${keyTwo}">password</var>
<status status="PASS" start="2024-05-02T13:14:47.786929" elapsed="0.002071"/>
</iter>
<var>${keyTwo}</var>
<value>@{expected_keysTwo}</value>
<status status="PASS" start="2024-05-02T13:14:47.784640" elapsed="0.004484"/>
</for>
<status status="PASS" start="2024-05-02T13:14:47.562665" elapsed="0.226602"/>
</kw>
<doc>Testa a estrutura da resposta da API.</doc>
<tag>testeEstruturaResposta</tag>
<status status="PASS" start="2024-05-02T13:14:47.561877" elapsed="0.227554"/>
</test>
<test id="s1-s1-t4" name="Validar tipos de dados" line="28">
<kw name="Teste de Tipos de Dados" owner="random-user-service">
<kw name="GET On Session" owner="RequestsLibrary">
<msg time="2024-05-02T13:14:47.862664" level="INFO">GET Request : url=https://randomuser.me/api 
 path_url=/api 
 headers={'User-Agent': 'python-requests/2.31.0', 'Accept-Encoding': 'gzip, deflate', 'Accept': '*/*', 'Connection': 'keep-alive'} 
 body=None 
 </msg>
<msg time="2024-05-02T13:14:47.862772" level="INFO">GET Response : url=https://randomuser.me/api 
 status=200, reason=OK 
 headers={'Date': 'Thu, 02 May 2024 13:14:47 GMT', 'Content-Type': 'application/json; charset=utf-8', 'Transfer-Encoding': 'chunked', 'Connection': 'keep-alive', 'X-Powered-By': 'Express', 'Access-Control-Allow-Origin': '*', 'Cache-Control': 'no-cache', 'ETag': 'W/"47c-Jx/QKIPe+W8oikiDsNrU5WL/qRk"', 'Vary': 'Accept-Encoding', 'Content-Encoding': 'gzip', 'CF-Cache-Status': 'DYNAMIC', 'Report-To': '{"endpoints":[{"url":"https:\\/\\/a.nel.cloudflare.com\\/report\\/v4?s=3untmsC9uVUdxtbz%2BQEUoZmrXgXqSil9j%2FPZusiUlk63S2qoLUw3mQIynuzZnzdkwHDhUCTk9DOEVWOx0PnCfph3NPAHcGhrHHSxtAZf204XCNr%2BDOj6ixawcYzh5%2BDe"}],"group":"cf-nel","max_age":604800}', 'NEL': '{"success_fraction":0,"report_to":"cf-nel","max_age":604800}', 'Server': 'cloudflare', 'CF-RAY': '87d846c0b87943f9-EWR', 'alt-svc': 'h3=":443"; ma=86400'} 
 body={"results":[{"gender":"male","name":{"title":"Mr","first":"Batur","last":"Adal"},"location":{"street":{"number":3951,"name":"Istiklal Cd"},"city":"Çorum","state":"Zonguldak","country":"Turkey","postcode":89231,"coordinates":{"latitude":"66.9131","longitude":"-175.0074"},"timezone":{"offset":"-4:00","description":"Atlantic Time (Canada), Caracas, La Paz"}},"email":"batur.adal@example.com","login":{"uuid":"104673de-3566-42af-95bf-48545e43a249","username":"sadwolf356","password":"europe","salt":"ovyAjN82","md5":"8e87ca3ce6964cea60d7c40ab45f5d79","sha1":"3fb5a96a3d8387a7a2541836892375f967dc8667","sha256":"7c05db060f4170104ddead76342a8141a5eeca93a24e7cd71d8474dc5b940199"},"dob":{"date":"1973-09-21T13:28:12.026Z","age":50},"registered":{"date":"2008-08-22T00:56:14.014Z","age":15},"phone":"(392)-261-2567","cell":"(724)-752-0233","id":{"name":"","value":null},"picture":{"large":"https://randomuser.me/api/portraits/men/26.jpg","medium":"https://randomuser.me/api/portraits/med/men/26.jpg","thumbnail":"https://randomuser.me/api/portraits/thumb/men/26.jpg"},"nat":"TR"}],"info":{"seed":"f6fb68bc8ee5a263","results":1,"page":1,"version":"1.4"}} 
 </msg>
<msg time="2024-05-02T13:14:47.862849" level="INFO">/opt/hostedtoolcache/Python/3.12.3/x64/lib/python3.12/site-packages/urllib3/connectionpool.py:1103: InsecureRequestWarning: Unverified HTTPS request is being made to host 'randomuser.me'. Adding certificate verification is strongly advised. See: https://urllib3.readthedocs.io/en/latest/advanced-usage.html#tls-warnings
  warnings.warn(</msg>
<msg time="2024-05-02T13:14:47.862964" level="INFO">${response} = &lt;Response [200]&gt;</msg>
<var>${response}</var>
<arg>consultarAPI</arg>
<arg>/api</arg>
<doc>Sends a GET request on a previously created HTTP Session.</doc>
<status status="PASS" start="2024-05-02T13:14:47.791977" elapsed="0.071016"/>
</kw>
<kw name="Set Variable" owner="BuiltIn">
<msg time="2024-05-02T13:14:47.864126" level="INFO">${json_data} = {'results': [{'gender': 'male', 'name': {'title': 'Mr', 'first': 'Batur', 'last': 'Adal'}, 'location': {'street': {'number': 3951, 'name': 'Istiklal Cd'}, 'city': 'Çorum', 'state': 'Zonguldak', 'count...</msg>
<var>${json_data}</var>
<arg>${response.json()}</arg>
<doc>Returns the given values which can then be assigned to a variables.</doc>
<status status="PASS" start="2024-05-02T13:14:47.863535" elapsed="0.000620"/>
</kw>
<kw name="Log" owner="BuiltIn">
<msg time="2024-05-02T13:14:47.864626" level="INFO">{'results': [{'gender': 'male', 'name': {'title': 'Mr', 'first': 'Batur', 'last': 'Adal'}, 'location': {'street': {'number': 3951, 'name': 'Istiklal Cd'}, 'city': 'Çorum', 'state': 'Zonguldak', 'country': 'Turkey', 'postcode': 89231, 'coordinates': {'latitude': '66.9131', 'longitude': '-175.0074'}, 'timezone': {'offset': '-4:00', 'description': 'Atlantic Time (Canada), Caracas, La Paz'}}, 'email': 'batur.adal@example.com', 'login': {'uuid': '104673de-3566-42af-95bf-48545e43a249', 'username': 'sadwolf356', 'password': 'europe', 'salt': 'ovyAjN82', 'md5': '8e87ca3ce6964cea60d7c40ab45f5d79', 'sha1': '3fb5a96a3d8387a7a2541836892375f967dc8667', 'sha256': '7c05db060f4170104ddead76342a8141a5eeca93a24e7cd71d8474dc5b940199'}, 'dob': {'date': '1973-09-21T13:28:12.026Z', 'age': 50}, 'registered': {'date': '2008-08-22T00:56:14.014Z', 'age': 15}, 'phone': '(392)-261-2567', 'cell': '(724)-752-0233', 'id': {'name': '', 'value': None}, 'picture': {'large': 'https://randomuser.me/api/portraits/men/26.jpg', 'medium': 'https://randomuser.me/api/portraits/med/men/26.jpg', 'thumbnail': 'https://randomuser.me/api/portraits/thumb/men/26.jpg'}, 'nat': 'TR'}], 'info': {'seed': 'f6fb68bc8ee5a263', 'results': 1, 'page': 1, 'version': '1.4'}}</msg>
<arg>${json_data}</arg>
<doc>Logs the given message with the given level.</doc>
<status status="PASS" start="2024-05-02T13:14:47.864464" elapsed="0.000252"/>
</kw>
<kw name="Should Be String" owner="String">
<arg>${json_data['results'][0]['gender']}</arg>
<doc>Fails if the given ``item`` is not a string.</doc>
<status status="PASS" start="2024-05-02T13:14:47.865020" elapsed="0.000391"/>
</kw>
<kw name="Should Match Regexp" owner="BuiltIn">
<arg>${json_data['results'][0]['email']}</arg>
<arg>^[a-zA-Z0-9._%+-]+@[a-zA-Z0-9.-]+\.[a-zA-Z]{2,}$</arg>
<doc>Fails if ``string`` does not match ``pattern`` as a regular expression.</doc>
<status status="PASS" start="2024-05-02T13:14:47.865605" elapsed="0.000530"/>
</kw>
<kw name="Should Match Regexp" owner="BuiltIn">
<arg>${json_data['results'][0]['dob']['date']}</arg>
<arg>\\d{4}-\\d{2}-\\d{2}T\\d{2}:\\d{2}:\\d{2}\\.\\d{3}Z</arg>
<doc>Fails if ``string`` does not match ``pattern`` as a regular expression.</doc>
<status status="PASS" start="2024-05-02T13:14:47.866327" elapsed="0.000509"/>
</kw>
<kw name="Should Match Regexp" owner="BuiltIn">
<arg>${json_data['results'][0]['registered']['date']}</arg>
<arg>\\d{4}-\\d{2}-\\d{2}T\\d{2}:\\d{2}:\\d{2}\\.\\d{3}Z</arg>
<doc>Fails if ``string`` does not match ``pattern`` as a regular expression.</doc>
<status status="PASS" start="2024-05-02T13:14:47.867031" elapsed="0.000380"/>
</kw>
<kw name="Should Match Regexp" owner="BuiltIn">
<arg>${json_data['results'][0]['picture']['large']}</arg>
<arg>^https?://.*\.(?:png|jpe?g|gif|bmp)$</arg>
<doc>Fails if ``string`` does not match ``pattern`` as a regular expression.</doc>
<status status="PASS" start="2024-05-02T13:14:47.867619" elapsed="0.000483"/>
</kw>
<kw name="Should Match Regexp" owner="BuiltIn">
<arg>${json_data['results'][0]['picture']['medium']}</arg>
<arg>^https?://.*\.(?:png|jpe?g|gif|bmp)$</arg>
<doc>Fails if ``string`` does not match ``pattern`` as a regular expression.</doc>
<status status="PASS" start="2024-05-02T13:14:47.868292" elapsed="0.000371"/>
</kw>
<kw name="Should Match Regexp" owner="BuiltIn">
<arg>${json_data['results'][0]['picture']['thumbnail']}</arg>
<arg>^https?://.*\.(?:png|jpe?g|gif|bmp)$</arg>
<doc>Fails if ``string`` does not match ``pattern`` as a regular expression.</doc>
<status status="PASS" start="2024-05-02T13:14:47.868856" elapsed="0.000365"/>
</kw>
<kw name="Log" owner="BuiltIn">
<msg time="2024-05-02T13:14:47.869735" level="INFO">{'large': 'https://randomuser.me/api/portraits/men/26.jpg', 'medium': 'https://randomuser.me/api/portraits/med/men/26.jpg', 'thumbnail': 'https://randomuser.me/api/portraits/thumb/men/26.jpg'}</msg>
<arg>${json_data['results'][0]['picture']}</arg>
<doc>Logs the given message with the given level.</doc>
<status status="PASS" start="2024-05-02T13:14:47.869401" elapsed="0.000377"/>
</kw>
<status status="PASS" start="2024-05-02T13:14:47.791740" elapsed="0.078295"/>
</kw>
<kw name="Teste de Tipos de Dados - Postcode" owner="random-user-service">
<kw name="GET On Session" owner="RequestsLibrary">
<msg time="2024-05-02T13:14:47.956108" level="INFO">GET Request : url=https://randomuser.me/api 
 path_url=/api 
 headers={'User-Agent': 'python-requests/2.31.0', 'Accept-Encoding': 'gzip, deflate', 'Accept': '*/*', 'Connection': 'keep-alive'} 
 body=None 
 </msg>
<msg time="2024-05-02T13:14:47.956213" level="INFO">GET Response : url=https://randomuser.me/api 
 status=200, reason=OK 
 headers={'Date': 'Thu, 02 May 2024 13:14:47 GMT', 'Content-Type': 'application/json; charset=utf-8', 'Transfer-Encoding': 'chunked', 'Connection': 'keep-alive', 'X-Powered-By': 'Express', 'Access-Control-Allow-Origin': '*', 'Cache-Control': 'no-cache', 'ETag': 'W/"4a2-5VczwtvuxDa03/Jech+zvWm+ELE"', 'Vary': 'Accept-Encoding', 'Content-Encoding': 'gzip', 'CF-Cache-Status': 'DYNAMIC', 'Report-To': '{"endpoints":[{"url":"https:\\/\\/a.nel.cloudflare.com\\/report\\/v4?s=jFqo0xp4rNwlD1EMFnX8iezwyRBtOI4xFhuoS4YUbdnPirGdD%2F1Zwp8UQdpZmepwAp%2BmW2CRFLCMeW5Oh0t28oA1C0rQ2mtLjWYaulOoefUr%2Fc5Qq5bRfXtMs9sWeJu2"}],"group":"cf-nel","max_age":604800}', 'NEL': '{"success_fraction":0,"report_to":"cf-nel","max_age":604800}', 'Server': 'cloudflare', 'CF-RAY': '87d846c1393243f9-EWR', 'alt-svc': 'h3=":443"; ma=86400'} 
 body={"results":[{"gender":"female","name":{"title":"Ms","first":"Cléa","last":"Le Gall"},"location":{"street":{"number":7600,"name":"Place de L'Église"},"city":"Paris","state":"Finistère","country":"France","postcode":87377,"coordinates":{"latitude":"-14.0596","longitude":"116.5183"},"timezone":{"offset":"+1:00","description":"Brussels, Copenhagen, Madrid, Paris"}},"email":"clea.legall@example.com","login":{"uuid":"37f7c3a4-dbb8-44b2-8411-0e2cc265fae1","username":"beautifulbird941","password":"aztnm","salt":"UUHpRibq","md5":"933d6a30b3b3b25fb5894c373cadd8e9","sha1":"026cc6990b87107c8a416b9d0356aa0154da0a59","sha256":"6d79ebabb89ef1c39b1062a95cab0f60c2a34c405f2e4fbb0d5e062b89047cca"},"dob":{"date":"1955-03-01T10:42:14.773Z","age":69},"registered":{"date":"2018-01-22T07:13:28.676Z","age":6},"phone":"01-43-96-90-92","cell":"06-08-99-68-30","id":{"name":"INSEE","value":"2550256182300 53"},"picture":{"large":"https://randomuser.me/api/portraits/women/73.jpg","medium":"https://randomuser.me/api/portraits/med/women/73.jpg","thumbnail":"https://randomuser.me/api/portraits/thumb/women/73.jpg"},"nat":"FR"}],"info":{"seed":"98e0c623ad628a25","results":1,"page":1,"version":"1.4"}} 
 </msg>
<msg time="2024-05-02T13:14:47.956293" level="INFO">/opt/hostedtoolcache/Python/3.12.3/x64/lib/python3.12/site-packages/urllib3/connectionpool.py:1103: InsecureRequestWarning: Unverified HTTPS request is being made to host 'randomuser.me'. Adding certificate verification is strongly advised. See: https://urllib3.readthedocs.io/en/latest/advanced-usage.html#tls-warnings
  warnings.warn(</msg>
<msg time="2024-05-02T13:14:47.956415" level="INFO">${response} = &lt;Response [200]&gt;</msg>
<var>${response}</var>
<arg>consultarAPI</arg>
<arg>/api</arg>
<doc>Sends a GET request on a previously created HTTP Session.</doc>
<status status="PASS" start="2024-05-02T13:14:47.870499" elapsed="0.085951"/>
</kw>
<kw name="Set Variable" owner="BuiltIn">
<msg time="2024-05-02T13:14:47.957537" level="INFO">${json_data} = {'results': [{'gender': 'female', 'name': {'title': 'Ms', 'first': 'Cléa', 'last': 'Le Gall'}, 'location': {'street': {'number': 7600, 'name': "Place de L'Église"}, 'city': 'Paris', 'state': 'Finistèr...</msg>
<var>${json_data}</var>
<arg>${response.json()}</arg>
<doc>Returns the given values which can then be assigned to a variables.</doc>
<status status="PASS" start="2024-05-02T13:14:47.956995" elapsed="0.000571"/>
</kw>
<kw name="Log" owner="BuiltIn">
<msg time="2024-05-02T13:14:47.958031" level="INFO">{'results': [{'gender': 'female', 'name': {'title': 'Ms', 'first': 'Cléa', 'last': 'Le Gall'}, 'location': {'street': {'number': 7600, 'name': "Place de L'Église"}, 'city': 'Paris', 'state': 'Finistère', 'country': 'France', 'postcode': 87377, 'coordinates': {'latitude': '-14.0596', 'longitude': '116.5183'}, 'timezone': {'offset': '+1:00', 'description': 'Brussels, Copenhagen, Madrid, Paris'}}, 'email': 'clea.legall@example.com', 'login': {'uuid': '37f7c3a4-dbb8-44b2-8411-0e2cc265fae1', 'username': 'beautifulbird941', 'password': 'aztnm', 'salt': 'UUHpRibq', 'md5': '933d6a30b3b3b25fb5894c373cadd8e9', 'sha1': '026cc6990b87107c8a416b9d0356aa0154da0a59', 'sha256': '6d79ebabb89ef1c39b1062a95cab0f60c2a34c405f2e4fbb0d5e062b89047cca'}, 'dob': {'date': '1955-03-01T10:42:14.773Z', 'age': 69}, 'registered': {'date': '2018-01-22T07:13:28.676Z', 'age': 6}, 'phone': '01-43-96-90-92', 'cell': '06-08-99-68-30', 'id': {'name': 'INSEE', 'value': '2550256182300 53'}, 'picture': {'large': 'https://randomuser.me/api/portraits/women/73.jpg', 'medium': 'https://randomuser.me/api/portraits/med/women/73.jpg', 'thumbnail': 'https://randomuser.me/api/portraits/thumb/women/73.jpg'}, 'nat': 'FR'}], 'info': {'seed': '98e0c623ad628a25', 'results': 1, 'page': 1, 'version': '1.4'}}</msg>
<arg>${json_data}</arg>
<doc>Logs the given message with the given level.</doc>
<status status="PASS" start="2024-05-02T13:14:47.957873" elapsed="0.000243"/>
</kw>
<kw name="Should Be Equal As Numbers" owner="BuiltIn">
<arg>${json_data['results'][0]['location']['postcode']}</arg>
<arg>${json_data['results'][0]['location']['postcode']}</arg>
<doc>Fails if objects are unequal after converting them to real numbers.</doc>
<status status="PASS" start="2024-05-02T13:14:47.958601" elapsed="0.000638"/>
</kw>
<kw name="Log" owner="BuiltIn">
<msg time="2024-05-02T13:14:47.959811" level="INFO">87377</msg>
<arg>${json_data['results'][0]['location']['postcode']}</arg>
<doc>Logs the given message with the given level.</doc>
<status status="PASS" start="2024-05-02T13:14:47.959428" elapsed="0.000422"/>
</kw>
<status status="PASS" start="2024-05-02T13:14:47.870267" elapsed="0.089862"/>
</kw>
<doc>Testa se os tipos de dados na resposta da API estão corretos.</doc>
<tag>testeTiposDados</tag>
<status status="PASS" start="2024-05-02T13:14:47.791248" elapsed="0.169052"/>
</test>
<test id="s1-s1-t5" name="Validar conteudo" line="35">
<kw name="Teste de Tipos de Conteudo" owner="random-user-service">
<kw name="GET On Session" owner="RequestsLibrary">
<msg time="2024-05-02T13:14:48.059158" level="INFO">GET Request : url=https://randomuser.me/api 
 path_url=/api 
 headers={'User-Agent': 'python-requests/2.31.0', 'Accept-Encoding': 'gzip, deflate', 'Accept': '*/*', 'Connection': 'keep-alive'} 
 body=None 
 </msg>
<msg time="2024-05-02T13:14:48.059261" level="INFO">GET Response : url=https://randomuser.me/api 
 status=200, reason=OK 
 headers={'Date': 'Thu, 02 May 2024 13:14:48 GMT', 'Content-Type': 'application/json; charset=utf-8', 'Transfer-Encoding': 'chunked', 'Connection': 'keep-alive', 'X-Powered-By': 'Express', 'Access-Control-Allow-Origin': '*', 'Cache-Control': 'no-cache', 'ETag': 'W/"488-gEeGalwXxabbWlhh+WO/Hl/5+4U"', 'Vary': 'Accept-Encoding', 'Content-Encoding': 'gzip', 'CF-Cache-Status': 'DYNAMIC', 'Report-To': '{"endpoints":[{"url":"https:\\/\\/a.nel.cloudflare.com\\/report\\/v4?s=3F1eAeyc14FhyFkuUkXdFvU8Idzhq8CCW%2BACPERZVk0v5sSbdDYA92gL5Zx4tG6GQI1gcns0INN5JTYLaK27wfp7r6E%2B%2BFW%2BE%2BTy05Vj0xIU0ZdSacZODGoECJAcrwUt"}],"group":"cf-nel","max_age":604800}', 'NEL': '{"success_fraction":0,"report_to":"cf-nel","max_age":604800}', 'Server': 'cloudflare', 'CF-RAY': '87d846c1caba43f9-EWR', 'alt-svc': 'h3=":443"; ma=86400'} 
 body={"results":[{"gender":"female","name":{"title":"Ms","first":"Katie","last":"Williams"},"location":{"street":{"number":3152,"name":"Grove Road"},"city":"Lower Hutt","state":"Waikato","country":"New Zealand","postcode":54641,"coordinates":{"latitude":"54.0091","longitude":"161.0199"},"timezone":{"offset":"-8:00","description":"Pacific Time (US &amp; Canada)"}},"email":"katie.williams@example.com","login":{"uuid":"8ef2556d-7298-44a9-b4bc-935315cc2bbc","username":"smallmeercat322","password":"private1","salt":"jMIrPL0q","md5":"f308fbcd82069fdbb2719b161d64a3e5","sha1":"f14303bbcdecbce8ebdf00e7ebc3a9db16d63d93","sha256":"f87a84cb85e08ae3079e4a9e65f33a5bddb034efe9300f1db561421ce1594b3c"},"dob":{"date":"1964-11-07T09:33:36.951Z","age":59},"registered":{"date":"2006-10-02T22:29:35.795Z","age":17},"phone":"(377)-177-7599","cell":"(067)-796-2075","id":{"name":"","value":null},"picture":{"large":"https://randomuser.me/api/portraits/women/6.jpg","medium":"https://randomuser.me/api/portraits/med/women/6.jpg","thumbnail":"https://randomuser.me/api/portraits/thumb/women/6.jpg"},"nat":"NZ"}],"info":{"seed":"a1a0e56303042439","results":1,"page":1,"version":"1.4"}} 
 </msg>
<msg time="2024-05-02T13:14:48.059341" level="INFO">/opt/hostedtoolcache/Python/3.12.3/x64/lib/python3.12/site-packages/urllib3/connectionpool.py:1103: InsecureRequestWarning: Unverified HTTPS request is being made to host 'randomuser.me'. Adding certificate verification is strongly advised. See: https://urllib3.readthedocs.io/en/latest/advanced-usage.html#tls-warnings
  warnings.warn(</msg>
<msg time="2024-05-02T13:14:48.059459" level="INFO">${response} = &lt;Response [200]&gt;</msg>
<var>${response}</var>
<arg>consultarAPI</arg>
<arg>/api</arg>
<doc>Sends a GET request on a previously created HTTP Session.</doc>
<status status="PASS" start="2024-05-02T13:14:47.963120" elapsed="0.096372"/>
</kw>
<kw name="Set Variable" owner="BuiltIn">
<msg time="2024-05-02T13:14:48.060622" level="INFO">${json_data} = {'results': [{'gender': 'female', 'name': {'title': 'Ms', 'first': 'Katie', 'last': 'Williams'}, 'location': {'street': {'number': 3152, 'name': 'Grove Road'}, 'city': 'Lower Hutt', 'state': 'Waikato'...</msg>
<var>${json_data}</var>
<arg>${response.json()}</arg>
<doc>Returns the given values which can then be assigned to a variables.</doc>
<status status="PASS" start="2024-05-02T13:14:48.060078" elapsed="0.000572"/>
</kw>
<kw name="Set Variable" owner="BuiltIn">
<msg time="2024-05-02T13:14:48.061355" level="INFO">${name_title} = Ms</msg>
<var>${name_title}</var>
<arg>${json_data["results"][0]["name"]["title"]}</arg>
<doc>Returns the given values which can then be assigned to a variables.</doc>
<status status="PASS" start="2024-05-02T13:14:48.060955" elapsed="0.000425"/>
</kw>
<kw name="Create List" owner="BuiltIn">
<msg time="2024-05-02T13:14:48.061827" level="INFO">${allowed_titles} = ['Mr', 'Ms', 'Miss', 'Mrs', 'Madame', 'Monsieur']</msg>
<var>${allowed_titles}</var>
<arg>Mr</arg>
<arg>Ms</arg>
<arg>Miss</arg>
<arg>Mrs</arg>
<arg>Madame</arg>
<arg>Monsieur</arg>
<doc>Returns a list containing given items.</doc>
<status status="PASS" start="2024-05-02T13:14:48.061679" elapsed="0.000172"/>
</kw>
<kw name="List Should Contain Value" owner="Collections">
<msg time="2024-05-02T13:14:48.062331" level="INFO">False</msg>
<arg>${allowed_titles}</arg>
<arg>${name_title}</arg>
<doc>Fails if the ``value`` is not found from ``list``.</doc>
<status status="PASS" start="2024-05-02T13:14:48.062156" elapsed="0.000212"/>
</kw>
<kw name="Set Variable" owner="BuiltIn">
<msg time="2024-05-02T13:14:48.063041" level="INFO">${name_country} = NZ</msg>
<var>${name_country}</var>
<arg>${json_data["results"][0]["nat"]}</arg>
<doc>Returns the given values which can then be assigned to a variables.</doc>
<status status="PASS" start="2024-05-02T13:14:48.062656" elapsed="0.000409"/>
</kw>
<kw name="Create List" owner="BuiltIn">
<msg time="2024-05-02T13:14:48.063984" level="INFO">${list_country} = ['AD', 'AE', 'AF', 'AG', 'AI', 'AL', 'AM', 'AO', 'AQ', 'AR', 'AS', 'AT', 'AU', 'AW', 'AX', 'AZ', 'BA', 'BB', 'BD', 'BE', 'BF', 'BG', 'BH', 'BI', 'BJ', 'BL', 'BM', 'BN', 'BO', 'BQ', 'BR', 'BS', 'BT', '...</msg>
<var>${list_country}</var>
<arg>AD</arg>
<arg>AE</arg>
<arg>AF</arg>
<arg>AG</arg>
<arg>AI</arg>
<arg>AL</arg>
<arg>AM</arg>
<arg>AO</arg>
<arg>AQ</arg>
<arg>AR</arg>
<arg>AS</arg>
<arg>AT</arg>
<arg>AU</arg>
<arg>AW</arg>
<arg>AX</arg>
<arg>AZ</arg>
<arg>BA</arg>
<arg>BB</arg>
<arg>BD</arg>
<arg>BE</arg>
<arg>BF</arg>
<arg>BG</arg>
<arg>BH</arg>
<arg>BI</arg>
<arg>BJ</arg>
<arg>BL</arg>
<arg>BM</arg>
<arg>BN</arg>
<arg>BO</arg>
<arg>BQ</arg>
<arg>BR</arg>
<arg>BS</arg>
<arg>BT</arg>
<arg>BV</arg>
<arg>BW</arg>
<arg>BY</arg>
<arg>BZ</arg>
<arg>CA</arg>
<arg>CC</arg>
<arg>CD</arg>
<arg>CF</arg>
<arg>CG</arg>
<arg>CH</arg>
<arg>CI</arg>
<arg>CK</arg>
<arg>CL</arg>
<arg>CM</arg>
<arg>CN</arg>
<arg>CO</arg>
<arg>CR</arg>
<arg>CU</arg>
<arg>CV</arg>
<arg>CW</arg>
<arg>CX</arg>
<arg>CY</arg>
<arg>CZ</arg>
<arg>DE</arg>
<arg>DJ</arg>
<arg>DK</arg>
<arg>DM</arg>
<arg>DO</arg>
<arg>DZ</arg>
<arg>EC</arg>
<arg>EE</arg>
<arg>EG</arg>
<arg>EH</arg>
<arg>ER</arg>
<arg>ES</arg>
<arg>ET</arg>
<arg>FI</arg>
<arg>FJ</arg>
<arg>FK</arg>
<arg>FM</arg>
<arg>FO</arg>
<arg>FR</arg>
<arg>GA</arg>
<arg>GB</arg>
<arg>GD</arg>
<arg>GE</arg>
<arg>GF</arg>
<arg>GG</arg>
<arg>GH</arg>
<arg>GI</arg>
<arg>GL</arg>
<arg>GM</arg>
<arg>GN</arg>
<arg>GP</arg>
<arg>GQ</arg>
<arg>GR</arg>
<arg>GS</arg>
<arg>GT</arg>
<arg>GU</arg>
<arg>GW</arg>
<arg>GY</arg>
<arg>HK</arg>
<arg>HM</arg>
<arg>HN</arg>
<arg>HR</arg>
<arg>HT</arg>
<arg>HU</arg>
<arg>ID</arg>
<arg>IE</arg>
<arg>IL</arg>
<arg>IM</arg>
<arg>IN</arg>
<arg>IO</arg>
<arg>IQ</arg>
<arg>IR</arg>
<arg>IS</arg>
<arg>IT</arg>
<arg>JE</arg>
<arg>JM</arg>
<arg>JO</arg>
<arg>JP</arg>
<arg>KE</arg>
<arg>KG</arg>
<arg>KH</arg>
<arg>KI</arg>
<arg>KM</arg>
<arg>KN</arg>
<arg>KP</arg>
<arg>KR</arg>
<arg>KW</arg>
<arg>KY</arg>
<arg>KZ</arg>
<arg>LA</arg>
<arg>LB</arg>
<arg>LC</arg>
<arg>LI</arg>
<arg>LK</arg>
<arg>LR</arg>
<arg>LS</arg>
<arg>LT</arg>
<arg>LU</arg>
<arg>LV</arg>
<arg>LY</arg>
<arg>MA</arg>
<arg>MC</arg>
<arg>MD</arg>
<arg>ME</arg>
<arg>MF</arg>
<arg>MG</arg>
<arg>MH</arg>
<arg>MK</arg>
<arg>ML</arg>
<arg>MM</arg>
<arg>MN</arg>
<arg>MO</arg>
<arg>MP</arg>
<arg>MQ</arg>
<arg>MR</arg>
<arg>MS</arg>
<arg>MT</arg>
<arg>MU</arg>
<arg>MV</arg>
<arg>MW</arg>
<arg>MX</arg>
<arg>MY</arg>
<arg>MZ</arg>
<arg>NA</arg>
<arg>NC</arg>
<arg>NE</arg>
<arg>NF</arg>
<arg>NG</arg>
<arg>NI</arg>
<arg>NL</arg>
<arg>NO</arg>
<arg>NP</arg>
<arg>NR</arg>
<arg>NU</arg>
<arg>NZ</arg>
<arg>OM</arg>
<arg>PA</arg>
<arg>PE</arg>
<arg>PF</arg>
<arg>PG</arg>
<arg>PH</arg>
<arg>PK</arg>
<arg>PL</arg>
<arg>PM</arg>
<arg>PN</arg>
<arg>PR</arg>
<arg>PS</arg>
<arg>PT</arg>
<arg>PW</arg>
<arg>PY</arg>
<arg>QA</arg>
<arg>RE</arg>
<arg>RO</arg>
<arg>RS</arg>
<arg>RU</arg>
<arg>RW</arg>
<arg>SA</arg>
<arg>SB</arg>
<arg>SC</arg>
<arg>SD</arg>
<arg>SE</arg>
<arg>SG</arg>
<arg>SH</arg>
<arg>SI</arg>
<arg>SJ</arg>
<arg>SK</arg>
<arg>SL</arg>
<arg>SM</arg>
<arg>SN</arg>
<arg>SO</arg>
<arg>SR</arg>
<arg>SS</arg>
<arg>ST</arg>
<arg>SV</arg>
<arg>SX</arg>
<arg>SY</arg>
<arg>SZ</arg>
<arg>TC</arg>
<arg>TD</arg>
<arg>TF</arg>
<arg>TG</arg>
<arg>TH</arg>
<arg>TJ</arg>
<arg>TK</arg>
<arg>TL</arg>
<arg>TM</arg>
<arg>TN</arg>
<arg>TO</arg>
<arg>TR</arg>
<arg>TT</arg>
<arg>TV</arg>
<arg>TW</arg>
<arg>TZ</arg>
<arg>UA</arg>
<arg>UG</arg>
<arg>UM</arg>
<arg>US</arg>
<arg>UY</arg>
<arg>UZ</arg>
<arg>VA</arg>
<arg>VC</arg>
<arg>VE</arg>
<arg>VG</arg>
<arg>VI</arg>
<arg>VN</arg>
<arg>VU</arg>
<arg>WF</arg>
<arg>WS</arg>
<arg>XK</arg>
<arg>YE</arg>
<arg>YT</arg>
<arg>ZA</arg>
<arg>ZM</arg>
<arg>ZW</arg>
<doc>Returns a list containing given items.</doc>
<status status="PASS" start="2024-05-02T13:14:48.063363" elapsed="0.000647"/>
</kw>
<kw name="List Should Contain Value" owner="Collections">
<msg time="2024-05-02T13:14:48.065005" level="INFO">False</msg>
<arg>${list_country}</arg>
<arg>${name_country}</arg>
<doc>Fails if the ``value`` is not found from ``list``.</doc>
<status status="PASS" start="2024-05-02T13:14:48.064801" elapsed="0.000240"/>
</kw>
<kw name="Run Keyword If" owner="BuiltIn">
<kw name="Should Be True" owner="BuiltIn">
<arg>${True}</arg>
<doc>Fails if the given condition is not true.</doc>
<status status="PASS" start="2024-05-02T13:14:48.066142" elapsed="0.000258"/>
</kw>
<arg>${json_data["results"][0]["location"]["coordinates"]["latitude"]} &gt;= -90 and ${json_data["results"][0]["location"]["coordinates"]["latitude"]} &lt;= 90</arg>
<arg>Should Be True</arg>
<arg>${True}</arg>
<doc>Runs the given keyword with the given arguments, if ``condition`` is true.</doc>
<status status="PASS" start="2024-05-02T13:14:48.065357" elapsed="0.001175"/>
</kw>
<kw name="Run Keyword If" owner="BuiltIn">
<kw name="Should Be True" owner="BuiltIn">
<arg>${True}</arg>
<doc>Fails if the given condition is not true.</doc>
<status status="PASS" start="2024-05-02T13:14:48.067442" elapsed="0.000134"/>
</kw>
<arg>${json_data["results"][0]["location"]["coordinates"]["longitude"]} &gt;= -180 and ${json_data["results"][0]["location"]["coordinates"]["longitude"]} &lt;= 180</arg>
<arg>Should Be True</arg>
<arg>${True}</arg>
<doc>Runs the given keyword with the given arguments, if ``condition`` is true.</doc>
<status status="PASS" start="2024-05-02T13:14:48.066715" elapsed="0.001030"/>
</kw>
<status status="PASS" start="2024-05-02T13:14:47.962738" elapsed="0.105138"/>
</kw>
<doc>Testa o conteúdo específico dos campos retornados pela API.</doc>
<tag>testeConteudo</tag>
<status status="PASS" start="2024-05-02T13:14:47.962068" elapsed="0.105960"/>
</test>
<status status="PASS" start="2024-05-02T13:14:45.654633" elapsed="2.415337"/>
</suite>
<status status="PASS" start="2024-05-02T13:14:45.641144" elapsed="2.433937"/>
</suite>
<statistics>
<total>
<stat pass="5" fail="0" skip="0">All Tests</stat>
</total>
<tag>
<stat pass="1" fail="0" skip="0">testeConteudo</stat>
<stat pass="1" fail="0" skip="0">testeEstruturaResposta</stat>
<stat pass="1" fail="0" skip="0">testeRequisicaoBasica</stat>
<stat pass="1" fail="0" skip="0">testeTiposDados</stat>
</tag>
<suite>
<stat pass="5" fail="0" skip="0" id="s1" name="Tests">Tests</stat>
<stat pass="5" fail="0" skip="0" id="s1-s1" name="Random-User-Test">Tests.Random-User-Test</stat>
</suite>
</statistics>
<errors>
</errors>
</robot>
